core   0: 0x00001000 (0x00000297) auipc   t0, 0x0
core   0: 3 0x00001000 (0x00000297) x 5 0x00001000
core   0: 0x00001004 (0x02028593) addi    a1, t0, 32
core   0: 3 0x00001004 (0x02028593) x11 0x00001020
core   0: 0x00001008 (0xf1402573) csrr    a0, mhartid
core   0: 3 0x00001008 (0xf1402573) x10 0x00000000
core   0: 0x0000100c (0x0182a283) lw      t0, 24(t0)
core   0: 3 0x0000100c (0x0182a283) x 5 0x80000000 mem 0x00001018
core   0: 0x00001010 (0x00028067) jr      t0
core   0: 3 0x00001010 (0x00028067)
core   0: 0x80000000 (0xf14022f3) csrr    t0, mhartid
core   0: 3 0x80000000 (0xf14022f3) x 5 0x00000000
core   0: 0x80000004 (0x00004301) c.li    t1, 0
core   0: 3 0x80000004 (0x4301) x 6 0x00000000
core   0: 0x80000006 (0x00628263) beq     t0, t1, pc + 4
core   0: 3 0x80000006 (0x00628263)
core   0: 0x8000000a (0x00000897) auipc   a7, 0x0
core   0: 3 0x8000000a (0x00000897) x17 0x8000000a
core   0: 0x8000000e (0x00c88893) addi    a7, a7, 12
core   0: 3 0x8000000e (0x00c88893) x17 0x80000016
core   0: 0x80000012 (0x00088067) jr      a7
core   0: 3 0x80000012 (0x00088067)
core   0: 0x80000016 (0x40001937) lui     s2, 0x40001
core   0: 3 0x80000016 (0x40001937) x18 0x40001000
core   0: 0x8000001a (0x10490913) addi    s2, s2, 260
core   0: 3 0x8000001a (0x10490913) x18 0x40001104
core   0: 0x8000001e (0x30191073) csrw    misa, s2
core   0: 3 0x8000001e (0x30191073) c769_misa 0x40141104
core   0: 0x80000022 (0x0002a797) auipc   a5, 0x2a
core   0: 3 0x80000022 (0x0002a797) x15 0x8002a022
core   0: 0x80000026 (0xcc278793) addi    a5, a5, -830
core   0: 3 0x80000026 (0xcc278793) x15 0x80029ce4
core   0: 0x8000002a (0x00010917) auipc   s2, 0x10
core   0: 3 0x8000002a (0x00010917) x18 0x8001002a
core   0: 0x8000002e (0x93690913) addi    s2, s2, -1738
core   0: 3 0x8000002e (0x93690913) x18 0x8000f960
core   0: 0x80000032 (0x00196913) ori     s2, s2, 1
core   0: 3 0x80000032 (0x00196913) x18 0x8000f961
core   0: 0x80000036 (0x30591073) csrw    mtvec, s2
core   0: 3 0x80000036 (0x30591073) c773_mtvec 0x8000f961
core   0: 0x8000003a (0x00000917) auipc   s2, 0x0
core   0: 3 0x8000003a (0x00000917) x18 0x8000003a
core   0: 0x8000003e (0x02490913) addi    s2, s2, 36
core   0: 3 0x8000003e (0x02490913) x18 0x8000005e
core   0: 0x80000042 (0x34191073) csrw    mepc, s2
core   0: 3 0x80000042 (0x34191073) c833_mepc 0x8000005e
core   0: 0x80000046 (0x00000001) c.nop
core   0: 3 0x80000046 (0x0001)
core   0: 0x80000048 (0x00002937) lui     s2, 0x2
core   0: 3 0x80000048 (0x00002937) x18 0x00002000
core   0: 0x8000004c (0x80090913) addi    s2, s2, -2048
core   0: 3 0x8000004c (0x80090913) x18 0x00001800
core   0: 0x80000050 (0x30091073) csrw    mstatus, s2
core   0: 3 0x80000050 (0x30091073) c768_mstatus 0x00001800
core   0: 0x80000054 (0x00004901) c.li    s2, 0
core   0: 3 0x80000054 (0x4901) x18 0x00000000
core   0: 0x80000056 (0x30491073) csrw    mie, s2
core   0: 3 0x80000056 (0x30491073) c772_mie 0x00000000
core   0: 0x8000005a (0x30200073) mret
core   0: 3 0x8000005a (0x30200073) c768_mstatus 0x00000080
core   0: >>>>  init
core   0: 0x8000005e (0xf7b76037) lui     zero, 0xf7b76
core   0: 3 0x8000005e (0xf7b76037)
core   0: 0x80000062 (0xb6f00013) li      zero, -1169
core   0: 3 0x80000062 (0xb6f00013)
core   0: 0x80000066 (0x00004099) c.li    ra, 6
core   0: 3 0x80000066 (0x4099) x 1 0x00000006
core   0: 0x80000068 (0x80000137) lui     sp, 0x80000
core   0: 3 0x80000068 (0x80000137) x 2 0x80000000
core   0: 0x8000006c (0xf8ff71b7) lui     gp, 0xf8ff7
core   0: 3 0x8000006c (0xf8ff71b7) x 3 0xf8ff7000
core   0: 0x80000070 (0x13118193) addi    gp, gp, 305
core   0: 3 0x80000070 (0x13118193) x 3 0xf8ff7131
core   0: 0x80000074 (0x00004215) c.li    tp, 5
core   0: 3 0x80000074 (0x4215) x 4 0x00000005
core   0: 0x80000076 (0x00004299) c.li    t0, 6
core   0: 3 0x80000076 (0x4299) x 5 0x00000006
core   0: 0x80000078 (0xe32bd337) lui     t1, 0xe32bd
core   0: 3 0x80000078 (0xe32bd337) x 6 0xe32bd000
core   0: 0x8000007c (0x6d630313) addi    t1, t1, 1750
core   0: 3 0x8000007c (0x6d630313) x 6 0xe32bd6d6
core   0: 0x80000080 (0x00004381) c.li    t2, 0
core   0: 3 0x80000080 (0x4381) x 7 0x00000000
core   0: 0x80000082 (0xf3c8c437) lui     s0, 0xf3c8c
core   0: 3 0x80000082 (0xf3c8c437) x 8 0xf3c8c000
core   0: 0x80000086 (0x7a740413) addi    s0, s0, 1959
core   0: 3 0x80000086 (0x7a740413) x 8 0xf3c8c7a7
core   0: 0x8000008a (0x800004b7) lui     s1, 0x80000
core   0: 3 0x8000008a (0x800004b7) x 9 0x80000000
core   0: 0x8000008e (0xeefe6537) lui     a0, 0xeefe6
core   0: 3 0x8000008e (0xeefe6537) x10 0xeefe6000
core   0: 0x80000092 (0x8ed50513) addi    a0, a0, -1811
core   0: 3 0x80000092 (0x8ed50513) x10 0xeefe58ed
core   0: 0x80000096 (0xf7f5f5b7) lui     a1, 0xf7f5f
core   0: 3 0x80000096 (0xf7f5f5b7) x11 0xf7f5f000
core   0: 0x8000009a (0xa2f58593) addi    a1, a1, -1489
core   0: 3 0x8000009a (0xa2f58593) x11 0xf7f5ea2f
core   0: 0x8000009e (0x00004601) c.li    a2, 0
core   0: 3 0x8000009e (0x4601) x12 0x00000000
core   0: 0x800000a0 (0x00004681) c.li    a3, 0
core   0: 3 0x800000a0 (0x4681) x13 0x00000000
core   0: 0x800000a2 (0x00004701) c.li    a4, 0
core   0: 3 0x800000a2 (0x4701) x14 0x00000000
core   0: 0x800000a4 (0xfa2d4837) lui     a6, 0xfa2d4
core   0: 3 0x800000a4 (0xfa2d4837) x16 0xfa2d4000
core   0: 0x800000a8 (0x8d480813) addi    a6, a6, -1836
core   0: 3 0x800000a8 (0x8d480813) x16 0xfa2d38d4
core   0: 0x800000ac (0x00004881) c.li    a7, 0
core   0: 3 0x800000ac (0x4881) x17 0x00000000
core   0: 0x800000ae (0xf44ef937) lui     s2, 0xf44ef
core   0: 3 0x800000ae (0xf44ef937) x18 0xf44ef000
core   0: 0x800000b2 (0xec890913) addi    s2, s2, -312
core   0: 3 0x800000b2 (0xec890913) x18 0xf44eeec8
core   0: 0x800000b6 (0x0f7d59b7) lui     s3, 0xf7d5
core   0: 3 0x800000b6 (0x0f7d59b7) x19 0x0f7d5000
core   0: 0x800000ba (0x51e98993) addi    s3, s3, 1310
core   0: 3 0x800000ba (0x51e98993) x19 0x0f7d551e
core   0: 0x800000be (0xf413ba37) lui     s4, 0xf413b
core   0: 3 0x800000be (0xf413ba37) x20 0xf413b000
core   0: 0x800000c2 (0x8c8a0a13) addi    s4, s4, -1848
core   0: 3 0x800000c2 (0x8c8a0a13) x20 0xf413a8c8
core   0: 0x800000c6 (0x00004b01) c.li    s6, 0
core   0: 3 0x800000c6 (0x4b01) x22 0x00000000
core   0: 0x800000c8 (0x80000bb7) lui     s7, 0x80000
core   0: 3 0x800000c8 (0x80000bb7) x23 0x80000000
core   0: 0x800000cc (0xdc7ecc37) lui     s8, 0xdc7ec
core   0: 3 0x800000cc (0xdc7ecc37) x24 0xdc7ec000
core   0: 0x800000d0 (0x2c8c0c13) addi    s8, s8, 712
core   0: 3 0x800000d0 (0x2c8c0c13) x24 0xdc7ec2c8
core   0: 0x800000d4 (0x00004c81) c.li    s9, 0
core   0: 3 0x800000d4 (0x4c81) x25 0x00000000
core   0: 0x800000d6 (0xfcd24d37) lui     s10, 0xfcd24
core   0: 3 0x800000d6 (0xfcd24d37) x26 0xfcd24000
core   0: 0x800000da (0x759d0d13) addi    s10, s10, 1881
core   0: 3 0x800000da (0x759d0d13) x26 0xfcd24759
core   0: 0x800000de (0x00004dbd) c.li    s11, 15
core   0: 3 0x800000de (0x4dbd) x27 0x0000000f
core   0: 0x800000e0 (0x00004e01) c.li    t3, 0
core   0: 3 0x800000e0 (0x4e01) x28 0x00000000
core   0: 0x800000e2 (0x00004e81) c.li    t4, 0
core   0: 3 0x800000e2 (0x4e81) x29 0x00000000
core   0: 0x800000e4 (0x1d938f37) lui     t5, 0x1d938
core   0: 3 0x800000e4 (0x1d938f37) x30 0x1d938000
core   0: 0x800000e8 (0xb4bf0f13) addi    t5, t5, -1205
core   0: 3 0x800000e8 (0xb4bf0f13) x30 0x1d937b4b
core   0: 0x800000ec (0x00004f81) c.li    t6, 0
core   0: 3 0x800000ec (0x4f81) x31 0x00000000
core   0: 0x800000ee (0x00026a97) auipc   s5, 0x26
core   0: 3 0x800000ee (0x00026a97) x21 0x800260ee
core   0: 0x800000f2 (0xd76a8a93) addi    s5, s5, -650
core   0: 3 0x800000f2 (0xd76a8a93) x21 0x80025e64
core   0: 0x800000f6 (0x00600def) jal     s11, pc + 0x6
core   0: 3 0x800000f6 (0x00600def) x27 0x800000fa
core   0: 0x800000fc (0x00002099) c.jal   pc + 70
core   0: 3 0x800000fc (0x2099) x 1 0x800000fe
core   0: 0x80000142 (0xfc9ff36f) jal     t1, pc - 0x38
core   0: 3 0x80000142 (0xfc9ff36f) x 6 0x80000146
core   0: 0x8000010a (0x004000ef) jal     pc + 0x4
core   0: 3 0x8000010a (0x004000ef) x 1 0x8000010e
core   0: 0x8000010e (0x0000282d) c.jal   pc + 58
core   0: 3 0x8000010e (0x282d) x 1 0x80000110
core   0: 0x80000148 (0x0000b7fd) c.j     pc - 18
core   0: 3 0x80000148 (0xb7fd)
core   0: 0x80000136 (0xfc5ff0ef) jal     pc - 0x3c
core   0: 3 0x80000136 (0xfc5ff0ef) x 1 0x8000013a
core   0: 0x800000fa (0x0000a815) c.j     pc + 52
core   0: 3 0x800000fa (0xa815)
core   0: 0x8000012e (0x0000bfdd) c.j     pc - 10
core   0: 3 0x8000012e (0xbfdd)
core   0: 0x80000124 (0x0160046f) jal     s0, pc + 0x16
core   0: 3 0x80000124 (0x0160046f) x 8 0x80000128
core   0: 0x8000013a (0xfe5ff36f) jal     t1, pc - 0x1c
core   0: 3 0x8000013a (0xfe5ff36f) x 6 0x8000013e
core   0: 0x8000011e (0x00003ff5) c.jal   pc - 4
core   0: 3 0x8000011e (0x3ff5) x 1 0x80000120
core   0: 0x8000011a (0x00002009) c.jal   pc + 2
core   0: 3 0x8000011a (0x2009) x 1 0x8000011c
core   0: 0x8000011c (0x0000a811) c.j     pc + 20
core   0: 3 0x8000011c (0xa811)
core   0: 0x80000130 (0x0000b7f9) c.j     pc - 50
core   0: 3 0x80000130 (0xb7f9)
core   0: 0x800000fe (0x02a0036f) jal     t1, pc + 0x2a
core   0: 3 0x800000fe (0x02a0036f) x 6 0x80000102
core   0: 0x80000128 (0x0000a821) c.j     pc + 24
core   0: 3 0x80000128 (0xa821)
core   0: 0x80000140 (0x000037ed) c.jal   pc - 22
core   0: 3 0x80000140 (0x37ed) x 1 0x80000142
core   0: 0x8000012a (0x000037dd) c.jal   pc - 26
core   0: 3 0x8000012a (0x37dd) x 1 0x8000012c
core   0: 0x80000110 (0x00002831) c.jal   pc + 28
core   0: 3 0x80000110 (0x2831) x 1 0x80000112
core   0: 0x8000012c (0x0000bfd9) c.j     pc - 42
core   0: 3 0x8000012c (0xbfd9)
core   0: 0x80000102 (0x004000ef) jal     pc + 0x4
core   0: 3 0x80000102 (0x004000ef) x 1 0x80000106
core   0: 0x80000106 (0x01a000ef) jal     pc + 0x1a
core   0: 3 0x80000106 (0x01a000ef) x 1 0x8000010a
core   0: 0x80000120 (0x0000201d) c.jal   pc + 38
core   0: 3 0x80000120 (0x201d) x 1 0x80000122
core   0: 0x80000146 (0x00003fe5) c.jal   pc - 8
core   0: 3 0x80000146 (0x3fe5) x 1 0x80000148
core   0: 0x8000013e (0x00003fd1) c.jal   pc - 44
core   0: 3 0x8000013e (0x3fd1) x 1 0x80000140
core   0: 0x80000112 (0x0220036f) jal     t1, pc + 0x22
core   0: 3 0x80000112 (0x0220036f) x 6 0x80000116
core   0: 0x80000134 (0x0000bffd) c.j     pc - 2
core   0: 3 0x80000134 (0xbffd)
core   0: 0x80000132 (0x000037d5) c.jal   pc - 28
core   0: 3 0x80000132 (0x37d5) x 1 0x80000134
core   0: 0x80000116 (0x00c000ef) jal     pc + 0xc
core   0: 3 0x80000116 (0x00c000ef) x 1 0x8000011a
core   0: 0x80000122 (0x0000a025) c.j     pc + 40
core   0: 3 0x80000122 (0xa025)
core   0: 0x8000014a (0x64ffe397) auipc   t2, 0x64ffe
core   0: 3 0x8000014a (0x64ffe397) x 7 0xe4ffe14a
core   0: 0x8000014e (0x00016b17) auipc   s6, 0x16
core   0: 3 0x8000014e (0x00016b17) x22 0x8001614e
core   0: 0x80000152 (0x885b0b13) addi    s6, s6, -1915
core   0: 3 0x80000152 (0x885b0b13) x22 0x800159d3
core   0: 0x80000156 (0x00017217) auipc   tp, 0x17
core   0: 3 0x80000156 (0x00017217) x 4 0x80017156
core   0: 0x8000015a (0xc3120213) addi    tp, tp, -975
core   0: 3 0x8000015a (0xc3120213) x 4 0x80016d87
core   0: 0x8000015e (0xe84b13a3) sh      tp, -377(s6)
core   0: 3 0x8000015e (0xe84b13a3) mem 0x8001585a 0x6d87
core   0: 0x80000162 (0xf5320723) sb      s3, -178(tp)
core   0: 3 0x80000162 (0xf5320723) mem 0x80016cd5 0x1e
core   0: 0x80000166 (0x01fb5003) lhu     zero, 31(s6)
core   0: 3 0x80000166 (0x01fb5003) mem 0x800159f2
core   0: 0x8000016a (0x00020b97) auipc   s7, 0x20
core   0: 3 0x8000016a (0x00020b97) x23 0x8002016a
core   0: 0x8000016e (0xdfbb8b93) addi    s7, s7, -517
core   0: 3 0x8000016e (0xdfbb8b93) x23 0x8001ff65
core   0: 0x80000172 (0xfe4b8923) sb      tp, -14(s7)
core   0: 3 0x80000172 (0xfe4b8923) mem 0x8001ff57 0x87
core   0: 0x80000176 (0x9f6b4c03) lbu     s8, -1546(s6)
core   0: 3 0x80000176 (0x9f6b4c03) x24 0x00000039 mem 0x800153c9
core   0: 0x8000017a (0x0bf24403) lbu     s0, 191(tp)
core   0: 3 0x8000017a (0x0bf24403) x 8 0x00000078 mem 0x80016e46
core   0: 0x8000017e (0xffbb8403) lb      s0, -5(s7)
core   0: 3 0x8000017e (0xffbb8403) x 8 0xffffff96 mem 0x8001ff60
core   0: 0x80000182 (0x02720023) sb      t2, 32(tp)
core   0: 3 0x80000182 (0x02720023) mem 0x80016da7 0x4a
core   0: 0x80000186 (0xffcbcc03) lbu     s8, -4(s7)
core   0: 3 0x80000186 (0xffcbcc03) x24 0x000000eb mem 0x8001ff61
core   0: 0x8000018a (0xffdb9fa3) sh      t4, -1(s7)
core   0: 3 0x8000018a (0xffdb9fa3) mem 0x8001ff64 0x0000
core   0: 0x8000018e (0x5fdb5a03) lhu     s4, 1533(s6)
core   0: 3 0x8000018e (0x5fdb5a03) x20 0x0000be0a mem 0x80015fd0
core   0: 0x80000192 (0x01ab96a3) sh      s10, 13(s7)
core   0: 3 0x80000192 (0x01ab96a3) mem 0x8001ff72 0x4759
core   0: 0x80000196 (0xff6b8c03) lb      s8, -10(s7)
core   0: 3 0x80000196 (0xff6b8c03) x24 0x00000015 mem 0x8001ff5b
core   0: 0x8000019a (0x0eb20703) lb      a4, 235(tp)
core   0: 3 0x8000019a (0x0eb20703) x14 0xffffff90 mem 0x80016e72
core   0: 0x8000019e (0x0d320323) sb      s3, 198(tp)
core   0: 3 0x8000019e (0x0d320323) mem 0x80016e4d 0x1e
core   0: 0x800001a2 (0x066b0723) sb      t1, 110(s6)
core   0: 3 0x800001a2 (0x066b0723) mem 0x80015a41 0x16
core   0: 0x800001a6 (0xfe3b8ea3) sb      gp, -3(s7)
core   0: 3 0x800001a6 (0xfe3b8ea3) mem 0x8001ff62 0x31
core   0: 0x800001aa (0x03624603) lbu     a2, 54(tp)
core   0: 3 0x800001aa (0x03624603) x12 0x0000006e mem 0x80016dbd
core   0: 0x800001ae (0x055b5383) lhu     t2, 85(s6)
core   0: 3 0x800001ae (0x055b5383) x 7 0x0000bac0 mem 0x80015a28
core   0: 0x800001b2 (0xffcbc603) lbu     a2, -4(s7)
core   0: 3 0x800001b2 (0xffcbc603) x12 0x000000eb mem 0x8001ff61
core   0: 0x800001b6 (0x01b20d23) sb      s11, 26(tp)
core   0: 3 0x800001b6 (0x01b20d23) mem 0x80016da1 0xfa
core   0: 0x800001ba (0x469b1a03) lh      s4, 1129(s6)
core   0: 3 0x800001ba (0x469b1a03) x20 0xffffef7d mem 0x80015e3c
core   0: 0x800001be (0xff8b8fa3) sb      s8, -1(s7)
core   0: 3 0x800001be (0xff8b8fa3) mem 0x8001ff64 0x15
core   0: 0x800001c2 (0xfebb8c23) sb      a1, -8(s7)
core   0: 3 0x800001c2 (0xfebb8c23) mem 0x8001ff5d 0x2f
core   0: 0x800001c6 (0x0001a117) auipc   sp, 0x1a
core   0: 3 0x800001c6 (0x0001a117) x 2 0x8001a1c6
core   0: 0x800001ca (0xaa410113) addi    sp, sp, -1372
core   0: 3 0x800001ca (0xaa410113) x 2 0x80019c6a
core   0: 0x800001ce (0x0320b933) mulhu   s2, ra, s2
core   0: 3 0x800001ce (0x0320b933) x18 0x7a277871
core   0: 0x800001d2 (0x05c15c83) lhu     s9, 92(sp)
core   0: 3 0x800001d2 (0x05c15c83) x25 0x0000ec78 mem 0x80019cc6
core   0: 0x800001d6 (0xf8c11083) lh      ra, -116(sp)
core   0: 3 0x800001d6 (0xf8c11083) x 1 0x00002d56 mem 0x80019bf6
core   0: 0x800001da (0x0a611903) lh      s2, 166(sp)
core   0: 3 0x800001da (0x0a611903) x18 0xffffe7bc mem 0x80019d10
core   0: 0x800001de (0x09a15903) lhu     s2, 154(sp)
core   0: 3 0x800001de (0x09a15903) x18 0x00006177 mem 0x80019d04
core   0: 0x800001e2 (0x0e015f83) lhu     t6, 224(sp)
core   0: 3 0x800001e2 (0x0e015f83) x31 0x0000bc8d mem 0x80019d4a
core   0: 0x800001e6 (0x009ce933) or      s2, s9, s1
core   0: 3 0x800001e6 (0x009ce933) x18 0x8000ec78
core   0: 0x800001ea (0x1f75c593) xori    a1, a1, 503
core   0: 3 0x800001ea (0x1f75c593) x11 0xf7f5ebd8
core   0: 0x800001ee (0x0ff0000f) fence   iorw,iorw
core   0: 3 0x800001ee (0x0ff0000f)
core   0: 0x800001f2 (0x0eb100a3) sb      a1, 225(sp)
core   0: 3 0x800001f2 (0x0eb100a3) mem 0x80019d4b 0xd8
core   0: 0x800001f6 (0x5db45097) auipc   ra, 0x5db45
core   0: 3 0x800001f6 (0x5db45097) x 1 0xddb451f6
core   0: 0x800001fa (0x00000001) c.nop
core   0: 3 0x800001fa (0x0001)
core   0: 0x800001fc (0xf32107a3) sb      s2, -209(sp)
core   0: 3 0x800001fc (0xf32107a3) mem 0x80019b99 0x78
core   0: 0x80000200 (0x419f80b3) sub     ra, t6, s9
core   0: 3 0x80000200 (0x419f80b3) x 1 0xffffd015
core   0: 0x80000204 (0xf3314c83) lbu     s9, -205(sp)
core   0: 3 0x80000204 (0xf3314c83) x25 0x0000000b mem 0x80019b9d
core   0: 0x80000208 (0x04310083) lb      ra, 67(sp)
core   0: 3 0x80000208 (0x04310083) x 1 0xffffffae mem 0x80019cad
core   0: 0x8000020c (0x00000001) c.nop
core   0: 3 0x8000020c (0x0001)
core   0: 0x8000020e (0x0f410083) lb      ra, 244(sp)
core   0: 3 0x8000020e (0x0f410083) x 1 0x0000006c mem 0x80019d5e
core   0: 0x80000212 (0xf5510083) lb      ra, -171(sp)
core   0: 3 0x80000212 (0xf5510083) x 1 0x0000003f mem 0x80019bbf
core   0: 0x80000216 (0x00bfa933) slt     s2, t6, a1
core   0: 3 0x80000216 (0x00bfa933) x18 0x00000000
core   0: 0x8000021a (0xfba14583) lbu     a1, -70(sp)
core   0: 3 0x8000021a (0xfba14583) x11 0x00000087 mem 0x80019c24
core   0: 0x8000021e (0xfb514083) lbu     ra, -75(sp)
core   0: 3 0x8000021e (0xfb514083) x 1 0x000000f2 mem 0x80019c1f
core   0: 0x80000222 (0xf5c14583) lbu     a1, -164(sp)
core   0: 3 0x80000222 (0xf5c14583) x11 0x00000043 mem 0x80019bc6
core   0: 0x80000226 (0xf5114083) lbu     ra, -175(sp)
core   0: 3 0x80000226 (0xf5114083) x 1 0x000000f4 mem 0x80019bbb
core   0: 0x8000022a (0x2dc08913) addi    s2, ra, 732
core   0: 3 0x8000022a (0x2dc08913) x18 0x000003d0
core   0: 0x8000022e (0xf8914f83) lbu     t6, -119(sp)
core   0: 3 0x8000022e (0xf8914f83) x31 0x00000018 mem 0x80019bf3
core   0: 0x80000232 (0xffa15c83) lhu     s9, -6(sp)
core   0: 3 0x80000232 (0xffa15c83) x25 0x0000c947 mem 0x80019c64
core   0: 0x80000236 (0x53694593) xori    a1, s2, 1334
core   0: 3 0x80000236 (0x53694593) x11 0x000006e6
core   0: 0x8000023a (0x0394afb3) mulhsu  t6, s1, s9
core   0: 3 0x8000023a (0x0394afb3) x31 0xffff9b5c
core   0: 0x8000023e (0x00791c93) slli    s9, s2, 7
core   0: 3 0x8000023e (0x00791c93) x25 0x0001e800
core   0: 0x80000242 (0x3a19e0b7) lui     ra, 0x3a19e
core   0: 3 0x80000242 (0x3a19e0b7) x 1 0x3a19e000
core   0: 0x80000246 (0x01b10c83) lb      s9, 27(sp)
core   0: 3 0x80000246 (0x01b10c83) x25 0x00000035 mem 0x80019c85
core   0: 0x8000024a (0x00914903) lbu     s2, 9(sp)
core   0: 3 0x8000024a (0x00914903) x18 0x0000000a mem 0x80019c73
core   0: 0x8000024e (0x00b0c5b3) xor     a1, ra, a1
core   0: 3 0x8000024e (0x00b0c5b3) x11 0x3a19e6e6
core   0: 0x80000252 (0x00000911) c.addi  s2, 4
core   0: 3 0x80000252 (0x0911) x18 0x0000000e
core   0: 0x80000254 (0x00214f83) lbu     t6, 2(sp)
core   0: 3 0x80000254 (0x00214f83) x31 0x00000051 mem 0x80019c6c
core   0: 0x80000258 (0xf2615903) lhu     s2, -218(sp)
core   0: 3 0x80000258 (0xf2615903) x18 0x000008d5 mem 0x80019b90
core   0: 0x8000025c (0x0ff0000f) fence   iorw,iorw
core   0: 3 0x8000025c (0x0ff0000f)
core   0: 0x80000260 (0x41f950b3) sra     ra, s2, t6
core   0: 3 0x80000260 (0x41f950b3) x 1 0x00000000
core   0: 0x80000264 (0xf2110aa3) sb      ra, -203(sp)
core   0: 3 0x80000264 (0xf2110aa3) mem 0x80019b9f 0x0
core   0: 0x80000268 (0x41990cb3) sub     s9, s2, s9
core   0: 3 0x80000268 (0x41990cb3) x25 0x000008a0
core   0: 0x8000026c (0xfd314903) lbu     s2, -45(sp)
core   0: 3 0x8000026c (0xfd314903) x18 0x000000fe mem 0x80019c3d
core   0: 0x80000270 (0xf7e12083) lw      ra, -130(sp)
core   0: 3 0x80000270 (0xf7e12083) x 1 0xe9ef6d06 mem 0x80019be8
core   0: 0x80000274 (0xf8b10ba3) sb      a1, -105(sp)
core   0: 3 0x80000274 (0xf8b10ba3) mem 0x80019c01 0xe6
core   0: 0x80000278 (0x02510483) lb      s1, 37(sp)
core   0: 3 0x80000278 (0x02510483) x 9 0xffffff97 mem 0x80019c8f
core   0: 0x8000027c (0x06815f83) lhu     t6, 104(sp)
core   0: 3 0x8000027c (0x06815f83) x31 0x00008034 mem 0x80019cd2
core   0: 0x80000280 (0x0001e497) auipc   s1, 0x1e
core   0: 3 0x80000280 (0x0001e497) x 9 0x8001e280
core   0: 0x80000284 (0x09248493) addi    s1, s1, 146
core   0: 3 0x80000284 (0x09248493) x 9 0x8001e312
core   0: 0x80000288 (0x017c5c13) srli    s8, s8, 23
core   0: 3 0x80000288 (0x017c5c13) x24 0x00000000
core   0: 0x8000028c (0xfe749e23) sh      t2, -4(s1)
core   0: 3 0x8000028c (0xfe749e23) mem 0x8001e30e 0xbac0
core   0: 0x80000290 (0x00000001) c.nop
core   0: 3 0x80000290 (0x0001)
core   0: 0x80000292 (0x02bc2b33) mulhsu  s6, s8, a1
core   0: 3 0x80000292 (0x02bc2b33) x22 0x00000000
core   0: 0x80000296 (0xfe74cb03) lbu     s6, -25(s1)
core   0: 3 0x80000296 (0xfe74cb03) x22 0x000000e2 mem 0x8001e2f9
core   0: 0x8000029a (0xfcc49b03) lh      s6, -52(s1)
core   0: 3 0x8000029a (0xfcc49b03) x22 0x00002819 mem 0x8001e2de
core   0: 0x8000029e (0x01698c33) add     s8, s3, s6
core   0: 3 0x8000029e (0x01698c33) x24 0x0f7d7d37
core   0: 0x800002a2 (0xfe748223) sb      t2, -28(s1)
core   0: 3 0x800002a2 (0xfe748223) mem 0x8001e2f6 0xc0
core   0: 0x800002a6 (0x02b48ea3) sb      a1, 61(s1)
core   0: 3 0x800002a6 (0x02b48ea3) mem 0x8001e34f 0xe6
core   0: 0x800002aa (0x329b6593) ori     a1, s6, 809
core   0: 3 0x800002aa (0x329b6593) x11 0x00002b39
core   0: 0x800002ae (0x013c7733) and     a4, s8, s3
core   0: 3 0x800002ae (0x013c7733) x14 0x0f7d5516
core   0: 0x800002b2 (0xff74cc03) lbu     s8, -9(s1)
core   0: 3 0x800002b2 (0xff74cc03) x24 0x000000a2 mem 0x8001e309
core   0: 0x800002b6 (0x4043d713) srai    a4, t2, 4
core   0: 3 0x800002b6 (0x4043d713) x14 0x00000bac
core   0: 0x800002ba (0x00e48523) sb      a4, 10(s1)
core   0: 3 0x800002ba (0x00e48523) mem 0x8001e31c 0xac
core   0: 0x800002be (0x2129ec13) ori     s8, s3, 530
core   0: 3 0x800002be (0x2129ec13) x24 0x0f7d571e
core   0: 0x800002c2 (0xfc948c03) lb      s8, -55(s1)
core   0: 3 0x800002c2 (0xfc948c03) x24 0x0000006b mem 0x8001e2db
core   0: 0x800002c6 (0x00e4d583) lhu     a1, 14(s1)
core   0: 3 0x800002c6 (0x00e4d583) x11 0x0000972a mem 0x8001e320
core   0: 0x800002ca (0xfd448b03) lb      s6, -44(s1)
core   0: 3 0x800002ca (0xfd448b03) x22 0x00000001 mem 0x8001e2e6
core   0: 0x800002ce (0x0ff0000f) fence   iorw,iorw
core   0: 3 0x800002ce (0x0ff0000f)
core   0: 0x800002d2 (0xfce4cc03) lbu     s8, -50(s1)
core   0: 3 0x800002d2 (0xfce4cc03) x24 0x000000ca mem 0x8001e2e0
core   0: 0x800002d6 (0xb6fc3b13) sltiu   s6, s8, -1169
core   0: 3 0x800002d6 (0xb6fc3b13) x22 0x00000001
core   0: 0x800002da (0x02bb23b3) mulhsu  t2, s6, a1
core   0: 3 0x800002da (0x02bb23b3) x 7 0x00000000
core   0: 0x800002de (0x0335a5b3) mulhsu  a1, a1, s3
core   0: 3 0x800002de (0x0335a5b3) x11 0x00000925
core   0: 0x800002e2 (0x033486a3) sb      s3, 45(s1)
core   0: 3 0x800002e2 (0x033486a3) mem 0x8001e33f 0x1e
core   0: 0x800002e6 (0x00000756) c.slli  a4, 21
core   0: 3 0x800002e6 (0x0756) x14 0x75800000
core   0: 0x800002e8 (0x02c4dc03) lhu     s8, 44(s1)
core   0: 3 0x800002e8 (0x02c4dc03) x24 0x00001edc mem 0x8001e33e
core   0: 0x800002ec (0xfd64d983) lhu     s3, -42(s1)
core   0: 3 0x800002ec (0xfd64d983) x19 0x0000f01f mem 0x8001e2e8
core   0: 0x800002f0 (0x0000871d) c.srai  a4, 7
core   0: 3 0x800002f0 (0x871d) x14 0x00eb0000
core   0: 0x800002f2 (0xfe548b03) lb      s6, -27(s1)
core   0: 3 0x800002f2 (0xfe548b03) x22 0x00000069 mem 0x8001e2f7
core   0: 0x800002f6 (0xfd849823) sh      s8, -48(s1)
core   0: 3 0x800002f6 (0xfd849823) mem 0x8001e2e2 0x1edc
core   0: 0x800002fa (0xfd6488a3) sb      s6, -47(s1)
core   0: 3 0x800002fa (0xfd6488a3) mem 0x8001e2e3 0x69
core   0: 0x800002fe (0x02148583) lb      a1, 33(s1)
core   0: 3 0x800002fe (0x02148583) x11 0xffffffc2 mem 0x8001e333
core   0: 0x80000302 (0xf7d733b7) lui     t2, 0xf7d73
core   0: 3 0x80000302 (0xf7d733b7) x 7 0xf7d73000
core   0: 0x80000306 (0xfd748583) lb      a1, -41(s1)
core   0: 3 0x80000306 (0xfd748583) x11 0xfffffff0 mem 0x8001e2e9
core   0: 0x8000030a (0x03d4cc03) lbu     s8, 61(s1)
core   0: 3 0x8000030a (0x03d4cc03) x24 0x000000e6 mem 0x8001e34f
core   0: 0x8000030e (0xfd8486a3) sb      s8, -51(s1)
core   0: 3 0x8000030e (0xfd8486a3) mem 0x8001e2df 0xe6
core   0: 0x80000312 (0x00006c69) c.lui   s8, 0x1a
core   0: 3 0x80000312 (0x6c69) x24 0x0001a000
core   0: 0x80000314 (0x01049c03) lh      s8, 16(s1)
core   0: 3 0x80000314 (0x01049c03) x24 0xffffe0e1 mem 0x8001e322
core   0: 0x80000318 (0x01a4d983) lhu     s3, 26(s1)
core   0: 3 0x80000318 (0x01a4d983) x19 0x0000c002 mem 0x8001e32c
core   0: 0x8000031c (0x00008df9) c.and   a1, a4
core   0: 3 0x8000031c (0x8df9) x11 0x00eb0000
core   0: 0x8000031e (0xff848983) lb      s3, -8(s1)
core   0: 3 0x8000031e (0xff848983) x19 0x0000001a mem 0x8001e30a
core   0: 0x80000322 (0x00e4ac03) lw      s8, 14(s1)
core   0: 3 0x80000322 (0x00e4ac03) x24 0xe0e1972a mem 0x8001e320
core   0: 0x80000326 (0x1b35fb13) andi    s6, a1, 435
core   0: 3 0x80000326 (0x1b35fb13) x22 0x00000000
core   0: 0x8000032a (0xfc348983) lb      s3, -61(s1)
core   0: 3 0x8000032a (0xfc348983) x19 0xffffffc6 mem 0x8001e2d5
core   0: 0x8000032e (0xfc548983) lb      s3, -59(s1)
core   0: 3 0x8000032e (0xfc548983) x19 0x0000004c mem 0x8001e2d7
core   0: 0x80000332 (0x94776993) ori     s3, a4, -1721
core   0: 3 0x80000332 (0x94776993) x19 0xfffff947
core   0: 0x80000336 (0xfc84cc03) lbu     s8, -56(s1)
core   0: 3 0x80000336 (0xfc84cc03) x24 0x000000a8 mem 0x8001e2da
core   0: 0x8000033a (0xfda4d703) lhu     a4, -38(s1)
core   0: 3 0x8000033a (0xfda4d703) x14 0x0000a6f0 mem 0x8001e2ec
core   0: 0x8000033e (0x013c6733) or      a4, s8, s3
core   0: 3 0x8000033e (0x013c6733) x14 0xfffff9ef
core   0: 0x80000342 (0xfd04c703) lbu     a4, -48(s1)
core   0: 3 0x80000342 (0xfd04c703) x14 0x000000dc mem 0x8001e2e2
core   0: 0x80000346 (0x02200def) jal     s11, pc + 0x22
core   0: 3 0x80000346 (0x02200def) x27 0x8000034a
core   0: 0x80000368 (0x0000bff5) c.j     pc - 4
core   0: 3 0x80000368 (0xbff5)
core   0: 0x80000364 (0xfffff3ef) jal     t2, pc - 0x2
core   0: 3 0x80000364 (0xfffff3ef) x 7 0x80000368
core   0: 0x80000362 (0x00003fd5) c.jal   pc - 12
core   0: 3 0x80000362 (0x3fd5) x 1 0x80000364
core   0: 0x80000356 (0x00002819) c.jal   pc + 22
core   0: 3 0x80000356 (0x2819) x 1 0x80000358
core   0: 0x8000036c (0x0000b7c5) c.j     pc - 32
core   0: 3 0x8000036c (0xb7c5)
core   0: 0x8000034c (0xfffff0ef) jal     pc - 0x2
core   0: 3 0x8000034c (0xfffff0ef) x 1 0x80000350
core   0: 0x8000034a (0x00002809) c.jal   pc + 18
core   0: 3 0x8000034a (0x2809) x 1 0x8000034c
core   0: 0x8000035c (0x00003fd5) c.jal   pc - 12
core   0: 3 0x8000035c (0x3fd5) x 1 0x8000035e
core   0: 0x80000350 (0x01e000ef) jal     pc + 0x1e
core   0: 3 0x80000350 (0x01e000ef) x 1 0x80000354
core   0: 0x8000036e (0x00003ff5) c.jal   pc - 4
core   0: 3 0x8000036e (0x3ff5) x 1 0x80000370
core   0: 0x8000036a (0x000037fd) c.jal   pc - 18
core   0: 3 0x8000036a (0x37fd) x 1 0x8000036c
core   0: 0x80000358 (0x00003ff5) c.jal   pc - 4
core   0: 3 0x80000358 (0x3ff5) x 1 0x8000035a
core   0: 0x80000354 (0x00002019) c.jal   pc + 6
core   0: 3 0x80000354 (0x2019) x 1 0x80000356
core   0: 0x8000035a (0x0000a011) c.j     pc + 4
core   0: 3 0x8000035a (0xa011)
core   0: 0x8000035e (0x00002009) c.jal   pc + 2
core   0: 3 0x8000035e (0x2009) x 1 0x80000360
core   0: 0x80000360 (0x00002801) c.jal   pc + 16
core   0: 3 0x80000360 (0x2801) x 1 0x80000362
core   0: 0x80000370 (0xd01d3b93) sltiu   s7, s10, -767
core   0: 3 0x80000370 (0xd01d3b93) x23 0x00000001
core   0: 0x80000374 (0x00010c17) auipc   s8, 0x10
core   0: 3 0x80000374 (0x00010c17) x24 0x80010374
core   0: 0x80000378 (0x2e3c0c13) addi    s8, s8, 739
core   0: 3 0x80000378 (0x2e3c0c13) x24 0x80010657
core   0: 0x8000037c (0x40a9db13) srai    s6, s3, 10
core   0: 3 0x8000037c (0x40a9db13) x22 0xfffffffe
core   0: 0x80000380 (0x0000100f) fence.i
core   0: 3 0x80000380 (0x0000100f)
core   0: 0x80000384 (0xeb498c93) addi    s9, s3, -332
core   0: 3 0x80000384 (0xeb498c93) x25 0xfffff7fb
core   0: 0x80000388 (0x00008e41) c.or    a2, s0
core   0: 3 0x80000388 (0x8e41) x12 0xffffffff
core   0: 0x8000038a (0x009c0983) lb      s3, 9(s8)
core   0: 3 0x8000038a (0x009c0983) x19 0xffffff91 mem 0x80010660
core   0: 0x8000038e (0x005c2c83) lw      s9, 5(s8)
core   0: 3 0x8000038e (0x005c2c83) x25 0x58375629 mem 0x8001065c
core   0: 0x80000392 (0x019b2bb3) slt     s7, s6, s9
core   0: 3 0x80000392 (0x019b2bb3) x23 0x00000001
core   0: 0x80000396 (0x00008c31) c.xor   s0, a2
core   0: 3 0x80000396 (0x8c31) x 8 0x00000069
core   0: 0x80000398 (0xffbc4403) lbu     s0, -5(s8)
core   0: 3 0x80000398 (0xffbc4403) x 8 0x00000000 mem 0x80010652
core   0: 0x8000039c (0xff6c4b03) lbu     s6, -10(s8)
core   0: 3 0x8000039c (0xff6c4b03) x22 0x00000052 mem 0x8001064d
core   0: 0x800003a0 (0x01946b33) or      s6, s0, s9
core   0: 3 0x800003a0 (0x01946b33) x22 0x58375629
core   0: 0x800003a4 (0x03661433) mulh    s0, a2, s6
core   0: 3 0x800003a4 (0x03661433) x 8 0xffffffff
core   0: 0x800003a8 (0x00000bc5) c.addi  s7, 17
core   0: 3 0x800003a8 (0x0bc5) x23 0x00000012
core   0: 0x800003aa (0x01663b33) sltu    s6, a2, s6
core   0: 3 0x800003aa (0x01663b33) x22 0x00000000
core   0: 0x800003ae (0x001c0c83) lb      s9, 1(s8)
core   0: 3 0x800003ae (0x001c0c83) x25 0xffffffc8 mem 0x80010658
core   0: 0x800003b2 (0x017c02a3) sb      s7, 5(s8)
core   0: 3 0x800003b2 (0x017c02a3) mem 0x8001065c 0x12
core   0: 0x800003b6 (0x013c0023) sb      s3, 0(s8)
core   0: 3 0x800003b6 (0x013c0023) mem 0x80010657 0x91
core   0: 0x800003ba (0x40c60cb3) sub     s9, a2, a2
core   0: 3 0x800003ba (0x40c60cb3) x25 0x00000000
core   0: 0x800003be (0x0000100f) fence.i
core   0: 3 0x800003be (0x0000100f)
core   0: 0x800003c2 (0x028419b3) mulh    s3, s0, s0
core   0: 3 0x800003c2 (0x028419b3) x19 0x00000000
core   0: 0x800003c6 (0x000099ce) c.add   s3, s3
core   0: 3 0x800003c6 (0x99ce) x19 0x00000000
core   0: 0x800003c8 (0x0000100f) fence.i
core   0: 3 0x800003c8 (0x0000100f)
core   0: 0x800003cc (0x00fc0403) lb      s0, 15(s8)
core   0: 3 0x800003cc (0x00fc0403) x 8 0x0000000e mem 0x80010666
core   0: 0x800003d0 (0x417cdbb3) sra     s7, s9, s7
core   0: 3 0x800003d0 (0x417cdbb3) x23 0x00000000
core   0: 0x800003d4 (0x039b2b33) mulhsu  s6, s6, s9
core   0: 3 0x800003d4 (0x039b2b33) x22 0x00000000
core   0: 0x800003d8 (0x033cd633) divu    a2, s9, s3
core   0: 3 0x800003d8 (0x033cd633) x12 0xffffffff
core   0: 0x800003dc (0xff3c0fa3) sb      s3, -1(s8)
core   0: 3 0x800003dc (0xff3c0fa3) mem 0x80010656 0x0
core   0: 0x800003e0 (0x417b0b33) sub     s6, s6, s7
core   0: 3 0x800003e0 (0x417b0b33) x22 0x00000000
core   0: 0x800003e4 (0x00008249) c.srli  a2, 18
core   0: 3 0x800003e4 (0x8249) x12 0x00003fff
core   0: 0x800003e6 (0x016c9633) sll     a2, s9, s6
core   0: 3 0x800003e6 (0x016c9633) x12 0x00000000
core   0: 0x800003ea (0x00008be6) c.mv    s7, s9
core   0: 3 0x800003ea (0x8be6) x23 0x00000000
core   0: 0x800003ec (0x68263b93) sltiu   s7, a2, 1666
core   0: 3 0x800003ec (0x68263b93) x23 0x00000001
core   0: 0x800003f0 (0x87b51cb7) lui     s9, 0x87b51
core   0: 3 0x800003f0 (0x87b51cb7) x25 0x87b51000
core   0: 0x800003f4 (0x008c0b83) lb      s7, 8(s8)
core   0: 3 0x800003f4 (0x008c0b83) x23 0x00000058 mem 0x8001065f
core   0: 0x800003f8 (0x000099e6) c.add   s3, s9
core   0: 3 0x800003f8 (0x99e6) x19 0x87b51000
core   0: 0x800003fa (0x6a99c993) xori    s3, s3, 1705
core   0: 3 0x800003fa (0x6a99c993) x19 0x87b516a9
core   0: 0x800003fe (0x013b4433) xor     s0, s6, s3
core   0: 3 0x800003fe (0x013b4433) x 8 0x87b516a9
core   0: 0x80000402 (0x017b59b3) srl     s3, s6, s7
core   0: 3 0x80000402 (0x017b59b3) x19 0x00000000
core   0: 0x80000406 (0x002c0b03) lb      s6, 2(s8)
core   0: 3 0x80000406 (0x002c0b03) x22 0x0000000d mem 0x80010659
core   0: 0x8000040a (0x00bc0c83) lb      s9, 11(s8)
core   0: 3 0x8000040a (0x00bc0c83) x25 0x00000052 mem 0x80010662
core   0: 0x8000040e (0x00010117) auipc   sp, 0x10
core   0: 3 0x8000040e (0x00010117) x 2 0x8001040e
core   0: 0x80000412 (0x69f10113) addi    sp, sp, 1695
core   0: 3 0x80000412 (0x69f10113) x 2 0x80010aad
core   0: 0x80000416 (0x07410723) sb      s4, 110(sp)
core   0: 3 0x80000416 (0x07410723) mem 0x80010b1b 0x7d
core   0: 0x8000041a (0x06e14a03) lbu     s4, 110(sp)
core   0: 3 0x8000041a (0x06e14a03) x20 0x0000007d mem 0x80010b1b
core   0: 0x8000041e (0x30a14083) lbu     ra, 778(sp)
core   0: 3 0x8000041e (0x30a14083) x 1 0x00000023 mem 0x80010db7
core   0: 0x80000422 (0x30a10703) lb      a4, 778(sp)
core   0: 3 0x80000422 (0x30a10703) x14 0x00000023 mem 0x80010db7
core   0: 0x80000426 (0x31410523) sb      s4, 778(sp)
core   0: 3 0x80000426 (0x31410523) mem 0x80010db7 0x7d
core   0: 0x8000042a (0x31810523) sb      s8, 778(sp)
core   0: 3 0x8000042a (0x31810523) mem 0x80010db7 0x57
core   0: 0x8000042e (0x30a10b03) lb      s6, 778(sp)
core   0: 3 0x8000042e (0x30a10b03) x22 0x00000057 mem 0x80010db7
core   0: 0x80000432 (0xd6414403) lbu     s0, -668(sp)
core   0: 3 0x80000432 (0xd6414403) x 8 0x00000057 mem 0x80010811
core   0: 0x80000436 (0x0ff0000f) fence   iorw,iorw
core   0: 3 0x80000436 (0x0ff0000f)
core   0: 0x8000043a (0xd6410583) lb      a1, -668(sp)
core   0: 3 0x8000043a (0xd6410583) x11 0x00000057 mem 0x80010811
core   0: 0x8000043e (0xd6414c03) lbu     s8, -668(sp)
core   0: 3 0x8000043e (0xd6414c03) x24 0x00000057 mem 0x80010811
core   0: 0x80000442 (0xd6414903) lbu     s2, -668(sp)
core   0: 3 0x80000442 (0xd6414903) x18 0x00000057 mem 0x80010811
core   0: 0x80000446 (0xd6410b03) lb      s6, -668(sp)
core   0: 3 0x80000446 (0xd6410b03) x22 0x00000057 mem 0x80010811
core   0: 0x8000044a (0xd6414d83) lbu     s11, -668(sp)
core   0: 3 0x8000044a (0xd6414d83) x27 0x00000057 mem 0x80010811
core   0: 0x8000044e (0xd6410503) lb      a0, -668(sp)
core   0: 3 0x8000044e (0xd6410503) x10 0x00000057 mem 0x80010811
core   0: 0x80000452 (0xd6210223) sb      sp, -668(sp)
core   0: 3 0x80000452 (0xd6210223) mem 0x80010811 0xad
core   0: 0x80000456 (0xd6410d83) lb      s11, -668(sp)
core   0: 3 0x80000456 (0xd6410d83) x27 0xffffffad mem 0x80010811
core   0: 0x8000045a (0xd6414603) lbu     a2, -668(sp)
core   0: 3 0x8000045a (0xd6414603) x12 0x000000ad mem 0x80010811
core   0: 0x8000045e (0x00d06bb3) or      s7, zero, a3
core   0: 3 0x8000045e (0x00d06bb3) x23 0x00000000
core   0: 0x80000462 (0xd6410683) lb      a3, -668(sp)
core   0: 3 0x80000462 (0xd6410683) x13 0xffffffad mem 0x80010811
core   0: 0x80000466 (0xd6414183) lbu     gp, -668(sp)
core   0: 3 0x80000466 (0xd6414183) x 3 0x000000ad mem 0x80010811
core   0: 0x8000046a (0x00010a17) auipc   s4, 0x10
core   0: 3 0x8000046a (0x00010a17) x20 0x8001046a
core   0: 0x8000046e (0x088a0a13) addi    s4, s4, 136
core   0: 3 0x8000046e (0x088a0a13) x20 0x800104f2
core   0: 0x80000472 (0x0000100f) fence.i
core   0: 3 0x80000472 (0x0000100f)
core   0: 0x80000476 (0x005a4483) lbu     s1, 5(s4)
core   0: 3 0x80000476 (0x005a4483) x 9 0x0000008c mem 0x800104f7
core   0: 0x8000047a (0x010a1483) lh      s1, 16(s4)
core   0: 3 0x8000047a (0x010a1483) x 9 0x00001acd mem 0x80010502
core   0: 0x8000047e (0x007d4bb3) xor     s7, s10, t2
core   0: 3 0x8000047e (0x007d4bb3) x23 0x7cd24431
core   0: 0x80000482 (0xfe9a0ea3) sb      s1, -3(s4)
core   0: 3 0x80000482 (0xfe9a0ea3) mem 0x800104ef 0xcd
core   0: 0x80000486 (0x89f32493) slti    s1, t1, -1889
core   0: 3 0x80000486 (0x89f32493) x 9 0x00000001
core   0: 0x8000048a (0xfe6a0d23) sb      t1, -6(s4)
core   0: 3 0x8000048a (0xfe6a0d23) mem 0x800104ec 0x16
core   0: 0x8000048e (0x01abbd33) sltu    s10, s7, s10
core   0: 3 0x8000048e (0x01abbd33) x26 0x00000001
core   0: 0x80000492 (0x0000077e) c.slli  a4, 31
core   0: 3 0x80000492 (0x077e) x14 0x80000000
core   0: 0x80000494 (0xffba4383) lbu     t2, -5(s4)
core   0: 3 0x80000494 (0xffba4383) x 7 0x00000038 mem 0x800104ed
core   0: 0x80000498 (0xfe7a1a23) sh      t2, -12(s4)
core   0: 3 0x80000498 (0xfe7a1a23) mem 0x800104e6 0x0038
core   0: 0x8000049c (0x00ea4483) lbu     s1, 14(s4)
core   0: 3 0x8000049c (0x00ea4483) x 9 0x0000001a mem 0x80010500
core   0: 0x800004a0 (0x0000100f) fence.i
core   0: 3 0x800004a0 (0x0000100f)
core   0: 0x800004a4 (0xc9ebad13) slti    s10, s7, -866
core   0: 3 0x800004a4 (0xc9ebad13) x26 0x00000000
core   0: 0x800004a8 (0x029d7733) remu    a4, s10, s1
core   0: 3 0x800004a8 (0x029d7733) x14 0x00000000
core   0: 0x800004ac (0x000088bd) c.andi  s1, 15
core   0: 3 0x800004ac (0x88bd) x 9 0x0000000a
core   0: 0x800004ae (0xff9a4d03) lbu     s10, -7(s4)
core   0: 3 0x800004ae (0xff9a4d03) x26 0x000000b9 mem 0x800104eb
core   0: 0x800004b2 (0xff3a0d03) lb      s10, -13(s4)
core   0: 3 0x800004b2 (0xff3a0d03) x26 0xffffffd7 mem 0x800104e5
core   0: 0x800004b6 (0x009334b3) sltu    s1, t1, s1
core   0: 3 0x800004b6 (0x009334b3) x 9 0x00000000
core   0: 0x800004ba (0x017a06a3) sb      s7, 13(s4)
core   0: 3 0x800004ba (0x017a06a3) mem 0x800104ff 0x31
core   0: 0x800004be (0x00aa1483) lh      s1, 10(s4)
core   0: 3 0x800004be (0x00aa1483) x 9 0xffff8894 mem 0x800104fc
core   0: 0x800004c2 (0xc5b3fb93) andi    s7, t2, -933
core   0: 3 0x800004c2 (0xc5b3fb93) x23 0x00000018
core   0: 0x800004c6 (0x1594a493) slti    s1, s1, 345
core   0: 3 0x800004c6 (0x1594a493) x 9 0x00000001
core   0: 0x800004ca (0x003a4d03) lbu     s10, 3(s4)
core   0: 3 0x800004ca (0x003a4d03) x26 0x0000006e mem 0x800104f5
core   0: 0x800004ce (0x00aa0303) lb      t1, 10(s4)
core   0: 3 0x800004ce (0x00aa0303) x 6 0xffffff94 mem 0x800104fc
core   0: 0x800004d2 (0xffba4483) lbu     s1, -5(s4)
core   0: 3 0x800004d2 (0xffba4483) x 9 0x00000038 mem 0x800104ed
core   0: 0x800004d6 (0x00008f59) c.or    a4, a4
core   0: 3 0x800004d6 (0x8f59) x14 0x00000000
core   0: 0x800004d8 (0x00006721) c.lui   a4, 0x8
core   0: 3 0x800004d8 (0x6721) x14 0x00008000
core   0: 0x800004da (0x0273c733) div     a4, t2, t2
core   0: 3 0x800004da (0x0273c733) x14 0x00000001
core   0: 0x800004de (0xff1a0d03) lb      s10, -15(s4)
core   0: 3 0x800004de (0xff1a0d03) x26 0x0000005b mem 0x800104e3
core   0: 0x800004e2 (0xfe7a09a3) sb      t2, -13(s4)
core   0: 3 0x800004e2 (0xfe7a09a3) mem 0x800104e5 0x38
core   0: 0x800004e6 (0x00008361) c.srli  a4, 24
core   0: 3 0x800004e6 (0x8361) x14 0x00000000
core   0: 0x800004e8 (0x00000bc6) c.slli  s7, 17
core   0: 3 0x800004e8 (0x0bc6) x23 0x00300000
core   0: 0x800004ea (0x417483b3) sub     t2, s1, s7
core   0: 3 0x800004ea (0x417483b3) x 7 0xffd00038
core   0: 0x800004ee (0xfe7a0fa3) sb      t2, -1(s4)
core   0: 3 0x800004ee (0xfe7a0fa3) mem 0x800104f1 0x38
core   0: 0x800004f2 (0x0293ad33) mulhsu  s10, t2, s1
core   0: 3 0x800004f2 (0x0293ad33) x26 0xffffffff
core   0: 0x800004f6 (0x009a2323) sw      s1, 6(s4)
core   0: 3 0x800004f6 (0x009a2323) mem 0x800104f8 0x00000038
core   0: 0x800004fa (0xc9ed0493) addi    s1, s10, -866
core   0: 3 0x800004fa (0xc9ed0493) x 9 0xfffffc9d
core   0: 0x800004fe (0xff2a1d03) lh      s10, -14(s4)
core   0: 3 0x800004fe (0xff2a1d03) x26 0x000038a1 mem 0x800104e4
core   0: 0x80000502 (0x002a0483) lb      s1, 2(s4)
core   0: 3 0x80000502 (0x002a0483) x 9 0x0000005d mem 0x800104f4
core   0: 0x80000506 (0x02634bb3) div     s7, t1, t1
core   0: 3 0x80000506 (0x02634bb3) x23 0x00000001
core   0: 0x8000050a (0x017a1723) sh      s7, 14(s4)
core   0: 3 0x8000050a (0x017a1723) mem 0x80010500 0x0001
core   0: 0x8000050e (0x0264c733) div     a4, s1, t1
core   0: 3 0x8000050e (0x0264c733) x14 0x00000000
core   0: 0x80000512 (0xf5ebcd13) xori    s10, s7, -162
core   0: 3 0x80000512 (0xf5ebcd13) x26 0xffffff5f
core   0: 0x80000516 (0x41ad03b3) sub     t2, s10, s10
core   0: 3 0x80000516 (0x41ad03b3) x 7 0x00000000
core   0: 0x8000051a (0x009a1523) sh      s1, 10(s4)
core   0: 3 0x8000051a (0x009a1523) mem 0x800104fc 0x005d
core   0: 0x8000051e (0x02ebf4b3) remu    s1, s7, a4
core   0: 3 0x8000051e (0x02ebf4b3) x 9 0x00000001
core   0: 0x80000522 (0x017a04a3) sb      s7, 9(s4)
core   0: 3 0x80000522 (0x017a04a3) mem 0x800104fb 0x1
core   0: 0x80000526 (0x00010117) auipc   sp, 0x10
core   0: 3 0x80000526 (0x00010117) x 2 0x80010526
core   0: 0x8000052a (0x62410113) addi    sp, sp, 1572
core   0: 3 0x8000052a (0x62410113) x 2 0x80010b4a
core   0: 0x8000052e (0x0a910aa3) sb      s1, 181(sp)
core   0: 3 0x8000052e (0x0a910aa3) mem 0x80010bff 0x1
core   0: 0x80000532 (0x02712723) sw      t2, 46(sp)
core   0: 3 0x80000532 (0x02712723) mem 0x80010b78 0x00000000
core   0: 0x80000536 (0x00008e61) c.and   a2, s0
core   0: 3 0x80000536 (0x8e61) x12 0x00000005
core   0: 0x80000538 (0xf0910703) lb      a4, -247(sp)
core   0: 3 0x80000538 (0xf0910703) x14 0x00000074 mem 0x80010a53
core   0: 0x8000053c (0xf0910003) lb      zero, -247(sp)
core   0: 3 0x8000053c (0xf0910003) mem 0x80010a53
core   0: 0x80000540 (0xff0101a3) sb      a6, -29(sp)
core   0: 3 0x80000540 (0xff0101a3) mem 0x80010b2d 0xd4
core   0: 0x80000544 (0xfe314483) lbu     s1, -29(sp)
core   0: 3 0x80000544 (0xfe314483) x 9 0x000000d4 mem 0x80010b2d
core   0: 0x80000548 (0xfa514d03) lbu     s10, -91(sp)
core   0: 3 0x80000548 (0xfa514d03) x26 0x0000005b mem 0x80010aef
core   0: 0x8000054c (0xfa1102a3) sb      ra, -91(sp)
core   0: 3 0x8000054c (0xfa1102a3) mem 0x80010aef 0x23
core   0: 0x80000550 (0xfa514c03) lbu     s8, -91(sp)
core   0: 3 0x80000550 (0xfa514c03) x24 0x00000023 mem 0x80010aef
core   0: 0x80000554 (0x592b2813) slti    a6, s6, 1426
core   0: 3 0x80000554 (0x592b2813) x16 0x00000001
core   0: 0x80000558 (0xfa514983) lbu     s3, -91(sp)
core   0: 3 0x80000558 (0xfa514983) x19 0x00000023 mem 0x80010aef
core   0: 0x8000055c (0xf0910023) sb      s1, -256(sp)
core   0: 3 0x8000055c (0xf0910023) mem 0x80010a4a 0xd4
core   0: 0x80000560 (0x0fd10fa3) sb      t4, 255(sp)
core   0: 3 0x80000560 (0x0fd10fa3) mem 0x80010c49 0x0
core   0: 0x80000564 (0x0ff10003) lb      zero, 255(sp)
core   0: 3 0x80000564 (0x0ff10003) mem 0x80010c49
core   0: 0x80000568 (0x0ff10683) lb      a3, 255(sp)
core   0: 3 0x80000568 (0x0ff10683) x13 0x00000000 mem 0x80010c49
core   0: 0x8000056c (0x0015ab33) slt     s6, a1, ra
core   0: 3 0x8000056c (0x0015ab33) x22 0x00000000
core   0: 0x80000570 (0x0ff10fa3) sb      t6, 255(sp)
core   0: 3 0x80000570 (0x0ff10fa3) mem 0x80010c49 0x34
core   0: 0x80000574 (0xf3d14b83) lbu     s7, -195(sp)
core   0: 3 0x80000574 (0xf3d14b83) x23 0x00000014 mem 0x80010a87
core   0: 0x80000578 (0xfcb10383) lb      t2, -53(sp)
core   0: 3 0x80000578 (0xfcb10383) x 7 0x00000068 mem 0x80010b15
core   0: 0x8000057c (0xfd6105a3) sb      s6, -53(sp)
core   0: 3 0x8000057c (0xfd6105a3) mem 0x80010b15 0x0
core   0: 0x80000580 (0x00008441) c.srai  s0, 16
core   0: 3 0x80000580 (0x8441) x 8 0x00000000
core   0: 0x80000582 (0xfcb14c03) lbu     s8, -53(sp)
core   0: 3 0x80000582 (0xfcb14c03) x24 0x00000000 mem 0x80010b15
core   0: 0x80000586 (0x0af12123) sw      a5, 162(sp)
core   0: 3 0x80000586 (0x0af12123) mem 0x80010bec 0x80029ce4
core   0: 0x8000058a (0x00a00c93) li      s9, 10
core   0: 3 0x8000058a (0x00a00c93) x25 0x0000000a
core   0: 0x8000058e (0x000016fd) c.addi  a3, -1
core   0: 3 0x8000058e (0x16fd) x13 0xffffffff
core   0: 0x80000590 (0x26ec4913) xori    s2, s8, 622
core   0: 3 0x80000590 (0x26ec4913) x18 0x0000026e
core   0: 0x80000594 (0x018c9233) sll     tp, s9, s8
core   0: 3 0x80000594 (0x018c9233) x 4 0x0000000a
core   0: 0x80000598 (0x03608833) mul     a6, ra, s6
core   0: 3 0x80000598 (0x03608833) x16 0x00000000
core   0: 0x8000059c (0x01f55d93) srli    s11, a0, 31
core   0: 3 0x8000059c (0x01f55d93) x27 0x00000000
core   0: 0x800005a0 (0x01ea3eb3) sltu    t4, s4, t5
core   0: 3 0x800005a0 (0x01ea3eb3) x29 0x00000000
core   0: 0x800005a4 (0x2606db37) lui     s6, 0x2606d
core   0: 3 0x800005a4 (0x2606db37) x22 0x2606d000
core   0: 0x800005a8 (0x00000e0c) c.addi4spn a1, sp, 784
core   0: 3 0x800005a8 (0x0e0c) x11 0x80010e5a
core   0: 0x800005aa (0x01300413) li      s0, 19
core   0: 3 0x800005aa (0x01300413) x 8 0x00000013
core   0: 0x800005ae (0x00008cd9) c.or    s1, a4
core   0: 3 0x800005ae (0x8cd9) x 9 0x000000f4
core   0: 0x800005b0 (0x0000100f) fence.i
core   0: 3 0x800005b0 (0x0000100f)
core   0: 0x800005b4 (0x00000d12) c.slli  s10, 4
core   0: 3 0x800005b4 (0x0d12) x26 0x000005b0
core   0: 0x800005b6 (0x0000100f) fence.i
core   0: 3 0x800005b6 (0x0000100f)
core   0: 0x800005ba (0x035fbeb3) mulhu   t4, t6, s5
core   0: 3 0x800005ba (0x035fbeb3) x29 0x0000401b
core   0: 0x800005be (0x00008de5) c.and   a1, s1
core   0: 3 0x800005be (0x8de5) x11 0x00000050
core   0: 0x800005c0 (0x006bb333) sltu    t1, s7, t1
core   0: 3 0x800005c0 (0x006bb333) x 6 0x00000001
core   0: 0x800005c4 (0x00008f01) c.sub   a4, s0
core   0: 3 0x800005c4 (0x8f01) x14 0x00000061
core   0: 0x800005c6 (0x404bd513) srai    a0, s7, 4
core   0: 3 0x800005c6 (0x404bd513) x10 0x00000001
core   0: 0x800005ca (0x00000c85) c.addi  s9, 1
core   0: 3 0x800005ca (0x0c85) x25 0x0000000b
core   0: 0x800005cc (0x026aaa33) mulhsu  s4, s5, t1
core   0: 3 0x800005cc (0x026aaa33) x20 0xffffffff
core   0: 0x800005d0 (0x01ee82b3) add     t0, t4, t5
core   0: 3 0x800005d0 (0x01ee82b3) x 5 0x1d93bb66
core   0: 0x800005d4 (0x02716bb3) rem     s7, sp, t2
core   0: 3 0x800005d4 (0x02716bb3) x23 0xffffffe2
core   0: 0x800005d8 (0x01f3ae33) slt     t3, t2, t6
core   0: 3 0x800005d8 (0x01f3ae33) x28 0x00000001
core   0: 0x800005dc (0x40d78c33) sub     s8, a5, a3
core   0: 3 0x800005dc (0x40d78c33) x24 0x80029ce5
core   0: 0x800005e0 (0xd3fe3613) sltiu   a2, t3, -705
core   0: 3 0x800005e0 (0xd3fe3613) x12 0x00000001
core   0: 0x800005e4 (0x00fcbeb3) sltu    t4, s9, a5
core   0: 3 0x800005e4 (0x00fcbeb3) x29 0x00000001
core   0: 0x800005e8 (0x008bdb93) srli    s7, s7, 8
core   0: 3 0x800005e8 (0x008bdb93) x23 0x00ffffff
core   0: 0x800005ec (0xfc8cece3) bltu    s9, s0, pc - 40
core   0: 3 0x800005ec (0xfc8cece3)
core   0: 0x800005c4 (0x00008f01) c.sub   a4, s0
core   0: 3 0x800005c4 (0x8f01) x14 0x0000004e
core   0: 0x800005c6 (0x404bd513) srai    a0, s7, 4
core   0: 3 0x800005c6 (0x404bd513) x10 0x000fffff
core   0: 0x800005ca (0x00000c85) c.addi  s9, 1
core   0: 3 0x800005ca (0x0c85) x25 0x0000000c
core   0: 0x800005cc (0x026aaa33) mulhsu  s4, s5, t1
core   0: 3 0x800005cc (0x026aaa33) x20 0xffffffff
core   0: 0x800005d0 (0x01ee82b3) add     t0, t4, t5
core   0: 3 0x800005d0 (0x01ee82b3) x 5 0x1d937b4c
core   0: 0x800005d4 (0x02716bb3) rem     s7, sp, t2
core   0: 3 0x800005d4 (0x02716bb3) x23 0xffffffe2
core   0: 0x800005d8 (0x01f3ae33) slt     t3, t2, t6
core   0: 3 0x800005d8 (0x01f3ae33) x28 0x00000001
core   0: 0x800005dc (0x40d78c33) sub     s8, a5, a3
core   0: 3 0x800005dc (0x40d78c33) x24 0x80029ce5
core   0: 0x800005e0 (0xd3fe3613) sltiu   a2, t3, -705
core   0: 3 0x800005e0 (0xd3fe3613) x12 0x00000001
core   0: 0x800005e4 (0x00fcbeb3) sltu    t4, s9, a5
core   0: 3 0x800005e4 (0x00fcbeb3) x29 0x00000001
core   0: 0x800005e8 (0x008bdb93) srli    s7, s7, 8
core   0: 3 0x800005e8 (0x008bdb93) x23 0x00ffffff
core   0: 0x800005ec (0xfc8cece3) bltu    s9, s0, pc - 40
core   0: 3 0x800005ec (0xfc8cece3)
core   0: 0x800005c4 (0x00008f01) c.sub   a4, s0
core   0: 3 0x800005c4 (0x8f01) x14 0x0000003b
core   0: 0x800005c6 (0x404bd513) srai    a0, s7, 4
core   0: 3 0x800005c6 (0x404bd513) x10 0x000fffff
core   0: 0x800005ca (0x00000c85) c.addi  s9, 1
core   0: 3 0x800005ca (0x0c85) x25 0x0000000d
core   0: 0x800005cc (0x026aaa33) mulhsu  s4, s5, t1
core   0: 3 0x800005cc (0x026aaa33) x20 0xffffffff
core   0: 0x800005d0 (0x01ee82b3) add     t0, t4, t5
core   0: 3 0x800005d0 (0x01ee82b3) x 5 0x1d937b4c
core   0: 0x800005d4 (0x02716bb3) rem     s7, sp, t2
core   0: 3 0x800005d4 (0x02716bb3) x23 0xffffffe2
core   0: 0x800005d8 (0x01f3ae33) slt     t3, t2, t6
core   0: 3 0x800005d8 (0x01f3ae33) x28 0x00000001
core   0: 0x800005dc (0x40d78c33) sub     s8, a5, a3
core   0: 3 0x800005dc (0x40d78c33) x24 0x80029ce5
core   0: 0x800005e0 (0xd3fe3613) sltiu   a2, t3, -705
core   0: 3 0x800005e0 (0xd3fe3613) x12 0x00000001
core   0: 0x800005e4 (0x00fcbeb3) sltu    t4, s9, a5
core   0: 3 0x800005e4 (0x00fcbeb3) x29 0x00000001
core   0: 0x800005e8 (0x008bdb93) srli    s7, s7, 8
core   0: 3 0x800005e8 (0x008bdb93) x23 0x00ffffff
core   0: 0x800005ec (0xfc8cece3) bltu    s9, s0, pc - 40
core   0: 3 0x800005ec (0xfc8cece3)
core   0: 0x800005c4 (0x00008f01) c.sub   a4, s0
core   0: 3 0x800005c4 (0x8f01) x14 0x00000028
core   0: 0x800005c6 (0x404bd513) srai    a0, s7, 4
core   0: 3 0x800005c6 (0x404bd513) x10 0x000fffff
core   0: 0x800005ca (0x00000c85) c.addi  s9, 1
core   0: 3 0x800005ca (0x0c85) x25 0x0000000e
core   0: 0x800005cc (0x026aaa33) mulhsu  s4, s5, t1
core   0: 3 0x800005cc (0x026aaa33) x20 0xffffffff
core   0: 0x800005d0 (0x01ee82b3) add     t0, t4, t5
core   0: 3 0x800005d0 (0x01ee82b3) x 5 0x1d937b4c
core   0: 0x800005d4 (0x02716bb3) rem     s7, sp, t2
core   0: 3 0x800005d4 (0x02716bb3) x23 0xffffffe2
core   0: 0x800005d8 (0x01f3ae33) slt     t3, t2, t6
core   0: 3 0x800005d8 (0x01f3ae33) x28 0x00000001
core   0: 0x800005dc (0x40d78c33) sub     s8, a5, a3
core   0: 3 0x800005dc (0x40d78c33) x24 0x80029ce5
core   0: 0x800005e0 (0xd3fe3613) sltiu   a2, t3, -705
core   0: 3 0x800005e0 (0xd3fe3613) x12 0x00000001
core   0: 0x800005e4 (0x00fcbeb3) sltu    t4, s9, a5
core   0: 3 0x800005e4 (0x00fcbeb3) x29 0x00000001
core   0: 0x800005e8 (0x008bdb93) srli    s7, s7, 8
core   0: 3 0x800005e8 (0x008bdb93) x23 0x00ffffff
core   0: 0x800005ec (0xfc8cece3) bltu    s9, s0, pc - 40
core   0: 3 0x800005ec (0xfc8cece3)
core   0: 0x800005c4 (0x00008f01) c.sub   a4, s0
core   0: 3 0x800005c4 (0x8f01) x14 0x00000015
core   0: 0x800005c6 (0x404bd513) srai    a0, s7, 4
core   0: 3 0x800005c6 (0x404bd513) x10 0x000fffff
core   0: 0x800005ca (0x00000c85) c.addi  s9, 1
core   0: 3 0x800005ca (0x0c85) x25 0x0000000f
core   0: 0x800005cc (0x026aaa33) mulhsu  s4, s5, t1
core   0: 3 0x800005cc (0x026aaa33) x20 0xffffffff
core   0: 0x800005d0 (0x01ee82b3) add     t0, t4, t5
core   0: 3 0x800005d0 (0x01ee82b3) x 5 0x1d937b4c
core   0: 0x800005d4 (0x02716bb3) rem     s7, sp, t2
core   0: 3 0x800005d4 (0x02716bb3) x23 0xffffffe2
core   0: 0x800005d8 (0x01f3ae33) slt     t3, t2, t6
core   0: 3 0x800005d8 (0x01f3ae33) x28 0x00000001
core   0: 0x800005dc (0x40d78c33) sub     s8, a5, a3
core   0: 3 0x800005dc (0x40d78c33) x24 0x80029ce5
core   0: 0x800005e0 (0xd3fe3613) sltiu   a2, t3, -705
core   0: 3 0x800005e0 (0xd3fe3613) x12 0x00000001
core   0: 0x800005e4 (0x00fcbeb3) sltu    t4, s9, a5
core   0: 3 0x800005e4 (0x00fcbeb3) x29 0x00000001
core   0: 0x800005e8 (0x008bdb93) srli    s7, s7, 8
core   0: 3 0x800005e8 (0x008bdb93) x23 0x00ffffff
core   0: 0x800005ec (0xfc8cece3) bltu    s9, s0, pc - 40
core   0: 3 0x800005ec (0xfc8cece3)
core   0: 0x800005c4 (0x00008f01) c.sub   a4, s0
core   0: 3 0x800005c4 (0x8f01) x14 0x00000002
core   0: 0x800005c6 (0x404bd513) srai    a0, s7, 4
core   0: 3 0x800005c6 (0x404bd513) x10 0x000fffff
core   0: 0x800005ca (0x00000c85) c.addi  s9, 1
core   0: 3 0x800005ca (0x0c85) x25 0x00000010
core   0: 0x800005cc (0x026aaa33) mulhsu  s4, s5, t1
core   0: 3 0x800005cc (0x026aaa33) x20 0xffffffff
core   0: 0x800005d0 (0x01ee82b3) add     t0, t4, t5
core   0: 3 0x800005d0 (0x01ee82b3) x 5 0x1d937b4c
core   0: 0x800005d4 (0x02716bb3) rem     s7, sp, t2
core   0: 3 0x800005d4 (0x02716bb3) x23 0xffffffe2
core   0: 0x800005d8 (0x01f3ae33) slt     t3, t2, t6
core   0: 3 0x800005d8 (0x01f3ae33) x28 0x00000001
core   0: 0x800005dc (0x40d78c33) sub     s8, a5, a3
core   0: 3 0x800005dc (0x40d78c33) x24 0x80029ce5
core   0: 0x800005e0 (0xd3fe3613) sltiu   a2, t3, -705
core   0: 3 0x800005e0 (0xd3fe3613) x12 0x00000001
core   0: 0x800005e4 (0x00fcbeb3) sltu    t4, s9, a5
core   0: 3 0x800005e4 (0x00fcbeb3) x29 0x00000001
core   0: 0x800005e8 (0x008bdb93) srli    s7, s7, 8
core   0: 3 0x800005e8 (0x008bdb93) x23 0x00ffffff
core   0: 0x800005ec (0xfc8cece3) bltu    s9, s0, pc - 40
core   0: 3 0x800005ec (0xfc8cece3)
core   0: 0x800005c4 (0x00008f01) c.sub   a4, s0
core   0: 3 0x800005c4 (0x8f01) x14 0xffffffef
core   0: 0x800005c6 (0x404bd513) srai    a0, s7, 4
core   0: 3 0x800005c6 (0x404bd513) x10 0x000fffff
core   0: 0x800005ca (0x00000c85) c.addi  s9, 1
core   0: 3 0x800005ca (0x0c85) x25 0x00000011
core   0: 0x800005cc (0x026aaa33) mulhsu  s4, s5, t1
core   0: 3 0x800005cc (0x026aaa33) x20 0xffffffff
core   0: 0x800005d0 (0x01ee82b3) add     t0, t4, t5
core   0: 3 0x800005d0 (0x01ee82b3) x 5 0x1d937b4c
core   0: 0x800005d4 (0x02716bb3) rem     s7, sp, t2
core   0: 3 0x800005d4 (0x02716bb3) x23 0xffffffe2
core   0: 0x800005d8 (0x01f3ae33) slt     t3, t2, t6
core   0: 3 0x800005d8 (0x01f3ae33) x28 0x00000001
core   0: 0x800005dc (0x40d78c33) sub     s8, a5, a3
core   0: 3 0x800005dc (0x40d78c33) x24 0x80029ce5
core   0: 0x800005e0 (0xd3fe3613) sltiu   a2, t3, -705
core   0: 3 0x800005e0 (0xd3fe3613) x12 0x00000001
core   0: 0x800005e4 (0x00fcbeb3) sltu    t4, s9, a5
core   0: 3 0x800005e4 (0x00fcbeb3) x29 0x00000001
core   0: 0x800005e8 (0x008bdb93) srli    s7, s7, 8
core   0: 3 0x800005e8 (0x008bdb93) x23 0x00ffffff
core   0: 0x800005ec (0xfc8cece3) bltu    s9, s0, pc - 40
core   0: 3 0x800005ec (0xfc8cece3)
core   0: 0x800005c4 (0x00008f01) c.sub   a4, s0
core   0: 3 0x800005c4 (0x8f01) x14 0xffffffdc
core   0: 0x800005c6 (0x404bd513) srai    a0, s7, 4
core   0: 3 0x800005c6 (0x404bd513) x10 0x000fffff
core   0: 0x800005ca (0x00000c85) c.addi  s9, 1
core   0: 3 0x800005ca (0x0c85) x25 0x00000012
core   0: 0x800005cc (0x026aaa33) mulhsu  s4, s5, t1
core   0: 3 0x800005cc (0x026aaa33) x20 0xffffffff
core   0: 0x800005d0 (0x01ee82b3) add     t0, t4, t5
core   0: 3 0x800005d0 (0x01ee82b3) x 5 0x1d937b4c
core   0: 0x800005d4 (0x02716bb3) rem     s7, sp, t2
core   0: 3 0x800005d4 (0x02716bb3) x23 0xffffffe2
core   0: 0x800005d8 (0x01f3ae33) slt     t3, t2, t6
core   0: 3 0x800005d8 (0x01f3ae33) x28 0x00000001
core   0: 0x800005dc (0x40d78c33) sub     s8, a5, a3
core   0: 3 0x800005dc (0x40d78c33) x24 0x80029ce5
core   0: 0x800005e0 (0xd3fe3613) sltiu   a2, t3, -705
core   0: 3 0x800005e0 (0xd3fe3613) x12 0x00000001
core   0: 0x800005e4 (0x00fcbeb3) sltu    t4, s9, a5
core   0: 3 0x800005e4 (0x00fcbeb3) x29 0x00000001
core   0: 0x800005e8 (0x008bdb93) srli    s7, s7, 8
core   0: 3 0x800005e8 (0x008bdb93) x23 0x00ffffff
core   0: 0x800005ec (0xfc8cece3) bltu    s9, s0, pc - 40
core   0: 3 0x800005ec (0xfc8cece3)
core   0: 0x800005c4 (0x00008f01) c.sub   a4, s0
core   0: 3 0x800005c4 (0x8f01) x14 0xffffffc9
core   0: 0x800005c6 (0x404bd513) srai    a0, s7, 4
core   0: 3 0x800005c6 (0x404bd513) x10 0x000fffff
core   0: 0x800005ca (0x00000c85) c.addi  s9, 1
core   0: 3 0x800005ca (0x0c85) x25 0x00000013
core   0: 0x800005cc (0x026aaa33) mulhsu  s4, s5, t1
core   0: 3 0x800005cc (0x026aaa33) x20 0xffffffff
core   0: 0x800005d0 (0x01ee82b3) add     t0, t4, t5
core   0: 3 0x800005d0 (0x01ee82b3) x 5 0x1d937b4c
core   0: 0x800005d4 (0x02716bb3) rem     s7, sp, t2
core   0: 3 0x800005d4 (0x02716bb3) x23 0xffffffe2
core   0: 0x800005d8 (0x01f3ae33) slt     t3, t2, t6
core   0: 3 0x800005d8 (0x01f3ae33) x28 0x00000001
core   0: 0x800005dc (0x40d78c33) sub     s8, a5, a3
core   0: 3 0x800005dc (0x40d78c33) x24 0x80029ce5
core   0: 0x800005e0 (0xd3fe3613) sltiu   a2, t3, -705
core   0: 3 0x800005e0 (0xd3fe3613) x12 0x00000001
core   0: 0x800005e4 (0x00fcbeb3) sltu    t4, s9, a5
core   0: 3 0x800005e4 (0x00fcbeb3) x29 0x00000001
core   0: 0x800005e8 (0x008bdb93) srli    s7, s7, 8
core   0: 3 0x800005e8 (0x008bdb93) x23 0x00ffffff
core   0: 0x800005ec (0xfc8cece3) bltu    s9, s0, pc - 40
core   0: 3 0x800005ec (0xfc8cece3)
core   0: 0x800005f0 (0x037726b3) mulhsu  a3, a4, s7
core   0: 3 0x800005f0 (0x037726b3) x13 0xffffffff
core   0: 0x800005f4 (0x00010f17) auipc   t5, 0x10
core   0: 3 0x800005f4 (0x00010f17) x30 0x800105f4
core   0: 0x800005f8 (0xecbf0f13) addi    t5, t5, -309
core   0: 3 0x800005f8 (0xecbf0f13) x30 0x800104bf
core   0: 0x800005fc (0xe26f0683) lb      a3, -474(t5)
core   0: 3 0x800005fc (0xe26f0683) x13 0x0000004e mem 0x800102e5
core   0: 0x80000600 (0xe24f0323) sb      tp, -474(t5)
core   0: 3 0x80000600 (0xe24f0323) mem 0x800102e5 0xa
core   0: 0x80000604 (0xe26f4303) lbu     t1, -474(t5)
core   0: 3 0x80000604 (0xe26f4303) x 6 0x0000000a mem 0x800102e5
core   0: 0x80000608 (0xe3cf0323) sb      t3, -474(t5)
core   0: 3 0x80000608 (0xe3cf0323) mem 0x800102e5 0x1
core   0: 0x8000060c (0xe26f0983) lb      s3, -474(t5)
core   0: 3 0x8000060c (0xe26f0983) x19 0x00000001 mem 0x800102e5
core   0: 0x80000610 (0xe3af0323) sb      s10, -474(t5)
core   0: 3 0x80000610 (0xe3af0323) mem 0x800102e5 0xb0
core   0: 0x80000614 (0xe3df0323) sb      t4, -474(t5)
core   0: 3 0x80000614 (0xe3df0323) mem 0x800102e5 0x1
core   0: 0x80000618 (0x1a2f4383) lbu     t2, 418(t5)
core   0: 3 0x80000618 (0x1a2f4383) x 7 0x00000003 mem 0x80010661
core   0: 0x8000061c (0x004c13b3) sll     t2, s8, tp
core   0: 3 0x8000061c (0x004c13b3) x 7 0x0a739400
core   0: 0x80000620 (0x14cf0383) lb      t2, 332(t5)
core   0: 3 0x80000620 (0x14cf0383) x 7 0xffffffd0 mem 0x8001060b
core   0: 0x80000624 (0xefef0003) lb      zero, -258(t5)
core   0: 3 0x80000624 (0xefef0003) mem 0x800103bd
core   0: 0x80000628 (0x0381b9b3) mulhu   s3, gp, s8
core   0: 3 0x80000628 (0x0381b9b3) x19 0x00000056
core   0: 0x8000062c (0x193f0403) lb      s0, 403(t5)
core   0: 3 0x8000062c (0x193f0403) x 8 0x00000000 mem 0x80010652
core   0: 0x80000630 (0x2c7f4303) lbu     t1, 711(t5)
core   0: 3 0x80000630 (0x2c7f4303) x 6 0x00000010 mem 0x80010786
core   0: 0x80000634 (0x2daf13a3) sh      s10, 711(t5)
core   0: 3 0x80000634 (0x2daf13a3) mem 0x80010786 0x05b0
core   0: 0x80000638 (0x000005f6) c.slli  a1, 29
core   0: 3 0x80000638 (0x05f6) x11 0x00000000
core   0: 0x8000063a (0xe0cf4703) lbu     a4, -500(t5)
core   0: 3 0x8000063a (0xe0cf4703) x14 0x00000023 mem 0x800102cb
core   0: 0x8000063e (0x60ef4d83) lbu     s11, 1550(t5)
core   0: 3 0x8000063e (0x60ef4d83) x27 0x0000009f mem 0x80010acd
core   0: 0x80000642 (0xd51f2583) lw      a1, -687(t5)
core   0: 3 0x80000642 (0xd51f2583) x11 0x1b3b5d51 mem 0x80010210
core   0: 0x80000646 (0x00000c98) c.addi4spn a4, sp, 592
core   0: 3 0x80000646 (0x0c98) x14 0x80010d9a
core   0: 0x80000648 (0x69d96517) auipc   a0, 0x69d96
core   0: 3 0x80000648 (0x69d96517) x10 0xe9d96648
core   0: 0x8000064c (0xd4cf18a3) sh      a2, -687(t5)
core   0: 3 0x8000064c (0xd4cf18a3) mem 0x80010210 0x0001
core   0: 0x80000650 (0x19ef0703) lb      a4, 414(t5)
core   0: 3 0x80000650 (0x19ef0703) x14 0x00000056 mem 0x8001065d
core   0: 0x80000654 (0x0120aa33) slt     s4, ra, s2
core   0: 3 0x80000654 (0x0120aa33) x20 0x00000001
core   0: 0x80000658 (0x605f0103) lb      sp, 1541(t5)
core   0: 3 0x80000658 (0x605f0103) x 2 0xffffffce mem 0x80010ac4
core   0: 0x8000065c (0x0001b997) auipc   s3, 0x1b
core   0: 3 0x8000065c (0x0001b997) x19 0x8001b65c
core   0: 0x80000660 (0x54598993) addi    s3, s3, 1349
core   0: 3 0x80000660 (0x54598993) x19 0x8001bba1
core   0: 0x80000664 (0x00015817) auipc   a6, 0x15
core   0: 3 0x80000664 (0x00015817) x16 0x80015664
core   0: 0x80000668 (0x70d80813) addi    a6, a6, 1805
core   0: 3 0x80000668 (0x70d80813) x16 0x80015d71
core   0: 0x8000066c (0x0001c917) auipc   s2, 0x1c
core   0: 3 0x8000066c (0x0001c917) x18 0x8001c66c
core   0: 0x80000670 (0x3a190913) addi    s2, s2, 929
core   0: 3 0x80000670 (0x3a190913) x18 0x8001ca0d
core   0: 0x80000674 (0xff79ad03) lw      s10, -9(s3)
core   0: 3 0x80000674 (0xff79ad03) x26 0x8a46bd3a mem 0x8001bb98
core   0: 0x80000678 (0x0001d297) auipc   t0, 0x1d
core   0: 3 0x80000678 (0x0001d297) x 5 0x8001d678
core   0: 0x8000067c (0xfbb28293) addi    t0, t0, -69
core   0: 3 0x8000067c (0xfbb28293) x 5 0x8001d633
core   0: 0x80000680 (0xff880483) lb      s1, -8(a6)
core   0: 3 0x80000680 (0xff880483) x 9 0xffffff96 mem 0x80015d69
core   0: 0x80000684 (0xffb81ea3) sh      s11, -3(a6)
core   0: 3 0x80000684 (0xffb81ea3) mem 0x80015d6e 0x009f
core   0: 0x80000688 (0xff090a03) lb      s4, -16(s2)
core   0: 3 0x80000688 (0xff090a03) x20 0xffffffa3 mem 0x8001c9fd
core   0: 0x8000068c (0x00012c17) auipc   s8, 0x12
core   0: 3 0x8000068c (0x00012c17) x24 0x8001268c
core   0: 0x80000690 (0x42dc0c13) addi    s8, s8, 1069
core   0: 3 0x80000690 (0x42dc0c13) x24 0x80012ab9
core   0: 0x80000694 (0x00e90403) lb      s0, 14(s2)
core   0: 3 0x80000694 (0x00e90403) x 8 0xfffffff5 mem 0x8001ca1b
core   0: 0x80000698 (0xffb28ba3) sb      s11, -9(t0)
core   0: 3 0x80000698 (0xffb28ba3) mem 0x8001d62a 0x9f
core   0: 0x8000069c (0xfee80b23) sb      a4, -10(a6)
core   0: 3 0x8000069c (0xfee80b23) mem 0x80015d67 0x56
core   0: 0x800006a0 (0xffd90f83) lb      t6, -3(s2)
core   0: 3 0x800006a0 (0xffd90f83) x31 0xfffffff3 mem 0x8001ca0a
core   0: 0x800006a4 (0x00a98403) lb      s0, 10(s3)
core   0: 3 0x800006a4 (0x00a98403) x 8 0x00000036 mem 0x8001bbab
core   0: 0x800006a8 (0xff32aca3) sw      s3, -7(t0)
core   0: 3 0x800006a8 (0xff32aca3) mem 0x8001d62c 0x8001bba1
core   0: 0x800006ac (0x04cc0423) sb      a2, 72(s8)
core   0: 3 0x800006ac (0x04cc0423) mem 0x80012b01 0x1
core   0: 0x800006b0 (0xff890923) sb      s8, -14(s2)
core   0: 3 0x800006b0 (0xff890923) mem 0x8001c9ff 0xb9
core   0: 0x800006b4 (0x00980f03) lb      t5, 9(a6)
core   0: 3 0x800006b4 (0x00980f03) x30 0xffffff97 mem 0x80015d7a
core   0: 0x800006b8 (0xfff28d83) lb      s11, -1(t0)
core   0: 3 0x800006b8 (0xfff28d83) x27 0xffffffd1 mem 0x8001d632
core   0: 0x800006bc (0x00e9c103) lbu     sp, 14(s3)
core   0: 3 0x800006bc (0x00e9c103) x 2 0x000000cf mem 0x8001bbaf
core   0: 0x800006c0 (0xffa2cb03) lbu     s6, -6(t0)
core   0: 3 0x800006c0 (0xffa2cb03) x22 0x000000bb mem 0x8001d62d
core   0: 0x800006c4 (0x0ebc4e03) lbu     t3, 235(s8)
core   0: 3 0x800006c4 (0x0ebc4e03) x28 0x000000f5 mem 0x80012ba4
core   0: 0x800006c8 (0xfea818a3) sh      a0, -15(a6)
core   0: 3 0x800006c8 (0xfea818a3) mem 0x80015d62 0x6648
core   0: 0x800006cc (0xfe098ba3) sb      zero, -9(s3)
core   0: 3 0x800006cc (0xfe098ba3) mem 0x8001bb98 0x0
core   0: 0x800006d0 (0xfea98aa3) sb      a0, -11(s3)
core   0: 3 0x800006d0 (0xfea98aa3) mem 0x8001bb96 0x48
core   0: 0x800006d4 (0xf99c1b83) lh      s7, -103(s8)
core   0: 3 0x800006d4 (0xf99c1b83) x23 0x0000708c mem 0x80012a52
core   0: 0x800006d8 (0x01080823) sb      a6, 16(a6)
core   0: 3 0x800006d8 (0x01080823) mem 0x80015d81 0x71
core   0: 0x800006dc (0xff090103) lb      sp, -16(s2)
core   0: 3 0x800006dc (0xff090103) x 2 0xffffffa3 mem 0x8001c9fd
core   0: 0x800006e0 (0xfe328e23) sb      gp, -4(t0)
core   0: 3 0x800006e0 (0xfe328e23) mem 0x8001d62f 0xad
core   0: 0x800006e4 (0x07ec0603) lb      a2, 126(s8)
core   0: 3 0x800006e4 (0x07ec0603) x12 0x0000004b mem 0x80012b37
core   0: 0x800006e8 (0xfee29da3) sh      a4, -5(t0)
core   0: 3 0x800006e8 (0xfee29da3) mem 0x8001d62e 0x0056
core   0: 0x800006ec (0xfe082ba3) sw      zero, -9(a6)
core   0: 3 0x800006ec (0xfe082ba3) mem 0x80015d68 0x00000000
core   0: 0x800006f0 (0xff09c203) lbu     tp, -16(s3)
core   0: 3 0x800006f0 (0xff09c203) x 4 0x000000d6 mem 0x8001bb91
core   0: 0x800006f4 (0xff690603) lb      a2, -10(s2)
core   0: 3 0x800006f4 (0xff690603) x12 0xffffff8c mem 0x8001ca03
core   0: 0x800006f8 (0x0afc0123) sb      a5, 162(s8)
core   0: 3 0x800006f8 (0x0afc0123) mem 0x80012b5b 0xe4
core   0: 0x800006fc (0xff484f03) lbu     t5, -12(a6)
core   0: 3 0x800006fc (0xff484f03) x30 0x0000005f mem 0x80015d65
core   0: 0x80000700 (0x00010c97) auipc   s9, 0x10
core   0: 3 0x80000700 (0x00010c97) x25 0x80010700
core   0: 0x80000704 (0x679c8c93) addi    s9, s9, 1657
core   0: 3 0x80000704 (0x679c8c93) x25 0x80010d79
core   0: 0x80000708 (0xf6ac9da3) sh      a0, -133(s9)
core   0: 3 0x80000708 (0xf6ac9da3) mem 0x80010cf4 0x6648
core   0: 0x8000070c (0x038cc503) lbu     a0, 56(s9)
core   0: 3 0x8000070c (0x038cc503) x10 0x00000075 mem 0x80010db1
core   0: 0x80000710 (0x0bbc8ba3) sb      s11, 183(s9)
core   0: 3 0x80000710 (0x0bbc8ba3) mem 0x80010e30 0xd1
core   0: 0x80000714 (0x0b0c8183) lb      gp, 176(s9)
core   0: 3 0x80000714 (0x0b0c8183) x 3 0xffffffdc mem 0x80010e29
core   0: 0x80000718 (0x05fc93a3) sh      t6, 71(s9)
core   0: 3 0x80000718 (0x05fc93a3) mem 0x80010dc0 0xfff3
core   0: 0x8000071c (0x00b63433) sltu    s0, a2, a1
core   0: 3 0x8000071c (0x00b63433) x 8 0x00000000
core   0: 0x80000720 (0xa5fce813) ori     a6, s9, -1441
core   0: 3 0x80000720 (0xa5fce813) x16 0xffffff7f
core   0: 0x80000724 (0x036c8283) lb      t0, 54(s9)
core   0: 3 0x80000724 (0x036c8283) x 5 0x00000078 mem 0x80010daf
core   0: 0x80000728 (0x00008819) c.andi  s0, 6
core   0: 3 0x80000728 (0x8819) x 8 0x00000000
core   0: 0x8000072a (0x00ab5713) srli    a4, s6, 10
core   0: 3 0x8000072a (0x00ab5713) x14 0x00000000
core   0: 0x8000072e (0x00675db3) srl     s11, a4, t1
core   0: 3 0x8000072e (0x00675db3) x27 0x00000000
core   0: 0x80000732 (0xf28c8b83) lb      s7, -216(s9)
core   0: 3 0x80000732 (0xf28c8b83) x23 0x00000076 mem 0x80010ca1
core   0: 0x80000736 (0x0a9c9da3) sh      s1, 187(s9)
core   0: 3 0x80000736 (0x0a9c9da3) mem 0x80010e34 0xff96
core   0: 0x8000073a (0x86d8f813) andi    a6, a7, -1939
core   0: 3 0x8000073a (0x86d8f813) x16 0x00000000
core   0: 0x8000073e (0x00ccca03) lbu     s4, 12(s9)
core   0: 3 0x8000073e (0x00ccca03) x20 0x0000008f mem 0x80010d85
core   0: 0x80000742 (0x000082ad) c.srli  a3, 11
core   0: 3 0x80000742 (0x82ad) x13 0x00000000
core   0: 0x80000744 (0x02927b33) remu    s6, tp, s1
core   0: 3 0x80000744 (0x02927b33) x22 0x000000d6
core   0: 0x80000748 (0xf4ac8323) sb      a0, -186(s9)
core   0: 3 0x80000748 (0xf4ac8323) mem 0x80010cbf 0x75
core   0: 0x8000074c (0x017246b3) xor     a3, tp, s7
core   0: 3 0x8000074c (0x017246b3) x13 0x000000a0
core   0: 0x80000750 (0xffbc8023) sb      s11, -32(s9)
core   0: 3 0x80000750 (0xffbc8023) mem 0x80010d59 0x0
core   0: 0x80000754 (0x0fcccf03) lbu     t5, 252(s9)
core   0: 3 0x80000754 (0x0fcccf03) x30 0x000000ad mem 0x80010e75
core   0: 0x80000758 (0x03b124b3) mulhsu  s1, sp, s11
core   0: 3 0x80000758 (0x03b124b3) x 9 0x00000000
core   0: 0x8000075c (0x0ff0000f) fence   iorw,iorw
core   0: 3 0x8000075c (0x0ff0000f)
core   0: 0x80000760 (0xf00c96a3) sh      zero, -243(s9)
core   0: 3 0x80000760 (0xf00c96a3) mem 0x80010c86 0x0000
core   0: 0x80000764 (0xff800d93) li      s11, -8
core   0: 3 0x80000764 (0xff800d93) x27 0xfffffff8
core   0: 0x80000768 (0x00a00313) li      t1, 10
core   0: 3 0x80000768 (0x00a00313) x 6 0x0000000a
core   0: 0x8000076c (0x00001c8c) c.addi4spn a1, sp, 624
core   0: 3 0x8000076c (0x1c8c) x11 0x00000213
core   0: 0x8000076e (0x00000d85) c.addi  s11, 1
core   0: 3 0x8000076e (0x0d85) x27 0xfffffff9
core   0: 0x80000770 (0xff700613) li      a2, -9
core   0: 3 0x80000770 (0xff700613) x12 0xfffffff7
core   0: 0x80000774 (0x0118ba33) sltu    s4, a7, a7
core   0: 3 0x80000774 (0x0118ba33) x20 0x00000000
core   0: 0x80000778 (0xff500993) li      s3, -11
core   0: 3 0x80000778 (0xff500993) x19 0xfffffff5
core   0: 0x8000077c (0x03d900b3) mul     ra, s2, t4
core   0: 3 0x8000077c (0x03d900b3) x 1 0x8001ca0d
core   0: 0x80000780 (0x00001679) c.addi  a2, -2
core   0: 3 0x80000780 (0x1679) x12 0xfffffff5
core   0: 0x80000782 (0xff365de3) bge     a2, s3, pc - 6
core   0: 3 0x80000782 (0xff365de3)
core   0: 0x8000077c (0x03d900b3) mul     ra, s2, t4
core   0: 3 0x8000077c (0x03d900b3) x 1 0x8001ca0d
core   0: 0x80000780 (0x00001679) c.addi  a2, -2
core   0: 3 0x80000780 (0x1679) x12 0xfffffff3
core   0: 0x80000782 (0xff365de3) bge     a2, s3, pc - 6
core   0: 3 0x80000782 (0xff365de3)
core   0: 0x80000786 (0xfe6d83e3) beq     s11, t1, pc - 26
core   0: 3 0x80000786 (0xfe6d83e3)
core   0: 0x8000078a (0x0ff0000f) fence   iorw,iorw
core   0: 3 0x8000078a (0x0ff0000f)
core   0: 0x8000078e (0x00010f97) auipc   t6, 0x10
core   0: 3 0x8000078e (0x00010f97) x31 0x8001078e
core   0: 0x80000792 (0xbe8f8f93) addi    t6, t6, -1048
core   0: 3 0x80000792 (0xbe8f8f93) x31 0x80010376
core   0: 0x80000796 (0x41ec0c33) sub     s8, s8, t5
core   0: 3 0x80000796 (0x41ec0c33) x24 0x80012a0c
core   0: 0x8000079a (0x00bf8403) lb      s0, 11(t6)
core   0: 3 0x8000079a (0x00bf8403) x 8 0x0000002c mem 0x80010381
core   0: 0x8000079e (0xff8fdb83) lhu     s7, -8(t6)
core   0: 3 0x8000079e (0xff8fdb83) x23 0x0000f39f mem 0x8001036e
core   0: 0x800007a2 (0xa022f213) andi    tp, t0, -1534
core   0: 3 0x800007a2 (0xa022f213) x 4 0x00000000
core   0: 0x800007a6 (0xff2f9b23) sh      s2, -10(t6)
core   0: 3 0x800007a6 (0xff2f9b23) mem 0x8001036c 0xca0d
core   0: 0x800007aa (0x00000001) c.nop
core   0: 3 0x800007aa (0x0001)
core   0: 0x800007ac (0x000f8223) sb      zero, 4(t6)
core   0: 3 0x800007ac (0x000f8223) mem 0x8001037a 0x0
core   0: 0x800007b0 (0xff6f9a03) lh      s4, -10(t6)
core   0: 3 0x800007b0 (0xff6f9a03) x20 0xffffca0d mem 0x8001036c
core   0: 0x800007b4 (0x026ddd33) divu    s10, s11, t1
core   0: 3 0x800007b4 (0x026ddd33) x26 0x19999998
core   0: 0x800007b8 (0x005f8283) lb      t0, 5(t6)
core   0: 3 0x800007b8 (0x005f8283) x 5 0x00000042 mem 0x8001037b
core   0: 0x800007bc (0xff1fc903) lbu     s2, -15(t6)
core   0: 3 0x800007bc (0xff1fc903) x18 0x00000028 mem 0x80010367
core   0: 0x800007c0 (0x00935993) srli    s3, t1, 9
core   0: 3 0x800007c0 (0x00935993) x19 0x00000000
core   0: 0x800007c4 (0xff8f8403) lb      s0, -8(t6)
core   0: 3 0x800007c4 (0xff8f8403) x 8 0xffffff9f mem 0x8001036e
core   0: 0x800007c8 (0x00dfc403) lbu     s0, 13(t6)
core   0: 3 0x800007c8 (0x00dfc403) x 8 0x0000003e mem 0x80010383
core   0: 0x800007cc (0xfedf9823) sh      a3, -16(t6)
core   0: 3 0x800007cc (0xfedf9823) mem 0x80010366 0x00a0
core   0: 0x800007d0 (0xea220cb7) lui     s9, 0xea220
core   0: 3 0x800007d0 (0xea220cb7) x25 0xea220000
core   0: 0x800007d4 (0x00008cc6) c.mv    s9, a7
core   0: 3 0x800007d4 (0x8cc6) x25 0x00000000
core   0: 0x800007d6 (0xff0fcb03) lbu     s6, -16(t6)
core   0: 3 0x800007d6 (0xff0fcb03) x22 0x000000a0 mem 0x80010366
core   0: 0x800007da (0x006f87a3) sb      t1, 15(t6)
core   0: 3 0x800007da (0x006f87a3) mem 0x80010385 0xa
core   0: 0x800007de (0x4d5c4c13) xori    s8, s8, 1237
core   0: 3 0x800007de (0x4d5c4c13) x24 0x80012ed9
core   0: 0x800007e2 (0x02dcb5b3) mulhu   a1, s9, a3
core   0: 3 0x800007e2 (0x02dcb5b3) x11 0x00000000
core   0: 0x800007e6 (0x0222b933) mulhu   s2, t0, sp
core   0: 3 0x800007e6 (0x0222b933) x18 0x00000041
core   0: 0x800007ea (0x039daeb3) mulhsu  t4, s11, s9
core   0: 3 0x800007ea (0x039daeb3) x29 0x00000000
core   0: 0x800007ee (0x01df81a3) sb      t4, 3(t6)
core   0: 3 0x800007ee (0x01df81a3) mem 0x80010379 0x0
core   0: 0x800007f2 (0x01c0ac33) slt     s8, ra, t3
core   0: 3 0x800007f2 (0x01c0ac33) x24 0x00000001
core   0: 0x800007f6 (0xff1fc803) lbu     a6, -15(t6)
core   0: 3 0x800007f6 (0xff1fc803) x16 0x00000000 mem 0x80010367
core   0: 0x800007fa (0x00cfdd83) lhu     s11, 12(t6)
core   0: 3 0x800007fa (0x00cfdd83) x27 0x00003eea mem 0x80010382
core   0: 0x800007fe (0x00bf9023) sh      a1, 0(t6)
core   0: 3 0x800007fe (0x00bf9023) mem 0x80010376 0x0000
core   0: 0x80000802 (0x00009cd6) c.add   s9, s5
core   0: 3 0x80000802 (0x9cd6) x25 0x80025e64
core   0: 0x80000804 (0xff5f8603) lb      a2, -11(t6)
core   0: 3 0x80000804 (0xff5f8603) x12 0xffffffd8 mem 0x8001036b
core   0: 0x80000808 (0x40f98d33) sub     s10, s3, a5
core   0: 3 0x80000808 (0x40f98d33) x26 0x7ffd631c
core   0: 0x8000080c (0xff5fc583) lbu     a1, -11(t6)
core   0: 3 0x8000080c (0xff5fc583) x11 0x000000d8 mem 0x8001036b
core   0: 0x80000810 (0x0031e3b3) or      t2, gp, gp
core   0: 3 0x80000810 (0x0031e3b3) x 7 0xffffffdc
core   0: 0x80000814 (0x00af86a3) sb      a0, 13(t6)
core   0: 3 0x80000814 (0x00af86a3) mem 0x80010383 0x75
core   0: 0x80000818 (0x417f0bb3) sub     s7, t5, s7
core   0: 3 0x80000818 (0x417f0bb3) x23 0xffff0d0e
core   0: 0x8000081c (0x01bf82a3) sb      s11, 5(t6)
core   0: 3 0x8000081c (0x01bf82a3) mem 0x8001037b 0xea
core   0: 0x80000820 (0x005fca03) lbu     s4, 5(t6)
core   0: 3 0x80000820 (0x005fca03) x20 0x000000ea mem 0x8001037b
core   0: 0x80000824 (0x0000617d) c.addi16sp sp, 496
core   0: 3 0x80000824 (0x617d) x 2 0x00000193
core   0: 0x80000826 (0x010f8003) lb      zero, 16(t6)
core   0: 3 0x80000826 (0x010f8003) mem 0x80010386
core   0: 0x8000082a (0x006f8203) lb      tp, 6(t6)
core   0: 3 0x8000082a (0x006f8203) x 4 0x00000059 mem 0x8001037c
core   0: 0x8000082e (0x00bfc303) lbu     t1, 11(t6)
core   0: 3 0x8000082e (0x00bfc303) x 6 0x0000002c mem 0x80010381
core   0: 0x80000832 (0xff2fae83) lw      t4, -14(t6)
core   0: 3 0x80000832 (0xff2fae83) x29 0xd862c7fb mem 0x80010368
core   0: 0x80000836 (0x0001c917) auipc   s2, 0x1c
core   0: 3 0x80000836 (0x0001c917) x18 0x8001c836
core   0: 0x8000083a (0x9c290913) addi    s2, s2, -1598
core   0: 3 0x8000083a (0x9c290913) x18 0x8001c1f8
core   0: 0x8000083e (0xe9492e83) lw      t4, -364(s2)
core   0: 3 0x8000083e (0xe9492e83) x29 0x07ad96cb mem 0x8001c08c
core   0: 0x80000842 (0x82690ea3) sb      t1, -1987(s2)
core   0: 3 0x80000842 (0x82690ea3) mem 0x8001ba35 0x2c
core   0: 0x80000846 (0x0000717d) c.addi16sp sp, -16
core   0: 3 0x80000846 (0x717d) x 2 0x00000183
core   0: 0x80000848 (0x00befdb3) and     s11, t4, a1
core   0: 3 0x80000848 (0x00befdb3) x27 0x000000c8
core   0: 0x8000084c (0x01bd9333) sll     t1, s11, s11
core   0: 3 0x8000084c (0x01bd9333) x 6 0x0000c800
core   0: 0x80000850 (0x00008a7d) c.andi  a2, 31
core   0: 3 0x80000850 (0x8a7d) x12 0x00000018
core   0: 0x80000852 (0x026ed5b3) divu    a1, t4, t1
core   0: 3 0x80000852 (0x026ed5b3) x11 0x000009d3
core   0: 0x80000856 (0x776db113) sltiu   sp, s11, 1910
core   0: 3 0x80000856 (0x776db113) x 2 0x00000001
core   0: 0x8000085a (0x00616333) or      t1, sp, t1
core   0: 3 0x8000085a (0x00616333) x 6 0x0000c801
core   0: 0x8000085e (0xfa390603) lb      a2, -93(s2)
core   0: 3 0x8000085e (0xfa390603) x12 0xffffffc9 mem 0x8001c19b
core   0: 0x80000862 (0x5bf5ce93) xori    t4, a1, 1471
core   0: 3 0x80000862 (0x5bf5ce93) x29 0x00000c6c
core   0: 0x80000866 (0x53994603) lbu     a2, 1337(s2)
core   0: 3 0x80000866 (0x53994603) x12 0x0000006f mem 0x8001c731
core   0: 0x8000086a (0xe9d90303) lb      t1, -355(s2)
core   0: 3 0x8000086a (0xe9d90303) x 6 0x00000060 mem 0x8001c095
core   0: 0x8000086e (0x02b32333) mulhsu  t1, t1, a1
core   0: 3 0x8000086e (0x02b32333) x 6 0x00000000
core   0: 0x80000872 (0xaab909a3) sb      a1, -1357(s2)
core   0: 3 0x80000872 (0xaab909a3) mem 0x8001bcab 0xd3
core   0: 0x80000876 (0x00259e93) slli    t4, a1, 2
core   0: 3 0x80000876 (0x00259e93) x29 0x0000274c
core   0: 0x8000087a (0x0e8db313) sltiu   t1, s11, 232
core   0: 3 0x8000087a (0x0e8db313) x 6 0x00000001
core   0: 0x8000087e (0x5ab91023) sh      a1, 1440(s2)
core   0: 3 0x8000087e (0x5ab91023) mem 0x8001c798 0x09d3
core   0: 0x80000882 (0x30194303) lbu     t1, 769(s2)
core   0: 3 0x80000882 (0x30194303) x 6 0x0000005d mem 0x8001c4f9
core   0: 0x80000886 (0x72e90603) lb      a2, 1838(s2)
core   0: 3 0x80000886 (0x72e90603) x12 0x0000004c mem 0x8001c926
core   0: 0x8000088a (0x1e390d83) lb      s11, 483(s2)
core   0: 3 0x8000088a (0x1e390d83) x27 0xffffffac mem 0x8001c3db
core   0: 0x8000088e (0x02b345b3) div     a1, t1, a1
core   0: 3 0x8000088e (0x02b345b3) x11 0x00000000
core   0: 0x80000892 (0xc2891303) lh      t1, -984(s2)
core   0: 3 0x80000892 (0xc2891303) x 6 0x00002f2a mem 0x8001be20
core   0: 0x80000896 (0x00a00393) li      t2, 10
core   0: 3 0x80000896 (0x00a00393) x 7 0x0000000a
core   0: 0x8000089a (0x00a00913) li      s2, 10
core   0: 3 0x8000089a (0x00a00913) x18 0x0000000a
core   0: 0x8000089e (0x02ed22b3) mulhsu  t0, s10, a4
core   0: 3 0x8000089e (0x02ed22b3) x 5 0x00000000
core   0: 0x800008a2 (0x02528bb3) mul     s7, t0, t0
core   0: 3 0x800008a2 (0x02528bb3) x23 0x00000000
core   0: 0x800008a6 (0xf65a2717) auipc   a4, 0xf65a2
core   0: 3 0x800008a6 (0xf65a2717) x14 0x765a28a6
core   0: 0x800008aa (0x000013dd) c.addi  t2, -9
core   0: 3 0x800008aa (0x13dd) x 7 0x00000001
core   0: 0x800008ac (0x0ff0000f) fence   iorw,iorw
core   0: 3 0x800008ac (0x0ff0000f)
core   0: 0x800008b0 (0xff23f9e3) bgeu    t2, s2, pc - 14
core   0: 3 0x800008b0 (0xff23f9e3)
core   0: 0x800008b4 (0x01d04133) xor     sp, zero, t4
core   0: 3 0x800008b4 (0x01d04133) x 2 0x0000274c
core   0: 0x800008b8 (0xfff00413) li      s0, -1
core   0: 3 0x800008b8 (0xfff00413) x 8 0xffffffff
core   0: 0x800008bc (0x00000001) c.nop
core   0: 3 0x800008bc (0x0001)
core   0: 0x800008be (0x5026beb7) lui     t4, 0x5026b
core   0: 3 0x800008be (0x5026beb7) x29 0x5026b000
core   0: 0x800008c2 (0x000069ed) c.lui   s3, 0x1b
core   0: 3 0x800008c2 (0x69ed) x19 0x0001b000
core   0: 0x800008c4 (0x0000997d) c.andi  a0, -1
core   0: 3 0x800008c4 (0x997d) x10 0x00000075
core   0: 0x800008c6 (0x00000405) c.addi  s0, 1
core   0: 3 0x800008c6 (0x0405) x 8 0x00000000
core   0: 0x800008c8 (0x00600693) li      a3, 6
core   0: 3 0x800008c8 (0x00600693) x13 0x00000006
core   0: 0x800008cc (0x917fcc13) xori    s8, t6, -1769
core   0: 3 0x800008cc (0x917fcc13) x24 0x7ffefa61
core   0: 0x800008d0 (0x00400713) li      a4, 4
core   0: 3 0x800008d0 (0x00400713) x14 0x00000004
core   0: 0x800008d4 (0x0057eb33) or      s6, a5, t0
core   0: 3 0x800008d4 (0x0057eb33) x22 0x80029ce4
core   0: 0x800008d8 (0x0000717d) c.addi16sp sp, -16
core   0: 3 0x800008d8 (0x717d) x 2 0x0000273c
core   0: 0x800008da (0x000016f5) c.addi  a3, -3
core   0: 3 0x800008da (0x16f5) x13 0x00000003
core   0: 0x800008dc (0xfee6fce3) bgeu    a3, a4, pc - 8
core   0: 3 0x800008dc (0xfee6fce3)
core   0: 0x800008e0 (0x0000d075) c.beqz  s0, pc - 28
core   0: 3 0x800008e0 (0xd075)
core   0: 0x800008c4 (0x0000997d) c.andi  a0, -1
core   0: 3 0x800008c4 (0x997d) x10 0x00000075
core   0: 0x800008c6 (0x00000405) c.addi  s0, 1
core   0: 3 0x800008c6 (0x0405) x 8 0x00000001
core   0: 0x800008c8 (0x00600693) li      a3, 6
core   0: 3 0x800008c8 (0x00600693) x13 0x00000006
core   0: 0x800008cc (0x917fcc13) xori    s8, t6, -1769
core   0: 3 0x800008cc (0x917fcc13) x24 0x7ffefa61
core   0: 0x800008d0 (0x00400713) li      a4, 4
core   0: 3 0x800008d0 (0x00400713) x14 0x00000004
core   0: 0x800008d4 (0x0057eb33) or      s6, a5, t0
core   0: 3 0x800008d4 (0x0057eb33) x22 0x80029ce4
core   0: 0x800008d8 (0x0000717d) c.addi16sp sp, -16
core   0: 3 0x800008d8 (0x717d) x 2 0x0000272c
core   0: 0x800008da (0x000016f5) c.addi  a3, -3
core   0: 3 0x800008da (0x16f5) x13 0x00000003
core   0: 0x800008dc (0xfee6fce3) bgeu    a3, a4, pc - 8
core   0: 3 0x800008dc (0xfee6fce3)
core   0: 0x800008e0 (0x0000d075) c.beqz  s0, pc - 28
core   0: 3 0x800008e0 (0xd075)
core   0: 0x800008e2 (0xbf350c13) addi    s8, a0, -1037
core   0: 3 0x800008e2 (0xbf350c13) x24 0xfffffc68
core   0: 0x800008e6 (0xffa00d93) li      s11, -6
core   0: 3 0x800008e6 (0xffa00d93) x27 0xfffffffa
core   0: 0x800008ea (0x000932b3) sltu    t0, s2, zero
core   0: 3 0x800008ea (0x000932b3) x 5 0x00000000
core   0: 0x800008ee (0x0000845d) c.srai  s0, 23
core   0: 3 0x800008ee (0x845d) x 8 0x00000000
core   0: 0x800008f0 (0xff400493) li      s1, -12
core   0: 3 0x800008f0 (0xff400493) x 9 0xfffffff4
core   0: 0x800008f4 (0x00000001) c.nop
core   0: 3 0x800008f4 (0x0001)
core   0: 0x800008f6 (0x00001df9) c.addi  s11, -2
core   0: 3 0x800008f6 (0x1df9) x27 0xfffffff8
core   0: 0x800008f8 (0xff600513) li      a0, -10
core   0: 3 0x800008f8 (0xff600513) x10 0xfffffff6
core   0: 0x800008fc (0x00000001) c.nop
core   0: 3 0x800008fc (0x0001)
core   0: 0x800008fe (0x00000001) c.nop
core   0: 3 0x800008fe (0x0001)
core   0: 0x80000900 (0x03f4a3b3) mulhsu  t2, s1, t6
core   0: 3 0x80000900 (0x03f4a3b3) x 7 0xfffffff9
core   0: 0x80000904 (0x00000505) c.addi  a0, 1
core   0: 3 0x80000904 (0x0505) x10 0xfffffff7
core   0: 0x80000906 (0x4154d213) srai    tp, s1, 21
core   0: 3 0x80000906 (0x4154d213) x 4 0xffffffff
core   0: 0x8000090a (0x0000f97d) c.bnez  a0, pc - 10
core   0: 3 0x8000090a (0xf97d)
core   0: 0x80000900 (0x03f4a3b3) mulhsu  t2, s1, t6
core   0: 3 0x80000900 (0x03f4a3b3) x 7 0xfffffff9
core   0: 0x80000904 (0x00000505) c.addi  a0, 1
core   0: 3 0x80000904 (0x0505) x10 0xfffffff8
core   0: 0x80000906 (0x4154d213) srai    tp, s1, 21
core   0: 3 0x80000906 (0x4154d213) x 4 0xffffffff
core   0: 0x8000090a (0x0000f97d) c.bnez  a0, pc - 10
core   0: 3 0x8000090a (0xf97d)
core   0: 0x80000900 (0x03f4a3b3) mulhsu  t2, s1, t6
core   0: 3 0x80000900 (0x03f4a3b3) x 7 0xfffffff9
core   0: 0x80000904 (0x00000505) c.addi  a0, 1
core   0: 3 0x80000904 (0x0505) x10 0xfffffff9
core   0: 0x80000906 (0x4154d213) srai    tp, s1, 21
core   0: 3 0x80000906 (0x4154d213) x 4 0xffffffff
core   0: 0x8000090a (0x0000f97d) c.bnez  a0, pc - 10
core   0: 3 0x8000090a (0xf97d)
core   0: 0x80000900 (0x03f4a3b3) mulhsu  t2, s1, t6
core   0: 3 0x80000900 (0x03f4a3b3) x 7 0xfffffff9
core   0: 0x80000904 (0x00000505) c.addi  a0, 1
core   0: 3 0x80000904 (0x0505) x10 0xfffffffa
core   0: 0x80000906 (0x4154d213) srai    tp, s1, 21
core   0: 3 0x80000906 (0x4154d213) x 4 0xffffffff
core   0: 0x8000090a (0x0000f97d) c.bnez  a0, pc - 10
core   0: 3 0x8000090a (0xf97d)
core   0: 0x80000900 (0x03f4a3b3) mulhsu  t2, s1, t6
core   0: 3 0x80000900 (0x03f4a3b3) x 7 0xfffffff9
core   0: 0x80000904 (0x00000505) c.addi  a0, 1
core   0: 3 0x80000904 (0x0505) x10 0xfffffffb
core   0: 0x80000906 (0x4154d213) srai    tp, s1, 21
core   0: 3 0x80000906 (0x4154d213) x 4 0xffffffff
core   0: 0x8000090a (0x0000f97d) c.bnez  a0, pc - 10
core   0: 3 0x8000090a (0xf97d)
core   0: 0x80000900 (0x03f4a3b3) mulhsu  t2, s1, t6
core   0: 3 0x80000900 (0x03f4a3b3) x 7 0xfffffff9
core   0: 0x80000904 (0x00000505) c.addi  a0, 1
core   0: 3 0x80000904 (0x0505) x10 0xfffffffc
core   0: 0x80000906 (0x4154d213) srai    tp, s1, 21
core   0: 3 0x80000906 (0x4154d213) x 4 0xffffffff
core   0: 0x8000090a (0x0000f97d) c.bnez  a0, pc - 10
core   0: 3 0x8000090a (0xf97d)
core   0: 0x80000900 (0x03f4a3b3) mulhsu  t2, s1, t6
core   0: 3 0x80000900 (0x03f4a3b3) x 7 0xfffffff9
core   0: 0x80000904 (0x00000505) c.addi  a0, 1
core   0: 3 0x80000904 (0x0505) x10 0xfffffffd
core   0: 0x80000906 (0x4154d213) srai    tp, s1, 21
core   0: 3 0x80000906 (0x4154d213) x 4 0xffffffff
core   0: 0x8000090a (0x0000f97d) c.bnez  a0, pc - 10
core   0: 3 0x8000090a (0xf97d)
core   0: 0x80000900 (0x03f4a3b3) mulhsu  t2, s1, t6
core   0: 3 0x80000900 (0x03f4a3b3) x 7 0xfffffff9
core   0: 0x80000904 (0x00000505) c.addi  a0, 1
core   0: 3 0x80000904 (0x0505) x10 0xfffffffe
core   0: 0x80000906 (0x4154d213) srai    tp, s1, 21
core   0: 3 0x80000906 (0x4154d213) x 4 0xffffffff
core   0: 0x8000090a (0x0000f97d) c.bnez  a0, pc - 10
core   0: 3 0x8000090a (0xf97d)
core   0: 0x80000900 (0x03f4a3b3) mulhsu  t2, s1, t6
core   0: 3 0x80000900 (0x03f4a3b3) x 7 0xfffffff9
core   0: 0x80000904 (0x00000505) c.addi  a0, 1
core   0: 3 0x80000904 (0x0505) x10 0xffffffff
core   0: 0x80000906 (0x4154d213) srai    tp, s1, 21
core   0: 3 0x80000906 (0x4154d213) x 4 0xffffffff
core   0: 0x8000090a (0x0000f97d) c.bnez  a0, pc - 10
core   0: 3 0x8000090a (0xf97d)
core   0: 0x80000900 (0x03f4a3b3) mulhsu  t2, s1, t6
core   0: 3 0x80000900 (0x03f4a3b3) x 7 0xfffffff9
core   0: 0x80000904 (0x00000505) c.addi  a0, 1
core   0: 3 0x80000904 (0x0505) x10 0x00000000
core   0: 0x80000906 (0x4154d213) srai    tp, s1, 21
core   0: 3 0x80000906 (0x4154d213) x 4 0xffffffff
core   0: 0x8000090a (0x0000f97d) c.bnez  a0, pc - 10
core   0: 3 0x8000090a (0xf97d)
core   0: 0x8000090c (0x00006ba1) c.lui   s7, 0x8
core   0: 3 0x8000090c (0x6ba1) x23 0x00008000
core   0: 0x8000090e (0xfe9d93e3) bne     s11, s1, pc - 26
core   0: 3 0x8000090e (0xfe9d93e3)
core   0: 0x800008f4 (0x00000001) c.nop
core   0: 3 0x800008f4 (0x0001)
core   0: 0x800008f6 (0x00001df9) c.addi  s11, -2
core   0: 3 0x800008f6 (0x1df9) x27 0xfffffff6
core   0: 0x800008f8 (0xff600513) li      a0, -10
core   0: 3 0x800008f8 (0xff600513) x10 0xfffffff6
core   0: 0x800008fc (0x00000001) c.nop
core   0: 3 0x800008fc (0x0001)
core   0: 0x800008fe (0x00000001) c.nop
core   0: 3 0x800008fe (0x0001)
core   0: 0x80000900 (0x03f4a3b3) mulhsu  t2, s1, t6
core   0: 3 0x80000900 (0x03f4a3b3) x 7 0xfffffff9
core   0: 0x80000904 (0x00000505) c.addi  a0, 1
core   0: 3 0x80000904 (0x0505) x10 0xfffffff7
core   0: 0x80000906 (0x4154d213) srai    tp, s1, 21
core   0: 3 0x80000906 (0x4154d213) x 4 0xffffffff
core   0: 0x8000090a (0x0000f97d) c.bnez  a0, pc - 10
core   0: 3 0x8000090a (0xf97d)
core   0: 0x80000900 (0x03f4a3b3) mulhsu  t2, s1, t6
core   0: 3 0x80000900 (0x03f4a3b3) x 7 0xfffffff9
core   0: 0x80000904 (0x00000505) c.addi  a0, 1
core   0: 3 0x80000904 (0x0505) x10 0xfffffff8
core   0: 0x80000906 (0x4154d213) srai    tp, s1, 21
core   0: 3 0x80000906 (0x4154d213) x 4 0xffffffff
core   0: 0x8000090a (0x0000f97d) c.bnez  a0, pc - 10
core   0: 3 0x8000090a (0xf97d)
core   0: 0x80000900 (0x03f4a3b3) mulhsu  t2, s1, t6
core   0: 3 0x80000900 (0x03f4a3b3) x 7 0xfffffff9
core   0: 0x80000904 (0x00000505) c.addi  a0, 1
core   0: 3 0x80000904 (0x0505) x10 0xfffffff9
core   0: 0x80000906 (0x4154d213) srai    tp, s1, 21
core   0: 3 0x80000906 (0x4154d213) x 4 0xffffffff
core   0: 0x8000090a (0x0000f97d) c.bnez  a0, pc - 10
core   0: 3 0x8000090a (0xf97d)
core   0: 0x80000900 (0x03f4a3b3) mulhsu  t2, s1, t6
core   0: 3 0x80000900 (0x03f4a3b3) x 7 0xfffffff9
core   0: 0x80000904 (0x00000505) c.addi  a0, 1
core   0: 3 0x80000904 (0x0505) x10 0xfffffffa
core   0: 0x80000906 (0x4154d213) srai    tp, s1, 21
core   0: 3 0x80000906 (0x4154d213) x 4 0xffffffff
core   0: 0x8000090a (0x0000f97d) c.bnez  a0, pc - 10
core   0: 3 0x8000090a (0xf97d)
core   0: 0x80000900 (0x03f4a3b3) mulhsu  t2, s1, t6
core   0: 3 0x80000900 (0x03f4a3b3) x 7 0xfffffff9
core   0: 0x80000904 (0x00000505) c.addi  a0, 1
core   0: 3 0x80000904 (0x0505) x10 0xfffffffb
core   0: 0x80000906 (0x4154d213) srai    tp, s1, 21
core   0: 3 0x80000906 (0x4154d213) x 4 0xffffffff
core   0: 0x8000090a (0x0000f97d) c.bnez  a0, pc - 10
core   0: 3 0x8000090a (0xf97d)
core   0: 0x80000900 (0x03f4a3b3) mulhsu  t2, s1, t6
core   0: 3 0x80000900 (0x03f4a3b3) x 7 0xfffffff9
core   0: 0x80000904 (0x00000505) c.addi  a0, 1
core   0: 3 0x80000904 (0x0505) x10 0xfffffffc
core   0: 0x80000906 (0x4154d213) srai    tp, s1, 21
core   0: 3 0x80000906 (0x4154d213) x 4 0xffffffff
core   0: 0x8000090a (0x0000f97d) c.bnez  a0, pc - 10
core   0: 3 0x8000090a (0xf97d)
core   0: 0x80000900 (0x03f4a3b3) mulhsu  t2, s1, t6
core   0: 3 0x80000900 (0x03f4a3b3) x 7 0xfffffff9
core   0: 0x80000904 (0x00000505) c.addi  a0, 1
core   0: 3 0x80000904 (0x0505) x10 0xfffffffd
core   0: 0x80000906 (0x4154d213) srai    tp, s1, 21
core   0: 3 0x80000906 (0x4154d213) x 4 0xffffffff
core   0: 0x8000090a (0x0000f97d) c.bnez  a0, pc - 10
core   0: 3 0x8000090a (0xf97d)
core   0: 0x80000900 (0x03f4a3b3) mulhsu  t2, s1, t6
core   0: 3 0x80000900 (0x03f4a3b3) x 7 0xfffffff9
core   0: 0x80000904 (0x00000505) c.addi  a0, 1
core   0: 3 0x80000904 (0x0505) x10 0xfffffffe
core   0: 0x80000906 (0x4154d213) srai    tp, s1, 21
core   0: 3 0x80000906 (0x4154d213) x 4 0xffffffff
core   0: 0x8000090a (0x0000f97d) c.bnez  a0, pc - 10
core   0: 3 0x8000090a (0xf97d)
core   0: 0x80000900 (0x03f4a3b3) mulhsu  t2, s1, t6
core   0: 3 0x80000900 (0x03f4a3b3) x 7 0xfffffff9
core   0: 0x80000904 (0x00000505) c.addi  a0, 1
core   0: 3 0x80000904 (0x0505) x10 0xffffffff
core   0: 0x80000906 (0x4154d213) srai    tp, s1, 21
core   0: 3 0x80000906 (0x4154d213) x 4 0xffffffff
core   0: 0x8000090a (0x0000f97d) c.bnez  a0, pc - 10
core   0: 3 0x8000090a (0xf97d)
core   0: 0x80000900 (0x03f4a3b3) mulhsu  t2, s1, t6
core   0: 3 0x80000900 (0x03f4a3b3) x 7 0xfffffff9
core   0: 0x80000904 (0x00000505) c.addi  a0, 1
core   0: 3 0x80000904 (0x0505) x10 0x00000000
core   0: 0x80000906 (0x4154d213) srai    tp, s1, 21
core   0: 3 0x80000906 (0x4154d213) x 4 0xffffffff
core   0: 0x8000090a (0x0000f97d) c.bnez  a0, pc - 10
core   0: 3 0x8000090a (0xf97d)
core   0: 0x8000090c (0x00006ba1) c.lui   s7, 0x8
core   0: 3 0x8000090c (0x6ba1) x23 0x00008000
core   0: 0x8000090e (0xfe9d93e3) bne     s11, s1, pc - 26
core   0: 3 0x8000090e (0xfe9d93e3)
core   0: 0x800008f4 (0x00000001) c.nop
core   0: 3 0x800008f4 (0x0001)
core   0: 0x800008f6 (0x00001df9) c.addi  s11, -2
core   0: 3 0x800008f6 (0x1df9) x27 0xfffffff4
core   0: 0x800008f8 (0xff600513) li      a0, -10
core   0: 3 0x800008f8 (0xff600513) x10 0xfffffff6
core   0: 0x800008fc (0x00000001) c.nop
core   0: 3 0x800008fc (0x0001)
core   0: 0x800008fe (0x00000001) c.nop
core   0: 3 0x800008fe (0x0001)
core   0: 0x80000900 (0x03f4a3b3) mulhsu  t2, s1, t6
core   0: 3 0x80000900 (0x03f4a3b3) x 7 0xfffffff9
core   0: 0x80000904 (0x00000505) c.addi  a0, 1
core   0: 3 0x80000904 (0x0505) x10 0xfffffff7
core   0: 0x80000906 (0x4154d213) srai    tp, s1, 21
core   0: 3 0x80000906 (0x4154d213) x 4 0xffffffff
core   0: 0x8000090a (0x0000f97d) c.bnez  a0, pc - 10
core   0: 3 0x8000090a (0xf97d)
core   0: 0x80000900 (0x03f4a3b3) mulhsu  t2, s1, t6
core   0: 3 0x80000900 (0x03f4a3b3) x 7 0xfffffff9
core   0: 0x80000904 (0x00000505) c.addi  a0, 1
core   0: 3 0x80000904 (0x0505) x10 0xfffffff8
core   0: 0x80000906 (0x4154d213) srai    tp, s1, 21
core   0: 3 0x80000906 (0x4154d213) x 4 0xffffffff
core   0: 0x8000090a (0x0000f97d) c.bnez  a0, pc - 10
core   0: 3 0x8000090a (0xf97d)
core   0: 0x80000900 (0x03f4a3b3) mulhsu  t2, s1, t6
core   0: 3 0x80000900 (0x03f4a3b3) x 7 0xfffffff9
core   0: 0x80000904 (0x00000505) c.addi  a0, 1
core   0: 3 0x80000904 (0x0505) x10 0xfffffff9
core   0: 0x80000906 (0x4154d213) srai    tp, s1, 21
core   0: 3 0x80000906 (0x4154d213) x 4 0xffffffff
core   0: 0x8000090a (0x0000f97d) c.bnez  a0, pc - 10
core   0: 3 0x8000090a (0xf97d)
core   0: 0x80000900 (0x03f4a3b3) mulhsu  t2, s1, t6
core   0: 3 0x80000900 (0x03f4a3b3) x 7 0xfffffff9
core   0: 0x80000904 (0x00000505) c.addi  a0, 1
core   0: 3 0x80000904 (0x0505) x10 0xfffffffa
core   0: 0x80000906 (0x4154d213) srai    tp, s1, 21
core   0: 3 0x80000906 (0x4154d213) x 4 0xffffffff
core   0: 0x8000090a (0x0000f97d) c.bnez  a0, pc - 10
core   0: 3 0x8000090a (0xf97d)
core   0: 0x80000900 (0x03f4a3b3) mulhsu  t2, s1, t6
core   0: 3 0x80000900 (0x03f4a3b3) x 7 0xfffffff9
core   0: 0x80000904 (0x00000505) c.addi  a0, 1
core   0: 3 0x80000904 (0x0505) x10 0xfffffffb
core   0: 0x80000906 (0x4154d213) srai    tp, s1, 21
core   0: 3 0x80000906 (0x4154d213) x 4 0xffffffff
core   0: 0x8000090a (0x0000f97d) c.bnez  a0, pc - 10
core   0: 3 0x8000090a (0xf97d)
core   0: 0x80000900 (0x03f4a3b3) mulhsu  t2, s1, t6
core   0: 3 0x80000900 (0x03f4a3b3) x 7 0xfffffff9
core   0: 0x80000904 (0x00000505) c.addi  a0, 1
core   0: 3 0x80000904 (0x0505) x10 0xfffffffc
core   0: 0x80000906 (0x4154d213) srai    tp, s1, 21
core   0: 3 0x80000906 (0x4154d213) x 4 0xffffffff
core   0: 0x8000090a (0x0000f97d) c.bnez  a0, pc - 10
core   0: 3 0x8000090a (0xf97d)
core   0: 0x80000900 (0x03f4a3b3) mulhsu  t2, s1, t6
core   0: 3 0x80000900 (0x03f4a3b3) x 7 0xfffffff9
core   0: 0x80000904 (0x00000505) c.addi  a0, 1
core   0: 3 0x80000904 (0x0505) x10 0xfffffffd
core   0: 0x80000906 (0x4154d213) srai    tp, s1, 21
core   0: 3 0x80000906 (0x4154d213) x 4 0xffffffff
core   0: 0x8000090a (0x0000f97d) c.bnez  a0, pc - 10
core   0: 3 0x8000090a (0xf97d)
core   0: 0x80000900 (0x03f4a3b3) mulhsu  t2, s1, t6
core   0: 3 0x80000900 (0x03f4a3b3) x 7 0xfffffff9
core   0: 0x80000904 (0x00000505) c.addi  a0, 1
core   0: 3 0x80000904 (0x0505) x10 0xfffffffe
core   0: 0x80000906 (0x4154d213) srai    tp, s1, 21
core   0: 3 0x80000906 (0x4154d213) x 4 0xffffffff
core   0: 0x8000090a (0x0000f97d) c.bnez  a0, pc - 10
core   0: 3 0x8000090a (0xf97d)
core   0: 0x80000900 (0x03f4a3b3) mulhsu  t2, s1, t6
core   0: 3 0x80000900 (0x03f4a3b3) x 7 0xfffffff9
core   0: 0x80000904 (0x00000505) c.addi  a0, 1
core   0: 3 0x80000904 (0x0505) x10 0xffffffff
core   0: 0x80000906 (0x4154d213) srai    tp, s1, 21
core   0: 3 0x80000906 (0x4154d213) x 4 0xffffffff
core   0: 0x8000090a (0x0000f97d) c.bnez  a0, pc - 10
core   0: 3 0x8000090a (0xf97d)
core   0: 0x80000900 (0x03f4a3b3) mulhsu  t2, s1, t6
core   0: 3 0x80000900 (0x03f4a3b3) x 7 0xfffffff9
core   0: 0x80000904 (0x00000505) c.addi  a0, 1
core   0: 3 0x80000904 (0x0505) x10 0x00000000
core   0: 0x80000906 (0x4154d213) srai    tp, s1, 21
core   0: 3 0x80000906 (0x4154d213) x 4 0xffffffff
core   0: 0x8000090a (0x0000f97d) c.bnez  a0, pc - 10
core   0: 3 0x8000090a (0xf97d)
core   0: 0x8000090c (0x00006ba1) c.lui   s7, 0x8
core   0: 3 0x8000090c (0x6ba1) x23 0x00008000
core   0: 0x8000090e (0xfe9d93e3) bne     s11, s1, pc - 26
core   0: 3 0x8000090e (0xfe9d93e3)
core   0: 0x80000912 (0x00bc1993) slli    s3, s8, 11
core   0: 3 0x80000912 (0x00bc1993) x19 0xffe34000
core   0: 0x80000916 (0x00017417) auipc   s0, 0x17
core   0: 3 0x80000916 (0x00017417) x 8 0x80017916
core   0: 0x8000091a (0x2e740413) addi    s0, s0, 743
core   0: 3 0x8000091a (0x2e740413) x 8 0x80017bfd
core   0: 0x8000091e (0xffb45203) lhu     tp, -5(s0)
core   0: 3 0x8000091e (0xffb45203) x 4 0x0000f221 mem 0x80017bf8
core   0: 0x80000922 (0xffb41303) lh      t1, -5(s0)
core   0: 3 0x80000922 (0xffb41303) x 6 0xfffff221 mem 0x80017bf8
core   0: 0x80000926 (0xff742703) lw      a4, -9(s0)
core   0: 3 0x80000926 (0xff742703) x14 0x8128c42c mem 0x80017bf4
core   0: 0x8000092a (0x00b8d2b3) srl     t0, a7, a1
core   0: 3 0x8000092a (0x00b8d2b3) x 5 0x00000000
core   0: 0x8000092e (0x01e40823) sb      t5, 16(s0)
core   0: 3 0x8000092e (0x01e40823) mem 0x80017c0d 0xad
core   0: 0x80000932 (0xfec40e23) sb      a2, -4(s0)
core   0: 3 0x80000932 (0xfec40e23) mem 0x80017bf9 0x4c
core   0: 0x80000936 (0x00840623) sb      s0, 12(s0)
core   0: 3 0x80000936 (0x00840623) mem 0x80017c09 0xfd
core   0: 0x8000093a (0x00e39333) sll     t1, t2, a4
core   0: 3 0x8000093a (0x00e39333) x 6 0xffff9000
core   0: 0x8000093e (0x00344583) lbu     a1, 3(s0)
core   0: 3 0x8000093e (0x00344583) x11 0x00000015 mem 0x80017c00
core   0: 0x80000942 (0x10f86213) ori     tp, a6, 271
core   0: 3 0x80000942 (0x10f86213) x 4 0x0000010f
core   0: 0x80000946 (0xffa44f83) lbu     t6, -6(s0)
core   0: 3 0x80000946 (0xffa44f83) x31 0x00000081 mem 0x80017bf7
core   0: 0x8000094a (0x02437633) remu    a2, t1, tp
core   0: 3 0x8000094a (0x02437633) x12 0x00000002
core   0: 0x8000094e (0xffc40583) lb      a1, -4(s0)
core   0: 3 0x8000094e (0xffc40583) x11 0x0000004c mem 0x80017bf9
core   0: 0x80000952 (0x00341f03) lh      t5, 3(s0)
core   0: 3 0x80000952 (0x00341f03) x30 0x00006915 mem 0x80017c00
core   0: 0x80000956 (0xfe541ea3) sh      t0, -3(s0)
core   0: 3 0x80000956 (0xfe541ea3) mem 0x80017bfa 0x0000
core   0: 0x8000095a (0xff640983) lb      s3, -10(s0)
core   0: 3 0x8000095a (0xff640983) x19 0x00000046 mem 0x80017bf3
core   0: 0x8000095e (0xffe40303) lb      t1, -2(s0)
core   0: 3 0x8000095e (0xffe40303) x 6 0x00000000 mem 0x80017bfb
core   0: 0x80000962 (0x00d44b03) lbu     s6, 13(s0)
core   0: 3 0x80000962 (0x00d44b03) x22 0x0000007d mem 0x80017c0a
core   0: 0x80000966 (0xff341083) lh      ra, -13(s0)
core   0: 3 0x80000966 (0xff341083) x 1 0x0000564b mem 0x80017bf0
core   0: 0x8000096a (0x000003a1) c.addi  t2, 8
core   0: 3 0x8000096a (0x03a1) x 7 0x00000001
core   0: 0x8000096c (0x00000001) c.nop
core   0: 3 0x8000096c (0x0001)
core   0: 0x8000096e (0x0138af33) slt     t5, a7, s3
core   0: 3 0x8000096e (0x0138af33) x30 0x00000001
core   0: 0x80000972 (0x00000001) c.nop
core   0: 3 0x80000972 (0x0001)
core   0: 0x80000974 (0x01d40823) sb      t4, 16(s0)
core   0: 3 0x80000974 (0x01d40823) mem 0x80017c0d 0x0
core   0: 0x80000978 (0x00005efd) c.li    t4, -1
core   0: 3 0x80000978 (0x5efd) x29 0xffffffff
core   0: 0x8000097a (0x0c600b93) li      s7, 198
core   0: 3 0x8000097a (0x0c600b93) x23 0x000000c6
core   0: 0x8000097e (0xffc40923) sb      t3, -14(s0)
core   0: 3 0x8000097e (0xffc40923) mem 0x80017bef 0xf5
core   0: 0x80000982 (0xfed409a3) sb      a3, -13(s0)
core   0: 3 0x80000982 (0xfed409a3) mem 0x80017bf0 0x3
core   0: 0x80000986 (0xfed40c23) sb      a3, -8(s0)
core   0: 3 0x80000986 (0xfed40c23) mem 0x80017bf5 0x3
core   0: 0x8000098a (0xfff41b03) lh      s6, -1(s0)
core   0: 3 0x8000098a (0xfff41b03) x22 0x0000425a mem 0x80017bfc
core   0: 0x8000098e (0x014415a3) sh      s4, 11(s0)
core   0: 3 0x8000098e (0x014415a3) mem 0x80017c08 0x00ea
core   0: 0x80000992 (0x0000117d) c.addi  sp, -1
core   0: 3 0x80000992 (0x117d) x 2 0x0000272b
core   0: 0x80000994 (0xffc41ba3) sh      t3, -9(s0)
core   0: 3 0x80000994 (0xffc41ba3) mem 0x80017bf4 0x00f5
core   0: 0x80000998 (0xe44eb513) sltiu   a0, t4, -444
core   0: 3 0x80000998 (0xe44eb513) x10 0x00000000
core   0: 0x8000099c (0xffe40f23) sb      t5, -2(s0)
core   0: 3 0x8000099c (0xffe40f23) mem 0x80017bfb 0x1
core   0: 0x800009a0 (0x00020117) auipc   sp, 0x20
core   0: 3 0x800009a0 (0x00020117) x 2 0x800209a0
core   0: 0x800009a4 (0xee310113) addi    sp, sp, -285
core   0: 3 0x800009a4 (0xee310113) x 2 0x80020883
core   0: 0x800009a8 (0x1e40fe13) andi    t3, ra, 484
core   0: 3 0x800009a8 (0x1e40fe13) x28 0x00000040
core   0: 0x800009ac (0xb5110023) sb      a7, -1216(sp)
core   0: 3 0x800009ac (0xb5110023) mem 0x800203c3 0x0
core   0: 0x800009b0 (0x00424a33) xor     s4, tp, tp
core   0: 3 0x800009b0 (0x00424a33) x20 0x00000000
core   0: 0x800009b4 (0xb4010683) lb      a3, -1216(sp)
core   0: 3 0x800009b4 (0xb4010683) x13 0x00000000 mem 0x800203c3
core   0: 0x800009b8 (0xb4014203) lbu     tp, -1216(sp)
core   0: 3 0x800009b8 (0xb4014203) x 4 0x00000000 mem 0x800203c3
core   0: 0x800009bc (0xb5810023) sb      s8, -1216(sp)
core   0: 3 0x800009bc (0xb5810023) mem 0x800203c3 0x68
core   0: 0x800009c0 (0xb4010f83) lb      t6, -1216(sp)
core   0: 3 0x800009c0 (0xb4010f83) x31 0x00000068 mem 0x800203c3
core   0: 0x800009c4 (0xb4010983) lb      s3, -1216(sp)
core   0: 3 0x800009c4 (0xb4010983) x19 0x00000068 mem 0x800203c3
core   0: 0x800009c8 (0x00008c9d) c.sub   s1, a5
core   0: 3 0x800009c8 (0x8c9d) x 9 0x7ffd6310
core   0: 0x800009ca (0x037985b3) mul     a1, s3, s7
core   0: 3 0x800009ca (0x037985b3) x11 0x00005070
core   0: 0x800009ce (0x008b1f33) sll     t5, s6, s0
core   0: 3 0x800009ce (0x008b1f33) x30 0x40000000
core   0: 0x800009d2 (0xc1f15c83) lhu     s9, -993(sp)
core   0: 3 0x800009d2 (0xc1f15c83) x25 0x00008fa3 mem 0x800204a2
core   0: 0x800009d6 (0xc0d10fa3) sb      a3, -993(sp)
core   0: 3 0x800009d6 (0xc0d10fa3) mem 0x800204a2 0x0
core   0: 0x800009da (0xc1f11a03) lh      s4, -993(sp)
core   0: 3 0x800009da (0xc1f11a03) x20 0xffff8f00 mem 0x800204a2
core   0: 0x800009de (0xc1f11d03) lh      s10, -993(sp)
core   0: 3 0x800009de (0xc1f11d03) x26 0xffff8f00 mem 0x800204a2
core   0: 0x800009e2 (0xc1f10283) lb      t0, -993(sp)
core   0: 3 0x800009e2 (0xc1f10283) x 5 0x00000000 mem 0x800204a2
core   0: 0x800009e6 (0x67354d13) xori    s10, a0, 1651
core   0: 3 0x800009e6 (0x67354d13) x26 0x00000673
core   0: 0x800009ea (0x27e10f03) lb      t5, 638(sp)
core   0: 3 0x800009ea (0x27e10f03) x30 0xfffffffb mem 0x80020b01
core   0: 0x800009ee (0x26910f23) sb      s1, 638(sp)
core   0: 3 0x800009ee (0x26910f23) mem 0x80020b01 0x10
core   0: 0x800009f2 (0x27e10083) lb      ra, 638(sp)
core   0: 3 0x800009f2 (0x27e10083) x 1 0x00000010 mem 0x80020b01
core   0: 0x800009f6 (0x27010f23) sb      a6, 638(sp)
core   0: 3 0x800009f6 (0x27010f23) mem 0x80020b01 0x0
core   0: 0x800009fa (0x26b10f23) sb      a1, 638(sp)
core   0: 3 0x800009fa (0x26b10f23) mem 0x80020b01 0x70
core   0: 0x800009fe (0x27e14f83) lbu     t6, 638(sp)
core   0: 3 0x800009fe (0x27e14f83) x31 0x00000070 mem 0x80020b01
core   0: 0x80000a02 (0x03200def) jal     s11, pc + 0x32
core   0: 3 0x80000a02 (0x03200def) x27 0x80000a06
core   0: 0x80000a34 (0x0000bffd) c.j     pc - 2
core   0: 3 0x80000a34 (0xbffd)
core   0: 0x80000a32 (0x0000bff5) c.j     pc - 4
core   0: 3 0x80000a32 (0xbff5)
core   0: 0x80000a2e (0x00003fed) c.jal   pc - 6
core   0: 3 0x80000a2e (0x3fed) x 1 0x80000a30
core   0: 0x80000a28 (0x0140036f) jal     t1, pc + 0x14
core   0: 3 0x80000a28 (0x0140036f) x 6 0x80000a2c
core   0: 0x80000a3c (0x0000bfc5) c.j     pc - 16
core   0: 3 0x80000a3c (0xbfc5)
core   0: 0x80000a2c (0x00003fcd) c.jal   pc - 14
core   0: 3 0x80000a2c (0x3fcd) x 1 0x80000a2e
core   0: 0x80000a1e (0xff9ff36f) jal     t1, pc - 0x8
core   0: 3 0x80000a1e (0xff9ff36f) x 6 0x80000a22
core   0: 0x80000a16 (0x0000bfc5) c.j     pc - 16
core   0: 3 0x80000a16 (0xbfc5)
core   0: 0x80000a06 (0x01c000ef) jal     pc + 0x1c
core   0: 3 0x80000a06 (0x01c000ef) x 1 0x80000a0a
core   0: 0x80000a22 (0x00002819) c.jal   pc + 22
core   0: 3 0x80000a22 (0x2819) x 1 0x80000a24
core   0: 0x80000a38 (0xfedff0ef) jal     pc - 0x14
core   0: 3 0x80000a38 (0xfedff0ef) x 1 0x80000a3c
core   0: 0x80000a24 (0xfe7ff0ef) jal     pc - 0x1a
core   0: 3 0x80000a24 (0xfe7ff0ef) x 1 0x80000a28
core   0: 0x80000a0a (0x0000a039) c.j     pc + 14
core   0: 3 0x80000a0a (0xa039)
core   0: 0x80000a18 (0x0000a839) c.j     pc + 30
core   0: 3 0x80000a18 (0xa839)
core   0: 0x80000a36 (0x0000bfed) c.j     pc - 6
core   0: 3 0x80000a36 (0xbfed)
core   0: 0x80000a30 (0x0000b7c5) c.j     pc - 32
core   0: 3 0x80000a30 (0xb7c5)
core   0: 0x80000a10 (0x00002029) c.jal   pc + 10
core   0: 3 0x80000a10 (0x2029) x 1 0x80000a12
core   0: 0x80000a1a (0xffbff0ef) jal     pc - 0x6
core   0: 3 0x80000a1a (0xffbff0ef) x 1 0x80000a1e
core   0: 0x80000a14 (0x00003fe5) c.jal   pc - 8
core   0: 3 0x80000a14 (0x3fe5) x 1 0x80000a16
core   0: 0x80000a0c (0x0060096f) jal     s2, pc + 0x6
core   0: 3 0x80000a0c (0x0060096f) x18 0x80000a10
core   0: 0x80000a12 (0x0000a035) c.j     pc + 44
core   0: 3 0x80000a12 (0xa035)
core   0: 0x80000a3e (0x00f89a13) slli    s4, a7, 15
core   0: 3 0x80000a3e (0x00f89a13) x20 0x00000000
core   0: 0x80000a42 (0x00020117) auipc   sp, 0x20
core   0: 3 0x80000a42 (0x00020117) x 2 0x80020a42
core   0: 0x80000a46 (0xfef10113) addi    sp, sp, -17
core   0: 3 0x80000a46 (0xfef10113) x 2 0x80020a31
core   0: 0x80000a4a (0xf8711683) lh      a3, -121(sp)
core   0: 3 0x80000a4a (0xf8711683) x13 0x000005ef mem 0x800209b8
core   0: 0x80000a4e (0x00ab34b3) sltu    s1, s6, a0
core   0: 3 0x80000a4e (0x00ab34b3) x 9 0x00000000
core   0: 0x80000a52 (0x04c106a3) sb      a2, 77(sp)
core   0: 3 0x80000a52 (0x04c106a3) mem 0x80020a7e 0x2
core   0: 0x80000a56 (0x02810a03) lb      s4, 40(sp)
core   0: 3 0x80000a56 (0x02810a03) x20 0x00000049 mem 0x80020a59
core   0: 0x80000a5a (0x414a5533) sra     a0, s4, s4
core   0: 3 0x80000a5a (0x414a5533) x10 0x00000000
core   0: 0x80000a5e (0xf6a10ea3) sb      a0, -131(sp)
core   0: 3 0x80000a5e (0xf6a10ea3) mem 0x800209ae 0x0
core   0: 0x80000a62 (0x00a10723) sb      a0, 14(sp)
core   0: 3 0x80000a62 (0x00a10723) mem 0x80020a3f 0x0
core   0: 0x80000a66 (0xf6d10683) lb      a3, -147(sp)
core   0: 3 0x80000a66 (0xf6d10683) x13 0xffffffac mem 0x8002099e
core   0: 0x80000a6a (0x00000001) c.nop
core   0: 3 0x80000a6a (0x0001)
core   0: 0x80000a6c (0x00008b2a) c.mv    s6, a0
core   0: 3 0x80000a6c (0x8b2a) x22 0x00000000
core   0: 0x80000a6e (0x0b910b03) lb      s6, 185(sp)
core   0: 3 0x80000a6e (0x0b910b03) x22 0xfffffffd mem 0x80020aea
core   0: 0x80000a72 (0x0a9123a3) sw      s1, 167(sp)
core   0: 3 0x80000a72 (0x0a9123a3) mem 0x80020ad8 0x00000000
core   0: 0x80000a76 (0x014b26b3) slt     a3, s6, s4
core   0: 3 0x80000a76 (0x014b26b3) x13 0x00000001
core   0: 0x80000a7a (0x06214503) lbu     a0, 98(sp)
core   0: 3 0x80000a7a (0x06214503) x10 0x00000081 mem 0x80020a93
core   0: 0x80000a7e (0x04510a03) lb      s4, 69(sp)
core   0: 3 0x80000a7e (0x04510a03) x20 0x00000007 mem 0x80020a76
core   0: 0x80000a82 (0x00db6633) or      a2, s6, a3
core   0: 3 0x80000a82 (0x00db6633) x12 0xfffffffd
core   0: 0x80000a86 (0x40a4d4b3) sra     s1, s1, a0
core   0: 3 0x80000a86 (0x40a4d4b3) x 9 0x00000000
core   0: 0x80000a8a (0xf7410c23) sb      s4, -136(sp)
core   0: 3 0x80000a8a (0xf7410c23) mem 0x800209a9 0x7
core   0: 0x80000a8e (0x47c48513) addi    a0, s1, 1148
core   0: 3 0x80000a8e (0x47c48513) x10 0x0000047c
core   0: 0x80000a92 (0x02c4bb33) mulhu   s6, s1, a2
core   0: 3 0x80000a92 (0x02c4bb33) x22 0x00000000
core   0: 0x80000a96 (0x00000001) c.nop
core   0: 3 0x80000a96 (0x0001)
core   0: 0x80000a98 (0x00008d49) c.or    a0, a0
core   0: 3 0x80000a98 (0x8d49) x10 0x0000047c
core   0: 0x80000a9a (0x02a666b3) rem     a3, a2, a0
core   0: 3 0x80000a9a (0x02a666b3) x13 0xfffffffd
core   0: 0x80000a9e (0x029b44b3) div     s1, s6, s1
core   0: 3 0x80000a9e (0x029b44b3) x 9 0xffffffff
core   0: 0x80000aa2 (0x01c14503) lbu     a0, 28(sp)
core   0: 3 0x80000aa2 (0x01c14503) x10 0x0000004a mem 0x80020a4d
core   0: 0x80000aa6 (0x5bd56513) ori     a0, a0, 1469
core   0: 3 0x80000aa6 (0x5bd56513) x10 0x000005ff
core   0: 0x80000aaa (0x036a66b3) rem     a3, s4, s6
core   0: 3 0x80000aaa (0x036a66b3) x13 0x00000007
core   0: 0x80000aae (0x0ea10b23) sb      a0, 246(sp)
core   0: 3 0x80000aae (0x0ea10b23) mem 0x80020b27 0xff
core   0: 0x80000ab2 (0x0f410f23) sb      s4, 254(sp)
core   0: 3 0x80000ab2 (0x0f410f23) mem 0x80020b2f 0x7
core   0: 0x80000ab6 (0xf9814b03) lbu     s6, -104(sp)
core   0: 3 0x80000ab6 (0xf9814b03) x22 0x00000024 mem 0x800209c9
core   0: 0x80000aba (0xfa414503) lbu     a0, -92(sp)
core   0: 3 0x80000aba (0xfa414503) x10 0x0000006f mem 0x800209d5
core   0: 0x80000abe (0xf1814a03) lbu     s4, -232(sp)
core   0: 3 0x80000abe (0xf1814a03) x20 0x000000dd mem 0x80020949
core   0: 0x80000ac2 (0xf2a10ea3) sb      a0, -195(sp)
core   0: 3 0x80000ac2 (0xf2a10ea3) mem 0x8002096e 0x6f
core   0: 0x80000ac6 (0x00a00def) jal     s11, pc + 0xa
core   0: 3 0x80000ac6 (0x00a00def) x27 0x80000aca
core   0: 0x80000ad0 (0x03a0046f) jal     s0, pc + 0x3a
core   0: 3 0x80000ad0 (0x03a0046f) x 8 0x80000ad4
core   0: 0x80000b0a (0x000037f9) c.jal   pc - 50
core   0: 3 0x80000b0a (0x37f9) x 1 0x80000b0c
core   0: 0x80000ad8 (0x0000a805) c.j     pc + 48
core   0: 3 0x80000ad8 (0xa805)
core   0: 0x80000b08 (0x0000bff1) c.j     pc - 36
core   0: 3 0x80000b08 (0xbff1)
core   0: 0x80000ae4 (0x018006ef) jal     a3, pc + 0x18
core   0: 3 0x80000ae4 (0x018006ef) x13 0x80000ae8
core   0: 0x80000afc (0x0000a821) c.j     pc + 24
core   0: 3 0x80000afc (0xa821)
core   0: 0x80000b14 (0x0000b7c5) c.j     pc - 32
core   0: 3 0x80000b14 (0xb7c5)
core   0: 0x80000af4 (0xfe7ff4ef) jal     s1, pc - 0x1a
core   0: 3 0x80000af4 (0xfe7ff4ef) x 9 0x80000af8
core   0: 0x80000ada (0x00003fd5) c.jal   pc - 12
core   0: 3 0x80000ada (0x3fd5) x 1 0x80000adc
core   0: 0x80000ace (0x0000a089) c.j     pc + 66
core   0: 3 0x80000ace (0xa089)
core   0: 0x80000b10 (0x0000bff5) c.j     pc - 4
core   0: 3 0x80000b10 (0xbff5)
core   0: 0x80000b0c (0xff3ffeef) jal     t4, pc - 0xe
core   0: 3 0x80000b0c (0xff3ffeef) x29 0x80000b10
core   0: 0x80000afe (0x014000ef) jal     pc + 0x14
core   0: 3 0x80000afe (0x014000ef) x 1 0x80000b02
core   0: 0x80000b12 (0x00003fc5) c.jal   pc - 16
core   0: 3 0x80000b12 (0x3fc5) x 1 0x80000b14
core   0: 0x80000b02 (0x000037f5) c.jal   pc - 20
core   0: 3 0x80000b02 (0x37f5) x 1 0x80000b04
core   0: 0x80000aee (0x00003fd5) c.jal   pc - 12
core   0: 3 0x80000aee (0x3fd5) x 1 0x80000af0
core   0: 0x80000ae2 (0x0000bfed) c.j     pc - 6
core   0: 3 0x80000ae2 (0xbfed)
core   0: 0x80000adc (0x0140036f) jal     t1, pc + 0x14
core   0: 3 0x80000adc (0x0140036f) x 6 0x80000ae0
core   0: 0x80000af0 (0xfdbff0ef) jal     pc - 0x26
core   0: 3 0x80000af0 (0xfdbff0ef) x 1 0x80000af4
core   0: 0x80000aca (0x0200016f) jal     sp, pc + 0x20
core   0: 3 0x80000aca (0x0200016f) x 2 0x80000ace
core   0: 0x80000aea (0xfffff0ef) jal     pc - 0x2
core   0: 3 0x80000aea (0xfffff0ef) x 1 0x80000aee
core   0: 0x80000ae8 (0x0000203d) c.jal   pc + 46
core   0: 3 0x80000ae8 (0x203d) x 1 0x80000aea
core   0: 0x80000b16 (0x0000b7cd) c.j     pc - 30
core   0: 3 0x80000b16 (0xb7cd)
core   0: 0x80000af8 (0x00e00cef) jal     s9, pc + 0xe
core   0: 3 0x80000af8 (0x00e00cef) x25 0x80000afc
core   0: 0x80000b06 (0x0000b7f9) c.j     pc - 50
core   0: 3 0x80000b06 (0xb7f9)
core   0: 0x80000ad4 (0x030000ef) jal     pc + 0x30
core   0: 3 0x80000ad4 (0x030000ef) x 1 0x80000ad8
core   0: 0x80000b04 (0x0000bff1) c.j     pc - 36
core   0: 3 0x80000b04 (0xbff1)
core   0: 0x80000ae0 (0x00002825) c.jal   pc + 56
core   0: 3 0x80000ae0 (0x2825) x 1 0x80000ae2
core   0: 0x80000b18 (0x01b3bdb3) sltu    s11, t2, s11
core   0: 3 0x80000b18 (0x01b3bdb3) x27 0x00000001
core   0: 0x80000b1c (0x00016697) auipc   a3, 0x16
core   0: 3 0x80000b1c (0x00016697) x13 0x80016b1c
core   0: 0x80000b20 (0xae668693) addi    a3, a3, -1306
core   0: 3 0x80000b20 (0xae668693) x13 0x80016602
core   0: 0x80000b24 (0x0353b933) mulhu   s2, t2, s5
core   0: 3 0x80000b24 (0x0353b933) x18 0x00000000
core   0: 0x80000b28 (0x9606dd03) lhu     s10, -1696(a3)
core   0: 3 0x80000b28 (0x9606dd03) x26 0x00007f0c mem 0x80015f62
core   0: 0x80000b2c (0x0237d2b3) divu    t0, a5, gp
core   0: 3 0x80000b2c (0x0237d2b3) x 5 0x00000000
core   0: 0x80000b30 (0x6ac680a3) sb      a2, 1697(a3)
core   0: 3 0x80000b30 (0x6ac680a3) mem 0x80016ca3 0xfd
core   0: 0x80000b34 (0x00008e55) c.or    a2, a3
core   0: 3 0x80000b34 (0x8e55) x12 0xffffffff
core   0: 0x80000b36 (0x011b5b93) srli    s7, s6, 17
core   0: 3 0x80000b36 (0x011b5b93) x23 0x00000000
core   0: 0x80000b3a (0x023bbfb3) mulhu   t6, s7, gp
core   0: 3 0x80000b3a (0x023bbfb3) x31 0x00000000
core   0: 0x80000b3e (0x00f043b3) xor     t2, zero, a5
core   0: 3 0x80000b3e (0x00f043b3) x 7 0x80029ce4
core   0: 0x80000b42 (0xbb2fb813) sltiu   a6, t6, -1102
core   0: 3 0x80000b42 (0xbb2fb813) x16 0x00000001
core   0: 0x80000b46 (0x00008fe2) c.mv    t6, s8
core   0: 3 0x80000b46 (0x8fe2) x31 0xfffffc68
core   0: 0x80000b48 (0x00eb65b3) or      a1, s6, a4
core   0: 3 0x80000b48 (0x00eb65b3) x11 0x8128c42c
core   0: 0x80000b4c (0x06068c83) lb      s9, 96(a3)
core   0: 3 0x80000b4c (0x06068c83) x25 0xffffffe8 mem 0x80016662
core   0: 0x80000b50 (0x01bf5113) srli    sp, t5, 27
core   0: 3 0x80000b50 (0x01bf5113) x 2 0x0000001f
core   0: 0x80000b54 (0x0000100f) fence.i
core   0: 3 0x80000b54 (0x0000100f)
core   0: 0x80000b58 (0x91d68c23) sb      t4, -1768(a3)
core   0: 3 0x80000b58 (0x91d68c23) mem 0x80015f1a 0x10
core   0: 0x80000b5c (0x01c68583) lb      a1, 28(a3)
core   0: 3 0x80000b5c (0x01c68583) x11 0xffffff82 mem 0x8001661e
core   0: 0x80000b60 (0x20b68803) lb      a6, 523(a3)
core   0: 3 0x80000b60 (0x20b68803) x16 0x0000006f mem 0x8001680d
core   0: 0x80000b64 (0xb7469c83) lh      s9, -1164(a3)
core   0: 3 0x80000b64 (0xb7469c83) x25 0xffffe22b mem 0x80016176
core   0: 0x80000b68 (0x02b481b3) mul     gp, s1, a1
core   0: 3 0x80000b68 (0x02b481b3) x 3 0xfffa99f0
core   0: 0x80000b6c (0x2ddd7493) andi    s1, s10, 733
core   0: 3 0x80000b6c (0x2ddd7493) x 9 0x0000020c
core   0: 0x80000b70 (0x28668003) lb      zero, 646(a3)
core   0: 3 0x80000b70 (0x28668003) mem 0x80016888
core   0: 0x80000b74 (0x00211933) sll     s2, sp, sp
core   0: 3 0x80000b74 (0x00211933) x18 0x80000000
core   0: 0x80000b78 (0x039ac833) div     a6, s5, s9
core   0: 3 0x80000b78 (0x039ac833) x16 0x00044a56
core   0: 0x80000b7c (0x01dca033) slt     zero, s9, t4
core   0: 3 0x80000b7c (0x01dca033)
core   0: 0x80000b80 (0x00008e55) c.or    a2, a3
core   0: 3 0x80000b80 (0x8e55) x12 0xffffffff
core   0: 0x80000b82 (0x00008849) c.andi  s0, 18
core   0: 3 0x80000b82 (0x8849) x 8 0x00000010
core   0: 0x80000b84 (0x2e768703) lb      a4, 743(a3)
core   0: 3 0x80000b84 (0x2e768703) x14 0x0000003f mem 0x800168e9
core   0: 0x80000b88 (0x024bc4b3) div     s1, s7, tp
core   0: 3 0x80000b88 (0x024bc4b3) x 9 0xffffffff
core   0: 0x80000b8c (0x39a6de03) lhu     t3, 922(a3)
core   0: 3 0x80000b8c (0x39a6de03) x28 0x0000ccde mem 0x8001699c
core   0: 0x80000b90 (0x00010217) auipc   tp, 0x10
core   0: 3 0x80000b90 (0x00010217) x 4 0x80010b90
core   0: 0x80000b94 (0xf4c20213) addi    tp, tp, -180
core   0: 3 0x80000b94 (0xf4c20213) x 4 0x80010adc
core   0: 0x80000b98 (0x52924c83) lbu     s9, 1321(tp)
core   0: 3 0x80000b98 (0x52924c83) x25 0x000000b3 mem 0x80011005
core   0: 0x80000b9c (0xa2020d03) lb      s10, -1504(tp)
core   0: 3 0x80000b9c (0xa2020d03) x26 0x0000005d mem 0x800104fc
core   0: 0x80000ba0 (0xd9820123) sb      s8, -638(tp)
core   0: 3 0x80000ba0 (0xd9820123) mem 0x8001085e 0x68
core   0: 0x80000ba4 (0xc7b20183) lb      gp, -901(tp)
core   0: 3 0x80000ba4 (0xc7b20183) x 3 0x0000003b mem 0x80010757
core   0: 0x80000ba8 (0x21920383) lb      t2, 537(tp)
core   0: 3 0x80000ba8 (0x21920383) x 7 0x00000066 mem 0x80010cf5
core   0: 0x80000bac (0x97c207a3) sb      t3, -1681(tp)
core   0: 3 0x80000bac (0x97c207a3) mem 0x8001044b 0xde
core   0: 0x80000bb0 (0x0000f117) auipc   sp, 0xf
core   0: 3 0x80000bb0 (0x0000f117) x 2 0x8000fbb0
core   0: 0x80000bb4 (0x57e10113) addi    sp, sp, 1406
core   0: 3 0x80000bb4 (0x57e10113) x 2 0x8001012e
core   0: 0x80000bb8 (0x025104a3) sb      t0, 41(sp)
core   0: 3 0x80000bb8 (0x025104a3) mem 0x80010157 0x0
core   0: 0x80000bbc (0x00415f03) lhu     t5, 4(sp)
core   0: 3 0x80000bbc (0x00415f03) x30 0x0000d107 mem 0x80010132
core   0: 0x80000bc0 (0xcfa20d03) lb      s10, -774(tp)
core   0: 3 0x80000bc0 (0xcfa20d03) x26 0x0000002b mem 0x800107d6
core   0: 0x80000bc4 (0x15a21003) lh      zero, 346(tp)
core   0: 3 0x80000bc4 (0x15a21003) mem 0x80010c36
core   0: 0x80000bc8 (0x01314303) lbu     t1, 19(sp)
core   0: 3 0x80000bc8 (0x01314303) x 6 0x00000058 mem 0x80010141
core   0: 0x80000bcc (0x82b20123) sb      a1, -2014(tp)
core   0: 3 0x80000bcc (0x82b20123) mem 0x800102fe 0x82
core   0: 0x80000bd0 (0xff410a03) lb      s4, -12(sp)
core   0: 3 0x80000bd0 (0xff410a03) x20 0x00000072 mem 0x80010122
core   0: 0x80000bd4 (0xfe211123) sh      sp, -30(sp)
core   0: 3 0x80000bd4 (0xfe211123) mem 0x80010110 0x012e
core   0: 0x80000bd8 (0xc0922023) sw      s1, -1024(tp)
core   0: 3 0x80000bd8 (0xc0922023) mem 0x800106dc 0xffffffff
core   0: 0x80000bdc (0x01800def) jal     s11, pc + 0x18
core   0: 3 0x80000bdc (0x01800def) x27 0x80000be0
core   0: 0x80000bf4 (0x00002005) c.jal   pc + 32
core   0: 3 0x80000bf4 (0x2005) x 1 0x80000bf6
core   0: 0x80000c14 (0xfcdff0ef) jal     pc - 0x34
core   0: 3 0x80000c14 (0xfcdff0ef) x 1 0x80000c18
core   0: 0x80000be0 (0x00002831) c.jal   pc + 28
core   0: 3 0x80000be0 (0x2831) x 1 0x80000be2
core   0: 0x80000bfc (0x0000a811) c.j     pc + 20
core   0: 3 0x80000bfc (0xa811)
core   0: 0x80000c10 (0xffdff26f) jal     tp, pc - 0x4
core   0: 3 0x80000c10 (0xffdff26f) x 4 0x80000c14
core   0: 0x80000c0c (0xff3ff36f) jal     t1, pc - 0xe
core   0: 3 0x80000c0c (0xff3ff36f) x 6 0x80000c10
core   0: 0x80000bfe (0xffbff9ef) jal     s3, pc - 0x6
core   0: 3 0x80000bfe (0xffbff9ef) x19 0x80000c02
core   0: 0x80000bf8 (0x0000a029) c.j     pc + 10
core   0: 3 0x80000bf8 (0xa029)
core   0: 0x80000c02 (0x00003fe5) c.jal   pc - 8
core   0: 3 0x80000c02 (0x3fe5) x 1 0x80000c04
core   0: 0x80000bfa (0x0000bfe5) c.j     pc - 8
core   0: 3 0x80000bfa (0xbfe5)
core   0: 0x80000bf2 (0x00003fd5) c.jal   pc - 12
core   0: 3 0x80000bf2 (0x3fd5) x 1 0x80000bf4
core   0: 0x80000be6 (0x022003ef) jal     t2, pc + 0x22
core   0: 3 0x80000be6 (0x022003ef) x 7 0x80000bea
core   0: 0x80000c08 (0x0000a009) c.j     pc + 2
core   0: 3 0x80000c08 (0xa009)
core   0: 0x80000c0a (0x000037d5) c.jal   pc - 28
core   0: 3 0x80000c0a (0x37d5) x 1 0x80000c0c
core   0: 0x80000bee (0xffdff0ef) jal     pc - 0x4
core   0: 3 0x80000bee (0xffdff0ef) x 1 0x80000bf2
core   0: 0x80000bea (0x01c0036f) jal     t1, pc + 0x1c
core   0: 3 0x80000bea (0x01c0036f) x 6 0x80000bee
core   0: 0x80000c06 (0x0000bffd) c.j     pc - 2
core   0: 3 0x80000c06 (0xbffd)
core   0: 0x80000c04 (0x00003fcd) c.jal   pc - 14
core   0: 3 0x80000c04 (0x3fcd) x 1 0x80000c06
core   0: 0x80000bf6 (0x000037fd) c.jal   pc - 18
core   0: 3 0x80000bf6 (0x37fd) x 1 0x80000bf8
core   0: 0x80000be4 (0x00003ffd) c.jal   pc - 2
core   0: 3 0x80000be4 (0x3ffd) x 1 0x80000be6
core   0: 0x80000be2 (0x0000a81d) c.j     pc + 54
core   0: 3 0x80000be2 (0xa81d)
core   0: 0x80000c18 (0x408c0db3) sub     s11, s8, s0
core   0: 3 0x80000c18 (0x408c0db3) x27 0xfffffc58
core   0: 0x80000c1c (0x00019197) auipc   gp, 0x19
core   0: 3 0x80000c1c (0x00019197) x 3 0x80019c1c
core   0: 0x80000c20 (0x2f518193) addi    gp, gp, 757
core   0: 3 0x80000c20 (0x2f518193) x 3 0x80019f11
core   0: 0x80000c24 (0x56118503) lb      a0, 1377(gp)
core   0: 3 0x80000c24 (0x56118503) x10 0x00000058 mem 0x8001a472
core   0: 0x80000c28 (0x52c195a3) sh      a2, 1323(gp)
core   0: 3 0x80000c28 (0x52c195a3) mem 0x8001a43c 0xffff
core   0: 0x80000c2c (0x76e18523) sb      a4, 1898(gp)
core   0: 3 0x80000c2c (0x76e18523) mem 0x8001a67b 0x3f
core   0: 0x80000c30 (0x022723b3) mulhsu  t2, a4, sp
core   0: 3 0x80000c30 (0x022723b3) x 7 0x0000001f
core   0: 0x80000c34 (0x02a39eb3) mulh    t4, t2, a0
core   0: 3 0x80000c34 (0x02a39eb3) x29 0x00000000
core   0: 0x80000c38 (0x00000e9e) c.slli  t4, 7
core   0: 3 0x80000c38 (0x0e9e) x29 0x00000000
core   0: 0x80000c3a (0xd0a52393) slti    t2, a0, -758
core   0: 3 0x80000c3a (0xd0a52393) x 7 0x00000000
core   0: 0x80000c3e (0x0000100f) fence.i
core   0: 3 0x80000c3e (0x0000100f)
core   0: 0x80000c42 (0x007eeeb3) or      t4, t4, t2
core   0: 3 0x80000c42 (0x007eeeb3) x29 0x00000000
core   0: 0x80000c46 (0x00c3deb3) srl     t4, t2, a2
core   0: 3 0x80000c46 (0x00c3deb3) x29 0x00000000
core   0: 0x80000c4a (0x407653b3) sra     t2, a2, t2
core   0: 3 0x80000c4a (0x407653b3) x 7 0xffffffff
core   0: 0x80000c4e (0xa531de83) lhu     t4, -1453(gp)
core   0: 3 0x80000c4e (0xa531de83) x29 0x0000862f mem 0x80019964
core   0: 0x80000c52 (0x40765733) sra     a4, a2, t2
core   0: 3 0x80000c52 (0x40765733) x14 0xffffffff
core   0: 0x80000c56 (0x087195a3) sh      t2, 139(gp)
core   0: 3 0x80000c56 (0x087195a3) mem 0x80019f9c 0xffff
core   0: 0x80000c5a (0x9b760613) addi    a2, a2, -1609
core   0: 3 0x80000c5a (0x9b760613) x12 0xfffff9b6
core   0: 0x80000c5e (0x00000001) c.nop
core   0: 3 0x80000c5e (0x0001)
core   0: 0x80000c60 (0x0ff0000f) fence   iorw,iorw
core   0: 3 0x80000c60 (0x0ff0000f)
core   0: 0x80000c64 (0x00001efd) c.addi  t4, -1
core   0: 3 0x80000c64 (0x1efd) x29 0x0000862e
core   0: 0x80000c66 (0x00a51533) sll     a0, a0, a0
core   0: 3 0x80000c66 (0x00a51533) x10 0x58000000
core   0: 0x80000c6a (0x01651113) slli    sp, a0, 22
core   0: 3 0x80000c6a (0x01651113) x 2 0x00000000
core   0: 0x80000c6e (0x40c75393) srai    t2, a4, 12
core   0: 3 0x80000c6e (0x40c75393) x 7 0xffffffff
core   0: 0x80000c72 (0x00008f51) c.or    a4, a2
core   0: 3 0x80000c72 (0x8f51) x14 0xffffffff
core   0: 0x80000c74 (0x4a473e93) sltiu   t4, a4, 1188
core   0: 3 0x80000c74 (0x4a473e93) x29 0x00000000
core   0: 0x80000c78 (0xdea18a23) sb      a0, -524(gp)
core   0: 3 0x80000c78 (0xdea18a23) mem 0x80019d05 0x0
core   0: 0x80000c7c (0x00a133b3) sltu    t2, sp, a0
core   0: 3 0x80000c7c (0x00a133b3) x 7 0x00000001
core   0: 0x80000c80 (0xd4e18503) lb      a0, -690(gp)
core   0: 3 0x80000c80 (0xd4e18503) x10 0xffffffdc mem 0x80019c5f
core   0: 0x80000c84 (0x00039113) slli    sp, t2, 0
core   0: 3 0x80000c84 (0x00039113) x 2 0x00000001
core   0: 0x80000c88 (0xf4f13513) sltiu   a0, sp, -177
core   0: 3 0x80000c88 (0xf4f13513) x10 0x00000001
core   0: 0x80000c8c (0xd6e18323) sb      a4, -666(gp)
core   0: 3 0x80000c8c (0xd6e18323) mem 0x80019c77 0xff
core   0: 0x80000c90 (0x95d18603) lb      a2, -1699(gp)
core   0: 3 0x80000c90 (0x95d18603) x12 0xffffffb2 mem 0x8001986e
core   0: 0x80000c94 (0x7131ae83) lw      t4, 1811(gp)
core   0: 3 0x80000c94 (0x7131ae83) x29 0xc42f81b8 mem 0x8001a624
core   0: 0x80000c98 (0x02a653b3) divu    t2, a2, a0
core   0: 3 0x80000c98 (0x02a653b3) x 7 0xffffffb2
core   0: 0x80000c9c (0x00275eb3) srl     t4, a4, sp
core   0: 3 0x80000c9c (0x00275eb3) x29 0x7fffffff
core   0: 0x80000ca0 (0x30118503) lb      a0, 769(gp)
core   0: 3 0x80000ca0 (0x30118503) x10 0x00000042 mem 0x8001a212
core   0: 0x80000ca4 (0xff800693) li      a3, -8
core   0: 3 0x80000ca4 (0xff800693) x13 0xfffffff8
core   0: 0x80000ca8 (0x01000413) li      s0, 16
core   0: 3 0x80000ca8 (0x01000413) x 8 0x00000010
core   0: 0x80000cac (0x014cf733) and     a4, s9, s4
core   0: 3 0x80000cac (0x014cf733) x14 0x00000032
core   0: 0x80000cb0 (0x00000685) c.addi  a3, 1
core   0: 3 0x80000cb0 (0x0685) x13 0xfffffff9
core   0: 0x80000cb2 (0xfe869de3) bne     a3, s0, pc - 6
core   0: 3 0x80000cb2 (0xfe869de3)
core   0: 0x80000cac (0x014cf733) and     a4, s9, s4
core   0: 3 0x80000cac (0x014cf733) x14 0x00000032
core   0: 0x80000cb0 (0x00000685) c.addi  a3, 1
core   0: 3 0x80000cb0 (0x0685) x13 0xfffffffa
core   0: 0x80000cb2 (0xfe869de3) bne     a3, s0, pc - 6
core   0: 3 0x80000cb2 (0xfe869de3)
core   0: 0x80000cac (0x014cf733) and     a4, s9, s4
core   0: 3 0x80000cac (0x014cf733) x14 0x00000032
core   0: 0x80000cb0 (0x00000685) c.addi  a3, 1
core   0: 3 0x80000cb0 (0x0685) x13 0xfffffffb
core   0: 0x80000cb2 (0xfe869de3) bne     a3, s0, pc - 6
core   0: 3 0x80000cb2 (0xfe869de3)
core   0: 0x80000cac (0x014cf733) and     a4, s9, s4
core   0: 3 0x80000cac (0x014cf733) x14 0x00000032
core   0: 0x80000cb0 (0x00000685) c.addi  a3, 1
core   0: 3 0x80000cb0 (0x0685) x13 0xfffffffc
core   0: 0x80000cb2 (0xfe869de3) bne     a3, s0, pc - 6
core   0: 3 0x80000cb2 (0xfe869de3)
core   0: 0x80000cac (0x014cf733) and     a4, s9, s4
core   0: 3 0x80000cac (0x014cf733) x14 0x00000032
core   0: 0x80000cb0 (0x00000685) c.addi  a3, 1
core   0: 3 0x80000cb0 (0x0685) x13 0xfffffffd
core   0: 0x80000cb2 (0xfe869de3) bne     a3, s0, pc - 6
core   0: 3 0x80000cb2 (0xfe869de3)
core   0: 0x80000cac (0x014cf733) and     a4, s9, s4
core   0: 3 0x80000cac (0x014cf733) x14 0x00000032
core   0: 0x80000cb0 (0x00000685) c.addi  a3, 1
core   0: 3 0x80000cb0 (0x0685) x13 0xfffffffe
core   0: 0x80000cb2 (0xfe869de3) bne     a3, s0, pc - 6
core   0: 3 0x80000cb2 (0xfe869de3)
core   0: 0x80000cac (0x014cf733) and     a4, s9, s4
core   0: 3 0x80000cac (0x014cf733) x14 0x00000032
core   0: 0x80000cb0 (0x00000685) c.addi  a3, 1
core   0: 3 0x80000cb0 (0x0685) x13 0xffffffff
core   0: 0x80000cb2 (0xfe869de3) bne     a3, s0, pc - 6
core   0: 3 0x80000cb2 (0xfe869de3)
core   0: 0x80000cac (0x014cf733) and     a4, s9, s4
core   0: 3 0x80000cac (0x014cf733) x14 0x00000032
core   0: 0x80000cb0 (0x00000685) c.addi  a3, 1
core   0: 3 0x80000cb0 (0x0685) x13 0x00000000
core   0: 0x80000cb2 (0xfe869de3) bne     a3, s0, pc - 6
core   0: 3 0x80000cb2 (0xfe869de3)
core   0: 0x80000cac (0x014cf733) and     a4, s9, s4
core   0: 3 0x80000cac (0x014cf733) x14 0x00000032
core   0: 0x80000cb0 (0x00000685) c.addi  a3, 1
core   0: 3 0x80000cb0 (0x0685) x13 0x00000001
core   0: 0x80000cb2 (0xfe869de3) bne     a3, s0, pc - 6
core   0: 3 0x80000cb2 (0xfe869de3)
core   0: 0x80000cac (0x014cf733) and     a4, s9, s4
core   0: 3 0x80000cac (0x014cf733) x14 0x00000032
core   0: 0x80000cb0 (0x00000685) c.addi  a3, 1
core   0: 3 0x80000cb0 (0x0685) x13 0x00000002
core   0: 0x80000cb2 (0xfe869de3) bne     a3, s0, pc - 6
core   0: 3 0x80000cb2 (0xfe869de3)
core   0: 0x80000cac (0x014cf733) and     a4, s9, s4
core   0: 3 0x80000cac (0x014cf733) x14 0x00000032
core   0: 0x80000cb0 (0x00000685) c.addi  a3, 1
core   0: 3 0x80000cb0 (0x0685) x13 0x00000003
core   0: 0x80000cb2 (0xfe869de3) bne     a3, s0, pc - 6
core   0: 3 0x80000cb2 (0xfe869de3)
core   0: 0x80000cac (0x014cf733) and     a4, s9, s4
core   0: 3 0x80000cac (0x014cf733) x14 0x00000032
core   0: 0x80000cb0 (0x00000685) c.addi  a3, 1
core   0: 3 0x80000cb0 (0x0685) x13 0x00000004
core   0: 0x80000cb2 (0xfe869de3) bne     a3, s0, pc - 6
core   0: 3 0x80000cb2 (0xfe869de3)
core   0: 0x80000cac (0x014cf733) and     a4, s9, s4
core   0: 3 0x80000cac (0x014cf733) x14 0x00000032
core   0: 0x80000cb0 (0x00000685) c.addi  a3, 1
core   0: 3 0x80000cb0 (0x0685) x13 0x00000005
core   0: 0x80000cb2 (0xfe869de3) bne     a3, s0, pc - 6
core   0: 3 0x80000cb2 (0xfe869de3)
core   0: 0x80000cac (0x014cf733) and     a4, s9, s4
core   0: 3 0x80000cac (0x014cf733) x14 0x00000032
core   0: 0x80000cb0 (0x00000685) c.addi  a3, 1
core   0: 3 0x80000cb0 (0x0685) x13 0x00000006
core   0: 0x80000cb2 (0xfe869de3) bne     a3, s0, pc - 6
core   0: 3 0x80000cb2 (0xfe869de3)
core   0: 0x80000cac (0x014cf733) and     a4, s9, s4
core   0: 3 0x80000cac (0x014cf733) x14 0x00000032
core   0: 0x80000cb0 (0x00000685) c.addi  a3, 1
core   0: 3 0x80000cb0 (0x0685) x13 0x00000007
core   0: 0x80000cb2 (0xfe869de3) bne     a3, s0, pc - 6
core   0: 3 0x80000cb2 (0xfe869de3)
core   0: 0x80000cac (0x014cf733) and     a4, s9, s4
core   0: 3 0x80000cac (0x014cf733) x14 0x00000032
core   0: 0x80000cb0 (0x00000685) c.addi  a3, 1
core   0: 3 0x80000cb0 (0x0685) x13 0x00000008
core   0: 0x80000cb2 (0xfe869de3) bne     a3, s0, pc - 6
core   0: 3 0x80000cb2 (0xfe869de3)
core   0: 0x80000cac (0x014cf733) and     a4, s9, s4
core   0: 3 0x80000cac (0x014cf733) x14 0x00000032
core   0: 0x80000cb0 (0x00000685) c.addi  a3, 1
core   0: 3 0x80000cb0 (0x0685) x13 0x00000009
core   0: 0x80000cb2 (0xfe869de3) bne     a3, s0, pc - 6
core   0: 3 0x80000cb2 (0xfe869de3)
core   0: 0x80000cac (0x014cf733) and     a4, s9, s4
core   0: 3 0x80000cac (0x014cf733) x14 0x00000032
core   0: 0x80000cb0 (0x00000685) c.addi  a3, 1
core   0: 3 0x80000cb0 (0x0685) x13 0x0000000a
core   0: 0x80000cb2 (0xfe869de3) bne     a3, s0, pc - 6
core   0: 3 0x80000cb2 (0xfe869de3)
core   0: 0x80000cac (0x014cf733) and     a4, s9, s4
core   0: 3 0x80000cac (0x014cf733) x14 0x00000032
core   0: 0x80000cb0 (0x00000685) c.addi  a3, 1
core   0: 3 0x80000cb0 (0x0685) x13 0x0000000b
core   0: 0x80000cb2 (0xfe869de3) bne     a3, s0, pc - 6
core   0: 3 0x80000cb2 (0xfe869de3)
core   0: 0x80000cac (0x014cf733) and     a4, s9, s4
core   0: 3 0x80000cac (0x014cf733) x14 0x00000032
core   0: 0x80000cb0 (0x00000685) c.addi  a3, 1
core   0: 3 0x80000cb0 (0x0685) x13 0x0000000c
core   0: 0x80000cb2 (0xfe869de3) bne     a3, s0, pc - 6
core   0: 3 0x80000cb2 (0xfe869de3)
core   0: 0x80000cac (0x014cf733) and     a4, s9, s4
core   0: 3 0x80000cac (0x014cf733) x14 0x00000032
core   0: 0x80000cb0 (0x00000685) c.addi  a3, 1
core   0: 3 0x80000cb0 (0x0685) x13 0x0000000d
core   0: 0x80000cb2 (0xfe869de3) bne     a3, s0, pc - 6
core   0: 3 0x80000cb2 (0xfe869de3)
core   0: 0x80000cac (0x014cf733) and     a4, s9, s4
core   0: 3 0x80000cac (0x014cf733) x14 0x00000032
core   0: 0x80000cb0 (0x00000685) c.addi  a3, 1
core   0: 3 0x80000cb0 (0x0685) x13 0x0000000e
core   0: 0x80000cb2 (0xfe869de3) bne     a3, s0, pc - 6
core   0: 3 0x80000cb2 (0xfe869de3)
core   0: 0x80000cac (0x014cf733) and     a4, s9, s4
core   0: 3 0x80000cac (0x014cf733) x14 0x00000032
core   0: 0x80000cb0 (0x00000685) c.addi  a3, 1
core   0: 3 0x80000cb0 (0x0685) x13 0x0000000f
core   0: 0x80000cb2 (0xfe869de3) bne     a3, s0, pc - 6
core   0: 3 0x80000cb2 (0xfe869de3)
core   0: 0x80000cac (0x014cf733) and     a4, s9, s4
core   0: 3 0x80000cac (0x014cf733) x14 0x00000032
core   0: 0x80000cb0 (0x00000685) c.addi  a3, 1
core   0: 3 0x80000cb0 (0x0685) x13 0x00000010
core   0: 0x80000cb2 (0xfe869de3) bne     a3, s0, pc - 6
core   0: 3 0x80000cb2 (0xfe869de3)
core   0: 0x80000cb6 (0xfbcb9d17) auipc   s10, 0xfbcb9
core   0: 3 0x80000cb6 (0xfbcb9d17) x26 0x7bcb9cb6
core   0: 0x80000cba (0x0001bb17) auipc   s6, 0x1b
core   0: 3 0x80000cba (0x0001bb17) x22 0x8001bcba
core   0: 0x80000cbe (0x244b0b13) addi    s6, s6, 580
core   0: 3 0x80000cbe (0x244b0b13) x22 0x8001befe
core   0: 0x80000cc2 (0x112b5403) lhu     s0, 274(s6)
core   0: 3 0x80000cc2 (0x112b5403) x 8 0x00001eb9 mem 0x8001c010
core   0: 0x80000cc6 (0x106b0903) lb      s2, 262(s6)
core   0: 3 0x80000cc6 (0x106b0903) x18 0xffffffb4 mem 0x8001c004
core   0: 0x80000cca (0x5acb1c23) sh      a2, 1464(s6)
core   0: 3 0x80000cca (0x5acb1c23) mem 0x8001c4b6 0xffb2
core   0: 0x80000cce (0x00008242) c.mv    tp, a6
core   0: 3 0x80000cce (0x8242) x 4 0x00044a56
core   0: 0x80000cd0 (0x16f86b93) ori     s7, a6, 367
core   0: 3 0x80000cd0 (0x16f86b93) x23 0x00044b7f
core   0: 0x80000cd4 (0x00000001) c.nop
core   0: 3 0x80000cd4 (0x0001)
core   0: 0x80000cd6 (0x00008d15) c.sub   a0, a3
core   0: 3 0x80000cd6 (0x8d15) x10 0x00000032
core   0: 0x80000cd8 (0xbc6b2c03) lw      s8, -1082(s6)
core   0: 3 0x80000cd8 (0xbc6b2c03) x24 0xf218676e mem 0x8001bac4
core   0: 0x80000cdc (0xeaab04a3) sb      a0, -343(s6)
core   0: 3 0x80000cdc (0xeaab04a3) mem 0x8001bda7 0x32
core   0: 0x80000ce0 (0xcf5b4983) lbu     s3, -779(s6)
core   0: 3 0x80000ce0 (0xcf5b4983) x19 0x00000049 mem 0x8001bbf3
core   0: 0x80000ce4 (0x014ace33) xor     t3, s5, s4
core   0: 3 0x80000ce4 (0x014ace33) x28 0x80025e16
core   0: 0x80000ce8 (0x01d36333) or      t1, t1, t4
core   0: 3 0x80000ce8 (0x01d36333) x 6 0xffffffff
core   0: 0x80000cec (0x00008751) c.srai  a4, 20
core   0: 3 0x80000cec (0x8751) x14 0x00000000
core   0: 0x80000cee (0x00008f1d) c.sub   a4, a5
core   0: 3 0x80000cee (0x8f1d) x14 0x7ffd631c
core   0: 0x80000cf0 (0x008d0833) add     a6, s10, s0
core   0: 3 0x80000cf0 (0x008d0833) x16 0x7bcbbb6f
core   0: 0x80000cf4 (0x4c2b5483) lhu     s1, 1218(s6)
core   0: 3 0x80000cf4 (0x4c2b5483) x 9 0x0000fcc4 mem 0x8001c3c0
core   0: 0x80000cf8 (0x021d1fb3) mulh    t6, s10, ra
core   0: 3 0x80000cf8 (0x021d1fb3) x31 0xc21a3765
core   0: 0x80000cfc (0xb371f293) andi    t0, gp, -1225
core   0: 3 0x80000cfc (0xb371f293) x 5 0x80019b11
core   0: 0x80000d00 (0x33b4b1b7) lui     gp, 0x33b4b
core   0: 3 0x80000d00 (0x33b4b1b7) x 3 0x33b4b000
core   0: 0x80000d04 (0x7ceb0ea3) sb      a4, 2013(s6)
core   0: 3 0x80000d04 (0x7ceb0ea3) mem 0x8001c6db 0x1c
core   0: 0x80000d08 (0x0ff0000f) fence   iorw,iorw
core   0: 3 0x80000d08 (0x0ff0000f)
core   0: 0x80000d0c (0x400b0733) sub     a4, s6, zero
core   0: 3 0x80000d0c (0x400b0733) x14 0x8001befe
core   0: 0x80000d10 (0x0000717d) c.addi16sp sp, -16
core   0: 3 0x80000d10 (0x717d) x 2 0xfffffff1
core   0: 0x80000d12 (0x01925593) srli    a1, tp, 25
core   0: 3 0x80000d12 (0x01925593) x11 0x00000000
core   0: 0x80000d16 (0x55a4bd13) sltiu   s10, s1, 1370
core   0: 3 0x80000d16 (0x55a4bd13) x26 0x00000000
core   0: 0x80000d1a (0xe86b0ba3) sb      t1, -361(s6)
core   0: 3 0x80000d1a (0xe86b0ba3) mem 0x8001bd95 0xff
core   0: 0x80000d1e (0x00006115) c.addi16sp sp, 288
core   0: 3 0x80000d1e (0x6115) x 2 0x00000111
core   0: 0x80000d20 (0x6a5b00a3) sb      t0, 1697(s6)
core   0: 3 0x80000d20 (0x6a5b00a3) mem 0x8001c59f 0x11
core   0: 0x80000d24 (0x0001a517) auipc   a0, 0x1a
core   0: 3 0x80000d24 (0x0001a517) x10 0x8001ad24
core   0: 0x80000d28 (0x13b50513) addi    a0, a0, 315
core   0: 3 0x80000d28 (0x13b50513) x10 0x8001ae5f
core   0: 0x80000d2c (0x00020597) auipc   a1, 0x20
core   0: 3 0x80000d2c (0x00020597) x11 0x80020d2c
core   0: 0x80000d30 (0xea358593) addi    a1, a1, -349
core   0: 3 0x80000d30 (0xea358593) x11 0x80020bcf
core   0: 0x80000d34 (0x0055d383) lhu     t2, 5(a1)
core   0: 3 0x80000d34 (0x0055d383) x 7 0x00001681 mem 0x80020bd4
core   0: 0x80000d38 (0xfdf51f03) lh      t5, -33(a0)
core   0: 3 0x80000d38 (0xfdf51f03) x30 0x00002878 mem 0x8001ae3e
core   0: 0x80000d3c (0xf7c50823) sb      t3, -144(a0)
core   0: 3 0x80000d3c (0xf7c50823) mem 0x8001adcf 0x16
core   0: 0x80000d40 (0xff458c83) lb      s9, -12(a1)
core   0: 3 0x80000d40 (0xff458c83) x25 0x00000055 mem 0x80020bc3
core   0: 0x80000d44 (0x061516a3) sh      ra, 109(a0)
core   0: 3 0x80000d44 (0x061516a3) mem 0x8001aecc 0x0be6
core   0: 0x80000d48 (0xffa519a3) sh      s10, -13(a0)
core   0: 3 0x80000d48 (0xffa519a3) mem 0x8001ae52 0x0000
core   0: 0x80000d4c (0xf1c50283) lb      t0, -228(a0)
core   0: 3 0x80000d4c (0xf1c50283) x 5 0x00000009 mem 0x8001ad7b
core   0: 0x80000d50 (0x00a5c983) lbu     s3, 10(a1)
core   0: 3 0x80000d50 (0x00a5c983) x19 0x00000081 mem 0x80020bd9
core   0: 0x80000d54 (0x0ad50e23) sb      a3, 188(a0)
core   0: 3 0x80000d54 (0x0ad50e23) mem 0x8001af1b 0x10
core   0: 0x80000d58 (0x00b59483) lh      s1, 11(a1)
core   0: 3 0x80000d58 (0x00b59483) x 9 0xffffcc20 mem 0x80020bda
core   0: 0x80000d5c (0xf2250983) lb      s3, -222(a0)
core   0: 3 0x80000d5c (0xf2250983) x19 0x00000012 mem 0x8001ad81
core   0: 0x80000d60 (0x05754483) lbu     s1, 87(a0)
core   0: 3 0x80000d60 (0x05754483) x 9 0x0000008b mem 0x8001aeb6
core   0: 0x80000d64 (0xff15c803) lbu     a6, -15(a1)
core   0: 3 0x80000d64 (0xff15c803) x16 0x0000002f mem 0x80020bc0
core   0: 0x80000d68 (0xff458983) lb      s3, -12(a1)
core   0: 3 0x80000d68 (0xff458983) x19 0x00000055 mem 0x80020bc3
core   0: 0x80000d6c (0x00a00313) li      t1, 10
core   0: 3 0x80000d6c (0x00a00313) x 6 0x0000000a
core   0: 0x80000d70 (0x3c65c513) xori    a0, a1, 966
core   0: 3 0x80000d70 (0x3c65c513) x10 0x80020809
core   0: 0x80000d74 (0x41160e33) sub     t3, a2, a7
core   0: 3 0x80000d74 (0x41160e33) x28 0xffffffb2
core   0: 0x80000d78 (0x75df9817) auipc   a6, 0x75df9
core   0: 3 0x80000d78 (0x75df9817) x16 0xf5df9d78
core   0: 0x80000d7c (0x00000f46) c.slli  t5, 17
core   0: 3 0x80000d7c (0x0f46) x30 0x50f00000
core   0: 0x80000d7e (0x408650b3) sra     ra, a2, s0
core   0: 3 0x80000d7e (0x408650b3) x 1 0xffffffff
core   0: 0x80000d82 (0xf2baf493) andi    s1, s5, -213
core   0: 3 0x80000d82 (0xf2baf493) x 9 0x80025e20
core   0: 0x80000d86 (0x00008d1d) c.sub   a0, a5
core   0: 3 0x80000d86 (0x8d1d) x10 0xffff6b25
core   0: 0x80000d88 (0x00700b93) li      s7, 7
core   0: 3 0x80000d88 (0x00700b93) x23 0x00000007
core   0: 0x80000d8c (0x0ff0000f) fence   iorw,iorw
core   0: 3 0x80000d8c (0x0ff0000f)
core   0: 0x80000d90 (0x026e4cb3) div     s9, t3, t1
core   0: 3 0x80000d90 (0x026e4cb3) x25 0xfffffff9
core   0: 0x80000d94 (0x0000137d) c.addi  t1, -1
core   0: 3 0x80000d94 (0x137d) x 6 0x00000009
core   0: 0x80000d96 (0xcad4a713) slti    a4, s1, -851
core   0: 3 0x80000d96 (0xcad4a713) x14 0x00000001
core   0: 0x80000d9a (0x00000fde) c.slli  t6, 23
core   0: 3 0x80000d9a (0x0fde) x31 0xb2800000
core   0: 0x80000d9c (0x00008e75) c.and   a2, a3
core   0: 3 0x80000d9c (0x8e75) x12 0x00000010
core   0: 0x80000d9e (0x0000853d) c.srai  a0, 15
core   0: 3 0x80000d9e (0x853d) x10 0xfffffffe
core   0: 0x80000da0 (0xf881fd13) andi    s10, gp, -120
core   0: 3 0x80000da0 (0xf881fd13) x26 0x33b4b000
core   0: 0x80000da4 (0x00008f7d) c.and   a4, a5
core   0: 3 0x80000da4 (0x8f7d) x14 0x00000000
core   0: 0x80000da6 (0x00700413) li      s0, 7
core   0: 3 0x80000da6 (0x00700413) x 8 0x00000007
core   0: 0x80000daa (0x41465113) srai    sp, a2, 20
core   0: 3 0x80000daa (0x41465113) x 2 0x00000000
core   0: 0x80000dae (0x025f9233) mulh    tp, t6, t0
core   0: 3 0x80000dae (0x025f9233) x 4 0xfffffffd
core   0: 0x80000db2 (0x01ad9813) slli    a6, s11, 26
core   0: 3 0x80000db2 (0x01ad9813) x16 0x60000000
core   0: 0x80000db6 (0x00000001) c.nop
core   0: 3 0x80000db6 (0x0001)
core   0: 0x80000db8 (0x00000905) c.addi  s2, 1
core   0: 3 0x80000db8 (0x0905) x18 0xffffffb5
core   0: 0x80000dba (0x01131c33) sll     s8, t1, a7
core   0: 3 0x80000dba (0x01131c33) x24 0x00000009
core   0: 0x80000dbe (0x020ebcb3) mulhu   s9, t4, zero
core   0: 3 0x80000dbe (0x020ebcb3) x25 0x00000000
core   0: 0x80000dc2 (0x00008cc5) c.or    s1, s1
core   0: 3 0x80000dc2 (0x8cc5) x 9 0x80025e20
core   0: 0x80000dc4 (0x00001465) c.addi  s0, -7
core   0: 3 0x80000dc4 (0x1465) x 8 0x00000000
core   0: 0x80000dc6 (0x6e0fa693) slti    a3, t6, 1760
core   0: 3 0x80000dc6 (0x6e0fa693) x13 0x00000001
core   0: 0x80000dca (0x0ff0000f) fence   iorw,iorw
core   0: 3 0x80000dca (0x0ff0000f)
core   0: 0x80000dce (0x0000d875) c.beqz  s0, pc - 12
core   0: 3 0x80000dce (0xd875)
core   0: 0x80000dc2 (0x00008cc5) c.or    s1, s1
core   0: 3 0x80000dc2 (0x8cc5) x 9 0x80025e20
core   0: 0x80000dc4 (0x00001465) c.addi  s0, -7
core   0: 3 0x80000dc4 (0x1465) x 8 0xfffffff9
core   0: 0x80000dc6 (0x6e0fa693) slti    a3, t6, 1760
core   0: 3 0x80000dc6 (0x6e0fa693) x13 0x00000001
core   0: 0x80000dca (0x0ff0000f) fence   iorw,iorw
core   0: 3 0x80000dca (0x0ff0000f)
core   0: 0x80000dce (0x0000d875) c.beqz  s0, pc - 12
core   0: 3 0x80000dce (0xd875)
core   0: 0x80000dd0 (0x00008a65) c.andi  a2, 25
core   0: 3 0x80000dd0 (0x8a65) x12 0x00000010
core   0: 0x80000dd2 (0x0144e3b3) or      t2, s1, s4
core   0: 3 0x80000dd2 (0x0144e3b3) x 7 0x80025e72
core   0: 0x80000dd6 (0xfb737de3) bgeu    t1, s7, pc - 70
core   0: 3 0x80000dd6 (0xfb737de3)
core   0: 0x80000d90 (0x026e4cb3) div     s9, t3, t1
core   0: 3 0x80000d90 (0x026e4cb3) x25 0xfffffff8
core   0: 0x80000d94 (0x0000137d) c.addi  t1, -1
core   0: 3 0x80000d94 (0x137d) x 6 0x00000008
core   0: 0x80000d96 (0xcad4a713) slti    a4, s1, -851
core   0: 3 0x80000d96 (0xcad4a713) x14 0x00000001
core   0: 0x80000d9a (0x00000fde) c.slli  t6, 23
core   0: 3 0x80000d9a (0x0fde) x31 0x00000000
core   0: 0x80000d9c (0x00008e75) c.and   a2, a3
core   0: 3 0x80000d9c (0x8e75) x12 0x00000000
core   0: 0x80000d9e (0x0000853d) c.srai  a0, 15
core   0: 3 0x80000d9e (0x853d) x10 0xffffffff
core   0: 0x80000da0 (0xf881fd13) andi    s10, gp, -120
core   0: 3 0x80000da0 (0xf881fd13) x26 0x33b4b000
core   0: 0x80000da4 (0x00008f7d) c.and   a4, a5
core   0: 3 0x80000da4 (0x8f7d) x14 0x00000000
core   0: 0x80000da6 (0x00700413) li      s0, 7
core   0: 3 0x80000da6 (0x00700413) x 8 0x00000007
core   0: 0x80000daa (0x41465113) srai    sp, a2, 20
core   0: 3 0x80000daa (0x41465113) x 2 0x00000000
core   0: 0x80000dae (0x025f9233) mulh    tp, t6, t0
core   0: 3 0x80000dae (0x025f9233) x 4 0x00000000
core   0: 0x80000db2 (0x01ad9813) slli    a6, s11, 26
core   0: 3 0x80000db2 (0x01ad9813) x16 0x60000000
core   0: 0x80000db6 (0x00000001) c.nop
core   0: 3 0x80000db6 (0x0001)
core   0: 0x80000db8 (0x00000905) c.addi  s2, 1
core   0: 3 0x80000db8 (0x0905) x18 0xffffffb6
core   0: 0x80000dba (0x01131c33) sll     s8, t1, a7
core   0: 3 0x80000dba (0x01131c33) x24 0x00000008
core   0: 0x80000dbe (0x020ebcb3) mulhu   s9, t4, zero
core   0: 3 0x80000dbe (0x020ebcb3) x25 0x00000000
core   0: 0x80000dc2 (0x00008cc5) c.or    s1, s1
core   0: 3 0x80000dc2 (0x8cc5) x 9 0x80025e20
core   0: 0x80000dc4 (0x00001465) c.addi  s0, -7
core   0: 3 0x80000dc4 (0x1465) x 8 0x00000000
core   0: 0x80000dc6 (0x6e0fa693) slti    a3, t6, 1760
core   0: 3 0x80000dc6 (0x6e0fa693) x13 0x00000001
core   0: 0x80000dca (0x0ff0000f) fence   iorw,iorw
core   0: 3 0x80000dca (0x0ff0000f)
core   0: 0x80000dce (0x0000d875) c.beqz  s0, pc - 12
core   0: 3 0x80000dce (0xd875)
core   0: 0x80000dc2 (0x00008cc5) c.or    s1, s1
core   0: 3 0x80000dc2 (0x8cc5) x 9 0x80025e20
core   0: 0x80000dc4 (0x00001465) c.addi  s0, -7
core   0: 3 0x80000dc4 (0x1465) x 8 0xfffffff9
core   0: 0x80000dc6 (0x6e0fa693) slti    a3, t6, 1760
core   0: 3 0x80000dc6 (0x6e0fa693) x13 0x00000001
core   0: 0x80000dca (0x0ff0000f) fence   iorw,iorw
core   0: 3 0x80000dca (0x0ff0000f)
core   0: 0x80000dce (0x0000d875) c.beqz  s0, pc - 12
core   0: 3 0x80000dce (0xd875)
core   0: 0x80000dd0 (0x00008a65) c.andi  a2, 25
core   0: 3 0x80000dd0 (0x8a65) x12 0x00000000
core   0: 0x80000dd2 (0x0144e3b3) or      t2, s1, s4
core   0: 3 0x80000dd2 (0x0144e3b3) x 7 0x80025e72
core   0: 0x80000dd6 (0xfb737de3) bgeu    t1, s7, pc - 70
core   0: 3 0x80000dd6 (0xfb737de3)
core   0: 0x80000d90 (0x026e4cb3) div     s9, t3, t1
core   0: 3 0x80000d90 (0x026e4cb3) x25 0xfffffff7
core   0: 0x80000d94 (0x0000137d) c.addi  t1, -1
core   0: 3 0x80000d94 (0x137d) x 6 0x00000007
core   0: 0x80000d96 (0xcad4a713) slti    a4, s1, -851
core   0: 3 0x80000d96 (0xcad4a713) x14 0x00000001
core   0: 0x80000d9a (0x00000fde) c.slli  t6, 23
core   0: 3 0x80000d9a (0x0fde) x31 0x00000000
core   0: 0x80000d9c (0x00008e75) c.and   a2, a3
core   0: 3 0x80000d9c (0x8e75) x12 0x00000000
core   0: 0x80000d9e (0x0000853d) c.srai  a0, 15
core   0: 3 0x80000d9e (0x853d) x10 0xffffffff
core   0: 0x80000da0 (0xf881fd13) andi    s10, gp, -120
core   0: 3 0x80000da0 (0xf881fd13) x26 0x33b4b000
core   0: 0x80000da4 (0x00008f7d) c.and   a4, a5
core   0: 3 0x80000da4 (0x8f7d) x14 0x00000000
core   0: 0x80000da6 (0x00700413) li      s0, 7
core   0: 3 0x80000da6 (0x00700413) x 8 0x00000007
core   0: 0x80000daa (0x41465113) srai    sp, a2, 20
core   0: 3 0x80000daa (0x41465113) x 2 0x00000000
core   0: 0x80000dae (0x025f9233) mulh    tp, t6, t0
core   0: 3 0x80000dae (0x025f9233) x 4 0x00000000
core   0: 0x80000db2 (0x01ad9813) slli    a6, s11, 26
core   0: 3 0x80000db2 (0x01ad9813) x16 0x60000000
core   0: 0x80000db6 (0x00000001) c.nop
core   0: 3 0x80000db6 (0x0001)
core   0: 0x80000db8 (0x00000905) c.addi  s2, 1
core   0: 3 0x80000db8 (0x0905) x18 0xffffffb7
core   0: 0x80000dba (0x01131c33) sll     s8, t1, a7
core   0: 3 0x80000dba (0x01131c33) x24 0x00000007
core   0: 0x80000dbe (0x020ebcb3) mulhu   s9, t4, zero
core   0: 3 0x80000dbe (0x020ebcb3) x25 0x00000000
core   0: 0x80000dc2 (0x00008cc5) c.or    s1, s1
core   0: 3 0x80000dc2 (0x8cc5) x 9 0x80025e20
core   0: 0x80000dc4 (0x00001465) c.addi  s0, -7
core   0: 3 0x80000dc4 (0x1465) x 8 0x00000000
core   0: 0x80000dc6 (0x6e0fa693) slti    a3, t6, 1760
core   0: 3 0x80000dc6 (0x6e0fa693) x13 0x00000001
core   0: 0x80000dca (0x0ff0000f) fence   iorw,iorw
core   0: 3 0x80000dca (0x0ff0000f)
core   0: 0x80000dce (0x0000d875) c.beqz  s0, pc - 12
core   0: 3 0x80000dce (0xd875)
core   0: 0x80000dc2 (0x00008cc5) c.or    s1, s1
core   0: 3 0x80000dc2 (0x8cc5) x 9 0x80025e20
core   0: 0x80000dc4 (0x00001465) c.addi  s0, -7
core   0: 3 0x80000dc4 (0x1465) x 8 0xfffffff9
core   0: 0x80000dc6 (0x6e0fa693) slti    a3, t6, 1760
core   0: 3 0x80000dc6 (0x6e0fa693) x13 0x00000001
core   0: 0x80000dca (0x0ff0000f) fence   iorw,iorw
core   0: 3 0x80000dca (0x0ff0000f)
core   0: 0x80000dce (0x0000d875) c.beqz  s0, pc - 12
core   0: 3 0x80000dce (0xd875)
core   0: 0x80000dd0 (0x00008a65) c.andi  a2, 25
core   0: 3 0x80000dd0 (0x8a65) x12 0x00000000
core   0: 0x80000dd2 (0x0144e3b3) or      t2, s1, s4
core   0: 3 0x80000dd2 (0x0144e3b3) x 7 0x80025e72
core   0: 0x80000dd6 (0xfb737de3) bgeu    t1, s7, pc - 70
core   0: 3 0x80000dd6 (0xfb737de3)
core   0: 0x80000d90 (0x026e4cb3) div     s9, t3, t1
core   0: 3 0x80000d90 (0x026e4cb3) x25 0xfffffff5
core   0: 0x80000d94 (0x0000137d) c.addi  t1, -1
core   0: 3 0x80000d94 (0x137d) x 6 0x00000006
core   0: 0x80000d96 (0xcad4a713) slti    a4, s1, -851
core   0: 3 0x80000d96 (0xcad4a713) x14 0x00000001
core   0: 0x80000d9a (0x00000fde) c.slli  t6, 23
core   0: 3 0x80000d9a (0x0fde) x31 0x00000000
core   0: 0x80000d9c (0x00008e75) c.and   a2, a3
core   0: 3 0x80000d9c (0x8e75) x12 0x00000000
core   0: 0x80000d9e (0x0000853d) c.srai  a0, 15
core   0: 3 0x80000d9e (0x853d) x10 0xffffffff
core   0: 0x80000da0 (0xf881fd13) andi    s10, gp, -120
core   0: 3 0x80000da0 (0xf881fd13) x26 0x33b4b000
core   0: 0x80000da4 (0x00008f7d) c.and   a4, a5
core   0: 3 0x80000da4 (0x8f7d) x14 0x00000000
core   0: 0x80000da6 (0x00700413) li      s0, 7
core   0: 3 0x80000da6 (0x00700413) x 8 0x00000007
core   0: 0x80000daa (0x41465113) srai    sp, a2, 20
core   0: 3 0x80000daa (0x41465113) x 2 0x00000000
core   0: 0x80000dae (0x025f9233) mulh    tp, t6, t0
core   0: 3 0x80000dae (0x025f9233) x 4 0x00000000
core   0: 0x80000db2 (0x01ad9813) slli    a6, s11, 26
core   0: 3 0x80000db2 (0x01ad9813) x16 0x60000000
core   0: 0x80000db6 (0x00000001) c.nop
core   0: 3 0x80000db6 (0x0001)
core   0: 0x80000db8 (0x00000905) c.addi  s2, 1
core   0: 3 0x80000db8 (0x0905) x18 0xffffffb8
core   0: 0x80000dba (0x01131c33) sll     s8, t1, a7
core   0: 3 0x80000dba (0x01131c33) x24 0x00000006
core   0: 0x80000dbe (0x020ebcb3) mulhu   s9, t4, zero
core   0: 3 0x80000dbe (0x020ebcb3) x25 0x00000000
core   0: 0x80000dc2 (0x00008cc5) c.or    s1, s1
core   0: 3 0x80000dc2 (0x8cc5) x 9 0x80025e20
core   0: 0x80000dc4 (0x00001465) c.addi  s0, -7
core   0: 3 0x80000dc4 (0x1465) x 8 0x00000000
core   0: 0x80000dc6 (0x6e0fa693) slti    a3, t6, 1760
core   0: 3 0x80000dc6 (0x6e0fa693) x13 0x00000001
core   0: 0x80000dca (0x0ff0000f) fence   iorw,iorw
core   0: 3 0x80000dca (0x0ff0000f)
core   0: 0x80000dce (0x0000d875) c.beqz  s0, pc - 12
core   0: 3 0x80000dce (0xd875)
core   0: 0x80000dc2 (0x00008cc5) c.or    s1, s1
core   0: 3 0x80000dc2 (0x8cc5) x 9 0x80025e20
core   0: 0x80000dc4 (0x00001465) c.addi  s0, -7
core   0: 3 0x80000dc4 (0x1465) x 8 0xfffffff9
core   0: 0x80000dc6 (0x6e0fa693) slti    a3, t6, 1760
core   0: 3 0x80000dc6 (0x6e0fa693) x13 0x00000001
core   0: 0x80000dca (0x0ff0000f) fence   iorw,iorw
core   0: 3 0x80000dca (0x0ff0000f)
core   0: 0x80000dce (0x0000d875) c.beqz  s0, pc - 12
core   0: 3 0x80000dce (0xd875)
core   0: 0x80000dd0 (0x00008a65) c.andi  a2, 25
core   0: 3 0x80000dd0 (0x8a65) x12 0x00000000
core   0: 0x80000dd2 (0x0144e3b3) or      t2, s1, s4
core   0: 3 0x80000dd2 (0x0144e3b3) x 7 0x80025e72
core   0: 0x80000dd6 (0xfb737de3) bgeu    t1, s7, pc - 70
core   0: 3 0x80000dd6 (0xfb737de3)
core   0: 0x80000dda (0xf8d83d13) sltiu   s10, a6, -115
core   0: 3 0x80000dda (0xf8d83d13) x26 0x00000001
core   0: 0x80000dde (0x00010c17) auipc   s8, 0x10
core   0: 3 0x80000dde (0x00010c17) x24 0x80010dde
core   0: 0x80000de2 (0xbd6c0c13) addi    s8, s8, -1066
core   0: 3 0x80000de2 (0xbd6c0c13) x24 0x800109b4
core   0: 0x80000de6 (0x81fc4183) lbu     gp, -2017(s8)
core   0: 3 0x80000de6 (0x81fc4183) x 3 0x0000002d mem 0x800101d3
core   0: 0x80000dea (0x0218c433) div     s0, a7, ra
core   0: 3 0x80000dea (0x0218c433) x 8 0x00000000
core   0: 0x80000dee (0xe50b0613) addi    a2, s6, -432
core   0: 3 0x80000dee (0xe50b0613) x12 0x8001bd4e
core   0: 0x80000df2 (0x385c0a03) lb      s4, 901(s8)
core   0: 3 0x80000df2 (0x385c0a03) x20 0x00000075 mem 0x80010d39
core   0: 0x80000df6 (0x0b6c0e83) lb      t4, 182(s8)
core   0: 3 0x80000df6 (0x0b6c0e83) x29 0xffffffe2 mem 0x80010a6a
core   0: 0x80000dfa (0x67210e93) addi    t4, sp, 1650
core   0: 3 0x80000dfa (0x67210e93) x29 0x00000672
core   0: 0x80000dfe (0x035f00b3) mul     ra, t5, s5
core   0: 3 0x80000dfe (0x035f00b3) x 1 0xbdc00000
core   0: 0x80000e02 (0x1c6c03a3) sb      t1, 455(s8)
core   0: 3 0x80000e02 (0x1c6c03a3) mem 0x80010b7b 0x6
core   0: 0x80000e06 (0x010d5d13) srli    s10, s10, 16
core   0: 3 0x80000e06 (0x010d5d13) x26 0x00000000
core   0: 0x80000e0a (0x833c03a3) sb      s3, -2009(s8)
core   0: 3 0x80000e0a (0x833c03a3) mem 0x800101db 0x55
core   0: 0x80000e0e (0x19ac1d83) lh      s11, 410(s8)
core   0: 3 0x80000e0e (0x19ac1d83) x27 0xffffd346 mem 0x80010b4e
core   0: 0x80000e12 (0x814c1923) sh      s4, -2030(s8)
core   0: 3 0x80000e12 (0x814c1923) mem 0x800101c6 0x0075
core   0: 0x80000e16 (0x0000717d) c.addi16sp sp, -16
core   0: 3 0x80000e16 (0x717d) x 2 0xfffffff0
core   0: 0x80000e18 (0x019839b3) sltu    s3, a6, s9
core   0: 3 0x80000e18 (0x019839b3) x19 0x00000000
core   0: 0x80000e1c (0x0274d9b3) divu    s3, s1, t2
core   0: 3 0x80000e1c (0x0274d9b3) x19 0x00000000
core   0: 0x80000e20 (0x00172433) slt     s0, a4, ra
core   0: 3 0x80000e20 (0x00172433) x 8 0x00000000
core   0: 0x80000e24 (0x000082f9) c.srli  a3, 30
core   0: 3 0x80000e24 (0x82f9) x13 0x00000000
core   0: 0x80000e26 (0x000086c5) c.srai  a3, 17
core   0: 3 0x80000e26 (0x86c5) x13 0x00000000
core   0: 0x80000e28 (0x301c4403) lbu     s0, 769(s8)
core   0: 3 0x80000e28 (0x301c4403) x 8 0x00000014 mem 0x80010cb5
core   0: 0x80000e2c (0x8a1c03a3) sb      ra, -1881(s8)
core   0: 3 0x80000e2c (0x8a1c03a3) mem 0x8001025b 0x0
core   0: 0x80000e30 (0x00008c15) c.sub   s0, a3
core   0: 3 0x80000e30 (0x8c15) x 8 0x00000014
core   0: 0x80000e32 (0x0072e9b3) or      s3, t0, t2
core   0: 3 0x80000e32 (0x0072e9b3) x19 0x80025e7b
core   0: 0x80000e36 (0x024c1b23) sh      tp, 54(s8)
core   0: 3 0x80000e36 (0x024c1b23) mem 0x800109ea 0x0000
core   0: 0x80000e3a (0xce3c4483) lbu     s1, -797(s8)
core   0: 3 0x80000e3a (0xce3c4483) x 9 0x00000056 mem 0x80010697
core   0: 0x80000e3e (0x0000821d) c.srli  a2, 7
core   0: 3 0x80000e3e (0x821d) x12 0x0100037a
core   0: 0x80000e40 (0xda6c1683) lh      a3, -602(s8)
core   0: 3 0x80000e40 (0xda6c1683) x13 0xffff9b35 mem 0x8001075a
core   0: 0x80000e44 (0x00aeb0b3) sltu    ra, t4, a0
core   0: 3 0x80000e44 (0x00aeb0b3) x 1 0x00000001
core   0: 0x80000e48 (0x00008e95) c.sub   a3, a3
core   0: 3 0x80000e48 (0x8e95) x13 0x00000000
core   0: 0x80000e4a (0x403b8f33) sub     t5, s7, gp
core   0: 3 0x80000e4a (0x403b8f33) x30 0xffffffda
core   0: 0x80000e4e (0xdd2c1623) sh      s2, -564(s8)
core   0: 3 0x80000e4e (0xdd2c1623) mem 0x80010780 0xffb8
core   0: 0x80000e52 (0xb6dc4303) lbu     t1, -1171(s8)
core   0: 3 0x80000e52 (0xb6dc4303) x 6 0x000000dc mem 0x80010521
core   0: 0x80000e56 (0x00008cdd) c.or    s1, a5
core   0: 3 0x80000e56 (0x8cdd) x 9 0x80029cf6
core   0: 0x80000e58 (0x00cfdcb3) srl     s9, t6, a2
core   0: 3 0x80000e58 (0x00cfdcb3) x25 0x00000000
core   0: 0x80000e5c (0x449c0103) lb      sp, 1097(s8)
core   0: 3 0x80000e5c (0x449c0103) x 2 0xffffff90 mem 0x80010dfd
core   0: 0x80000e60 (0x0000943a) c.add   s0, a4
core   0: 3 0x80000e60 (0x943a) x 8 0x00000014
core   0: 0x80000e62 (0xbbfc0e83) lb      t4, -1089(s8)
core   0: 3 0x80000e62 (0xbbfc0e83) x29 0xffffffea mem 0x80010573
core   0: 0x80000e66 (0x83ec5a03) lhu     s4, -1986(s8)
core   0: 3 0x80000e66 (0x83ec5a03) x20 0x00009294 mem 0x800101f2
core   0: 0x80000e6a (0xe2ac0703) lb      a4, -470(s8)
core   0: 3 0x80000e6a (0xe2ac0703) x14 0x00000029 mem 0x800107de
core   0: 0x80000e6e (0x041c09a3) sb      ra, 83(s8)
core   0: 3 0x80000e6e (0x041c09a3) mem 0x80010a07 0x1
core   0: 0x80000e72 (0x00a2a1b3) slt     gp, t0, a0
core   0: 3 0x80000e72 (0x00a2a1b3) x 3 0x00000000
core   0: 0x80000e76 (0x3e0c2983) lw      s3, 992(s8)
core   0: 3 0x80000e76 (0x3e0c2983) x19 0xa4047944 mem 0x80010d94
core   0: 0x80000e7a (0x030baeb3) mulhsu  t4, s7, a6
core   0: 3 0x80000e7a (0x030baeb3) x29 0x00000002
core   0: 0x80000e7e (0x002ffe33) and     t3, t6, sp
core   0: 3 0x80000e7e (0x002ffe33) x28 0x00000000
core   0: 0x80000e82 (0x0000976a) c.add   a4, s10
core   0: 3 0x80000e82 (0x976a) x14 0x00000029
core   0: 0x80000e84 (0x01231fb3) sll     t6, t1, s2
core   0: 3 0x80000e84 (0x01231fb3) x31 0xdc000000
core   0: 0x80000e88 (0x1c5c4203) lbu     tp, 453(s8)
core   0: 3 0x80000e88 (0x1c5c4203) x 4 0x00000000 mem 0x80010b79
core   0: 0x80000e8c (0x00010717) auipc   a4, 0x10
core   0: 3 0x80000e8c (0x00010717) x14 0x80010e8c
core   0: 0x80000e90 (0x11570713) addi    a4, a4, 277
core   0: 3 0x80000e90 (0x11570713) x14 0x80010fa1
core   0: 0x80000e94 (0x000084e6) c.mv    s1, s9
core   0: 3 0x80000e94 (0x84e6) x 9 0x00000000
core   0: 0x80000e96 (0x41755233) sra     tp, a0, s7
core   0: 3 0x80000e96 (0x41755233) x 4 0xffffffff
core   0: 0x80000e9a (0x037eb1b3) mulhu   gp, t4, s7
core   0: 3 0x80000e9a (0x037eb1b3) x 3 0x00000000
core   0: 0x80000e9e (0x00a57b33) and     s6, a0, a0
core   0: 3 0x80000e9e (0x00a57b33) x22 0xffffffff
core   0: 0x80000ea2 (0xbf470383) lb      t2, -1036(a4)
core   0: 3 0x80000ea2 (0xbf470383) x 7 0x00000075 mem 0x80010b95
core   0: 0x80000ea6 (0x013ee433) or      s0, t4, s3
core   0: 3 0x80000ea6 (0x013ee433) x 8 0xa4047946
core   0: 0x80000eaa (0x0a570403) lb      s0, 165(a4)
core   0: 3 0x80000eaa (0x0a570403) x 8 0xffffff92 mem 0x80011046
core   0: 0x80000eae (0x94d74183) lbu     gp, -1715(a4)
core   0: 3 0x80000eae (0x94d74183) x 3 0x00000048 mem 0x800108ee
core   0: 0x80000eb2 (0x41065493) srai    s1, a2, 16
core   0: 3 0x80000eb2 (0x41065493) x 9 0x00000100
core   0: 0x80000eb6 (0x03670383) lb      t2, 54(a4)
core   0: 3 0x80000eb6 (0x03670383) x 7 0xffffffb8 mem 0x80010fd7
core   0: 0x80000eba (0x0292f633) remu    a2, t0, s1
core   0: 3 0x80000eba (0x0292f633) x12 0x00000009
core   0: 0x80000ebe (0xe7170583) lb      a1, -399(a4)
core   0: 3 0x80000ebe (0xe7170583) x11 0xffffffe3 mem 0x80010e12
core   0: 0x80000ec2 (0x00000b90) c.addi4spn a2, sp, 464
core   0: 3 0x80000ec2 (0x0b90) x12 0x00000160
core   0: 0x80000ec4 (0x029ef5b3) remu    a1, t4, s1
core   0: 3 0x80000ec4 (0x029ef5b3) x11 0x00000002
core   0: 0x80000ec8 (0xfa270b83) lb      s7, -94(a4)
core   0: 3 0x80000ec8 (0xfa270b83) x23 0x00000004 mem 0x80010f43
core   0: 0x80000ecc (0x01375cb3) srl     s9, a4, s3
core   0: 3 0x80000ecc (0x01375cb3) x25 0x080010fa
core   0: 0x80000ed0 (0x02ebc4b3) div     s1, s7, a4
core   0: 3 0x80000ed0 (0x02ebc4b3) x 9 0x00000000
core   0: 0x80000ed4 (0xdd0704a3) sb      a6, -567(a4)
core   0: 3 0x80000ed4 (0xdd0704a3) mem 0x80010d6a 0x0
core   0: 0x80000ed8 (0xd9e70e03) lb      t3, -610(a4)
core   0: 3 0x80000ed8 (0xd9e70e03) x28 0x00000037 mem 0x80010d3f
core   0: 0x80000edc (0xcd3708a3) sb      s3, -815(a4)
core   0: 3 0x80000edc (0xcd3708a3) mem 0x80010c72 0x44
core   0: 0x80000ee0 (0x0081a5b3) slt     a1, gp, s0
core   0: 3 0x80000ee0 (0x0081a5b3) x11 0x00000000
core   0: 0x80000ee4 (0x89670423) sb      s6, -1912(a4)
core   0: 3 0x80000ee4 (0x89670423) mem 0x80010829 0xff
core   0: 0x80000ee8 (0x8cc70503) lb      a0, -1844(a4)
core   0: 3 0x80000ee8 (0x8cc70503) x10 0x00000022 mem 0x8001086d
core   0: 0x80000eec (0xecb74403) lbu     s0, -309(a4)
core   0: 3 0x80000eec (0xecb74403) x 8 0x00000021 mem 0x80010e6c
core   0: 0x80000ef0 (0x00bc1b93) slli    s7, s8, 11
core   0: 3 0x80000ef0 (0x00bc1b93) x23 0x084da000
core   0: 0x80000ef4 (0x059729a3) sw      s9, 83(a4)
core   0: 3 0x80000ef4 (0x059729a3) mem 0x80010ff4 0x080010fa
core   0: 0x80000ef8 (0x00000001) c.nop
core   0: 3 0x80000ef8 (0x0001)
core   0: 0x80000efa (0x01560033) add     zero, a2, s5
core   0: 3 0x80000efa (0x01560033)
core   0: 0x80000efe (0xc0370903) lb      s2, -1021(a4)
core   0: 3 0x80000efe (0xc0370903) x18 0x00000079 mem 0x80010ba4
core   0: 0x80000f02 (0x00d94db3) xor     s11, s2, a3
core   0: 3 0x80000f02 (0x00d94db3) x27 0x00000079
core   0: 0x80000f06 (0xe3574b03) lbu     s6, -459(a4)
core   0: 3 0x80000f06 (0xe3574b03) x22 0x00000021 mem 0x80010dd6
core   0: 0x80000f0a (0xb2e70503) lb      a0, -1234(a4)
core   0: 3 0x80000f0a (0xb2e70503) x10 0x00000029 mem 0x80010acf
core   0: 0x80000f0e (0xa8f71603) lh      a2, -1393(a4)
core   0: 3 0x80000f0e (0xa8f71603) x12 0x00001967 mem 0x80010a30
core   0: 0x80000f12 (0x00005efd) c.li    t4, -1
core   0: 3 0x80000f12 (0x5efd) x29 0xffffffff
core   0: 0x80000f14 (0x00000001) c.nop
core   0: 3 0x80000f14 (0x0001)
core   0: 0x80000f16 (0x02fc5d33) divu    s10, s8, a5
core   0: 3 0x80000f16 (0x02fc5d33) x26 0x00000000
core   0: 0x80000f1a (0x00008679) c.srai  a2, 30
core   0: 3 0x80000f1a (0x8679) x12 0x00000000
core   0: 0x80000f1c (0xfcb75583) lhu     a1, -53(a4)
core   0: 3 0x80000f1c (0xfcb75583) x11 0x00007ac6 mem 0x80010f6c
core   0: 0x80000f20 (0x037f9e33) mulh    t3, t6, s7
core   0: 3 0x80000f20 (0x037f9e33) x28 0xfed51580
core   0: 0x80000f24 (0x00000be5) c.addi  s7, 25
core   0: 3 0x80000f24 (0x0be5) x23 0x084da019
core   0: 0x80000f26 (0xdcf70683) lb      a3, -561(a4)
core   0: 3 0x80000f26 (0xdcf70683) x13 0xffffff88 mem 0x80010d70
core   0: 0x80000f2a (0x8f074183) lbu     gp, -1808(a4)
core   0: 3 0x80000f2a (0x8f074183) x 3 0x00000067 mem 0x80010891
core   0: 0x80000f2e (0xccc70803) lb      a6, -820(a4)
core   0: 3 0x80000f2e (0xccc70803) x16 0xffffffa9 mem 0x80010c6d
core   0: 0x80000f32 (0xc4c718a3) sh      a2, -943(a4)
core   0: 3 0x80000f32 (0xc4c718a3) mem 0x80010bf2 0x0000
core   0: 0x80000f36 (0x022700a3) sb      sp, 33(a4)
core   0: 3 0x80000f36 (0x022700a3) mem 0x80010fc2 0x90
core   0: 0x80000f3a (0x00689193) slli    gp, a7, 6
core   0: 3 0x80000f3a (0x00689193) x 3 0x00000000
core   0: 0x80000f3e (0x45ad6393) ori     t2, s10, 1114
core   0: 3 0x80000f3e (0x45ad6393) x 7 0x0000045a
core   0: 0x80000f42 (0x02046433) rem     s0, s0, zero
core   0: 3 0x80000f42 (0x02046433) x 8 0x00000021
core   0: 0x80000f46 (0xfdb74503) lbu     a0, -37(a4)
core   0: 3 0x80000f46 (0xfdb74503) x10 0x0000003d mem 0x80010f7c
core   0: 0x80000f4a (0xb1e5ad13) slti    s10, a1, -1250
core   0: 3 0x80000f4a (0xb1e5ad13) x26 0x00000000
core   0: 0x80000f4e (0x02d666b3) rem     a3, a2, a3
core   0: 3 0x80000f4e (0x02d666b3) x13 0x00000000
core   0: 0x80000f52 (0xfbc70fa3) sb      t3, -65(a4)
core   0: 3 0x80000f52 (0xfbc70fa3) mem 0x80010f60 0x80
core   0: 0x80000f56 (0xd2d70aa3) sb      a3, -715(a4)
core   0: 3 0x80000f56 (0xd2d70aa3) mem 0x80010cd6 0x0
core   0: 0x80000f5a (0xff374083) lbu     ra, -13(a4)
core   0: 3 0x80000f5a (0xff374083) x 1 0x00000047 mem 0x80010f94
core   0: 0x80000f5e (0x00b6d393) srli    t2, a3, 11
core   0: 3 0x80000f5e (0x00b6d393) x 7 0x00000000
core   0: 0x80000f62 (0x01a71e93) slli    t4, a4, 26
core   0: 3 0x80000f62 (0x01a71e93) x29 0x84000000
core   0: 0x80000f66 (0xd3971fa3) sh      s9, -705(a4)
core   0: 3 0x80000f66 (0xd3971fa3) mem 0x80010ce0 0x10fa
core   0: 0x80000f6a (0x0263dfb3) divu    t6, t2, t1
core   0: 3 0x80000f6a (0x0263dfb3) x31 0x00000000
core   0: 0x80000f6e (0xea070383) lb      t2, -352(a4)
core   0: 3 0x80000f6e (0xea070383) x 7 0xffffffaf mem 0x80010e41
core   0: 0x80000f72 (0x0001fe17) auipc   t3, 0x1f
core   0: 3 0x80000f72 (0x0001fe17) x28 0x8001ff72
core   0: 0x80000f76 (0x209e0e13) addi    t3, t3, 521
core   0: 3 0x80000f76 (0x209e0e13) x28 0x8002017b
core   0: 0x80000f7a (0x019e05a3) sb      s9, 11(t3)
core   0: 3 0x80000f7a (0x019e05a3) mem 0x80020186 0xfa
core   0: 0x80000f7e (0x00be4c83) lbu     s9, 11(t3)
core   0: 3 0x80000f7e (0x00be4c83) x25 0x000000fa mem 0x80020186
core   0: 0x80000f82 (0x03066c33) rem     s8, a2, a6
core   0: 3 0x80000f82 (0x03066c33) x24 0x00000000
core   0: 0x80000f86 (0xfffe0ca3) sb      t6, -7(t3)
core   0: 3 0x80000f86 (0xfffe0ca3) mem 0x80020174 0x0
core   0: 0x80000f8a (0x018e15a3) sh      s8, 11(t3)
core   0: 3 0x80000f8a (0x018e15a3) mem 0x80020186 0x0000
core   0: 0x80000f8e (0xff7e0083) lb      ra, -9(t3)
core   0: 3 0x80000f8e (0xff7e0083) x 1 0xffffff86 mem 0x80020172
core   0: 0x80000f92 (0x002e4403) lbu     s0, 2(t3)
core   0: 3 0x80000f92 (0x002e4403) x 8 0x00000023 mem 0x8002017d
core   0: 0x80000f96 (0x002e0d83) lb      s11, 2(t3)
core   0: 3 0x80000f96 (0x002e0d83) x27 0x00000023 mem 0x8002017d
core   0: 0x80000f9a (0x01ee02a3) sb      t5, 5(t3)
core   0: 3 0x80000f9a (0x01ee02a3) mem 0x80020180 0xda
core   0: 0x80000f9e (0x011e0823) sb      a7, 16(t3)
core   0: 3 0x80000f9e (0x011e0823) mem 0x8002018b 0x0
core   0: 0x80000fa2 (0x010e0b83) lb      s7, 16(t3)
core   0: 3 0x80000fa2 (0x010e0b83) x23 0x00000000 mem 0x8002018b
core   0: 0x80000fa6 (0x010e0c03) lb      s8, 16(t3)
core   0: 3 0x80000fa6 (0x010e0c03) x24 0x00000000 mem 0x8002018b
core   0: 0x80000faa (0x01de0823) sb      t4, 16(t3)
core   0: 3 0x80000faa (0x01de0823) mem 0x8002018b 0x0
core   0: 0x80000fae (0x010e0703) lb      a4, 16(t3)
core   0: 3 0x80000fae (0x010e0703) x14 0x00000000 mem 0x8002018b
core   0: 0x80000fb2 (0x010e4683) lbu     a3, 16(t3)
core   0: 3 0x80000fb2 (0x010e4683) x13 0x00000000 mem 0x8002018b
core   0: 0x80000fb6 (0x010e4203) lbu     tp, 16(t3)
core   0: 3 0x80000fb6 (0x010e4203) x 4 0x00000000 mem 0x8002018b
core   0: 0x80000fba (0x010e4b83) lbu     s7, 16(t3)
core   0: 3 0x80000fba (0x010e4b83) x23 0x00000000 mem 0x8002018b
core   0: 0x80000fbe (0xffae0c23) sb      s10, -8(t3)
core   0: 3 0x80000fbe (0xffae0c23) mem 0x80020173 0x0
core   0: 0x80000fc2 (0xff8e4583) lbu     a1, -8(t3)
core   0: 3 0x80000fc2 (0xff8e4583) x11 0x00000000 mem 0x80020173
core   0: 0x80000fc6 (0x00400613) li      a2, 4
core   0: 3 0x80000fc6 (0x00400613) x12 0x00000004
core   0: 0x80000fca (0x024e29b3) mulhsu  s3, t3, tp
core   0: 3 0x80000fca (0x024e29b3) x19 0x00000000
core   0: 0x80000fce (0x00129213) slli    tp, t0, 1
core   0: 3 0x80000fce (0x00129213) x 4 0x00000012
core   0: 0x80000fd2 (0x02bdd2b3) divu    t0, s11, a1
core   0: 3 0x80000fd2 (0x02bdd2b3) x 5 0xffffffff
core   0: 0x80000fd6 (0x0325d233) divu    tp, a1, s2
core   0: 3 0x80000fd6 (0x0325d233) x 4 0x00000000
core   0: 0x80000fda (0x00400713) li      a4, 4
core   0: 3 0x80000fda (0x00400713) x14 0x00000004
core   0: 0x80000fde (0x0000717d) c.addi16sp sp, -16
core   0: 3 0x80000fde (0x717d) x 2 0xffffff80
core   0: 0x80000fe0 (0x00008dcd) c.or    a1, a1
core   0: 3 0x80000fe0 (0x8dcd) x11 0x00000000
core   0: 0x80000fe2 (0x015c5e13) srli    t3, s8, 21
core   0: 3 0x80000fe2 (0x015c5e13) x28 0x00000000
core   0: 0x80000fe6 (0x167f2493) slti    s1, t5, 359
core   0: 3 0x80000fe6 (0x167f2493) x 9 0x00000001
core   0: 0x80000fea (0x0267feb3) remu    t4, a5, t1
core   0: 3 0x80000fea (0x0267feb3) x29 0x00000090
core   0: 0x80000fee (0x00001679) c.addi  a2, -2
core   0: 3 0x80000fee (0x1679) x12 0x00000002
core   0: 0x80000ff0 (0x247d2813) slti    a6, s10, 583
core   0: 3 0x80000ff0 (0x247d2813) x16 0x00000001
core   0: 0x80000ff4 (0x9a1c82b7) lui     t0, 0x9a1c8
core   0: 3 0x80000ff4 (0x9a1c82b7) x 5 0x9a1c8000
core   0: 0x80000ff8 (0xfff00693) li      a3, -1
core   0: 3 0x80000ff8 (0xfff00693) x13 0xffffffff
core   0: 0x80000ffc (0x00000001) c.nop
core   0: 3 0x80000ffc (0x0001)
core   0: 0x80000ffe (0x02cdd233) divu    tp, s11, a2
core   0: 3 0x80000ffe (0x02cdd233) x 4 0x00000011
core   0: 0x80001002 (0x00008cb5) c.xor   s1, a3
core   0: 3 0x80001002 (0x8cb5) x 9 0xfffffffe
core   0: 0x80001004 (0x03bbb9b3) mulhu   s3, s7, s11
core   0: 3 0x80001004 (0x03bbb9b3) x19 0x00000000
core   0: 0x80001008 (0xc5f10413) addi    s0, sp, -929
core   0: 3 0x80001008 (0xc5f10413) x 8 0xfffffbdf
core   0: 0x8000100c (0x00008c1d) c.sub   s0, a5
core   0: 3 0x8000100c (0x8c1d) x 8 0x7ffd5efb
core   0: 0x8000100e (0x00000685) c.addi  a3, 1
core   0: 3 0x8000100e (0x0685) x13 0x00000000
core   0: 0x80001010 (0x000085b2) c.mv    a1, a2
core   0: 3 0x80001010 (0x85b2) x11 0x00000002
core   0: 0x80001012 (0x00000001) c.nop
core   0: 3 0x80001012 (0x0001)
core   0: 0x80001014 (0x00000001) c.nop
core   0: 3 0x80001014 (0x0001)
core   0: 0x80001016 (0x0000faed) c.bnez  a3, pc - 14
core   0: 3 0x80001016 (0xfaed)
core   0: 0x80001018 (0x4d85c913) xori    s2, a1, 1240
core   0: 3 0x80001018 (0x4d85c913) x18 0x000004da
core   0: 0x8000101c (0xfce675e3) bgeu    a2, a4, pc - 54
core   0: 3 0x8000101c (0xfce675e3)
core   0: 0x80001020 (0x4145df13) srai    t5, a1, 20
core   0: 3 0x80001020 (0x4145df13) x30 0x00000000
core   0: 0x80001024 (0x00010717) auipc   a4, 0x10
core   0: 3 0x80001024 (0x00010717) x14 0x80011024
core   0: 0x80001028 (0xd5d70713) addi    a4, a4, -675
core   0: 3 0x80001028 (0xd5d70713) x14 0x80010d81
core   0: 0x8000102c (0x00017697) auipc   a3, 0x17
core   0: 3 0x8000102c (0x00017697) x13 0x8001802c
core   0: 0x80001030 (0x3f768693) addi    a3, a3, 1015
core   0: 3 0x80001030 (0x3f768693) x13 0x80018423
core   0: 0x80001034 (0xfcb70f23) sb      a1, -34(a4)
core   0: 3 0x80001034 (0xfcb70f23) mem 0x80010d5f 0x2
core   0: 0x80001038 (0x02a723a3) sw      a0, 39(a4)
core   0: 3 0x80001038 (0x02a723a3) mem 0x80010da8 0x0000003d
core   0: 0x8000103c (0xd0668523) sb      t1, -758(a3)
core   0: 3 0x8000103c (0xd0668523) mem 0x8001812d 0xdc
core   0: 0x80001040 (0xfe975303) lhu     t1, -23(a4)
core   0: 3 0x80001040 (0xfe975303) x 6 0x0000f300 mem 0x80010d6a
core   0: 0x80001044 (0xfe974e83) lbu     t4, -23(a4)
core   0: 3 0x80001044 (0xfe974e83) x29 0x00000000 mem 0x80010d6a
core   0: 0x80001048 (0x00971203) lh      tp, 9(a4)
core   0: 3 0x80001048 (0x00971203) x 4 0xffffae9c mem 0x80010d8a
core   0: 0x8000104c (0x6f36db83) lhu     s7, 1779(a3)
core   0: 3 0x8000104c (0x6f36db83) x23 0x000043d7 mem 0x80018b16
core   0: 0x80001050 (0x9cf6c283) lbu     t0, -1585(a3)
core   0: 3 0x80001050 (0x9cf6c283) x 5 0x00000023 mem 0x80017df2
core   0: 0x80001054 (0x01070723) sb      a6, 14(a4)
core   0: 3 0x80001054 (0x01070723) mem 0x80010d8f 0x1
core   0: 0x80001058 (0x40668423) sb      t1, 1032(a3)
core   0: 3 0x80001058 (0x40668423) mem 0x8001882b 0x0
core   0: 0x8000105c (0xfca70d83) lb      s11, -54(a4)
core   0: 3 0x8000105c (0xfca70d83) x27 0xffffff9d mem 0x80010d4b
core   0: 0x80001060 (0xfc674483) lbu     s1, -58(a4)
core   0: 3 0x80001060 (0xfc674483) x 9 0x000000dd mem 0x80010d47
core   0: 0x80001064 (0x205688a3) sb      t0, 529(a3)
core   0: 3 0x80001064 (0x205688a3) mem 0x80018634 0x23
core   0: 0x80001068 (0x20868023) sb      s0, 512(a3)
core   0: 3 0x80001068 (0x20868023) mem 0x80018623 0xfb
core   0: 0x8000106c (0x039719a3) sh      s9, 51(a4)
core   0: 3 0x8000106c (0x039719a3) mem 0x80010db4 0x00fa
core   0: 0x80001070 (0x04d70023) sb      a3, 64(a4)
core   0: 3 0x80001070 (0x04d70023) mem 0x80010dc1 0x23
core   0: 0x80001074 (0x2fe68283) lb      t0, 766(a3)
core   0: 3 0x80001074 (0x2fe68283) x 5 0xffffffc1 mem 0x80018721
core   0: 0x80001078 (0x00018117) auipc   sp, 0x18
core   0: 3 0x80001078 (0x00018117) x 2 0x80019078
core   0: 0x8000107c (0xb0410113) addi    sp, sp, -1276
core   0: 3 0x8000107c (0xb0410113) x 2 0x80018b7c
core   0: 0x80001080 (0xd0314303) lbu     t1, -765(sp)
core   0: 3 0x80001080 (0xd0314303) x 6 0x00000014 mem 0x8001887f
core   0: 0x80001084 (0xb9a7f013) andi    zero, a5, -1126
core   0: 3 0x80001084 (0xb9a7f013)
core   0: 0x80001088 (0x5c514e83) lbu     t4, 1477(sp)
core   0: 3 0x80001088 (0x5c514e83) x29 0x000000fb mem 0x80019141
core   0: 0x8000108c (0x40088f33) sub     t5, a7, zero
core   0: 3 0x8000108c (0x40088f33) x30 0x00000000
core   0: 0x80001090 (0x02c526b3) mulhsu  a3, a0, a2
core   0: 3 0x80001090 (0x02c526b3) x13 0x00000000
core   0: 0x80001094 (0x24411b23) sh      tp, 598(sp)
core   0: 3 0x80001094 (0x24411b23) mem 0x80018dd2 0xae9c
core   0: 0x80001098 (0xda815b03) lhu     s6, -600(sp)
core   0: 3 0x80001098 (0xda815b03) x22 0x00004b37 mem 0x80018924
core   0: 0x8000109c (0x37f14b83) lbu     s7, 895(sp)
core   0: 3 0x8000109c (0x37f14b83) x23 0x0000002a mem 0x80018efb
core   0: 0x800010a0 (0x9ec92493) slti    s1, s2, -1556
core   0: 3 0x800010a0 (0x9ec92493) x 9 0x00000000
core   0: 0x800010a4 (0x0f0100a3) sb      a6, 225(sp)
core   0: 3 0x800010a4 (0x0f0100a3) mem 0x80018c5d 0x1
core   0: 0x800010a8 (0x0e310423) sb      gp, 232(sp)
core   0: 3 0x800010a8 (0x0e310423) mem 0x80018c64 0x0
core   0: 0x800010ac (0x0000ce6a) c.swsp  s10, 28(sp)
core   0: 3 0x800010ac (0xce6a) mem 0x80018b98 0x00000000
core   0: 0x800010ae (0x0000c03a) c.swsp  a4, 0(sp)
core   0: 3 0x800010ae (0xc03a) mem 0x80018b7c 0x80010d81
core   0: 0x800010b0 (0x24f14683) lbu     a3, 591(sp)
core   0: 3 0x800010b0 (0x24f14683) x13 0x00000047 mem 0x80018dcb
core   0: 0x800010b4 (0x7e8104a3) sb      s0, 2025(sp)
core   0: 3 0x800010b4 (0x7e8104a3) mem 0x80019365 0xfb
core   0: 0x800010b8 (0xd0714603) lbu     a2, -761(sp)
core   0: 3 0x800010b8 (0xd0714603) x12 0x00000099 mem 0x80018883
core   0: 0x800010bc (0x038309b3) mul     s3, t1, s8
core   0: 3 0x800010bc (0x038309b3) x19 0x00000000
core   0: 0x800010c0 (0xbc615203) lhu     tp, -1082(sp)
core   0: 3 0x800010c0 (0xbc615203) x 4 0x00007265 mem 0x80018742
core   0: 0x800010c4 (0x02b39533) mulh    a0, t2, a1
core   0: 3 0x800010c4 (0x02b39533) x10 0xffffffff
core   0: 0x800010c8 (0x22c1eb13) ori     s6, gp, 556
core   0: 3 0x800010c8 (0x22c1eb13) x22 0x0000022c
core   0: 0x800010cc (0x00000001) c.nop
core   0: 3 0x800010cc (0x0001)
core   0: 0x800010ce (0x5e714f03) lbu     t5, 1511(sp)
core   0: 3 0x800010ce (0x5e714f03) x30 0x00000063 mem 0x80019163
core   0: 0x800010d2 (0x38812c23) sw      s0, 920(sp)
core   0: 3 0x800010d2 (0x38812c23) mem 0x80018f14 0x7ffd5efb
core   0: 0x800010d6 (0x4b67e493) ori     s1, a5, 1206
core   0: 3 0x800010d6 (0x4b67e493) x 9 0x80029cf6
core   0: 0x800010da (0xc4714003) lbu     zero, -953(sp)
core   0: 3 0x800010da (0xc4714003) mem 0x800187c3
core   0: 0x800010de (0x0355bfb3) mulhu   t6, a1, s5
core   0: 3 0x800010de (0x0355bfb3) x31 0x00000001
core   0: 0x800010e2 (0x0250e033) rem     zero, ra, t0
core   0: 3 0x800010e2 (0x0250e033)
core   0: 0x800010e6 (0x62914003) lbu     zero, 1577(sp)
core   0: 3 0x800010e6 (0x62914003) mem 0x800191a5
core   0: 0x800010ea (0x2fa15d83) lhu     s11, 762(sp)
core   0: 3 0x800010ea (0x2fa15d83) x27 0x00002148 mem 0x80018e76
core   0: 0x800010ee (0x00008c05) c.sub   s0, s1
core   0: 3 0x800010ee (0x8c05) x 8 0xfffac205
core   0: 0x800010f0 (0x00fce9b3) or      s3, s9, a5
core   0: 3 0x800010f0 (0x00fce9b3) x19 0x80029cfe
core   0: 0x800010f4 (0x13010323) sb      a6, 294(sp)
core   0: 3 0x800010f4 (0x13010323) mem 0x80018ca2 0x1
core   0: 0x800010f8 (0x3eb0fc13) andi    s8, ra, 1003
core   0: 3 0x800010f8 (0x3eb0fc13) x24 0x00000382
core   0: 0x800010fc (0x000014fd) c.addi  s1, -1
core   0: 3 0x800010fc (0x14fd) x 9 0x80029cf5
core   0: 0x800010fe (0x92714a03) lbu     s4, -1753(sp)
core   0: 3 0x800010fe (0x92714a03) x20 0x000000cb mem 0x800184a3
core   0: 0x80001102 (0x00008c61) c.and   s0, s0
core   0: 3 0x80001102 (0x8c61) x 8 0xfffac205
core   0: 0x80001104 (0x41f10083) lb      ra, 1055(sp)
core   0: 3 0x80001104 (0x41f10083) x 1 0xffffffac mem 0x80018f9b
core   0: 0x80001108 (0x00600613) li      a2, 6
core   0: 3 0x80001108 (0x00600613) x12 0x00000006
core   0: 0x8000110c (0x0326d233) divu    tp, a3, s2
core   0: 3 0x8000110c (0x0326d233) x 4 0x00000000
core   0: 0x80001110 (0x02e43333) mulhu   t1, s0, a4
core   0: 3 0x80001110 (0x02e43333) x 6 0x7ffe6e7d
core   0: 0x80001114 (0x01141593) slli    a1, s0, 17
core   0: 3 0x80001114 (0x01141593) x11 0x840a0000
core   0: 0x80001118 (0x00008d3d) c.xor   a0, a5
core   0: 3 0x80001118 (0x8d3d) x10 0x7ffd631b
core   0: 0x8000111a (0xfff00393) li      t2, -1
core   0: 3 0x8000111a (0xfff00393) x 7 0xffffffff
core   0: 0x8000111e (0x022430b3) mulhu   ra, s0, sp
core   0: 3 0x8000111e (0x022430b3) x 1 0x7ffeec76
core   0: 0x80001122 (0x0309da33) divu    s4, s3, a6
core   0: 3 0x80001122 (0x0309da33) x20 0x80029cfe
core   0: 0x80001126 (0x0000717d) c.addi16sp sp, -16
core   0: 3 0x80001126 (0x717d) x 2 0x80018b6c
core   0: 0x80001128 (0x02ba0e33) mul     t3, s4, a1
core   0: 3 0x80001128 (0x02ba0e33) x28 0x19ec0000
core   0: 0x8000112c (0x41238cb3) sub     s9, t2, s2
core   0: 3 0x8000112c (0x41238cb3) x25 0xfffffb25
core   0: 0x80001130 (0x47cfc413) xori    s0, t6, 1148
core   0: 3 0x80001130 (0x47cfc413) x 8 0x0000047d
core   0: 0x80001134 (0x00008e8d) c.sub   a3, a1
core   0: 3 0x80001134 (0x8e8d) x13 0x7bf60047
core   0: 0x80001136 (0x00001665) c.addi  a2, -7
core   0: 3 0x80001136 (0x1665) x12 0xffffffff
core   0: 0x80001138 (0x00400713) li      a4, 4
core   0: 3 0x80001138 (0x00400713) x14 0x00000004
core   0: 0x8000113c (0x00000001) c.nop
core   0: 3 0x8000113c (0x0001)
core   0: 0x8000113e (0x004146b3) xor     a3, sp, tp
core   0: 3 0x8000113e (0x004146b3) x13 0x80018b6c
core   0: 0x80001142 (0x00000001) c.nop
core   0: 3 0x80001142 (0x0001)
core   0: 0x80001144 (0x00008d41) c.or    a0, s0
core   0: 3 0x80001144 (0x8d41) x10 0x7ffd677f
core   0: 0x80001146 (0x00006f99) c.lui   t6, 0x6
core   0: 3 0x80001146 (0x6f99) x31 0x00006000
core   0: 0x80001148 (0x00006c79) c.lui   s8, 0x1e
core   0: 3 0x80001148 (0x6c79) x24 0x0001e000
core   0: 0x8000114a (0x0000177d) c.addi  a4, -1
core   0: 3 0x8000114a (0x177d) x14 0x00000003
core   0: 0x8000114c (0x0000db7d) c.beqz  a4, pc - 10
core   0: 3 0x8000114c (0xdb7d)
core   0: 0x8000114e (0x000016fd) c.addi  a3, -1
core   0: 3 0x8000114e (0x16fd) x13 0x80018b6b
core   0: 0x80001150 (0x0000848a) c.mv    s1, sp
core   0: 3 0x80001150 (0x848a) x 9 0x80018b6c
core   0: 0x80001152 (0x416655b3) sra     a1, a2, s6
core   0: 3 0x80001152 (0x416655b3) x11 0xffffffff
core   0: 0x80001156 (0x02875b33) divu    s6, a4, s0
core   0: 3 0x80001156 (0x02875b33) x22 0x00000000
core   0: 0x8000115a (0x01604833) xor     a6, zero, s6
core   0: 3 0x8000115a (0x01604833) x16 0x00000000
core   0: 0x8000115e (0x01a0d9b3) srl     s3, ra, s10
core   0: 3 0x8000115e (0x01a0d9b3) x19 0x7ffeec76
core   0: 0x80001162 (0xfc7650e3) bge     a2, t2, pc - 64
core   0: 3 0x80001162 (0xfc7650e3)
core   0: 0x80001122 (0x0309da33) divu    s4, s3, a6
core   0: 3 0x80001122 (0x0309da33) x20 0xffffffff
core   0: 0x80001126 (0x0000717d) c.addi16sp sp, -16
core   0: 3 0x80001126 (0x717d) x 2 0x80018b5c
core   0: 0x80001128 (0x02ba0e33) mul     t3, s4, a1
core   0: 3 0x80001128 (0x02ba0e33) x28 0x00000001
core   0: 0x8000112c (0x41238cb3) sub     s9, t2, s2
core   0: 3 0x8000112c (0x41238cb3) x25 0xfffffb25
core   0: 0x80001130 (0x47cfc413) xori    s0, t6, 1148
core   0: 3 0x80001130 (0x47cfc413) x 8 0x0000647c
core   0: 0x80001134 (0x00008e8d) c.sub   a3, a1
core   0: 3 0x80001134 (0x8e8d) x13 0x80018b6c
core   0: 0x80001136 (0x00001665) c.addi  a2, -7
core   0: 3 0x80001136 (0x1665) x12 0xfffffff8
core   0: 0x80001138 (0x00400713) li      a4, 4
core   0: 3 0x80001138 (0x00400713) x14 0x00000004
core   0: 0x8000113c (0x00000001) c.nop
core   0: 3 0x8000113c (0x0001)
core   0: 0x8000113e (0x004146b3) xor     a3, sp, tp
core   0: 3 0x8000113e (0x004146b3) x13 0x80018b5c
core   0: 0x80001142 (0x00000001) c.nop
core   0: 3 0x80001142 (0x0001)
core   0: 0x80001144 (0x00008d41) c.or    a0, s0
core   0: 3 0x80001144 (0x8d41) x10 0x7ffd677f
core   0: 0x80001146 (0x00006f99) c.lui   t6, 0x6
core   0: 3 0x80001146 (0x6f99) x31 0x00006000
core   0: 0x80001148 (0x00006c79) c.lui   s8, 0x1e
core   0: 3 0x80001148 (0x6c79) x24 0x0001e000
core   0: 0x8000114a (0x0000177d) c.addi  a4, -1
core   0: 3 0x8000114a (0x177d) x14 0x00000003
core   0: 0x8000114c (0x0000db7d) c.beqz  a4, pc - 10
core   0: 3 0x8000114c (0xdb7d)
core   0: 0x8000114e (0x000016fd) c.addi  a3, -1
core   0: 3 0x8000114e (0x16fd) x13 0x80018b5b
core   0: 0x80001150 (0x0000848a) c.mv    s1, sp
core   0: 3 0x80001150 (0x848a) x 9 0x80018b5c
core   0: 0x80001152 (0x416655b3) sra     a1, a2, s6
core   0: 3 0x80001152 (0x416655b3) x11 0xfffffff8
core   0: 0x80001156 (0x02875b33) divu    s6, a4, s0
core   0: 3 0x80001156 (0x02875b33) x22 0x00000000
core   0: 0x8000115a (0x01604833) xor     a6, zero, s6
core   0: 3 0x8000115a (0x01604833) x16 0x00000000
core   0: 0x8000115e (0x01a0d9b3) srl     s3, ra, s10
core   0: 3 0x8000115e (0x01a0d9b3) x19 0x7ffeec76
core   0: 0x80001162 (0xfc7650e3) bge     a2, t2, pc - 64
core   0: 3 0x80001162 (0xfc7650e3)
core   0: 0x80001166 (0x000086a9) c.srai  a3, 10
core   0: 3 0x80001166 (0x86a9) x13 0xffe00062
core   0: 0x80001168 (0x00016597) auipc   a1, 0x16
core   0: 3 0x80001168 (0x00016597) x11 0x80017168
core   0: 0x8000116c (0x39c58593) addi    a1, a1, 924
core   0: 3 0x8000116c (0x39c58593) x11 0x80017504
core   0: 0x80001170 (0x00011f17) auipc   t5, 0x11
core   0: 3 0x80001170 (0x00011f17) x30 0x80012170
core   0: 0x80001174 (0x150f0f13) addi    t5, t5, 336
core   0: 3 0x80001174 (0x150f0f13) x30 0x800122c0
core   0: 0x80001178 (0xffcf0ca3) sb      t3, -7(t5)
core   0: 3 0x80001178 (0xffcf0ca3) mem 0x800122b9 0x1
core   0: 0x8000117c (0x0155cb83) lbu     s7, 21(a1)
core   0: 3 0x8000117c (0x0155cb83) x23 0x0000008b mem 0x80017519
core   0: 0x80001180 (0xffef0ba3) sb      t5, -9(t5)
core   0: 3 0x80001180 (0xffef0ba3) mem 0x800122b7 0xc0
core   0: 0x80001184 (0x00017817) auipc   a6, 0x17
core   0: 3 0x80001184 (0x00017817) x16 0x80018184
core   0: 0x80001188 (0x47580813) addi    a6, a6, 1141
core   0: 3 0x80001188 (0x47580813) x16 0x800185f9
core   0: 0x8000118c (0xff1f4103) lbu     sp, -15(t5)
core   0: 3 0x8000118c (0xff1f4103) x 2 0x0000003d mem 0x800122b1
core   0: 0x80001190 (0x0b158503) lb      a0, 177(a1)
core   0: 3 0x80001190 (0x0b158503) x10 0x0000007f mem 0x800175b5
core   0: 0x80001194 (0x000f4b03) lbu     s6, 0(t5)
core   0: 3 0x80001194 (0x000f4b03) x22 0x00000093 mem 0x800122c0
core   0: 0x80001198 (0x0bc5c383) lbu     t2, 188(a1)
core   0: 3 0x80001198 (0x0bc5c383) x 7 0x0000006e mem 0x800175c0
core   0: 0x8000119c (0xff581683) lh      a3, -11(a6)
core   0: 3 0x8000119c (0xff581683) x13 0x00002b5d mem 0x800185ee
core   0: 0x800011a0 (0x014821a3) sw      s4, 3(a6)
core   0: 3 0x800011a0 (0x014821a3) mem 0x800185fc 0xffffffff
core   0: 0x800011a4 (0x0905d983) lhu     s3, 144(a1)
core   0: 3 0x800011a4 (0x0905d983) x19 0x000072d7 mem 0x80017594
core   0: 0x800011a8 (0xff980703) lb      a4, -7(a6)
core   0: 3 0x800011a8 (0xff980703) x14 0xffffffb8 mem 0x800185f2
core   0: 0x800011ac (0x01ef03a3) sb      t5, 7(t5)
core   0: 3 0x800011ac (0x01ef03a3) mem 0x800122c7 0xc0
core   0: 0x800011b0 (0xffd84d83) lbu     s11, -3(a6)
core   0: 3 0x800011b0 (0xffd84d83) x27 0x000000f4 mem 0x800185f6
core   0: 0x800011b4 (0x04358e23) sb      gp, 92(a1)
core   0: 3 0x800011b4 (0x04358e23) mem 0x80017560 0x0
core   0: 0x800011b8 (0xfff82303) lw      t1, -1(a6)
core   0: 3 0x800011b8 (0xfff82303) x 6 0x3435a03f mem 0x800185f8
core   0: 0x800011bc (0x009f0483) lb      s1, 9(t5)
core   0: 3 0x800011bc (0x009f0483) x 9 0xffffffd3 mem 0x800122c9
core   0: 0x800011c0 (0x03f58ea3) sb      t6, 61(a1)
core   0: 3 0x800011c0 (0x03f58ea3) mem 0x80017541 0x0
core   0: 0x800011c4 (0x00280d83) lb      s11, 2(a6)
core   0: 3 0x800011c4 (0x00280d83) x27 0x00000034 mem 0x800185fb
core   0: 0x800011c8 (0xff1f0b83) lb      s7, -15(t5)
core   0: 3 0x800011c8 (0xff1f0b83) x23 0x0000003d mem 0x800122b1
core   0: 0x800011cc (0x006800a3) sb      t1, 1(a6)
core   0: 3 0x800011cc (0x006800a3) mem 0x800185fa 0x3f
core   0: 0x800011d0 (0x00581e83) lh      t4, 5(a6)
core   0: 3 0x800011d0 (0x00581e83) x29 0xffffffff mem 0x800185fe
core   0: 0x800011d4 (0x0215c183) lbu     gp, 33(a1)
core   0: 3 0x800011d4 (0x0215c183) x 3 0x000000ec mem 0x80017525
core   0: 0x800011d8 (0xff680283) lb      t0, -10(a6)
core   0: 3 0x800011d8 (0xff680283) x 5 0x0000002b mem 0x800185ef
core   0: 0x800011dc (0x008f4183) lbu     gp, 8(t5)
core   0: 3 0x800011dc (0x008f4183) x 3 0x00000066 mem 0x800122c8
core   0: 0x800011e0 (0xfef80a23) sb      a5, -12(a6)
core   0: 3 0x800011e0 (0xfef80a23) mem 0x800185ed 0xe4
core   0: 0x800011e4 (0x0695cf83) lbu     t6, 105(a1)
core   0: 3 0x800011e4 (0x0695cf83) x31 0x000000c2 mem 0x8001756d
core   0: 0x800011e8 (0x008f0183) lb      gp, 8(t5)
core   0: 3 0x800011e8 (0x008f0183) x 3 0x00000066 mem 0x800122c8
core   0: 0x800011ec (0xfbf5c383) lbu     t2, -65(a1)
core   0: 3 0x800011ec (0xfbf5c383) x 7 0x0000008a mem 0x800174c3
core   0: 0x800011f0 (0x0001cd17) auipc   s10, 0x1c
core   0: 3 0x800011f0 (0x0001cd17) x26 0x8001d1f0
core   0: 0x800011f4 (0xacad0d13) addi    s10, s10, -1334
core   0: 3 0x800011f4 (0xacad0d13) x26 0x8001ccba
core   0: 0x800011f8 (0x0000f597) auipc   a1, 0xf
core   0: 3 0x800011f8 (0x0000f597) x11 0x800101f8
core   0: 0x800011fc (0x02c58593) addi    a1, a1, 44
core   0: 3 0x800011fc (0x02c58593) x11 0x80010224
core   0: 0x80001200 (0xf9459a03) lh      s4, -108(a1)
core   0: 3 0x80001200 (0xf9459a03) x20 0xfffff515 mem 0x800101b8
core   0: 0x80001204 (0x04b581a3) sb      a1, 67(a1)
core   0: 3 0x80001204 (0x04b581a3) mem 0x80010267 0x24
core   0: 0x80001208 (0x00ed07a3) sb      a4, 15(s10)
core   0: 3 0x80001208 (0x00ed07a3) mem 0x8001ccc9 0xb8
core   0: 0x8000120c (0x0ce5c903) lbu     s2, 206(a1)
core   0: 3 0x8000120c (0x0ce5c903) x18 0x0000007b mem 0x800102f2
core   0: 0x80001210 (0x00ad5803) lhu     a6, 10(s10)
core   0: 3 0x80001210 (0x00ad5803) x16 0x000082f1 mem 0x8001ccc4
core   0: 0x80001214 (0xffbd1a23) sh      s11, -12(s10)
core   0: 3 0x80001214 (0xffbd1a23) mem 0x8001ccae 0x0034
core   0: 0x80001218 (0x0000d194) c.sw    a3, 32(a1)
core   0: 3 0x80001218 (0xd194) mem 0x80010244 0x00002b5d
core   0: 0x8000121a (0x0cd581a3) sb      a3, 195(a1)
core   0: 3 0x8000121a (0x0cd581a3) mem 0x800102e7 0x5d
core   0: 0x8000121e (0xf56581a3) sb      s6, -189(a1)
core   0: 3 0x8000121e (0xf56581a3) mem 0x80010167 0x93
core   0: 0x80001222 (0xff1d4383) lbu     t2, -15(s10)
core   0: 3 0x80001222 (0xff1d4383) x 7 0x0000003d mem 0x8001ccab
core   0: 0x80001226 (0x000d0183) lb      gp, 0(s10)
core   0: 3 0x80001226 (0x000d0183) x 3 0x00000007 mem 0x8001ccba
core   0: 0x8000122a (0x0a158da3) sb      ra, 187(a1)
core   0: 3 0x8000122a (0x0a158da3) mem 0x800102df 0x76
core   0: 0x8000122e (0x04f58f83) lb      t6, 79(a1)
core   0: 3 0x8000122e (0x04f58f83) x31 0x0000000f mem 0x80010273
core   0: 0x80001232 (0x0465df83) lhu     t6, 70(a1)
core   0: 3 0x80001232 (0x0465df83) x31 0x0000d087 mem 0x8001026a
core   0: 0x80001236 (0x00010c17) auipc   s8, 0x10
core   0: 3 0x80001236 (0x00010c17) x24 0x80011236
core   0: 0x8000123a (0xb3dc0c13) addi    s8, s8, -1219
core   0: 3 0x8000123a (0xb3dc0c13) x24 0x80010d73
core   0: 0x8000123e (0xe5ac0b23) sb      s10, -426(s8)
core   0: 3 0x8000123e (0xe5ac0b23) mem 0x80010bc9 0xba
core   0: 0x80001242 (0x00015e97) auipc   t4, 0x15
core   0: 3 0x80001242 (0x00015e97) x29 0x80016242
core   0: 0x80001246 (0xc4de8e93) addi    t4, t4, -947
core   0: 3 0x80001246 (0xc4de8e93) x29 0x80015e8f
core   0: 0x8000124a (0xf88c0e23) sb      s0, -100(s8)
core   0: 3 0x8000124a (0xf88c0e23) mem 0x80010d0f 0x7c
core   0: 0x8000124e (0x00be81a3) sb      a1, 3(t4)
core   0: 3 0x8000124e (0x00be81a3) mem 0x80015e92 0x24
core   0: 0x80001252 (0x00de8c83) lb      s9, 13(t4)
core   0: 3 0x80001252 (0x00de8c83) x25 0xfffffffb mem 0x80015e9c
core   0: 0x80001256 (0x01fe8223) sb      t6, 4(t4)
core   0: 3 0x80001256 (0x01fe8223) mem 0x80015e93 0x87
core   0: 0x8000125a (0xb83c17a3) sh      gp, -1137(s8)
core   0: 3 0x8000125a (0xb83c17a3) mem 0x80010902 0x0007
core   0: 0x8000125e (0x010ecb03) lbu     s6, 16(t4)
core   0: 3 0x8000125e (0x010ecb03) x22 0x00000084 mem 0x80015e9f
core   0: 0x80001262 (0x8e4c22a3) sw      tp, -1819(s8)
core   0: 3 0x80001262 (0x8e4c22a3) mem 0x80010658 0x00000000
core   0: 0x80001266 (0x009ea603) lw      a2, 9(t4)
core   0: 3 0x80001266 (0x009ea603) x12 0x23fbe565 mem 0x80015e98
core   0: 0x8000126a (0xfe4eaca3) sw      tp, -7(t4)
core   0: 3 0x8000126a (0xfe4eaca3) mem 0x80015e88 0x00000000
core   0: 0x8000126e (0x010ecb03) lbu     s6, 16(t4)
core   0: 3 0x8000126e (0x010ecb03) x22 0x00000084 mem 0x80015e9f
core   0: 0x80001272 (0xe61c5203) lhu     tp, -415(s8)
core   0: 3 0x80001272 (0xe61c5203) x 4 0x00002e20 mem 0x80010bd4
core   0: 0x80001276 (0xffce8f23) sb      t3, -2(t4)
core   0: 3 0x80001276 (0xffce8f23) mem 0x80015e8d 0x1
core   0: 0x8000127a (0xc72c0d03) lb      s10, -910(s8)
core   0: 3 0x8000127a (0xc72c0d03) x26 0xffffff9c mem 0x800109e5
core   0: 0x8000127e (0x010ece03) lbu     t3, 16(t4)
core   0: 3 0x8000127e (0x010ece03) x28 0x00000084 mem 0x80015e9f
core   0: 0x80001282 (0xffcec103) lbu     sp, -4(t4)
core   0: 3 0x80001282 (0xffcec103) x 2 0x00000000 mem 0x80015e8b
core   0: 0x80001286 (0x00011117) auipc   sp, 0x11
core   0: 3 0x80001286 (0x00011117) x 2 0x80012286
core   0: 0x8000128a (0x1d610113) addi    sp, sp, 470
core   0: 3 0x8000128a (0x1d610113) x 2 0x8001245c
core   0: 0x8000128e (0x01a100a3) sb      s10, 1(sp)
core   0: 3 0x8000128e (0x01a100a3) mem 0x8001245d 0x9c
core   0: 0x80001292 (0x02d14e83) lbu     t4, 45(sp)
core   0: 3 0x80001292 (0x02d14e83) x29 0x000000ee mem 0x80012489
core   0: 0x80001296 (0x02310703) lb      a4, 35(sp)
core   0: 3 0x80001296 (0x02310703) x14 0x0000002c mem 0x8001247f
core   0: 0x8000129a (0xfc614d03) lbu     s10, -58(sp)
core   0: 3 0x8000129a (0xfc614d03) x26 0x000000e9 mem 0x80012422
core   0: 0x8000129e (0xfc614983) lbu     s3, -58(sp)
core   0: 3 0x8000129e (0xfc614983) x19 0x000000e9 mem 0x80012422
core   0: 0x800012a2 (0xfdc10ca3) sb      t3, -39(sp)
core   0: 3 0x800012a2 (0xfdc10ca3) mem 0x80012435 0x84
core   0: 0x800012a6 (0x00214f03) lbu     t5, 2(sp)
core   0: 3 0x800012a6 (0x00214f03) x30 0x0000006a mem 0x8001245e
core   0: 0x800012aa (0x005bcb33) xor     s6, s7, t0
core   0: 3 0x800012aa (0x005bcb33) x22 0x00000016
core   0: 0x800012ae (0x01c10123) sb      t3, 2(sp)
core   0: 3 0x800012ae (0x01c10123) mem 0x8001245e 0x84
core   0: 0x800012b2 (0x03f107a3) sb      t6, 47(sp)
core   0: 3 0x800012b2 (0x03f107a3) mem 0x8001248b 0x87
core   0: 0x800012b6 (0xfc214e83) lbu     t4, -62(sp)
core   0: 3 0x800012b6 (0xfc214e83) x29 0x000000fa mem 0x8001241e
core   0: 0x800012ba (0x00514583) lbu     a1, 5(sp)
core   0: 3 0x800012ba (0x00514583) x11 0x000000a2 mem 0x80012461
core   0: 0x800012be (0xfe714683) lbu     a3, -25(sp)
core   0: 3 0x800012be (0xfe714683) x13 0x000000ba mem 0x80012443
core   0: 0x800012c2 (0x0001fb97) auipc   s7, 0x1f
core   0: 3 0x800012c2 (0x0001fb97) x23 0x800202c2
core   0: 0x800012c6 (0x69fb8b93) addi    s7, s7, 1695
core   0: 3 0x800012c6 (0x69fb8b93) x23 0x80020961
core   0: 0x800012ca (0x022b81a3) sb      sp, 35(s7)
core   0: 3 0x800012ca (0x022b81a3) mem 0x80020984 0x5c
core   0: 0x800012ce (0x00000384) c.addi4spn s1, sp, 448
core   0: 3 0x800012ce (0x0384) x 9 0x8001261c
core   0: 0x800012d0 (0x02eb85a3) sb      a4, 43(s7)
core   0: 3 0x800012d0 (0x02eb85a3) mem 0x8002098c 0x2c
core   0: 0x800012d4 (0xfd2b8d23) sb      s2, -38(s7)
core   0: 3 0x800012d4 (0xfd2b8d23) mem 0x8002093b 0x7b
core   0: 0x800012d8 (0xfdab8803) lb      a6, -38(s7)
core   0: 3 0x800012d8 (0xfdab8803) x16 0x0000007b mem 0x8002093b
core   0: 0x800012dc (0x018250b3) srl     ra, tp, s8
core   0: 3 0x800012dc (0x018250b3) x 1 0x00000000
core   0: 0x800012e0 (0x008b8383) lb      t2, 8(s7)
core   0: 3 0x800012e0 (0x008b8383) x 7 0x00000008 mem 0x80020969
core   0: 0x800012e4 (0x00dbd983) lhu     s3, 13(s7)
core   0: 3 0x800012e4 (0x00dbd983) x19 0x00007e6f mem 0x8002096e
core   0: 0x800012e8 (0xfcdbc203) lbu     tp, -51(s7)
core   0: 3 0x800012e8 (0xfcdbc203) x 4 0x000000f6 mem 0x8002092e
core   0: 0x800012ec (0xfdeb8983) lb      s3, -34(s7)
core   0: 3 0x800012ec (0xfdeb8983) x19 0x00000018 mem 0x8002093f
core   0: 0x800012f0 (0x03c49633) mulh    a2, s1, t3
core   0: 3 0x800012f0 (0x03c49633) x12 0xffffffbe
core   0: 0x800012f4 (0x01fb8623) sb      t6, 12(s7)
core   0: 3 0x800012f4 (0x01fb8623) mem 0x8002096d 0x87
core   0: 0x800012f8 (0xfe9bc983) lbu     s3, -23(s7)
core   0: 3 0x800012f8 (0xfe9bc983) x19 0x0000000b mem 0x8002094a
core   0: 0x800012fc (0xfd2b8003) lb      zero, -46(s7)
core   0: 3 0x800012fc (0xfd2b8003) mem 0x80020933
core   0: 0x80001300 (0x01fb8083) lb      ra, 31(s7)
core   0: 3 0x80001300 (0x01fb8083) x 1 0xffffffe0 mem 0x80020980
core   0: 0x80001304 (0x00000001) c.nop
core   0: 3 0x80001304 (0x0001)
core   0: 0x80001306 (0x00dbca03) lbu     s4, 13(s7)
core   0: 3 0x80001306 (0x00dbca03) x20 0x0000006f mem 0x8002096e
core   0: 0x8000130a (0x03bb8823) sb      s11, 48(s7)
core   0: 3 0x8000130a (0x03bb8823) mem 0x80020991 0x34
core   0: 0x8000130e (0x040bc103) lbu     sp, 64(s7)
core   0: 3 0x8000130e (0x040bc103) x 2 0x00000084 mem 0x800209a1
core   0: 0x80001312 (0xf7603993) sltiu   s3, zero, -138
core   0: 3 0x80001312 (0xf7603993) x19 0x00000001
core   0: 0x80001316 (0x013ba7a3) sw      s3, 15(s7)
core   0: 3 0x80001316 (0x013ba7a3) mem 0x80020970 0x00000001
core   0: 0x8000131a (0xfc7b9603) lh      a2, -57(s7)
core   0: 3 0x8000131a (0xfc7b9603) x12 0x000037b2 mem 0x80020928
core   0: 0x8000131e (0xfcbb8023) sb      a1, -64(s7)
core   0: 3 0x8000131e (0xfcbb8023) mem 0x80020921 0xa2
core   0: 0x80001322 (0x3e760813) addi    a6, a2, 999
core   0: 3 0x80001322 (0x3e760813) x16 0x00003b99
core   0: 0x80001326 (0x014fa1b3) slt     gp, t6, s4
core   0: 3 0x80001326 (0x014fa1b3) x 3 0x00000000
core   0: 0x8000132a (0xfc0bc803) lbu     a6, -64(s7)
core   0: 3 0x8000132a (0xfc0bc803) x16 0x000000a2 mem 0x80020921
core   0: 0x8000132e (0x01600def) jal     s11, pc + 0x16
core   0: 3 0x8000132e (0x01600def) x27 0x80001332
core   0: 0x80001344 (0x0300036f) jal     t1, pc + 0x30
core   0: 3 0x80001344 (0x0300036f) x 6 0x80001348
core   0: 0x80001374 (0x000037e9) c.jal   pc - 54
core   0: 3 0x80001374 (0x37e9) x 1 0x80001376
core   0: 0x8000133e (0x00003fed) c.jal   pc - 6
core   0: 3 0x8000133e (0x3fed) x 1 0x80001340
core   0: 0x80001338 (0x008000ef) jal     pc + 0x8
core   0: 3 0x80001338 (0x008000ef) x 1 0x8000133c
core   0: 0x80001340 (0x0280026f) jal     tp, pc + 0x28
core   0: 3 0x80001340 (0x0280026f) x 4 0x80001344
core   0: 0x80001368 (0x0000b7f9) c.j     pc - 50
core   0: 3 0x80001368 (0xb7f9)
core   0: 0x80001336 (0x00002081) c.jal   pc + 64
core   0: 3 0x80001336 (0x2081) x 1 0x80001338
core   0: 0x80001376 (0xfbfff36f) jal     t1, pc - 0x42
core   0: 3 0x80001376 (0xfbfff36f) x 6 0x8000137a
core   0: 0x80001334 (0x00002835) c.jal   pc + 60
core   0: 3 0x80001334 (0x2835) x 1 0x80001336
core   0: 0x80001370 (0x00003fe9) c.jal   pc - 38
core   0: 3 0x80001370 (0x3fe9) x 1 0x80001372
core   0: 0x8000134a (0xfffff0ef) jal     pc - 0x2
core   0: 3 0x8000134a (0xfffff0ef) x 1 0x8000134e
core   0: 0x80001348 (0x0000a00d) c.j     pc + 34
core   0: 3 0x80001348 (0xa00d)
core   0: 0x8000136a (0x0000bfc9) c.j     pc - 46
core   0: 3 0x8000136a (0xbfc9)
core   0: 0x8000133c (0x0000200d) c.jal   pc + 34
core   0: 3 0x8000133c (0x200d) x 1 0x8000133e
core   0: 0x8000135e (0x0000bfe5) c.j     pc - 8
core   0: 3 0x8000135e (0xbfe5)
core   0: 0x80001356 (0x0000a801) c.j     pc + 16
core   0: 3 0x80001356 (0xa801)
core   0: 0x80001366 (0x0000a031) c.j     pc + 12
core   0: 3 0x80001366 (0xa031)
core   0: 0x80001372 (0x0000b7dd) c.j     pc - 26
core   0: 3 0x80001372 (0xb7dd)
core   0: 0x80001358 (0x00002819) c.jal   pc + 22
core   0: 3 0x80001358 (0x2819) x 1 0x8000135a
core   0: 0x8000136e (0x0000bfcd) c.j     pc - 14
core   0: 3 0x8000136e (0xbfcd)
core   0: 0x80001360 (0x00c000ef) jal     pc + 0xc
core   0: 3 0x80001360 (0x00c000ef) x 1 0x80001364
core   0: 0x8000136c (0x000037fd) c.jal   pc - 18
core   0: 3 0x8000136c (0x37fd) x 1 0x8000136e
core   0: 0x8000135a (0xff9fffef) jal     t6, pc - 0x8
core   0: 3 0x8000135a (0xff9fffef) x31 0x8000135e
core   0: 0x80001352 (0x00003ff5) c.jal   pc - 4
core   0: 3 0x80001352 (0x3ff5) x 1 0x80001354
core   0: 0x8000134e (0x016000ef) jal     pc + 0x16
core   0: 3 0x8000134e (0x016000ef) x 1 0x80001352
core   0: 0x80001364 (0x000037f9) c.jal   pc - 50
core   0: 3 0x80001364 (0x37f9) x 1 0x80001366
core   0: 0x80001332 (0x0000200d) c.jal   pc + 34
core   0: 3 0x80001332 (0x200d) x 1 0x80001334
core   0: 0x80001354 (0x0000201d) c.jal   pc + 38
core   0: 3 0x80001354 (0x201d) x 1 0x80001356
core   0: 0x8000137a (0x4021d0b3) sra     ra, gp, sp
core   0: 3 0x8000137a (0x4021d0b3) x 1 0x00000000
core   0: 0x8000137e (0x00010317) auipc   t1, 0x10
core   0: 3 0x8000137e (0x00010317) x 6 0x8001137e
core   0: 0x80001382 (0xb8430313) addi    t1, t1, -1148
core   0: 3 0x80001382 (0xb8430313) x 6 0x80010f02
core   0: 0x80001386 (0x00134f03) lbu     t5, 1(t1)
core   0: 3 0x80001386 (0x00134f03) x30 0x00000021 mem 0x80010f03
core   0: 0x8000138a (0x00008061) c.srli  s0, 24
core   0: 3 0x8000138a (0x8061) x 8 0x00000000
core   0: 0x8000138c (0x005307a3) sb      t0, 15(t1)
core   0: 3 0x8000138c (0x005307a3) mem 0x80010f11 0x2b
core   0: 0x80001390 (0x01931223) sh      s9, 4(t1)
core   0: 3 0x80001390 (0x01931223) mem 0x80010f06 0xfffb
core   0: 0x80001394 (0x00a31183) lh      gp, 10(t1)
core   0: 3 0x80001394 (0x00a31183) x 3 0xffffef54 mem 0x80010f0c
core   0: 0x80001398 (0x00e34103) lbu     sp, 14(t1)
core   0: 3 0x80001398 (0x00e34103) x 2 0x00000031 mem 0x80010f10
core   0: 0x8000139c (0xfe430ba3) sb      tp, -9(t1)
core   0: 3 0x8000139c (0xfe430ba3) mem 0x80010ef9 0x44
core   0: 0x800013a0 (0x00330383) lb      t2, 3(t1)
core   0: 3 0x800013a0 (0x00330383) x 7 0xfffffff2 mem 0x80010f05
core   0: 0x800013a4 (0x00f335b3) sltu    a1, t1, a5
core   0: 3 0x800013a4 (0x00f335b3) x11 0x00000001
core   0: 0x800013a8 (0xbc038713) addi    a4, t2, -1088
core   0: 3 0x800013a8 (0xbc038713) x14 0xfffffbb2
core   0: 0x800013ac (0x00009b7d) c.andi  a4, -1
core   0: 3 0x800013ac (0x9b7d) x14 0xfffffbb2
core   0: 0x800013ae (0x00acdd33) srl     s10, s9, a0
core   0: 3 0x800013ae (0x00acdd33) x26 0x00000001
core   0: 0x800013b2 (0x03a84633) div     a2, a6, s10
core   0: 3 0x800013b2 (0x03a84633) x12 0x000000a2
core   0: 0x800013b6 (0x00008d21) c.xor   a0, s0
core   0: 3 0x800013b6 (0x8d21) x10 0x0000007f
core   0: 0x800013b8 (0xff630183) lb      gp, -10(t1)
core   0: 3 0x800013b8 (0xff630183) x 3 0xffffffa3 mem 0x80010ef8
core   0: 0x800013bc (0x01385e13) srli    t3, a6, 19
core   0: 3 0x800013bc (0x01385e13) x28 0x00000000
core   0: 0x800013c0 (0xff930483) lb      s1, -7(t1)
core   0: 3 0x800013c0 (0xff930483) x 9 0x0000004d mem 0x80010efb
core   0: 0x800013c4 (0x00330e83) lb      t4, 3(t1)
core   0: 3 0x800013c4 (0x00330e83) x29 0xfffffff2 mem 0x80010f05
core   0: 0x800013c8 (0xff130483) lb      s1, -15(t1)
core   0: 3 0x800013c8 (0xff130483) x 9 0xffffffd1 mem 0x80010ef3
core   0: 0x800013cc (0x00b34c83) lbu     s9, 11(t1)
core   0: 3 0x800013cc (0x00b34c83) x25 0x000000ef mem 0x80010f0d
core   0: 0x800013d0 (0xfe330823) sb      gp, -16(t1)
core   0: 3 0x800013d0 (0xfe330823) mem 0x80010ef2 0xa3
core   0: 0x800013d4 (0x41205cb3) sra     s9, zero, s2
core   0: 3 0x800013d4 (0x41205cb3) x25 0x00000000
core   0: 0x800013d8 (0xffc34003) lbu     zero, -4(t1)
core   0: 3 0x800013d8 (0xffc34003) mem 0x80010efe
core   0: 0x800013dc (0x00000d98) c.addi4spn a4, sp, 720
core   0: 3 0x800013dc (0x0d98) x14 0x00000301
core   0: 0x800013de (0x000003b9) c.addi  t2, 14
core   0: 3 0x800013de (0x03b9) x 7 0x00000000
core   0: 0x800013e0 (0x00e43433) sltu    s0, s0, a4
core   0: 3 0x800013e0 (0x00e43433) x 8 0x00000001
core   0: 0x800013e4 (0x418ed493) srai    s1, t4, 24
core   0: 3 0x800013e4 (0x418ed493) x 9 0xffffffff
core   0: 0x800013e8 (0x01035703) lhu     a4, 16(t1)
core   0: 3 0x800013e8 (0x01035703) x14 0x0000ecc6 mem 0x80010f12
core   0: 0x800013ec (0xff230b83) lb      s7, -14(t1)
core   0: 3 0x800013ec (0xff230b83) x23 0x0000000d mem 0x80010ef4
core   0: 0x800013f0 (0xffa30ca3) sb      s10, -7(t1)
core   0: 3 0x800013f0 (0xffa30ca3) mem 0x80010efb 0x1
core   0: 0x800013f4 (0x0ff0000f) fence   iorw,iorw
core   0: 3 0x800013f4 (0x0ff0000f)
core   0: 0x800013f8 (0xff934c03) lbu     s8, -7(t1)
core   0: 3 0x800013f8 (0xff934c03) x24 0x00000001 mem 0x80010efb
core   0: 0x800013fc (0x03cc96b3) mulh    a3, s9, t3
core   0: 3 0x800013fc (0x03cc96b3) x13 0x00000000
core   0: 0x80001400 (0x011f3733) sltu    a4, t5, a7
core   0: 3 0x80001400 (0x011f3733) x14 0x00000000
core   0: 0x80001404 (0xff431203) lh      tp, -12(t1)
core   0: 3 0x80001404 (0xff431203) x 4 0xffffb911 mem 0x80010ef6
core   0: 0x80001408 (0xff230483) lb      s1, -14(t1)
core   0: 3 0x80001408 (0xff230483) x 9 0x0000000d mem 0x80010ef4
core   0: 0x8000140c (0x01faa2b3) slt     t0, s5, t6
core   0: 3 0x8000140c (0x01faa2b3) x 5 0x00000000
core   0: 0x80001410 (0x00c35803) lhu     a6, 12(t1)
core   0: 3 0x80001410 (0x00c35803) x16 0x00002763 mem 0x80010f0e
core   0: 0x80001414 (0xff034683) lbu     a3, -16(t1)
core   0: 3 0x80001414 (0xff034683) x13 0x000000a3 mem 0x80010ef2
core   0: 0x80001418 (0x655a4013) xori    zero, s4, 1621
core   0: 3 0x80001418 (0x655a4013)
core   0: 0x8000141c (0x01730823) sb      s7, 16(t1)
core   0: 3 0x8000141c (0x01730823) mem 0x80010f12 0xd
core   0: 0x80001420 (0x019306a3) sb      s9, 13(t1)
core   0: 3 0x80001420 (0x019306a3) mem 0x80010f0f 0x0
core   0: 0x80001424 (0xff930703) lb      a4, -7(t1)
core   0: 3 0x80001424 (0xff930703) x14 0x00000001 mem 0x80010efb
core   0: 0x80001428 (0x00008e39) c.xor   a2, a4
core   0: 3 0x80001428 (0x8e39) x12 0x000000a3
core   0: 0x8000142a (0xfec30d23) sb      a2, -6(t1)
core   0: 3 0x8000142a (0xfec30d23) mem 0x80010efc 0xa3
core   0: 0x8000142e (0x8866ae13) slti    t3, a3, -1914
core   0: 3 0x8000142e (0x8866ae13) x28 0x00000000
core   0: 0x80001432 (0xff831f23) sh      s8, -2(t1)
core   0: 3 0x80001432 (0xff831f23) mem 0x80010f00 0x0001
core   0: 0x80001436 (0x00031483) lh      s1, 0(t1)
core   0: 3 0x80001436 (0x00031483) x 9 0x0000211f mem 0x80010f02
core   0: 0x8000143a (0xff831183) lh      gp, -8(t1)
core   0: 3 0x8000143a (0xff831183) x 3 0x000001e8 mem 0x80010efa
core   0: 0x8000143e (0x03492433) mulhsu  s0, s2, s4
core   0: 3 0x8000143e (0x03492433) x 8 0x00000000
core   0: 0x80001442 (0x012300a3) sb      s2, 1(t1)
core   0: 3 0x80001442 (0x012300a3) mem 0x80010f03 0x7b
core   0: 0x80001446 (0xff700393) li      t2, -9
core   0: 3 0x80001446 (0xff700393) x 7 0xfffffff7
core   0: 0x8000144a (0xddbec237) lui     tp, 0xddbec
core   0: 3 0x8000144a (0xddbec237) x 4 0xddbec000
core   0: 0x8000144e (0xde4cf993) andi    s3, s9, -540
core   0: 3 0x8000144e (0xde4cf993) x19 0x00000000
core   0: 0x80001452 (0x00009662) c.add   a2, s8
core   0: 3 0x80001452 (0x9662) x12 0x000000a4
core   0: 0x80001454 (0x298b7e93) andi    t4, s6, 664
core   0: 3 0x80001454 (0x298b7e93) x29 0x00000010
core   0: 0x80001458 (0xfed00093) li      ra, -19
core   0: 3 0x80001458 (0xfed00093) x 1 0xffffffed
core   0: 0x8000145c (0x00008dd9) c.or    a1, a4
core   0: 3 0x8000145c (0x8dd9) x11 0x00000001
core   0: 0x8000145e (0x000013dd) c.addi  t2, -9
core   0: 3 0x8000145e (0x13dd) x 7 0xffffffee
core   0: 0x80001460 (0x00000001) c.nop
core   0: 3 0x80001460 (0x0001)
core   0: 0x80001462 (0x00008e55) c.or    a2, a3
core   0: 3 0x80001462 (0x8e55) x12 0x000000a7
core   0: 0x80001464 (0x3ba20c93) addi    s9, tp, 954
core   0: 3 0x80001464 (0x3ba20c93) x25 0xddbec3ba
core   0: 0x80001468 (0x00200d13) li      s10, 2
core   0: 3 0x80001468 (0x00200d13) x26 0x00000002
core   0: 0x8000146c (0x019a8bb3) add     s7, s5, s9
core   0: 3 0x8000146c (0x019a8bb3) x23 0x5dc1221e
core   0: 0x80001470 (0x00000e5e) c.slli  t3, 23
core   0: 3 0x80001470 (0x0e5e) x28 0x00000000
core   0: 0x80001472 (0x40af5533) sra     a0, t5, a0
core   0: 3 0x80001472 (0x40af5533) x10 0x00000000
core   0: 0x80001476 (0xfed00193) li      gp, -19
core   0: 3 0x80001476 (0xfed00193) x 3 0xffffffed
core   0: 0x8000147a (0x02ef4033) div     zero, t5, a4
core   0: 3 0x8000147a (0x02ef4033)
core   0: 0x8000147e (0x01876133) or      sp, a4, s8
core   0: 3 0x8000147e (0x01876133) x 2 0x00000001
core   0: 0x80001482 (0x02c31133) mulh    sp, t1, a2
core   0: 3 0x80001482 (0x02c31133) x 2 0xffffffac
core   0: 0x80001486 (0x01d12633) slt     a2, sp, t4
core   0: 3 0x80001486 (0x01d12633) x12 0x00000001
core   0: 0x8000148a (0x7df5bc93) sltiu   s9, a1, 2015
core   0: 3 0x8000148a (0x7df5bc93) x25 0x00000001
core   0: 0x8000148e (0x00000845) c.addi  a6, 17
core   0: 3 0x8000148e (0x0845) x16 0x00002774
core   0: 0x80001490 (0x41bd0cb3) sub     s9, s10, s11
core   0: 3 0x80001490 (0x41bd0cb3) x25 0x7fffecd0
core   0: 0x80001494 (0x02bb5bb3) divu    s7, s6, a1
core   0: 3 0x80001494 (0x02bb5bb3) x23 0x00000016
core   0: 0x80001498 (0x00001d75) c.addi  s10, -3
core   0: 3 0x80001498 (0x1d75) x26 0xffffffff
core   0: 0x8000149a (0x00008ee9) c.and   a3, a0
core   0: 3 0x8000149a (0x8ee9) x13 0x00000000
core   0: 0x8000149c (0x00001900) c.addi4spn s0, sp, 176
core   0: 3 0x8000149c (0x1900) x 8 0x0000005c
core   0: 0x8000149e (0x00004705) c.li    a4, 1
core   0: 3 0x8000149e (0x4705) x14 0x00000001
core   0: 0x800014a0 (0x00000001) c.nop
core   0: 3 0x800014a0 (0x0001)
core   0: 0x800014a2 (0x0237dc33) divu    s8, a5, gp
core   0: 3 0x800014a2 (0x0237dc33) x24 0x00000000
core   0: 0x800014a6 (0xfe3d52e3) bge     s10, gp, pc - 28
core   0: 3 0x800014a6 (0xfe3d52e3)
core   0: 0x8000148a (0x7df5bc93) sltiu   s9, a1, 2015
core   0: 3 0x8000148a (0x7df5bc93) x25 0x00000001
core   0: 0x8000148e (0x00000845) c.addi  a6, 17
core   0: 3 0x8000148e (0x0845) x16 0x00002785
core   0: 0x80001490 (0x41bd0cb3) sub     s9, s10, s11
core   0: 3 0x80001490 (0x41bd0cb3) x25 0x7fffeccd
core   0: 0x80001494 (0x02bb5bb3) divu    s7, s6, a1
core   0: 3 0x80001494 (0x02bb5bb3) x23 0x00000016
core   0: 0x80001498 (0x00001d75) c.addi  s10, -3
core   0: 3 0x80001498 (0x1d75) x26 0xfffffffc
core   0: 0x8000149a (0x00008ee9) c.and   a3, a0
core   0: 3 0x8000149a (0x8ee9) x13 0x00000000
core   0: 0x8000149c (0x00001900) c.addi4spn s0, sp, 176
core   0: 3 0x8000149c (0x1900) x 8 0x0000005c
core   0: 0x8000149e (0x00004705) c.li    a4, 1
core   0: 3 0x8000149e (0x4705) x14 0x00000001
core   0: 0x800014a0 (0x00000001) c.nop
core   0: 3 0x800014a0 (0x0001)
core   0: 0x800014a2 (0x0237dc33) divu    s8, a5, gp
core   0: 3 0x800014a2 (0x0237dc33) x24 0x00000000
core   0: 0x800014a6 (0xfe3d52e3) bge     s10, gp, pc - 28
core   0: 3 0x800014a6 (0xfe3d52e3)
core   0: 0x8000148a (0x7df5bc93) sltiu   s9, a1, 2015
core   0: 3 0x8000148a (0x7df5bc93) x25 0x00000001
core   0: 0x8000148e (0x00000845) c.addi  a6, 17
core   0: 3 0x8000148e (0x0845) x16 0x00002796
core   0: 0x80001490 (0x41bd0cb3) sub     s9, s10, s11
core   0: 3 0x80001490 (0x41bd0cb3) x25 0x7fffecca
core   0: 0x80001494 (0x02bb5bb3) divu    s7, s6, a1
core   0: 3 0x80001494 (0x02bb5bb3) x23 0x00000016
core   0: 0x80001498 (0x00001d75) c.addi  s10, -3
core   0: 3 0x80001498 (0x1d75) x26 0xfffffff9
core   0: 0x8000149a (0x00008ee9) c.and   a3, a0
core   0: 3 0x8000149a (0x8ee9) x13 0x00000000
core   0: 0x8000149c (0x00001900) c.addi4spn s0, sp, 176
core   0: 3 0x8000149c (0x1900) x 8 0x0000005c
core   0: 0x8000149e (0x00004705) c.li    a4, 1
core   0: 3 0x8000149e (0x4705) x14 0x00000001
core   0: 0x800014a0 (0x00000001) c.nop
core   0: 3 0x800014a0 (0x0001)
core   0: 0x800014a2 (0x0237dc33) divu    s8, a5, gp
core   0: 3 0x800014a2 (0x0237dc33) x24 0x00000000
core   0: 0x800014a6 (0xfe3d52e3) bge     s10, gp, pc - 28
core   0: 3 0x800014a6 (0xfe3d52e3)
core   0: 0x8000148a (0x7df5bc93) sltiu   s9, a1, 2015
core   0: 3 0x8000148a (0x7df5bc93) x25 0x00000001
core   0: 0x8000148e (0x00000845) c.addi  a6, 17
core   0: 3 0x8000148e (0x0845) x16 0x000027a7
core   0: 0x80001490 (0x41bd0cb3) sub     s9, s10, s11
core   0: 3 0x80001490 (0x41bd0cb3) x25 0x7fffecc7
core   0: 0x80001494 (0x02bb5bb3) divu    s7, s6, a1
core   0: 3 0x80001494 (0x02bb5bb3) x23 0x00000016
core   0: 0x80001498 (0x00001d75) c.addi  s10, -3
core   0: 3 0x80001498 (0x1d75) x26 0xfffffff6
core   0: 0x8000149a (0x00008ee9) c.and   a3, a0
core   0: 3 0x8000149a (0x8ee9) x13 0x00000000
core   0: 0x8000149c (0x00001900) c.addi4spn s0, sp, 176
core   0: 3 0x8000149c (0x1900) x 8 0x0000005c
core   0: 0x8000149e (0x00004705) c.li    a4, 1
core   0: 3 0x8000149e (0x4705) x14 0x00000001
core   0: 0x800014a0 (0x00000001) c.nop
core   0: 3 0x800014a0 (0x0001)
core   0: 0x800014a2 (0x0237dc33) divu    s8, a5, gp
core   0: 3 0x800014a2 (0x0237dc33) x24 0x00000000
core   0: 0x800014a6 (0xfe3d52e3) bge     s10, gp, pc - 28
core   0: 3 0x800014a6 (0xfe3d52e3)
core   0: 0x8000148a (0x7df5bc93) sltiu   s9, a1, 2015
core   0: 3 0x8000148a (0x7df5bc93) x25 0x00000001
core   0: 0x8000148e (0x00000845) c.addi  a6, 17
core   0: 3 0x8000148e (0x0845) x16 0x000027b8
core   0: 0x80001490 (0x41bd0cb3) sub     s9, s10, s11
core   0: 3 0x80001490 (0x41bd0cb3) x25 0x7fffecc4
core   0: 0x80001494 (0x02bb5bb3) divu    s7, s6, a1
core   0: 3 0x80001494 (0x02bb5bb3) x23 0x00000016
core   0: 0x80001498 (0x00001d75) c.addi  s10, -3
core   0: 3 0x80001498 (0x1d75) x26 0xfffffff3
core   0: 0x8000149a (0x00008ee9) c.and   a3, a0
core   0: 3 0x8000149a (0x8ee9) x13 0x00000000
core   0: 0x8000149c (0x00001900) c.addi4spn s0, sp, 176
core   0: 3 0x8000149c (0x1900) x 8 0x0000005c
core   0: 0x8000149e (0x00004705) c.li    a4, 1
core   0: 3 0x8000149e (0x4705) x14 0x00000001
core   0: 0x800014a0 (0x00000001) c.nop
core   0: 3 0x800014a0 (0x0001)
core   0: 0x800014a2 (0x0237dc33) divu    s8, a5, gp
core   0: 3 0x800014a2 (0x0237dc33) x24 0x00000000
core   0: 0x800014a6 (0xfe3d52e3) bge     s10, gp, pc - 28
core   0: 3 0x800014a6 (0xfe3d52e3)
core   0: 0x8000148a (0x7df5bc93) sltiu   s9, a1, 2015
core   0: 3 0x8000148a (0x7df5bc93) x25 0x00000001
core   0: 0x8000148e (0x00000845) c.addi  a6, 17
core   0: 3 0x8000148e (0x0845) x16 0x000027c9
core   0: 0x80001490 (0x41bd0cb3) sub     s9, s10, s11
core   0: 3 0x80001490 (0x41bd0cb3) x25 0x7fffecc1
core   0: 0x80001494 (0x02bb5bb3) divu    s7, s6, a1
core   0: 3 0x80001494 (0x02bb5bb3) x23 0x00000016
core   0: 0x80001498 (0x00001d75) c.addi  s10, -3
core   0: 3 0x80001498 (0x1d75) x26 0xfffffff0
core   0: 0x8000149a (0x00008ee9) c.and   a3, a0
core   0: 3 0x8000149a (0x8ee9) x13 0x00000000
core   0: 0x8000149c (0x00001900) c.addi4spn s0, sp, 176
core   0: 3 0x8000149c (0x1900) x 8 0x0000005c
core   0: 0x8000149e (0x00004705) c.li    a4, 1
core   0: 3 0x8000149e (0x4705) x14 0x00000001
core   0: 0x800014a0 (0x00000001) c.nop
core   0: 3 0x800014a0 (0x0001)
core   0: 0x800014a2 (0x0237dc33) divu    s8, a5, gp
core   0: 3 0x800014a2 (0x0237dc33) x24 0x00000000
core   0: 0x800014a6 (0xfe3d52e3) bge     s10, gp, pc - 28
core   0: 3 0x800014a6 (0xfe3d52e3)
core   0: 0x8000148a (0x7df5bc93) sltiu   s9, a1, 2015
core   0: 3 0x8000148a (0x7df5bc93) x25 0x00000001
core   0: 0x8000148e (0x00000845) c.addi  a6, 17
core   0: 3 0x8000148e (0x0845) x16 0x000027da
core   0: 0x80001490 (0x41bd0cb3) sub     s9, s10, s11
core   0: 3 0x80001490 (0x41bd0cb3) x25 0x7fffecbe
core   0: 0x80001494 (0x02bb5bb3) divu    s7, s6, a1
core   0: 3 0x80001494 (0x02bb5bb3) x23 0x00000016
core   0: 0x80001498 (0x00001d75) c.addi  s10, -3
core   0: 3 0x80001498 (0x1d75) x26 0xffffffed
core   0: 0x8000149a (0x00008ee9) c.and   a3, a0
core   0: 3 0x8000149a (0x8ee9) x13 0x00000000
core   0: 0x8000149c (0x00001900) c.addi4spn s0, sp, 176
core   0: 3 0x8000149c (0x1900) x 8 0x0000005c
core   0: 0x8000149e (0x00004705) c.li    a4, 1
core   0: 3 0x8000149e (0x4705) x14 0x00000001
core   0: 0x800014a0 (0x00000001) c.nop
core   0: 3 0x800014a0 (0x0001)
core   0: 0x800014a2 (0x0237dc33) divu    s8, a5, gp
core   0: 3 0x800014a2 (0x0237dc33) x24 0x00000000
core   0: 0x800014a6 (0xfe3d52e3) bge     s10, gp, pc - 28
core   0: 3 0x800014a6 (0xfe3d52e3)
core   0: 0x8000148a (0x7df5bc93) sltiu   s9, a1, 2015
core   0: 3 0x8000148a (0x7df5bc93) x25 0x00000001
core   0: 0x8000148e (0x00000845) c.addi  a6, 17
core   0: 3 0x8000148e (0x0845) x16 0x000027eb
core   0: 0x80001490 (0x41bd0cb3) sub     s9, s10, s11
core   0: 3 0x80001490 (0x41bd0cb3) x25 0x7fffecbb
core   0: 0x80001494 (0x02bb5bb3) divu    s7, s6, a1
core   0: 3 0x80001494 (0x02bb5bb3) x23 0x00000016
core   0: 0x80001498 (0x00001d75) c.addi  s10, -3
core   0: 3 0x80001498 (0x1d75) x26 0xffffffea
core   0: 0x8000149a (0x00008ee9) c.and   a3, a0
core   0: 3 0x8000149a (0x8ee9) x13 0x00000000
core   0: 0x8000149c (0x00001900) c.addi4spn s0, sp, 176
core   0: 3 0x8000149c (0x1900) x 8 0x0000005c
core   0: 0x8000149e (0x00004705) c.li    a4, 1
core   0: 3 0x8000149e (0x4705) x14 0x00000001
core   0: 0x800014a0 (0x00000001) c.nop
core   0: 3 0x800014a0 (0x0001)
core   0: 0x800014a2 (0x0237dc33) divu    s8, a5, gp
core   0: 3 0x800014a2 (0x0237dc33) x24 0x00000000
core   0: 0x800014a6 (0xfe3d52e3) bge     s10, gp, pc - 28
core   0: 3 0x800014a6 (0xfe3d52e3)
core   0: 0x800014aa (0x00000001) c.nop
core   0: 3 0x800014aa (0x0001)
core   0: 0x800014ac (0x0127b633) sltu    a2, a5, s2
core   0: 3 0x800014ac (0x0127b633) x12 0x00000000
core   0: 0x800014b0 (0xfa13d6e3) bge     t2, ra, pc - 84
core   0: 3 0x800014b0 (0xfa13d6e3)
core   0: 0x8000145c (0x00008dd9) c.or    a1, a4
core   0: 3 0x8000145c (0x8dd9) x11 0x00000001
core   0: 0x8000145e (0x000013dd) c.addi  t2, -9
core   0: 3 0x8000145e (0x13dd) x 7 0xffffffe5
core   0: 0x80001460 (0x00000001) c.nop
core   0: 3 0x80001460 (0x0001)
core   0: 0x80001462 (0x00008e55) c.or    a2, a3
core   0: 3 0x80001462 (0x8e55) x12 0x00000000
core   0: 0x80001464 (0x3ba20c93) addi    s9, tp, 954
core   0: 3 0x80001464 (0x3ba20c93) x25 0xddbec3ba
core   0: 0x80001468 (0x00200d13) li      s10, 2
core   0: 3 0x80001468 (0x00200d13) x26 0x00000002
core   0: 0x8000146c (0x019a8bb3) add     s7, s5, s9
core   0: 3 0x8000146c (0x019a8bb3) x23 0x5dc1221e
core   0: 0x80001470 (0x00000e5e) c.slli  t3, 23
core   0: 3 0x80001470 (0x0e5e) x28 0x00000000
core   0: 0x80001472 (0x40af5533) sra     a0, t5, a0
core   0: 3 0x80001472 (0x40af5533) x10 0x00000021
core   0: 0x80001476 (0xfed00193) li      gp, -19
core   0: 3 0x80001476 (0xfed00193) x 3 0xffffffed
core   0: 0x8000147a (0x02ef4033) div     zero, t5, a4
core   0: 3 0x8000147a (0x02ef4033)
core   0: 0x8000147e (0x01876133) or      sp, a4, s8
core   0: 3 0x8000147e (0x01876133) x 2 0x00000001
core   0: 0x80001482 (0x02c31133) mulh    sp, t1, a2
core   0: 3 0x80001482 (0x02c31133) x 2 0x00000000
core   0: 0x80001486 (0x01d12633) slt     a2, sp, t4
core   0: 3 0x80001486 (0x01d12633) x12 0x00000001
core   0: 0x8000148a (0x7df5bc93) sltiu   s9, a1, 2015
core   0: 3 0x8000148a (0x7df5bc93) x25 0x00000001
core   0: 0x8000148e (0x00000845) c.addi  a6, 17
core   0: 3 0x8000148e (0x0845) x16 0x000027fc
core   0: 0x80001490 (0x41bd0cb3) sub     s9, s10, s11
core   0: 3 0x80001490 (0x41bd0cb3) x25 0x7fffecd0
core   0: 0x80001494 (0x02bb5bb3) divu    s7, s6, a1
core   0: 3 0x80001494 (0x02bb5bb3) x23 0x00000016
core   0: 0x80001498 (0x00001d75) c.addi  s10, -3
core   0: 3 0x80001498 (0x1d75) x26 0xffffffff
core   0: 0x8000149a (0x00008ee9) c.and   a3, a0
core   0: 3 0x8000149a (0x8ee9) x13 0x00000000
core   0: 0x8000149c (0x00001900) c.addi4spn s0, sp, 176
core   0: 3 0x8000149c (0x1900) x 8 0x000000b0
core   0: 0x8000149e (0x00004705) c.li    a4, 1
core   0: 3 0x8000149e (0x4705) x14 0x00000001
core   0: 0x800014a0 (0x00000001) c.nop
core   0: 3 0x800014a0 (0x0001)
core   0: 0x800014a2 (0x0237dc33) divu    s8, a5, gp
core   0: 3 0x800014a2 (0x0237dc33) x24 0x00000000
core   0: 0x800014a6 (0xfe3d52e3) bge     s10, gp, pc - 28
core   0: 3 0x800014a6 (0xfe3d52e3)
core   0: 0x8000148a (0x7df5bc93) sltiu   s9, a1, 2015
core   0: 3 0x8000148a (0x7df5bc93) x25 0x00000001
core   0: 0x8000148e (0x00000845) c.addi  a6, 17
core   0: 3 0x8000148e (0x0845) x16 0x0000280d
core   0: 0x80001490 (0x41bd0cb3) sub     s9, s10, s11
core   0: 3 0x80001490 (0x41bd0cb3) x25 0x7fffeccd
core   0: 0x80001494 (0x02bb5bb3) divu    s7, s6, a1
core   0: 3 0x80001494 (0x02bb5bb3) x23 0x00000016
core   0: 0x80001498 (0x00001d75) c.addi  s10, -3
core   0: 3 0x80001498 (0x1d75) x26 0xfffffffc
core   0: 0x8000149a (0x00008ee9) c.and   a3, a0
core   0: 3 0x8000149a (0x8ee9) x13 0x00000000
core   0: 0x8000149c (0x00001900) c.addi4spn s0, sp, 176
core   0: 3 0x8000149c (0x1900) x 8 0x000000b0
core   0: 0x8000149e (0x00004705) c.li    a4, 1
core   0: 3 0x8000149e (0x4705) x14 0x00000001
core   0: 0x800014a0 (0x00000001) c.nop
core   0: 3 0x800014a0 (0x0001)
core   0: 0x800014a2 (0x0237dc33) divu    s8, a5, gp
core   0: 3 0x800014a2 (0x0237dc33) x24 0x00000000
core   0: 0x800014a6 (0xfe3d52e3) bge     s10, gp, pc - 28
core   0: 3 0x800014a6 (0xfe3d52e3)
core   0: 0x8000148a (0x7df5bc93) sltiu   s9, a1, 2015
core   0: 3 0x8000148a (0x7df5bc93) x25 0x00000001
core   0: 0x8000148e (0x00000845) c.addi  a6, 17
core   0: 3 0x8000148e (0x0845) x16 0x0000281e
core   0: 0x80001490 (0x41bd0cb3) sub     s9, s10, s11
core   0: 3 0x80001490 (0x41bd0cb3) x25 0x7fffecca
core   0: 0x80001494 (0x02bb5bb3) divu    s7, s6, a1
core   0: 3 0x80001494 (0x02bb5bb3) x23 0x00000016
core   0: 0x80001498 (0x00001d75) c.addi  s10, -3
core   0: 3 0x80001498 (0x1d75) x26 0xfffffff9
core   0: 0x8000149a (0x00008ee9) c.and   a3, a0
core   0: 3 0x8000149a (0x8ee9) x13 0x00000000
core   0: 0x8000149c (0x00001900) c.addi4spn s0, sp, 176
core   0: 3 0x8000149c (0x1900) x 8 0x000000b0
core   0: 0x8000149e (0x00004705) c.li    a4, 1
core   0: 3 0x8000149e (0x4705) x14 0x00000001
core   0: 0x800014a0 (0x00000001) c.nop
core   0: 3 0x800014a0 (0x0001)
core   0: 0x800014a2 (0x0237dc33) divu    s8, a5, gp
core   0: 3 0x800014a2 (0x0237dc33) x24 0x00000000
core   0: 0x800014a6 (0xfe3d52e3) bge     s10, gp, pc - 28
core   0: 3 0x800014a6 (0xfe3d52e3)
core   0: 0x8000148a (0x7df5bc93) sltiu   s9, a1, 2015
core   0: 3 0x8000148a (0x7df5bc93) x25 0x00000001
core   0: 0x8000148e (0x00000845) c.addi  a6, 17
core   0: 3 0x8000148e (0x0845) x16 0x0000282f
core   0: 0x80001490 (0x41bd0cb3) sub     s9, s10, s11
core   0: 3 0x80001490 (0x41bd0cb3) x25 0x7fffecc7
core   0: 0x80001494 (0x02bb5bb3) divu    s7, s6, a1
core   0: 3 0x80001494 (0x02bb5bb3) x23 0x00000016
core   0: 0x80001498 (0x00001d75) c.addi  s10, -3
core   0: 3 0x80001498 (0x1d75) x26 0xfffffff6
core   0: 0x8000149a (0x00008ee9) c.and   a3, a0
core   0: 3 0x8000149a (0x8ee9) x13 0x00000000
core   0: 0x8000149c (0x00001900) c.addi4spn s0, sp, 176
core   0: 3 0x8000149c (0x1900) x 8 0x000000b0
core   0: 0x8000149e (0x00004705) c.li    a4, 1
core   0: 3 0x8000149e (0x4705) x14 0x00000001
core   0: 0x800014a0 (0x00000001) c.nop
core   0: 3 0x800014a0 (0x0001)
core   0: 0x800014a2 (0x0237dc33) divu    s8, a5, gp
core   0: 3 0x800014a2 (0x0237dc33) x24 0x00000000
core   0: 0x800014a6 (0xfe3d52e3) bge     s10, gp, pc - 28
core   0: 3 0x800014a6 (0xfe3d52e3)
core   0: 0x8000148a (0x7df5bc93) sltiu   s9, a1, 2015
core   0: 3 0x8000148a (0x7df5bc93) x25 0x00000001
core   0: 0x8000148e (0x00000845) c.addi  a6, 17
core   0: 3 0x8000148e (0x0845) x16 0x00002840
core   0: 0x80001490 (0x41bd0cb3) sub     s9, s10, s11
core   0: 3 0x80001490 (0x41bd0cb3) x25 0x7fffecc4
core   0: 0x80001494 (0x02bb5bb3) divu    s7, s6, a1
core   0: 3 0x80001494 (0x02bb5bb3) x23 0x00000016
core   0: 0x80001498 (0x00001d75) c.addi  s10, -3
core   0: 3 0x80001498 (0x1d75) x26 0xfffffff3
core   0: 0x8000149a (0x00008ee9) c.and   a3, a0
core   0: 3 0x8000149a (0x8ee9) x13 0x00000000
core   0: 0x8000149c (0x00001900) c.addi4spn s0, sp, 176
core   0: 3 0x8000149c (0x1900) x 8 0x000000b0
core   0: 0x8000149e (0x00004705) c.li    a4, 1
core   0: 3 0x8000149e (0x4705) x14 0x00000001
core   0: 0x800014a0 (0x00000001) c.nop
core   0: 3 0x800014a0 (0x0001)
core   0: 0x800014a2 (0x0237dc33) divu    s8, a5, gp
core   0: 3 0x800014a2 (0x0237dc33) x24 0x00000000
core   0: 0x800014a6 (0xfe3d52e3) bge     s10, gp, pc - 28
core   0: 3 0x800014a6 (0xfe3d52e3)
core   0: 0x8000148a (0x7df5bc93) sltiu   s9, a1, 2015
core   0: 3 0x8000148a (0x7df5bc93) x25 0x00000001
core   0: 0x8000148e (0x00000845) c.addi  a6, 17
core   0: 3 0x8000148e (0x0845) x16 0x00002851
core   0: 0x80001490 (0x41bd0cb3) sub     s9, s10, s11
core   0: 3 0x80001490 (0x41bd0cb3) x25 0x7fffecc1
core   0: 0x80001494 (0x02bb5bb3) divu    s7, s6, a1
core   0: 3 0x80001494 (0x02bb5bb3) x23 0x00000016
core   0: 0x80001498 (0x00001d75) c.addi  s10, -3
core   0: 3 0x80001498 (0x1d75) x26 0xfffffff0
core   0: 0x8000149a (0x00008ee9) c.and   a3, a0
core   0: 3 0x8000149a (0x8ee9) x13 0x00000000
core   0: 0x8000149c (0x00001900) c.addi4spn s0, sp, 176
core   0: 3 0x8000149c (0x1900) x 8 0x000000b0
core   0: 0x8000149e (0x00004705) c.li    a4, 1
core   0: 3 0x8000149e (0x4705) x14 0x00000001
core   0: 0x800014a0 (0x00000001) c.nop
core   0: 3 0x800014a0 (0x0001)
core   0: 0x800014a2 (0x0237dc33) divu    s8, a5, gp
core   0: 3 0x800014a2 (0x0237dc33) x24 0x00000000
core   0: 0x800014a6 (0xfe3d52e3) bge     s10, gp, pc - 28
core   0: 3 0x800014a6 (0xfe3d52e3)
core   0: 0x8000148a (0x7df5bc93) sltiu   s9, a1, 2015
core   0: 3 0x8000148a (0x7df5bc93) x25 0x00000001
core   0: 0x8000148e (0x00000845) c.addi  a6, 17
core   0: 3 0x8000148e (0x0845) x16 0x00002862
core   0: 0x80001490 (0x41bd0cb3) sub     s9, s10, s11
core   0: 3 0x80001490 (0x41bd0cb3) x25 0x7fffecbe
core   0: 0x80001494 (0x02bb5bb3) divu    s7, s6, a1
core   0: 3 0x80001494 (0x02bb5bb3) x23 0x00000016
core   0: 0x80001498 (0x00001d75) c.addi  s10, -3
core   0: 3 0x80001498 (0x1d75) x26 0xffffffed
core   0: 0x8000149a (0x00008ee9) c.and   a3, a0
core   0: 3 0x8000149a (0x8ee9) x13 0x00000000
core   0: 0x8000149c (0x00001900) c.addi4spn s0, sp, 176
core   0: 3 0x8000149c (0x1900) x 8 0x000000b0
core   0: 0x8000149e (0x00004705) c.li    a4, 1
core   0: 3 0x8000149e (0x4705) x14 0x00000001
core   0: 0x800014a0 (0x00000001) c.nop
core   0: 3 0x800014a0 (0x0001)
core   0: 0x800014a2 (0x0237dc33) divu    s8, a5, gp
core   0: 3 0x800014a2 (0x0237dc33) x24 0x00000000
core   0: 0x800014a6 (0xfe3d52e3) bge     s10, gp, pc - 28
core   0: 3 0x800014a6 (0xfe3d52e3)
core   0: 0x8000148a (0x7df5bc93) sltiu   s9, a1, 2015
core   0: 3 0x8000148a (0x7df5bc93) x25 0x00000001
core   0: 0x8000148e (0x00000845) c.addi  a6, 17
core   0: 3 0x8000148e (0x0845) x16 0x00002873
core   0: 0x80001490 (0x41bd0cb3) sub     s9, s10, s11
core   0: 3 0x80001490 (0x41bd0cb3) x25 0x7fffecbb
core   0: 0x80001494 (0x02bb5bb3) divu    s7, s6, a1
core   0: 3 0x80001494 (0x02bb5bb3) x23 0x00000016
core   0: 0x80001498 (0x00001d75) c.addi  s10, -3
core   0: 3 0x80001498 (0x1d75) x26 0xffffffea
core   0: 0x8000149a (0x00008ee9) c.and   a3, a0
core   0: 3 0x8000149a (0x8ee9) x13 0x00000000
core   0: 0x8000149c (0x00001900) c.addi4spn s0, sp, 176
core   0: 3 0x8000149c (0x1900) x 8 0x000000b0
core   0: 0x8000149e (0x00004705) c.li    a4, 1
core   0: 3 0x8000149e (0x4705) x14 0x00000001
core   0: 0x800014a0 (0x00000001) c.nop
core   0: 3 0x800014a0 (0x0001)
core   0: 0x800014a2 (0x0237dc33) divu    s8, a5, gp
core   0: 3 0x800014a2 (0x0237dc33) x24 0x00000000
core   0: 0x800014a6 (0xfe3d52e3) bge     s10, gp, pc - 28
core   0: 3 0x800014a6 (0xfe3d52e3)
core   0: 0x800014aa (0x00000001) c.nop
core   0: 3 0x800014aa (0x0001)
core   0: 0x800014ac (0x0127b633) sltu    a2, a5, s2
core   0: 3 0x800014ac (0x0127b633) x12 0x00000000
core   0: 0x800014b0 (0xfa13d6e3) bge     t2, ra, pc - 84
core   0: 3 0x800014b0 (0xfa13d6e3)
core   0: 0x800014b4 (0x012bd913) srli    s2, s7, 18
core   0: 3 0x800014b4 (0x012bd913) x18 0x00000000
core   0: 0x800014b8 (0x00017c97) auipc   s9, 0x17
core   0: 3 0x800014b8 (0x00017c97) x25 0x800184b8
core   0: 0x800014bc (0xec4c8c93) addi    s9, s9, -316
core   0: 3 0x800014bc (0xec4c8c93) x25 0x8001837c
core   0: 0x800014c0 (0x03fc8a03) lb      s4, 63(s9)
core   0: 3 0x800014c0 (0x03fc8a03) x20 0xffffff99 mem 0x800183bb
core   0: 0x800014c4 (0x03fccf83) lbu     t6, 63(s9)
core   0: 3 0x800014c4 (0x03fccf83) x31 0x00000099 mem 0x800183bb
core   0: 0x800014c8 (0x02ac8fa3) sb      a0, 63(s9)
core   0: 3 0x800014c8 (0x02ac8fa3) mem 0x800183bb 0x21
core   0: 0x800014cc (0x060cdb83) lhu     s7, 96(s9)
core   0: 3 0x800014cc (0x060cdb83) x23 0x00004324 mem 0x800183dc
core   0: 0x800014d0 (0x060c8a03) lb      s4, 96(s9)
core   0: 3 0x800014d0 (0x060c8a03) x20 0x00000024 mem 0x800183dc
core   0: 0x800014d4 (0x002be833) or      a6, s7, sp
core   0: 3 0x800014d4 (0x002be833) x16 0x00004324
core   0: 0x800014d8 (0x070ca023) sw      a6, 96(s9)
core   0: 3 0x800014d8 (0x070ca023) mem 0x800183dc 0x00004324
core   0: 0x800014dc (0xf3bc8283) lb      t0, -197(s9)
core   0: 3 0x800014dc (0xf3bc8283) x 5 0xffffffbd mem 0x800182b7
core   0: 0x800014e0 (0x02dcc203) lbu     tp, 45(s9)
core   0: 3 0x800014e0 (0x02dcc203) x 4 0x000000ce mem 0x800183a9
core   0: 0x800014e4 (0x02dcc903) lbu     s2, 45(s9)
core   0: 3 0x800014e4 (0x02dcc903) x18 0x000000ce mem 0x800183a9
core   0: 0x800014e8 (0xf34cae83) lw      t4, -204(s9)
core   0: 3 0x800014e8 (0xf34cae83) x29 0x0b7879a4 mem 0x800182b0
core   0: 0x800014ec (0x0f1ca023) sw      a7, 224(s9)
core   0: 3 0x800014ec (0x0f1ca023) mem 0x8001845c 0x00000000
core   0: 0x800014f0 (0x0e9c9023) sh      s1, 224(s9)
core   0: 3 0x800014f0 (0x0e9c9023) mem 0x8001845c 0x211f
core   0: 0x800014f4 (0x03cd1c33) mulh    s8, s10, t3
core   0: 3 0x800014f4 (0x03cd1c33) x24 0x00000000
core   0: 0x800014f8 (0x0e0c8e83) lb      t4, 224(s9)
core   0: 3 0x800014f8 (0x0e0c8e83) x29 0x0000001f mem 0x8001845c
core   0: 0x800014fc (0x0edc9023) sh      a3, 224(s9)
core   0: 3 0x800014fc (0x0edc9023) mem 0x8001845c 0x0000
core   0: 0x80001500 (0x0e0cc703) lbu     a4, 224(s9)
core   0: 3 0x80001500 (0x0e0cc703) x14 0x00000000 mem 0x8001845c
core   0: 0x80001504 (0x0e0c9183) lh      gp, 224(s9)
core   0: 3 0x80001504 (0x0e0c9183) x 3 0x00000000 mem 0x8001845c
core   0: 0x80001508 (0x00600513) li      a0, 6
core   0: 3 0x80001508 (0x00600513) x10 0x00000006
core   0: 0x8000150c (0x00000001) c.nop
core   0: 3 0x8000150c (0x0001)
core   0: 0x8000150e (0x00008bf2) c.mv    s7, t3
core   0: 3 0x8000150e (0x8bf2) x23 0x00000000
core   0: 0x80001510 (0x015520b3) slt     ra, a0, s5
core   0: 3 0x80001510 (0x015520b3) x 1 0x00000000
core   0: 0x80001514 (0x00008cc1) c.or    s1, s0
core   0: 3 0x80001514 (0x8cc1) x 9 0x000021bf
core   0: 0x80001516 (0xa194a1b7) lui     gp, 0xa194a
core   0: 3 0x80001516 (0xa194a1b7) x 3 0xa194a000
core   0: 0x8000151a (0x00001575) c.addi  a0, -3
core   0: 3 0x8000151a (0x1575) x10 0x00000003
core   0: 0x8000151c (0x00006e99) c.lui   t4, 0x6
core   0: 3 0x8000151c (0x6e99) x29 0x00006000
core   0: 0x8000151e (0x00900713) li      a4, 9
core   0: 3 0x8000151e (0x00900713) x14 0x00000009
core   0: 0x80001522 (0x00000001) c.nop
core   0: 3 0x80001522 (0x0001)
core   0: 0x80001524 (0x02fcd433) divu    s0, s9, a5
core   0: 3 0x80001524 (0x02fcd433) x 8 0x00000000
core   0: 0x80001528 (0x00900b13) li      s6, 9
core   0: 3 0x80001528 (0x00900b13) x22 0x00000009
core   0: 0x8000152c (0x018d0eb3) add     t4, s10, s8
core   0: 3 0x8000152c (0x018d0eb3) x29 0xffffffea
core   0: 0x80001530 (0x01988433) add     s0, a7, s9
core   0: 3 0x80001530 (0x01988433) x 8 0x8001837c
core   0: 0x80001534 (0x4054da33) sra     s4, s1, t0
core   0: 3 0x80001534 (0x4054da33) x20 0x00000000
core   0: 0x80001538 (0x00001769) c.addi  a4, -6
core   0: 3 0x80001538 (0x1769) x14 0x00000003
core   0: 0x8000153a (0xff6779e3) bgeu    a4, s6, pc - 14
core   0: 3 0x8000153a (0xff6779e3)
core   0: 0x8000153e (0x027252b3) divu    t0, tp, t2
core   0: 3 0x8000153e (0x027252b3) x 5 0x00000000
core   0: 0x80001542 (0x0000d969) c.beqz  a0, pc - 46
core   0: 3 0x80001542 (0xd969)
core   0: 0x80001544 (0x0000100f) fence.i
core   0: 3 0x80001544 (0x0000100f)
core   0: 0x80001548 (0x00016997) auipc   s3, 0x16
core   0: 3 0x80001548 (0x00016997) x19 0x80017548
core   0: 0x8000154c (0x2fc98993) addi    s3, s3, 764
core   0: 3 0x8000154c (0x2fc98993) x19 0x80017844
core   0: 0x80001550 (0x02b986a3) sb      a1, 45(s3)
core   0: 3 0x80001550 (0x02b986a3) mem 0x80017871 0x1
core   0: 0x80001554 (0x0299c583) lbu     a1, 41(s3)
core   0: 3 0x80001554 (0x0299c583) x11 0x00000053 mem 0x8001786d
core   0: 0x80001558 (0x00008e11) c.sub   a2, a2
core   0: 3 0x80001558 (0x8e11) x12 0x00000000
core   0: 0x8000155a (0x0069a023) sw      t1, 0(s3)
core   0: 3 0x8000155a (0x0069a023) mem 0x80017844 0x80010f02
core   0: 0x8000155e (0x00398a03) lb      s4, 3(s3)
core   0: 3 0x8000155e (0x00398a03) x20 0xffffff80 mem 0x80017847
core   0: 0x80001562 (0xff19c583) lbu     a1, -15(s3)
core   0: 3 0x80001562 (0xff19c583) x11 0x000000aa mem 0x80017835
core   0: 0x80001566 (0x02631a33) mulh    s4, t1, t1
core   0: 3 0x80001566 (0x02631a33) x20 0x3ffef0ff
core   0: 0x8000156a (0xfe298f83) lb      t6, -30(s3)
core   0: 3 0x8000156a (0xfe298f83) x31 0x0000000a mem 0x80017826
core   0: 0x8000156e (0x00b98fa3) sb      a1, 31(s3)
core   0: 3 0x8000156e (0x00b98fa3) mem 0x80017863 0xaa
core   0: 0x80001572 (0x0169da03) lhu     s4, 22(s3)
core   0: 3 0x80001572 (0x0169da03) x20 0x0000ef77 mem 0x8001785a
core   0: 0x80001576 (0x0294ea33) rem     s4, s1, s1
core   0: 3 0x80001576 (0x0294ea33) x20 0x00000000
core   0: 0x8000157a (0x00008e45) c.or    a2, s1
core   0: 3 0x8000157a (0x8e45) x12 0x000021bf
core   0: 0x8000157c (0x02c981a3) sb      a2, 35(s3)
core   0: 3 0x8000157c (0x02c981a3) mem 0x80017867 0xbf
core   0: 0x80001580 (0xfe299603) lh      a2, -30(s3)
core   0: 3 0x80001580 (0xfe299603) x12 0x0000110a mem 0x80017826
core   0: 0x80001584 (0x02598a03) lb      s4, 37(s3)
core   0: 3 0x80001584 (0x02598a03) x20 0x00000015 mem 0x80017869
core   0: 0x80001588 (0x0fefc493) xori    s1, t6, 254
core   0: 3 0x80001588 (0x0fefc493) x 9 0x000000f4
core   0: 0x8000158c (0xfd79c303) lbu     t1, -41(s3)
core   0: 3 0x8000158c (0xfd79c303) x 6 0x000000ad mem 0x8001781b
core   0: 0x80001590 (0x029625b3) mulhsu  a1, a2, s1
core   0: 3 0x80001590 (0x029625b3) x11 0x00000000
core   0: 0x80001594 (0x00008e65) c.and   a2, s1
core   0: 3 0x80001594 (0x8e65) x12 0x00000000
core   0: 0x80001596 (0x014985a3) sb      s4, 11(s3)
core   0: 3 0x80001596 (0x014985a3) mem 0x8001784f 0x15
core   0: 0x8000159a (0xfcb980a3) sb      a1, -63(s3)
core   0: 3 0x8000159a (0xfcb980a3) mem 0x80017805 0x0
core   0: 0x8000159e (0x0079c483) lbu     s1, 7(s3)
core   0: 3 0x8000159e (0x0079c483) x 9 0x00000088 mem 0x8001784b
core   0: 0x800015a2 (0x02b31333) mulh    t1, t1, a1
core   0: 3 0x800015a2 (0x02b31333) x 6 0x00000000
core   0: 0x800015a6 (0x03f98d23) sb      t6, 58(s3)
core   0: 3 0x800015a6 (0x03f98d23) mem 0x8001787e 0xa
core   0: 0x800015aa (0x00b989a3) sb      a1, 19(s3)
core   0: 3 0x800015aa (0x00b989a3) mem 0x80017857 0x0
core   0: 0x800015ae (0x000004d2) c.slli  s1, 20
core   0: 3 0x800015ae (0x04d2) x 9 0x08800000
core   0: 0x800015b0 (0x0294b333) mulhu   t1, s1, s1
core   0: 3 0x800015b0 (0x0294b333) x 6 0x00484000
core   0: 0x800015b4 (0xfdf984a3) sb      t6, -55(s3)
core   0: 3 0x800015b4 (0xfdf984a3) mem 0x8001780d 0xa
core   0: 0x800015b8 (0x01498fa3) sb      s4, 31(s3)
core   0: 3 0x800015b8 (0x01498fa3) mem 0x80017863 0x15
core   0: 0x800015bc (0x014984a3) sb      s4, 9(s3)
core   0: 3 0x800015bc (0x014984a3) mem 0x8001784d 0x15
core   0: 0x800015c0 (0xfde99a03) lh      s4, -34(s3)
core   0: 3 0x800015c0 (0xfde99a03) x20 0xffff8c10 mem 0x80017822
core   0: 0x800015c4 (0x01437a33) and     s4, t1, s4
core   0: 3 0x800015c4 (0x01437a33) x20 0x00480000
core   0: 0x800015c8 (0x8844e593) ori     a1, s1, -1916
core   0: 3 0x800015c8 (0x8844e593) x11 0xfffff884
core   0: 0x800015cc (0x02299a03) lh      s4, 34(s3)
core   0: 3 0x800015cc (0x02299a03) x20 0xffffbfd9 mem 0x80017866
core   0: 0x800015d0 (0x00b595b3) sll     a1, a1, a1
core   0: 3 0x800015d0 (0x00b595b3) x11 0xffff8840
core   0: 0x800015d4 (0x00f9c303) lbu     t1, 15(s3)
core   0: 3 0x800015d4 (0x00f9c303) x 6 0x0000006e mem 0x80017853
core   0: 0x800015d8 (0xfd298303) lb      t1, -46(s3)
core   0: 3 0x800015d8 (0xfd298303) x 6 0x0000004e mem 0x80017816
core   0: 0x800015dc (0xfff98483) lb      s1, -1(s3)
core   0: 3 0x800015dc (0xfff98483) x 9 0xffffff90 mem 0x80017843
core   0: 0x800015e0 (0x721a0f93) addi    t6, s4, 1825
core   0: 3 0x800015e0 (0x721a0f93) x31 0xffffc6fa
core   0: 0x800015e4 (0xfc79c483) lbu     s1, -57(s3)
core   0: 3 0x800015e4 (0xfc79c483) x 9 0x000000da mem 0x8001780b
core   0: 0x800015e8 (0xfea9c303) lbu     t1, -22(s3)
core   0: 3 0x800015e8 (0xfea9c303) x 6 0x000000d2 mem 0x8001782e
core   0: 0x800015ec (0xfd598f83) lb      t6, -43(s3)
core   0: 3 0x800015ec (0xfd598f83) x31 0xffffffc0 mem 0x80017819
core   0: 0x800015f0 (0x0ff0000f) fence   iorw,iorw
core   0: 3 0x800015f0 (0x0ff0000f)
core   0: 0x800015f4 (0x00e99f83) lh      t6, 14(s3)
core   0: 3 0x800015f4 (0x00e99f83) x31 0x00006e56 mem 0x80017852
core   0: 0x800015f8 (0x0000f617) auipc   a2, 0xf
core   0: 3 0x800015f8 (0x0000f617) x12 0x800105f8
core   0: 0x800015fc (0x53560613) addi    a2, a2, 1333
core   0: 3 0x800015fc (0x53560613) x12 0x80010b2d
core   0: 0x80001600 (0x0208f3b3) remu    t2, a7, zero
core   0: 3 0x80001600 (0x0208f3b3) x 7 0x00000000
core   0: 0x80001604 (0x007636b3) sltu    a3, a2, t2
core   0: 3 0x80001604 (0x007636b3) x13 0x00000000
core   0: 0x80001608 (0xff064d83) lbu     s11, -16(a2)
core   0: 3 0x80001608 (0xff064d83) x27 0x00000099 mem 0x80010b1d
core   0: 0x8000160c (0xfc765183) lhu     gp, -57(a2)
core   0: 3 0x8000160c (0xfc765183) x 3 0x00000cfa mem 0x80010af4
core   0: 0x80001610 (0x039dbfb3) mulhu   t6, s11, s9
core   0: 3 0x80001610 (0x039dbfb3) x31 0x0000004c
core   0: 0x80001614 (0x031ed333) divu    t1, t4, a7
core   0: 3 0x80001614 (0x031ed333) x 6 0xffffffff
core   0: 0x80001618 (0x00165903) lhu     s2, 1(a2)
core   0: 3 0x80001618 (0x00165903) x18 0x0000cee6 mem 0x80010b2e
core   0: 0x8000161c (0x00a7dbb3) srl     s7, a5, a0
core   0: 3 0x8000161c (0x00a7dbb3) x23 0x1000539c
core   0: 0x80001620 (0x00b7e393) ori     t2, a5, 11
core   0: 3 0x80001620 (0x00b7e393) x 7 0x80029cef
core   0: 0x80001624 (0x000096b6) c.add   a3, a3
core   0: 3 0x80001624 (0x96b6) x13 0x00000000
core   0: 0x80001626 (0xfca64303) lbu     t1, -54(a2)
core   0: 3 0x80001626 (0xfca64303) x 6 0x000000d0 mem 0x80010af7
core   0: 0x8000162a (0x0000717d) c.addi16sp sp, -16
core   0: 3 0x8000162a (0x717d) x 2 0xfffffff0
core   0: 0x8000162c (0x01457a33) and     s4, a0, s4
core   0: 3 0x8000162c (0x01457a33) x20 0x00000001
core   0: 0x80001630 (0xfe960703) lb      a4, -23(a2)
core   0: 3 0x80001630 (0xfe960703) x14 0x0000006b mem 0x80010b16
core   0: 0x80001634 (0x00008db1) c.xor   a1, a2
core   0: 3 0x80001634 (0x8db1) x11 0x7ffe836d
core   0: 0x80001636 (0xfe561503) lh      a0, -27(a2)
core   0: 3 0x80001636 (0xfe561503) x10 0x000062ac mem 0x80010b12
core   0: 0x8000163a (0x012d5e93) srli    t4, s10, 18
core   0: 3 0x8000163a (0x012d5e93) x29 0x00003fff
core   0: 0x8000163e (0x03e60903) lb      s2, 62(a2)
core   0: 3 0x8000163e (0x03e60903) x18 0x00000031 mem 0x80010b6b
core   0: 0x80001642 (0x03b33b33) mulhu   s6, t1, s11
core   0: 3 0x80001642 (0x03b33b33) x22 0x00000000
core   0: 0x80001646 (0x9b6c6a13) ori     s4, s8, -1610
core   0: 3 0x80001646 (0x9b6c6a13) x20 0xfffff9b6
core   0: 0x8000164a (0xfc3601a3) sb      gp, -61(a2)
core   0: 3 0x8000164a (0xfc3601a3) mem 0x80010af0 0xfa
core   0: 0x8000164e (0x0000717d) c.addi16sp sp, -16
core   0: 3 0x8000164e (0x717d) x 2 0xffffffe0
core   0: 0x80001650 (0x01262da3) sw      s2, 27(a2)
core   0: 3 0x80001650 (0x01262da3) mem 0x80010b48 0x00000031
core   0: 0x80001654 (0x03b3e333) rem     t1, t2, s11
core   0: 3 0x80001654 (0x03b3e333) x 6 0xffffffa8
core   0: 0x80001658 (0xff1602a3) sb      a7, -27(a2)
core   0: 3 0x80001658 (0xff1602a3) mem 0x80010b12 0x0
core   0: 0x8000165c (0x01481d93) slli    s11, a6, 20
core   0: 3 0x8000165c (0x01481d93) x27 0x32400000
core   0: 0x80001660 (0x02989bb3) mulh    s7, a7, s1
core   0: 3 0x80001660 (0x02989bb3) x23 0x00000000
core   0: 0x80001664 (0x00001f7d) c.addi  t5, -1
core   0: 3 0x80001664 (0x1f7d) x30 0x00000020
core   0: 0x80001666 (0x00961ca3) sh      s1, 25(a2)
core   0: 3 0x80001666 (0x00961ca3) mem 0x80010b46 0x00da
core   0: 0x8000166a (0x003769b3) or      s3, a4, gp
core   0: 3 0x8000166a (0x003769b3) x19 0x00000cfb
core   0: 0x8000166e (0x008aa533) slt     a0, s5, s0
core   0: 3 0x8000166e (0x008aa533) x10 0x00000000
core   0: 0x80001672 (0xb9d6d817) auipc   a6, 0xb9d6d
core   0: 3 0x80001672 (0xb9d6d817) x16 0x39d6e672
core   0: 0x80001676 (0xffa60923) sb      s10, -14(a2)
core   0: 3 0x80001676 (0xffa60923) mem 0x80010b1f 0xea
core   0: 0x8000167a (0xfc762683) lw      a3, -57(a2)
core   0: 3 0x8000167a (0xfc762683) x13 0xd0680cfa mem 0x80010af4
core   0: 0x8000167e (0x00008ad1) c.andi  a3, 20
core   0: 3 0x8000167e (0x8ad1) x13 0x00000010
core   0: 0x80001680 (0x03c60d83) lb      s11, 60(a2)
core   0: 3 0x80001680 (0x03c60d83) x27 0xffffff8b mem 0x80010b69
core   0: 0x80001684 (0xfe361ea3) sh      gp, -3(a2)
core   0: 3 0x80001684 (0xfe361ea3) mem 0x80010b2a 0x0cfa
core   0: 0x80001688 (0x00361903) lh      s2, 3(a2)
core   0: 3 0x80001688 (0x00361903) x18 0xffffa41f mem 0x80010b30
core   0: 0x8000168c (0x00001014) c.addi4spn a3, sp, 32
core   0: 3 0x8000168c (0x1014) x13 0x00000000
core   0: 0x8000168e (0xfd864e83) lbu     t4, -40(a2)
core   0: 3 0x8000168e (0xfd864e83) x29 0x00000020 mem 0x80010b05
core   0: 0x80001692 (0x02161f03) lh      t5, 33(a2)
core   0: 3 0x80001692 (0x02161f03) x30 0xffffd346 mem 0x80010b4e
core   0: 0x80001696 (0xfde60c83) lb      s9, -34(a2)
core   0: 3 0x80001696 (0xfde60c83) x25 0xffffffb6 mem 0x80010b0b
core   0: 0x8000169a (0x02fdae33) mulhsu  t3, s11, a5
core   0: 3 0x8000169a (0x02fdae33) x28 0xffffffc5
core   0: 0x8000169e (0x0000100f) fence.i
core   0: 3 0x8000169e (0x0000100f)
core   0: 0x800016a2 (0x025e3d33) mulhu   s10, t3, t0
core   0: 3 0x800016a2 (0x025e3d33) x26 0x00000000
core   0: 0x800016a6 (0xff060383) lb      t2, -16(a2)
core   0: 3 0x800016a6 (0xff060383) x 7 0xffffff99 mem 0x80010b1d
core   0: 0x800016aa (0x000064f5) c.lui   s1, 0x1d
core   0: 3 0x800016aa (0x64f5) x 9 0x0001d000
core   0: 0x800016ac (0xfdc64c83) lbu     s9, -36(a2)
core   0: 3 0x800016ac (0xfdc64c83) x25 0x00000009 mem 0x80010b09
core   0: 0x800016b0 (0x00c8a6b3) slt     a3, a7, a2
core   0: 3 0x800016b0 (0x00c8a6b3) x13 0x00000000
core   0: 0x800016b4 (0x00f60083) lb      ra, 15(a2)
core   0: 3 0x800016b4 (0x00f60083) x 1 0x00000075 mem 0x80010b3c
core   0: 0x800016b8 (0x0296ec33) rem     s8, a3, s1
core   0: 3 0x800016b8 (0x0296ec33) x24 0x00000000
core   0: 0x800016bc (0x00761703) lh      a4, 7(a2)
core   0: 3 0x800016bc (0x00761703) x14 0x00003034 mem 0x80010b34
core   0: 0x800016c0 (0xfce60103) lb      sp, -50(a2)
core   0: 3 0x800016c0 (0xfce60103) x 2 0xffffffe1 mem 0x80010afb
core   0: 0x800016c4 (0x00016117) auipc   sp, 0x16
core   0: 3 0x800016c4 (0x00016117) x 2 0x800176c4
core   0: 0x800016c8 (0xcb810113) addi    sp, sp, -840
core   0: 3 0x800016c8 (0xcb810113) x 2 0x8001737c
core   0: 0x800016cc (0x0072d293) srli    t0, t0, 7
core   0: 3 0x800016cc (0x0072d293) x 5 0x00000000
core   0: 0x800016d0 (0x033502b3) mul     t0, a0, s3
core   0: 3 0x800016d0 (0x033502b3) x 5 0x00000000
core   0: 0x800016d4 (0x000012fd) c.addi  t0, -1
core   0: 3 0x800016d4 (0x12fd) x 5 0xffffffff
core   0: 0x800016d6 (0x000099ee) c.add   s3, s11
core   0: 3 0x800016d6 (0x99ee) x19 0x00000c86
core   0: 0x800016d8 (0x03357db3) remu    s11, a0, s3
core   0: 3 0x800016d8 (0x03357db3) x27 0x00000000
core   0: 0x800016dc (0x00000001) c.nop
core   0: 3 0x800016dc (0x0001)
core   0: 0x800016de (0x02611403) lh      s0, 38(sp)
core   0: 3 0x800016de (0x02611403) x 8 0x00001f5a mem 0x800173a2
core   0: 0x800016e2 (0x0000147d) c.addi  s0, -1
core   0: 3 0x800016e2 (0x147d) x 8 0x00001f59
core   0: 0x800016e4 (0x005e99b3) sll     s3, t4, t0
core   0: 3 0x800016e4 (0x005e99b3) x19 0x00000000
core   0: 0x800016e8 (0x00004eed) c.li    t4, 27
core   0: 3 0x800016e8 (0x4eed) x29 0x0000001b
core   0: 0x800016ea (0x41350433) sub     s0, a0, s3
core   0: 3 0x800016ea (0x41350433) x 8 0x00000000
core   0: 0x800016ee (0x00008835) c.andi  s0, 13
core   0: 3 0x800016ee (0x8835) x 8 0x00000000
core   0: 0x800016f0 (0x008ee433) or      s0, t4, s0
core   0: 3 0x800016f0 (0x008ee433) x 8 0x0000001b
core   0: 0x800016f4 (0xfca11723) sh      a0, -50(sp)
core   0: 3 0x800016f4 (0xfca11723) mem 0x8001734a 0x0000
core   0: 0x800016f8 (0x03310503) lb      a0, 51(sp)
core   0: 3 0x800016f8 (0x03310503) x10 0xffffffd6 mem 0x800173af
core   0: 0x800016fc (0xfca10da3) sb      a0, -37(sp)
core   0: 3 0x800016fc (0xfca10da3) mem 0x80017357 0xd6
core   0: 0x80001700 (0xfc810823) sb      s0, -48(sp)
core   0: 3 0x80001700 (0xfc810823) mem 0x8001734c 0x1b
core   0: 0x80001704 (0xff714503) lbu     a0, -9(sp)
core   0: 3 0x80001704 (0xff714503) x10 0x0000007d mem 0x80017373
core   0: 0x80001708 (0xfef14403) lbu     s0, -17(sp)
core   0: 3 0x80001708 (0xfef14403) x 8 0x0000008f mem 0x8001736b
core   0: 0x8000170c (0x0000100f) fence.i
core   0: 3 0x8000170c (0x0000100f)
core   0: 0x80001710 (0xfe012d83) lw      s11, -32(sp)
core   0: 3 0x80001710 (0xfe012d83) x27 0x426bbc6e mem 0x8001735c
core   0: 0x80001714 (0xffb10d83) lb      s11, -5(sp)
core   0: 3 0x80001714 (0xffb10d83) x27 0xfffffffe mem 0x80017377
core   0: 0x80001718 (0x00008c09) c.sub   s0, a0
core   0: 3 0x80001718 (0x8c09) x 8 0x00000012
core   0: 0x8000171a (0x41d50eb3) sub     t4, a0, t4
core   0: 3 0x8000171a (0x41d50eb3) x29 0x00000062
core   0: 0x8000171e (0x02310283) lb      t0, 35(sp)
core   0: 3 0x8000171e (0x02310283) x 5 0xffffffdb mem 0x8001739f
core   0: 0x80001722 (0x00000001) c.nop
core   0: 3 0x80001722 (0x0001)
core   0: 0x80001724 (0x02a2a533) mulhsu  a0, t0, a0
core   0: 3 0x80001724 (0x02a2a533) x10 0xffffffff
core   0: 0x80001728 (0xfc310e83) lb      t4, -61(sp)
core   0: 3 0x80001728 (0xfc310e83) x29 0xffffffd4 mem 0x8001733f
core   0: 0x8000172c (0x0000c076) c.swsp  t4, 0(sp)
core   0: 3 0x8000172c (0xc076) mem 0x8001737c 0xffffffd4
core   0: 0x8000172e (0xfe815403) lhu     s0, -24(sp)
core   0: 3 0x8000172e (0xfe815403) x 8 0x0000f55c mem 0x80017364
core   0: 0x80001732 (0x00008445) c.srai  s0, 17
core   0: 3 0x80001732 (0x8445) x 8 0x00000000
core   0: 0x80001734 (0x00005542) c.lwsp  a0, 48(sp)
core   0: 3 0x80001734 (0x5542) x10 0xd647c4cb mem 0x800173ac
core   0: 0x80001736 (0xff310823) sb      s3, -16(sp)
core   0: 3 0x80001736 (0xff310823) mem 0x8001736c 0x0
core   0: 0x8000173a (0x04000def) jal     s11, pc + 0x40
core   0: 3 0x8000173a (0x04000def) x27 0x8000173e
core   0: 0x8000177a (0x0000b7fd) c.j     pc - 18
core   0: 3 0x8000177a (0xb7fd)
core   0: 0x80001768 (0x00003fd9) c.jal   pc - 42
core   0: 3 0x80001768 (0x3fd9) x 1 0x8000176a
core   0: 0x8000173e (0x0000280d) c.jal   pc + 50
core   0: 3 0x8000173e (0x280d) x 1 0x80001740
core   0: 0x80001770 (0x006000ef) jal     pc + 0x6
core   0: 3 0x80001770 (0x006000ef) x 1 0x80001774
core   0: 0x80001776 (0xff1ff96f) jal     s2, pc - 0x10
core   0: 3 0x80001776 (0xff1ff96f) x18 0x8000177a
core   0: 0x80001766 (0x0000a829) c.j     pc + 26
core   0: 3 0x80001766 (0xa829)
core   0: 0x80001780 (0x000037f5) c.jal   pc - 20
core   0: 3 0x80001780 (0x37f5) x 1 0x80001782
core   0: 0x8000176c (0xfdfff76f) jal     a4, pc - 0x22
core   0: 3 0x8000176c (0xfdfff76f) x14 0x80001770
core   0: 0x8000174a (0x0000bfdd) c.j     pc - 10
core   0: 3 0x8000174a (0xbfdd)
core   0: 0x80001740 (0x0100026f) jal     tp, pc + 0x10
core   0: 3 0x80001740 (0x0100026f) x 4 0x80001744
core   0: 0x80001750 (0x00002815) c.jal   pc + 52
core   0: 3 0x80001750 (0x2815) x 1 0x80001752
core   0: 0x80001784 (0x000037c1) c.jal   pc - 64
core   0: 3 0x80001784 (0x37c1) x 1 0x80001786
core   0: 0x80001744 (0x0040036f) jal     t1, pc + 0x4
core   0: 3 0x80001744 (0x0040036f) x 6 0x80001748
core   0: 0x80001748 (0x0000a035) c.j     pc + 44
core   0: 3 0x80001748 (0xa035)
core   0: 0x80001774 (0x0000bfe9) c.j     pc - 38
core   0: 3 0x80001774 (0xbfe9)
core   0: 0x8000174e (0x0000a805) c.j     pc + 48
core   0: 3 0x8000174e (0xa805)
core   0: 0x8000177e (0x0000bff1) c.j     pc - 36
core   0: 3 0x8000177e (0xbff1)
core   0: 0x8000175a (0x0000a009) c.j     pc + 2
core   0: 3 0x8000175a (0xa009)
core   0: 0x8000175c (0x00002005) c.jal   pc + 32
core   0: 3 0x8000175c (0x2005) x 1 0x8000175e
core   0: 0x8000177c (0x0000b7dd) c.j     pc - 26
core   0: 3 0x8000177c (0xb7dd)
core   0: 0x80001762 (0xffdff0ef) jal     pc - 0x4
core   0: 3 0x80001762 (0xffdff0ef) x 1 0x80001766
core   0: 0x8000175e (0x00c00d6f) jal     s10, pc + 0xc
core   0: 3 0x8000175e (0x00c00d6f) x26 0x80001762
core   0: 0x8000176a (0x000037f5) c.jal   pc - 20
core   0: 3 0x8000176a (0x37f5) x 1 0x8000176c
core   0: 0x80001756 (0x00002009) c.jal   pc + 2
core   0: 3 0x80001756 (0x2009) x 1 0x80001758
core   0: 0x80001758 (0x0000202d) c.jal   pc + 42
core   0: 3 0x80001758 (0x202d) x 1 0x8000175a
core   0: 0x80001782 (0x00002011) c.jal   pc + 4
core   0: 3 0x80001782 (0x2011) x 1 0x80001784
core   0: 0x80001786 (0xfc7fff6f) jal     t5, pc - 0x3a
core   0: 3 0x80001786 (0xfc7fff6f) x30 0x8000178a
core   0: 0x8000174c (0x0000a019) c.j     pc + 6
core   0: 3 0x8000174c (0xa019)
core   0: 0x80001752 (0x038000ef) jal     pc + 0x38
core   0: 3 0x80001752 (0x038000ef) x 1 0x80001756
core   0: 0x8000178a (0x012bedb3) or      s11, s7, s2
core   0: 3 0x8000178a (0x012bedb3) x27 0x8000177a
core   0: 0x8000178e (0x00800def) jal     s11, pc + 0x8
core   0: 3 0x8000178e (0x00800def) x27 0x80001792
core   0: 0x80001796 (0x0260036f) jal     t1, pc + 0x26
core   0: 3 0x80001796 (0x0260036f) x 6 0x8000179a
core   0: 0x800017bc (0x0000b7d5) c.j     pc - 28
core   0: 3 0x800017bc (0xb7d5)
core   0: 0x800017a0 (0x0000a80d) c.j     pc + 50
core   0: 3 0x800017a0 (0xa80d)
core   0: 0x800017d2 (0x00003fe9) c.jal   pc - 38
core   0: 3 0x800017d2 (0x3fe9) x 1 0x800017d4
core   0: 0x800017ac (0x00002019) c.jal   pc + 6
core   0: 3 0x800017ac (0x2019) x 1 0x800017ae
core   0: 0x800017b2 (0x00c004ef) jal     s1, pc + 0xc
core   0: 3 0x800017b2 (0x00c004ef) x 9 0x800017b6
core   0: 0x800017be (0x00002019) c.jal   pc + 6
core   0: 3 0x800017be (0x2019) x 1 0x800017c0
core   0: 0x800017c4 (0x000037f5) c.jal   pc - 20
core   0: 3 0x800017c4 (0x37f5) x 1 0x800017c6
core   0: 0x800017b0 (0x0000a839) c.j     pc + 30
core   0: 3 0x800017b0 (0xa839)
core   0: 0x800017ce (0xff9ff26f) jal     tp, pc - 0x8
core   0: 3 0x800017ce (0xff9ff26f) x 4 0x800017d2
core   0: 0x800017c6 (0x00e000ef) jal     pc + 0xe
core   0: 3 0x800017c6 (0x00e000ef) x 1 0x800017ca
core   0: 0x800017d4 (0x006000ef) jal     pc + 0x6
core   0: 3 0x800017d4 (0x006000ef) x 1 0x800017d8
core   0: 0x800017da (0x0000b7c9) c.j     pc - 62
core   0: 3 0x800017da (0xb7c9)
core   0: 0x8000179c (0x00002039) c.jal   pc + 14
core   0: 3 0x8000179c (0x2039) x 1 0x8000179e
core   0: 0x800017aa (0x00002039) c.jal   pc + 14
core   0: 3 0x800017aa (0x2039) x 1 0x800017ac
core   0: 0x800017b8 (0x0000bfe9) c.j     pc - 38
core   0: 3 0x800017b8 (0xbfe9)
core   0: 0x80001792 (0x00c001ef) jal     gp, pc + 0xc
core   0: 3 0x80001792 (0x00c001ef) x 3 0x80001796
core   0: 0x8000179e (0x0000a821) c.j     pc + 24
core   0: 3 0x8000179e (0xa821)
core   0: 0x800017b6 (0x000037f5) c.jal   pc - 20
core   0: 3 0x800017b6 (0x37f5) x 1 0x800017b8
core   0: 0x800017a2 (0x018000ef) jal     pc + 0x18
core   0: 3 0x800017a2 (0x018000ef) x 1 0x800017a6
core   0: 0x800017ba (0x000037f5) c.jal   pc - 20
core   0: 3 0x800017ba (0x37f5) x 1 0x800017bc
core   0: 0x800017a6 (0x01a000ef) jal     pc + 0x1a
core   0: 3 0x800017a6 (0x01a000ef) x 1 0x800017aa
core   0: 0x800017c0 (0x01800c6f) jal     s8, pc + 0x18
core   0: 3 0x800017c0 (0x01800c6f) x24 0x800017c4
core   0: 0x800017d8 (0x0000b7c9) c.j     pc - 62
core   0: 3 0x800017d8 (0xb7c9)
core   0: 0x8000179a (0x0000a811) c.j     pc + 20
core   0: 3 0x8000179a (0xa811)
core   0: 0x800017ae (0x00002831) c.jal   pc + 28
core   0: 3 0x800017ae (0x2831) x 1 0x800017b0
core   0: 0x800017ca (0x0120036f) jal     t1, pc + 0x12
core   0: 3 0x800017ca (0x0120036f) x 6 0x800017ce
core   0: 0x800017dc (0x02b45433) divu    s0, s0, a1
core   0: 3 0x800017dc (0x02b45433) x 8 0x00000000
core   0: 0x800017e0 (0x0000f717) auipc   a4, 0xf
core   0: 3 0x800017e0 (0x0000f717) x14 0x800107e0
core   0: 0x800017e4 (0xec970713) addi    a4, a4, -311
core   0: 3 0x800017e4 (0xec970713) x14 0x800106a9
core   0: 0x800017e8 (0x00015517) auipc   a0, 0x15
core   0: 3 0x800017e8 (0x00015517) x10 0x800167e8
core   0: 0x800017ec (0x69550513) addi    a0, a0, 1685
core   0: 3 0x800017ec (0x69550513) x10 0x80016e7d
core   0: 0x800017f0 (0xfc174a03) lbu     s4, -63(a4)
core   0: 3 0x800017f0 (0xfc174a03) x20 0x00000021 mem 0x8001066a
core   0: 0x800017f4 (0xfe770723) sb      t2, -18(a4)
core   0: 3 0x800017f4 (0xfe770723) mem 0x80010697 0x99
core   0: 0x800017f8 (0xffc74603) lbu     a2, -4(a4)
core   0: 3 0x800017f8 (0xffc74603) x12 0x000000d3 mem 0x800106a5
core   0: 0x800017fc (0xffb51103) lh      sp, -5(a0)
core   0: 3 0x800017fc (0xffb51103) x 2 0xffffbda5 mem 0x80016e78
core   0: 0x80001800 (0xfc175c03) lhu     s8, -63(a4)
core   0: 3 0x80001800 (0xfc175c03) x24 0x00008921 mem 0x8001066a
core   0: 0x80001804 (0x01d512a3) sh      t4, 5(a0)
core   0: 3 0x80001804 (0x01d512a3) mem 0x80016e82 0xffd4
core   0: 0x80001808 (0xff971d03) lh      s10, -7(a4)
core   0: 3 0x80001808 (0xff971d03) x26 0x00003cac mem 0x800106a2
core   0: 0x8000180c (0xff772603) lw      a2, -9(a4)
core   0: 3 0x8000180c (0xff772603) x12 0x3cac794e mem 0x800106a0
core   0: 0x80001810 (0xffb55803) lhu     a6, -5(a0)
core   0: 3 0x80001810 (0xffb55803) x16 0x0000bda5 mem 0x80016e78
core   0: 0x80001814 (0x00a50723) sb      a0, 14(a0)
core   0: 3 0x80001814 (0x00a50723) mem 0x80016e8b 0x7d
core   0: 0x80001818 (0x00b54b03) lbu     s6, 11(a0)
core   0: 3 0x80001818 (0x00b54b03) x22 0x000000c4 mem 0x80016e88
core   0: 0x8000181c (0x02975f83) lhu     t6, 41(a4)
core   0: 3 0x8000181c (0x02975f83) x31 0x00000034 mem 0x800106d2
core   0: 0x80001820 (0xffd52fa3) sw      t4, -1(a0)
core   0: 3 0x80001820 (0xffd52fa3) mem 0x80016e7c 0xffffffd4
core   0: 0x80001824 (0x00f51103) lh      sp, 15(a0)
core   0: 3 0x80001824 (0x00f51103) x 2 0x000012b5 mem 0x80016e8c
core   0: 0x80001828 (0xfd570b83) lb      s7, -43(a4)
core   0: 3 0x80001828 (0xfd570b83) x23 0xfffffffd mem 0x8001067e
core   0: 0x8000182c (0xfff52603) lw      a2, -1(a0)
core   0: 3 0x8000182c (0xfff52603) x12 0xffffffd4 mem 0x80016e7c
core   0: 0x80001830 (0x03970d23) sb      s9, 58(a4)
core   0: 3 0x80001830 (0x03970d23) mem 0x800106e3 0x9
core   0: 0x80001834 (0x01670523) sb      s6, 10(a4)
core   0: 3 0x80001834 (0x01670523) mem 0x800106b3 0xc4
core   0: 0x80001838 (0x00f50023) sb      a5, 0(a0)
core   0: 3 0x80001838 (0x00f50023) mem 0x80016e7d 0xe4
core   0: 0x8000183c (0x00011117) auipc   sp, 0x11
core   0: 3 0x8000183c (0x00011117) x 2 0x8001283c
core   0: 0x80001840 (0xc1c10113) addi    sp, sp, -996
core   0: 3 0x80001840 (0xc1c10113) x 2 0x80012458
core   0: 0x80001844 (0x02af4033) div     zero, t5, a0
core   0: 3 0x80001844 (0x02af4033)
core   0: 0x80001848 (0x00008b1a) c.mv    s6, t1
core   0: 3 0x80001848 (0x8b1a) x22 0x800017ce
core   0: 0x8000184a (0x693b2993) slti    s3, s6, 1683
core   0: 3 0x8000184a (0x693b2993) x19 0x00000001
core   0: 0x8000184e (0xf5e14303) lbu     t1, -162(sp)
core   0: 3 0x8000184e (0xf5e14303) x 6 0x0000005a mem 0x800123b6
core   0: 0x80001852 (0xf8010f23) sb      zero, -98(sp)
core   0: 3 0x80001852 (0xf8010f23) mem 0x800123f6 0x0
core   0: 0x80001856 (0x161af413) andi    s0, s5, 353
core   0: 3 0x80001856 (0x161af413) x 8 0x00000060
core   0: 0x8000185a (0x032c2a33) mulhsu  s4, s8, s2
core   0: 3 0x8000185a (0x032c2a33) x20 0x00004490
core   0: 0x8000185e (0xe3fccf97) auipc   t6, 0xe3fcc
core   0: 3 0x8000185e (0xe3fccf97) x31 0x63fcd85e
core   0: 0x80001862 (0x039832b3) mulhu   t0, a6, s9
core   0: 3 0x80001862 (0x039832b3) x 5 0x00000000
core   0: 0x80001866 (0x0d215683) lhu     a3, 210(sp)
core   0: 3 0x80001866 (0x0d215683) x13 0x0000e16b mem 0x8001252a
core   0: 0x8000186a (0x00d38333) add     t1, t2, a3
core   0: 3 0x8000186a (0x00d38333) x 6 0x0000e104
core   0: 0x8000186e (0x0a114d03) lbu     s10, 161(sp)
core   0: 3 0x8000186e (0x0a114d03) x26 0x00000029 mem 0x800124f9
core   0: 0x80001872 (0x026c7333) remu    t1, s8, t1
core   0: 3 0x80001872 (0x026c7333) x 6 0x00008921
core   0: 0x80001876 (0x031395b3) mulh    a1, t2, a7
core   0: 3 0x80001876 (0x031395b3) x11 0x00000000
core   0: 0x8000187a (0x00009afd) c.andi  a3, -1
core   0: 3 0x8000187a (0x9afd) x13 0x0000e16b
core   0: 0x8000187c (0x02996c33) rem     s8, s2, s1
core   0: 3 0x8000187c (0x02996c33) x24 0xffffffc4
core   0: 0x80001880 (0x00f79633) sll     a2, a5, a5
core   0: 3 0x80001880 (0x00f79633) x12 0x0029ce40
core   0: 0x80001884 (0x008e9d93) slli    s11, t4, 8
core   0: 3 0x80001884 (0x008e9d93) x27 0xffffd400
core   0: 0x80001888 (0xf0c11903) lh      s2, -244(sp)
core   0: 3 0x80001888 (0xf0c11903) x18 0x000054e1 mem 0x80012364
core   0: 0x8000188c (0x021d6d33) rem     s10, s10, ra
core   0: 3 0x8000188c (0x021d6d33) x26 0x00000029
core   0: 0x80001890 (0x01318e33) add     t3, gp, s3
core   0: 3 0x80001890 (0x01318e33) x28 0x80001797
core   0: 0x80001894 (0xfd510183) lb      gp, -43(sp)
core   0: 3 0x80001894 (0xfd510183) x 3 0x00000016 mem 0x8001242d
core   0: 0x80001898 (0x0ff0000f) fence   iorw,iorw
core   0: 3 0x80001898 (0x0ff0000f)
core   0: 0x8000189c (0x00000001) c.nop
core   0: 3 0x8000189c (0x0001)
core   0: 0x8000189e (0x0000100f) fence.i
core   0: 3 0x8000189e (0x0000100f)
core   0: 0x800018a2 (0x000053b2) c.lwsp  t2, 44(sp)
core   0: 3 0x800018a2 (0x53b2) x 7 0xb4c664a2 mem 0x80012484
core   0: 0x800018a4 (0x00000001) c.nop
core   0: 3 0x800018a4 (0x0001)
core   0: 0x800018a6 (0x073107a3) sb      s3, 111(sp)
core   0: 3 0x800018a6 (0x073107a3) mem 0x800124c7 0x1
core   0: 0x800018aa (0x000059fd) c.li    s3, -1
core   0: 3 0x800018aa (0x59fd) x19 0xffffffff
core   0: 0x800018ac (0xff010da3) sb      a6, -5(sp)
core   0: 3 0x800018ac (0xff010da3) mem 0x80012453 0xa5
core   0: 0x800018b0 (0x000585b3) add     a1, a1, zero
core   0: 3 0x800018b0 (0x000585b3) x11 0x00000000
core   0: 0x800018b4 (0x0d814b03) lbu     s6, 216(sp)
core   0: 3 0x800018b4 (0x0d814b03) x22 0x0000008f mem 0x80012530
core   0: 0x800018b8 (0x024c9f33) mulh    t5, s9, tp
core   0: 3 0x800018b8 (0x024c9f33) x30 0xfffffffb
core   0: 0x800018bc (0x03335733) divu    a4, t1, s3
core   0: 3 0x800018bc (0x03335733) x14 0x00000000
core   0: 0x800018c0 (0xdf910a13) addi    s4, sp, -519
core   0: 3 0x800018c0 (0xdf910a13) x20 0x80012251
core   0: 0x800018c4 (0x0d414083) lbu     ra, 212(sp)
core   0: 3 0x800018c4 (0x0d414083) x 1 0x000000da mem 0x8001252c
core   0: 0x800018c8 (0x05e10403) lb      s0, 94(sp)
core   0: 3 0x800018c8 (0x05e10403) x 8 0xffffff8b mem 0x800124b6
core   0: 0x800018cc (0x027a4db3) div     s11, s4, t2
core   0: 3 0x800018cc (0x027a4db3) x27 0x00000001
core   0: 0x800018d0 (0x0217dfb3) divu    t6, a5, ra
core   0: 3 0x800018d0 (0x0217dfb3) x31 0x009652eb
core   0: 0x800018d4 (0x03871b33) mulh    s6, a4, s8
core   0: 3 0x800018d4 (0x03871b33) x22 0x00000000
core   0: 0x800018d8 (0x00ec29b3) slt     s3, s8, a4
core   0: 3 0x800018d8 (0x00ec29b3) x19 0x00000001
core   0: 0x800018dc (0xf7312223) sw      s3, -156(sp)
core   0: 3 0x800018dc (0xf7312223) mem 0x800123bc 0x00000001
core   0: 0x800018e0 (0xf9b10583) lb      a1, -101(sp)
core   0: 3 0x800018e0 (0xf9b10583) x11 0xfffffffd mem 0x800123f3
core   0: 0x800018e4 (0x01911533) sll     a0, sp, s9
core   0: 3 0x800018e4 (0x01911533) x10 0x0248b000
core   0: 0x800018e8 (0x09110f83) lb      t6, 145(sp)
core   0: 3 0x800018e8 (0x09110f83) x31 0xffffffb9 mem 0x800124e9
core   0: 0x800018ec (0x0000ff97) auipc   t6, 0xf
core   0: 3 0x800018ec (0x0000ff97) x31 0x800108ec
core   0: 0x800018f0 (0x44df8f93) addi    t6, t6, 1101
core   0: 3 0x800018f0 (0x44df8f93) x31 0x80010d39
core   0: 0x800018f4 (0x83eb3213) sltiu   tp, s6, -1986
core   0: 3 0x800018f4 (0x83eb3213) x 4 0x00000001
core   0: 0x800018f8 (0x36803593) sltiu   a1, zero, 872
core   0: 3 0x800018f8 (0x36803593) x11 0x00000001
core   0: 0x800018fc (0xfcefc303) lbu     t1, -50(t6)
core   0: 3 0x800018fc (0xfcefc303) x 6 0x0000009d mem 0x80010d07
core   0: 0x80001900 (0x75e3f613) andi    a2, t2, 1886
core   0: 3 0x80001900 (0x75e3f613) x12 0x00000402
core   0: 0x80001904 (0x076fc583) lbu     a1, 118(t6)
core   0: 3 0x80001904 (0x076fc583) x11 0x00000078 mem 0x80010daf
core   0: 0x80001908 (0xf7cf8a03) lb      s4, -132(t6)
core   0: 3 0x80001908 (0xf7cf8a03) x20 0x00000014 mem 0x80010cb5
core   0: 0x8000190c (0x000b9493) slli    s1, s7, 0
core   0: 3 0x8000190c (0x000b9493) x 9 0xfffffffd
core   0: 0x80001910 (0x018f95a3) sh      s8, 11(t6)
core   0: 3 0x80001910 (0x018f95a3) mem 0x80010d44 0xffc4
core   0: 0x80001914 (0x001fc283) lbu     t0, 1(t6)
core   0: 3 0x80001914 (0x001fc283) x 5 0x0000000d mem 0x80010d3a
core   0: 0x80001918 (0xfc8fcc03) lbu     s8, -56(t6)
core   0: 3 0x80001918 (0xfc8fcc03) x24 0x00000014 mem 0x80010d01
core   0: 0x8000191c (0xc763c493) xori    s1, t2, -906
core   0: 3 0x8000191c (0xc763c493) x 9 0x4b3998d4
core   0: 0x80001920 (0x03b16233) rem     tp, sp, s11
core   0: 3 0x80001920 (0x03b16233) x 4 0x00000000
core   0: 0x80001924 (0x025752b3) divu    t0, a4, t0
core   0: 3 0x80001924 (0x025752b3) x 5 0x00000000
core   0: 0x80001928 (0x3eaf7b13) andi    s6, t5, 1002
core   0: 3 0x80001928 (0x3eaf7b13) x22 0x000003ea
core   0: 0x8000192c (0x01cfcc83) lbu     s9, 28(t6)
core   0: 3 0x8000192c (0x01cfcc83) x25 0x000000fe mem 0x80010d55
core   0: 0x80001930 (0x042f8623) sb      sp, 76(t6)
core   0: 3 0x80001930 (0x042f8623) mem 0x80010d85 0x58
core   0: 0x80001934 (0x0fbfa183) lw      gp, 251(t6)
core   0: 3 0x80001934 (0x0fbfa183) x 3 0x4d81ff96 mem 0x80010e34
core   0: 0x80001938 (0x001ace33) xor     t3, s5, ra
core   0: 3 0x80001938 (0x001ace33) x28 0x80025ebe
core   0: 0x8000193c (0x024fa3a3) sw      tp, 39(t6)
core   0: 3 0x8000193c (0x024fa3a3) mem 0x80010d60 0x00000000
core   0: 0x80001940 (0x0fbfc683) lbu     a3, 251(t6)
core   0: 3 0x80001940 (0x0fbfc683) x13 0x00000096 mem 0x80010e34
core   0: 0x80001944 (0xfdff8423) sb      t6, -56(t6)
core   0: 3 0x80001944 (0xfdff8423) mem 0x80010d01 0x39
core   0: 0x80001948 (0xfb5fc603) lbu     a2, -75(t6)
core   0: 3 0x80001948 (0xfb5fc603) x12 0x000000c3 mem 0x80010cee
core   0: 0x8000194c (0xf83f8b83) lb      s7, -125(t6)
core   0: 3 0x8000194c (0xf83f8b83) x23 0x00000072 mem 0x80010cbc
core   0: 0x80001950 (0x00bf9c83) lh      s9, 11(t6)
core   0: 3 0x80001950 (0x00bf9c83) x25 0xffffffc4 mem 0x80010d44
core   0: 0x80001954 (0x11996993) ori     s3, s2, 281
core   0: 3 0x80001954 (0x11996993) x19 0x000055f9
core   0: 0x80001958 (0x0dcfc103) lbu     sp, 220(t6)
core   0: 3 0x80001958 (0x0dcfc103) x 2 0x000000e9 mem 0x80010e15
core   0: 0x8000195c (0xf20f8e83) lb      t4, -224(t6)
core   0: 3 0x8000195c (0xf20f8e83) x29 0xffffffbd mem 0x80010c59
core   0: 0x80001960 (0x00008411) c.srai  s0, 4
core   0: 3 0x80001960 (0x8411) x 8 0xfffffff8
core   0: 0x80001962 (0x000089f2) c.mv    s3, t3
core   0: 3 0x80001962 (0x89f2) x19 0x80025ebe
core   0: 0x80001964 (0x04bf9283) lh      t0, 75(t6)
core   0: 3 0x80001964 (0x04bf9283) x 5 0x0000586e mem 0x80010d84
core   0: 0x80001968 (0xfb0f8b23) sb      a6, -74(t6)
core   0: 3 0x80001968 (0xfb0f8b23) mem 0x80010cef 0xa5
core   0: 0x8000196c (0x23b56e93) ori     t4, a0, 571
core   0: 3 0x8000196c (0x23b56e93) x29 0x0248b23b
core   0: 0x80001970 (0x0000100f) fence.i
core   0: 3 0x80001970 (0x0000100f)
core   0: 0x80001974 (0x080fc603) lbu     a2, 128(t6)
core   0: 3 0x80001974 (0x080fc603) x12 0x000000f3 mem 0x80010db9
core   0: 0x80001978 (0x0b7f8323) sb      s7, 166(t6)
core   0: 3 0x80001978 (0x0b7f8323) mem 0x80010ddf 0x72
core   0: 0x8000197c (0x0cbfde03) lhu     t3, 203(t6)
core   0: 3 0x8000197c (0x0cbfde03) x28 0x0000c845 mem 0x80010e04
core   0: 0x80001980 (0x0edfd583) lhu     a1, 237(t6)
core   0: 3 0x80001980 (0x0edfd583) x11 0x000020fe mem 0x80010e26
core   0: 0x80001984 (0x0066d713) srli    a4, a3, 6
core   0: 3 0x80001984 (0x0066d713) x14 0x00000002
core   0: 0x80001988 (0x0eafa9a3) sw      a0, 243(t6)
core   0: 3 0x80001988 (0x0eafa9a3) mem 0x80010e2c 0x0248b000
core   0: 0x8000198c (0x0b6fcd83) lbu     s11, 182(t6)
core   0: 3 0x8000198c (0x0b6fcd83) x27 0x000000cf mem 0x80010def
core   0: 0x80001990 (0xf97fa1a3) sw      s7, -125(t6)
core   0: 3 0x80001990 (0xf97fa1a3) mem 0x80010cbc 0x00000072
core   0: 0x80001994 (0x0000f097) auipc   ra, 0xf
core   0: 3 0x80001994 (0x0000f097) x 1 0x80010994
core   0: 0x80001998 (0xe7608093) addi    ra, ra, -394
core   0: 3 0x80001998 (0xe7608093) x 1 0x8001080a
core   0: 0x8000199c (0x0640c203) lbu     tp, 100(ra)
core   0: 3 0x8000199c (0x0640c203) x 4 0x000000c8 mem 0x8001086e
core   0: 0x800019a0 (0xaf708ba3) sb      s7, -1289(ra)
core   0: 3 0x800019a0 (0xaf708ba3) mem 0x80010301 0x72
core   0: 0x800019a4 (0xf5d081a3) sb      t4, -189(ra)
core   0: 3 0x800019a4 (0xf5d081a3) mem 0x8001074d 0x3b
core   0: 0x800019a8 (0xf430c183) lbu     gp, -189(ra)
core   0: 3 0x800019a8 (0xf430c183) x 3 0x0000003b mem 0x8001074d
core   0: 0x800019ac (0xf430c803) lbu     a6, -189(ra)
core   0: 3 0x800019ac (0xf430c803) x16 0x0000003b mem 0x8001074d
core   0: 0x800019b0 (0x00000001) c.nop
core   0: 3 0x800019b0 (0x0001)
core   0: 0x800019b2 (0x032cf9b3) remu    s3, s9, s2
core   0: 3 0x800019b2 (0x032cf9b3) x19 0x00003328
core   0: 0x800019b6 (0xf060a523) sw      t1, -246(ra)
core   0: 3 0x800019b6 (0xf060a523) mem 0x80010714 0x0000009d
core   0: 0x800019ba (0x44808023) sb      s0, 1088(ra)
core   0: 3 0x800019ba (0x44808023) mem 0x80010c4a 0xf8
core   0: 0x800019be (0x4400cc83) lbu     s9, 1088(ra)
core   0: 3 0x800019be (0x4400cc83) x25 0x000000f8 mem 0x80010c4a
core   0: 0x800019c2 (0x44008c03) lb      s8, 1088(ra)
core   0: 3 0x800019c2 (0x44008c03) x24 0xfffffff8 mem 0x80010c4a
core   0: 0x800019c6 (0x72b082a3) sb      a1, 1829(ra)
core   0: 3 0x800019c6 (0x72b082a3) mem 0x80010f2f 0xfe
core   0: 0x800019ca (0x2b408123) sb      s4, 674(ra)
core   0: 3 0x800019ca (0x2b408123) mem 0x80010aac 0x14
core   0: 0x800019ce (0x000089be) c.mv    s3, a5
core   0: 3 0x800019ce (0x89be) x19 0x80029ce4
core   0: 0x800019d0 (0x00008ce5) c.and   s1, s1
core   0: 3 0x800019d0 (0x8ce5) x 9 0x4b3998d4
core   0: 0x800019d2 (0x0000100f) fence.i
core   0: 3 0x800019d2 (0x0000100f)
core   0: 0x800019d6 (0x2a208183) lb      gp, 674(ra)
core   0: 3 0x800019d6 (0x2a208183) x 3 0x00000014 mem 0x80010aac
core   0: 0x800019da (0x035613b3) mulh    t2, a2, s5
core   0: 3 0x800019da (0x035613b3) x 7 0xffffff86
core   0: 0x800019de (0x000082e5) c.srli  a3, 25
core   0: 3 0x800019de (0x82e5) x13 0x00000000
core   0: 0x800019e0 (0xd2809283) lh      t0, -728(ra)
core   0: 3 0x800019e0 (0xd2809283) x 5 0xffffae85 mem 0x80010532
core   0: 0x800019e4 (0xced0ca03) lbu     s4, -787(ra)
core   0: 3 0x800019e4 (0xced0ca03) x20 0x0000008c mem 0x800104f7
core   0: 0x800019e8 (0x3d70ca03) lbu     s4, 983(ra)
core   0: 3 0x800019e8 (0x3d70ca03) x20 0x00000098 mem 0x80010be1
core   0: 0x800019ec (0x3dd08ba3) sb      t4, 983(ra)
core   0: 3 0x800019ec (0x3dd08ba3) mem 0x80010be1 0x3b
core   0: 0x800019f0 (0x3cb08ba3) sb      a1, 983(ra)
core   0: 3 0x800019f0 (0x3cb08ba3) mem 0x80010be1 0xfe
core   0: 0x800019f4 (0x00018417) auipc   s0, 0x18
core   0: 3 0x800019f4 (0x00018417) x 8 0x800199f4
core   0: 0x800019f8 (0x67640413) addi    s0, s0, 1654
core   0: 3 0x800019f8 (0x67640413) x 8 0x8001a06a
core   0: 0x800019fc (0x16e56c93) ori     s9, a0, 366
core   0: 3 0x800019fc (0x16e56c93) x25 0x0248b16e
core   0: 0x80001a00 (0x070400a3) sb      a6, 97(s0)
core   0: 3 0x80001a00 (0x070400a3) mem 0x8001a0cb 0x3b
core   0: 0x80001a04 (0xfba44e83) lbu     t4, -70(s0)
core   0: 3 0x80001a04 (0xfba44e83) x29 0x00000070 mem 0x8001a024
core   0: 0x80001a08 (0x05245e83) lhu     t4, 82(s0)
core   0: 3 0x80001a08 (0x05245e83) x29 0x0000d3b9 mem 0x8001a0bc
core   0: 0x80001a0c (0x0bd41623) sh      t4, 172(s0)
core   0: 3 0x80001a0c (0x0bd41623) mem 0x8001a116 0xd3b9
core   0: 0x80001a10 (0x000093f6) c.add   t2, t4
core   0: 3 0x80001a10 (0x93f6) x 7 0x0000d33f
core   0: 0x80001a12 (0xc1fcf513) andi    a0, s9, -993
core   0: 3 0x80001a12 (0xc1fcf513) x10 0x0248b00e
core   0: 0x80001a16 (0x0c944383) lbu     t2, 201(s0)
core   0: 3 0x80001a16 (0x0c944383) x 7 0x00000062 mem 0x8001a133
core   0: 0x80001a1a (0xf99405a3) sb      s9, -117(s0)
core   0: 3 0x80001a1a (0xf99405a3) mem 0x80019ff5 0x6e
core   0: 0x80001a1e (0x00008559) c.srai  a0, 22
core   0: 3 0x80001a1e (0x8559) x10 0x00000009
core   0: 0x80001a20 (0x00740ea3) sb      t2, 29(s0)
core   0: 3 0x80001a20 (0x00740ea3) mem 0x8001a087 0x62
core   0: 0x80001a24 (0xf1841b23) sh      s8, -234(s0)
core   0: 3 0x80001a24 (0xf1841b23) mem 0x80019f80 0xfff8
core   0: 0x80001a28 (0x0ca402a3) sb      a0, 197(s0)
core   0: 3 0x80001a28 (0x0ca402a3) mem 0x8001a12f 0x9
core   0: 0x80001a2c (0x00a503b3) add     t2, a0, a0
core   0: 3 0x80001a2c (0x00a503b3) x 7 0x00000012
core   0: 0x80001a30 (0x00008569) c.srai  a0, 26
core   0: 3 0x80001a30 (0x8569) x10 0x00000000
core   0: 0x80001a32 (0x04e44c03) lbu     s8, 78(s0)
core   0: 3 0x80001a32 (0x04e44c03) x24 0x00000045 mem 0x8001a0b8
core   0: 0x80001a36 (0x038eac33) mulhsu  s8, t4, s8
core   0: 3 0x80001a36 (0x038eac33) x24 0x00000000
core   0: 0x80001a3a (0x00000001) c.nop
core   0: 3 0x80001a3a (0x0001)
core   0: 0x80001a3c (0x06845e83) lhu     t4, 104(s0)
core   0: 3 0x80001a3c (0x06845e83) x29 0x00007c67 mem 0x8001a0d2
core   0: 0x80001a40 (0x00008d29) c.xor   a0, a0
core   0: 3 0x80001a40 (0x8d29) x10 0x00000000
core   0: 0x80001a42 (0xfa53fe93) andi    t4, t2, -91
core   0: 3 0x80001a42 (0xfa53fe93) x29 0x00000000
core   0: 0x80001a46 (0x02ac8833) mul     a6, s9, a0
core   0: 3 0x80001a46 (0x02ac8833) x16 0x00000000
core   0: 0x80001a4a (0x030eeeb3) rem     t4, t4, a6
core   0: 3 0x80001a4a (0x030eeeb3) x29 0x00000000
core   0: 0x80001a4e (0xfbd40c03) lb      s8, -67(s0)
core   0: 3 0x80001a4e (0xfbd40c03) x24 0xffffff8f mem 0x8001a027
core   0: 0x80001a52 (0x027c3533) mulhu   a0, s8, t2
core   0: 3 0x80001a52 (0x027c3533) x10 0x00000011
core   0: 0x80001a56 (0x08f38c93) addi    s9, t2, 143
core   0: 3 0x80001a56 (0x08f38c93) x25 0x000000a1
core   0: 0x80001a5a (0x09544503) lbu     a0, 149(s0)
core   0: 3 0x80001a5a (0x09544503) x10 0x000000ee mem 0x8001a0ff
core   0: 0x80001a5e (0x02d40383) lb      t2, 45(s0)
core   0: 3 0x80001a5e (0x02d40383) x 7 0x0000005b mem 0x8001a097
core   0: 0x80001a62 (0xf0a40a23) sb      a0, -236(s0)
core   0: 3 0x80001a62 (0xf0a40a23) mem 0x80019f7e 0xee
core   0: 0x80001a66 (0x010c2cb3) slt     s9, s8, a6
core   0: 3 0x80001a66 (0x010c2cb3) x25 0x00000001
core   0: 0x80001a6a (0x05d40503) lb      a0, 93(s0)
core   0: 3 0x80001a6a (0x05d40503) x10 0x00000076 mem 0x8001a0c7
core   0: 0x80001a6e (0x9d750393) addi    t2, a0, -1577
core   0: 3 0x80001a6e (0x9d750393) x 7 0xfffffa4d
core   0: 0x80001a72 (0x40a55833) sra     a6, a0, a0
core   0: 3 0x80001a72 (0x40a55833) x16 0x00000000
core   0: 0x80001a76 (0xf2b40803) lb      a6, -213(s0)
core   0: 3 0x80001a76 (0xf2b40803) x16 0xffffffee mem 0x80019f95
core   0: 0x80001a7a (0x00008559) c.srai  a0, 22
core   0: 3 0x80001a7a (0x8559) x10 0x00000000
core   0: 0x80001a7c (0x35053393) sltiu   t2, a0, 848
core   0: 3 0x80001a7c (0x35053393) x 7 0x00000001
core   0: 0x80001a80 (0x00008d69) c.and   a0, a0
core   0: 3 0x80001a80 (0x8d69) x10 0x00000000
core   0: 0x80001a82 (0x01056eb3) or      t4, a0, a6
core   0: 3 0x80001a82 (0x01056eb3) x29 0xffffffee
core   0: 0x80001a86 (0x013c9813) slli    a6, s9, 19
core   0: 3 0x80001a86 (0x013c9813) x16 0x00080000
core   0: 0x80001a8a (0xfa544803) lbu     a6, -91(s0)
core   0: 3 0x80001a8a (0xfa544803) x16 0x000000c4 mem 0x8001a00f
core   0: 0x80001a8e (0x0a23c513) xori    a0, t2, 162
core   0: 3 0x80001a8e (0x0a23c513) x10 0x000000a3
core   0: 0x80001a92 (0x039eac33) mulhsu  s8, t4, s9
core   0: 3 0x80001a92 (0x039eac33) x24 0xffffffff
core   0: 0x80001a96 (0x0cc45803) lhu     a6, 204(s0)
core   0: 3 0x80001a96 (0x0cc45803) x16 0x00009aaa mem 0x8001a136
core   0: 0x80001a9a (0x00008d09) c.sub   a0, a0
core   0: 3 0x80001a9a (0x8d09) x10 0x00000000
core   0: 0x80001a9c (0x06944383) lbu     t2, 105(s0)
core   0: 3 0x80001a9c (0x06944383) x 7 0x0000007c mem 0x8001a0d3
core   0: 0x80001aa0 (0x0ab44383) lbu     t2, 171(s0)
core   0: 3 0x80001aa0 (0x0ab44383) x 7 0x00000005 mem 0x8001a115
core   0: 0x80001aa4 (0x01544503) lbu     a0, 21(s0)
core   0: 3 0x80001aa4 (0x01544503) x10 0x000000a8 mem 0x8001a07f
core   0: 0x80001aa8 (0x01d82833) slt     a6, a6, t4
core   0: 3 0x80001aa8 (0x01d82833) x16 0x00000000
core   0: 0x80001aac (0xf8445c83) lhu     s9, -124(s0)
core   0: 3 0x80001aac (0xf8445c83) x25 0x00005d8f mem 0x80019fee
core   0: 0x80001ab0 (0x02c00def) jal     s11, pc + 0x2c
core   0: 3 0x80001ab0 (0x02c00def) x27 0x80001ab4
core   0: 0x80001adc (0x0000b7d5) c.j     pc - 28
core   0: 3 0x80001adc (0xb7d5)
core   0: 0x80001ac0 (0x03e00d6f) jal     s10, pc + 0x3e
core   0: 3 0x80001ac0 (0x03e00d6f) x26 0x80001ac4
core   0: 0x80001afe (0x0000bff5) c.j     pc - 4
core   0: 3 0x80001afe (0xbff5)
core   0: 0x80001afa (0xfd5ff36f) jal     t1, pc - 0x2c
core   0: 3 0x80001afa (0xfd5ff36f) x 6 0x80001afe
core   0: 0x80001ace (0x0000a005) c.j     pc + 32
core   0: 3 0x80001ace (0xa005)
core   0: 0x80001aee (0x0000bfed) c.j     pc - 6
core   0: 3 0x80001aee (0xbfed)
core   0: 0x80001ae8 (0x00002031) c.jal   pc + 12
core   0: 3 0x80001ae8 (0x2031) x 1 0x80001aea
core   0: 0x80001af4 (0xfd7ff0ef) jal     pc - 0x2a
core   0: 3 0x80001af4 (0xfd7ff0ef) x 1 0x80001af8
core   0: 0x80001aca (0xfefff0ef) jal     pc - 0x12
core   0: 3 0x80001aca (0xfefff0ef) x 1 0x80001ace
core   0: 0x80001ab8 (0x02c000ef) jal     pc + 0x2c
core   0: 3 0x80001ab8 (0x02c000ef) x 1 0x80001abc
core   0: 0x80001ae4 (0x0000200d) c.jal   pc + 34
core   0: 3 0x80001ae4 (0x200d) x 1 0x80001ae6
core   0: 0x80001b06 (0x00003fed) c.jal   pc - 6
core   0: 3 0x80001b06 (0x3fed) x 1 0x80001b08
core   0: 0x80001b00 (0x000037cd) c.jal   pc - 30
core   0: 3 0x80001b00 (0x37cd) x 1 0x80001b02
core   0: 0x80001ae2 (0x0000b7dd) c.j     pc - 26
core   0: 3 0x80001ae2 (0xb7dd)
core   0: 0x80001ac8 (0x00002039) c.jal   pc + 14
core   0: 3 0x80001ac8 (0x2039) x 1 0x80001aca
core   0: 0x80001ad6 (0x0000bfed) c.j     pc - 6
core   0: 3 0x80001ad6 (0xbfed)
core   0: 0x80001ad0 (0x00002005) c.jal   pc + 32
core   0: 3 0x80001ad0 (0x2005) x 1 0x80001ad2
core   0: 0x80001af0 (0x000037f1) c.jal   pc - 52
core   0: 3 0x80001af0 (0x37f1) x 1 0x80001af2
core   0: 0x80001abc (0x02a000ef) jal     pc + 0x2a
core   0: 3 0x80001abc (0x02a000ef) x 1 0x80001ac0
core   0: 0x80001ae6 (0x00003ff9) c.jal   pc - 34
core   0: 3 0x80001ae6 (0x3ff9) x 1 0x80001ae8
core   0: 0x80001ac4 (0x044000ef) jal     pc + 0x44
core   0: 3 0x80001ac4 (0x044000ef) x 1 0x80001ac8
core   0: 0x80001b08 (0x00003fd9) c.jal   pc - 42
core   0: 3 0x80001b08 (0x3fd9) x 1 0x80001b0a
core   0: 0x80001ade (0xff5ff9ef) jal     s3, pc - 0xc
core   0: 3 0x80001ade (0xff5ff9ef) x19 0x80001ae2
core   0: 0x80001ad2 (0x0060016f) jal     sp, pc + 0x6
core   0: 3 0x80001ad2 (0x0060016f) x 2 0x80001ad6
core   0: 0x80001ad8 (0x02a0036f) jal     t1, pc + 0x2a
core   0: 3 0x80001ad8 (0x02a0036f) x 6 0x80001adc
core   0: 0x80001b02 (0xfb3ff0ef) jal     pc - 0x4e
core   0: 3 0x80001b02 (0xfb3ff0ef) x 1 0x80001b06
core   0: 0x80001ab4 (0x044000ef) jal     pc + 0x44
core   0: 3 0x80001ab4 (0x044000ef) x 1 0x80001ab8
core   0: 0x80001af8 (0x0000bfed) c.j     pc - 6
core   0: 3 0x80001af8 (0xbfed)
core   0: 0x80001af2 (0x00003fe5) c.jal   pc - 8
core   0: 3 0x80001af2 (0x3fe5) x 1 0x80001af4
core   0: 0x80001aea (0x020000ef) jal     pc + 0x20
core   0: 3 0x80001aea (0x020000ef) x 1 0x80001aee
core   0: 0x80001b0a (0xf4550c13) addi    s8, a0, -187
core   0: 3 0x80001b0a (0xf4550c13) x24 0xffffffed
core   0: 0x80001b0e (0x0000ed17) auipc   s10, 0xe
core   0: 3 0x80001b0e (0x0000ed17) x26 0x8000fb0e
core   0: 0x80001b12 (0x78cd0d13) addi    s10, s10, 1932
core   0: 3 0x80001b12 (0x78cd0d13) x26 0x8001029a
core   0: 0x80001b16 (0x03636833) rem     a6, t1, s6
core   0: 3 0x80001b16 (0x03636833) x16 0xfffffe78
core   0: 0x80001b1a (0x462d2603) lw      a2, 1122(s10)
core   0: 3 0x80001b1a (0x462d2603) x12 0x463e8b6f mem 0x800106fc
core   0: 0x80001b1e (0x0266d333) divu    t1, a3, t1
core   0: 3 0x80001b1e (0x0266d333) x 6 0x00000000
core   0: 0x80001b22 (0xdbbd0ca3) sb      s11, -583(s10)
core   0: 3 0x80001b22 (0xdbbd0ca3) mem 0x80010053 0xb4
core   0: 0x80001b26 (0xe1bd07a3) sb      s11, -497(s10)
core   0: 3 0x80001b26 (0xe1bd07a3) mem 0x800100a9 0xb4
core   0: 0x80001b2a (0x026d8333) mul     t1, s11, t1
core   0: 3 0x80001b2a (0x026d8333) x 6 0x00000000
core   0: 0x80001b2e (0x000086a1) c.srai  a3, 8
core   0: 3 0x80001b2e (0x86a1) x13 0x00000000
core   0: 0x80001b30 (0x0000866d) c.srai  a2, 27
core   0: 3 0x80001b30 (0x866d) x12 0x00000008
core   0: 0x80001b32 (0x444d5d83) lhu     s11, 1092(s10)
core   0: 3 0x80001b32 (0x444d5d83) x27 0x0000ffff mem 0x800106de
core   0: 0x80001b36 (0xbfbb4817) auipc   a6, 0xbfbb4
core   0: 3 0x80001b36 (0xbfbb4817) x16 0x3fbb5b36
core   0: 0x80001b3a (0x000006be) c.slli  a3, 15
core   0: 3 0x80001b3a (0x06be) x13 0x00000000
core   0: 0x80001b3c (0x7e4d4603) lbu     a2, 2020(s10)
core   0: 3 0x80001b3c (0x7e4d4603) x12 0x0000006e mem 0x80010a7e
core   0: 0x80001b40 (0x4afd4803) lbu     a6, 1199(s10)
core   0: 3 0x80001b40 (0x4afd4803) x16 0x000000a7 mem 0x80010749
core   0: 0x80001b44 (0x026b0833) mul     a6, s6, t1
core   0: 3 0x80001b44 (0x026b0833) x16 0x00000000
core   0: 0x80001b48 (0x535d0683) lb      a3, 1333(s10)
core   0: 3 0x80001b48 (0x535d0683) x13 0xfffffffb mem 0x800107cf
core   0: 0x80001b4c (0x0000986e) c.add   a6, s11
core   0: 3 0x80001b4c (0x986e) x16 0x0000ffff
core   0: 0x80001b4e (0xffbd05a3) sb      s11, -21(s10)
core   0: 3 0x80001b4e (0xffbd05a3) mem 0x80010285 0xff
core   0: 0x80001b52 (0x3d2dc313) xori    t1, s11, 978
core   0: 3 0x80001b52 (0x3d2dc313) x 6 0x0000fc2d
core   0: 0x80001b56 (0x530d1c23) sh      a6, 1336(s10)
core   0: 3 0x80001b56 (0x530d1c23) mem 0x800107d2 0xffff
core   0: 0x80001b5a (0x6ee60d93) addi    s11, a2, 1774
core   0: 3 0x80001b5a (0x6ee60d93) x27 0x0000075c
core   0: 0x80001b5e (0x08cd0ba3) sb      a2, 151(s10)
core   0: 3 0x80001b5e (0x08cd0ba3) mem 0x80010331 0x6e
core   0: 0x80001b62 (0x2aad1683) lh      a3, 682(s10)
core   0: 3 0x80001b62 (0x2aad1683) x13 0x000056e2 mem 0x80010544
core   0: 0x80001b66 (0x24cd03a3) sb      a2, 583(s10)
core   0: 3 0x80001b66 (0x24cd03a3) mem 0x800104e1 0x6e
core   0: 0x80001b6a (0x75cd1d83) lh      s11, 1884(s10)
core   0: 3 0x80001b6a (0x75cd1d83) x27 0x000028aa mem 0x800109f6
core   0: 0x80001b6e (0xde6d02a3) sb      t1, -539(s10)
core   0: 3 0x80001b6e (0xde6d02a3) mem 0x8001007f 0x2d
core   0: 0x80001b72 (0xee8d0683) lb      a3, -280(s10)
core   0: 3 0x80001b72 (0xee8d0683) x13 0x00000053 mem 0x80010182
core   0: 0x80001b76 (0x0000961a) c.add   a2, t1
core   0: 3 0x80001b76 (0x961a) x12 0x0000fc9b
core   0: 0x80001b78 (0x00dd01a3) sb      a3, 3(s10)
core   0: 3 0x80001b78 (0x00dd01a3) mem 0x8001029d 0x53
core   0: 0x80001b7c (0x038d4b03) lbu     s6, 56(s10)
core   0: 3 0x80001b7c (0x038d4b03) x22 0x0000002a mem 0x800102d2
core   0: 0x80001b80 (0x02c6b6b3) mulhu   a3, a3, a2
core   0: 3 0x80001b80 (0x02c6b6b3) x13 0x00000000
core   0: 0x80001b84 (0x00008ed1) c.or    a3, a2
core   0: 3 0x80001b84 (0x8ed1) x13 0x0000fc9b
core   0: 0x80001b86 (0x03036b33) rem     s6, t1, a6
core   0: 3 0x80001b86 (0x03036b33) x22 0x0000fc2d
core   0: 0x80001b8a (0x0306a6b3) mulhsu  a3, a3, a6
core   0: 3 0x80001b8a (0x0306a6b3) x13 0x00000000
core   0: 0x80001b8e (0x40668db3) sub     s11, a3, t1
core   0: 3 0x80001b8e (0x40668db3) x27 0xffff03d3
core   0: 0x80001b92 (0x4ecd1223) sh      a2, 1252(s10)
core   0: 3 0x80001b92 (0x4ecd1223) mem 0x8001077e 0xfc9b
core   0: 0x80001b96 (0x00004691) c.li    a3, 4
core   0: 3 0x80001b96 (0x4691) x13 0x00000004
core   0: 0x80001b98 (0x41b30833) sub     a6, t1, s11
core   0: 3 0x80001b98 (0x41b30833) x16 0x0001f85a
core   0: 0x80001b9c (0x7c6d06a3) sb      t1, 1997(s10)
core   0: 3 0x80001b9c (0x7c6d06a3) mem 0x80010a67 0x2d
core   0: 0x80001ba0 (0xf5bd0303) lb      t1, -165(s10)
core   0: 3 0x80001ba0 (0xf5bd0303) x 6 0x0000001a mem 0x800101f5
core   0: 0x80001ba4 (0x00000001) c.nop
core   0: 3 0x80001ba4 (0x0001)
core   0: 0x80001ba6 (0x00000001) c.nop
core   0: 3 0x80001ba6 (0x0001)
core   0: 0x80001ba8 (0x60dd09a3) sb      a3, 1555(s10)
core   0: 3 0x80001ba8 (0x60dd09a3) mem 0x800108ad 0x4
core   0: 0x80001bac (0x6a46d317) auipc   t1, 0x6a46d
core   0: 3 0x80001bac (0x6a46d317) x 6 0xea46ebac
core   0: 0x80001bb0 (0x4046d813) srai    a6, a3, 4
core   0: 3 0x80001bb0 (0x4046d813) x16 0x00000000
core   0: 0x80001bb4 (0x016d8833) add     a6, s11, s6
core   0: 3 0x80001bb4 (0x016d8833) x16 0x00000000
core   0: 0x80001bb8 (0x00008b5a) c.mv    s6, s6
core   0: 3 0x80001bb8 (0x8b5a) x22 0x0000fc2d
core   0: 0x80001bba (0x55cd5803) lhu     a6, 1372(s10)
core   0: 3 0x80001bba (0x55cd5803) x16 0x00001a5d mem 0x800107f6
core   0: 0x80001bbe (0x0001eb17) auipc   s6, 0x1e
core   0: 3 0x80001bbe (0x0001eb17) x22 0x8001fbbe
core   0: 0x80001bc2 (0x5deb0b13) addi    s6, s6, 1502
core   0: 3 0x80001bc2 (0x5deb0b13) x22 0x8002019c
core   0: 0x80001bc6 (0x00bb2823) sw      a1, 16(s6)
core   0: 3 0x80001bc6 (0x00bb2823) mem 0x800201ac 0x000020fe
core   0: 0x80001bca (0x020d70b3) remu    ra, s10, zero
core   0: 3 0x80001bca (0x020d70b3) x 1 0x8001029a
core   0: 0x80001bce (0x010b5003) lhu     zero, 16(s6)
core   0: 3 0x80001bce (0x010b5003) mem 0x800201ac
core   0: 0x80001bd2 (0x010b0b83) lb      s7, 16(s6)
core   0: 3 0x80001bd2 (0x010b0b83) x23 0xfffffffe mem 0x800201ac
core   0: 0x80001bd6 (0x021a6733) rem     a4, s4, ra
core   0: 3 0x80001bd6 (0x021a6733) x14 0x00000098
core   0: 0x80001bda (0x01ab0823) sb      s10, 16(s6)
core   0: 3 0x80001bda (0x01ab0823) mem 0x800201ac 0x9a
core   0: 0x80001bde (0x0ff0000f) fence   iorw,iorw
core   0: 3 0x80001bde (0x0ff0000f)
core   0: 0x80001be2 (0x010b4603) lbu     a2, 16(s6)
core   0: 3 0x80001be2 (0x010b4603) x12 0x0000009a mem 0x800201ac
core   0: 0x80001be6 (0x01ab0823) sb      s10, 16(s6)
core   0: 3 0x80001be6 (0x01ab0823) mem 0x800201ac 0x9a
core   0: 0x80001bea (0x00443733) sltu    a4, s0, tp
core   0: 3 0x80001bea (0x00443733) x14 0x00000000
core   0: 0x80001bee (0x010b4d03) lbu     s10, 16(s6)
core   0: 3 0x80001bee (0x010b4d03) x26 0x0000009a mem 0x800201ac
core   0: 0x80001bf2 (0x03ebf733) remu    a4, s7, t5
core   0: 3 0x80001bf2 (0x03ebf733) x14 0x00000003
core   0: 0x80001bf6 (0xa4a03e13) sltiu   t3, zero, -1462
core   0: 3 0x80001bf6 (0xa4a03e13) x28 0x00000001
core   0: 0x80001bfa (0x018b0823) sb      s8, 16(s6)
core   0: 3 0x80001bfa (0x018b0823) mem 0x800201ac 0xed
core   0: 0x80001bfe (0x0157e9b3) or      s3, a5, s5
core   0: 3 0x80001bfe (0x0157e9b3) x19 0x8002dee4
core   0: 0x80001c02 (0x007b0823) sb      t2, 16(s6)
core   0: 3 0x80001c02 (0x007b0823) mem 0x800201ac 0x5
core   0: 0x80001c06 (0x01db0823) sb      t4, 16(s6)
core   0: 3 0x80001c06 (0x01db0823) mem 0x800201ac 0xee
core   0: 0x80001c0a (0x010b1d83) lh      s11, 16(s6)
core   0: 3 0x80001c0a (0x010b1d83) x27 0x000020ee mem 0x800201ac
core   0: 0x80001c0e (0x010b4a03) lbu     s4, 16(s6)
core   0: 3 0x80001c0e (0x010b4a03) x20 0x000000ee mem 0x800201ac
core   0: 0x80001c12 (0x00013d17) auipc   s10, 0x13
core   0: 3 0x80001c12 (0x00013d17) x26 0x80014c12
core   0: 0x80001c16 (0x890d0d13) addi    s10, s10, -1904
core   0: 3 0x80001c16 (0x890d0d13) x26 0x800144a2
core   0: 0x80001c1a (0x00018697) auipc   a3, 0x18
core   0: 3 0x80001c1a (0x00018697) x13 0x80019c1a
core   0: 0x80001c1e (0x5ba68693) addi    a3, a3, 1466
core   0: 3 0x80001c1e (0x5ba68693) x13 0x8001a1d4
core   0: 0x80001c22 (0x0000fb17) auipc   s6, 0xf
core   0: 3 0x80001c22 (0x0000fb17) x22 0x80010c22
core   0: 0x80001c26 (0x548b0b13) addi    s6, s6, 1352
core   0: 3 0x80001c26 (0x548b0b13) x22 0x8001116a
core   0: 0x80001c2a (0x01668e03) lb      t3, 22(a3)
core   0: 3 0x80001c2a (0x01668e03) x28 0x0000007e mem 0x8001a1ea
core   0: 0x80001c2e (0x7fdd0603) lb      a2, 2045(s10)
core   0: 3 0x80001c2e (0x7fdd0603) x12 0xffffffc3 mem 0x80014c9f
core   0: 0x80001c32 (0x00468f23) sb      tp, 30(a3)
core   0: 3 0x80001c32 (0x00468f23) mem 0x8001a1f2 0xc8
core   0: 0x80001c36 (0x0001cf97) auipc   t6, 0x1c
core   0: 3 0x80001c36 (0x0001cf97) x31 0x8001dc36
core   0: 0x80001c3a (0x681f8f93) addi    t6, t6, 1665
core   0: 3 0x80001c3a (0x681f8f93) x31 0x8001e2b7
core   0: 0x80001c3e (0x127d4583) lbu     a1, 295(s10)
core   0: 3 0x80001c3e (0x127d4583) x11 0x000000d9 mem 0x800145c9
core   0: 0x80001c42 (0xd1ad0d83) lb      s11, -742(s10)
core   0: 3 0x80001c42 (0xd1ad0d83) x27 0xffffff8c mem 0x800141bc
core   0: 0x80001c46 (0x016b1523) sh      s6, 10(s6)
core   0: 3 0x80001c46 (0x016b1523) mem 0x80011174 0x116a
core   0: 0x80001c4a (0xedcd0523) sb      t3, -310(s10)
core   0: 3 0x80001c4a (0xedcd0523) mem 0x8001436c 0x7e
core   0: 0x80001c4e (0x012f88a3) sb      s2, 17(t6)
core   0: 3 0x80001c4e (0x012f88a3) mem 0x8001e2c8 0xe1
core   0: 0x80001c52 (0x7d0d1f03) lh      t5, 2000(s10)
core   0: 3 0x80001c52 (0x7d0d1f03) x30 0xffffec1e mem 0x80014c72
core   0: 0x80001c56 (0xf75d0e83) lb      t4, -139(s10)
core   0: 3 0x80001c56 (0xf75d0e83) x29 0x0000000e mem 0x80014417
core   0: 0x80001c5a (0xfecb1f23) sh      a2, -2(s6)
core   0: 3 0x80001c5a (0xfecb1f23) mem 0x80011168 0xffc3
core   0: 0x80001c5e (0xfc768583) lb      a1, -57(a3)
core   0: 3 0x80001c5e (0xfc768583) x11 0x00000075 mem 0x8001a19b
core   0: 0x80001c62 (0xfd06d703) lhu     a4, -48(a3)
core   0: 3 0x80001c62 (0xfd06d703) x14 0x0000d361 mem 0x8001a1a4
core   0: 0x80001c66 (0x15fd0e83) lb      t4, 351(s10)
core   0: 3 0x80001c66 (0x15fd0e83) x29 0x0000000a mem 0x80014601
core   0: 0x80001c6a (0x027fca03) lbu     s4, 39(t6)
core   0: 3 0x80001c6a (0x027fca03) x20 0x00000019 mem 0x8001e2de
core   0: 0x80001c6e (0x4e5d4303) lbu     t1, 1253(s10)
core   0: 3 0x80001c6e (0x4e5d4303) x 6 0x000000a8 mem 0x80014987
core   0: 0x80001c72 (0x00cb4a03) lbu     s4, 12(s6)
core   0: 3 0x80001c72 (0x00cb4a03) x20 0x00000012 mem 0x80011176
core   0: 0x80001c76 (0x036f8503) lb      a0, 54(t6)
core   0: 3 0x80001c76 (0x036f8503) x10 0xffffffa6 mem 0x8001e2ed
core   0: 0x80001c7a (0xfce68583) lb      a1, -50(a3)
core   0: 3 0x80001c7a (0xfce68583) x11 0x0000006f mem 0x8001a1a2
core   0: 0x80001c7e (0x002b4b83) lbu     s7, 2(s6)
core   0: 3 0x80001c7e (0x002b4b83) x23 0x0000007e mem 0x8001116c
core   0: 0x80001c82 (0xff4b1b23) sh      s4, -10(s6)
core   0: 3 0x80001c82 (0xff4b1b23) mem 0x80011160 0x0012
core   0: 0x80001c86 (0xff8b0a23) sb      s8, -12(s6)
core   0: 3 0x80001c86 (0xff8b0a23) mem 0x8001115e 0xed
core   0: 0x80001c8a (0x00eb0a03) lb      s4, 14(s6)
core   0: 3 0x80001c8a (0x00eb0a03) x20 0xffffffa9 mem 0x80011178
core   0: 0x80001c8e (0x01a6c603) lbu     a2, 26(a3)
core   0: 3 0x80001c8e (0x01a6c603) x12 0x0000002b mem 0x8001a1ee
core   0: 0x80001c92 (0xffcb5c83) lhu     s9, -4(s6)
core   0: 3 0x80001c92 (0xffcb5c83) x25 0x0000e751 mem 0x80011166
core   0: 0x80001c96 (0x392d5903) lhu     s2, 914(s10)
core   0: 3 0x80001c96 (0x392d5903) x18 0x00007a4d mem 0x80014834
core   0: 0x80001c9a (0x03c6ab83) lw      s7, 60(a3)
core   0: 3 0x80001c9a (0x03c6ab83) x23 0xe742b166 mem 0x8001a210
core   0: 0x80001c9e (0x009f8523) sb      s1, 10(t6)
core   0: 3 0x80001c9e (0x009f8523) mem 0x8001e2c1 0xd4
core   0: 0x80001ca2 (0x01168fa3) sb      a7, 31(a3)
core   0: 3 0x80001ca2 (0x01168fa3) mem 0x8001a1f3 0x0
core   0: 0x80001ca6 (0x009b0e83) lb      t4, 9(s6)
core   0: 3 0x80001ca6 (0x009b0e83) x29 0x0000001d mem 0x80011173
core   0: 0x80001caa (0x015fdd83) lhu     s11, 21(t6)
core   0: 3 0x80001caa (0x015fdd83) x27 0x0000d1e5 mem 0x8001e2cc
core   0: 0x80001cae (0x0000f117) auipc   sp, 0xf
core   0: 3 0x80001cae (0x0000f117) x 2 0x80010cae
core   0: 0x80001cb2 (0x2db10113) addi    sp, sp, 731
core   0: 3 0x80001cb2 (0x2db10113) x 2 0x80010f89
core   0: 0x80001cb6 (0x00008ca5) c.xor   s1, s1
core   0: 3 0x80001cb6 (0x8ca5) x 9 0x00000000
core   0: 0x80001cb8 (0x00810f83) lb      t6, 8(sp)
core   0: 3 0x80001cb8 (0x00810f83) x31 0xffffffd7 mem 0x80010f91
core   0: 0x80001cbc (0x00008b1d) c.andi  a4, 7
core   0: 3 0x80001cbc (0x8b1d) x14 0x00000001
core   0: 0x80001cbe (0x000044b1) c.li    s1, 12
core   0: 3 0x80001cbe (0x44b1) x 9 0x0000000c
core   0: 0x80001cc0 (0xfc710b23) sb      t2, -42(sp)
core   0: 3 0x80001cc0 (0xfc710b23) mem 0x80010f5f 0x5
core   0: 0x80001cc4 (0x006f9fb3) sll     t6, t6, t1
core   0: 3 0x80001cc4 (0x006f9fb3) x31 0xffffd700
core   0: 0x80001cc8 (0xfc214483) lbu     s1, -62(sp)
core   0: 3 0x80001cc8 (0xfc214483) x 9 0x000000dd mem 0x80010f4b
core   0: 0x80001ccc (0x02910723) sb      s1, 46(sp)
core   0: 3 0x80001ccc (0x02910723) mem 0x80010fb7 0xdd
core   0: 0x80001cd0 (0x00008cb9) c.xor   s1, a4
core   0: 3 0x80001cd0 (0x8cb9) x 9 0x000000dc
core   0: 0x80001cd2 (0x02614f83) lbu     t6, 38(sp)
core   0: 3 0x80001cd2 (0x02614f83) x31 0x0000008d mem 0x80010faf
core   0: 0x80001cd6 (0x71536393) ori     t2, t1, 1813
core   0: 3 0x80001cd6 (0x71536393) x 7 0x000007bd
core   0: 0x80001cda (0x0000137d) c.addi  t1, -1
core   0: 3 0x80001cda (0x137d) x 6 0x000000a7
core   0: 0x80001cdc (0xfc814383) lbu     t2, -56(sp)
core   0: 3 0x80001cdc (0xfc814383) x 7 0x000000e3 mem 0x80010f51
core   0: 0x80001ce0 (0x029384b3) mul     s1, t2, s1
core   0: 3 0x80001ce0 (0x029384b3) x 9 0x0000c314
core   0: 0x80001ce4 (0x03f3f733) remu    a4, t2, t6
core   0: 3 0x80001ce4 (0x03f3f733) x14 0x00000056
core   0: 0x80001ce8 (0x03b15703) lhu     a4, 59(sp)
core   0: 3 0x80001ce8 (0x03b15703) x14 0x00003303 mem 0x80010fc4
core   0: 0x80001cec (0x00515483) lhu     s1, 5(sp)
core   0: 3 0x80001cec (0x00515483) x 9 0x0000dffc mem 0x80010f8e
core   0: 0x80001cf0 (0x00008cf9) c.and   s1, a4
core   0: 3 0x80001cf0 (0x8cf9) x 9 0x00001300
core   0: 0x80001cf2 (0x027101a3) sb      t2, 35(sp)
core   0: 3 0x80001cf2 (0x027101a3) mem 0x80010fac 0xe3
core   0: 0x80001cf6 (0x03314703) lbu     a4, 51(sp)
core   0: 3 0x80001cf6 (0x03314703) x14 0x00000017 mem 0x80010fbc
core   0: 0x80001cfa (0x027cdcb3) divu    s9, s9, t2
core   0: 3 0x80001cfa (0x027cdcb3) x25 0x00000104
core   0: 0x80001cfe (0x7508a317) auipc   t1, 0x7508a
core   0: 3 0x80001cfe (0x7508a317) x 6 0xf508bcfe
core   0: 0x80001d02 (0x03f4c4b3) div     s1, s1, t6
core   0: 3 0x80001d02 (0x03f4c4b3) x 9 0x00000022
core   0: 0x80001d06 (0xff714c83) lbu     s9, -9(sp)
core   0: 3 0x80001d06 (0xff714c83) x25 0x00000089 mem 0x80010f80
core   0: 0x80001d0a (0xfd814303) lbu     t1, -40(sp)
core   0: 3 0x80001d0a (0xfd814303) x 6 0x000000cd mem 0x80010f61
core   0: 0x80001d0e (0x00f49393) slli    t2, s1, 15
core   0: 3 0x80001d0e (0x00f49393) x 7 0x00110000
core   0: 0x80001d12 (0xfe610023) sb      t1, -32(sp)
core   0: 3 0x80001d12 (0xfe610023) mem 0x80010f69 0xcd
core   0: 0x80001d16 (0x1ec38c93) addi    s9, t2, 492
core   0: 3 0x80001d16 (0x1ec38c93) x25 0x001101ec
core   0: 0x80001d1a (0x027703b3) mul     t2, a4, t2
core   0: 3 0x80001d1a (0x027703b3) x 7 0x01870000
core   0: 0x80001d1e (0xfca14f83) lbu     t6, -54(sp)
core   0: 3 0x80001d1e (0xfca14f83) x31 0x000000fa mem 0x80010f53
core   0: 0x80001d22 (0xfed10303) lb      t1, -19(sp)
core   0: 3 0x80001d22 (0xfed10303) x 6 0xffffffa2 mem 0x80010f76
core   0: 0x80001d26 (0x026cfcb3) remu    s9, s9, t1
core   0: 3 0x80001d26 (0x026cfcb3) x25 0x001101ec
core   0: 0x80001d2a (0xfe610123) sb      t1, -30(sp)
core   0: 3 0x80001d2a (0xfe610123) mem 0x80010f6b 0xa2
core   0: 0x80001d2e (0x01f35cb3) srl     s9, t1, t6
core   0: 3 0x80001d2e (0x01f35cb3) x25 0x0000003f
core   0: 0x80001d32 (0xff514383) lbu     t2, -11(sp)
core   0: 3 0x80001d32 (0xff514383) x 7 0x00000094 mem 0x80010f7e
core   0: 0x80001d36 (0x00735393) srli    t2, t1, 7
core   0: 3 0x80001d36 (0x00735393) x 7 0x01ffffff
core   0: 0x80001d3a (0xfd511f83) lh      t6, -43(sp)
core   0: 3 0x80001d3a (0xfd511f83) x31 0x000005b5 mem 0x80010f5e
core   0: 0x80001d3e (0x02914c83) lbu     s9, 41(sp)
core   0: 3 0x80001d3e (0x02914c83) x25 0x0000001c mem 0x80010fb2
core   0: 0x80001d42 (0x0001ec17) auipc   s8, 0x1e
core   0: 3 0x80001d42 (0x0001ec17) x24 0x8001fd42
core   0: 0x80001d46 (0xb13c0c13) addi    s8, s8, -1261
core   0: 3 0x80001d46 (0xb13c0c13) x24 0x8001f855
core   0: 0x80001d4a (0x03bc2603) lw      a2, 59(s8)
core   0: 3 0x80001d4a (0x03bc2603) x12 0x8791d3b9 mem 0x8001f890
core   0: 0x80001d4e (0x00a42533) slt     a0, s0, a0
core   0: 3 0x80001d4e (0x00a42533) x10 0x00000001
core   0: 0x80001d52 (0x22bfbf93) sltiu   t6, t6, 555
core   0: 3 0x80001d52 (0x22bfbf93) x31 0x00000000
core   0: 0x80001d56 (0x0000147d) c.addi  s0, -1
core   0: 3 0x80001d56 (0x147d) x 8 0x8001a069
core   0: 0x80001d58 (0x00cfd633) srl     a2, t6, a2
core   0: 3 0x80001d58 (0x00cfd633) x12 0x00000000
core   0: 0x80001d5c (0x00008e01) c.sub   a2, s0
core   0: 3 0x80001d5c (0x8e01) x12 0x7ffe5f97
core   0: 0x80001d5e (0x00000001) c.nop
core   0: 3 0x80001d5e (0x0001)
core   0: 0x80001d60 (0x03dc5503) lhu     a0, 61(s8)
core   0: 3 0x80001d60 (0x03dc5503) x10 0x00008791 mem 0x8001f892
core   0: 0x80001d64 (0x017c2d03) lw      s10, 23(s8)
core   0: 3 0x80001d64 (0x017c2d03) x26 0xbfe6e229 mem 0x8001f86c
core   0: 0x80001d68 (0x00ac18a3) sh      a0, 17(s8)
core   0: 3 0x80001d68 (0x00ac18a3) mem 0x8001f866 0x8791
core   0: 0x80001d6c (0x00001d7d) c.addi  s10, -1
core   0: 3 0x80001d6c (0x1d7d) x26 0xbfe6e228
core   0: 0x80001d6e (0x010c4f83) lbu     t6, 16(s8)
core   0: 3 0x80001d6e (0x010c4f83) x31 0x000000b2 mem 0x8001f865
core   0: 0x80001d72 (0x70e66613) ori     a2, a2, 1806
core   0: 3 0x80001d72 (0x70e66613) x12 0x7ffe5f9f
core   0: 0x80001d76 (0x8cffc513) xori    a0, t6, -1841
core   0: 3 0x80001d76 (0x8cffc513) x10 0xfffff87d
core   0: 0x80001d7a (0x03fc0ea3) sb      t6, 61(s8)
core   0: 3 0x80001d7a (0x03fc0ea3) mem 0x8001f892 0xb2
core   0: 0x80001d7e (0x00008e21) c.xor   a2, s0
core   0: 3 0x80001d7e (0x8e21) x12 0xfffffff6
core   0: 0x80001d80 (0xfe6c4603) lbu     a2, -26(s8)
core   0: 3 0x80001d80 (0xfe6c4603) x12 0x000000f5 mem 0x8001f83b
core   0: 0x80001d84 (0x03dd0fb3) mul     t6, s10, t4
core   0: 3 0x80001d84 (0x03dd0fb3) x31 0xbd279e88
core   0: 0x80001d88 (0xfc4c4d03) lbu     s10, -60(s8)
core   0: 3 0x80001d88 (0xfc4c4d03) x26 0x00000055 mem 0x8001f819
core   0: 0x80001d8c (0x031c5d03) lhu     s10, 49(s8)
core   0: 3 0x80001d8c (0x031c5d03) x26 0x000087c1 mem 0x8001f886
core   0: 0x80001d90 (0x00000001) c.nop
core   0: 3 0x80001d90 (0x0001)
core   0: 0x80001d92 (0x006c0403) lb      s0, 6(s8)
core   0: 3 0x80001d92 (0x006c0403) x 8 0x00000029 mem 0x8001f85b
core   0: 0x80001d96 (0x02aedfb3) divu    t6, t4, a0
core   0: 3 0x80001d96 (0x02aedfb3) x31 0x00000000
core   0: 0x80001d9a (0x00005efd) c.li    t4, -1
core   0: 3 0x80001d9a (0x5efd) x29 0xffffffff
core   0: 0x80001d9c (0x416edd13) srai    s10, t4, 22
core   0: 3 0x80001d9c (0x416edd13) x26 0xffffffff
core   0: 0x80001da0 (0x02c54633) div     a2, a0, a2
core   0: 3 0x80001da0 (0x02c54633) x12 0xfffffff9
core   0: 0x80001da4 (0x03ac10a3) sh      s10, 33(s8)
core   0: 3 0x80001da4 (0x03ac10a3) mem 0x8001f876 0xffff
core   0: 0x80001da8 (0xf89d7513) andi    a0, s10, -119
core   0: 3 0x80001da8 (0xf89d7513) x10 0xffffff89
core   0: 0x80001dac (0x00009efe) c.add   t4, t6
core   0: 3 0x80001dac (0x9efe) x29 0xffffffff
core   0: 0x80001dae (0x02a66633) rem     a2, a2, a0
core   0: 3 0x80001dae (0x02a66633) x12 0xfffffff9
core   0: 0x80001db2 (0xfc2c4603) lbu     a2, -62(s8)
core   0: 3 0x80001db2 (0xfc2c4603) x12 0x00000069 mem 0x8001f817
core   0: 0x80001db6 (0xfedc1e83) lh      t4, -19(s8)
core   0: 3 0x80001db6 (0xfedc1e83) x29 0x000064a8 mem 0x8001f842
core   0: 0x80001dba (0x00008d51) c.or    a0, a2
core   0: 3 0x80001dba (0x8d51) x10 0xffffffe9
core   0: 0x80001dbc (0xfccc0403) lb      s0, -52(s8)
core   0: 3 0x80001dbc (0xfccc0403) x 8 0xffffff9d mem 0x8001f821
core   0: 0x80001dc0 (0x00c65433) srl     s0, a2, a2
core   0: 3 0x80001dc0 (0x00c65433) x 8 0x00000000
core   0: 0x80001dc4 (0x00008e49) c.or    a2, a0
core   0: 3 0x80001dc4 (0x8e49) x12 0xffffffe9
core   0: 0x80001dc6 (0x008c09a3) sb      s0, 19(s8)
core   0: 3 0x80001dc6 (0x008c09a3) mem 0x8001f868 0x0
core   0: 0x80001dca (0x6f146e93) ori     t4, s0, 1777
core   0: 3 0x80001dca (0x6f146e93) x29 0x000006f1
core   0: 0x80001dce (0x02ec0503) lb      a0, 46(s8)
core   0: 3 0x80001dce (0x02ec0503) x10 0x0000006c mem 0x8001f883
core   0: 0x80001dd2 (0xfddc0a23) sb      t4, -44(s8)
core   0: 3 0x80001dd2 (0xfddc0a23) mem 0x8001f829 0xf1
core   0: 0x80001dd6 (0x01ac0603) lb      a2, 26(s8)
core   0: 3 0x80001dd6 (0x01ac0603) x12 0xffffffbf mem 0x8001f86f
core   0: 0x80001dda (0x004c4e83) lbu     t4, 4(s8)
core   0: 3 0x80001dda (0x004c4e83) x29 0x00000054 mem 0x8001f859
core   0: 0x80001dde (0xfd6c0d03) lb      s10, -42(s8)
core   0: 3 0x80001dde (0xfd6c0d03) x26 0xfffffff8 mem 0x8001f82b
core   0: 0x80001de2 (0xfd0c0d03) lb      s10, -48(s8)
core   0: 3 0x80001de2 (0xfd0c0d03) x26 0xffffffc2 mem 0x8001f825
core   0: 0x80001de6 (0x03a00def) jal     s11, pc + 0x3a
core   0: 3 0x80001de6 (0x03a00def) x27 0x80001dea
core   0: 0x80001e20 (0x0000bfed) c.j     pc - 6
core   0: 3 0x80001e20 (0xbfed)
core   0: 0x80001e1a (0x00002009) c.jal   pc + 2
core   0: 3 0x80001e1a (0x2009) x 1 0x80001e1c
core   0: 0x80001e1c (0x008000ef) jal     pc + 0x8
core   0: 3 0x80001e1c (0x008000ef) x 1 0x80001e20
core   0: 0x80001e24 (0x0000b7e5) c.j     pc - 24
core   0: 3 0x80001e24 (0xb7e5)
core   0: 0x80001e0c (0x0000a021) c.j     pc + 8
core   0: 3 0x80001e0c (0xa021)
core   0: 0x80001e14 (0x0000bfc5) c.j     pc - 16
core   0: 3 0x80001e14 (0xbfc5)
core   0: 0x80001e04 (0x00003ff5) c.jal   pc - 4
core   0: 3 0x80001e04 (0x3ff5) x 1 0x80001e06
core   0: 0x80001e00 (0x01000f6f) jal     t5, pc + 0x10
core   0: 3 0x80001e00 (0x01000f6f) x30 0x80001e04
core   0: 0x80001e10 (0xfedff0ef) jal     pc - 0x14
core   0: 3 0x80001e10 (0xfedff0ef) x 1 0x80001e14
core   0: 0x80001dfc (0x000037fd) c.jal   pc - 18
core   0: 3 0x80001dfc (0x37fd) x 1 0x80001dfe
core   0: 0x80001dea (0x0000a031) c.j     pc + 12
core   0: 3 0x80001dea (0xa031)
core   0: 0x80001df6 (0x0000a821) c.j     pc + 24
core   0: 3 0x80001df6 (0xa821)
core   0: 0x80001e0e (0x00003fed) c.jal   pc - 6
core   0: 3 0x80001e0e (0x3fed) x 1 0x80001e10
core   0: 0x80001e08 (0xfe9ff26f) jal     tp, pc - 0x18
core   0: 3 0x80001e08 (0xfe9ff26f) x 4 0x80001e0c
core   0: 0x80001df0 (0x00003ff5) c.jal   pc - 4
core   0: 3 0x80001df0 (0x3ff5) x 1 0x80001df2
core   0: 0x80001dec (0x0120026f) jal     tp, pc + 0x12
core   0: 3 0x80001dec (0x0120026f) x 4 0x80001df0
core   0: 0x80001dfe (0x0000bfed) c.j     pc - 6
core   0: 3 0x80001dfe (0xbfed)
core   0: 0x80001df8 (0x00e000ef) jal     pc + 0xe
core   0: 3 0x80001df8 (0x00e000ef) x 1 0x80001dfc
core   0: 0x80001e06 (0x0000a801) c.j     pc + 16
core   0: 3 0x80001e06 (0xa801)
core   0: 0x80001e16 (0x00c000ef) jal     pc + 0xc
core   0: 3 0x80001e16 (0x00c000ef) x 1 0x80001e1a
core   0: 0x80001e22 (0x00003fc1) c.jal   pc - 48
core   0: 3 0x80001e22 (0x3fc1) x 1 0x80001e24
core   0: 0x80001df2 (0x034000ef) jal     pc + 0x34
core   0: 3 0x80001df2 (0x034000ef) x 1 0x80001df6
core   0: 0x80001e26 (0x0486e293) ori     t0, a3, 72
core   0: 3 0x80001e26 (0x0486e293) x 5 0x8001a1dc
core   0: 0x80001e2a (0x0001fe97) auipc   t4, 0x1f
core   0: 3 0x80001e2a (0x0001fe97) x29 0x80020e2a
core   0: 0x80001e2e (0x88be8e93) addi    t4, t4, -1909
core   0: 3 0x80001e2e (0x88be8e93) x29 0x800206b5
core   0: 0x80001e32 (0x011e8623) sb      a7, 12(t4)
core   0: 3 0x80001e32 (0x011e8623) mem 0x800206c1 0x0
core   0: 0x80001e36 (0x015e8623) sb      s5, 12(t4)
core   0: 3 0x80001e36 (0x015e8623) mem 0x800206c1 0x64
core   0: 0x80001e3a (0x02273033) mulhu   zero, a4, sp
core   0: 3 0x80001e3a (0x02273033)
core   0: 0x80001e3e (0x00cec803) lbu     a6, 12(t4)
core   0: 3 0x80001e3e (0x00cec803) x16 0x00000064 mem 0x800206c1
core   0: 0x80001e42 (0x01ee8623) sb      t5, 12(t4)
core   0: 3 0x80001e42 (0x01ee8623) mem 0x800206c1 0x4
core   0: 0x80001e46 (0x017e8623) sb      s7, 12(t4)
core   0: 3 0x80001e46 (0x017e8623) mem 0x800206c1 0x66
core   0: 0x80001e4a (0x009e8623) sb      s1, 12(t4)
core   0: 3 0x80001e4a (0x009e8623) mem 0x800206c1 0x22
core   0: 0x80001e4e (0x000064a5) c.lui   s1, 0x9
core   0: 3 0x80001e4e (0x64a5) x 9 0x00009000
core   0: 0x80001e50 (0xfe4e9ba3) sh      tp, -9(t4)
core   0: 3 0x80001e50 (0xfe4e9ba3) mem 0x800206ac 0x1df0
core   0: 0x80001e54 (0x00009b7d) c.andi  a4, -1
core   0: 3 0x80001e54 (0x9b7d) x14 0x00000017
core   0: 0x80001e56 (0xff7e9283) lh      t0, -9(t4)
core   0: 3 0x80001e56 (0xff7e9283) x 5 0x00001df0 mem 0x800206ac
core   0: 0x80001e5a (0x0000997d) c.andi  a0, -1
core   0: 3 0x80001e5a (0x997d) x10 0x0000006c
core   0: 0x80001e5c (0x0000160c) c.addi4spn a1, sp, 800
core   0: 3 0x80001e5c (0x160c) x11 0x800112a9
core   0: 0x80001e5e (0x011a0133) add     sp, s4, a7
core   0: 3 0x80001e5e (0x011a0133) x 2 0xffffffa9
core   0: 0x80001e62 (0xff8ecc83) lbu     s9, -8(t4)
core   0: 3 0x80001e62 (0xff8ecc83) x25 0x0000001d mem 0x800206ad
core   0: 0x80001e66 (0xff8e8203) lb      tp, -8(t4)
core   0: 3 0x80001e66 (0xff8e8203) x 4 0x0000001d mem 0x800206ad
core   0: 0x80001e6a (0xff8ec683) lbu     a3, -8(t4)
core   0: 3 0x80001e6a (0xff8ec683) x13 0x0000001d mem 0x800206ad
core   0: 0x80001e6e (0xff8e8e03) lb      t3, -8(t4)
core   0: 3 0x80001e6e (0xff8e8e03) x28 0x0000001d mem 0x800206ad
core   0: 0x80001e72 (0xff8ec903) lbu     s2, -8(t4)
core   0: 3 0x80001e72 (0xff8ec903) x18 0x0000001d mem 0x800206ad
core   0: 0x80001e76 (0xff8ece03) lbu     t3, -8(t4)
core   0: 3 0x80001e76 (0xff8ece03) x28 0x0000001d mem 0x800206ad
core   0: 0x80001e7a (0xff8e8f83) lb      t6, -8(t4)
core   0: 3 0x80001e7a (0xff8e8f83) x31 0x0000001d mem 0x800206ad
core   0: 0x80001e7e (0xff8e8283) lb      t0, -8(t4)
core   0: 3 0x80001e7e (0xff8e8283) x 5 0x0000001d mem 0x800206ad
core   0: 0x80001e82 (0xff8ec683) lbu     a3, -8(t4)
core   0: 3 0x80001e82 (0xff8ec683) x13 0x0000001d mem 0x800206ad
core   0: 0x80001e86 (0xff8e8503) lb      a0, -8(t4)
core   0: 3 0x80001e86 (0xff8e8503) x10 0x0000001d mem 0x800206ad
core   0: 0x80001e8a (0x0000f317) auipc   t1, 0xf
core   0: 3 0x80001e8a (0x0000f317) x 6 0x80010e8a
core   0: 0x80001e8e (0xbc330313) addi    t1, t1, -1085
core   0: 3 0x80001e8e (0xbc330313) x 6 0x80010a4d
core   0: 0x80001e92 (0xbbc0cc13) xori    s8, ra, -1092
core   0: 3 0x80001e92 (0xbbc0cc13) x24 0x7fffe64a
core   0: 0x80001e96 (0xff830c03) lb      s8, -8(t1)
core   0: 3 0x80001e96 (0xff830c03) x24 0x00000022 mem 0x80010a45
core   0: 0x80001e9a (0xffd31c83) lh      s9, -3(t1)
core   0: 3 0x80001e9a (0xffd31c83) x25 0x000004d4 mem 0x80010a4a
core   0: 0x80001e9e (0xff132fa3) sw      a7, -1(t1)
core   0: 3 0x80001e9e (0xff132fa3) mem 0x80010a4c 0x00000000
core   0: 0x80001ea2 (0x03b3c033) div     zero, t2, s11
core   0: 3 0x80001ea2 (0x03b3c033)
core   0: 0x80001ea6 (0xfe332fa3) sw      gp, -1(t1)
core   0: 3 0x80001ea6 (0xfe332fa3) mem 0x80010a4c 0x00000014
core   0: 0x80001eaa (0xfff35703) lhu     a4, -1(t1)
core   0: 3 0x80001eaa (0xfff35703) x14 0x00000014 mem 0x80010a4c
core   0: 0x80001eae (0xff131fa3) sh      a7, -1(t1)
core   0: 3 0x80001eae (0xff131fa3) mem 0x80010a4c 0x0000
core   0: 0x80001eb2 (0xff3309a3) sb      s3, -13(t1)
core   0: 3 0x80001eb2 (0xff3309a3) mem 0x80010a40 0xe4
core   0: 0x80001eb6 (0xff330e03) lb      t3, -13(t1)
core   0: 3 0x80001eb6 (0xff330e03) x28 0xffffffe4 mem 0x80010a40
core   0: 0x80001eba (0x00834e03) lbu     t3, 8(t1)
core   0: 3 0x80001eba (0x00834e03) x28 0x0000004c mem 0x80010a55
core   0: 0x80001ebe (0x00830383) lb      t2, 8(t1)
core   0: 3 0x80001ebe (0x00830383) x 7 0x0000004c mem 0x80010a55
core   0: 0x80001ec2 (0x00830b83) lb      s7, 8(t1)
core   0: 3 0x80001ec2 (0x00830b83) x23 0x0000004c mem 0x80010a55
core   0: 0x80001ec6 (0x00019417) auipc   s0, 0x19
core   0: 3 0x80001ec6 (0x00019417) x 8 0x8001aec6
core   0: 0x80001eca (0x5f440413) addi    s0, s0, 1524
core   0: 3 0x80001eca (0x5f440413) x 8 0x8001b4ba
core   0: 0x80001ece (0x0001f197) auipc   gp, 0x1f
core   0: 3 0x80001ece (0x0001f197) x 3 0x80020ece
core   0: 0x80001ed2 (0x04a18193) addi    gp, gp, 74
core   0: 3 0x80001ed2 (0x04a18193) x 3 0x80020f18
core   0: 0x80001ed6 (0xfff40f83) lb      t6, -1(s0)
core   0: 3 0x80001ed6 (0xfff40f83) x31 0xffffffd9 mem 0x8001b4b9
core   0: 0x80001eda (0x0000fe17) auipc   t3, 0xf
core   0: 3 0x80001eda (0x0000fe17) x28 0x80010eda
core   0: 0x80001ede (0x341e0e13) addi    t3, t3, 833
core   0: 3 0x80001ede (0x341e0e13) x28 0x8001121b
core   0: 0x80001ee2 (0x00a44083) lbu     ra, 10(s0)
core   0: 3 0x80001ee2 (0x00a44083) x 1 0x00000093 mem 0x8001b4c4
core   0: 0x80001ee6 (0x0001fd97) auipc   s11, 0x1f
core   0: 3 0x80001ee6 (0x0001fd97) x27 0x80020ee6
core   0: 0x80001eea (0x95fd8d93) addi    s11, s11, -1697
core   0: 3 0x80001eea (0x95fd8d93) x27 0x80020845
core   0: 0x80001eee (0x0c8e0c83) lb      s9, 200(t3)
core   0: 3 0x80001eee (0x0c8e0c83) x25 0x00000013 mem 0x800112e3
core   0: 0x80001ef2 (0xff2d8283) lb      t0, -14(s11)
core   0: 3 0x80001ef2 (0xff2d8283) x 5 0x00000011 mem 0x80020837
core   0: 0x80001ef6 (0x00017d17) auipc   s10, 0x17
core   0: 3 0x80001ef6 (0x00017d17) x26 0x80018ef6
core   0: 0x80001efa (0xec9d0d13) addi    s10, s10, -311
core   0: 3 0x80001efa (0xec9d0d13) x26 0x80018dbf
core   0: 0x80001efe (0xff640703) lb      a4, -10(s0)
core   0: 3 0x80001efe (0xff640703) x14 0x00000035 mem 0x8001b4b0
core   0: 0x80001f02 (0xf91e4303) lbu     t1, -111(t3)
core   0: 3 0x80001f02 (0xf91e4303) x 6 0x00000010 mem 0x800111ac
core   0: 0x80001f06 (0x01f41023) sh      t6, 0(s0)
core   0: 3 0x80001f06 (0x01f41023) mem 0x8001b4ba 0xffd9
core   0: 0x80001f0a (0x02418483) lb      s1, 36(gp)
core   0: 3 0x80001f0a (0x02418483) x 9 0xfffffffe mem 0x80020f3c
core   0: 0x80001f0e (0xfc3e0a23) sb      gp, -44(t3)
core   0: 3 0x80001f0e (0xfc3e0a23) mem 0x800111ef 0x18
core   0: 0x80001f12 (0xff3d8d23) sb      s3, -6(s11)
core   0: 3 0x80001f12 (0xff3d8d23) mem 0x8002083f 0xe4
core   0: 0x80001f16 (0x078e0723) sb      s8, 110(t3)
core   0: 3 0x80001f16 (0x078e0723) mem 0x80011289 0x22
core   0: 0x80001f1a (0xfdbe4003) lbu     zero, -37(t3)
core   0: 3 0x80001f1a (0xfdbe4003) mem 0x800111f6
core   0: 0x80001f1e (0x010dcb83) lbu     s7, 16(s11)
core   0: 3 0x80001f1e (0x010dcb83) x23 0x000000c5 mem 0x80020855
core   0: 0x80001f22 (0xfcf18e83) lb      t4, -49(gp)
core   0: 3 0x80001f22 (0xfcf18e83) x29 0x0000003d mem 0x80020ee7
core   0: 0x80001f26 (0xfcf18ca3) sb      a5, -39(gp)
core   0: 3 0x80001f26 (0xfcf18ca3) mem 0x80020ef1 0xe4
core   0: 0x80001f2a (0x00b44b03) lbu     s6, 11(s0)
core   0: 3 0x80001f2a (0x00b44b03) x22 0x000000de mem 0x8001b4c5
core   0: 0x80001f2e (0x00ddc103) lbu     sp, 13(s11)
core   0: 3 0x80001f2e (0x00ddc103) x 2 0x00000051 mem 0x80020852
core   0: 0x80001f32 (0x084e1da3) sh      tp, 155(t3)
core   0: 3 0x80001f32 (0x084e1da3) mem 0x800112b6 0x001d
core   0: 0x80001f36 (0xfffd0903) lb      s2, -1(s10)
core   0: 3 0x80001f36 (0xfffd0903) x18 0xffffffb0 mem 0x80018dbe
core   0: 0x80001f3a (0x0001c603) lbu     a2, 0(gp)
core   0: 3 0x80001f3a (0x0001c603) x12 0x000000f5 mem 0x80020f18
core   0: 0x80001f3e (0x00d40583) lb      a1, 13(s0)
core   0: 3 0x80001f3e (0x00d40583) x11 0x00000011 mem 0x8001b4c7
core   0: 0x80001f42 (0xc77d4003) lbu     zero, -905(s10)
core   0: 3 0x80001f42 (0xc77d4003) mem 0x80018a36
core   0: 0x80001f46 (0x005ddf83) lhu     t6, 5(s11)
core   0: 3 0x80001f46 (0x005ddf83) x31 0x0000d7c6 mem 0x8002084a
core   0: 0x80001f4a (0xff61cf83) lbu     t6, -10(gp)
core   0: 3 0x80001f4a (0xff61cf83) x31 0x0000008f mem 0x80020f0e
core   0: 0x80001f4e (0xec1d0c03) lb      s8, -319(s10)
core   0: 3 0x80001f4e (0xec1d0c03) x24 0xffffffda mem 0x80018c80
core   0: 0x80001f52 (0xff744f83) lbu     t6, -9(s0)
core   0: 3 0x80001f52 (0xff744f83) x31 0x000000b3 mem 0x8001b4b1
core   0: 0x80001f56 (0x691d2e83) lw      t4, 1681(s10)
core   0: 3 0x80001f56 (0x691d2e83) x29 0xa9648b2a mem 0x80019450
core   0: 0x80001f5a (0xfd718083) lb      ra, -41(gp)
core   0: 3 0x80001f5a (0xfd718083) x 1 0xfffffff3 mem 0x80020eef
core   0: 0x80001f5e (0xf49e5083) lhu     ra, -183(t3)
core   0: 3 0x80001f5e (0xf49e5083) x 1 0x00005a96 mem 0x80011164
core   0: 0x80001f62 (0x6bbd4a03) lbu     s4, 1723(s10)
core   0: 3 0x80001f62 (0x6bbd4a03) x20 0x00000048 mem 0x8001947a
core   0: 0x80001f66 (0x00dd80a3) sb      a3, 1(s11)
core   0: 3 0x80001f66 (0x00dd80a3) mem 0x80020846 0x1d
core   0: 0x80001f6a (0x660d0523) sb      zero, 1642(s10)
core   0: 3 0x80001f6a (0x660d0523) mem 0x80019429 0x0
core   0: 0x80001f6e (0xfea1aa23) sw      a0, -12(gp)
core   0: 3 0x80001f6e (0xfea1aa23) mem 0x80020f0c 0x0000001d
core   0: 0x80001f72 (0x007dc903) lbu     s2, 7(s11)
core   0: 3 0x80001f72 (0x007dc903) x18 0x0000007f mem 0x8002084c
core   0: 0x80001f76 (0x00c45683) lhu     a3, 12(s0)
core   0: 3 0x80001f76 (0x00c45683) x13 0x00001149 mem 0x8001b4c6
core   0: 0x80001f7a (0xcfbd0703) lb      a4, -773(s10)
core   0: 3 0x80001f7a (0xcfbd0703) x14 0xffffffc2 mem 0x80018aba
core   0: 0x80001f7e (0x9d6d0703) lb      a4, -1578(s10)
core   0: 3 0x80001f7e (0x9d6d0703) x14 0x0000000e mem 0x80018795
core   0: 0x80001f82 (0xffa18223) sb      s10, -28(gp)
core   0: 3 0x80001f82 (0xffa18223) mem 0x80020efc 0xbf
core   0: 0x80001f86 (0xff11cc83) lbu     s9, -15(gp)
core   0: 3 0x80001f86 (0xff11cc83) x25 0x00000097 mem 0x80020f09
core   0: 0x80001f8a (0x916d0123) sb      s6, -1790(s10)
core   0: 3 0x80001f8a (0x916d0123) mem 0x800186c1 0xde
core   0: 0x80001f8e (0x062e26a3) sw      sp, 109(t3)
core   0: 3 0x80001f8e (0x062e26a3) mem 0x80011288 0x00000051
core   0: 0x80001f92 (0xffad8c03) lb      s8, -6(s11)
core   0: 3 0x80001f92 (0xffad8c03) x24 0xffffffe4 mem 0x8002083f
core   0: 0x80001f96 (0x0000f697) auipc   a3, 0xf
core   0: 3 0x80001f96 (0x0000f697) x13 0x80010f96
core   0: 0x80001f9a (0xa5e68693) addi    a3, a3, -1442
core   0: 3 0x80001f9a (0xa5e68693) x13 0x800109f4
core   0: 0x80001f9e (0x0001f717) auipc   a4, 0x1f
core   0: 3 0x80001f9e (0x0001f717) x14 0x80020f9e
core   0: 0x80001fa2 (0xa5970713) addi    a4, a4, -1447
core   0: 3 0x80001fa2 (0xa5970713) x14 0x800209f7
core   0: 0x80001fa6 (0x0606a083) lw      ra, 96(a3)
core   0: 3 0x80001fa6 (0x0606a083) x 1 0x18bf4c04 mem 0x80010a54
core   0: 0x80001faa (0x03b68f03) lb      t5, 59(a3)
core   0: 3 0x80001faa (0x03b68f03) x30 0x00000027 mem 0x80010a2f
core   0: 0x80001fae (0x01070423) sb      a6, 8(a4)
core   0: 3 0x80001fae (0x01070423) mem 0x800209ff 0x64
core   0: 0x80001fb2 (0xf8668123) sb      t1, -126(a3)
core   0: 3 0x80001fb2 (0xf8668123) mem 0x80010976 0x10
core   0: 0x80001fb6 (0xfe470823) sb      tp, -16(a4)
core   0: 3 0x80001fb6 (0xfe470823) mem 0x800209e7 0x1d
core   0: 0x80001fba (0xfb068f03) lb      t5, -80(a3)
core   0: 3 0x80001fba (0xfb068f03) x30 0xffffffe4 mem 0x800109a4
core   0: 0x80001fbe (0xffe74e83) lbu     t4, -2(a4)
core   0: 3 0x80001fbe (0xffe74e83) x29 0x000000e4 mem 0x800209f5
core   0: 0x80001fc2 (0xff975b83) lhu     s7, -7(a4)
core   0: 3 0x80001fc2 (0xff975b83) x23 0x00007247 mem 0x800209f0
core   0: 0x80001fc6 (0xfeb68d83) lb      s11, -21(a3)
core   0: 3 0x80001fc6 (0xfeb68d83) x27 0x0000001f mem 0x800109df
core   0: 0x80001fca (0xfff75903) lhu     s2, -1(a4)
core   0: 3 0x80001fca (0xfff75903) x18 0x0000dc2a mem 0x800209f6
core   0: 0x80001fce (0xf8768c03) lb      s8, -121(a3)
core   0: 3 0x80001fce (0xf8768c03) x24 0xffffff99 mem 0x8001097b
core   0: 0x80001fd2 (0x00900613) li      a2, 9
core   0: 3 0x80001fd2 (0x00900613) x12 0x00000009
core   0: 0x80001fd6 (0x0ff0000f) fence   iorw,iorw
core   0: 3 0x80001fd6 (0x0ff0000f)
core   0: 0x80001fda (0x00225c13) srli    s8, tp, 2
core   0: 3 0x80001fda (0x00225c13) x24 0x00000007
core   0: 0x80001fde (0x1208e113) ori     sp, a7, 288
core   0: 3 0x80001fde (0x1208e113) x 2 0x00000120
core   0: 0x80001fe2 (0x00b00293) li      t0, 11
core   0: 3 0x80001fe2 (0x00b00293) x 5 0x0000000b
core   0: 0x80001fe6 (0x000086b5) c.srai  a3, 13
core   0: 3 0x80001fe6 (0x86b5) x13 0xfffc0008
core   0: 0x80001fe8 (0x0011ebb3) or      s7, gp, ra
core   0: 3 0x80001fe8 (0x0011ebb3) x23 0x98bf4f1c
core   0: 0x80001fec (0x00000605) c.addi  a2, 1
core   0: 3 0x80001fec (0x0605) x12 0x0000000a
core   0: 0x80001fee (0x013e36b3) sltu    a3, t3, s3
core   0: 3 0x80001fee (0x013e36b3) x13 0x00000001
core   0: 0x80001ff2 (0x7c0a4a17) auipc   s4, 0x7c0a4
core   0: 3 0x80001ff2 (0x7c0a4a17) x20 0xfc0a5ff2
core   0: 0x80001ff6 (0x010b2733) slt     a4, s6, a6
core   0: 3 0x80001ff6 (0x010b2733) x14 0x00000000
core   0: 0x80001ffa (0x02177cb3) remu    s9, a4, ra
core   0: 3 0x80001ffa (0x02177cb3) x25 0x00000000
core   0: 0x80001ffe (0x0078bcb3) sltu    s9, a7, t2
core   0: 3 0x80001ffe (0x0078bcb3) x25 0x00000001
core   0: 0x80002002 (0x0000842a) c.mv    s0, a0
core   0: 3 0x80002002 (0x842a) x 8 0x0000001d
core   0: 0x80002004 (0xa0ad2093) slti    ra, s10, -1526
core   0: 3 0x80002004 (0xa0ad2093) x 1 0x00000001
core   0: 0x80002008 (0x036289b3) mul     s3, t0, s6
core   0: 3 0x80002008 (0x036289b3) x19 0x0000098a
core   0: 0x8000200c (0x00008106) c.mv    sp, ra
core   0: 3 0x8000200c (0x8106) x 2 0x00000001
core   0: 0x8000200e (0x00000001) c.nop
core   0: 3 0x8000200e (0x0001)
core   0: 0x80002010 (0x19f9ca13) xori    s4, s3, 415
core   0: 3 0x80002010 (0x19f9ca13) x20 0x00000815
core   0: 0x80002014 (0x016256b3) srl     a3, tp, s6
core   0: 3 0x80002014 (0x016256b3) x13 0x00000000
core   0: 0x80002018 (0x6c6d3413) sltiu   s0, s10, 1734
core   0: 3 0x80002018 (0x6c6d3413) x 8 0x00000000
core   0: 0x8000201c (0x0170a9b3) slt     s3, ra, s7
core   0: 3 0x8000201c (0x0170a9b3) x19 0x00000000
core   0: 0x80002020 (0xfc5644e3) blt     a2, t0, pc - 56
core   0: 3 0x80002020 (0xfc5644e3)
core   0: 0x80001fe8 (0x0011ebb3) or      s7, gp, ra
core   0: 3 0x80001fe8 (0x0011ebb3) x23 0x80020f19
core   0: 0x80001fec (0x00000605) c.addi  a2, 1
core   0: 3 0x80001fec (0x0605) x12 0x0000000b
core   0: 0x80001fee (0x013e36b3) sltu    a3, t3, s3
core   0: 3 0x80001fee (0x013e36b3) x13 0x00000000
core   0: 0x80001ff2 (0x7c0a4a17) auipc   s4, 0x7c0a4
core   0: 3 0x80001ff2 (0x7c0a4a17) x20 0xfc0a5ff2
core   0: 0x80001ff6 (0x010b2733) slt     a4, s6, a6
core   0: 3 0x80001ff6 (0x010b2733) x14 0x00000000
core   0: 0x80001ffa (0x02177cb3) remu    s9, a4, ra
core   0: 3 0x80001ffa (0x02177cb3) x25 0x00000000
core   0: 0x80001ffe (0x0078bcb3) sltu    s9, a7, t2
core   0: 3 0x80001ffe (0x0078bcb3) x25 0x00000001
core   0: 0x80002002 (0x0000842a) c.mv    s0, a0
core   0: 3 0x80002002 (0x842a) x 8 0x0000001d
core   0: 0x80002004 (0xa0ad2093) slti    ra, s10, -1526
core   0: 3 0x80002004 (0xa0ad2093) x 1 0x00000001
core   0: 0x80002008 (0x036289b3) mul     s3, t0, s6
core   0: 3 0x80002008 (0x036289b3) x19 0x0000098a
core   0: 0x8000200c (0x00008106) c.mv    sp, ra
core   0: 3 0x8000200c (0x8106) x 2 0x00000001
core   0: 0x8000200e (0x00000001) c.nop
core   0: 3 0x8000200e (0x0001)
core   0: 0x80002010 (0x19f9ca13) xori    s4, s3, 415
core   0: 3 0x80002010 (0x19f9ca13) x20 0x00000815
core   0: 0x80002014 (0x016256b3) srl     a3, tp, s6
core   0: 3 0x80002014 (0x016256b3) x13 0x00000000
core   0: 0x80002018 (0x6c6d3413) sltiu   s0, s10, 1734
core   0: 3 0x80002018 (0x6c6d3413) x 8 0x00000000
core   0: 0x8000201c (0x0170a9b3) slt     s3, ra, s7
core   0: 3 0x8000201c (0x0170a9b3) x19 0x00000000
core   0: 0x80002020 (0xfc5644e3) blt     a2, t0, pc - 56
core   0: 3 0x80002020 (0xfc5644e3)
core   0: 0x80002024 (0x41b1d033) sra     zero, gp, s11
core   0: 3 0x80002024 (0x41b1d033)
core   0: 0x80002028 (0x0000ec17) auipc   s8, 0xe
core   0: 3 0x80002028 (0x0000ec17) x24 0x80010028
core   0: 0x8000202c (0x255c0c13) addi    s8, s8, 597
core   0: 3 0x8000202c (0x255c0c13) x24 0x8001027d
core   0: 0x80002030 (0xfddc1383) lh      t2, -35(s8)
core   0: 3 0x80002030 (0xfddc1383) x 7 0x000000f1 mem 0x8001025a
core   0: 0x80002034 (0x49307393) andi    t2, zero, 1171
core   0: 3 0x80002034 (0x49307393) x 7 0x00000000
core   0: 0x80002038 (0x00dc0983) lb      s3, 13(s8)
core   0: 3 0x80002038 (0x00dc0983) x19 0xffffff95 mem 0x8001028a
core   0: 0x8000203c (0x0270d9b3) divu    s3, ra, t2
core   0: 3 0x8000203c (0x0270d9b3) x19 0xffffffff
core   0: 0x80002040 (0x025c0723) sb      t0, 46(s8)
core   0: 3 0x80002040 (0x025c0723) mem 0x800102ab 0xb
core   0: 0x80002044 (0x413086b3) sub     a3, ra, s3
core   0: 3 0x80002044 (0x413086b3) x13 0x00000002
core   0: 0x80002048 (0xff5c4983) lbu     s3, -11(s8)
core   0: 3 0x80002048 (0xff5c4983) x19 0x00000071 mem 0x80010272
core   0: 0x8000204c (0x000056fd) c.li    a3, -1
core   0: 3 0x8000204c (0x56fd) x13 0xffffffff
core   0: 0x8000204e (0x009c5283) lhu     t0, 9(s8)
core   0: 3 0x8000204e (0x009c5283) x 5 0x0000e857 mem 0x80010286
core   0: 0x80002052 (0x64d6a013) slti    zero, a3, 1613
core   0: 3 0x80002052 (0x64d6a013)
core   0: 0x80002056 (0x01099013) slli    zero, s3, 16
core   0: 3 0x80002056 (0x01099013)
core   0: 0x8000205a (0xff7c0983) lb      s3, -9(s8)
core   0: 3 0x8000205a (0xff7c0983) x19 0xfffffff4 mem 0x80010274
core   0: 0x8000205e (0x00d9d3b3) srl     t2, s3, a3
core   0: 3 0x8000205e (0x00d9d3b3) x 7 0x00000001
core   0: 0x80002062 (0xfc0c04a3) sb      zero, -55(s8)
core   0: 3 0x80002062 (0xfc0c04a3) mem 0x80010246 0x0
core   0: 0x80002066 (0xfd5c0383) lb      t2, -43(s8)
core   0: 3 0x80002066 (0xfd5c0383) x 7 0x00000051 mem 0x80010252
core   0: 0x8000206a (0x40c9d993) srai    s3, s3, 12
core   0: 3 0x8000206a (0x40c9d993) x19 0xffffffff
core   0: 0x8000206e (0x027049b3) div     s3, zero, t2
core   0: 3 0x8000206e (0x027049b3) x19 0x00000000
core   0: 0x80002072 (0xff4c0983) lb      s3, -12(s8)
core   0: 3 0x80002072 (0xff4c0983) x19 0xfffffff1 mem 0x80010271
core   0: 0x80002076 (0x401003b3) sub     t2, zero, ra
core   0: 3 0x80002076 (0x401003b3) x 7 0xffffffff
core   0: 0x8000207a (0xffcc4983) lbu     s3, -4(s8)
core   0: 3 0x8000207a (0xffcc4983) x19 0x00000018 mem 0x80010279
core   0: 0x8000207e (0x00d016b3) sll     a3, zero, a3
core   0: 3 0x8000207e (0x00d016b3) x13 0x00000000
core   0: 0x80002082 (0x00008ef5) c.and   a3, a3
core   0: 3 0x80002082 (0x8ef5) x13 0x00000000
core   0: 0x80002084 (0xfe0c4683) lbu     a3, -32(s8)
core   0: 3 0x80002084 (0xfe0c4683) x13 0x00000080 mem 0x8001025d
core   0: 0x80002088 (0xfd5c1083) lh      ra, -43(s8)
core   0: 3 0x80002088 (0xfd5c1083) x 1 0x00000c51 mem 0x80010252
core   0: 0x8000208c (0x0273b0b3) mulhu   ra, t2, t2
core   0: 3 0x8000208c (0x0273b0b3) x 1 0xfffffffe
core   0: 0x80002090 (0x0136c3b3) xor     t2, a3, s3
core   0: 3 0x80002090 (0x0136c3b3) x 7 0x00000098
core   0: 0x80002094 (0x0216b0b3) mulhu   ra, a3, ra
core   0: 3 0x80002094 (0x0216b0b3) x 1 0x0000007f
core   0: 0x80002098 (0x030c0983) lb      s3, 48(s8)
core   0: 3 0x80002098 (0x030c0983) x19 0x00000047 mem 0x800102ad
core   0: 0x8000209c (0x037c4983) lbu     s3, 55(s8)
core   0: 3 0x8000209c (0x037c4983) x19 0x0000000b mem 0x800102b4
core   0: 0x800020a0 (0x0ff0000f) fence   iorw,iorw
core   0: 3 0x800020a0 (0x0ff0000f)
core   0: 0x800020a4 (0xfe0c1da3) sh      zero, -5(s8)
core   0: 3 0x800020a4 (0xfe0c1da3) mem 0x80010278 0x0000
core   0: 0x800020a8 (0xfe7c4383) lbu     t2, -25(s8)
core   0: 3 0x800020a8 (0xfe7c4383) x 7 0x000000fe mem 0x80010264
core   0: 0x800020ac (0xfcbc1003) lh      zero, -53(s8)
core   0: 3 0x800020ac (0xfcbc1003) mem 0x80010248
core   0: 0x800020b0 (0x011c0003) lb      zero, 17(s8)
core   0: 3 0x800020b0 (0x011c0003) mem 0x8001028e
core   0: 0x800020b4 (0x000082c9) c.srli  a3, 18
core   0: 3 0x800020b4 (0x82c9) x13 0x00000000
core   0: 0x800020b6 (0x000053fd) c.li    t2, -1
core   0: 3 0x800020b6 (0x53fd) x 7 0xffffffff
core   0: 0x800020b8 (0xfe9c0003) lb      zero, -23(s8)
core   0: 3 0x800020b8 (0xfe9c0003) mem 0x80010266
core   0: 0x800020bc (0xfcdc16a3) sh      a3, -51(s8)
core   0: 3 0x800020bc (0xfcdc16a3) mem 0x8001024a 0x0000
core   0: 0x800020c0 (0xfcdc4003) lbu     zero, -51(s8)
core   0: 3 0x800020c0 (0xfcdc4003) mem 0x8001024a
core   0: 0x800020c4 (0x00008ed5) c.or    a3, a3
core   0: 3 0x800020c4 (0x8ed5) x13 0x00000000
core   0: 0x800020c6 (0xb5004693) xori    a3, zero, -1200
core   0: 3 0x800020c6 (0xb5004693) x13 0xfffffb50
core   0: 0x800020ca (0x01dc4683) lbu     a3, 29(s8)
core   0: 3 0x800020ca (0x01dc4683) x13 0x00000060 mem 0x8001029a
core   0: 0x800020ce (0xfc5c4383) lbu     t2, -59(s8)
core   0: 3 0x800020ce (0xfc5c4383) x 7 0x000000c3 mem 0x80010242
core   0: 0x800020d2 (0xfc1c0983) lb      s3, -63(s8)
core   0: 3 0x800020d2 (0xfc1c0983) x19 0x0000006d mem 0x8001023e
core   0: 0x800020d6 (0xfc3c0083) lb      ra, -61(s8)
core   0: 3 0x800020d6 (0xfc3c0083) x 1 0x00000074 mem 0x80010240
core   0: 0x800020da (0x006c0983) lb      s3, 6(s8)
core   0: 3 0x800020da (0x006c0983) x19 0x00000032 mem 0x80010283
core   0: 0x800020de (0x0279d033) divu    zero, s3, t2
core   0: 3 0x800020de (0x0279d033)
core   0: 0x800020e2 (0xfecc0003) lb      zero, -20(s8)
core   0: 3 0x800020e2 (0xfecc0003) mem 0x80010269
core   0: 0x800020e6 (0x004c0083) lb      ra, 4(s8)
core   0: 3 0x800020e6 (0x004c0083) x 1 0xffffffe1 mem 0x80010281
core   0: 0x800020ea (0x0279e9b3) rem     s3, s3, t2
core   0: 3 0x800020ea (0x0279e9b3) x19 0x00000032
core   0: 0x800020ee (0x30977037) lui     zero, 0x30977
core   0: 3 0x800020ee (0x30977037)
core   0: 0x800020f2 (0x013c2683) lw      a3, 19(s8)
core   0: 3 0x800020f2 (0x013c2683) x13 0x67de922f mem 0x80010290
core   0: 0x800020f6 (0x00018117) auipc   sp, 0x18
core   0: 3 0x800020f6 (0x00018117) x 2 0x8001a0f6
core   0: 0x800020fa (0x13d10113) addi    sp, sp, 317
core   0: 3 0x800020fa (0x13d10113) x 2 0x8001a233
core   0: 0x800020fe (0x02d11da3) sh      a3, 59(sp)
core   0: 3 0x800020fe (0x02d11da3) mem 0x8001a26e 0x922f
core   0: 0x80002102 (0x03b14d03) lbu     s10, 59(sp)
core   0: 3 0x80002102 (0x03b14d03) x26 0x0000002f mem 0x8001a26e
core   0: 0x80002106 (0x02510da3) sb      t0, 59(sp)
core   0: 3 0x80002106 (0x02510da3) mem 0x8001a26e 0x57
core   0: 0x8000210a (0x03b15303) lhu     t1, 59(sp)
core   0: 3 0x8000210a (0x03b15303) x 6 0x00009257 mem 0x8001a26e
core   0: 0x8000210e (0x03b15f83) lhu     t6, 59(sp)
core   0: 3 0x8000210e (0x03b15f83) x31 0x00009257 mem 0x8001a26e
core   0: 0x80002112 (0x0000841e) c.mv    s0, t2
core   0: 3 0x80002112 (0x841e) x 8 0x000000c3
core   0: 0x80002114 (0x03b10483) lb      s1, 59(sp)
core   0: 3 0x80002114 (0x03b10483) x 9 0x00000057 mem 0x8001a26e
core   0: 0x80002118 (0x03e10da3) sb      t5, 59(sp)
core   0: 3 0x80002118 (0x03e10da3) mem 0x8001a26e 0xe4
core   0: 0x8000211c (0x02211da3) sh      sp, 59(sp)
core   0: 3 0x8000211c (0x02211da3) mem 0x8001a26e 0xa233
core   0: 0x80002120 (0x03b14683) lbu     a3, 59(sp)
core   0: 3 0x80002120 (0x03b14683) x13 0x00000033 mem 0x8001a26e
core   0: 0x80002124 (0x03110da3) sb      a7, 59(sp)
core   0: 3 0x80002124 (0x03110da3) mem 0x8001a26e 0x0
core   0: 0x80002128 (0x002df733) and     a4, s11, sp
core   0: 3 0x80002128 (0x002df733) x14 0x00000013
core   0: 0x8000212c (0x03b14383) lbu     t2, 59(sp)
core   0: 3 0x8000212c (0x03b14383) x 7 0x00000000 mem 0x8001a26e
core   0: 0x80002130 (0x03c10da3) sb      t3, 59(sp)
core   0: 3 0x80002130 (0x03c10da3) mem 0x8001a26e 0x1b
core   0: 0x80002134 (0x03b15583) lhu     a1, 59(sp)
core   0: 3 0x80002134 (0x03b15583) x11 0x0000a21b mem 0x8001a26e
core   0: 0x80002138 (0x02410da3) sb      tp, 59(sp)
core   0: 3 0x80002138 (0x02410da3) mem 0x8001a26e 0x1d
core   0: 0x8000213c (0x0039d533) srl     a0, s3, gp
core   0: 3 0x8000213c (0x0039d533) x10 0x00000000
core   0: 0x80002140 (0x03b10c03) lb      s8, 59(sp)
core   0: 3 0x80002140 (0x03b10c03) x24 0x0000001d mem 0x8001a26e
core   0: 0x80002144 (0x02510da3) sb      t0, 59(sp)
core   0: 3 0x80002144 (0x02510da3) mem 0x8001a26e 0x57
core   0: 0x80002148 (0x03b10b03) lb      s6, 59(sp)
core   0: 3 0x80002148 (0x03b10b03) x22 0x00000057 mem 0x8001a26e
core   0: 0x8000214c (0x02310da3) sb      gp, 59(sp)
core   0: 3 0x8000214c (0x02310da3) mem 0x8001a26e 0x18
core   0: 0x80002150 (0x03d11da3) sh      t4, 59(sp)
core   0: 3 0x80002150 (0x03d11da3) mem 0x8001a26e 0x00e4
core   0: 0x80002154 (0x02800def) jal     s11, pc + 0x28
core   0: 3 0x80002154 (0x02800def) x27 0x80002158
core   0: 0x8000217c (0x000037ed) c.jal   pc - 22
core   0: 3 0x8000217c (0x37ed) x 1 0x8000217e
core   0: 0x80002166 (0x012000ef) jal     pc + 0x12
core   0: 3 0x80002166 (0x012000ef) x 1 0x8000216a
core   0: 0x80002178 (0xff3ff0ef) jal     pc - 0xe
core   0: 3 0x80002178 (0xff3ff0ef) x 1 0x8000217c
core   0: 0x8000216a (0x0000b7fd) c.j     pc - 18
core   0: 3 0x8000216a (0xb7fd)
core   0: 0x80002158 (0x00002021) c.jal   pc + 8
core   0: 3 0x80002158 (0x2021) x 1 0x8000215a
core   0: 0x80002160 (0x0000a839) c.j     pc + 30
core   0: 3 0x80002160 (0xa839)
core   0: 0x8000217e (0xff3ff2ef) jal     t0, pc - 0xe
core   0: 3 0x8000217e (0xff3ff2ef) x 5 0x80002182
core   0: 0x80002170 (0x00002019) c.jal   pc + 6
core   0: 3 0x80002170 (0x2019) x 1 0x80002172
core   0: 0x80002176 (0x0000b7d5) c.j     pc - 28
core   0: 3 0x80002176 (0xb7d5)
core   0: 0x8000215a (0x00002009) c.jal   pc + 2
core   0: 3 0x8000215a (0x2009) x 1 0x8000215c
core   0: 0x8000215c (0x0160076f) jal     a4, pc + 0x16
core   0: 3 0x8000215c (0x0160076f) x14 0x80002160
core   0: 0x80002172 (0x0000a009) c.j     pc + 2
core   0: 3 0x80002172 (0xa009)
core   0: 0x80002174 (0x0000bfe5) c.j     pc - 8
core   0: 3 0x80002174 (0xbfe5)
core   0: 0x8000216c (0xff9ffb6f) jal     s6, pc - 0x8
core   0: 3 0x8000216c (0xff9ffb6f) x22 0x80002170
core   0: 0x80002164 (0x0000bffd) c.j     pc - 2
core   0: 3 0x80002164 (0xbffd)
core   0: 0x80002162 (0x00002005) c.jal   pc + 32
core   0: 3 0x80002162 (0x2005) x 1 0x80002164
core   0: 0x80002182 (0x01f2ecb3) or      s9, t0, t6
core   0: 3 0x80002182 (0x01f2ecb3) x25 0x8000b3d7
core   0: 0x80002186 (0x0001f117) auipc   sp, 0x1f
core   0: 3 0x80002186 (0x0001f117) x 2 0x80021186
core   0: 0x8000218a (0x94e10113) addi    sp, sp, -1714
core   0: 3 0x8000218a (0x94e10113) x 2 0x80020ad4
core   0: 0x8000218e (0xf40108a3) sb      zero, -175(sp)
core   0: 3 0x8000218e (0xf40108a3) mem 0x80020a25 0x0
core   0: 0x80002192 (0x01c08a33) add     s4, ra, t3
core   0: 3 0x80002192 (0x01c08a33) x20 0x0001337f
core   0: 0x80002196 (0x0c9a0b93) addi    s7, s4, 201
core   0: 3 0x80002196 (0x0c9a0b93) x23 0x00013448
core   0: 0x8000219a (0x04310323) sb      gp, 70(sp)
core   0: 3 0x8000219a (0x04310323) mem 0x80020b1a 0x18
core   0: 0x8000219e (0x000066f1) c.lui   a3, 0x1c
core   0: 3 0x8000219e (0x66f1) x13 0x0001c000
core   0: 0x800021a0 (0x0000100f) fence.i
core   0: 3 0x800021a0 (0x0000100f)
core   0: 0x800021a4 (0x00008135) c.srli  a0, 13
core   0: 3 0x800021a4 (0x8135) x10 0x00000000
core   0: 0x800021a6 (0x00000001) c.nop
core   0: 3 0x800021a6 (0x0001)
core   0: 0x800021a8 (0x09810803) lb      a6, 152(sp)
core   0: 3 0x800021a8 (0x09810803) x16 0x00000048 mem 0x80020b6c
core   0: 0x800021ac (0x10012503) lw      a0, 256(sp)
core   0: 3 0x800021ac (0x10012503) x10 0x4ae71681 mem 0x80020bd4
core   0: 0x800021b0 (0xf7e11903) lh      s2, -130(sp)
core   0: 3 0x800021b0 (0xf7e11903) x18 0xffffd1b0 mem 0x80020a52
core   0: 0x800021b4 (0xbe704213) xori    tp, zero, -1049
core   0: 3 0x800021b4 (0xbe704213) x 4 0xfffffbe7
core   0: 0x800021b8 (0x97352013) slti    zero, a0, -1677
core   0: 3 0x800021b8 (0x97352013)
core   0: 0x800021bc (0x038104a3) sb      s8, 41(sp)
core   0: 3 0x800021bc (0x038104a3) mem 0x80020afd 0x1d
core   0: 0x800021c0 (0xfc810aa3) sb      s0, -43(sp)
core   0: 3 0x800021c0 (0xfc810aa3) mem 0x80020aa9 0xc3
core   0: 0x800021c4 (0x02110803) lb      a6, 33(sp)
core   0: 3 0x800021c4 (0x02110803) x16 0xffffffef mem 0x80020af5
core   0: 0x800021c8 (0x9433fc13) andi    s8, t2, -1725
core   0: 3 0x800021c8 (0x9433fc13) x24 0x00000000
core   0: 0x800021cc (0x0f914a03) lbu     s4, 249(sp)
core   0: 3 0x800021cc (0x0f914a03) x20 0x000000c4 mem 0x80020bcd
core   0: 0x800021d0 (0x0000642d) c.lui   s0, 0xb
core   0: 3 0x800021d0 (0x642d) x 8 0x0000b000
core   0: 0x800021d2 (0x0000d05a) c.swsp  s6, 32(sp)
core   0: 3 0x800021d2 (0xd05a) mem 0x80020af4 0x80002170
core   0: 0x800021d4 (0x00008d95) c.sub   a1, a3
core   0: 3 0x800021d4 (0x8d95) x11 0xfffee21b
core   0: 0x800021d6 (0xf0714903) lbu     s2, -249(sp)
core   0: 3 0x800021d6 (0xf0714903) x18 0x00000054 mem 0x800209db
core   0: 0x800021da (0x00abfeb3) and     t4, s7, a0
core   0: 3 0x800021da (0x00abfeb3) x29 0x00011400
core   0: 0x800021de (0x0b110583) lb      a1, 177(sp)
core   0: 3 0x800021de (0x0b110583) x11 0x0000004f mem 0x80020b85
core   0: 0x800021e2 (0xffa10d83) lb      s11, -6(sp)
core   0: 3 0x800021e2 (0xffa10d83) x27 0xffffffa9 mem 0x80020ace
core   0: 0x800021e6 (0x5b44b213) sltiu   tp, s1, 1460
core   0: 3 0x800021e6 (0x5b44b213) x 4 0x00000001
core   0: 0x800021ea (0x05d14c03) lbu     s8, 93(sp)
core   0: 3 0x800021ea (0x05d14c03) x24 0x00000065 mem 0x80020b31
core   0: 0x800021ee (0x08310ea3) sb      gp, 157(sp)
core   0: 3 0x800021ee (0x08310ea3) mem 0x80020b71 0x18
core   0: 0x800021f2 (0xf8b104a3) sb      a1, -119(sp)
core   0: 3 0x800021f2 (0xf8b104a3) mem 0x80020a5d 0x4f
core   0: 0x800021f6 (0x0aa14e83) lbu     t4, 170(sp)
core   0: 3 0x800021f6 (0x0aa14e83) x29 0x000000ac mem 0x80020b7e
core   0: 0x800021fa (0x00611603) lh      a2, 6(sp)
core   0: 3 0x800021fa (0x00611603) x12 0x00000000 mem 0x80020ada
core   0: 0x800021fe (0x03fea633) mulhsu  a2, t4, t6
core   0: 3 0x800021fe (0x03fea633) x12 0x00000000
core   0: 0x80002202 (0x0304e5b3) rem     a1, s1, a6
core   0: 3 0x80002202 (0x0304e5b3) x11 0x00000002
core   0: 0x80002206 (0x414c5333) sra     t1, s8, s4
core   0: 3 0x80002206 (0x414c5333) x 6 0x00000006
core   0: 0x8000220a (0xf5314683) lbu     a3, -173(sp)
core   0: 3 0x8000220a (0xf5314683) x13 0x0000006a mem 0x80020a27
core   0: 0x8000220e (0xfb010b83) lb      s7, -80(sp)
core   0: 3 0x8000220e (0xfb010b83) x23 0xffffffa9 mem 0x80020a84
core   0: 0x80002212 (0x00395233) srl     tp, s2, gp
core   0: 3 0x80002212 (0x00395233) x 4 0x00000000
core   0: 0x80002216 (0xf1714683) lbu     a3, -233(sp)
core   0: 3 0x80002216 (0xf1714683) x13 0x00000053 mem 0x800209eb
core   0: 0x8000221a (0x0ff0000f) fence   iorw,iorw
core   0: 3 0x8000221a (0x0ff0000f)
core   0: 0x8000221e (0x05e11203) lh      tp, 94(sp)
core   0: 3 0x8000221e (0x05e11203) x 4 0x0000616f mem 0x80020b32
core   0: 0x80002222 (0x035f6fb3) rem     t6, t5, s5
core   0: 3 0x80002222 (0x035f6fb3) x31 0xffffffe4
core   0: 0x80002226 (0x40172d93) slti    s11, a4, 1025
core   0: 3 0x80002226 (0x40172d93) x27 0x00000001
core   0: 0x8000222a (0xf8615b83) lhu     s7, -122(sp)
core   0: 3 0x8000222a (0xf8615b83) x23 0x000091cb mem 0x80020a5a
core   0: 0x8000222e (0x0c114183) lbu     gp, 193(sp)
core   0: 3 0x8000222e (0x0c114183) x 3 0x000000b7 mem 0x80020b95
core   0: 0x80002232 (0x002b9233) sll     tp, s7, sp
core   0: 3 0x80002232 (0x002b9233) x 4 0x1cb00000
core   0: 0x80002236 (0x09011d03) lh      s10, 144(sp)
core   0: 3 0x80002236 (0x09011d03) x26 0xfffff274 mem 0x80020b64
core   0: 0x8000223a (0x00008de1) c.and   a1, s0
core   0: 3 0x8000223a (0x8de1) x11 0x00000000
core   0: 0x8000223c (0x02664533) div     a0, a2, t1
core   0: 3 0x8000223c (0x02664533) x10 0x00000000
core   0: 0x80002240 (0x00008c75) c.and   s0, a3
core   0: 3 0x80002240 (0x8c75) x 8 0x00000000
core   0: 0x80002242 (0xf7210723) sb      s2, -146(sp)
core   0: 3 0x80002242 (0xf7210723) mem 0x80020a42 0x54
core   0: 0x80002246 (0xb1d50a13) addi    s4, a0, -1251
core   0: 3 0x80002246 (0xb1d50a13) x20 0xfffffb1d
core   0: 0x8000224a (0x00f91093) slli    ra, s2, 15
core   0: 3 0x8000224a (0x00f91093) x 1 0x002a0000
core   0: 0x8000224e (0x1771be13) sltiu   t3, gp, 375
core   0: 3 0x8000224e (0x1771be13) x28 0x00000001
core   0: 0x80002252 (0x08210283) lb      t0, 130(sp)
core   0: 3 0x80002252 (0x08210283) x 5 0x0000002c mem 0x80020b56
core   0: 0x80002256 (0x0000cc3e) c.swsp  a5, 24(sp)
core   0: 3 0x80002256 (0xcc3e) mem 0x80020aec 0x80029ce4
core   0: 0x80002258 (0xfd211d03) lh      s10, -46(sp)
core   0: 3 0x80002258 (0xfd211d03) x26 0x00002e50 mem 0x80020aa6
core   0: 0x8000225c (0xf7514183) lbu     gp, -139(sp)
core   0: 3 0x8000225c (0xf7514183) x 3 0x00000035 mem 0x80020a49
core   0: 0x80002260 (0x0001c997) auipc   s3, 0x1c
core   0: 3 0x80002260 (0x0001c997) x19 0x8001e260
core   0: 0x80002264 (0x42f98993) addi    s3, s3, 1071
core   0: 3 0x80002264 (0x42f98993) x19 0x8001e68f
core   0: 0x80002268 (0x00019417) auipc   s0, 0x19
core   0: 3 0x80002268 (0x00019417) x 8 0x8001b268
core   0: 0x8000226c (0x0e040413) addi    s0, s0, 224
core   0: 3 0x8000226c (0x0e040413) x 8 0x8001b348
core   0: 0x80002270 (0x0001bc97) auipc   s9, 0x1b
core   0: 3 0x80002270 (0x0001bc97) x25 0x8001d270
core   0: 0x80002274 (0xd84c8c93) addi    s9, s9, -636
core   0: 3 0x80002274 (0xd84c8c93) x25 0x8001cff4
core   0: 0x80002278 (0x0001aa17) auipc   s4, 0x1a
core   0: 3 0x80002278 (0x0001aa17) x20 0x8001c278
core   0: 0x8000227c (0xd49a0a13) addi    s4, s4, -695
core   0: 3 0x8000227c (0xd49a0a13) x20 0x8001bfc1
core   0: 0x80002280 (0x0129a0a3) sw      s2, 1(s3)
core   0: 3 0x80002280 (0x0129a0a3) mem 0x8001e690 0x00000054
core   0: 0x80002284 (0x0001dd97) auipc   s11, 0x1d
core   0: 3 0x80002284 (0x0001dd97) x27 0x8001f284
core   0: 0x80002288 (0xcfad8d93) addi    s11, s11, -774
core   0: 3 0x80002288 (0xcfad8d93) x27 0x8001ef7e
core   0: 0x8000228c (0xffd98f23) sb      t4, -2(s3)
core   0: 3 0x8000228c (0xffd98f23) mem 0x8001e68d 0xac
core   0: 0x80002290 (0xfd8c8283) lb      t0, -40(s9)
core   0: 3 0x80002290 (0xfd8c8283) x 5 0x00000058 mem 0x8001cfcc
core   0: 0x80002294 (0xff7a2103) lw      sp, -9(s4)
core   0: 3 0x80002294 (0xff7a2103) x 2 0xe14ed0da mem 0x8001bfb8
core   0: 0x80002298 (0xffa98203) lb      tp, -6(s3)
core   0: 3 0x80002298 (0xffa98203) x 4 0xffffffe7 mem 0x8001e689
core   0: 0x8000229c (0x03ed9e03) lh      t3, 62(s11)
core   0: 3 0x8000229c (0x03ed9e03) x28 0x00002eaa mem 0x8001efbc
core   0: 0x800022a0 (0x00641683) lh      a3, 6(s0)
core   0: 3 0x800022a0 (0x00641683) x13 0xffffbb72 mem 0x8001b34e
core   0: 0x800022a4 (0x006dc003) lbu     zero, 6(s11)
core   0: 3 0x800022a4 (0x006dc003) mem 0x8001ef84
core   0: 0x800022a8 (0x0a3cc383) lbu     t2, 163(s9)
core   0: 3 0x800022a8 (0x0a3cc383) x 7 0x00000051 mem 0x8001d097
core   0: 0x800022ac (0xff2a0903) lb      s2, -14(s4)
core   0: 3 0x800022ac (0xff2a0903) x18 0xffffffa7 mem 0x8001bfb3
core   0: 0x800022b0 (0x00898c03) lb      s8, 8(s3)
core   0: 3 0x800022b0 (0x00898c03) x24 0x0000006e mem 0x8001e697
core   0: 0x800022b4 (0x01ed8da3) sb      t5, 27(s11)
core   0: 3 0x800022b4 (0x01ed8da3) mem 0x8001ef99 0xe4
core   0: 0x800022b8 (0x004407a3) sb      tp, 15(s0)
core   0: 3 0x800022b8 (0x004407a3) mem 0x8001b357 0xe7
core   0: 0x800022bc (0x002a4183) lbu     gp, 2(s4)
core   0: 3 0x800022bc (0x002a4183) x 3 0x000000d1 mem 0x8001bfc3
core   0: 0x800022c0 (0x00aa0283) lb      t0, 10(s4)
core   0: 3 0x800022c0 (0x00aa0283) x 5 0xffffff8b mem 0x8001bfcb
core   0: 0x800022c4 (0x405cc603) lbu     a2, 1029(s9)
core   0: 3 0x800022c4 (0x405cc603) x12 0x00000059 mem 0x8001d3f9
core   0: 0x800022c8 (0xfefd8283) lb      t0, -17(s11)
core   0: 3 0x800022c8 (0xfefd8283) x 5 0x00000078 mem 0x8001ef6d
core   0: 0x800022cc (0x00940523) sb      s1, 10(s0)
core   0: 3 0x800022cc (0x00940523) mem 0x8001b352 0x57
core   0: 0x800022d0 (0xff7a0083) lb      ra, -9(s4)
core   0: 3 0x800022d0 (0xff7a0083) x 1 0xffffffda mem 0x8001bfb8
core   0: 0x800022d4 (0x00398083) lb      ra, 3(s3)
core   0: 3 0x800022d4 (0x00398083) x 1 0x00000000 mem 0x8001e692
core   0: 0x800022d8 (0x002401a3) sb      sp, 3(s0)
core   0: 3 0x800022d8 (0x002401a3) mem 0x8001b34b 0xda
core   0: 0x800022dc (0x00dd8f83) lb      t6, 13(s11)
core   0: 3 0x800022dc (0x00dd8f83) x31 0x00000045 mem 0x8001ef8b
core   0: 0x800022e0 (0xff440203) lb      tp, -12(s0)
core   0: 3 0x800022e0 (0xff440203) x 4 0x00000028 mem 0x8001b33c
core   0: 0x800022e4 (0xf34cc003) lbu     zero, -204(s9)
core   0: 3 0x800022e4 (0xf34cc003) mem 0x8001cf28
core   0: 0x800022e8 (0xff445583) lhu     a1, -12(s0)
core   0: 3 0x800022e8 (0xff445583) x11 0x0000de28 mem 0x8001b33c
core   0: 0x800022ec (0xff2a4183) lbu     gp, -14(s4)
core   0: 3 0x800022ec (0xff2a4183) x 3 0x000000a7 mem 0x8001bfb3
core   0: 0x800022f0 (0x00845f03) lhu     t5, 8(s0)
core   0: 3 0x800022f0 (0x00845f03) x30 0x000064e6 mem 0x8001b350
core   0: 0x800022f4 (0xffb44103) lbu     sp, -5(s0)
core   0: 3 0x800022f4 (0xffb44103) x 2 0x00000066 mem 0x8001b343
core   0: 0x800022f8 (0xfe798a23) sb      t2, -12(s3)
core   0: 3 0x800022f8 (0xfe798a23) mem 0x8001e683 0x51
core   0: 0x800022fc (0xd6cc9f03) lh      t5, -660(s9)
core   0: 3 0x800022fc (0xd6cc9f03) x30 0xffffb53a mem 0x8001cd60
core   0: 0x80002300 (0x001dc583) lbu     a1, 1(s11)
core   0: 3 0x80002300 (0x001dc583) x11 0x000000a8 mem 0x8001ef7f
core   0: 0x80002304 (0xff4a0b83) lb      s7, -12(s4)
core   0: 3 0x80002304 (0xff4a0b83) x23 0x00000026 mem 0x8001bfb5
core   0: 0x80002308 (0x0000e117) auipc   sp, 0xe
core   0: 3 0x80002308 (0x0000e117) x 2 0x80010308
core   0: 0x8000230c (0x61110113) addi    sp, sp, 1553
core   0: 3 0x8000230c (0x61110113) x 2 0x80010919
core   0: 0x80002310 (0x06811fa3) sh      s0, 127(sp)
core   0: 3 0x80002310 (0x06811fa3) mem 0x80010998 0xb348
core   0: 0x80002314 (0x00711583) lh      a1, 7(sp)
core   0: 3 0x80002314 (0x00711583) x11 0xffffc327 mem 0x80010920
core   0: 0x80002318 (0x04110a23) sb      ra, 84(sp)
core   0: 3 0x80002318 (0x04110a23) mem 0x8001096d 0x0
core   0: 0x8000231c (0x01914c83) lbu     s9, 25(sp)
core   0: 3 0x8000231c (0x01914c83) x25 0x0000009a mem 0x80010932
core   0: 0x80002320 (0x01911f03) lh      t5, 25(sp)
core   0: 3 0x80002320 (0x01911f03) x30 0x0000019a mem 0x80010932
core   0: 0x80002324 (0x00008e9d) c.sub   a3, a5
core   0: 3 0x80002324 (0x8e9d) x13 0x7ffd1e8e
core   0: 0x80002326 (0x00008f5d) c.or    a4, a5
core   0: 3 0x80002326 (0x8f5d) x14 0x8002bde4
core   0: 0x80002328 (0x0d5101a3) sb      s5, 195(sp)
core   0: 3 0x80002328 (0x0d5101a3) mem 0x800109dc 0x64
core   0: 0x8000232c (0x0c910423) sb      s1, 200(sp)
core   0: 3 0x8000232c (0x0c910423) mem 0x800109e1 0x57
core   0: 0x80002330 (0x04d10523) sb      a3, 74(sp)
core   0: 3 0x80002330 (0x04d10523) mem 0x80010963 0x8e
core   0: 0x80002334 (0xf7711f03) lh      t5, -137(sp)
core   0: 3 0x80002334 (0xf7711f03) x30 0x00006791 mem 0x80010890
core   0: 0x80002338 (0xf4010903) lb      s2, -192(sp)
core   0: 3 0x80002338 (0xf4010903) x18 0xffffff82 mem 0x80010859
core   0: 0x8000233c (0xf5d14703) lbu     a4, -163(sp)
core   0: 3 0x8000233c (0xf5d14703) x14 0x000000a0 mem 0x80010876
core   0: 0x80002340 (0x0000100f) fence.i
core   0: 3 0x80002340 (0x0000100f)
core   0: 0x80002344 (0xf5d15703) lhu     a4, -163(sp)
core   0: 3 0x80002344 (0xf5d15703) x14 0x000063a0 mem 0x80010876
core   0: 0x80002348 (0xd863e013) ori     zero, t2, -634
core   0: 3 0x80002348 (0xd863e013)
core   0: 0x8000234c (0x020bd733) divu    a4, s7, zero
core   0: 3 0x8000234c (0x020bd733) x14 0xffffffff
core   0: 0x80002350 (0x0b014003) lbu     zero, 176(sp)
core   0: 3 0x80002350 (0x0b014003) mem 0x800109c9
core   0: 0x80002354 (0x04c10823) sb      a2, 80(sp)
core   0: 3 0x80002354 (0x04c10823) mem 0x80010969 0x59
core   0: 0x80002358 (0x00d10aa3) sb      a3, 21(sp)
core   0: 3 0x80002358 (0x00d10aa3) mem 0x8001092e 0x8e
core   0: 0x8000235c (0x01a11aa3) sh      s10, 21(sp)
core   0: 3 0x8000235c (0x01a11aa3) mem 0x8001092e 0x2e50
core   0: 0x80002360 (0x0000f117) auipc   sp, 0xf
core   0: 3 0x80002360 (0x0000f117) x 2 0x80011360
core   0: 0x80002364 (0x9cd10113) addi    sp, sp, -1587
core   0: 3 0x80002364 (0x9cd10113) x 2 0x80010d2d
core   0: 0x80002368 (0x102da393) slti    t2, s11, 258
core   0: 3 0x80002368 (0x102da393) x 7 0x00000001
core   0: 0x8000236c (0x0d310523) sb      s3, 202(sp)
core   0: 3 0x8000236c (0x0d310523) mem 0x80010df7 0x8f
core   0: 0x80002370 (0x0c910523) sb      s1, 202(sp)
core   0: 3 0x80002370 (0x0c910523) mem 0x80010df7 0x57
core   0: 0x80002374 (0x0169c5b3) xor     a1, s3, s6
core   0: 3 0x80002374 (0x0169c5b3) x11 0x0001c7ff
core   0: 0x80002378 (0x0ca14183) lbu     gp, 202(sp)
core   0: 3 0x80002378 (0x0ca14183) x 3 0x00000057 mem 0x80010df7
core   0: 0x8000237c (0x0c510523) sb      t0, 202(sp)
core   0: 3 0x8000237c (0x0c510523) mem 0x80010df7 0x78
core   0: 0x80002380 (0x0ca10b03) lb      s6, 202(sp)
core   0: 3 0x80002380 (0x0ca10b03) x22 0x00000078 mem 0x80010df7
core   0: 0x80002384 (0x0ca10503) lb      a0, 202(sp)
core   0: 3 0x80002384 (0x0ca10503) x10 0x00000078 mem 0x80010df7
core   0: 0x80002388 (0x00000001) c.nop
core   0: 3 0x80002388 (0x0001)
core   0: 0x8000238a (0x410b5313) srai    t1, s6, 16
core   0: 3 0x8000238a (0x410b5313) x 6 0x00000000
core   0: 0x8000238e (0x02406a33) rem     s4, zero, tp
core   0: 3 0x8000238e (0x02406a33) x20 0x00000000
core   0: 0x80002392 (0x0ca14483) lbu     s1, 202(sp)
core   0: 3 0x80002392 (0x0ca14483) x 9 0x00000078 mem 0x80010df7
core   0: 0x80002396 (0x0c210523) sb      sp, 202(sp)
core   0: 3 0x80002396 (0x0c210523) mem 0x80010df7 0x2d
core   0: 0x8000239a (0x0ca10083) lb      ra, 202(sp)
core   0: 3 0x8000239a (0x0ca10083) x 1 0x0000002d mem 0x80010df7
core   0: 0x8000239e (0x0d610523) sb      s6, 202(sp)
core   0: 3 0x8000239e (0x0d610523) mem 0x80010df7 0x78
core   0: 0x800023a2 (0x00008eb9) c.xor   a3, a4
core   0: 3 0x800023a2 (0x8eb9) x13 0x8002e171
core   0: 0x800023a4 (0x0ca10283) lb      t0, 202(sp)
core   0: 3 0x800023a4 (0x0ca10283) x 5 0x00000078 mem 0x80010df7
core   0: 0x800023a8 (0x0000fa17) auipc   s4, 0xf
core   0: 3 0x800023a8 (0x0000fa17) x20 0x800113a8
core   0: 0x800023ac (0xa6da0a13) addi    s4, s4, -1427
core   0: 3 0x800023ac (0xa6da0a13) x20 0x80010e15
core   0: 0x800023b0 (0xfc8a0583) lb      a1, -56(s4)
core   0: 3 0x800023b0 (0xfc8a0583) x11 0xffffff9d mem 0x80010ddd
core   0: 0x800023b4 (0xfe1a5d03) lhu     s10, -31(s4)
core   0: 3 0x800023b4 (0xfe1a5d03) x26 0x0000787f mem 0x80010df6
core   0: 0x800023b8 (0x0001e997) auipc   s3, 0x1e
core   0: 3 0x800023b8 (0x0001e997) x19 0x800203b8
core   0: 0x800023bc (0xbfc98993) addi    s3, s3, -1028
core   0: 3 0x800023bc (0xbfc98993) x19 0x8001ffb4
core   0: 0x800023c0 (0xfc2a4283) lbu     t0, -62(s4)
core   0: 3 0x800023c0 (0xfc2a4283) x 5 0x00000012 mem 0x80010dd7
core   0: 0x800023c4 (0xfe198d83) lb      s11, -31(s3)
core   0: 3 0x800023c4 (0xfe198d83) x27 0xffffffcb mem 0x8001ff95
core   0: 0x800023c8 (0xfc5a0283) lb      t0, -59(s4)
core   0: 3 0x800023c8 (0xfc5a0283) x 5 0x00000010 mem 0x80010dda
core   0: 0x800023cc (0x03b9cc83) lbu     s9, 59(s3)
core   0: 3 0x800023cc (0x03b9cc83) x25 0x0000004d mem 0x8001ffef
core   0: 0x800023d0 (0x01699e83) lh      t4, 22(s3)
core   0: 3 0x800023d0 (0x01699e83) x29 0x00007fb4 mem 0x8001ffca
core   0: 0x800023d4 (0x001a4e03) lbu     t3, 1(s4)
core   0: 3 0x800023d4 (0x001a4e03) x28 0x00000086 mem 0x80010e16
core   0: 0x800023d8 (0xff49cc83) lbu     s9, -12(s3)
core   0: 3 0x800023d8 (0xff49cc83) x25 0x00000004 mem 0x8001ffa8
core   0: 0x800023dc (0xff1982a3) sb      a7, -27(s3)
core   0: 3 0x800023dc (0xff1982a3) mem 0x8001ff99 0x0
core   0: 0x800023e0 (0x01fa0223) sb      t6, 4(s4)
core   0: 3 0x800023e0 (0x01fa0223) mem 0x80010e19 0x45
core   0: 0x800023e4 (0xfd59cc03) lbu     s8, -43(s3)
core   0: 3 0x800023e4 (0xfd59cc03) x24 0x00000017 mem 0x8001ff89
core   0: 0x800023e8 (0x0000e117) auipc   sp, 0xe
core   0: 3 0x800023e8 (0x0000e117) x 2 0x800103e8
core   0: 0x800023ec (0x79610113) addi    sp, sp, 1942
core   0: 3 0x800023ec (0x79610113) x 2 0x80010b7e
core   0: 0x800023f0 (0x0001d917) auipc   s2, 0x1d
core   0: 3 0x800023f0 (0x0001d917) x18 0x8001f3f0
core   0: 0x800023f4 (0x5a490913) addi    s2, s2, 1444
core   0: 3 0x800023f4 (0x5a490913) x18 0x8001f994
core   0: 0x800023f8 (0x0bf94b83) lbu     s7, 191(s2)
core   0: 3 0x800023f8 (0x0bf94b83) x23 0x00000057 mem 0x8001fa53
core   0: 0x800023fc (0xfe990523) sb      s1, -22(s2)
core   0: 3 0x800023fc (0xfe990523) mem 0x8001f97e 0x78
core   0: 0x80002400 (0xff010d83) lb      s11, -16(sp)
core   0: 3 0x80002400 (0xff010d83) x27 0x0000000e mem 0x80010b6e
core   0: 0x80002404 (0x07790ca3) sb      s7, 121(s2)
core   0: 3 0x80002404 (0x07790ca3) mem 0x8001fa0d 0x57
core   0: 0x80002408 (0xff411823) sh      s4, -16(sp)
core   0: 3 0x80002408 (0xff411823) mem 0x80010b6e 0x0e15
core   0: 0x8000240c (0x05290ea3) sb      s2, 93(s2)
core   0: 3 0x8000240c (0x05290ea3) mem 0x8001f9f1 0x94
core   0: 0x80002410 (0x00b10483) lb      s1, 11(sp)
core   0: 3 0x80002410 (0x00b10483) x 9 0xffffffaa mem 0x80010b89
core   0: 0x80002414 (0x00914d83) lbu     s11, 9(sp)
core   0: 3 0x80002414 (0x00914d83) x27 0x00000008 mem 0x80010b87
core   0: 0x80002418 (0x013100a3) sb      s3, 1(sp)
core   0: 3 0x80002418 (0x013100a3) mem 0x80010b7f 0xb4
core   0: 0x8000241c (0x0f494a03) lbu     s4, 244(s2)
core   0: 3 0x8000241c (0x0f494a03) x20 0x000000d8 mem 0x8001fa88
core   0: 0x80002420 (0x00017197) auipc   gp, 0x17
core   0: 3 0x80002420 (0x00017197) x 3 0x80019420
core   0: 0x80002424 (0x26118193) addi    gp, gp, 609
core   0: 3 0x80002424 (0x26118193) x 3 0x80019681
core   0: 0x80002428 (0xf3e78593) addi    a1, a5, -194
core   0: 3 0x80002428 (0xf3e78593) x11 0x80029c22
core   0: 0x8000242c (0x00000412) c.slli  s0, 4
core   0: 3 0x8000242c (0x0412) x 8 0x001b3480
core   0: 0x8000242e (0x00008dc1) c.or    a1, s0
core   0: 3 0x8000242e (0x8dc1) x11 0x801bbca2
core   0: 0x80002430 (0x008182a3) sb      s0, 5(gp)
core   0: 3 0x80002430 (0x008182a3) mem 0x80019686 0x80
core   0: 0x80002434 (0x03e18083) lb      ra, 62(gp)
core   0: 3 0x80002434 (0x03e18083) x 1 0xffffff85 mem 0x800196bf
core   0: 0x80002438 (0x02118d83) lb      s11, 33(gp)
core   0: 3 0x80002438 (0x02118d83) x27 0xffffff8e mem 0x800196a2
core   0: 0x8000243c (0x01718123) sb      s7, 2(gp)
core   0: 3 0x8000243c (0x01718123) mem 0x80019683 0x57
core   0: 0x80002440 (0x00000001) c.nop
core   0: 3 0x80002440 (0x0001)
core   0: 0x80002442 (0x6eac4313) xori    t1, s8, 1770
core   0: 3 0x80002442 (0x6eac4313) x 6 0x000006fd
core   0: 0x80002446 (0x017df633) and     a2, s11, s7
core   0: 3 0x80002446 (0x017df633) x12 0x00000006
core   0: 0x8000244a (0x1ffd2913) slti    s2, s10, 511
core   0: 3 0x8000244a (0x1ffd2913) x18 0x00000000
core   0: 0x8000244e (0x01b5b0b3) sltu    ra, a1, s11
core   0: 3 0x8000244e (0x01b5b0b3) x 1 0x00000001
core   0: 0x80002452 (0x417703b3) sub     t2, a4, s7
core   0: 3 0x80002452 (0x417703b3) x 7 0xffffffa8
core   0: 0x80002456 (0xff218103) lb      sp, -14(gp)
core   0: 3 0x80002456 (0xff218103) x 2 0xffffffbf mem 0x80019673
core   0: 0x8000245a (0xfed1d303) lhu     t1, -19(gp)
core   0: 3 0x8000245a (0xfed1d303) x 6 0x000020ff mem 0x8001966e
core   0: 0x8000245e (0xfde19ea3) sh      t5, -35(gp)
core   0: 3 0x8000245e (0xfde19ea3) mem 0x8001965e 0x6791
core   0: 0x80002462 (0x413e0597) auipc   a1, 0x413e0
core   0: 3 0x80002462 (0x413e0597) x11 0xc13e2462
core   0: 0x80002466 (0x000063ad) c.lui   t2, 0xb
core   0: 3 0x80002466 (0x63ad) x 7 0x0000b000
core   0: 0x80002468 (0xfe91c403) lbu     s0, -23(gp)
core   0: 3 0x80002468 (0xfe91c403) x 8 0x00000087 mem 0x8001966a
core   0: 0x8000246c (0x02d1a9a3) sw      a3, 51(gp)
core   0: 3 0x8000246c (0x02d1a9a3) mem 0x800196b4 0x8002e171
core   0: 0x80002470 (0xfdc1c683) lbu     a3, -36(gp)
core   0: 3 0x80002470 (0xfdc1c683) x13 0x000000bf mem 0x8001965d
core   0: 0x80002474 (0x01700e33) add     t3, zero, s7
core   0: 3 0x80002474 (0x01700e33) x28 0x00000057
core   0: 0x80002478 (0x01d4f633) and     a2, s1, t4
core   0: 3 0x80002478 (0x01d4f633) x12 0x00007fa0
core   0: 0x8000247c (0x00f19f03) lh      t5, 15(gp)
core   0: 3 0x8000247c (0x00f19f03) x30 0x00005523 mem 0x80019690
core   0: 0x80002480 (0x0141c603) lbu     a2, 20(gp)
core   0: 3 0x80002480 (0x0141c603) x12 0x00000001 mem 0x80019695
core   0: 0x80002484 (0x000089c1) c.andi  a1, 16
core   0: 3 0x80002484 (0x89c1) x11 0x00000000
core   0: 0x80002486 (0xfe618d03) lb      s10, -26(gp)
core   0: 3 0x80002486 (0xfe618d03) x26 0xffffffa5 mem 0x80019667
core   0: 0x8000248a (0x01522eb3) slt     t4, tp, s5
core   0: 3 0x8000248a (0x01522eb3) x29 0x00000000
core   0: 0x8000248e (0x027195b3) mulh    a1, gp, t2
core   0: 3 0x8000248e (0x027195b3) x11 0xffffa801
core   0: 0x80002492 (0x01d18e83) lb      t4, 29(gp)
core   0: 3 0x80002492 (0x01d18e83) x29 0xffffff9f mem 0x8001969e
core   0: 0x80002496 (0x03200def) jal     s11, pc + 0x32
core   0: 3 0x80002496 (0x03200def) x27 0x8000249a
core   0: 0x800024c8 (0x000037e5) c.jal   pc - 24
core   0: 3 0x800024c8 (0x37e5) x 1 0x800024ca
core   0: 0x800024b0 (0x0000bffd) c.j     pc - 2
core   0: 3 0x800024b0 (0xbffd)
core   0: 0x800024ae (0x00002011) c.jal   pc + 4
core   0: 3 0x800024ae (0x2011) x 1 0x800024b0
core   0: 0x800024b2 (0x0000bfe5) c.j     pc - 8
core   0: 3 0x800024b2 (0xbfe5)
core   0: 0x800024aa (0xfffff0ef) jal     pc - 0x2
core   0: 3 0x800024aa (0xfffff0ef) x 1 0x800024ae
core   0: 0x800024a8 (0x00002039) c.jal   pc + 14
core   0: 3 0x800024a8 (0x2039) x 1 0x800024aa
core   0: 0x800024b6 (0x00002009) c.jal   pc + 2
core   0: 3 0x800024b6 (0x2009) x 1 0x800024b8
core   0: 0x800024b8 (0x000037dd) c.jal   pc - 26
core   0: 3 0x800024b8 (0x37dd) x 1 0x800024ba
core   0: 0x8000249e (0x01e000ef) jal     pc + 0x1e
core   0: 3 0x8000249e (0x01e000ef) x 1 0x800024a2
core   0: 0x800024bc (0x0000bfe5) c.j     pc - 8
core   0: 3 0x800024bc (0xbfe5)
core   0: 0x800024b4 (0x000037fd) c.jal   pc - 18
core   0: 3 0x800024b4 (0x37fd) x 1 0x800024b6
core   0: 0x800024a2 (0x0000a839) c.j     pc + 30
core   0: 3 0x800024a2 (0xa839)
core   0: 0x800024c0 (0xfdbff36f) jal     t1, pc - 0x26
core   0: 3 0x800024c0 (0xfdbff36f) x 6 0x800024c4
core   0: 0x8000249a (0x02400f6f) jal     t5, pc + 0x24
core   0: 3 0x8000249a (0x02400f6f) x30 0x8000249e
core   0: 0x800024be (0x0000b7dd) c.j     pc - 26
core   0: 3 0x800024be (0xb7dd)
core   0: 0x800024a4 (0x0000a819) c.j     pc + 22
core   0: 3 0x800024a4 (0xa819)
core   0: 0x800024ba (0x000037f5) c.jal   pc - 20
core   0: 3 0x800024ba (0x37f5) x 1 0x800024bc
core   0: 0x800024a6 (0x00002839) c.jal   pc + 30
core   0: 3 0x800024a6 (0x2839) x 1 0x800024a8
core   0: 0x800024c4 (0x006000ef) jal     pc + 0x6
core   0: 3 0x800024c4 (0x006000ef) x 1 0x800024c8
core   0: 0x800024ca (0x0000433d) c.li    t1, 15
core   0: 3 0x800024ca (0x433d) x 6 0x0000000f
core   0: 0x800024cc (0x0000e397) auipc   t2, 0xe
core   0: 3 0x800024cc (0x0000e397) x 7 0x800104cc
core   0: 0x800024d0 (0xd9238393) addi    t2, t2, -622
core   0: 3 0x800024d0 (0xd9238393) x 7 0x8001025e
core   0: 0x800024d4 (0x00012b97) auipc   s7, 0x12
core   0: 3 0x800024d4 (0x00012b97) x23 0x800144d4
core   0: 0x800024d8 (0x2f9b8b93) addi    s7, s7, 761
core   0: 3 0x800024d8 (0x2f9b8b93) x23 0x800147cd
core   0: 0x800024dc (0x0a03d903) lhu     s2, 160(t2)
core   0: 3 0x800024dc (0x0a03d903) x18 0x00005682 mem 0x800102fe
core   0: 0x800024e0 (0x008bc483) lbu     s1, 8(s7)
core   0: 3 0x800024e0 (0x008bc483) x 9 0x000000fd mem 0x800147d5
core   0: 0x800024e4 (0xfddbc703) lbu     a4, -35(s7)
core   0: 3 0x800024e4 (0xfddbc703) x14 0x000000d5 mem 0x800147aa
core   0: 0x800024e8 (0xe6238f83) lb      t6, -414(t2)
core   0: 3 0x800024e8 (0xe6238f83) x31 0x0000006c mem 0x800100c0
core   0: 0x800024ec (0x3883ca03) lbu     s4, 904(t2)
core   0: 3 0x800024ec (0x3883ca03) x20 0x00000055 mem 0x800105e6
core   0: 0x800024f0 (0x03ab8123) sb      s10, 34(s7)
core   0: 3 0x800024f0 (0x03ab8123) mem 0x800147ef 0xa5
core   0: 0x800024f4 (0xff8b92a3) sh      s8, -27(s7)
core   0: 3 0x800024f4 (0xff8b92a3) mem 0x800147b2 0x0017
core   0: 0x800024f8 (0x01cbcd83) lbu     s11, 28(s7)
core   0: 3 0x800024f8 (0x01cbcd83) x27 0x00000045 mem 0x800147e9
core   0: 0x800024fc (0x26a38403) lb      s0, 618(t2)
core   0: 3 0x800024fc (0x26a38403) x 8 0x00000040 mem 0x800104c8
core   0: 0x80002500 (0xe9338183) lb      gp, -365(t2)
core   0: 3 0x80002500 (0xe9338183) x 3 0x00000021 mem 0x800100f1
core   0: 0x80002504 (0x06a3ad03) lw      s10, 106(t2)
core   0: 3 0x80002504 (0x06a3ad03) x26 0x239170dc mem 0x800102c8
core   0: 0x80002508 (0xfc7b8323) sb      t2, -58(s7)
core   0: 3 0x80002508 (0xfc7b8323) mem 0x80014793 0x5e
core   0: 0x8000250c (0x031ba1a3) sw      a7, 35(s7)
core   0: 3 0x8000250c (0x031ba1a3) mem 0x800147f0 0x00000000
core   0: 0x80002510 (0x38b3c503) lbu     a0, 907(t2)
core   0: 3 0x80002510 (0x38b3c503) x10 0x00000078 mem 0x800105e9
core   0: 0x80002514 (0x015bafa3) sw      s5, 31(s7)
core   0: 3 0x80002514 (0x015bafa3) mem 0x800147ec 0x80025e64
core   0: 0x80002518 (0xef83dc03) lhu     s8, -264(t2)
core   0: 3 0x80002518 (0xef83dc03) x24 0x0000006e mem 0x80010156
core   0: 0x8000251c (0xfd2bcf03) lbu     t5, -46(s7)
core   0: 3 0x8000251c (0xfd2bcf03) x30 0x00000035 mem 0x8001479f
core   0: 0x80002520 (0x00017097) auipc   ra, 0x17
core   0: 3 0x80002520 (0x00017097) x 1 0x80019520
core   0: 0x80002524 (0xa6808093) addi    ra, ra, -1432
core   0: 3 0x80002524 (0xa6808093) x 1 0x80018f88
core   0: 0x80002528 (0xfe608ba3) sb      t1, -9(ra)
core   0: 3 0x80002528 (0xfe608ba3) mem 0x80018f7f 0xf
core   0: 0x8000252c (0x0000ac83) lw      s9, 0(ra)
core   0: 3 0x8000252c (0x0000ac83) x25 0x1e4e097d mem 0x80018f88
core   0: 0x80002530 (0x0000ee17) auipc   t3, 0xe
core   0: 3 0x80002530 (0x0000ee17) x28 0x80010530
core   0: 0x80002534 (0x24ee0e13) addi    t3, t3, 590
core   0: 3 0x80002534 (0x24ee0e13) x28 0x8001077e
core   0: 0x80002538 (0x01fe0403) lb      s0, 31(t3)
core   0: 3 0x80002538 (0x01fe0403) x 8 0xffffff82 mem 0x8001079d
core   0: 0x8000253c (0xffb08503) lb      a0, -5(ra)
core   0: 3 0x8000253c (0xffb08503) x10 0x00000043 mem 0x80018f83
core   0: 0x80002540 (0x023e0103) lb      sp, 35(t3)
core   0: 3 0x80002540 (0x023e0103) x 2 0xfffffff7 mem 0x800107a1
core   0: 0x80002544 (0xfcfe1423) sh      a5, -56(t3)
core   0: 3 0x80002544 (0xfcfe1423) mem 0x80010746 0x9ce4
core   0: 0x80002548 (0x00fe4e83) lbu     t4, 15(t3)
core   0: 3 0x80002548 (0x00fe4e83) x29 0x000000af mem 0x8001078d
core   0: 0x8000254c (0xfdee2003) lw      zero, -34(t3)
core   0: 3 0x8000254c (0xfdee2003) mem 0x8001075c
core   0: 0x80002550 (0x00608683) lb      a3, 6(ra)
core   0: 3 0x80002550 (0x00608683) x13 0x00000010 mem 0x80018f8e
core   0: 0x80002554 (0x013e0d83) lb      s11, 19(t3)
core   0: 3 0x80002554 (0x013e0d83) x27 0x0000005b mem 0x80010791
core   0: 0x80002558 (0x010087a3) sb      a6, 15(ra)
core   0: 3 0x80002558 (0x010087a3) mem 0x80018f97 0xef
core   0: 0x8000255c (0x002e5403) lhu     s0, 2(t3)
core   0: 3 0x8000255c (0x002e5403) x 8 0x0000ffb8 mem 0x80010780
core   0: 0x80002560 (0x00a08323) sb      a0, 6(ra)
core   0: 3 0x80002560 (0x00a08323) mem 0x80018f8e 0x43
core   0: 0x80002564 (0x0090c283) lbu     t0, 9(ra)
core   0: 3 0x80002564 (0x0090c283) x 5 0x000000bc mem 0x80018f91
core   0: 0x80002568 (0x028e2b23) sw      s0, 54(t3)
core   0: 3 0x80002568 (0x028e2b23) mem 0x800107b4 0x0000ffb8
core   0: 0x8000256c (0x002e2723) sw      sp, 14(t3)
core   0: 3 0x8000256c (0x002e2723) mem 0x8001078c 0xfffffff7
core   0: 0x80002570 (0xff709923) sh      s7, -14(ra)
core   0: 3 0x80002570 (0xff709923) mem 0x80018f7a 0x47cd
core   0: 0x80002574 (0x01c09023) sh      t3, 0(ra)
core   0: 3 0x80002574 (0x01c09023) mem 0x80018f88 0x077e
core   0: 0x80002578 (0x03ce05a3) sb      t3, 43(t3)
core   0: 3 0x80002578 (0x03ce05a3) mem 0x800107a9 0x7e
core   0: 0x8000257c (0x0000e597) auipc   a1, 0xe
core   0: 3 0x8000257c (0x0000e597) x11 0x8001057c
core   0: 0x80002580 (0x5ee58593) addi    a1, a1, 1518
core   0: 3 0x80002580 (0x5ee58593) x11 0x80010b6a
core   0: 0x80002584 (0x0065d183) lhu     gp, 6(a1)
core   0: 3 0x80002584 (0x0065d183) x 3 0x0000279c mem 0x80010b70
core   0: 0x80002588 (0xff859283) lh      t0, -8(a1)
core   0: 3 0x80002588 (0xff859283) x 5 0x0000246c mem 0x80010b62
core   0: 0x8000258c (0xff958e03) lb      t3, -7(a1)
core   0: 3 0x8000258c (0xff958e03) x28 0x00000024 mem 0x80010b63
core   0: 0x80002590 (0x36e67c93) andi    s9, a2, 878
core   0: 3 0x80002590 (0x36e67c93) x25 0x00000000
core   0: 0x80002594 (0x005cb2b3) sltu    t0, s9, t0
core   0: 3 0x80002594 (0x005cb2b3) x 5 0x00000001
core   0: 0x80002598 (0xf95e4613) xori    a2, t3, -107
core   0: 3 0x80002598 (0xf95e4613) x12 0xffffffb1
core   0: 0x8000259c (0x0192c2b3) xor     t0, t0, s9
core   0: 3 0x8000259c (0x0192c2b3) x 5 0x00000001
core   0: 0x800025a0 (0x00658603) lb      a2, 6(a1)
core   0: 3 0x800025a0 (0x00658603) x12 0xffffff9c mem 0x80010b70
core   0: 0x800025a4 (0x01d58023) sb      t4, 0(a1)
core   0: 3 0x800025a4 (0x01d58023) mem 0x80010b6a 0xaf
core   0: 0x800025a8 (0x00d5c283) lbu     t0, 13(a1)
core   0: 3 0x800025a8 (0x00d5c283) x 5 0x00000026 mem 0x80010b77
core   0: 0x800025ac (0x00009e76) c.add   t3, t4
core   0: 3 0x800025ac (0x9e76) x28 0x000000d3
core   0: 0x800025ae (0x4951e613) ori     a2, gp, 1173
core   0: 3 0x800025ae (0x4951e613) x12 0x0000279d
core   0: 0x800025b2 (0x025c82b3) mul     t0, s9, t0
core   0: 3 0x800025b2 (0x025c82b3) x 5 0x00000000
core   0: 0x800025b6 (0xffc59e23) sh      t3, -4(a1)
core   0: 3 0x800025b6 (0xffc59e23) mem 0x80010b66 0x00d3
core   0: 0x800025ba (0x0045c183) lbu     gp, 4(a1)
core   0: 3 0x800025ba (0x0045c183) x 3 0x00000015 mem 0x80010b6e
core   0: 0x800025be (0x00a5a603) lw      a2, 10(a1)
core   0: 3 0x800025be (0x00a5a603) x12 0x26bffb9a mem 0x80010b74
core   0: 0x800025c2 (0x02c1ae33) mulhsu  t3, gp, a2
core   0: 3 0x800025c2 (0x02c1ae33) x28 0x00000003
core   0: 0x800025c6 (0xff55c183) lbu     gp, -11(a1)
core   0: 3 0x800025c6 (0xff55c183) x 3 0x0000003b mem 0x80010b5f
core   0: 0x800025ca (0x5610ec97) auipc   s9, 0x5610e
core   0: 3 0x800025ca (0x5610ec97) x25 0xd61105ca
core   0: 0x800025ce (0xff558c83) lb      s9, -11(a1)
core   0: 3 0x800025ce (0xff558c83) x25 0x0000003b mem 0x80010b5f
core   0: 0x800025d2 (0xffd59823) sh      t4, -16(a1)
core   0: 3 0x800025d2 (0xffd59823) mem 0x80010b5a 0x00af
core   0: 0x800025d6 (0xffc59b23) sh      t3, -10(a1)
core   0: 3 0x800025d6 (0xffc59b23) mem 0x80010b60 0x0003
core   0: 0x800025da (0x00c58c83) lb      s9, 12(a1)
core   0: 3 0x800025da (0x00c58c83) x25 0xffffffbf mem 0x80010b76
core   0: 0x800025de (0x03c1c1b3) div     gp, gp, t3
core   0: 3 0x800025de (0x03c1c1b3) x 3 0x00000013
core   0: 0x800025e2 (0x0ff0000f) fence   iorw,iorw
core   0: 3 0x800025e2 (0x0ff0000f)
core   0: 0x800025e6 (0x0000918e) c.add   gp, gp
core   0: 3 0x800025e6 (0x918e) x 3 0x00000026
core   0: 0x800025e8 (0x00000001) c.nop
core   0: 3 0x800025e8 (0x0001)
core   0: 0x800025ea (0xfff5c603) lbu     a2, -1(a1)
core   0: 3 0x800025ea (0xfff5c603) x12 0x0000008b mem 0x80010b69
core   0: 0x800025ee (0xffa5ae83) lw      t4, -6(a1)
core   0: 3 0x800025ee (0xffa5ae83) x29 0x00d3bc83 mem 0x80010b64
core   0: 0x800025f2 (0x00958e83) lb      t4, 9(a1)
core   0: 3 0x800025f2 (0x00958e83) x29 0x0000004f mem 0x80010b73
core   0: 0x800025f6 (0xff05d603) lhu     a2, -16(a1)
core   0: 3 0x800025f6 (0xff05d603) x12 0x000000af mem 0x80010b5a
core   0: 0x800025fa (0x40c2de33) sra     t3, t0, a2
core   0: 3 0x800025fa (0x40c2de33) x28 0x00000000
core   0: 0x800025fe (0xff458183) lb      gp, -12(a1)
core   0: 3 0x800025fe (0xff458183) x 3 0xffffff98 mem 0x80010b5e
core   0: 0x80002602 (0x000011fd) c.addi  gp, -1
core   0: 3 0x80002602 (0x11fd) x 3 0xffffff97
core   0: 0x80002604 (0x01c1d2b3) srl     t0, gp, t3
core   0: 3 0x80002604 (0x01c1d2b3) x 5 0xffffff97
core   0: 0x80002608 (0x0391a1b3) mulhsu  gp, gp, s9
core   0: 3 0x80002608 (0x0391a1b3) x 3 0xffffff97
core   0: 0x8000260c (0xfe358c23) sb      gp, -8(a1)
core   0: 3 0x8000260c (0xfe358c23) mem 0x80010b62 0x97
core   0: 0x80002610 (0x039caeb3) mulhsu  t4, s9, s9
core   0: 3 0x80002610 (0x039caeb3) x29 0xffffffbf
core   0: 0x80002614 (0x03dcd1b3) divu    gp, s9, t4
core   0: 3 0x80002614 (0x03dcd1b3) x 3 0x00000001
core   0: 0x80002618 (0xffd58ca3) sb      t4, -7(a1)
core   0: 3 0x80002618 (0xffd58ca3) mem 0x80010b63 0xbf
core   0: 0x8000261c (0x0095ce03) lbu     t3, 9(a1)
core   0: 3 0x8000261c (0x0095ce03) x28 0x0000004f mem 0x80010b73
core   0: 0x80002620 (0x02cc82b3) mul     t0, s9, a2
core   0: 3 0x80002620 (0x02cc82b3) x 5 0xffffd391
core   0: 0x80002624 (0x02c1b2b3) mulhu   t0, gp, a2
core   0: 3 0x80002624 (0x02c1b2b3) x 5 0x00000000
core   0: 0x80002628 (0x000082e6) c.mv    t0, s9
core   0: 3 0x80002628 (0x82e6) x 5 0xffffffbf
core   0: 0x8000262a (0xfe358823) sb      gp, -16(a1)
core   0: 3 0x8000262a (0xfe358823) mem 0x80010b5a 0x1
core   0: 0x8000262e (0xff258c83) lb      s9, -14(a1)
core   0: 3 0x8000262e (0xff258c83) x25 0x0000000d mem 0x80010b5c
core   0: 0x80002632 (0x0055cc83) lbu     s9, 5(a1)
core   0: 3 0x80002632 (0x0055cc83) x25 0x0000000e mem 0x80010b6f
core   0: 0x80002636 (0x003586a3) sb      gp, 13(a1)
core   0: 3 0x80002636 (0x003586a3) mem 0x80010b77 0x1
core   0: 0x8000263a (0x5071a193) slti    gp, gp, 1287
core   0: 3 0x8000263a (0x5071a193) x 3 0x00000001
core   0: 0x8000263e (0x01d5a323) sw      t4, 6(a1)
core   0: 3 0x8000263e (0x01d5a323) mem 0x80010b70 0xffffffbf
core   0: 0x80002642 (0xb95e6293) ori     t0, t3, -1131
core   0: 3 0x80002642 (0xb95e6293) x 5 0xfffffbdf
core   0: 0x80002646 (0xffa58c83) lb      s9, -6(a1)
core   0: 3 0x80002646 (0xffa58c83) x25 0xffffff83 mem 0x80010b64
core   0: 0x8000264a (0x0105ce83) lbu     t4, 16(a1)
core   0: 3 0x8000264a (0x0105ce83) x29 0x00000000 mem 0x80010b7a
core   0: 0x8000264e (0x00016997) auipc   s3, 0x16
core   0: 3 0x8000264e (0x00016997) x19 0x8001864e
core   0: 0x80002652 (0x4b098993) addi    s3, s3, 1200
core   0: 3 0x80002652 (0x4b098993) x19 0x80018afe
core   0: 0x80002656 (0xff198083) lb      ra, -15(s3)
core   0: 3 0x80002656 (0xff198083) x 1 0x00000054 mem 0x80018aef
core   0: 0x8000265a (0x00016c17) auipc   s8, 0x16
core   0: 3 0x8000265a (0x00016c17) x24 0x8001865a
core   0: 0x8000265e (0x7ddc0c13) addi    s8, s8, 2013
core   0: 3 0x8000265e (0x7ddc0c13) x24 0x80018e37
core   0: 0x80002662 (0xff39c103) lbu     sp, -13(s3)
core   0: 3 0x80002662 (0xff39c103) x 2 0x000000c7 mem 0x80018af1
core   0: 0x80002666 (0x00012f97) auipc   t6, 0x12
core   0: 3 0x80002666 (0x00012f97) x31 0x80014666
core   0: 0x8000266a (0xe8df8f93) addi    t6, t6, -371
core   0: 3 0x8000266a (0xe8df8f93) x31 0x800144f3
core   0: 0x8000266e (0xf42c0183) lb      gp, -190(s8)
core   0: 3 0x8000266e (0xf42c0183) x 3 0xffffff82 mem 0x80018d79
core   0: 0x80002672 (0x00013f17) auipc   t5, 0x13
core   0: 3 0x80002672 (0x00013f17) x30 0x80015672
core   0: 0x80002676 (0xf55f0f13) addi    t5, t5, -171
core   0: 3 0x80002676 (0xf55f0f13) x30 0x800155c7
core   0: 0x8000267a (0xff2fa4a3) sw      s2, -23(t6)
core   0: 3 0x8000267a (0xff2fa4a3) mem 0x800144dc 0x00005682
core   0: 0x8000267e (0xfa8f0203) lb      tp, -88(t5)
core   0: 3 0x8000267e (0xfa8f0203) x 4 0xffffff97 mem 0x8001556f
core   0: 0x80002682 (0xffd98b83) lb      s7, -3(s3)
core   0: 3 0x80002682 (0xffd98b83) x23 0x0000000e mem 0x80018afb
core   0: 0x80002686 (0x028c0503) lb      a0, 40(s8)
core   0: 3 0x80002686 (0x028c0503) x10 0x00000077 mem 0x80018e5f
core   0: 0x8000268a (0xfedfd383) lhu     t2, -19(t6)
core   0: 3 0x8000268a (0xfedfd383) x 7 0x0000cbe7 mem 0x800144e0
core   0: 0x8000268e (0xf33c26a3) sw      s3, -211(s8)
core   0: 3 0x8000268e (0xf33c26a3) mem 0x80018d64 0x80018afe
core   0: 0x80002692 (0x00efa2a3) sw      a4, 5(t6)
core   0: 3 0x80002692 (0x00efa2a3) mem 0x800144f8 0x000000d5
core   0: 0x80002696 (0xf2ff4103) lbu     sp, -209(t5)
core   0: 3 0x80002696 (0xf2ff4103) x 2 0x000000af mem 0x800154f6
core   0: 0x8000269a (0x0009d703) lhu     a4, 0(s3)
core   0: 3 0x8000269a (0x0009d703) x14 0x000072f4 mem 0x80018afe
core   0: 0x8000269e (0x037f8103) lb      sp, 55(t6)
core   0: 3 0x8000269e (0x037f8103) x 2 0xffffffa5 mem 0x8001452a
core   0: 0x800026a2 (0x0a9f2583) lw      a1, 169(t5)
core   0: 3 0x800026a2 (0x0a9f2583) x11 0x95884be2 mem 0x80015670
core   0: 0x800026a6 (0xfc8f1fa3) sh      s0, -33(t5)
core   0: 3 0x800026a6 (0xfc8f1fa3) mem 0x800155a6 0xffb8
core   0: 0x800026aa (0x007984a3) sb      t2, 9(s3)
core   0: 3 0x800026aa (0x007984a3) mem 0x80018b07 0xe7
core   0: 0x800026ae (0x00999323) sh      s1, 6(s3)
core   0: 3 0x800026ae (0x00999323) mem 0x80018b04 0x00fd
core   0: 0x800026b2 (0xf5af4383) lbu     t2, -166(t5)
core   0: 3 0x800026b2 (0xf5af4383) x 7 0x00000025 mem 0x80015521
core   0: 0x800026b6 (0xf49c0f23) sb      s1, -162(s8)
core   0: 3 0x800026b6 (0xf49c0f23) mem 0x80018d95 0xfd
core   0: 0x800026ba (0x09ff5503) lhu     a0, 159(t5)
core   0: 3 0x800026ba (0x09ff5503) x10 0x00002d85 mem 0x80015666
core   0: 0x800026be (0xfe1fac83) lw      s9, -31(t6)
core   0: 3 0x800026be (0xfe1fac83) x25 0x3b8c42d8 mem 0x800144d4
core   0: 0x800026c2 (0xffd98603) lb      a2, -3(s3)
core   0: 3 0x800026c2 (0xffd98603) x12 0x0000000e mem 0x80018afb
core   0: 0x800026c6 (0xf52f4e83) lbu     t4, -174(t5)
core   0: 3 0x800026c6 (0xf52f4e83) x29 0x0000009e mem 0x80015519
core   0: 0x800026ca (0xfdbf92a3) sh      s11, -59(t6)
core   0: 3 0x800026ca (0xfdbf92a3) mem 0x800144b8 0x005b
core   0: 0x800026ce (0x069f2b83) lw      s7, 105(t5)
core   0: 3 0x800026ce (0x069f2b83) x23 0x3e249225 mem 0x80015630
core   0: 0x800026d2 (0x049c2703) lw      a4, 73(s8)
core   0: 3 0x800026d2 (0x049c2703) x14 0x4af8ccc7 mem 0x80018e80
core   0: 0x800026d6 (0xffef8423) sb      t5, -24(t6)
core   0: 3 0x800026d6 (0xffef8423) mem 0x800144db 0xc7
core   0: 0x800026da (0x01af4a03) lbu     s4, 26(t5)
core   0: 3 0x800026da (0x01af4a03) x20 0x0000008c mem 0x800155e1
core   0: 0x800026de (0x00cfcc83) lbu     s9, 12(t6)
core   0: 3 0x800026de (0x00cfcc83) x25 0x00000032 mem 0x800144ff
core   0: 0x800026e2 (0x030f8403) lb      s0, 48(t6)
core   0: 3 0x800026e2 (0x030f8403) x 8 0xffffff92 mem 0x80014523
core   0: 0x800026e6 (0xff600693) li      a3, -10
core   0: 3 0x800026e6 (0xff600693) x13 0xfffffff6
core   0: 0x800026ea (0xff900413) li      s0, -7
core   0: 3 0x800026ea (0xff900413) x 8 0xfffffff9
core   0: 0x800026ee (0x0000100f) fence.i
core   0: 3 0x800026ee (0x0000100f)
core   0: 0x800026f2 (0x7e236c93) ori     s9, t1, 2018
core   0: 3 0x800026f2 (0x7e236c93) x25 0x000007ef
core   0: 0x800026f6 (0x01a60533) add     a0, a2, s10
core   0: 3 0x800026f6 (0x01a60533) x10 0x239170ea
core   0: 0x800026fa (0x020f6233) rem     tp, t5, zero
core   0: 3 0x800026fa (0x020f6233) x 4 0x800155c7
core   0: 0x800026fe (0x02033eb3) mulhu   t4, t1, zero
core   0: 3 0x800026fe (0x02033eb3) x29 0x00000000
core   0: 0x80002702 (0x00006295) c.lui   t0, 0x5
core   0: 3 0x80002702 (0x6295) x 5 0x00005000
core   0: 0x80002704 (0x0368b0b3) mulhu   ra, a7, s6
core   0: 3 0x80002704 (0x0368b0b3) x 1 0x00000000
core   0: 0x80002708 (0x01b02733) slt     a4, zero, s11
core   0: 3 0x80002708 (0x01b02733) x14 0x00000001
core   0: 0x8000270c (0x000006a9) c.addi  a3, 10
core   0: 3 0x8000270c (0x06a9) x13 0x00000000
core   0: 0x8000270e (0x00008241) c.srli  a2, 16
core   0: 3 0x8000270e (0x8241) x12 0x00000000
core   0: 0x80002710 (0x6b6b6513) ori     a0, s6, 1718
core   0: 3 0x80002710 (0x6b6b6513) x10 0x000006fe
core   0: 0x80002714 (0x029b74b3) remu    s1, s6, s1
core   0: 3 0x80002714 (0x029b74b3) x 9 0x00000078
core   0: 0x80002718 (0xfe86c5e3) blt     a3, s0, pc - 22
core   0: 3 0x80002718 (0xfe86c5e3)
core   0: 0x8000271c (0x00000faa) c.slli  t6, 10
core   0: 3 0x8000271c (0x0faa) x31 0x0513cc00
core   0: 0x8000271e (0x0000e117) auipc   sp, 0xe
core   0: 3 0x8000271e (0x0000e117) x 2 0x8001071e
core   0: 0x80002722 (0x06f10113) addi    sp, sp, 111
core   0: 3 0x80002722 (0x06f10113) x 2 0x8001078d
core   0: 0x80002726 (0xff010303) lb      t1, -16(sp)
core   0: 3 0x80002726 (0xff010303) x 6 0x00000074 mem 0x8001077d
core   0: 0x8000272a (0xff010803) lb      a6, -16(sp)
core   0: 3 0x8000272a (0xff010803) x16 0x00000074 mem 0x8001077d
core   0: 0x8000272e (0xff014b03) lbu     s6, -16(sp)
core   0: 3 0x8000272e (0xff014b03) x22 0x00000074 mem 0x8001077d
core   0: 0x80002732 (0xff014303) lbu     t1, -16(sp)
core   0: 3 0x80002732 (0xff014303) x 6 0x00000074 mem 0x8001077d
core   0: 0x80002736 (0xed137d13) andi    s10, t1, -303
core   0: 3 0x80002736 (0xed137d13) x26 0x00000050
core   0: 0x8000273a (0x01f10223) sb      t6, 4(sp)
core   0: 3 0x8000273a (0x01f10223) mem 0x80010791 0x0
core   0: 0x8000273e (0xfe4109a3) sb      tp, -13(sp)
core   0: 3 0x8000273e (0xfe4109a3) mem 0x80010780 0xc7
core   0: 0x80002742 (0x01c30733) add     a4, t1, t3
core   0: 3 0x80002742 (0x01c30733) x14 0x000000c3
core   0: 0x80002746 (0x40b65bb3) sra     s7, a2, a1
core   0: 3 0x80002746 (0x40b65bb3) x23 0x00000000
core   0: 0x8000274a (0xff315a03) lhu     s4, -13(sp)
core   0: 3 0x8000274a (0xff315a03) x20 0x0000ffc7 mem 0x80010780
core   0: 0x8000274e (0x00514003) lbu     zero, 5(sp)
core   0: 3 0x8000274e (0x00514003) mem 0x80010792
core   0: 0x80002752 (0x00000001) c.nop
core   0: 3 0x80002752 (0x0001)
core   0: 0x80002754 (0xffc10923) sb      t3, -14(sp)
core   0: 3 0x80002754 (0xffc10923) mem 0x8001077f 0x4f
core   0: 0x80002758 (0xff210803) lb      a6, -14(sp)
core   0: 3 0x80002758 (0xff210803) x16 0x0000004f mem 0x8001077f
core   0: 0x8000275c (0xff210703) lb      a4, -14(sp)
core   0: 3 0x8000275c (0xff210703) x14 0x0000004f mem 0x8001077f
core   0: 0x80002760 (0x400bdd93) srai    s11, s7, 0
core   0: 3 0x80002760 (0x400bdd93) x27 0x00000000
core   0: 0x80002764 (0xff214403) lbu     s0, -14(sp)
core   0: 3 0x80002764 (0xff214403) x 8 0x0000004f mem 0x8001077f
core   0: 0x80002768 (0xffd15e03) lhu     t3, -3(sp)
core   0: 3 0x80002768 (0xffd15e03) x28 0x0000c168 mem 0x8001078a
core   0: 0x8000276c (0x01600def) jal     s11, pc + 0x16
core   0: 3 0x8000276c (0x01600def) x27 0x80002770
core   0: 0x80002782 (0x0000a809) c.j     pc + 18
core   0: 3 0x80002782 (0xa809)
core   0: 0x80002794 (0x00002029) c.jal   pc + 10
core   0: 3 0x80002794 (0x2029) x 1 0x80002796
core   0: 0x8000279e (0x000037fd) c.jal   pc - 18
core   0: 3 0x8000279e (0x37fd) x 1 0x800027a0
core   0: 0x8000278c (0xfffff0ef) jal     pc - 0x2
core   0: 3 0x8000278c (0xfffff0ef) x 1 0x80002790
core   0: 0x8000278a (0x00002019) c.jal   pc + 6
core   0: 3 0x8000278a (0x2019) x 1 0x8000278c
core   0: 0x80002790 (0x0000a019) c.j     pc + 6
core   0: 3 0x80002790 (0xa019)
core   0: 0x80002796 (0x00003ff9) c.jal   pc - 34
core   0: 3 0x80002796 (0x3ff9) x 1 0x80002798
core   0: 0x80002774 (0x00002021) c.jal   pc + 8
core   0: 3 0x80002774 (0x2021) x 1 0x80002776
core   0: 0x8000277c (0x016000ef) jal     pc + 0x16
core   0: 3 0x8000277c (0x016000ef) x 1 0x80002780
core   0: 0x80002792 (0x0000a019) c.j     pc + 6
core   0: 3 0x80002792 (0xa019)
core   0: 0x80002798 (0xff1ff36f) jal     t1, pc - 0x10
core   0: 3 0x80002798 (0xff1ff36f) x 6 0x8000279c
core   0: 0x80002788 (0x00003ffd) c.jal   pc - 2
core   0: 3 0x80002788 (0x3ffd) x 1 0x8000278a
core   0: 0x80002786 (0x0000bfed) c.j     pc - 6
core   0: 3 0x80002786 (0xbfed)
core   0: 0x80002780 (0x00003fc5) c.jal   pc - 16
core   0: 3 0x80002780 (0x3fc5) x 1 0x80002782
core   0: 0x80002770 (0x03000f6f) jal     t5, pc + 0x30
core   0: 3 0x80002770 (0x03000f6f) x30 0x80002774
core   0: 0x800027a0 (0x0000bfd9) c.j     pc - 42
core   0: 3 0x800027a0 (0xbfd9)
core   0: 0x80002776 (0x0260036f) jal     t1, pc + 0x26
core   0: 3 0x80002776 (0x0260036f) x 6 0x8000277a
core   0: 0x8000279c (0x0000b7e5) c.j     pc - 24
core   0: 3 0x8000279c (0xb7e5)
core   0: 0x80002784 (0x00003fdd) c.jal   pc - 10
core   0: 3 0x80002784 (0x3fdd) x 1 0x80002786
core   0: 0x8000277a (0x00002025) c.jal   pc + 40
core   0: 3 0x8000277a (0x2025) x 1 0x8000277c
core   0: 0x800027a2 (0x41d05b93) srai    s7, zero, 29
core   0: 3 0x800027a2 (0x41d05b93) x23 0x00000000
core   0: 0x800027a6 (0x0001a117) auipc   sp, 0x1a
core   0: 3 0x800027a6 (0x0001a117) x 2 0x8001c7a6
core   0: 0x800027aa (0x69e10113) addi    sp, sp, 1694
core   0: 3 0x800027aa (0x69e10113) x 2 0x8001ce44
core   0: 0x800027ae (0x0001ee97) auipc   t4, 0x1e
core   0: 3 0x800027ae (0x0001ee97) x29 0x800207ae
core   0: 0x800027b2 (0xa51e8e93) addi    t4, t4, -1455
core   0: 3 0x800027b2 (0xa51e8e93) x29 0x800201ff
core   0: 0x800027b6 (0x04210c83) lb      s9, 66(sp)
core   0: 3 0x800027b6 (0x04210c83) x25 0x00000044 mem 0x8001ce86
core   0: 0x800027ba (0x00be9c03) lh      s8, 11(t4)
core   0: 3 0x800027ba (0x00be9c03) x24 0x00000388 mem 0x8002020a
core   0: 0x800027be (0xfa510703) lb      a4, -91(sp)
core   0: 3 0x800027be (0xfa510703) x14 0x00000023 mem 0x8001cde9
core   0: 0x800027c2 (0xfe3ea8a3) sw      gp, -15(t4)
core   0: 3 0x800027c2 (0xfe3ea8a3) mem 0x800201f0 0xffffff82
core   0: 0x800027c6 (0x0ed10283) lb      t0, 237(sp)
core   0: 3 0x800027c6 (0x0ed10283) x 5 0xffffffcd mem 0x8001cf31
core   0: 0x800027ca (0xffbe8823) sb      s11, -16(t4)
core   0: 3 0x800027ca (0xffbe8823) mem 0x800201ef 0x70
core   0: 0x800027ce (0x00016d17) auipc   s10, 0x16
core   0: 3 0x800027ce (0x00016d17) x26 0x800187ce
core   0: 0x800027d2 (0x18dd0d13) addi    s10, s10, 397
core   0: 3 0x800027d2 (0x18dd0d13) x26 0x8001895b
core   0: 0x800027d6 (0xfeae8823) sb      a0, -16(t4)
core   0: 3 0x800027d6 (0xfeae8823) mem 0x800201ef 0xfe
core   0: 0x800027da (0x94bd5703) lhu     a4, -1717(s10)
core   0: 3 0x800027da (0x94bd5703) x14 0x00002907 mem 0x800182a6
core   0: 0x800027de (0xfa815c83) lhu     s9, -88(sp)
core   0: 3 0x800027de (0xfa815c83) x25 0x0000ca1f mem 0x8001cdec
core   0: 0x800027e2 (0xd82d4303) lbu     t1, -638(s10)
core   0: 3 0x800027e2 (0xd82d4303) x 6 0x00000010 mem 0x800186dd
core   0: 0x800027e6 (0xffbecb83) lbu     s7, -5(t4)
core   0: 3 0x800027e6 (0xffbecb83) x23 0x0000009d mem 0x800201fa
core   0: 0x800027ea (0xf8ad4f83) lbu     t6, -118(s10)
core   0: 3 0x800027ea (0xf8ad4f83) x31 0x0000005e mem 0x800188e5
core   0: 0x800027ee (0xfe010ba3) sb      zero, -9(sp)
core   0: 3 0x800027ee (0xfe010ba3) mem 0x8001ce3b 0x0
core   0: 0x800027f2 (0x14bd5683) lhu     a3, 331(s10)
core   0: 3 0x800027f2 (0x14bd5683) x13 0x0000f1a3 mem 0x80018aa6
core   0: 0x800027f6 (0x000e8703) lb      a4, 0(t4)
core   0: 3 0x800027f6 (0x000e8703) x14 0xffffffbf mem 0x800201ff
core   0: 0x800027fa (0x002e82a3) sb      sp, 5(t4)
core   0: 3 0x800027fa (0x002e82a3) mem 0x80020204 0x44
core   0: 0x800027fe (0x642d0a23) sb      sp, 1620(s10)
core   0: 3 0x800027fe (0x642d0a23) mem 0x80018faf 0x44
core   0: 0x80002802 (0xfe714703) lbu     a4, -25(sp)
core   0: 3 0x80002802 (0xfe714703) x14 0x000000da mem 0x8001ce2b
core   0: 0x80002806 (0x00ae8983) lb      s3, 10(t4)
core   0: 3 0x80002806 (0x00ae8983) x19 0x00000037 mem 0x80020209
core   0: 0x8000280a (0xb5fd5b03) lhu     s6, -1185(s10)
core   0: 3 0x8000280a (0xb5fd5b03) x22 0x0000740f mem 0x800184ba
core   0: 0x8000280e (0x0f2107a3) sb      s2, 239(sp)
core   0: 3 0x8000280e (0x0f2107a3) mem 0x8001cf33 0x82
core   0: 0x80002812 (0x007e96a3) sh      t2, 13(t4)
core   0: 3 0x80002812 (0x007e96a3) mem 0x8002020c 0x0025
core   0: 0x80002816 (0x00010117) auipc   sp, 0x10
core   0: 3 0x80002816 (0x00010117) x 2 0x80012816
core   0: 0x8000281a (0x34210113) addi    sp, sp, 834
core   0: 3 0x8000281a (0x34210113) x 2 0x80012b58
core   0: 0x8000281e (0xffb14603) lbu     a2, -5(sp)
core   0: 3 0x8000281e (0xffb14603) x12 0x0000004f mem 0x80012b53
core   0: 0x80002822 (0x00009bb2) c.add   s7, a2
core   0: 3 0x80002822 (0x9bb2) x23 0x000000ec
core   0: 0x80002824 (0x00000b96) c.slli  s7, 5
core   0: 3 0x80002824 (0x0b96) x23 0x00001d80
core   0: 0x80002826 (0xff410b83) lb      s7, -12(sp)
core   0: 3 0x80002826 (0xff410b83) x23 0x0000004e mem 0x80012b4c
core   0: 0x8000282a (0x0000100f) fence.i
core   0: 3 0x8000282a (0x0000100f)
core   0: 0x8000282e (0xff314603) lbu     a2, -13(sp)
core   0: 3 0x8000282e (0xff314603) x12 0x00000048 mem 0x80012b4b
core   0: 0x80002832 (0x0000100f) fence.i
core   0: 3 0x80002832 (0x0000100f)
core   0: 0x80002836 (0x00510583) lb      a1, 5(sp)
core   0: 3 0x80002836 (0x00510583) x11 0x00000055 mem 0x80012b5d
core   0: 0x8000283a (0x00e100a3) sb      a4, 1(sp)
core   0: 3 0x8000283a (0x00e100a3) mem 0x80012b59 0xda
core   0: 0x8000283e (0x0000577d) c.li    a4, -1
core   0: 3 0x8000283e (0x577d) x14 0xffffffff
core   0: 0x80002840 (0x02c07bb3) remu    s7, zero, a2
core   0: 3 0x80002840 (0x02c07bb3) x23 0x00000000
core   0: 0x80002844 (0x00e10723) sb      a4, 14(sp)
core   0: 3 0x80002844 (0x00e10723) mem 0x80012b66 0xff
core   0: 0x80002848 (0x00110003) lb      zero, 1(sp)
core   0: 3 0x80002848 (0x00110003) mem 0x80012b59
core   0: 0x8000284c (0xc048bb97) auipc   s7, 0xc048b
core   0: 3 0x8000284c (0xc048bb97) x23 0x4048d84c
core   0: 0x80002850 (0x00c02033) slt     zero, zero, a2
core   0: 3 0x80002850 (0x00c02033)
core   0: 0x80002854 (0x009bd733) srl     a4, s7, s1
core   0: 3 0x80002854 (0x009bd733) x14 0x00000040
core   0: 0x80002858 (0x00004589) c.li    a1, 2
core   0: 3 0x80002858 (0x4589) x11 0x00000002
core   0: 0x8000285a (0x0000167d) c.addi  a2, -1
core   0: 3 0x8000285a (0x167d) x12 0x00000047
core   0: 0x8000285c (0x02959033) mulh    zero, a1, s1
core   0: 3 0x8000285c (0x02959033)
core   0: 0x80002860 (0x0ff0000f) fence   iorw,iorw
core   0: 3 0x80002860 (0x0ff0000f)
core   0: 0x80002864 (0xba900013) li      zero, -1111
core   0: 3 0x80002864 (0xba900013)
core   0: 0x80002868 (0x00910b83) lb      s7, 9(sp)
core   0: 3 0x80002868 (0x00910b83) x23 0xffffffc5 mem 0x80012b61
core   0: 0x8000286c (0x00000001) c.nop
core   0: 3 0x8000286c (0x0001)
core   0: 0x8000286e (0xffb14483) lbu     s1, -5(sp)
core   0: 3 0x8000286e (0xffb14483) x 9 0x0000004f mem 0x80012b53
core   0: 0x80002872 (0xff714603) lbu     a2, -9(sp)
core   0: 3 0x80002872 (0xff714603) x12 0x0000005f mem 0x80012b4f
core   0: 0x80002876 (0x029ba4b3) mulhsu  s1, s7, s1
core   0: 3 0x80002876 (0x029ba4b3) x 9 0xffffffff
core   0: 0x8000287a (0xff714603) lbu     a2, -9(sp)
core   0: 3 0x8000287a (0xff714603) x12 0x0000005f mem 0x80012b4f
core   0: 0x8000287e (0x00a10b83) lb      s7, 10(sp)
core   0: 3 0x8000287e (0x00a10b83) x23 0xffffffe9 mem 0x80012b62
core   0: 0x80002882 (0x40e60033) sub     zero, a2, a4
core   0: 3 0x80002882 (0x40e60033)
core   0: 0x80002886 (0xff610003) lb      zero, -10(sp)
core   0: 3 0x80002886 (0xff610003) mem 0x80012b4e
core   0: 0x8000288a (0x00471613) slli    a2, a4, 4
core   0: 3 0x8000288a (0x00471613) x12 0x00000400
core   0: 0x8000288e (0xffa10703) lb      a4, -6(sp)
core   0: 3 0x8000288e (0xffa10703) x14 0xffffffb3 mem 0x80012b52
core   0: 0x80002892 (0x0000c05e) c.swsp  s7, 0(sp)
core   0: 3 0x80002892 (0xc05e) mem 0x80012b58 0xffffffe9
core   0: 0x80002894 (0xff310b83) lb      s7, -13(sp)
core   0: 3 0x80002894 (0xff310b83) x23 0x00000048 mem 0x80012b4b
core   0: 0x80002898 (0x00c00bb3) add     s7, zero, a2
core   0: 3 0x80002898 (0x00c00bb3) x23 0x00000400
core   0: 0x8000289c (0x00211583) lh      a1, 2(sp)
core   0: 3 0x8000289c (0x00211583) x11 0xffffffff mem 0x80012b5a
core   0: 0x800028a0 (0x0000e217) auipc   tp, 0xe
core   0: 3 0x800028a0 (0x0000e217) x 4 0x800108a0
core   0: 0x800028a4 (0x5ab20213) addi    tp, tp, 1451
core   0: 3 0x800028a4 (0x5ab20213) x 4 0x80010e4b
core   0: 0x800028a8 (0x0ac24f03) lbu     t5, 172(tp)
core   0: 3 0x800028a8 (0x0ac24f03) x30 0x000000b9 mem 0x80010ef7
core   0: 0x800028ac (0x01d226a3) sw      t4, 13(tp)
core   0: 3 0x800028ac (0x01d226a3) mem 0x80010e58 0x800201ff
core   0: 0x800028b0 (0x00d25683) lhu     a3, 13(tp)
core   0: 3 0x800028b0 (0x00d25683) x13 0x000001ff mem 0x80010e58
core   0: 0x800028b4 (0x00d21583) lh      a1, 13(tp)
core   0: 3 0x800028b4 (0x00d21583) x11 0x000001ff mem 0x80010e58
core   0: 0x800028b8 (0x00d22103) lw      sp, 13(tp)
core   0: 3 0x800028b8 (0x00d22103) x 2 0x800201ff mem 0x80010e58
core   0: 0x800028bc (0xf6420603) lb      a2, -156(tp)
core   0: 3 0x800028bc (0xf6420603) x12 0x00000078 mem 0x80010daf
core   0: 0x800028c0 (0xcf746cb7) lui     s9, 0xcf746
core   0: 3 0x800028c0 (0xcf746cb7) x25 0xcf746000
core   0: 0x800028c4 (0xf7120223) sb      a7, -156(tp)
core   0: 3 0x800028c4 (0xf7120223) mem 0x80010daf 0x0
core   0: 0x800028c8 (0xf2721c83) lh      s9, -217(tp)
core   0: 3 0x800028c8 (0xf2721c83) x25 0x00006c67 mem 0x80010d72
core   0: 0x800028cc (0x09d21803) lh      a6, 157(tp)
core   0: 3 0x800028cc (0x09d21803) x16 0xffffe1cf mem 0x80010ee8
core   0: 0x800028d0 (0x09a22ea3) sw      s10, 157(tp)
core   0: 3 0x800028d0 (0x09a22ea3) mem 0x80010ee8 0x8001895b
core   0: 0x800028d4 (0xf6b201a3) sb      a1, -157(tp)
core   0: 3 0x800028d4 (0xf6b201a3) mem 0x80010dae 0xff
core   0: 0x800028d8 (0xf6321c03) lh      s8, -157(tp)
core   0: 3 0x800028d8 (0xf6321c03) x24 0x000000ff mem 0x80010dae
core   0: 0x800028dc (0xfe320603) lb      a2, -29(tp)
core   0: 3 0x800028dc (0xfe320603) x12 0x00000048 mem 0x80010e2e
core   0: 0x800028e0 (0x0d321d83) lh      s11, 211(tp)
core   0: 3 0x800028e0 (0x0d321d83) x27 0xffff9470 mem 0x80010f1e
core   0: 0x800028e4 (0x0d321003) lh      zero, 211(tp)
core   0: 3 0x800028e4 (0x0d321003) mem 0x80010f1e
core   0: 0x800028e8 (0x0d325983) lhu     s3, 211(tp)
core   0: 3 0x800028e8 (0x0d325983) x19 0x00009470 mem 0x80010f1e
core   0: 0x800028ec (0x0f820983) lb      s3, 248(tp)
core   0: 3 0x800028ec (0x0f820983) x19 0x00000004 mem 0x80010f43
core   0: 0x800028f0 (0xf6721803) lh      a6, -153(tp)
core   0: 3 0x800028f0 (0xf6721803) x16 0x00002c7b mem 0x80010db2
core   0: 0x800028f4 (0x0000e697) auipc   a3, 0xe
core   0: 3 0x800028f4 (0x0000e697) x13 0x800108f4
core   0: 0x800028f8 (0x6cf68693) addi    a3, a3, 1743
core   0: 3 0x800028f8 (0x6cf68693) x13 0x80010fc3
core   0: 0x800028fc (0x0000ec97) auipc   s9, 0xe
core   0: 3 0x800028fc (0x0000ec97) x25 0x800108fc
core   0: 0x80002900 (0x6d2c8c93) addi    s9, s9, 1746
core   0: 3 0x80002900 (0x6d2c8c93) x25 0x80010fce
core   0: 0x80002904 (0xadd6a503) lw      a0, -1315(a3)
core   0: 3 0x80002904 (0xadd6a503) x10 0xb8445b58 mem 0x80010aa0
core   0: 0x80002908 (0xfe4c89a3) sb      tp, -13(s9)
core   0: 3 0x80002908 (0xfe4c89a3) mem 0x80010fc1 0x4b
core   0: 0x8000290c (0x01cca523) sw      t3, 10(s9)
core   0: 3 0x8000290c (0x01cca523) mem 0x80010fd8 0x0000c168
core   0: 0x80002910 (0x0000e097) auipc   ra, 0xe
core   0: 3 0x80002910 (0x0000e097) x 1 0x80010910
core   0: 0x80002914 (0x9d608093) addi    ra, ra, -1578
core   0: 3 0x80002914 (0x9d608093) x 1 0x800102e6
core   0: 0x80002918 (0xf3b08523) sb      s11, -214(ra)
core   0: 3 0x80002918 (0xf3b08523) mem 0x80010210 0x70
core   0: 0x8000291c (0xd3068e03) lb      t3, -720(a3)
core   0: 3 0x8000291c (0xd3068e03) x28 0x0000001f mem 0x80010cf3
core   0: 0x80002920 (0x03108303) lb      t1, 49(ra)
core   0: 3 0x80002920 (0x03108303) x 6 0x0000002f mem 0x80010317
core   0: 0x80002924 (0xfd968223) sb      s9, -60(a3)
core   0: 3 0x80002924 (0xfd968223) mem 0x80010f87 0xce
core   0: 0x80002928 (0x0530c703) lbu     a4, 83(ra)
core   0: 3 0x80002928 (0x0530c703) x14 0x000000fe mem 0x80010339
core   0: 0x8000292c (0x003c8983) lb      s3, 3(s9)
core   0: 3 0x8000292c (0x003c8983) x19 0x0000005d mem 0x80010fd1
core   0: 0x80002930 (0xb4468203) lb      tp, -1212(a3)
core   0: 3 0x80002930 (0xb4468203) x 4 0xffffff8f mem 0x80010b07
core   0: 0x80002934 (0xc6068303) lb      t1, -928(a3)
core   0: 3 0x80002934 (0xc6068303) x 6 0xffffffda mem 0x80010c23
core   0: 0x80002938 (0x06108603) lb      a2, 97(ra)
core   0: 3 0x80002938 (0x06108603) x12 0x00000040 mem 0x80010347
core   0: 0x8000293c (0x00fc8483) lb      s1, 15(s9)
core   0: 3 0x8000293c (0x00fc8483) x 9 0x00000019 mem 0x80010fdd
core   0: 0x80002940 (0xfa80c803) lbu     a6, -88(ra)
core   0: 3 0x80002940 (0xfa80c803) x16 0x000000fa mem 0x8001028e
core   0: 0x80002944 (0x01ec9823) sh      t5, 16(s9)
core   0: 3 0x80002944 (0x01ec9823) mem 0x80010fde 0x00b9
core   0: 0x80002948 (0x0be09823) sh      t5, 176(ra)
core   0: 3 0x80002948 (0x0be09823) mem 0x80010396 0x00b9
core   0: 0x8000294c (0xf1f68e23) sb      t6, -228(a3)
core   0: 3 0x8000294c (0xf1f68e23) mem 0x80010edf 0x5e
core   0: 0x80002950 (0xfcd0c903) lbu     s2, -51(ra)
core   0: 3 0x80002950 (0xfcd0c903) x18 0x0000003c mem 0x800102b3
core   0: 0x80002954 (0x00a00593) li      a1, 10
core   0: 3 0x80002954 (0x00a00593) x11 0x0000000a
core   0: 0x80002958 (0x00000baa) c.slli  s7, 10
core   0: 3 0x80002958 (0x0baa) x23 0x00100000
core   0: 0x8000295a (0x00a00713) li      a4, 10
core   0: 3 0x8000295a (0x00a00713) x14 0x0000000a
core   0: 0x8000295e (0x00000d7e) c.slli  s10, 31
core   0: 3 0x8000295e (0x0d7e) x26 0x80000000
core   0: 0x80002960 (0x472b8c13) addi    s8, s7, 1138
core   0: 3 0x80002960 (0x472b8c13) x24 0x00100472
core   0: 0x80002964 (0xe3793693) sltiu   a3, s2, -457
core   0: 3 0x80002964 (0xe3793693) x13 0x00000001
core   0: 0x80002968 (0x00008239) c.srli  a2, 14
core   0: 3 0x80002968 (0x8239) x12 0x00000000
core   0: 0x8000296a (0x000015dd) c.addi  a1, -9
core   0: 3 0x8000296a (0x15dd) x11 0x00000001
core   0: 0x8000296c (0x00800193) li      gp, 8
core   0: 3 0x8000296c (0x00800193) x 3 0x00000008
core   0: 0x80002970 (0x00000001) c.nop
core   0: 3 0x80002970 (0x0001)
core   0: 0x80002972 (0x0000100f) fence.i
core   0: 3 0x80002972 (0x0000100f)
core   0: 0x80002976 (0x40365e93) srai    t4, a2, 3
core   0: 3 0x80002976 (0x40365e93) x29 0x00000000
core   0: 0x8000297a (0x00008ce5) c.and   s1, s1
core   0: 3 0x8000297a (0x8ce5) x 9 0x00000019
core   0: 0x8000297c (0x02645bb3) divu    s7, s0, t1
core   0: 3 0x8000297c (0x02645bb3) x23 0x00000000
core   0: 0x80002980 (0xff000113) li      sp, -16
core   0: 3 0x80002980 (0xff000113) x 2 0xfffffff0
core   0: 0x80002984 (0x035392b3) mulh    t0, t2, s5
core   0: 3 0x80002984 (0x035392b3) x 5 0xffffffed
core   0: 0x80002988 (0x00befc33) and     s8, t4, a1
core   0: 3 0x80002988 (0x00befc33) x24 0x00000000
core   0: 0x8000298c (0x03533233) mulhu   tp, t1, s5
core   0: 3 0x8000298c (0x03533233) x 4 0x80025e50
core   0: 0x80002990 (0x200f2093) slti    ra, t5, 512
core   0: 3 0x80002990 (0x200f2093) x 1 0x00000001
core   0: 0x80002994 (0x006ec433) xor     s0, t4, t1
core   0: 3 0x80002994 (0x006ec433) x 8 0xffffffda
core   0: 0x80002998 (0x00000e35) c.addi  t3, 13
core   0: 3 0x80002998 (0x0e35) x28 0x0000002c
core   0: 0x8000299a (0x005cca33) xor     s4, s9, t0
core   0: 3 0x8000299a (0x005cca33) x20 0x7ffef023
core   0: 0x8000299e (0x00efcbb3) xor     s7, t6, a4
core   0: 3 0x8000299e (0x00efcbb3) x23 0x00000054
core   0: 0x800029a2 (0x00000001) c.nop
core   0: 3 0x800029a2 (0x0001)
core   0: 0x800029a4 (0x000011d9) c.addi  gp, -10
core   0: 3 0x800029a4 (0x11d9) x 3 0xfffffffe
core   0: 0x800029a6 (0x00009466) c.add   s0, s9
core   0: 3 0x800029a6 (0x9466) x 8 0x80010fa8
core   0: 0x800029a8 (0xfe21d8e3) bge     gp, sp, pc - 16
core   0: 3 0x800029a8 (0xfe21d8e3)
core   0: 0x80002998 (0x00000e35) c.addi  t3, 13
core   0: 3 0x80002998 (0x0e35) x28 0x00000039
core   0: 0x8000299a (0x005cca33) xor     s4, s9, t0
core   0: 3 0x8000299a (0x005cca33) x20 0x7ffef023
core   0: 0x8000299e (0x00efcbb3) xor     s7, t6, a4
core   0: 3 0x8000299e (0x00efcbb3) x23 0x00000054
core   0: 0x800029a2 (0x00000001) c.nop
core   0: 3 0x800029a2 (0x0001)
core   0: 0x800029a4 (0x000011d9) c.addi  gp, -10
core   0: 3 0x800029a4 (0x11d9) x 3 0xfffffff4
core   0: 0x800029a6 (0x00009466) c.add   s0, s9
core   0: 3 0x800029a6 (0x9466) x 8 0x00021f76
core   0: 0x800029a8 (0xfe21d8e3) bge     gp, sp, pc - 16
core   0: 3 0x800029a8 (0xfe21d8e3)
core   0: 0x80002998 (0x00000e35) c.addi  t3, 13
core   0: 3 0x80002998 (0x0e35) x28 0x00000046
core   0: 0x8000299a (0x005cca33) xor     s4, s9, t0
core   0: 3 0x8000299a (0x005cca33) x20 0x7ffef023
core   0: 0x8000299e (0x00efcbb3) xor     s7, t6, a4
core   0: 3 0x8000299e (0x00efcbb3) x23 0x00000054
core   0: 0x800029a2 (0x00000001) c.nop
core   0: 3 0x800029a2 (0x0001)
core   0: 0x800029a4 (0x000011d9) c.addi  gp, -10
core   0: 3 0x800029a4 (0x11d9) x 3 0xffffffea
core   0: 0x800029a6 (0x00009466) c.add   s0, s9
core   0: 3 0x800029a6 (0x9466) x 8 0x80032f44
core   0: 0x800029a8 (0xfe21d8e3) bge     gp, sp, pc - 16
core   0: 3 0x800029a8 (0xfe21d8e3)
core   0: 0x800029ac (0x00d91413) slli    s0, s2, 13
core   0: 3 0x800029ac (0x00d91413) x 8 0x00078000
core   0: 0x800029b0 (0x016edf13) srli    t5, t4, 22
core   0: 3 0x800029b0 (0x016edf13) x30 0x00000000
core   0: 0x800029b4 (0x0ff0000f) fence   iorw,iorw
core   0: 3 0x800029b4 (0x0ff0000f)
core   0: 0x800029b8 (0x41b70433) sub     s0, a4, s11
core   0: 3 0x800029b8 (0x41b70433) x 8 0x00006b9a
core   0: 0x800029bc (0x009abdb3) sltu    s11, s5, s1
core   0: 3 0x800029bc (0x009abdb3) x27 0x00000000
core   0: 0x800029c0 (0x009f9eb3) sll     t4, t6, s1
core   0: 3 0x800029c0 (0x009f9eb3) x29 0xbc000000
core   0: 0x800029c4 (0xf8e5fee3) bgeu    a1, a4, pc - 100
core   0: 3 0x800029c4 (0xf8e5fee3)
core   0: 0x800029c8 (0xfdf5b293) sltiu   t0, a1, -33
core   0: 3 0x800029c8 (0xfdf5b293) x 5 0x00000001
core   0: 0x800029cc (0x00015c97) auipc   s9, 0x15
core   0: 3 0x800029cc (0x00015c97) x25 0x800179cc
core   0: 0x800029d0 (0x4f7c8c93) addi    s9, s9, 1271
core   0: 3 0x800029d0 (0x4f7c8c93) x25 0x80017ec3
core   0: 0x800029d4 (0x00dcc383) lbu     t2, 13(s9)
core   0: 3 0x800029d4 (0x00dcc383) x 7 0x0000007e mem 0x80017ed0
core   0: 0x800029d8 (0x00014e97) auipc   t4, 0x14
core   0: 3 0x800029d8 (0x00014e97) x29 0x800169d8
core   0: 0x800029dc (0xe03e8e93) addi    t4, t4, -509
core   0: 3 0x800029dc (0xe03e8e93) x29 0x800167db
core   0: 0x800029e0 (0x001c8283) lb      t0, 1(s9)
core   0: 3 0x800029e0 (0x001c8283) x 5 0xffffff83 mem 0x80017ec4
core   0: 0x800029e4 (0xffee9ea3) sh      t5, -3(t4)
core   0: 3 0x800029e4 (0xffee9ea3) mem 0x800167d8 0x0000
core   0: 0x800029e8 (0x01ac96a3) sh      s10, 13(s9)
core   0: 3 0x800029e8 (0x01ac96a3) mem 0x80017ed0 0x0000
core   0: 0x800029ec (0x00fe8703) lb      a4, 15(t4)
core   0: 3 0x800029ec (0x00fe8703) x14 0x0000001f mem 0x800167ea
core   0: 0x800029f0 (0x00de8223) sb      a3, 4(t4)
core   0: 3 0x800029f0 (0x00de8223) mem 0x800167df 0x1
core   0: 0x800029f4 (0x01ac8023) sb      s10, 0(s9)
core   0: 3 0x800029f4 (0x01ac8023) mem 0x80017ec3 0x0
core   0: 0x800029f8 (0x00bedc03) lhu     s8, 11(t4)
core   0: 3 0x800029f8 (0x00bedc03) x24 0x0000c65c mem 0x800167e6
core   0: 0x800029fc (0x00fc8d03) lb      s10, 15(s9)
core   0: 3 0x800029fc (0x00fc8d03) x26 0x0000005a mem 0x80017ed2
core   0: 0x80002a00 (0xff2cc283) lbu     t0, -14(s9)
core   0: 3 0x80002a00 (0xff2cc283) x 5 0x000000db mem 0x80017eb5
core   0: 0x80002a04 (0x007e9383) lh      t2, 7(t4)
core   0: 3 0x80002a04 (0x007e9383) x 7 0xffff92e8 mem 0x800167e2
core   0: 0x80002a08 (0x010c8503) lb      a0, 16(s9)
core   0: 3 0x80002a08 (0x010c8503) x10 0x0000004a mem 0x80017ed3
core   0: 0x80002a0c (0xfebc8d23) sb      a1, -6(s9)
core   0: 3 0x80002a0c (0xfebc8d23) mem 0x80017ebd 0x1
core   0: 0x80002a10 (0x00018917) auipc   s2, 0x18
core   0: 3 0x80002a10 (0x00018917) x18 0x8001aa10
core   0: 0x80002a14 (0x3f390913) addi    s2, s2, 1011
core   0: 3 0x80002a14 (0x3f390913) x18 0x8001ae03
core   0: 0x80002a18 (0x00014b97) auipc   s7, 0x14
core   0: 3 0x80002a18 (0x00014b97) x23 0x80016a18
core   0: 0x80002a1c (0x0b0b8b93) addi    s7, s7, 176
core   0: 3 0x80002a1c (0x0b0b8b93) x23 0x80016ac8
core   0: 0x80002a20 (0x00018117) auipc   sp, 0x18
core   0: 3 0x80002a20 (0x00018117) x 2 0x8001aa20
core   0: 0x80002a24 (0x76f10113) addi    sp, sp, 1903
core   0: 3 0x80002a24 (0x76f10113) x 2 0x8001b18f
core   0: 0x80002a28 (0xfdabce03) lbu     t3, -38(s7)
core   0: 3 0x80002a28 (0xfdabce03) x28 0x00000081 mem 0x80016aa2
core   0: 0x80002a2c (0x82894b03) lbu     s6, -2008(s2)
core   0: 3 0x80002a2c (0x82894b03) x22 0x000000d0 mem 0x8001a62b
core   0: 0x80002a30 (0x00016f97) auipc   t6, 0x16
core   0: 3 0x80002a30 (0x00016f97) x31 0x80018a30
core   0: 0x80002a34 (0x4c6f8f93) addi    t6, t6, 1222
core   0: 3 0x80002a34 (0x4c6f8f93) x31 0x80018ef6
core   0: 0x80002a38 (0x0000f997) auipc   s3, 0xf
core   0: 3 0x80002a38 (0x0000f997) x19 0x80011a38
core   0: 0x80002a3c (0xcf598993) addi    s3, s3, -779
core   0: 3 0x80002a3c (0xcf598993) x19 0x8001172d
core   0: 0x80002a40 (0x80f91fa3) sh      a5, -2017(s2)
core   0: 3 0x80002a40 (0x80f91fa3) mem 0x8001a622 0x9ce4
core   0: 0x80002a44 (0x07a98d23) sb      s10, 122(s3)
core   0: 3 0x80002a44 (0x07a98d23) mem 0x800117a7 0x5a
core   0: 0x80002a48 (0x00315c03) lhu     s8, 3(sp)
core   0: 3 0x80002a48 (0x00315c03) x24 0x00007c92 mem 0x8001b192
core   0: 0x80002a4c (0x017f8323) sb      s7, 6(t6)
core   0: 3 0x80002a4c (0x017f8323) mem 0x80018efc 0xc8
core   0: 0x80002a50 (0xea090483) lb      s1, -352(s2)
core   0: 3 0x80002a50 (0xea090483) x 9 0xffffffdb mem 0x8001aca3
core   0: 0x80002a54 (0xf26bc303) lbu     t1, -218(s7)
core   0: 3 0x80002a54 (0xf26bc303) x 6 0x000000d6 mem 0x800169ee
core   0: 0x80002a58 (0xccb91683) lh      a3, -821(s2)
core   0: 3 0x80002a58 (0xccb91683) x13 0x000013ac mem 0x8001aace
core   0: 0x80002a5c (0xff710c83) lb      s9, -9(sp)
core   0: 3 0x80002a5c (0xff710c83) x25 0x00000022 mem 0x8001b186
core   0: 0x80002a60 (0x00410583) lb      a1, 4(sp)
core   0: 3 0x80002a60 (0x00410583) x11 0x0000007c mem 0x8001b193
core   0: 0x80002a64 (0x0ee98803) lb      a6, 238(s3)
core   0: 3 0x80002a64 (0x0ee98803) x16 0x00000029 mem 0x8001181b
core   0: 0x80002a68 (0x010f8423) sb      a6, 8(t6)
core   0: 3 0x80002a68 (0x010f8423) mem 0x80018efe 0x29
core   0: 0x80002a6c (0x632920a3) sw      s2, 1569(s2)
core   0: 3 0x80002a6c (0x632920a3) mem 0x8001b424 0x8001ae03
core   0: 0x80002a70 (0x86294203) lbu     tp, -1950(s2)
core   0: 3 0x80002a70 (0x86294203) x 4 0x0000008c mem 0x8001a665
core   0: 0x80002a74 (0xff210a23) sb      s2, -12(sp)
core   0: 3 0x80002a74 (0xff210a23) mem 0x8001b183 0x3
core   0: 0x80002a78 (0xfb3bcd83) lbu     s11, -77(s7)
core   0: 3 0x80002a78 (0xfb3bcd83) x27 0x0000006a mem 0x80016a7b
core   0: 0x80002a7c (0xf2798003) lb      zero, -217(s3)
core   0: 3 0x80002a7c (0xf2798003) mem 0x80011654
core   0: 0x80002a80 (0xf09b8e83) lb      t4, -247(s7)
core   0: 3 0x80002a80 (0xf09b8e83) x29 0x00000046 mem 0x800169d1
core   0: 0x80002a84 (0x0f2bdf03) lhu     t5, 242(s7)
core   0: 3 0x80002a84 (0x0f2bdf03) x30 0x000083e4 mem 0x80016bba
core   0: 0x80002a88 (0xffffc083) lbu     ra, -1(t6)
core   0: 3 0x80002a88 (0xffffc083) x 1 0x000000b6 mem 0x80018ef5
core   0: 0x80002a8c (0x00bfcc03) lbu     s8, 11(t6)
core   0: 3 0x80002a8c (0x00bfcc03) x24 0x00000005 mem 0x80018f01
core   0: 0x80002a90 (0x006f9e83) lh      t4, 6(t6)
core   0: 3 0x80002a90 (0x006f9e83) x29 0x00000bc8 mem 0x80018efc
core   0: 0x80002a94 (0xff210503) lb      a0, -14(sp)
core   0: 3 0x80002a94 (0xff210503) x10 0xffffff86 mem 0x8001b181
core   0: 0x80002a98 (0xfa5bcf03) lbu     t5, -91(s7)
core   0: 3 0x80002a98 (0xfa5bcf03) x30 0x00000044 mem 0x80016a6d
core   0: 0x80002a9c (0xf8799303) lh      t1, -121(s3)
core   0: 3 0x80002a9c (0xf8799303) x 6 0xffff9a8c mem 0x800116b4
core   0: 0x80002aa0 (0x006f8083) lb      ra, 6(t6)
core   0: 3 0x80002aa0 (0x006f8083) x 1 0xffffffc8 mem 0x80018efc
core   0: 0x80002aa4 (0x66992083) lw      ra, 1641(s2)
core   0: 3 0x80002aa4 (0x66992083) x 1 0xf9c4ebb6 mem 0x8001b46c
core   0: 0x80002aa8 (0x085bc403) lbu     s0, 133(s7)
core   0: 3 0x80002aa8 (0x085bc403) x 8 0x000000bb mem 0x80016b4d
core   0: 0x80002aac (0x05898003) lb      zero, 88(s3)
core   0: 3 0x80002aac (0x05898003) mem 0x80011785
core   0: 0x80002ab0 (0x006f9683) lh      a3, 6(t6)
core   0: 3 0x80002ab0 (0x006f9683) x13 0x00000bc8 mem 0x80018efc
core   0: 0x80002ab4 (0x00814583) lbu     a1, 8(sp)
core   0: 3 0x80002ab4 (0x00814583) x11 0x000000f7 mem 0x8001b197
core   0: 0x80002ab8 (0xf47bc383) lbu     t2, -185(s7)
core   0: 3 0x80002ab8 (0xf47bc383) x 7 0x00000008 mem 0x80016a0f
core   0: 0x80002abc (0xfab9afa3) sw      a1, -65(s3)
core   0: 3 0x80002abc (0xfab9afa3) mem 0x800116ec 0x000000f7
core   0: 0x80002ac0 (0xf3c9cd03) lbu     s10, -196(s3)
core   0: 3 0x80002ac0 (0xf3c9cd03) x26 0x00000044 mem 0x80011669
core   0: 0x80002ac4 (0x08399303) lh      t1, 131(s3)
core   0: 3 0x80002ac4 (0x08399303) x 6 0x00007521 mem 0x800117b0
core   0: 0x80002ac8 (0x009fcc83) lbu     s9, 9(t6)
core   0: 3 0x80002ac8 (0x009fcc83) x25 0x0000008d mem 0x80018eff
core   0: 0x80002acc (0xfedb8283) lb      t0, -19(s7)
core   0: 3 0x80002acc (0xfedb8283) x 5 0x0000001f mem 0x80016ab5
core   0: 0x80002ad0 (0xf4a9a5a3) sw      a0, -181(s3)
core   0: 3 0x80002ad0 (0xf4a9a5a3) mem 0x80011678 0xffffff86
core   0: 0x80002ad4 (0xff614e83) lbu     t4, -10(sp)
core   0: 3 0x80002ad4 (0xff614e83) x29 0x000000a6 mem 0x8001b185
core   0: 0x80002ad8 (0xfecb9003) lh      zero, -20(s7)
core   0: 3 0x80002ad8 (0xfecb9003) mem 0x80016ab4
core   0: 0x80002adc (0xf199cd03) lbu     s10, -231(s3)
core   0: 3 0x80002adc (0xf199cd03) x26 0x0000007f mem 0x80011646
core   0: 0x80002ae0 (0x0000ec97) auipc   s9, 0xe
core   0: 3 0x80002ae0 (0x0000ec97) x25 0x80010ae0
core   0: 0x80002ae4 (0x39dc8c93) addi    s9, s9, 925
core   0: 3 0x80002ae4 (0x39dc8c93) x25 0x80010e7d
core   0: 0x80002ae8 (0x00014f17) auipc   t5, 0x14
core   0: 3 0x80002ae8 (0x00014f17) x30 0x80016ae8
core   0: 0x80002aec (0xbdcf0f13) addi    t5, t5, -1060
core   0: 3 0x80002aec (0xbdcf0f13) x30 0x800166c4
core   0: 0x80002af0 (0x08fcdb83) lhu     s7, 143(s9)
core   0: 3 0x80002af0 (0x08fcdb83) x23 0x0000ef54 mem 0x80010f0c
core   0: 0x80002af4 (0xd33f0203) lb      tp, -717(t5)
core   0: 3 0x80002af4 (0xd33f0203) x 4 0xffffffb6 mem 0x800163f7
core   0: 0x80002af8 (0xf3ac8c23) sb      s10, -200(s9)
core   0: 3 0x80002af8 (0xf3ac8c23) mem 0x80010db5 0x7f
core   0: 0x80002afc (0xf47c8f23) sb      t2, -162(s9)
core   0: 3 0x80002afc (0xf47c8f23) mem 0x80010ddb 0x8
core   0: 0x80002b00 (0xf0ec8d23) sb      a4, -230(s9)
core   0: 3 0x80002b00 (0xf0ec8d23) mem 0x80010d97 0x1f
core   0: 0x80002b04 (0x018f4303) lbu     t1, 24(t5)
core   0: 3 0x80002b04 (0x018f4303) x 6 0x00000086 mem 0x800166dc
core   0: 0x80002b08 (0x031f0583) lb      a1, 49(t5)
core   0: 3 0x80002b08 (0x031f0583) x11 0xffffffcf mem 0x800166f5
core   0: 0x80002b0c (0xfb8f0383) lb      t2, -72(t5)
core   0: 3 0x80002b0c (0xfb8f0383) x 7 0x00000018 mem 0x8001667c
core   0: 0x80002b10 (0xfa9c9983) lh      s3, -87(s9)
core   0: 3 0x80002b10 (0xfa9c9983) x19 0x000020fe mem 0x80010e26
core   0: 0x80002b14 (0xf09c8003) lb      zero, -247(s9)
core   0: 3 0x80002b14 (0xf09c8003) mem 0x80010d86
core   0: 0x80002b18 (0xdb4f1d03) lh      s10, -588(t5)
core   0: 3 0x80002b18 (0xdb4f1d03) x26 0x000075a3 mem 0x80016478
core   0: 0x80002b1c (0x01000def) jal     s11, pc + 0x10
core   0: 3 0x80002b1c (0x01000def) x27 0x80002b20
core   0: 0x80002b2c (0x004000ef) jal     pc + 0x4
core   0: 3 0x80002b2c (0x004000ef) x 1 0x80002b30
core   0: 0x80002b30 (0x00600fef) jal     t6, pc + 0x6
core   0: 3 0x80002b30 (0x00600fef) x31 0x80002b34
core   0: 0x80002b36 (0xff3ff0ef) jal     pc - 0xe
core   0: 3 0x80002b36 (0xff3ff0ef) x 1 0x80002b3a
core   0: 0x80002b28 (0x01400a6f) jal     s4, pc + 0x14
core   0: 3 0x80002b28 (0x01400a6f) x20 0x80002b2c
core   0: 0x80002b3c (0x000037e5) c.jal   pc - 24
core   0: 3 0x80002b3c (0x37e5) x 1 0x80002b3e
core   0: 0x80002b24 (0x016000ef) jal     pc + 0x16
core   0: 3 0x80002b24 (0x016000ef) x 1 0x80002b28
core   0: 0x80002b3a (0x0000a011) c.j     pc + 4
core   0: 3 0x80002b3a (0xa011)
core   0: 0x80002b3e (0x000037cd) c.jal   pc - 30
core   0: 3 0x80002b3e (0x37cd) x 1 0x80002b40
core   0: 0x80002b20 (0x014000ef) jal     pc + 0x14
core   0: 3 0x80002b20 (0x014000ef) x 1 0x80002b24
core   0: 0x80002b34 (0x00002031) c.jal   pc + 12
core   0: 3 0x80002b34 (0x2031) x 1 0x80002b36
core   0: 0x80002b40 (0x00000a88) c.addi4spn a0, sp, 336
core   0: 3 0x80002b40 (0x0a88) x10 0x8001b2df
core   0: 0x80002b42 (0xff600493) li      s1, -10
core   0: 3 0x80002b42 (0xff600493) x 9 0xfffffff6
core   0: 0x80002b46 (0xec1d8d13) addi    s10, s11, -319
core   0: 3 0x80002b46 (0xec1d8d13) x26 0x800029e1
core   0: 0x80002b4a (0x00006de1) c.lui   s11, 0x18
core   0: 3 0x80002b4a (0x6de1) x27 0x00018000
core   0: 0x80002b4c (0x010ba0b3) slt     ra, s7, a6
core   0: 3 0x80002b4c (0x010ba0b3) x 1 0x00000000
core   0: 0x80002b50 (0x00800593) li      a1, 8
core   0: 3 0x80002b50 (0x00800593) x11 0x00000008
core   0: 0x80002b54 (0xf2da1d97) auipc   s11, 0xf2da1
core   0: 3 0x80002b54 (0xf2da1d97) x27 0x72da3b54
core   0: 0x80002b58 (0xd01a5eb7) lui     t4, 0xd01a5
core   0: 3 0x80002b58 (0xd01a5eb7) x29 0xd01a5000
core   0: 0x80002b5c (0x40035fb3) sra     t6, t1, zero
core   0: 3 0x80002b5c (0x40035fb3) x31 0x00000086
core   0: 0x80002b60 (0x2d0d6d93) ori     s11, s10, 720
core   0: 3 0x80002b60 (0x2d0d6d93) x27 0x80002bf1
core   0: 0x80002b64 (0x0125bcb3) sltu    s9, a1, s2
core   0: 3 0x80002b64 (0x0125bcb3) x25 0x00000001
core   0: 0x80002b68 (0x03290f33) mul     t5, s2, s2
core   0: 3 0x80002b68 (0x03290f33) x30 0xd24e1409
core   0: 0x80002b6c (0x00000001) c.nop
core   0: 3 0x80002b6c (0x0001)
core   0: 0x80002b6e (0x00006121) c.addi16sp sp, 64
core   0: 3 0x80002b6e (0x6121) x 2 0x8001b1cf
core   0: 0x80002b70 (0x000061b1) c.lui   gp, 0xc
core   0: 3 0x80002b70 (0x61b1) x 3 0x0000c000
core   0: 0x80002b72 (0x0000048d) c.addi  s1, 3
core   0: 3 0x80002b72 (0x048d) x 9 0xfffffff9
core   0: 0x80002b74 (0x0000939e) c.add   t2, t2
core   0: 3 0x80002b74 (0x939e) x 7 0x00000030
core   0: 0x80002b76 (0x40aed733) sra     a4, t4, a0
core   0: 3 0x80002b76 (0x40aed733) x14 0xffffffff
core   0: 0x80002b7a (0x9a9af293) andi    t0, s5, -1623
core   0: 3 0x80002b7a (0x9a9af293) x 5 0x80025820
core   0: 0x80002b7e (0x00f2d3b3) srl     t2, t0, a5
core   0: 3 0x80002b7e (0x00f2d3b3) x 7 0x08002582
core   0: 0x80002b82 (0x44dfe713) ori     a4, t6, 1101
core   0: 3 0x80002b82 (0x44dfe713) x14 0x000004cf
core   0: 0x80002b86 (0x66a8fd97) auipc   s11, 0x66a8f
core   0: 3 0x80002b86 (0x66a8fd97) x27 0xe6a91b86
core   0: 0x80002b8a (0x009c7eb3) and     t4, s8, s1
core   0: 3 0x80002b8a (0x009c7eb3) x29 0x00000001
core   0: 0x80002b8e (0x76aecd13) xori    s10, t4, 1898
core   0: 3 0x80002b8e (0x76aecd13) x26 0x0000076b
core   0: 0x80002b92 (0x0000100f) fence.i
core   0: 3 0x80002b92 (0x0000100f)
core   0: 0x80002b96 (0x00008695) c.srai  a3, 5
core   0: 3 0x80002b96 (0x8695) x13 0x0000005e
core   0: 0x80002b98 (0x01839e13) slli    t3, t2, 24
core   0: 3 0x80002b98 (0x01839e13) x28 0x82000000
core   0: 0x80002b9c (0x0000100f) fence.i
core   0: 3 0x80002b9c (0x0000100f)
core   0: 0x80002ba0 (0xfcb4c2e3) blt     s1, a1, pc - 60
core   0: 3 0x80002ba0 (0xfcb4c2e3)
core   0: 0x80002b64 (0x0125bcb3) sltu    s9, a1, s2
core   0: 3 0x80002b64 (0x0125bcb3) x25 0x00000001
core   0: 0x80002b68 (0x03290f33) mul     t5, s2, s2
core   0: 3 0x80002b68 (0x03290f33) x30 0xd24e1409
core   0: 0x80002b6c (0x00000001) c.nop
core   0: 3 0x80002b6c (0x0001)
core   0: 0x80002b6e (0x00006121) c.addi16sp sp, 64
core   0: 3 0x80002b6e (0x6121) x 2 0x8001b20f
core   0: 0x80002b70 (0x000061b1) c.lui   gp, 0xc
core   0: 3 0x80002b70 (0x61b1) x 3 0x0000c000
core   0: 0x80002b72 (0x0000048d) c.addi  s1, 3
core   0: 3 0x80002b72 (0x048d) x 9 0xfffffffc
core   0: 0x80002b74 (0x0000939e) c.add   t2, t2
core   0: 3 0x80002b74 (0x939e) x 7 0x10004b04
core   0: 0x80002b76 (0x40aed733) sra     a4, t4, a0
core   0: 3 0x80002b76 (0x40aed733) x14 0x00000000
core   0: 0x80002b7a (0x9a9af293) andi    t0, s5, -1623
core   0: 3 0x80002b7a (0x9a9af293) x 5 0x80025820
core   0: 0x80002b7e (0x00f2d3b3) srl     t2, t0, a5
core   0: 3 0x80002b7e (0x00f2d3b3) x 7 0x08002582
core   0: 0x80002b82 (0x44dfe713) ori     a4, t6, 1101
core   0: 3 0x80002b82 (0x44dfe713) x14 0x000004cf
core   0: 0x80002b86 (0x66a8fd97) auipc   s11, 0x66a8f
core   0: 3 0x80002b86 (0x66a8fd97) x27 0xe6a91b86
core   0: 0x80002b8a (0x009c7eb3) and     t4, s8, s1
core   0: 3 0x80002b8a (0x009c7eb3) x29 0x00000004
core   0: 0x80002b8e (0x76aecd13) xori    s10, t4, 1898
core   0: 3 0x80002b8e (0x76aecd13) x26 0x0000076e
core   0: 0x80002b92 (0x0000100f) fence.i
core   0: 3 0x80002b92 (0x0000100f)
core   0: 0x80002b96 (0x00008695) c.srai  a3, 5
core   0: 3 0x80002b96 (0x8695) x13 0x00000002
core   0: 0x80002b98 (0x01839e13) slli    t3, t2, 24
core   0: 3 0x80002b98 (0x01839e13) x28 0x82000000
core   0: 0x80002b9c (0x0000100f) fence.i
core   0: 3 0x80002b9c (0x0000100f)
core   0: 0x80002ba0 (0xfcb4c2e3) blt     s1, a1, pc - 60
core   0: 3 0x80002ba0 (0xfcb4c2e3)
core   0: 0x80002b64 (0x0125bcb3) sltu    s9, a1, s2
core   0: 3 0x80002b64 (0x0125bcb3) x25 0x00000001
core   0: 0x80002b68 (0x03290f33) mul     t5, s2, s2
core   0: 3 0x80002b68 (0x03290f33) x30 0xd24e1409
core   0: 0x80002b6c (0x00000001) c.nop
core   0: 3 0x80002b6c (0x0001)
core   0: 0x80002b6e (0x00006121) c.addi16sp sp, 64
core   0: 3 0x80002b6e (0x6121) x 2 0x8001b24f
core   0: 0x80002b70 (0x000061b1) c.lui   gp, 0xc
core   0: 3 0x80002b70 (0x61b1) x 3 0x0000c000
core   0: 0x80002b72 (0x0000048d) c.addi  s1, 3
core   0: 3 0x80002b72 (0x048d) x 9 0xffffffff
core   0: 0x80002b74 (0x0000939e) c.add   t2, t2
core   0: 3 0x80002b74 (0x939e) x 7 0x10004b04
core   0: 0x80002b76 (0x40aed733) sra     a4, t4, a0
core   0: 3 0x80002b76 (0x40aed733) x14 0x00000000
core   0: 0x80002b7a (0x9a9af293) andi    t0, s5, -1623
core   0: 3 0x80002b7a (0x9a9af293) x 5 0x80025820
core   0: 0x80002b7e (0x00f2d3b3) srl     t2, t0, a5
core   0: 3 0x80002b7e (0x00f2d3b3) x 7 0x08002582
core   0: 0x80002b82 (0x44dfe713) ori     a4, t6, 1101
core   0: 3 0x80002b82 (0x44dfe713) x14 0x000004cf
core   0: 0x80002b86 (0x66a8fd97) auipc   s11, 0x66a8f
core   0: 3 0x80002b86 (0x66a8fd97) x27 0xe6a91b86
core   0: 0x80002b8a (0x009c7eb3) and     t4, s8, s1
core   0: 3 0x80002b8a (0x009c7eb3) x29 0x00000005
core   0: 0x80002b8e (0x76aecd13) xori    s10, t4, 1898
core   0: 3 0x80002b8e (0x76aecd13) x26 0x0000076f
core   0: 0x80002b92 (0x0000100f) fence.i
core   0: 3 0x80002b92 (0x0000100f)
core   0: 0x80002b96 (0x00008695) c.srai  a3, 5
core   0: 3 0x80002b96 (0x8695) x13 0x00000000
core   0: 0x80002b98 (0x01839e13) slli    t3, t2, 24
core   0: 3 0x80002b98 (0x01839e13) x28 0x82000000
core   0: 0x80002b9c (0x0000100f) fence.i
core   0: 3 0x80002b9c (0x0000100f)
core   0: 0x80002ba0 (0xfcb4c2e3) blt     s1, a1, pc - 60
core   0: 3 0x80002ba0 (0xfcb4c2e3)
core   0: 0x80002b64 (0x0125bcb3) sltu    s9, a1, s2
core   0: 3 0x80002b64 (0x0125bcb3) x25 0x00000001
core   0: 0x80002b68 (0x03290f33) mul     t5, s2, s2
core   0: 3 0x80002b68 (0x03290f33) x30 0xd24e1409
core   0: 0x80002b6c (0x00000001) c.nop
core   0: 3 0x80002b6c (0x0001)
core   0: 0x80002b6e (0x00006121) c.addi16sp sp, 64
core   0: 3 0x80002b6e (0x6121) x 2 0x8001b28f
core   0: 0x80002b70 (0x000061b1) c.lui   gp, 0xc
core   0: 3 0x80002b70 (0x61b1) x 3 0x0000c000
core   0: 0x80002b72 (0x0000048d) c.addi  s1, 3
core   0: 3 0x80002b72 (0x048d) x 9 0x00000002
core   0: 0x80002b74 (0x0000939e) c.add   t2, t2
core   0: 3 0x80002b74 (0x939e) x 7 0x10004b04
core   0: 0x80002b76 (0x40aed733) sra     a4, t4, a0
core   0: 3 0x80002b76 (0x40aed733) x14 0x00000000
core   0: 0x80002b7a (0x9a9af293) andi    t0, s5, -1623
core   0: 3 0x80002b7a (0x9a9af293) x 5 0x80025820
core   0: 0x80002b7e (0x00f2d3b3) srl     t2, t0, a5
core   0: 3 0x80002b7e (0x00f2d3b3) x 7 0x08002582
core   0: 0x80002b82 (0x44dfe713) ori     a4, t6, 1101
core   0: 3 0x80002b82 (0x44dfe713) x14 0x000004cf
core   0: 0x80002b86 (0x66a8fd97) auipc   s11, 0x66a8f
core   0: 3 0x80002b86 (0x66a8fd97) x27 0xe6a91b86
core   0: 0x80002b8a (0x009c7eb3) and     t4, s8, s1
core   0: 3 0x80002b8a (0x009c7eb3) x29 0x00000000
core   0: 0x80002b8e (0x76aecd13) xori    s10, t4, 1898
core   0: 3 0x80002b8e (0x76aecd13) x26 0x0000076a
core   0: 0x80002b92 (0x0000100f) fence.i
core   0: 3 0x80002b92 (0x0000100f)
core   0: 0x80002b96 (0x00008695) c.srai  a3, 5
core   0: 3 0x80002b96 (0x8695) x13 0x00000000
core   0: 0x80002b98 (0x01839e13) slli    t3, t2, 24
core   0: 3 0x80002b98 (0x01839e13) x28 0x82000000
core   0: 0x80002b9c (0x0000100f) fence.i
core   0: 3 0x80002b9c (0x0000100f)
core   0: 0x80002ba0 (0xfcb4c2e3) blt     s1, a1, pc - 60
core   0: 3 0x80002ba0 (0xfcb4c2e3)
core   0: 0x80002b64 (0x0125bcb3) sltu    s9, a1, s2
core   0: 3 0x80002b64 (0x0125bcb3) x25 0x00000001
core   0: 0x80002b68 (0x03290f33) mul     t5, s2, s2
core   0: 3 0x80002b68 (0x03290f33) x30 0xd24e1409
core   0: 0x80002b6c (0x00000001) c.nop
core   0: 3 0x80002b6c (0x0001)
core   0: 0x80002b6e (0x00006121) c.addi16sp sp, 64
core   0: 3 0x80002b6e (0x6121) x 2 0x8001b2cf
core   0: 0x80002b70 (0x000061b1) c.lui   gp, 0xc
core   0: 3 0x80002b70 (0x61b1) x 3 0x0000c000
core   0: 0x80002b72 (0x0000048d) c.addi  s1, 3
core   0: 3 0x80002b72 (0x048d) x 9 0x00000005
core   0: 0x80002b74 (0x0000939e) c.add   t2, t2
core   0: 3 0x80002b74 (0x939e) x 7 0x10004b04
core   0: 0x80002b76 (0x40aed733) sra     a4, t4, a0
core   0: 3 0x80002b76 (0x40aed733) x14 0x00000000
core   0: 0x80002b7a (0x9a9af293) andi    t0, s5, -1623
core   0: 3 0x80002b7a (0x9a9af293) x 5 0x80025820
core   0: 0x80002b7e (0x00f2d3b3) srl     t2, t0, a5
core   0: 3 0x80002b7e (0x00f2d3b3) x 7 0x08002582
core   0: 0x80002b82 (0x44dfe713) ori     a4, t6, 1101
core   0: 3 0x80002b82 (0x44dfe713) x14 0x000004cf
core   0: 0x80002b86 (0x66a8fd97) auipc   s11, 0x66a8f
core   0: 3 0x80002b86 (0x66a8fd97) x27 0xe6a91b86
core   0: 0x80002b8a (0x009c7eb3) and     t4, s8, s1
core   0: 3 0x80002b8a (0x009c7eb3) x29 0x00000005
core   0: 0x80002b8e (0x76aecd13) xori    s10, t4, 1898
core   0: 3 0x80002b8e (0x76aecd13) x26 0x0000076f
core   0: 0x80002b92 (0x0000100f) fence.i
core   0: 3 0x80002b92 (0x0000100f)
core   0: 0x80002b96 (0x00008695) c.srai  a3, 5
core   0: 3 0x80002b96 (0x8695) x13 0x00000000
core   0: 0x80002b98 (0x01839e13) slli    t3, t2, 24
core   0: 3 0x80002b98 (0x01839e13) x28 0x82000000
core   0: 0x80002b9c (0x0000100f) fence.i
core   0: 3 0x80002b9c (0x0000100f)
core   0: 0x80002ba0 (0xfcb4c2e3) blt     s1, a1, pc - 60
core   0: 3 0x80002ba0 (0xfcb4c2e3)
core   0: 0x80002b64 (0x0125bcb3) sltu    s9, a1, s2
core   0: 3 0x80002b64 (0x0125bcb3) x25 0x00000001
core   0: 0x80002b68 (0x03290f33) mul     t5, s2, s2
core   0: 3 0x80002b68 (0x03290f33) x30 0xd24e1409
core   0: 0x80002b6c (0x00000001) c.nop
core   0: 3 0x80002b6c (0x0001)
core   0: 0x80002b6e (0x00006121) c.addi16sp sp, 64
core   0: 3 0x80002b6e (0x6121) x 2 0x8001b30f
core   0: 0x80002b70 (0x000061b1) c.lui   gp, 0xc
core   0: 3 0x80002b70 (0x61b1) x 3 0x0000c000
core   0: 0x80002b72 (0x0000048d) c.addi  s1, 3
core   0: 3 0x80002b72 (0x048d) x 9 0x00000008
core   0: 0x80002b74 (0x0000939e) c.add   t2, t2
core   0: 3 0x80002b74 (0x939e) x 7 0x10004b04
core   0: 0x80002b76 (0x40aed733) sra     a4, t4, a0
core   0: 3 0x80002b76 (0x40aed733) x14 0x00000000
core   0: 0x80002b7a (0x9a9af293) andi    t0, s5, -1623
core   0: 3 0x80002b7a (0x9a9af293) x 5 0x80025820
core   0: 0x80002b7e (0x00f2d3b3) srl     t2, t0, a5
core   0: 3 0x80002b7e (0x00f2d3b3) x 7 0x08002582
core   0: 0x80002b82 (0x44dfe713) ori     a4, t6, 1101
core   0: 3 0x80002b82 (0x44dfe713) x14 0x000004cf
core   0: 0x80002b86 (0x66a8fd97) auipc   s11, 0x66a8f
core   0: 3 0x80002b86 (0x66a8fd97) x27 0xe6a91b86
core   0: 0x80002b8a (0x009c7eb3) and     t4, s8, s1
core   0: 3 0x80002b8a (0x009c7eb3) x29 0x00000000
core   0: 0x80002b8e (0x76aecd13) xori    s10, t4, 1898
core   0: 3 0x80002b8e (0x76aecd13) x26 0x0000076a
core   0: 0x80002b92 (0x0000100f) fence.i
core   0: 3 0x80002b92 (0x0000100f)
core   0: 0x80002b96 (0x00008695) c.srai  a3, 5
core   0: 3 0x80002b96 (0x8695) x13 0x00000000
core   0: 0x80002b98 (0x01839e13) slli    t3, t2, 24
core   0: 3 0x80002b98 (0x01839e13) x28 0x82000000
core   0: 0x80002b9c (0x0000100f) fence.i
core   0: 3 0x80002b9c (0x0000100f)
core   0: 0x80002ba0 (0xfcb4c2e3) blt     s1, a1, pc - 60
core   0: 3 0x80002ba0 (0xfcb4c2e3)
core   0: 0x80002ba4 (0x00000936) c.slli  s2, 13
core   0: 3 0x80002ba4 (0x0936) x18 0x35c06000
core   0: 0x80002ba6 (0x00014f17) auipc   t5, 0x14
core   0: 3 0x80002ba6 (0x00014f17) x30 0x80016ba6
core   0: 0x80002baa (0xc29f0f13) addi    t5, t5, -983
core   0: 3 0x80002baa (0xc29f0f13) x30 0x800167cf
core   0: 0x80002bae (0x02200133) mul     sp, zero, sp
core   0: 3 0x80002bae (0x02200133) x 2 0x00000000
core   0: 0x80002bb2 (0x005f4c03) lbu     s8, 5(t5)
core   0: 3 0x80002bb2 (0x005f4c03) x24 0x000000f0 mem 0x800167d4
core   0: 0x80002bb6 (0x03d5f433) remu    s0, a1, t4
core   0: 3 0x80002bb6 (0x03d5f433) x 8 0x00000008
core   0: 0x80002bba (0x01d63bb3) sltu    s7, a2, t4
core   0: 3 0x80002bba (0x01d63bb3) x23 0x00000000
core   0: 0x80002bbe (0x000084d9) c.srai  s1, 22
core   0: 3 0x80002bbe (0x84d9) x 9 0x00000000
core   0: 0x80002bc0 (0x01ff0223) sb      t6, 4(t5)
core   0: 3 0x80002bc0 (0x01ff0223) mem 0x800167d3 0x86
core   0: 0x80002bc4 (0x0020aa33) slt     s4, ra, sp
core   0: 3 0x80002bc4 (0x0020aa33) x20 0x00000000
core   0: 0x80002bc8 (0x40f180b3) sub     ra, gp, a5
core   0: 3 0x80002bc8 (0x40f180b3) x 1 0x7ffe231c
core   0: 0x80002bcc (0xfedf0f23) sb      a3, -2(t5)
core   0: 3 0x80002bcc (0xfedf0f23) mem 0x800167cd 0x0
core   0: 0x80002bd0 (0xff4f4683) lbu     a3, -12(t5)
core   0: 3 0x80002bd0 (0xff4f4683) x13 0x0000009b mem 0x800167c3
core   0: 0x80002bd4 (0x002f4b03) lbu     s6, 2(t5)
core   0: 3 0x80002bd4 (0x002f4b03) x22 0x00000096 mem 0x800167d1
core   0: 0x80002bd8 (0x006f4983) lbu     s3, 6(t5)
core   0: 3 0x80002bd8 (0x006f4983) x19 0x000000de mem 0x800167d5
core   0: 0x80002bdc (0xf4cdad93) slti    s11, s11, -180
core   0: 3 0x80002bdc (0xf4cdad93) x27 0x00000001
core   0: 0x80002be0 (0x003f4203) lbu     tp, 3(t5)
core   0: 3 0x80002be0 (0x003f4203) x 4 0x000000d3 mem 0x800167d2
core   0: 0x80002be4 (0x006f0523) sb      t1, 10(t5)
core   0: 3 0x80002be4 (0x006f0523) mem 0x800167d9 0x86
core   0: 0x80002be8 (0x0ff0000f) fence   iorw,iorw
core   0: 3 0x80002be8 (0x0ff0000f)
core   0: 0x80002bec (0xe8457b93) andi    s7, a0, -380
core   0: 3 0x80002bec (0xe8457b93) x23 0x8001b284
core   0: 0x80002bf0 (0xfe1f1aa3) sh      ra, -11(t5)
core   0: 3 0x80002bf0 (0xfe1f1aa3) mem 0x800167c4 0x231c
core   0: 0x80002bf4 (0x017f0223) sb      s7, 4(t5)
core   0: 3 0x80002bf4 (0x017f0223) mem 0x800167d3 0x84
core   0: 0x80002bf8 (0x00af4a03) lbu     s4, 10(t5)
core   0: 3 0x80002bf8 (0x00af4a03) x20 0x00000086 mem 0x800167d9
core   0: 0x80002bfc (0x01c723b3) slt     t2, a4, t3
core   0: 3 0x80002bfc (0x01c723b3) x 7 0x00000000
core   0: 0x80002c00 (0x0000951a) c.add   a0, t1
core   0: 3 0x80002c00 (0x951a) x10 0x8001b365
core   0: 0x80002c02 (0x0000100f) fence.i
core   0: 3 0x80002c02 (0x0000100f)
core   0: 0x80002c06 (0xffdf4503) lbu     a0, -3(t5)
core   0: 3 0x80002c06 (0xffdf4503) x10 0x000000e2 mem 0x800167cc
core   0: 0x80002c0a (0xfe6f0ca3) sb      t1, -7(t5)
core   0: 3 0x80002c0a (0xfe6f0ca3) mem 0x800167c8 0x86
core   0: 0x80002c0e (0x00b7d0b3) srl     ra, a5, a1
core   0: 3 0x80002c0e (0x00b7d0b3) x 1 0x0080029c
core   0: 0x80002c12 (0xff3f5083) lhu     ra, -13(t5)
core   0: 3 0x80002c12 (0xff3f5083) x 1 0x00009b00 mem 0x800167c2
core   0: 0x80002c16 (0x02ad4d33) div     s10, s10, a0
core   0: 3 0x80002c16 (0x02ad4d33) x26 0x00000008
core   0: 0x80002c1a (0x024663b3) rem     t2, a2, tp
core   0: 3 0x80002c1a (0x024663b3) x 7 0x00000000
core   0: 0x80002c1e (0xfe1f2aa3) sw      ra, -11(t5)
core   0: 3 0x80002c1e (0xfe1f2aa3) mem 0x800167c4 0x00009b00
core   0: 0x80002c22 (0x00ff0323) sb      a5, 6(t5)
core   0: 3 0x80002c22 (0x00ff0323) mem 0x800167d5 0xe4
core   0: 0x80002c26 (0x004f0983) lb      s3, 4(t5)
core   0: 3 0x80002c26 (0x004f0983) x19 0xffffff84 mem 0x800167d3
core   0: 0x80002c2a (0x0000100f) fence.i
core   0: 3 0x80002c2a (0x0000100f)
core   0: 0x80002c2e (0x01bf0023) sb      s11, 0(t5)
core   0: 3 0x80002c2e (0x01bf0023) mem 0x800167cf 0x1
core   0: 0x80002c32 (0x03a4fcb3) remu    s9, s1, s10
core   0: 3 0x80002c32 (0x03a4fcb3) x25 0x00000000
core   0: 0x80002c36 (0x00009de6) c.add   s11, s9
core   0: 3 0x80002c36 (0x9de6) x27 0x00000001
core   0: 0x80002c38 (0x011f01a3) sb      a7, 3(t5)
core   0: 3 0x80002c38 (0x011f01a3) mem 0x800167d2 0x0
core   0: 0x80002c3c (0x4025d613) srai    a2, a1, 2
core   0: 3 0x80002c3c (0x4025d613) x12 0x00000002
core   0: 0x80002c40 (0x00ff4e03) lbu     t3, 15(t5)
core   0: 3 0x80002c40 (0x00ff4e03) x28 0x00000065 mem 0x800167de
core   0: 0x80002c44 (0x03f231b3) mulhu   gp, tp, t6
core   0: 3 0x80002c44 (0x03f231b3) x 3 0x00000000
core   0: 0x80002c48 (0x027f7833) remu    a6, t5, t2
core   0: 3 0x80002c48 (0x027f7833) x16 0x800167cf
core   0: 0x80002c4c (0xa68985b7) lui     a1, 0xa6898
core   0: 3 0x80002c4c (0xa68985b7) x11 0xa6898000
core   0: 0x80002c50 (0xff4f0503) lb      a0, -12(t5)
core   0: 3 0x80002c50 (0xff4f0503) x10 0xffffff9b mem 0x800167c3
core   0: 0x80002c54 (0xffc00613) li      a2, -4
core   0: 3 0x80002c54 (0xffc00613) x12 0xfffffffc
core   0: 0x80002c58 (0x00000001) c.nop
core   0: 3 0x80002c58 (0x0001)
core   0: 0x80002c5a (0xae3d6db7) lui     s11, 0xae3d6
core   0: 3 0x80002c5a (0xae3d6db7) x27 0xae3d6000
core   0: 0x80002c5e (0x00000605) c.addi  a2, 1
core   0: 3 0x80002c5e (0x0605) x12 0xfffffffd
core   0: 0x80002c60 (0xffa00313) li      t1, -6
core   0: 3 0x80002c60 (0xffa00313) x 6 0xfffffffa
core   0: 0x80002c64 (0x00e865b3) or      a1, a6, a4
core   0: 3 0x80002c64 (0x00e865b3) x11 0x800167cf
core   0: 0x80002c68 (0xff500913) li      s2, -11
core   0: 3 0x80002c68 (0xff500913) x18 0xfffffff5
core   0: 0x80002c6c (0x00008ea9) c.xor   a3, a0
core   0: 3 0x80002c6c (0x8ea9) x13 0xffffff00
core   0: 0x80002c6e (0x00001371) c.addi  t1, -4
core   0: 3 0x80002c6e (0x1371) x 6 0xfffffff6
core   0: 0x80002c70 (0xff235ee3) bge     t1, s2, pc - 4
core   0: 3 0x80002c70 (0xff235ee3)
core   0: 0x80002c6c (0x00008ea9) c.xor   a3, a0
core   0: 3 0x80002c6c (0x8ea9) x13 0x0000009b
core   0: 0x80002c6e (0x00001371) c.addi  t1, -4
core   0: 3 0x80002c6e (0x1371) x 6 0xfffffff2
core   0: 0x80002c70 (0xff235ee3) bge     t1, s2, pc - 4
core   0: 3 0x80002c70 (0xff235ee3)
core   0: 0x80002c74 (0x01095093) srli    ra, s2, 16
core   0: 3 0x80002c74 (0x01095093) x 1 0x0000ffff
core   0: 0x80002c78 (0x0000f26d) c.bnez  a2, pc - 30
core   0: 3 0x80002c78 (0xf26d)
core   0: 0x80002c5a (0xae3d6db7) lui     s11, 0xae3d6
core   0: 3 0x80002c5a (0xae3d6db7) x27 0xae3d6000
core   0: 0x80002c5e (0x00000605) c.addi  a2, 1
core   0: 3 0x80002c5e (0x0605) x12 0xfffffffe
core   0: 0x80002c60 (0xffa00313) li      t1, -6
core   0: 3 0x80002c60 (0xffa00313) x 6 0xfffffffa
core   0: 0x80002c64 (0x00e865b3) or      a1, a6, a4
core   0: 3 0x80002c64 (0x00e865b3) x11 0x800167cf
core   0: 0x80002c68 (0xff500913) li      s2, -11
core   0: 3 0x80002c68 (0xff500913) x18 0xfffffff5
core   0: 0x80002c6c (0x00008ea9) c.xor   a3, a0
core   0: 3 0x80002c6c (0x8ea9) x13 0xffffff00
core   0: 0x80002c6e (0x00001371) c.addi  t1, -4
core   0: 3 0x80002c6e (0x1371) x 6 0xfffffff6
core   0: 0x80002c70 (0xff235ee3) bge     t1, s2, pc - 4
core   0: 3 0x80002c70 (0xff235ee3)
core   0: 0x80002c6c (0x00008ea9) c.xor   a3, a0
core   0: 3 0x80002c6c (0x8ea9) x13 0x0000009b
core   0: 0x80002c6e (0x00001371) c.addi  t1, -4
core   0: 3 0x80002c6e (0x1371) x 6 0xfffffff2
core   0: 0x80002c70 (0xff235ee3) bge     t1, s2, pc - 4
core   0: 3 0x80002c70 (0xff235ee3)
core   0: 0x80002c74 (0x01095093) srli    ra, s2, 16
core   0: 3 0x80002c74 (0x01095093) x 1 0x0000ffff
core   0: 0x80002c78 (0x0000f26d) c.bnez  a2, pc - 30
core   0: 3 0x80002c78 (0xf26d)
core   0: 0x80002c5a (0xae3d6db7) lui     s11, 0xae3d6
core   0: 3 0x80002c5a (0xae3d6db7) x27 0xae3d6000
core   0: 0x80002c5e (0x00000605) c.addi  a2, 1
core   0: 3 0x80002c5e (0x0605) x12 0xffffffff
core   0: 0x80002c60 (0xffa00313) li      t1, -6
core   0: 3 0x80002c60 (0xffa00313) x 6 0xfffffffa
core   0: 0x80002c64 (0x00e865b3) or      a1, a6, a4
core   0: 3 0x80002c64 (0x00e865b3) x11 0x800167cf
core   0: 0x80002c68 (0xff500913) li      s2, -11
core   0: 3 0x80002c68 (0xff500913) x18 0xfffffff5
core   0: 0x80002c6c (0x00008ea9) c.xor   a3, a0
core   0: 3 0x80002c6c (0x8ea9) x13 0xffffff00
core   0: 0x80002c6e (0x00001371) c.addi  t1, -4
core   0: 3 0x80002c6e (0x1371) x 6 0xfffffff6
core   0: 0x80002c70 (0xff235ee3) bge     t1, s2, pc - 4
core   0: 3 0x80002c70 (0xff235ee3)
core   0: 0x80002c6c (0x00008ea9) c.xor   a3, a0
core   0: 3 0x80002c6c (0x8ea9) x13 0x0000009b
core   0: 0x80002c6e (0x00001371) c.addi  t1, -4
core   0: 3 0x80002c6e (0x1371) x 6 0xfffffff2
core   0: 0x80002c70 (0xff235ee3) bge     t1, s2, pc - 4
core   0: 3 0x80002c70 (0xff235ee3)
core   0: 0x80002c74 (0x01095093) srli    ra, s2, 16
core   0: 3 0x80002c74 (0x01095093) x 1 0x0000ffff
core   0: 0x80002c78 (0x0000f26d) c.bnez  a2, pc - 30
core   0: 3 0x80002c78 (0xf26d)
core   0: 0x80002c5a (0xae3d6db7) lui     s11, 0xae3d6
core   0: 3 0x80002c5a (0xae3d6db7) x27 0xae3d6000
core   0: 0x80002c5e (0x00000605) c.addi  a2, 1
core   0: 3 0x80002c5e (0x0605) x12 0x00000000
core   0: 0x80002c60 (0xffa00313) li      t1, -6
core   0: 3 0x80002c60 (0xffa00313) x 6 0xfffffffa
core   0: 0x80002c64 (0x00e865b3) or      a1, a6, a4
core   0: 3 0x80002c64 (0x00e865b3) x11 0x800167cf
core   0: 0x80002c68 (0xff500913) li      s2, -11
core   0: 3 0x80002c68 (0xff500913) x18 0xfffffff5
core   0: 0x80002c6c (0x00008ea9) c.xor   a3, a0
core   0: 3 0x80002c6c (0x8ea9) x13 0xffffff00
core   0: 0x80002c6e (0x00001371) c.addi  t1, -4
core   0: 3 0x80002c6e (0x1371) x 6 0xfffffff6
core   0: 0x80002c70 (0xff235ee3) bge     t1, s2, pc - 4
core   0: 3 0x80002c70 (0xff235ee3)
core   0: 0x80002c6c (0x00008ea9) c.xor   a3, a0
core   0: 3 0x80002c6c (0x8ea9) x13 0x0000009b
core   0: 0x80002c6e (0x00001371) c.addi  t1, -4
core   0: 3 0x80002c6e (0x1371) x 6 0xfffffff2
core   0: 0x80002c70 (0xff235ee3) bge     t1, s2, pc - 4
core   0: 3 0x80002c70 (0xff235ee3)
core   0: 0x80002c74 (0x01095093) srli    ra, s2, 16
core   0: 3 0x80002c74 (0x01095093) x 1 0x0000ffff
core   0: 0x80002c78 (0x0000f26d) c.bnez  a2, pc - 30
core   0: 3 0x80002c78 (0xf26d)
core   0: 0x80002c7a (0x00008331) c.srli  a4, 12
core   0: 3 0x80002c7a (0x8331) x14 0x00000000
core   0: 0x80002c7c (0x0000e497) auipc   s1, 0xe
core   0: 3 0x80002c7c (0x0000e497) x 9 0x80010c7c
core   0: 0x80002c80 (0xc8548493) addi    s1, s1, -891
core   0: 3 0x80002c80 (0xc8548493) x 9 0x80010901
core   0: 0x80002c84 (0x0bd4d003) lhu     zero, 189(s1)
core   0: 3 0x80002c84 (0x0bd4d003) mem 0x800109be
core   0: 0x80002c88 (0x0001a097) auipc   ra, 0x1a
core   0: 3 0x80002c88 (0x0001a097) x 1 0x8001cc88
core   0: 0x80002c8c (0xecd08093) addi    ra, ra, -307
core   0: 3 0x80002c8c (0xecd08093) x 1 0x8001cb55
core   0: 0x80002c90 (0x5730cc03) lbu     s8, 1395(ra)
core   0: 3 0x80002c90 (0x5730cc03) x24 0x00000004 mem 0x8001d0c8
core   0: 0x80002c94 (0xf7848583) lb      a1, -136(s1)
core   0: 3 0x80002c94 (0xf7848583) x11 0x00000018 mem 0x80010879
core   0: 0x80002c98 (0xf834d683) lhu     a3, -125(s1)
core   0: 3 0x80002c98 (0xf834d683) x13 0x0000cb01 mem 0x80010884
core   0: 0x80002c9c (0xb3208923) sb      s2, -1230(ra)
core   0: 3 0x80002c9c (0xb3208923) mem 0x8001c687 0xf5
core   0: 0x80002ca0 (0xf4548a23) sb      t0, -172(s1)
core   0: 3 0x80002ca0 (0xf4548a23) mem 0x80010855 0x20
core   0: 0x80002ca4 (0x16e08d83) lb      s11, 366(ra)
core   0: 3 0x80002ca4 (0x16e08d83) x27 0xffffffe1 mem 0x8001ccc3
core   0: 0x80002ca8 (0x005485a3) sb      t0, 11(s1)
core   0: 3 0x80002ca8 (0x005485a3) mem 0x8001090c 0x20
core   0: 0x80002cac (0xfbc48023) sb      t3, -96(s1)
core   0: 3 0x80002cac (0xfbc48023) mem 0x800108a1 0x65
core   0: 0x80002cb0 (0xa000a9a3) sw      zero, -1517(ra)
core   0: 3 0x80002cb0 (0xa000a9a3) mem 0x8001c568 0x00000000
core   0: 0x80002cb4 (0x0da49ba3) sh      s10, 215(s1)
core   0: 3 0x80002cb4 (0x0da49ba3) mem 0x800109d8 0x0008
core   0: 0x80002cb8 (0xa2f08903) lb      s2, -1489(ra)
core   0: 3 0x80002cb8 (0xa2f08903) x18 0xffffffa0 mem 0x8001c584
core   0: 0x80002cbc (0x0000f717) auipc   a4, 0xf
core   0: 3 0x80002cbc (0x0000f717) x14 0x80011cbc
core   0: 0x80002cc0 (0xe4570713) addi    a4, a4, -443
core   0: 3 0x80002cc0 (0xe4570713) x14 0x80011b01
core   0: 0x80002cc4 (0x01c74683) lbu     a3, 28(a4)
core   0: 3 0x80002cc4 (0x01c74683) x13 0x00000038 mem 0x80011b1d
core   0: 0x80002cc8 (0x00019517) auipc   a0, 0x19
core   0: 3 0x80002cc8 (0x00019517) x10 0x8001bcc8
core   0: 0x80002ccc (0x56b50513) addi    a0, a0, 1387
core   0: 3 0x80002ccc (0x56b50513) x10 0x8001c233
core   0: 0x80002cd0 (0x00012997) auipc   s3, 0x12
core   0: 3 0x80002cd0 (0x00012997) x19 0x80014cd0
core   0: 0x80002cd4 (0x39398993) addi    s3, s3, 915
core   0: 3 0x80002cd4 (0x39398993) x19 0x80015063
core   0: 0x80002cd8 (0x04098f03) lb      t5, 64(s3)
core   0: 3 0x80002cd8 (0x04098f03) x30 0xffffffc4 mem 0x800150a3
core   0: 0x80002cdc (0x00016497) auipc   s1, 0x16
core   0: 3 0x80002cdc (0x00016497) x 9 0x80018cdc
core   0: 0x80002ce0 (0xdbe48493) addi    s1, s1, -578
core   0: 3 0x80002ce0 (0xdbe48493) x 9 0x80018a9a
core   0: 0x80002ce4 (0xfc170603) lb      a2, -63(a4)
core   0: 3 0x80002ce4 (0xfc170603) x12 0xffffffa0 mem 0x80011ac2
core   0: 0x80002ce8 (0x0084de83) lhu     t4, 8(s1)
core   0: 3 0x80002ce8 (0x0084de83) x29 0x000084ab mem 0x80018aa2
core   0: 0x80002cec (0x00f48a03) lb      s4, 15(s1)
core   0: 3 0x80002cec (0x00f48a03) x20 0xffffff8b mem 0x80018aa9
core   0: 0x80002cf0 (0x0e199283) lh      t0, 225(s3)
core   0: 3 0x80002cf0 (0x0e199283) x 5 0xffffe735 mem 0x80015144
core   0: 0x80002cf4 (0x02752ea3) sw      t2, 61(a0)
core   0: 3 0x80002cf4 (0x02752ea3) mem 0x8001c270 0x00000000
core   0: 0x80002cf8 (0xf6d9d683) lhu     a3, -147(s3)
core   0: 3 0x80002cf8 (0xf6d9d683) x13 0x0000e13d mem 0x80014fd0
core   0: 0x80002cfc (0xff948103) lb      sp, -7(s1)
core   0: 3 0x80002cfc (0xff948103) x 2 0x00000067 mem 0x80018a93
core   0: 0x80002d00 (0xf4698a03) lb      s4, -186(s3)
core   0: 3 0x80002d00 (0xf4698a03) x20 0x0000006c mem 0x80014fa9
core   0: 0x80002d04 (0xffa4ae83) lw      t4, -6(s1)
core   0: 3 0x80002d04 (0xffa4ae83) x29 0x412d5ee7 mem 0x80018a94
core   0: 0x80002d08 (0x00551b83) lh      s7, 5(a0)
core   0: 3 0x80002d08 (0x00551b83) x23 0x00007139 mem 0x8001c238
core   0: 0x80002d0c (0xff070f03) lb      t5, -16(a4)
core   0: 3 0x80002d0c (0xff070f03) x30 0x0000006d mem 0x80011af1
core   0: 0x80002d10 (0x04a9c403) lbu     s0, 74(s3)
core   0: 3 0x80002d10 (0x04a9c403) x 8 0x0000004f mem 0x800150ad
core   0: 0x80002d14 (0xfea70683) lb      a3, -22(a4)
core   0: 3 0x80002d14 (0xfea70683) x13 0xffffff84 mem 0x80011aeb
core   0: 0x80002d18 (0xfc750b83) lb      s7, -57(a0)
core   0: 3 0x80002d18 (0xfc750b83) x23 0x00000005 mem 0x8001c1fa
core   0: 0x80002d1c (0xfcc50223) sb      a2, -60(a0)
core   0: 3 0x80002d1c (0xfcc50223) mem 0x8001c1f7 0xa0
core   0: 0x80002d20 (0xfcd71fa3) sh      a3, -33(a4)
core   0: 3 0x80002d20 (0xfcd71fa3) mem 0x80011ae0 0xff84
core   0: 0x80002d24 (0xfff4c083) lbu     ra, -1(s1)
core   0: 3 0x80002d24 (0xfff4c083) x 1 0x00000082 mem 0x80018a99
core   0: 0x80002d28 (0xf7c98283) lb      t0, -132(s3)
core   0: 3 0x80002d28 (0xf7c98283) x 5 0x00000045 mem 0x80014fdf
core   0: 0x80002d2c (0xfc7723a3) sw      t2, -57(a4)
core   0: 3 0x80002d2c (0xfc7723a3) mem 0x80011ac8 0x00000000
core   0: 0x80002d30 (0x00f70123) sb      a5, 2(a4)
core   0: 3 0x80002d30 (0x00f70123) mem 0x80011b03 0xe4
core   0: 0x80002d34 (0xf49989a3) sb      s1, -173(s3)
core   0: 3 0x80002d34 (0xf49989a3) mem 0x80014fb6 0x9a
core   0: 0x80002d38 (0xfe848fa3) sb      s0, -1(s1)
core   0: 3 0x80002d38 (0xfe848fa3) mem 0x80018a99 0x4f
core   0: 0x80002d3c (0x022723a3) sw      sp, 39(a4)
core   0: 3 0x80002d3c (0x022723a3) mem 0x80011b28 0x00000067
core   0: 0x80002d40 (0x03f51303) lh      t1, 63(a0)
core   0: 3 0x80002d40 (0x03f51303) x 6 0x00000000 mem 0x8001c272
core   0: 0x80002d44 (0xf4798083) lb      ra, -185(s3)
core   0: 3 0x80002d44 (0xf4798083) x 1 0xffffffe0 mem 0x80014faa
core   0: 0x80002d48 (0x0000e597) auipc   a1, 0xe
core   0: 3 0x80002d48 (0x0000e597) x11 0x80010d48
core   0: 0x80002d4c (0x6f958593) addi    a1, a1, 1785
core   0: 3 0x80002d4c (0x6f958593) x11 0x80011441
core   0: 0x80002d50 (0x36e84713) xori    a4, a6, 878
core   0: 3 0x80002d50 (0x36e84713) x14 0x800164a1
core   0: 0x80002d54 (0xf8a5c383) lbu     t2, -118(a1)
core   0: 3 0x80002d54 (0xf8a5c383) x 7 0x0000000a mem 0x800113cb
core   0: 0x80002d58 (0x00008f79) c.and   a4, a4
core   0: 3 0x80002d58 (0x8f79) x14 0x800164a1
core   0: 0x80002d5a (0x00000f0a) c.slli  t5, 2
core   0: 3 0x80002d5a (0x0f0a) x30 0x000001b4
core   0: 0x80002d5c (0x66f5c803) lbu     a6, 1647(a1)
core   0: 3 0x80002d5c (0x66f5c803) x16 0x0000009b mem 0x80011ab0
core   0: 0x80002d60 (0x9e9dcd93) xori    s11, s11, -1559
core   0: 3 0x80002d60 (0x9e9dcd93) x27 0x00000608
core   0: 0x80002d64 (0x00008f39) c.xor   a4, a4
core   0: 3 0x80002d64 (0x8f39) x14 0x00000000
core   0: 0x80002d66 (0x0273c3b3) div     t2, t2, t2
core   0: 3 0x80002d66 (0x0273c3b3) x 7 0x00000001
core   0: 0x80002d6a (0x00008f19) c.sub   a4, a4
core   0: 3 0x80002d6a (0x8f19) x14 0x00000000
core   0: 0x80002d6c (0x51a592a3) sh      s10, 1285(a1)
core   0: 3 0x80002d6c (0x51a592a3) mem 0x80011946 0x0008
core   0: 0x80002d70 (0x62f5c803) lbu     a6, 1583(a1)
core   0: 3 0x80002d70 (0x62f5c803) x16 0x000000f6 mem 0x80011a70
core   0: 0x80002d74 (0x3665cd83) lbu     s11, 870(a1)
core   0: 3 0x80002d74 (0x3665cd83) x27 0x0000005a mem 0x800117a7
core   0: 0x80002d78 (0x00000f36) c.slli  t5, 13
core   0: 3 0x80002d78 (0x0f36) x30 0x00368000
core   0: 0x80002d7a (0x44e58d23) sb      a4, 1114(a1)
core   0: 3 0x80002d7a (0x44e58d23) mem 0x8001189b 0x0
core   0: 0x80002d7e (0x03b3cdb3) div     s11, t2, s11
core   0: 3 0x80002d7e (0x03b3cdb3) x27 0x00000000
core   0: 0x80002d82 (0xca45c803) lbu     a6, -860(a1)
core   0: 3 0x80002d82 (0xca45c803) x16 0x00000032 mem 0x800110e5
core   0: 0x80002d86 (0x0725cd83) lbu     s11, 114(a1)
core   0: 3 0x80002d86 (0x0725cd83) x27 0x000000fb mem 0x800114b3
core   0: 0x80002d8a (0x027703b3) mul     t2, a4, t2
core   0: 3 0x80002d8a (0x027703b3) x 7 0x00000000
core   0: 0x80002d8e (0x7c759da3) sh      t2, 2011(a1)
core   0: 3 0x80002d8e (0x7c759da3) mem 0x80011c1c 0x0000
core   0: 0x80002d92 (0x005f5813) srli    a6, t5, 5
core   0: 3 0x80002d92 (0x005f5813) x16 0x0001b400
core   0: 0x80002d96 (0xf673e713) ori     a4, t2, -153
core   0: 3 0x80002d96 (0xf673e713) x14 0xffffff67
core   0: 0x80002d9a (0xfd658d83) lb      s11, -42(a1)
core   0: 3 0x80002d9a (0xfd658d83) x27 0xffffffb3 mem 0x80011417
core   0: 0x80002d9e (0x5685c803) lbu     a6, 1384(a1)
core   0: 3 0x80002d9e (0x5685c803) x16 0x00000071 mem 0x800119a9
core   0: 0x80002da2 (0x44058f03) lb      t5, 1088(a1)
core   0: 3 0x80002da2 (0x44058f03) x30 0x0000000b mem 0x80011881
core   0: 0x80002da6 (0x0e45c803) lbu     a6, 228(a1)
core   0: 3 0x80002da6 (0x0e45c803) x16 0x000000dc mem 0x80011525
core   0: 0x80002daa (0xfd959d83) lh      s11, -39(a1)
core   0: 3 0x80002daa (0xfd959d83) x27 0x00005923 mem 0x8001141a
core   0: 0x80002dae (0x0000100f) fence.i
core   0: 3 0x80002dae (0x0000100f)
core   0: 0x80002db2 (0x01adb833) sltu    a6, s11, s10
core   0: 3 0x80002db2 (0x01adb833) x16 0x00000000
core   0: 0x80002db6 (0x0000100f) fence.i
core   0: 3 0x80002db6 (0x0000100f)
core   0: 0x80002dba (0x71a5c383) lbu     t2, 1818(a1)
core   0: 3 0x80002dba (0x71a5c383) x 7 0x000000c0 mem 0x80011b5b
core   0: 0x80002dbe (0x00008b29) c.andi  a4, 10
core   0: 3 0x80002dbe (0x8b29) x14 0x00000002
core   0: 0x80002dc0 (0x26d86f13) ori     t5, a6, 621
core   0: 3 0x80002dc0 (0x26d86f13) x30 0x0000026d
core   0: 0x80002dc4 (0x01add3b3) srl     t2, s11, s10
core   0: 3 0x80002dc4 (0x01add3b3) x 7 0x00000059
core   0: 0x80002dc8 (0x4c286393) ori     t2, a6, 1218
core   0: 3 0x80002dc8 (0x4c286393) x 7 0x000004c2
core   0: 0x80002dcc (0x07e58323) sb      t5, 102(a1)
core   0: 3 0x80002dcc (0x07e58323) mem 0x800114a7 0x6d
core   0: 0x80002dd0 (0x00009d42) c.add   s10, a6
core   0: 3 0x80002dd0 (0x9d42) x26 0x00000008
core   0: 0x80002dd2 (0x13559f03) lh      t5, 309(a1)
core   0: 3 0x80002dd2 (0x13559f03) x30 0x000062ed mem 0x80011576
core   0: 0x80002dd6 (0x00000001) c.nop
core   0: 3 0x80002dd6 (0x0001)
core   0: 0x80002dd8 (0x6ad58803) lb      a6, 1709(a1)
core   0: 3 0x80002dd8 (0x6ad58803) x16 0xffffffc3 mem 0x80011aee
core   0: 0x80002ddc (0x0000df97) auipc   t6, 0xd
core   0: 3 0x80002ddc (0x0000df97) x31 0x8000fddc
core   0: 0x80002de0 (0x491f8f93) addi    t6, t6, 1169
core   0: 3 0x80002de0 (0x491f8f93) x31 0x8001026d
core   0: 0x80002de4 (0x00009a12) c.add   s4, tp
core   0: 3 0x80002de4 (0x9a12) x20 0x0000013f
core   0: 0x80002de6 (0x018fca03) lbu     s4, 24(t6)
core   0: 3 0x80002de6 (0x018fca03) x20 0x000000ff mem 0x80010285
core   0: 0x80002dea (0x6a3ccd93) xori    s11, s9, 1699
core   0: 3 0x80002dea (0x6a3ccd93) x27 0x000006a3
core   0: 0x80002dee (0x01df8703) lb      a4, 29(t6)
core   0: 3 0x80002dee (0x01df8703) x14 0xffffff95 mem 0x8001028a
core   0: 0x80002df2 (0x210d5637) lui     a2, 0x210d5
core   0: 3 0x80002df2 (0x210d5637) x12 0x210d5000
core   0: 0x80002df6 (0x00009406) c.add   s0, ra
core   0: 3 0x80002df6 (0x9406) x 8 0x0000002f
core   0: 0x80002df8 (0xfd4fcf03) lbu     t5, -44(t6)
core   0: 3 0x80002df8 (0xfd4fcf03) x30 0x000000b9 mem 0x80010241
core   0: 0x80002dfc (0xffefc483) lbu     s1, -2(t6)
core   0: 3 0x80002dfc (0xffefc483) x 9 0x000000d0 mem 0x8001026b
core   0: 0x80002e00 (0x01efce83) lbu     t4, 30(t6)
core   0: 3 0x80002e00 (0x01efce83) x29 0x0000001d mem 0x8001028b
core   0: 0x80002e04 (0xff4fc403) lbu     s0, -12(t6)
core   0: 3 0x80002e04 (0xff4fc403) x 8 0x0000004e mem 0x80010261
core   0: 0x80002e08 (0x005fa9a3) sw      t0, 19(t6)
core   0: 3 0x80002e08 (0x005fa9a3) mem 0x80010280 0x00000045
core   0: 0x80002e0c (0x00d37f33) and     t5, t1, a3
core   0: 3 0x80002e0c (0x00d37f33) x30 0x00000000
core   0: 0x80002e10 (0x00000bfe) c.slli  s7, 31
core   0: 3 0x80002e10 (0x0bfe) x23 0x80000000
core   0: 0x80002e12 (0x036fcb83) lbu     s7, 54(t6)
core   0: 3 0x80002e12 (0x036fcb83) x23 0x000000d6 mem 0x800102a3
core   0: 0x80002e16 (0x261d8993) addi    s3, s11, 609
core   0: 3 0x80002e16 (0x261d8993) x19 0x00000904
core   0: 0x80002e1a (0x0e8ded93) ori     s11, s11, 232
core   0: 3 0x80002e1a (0x0e8ded93) x27 0x000006eb
core   0: 0x80002e1e (0x03eee5b3) rem     a1, t4, t5
core   0: 3 0x80002e1e (0x03eee5b3) x11 0x0000001d
core   0: 0x80002e22 (0x029fd403) lhu     s0, 41(t6)
core   0: 3 0x80002e22 (0x029fd403) x 8 0x0000b7db mem 0x80010296
core   0: 0x80002e26 (0xfcdf9ca3) sh      a3, -39(t6)
core   0: 3 0x80002e26 (0xfcdf9ca3) mem 0x80010246 0xff84
core   0: 0x80002e2a (0x028ce733) rem     a4, s9, s0
core   0: 3 0x80002e2a (0x028ce733) x14 0x00000000
core   0: 0x80002e2e (0xfd4fcd03) lbu     s10, -44(t6)
core   0: 3 0x80002e2e (0xfd4fcd03) x26 0x000000b9 mem 0x80010241
core   0: 0x80002e32 (0x00009cf2) c.add   s9, t3
core   0: 3 0x80002e32 (0x9cf2) x25 0x00000065
core   0: 0x80002e34 (0x019f8f23) sb      s9, 30(t6)
core   0: 3 0x80002e34 (0x019f8f23) mem 0x8001028b 0x65
core   0: 0x80002e38 (0x034585b3) mul     a1, a1, s4
core   0: 3 0x80002e38 (0x034585b3) x11 0x00001ce3
core   0: 0x80002e3c (0x01d3db93) srli    s7, t2, 29
core   0: 3 0x80002e3c (0x01d3db93) x23 0x00000000
core   0: 0x80002e40 (0x013f90a3) sh      s3, 1(t6)
core   0: 3 0x80002e40 (0x013f90a3) mem 0x8001026e 0x0904
core   0: 0x80002e44 (0x00004e99) c.li    t4, 6
core   0: 3 0x80002e44 (0x4e99) x29 0x00000006
core   0: 0x80002e46 (0x03065cb3) divu    s9, a2, a6
core   0: 3 0x80002e46 (0x03065cb3) x25 0x00000000
core   0: 0x80002e4a (0x02b23033) mulhu   zero, tp, a1
core   0: 3 0x80002e4a (0x02b23033)
core   0: 0x80002e4e (0x03a81cb3) mulh    s9, a6, s10
core   0: 3 0x80002e4e (0x03a81cb3) x25 0xffffffff
core   0: 0x80002e52 (0x00e901b3) add     gp, s2, a4
core   0: 3 0x80002e52 (0x00e901b3) x 3 0xffffffa0
core   0: 0x80002e56 (0x01981c93) slli    s9, a6, 25
core   0: 3 0x80002e56 (0x01981c93) x25 0x86000000
core   0: 0x80002e5a (0x00009b46) c.add   s6, a7
core   0: 3 0x80002e5a (0x9b46) x22 0x00000096
core   0: 0x80002e5c (0x00008839) c.andi  s0, 14
core   0: 3 0x80002e5c (0x8839) x 8 0x0000000a
core   0: 0x80002e5e (0x40f55d13) srai    s10, a0, 15
core   0: 3 0x80002e5e (0x40f55d13) x26 0xffff0003
core   0: 0x80002e62 (0x016043b3) xor     t2, zero, s6
core   0: 3 0x80002e62 (0x016043b3) x 7 0x00000096
core   0: 0x80002e66 (0x00009846) c.add   a6, a7
core   0: 3 0x80002e66 (0x9846) x16 0xffffffc3
core   0: 0x80002e68 (0xfc2f8583) lb      a1, -62(t6)
core   0: 3 0x80002e68 (0xfc2f8583) x11 0xffffffdd mem 0x8001022f
core   0: 0x80002e6c (0x006fca03) lbu     s4, 6(t6)
core   0: 3 0x80002e6c (0x006fca03) x20 0x0000000f mem 0x80010273
core   0: 0x80002e70 (0xfd6f8b83) lb      s7, -42(t6)
core   0: 3 0x80002e70 (0xfd6f8b83) x23 0x00000068 mem 0x80010243
core   0: 0x80002e74 (0x33bfb413) sltiu   s0, t6, 827
core   0: 3 0x80002e74 (0x33bfb413) x 8 0x00000000
core   0: 0x80002e78 (0x0196eb33) or      s6, a3, s9
core   0: 3 0x80002e78 (0x0196eb33) x22 0xffffff84
core   0: 0x80002e7c (0xff5f9c83) lh      s9, -11(t6)
core   0: 3 0x80002e7c (0xff5f9c83) x25 0x00000cc1 mem 0x80010262
core   0: 0x80002e80 (0x02bf8383) lb      t2, 43(t6)
core   0: 3 0x80002e80 (0x02bf8383) x 7 0xfffffffe mem 0x80010298
core   0: 0x80002e84 (0xffcf8483) lb      s1, -4(t6)
core   0: 3 0x80002e84 (0xffcf8483) x 9 0xffffffc8 mem 0x80010269
core   0: 0x80002e88 (0xfdef8c83) lb      s9, -34(t6)
core   0: 3 0x80002e88 (0xfdef8c83) x25 0x00000000 mem 0x8001024b
core   0: 0x80002e8c (0xfdffd303) lhu     t1, -33(t6)
core   0: 3 0x80002e8c (0xfdffd303) x 6 0x00002dd2 mem 0x8001024c
core   0: 0x80002e90 (0x03cf8f23) sb      t3, 62(t6)
core   0: 3 0x80002e90 (0x03cf8f23) mem 0x800102ab 0x65
core   0: 0x80002e94 (0x01e00def) jal     s11, pc + 0x1e
core   0: 3 0x80002e94 (0x01e00def) x27 0x80002e98
core   0: 0x80002eb2 (0x000037e5) c.jal   pc - 24
core   0: 3 0x80002eb2 (0x37e5) x 1 0x80002eb4
core   0: 0x80002e9a (0x0000a00d) c.j     pc + 34
core   0: 3 0x80002e9a (0xa00d)
core   0: 0x80002ebc (0x0000a029) c.j     pc + 10
core   0: 3 0x80002ebc (0xa029)
core   0: 0x80002ec6 (0x0000b7cd) c.j     pc - 30
core   0: 3 0x80002ec6 (0xb7cd)
core   0: 0x80002ea8 (0x0000a01d) c.j     pc + 38
core   0: 3 0x80002ea8 (0xa01d)
core   0: 0x80002ece (0x00003ff1) c.jal   pc - 36
core   0: 3 0x80002ece (0x3ff1) x 1 0x80002ed0
core   0: 0x80002eaa (0x00003fcd) c.jal   pc - 14
core   0: 3 0x80002eaa (0x3fcd) x 1 0x80002eac
core   0: 0x80002e9c (0x0000a831) c.j     pc + 28
core   0: 3 0x80002e9c (0xa831)
core   0: 0x80002eb8 (0x00c000ef) jal     pc + 0xc
core   0: 3 0x80002eb8 (0x00c000ef) x 1 0x80002ebc
core   0: 0x80002ec4 (0x00002031) c.jal   pc + 12
core   0: 3 0x80002ec4 (0x2031) x 1 0x80002ec6
core   0: 0x80002ed0 (0x000037d5) c.jal   pc - 28
core   0: 3 0x80002ed0 (0x37d5) x 1 0x80002ed2
core   0: 0x80002eb4 (0xff9ff16f) jal     sp, pc - 0x8
core   0: 3 0x80002eb4 (0xff9ff16f) x 2 0x80002eb8
core   0: 0x80002eac (0xfedff0ef) jal     pc - 0x14
core   0: 3 0x80002eac (0xfedff0ef) x 1 0x80002eb0
core   0: 0x80002e98 (0x00002019) c.jal   pc + 6
core   0: 3 0x80002e98 (0x2019) x 1 0x80002e9a
core   0: 0x80002e9e (0x02e0036f) jal     t1, pc + 0x2e
core   0: 3 0x80002e9e (0x02e0036f) x 6 0x80002ea2
core   0: 0x80002ecc (0x0000bff5) c.j     pc - 4
core   0: 3 0x80002ecc (0xbff5)
core   0: 0x80002ec8 (0xfddff36f) jal     t1, pc - 0x24
core   0: 3 0x80002ec8 (0xfddff36f) x 6 0x80002ecc
core   0: 0x80002ea4 (0x01a000ef) jal     pc + 0x1a
core   0: 3 0x80002ea4 (0x01a000ef) x 1 0x80002ea8
core   0: 0x80002ebe (0x0140036f) jal     t1, pc + 0x14
core   0: 3 0x80002ebe (0x0140036f) x 6 0x80002ec2
core   0: 0x80002ed2 (0x0000bff9) c.j     pc - 34
core   0: 3 0x80002ed2 (0xbff9)
core   0: 0x80002eb0 (0x00002809) c.jal   pc + 18
core   0: 3 0x80002eb0 (0x2809) x 1 0x80002eb2
core   0: 0x80002ec2 (0x0000b7c5) c.j     pc - 32
core   0: 3 0x80002ec2 (0xb7c5)
core   0: 0x80002ea2 (0x0000a80d) c.j     pc + 50
core   0: 3 0x80002ea2 (0xa80d)
core   0: 0x80002ed4 (0x41405e33) sra     t3, zero, s4
core   0: 3 0x80002ed4 (0x41405e33) x28 0x00000000
core   0: 0x80002ed8 (0x00016997) auipc   s3, 0x16
core   0: 3 0x80002ed8 (0x00016997) x19 0x80018ed8
core   0: 0x80002edc (0x7e098993) addi    s3, s3, 2016
core   0: 3 0x80002edc (0x7e098993) x19 0x800196b8
core   0: 0x80002ee0 (0x00699b03) lh      s6, 6(s3)
core   0: 3 0x80002ee0 (0x00699b03) x22 0xffff8579 mem 0x800196be
core   0: 0x80002ee4 (0xff298b03) lb      s6, -14(s3)
core   0: 3 0x80002ee4 (0xff298b03) x22 0xffffffb1 mem 0x800196aa
core   0: 0x80002ee8 (0x00009e6e) c.add   t3, s11
core   0: 3 0x80002ee8 (0x9e6e) x28 0x80002e98
core   0: 0x80002eea (0xff29cb83) lbu     s7, -14(s3)
core   0: 3 0x80002eea (0xff29cb83) x23 0x000000b1 mem 0x800196aa
core   0: 0x80002eee (0x00a98183) lb      gp, 10(s3)
core   0: 3 0x80002eee (0x00a98183) x 3 0x00000024 mem 0x800196c2
core   0: 0x80002ef2 (0x00e99f83) lh      t6, 14(s3)
core   0: 3 0x80002ef2 (0x00e99f83) x31 0xffffbadf mem 0x800196c6
core   0: 0x80002ef6 (0xff798903) lb      s2, -9(s3)
core   0: 3 0x80002ef6 (0xff798903) x18 0xffffff93 mem 0x800196af
core   0: 0x80002efa (0x82917d93) andi    s11, sp, -2007
core   0: 3 0x80002efa (0x82917d93) x27 0x80002828
core   0: 0x80002efe (0xffe98c83) lb      s9, -2(s3)
core   0: 3 0x80002efe (0xffe98c83) x25 0x00000002 mem 0x800196b6
core   0: 0x80002f02 (0x0059c803) lbu     a6, 5(s3)
core   0: 3 0x80002f02 (0x0059c803) x16 0x000000c3 mem 0x800196bd
core   0: 0x80002f06 (0x12cb5cb7) lui     s9, 0x12cb5
core   0: 3 0x80002f06 (0x12cb5cb7) x25 0x12cb5000
core   0: 0x80002f0a (0x0179a823) sw      s7, 16(s3)
core   0: 3 0x80002f0a (0x0179a823) mem 0x800196c8 0x000000b1
core   0: 0x80002f0e (0xfff98e03) lb      t3, -1(s3)
core   0: 3 0x80002f0e (0xfff98e03) x28 0xffffff80 mem 0x800196b7
core   0: 0x80002f12 (0x01ed13b3) sll     t2, s10, t5
core   0: 3 0x80002f12 (0x01ed13b3) x 7 0xffff0003
core   0: 0x80002f16 (0xfff9cf83) lbu     t6, -1(s3)
core   0: 3 0x80002f16 (0xfff9cf83) x31 0x00000080 mem 0x800196b7
core   0: 0x80002f1a (0xfff98403) lb      s0, -1(s3)
core   0: 3 0x80002f1a (0xfff98403) x 8 0xffffff80 mem 0x800196b7
core   0: 0x80002f1e (0xfff98083) lb      ra, -1(s3)
core   0: 3 0x80002f1e (0xfff98083) x 1 0xffffff80 mem 0x800196b7
core   0: 0x80002f22 (0x76d66f93) ori     t6, a2, 1901
core   0: 3 0x80002f22 (0x76d66f93) x31 0x210d576d
core   0: 0x80002f26 (0x0049c503) lbu     a0, 4(s3)
core   0: 3 0x80002f26 (0x0049c503) x10 0x00000034 mem 0x800196bc
core   0: 0x80002f2a (0x015b82b3) add     t0, s7, s5
core   0: 3 0x80002f2a (0x015b82b3) x 5 0x80025f15
core   0: 0x80002f2e (0x89483313) sltiu   t1, a6, -1900
core   0: 3 0x80002f2e (0x89483313) x 6 0x00000001
core   0: 0x80002f32 (0x0009a223) sw      zero, 4(s3)
core   0: 3 0x80002f32 (0x0009a223) mem 0x800196bc 0x00000000
core   0: 0x80002f36 (0x00598583) lb      a1, 5(s3)
core   0: 3 0x80002f36 (0x00598583) x11 0x00000000 mem 0x800196bd
core   0: 0x80002f3a (0x0009a603) lw      a2, 0(s3)
core   0: 3 0x80002f3a (0x0009a603) x12 0x45394094 mem 0x800196b8
core   0: 0x80002f3e (0x00398583) lb      a1, 3(s3)
core   0: 3 0x80002f3e (0x00398583) x11 0x00000045 mem 0x800196bb
core   0: 0x80002f42 (0x01098b03) lb      s6, 16(s3)
core   0: 3 0x80002f42 (0x01098b03) x22 0xffffffb1 mem 0x800196c8
core   0: 0x80002f46 (0x0000e717) auipc   a4, 0xe
core   0: 3 0x80002f46 (0x0000e717) x14 0x80010f46
core   0: 0x80002f4a (0xcaf70713) addi    a4, a4, -849
core   0: 3 0x80002f4a (0xcaf70713) x14 0x80010bf5
core   0: 0x80002f4e (0xf3970623) sb      s9, -212(a4)
core   0: 3 0x80002f4e (0xf3970623) mem 0x80010b21 0x0
core   0: 0x80002f52 (0x00000bc2) c.slli  s7, 16
core   0: 3 0x80002f52 (0x0bc2) x23 0x00b10000
core   0: 0x80002f54 (0x00008ded) c.and   a1, a1
core   0: 3 0x80002f54 (0x8ded) x11 0x00000045
core   0: 0x80002f56 (0x00008a52) c.mv    s4, s4
core   0: 3 0x80002f56 (0x8a52) x20 0x0000000f
core   0: 0x80002f58 (0xf1270603) lb      a2, -238(a4)
core   0: 3 0x80002f58 (0xf1270603) x12 0xffffff8f mem 0x80010b07
core   0: 0x80002f5c (0x0a670583) lb      a1, 166(a4)
core   0: 3 0x80002f5c (0x0a670583) x11 0xffffffe3 mem 0x80010c9b
core   0: 0x80002f60 (0x2a45cc93) xori    s9, a1, 676
core   0: 3 0x80002f60 (0x2a45cc93) x25 0xfffffd47
core   0: 0x80002f64 (0x00bce5b3) or      a1, s9, a1
core   0: 3 0x80002f64 (0x00bce5b3) x11 0xffffffe7
core   0: 0x80002f68 (0x00004951) c.li    s2, 20
core   0: 3 0x80002f68 (0x4951) x18 0x00000014
core   0: 0x80002f6a (0x00008e51) c.or    a2, a2
core   0: 3 0x80002f6a (0x8e51) x12 0xffffff8f
core   0: 0x80002f6c (0xfec70623) sb      a2, -20(a4)
core   0: 3 0x80002f6c (0xfec70623) mem 0x80010be1 0x8f
core   0: 0x80002f70 (0x00008df1) c.and   a1, a2
core   0: 3 0x80002f70 (0x8df1) x11 0xffffff87
core   0: 0x80002f72 (0xc86a7c93) andi    s9, s4, -890
core   0: 3 0x80002f72 (0xc86a7c93) x25 0x00000006
core   0: 0x80002f76 (0x07772da3) sw      s7, 123(a4)
core   0: 3 0x80002f76 (0x07772da3) mem 0x80010c70 0x00b10000
core   0: 0x80002f7a (0xb8e5bc93) sltiu   s9, a1, -1138
core   0: 3 0x80002f7a (0xb8e5bc93) x25 0x00000000
core   0: 0x80002f7e (0x0cc74b83) lbu     s7, 204(a4)
core   0: 3 0x80002f7e (0x0cc74b83) x23 0x0000002e mem 0x80010cc1
core   0: 0x80002f82 (0xbf292913) slti    s2, s2, -1038
core   0: 3 0x80002f82 (0xbf292913) x18 0x00000000
core   0: 0x80002f86 (0x02b5d933) divu    s2, a1, a1
core   0: 3 0x80002f86 (0x02b5d933) x18 0x00000001
core   0: 0x80002f8a (0x00008db1) c.xor   a1, a2
core   0: 3 0x80002f8a (0x8db1) x11 0x00000008
core   0: 0x80002f8c (0x02cca633) mulhsu  a2, s9, a2
core   0: 3 0x80002f8c (0x02cca633) x12 0x00000000
core   0: 0x80002f90 (0x03490bb3) mul     s7, s2, s4
core   0: 3 0x80002f90 (0x03490bb3) x23 0x0000000f
core   0: 0x80002f94 (0xf8a70603) lb      a2, -118(a4)
core   0: 3 0x80002f94 (0xf8a70603) x12 0xffffffb4 mem 0x80010b7f
core   0: 0x80002f98 (0x000085ae) c.mv    a1, a1
core   0: 3 0x80002f98 (0x85ae) x11 0x00000008
core   0: 0x80002f9a (0xa39c8613) addi    a2, s9, -1479
core   0: 3 0x80002f9a (0xa39c8613) x12 0xfffffa39
core   0: 0x80002f9e (0x034a4bb3) div     s7, s4, s4
core   0: 3 0x80002f9e (0x034a4bb3) x23 0x00000001
core   0: 0x80002fa2 (0x0125d5b3) srl     a1, a1, s2
core   0: 3 0x80002fa2 (0x0125d5b3) x11 0x00000004
core   0: 0x80002fa6 (0xfbb72c83) lw      s9, -69(a4)
core   0: 3 0x80002fa6 (0xfbb72c83) x25 0x3a019292 mem 0x80010bb0
core   0: 0x80002faa (0x02c655b3) divu    a1, a2, a2
core   0: 3 0x80002faa (0x02c655b3) x11 0x00000001
core   0: 0x80002fae (0x000099fd) c.andi  a1, -1
core   0: 3 0x80002fae (0x99fd) x11 0x00000001
core   0: 0x80002fb0 (0x00008dad) c.xor   a1, a1
core   0: 3 0x80002fb0 (0x8dad) x11 0x00000000
core   0: 0x80002fb2 (0x00008e6d) c.and   a2, a1
core   0: 3 0x80002fb2 (0x8e6d) x12 0x00000000
core   0: 0x80002fb4 (0x00009bd2) c.add   s7, s4
core   0: 3 0x80002fb4 (0x9bd2) x23 0x00000010
core   0: 0x80002fb6 (0x0c274603) lbu     a2, 194(a4)
core   0: 3 0x80002fb6 (0x0c274603) x12 0x0000008a mem 0x80010cb7
core   0: 0x80002fba (0x0000667d) c.lui   a2, 0x1f
core   0: 3 0x80002fba (0x667d) x12 0x0001f000
core   0: 0x80002fbc (0x00ba5633) srl     a2, s4, a1
core   0: 3 0x80002fbc (0x00ba5633) x12 0x0000000f
core   0: 0x80002fc0 (0xf3670603) lb      a2, -202(a4)
core   0: 3 0x80002fc0 (0xf3670603) x12 0x0000000c mem 0x80010b2b
core   0: 0x80002fc4 (0x00000cc2) c.slli  s9, 16
core   0: 3 0x80002fc4 (0x0cc2) x25 0x92920000
core   0: 0x80002fc6 (0x5d9ce613) ori     a2, s9, 1497
core   0: 3 0x80002fc6 (0x5d9ce613) x12 0x929205d9
core   0: 0x80002fca (0x02a70c83) lb      s9, 42(a4)
core   0: 3 0x80002fca (0x02a70c83) x25 0xffffffcb mem 0x80010c1f
core   0: 0x80002fce (0x41260cb3) sub     s9, a2, s2
core   0: 3 0x80002fce (0x41260cb3) x25 0x929205d8
core   0: 0x80002fd2 (0x0105dc93) srli    s9, a1, 16
core   0: 3 0x80002fd2 (0x0105dc93) x25 0x00000000
core   0: 0x80002fd6 (0xfb575b83) lhu     s7, -75(a4)
core   0: 3 0x80002fd6 (0xfb575b83) x23 0x0000776f mem 0x80010baa
core   0: 0x80002fda (0x05772fa3) sw      s7, 95(a4)
core   0: 3 0x80002fda (0x05772fa3) mem 0x80010c54 0x0000776f
core   0: 0x80002fde (0x00012497) auipc   s1, 0x12
core   0: 3 0x80002fde (0x00012497) x 9 0x80014fde
core   0: 0x80002fe2 (0xec948493) addi    s1, s1, -311
core   0: 3 0x80002fe2 (0xec948493) x 9 0x80014ea7
core   0: 0x80002fe6 (0x0000d097) auipc   ra, 0xd
core   0: 3 0x80002fe6 (0x0000d097) x 1 0x8000ffe6
core   0: 0x80002fea (0x3c508093) addi    ra, ra, 965
core   0: 3 0x80002fea (0x3c508093) x 1 0x800103ab
core   0: 0x80002fee (0xdfb0df83) lhu     t6, -517(ra)
core   0: 3 0x80002fee (0xdfb0df83) x31 0x00005485 mem 0x800101a6
core   0: 0x80002ff2 (0x0f708823) sb      s7, 240(ra)
core   0: 3 0x80002ff2 (0x0f708823) mem 0x8001049b 0x6f
core   0: 0x80002ff6 (0xd5c08f23) sb      t3, -674(ra)
core   0: 3 0x80002ff6 (0xd5c08f23) mem 0x80010109 0x80
core   0: 0x80002ffa (0x01a4c103) lbu     sp, 26(s1)
core   0: 3 0x80002ffa (0x01a4c103) x 2 0x000000b6 mem 0x80014ec1
core   0: 0x80002ffe (0x19008a23) sb      a6, 404(ra)
core   0: 3 0x80002ffe (0x19008a23) mem 0x8001053f 0xc3
core   0: 0x80003002 (0xd6c0c303) lbu     t1, -660(ra)
core   0: 3 0x80003002 (0xd6c0c303) x 6 0x000000d8 mem 0x80010117
core   0: 0x80003006 (0x0314af03) lw      t5, 49(s1)
core   0: 3 0x80003006 (0x0314af03) x30 0xef0cf4f3 mem 0x80014ed8
core   0: 0x8000300a (0x3e008323) sb      zero, 998(ra)
core   0: 3 0x8000300a (0x3e008323) mem 0x80010791 0x0
core   0: 0x8000300e (0xfeb48803) lb      a6, -21(s1)
core   0: 3 0x8000300e (0xfeb48803) x16 0x00000041 mem 0x80014e92
core   0: 0x80003012 (0xfe548f23) sb      t0, -2(s1)
core   0: 3 0x80003012 (0xfe548f23) mem 0x80014ea5 0x15
core   0: 0x80003016 (0x4bf08b83) lb      s7, 1215(ra)
core   0: 3 0x80003016 (0x4bf08b83) x23 0x0000005d mem 0x8001086a
core   0: 0x8000301a (0xfcb48003) lb      zero, -53(s1)
core   0: 3 0x8000301a (0xfcb48003) mem 0x80014e72
core   0: 0x8000301e (0xf20087a3) sb      zero, -209(ra)
core   0: 3 0x8000301e (0xf20087a3) mem 0x800102da 0x0
core   0: 0x80003022 (0x01348403) lb      s0, 19(s1)
core   0: 3 0x80003022 (0x01348403) x 8 0xffffffe0 mem 0x80014eba
core   0: 0x80003026 (0xffd4d203) lhu     tp, -3(s1)
core   0: 3 0x80003026 (0xffd4d203) x 4 0x0000153e mem 0x80014ea4
core   0: 0x8000302a (0x5e30d503) lhu     a0, 1507(ra)
core   0: 3 0x8000302a (0x5e30d503) x10 0x0000824a mem 0x8001098e
core   0: 0x8000302e (0x0001ea17) auipc   s4, 0x1e
core   0: 3 0x8000302e (0x0001ea17) x20 0x8002102e
core   0: 0x80003032 (0x979a0a13) addi    s4, s4, -1671
core   0: 3 0x80003032 (0x979a0a13) x20 0x800209a7
core   0: 0x80003036 (0x0aea0d23) sb      a4, 186(s4)
core   0: 3 0x80003036 (0x0aea0d23) mem 0x80020a61 0xf5
core   0: 0x8000303a (0x0000e997) auipc   s3, 0xe
core   0: 3 0x8000303a (0x0000e997) x19 0x8001103a
core   0: 0x8000303e (0xaad98993) addi    s3, s3, -1363
core   0: 3 0x8000303e (0xaad98993) x19 0x80010ae7
core   0: 0x80003042 (0xf26a4203) lbu     tp, -218(s4)
core   0: 3 0x80003042 (0xf26a4203) x 4 0x00000015 mem 0x800208cd
core   0: 0x80003046 (0x06ba24a3) sw      a1, 105(s4)
core   0: 3 0x80003046 (0x06ba24a3) mem 0x80020a10 0x00000000
core   0: 0x8000304a (0xff69c103) lbu     sp, -10(s3)
core   0: 3 0x8000304a (0xff69c103) x 2 0x0000002a mem 0x80010add
core   0: 0x8000304e (0x01f998a3) sh      t6, 17(s3)
core   0: 3 0x8000304e (0x01f998a3) mem 0x80010af8 0x5485
core   0: 0x80003052 (0x045a2103) lw      sp, 69(s4)
core   0: 3 0x80003052 (0x045a2103) x 2 0xbaeb0e14 mem 0x800209ec
core   0: 0x80003056 (0x03c9cd83) lbu     s11, 60(s3)
core   0: 3 0x80003056 (0x03c9cd83) x27 0x00000063 mem 0x80010b23
core   0: 0x8000305a (0x01399c83) lh      s9, 19(s3)
core   0: 3 0x8000305a (0x01399c83) x25 0xffffe1be mem 0x80010afa
core   0: 0x8000305e (0x06da1b03) lh      s6, 109(s4)
core   0: 3 0x8000305e (0x06da1b03) x22 0xffffedc2 mem 0x80020a14
core   0: 0x80003062 (0xfd59a103) lw      sp, -43(s3)
core   0: 3 0x80003062 (0xfd59a103) x 2 0xb7eb2999 mem 0x80010abc
core   0: 0x80003066 (0xf9aa01a3) sb      s10, -125(s4)
core   0: 3 0x80003066 (0xf9aa01a3) mem 0x8002092a 0x3
core   0: 0x8000306a (0xfe998c03) lb      s8, -23(s3)
core   0: 3 0x8000306a (0xfe998c03) x24 0xffffff94 mem 0x80010ad0
core   0: 0x8000306e (0x00ca0b03) lb      s6, 12(s4)
core   0: 3 0x8000306e (0x00ca0b03) x22 0x0000002c mem 0x800209b3
core   0: 0x80003072 (0xfa5a18a3) sh      t0, -79(s4)
core   0: 3 0x80003072 (0xfa5a18a3) mem 0x80020958 0x5f15
core   0: 0x80003076 (0x04098803) lb      a6, 64(s3)
core   0: 3 0x80003076 (0x04098803) x16 0xffffff99 mem 0x80010b27
core   0: 0x8000307a (0x01298d83) lb      s11, 18(s3)
core   0: 3 0x8000307a (0x01298d83) x27 0x00000054 mem 0x80010af9
core   0: 0x8000307e (0x03ba0683) lb      a3, 59(s4)
core   0: 3 0x8000307e (0x03ba0683) x13 0xffffffa2 mem 0x800209e2
core   0: 0x80003082 (0xf7fa5383) lhu     t2, -129(s4)
core   0: 3 0x80003082 (0xf7fa5383) x 7 0x0000d8c6 mem 0x80020926
core   0: 0x80003086 (0x03a9c703) lbu     a4, 58(s3)
core   0: 3 0x80003086 (0x03a9c703) x14 0x00000000 mem 0x80010b21
core   0: 0x8000308a (0x01e00def) jal     s11, pc + 0x1e
core   0: 3 0x8000308a (0x01e00def) x27 0x8000308e
core   0: 0x800030a8 (0xfebffc6f) jal     s8, pc - 0x16
core   0: 3 0x800030a8 (0xfebffc6f) x24 0x800030ac
core   0: 0x80003092 (0x00002019) c.jal   pc + 6
core   0: 3 0x80003092 (0x2019) x 1 0x80003094
core   0: 0x80003098 (0x016000ef) jal     pc + 0x16
core   0: 3 0x80003098 (0x016000ef) x 1 0x8000309c
core   0: 0x800030ae (0x0000b7c5) c.j     pc - 32
core   0: 3 0x800030ae (0xb7c5)
core   0: 0x8000308e (0x0000a819) c.j     pc + 22
core   0: 3 0x8000308e (0xa819)
core   0: 0x800030a4 (0xfedff0ef) jal     pc - 0x14
core   0: 3 0x800030a4 (0xfedff0ef) x 1 0x800030a8
core   0: 0x80003090 (0x00002019) c.jal   pc + 6
core   0: 3 0x80003090 (0x2019) x 1 0x80003092
core   0: 0x80003096 (0x0000a019) c.j     pc + 6
core   0: 3 0x80003096 (0xa019)
core   0: 0x8000309c (0x004000ef) jal     pc + 0x4
core   0: 3 0x8000309c (0x004000ef) x 1 0x800030a0
core   0: 0x800030a0 (0x00002009) c.jal   pc + 2
core   0: 3 0x800030a0 (0x2009) x 1 0x800030a2
core   0: 0x800030a2 (0x00003fcd) c.jal   pc - 14
core   0: 3 0x800030a2 (0x3fcd) x 1 0x800030a4
core   0: 0x80003094 (0x00002821) c.jal   pc + 24
core   0: 3 0x80003094 (0x2821) x 1 0x80003096
core   0: 0x800030ac (0x0000a011) c.j     pc + 4
core   0: 3 0x800030ac (0xa011)
core   0: 0x800030b0 (0x000098fd) c.andi  s1, -1
core   0: 3 0x800030b0 (0x98fd) x 9 0x80014ea7
core   0: 0x800030b2 (0xff900413) li      s0, -7
core   0: 3 0x800030b2 (0xff900413) x 8 0xfffffff9
core   0: 0x800030b6 (0x5dc93f93) sltiu   t6, s2, 1500
core   0: 3 0x800030b6 (0x5dc93f93) x31 0x00000001
core   0: 0x800030ba (0x00d00993) li      s3, 13
core   0: 3 0x800030ba (0x00d00993) x19 0x0000000d
core   0: 0x800030be (0x00009ee6) c.add   t4, s9
core   0: 3 0x800030be (0x9ee6) x29 0xffffe1c4
core   0: 0x800030c0 (0x011141b3) xor     gp, sp, a7
core   0: 3 0x800030c0 (0x011141b3) x 3 0xb7eb2999
core   0: 0x800030c4 (0x011a7933) and     s2, s4, a7
core   0: 3 0x800030c4 (0x011a7933) x18 0x00000000
core   0: 0x800030c8 (0x00008f3d) c.xor   a4, a5
core   0: 3 0x800030c8 (0x8f3d) x14 0x80029ce4
core   0: 0x800030ca (0x00000421) c.addi  s0, 8
core   0: 3 0x800030ca (0x0421) x 8 0x00000001
core   0: 0x800030cc (0x14236313) ori     t1, t1, 322
core   0: 3 0x800030cc (0x14236313) x 6 0x000001da
core   0: 0x800030d0 (0x00009146) c.add   sp, a7
core   0: 3 0x800030d0 (0x9146) x 2 0xb7eb2999
core   0: 0x800030d2 (0x41795713) srai    a4, s2, 23
core   0: 3 0x800030d2 (0x41795713) x14 0x00000000
core   0: 0x800030d6 (0x60b46497) auipc   s1, 0x60b46
core   0: 3 0x800030d6 (0x60b46497) x 9 0xe0b490d6
core   0: 0x800030da (0x00000932) c.slli  s2, 12
core   0: 3 0x800030da (0x0932) x18 0x00000000
core   0: 0x800030dc (0x00a00293) li      t0, 10
core   0: 3 0x800030dc (0x00a00293) x 5 0x0000000a
core   0: 0x800030e0 (0x000084ad) c.srai  s1, 11
core   0: 3 0x800030e0 (0x84ad) x 9 0xfffc1692
core   0: 0x800030e2 (0xfee00813) li      a6, -18
core   0: 3 0x800030e2 (0xfee00813) x16 0xffffffee
core   0: 0x800030e6 (0xe0767593) andi    a1, a2, -505
core   0: 3 0x800030e6 (0xe0767593) x11 0x92920401
core   0: 0x800030ea (0x00004c29) c.li    s8, 10
core   0: 3 0x800030ea (0x4c29) x24 0x0000000a
core   0: 0x800030ec (0x00008d11) c.sub   a0, a2
core   0: 3 0x800030ec (0x8d11) x10 0x6d6e7c71
core   0: 0x800030ee (0x0ff0000f) fence   iorw,iorw
core   0: 3 0x800030ee (0x0ff0000f)
core   0: 0x800030f2 (0x000012f1) c.addi  t0, -4
core   0: 3 0x800030f2 (0x12f1) x 5 0x00000006
core   0: 0x800030f4 (0x0000717d) c.addi16sp sp, -16
core   0: 3 0x800030f4 (0x717d) x 2 0xb7eb2989
core   0: 0x800030f6 (0xd6520313) addi    t1, tp, -667
core   0: 3 0x800030f6 (0xd6520313) x 6 0xfffffd7a
core   0: 0x800030fa (0x00001490) c.addi4spn a2, sp, 608
core   0: 3 0x800030fa (0x1490) x12 0xb7eb2be9
core   0: 0x800030fc (0x00005cfd) c.li    s9, -1
core   0: 3 0x800030fc (0x5cfd) x25 0xffffffff
core   0: 0x800030fe (0x402f04b3) sub     s1, t5, sp
core   0: 3 0x800030fe (0x402f04b3) x 9 0x3721cb6a
core   0: 0x80003102 (0xff0285e3) beq     t0, a6, pc - 22
core   0: 3 0x80003102 (0xff0285e3)
core   0: 0x80003106 (0x0ff0000f) fence   iorw,iorw
core   0: 3 0x80003106 (0x0ff0000f)
core   0: 0x8000310a (0x021144b3) div     s1, sp, ra
core   0: 3 0x8000310a (0x021144b3) x 9 0x00000000
core   0: 0x8000310e (0xfb3449e3) blt     s0, s3, pc - 78
core   0: 3 0x8000310e (0xfb3449e3)
core   0: 0x800030c0 (0x011141b3) xor     gp, sp, a7
core   0: 3 0x800030c0 (0x011141b3) x 3 0xb7eb2989
core   0: 0x800030c4 (0x011a7933) and     s2, s4, a7
core   0: 3 0x800030c4 (0x011a7933) x18 0x00000000
core   0: 0x800030c8 (0x00008f3d) c.xor   a4, a5
core   0: 3 0x800030c8 (0x8f3d) x14 0x80029ce4
core   0: 0x800030ca (0x00000421) c.addi  s0, 8
core   0: 3 0x800030ca (0x0421) x 8 0x00000009
core   0: 0x800030cc (0x14236313) ori     t1, t1, 322
core   0: 3 0x800030cc (0x14236313) x 6 0xfffffd7a
core   0: 0x800030d0 (0x00009146) c.add   sp, a7
core   0: 3 0x800030d0 (0x9146) x 2 0xb7eb2989
core   0: 0x800030d2 (0x41795713) srai    a4, s2, 23
core   0: 3 0x800030d2 (0x41795713) x14 0x00000000
core   0: 0x800030d6 (0x60b46497) auipc   s1, 0x60b46
core   0: 3 0x800030d6 (0x60b46497) x 9 0xe0b490d6
core   0: 0x800030da (0x00000932) c.slli  s2, 12
core   0: 3 0x800030da (0x0932) x18 0x00000000
core   0: 0x800030dc (0x00a00293) li      t0, 10
core   0: 3 0x800030dc (0x00a00293) x 5 0x0000000a
core   0: 0x800030e0 (0x000084ad) c.srai  s1, 11
core   0: 3 0x800030e0 (0x84ad) x 9 0xfffc1692
core   0: 0x800030e2 (0xfee00813) li      a6, -18
core   0: 3 0x800030e2 (0xfee00813) x16 0xffffffee
core   0: 0x800030e6 (0xe0767593) andi    a1, a2, -505
core   0: 3 0x800030e6 (0xe0767593) x11 0xb7eb2a01
core   0: 0x800030ea (0x00004c29) c.li    s8, 10
core   0: 3 0x800030ea (0x4c29) x24 0x0000000a
core   0: 0x800030ec (0x00008d11) c.sub   a0, a2
core   0: 3 0x800030ec (0x8d11) x10 0xb5835088
core   0: 0x800030ee (0x0ff0000f) fence   iorw,iorw
core   0: 3 0x800030ee (0x0ff0000f)
core   0: 0x800030f2 (0x000012f1) c.addi  t0, -4
core   0: 3 0x800030f2 (0x12f1) x 5 0x00000006
core   0: 0x800030f4 (0x0000717d) c.addi16sp sp, -16
core   0: 3 0x800030f4 (0x717d) x 2 0xb7eb2979
core   0: 0x800030f6 (0xd6520313) addi    t1, tp, -667
core   0: 3 0x800030f6 (0xd6520313) x 6 0xfffffd7a
core   0: 0x800030fa (0x00001490) c.addi4spn a2, sp, 608
core   0: 3 0x800030fa (0x1490) x12 0xb7eb2bd9
core   0: 0x800030fc (0x00005cfd) c.li    s9, -1
core   0: 3 0x800030fc (0x5cfd) x25 0xffffffff
core   0: 0x800030fe (0x402f04b3) sub     s1, t5, sp
core   0: 3 0x800030fe (0x402f04b3) x 9 0x3721cb7a
core   0: 0x80003102 (0xff0285e3) beq     t0, a6, pc - 22
core   0: 3 0x80003102 (0xff0285e3)
core   0: 0x80003106 (0x0ff0000f) fence   iorw,iorw
core   0: 3 0x80003106 (0x0ff0000f)
core   0: 0x8000310a (0x021144b3) div     s1, sp, ra
core   0: 3 0x8000310a (0x021144b3) x 9 0x00000000
core   0: 0x8000310e (0xfb3449e3) blt     s0, s3, pc - 78
core   0: 3 0x8000310e (0xfb3449e3)
core   0: 0x800030c0 (0x011141b3) xor     gp, sp, a7
core   0: 3 0x800030c0 (0x011141b3) x 3 0xb7eb2979
core   0: 0x800030c4 (0x011a7933) and     s2, s4, a7
core   0: 3 0x800030c4 (0x011a7933) x18 0x00000000
core   0: 0x800030c8 (0x00008f3d) c.xor   a4, a5
core   0: 3 0x800030c8 (0x8f3d) x14 0x80029ce4
core   0: 0x800030ca (0x00000421) c.addi  s0, 8
core   0: 3 0x800030ca (0x0421) x 8 0x00000011
core   0: 0x800030cc (0x14236313) ori     t1, t1, 322
core   0: 3 0x800030cc (0x14236313) x 6 0xfffffd7a
core   0: 0x800030d0 (0x00009146) c.add   sp, a7
core   0: 3 0x800030d0 (0x9146) x 2 0xb7eb2979
core   0: 0x800030d2 (0x41795713) srai    a4, s2, 23
core   0: 3 0x800030d2 (0x41795713) x14 0x00000000
core   0: 0x800030d6 (0x60b46497) auipc   s1, 0x60b46
core   0: 3 0x800030d6 (0x60b46497) x 9 0xe0b490d6
core   0: 0x800030da (0x00000932) c.slli  s2, 12
core   0: 3 0x800030da (0x0932) x18 0x00000000
core   0: 0x800030dc (0x00a00293) li      t0, 10
core   0: 3 0x800030dc (0x00a00293) x 5 0x0000000a
core   0: 0x800030e0 (0x000084ad) c.srai  s1, 11
core   0: 3 0x800030e0 (0x84ad) x 9 0xfffc1692
core   0: 0x800030e2 (0xfee00813) li      a6, -18
core   0: 3 0x800030e2 (0xfee00813) x16 0xffffffee
core   0: 0x800030e6 (0xe0767593) andi    a1, a2, -505
core   0: 3 0x800030e6 (0xe0767593) x11 0xb7eb2a01
core   0: 0x800030ea (0x00004c29) c.li    s8, 10
core   0: 3 0x800030ea (0x4c29) x24 0x0000000a
core   0: 0x800030ec (0x00008d11) c.sub   a0, a2
core   0: 3 0x800030ec (0x8d11) x10 0xfd9824af
core   0: 0x800030ee (0x0ff0000f) fence   iorw,iorw
core   0: 3 0x800030ee (0x0ff0000f)
core   0: 0x800030f2 (0x000012f1) c.addi  t0, -4
core   0: 3 0x800030f2 (0x12f1) x 5 0x00000006
core   0: 0x800030f4 (0x0000717d) c.addi16sp sp, -16
core   0: 3 0x800030f4 (0x717d) x 2 0xb7eb2969
core   0: 0x800030f6 (0xd6520313) addi    t1, tp, -667
core   0: 3 0x800030f6 (0xd6520313) x 6 0xfffffd7a
core   0: 0x800030fa (0x00001490) c.addi4spn a2, sp, 608
core   0: 3 0x800030fa (0x1490) x12 0xb7eb2bc9
core   0: 0x800030fc (0x00005cfd) c.li    s9, -1
core   0: 3 0x800030fc (0x5cfd) x25 0xffffffff
core   0: 0x800030fe (0x402f04b3) sub     s1, t5, sp
core   0: 3 0x800030fe (0x402f04b3) x 9 0x3721cb8a
core   0: 0x80003102 (0xff0285e3) beq     t0, a6, pc - 22
core   0: 3 0x80003102 (0xff0285e3)
core   0: 0x80003106 (0x0ff0000f) fence   iorw,iorw
core   0: 3 0x80003106 (0x0ff0000f)
core   0: 0x8000310a (0x021144b3) div     s1, sp, ra
core   0: 3 0x8000310a (0x021144b3) x 9 0x00000000
core   0: 0x8000310e (0xfb3449e3) blt     s0, s3, pc - 78
core   0: 3 0x8000310e (0xfb3449e3)
core   0: 0x80003112 (0x00972d33) slt     s10, a4, s1
core   0: 3 0x80003112 (0x00972d33) x26 0x00000000
core   0: 0x80003116 (0x00014117) auipc   sp, 0x14
core   0: 3 0x80003116 (0x00014117) x 2 0x80017116
core   0: 0x8000311a (0x08e10113) addi    sp, sp, 142
core   0: 3 0x8000311a (0x08e10113) x 2 0x800171a4
core   0: 0x8000311e (0x0000873a) c.mv    a4, a4
core   0: 3 0x8000311e (0x873a) x14 0x00000000
core   0: 0x80003120 (0x831a2a13) slti    s4, s4, -1999
core   0: 3 0x80003120 (0x831a2a13) x20 0x00000001
core   0: 0x80003124 (0xf1e10723) sb      t5, -242(sp)
core   0: 3 0x80003124 (0xf1e10723) mem 0x800170b2 0xf3
core   0: 0x80003128 (0x69976717) auipc   a4, 0x69976
core   0: 3 0x80003128 (0x69976717) x14 0xe9979128
core   0: 0x8000312c (0x03e44733) div     a4, s0, t5
core   0: 3 0x8000312c (0x03e44733) x14 0x00000000
core   0: 0x80003130 (0x01e46033) or      zero, s0, t5
core   0: 3 0x80003130 (0x01e46033)
core   0: 0x80003134 (0x416b5033) sra     zero, s6, s6
core   0: 3 0x80003134 (0x416b5033)
core   0: 0x80003138 (0x0c010a23) sb      zero, 212(sp)
core   0: 3 0x80003138 (0x0c010a23) mem 0x80017278 0x0
core   0: 0x8000313c (0x03e11003) lh      zero, 62(sp)
core   0: 3 0x8000313c (0x03e11003) mem 0x800171e2
core   0: 0x80003140 (0xf7314403) lbu     s0, -141(sp)
core   0: 3 0x80003140 (0xf7314403) x 8 0x00000010 mem 0x80017117
core   0: 0x80003144 (0x8a1b6413) ori     s0, s6, -1887
core   0: 3 0x80003144 (0x8a1b6413) x 8 0xfffff8ad
core   0: 0x80003148 (0x0000d93a) c.swsp  a4, 176(sp)
core   0: 3 0x80003148 (0xd93a) mem 0x80017254 0x00000000
core   0: 0x8000314a (0x0a815a03) lhu     s4, 168(sp)
core   0: 3 0x8000314a (0x0a815a03) x20 0x000009ed mem 0x8001724c
core   0: 0x8000314e (0x07410ea3) sb      s4, 125(sp)
core   0: 3 0x8000314e (0x07410ea3) mem 0x80017221 0xed
core   0: 0x80003152 (0x0ec10a03) lb      s4, 236(sp)
core   0: 3 0x80003152 (0x0ec10a03) x20 0x0000004a mem 0x80017290
core   0: 0x80003156 (0x03e10403) lb      s0, 62(sp)
core   0: 3 0x80003156 (0x03e10403) x 8 0x00000042 mem 0x800171e2
core   0: 0x8000315a (0x0fc12003) lw      zero, 252(sp)
core   0: 3 0x8000315a (0x0fc12003) mem 0x800172a0
core   0: 0x8000315e (0x03ea2f33) mulhsu  t5, s4, t5
core   0: 3 0x8000315e (0x03ea2f33) x30 0x00000045
core   0: 0x80003162 (0x000a5733) srl     a4, s4, zero
core   0: 3 0x80003162 (0x000a5733) x14 0x0000004a
core   0: 0x80003166 (0x007f1b13) slli    s6, t5, 7
core   0: 3 0x80003166 (0x007f1b13) x22 0x00002280
core   0: 0x8000316a (0x07614f03) lbu     t5, 118(sp)
core   0: 3 0x8000316a (0x07614f03) x30 0x000000db mem 0x8001721a
core   0: 0x8000316e (0x09b14003) lbu     zero, 155(sp)
core   0: 3 0x8000316e (0x09b14003) mem 0x8001723f
core   0: 0x80003172 (0x00008749) c.srai  a4, 18
core   0: 3 0x80003172 (0x8749) x14 0x00000000
core   0: 0x80003174 (0x02e47a33) remu    s4, s0, a4
core   0: 3 0x80003174 (0x02e47a33) x20 0x00000042
core   0: 0x80003178 (0xff914703) lbu     a4, -7(sp)
core   0: 3 0x80003178 (0xff914703) x14 0x0000007d mem 0x8001719d
core   0: 0x8000317c (0x00000001) c.nop
core   0: 3 0x8000317c (0x0001)
core   0: 0x8000317e (0x0fc11703) lh      a4, 252(sp)
core   0: 3 0x8000317e (0x0fc11703) x14 0xffffe2be mem 0x800172a0
core   0: 0x80003182 (0x0ad10003) lb      zero, 173(sp)
core   0: 3 0x80003182 (0x0ad10003) mem 0x80017251
core   0: 0x80003186 (0x00000001) c.nop
core   0: 3 0x80003186 (0x0001)
core   0: 0x80003188 (0x8c043413) sltiu   s0, s0, -1856
core   0: 3 0x80003188 (0x8c043413) x 8 0x00000001
core   0: 0x8000318c (0xffe106a3) sb      t5, -19(sp)
core   0: 3 0x8000318c (0xffe106a3) mem 0x80017191 0xdb
core   0: 0x80003190 (0x028a3033) mulhu   zero, s4, s0
core   0: 3 0x80003190 (0x028a3033)
core   0: 0x80003194 (0x02003033) mulhu   zero, zero, zero
core   0: 3 0x80003194 (0x02003033)
core   0: 0x80003198 (0x07110a03) lb      s4, 113(sp)
core   0: 3 0x80003198 (0x07110a03) x20 0x00000028 mem 0x80017215
core   0: 0x8000319c (0x00008841) c.andi  s0, 16
core   0: 3 0x8000319c (0x8841) x 8 0x00000000
core   0: 0x8000319e (0x00b10403) lb      s0, 11(sp)
core   0: 3 0x8000319e (0x00b10403) x 8 0x00000070 mem 0x800171af
core   0: 0x800031a2 (0xfde106a3) sb      t5, -51(sp)
core   0: 3 0x800031a2 (0xfde106a3) mem 0x80017171 0xdb
core   0: 0x800031a6 (0x00400def) jal     s11, pc + 0x4
core   0: 3 0x800031a6 (0x00400def) x27 0x800031aa
core   0: 0x800031aa (0x00002829) c.jal   pc + 26
core   0: 3 0x800031aa (0x2829) x 1 0x800031ac
core   0: 0x800031c4 (0x0000bfd5) c.j     pc - 12
core   0: 3 0x800031c4 (0xbfd5)
core   0: 0x800031b8 (0x008000ef) jal     pc + 0x8
core   0: 3 0x800031b8 (0x008000ef) x 1 0x800031bc
core   0: 0x800031c0 (0x01e002ef) jal     t0, pc + 0x1e
core   0: 3 0x800031c0 (0x01e002ef) x 5 0x800031c4
core   0: 0x800031de (0x0000bfe1) c.j     pc - 40
core   0: 3 0x800031de (0xbfe1)
core   0: 0x800031b6 (0x0000a831) c.j     pc + 28
core   0: 3 0x800031b6 (0xa831)
core   0: 0x800031d2 (0xff5ff0ef) jal     pc - 0xc
core   0: 3 0x800031d2 (0xff5ff0ef) x 1 0x800031d6
core   0: 0x800031c6 (0x0000b7f5) c.j     pc - 20
core   0: 3 0x800031c6 (0xb7f5)
core   0: 0x800031b2 (0x0000a815) c.j     pc + 52
core   0: 3 0x800031b2 (0xa815)
core   0: 0x800031e6 (0xfcbff0ef) jal     pc - 0x36
core   0: 3 0x800031e6 (0xfcbff0ef) x 1 0x800031ea
core   0: 0x800031b0 (0x0000a011) c.j     pc + 4
core   0: 3 0x800031b0 (0xa011)
core   0: 0x800031b4 (0x0000a821) c.j     pc + 24
core   0: 3 0x800031b4 (0xa821)
core   0: 0x800031cc (0x00002029) c.jal   pc + 10
core   0: 3 0x800031cc (0x2029) x 1 0x800031ce
core   0: 0x800031d6 (0xfe7ff0ef) jal     pc - 0x1a
core   0: 3 0x800031d6 (0xfe7ff0ef) x 1 0x800031da
core   0: 0x800031bc (0xff1ff0ef) jal     pc - 0x10
core   0: 3 0x800031bc (0xff1ff0ef) x 1 0x800031c0
core   0: 0x800031ac (0x02e006ef) jal     a3, pc + 0x2e
core   0: 3 0x800031ac (0x02e006ef) x13 0x800031b0
core   0: 0x800031da (0x006000ef) jal     pc + 0x6
core   0: 3 0x800031da (0x006000ef) x 1 0x800031de
core   0: 0x800031e0 (0x0000a029) c.j     pc + 10
core   0: 3 0x800031e0 (0xa029)
core   0: 0x800031ea (0xff9ff86f) jal     a6, pc - 0x8
core   0: 3 0x800031ea (0xff9ff86f) x16 0x800031ee
core   0: 0x800031e2 (0xfedff26f) jal     tp, pc - 0x14
core   0: 3 0x800031e2 (0xfedff26f) x 4 0x800031e6
core   0: 0x800031ce (0x00002005) c.jal   pc + 32
core   0: 3 0x800031ce (0x2005) x 1 0x800031d0
core   0: 0x800031ee (0xfdbff36f) jal     t1, pc - 0x26
core   0: 3 0x800031ee (0xfdbff36f) x 6 0x800031f2
core   0: 0x800031c8 (0x008000ef) jal     pc + 0x8
core   0: 3 0x800031c8 (0x008000ef) x 1 0x800031cc
core   0: 0x800031d0 (0x0000200d) c.jal   pc + 34
core   0: 3 0x800031d0 (0x200d) x 1 0x800031d2
core   0: 0x800031f2 (0x8b4e1c37) lui     s8, 0x8b4e1
core   0: 3 0x800031f2 (0x8b4e1c37) x24 0x8b4e1000
core   0: 0x800031f6 (0x0000ef97) auipc   t6, 0xe
core   0: 3 0x800031f6 (0x0000ef97) x31 0x800111f6
core   0: 0x800031fa (0x30ff8f93) addi    t6, t6, 783
core   0: 3 0x800031fa (0x30ff8f93) x31 0x80011505
core   0: 0x800031fe (0x01dfdb83) lhu     s7, 29(t6)
core   0: 3 0x800031fe (0x01dfdb83) x23 0x000055d4 mem 0x80011522
core   0: 0x80003202 (0x00019497) auipc   s1, 0x19
core   0: 3 0x80003202 (0x00019497) x 9 0x8001c202
core   0: 0x80003206 (0x50f48493) addi    s1, s1, 1295
core   0: 3 0x80003206 (0x50f48493) x 9 0x8001c711
core   0: 0x8000320a (0xfcafc683) lbu     a3, -54(t6)
core   0: 3 0x8000320a (0xfcafc683) x13 0x000000a1 mem 0x800114cf
core   0: 0x8000320e (0x00c48403) lb      s0, 12(s1)
core   0: 3 0x8000320e (0x00c48403) x 8 0x00000012 mem 0x8001c71d
core   0: 0x80003212 (0x0001a517) auipc   a0, 0x1a
core   0: 3 0x80003212 (0x0001a517) x10 0x8001d212
core   0: 0x80003216 (0xb9450513) addi    a0, a0, -1132
core   0: 3 0x80003216 (0xb9450513) x10 0x8001cda6
core   0: 0x8000321a (0x44348d03) lb      s10, 1091(s1)
core   0: 3 0x8000321a (0x44348d03) x26 0xffffff80 mem 0x8001cb54
core   0: 0x8000321e (0xfe9f8803) lb      a6, -23(t6)
core   0: 3 0x8000321e (0xfe9f8803) x16 0xffffffd8 mem 0x800114ee
core   0: 0x80003222 (0x016502a3) sb      s6, 5(a0)
core   0: 3 0x80003222 (0x016502a3) mem 0x8001cdab 0x80
core   0: 0x80003226 (0xfe052923) sw      zero, -14(a0)
core   0: 3 0x80003226 (0xfe052923) mem 0x8001cd98 0x00000000
core   0: 0x8000322a (0xfc3f8ba3) sb      gp, -41(t6)
core   0: 3 0x8000322a (0xfc3f8ba3) mem 0x800114dc 0x79
core   0: 0x8000322e (0x4d048923) sb      a6, 1234(s1)
core   0: 3 0x8000322e (0x4d048923) mem 0x8001cbe3 0xd8
core   0: 0x80003232 (0xfec51c23) sh      a2, -8(a0)
core   0: 3 0x80003232 (0xfec51c23) mem 0x8001cd9e 0x2bc9
core   0: 0x80003236 (0xffef96a3) sh      t5, -19(t6)
core   0: 3 0x80003236 (0xffef96a3) mem 0x800114f2 0x00db
core   0: 0x8000323a (0x95648323) sb      s6, -1722(s1)
core   0: 3 0x8000323a (0x95648323) mem 0x8001c057 0x80
core   0: 0x8000323e (0xe524c403) lbu     s0, -430(s1)
core   0: 3 0x8000323e (0xe524c403) x 8 0x000000f3 mem 0x8001c563
core   0: 0x80003242 (0x00550e83) lb      t4, 5(a0)
core   0: 3 0x80003242 (0x00550e83) x29 0xffffff80 mem 0x8001cdab
core   0: 0x80003246 (0x30d48403) lb      s0, 781(s1)
core   0: 3 0x80003246 (0x30d48403) x 8 0x0000007d mem 0x8001ca1e
core   0: 0x8000324a (0xfecfa1a3) sw      a2, -29(t6)
core   0: 3 0x8000324a (0xfecfa1a3) mem 0x800114e8 0xb7eb2bc9
core   0: 0x8000324e (0xfff54283) lbu     t0, -1(a0)
core   0: 3 0x8000324e (0xfff54283) x 5 0x0000005d mem 0x8001cda5
core   0: 0x80003252 (0xfd5fdb83) lhu     s7, -43(t6)
core   0: 3 0x80003252 (0xfd5fdb83) x23 0x00009485 mem 0x800114da
core   0: 0x80003256 (0x01e48e83) lb      t4, 30(s1)
core   0: 3 0x80003256 (0x01e48e83) x29 0x00000049 mem 0x8001c72f
core   0: 0x8000325a (0xff450683) lb      a3, -12(a0)
core   0: 3 0x8000325a (0xff450683) x13 0x00000000 mem 0x8001cd9a
core   0: 0x8000325e (0x04200def) jal     s11, pc + 0x42
core   0: 3 0x8000325e (0x04200def) x27 0x80003262
core   0: 0x800032a0 (0x00003ff1) c.jal   pc - 36
core   0: 3 0x800032a0 (0x3ff1) x 1 0x800032a2
core   0: 0x8000327c (0xfedff0ef) jal     pc - 0x14
core   0: 3 0x8000327c (0xfedff0ef) x 1 0x80003280
core   0: 0x80003268 (0x0300086f) jal     a6, pc + 0x30
core   0: 3 0x80003268 (0x0300086f) x16 0x8000326c
core   0: 0x80003298 (0x00003fd1) c.jal   pc - 44
core   0: 3 0x80003298 (0x3fd1) x 1 0x8000329a
core   0: 0x8000326c (0x0000bfed) c.j     pc - 6
core   0: 3 0x8000326c (0xbfed)
core   0: 0x80003266 (0x00002039) c.jal   pc + 14
core   0: 3 0x80003266 (0x2039) x 1 0x80003268
core   0: 0x80003274 (0x00002829) c.jal   pc + 26
core   0: 3 0x80003274 (0x2829) x 1 0x80003276
core   0: 0x8000328e (0x00003fcd) c.jal   pc - 14
core   0: 3 0x8000328e (0x3fcd) x 1 0x80003290
core   0: 0x80003280 (0xff3ff36f) jal     t1, pc - 0xe
core   0: 3 0x80003280 (0xff3ff36f) x 6 0x80003284
core   0: 0x80003272 (0x0000a829) c.j     pc + 26
core   0: 3 0x80003272 (0xa829)
core   0: 0x8000328c (0x00003ff5) c.jal   pc - 4
core   0: 3 0x8000328c (0x3ff5) x 1 0x8000328e
core   0: 0x80003288 (0xffdff36f) jal     t1, pc - 0x4
core   0: 3 0x80003288 (0xffdff36f) x 6 0x8000328c
core   0: 0x80003284 (0x012000ef) jal     pc + 0x12
core   0: 3 0x80003284 (0x012000ef) x 1 0x80003288
core   0: 0x80003296 (0x00002011) c.jal   pc + 4
core   0: 3 0x80003296 (0x2011) x 1 0x80003298
core   0: 0x8000329a (0x0000bfed) c.j     pc - 6
core   0: 3 0x8000329a (0xbfed)
core   0: 0x80003294 (0x00002021) c.jal   pc + 8
core   0: 3 0x80003294 (0x2021) x 1 0x80003296
core   0: 0x8000329c (0x0000a009) c.j     pc + 2
core   0: 3 0x8000329c (0xa009)
core   0: 0x8000329e (0x00003fc1) c.jal   pc - 48
core   0: 3 0x8000329e (0x3fc1) x 1 0x800032a0
core   0: 0x8000326e (0x00a0026f) jal     tp, pc + 0xa
core   0: 3 0x8000326e (0x00a0026f) x 4 0x80003272
core   0: 0x80003278 (0xfebff5ef) jal     a1, pc - 0x16
core   0: 3 0x80003278 (0xfebff5ef) x11 0x8000327c
core   0: 0x80003262 (0x014000ef) jal     pc + 0x14
core   0: 3 0x80003262 (0x014000ef) x 1 0x80003266
core   0: 0x80003276 (0x0000a829) c.j     pc + 26
core   0: 3 0x80003276 (0xa829)
core   0: 0x80003290 (0x012000ef) jal     pc + 0x12
core   0: 3 0x80003290 (0x012000ef) x 1 0x80003294
core   0: 0x800032a2 (0x001ec833) xor     a6, t4, ra
core   0: 3 0x800032a2 (0x001ec833) x16 0x800032dd
core   0: 0x800032a6 (0x0000d697) auipc   a3, 0xd
core   0: 3 0x800032a6 (0x0000d697) x13 0x800102a6
core   0: 0x800032aa (0x67368693) addi    a3, a3, 1651
core   0: 3 0x800032aa (0x67368693) x13 0x80010919
core   0: 0x800032ae (0x04d68203) lb      tp, 77(a3)
core   0: 3 0x800032ae (0x04d68203) x 4 0x00000075 mem 0x80010966
core   0: 0x800032b2 (0x0001a917) auipc   s2, 0x1a
core   0: 3 0x800032b2 (0x0001a917) x18 0x8001d2b2
core   0: 0x800032b6 (0x45c90913) addi    s2, s2, 1116
core   0: 3 0x800032b6 (0x45c90913) x18 0x8001d70e
core   0: 0x800032ba (0x0ac91983) lh      s3, 172(s2)
core   0: 3 0x800032ba (0x0ac91983) x19 0x00006c95 mem 0x8001d7ba
core   0: 0x800032be (0xf0f68083) lb      ra, -241(a3)
core   0: 3 0x800032be (0xf0f68083) x 1 0xfffffff7 mem 0x80010828
core   0: 0x800032c2 (0x0e86c503) lbu     a0, 232(a3)
core   0: 3 0x800032c2 (0x0e86c503) x10 0x00000063 mem 0x80010a01
core   0: 0x800032c6 (0xfb290c83) lb      s9, -78(s2)
core   0: 3 0x800032c6 (0xfb290c83) x25 0xfffffff1 mem 0x8001d6c0
core   0: 0x800032ca (0xfe991e23) sh      s1, -4(s2)
core   0: 3 0x800032ca (0xfe991e23) mem 0x8001d70a 0xc711
core   0: 0x800032ce (0xf6a90223) sb      a0, -156(s2)
core   0: 3 0x800032ce (0xf6a90223) mem 0x8001d672 0x63
core   0: 0x800032d2 (0xfe968203) lb      tp, -23(a3)
core   0: 3 0x800032d2 (0xfe968203) x 4 0x00000007 mem 0x80010902
core   0: 0x800032d6 (0x09091f83) lh      t6, 144(s2)
core   0: 3 0x800032d6 (0x09091f83) x31 0x000020b0 mem 0x8001d79e
core   0: 0x800032da (0xf6e68a23) sb      a4, -140(a3)
core   0: 3 0x800032da (0xf6e68a23) mem 0x8001088d 0xbe
core   0: 0x800032de (0x06e95183) lhu     gp, 110(s2)
core   0: 3 0x800032de (0x06e95183) x 3 0x0000a73f mem 0x8001d77c
core   0: 0x800032e2 (0x03969f83) lh      t6, 57(a3)
core   0: 3 0x800032e2 (0x03969f83) x31 0xffff9305 mem 0x80010952
core   0: 0x800032e6 (0x01490923) sb      s4, 18(s2)
core   0: 3 0x800032e6 (0x01490923) mem 0x8001d720 0x28
core   0: 0x800032ea (0x080693a3) sh      zero, 135(a3)
core   0: 3 0x800032ea (0x080693a3) mem 0x800109a0 0x0000
core   0: 0x800032ee (0xf5290d83) lb      s11, -174(s2)
core   0: 3 0x800032ee (0xf5290d83) x27 0xffffffd2 mem 0x8001d660
core   0: 0x800032f2 (0x0001b717) auipc   a4, 0x1b
core   0: 3 0x800032f2 (0x0001b717) x14 0x8001e2f2
core   0: 0x800032f6 (0x8f870713) addi    a4, a4, -1800
core   0: 3 0x800032f6 (0x8f870713) x14 0x8001dbea
core   0: 0x800032fa (0x08471003) lh      zero, 132(a4)
core   0: 3 0x800032fa (0x08471003) mem 0x8001dc6e
core   0: 0x800032fe (0x410fd4b3) sra     s1, t6, a6
core   0: 3 0x800032fe (0x410fd4b3) x 9 0xffffffff
core   0: 0x80003302 (0x9b357693) andi    a3, a0, -1613
core   0: 3 0x80003302 (0x9b357693) x13 0x00000023
core   0: 0x80003306 (0x00008555) c.srai  a0, 21
core   0: 3 0x80003306 (0x8555) x10 0x00000000
core   0: 0x80003308 (0x08471c03) lh      s8, 132(a4)
core   0: 3 0x80003308 (0x08471c03) x24 0x00000e6f mem 0x8001dc6e
core   0: 0x8000330c (0x40e402b3) sub     t0, s0, a4
core   0: 3 0x8000330c (0x40e402b3) x 5 0x7ffe2493
core   0: 0x80003310 (0x05f74183) lbu     gp, 95(a4)
core   0: 3 0x80003310 (0x05f74183) x 3 0x000000cc mem 0x8001dc49
core   0: 0x80003314 (0xf8970723) sb      s1, -114(a4)
core   0: 3 0x80003314 (0xf8970723) mem 0x8001db78 0xff
core   0: 0x80003318 (0x9d2529b7) lui     s3, 0x9d252
core   0: 3 0x80003318 (0x9d2529b7) x19 0x9d252000
core   0: 0x8000331c (0x002696b3) sll     a3, a3, sp
core   0: 3 0x8000331c (0x002696b3) x13 0x00000230
core   0: 0x80003320 (0x00000001) c.nop
core   0: 3 0x80003320 (0x0001)
core   0: 0x80003322 (0xf1a72103) lw      sp, -230(a4)
core   0: 3 0x80003322 (0xf1a72103) x 2 0x17ebed5b mem 0x8001db04
core   0: 0x80003326 (0x09e70583) lb      a1, 158(a4)
core   0: 3 0x80003326 (0x09e70583) x11 0x00000015 mem 0x8001dc88
core   0: 0x8000332a (0x03174503) lbu     a0, 49(a4)
core   0: 3 0x8000332a (0x03174503) x10 0x000000ce mem 0x8001dc1b
core   0: 0x8000332e (0x000093d6) c.add   t2, s5
core   0: 3 0x8000332e (0x93d6) x 7 0x8003372a
core   0: 0x80003330 (0xf3a74803) lbu     a6, -198(a4)
core   0: 3 0x80003330 (0xf3a74803) x16 0x0000009c mem 0x8001db24
core   0: 0x80003334 (0xfd174d03) lbu     s10, -47(a4)
core   0: 3 0x80003334 (0xfd174d03) x26 0x0000005c mem 0x8001dbbb
core   0: 0x80003338 (0x03d5f333) remu    t1, a1, t4
core   0: 3 0x80003338 (0x03d5f333) x 6 0x00000015
core   0: 0x8000333c (0xf0c71803) lh      a6, -244(a4)
core   0: 3 0x8000333c (0xf0c71803) x16 0x00000ea6 mem 0x8001daf6
core   0: 0x80003340 (0x0c574003) lbu     zero, 197(a4)
core   0: 3 0x80003340 (0x0c574003) mem 0x8001dcaf
core   0: 0x80003344 (0x06570d23) sb      t0, 122(a4)
core   0: 3 0x80003344 (0x06570d23) mem 0x8001dc64 0x93
core   0: 0x80003348 (0xf2374803) lbu     a6, -221(a4)
core   0: 3 0x80003348 (0xf2374803) x16 0x000000fc mem 0x8001db0d
core   0: 0x8000334c (0x02a990b3) mulh    ra, s3, a0
core   0: 3 0x8000334c (0x02a990b3) x 1 0xffffffb0
core   0: 0x80003350 (0x054705a3) sb      s4, 75(a4)
core   0: 3 0x80003350 (0x054705a3) mem 0x8001dc35 0x28
core   0: 0x80003354 (0x03a71583) lh      a1, 58(a4)
core   0: 3 0x80003354 (0x03a71583) x11 0x000021f6 mem 0x8001dc24
core   0: 0x80003358 (0x014fd213) srli    tp, t6, 20
core   0: 3 0x80003358 (0x014fd213) x 4 0x00000fff
core   0: 0x8000335c (0xf3a707a3) sb      s10, -209(a4)
core   0: 3 0x8000335c (0xf3a707a3) mem 0x8001db19 0x5c
core   0: 0x80003360 (0x02374b03) lbu     s6, 35(a4)
core   0: 3 0x80003360 (0x02374b03) x22 0x000000d6 mem 0x8001dc0d
core   0: 0x80003364 (0x00016297) auipc   t0, 0x16
core   0: 3 0x80003364 (0x00016297) x 5 0x80019364
core   0: 0x80003368 (0x86628293) addi    t0, t0, -1946
core   0: 3 0x80003368 (0x86628293) x 5 0x80018bca
core   0: 0x8000336c (0x6122cf83) lbu     t6, 1554(t0)
core   0: 3 0x8000336c (0x6122cf83) x31 0x00000093 mem 0x800191dc
core   0: 0x80003370 (0x8d628fa3) sb      s6, -1825(t0)
core   0: 3 0x80003370 (0x8d628fa3) mem 0x800184a9 0xd6
core   0: 0x80003374 (0x6fc2af23) sw      t3, 1790(t0)
core   0: 3 0x80003374 (0x6fc2af23) mem 0x800192c8 0xffffff80
core   0: 0x80003378 (0x0000ea17) auipc   s4, 0xe
core   0: 3 0x80003378 (0x0000ea17) x20 0x80011378
core   0: 0x8000337c (0xc51a0a13) addi    s4, s4, -943
core   0: 3 0x8000337c (0xc51a0a13) x20 0x80010fc9
core   0: 0x80003380 (0x00ca4803) lbu     a6, 12(s4)
core   0: 3 0x80003380 (0x00ca4803) x16 0x0000006a mem 0x80010fd5
core   0: 0x80003384 (0xffda0e23) sb      t4, -4(s4)
core   0: 3 0x80003384 (0xffda0e23) mem 0x80010fc5 0x49
core   0: 0x80003388 (0x184289a3) sb      tp, 403(t0)
core   0: 3 0x80003388 (0x184289a3) mem 0x80018d5d 0xff
core   0: 0x8000338c (0xff6a0c83) lb      s9, -10(s4)
core   0: 3 0x8000338c (0xff6a0c83) x25 0xffffffee mem 0x80010fbf
core   0: 0x80003390 (0x00aa4483) lbu     s1, 10(s4)
core   0: 3 0x80003390 (0x00aa4483) x 9 0x00000010 mem 0x80010fd3
core   0: 0x80003394 (0x00aa4383) lbu     t2, 10(s4)
core   0: 3 0x80003394 (0x00aa4383) x 7 0x00000010 mem 0x80010fd3
core   0: 0x80003398 (0xe8028383) lb      t2, -384(t0)
core   0: 3 0x80003398 (0xe8028383) x 7 0x0000006a mem 0x80018a4a
core   0: 0x8000339c (0x00da5483) lhu     s1, 13(s4)
core   0: 3 0x8000339c (0x00da5483) x 9 0x0000b810 mem 0x80010fd6
core   0: 0x800033a0 (0x01ea17a3) sh      t5, 15(s4)
core   0: 3 0x800033a0 (0x01ea17a3) mem 0x80010fd8 0x00db
core   0: 0x800033a4 (0xc262c503) lbu     a0, -986(t0)
core   0: 3 0x800033a4 (0xc262c503) x10 0x00000010 mem 0x800187f0
core   0: 0x800033a8 (0x008a23a3) sw      s0, 7(s4)
core   0: 3 0x800033a8 (0x008a23a3) mem 0x80010fd0 0x0000007d
core   0: 0x800033ac (0xff9a1503) lh      a0, -7(s4)
core   0: 3 0x800033ac (0xff9a1503) x10 0x00000c90 mem 0x80010fc2
core   0: 0x800033b0 (0x002a0903) lb      s2, 2(s4)
core   0: 3 0x800033b0 (0x002a0903) x18 0xffffff86 mem 0x80010fcb
core   0: 0x800033b4 (0x0000d117) auipc   sp, 0xd
core   0: 3 0x800033b4 (0x0000d117) x 2 0x800103b4
core   0: 0x800033b8 (0x35e10113) addi    sp, sp, 862
core   0: 3 0x800033b8 (0x35e10113) x 2 0x80010712
core   0: 0x800033bc (0x54811623) sh      s0, 1356(sp)
core   0: 3 0x800033bc (0x54811623) mem 0x80010c5e 0x007d
core   0: 0x800033c0 (0x02872433) mulhsu  s0, a4, s0
core   0: 3 0x800033c0 (0x02872433) x 8 0xffffffc1
core   0: 0x800033c4 (0x7ae10083) lb      ra, 1966(sp)
core   0: 3 0x800033c4 (0x7ae10083) x 1 0xfffffffa mem 0x80010ec0
core   0: 0x800033c8 (0x008d4cb3) xor     s9, s10, s0
core   0: 3 0x800033c8 (0x008d4cb3) x25 0xffffff9d
core   0: 0x800033cc (0xb2015c83) lhu     s9, -1248(sp)
core   0: 3 0x800033cc (0xb2015c83) x25 0x00008d71 mem 0x80010232
core   0: 0x800033d0 (0x0ff0000f) fence   iorw,iorw
core   0: 3 0x800033d0 (0x0ff0000f)
core   0: 0x800033d4 (0x4e310083) lb      ra, 1251(sp)
core   0: 3 0x800033d4 (0x4e310083) x 1 0x00000073 mem 0x80010bf5
core   0: 0x800033d8 (0x35110703) lb      a4, 849(sp)
core   0: 3 0x800033d8 (0x35110703) x14 0xffffffc3 mem 0x80010a63
core   0: 0x800033dc (0x000040bd) c.li    ra, 15
core   0: 3 0x800033dc (0x40bd) x 1 0x0000000f
core   0: 0x800033de (0x055af417) auipc   s0, 0x55af
core   0: 3 0x800033de (0x055af417) x 8 0x855b23de
core   0: 0x800033e2 (0x00000001) c.nop
core   0: 3 0x800033e2 (0x0001)
core   0: 0x800033e4 (0x041105a3) sb      ra, 75(sp)
core   0: 3 0x800033e4 (0x041105a3) mem 0x8001075d 0xf
core   0: 0x800033e8 (0xf285a417) auipc   s0, 0xf285a
core   0: 3 0x800033e8 (0xf285a417) x 8 0x7285d3e8
core   0: 0x800033ec (0x00000001) c.nop
core   0: 3 0x800033ec (0x0001)
core   0: 0x800033ee (0x00e730b3) sltu    ra, a4, a4
core   0: 3 0x800033ee (0x00e730b3) x 1 0x00000000
core   0: 0x800033f2 (0x03a47cb3) remu    s9, s0, s10
core   0: 3 0x800033f2 (0x03a47cb3) x25 0x00000050
core   0: 0x800033f6 (0x05514083) lbu     ra, 85(sp)
core   0: 3 0x800033f6 (0x05514083) x 1 0x000000eb mem 0x80010767
core   0: 0x800033fa (0xede12083) lw      ra, -290(sp)
core   0: 3 0x800033fa (0xede12083) x 1 0x527a957b mem 0x800105f0
core   0: 0x800033fe (0x00000001) c.nop
core   0: 3 0x800033fe (0x0001)
core   0: 0x80003400 (0xfc214003) lbu     zero, -62(sp)
core   0: 3 0x80003400 (0xfc214003) mem 0x800106d4
core   0: 0x80003404 (0xbbc14c83) lbu     s9, -1092(sp)
core   0: 3 0x80003404 (0xbbc14c83) x25 0x000000bc mem 0x800102ce
core   0: 0x80003408 (0xf2e14703) lbu     a4, -210(sp)
core   0: 3 0x80003408 (0xf2e14703) x14 0x000000ff mem 0x80010640
core   0: 0x8000340c (0x03ac9033) mulh    zero, s9, s10
core   0: 3 0x8000340c (0x03ac9033)
core   0: 0x80003410 (0xdba11a23) sh      s10, -588(sp)
core   0: 3 0x80003410 (0xdba11a23) mem 0x800104c6 0x005c
core   0: 0x80003414 (0x6f815083) lhu     ra, 1784(sp)
core   0: 3 0x80003414 (0x6f815083) x 1 0x0000aaf3 mem 0x80010e0a
core   0: 0x80003418 (0x08310003) lb      zero, 131(sp)
core   0: 3 0x80003418 (0x08310003) mem 0x80010795
core   0: 0x8000341c (0x76010da3) sb      zero, 1915(sp)
core   0: 3 0x8000341c (0x76010da3) mem 0x80010e8d 0x0
core   0: 0x80003420 (0x94011e23) sh      zero, -1700(sp)
core   0: 3 0x80003420 (0x94011e23) mem 0x8001006e 0x0000
core   0: 0x80003424 (0x78410d03) lb      s10, 1924(sp)
core   0: 3 0x80003424 (0x78410d03) x26 0xffffffa8 mem 0x80010e96
core   0: 0x80003428 (0x50810ba3) sb      s0, 1303(sp)
core   0: 3 0x80003428 (0x50810ba3) mem 0x80010c29 0xe8
core   0: 0x8000342c (0xf8010aa3) sb      zero, -107(sp)
core   0: 3 0x8000342c (0xf8010aa3) mem 0x800106a7 0x0
core   0: 0x80003430 (0x0000eb17) auipc   s6, 0xe
core   0: 3 0x80003430 (0x0000eb17) x22 0x80011430
core   0: 0x80003434 (0xb12b0b13) addi    s6, s6, -1262
core   0: 3 0x80003434 (0xb12b0b13) x22 0x80010f42
core   0: 0x80003438 (0x0000f097) auipc   ra, 0xf
core   0: 3 0x80003438 (0x0000f097) x 1 0x80012438
core   0: 0x8000343c (0xff508093) addi    ra, ra, -11
core   0: 3 0x8000343c (0xff508093) x 1 0x8001242d
core   0: 0x80003440 (0xfb908503) lb      a0, -71(ra)
core   0: 3 0x80003440 (0xfb908503) x10 0xffffffe7 mem 0x800123e6
core   0: 0x80003444 (0x8b3b0583) lb      a1, -1869(s6)
core   0: 3 0x80003444 (0x8b3b0583) x11 0x00000009 mem 0x800107f5
core   0: 0x80003448 (0xf8109d83) lh      s11, -127(ra)
core   0: 3 0x80003448 (0xf8109d83) x27 0xffff8cf1 mem 0x800123ae
core   0: 0x8000344c (0x045b4683) lbu     a3, 69(s6)
core   0: 3 0x8000344c (0x045b4683) x13 0x000000ce mem 0x80010f87
core   0: 0x80003450 (0x05509f83) lh      t6, 85(ra)
core   0: 3 0x80003450 (0x05509f83) x31 0xfffff326 mem 0x80012482
core   0: 0x80003454 (0xd9eb2d03) lw      s10, -610(s6)
core   0: 3 0x80003454 (0xd9eb2d03) x26 0xaddf10fa mem 0x80010ce0
core   0: 0x80003458 (0xcefb2f23) sw      a5, -770(s6)
core   0: 3 0x80003458 (0xcefb2f23) mem 0x80010c40 0x80029ce4
core   0: 0x8000345c (0x05fb4203) lbu     tp, 95(s6)
core   0: 3 0x8000345c (0x05fb4203) x 4 0x000000e5 mem 0x80010fa1
core   0: 0x80003460 (0x0fe08403) lb      s0, 254(ra)
core   0: 3 0x80003460 (0x0fe08403) x 8 0xffffffe1 mem 0x8001252b
core   0: 0x80003464 (0x819b0483) lb      s1, -2023(s6)
core   0: 3 0x80003464 (0x819b0483) x 9 0xffffff9b mem 0x8001075b
core   0: 0x80003468 (0xf5c094a3) sh      t3, -183(ra)
core   0: 3 0x80003468 (0xf5c094a3) mem 0x80012376 0xff80
core   0: 0x8000346c (0xf71082a3) sb      a7, -155(ra)
core   0: 3 0x8000346c (0xf71082a3) mem 0x80012392 0x0
core   0: 0x80003470 (0xe51b4b83) lbu     s7, -431(s6)
core   0: 3 0x80003470 (0xe51b4b83) x23 0x000000ff mem 0x80010d93
core   0: 0x80003474 (0x04a08123) sb      a0, 66(ra)
core   0: 3 0x80003474 (0x04a08123) mem 0x8001246f 0xe7
core   0: 0x80003478 (0xf54b0103) lb      sp, -172(s6)
core   0: 3 0x80003478 (0xf54b0103) x 2 0xffffffa8 mem 0x80010e96
core   0: 0x8000347c (0xf9f0a803) lw      a6, -97(ra)
core   0: 3 0x8000347c (0xf9f0a803) x16 0x9ac51037 mem 0x800123cc
core   0: 0x80003480 (0xffa08e23) sb      s10, -4(ra)
core   0: 3 0x80003480 (0xffa08e23) mem 0x80012429 0xfa
core   0: 0x80003484 (0xf9f094a3) sh      t6, -119(ra)
core   0: 3 0x80003484 (0xf9f094a3) mem 0x800123b6 0xf326
core   0: 0x80003488 (0x0000d417) auipc   s0, 0xd
core   0: 3 0x80003488 (0x0000d417) x 8 0x80010488
core   0: 0x8000348c (0x7cd40413) addi    s0, s0, 1997
core   0: 3 0x8000348c (0x7cd40413) x 8 0x80010c55
core   0: 0x80003490 (0xc1b45c83) lhu     s9, -997(s0)
core   0: 3 0x80003490 (0xc1b45c83) x25 0x0000011d mem 0x80010870
core   0: 0x80003494 (0x34444803) lbu     a6, 836(s0)
core   0: 3 0x80003494 (0x34444803) x16 0x00000076 mem 0x80010f99
core   0: 0x80003498 (0x00017317) auipc   t1, 0x17
core   0: 3 0x80003498 (0x00017317) x 6 0x8001a498
core   0: 0x8000349c (0x5e330313) addi    t1, t1, 1507
core   0: 3 0x8000349c (0x5e330313) x 6 0x8001aa7b
core   0: 0x800034a0 (0xbf944503) lbu     a0, -1031(s0)
core   0: 3 0x800034a0 (0xbf944503) x10 0x00000025 mem 0x8001084e
core   0: 0x800034a4 (0x02834383) lbu     t2, 40(t1)
core   0: 3 0x800034a4 (0x02834383) x 7 0x000000e7 mem 0x8001aaa3
core   0: 0x800034a8 (0x03e34b83) lbu     s7, 62(t1)
core   0: 3 0x800034a8 (0x03e34b83) x23 0x0000009d mem 0x8001aab9
core   0: 0x800034ac (0x31741aa3) sh      s7, 789(s0)
core   0: 3 0x800034ac (0x31741aa3) mem 0x80010f6a 0x009d
core   0: 0x800034b0 (0x02d30ba3) sb      a3, 55(t1)
core   0: 3 0x800034b0 (0x02d30ba3) mem 0x8001aab2 0xce
core   0: 0x800034b4 (0xff030703) lb      a4, -16(t1)
core   0: 3 0x800034b4 (0xff030703) x14 0xffffffdb mem 0x8001aa6b
core   0: 0x800034b8 (0xbe145803) lhu     a6, -1055(s0)
core   0: 3 0x800034b8 (0xbe145803) x16 0x0000d78c mem 0x80010836
core   0: 0x800034bc (0x02c30123) sb      a2, 34(t1)
core   0: 3 0x800034bc (0x02c30123) mem 0x8001aa9d 0xc9
core   0: 0x800034c0 (0x3da40b03) lb      s6, 986(s0)
core   0: 3 0x800034c0 (0x3da40b03) x22 0xffffffa3 mem 0x8001102f
core   0: 0x800034c4 (0xff230e23) sb      s2, -4(t1)
core   0: 3 0x800034c4 (0xff230e23) mem 0x8001aa77 0x86
core   0: 0x800034c8 (0xffc311a3) sh      t3, -29(t1)
core   0: 3 0x800034c8 (0xffc311a3) mem 0x8001aa5e 0xff80
core   0: 0x800034cc (0x0000d217) auipc   tp, 0xd
core   0: 3 0x800034cc (0x0000d217) x 4 0x800104cc
core   0: 0x800034d0 (0x5e820213) addi    tp, tp, 1512
core   0: 3 0x800034d0 (0x5e820213) x 4 0x80010ab4
core   0: 0x800034d4 (0xfec20ea3) sb      a2, -3(tp)
core   0: 3 0x800034d4 (0xfec20ea3) mem 0x80010ab1 0xc9
core   0: 0x800034d8 (0x00001318) c.addi4spn a4, sp, 416
core   0: 3 0x800034d8 (0x1318) x14 0x00000148
core   0: 0x800034da (0x0d721923) sh      s7, 210(tp)
core   0: 3 0x800034da (0x0d721923) mem 0x80010b86 0x009d
core   0: 0x800034de (0x07a20d23) sb      s10, 122(tp)
core   0: 3 0x800034de (0x07a20d23) mem 0x80010b2e 0xfa
core   0: 0x800034e2 (0x04e24503) lbu     a0, 78(tp)
core   0: 3 0x800034e2 (0x04e24503) x10 0x00000038 mem 0x80010b02
core   0: 0x800034e6 (0xf9520503) lb      a0, -107(tp)
core   0: 3 0x800034e6 (0xf9520503) x10 0xffffffe5 mem 0x80010a49
core   0: 0x800034ea (0x000000ca) c.slli  ra, 18
core   0: 3 0x800034ea (0x00ca) x 1 0x90b40000
core   0: 0x800034ec (0x036204a3) sb      s6, 41(tp)
core   0: 3 0x800034ec (0x036204a3) mem 0x80010add 0xa3
core   0: 0x800034f0 (0x5508ac17) auipc   s8, 0x5508a
core   0: 3 0x800034f0 (0x5508ac17) x24 0xd508d4f0
core   0: 0x800034f4 (0x00009a7d) c.andi  a2, -1
core   0: 3 0x800034f4 (0x9a7d) x12 0xb7eb2bc9
core   0: 0x800034f6 (0x00c495b3) sll     a1, s1, a2
core   0: 3 0x800034f6 (0x00c495b3) x11 0xffff3600
core   0: 0x800034fa (0x00006111) c.addi16sp sp, 256
core   0: 3 0x800034fa (0x6111) x 2 0x000000a8
core   0: 0x800034fc (0xffe25303) lhu     t1, -2(tp)
core   0: 3 0x800034fc (0xffe25303) x 6 0x000024c1 mem 0x80010ab2
core   0: 0x80003500 (0x926fca13) xori    s4, t6, -1754
core   0: 3 0x80003500 (0x926fca13) x20 0x00000a00
core   0: 0x80003504 (0xfe720183) lb      gp, -25(tp)
core   0: 3 0x80003504 (0xfe720183) x 3 0x00000038 mem 0x80010a9b
core   0: 0x80003508 (0x05b20ea3) sb      s11, 93(tp)
core   0: 3 0x80003508 (0x05b20ea3) mem 0x80010b11 0xf1
core   0: 0x8000350c (0x2fdd0d13) addi    s10, s10, 765
core   0: 3 0x8000350c (0x2fdd0d13) x26 0xaddf13f7
core   0: 0x80003510 (0x02af0633) mul     a2, t5, a0
core   0: 3 0x80003510 (0x02af0633) x12 0xffffe8e7
core   0: 0x80003514 (0x00d8dc93) srli    s9, a7, 13
core   0: 3 0x80003514 (0x00d8dc93) x25 0x00000000
core   0: 0x80003518 (0x012bd713) srli    a4, s7, 18
core   0: 3 0x80003518 (0x012bd713) x14 0x00000000
core   0: 0x8000351c (0xf0e20423) sb      a4, -248(tp)
core   0: 3 0x8000351c (0xf0e20423) mem 0x800109bc 0x0
core   0: 0x80003520 (0x014fc333) xor     t1, t6, s4
core   0: 3 0x80003520 (0x014fc333) x 6 0xfffff926
core   0: 0x80003524 (0x0f021a23) sh      a6, 244(tp)
core   0: 3 0x80003524 (0x0f021a23) mem 0x80010ba8 0xd78c
core   0: 0x80003528 (0x0000460d) c.li    a2, 3
core   0: 3 0x80003528 (0x460d) x12 0x00000003
core   0: 0x8000352a (0x0b422383) lw      t2, 180(tp)
core   0: 3 0x8000352a (0x0b422383) x 7 0x31af8bc4 mem 0x80010b68
core   0: 0x8000352e (0xddcaef37) lui     t5, 0xddcae
core   0: 3 0x8000352e (0xddcaef37) x30 0xddcae000
core   0: 0x80003532 (0x4bd87a13) andi    s4, a6, 1213
core   0: 3 0x80003532 (0x4bd87a13) x20 0x0000048c
core   0: 0x80003536 (0x0ea21703) lh      a4, 234(tp)
core   0: 3 0x80003536 (0x0ea21703) x14 0x00000115 mem 0x80010b9e
core   0: 0x8000353a (0x01200def) jal     s11, pc + 0x12
core   0: 3 0x8000353a (0x01200def) x27 0x8000353e
core   0: 0x8000354c (0x00002029) c.jal   pc + 10
core   0: 3 0x8000354c (0x2029) x 1 0x8000354e
core   0: 0x80003556 (0x0000bfc5) c.j     pc - 16
core   0: 3 0x80003556 (0xbfc5)
core   0: 0x80003546 (0x01200e6f) jal     t3, pc + 0x12
core   0: 3 0x80003546 (0x01200e6f) x28 0x8000354a
core   0: 0x80003558 (0x00003ff5) c.jal   pc - 4
core   0: 3 0x80003558 (0x3ff5) x 1 0x8000355a
core   0: 0x80003554 (0x0000b7fd) c.j     pc - 18
core   0: 3 0x80003554 (0xb7fd)
core   0: 0x80003542 (0x00002031) c.jal   pc + 12
core   0: 3 0x80003542 (0x2031) x 1 0x80003544
core   0: 0x8000354e (0x0000bfcd) c.j     pc - 14
core   0: 3 0x8000354e (0xbfcd)
core   0: 0x80003540 (0x00002011) c.jal   pc + 4
core   0: 3 0x80003540 (0x2011) x 1 0x80003542
core   0: 0x80003544 (0x0000bfed) c.j     pc - 6
core   0: 3 0x80003544 (0xbfed)
core   0: 0x8000353e (0x0000a031) c.j     pc + 12
core   0: 3 0x8000353e (0xa031)
core   0: 0x8000354a (0x0000a019) c.j     pc + 6
core   0: 3 0x8000354a (0xa019)
core   0: 0x80003550 (0x00a0056f) jal     a0, pc + 0xa
core   0: 3 0x80003550 (0x00a0056f) x10 0x80003554
core   0: 0x8000355a (0x00008292) c.mv    t0, tp
core   0: 3 0x8000355a (0x8292) x 5 0x80010ab4
core   0: 0x8000355c (0x0001ad97) auipc   s11, 0x1a
core   0: 3 0x8000355c (0x0001ad97) x27 0x8001d55c
core   0: 0x80003560 (0x430d8d93) addi    s11, s11, 1072
core   0: 3 0x80003560 (0x430d8d93) x27 0x8001d98c
core   0: 0x80003564 (0x00bdc283) lbu     t0, 11(s11)
core   0: 3 0x80003564 (0x00bdc283) x 5 0x00000086 mem 0x8001d997
core   0: 0x80003568 (0x00012b97) auipc   s7, 0x12
core   0: 3 0x80003568 (0x00012b97) x23 0x80015568
core   0: 0x8000356c (0xb9db8b93) addi    s7, s7, -1123
core   0: 3 0x8000356c (0xb9db8b93) x23 0x80015105
core   0: 0x80003570 (0xff3d9f23) sh      s3, -2(s11)
core   0: 3 0x80003570 (0xff3d9f23) mem 0x8001d98a 0x2000
core   0: 0x80003574 (0x09db9603) lh      a2, 157(s7)
core   0: 3 0x80003574 (0x09db9603) x12 0xffffd49c mem 0x800151a2
core   0: 0x80003578 (0xff6dda03) lhu     s4, -10(s11)
core   0: 3 0x80003578 (0xff6dda03) x20 0x00006075 mem 0x8001d982
core   0: 0x8000357c (0x00014697) auipc   a3, 0x14
core   0: 3 0x8000357c (0x00014697) x13 0x8001757c
core   0: 0x80003580 (0x78368693) addi    a3, a3, 1923
core   0: 3 0x80003580 (0x78368693) x13 0x80017cff
core   0: 0x80003584 (0xf2ab9ea3) sh      a0, -195(s7)
core   0: 3 0x80003584 (0xf2ab9ea3) mem 0x80015042 0x3554
core   0: 0x80003588 (0x0696c903) lbu     s2, 105(a3)
core   0: 3 0x80003588 (0x0696c903) x18 0x0000003e mem 0x80017d68
core   0: 0x8000358c (0xfbc68b23) sb      t3, -74(a3)
core   0: 3 0x8000358c (0xfbc68b23) mem 0x80017cb5 0x4a
core   0: 0x80003590 (0xffedd203) lhu     tp, -2(s11)
core   0: 3 0x80003590 (0xffedd203) x 4 0x00002000 mem 0x8001d98a
core   0: 0x80003594 (0x064bca03) lbu     s4, 100(s7)
core   0: 3 0x80003594 (0x064bca03) x20 0x00000095 mem 0x80015169
core   0: 0x80003598 (0xfc968e03) lb      t3, -55(a3)
core   0: 3 0x80003598 (0xfc968e03) x28 0xffffffcb mem 0x80017cc8
core   0: 0x8000359c (0xffed9b23) sh      t5, -10(s11)
core   0: 3 0x8000359c (0xffed9b23) mem 0x8001d982 0xe000
core   0: 0x800035a0 (0x09ab8803) lb      a6, 154(s7)
core   0: 3 0x800035a0 (0x09ab8803) x16 0x00000076 mem 0x8001519f
core   0: 0x800035a4 (0xfce68523) sb      a4, -54(a3)
core   0: 3 0x800035a4 (0xfce68523) mem 0x80017cc9 0x15
core   0: 0x800035a8 (0x006d9903) lh      s2, 6(s11)
core   0: 3 0x800035a8 (0x006d9903) x18 0x00000785 mem 0x8001d992
core   0: 0x800035ac (0x04a693a3) sh      a0, 71(a3)
core   0: 3 0x800035ac (0x04a693a3) mem 0x80017d46 0x3554
core   0: 0x800035b0 (0x00ebcf03) lbu     t5, 14(s7)
core   0: 3 0x800035b0 (0x00ebcf03) x30 0x00000011 mem 0x80015113
core   0: 0x800035b4 (0xff8d9283) lh      t0, -8(s11)
core   0: 3 0x800035b4 (0xff8d9283) x 5 0xffffb5e5 mem 0x8001d984
core   0: 0x800035b8 (0xfc96d903) lhu     s2, -55(a3)
core   0: 3 0x800035b8 (0xfc96d903) x18 0x000015cb mem 0x80017cc8
core   0: 0x800035bc (0xf61bd603) lhu     a2, -159(s7)
core   0: 3 0x800035bc (0xf61bd603) x12 0x000097d1 mem 0x80015066
core   0: 0x800035c0 (0xffbd8f23) sb      s11, -2(s11)
core   0: 3 0x800035c0 (0xffbd8f23) mem 0x8001d98a 0x8c
core   0: 0x800035c4 (0x018da823) sw      s8, 16(s11)
core   0: 3 0x800035c4 (0x018da823) mem 0x8001d99c 0xd508d4f0
core   0: 0x800035c8 (0x068bc503) lbu     a0, 104(s7)
core   0: 3 0x800035c8 (0x068bc503) x10 0x00000057 mem 0x8001516d
core   0: 0x800035cc (0xfd16d983) lhu     s3, -47(a3)
core   0: 3 0x800035cc (0xfd16d983) x19 0x00006433 mem 0x80017cd0
core   0: 0x800035d0 (0xffadcf83) lbu     t6, -6(s11)
core   0: 3 0x800035d0 (0xffadcf83) x31 0x000000f2 mem 0x8001d986
core   0: 0x800035d4 (0x028b8983) lb      s3, 40(s7)
core   0: 3 0x800035d4 (0x028b8983) x19 0xffffffb0 mem 0x8001512d
core   0: 0x800035d8 (0x0000e817) auipc   a6, 0xe
core   0: 3 0x800035d8 (0x0000e817) x16 0x800115d8
core   0: 0x800035dc (0xbf080813) addi    a6, a6, -1040
core   0: 3 0x800035dc (0xbf080813) x16 0x800111c8
core   0: 0x800035e0 (0xf2784183) lbu     gp, -217(a6)
core   0: 3 0x800035e0 (0xf2784183) x 3 0x00000008 mem 0x800110ef
core   0: 0x800035e4 (0x08280ca3) sb      sp, 153(a6)
core   0: 3 0x800035e4 (0x08280ca3) mem 0x80011261 0xa8
core   0: 0x800035e8 (0xf46801a3) sb      t1, -189(a6)
core   0: 3 0x800035e8 (0xf46801a3) mem 0x8001110b 0x26
core   0: 0x800035ec (0x00015517) auipc   a0, 0x15
core   0: 3 0x800035ec (0x00015517) x10 0x800185ec
core   0: 0x800035f0 (0x93a50513) addi    a0, a0, -1734
core   0: 3 0x800035f0 (0x93a50513) x10 0x80017f26
core   0: 0x800035f4 (0x00b54583) lbu     a1, 11(a0)
core   0: 3 0x800035f4 (0x00b54583) x11 0x0000006e mem 0x80017f31
core   0: 0x800035f8 (0xfd580c23) sb      s5, -40(a6)
core   0: 3 0x800035f8 (0xfd580c23) mem 0x800111a0 0x64
core   0: 0x800035fc (0x00454d83) lbu     s11, 4(a0)
core   0: 3 0x800035fc (0x00454d83) x27 0x000000ea mem 0x80017f2a
core   0: 0x80003600 (0xfbe80d83) lb      s11, -66(a6)
core   0: 3 0x80003600 (0xfbe80d83) x27 0x00000070 mem 0x80011186
core   0: 0x80003604 (0xfca81283) lh      t0, -54(a6)
core   0: 3 0x80003604 (0xfca81283) x 5 0x00004b90 mem 0x80011192
core   0: 0x80003608 (0xf8b803a3) sb      a1, -121(a6)
core   0: 3 0x80003608 (0xf8b803a3) mem 0x8001114f 0x6e
core   0: 0x8000360c (0x00154c03) lbu     s8, 1(a0)
core   0: 3 0x8000360c (0x00154c03) x24 0x000000e2 mem 0x80017f27
core   0: 0x80003610 (0xf5182823) sw      a7, -176(a6)
core   0: 3 0x80003610 (0xf5182823) mem 0x80011118 0x00000000
core   0: 0x80003614 (0x06481f23) sh      tp, 126(a6)
core   0: 3 0x80003614 (0x06481f23) mem 0x80011246 0x2000
core   0: 0x80003618 (0xfe554583) lbu     a1, -27(a0)
core   0: 3 0x80003618 (0xfe554583) x11 0x0000008b mem 0x80017f0b
core   0: 0x8000361c (0xfe350303) lb      t1, -29(a0)
core   0: 3 0x8000361c (0xfe350303) x 6 0x0000004e mem 0x80017f09
core   0: 0x80003620 (0xfd4505a3) sb      s4, -53(a0)
core   0: 3 0x80003620 (0xfd4505a3) mem 0x80017ef1 0x95
core   0: 0x80003624 (0x0000d917) auipc   s2, 0xd
core   0: 3 0x80003624 (0x0000d917) x18 0x80010624
core   0: 0x80003628 (0xf3c90913) addi    s2, s2, -196
core   0: 3 0x80003628 (0xf3c90913) x18 0x80010560
core   0: 0x8000362c (0x0000e397) auipc   t2, 0xe
core   0: 3 0x8000362c (0x0000e397) x 7 0x8001162c
core   0: 0x80003630 (0x30538393) addi    t2, t2, 773
core   0: 3 0x80003630 (0x30538393) x 7 0x80011931
core   0: 0x80003634 (0x00c95f83) lhu     t6, 12(s2)
core   0: 3 0x80003634 (0x00c95f83) x31 0x00000846 mem 0x8001056c
core   0: 0x80003638 (0x00f90683) lb      a3, 15(s2)
core   0: 3 0x80003638 (0x00f90683) x13 0x0000007b mem 0x8001056f
core   0: 0x8000363c (0xfec38b83) lb      s7, -20(t2)
core   0: 3 0x8000363c (0xfec38b83) x23 0xffffff8e mem 0x8001191d
core   0: 0x80003640 (0xffe90da3) sb      t5, -5(s2)
core   0: 3 0x80003640 (0xffe90da3) mem 0x8001055b 0x11
core   0: 0x80003644 (0xfff94083) lbu     ra, -1(s2)
core   0: 3 0x80003644 (0xfff94083) x 1 0x00000067 mem 0x8001055f
core   0: 0x80003648 (0x010905a3) sb      a6, 11(s2)
core   0: 3 0x80003648 (0x010905a3) mem 0x8001056b 0xc8
core   0: 0x8000364c (0x04238483) lb      s1, 66(t2)
core   0: 3 0x8000364c (0x04238483) x 9 0x0000005f mem 0x80011973
core   0: 0x80003650 (0x07438483) lb      s1, 116(t2)
core   0: 3 0x80003650 (0x07438483) x 9 0xfffffffd mem 0x800119a5
core   0: 0x80003654 (0x00692623) sw      t1, 12(s2)
core   0: 3 0x80003654 (0x00692623) mem 0x8001056c 0x0000004e
core   0: 0x80003658 (0x06638e83) lb      t4, 102(t2)
core   0: 3 0x80003658 (0x06638e83) x29 0xffffff8b mem 0x80011997
core   0: 0x8000365c (0xffe94b03) lbu     s6, -2(s2)
core   0: 3 0x8000365c (0xffe94b03) x22 0x0000005b mem 0x8001055e
core   0: 0x80003660 (0xff790483) lb      s1, -9(s2)
core   0: 3 0x80003660 (0xff790483) x 9 0xffffffe1 mem 0x80010557
core   0: 0x80003664 (0xff390683) lb      a3, -13(s2)
core   0: 3 0x80003664 (0xff390683) x13 0x00000052 mem 0x80010553
core   0: 0x80003668 (0xf0238b83) lb      s7, -254(t2)
core   0: 3 0x80003668 (0xf0238b83) x23 0xfffffffd mem 0x80011833
core   0: 0x8000366c (0x0b33df83) lhu     t6, 179(t2)
core   0: 3 0x8000366c (0x0b33df83) x31 0x0000ed56 mem 0x800119e4
core   0: 0x80003670 (0xff190e03) lb      t3, -15(s2)
core   0: 3 0x80003670 (0xff190e03) x28 0x00000058 mem 0x80010551
core   0: 0x80003674 (0x07c38583) lb      a1, 124(t2)
core   0: 3 0x80003674 (0x07c38583) x11 0xffffff8e mem 0x800119ad
core   0: 0x80003678 (0x0000db17) auipc   s6, 0xd
core   0: 3 0x80003678 (0x0000db17) x22 0x80010678
core   0: 0x8000367c (0xfceb0b13) addi    s6, s6, -50
core   0: 3 0x8000367c (0xfceb0b13) x22 0x80010646
core   0: 0x80003680 (0xfe4b0da3) sb      tp, -5(s6)
core   0: 3 0x80003680 (0xfe4b0da3) mem 0x80010641 0x0
core   0: 0x80003684 (0x000b0683) lb      a3, 0(s6)
core   0: 3 0x80003684 (0x000b0683) x13 0xffffffc9 mem 0x80010646
core   0: 0x80003688 (0x007b1023) sh      t2, 0(s6)
core   0: 3 0x80003688 (0x007b1023) mem 0x80010646 0x1931
core   0: 0x8000368c (0x000b5e83) lhu     t4, 0(s6)
core   0: 3 0x8000368c (0x000b5e83) x29 0x00001931 mem 0x80010646
core   0: 0x80003690 (0x000b1e03) lh      t3, 0(s6)
core   0: 3 0x80003690 (0x000b1e03) x28 0x00001931 mem 0x80010646
core   0: 0x80003694 (0x40835733) sra     a4, t1, s0
core   0: 3 0x80003694 (0x40835733) x14 0x00000000
core   0: 0x80003698 (0x03b023b3) mulhsu  t2, zero, s11
core   0: 3 0x80003698 (0x03b023b3) x 7 0x00000000
core   0: 0x8000369c (0xfeab0c23) sb      a0, -8(s6)
core   0: 3 0x8000369c (0xfeab0c23) mem 0x8001063e 0x26
core   0: 0x800036a0 (0xff8b1b83) lh      s7, -8(s6)
core   0: 3 0x800036a0 (0xff8b1b83) x23 0x00000026 mem 0x8001063e
core   0: 0x800036a4 (0xff8b4a03) lbu     s4, -8(s6)
core   0: 3 0x800036a4 (0xff8b4a03) x20 0x00000026 mem 0x8001063e
core   0: 0x800036a8 (0xff8b0603) lb      a2, -8(s6)
core   0: 3 0x800036a8 (0xff8b0603) x12 0x00000026 mem 0x8001063e
core   0: 0x800036ac (0x412f8933) sub     s2, t6, s2
core   0: 3 0x800036ac (0x412f8933) x18 0x7fffe7f6
core   0: 0x800036b0 (0xff8b1383) lh      t2, -8(s6)
core   0: 3 0x800036b0 (0xff8b1383) x 7 0x00000026 mem 0x8001063e
core   0: 0x800036b4 (0xff8b0f83) lb      t6, -8(s6)
core   0: 3 0x800036b4 (0xff8b0f83) x31 0x00000026 mem 0x8001063e
core   0: 0x800036b8 (0x00279493) slli    s1, a5, 2
core   0: 3 0x800036b8 (0x00279493) x 9 0x000a7390
core   0: 0x800036bc (0x0000717d) c.addi16sp sp, -16
core   0: 3 0x800036bc (0x717d) x 2 0x00000098
core   0: 0x800036be (0x02b71133) mulh    sp, a4, a1
core   0: 3 0x800036be (0x02b71133) x 2 0x00000000
core   0: 0x800036c2 (0xfe1b0c23) sb      ra, -8(s6)
core   0: 3 0x800036c2 (0xfe1b0c23) mem 0x8001063e 0x67
core   0: 0x800036c6 (0xff3b0903) lb      s2, -13(s6)
core   0: 3 0x800036c6 (0xff3b0903) x18 0x00000019 mem 0x80010639
core   0: 0x800036ca (0x0000da17) auipc   s4, 0xd
core   0: 3 0x800036ca (0x0000da17) x20 0x800106ca
core   0: 0x800036ce (0xd33a0a13) addi    s4, s4, -717
core   0: 3 0x800036ce (0xd33a0a13) x20 0x800103fd
core   0: 0x800036d2 (0x00008e55) c.or    a2, a3
core   0: 3 0x800036d2 (0x8e55) x12 0xffffffef
core   0: 0x800036d4 (0xb2884d13) xori    s10, a6, -1240
core   0: 3 0x800036d4 (0xb2884d13) x26 0x7ffeeae0
core   0: 0x800036d8 (0xfcda16a3) sh      a3, -51(s4)
core   0: 3 0x800036d8 (0xfcda16a3) mem 0x800103ca 0xffc9
core   0: 0x800036dc (0xfeca21a3) sw      a2, -29(s4)
core   0: 3 0x800036dc (0xfeca21a3) mem 0x800103e0 0xffffffef
core   0: 0x800036e0 (0xfd7a1d03) lh      s10, -41(s4)
core   0: 3 0x800036e0 (0xfd7a1d03) x26 0xfffff27c mem 0x800103d4
core   0: 0x800036e4 (0x36c61d37) lui     s10, 0x36c61
core   0: 3 0x800036e4 (0x36c61d37) x26 0x36c61000
core   0: 0x800036e8 (0x02ca0423) sb      a2, 40(s4)
core   0: 3 0x800036e8 (0x02ca0423) mem 0x80010425 0xef
core   0: 0x800036ec (0xff3a0803) lb      a6, -13(s4)
core   0: 3 0x800036ec (0xff3a0803) x16 0xffffff9e mem 0x800103f0
core   0: 0x800036f0 (0x028a0683) lb      a3, 40(s4)
core   0: 3 0x800036f0 (0x028a0683) x13 0xffffffef mem 0x80010425
core   0: 0x800036f4 (0x034a4f03) lbu     t5, 52(s4)
core   0: 3 0x800036f4 (0x034a4f03) x30 0x00000018 mem 0x80010431
core   0: 0x800036f8 (0xfeea08a3) sb      a4, -15(s4)
core   0: 3 0x800036f8 (0xfeea08a3) mem 0x800103ee 0x0
core   0: 0x800036fc (0xff5a0703) lb      a4, -11(s4)
core   0: 3 0x800036fc (0xff5a0703) x14 0x00000004 mem 0x800103f2
core   0: 0x80003700 (0xfc4a4803) lbu     a6, -60(s4)
core   0: 3 0x80003700 (0xfc4a4803) x16 0x00000051 mem 0x800103c1
core   0: 0x80003704 (0x00008f71) c.and   a4, a2
core   0: 3 0x80003704 (0x8f71) x14 0x00000004
core   0: 0x80003706 (0x00008f35) c.xor   a4, a3
core   0: 3 0x80003706 (0x8f35) x14 0xffffffeb
core   0: 0x80003708 (0xfc4a0603) lb      a2, -60(s4)
core   0: 3 0x80003708 (0xfc4a0603) x12 0x00000051 mem 0x800103c1
core   0: 0x8000370c (0xff2a0d03) lb      s10, -14(s4)
core   0: 3 0x8000370c (0xff2a0d03) x26 0x00000068 mem 0x800103ef
core   0: 0x80003710 (0x008a4683) lbu     a3, 8(s4)
core   0: 3 0x80003710 (0x008a4683) x13 0x00000074 mem 0x80010405
core   0: 0x80003714 (0xfe8a4803) lbu     a6, -24(s4)
core   0: 3 0x80003714 (0xfe8a4803) x16 0x000000bc mem 0x800103e5
core   0: 0x80003718 (0x00dd2f33) slt     t5, s10, a3
core   0: 3 0x80003718 (0x00dd2f33) x30 0x00000001
core   0: 0x8000371c (0x00ef2833) slt     a6, t5, a4
core   0: 3 0x8000371c (0x00ef2833) x16 0x00000000
core   0: 0x80003720 (0xfe5a5803) lhu     a6, -27(s4)
core   0: 3 0x80003720 (0xfe5a5803) x16 0x0000ffff mem 0x800103e2
core   0: 0x80003724 (0x02ea15a3) sh      a4, 43(s4)
core   0: 3 0x80003724 (0x02ea15a3) mem 0x80010428 0xffeb
core   0: 0x80003728 (0xffda1803) lh      a6, -3(s4)
core   0: 3 0x80003728 (0xffda1803) x16 0x000032e6 mem 0x800103fa
core   0: 0x8000372c (0x00ca4603) lbu     a2, 12(s4)
core   0: 3 0x8000372c (0x00ca4603) x12 0x0000009a mem 0x80010409
core   0: 0x80003730 (0x030a0ea3) sb      a6, 61(s4)
core   0: 3 0x80003730 (0x030a0ea3) mem 0x8001043a 0xe6
core   0: 0x80003734 (0x617d2813) slti    a6, s10, 1559
core   0: 3 0x80003734 (0x617d2813) x16 0x00000001
core   0: 0x80003738 (0x00000632) c.slli  a2, 12
core   0: 3 0x80003738 (0x0632) x12 0x0009a000
core   0: 0x8000373a (0x011a1803) lh      a6, 17(s4)
core   0: 3 0x8000373a (0x011a1803) x16 0x0000488d mem 0x8001040e
core   0: 0x8000373e (0x031a0603) lb      a2, 49(s4)
core   0: 3 0x8000373e (0x031a0603) x12 0x00000005 mem 0x8001042e
core   0: 0x80003742 (0x00aa0683) lb      a3, 10(s4)
core   0: 3 0x80003742 (0x00aa0683) x13 0xffffff8d mem 0x80010407
core   0: 0x80003746 (0x03ea06a3) sb      t5, 45(s4)
core   0: 3 0x80003746 (0x03ea06a3) mem 0x8001042a 0x1
core   0: 0x8000374a (0xfcba5803) lhu     a6, -53(s4)
core   0: 3 0x8000374a (0xfcba5803) x16 0x0000a452 mem 0x800103c8
core   0: 0x8000374e (0x01e81833) sll     a6, a6, t5
core   0: 3 0x8000374e (0x01e81833) x16 0x000148a4
core   0: 0x80003752 (0xfcea0d03) lb      s10, -50(s4)
core   0: 3 0x80003752 (0xfcea0d03) x26 0xffffffff mem 0x800103cb
core   0: 0x80003756 (0x00cd5f33) srl     t5, s10, a2
core   0: 3 0x80003756 (0x00cd5f33) x30 0x07ffffff
core   0: 0x8000375a (0x00000689) c.addi  a3, 2
core   0: 3 0x8000375a (0x0689) x13 0xffffff8f
core   0: 0x8000375c (0x00000001) c.nop
core   0: 3 0x8000375c (0x0001)
core   0: 0x8000375e (0x00008eb5) c.xor   a3, a3
core   0: 3 0x8000375e (0x8eb5) x13 0x00000000
core   0: 0x80003760 (0xfcaa0f03) lb      t5, -54(s4)
core   0: 3 0x80003760 (0xfcaa0f03) x30 0x00000035 mem 0x800103c7
core   0: 0x80003764 (0x02fa0d03) lb      s10, 47(s4)
core   0: 3 0x80003764 (0x02fa0d03) x26 0xffffffeb mem 0x8001042c
core   0: 0x80003768 (0x01e84d33) xor     s10, a6, t5
core   0: 3 0x80003768 (0x01e84d33) x26 0x00014891
core   0: 0x8000376c (0x01aa0523) sb      s10, 10(s4)
core   0: 3 0x8000376c (0x01aa0523) mem 0x80010407 0x91
core   0: 0x80003770 (0x00ba2f03) lw      t5, 11(s4)
core   0: 3 0x80003770 (0x00ba2f03) x30 0x5cf39a41 mem 0x80010408
core   0: 0x80003774 (0x00800593) li      a1, 8
core   0: 3 0x80003774 (0x00800593) x11 0x00000008
core   0: 0x80003778 (0x01400393) li      t2, 20
core   0: 3 0x80003778 (0x01400393) x 7 0x00000014
core   0: 0x8000377c (0x02e98a33) mul     s4, s3, a4
core   0: 3 0x8000377c (0x02e98a33) x20 0x00000690
core   0: 0x80003780 (0x00000001) c.nop
core   0: 3 0x80003780 (0x0001)
core   0: 0x80003782 (0x00000001) c.nop
core   0: 3 0x80003782 (0x0001)
core   0: 0x80003784 (0x00009b7d) c.andi  a4, -1
core   0: 3 0x80003784 (0x9b7d) x14 0xffffffeb
core   0: 0x80003786 (0x00000585) c.addi  a1, 1
core   0: 3 0x80003786 (0x0585) x11 0x00000009
core   0: 0x80003788 (0x0136db13) srli    s6, a3, 19
core   0: 3 0x80003788 (0x0136db13) x22 0x00000000
core   0: 0x8000378c (0x01f79813) slli    a6, a5, 31
core   0: 3 0x8000378c (0x01f79813) x16 0x00000000
core   0: 0x80003790 (0x01cab233) sltu    tp, s5, t3
core   0: 3 0x80003790 (0x01cab233) x 4 0x00000000
core   0: 0x80003794 (0xfe7596e3) bne     a1, t2, pc - 20
core   0: 3 0x80003794 (0xfe7596e3)
core   0: 0x80003780 (0x00000001) c.nop
core   0: 3 0x80003780 (0x0001)
core   0: 0x80003782 (0x00000001) c.nop
core   0: 3 0x80003782 (0x0001)
core   0: 0x80003784 (0x00009b7d) c.andi  a4, -1
core   0: 3 0x80003784 (0x9b7d) x14 0xffffffeb
core   0: 0x80003786 (0x00000585) c.addi  a1, 1
core   0: 3 0x80003786 (0x0585) x11 0x0000000a
core   0: 0x80003788 (0x0136db13) srli    s6, a3, 19
core   0: 3 0x80003788 (0x0136db13) x22 0x00000000
core   0: 0x8000378c (0x01f79813) slli    a6, a5, 31
core   0: 3 0x8000378c (0x01f79813) x16 0x00000000
core   0: 0x80003790 (0x01cab233) sltu    tp, s5, t3
core   0: 3 0x80003790 (0x01cab233) x 4 0x00000000
core   0: 0x80003794 (0xfe7596e3) bne     a1, t2, pc - 20
core   0: 3 0x80003794 (0xfe7596e3)
core   0: 0x80003780 (0x00000001) c.nop
core   0: 3 0x80003780 (0x0001)
core   0: 0x80003782 (0x00000001) c.nop
core   0: 3 0x80003782 (0x0001)
core   0: 0x80003784 (0x00009b7d) c.andi  a4, -1
core   0: 3 0x80003784 (0x9b7d) x14 0xffffffeb
core   0: 0x80003786 (0x00000585) c.addi  a1, 1
core   0: 3 0x80003786 (0x0585) x11 0x0000000b
core   0: 0x80003788 (0x0136db13) srli    s6, a3, 19
core   0: 3 0x80003788 (0x0136db13) x22 0x00000000
core   0: 0x8000378c (0x01f79813) slli    a6, a5, 31
core   0: 3 0x8000378c (0x01f79813) x16 0x00000000
core   0: 0x80003790 (0x01cab233) sltu    tp, s5, t3
core   0: 3 0x80003790 (0x01cab233) x 4 0x00000000
core   0: 0x80003794 (0xfe7596e3) bne     a1, t2, pc - 20
core   0: 3 0x80003794 (0xfe7596e3)
core   0: 0x80003780 (0x00000001) c.nop
core   0: 3 0x80003780 (0x0001)
core   0: 0x80003782 (0x00000001) c.nop
core   0: 3 0x80003782 (0x0001)
core   0: 0x80003784 (0x00009b7d) c.andi  a4, -1
core   0: 3 0x80003784 (0x9b7d) x14 0xffffffeb
core   0: 0x80003786 (0x00000585) c.addi  a1, 1
core   0: 3 0x80003786 (0x0585) x11 0x0000000c
core   0: 0x80003788 (0x0136db13) srli    s6, a3, 19
core   0: 3 0x80003788 (0x0136db13) x22 0x00000000
core   0: 0x8000378c (0x01f79813) slli    a6, a5, 31
core   0: 3 0x8000378c (0x01f79813) x16 0x00000000
core   0: 0x80003790 (0x01cab233) sltu    tp, s5, t3
core   0: 3 0x80003790 (0x01cab233) x 4 0x00000000
core   0: 0x80003794 (0xfe7596e3) bne     a1, t2, pc - 20
core   0: 3 0x80003794 (0xfe7596e3)
core   0: 0x80003780 (0x00000001) c.nop
core   0: 3 0x80003780 (0x0001)
core   0: 0x80003782 (0x00000001) c.nop
core   0: 3 0x80003782 (0x0001)
core   0: 0x80003784 (0x00009b7d) c.andi  a4, -1
core   0: 3 0x80003784 (0x9b7d) x14 0xffffffeb
core   0: 0x80003786 (0x00000585) c.addi  a1, 1
core   0: 3 0x80003786 (0x0585) x11 0x0000000d
core   0: 0x80003788 (0x0136db13) srli    s6, a3, 19
core   0: 3 0x80003788 (0x0136db13) x22 0x00000000
core   0: 0x8000378c (0x01f79813) slli    a6, a5, 31
core   0: 3 0x8000378c (0x01f79813) x16 0x00000000
core   0: 0x80003790 (0x01cab233) sltu    tp, s5, t3
core   0: 3 0x80003790 (0x01cab233) x 4 0x00000000
core   0: 0x80003794 (0xfe7596e3) bne     a1, t2, pc - 20
core   0: 3 0x80003794 (0xfe7596e3)
core   0: 0x80003780 (0x00000001) c.nop
core   0: 3 0x80003780 (0x0001)
core   0: 0x80003782 (0x00000001) c.nop
core   0: 3 0x80003782 (0x0001)
core   0: 0x80003784 (0x00009b7d) c.andi  a4, -1
core   0: 3 0x80003784 (0x9b7d) x14 0xffffffeb
core   0: 0x80003786 (0x00000585) c.addi  a1, 1
core   0: 3 0x80003786 (0x0585) x11 0x0000000e
core   0: 0x80003788 (0x0136db13) srli    s6, a3, 19
core   0: 3 0x80003788 (0x0136db13) x22 0x00000000
core   0: 0x8000378c (0x01f79813) slli    a6, a5, 31
core   0: 3 0x8000378c (0x01f79813) x16 0x00000000
core   0: 0x80003790 (0x01cab233) sltu    tp, s5, t3
core   0: 3 0x80003790 (0x01cab233) x 4 0x00000000
core   0: 0x80003794 (0xfe7596e3) bne     a1, t2, pc - 20
core   0: 3 0x80003794 (0xfe7596e3)
core   0: 0x80003780 (0x00000001) c.nop
core   0: 3 0x80003780 (0x0001)
core   0: 0x80003782 (0x00000001) c.nop
core   0: 3 0x80003782 (0x0001)
core   0: 0x80003784 (0x00009b7d) c.andi  a4, -1
core   0: 3 0x80003784 (0x9b7d) x14 0xffffffeb
core   0: 0x80003786 (0x00000585) c.addi  a1, 1
core   0: 3 0x80003786 (0x0585) x11 0x0000000f
core   0: 0x80003788 (0x0136db13) srli    s6, a3, 19
core   0: 3 0x80003788 (0x0136db13) x22 0x00000000
core   0: 0x8000378c (0x01f79813) slli    a6, a5, 31
core   0: 3 0x8000378c (0x01f79813) x16 0x00000000
core   0: 0x80003790 (0x01cab233) sltu    tp, s5, t3
core   0: 3 0x80003790 (0x01cab233) x 4 0x00000000
core   0: 0x80003794 (0xfe7596e3) bne     a1, t2, pc - 20
core   0: 3 0x80003794 (0xfe7596e3)
core   0: 0x80003780 (0x00000001) c.nop
core   0: 3 0x80003780 (0x0001)
core   0: 0x80003782 (0x00000001) c.nop
core   0: 3 0x80003782 (0x0001)
core   0: 0x80003784 (0x00009b7d) c.andi  a4, -1
core   0: 3 0x80003784 (0x9b7d) x14 0xffffffeb
core   0: 0x80003786 (0x00000585) c.addi  a1, 1
core   0: 3 0x80003786 (0x0585) x11 0x00000010
core   0: 0x80003788 (0x0136db13) srli    s6, a3, 19
core   0: 3 0x80003788 (0x0136db13) x22 0x00000000
core   0: 0x8000378c (0x01f79813) slli    a6, a5, 31
core   0: 3 0x8000378c (0x01f79813) x16 0x00000000
core   0: 0x80003790 (0x01cab233) sltu    tp, s5, t3
core   0: 3 0x80003790 (0x01cab233) x 4 0x00000000
core   0: 0x80003794 (0xfe7596e3) bne     a1, t2, pc - 20
core   0: 3 0x80003794 (0xfe7596e3)
core   0: 0x80003780 (0x00000001) c.nop
core   0: 3 0x80003780 (0x0001)
core   0: 0x80003782 (0x00000001) c.nop
core   0: 3 0x80003782 (0x0001)
core   0: 0x80003784 (0x00009b7d) c.andi  a4, -1
core   0: 3 0x80003784 (0x9b7d) x14 0xffffffeb
core   0: 0x80003786 (0x00000585) c.addi  a1, 1
core   0: 3 0x80003786 (0x0585) x11 0x00000011
core   0: 0x80003788 (0x0136db13) srli    s6, a3, 19
core   0: 3 0x80003788 (0x0136db13) x22 0x00000000
core   0: 0x8000378c (0x01f79813) slli    a6, a5, 31
core   0: 3 0x8000378c (0x01f79813) x16 0x00000000
core   0: 0x80003790 (0x01cab233) sltu    tp, s5, t3
core   0: 3 0x80003790 (0x01cab233) x 4 0x00000000
core   0: 0x80003794 (0xfe7596e3) bne     a1, t2, pc - 20
core   0: 3 0x80003794 (0xfe7596e3)
core   0: 0x80003780 (0x00000001) c.nop
core   0: 3 0x80003780 (0x0001)
core   0: 0x80003782 (0x00000001) c.nop
core   0: 3 0x80003782 (0x0001)
core   0: 0x80003784 (0x00009b7d) c.andi  a4, -1
core   0: 3 0x80003784 (0x9b7d) x14 0xffffffeb
core   0: 0x80003786 (0x00000585) c.addi  a1, 1
core   0: 3 0x80003786 (0x0585) x11 0x00000012
core   0: 0x80003788 (0x0136db13) srli    s6, a3, 19
core   0: 3 0x80003788 (0x0136db13) x22 0x00000000
core   0: 0x8000378c (0x01f79813) slli    a6, a5, 31
core   0: 3 0x8000378c (0x01f79813) x16 0x00000000
core   0: 0x80003790 (0x01cab233) sltu    tp, s5, t3
core   0: 3 0x80003790 (0x01cab233) x 4 0x00000000
core   0: 0x80003794 (0xfe7596e3) bne     a1, t2, pc - 20
core   0: 3 0x80003794 (0xfe7596e3)
core   0: 0x80003780 (0x00000001) c.nop
core   0: 3 0x80003780 (0x0001)
core   0: 0x80003782 (0x00000001) c.nop
core   0: 3 0x80003782 (0x0001)
core   0: 0x80003784 (0x00009b7d) c.andi  a4, -1
core   0: 3 0x80003784 (0x9b7d) x14 0xffffffeb
core   0: 0x80003786 (0x00000585) c.addi  a1, 1
core   0: 3 0x80003786 (0x0585) x11 0x00000013
core   0: 0x80003788 (0x0136db13) srli    s6, a3, 19
core   0: 3 0x80003788 (0x0136db13) x22 0x00000000
core   0: 0x8000378c (0x01f79813) slli    a6, a5, 31
core   0: 3 0x8000378c (0x01f79813) x16 0x00000000
core   0: 0x80003790 (0x01cab233) sltu    tp, s5, t3
core   0: 3 0x80003790 (0x01cab233) x 4 0x00000000
core   0: 0x80003794 (0xfe7596e3) bne     a1, t2, pc - 20
core   0: 3 0x80003794 (0xfe7596e3)
core   0: 0x80003780 (0x00000001) c.nop
core   0: 3 0x80003780 (0x0001)
core   0: 0x80003782 (0x00000001) c.nop
core   0: 3 0x80003782 (0x0001)
core   0: 0x80003784 (0x00009b7d) c.andi  a4, -1
core   0: 3 0x80003784 (0x9b7d) x14 0xffffffeb
core   0: 0x80003786 (0x00000585) c.addi  a1, 1
core   0: 3 0x80003786 (0x0585) x11 0x00000014
core   0: 0x80003788 (0x0136db13) srli    s6, a3, 19
core   0: 3 0x80003788 (0x0136db13) x22 0x00000000
core   0: 0x8000378c (0x01f79813) slli    a6, a5, 31
core   0: 3 0x8000378c (0x01f79813) x16 0x00000000
core   0: 0x80003790 (0x01cab233) sltu    tp, s5, t3
core   0: 3 0x80003790 (0x01cab233) x 4 0x00000000
core   0: 0x80003794 (0xfe7596e3) bne     a1, t2, pc - 20
core   0: 3 0x80003794 (0xfe7596e3)
core   0: 0x80003798 (0x1f9aabb7) lui     s7, 0x1f9aa
core   0: 3 0x80003798 (0x1f9aabb7) x23 0x1f9aa000
core   0: 0x8000379c (0x0000d097) auipc   ra, 0xd
core   0: 3 0x8000379c (0x0000d097) x 1 0x8001079c
core   0: 0x800037a0 (0xcd108093) addi    ra, ra, -815
core   0: 3 0x800037a0 (0xcd108093) x 1 0x8001046d
core   0: 0x800037a4 (0x0d10dd83) lhu     s11, 209(ra)
core   0: 3 0x800037a4 (0x0d10dd83) x27 0x0000c382 mem 0x8001053e
core   0: 0x800037a8 (0x0000d117) auipc   sp, 0xd
core   0: 3 0x800037a8 (0x0000d117) x 2 0x800107a8
core   0: 0x800037ac (0xd2110113) addi    sp, sp, -735
core   0: 3 0x800037ac (0xd2110113) x 2 0x800104c9
core   0: 0x800037b0 (0x0000d217) auipc   tp, 0xd
core   0: 3 0x800037b0 (0x0000d217) x 4 0x800107b0
core   0: 0x800037b4 (0x47320213) addi    tp, tp, 1139
core   0: 3 0x800037b4 (0x47320213) x 4 0x80010c23
core   0: 0x800037b8 (0x03214983) lbu     s3, 50(sp)
core   0: 3 0x800037b8 (0x03214983) x19 0x00000001 mem 0x800104fb
core   0: 0x800037bc (0x03011fa3) sh      a6, 63(sp)
core   0: 3 0x800037bc (0x03011fa3) mem 0x80010508 0x0000
core   0: 0x800037c0 (0x017107a3) sb      s7, 15(sp)
core   0: 3 0x800037c0 (0x017107a3) mem 0x800104d8 0x0
core   0: 0x800037c4 (0x03208c03) lb      s8, 50(ra)
core   0: 3 0x800037c4 (0x03208c03) x24 0x00000007 mem 0x8001049f
core   0: 0x800037c8 (0xfad0de03) lhu     t3, -83(ra)
core   0: 3 0x800037c8 (0xfad0de03) x28 0x00000dc5 mem 0x8001041a
core   0: 0x800037cc (0x03310b23) sb      s3, 54(sp)
core   0: 3 0x800037cc (0x03310b23) mem 0x800104ff 0x1
core   0: 0x800037d0 (0xf6e20683) lb      a3, -146(tp)
core   0: 3 0x800037d0 (0xf6e20683) x13 0x00000010 mem 0x80010b91
core   0: 0x800037d4 (0xff420123) sb      s4, -30(tp)
core   0: 3 0x800037d4 (0xff420123) mem 0x80010c05 0x90
core   0: 0x800037d8 (0xfdb09b03) lh      s6, -37(ra)
core   0: 3 0x800037d8 (0xfdb09b03) x22 0x00004fcc mem 0x80010448
core   0: 0x800037dc (0x0e720703) lb      a4, 231(tp)
core   0: 3 0x800037dc (0x0e720703) x14 0x00000021 mem 0x80010d0a
core   0: 0x800037e0 (0x0ad207a3) sb      a3, 175(tp)
core   0: 3 0x800037e0 (0x0ad207a3) mem 0x80010cd2 0x10
core   0: 0x800037e4 (0x0ac096a3) sh      a2, 173(ra)
core   0: 3 0x800037e4 (0x0ac096a3) mem 0x8001051a 0x0005
core   0: 0x800037e8 (0xfc010e83) lb      t4, -64(sp)
core   0: 3 0x800037e8 (0xfc010e83) x29 0xffffffd6 mem 0x80010489
core   0: 0x800037ec (0xfc725e83) lhu     t4, -57(tp)
core   0: 3 0x800037ec (0xfc725e83) x29 0x0000f2a5 mem 0x80010bea
core   0: 0x800037f0 (0x01711b83) lh      s7, 23(sp)
core   0: 3 0x800037f0 (0x01711b83) x23 0x00006ea2 mem 0x800104e0
core   0: 0x800037f4 (0x0e5218a3) sh      t0, 241(tp)
core   0: 3 0x800037f4 (0x0e5218a3) mem 0x80010d14 0x4b90
core   0: 0x800037f8 (0xf9008003) lb      zero, -112(ra)
core   0: 3 0x800037f8 (0xf9008003) mem 0x800103fd
core   0: 0x800037fc (0xfd521603) lh      a2, -43(tp)
core   0: 3 0x800037fc (0xfd521603) x12 0xffffb6b5 mem 0x80010bf8
core   0: 0x80003800 (0x09c20603) lb      a2, 156(tp)
core   0: 3 0x80003800 (0x09c20603) x12 0x00000000 mem 0x80010cbf
core   0: 0x80003804 (0xf04220a3) sw      tp, -255(tp)
core   0: 3 0x80003804 (0xf04220a3) mem 0x80010b24 0x80010c23
core   0: 0x80003808 (0x02810303) lb      t1, 40(sp)
core   0: 3 0x80003808 (0x02810303) x 6 0x00000038 mem 0x800104f1
core   0: 0x8000380c (0xfcb10223) sb      a1, -60(sp)
core   0: 3 0x8000380c (0xfcb10223) mem 0x8001048d 0x14
core   0: 0x80003810 (0x00013d17) auipc   s10, 0x13
core   0: 3 0x80003810 (0x00013d17) x26 0x80016810
core   0: 0x80003814 (0x828d0d13) addi    s10, s10, -2008
core   0: 3 0x80003814 (0x828d0d13) x26 0x80016038
core   0: 0x80003818 (0x496d0583) lb      a1, 1174(s10)
core   0: 3 0x80003818 (0x496d0583) x11 0x00000017 mem 0x800164ce
core   0: 0x8000381c (0xeb6d0e83) lb      t4, -330(s10)
core   0: 3 0x8000381c (0xeb6d0e83) x29 0xffffffb7 mem 0x80015eee
core   0: 0x80003820 (0x0000d297) auipc   t0, 0xd
core   0: 3 0x80003820 (0x0000d297) x 5 0x80010820
core   0: 0x80003824 (0x78128293) addi    t0, t0, 1921
core   0: 3 0x80003824 (0x78128293) x 5 0x80010fa1
core   0: 0x80003828 (0x03d28583) lb      a1, 61(t0)
core   0: 3 0x80003828 (0x03d28583) x11 0xffffffb9 mem 0x80010fde
core   0: 0x8000382c (0x2ccd2c23) sw      a2, 728(s10)
core   0: 3 0x8000382c (0x2ccd2c23) mem 0x80016310 0x00000000
core   0: 0x80003830 (0x03928ea3) sb      s9, 61(t0)
core   0: 3 0x80003830 (0x03928ea3) mem 0x80010fde 0x0
core   0: 0x80003834 (0x3c7d0f03) lb      t5, 967(s10)
core   0: 3 0x80003834 (0x3c7d0f03) x30 0x00000079 mem 0x800163ff
core   0: 0x80003838 (0x12bd0403) lb      s0, 299(s10)
core   0: 3 0x80003838 (0x12bd0403) x 8 0xffffff9f mem 0x80016163
core   0: 0x8000383c (0x543d0403) lb      s0, 1347(s10)
core   0: 3 0x8000383c (0x543d0403) x 8 0x0000005d mem 0x8001657b
core   0: 0x80003840 (0x9dfd4083) lbu     ra, -1569(s10)
core   0: 3 0x80003840 (0x9dfd4083) x 1 0x00000070 mem 0x80015a17
core   0: 0x80003844 (0xfe0282a3) sb      zero, -27(t0)
core   0: 3 0x80003844 (0xfe0282a3) mem 0x80010f86 0x0
core   0: 0x80003848 (0xf2dd0603) lb      a2, -211(s10)
core   0: 3 0x80003848 (0xf2dd0603) x12 0xffffffc8 mem 0x80015f65
core   0: 0x8000384c (0x02828ba3) sb      s0, 55(t0)
core   0: 3 0x8000384c (0x02828ba3) mem 0x80010fd8 0x5d
core   0: 0x80003850 (0x00d28923) sb      a3, 18(t0)
core   0: 3 0x80003850 (0x00d28923) mem 0x80010fb3 0x10
core   0: 0x80003854 (0x03d29b83) lh      s7, 61(t0)
core   0: 3 0x80003854 (0x03d29b83) x23 0x00000000 mem 0x80010fde
core   0: 0x80003858 (0xa5fd4703) lbu     a4, -1441(s10)
core   0: 3 0x80003858 (0xa5fd4703) x14 0x000000de mem 0x80015a97
core   0: 0x8000385c (0xff12db03) lhu     s6, -15(t0)
core   0: 3 0x8000385c (0xff12db03) x22 0x00000e1d mem 0x80010f92
core   0: 0x80003860 (0x00a00def) jal     s11, pc + 0xa
core   0: 3 0x80003860 (0x00a00def) x27 0x80003864
core   0: 0x8000386a (0x008000ef) jal     pc + 0x8
core   0: 3 0x8000386a (0x008000ef) x 1 0x8000386e
core   0: 0x80003872 (0x0000bff5) c.j     pc - 4
core   0: 3 0x80003872 (0xbff5)
core   0: 0x8000386e (0x00002019) c.jal   pc + 6
core   0: 3 0x8000386e (0x2019) x 1 0x80003870
core   0: 0x80003874 (0x0000a011) c.j     pc + 4
core   0: 3 0x80003874 (0xa011)
core   0: 0x80003878 (0x0000b7fd) c.j     pc - 18
core   0: 3 0x80003878 (0xb7fd)
core   0: 0x80003866 (0x0100036f) jal     t1, pc + 0x10
core   0: 3 0x80003866 (0x0100036f) x 6 0x8000386a
core   0: 0x80003876 (0x00002011) c.jal   pc + 4
core   0: 3 0x80003876 (0x2011) x 1 0x80003878
core   0: 0x8000387a (0xfebff36f) jal     t1, pc - 0x16
core   0: 3 0x8000387a (0xfebff36f) x 6 0x8000387e
core   0: 0x80003864 (0x0000a829) c.j     pc + 26
core   0: 3 0x80003864 (0xa829)
core   0: 0x8000387e (0x00002009) c.jal   pc + 2
core   0: 3 0x8000387e (0x2009) x 1 0x80003880
core   0: 0x80003880 (0x00003fc5) c.jal   pc - 16
core   0: 3 0x80003880 (0x3fc5) x 1 0x80003882
core   0: 0x80003870 (0x00002809) c.jal   pc + 18
core   0: 3 0x80003870 (0x2809) x 1 0x80003872
core   0: 0x80003882 (0x0365f1b3) remu    gp, a1, s6
core   0: 3 0x80003882 (0x0365f1b3) x 3 0x00000a4c
core   0: 0x80003886 (0x0000d117) auipc   sp, 0xd
core   0: 3 0x80003886 (0x0000d117) x 2 0x80010886
core   0: 0x8000388a (0x5ee10113) addi    sp, sp, 1518
core   0: 3 0x8000388a (0x5ee10113) x 2 0x80010e74
core   0: 0x8000388e (0x412e5033) sra     zero, t3, s2
core   0: 3 0x8000388e (0x412e5033)
core   0: 0x80003892 (0xffb14383) lbu     t2, -5(sp)
core   0: 3 0x80003892 (0xffb14383) x 7 0x0000005f mem 0x80010e6f
core   0: 0x80003896 (0xff710da3) sb      s7, -5(sp)
core   0: 3 0x80003896 (0xff710da3) mem 0x80010e6f 0x0
core   0: 0x8000389a (0x018362b3) or      t0, t1, s8
core   0: 3 0x8000389a (0x018362b3) x 5 0x8000387f
core   0: 0x8000389e (0xffb10383) lb      t2, -5(sp)
core   0: 3 0x8000389e (0xffb10383) x 7 0x00000000 mem 0x80010e6f
core   0: 0x800038a2 (0xfff10083) lb      ra, -1(sp)
core   0: 3 0x800038a2 (0xfff10083) x 1 0x00000019 mem 0x80010e73
core   0: 0x800038a6 (0xfff14203) lbu     tp, -1(sp)
core   0: 3 0x800038a6 (0xfff14203) x 4 0x00000019 mem 0x80010e73
core   0: 0x800038aa (0x00e10b83) lb      s7, 14(sp)
core   0: 3 0x800038aa (0x00e10b83) x23 0x00000079 mem 0x80010e82
core   0: 0x800038ae (0x00008de1) c.and   a1, s0
core   0: 3 0x800038ae (0x8de1) x11 0x00000019
core   0: 0x800038b0 (0x6d4a3017) auipc   zero, 0x6d4a3
core   0: 3 0x800038b0 (0x6d4a3017)
core   0: 0x800038b4 (0x00510723) sb      t0, 14(sp)
core   0: 3 0x800038b4 (0x00510723) mem 0x80010e82 0x7f
core   0: 0x800038b8 (0x01111723) sh      a7, 14(sp)
core   0: 3 0x800038b8 (0x01111723) mem 0x80010e82 0x0000
core   0: 0x800038bc (0x0099d593) srli    a1, s3, 9
core   0: 3 0x800038bc (0x0099d593) x11 0x00000000
core   0: 0x800038c0 (0x00e11283) lh      t0, 14(sp)
core   0: 3 0x800038c0 (0x00e11283) x 5 0x00000000 mem 0x80010e82
core   0: 0x800038c4 (0x00006739) c.lui   a4, 0xe
core   0: 3 0x800038c4 (0x6739) x14 0x0000e000
core   0: 0x800038c6 (0x00e11583) lh      a1, 14(sp)
core   0: 3 0x800038c6 (0x00e11583) x11 0x00000000 mem 0x80010e82
core   0: 0x800038ca (0x00e15183) lhu     gp, 14(sp)
core   0: 3 0x800038ca (0x00e15183) x 3 0x00000000 mem 0x80010e82
core   0: 0x800038ce (0x03bda533) mulhsu  a0, s11, s11
core   0: 3 0x800038ce (0x03bda533) x10 0xc0000000
core   0: 0x800038d2 (0x00611723) sh      t1, 14(sp)
core   0: 3 0x800038d2 (0x00611723) mem 0x80010e82 0x387e
core   0: 0x800038d6 (0x00e11c03) lh      s8, 14(sp)
core   0: 3 0x800038d6 (0x00e11c03) x24 0x0000387e mem 0x80010e82
core   0: 0x800038da (0x000046c2) c.lwsp  a3, 16(sp)
core   0: 3 0x800038da (0x46c2) x13 0x4eaf509e mem 0x80010e84
core   0: 0x800038dc (0x0000d097) auipc   ra, 0xd
core   0: 3 0x800038dc (0x0000d097) x 1 0x800108dc
core   0: 0x800038e0 (0xfde08093) addi    ra, ra, -34
core   0: 3 0x800038e0 (0xfde08093) x 1 0x800108ba
core   0: 0x800038e4 (0x9de09023) sh      t5, -1600(ra)
core   0: 3 0x800038e4 (0x9de09023) mem 0x8001027a 0x0079
core   0: 0x800038e8 (0x0000de97) auipc   t4, 0xd
core   0: 3 0x800038e8 (0x0000de97) x29 0x800108e8
core   0: 0x800038ec (0x05fe8e93) addi    t4, t4, 95
core   0: 3 0x800038ec (0x05fe8e93) x29 0x80010947
core   0: 0x800038f0 (0xd6808003) lb      zero, -664(ra)
core   0: 3 0x800038f0 (0xd6808003) mem 0x80010622
core   0: 0x800038f4 (0xbe60ad03) lw      s10, -1050(ra)
core   0: 3 0x800038f4 (0xbe60ad03) x26 0x06a5b3af mem 0x800104a0
core   0: 0x800038f8 (0x0c8e8a23) sb      s0, 212(t4)
core   0: 3 0x800038f8 (0x0c8e8a23) mem 0x80010a1b 0x5d
core   0: 0x800038fc (0xead0c583) lbu     a1, -339(ra)
core   0: 3 0x800038fc (0xead0c583) x11 0x000000eb mem 0x80010767
core   0: 0x80003900 (0x03ee8803) lb      a6, 62(t4)
core   0: 3 0x80003900 (0x03ee8803) x16 0x00000021 mem 0x80010985
core   0: 0x80003904 (0x6f108803) lb      a6, 1777(ra)
core   0: 3 0x80003904 (0x6f108803) x16 0x0000007c mem 0x80010fab
core   0: 0x80003908 (0x06508aa3) sb      t0, 117(ra)
core   0: 3 0x80003908 (0x06508aa3) mem 0x8001092f 0x0
core   0: 0x8000390c (0x2300d803) lhu     a6, 560(ra)
core   0: 3 0x8000390c (0x2300d803) x16 0x0000f279 mem 0x80010aea
core   0: 0x80003910 (0xface8f83) lb      t6, -84(t4)
core   0: 3 0x80003910 (0xface8f83) x31 0xfffffff2 mem 0x800108f3
core   0: 0x80003914 (0xfc8087a3) sb      s0, -49(ra)
core   0: 3 0x80003914 (0xfc8087a3) mem 0x80010889 0x5d
core   0: 0x80003918 (0x0fb0c403) lbu     s0, 251(ra)
core   0: 3 0x80003918 (0x0fb0c403) x 8 0x00000083 mem 0x800109b5
core   0: 0x8000391c (0x088e92a3) sh      s0, 133(t4)
core   0: 3 0x8000391c (0x088e92a3) mem 0x800109cc 0x0083
core   0: 0x80003920 (0xf5ce8683) lb      a3, -164(t4)
core   0: 3 0x80003920 (0xf5ce8683) x13 0x00000077 mem 0x800108a3
core   0: 0x80003924 (0x0001d617) auipc   a2, 0x1d
core   0: 3 0x80003924 (0x0001d617) x12 0x80020924
core   0: 0x80003928 (0x65a60613) addi    a2, a2, 1626
core   0: 3 0x80003928 (0x65a60613) x12 0x80020f7e
core   0: 0x8000392c (0x00013497) auipc   s1, 0x13
core   0: 3 0x8000392c (0x00013497) x 9 0x8001692c
core   0: 0x80003930 (0x99d48493) addi    s1, s1, -1635
core   0: 3 0x80003930 (0x99d48493) x 9 0x800162c9
core   0: 0x80003934 (0x07060a03) lb      s4, 112(a2)
core   0: 3 0x80003934 (0x07060a03) x20 0x0000005b mem 0x80020fee
core   0: 0x80003938 (0x00012d17) auipc   s10, 0x12
core   0: 3 0x80003938 (0x00012d17) x26 0x80015938
core   0: 0x8000393c (0xc28d0d13) addi    s10, s10, -984
core   0: 3 0x8000393c (0xc28d0d13) x26 0x80015560
core   0: 0x80003940 (0x01c60383) lb      t2, 28(a2)
core   0: 3 0x80003940 (0x01c60383) x 7 0x00000020 mem 0x80020f9a
core   0: 0x80003944 (0x02dd0c03) lb      s8, 45(s10)
core   0: 3 0x80003944 (0x02dd0c03) x24 0x00000066 mem 0x8001558d
core   0: 0x80003948 (0x09260023) sb      s2, 128(a2)
core   0: 3 0x80003948 (0x09260023) mem 0x80020ffe 0x19
core   0: 0x8000394c (0x093604a3) sb      s3, 137(a2)
core   0: 3 0x8000394c (0x093604a3) mem 0x80021007 0x1
core   0: 0x80003950 (0xfe9d0aa3) sb      s1, -11(s10)
core   0: 3 0x80003950 (0xfe9d0aa3) mem 0x80015555 0xc9
core   0: 0x80003954 (0xf674c803) lbu     a6, -153(s1)
core   0: 3 0x80003954 (0xf674c803) x16 0x0000001f mem 0x80016230
core   0: 0x80003958 (0x000d0983) lb      s3, 0(s10)
core   0: 3 0x80003958 (0x000d0983) x19 0xffffffb0 mem 0x80015560
core   0: 0x8000395c (0x09360d83) lb      s11, 147(a2)
core   0: 3 0x8000395c (0x09360d83) x27 0x0000000d mem 0x80021011
core   0: 0x80003960 (0xfc764d83) lbu     s11, -57(a2)
core   0: 3 0x80003960 (0xfc764d83) x27 0x0000008e mem 0x80020f45
core   0: 0x80003964 (0x01ed1003) lh      zero, 30(s10)
core   0: 3 0x80003964 (0x01ed1003) mem 0x8001557e
core   0: 0x80003968 (0x0e74c583) lbu     a1, 231(s1)
core   0: 3 0x80003968 (0x0e74c583) x11 0x00000017 mem 0x800163b0
core   0: 0x8000396c (0xff9d08a3) sb      s9, -15(s10)
core   0: 3 0x8000396c (0xff9d08a3) mem 0x80015551 0x0
core   0: 0x80003970 (0xfc54c703) lbu     a4, -59(s1)
core   0: 3 0x80003970 (0xfc54c703) x14 0x00000020 mem 0x8001628e
core   0: 0x80003974 (0x02bd06a3) sb      a1, 45(s10)
core   0: 3 0x80003974 (0x02bd06a3) mem 0x8001558d 0x17
core   0: 0x80003978 (0xff7483a3) sb      s7, -25(s1)
core   0: 3 0x80003978 (0xff7483a3) mem 0x800162b0 0x79
core   0: 0x8000397c (0x00760923) sb      t2, 18(a2)
core   0: 3 0x8000397c (0x00760923) mem 0x80020f90 0x20
core   0: 0x80003980 (0xf32606a3) sb      s2, -211(a2)
core   0: 3 0x80003980 (0xf32606a3) mem 0x80020eab 0x19
core   0: 0x80003984 (0xfc3d0283) lb      t0, -61(s10)
core   0: 3 0x80003984 (0xfc3d0283) x 5 0x00000002 mem 0x80015523
core   0: 0x80003988 (0x007d0503) lb      a0, 7(s10)
core   0: 3 0x80003988 (0x007d0503) x10 0xffffffcb mem 0x80015567
core   0: 0x8000398c (0xf2060183) lb      gp, -224(a2)
core   0: 3 0x8000398c (0xf2060183) x 3 0x0000001d mem 0x80020e9e
core   0: 0x80003990 (0xf064c383) lbu     t2, -250(s1)
core   0: 3 0x80003990 (0xf064c383) x 7 0x000000dd mem 0x800161cf
core   0: 0x80003994 (0xfd1d0403) lb      s0, -47(s10)
core   0: 3 0x80003994 (0xfd1d0403) x 8 0xffffffc1 mem 0x80015531
core   0: 0x80003998 (0xf0a61e03) lh      t3, -246(a2)
core   0: 3 0x80003998 (0xf0a61e03) x28 0xffff85e7 mem 0x80020e88
core   0: 0x8000399c (0x09848183) lb      gp, 152(s1)
core   0: 3 0x8000399c (0x09848183) x 3 0x00000063 mem 0x80016361
core   0: 0x800039a0 (0xf7e48c83) lb      s9, -130(s1)
core   0: 3 0x800039a0 (0xf7e48c83) x25 0xfffffffc mem 0x80016247
core   0: 0x800039a4 (0x00600def) jal     s11, pc + 0x6
core   0: 3 0x800039a4 (0x00600def) x27 0x800039a8
core   0: 0x800039aa (0x02c00d6f) jal     s10, pc + 0x2c
core   0: 3 0x800039aa (0x02c00d6f) x26 0x800039ae
core   0: 0x800039d6 (0x00002029) c.jal   pc + 10
core   0: 3 0x800039d6 (0x2029) x 1 0x800039d8
core   0: 0x800039e0 (0x0000bfd9) c.j     pc - 42
core   0: 3 0x800039e0 (0xbfd9)
core   0: 0x800039b6 (0x0000a819) c.j     pc + 22
core   0: 3 0x800039b6 (0xa819)
core   0: 0x800039cc (0xff1ff1ef) jal     gp, pc - 0x10
core   0: 3 0x800039cc (0xff1ff1ef) x 3 0x800039d0
core   0: 0x800039bc (0x00002019) c.jal   pc + 6
core   0: 3 0x800039bc (0x2019) x 1 0x800039be
core   0: 0x800039c2 (0x010002ef) jal     t0, pc + 0x10
core   0: 3 0x800039c2 (0x010002ef) x 5 0x800039c6
core   0: 0x800039d2 (0xfffff36f) jal     t1, pc - 0x2
core   0: 3 0x800039d2 (0xfffff36f) x 6 0x800039d6
core   0: 0x800039d0 (0x00002819) c.jal   pc + 22
core   0: 3 0x800039d0 (0x2819) x 1 0x800039d2
core   0: 0x800039e6 (0xfe1ffa6f) jal     s4, pc - 0x20
core   0: 3 0x800039e6 (0xfe1ffa6f) x20 0x800039ea
core   0: 0x800039c6 (0x00003fcd) c.jal   pc - 14
core   0: 3 0x800039c6 (0x3fcd) x 1 0x800039c8
core   0: 0x800039b8 (0xff1ff46f) jal     s0, pc - 0x10
core   0: 3 0x800039b8 (0xff1ff46f) x 8 0x800039bc
core   0: 0x800039a8 (0x0000a805) c.j     pc + 48
core   0: 3 0x800039a8 (0xa805)
core   0: 0x800039d8 (0xff1ff86f) jal     a6, pc - 0x10
core   0: 3 0x800039d8 (0xff1ff86f) x16 0x800039dc
core   0: 0x800039c8 (0xfe9ff0ef) jal     pc - 0x18
core   0: 3 0x800039c8 (0xfe9ff0ef) x 1 0x800039cc
core   0: 0x800039b0 (0x0000282d) c.jal   pc + 58
core   0: 3 0x800039b0 (0x282d) x 1 0x800039b2
core   0: 0x800039ea (0x000037d1) c.jal   pc - 60
core   0: 3 0x800039ea (0x37d1) x 1 0x800039ec
core   0: 0x800039ae (0x0000a801) c.j     pc + 16
core   0: 3 0x800039ae (0xa801)
core   0: 0x800039be (0x024000ef) jal     pc + 0x24
core   0: 3 0x800039be (0x024000ef) x 1 0x800039c2
core   0: 0x800039e2 (0xfd3ff5ef) jal     a1, pc - 0x2e
core   0: 3 0x800039e2 (0xfd3ff5ef) x11 0x800039e6
core   0: 0x800039b4 (0x00003ffd) c.jal   pc - 2
core   0: 3 0x800039b4 (0x3ffd) x 1 0x800039b6
core   0: 0x800039b2 (0x0000a02d) c.j     pc + 42
core   0: 3 0x800039b2 (0xa02d)
core   0: 0x800039dc (0x010000ef) jal     pc + 0x10
core   0: 3 0x800039dc (0x010000ef) x 1 0x800039e0
core   0: 0x800039ec (0x13980c93) addi    s9, a6, 313
core   0: 3 0x800039ec (0x13980c93) x25 0x80003b15
core   0: 0x800039f0 (0x0000de97) auipc   t4, 0xd
core   0: 3 0x800039f0 (0x0000de97) x29 0x800109f0
core   0: 0x800039f4 (0xedfe8e93) addi    t4, t4, -289
core   0: 3 0x800039f4 (0xedfe8e93) x29 0x800108cf
core   0: 0x800039f8 (0xfede8c23) sb      a3, -8(t4)
core   0: 3 0x800039f8 (0xfede8c23) mem 0x800108c7 0x77
core   0: 0x800039fc (0x00011417) auipc   s0, 0x11
core   0: 3 0x800039fc (0x00011417) x 8 0x800149fc
core   0: 0x80003a00 (0xb2140413) addi    s0, s0, -1247
core   0: 3 0x80003a00 (0xb2140413) x 8 0x8001451d
core   0: 0x80003a04 (0xff240683) lb      a3, -14(s0)
core   0: 3 0x80003a04 (0xff240683) x13 0x0000005f mem 0x8001450f
core   0: 0x80003a08 (0x007ed283) lhu     t0, 7(t4)
core   0: 3 0x80003a08 (0x007ed283) x 5 0x000062d9 mem 0x800108d6
core   0: 0x80003a0c (0x004ec683) lbu     a3, 4(t4)
core   0: 3 0x80003a0c (0x004ec683) x13 0x0000000c mem 0x800108d3
core   0: 0x80003a10 (0xff9ecd03) lbu     s10, -7(t4)
core   0: 3 0x80003a10 (0xff9ecd03) x26 0x00000037 mem 0x800108c8
core   0: 0x80003a14 (0xfef40b23) sb      a5, -10(s0)
core   0: 3 0x80003a14 (0xfef40b23) mem 0x80014513 0xe4
core   0: 0x80003a18 (0x01140123) sb      a7, 2(s0)
core   0: 3 0x80003a18 (0x01140123) mem 0x8001451f 0x0
core   0: 0x80003a1c (0xff540283) lb      t0, -11(s0)
core   0: 3 0x80003a1c (0xff540283) x 5 0x00000074 mem 0x80014512
core   0: 0x80003a20 (0xff2e8d83) lb      s11, -14(t4)
core   0: 3 0x80003a20 (0xff2e8d83) x27 0xffffffcd mem 0x800108c1
core   0: 0x80003a24 (0x007e8803) lb      a6, 7(t4)
core   0: 3 0x80003a24 (0x007e8803) x16 0xffffffd9 mem 0x800108d6
core   0: 0x80003a28 (0x01040b83) lb      s7, 16(s0)
core   0: 3 0x80003a28 (0x01040b83) x23 0xffffff92 mem 0x8001452d
core   0: 0x80003a2c (0xfede8f23) sb      a3, -2(t4)
core   0: 3 0x80003a2c (0xfede8f23) mem 0x800108cd 0xc
core   0: 0x80003a30 (0x00016f17) auipc   t5, 0x16
core   0: 3 0x80003a30 (0x00016f17) x30 0x80019a30
core   0: 0x80003a34 (0x0baf0f13) addi    t5, t5, 186
core   0: 3 0x80003a34 (0x0baf0f13) x30 0x80019aea
core   0: 0x80003a38 (0x00019117) auipc   sp, 0x19
core   0: 3 0x80003a38 (0x00019117) x 2 0x8001ca38
core   0: 0x80003a3c (0x01810113) addi    sp, sp, 24
core   0: 3 0x80003a3c (0x01810113) x 2 0x8001ca50
core   0: 0x80003a40 (0x1ecf1c83) lh      s9, 492(t5)
core   0: 3 0x80003a40 (0x1ecf1c83) x25 0x00004a40 mem 0x80019cd6
core   0: 0x80003a44 (0x01910b03) lb      s6, 25(sp)
core   0: 3 0x80003a44 (0x01910b03) x22 0xffffffd9 mem 0x8001ca69
core   0: 0x80003a48 (0x02610ea3) sb      t1, 61(sp)
core   0: 3 0x80003a48 (0x02610ea3) mem 0x8001ca8d 0xd6
core   0: 0x80003a4c (0x00004dc2) c.lwsp  s11, 16(sp)
core   0: 3 0x80003a4c (0x4dc2) x27 0xb58e4407 mem 0x8001ca60
core   0: 0x80003a4e (0x761f4283) lbu     t0, 1889(t5)
core   0: 3 0x80003a4e (0x761f4283) x 5 0x00000019 mem 0x8001a24b
core   0: 0x80003a52 (0x01d14b03) lbu     s6, 29(sp)
core   0: 3 0x80003a52 (0x01d14b03) x22 0x00000001 mem 0x8001ca6d
core   0: 0x80003a56 (0xff611703) lh      a4, -10(sp)
core   0: 3 0x80003a56 (0xff611703) x14 0x00005a4e mem 0x8001ca46
core   0: 0x80003a5a (0x0b6f2b23) sw      s6, 182(t5)
core   0: 3 0x80003a5a (0x0b6f2b23) mem 0x80019ba0 0x00000001
core   0: 0x80003a5e (0x00005fc2) c.lwsp  t6, 48(sp)
core   0: 3 0x80003a5e (0x5fc2) x31 0x4a38c6ca mem 0x8001ca80
core   0: 0x80003a60 (0x00005d22) c.lwsp  s10, 40(sp)
core   0: 3 0x80003a60 (0x5d22) x26 0xecfac95a mem 0x8001ca78
core   0: 0x80003a62 (0x337f0da3) sb      s7, 827(t5)
core   0: 3 0x80003a62 (0x337f0da3) mem 0x80019e25 0x92
core   0: 0x80003a66 (0xfcc14183) lbu     gp, -52(sp)
core   0: 3 0x80003a66 (0xfcc14183) x 3 0x00000041 mem 0x8001ca1c
core   0: 0x80003a6a (0x00610b83) lb      s7, 6(sp)
core   0: 3 0x80003a6a (0x00610b83) x23 0xffffffd5 mem 0x8001ca56
core   0: 0x80003a6e (0xbb4f5583) lhu     a1, -1100(t5)
core   0: 3 0x80003a6e (0xbb4f5583) x11 0x0000c99f mem 0x8001969e
core   0: 0x80003a72 (0xffd00e93) li      t4, -3
core   0: 3 0x80003a72 (0xffd00e93) x29 0xfffffffd
core   0: 0x80003a76 (0xb8dca2b7) lui     t0, 0xb8dca
core   0: 3 0x80003a76 (0xb8dca2b7) x 5 0xb8dca000
core   0: 0x80003a7a (0x00001dfd) c.addi  s11, -1
core   0: 3 0x80003a7a (0x1dfd) x27 0xb58e4406
core   0: 0x80003a7c (0x66e56e17) auipc   t3, 0x66e56
core   0: 3 0x80003a7c (0x66e56e17) x28 0xe6e59a7c
core   0: 0x80003a80 (0x00ab2b33) slt     s6, s6, a0
core   0: 3 0x80003a80 (0x00ab2b33) x22 0x00000000
core   0: 0x80003a84 (0xff300c93) li      s9, -13
core   0: 3 0x80003a84 (0xff300c93) x25 0xfffffff3
core   0: 0x80003a88 (0x02c51e33) mulh    t3, a0, a2
core   0: 3 0x80003a88 (0x02c51e33) x28 0x0000001a
core   0: 0x80003a8c (0x02d112b3) mulh    t0, sp, a3
core   0: 3 0x80003a8c (0x02d112b3) x 5 0xfffffffa
core   0: 0x80003a90 (0xe7f2c613) xori    a2, t0, -385
core   0: 3 0x80003a90 (0xe7f2c613) x12 0x00000185
core   0: 0x80003a94 (0x00001ef5) c.addi  t4, -3
core   0: 3 0x80003a94 (0x1ef5) x29 0xfffffffa
core   0: 0x80003a96 (0x00fc10b3) sll     ra, s8, a5
core   0: 3 0x80003a96 (0x00fc10b3) x 1 0x00000660
core   0: 0x80003a9a (0xfff00493) li      s1, -1
core   0: 3 0x80003a9a (0xfff00493) x 9 0xffffffff
core   0: 0x80003a9e (0xff700593) li      a1, -9
core   0: 3 0x80003a9e (0xff700593) x11 0xfffffff7
core   0: 0x80003aa2 (0x01155a33) srl     s4, a0, a7
core   0: 3 0x80003aa2 (0x01155a33) x20 0xffffffcb
core   0: 0x80003aa6 (0x000086fd) c.srai  a3, 31
core   0: 3 0x80003aa6 (0x86fd) x13 0x00000000
core   0: 0x80003aa8 (0x00008e61) c.and   a2, s0
core   0: 3 0x80003aa8 (0x8e61) x12 0x00000105
core   0: 0x80003aaa (0x0000877e) c.mv    a4, t6
core   0: 3 0x80003aaa (0x877e) x14 0x4a38c6ca
core   0: 0x80003aac (0x000014e1) c.addi  s1, -8
core   0: 3 0x80003aac (0x14e1) x 9 0xfffffff7
core   0: 0x80003aae (0x01896db3) or      s11, s2, s8
core   0: 3 0x80003aae (0x01896db3) x27 0x0000007f
core   0: 0x80003ab2 (0x031d36b3) mulhu   a3, s10, a7
core   0: 3 0x80003ab2 (0x031d36b3) x13 0x00000000
core   0: 0x80003ab6 (0xfeb499e3) bne     s1, a1, pc - 14
core   0: 3 0x80003ab6 (0xfeb499e3)
core   0: 0x80003aba (0x00000710) c.addi4spn a2, sp, 896
core   0: 3 0x80003aba (0x0710) x12 0x8001cdd0
core   0: 0x80003abc (0xfd9ed8e3) bge     t4, s9, pc - 48
core   0: 3 0x80003abc (0xfd9ed8e3)
core   0: 0x80003a8c (0x02d112b3) mulh    t0, sp, a3
core   0: 3 0x80003a8c (0x02d112b3) x 5 0x00000000
core   0: 0x80003a90 (0xe7f2c613) xori    a2, t0, -385
core   0: 3 0x80003a90 (0xe7f2c613) x12 0xfffffe7f
core   0: 0x80003a94 (0x00001ef5) c.addi  t4, -3
core   0: 3 0x80003a94 (0x1ef5) x29 0xfffffff7
core   0: 0x80003a96 (0x00fc10b3) sll     ra, s8, a5
core   0: 3 0x80003a96 (0x00fc10b3) x 1 0x00000660
core   0: 0x80003a9a (0xfff00493) li      s1, -1
core   0: 3 0x80003a9a (0xfff00493) x 9 0xffffffff
core   0: 0x80003a9e (0xff700593) li      a1, -9
core   0: 3 0x80003a9e (0xff700593) x11 0xfffffff7
core   0: 0x80003aa2 (0x01155a33) srl     s4, a0, a7
core   0: 3 0x80003aa2 (0x01155a33) x20 0xffffffcb
core   0: 0x80003aa6 (0x000086fd) c.srai  a3, 31
core   0: 3 0x80003aa6 (0x86fd) x13 0x00000000
core   0: 0x80003aa8 (0x00008e61) c.and   a2, s0
core   0: 3 0x80003aa8 (0x8e61) x12 0x8001441d
core   0: 0x80003aaa (0x0000877e) c.mv    a4, t6
core   0: 3 0x80003aaa (0x877e) x14 0x4a38c6ca
core   0: 0x80003aac (0x000014e1) c.addi  s1, -8
core   0: 3 0x80003aac (0x14e1) x 9 0xfffffff7
core   0: 0x80003aae (0x01896db3) or      s11, s2, s8
core   0: 3 0x80003aae (0x01896db3) x27 0x0000007f
core   0: 0x80003ab2 (0x031d36b3) mulhu   a3, s10, a7
core   0: 3 0x80003ab2 (0x031d36b3) x13 0x00000000
core   0: 0x80003ab6 (0xfeb499e3) bne     s1, a1, pc - 14
core   0: 3 0x80003ab6 (0xfeb499e3)
core   0: 0x80003aba (0x00000710) c.addi4spn a2, sp, 896
core   0: 3 0x80003aba (0x0710) x12 0x8001cdd0
core   0: 0x80003abc (0xfd9ed8e3) bge     t4, s9, pc - 48
core   0: 3 0x80003abc (0xfd9ed8e3)
core   0: 0x80003a8c (0x02d112b3) mulh    t0, sp, a3
core   0: 3 0x80003a8c (0x02d112b3) x 5 0x00000000
core   0: 0x80003a90 (0xe7f2c613) xori    a2, t0, -385
core   0: 3 0x80003a90 (0xe7f2c613) x12 0xfffffe7f
core   0: 0x80003a94 (0x00001ef5) c.addi  t4, -3
core   0: 3 0x80003a94 (0x1ef5) x29 0xfffffff4
core   0: 0x80003a96 (0x00fc10b3) sll     ra, s8, a5
core   0: 3 0x80003a96 (0x00fc10b3) x 1 0x00000660
core   0: 0x80003a9a (0xfff00493) li      s1, -1
core   0: 3 0x80003a9a (0xfff00493) x 9 0xffffffff
core   0: 0x80003a9e (0xff700593) li      a1, -9
core   0: 3 0x80003a9e (0xff700593) x11 0xfffffff7
core   0: 0x80003aa2 (0x01155a33) srl     s4, a0, a7
core   0: 3 0x80003aa2 (0x01155a33) x20 0xffffffcb
core   0: 0x80003aa6 (0x000086fd) c.srai  a3, 31
core   0: 3 0x80003aa6 (0x86fd) x13 0x00000000
core   0: 0x80003aa8 (0x00008e61) c.and   a2, s0
core   0: 3 0x80003aa8 (0x8e61) x12 0x8001441d
core   0: 0x80003aaa (0x0000877e) c.mv    a4, t6
core   0: 3 0x80003aaa (0x877e) x14 0x4a38c6ca
core   0: 0x80003aac (0x000014e1) c.addi  s1, -8
core   0: 3 0x80003aac (0x14e1) x 9 0xfffffff7
core   0: 0x80003aae (0x01896db3) or      s11, s2, s8
core   0: 3 0x80003aae (0x01896db3) x27 0x0000007f
core   0: 0x80003ab2 (0x031d36b3) mulhu   a3, s10, a7
core   0: 3 0x80003ab2 (0x031d36b3) x13 0x00000000
core   0: 0x80003ab6 (0xfeb499e3) bne     s1, a1, pc - 14
core   0: 3 0x80003ab6 (0xfeb499e3)
core   0: 0x80003aba (0x00000710) c.addi4spn a2, sp, 896
core   0: 3 0x80003aba (0x0710) x12 0x8001cdd0
core   0: 0x80003abc (0xfd9ed8e3) bge     t4, s9, pc - 48
core   0: 3 0x80003abc (0xfd9ed8e3)
core   0: 0x80003a8c (0x02d112b3) mulh    t0, sp, a3
core   0: 3 0x80003a8c (0x02d112b3) x 5 0x00000000
core   0: 0x80003a90 (0xe7f2c613) xori    a2, t0, -385
core   0: 3 0x80003a90 (0xe7f2c613) x12 0xfffffe7f
core   0: 0x80003a94 (0x00001ef5) c.addi  t4, -3
core   0: 3 0x80003a94 (0x1ef5) x29 0xfffffff1
core   0: 0x80003a96 (0x00fc10b3) sll     ra, s8, a5
core   0: 3 0x80003a96 (0x00fc10b3) x 1 0x00000660
core   0: 0x80003a9a (0xfff00493) li      s1, -1
core   0: 3 0x80003a9a (0xfff00493) x 9 0xffffffff
core   0: 0x80003a9e (0xff700593) li      a1, -9
core   0: 3 0x80003a9e (0xff700593) x11 0xfffffff7
core   0: 0x80003aa2 (0x01155a33) srl     s4, a0, a7
core   0: 3 0x80003aa2 (0x01155a33) x20 0xffffffcb
core   0: 0x80003aa6 (0x000086fd) c.srai  a3, 31
core   0: 3 0x80003aa6 (0x86fd) x13 0x00000000
core   0: 0x80003aa8 (0x00008e61) c.and   a2, s0
core   0: 3 0x80003aa8 (0x8e61) x12 0x8001441d
core   0: 0x80003aaa (0x0000877e) c.mv    a4, t6
core   0: 3 0x80003aaa (0x877e) x14 0x4a38c6ca
core   0: 0x80003aac (0x000014e1) c.addi  s1, -8
core   0: 3 0x80003aac (0x14e1) x 9 0xfffffff7
core   0: 0x80003aae (0x01896db3) or      s11, s2, s8
core   0: 3 0x80003aae (0x01896db3) x27 0x0000007f
core   0: 0x80003ab2 (0x031d36b3) mulhu   a3, s10, a7
core   0: 3 0x80003ab2 (0x031d36b3) x13 0x00000000
core   0: 0x80003ab6 (0xfeb499e3) bne     s1, a1, pc - 14
core   0: 3 0x80003ab6 (0xfeb499e3)
core   0: 0x80003aba (0x00000710) c.addi4spn a2, sp, 896
core   0: 3 0x80003aba (0x0710) x12 0x8001cdd0
core   0: 0x80003abc (0xfd9ed8e3) bge     t4, s9, pc - 48
core   0: 3 0x80003abc (0xfd9ed8e3)
core   0: 0x80003ac0 (0x0000811d) c.srli  a0, 7
core   0: 3 0x80003ac0 (0x811d) x10 0x01ffffff
core   0: 0x80003ac2 (0x0000d117) auipc   sp, 0xd
core   0: 3 0x80003ac2 (0x0000d117) x 2 0x80010ac2
core   0: 0x80003ac6 (0x31210113) addi    sp, sp, 786
core   0: 3 0x80003ac6 (0x31210113) x 2 0x80010dd4
core   0: 0x80003aca (0xfb711d23) sh      s7, -70(sp)
core   0: 3 0x80003aca (0xfb711d23) mem 0x80010d8e 0xffd5
core   0: 0x80003ace (0x40f45233) sra     tp, s0, a5
core   0: 3 0x80003ace (0x40f45233) x 4 0xf8001451
core   0: 0x80003ad2 (0xfba11903) lh      s2, -70(sp)
core   0: 3 0x80003ad2 (0xfba11903) x18 0xffffffd5 mem 0x80010d8e
core   0: 0x80003ad6 (0xfaf12023) sw      a5, -96(sp)
core   0: 3 0x80003ad6 (0xfaf12023) mem 0x80010d74 0x80029ce4
core   0: 0x80003ada (0xfa014583) lbu     a1, -96(sp)
core   0: 3 0x80003ada (0xfa014583) x11 0x000000e4 mem 0x80010d74
core   0: 0x80003ade (0xfb311023) sh      s3, -96(sp)
core   0: 3 0x80003ade (0xfb311023) mem 0x80010d74 0xffb0
core   0: 0x80003ae2 (0xf0410e83) lb      t4, -252(sp)
core   0: 3 0x80003ae2 (0xf0410e83) x29 0x0000007b mem 0x80010cd8
core   0: 0x80003ae6 (0xf0614483) lbu     s1, -250(sp)
core   0: 3 0x80003ae6 (0xf0614483) x 9 0x000000a4 mem 0x80010cda
core   0: 0x80003aea (0xf1210323) sb      s2, -250(sp)
core   0: 3 0x80003aea (0xf1210323) mem 0x80010cda 0xd5
core   0: 0x80003aee (0xf0614903) lbu     s2, -250(sp)
core   0: 3 0x80003aee (0xf0614903) x18 0x000000d5 mem 0x80010cda
core   0: 0x80003af2 (0xf1b11323) sh      s11, -250(sp)
core   0: 3 0x80003af2 (0xf1b11323) mem 0x80010cda 0x007f
core   0: 0x80003af6 (0xf0b10323) sb      a1, -250(sp)
core   0: 3 0x80003af6 (0xf0b10323) mem 0x80010cda 0xe4
core   0: 0x80003afa (0x0f410fa3) sb      s4, 255(sp)
core   0: 3 0x80003afa (0x0f410fa3) mem 0x80010ed3 0xcb
core   0: 0x80003afe (0x0ff10703) lb      a4, 255(sp)
core   0: 3 0x80003afe (0x0ff10703) x14 0xffffffcb mem 0x80010ed3
core   0: 0x80003b02 (0xfb011683) lh      a3, -80(sp)
core   0: 3 0x80003b02 (0xfb011683) x13 0x0000586e mem 0x80010d84
core   0: 0x80003b06 (0xfb012183) lw      gp, -80(sp)
core   0: 3 0x80003b06 (0xfb012183) x 3 0x45ff586e mem 0x80010d84
core   0: 0x80003b0a (0xf5314a03) lbu     s4, -173(sp)
core   0: 3 0x80003b0a (0xf5314a03) x20 0x0000001b mem 0x80010d27
core   0: 0x80003b0e (0xfc710523) sb      t2, -54(sp)
core   0: 3 0x80003b0e (0xfc710523) mem 0x80010d9e 0xdd
core   0: 0x80003b12 (0x05f14683) lbu     a3, 95(sp)
core   0: 3 0x80003b12 (0x05f14683) x13 0x0000001e mem 0x80010e33
core   0: 0x80003b16 (0x0001c117) auipc   sp, 0x1c
core   0: 3 0x80003b16 (0x0001c117) x 2 0x8001fb16
core   0: 0x80003b1a (0x08b10113) addi    sp, sp, 139
core   0: 3 0x80003b1a (0x08b10113) x 2 0x8001fba1
core   0: 0x80003b1e (0x94e1ba13) sltiu   s4, gp, -1714
core   0: 3 0x80003b1e (0x94e1ba13) x20 0x00000001
core   0: 0x80003b22 (0x00008e6d) c.and   a2, a1
core   0: 3 0x80003b22 (0x8e6d) x12 0x000000c0
core   0: 0x80003b24 (0x008f3f33) sltu    t5, t5, s0
core   0: 3 0x80003b24 (0x008f3f33) x30 0x00000000
core   0: 0x80003b28 (0x27321b17) auipc   s6, 0x27321
core   0: 3 0x80003b28 (0x27321b17) x22 0xa7324b28
core   0: 0x80003b2c (0xf90f5e97) auipc   t4, 0xf90f5
core   0: 3 0x80003b2c (0xf90f5e97) x29 0x790f8b2c
core   0: 0x80003b30 (0x01e15c33) srl     s8, sp, t5
core   0: 3 0x80003b30 (0x01e15c33) x24 0x8001fba1
core   0: 0x80003b34 (0x0000527d) c.li    tp, -1
core   0: 3 0x80003b34 (0x527d) x 4 0xffffffff
core   0: 0x80003b36 (0xf73100a3) sb      s3, -159(sp)
core   0: 3 0x80003b36 (0xf73100a3) mem 0x8001fb02 0xb0
core   0: 0x80003b3a (0x000012fd) c.addi  t0, -1
core   0: 3 0x80003b3a (0x12fd) x 5 0xffffffff
core   0: 0x80003b3c (0x008e93b3) sll     t2, t4, s0
core   0: 3 0x80003b3c (0x008e93b3) x 7 0x80000000
core   0: 0x80003b40 (0x0a914c83) lbu     s9, 169(sp)
core   0: 3 0x80003b40 (0x0a914c83) x25 0x00000022 mem 0x8001fc4a
core   0: 0x80003b44 (0x00b10303) lb      t1, 11(sp)
core   0: 3 0x80003b44 (0x00b10303) x 6 0x00000054 mem 0x8001fbac
core   0: 0x80003b48 (0x02210223) sb      sp, 36(sp)
core   0: 3 0x80003b48 (0x02210223) mem 0x8001fbc5 0xa1
core   0: 0x80003b4c (0x00008199) c.srli  a1, 6
core   0: 3 0x80003b4c (0x8199) x11 0x00000003
core   0: 0x80003b4e (0xf8515503) lhu     a0, -123(sp)
core   0: 3 0x80003b4e (0xf8515503) x10 0x00008c94 mem 0x8001fb26
core   0: 0x80003b52 (0x000099fd) c.andi  a1, -1
core   0: 3 0x80003b52 (0x99fd) x11 0x00000003
core   0: 0x80003b54 (0x05311fa3) sh      s3, 95(sp)
core   0: 3 0x80003b54 (0x05311fa3) mem 0x8001fc00 0xffb0
core   0: 0x80003b58 (0x02a3b6b3) mulhu   a3, t2, a0
core   0: 3 0x80003b58 (0x02a3b6b3) x13 0x0000464a
core   0: 0x80003b5c (0x72a2b093) sltiu   ra, t0, 1834
core   0: 3 0x80003b5c (0x72a2b093) x 1 0x00000000
core   0: 0x80003b60 (0x08a10503) lb      a0, 138(sp)
core   0: 3 0x80003b60 (0x08a10503) x10 0x0000006b mem 0x8001fc2b
core   0: 0x80003b64 (0xfae11fa3) sh      a4, -65(sp)
core   0: 3 0x80003b64 (0xfae11fa3) mem 0x8001fb60 0xffcb
core   0: 0x80003b68 (0x0aa10983) lb      s3, 170(sp)
core   0: 3 0x80003b68 (0x0aa10983) x19 0xffffffaa mem 0x8001fc4b
core   0: 0x80003b6c (0x00006ce5) c.lui   s9, 0x19
core   0: 3 0x80003b6c (0x6ce5) x25 0x00019000
core   0: 0x80003b6e (0xf8214503) lbu     a0, -126(sp)
core   0: 3 0x80003b6e (0xf8214503) x10 0x000000ef mem 0x8001fb23
core   0: 0x80003b72 (0x07814383) lbu     t2, 120(sp)
core   0: 3 0x80003b72 (0x07814383) x 7 0x0000001b mem 0x8001fc19
core   0: 0x80003b76 (0xb2f1c693) xori    a3, gp, -1233
core   0: 3 0x80003b76 (0xb2f1c693) x13 0xba00a341
core   0: 0x80003b7a (0x0ff11503) lh      a0, 255(sp)
core   0: 3 0x80003b7a (0x0ff11503) x10 0xfffffaf0 mem 0x8001fca0
core   0: 0x80003b7e (0x0a610d03) lb      s10, 166(sp)
core   0: 3 0x80003b7e (0x0a610d03) x26 0x00000074 mem 0x8001fc47
core   0: 0x80003b82 (0x06e14303) lbu     t1, 110(sp)
core   0: 3 0x80003b82 (0x06e14303) x 6 0x000000d4 mem 0x8001fc0f
core   0: 0x80003b86 (0x01c14603) lbu     a2, 28(sp)
core   0: 3 0x80003b86 (0x01c14603) x12 0x000000f5 mem 0x8001fbbd
core   0: 0x80003b8a (0x0000495d) c.li    s2, 23
core   0: 3 0x80003b8a (0x495d) x18 0x00000017
core   0: 0x80003b8c (0x8e5fae93) slti    t4, t6, -1819
core   0: 3 0x80003b8c (0x8e5fae93) x29 0x00000000
core   0: 0x80003b90 (0x0000100f) fence.i
core   0: 3 0x80003b90 (0x0000100f)
core   0: 0x80003b94 (0x0325b833) mulhu   a6, a1, s2
core   0: 3 0x80003b94 (0x0325b833) x16 0x00000000
core   0: 0x80003b98 (0x0000028e) c.slli  t0, 3
core   0: 3 0x80003b98 (0x028e) x 5 0xfffffff8
core   0: 0x80003b9a (0x28f3a293) slti    t0, t2, 655
core   0: 3 0x80003b9a (0x28f3a293) x 5 0x00000001
core   0: 0x80003b9e (0x0aa10923) sb      a0, 178(sp)
core   0: 3 0x80003b9e (0x0aa10923) mem 0x8001fc53 0xf0
core   0: 0x80003ba2 (0x28387e93) andi    t4, a6, 643
core   0: 3 0x80003ba2 (0x28387e93) x29 0x00000000
core   0: 0x80003ba6 (0x02f10e23) sb      a5, 60(sp)
core   0: 3 0x80003ba6 (0x02f10e23) mem 0x8001fbdd 0xe4
core   0: 0x80003baa (0x068121a3) sw      s0, 99(sp)
core   0: 3 0x80003baa (0x068121a3) mem 0x8001fc04 0x8001451d
core   0: 0x80003bae (0x04915483) lhu     s1, 73(sp)
core   0: 3 0x80003bae (0x04915483) x 9 0x0000b08d mem 0x8001fbea
core   0: 0x80003bb2 (0x0000d217) auipc   tp, 0xd
core   0: 3 0x80003bb2 (0x0000d217) x 4 0x80010bb2
core   0: 0x80003bb6 (0xe1e20213) addi    tp, tp, -482
core   0: 3 0x80003bb6 (0xe1e20213) x 4 0x800109d0
core   0: 0x80003bba (0x0000c397) auipc   t2, 0xc
core   0: 3 0x80003bba (0x0000c397) x 7 0x8000fbba
core   0: 0x80003bbe (0x70238393) addi    t2, t2, 1794
core   0: 3 0x80003bbe (0x70238393) x 7 0x800102bc
core   0: 0x80003bc2 (0x0000d917) auipc   s2, 0xd
core   0: 3 0x80003bc2 (0x0000d917) x18 0x80010bc2
core   0: 0x80003bc6 (0x8ef90913) addi    s2, s2, -1809
core   0: 3 0x80003bc6 (0x8ef90913) x18 0x800104b1
core   0: 0x80003bca (0x0000d717) auipc   a4, 0xd
core   0: 3 0x80003bca (0x0000d717) x14 0x80010bca
core   0: 0x80003bce (0xfc470713) addi    a4, a4, -60
core   0: 3 0x80003bce (0xfc470713) x14 0x80010b8e
core   0: 0x80003bd2 (0x0b038c83) lb      s9, 176(t2)
core   0: 3 0x80003bd2 (0x0b038c83) x25 0x0000000d mem 0x8001036c
core   0: 0x80003bd6 (0x05974083) lbu     ra, 89(a4)
core   0: 3 0x80003bd6 (0x05974083) x 1 0x000000cc mem 0x80010be7
core   0: 0x80003bda (0x7cd3cd03) lbu     s10, 1997(t2)
core   0: 3 0x80003bda (0x7cd3cd03) x26 0x0000008f mem 0x80010a89
core   0: 0x80003bde (0x0000de17) auipc   t3, 0xd
core   0: 3 0x80003bde (0x0000de17) x28 0x80010bde
core   0: 0x80003be2 (0xb60e0e13) addi    t3, t3, -1184
core   0: 3 0x80003be2 (0xb60e0e13) x28 0x8001073e
core   0: 0x80003be6 (0x06e90303) lb      t1, 110(s2)
core   0: 3 0x80003be6 (0x06e90303) x 6 0xffffff9a mem 0x8001051f
core   0: 0x80003bea (0x07294f83) lbu     t6, 114(s2)
core   0: 3 0x80003bea (0x07294f83) x31 0x00000045 mem 0x80010523
core   0: 0x80003bee (0x2ad20283) lb      t0, 685(tp)
core   0: 3 0x80003bee (0x2ad20283) x 5 0xffffff91 mem 0x80010c7d
core   0: 0x80003bf2 (0xffae2483) lw      s1, -6(t3)
core   0: 3 0x80003bf2 (0xffae2483) x 9 0xdb1becd7 mem 0x80010738
core   0: 0x80003bf6 (0xfd694003) lbu     zero, -42(s2)
core   0: 3 0x80003bf6 (0xfd694003) mem 0x80010487
core   0: 0x80003bfa (0x3c022c23) sw      zero, 984(tp)
core   0: 3 0x80003bfa (0x3c022c23) mem 0x80010da8 0x00000000
core   0: 0x80003bfe (0xf3f94603) lbu     a2, -193(s2)
core   0: 3 0x80003bfe (0xf3f94603) x12 0x0000009e mem 0x800103f0
core   0: 0x80003c02 (0x000e2323) sw      zero, 6(t3)
core   0: 3 0x80003c02 (0x000e2323) mem 0x80010744 0x00000000
core   0: 0x80003c06 (0xafa70923) sb      s10, -1294(a4)
core   0: 3 0x80003c06 (0xafa70923) mem 0x80010680 0x8f
core   0: 0x80003c0a (0xff0e0ca3) sb      a6, -7(t3)
core   0: 3 0x80003c0a (0xff0e0ca3) mem 0x80010737 0x0
core   0: 0x80003c0e (0x7c6389a3) sb      t1, 2003(t2)
core   0: 3 0x80003c0e (0x7c6389a3) mem 0x80010a8f 0x9a
core   0: 0x80003c12 (0x09594483) lbu     s1, 149(s2)
core   0: 3 0x80003c12 (0x09594483) x 9 0x00000003 mem 0x80010546
core   0: 0x80003c16 (0x8c524603) lbu     a2, -1851(tp)
core   0: 3 0x80003c16 (0x8c524603) x12 0x00000037 mem 0x80010295
core   0: 0x80003c1a (0xeca3cf83) lbu     t6, -310(t2)
core   0: 3 0x80003c1a (0xeca3cf83) x31 0x000000cb mem 0x80010186
core   0: 0x80003c1e (0x3c720003) lb      zero, 967(tp)
core   0: 3 0x80003c1e (0x3c720003) mem 0x80010d97
core   0: 0x80003c22 (0x8fe72b83) lw      s7, -1794(a4)
core   0: 3 0x80003c22 (0x8fe72b83) x23 0x1907145f mem 0x8001048c
core   0: 0x80003c26 (0xb3670e83) lb      t4, -1226(a4)
core   0: 3 0x80003c26 (0xb3670e83) x29 0x0000002f mem 0x800106c4
core   0: 0x80003c2a (0x36e25503) lhu     a0, 878(tp)
core   0: 3 0x80003c2a (0x36e25503) x10 0x000037f3 mem 0x80010d3e
core   0: 0x80003c2e (0x0c694983) lbu     s3, 198(s2)
core   0: 3 0x80003c2e (0x0c694983) x19 0x000000f8 mem 0x80010577
core   0: 0x80003c32 (0xe9f38a03) lb      s4, -353(t2)
core   0: 3 0x80003c32 (0xe9f38a03) x20 0x0000007c mem 0x8001015b
core   0: 0x80003c36 (0xf3d95a03) lhu     s4, -195(s2)
core   0: 3 0x80003c36 (0xf3d95a03) x20 0x00006800 mem 0x800103ee
core   0: 0x80003c3a (0x70c387a3) sb      a2, 1807(t2)
core   0: 3 0x80003c3a (0x70c387a3) mem 0x800109cb 0x37
core   0: 0x80003c3e (0x0d090583) lb      a1, 208(s2)
core   0: 3 0x80003c3e (0x0d090583) x11 0x00000034 mem 0x80010581
core   0: 0x80003c42 (0x01be1023) sh      s11, 0(t3)
core   0: 3 0x80003c42 (0x01be1023) mem 0x8001073e 0x007f
core   0: 0x80003c46 (0x2ce24603) lbu     a2, 718(tp)
core   0: 3 0x80003c46 (0x2ce24603) x12 0x000000ed mem 0x80010c9e
core   0: 0x80003c4a (0x017e1823) sh      s7, 16(t3)
core   0: 3 0x80003c4a (0x017e1823) mem 0x8001074e 0x145f
core   0: 0x80003c4e (0x5c738aa3) sb      t2, 1493(t2)
core   0: 3 0x80003c4e (0x5c738aa3) mem 0x80010891 0xbc
core   0: 0x80003c52 (0x16124d83) lbu     s11, 353(tp)
core   0: 3 0x80003c52 (0x16124d83) x27 0x000000a4 mem 0x80010b31
core   0: 0x80003c56 (0xde970483) lb      s1, -535(a4)
core   0: 3 0x80003c56 (0xde970483) x 9 0xfffffffe mem 0x80010977
core   0: 0x80003c5a (0x0000d197) auipc   gp, 0xd
core   0: 3 0x80003c5a (0x0000d197) x 3 0x80010c5a
core   0: 0x80003c5e (0x02b18193) addi    gp, gp, 43
core   0: 3 0x80003c5e (0x02b18193) x 3 0x80010c85
core   0: 0x80003c62 (0x02bb7eb3) remu    t4, s6, a1
core   0: 3 0x80003c62 (0x02bb7eb3) x29 0x0000002c
core   0: 0x80003c66 (0x23a18e83) lb      t4, 570(gp)
core   0: 3 0x80003c66 (0x23a18e83) x29 0xffffffe2 mem 0x80010ebf
core   0: 0x80003c6a (0x2a91a5a3) sw      s1, 683(gp)
core   0: 3 0x80003c6a (0x2a91a5a3) mem 0x80010f30 0xfffffffe
core   0: 0x80003c6e (0x8421c583) lbu     a1, -1982(gp)
core   0: 3 0x80003c6e (0x8421c583) x11 0x00000000 mem 0x800104c7
core   0: 0x80003c72 (0x8441c483) lbu     s1, -1980(gp)
core   0: 3 0x80003c72 (0x8441c483) x 9 0x000000bf mem 0x800104c9
core   0: 0x80003c76 (0xe8a1c603) lbu     a2, -374(gp)
core   0: 3 0x80003c76 (0xe8a1c603) x12 0x000000eb mem 0x80010b0f
core   0: 0x80003c7a (0xb5719da3) sh      s7, -1189(gp)
core   0: 3 0x80003c7a (0xb5719da3) mem 0x800107e0 0x145f
core   0: 0x80003c7e (0x03dbcb33) div     s6, s7, t4
core   0: 3 0x80003c7e (0x03dbcb33) x22 0xff2a6e42
core   0: 0x80003c82 (0x1b41cb03) lbu     s6, 436(gp)
core   0: 3 0x80003c82 (0x1b41cb03) x22 0x000000fa mem 0x80010e39
core   0: 0x80003c86 (0xdae18603) lb      a2, -594(gp)
core   0: 3 0x80003c86 (0xdae18603) x12 0x00000078 mem 0x80010a33
core   0: 0x80003c8a (0x0375e5b3) rem     a1, a1, s7
core   0: 3 0x80003c8a (0x0375e5b3) x11 0x00000000
core   0: 0x80003c8e (0x00004ba5) c.li    s7, 9
core   0: 3 0x80003c8e (0x4ba5) x23 0x00000009
core   0: 0x80003c90 (0xd311c483) lbu     s1, -719(gp)
core   0: 3 0x80003c90 (0xd311c483) x 9 0x0000000a mem 0x800109b6
core   0: 0x80003c94 (0xeeb1ab83) lw      s7, -277(gp)
core   0: 3 0x80003c94 (0xeeb1ab83) x23 0xffffffbf mem 0x80010b70
core   0: 0x80003c98 (0xed519603) lh      a2, -299(gp)
core   0: 3 0x80003c98 (0xed519603) x12 0x00000001 mem 0x80010b5a
core   0: 0x80003c9c (0xff71ada3) sw      s7, -5(gp)
core   0: 3 0x80003c9c (0xff71ada3) mem 0x80010c80 0xffffffbf
core   0: 0x80003ca0 (0xdb018b83) lb      s7, -592(gp)
core   0: 3 0x80003ca0 (0xdb018b83) x23 0xffffff98 mem 0x80010a35
core   0: 0x80003ca4 (0x01663633) sltu    a2, a2, s6
core   0: 3 0x80003ca4 (0x01663633) x12 0x00000001
core   0: 0x80003ca8 (0xa1718423) sb      s7, -1528(gp)
core   0: 3 0x80003ca8 (0xa1718423) mem 0x8001068d 0x98
core   0: 0x80003cac (0xde518b03) lb      s6, -539(gp)
core   0: 3 0x80003cac (0xde518b03) x22 0xffffffe2 mem 0x80010a6a
core   0: 0x80003cb0 (0x00719483) lh      s1, 7(gp)
core   0: 3 0x80003cb0 (0x00719483) x 9 0xffffebe6 mem 0x80010c8c
core   0: 0x80003cb4 (0x00bb45b3) xor     a1, s6, a1
core   0: 3 0x80003cb4 (0x00bb45b3) x11 0xffffffe2
core   0: 0x80003cb8 (0x99d185a3) sb      t4, -1653(gp)
core   0: 3 0x80003cb8 (0x99d185a3) mem 0x80010610 0xe2
core   0: 0x80003cbc (0x00008dd1) c.or    a1, a2
core   0: 3 0x80003cbc (0x8dd1) x11 0xffffffe3
core   0: 0x80003cbe (0x00006639) c.lui   a2, 0xe
core   0: 3 0x80003cbe (0x6639) x12 0x0000e000
core   0: 0x80003cc0 (0xe96199a3) sh      s6, -365(gp)
core   0: 3 0x80003cc0 (0xe96199a3) mem 0x80010b18 0xffe2
core   0: 0x80003cc4 (0xc7d18f23) sb      t4, -898(gp)
core   0: 3 0x80003cc4 (0xc7d18f23) mem 0x80010903 0xe2
core   0: 0x80003cc8 (0x00008671) c.srai  a2, 28
core   0: 3 0x80003cc8 (0x8671) x12 0x00000000
core   0: 0x80003cca (0x0311c583) lbu     a1, 49(gp)
core   0: 3 0x80003cca (0x0311c583) x11 0x000000f0 mem 0x80010cb6
core   0: 0x80003cce (0xa521c583) lbu     a1, -1454(gp)
core   0: 3 0x80003cce (0xa521c583) x11 0x00000001 mem 0x800106d7
core   0: 0x80003cd2 (0x1f618603) lb      a2, 502(gp)
core   0: 3 0x80003cd2 (0x1f618603) x12 0x00000010 mem 0x80010e7b
core   0: 0x80003cd6 (0x000014fd) c.addi  s1, -1
core   0: 3 0x80003cd6 (0x14fd) x 9 0xffffebe5
core   0: 0x80003cd8 (0x90218e83) lb      t4, -1790(gp)
core   0: 3 0x80003cd8 (0x90218e83) x29 0xfffffff5 mem 0x80010587
core   0: 0x80003cdc (0x22c184a3) sb      a2, 553(gp)
core   0: 3 0x80003cdc (0x22c184a3) mem 0x80010eae 0x10
core   0: 0x80003ce0 (0x00000001) c.nop
core   0: 3 0x80003ce0 (0x0001)
core   0: 0x80003ce2 (0x0e61cb03) lbu     s6, 230(gp)
core   0: 3 0x80003ce2 (0x0e61cb03) x22 0x000000f3 mem 0x80010d6b
core   0: 0x80003ce6 (0x017bc633) xor     a2, s7, s7
core   0: 3 0x80003ce6 (0x017bc633) x12 0x00000000
core   0: 0x80003cea (0x00008e25) c.xor   a2, s1
core   0: 3 0x80003cea (0x8e25) x12 0xffffebe5
core   0: 0x80003cec (0xe4b18d23) sb      a1, -422(gp)
core   0: 3 0x80003cec (0xe4b18d23) mem 0x80010adf 0x1
core   0: 0x80003cf0 (0x8751cb03) lbu     s6, -1931(gp)
core   0: 3 0x80003cf0 (0x8751cb03) x22 0x00000000 mem 0x800104fa
core   0: 0x80003cf4 (0xc431ce83) lbu     t4, -957(gp)
core   0: 3 0x80003cf4 (0xc431ce83) x29 0x00000037 mem 0x800108c8
core   0: 0x80003cf8 (0xcc9190a3) sh      s1, -831(gp)
core   0: 3 0x80003cf8 (0xcc9190a3) mem 0x80010946 0xebe5
core   0: 0x80003cfc (0x00c67eb3) and     t4, a2, a2
core   0: 3 0x80003cfc (0x00c67eb3) x29 0xffffebe5
core   0: 0x80003d00 (0x03e1cb83) lbu     s7, 62(gp)
core   0: 3 0x80003d00 (0x03e1cb83) x23 0x000000ba mem 0x80010cc3
core   0: 0x80003d04 (0x00800def) jal     s11, pc + 0x8
core   0: 3 0x80003d04 (0x00800def) x27 0x80003d08
core   0: 0x80003d0c (0x0160036f) jal     t1, pc + 0x16
core   0: 3 0x80003d0c (0x0160036f) x 6 0x80003d10
core   0: 0x80003d22 (0x00003fcd) c.jal   pc - 14
core   0: 3 0x80003d22 (0x3fcd) x 1 0x80003d24
core   0: 0x80003d14 (0x01a0066f) jal     a2, pc + 0x1a
core   0: 3 0x80003d14 (0x01a0066f) x12 0x80003d18
core   0: 0x80003d2e (0xfebff26f) jal     tp, pc - 0x16
core   0: 3 0x80003d2e (0xfebff26f) x 4 0x80003d32
core   0: 0x80003d18 (0x0000a811) c.j     pc + 20
core   0: 3 0x80003d18 (0xa811)
core   0: 0x80003d2c (0x00003fe5) c.jal   pc - 8
core   0: 3 0x80003d2c (0x3fe5) x 1 0x80003d2e
core   0: 0x80003d24 (0x0000a019) c.j     pc + 6
core   0: 3 0x80003d24 (0xa019)
core   0: 0x80003d2a (0x00002031) c.jal   pc + 12
core   0: 3 0x80003d2a (0x2031) x 1 0x80003d2c
core   0: 0x80003d36 (0x00002011) c.jal   pc + 4
core   0: 3 0x80003d36 (0x2011) x 1 0x80003d38
core   0: 0x80003d3a (0x00002011) c.jal   pc + 4
core   0: 3 0x80003d3a (0x2011) x 1 0x80003d3c
core   0: 0x80003d3e (0x00003fd5) c.jal   pc - 12
core   0: 3 0x80003d3e (0x3fd5) x 1 0x80003d40
core   0: 0x80003d32 (0x0000bfd5) c.j     pc - 12
core   0: 3 0x80003d32 (0xbfd5)
core   0: 0x80003d26 (0x00e000ef) jal     pc + 0xe
core   0: 3 0x80003d26 (0x00e000ef) x 1 0x80003d2a
core   0: 0x80003d34 (0x0000b7ed) c.j     pc - 22
core   0: 3 0x80003d34 (0xb7ed)
core   0: 0x80003d1e (0x01a000ef) jal     pc + 0x1a
core   0: 3 0x80003d1e (0x01a000ef) x 1 0x80003d22
core   0: 0x80003d38 (0x000037cd) c.jal   pc - 30
core   0: 3 0x80003d38 (0x37cd) x 1 0x80003d3a
core   0: 0x80003d1a (0x0000a009) c.j     pc + 2
core   0: 3 0x80003d1a (0xa009)
core   0: 0x80003d1c (0x0000bfd5) c.j     pc - 12
core   0: 3 0x80003d1c (0xbfd5)
core   0: 0x80003d10 (0x00003fe5) c.jal   pc - 8
core   0: 3 0x80003d10 (0x3fe5) x 1 0x80003d12
core   0: 0x80003d08 (0x00a000ef) jal     pc + 0xa
core   0: 3 0x80003d08 (0x00a000ef) x 1 0x80003d0c
core   0: 0x80003d12 (0x0000202d) c.jal   pc + 42
core   0: 3 0x80003d12 (0x202d) x 1 0x80003d14
core   0: 0x80003d3c (0x00002011) c.jal   pc + 4
core   0: 3 0x80003d3c (0x2011) x 1 0x80003d3e
core   0: 0x80003d40 (0x1b7cea13) ori     s4, s9, 439
core   0: 3 0x80003d40 (0x1b7cea13) x20 0x000001bf
core   0: 0x80003d44 (0x00900493) li      s1, 9
core   0: 3 0x80003d44 (0x00900493) x 9 0x00000009
core   0: 0x80003d48 (0x025a45b3) div     a1, s4, t0
core   0: 3 0x80003d48 (0x025a45b3) x11 0xfffffffc
core   0: 0x80003d4c (0x01100b93) li      s7, 17
core   0: 3 0x80003d4c (0x01100b93) x23 0x00000011
core   0: 0x80003d50 (0x02b72733) mulhsu  a4, a4, a1
core   0: 3 0x80003d50 (0x02b72733) x14 0x80010b8f
core   0: 0x80003d54 (0x000082f1) c.srli  a3, 28
core   0: 3 0x80003d54 (0x82f1) x13 0x0000000b
core   0: 0x80003d56 (0x01b0d3b3) srl     t2, ra, s11
core   0: 3 0x80003d56 (0x01b0d3b3) x 7 0x0080003d
core   0: 0x80003d5a (0x000004a1) c.addi  s1, 8
core   0: 3 0x80003d5a (0x04a1) x 9 0x00000011
core   0: 0x80003d5c (0x00000001) c.nop
core   0: 3 0x80003d5c (0x0001)
core   0: 0x80003d5e (0x00000001) c.nop
core   0: 3 0x80003d5e (0x0001)
core   0: 0x80003d60 (0xfff00413) li      s0, -1
core   0: 3 0x80003d60 (0xfff00413) x 8 0xffffffff
core   0: 0x80003d64 (0xff800d13) li      s10, -8
core   0: 3 0x80003d64 (0xff800d13) x26 0xfffffff8
core   0: 0x80003d68 (0x008f5013) srli    zero, t5, 8
core   0: 3 0x80003d68 (0x008f5013)
core   0: 0x80003d6c (0x02d87833) remu    a6, a6, a3
core   0: 3 0x80003d6c (0x02d87833) x16 0x00000000
core   0: 0x80003d70 (0x00000001) c.nop
core   0: 3 0x80003d70 (0x0001)
core   0: 0x80003d72 (0x383cf193) andi    gp, s9, 899
core   0: 3 0x80003d72 (0x383cf193) x 3 0x00000001
core   0: 0x80003d76 (0x00001465) c.addi  s0, -7
core   0: 3 0x80003d76 (0x1465) x 8 0xfffffff8
core   0: 0x80003d78 (0x00a39713) slli    a4, t2, 10
core   0: 3 0x80003d78 (0x00a39713) x14 0x0000f400
core   0: 0x80003d7c (0xffa41ae3) bne     s0, s10, pc - 12
core   0: 3 0x80003d7c (0xffa41ae3)
core   0: 0x80003d80 (0x309b8293) addi    t0, s7, 777
core   0: 3 0x80003d80 (0x309b8293) x 5 0x0000031a
core   0: 0x80003d84 (0x00000001) c.nop
core   0: 3 0x80003d84 (0x0001)
core   0: 0x80003d86 (0xfd7495e3) bne     s1, s7, pc - 54
core   0: 3 0x80003d86 (0xfd7495e3)
core   0: 0x80003d8a (0x033cfcb3) remu    s9, s9, s3
core   0: 3 0x80003d8a (0x033cfcb3) x25 0x0000000d
core   0: 0x80003d8e (0x00011117) auipc   sp, 0x11
core   0: 3 0x80003d8e (0x00011117) x 2 0x80014d8e
core   0: 0x80003d92 (0xfe310113) addi    sp, sp, -29
core   0: 3 0x80003d92 (0xfe310113) x 2 0x80014d71
core   0: 0x80003d96 (0xfd114803) lbu     a6, -47(sp)
core   0: 3 0x80003d96 (0xfd114803) x16 0x00000011 mem 0x80014d42
core   0: 0x80003d9a (0x000081a9) c.srli  a1, 10
core   0: 3 0x80003d9a (0x81a9) x11 0x003fffff
core   0: 0x80003d9c (0x00000001) c.nop
core   0: 3 0x80003d9c (0x0001)
core   0: 0x80003d9e (0x0ff0000f) fence   iorw,iorw
core   0: 3 0x80003d9e (0x0ff0000f)
core   0: 0x80003da2 (0x00714d83) lbu     s11, 7(sp)
core   0: 3 0x80003da2 (0x00714d83) x27 0x000000b3 mem 0x80014d78
core   0: 0x80003da6 (0x9bdf7d93) andi    s11, t5, -1603
core   0: 3 0x80003da6 (0x9bdf7d93) x27 0x00000000
core   0: 0x80003daa (0x03b66bb3) rem     s7, a2, s11
core   0: 3 0x80003daa (0x03b66bb3) x23 0x80003d18
core   0: 0x80003dae (0x00904033) xor     zero, zero, s1
core   0: 3 0x80003dae (0x00904033)
core   0: 0x80003db2 (0x01510723) sb      s5, 14(sp)
core   0: 3 0x80003db2 (0x01510723) mem 0x80014d7f 0x64
core   0: 0x80003db6 (0x000093f2) c.add   t2, t3
core   0: 3 0x80003db6 (0x93f2) x 7 0x8081077b
core   0: 0x80003db8 (0x01c51d93) slli    s11, a0, 28
core   0: 3 0x80003db8 (0x01c51d93) x27 0x30000000
core   0: 0x80003dbc (0x6b2eb093) sltiu   ra, t4, 1714
core   0: 3 0x80003dbc (0x6b2eb093) x 1 0x00000000
core   0: 0x80003dc0 (0xfcb103a3) sb      a1, -57(sp)
core   0: 3 0x80003dc0 (0xfcb103a3) mem 0x80014d38 0xff
core   0: 0x80003dc4 (0x408c5813) srai    a6, s8, 8
core   0: 3 0x80003dc4 (0x408c5813) x16 0xff8001fb
core   0: 0x80003dc8 (0xff710ea3) sb      s7, -3(sp)
core   0: 3 0x80003dc8 (0xff710ea3) mem 0x80014d6e 0x18
core   0: 0x80003dcc (0x01810003) lb      zero, 24(sp)
core   0: 3 0x80003dcc (0x01810003) mem 0x80014d89
core   0: 0x80003dd0 (0x02dda9b3) mulhsu  s3, s11, a3
core   0: 3 0x80003dd0 (0x02dda9b3) x19 0x00000002
core   0: 0x80003dd4 (0x01e121a3) sw      t5, 3(sp)
core   0: 3 0x80003dd4 (0x01e121a3) mem 0x80014d74 0x00000000
core   0: 0x80003dd8 (0x021240b3) div     ra, tp, ra
core   0: 3 0x80003dd8 (0x021240b3) x 1 0xffffffff
core   0: 0x80003ddc (0x4022df33) sra     t5, t0, sp
core   0: 3 0x80003ddc (0x4022df33) x30 0x00000000
core   0: 0x80003de0 (0x00111303) lh      t1, 1(sp)
core   0: 3 0x80003de0 (0x00111303) x 6 0xffff9007 mem 0x80014d72
core   0: 0x80003de4 (0x02510923) sb      t0, 50(sp)
core   0: 3 0x80003de4 (0x02510923) mem 0x80014da3 0x1a
core   0: 0x80003de8 (0xfd010703) lb      a4, -48(sp)
core   0: 3 0x80003de8 (0xfd010703) x14 0xffffffa6 mem 0x80014d41
core   0: 0x80003dec (0xff310583) lb      a1, -13(sp)
core   0: 3 0x80003dec (0xff310583) x11 0xffffffab mem 0x80014d64
core   0: 0x80003df0 (0x02614003) lbu     zero, 38(sp)
core   0: 3 0x80003df0 (0x02614003) mem 0x80014d97
core   0: 0x80003df4 (0x0ff0000f) fence   iorw,iorw
core   0: 3 0x80003df4 (0x0ff0000f)
core   0: 0x80003df8 (0x00521393) slli    t2, tp, 5
core   0: 3 0x80003df8 (0x00521393) x 7 0x0007a640
core   0: 0x80003dfc (0x03620033) mul     zero, tp, s6
core   0: 3 0x80003dfc (0x03620033)
core   0: 0x80003e00 (0x02010223) sb      zero, 36(sp)
core   0: 3 0x80003e00 (0x02010223) mem 0x80014d95 0x0
core   0: 0x80003e04 (0x408b5bb3) sra     s7, s6, s0
core   0: 3 0x80003e04 (0x408b5bb3) x23 0x00000000
core   0: 0x80003e08 (0xfc915903) lhu     s2, -55(sp)
core   0: 3 0x80003e08 (0xfc915903) x18 0x00003d37 mem 0x80014d3a
core   0: 0x80003e0c (0x12b93b13) sltiu   s6, s2, 299
core   0: 3 0x80003e0c (0x12b93b13) x22 0x00000000
core   0: 0x80003e10 (0x40ff00b3) sub     ra, t5, a5
core   0: 3 0x80003e10 (0x40ff00b3) x 1 0x7ffd631c
core   0: 0x80003e14 (0x00008ee5) c.and   a3, s1
core   0: 3 0x80003e14 (0x8ee5) x13 0x00000001
core   0: 0x80003e16 (0xfc311803) lh      a6, -61(sp)
core   0: 3 0x80003e16 (0xfc311803) x16 0xffff8cd2 mem 0x80014d34
core   0: 0x80003e1a (0x00937eb3) and     t4, t1, s1
core   0: 3 0x80003e1a (0x00937eb3) x29 0x00000001
core   0: 0x80003e1e (0x00000566) c.slli  a0, 25
core   0: 3 0x80003e1e (0x0566) x10 0xe6000000
core   0: 0x80003e20 (0xfd210b83) lb      s7, -46(sp)
core   0: 3 0x80003e20 (0xfd210b83) x23 0xffffffed mem 0x80014d43
core   0: 0x80003e24 (0x0ff0000f) fence   iorw,iorw
core   0: 3 0x80003e24 (0x0ff0000f)
core   0: 0x80003e28 (0x01814003) lbu     zero, 24(sp)
core   0: 3 0x80003e28 (0x01814003) mem 0x80014d89
core   0: 0x80003e2c (0x01214403) lbu     s0, 18(sp)
core   0: 3 0x80003e2c (0x01214403) x 8 0x0000009a mem 0x80014d83
core   0: 0x80003e30 (0xffa14203) lbu     tp, -6(sp)
core   0: 3 0x80003e30 (0xffa14203) x 4 0x00000004 mem 0x80014d6b
core   0: 0x80003e34 (0x02200def) jal     s11, pc + 0x22
core   0: 3 0x80003e34 (0x02200def) x27 0x80003e38
core   0: 0x80003e56 (0x00400d6f) jal     s10, pc + 0x4
core   0: 3 0x80003e56 (0x00400d6f) x26 0x80003e5a
core   0: 0x80003e5a (0x0000a009) c.j     pc + 2
core   0: 3 0x80003e5a (0xa009)
core   0: 0x80003e5c (0x0000a031) c.j     pc + 12
core   0: 3 0x80003e5c (0xa031)
core   0: 0x80003e68 (0x0000bfe9) c.j     pc - 38
core   0: 3 0x80003e68 (0xbfe9)
core   0: 0x80003e42 (0xfffff0ef) jal     pc - 0x2
core   0: 3 0x80003e42 (0xfffff0ef) x 1 0x80003e46
core   0: 0x80003e40 (0x0000a839) c.j     pc + 30
core   0: 3 0x80003e40 (0xa839)
core   0: 0x80003e5e (0x00003fcd) c.jal   pc - 14
core   0: 3 0x80003e5e (0x3fcd) x 1 0x80003e60
core   0: 0x80003e50 (0x0000a009) c.j     pc + 2
core   0: 3 0x80003e50 (0xa009)
core   0: 0x80003e52 (0x00002009) c.jal   pc + 2
core   0: 3 0x80003e52 (0x2009) x 1 0x80003e54
core   0: 0x80003e54 (0x00002829) c.jal   pc + 26
core   0: 3 0x80003e54 (0x2829) x 1 0x80003e56
core   0: 0x80003e6e (0x00002009) c.jal   pc + 2
core   0: 3 0x80003e6e (0x2009) x 1 0x80003e70
core   0: 0x80003e70 (0x0000bfc5) c.j     pc - 16
core   0: 3 0x80003e70 (0xbfc5)
core   0: 0x80003e60 (0xfd9ff0ef) jal     pc - 0x28
core   0: 3 0x80003e60 (0xfd9ff0ef) x 1 0x80003e64
core   0: 0x80003e38 (0x0000282d) c.jal   pc + 58
core   0: 3 0x80003e38 (0x282d) x 1 0x80003e3a
core   0: 0x80003e72 (0x0000bfcd) c.j     pc - 14
core   0: 3 0x80003e72 (0xbfcd)
core   0: 0x80003e64 (0x00002019) c.jal   pc + 6
core   0: 3 0x80003e64 (0x2019) x 1 0x80003e66
core   0: 0x80003e6a (0xfd3ff36f) jal     t1, pc - 0x2e
core   0: 3 0x80003e6a (0xfd3ff36f) x 6 0x80003e6e
core   0: 0x80003e3c (0xfffff0ef) jal     pc - 0x2
core   0: 3 0x80003e3c (0xfffff0ef) x 1 0x80003e40
core   0: 0x80003e3a (0x00002035) c.jal   pc + 44
core   0: 3 0x80003e3a (0x2035) x 1 0x80003e3c
core   0: 0x80003e66 (0x0000a039) c.j     pc + 14
core   0: 3 0x80003e66 (0xa039)
core   0: 0x80003e74 (0x0000bfe1) c.j     pc - 40
core   0: 3 0x80003e74 (0xbfe1)
core   0: 0x80003e4c (0xfffff0ef) jal     pc - 0x2
core   0: 3 0x80003e4c (0xfffff0ef) x 1 0x80003e50
core   0: 0x80003e4a (0x0000bff5) c.j     pc - 4
core   0: 3 0x80003e4a (0xbff5)
core   0: 0x80003e46 (0x030000ef) jal     pc + 0x30
core   0: 3 0x80003e46 (0x030000ef) x 1 0x80003e4a
core   0: 0x80003e76 (0x000095c2) c.add   a1, a6
core   0: 3 0x80003e76 (0x95c2) x11 0xffff8c7d
core   0: 0x80003e78 (0xfff00713) li      a4, -1
core   0: 3 0x80003e78 (0xfff00713) x14 0xffffffff
core   0: 0x80003e7c (0x01b4bcb3) sltu    s9, s1, s11
core   0: 3 0x80003e7c (0x01b4bcb3) x25 0x00000001
core   0: 0x80003e80 (0xfa11d137) lui     sp, 0xfa11d
core   0: 3 0x80003e80 (0xfa11d137) x 2 0xfa11d000
core   0: 0x80003e84 (0x00000d0c) c.addi4spn a1, sp, 656
core   0: 3 0x80003e84 (0x0d0c) x11 0xfa11d290
core   0: 0x80003e86 (0x00000001) c.nop
core   0: 3 0x80003e86 (0x0001)
core   0: 0x80003e88 (0x0e544213) xori    tp, s0, 229
core   0: 3 0x80003e88 (0x0e544213) x 4 0x0000007f
core   0: 0x80003e8c (0x00000705) c.addi  a4, 1
core   0: 3 0x80003e8c (0x0705) x14 0x00000000
core   0: 0x80003e8e (0x01577833) and     a6, a4, s5
core   0: 3 0x80003e8e (0x01577833) x16 0x00000000
core   0: 0x80003e92 (0xff600093) li      ra, -10
core   0: 3 0x80003e92 (0xff600093) x 1 0xfffffff6
core   0: 0x80003e96 (0x0107e5b3) or      a1, a5, a6
core   0: 3 0x80003e96 (0x0107e5b3) x11 0x80029ce4
core   0: 0x80003e9a (0x520c8613) addi    a2, s9, 1312
core   0: 3 0x80003e9a (0x520c8613) x12 0x00000521
core   0: 0x80003e9e (0xff500693) li      a3, -11
core   0: 3 0x80003e9e (0xff500693) x13 0xfffffff5
core   0: 0x80003ea2 (0x0185de33) srl     t3, a1, s8
core   0: 3 0x80003ea2 (0x0185de33) x28 0x40014e72
core   0: 0x80003ea6 (0x00001bfd) c.addi  s7, -1
core   0: 3 0x80003ea6 (0x1bfd) x23 0xffffffec
core   0: 0x80003ea8 (0x000010fd) c.addi  ra, -1
core   0: 3 0x80003ea8 (0x10fd) x 1 0xfffffff5
core   0: 0x80003eaa (0x15448d93) addi    s11, s1, 340
core   0: 3 0x80003eaa (0x15448d93) x27 0x00000165
core   0: 0x80003eae (0xfed08ce3) beq     ra, a3, pc - 8
core   0: 3 0x80003eae (0xfed08ce3)
core   0: 0x80003ea6 (0x00001bfd) c.addi  s7, -1
core   0: 3 0x80003ea6 (0x1bfd) x23 0xffffffeb
core   0: 0x80003ea8 (0x000010fd) c.addi  ra, -1
core   0: 3 0x80003ea8 (0x10fd) x 1 0xfffffff4
core   0: 0x80003eaa (0x15448d93) addi    s11, s1, 340
core   0: 3 0x80003eaa (0x15448d93) x27 0x00000165
core   0: 0x80003eae (0xfed08ce3) beq     ra, a3, pc - 8
core   0: 3 0x80003eae (0xfed08ce3)
core   0: 0x80003eb2 (0x0000fb79) c.bnez  a4, pc - 42
core   0: 3 0x80003eb2 (0xfb79)
core   0: 0x80003eb4 (0x031114b3) mulh    s1, sp, a7
core   0: 3 0x80003eb4 (0x031114b3) x 9 0x00000000
core   0: 0x80003eb8 (0x0000c117) auipc   sp, 0xc
core   0: 3 0x80003eb8 (0x0000c117) x 2 0x8000feb8
core   0: 0x80003ebc (0x48710113) addi    sp, sp, 1159
core   0: 3 0x80003ebc (0x48710113) x 2 0x8001033f
core   0: 0x80003ec0 (0xfcb15d83) lhu     s11, -53(sp)
core   0: 3 0x80003ec0 (0xfcb15d83) x27 0x000063b1 mem 0x8001030a
core   0: 0x80003ec4 (0x00b15c03) lhu     s8, 11(sp)
core   0: 3 0x80003ec4 (0x00b15c03) x24 0x0000144d mem 0x8001034a
core   0: 0x80003ec8 (0x01a11da3) sh      s10, 27(sp)
core   0: 3 0x80003ec8 (0x01a11da3) mem 0x8001035a 0x3e5a
core   0: 0x80003ecc (0x01af51b3) srl     gp, t5, s10
core   0: 3 0x80003ecc (0x01af51b3) x 3 0x00000000
core   0: 0x80003ed0 (0x00c92333) slt     t1, s2, a2
core   0: 3 0x80003ed0 (0x00c92333) x 6 0x00000000
core   0: 0x80003ed4 (0x00211b93) slli    s7, sp, 2
core   0: 3 0x80003ed4 (0x00211b93) x23 0x00040cfc
core   0: 0x80003ed8 (0x02210503) lb      a0, 34(sp)
core   0: 3 0x80003ed8 (0x02210503) x10 0x00000064 mem 0x80010361
core   0: 0x80003edc (0x00008719) c.srai  a4, 6
core   0: 3 0x80003edc (0x8719) x14 0x00000000
core   0: 0x80003ede (0xff214b03) lbu     s6, -14(sp)
core   0: 3 0x80003ede (0xff214b03) x22 0x0000006e mem 0x80010331
core   0: 0x80003ee2 (0x00115083) lhu     ra, 1(sp)
core   0: 3 0x80003ee2 (0x00115083) x 1 0x0000fc8b mem 0x80010340
core   0: 0x80003ee6 (0x00008f3a) c.mv    t5, a4
core   0: 3 0x80003ee6 (0x8f3a) x30 0x00000000
core   0: 0x80003ee8 (0x00511503) lh      a0, 5(sp)
core   0: 3 0x80003ee8 (0x00511503) x10 0xffff863b mem 0x80010344
core   0: 0x80003eec (0x03f10283) lb      t0, 63(sp)
core   0: 3 0x80003eec (0x03f10283) x 5 0x00000052 mem 0x8001037e
core   0: 0x80003ef0 (0x007108a3) sb      t2, 17(sp)
core   0: 3 0x80003ef0 (0x007108a3) mem 0x80010350 0x40
core   0: 0x80003ef4 (0x03911a03) lh      s4, 57(sp)
core   0: 3 0x80003ef4 (0x03911a03) x20 0x000000d2 mem 0x80010378
core   0: 0x80003ef8 (0x0296e933) rem     s2, a3, s1
core   0: 3 0x80003ef8 (0x0296e933) x18 0xfffffff5
core   0: 0x80003efc (0xfea12ea3) sw      a0, -3(sp)
core   0: 3 0x80003efc (0xfea12ea3) mem 0x8001033c 0xffff863b
core   0: 0x80003f00 (0x02014403) lbu     s0, 32(sp)
core   0: 3 0x80003f00 (0x02014403) x 8 0x000000f5 mem 0x8001035f
core   0: 0x80003f04 (0xfc711d03) lh      s10, -57(sp)
core   0: 3 0x80003f04 (0xfc711d03) x26 0xffffe823 mem 0x80010306
core   0: 0x80003f08 (0xff810203) lb      tp, -8(sp)
core   0: 3 0x80003f08 (0xff810203) x 4 0x0000001f mem 0x80010337
core   0: 0x80003f0c (0xfff11ba3) sh      t6, -9(sp)
core   0: 3 0x80003f0c (0xfff11ba3) mem 0x80010336 0x00cb
core   0: 0x80003f10 (0x00009b62) c.add   s6, s8
core   0: 3 0x80003f10 (0x9b62) x22 0x000014bb
core   0: 0x80003f12 (0xfdc10c03) lb      s8, -36(sp)
core   0: 3 0x80003f12 (0xfdc10c03) x24 0xffffff96 mem 0x8001031b
core   0: 0x80003f16 (0xff510b23) sb      s5, -10(sp)
core   0: 3 0x80003f16 (0xff510b23) mem 0x80010335 0x64
core   0: 0x80003f1a (0xfd010d83) lb      s11, -48(sp)
core   0: 3 0x80003f1a (0xfd010d83) x27 0xffffffca mem 0x8001030f
core   0: 0x80003f1e (0x00006445) c.lui   s0, 0x11
core   0: 3 0x80003f1e (0x6445) x 8 0x00011000
core   0: 0x80003f20 (0x01115e83) lhu     t4, 17(sp)
core   0: 3 0x80003f20 (0x01115e83) x29 0x00004340 mem 0x80010350
core   0: 0x80003f24 (0x00bec4b3) xor     s1, t4, a1
core   0: 3 0x80003f24 (0x00bec4b3) x 9 0x8002dfa4
core   0: 0x80003f28 (0x0000842e) c.mv    s0, a1
core   0: 3 0x80003f28 (0x842e) x 8 0x80029ce4
core   0: 0x80003f2a (0x02692733) mulhsu  a4, s2, t1
core   0: 3 0x80003f2a (0x02692733) x14 0x00000000
core   0: 0x80003f2e (0x76eebc93) sltiu   s9, t4, 1902
core   0: 3 0x80003f2e (0x76eebc93) x25 0x00000000
core   0: 0x80003f32 (0x000060c9) c.lui   ra, 0x12
core   0: 3 0x80003f32 (0x60c9) x 1 0x00012000
core   0: 0x80003f34 (0x00008f51) c.or    a4, a2
core   0: 3 0x80003f34 (0x8f51) x14 0x00000521
core   0: 0x80003f36 (0x00008f11) c.sub   a4, a2
core   0: 3 0x80003f36 (0x8f11) x14 0x00000000
core   0: 0x80003f38 (0xfdc10d03) lb      s10, -36(sp)
core   0: 3 0x80003f38 (0xfdc10d03) x26 0xffffff96 mem 0x8001031b
core   0: 0x80003f3c (0x03512f83) lw      t6, 53(sp)
core   0: 3 0x80003f3c (0x03512f83) x31 0x00003dd7 mem 0x80010374
core   0: 0x80003f40 (0x01f14703) lbu     a4, 31(sp)
core   0: 3 0x80003f40 (0x01f14703) x14 0x000000dc mem 0x8001035e
core   0: 0x80003f44 (0x0000dd17) auipc   s10, 0xd
core   0: 3 0x80003f44 (0x0000dd17) x26 0x80010f44
core   0: 0x80003f48 (0xa5fd0d13) addi    s10, s10, -1441
core   0: 3 0x80003f48 (0xa5fd0d13) x26 0x800109a3
core   0: 0x80003f4c (0x01ed0b23) sb      t5, 22(s10)
core   0: 3 0x80003f4c (0x01ed0b23) mem 0x800109b9 0x0
core   0: 0x80003f50 (0x000082cd) c.srli  a3, 19
core   0: 3 0x80003f50 (0x82cd) x13 0x00001fff
core   0: 0x80003f52 (0xa3464113) xori    sp, a2, -1484
core   0: 3 0x80003f52 (0xa3464113) x 2 0xffffff15
core   0: 0x80003f56 (0x005d4f03) lbu     t5, 5(s10)
core   0: 3 0x80003f56 (0x005d4f03) x30 0x000000fa mem 0x800109a8
core   0: 0x80003f5a (0xffad0603) lb      a2, -6(s10)
core   0: 3 0x80003f5a (0xffad0603) x12 0xffffff8d mem 0x8001099d
core   0: 0x80003f5e (0x00af46b3) xor     a3, t5, a0
core   0: 3 0x80003f5e (0x00af46b3) x13 0xffff86c1
core   0: 0x80003f62 (0x00006635) c.lui   a2, 0xd
core   0: 3 0x80003f62 (0x6635) x12 0x0000d000
core   0: 0x80003f64 (0x00008d69) c.and   a0, a0
core   0: 3 0x80003f64 (0x8d69) x10 0xffff863b
core   0: 0x80003f66 (0x01ad4f03) lbu     t5, 26(s10)
core   0: 3 0x80003f66 (0x01ad4f03) x30 0x000000cc mem 0x800109bd
core   0: 0x80003f6a (0x00cf3233) sltu    tp, t5, a2
core   0: 3 0x80003f6a (0x00cf3233) x 4 0x00000001
core   0: 0x80003f6e (0x002f2f33) slt     t5, t5, sp
core   0: 3 0x80003f6e (0x002f2f33) x30 0x00000000
core   0: 0x80003f72 (0x03e6ef33) rem     t5, a3, t5
core   0: 3 0x80003f72 (0x03e6ef33) x30 0xffff86c1
core   0: 0x80003f76 (0xfe1d5203) lhu     tp, -31(s10)
core   0: 3 0x80003f76 (0xfe1d5203) x 4 0x000021f0 mem 0x80010984
core   0: 0x80003f7a (0x02411533) mulh    a0, sp, tp
core   0: 3 0x80003f7a (0x02411533) x10 0xffffffff
core   0: 0x80003f7e (0x00006659) c.lui   a2, 0x16
core   0: 3 0x80003f7e (0x6659) x12 0x00016000
core   0: 0x80003f80 (0x00a246b3) xor     a3, tp, a0
core   0: 3 0x80003f80 (0x00a246b3) x13 0xffffde0f
core   0: 0x80003f84 (0x00450133) add     sp, a0, tp
core   0: 3 0x80003f84 (0x00450133) x 2 0x000021ef
core   0: 0x80003f88 (0x00000708) c.addi4spn a0, sp, 896
core   0: 3 0x80003f88 (0x0708) x10 0x0000256f
core   0: 0x80003f8a (0x00000541) c.addi  a0, 16
core   0: 3 0x80003f8a (0x0541) x10 0x0000257f
core   0: 0x80003f8c (0x000086b6) c.mv    a3, a3
core   0: 3 0x80003f8c (0x86b6) x13 0xffffde0f
core   0: 0x80003f8e (0x022206b3) mul     a3, tp, sp
core   0: 3 0x80003f8e (0x022206b3) x13 0x047f9f10
core   0: 0x80003f92 (0x2d214693) xori    a3, sp, 722
core   0: 3 0x80003f92 (0x2d214693) x13 0x0000233d
core   0: 0x80003f96 (0x035d4f03) lbu     t5, 53(s10)
core   0: 3 0x80003f96 (0x035d4f03) x30 0x00000008 mem 0x800109d8
core   0: 0x80003f9a (0x00000001) c.nop
core   0: 3 0x80003f9a (0x0001)
core   0: 0x80003f9c (0x0000952a) c.add   a0, a0
core   0: 3 0x80003f9c (0x952a) x10 0x00004afe
core   0: 0x80003f9e (0xfe2d0683) lb      a3, -30(s10)
core   0: 3 0x80003f9e (0xfe2d0683) x13 0x00000021 mem 0x80010985
core   0: 0x80003fa2 (0x0046f133) and     sp, a3, tp
core   0: 3 0x80003fa2 (0x0046f133) x 2 0x00000020
core   0: 0x80003fa6 (0xdf7a26b7) lui     a3, 0xdf7a2
core   0: 3 0x80003fa6 (0xdf7a26b7) x13 0xdf7a2000
core   0: 0x80003faa (0x011d5683) lhu     a3, 17(s10)
core   0: 3 0x80003faa (0x011d5683) x13 0x000083ec mem 0x800109b4
core   0: 0x80003fae (0x00cd0aa3) sb      a2, 21(s10)
core   0: 3 0x80003fae (0x00cd0aa3) mem 0x800109b8 0x0
core   0: 0x80003fb2 (0x67e27f13) andi    t5, tp, 1662
core   0: 3 0x80003fb2 (0x67e27f13) x30 0x00000070
core   0: 0x80003fb6 (0x0000100f) fence.i
core   0: 3 0x80003fb6 (0x0000100f)
core   0: 0x80003fba (0x03e246b3) div     a3, tp, t5
core   0: 3 0x80003fba (0x03e246b3) x13 0x0000004d
core   0: 0x80003fbe (0xfead0423) sb      a0, -24(s10)
core   0: 3 0x80003fbe (0xfead0423) mem 0x8001098b 0xfe
core   0: 0x80003fc2 (0xfead4203) lbu     tp, -22(s10)
core   0: 3 0x80003fc2 (0xfead4203) x 4 0x000000fe mem 0x8001098d
core   0: 0x80003fc6 (0x02df6533) rem     a0, t5, a3
core   0: 3 0x80003fc6 (0x02df6533) x10 0x00000023
core   0: 0x80003fca (0x020d0683) lb      a3, 32(s10)
core   0: 3 0x80003fca (0x020d0683) x13 0x00000000 mem 0x800109c3
core   0: 0x80003fce (0x00fd4603) lbu     a2, 15(s10)
core   0: 3 0x80003fce (0x00fd4603) x12 0x000000ac mem 0x800109b2
core   0: 0x80003fd2 (0x0001b617) auipc   a2, 0x1b
core   0: 3 0x80003fd2 (0x0001b617) x12 0x8001efd2
core   0: 0x80003fd6 (0xbf760613) addi    a2, a2, -1033
core   0: 3 0x80003fd6 (0xbf760613) x12 0x8001ebc9
core   0: 0x80003fda (0x00760f23) sb      t2, 30(a2)
core   0: 3 0x80003fda (0x00760f23) mem 0x8001ebe7 0x40
core   0: 0x80003fde (0xfd264f83) lbu     t6, -46(a2)
core   0: 3 0x80003fde (0xfd264f83) x31 0x0000007a mem 0x8001eb9b
core   0: 0x80003fe2 (0x0000dc97) auipc   s9, 0xd
core   0: 3 0x80003fe2 (0x0000dc97) x25 0x80010fe2
core   0: 0x80003fe6 (0xef9c8c93) addi    s9, s9, -263
core   0: 3 0x80003fe6 (0xef9c8c93) x25 0x80010edb
core   0: 0x80003fea (0x019c8323) sb      s9, 6(s9)
core   0: 3 0x80003fea (0x019c8323) mem 0x80010ee1 0xdb
core   0: 0x80003fee (0xff560aa3) sb      s5, -11(a2)
core   0: 3 0x80003fee (0xff560aa3) mem 0x8001ebbe 0x64
core   0: 0x80003ff2 (0x05ccc803) lbu     a6, 92(s9)
core   0: 3 0x80003ff2 (0x05ccc803) x16 0x000000f8 mem 0x80010f37
core   0: 0x80003ff6 (0x03060503) lb      a0, 48(a2)
core   0: 3 0x80003ff6 (0x03060503) x10 0xffffffc5 mem 0x8001ebf9
core   0: 0x80003ffa (0xfe765c03) lhu     s8, -25(a2)
core   0: 3 0x80003ffa (0xfe765c03) x24 0x000086e8 mem 0x8001ebb0
core   0: 0x80003ffe (0xfc9c83a3) sb      s1, -57(s9)
core   0: 3 0x80003ffe (0xfc9c83a3) mem 0x80010ea2 0xa4
core   0: 0x80004002 (0xfcb627a3) sw      a1, -49(a2)
core   0: 3 0x80004002 (0xfcb627a3) mem 0x8001eb98 0x80029ce4
core   0: 0x80004006 (0xf66c8583) lb      a1, -154(s9)
core   0: 3 0x80004006 (0xf66c8583) x11 0xffffffaf mem 0x80010e41
core   0: 0x8000400a (0x01565b03) lhu     s6, 21(a2)
core   0: 3 0x8000400a (0x01565b03) x22 0x0000c021 mem 0x8001ebde
core   0: 0x8000400e (0x08cc8703) lb      a4, 140(s9)
core   0: 3 0x8000400e (0x08cc8703) x14 0x00000077 mem 0x80010f67
core   0: 0x80004012 (0x01160723) sb      a7, 14(a2)
core   0: 3 0x80004012 (0x01160723) mem 0x8001ebd7 0x0
core   0: 0x80004016 (0x410352b3) sra     t0, t1, a6
core   0: 3 0x80004016 (0x410352b3) x 5 0x00000000
core   0: 0x8000401a (0x00000001) c.nop
core   0: 3 0x8000401a (0x0001)
core   0: 0x8000401c (0x02669c33) mulh    s8, a3, t1
core   0: 3 0x8000401c (0x02669c33) x24 0x00000000
core   0: 0x80004020 (0x0000e565) c.bnez  a0, pc + 232
core   0: 3 0x80004020 (0xe565)
core   0: 0x80004108 (0x00008191) c.srli  a1, 4
core   0: 3 0x80004108 (0x8191) x11 0x0ffffffa
core   0: 0x8000410a (0x0000717d) c.addi16sp sp, -16
core   0: 3 0x8000410a (0x717d) x 2 0x00000010
core   0: 0x8000410c (0xa8b64513) xori    a0, a2, -1397
core   0: 3 0x8000410c (0xa8b64513) x10 0x7ffe1142
core   0: 0x80004110 (0x03080bb3) mul     s7, a6, a6
core   0: 3 0x80004110 (0x03080bb3) x23 0x0000f040
core   0: 0x80004114 (0x03cfca63) blt     t6, t3, pc + 52
core   0: 3 0x80004114 (0x03cfca63)
core   0: 0x80004148 (0x00cd81b3) add     gp, s11, a2
core   0: 3 0x80004148 (0x00cd81b3) x 3 0x8001eb93
core   0: 0x8000414c (0x03260863) beq     a2, s2, pc + 48
core   0: 3 0x8000414c (0x03260863)
core   0: 0x80004150 (0x0ff0000f) fence   iorw,iorw
core   0: 3 0x80004150 (0x0ff0000f)
core   0: 0x80004154 (0x018951b3) srl     gp, s2, s8
core   0: 3 0x80004154 (0x018951b3) x 3 0xfffffff5
core   0: 0x80004158 (0xf605b113) sltiu   sp, a1, -160
core   0: 3 0x80004158 (0xf605b113) x 2 0x00000001
core   0: 0x8000415c (0x0000100f) fence.i
core   0: 3 0x8000415c (0x0000100f)
core   0: 0x80004160 (0x418953b3) sra     t2, s2, s8
core   0: 3 0x80004160 (0x418953b3) x 7 0xfffffff5
core   0: 0x80004164 (0x01089713) slli    a4, a7, 16
core   0: 3 0x80004164 (0x01089713) x14 0x00000000
core   0: 0x80004168 (0x2918b013) sltiu   zero, a7, 657
core   0: 3 0x80004168 (0x2918b013)
core   0: 0x8000416c (0x01dca333) slt     t1, s9, t4
core   0: 3 0x8000416c (0x01dca333) x 6 0x00000001
core   0: 0x80004170 (0x40c38eb3) sub     t4, t2, a2
core   0: 3 0x80004170 (0x40c38eb3) x29 0x7ffe142c
core   0: 0x80004174 (0x0000882a) c.mv    a6, a0
core   0: 3 0x80004174 (0x882a) x16 0x7ffe1142
core   0: 0x80004176 (0x6123e413) ori     s0, t2, 1554
core   0: 3 0x80004176 (0x6123e413) x 8 0xfffffff7
core   0: 0x8000417a (0x0000e609) c.bnez  a2, pc + 10
core   0: 3 0x8000417a (0xe609)
core   0: 0x80004184 (0x03d7fe33) remu    t3, a5, t4
core   0: 3 0x80004184 (0x03d7fe33) x28 0x000488b8
core   0: 0x80004188 (0x000085cd) c.srai  a1, 19
core   0: 3 0x80004188 (0x85cd) x11 0x000001ff
core   0: 0x8000418a (0x01cdf0b3) and     ra, s11, t3
core   0: 3 0x8000418a (0x01cdf0b3) x 1 0x00048888
core   0: 0x8000418e (0x00005d7d) c.li    s10, -1
core   0: 3 0x8000418e (0x5d7d) x26 0xffffffff
core   0: 0x80004190 (0x0018ccb3) xor     s9, a7, ra
core   0: 3 0x80004190 (0x0018ccb3) x25 0x00048888
core   0: 0x80004194 (0x02cdddb3) divu    s11, s11, a2
core   0: 3 0x80004194 (0x02cdddb3) x27 0x00000001
core   0: 0x80004198 (0x0000e891) c.bnez  s1, pc + 20
core   0: 3 0x80004198 (0xe891)
core   0: 0x800041ac (0x00000d69) c.addi  s10, 26
core   0: 3 0x800041ac (0x0d69) x26 0x00000019
core   0: 0x800041ae (0x02bf0cb3) mul     s9, t5, a1
core   0: 3 0x800041ae (0x02bf0cb3) x25 0x0000df90
core   0: 0x800041b2 (0x01e5c133) xor     sp, a1, t5
core   0: 3 0x800041b2 (0x01e5c133) x 2 0x0000018f
core   0: 0x800041b6 (0x40938cb3) sub     s9, t2, s1
core   0: 3 0x800041b6 (0x40938cb3) x25 0x7ffd2051
core   0: 0x800041ba (0x02bf1a33) mulh    s4, t5, a1
core   0: 3 0x800041ba (0x02bf1a33) x20 0x00000000
core   0: 0x800041be (0x038829b3) mulhsu  s3, a6, s8
core   0: 3 0x800041be (0x038829b3) x19 0x00000000
core   0: 0x800041c2 (0x000042d5) c.li    t0, 21
core   0: 3 0x800041c2 (0x42d5) x 5 0x00000015
core   0: 0x800041c4 (0x0000100f) fence.i
core   0: 3 0x800041c4 (0x0000100f)
core   0: 0x800041c8 (0x00008311) c.srli  a4, 4
core   0: 3 0x800041c8 (0x8311) x14 0x00000000
core   0: 0x800041ca (0x01eb50b3) srl     ra, s6, t5
core   0: 3 0x800041ca (0x01eb50b3) x 1 0x00000000
core   0: 0x800041ce (0x00008c15) c.sub   s0, a3
core   0: 3 0x800041ce (0x8c15) x 8 0xfffffff7
core   0: 0x800041d0 (0x01cbda33) srl     s4, s7, t3
core   0: 3 0x800041d0 (0x01cbda33) x20 0x00000000
core   0: 0x800041d4 (0x025042b3) div     t0, zero, t0
core   0: 3 0x800041d4 (0x025042b3) x 5 0x00000000
core   0: 0x800041d8 (0x1c780d93) addi    s11, a6, 455
core   0: 3 0x800041d8 (0x1c780d93) x27 0x7ffe1309
core   0: 0x800041dc (0x0000c20d) c.beqz  a2, pc + 34
core   0: 3 0x800041dc (0xc20d)
core   0: 0x800041de (0x9c02ad37) lui     s10, 0x9c02a
core   0: 3 0x800041de (0x9c02ad37) x26 0x9c02a000
core   0: 0x800041e2 (0x01ac9c13) slli    s8, s9, 26
core   0: 3 0x800041e2 (0x01ac9c13) x24 0x44000000
core   0: 0x800041e6 (0x00008511) c.srai  a0, 4
core   0: 3 0x800041e6 (0x8511) x10 0x07ffe114
core   0: 0x800041e8 (0x03bbe763) bltu    s7, s11, pc + 46
core   0: 3 0x800041e8 (0x03bbe763)
core   0: 0x80004216 (0x0ff0000f) fence   iorw,iorw
core   0: 3 0x80004216 (0x0ff0000f)
core   0: 0x8000421a (0x001f9993) slli    s3, t6, 1
core   0: 3 0x8000421a (0x001f9993) x19 0x000000f4
core   0: 0x8000421e (0x017aca33) xor     s4, s5, s7
core   0: 3 0x8000421e (0x017aca33) x20 0x8002ae24
core   0: 0x80004222 (0x357b3a13) sltiu   s4, s6, 855
core   0: 3 0x80004222 (0x357b3a13) x20 0x00000000
core   0: 0x80004226 (0x01706733) or      a4, zero, s7
core   0: 3 0x80004226 (0x01706733) x14 0x0000f040
core   0: 0x8000422a (0x019a4bb3) xor     s7, s4, s9
core   0: 3 0x8000422a (0x019a4bb3) x23 0x7ffd2051
core   0: 0x8000422e (0xcde42b93) slti    s7, s0, -802
core   0: 3 0x8000422e (0xcde42b93) x23 0x00000000
core   0: 0x80004232 (0x00009bba) c.add   s7, a4
core   0: 3 0x80004232 (0x9bba) x23 0x0000f040
core   0: 0x80004234 (0x00e12533) slt     a0, sp, a4
core   0: 3 0x80004234 (0x00e12533) x10 0x00000001
core   0: 0x80004238 (0x0000557d) c.li    a0, -1
core   0: 3 0x80004238 (0x557d) x10 0xffffffff
core   0: 0x8000423a (0x00008d15) c.sub   a0, a3
core   0: 3 0x8000423a (0x8d15) x10 0xffffffff
core   0: 0x8000423c (0x00001480) c.addi4spn s0, sp, 608
core   0: 3 0x8000423c (0x1480) x 8 0x000003ef
core   0: 0x8000423e (0x02ce9763) bne     t4, a2, pc + 46
core   0: 3 0x8000423e (0x02ce9763)
core   0: 0x8000426c (0x0078b6b3) sltu    a3, a7, t2
core   0: 3 0x8000426c (0x0078b6b3) x13 0x00000001
core   0: 0x80004270 (0x01fafb63) bgeu    s5, t6, pc + 22
core   0: 3 0x80004270 (0x01fafb63)
core   0: 0x80004286 (0x4d607f13) andi    t5, zero, 1238
core   0: 3 0x80004286 (0x4d607f13) x30 0x00000000
core   0: 0x8000428a (0xbc0ff213) andi    tp, t6, -1088
core   0: 3 0x8000428a (0xbc0ff213) x 4 0x00000040
core   0: 0x8000428e (0x00e3e033) or      zero, t2, a4
core   0: 3 0x8000428e (0x00e3e033)
core   0: 0x80004292 (0x01066433) or      s0, a2, a6
core   0: 3 0x80004292 (0x01066433) x 8 0xfffffbcb
core   0: 0x80004296 (0x0000ed01) c.bnez  a0, pc + 24
core   0: 3 0x80004296 (0xed01)
core   0: 0x800042ae (0x0256d733) divu    a4, a3, t0
core   0: 3 0x800042ae (0x0256d733) x14 0xffffffff
core   0: 0x800042b2 (0xa14b8f13) addi    t5, s7, -1516
core   0: 3 0x800042b2 (0xa14b8f13) x30 0x0000ea54
core   0: 0x800042b6 (0x00aafc33) and     s8, s5, a0
core   0: 3 0x800042b6 (0x00aafc33) x24 0x80025e64
core   0: 0x800042ba (0x401edc93) srai    s9, t4, 1
core   0: 3 0x800042ba (0x401edc93) x25 0x3fff0a16
core   0: 0x800042be (0x00009a7d) c.andi  a2, -1
core   0: 3 0x800042be (0x9a7d) x12 0x8001ebc9
core   0: 0x800042c0 (0x0000167d) c.addi  a2, -1
core   0: 3 0x800042c0 (0x167d) x12 0x8001ebc8
core   0: 0x800042c2 (0x40255413) srai    s0, a0, 2
core   0: 3 0x800042c2 (0x40255413) x 8 0xffffffff
core   0: 0x800042c6 (0x008b9293) slli    t0, s7, 8
core   0: 3 0x800042c6 (0x008b9293) x 5 0x00f04000
core   0: 0x800042ca (0x00008d15) c.sub   a0, a3
core   0: 3 0x800042ca (0x8d15) x10 0xfffffffe
core   0: 0x800042cc (0x00001e7d) c.addi  t3, -1
core   0: 3 0x800042cc (0x1e7d) x28 0x000488b7
core   0: 0x800042ce (0x00a6d4b3) srl     s1, a3, a0
core   0: 3 0x800042ce (0x00a6d4b3) x 9 0x00000000
core   0: 0x800042d2 (0xc097adb7) lui     s11, 0xc097a
core   0: 3 0x800042d2 (0xc097adb7) x27 0xc097a000
core   0: 0x800042d6 (0x01a64133) xor     sp, a2, s10
core   0: 3 0x800042d6 (0x01a64133) x 2 0x1c034bc8
core   0: 0x800042da (0x000099e2) c.add   s3, s8
core   0: 3 0x800042da (0x99e2) x19 0x80025f58
core   0: 0x800042dc (0x00006199) c.lui   gp, 0x6
core   0: 3 0x800042dc (0x6199) x 3 0x00006000
core   0: 0x800042de (0x0000717d) c.addi16sp sp, -16
core   0: 3 0x800042de (0x717d) x 2 0x1c034bb8
core   0: 0x800042e0 (0x00009b7d) c.andi  a4, -1
core   0: 3 0x800042e0 (0x9b7d) x14 0xffffffff
core   0: 0x800042e2 (0x3068c097) auipc   ra, 0x3068c
core   0: 3 0x800042e2 (0x3068c097) x 1 0xb06902e2
core   0: 0x800042e6 (0x00cf1463) bne     t5, a2, pc + 8
core   0: 3 0x800042e6 (0x00cf1463)
core   0: 0x800042ee (0x02684b33) div     s6, a6, t1
core   0: 3 0x800042ee (0x02684b33) x22 0x7ffe1142
core   0: 0x800042f2 (0x01c843b3) xor     t2, a6, t3
core   0: 3 0x800042f2 (0x01c843b3) x 7 0x7ffa99f5
core   0: 0x800042f6 (0x09bfb593) sltiu   a1, t6, 155
core   0: 3 0x800042f6 (0x09bfb593) x11 0x00000001
core   0: 0x800042fa (0x000081b1) c.srli  a1, 12
core   0: 3 0x800042fa (0x81b1) x11 0x00000000
core   0: 0x800042fc (0x0000cb15) c.beqz  a4, pc + 52
core   0: 3 0x800042fc (0xcb15)
core   0: 0x800042fe (0x0000ef0d) c.bnez  a4, pc + 58
core   0: 3 0x800042fe (0xef0d)
core   0: 0x80004338 (0x01695db3) srl     s11, s2, s6
core   0: 3 0x80004338 (0x01695db3) x27 0x3ffffffd
core   0: 0x8000433c (0x003e1c63) bne     t3, gp, pc + 24
core   0: 3 0x8000433c (0x003e1c63)
core   0: 0x80004354 (0x000085aa) c.mv    a1, a0
core   0: 3 0x80004354 (0x85aa) x11 0xfffffffe
core   0: 0x80004356 (0x00495e13) srli    t3, s2, 4
core   0: 3 0x80004356 (0x00495e13) x28 0x0fffffff
core   0: 0x8000435a (0x40ee0833) sub     a6, t3, a4
core   0: 3 0x8000435a (0x40ee0833) x16 0x10000000
core   0: 0x8000435e (0x00001d7d) c.addi  s10, -1
core   0: 3 0x8000435e (0x1d7d) x26 0x9c029fff
core   0: 0x80004360 (0x038f4833) div     a6, t5, s8
core   0: 3 0x80004360 (0x038f4833) x16 0x00000000
core   0: 0x80004364 (0x0062ce63) blt     t0, t1, pc + 28
core   0: 3 0x80004364 (0x0062ce63)
core   0: 0x80004368 (0x2a3b4113) xori    sp, s6, 675
core   0: 3 0x80004368 (0x2a3b4113) x 2 0x7ffe13e1
core   0: 0x8000436c (0x016e6133) or      sp, t3, s6
core   0: 3 0x8000436c (0x016e6133) x 2 0x7fffffff
core   0: 0x80004370 (0x0268ffb3) remu    t6, a7, t1
core   0: 3 0x80004370 (0x0268ffb3) x31 0x00000000
core   0: 0x80004374 (0x412d5013) srai    zero, s10, 18
core   0: 3 0x80004374 (0x412d5013)
core   0: 0x80004378 (0x00006875) c.lui   a6, 0x1d
core   0: 3 0x80004378 (0x6875) x16 0x0001d000
core   0: 0x8000437a (0x00ab4d63) blt     s6, a0, pc + 26
core   0: 3 0x8000437a (0x00ab4d63)
core   0: 0x8000437e (0x00008c7d) c.and   s0, a5
core   0: 3 0x8000437e (0x8c7d) x 8 0x80029ce4
core   0: 0x80004380 (0x41f75313) srai    t1, a4, 31
core   0: 3 0x80004380 (0x41f75313) x 6 0xffffffff
core   0: 0x80004384 (0x00bc2d33) slt     s10, s8, a1
core   0: 3 0x80004384 (0x00bc2d33) x26 0x00000001
core   0: 0x80004388 (0x0000c595) c.beqz  a1, pc + 44
core   0: 3 0x80004388 (0xc595)
core   0: 0x8000438a (0x0139e963) bltu    s3, s3, pc + 18
core   0: 3 0x8000438a (0x0139e963)
core   0: 0x8000438e (0x00000001) c.nop
core   0: 3 0x8000438e (0x0001)
core   0: 0x80004390 (0x00a15c13) srli    s8, sp, 10
core   0: 3 0x80004390 (0x00a15c13) x24 0x001fffff
core   0: 0x80004394 (0x01deed63) bltu    t4, t4, pc + 26
core   0: 3 0x80004394 (0x01deed63)
core   0: 0x80004398 (0xcd052a13) slti    s4, a0, -816
core   0: 3 0x80004398 (0xcd052a13) x20 0x00000000
core   0: 0x8000439c (0x00008e65) c.and   a2, s1
core   0: 3 0x8000439c (0x8e65) x12 0x00000000
core   0: 0x8000439e (0x000b2633) slt     a2, s6, zero
core   0: 3 0x8000439e (0x000b2633) x12 0x00000000
core   0: 0x800043a2 (0xaebcc037) lui     zero, 0xaebcc
core   0: 3 0x800043a2 (0xaebcc037)
core   0: 0x800043a6 (0x0000c189) c.beqz  a1, pc + 2
core   0: 3 0x800043a6 (0xc189)
core   0: 0x800043a8 (0x00001cfd) c.addi  s9, -1
core   0: 3 0x800043a8 (0x1cfd) x25 0x3fff0a15
core   0: 0x800043aa (0x40f0d3b3) sra     t2, ra, a5
core   0: 3 0x800043aa (0x40f0d3b3) x 7 0xfb06902e
core   0: 0x800043ae (0x00008ef1) c.and   a3, a2
core   0: 3 0x800043ae (0x8ef1) x13 0x00000000
core   0: 0x800043b0 (0x032addb3) divu    s11, s5, s2
core   0: 3 0x800043b0 (0x032addb3) x27 0x00000000
core   0: 0x800043b4 (0x214e6393) ori     t2, t3, 532
core   0: 3 0x800043b4 (0x214e6393) x 7 0x0fffffff
core   0: 0x800043b8 (0xeb3ec613) xori    a2, t4, -333
core   0: 3 0x800043b8 (0xeb3ec613) x12 0x8001ea9f
core   0: 0x800043bc (0x00057db3) and     s11, a0, zero
core   0: 3 0x800043bc (0x00057db3) x27 0x00000000
core   0: 0x800043c0 (0x71e0ef93) ori     t6, ra, 1822
core   0: 3 0x800043c0 (0x71e0ef93) x31 0xb06907fe
core   0: 0x800043c4 (0xf2f38b93) addi    s7, t2, -209
core   0: 3 0x800043c4 (0xf2f38b93) x23 0x0fffff2e
core   0: 0x800043c8 (0x005d5463) bge     s10, t0, pc + 8
core   0: 3 0x800043c8 (0x005d5463)
core   0: 0x800043cc (0x031be463) bltu    s7, a7, pc + 40
core   0: 3 0x800043cc (0x031be463)
core   0: 0x800043d0 (0x00001a7d) c.addi  s4, -1
core   0: 3 0x800043d0 (0x1a7d) x20 0xffffffff
core   0: 0x800043d2 (0x00008dc5) c.or    a1, s1
core   0: 3 0x800043d2 (0x8dc5) x11 0xfffffffe
core   0: 0x800043d4 (0x198d6db7) lui     s11, 0x198d6
core   0: 3 0x800043d4 (0x198d6db7) x27 0x198d6000
core   0: 0x800043d8 (0x0000537d) c.li    t1, -1
core   0: 3 0x800043d8 (0x537d) x 6 0xffffffff
core   0: 0x800043da (0x00000280) c.addi4spn s0, sp, 320
core   0: 3 0x800043da (0x0280) x 8 0x8000013f
core   0: 0x800043dc (0x01dfb0b3) sltu    ra, t6, t4
core   0: 3 0x800043dc (0x01dfb0b3) x 1 0x00000000
core   0: 0x800043e0 (0x00008a1d) c.andi  a2, 7
core   0: 3 0x800043e0 (0x8a1d) x12 0x00000007
core   0: 0x800043e2 (0x00001494) c.addi4spn a3, sp, 608
core   0: 3 0x800043e2 (0x1494) x13 0x8000025f
core   0: 0x800043e4 (0x00008245) c.srli  a2, 17
core   0: 3 0x800043e4 (0x8245) x12 0x00000000
core   0: 0x800043e6 (0x0254db63) bge     s1, t0, pc + 54
core   0: 3 0x800043e6 (0x0254db63)
core   0: 0x800043ea (0xf2b22413) slti    s0, tp, -213
core   0: 3 0x800043ea (0xf2b22413) x 8 0x00000000
core   0: 0x800043ee (0x0000636d) c.lui   t1, 0x1b
core   0: 3 0x800043ee (0x636d) x 6 0x0001b000
core   0: 0x800043f0 (0x0398e6b3) rem     a3, a7, s9
core   0: 3 0x800043f0 (0x0398e6b3) x13 0x00000000
core   0: 0x800043f4 (0x00008ef1) c.and   a3, a2
core   0: 3 0x800043f4 (0x8ef1) x13 0x00000000
core   0: 0x800043f6 (0x000013fd) c.addi  t2, -1
core   0: 3 0x800043f6 (0x13fd) x 7 0x0ffffffe
core   0: 0x800043f8 (0x00d15013) srli    zero, sp, 13
core   0: 3 0x800043f8 (0x00d15013)
core   0: 0x800043fc (0x00008c81) c.sub   s1, s0
core   0: 3 0x800043fc (0x8c81) x 9 0x00000000
core   0: 0x800043fe (0x40055a13) srai    s4, a0, 0
core   0: 3 0x800043fe (0x40055a13) x20 0xfffffffe
core   0: 0x80004402 (0x0ff0000f) fence   iorw,iorw
core   0: 3 0x80004402 (0x0ff0000f)
core   0: 0x80004406 (0x01505713) srli    a4, zero, 21
core   0: 3 0x80004406 (0x01505713) x14 0x00000000
core   0: 0x8000440a (0x00ad1e63) bne     s10, a0, pc + 28
core   0: 3 0x8000440a (0x00ad1e63)
core   0: 0x80004426 (0x03dc7d33) remu    s10, s8, t4
core   0: 3 0x80004426 (0x03dc7d33) x26 0x001fffff
core   0: 0x8000442a (0x027c7e63) bgeu    s8, t2, pc + 60
core   0: 3 0x8000442a (0x027c7e63)
core   0: 0x8000442e (0x0194e533) or      a0, s1, s9
core   0: 3 0x8000442e (0x0194e533) x10 0x3fff0a15
core   0: 0x80004432 (0x0000e30d) c.bnez  a4, pc + 34
core   0: 3 0x80004432 (0xe30d)
core   0: 0x80004434 (0x01cace63) blt     s5, t3, pc + 28
core   0: 3 0x80004434 (0x01cace63)
core   0: 0x80004450 (0x00008dc5) c.or    a1, s1
core   0: 3 0x80004450 (0x8dc5) x11 0xfffffffe
core   0: 0x80004452 (0x00000918) c.addi4spn a4, sp, 144
core   0: 3 0x80004452 (0x0918) x14 0x8000008f
core   0: 0x80004454 (0x000085f2) c.mv    a1, t3
core   0: 3 0x80004454 (0x85f2) x11 0x0fffffff
core   0: 0x80004456 (0x00008d6d) c.and   a0, a1
core   0: 3 0x80004456 (0x8d6d) x10 0x0fff0a15
core   0: 0x80004458 (0x00a36b33) or      s6, t1, a0
core   0: 3 0x80004458 (0x00a36b33) x22 0x0fffba15
core   0: 0x8000445c (0x01822bb3) slt     s7, tp, s8
core   0: 3 0x8000445c (0x01822bb3) x23 0x00000001
core   0: 0x80004460 (0xb552c593) xori    a1, t0, -1195
core   0: 3 0x80004460 (0xb552c593) x11 0xff0fbb55
core   0: 0x80004464 (0x00008d91) c.sub   a1, a2
core   0: 3 0x80004464 (0x8d91) x11 0xff0fbb55
core   0: 0x80004466 (0x0356dcb3) divu    s9, a3, s5
core   0: 3 0x80004466 (0x0356dcb3) x25 0x00000000
core   0: 0x8000446a (0x1a723f17) auipc   t5, 0x1a723
core   0: 3 0x8000446a (0x1a723f17) x30 0x9a72746a
core   0: 0x8000446e (0x04b1e217) auipc   tp, 0x4b1e
core   0: 3 0x8000446e (0x04b1e217) x 4 0x84b2246e
core   0: 0x80004472 (0xf5228593) addi    a1, t0, -174
core   0: 3 0x80004472 (0xf5228593) x11 0x00f03f52
core   0: 0x80004476 (0x148b4293) xori    t0, s6, 328
core   0: 3 0x80004476 (0x148b4293) x 5 0x0fffbb5d
core   0: 0x8000447a (0x0ff0000f) fence   iorw,iorw
core   0: 3 0x8000447a (0x0ff0000f)
core   0: 0x8000447e (0x01ec24b3) slt     s1, s8, t5
core   0: 3 0x8000447e (0x01ec24b3) x 9 0x00000000
core   0: 0x80004482 (0x1efcdb17) auipc   s6, 0x1efcd
core   0: 3 0x80004482 (0x1efcdb17) x22 0x9efd1482
core   0: 0x80004486 (0x00000001) c.nop
core   0: 3 0x80004486 (0x0001)
core   0: 0x80004488 (0x01af93b3) sll     t2, t6, s10
core   0: 3 0x80004488 (0x01af93b3) x 7 0x00000000
core   0: 0x8000448c (0xa1043493) sltiu   s1, s0, -1520
core   0: 3 0x8000448c (0xa1043493) x 9 0x00000001
core   0: 0x80004490 (0x00008dad) c.xor   a1, a1
core   0: 3 0x80004490 (0x8dad) x11 0x00000000
core   0: 0x80004492 (0x0ff0000f) fence   iorw,iorw
core   0: 3 0x80004492 (0x0ff0000f)
core   0: 0x80004496 (0x00000001) c.nop
core   0: 3 0x80004496 (0x0001)
core   0: 0x80004498 (0x00008f0d) c.sub   a4, a1
core   0: 3 0x80004498 (0x8f0d) x14 0x8000008f
core   0: 0x8000449a (0x4135d833) sra     a6, a1, s3
core   0: 3 0x8000449a (0x4135d833) x16 0x00000000
core   0: 0x8000449e (0x00c91093) slli    ra, s2, 12
core   0: 3 0x8000449e (0x00c91093) x 1 0xffff5000
core   0: 0x800044a2 (0x026e6b33) rem     s6, t3, t1
core   0: 3 0x800044a2 (0x026e6b33) x22 0x00006fff
core   0: 0x800044a6 (0xb54210b7) lui     ra, 0xb5421
core   0: 3 0x800044a6 (0xb54210b7) x 1 0xb5421000
core   0: 0x800044aa (0x01efc463) blt     t6, t5, pc + 8
core   0: 3 0x800044aa (0x01efc463)
core   0: 0x800044ae (0x0ff0000f) fence   iorw,iorw
core   0: 3 0x800044ae (0x0ff0000f)
core   0: 0x800044b2 (0x00009976) c.add   s2, t4
core   0: 3 0x800044b2 (0x9976) x18 0x7ffe1421
core   0: 0x800044b4 (0x41f00a33) sub     s4, zero, t6
core   0: 3 0x800044b4 (0x41f00a33) x20 0x4f96f802
core   0: 0x800044b8 (0x03288e63) beq     a7, s2, pc + 60
core   0: 3 0x800044b8 (0x03288e63)
core   0: 0x800044bc (0x00b420b3) slt     ra, s0, a1
core   0: 3 0x800044bc (0x00b420b3) x 1 0x00000000
core   0: 0x800044c0 (0xcee6fc93) andi    s9, a3, -786
core   0: 3 0x800044c0 (0xcee6fc93) x25 0x00000000
core   0: 0x800044c4 (0x014d9b63) bne     s11, s4, pc + 22
core   0: 3 0x800044c4 (0x014d9b63)
core   0: 0x800044da (0x00fb6a33) or      s4, s6, a5
core   0: 3 0x800044da (0x00fb6a33) x20 0x8002ffff
core   0: 0x800044de (0x00008e45) c.or    a2, s1
core   0: 3 0x800044de (0x8e45) x12 0x00000001
core   0: 0x800044e0 (0x01de5313) srli    t1, t3, 29
core   0: 3 0x800044e0 (0x01de5313) x 6 0x00000000
core   0: 0x800044e4 (0x00001bfd) c.addi  s7, -1
core   0: 3 0x800044e4 (0x1bfd) x23 0x00000000
core   0: 0x800044e6 (0x4085d813) srai    a6, a1, 8
core   0: 3 0x800044e6 (0x4085d813) x16 0x00000000
core   0: 0x800044ea (0x03e8a5b3) mulhsu  a1, a7, t5
core   0: 3 0x800044ea (0x03e8a5b3) x11 0x00000000
core   0: 0x800044ee (0x00009b7d) c.andi  a4, -1
core   0: 3 0x800044ee (0x9b7d) x14 0x8000008f
core   0: 0x800044f0 (0x000082d6) c.mv    t0, s5
core   0: 3 0x800044f0 (0x82d6) x 5 0x80025e64
core   0: 0x800044f2 (0x00000001) c.nop
core   0: 3 0x800044f2 (0x0001)
core   0: 0x800044f4 (0x00d14fb3) xor     t6, sp, a3
core   0: 3 0x800044f4 (0x00d14fb3) x31 0x7fffffff
core   0: 0x800044f8 (0x00000001) c.nop
core   0: 3 0x800044f8 (0x0001)
core   0: 0x800044fa (0x85c60f13) addi    t5, a2, -1956
core   0: 3 0x800044fa (0x85c60f13) x30 0xfffff85d
core   0: 0x800044fe (0x00000caa) c.slli  s9, 10
core   0: 3 0x800044fe (0x0caa) x25 0x00000000
core   0: 0x80004500 (0x00001884) c.addi4spn s1, sp, 112
core   0: 3 0x80004500 (0x1884) x 9 0x8000006f
core   0: 0x80004502 (0x000081ae) c.mv    gp, a1
core   0: 3 0x80004502 (0x81ae) x 3 0x00000000
core   0: 0x80004504 (0x1b9d3c13) sltiu   s8, s10, 441
core   0: 3 0x80004504 (0x1b9d3c13) x24 0x00000000
core   0: 0x80004508 (0x00004871) c.li    a6, 28
core   0: 3 0x80004508 (0x4871) x16 0x0000001c
core   0: 0x8000450a (0x00008e11) c.sub   a2, a2
core   0: 3 0x8000450a (0x8e11) x12 0x00000000
core   0: 0x8000450c (0x4062de33) sra     t3, t0, t1
core   0: 3 0x8000450c (0x4062de33) x28 0x80025e64
core   0: 0x80004510 (0x6aca6313) ori     t1, s4, 1708
core   0: 3 0x80004510 (0x6aca6313) x 6 0x8002ffff
core   0: 0x80004514 (0x02564133) div     sp, a2, t0
core   0: 3 0x80004514 (0x02564133) x 2 0x00000000
core   0: 0x80004518 (0x0052d2b3) srl     t0, t0, t0
core   0: 3 0x80004518 (0x0052d2b3) x 5 0x080025e6
core   0: 0x8000451c (0x9639fb13) andi    s6, s3, -1693
core   0: 3 0x8000451c (0x9639fb13) x22 0x80025940
core   0: 0x80004520 (0x40e3db33) sra     s6, t2, a4
core   0: 3 0x80004520 (0x40e3db33) x22 0x00000000
core   0: 0x80004524 (0xfd368013) addi    zero, a3, -45
core   0: 3 0x80004524 (0xfd368013)
core   0: 0x80004528 (0x000005e6) c.slli  a1, 25
core   0: 3 0x80004528 (0x05e6) x11 0x00000000
core   0: 0x8000452a (0x00c70333) add     t1, a4, a2
core   0: 3 0x8000452a (0x00c70333) x 6 0x8000008f
core   0: 0x8000452e (0xd3a9c113) xori    sp, s3, -710
core   0: 3 0x8000452e (0xd3a9c113) x 2 0x7ffda262
core   0: 0x80004532 (0x00008c11) c.sub   s0, a2
core   0: 3 0x80004532 (0x8c11) x 8 0x00000000
core   0: 0x80004534 (0x40e954b3) sra     s1, s2, a4
core   0: 3 0x80004534 (0x40e954b3) x 9 0x0000fffc
core   0: 0x80004538 (0x0281d733) divu    a4, gp, s0
core   0: 3 0x80004538 (0x0281d733) x14 0xffffffff
core   0: 0x8000453c (0x00f1bcb3) sltu    s9, gp, a5
core   0: 3 0x8000453c (0x00f1bcb3) x25 0x00000001
core   0: 0x80004540 (0x7534f313) andi    t1, s1, 1875
core   0: 3 0x80004540 (0x7534f313) x 6 0x00000750
core   0: 0x80004544 (0x02dc7f63) bgeu    s8, a3, pc + 62
core   0: 3 0x80004544 (0x02dc7f63)
core   0: 0x80004582 (0x03b371b3) remu    gp, t1, s11
core   0: 3 0x80004582 (0x03b371b3) x 3 0x00000750
core   0: 0x80004586 (0x00008f11) c.sub   a4, a2
core   0: 3 0x80004586 (0x8f11) x14 0xffffffff
core   0: 0x80004588 (0x029100b3) mul     ra, sp, s1
core   0: 3 0x80004588 (0x029100b3) x 1 0xa26b7678
core   0: 0x8000458c (0x00001f8c) c.addi4spn a1, sp, 1008
core   0: 3 0x8000458c (0x1f8c) x11 0x7ffda652
core   0: 0x8000458e (0x00d58e63) beq     a1, a3, pc + 28
core   0: 3 0x8000458e (0x00d58e63)
core   0: 0x80004592 (0x00a55d13) srli    s10, a0, 10
core   0: 3 0x80004592 (0x00a55d13) x26 0x0003ffc2
core   0: 0x80004596 (0x04e5d263) bge     a1, a4, pc + 68
core   0: 3 0x80004596 (0x04e5d263)
core   0: 0x800045da (0x01e79093) slli    ra, a5, 30
core   0: 3 0x800045da (0x01e79093) x 1 0x00000000
core   0: 0x800045de (0x004cb1b3) sltu    gp, s9, tp
core   0: 3 0x800045de (0x004cb1b3) x 3 0x00000001
core   0: 0x800045e2 (0x0f06a597) auipc   a1, 0xf06a
core   0: 3 0x800045e2 (0x0f06a597) x11 0x8f06e5e2
core   0: 0x800045e6 (0x0000997d) c.andi  a0, -1
core   0: 3 0x800045e6 (0x997d) x10 0x0fff0a15
core   0: 0x800045e8 (0x00000001) c.nop
core   0: 3 0x800045e8 (0x0001)
core   0: 0x800045ea (0xea9aa313) slti    t1, s5, -343
core   0: 3 0x800045ea (0xea9aa313) x 6 0x00000001
core   0: 0x800045ee (0x11a00193) li      gp, 282
core   0: 3 0x800045ee (0x11a00193) x 3 0x0000011a
core   0: 0x800045f2 (0x00008fce) c.mv    t6, s3
core   0: 3 0x800045f2 (0x8fce) x31 0x80025f58
core   0: 0x800045f4 (0x03d963b3) rem     t2, s2, t4
core   0: 3 0x800045f4 (0x03d963b3) x 7 0x7ffe1421
core   0: 0x800045f8 (0x4051d213) srai    tp, gp, 5
core   0: 3 0x800045f8 (0x4051d213) x 4 0x00000008
core   0: 0x800045fc (0x00000284) c.addi4spn s1, sp, 320
core   0: 3 0x800045fc (0x0284) x 9 0x7ffda3a2
core   0: 0x800045fe (0x00670c63) beq     a4, t1, pc + 24
core   0: 3 0x800045fe (0x00670c63)
core   0: 0x80004602 (0x01e87bb3) and     s7, a6, t5
core   0: 3 0x80004602 (0x01e87bb3) x23 0x0000001c
core   0: 0x80004606 (0x00d39c63) bne     t2, a3, pc + 24
core   0: 3 0x80004606 (0x00d39c63)
core   0: 0x8000461e (0x00a0a633) slt     a2, ra, a0
core   0: 3 0x8000461e (0x00a0a633) x12 0x00000001
core   0: 0x80004622 (0x00a51c13) slli    s8, a0, 10
core   0: 3 0x80004622 (0x00a51c13) x24 0xfc285400
core   0: 0x80004626 (0x00292433) slt     s0, s2, sp
core   0: 3 0x80004626 (0x00292433) x 8 0x00000000
core   0: 0x8000462a (0x00000001) c.nop
core   0: 3 0x8000462a (0x0001)
core   0: 0x8000462c (0x000050fd) c.li    ra, -1
core   0: 3 0x8000462c (0x50fd) x 1 0xffffffff
core   0: 0x8000462e (0x4058df93) srai    t6, a7, 5
core   0: 3 0x8000462e (0x4058df93) x31 0x00000000
core   0: 0x80004632 (0x03577bb3) remu    s7, a4, s5
core   0: 3 0x80004632 (0x03577bb3) x23 0x7ffda19b
core   0: 0x80004636 (0x00008f41) c.or    a4, s0
core   0: 3 0x80004636 (0x8f41) x14 0xffffffff
core   0: 0x80004638 (0x02cdc933) div     s2, s11, a2
core   0: 3 0x80004638 (0x02cdc933) x18 0x198d6000
core   0: 0x8000463c (0x07a78463) beq     a5, s10, pc + 104
core   0: 3 0x8000463c (0x07a78463)
core   0: 0x80004640 (0x01018b33) add     s6, gp, a6
core   0: 3 0x80004640 (0x01018b33) x22 0x00000136
core   0: 0x80004644 (0x41e5de33) sra     t3, a1, t5
core   0: 3 0x80004644 (0x41e5de33) x28 0xfffffffc
core   0: 0x80004648 (0x0000c417) auipc   s0, 0xc
core   0: 3 0x80004648 (0x0000c417) x 8 0x80010648
core   0: 0x8000464c (0x46740413) addi    s0, s0, 1127
core   0: 3 0x8000464c (0x46740413) x 8 0x80010aaf
core   0: 0x80004650 (0x0000e817) auipc   a6, 0xe
core   0: 3 0x80004650 (0x0000e817) x16 0x80012650
core   0: 0x80004654 (0x75f80813) addi    a6, a6, 1887
core   0: 3 0x80004654 (0x75f80813) x16 0x80012daf
core   0: 0x80004658 (0x0f444683) lbu     a3, 244(s0)
core   0: 3 0x80004658 (0x0f444683) x13 0x0000000a mem 0x80010ba3
core   0: 0x8000465c (0xf0384d03) lbu     s10, -253(a6)
core   0: 3 0x8000465c (0xf0384d03) x26 0x000000e6 mem 0x80012cb2
core   0: 0x80004660 (0x020402a3) sb      zero, 37(s0)
core   0: 3 0x80004660 (0x020402a3) mem 0x80010ad4 0x0
core   0: 0x80004664 (0xfbe44c03) lbu     s8, -66(s0)
core   0: 3 0x80004664 (0xfbe44c03) x24 0x000000e7 mem 0x80010a6d
core   0: 0x80004668 (0xffd42003) lw      zero, -3(s0)
core   0: 3 0x80004668 (0xffd42003) mem 0x80010aac
core   0: 0x8000466c (0x79884f83) lbu     t6, 1944(a6)
core   0: 3 0x8000466c (0x79884f83) x31 0x0000004b mem 0x80013547
core   0: 0x80004670 (0x07840d83) lb      s11, 120(s0)
core   0: 3 0x80004670 (0x07840d83) x27 0xffffff80 mem 0x80010b27
core   0: 0x80004674 (0x07f40223) sb      t6, 100(s0)
core   0: 3 0x80004674 (0x07f40223) mem 0x80010b13 0x4b
core   0: 0x80004678 (0xfb640f03) lb      t5, -74(s0)
core   0: 3 0x80004678 (0xfb640f03) x30 0xffffffdb mem 0x80010a65
core   0: 0x8000467c (0x9f180123) sb      a7, -1566(a6)
core   0: 3 0x8000467c (0x9f180123) mem 0x80012791 0x0
core   0: 0x80004680 (0x77185a03) lhu     s4, 1905(a6)
core   0: 3 0x80004680 (0x77185a03) x20 0x0000f3ad mem 0x80013520
core   0: 0x80004684 (0xee8815a3) sh      s0, -277(a6)
core   0: 3 0x80004684 (0xee8815a3) mem 0x80012c9a 0x0aaf
core   0: 0x80004688 (0x0c040123) sb      zero, 194(s0)
core   0: 3 0x80004688 (0x0c040123) mem 0x80010b71 0x0
core   0: 0x8000468c (0x46880823) sb      s0, 1136(a6)
core   0: 3 0x8000468c (0x46880823) mem 0x8001321f 0xaf
core   0: 0x80004690 (0xf9341d03) lh      s10, -109(s0)
core   0: 3 0x80004690 (0xf9341d03) x26 0xffffcce6 mem 0x80010a42
core   0: 0x80004694 (0x0202ae33) mulhsu  t3, t0, zero
core   0: 3 0x80004694 (0x0202ae33) x28 0x00000000
core   0: 0x80004698 (0x0000614d) c.addi16sp sp, 176
core   0: 3 0x80004698 (0x614d) x 2 0x7ffda312
core   0: 0x8000469a (0x00000001) c.nop
core   0: 3 0x8000469a (0x0001)
core   0: 0x8000469c (0x03077933) remu    s2, a4, a6
core   0: 3 0x8000469c (0x03077933) x18 0x7ffed250
core   0: 0x800046a0 (0x8522be13) sltiu   t3, t0, -1966
core   0: 3 0x800046a0 (0x8522be13) x28 0x00000001
core   0: 0x800046a4 (0x007aef63) bltu    s5, t2, pc + 30
core   0: 3 0x800046a4 (0x007aef63)
core   0: 0x800046a8 (0x035b49b3) div     s3, s6, s5
core   0: 3 0x800046a8 (0x035b49b3) x19 0x00000000
core   0: 0x800046ac (0x00009a7d) c.andi  a2, -1
core   0: 3 0x800046ac (0x9a7d) x12 0x00000001
core   0: 0x800046ae (0x0373f163) bgeu    t2, s7, pc + 34
core   0: 3 0x800046ae (0x0373f163)
core   0: 0x800046d0 (0x991b0013) addi    zero, s6, -1647
core   0: 3 0x800046d0 (0x991b0013)
core   0: 0x800046d4 (0x00008db5) c.xor   a1, a3
core   0: 3 0x800046d4 (0x8db5) x11 0x8f06e5e8
core   0: 0x800046d6 (0x00006c7d) c.lui   s8, 0x1f
core   0: 3 0x800046d6 (0x6c7d) x24 0x0001f000
core   0: 0x800046d8 (0x005eae33) slt     t3, t4, t0
core   0: 3 0x800046d8 (0x005eae33) x28 0x00000000
core   0: 0x800046dc (0x000055fd) c.li    a1, -1
core   0: 3 0x800046dc (0x55fd) x11 0xffffffff
core   0: 0x800046de (0x52957193) andi    gp, a0, 1321
core   0: 3 0x800046de (0x52957193) x 3 0x00000001
core   0: 0x800046e2 (0x009ce463) bltu    s9, s1, pc + 8
core   0: 3 0x800046e2 (0x009ce463)
core   0: 0x800046ea (0x013e73b3) and     t2, t3, s3
core   0: 3 0x800046ea (0x013e73b3) x 7 0x00000000
core   0: 0x800046ee (0x02e17933) remu    s2, sp, a4
core   0: 3 0x800046ee (0x02e17933) x18 0x7ffda312
core   0: 0x800046f2 (0x00bca4b3) slt     s1, s9, a1
core   0: 3 0x800046f2 (0x00bca4b3) x 9 0x00000000
core   0: 0x800046f6 (0x012e6a33) or      s4, t3, s2
core   0: 3 0x800046f6 (0x012e6a33) x20 0x7ffda312
core   0: 0x800046fa (0x02598963) beq     s3, t0, pc + 50
core   0: 3 0x800046fa (0x02598963)
core   0: 0x800046fe (0x40855713) srai    a4, a0, 8
core   0: 3 0x800046fe (0x40855713) x14 0x000fff0a
core   0: 0x80004702 (0x000082a1) c.srli  a3, 8
core   0: 3 0x80004702 (0x82a1) x13 0x00000000
core   0: 0x80004704 (0x41bbd333) sra     t1, s7, s11
core   0: 3 0x80004704 (0x41bbd333) x 6 0x7ffda19b
core   0: 0x80004708 (0x00006ff9) c.lui   t6, 0x1e
core   0: 3 0x80004708 (0x6ff9) x31 0x0001e000
core   0: 0x8000470a (0x00009b3a) c.add   s6, a4
core   0: 3 0x8000470a (0x9b3a) x22 0x00100040
core   0: 0x8000470c (0x00008f39) c.xor   a4, a4
core   0: 3 0x8000470c (0x8f39) x14 0x00000000
core   0: 0x8000470e (0x00000001) c.nop
core   0: 3 0x8000470e (0x0001)
core   0: 0x80004710 (0x63cb7813) andi    a6, s6, 1596
core   0: 3 0x80004710 (0x63cb7813) x16 0x00000000
core   0: 0x80004714 (0x000081ca) c.mv    gp, s2
core   0: 3 0x80004714 (0x81ca) x 3 0x7ffda312
core   0: 0x80004716 (0x0000c289) c.beqz  a3, pc + 2
core   0: 3 0x80004716 (0xc289)
core   0: 0x80004718 (0x0000100f) fence.i
core   0: 3 0x80004718 (0x0000100f)
core   0: 0x8000471c (0x02f7b3b3) mulhu   t2, a5, a5
core   0: 3 0x8000471c (0x02f7b3b3) x 7 0x40029cea
core   0: 0x80004720 (0x01971313) slli    t1, a4, 25
core   0: 3 0x80004720 (0x01971313) x 6 0x00000000
core   0: 0x80004724 (0x409b82b3) sub     t0, s7, s1
core   0: 3 0x80004724 (0x409b82b3) x 5 0x7ffda19b
core   0: 0x80004728 (0x85117d17) auipc   s10, 0x85117
core   0: 3 0x80004728 (0x85117d17) x26 0x0511b728
core   0: 0x8000472c (0xfdb63197) auipc   gp, 0xfdb63
core   0: 3 0x8000472c (0xfdb63197) x 3 0x7db6772c
core   0: 0x80004730 (0x050cde37) lui     t3, 0x50cd
core   0: 3 0x80004730 (0x050cde37) x28 0x050cd000
core   0: 0x80004734 (0x00cbd3b3) srl     t2, s7, a2
core   0: 3 0x80004734 (0x00cbd3b3) x 7 0x3ffed0cd
core   0: 0x80004738 (0x03c9e133) rem     sp, s3, t3
core   0: 3 0x80004738 (0x03c9e133) x 2 0x00000000
core   0: 0x8000473c (0x0000ea8d) c.bnez  a3, pc + 50
core   0: 3 0x8000473c (0xea8d)
core   0: 0x8000473e (0x00008d6d) c.and   a0, a1
core   0: 3 0x8000473e (0x8d6d) x10 0x0fff0a15
core   0: 0x80004740 (0x01c81d13) slli    s10, a6, 28
core   0: 3 0x80004740 (0x01c81d13) x26 0x00000000
core   0: 0x80004744 (0x0150de13) srli    t3, ra, 21
core   0: 3 0x80004744 (0x0150de13) x28 0x000007ff
core   0: 0x80004748 (0x00bc2db3) slt     s11, s8, a1
core   0: 3 0x80004748 (0x00bc2db3) x27 0x00000000
core   0: 0x8000474c (0x314a0293) addi    t0, s4, 788
core   0: 3 0x8000474c (0x314a0293) x 5 0x7ffda626
core   0: 0x80004750 (0xf4d30d93) addi    s11, t1, -179
core   0: 3 0x80004750 (0xf4d30d93) x27 0xffffff4d
core   0: 0x80004754 (0x0238a433) mulhsu  s0, a7, gp
core   0: 3 0x80004754 (0x0238a433) x 8 0x00000000
core   0: 0x80004758 (0x000095a2) c.add   a1, s0
core   0: 3 0x80004758 (0x95a2) x11 0xffffffff
core   0: 0x8000475a (0x000045e9) c.li    a1, 26
core   0: 3 0x8000475a (0x45e9) x11 0x0000001a
core   0: 0x8000475c (0x00008e11) c.sub   a2, a2
core   0: 3 0x8000475c (0x8e11) x12 0x00000000
core   0: 0x8000475e (0x01030933) add     s2, t1, a6
core   0: 3 0x8000475e (0x01030933) x18 0x00000000
core   0: 0x80004762 (0x00008f65) c.and   a4, s1
core   0: 3 0x80004762 (0x8f65) x14 0x00000000
core   0: 0x80004764 (0x4139d633) sra     a2, s3, s3
core   0: 3 0x80004764 (0x4139d633) x12 0x00000000
core   0: 0x80004768 (0x00000e36) c.slli  t3, 13
core   0: 3 0x80004768 (0x0e36) x28 0x00ffe000
core   0: 0x8000476a (0x00c31c13) slli    s8, t1, 12
core   0: 3 0x8000476a (0x00c31c13) x24 0x00000000
core   0: 0x8000476e (0x036acbb3) div     s7, s5, s6
core   0: 3 0x8000476e (0x036acbb3) x23 0xfffff801
core   0: 0x80004772 (0x00442333) slt     t1, s0, tp
core   0: 3 0x80004772 (0x00442333) x 6 0x00000001
core   0: 0x80004776 (0x00d75113) srli    sp, a4, 13
core   0: 3 0x80004776 (0x00d75113) x 2 0x00000000
core   0: 0x8000477a (0x00006a5d) c.lui   s4, 0x17
core   0: 3 0x8000477a (0x6a5d) x20 0x00017000
core   0: 0x8000477c (0x0000830e) c.mv    t1, gp
core   0: 3 0x8000477c (0x830e) x 6 0x7db6772c
core   0: 0x8000477e (0x034442b3) div     t0, s0, s4
core   0: 3 0x8000477e (0x034442b3) x 5 0x00000000
core   0: 0x80004782 (0x00000b1e) c.slli  s6, 7
core   0: 3 0x80004782 (0x0b1e) x22 0x08002000
core   0: 0x80004784 (0x0273c5b3) div     a1, t2, t2
core   0: 3 0x80004784 (0x0273c5b3) x11 0x00000001
core   0: 0x80004788 (0x00c7d213) srli    tp, a5, 12
core   0: 3 0x80004788 (0x00c7d213) x 4 0x00080029
core   0: 0x8000478c (0x00000001) c.nop
core   0: 3 0x8000478c (0x0001)
core   0: 0x8000478e (0x009a7a63) bgeu    s4, s1, pc + 20
core   0: 3 0x8000478e (0x009a7a63)
core   0: 0x800047a2 (0x0000100f) fence.i
core   0: 3 0x800047a2 (0x0000100f)
core   0: 0x800047a6 (0x03996733) rem     a4, s2, s9
core   0: 3 0x800047a6 (0x03996733) x14 0x00000000
core   0: 0x800047aa (0x033c6833) rem     a6, s8, s3
core   0: 3 0x800047aa (0x033c6833) x16 0x00000000
core   0: 0x800047ae (0x00008c15) c.sub   s0, a3
core   0: 3 0x800047ae (0x8c15) x 8 0x00000000
core   0: 0x800047b0 (0x01308eb3) add     t4, ra, s3
core   0: 3 0x800047b0 (0x01308eb3) x29 0xffffffff
core   0: 0x800047b4 (0x000089ed) c.andi  a1, 27
core   0: 3 0x800047b4 (0x89ed) x11 0x00000001
core   0: 0x800047b6 (0x00000001) c.nop
core   0: 3 0x800047b6 (0x0001)
core   0: 0x800047b8 (0x02a469b3) rem     s3, s0, a0
core   0: 3 0x800047b8 (0x02a469b3) x19 0x00000000
core   0: 0x800047bc (0x03013233) mulhu   tp, sp, a6
core   0: 3 0x800047bc (0x03013233) x 4 0x00000000
core   0: 0x800047c0 (0x037fe2b3) rem     t0, t6, s7
core   0: 3 0x800047c0 (0x037fe2b3) x 5 0x0000003c
core   0: 0x800047c4 (0x00f9a833) slt     a6, s3, a5
core   0: 3 0x800047c4 (0x00f9a833) x16 0x00000000
core   0: 0x800047c8 (0x00008ca1) c.xor   s1, s0
core   0: 3 0x800047c8 (0x8ca1) x 9 0x00000000
core   0: 0x800047ca (0x0276c533) div     a0, a3, t2
core   0: 3 0x800047ca (0x0276c533) x10 0x00000000
core   0: 0x800047ce (0x028b3a33) mulhu   s4, s6, s0
core   0: 3 0x800047ce (0x028b3a33) x20 0x00000000
core   0: 0x800047d2 (0xdf5d8f37) lui     t5, 0xdf5d8
core   0: 3 0x800047d2 (0xdf5d8f37) x30 0xdf5d8000
core   0: 0x800047d6 (0x00e0c633) xor     a2, ra, a4
core   0: 3 0x800047d6 (0x00e0c633) x12 0xffffffff
core   0: 0x800047da (0x41dd89b3) sub     s3, s11, t4
core   0: 3 0x800047da (0x41dd89b3) x19 0xffffff4e
core   0: 0x800047de (0x00006935) c.lui   s2, 0xd
core   0: 3 0x800047de (0x6935) x18 0x0000d000
core   0: 0x800047e0 (0x00000e22) c.slli  t3, 8
core   0: 3 0x800047e0 (0x0e22) x28 0xffe00000
core   0: 0x800047e2 (0x02d4ef63) bltu    s1, a3, pc + 62
core   0: 3 0x800047e2 (0x02d4ef63)
core   0: 0x800047e6 (0x02103433) mulhu   s0, zero, ra
core   0: 3 0x800047e6 (0x02103433) x 8 0x00000000
core   0: 0x800047ea (0x0ff0000f) fence   iorw,iorw
core   0: 3 0x800047ea (0x0ff0000f)
core   0: 0x800047ee (0x03f44db3) div     s11, s0, t6
core   0: 3 0x800047ee (0x03f44db3) x27 0x00000000
core   0: 0x800047f2 (0x00004fbd) c.li    t6, 15
core   0: 3 0x800047f2 (0x4fbd) x31 0x0000000f
core   0: 0x800047f4 (0x00000001) c.nop
core   0: 3 0x800047f4 (0x0001)
core   0: 0x800047f6 (0x00242c33) slt     s8, s0, sp
core   0: 3 0x800047f6 (0x00242c33) x24 0x00000000
core   0: 0x800047fa (0x0350acb3) mulhsu  s9, ra, s5
core   0: 3 0x800047fa (0x0350acb3) x25 0xffffffff
core   0: 0x800047fe (0x01bf4a63) blt     t5, s11, pc + 20
core   0: 3 0x800047fe (0x01bf4a63)
core   0: 0x80004812 (0x0289ef33) rem     t5, s3, s0
core   0: 3 0x80004812 (0x0289ef33) x30 0xffffff4e
core   0: 0x80004816 (0x00006159) c.addi16sp sp, 400
core   0: 3 0x80004816 (0x6159) x 2 0x00000190
core   0: 0x80004818 (0x0000100f) fence.i
core   0: 3 0x80004818 (0x0000100f)
core   0: 0x8000481c (0x012cfc63) bgeu    s9, s2, pc + 24
core   0: 3 0x8000481c (0x012cfc63)
core   0: 0x80004834 (0x00006671) c.lui   a2, 0x1c
core   0: 3 0x80004834 (0x6671) x12 0x0001c000
core   0: 0x80004836 (0x410ad6b3) sra     a3, s5, a6
core   0: 3 0x80004836 (0x410ad6b3) x13 0x80025e64
core   0: 0x8000483a (0x3a230637) lui     a2, 0x3a230
core   0: 3 0x8000483a (0x3a230637) x12 0x3a230000
core   0: 0x8000483e (0x01c5dd63) bge     a1, t3, pc + 26
core   0: 3 0x8000483e (0x01c5dd63)
core   0: 0x80004858 (0x01736c63) bltu    t1, s7, pc + 24
core   0: 3 0x80004858 (0x01736c63)
core   0: 0x80004870 (0x0000127d) c.addi  tp, -1
core   0: 3 0x80004870 (0x127d) x 4 0xffffffff
core   0: 0x80004872 (0x00001600) c.addi4spn s0, sp, 800
core   0: 3 0x80004872 (0x1600) x 8 0x000004b0
core   0: 0x80004874 (0x4ccdb693) sltiu   a3, s11, 1228
core   0: 3 0x80004874 (0x4ccdb693) x13 0x00000001
core   0: 0x80004878 (0x00000001) c.nop
core   0: 3 0x80004878 (0x0001)
core   0: 0x8000487a (0x022c0733) mul     a4, s8, sp
core   0: 3 0x8000487a (0x022c0733) x14 0x00000000
core   0: 0x8000487e (0x0000cf05) c.beqz  a4, pc + 56
core   0: 3 0x8000487e (0xcf05)
core   0: 0x800048b6 (0x0000100f) fence.i
core   0: 3 0x800048b6 (0x0000100f)
core   0: 0x800048ba (0x0000020a) c.slli  tp, 2
core   0: 3 0x800048ba (0x020a) x 4 0xfffffffc
core   0: 0x800048bc (0x02f01eb3) mulh    t4, zero, a5
core   0: 3 0x800048bc (0x02f01eb3) x29 0x00000000
core   0: 0x800048c0 (0x00008f3d) c.xor   a4, a5
core   0: 3 0x800048c0 (0x8f3d) x14 0x80029ce4
core   0: 0x800048c2 (0x0249e333) rem     t1, s3, tp
core   0: 3 0x800048c2 (0x0249e333) x 6 0xfffffffe
core   0: 0x800048c6 (0x00000905) c.addi  s2, 1
core   0: 3 0x800048c6 (0x0905) x18 0x0000d001
core   0: 0x800048c8 (0x03f93b33) mulhu   s6, s2, t6
core   0: 3 0x800048c8 (0x03f93b33) x22 0x00000000
core   0: 0x800048cc (0x02c97bb3) remu    s7, s2, a2
core   0: 3 0x800048cc (0x02c97bb3) x23 0x0000d001
core   0: 0x800048d0 (0x00000104) c.addi4spn s1, sp, 128
core   0: 3 0x800048d0 (0x0104) x 9 0x00000210
core   0: 0x800048d2 (0x02b93cb3) mulhu   s9, s2, a1
core   0: 3 0x800048d2 (0x02b93cb3) x25 0x00000000
core   0: 0x800048d6 (0x018bd1b3) srl     gp, s7, s8
core   0: 3 0x800048d6 (0x018bd1b3) x 3 0x0000d001
core   0: 0x800048da (0x02ec2b33) mulhsu  s6, s8, a4
core   0: 3 0x800048da (0x02ec2b33) x22 0x00000000
core   0: 0x800048de (0x00000001) c.nop
core   0: 3 0x800048de (0x0001)
core   0: 0x800048e0 (0x00000001) c.nop
core   0: 3 0x800048e0 (0x0001)
core   0: 0x800048e2 (0x2a8af817) auipc   a6, 0x2a8af
core   0: 3 0x800048e2 (0x2a8af817) x16 0xaa8b38e2
core   0: 0x800048e6 (0x00ed3b33) sltu    s6, s10, a4
core   0: 3 0x800048e6 (0x00ed3b33) x22 0x00000001
core   0: 0x800048ea (0x00000001) c.nop
core   0: 3 0x800048ea (0x0001)
core   0: 0x800048ec (0x02f35033) divu    zero, t1, a5
core   0: 3 0x800048ec (0x02f35033)
core   0: 0x800048f0 (0x01781e93) slli    t4, a6, 23
core   0: 3 0x800048f0 (0x01781e93) x29 0x71000000
core   0: 0x800048f4 (0x00008cc5) c.or    s1, s1
core   0: 3 0x800048f4 (0x8cc5) x 9 0x00000210
core   0: 0x800048f6 (0xea5a7297) auipc   t0, 0xea5a7
core   0: 3 0x800048f6 (0xea5a7297) x 5 0x6a5ab8f6
core   0: 0x800048fa (0x01723bb3) sltu    s7, tp, s7
core   0: 3 0x800048fa (0x01723bb3) x23 0x00000000
core   0: 0x800048fe (0x0015d6b3) srl     a3, a1, ra
core   0: 3 0x800048fe (0x0015d6b3) x13 0x00000000
core   0: 0x80004902 (0x4037db13) srai    s6, a5, 3
core   0: 3 0x80004902 (0x4037db13) x22 0xf000539c
core   0: 0x80004906 (0x03af0233) mul     tp, t5, s10
core   0: 3 0x80004906 (0x03af0233) x 4 0x00000000
core   0: 0x8000490a (0x02df6e63) bltu    t5, a3, pc + 60
core   0: 3 0x8000490a (0x02df6e63)
core   0: 0x8000490e (0x01ea1993) slli    s3, s4, 30
core   0: 3 0x8000490e (0x01ea1993) x19 0x00000000
core   0: 0x80004912 (0x004af433) and     s0, s5, tp
core   0: 3 0x80004912 (0x004af433) x 8 0x00000000
core   0: 0x80004916 (0xc69aed13) ori     s10, s5, -919
core   0: 3 0x80004916 (0xc69aed13) x26 0xfffffe6d
core   0: 0x8000491a (0x016f6433) or      s0, t5, s6
core   0: 3 0x8000491a (0x016f6433) x 8 0xffffffde
core   0: 0x8000491e (0xd773ec13) ori     s8, t2, -649
core   0: 3 0x8000491e (0xd773ec13) x24 0xfffffdff
core   0: 0x80004922 (0x0ff0000f) fence   iorw,iorw
core   0: 3 0x80004922 (0x0ff0000f)
core   0: 0x80004926 (0x00b06133) or      sp, zero, a1
core   0: 3 0x80004926 (0x00b06133) x 2 0x00000001
core   0: 0x8000492a (0x00000496) c.slli  s1, 5
core   0: 3 0x8000492a (0x0496) x 9 0x00004200
core   0: 0x8000492c (0x00008189) c.srli  a1, 2
core   0: 3 0x8000492c (0x8189) x11 0x00000000
core   0: 0x8000492e (0x00199963) bne     s3, ra, pc + 18
core   0: 3 0x8000492e (0x00199963)
core   0: 0x80004940 (0x0ff0000f) fence   iorw,iorw
core   0: 3 0x80004940 (0x0ff0000f)
core   0: 0x80004944 (0x0000447d) c.li    s0, 31
core   0: 3 0x80004944 (0x447d) x 8 0x0000001f
core   0: 0x80004946 (0xb87b5cb7) lui     s9, 0xb87b5
core   0: 3 0x80004946 (0xb87b5cb7) x25 0xb87b5000
core   0: 0x8000494a (0x00008f51) c.or    a4, a2
core   0: 3 0x8000494a (0x8f51) x14 0xba239ce4
core   0: 0x8000494c (0x01c250b3) srl     ra, tp, t3
core   0: 3 0x8000494c (0x01c250b3) x 1 0x00000000
core   0: 0x80004950 (0x000046ed) c.li    a3, 27
core   0: 3 0x80004950 (0x46ed) x13 0x0000001b
core   0: 0x80004952 (0x98d62113) slti    sp, a2, -1651
core   0: 3 0x80004952 (0x98d62113) x 2 0x00000000
core   0: 0x80004956 (0x00786d33) or      s10, a6, t2
core   0: 3 0x80004956 (0x00786d33) x26 0xbffff8ef
core   0: 0x8000495a (0x6caa13b7) lui     t2, 0x6caa1
core   0: 3 0x8000495a (0x6caa13b7) x 7 0x6caa1000
core   0: 0x8000495e (0x00009a46) c.add   s4, a7
core   0: 3 0x8000495e (0x9a46) x20 0x00000000
core   0: 0x80004960 (0x4149d413) srai    s0, s3, 20
core   0: 3 0x80004960 (0x4149d413) x 8 0x00000000
core   0: 0x80004964 (0x00000b4d) c.addi  s6, 19
core   0: 3 0x80004964 (0x0b4d) x22 0xf00053af
core   0: 0x80004966 (0x00000001) c.nop
core   0: 3 0x80004966 (0x0001)
core   0: 0x80004968 (0x00008e61) c.and   a2, s0
core   0: 3 0x80004968 (0x8e61) x12 0x00000000
core   0: 0x8000496a (0x01429d63) bne     t0, s4, pc + 26
core   0: 3 0x8000496a (0x01429d63)
core   0: 0x80004984 (0x01ba93b3) sll     t2, s5, s11
core   0: 3 0x80004984 (0x01ba93b3) x 7 0x80025e64
core   0: 0x80004988 (0x78f9f093) andi    ra, s3, 1935
core   0: 3 0x80004988 (0x78f9f093) x 1 0x00000000
core   0: 0x8000498c (0x8f1c6713) ori     a4, s8, -1807
core   0: 3 0x8000498c (0x8f1c6713) x14 0xfffffdff
core   0: 0x80004990 (0x032ba533) mulhsu  a0, s7, s2
core   0: 3 0x80004990 (0x032ba533) x10 0x00000000
core   0: 0x80004994 (0x00008dd5) c.or    a1, a3
core   0: 3 0x80004994 (0x8dd5) x11 0x0000001b
core   0: 0x80004996 (0x00000f00) c.addi4spn s0, sp, 912
core   0: 3 0x80004996 (0x0f00) x 8 0x00000390
core   0: 0x80004998 (0x00008b61) c.andi  a4, 24
core   0: 3 0x80004998 (0x8b61) x14 0x00000018
core   0: 0x8000499a (0x0000883d) c.andi  s0, 15
core   0: 3 0x8000499a (0x883d) x 8 0x00000000
core   0: 0x8000499c (0x00bbc833) xor     a6, s7, a1
core   0: 3 0x8000499c (0x00bbc833) x16 0x0000001b
core   0: 0x800049a0 (0x00001d7d) c.addi  s10, -1
core   0: 3 0x800049a0 (0x1d7d) x26 0xbffff8ee
core   0: 0x800049a2 (0x4105dc93) srai    s9, a1, 16
core   0: 3 0x800049a2 (0x4105dc93) x25 0x00000000
core   0: 0x800049a6 (0x0000807d) c.srli  s0, 31
core   0: 3 0x800049a6 (0x807d) x 8 0x00000000
core   0: 0x800049a8 (0x07fccd63) blt     s9, t6, pc + 122
core   0: 3 0x800049a8 (0x07fccd63)
core   0: 0x80004a22 (0x2a447193) andi    gp, s0, 676
core   0: 3 0x80004a22 (0x2a447193) x 3 0x00000000
core   0: 0x80004a26 (0x030e1d63) bne     t3, a6, pc + 58
core   0: 3 0x80004a26 (0x030e1d63)
core   0: 0x80004a60 (0x01135013) srli    zero, t1, 17
core   0: 3 0x80004a60 (0x01135013)
core   0: 0x80004a64 (0x00006a05) c.lui   s4, 0x1
core   0: 3 0x80004a64 (0x6a05) x20 0x00001000
core   0: 0x80004a66 (0x00006969) c.lui   s2, 0x1a
core   0: 3 0x80004a66 (0x6969) x18 0x0001a000
core   0: 0x80004a68 (0x01b301b3) add     gp, t1, s11
core   0: 3 0x80004a68 (0x01b301b3) x 3 0xfffffffe
core   0: 0x80004a6c (0x0335df63) bge     a1, s3, pc + 62
core   0: 3 0x80004a6c (0x0335df63)
core   0: 0x80004aaa (0x000090f6) c.add   ra, t4
core   0: 3 0x80004aaa (0x90f6) x 1 0x71000000
core   0: 0x80004aac (0x412ddb33) sra     s6, s11, s2
core   0: 3 0x80004aac (0x412ddb33) x22 0x00000000
core   0: 0x80004ab0 (0x68c42937) lui     s2, 0x68c42
core   0: 3 0x80004ab0 (0x68c42937) x18 0x68c42000
core   0: 0x80004ab4 (0x03738a33) mul     s4, t2, s7
core   0: 3 0x80004ab4 (0x03738a33) x20 0x00000000
core   0: 0x80004ab8 (0x01158e33) add     t3, a1, a7
core   0: 3 0x80004ab8 (0x01158e33) x28 0x0000001b
core   0: 0x80004abc (0x022e6933) rem     s2, t3, sp
core   0: 3 0x80004abc (0x022e6933) x18 0x0000001b
core   0: 0x80004ac0 (0x0b2a6e13) ori     t3, s4, 178
core   0: 3 0x80004ac0 (0x0b2a6e13) x28 0x000000b2
core   0: 0x80004ac4 (0x02da1733) mulh    a4, s4, a3
core   0: 3 0x80004ac4 (0x02da1733) x14 0x00000000
core   0: 0x80004ac8 (0x000086da) c.mv    a3, s6
core   0: 3 0x80004ac8 (0x86da) x13 0x00000000
core   0: 0x80004aca (0x0335ed33) rem     s10, a1, s3
core   0: 3 0x80004aca (0x0335ed33) x26 0x0000001b
core   0: 0x80004ace (0x02171833) mulh    a6, a4, ra
core   0: 3 0x80004ace (0x02171833) x16 0x00000000
core   0: 0x80004ad2 (0x03c37663) bgeu    t1, t3, pc + 44
core   0: 3 0x80004ad2 (0x03c37663)
core   0: 0x80004afe (0x00d21933) sll     s2, tp, a3
core   0: 3 0x80004afe (0x00d21933) x18 0x00000000
core   0: 0x80004b02 (0x00008cf5) c.and   s1, a3
core   0: 3 0x80004b02 (0x8cf5) x 9 0x00000000
core   0: 0x80004b04 (0xbe03af93) slti    t6, t2, -1056
core   0: 3 0x80004b04 (0xbe03af93) x31 0x00000001
core   0: 0x80004b08 (0x0247f133) remu    sp, a5, tp
core   0: 3 0x80004b08 (0x0247f133) x 2 0x80029ce4
core   0: 0x80004b0c (0x005fcd63) blt     t6, t0, pc + 26
core   0: 3 0x80004b0c (0x005fcd63)
core   0: 0x80004b26 (0x00008f39) c.xor   a4, a4
core   0: 3 0x80004b26 (0x8f39) x14 0x00000000
core   0: 0x80004b28 (0x78804c13) xori    s8, zero, 1928
core   0: 3 0x80004b28 (0x78804c13) x24 0x00000788
core   0: 0x80004b2c (0x03e1f063) bgeu    gp, t5, pc + 32
core   0: 3 0x80004b2c (0x03e1f063)
core   0: 0x80004b4c (0x00b71393) slli    t2, a4, 11
core   0: 3 0x80004b4c (0x00b71393) x 7 0x00000000
core   0: 0x80004b50 (0x02d2f233) remu    tp, t0, a3
core   0: 3 0x80004b50 (0x02d2f233) x 4 0x6a5ab8f6
core   0: 0x80004b54 (0x0000ce81) c.beqz  a3, pc + 24
core   0: 3 0x80004b54 (0xce81)
core   0: 0x80004b6c (0x00e5ee33) or      t3, a1, a4
core   0: 3 0x80004b6c (0x00e5ee33) x28 0x0000001b
core   0: 0x80004b70 (0x0297c233) div     tp, a5, s1
core   0: 3 0x80004b70 (0x0297c233) x 4 0xffffffff
core   0: 0x80004b74 (0x94d5f113) andi    sp, a1, -1715
core   0: 3 0x80004b74 (0x94d5f113) x 2 0x00000009
core   0: 0x80004b78 (0x0008e713) ori     a4, a7, 0
core   0: 3 0x80004b78 (0x0008e713) x14 0x00000000
core   0: 0x80004b7c (0x000081c5) c.srli  a1, 17
core   0: 3 0x80004b7c (0x81c5) x11 0x00000000
core   0: 0x80004b7e (0x001e8b63) beq     t4, ra, pc + 22
core   0: 3 0x80004b7e (0x001e8b63)
core   0: 0x80004b94 (0x00ae7d63) bgeu    t3, a0, pc + 26
core   0: 3 0x80004b94 (0x00ae7d63)
core   0: 0x80004bae (0x009336b3) sltu    a3, t1, s1
core   0: 3 0x80004bae (0x009336b3) x13 0x00000000
core   0: 0x80004bb2 (0x4150d993) srai    s3, ra, 21
core   0: 3 0x80004bb2 (0x4150d993) x19 0x00000388
core   0: 0x80004bb6 (0x02319733) mulh    a4, gp, gp
core   0: 3 0x80004bb6 (0x02319733) x14 0x00000000
core   0: 0x80004bba (0x00008e0d) c.sub   a2, a1
core   0: 3 0x80004bba (0x8e0d) x12 0x00000000
core   0: 0x80004bbc (0xaf2c7437) lui     s0, 0xaf2c7
core   0: 3 0x80004bbc (0xaf2c7437) x 8 0xaf2c7000
core   0: 0x80004bc0 (0x00008759) c.srai  a4, 22
core   0: 3 0x80004bc0 (0x8759) x14 0x00000000
core   0: 0x80004bc2 (0x411adc93) srai    s9, s5, 17
core   0: 3 0x80004bc2 (0x411adc93) x25 0xffffc001
core   0: 0x80004bc6 (0x038a5b33) divu    s6, s4, s8
core   0: 3 0x80004bc6 (0x038a5b33) x22 0x00000000
core   0: 0x80004bca (0x00449a33) sll     s4, s1, tp
core   0: 3 0x80004bca (0x00449a33) x20 0x00000000
core   0: 0x80004bce (0x025155b3) divu    a1, sp, t0
core   0: 3 0x80004bce (0x025155b3) x11 0x00000000
core   0: 0x80004bd2 (0x00006185) c.lui   gp, 0x1
core   0: 3 0x80004bd2 (0x6185) x 3 0x00001000
core   0: 0x80004bd4 (0x00008d41) c.or    a0, s0
core   0: 3 0x80004bd4 (0x8d41) x10 0xaf2c7000
core   0: 0x80004bd6 (0x02bb8763) beq     s7, a1, pc + 46
core   0: 3 0x80004bd6 (0x02bb8763)
core   0: 0x80004c04 (0x01834a33) xor     s4, t1, s8
core   0: 3 0x80004c04 (0x01834a33) x20 0xfffff876
core   0: 0x80004c08 (0x00000d14) c.addi4spn a3, sp, 656
core   0: 3 0x80004c08 (0x0d14) x13 0x00000299
core   0: 0x80004c0a (0x01a48833) add     a6, s1, s10
core   0: 3 0x80004c0a (0x01a48833) x16 0x0000001b
core   0: 0x80004c0e (0x41ac5013) srai    zero, s8, 26
core   0: 3 0x80004c0e (0x41ac5013)
core   0: 0x80004c12 (0x00273fb3) sltu    t6, a4, sp
core   0: 3 0x80004c12 (0x00273fb3) x31 0x00000001
core   0: 0x80004c16 (0x00e04233) xor     tp, zero, a4
core   0: 3 0x80004c16 (0x00e04233) x 4 0x00000000
core   0: 0x80004c1a (0x0ff0000f) fence   iorw,iorw
core   0: 3 0x80004c1a (0x0ff0000f)
core   0: 0x80004c1e (0x00008cf1) c.and   s1, a2
core   0: 3 0x80004c1e (0x8cf1) x 9 0x00000000
core   0: 0x80004c20 (0x00008c19) c.sub   s0, a4
core   0: 3 0x80004c20 (0x8c19) x 8 0xaf2c7000
core   0: 0x80004c22 (0x0000100f) fence.i
core   0: 3 0x80004c22 (0x0000100f)
core   0: 0x80004c26 (0x039182b3) mul     t0, gp, s9
core   0: 3 0x80004c26 (0x039182b3) x 5 0xfc001000
core   0: 0x80004c2a (0x02f54a33) div     s4, a0, a5
core   0: 3 0x80004c2a (0x02f54a33) x20 0x00000000
core   0: 0x80004c2e (0x1b6f8613) addi    a2, t6, 438
core   0: 3 0x80004c2e (0x1b6f8613) x12 0x000001b7
core   0: 0x80004c32 (0x01bdbe33) sltu    t3, s11, s11
core   0: 3 0x80004c32 (0x01bdbe33) x28 0x00000000
core   0: 0x80004c36 (0x01b1d713) srli    a4, gp, 27
core   0: 3 0x80004c36 (0x01b1d713) x14 0x00000000
core   0: 0x80004c3a (0x7aae8d13) addi    s10, t4, 1962
core   0: 3 0x80004c3a (0x7aae8d13) x26 0x710007aa
core   0: 0x80004c3e (0x00008c01) c.sub   s0, s0
core   0: 3 0x80004c3e (0x8c01) x 8 0x00000000
core   0: 0x80004c40 (0xa9546913) ori     s2, s0, -1387
core   0: 3 0x80004c40 (0xa9546913) x18 0xfffffa95
core   0: 0x80004c44 (0x0000197d) c.addi  s2, -1
core   0: 3 0x80004c44 (0x197d) x18 0xfffffa94
core   0: 0x80004c46 (0x03b7c763) blt     a5, s11, pc + 46
core   0: 3 0x80004c46 (0x03b7c763)
core   0: 0x80004c74 (0xd1980f13) addi    t5, a6, -743
core   0: 3 0x80004c74 (0xd1980f13) x30 0xfffffd34
core   0: 0x80004c78 (0x0ff0000f) fence   iorw,iorw
core   0: 3 0x80004c78 (0x0ff0000f)
core   0: 0x80004c7c (0x0332bcb3) mulhu   s9, t0, s3
core   0: 3 0x80004c7c (0x0332bcb3) x25 0x00000379
core   0: 0x80004c80 (0x0312f2b3) remu    t0, t0, a7
core   0: 3 0x80004c80 (0x0312f2b3) x 5 0xfc001000
core   0: 0x80004c84 (0x033fe5b3) rem     a1, t6, s3
core   0: 3 0x80004c84 (0x033fe5b3) x11 0x00000001
core   0: 0x80004c88 (0x00017197) auipc   gp, 0x17
core   0: 3 0x80004c88 (0x00017197) x 3 0x8001bc88
core   0: 0x80004c8c (0x0e618193) addi    gp, gp, 230
core   0: 3 0x80004c8c (0x0e618193) x 3 0x8001bd6e
core   0: 0x80004c90 (0x036f92b3) mulh    t0, t6, s6
core   0: 3 0x80004c90 (0x036f92b3) x 5 0x00000000
core   0: 0x80004c94 (0x013180a3) sb      s3, 1(gp)
core   0: 3 0x80004c94 (0x013180a3) mem 0x8001bd6f 0x88
core   0: 0x80004c98 (0x0081d303) lhu     t1, 8(gp)
core   0: 3 0x80004c98 (0x0081d303) x 6 0x0000b23f mem 0x8001bd76
core   0: 0x80004c9c (0x00a18023) sb      a0, 0(gp)
core   0: 3 0x80004c9c (0x00a18023) mem 0x8001bd6e 0x0
core   0: 0x80004ca0 (0x00000001) c.nop
core   0: 3 0x80004ca0 (0x0001)
core   0: 0x80004ca2 (0x00004eb1) c.li    t4, 12
core   0: 3 0x80004ca2 (0x4eb1) x29 0x0000000c
core   0: 0x80004ca4 (0x0031c103) lbu     sp, 3(gp)
core   0: 3 0x80004ca4 (0x0031c103) x 2 0x000000fb mem 0x8001bd71
core   0: 0x80004ca8 (0x01919523) sh      s9, 10(gp)
core   0: 3 0x80004ca8 (0x01919523) mem 0x8001bd78 0x0379
core   0: 0x80004cac (0x00118483) lb      s1, 1(gp)
core   0: 3 0x80004cac (0x00118483) x 9 0xffffff88 mem 0x8001bd6f
core   0: 0x80004cb0 (0x0310f0b3) remu    ra, ra, a7
core   0: 3 0x80004cb0 (0x0310f0b3) x 1 0x71000000
core   0: 0x80004cb4 (0xffd1ce83) lbu     t4, -3(gp)
core   0: 3 0x80004cb4 (0xffd1ce83) x29 0x0000005c mem 0x8001bd6b
core   0: 0x80004cb8 (0x02fe43b3) div     t2, t3, a5
core   0: 3 0x80004cb8 (0x02fe43b3) x 7 0x00000000
core   0: 0x80004cbc (0x01313333) sltu    t1, sp, s3
core   0: 3 0x80004cbc (0x01313333) x 6 0x00000001
core   0: 0x80004cc0 (0x000085a5) c.srai  a1, 9
core   0: 3 0x80004cc0 (0x85a5) x11 0x00000000
core   0: 0x80004cc2 (0xfe218823) sb      sp, -16(gp)
core   0: 3 0x80004cc2 (0xfe218823) mem 0x8001bd5e 0xfb
core   0: 0x80004cc6 (0x01119123) sh      a7, 2(gp)
core   0: 3 0x80004cc6 (0x01119123) mem 0x8001bd70 0x0000
core   0: 0x80004cca (0xec207f93) andi    t6, zero, -318
core   0: 3 0x80004cca (0xec207f93) x31 0x00000000
core   0: 0x80004cce (0x000040a1) c.li    ra, 8
core   0: 3 0x80004cce (0x40a1) x 1 0x00000008
core   0: 0x80004cd0 (0x009705b3) add     a1, a4, s1
core   0: 3 0x80004cd0 (0x009705b3) x11 0xffffff88
core   0: 0x80004cd4 (0x25e2a393) slti    t2, t0, 606
core   0: 3 0x80004cd4 (0x25e2a393) x 7 0x00000001
core   0: 0x80004cd8 (0xff818983) lb      s3, -8(gp)
core   0: 3 0x80004cd8 (0xff818983) x19 0xffffffb3 mem 0x8001bd66
core   0: 0x80004cdc (0x00b182a3) sb      a1, 5(gp)
core   0: 3 0x80004cdc (0x00b182a3) mem 0x8001bd73 0x88
core   0: 0x80004ce0 (0xa7164113) xori    sp, a2, -1423
core   0: 3 0x80004ce0 (0xa7164113) x 2 0xfffffbc6
core   0: 0x80004ce4 (0x00009e8a) c.add   t4, sp
core   0: 3 0x80004ce4 (0x9e8a) x29 0xfffffc22
core   0: 0x80004ce6 (0x000060f9) c.lui   ra, 0x1e
core   0: 3 0x80004ce6 (0x60f9) x 1 0x0001e000
core   0: 0x80004ce8 (0x00918303) lb      t1, 9(gp)
core   0: 3 0x80004ce8 (0x00918303) x 6 0xffffffb2 mem 0x8001bd77
core   0: 0x80004cec (0x00000001) c.nop
core   0: 3 0x80004cec (0x0001)
core   0: 0x80004cee (0x0181e633) or      a2, gp, s8
core   0: 3 0x80004cee (0x0181e633) x12 0x8001bfee
core   0: 0x80004cf2 (0x006d6fb3) or      t6, s10, t1
core   0: 3 0x80004cf2 (0x006d6fb3) x31 0xffffffba
core   0: 0x80004cf6 (0x00006149) c.addi16sp sp, 144
core   0: 3 0x80004cf6 (0x6149) x 2 0xfffffc56
core   0: 0x80004cf8 (0x0051c703) lbu     a4, 5(gp)
core   0: 3 0x80004cf8 (0x0051c703) x14 0x00000088 mem 0x8001bd73
core   0: 0x80004cfc (0x00a19583) lh      a1, 10(gp)
core   0: 3 0x80004cfc (0x00a19583) x11 0x00000379 mem 0x8001bd78
core   0: 0x80004d00 (0x03a7f633) remu    a2, a5, s10
core   0: 3 0x80004d00 (0x03a7f633) x12 0x0f02953a
core   0: 0x80004d04 (0x01ac5033) srl     zero, s8, s10
core   0: 3 0x80004d04 (0x01ac5033)
core   0: 0x80004d08 (0x00008809) c.andi  s0, 2
core   0: 3 0x80004d08 (0x8809) x 8 0x00000000
core   0: 0x80004d0a (0x00006be9) c.lui   s7, 0x1a
core   0: 3 0x80004d0a (0x6be9) x23 0x0001a000
core   0: 0x80004d0c (0x00006149) c.addi16sp sp, 144
core   0: 3 0x80004d0c (0x6149) x 2 0xfffffce6
core   0: 0x80004d0e (0x00000001) c.nop
core   0: 3 0x80004d0e (0x0001)
core   0: 0x80004d10 (0x41e1d193) srai    gp, gp, 30
core   0: 3 0x80004d10 (0x41e1d193) x 3 0xfffffffe
core   0: 0x80004d14 (0x028e9533) mulh    a0, t4, s0
core   0: 3 0x80004d14 (0x028e9533) x10 0x00000000
core   0: 0x80004d18 (0x01a70a33) add     s4, a4, s10
core   0: 3 0x80004d18 (0x01a70a33) x20 0x71000832
core   0: 0x80004d1c (0x00008cb9) c.xor   s1, a4
core   0: 3 0x80004d1c (0x8cb9) x 9 0xffffff00
core   0: 0x80004d1e (0x01bcd513) srli    a0, s9, 27
core   0: 3 0x80004d1e (0x01bcd513) x10 0x00000000
core   0: 0x80004d22 (0x00000001) c.nop
core   0: 3 0x80004d22 (0x0001)
core   0: 0x80004d24 (0x000081ed) c.srli  a1, 27
core   0: 3 0x80004d24 (0x81ed) x11 0x00000000
core   0: 0x80004d26 (0x0000e715) c.bnez  a4, pc + 44
core   0: 3 0x80004d26 (0xe715)
core   0: 0x80004d52 (0x00008b4d) c.andi  a4, 19
core   0: 3 0x80004d52 (0x8b4d) x14 0x00000000
core   0: 0x80004d54 (0x03e463b3) rem     t2, s0, t5
core   0: 3 0x80004d54 (0x03e463b3) x 7 0x00000000
core   0: 0x80004d58 (0x036794b3) mulh    s1, a5, s6
core   0: 3 0x80004d58 (0x036794b3) x 9 0x00000000
core   0: 0x80004d5c (0x039ffa33) remu    s4, t6, s9
core   0: 3 0x80004d5c (0x039ffa33) x20 0x000000c8
core   0: 0x80004d60 (0x02691b33) mulh    s6, s2, t1
core   0: 3 0x80004d60 (0x02691b33) x22 0x00000000
core   0: 0x80004d64 (0x00008cf6) c.mv    s9, t4
core   0: 3 0x80004d64 (0x8cf6) x25 0xfffffc22
core   0: 0x80004d66 (0x4536cf93) xori    t6, a3, 1107
core   0: 3 0x80004d66 (0x4536cf93) x31 0x000006ca
core   0: 0x80004d6a (0x02e455b3) divu    a1, s0, a4
core   0: 3 0x80004d6a (0x02e455b3) x11 0xffffffff
core   0: 0x80004d6e (0x419a54b3) sra     s1, s4, s9
core   0: 3 0x80004d6e (0x419a54b3) x 9 0x00000032
core   0: 0x80004d72 (0x00006f2d) c.lui   t5, 0xb
core   0: 3 0x80004d72 (0x6f2d) x30 0x0000b000
core   0: 0x80004d74 (0x00000ce2) c.slli  s9, 24
core   0: 3 0x80004d74 (0x0ce2) x25 0x22000000
core   0: 0x80004d76 (0x02205363) bge     zero, sp, pc + 38
core   0: 3 0x80004d76 (0x02205363)
core   0: 0x80004d9c (0x029ee663) bltu    t4, s1, pc + 44
core   0: 3 0x80004d9c (0x029ee663)
core   0: 0x80004da0 (0x03a26bb3) rem     s7, tp, s10
core   0: 3 0x80004da0 (0x03a26bb3) x23 0x00000000
core   0: 0x80004da4 (0x00008d05) c.sub   a0, s1
core   0: 3 0x80004da4 (0x8d05) x10 0xffffffce
core   0: 0x80004da6 (0x00008e69) c.and   a2, a0
core   0: 3 0x80004da6 (0x8e69) x12 0x0f02950a
core   0: 0x80004da8 (0x00000e56) c.slli  t3, 21
core   0: 3 0x80004da8 (0x0e56) x28 0x00000000
core   0: 0x80004daa (0x4ac5ef93) ori     t6, a1, 1196
core   0: 3 0x80004daa (0x4ac5ef93) x31 0xffffffff
core   0: 0x80004dae (0x043ec063) blt     t4, gp, pc + 64
core   0: 3 0x80004dae (0x043ec063)
core   0: 0x80004dee (0x00484233) xor     tp, a6, tp
core   0: 3 0x80004dee (0x00484233) x 4 0x0000001b
core   0: 0x80004df2 (0x01715d33) srl     s10, sp, s7
core   0: 3 0x80004df2 (0x01715d33) x26 0xfffffce6
core   0: 0x80004df6 (0x00dc23b3) slt     t2, s8, a3
core   0: 3 0x80004df6 (0x00dc23b3) x 7 0x00000000
core   0: 0x80004dfa (0x00000001) c.nop
core   0: 3 0x80004dfa (0x0001)
core   0: 0x80004dfc (0x01fdde13) srli    t3, s11, 31
core   0: 3 0x80004dfc (0x01fdde13) x28 0x00000000
core   0: 0x80004e00 (0x01e88d63) beq     a7, t5, pc + 26
core   0: 3 0x80004e00 (0x01e88d63)
core   0: 0x80004e04 (0x002b9833) sll     a6, s7, sp
core   0: 3 0x80004e04 (0x002b9833) x16 0x00000000
core   0: 0x80004e08 (0x05818063) beq     gp, s8, pc + 64
core   0: 3 0x80004e08 (0x05818063)
core   0: 0x80004e0c (0x02d962b3) rem     t0, s2, a3
core   0: 3 0x80004e0c (0x02d962b3) x 5 0xffffffc6
core   0: 0x80004e10 (0x00008f35) c.xor   a4, a3
core   0: 3 0x80004e10 (0x8f35) x14 0x00000299
core   0: 0x80004e12 (0x16539fb7) lui     t6, 0x16539
core   0: 3 0x80004e12 (0x16539fb7) x31 0x16539000
core   0: 0x80004e16 (0x40730a33) sub     s4, t1, t2
core   0: 3 0x80004e16 (0x40730a33) x20 0xffffffb2
core   0: 0x80004e1a (0x006f1633) sll     a2, t5, t1
core   0: 3 0x80004e1a (0x006f1633) x12 0xc0000000
core   0: 0x80004e1e (0x02336e63) bltu    t1, gp, pc + 60
core   0: 3 0x80004e1e (0x02336e63)
core   0: 0x80004e5a (0x03f64f63) blt     a2, t6, pc + 62
core   0: 3 0x80004e5a (0x03f64f63)
core   0: 0x80004e98 (0x00008c45) c.or    s0, s1
core   0: 3 0x80004e98 (0x8c45) x 8 0x00000032
core   0: 0x80004e9a (0x018e7f33) and     t5, t3, s8
core   0: 3 0x80004e9a (0x018e7f33) x30 0x00000000
core   0: 0x80004e9e (0x3267b393) sltiu   t2, a5, 806
core   0: 3 0x80004e9e (0x3267b393) x 7 0x00000000
core   0: 0x80004ea2 (0x0000100f) fence.i
core   0: 3 0x80004ea2 (0x0000100f)
core   0: 0x80004ea6 (0x00000149) c.addi  sp, 18
core   0: 3 0x80004ea6 (0x0149) x 2 0xfffffcf8
core   0: 0x80004ea8 (0x0052da63) bge     t0, t0, pc + 20
core   0: 3 0x80004ea8 (0x0052da63)
core   0: 0x80004ebc (0x0202ac33) mulhsu  s8, t0, zero
core   0: 3 0x80004ebc (0x0202ac33) x24 0x00000000
core   0: 0x80004ec0 (0x02f9c763) blt     s3, a5, pc + 46
core   0: 3 0x80004ec0 (0x02f9c763)
core   0: 0x80004ec4 (0x00009f86) c.add   t6, ra
core   0: 3 0x80004ec4 (0x9f86) x31 0x16557000
core   0: 0x80004ec6 (0x03a5fe63) bgeu    a1, s10, pc + 60
core   0: 3 0x80004ec6 (0x03a5fe63)
core   0: 0x80004f02 (0x00006c79) c.lui   s8, 0x1e
core   0: 3 0x80004f02 (0x6c79) x24 0x0001e000
core   0: 0x80004f04 (0x0000edbd) c.bnez  a1, pc + 126
core   0: 3 0x80004f04 (0xedbd)
core   0: 0x80004f82 (0x00008615) c.srai  a2, 5
core   0: 3 0x80004f82 (0x8615) x12 0xfe000000
core   0: 0x80004f84 (0xd22a2493) slti    s1, s4, -734
core   0: 3 0x80004f84 (0xd22a2493) x 9 0x00000000
core   0: 0x80004f88 (0x00008d09) c.sub   a0, a0
core   0: 3 0x80004f88 (0x8d09) x10 0x00000000
core   0: 0x80004f8a (0x03b3c633) div     a2, t2, s11
core   0: 3 0x80004f8a (0x03b3c633) x12 0xffffffff
core   0: 0x80004f8e (0xeb81ef93) ori     t6, gp, -328
core   0: 3 0x80004f8e (0xeb81ef93) x31 0xfffffffe
core   0: 0x80004f92 (0x029d5e63) bge     s10, s1, pc + 60
core   0: 3 0x80004f92 (0x029d5e63)
core   0: 0x80004f96 (0x00008d29) c.xor   a0, a0
core   0: 3 0x80004f96 (0x8d29) x10 0x00000000
core   0: 0x80004f98 (0x00000001) c.nop
core   0: 3 0x80004f98 (0x0001)
core   0: 0x80004f9a (0xf8947637) lui     a2, 0xf8947
core   0: 3 0x80004f9a (0xf8947637) x12 0xf8947000
core   0: 0x80004f9e (0x6e80b593) sltiu   a1, ra, 1768
core   0: 3 0x80004f9e (0x6e80b593) x11 0x00000000
core   0: 0x80004fa2 (0x40eedf33) sra     t5, t4, a4
core   0: 3 0x80004fa2 (0x40eedf33) x30 0xffffffff
core   0: 0x80004fa6 (0x0237a6b3) mulhsu  a3, a5, gp
core   0: 3 0x80004fa6 (0x0237a6b3) x13 0x80029ce4
core   0: 0x80004faa (0x01b49433) sll     s0, s1, s11
core   0: 3 0x80004faa (0x01b49433) x 8 0x00000000
core   0: 0x80004fae (0x0000e319) c.bnez  a4, pc + 6
core   0: 3 0x80004fae (0xe319)
core   0: 0x80004fb4 (0x0165acb3) slt     s9, a1, s6
core   0: 3 0x80004fb4 (0x0165acb3) x25 0x00000000
core   0: 0x80004fb8 (0x00000649) c.addi  a2, 18
core   0: 3 0x80004fb8 (0x0649) x12 0xf8947012
core   0: 0x80004fba (0x95f73113) sltiu   sp, a4, -1697
core   0: 3 0x80004fba (0x95f73113) x 2 0x00000001
core   0: 0x80004fbe (0x01193f33) sltu    t5, s2, a7
core   0: 3 0x80004fbe (0x01193f33) x30 0x00000000
core   0: 0x80004fc2 (0x00000001) c.nop
core   0: 3 0x80004fc2 (0x0001)
core   0: 0x80004fc4 (0x00008ec1) c.or    a3, s0
core   0: 3 0x80004fc4 (0x8ec1) x13 0x80029ce4
core   0: 0x80004fc6 (0xacbcac93) slti    s9, s9, -1333
core   0: 3 0x80004fc6 (0xacbcac93) x25 0x00000000
core   0: 0x80004fca (0x8bca4593) xori    a1, s4, -1860
core   0: 3 0x80004fca (0x8bca4593) x11 0x0000070e
core   0: 0x80004fce (0x00c87733) and     a4, a6, a2
core   0: 3 0x80004fce (0x00c87733) x14 0x00000000
core   0: 0x80004fd2 (0x00008109) c.srli  a0, 2
core   0: 3 0x80004fd2 (0x8109) x10 0x00000000
core   0: 0x80004fd4 (0x03677863) bgeu    a4, s6, pc + 48
core   0: 3 0x80004fd4 (0x03677863)
core   0: 0x80005004 (0x03857e63) bgeu    a0, s8, pc + 60
core   0: 3 0x80005004 (0x03857e63)
core   0: 0x80005008 (0x017b00b3) add     ra, s6, s7
core   0: 3 0x80005008 (0x017b00b3) x 1 0x00000000
core   0: 0x8000500c (0x4fb3bf93) sltiu   t6, t2, 1275
core   0: 3 0x8000500c (0x4fb3bf93) x31 0x00000001
core   0: 0x80005010 (0xc792ec93) ori     s9, t0, -903
core   0: 3 0x80005010 (0xc792ec93) x25 0xffffffff
core   0: 0x80005014 (0x00009b1e) c.add   s6, t2
core   0: 3 0x80005014 (0x9b1e) x22 0x00000000
core   0: 0x80005016 (0x0000cc19) c.beqz  s0, pc + 30
core   0: 3 0x80005016 (0xcc19)
core   0: 0x80005034 (0x01fe9033) sll     zero, t4, t6
core   0: 3 0x80005034 (0x01fe9033)
core   0: 0x80005038 (0x02f18333) mul     t1, gp, a5
core   0: 3 0x80005038 (0x02f18333) x 6 0xfffac638
core   0: 0x8000503c (0x7e27bb13) sltiu   s6, a5, 2018
core   0: 3 0x8000503c (0x7e27bb13) x22 0x00000000
core   0: 0x80005040 (0x01a65c63) bge     a2, s10, pc + 24
core   0: 3 0x80005040 (0x01a65c63)
core   0: 0x80005044 (0x0000849d) c.srai  s1, 7
core   0: 3 0x80005044 (0x849d) x 9 0x00000000
core   0: 0x80005046 (0x0000977e) c.add   a4, t6
core   0: 3 0x80005046 (0x977e) x14 0x00000001
core   0: 0x80005048 (0x00cd5f93) srli    t6, s10, 12
core   0: 3 0x80005048 (0x00cd5f93) x31 0x000fffff
core   0: 0x8000504c (0x0000100f) fence.i
core   0: 3 0x8000504c (0x0000100f)
core   0: 0x80005050 (0x0000547d) c.li    s0, -1
core   0: 3 0x80005050 (0x547d) x 8 0xffffffff
core   0: 0x80005052 (0x267b9b97) auipc   s7, 0x267b9
core   0: 3 0x80005052 (0x267b9b97) x23 0xa67be052
core   0: 0x80005056 (0x00008d81) c.sub   a1, s0
core   0: 3 0x80005056 (0x8d81) x11 0x0000070f
core   0: 0x80005058 (0x9dbfe837) lui     a6, 0x9dbfe
core   0: 3 0x80005058 (0x9dbfe837) x16 0x9dbfe000
core   0: 0x8000505c (0x0018b333) sltu    t1, a7, ra
core   0: 3 0x8000505c (0x0018b333) x 6 0x00000000
core   0: 0x80005060 (0x696cca13) xori    s4, s9, 1686
core   0: 3 0x80005060 (0x696cca13) x20 0xfffff969
core   0: 0x80005064 (0x036a0a33) mul     s4, s4, s6
core   0: 3 0x80005064 (0x036a0a33) x20 0x00000000
core   0: 0x80005068 (0x0000ce09) c.beqz  a2, pc + 26
core   0: 3 0x80005068 (0xce09)
core   0: 0x8000506a (0x01f39013) slli    zero, t2, 31
core   0: 3 0x8000506a (0x01f39013)
core   0: 0x8000506e (0x01a24733) xor     a4, tp, s10
core   0: 3 0x8000506e (0x01a24733) x14 0xfffffcfd
core   0: 0x80005072 (0x0000100f) fence.i
core   0: 3 0x80005072 (0x0000100f)
core   0: 0x80005076 (0x7241c113) xori    sp, gp, 1828
core   0: 3 0x80005076 (0x7241c113) x 2 0xfffff8da
core   0: 0x8000507a (0x0387b733) mulhu   a4, a5, s8
core   0: 3 0x8000507a (0x0387b733) x14 0x0000f004
core   0: 0x8000507e (0x0000717d) c.addi16sp sp, -16
core   0: 3 0x8000507e (0x717d) x 2 0xfffff8ca
core   0: 0x80005080 (0x00000fc2) c.slli  t6, 16
core   0: 3 0x80005080 (0x0fc2) x31 0xffff0000
core   0: 0x80005082 (0x00ab75b3) and     a1, s6, a0
core   0: 3 0x80005082 (0x00ab75b3) x11 0x00000000
core   0: 0x80005086 (0x0000100f) fence.i
core   0: 3 0x80005086 (0x0000100f)
core   0: 0x8000508a (0x98e4b697) auipc   a3, 0x98e4b
core   0: 3 0x8000508a (0x98e4b697) x13 0x18e5008a
core   0: 0x8000508e (0xba3a7413) andi    s0, s4, -1117
core   0: 3 0x8000508e (0xba3a7413) x 8 0x00000000
core   0: 0x80005092 (0x00627033) and     zero, tp, t1
core   0: 3 0x80005092 (0x00627033)
core   0: 0x80005096 (0x00004e4d) c.li    t3, 19
core   0: 3 0x80005096 (0x4e4d) x28 0x00000013
core   0: 0x80005098 (0x41f10433) sub     s0, sp, t6
core   0: 3 0x80005098 (0x41f10433) x 8 0x0000f8ca
core   0: 0x8000509c (0x00004f95) c.li    t6, 5
core   0: 3 0x8000509c (0x4f95) x31 0x00000005
core   0: 0x8000509e (0x00006115) c.addi16sp sp, 288
core   0: 3 0x8000509e (0x6115) x 2 0xfffff9ea
core   0: 0x800050a0 (0x032ccdb3) div     s11, s9, s2
core   0: 3 0x800050a0 (0x032ccdb3) x27 0x00000000
core   0: 0x800050a4 (0x000085a1) c.srai  a1, 8
core   0: 3 0x800050a4 (0x85a1) x11 0x00000000
core   0: 0x800050a6 (0x00008dad) c.xor   a1, a1
core   0: 3 0x800050a6 (0x8dad) x11 0x00000000
core   0: 0x800050a8 (0x419e5293) srai    t0, t3, 25
core   0: 3 0x800050a8 (0x419e5293) x 5 0x00000000
core   0: 0x800050ac (0x000016fd) c.addi  a3, -1
core   0: 3 0x800050ac (0x16fd) x13 0x18e50089
core   0: 0x800050ae (0x01bf4c33) xor     s8, t5, s11
core   0: 3 0x800050ae (0x01bf4c33) x24 0x00000000
core   0: 0x800050b2 (0x00000001) c.nop
core   0: 3 0x800050b2 (0x0001)
core   0: 0x800050b4 (0x00000446) c.slli  s0, 17
core   0: 3 0x800050b4 (0x0446) x 8 0xf1940000
core   0: 0x800050b6 (0x02815363) bge     sp, s0, pc + 38
core   0: 3 0x800050b6 (0x02815363)
core   0: 0x800050dc (0x0317d063) bge     a5, a7, pc + 32
core   0: 3 0x800050dc (0x0317d063)
core   0: 0x800050e0 (0x0039be33) sltu    t3, s3, gp
core   0: 3 0x800050e0 (0x0039be33) x28 0x00000001
core   0: 0x800050e4 (0x036e9fb3) mulh    t6, t4, s6
core   0: 3 0x800050e4 (0x036e9fb3) x31 0x00000000
core   0: 0x800050e8 (0x0ff0000f) fence   iorw,iorw
core   0: 3 0x800050e8 (0x0ff0000f)
core   0: 0x800050ec (0x03a7a5b3) mulhsu  a1, a5, s10
core   0: 3 0x800050ec (0x03a7a5b3) x11 0x80029e70
core   0: 0x800050f0 (0x01520a63) beq     tp, s5, pc + 20
core   0: 3 0x800050f0 (0x01520a63)
core   0: 0x800050f4 (0xf3395397) auipc   t2, 0xf3395
core   0: 3 0x800050f4 (0xf3395397) x 7 0x7339a0f4
core   0: 0x800050f8 (0x00b76633) or      a2, a4, a1
core   0: 3 0x800050f8 (0x00b76633) x12 0x8002fe74
core   0: 0x800050fc (0x0ff0000f) fence   iorw,iorw
core   0: 3 0x800050fc (0x0ff0000f)
core   0: 0x80005100 (0x000b23b3) slt     t2, s6, zero
core   0: 3 0x80005100 (0x000b23b3) x 7 0x00000000
core   0: 0x80005104 (0x00e8fbb3) and     s7, a7, a4
core   0: 3 0x80005104 (0x00e8fbb3) x23 0x00000000
core   0: 0x80005108 (0x031e5133) divu    sp, t3, a7
core   0: 3 0x80005108 (0x031e5133) x 2 0xffffffff
core   0: 0x8000510c (0x0064c763) blt     s1, t1, pc + 14
core   0: 3 0x8000510c (0x0064c763)
core   0: 0x80005110 (0x00008c11) c.sub   s0, a2
core   0: 3 0x80005110 (0x8c11) x 8 0x7191018c
core   0: 0x80005112 (0x01e04cb3) xor     s9, zero, t5
core   0: 3 0x80005112 (0x01e04cb3) x25 0x00000000
core   0: 0x80005116 (0x01bef133) and     sp, t4, s11
core   0: 3 0x80005116 (0x01bef133) x 2 0x00000000
core   0: 0x8000511a (0xe165a913) slti    s2, a1, -490
core   0: 3 0x8000511a (0xe165a913) x18 0x00000001
core   0: 0x8000511e (0x00008cb1) c.xor   s1, a2
core   0: 3 0x8000511e (0x8cb1) x 9 0x8002fe74
core   0: 0x80005120 (0x018ea1b3) slt     gp, t4, s8
core   0: 3 0x80005120 (0x018ea1b3) x 3 0x00000001
core   0: 0x80005124 (0x9c0740b7) lui     ra, 0x9c074
core   0: 3 0x80005124 (0x9c0740b7) x 1 0x9c074000
core   0: 0x80005128 (0xf07ee593) ori     a1, t4, -249
core   0: 3 0x80005128 (0xf07ee593) x11 0xffffff27
core   0: 0x8000512c (0x566e6c93) ori     s9, t3, 1382
core   0: 3 0x8000512c (0x566e6c93) x25 0x00000567
core   0: 0x80005130 (0x0000987d) c.andi  s0, -1
core   0: 3 0x80005130 (0x987d) x 8 0x7191018c
core   0: 0x80005132 (0x2a280493) addi    s1, a6, 674
core   0: 3 0x80005132 (0x2a280493) x 9 0x9dbfe2a2
core   0: 0x80005136 (0x00858cb3) add     s9, a1, s0
core   0: 3 0x80005136 (0x00858cb3) x25 0x719100b3
core   0: 0x8000513a (0x00004421) c.li    s0, 8
core   0: 3 0x8000513a (0x4421) x 8 0x00000008
core   0: 0x8000513c (0x01546133) or      sp, s0, s5
core   0: 3 0x8000513c (0x01546133) x 2 0x80025e6c
core   0: 0x80005140 (0x00009d92) c.add   s11, tp
core   0: 3 0x80005140 (0x9d92) x27 0x0000001b
core   0: 0x80005142 (0x400c5fb3) sra     t6, s8, zero
core   0: 3 0x80005142 (0x400c5fb3) x31 0x00000000
core   0: 0x80005146 (0x021861b3) rem     gp, a6, ra
core   0: 3 0x80005146 (0x021861b3) x 3 0x9dbfe000
core   0: 0x8000514a (0x0000100f) fence.i
core   0: 3 0x8000514a (0x0000100f)
core   0: 0x8000514e (0x015d5413) srli    s0, s10, 21
core   0: 3 0x8000514e (0x015d5413) x 8 0x000007ff
core   0: 0x80005152 (0x00000001) c.nop
core   0: 3 0x80005152 (0x0001)
core   0: 0x80005154 (0x0020d433) srl     s0, ra, sp
core   0: 3 0x80005154 (0x0020d433) x 8 0x0009c074
core   0: 0x80005158 (0x00b5e2b3) or      t0, a1, a1
core   0: 3 0x80005158 (0x00b5e2b3) x 5 0xffffff27
core   0: 0x8000515c (0x6167a113) slti    sp, a5, 1558
core   0: 3 0x8000515c (0x6167a113) x 2 0x00000001
core   0: 0x80005160 (0x00005e7d) c.li    t3, -1
core   0: 3 0x80005160 (0x5e7d) x28 0xffffffff
core   0: 0x80005162 (0xadc14713) xori    a4, sp, -1316
core   0: 3 0x80005162 (0xadc14713) x14 0xfffffadd
core   0: 0x80005166 (0x0000987d) c.andi  s0, -1
core   0: 3 0x80005166 (0x987d) x 8 0x0009c074
core   0: 0x80005168 (0x02a2c763) blt     t0, a0, pc + 46
core   0: 3 0x80005168 (0x02a2c763)
core   0: 0x80005196 (0x0107ccb3) xor     s9, a5, a6
core   0: 3 0x80005196 (0x0107ccb3) x25 0x1dbd7ce4
core   0: 0x8000519a (0x84d73813) sltiu   a6, a4, -1971
core   0: 3 0x8000519a (0x84d73813) x16 0x00000000
core   0: 0x8000519e (0x000ae1b3) or      gp, s5, zero
core   0: 3 0x8000519e (0x000ae1b3) x 3 0x80025e64
core   0: 0x800051a2 (0x00000651) c.addi  a2, 20
core   0: 3 0x800051a2 (0x0651) x12 0x8002fe88
core   0: 0x800051a4 (0x01140b63) beq     s0, a7, pc + 22
core   0: 3 0x800051a4 (0x01140b63)
core   0: 0x800051a8 (0x00008219) c.srli  a2, 6
core   0: 3 0x800051a8 (0x8219) x12 0x02000bfa
core   0: 0x800051aa (0x0000c219) c.beqz  a2, pc + 6
core   0: 3 0x800051aa (0xc219)
core   0: 0x800051ac (0x02651833) mulh    a6, a0, t1
core   0: 3 0x800051ac (0x02651833) x16 0x00000000
core   0: 0x800051b0 (0x0000ef19) c.bnez  a4, pc + 30
core   0: 3 0x800051b0 (0xef19)
core   0: 0x800051ce (0x1e623013) sltiu   zero, tp, 486
core   0: 3 0x800051ce (0x1e623013)
core   0: 0x800051d2 (0x26eaa497) auipc   s1, 0x26eaa
core   0: 3 0x800051d2 (0x26eaa497) x 9 0xa6eaf1d2
core   0: 0x800051d6 (0x03620833) mul     a6, tp, s6
core   0: 3 0x800051d6 (0x03620833) x16 0x00000000
core   0: 0x800051da (0x0f9466b7) lui     a3, 0xf946
core   0: 3 0x800051da (0x0f9466b7) x13 0x0f946000
core   0: 0x800051de (0x81312f13) slti    t5, sp, -2029
core   0: 3 0x800051de (0x81312f13) x30 0x00000000
core   0: 0x800051e2 (0x011ed113) srli    sp, t4, 17
core   0: 3 0x800051e2 (0x011ed113) x 2 0x00007fff
core   0: 0x800051e6 (0x00009f7e) c.add   t5, t6
core   0: 3 0x800051e6 (0x9f7e) x30 0x00000000
core   0: 0x800051e8 (0x03ffcd63) blt     t6, t6, pc + 58
core   0: 3 0x800051e8 (0x03ffcd63)
core   0: 0x800051ec (0x0358c763) blt     a7, s5, pc + 46
core   0: 3 0x800051ec (0x0358c763)
core   0: 0x800051f0 (0x0000547d) c.li    s0, -1
core   0: 3 0x800051f0 (0x547d) x 8 0xffffffff
core   0: 0x800051f2 (0x00001b00) c.addi4spn s0, sp, 432
core   0: 3 0x800051f2 (0x1b00) x 8 0x000081af
core   0: 0x800051f4 (0x01ac76b3) and     a3, s8, s10
core   0: 3 0x800051f4 (0x01ac76b3) x13 0x00000000
core   0: 0x800051f8 (0x0181f2b3) and     t0, gp, s8
core   0: 3 0x800051f8 (0x0181f2b3) x 5 0x00000000
core   0: 0x800051fc (0x00008d9d) c.sub   a1, a5
core   0: 3 0x800051fc (0x8d9d) x11 0x7ffd6243
core   0: 0x800051fe (0x01d69463) bne     a3, t4, pc + 8
core   0: 3 0x800051fe (0x01d69463)
core   0: 0x80005206 (0x03cbf063) bgeu    s7, t3, pc + 32
core   0: 3 0x80005206 (0x03cbf063)
core   0: 0x8000520a (0x0227c163) blt     a5, sp, pc + 34
core   0: 3 0x8000520a (0x0227c163)
core   0: 0x8000522c (0x00008d91) c.sub   a1, a2
core   0: 3 0x8000522c (0x8d91) x11 0x7dfd5649
core   0: 0x8000522e (0x00009e62) c.add   t3, s8
core   0: 3 0x8000522e (0x9e62) x28 0xffffffff
core   0: 0x80005230 (0x00008d89) c.sub   a1, a0
core   0: 3 0x80005230 (0x8d89) x11 0x7dfd5649
core   0: 0x80005232 (0x0130d5b3) srl     a1, ra, s3
core   0: 3 0x80005232 (0x0130d5b3) x11 0x00001380
core   0: 0x80005236 (0x036cfb63) bgeu    s9, s6, pc + 54
core   0: 3 0x80005236 (0x036cfb63)
core   0: 0x8000526c (0xdd748537) lui     a0, 0xdd748
core   0: 3 0x8000526c (0xdd748537) x10 0xdd748000
core   0: 0x80005270 (0x0109fd63) bgeu    s3, a6, pc + 26
core   0: 3 0x80005270 (0x0109fd63)
core   0: 0x8000528a (0x0000717d) c.addi16sp sp, -16
core   0: 3 0x8000528a (0x717d) x 2 0x00007fef
core   0: 0x8000528c (0x032d0633) mul     a2, s10, s2
core   0: 3 0x8000528c (0x032d0633) x12 0xfffffce6
core   0: 0x80005290 (0x00099913) slli    s2, s3, 0
core   0: 3 0x80005290 (0x00099913) x18 0xffffffb3
core   0: 0x80005294 (0xc4958cb7) lui     s9, 0xc4958
core   0: 3 0x80005294 (0xc4958cb7) x25 0xc4958000
core   0: 0x80005298 (0x02441a33) mulh    s4, s0, tp
core   0: 3 0x80005298 (0x02441a33) x20 0x00000000
core   0: 0x8000529c (0x03f85b63) bge     a6, t6, pc + 54
core   0: 3 0x8000529c (0x03f85b63)
core   0: 0x800052d2 (0x419e50b3) sra     ra, t3, s9
core   0: 3 0x800052d2 (0x419e50b3) x 1 0xffffffff
core   0: 0x800052d6 (0x023c34b3) mulhu   s1, s8, gp
core   0: 3 0x800052d6 (0x023c34b3) x 9 0x00000000
core   0: 0x800052da (0x00bccbb3) xor     s7, s9, a1
core   0: 3 0x800052da (0x00bccbb3) x23 0xc4959380
core   0: 0x800052de (0x00000001) c.nop
core   0: 3 0x800052de (0x0001)
core   0: 0x800052e0 (0x00fcd913) srli    s2, s9, 15
core   0: 3 0x800052e0 (0x00fcd913) x18 0x0001892b
core   0: 0x800052e4 (0x032b3633) mulhu   a2, s6, s2
core   0: 3 0x800052e4 (0x032b3633) x12 0x00000000
core   0: 0x800052e8 (0x7dd32e93) slti    t4, t1, 2013
core   0: 3 0x800052e8 (0x7dd32e93) x29 0x00000001
core   0: 0x800052ec (0x00008831) c.andi  s0, 12
core   0: 3 0x800052ec (0x8831) x 8 0x0000000c
core   0: 0x800052ee (0x000096ce) c.add   a3, s3
core   0: 3 0x800052ee (0x96ce) x13 0xffffffb3
core   0: 0x800052f0 (0x00008e5e) c.mv    t3, s7
core   0: 3 0x800052f0 (0x8e5e) x28 0xc4959380
core   0: 0x800052f2 (0x00c65f63) bge     a2, a2, pc + 30
core   0: 3 0x800052f2 (0x00c65f63)
core   0: 0x80005310 (0x000bde93) srli    t4, s7, 0
core   0: 3 0x80005310 (0x000bde93) x29 0xc4959380
core   0: 0x80005314 (0x00008411) c.srai  s0, 4
core   0: 3 0x80005314 (0x8411) x 8 0x00000000
core   0: 0x80005316 (0x000086bd) c.srai  a3, 15
core   0: 3 0x80005316 (0x86bd) x13 0xffffffff
core   0: 0x80005318 (0x00006dd9) c.lui   s11, 0x16
core   0: 3 0x80005318 (0x6dd9) x27 0x00016000
core   0: 0x8000531a (0x00006165) c.addi16sp sp, 112
core   0: 3 0x8000531a (0x6165) x 2 0x0000805f
core   0: 0x8000531c (0x03f39d63) bne     t2, t6, pc + 58
core   0: 3 0x8000531c (0x03f39d63)
core   0: 0x80005320 (0x027b03b3) mul     t2, s6, t2
core   0: 3 0x80005320 (0x027b03b3) x 7 0x00000000
core   0: 0x80005324 (0x00008751) c.srai  a4, 20
core   0: 3 0x80005324 (0x8751) x14 0xffffffff
core   0: 0x80005326 (0xaf307a13) andi    s4, zero, -1293
core   0: 3 0x80005326 (0xaf307a13) x20 0x00000000
core   0: 0x8000532a (0x04d25063) bge     tp, a3, pc + 64
core   0: 3 0x8000532a (0x04d25063)
core   0: 0x8000536a (0xc63720b7) lui     ra, 0xc6372
core   0: 3 0x8000536a (0xc63720b7) x 1 0xc6372000
core   0: 0x8000536e (0x011d0f63) beq     s10, a7, pc + 30
core   0: 3 0x8000536e (0x011d0f63)
core   0: 0x80005372 (0x416a89b3) sub     s3, s5, s6
core   0: 3 0x80005372 (0x416a89b3) x19 0x80025e64
core   0: 0x80005376 (0x00534433) xor     s0, t1, t0
core   0: 3 0x80005376 (0x00534433) x 8 0x00000000
core   0: 0x8000537a (0x000000ea) c.slli  ra, 26
core   0: 3 0x8000537a (0x00ea) x 1 0x00000000
core   0: 0x8000537c (0x036a8d33) mul     s10, s5, s6
core   0: 3 0x8000537c (0x036a8d33) x26 0x00000000
core   0: 0x80005380 (0x01557933) and     s2, a0, s5
core   0: 3 0x80005380 (0x01557933) x18 0x80000000
core   0: 0x80005384 (0x03af7563) bgeu    t5, s10, pc + 42
core   0: 3 0x80005384 (0x03af7563)
core   0: 0x800053ae (0x01ca0233) add     tp, s4, t3
core   0: 3 0x800053ae (0x01ca0233) x 4 0xc4959380
core   0: 0x800053b2 (0x0000c021) c.beqz  s0, pc + 64
core   0: 3 0x800053b2 (0xc021)
core   0: 0x800053f2 (0x01ae6533) or      a0, t3, s10
core   0: 3 0x800053f2 (0x01ae6533) x10 0xc4959380
core   0: 0x800053f6 (0x40f10013) addi    zero, sp, 1039
core   0: 3 0x800053f6 (0x40f10013)
core   0: 0x800053fa (0x0113c2b3) xor     t0, t2, a7
core   0: 3 0x800053fa (0x0113c2b3) x 5 0x00000000
core   0: 0x800053fe (0x00009afd) c.andi  a3, -1
core   0: 3 0x800053fe (0x9afd) x13 0xffffffff
core   0: 0x80005400 (0x00835333) srl     t1, t1, s0
core   0: 3 0x80005400 (0x00835333) x 6 0x00000000
core   0: 0x80005404 (0xe36f4093) xori    ra, t5, -458
core   0: 3 0x80005404 (0xe36f4093) x 1 0xfffffe36
core   0: 0x80005408 (0x01701233) sll     tp, zero, s7
core   0: 3 0x80005408 (0x01701233) x 4 0x00000000
core   0: 0x8000540c (0x00006089) c.lui   ra, 0x2
core   0: 3 0x8000540c (0x6089) x 1 0x00002000
core   0: 0x8000540e (0x00f01313) slli    t1, zero, 15
core   0: 3 0x8000540e (0x00f01313) x 6 0x00000000
core   0: 0x80005412 (0x03a3acb3) mulhsu  s9, t2, s10
core   0: 3 0x80005412 (0x03a3acb3) x25 0x00000000
core   0: 0x80005416 (0x00006319) c.lui   t1, 0x6
core   0: 3 0x80005416 (0x6319) x 6 0x00006000
core   0: 0x80005418 (0x02bd6533) rem     a0, s10, a1
core   0: 3 0x80005418 (0x02bd6533) x10 0x00000000
core   0: 0x8000541c (0x01129313) slli    t1, t0, 17
core   0: 3 0x8000541c (0x01129313) x 6 0x00000000
core   0: 0x80005420 (0x0000c095) c.beqz  s1, pc + 36
core   0: 3 0x80005420 (0xc095)
core   0: 0x80005444 (0x02a3e263) bltu    t2, a0, pc + 36
core   0: 3 0x80005444 (0x02a3e263)
core   0: 0x80005448 (0x00008695) c.srai  a3, 5
core   0: 3 0x80005448 (0x8695) x13 0xffffffff
core   0: 0x8000544a (0x00bd6e63) bltu    s10, a1, pc + 28
core   0: 3 0x8000544a (0x00bd6e63)
core   0: 0x80005466 (0x00001c00) c.addi4spn s0, sp, 560
core   0: 3 0x80005466 (0x1c00) x 8 0x0000828f
core   0: 0x80005468 (0xb3848813) addi    a6, s1, -1224
core   0: 3 0x80005468 (0xb3848813) x16 0xfffffb38
core   0: 0x8000546c (0x00008741) c.srai  a4, 16
core   0: 3 0x8000546c (0x8741) x14 0xffffffff
core   0: 0x8000546e (0x025a5d63) bge     s4, t0, pc + 58
core   0: 3 0x8000546e (0x025a5d63)
core   0: 0x800054a8 (0x02238eb3) mul     t4, t2, sp
core   0: 3 0x800054a8 (0x02238eb3) x29 0x00000000
core   0: 0x800054ac (0x0000717d) c.addi16sp sp, -16
core   0: 3 0x800054ac (0x717d) x 2 0x0000804f
core   0: 0x800054ae (0x0000c211) c.beqz  a2, pc + 4
core   0: 3 0x800054ae (0xc211)
core   0: 0x800054b2 (0x0202ba33) mulhu   s4, t0, zero
core   0: 3 0x800054b2 (0x0202ba33) x20 0x00000000
core   0: 0x800054b6 (0x0331ed63) bltu    gp, s3, pc + 58
core   0: 3 0x800054b6 (0x0331ed63)
core   0: 0x800054ba (0x01d68c33) add     s8, a3, t4
core   0: 3 0x800054ba (0x01d68c33) x24 0xffffffff
core   0: 0x800054be (0x28c23a13) sltiu   s4, tp, 652
core   0: 3 0x800054be (0x28c23a13) x20 0x00000001
core   0: 0x800054c2 (0x033c30b3) mulhu   ra, s8, s3
core   0: 3 0x800054c2 (0x033c30b3) x 1 0x80025e63
core   0: 0x800054c6 (0x00006945) c.lui   s2, 0x11
core   0: 3 0x800054c6 (0x6945) x18 0x00011000
core   0: 0x800054c8 (0x00004d2d) c.li    s10, 11
core   0: 3 0x800054c8 (0x4d2d) x26 0x0000000b
core   0: 0x800054ca (0xd716ed93) ori     s11, a3, -655
core   0: 3 0x800054ca (0xd716ed93) x27 0xffffffff
core   0: 0x800054ce (0x8a312817) auipc   a6, 0x8a312
core   0: 3 0x800054ce (0x8a312817) x16 0x0a3174ce
core   0: 0x800054d2 (0x0000e1a9) c.bnez  a1, pc + 66
core   0: 3 0x800054d2 (0xe1a9)
core   0: 0x80005514 (0x020baa33) mulhsu  s4, s7, zero
core   0: 3 0x80005514 (0x020baa33) x20 0x00000000
core   0: 0x80005518 (0x00000f15) c.addi  t5, 5
core   0: 3 0x80005518 (0x0f15) x30 0x00000005
core   0: 0x8000551a (0x41cdd1b3) sra     gp, s11, t3
core   0: 3 0x8000551a (0x41cdd1b3) x 3 0xffffffff
core   0: 0x8000551e (0x9cfee293) ori     t0, t4, -1585
core   0: 3 0x8000551e (0x9cfee293) x 5 0xfffff9cf
core   0: 0x80005522 (0x02f51eb3) mulh    t4, a0, a5
core   0: 3 0x80005522 (0x02f51eb3) x29 0x00000000
core   0: 0x80005526 (0x00004bf1) c.li    s7, 28
core   0: 3 0x80005526 (0x4bf1) x23 0x0000001c
core   0: 0x80005528 (0x000081b9) c.srli  a1, 14
core   0: 3 0x80005528 (0x81b9) x11 0x00000000
core   0: 0x8000552a (0x2fb14593) xori    a1, sp, 763
core   0: 3 0x8000552a (0x2fb14593) x11 0x000082b4
core   0: 0x8000552e (0x0000cc01) c.beqz  s0, pc + 24
core   0: 3 0x8000552e (0xcc01)
core   0: 0x80005530 (0x76c6e537) lui     a0, 0x76c6e
core   0: 3 0x80005530 (0x76c6e537) x10 0x76c6e000
core   0: 0x80005534 (0x01e65f33) srl     t5, a2, t5
core   0: 3 0x80005534 (0x01e65f33) x30 0x00000000
core   0: 0x80005538 (0x000095a2) c.add   a1, s0
core   0: 3 0x80005538 (0x95a2) x11 0x00010543
core   0: 0x8000553a (0x0000ee81) c.bnez  a3, pc + 24
core   0: 3 0x8000553a (0xee81)
core   0: 0x80005552 (0x038a96b3) mulh    a3, s5, s8
core   0: 3 0x80005552 (0x038a96b3) x13 0x00000000
core   0: 0x80005556 (0x9cd34393) xori    t2, t1, -1587
core   0: 3 0x80005556 (0x9cd34393) x 7 0xfffff9cd
core   0: 0x8000555a (0x00000111) c.addi  sp, 4
core   0: 3 0x8000555a (0x0111) x 2 0x00008053
core   0: 0x8000555c (0x0aa7f763) bgeu    a5, a0, pc + 174
core   0: 3 0x8000555c (0x0aa7f763)
core   0: 0x8000560a (0x000012fd) c.addi  t0, -1
core   0: 3 0x8000560a (0x12fd) x 5 0xfffff9ce
core   0: 0x8000560c (0x6f376017) auipc   zero, 0x6f376
core   0: 3 0x8000560c (0x6f376017)
core   0: 0x80005610 (0x009e69b3) or      s3, t3, s1
core   0: 3 0x80005610 (0x009e69b3) x19 0xc4959380
core   0: 0x80005614 (0x0dd2d263) bge     t0, t4, pc + 196
core   0: 3 0x80005614 (0x0dd2d263)
core   0: 0x80005618 (0x00017f17) auipc   t5, 0x17
core   0: 3 0x80005618 (0x00017f17) x30 0x8001c618
core   0: 0x8000561c (0x0f2f0f13) addi    t5, t5, 242
core   0: 3 0x8000561c (0x0f2f0f13) x30 0x8001c70a
core   0: 0x80005620 (0x009f2723) sw      s1, 14(t5)
core   0: 3 0x80005620 (0x009f2723) mem 0x8001c718 0x00000000
core   0: 0x80005624 (0x024f0b03) lb      s6, 36(t5)
core   0: 3 0x80005624 (0x024f0b03) x22 0xffffffd8 mem 0x8001c72e
core   0: 0x80005628 (0x02148fb3) mul     t6, s1, ra
core   0: 3 0x80005628 (0x02148fb3) x31 0x00000000
core   0: 0x8000562c (0xfe9f1d23) sh      s1, -6(t5)
core   0: 3 0x8000562c (0xfe9f1d23) mem 0x8001c704 0x0000
core   0: 0x80005630 (0x01ee5093) srli    ra, t3, 30
core   0: 3 0x80005630 (0x01ee5093) x 1 0x00000003
core   0: 0x80005634 (0xfdaf0e03) lb      t3, -38(t5)
core   0: 3 0x80005634 (0xfdaf0e03) x28 0x0000004d mem 0x8001c6e4
core   0: 0x80005638 (0x001f0f83) lb      t6, 1(t5)
core   0: 3 0x80005638 (0x001f0f83) x31 0xffffff86 mem 0x8001c70b
core   0: 0x8000563c (0x0abe2e17) auipc   t3, 0xabe2
core   0: 3 0x8000563c (0x0abe2e17) x28 0x8abe763c
core   0: 0x80005640 (0x03af1083) lh      ra, 58(t5)
core   0: 3 0x80005640 (0x03af1083) x 1 0x00002ba4 mem 0x8001c744
core   0: 0x80005644 (0x029f08a3) sb      s1, 49(t5)
core   0: 3 0x80005644 (0x029f08a3) mem 0x8001c73b 0x0
core   0: 0x80005648 (0x5a864f97) auipc   t6, 0x5a864
core   0: 3 0x80005648 (0x5a864f97) x31 0xda869648
core   0: 0x8000564c (0xffff06a3) sb      t6, -19(t5)
core   0: 3 0x8000564c (0xffff06a3) mem 0x8001c6f7 0x48
core   0: 0x80005650 (0x03cf06a3) sb      t3, 45(t5)
core   0: 3 0x80005650 (0x03cf06a3) mem 0x8001c737 0x3c
core   0: 0x80005654 (0x039f4483) lbu     s1, 57(t5)
core   0: 3 0x80005654 (0x039f4483) x 9 0x000000a6 mem 0x8001c743
core   0: 0x80005658 (0x03fd1e33) mulh    t3, s10, t6
core   0: 3 0x80005658 (0x03fd1e33) x28 0xfffffffe
core   0: 0x8000565c (0x01c0ad33) slt     s10, ra, t3
core   0: 3 0x8000565c (0x01c0ad33) x26 0x00000000
core   0: 0x80005660 (0xfc0f1e03) lh      t3, -64(t5)
core   0: 3 0x80005660 (0xfc0f1e03) x28 0x000061dd mem 0x8001c6ca
core   0: 0x80005664 (0x001d1fb3) sll     t6, s10, ra
core   0: 3 0x80005664 (0x001d1fb3) x31 0x00000000
core   0: 0x80005668 (0xfdcf0423) sb      t3, -56(t5)
core   0: 3 0x80005668 (0xfdcf0423) mem 0x8001c6d2 0xdd
core   0: 0x8000566c (0x016f5b03) lhu     s6, 22(t5)
core   0: 3 0x8000566c (0x016f5b03) x22 0x0000f1fe mem 0x8001c720
core   0: 0x80005670 (0xd62b2d13) slti    s10, s6, -670
core   0: 3 0x80005670 (0xd62b2d13) x26 0x00000000
core   0: 0x80005674 (0x01ff09a3) sb      t6, 19(t5)
core   0: 3 0x80005674 (0x01ff09a3) mem 0x8001c71d 0x0
core   0: 0x80005678 (0xffff0123) sb      t6, -30(t5)
core   0: 3 0x80005678 (0xffff0123) mem 0x8001c6ec 0x0
core   0: 0x8000567c (0xfe5f0483) lb      s1, -27(t5)
core   0: 3 0x8000567c (0xfe5f0483) x 9 0x0000001f mem 0x8001c6ef
core   0: 0x80005680 (0x000040ad) c.li    ra, 11
core   0: 3 0x80005680 (0x40ad) x 1 0x0000000b
core   0: 0x80005682 (0xff1f4083) lbu     ra, -15(t5)
core   0: 3 0x80005682 (0xff1f4083) x 1 0x00000096 mem 0x8001c6fb
core   0: 0x80005686 (0xfeff0083) lb      ra, -17(t5)
core   0: 3 0x80005686 (0xfeff0083) x 1 0xfffffff7 mem 0x8001c6f9
core   0: 0x8000568a (0xfdcf0e03) lb      t3, -36(t5)
core   0: 3 0x8000568a (0xfdcf0e03) x28 0xffffffbf mem 0x8001c6e6
core   0: 0x8000568e (0x015f4d03) lbu     s10, 21(t5)
core   0: 3 0x8000568e (0x015f4d03) x26 0x0000007e mem 0x8001c71f
core   0: 0x80005692 (0x016f09a3) sb      s6, 19(t5)
core   0: 3 0x80005692 (0x016f09a3) mem 0x8001c71d 0xfe
core   0: 0x80005696 (0xfecf1d03) lh      s10, -20(t5)
core   0: 3 0x80005696 (0xfecf1d03) x26 0x00004840 mem 0x8001c6f6
core   0: 0x8000569a (0x000080d9) c.srli  s1, 22
core   0: 3 0x8000569a (0x80d9) x 9 0x00000000
core   0: 0x8000569c (0xffff07a3) sb      t6, -17(t5)
core   0: 3 0x8000569c (0xffff07a3) mem 0x8001c6f9 0x0
core   0: 0x800056a0 (0x03ff4b03) lbu     s6, 63(t5)
core   0: 3 0x800056a0 (0x03ff4b03) x22 0x0000002d mem 0x8001c749
core   0: 0x800056a4 (0xff3f0b03) lb      s6, -13(t5)
core   0: 3 0x800056a4 (0xff3f0b03) x22 0xffffffd6 mem 0x8001c6fd
core   0: 0x800056a8 (0xff6f0ea3) sb      s6, -3(t5)
core   0: 3 0x800056a8 (0xff6f0ea3) mem 0x8001c707 0xd6
core   0: 0x800056ac (0xfc9f1d23) sh      s1, -38(t5)
core   0: 3 0x800056ac (0xfc9f1d23) mem 0x8001c6e4 0x0000
core   0: 0x800056b0 (0xfc0f5d03) lhu     s10, -64(t5)
core   0: 3 0x800056b0 (0xfc0f5d03) x26 0x000061dd mem 0x8001c6ca
core   0: 0x800056b4 (0x315fe493) ori     s1, t6, 789
core   0: 3 0x800056b4 (0x315fe493) x 9 0x00000315
core   0: 0x800056b8 (0x02f310b3) mulh    ra, t1, a5
core   0: 3 0x800056b8 (0x02f310b3) x 1 0x00000000
core   0: 0x800056bc (0x025cc5b3) div     a1, s9, t0
core   0: 3 0x800056bc (0x025cc5b3) x11 0x00000000
core   0: 0x800056c0 (0x00d69733) sll     a4, a3, a3
core   0: 3 0x800056c0 (0x00d69733) x14 0x00000000
core   0: 0x800056c4 (0x02cf7a33) remu    s4, t5, a2
core   0: 3 0x800056c4 (0x02cf7a33) x20 0x8001c70a
core   0: 0x800056c8 (0x03fbc733) div     a4, s7, t6
core   0: 3 0x800056c8 (0x03fbc733) x14 0xffffffff
core   0: 0x800056cc (0x8b85f313) andi    t1, a1, -1864
core   0: 3 0x800056cc (0x8b85f313) x 6 0x00000000
core   0: 0x800056d0 (0xf97c6413) ori     s0, s8, -105
core   0: 3 0x800056d0 (0xf97c6413) x 8 0xffffffff
core   0: 0x800056d4 (0x035de1b3) rem     gp, s11, s5
core   0: 3 0x800056d4 (0x035de1b3) x 3 0xffffffff
core   0: 0x800056d8 (0x4c12be93) sltiu   t4, t0, 1217
core   0: 3 0x800056d8 (0x4c12be93) x29 0x00000000
core   0: 0x800056dc (0x0174de13) srli    t3, s1, 23
core   0: 3 0x800056dc (0x0174de13) x28 0x00000000
core   0: 0x800056e0 (0x01d78333) add     t1, a5, t4
core   0: 3 0x800056e0 (0x01d78333) x 6 0x80029ce4
core   0: 0x800056e4 (0x0049cd33) xor     s10, s3, tp
core   0: 3 0x800056e4 (0x0049cd33) x26 0xc4959380
core   0: 0x800056e8 (0x000e6eb3) or      t4, t3, zero
core   0: 3 0x800056e8 (0x000e6eb3) x29 0x00000000
core   0: 0x800056ec (0x4c01fa17) auipc   s4, 0x4c01f
core   0: 3 0x800056ec (0x4c01fa17) x20 0xcc0246ec
core   0: 0x800056f0 (0x00008f65) c.and   a4, s1
core   0: 3 0x800056f0 (0x8f65) x14 0x00000315
core   0: 0x800056f2 (0x0000100f) fence.i
core   0: 3 0x800056f2 (0x0000100f)
core   0: 0x800056f6 (0x00008e95) c.sub   a3, a3
core   0: 3 0x800056f6 (0x8e95) x13 0x00000000
core   0: 0x800056f8 (0x05ba0b17) auipc   s6, 0x5ba0
core   0: 3 0x800056f8 (0x05ba0b17) x22 0x85ba56f8
core   0: 0x800056fc (0x01359113) slli    sp, a1, 19
core   0: 3 0x800056fc (0x01359113) x 2 0x00000000
core   0: 0x80005700 (0x00009c9e) c.add   s9, t2
core   0: 3 0x80005700 (0x9c9e) x25 0xfffff9cd
core   0: 0x80005702 (0x4aabce93) xori    t4, s7, 1194
core   0: 3 0x80005702 (0x4aabce93) x29 0x000004b6
core   0: 0x80005706 (0x014a3bb3) sltu    s7, s4, s4
core   0: 3 0x80005706 (0x014a3bb3) x23 0x00000000
core   0: 0x8000570a (0x00130133) add     sp, t1, ra
core   0: 3 0x8000570a (0x00130133) x 2 0x80029ce4
core   0: 0x8000570e (0x68fef317) auipc   t1, 0x68fef
core   0: 3 0x8000570e (0x68fef317) x 6 0xe8ff470e
core   0: 0x80005712 (0x00008a29) c.andi  a2, 10
core   0: 3 0x80005712 (0x8a29) x12 0x00000000
core   0: 0x80005714 (0x02159133) mulh    sp, a1, ra
core   0: 3 0x80005714 (0x02159133) x 2 0x00000000
core   0: 0x80005718 (0x4181d293) srai    t0, gp, 24
core   0: 3 0x80005718 (0x4181d293) x 5 0xffffffff
core   0: 0x8000571c (0x01b66f63) bltu    a2, s11, pc + 30
core   0: 3 0x8000571c (0x01b66f63)
core   0: 0x8000573a (0x0000869d) c.srai  a3, 7
core   0: 3 0x8000573a (0x869d) x13 0x00000000
core   0: 0x8000573c (0x02b77617) auipc   a2, 0x2b77
core   0: 3 0x8000573c (0x02b77617) x12 0x82b7c73c
core   0: 0x80005740 (0x00c89513) slli    a0, a7, 12
core   0: 3 0x80005740 (0x00c89513) x10 0x00000000
core   0: 0x80005744 (0x0000100f) fence.i
core   0: 3 0x80005744 (0x0000100f)
core   0: 0x80005748 (0x011bf933) and     s2, s7, a7
core   0: 3 0x80005748 (0x011bf933) x18 0x00000000
core   0: 0x8000574c (0x00000b61) c.addi  s6, 24
core   0: 3 0x8000574c (0x0b61) x22 0x85ba5710
core   0: 0x8000574e (0x01ff4a33) xor     s4, t5, t6
core   0: 3 0x8000574e (0x01ff4a33) x20 0x8001c70a
core   0: 0x80005752 (0x000096e6) c.add   a3, s9
core   0: 3 0x80005752 (0x96e6) x13 0xfffff9cd
core   0: 0x80005754 (0x01b84333) xor     t1, a6, s11
core   0: 3 0x80005754 (0x01b84333) x 6 0xf5ce8b31
core   0: 0x80005758 (0x0019c6b3) xor     a3, s3, ra
core   0: 3 0x80005758 (0x0019c6b3) x13 0xc4959380
core   0: 0x8000575c (0x01689a13) slli    s4, a7, 22
core   0: 3 0x8000575c (0x01689a13) x20 0x00000000
core   0: 0x80005760 (0x0257c5b3) div     a1, a5, t0
core   0: 3 0x80005760 (0x0257c5b3) x11 0x7ffd631c
core   0: 0x80005764 (0x03127a33) remu    s4, tp, a7
core   0: 3 0x80005764 (0x03127a33) x20 0x00000000
core   0: 0x80005768 (0x00006145) c.addi16sp sp, 48
core   0: 3 0x80005768 (0x6145) x 2 0x00000030
core   0: 0x8000576a (0x000002c9) c.addi  t0, 18
core   0: 3 0x8000576a (0x02c9) x 5 0x00000011
core   0: 0x8000576c (0xcaf3b393) sltiu   t2, t2, -849
core   0: 3 0x8000576c (0xcaf3b393) x 7 0x00000001
core   0: 0x80005770 (0x000082c5) c.srli  a3, 17
core   0: 3 0x80005770 (0x82c5) x13 0x0000624a
core   0: 0x80005772 (0x9f793037) lui     zero, 0x9f793
core   0: 3 0x80005772 (0x9f793037)
core   0: 0x80005776 (0x000050fd) c.li    ra, -1
core   0: 3 0x80005776 (0x50fd) x 1 0xffffffff
core   0: 0x80005778 (0x22214813) xori    a6, sp, 546
core   0: 3 0x80005778 (0x22214813) x16 0x00000212
core   0: 0x8000577c (0x01a62db3) slt     s11, a2, s10
core   0: 3 0x8000577c (0x01a62db3) x27 0x00000001
core   0: 0x80005780 (0x00008e95) c.sub   a3, a3
core   0: 3 0x80005780 (0x8e95) x13 0x00000000
core   0: 0x80005782 (0x41fd0633) sub     a2, s10, t6
core   0: 3 0x80005782 (0x41fd0633) x12 0xc4959380
core   0: 0x80005786 (0x009a4db3) xor     s11, s4, s1
core   0: 3 0x80005786 (0x009a4db3) x27 0x00000315
core   0: 0x8000578a (0x004a1593) slli    a1, s4, 4
core   0: 3 0x8000578a (0x004a1593) x11 0x00000000
core   0: 0x8000578e (0x02b3cf63) blt     t2, a1, pc + 62
core   0: 3 0x8000578e (0x02b3cf63)
core   0: 0x80005792 (0x0275c863) blt     a1, t2, pc + 48
core   0: 3 0x80005792 (0x0275c863)
core   0: 0x800057c2 (0x00000001) c.nop
core   0: 3 0x800057c2 (0x0001)
core   0: 0x800057c4 (0x006b49b3) xor     s3, s6, t1
core   0: 3 0x800057c4 (0x006b49b3) x19 0x7074dc21
core   0: 0x800057c8 (0x03b06263) bltu    zero, s11, pc + 36
core   0: 3 0x800057c8 (0x03b06263)
core   0: 0x800057ec (0x00000001) c.nop
core   0: 3 0x800057ec (0x0001)
core   0: 0x800057ee (0x03534663) blt     t1, s5, pc + 44
core   0: 3 0x800057ee (0x03534663)
core   0: 0x800057f2 (0x00fd2533) slt     a0, s10, a5
core   0: 3 0x800057f2 (0x00fd2533) x10 0x00000000
core   0: 0x800057f6 (0x6fba0f93) addi    t6, s4, 1787
core   0: 3 0x800057f6 (0x6fba0f93) x31 0x000006fb
core   0: 0x800057fa (0x0000127d) c.addi  tp, -1
core   0: 3 0x800057fa (0x127d) x 4 0xffffffff
core   0: 0x800057fc (0x00008d11) c.sub   a0, a2
core   0: 3 0x800057fc (0x8d11) x10 0x3b6a6c80
core   0: 0x800057fe (0x00000001) c.nop
core   0: 3 0x800057fe (0x0001)
core   0: 0x80005800 (0x012e1333) sll     t1, t3, s2
core   0: 3 0x80005800 (0x012e1333) x 6 0x00000000
core   0: 0x80005804 (0x00009afd) c.andi  a3, -1
core   0: 3 0x80005804 (0x9afd) x13 0x00000000
core   0: 0x80005806 (0x411dd333) sra     t1, s11, a7
core   0: 3 0x80005806 (0x411dd333) x 6 0x00000315
core   0: 0x8000580a (0x03235d33) divu    s10, t1, s2
core   0: 3 0x8000580a (0x03235d33) x26 0xffffffff
core   0: 0x8000580e (0x01bdcc63) blt     s11, s11, pc + 24
core   0: 3 0x8000580e (0x01bdcc63)
core   0: 0x80005812 (0x00008e8d) c.sub   a3, a1
core   0: 3 0x80005812 (0x8e8d) x13 0x00000000
core   0: 0x80005814 (0xbbdc3f93) sltiu   t6, s8, -1091
core   0: 3 0x80005814 (0xbbdc3f93) x31 0x00000000
core   0: 0x80005818 (0x00006141) c.addi16sp sp, 16
core   0: 3 0x80005818 (0x6141) x 2 0x00000040
core   0: 0x8000581a (0x01272933) slt     s2, a4, s2
core   0: 3 0x8000581a (0x01272933) x18 0x00000000
core   0: 0x8000581e (0x00b4ee33) or      t3, s1, a1
core   0: 3 0x8000581e (0x00b4ee33) x28 0x00000315
core   0: 0x80005822 (0x03f57233) remu    tp, a0, t6
core   0: 3 0x80005822 (0x03f57233) x 4 0x3b6a6c80
core   0: 0x80005826 (0x000086d1) c.srai  a3, 20
core   0: 3 0x80005826 (0x86d1) x13 0x00000000
core   0: 0x80005828 (0x7b350d13) addi    s10, a0, 1971
core   0: 3 0x80005828 (0x7b350d13) x26 0x3b6a7433
core   0: 0x8000582c (0xf52ce5b7) lui     a1, 0xf52ce
core   0: 3 0x8000582c (0xf52ce5b7) x11 0xf52ce000
core   0: 0x80005830 (0x0000100f) fence.i
core   0: 3 0x80005830 (0x0000100f)
core   0: 0x80005834 (0x02083eb3) mulhu   t4, a6, zero
core   0: 3 0x80005834 (0x02083eb3) x29 0x00000000
core   0: 0x80005838 (0x011f21b3) slt     gp, t5, a7
core   0: 3 0x80005838 (0x011f21b3) x 3 0x00000001
core   0: 0x8000583c (0x00006105) c.addi16sp sp, 32
core   0: 3 0x8000583c (0x6105) x 2 0x00000060
core   0: 0x8000583e (0x8aed4393) xori    t2, s10, -1874
core   0: 3 0x8000583e (0x8aed4393) x 7 0xc4958c9d
core   0: 0x80005842 (0x01d030b3) snez    ra, t4
core   0: 3 0x80005842 (0x01d030b3) x 1 0x00000000
core   0: 0x80005846 (0x00859333) sll     t1, a1, s0
core   0: 3 0x80005846 (0x00859333) x 6 0x00000000
core   0: 0x8000584a (0x0000e289) c.bnez  a3, pc + 2
core   0: 3 0x8000584a (0xe289)
core   0: 0x8000584c (0x01b893b3) sll     t2, a7, s11
core   0: 3 0x8000584c (0x01b893b3) x 7 0x00000000
core   0: 0x80005850 (0x000055fd) c.li    a1, -1
core   0: 3 0x80005850 (0x55fd) x11 0xffffffff
core   0: 0x80005852 (0x00008f49) c.or    a4, a0
core   0: 3 0x80005852 (0x8f49) x14 0x3b6a6f95
core   0: 0x80005854 (0x0000e231) c.bnez  a2, pc + 68
core   0: 3 0x80005854 (0xe231)
core   0: 0x80005898 (0x000009d2) c.slli  s3, 20
core   0: 3 0x80005898 (0x09d2) x19 0xc2100000
core   0: 0x8000589a (0x03c2f163) bgeu    t0, t3, pc + 34
core   0: 3 0x8000589a (0x03c2f163)
core   0: 0x8000589e (0x8da68b93) addi    s7, a3, -1830
core   0: 3 0x8000589e (0x8da68b93) x23 0xfffff8da
core   0: 0x800058a2 (0x00009c7e) c.add   s8, t6
core   0: 3 0x800058a2 (0x9c7e) x24 0xffffffff
core   0: 0x800058a4 (0x03d9f1b3) remu    gp, s3, t4
core   0: 3 0x800058a4 (0x03d9f1b3) x 3 0xc2100000
core   0: 0x800058a8 (0x008bedb3) or      s11, s7, s0
core   0: 3 0x800058a8 (0x008bedb3) x27 0xffffffff
core   0: 0x800058ac (0x00091863) bnez    s2, pc + 16
core   0: 3 0x800058ac (0x00091863)
core   0: 0x800058b0 (0x00e61113) slli    sp, a2, 14
core   0: 3 0x800058b0 (0x00e61113) x 2 0x64e00000
core   0: 0x800058b4 (0x03cc2c33) mulhsu  s8, s8, t3
core   0: 3 0x800058b4 (0x03cc2c33) x24 0xffffffff
core   0: 0x800058b8 (0x00008019) c.srli  s0, 6
core   0: 3 0x800058b8 (0x8019) x 8 0x03ffffff
core   0: 0x800058ba (0x00008e99) c.sub   a3, a4
core   0: 3 0x800058ba (0x8e99) x13 0xc495906b
core   0: 0x800058bc (0x00008f7d) c.and   a4, a5
core   0: 3 0x800058bc (0x8f7d) x14 0x00020c84
core   0: 0x800058be (0x0272c3b3) div     t2, t0, t2
core   0: 3 0x800058be (0x0272c3b3) x 7 0xffffffff
core   0: 0x800058c2 (0xb26cc9b7) lui     s3, 0xb26cc
core   0: 3 0x800058c2 (0xb26cc9b7) x19 0xb26cc000
core   0: 0x800058c6 (0x03eb7a63) bgeu    s6, t5, pc + 52
core   0: 3 0x800058c6 (0x03eb7a63)
core   0: 0x800058fa (0x011ed463) bge     t4, a7, pc + 8
core   0: 3 0x800058fa (0x011ed463)
core   0: 0x80005902 (0x01c12a33) slt     s4, sp, t3
core   0: 3 0x80005902 (0x01c12a33) x20 0x00000000
core   0: 0x80005906 (0x0012e933) or      s2, t0, ra
core   0: 3 0x80005906 (0x0012e933) x18 0x00000011
core   0: 0x8000590a (0x019f56b3) srl     a3, t5, s9
core   0: 3 0x8000590a (0x019f56b3) x13 0x0004000e
core   0: 0x8000590e (0xc589fe93) andi    t4, s3, -936
core   0: 3 0x8000590e (0xc589fe93) x29 0xb26cc000
core   0: 0x80005912 (0x719eb513) sltiu   a0, t4, 1817
core   0: 3 0x80005912 (0x719eb513) x10 0x00000000
core   0: 0x80005916 (0x00000001) c.nop
core   0: 3 0x80005916 (0x0001)
core   0: 0x80005918 (0xfdc26f13) ori     t5, tp, -36
core   0: 3 0x80005918 (0xfdc26f13) x30 0xffffffdc
core   0: 0x8000591c (0x0000971e) c.add   a4, t2
core   0: 3 0x8000591c (0x971e) x14 0x00020c83
core   0: 0x8000591e (0x0000100f) fence.i
core   0: 3 0x8000591e (0x0000100f)
core   0: 0x80005922 (0x03c2dfb3) divu    t6, t0, t3
core   0: 3 0x80005922 (0x03c2dfb3) x31 0x00000000
core   0: 0x80005926 (0xf87e0a13) addi    s4, t3, -121
core   0: 3 0x80005926 (0xf87e0a13) x20 0x0000029c
core   0: 0x8000592a (0x01485833) srl     a6, a6, s4
core   0: 3 0x8000592a (0x01485833) x16 0x00000000
core   0: 0x8000592e (0x41c55b13) srai    s6, a0, 28
core   0: 3 0x8000592e (0x41c55b13) x22 0x00000000
core   0: 0x80005932 (0x00a4b0b3) sltu    ra, s1, a0
core   0: 3 0x80005932 (0x00a4b0b3) x 1 0x00000000
core   0: 0x80005936 (0xfc536693) ori     a3, t1, -59
core   0: 3 0x80005936 (0xfc536693) x13 0xffffffc5
core   0: 0x8000593a (0x03eff633) remu    a2, t6, t5
core   0: 3 0x8000593a (0x03eff633) x12 0x00000000
core   0: 0x8000593e (0x017cd213) srli    tp, s9, 23
core   0: 3 0x8000593e (0x017cd213) x 4 0x000001ff
core   0: 0x80005942 (0xb1867313) andi    t1, a2, -1256
core   0: 3 0x80005942 (0xb1867313) x 6 0x00000000
core   0: 0x80005946 (0x01f61d63) bne     a2, t6, pc + 26
core   0: 3 0x80005946 (0x01f61d63)
core   0: 0x8000594a (0x02964f63) blt     a2, s1, pc + 62
core   0: 3 0x8000594a (0x02964f63)
core   0: 0x80005988 (0x00008f49) c.or    a4, a0
core   0: 3 0x80005988 (0x8f49) x14 0x00020c83
core   0: 0x8000598a (0x00000001) c.nop
core   0: 3 0x8000598a (0x0001)
core   0: 0x8000598c (0x00008ec1) c.or    a3, s0
core   0: 3 0x8000598c (0x8ec1) x13 0xffffffff
core   0: 0x8000598e (0x01bd9e13) slli    t3, s11, 27
core   0: 3 0x8000598e (0x01bd9e13) x28 0xf8000000
core   0: 0x80005992 (0x03d1b5b3) mulhu   a1, gp, t4
core   0: 3 0x80005992 (0x03d1b5b3) x11 0x8741904c
core   0: 0x80005996 (0xac8cc693) xori    a3, s9, -1336
core   0: 3 0x80005996 (0xac8cc693) x13 0x00000305
core   0: 0x8000599a (0x007c5563) bge     s8, t2, pc + 10
core   0: 3 0x8000599a (0x007c5563)
core   0: 0x800059a4 (0x0000e1a1) c.bnez  a1, pc + 64
core   0: 3 0x800059a4 (0xe1a1)
core   0: 0x800059e4 (0x00008ca1) c.xor   s1, s0
core   0: 3 0x800059e4 (0x8ca1) x 9 0x03fffcea
core   0: 0x800059e6 (0x0344cd33) div     s10, s1, s4
core   0: 3 0x800059e6 (0x0344cd33) x26 0x0001886d
core   0: 0x800059ea (0x030a7133) remu    sp, s4, a6
core   0: 3 0x800059ea (0x030a7133) x 2 0x0000029c
core   0: 0x800059ee (0x007e1a33) sll     s4, t3, t2
core   0: 3 0x800059ee (0x007e1a33) x20 0x00000000
core   0: 0x800059f2 (0xd8f90513) addi    a0, s2, -625
core   0: 3 0x800059f2 (0xd8f90513) x10 0xfffffda0
core   0: 0x800059f6 (0x00008df1) c.and   a1, a2
core   0: 3 0x800059f6 (0x8df1) x11 0x00000000
core   0: 0x800059f8 (0x02103033) mulhu   zero, zero, ra
core   0: 3 0x800059f8 (0x02103033)
core   0: 0x800059fc (0x0ff0000f) fence   iorw,iorw
core   0: 3 0x800059fc (0x0ff0000f)
core   0: 0x80005a00 (0x00008211) c.srli  a2, 4
core   0: 3 0x80005a00 (0x8211) x12 0x00000000
core   0: 0x80005a02 (0x81d5cc13) xori    s8, a1, -2019
core   0: 3 0x80005a02 (0x81d5cc13) x24 0xfffff81d
core   0: 0x80005a06 (0x41010333) sub     t1, sp, a6
core   0: 3 0x80005a06 (0x41010333) x 6 0x0000029c
core   0: 0x80005a0a (0x02c752b3) divu    t0, a4, a2
core   0: 3 0x80005a0a (0x02c752b3) x 5 0xffffffff
core   0: 0x80005a0e (0x9568e9b7) lui     s3, 0x9568e
core   0: 3 0x80005a0e (0x9568e9b7) x19 0x9568e000
core   0: 0x80005a12 (0xb74ee813) ori     a6, t4, -1164
core   0: 3 0x80005a12 (0xb74ee813) x16 0xfffffb74
core   0: 0x80005a16 (0x00008d11) c.sub   a0, a2
core   0: 3 0x80005a16 (0x8d11) x10 0xfffffda0
core   0: 0x80005a18 (0x400ad233) sra     tp, s5, zero
core   0: 3 0x80005a18 (0x400ad233) x 4 0x80025e64
core   0: 0x80005a1c (0x590b4013) xori    zero, s6, 1424
core   0: 3 0x80005a1c (0x590b4013)
core   0: 0x80005a20 (0x0000872a) c.mv    a4, a0
core   0: 3 0x80005a20 (0x872a) x14 0xfffffda0
core   0: 0x80005a22 (0x9a268113) addi    sp, a3, -1630
core   0: 3 0x80005a22 (0x9a268113) x 2 0xfffffca7
core   0: 0x80005a26 (0x00006175) c.addi16sp sp, 368
core   0: 3 0x80005a26 (0x6175) x 2 0xfffffe17
core   0: 0x80005a28 (0xe7e5a4b7) lui     s1, 0xe7e5a
core   0: 3 0x80005a28 (0xe7e5a4b7) x 9 0xe7e5a000
core   0: 0x80005a2c (0x408983b3) sub     t2, s3, s0
core   0: 3 0x80005a2c (0x408983b3) x 7 0x9168e001
core   0: 0x80005a30 (0x02144fb3) div     t6, s0, ra
core   0: 3 0x80005a30 (0x02144fb3) x31 0xffffffff
core   0: 0x80005a34 (0x03a01cb3) mulh    s9, zero, s10
core   0: 3 0x80005a34 (0x03a01cb3) x25 0x00000000
core   0: 0x80005a38 (0x029806b3) mul     a3, a6, s1
core   0: 3 0x80005a38 (0x029806b3) x13 0x97ec8000
core   0: 0x80005a3c (0x02988cb3) mul     s9, a7, s1
core   0: 3 0x80005a3c (0x02988cb3) x25 0x00000000
core   0: 0x80005a40 (0x00008d6d) c.and   a0, a1
core   0: 3 0x80005a40 (0x8d6d) x10 0x00000000
core   0: 0x80005a42 (0x00000001) c.nop
core   0: 3 0x80005a42 (0x0001)
core   0: 0x80005a44 (0x5f6e6213) ori     tp, t3, 1526
core   0: 3 0x80005a44 (0x5f6e6213) x 4 0xf80005f6
core   0: 0x80005a48 (0x7b5eca37) lui     s4, 0x7b5ec
core   0: 3 0x80005a48 (0x7b5eca37) x20 0x7b5ec000
core   0: 0x80005a4c (0x0225d0b3) divu    ra, a1, sp
core   0: 3 0x80005a4c (0x0225d0b3) x 1 0x00000000
core   0: 0x80005a50 (0x0000c999) c.beqz  a1, pc + 22
core   0: 3 0x80005a50 (0xc999)
core   0: 0x80005a66 (0x0000717d) c.addi16sp sp, -16
core   0: 3 0x80005a66 (0x717d) x 2 0xfffffe07
core   0: 0x80005a68 (0x00001e18) c.addi4spn a4, sp, 816
core   0: 3 0x80005a68 (0x1e18) x14 0x00000137
core   0: 0x80005a6a (0x6b082737) lui     a4, 0x6b082
core   0: 3 0x80005a6a (0x6b082737) x14 0x6b082000
core   0: 0x80005a6e (0x00add713) srli    a4, s11, 10
core   0: 3 0x80005a6e (0x00add713) x14 0x003fffff
core   0: 0x80005a72 (0x012a8a33) add     s4, s5, s2
core   0: 3 0x80005a72 (0x012a8a33) x20 0x80025e75
core   0: 0x80005a76 (0x02badb63) bge     s5, a1, pc + 54
core   0: 3 0x80005a76 (0x02badb63)
core   0: 0x80005a7a (0x00008d65) c.and   a0, s1
core   0: 3 0x80005a7a (0x8d65) x10 0x00000000
core   0: 0x80005a7c (0x4bb93837) lui     a6, 0x4bb93
core   0: 3 0x80005a7c (0x4bb93837) x16 0x4bb93000
core   0: 0x80005a80 (0x00649e93) slli    t4, s1, 6
core   0: 3 0x80005a80 (0x00649e93) x29 0xf9680000
core   0: 0x80005a84 (0x00001d84) c.addi4spn s1, sp, 752
core   0: 3 0x80005a84 (0x1d84) x 9 0x000000f7
core   0: 0x80005a86 (0x96eaff93) andi    t6, s5, -1682
core   0: 3 0x80005a86 (0x96eaff93) x31 0x80025864
core   0: 0x80005a8a (0x0000717d) c.addi16sp sp, -16
core   0: 3 0x80005a8a (0x717d) x 2 0xfffffdf7
core   0: 0x80005a8c (0x00009146) c.add   sp, a7
core   0: 3 0x80005a8c (0x9146) x 2 0xfffffdf7
core   0: 0x80005a8e (0x00008d51) c.or    a0, a2
core   0: 3 0x80005a8e (0x8d51) x10 0x00000000
core   0: 0x80005a90 (0x00008b0e) c.mv    s6, gp
core   0: 3 0x80005a90 (0x8b0e) x22 0xc2100000
core   0: 0x80005a92 (0x04cdf413) andi    s0, s11, 76
core   0: 3 0x80005a92 (0x04cdf413) x 8 0x0000004c
core   0: 0x80005a96 (0xba9b3593) sltiu   a1, s6, -1111
core   0: 3 0x80005a96 (0xba9b3593) x11 0x00000001
core   0: 0x80005a9a (0x00006165) c.addi16sp sp, 112
core   0: 3 0x80005a9a (0x6165) x 2 0xfffffe67
core   0: 0x80005a9c (0x020c6633) rem     a2, s8, zero
core   0: 3 0x80005a9c (0x020c6633) x12 0xfffff81d
core   0: 0x80005aa0 (0x01632b33) slt     s6, t1, s6
core   0: 3 0x80005aa0 (0x01632b33) x22 0x00000000
core   0: 0x80005aa4 (0x01a2a3b3) slt     t2, t0, s10
core   0: 3 0x80005aa4 (0x01a2a3b3) x 7 0x00000001
core   0: 0x80005aa8 (0x00008eed) c.and   a3, a1
core   0: 3 0x80005aa8 (0x8eed) x13 0x00000000
core   0: 0x80005aaa (0x0000ca9d) c.beqz  a3, pc + 54
core   0: 3 0x80005aaa (0xca9d)
core   0: 0x80005ae0 (0x002ef433) and     s0, t4, sp
core   0: 3 0x80005ae0 (0x002ef433) x 8 0xf9680000
core   0: 0x80005ae4 (0x0138fbb3) and     s7, a7, s3
core   0: 3 0x80005ae4 (0x0138fbb3) x23 0x00000000
core   0: 0x80005ae8 (0x011e6e63) bltu    t3, a7, pc + 28
core   0: 3 0x80005ae8 (0x011e6e63)
core   0: 0x80005aec (0x002cdc13) srli    s8, s9, 2
core   0: 3 0x80005aec (0x002cdc13) x24 0x00000000
core   0: 0x80005af0 (0x33b62b13) slti    s6, a2, 827
core   0: 3 0x80005af0 (0x33b62b13) x22 0x00000001
core   0: 0x80005af4 (0x015e0d63) beq     t3, s5, pc + 26
core   0: 3 0x80005af4 (0x015e0d63)
core   0: 0x80005af8 (0x0000127d) c.addi  tp, -1
core   0: 3 0x80005af8 (0x127d) x 4 0xf80005f5
core   0: 0x80005afa (0x02ff6693) ori     a3, t5, 47
core   0: 3 0x80005afa (0x02ff6693) x13 0xffffffff
core   0: 0x80005afe (0x01cc6433) or      s0, s8, t3
core   0: 3 0x80005afe (0x01cc6433) x 8 0xf8000000
core   0: 0x80005b02 (0x0000835e) c.mv    t1, s7
core   0: 3 0x80005b02 (0x835e) x 6 0x00000000
core   0: 0x80005b04 (0x0267b0b3) mulhu   ra, a5, t1
core   0: 3 0x80005b04 (0x0267b0b3) x 1 0x00000000
core   0: 0x80005b08 (0x0000100f) fence.i
core   0: 3 0x80005b08 (0x0000100f)
core   0: 0x80005b0c (0x00000001) c.nop
core   0: 3 0x80005b0c (0x0001)
core   0: 0x80005b0e (0x00008045) c.srli  s0, 17
core   0: 3 0x80005b0e (0x8045) x 8 0x00007c00
core   0: 0x80005b10 (0x00240b63) beq     s0, sp, pc + 22
core   0: 3 0x80005b10 (0x00240b63)
core   0: 0x80005b14 (0x03078513) addi    a0, a5, 48
core   0: 3 0x80005b14 (0x03078513) x10 0x80029d14
core   0: 0x80005b18 (0x020e4cb3) div     s9, t3, zero
core   0: 3 0x80005b18 (0x020e4cb3) x25 0xffffffff
core   0: 0x80005b1c (0x01559c13) slli    s8, a1, 21
core   0: 3 0x80005b1c (0x01559c13) x24 0x00200000
core   0: 0x80005b20 (0x01b27f33) and     t5, tp, s11
core   0: 3 0x80005b20 (0x01b27f33) x30 0xf80005f5
core   0: 0x80005b24 (0x00000c95) c.addi  s9, 5
core   0: 3 0x80005b24 (0x0c95) x25 0x00000004
core   0: 0x80005b26 (0x00000286) c.slli  t0, 1
core   0: 3 0x80005b26 (0x0286) x 5 0xfffffffe
core   0: 0x80005b28 (0x00001608) c.addi4spn a0, sp, 800
core   0: 3 0x80005b28 (0x1608) x10 0x00000187
core   0: 0x80005b2a (0x00000001) c.nop
core   0: 3 0x80005b2a (0x0001)
core   0: 0x80005b2c (0x00008c5d) c.or    s0, a5
core   0: 3 0x80005b2c (0x8c5d) x 8 0x8002fce4
core   0: 0x80005b2e (0x00008abd) c.andi  a3, 15
core   0: 3 0x80005b2e (0x8abd) x13 0x0000000f
core   0: 0x80005b30 (0x01cb1293) slli    t0, s6, 28
core   0: 3 0x80005b30 (0x01cb1293) x 5 0x10000000
core   0: 0x80005b34 (0x00000001) c.nop
core   0: 3 0x80005b34 (0x0001)
core   0: 0x80005b36 (0x00008e89) c.sub   a3, a0
core   0: 3 0x80005b36 (0x8e89) x13 0xfffffe88
core   0: 0x80005b38 (0x039abd33) mulhu   s10, s5, s9
core   0: 3 0x80005b38 (0x039abd33) x26 0x00000002
core   0: 0x80005b3c (0x034de733) rem     a4, s11, s4
core   0: 3 0x80005b3c (0x034de733) x14 0xffffffff
core   0: 0x80005b40 (0x03e0dd63) bge     ra, t5, pc + 58
core   0: 3 0x80005b40 (0x03e0dd63)
core   0: 0x80005b7a (0x00008f7d) c.and   a4, a5
core   0: 3 0x80005b7a (0x8f7d) x14 0x80029ce4
core   0: 0x80005b7c (0x00008c85) c.sub   s1, s1
core   0: 3 0x80005b7c (0x8c85) x 9 0x00000000
core   0: 0x80005b7e (0x00f90f33) add     t5, s2, a5
core   0: 3 0x80005b7e (0x00f90f33) x30 0x80029cf5
core   0: 0x80005b82 (0x00019b97) auipc   s7, 0x19
core   0: 3 0x80005b82 (0x00019b97) x23 0x8001eb82
core   0: 0x80005b86 (0x693b8b93) addi    s7, s7, 1683
core   0: 3 0x80005b86 (0x693b8b93) x23 0x8001f215
core   0: 0x80005b8a (0xffbb9f03) lh      t5, -5(s7)
core   0: 3 0x80005b8a (0xffbb9f03) x30 0x00005f24 mem 0x8001f210
core   0: 0x80005b8e (0xfe4b8da3) sb      tp, -5(s7)
core   0: 3 0x80005b8e (0xfe4b8da3) mem 0x8001f210 0xf5
core   0: 0x80005b92 (0x003bce03) lbu     t3, 3(s7)
core   0: 3 0x80005b92 (0x003bce03) x28 0x000000cf mem 0x8001f218
core   0: 0x80005b96 (0x003bc903) lbu     s2, 3(s7)
core   0: 3 0x80005b96 (0x003bc903) x18 0x000000cf mem 0x8001f218
core   0: 0x80005b9a (0x008b91a3) sh      s0, 3(s7)
core   0: 3 0x80005b9a (0x008b91a3) mem 0x8001f218 0xfce4
core   0: 0x80005b9e (0x41dfd713) srai    a4, t6, 29
core   0: 3 0x80005b9e (0x41dfd713) x14 0xfffffffc
core   0: 0x80005ba2 (0x000bc483) lbu     s1, 0(s7)
core   0: 3 0x80005ba2 (0x000bc483) x 9 0x000000b7 mem 0x8001f215
core   0: 0x80005ba6 (0xffeb88a3) sb      t5, -15(s7)
core   0: 3 0x80005ba6 (0xffeb88a3) mem 0x8001f206 0x24
core   0: 0x80005baa (0xfe5b98a3) sh      t0, -15(s7)
core   0: 3 0x80005baa (0xfe5b98a3) mem 0x8001f206 0x0000
core   0: 0x80005bae (0xff6bcc03) lbu     s8, -10(s7)
core   0: 3 0x80005bae (0xff6bcc03) x24 0x00000025 mem 0x8001f20b
core   0: 0x80005bb2 (0x001bd603) lhu     a2, 1(s7)
core   0: 3 0x80005bb2 (0x001bd603) x12 0x00009ce8 mem 0x8001f216
core   0: 0x80005bb6 (0x001b9f83) lh      t6, 1(s7)
core   0: 3 0x80005bb6 (0x001b9f83) x31 0xffff9ce8 mem 0x8001f216
core   0: 0x80005bba (0x001bca03) lbu     s4, 1(s7)
core   0: 3 0x80005bba (0x001bca03) x20 0x000000e8 mem 0x8001f216
core   0: 0x80005bbe (0xff2b8a23) sb      s2, -12(s7)
core   0: 3 0x80005bbe (0xff2b8a23) mem 0x8001f209 0xcf
core   0: 0x80005bc2 (0xff4bc703) lbu     a4, -12(s7)
core   0: 3 0x80005bc2 (0xff4bc703) x14 0x000000cf mem 0x8001f209
core   0: 0x80005bc6 (0x003b8123) sb      gp, 2(s7)
core   0: 3 0x80005bc6 (0x003b8123) mem 0x8001f217 0x0
core   0: 0x80005bca (0x025f89b3) mul     s3, t6, t0
core   0: 3 0x80005bca (0x025f89b3) x19 0x80000000
core   0: 0x80005bce (0x011dd4b3) srl     s1, s11, a7
core   0: 3 0x80005bce (0x011dd4b3) x 9 0xffffffff
core   0: 0x80005bd2 (0x9c8fc713) xori    a4, t6, -1592
core   0: 3 0x80005bd2 (0x9c8fc713) x14 0x00006520
core   0: 0x80005bd6 (0x01f06a63) bltu    zero, t6, pc + 20
core   0: 3 0x80005bd6 (0x01f06a63)
core   0: 0x80005bea (0x028d4763) blt     s10, s0, pc + 46
core   0: 3 0x80005bea (0x028d4763)
core   0: 0x80005bee (0x0000100f) fence.i
core   0: 3 0x80005bee (0x0000100f)
core   0: 0x80005bf2 (0x035a1363) bne     s4, s5, pc + 38
core   0: 3 0x80005bf2 (0x035a1363)
core   0: 0x80005c18 (0x00000921) c.addi  s2, 8
core   0: 3 0x80005c18 (0x0921) x18 0x000000d7
core   0: 0x80005c1a (0x0000920e) c.add   tp, gp
core   0: 3 0x80005c1a (0x920e) x 4 0xba1005f5
core   0: 0x80005c1c (0x0000100f) fence.i
core   0: 3 0x80005c1c (0x0000100f)
core   0: 0x80005c20 (0x0000862d) c.srai  a2, 11
core   0: 3 0x80005c20 (0x862d) x12 0x00000013
core   0: 0x80005c22 (0x0bf14137) lui     sp, 0xbf14
core   0: 3 0x80005c22 (0x0bf14137) x 2 0x0bf14000
core   0: 0x80005c26 (0x00d9dd63) bge     s3, a3, pc + 26
core   0: 3 0x80005c26 (0x00d9dd63)
core   0: 0x80005c2a (0x027115b3) mulh    a1, sp, t2
core   0: 3 0x80005c2a (0x027115b3) x11 0x00000000
core   0: 0x80005c2e (0x00000001) c.nop
core   0: 3 0x80005c2e (0x0001)
core   0: 0x80005c30 (0x8cadb093) sltiu   ra, s11, -1846
core   0: 3 0x80005c30 (0x8cadb093) x 1 0x00000000
core   0: 0x80005c34 (0x000059fd) c.li    s3, -1
core   0: 3 0x80005c34 (0x59fd) x19 0xffffffff
core   0: 0x80005c36 (0x17710293) addi    t0, sp, 375
core   0: 3 0x80005c36 (0x17710293) x 5 0x0bf14177
core   0: 0x80005c3a (0x000064e1) c.lui   s1, 0x18
core   0: 3 0x80005c3a (0x64e1) x 9 0x00018000
core   0: 0x80005c3c (0x03e9c163) blt     s3, t5, pc + 34
core   0: 3 0x80005c3c (0x03e9c163)
core   0: 0x80005c5e (0x01a54b63) blt     a0, s10, pc + 22
core   0: 3 0x80005c5e (0x01a54b63)
core   0: 0x80005c62 (0x0000100f) fence.i
core   0: 3 0x80005c62 (0x0000100f)
core   0: 0x80005c66 (0x0000eb1d) c.bnez  a4, pc + 54
core   0: 3 0x80005c66 (0xeb1d)
core   0: 0x80005c9c (0x0000811a) c.mv    sp, t1
core   0: 3 0x80005c9c (0x811a) x 2 0x00000000
core   0: 0x80005c9e (0x00265493) srli    s1, a2, 2
core   0: 3 0x80005c9e (0x00265493) x 9 0x00000004
core   0: 0x80005ca2 (0x41595d33) sra     s10, s2, s5
core   0: 3 0x80005ca2 (0x41595d33) x26 0x0000000d
core   0: 0x80005ca6 (0x77b2c313) xori    t1, t0, 1915
core   0: 3 0x80005ca6 (0x77b2c313) x 6 0x0bf1460c
core   0: 0x80005caa (0x0291c963) blt     gp, s1, pc + 50
core   0: 3 0x80005caa (0x0291c963)
core   0: 0x80005cdc (0x00008ed1) c.or    a3, a2
core   0: 3 0x80005cdc (0x8ed1) x13 0xfffffe9b
core   0: 0x80005cde (0x019091b3) sll     gp, ra, s9
core   0: 3 0x80005cde (0x019091b3) x 3 0x00000000
core   0: 0x80005ce2 (0x00001e10) c.addi4spn a2, sp, 816
core   0: 3 0x80005ce2 (0x1e10) x12 0x00000330
core   0: 0x80005ce4 (0x00008f4d) c.or    a4, a1
core   0: 3 0x80005ce4 (0x8f4d) x14 0x00006520
core   0: 0x80005ce6 (0x03c7fbb3) remu    s7, a5, t3
core   0: 3 0x80005ce6 (0x03c7fbb3) x23 0x0000004c
core   0: 0x80005cea (0x419d7f13) andi    t5, s10, 1049
core   0: 3 0x80005cea (0x419d7f13) x30 0x00000009
core   0: 0x80005cee (0x4088d633) sra     a2, a7, s0
core   0: 3 0x80005cee (0x4088d633) x12 0x00000000
core   0: 0x80005cf2 (0x00006651) c.lui   a2, 0x14
core   0: 3 0x80005cf2 (0x6651) x12 0x00014000
core   0: 0x80005cf4 (0x03436663) bltu    t1, s4, pc + 44
core   0: 3 0x80005cf4 (0x03436663)
core   0: 0x80005cf8 (0x017ff663) bgeu    t6, s7, pc + 12
core   0: 3 0x80005cf8 (0x017ff663)
core   0: 0x80005d04 (0x000742b3) xor     t0, a4, zero
core   0: 3 0x80005d04 (0x000742b3) x 5 0x00006520
core   0: 0x80005d08 (0x01ec1d63) bne     s8, t5, pc + 26
core   0: 3 0x80005d08 (0x01ec1d63)
core   0: 0x80005d22 (0x0224d5b3) divu    a1, s1, sp
core   0: 3 0x80005d22 (0x0224d5b3) x11 0xffffffff
core   0: 0x80005d26 (0x00008c1d) c.sub   s0, a5
core   0: 3 0x80005d26 (0x8c1d) x 8 0x00006000
core   0: 0x80005d28 (0x000089f5) c.andi  a1, 29
core   0: 3 0x80005d28 (0x89f5) x11 0x0000001d
core   0: 0x80005d2a (0x01ee5a33) srl     s4, t3, t5
core   0: 3 0x80005d2a (0x01ee5a33) x20 0x00000000
core   0: 0x80005d2e (0x00009afd) c.andi  a3, -1
core   0: 3 0x80005d2e (0x9afd) x13 0xfffffe9b
core   0: 0x80005d30 (0x00006b09) c.lui   s6, 0x2
core   0: 3 0x80005d30 (0x6b09) x22 0x00002000
core   0: 0x80005d32 (0x01e77eb3) and     t4, a4, t5
core   0: 3 0x80005d32 (0x01e77eb3) x29 0x00000000
core   0: 0x80005d36 (0x00380e63) beq     a6, gp, pc + 28
core   0: 3 0x80005d36 (0x00380e63)
core   0: 0x80005d3a (0x026c0833) mul     a6, s8, t1
core   0: 3 0x80005d3a (0x026c0833) x16 0xb9df1fbc
core   0: 0x80005d3e (0x03aa4733) div     a4, s4, s10
core   0: 3 0x80005d3e (0x03aa4733) x14 0x00000000
core   0: 0x80005d42 (0xada16b93) ori     s7, sp, -1318
core   0: 3 0x80005d42 (0xada16b93) x23 0xfffffada
core   0: 0x80005d46 (0x0000c775) c.beqz  a4, pc + 236
core   0: 3 0x80005d46 (0xc775)
core   0: 0x80005e32 (0x0056b233) sltu    tp, a3, t0
core   0: 3 0x80005e32 (0x0056b233) x 4 0x00000000
core   0: 0x80005e36 (0x0000826a) c.mv    tp, s10
core   0: 3 0x80005e36 (0x826a) x 4 0x0000000d
core   0: 0x80005e38 (0x02579c63) bne     a5, t0, pc + 56
core   0: 3 0x80005e38 (0x02579c63)
core   0: 0x80005e70 (0x0000987d) c.andi  s0, -1
core   0: 3 0x80005e70 (0x987d) x 8 0x00006000
core   0: 0x80005e72 (0x0000e319) c.bnez  a4, pc + 6
core   0: 3 0x80005e72 (0xe319)
core   0: 0x80005e74 (0x03bd8f33) mul     t5, s11, s11
core   0: 3 0x80005e74 (0x03bd8f33) x30 0x00000001
core   0: 0x80005e78 (0x000081aa) c.mv    gp, a0
core   0: 3 0x80005e78 (0x81aa) x 3 0x00000187
core   0: 0x80005e7a (0x03ef44b3) div     s1, t5, t5
core   0: 3 0x80005e7a (0x03ef44b3) x 9 0x00000001
core   0: 0x80005e7e (0x00000585) c.addi  a1, 1
core   0: 3 0x80005e7e (0x0585) x11 0x0000001e
core   0: 0x80005e80 (0x00000590) c.addi4spn a2, sp, 704
core   0: 3 0x80005e80 (0x0590) x12 0x000002c0
core   0: 0x80005e82 (0x00008ed5) c.or    a3, a3
core   0: 3 0x80005e82 (0x8ed5) x13 0xfffffe9b
core   0: 0x80005e84 (0x01b46963) bltu    s0, s11, pc + 18
core   0: 3 0x80005e84 (0x01b46963)
core   0: 0x80005e96 (0x01cb4933) xor     s2, s6, t3
core   0: 3 0x80005e96 (0x01cb4933) x18 0x000020cf
core   0: 0x80005e9a (0x0328c633) div     a2, a7, s2
core   0: 3 0x80005e9a (0x0328c633) x12 0x00000000
core   0: 0x80005e9e (0x01c58d63) beq     a1, t3, pc + 26
core   0: 3 0x80005e9e (0x01c58d63)
core   0: 0x80005ea2 (0x02793933) mulhu   s2, s2, t2
core   0: 3 0x80005ea2 (0x02793933) x18 0x00000000
core   0: 0x80005ea6 (0x0013e263) bltu    t2, ra, pc + 4
core   0: 3 0x80005ea6 (0x0013e263)
core   0: 0x80005eaa (0x016331b3) sltu    gp, t1, s6
core   0: 3 0x80005eaa (0x016331b3) x 3 0x00000000
core   0: 0x80005eae (0x00000b94) c.addi4spn a3, sp, 464
core   0: 3 0x80005eae (0x0b94) x13 0x000001d0
core   0: 0x80005eb0 (0x00000222) c.slli  tp, 8
core   0: 3 0x80005eb0 (0x0222) x 4 0x00000d00
core   0: 0x80005eb2 (0x001774b3) and     s1, a4, ra
core   0: 3 0x80005eb2 (0x001774b3) x 9 0x00000000
core   0: 0x80005eb6 (0x000003de) c.slli  t2, 23
core   0: 3 0x80005eb6 (0x03de) x 7 0x00800000
core   0: 0x80005eb8 (0x000003b2) c.slli  t2, 12
core   0: 3 0x80005eb8 (0x03b2) x 7 0x00000000
core   0: 0x80005eba (0x01f28133) add     sp, t0, t6
core   0: 3 0x80005eba (0x01f28133) x 2 0x00000208
core   0: 0x80005ebe (0x000081ed) c.srli  a1, 27
core   0: 3 0x80005ebe (0x81ed) x11 0x00000000
core   0: 0x80005ec0 (0xb3c93213) sltiu   tp, s2, -1220
core   0: 3 0x80005ec0 (0xb3c93213) x 4 0x00000001
core   0: 0x80005ec4 (0x00004a59) c.li    s4, 22
core   0: 3 0x80005ec4 (0x4a59) x20 0x00000016
core   0: 0x80005ec6 (0x5caf8993) addi    s3, t6, 1482
core   0: 3 0x80005ec6 (0x5caf8993) x19 0xffffa2b2
core   0: 0x80005eca (0x011f7833) and     a6, t5, a7
core   0: 3 0x80005eca (0x011f7833) x16 0x00000000
core   0: 0x80005ece (0x03872bb3) mulhsu  s7, a4, s8
core   0: 3 0x80005ece (0x03872bb3) x23 0x00000000
core   0: 0x80005ed2 (0x030996b3) mulh    a3, s3, a6
core   0: 3 0x80005ed2 (0x030996b3) x13 0x00000000
core   0: 0x80005ed6 (0x00604db3) xor     s11, zero, t1
core   0: 3 0x80005ed6 (0x00604db3) x27 0x0bf1460c
core   0: 0x80005eda (0x00008cfd) c.and   s1, a5
core   0: 3 0x80005eda (0x8cfd) x 9 0x00000000
core   0: 0x80005edc (0x03f0dbb3) divu    s7, ra, t6
core   0: 3 0x80005edc (0x03f0dbb3) x23 0x00000000
core   0: 0x80005ee0 (0x02beacb3) mulhsu  s9, t4, a1
core   0: 3 0x80005ee0 (0x02beacb3) x25 0x00000000
core   0: 0x80005ee4 (0x0010c633) xor     a2, ra, ra
core   0: 3 0x80005ee4 (0x0010c633) x12 0x00000000
core   0: 0x80005ee8 (0x00000700) c.addi4spn s0, sp, 896
core   0: 3 0x80005ee8 (0x0700) x 8 0x00000588
core   0: 0x80005eea (0x000009d2) c.slli  s3, 20
core   0: 3 0x80005eea (0x09d2) x19 0x2b200000
core   0: 0x80005eec (0x41be5d13) srai    s10, t3, 27
core   0: 3 0x80005eec (0x41be5d13) x26 0x00000000
core   0: 0x80005ef0 (0x40485b13) srai    s6, a6, 4
core   0: 3 0x80005ef0 (0x40485b13) x22 0x00000000
core   0: 0x80005ef4 (0x02860e63) beq     a2, s0, pc + 60
core   0: 3 0x80005ef4 (0x02860e63)
core   0: 0x80005ef8 (0x000061f1) c.lui   gp, 0x1c
core   0: 3 0x80005ef8 (0x61f1) x 3 0x0001c000
core   0: 0x80005efa (0x03837bb3) remu    s7, t1, s8
core   0: 3 0x80005efa (0x03837bb3) x23 0x00000009
core   0: 0x80005efe (0x001eb633) sltu    a2, t4, ra
core   0: 3 0x80005efe (0x001eb633) x12 0x00000000
core   0: 0x80005f02 (0xb69ac813) xori    a6, s5, -1175
core   0: 3 0x80005f02 (0xb69ac813) x16 0x7ffda50d
core   0: 0x80005f06 (0x026cc9b3) div     s3, s9, t1
core   0: 3 0x80005f06 (0x026cc9b3) x19 0x00000000
core   0: 0x80005f0a (0x0000ce89) c.beqz  a3, pc + 26
core   0: 3 0x80005f0a (0xce89)
core   0: 0x80005f24 (0x03e0a133) mulhsu  sp, ra, t5
core   0: 3 0x80005f24 (0x03e0a133) x 2 0x00000000
core   0: 0x80005f28 (0x031c6e63) bltu    s8, a7, pc + 60
core   0: 3 0x80005f28 (0x031c6e63)
core   0: 0x80005f2c (0x01b41763) bne     s0, s11, pc + 14
core   0: 3 0x80005f2c (0x01b41763)
core   0: 0x80005f3a (0x01429f63) bne     t0, s4, pc + 30
core   0: 3 0x80005f3a (0x01429f63)
core   0: 0x80005f58 (0x00fffc63) bgeu    t6, a5, pc + 24
core   0: 3 0x80005f58 (0x00fffc63)
core   0: 0x80005f70 (0x00008da5) c.xor   a1, s1
core   0: 3 0x80005f70 (0x8da5) x11 0x00000000
core   0: 0x80005f72 (0x022e8163) beq     t4, sp, pc + 34
core   0: 3 0x80005f72 (0x022e8163)
core   0: 0x80005f94 (0x0221c2b3) div     t0, gp, sp
core   0: 3 0x80005f94 (0x0221c2b3) x 5 0xffffffff
core   0: 0x80005f98 (0xa1004c13) xori    s8, zero, -1520
core   0: 3 0x80005f98 (0xa1004c13) x24 0xfffffa10
core   0: 0x80005f9c (0x00901b63) bne     zero, s1, pc + 22
core   0: 3 0x80005f9c (0x00901b63)
core   0: 0x80005fa0 (0x02111133) mulh    sp, sp, ra
core   0: 3 0x80005fa0 (0x02111133) x 2 0x00000000
core   0: 0x80005fa4 (0x0ff0000f) fence   iorw,iorw
core   0: 3 0x80005fa4 (0x0ff0000f)
core   0: 0x80005fa8 (0x03c145b3) div     a1, sp, t3
core   0: 3 0x80005fa8 (0x03c145b3) x11 0x00000000
core   0: 0x80005fac (0x00005ffd) c.li    t6, -1
core   0: 3 0x80005fac (0x5ffd) x31 0xffffffff
core   0: 0x80005fae (0x00006ffd) c.lui   t6, 0x1f
core   0: 3 0x80005fae (0x6ffd) x31 0x0001f000
core   0: 0x80005fb0 (0x000086b9) c.srai  a3, 14
core   0: 3 0x80005fb0 (0x86b9) x13 0x00000000
core   0: 0x80005fb2 (0x034d5863) bge     s10, s4, pc + 48
core   0: 3 0x80005fb2 (0x034d5863)
core   0: 0x80005fb6 (0x03850e33) mul     t3, a0, s8
core   0: 3 0x80005fb6 (0x03850e33) x28 0xfff6ee70
core   0: 0x80005fba (0x009f8033) add     zero, t6, s1
core   0: 3 0x80005fba (0x009f8033)
core   0: 0x80005fbe (0x00000e62) c.slli  t3, 24
core   0: 3 0x80005fbe (0x0e62) x28 0x70000000
core   0: 0x80005fc0 (0x00b22433) slt     s0, tp, a1
core   0: 3 0x80005fc0 (0x00b22433) x 8 0x00000000
core   0: 0x80005fc4 (0x0000965a) c.add   a2, s6
core   0: 3 0x80005fc4 (0x965a) x12 0x00000000
core   0: 0x80005fc6 (0x031e5433) divu    s0, t3, a7
core   0: 3 0x80005fc6 (0x031e5433) x 8 0xffffffff
core   0: 0x80005fca (0x039a30b3) mulhu   ra, s4, s9
core   0: 3 0x80005fca (0x039a30b3) x 1 0x00000000
core   0: 0x80005fce (0x037179b3) remu    s3, sp, s7
core   0: 3 0x80005fce (0x037179b3) x19 0x00000000
core   0: 0x80005fd2 (0x0279f333) remu    t1, s3, t2
core   0: 3 0x80005fd2 (0x0279f333) x 6 0x00000000
core   0: 0x80005fd6 (0x00000800) c.addi4spn s0, sp, 16
core   0: 3 0x80005fd6 (0x0800) x 8 0x00000010
core   0: 0x80005fd8 (0x039539b3) mulhu   s3, a0, s9
core   0: 3 0x80005fd8 (0x039539b3) x19 0x00000000
core   0: 0x80005fdc (0x02958963) beq     a1, s1, pc + 50
core   0: 3 0x80005fdc (0x02958963)
core   0: 0x8000600e (0xbf4cc537) lui     a0, 0xbf4cc
core   0: 3 0x8000600e (0xbf4cc537) x10 0xbf4cc000
core   0: 0x80006012 (0x00000975) c.addi  s2, 29
core   0: 3 0x80006012 (0x0975) x18 0x0000001d
core   0: 0x80006014 (0x0000837e) c.mv    t1, t6
core   0: 3 0x80006014 (0x837e) x 6 0x0001f000
core   0: 0x80006016 (0x7b7d6093) ori     ra, s10, 1975
core   0: 3 0x80006016 (0x7b7d6093) x 1 0x000007b7
core   0: 0x8000601a (0x016d4c33) xor     s8, s10, s6
core   0: 3 0x8000601a (0x016d4c33) x24 0x00000000
core   0: 0x8000601e (0x0000100f) fence.i
core   0: 3 0x8000601e (0x0000100f)
core   0: 0x80006022 (0x01a20363) beq     tp, s10, pc + 6
core   0: 3 0x80006022 (0x01a20363)
core   0: 0x80006026 (0x00000001) c.nop
core   0: 3 0x80006026 (0x0001)
core   0: 0x80006028 (0xfae66c13) ori     s8, a2, -82
core   0: 3 0x80006028 (0xfae66c13) x24 0xffffffae
core   0: 0x8000602c (0x00508033) add     zero, ra, t0
core   0: 3 0x8000602c (0x00508033)
core   0: 0x80006030 (0x0000177d) c.addi  a4, -1
core   0: 3 0x80006030 (0x177d) x14 0xffffffff
core   0: 0x80006032 (0x0000eb19) c.bnez  a4, pc + 22
core   0: 3 0x80006032 (0xeb19)
core   0: 0x80006048 (0x03d3d133) divu    sp, t2, t4
core   0: 3 0x80006048 (0x03d3d133) x 2 0xffffffff
core   0: 0x8000604c (0x47112493) slti    s1, sp, 1137
core   0: 3 0x8000604c (0x47112493) x 9 0x00000001
core   0: 0x80006050 (0x00008f12) c.mv    t5, tp
core   0: 3 0x80006050 (0x8f12) x30 0x00000001
core   0: 0x80006052 (0x4f6b6f17) auipc   t5, 0x4f6b6
core   0: 3 0x80006052 (0x4f6b6f17) x30 0xcf6bc052
core   0: 0x80006056 (0x00000698) c.addi4spn a4, sp, 832
core   0: 3 0x80006056 (0x0698) x14 0x0000033f
core   0: 0x80006058 (0x0081c3b3) xor     t2, gp, s0
core   0: 3 0x80006058 (0x0081c3b3) x 7 0x0001c010
core   0: 0x8000605c (0x032bba33) mulhu   s4, s7, s2
core   0: 3 0x8000605c (0x032bba33) x20 0x00000000
core   0: 0x80006060 (0x02fff2b3) remu    t0, t6, a5
core   0: 3 0x80006060 (0x02fff2b3) x 5 0x0001f000
core   0: 0x80006064 (0x0351b533) mulhu   a0, gp, s5
core   0: 3 0x80006064 (0x0351b533) x10 0x0000e004
core   0: 0x80006068 (0xe2dccf93) xori    t6, s9, -467
core   0: 3 0x80006068 (0xe2dccf93) x31 0xfffffe2d
core   0: 0x8000606c (0x718eb637) lui     a2, 0x718eb
core   0: 3 0x8000606c (0x718eb637) x12 0x718eb000
core   0: 0x80006070 (0x00001ffd) c.addi  t6, -1
core   0: 3 0x80006070 (0x1ffd) x31 0xfffffe2c
core   0: 0x80006072 (0x00008349) c.srli  a4, 18
core   0: 3 0x80006072 (0x8349) x14 0x00000000
core   0: 0x80006074 (0x000c1a33) sll     s4, s8, zero
core   0: 3 0x80006074 (0x000c1a33) x20 0xffffffae
core   0: 0x80006078 (0x00006711) c.lui   a4, 0x4
core   0: 3 0x80006078 (0x6711) x14 0x00004000
core   0: 0x8000607a (0x00008515) c.srai  a0, 5
core   0: 3 0x8000607a (0x8515) x10 0x00000700
core   0: 0x8000607c (0x23304113) xori    sp, zero, 563
core   0: 3 0x8000607c (0x23304113) x 2 0x00000233
core   0: 0x80006080 (0x0362fb63) bgeu    t0, s6, pc + 54
core   0: 3 0x80006080 (0x0362fb63)
core   0: 0x800060b6 (0x0ff0000f) fence   iorw,iorw
core   0: 3 0x800060b6 (0x0ff0000f)
core   0: 0x800060ba (0x0132d113) srli    sp, t0, 19
core   0: 3 0x800060ba (0x0132d113) x 2 0x00000000
core   0: 0x800060be (0x000082f5) c.srli  a3, 29
core   0: 3 0x800060be (0x82f5) x13 0x00000000
core   0: 0x800060c0 (0x461e4993) xori    s3, t3, 1121
core   0: 3 0x800060c0 (0x461e4993) x19 0x70000461
core   0: 0x800060c4 (0x9cfdbe93) sltiu   t4, s11, -1585
core   0: 3 0x800060c4 (0x9cfdbe93) x29 0x00000001
core   0: 0x800060c8 (0xb9a78e37) lui     t3, 0xb9a78
core   0: 3 0x800060c8 (0xb9a78e37) x28 0xb9a78000
core   0: 0x800060cc (0xf4e044b7) lui     s1, 0xf4e04
core   0: 3 0x800060cc (0xf4e044b7) x 9 0xf4e04000
core   0: 0x800060d0 (0xf992bc93) sltiu   s9, t0, -103
core   0: 3 0x800060d0 (0xf992bc93) x25 0x00000001
core   0: 0x800060d4 (0x000f8db3) add     s11, t6, zero
core   0: 3 0x800060d4 (0x000f8db3) x27 0xfffffe2c
core   0: 0x800060d8 (0x03eb96b3) mulh    a3, s7, t5
core   0: 3 0x800060d8 (0x03eb96b3) x13 0xfffffffe
core   0: 0x800060dc (0x0326ff63) bgeu    a3, s2, pc + 62
core   0: 3 0x800060dc (0x0326ff63)
core   0: 0x8000611a (0x0000913e) c.add   sp, a5
core   0: 3 0x8000611a (0x913e) x 2 0x80029ce4
core   0: 0x8000611c (0x0000010d) c.addi  sp, 3
core   0: 3 0x8000611c (0x010d) x 2 0x80029ce7
core   0: 0x8000611e (0x0052be33) sltu    t3, t0, t0
core   0: 3 0x8000611e (0x0052be33) x28 0x00000000
core   0: 0x80006122 (0x03765f33) divu    t5, a2, s7
core   0: 3 0x80006122 (0x03765f33) x30 0x0c9e138e
core   0: 0x80006126 (0x02205533) divu    a0, zero, sp
core   0: 3 0x80006126 (0x02205533) x10 0x00000000
core   0: 0x8000612a (0xb607bc93) sltiu   s9, a5, -1184
core   0: 3 0x8000612a (0xb607bc93) x25 0x00000001
core   0: 0x8000612e (0x0000c695) c.beqz  a3, pc + 44
core   0: 3 0x8000612e (0xc695)
core   0: 0x80006130 (0x00008dd5) c.or    a1, a3
core   0: 3 0x80006130 (0x8dd5) x11 0xfffffffe
core   0: 0x80006132 (0x00008351) c.srli  a4, 20
core   0: 3 0x80006132 (0x8351) x14 0x00000000
core   0: 0x80006134 (0xd115cb93) xori    s7, a1, -751
core   0: 3 0x80006134 (0xd115cb93) x23 0x000002ef
core   0: 0x80006138 (0x037bb4b3) mulhu   s1, s7, s7
core   0: 3 0x80006138 (0x037bb4b3) x 9 0x00000000
core   0: 0x8000613c (0xd4c10a13) addi    s4, sp, -692
core   0: 3 0x8000613c (0xd4c10a13) x20 0x80029a33
core   0: 0x80006140 (0x0ff0000f) fence   iorw,iorw
core   0: 3 0x80006140 (0x0ff0000f)
core   0: 0x80006144 (0x9479a493) slti    s1, s3, -1721
core   0: 3 0x80006144 (0x9479a493) x 9 0x00000000
core   0: 0x80006148 (0x03062333) mulhsu  t1, a2, a6
core   0: 3 0x80006148 (0x03062333) x 6 0x38c64c8a
core   0: 0x8000614c (0x00008c39) c.xor   s0, a4
core   0: 3 0x8000614c (0x8c39) x 8 0x00000010
core   0: 0x8000614e (0x014f46b3) xor     a3, t5, s4
core   0: 3 0x8000614e (0x014f46b3) x13 0x8c9c89bd
core   0: 0x80006152 (0x0122b6b3) sltu    a3, t0, s2
core   0: 3 0x80006152 (0x0122b6b3) x13 0x00000000
core   0: 0x80006156 (0x02992db3) mulhsu  s11, s2, s1
core   0: 3 0x80006156 (0x02992db3) x27 0x00000000
core   0: 0x8000615a (0x8f0d7a13) andi    s4, s10, -1808
core   0: 3 0x8000615a (0x8f0d7a13) x20 0x00000000
core   0: 0x8000615e (0x00000001) c.nop
core   0: 3 0x8000615e (0x0001)
core   0: 0x80006160 (0x01758d63) beq     a1, s7, pc + 26
core   0: 3 0x80006160 (0x01758d63)
core   0: 0x80006164 (0x00a1efb3) or      t6, gp, a0
core   0: 3 0x80006164 (0x00a1efb3) x31 0x0001c000
core   0: 0x80006168 (0x0000ea15) c.bnez  a2, pc + 52
core   0: 3 0x80006168 (0xea15)
core   0: 0x8000619c (0x0000852d) c.srai  a0, 11
core   0: 3 0x8000619c (0x852d) x10 0x00000000
core   0: 0x8000619e (0x40de8733) sub     a4, t4, a3
core   0: 3 0x8000619e (0x40de8733) x14 0x00000001
core   0: 0x800061a2 (0x00000001) c.nop
core   0: 3 0x800061a2 (0x0001)
core   0: 0x800061a4 (0xb7523b13) sltiu   s6, tp, -1163
core   0: 3 0x800061a4 (0xb7523b13) x22 0x00000001
core   0: 0x800061a8 (0x0089b2b3) sltu    t0, s3, s0
core   0: 3 0x800061a8 (0x0089b2b3) x 5 0x00000000
core   0: 0x800061ac (0x00008ddd) c.or    a1, a5
core   0: 3 0x800061ac (0x8ddd) x11 0xfffffffe
core   0: 0x800061ae (0x02ead733) divu    a4, s5, a4
core   0: 3 0x800061ae (0x02ead733) x14 0x80025e64
core   0: 0x800061b2 (0x0a938763) beq     t2, s1, pc + 174
core   0: 3 0x800061b2 (0x0a938763)
core   0: 0x800061b6 (0x415b0f33) sub     t5, s6, s5
core   0: 3 0x800061b6 (0x415b0f33) x30 0x7ffda19d
core   0: 0x800061ba (0x402a8eb3) sub     t4, s5, sp
core   0: 3 0x800061ba (0x402a8eb3) x29 0xffffc17d
core   0: 0x800061be (0x03e932b3) mulhu   t0, s2, t5
core   0: 3 0x800061be (0x03e932b3) x 5 0x0000000e
core   0: 0x800061c2 (0x03f540b3) div     ra, a0, t6
core   0: 3 0x800061c2 (0x03f540b3) x 1 0x00000000
core   0: 0x800061c6 (0x0000bc97) auipc   s9, 0xb
core   0: 3 0x800061c6 (0x0000bc97) x25 0x800111c6
core   0: 0x800061ca (0xa22c8c93) addi    s9, s9, -1502
core   0: 3 0x800061ca (0xa22c8c93) x25 0x80010be8
core   0: 0x800061ce (0x848a8113) addi    sp, s5, -1976
core   0: 3 0x800061ce (0x848a8113) x 2 0x800256ac
core   0: 0x800061d2 (0x00361eb3) sll     t4, a2, gp
core   0: 3 0x800061d2 (0x00361eb3) x29 0x718eb000
core   0: 0x800061d6 (0xff8cde83) lhu     t4, -8(s9)
core   0: 3 0x800061d6 (0xff8cde83) x29 0x00008f2d mem 0x80010be0
core   0: 0x800061da (0x0000197d) c.addi  s2, -1
core   0: 3 0x800061da (0x197d) x18 0x0000001c
core   0: 0x800061dc (0x004c8823) sb      tp, 16(s9)
core   0: 3 0x800061dc (0x004c8823) mem 0x80010bf8 0x1
core   0: 0x800061e0 (0xfe7c88a3) sb      t2, -15(s9)
core   0: 3 0x800061e0 (0xfe7c88a3) mem 0x80010bd9 0x10
core   0: 0x800061e4 (0x004cc403) lbu     s0, 4(s9)
core   0: 3 0x800061e4 (0x004cc403) x 8 0x000000e4 mem 0x80010bec
core   0: 0x800061e8 (0x01bc83a3) sb      s11, 7(s9)
core   0: 3 0x800061e8 (0x01bc83a3) mem 0x80010bef 0x0
core   0: 0x800061ec (0x00006d3d) c.lui   s10, 0xf
core   0: 3 0x800061ec (0x6d3d) x26 0x0000f000
core   0: 0x800061ee (0x012c8523) sb      s2, 10(s9)
core   0: 3 0x800061ee (0x012c8523) mem 0x80010bf2 0x1c
core   0: 0x800061f2 (0x0ff0000f) fence   iorw,iorw
core   0: 3 0x800061f2 (0x0ff0000f)
core   0: 0x800061f6 (0x01770333) add     t1, a4, s7
core   0: 3 0x800061f6 (0x01770333) x 6 0x80026153
core   0: 0x800061fa (0x000099fd) c.andi  a1, -1
core   0: 3 0x800061fa (0x99fd) x11 0xfffffffe
core   0: 0x800061fc (0xfe1c8f23) sb      ra, -2(s9)
core   0: 3 0x800061fc (0xfe1c8f23) mem 0x80010be6 0x0
core   0: 0x80006200 (0x41190bb3) sub     s7, s2, a7
core   0: 3 0x80006200 (0x41190bb3) x23 0x0000001c
core   0: 0x80006204 (0x00008ddd) c.or    a1, a5
core   0: 3 0x80006204 (0x8ddd) x11 0xfffffffe
core   0: 0x80006206 (0x40848eb3) sub     t4, s1, s0
core   0: 3 0x80006206 (0x40848eb3) x29 0xffffff1c
core   0: 0x8000620a (0xffdc8b03) lb      s6, -3(s9)
core   0: 3 0x8000620a (0xffdc8b03) x22 0xfffffff5 mem 0x80010be5
core   0: 0x8000620e (0xfe2c88a3) sb      sp, -15(s9)
core   0: 3 0x8000620e (0xfe2c88a3) mem 0x80010bd9 0xac
core   0: 0x80006212 (0x00971fb3) sll     t6, a4, s1
core   0: 3 0x80006212 (0x00971fb3) x31 0x80025e64
core   0: 0x80006216 (0x0000517d) c.li    sp, -1
core   0: 3 0x80006216 (0x517d) x 2 0xffffffff
core   0: 0x80006218 (0x007c8383) lb      t2, 7(s9)
core   0: 3 0x80006218 (0x007c8383) x 7 0x00000000 mem 0x80010bef
core   0: 0x8000621c (0xfeac9f23) sh      a0, -2(s9)
core   0: 3 0x8000621c (0xfeac9f23) mem 0x80010be6 0x0000
core   0: 0x80006220 (0x02387433) remu    s0, a6, gp
core   0: 3 0x80006220 (0x02387433) x 8 0x0000650d
core   0: 0x80006224 (0x01fc8823) sb      t6, 16(s9)
core   0: 3 0x80006224 (0x01fc8823) mem 0x80010bf8 0x64
core   0: 0x80006228 (0x006cc383) lbu     t2, 6(s9)
core   0: 3 0x80006228 (0x006cc383) x 7 0x00000002 mem 0x80010bee
core   0: 0x8000622c (0x004c8503) lb      a0, 4(s9)
core   0: 3 0x8000622c (0x004c8503) x10 0xffffffe4 mem 0x80010bec
core   0: 0x80006230 (0x00008d7d) c.and   a0, a5
core   0: 3 0x80006230 (0x8d7d) x10 0x80029ce4
core   0: 0x80006232 (0x02c596b3) mulh    a3, a1, a2
core   0: 3 0x80006232 (0x02c596b3) x13 0xffffffff
core   0: 0x80006236 (0x00000390) c.addi4spn a2, sp, 448
core   0: 3 0x80006236 (0x0390) x12 0x000001bf
core   0: 0x80006238 (0xffccde03) lhu     t3, -4(s9)
core   0: 3 0x80006238 (0xffccde03) x28 0x0000f552 mem 0x80010be4
core   0: 0x8000623c (0x009cc183) lbu     gp, 9(s9)
core   0: 3 0x8000623c (0x009cc183) x 3 0x00000069 mem 0x80010bf1
core   0: 0x80006240 (0x00ec9a03) lh      s4, 14(s9)
core   0: 3 0x80006240 (0x00ec9a03) x20 0xffffb90b mem 0x80010bf6
core   0: 0x80006244 (0x00008e81) c.sub   a3, s0
core   0: 3 0x80006244 (0x8e81) x13 0xffff9af2
core   0: 0x80006246 (0xff4c9483) lh      s1, -12(s9)
core   0: 3 0x80006246 (0xff4c9483) x 9 0xffffc749 mem 0x80010bdc
core   0: 0x8000624a (0x00000001) c.nop
core   0: 3 0x8000624a (0x0001)
core   0: 0x8000624c (0x00f50eb3) add     t4, a0, a5
core   0: 3 0x8000624c (0x00f50eb3) x29 0x000539c8
core   0: 0x80006250 (0xff8c8383) lb      t2, -8(s9)
core   0: 3 0x80006250 (0xff8c8383) x 7 0x0000002d mem 0x80010be0
core   0: 0x80006254 (0x005bd033) srl     zero, s7, t0
core   0: 3 0x80006254 (0x005bd033)
core   0: 0x80006258 (0x0187b833) sltu    a6, a5, s8
core   0: 3 0x80006258 (0x0187b833) x16 0x00000001
core   0: 0x8000625c (0x0000100f) fence.i
core   0: 3 0x8000625c (0x0000100f)
core   0: 0x80006260 (0x00008e49) c.or    a2, a0
core   0: 3 0x80006260 (0x8e49) x12 0x80029dff
core   0: 0x80006262 (0x02072233) mulhsu  tp, a4, zero
core   0: 3 0x80006262 (0x02072233) x 4 0x00000000
core   0: 0x80006266 (0xa96d3813) sltiu   a6, s10, -1386
core   0: 3 0x80006266 (0xa96d3813) x16 0x00000001
core   0: 0x8000626a (0x03a63333) mulhu   t1, a2, s10
core   0: 3 0x8000626a (0x03a63333) x 6 0x00007802
core   0: 0x8000626e (0x01b41693) slli    a3, s0, 27
core   0: 3 0x8000626e (0x01b41693) x13 0x68000000
core   0: 0x80006272 (0x0000100f) fence.i
core   0: 3 0x80006272 (0x0000100f)
core   0: 0x80006276 (0xb7b730b7) lui     ra, 0xb7b73
core   0: 3 0x80006276 (0xb7b730b7) x 1 0xb7b73000
core   0: 0x8000627a (0x02995333) divu    t1, s2, s1
core   0: 3 0x8000627a (0x02995333) x 6 0x00000000
core   0: 0x8000627e (0x01ec5363) bge     s8, t5, pc + 6
core   0: 3 0x8000627e (0x01ec5363)
core   0: 0x80006282 (0x00000bc2) c.slli  s7, 16
core   0: 3 0x80006282 (0x0bc2) x23 0x001c0000
core   0: 0x80006284 (0x00000001) c.nop
core   0: 3 0x80006284 (0x0001)
core   0: 0x80006286 (0x00000471) c.addi  s0, 28
core   0: 3 0x80006286 (0x0471) x 8 0x00006529
core   0: 0x80006288 (0x0000c285) c.beqz  a3, pc + 32
core   0: 3 0x80006288 (0xc285)
core   0: 0x8000628a (0x8e525d17) auipc   s10, 0x8e525
core   0: 3 0x8000628a (0x8e525d17) x26 0x0e52b28a
core   0: 0x8000628e (0x00ceb433) sltu    s0, t4, a2
core   0: 3 0x8000628e (0x00ceb433) x 8 0x00000001
core   0: 0x80006292 (0x00bc33b3) sltu    t2, s8, a1
core   0: 3 0x80006292 (0x00bc33b3) x 7 0x00000001
core   0: 0x80006296 (0x00008436) c.mv    s0, a3
core   0: 3 0x80006296 (0x8436) x 8 0x68000000
core   0: 0x80006298 (0x01505863) bge     zero, s5, pc + 16
core   0: 3 0x80006298 (0x01505863)
core   0: 0x800062a8 (0x000094ae) c.add   s1, a1
core   0: 3 0x800062a8 (0x94ae) x 9 0xffffc747
core   0: 0x800062aa (0x01d815b3) sll     a1, a6, t4
core   0: 3 0x800062aa (0x01d815b3) x11 0x00000100
core   0: 0x800062ae (0x03f00b63) beq     zero, t6, pc + 54
core   0: 3 0x800062ae (0x03f00b63)
core   0: 0x800062b2 (0x0158d813) srli    a6, a7, 21
core   0: 3 0x800062b2 (0x0158d813) x16 0x00000000
core   0: 0x800062b6 (0x41345eb3) sra     t4, s0, s3
core   0: 3 0x800062b6 (0x41345eb3) x29 0x34000000
core   0: 0x800062ba (0x01d2cd63) blt     t0, t4, pc + 26
core   0: 3 0x800062ba (0x01d2cd63)
core   0: 0x800062d4 (0x02f3a5b3) mulhsu  a1, t2, a5
core   0: 3 0x800062d4 (0x02f3a5b3) x11 0x00000000
core   0: 0x800062d8 (0x00006b91) c.lui   s7, 0x4
core   0: 3 0x800062d8 (0x6b91) x23 0x00004000
core   0: 0x800062da (0x00000001) c.nop
core   0: 3 0x800062da (0x0001)
core   0: 0x800062dc (0x024a6f63) bltu    s4, tp, pc + 62
core   0: 3 0x800062dc (0x024a6f63)
core   0: 0x800062e0 (0x208d7d93) andi    s11, s10, 520
core   0: 3 0x800062e0 (0x208d7d93) x27 0x00000208
core   0: 0x800062e4 (0x016dfb63) bgeu    s11, s6, pc + 22
core   0: 3 0x800062e4 (0x016dfb63)
core   0: 0x800062e8 (0x00008f21) c.xor   a4, s0
core   0: 3 0x800062e8 (0x8f21) x14 0xe8025e64
core   0: 0x800062ea (0x40c4d313) srai    t1, s1, 12
core   0: 3 0x800062ea (0x40c4d313) x 6 0xfffffffc
core   0: 0x800062ee (0x6fceef93) ori     t6, t4, 1788
core   0: 3 0x800062ee (0x6fceef93) x31 0x340006fc
core   0: 0x800062f2 (0x03ae1c63) bne     t3, s10, pc + 56
core   0: 3 0x800062f2 (0x03ae1c63)
core   0: 0x8000632a (0x00008845) c.andi  s0, 17
core   0: 3 0x8000632a (0x8845) x 8 0x00000000
core   0: 0x8000632c (0x00000001) c.nop
core   0: 3 0x8000632c (0x0001)
core   0: 0x8000632e (0x0119a533) slt     a0, s3, a7
core   0: 3 0x8000632e (0x0119a533) x10 0x00000000
core   0: 0x80006332 (0x018a2eb3) slt     t4, s4, s8
core   0: 3 0x80006332 (0x018a2eb3) x29 0x00000001
core   0: 0x80006336 (0x00000b8c) c.addi4spn a1, sp, 464
core   0: 3 0x80006336 (0x0b8c) x11 0x000001cf
core   0: 0x80006338 (0x00105863) bge     zero, ra, pc + 16
core   0: 3 0x80006338 (0x00105863)
core   0: 0x80006348 (0x027c7663) bgeu    s8, t2, pc + 44
core   0: 3 0x80006348 (0x027c7663)
core   0: 0x80006374 (0x00f70d63) beq     a4, a5, pc + 26
core   0: 3 0x80006374 (0x00f70d63)
core   0: 0x80006378 (0x0000cd15) c.beqz  a0, pc + 60
core   0: 3 0x80006378 (0xcd15)
core   0: 0x800063b4 (0x00000001) c.nop
core   0: 3 0x800063b4 (0x0001)
core   0: 0x800063b6 (0x069aec63) bltu    s5, s1, pc + 120
core   0: 3 0x800063b6 (0x069aec63)
core   0: 0x8000642e (0x40e50db3) sub     s11, a0, a4
core   0: 3 0x8000642e (0x40e50db3) x27 0x17fda19c
core   0: 0x80006432 (0x00f87f33) and     t5, a6, a5
core   0: 3 0x80006432 (0x00f87f33) x30 0x00000000
core   0: 0x80006436 (0x00008a1a) c.mv    s4, t1
core   0: 3 0x80006436 (0x8a1a) x20 0xfffffffc
core   0: 0x80006438 (0x02f359b3) divu    s3, t1, a5
core   0: 3 0x80006438 (0x02f359b3) x19 0x00000001
core   0: 0x8000643c (0x0000167d) c.addi  a2, -1
core   0: 3 0x8000643c (0x167d) x12 0x80029dfe
core   0: 0x8000643e (0x416406b3) sub     a3, s0, s6
core   0: 3 0x8000643e (0x416406b3) x13 0x0000000b
core   0: 0x80006442 (0x01648c63) beq     s1, s6, pc + 24
core   0: 3 0x80006442 (0x01648c63)
core   0: 0x80006446 (0x02fd73b3) remu    t2, s10, a5
core   0: 3 0x80006446 (0x02fd73b3) x 7 0x0e52b28a
core   0: 0x8000644a (0x000091c6) c.add   gp, a7
core   0: 3 0x8000644a (0x91c6) x 3 0x00000069
core   0: 0x8000644c (0x0000987d) c.andi  s0, -1
core   0: 3 0x8000644c (0x987d) x 8 0x00000000
core   0: 0x8000644e (0x6ed0f113) andi    sp, ra, 1773
core   0: 3 0x8000644e (0x6ed0f113) x 2 0x00000000
core   0: 0x80006452 (0x000b84b3) add     s1, s7, zero
core   0: 3 0x80006452 (0x000b84b3) x 9 0x00004000
core   0: 0x80006456 (0x01f85213) srli    tp, a6, 31
core   0: 3 0x80006456 (0x01f85213) x 4 0x00000000
core   0: 0x8000645a (0x127d0f93) addi    t6, s10, 295
core   0: 3 0x8000645a (0x127d0f93) x31 0x0e52b3b1
core   0: 0x8000645e (0x0000c985) c.beqz  a1, pc + 48
core   0: 3 0x8000645e (0xc985)
core   0: 0x80006460 (0x0f7ffa13) andi    s4, t6, 247
core   0: 3 0x80006460 (0x0f7ffa13) x20 0x000000b1
core   0: 0x80006464 (0x01f533b3) sltu    t2, a0, t6
core   0: 3 0x80006464 (0x01f533b3) x 7 0x00000001
core   0: 0x80006468 (0x00c06b63) bltu    zero, a2, pc + 22
core   0: 3 0x80006468 (0x00c06b63)
core   0: 0x8000647e (0x261dc593) xori    a1, s11, 609
core   0: 3 0x8000647e (0x261dc593) x11 0x17fda3fd
core   0: 0x80006482 (0x0000997d) c.andi  a0, -1
core   0: 3 0x80006482 (0x997d) x10 0x00000000
core   0: 0x80006484 (0x00008471) c.srai  s0, 28
core   0: 3 0x80006484 (0x8471) x 8 0x00000000
core   0: 0x80006486 (0x01529113) slli    sp, t0, 21
core   0: 3 0x80006486 (0x01529113) x 2 0x01c00000
core   0: 0x8000648a (0x02a164b3) rem     s1, sp, a0
core   0: 3 0x8000648a (0x02a164b3) x 9 0x01c00000
core   0: 0x8000648e (0x00008db1) c.xor   a1, a2
core   0: 3 0x8000648e (0x8db1) x11 0x97ff3e03
core   0: 0x80006490 (0x88513a17) auipc   s4, 0x88513
core   0: 3 0x80006490 (0x88513a17) x20 0x08519490
core   0: 0x80006494 (0x008c5f63) bge     s8, s0, pc + 30
core   0: 3 0x80006494 (0x008c5f63)
core   0: 0x80006498 (0x02135933) divu    s2, t1, ra
core   0: 3 0x80006498 (0x02135933) x18 0x00000001
core   0: 0x8000649c (0x0138bb33) sltu    s6, a7, s3
core   0: 3 0x8000649c (0x0138bb33) x22 0x00000001
core   0: 0x800064a0 (0x00417e33) and     t3, sp, tp
core   0: 3 0x800064a0 (0x00417e33) x28 0x00000000
core   0: 0x800064a4 (0x0000917e) c.add   sp, t6
core   0: 3 0x800064a4 (0x917e) x 2 0x1012b3b1
core   0: 0x800064a6 (0x6a8acb97) auipc   s7, 0x6a8ac
core   0: 3 0x800064a6 (0x6a8acb97) x23 0xea8b24a6
core   0: 0x800064aa (0x032d8d13) addi    s10, s11, 50
core   0: 3 0x800064aa (0x032d8d13) x26 0x17fda1ce
core   0: 0x800064ae (0x03c28f63) beq     t0, t3, pc + 62
core   0: 3 0x800064ae (0x03c28f63)
core   0: 0x800064b2 (0x5211c313) xori    t1, gp, 1313
core   0: 3 0x800064b2 (0x5211c313) x 6 0x00000548
core   0: 0x800064b6 (0xa73b4713) xori    a4, s6, -1421
core   0: 3 0x800064b6 (0xa73b4713) x14 0xfffffa72
core   0: 0x800064ba (0x033530b3) mulhu   ra, a0, s3
core   0: 3 0x800064ba (0x033530b3) x 1 0x00000000
core   0: 0x800064be (0x704de693) ori     a3, s11, 1796
core   0: 3 0x800064be (0x704de693) x13 0x17fda79c
core   0: 0x800064c2 (0x00008d0d) c.sub   a0, a1
core   0: 3 0x800064c2 (0x8d0d) x10 0x6800c1fd
core   0: 0x800064c4 (0xc44a4537) lui     a0, 0xc44a4
core   0: 3 0x800064c4 (0xc44a4537) x10 0xc44a4000
core   0: 0x800064c8 (0x00c49a33) sll     s4, s1, a2
core   0: 3 0x800064c8 (0x00c49a33) x20 0x00000000
core   0: 0x800064cc (0x0000934a) c.add   t1, s2
core   0: 3 0x800064cc (0x934a) x 6 0x00000549
core   0: 0x800064ce (0x0000147d) c.addi  s0, -1
core   0: 3 0x800064ce (0x147d) x 8 0xffffffff
core   0: 0x800064d0 (0x0000e119) c.bnez  a0, pc + 6
core   0: 3 0x800064d0 (0xe119)
core   0: 0x800064d6 (0xd4993b13) sltiu   s6, s2, -695
core   0: 3 0x800064d6 (0xd4993b13) x22 0x00000001
core   0: 0x800064da (0x00009f5a) c.add   t5, s6
core   0: 3 0x800064da (0x9f5a) x30 0x00000001
core   0: 0x800064dc (0x003205b3) add     a1, tp, gp
core   0: 3 0x800064dc (0x003205b3) x11 0x00000069
core   0: 0x800064e0 (0x03f38f63) beq     t2, t6, pc + 62
core   0: 3 0x800064e0 (0x03f38f63)
core   0: 0x800064e4 (0x2ce8ef37) lui     t5, 0x2ce8e
core   0: 3 0x800064e4 (0x2ce8ef37) x30 0x2ce8e000
core   0: 0x800064e8 (0x035664b3) rem     s1, a2, s5
core   0: 3 0x800064e8 (0x035664b3) x 9 0x80029dfe
core   0: 0x800064ec (0xef8b3213) sltiu   tp, s6, -264
core   0: 3 0x800064ec (0xef8b3213) x 4 0x00000001
core   0: 0x800064f0 (0xcb802393) slti    t2, zero, -840
core   0: 3 0x800064f0 (0xcb802393) x 7 0x00000000
core   0: 0x800064f4 (0x00000001) c.nop
core   0: 3 0x800064f4 (0x0001)
core   0: 0x800064f6 (0x00000001) c.nop
core   0: 3 0x800064f6 (0x0001)
core   0: 0x800064f8 (0x02ff4933) div     s2, t5, a5
core   0: 3 0x800064f8 (0x02ff4933) x18 0x00000000
core   0: 0x800064fc (0x02f3a733) mulhsu  a4, t2, a5
core   0: 3 0x800064fc (0x02f3a733) x14 0x00000000
core   0: 0x80006500 (0x00008535) c.srai  a0, 13
core   0: 3 0x80006500 (0x8535) x10 0xfffe2252
core   0: 0x80006502 (0x020171b3) remu    gp, sp, zero
core   0: 3 0x80006502 (0x020171b3) x 3 0x1012b3b1
core   0: 0x80006506 (0x03d81f33) mulh    t5, a6, t4
core   0: 3 0x80006506 (0x03d81f33) x30 0x00000000
core   0: 0x8000650a (0x01776d63) bltu    a4, s7, pc + 26
core   0: 3 0x8000650a (0x01776d63)
core   0: 0x80006524 (0x029e4263) blt     t3, s1, pc + 36
core   0: 3 0x80006524 (0x029e4263)
core   0: 0x80006528 (0x40a05993) srai    s3, zero, 10
core   0: 3 0x80006528 (0x40a05993) x19 0x00000000
core   0: 0x8000652c (0x00000001) c.nop
core   0: 3 0x8000652c (0x0001)
core   0: 0x8000652e (0x6279b813) sltiu   a6, s3, 1575
core   0: 3 0x8000652e (0x6279b813) x16 0x00000001
core   0: 0x80006532 (0x01951cb3) sll     s9, a0, s9
core   0: 3 0x80006532 (0x01951cb3) x25 0xfe225200
core   0: 0x80006536 (0x023c5a33) divu    s4, s8, gp
core   0: 3 0x80006536 (0x023c5a33) x20 0x0000000f
core   0: 0x8000653a (0x00008f31) c.xor   a4, a2
core   0: 3 0x8000653a (0x8f31) x14 0x80029dfe
core   0: 0x8000653c (0x000082cd) c.srli  a3, 19
core   0: 3 0x8000653c (0x82cd) x13 0x000002ff
core   0: 0x8000653e (0x07f0c293) xori    t0, ra, 127
core   0: 3 0x8000653e (0x07f0c293) x 5 0x0000007f
core   0: 0x80006542 (0x00008c89) c.sub   s1, a0
core   0: 3 0x80006542 (0x8c89) x 9 0x80047bac
core   0: 0x80006544 (0x69fd3393) sltiu   t2, s10, 1695
core   0: 3 0x80006544 (0x69fd3393) x 7 0x00000000
core   0: 0x80006548 (0x00008dde) c.mv    s11, s7
core   0: 3 0x80006548 (0x8dde) x27 0xea8b24a6
core   0: 0x8000654a (0x00008659) c.srai  a2, 22
core   0: 3 0x8000654a (0x8659) x12 0xfffffe00
core   0: 0x8000654c (0x00008efd) c.and   a3, a5
core   0: 3 0x8000654c (0x8efd) x13 0x000000e4
core   0: 0x8000654e (0x01893233) sltu    tp, s2, s8
core   0: 3 0x8000654e (0x01893233) x 4 0x00000001
core   0: 0x80006552 (0x000063dd) c.lui   t2, 0x17
core   0: 3 0x80006552 (0x63dd) x 7 0x00017000
core   0: 0x80006554 (0x000cc6b3) xor     a3, s9, zero
core   0: 3 0x80006554 (0x000cc6b3) x13 0xfe225200
core   0: 0x80006558 (0x0092f633) and     a2, t0, s1
core   0: 3 0x80006558 (0x0092f633) x12 0x0000002c
core   0: 0x8000655c (0x0000e309) c.bnez  a4, pc + 2
core   0: 3 0x8000655c (0xe309)
core   0: 0x8000655e (0x00008d0d) c.sub   a0, a1
core   0: 3 0x8000655e (0x8d0d) x10 0xfffe21e9
core   0: 0x80006560 (0x016c1633) sll     a2, s8, s6
core   0: 3 0x80006560 (0x016c1633) x12 0xffffff5c
core   0: 0x80006564 (0x00018433) add     s0, gp, zero
core   0: 3 0x80006564 (0x00018433) x 8 0x1012b3b1
core   0: 0x80006568 (0x48faf0b7) lui     ra, 0x48faf
core   0: 3 0x80006568 (0x48faf0b7) x 1 0x48faf000
core   0: 0x8000656c (0x318e0e13) addi    t3, t3, 792
core   0: 3 0x8000656c (0x318e0e13) x28 0x00000318
core   0: 0x80006570 (0x40460733) sub     a4, a2, tp
core   0: 3 0x80006570 (0x40460733) x14 0xffffff5b
core   0: 0x80006574 (0x9a9d7197) auipc   gp, 0x9a9d7
core   0: 3 0x80006574 (0x9a9d7197) x 3 0x1a9dd574
core   0: 0x80006578 (0x035e7e63) bgeu    t3, s5, pc + 60
core   0: 3 0x80006578 (0x035e7e63)
core   0: 0x8000657c (0x0279d763) bge     s3, t2, pc + 46
core   0: 3 0x8000657c (0x0279d763)
core   0: 0x80006580 (0xf51d7693) andi    a3, s10, -175
core   0: 3 0x80006580 (0xf51d7693) x13 0x17fda140
core   0: 0x80006584 (0x01226333) or      t1, tp, s2
core   0: 3 0x80006584 (0x01226333) x 6 0x00000001
core   0: 0x80006588 (0x00005bfd) c.li    s7, -1
core   0: 3 0x80006588 (0x5bfd) x23 0xffffffff
core   0: 0x8000658a (0x88e9c413) xori    s0, s3, -1906
core   0: 3 0x8000658a (0x88e9c413) x 8 0xfffff88e
core   0: 0x8000658e (0x03e56e63) bltu    a0, t5, pc + 60
core   0: 3 0x8000658e (0x03e56e63)
core   0: 0x80006592 (0x01fe9eb3) sll     t4, t4, t6
core   0: 3 0x80006592 (0x01fe9eb3) x29 0x00020000
core   0: 0x80006596 (0x00bef863) bgeu    t4, a1, pc + 16
core   0: 3 0x80006596 (0x00bef863)
core   0: 0x800065a6 (0x0000177d) c.addi  a4, -1
core   0: 3 0x800065a6 (0x177d) x14 0xffffff5a
core   0: 0x800065a8 (0x00008ebd) c.xor   a3, a5
core   0: 3 0x800065a8 (0x8ebd) x13 0x97ff3da4
core   0: 0x800065aa (0x00d1da33) srl     s4, gp, a3
core   0: 3 0x800065aa (0x00d1da33) x20 0x01a9dd57
core   0: 0x800065ae (0x0000597d) c.li    s2, -1
core   0: 3 0x800065ae (0x597d) x18 0xffffffff
core   0: 0x800065b0 (0x8d794693) xori    a3, s2, -1833
core   0: 3 0x800065b0 (0x8d794693) x13 0x00000728
core   0: 0x800065b4 (0x000053fd) c.li    t2, -1
core   0: 3 0x800065b4 (0x53fd) x 7 0xffffffff
core   0: 0x800065b6 (0x03606933) rem     s2, zero, s6
core   0: 3 0x800065b6 (0x03606933) x18 0x00000000
core   0: 0x800065ba (0x0000717d) c.addi16sp sp, -16
core   0: 3 0x800065ba (0x717d) x 2 0x1012b3a1
core   0: 0x800065bc (0x0199ef63) bltu    s3, s9, pc + 30
core   0: 3 0x800065bc (0x0199ef63)
core   0: 0x800065da (0x09d6fc97) auipc   s9, 0x9d6f
core   0: 3 0x800065da (0x09d6fc97) x25 0x89d755da
core   0: 0x800065de (0x003bd4b3) srl     s1, s7, gp
core   0: 3 0x800065de (0x003bd4b3) x 9 0x00000fff
core   0: 0x800065e2 (0x007549b3) xor     s3, a0, t2
core   0: 3 0x800065e2 (0x007549b3) x19 0x0001de16
core   0: 0x800065e6 (0xf463f313) andi    t1, t2, -186
core   0: 3 0x800065e6 (0xf463f313) x 6 0xffffff46
core   0: 0x800065ea (0x008a03b3) add     t2, s4, s0
core   0: 3 0x800065ea (0x008a03b3) x 7 0x01a9d5e5
core   0: 0x800065ee (0x024e9833) mulh    a6, t4, tp
core   0: 3 0x800065ee (0x024e9833) x16 0x00000000
core   0: 0x800065f2 (0x02165763) bge     a2, ra, pc + 46
core   0: 3 0x800065f2 (0x02165763)
core   0: 0x800065f6 (0x416c5833) sra     a6, s8, s6
core   0: 3 0x800065f6 (0x416c5833) x16 0xffffffd7
core   0: 0x800065fa (0x00008c59) c.or    s0, a4
core   0: 3 0x800065fa (0x8c59) x 8 0xffffffde
core   0: 0x800065fc (0x00009116) c.add   sp, t0
core   0: 3 0x800065fc (0x9116) x 2 0x1012b420
core   0: 0x800065fe (0x00bd9033) sll     zero, s11, a1
core   0: 3 0x800065fe (0x00bd9033)
core   0: 0x80006602 (0x01d27d63) bgeu    tp, t4, pc + 26
core   0: 3 0x80006602 (0x01d27d63)
core   0: 0x80006606 (0x00008cdd) c.or    s1, a5
core   0: 3 0x80006606 (0x8cdd) x 9 0x80029fff
core   0: 0x80006608 (0xf9f44413) xori    s0, s0, -97
core   0: 3 0x80006608 (0xf9f44413) x 8 0x00000041
core   0: 0x8000660c (0x01470d63) beq     a4, s4, pc + 26
core   0: 3 0x8000660c (0x01470d63)
core   0: 0x80006610 (0x000086ed) c.srai  a3, 27
core   0: 3 0x80006610 (0x86ed) x13 0x00000000
core   0: 0x80006612 (0x002864b3) or      s1, a6, sp
core   0: 3 0x80006612 (0x002864b3) x 9 0xfffffff7
core   0: 0x80006616 (0x0219a5b3) mulhsu  a1, s3, ra
core   0: 3 0x80006616 (0x0219a5b3) x11 0x0000884a
core   0: 0x8000661a (0x00005bfd) c.li    s7, -1
core   0: 3 0x8000661a (0x5bfd) x23 0xffffffff
core   0: 0x8000661c (0x03fd3db3) mulhu   s11, s10, t6
core   0: 3 0x8000661c (0x03fd3db3) x27 0x01579eee
core   0: 0x80006620 (0x0000100f) fence.i
core   0: 3 0x80006620 (0x0000100f)
core   0: 0x80006624 (0x0000924a) c.add   tp, s2
core   0: 3 0x80006624 (0x924a) x 4 0x00000001
core   0: 0x80006626 (0x0000c195) c.beqz  a1, pc + 36
core   0: 3 0x80006626 (0xc195)
core   0: 0x80006628 (0x405fd213) srai    tp, t6, 5
core   0: 3 0x80006628 (0x405fd213) x 4 0x0072959d
core   0: 0x8000662c (0x0235abb3) mulhsu  s7, a1, gp
core   0: 3 0x8000662c (0x0235abb3) x23 0x00000e2b
core   0: 0x80006630 (0x03af1f63) bne     t5, s10, pc + 62
core   0: 3 0x80006630 (0x03af1f63)
core   0: 0x8000666e (0x01d5e4b3) or      s1, a1, t4
core   0: 3 0x8000666e (0x01d5e4b3) x 9 0x0002884a
core   0: 0x80006672 (0x00d32833) slt     a6, t1, a3
core   0: 3 0x80006672 (0x00d32833) x16 0x00000001
core   0: 0x80006676 (0x02d75263) bge     a4, a3, pc + 36
core   0: 3 0x80006676 (0x02d75263)
core   0: 0x8000667a (0x03fe5cb3) divu    s9, t3, t6
core   0: 3 0x8000667a (0x03fe5cb3) x25 0x00000000
core   0: 0x8000667e (0x019372b3) and     t0, t1, s9
core   0: 3 0x8000667e (0x019372b3) x 5 0x00000000
core   0: 0x80006682 (0x014e6c33) or      s8, t3, s4
core   0: 3 0x80006682 (0x014e6c33) x24 0x01a9df5f
core   0: 0x80006686 (0x0000851d) c.srai  a0, 7
core   0: 3 0x80006686 (0x851d) x10 0xfffffc43
core   0: 0x80006688 (0x024823b3) mulhsu  t2, a6, tp
core   0: 3 0x80006688 (0x024823b3) x 7 0x00000000
core   0: 0x8000668c (0x00000846) c.slli  a6, 17
core   0: 3 0x8000668c (0x0846) x16 0x00020000
core   0: 0x8000668e (0x01af6c63) bltu    t5, s10, pc + 24
core   0: 3 0x8000668e (0x01af6c63)
core   0: 0x800066a6 (0x03e0c963) blt     ra, t5, pc + 50
core   0: 3 0x800066a6 (0x03e0c963)
core   0: 0x800066aa (0x01bbfc33) and     s8, s7, s11
core   0: 3 0x800066aa (0x01bbfc33) x24 0x00000e2a
core   0: 0x800066ae (0x016356b3) srl     a3, t1, s6
core   0: 3 0x800066ae (0x016356b3) x13 0x7fffffa3
core   0: 0x800066b2 (0x00962133) slt     sp, a2, s1
core   0: 3 0x800066b2 (0x00962133) x 2 0x00000001
core   0: 0x800066b6 (0x0000ee89) c.bnez  a3, pc + 26
core   0: 3 0x800066b6 (0xee89)
core   0: 0x800066d0 (0x0000100f) fence.i
core   0: 3 0x800066d0 (0x0000100f)
core   0: 0x800066d4 (0x02f37eb3) remu    t4, t1, a5
core   0: 3 0x800066d4 (0x02f37eb3) x29 0x7ffd6262
core   0: 0x800066d8 (0x000089cd) c.andi  a1, 19
core   0: 3 0x800066d8 (0x89cd) x11 0x00000002
core   0: 0x800066da (0x0359b9b3) mulhu   s3, s3, s5
core   0: 3 0x800066da (0x0359b9b3) x19 0x0000ef0f
core   0: 0x800066de (0x009ec4b3) xor     s1, t4, s1
core   0: 3 0x800066de (0x009ec4b3) x 9 0x7fffea28
core   0: 0x800066e2 (0x10eacd93) xori    s11, s5, 270
core   0: 3 0x800066e2 (0x10eacd93) x27 0x80025f6a
core   0: 0x800066e6 (0x0a70c463) blt     ra, t2, pc + 168
core   0: 3 0x800066e6 (0x0a70c463)
core   0: 0x800066ea (0x013c4e33) xor     t3, s8, s3
core   0: 3 0x800066ea (0x013c4e33) x28 0x0000e125
core   0: 0x800066ee (0x037a8eb3) mul     t4, s5, s7
core   0: 3 0x800066ee (0x037a8eb3) x29 0xa18f52cc
core   0: 0x800066f2 (0xa3dae993) ori     s3, s5, -1475
core   0: 3 0x800066f2 (0xa3dae993) x19 0xfffffe7d
core   0: 0x800066f6 (0x00abb2b3) sltu    t0, s7, a0
core   0: 3 0x800066f6 (0x00abb2b3) x 5 0x00000001
core   0: 0x800066fa (0x00008e7d) c.and   a2, a5
core   0: 3 0x800066fa (0x8e7d) x12 0x80029c44
core   0: 0x800066fc (0x00666763) bltu    a2, t1, pc + 14
core   0: 3 0x800066fc (0x00666763)
core   0: 0x8000670a (0x0979f663) bgeu    s3, s7, pc + 140
core   0: 3 0x8000670a (0x0979f663)
core   0: 0x80006796 (0x01bd5e13) srli    t3, s10, 27
core   0: 3 0x80006796 (0x01bd5e13) x28 0x00000002
core   0: 0x8000679a (0x46b4a693) slti    a3, s1, 1131
core   0: 3 0x8000679a (0x46b4a693) x13 0x00000000
core   0: 0x8000679e (0x03a16b63) bltu    sp, s10, pc + 54
core   0: 3 0x8000679e (0x03a16b63)
core   0: 0x800067d4 (0x035c06b3) mul     a3, s8, s5
core   0: 3 0x800067d4 (0x035c06b3) x13 0x218cf468
core   0: 0x800067d8 (0x65abb913) sltiu   s2, s7, 1626
core   0: 3 0x800067d8 (0x65abb913) x18 0x00000000
core   0: 0x800067dc (0x00008cf5) c.and   s1, a3
core   0: 3 0x800067dc (0x8cf5) x 9 0x218ce028
core   0: 0x800067de (0x00e7feb3) and     t4, a5, a4
core   0: 3 0x800067de (0x00e7feb3) x29 0x80029c40
core   0: 0x800067e2 (0x027af133) remu    sp, s5, t2
core   0: 3 0x800067e2 (0x027af133) x 2 0x80025e64
core   0: 0x800067e6 (0x01832433) slt     s0, t1, s8
core   0: 3 0x800067e6 (0x01832433) x 8 0x00000001
core   0: 0x800067ea (0xbea30913) addi    s2, t1, -1046
core   0: 3 0x800067ea (0xbea30913) x18 0xfffffb30
core   0: 0x800067ee (0x00008e6d) c.and   a2, a1
core   0: 3 0x800067ee (0x8e6d) x12 0x00000000
core   0: 0x800067f0 (0x00008efd) c.and   a3, a5
core   0: 3 0x800067f0 (0x8efd) x13 0x00009460
core   0: 0x800067f2 (0x02f71b63) bne     a4, a5, pc + 54
core   0: 3 0x800067f2 (0x02f71b63)
core   0: 0x80006828 (0x0000100f) fence.i
core   0: 3 0x80006828 (0x0000100f)
core   0: 0x8000682c (0x00f27033) and     zero, tp, a5
core   0: 3 0x8000682c (0x00f27033)
core   0: 0x80006830 (0x0072e933) or      s2, t0, t2
core   0: 3 0x80006830 (0x0072e933) x18 0x00000001
core   0: 0x80006834 (0x00008149) c.srli  a0, 18
core   0: 3 0x80006834 (0x8149) x10 0x00003fff
core   0: 0x80006836 (0x0121da13) srli    s4, gp, 18
core   0: 3 0x80006836 (0x0121da13) x20 0x000006a7
core   0: 0x8000683a (0xdae36f17) auipc   t5, 0xdae36
core   0: 3 0x8000683a (0xdae36f17) x30 0x5ae3c83a
core   0: 0x8000683e (0x01b2cc63) blt     t0, s11, pc + 24
core   0: 3 0x8000683e (0x01b2cc63)
core   0: 0x80006842 (0x56377693) andi    a3, a4, 1379
core   0: 3 0x80006842 (0x56377693) x13 0x00000542
core   0: 0x80006846 (0x000096fe) c.add   a3, t6
core   0: 3 0x80006846 (0x96fe) x13 0x0e52b8f3
core   0: 0x80006848 (0x00008cad) c.xor   s1, a1
core   0: 3 0x80006848 (0x8cad) x 9 0x218ce02a
core   0: 0x8000684a (0x0000100f) fence.i
core   0: 3 0x8000684a (0x0000100f)
core   0: 0x8000684e (0x00829f13) slli    t5, t0, 8
core   0: 3 0x8000684e (0x00829f13) x30 0x00000100
core   0: 0x80006852 (0x01a3a5b3) slt     a1, t2, s10
core   0: 3 0x80006852 (0x01a3a5b3) x11 0x00000001
core   0: 0x80006856 (0x000535b3) sltu    a1, a0, zero
core   0: 3 0x80006856 (0x000535b3) x11 0x00000000
core   0: 0x8000685a (0x0000981a) c.add   a6, t1
core   0: 3 0x8000685a (0x981a) x16 0x0001ff46
core   0: 0x8000685c (0x02caef33) rem     t5, s5, a2
core   0: 3 0x8000685c (0x02caef33) x30 0x80025e64
core   0: 0x80006860 (0x00008079) c.srli  s0, 30
core   0: 3 0x80006860 (0x8079) x 8 0x00000000
core   0: 0x80006862 (0x010b7463) bgeu    s6, a6, pc + 8
core   0: 3 0x80006862 (0x010b7463)
core   0: 0x80006866 (0xea983913) sltiu   s2, a6, -343
core   0: 3 0x80006866 (0xea983913) x18 0x00000001
core   0: 0x8000686a (0x0000177d) c.addi  a4, -1
core   0: 3 0x8000686a (0x177d) x14 0xffffff59
core   0: 0x8000686c (0x00f876b3) and     a3, a6, a5
core   0: 3 0x8000686c (0x00f876b3) x13 0x00009c44
core   0: 0x80006870 (0x009b1713) slli    a4, s6, 9
core   0: 3 0x80006870 (0x009b1713) x14 0x00000200
core   0: 0x80006874 (0x0366ec63) bltu    a3, s6, pc + 56
core   0: 3 0x80006874 (0x0366ec63)
core   0: 0x80006878 (0x00000001) c.nop
core   0: 3 0x80006878 (0x0001)
core   0: 0x8000687a (0xacbb6413) ori     s0, s6, -1333
core   0: 3 0x8000687a (0xacbb6413) x 8 0xfffffacb
core   0: 0x8000687e (0x00009afd) c.andi  a3, -1
core   0: 3 0x8000687e (0x9afd) x13 0x00009c44
core   0: 0x80006880 (0x4070d433) sra     s0, ra, t2
core   0: 3 0x80006880 (0x4070d433) x 8 0x48faf000
core   0: 0x80006884 (0x9f918493) addi    s1, gp, -1543
core   0: 3 0x80006884 (0x9f918493) x 9 0x1a9dcf6d
core   0: 0x80006888 (0x007c4463) blt     s8, t2, pc + 8
core   0: 3 0x80006888 (0x007c4463)
core   0: 0x8000688c (0x00e960b3) or      ra, s2, a4
core   0: 3 0x8000688c (0x00e960b3) x 1 0x00000201
core   0: 0x80006890 (0x00128233) add     tp, t0, ra
core   0: 3 0x80006890 (0x00128233) x 4 0x00000202
core   0: 0x80006894 (0x00000001) c.nop
core   0: 3 0x80006894 (0x0001)
core   0: 0x80006896 (0x00000001) c.nop
core   0: 3 0x80006896 (0x0001)
core   0: 0x80006898 (0x0000e91d) c.bnez  a0, pc + 54
core   0: 3 0x80006898 (0xe91d)
core   0: 0x800068ce (0x00004b29) c.li    s6, 10
core   0: 3 0x800068ce (0x4b29) x22 0x0000000a
core   0: 0x800068d0 (0x02127433) remu    s0, tp, ra
core   0: 3 0x800068d0 (0x02127433) x 8 0x00000001
core   0: 0x800068d4 (0x01310333) add     t1, sp, s3
core   0: 3 0x800068d4 (0x01310333) x 6 0x80025ce1
core   0: 0x800068d8 (0x000080e1) c.srli  s1, 24
core   0: 3 0x800068d8 (0x80e1) x 9 0x0000001a
core   0: 0x800068da (0x0f644b17) auipc   s6, 0xf644
core   0: 3 0x800068da (0x0f644b17) x22 0x8f64a8da
core   0: 0x800068de (0x010dde33) srl     t3, s11, a6
core   0: 3 0x800068de (0x010dde33) x28 0x0200097d
core   0: 0x800068e2 (0x00009cb2) c.add   s9, a2
core   0: 3 0x800068e2 (0x9cb2) x25 0x00000000
core   0: 0x800068e4 (0x00656333) or      t1, a0, t1
core   0: 3 0x800068e4 (0x00656333) x 6 0x80027fff
core   0: 0x800068e8 (0x0ff0000f) fence   iorw,iorw
core   0: 3 0x800068e8 (0x0ff0000f)
core   0: 0x800068ec (0x0343f1b3) remu    gp, t2, s4
core   0: 3 0x800068ec (0x0343f1b3) x 3 0x00000000
core   0: 0x800068f0 (0x00ac0863) beq     s8, a0, pc + 16
core   0: 3 0x800068f0 (0x00ac0863)
core   0: 0x800068f4 (0x0000c189) c.beqz  a1, pc + 2
core   0: 3 0x800068f4 (0xc189)
core   0: 0x800068f6 (0xff537613) andi    a2, t1, -11
core   0: 3 0x800068f6 (0xff537613) x12 0x80027ff5
core   0: 0x800068fa (0x02138a33) mul     s4, t2, ra
core   0: 3 0x800068fa (0x02138a33) x20 0x00000000
core   0: 0x800068fe (0x00000dee) c.slli  s11, 27
core   0: 3 0x800068fe (0x0dee) x27 0x50000000
core   0: 0x80006900 (0x0000cc89) c.beqz  s1, pc + 26
core   0: 3 0x80006900 (0xcc89)
core   0: 0x80006902 (0x03543233) mulhu   tp, s0, s5
core   0: 3 0x80006902 (0x03543233) x 4 0x00000000
core   0: 0x80006906 (0x00001dfd) c.addi  s11, -1
core   0: 3 0x80006906 (0x1dfd) x27 0x4fffffff
core   0: 0x80006908 (0x024b93b3) mulh    t2, s7, tp
core   0: 3 0x80006908 (0x024b93b3) x 7 0x00000000
core   0: 0x8000690c (0x41c3c037) lui     zero, 0x41c3c
core   0: 3 0x8000690c (0x41c3c037)
core   0: 0x80006910 (0x00008f29) c.xor   a4, a0
core   0: 3 0x80006910 (0x8f29) x14 0x00003dff
core   0: 0x80006912 (0x00dd4463) blt     s10, a3, pc + 8
core   0: 3 0x80006912 (0x00dd4463)
core   0: 0x80006916 (0x39896593) ori     a1, s2, 920
core   0: 3 0x80006916 (0x39896593) x11 0x00000399
core   0: 0x8000691a (0x02960433) mul     s0, a2, s1
core   0: 3 0x8000691a (0x02960433) x 8 0x0040fee2
core   0: 0x8000691e (0xedafe113) ori     sp, t6, -294
core   0: 3 0x8000691e (0xedafe113) x 2 0xfffffffb
core   0: 0x80006922 (0x02c84c33) div     s8, a6, a2
core   0: 3 0x80006922 (0x02c84c33) x24 0x00000000
core   0: 0x80006926 (0x02ce5b33) divu    s6, t3, a2
core   0: 3 0x80006926 (0x02ce5b33) x22 0x00000000
core   0: 0x8000692a (0x00001508) c.addi4spn a0, sp, 672
core   0: 3 0x8000692a (0x1508) x10 0x0000029b
core   0: 0x8000692c (0x00cb7c33) and     s8, s6, a2
core   0: 3 0x8000692c (0x00cb7c33) x24 0x00000000
core   0: 0x80006930 (0x00008299) c.srli  a3, 6
core   0: 3 0x80006930 (0x8299) x13 0x00000271
core   0: 0x80006932 (0x001fb0b3) sltu    ra, t6, ra
core   0: 3 0x80006932 (0x001fb0b3) x 1 0x00000000
core   0: 0x80006936 (0x0085d733) srl     a4, a1, s0
core   0: 3 0x80006936 (0x0085d733) x14 0x000000e6
core   0: 0x8000693a (0x008f4133) xor     sp, t5, s0
core   0: 3 0x8000693a (0x008f4133) x 2 0x8042a086
core   0: 0x8000693e (0x005d5813) srli    a6, s10, 5
core   0: 3 0x8000693e (0x005d5813) x16 0x00bfed0e
core   0: 0x80006942 (0x00000eca) c.slli  t4, 18
core   0: 3 0x80006942 (0x0eca) x29 0x71000000
core   0: 0x80006944 (0x00000d9a) c.slli  s11, 6
core   0: 3 0x80006944 (0x0d9a) x27 0xffffffc0
core   0: 0x80006946 (0x0000ef1d) c.bnez  a4, pc + 62
core   0: 3 0x80006946 (0xef1d)
core   0: 0x80006984 (0x9064f393) andi    t2, s1, -1786
core   0: 3 0x80006984 (0x9064f393) x 7 0x00000002
core   0: 0x80006988 (0x00365e13) srli    t3, a2, 3
core   0: 3 0x80006988 (0x00365e13) x28 0x10004ffe
core   0: 0x8000698c (0x40d58eb3) sub     t4, a1, a3
core   0: 3 0x8000698c (0x40d58eb3) x29 0x00000128
core   0: 0x80006990 (0x026a3333) mulhu   t1, s4, t1
core   0: 3 0x80006990 (0x026a3333) x 6 0x00000000
core   0: 0x80006994 (0x00008a91) c.andi  a3, 4
core   0: 3 0x80006994 (0x8a91) x13 0x00000000
core   0: 0x80006996 (0x007c5993) srli    s3, s8, 7
core   0: 3 0x80006996 (0x007c5993) x19 0x00000000
core   0: 0x8000699a (0x0000100f) fence.i
core   0: 3 0x8000699a (0x0000100f)
core   0: 0x8000699e (0x00000b0d) c.addi  s6, 3
core   0: 3 0x8000699e (0x0b0d) x22 0x00000003
core   0: 0x800069a0 (0x00000001) c.nop
core   0: 3 0x800069a0 (0x0001)
core   0: 0x800069a2 (0x40763d13) sltiu   s10, a2, 1031
core   0: 3 0x800069a2 (0x40763d13) x26 0x00000000
core   0: 0x800069a6 (0x0000e88d) c.bnez  s1, pc + 50
core   0: 3 0x800069a6 (0xe88d)
core   0: 0x800069d8 (0x00b0ed63) bltu    ra, a1, pc + 26
core   0: 3 0x800069d8 (0x00b0ed63)
core   0: 0x800069f2 (0x00005ffd) c.li    t6, -1
core   0: 3 0x800069f2 (0x5ffd) x31 0xffffffff
core   0: 0x800069f4 (0x03a93433) mulhu   s0, s2, s10
core   0: 3 0x800069f4 (0x03a93433) x 8 0x00000000
core   0: 0x800069f8 (0x023c6f63) bltu    s8, gp, pc + 62
core   0: 3 0x800069f8 (0x023c6f63)
core   0: 0x800069fc (0x419350b3) sra     ra, t1, s9
core   0: 3 0x800069fc (0x419350b3) x 1 0x00000000
core   0: 0x80006a00 (0x666d7c93) andi    s9, s10, 1638
core   0: 3 0x80006a00 (0x666d7c93) x25 0x00000000
core   0: 0x80006a04 (0x00008d5d) c.or    a0, a5
core   0: 3 0x80006a04 (0x8d5d) x10 0x80029eff
core   0: 0x80006a06 (0x016aef33) or      t5, s5, s6
core   0: 3 0x80006a06 (0x016aef33) x30 0x80025e67
core   0: 0x80006a0a (0x02659d33) mulh    s10, a1, t1
core   0: 3 0x80006a0a (0x02659d33) x26 0x00000000
core   0: 0x80006a0e (0x000080a6) c.mv    ra, s1
core   0: 3 0x80006a0e (0x80a6) x 1 0x0000001a
core   0: 0x80006a10 (0x013656b3) srl     a3, a2, s3
core   0: 3 0x80006a10 (0x013656b3) x13 0x80027ff5
core   0: 0x80006a14 (0x40dbdf13) srai    t5, s7, 13
core   0: 3 0x80006a14 (0x40dbdf13) x30 0x00000000
core   0: 0x80006a18 (0x03161263) bne     a2, a7, pc + 36
core   0: 3 0x80006a18 (0x03161263)
core   0: 0x80006a3c (0x00c571b3) and     gp, a0, a2
core   0: 3 0x80006a3c (0x00c571b3) x 3 0x80021ef5
core   0: 0x80006a40 (0x0000e41d) c.bnez  s0, pc + 46
core   0: 3 0x80006a40 (0xe41d)
core   0: 0x80006a42 (0x0000695d) c.lui   s2, 0x17
core   0: 3 0x80006a42 (0x695d) x18 0x00017000
core   0: 0x80006a44 (0x0ff0000f) fence   iorw,iorw
core   0: 3 0x80006a44 (0x0ff0000f)
core   0: 0x80006a48 (0x000ebbb3) sltu    s7, t4, zero
core   0: 3 0x80006a48 (0x000ebbb3) x23 0x00000000
core   0: 0x80006a4c (0x03715f63) bge     sp, s7, pc + 62
core   0: 3 0x80006a4c (0x03715f63)
core   0: 0x80006a50 (0x00008d75) c.and   a0, a3
core   0: 3 0x80006a50 (0x8d75) x10 0x80021ef5
core   0: 0x80006a52 (0x01a7ee63) bltu    a5, s10, pc + 28
core   0: 3 0x80006a52 (0x01a7ee63)
core   0: 0x80006a56 (0x0295a0b3) mulhsu  ra, a1, s1
core   0: 3 0x80006a56 (0x0295a0b3) x 1 0x00000000
core   0: 0x80006a5a (0x00006489) c.lui   s1, 0x2
core   0: 3 0x80006a5a (0x6489) x 9 0x00002000
core   0: 0x80006a5c (0x30102113) slti    sp, zero, 769
core   0: 3 0x80006a5c (0x30102113) x 2 0x00000001
core   0: 0x80006a60 (0x012b5b13) srli    s6, s6, 18
core   0: 3 0x80006a60 (0x012b5b13) x22 0x00000000
core   0: 0x80006a64 (0x00000001) c.nop
core   0: 3 0x80006a64 (0x0001)
core   0: 0x80006a66 (0x005e1333) sll     t1, t3, t0
core   0: 3 0x80006a66 (0x005e1333) x 6 0x20009ffc
core   0: 0x80006a6a (0x8fc5fe93) andi    t4, a1, -1796
core   0: 3 0x80006a6a (0x8fc5fe93) x29 0x00000098
core   0: 0x80006a6e (0x0000537d) c.li    t1, -1
core   0: 3 0x80006a6e (0x537d) x 6 0xffffffff
core   0: 0x80006a70 (0x021776b3) remu    a3, a4, ra
core   0: 3 0x80006a70 (0x021776b3) x13 0x000000e6
core   0: 0x80006a74 (0x00008e85) c.sub   a3, s1
core   0: 3 0x80006a74 (0x8e85) x13 0xffffe0e6
core   0: 0x80006a76 (0x037ac733) div     a4, s5, s7
core   0: 3 0x80006a76 (0x037ac733) x14 0xffffffff
core   0: 0x80006a7a (0x40800a33) sub     s4, zero, s0
core   0: 3 0x80006a7a (0x40800a33) x20 0x00000000
core   0: 0x80006a7e (0x0070adb3) slt     s11, ra, t2
core   0: 3 0x80006a7e (0x0070adb3) x27 0x00000001
core   0: 0x80006a82 (0x03b9e363) bltu    s3, s11, pc + 38
core   0: 3 0x80006a82 (0x03b9e363)
core   0: 0x80006aa8 (0xd3d96c13) ori     s8, s2, -707
core   0: 3 0x80006aa8 (0xd3d96c13) x24 0xfffffd3d
core   0: 0x80006aac (0x00000a0a) c.slli  s4, 2
core   0: 3 0x80006aac (0x0a0a) x20 0x00000000
core   0: 0x80006aae (0x0267f733) remu    a4, a5, t1
core   0: 3 0x80006aae (0x0267f733) x14 0x80029ce4
core   0: 0x80006ab2 (0x00000001) c.nop
core   0: 3 0x80006ab2 (0x0001)
core   0: 0x80006ab4 (0x02dcfa63) bgeu    s9, a3, pc + 52
core   0: 3 0x80006ab4 (0x02dcfa63)
core   0: 0x80006ab8 (0x010cedb3) or      s11, s9, a6
core   0: 3 0x80006ab8 (0x010cedb3) x27 0x00bfed0e
core   0: 0x80006abc (0x000066a9) c.lui   a3, 0xa
core   0: 3 0x80006abc (0x66a9) x13 0x0000a000
core   0: 0x80006abe (0x570d3c93) sltiu   s9, s10, 1392
core   0: 3 0x80006abe (0x570d3c93) x25 0x00000001
core   0: 0x80006ac2 (0x0000717d) c.addi16sp sp, -16
core   0: 3 0x80006ac2 (0x717d) x 2 0xfffffff1
core   0: 0x80006ac4 (0x029e8e33) mul     t3, t4, s1
core   0: 3 0x80006ac4 (0x029e8e33) x28 0x00130000
core   0: 0x80006ac8 (0x00d6f1b3) and     gp, a3, a3
core   0: 3 0x80006ac8 (0x00d6f1b3) x 3 0x0000a000
core   0: 0x80006acc (0x0359d0b3) divu    ra, s3, s5
core   0: 3 0x80006acc (0x0359d0b3) x 1 0x00000000
core   0: 0x80006ad0 (0x0250af33) mulhsu  t5, ra, t0
core   0: 3 0x80006ad0 (0x0250af33) x30 0x00000000
core   0: 0x80006ad4 (0x03cd6bb3) rem     s7, s10, t3
core   0: 3 0x80006ad4 (0x03cd6bb3) x23 0x00000000
core   0: 0x80006ad8 (0x019ad133) srl     sp, s5, s9
core   0: 3 0x80006ad8 (0x019ad133) x 2 0x40012f32
core   0: 0x80006adc (0x01a99cb3) sll     s9, s3, s10
core   0: 3 0x80006adc (0x01a99cb3) x25 0x00000000
core   0: 0x80006ae0 (0x01b5fe63) bgeu    a1, s11, pc + 28
core   0: 3 0x80006ae0 (0x01b5fe63)
core   0: 0x80006ae4 (0x0000100f) fence.i
core   0: 3 0x80006ae4 (0x0000100f)
core   0: 0x80006ae8 (0x01e75a33) srl     s4, a4, t5
core   0: 3 0x80006ae8 (0x01e75a33) x20 0x80029ce4
core   0: 0x80006aec (0x010ddd63) bge     s11, a6, pc + 26
core   0: 3 0x80006aec (0x010ddd63)
core   0: 0x80006b06 (0x02050fb3) mul     t6, a0, zero
core   0: 3 0x80006b06 (0x02050fb3) x31 0x00000000
core   0: 0x80006b0a (0x00006c0d) c.lui   s8, 0x3
core   0: 3 0x80006b0a (0x6c0d) x24 0x00003000
core   0: 0x80006b0c (0x01a64d33) xor     s10, a2, s10
core   0: 3 0x80006b0c (0x01a64d33) x26 0x80027ff5
core   0: 0x80006b10 (0x018ec263) blt     t4, s8, pc + 4
core   0: 3 0x80006b10 (0x018ec263)
core   0: 0x80006b14 (0x00000001) c.nop
core   0: 3 0x80006b14 (0x0001)
core   0: 0x80006b16 (0xe0584293) xori    t0, a6, -507
core   0: 3 0x80006b16 (0xe0584293) x 5 0xff40130b
core   0: 0x80006b1a (0x03041b63) bne     s0, a6, pc + 54
core   0: 3 0x80006b1a (0x03041b63)
core   0: 0x80006b50 (0x000061e1) c.lui   gp, 0x18
core   0: 3 0x80006b50 (0x61e1) x 3 0x00018000
core   0: 0x80006b52 (0x418bdb33) sra     s6, s7, s8
core   0: 3 0x80006b52 (0x418bdb33) x22 0x00000000
core   0: 0x80006b56 (0xc9b68713) addi    a4, a3, -869
core   0: 3 0x80006b56 (0xc9b68713) x14 0x00009c9b
core   0: 0x80006b5a (0x0df60393) addi    t2, a2, 223
core   0: 3 0x80006b5a (0x0df60393) x 7 0x800280d4
core   0: 0x80006b5e (0x00008da5) c.xor   a1, s1
core   0: 3 0x80006b5e (0x8da5) x11 0x00002399
core   0: 0x80006b60 (0x03fc6433) rem     s0, s8, t6
core   0: 3 0x80006b60 (0x03fc6433) x 8 0x00003000
core   0: 0x80006b64 (0x0001dbb3) srl     s7, gp, zero
core   0: 3 0x80006b64 (0x0001dbb3) x23 0x00018000
core   0: 0x80006b68 (0x019d8633) add     a2, s11, s9
core   0: 3 0x80006b68 (0x019d8633) x12 0x00bfed0e
core   0: 0x80006b6c (0x02a57763) bgeu    a0, a0, pc + 46
core   0: 3 0x80006b6c (0x02a57763)
core   0: 0x80006b9a (0x01cda833) slt     a6, s11, t3
core   0: 3 0x80006b9a (0x01cda833) x16 0x00000000
core   0: 0x80006b9e (0x00008cd5) c.or    s1, a3
core   0: 3 0x80006b9e (0x8cd5) x 9 0x0000a000
core   0: 0x80006ba0 (0xd0125497) auipc   s1, 0xd0125
core   0: 3 0x80006ba0 (0xd0125497) x 9 0x5012bba0
core   0: 0x80006ba4 (0x00008815) c.andi  s0, 5
core   0: 3 0x80006ba4 (0x8815) x 8 0x00000000
core   0: 0x80006ba6 (0x00000001) c.nop
core   0: 3 0x80006ba6 (0x0001)
core   0: 0x80006ba8 (0xf7e6cd93) xori    s11, a3, -130
core   0: 3 0x80006ba8 (0xf7e6cd93) x27 0xffff5f7e
core   0: 0x80006bac (0x03a89a33) mulh    s4, a7, s10
core   0: 3 0x80006bac (0x03a89a33) x20 0x00000000
core   0: 0x80006bb0 (0x00008e1d) c.sub   a2, a5
core   0: 3 0x80006bb0 (0x8e1d) x12 0x80bd502a
core   0: 0x80006bb2 (0x03c4c763) blt     s1, t3, pc + 46
core   0: 3 0x80006bb2 (0x03c4c763)
core   0: 0x80006bb6 (0x01d4fa63) bgeu    s1, t4, pc + 20
core   0: 3 0x80006bb6 (0x01d4fa63)
core   0: 0x80006bca (0x00008db5) c.xor   a1, a3
core   0: 3 0x80006bca (0x8db5) x11 0x00008399
core   0: 0x80006bcc (0x0000cf01) c.beqz  a4, pc + 24
core   0: 3 0x80006bcc (0xcf01)
core   0: 0x80006bce (0x0354ef33) rem     t5, s1, s5
core   0: 3 0x80006bce (0x0354ef33) x30 0x5012bba0
core   0: 0x80006bd2 (0x02bbed63) bltu    s7, a1, pc + 58
core   0: 3 0x80006bd2 (0x02bbed63)
core   0: 0x80006bd6 (0x015b6633) or      a2, s6, s5
core   0: 3 0x80006bd6 (0x015b6633) x12 0x80025e64
core   0: 0x80006bda (0x013ffd33) and     s10, t6, s3
core   0: 3 0x80006bda (0x013ffd33) x26 0x00000000
core   0: 0x80006bde (0x0000c68d) c.beqz  a3, pc + 42
core   0: 3 0x80006bde (0xc68d)
core   0: 0x80006be0 (0x000003c2) c.slli  t2, 16
core   0: 3 0x80006be0 (0x03c2) x 7 0x80d40000
core   0: 0x80006be2 (0x000064e9) c.lui   s1, 0x1a
core   0: 3 0x80006be2 (0x64e9) x 9 0x0001a000
core   0: 0x80006be4 (0x0000487d) c.li    a6, 31
core   0: 3 0x80006be4 (0x487d) x16 0x0000001f
core   0: 0x80006be6 (0x08c7e913) ori     s2, a5, 140
core   0: 3 0x80006be6 (0x08c7e913) x18 0x80029cec
core   0: 0x80006bea (0xc286c413) xori    s0, a3, -984
core   0: 3 0x80006bea (0xc286c413) x 8 0xffff5c28
core   0: 0x80006bee (0x01033bb3) sltu    s7, t1, a6
core   0: 3 0x80006bee (0x01033bb3) x23 0x00000000
core   0: 0x80006bf2 (0x01619cb3) sll     s9, gp, s6
core   0: 3 0x80006bf2 (0x01619cb3) x25 0x00018000
core   0: 0x80006bf6 (0x0279b9b3) mulhu   s3, s3, t2
core   0: 3 0x80006bf6 (0x0279b9b3) x19 0x00000000
core   0: 0x80006bfa (0x000012fd) c.addi  t0, -1
core   0: 3 0x80006bfa (0x12fd) x 5 0xff40130a
core   0: 0x80006bfc (0x0000883e) c.mv    a6, a5
core   0: 3 0x80006bfc (0x883e) x16 0x80029ce4
core   0: 0x80006bfe (0x033b7263) bgeu    s6, s3, pc + 36
core   0: 3 0x80006bfe (0x033b7263)
core   0: 0x80006c22 (0x00e3d0b3) srl     ra, t2, a4
core   0: 3 0x80006c22 (0x00e3d0b3) x 1 0x00000010
core   0: 0x80006c26 (0x008062b3) or      t0, zero, s0
core   0: 3 0x80006c26 (0x008062b3) x 5 0xffff5c28
core   0: 0x80006c2a (0x02803733) mulhu   a4, zero, s0
core   0: 3 0x80006c2a (0x02803733) x14 0x00000000
core   0: 0x80006c2e (0x037fd533) divu    a0, t6, s7
core   0: 3 0x80006c2e (0x037fd533) x10 0xffffffff
core   0: 0x80006c32 (0x0000e911) c.bnez  a0, pc + 20
core   0: 3 0x80006c32 (0xe911)
core   0: 0x80006c46 (0x0103e6b3) or      a3, t2, a6
core   0: 3 0x80006c46 (0x0103e6b3) x13 0x80d69ce4
core   0: 0x80006c4a (0x03a8a833) mulhsu  a6, a7, s10
core   0: 3 0x80006c4a (0x03a8a833) x16 0x00000000
core   0: 0x80006c4e (0x00009eba) c.add   t4, a4
core   0: 3 0x80006c4e (0x9eba) x29 0x00000098
core   0: 0x80006c50 (0x0000100f) fence.i
core   0: 3 0x80006c50 (0x0000100f)
core   0: 0x80006c54 (0x00c90d63) beq     s2, a2, pc + 26
core   0: 3 0x80006c54 (0x00c90d63)
core   0: 0x80006c58 (0x00000001) c.nop
core   0: 3 0x80006c58 (0x0001)
core   0: 0x80006c5a (0x00008c7d) c.and   s0, a5
core   0: 3 0x80006c5a (0x8c7d) x 8 0x80021c20
core   0: 0x80006c5c (0x0170d113) srli    sp, ra, 23
core   0: 3 0x80006c5c (0x0170d113) x 2 0x00000000
core   0: 0x80006c60 (0xbf5c3393) sltiu   t2, s8, -1035
core   0: 3 0x80006c60 (0xbf5c3393) x 7 0x00000001
core   0: 0x80006c64 (0xf969b313) sltiu   t1, s3, -106
core   0: 3 0x80006c64 (0xf969b313) x 6 0x00000001
core   0: 0x80006c68 (0x004d8833) add     a6, s11, tp
core   0: 3 0x80006c68 (0x004d8833) x16 0xffff5f7e
core   0: 0x80006c6c (0x00008e79) c.and   a2, a4
core   0: 3 0x80006c6c (0x8e79) x12 0x00000000
core   0: 0x80006c6e (0x00009a56) c.add   s4, s5
core   0: 3 0x80006c6e (0x9a56) x20 0x80025e64
core   0: 0x80006c70 (0x010f1e13) slli    t3, t5, 16
core   0: 3 0x80006c70 (0x010f1e13) x28 0xbba00000
core   0: 0x80006c74 (0x00000001) c.nop
core   0: 3 0x80006c74 (0x0001)
core   0: 0x80006c76 (0x00000001) c.nop
core   0: 3 0x80006c76 (0x0001)
core   0: 0x80006c78 (0x00006125) c.addi16sp sp, 96
core   0: 3 0x80006c78 (0x6125) x 2 0x00000060
core   0: 0x80006c7a (0x3cc72c93) slti    s9, a4, 972
core   0: 3 0x80006c7a (0x3cc72c93) x25 0x00000001
core   0: 0x80006c7e (0x00009c16) c.add   s8, t0
core   0: 3 0x80006c7e (0x9c16) x24 0xffff8c28
core   0: 0x80006c80 (0x00008561) c.srai  a0, 24
core   0: 3 0x80006c80 (0x8561) x10 0xffffffff
core   0: 0x80006c82 (0x007a5d13) srli    s10, s4, 7
core   0: 3 0x80006c82 (0x007a5d13) x26 0x010004bc
core   0: 0x80006c86 (0x0000198c) c.addi4spn a1, sp, 240
core   0: 3 0x80006c86 (0x198c) x11 0x00000150
core   0: 0x80006c88 (0x0007b2b3) sltu    t0, a5, zero
core   0: 3 0x80006c88 (0x0007b2b3) x 5 0x00000000
core   0: 0x80006c8c (0x000080f6) c.mv    ra, t4
core   0: 3 0x80006c8c (0x80f6) x 1 0x00000098
core   0: 0x80006c8e (0xbe6dce13) xori    t3, s11, -1050
core   0: 3 0x80006c8e (0xbe6dce13) x28 0x0000a498
core   0: 0x80006c92 (0x0000100f) fence.i
core   0: 3 0x80006c92 (0x0000100f)
core   0: 0x80006c96 (0x01414eb3) xor     t4, sp, s4
core   0: 3 0x80006c96 (0x01414eb3) x29 0x80025e04
core   0: 0x80006c9a (0xe8248817) auipc   a6, 0xe8248
core   0: 3 0x80006c9a (0xe8248817) x16 0x6824ec9a
core   0: 0x80006c9e (0x0344b6b3) mulhu   a3, s1, s4
core   0: 3 0x80006c9e (0x0344b6b3) x13 0x0000d003
core   0: 0x80006ca2 (0xa190e6b7) lui     a3, 0xa190e
core   0: 3 0x80006ca2 (0xa190e6b7) x13 0xa190e000
core   0: 0x80006ca6 (0x00026463) bltu    tp, zero, pc + 8
core   0: 3 0x80006ca6 (0x00026463)
core   0: 0x80006caa (0x01458eb3) add     t4, a1, s4
core   0: 3 0x80006caa (0x01458eb3) x29 0x80025fb4
core   0: 0x80006cae (0x01dd9cb3) sll     s9, s11, t4
core   0: 3 0x80006cae (0x01dd9cb3) x25 0xf7e00000
core   0: 0x80006cb2 (0x000003d2) c.slli  t2, 20
core   0: 3 0x80006cb2 (0x03d2) x 7 0x00100000
core   0: 0x80006cb4 (0x4be5f993) andi    s3, a1, 1214
core   0: 3 0x80006cb4 (0x4be5f993) x19 0x00000010
core   0: 0x80006cb8 (0x00000001) c.nop
core   0: 3 0x80006cb8 (0x0001)
core   0: 0x80006cba (0x00001298) c.addi4spn a4, sp, 352
core   0: 3 0x80006cba (0x1298) x14 0x000001c0
core   0: 0x80006cbc (0xdc66e913) ori     s2, a3, -570
core   0: 3 0x80006cbc (0xdc66e913) x18 0xfffffdc6
core   0: 0x80006cc0 (0x03442333) mulhsu  t1, s0, s4
core   0: 3 0x80006cc0 (0x03442333) x 6 0xbfffdee2
core   0: 0x80006cc4 (0x00417033) and     zero, sp, tp
core   0: 3 0x80006cc4 (0x00417033)
core   0: 0x80006cc8 (0x0becf993) andi    s3, s9, 190
core   0: 3 0x80006cc8 (0x0becf993) x19 0x00000000
core   0: 0x80006ccc (0xd1394e13) xori    t3, s2, -749
core   0: 3 0x80006ccc (0xd1394e13) x28 0x000000d5
core   0: 0x80006cd0 (0x00008049) c.srli  s0, 18
core   0: 3 0x80006cd0 (0x8049) x 8 0x00002000
core   0: 0x80006cd2 (0xb5a4a1b7) lui     gp, 0xb5a4a
core   0: 3 0x80006cd2 (0xb5a4a1b7) x 3 0xb5a4a000
core   0: 0x80006cd6 (0x01bdd533) srl     a0, s11, s11
core   0: 3 0x80006cd6 (0x01bdd533) x10 0x00000003
core   0: 0x80006cda (0x02b65933) divu    s2, a2, a1
core   0: 3 0x80006cda (0x02b65933) x18 0x00000000
core   0: 0x80006cde (0x03279b63) bne     a5, s2, pc + 54
core   0: 3 0x80006cde (0x03279b63)
core   0: 0x80006d14 (0x00008b21) c.andi  a4, 8
core   0: 3 0x80006d14 (0x8b21) x14 0x00000000
core   0: 0x80006d16 (0x00771e33) sll     t3, a4, t2
core   0: 3 0x80006d16 (0x00771e33) x28 0x00000000
core   0: 0x80006d1a (0x00b23bb3) sltu    s7, tp, a1
core   0: 3 0x80006d1a (0x00b23bb3) x23 0x00000001
core   0: 0x80006d1e (0x00da9333) sll     t1, s5, a3
core   0: 3 0x80006d1e (0x00da9333) x 6 0x80025e64
core   0: 0x80006d22 (0x0000ce89) c.beqz  a3, pc + 26
core   0: 3 0x80006d22 (0xce89)
core   0: 0x80006d24 (0x01d54f33) xor     t5, a0, t4
core   0: 3 0x80006d24 (0x01d54f33) x30 0x80025fb7
core   0: 0x80006d28 (0x00008529) c.srai  a0, 10
core   0: 3 0x80006d28 (0x8529) x10 0x00000000
core   0: 0x80006d2a (0x02b9a333) mulhsu  t1, s3, a1
core   0: 3 0x80006d2a (0x02b9a333) x 6 0x00000000
core   0: 0x80006d2e (0xba484393) xori    t2, a6, -1116
core   0: 3 0x80006d2e (0xba484393) x 7 0x97db173e
core   0: 0x80006d32 (0x00008de5) c.and   a1, s1
core   0: 3 0x80006d32 (0x8de5) x11 0x00000000
core   0: 0x80006d34 (0x0232b2b3) mulhu   t0, t0, gp
core   0: 3 0x80006d34 (0x0232b2b3) x 5 0x00000000
core   0: 0x80006d38 (0xe4c96313) ori     t1, s2, -436
core   0: 3 0x80006d38 (0xe4c96313) x 6 0xfffffe4c
core   0: 0x80006d3c (0x0000c039) c.beqz  s0, pc + 70
core   0: 3 0x80006d3c (0xc039)
core   0: 0x80006d3e (0x0000100f) fence.i
core   0: 3 0x80006d3e (0x0000100f)
core   0: 0x80006d42 (0x019a2cb3) slt     s9, s4, s9
core   0: 3 0x80006d42 (0x019a2cb3) x25 0x00000001
core   0: 0x80006d46 (0x00008c99) c.sub   s1, a4
core   0: 3 0x80006d46 (0x8c99) x 9 0x0001a000
core   0: 0x80006d48 (0x01e362b3) or      t0, t1, t5
core   0: 3 0x80006d48 (0x01e362b3) x 5 0xffffffff
core   0: 0x80006d4c (0x6b4da813) slti    a6, s11, 1716
core   0: 3 0x80006d4c (0x6b4da813) x16 0x00000001
core   0: 0x80006d50 (0x038036b3) mulhu   a3, zero, s8
core   0: 3 0x80006d50 (0x038036b3) x13 0x00000000
core   0: 0x80006d54 (0x00145013) srli    zero, s0, 1
core   0: 3 0x80006d54 (0x00145013)
core   0: 0x80006d58 (0x005e8533) add     a0, t4, t0
core   0: 3 0x80006d58 (0x005e8533) x10 0x80025fb3
core   0: 0x80006d5c (0x3b17e093) ori     ra, a5, 945
core   0: 3 0x80006d5c (0x3b17e093) x 1 0x80029ff5
core   0: 0x80006d60 (0x0000ca89) c.beqz  a3, pc + 18
core   0: 3 0x80006d60 (0xca89)
core   0: 0x80006d72 (0x017385b3) add     a1, t2, s7
core   0: 3 0x80006d72 (0x017385b3) x11 0x97db173f
core   0: 0x80006d76 (0x03047a63) bgeu    s0, a6, pc + 52
core   0: 3 0x80006d76 (0x03047a63)
core   0: 0x80006daa (0x0ff0000f) fence   iorw,iorw
core   0: 3 0x80006daa (0x0ff0000f)
core   0: 0x80006dae (0x03619f33) mulh    t5, gp, s6
core   0: 3 0x80006dae (0x03619f33) x30 0x00000000
core   0: 0x80006db2 (0x0000100f) fence.i
core   0: 3 0x80006db2 (0x0000100f)
core   0: 0x80006db6 (0xeb1d6413) ori     s0, s10, -335
core   0: 3 0x80006db6 (0xeb1d6413) x 8 0xfffffebd
core   0: 0x80006dba (0x00000001) c.nop
core   0: 3 0x80006dba (0x0001)
core   0: 0x80006dbc (0x00bfdbb3) srl     s7, t6, a1
core   0: 3 0x80006dbc (0x00bfdbb3) x23 0x00000000
core   0: 0x80006dc0 (0x006479b3) and     s3, s0, t1
core   0: 3 0x80006dc0 (0x006479b3) x19 0xfffffe0c
core   0: 0x80006dc4 (0x010e90b3) sll     ra, t4, a6
core   0: 3 0x80006dc4 (0x010e90b3) x 1 0x0004bf68
core   0: 0x80006dc8 (0x00000001) c.nop
core   0: 3 0x80006dc8 (0x0001)
core   0: 0x80006dca (0xe8250a13) addi    s4, a0, -382
core   0: 3 0x80006dca (0xe8250a13) x20 0x80025e35
core   0: 0x80006dce (0x00008559) c.srai  a0, 22
core   0: 3 0x80006dce (0x8559) x10 0xfffffe00
core   0: 0x80006dd0 (0x0217cf63) blt     a5, ra, pc + 62
core   0: 3 0x80006dd0 (0x0217cf63)
core   0: 0x80006e0e (0x00008df5) c.and   a1, a3
core   0: 3 0x80006e0e (0x8df5) x11 0x00000000
core   0: 0x80006e10 (0x01b289b3) add     s3, t0, s11
core   0: 3 0x80006e10 (0x01b289b3) x19 0xffff5f7d
core   0: 0x80006e14 (0xe2343513) sltiu   a0, s0, -477
core   0: 3 0x80006e14 (0xe2343513) x10 0x00000000
core   0: 0x80006e18 (0x00000b45) c.addi  s6, 17
core   0: 3 0x80006e18 (0x0b45) x22 0x00000011
core   0: 0x80006e1a (0x02ad5163) bge     s10, a0, pc + 34
core   0: 3 0x80006e1a (0x02ad5163)
core   0: 0x80006e3c (0x022805b3) mul     a1, a6, sp
core   0: 3 0x80006e3c (0x022805b3) x11 0x00000060
core   0: 0x80006e40 (0x00008d01) c.sub   a0, s0
core   0: 3 0x80006e40 (0x8d01) x10 0x00000143
core   0: 0x80006e42 (0x000001c5) c.addi  gp, 17
core   0: 3 0x80006e42 (0x01c5) x 3 0xb5a4a011
core   0: 0x80006e44 (0x864769b7) lui     s3, 0x86476
core   0: 3 0x80006e44 (0x864769b7) x19 0x86476000
core   0: 0x80006e48 (0x00efabb3) slt     s7, t6, a4
core   0: 3 0x80006e48 (0x00efabb3) x23 0x00000000
core   0: 0x80006e4c (0x00006419) c.lui   s0, 0x6
core   0: 3 0x80006e4c (0x6419) x 8 0x00006000
core   0: 0x80006e4e (0x00005d7d) c.li    s10, -1
core   0: 3 0x80006e4e (0x5d7d) x26 0xffffffff
core   0: 0x80006e50 (0x59511a37) lui     s4, 0x59511
core   0: 3 0x80006e50 (0x59511a37) x20 0x59511000
core   0: 0x80006e54 (0x00008e19) c.sub   a2, a4
core   0: 3 0x80006e54 (0x8e19) x12 0x00000000
core   0: 0x80006e56 (0x00001a7d) c.addi  s4, -1
core   0: 3 0x80006e56 (0x1a7d) x20 0x59510fff
core   0: 0x80006e58 (0x00008a01) c.andi  a2, 0
core   0: 3 0x80006e58 (0x8a01) x12 0x00000000
core   0: 0x80006e5a (0x03d40b33) mul     s6, s0, t4
core   0: 3 0x80006e5a (0x03d40b33) x22 0xe3e38000
core   0: 0x80006e5e (0x000081ad) c.srli  a1, 11
core   0: 3 0x80006e5e (0x81ad) x11 0x00000000
core   0: 0x80006e60 (0x03ada5b3) mulhsu  a1, s11, s10
core   0: 3 0x80006e60 (0x03ada5b3) x11 0xffff5f7e
core   0: 0x80006e64 (0x00008f71) c.and   a4, a2
core   0: 3 0x80006e64 (0x8f71) x14 0x00000000
core   0: 0x80006e66 (0x415a89b3) sub     s3, s5, s5
core   0: 3 0x80006e66 (0x415a89b3) x19 0x00000000
core   0: 0x80006e6a (0x0000c009) c.beqz  s0, pc + 2
core   0: 3 0x80006e6a (0xc009)
core   0: 0x80006e6c (0x00009a42) c.add   s4, a6
core   0: 3 0x80006e6c (0x9a42) x20 0x59511000
core   0: 0x80006e6e (0xaad7c413) xori    s0, a5, -1363
core   0: 3 0x80006e6e (0xaad7c413) x 8 0x7ffd6649
core   0: 0x80006e72 (0x40aade93) srai    t4, s5, 10
core   0: 3 0x80006e72 (0x40aade93) x29 0xffe00097
core   0: 0x80006e76 (0x00006111) c.addi16sp sp, 256
core   0: 3 0x80006e76 (0x6111) x 2 0x00000160
core   0: 0x80006e78 (0x8e603293) sltiu   t0, zero, -1818
core   0: 3 0x80006e78 (0x8e603293) x 5 0x00000001
core   0: 0x80006e7c (0x00001094) c.addi4spn a3, sp, 96
core   0: 3 0x80006e7c (0x1094) x13 0x000001c0
core   0: 0x80006e7e (0x00008121) c.srli  a0, 8
core   0: 3 0x80006e7e (0x8121) x10 0x00000001
core   0: 0x80006e80 (0x00fcc733) xor     a4, s9, a5
core   0: 3 0x80006e80 (0x00fcc733) x14 0x80029ce5
core   0: 0x80006e84 (0x0139eb33) or      s6, s3, s3
core   0: 3 0x80006e84 (0x0139eb33) x22 0x00000000
core   0: 0x80006e88 (0x00008571) c.srai  a0, 28
core   0: 3 0x80006e88 (0x8571) x10 0x00000000
core   0: 0x80006e8a (0x0254ea33) rem     s4, s1, t0
core   0: 3 0x80006e8a (0x0254ea33) x20 0x00000000
core   0: 0x80006e8e (0x0000ca05) c.beqz  a2, pc + 48
core   0: 3 0x80006e8e (0xca05)
core   0: 0x80006ebe (0x018c5763) bge     s8, s8, pc + 14
core   0: 3 0x80006ebe (0x018c5763)
core   0: 0x80006ecc (0x00009fee) c.add   t6, s11
core   0: 3 0x80006ecc (0x9fee) x31 0xffff5f7e
core   0: 0x80006ece (0x000052fd) c.li    t0, -1
core   0: 3 0x80006ece (0x52fd) x 5 0xffffffff
core   0: 0x80006ed0 (0x00006105) c.addi16sp sp, 32
core   0: 3 0x80006ed0 (0x6105) x 2 0x00000180
core   0: 0x80006ed2 (0x022614b3) mulh    s1, a2, sp
core   0: 3 0x80006ed2 (0x022614b3) x 9 0x00000000
core   0: 0x80006ed6 (0x0000100f) fence.i
core   0: 3 0x80006ed6 (0x0000100f)
core   0: 0x80006eda (0xd4644f37) lui     t5, 0xd4644
core   0: 3 0x80006eda (0xd4644f37) x30 0xd4644000
core   0: 0x80006ede (0x00008e99) c.sub   a3, a4
core   0: 3 0x80006ede (0x8e99) x13 0x7ffd64db
core   0: 0x80006ee0 (0x402cd093) srai    ra, s9, 2
core   0: 3 0x80006ee0 (0x402cd093) x 1 0x00000000
core   0: 0x80006ee4 (0x40ab5733) sra     a4, s6, a0
core   0: 3 0x80006ee4 (0x40ab5733) x14 0x00000000
core   0: 0x80006ee8 (0x03a00633) mul     a2, zero, s10
core   0: 3 0x80006ee8 (0x03a00633) x12 0x00000000
core   0: 0x80006eec (0x030f65b3) rem     a1, t5, a6
core   0: 3 0x80006eec (0x030f65b3) x11 0x00000000
core   0: 0x80006ef0 (0x00000915) c.addi  s2, 5
core   0: 3 0x80006ef0 (0x0915) x18 0x00000005
core   0: 0x80006ef2 (0x6cd82d93) slti    s11, a6, 1741
core   0: 3 0x80006ef2 (0x6cd82d93) x27 0x00000001
core   0: 0x80006ef6 (0x00350c33) add     s8, a0, gp
core   0: 3 0x80006ef6 (0x00350c33) x24 0xb5a4a011
core   0: 0x80006efa (0x0062b233) sltu    tp, t0, t1
core   0: 3 0x80006efa (0x0062b233) x 4 0x00000000
core   0: 0x80006efe (0x00008509) c.srai  a0, 2
core   0: 3 0x80006efe (0x8509) x10 0x00000000
core   0: 0x80006f00 (0x0378f9b3) remu    s3, a7, s7
core   0: 3 0x80006f00 (0x0378f9b3) x19 0x00000000
core   0: 0x80006f04 (0x01a05a33) srl     s4, zero, s10
core   0: 3 0x80006f04 (0x01a05a33) x20 0x00000000
core   0: 0x80006f08 (0x6a7731b7) lui     gp, 0x6a773
core   0: 3 0x80006f08 (0x6a7731b7) x 3 0x6a773000
core   0: 0x80006f0c (0x004a1c63) bne     s4, tp, pc + 24
core   0: 3 0x80006f0c (0x004a1c63)
core   0: 0x80006f10 (0x03382a33) mulhsu  s4, a6, s3
core   0: 3 0x80006f10 (0x03382a33) x20 0x00000000
core   0: 0x80006f14 (0x0ff0000f) fence   iorw,iorw
core   0: 3 0x80006f14 (0x0ff0000f)
core   0: 0x80006f18 (0x024e7a33) remu    s4, t3, tp
core   0: 3 0x80006f18 (0x024e7a33) x20 0x00000000
core   0: 0x80006f1c (0x01b08833) add     a6, ra, s11
core   0: 3 0x80006f1c (0x01b08833) x16 0x00000001
core   0: 0x80006f20 (0x00009b7d) c.andi  a4, -1
core   0: 3 0x80006f20 (0x9b7d) x14 0x00000000
core   0: 0x80006f22 (0x00008c59) c.or    s0, a4
core   0: 3 0x80006f22 (0x8c59) x 8 0x7ffd6649
core   0: 0x80006f24 (0x029c5733) divu    a4, s8, s1
core   0: 3 0x80006f24 (0x029c5733) x14 0xffffffff
core   0: 0x80006f28 (0x0000717d) c.addi16sp sp, -16
core   0: 3 0x80006f28 (0x717d) x 2 0x00000170
core   0: 0x80006f2a (0x01dc6b33) or      s6, s8, t4
core   0: 3 0x80006f2a (0x01dc6b33) x22 0xffe4a097
core   0: 0x80006f2e (0x03ffd363) bge     t6, t6, pc + 38
core   0: 3 0x80006f2e (0x03ffd363)
core   0: 0x80006f54 (0x01d85593) srli    a1, a6, 29
core   0: 3 0x80006f54 (0x01d85593) x11 0x00000000
core   0: 0x80006f58 (0xfd052e93) slti    t4, a0, -48
core   0: 3 0x80006f58 (0xfd052e93) x29 0x00000000
core   0: 0x80006f5c (0x00925b33) srl     s6, tp, s1
core   0: 3 0x80006f5c (0x00925b33) x22 0x00000000
core   0: 0x80006f60 (0x0389ae33) mulhsu  t3, s3, s8
core   0: 3 0x80006f60 (0x0389ae33) x28 0x00000000
core   0: 0x80006f64 (0x00008ee5) c.and   a3, s1
core   0: 3 0x80006f64 (0x8ee5) x13 0x00000000
core   0: 0x80006f66 (0x0000100f) fence.i
core   0: 3 0x80006f66 (0x0000100f)
core   0: 0x80006f6a (0x0ff0000f) fence   iorw,iorw
core   0: 3 0x80006f6a (0x0ff0000f)
core   0: 0x80006f6e (0x00c38db3) add     s11, t2, a2
core   0: 3 0x80006f6e (0x00c38db3) x27 0x97db173e
core   0: 0x80006f72 (0x0000064d) c.addi  a2, 19
core   0: 3 0x80006f72 (0x064d) x12 0x00000013
core   0: 0x80006f74 (0x000081d9) c.srli  a1, 22
core   0: 3 0x80006f74 (0x81d9) x11 0x00000000
core   0: 0x80006f76 (0x00006175) c.addi16sp sp, 368
core   0: 3 0x80006f76 (0x6175) x 2 0x000002e0
core   0: 0x80006f78 (0x01065593) srli    a1, a2, 16
core   0: 3 0x80006f78 (0x01065593) x11 0x00000000
core   0: 0x80006f7c (0x056be263) bltu    s7, s6, pc + 68
core   0: 3 0x80006f7c (0x056be263)
core   0: 0x80006f80 (0x00008811) c.andi  s0, 4
core   0: 3 0x80006f80 (0x8811) x 8 0x00000000
core   0: 0x80006f82 (0x007199b3) sll     s3, gp, t2
core   0: 3 0x80006f82 (0x007199b3) x19 0x00000000
core   0: 0x80006f86 (0x00000001) c.nop
core   0: 3 0x80006f86 (0x0001)
core   0: 0x80006f88 (0x01dbb2b3) sltu    t0, s7, t4
core   0: 3 0x80006f88 (0x01dbb2b3) x 5 0x00000000
core   0: 0x80006f8c (0x0269b9b3) mulhu   s3, s3, t1
core   0: 3 0x80006f8c (0x0269b9b3) x19 0x00000000
core   0: 0x80006f90 (0x41790bb3) sub     s7, s2, s7
core   0: 3 0x80006f90 (0x41790bb3) x23 0x00000005
core   0: 0x80006f94 (0x7311c113) xori    sp, gp, 1841
core   0: 3 0x80006f94 (0x7311c113) x 2 0x6a773731
core   0: 0x80006f98 (0x41a45db3) sra     s11, s0, s10
core   0: 3 0x80006f98 (0x41a45db3) x27 0x00000000
core   0: 0x80006f9c (0x00008ead) c.xor   a3, a1
core   0: 3 0x80006f9c (0x8ead) x13 0x00000000
core   0: 0x80006f9e (0x01610d63) beq     sp, s6, pc + 26
core   0: 3 0x80006f9e (0x01610d63)
core   0: 0x80006fa2 (0x00008cd1) c.or    s1, a2
core   0: 3 0x80006fa2 (0x8cd1) x 9 0x00000013
core   0: 0x80006fa4 (0xfdde0b13) addi    s6, t3, -35
core   0: 3 0x80006fa4 (0xfdde0b13) x22 0xffffffdd
core   0: 0x80006fa8 (0x00008eb5) c.xor   a3, a3
core   0: 3 0x80006fa8 (0x8eb5) x13 0x00000000
core   0: 0x80006faa (0x0b0b7a37) lui     s4, 0xb0b7
core   0: 3 0x80006faa (0x0b0b7a37) x20 0x0b0b7000
core   0: 0x80006fae (0x0000c021) c.beqz  s0, pc + 64
core   0: 3 0x80006fae (0xc021)
core   0: 0x80006fee (0x00008e4d) c.or    a2, a1
core   0: 3 0x80006fee (0x8e4d) x12 0x00000013
core   0: 0x80006ff0 (0x010f9813) slli    a6, t6, 16
core   0: 3 0x80006ff0 (0x010f9813) x16 0x5f7e0000
core   0: 0x80006ff4 (0x034ae533) rem     a0, s5, s4
core   0: 3 0x80006ff4 (0x034ae533) x10 0xf9802e64
core   0: 0x80006ff8 (0x00000001) c.nop
core   0: 3 0x80006ff8 (0x0001)
core   0: 0x80006ffa (0x028301b3) mul     gp, t1, s0
core   0: 3 0x80006ffa (0x028301b3) x 3 0x00000000
core   0: 0x80006ffe (0x40fd0533) sub     a0, s10, a5
core   0: 3 0x80006ffe (0x40fd0533) x10 0x7ffd631b
core   0: 0x80007002 (0x0000008c) c.addi4spn a1, sp, 64
core   0: 3 0x80007002 (0x008c) x11 0x6a773771
core   0: 0x80007004 (0x00004359) c.li    t1, 22
core   0: 3 0x80007004 (0x4359) x 6 0x00000016
core   0: 0x80007006 (0x0000cc01) c.beqz  s0, pc + 24
core   0: 3 0x80007006 (0xcc01)
core   0: 0x8000701e (0x41175533) sra     a0, a4, a7
core   0: 3 0x8000701e (0x41175533) x10 0xffffffff
core   0: 0x80007022 (0x0308e333) rem     t1, a7, a6
core   0: 3 0x80007022 (0x0308e333) x 6 0x00000000
core   0: 0x80007026 (0x01a76c63) bltu    a4, s10, pc + 24
core   0: 3 0x80007026 (0x01a76c63)
core   0: 0x8000702a (0x00001f10) c.addi4spn a2, sp, 944
core   0: 3 0x8000702a (0x1f10) x12 0x6a773ae1
core   0: 0x8000702c (0x00008291) c.srli  a3, 4
core   0: 3 0x8000702c (0x8291) x13 0x00000000
core   0: 0x8000702e (0xc1e93613) sltiu   a2, s2, -994
core   0: 3 0x8000702e (0xc1e93613) x12 0x00000001
core   0: 0x80007032 (0x00000090) c.addi4spn a2, sp, 64
core   0: 3 0x80007032 (0x0090) x12 0x6a773771
core   0: 0x80007034 (0x28ea6113) ori     sp, s4, 654
core   0: 3 0x80007034 (0x28ea6113) x 2 0x0b0b728e
core   0: 0x80007038 (0x0000c91d) c.beqz  a0, pc + 54
core   0: 3 0x80007038 (0xc91d)
core   0: 0x8000703a (0x029dd863) bge     s11, s1, pc + 48
core   0: 3 0x8000703a (0x029dd863)
core   0: 0x8000703e (0x02498263) beq     s3, tp, pc + 36
core   0: 3 0x8000703e (0x02498263)
core   0: 0x80007062 (0x01cf3433) sltu    s0, t5, t3
core   0: 3 0x80007062 (0x01cf3433) x 8 0x00000000
core   0: 0x80007066 (0x0ff0000f) fence   iorw,iorw
core   0: 3 0x80007066 (0x0ff0000f)
core   0: 0x8000706a (0x00bc9c63) bne     s9, a1, pc + 24
core   0: 3 0x8000706a (0x00bc9c63)
core   0: 0x80007082 (0x01a8f263) bgeu    a7, s10, pc + 4
core   0: 3 0x80007082 (0x01a8f263)
core   0: 0x80007086 (0x036fec63) bltu    t6, s6, pc + 56
core   0: 3 0x80007086 (0x036fec63)
core   0: 0x800070be (0x0000e711) c.bnez  a4, pc + 12
core   0: 3 0x800070be (0xe711)
core   0: 0x800070ca (0x00000001) c.nop
core   0: 3 0x800070ca (0x0001)
core   0: 0x800070cc (0x01c5ffb3) and     t6, a1, t3
core   0: 3 0x800070cc (0x01c5ffb3) x31 0x00000000
core   0: 0x800070d0 (0x19324593) xori    a1, tp, 403
core   0: 3 0x800070d0 (0x19324593) x11 0x00000193
core   0: 0x800070d4 (0x00000580) c.addi4spn s0, sp, 704
core   0: 3 0x800070d4 (0x0580) x 8 0x0b0b754e
core   0: 0x800070d6 (0x02a96233) rem     tp, s2, a0
core   0: 3 0x800070d6 (0x02a96233) x 4 0x00000000
core   0: 0x800070da (0xa69f2d13) slti    s10, t5, -1431
core   0: 3 0x800070da (0xa69f2d13) x26 0x00000001
core   0: 0x800070de (0x00008cd1) c.or    s1, a2
core   0: 3 0x800070de (0x8cd1) x 9 0x6a773773
core   0: 0x800070e0 (0x526fa413) slti    s0, t6, 1318
core   0: 3 0x800070e0 (0x526fa413) x 8 0x00000001
core   0: 0x800070e4 (0x00001184) c.addi4spn s1, sp, 224
core   0: 3 0x800070e4 (0x1184) x 9 0x0b0b736e
core   0: 0x800070e6 (0x0ff0000f) fence   iorw,iorw
core   0: 3 0x800070e6 (0x0ff0000f)
core   0: 0x800070ea (0x00006149) c.addi16sp sp, 144
core   0: 3 0x800070ea (0x6149) x 2 0x0b0b731e
core   0: 0x800070ec (0x364adf17) auipc   t5, 0x364ad
core   0: 3 0x800070ec (0x364adf17) x30 0xb64b40ec
core   0: 0x800070f0 (0x00cc5f93) srli    t6, s8, 12
core   0: 3 0x800070f0 (0x00cc5f93) x31 0x000b5a4a
core   0: 0x800070f4 (0x50eca613) slti    a2, s9, 1294
core   0: 3 0x800070f4 (0x50eca613) x12 0x00000001
core   0: 0x800070f8 (0x01d9f5b3) and     a1, s3, t4
core   0: 3 0x800070f8 (0x01d9f5b3) x11 0x00000000
core   0: 0x800070fc (0x02e4a6b3) mulhsu  a3, s1, a4
core   0: 3 0x800070fc (0x02e4a6b3) x13 0x0b0b736d
core   0: 0x80007100 (0x02e02733) mulhsu  a4, zero, a4
core   0: 3 0x80007100 (0x02e02733) x14 0x00000000
core   0: 0x80007104 (0x00000001) c.nop
core   0: 3 0x80007104 (0x0001)
core   0: 0x80007106 (0x01db5333) srl     t1, s6, t4
core   0: 3 0x80007106 (0x01db5333) x 6 0xffffffdd
core   0: 0x8000710a (0x02d7e933) rem     s2, a5, a3
core   0: 3 0x8000710a (0x02d7e933) x18 0xf9809293
core   0: 0x8000710e (0x02ddc233) div     tp, s11, a3
core   0: 3 0x8000710e (0x02ddc233) x 4 0x00000000
core   0: 0x80007112 (0x00008d4d) c.or    a0, a1
core   0: 3 0x80007112 (0x8d4d) x10 0xffffffff
core   0: 0x80007114 (0x03662333) mulhsu  t1, a2, s6
core   0: 3 0x80007114 (0x03662333) x 6 0x00000000
core   0: 0x80007118 (0x00000001) c.nop
core   0: 3 0x80007118 (0x0001)
core   0: 0x8000711a (0x0000100f) fence.i
core   0: 3 0x8000711a (0x0000100f)
core   0: 0x8000711e (0x3af0d317) auipc   t1, 0x3af0d
core   0: 3 0x8000711e (0x3af0d317) x 6 0xbaf1411e
core   0: 0x80007122 (0x0000072d) c.addi  a4, 11
core   0: 3 0x80007122 (0x072d) x14 0x0000000b
core   0: 0x80007124 (0x00001f7d) c.addi  t5, -1
core   0: 3 0x80007124 (0x1f7d) x30 0xb64b40eb
core   0: 0x80007126 (0x01501713) slli    a4, zero, 21
core   0: 3 0x80007126 (0x01501713) x14 0x00000000
core   0: 0x8000712a (0x02ae8933) mul     s2, t4, a0
core   0: 3 0x8000712a (0x02ae8933) x18 0x00000000
core   0: 0x8000712e (0x00004bdd) c.li    s7, 23
core   0: 3 0x8000712e (0x4bdd) x23 0x00000017
core   0: 0x80007130 (0x031bb533) mulhu   a0, s7, a7
core   0: 3 0x80007130 (0x031bb533) x10 0x00000000
core   0: 0x80007134 (0xae4b2693) slti    a3, s6, -1308
core   0: 3 0x80007134 (0xae4b2693) x13 0x00000000
core   0: 0x80007138 (0x00708e63) beq     ra, t2, pc + 28
core   0: 3 0x80007138 (0x00708e63)
core   0: 0x8000713c (0x00c4ef33) or      t5, s1, a2
core   0: 3 0x8000713c (0x00c4ef33) x30 0x0b0b736f
core   0: 0x80007140 (0x0000893e) c.mv    s2, a5
core   0: 3 0x80007140 (0x893e) x18 0x80029ce4
core   0: 0x80007142 (0x00000001) c.nop
core   0: 3 0x80007142 (0x0001)
core   0: 0x80007144 (0x017ac3b3) xor     t2, s5, s7
core   0: 3 0x80007144 (0x017ac3b3) x 7 0x80025e73
core   0: 0x80007148 (0x031b6fb3) rem     t6, s6, a7
core   0: 3 0x80007148 (0x031b6fb3) x31 0xffffffdd
core   0: 0x8000714c (0x0000100f) fence.i
core   0: 3 0x8000714c (0x0000100f)
core   0: 0x80007150 (0x01ee5933) srl     s2, t3, t5
core   0: 3 0x80007150 (0x01ee5933) x18 0x00000000
core   0: 0x80007154 (0x01004e63) blt     zero, a6, pc + 28
core   0: 3 0x80007154 (0x01004e63)
core   0: 0x80007170 (0x03decf63) blt     t4, t4, pc + 62
core   0: 3 0x80007170 (0x03decf63)
core   0: 0x80007174 (0x022b30b3) mulhu   ra, s6, sp
core   0: 3 0x80007174 (0x022b30b3) x 1 0x0b0b731c
core   0: 0x80007178 (0x007eda63) bge     t4, t2, pc + 20
core   0: 3 0x80007178 (0x007eda63)
core   0: 0x8000718c (0x0e7e7d13) andi    s10, t3, 231
core   0: 3 0x8000718c (0x0e7e7d13) x26 0x00000000
core   0: 0x80007190 (0x00008529) c.srai  a0, 10
core   0: 3 0x80007190 (0x8529) x10 0x00000000
core   0: 0x80007192 (0x00006985) c.lui   s3, 0x1
core   0: 3 0x80007192 (0x6985) x19 0x00001000
core   0: 0x80007194 (0xe7816993) ori     s3, sp, -392
core   0: 3 0x80007194 (0xe7816993) x19 0xffffff7e
core   0: 0x80007198 (0xca7fa313) slti    t1, t6, -857
core   0: 3 0x80007198 (0xca7fa313) x 6 0x00000000
core   0: 0x8000719c (0x01f7acb3) slt     s9, a5, t6
core   0: 3 0x8000719c (0x01f7acb3) x25 0x00000001
core   0: 0x800071a0 (0x0ff0000f) fence   iorw,iorw
core   0: 3 0x800071a0 (0x0ff0000f)
core   0: 0x800071a4 (0x02164333) div     t1, a2, ra
core   0: 3 0x800071a4 (0x02164333) x 6 0x00000000
core   0: 0x800071a8 (0x02246fb3) rem     t6, s0, sp
core   0: 3 0x800071a8 (0x02246fb3) x31 0x00000001
core   0: 0x800071ac (0x00000001) c.nop
core   0: 3 0x800071ac (0x0001)
core   0: 0x800071ae (0x0000ce09) c.beqz  a2, pc + 26
core   0: 3 0x800071ae (0xce09)
core   0: 0x800071b0 (0x02876963) bltu    a4, s0, pc + 50
core   0: 3 0x800071b0 (0x02876963)
core   0: 0x800071e2 (0x00000d08) c.addi4spn a0, sp, 656
core   0: 3 0x800071e2 (0x0d08) x10 0x0b0b75ae
core   0: 0x800071e4 (0x00008f0d) c.sub   a4, a1
core   0: 3 0x800071e4 (0x8f0d) x14 0x00000000
core   0: 0x800071e6 (0x02c8dd63) bge     a7, a2, pc + 58
core   0: 3 0x800071e6 (0x02c8dd63)
core   0: 0x800071ea (0x0360a2b3) mulhsu  t0, ra, s6
core   0: 3 0x800071ea (0x0360a2b3) x 5 0x0b0b731a
core   0: 0x800071ee (0x02a3e763) bltu    t2, a0, pc + 46
core   0: 3 0x800071ee (0x02a3e763)
core   0: 0x800071f2 (0x00c53d33) sltu    s10, a0, a2
core   0: 3 0x800071f2 (0x00c53d33) x26 0x00000000
core   0: 0x800071f6 (0x01295833) srl     a6, s2, s2
core   0: 3 0x800071f6 (0x01295833) x16 0x00000000
core   0: 0x800071fa (0x441ef593) andi    a1, t4, 1089
core   0: 3 0x800071fa (0x441ef593) x11 0x00000000
core   0: 0x800071fe (0x0ff0000f) fence   iorw,iorw
core   0: 3 0x800071fe (0x0ff0000f)
core   0: 0x80007202 (0x00008f49) c.or    a4, a0
core   0: 3 0x80007202 (0x8f49) x14 0x0b0b75ae
core   0: 0x80007204 (0x017da9b3) slt     s3, s11, s7
core   0: 3 0x80007204 (0x017da9b3) x19 0x00000001
core   0: 0x80007208 (0x02b23c33) mulhu   s8, tp, a1
core   0: 3 0x80007208 (0x02b23c33) x24 0x00000000
core   0: 0x8000720c (0x0000cf11) c.beqz  a4, pc + 28
core   0: 3 0x8000720c (0xcf11)
core   0: 0x8000720e (0x02b95433) divu    s0, s2, a1
core   0: 3 0x8000720e (0x02b95433) x 8 0xffffffff
core   0: 0x80007212 (0x01b89f63) bne     a7, s11, pc + 30
core   0: 3 0x80007212 (0x01b89f63)
core   0: 0x80007216 (0x40770f33) sub     t5, a4, t2
core   0: 3 0x80007216 (0x40770f33) x30 0x8b09173b
core   0: 0x8000721a (0x00008d9d) c.sub   a1, a5
core   0: 3 0x8000721a (0x8d9d) x11 0x7ffd631c
core   0: 0x8000721c (0x04fd0063) beq     s10, a5, pc + 64
core   0: 3 0x8000721c (0x04fd0063)
core   0: 0x80007220 (0x05fbc463) blt     s7, t6, pc + 72
core   0: 3 0x80007220 (0x05fbc463)
core   0: 0x80007224 (0x024e0863) beq     t3, tp, pc + 48
core   0: 3 0x80007224 (0x024e0863)
core   0: 0x80007254 (0x02bcce63) blt     s9, a1, pc + 60
core   0: 3 0x80007254 (0x02bcce63)
core   0: 0x80007290 (0x0244d9b3) divu    s3, s1, tp
core   0: 3 0x80007290 (0x0244d9b3) x19 0xffffffff
core   0: 0x80007294 (0x000086a6) c.mv    a3, s1
core   0: 3 0x80007294 (0x86a6) x13 0x0b0b736e
core   0: 0x80007296 (0x023ffd63) bgeu    t6, gp, pc + 58
core   0: 3 0x80007296 (0x023ffd63)
core   0: 0x800072d0 (0x00008d8d) c.sub   a1, a1
core   0: 3 0x800072d0 (0x8d8d) x11 0x00000000
core   0: 0x800072d2 (0x00000001) c.nop
core   0: 3 0x800072d2 (0x0001)
core   0: 0x800072d4 (0x00000001) c.nop
core   0: 3 0x800072d4 (0x0001)
core   0: 0x800072d6 (0x00008d39) c.xor   a0, a4
core   0: 3 0x800072d6 (0x8d39) x10 0x00000000
core   0: 0x800072d8 (0x02c2f463) bgeu    t0, a2, pc + 40
core   0: 3 0x800072d8 (0x02c2f463)
core   0: 0x80007300 (0x0000613d) c.addi16sp sp, 480
core   0: 3 0x80007300 (0x613d) x 2 0x0b0b74fe
core   0: 0x80007302 (0x00000584) c.addi4spn s1, sp, 704
core   0: 3 0x80007302 (0x0584) x 9 0x0b0b77be
core   0: 0x80007304 (0x000080a1) c.srli  s1, 8
core   0: 3 0x80007304 (0x80a1) x 9 0x000b0b77
core   0: 0x80007306 (0x033249b3) div     s3, tp, s3
core   0: 3 0x80007306 (0x033249b3) x19 0x00000000
core   0: 0x8000730a (0x02ff7863) bgeu    t5, a5, pc + 48
core   0: 3 0x8000730a (0x02ff7863)
core   0: 0x8000733a (0xf9523493) sltiu   s1, tp, -107
core   0: 3 0x8000733a (0xf9523493) x 9 0x00000001
core   0: 0x8000733e (0x02291bb3) mulh    s7, s2, sp
core   0: 3 0x8000733e (0x02291bb3) x23 0x00000000
core   0: 0x80007342 (0x027d7033) remu    zero, s10, t2
core   0: 3 0x80007342 (0x027d7033)
core   0: 0x80007346 (0x02096d63) bltu    s2, zero, pc + 58
core   0: 3 0x80007346 (0x02096d63)
core   0: 0x8000734a (0x0000717d) c.addi16sp sp, -16
core   0: 3 0x8000734a (0x717d) x 2 0x0b0b74ee
core   0: 0x8000734c (0x4157dd33) sra     s10, a5, s5
core   0: 3 0x8000734c (0x4157dd33) x26 0xf80029ce
core   0: 0x80007350 (0x00008695) c.srai  a3, 5
core   0: 3 0x80007350 (0x8695) x13 0x00585b9b
core   0: 0x80007352 (0x00c51b33) sll     s6, a0, a2
core   0: 3 0x80007352 (0x00c51b33) x22 0x00000000
core   0: 0x80007356 (0x006f4db3) xor     s11, t5, t1
core   0: 3 0x80007356 (0x006f4db3) x27 0x8b09173b
core   0: 0x8000735a (0x01da1913) slli    s2, s4, 29
core   0: 3 0x8000735a (0x01da1913) x18 0x00000000
core   0: 0x8000735e (0x00c06c63) bltu    zero, a2, pc + 24
core   0: 3 0x8000735e (0x00c06c63)
core   0: 0x80007376 (0x03466f63) bltu    a2, s4, pc + 62
core   0: 3 0x80007376 (0x03466f63)
core   0: 0x800073b4 (0x03876263) bltu    a4, s8, pc + 36
core   0: 3 0x800073b4 (0x03876263)
core   0: 0x800073b8 (0x01b36e63) bltu    t1, s11, pc + 28
core   0: 3 0x800073b8 (0x01b36e63)
core   0: 0x800073d4 (0x032260b3) rem     ra, tp, s2
core   0: 3 0x800073d4 (0x032260b3) x 1 0x00000000
core   0: 0x800073d8 (0x00370cb3) add     s9, a4, gp
core   0: 3 0x800073d8 (0x00370cb3) x25 0x0b0b75ae
core   0: 0x800073dc (0x0000e299) c.bnez  a3, pc + 6
core   0: 3 0x800073dc (0xe299)
core   0: 0x800073e2 (0x40b101b3) sub     gp, sp, a1
core   0: 3 0x800073e2 (0x40b101b3) x 3 0x0b0b74ee
core   0: 0x800073e6 (0x00008df9) c.and   a1, a4
core   0: 3 0x800073e6 (0x8df9) x11 0x00000000
core   0: 0x800073e8 (0x00317463) bgeu    sp, gp, pc + 8
core   0: 3 0x800073e8 (0x00317463)
core   0: 0x800073f0 (0x03171833) mulh    a6, a4, a7
core   0: 3 0x800073f0 (0x03171833) x16 0x00000000
core   0: 0x800073f4 (0x03c31933) mulh    s2, t1, t3
core   0: 3 0x800073f4 (0x03c31933) x18 0x00000000
core   0: 0x800073f8 (0x0000100f) fence.i
core   0: 3 0x800073f8 (0x0000100f)
core   0: 0x800073fc (0x030642b3) div     t0, a2, a6
core   0: 3 0x800073fc (0x030642b3) x 5 0xffffffff
core   0: 0x80007400 (0x00008d9d) c.sub   a1, a5
core   0: 3 0x80007400 (0x8d9d) x11 0x7ffd631c
core   0: 0x80007402 (0x00bb9333) sll     t1, s7, a1
core   0: 3 0x80007402 (0x00bb9333) x 6 0x00000000
core   0: 0x80007406 (0x00008ca1) c.xor   s1, s0
core   0: 3 0x80007406 (0x8ca1) x 9 0xfffffffe
core   0: 0x80007408 (0x02909d33) mulh    s10, ra, s1
core   0: 3 0x80007408 (0x02909d33) x26 0x00000000
core   0: 0x8000740c (0x0151d733) srl     a4, gp, s5
core   0: 3 0x8000740c (0x0151d733) x14 0x00b0b74e
core   0: 0x80007410 (0x00008d1d) c.sub   a0, a5
core   0: 3 0x80007410 (0x8d1d) x10 0x7ffd631c
core   0: 0x80007412 (0x03b1e563) bltu    gp, s11, pc + 42
core   0: 3 0x80007412 (0x03b1e563)
core   0: 0x8000743c (0x02da0a63) beq     s4, a3, pc + 52
core   0: 3 0x8000743c (0x02da0a63)
core   0: 0x80007440 (0x00000001) c.nop
core   0: 3 0x80007440 (0x0001)
core   0: 0x80007442 (0xc5eefc97) auipc   s9, 0xc5eef
core   0: 3 0x80007442 (0xc5eefc97) x25 0x45ef6442
core   0: 0x80007446 (0x0000100f) fence.i
core   0: 3 0x80007446 (0x0000100f)
core   0: 0x8000744a (0x038fc733) div     a4, t6, s8
core   0: 3 0x8000744a (0x038fc733) x14 0xffffffff
core   0: 0x8000744e (0xcf47c997) auipc   s3, 0xcf47c
core   0: 3 0x8000744e (0xcf47c997) x19 0x4f48344e
core   0: 0x80007452 (0x000082b5) c.srli  a3, 13
core   0: 3 0x80007452 (0x82b5) x13 0x000002c2
core   0: 0x80007454 (0x000084d1) c.srai  s1, 20
core   0: 3 0x80007454 (0x84d1) x 9 0xffffffff
core   0: 0x80007456 (0x0174d263) bge     s1, s7, pc + 4
core   0: 3 0x80007456 (0x0174d263)
core   0: 0x8000745a (0x00009afd) c.andi  a3, -1
core   0: 3 0x8000745a (0x9afd) x13 0x000002c2
core   0: 0x8000745c (0x0000e905) c.bnez  a0, pc + 48
core   0: 3 0x8000745c (0xe905)
core   0: 0x8000748c (0x00b84eb3) xor     t4, a6, a1
core   0: 3 0x8000748c (0x00b84eb3) x29 0x7ffd631c
core   0: 0x80007490 (0x039822b3) mulhsu  t0, a6, s9
core   0: 3 0x80007490 (0x039822b3) x 5 0x00000000
core   0: 0x80007494 (0x03ce29b3) mulhsu  s3, t3, t3
core   0: 3 0x80007494 (0x03ce29b3) x19 0x00000000
core   0: 0x80007498 (0x027c6263) bltu    s8, t2, pc + 36
core   0: 3 0x80007498 (0x027c6263)
core   0: 0x800074bc (0x00b2da33) srl     s4, t0, a1
core   0: 3 0x800074bc (0x00b2da33) x20 0x00000000
core   0: 0x800074c0 (0x03740cb3) mul     s9, s0, s7
core   0: 3 0x800074c0 (0x03740cb3) x25 0x00000000
core   0: 0x800074c4 (0x02d63f33) mulhu   t5, a2, a3
core   0: 3 0x800074c4 (0x02d63f33) x30 0x00000000
core   0: 0x800074c8 (0x0000100f) fence.i
core   0: 3 0x800074c8 (0x0000100f)
core   0: 0x800074cc (0x000062fd) c.lui   t0, 0x1f
core   0: 3 0x800074cc (0x62fd) x 5 0x0001f000
core   0: 0x800074ce (0x4132dbb3) sra     s7, t0, s3
core   0: 3 0x800074ce (0x4132dbb3) x23 0x0001f000
core   0: 0x800074d2 (0x0000622d) c.lui   tp, 0xb
core   0: 3 0x800074d2 (0x622d) x 4 0x0000b000
core   0: 0x800074d4 (0x00001cfd) c.addi  s9, -1
core   0: 3 0x800074d4 (0x1cfd) x25 0xffffffff
core   0: 0x800074d6 (0xe4164613) xori    a2, a2, -447
core   0: 3 0x800074d6 (0xe4164613) x12 0xfffffe40
core   0: 0x800074da (0x0000ee11) c.bnez  a2, pc + 28
core   0: 3 0x800074da (0xee11)
core   0: 0x800074f6 (0x00000b3d) c.addi  s6, 15
core   0: 3 0x800074f6 (0x0b3d) x22 0x0000000f
core   0: 0x800074f8 (0x6e570f13) addi    t5, a4, 1765
core   0: 3 0x800074f8 (0x6e570f13) x30 0x000006e4
core   0: 0x800074fc (0x00008f0e) c.mv    t5, gp
core   0: 3 0x800074fc (0x8f0e) x30 0x0b0b74ee
core   0: 0x800074fe (0x000c6993) ori     s3, s8, 0
core   0: 3 0x800074fe (0x000c6993) x19 0x00000000
core   0: 0x80007502 (0x0337e033) rem     zero, a5, s3
core   0: 3 0x80007502 (0x0337e033)
core   0: 0x80007506 (0x019d4033) xor     zero, s10, s9
core   0: 3 0x80007506 (0x019d4033)
core   0: 0x8000750a (0x00000001) c.nop
core   0: 3 0x8000750a (0x0001)
core   0: 0x8000750c (0x00008f15) c.sub   a4, a3
core   0: 3 0x8000750c (0x8f15) x14 0xfffffd3d
core   0: 0x8000750e (0x01623db3) sltu    s11, tp, s6
core   0: 3 0x8000750e (0x01623db3) x27 0x00000000
core   0: 0x80007512 (0x00004581) c.li    a1, 0
core   0: 3 0x80007512 (0x4581) x11 0x00000000
core   0: 0x80007514 (0x36292c93) slti    s9, s2, 866
core   0: 3 0x80007514 (0x36292c93) x25 0x00000001
core   0: 0x80007518 (0x03b6c933) div     s2, a3, s11
core   0: 3 0x80007518 (0x03b6c933) x18 0xffffffff
core   0: 0x8000751c (0x00008d7d) c.and   a0, a5
core   0: 3 0x8000751c (0x8d7d) x10 0x00000004
core   0: 0x8000751e (0x41cdd0b3) sra     ra, s11, t3
core   0: 3 0x8000751e (0x41cdd0b3) x 1 0x00000000
core   0: 0x80007522 (0x006c81b3) add     gp, s9, t1
core   0: 3 0x80007522 (0x006c81b3) x 3 0x00000001
core   0: 0x80007526 (0x0393db63) bge     t2, s9, pc + 54
core   0: 3 0x80007526 (0x0393db63)
core   0: 0x8000752a (0x00008c91) c.sub   s1, a2
core   0: 3 0x8000752a (0x8c91) x 9 0x000001bf
core   0: 0x8000752c (0x3084a993) slti    s3, s1, 776
core   0: 3 0x8000752c (0x3084a993) x19 0x00000001
core   0: 0x80007530 (0x00093733) sltu    a4, s2, zero
core   0: 3 0x80007530 (0x00093733) x14 0x00000000
core   0: 0x80007534 (0x03718163) beq     gp, s7, pc + 34
core   0: 3 0x80007534 (0x03718163)
core   0: 0x80007538 (0x4129dd93) srai    s11, s3, 18
core   0: 3 0x80007538 (0x4129dd93) x27 0x00000000
core   0: 0x8000753c (0x0000100f) fence.i
core   0: 3 0x8000753c (0x0000100f)
core   0: 0x80007540 (0x00000001) c.nop
core   0: 3 0x80007540 (0x0001)
core   0: 0x80007542 (0x00009936) c.add   s2, a3
core   0: 3 0x80007542 (0x9936) x18 0x000002c1
core   0: 0x80007544 (0x00008c1d) c.sub   s0, a5
core   0: 3 0x80007544 (0x8c1d) x 8 0x7ffd631b
core   0: 0x80007546 (0x0ff0000f) fence   iorw,iorw
core   0: 3 0x80007546 (0x0ff0000f)
core   0: 0x8000754a (0x00008df5) c.and   a1, a3
core   0: 3 0x8000754a (0x8df5) x11 0x00000000
core   0: 0x8000754c (0x00000001) c.nop
core   0: 3 0x8000754c (0x0001)
core   0: 0x8000754e (0x006a7533) and     a0, s4, t1
core   0: 3 0x8000754e (0x006a7533) x10 0x00000000
core   0: 0x80007552 (0x413fd993) srai    s3, t6, 19
core   0: 3 0x80007552 (0x413fd993) x19 0x00000000
core   0: 0x80007556 (0x0000cf1d) c.beqz  a4, pc + 62
core   0: 3 0x80007556 (0xcf1d)
core   0: 0x80007594 (0x00000001) c.nop
core   0: 3 0x80007594 (0x0001)
core   0: 0x80007596 (0x00008cf1) c.and   s1, a2
core   0: 3 0x80007596 (0x8cf1) x 9 0x00000000
core   0: 0x80007598 (0x41610eb3) sub     t4, sp, s6
core   0: 3 0x80007598 (0x41610eb3) x29 0x0b0b74df
core   0: 0x8000759c (0x033af963) bgeu    s5, s3, pc + 50
core   0: 3 0x8000759c (0x033af963)
core   0: 0x800075ce (0x0205a333) mulhsu  t1, a1, zero
core   0: 3 0x800075ce (0x0205a333) x 6 0x00000000
core   0: 0x800075d2 (0x0000c01d) c.beqz  s0, pc + 38
core   0: 3 0x800075d2 (0xc01d)
core   0: 0x800075d4 (0xcc3aae93) slti    t4, s5, -829
core   0: 3 0x800075d4 (0xcc3aae93) x29 0x00000001
core   0: 0x800075d8 (0x0009a833) slt     a6, s3, zero
core   0: 3 0x800075d8 (0x0009a833) x16 0x00000000
core   0: 0x800075dc (0x00c49db3) sll     s11, s1, a2
core   0: 3 0x800075dc (0x00c49db3) x27 0x00000000
core   0: 0x800075e0 (0x0181f363) bgeu    gp, s8, pc + 6
core   0: 3 0x800075e0 (0x0181f363)
core   0: 0x800075e6 (0x030c2933) mulhsu  s2, s8, a6
core   0: 3 0x800075e6 (0x030c2933) x18 0x00000000
core   0: 0x800075ea (0xe6c88693) addi    a3, a7, -404
core   0: 3 0x800075ea (0xe6c88693) x13 0xfffffe6c
core   0: 0x800075ee (0x0000846e) c.mv    s0, s11
core   0: 3 0x800075ee (0x846e) x 8 0x00000000
core   0: 0x800075f0 (0x01cbc9b3) xor     s3, s7, t3
core   0: 3 0x800075f0 (0x01cbc9b3) x19 0x0001f000
core   0: 0x800075f4 (0x0000100f) fence.i
core   0: 3 0x800075f4 (0x0000100f)
core   0: 0x800075f8 (0x03ca6433) rem     s0, s4, t3
core   0: 3 0x800075f8 (0x03ca6433) x 8 0x00000000
core   0: 0x800075fc (0x008cceb3) xor     t4, s9, s0
core   0: 3 0x800075fc (0x008cceb3) x29 0x00000001
core   0: 0x80007600 (0xcff445b7) lui     a1, 0xcff44
core   0: 3 0x80007600 (0xcff445b7) x11 0xcff44000
core   0: 0x80007604 (0x00008952) c.mv    s2, s4
core   0: 3 0x80007604 (0x8952) x18 0x00000000
core   0: 0x80007606 (0x00008f3d) c.xor   a4, a5
core   0: 3 0x80007606 (0x8f3d) x14 0x80029ce4
core   0: 0x80007608 (0x86396693) ori     a3, s2, -1949
core   0: 3 0x80007608 (0x86396693) x13 0xfffff863
core   0: 0x8000760c (0x000085a5) c.srai  a1, 9
core   0: 3 0x8000760c (0x85a5) x11 0xffe7fa20
core   0: 0x8000760e (0x00b70463) beq     a4, a1, pc + 8
core   0: 3 0x8000760e (0x00b70463)
core   0: 0x80007612 (0x00af0a63) beq     t5, a0, pc + 20
core   0: 3 0x80007612 (0x00af0a63)
core   0: 0x80007616 (0x01958233) add     tp, a1, s9
core   0: 3 0x80007616 (0x01958233) x 4 0xffe7fa21
core   0: 0x8000761a (0x00008591) c.srai  a1, 4
core   0: 3 0x8000761a (0x8591) x11 0xfffe7fa2
core   0: 0x8000761c (0x00008e42) c.mv    t3, a6
core   0: 3 0x8000761c (0x8e42) x28 0x00000000
core   0: 0x8000761e (0x00008e69) c.and   a2, a0
core   0: 3 0x8000761e (0x8e69) x12 0x00000000
core   0: 0x80007620 (0x00008db1) c.xor   a1, a2
core   0: 3 0x80007620 (0x8db1) x11 0xfffe7fa2
core   0: 0x80007622 (0x00000001) c.nop
core   0: 3 0x80007622 (0x0001)
core   0: 0x80007624 (0x00009d4a) c.add   s10, s2
core   0: 3 0x80007624 (0x9d4a) x26 0x00000000
core   0: 0x80007626 (0x0037d1b3) srl     gp, a5, gp
core   0: 3 0x80007626 (0x0037d1b3) x 3 0x40014e72
core   0: 0x8000762a (0xa00c7113) andi    sp, s8, -1536
core   0: 3 0x8000762a (0xa00c7113) x 2 0x00000000
core   0: 0x8000762e (0x01026fb3) or      t6, tp, a6
core   0: 3 0x8000762e (0x01026fb3) x31 0xffe7fa21
core   0: 0x80007632 (0x02db40b3) div     ra, s6, a3
core   0: 3 0x80007632 (0x02db40b3) x 1 0x00000000
core   0: 0x80007636 (0x00901e63) bne     zero, s1, pc + 28
core   0: 3 0x80007636 (0x00901e63)
core   0: 0x8000763a (0x032106b3) mul     a3, sp, s2
core   0: 3 0x8000763a (0x032106b3) x13 0x00000000
core   0: 0x8000763e (0x040b6063) bltu    s6, zero, pc + 64
core   0: 3 0x8000763e (0x040b6063)
core   0: 0x80007642 (0x1c953713) sltiu   a4, a0, 457
core   0: 3 0x80007642 (0x1c953713) x14 0x00000001
core   0: 0x80007646 (0x738a0293) addi    t0, s4, 1848
core   0: 3 0x80007646 (0x738a0293) x 5 0x00000738
core   0: 0x8000764a (0x00009eba) c.add   t4, a4
core   0: 3 0x8000764a (0x9eba) x29 0x00000002
core   0: 0x8000764c (0x0ff0000f) fence   iorw,iorw
core   0: 3 0x8000764c (0x0ff0000f)
core   0: 0x80007650 (0x00000001) c.nop
core   0: 3 0x80007650 (0x0001)
core   0: 0x80007652 (0x00008df5) c.and   a1, a3
core   0: 3 0x80007652 (0x8df5) x11 0x00000000
core   0: 0x80007654 (0x00005c7d) c.li    s8, -1
core   0: 3 0x80007654 (0x5c7d) x24 0xffffffff
core   0: 0x80007656 (0x029aedb3) rem     s11, s5, s1
core   0: 3 0x80007656 (0x029aedb3) x27 0x80025e64
core   0: 0x8000765a (0x039199b3) mulh    s3, gp, s9
core   0: 3 0x8000765a (0x039199b3) x19 0x00000000
core   0: 0x8000765e (0x0000717d) c.addi16sp sp, -16
core   0: 3 0x8000765e (0x717d) x 2 0xfffffff0
core   0: 0x80007660 (0x0000717d) c.addi16sp sp, -16
core   0: 3 0x80007660 (0x717d) x 2 0xffffffe0
core   0: 0x80007662 (0x021ef0b3) remu    ra, t4, ra
core   0: 3 0x80007662 (0x021ef0b3) x 1 0x00000002
core   0: 0x80007666 (0x03436863) bltu    t1, s4, pc + 48
core   0: 3 0x80007666 (0x03436863)
core   0: 0x8000766a (0x037b5563) bge     s6, s7, pc + 42
core   0: 3 0x8000766a (0x037b5563)
core   0: 0x8000766e (0x02b0d0b3) divu    ra, ra, a1
core   0: 3 0x8000766e (0x02b0d0b3) x 1 0xffffffff
core   0: 0x80007672 (0x4fe4e313) ori     t1, s1, 1278
core   0: 3 0x80007672 (0x4fe4e313) x 6 0x000004fe
core   0: 0x80007676 (0x0000c995) c.beqz  a1, pc + 52
core   0: 3 0x80007676 (0xc995)
core   0: 0x800076aa (0x005f5b93) srli    s7, t5, 5
core   0: 3 0x800076aa (0x005f5b93) x23 0x00585ba7
core   0: 0x800076ae (0x00000001) c.nop
core   0: 3 0x800076ae (0x0001)
core   0: 0x800076b0 (0xa2568993) addi    s3, a3, -1499
core   0: 3 0x800076b0 (0xa2568993) x19 0xfffffa25
core   0: 0x800076b4 (0x0000c89d) c.beqz  s1, pc + 54
core   0: 3 0x800076b4 (0xc89d)
core   0: 0x800076ea (0x00009cee) c.add   s9, s11
core   0: 3 0x800076ea (0x9cee) x25 0x80025e65
core   0: 0x800076ec (0x000081fd) c.srli  a1, 31
core   0: 3 0x800076ec (0x81fd) x11 0x00000000
core   0: 0x800076ee (0x02fd6eb3) rem     t4, s10, a5
core   0: 3 0x800076ee (0x02fd6eb3) x29 0x00000000
core   0: 0x800076f2 (0x0177b533) sltu    a0, a5, s7
core   0: 3 0x800076f2 (0x0177b533) x10 0x00000000
core   0: 0x800076f6 (0x00000139) c.addi  sp, 14
core   0: 3 0x800076f6 (0x0139) x 2 0xffffffee
core   0: 0x800076f8 (0x0000484d) c.li    a6, 19
core   0: 3 0x800076f8 (0x484d) x16 0x00000013
core   0: 0x800076fa (0x01cc8a33) add     s4, s9, t3
core   0: 3 0x800076fa (0x01cc8a33) x20 0x80025e65
core   0: 0x800076fe (0x0000cb1d) c.beqz  a4, pc + 54
core   0: 3 0x800076fe (0xcb1d)
core   0: 0x80007700 (0x00008679) c.srai  a2, 30
core   0: 3 0x80007700 (0x8679) x12 0x00000000
core   0: 0x80007702 (0x0000c819) c.beqz  s0, pc + 22
core   0: 3 0x80007702 (0xc819)
core   0: 0x80007718 (0x0395e633) rem     a2, a1, s9
core   0: 3 0x80007718 (0x0395e633) x12 0x00000000
core   0: 0x8000771c (0x0000100f) fence.i
core   0: 3 0x8000771c (0x0000100f)
core   0: 0x80007720 (0x00415e63) bge     sp, tp, pc + 28
core   0: 3 0x80007720 (0x00415e63)
core   0: 0x8000773c (0x00006da9) c.lui   s11, 0xa
core   0: 3 0x8000773c (0x6da9) x27 0x0000a000
core   0: 0x8000773e (0x00096a63) bltu    s2, zero, pc + 20
core   0: 3 0x8000773e (0x00096a63)
core   0: 0x80007742 (0xfc5f2413) slti    s0, t5, -59
core   0: 3 0x80007742 (0xfc5f2413) x 8 0x00000000
core   0: 0x80007746 (0x41955833) sra     a6, a0, s9
core   0: 3 0x80007746 (0x41955833) x16 0x00000000
core   0: 0x8000774a (0x00000001) c.nop
core   0: 3 0x8000774a (0x0001)
core   0: 0x8000774c (0x010931b3) sltu    gp, s2, a6
core   0: 3 0x8000774c (0x010931b3) x 3 0x00000000
core   0: 0x80007750 (0x000006aa) c.slli  a3, 10
core   0: 3 0x80007750 (0x06aa) x13 0x00000000
core   0: 0x80007752 (0x014d9b33) sll     s6, s11, s4
core   0: 3 0x80007752 (0x014d9b33) x22 0x00140000
core   0: 0x80007756 (0x80d37693) andi    a3, t1, -2035
core   0: 3 0x80007756 (0x80d37693) x13 0x0000000c
core   0: 0x8000775a (0x088f3e13) sltiu   t3, t5, 136
core   0: 3 0x8000775a (0x088f3e13) x28 0x00000000
core   0: 0x8000775e (0x00008f5d) c.or    a4, a5
core   0: 3 0x8000775e (0x8f5d) x14 0x80029ce5
core   0: 0x80007760 (0x0000834a) c.mv    t1, s2
core   0: 3 0x80007760 (0x834a) x 6 0x00000000
core   0: 0x80007762 (0x0ff0000f) fence   iorw,iorw
core   0: 3 0x80007762 (0x0ff0000f)
core   0: 0x80007766 (0x008f9e33) sll     t3, t6, s0
core   0: 3 0x80007766 (0x008f9e33) x28 0xffe7fa21
core   0: 0x8000776a (0x000082d2) c.mv    t0, s4
core   0: 3 0x8000776a (0x82d2) x 5 0x80025e65
core   0: 0x8000776c (0x02530f63) beq     t1, t0, pc + 62
core   0: 3 0x8000776c (0x02530f63)
core   0: 0x80007770 (0x79756c93) ori     s9, a0, 1943
core   0: 3 0x80007770 (0x79756c93) x25 0x00000797
core   0: 0x80007774 (0x01a21093) slli    ra, tp, 26
core   0: 3 0x80007774 (0x01a21093) x 1 0x84000000
core   0: 0x80007778 (0x03c83eb3) mulhu   t4, a6, t3
core   0: 3 0x80007778 (0x03c83eb3) x29 0x00000000
core   0: 0x8000777c (0x0342b033) mulhu   zero, t0, s4
core   0: 3 0x8000777c (0x0342b033)
core   0: 0x80007780 (0x00008d21) c.xor   a0, s0
core   0: 3 0x80007780 (0x8d21) x10 0x00000000
core   0: 0x80007782 (0x007a8d63) beq     s5, t2, pc + 26
core   0: 3 0x80007782 (0x007a8d63)
core   0: 0x80007786 (0x00008d35) c.xor   a0, a3
core   0: 3 0x80007786 (0x8d35) x10 0x0000000c
core   0: 0x80007788 (0x03949a33) mulh    s4, s1, s9
core   0: 3 0x80007788 (0x03949a33) x20 0x00000000
core   0: 0x8000778c (0x41608e33) sub     t3, ra, s6
core   0: 3 0x8000778c (0x41608e33) x28 0x83ec0000
core   0: 0x80007790 (0x0000e981) c.bnez  a1, pc + 16
core   0: 3 0x80007790 (0xe981)
core   0: 0x80007792 (0xe387f493) andi    s1, a5, -456
core   0: 3 0x80007792 (0xe387f493) x 9 0x80029c20
core   0: 0x80007796 (0x00008cd1) c.or    s1, a2
core   0: 3 0x80007796 (0x8cd1) x 9 0x80029c20
core   0: 0x80007798 (0xfca32c93) slti    s9, t1, -54
core   0: 3 0x80007798 (0xfca32c93) x25 0x00000000
core   0: 0x8000779c (0x03aaabb3) mulhsu  s7, s5, s10
core   0: 3 0x8000779c (0x03aaabb3) x23 0x00000000
core   0: 0x800077a0 (0x40ead093) srai    ra, s5, 14
core   0: 3 0x800077a0 (0x40ead093) x 1 0xfffe0009
core   0: 0x800077a4 (0x0351d6b3) divu    a3, gp, s5
core   0: 3 0x800077a4 (0x0351d6b3) x13 0x00000000
core   0: 0x800077a8 (0x00008526) c.mv    a0, s1
core   0: 3 0x800077a8 (0x8526) x10 0x80029c20
core   0: 0x800077aa (0x00001cfd) c.addi  s9, -1
core   0: 3 0x800077aa (0x1cfd) x25 0xffffffff
core   0: 0x800077ac (0x00008ca9) c.xor   s1, a0
core   0: 3 0x800077ac (0x8ca9) x 9 0x00000000
core   0: 0x800077ae (0x0205d0b3) divu    ra, a1, zero
core   0: 3 0x800077ae (0x0205d0b3) x 1 0xffffffff
core   0: 0x800077b2 (0x0049d3b3) srl     t2, s3, tp
core   0: 3 0x800077b2 (0x0049d3b3) x 7 0x7ffffd12
core   0: 0x800077b6 (0x00008411) c.srai  s0, 4
core   0: 3 0x800077b6 (0x8411) x 8 0x00000000
core   0: 0x800077b8 (0x00008941) c.andi  a0, 16
core   0: 3 0x800077b8 (0x8941) x10 0x00000000
core   0: 0x800077ba (0x01db12b3) sll     t0, s6, t4
core   0: 3 0x800077ba (0x01db12b3) x 5 0x00140000
core   0: 0x800077be (0x00476b33) or      s6, a4, tp
core   0: 3 0x800077be (0x00476b33) x22 0xffe7fee5
core   0: 0x800077c2 (0x003a1463) bne     s4, gp, pc + 8
core   0: 3 0x800077c2 (0x003a1463)
core   0: 0x800077c6 (0x019f1263) bne     t5, s9, pc + 4
core   0: 3 0x800077c6 (0x019f1263)
core   0: 0x800077ca (0x0000717d) c.addi16sp sp, -16
core   0: 3 0x800077ca (0x717d) x 2 0xffffffde
core   0: 0x800077cc (0xa4369597) auipc   a1, 0xa4369
core   0: 3 0x800077cc (0xa4369597) x11 0x243707cc
core   0: 0x800077d0 (0x00006dc9) c.lui   s11, 0x12
core   0: 3 0x800077d0 (0x6dc9) x27 0x00012000
core   0: 0x800077d2 (0x01570c33) add     s8, a4, s5
core   0: 3 0x800077d2 (0x01570c33) x24 0x0004fb49
core   0: 0x800077d6 (0x01c6f3b3) and     t2, a3, t3
core   0: 3 0x800077d6 (0x01c6f3b3) x 7 0x00000000
core   0: 0x800077da (0x00c893b3) sll     t2, a7, a2
core   0: 3 0x800077da (0x00c893b3) x 7 0x00000000
core   0: 0x800077de (0x02cc5fb3) divu    t6, s8, a2
core   0: 3 0x800077de (0x02cc5fb3) x31 0xffffffff
core   0: 0x800077e2 (0x0353c833) div     a6, t2, s5
core   0: 3 0x800077e2 (0x0353c833) x16 0x00000000
core   0: 0x800077e6 (0x0000c599) c.beqz  a1, pc + 14
core   0: 3 0x800077e6 (0xc599)
core   0: 0x800077e8 (0x00008c62) c.mv    s8, s8
core   0: 3 0x800077e8 (0x8c62) x24 0x0004fb49
core   0: 0x800077ea (0x00008db5) c.xor   a1, a3
core   0: 3 0x800077ea (0x8db5) x11 0x243707cc
core   0: 0x800077ec (0x41875293) srai    t0, a4, 24
core   0: 3 0x800077ec (0x41875293) x 5 0xffffff80
core   0: 0x800077f0 (0x017ec933) xor     s2, t4, s7
core   0: 3 0x800077f0 (0x017ec933) x18 0x00000000
core   0: 0x800077f4 (0x01073333) sltu    t1, a4, a6
core   0: 3 0x800077f4 (0x01073333) x 6 0x00000000
core   0: 0x800077f8 (0x0077a0b3) slt     ra, a5, t2
core   0: 3 0x800077f8 (0x0077a0b3) x 1 0x00000001
core   0: 0x800077fc (0x7ef7f593) andi    a1, a5, 2031
core   0: 3 0x800077fc (0x7ef7f593) x11 0x000004e4
core   0: 0x80007800 (0x00000b6d) c.addi  s6, 27
core   0: 3 0x80007800 (0x0b6d) x22 0xffe7ff00
core   0: 0x80007802 (0x00008431) c.srai  s0, 12
core   0: 3 0x80007802 (0x8431) x 8 0x00000000
core   0: 0x80007804 (0x01db9913) slli    s2, s7, 29
core   0: 3 0x80007804 (0x01db9913) x18 0x00000000
core   0: 0x80007808 (0x036b0fb3) mul     t6, s6, s6
core   0: 3 0x80007808 (0x036b0fb3) x31 0x30010000
core   0: 0x8000780c (0x00008f55) c.or    a4, a3
core   0: 3 0x8000780c (0x8f55) x14 0x80029ce5
core   0: 0x8000780e (0x408853b3) sra     t2, a6, s0
core   0: 3 0x8000780e (0x408853b3) x 7 0x00000000
core   0: 0x80007812 (0x000019fd) c.addi  s3, -1
core   0: 3 0x80007812 (0x19fd) x19 0xfffffa24
core   0: 0x80007814 (0x01087833) and     a6, a6, a6
core   0: 3 0x80007814 (0x01087833) x16 0x00000000
core   0: 0x80007818 (0x60240493) addi    s1, s0, 1538
core   0: 3 0x80007818 (0x60240493) x 9 0x00000602
core   0: 0x8000781c (0x00004455) c.li    s0, 21
core   0: 3 0x8000781c (0x4455) x 8 0x00000015
core   0: 0x8000781e (0x00008221) c.srli  a2, 8
core   0: 3 0x8000781e (0x8221) x12 0x00000000
core   0: 0x80007820 (0x0a677493) andi    s1, a4, 166
core   0: 3 0x80007820 (0x0a677493) x 9 0x000000a4
core   0: 0x80007824 (0x0ff0000f) fence   iorw,iorw
core   0: 3 0x80007824 (0x0ff0000f)
core   0: 0x80007828 (0x06be1a63) bne     t3, a1, pc + 116
core   0: 3 0x80007828 (0x06be1a63)
core   0: 0x8000789c (0x8ddd2593) slti    a1, s10, -1827
core   0: 3 0x8000789c (0x8ddd2593) x11 0x00000000
core   0: 0x800078a0 (0x0351f963) bgeu    gp, s5, pc + 50
core   0: 3 0x800078a0 (0x0351f963)
core   0: 0x800078a4 (0x039f0133) mul     sp, t5, s9
core   0: 3 0x800078a4 (0x039f0133) x 2 0xf4f48b12
core   0: 0x800078a8 (0x5d83deb7) lui     t4, 0x5d83d
core   0: 3 0x800078a8 (0x5d83deb7) x29 0x5d83d000
core   0: 0x800078ac (0x00000001) c.nop
core   0: 3 0x800078ac (0x0001)
core   0: 0x800078ae (0x035f4763) blt     t5, s5, pc + 46
core   0: 3 0x800078ae (0x035f4763)
core   0: 0x800078b2 (0x01256833) or      a6, a0, s2
core   0: 3 0x800078b2 (0x01256833) x16 0x00000000
core   0: 0x800078b6 (0x00008f51) c.or    a4, a2
core   0: 3 0x800078b6 (0x8f51) x14 0x80029ce5
core   0: 0x800078b8 (0x91ac8813) addi    a6, s9, -1766
core   0: 3 0x800078b8 (0x91ac8813) x16 0xfffff919
core   0: 0x800078bc (0x00d0e333) or      t1, ra, a3
core   0: 3 0x800078bc (0x00d0e333) x 6 0x00000001
core   0: 0x800078c0 (0x00008f3d) c.xor   a4, a5
core   0: 3 0x800078c0 (0x8f3d) x14 0x00000001
core   0: 0x800078c2 (0x03b7c733) div     a4, a5, s11
core   0: 3 0x800078c2 (0x03b7c733) x14 0xffff8e3c
core   0: 0x800078c6 (0x07ffcb93) xori    s7, t6, 127
core   0: 3 0x800078c6 (0x07ffcb93) x23 0x3001007f
core   0: 0x800078ca (0x03fca633) mulhsu  a2, s9, t6
core   0: 3 0x800078ca (0x03fca633) x12 0xffffffff
core   0: 0x800078ce (0x028f5cb3) divu    s9, t5, s0
core   0: 3 0x800078ce (0x028f5cb3) x25 0x0086a40b
core   0: 0x800078d2 (0x02501bb3) mulh    s7, zero, t0
core   0: 3 0x800078d2 (0x02501bb3) x23 0x00000000
core   0: 0x800078d6 (0x015fbb33) sltu    s6, t6, s5
core   0: 3 0x800078d6 (0x015fbb33) x22 0x00000001
core   0: 0x800078da (0x00000818) c.addi4spn a4, sp, 16
core   0: 3 0x800078da (0x0818) x14 0xf4f48b22
core   0: 0x800078dc (0xfc2c2d13) slti    s10, s8, -62
core   0: 3 0x800078dc (0xfc2c2d13) x26 0x00000000
core   0: 0x800078e0 (0x00008265) c.srli  a2, 25
core   0: 3 0x800078e0 (0x8265) x12 0x0000007f
core   0: 0x800078e2 (0x00008511) c.srai  a0, 4
core   0: 3 0x800078e2 (0x8511) x10 0x00000000
core   0: 0x800078e4 (0x0000100f) fence.i
core   0: 3 0x800078e4 (0x0000100f)
core   0: 0x800078e8 (0x00008d6a) c.mv    s10, s10
core   0: 3 0x800078e8 (0x8d6a) x26 0x00000000
core   0: 0x800078ea (0x001640b3) xor     ra, a2, ra
core   0: 3 0x800078ea (0x001640b3) x 1 0x0000007e
core   0: 0x800078ee (0x0000100f) fence.i
core   0: 3 0x800078ee (0x0000100f)
core   0: 0x800078f2 (0x00249b63) bne     s1, sp, pc + 22
core   0: 3 0x800078f2 (0x00249b63)
core   0: 0x80007908 (0x0129db63) bge     s3, s2, pc + 22
core   0: 3 0x80007908 (0x0129db63)
core   0: 0x8000790c (0x03823533) mulhu   a0, tp, s8
core   0: 3 0x8000790c (0x03823533) x10 0x0004fad1
core   0: 0x80007910 (0xe6df7513) andi    a0, t5, -403
core   0: 3 0x80007910 (0xe6df7513) x10 0x0b0b746c
core   0: 0x80007914 (0x00008a91) c.andi  a3, 4
core   0: 3 0x80007914 (0x8a91) x13 0x00000000
core   0: 0x80007916 (0x001e74b3) and     s1, t3, ra
core   0: 3 0x80007916 (0x001e74b3) x 9 0x00000000
core   0: 0x8000791a (0x0060f6b3) and     a3, ra, t1
core   0: 3 0x8000791a (0x0060f6b3) x13 0x00000000
core   0: 0x8000791e (0x008f5b93) srli    s7, t5, 8
core   0: 3 0x8000791e (0x008f5b93) x23 0x000b0b74
core   0: 0x80007922 (0x012ea9b3) slt     s3, t4, s2
core   0: 3 0x80007922 (0x012ea9b3) x19 0x00000000
core   0: 0x80007926 (0x9a5ea193) slti    gp, t4, -1627
core   0: 3 0x80007926 (0x9a5ea193) x 3 0x00000000
core   0: 0x8000792a (0x0000ee05) c.bnez  a2, pc + 56
core   0: 3 0x8000792a (0xee05)
core   0: 0x80007962 (0x000049fd) c.li    s3, 31
core   0: 3 0x80007962 (0x49fd) x19 0x0000001f
core   0: 0x80007964 (0x1c1cfb13) andi    s6, s9, 449
core   0: 3 0x80007964 (0x1c1cfb13) x22 0x00000001
core   0: 0x80007968 (0x00000001) c.nop
core   0: 3 0x80007968 (0x0001)
core   0: 0x8000796a (0x41258e33) sub     t3, a1, s2
core   0: 3 0x8000796a (0x41258e33) x28 0x00000000
core   0: 0x8000796e (0x02356d33) rem     s10, a0, gp
core   0: 3 0x8000796e (0x02356d33) x26 0x0b0b746c
core   0: 0x80007972 (0x030ba833) mulhsu  a6, s7, a6
core   0: 3 0x80007972 (0x030ba833) x16 0x000b0b73
core   0: 0x80007976 (0x00008452) c.mv    s0, s4
core   0: 3 0x80007976 (0x8452) x 8 0x00000000
core   0: 0x80007978 (0xbbb12b93) slti    s7, sp, -1093
core   0: 3 0x80007978 (0xbbb12b93) x23 0x00000001
core   0: 0x8000797c (0x0000881d) c.andi  s0, 7
core   0: 3 0x8000797c (0x881d) x 8 0x00000000
core   0: 0x8000797e (0x0219eb33) rem     s6, s3, ra
core   0: 3 0x8000797e (0x0219eb33) x22 0x0000001f
core   0: 0x80007982 (0x012fb233) sltu    tp, t6, s2
core   0: 3 0x80007982 (0x012fb233) x 4 0x00000000
core   0: 0x80007986 (0x401c8c33) sub     s8, s9, ra
core   0: 3 0x80007986 (0x401c8c33) x24 0x0086a38d
core   0: 0x8000798a (0x03b1d2b3) divu    t0, gp, s11
core   0: 3 0x8000798a (0x03b1d2b3) x 5 0x00000000
core   0: 0x8000798e (0x00008f09) c.sub   a4, a0
core   0: 3 0x8000798e (0x8f09) x14 0xe9e916b6
core   0: 0x80007990 (0x0ff0000f) fence   iorw,iorw
core   0: 3 0x80007990 (0x0ff0000f)
core   0: 0x80007994 (0x00006869) c.lui   a6, 0x1a
core   0: 3 0x80007994 (0x6869) x16 0x0001a000
core   0: 0x80007996 (0x40bd5333) sra     t1, s10, a1
core   0: 3 0x80007996 (0x40bd5333) x 6 0x0b0b746c
core   0: 0x8000799a (0x03ecfcb3) remu    s9, s9, t5
core   0: 3 0x8000799a (0x03ecfcb3) x25 0x0086a40b
core   0: 0x8000799e (0xe0c34f13) xori    t5, t1, -500
core   0: 3 0x8000799e (0xe0c34f13) x30 0xf4f48a60
core   0: 0x800079a2 (0x03332633) mulhsu  a2, t1, s3
core   0: 3 0x800079a2 (0x03332633) x12 0x00000001
core   0: 0x800079a6 (0x4074d813) srai    a6, s1, 7
core   0: 3 0x800079a6 (0x4074d813) x16 0x00000000
core   0: 0x800079aa (0x01c81cb3) sll     s9, a6, t3
core   0: 3 0x800079aa (0x01c81cb3) x25 0x00000000
core   0: 0x800079ae (0x000082c1) c.srli  a3, 16
core   0: 3 0x800079ae (0x82c1) x13 0x00000000
core   0: 0x800079b0 (0x0000100f) fence.i
core   0: 3 0x800079b0 (0x0000100f)
core   0: 0x800079b4 (0x00245513) srli    a0, s0, 2
core   0: 3 0x800079b4 (0x00245513) x10 0x00000000
core   0: 0x800079b8 (0x00000001) c.nop
core   0: 3 0x800079b8 (0x0001)
core   0: 0x800079ba (0x6023c513) xori    a0, t2, 1538
core   0: 3 0x800079ba (0x6023c513) x10 0x00000602
core   0: 0x800079be (0xc5be2bb7) lui     s7, 0xc5be2
core   0: 3 0x800079be (0xc5be2bb7) x23 0xc5be2000
core   0: 0x800079c2 (0x00009b7d) c.andi  a4, -1
core   0: 3 0x800079c2 (0x9b7d) x14 0xe9e916b6
core   0: 0x800079c4 (0x000095aa) c.add   a1, a0
core   0: 3 0x800079c4 (0x95aa) x11 0x00000602
core   0: 0x800079c6 (0x00461f93) slli    t6, a2, 4
core   0: 3 0x800079c6 (0x00461f93) x31 0x00000010
core   0: 0x800079ca (0x01159913) slli    s2, a1, 17
core   0: 3 0x800079ca (0x01159913) x18 0x0c040000
core   0: 0x800079ce (0x00139e93) slli    t4, t2, 1
core   0: 3 0x800079ce (0x00139e93) x29 0x00000000
core   0: 0x800079d2 (0xa4957d13) andi    s10, a0, -1463
core   0: 3 0x800079d2 (0xa4957d13) x26 0x00000200
core   0: 0x800079d6 (0x00008159) c.srli  a0, 22
core   0: 3 0x800079d6 (0x8159) x10 0x00000000
core   0: 0x800079d8 (0x0065dd63) bge     a1, t1, pc + 26
core   0: 3 0x800079d8 (0x0065dd63)
core   0: 0x800079dc (0x00000bca) c.slli  s7, 18
core   0: 3 0x800079dc (0x0bca) x23 0x80000000
core   0: 0x800079de (0x000002f2) c.slli  t0, 28
core   0: 3 0x800079de (0x02f2) x 5 0x00000000
core   0: 0x800079e0 (0xa3a53e13) sltiu   t3, a0, -1478
core   0: 3 0x800079e0 (0xa3a53e13) x28 0x00000001
core   0: 0x800079e4 (0x0000e485) c.bnez  s1, pc + 40
core   0: 3 0x800079e4 (0xe485)
core   0: 0x800079e6 (0xab9c8113) addi    sp, s9, -1351
core   0: 3 0x800079e6 (0xab9c8113) x 2 0xfffffab9
core   0: 0x800079ea (0xdc5ce193) ori     gp, s9, -571
core   0: 3 0x800079ea (0xdc5ce193) x 3 0xfffffdc5
core   0: 0x800079ee (0x01680033) add     zero, a6, s6
core   0: 3 0x800079ee (0x01680033)
core   0: 0x800079f2 (0x00000d94) c.addi4spn a3, sp, 720
core   0: 3 0x800079f2 (0x0d94) x13 0xfffffd89
core   0: 0x800079f4 (0x83c32e93) slti    t4, t1, -1988
core   0: 3 0x800079f4 (0x83c32e93) x29 0x00000000
core   0: 0x800079f8 (0x70bfe9b7) lui     s3, 0x70bfe
core   0: 3 0x800079f8 (0x70bfe9b7) x19 0x70bfe000
core   0: 0x800079fc (0x01ab4d63) blt     s6, s10, pc + 26
core   0: 3 0x800079fc (0x01ab4d63)
core   0: 0x80007a16 (0x015beb33) or      s6, s7, s5
core   0: 3 0x80007a16 (0x015beb33) x22 0x80025e64
core   0: 0x80007a1a (0x00000001) c.nop
core   0: 3 0x80007a1a (0x0001)
core   0: 0x80007a1c (0x00008de9) c.and   a1, a0
core   0: 3 0x80007a1c (0x8de9) x11 0x00000000
core   0: 0x80007a1e (0x02d4bfb3) mulhu   t6, s1, a3
core   0: 3 0x80007a1e (0x02d4bfb3) x31 0x00000000
core   0: 0x80007a22 (0x00006d35) c.lui   s10, 0xd
core   0: 3 0x80007a22 (0x6d35) x26 0x0000d000
core   0: 0x80007a24 (0x03d8ceb3) div     t4, a7, t4
core   0: 3 0x80007a24 (0x03d8ceb3) x29 0xffffffff
core   0: 0x80007a28 (0x0ff0000f) fence   iorw,iorw
core   0: 3 0x80007a28 (0x0ff0000f)
core   0: 0x80007a2c (0x00001c7d) c.addi  s8, -1
core   0: 3 0x80007a2c (0x1c7d) x24 0x0086a38c
core   0: 0x80007a2e (0x02eae163) bltu    s5, a4, pc + 34
core   0: 3 0x80007a2e (0x02eae163)
core   0: 0x80007a50 (0x023089b3) mul     s3, ra, gp
core   0: 3 0x80007a50 (0x023089b3) x19 0xfffee6f6
core   0: 0x80007a54 (0x00008d25) c.xor   a0, s1
core   0: 3 0x80007a54 (0x8d25) x10 0x00000000
core   0: 0x80007a56 (0x00b51f33) sll     t5, a0, a1
core   0: 3 0x80007a56 (0x00b51f33) x30 0x00000000
core   0: 0x80007a5a (0x137f7213) andi    tp, t5, 311
core   0: 3 0x80007a5a (0x137f7213) x 4 0x00000000
core   0: 0x80007a5e (0x00006111) c.addi16sp sp, 256
core   0: 3 0x80007a5e (0x6111) x 2 0xfffffbb9
core   0: 0x80007a60 (0x015d5e13) srli    t3, s10, 21
core   0: 3 0x80007a60 (0x015d5e13) x28 0x00000000
core   0: 0x80007a64 (0x000082d5) c.srli  a3, 21
core   0: 3 0x80007a64 (0x82d5) x13 0x000007ff
core   0: 0x80007a66 (0x012c31b3) sltu    gp, s8, s2
core   0: 3 0x80007a66 (0x012c31b3) x 3 0x00000001
core   0: 0x80007a6a (0x03c61e63) bne     a2, t3, pc + 60
core   0: 3 0x80007a6a (0x03c61e63)
core   0: 0x80007aa6 (0x0124e5b3) or      a1, s1, s2
core   0: 3 0x80007aa6 (0x0124e5b3) x11 0x0c040000
core   0: 0x80007aaa (0x024fe233) rem     tp, t6, tp
core   0: 3 0x80007aaa (0x024fe233) x 4 0x00000000
core   0: 0x80007aae (0x02aa29b3) mulhsu  s3, s4, a0
core   0: 3 0x80007aae (0x02aa29b3) x19 0x00000000
core   0: 0x80007ab2 (0x8b304eb7) lui     t4, 0x8b304
core   0: 3 0x80007ab2 (0x8b304eb7) x29 0x8b304000
core   0: 0x80007ab6 (0x04c5c163) blt     a1, a2, pc + 66
core   0: 3 0x80007ab6 (0x04c5c163)
core   0: 0x80007aba (0x01cd5c93) srli    s9, s10, 28
core   0: 3 0x80007aba (0x01cd5c93) x25 0x00000000
core   0: 0x80007abe (0x02c4edb3) rem     s11, s1, a2
core   0: 3 0x80007abe (0x02c4edb3) x27 0x00000000
core   0: 0x80007ac2 (0x0071f963) bgeu    gp, t2, pc + 18
core   0: 3 0x80007ac2 (0x0071f963)
core   0: 0x80007ad4 (0x02ea61b3) rem     gp, s4, a4
core   0: 3 0x80007ad4 (0x02ea61b3) x 3 0x00000000
core   0: 0x80007ad8 (0x03df70b3) remu    ra, t5, t4
core   0: 3 0x80007ad8 (0x03df70b3) x 1 0x00000000
core   0: 0x80007adc (0x006836b3) sltu    a3, a6, t1
core   0: 3 0x80007adc (0x006836b3) x13 0x00000001
core   0: 0x80007ae0 (0x5da90e93) addi    t4, s2, 1498
core   0: 3 0x80007ae0 (0x5da90e93) x29 0x0c0405da
core   0: 0x80007ae4 (0x00008c89) c.sub   s1, a0
core   0: 3 0x80007ae4 (0x8c89) x 9 0x00000000
core   0: 0x80007ae6 (0xfa358137) lui     sp, 0xfa358
core   0: 3 0x80007ae6 (0xfa358137) x 2 0xfa358000
core   0: 0x80007aea (0x00008f6d) c.and   a4, a1
core   0: 3 0x80007aea (0x8f6d) x14 0x08000000
core   0: 0x80007aec (0x00008a41) c.andi  a2, 16
core   0: 3 0x80007aec (0x8a41) x12 0x00000000
core   0: 0x80007aee (0x015b9263) bne     s7, s5, pc + 4
core   0: 3 0x80007aee (0x015b9263)
core   0: 0x80007af2 (0x00008efd) c.and   a3, a5
core   0: 3 0x80007af2 (0x8efd) x13 0x00000000
core   0: 0x80007af4 (0x03ef5eb3) divu    t4, t5, t5
core   0: 3 0x80007af4 (0x03ef5eb3) x29 0xffffffff
core   0: 0x80007af8 (0x000086c5) c.srai  a3, 17
core   0: 3 0x80007af8 (0x86c5) x13 0x00000000
core   0: 0x80007afa (0x0000c685) c.beqz  a3, pc + 40
core   0: 3 0x80007afa (0xc685)
core   0: 0x80007b22 (0x00001c7d) c.addi  s8, -1
core   0: 3 0x80007b22 (0x1c7d) x24 0x0086a38b
core   0: 0x80007b24 (0x00004cf5) c.li    s9, 29
core   0: 3 0x80007b24 (0x4cf5) x25 0x0000001d
core   0: 0x80007b26 (0x0000e491) c.bnez  s1, pc + 12
core   0: 3 0x80007b26 (0xe491)
core   0: 0x80007b28 (0x00000001) c.nop
core   0: 3 0x80007b28 (0x0001)
core   0: 0x80007b2a (0x73ec1c97) auipc   s9, 0x73ec1
core   0: 3 0x80007b2a (0x73ec1c97) x25 0xf3ec8b2a
core   0: 0x80007b2e (0x02e80d33) mul     s10, a6, a4
core   0: 3 0x80007b2e (0x02e80d33) x26 0x00000000
core   0: 0x80007b32 (0x0280a133) mulhsu  sp, ra, s0
core   0: 3 0x80007b32 (0x0280a133) x 2 0x00000000
core   0: 0x80007b36 (0x0208acb3) mulhsu  s9, a7, zero
core   0: 3 0x80007b36 (0x0208acb3) x25 0x00000000
core   0: 0x80007b3a (0x0000084d) c.addi  a6, 19
core   0: 3 0x80007b3a (0x084d) x16 0x00000013
core   0: 0x80007b3c (0xbb4f4f93) xori    t6, t5, -1100
core   0: 3 0x80007b3c (0xbb4f4f93) x31 0xfffffbb4
core   0: 0x80007b40 (0x00008e55) c.or    a2, a3
core   0: 3 0x80007b40 (0x8e55) x12 0x00000000
core   0: 0x80007b42 (0x03654eb3) div     t4, a0, s6
core   0: 3 0x80007b42 (0x03654eb3) x29 0x00000000
core   0: 0x80007b46 (0xec7b94b7) lui     s1, 0xec7b9
core   0: 3 0x80007b46 (0xec7b94b7) x 9 0xec7b9000
core   0: 0x80007b4a (0x02faf9b3) remu    s3, s5, a5
core   0: 3 0x80007b4a (0x02faf9b3) x19 0x80025e64
core   0: 0x80007b4e (0x02f5f033) remu    zero, a1, a5
core   0: 3 0x80007b4e (0x02f5f033)
core   0: 0x80007b52 (0x0000100f) fence.i
core   0: 3 0x80007b52 (0x0000100f)
core   0: 0x80007b56 (0x00008589) c.srai  a1, 2
core   0: 3 0x80007b56 (0x8589) x11 0x03010000
core   0: 0x80007b58 (0x00008d55) c.or    a0, a3
core   0: 3 0x80007b58 (0x8d55) x10 0x00000000
core   0: 0x80007b5a (0x9fa829b7) lui     s3, 0x9fa82
core   0: 3 0x80007b5a (0x9fa829b7) x19 0x9fa82000
core   0: 0x80007b5e (0x00fe9c13) slli    s8, t4, 15
core   0: 3 0x80007b5e (0x00fe9c13) x24 0x00000000
core   0: 0x80007b62 (0x0000e685) c.bnez  a3, pc + 40
core   0: 3 0x80007b62 (0xe685)
core   0: 0x80007b64 (0x8f85db17) auipc   s6, 0x8f85d
core   0: 3 0x80007b64 (0x8f85db17) x22 0x0f864b64
core   0: 0x80007b68 (0x03eb19b3) mulh    s3, s6, t5
core   0: 3 0x80007b68 (0x03eb19b3) x19 0x00000000
core   0: 0x80007b6c (0x03fe7d33) remu    s10, t3, t6
core   0: 3 0x80007b6c (0x03fe7d33) x26 0x00000000
core   0: 0x80007b70 (0x01e3d213) srli    tp, t2, 30
core   0: 3 0x80007b70 (0x01e3d213) x 4 0x00000000
core   0: 0x80007b74 (0x7fd02413) slti    s0, zero, 2045
core   0: 3 0x80007b74 (0x7fd02413) x 8 0x00000001
core   0: 0x80007b78 (0x0352ee63) bltu    t0, s5, pc + 60
core   0: 3 0x80007b78 (0x0352ee63)
core   0: 0x80007bb4 (0x00000bc6) c.slli  s7, 17
core   0: 3 0x80007bb4 (0x0bc6) x23 0x00000000
core   0: 0x80007bb6 (0x006fee63) bltu    t6, t1, pc + 28
core   0: 3 0x80007bb6 (0x006fee63)
core   0: 0x80007bba (0x039c9f33) mulh    t5, s9, s9
core   0: 3 0x80007bba (0x039c9f33) x30 0x00000000
core   0: 0x80007bbe (0x00004111) c.li    sp, 4
core   0: 3 0x80007bbe (0x4111) x 2 0x00000004
core   0: 0x80007bc0 (0x01138133) add     sp, t2, a7
core   0: 3 0x80007bc0 (0x01138133) x 2 0x00000000
core   0: 0x80007bc4 (0x01de49b3) xor     s3, t3, t4
core   0: 3 0x80007bc4 (0x01de49b3) x19 0x00000000
core   0: 0x80007bc8 (0xbcd72b13) slti    s6, a4, -1075
core   0: 3 0x80007bc8 (0xbcd72b13) x22 0x00000000
core   0: 0x80007bcc (0x402a5313) srai    t1, s4, 2
core   0: 3 0x80007bcc (0x402a5313) x 6 0x00000000
core   0: 0x80007bd0 (0x00008f35) c.xor   a4, a3
core   0: 3 0x80007bd0 (0x8f35) x14 0x08000000
core   0: 0x80007bd2 (0x9fcac3b7) lui     t2, 0x9fcac
core   0: 3 0x80007bd2 (0x9fcac3b7) x 7 0x9fcac000
core   0: 0x80007bd6 (0x00006599) c.lui   a1, 0x6
core   0: 3 0x80007bd6 (0x6599) x11 0x00006000
core   0: 0x80007bd8 (0x6eee4213) xori    tp, t3, 1774
core   0: 3 0x80007bd8 (0x6eee4213) x 4 0x000006ee
core   0: 0x80007bdc (0x02339833) mulh    a6, t2, gp
core   0: 3 0x80007bdc (0x02339833) x16 0x00000000
core   0: 0x80007be0 (0x6a6a3b93) sltiu   s7, s4, 1702
core   0: 3 0x80007be0 (0x6a6a3b93) x23 0x00000001
core   0: 0x80007be4 (0x01665593) srli    a1, a2, 22
core   0: 3 0x80007be4 (0x01665593) x11 0x00000000
core   0: 0x80007be8 (0x00db0a63) beq     s6, a3, pc + 20
core   0: 3 0x80007be8 (0x00db0a63)
core   0: 0x80007bfc (0x0000e805) c.bnez  s0, pc + 48
core   0: 3 0x80007bfc (0xe805)
core   0: 0x80007c2c (0x0000100f) fence.i
core   0: 3 0x80007c2c (0x0000100f)
core   0: 0x80007c30 (0x03351c63) bne     a0, s3, pc + 56
core   0: 3 0x80007c30 (0x03351c63)
core   0: 0x80007c34 (0x00008d25) c.xor   a0, s1
core   0: 3 0x80007c34 (0x8d25) x10 0xec7b9000
core   0: 0x80007c36 (0xa9694113) xori    sp, s2, -1386
core   0: 3 0x80007c36 (0xa9694113) x 2 0xf3fbfa96
core   0: 0x80007c3a (0x4099d993) srai    s3, s3, 9
core   0: 3 0x80007c3a (0x4099d993) x19 0x00000000
core   0: 0x80007c3e (0x01e2b2b3) sltu    t0, t0, t5
core   0: 3 0x80007c3e (0x01e2b2b3) x 5 0x00000000
core   0: 0x80007c42 (0x0116cd63) blt     a3, a7, pc + 26
core   0: 3 0x80007c42 (0x0116cd63)
core   0: 0x80007c46 (0x01236f63) bltu    t1, s2, pc + 30
core   0: 3 0x80007c46 (0x01236f63)
core   0: 0x80007c64 (0x00000001) c.nop
core   0: 3 0x80007c64 (0x0001)
core   0: 0x80007c66 (0x00000376) c.slli  t1, 29
core   0: 3 0x80007c66 (0x0376) x 6 0x00000000
core   0: 0x80007c68 (0x077af113) andi    sp, s5, 119
core   0: 3 0x80007c68 (0x077af113) x 2 0x00000064
core   0: 0x80007c6c (0x00000188) c.addi4spn a0, sp, 192
core   0: 3 0x80007c6c (0x0188) x10 0x00000124
core   0: 0x80007c6e (0x000083fa) c.mv    t2, t5
core   0: 3 0x80007c6e (0x83fa) x 7 0x00000000
core   0: 0x80007c70 (0x873a0093) addi    ra, s4, -1933
core   0: 3 0x80007c70 (0x873a0093) x 1 0xfffff873
core   0: 0x80007c74 (0x000e9cb3) sll     s9, t4, zero
core   0: 3 0x80007c74 (0x000e9cb3) x25 0x00000000
core   0: 0x80007c78 (0x00008025) c.srli  s0, 9
core   0: 3 0x80007c78 (0x8025) x 8 0x00000000
core   0: 0x80007c7a (0x0150a433) slt     s0, ra, s5
core   0: 3 0x80007c7a (0x0150a433) x 8 0x00000000
core   0: 0x80007c7e (0x00009956) c.add   s2, s5
core   0: 3 0x80007c7e (0x9956) x18 0x8c065e64
core   0: 0x80007c80 (0x41748bb3) sub     s7, s1, s7
core   0: 3 0x80007c80 (0x41748bb3) x23 0xec7b8fff
core   0: 0x80007c84 (0x69154393) xori    t2, a0, 1681
core   0: 3 0x80007c84 (0x69154393) x 7 0x000007b5
core   0: 0x80007c88 (0x0159bb33) sltu    s6, s3, s5
core   0: 3 0x80007c88 (0x0159bb33) x22 0x00000001
core   0: 0x80007c8c (0x00108eb3) add     t4, ra, ra
core   0: 3 0x80007c8c (0x00108eb3) x29 0xfffff0e6
core   0: 0x80007c90 (0x91f86437) lui     s0, 0x91f86
core   0: 3 0x80007c90 (0x91f86437) x 8 0x91f86000
core   0: 0x80007c94 (0x009f9f63) bne     t6, s1, pc + 30
core   0: 3 0x80007c94 (0x009f9f63)
core   0: 0x80007cb2 (0x00008f05) c.sub   a4, s1
core   0: 3 0x80007cb2 (0x8f05) x14 0x1b847000
core   0: 0x80007cb4 (0x00008ca1) c.xor   s1, s0
core   0: 3 0x80007cb4 (0x8ca1) x 9 0x7d83f000
core   0: 0x80007cb6 (0x000086d9) c.srai  a3, 22
core   0: 3 0x80007cb6 (0x86d9) x13 0x00000000
core   0: 0x80007cb8 (0x00008499) c.srai  s1, 6
core   0: 3 0x80007cb8 (0x8499) x 9 0x01f60fc0
core   0: 0x80007cba (0x0000ed91) c.bnez  a1, pc + 28
core   0: 3 0x80007cba (0xed91)
core   0: 0x80007cbc (0xc5defeb7) lui     t4, 0xc5def
core   0: 3 0x80007cbc (0xc5defeb7) x29 0xc5def000
core   0: 0x80007cc0 (0xc62b4c13) xori    s8, s6, -926
core   0: 3 0x80007cc0 (0xc62b4c13) x24 0xfffffc63
core   0: 0x80007cc4 (0x02932c33) mulhsu  s8, t1, s1
core   0: 3 0x80007cc4 (0x02932c33) x24 0x00000000
core   0: 0x80007cc8 (0x0000856e) c.mv    a0, s11
core   0: 3 0x80007cc8 (0x856e) x10 0x00000000
core   0: 0x80007cca (0x0000482d) c.li    a6, 11
core   0: 3 0x80007cca (0x482d) x16 0x0000000b
core   0: 0x80007ccc (0x0000615d) c.addi16sp sp, 432
core   0: 3 0x80007ccc (0x615d) x 2 0x00000214
core   0: 0x80007cce (0x00000001) c.nop
core   0: 3 0x80007cce (0x0001)
core   0: 0x80007cd0 (0x00000001) c.nop
core   0: 3 0x80007cd0 (0x0001)
core   0: 0x80007cd2 (0x0347e9b3) rem     s3, a5, s4
core   0: 3 0x80007cd2 (0x0347e9b3) x19 0x80029ce4
core   0: 0x80007cd6 (0x03d77f63) bgeu    a4, t4, pc + 62
core   0: 3 0x80007cd6 (0x03d77f63)
core   0: 0x80007cda (0x0000100f) fence.i
core   0: 3 0x80007cda (0x0000100f)
core   0: 0x80007cde (0x00008ee1) c.and   a3, s0
core   0: 3 0x80007cde (0x8ee1) x13 0x00000000
core   0: 0x80007ce0 (0x00859013) slli    zero, a1, 8
core   0: 3 0x80007ce0 (0x00859013)
core   0: 0x80007ce4 (0x40510833) sub     a6, sp, t0
core   0: 3 0x80007ce4 (0x40510833) x16 0x00000214
core   0: 0x80007ce8 (0x00dfa533) slt     a0, t6, a3
core   0: 3 0x80007ce8 (0x00dfa533) x10 0x00000001
core   0: 0x80007cec (0x41c30fb3) sub     t6, t1, t3
core   0: 3 0x80007cec (0x41c30fb3) x31 0x00000000
core   0: 0x80007cf0 (0x024f4963) blt     t5, tp, pc + 50
core   0: 3 0x80007cf0 (0x024f4963)
core   0: 0x80007d22 (0x00008059) c.srli  s0, 22
core   0: 3 0x80007d22 (0x8059) x 8 0x00000247
core   0: 0x80007d24 (0x0000cd81) c.beqz  a1, pc + 24
core   0: 3 0x80007d24 (0xcd81)
core   0: 0x80007d3c (0x000089e9) c.andi  a1, 26
core   0: 3 0x80007d3c (0x89e9) x11 0x00000000
core   0: 0x80007d3e (0x014f4633) xor     a2, t5, s4
core   0: 3 0x80007d3e (0x014f4633) x12 0x00000000
core   0: 0x80007d42 (0x0336e363) bltu    a3, s3, pc + 38
core   0: 3 0x80007d42 (0x0336e363)
core   0: 0x80007d68 (0x0032fcb3) and     s9, t0, gp
core   0: 3 0x80007d68 (0x0032fcb3) x25 0x00000000
core   0: 0x80007d6c (0xffdb3637) lui     a2, 0xffdb3
core   0: 3 0x80007d6c (0xffdb3637) x12 0xffdb3000
core   0: 0x80007d70 (0x013726b3) slt     a3, a4, s3
core   0: 3 0x80007d70 (0x013726b3) x13 0x00000000
core   0: 0x80007d74 (0x00008e69) c.and   a2, a0
core   0: 3 0x80007d74 (0x8e69) x12 0x00000000
core   0: 0x80007d76 (0x0000e881) c.bnez  s1, pc + 16
core   0: 3 0x80007d76 (0xe881)
core   0: 0x80007d86 (0x0000567d) c.li    a2, -1
core   0: 3 0x80007d86 (0x567d) x12 0xffffffff
core   0: 0x80007d88 (0x00004a05) c.li    s4, 1
core   0: 3 0x80007d88 (0x4a05) x20 0x00000001
core   0: 0x80007d8a (0x00008641) c.srai  a2, 16
core   0: 3 0x80007d8a (0x8641) x12 0xffffffff
core   0: 0x80007d8c (0x00001dfd) c.addi  s11, -1
core   0: 3 0x80007d8c (0x1dfd) x27 0xffffffff
core   0: 0x80007d8e (0x00008109) c.srli  a0, 2
core   0: 3 0x80007d8e (0x8109) x10 0x00000000
core   0: 0x80007d90 (0x00009552) c.add   a0, s4
core   0: 3 0x80007d90 (0x9552) x10 0x00000001
core   0: 0x80007d92 (0x00008839) c.andi  s0, 14
core   0: 3 0x80007d92 (0x8839) x 8 0x00000006
core   0: 0x80007d94 (0x0000100f) fence.i
core   0: 3 0x80007d94 (0x0000100f)
core   0: 0x80007d98 (0x00008c95) c.sub   s1, a3
core   0: 3 0x80007d98 (0x8c95) x 9 0x01f60fc0
core   0: 0x80007d9a (0x00006155) c.addi16sp sp, 304
core   0: 3 0x80007d9a (0x6155) x 2 0x00000344
core   0: 0x80007d9c (0x03447063) bgeu    s0, s4, pc + 32
core   0: 3 0x80007d9c (0x03447063)
core   0: 0x80007dbc (0x03f58d33) mul     s10, a1, t6
core   0: 3 0x80007dbc (0x03f58d33) x26 0x00000000
core   0: 0x80007dc0 (0x0dff7a63) bgeu    t5, t6, pc + 212
core   0: 3 0x80007dc0 (0x0dff7a63)
core   0: 0x80007e94 (0x00008edd) c.or    a3, a5
core   0: 3 0x80007e94 (0x8edd) x13 0x80029ce4
core   0: 0x80007e96 (0x00008c99) c.sub   s1, a4
core   0: 3 0x80007e96 (0x8c99) x 9 0xe6719fc0
core   0: 0x80007e98 (0x00a3fdb3) and     s11, t2, a0
core   0: 3 0x80007e98 (0x00a3fdb3) x27 0x00000001
core   0: 0x80007e9c (0x019381b3) add     gp, t2, s9
core   0: 3 0x80007e9c (0x019381b3) x 3 0x000007b5
core   0: 0x80007ea0 (0x404fd113) srai    sp, t6, 4
core   0: 3 0x80007ea0 (0x404fd113) x 2 0x00000000
core   0: 0x80007ea4 (0x000064b9) c.lui   s1, 0xe
core   0: 3 0x80007ea4 (0x64b9) x 9 0x0000e000
core   0: 0x80007ea6 (0x0018ee63) bltu    a7, ra, pc + 28
core   0: 3 0x80007ea6 (0x0018ee63)
core   0: 0x80007ec2 (0xb0d1eb93) ori     s7, gp, -1267
core   0: 3 0x80007ec2 (0xb0d1eb93) x23 0xffffffbd
core   0: 0x80007ec6 (0x00cede13) srli    t3, t4, 12
core   0: 3 0x80007ec6 (0x00cede13) x28 0x000c5def
core   0: 0x80007eca (0x00001908) c.addi4spn a0, sp, 176
core   0: 3 0x80007eca (0x1908) x10 0x000000b0
core   0: 0x80007ecc (0x00000cbd) c.addi  s9, 15
core   0: 3 0x80007ecc (0x0cbd) x25 0x0000000f
core   0: 0x80007ece (0x0000071a) c.slli  a4, 6
core   0: 3 0x80007ece (0x071a) x14 0xe11c0000
core   0: 0x80007ed0 (0x00331e63) bne     t1, gp, pc + 28
core   0: 3 0x80007ed0 (0x00331e63)
core   0: 0x80007eec (0x00008e19) c.sub   a2, a4
core   0: 3 0x80007eec (0x8e19) x12 0x1ee3ffff
core   0: 0x80007eee (0x4145df93) srai    t6, a1, 20
core   0: 3 0x80007eee (0x4145df93) x31 0x00000000
core   0: 0x80007ef2 (0x002dd693) srli    a3, s11, 2
core   0: 3 0x80007ef2 (0x002dd693) x13 0x00000000
core   0: 0x80007ef6 (0x000095fa) c.add   a1, t5
core   0: 3 0x80007ef6 (0x95fa) x11 0x00000000
core   0: 0x80007ef8 (0x00005e7d) c.li    t3, -1
core   0: 3 0x80007ef8 (0x5e7d) x28 0xffffffff
core   0: 0x80007efa (0x41c15a13) srai    s4, sp, 28
core   0: 3 0x80007efa (0x41c15a13) x20 0x00000000
core   0: 0x80007efe (0x0105f833) and     a6, a1, a6
core   0: 3 0x80007efe (0x0105f833) x16 0x00000000
core   0: 0x80007f02 (0xd5564c97) auipc   s9, 0xd5564
core   0: 3 0x80007f02 (0xd5564c97) x25 0x5556bf02
core   0: 0x80007f06 (0x027bef63) bltu    s7, t2, pc + 62
core   0: 3 0x80007f06 (0x027bef63)
core   0: 0x80007f0a (0x00000001) c.nop
core   0: 3 0x80007f0a (0x0001)
core   0: 0x80007f0c (0x00008e21) c.xor   a2, s0
core   0: 3 0x80007f0c (0x8e21) x12 0x1ee3fff9
core   0: 0x80007f0e (0x01155933) srl     s2, a0, a7
core   0: 3 0x80007f0e (0x01155933) x18 0x000000b0
core   0: 0x80007f12 (0x03e8e963) bltu    a7, t5, pc + 50
core   0: 3 0x80007f12 (0x03e8e963)
core   0: 0x80007f16 (0x003b0363) beq     s6, gp, pc + 6
core   0: 3 0x80007f16 (0x003b0363)
core   0: 0x80007f1a (0x00006911) c.lui   s2, 0x4
core   0: 3 0x80007f1a (0x6911) x18 0x00004000
core   0: 0x80007f1c (0x03a1fc33) remu    s8, gp, s10
core   0: 3 0x80007f1c (0x03a1fc33) x24 0x000007b5
core   0: 0x80007f20 (0x30c70013) addi    zero, a4, 780
core   0: 3 0x80007f20 (0x30c70013)
core   0: 0x80007f24 (0x0291beb3) mulhu   t4, gp, s1
core   0: 3 0x80007f24 (0x0291beb3) x29 0x00000000
core   0: 0x80007f28 (0x5701bd13) sltiu   s10, gp, 1392
core   0: 3 0x80007f28 (0x5701bd13) x26 0x00000000
core   0: 0x80007f2c (0x01c50233) add     tp, a0, t3
core   0: 3 0x80007f2c (0x01c50233) x 4 0x000000af
core   0: 0x80007f30 (0x00008075) c.srli  s0, 29
core   0: 3 0x80007f30 (0x8075) x 8 0x00000000
core   0: 0x80007f32 (0x0000100f) fence.i
core   0: 3 0x80007f32 (0x0000100f)
core   0: 0x80007f36 (0x02e7c533) div     a0, a5, a4
core   0: 3 0x80007f36 (0x02e7c533) x10 0x00000004
core   0: 0x80007f3a (0x00009f0e) c.add   t5, gp
core   0: 3 0x80007f3a (0x9f0e) x30 0x000007b5
core   0: 0x80007f3c (0x03387363) bgeu    a6, s3, pc + 38
core   0: 3 0x80007f3c (0x03387363)
core   0: 0x80007f40 (0x01d90d63) beq     s2, t4, pc + 26
core   0: 3 0x80007f40 (0x01d90d63)
core   0: 0x80007f44 (0x00a6bdb3) sltu    s11, a3, a0
core   0: 3 0x80007f44 (0x00a6bdb3) x27 0x00000001
core   0: 0x80007f48 (0x0000717d) c.addi16sp sp, -16
core   0: 3 0x80007f48 (0x717d) x 2 0xfffffff0
core   0: 0x80007f4a (0x00008341) c.srli  a4, 16
core   0: 3 0x80007f4a (0x8341) x14 0x0000e11c
core   0: 0x80007f4c (0x41a40c33) sub     s8, s0, s10
core   0: 3 0x80007f4c (0x41a40c33) x24 0x00000000
core   0: 0x80007f50 (0x00006a35) c.lui   s4, 0xd
core   0: 3 0x80007f50 (0x6a35) x20 0x0000d000
core   0: 0x80007f52 (0x0390e633) rem     a2, ra, s9
core   0: 3 0x80007f52 (0x0390e633) x12 0xfffff873
core   0: 0x80007f56 (0x0000100f) fence.i
core   0: 3 0x80007f56 (0x0000100f)
core   0: 0x80007f5a (0x033785b3) mul     a1, a5, s3
core   0: 3 0x80007f5a (0x033785b3) x11 0xd3b6ab10
core   0: 0x80007f5e (0x03b64bb3) div     s7, a2, s11
core   0: 3 0x80007f5e (0x03b64bb3) x23 0xfffff873
core   0: 0x80007f62 (0x034dd133) divu    sp, s11, s4
core   0: 3 0x80007f62 (0x034dd133) x 2 0x00000000
core   0: 0x80007f66 (0x0000a4b3) slt     s1, ra, zero
core   0: 3 0x80007f66 (0x0000a4b3) x 9 0x00000001
core   0: 0x80007f6a (0x016b9c63) bne     s7, s6, pc + 24
core   0: 3 0x80007f6a (0x016b9c63)
core   0: 0x80007f82 (0x00000001) c.nop
core   0: 3 0x80007f82 (0x0001)
core   0: 0x80007f84 (0x00000001) c.nop
core   0: 3 0x80007f84 (0x0001)
core   0: 0x80007f86 (0x000082ed) c.srli  a3, 27
core   0: 3 0x80007f86 (0x82ed) x13 0x00000000
core   0: 0x80007f88 (0x00006115) c.addi16sp sp, 288
core   0: 3 0x80007f88 (0x6115) x 2 0x00000120
core   0: 0x80007f8a (0x86008693) addi    a3, ra, -1952
core   0: 3 0x80007f8a (0x86008693) x13 0xfffff0d3
core   0: 0x80007f8e (0x1a3d7e93) andi    t4, s10, 419
core   0: 3 0x80007f8e (0x1a3d7e93) x29 0x00000000
core   0: 0x80007f92 (0x09ead537) lui     a0, 0x9ead
core   0: 3 0x80007f92 (0x09ead537) x10 0x09ead000
core   0: 0x80007f96 (0x00627263) bgeu    tp, t1, pc + 4
core   0: 3 0x80007f96 (0x00627263)
core   0: 0x80007f9a (0x00008f0d) c.sub   a4, a1
core   0: 3 0x80007f9a (0x8f0d) x14 0x2c4a360c
core   0: 0x80007f9c (0x020befb3) rem     t6, s7, zero
core   0: 3 0x80007f9c (0x020befb3) x31 0xfffff873
core   0: 0x80007fa0 (0x00006311) c.lui   t1, 0x4
core   0: 3 0x80007fa0 (0x6311) x 6 0x00004000
core   0: 0x80007fa2 (0x0000974a) c.add   a4, s2
core   0: 3 0x80007fa2 (0x974a) x14 0x2c4a760c
core   0: 0x80007fa4 (0x0000876d) c.srai  a4, 27
core   0: 3 0x80007fa4 (0x876d) x14 0x00000005
core   0: 0x80007fa6 (0x034a7433) remu    s0, s4, s4
core   0: 3 0x80007fa6 (0x034a7433) x 8 0x00000000
core   0: 0x80007faa (0xf910ec93) ori     s9, ra, -111
core   0: 3 0x80007faa (0xf910ec93) x25 0xfffffff3
core   0: 0x80007fae (0x0249d663) bge     s3, tp, pc + 44
core   0: 3 0x80007fae (0x0249d663)
core   0: 0x80007fb2 (0x0369d133) divu    sp, s3, s6
core   0: 3 0x80007fb2 (0x0369d133) x 2 0x80029ce4
core   0: 0x80007fb6 (0x00f95e93) srli    t4, s2, 15
core   0: 3 0x80007fb6 (0x00f95e93) x29 0x00000000
core   0: 0x80007fba (0x02668733) mul     a4, a3, t1
core   0: 3 0x80007fba (0x02668733) x14 0xfc34c000
core   0: 0x80007fbe (0x00008ed5) c.or    a3, a3
core   0: 3 0x80007fbe (0x8ed5) x13 0xfffff0d3
core   0: 0x80007fc0 (0x021e6cb3) rem     s9, t3, ra
core   0: 3 0x80007fc0 (0x021e6cb3) x25 0xffffffff
core   0: 0x80007fc4 (0x021b9e63) bne     s7, ra, pc + 60
core   0: 3 0x80007fc4 (0x021b9e63)
core   0: 0x80007fc8 (0xd968d717) auipc   a4, 0xd968d
core   0: 3 0x80007fc8 (0xd968d717) x14 0x59694fc8
core   0: 0x80007fcc (0x00008cb1) c.xor   s1, a2
core   0: 3 0x80007fcc (0x8cb1) x 9 0xfffff872
core   0: 0x80007fce (0x00006f61) c.lui   t5, 0x18
core   0: 3 0x80007fce (0x6f61) x30 0x00018000
core   0: 0x80007fd0 (0x0028db93) srli    s7, a7, 2
core   0: 3 0x80007fd0 (0x0028db93) x23 0x00000000
core   0: 0x80007fd4 (0x0000c611) c.beqz  a2, pc + 12
core   0: 3 0x80007fd4 (0xc611)
core   0: 0x80007fd6 (0x00000001) c.nop
core   0: 3 0x80007fd6 (0x0001)
core   0: 0x80007fd8 (0x00008d11) c.sub   a0, a2
core   0: 3 0x80007fd8 (0x8d11) x10 0x09ead78d
core   0: 0x80007fda (0x00008f35) c.xor   a4, a3
core   0: 3 0x80007fda (0x8f35) x14 0xa696bf1b
core   0: 0x80007fdc (0x02bb7063) bgeu    s6, a1, pc + 32
core   0: 3 0x80007fdc (0x02bb7063)
core   0: 0x80007fe0 (0x4171d913) srai    s2, gp, 23
core   0: 3 0x80007fe0 (0x4171d913) x18 0x00000000
core   0: 0x80007fe4 (0x00b973b3) and     t2, s2, a1
core   0: 3 0x80007fe4 (0x00b973b3) x 7 0x00000000
core   0: 0x80007fe8 (0x0273cc63) blt     t2, t2, pc + 56
core   0: 3 0x80007fe8 (0x0273cc63)
core   0: 0x80007fec (0x0002e463) bltu    t0, zero, pc + 8
core   0: 3 0x80007fec (0x0002e463)
core   0: 0x80007ff0 (0x01695033) srl     zero, s2, s6
core   0: 3 0x80007ff0 (0x01695033)
core   0: 0x80007ff4 (0x016e9c63) bne     t4, s6, pc + 24
core   0: 3 0x80007ff4 (0x016e9c63)
core   0: 0x8000800c (0x000014fd) c.addi  s1, -1
core   0: 3 0x8000800c (0x14fd) x 9 0xfffff871
core   0: 0x8000800e (0x00008d49) c.or    a0, a0
core   0: 3 0x8000800e (0x8d49) x10 0x09ead78d
core   0: 0x80008010 (0x01834b63) blt     t1, s8, pc + 22
core   0: 3 0x80008010 (0x01834b63)
core   0: 0x80008014 (0xb38cd497) auipc   s1, 0xb38cd
core   0: 3 0x80008014 (0xb38cd497) x 9 0x338d5014
core   0: 0x80008018 (0x01162a33) slt     s4, a2, a7
core   0: 3 0x80008018 (0x01162a33) x20 0x00000001
core   0: 0x8000801c (0x026b4b63) blt     s6, t1, pc + 54
core   0: 3 0x8000801c (0x026b4b63)
core   0: 0x80008052 (0x00008cf5) c.and   s1, a3
core   0: 3 0x80008052 (0x8cf5) x 9 0x338d5010
core   0: 0x80008054 (0x41d9da33) sra     s4, s3, t4
core   0: 3 0x80008054 (0x41d9da33) x20 0x80029ce4
core   0: 0x80008058 (0x000013fd) c.addi  t2, -1
core   0: 3 0x80008058 (0x13fd) x 7 0xffffffff
core   0: 0x8000805a (0x01a51e33) sll     t3, a0, s10
core   0: 3 0x8000805a (0x01a51e33) x28 0x09ead78d
core   0: 0x8000805e (0x0000100f) fence.i
core   0: 3 0x8000805e (0x0000100f)
core   0: 0x80008062 (0x80d7a613) slti    a2, a5, -2035
core   0: 3 0x80008062 (0x80d7a613) x12 0x00000001
core   0: 0x80008066 (0x02213733) mulhu   a4, sp, sp
core   0: 3 0x80008066 (0x02213733) x14 0x40029cea
core   0: 0x8000806a (0x00008289) c.srli  a3, 2
core   0: 3 0x8000806a (0x8289) x13 0x3ffffc34
core   0: 0x8000806c (0x03254933) div     s2, a0, s2
core   0: 3 0x8000806c (0x03254933) x18 0xffffffff
core   0: 0x80008070 (0x00f9c2b3) xor     t0, s3, a5
core   0: 3 0x80008070 (0x00f9c2b3) x 5 0x00000000
core   0: 0x80008074 (0x00008121) c.srli  a0, 8
core   0: 3 0x80008074 (0x8121) x10 0x0009ead7
core   0: 0x80008076 (0x00000680) c.addi4spn s0, sp, 832
core   0: 3 0x80008076 (0x0680) x 8 0x8002a024
core   0: 0x80008078 (0x0000094d) c.addi  s2, 19
core   0: 3 0x80008078 (0x094d) x18 0x00000012
core   0: 0x8000807a (0x4042d333) sra     t1, t0, tp
core   0: 3 0x8000807a (0x4042d333) x 6 0x00000000
core   0: 0x8000807e (0x03f2c463) blt     t0, t6, pc + 40
core   0: 3 0x8000807e (0x03f2c463)
core   0: 0x80008082 (0x41b9d233) sra     tp, s3, s11
core   0: 3 0x80008082 (0x41b9d233) x 4 0xc0014e72
core   0: 0x80008086 (0x01c83a33) sltu    s4, a6, t3
core   0: 3 0x80008086 (0x01c83a33) x20 0x00000001
core   0: 0x8000808a (0x037aae33) mulhsu  t3, s5, s7
core   0: 3 0x8000808a (0x037aae33) x28 0x00000000
core   0: 0x8000808e (0xb4629417) auipc   s0, 0xb4629
core   0: 3 0x8000808e (0xb4629417) x 8 0x3463108e
core   0: 0x80008092 (0x0124d933) srl     s2, s1, s2
core   0: 3 0x80008092 (0x0124d933) x18 0x00000ce3
core   0: 0x80008096 (0x03f230b3) mulhu   ra, tp, t6
core   0: 3 0x80008096 (0x03f230b3) x 1 0xc00148c8
core   0: 0x8000809a (0x03d44c33) div     s8, s0, t4
core   0: 3 0x8000809a (0x03d44c33) x24 0xffffffff
core   0: 0x8000809e (0x01f3b4b3) sltu    s1, t2, t6
core   0: 3 0x8000809e (0x01f3b4b3) x 9 0x00000000
core   0: 0x800080a2 (0x03d81033) mulh    zero, a6, t4
core   0: 3 0x800080a2 (0x03d81033)
core   0: 0x800080a6 (0x00008e15) c.sub   a2, a3
core   0: 3 0x800080a6 (0x8e15) x12 0xc00003cd
core   0: 0x800080a8 (0x0000043e) c.slli  s0, 15
core   0: 3 0x800080a8 (0x043e) x 8 0x88470000
core   0: 0x800080aa (0x0000098e) c.slli  s3, 3
core   0: 3 0x800080aa (0x098e) x19 0x0014e720
core   0: 0x800080ac (0x00008cc1) c.or    s1, s0
core   0: 3 0x800080ac (0x8cc1) x 9 0x88470000
core   0: 0x800080ae (0x3dd4f593) andi    a1, s1, 989
core   0: 3 0x800080ae (0x3dd4f593) x11 0x00000000
core   0: 0x800080b2 (0x02154933) div     s2, a0, ra
core   0: 3 0x800080b2 (0x02154933) x18 0x00000000
core   0: 0x800080b6 (0x0258b5b3) mulhu   a1, a7, t0
core   0: 3 0x800080b6 (0x0258b5b3) x11 0x00000000
core   0: 0x800080ba (0x009c7e33) and     t3, s8, s1
core   0: 3 0x800080ba (0x009c7e33) x28 0x88470000
core   0: 0x800080be (0x03e84533) div     a0, a6, t5
core   0: 3 0x800080be (0x03e84533) x10 0x00000000
core   0: 0x800080c2 (0x03bd45b3) div     a1, s10, s11
core   0: 3 0x800080c2 (0x03bd45b3) x11 0x00000000
core   0: 0x800080c6 (0x0195ab33) slt     s6, a1, s9
core   0: 3 0x800080c6 (0x0195ab33) x22 0x00000000
core   0: 0x800080ca (0x0ff0000f) fence   iorw,iorw
core   0: 3 0x800080ca (0x0ff0000f)
core   0: 0x800080ce (0x01335593) srli    a1, t1, 19
core   0: 3 0x800080ce (0x01335593) x11 0x00000000
core   0: 0x800080d2 (0x0059dd63) bge     s3, t0, pc + 26
core   0: 3 0x800080d2 (0x0059dd63)
core   0: 0x800080ec (0x00d7f833) and     a6, a5, a3
core   0: 3 0x800080ec (0x00d7f833) x16 0x00029c24
core   0: 0x800080f0 (0xe455f217) auipc   tp, 0xe455f
core   0: 3 0x800080f0 (0xe455f217) x 4 0x645670f0
core   0: 0x800080f4 (0x5a906713) ori     a4, zero, 1449
core   0: 3 0x800080f4 (0x5a906713) x14 0x000005a9
core   0: 0x800080f8 (0x00008dc1) c.or    a1, s0
core   0: 3 0x800080f8 (0x8dc1) x11 0x88470000
core   0: 0x800080fa (0x00008d4d) c.or    a0, a1
core   0: 3 0x800080fa (0x8d4d) x10 0x88470000
core   0: 0x800080fc (0x00008c4d) c.or    s0, a1
core   0: 3 0x800080fc (0x8c4d) x 8 0x88470000
core   0: 0x800080fe (0x009aa4b3) slt     s1, s5, s1
core   0: 3 0x800080fe (0x009aa4b3) x 9 0x00000001
core   0: 0x80008102 (0x03555a63) bge     a0, s5, pc + 52
core   0: 3 0x80008102 (0x03555a63)
core   0: 0x80008136 (0x07769363) bne     a3, s7, pc + 102
core   0: 3 0x80008136 (0x07769363)
core   0: 0x8000819c (0x00009d86) c.add   s11, ra
core   0: 3 0x8000819c (0x9d86) x27 0xc00148c9
core   0: 0x8000819e (0x0000055d) c.addi  a0, 23
core   0: 3 0x8000819e (0x055d) x10 0x88470017
core   0: 0x800081a0 (0x00006159) c.addi16sp sp, 400
core   0: 3 0x800081a0 (0x6159) x 2 0x80029e74
core   0: 0x800081a2 (0x00009342) c.add   t1, a6
core   0: 3 0x800081a2 (0x9342) x 6 0x00029c24
core   0: 0x800081a4 (0x00012417) auipc   s0, 0x12
core   0: 3 0x800081a4 (0x00012417) x 8 0x8001a1a4
core   0: 0x800081a8 (0xfff40413) addi    s0, s0, -1
core   0: 3 0x800081a8 (0xfff40413) x 8 0x8001a1a3
core   0: 0x800081ac (0x012412a3) sh      s2, 5(s0)
core   0: 3 0x800081ac (0x012412a3) mem 0x8001a1a8 0x0000
core   0: 0x800081b0 (0x00008817) auipc   a6, 0x8
core   0: 3 0x800081b0 (0x00008817) x16 0x800101b0
core   0: 0x800081b4 (0x11580813) addi    a6, a6, 277
core   0: 3 0x800081b4 (0x11580813) x16 0x800102c5
core   0: 0x800081b8 (0xff644a03) lbu     s4, -10(s0)
core   0: 3 0x800081b8 (0xff644a03) x20 0x00000006 mem 0x8001a199
core   0: 0x800081bc (0xffc44483) lbu     s1, -4(s0)
core   0: 3 0x800081bc (0xffc44483) x 9 0x000000d3 mem 0x8001a19f
core   0: 0x800081c0 (0xfc080083) lb      ra, -64(a6)
core   0: 3 0x800081c0 (0xfc080083) x 1 0xffffffff mem 0x80010285
core   0: 0x800081c4 (0xff2419a3) sh      s2, -13(s0)
core   0: 3 0x800081c4 (0xff2419a3) mem 0x8001a196 0x0000
core   0: 0x800081c8 (0xfa884c03) lbu     s8, -88(a6)
core   0: 3 0x800081c8 (0xfa884c03) x24 0x000000cb mem 0x8001026d
core   0: 0x800081cc (0xffe44b03) lbu     s6, -2(s0)
core   0: 3 0x800081cc (0xffe44b03) x22 0x00000055 mem 0x8001a1a1
core   0: 0x800081d0 (0xffc40003) lb      zero, -4(s0)
core   0: 3 0x800081d0 (0xffc40003) mem 0x8001a19f
core   0: 0x800081d4 (0xf2a80923) sb      a0, -206(a6)
core   0: 3 0x800081d4 (0xf2a80923) mem 0x800101f7 0x17
core   0: 0x800081d8 (0xff745d83) lhu     s11, -9(s0)
core   0: 3 0x800081d8 (0xff745d83) x27 0x0000751c mem 0x8001a19a
core   0: 0x800081dc (0xffc40b03) lb      s6, -4(s0)
core   0: 3 0x800081dc (0xffc40b03) x22 0xffffffd3 mem 0x8001a19f
core   0: 0x800081e0 (0x06884b83) lbu     s7, 104(a6)
core   0: 3 0x800081e0 (0x06884b83) x23 0x000000c8 mem 0x8001032d
core   0: 0x800081e4 (0xffa40603) lb      a2, -6(s0)
core   0: 3 0x800081e4 (0xffa40603) x12 0x00000005 mem 0x8001a19d
core   0: 0x800081e8 (0xfc084303) lbu     t1, -64(a6)
core   0: 3 0x800081e8 (0xfc084303) x 6 0x000000ff mem 0x80010285
core   0: 0x800081ec (0x4055d913) srai    s2, a1, 5
core   0: 3 0x800081ec (0x4055d913) x18 0xfc423800
core   0: 0x800081f0 (0x05a66163) bltu    a2, s10, pc + 66
core   0: 3 0x800081f0 (0x05a66163)
core   0: 0x800081f4 (0x02265063) bge     a2, sp, pc + 32
core   0: 3 0x800081f4 (0x02265063)
core   0: 0x80008214 (0x022fa9b3) mulhsu  s3, t6, sp
core   0: 3 0x80008214 (0x022fa9b3) x19 0xfffffc39
core   0: 0x80008218 (0x01131733) sll     a4, t1, a7
core   0: 3 0x80008218 (0x01131733) x14 0x000000ff
core   0: 0x8000821c (0x3df33393) sltiu   t2, t1, 991
core   0: 3 0x8000821c (0x3df33393) x 7 0x00000001
core   0: 0x80008220 (0x1232ad93) slti    s11, t0, 291
core   0: 3 0x80008220 (0x1232ad93) x27 0x00000001
core   0: 0x80008224 (0x018e6033) or      zero, t3, s8
core   0: 3 0x80008224 (0x018e6033)
core   0: 0x80008228 (0x036a5933) divu    s2, s4, s6
core   0: 3 0x80008228 (0x036a5933) x18 0x00000000
core   0: 0x8000822c (0x00008f05) c.sub   a4, s1
core   0: 3 0x8000822c (0x8f05) x14 0x0000002c
core   0: 0x8000822e (0x01e74c63) blt     a4, t5, pc + 24
core   0: 3 0x8000822e (0x01e74c63)
core   0: 0x80008246 (0x01b3f4b3) and     s1, t2, s11
core   0: 3 0x80008246 (0x01b3f4b3) x 9 0x00000001
core   0: 0x8000824a (0x02dbfa33) remu    s4, s7, a3
core   0: 3 0x8000824a (0x02dbfa33) x20 0x000000c8
core   0: 0x8000824e (0x005cb833) sltu    a6, s9, t0
core   0: 3 0x8000824e (0x005cb833) x16 0x00000000
core   0: 0x80008252 (0x03bf70b3) remu    ra, t5, s11
core   0: 3 0x80008252 (0x03bf70b3) x 1 0x00000000
core   0: 0x80008256 (0x02437863) bgeu    t1, tp, pc + 48
core   0: 3 0x80008256 (0x02437863)
core   0: 0x8000825a (0x0000100f) fence.i
core   0: 3 0x8000825a (0x0000100f)
core   0: 0x8000825e (0x01eda9b3) slt     s3, s11, t5
core   0: 3 0x8000825e (0x01eda9b3) x19 0x00000001
core   0: 0x80008262 (0x410a89b3) sub     s3, s5, a6
core   0: 3 0x80008262 (0x410a89b3) x19 0x80025e64
core   0: 0x80008266 (0x00005ffd) c.li    t6, -1
core   0: 3 0x80008266 (0x5ffd) x31 0xffffffff
core   0: 0x80008268 (0x000086c9) c.srai  a3, 18
core   0: 3 0x80008268 (0x86c9) x13 0x00000fff
core   0: 0x8000826a (0x00cbd263) bge     s7, a2, pc + 4
core   0: 3 0x8000826a (0x00cbd263)
core   0: 0x8000826e (0x02527363) bgeu    tp, t0, pc + 38
core   0: 3 0x8000826e (0x02527363)
core   0: 0x80008294 (0x00006dcd) c.lui   s11, 0x13
core   0: 3 0x80008294 (0x6dcd) x27 0x00013000
core   0: 0x80008296 (0xf14c3e93) sltiu   t4, s8, -236
core   0: 3 0x80008296 (0xf14c3e93) x29 0x00000001
core   0: 0x8000829a (0x0000858a) c.mv    a1, sp
core   0: 3 0x8000829a (0x858a) x11 0x80029e74
core   0: 0x8000829c (0x003e7763) bgeu    t3, gp, pc + 14
core   0: 3 0x8000829c (0x003e7763)
core   0: 0x800082aa (0x01ed6c63) bltu    s10, t5, pc + 24
core   0: 3 0x800082aa (0x01ed6c63)
core   0: 0x800082c2 (0x0bef4d63) blt     t5, t5, pc + 186
core   0: 3 0x800082c2 (0x0bef4d63)
core   0: 0x800082c6 (0x0159d833) srl     a6, s3, s5
core   0: 3 0x800082c6 (0x0159d833) x16 0x080025e6
core   0: 0x800082ca (0x027cc263) blt     s9, t2, pc + 36
core   0: 3 0x800082ca (0x027cc263)
core   0: 0x800082ee (0x000082d1) c.srli  a3, 20
core   0: 3 0x800082ee (0x82d1) x13 0x00000000
core   0: 0x800082f0 (0x00009297) auipc   t0, 0x9
core   0: 3 0x800082f0 (0x00009297) x 5 0x800112f0
core   0: 0x800082f4 (0xd7d28293) addi    t0, t0, -643
core   0: 3 0x800082f4 (0xd7d28293) x 5 0x8001106d
core   0: 0x800082f8 (0x0000fc97) auipc   s9, 0xf
core   0: 3 0x800082f8 (0x0000fc97) x25 0x800172f8
core   0: 0x800082fc (0xea5c8c93) addi    s9, s9, -347
core   0: 3 0x800082fc (0xea5c8c93) x25 0x8001719d
core   0: 0x80008300 (0x07e28d03) lb      s10, 126(t0)
core   0: 3 0x80008300 (0x07e28d03) x26 0x00000006 mem 0x800110eb
core   0: 0x80008304 (0x00011f97) auipc   t6, 0x11
core   0: 3 0x80008304 (0x00011f97) x31 0x80019304
core   0: 0x80008308 (0x55cf8f93) addi    t6, t6, 1372
core   0: 3 0x80008308 (0x55cf8f93) x31 0x80019860
core   0: 0x8000830c (0xf07fc583) lbu     a1, -249(t6)
core   0: 3 0x8000830c (0xf07fc583) x11 0x00000098 mem 0x80019767
core   0: 0x80008310 (0xf91fc803) lbu     a6, -111(t6)
core   0: 3 0x80008310 (0xf91fc803) x16 0x00000011 mem 0x800197f1
core   0: 0x80008314 (0x008c8b83) lb      s7, 8(s9)
core   0: 3 0x80008314 (0x008c8b83) x23 0x0000000b mem 0x800171a5
core   0: 0x80008318 (0xfee2aba3) sw      a4, -9(t0)
core   0: 3 0x80008318 (0xfee2aba3) mem 0x80011064 0x0000002c
core   0: 0x8000831c (0xf7dca3a3) sw      t4, -153(s9)
core   0: 3 0x8000831c (0xf7dca3a3) mem 0x80017104 0x00000001
core   0: 0x80008320 (0xf0bfcb83) lbu     s7, -245(t6)
core   0: 3 0x80008320 (0xf0bfcb83) x23 0x0000001a mem 0x8001976b
core   0: 0x80008324 (0x0f228e03) lb      t3, 242(t0)
core   0: 3 0x80008324 (0x0f228e03) x28 0xffffffc9 mem 0x8001115f
core   0: 0x80008328 (0xf00fdd03) lhu     s10, -256(t6)
core   0: 3 0x80008328 (0xf00fdd03) x26 0x0000cdc2 mem 0x80019760
core   0: 0x8000832c (0x00a2ca03) lbu     s4, 10(t0)
core   0: 3 0x8000832c (0x00a2ca03) x20 0x00000092 mem 0x80011077
core   0: 0x80008330 (0x01cc8403) lb      s0, 28(s9)
core   0: 3 0x80008330 (0x01cc8403) x 8 0xfffffff5 mem 0x800171b9
core   0: 0x80008334 (0xf9df8523) sb      t4, -118(t6)
core   0: 3 0x80008334 (0xf9df8523) mem 0x800197ea 0x1
core   0: 0x80008338 (0x0ca28d83) lb      s11, 202(t0)
core   0: 3 0x80008338 (0x0ca28d83) x27 0x00000078 mem 0x80011137
core   0: 0x8000833c (0x084c8083) lb      ra, 132(s9)
core   0: 3 0x8000833c (0x084c8083) x 1 0xffffffed mem 0x80017221
core   0: 0x80008340 (0xfb2f8583) lb      a1, -78(t6)
core   0: 3 0x80008340 (0xfb2f8583) x11 0xffffff9c mem 0x80019812
core   0: 0x80008344 (0x0b9c8ea3) sb      s9, 189(s9)
core   0: 3 0x80008344 (0x0b9c8ea3) mem 0x8001725a 0x9d
core   0: 0x80008348 (0x0fd29e03) lh      t3, 253(t0)
core   0: 3 0x80008348 (0x0fd29e03) x28 0xffffabec mem 0x8001116a
core   0: 0x8000834c (0xf62c8b83) lb      s7, -158(s9)
core   0: 3 0x8000834c (0xf62c8b83) x23 0xffffff90 mem 0x800170ff
core   0: 0x80008350 (0xf1ff85a3) sb      t6, -245(t6)
core   0: 3 0x80008350 (0xf1ff85a3) mem 0x8001976b 0x60
core   0: 0x80008354 (0xf0bc9983) lh      s3, -245(s9)
core   0: 3 0x80008354 (0xf0bc9983) x19 0x0000398d mem 0x800170a8
core   0: 0x80008358 (0xff1286a3) sb      a7, -19(t0)
core   0: 3 0x80008358 (0xff1286a3) mem 0x8001105a 0x0
core   0: 0x8000835c (0x07c28723) sb      t3, 110(t0)
core   0: 3 0x8000835c (0x07c28723) mem 0x800110db 0xec
core   0: 0x80008360 (0xf81c9f03) lh      t5, -127(s9)
core   0: 3 0x80008360 (0xf81c9f03) x30 0x00003d99 mem 0x8001711e
core   0: 0x80008364 (0x0affc503) lbu     a0, 175(t6)
core   0: 3 0x80008364 (0x0affc503) x10 0x0000009e mem 0x8001990f
core   0: 0x80008368 (0x05df89a3) sb      t4, 83(t6)
core   0: 3 0x80008368 (0x05df89a3) mem 0x800198b3 0x1
core   0: 0x8000836c (0x085f84a3) sb      t0, 137(t6)
core   0: 3 0x8000836c (0x085f84a3) mem 0x800198e9 0x6d
core   0: 0x80008370 (0x0000866d) c.srai  a2, 27
core   0: 3 0x80008370 (0x866d) x12 0x00000000
core   0: 0x80008372 (0x000084f5) c.srai  s1, 29
core   0: 3 0x80008372 (0x84f5) x 9 0x00000000
core   0: 0x80008374 (0x00000001) c.nop
core   0: 3 0x80008374 (0x0001)
core   0: 0x80008376 (0x00004ded) c.li    s11, 27
core   0: 3 0x80008376 (0x4ded) x27 0x0000001b
core   0: 0x80008378 (0x48713f93) sltiu   t6, sp, 1159
core   0: 3 0x80008378 (0x48713f93) x31 0x00000000
core   0: 0x8000837c (0x039eeb33) rem     s6, t4, s9
core   0: 3 0x8000837c (0x039eeb33) x22 0x00000001
core   0: 0x80008380 (0x00008259) c.srli  a2, 22
core   0: 3 0x80008380 (0x8259) x12 0x00000000
core   0: 0x80008382 (0x00146833) or      a6, s0, ra
core   0: 3 0x80008382 (0x00146833) x16 0xfffffffd
core   0: 0x80008386 (0x000069e1) c.lui   s3, 0x18
core   0: 3 0x80008386 (0x69e1) x19 0x00018000
core   0: 0x80008388 (0x00479e63) bne     a5, tp, pc + 28
core   0: 3 0x80008388 (0x00479e63)
core   0: 0x800083a4 (0x0000100f) fence.i
core   0: 3 0x800083a4 (0x0000100f)
core   0: 0x800083a8 (0x0000997d) c.andi  a0, -1
core   0: 3 0x800083a8 (0x997d) x10 0x0000009e
core   0: 0x800083aa (0x0000ca9d) c.beqz  a3, pc + 54
core   0: 3 0x800083aa (0xca9d)
core   0: 0x800083e0 (0x00000001) c.nop
core   0: 3 0x800083e0 (0x0001)
core   0: 0x800083e2 (0x00008729) c.srai  a4, 10
core   0: 3 0x800083e2 (0x8729) x14 0x00000000
core   0: 0x800083e4 (0xee537693) andi    a3, t1, -283
core   0: 3 0x800083e4 (0xee537693) x13 0x000000e5
core   0: 0x800083e8 (0x01a86463) bltu    a6, s10, pc + 8
core   0: 3 0x800083e8 (0x01a86463)
core   0: 0x800083ec (0x014dd5b3) srl     a1, s11, s4
core   0: 3 0x800083ec (0x014dd5b3) x11 0x00000000
core   0: 0x800083f0 (0x00000001) c.nop
core   0: 3 0x800083f0 (0x0001)
core   0: 0x800083f2 (0x00008a21) c.andi  a2, 8
core   0: 3 0x800083f2 (0x8a21) x12 0x00000000
core   0: 0x800083f4 (0xbfa73293) sltiu   t0, a4, -1030
core   0: 3 0x800083f4 (0xbfa73293) x 5 0x00000001
core   0: 0x800083f8 (0x414bd6b3) sra     a3, s7, s4
core   0: 3 0x800083f8 (0x414bd6b3) x13 0xffffffff
core   0: 0x800083fc (0x40905cb3) sra     s9, zero, s1
core   0: 3 0x800083fc (0x40905cb3) x25 0x00000000
core   0: 0x80008400 (0x0000527d) c.li    tp, -1
core   0: 3 0x80008400 (0x527d) x 4 0xffffffff
core   0: 0x80008402 (0x67448213) addi    tp, s1, 1652
core   0: 3 0x80008402 (0x67448213) x 4 0x00000674
core   0: 0x80008406 (0xba3f6d13) ori     s10, t5, -1117
core   0: 3 0x80008406 (0xba3f6d13) x26 0xffffffbb
core   0: 0x8000840a (0x0000100f) fence.i
core   0: 3 0x8000840a (0x0000100f)
core   0: 0x8000840e (0xd6977c13) andi    s8, a4, -663
core   0: 3 0x8000840e (0xd6977c13) x24 0x00000000
core   0: 0x80008412 (0x0316ddb3) divu    s11, a3, a7
core   0: 3 0x80008412 (0x0316ddb3) x27 0xffffffff
core   0: 0x80008416 (0x00008f75) c.and   a4, a3
core   0: 3 0x80008416 (0x8f75) x14 0x00000000
core   0: 0x80008418 (0x01191b63) bne     s2, a7, pc + 22
core   0: 3 0x80008418 (0x01191b63)
core   0: 0x8000841c (0x00001694) c.addi4spn a3, sp, 864
core   0: 3 0x8000841c (0x1694) x13 0x8002a1d4
core   0: 0x8000841e (0x0000100f) fence.i
core   0: 3 0x8000841e (0x0000100f)
core   0: 0x80008422 (0x4093da13) srai    s4, t2, 9
core   0: 3 0x80008422 (0x4093da13) x20 0x00000000
core   0: 0x80008426 (0x0000ef19) c.bnez  a4, pc + 30
core   0: 3 0x80008426 (0xef19)
core   0: 0x80008428 (0x0000074a) c.slli  a4, 18
core   0: 3 0x80008428 (0x074a) x14 0x00000000
core   0: 0x8000842a (0x00000b7e) c.slli  s6, 31
core   0: 3 0x8000842a (0x0b7e) x22 0x80000000
core   0: 0x8000842c (0x00006529) c.lui   a0, 0xa
core   0: 3 0x8000842c (0x6529) x10 0x0000a000
core   0: 0x8000842e (0x00008ce5) c.and   s1, s1
core   0: 3 0x8000842e (0x8ce5) x 9 0x00000000
core   0: 0x80008430 (0x3c80dd17) auipc   s10, 0x3c80d
core   0: 3 0x80008430 (0x3c80dd17) x26 0xbc815430
core   0: 0x80008434 (0x00008de1) c.and   a1, s0
core   0: 3 0x80008434 (0x8de1) x11 0x00000000
core   0: 0x80008436 (0x013f5333) srl     t1, t5, s3
core   0: 3 0x80008436 (0x013f5333) x 6 0x00003d99
core   0: 0x8000843a (0x6b8b3613) sltiu   a2, s6, 1720
core   0: 3 0x8000843a (0x6b8b3613) x12 0x00000000
core   0: 0x8000843e (0x00008f6d) c.and   a4, a1
core   0: 3 0x8000843e (0x8f6d) x14 0x00000000
core   0: 0x80008440 (0x41670d33) sub     s10, a4, s6
core   0: 3 0x80008440 (0x41670d33) x26 0x80000000
core   0: 0x80008444 (0x0ff0000f) fence   iorw,iorw
core   0: 3 0x80008444 (0x0ff0000f)
core   0: 0x80008448 (0x0000e599) c.bnez  a1, pc + 14
core   0: 3 0x80008448 (0xe599)
core   0: 0x8000844a (0x03faafb3) mulhsu  t6, s5, t6
core   0: 3 0x8000844a (0x03faafb3) x31 0x00000000
core   0: 0x8000844e (0x02f06f33) rem     t5, zero, a5
core   0: 3 0x8000844e (0x02f06f33) x30 0x00000000
core   0: 0x80008452 (0x01619eb3) sll     t4, gp, s6
core   0: 3 0x80008452 (0x01619eb3) x29 0x000007b5
core   0: 0x80008456 (0x00fc9913) slli    s2, s9, 15
core   0: 3 0x80008456 (0x00fc9913) x18 0x00000000
core   0: 0x8000845a (0x02ddb2b3) mulhu   t0, s11, a3
core   0: 3 0x8000845a (0x02ddb2b3) x 5 0x8002a1d3
core   0: 0x8000845e (0x0000cc09) c.beqz  s0, pc + 26
core   0: 3 0x8000845e (0xcc09)
core   0: 0x80008460 (0x7be17293) andi    t0, sp, 1982
core   0: 3 0x80008460 (0x7be17293) x 5 0x00000634
core   0: 0x80008464 (0x401adfb3) sra     t6, s5, ra
core   0: 3 0x80008464 (0x401adfb3) x31 0xfffc0012
core   0: 0x80008468 (0x0000ec01) c.bnez  s0, pc + 24
core   0: 3 0x80008468 (0xec01)
core   0: 0x80008480 (0x00008de9) c.and   a1, a0
core   0: 3 0x80008480 (0x8de9) x11 0x00000000
core   0: 0x80008482 (0x030775b3) remu    a1, a4, a6
core   0: 3 0x80008482 (0x030775b3) x11 0x00000000
core   0: 0x80008486 (0x9bc6ce17) auipc   t3, 0x9bc6c
core   0: 3 0x80008486 (0x9bc6ce17) x28 0x1bc74486
core   0: 0x8000848a (0x00008339) c.srli  a4, 14
core   0: 3 0x8000848a (0x8339) x14 0x00000000
core   0: 0x8000848c (0x0086aeb3) slt     t4, a3, s0
core   0: 3 0x8000848c (0x0086aeb3) x29 0x00000001
core   0: 0x80008490 (0x00008f49) c.or    a4, a0
core   0: 3 0x80008490 (0x8f49) x14 0x0000a000
core   0: 0x80008492 (0x000086c5) c.srai  a3, 17
core   0: 3 0x80008492 (0x86c5) x13 0xffffc001
core   0: 0x80008494 (0x03e39fb3) mulh    t6, t2, t5
core   0: 3 0x80008494 (0x03e39fb3) x31 0x00000000
core   0: 0x80008498 (0x03af3133) mulhu   sp, t5, s10
core   0: 3 0x80008498 (0x03af3133) x 2 0x00000000
core   0: 0x8000849c (0x0000158c) c.addi4spn a1, sp, 736
core   0: 3 0x8000849c (0x158c) x11 0x000002e0
core   0: 0x8000849e (0x0313c233) div     tp, t2, a7
core   0: 3 0x8000849e (0x0313c233) x 4 0xffffffff
core   0: 0x800084a2 (0x03bd54b3) divu    s1, s10, s11
core   0: 3 0x800084a2 (0x03bd54b3) x 9 0x00000000
core   0: 0x800084a6 (0x06f67b63) bgeu    a2, a5, pc + 118
core   0: 3 0x800084a6 (0x06f67b63)
core   0: 0x800084aa (0x3c257e93) andi    t4, a0, 962
core   0: 3 0x800084aa (0x3c257e93) x29 0x00000000
core   0: 0x800084ae (0xbd322593) slti    a1, tp, -1069
core   0: 3 0x800084ae (0xbd322593) x11 0x00000000
core   0: 0x800084b2 (0x00008dd5) c.or    a1, a3
core   0: 3 0x800084b2 (0x8dd5) x11 0xffffc001
core   0: 0x800084b4 (0x02323eb3) mulhu   t4, tp, gp
core   0: 3 0x800084b4 (0x02323eb3) x29 0x000007b4
core   0: 0x800084b8 (0xffe00593) li      a1, -2
core   0: 3 0x800084b8 (0xffe00593) x11 0xfffffffe
core   0: 0x800084bc (0x00000001) c.nop
core   0: 3 0x800084bc (0x0001)
core   0: 0x800084be (0x00000cc6) c.slli  s9, 17
core   0: 3 0x800084be (0x0cc6) x25 0x00000000
core   0: 0x800084c0 (0x02cdd1b3) divu    gp, s11, a2
core   0: 3 0x800084c0 (0x02cdd1b3) x 3 0xffffffff
core   0: 0x800084c4 (0x96ba8913) addi    s2, s5, -1685
core   0: 3 0x800084c4 (0x96ba8913) x18 0x800257cf
core   0: 0x800084c8 (0x00300313) li      t1, 3
core   0: 3 0x800084c8 (0x00300313) x 6 0x00000003
core   0: 0x800084cc (0x00008d39) c.xor   a0, a4
core   0: 3 0x800084cc (0x8d39) x10 0x00000000
core   0: 0x800084ce (0x00004e79) c.li    t3, 30
core   0: 3 0x800084ce (0x4e79) x28 0x0000001e
core   0: 0x800084d0 (0x03f781b3) mul     gp, a5, t6
core   0: 3 0x800084d0 (0x03f781b3) x 3 0x00000000
core   0: 0x800084d4 (0x019db133) sltu    sp, s11, s9
core   0: 3 0x800084d4 (0x019db133) x 2 0x00000000
core   0: 0x800084d8 (0x0000895e) c.mv    s2, s7
core   0: 3 0x800084d8 (0x895e) x18 0xffffff90
core   0: 0x800084da (0x00006d59) c.lui   s10, 0x16
core   0: 3 0x800084da (0x6d59) x26 0x00016000
core   0: 0x800084dc (0x0000059d) c.addi  a1, 7
core   0: 3 0x800084dc (0x059d) x11 0x00000005
core   0: 0x800084de (0x00b6f133) and     sp, a3, a1
core   0: 3 0x800084de (0x00b6f133) x 2 0x00000001
core   0: 0x800084e2 (0xffc00393) li      t2, -4
core   0: 3 0x800084e2 (0xffc00393) x 7 0xfffffffc
core   0: 0x800084e6 (0x00200713) li      a4, 2
core   0: 3 0x800084e6 (0x00200713) x14 0x00000002
core   0: 0x800084ea (0x00e93433) sltu    s0, s2, a4
core   0: 3 0x800084ea (0x00e93433) x 8 0x00000000
core   0: 0x800084ee (0x027e44b3) div     s1, t3, t2
core   0: 3 0x800084ee (0x027e44b3) x 9 0xfffffff9
core   0: 0x800084f2 (0x00008c4d) c.or    s0, a1
core   0: 3 0x800084f2 (0x8c4d) x 8 0x00000005
core   0: 0x800084f4 (0x000003a9) c.addi  t2, 10
core   0: 3 0x800084f4 (0x03a9) x 7 0x00000006
core   0: 0x800084f6 (0xfee3ece3) bltu    t2, a4, pc - 8
core   0: 3 0x800084f6 (0xfee3ece3)
core   0: 0x800084fa (0xfc65cde3) blt     a1, t1, pc - 38
core   0: 3 0x800084fa (0xfc65cde3)
core   0: 0x800084fe (0x00005a7d) c.li    s4, -1
core   0: 3 0x800084fe (0x5a7d) x20 0xffffffff
core   0: 0x80008500 (0x00008c7d) c.and   s0, a5
core   0: 3 0x80008500 (0x8c7d) x 8 0x00000004
core   0: 0x80008502 (0x41c3d493) srai    s1, t2, 28
core   0: 3 0x80008502 (0x41c3d493) x 9 0x00000000
core   0: 0x80008506 (0x005296b3) sll     a3, t0, t0
core   0: 3 0x80008506 (0x005296b3) x13 0x63400000
core   0: 0x8000850a (0x022ddd63) bge     s11, sp, pc + 58
core   0: 3 0x8000850a (0x022ddd63)
core   0: 0x8000850e (0x00008f0d) c.sub   a4, a1
core   0: 3 0x8000850e (0x8f0d) x14 0xfffffffd
core   0: 0x80008510 (0x00bb5913) srli    s2, s6, 11
core   0: 3 0x80008510 (0x00bb5913) x18 0x00100000
core   0: 0x80008514 (0x03e5d3b3) divu    t2, a1, t5
core   0: 3 0x80008514 (0x03e5d3b3) x 7 0xffffffff
core   0: 0x80008518 (0x039d0233) mul     tp, s10, s9
core   0: 3 0x80008518 (0x039d0233) x 4 0x00000000
core   0: 0x8000851c (0x000012fd) c.addi  t0, -1
core   0: 3 0x8000851c (0x12fd) x 5 0x00000633
core   0: 0x8000851e (0x00000498) c.addi4spn a4, sp, 576
core   0: 3 0x8000851e (0x0498) x14 0x00000241
core   0: 0x80008520 (0x016e70b3) and     ra, t3, s6
core   0: 3 0x80008520 (0x016e70b3) x 1 0x00000000
core   0: 0x80008524 (0x001fa5b3) slt     a1, t6, ra
core   0: 3 0x80008524 (0x001fa5b3) x11 0x00000000
core   0: 0x80008528 (0x014df863) bgeu    s11, s4, pc + 16
core   0: 3 0x80008528 (0x014df863)
core   0: 0x80008538 (0x0000100f) fence.i
core   0: 3 0x80008538 (0x0000100f)
core   0: 0x8000853c (0x011fe963) bltu    t6, a7, pc + 18
core   0: 3 0x8000853c (0x011fe963)
core   0: 0x80008540 (0x0000e695) c.bnez  a3, pc + 44
core   0: 3 0x80008540 (0xe695)
core   0: 0x8000856c (0x00008dad) c.xor   a1, a1
core   0: 3 0x8000856c (0x8dad) x11 0x00000000
core   0: 0x8000856e (0x6d273817) auipc   a6, 0x6d273
core   0: 3 0x8000856e (0x6d273817) x16 0xed27b56e
core   0: 0x80008572 (0x00000b0e) c.slli  s6, 3
core   0: 3 0x80008572 (0x0b0e) x22 0x00000000
core   0: 0x80008574 (0xd502ef93) ori     t6, t0, -688
core   0: 3 0x80008574 (0xd502ef93) x31 0xffffff73
core   0: 0x80008578 (0xb9528b93) addi    s7, t0, -1131
core   0: 3 0x80008578 (0xb9528b93) x23 0x000001c8
core   0: 0x8000857c (0x03083c33) mulhu   s8, a6, a6
core   0: 3 0x8000857c (0x03083c33) x24 0xdbb28c16
core   0: 0x80008580 (0x8c687c13) andi    s8, a6, -1850
core   0: 3 0x80008580 (0x8c687c13) x24 0xed27b046
core   0: 0x80008584 (0x034da5b3) mulhsu  a1, s11, s4
core   0: 3 0x80008584 (0x034da5b3) x11 0xffffffff
core   0: 0x80008588 (0x87e1c0b7) lui     ra, 0x87e1c
core   0: 3 0x80008588 (0x87e1c0b7) x 1 0x87e1c000
core   0: 0x8000858c (0x01414463) blt     sp, s4, pc + 8
core   0: 3 0x8000858c (0x01414463)
core   0: 0x80008590 (0x5b264f13) xori    t5, a2, 1458
core   0: 3 0x80008590 (0x5b264f13) x30 0x000005b2
core   0: 0x80008594 (0x00008161) c.srli  a0, 24
core   0: 3 0x80008594 (0x8161) x10 0x00000000
core   0: 0x80008596 (0x040c8063) beqz    s9, pc + 64
core   0: 3 0x80008596 (0x040c8063)
core   0: 0x800085d6 (0x00000001) c.nop
core   0: 3 0x800085d6 (0x0001)
core   0: 0x800085d8 (0x0000836d) c.srli  a4, 27
core   0: 3 0x800085d8 (0x836d) x14 0x00000000
core   0: 0x800085da (0x03375eb3) divu    t4, a4, s3
core   0: 3 0x800085da (0x03375eb3) x29 0x00000000
core   0: 0x800085de (0x003b2c33) slt     s8, s6, gp
core   0: 3 0x800085de (0x003b2c33) x24 0x00000000
core   0: 0x800085e2 (0x00000001) c.nop
core   0: 3 0x800085e2 (0x0001)
core   0: 0x800085e4 (0x0370b6b3) mulhu   a3, ra, s7
core   0: 3 0x800085e4 (0x0370b6b3) x13 0x000000f2
core   0: 0x800085e8 (0x000085fd) c.srai  a1, 31
core   0: 3 0x800085e8 (0x85fd) x11 0xffffffff
core   0: 0x800085ea (0x00599593) slli    a1, s3, 5
core   0: 3 0x800085ea (0x00599593) x11 0x00300000
core   0: 0x800085ee (0x000001a2) c.slli  gp, 8
core   0: 3 0x800085ee (0x01a2) x 3 0x00000000
core   0: 0x800085f0 (0x0017de33) srl     t3, a5, ra
core   0: 3 0x800085f0 (0x0017de33) x28 0x80029ce4
core   0: 0x800085f4 (0x034e6133) rem     sp, t3, s4
core   0: 3 0x800085f4 (0x034e6133) x 2 0x00000000
core   0: 0x800085f8 (0x00008cb9) c.xor   s1, a4
core   0: 3 0x800085f8 (0x8cb9) x 9 0x00000000
core   0: 0x800085fa (0x034366b3) rem     a3, t1, s4
core   0: 3 0x800085fa (0x034366b3) x13 0x00000000
core   0: 0x800085fe (0x00683233) sltu    tp, a6, t1
core   0: 3 0x800085fe (0x00683233) x 4 0x00000000
core   0: 0x80008602 (0x03b8f863) bgeu    a7, s11, pc + 48
core   0: 3 0x80008602 (0x03b8f863)
core   0: 0x80008606 (0x01e91a33) sll     s4, s2, t5
core   0: 3 0x80008606 (0x01e91a33) x20 0x00000000
core   0: 0x8000860a (0x00008da5) c.xor   a1, s1
core   0: 3 0x8000860a (0x8da5) x11 0x00300000
core   0: 0x8000860c (0x0138e263) bltu    a7, s3, pc + 4
core   0: 3 0x8000860c (0x0138e263)
core   0: 0x80008610 (0x00008e4e) c.mv    t3, s3
core   0: 3 0x80008610 (0x8e4e) x28 0x00018000
core   0: 0x80008612 (0x000081d9) c.srli  a1, 22
core   0: 3 0x80008612 (0x81d9) x11 0x00000000
core   0: 0x80008614 (0x00008759) c.srai  a4, 22
core   0: 3 0x80008614 (0x8759) x14 0x00000000
core   0: 0x80008616 (0x41085fb3) sra     t6, a6, a6
core   0: 3 0x80008616 (0x41085fb3) x31 0xffffb49e
core   0: 0x8000861a (0x417a5333) sra     t1, s4, s7
core   0: 3 0x8000861a (0x417a5333) x 6 0x00000000
core   0: 0x8000861e (0x00000155) c.addi  sp, 21
core   0: 3 0x8000861e (0x0155) x 2 0x00000015
core   0: 0x80008620 (0x00008f61) c.and   a4, s0
core   0: 3 0x80008620 (0x8f61) x14 0x00000000
core   0: 0x80008622 (0x00009e9a) c.add   t4, t1
core   0: 3 0x80008622 (0x9e9a) x29 0x00000000
core   0: 0x80008624 (0x00000001) c.nop
core   0: 3 0x80008624 (0x0001)
core   0: 0x80008626 (0x00008979) c.andi  a0, 30
core   0: 3 0x80008626 (0x8979) x10 0x00000000
core   0: 0x80008628 (0x00000001) c.nop
core   0: 3 0x80008628 (0x0001)
core   0: 0x8000862a (0x02330533) mul     a0, t1, gp
core   0: 3 0x8000862a (0x02330533) x10 0x00000000
core   0: 0x8000862e (0x0361b1b3) mulhu   gp, gp, s6
core   0: 3 0x8000862e (0x0361b1b3) x 3 0x00000000
core   0: 0x80008632 (0x00b77fb3) and     t6, a4, a1
core   0: 3 0x80008632 (0x00b77fb3) x31 0x00000000
core   0: 0x80008636 (0x01a43fb3) sltu    t6, s0, s10
core   0: 3 0x80008636 (0x01a43fb3) x31 0x00000001
core   0: 0x8000863a (0x00008151) c.srli  a0, 20
core   0: 3 0x8000863a (0x8151) x10 0x00000000
core   0: 0x8000863c (0x40715293) srai    t0, sp, 7
core   0: 3 0x8000863c (0x40715293) x 5 0x00000000
core   0: 0x80008640 (0x02f97963) bgeu    s2, a5, pc + 50
core   0: 3 0x80008640 (0x02f97963)
core   0: 0x80008644 (0x03d20b33) mul     s6, tp, t4
core   0: 3 0x80008644 (0x03d20b33) x22 0x00000000
core   0: 0x80008648 (0x0076d633) srl     a2, a3, t2
core   0: 3 0x80008648 (0x0076d633) x12 0x00000000
core   0: 0x8000864c (0x02fed363) bge     t4, a5, pc + 38
core   0: 3 0x8000864c (0x02fed363)
core   0: 0x80008672 (0xf4370013) addi    zero, a4, -189
core   0: 3 0x80008672 (0xf4370013)
core   0: 0x80008676 (0x00000001) c.nop
core   0: 3 0x80008676 (0x0001)
core   0: 0x80008678 (0x0377d4b3) divu    s1, a5, s7
core   0: 3 0x80008678 (0x0377d4b3) x 9 0x0047dd89
core   0: 0x8000867c (0x00ba5833) srl     a6, s4, a1
core   0: 3 0x8000867c (0x00ba5833) x16 0x00000000
core   0: 0x80008680 (0x418f8d33) sub     s10, t6, s8
core   0: 3 0x80008680 (0x418f8d33) x26 0x00000001
core   0: 0x80008684 (0x4014d193) srai    gp, s1, 1
core   0: 3 0x80008684 (0x4014d193) x 3 0x0023eec4
core   0: 0x80008688 (0x00006dc1) c.lui   s11, 0x10
core   0: 3 0x80008688 (0x6dc1) x27 0x00010000
core   0: 0x8000868a (0x00006929) c.lui   s2, 0xa
core   0: 3 0x8000868a (0x6929) x18 0x0000a000
core   0: 0x8000868c (0x0258cd63) blt     a7, t0, pc + 58
core   0: 3 0x8000868c (0x0258cd63)
core   0: 0x80008690 (0x01b2de93) srli    t4, t0, 27
core   0: 3 0x80008690 (0x01b2de93) x29 0x00000000
core   0: 0x80008694 (0x0186ce63) blt     a3, s8, pc + 28
core   0: 3 0x80008694 (0x0186ce63)
core   0: 0x80008698 (0x403e5e13) srai    t3, t3, 3
core   0: 3 0x80008698 (0x403e5e13) x28 0x00003000
core   0: 0x8000869c (0x1f24c393) xori    t2, s1, 498
core   0: 3 0x8000869c (0x1f24c393) x 7 0x0047dc7b
core   0: 0x800086a0 (0x0344f133) remu    sp, s1, s4
core   0: 3 0x800086a0 (0x0344f133) x 2 0x0047dd89
core   0: 0x800086a4 (0x00008881) c.andi  s1, 0
core   0: 3 0x800086a4 (0x8881) x 9 0x00000000
core   0: 0x800086a6 (0x013a6433) or      s0, s4, s3
core   0: 3 0x800086a6 (0x013a6433) x 8 0x00018000
core   0: 0x800086aa (0x000082a5) c.srli  a3, 9
core   0: 3 0x800086aa (0x82a5) x13 0x00000000
core   0: 0x800086ac (0x02b67033) remu    zero, a2, a1
core   0: 3 0x800086ac (0x02b67033)
core   0: 0x800086b0 (0x0000987d) c.andi  s0, -1
core   0: 3 0x800086b0 (0x987d) x 8 0x00018000
core   0: 0x800086b2 (0x02b18c63) beq     gp, a1, pc + 56
core   0: 3 0x800086b2 (0x02b18c63)
core   0: 0x800086b6 (0x00008371) c.srli  a4, 28
core   0: 3 0x800086b6 (0x8371) x14 0x00000000
core   0: 0x800086b8 (0x01cbd0b3) srl     ra, s7, t3
core   0: 3 0x800086b8 (0x01cbd0b3) x 1 0x000001c8
core   0: 0x800086bc (0x01944bb3) xor     s7, s0, s9
core   0: 3 0x800086bc (0x01944bb3) x23 0x00018000
core   0: 0x800086c0 (0x03b94bb3) div     s7, s2, s11
core   0: 3 0x800086c0 (0x03b94bb3) x23 0x00000000
core   0: 0x800086c4 (0x00000fd1) c.addi  t6, 20
core   0: 3 0x800086c4 (0x0fd1) x31 0x00000015
core   0: 0x800086c6 (0xacb23097) auipc   ra, 0xacb23
core   0: 3 0x800086c6 (0xacb23097) x 1 0x2cb2b6c6
core   0: 0x800086ca (0x0000e595) c.bnez  a1, pc + 44
core   0: 3 0x800086ca (0xe595)
core   0: 0x800086cc (0x02214963) blt     sp, sp, pc + 50
core   0: 3 0x800086cc (0x02214963)
core   0: 0x800086d0 (0x00ea9933) sll     s2, s5, a4
core   0: 3 0x800086d0 (0x00ea9933) x18 0x80025e64
core   0: 0x800086d4 (0x00008e01) c.sub   a2, s0
core   0: 3 0x800086d4 (0x8e01) x12 0xfffe8000
core   0: 0x800086d6 (0x0293cd33) div     s10, t2, s1
core   0: 3 0x800086d6 (0x0293cd33) x26 0xffffffff
core   0: 0x800086da (0xa1ad8c13) addi    s8, s11, -1510
core   0: 3 0x800086da (0xa1ad8c13) x24 0x0000fa1a
core   0: 0x800086de (0x023ff933) remu    s2, t6, gp
core   0: 3 0x800086de (0x023ff933) x18 0x00000015
core   0: 0x800086e2 (0x40f00333) sub     t1, zero, a5
core   0: 3 0x800086e2 (0x40f00333) x 6 0x7ffd631c
core   0: 0x800086e6 (0x021016b3) mulh    a3, zero, ra
core   0: 3 0x800086e6 (0x021016b3) x13 0x00000000
core   0: 0x800086ea (0x01c69413) slli    s0, a3, 28
core   0: 3 0x800086ea (0x01c69413) x 8 0x00000000
core   0: 0x800086ee (0x000004d6) c.slli  s1, 21
core   0: 3 0x800086ee (0x04d6) x 9 0x00000000
core   0: 0x800086f0 (0x00000c31) c.addi  s8, 12
core   0: 3 0x800086f0 (0x0c31) x24 0x0000fa26
core   0: 0x800086f2 (0x00008b49) c.andi  a4, 18
core   0: 3 0x800086f2 (0x8b49) x14 0x00000000
core   0: 0x800086f4 (0x00000001) c.nop
core   0: 3 0x800086f4 (0x0001)
core   0: 0x800086f6 (0x000011fd) c.addi  gp, -1
core   0: 3 0x800086f6 (0x11fd) x 3 0x0023eec3
core   0: 0x800086f8 (0x0000717d) c.addi16sp sp, -16
core   0: 3 0x800086f8 (0x717d) x 2 0x0047dd79
core   0: 0x800086fa (0x02c33bb3) mulhu   s7, t1, a2
core   0: 3 0x800086fa (0x02c33bb3) x23 0x7ffca31f
core   0: 0x800086fe (0x00001980) c.addi4spn s0, sp, 240
core   0: 3 0x800086fe (0x1980) x 8 0x0047de69
core   0: 0x80008700 (0x010e8b33) add     s6, t4, a6
core   0: 3 0x80008700 (0x010e8b33) x22 0x00000000
core   0: 0x80008704 (0x40a3ddb3) sra     s11, t2, a0
core   0: 3 0x80008704 (0x40a3ddb3) x27 0x0047dc7b
core   0: 0x80008708 (0x000000d6) c.slli  ra, 21
core   0: 3 0x80008708 (0x00d6) x 1 0xd8c00000
core   0: 0x8000870a (0x2f940f93) addi    t6, s0, 761
core   0: 3 0x8000870a (0x2f940f93) x31 0x0047e162
core   0: 0x8000870e (0xe2237d13) andi    s10, t1, -478
core   0: 3 0x8000870e (0xe2237d13) x26 0x7ffd6200
core   0: 0x80008712 (0x00008c92) c.mv    s9, tp
core   0: 3 0x80008712 (0x8c92) x25 0x00000000
core   0: 0x80008714 (0x0389e6b3) rem     a3, s3, s8
core   0: 3 0x80008714 (0x0389e6b3) x13 0x000085da
core   0: 0x80008718 (0x0000cc8d) c.beqz  s1, pc + 58
core   0: 3 0x80008718 (0xcc8d)
core   0: 0x80008752 (0x00008cfd) c.and   s1, a5
core   0: 3 0x80008752 (0x8cfd) x 9 0x00000000
core   0: 0x80008754 (0x000ce633) or      a2, s9, zero
core   0: 3 0x80008754 (0x000ce633) x12 0x00000000
core   0: 0x80008758 (0x01cd7633) and     a2, s10, t3
core   0: 3 0x80008758 (0x01cd7633) x12 0x00002000
core   0: 0x8000875c (0x00000865) c.addi  a6, 25
core   0: 3 0x8000875c (0x0865) x16 0x00000019
core   0: 0x8000875e (0x01549263) bne     s1, s5, pc + 4
core   0: 3 0x8000875e (0x01549263)
core   0: 0x80008762 (0x477fadb7) lui     s11, 0x477fa
core   0: 3 0x80008762 (0x477fadb7) x27 0x477fa000
core   0: 0x80008766 (0x02c884b3) mul     s1, a7, a2
core   0: 3 0x80008766 (0x02c884b3) x 9 0x00000000
core   0: 0x8000876a (0x00ca9a63) bne     s5, a2, pc + 20
core   0: 3 0x8000876a (0x00ca9a63)
core   0: 0x8000877e (0x41795333) sra     t1, s2, s7
core   0: 3 0x8000877e (0x41795333) x 6 0x00000000
core   0: 0x80008782 (0x014f9013) slli    zero, t6, 20
core   0: 3 0x80008782 (0x014f9013)
core   0: 0x80008786 (0x00cee6b3) or      a3, t4, a2
core   0: 3 0x80008786 (0x00cee6b3) x13 0x00002000
core   0: 0x8000878a (0x02fa8fb3) mul     t6, s5, a5
core   0: 3 0x8000878a (0x02fa8fb3) x31 0x30690110
core   0: 0x8000878e (0x00000001) c.nop
core   0: 3 0x8000878e (0x0001)
core   0: 0x80008790 (0x00008c55) c.or    s0, a3
core   0: 3 0x80008790 (0x8c55) x 8 0x0047fe69
core   0: 0x80008792 (0x00008155) c.srli  a0, 21
core   0: 3 0x80008792 (0x8155) x10 0x00000000
core   0: 0x80008794 (0x0000917a) c.add   sp, t5
core   0: 3 0x80008794 (0x917a) x 2 0x0047e32b
core   0: 0x80008796 (0x00eac4b3) xor     s1, s5, a4
core   0: 3 0x80008796 (0x00eac4b3) x 9 0x80025e64
core   0: 0x8000879a (0x00008eaa) c.mv    t4, a0
core   0: 3 0x8000879a (0x8eaa) x29 0x00000000
core   0: 0x8000879c (0x00008cb1) c.xor   s1, a2
core   0: 3 0x8000879c (0x8cb1) x 9 0x80027e64
core   0: 0x8000879e (0x01b839b3) sltu    s3, a6, s11
core   0: 3 0x8000879e (0x01b839b3) x19 0x00000001
core   0: 0x800087a2 (0x00f36e33) or      t3, t1, a5
core   0: 3 0x800087a2 (0x00f36e33) x28 0x80029ce4
core   0: 0x800087a6 (0x022ee663) bltu    t4, sp, pc + 44
core   0: 3 0x800087a6 (0x022ee663)
core   0: 0x800087d2 (0x01034e63) blt     t1, a6, pc + 28
core   0: 3 0x800087d2 (0x01034e63)
core   0: 0x800087ee (0xc31f3c93) sltiu   s9, t5, -975
core   0: 3 0x800087ee (0xc31f3c93) x25 0x00000001
core   0: 0x800087f2 (0x212bc113) xori    sp, s7, 530
core   0: 3 0x800087f2 (0x212bc113) x 2 0x7ffca10d
core   0: 0x800087f6 (0x02c57163) bgeu    a0, a2, pc + 34
core   0: 3 0x800087f6 (0x02c57163)
core   0: 0x800087fa (0x000084a1) c.srai  s1, 8
core   0: 3 0x800087fa (0x84a1) x 9 0xff80027e
core   0: 0x800087fc (0x00fb4463) blt     s6, a5, pc + 8
core   0: 3 0x800087fc (0x00fb4463)
core   0: 0x80008800 (0x035ba833) mulhsu  a6, s7, s5
core   0: 3 0x80008800 (0x035ba833) x16 0x3fff80b9
core   0: 0x80008804 (0x00da4d33) xor     s10, s4, a3
core   0: 3 0x80008804 (0x00da4d33) x26 0x00002000
core   0: 0x80008808 (0x00008f09) c.sub   a4, a0
core   0: 3 0x80008808 (0x8f09) x14 0x00000000
core   0: 0x8000880a (0x035190b3) mulh    ra, gp, s5
core   0: 3 0x8000880a (0x035190b3) x 1 0xffee08f3
core   0: 0x8000880e (0x0005b833) sltu    a6, a1, zero
core   0: 3 0x8000880e (0x0005b833) x16 0x00000000
core   0: 0x80008812 (0x00008069) c.srli  s0, 26
core   0: 3 0x80008812 (0x8069) x 8 0x00000000
core   0: 0x80008814 (0x00000001) c.nop
core   0: 3 0x80008814 (0x0001)
core   0: 0x80008816 (0x00008ca5) c.xor   s1, s1
core   0: 3 0x80008816 (0x8ca5) x 9 0x00000000
core   0: 0x80008818 (0x00004bd9) c.li    s7, 22
core   0: 3 0x80008818 (0x4bd9) x23 0x00000016
core   0: 0x8000881a (0x00000001) c.nop
core   0: 3 0x8000881a (0x0001)
core   0: 0x8000881c (0x0ff0000f) fence   iorw,iorw
core   0: 3 0x8000881c (0x0ff0000f)
core   0: 0x80008820 (0x40525393) srai    t2, tp, 5
core   0: 3 0x80008820 (0x40525393) x 7 0x00000000
core   0: 0x80008824 (0x02156fb3) rem     t6, a0, ra
core   0: 3 0x80008824 (0x02156fb3) x31 0x00000000
core   0: 0x80008828 (0x03ce53b3) divu    t2, t3, t3
core   0: 3 0x80008828 (0x03ce53b3) x 7 0x00000001
core   0: 0x8000882c (0x00008d9d) c.sub   a1, a5
core   0: 3 0x8000882c (0x8d9d) x11 0x7ffd631c
core   0: 0x8000882e (0x008a6b63) bltu    s4, s0, pc + 22
core   0: 3 0x8000882e (0x008a6b63)
core   0: 0x80008832 (0x0000081e) c.slli  a6, 7
core   0: 3 0x80008832 (0x081e) x16 0x00000000
core   0: 0x80008834 (0x00001bfd) c.addi  s7, -1
core   0: 3 0x80008834 (0x1bfd) x23 0x00000015
core   0: 0x80008836 (0x00001f88) c.addi4spn a0, sp, 1008
core   0: 3 0x80008836 (0x1f88) x10 0x7ffca4fd
core   0: 0x80008838 (0x00338d33) add     s10, t2, gp
core   0: 3 0x80008838 (0x00338d33) x26 0x0023eec4
core   0: 0x8000883c (0x70bebc93) sltiu   s9, t4, 1803
core   0: 3 0x8000883c (0x70bebc93) x25 0x00000001
core   0: 0x80008840 (0x00000001) c.nop
core   0: 3 0x80008840 (0x0001)
core   0: 0x80008842 (0x00001c7d) c.addi  s8, -1
core   0: 3 0x80008842 (0x1c7d) x24 0x0000fa25
core   0: 0x80008844 (0x0492c463) blt     t0, s1, pc + 72
core   0: 3 0x80008844 (0x0492c463)
core   0: 0x80008848 (0x319a6013) ori     zero, s4, 793
core   0: 3 0x80008848 (0x319a6013)
core   0: 0x8000884c (0x018349b3) xor     s3, t1, s8
core   0: 3 0x8000884c (0x018349b3) x19 0x0000fa25
core   0: 0x80008850 (0xa4c44613) xori    a2, s0, -1460
core   0: 3 0x80008850 (0xa4c44613) x12 0xfffffa4c
core   0: 0x80008854 (0x2b52f193) andi    gp, t0, 693
core   0: 3 0x80008854 (0x2b52f193) x 3 0x00000000
core   0: 0x80008858 (0x1e4cb113) sltiu   sp, s9, 484
core   0: 3 0x80008858 (0x1e4cb113) x 2 0x00000001
core   0: 0x8000885c (0xbe9da693) slti    a3, s11, -1047
core   0: 3 0x8000885c (0xbe9da693) x13 0x00000000
core   0: 0x80008860 (0x03a112b3) mulh    t0, sp, s10
core   0: 3 0x80008860 (0x03a112b3) x 5 0x00000000
core   0: 0x80008864 (0x0000971a) c.add   a4, t1
core   0: 3 0x80008864 (0x971a) x14 0x00000000
core   0: 0x80008866 (0x00cf8033) add     zero, t6, a2
core   0: 3 0x80008866 (0x00cf8033)
core   0: 0x8000886a (0x00008f01) c.sub   a4, s0
core   0: 3 0x8000886a (0x8f01) x14 0x00000000
core   0: 0x8000886c (0x83c6ce13) xori    t3, a3, -1988
core   0: 3 0x8000886c (0x83c6ce13) x28 0xfffff83c
core   0: 0x80008870 (0x0288d5b3) divu    a1, a7, s0
core   0: 3 0x80008870 (0x0288d5b3) x11 0xffffffff
core   0: 0x80008874 (0x020d7233) remu    tp, s10, zero
core   0: 3 0x80008874 (0x020d7233) x 4 0x0023eec4
core   0: 0x80008878 (0x5e025937) lui     s2, 0x5e025
core   0: 3 0x80008878 (0x5e025937) x18 0x5e025000
core   0: 0x8000887c (0x03e95763) bge     s2, t5, pc + 46
core   0: 3 0x8000887c (0x03e95763)
core   0: 0x800088aa (0x00756763) bltu    a0, t2, pc + 14
core   0: 3 0x800088aa (0x00756763)
core   0: 0x800088ae (0xd14aee93) ori     t4, s5, -748
core   0: 3 0x800088ae (0xd14aee93) x29 0xffffff74
core   0: 0x800088b2 (0x03fa9db3) mulh    s11, s5, t6
core   0: 3 0x800088b2 (0x03fa9db3) x27 0x00000000
core   0: 0x800088b6 (0x00008e8d) c.sub   a3, a1
core   0: 3 0x800088b6 (0x8e8d) x13 0x00000001
core   0: 0x800088b8 (0x00000001) c.nop
core   0: 3 0x800088b8 (0x0001)
core   0: 0x800088ba (0x000082dd) c.srli  a3, 23
core   0: 3 0x800088ba (0x82dd) x13 0x00000000
core   0: 0x800088bc (0x836f6313) ori     t1, t5, -1994
core   0: 3 0x800088bc (0x836f6313) x 6 0xfffffdb6
core   0: 0x800088c0 (0x00000576) c.slli  a0, 29
core   0: 3 0x800088c0 (0x0576) x10 0xa0000000
core   0: 0x800088c2 (0x00006bd1) c.lui   s7, 0x14
core   0: 3 0x800088c2 (0x6bd1) x23 0x00014000
core   0: 0x800088c4 (0x0ff0000f) fence   iorw,iorw
core   0: 3 0x800088c4 (0x0ff0000f)
core   0: 0x800088c8 (0x00008c99) c.sub   s1, a4
core   0: 3 0x800088c8 (0x8c99) x 9 0x00000000
core   0: 0x800088ca (0x01ff0933) add     s2, t5, t6
core   0: 3 0x800088ca (0x01ff0933) x18 0x000005b2
core   0: 0x800088ce (0x00df7033) and     zero, t5, a3
core   0: 3 0x800088ce (0x00df7033)
core   0: 0x800088d2 (0x01ff1613) slli    a2, t5, 31
core   0: 3 0x800088d2 (0x01ff1613) x12 0x00000000
core   0: 0x800088d6 (0x00008262) c.mv    tp, s8
core   0: 3 0x800088d6 (0x8262) x 4 0x0000fa25
core   0: 0x800088d8 (0x027fce63) blt     t6, t2, pc + 60
core   0: 3 0x800088d8 (0x027fce63)
core   0: 0x80008914 (0x000041e1) c.li    gp, 24
core   0: 3 0x80008914 (0x41e1) x 3 0x00000018
core   0: 0x80008916 (0x0290c533) div     a0, ra, s1
core   0: 3 0x80008916 (0x0290c533) x10 0xffffffff
core   0: 0x8000891a (0x0047dcb3) srl     s9, a5, tp
core   0: 3 0x8000891a (0x0047dcb3) x25 0x040014e7
core   0: 0x8000891e (0xd9847013) andi    zero, s0, -616
core   0: 3 0x8000891e (0xd9847013)
core   0: 0x80008922 (0x03ced9b3) divu    s3, t4, t3
core   0: 3 0x80008922 (0x03ced9b3) x19 0x00000001
core   0: 0x80008926 (0x03f7afb3) mulhsu  t6, a5, t6
core   0: 3 0x80008926 (0x03f7afb3) x31 0x00000000
core   0: 0x8000892a (0x5c6e3b13) sltiu   s6, t3, 1478
core   0: 3 0x8000892a (0x5c6e3b13) x22 0x00000000
core   0: 0x8000892e (0x40d15a13) srai    s4, sp, 13
core   0: 3 0x8000892e (0x40d15a13) x20 0x00000000
core   0: 0x80008932 (0x01c346b3) xor     a3, t1, t3
core   0: 3 0x80008932 (0x01c346b3) x13 0x0000058a
core   0: 0x80008936 (0x0ff0000f) fence   iorw,iorw
core   0: 3 0x80008936 (0x0ff0000f)
core   0: 0x8000893a (0x00691593) slli    a1, s2, 6
core   0: 3 0x8000893a (0x00691593) x11 0x00016c80
core   0: 0x8000893e (0x00000762) c.slli  a4, 24
core   0: 3 0x8000893e (0x0762) x14 0x00000000
core   0: 0x80008940 (0x00630c63) beq     t1, t1, pc + 24
core   0: 3 0x80008940 (0x00630c63)
core   0: 0x80008958 (0x00eb4033) xor     zero, s6, a4
core   0: 3 0x80008958 (0x00eb4033)
core   0: 0x8000895c (0x777fc513) xori    a0, t6, 1911
core   0: 3 0x8000895c (0x777fc513) x10 0x00000777
core   0: 0x80008960 (0x000061f9) c.lui   gp, 0x1e
core   0: 3 0x80008960 (0x61f9) x 3 0x0001e000
core   0: 0x80008962 (0x0374ccb3) div     s9, s1, s7
core   0: 3 0x80008962 (0x0374ccb3) x25 0x00000000
core   0: 0x80008966 (0x0000100f) fence.i
core   0: 3 0x80008966 (0x0000100f)
core   0: 0x8000896a (0x00bf6a63) bltu    t5, a1, pc + 20
core   0: 3 0x8000896a (0x00bf6a63)
core   0: 0x8000897e (0x00ab84b3) add     s1, s7, a0
core   0: 3 0x8000897e (0x00ab84b3) x 9 0x00014777
core   0: 0x80008982 (0xc119b713) sltiu   a4, s3, -1007
core   0: 3 0x80008982 (0xc119b713) x14 0x00000001
core   0: 0x80008986 (0x0336b9b3) mulhu   s3, a3, s3
core   0: 3 0x80008986 (0x0336b9b3) x19 0x00000000
core   0: 0x8000898a (0x0027adb3) slt     s11, a5, sp
core   0: 3 0x8000898a (0x0027adb3) x27 0x00000001
core   0: 0x8000898e (0x00005dfd) c.li    s11, -1
core   0: 3 0x8000898e (0x5dfd) x27 0xffffffff
core   0: 0x80008990 (0x000055fd) c.li    a1, -1
core   0: 3 0x80008990 (0x55fd) x11 0xffffffff
core   0: 0x80008992 (0x033bd263) bge     s7, s3, pc + 36
core   0: 3 0x80008992 (0x033bd263)
core   0: 0x800089b6 (0x03d05163) bge     zero, t4, pc + 34
core   0: 3 0x800089b6 (0x03d05163)
core   0: 0x800089d8 (0xc1f9be13) sltiu   t3, s3, -993
core   0: 3 0x800089d8 (0xc1f9be13) x28 0x00000001
core   0: 0x800089dc (0x0ff0000f) fence   iorw,iorw
core   0: 3 0x800089dc (0x0ff0000f)
core   0: 0x800089e0 (0x01f942b3) xor     t0, s2, t6
core   0: 3 0x800089e0 (0x01f942b3) x 5 0x000005b2
core   0: 0x800089e4 (0x0000945a) c.add   s0, s6
core   0: 3 0x800089e4 (0x945a) x 8 0x00000000
core   0: 0x800089e6 (0xc7bd2413) slti    s0, s10, -901
core   0: 3 0x800089e6 (0xc7bd2413) x 8 0x00000000
core   0: 0x800089ea (0x00000001) c.nop
core   0: 3 0x800089ea (0x0001)
core   0: 0x800089ec (0x281fcf17) auipc   t5, 0x281fc
core   0: 3 0x800089ec (0x281fcf17) x30 0xa82049ec
core   0: 0x800089f0 (0x0ff0000f) fence   iorw,iorw
core   0: 3 0x800089f0 (0x0ff0000f)
core   0: 0x800089f4 (0x028c7c33) remu    s8, s8, s0
core   0: 3 0x800089f4 (0x028c7c33) x24 0x0000fa25
core   0: 0x800089f8 (0x02c48bb3) mul     s7, s1, a2
core   0: 3 0x800089f8 (0x02c48bb3) x23 0x00000000
core   0: 0x800089fc (0x02fb0733) mul     a4, s6, a5
core   0: 3 0x800089fc (0x02fb0733) x14 0x00000000
core   0: 0x80008a00 (0x015d76b3) and     a3, s10, s5
core   0: 3 0x80008a00 (0x015d76b3) x13 0x00024e44
core   0: 0x80008a04 (0x0000cf01) c.beqz  a4, pc + 24
core   0: 3 0x80008a04 (0xcf01)
core   0: 0x80008a1c (0x03304633) div     a2, zero, s3
core   0: 3 0x80008a1c (0x03304633) x12 0xffffffff
core   0: 0x80008a20 (0x0000e40d) c.bnez  s0, pc + 42
core   0: 3 0x80008a20 (0xe40d)
core   0: 0x80008a22 (0x02b30763) beq     t1, a1, pc + 46
core   0: 3 0x80008a22 (0x02b30763)
core   0: 0x80008a26 (0xe14bbe37) lui     t3, 0xe14bb
core   0: 3 0x80008a26 (0xe14bbe37) x28 0xe14bb000
core   0: 0x80008a2a (0x02503e33) mulhu   t3, zero, t0
core   0: 3 0x80008a2a (0x02503e33) x28 0x00000000
core   0: 0x80008a2e (0x00008cc5) c.or    s1, s1
core   0: 3 0x80008a2e (0x8cc5) x 9 0x00014777
core   0: 0x80008a30 (0x03436fb3) rem     t6, t1, s4
core   0: 3 0x80008a30 (0x03436fb3) x31 0xfffffdb6
core   0: 0x80008a34 (0x00008d31) c.xor   a0, a2
core   0: 3 0x80008a34 (0x8d31) x10 0xfffff888
core   0: 0x80008a36 (0x6195f513) andi    a0, a1, 1561
core   0: 3 0x80008a36 (0x6195f513) x10 0x00000619
core   0: 0x80008a3a (0x005b1313) slli    t1, s6, 5
core   0: 3 0x80008a3a (0x005b1313) x 6 0x00000000
core   0: 0x80008a3e (0x00004d11) c.li    s10, 4
core   0: 3 0x80008a3e (0x4d11) x26 0x00000004
core   0: 0x80008a40 (0x038c7033) remu    zero, s8, s8
core   0: 3 0x80008a40 (0x038c7033)
core   0: 0x80008a44 (0x00008085) c.srli  s1, 1
core   0: 3 0x80008a44 (0x8085) x 9 0x0000a3bb
core   0: 0x80008a46 (0x0000100f) fence.i
core   0: 3 0x80008a46 (0x0000100f)
core   0: 0x80008a4a (0x00008775) c.srai  a4, 29
core   0: 3 0x80008a4a (0x8775) x14 0x00000000
core   0: 0x80008a4c (0xe29d0817) auipc   a6, 0xe29d0
core   0: 3 0x80008a4c (0xe29d0817) x16 0x629d8a4c
core   0: 0x80008a50 (0x0000e981) c.bnez  a1, pc + 16
core   0: 3 0x80008a50 (0xe981)
core   0: 0x80008a60 (0x0000cf01) c.beqz  a4, pc + 24
core   0: 3 0x80008a60 (0xcf01)
core   0: 0x80008a78 (0xc11c8497) auipc   s1, 0xc11c8
core   0: 3 0x80008a78 (0xc11c8497) x 9 0x411d0a78
core   0: 0x80008a7c (0x0146b0b3) sltu    ra, a3, s4
core   0: 3 0x80008a7c (0x0146b0b3) x 1 0x00000000
core   0: 0x80008a80 (0x00008cda) c.mv    s9, s6
core   0: 3 0x80008a80 (0x8cda) x25 0x00000000
core   0: 0x80008a82 (0x000082a9) c.srli  a3, 10
core   0: 3 0x80008a82 (0x82a9) x13 0x00000093
core   0: 0x80008a84 (0x03d4b233) mulhu   tp, s1, t4
core   0: 3 0x80008a84 (0x03d4b233) x 4 0x411d0a54
core   0: 0x80008a88 (0x00008c51) c.or    s0, a2
core   0: 3 0x80008a88 (0x8c51) x 8 0xffffffff
core   0: 0x80008a8a (0x017426b3) slt     a3, s0, s7
core   0: 3 0x80008a8a (0x017426b3) x13 0x00000001
core   0: 0x80008a8e (0x40875533) sra     a0, a4, s0
core   0: 3 0x80008a8e (0x40875533) x10 0x00000000
core   0: 0x80008a92 (0x01581b13) slli    s6, a6, 21
core   0: 3 0x80008a92 (0x01581b13) x22 0x49800000
core   0: 0x80008a96 (0x000099fd) c.andi  a1, -1
core   0: 3 0x80008a96 (0x99fd) x11 0xffffffff
core   0: 0x80008a98 (0x00fbd4b3) srl     s1, s7, a5
core   0: 3 0x80008a98 (0x00fbd4b3) x 9 0x00000000
core   0: 0x80008a9c (0x019c11b3) sll     gp, s8, s9
core   0: 3 0x80008a9c (0x019c11b3) x 3 0x0000fa25
core   0: 0x80008aa0 (0x00009452) c.add   s0, s4
core   0: 3 0x80008aa0 (0x9452) x 8 0xffffffff
core   0: 0x80008aa2 (0x00de5993) srli    s3, t3, 13
core   0: 3 0x80008aa2 (0x00de5993) x19 0x00000000
core   0: 0x80008aa6 (0x00008ef5) c.and   a3, a3
core   0: 3 0x80008aa6 (0x8ef5) x13 0x00000001
core   0: 0x80008aa8 (0x00000001) c.nop
core   0: 3 0x80008aa8 (0x0001)
core   0: 0x80008aaa (0x000086dd) c.srai  a3, 23
core   0: 3 0x80008aaa (0x86dd) x13 0x00000000
core   0: 0x80008aac (0x00e98c33) add     s8, s3, a4
core   0: 3 0x80008aac (0x00e98c33) x24 0x00000000
core   0: 0x80008ab0 (0x0a5d0493) addi    s1, s10, 165
core   0: 3 0x80008ab0 (0x0a5d0493) x 9 0x000000a9
core   0: 0x80008ab4 (0x0235e633) rem     a2, a1, gp
core   0: 3 0x80008ab4 (0x0235e633) x12 0xffffffff
core   0: 0x80008ab8 (0x0000ac17) auipc   s8, 0xa
core   0: 3 0x80008ab8 (0x0000ac17) x24 0x80012ab8
core   0: 0x80008abc (0x142c0c13) addi    s8, s8, 322
core   0: 3 0x80008abc (0x142c0c13) x24 0x80012bfa
core   0: 0x80008ac0 (0x00ec4283) lbu     t0, 14(s8)
core   0: 3 0x80008ac0 (0x00ec4283) x 5 0x00000035 mem 0x80012c08
core   0: 0x80008ac4 (0x00ec2e83) lw      t4, 14(s8)
core   0: 3 0x80008ac4 (0x00ec2e83) x29 0x635ece35 mem 0x80012c08
core   0: 0x80008ac8 (0xfffc0da3) sb      t6, -5(s8)
core   0: 3 0x80008ac8 (0xfffc0da3) mem 0x80012bf5 0xb6
core   0: 0x80008acc (0xffbc0403) lb      s0, -5(s8)
core   0: 3 0x80008acc (0xffbc0403) x 8 0xffffffb6 mem 0x80012bf5
core   0: 0x80008ad0 (0x002c2e03) lw      t3, 2(s8)
core   0: 3 0x80008ad0 (0x002c2e03) x28 0x47a55adc mem 0x80012bfc
core   0: 0x80008ad4 (0x00006a5d) c.lui   s4, 0x17
core   0: 3 0x80008ad4 (0x6a5d) x20 0x00017000
core   0: 0x80008ad6 (0x00ecd713) srli    a4, s9, 14
core   0: 3 0x80008ad6 (0x00ecd713) x14 0x00000000
core   0: 0x80008ada (0x002c2f83) lw      t6, 2(s8)
core   0: 3 0x80008ada (0x002c2f83) x31 0x47a55adc mem 0x80012bfc
core   0: 0x80008ade (0x03d3ceb3) div     t4, t2, t4
core   0: 3 0x80008ade (0x03d3ceb3) x29 0x00000000
core   0: 0x80008ae2 (0x418adcb3) sra     s9, s5, s8
core   0: 3 0x80008ae2 (0x418adcb3) x25 0xffffffe0
core   0: 0x80008ae6 (0x002c0083) lb      ra, 2(s8)
core   0: 3 0x80008ae6 (0x002c0083) x 1 0xffffffdc mem 0x80012bfc
core   0: 0x80008aea (0x02a1a033) mulhsu  zero, gp, a0
core   0: 3 0x80008aea (0x02a1a033)
core   0: 0x80008aee (0x01c7fe33) and     t3, a5, t3
core   0: 3 0x80008aee (0x01c7fe33) x28 0x000018c4
core   0: 0x80008af2 (0x01ac0523) sb      s10, 10(s8)
core   0: 3 0x80008af2 (0x01ac0523) mem 0x80012c04 0x4
core   0: 0x80008af6 (0x010c2523) sw      a6, 10(s8)
core   0: 3 0x80008af6 (0x010c2523) mem 0x80012c04 0x629d8a4c
core   0: 0x80008afa (0x01cc04a3) sb      t3, 9(s8)
core   0: 3 0x80008afa (0x01cc04a3) mem 0x80012c03 0xc4
core   0: 0x80008afe (0xffdc0483) lb      s1, -3(s8)
core   0: 3 0x80008afe (0xffdc0483) x 9 0xffffff95 mem 0x80012bf7
core   0: 0x80008b02 (0xffdc4183) lbu     gp, -3(s8)
core   0: 3 0x80008b02 (0xffdc4183) x 3 0x00000095 mem 0x80012bf7
core   0: 0x80008b06 (0x01ac0023) sb      s10, 0(s8)
core   0: 3 0x80008b06 (0x01ac0023) mem 0x80012bfa 0x4
core   0: 0x80008b0a (0x00ac0223) sb      a0, 4(s8)
core   0: 3 0x80008b0a (0x00ac0223) mem 0x80012bfe 0x0
core   0: 0x80008b0e (0xff1c4b03) lbu     s6, -15(s8)
core   0: 3 0x80008b0e (0xff1c4b03) x22 0x000000fa mem 0x80012beb
core   0: 0x80008b12 (0x400b0833) sub     a6, s6, zero
core   0: 3 0x80008b12 (0x400b0833) x16 0x000000fa
core   0: 0x80008b16 (0xff1c0603) lb      a2, -15(s8)
core   0: 3 0x80008b16 (0xff1c0603) x12 0xfffffffa mem 0x80012beb
core   0: 0x80008b1a (0x005c0583) lb      a1, 5(s8)
core   0: 3 0x80008b1a (0x005c0583) x11 0x00000047 mem 0x80012bff
core   0: 0x80008b1e (0x00000426) c.slli  s0, 9
core   0: 3 0x80008b1e (0x0426) x 8 0xffff6c00
core   0: 0x80008b20 (0x000084fd) c.srai  s1, 31
core   0: 3 0x80008b20 (0x84fd) x 9 0xffffffff
core   0: 0x80008b22 (0x01adcc63) blt     s11, s10, pc + 24
core   0: 3 0x80008b22 (0x01adcc63)
core   0: 0x80008b3a (0x03d14733) div     a4, sp, t4
core   0: 3 0x80008b3a (0x03d14733) x14 0xffffffff
core   0: 0x80008b3e (0x00009162) c.add   sp, s8
core   0: 3 0x80008b3e (0x9162) x 2 0x80012bfb
core   0: 0x80008b40 (0x02db8733) mul     a4, s7, a3
core   0: 3 0x80008b40 (0x02db8733) x14 0x00000000
core   0: 0x80008b44 (0x03a15eb3) divu    t4, sp, s10
core   0: 3 0x80008b44 (0x03a15eb3) x29 0x20004afe
core   0: 0x80008b48 (0x01f71a33) sll     s4, a4, t6
core   0: 3 0x80008b48 (0x01f71a33) x20 0x00000000
core   0: 0x80008b4c (0x0000699d) c.lui   s3, 0x7
core   0: 3 0x80008b4c (0x699d) x19 0x00007000
core   0: 0x80008b4e (0x00008eed) c.and   a3, a1
core   0: 3 0x80008b4e (0x8eed) x13 0x00000000
core   0: 0x80008b50 (0x000a3433) sltu    s0, s4, zero
core   0: 3 0x80008b50 (0x000a3433) x 8 0x00000000
core   0: 0x80008b54 (0x00000001) c.nop
core   0: 3 0x80008b54 (0x0001)
core   0: 0x80008b56 (0x03aa9a33) mulh    s4, s5, s10
core   0: 3 0x80008b56 (0x03aa9a33) x20 0xfffffffe
core   0: 0x80008b5a (0x00008f51) c.or    a4, a2
core   0: 3 0x80008b5a (0x8f51) x14 0xfffffffa
core   0: 0x80008b5c (0xa5bc2813) slti    a6, s8, -1445
core   0: 3 0x80008b5c (0xa5bc2813) x16 0x00000001
core   0: 0x80008b60 (0xe5b20913) addi    s2, tp, -421
core   0: 3 0x80008b60 (0xe5b20913) x18 0x411d08af
core   0: 0x80008b64 (0x004d3433) sltu    s0, s10, tp
core   0: 3 0x80008b64 (0x004d3433) x 8 0x00000001
core   0: 0x80008b68 (0x0212cc63) blt     t0, ra, pc + 56
core   0: 3 0x80008b68 (0x0212cc63)
core   0: 0x80008b6c (0x4014d313) srai    t1, s1, 1
core   0: 3 0x80008b6c (0x4014d313) x 6 0xffffffff
core   0: 0x80008b70 (0x0000100f) fence.i
core   0: 3 0x80008b70 (0x0000100f)
core   0: 0x80008b74 (0x035bc733) div     a4, s7, s5
core   0: 3 0x80008b74 (0x035bc733) x14 0x00000000
core   0: 0x80008b78 (0x007192b3) sll     t0, gp, t2
core   0: 3 0x80008b78 (0x007192b3) x 5 0x0000012a
core   0: 0x80008b7c (0x00000001) c.nop
core   0: 3 0x80008b7c (0x0001)
core   0: 0x80008b7e (0x379a0b97) auipc   s7, 0x379a0
core   0: 3 0x80008b7e (0x379a0b97) x23 0xb79a8b7e
core   0: 0x80008b82 (0x00000001) c.nop
core   0: 3 0x80008b82 (0x0001)
core   0: 0x80008b84 (0x419c5e33) sra     t3, s8, s9
core   0: 3 0x80008b84 (0x419c5e33) x28 0x80012bfa
core   0: 0x80008b88 (0x000da933) slt     s2, s11, zero
core   0: 3 0x80008b88 (0x000da933) x18 0x00000001
core   0: 0x80008b8c (0x0000100f) fence.i
core   0: 3 0x80008b8c (0x0000100f)
core   0: 0x80008b90 (0x02a09333) mulh    t1, ra, a0
core   0: 3 0x80008b90 (0x02a09333) x 6 0x00000000
core   0: 0x80008b94 (0x0000805d) c.srli  s0, 23
core   0: 3 0x80008b94 (0x805d) x 8 0x00000000
core   0: 0x80008b96 (0x06a8f693) andi    a3, a7, 106
core   0: 3 0x80008b96 (0x06a8f693) x13 0x00000000
core   0: 0x80008b9a (0x000010fd) c.addi  ra, -1
core   0: 3 0x80008b9a (0x10fd) x 1 0xffffffdb
core   0: 0x80008b9c (0x00b69363) bne     a3, a1, pc + 6
core   0: 3 0x80008b9c (0x00b69363)
core   0: 0x80008ba2 (0x01e766b3) or      a3, a4, t5
core   0: 3 0x80008ba2 (0x01e766b3) x13 0xa82049ec
core   0: 0x80008ba6 (0x02fd9733) mulh    a4, s11, a5
core   0: 3 0x80008ba6 (0x02fd9733) x14 0x00000000
core   0: 0x80008baa (0x00008e91) c.sub   a3, a2
core   0: 3 0x80008baa (0x8e91) x13 0xa82049f2
core   0: 0x80008bac (0x40010db3) sub     s11, sp, zero
core   0: 3 0x80008bac (0x40010db3) x27 0x80012bfb
core   0: 0x80008bb0 (0x00008db9) c.xor   a1, a4
core   0: 3 0x80008bb0 (0x8db9) x11 0x00000047
core   0: 0x80008bb2 (0x00008f61) c.and   a4, s0
core   0: 3 0x80008bb2 (0x8f61) x14 0x00000000
core   0: 0x80008bb4 (0x04d20463) beq     tp, a3, pc + 72
core   0: 3 0x80008bb4 (0x04d20463)
core   0: 0x80008bb8 (0x02fddf33) divu    t5, s11, a5
core   0: 3 0x80008bb8 (0x02fddf33) x30 0x00000000
core   0: 0x80008bbc (0x0000567d) c.li    a2, -1
core   0: 3 0x80008bbc (0x567d) x12 0xffffffff
core   0: 0x80008bbe (0x84573613) sltiu   a2, a4, -1979
core   0: 3 0x80008bbe (0x84573613) x12 0x00000001
core   0: 0x80008bc2 (0x00000001) c.nop
core   0: 3 0x80008bc2 (0x0001)
core   0: 0x80008bc4 (0xb9317113) andi    sp, sp, -1133
core   0: 3 0x80008bc4 (0xb9317113) x 2 0x80012b93
core   0: 0x80008bc8 (0x000081a9) c.srli  a1, 10
core   0: 3 0x80008bc8 (0x81a9) x11 0x00000000
core   0: 0x80008bca (0x01c39d33) sll     s10, t2, t3
core   0: 3 0x80008bca (0x01c39d33) x26 0x04000000
core   0: 0x80008bce (0x6d197113) andi    sp, s2, 1745
core   0: 3 0x80008bce (0x6d197113) x 2 0x00000001
core   0: 0x80008bd2 (0x01878f63) beq     a5, s8, pc + 30
core   0: 3 0x80008bd2 (0x01878f63)
core   0: 0x80008bd6 (0x0037ff63) bgeu    a5, gp, pc + 30
core   0: 3 0x80008bd6 (0x0037ff63)
core   0: 0x80008bf4 (0x014d90b3) sll     ra, s11, s4
core   0: 3 0x80008bf4 (0x014d90b3) x 1 0xc0000000
core   0: 0x80008bf8 (0x00209eb3) sll     t4, ra, sp
core   0: 3 0x80008bf8 (0x00209eb3) x29 0x80000000
core   0: 0x80008bfc (0x03092cb3) mulhsu  s9, s2, a6
core   0: 3 0x80008bfc (0x03092cb3) x25 0x00000000
core   0: 0x80008c00 (0x023c3a33) mulhu   s4, s8, gp
core   0: 3 0x80008c00 (0x023c3a33) x20 0x0000004a
core   0: 0x80008c04 (0x00001ffd) c.addi  t6, -1
core   0: 3 0x80008c04 (0x1ffd) x31 0x47a55adb
core   0: 0x80008c06 (0x00008ecd) c.or    a3, a1
core   0: 3 0x80008c06 (0x8ecd) x13 0xa82049f2
core   0: 0x80008c08 (0x029886b3) mul     a3, a7, s1
core   0: 3 0x80008c08 (0x029886b3) x13 0x00000000
core   0: 0x80008c0c (0x00009cca) c.add   s9, s2
core   0: 3 0x80008c0c (0x9cca) x25 0x00000001
core   0: 0x80008c0e (0x02d14b63) blt     sp, a3, pc + 54
core   0: 3 0x80008c0e (0x02d14b63)
core   0: 0x80008c12 (0x0011c4b3) xor     s1, gp, ra
core   0: 3 0x80008c12 (0x0011c4b3) x 9 0xc0000095
core   0: 0x80008c16 (0x00008f71) c.and   a4, a2
core   0: 3 0x80008c16 (0x8f71) x14 0x00000000
core   0: 0x80008c18 (0x00008de1) c.and   a1, s0
core   0: 3 0x80008c18 (0x8de1) x11 0x00000000
core   0: 0x80008c1a (0x0159fcb3) and     s9, s3, s5
core   0: 3 0x80008c1a (0x0159fcb3) x25 0x00005000
core   0: 0x80008c1e (0x00008c81) c.sub   s1, s0
core   0: 3 0x80008c1e (0x8c81) x 9 0xc0000095
core   0: 0x80008c20 (0x0000897e) c.mv    s2, t6
core   0: 3 0x80008c20 (0x897e) x18 0x47a55adb
core   0: 0x80008c22 (0x02cfc733) div     a4, t6, a2
core   0: 3 0x80008c22 (0x02cfc733) x14 0x47a55adb
core   0: 0x80008c26 (0x02bff9b3) remu    s3, t6, a1
core   0: 3 0x80008c26 (0x02bff9b3) x19 0x47a55adb
core   0: 0x80008c2a (0x00000984) c.addi4spn s1, sp, 208
core   0: 3 0x80008c2a (0x0984) x 9 0x000000d1
core   0: 0x80008c2c (0x004df0b3) and     ra, s11, tp
core   0: 3 0x80008c2c (0x004df0b3) x 1 0x00010a50
core   0: 0x80008c30 (0x0000717d) c.addi16sp sp, -16
core   0: 3 0x80008c30 (0x717d) x 2 0xfffffff1
core   0: 0x80008c32 (0x80aaa193) slti    gp, s5, -2038
core   0: 3 0x80008c32 (0x80aaa193) x 3 0x00000001
core   0: 0x80008c36 (0x01777d33) and     s10, a4, s7
core   0: 3 0x80008c36 (0x01777d33) x26 0x07800a5a
core   0: 0x80008c3a (0xa041cd93) xori    s11, gp, -1532
core   0: 3 0x80008c3a (0xa041cd93) x27 0xfffffa05
core   0: 0x80008c3e (0x00006eb1) c.lui   t4, 0xc
core   0: 3 0x80008c3e (0x6eb1) x29 0x0000c000
core   0: 0x80008c40 (0x00008f39) c.xor   a4, a4
core   0: 3 0x80008c40 (0x8f39) x14 0x00000000
core   0: 0x80008c42 (0x00001cfd) c.addi  s9, -1
core   0: 3 0x80008c42 (0x1cfd) x25 0x00004fff
core   0: 0x80008c44 (0x0ff0000f) fence   iorw,iorw
core   0: 3 0x80008c44 (0x0ff0000f)
core   0: 0x80008c48 (0x030ccd33) div     s10, s9, a6
core   0: 3 0x80008c48 (0x030ccd33) x26 0x00004fff
core   0: 0x80008c4c (0x41cf0fb3) sub     t6, t5, t3
core   0: 3 0x80008c4c (0x41cf0fb3) x31 0x7ffed406
core   0: 0x80008c50 (0x02a54133) div     sp, a0, a0
core   0: 3 0x80008c50 (0x02a54133) x 2 0xffffffff
core   0: 0x80008c54 (0x0264c233) div     tp, s1, t1
core   0: 3 0x80008c54 (0x0264c233) x 4 0xffffffff
core   0: 0x80008c58 (0x00000001) c.nop
core   0: 3 0x80008c58 (0x0001)
core   0: 0x80008c5a (0x40870a33) sub     s4, a4, s0
core   0: 3 0x80008c5a (0x40870a33) x20 0x00000000
core   0: 0x80008c5e (0x402e5a33) sra     s4, t3, sp
core   0: 3 0x80008c5e (0x402e5a33) x20 0xffffffff
core   0: 0x80008c62 (0xa4fb3113) sltiu   sp, s6, -1457
core   0: 3 0x80008c62 (0xa4fb3113) x 2 0x00000001
core   0: 0x80008c66 (0xe0d42713) slti    a4, s0, -499
core   0: 3 0x80008c66 (0xe0d42713) x14 0x00000000
core   0: 0x80008c6a (0x00902e33) slt     t3, zero, s1
core   0: 3 0x80008c6a (0x00902e33) x28 0x00000001
core   0: 0x80008c6e (0x0000717d) c.addi16sp sp, -16
core   0: 3 0x80008c6e (0x717d) x 2 0xfffffff1
core   0: 0x80008c70 (0x01199863) bne     s3, a7, pc + 16
core   0: 3 0x80008c70 (0x01199863)
core   0: 0x80008c80 (0x024150b3) divu    ra, sp, tp
core   0: 3 0x80008c80 (0x024150b3) x 1 0x00000000
core   0: 0x80008c84 (0x00000001) c.nop
core   0: 3 0x80008c84 (0x0001)
core   0: 0x80008c86 (0x02dc65b3) rem     a1, s8, a3
core   0: 3 0x80008c86 (0x02dc65b3) x11 0x80012bfa
core   0: 0x80008c8a (0x00008d99) c.sub   a1, a4
core   0: 3 0x80008c8a (0x8d99) x11 0x80012bfa
core   0: 0x80008c8c (0x00008879) c.andi  s0, 30
core   0: 3 0x80008c8c (0x8879) x 8 0x00000000
core   0: 0x80008c8e (0x01f68833) add     a6, a3, t6
core   0: 3 0x80008c8e (0x01f68833) x16 0x7ffed406
core   0: 0x80008c92 (0x015ffd63) bgeu    t6, s5, pc + 26
core   0: 3 0x80008c92 (0x015ffd63)
core   0: 0x80008c96 (0x00008ead) c.xor   a3, a1
core   0: 3 0x80008c96 (0x8ead) x13 0x80012bfa
core   0: 0x80008c98 (0x0377c2b3) div     t0, a5, s7
core   0: 3 0x80008c98 (0x0377c2b3) x 5 0x00000001
core   0: 0x80008c9c (0x00ddfcb3) and     s9, s11, a3
core   0: 3 0x80008c9c (0x00ddfcb3) x25 0x80012a00
core   0: 0x80008ca0 (0x021d7bb3) remu    s7, s10, ra
core   0: 3 0x80008ca0 (0x021d7bb3) x23 0x00004fff
core   0: 0x80008ca4 (0x0000100f) fence.i
core   0: 3 0x80008ca4 (0x0000100f)
core   0: 0x80008ca8 (0x3dbde997) auipc   s3, 0x3dbde
core   0: 3 0x80008ca8 (0x3dbde997) x19 0xbdbe6ca8
core   0: 0x80008cac (0x00009b7d) c.andi  a4, -1
core   0: 3 0x80008cac (0x9b7d) x14 0x00000000
core   0: 0x80008cae (0x03b3a4b3) mulhsu  s1, t2, s11
core   0: 3 0x80008cae (0x03b3a4b3) x 9 0x00000000
core   0: 0x80008cb2 (0x0000100f) fence.i
core   0: 3 0x80008cb2 (0x0000100f)
core   0: 0x80008cb6 (0x41e80133) sub     sp, a6, t5
core   0: 3 0x80008cb6 (0x41e80133) x 2 0x7ffed406
core   0: 0x80008cba (0xa7572e93) slti    t4, a4, -1419
core   0: 3 0x80008cba (0xa7572e93) x29 0x00000000
core   0: 0x80008cbe (0x039932b3) mulhu   t0, s2, s9
core   0: 3 0x80008cbe (0x039932b3) x 5 0x23d300d3
core   0: 0x80008cc2 (0x033ccb33) div     s6, s9, s3
core   0: 3 0x80008cc2 (0x033ccb33) x22 0x00000001
core   0: 0x80008cc6 (0x00006161) c.addi16sp sp, 80
core   0: 3 0x80008cc6 (0x6161) x 2 0x7ffed456
core   0: 0x80008cc8 (0x35556a13) ori     s4, a0, 853
core   0: 3 0x80008cc8 (0x35556a13) x20 0x00000355
core   0: 0x80008ccc (0x0000873d) c.srai  a4, 15
core   0: 3 0x80008ccc (0x873d) x14 0x00000000
core   0: 0x80008cce (0x034a7c63) bgeu    s4, s4, pc + 56
core   0: 3 0x80008cce (0x034a7c63)
core   0: 0x80008d06 (0x444acb97) auipc   s7, 0x444ac
core   0: 3 0x80008d06 (0x444acb97) x23 0xc44b4d06
core   0: 0x80008d0a (0x00f7ea33) or      s4, a5, a5
core   0: 3 0x80008d0a (0x00f7ea33) x20 0x80029ce4
core   0: 0x80008d0e (0x4054dc33) sra     s8, s1, t0
core   0: 3 0x80008d0e (0x4054dc33) x24 0x00000000
core   0: 0x80008d12 (0x03ac5db3) divu    s11, s8, s10
core   0: 3 0x80008d12 (0x03ac5db3) x27 0x00000000
core   0: 0x80008d16 (0x41d28833) sub     a6, t0, t4
core   0: 3 0x80008d16 (0x41d28833) x16 0x23d300d3
core   0: 0x80008d1a (0x0000100f) fence.i
core   0: 3 0x80008d1a (0x0000100f)
core   0: 0x80008d1e (0x0272d463) bge     t0, t2, pc + 40
core   0: 3 0x80008d1e (0x0272d463)
core   0: 0x80008d46 (0x40145013) srai    zero, s0, 1
core   0: 3 0x80008d46 (0x40145013)
core   0: 0x80008d4a (0x00001a7d) c.addi  s4, -1
core   0: 3 0x80008d4a (0x1a7d) x20 0x80029ce3
core   0: 0x80008d4c (0xc7454337) lui     t1, 0xc7454
core   0: 3 0x80008d4c (0xc7454337) x 6 0xc7454000
core   0: 0x80008d50 (0xd6570113) addi    sp, a4, -667
core   0: 3 0x80008d50 (0xd6570113) x 2 0xfffffd65
core   0: 0x80008d54 (0x00000001) c.nop
core   0: 3 0x80008d54 (0x0001)
core   0: 0x80008d56 (0x056e1163) bne     t3, s6, pc + 66
core   0: 3 0x80008d56 (0x056e1163)
core   0: 0x80008d5a (0x409bd193) srai    gp, s7, 9
core   0: 3 0x80008d5a (0x409bd193) x 3 0xffe225a6
core   0: 0x80008d5e (0x011f9533) sll     a0, t6, a7
core   0: 3 0x80008d5e (0x011f9533) x10 0x7ffed406
core   0: 0x80008d62 (0x001cef63) bltu    s9, ra, pc + 30
core   0: 3 0x80008d62 (0x001cef63)
core   0: 0x80008d66 (0x00000609) c.addi  a2, 2
core   0: 3 0x80008d66 (0x0609) x12 0x00000003
core   0: 0x80008d68 (0x00171463) bne     a4, ra, pc + 8
core   0: 3 0x80008d68 (0x00171463)
core   0: 0x80008d6c (0x016f4333) xor     t1, t5, s6
core   0: 3 0x80008d6c (0x016f4333) x 6 0x00000001
core   0: 0x80008d70 (0x015eaa33) slt     s4, t4, s5
core   0: 3 0x80008d70 (0x015eaa33) x20 0x00000000
core   0: 0x80008d74 (0x0137e733) or      a4, a5, s3
core   0: 3 0x80008d74 (0x0137e733) x14 0xbdbefcec
core   0: 0x80008d78 (0x0000100f) fence.i
core   0: 3 0x80008d78 (0x0000100f)
core   0: 0x80008d7c (0x0140e633) or      a2, ra, s4
core   0: 3 0x80008d7c (0x0140e633) x12 0x00000000
core   0: 0x80008d80 (0x000053fd) c.li    t2, -1
core   0: 3 0x80008d80 (0x53fd) x 7 0xffffffff
core   0: 0x80008d82 (0x9c90a013) slti    zero, ra, -1591
core   0: 3 0x80008d82 (0x9c90a013)
core   0: 0x80008d86 (0x02c75733) divu    a4, a4, a2
core   0: 3 0x80008d86 (0x02c75733) x14 0xffffffff
core   0: 0x80008d8a (0x0076d533) srl     a0, a3, t2
core   0: 3 0x80008d8a (0x0076d533) x10 0x00000001
core   0: 0x80008d8e (0x03f6ab33) mulhsu  s6, a3, t6
core   0: 3 0x80008d8e (0x03f6ab33) x22 0xc0012bf8
core   0: 0x80008d92 (0x00008c35) c.xor   s0, a3
core   0: 3 0x80008d92 (0x8c35) x 8 0x80012bfa
core   0: 0x80008d94 (0x4058dcb3) sra     s9, a7, t0
core   0: 3 0x80008d94 (0x4058dcb3) x25 0x00000000
core   0: 0x80008d98 (0x000060e1) c.lui   ra, 0x18
core   0: 3 0x80008d98 (0x60e1) x 1 0x00018000
core   0: 0x80008d9a (0x000085d1) c.srai  a1, 20
core   0: 3 0x80008d9a (0x85d1) x11 0xfffff800
core   0: 0x80008d9c (0x9a162693) slti    a3, a2, -1631
core   0: 3 0x80008d9c (0x9a162693) x13 0x00000000
core   0: 0x80008da0 (0x0000875d) c.srai  a4, 23
core   0: 3 0x80008da0 (0x875d) x14 0xffffffff
core   0: 0x80008da2 (0x2b0e6d13) ori     s10, t3, 688
core   0: 3 0x80008da2 (0x2b0e6d13) x26 0x000002b1
core   0: 0x80008da6 (0x01544133) xor     sp, s0, s5
core   0: 3 0x80008da6 (0x01544133) x 2 0x0003759e
core   0: 0x80008daa (0xc13ff613) andi    a2, t6, -1005
core   0: 3 0x80008daa (0xc13ff613) x12 0x7ffed402
core   0: 0x80008dae (0x41560033) sub     zero, a2, s5
core   0: 3 0x80008dae (0x41560033)
core   0: 0x80008db2 (0x01cd9013) slli    zero, s11, 28
core   0: 3 0x80008db2 (0x01cd9013)
core   0: 0x80008db6 (0x009d2cb3) slt     s9, s10, s1
core   0: 3 0x80008db6 (0x009d2cb3) x25 0x00000000
core   0: 0x80008dba (0x00006cb1) c.lui   s9, 0xc
core   0: 3 0x80008dba (0x6cb1) x25 0x0000c000
core   0: 0x80008dbc (0x09eb6cb7) lui     s9, 0x9eb6
core   0: 3 0x80008dbc (0x09eb6cb7) x25 0x09eb6000
core   0: 0x80008dc0 (0xf5c22e37) lui     t3, 0xf5c22
core   0: 3 0x80008dc0 (0xf5c22e37) x28 0xf5c22000
core   0: 0x80008dc4 (0x00008cf5) c.and   s1, a3
core   0: 3 0x80008dc4 (0x8cf5) x 9 0x00000000
core   0: 0x80008dc6 (0x000083be) c.mv    t2, a5
core   0: 3 0x80008dc6 (0x83be) x 7 0x80029ce4
core   0: 0x80008dc8 (0x00008c31) c.xor   s0, a2
core   0: 3 0x80008dc8 (0x8c31) x 8 0xfffffff8
core   0: 0x80008dca (0x00008249) c.srli  a2, 18
core   0: 3 0x80008dca (0x8249) x12 0x00001fff
core   0: 0x80008dcc (0x009d9433) sll     s0, s11, s1
core   0: 3 0x80008dcc (0x009d9433) x 8 0x00000000
core   0: 0x80008dd0 (0x00000001) c.nop
core   0: 3 0x80008dd0 (0x0001)
core   0: 0x80008dd2 (0x1777e993) ori     s3, a5, 375
core   0: 3 0x80008dd2 (0x1777e993) x19 0x80029df7
core   0: 0x80008dd6 (0x00008ce5) c.and   s1, s1
core   0: 3 0x80008dd6 (0x8ce5) x 9 0x00000000
core   0: 0x80008dd8 (0x419adf33) sra     t5, s5, s9
core   0: 3 0x80008dd8 (0x419adf33) x30 0x80025e64
core   0: 0x80008ddc (0x00a88c33) add     s8, a7, a0
core   0: 3 0x80008ddc (0x00a88c33) x24 0x00000001
core   0: 0x80008de0 (0x000085e1) c.srai  a1, 24
core   0: 3 0x80008de0 (0x85e1) x11 0xffffffff
core   0: 0x80008de2 (0x00008c32) c.mv    s8, a2
core   0: 3 0x80008de2 (0x8c32) x24 0x00001fff
core   0: 0x80008de4 (0x418f05b3) sub     a1, t5, s8
core   0: 3 0x80008de4 (0x418f05b3) x11 0x80023e65
core   0: 0x80008de8 (0x00008c69) c.and   s0, a0
core   0: 3 0x80008de8 (0x8c69) x 8 0x00000000
core   0: 0x80008dea (0x4145d093) srai    ra, a1, 20
core   0: 3 0x80008dea (0x4145d093) x 1 0xfffff800
core   0: 0x80008dee (0x00008e41) c.or    a2, s0
core   0: 3 0x80008dee (0x8e41) x12 0x00001fff
core   0: 0x80008df0 (0x00008c59) c.or    s0, a4
core   0: 3 0x80008df0 (0x8c59) x 8 0xffffffff
core   0: 0x80008df2 (0x039af063) bgeu    s5, s9, pc + 32
core   0: 3 0x80008df2 (0x039af063)
core   0: 0x80008e12 (0x038e8863) beq     t4, s8, pc + 48
core   0: 3 0x80008e12 (0x038e8863)
core   0: 0x80008e16 (0x00008565) c.srai  a0, 25
core   0: 3 0x80008e16 (0x8565) x10 0x00000000
core   0: 0x80008e18 (0x0ff0000f) fence   iorw,iorw
core   0: 3 0x80008e18 (0x0ff0000f)
core   0: 0x80008e1c (0x361bbb13) sltiu   s6, s7, 865
core   0: 3 0x80008e1c (0x361bbb13) x22 0x00000000
core   0: 0x80008e20 (0x00000e29) c.addi  t3, 10
core   0: 3 0x80008e20 (0x0e29) x28 0xf5c2200a
core   0: 0x80008e22 (0x00004f35) c.li    t5, 13
core   0: 3 0x80008e22 (0x4f35) x30 0x0000000d
core   0: 0x80008e24 (0x00008efd) c.and   a3, a5
core   0: 3 0x80008e24 (0x8efd) x13 0x00000000
core   0: 0x80008e26 (0x8b237b93) andi    s7, t1, -1870
core   0: 3 0x80008e26 (0x8b237b93) x23 0x00000000
core   0: 0x80008e2a (0x0359e4b3) rem     s1, s3, s5
core   0: 3 0x80008e2a (0x0359e4b3) x 9 0x80029df7
core   0: 0x80008e2e (0x7f053113) sltiu   sp, a0, 2032
core   0: 3 0x80008e2e (0x7f053113) x 2 0x00000001
core   0: 0x80008e32 (0x99f90593) addi    a1, s2, -1633
core   0: 3 0x80008e32 (0x99f90593) x11 0x47a5547a
core   0: 0x80008e36 (0x5c89fb93) andi    s7, s3, 1480
core   0: 3 0x80008e36 (0x5c89fb93) x23 0x000005c0
core   0: 0x80008e3a (0x02a27eb3) remu    t4, tp, a0
core   0: 3 0x80008e3a (0x02a27eb3) x29 0xffffffff
core   0: 0x80008e3e (0xdee33a13) sltiu   s4, t1, -530
core   0: 3 0x80008e3e (0xdee33a13) x20 0x00000001
core   0: 0x80008e42 (0x0240b593) sltiu   a1, ra, 36
core   0: 3 0x80008e42 (0x0240b593) x11 0x00000000
core   0: 0x80008e46 (0x00006131) c.addi16sp sp, 320
core   0: 3 0x80008e46 (0x6131) x 2 0x00000141
core   0: 0x80008e48 (0x00000f0c) c.addi4spn a1, sp, 912
core   0: 3 0x80008e48 (0x0f0c) x11 0x000004d1
core   0: 0x80008e4a (0x02ab5e63) bge     s6, a0, pc + 60
core   0: 3 0x80008e4a (0x02ab5e63)
core   0: 0x80008e86 (0x0000cd11) c.beqz  a0, pc + 28
core   0: 3 0x80008e86 (0xcd11)
core   0: 0x80008ea2 (0x0000ca91) c.beqz  a3, pc + 20
core   0: 3 0x80008ea2 (0xca91)
core   0: 0x80008eb6 (0x02b932b3) mulhu   t0, s2, a1
core   0: 3 0x80008eb6 (0x02b932b3) x 5 0x00000159
core   0: 0x80008eba (0x0016ebb3) or      s7, a3, ra
core   0: 3 0x80008eba (0x0016ebb3) x23 0xfffff800
core   0: 0x80008ebe (0x01969913) slli    s2, a3, 25
core   0: 3 0x80008ebe (0x01969913) x18 0x00000000
core   0: 0x80008ec2 (0x699e0c93) addi    s9, t3, 1689
core   0: 3 0x80008ec2 (0x699e0c93) x25 0xf5c226a3
core   0: 0x80008ec6 (0x0cf48f13) addi    t5, s1, 207
core   0: 3 0x80008ec6 (0x0cf48f13) x30 0x80029ec6
core   0: 0x80008eca (0x0000ce09) c.beqz  a2, pc + 26
core   0: 3 0x80008eca (0xce09)
core   0: 0x80008ecc (0x00000646) c.slli  a2, 17
core   0: 3 0x80008ecc (0x0646) x12 0x3ffe0000
core   0: 0x80008ece (0x00000185) c.addi  gp, 1
core   0: 3 0x80008ece (0x0185) x 3 0xffe225a7
core   0: 0x80008ed0 (0x000045a5) c.li    a1, 9
core   0: 3 0x80008ed0 (0x45a5) x11 0x00000009
core   0: 0x80008ed2 (0x00008d39) c.xor   a0, a4
core   0: 3 0x80008ed2 (0x8d39) x10 0xffffffff
core   0: 0x80008ed4 (0x01083eb3) sltu    t4, a6, a6
core   0: 3 0x80008ed4 (0x01083eb3) x29 0x00000000
core   0: 0x80008ed8 (0x02757333) remu    t1, a0, t2
core   0: 3 0x80008ed8 (0x02757333) x 6 0x7ffd631b
core   0: 0x80008edc (0x000043f9) c.li    t2, 30
core   0: 3 0x80008edc (0x43f9) x 7 0x0000001e
core   0: 0x80008ede (0x00000001) c.nop
core   0: 3 0x80008ede (0x0001)
core   0: 0x80008ee0 (0x006a9b13) slli    s6, s5, 6
core   0: 3 0x80008ee0 (0x006a9b13) x22 0x00979900
core   0: 0x80008ee4 (0x00008dd1) c.or    a1, a2
core   0: 3 0x80008ee4 (0x8dd1) x11 0x3ffe0009
core   0: 0x80008ee6 (0x03a693b3) mulh    t2, a3, s10
core   0: 3 0x80008ee6 (0x03a693b3) x 7 0x00000000
core   0: 0x80008eea (0x744f2d13) slti    s10, t5, 1860
core   0: 3 0x80008eea (0x744f2d13) x26 0x00000001
core   0: 0x80008eee (0x02f37633) remu    a2, t1, a5
core   0: 3 0x80008eee (0x02f37633) x12 0x7ffd631b
core   0: 0x80008ef2 (0x0094dc33) srl     s8, s1, s1
core   0: 3 0x80008ef2 (0x0094dc33) x24 0x00000100
core   0: 0x80008ef6 (0x0213f1b3) remu    gp, t2, ra
core   0: 3 0x80008ef6 (0x0213f1b3) x 3 0x00000000
core   0: 0x80008efa (0x01a039b3) snez    s3, s10
core   0: 3 0x80008efa (0x01a039b3) x19 0x00000001
core   0: 0x80008efe (0x1273b297) auipc   t0, 0x1273b
core   0: 3 0x80008efe (0x1273b297) x 5 0x92743efe
core   0: 0x80008f02 (0x00551833) sll     a6, a0, t0
core   0: 3 0x80008f02 (0x00551833) x16 0xc0000000
core   0: 0x80008f06 (0x00000001) c.nop
core   0: 3 0x80008f06 (0x0001)
core   0: 0x80008f08 (0x00000001) c.nop
core   0: 3 0x80008f08 (0x0001)
core   0: 0x80008f0a (0x08206f93) ori     t6, zero, 130
core   0: 3 0x80008f0a (0x08206f93) x31 0x00000082
core   0: 0x80008f0e (0x01bf8bb3) add     s7, t6, s11
core   0: 3 0x80008f0e (0x01bf8bb3) x23 0x00000082
core   0: 0x80008f12 (0x0076d413) srli    s0, a3, 7
core   0: 3 0x80008f12 (0x0076d413) x 8 0x00000000
core   0: 0x80008f16 (0x015ede33) srl     t3, t4, s5
core   0: 3 0x80008f16 (0x015ede33) x28 0x00000000
core   0: 0x80008f1a (0x0000100f) fence.i
core   0: 3 0x80008f1a (0x0000100f)
core   0: 0x80008f1e (0x0071b5b3) sltu    a1, gp, t2
core   0: 3 0x80008f1e (0x0071b5b3) x11 0x00000000
core   0: 0x80008f22 (0x00fd82b3) add     t0, s11, a5
core   0: 3 0x80008f22 (0x00fd82b3) x 5 0x80029ce4
core   0: 0x80008f26 (0x41bd5db3) sra     s11, s10, s11
core   0: 3 0x80008f26 (0x41bd5db3) x27 0x00000001
core   0: 0x80008f2a (0x03ed6933) rem     s2, s10, t5
core   0: 3 0x80008f2a (0x03ed6933) x18 0x00000001
core   0: 0x80008f2e (0x005999b3) sll     s3, s3, t0
core   0: 3 0x80008f2e (0x005999b3) x19 0x00000010
core   0: 0x80008f32 (0x30994413) xori    s0, s2, 777
core   0: 3 0x80008f32 (0x30994413) x 8 0x00000308
core   0: 0x80008f36 (0x00008dc9) c.or    a1, a0
core   0: 3 0x80008f36 (0x8dc9) x11 0xffffffff
core   0: 0x80008f38 (0x00000b25) c.addi  s6, 9
core   0: 3 0x80008f38 (0x0b25) x22 0x00979909
core   0: 0x80008f3a (0x1b89ac13) slti    s8, s3, 440
core   0: 3 0x80008f3a (0x1b89ac13) x24 0x00000001
core   0: 0x80008f3e (0x02c56233) rem     tp, a0, a2
core   0: 3 0x80008f3e (0x02c56233) x 4 0xffffffff
core   0: 0x80008f42 (0x016f7d63) bgeu    t5, s6, pc + 26
core   0: 3 0x80008f42 (0x016f7d63)
core   0: 0x80008f5c (0x2f715d97) auipc   s11, 0x2f715
core   0: 3 0x80008f5c (0x2f715d97) x27 0xaf71df5c
core   0: 0x80008f60 (0x02e82733) mulhsu  a4, a6, a4
core   0: 3 0x80008f60 (0x02e82733) x14 0xc0000000
core   0: 0x80008f64 (0x0000cc15) c.beqz  s0, pc + 60
core   0: 3 0x80008f64 (0xcc15)
core   0: 0x80008f66 (0x0ff0000f) fence   iorw,iorw
core   0: 3 0x80008f66 (0x0ff0000f)
core   0: 0x80008f6a (0x40ac0e33) sub     t3, s8, a0
core   0: 3 0x80008f6a (0x40ac0e33) x28 0x00000002
core   0: 0x80008f6e (0x003650b3) srl     ra, a2, gp
core   0: 3 0x80008f6e (0x003650b3) x 1 0x7ffd631b
core   0: 0x80008f72 (0x004c1cb3) sll     s9, s8, tp
core   0: 3 0x80008f72 (0x004c1cb3) x25 0x80000000
core   0: 0x80008f76 (0x0000ca89) c.beqz  a3, pc + 18
core   0: 3 0x80008f76 (0xca89)
core   0: 0x80008f88 (0x000082c2) c.mv    t0, a6
core   0: 3 0x80008f88 (0x82c2) x 5 0xc0000000
core   0: 0x80008f8a (0x00008269) c.srli  a2, 26
core   0: 3 0x80008f8a (0x8269) x12 0x0000001f
core   0: 0x80008f8c (0xcb90ae13) slti    t3, ra, -839
core   0: 3 0x80008f8c (0xcb90ae13) x28 0x00000000
core   0: 0x80008f90 (0x00008e25) c.xor   a2, s1
core   0: 3 0x80008f90 (0x8e25) x12 0x80029de8
core   0: 0x80008f92 (0x022d25b3) mulhsu  a1, s10, sp
core   0: 3 0x80008f92 (0x022d25b3) x11 0x00000000
core   0: 0x80008f96 (0x2f304b93) xori    s7, zero, 755
core   0: 3 0x80008f96 (0x2f304b93) x23 0x000002f3
core   0: 0x80008f9a (0x00000cc6) c.slli  s9, 17
core   0: 3 0x80008f9a (0x0cc6) x25 0x00000000
core   0: 0x80008f9c (0x028c4c63) blt     s8, s0, pc + 56
core   0: 3 0x80008f9c (0x028c4c63)
core   0: 0x80008fd4 (0x00004985) c.li    s3, 1
core   0: 3 0x80008fd4 (0x4985) x19 0x00000001
core   0: 0x80008fd6 (0x400582b3) sub     t0, a1, zero
core   0: 3 0x80008fd6 (0x400582b3) x 5 0x00000000
core   0: 0x80008fda (0x000089c5) c.andi  a1, 17
core   0: 3 0x80008fda (0x89c5) x11 0x00000000
core   0: 0x80008fdc (0x00000001) c.nop
core   0: 3 0x80008fdc (0x0001)
core   0: 0x80008fde (0x01ca39b3) sltu    s3, s4, t3
core   0: 3 0x80008fde (0x01ca39b3) x19 0x00000000
core   0: 0x80008fe2 (0x000004da) c.slli  s1, 22
core   0: 3 0x80008fe2 (0x04da) x 9 0x7dc00000
core   0: 0x80008fe4 (0x419c06b3) sub     a3, s8, s9
core   0: 3 0x80008fe4 (0x419c06b3) x13 0x00000001
core   0: 0x80008fe8 (0x038cceb3) div     t4, s9, s8
core   0: 3 0x80008fe8 (0x038cceb3) x29 0x00000000
core   0: 0x80008fec (0x41805033) sra     zero, zero, s8
core   0: 3 0x80008fec (0x41805033)
core   0: 0x80008ff0 (0x00f725b3) slt     a1, a4, a5
core   0: 3 0x80008ff0 (0x00f725b3) x11 0x00000000
core   0: 0x80008ff4 (0x0000ee85) c.bnez  a3, pc + 56
core   0: 3 0x80008ff4 (0xee85)
core   0: 0x8000902c (0x036b2d33) mulhsu  s10, s6, s6
core   0: 3 0x8000902c (0x036b2d33) x26 0x000059c5
core   0: 0x80009030 (0x400a8833) sub     a6, s5, zero
core   0: 3 0x80009030 (0x400a8833) x16 0x80025e64
core   0: 0x80009034 (0x019b0eb3) add     t4, s6, s9
core   0: 3 0x80009034 (0x019b0eb3) x29 0x00979909
core   0: 0x80009038 (0x4143da13) srai    s4, t2, 20
core   0: 3 0x80009038 (0x4143da13) x20 0x00000000
core   0: 0x8000903c (0x00008d59) c.or    a0, a4
core   0: 3 0x8000903c (0x8d59) x10 0xffffffff
core   0: 0x8000903e (0x00008599) c.srai  a1, 6
core   0: 3 0x8000903e (0x8599) x11 0x00000000
core   0: 0x80009040 (0x00008f6d) c.and   a4, a1
core   0: 3 0x80009040 (0x8f6d) x14 0x00000000
core   0: 0x80009042 (0x00008de9) c.and   a1, a0
core   0: 3 0x80009042 (0x8de9) x11 0x00000000
core   0: 0x80009044 (0x02a625b3) mulhsu  a1, a2, a0
core   0: 3 0x80009044 (0x02a625b3) x11 0x80029de8
core   0: 0x80009048 (0x017811b3) sll     gp, a6, s7
core   0: 3 0x80009048 (0x017811b3) x 3 0xf3200000
core   0: 0x8000904c (0x0000ec95) c.bnez  s1, pc + 60
core   0: 3 0x8000904c (0xec95)
core   0: 0x80009088 (0x411a8033) sub     zero, s5, a7
core   0: 3 0x80009088 (0x411a8033)
core   0: 0x8000908c (0x0336ad33) mulhsu  s10, a3, s3
core   0: 3 0x8000908c (0x0336ad33) x26 0x00000000
core   0: 0x80009090 (0x008ef133) and     sp, t4, s0
core   0: 3 0x80009090 (0x008ef133) x 2 0x00000108
core   0: 0x80009094 (0x4f703d93) sltiu   s11, zero, 1271
core   0: 3 0x80009094 (0x4f703d93) x27 0x00000001
core   0: 0x80009098 (0x3c34a293) slti    t0, s1, 963
core   0: 3 0x80009098 (0x3c34a293) x 5 0x00000000
core   0: 0x8000909c (0x0000c691) c.beqz  a3, pc + 12
core   0: 3 0x8000909c (0xc691)
core   0: 0x8000909e (0x000098fd) c.andi  s1, -1
core   0: 3 0x8000909e (0x98fd) x 9 0x7dc00000
core   0: 0x800090a0 (0x025a1763) bne     s4, t0, pc + 46
core   0: 3 0x800090a0 (0x025a1763)
core   0: 0x800090a4 (0x0358afb3) mulhsu  t6, a7, s5
core   0: 3 0x800090a4 (0x0358afb3) x31 0x00000000
core   0: 0x800090a8 (0x00008de9) c.and   a1, a0
core   0: 3 0x800090a8 (0x8de9) x11 0x80029de8
core   0: 0x800090aa (0x0000991e) c.add   s2, t2
core   0: 3 0x800090aa (0x991e) x18 0x00000001
core   0: 0x800090ac (0x023cdbb3) divu    s7, s9, gp
core   0: 3 0x800090ac (0x023cdbb3) x23 0x00000000
core   0: 0x800090b0 (0x0000ed19) c.bnez  a0, pc + 30
core   0: 3 0x800090b0 (0xed19)
core   0: 0x800090ce (0xcfdb3e93) sltiu   t4, s6, -771
core   0: 3 0x800090ce (0xcfdb3e93) x29 0x00000001
core   0: 0x800090d2 (0x03d2db33) divu    s6, t0, t4
core   0: 3 0x800090d2 (0x03d2db33) x22 0x00000000
core   0: 0x800090d6 (0x037fed33) rem     s10, t6, s7
core   0: 3 0x800090d6 (0x037fed33) x26 0x00000000
core   0: 0x800090da (0x40795013) srai    zero, s2, 7
core   0: 3 0x800090da (0x40795013)
core   0: 0x800090de (0x01968e33) add     t3, a3, s9
core   0: 3 0x800090de (0x01968e33) x28 0x00000001
core   0: 0x800090e2 (0xe9cd7f93) andi    t6, s10, -356
core   0: 3 0x800090e2 (0xe9cd7f93) x31 0x00000000
core   0: 0x800090e6 (0x00000001) c.nop
core   0: 3 0x800090e6 (0x0001)
core   0: 0x800090e8 (0x03b459b3) divu    s3, s0, s11
core   0: 3 0x800090e8 (0x03b459b3) x19 0x00000308
core   0: 0x800090ec (0x408e89b3) sub     s3, t4, s0
core   0: 3 0x800090ec (0x408e89b3) x19 0xfffffcf9
core   0: 0x800090f0 (0x01f425b3) slt     a1, s0, t6
core   0: 3 0x800090f0 (0x01f425b3) x11 0x00000000
core   0: 0x800090f4 (0x0000617d) c.addi16sp sp, 496
core   0: 3 0x800090f4 (0x617d) x 2 0x000002f8
core   0: 0x800090f6 (0x00888733) add     a4, a7, s0
core   0: 3 0x800090f6 (0x00888733) x14 0x00000308
core   0: 0x800090fa (0x0000ed95) c.bnez  a1, pc + 60
core   0: 3 0x800090fa (0xed95)
core   0: 0x800090fc (0x00000e1e) c.slli  t3, 7
core   0: 3 0x800090fc (0x0e1e) x28 0x00000080
core   0: 0x800090fe (0x00008d65) c.and   a0, s1
core   0: 3 0x800090fe (0x8d65) x10 0x7dc00000
core   0: 0x80009100 (0x03cd1d63) bne     s10, t3, pc + 58
core   0: 3 0x80009100 (0x03cd1d63)
core   0: 0x8000913a (0x031cd963) bge     s9, a7, pc + 50
core   0: 3 0x8000913a (0x031cd963)
core   0: 0x8000916c (0x0000ec89) c.bnez  s1, pc + 26
core   0: 3 0x8000916c (0xec89)
core   0: 0x80009186 (0x00008031) c.srli  s0, 12
core   0: 3 0x80009186 (0x8031) x 8 0x00000000
core   0: 0x80009188 (0xa714e337) lui     t1, 0xa714e
core   0: 3 0x80009188 (0xa714e337) x 6 0xa714e000
core   0: 0x8000918c (0x00008cda) c.mv    s9, s6
core   0: 3 0x8000918c (0x8cda) x25 0x00000000
core   0: 0x8000918e (0x68f30d13) addi    s10, t1, 1679
core   0: 3 0x8000918e (0x68f30d13) x26 0xa714e68f
core   0: 0x80009192 (0x061a0b63) beq     s4, ra, pc + 118
core   0: 3 0x80009192 (0x061a0b63)
core   0: 0x80009196 (0x0000717d) c.addi16sp sp, -16
core   0: 3 0x80009196 (0x717d) x 2 0x000002e8
core   0: 0x80009198 (0x00008be6) c.mv    s7, s9
core   0: 3 0x80009198 (0x8be6) x23 0x00000000
core   0: 0x8000919a (0x000082c5) c.srli  a3, 17
core   0: 3 0x8000919a (0x82c5) x13 0x00000000
core   0: 0x8000919c (0x4193d733) sra     a4, t2, s9
core   0: 3 0x8000919c (0x4193d733) x14 0x00000000
core   0: 0x800091a0 (0x00008e41) c.or    a2, s0
core   0: 3 0x800091a0 (0x8e41) x12 0x80029de8
core   0: 0x800091a2 (0x00fcb333) sltu    t1, s9, a5
core   0: 3 0x800091a2 (0x00fcb333) x 6 0x00000001
core   0: 0x800091a6 (0x0ff0000f) fence   iorw,iorw
core   0: 3 0x800091a6 (0x0ff0000f)
core   0: 0x800091aa (0x41c48293) addi    t0, s1, 1052
core   0: 3 0x800091aa (0x41c48293) x 5 0x7dc0041c
core   0: 0x800091ae (0x000086cd) c.srai  a3, 19
core   0: 3 0x800091ae (0x86cd) x13 0x00000000
core   0: 0x800091b0 (0xd2674093) xori    ra, a4, -730
core   0: 3 0x800091b0 (0xd2674093) x 1 0xfffffd26
core   0: 0x800091b4 (0x0000c0a1) c.beqz  s1, pc + 64
core   0: 3 0x800091b4 (0xc0a1)
core   0: 0x800091b6 (0x02deb533) mulhu   a0, t4, a3
core   0: 3 0x800091b6 (0x02deb533) x10 0x00000000
core   0: 0x800091ba (0xffc00513) li      a0, -4
core   0: 3 0x800091ba (0xffc00513) x10 0xfffffffc
core   0: 0x800091be (0x00600e93) li      t4, 6
core   0: 3 0x800091be (0x00600e93) x29 0x00000006
core   0: 0x800091c2 (0x867f8693) addi    a3, t6, -1945
core   0: 3 0x800091c2 (0x867f8693) x13 0xfffff867
core   0: 0x800091c6 (0x03ef95b3) mulh    a1, t6, t5
core   0: 3 0x800091c6 (0x03ef95b3) x11 0x00000000
core   0: 0x800091ca (0x00000529) c.addi  a0, 10
core   0: 3 0x800091ca (0x0529) x10 0x00000006
core   0: 0x800091cc (0x25000013) li      zero, 592
core   0: 3 0x800091cc (0x25000013)
core   0: 0x800091d0 (0x00500493) li      s1, 5
core   0: 3 0x800091d0 (0x00500493) x 9 0x00000005
core   0: 0x800091d4 (0x0000010a) c.slli  sp, 2
core   0: 3 0x800091d4 (0x010a) x 2 0x00000ba0
core   0: 0x800091d6 (0x01200b93) li      s7, 18
core   0: 3 0x800091d6 (0x01200b93) x23 0x00000012
core   0: 0x800091da (0x021a3f33) mulhu   t5, s4, ra
core   0: 3 0x800091da (0x021a3f33) x30 0x00000000
core   0: 0x800091de (0x00008eb9) c.xor   a3, a4
core   0: 3 0x800091de (0x8eb9) x13 0xfffff867
core   0: 0x800091e0 (0x00000485) c.addi  s1, 1
core   0: 3 0x800091e0 (0x0485) x 9 0x00000006
core   0: 0x800091e2 (0xff749ce3) bne     s1, s7, pc - 8
core   0: 3 0x800091e2 (0xff749ce3)
core   0: 0x800091da (0x021a3f33) mulhu   t5, s4, ra
core   0: 3 0x800091da (0x021a3f33) x30 0x00000000
core   0: 0x800091de (0x00008eb9) c.xor   a3, a4
core   0: 3 0x800091de (0x8eb9) x13 0xfffff867
core   0: 0x800091e0 (0x00000485) c.addi  s1, 1
core   0: 3 0x800091e0 (0x0485) x 9 0x00000007
core   0: 0x800091e2 (0xff749ce3) bne     s1, s7, pc - 8
core   0: 3 0x800091e2 (0xff749ce3)
core   0: 0x800091da (0x021a3f33) mulhu   t5, s4, ra
core   0: 3 0x800091da (0x021a3f33) x30 0x00000000
core   0: 0x800091de (0x00008eb9) c.xor   a3, a4
core   0: 3 0x800091de (0x8eb9) x13 0xfffff867
core   0: 0x800091e0 (0x00000485) c.addi  s1, 1
core   0: 3 0x800091e0 (0x0485) x 9 0x00000008
core   0: 0x800091e2 (0xff749ce3) bne     s1, s7, pc - 8
core   0: 3 0x800091e2 (0xff749ce3)
core   0: 0x800091da (0x021a3f33) mulhu   t5, s4, ra
core   0: 3 0x800091da (0x021a3f33) x30 0x00000000
core   0: 0x800091de (0x00008eb9) c.xor   a3, a4
core   0: 3 0x800091de (0x8eb9) x13 0xfffff867
core   0: 0x800091e0 (0x00000485) c.addi  s1, 1
core   0: 3 0x800091e0 (0x0485) x 9 0x00000009
core   0: 0x800091e2 (0xff749ce3) bne     s1, s7, pc - 8
core   0: 3 0x800091e2 (0xff749ce3)
core   0: 0x800091da (0x021a3f33) mulhu   t5, s4, ra
core   0: 3 0x800091da (0x021a3f33) x30 0x00000000
core   0: 0x800091de (0x00008eb9) c.xor   a3, a4
core   0: 3 0x800091de (0x8eb9) x13 0xfffff867
core   0: 0x800091e0 (0x00000485) c.addi  s1, 1
core   0: 3 0x800091e0 (0x0485) x 9 0x0000000a
core   0: 0x800091e2 (0xff749ce3) bne     s1, s7, pc - 8
core   0: 3 0x800091e2 (0xff749ce3)
core   0: 0x800091da (0x021a3f33) mulhu   t5, s4, ra
core   0: 3 0x800091da (0x021a3f33) x30 0x00000000
core   0: 0x800091de (0x00008eb9) c.xor   a3, a4
core   0: 3 0x800091de (0x8eb9) x13 0xfffff867
core   0: 0x800091e0 (0x00000485) c.addi  s1, 1
core   0: 3 0x800091e0 (0x0485) x 9 0x0000000b
core   0: 0x800091e2 (0xff749ce3) bne     s1, s7, pc - 8
core   0: 3 0x800091e2 (0xff749ce3)
core   0: 0x800091da (0x021a3f33) mulhu   t5, s4, ra
core   0: 3 0x800091da (0x021a3f33) x30 0x00000000
core   0: 0x800091de (0x00008eb9) c.xor   a3, a4
core   0: 3 0x800091de (0x8eb9) x13 0xfffff867
core   0: 0x800091e0 (0x00000485) c.addi  s1, 1
core   0: 3 0x800091e0 (0x0485) x 9 0x0000000c
core   0: 0x800091e2 (0xff749ce3) bne     s1, s7, pc - 8
core   0: 3 0x800091e2 (0xff749ce3)
core   0: 0x800091da (0x021a3f33) mulhu   t5, s4, ra
core   0: 3 0x800091da (0x021a3f33) x30 0x00000000
core   0: 0x800091de (0x00008eb9) c.xor   a3, a4
core   0: 3 0x800091de (0x8eb9) x13 0xfffff867
core   0: 0x800091e0 (0x00000485) c.addi  s1, 1
core   0: 3 0x800091e0 (0x0485) x 9 0x0000000d
core   0: 0x800091e2 (0xff749ce3) bne     s1, s7, pc - 8
core   0: 3 0x800091e2 (0xff749ce3)
core   0: 0x800091da (0x021a3f33) mulhu   t5, s4, ra
core   0: 3 0x800091da (0x021a3f33) x30 0x00000000
core   0: 0x800091de (0x00008eb9) c.xor   a3, a4
core   0: 3 0x800091de (0x8eb9) x13 0xfffff867
core   0: 0x800091e0 (0x00000485) c.addi  s1, 1
core   0: 3 0x800091e0 (0x0485) x 9 0x0000000e
core   0: 0x800091e2 (0xff749ce3) bne     s1, s7, pc - 8
core   0: 3 0x800091e2 (0xff749ce3)
core   0: 0x800091da (0x021a3f33) mulhu   t5, s4, ra
core   0: 3 0x800091da (0x021a3f33) x30 0x00000000
core   0: 0x800091de (0x00008eb9) c.xor   a3, a4
core   0: 3 0x800091de (0x8eb9) x13 0xfffff867
core   0: 0x800091e0 (0x00000485) c.addi  s1, 1
core   0: 3 0x800091e0 (0x0485) x 9 0x0000000f
core   0: 0x800091e2 (0xff749ce3) bne     s1, s7, pc - 8
core   0: 3 0x800091e2 (0xff749ce3)
core   0: 0x800091da (0x021a3f33) mulhu   t5, s4, ra
core   0: 3 0x800091da (0x021a3f33) x30 0x00000000
core   0: 0x800091de (0x00008eb9) c.xor   a3, a4
core   0: 3 0x800091de (0x8eb9) x13 0xfffff867
core   0: 0x800091e0 (0x00000485) c.addi  s1, 1
core   0: 3 0x800091e0 (0x0485) x 9 0x00000010
core   0: 0x800091e2 (0xff749ce3) bne     s1, s7, pc - 8
core   0: 3 0x800091e2 (0xff749ce3)
core   0: 0x800091da (0x021a3f33) mulhu   t5, s4, ra
core   0: 3 0x800091da (0x021a3f33) x30 0x00000000
core   0: 0x800091de (0x00008eb9) c.xor   a3, a4
core   0: 3 0x800091de (0x8eb9) x13 0xfffff867
core   0: 0x800091e0 (0x00000485) c.addi  s1, 1
core   0: 3 0x800091e0 (0x0485) x 9 0x00000011
core   0: 0x800091e2 (0xff749ce3) bne     s1, s7, pc - 8
core   0: 3 0x800091e2 (0xff749ce3)
core   0: 0x800091da (0x021a3f33) mulhu   t5, s4, ra
core   0: 3 0x800091da (0x021a3f33) x30 0x00000000
core   0: 0x800091de (0x00008eb9) c.xor   a3, a4
core   0: 3 0x800091de (0x8eb9) x13 0xfffff867
core   0: 0x800091e0 (0x00000485) c.addi  s1, 1
core   0: 3 0x800091e0 (0x0485) x 9 0x00000012
core   0: 0x800091e2 (0xff749ce3) bne     s1, s7, pc - 8
core   0: 3 0x800091e2 (0xff749ce3)
core   0: 0x800091e6 (0x40210133) sub     sp, sp, sp
core   0: 3 0x800091e6 (0x40210133) x 2 0x00000000
core   0: 0x800091ea (0x0147e033) or      zero, a5, s4
core   0: 3 0x800091ea (0x0147e033)
core   0: 0x800091ee (0xfdd51ce3) bne     a0, t4, pc - 40
core   0: 3 0x800091ee (0xfdd51ce3)
core   0: 0x800091f2 (0x00008c49) c.or    s0, a0
core   0: 3 0x800091f2 (0x8c49) x 8 0x00000006
core   0: 0x800091f4 (0xf692afb7) lui     t6, 0xf692a
core   0: 3 0x800091f4 (0xf692afb7) x31 0xf692a000
core   0: 0x800091f8 (0x0222e1b3) rem     gp, t0, sp
core   0: 3 0x800091f8 (0x0222e1b3) x 3 0x7dc0041c
core   0: 0x800091fc (0x031cc133) div     sp, s9, a7
core   0: 3 0x800091fc (0x031cc133) x 2 0xffffffff
core   0: 0x80009200 (0xcb827313) andi    t1, tp, -840
core   0: 3 0x80009200 (0xcb827313) x 6 0xfffffcb8
core   0: 0x80009204 (0x008d0eb3) add     t4, s10, s0
core   0: 3 0x80009204 (0x008d0eb3) x29 0xa714e695
core   0: 0x80009208 (0x00000fb3) add     t6, zero, zero
core   0: 3 0x80009208 (0x00000fb3) x31 0x00000000
core   0: 0x8000920c (0x00008d6d) c.and   a0, a1
core   0: 3 0x8000920c (0x8d6d) x10 0x00000000
core   0: 0x8000920e (0x00000001) c.nop
core   0: 3 0x8000920e (0x0001)
core   0: 0x80009210 (0x00001b10) c.addi4spn a2, sp, 432
core   0: 3 0x80009210 (0x1b10) x12 0x000001af
core   0: 0x80009212 (0x0000027a) c.slli  tp, 30
core   0: 3 0x80009212 (0x027a) x 4 0xc0000000
core   0: 0x80009214 (0x02b40f33) mul     t5, s0, a1
core   0: 3 0x80009214 (0x02b40f33) x30 0x00000000
core   0: 0x80009218 (0x027fb833) mulhu   a6, t6, t2
core   0: 3 0x80009218 (0x027fb833) x16 0x00000000
core   0: 0x8000921c (0x0000100f) fence.i
core   0: 3 0x8000921c (0x0000100f)
core   0: 0x80009220 (0x000006da) c.slli  a3, 22
core   0: 3 0x80009220 (0x06da) x13 0x19c00000
core   0: 0x80009222 (0x0000097a) c.slli  s2, 30
core   0: 3 0x80009222 (0x097a) x18 0x40000000
core   0: 0x80009224 (0xb96b8997) auipc   s3, 0xb96b8
core   0: 3 0x80009224 (0xb96b8997) x19 0x396c1224
core   0: 0x80009228 (0x0000100f) fence.i
core   0: 3 0x80009228 (0x0000100f)
core   0: 0x8000922c (0x00004381) c.li    t2, 0
core   0: 3 0x8000922c (0x4381) x 7 0x00000000
core   0: 0x8000922e (0x0000987d) c.andi  s0, -1
core   0: 3 0x8000922e (0x987d) x 8 0x00000006
core   0: 0x80009230 (0x02201f33) mulh    t5, zero, sp
core   0: 3 0x80009230 (0x02201f33) x30 0x00000000
core   0: 0x80009234 (0x0174be33) sltu    t3, s1, s7
core   0: 3 0x80009234 (0x0174be33) x28 0x00000000
core   0: 0x80009238 (0xc1d7ba17) auipc   s4, 0xc1d7b
core   0: 3 0x80009238 (0xc1d7ba17) x20 0x41d84238
core   0: 0x8000923c (0x00008d99) c.sub   a1, a4
core   0: 3 0x8000923c (0x8d99) x11 0x00000000
core   0: 0x8000923e (0x01fa2eb3) slt     t4, s4, t6
core   0: 3 0x8000923e (0x01fa2eb3) x29 0x00000000
core   0: 0x80009242 (0x00c34133) xor     sp, t1, a2
core   0: 3 0x80009242 (0x00c34133) x 2 0xfffffd17
core   0: 0x80009246 (0x0000717d) c.addi16sp sp, -16
core   0: 3 0x80009246 (0x717d) x 2 0xfffffd07
core   0: 0x80009248 (0x03ff5033) divu    zero, t5, t6
core   0: 3 0x80009248 (0x03ff5033)
core   0: 0x8000924c (0x00008da9) c.xor   a1, a0
core   0: 3 0x8000924c (0x8da9) x11 0x00000000
core   0: 0x8000924e (0x0000ec95) c.bnez  s1, pc + 60
core   0: 3 0x8000924e (0xec95)
core   0: 0x8000928a (0x02140f33) mul     t5, s0, ra
core   0: 3 0x8000928a (0x02140f33) x30 0xffffeee4
core   0: 0x8000928e (0x00b875b3) and     a1, a6, a1
core   0: 3 0x8000928e (0x00b875b3) x11 0x00000000
core   0: 0x80009292 (0x00008319) c.srli  a4, 6
core   0: 3 0x80009292 (0x8319) x14 0x00000000
core   0: 0x80009294 (0x0240e933) rem     s2, ra, tp
core   0: 3 0x80009294 (0x0240e933) x18 0xfffffd26
core   0: 0x80009298 (0x00008cd5) c.or    s1, a3
core   0: 3 0x80009298 (0x8cd5) x 9 0x19c00012
core   0: 0x8000929a (0x00000001) c.nop
core   0: 3 0x8000929a (0x0001)
core   0: 0x8000929c (0x00141e33) sll     t3, s0, ra
core   0: 3 0x8000929c (0x00141e33) x28 0x00000180
core   0: 0x800092a0 (0x0000100f) fence.i
core   0: 3 0x800092a0 (0x0000100f)
core   0: 0x800092a4 (0x00008525) c.srai  a0, 9
core   0: 3 0x800092a4 (0x8525) x10 0x00000000
core   0: 0x800092a6 (0x00008861) c.andi  s0, 24
core   0: 3 0x800092a6 (0x8861) x 8 0x00000000
core   0: 0x800092a8 (0x0ff0000f) fence   iorw,iorw
core   0: 3 0x800092a8 (0x0ff0000f)
core   0: 0x800092ac (0x00008b7a) c.mv    s6, t5
core   0: 3 0x800092ac (0x8b7a) x22 0xffffeee4
core   0: 0x800092ae (0x010510b3) sll     ra, a0, a6
core   0: 3 0x800092ae (0x010510b3) x 1 0x00000000
core   0: 0x800092b2 (0x01875413) srli    s0, a4, 24
core   0: 3 0x800092b2 (0x01875413) x 8 0x00000000
core   0: 0x800092b6 (0x00004397) auipc   t2, 0x4
core   0: 3 0x800092b6 (0x00004397) x 7 0x8000d2b6
core   0: 0x800092ba (0x41a38393) addi    t2, t2, 1050
core   0: 3 0x800092ba (0x41a38393) x 7 0x8000d6d0
core   0: 0x800092be (0x03b2d233) divu    tp, t0, s11
core   0: 3 0x800092be (0x03b2d233) x 4 0x7dc0041c
core   0: 0x800092c2 (0x24d38393) addi    t2, t2, 589
core   0: 3 0x800092c2 (0x24d38393) x 7 0x8000d91d
core   0: 0x800092c6 (0x00008dc5) c.or    a1, s1
core   0: 3 0x800092c6 (0x8dc5) x11 0x19c00012
core   0: 0x800092c8 (0x00000a42) c.slli  s4, 16
core   0: 3 0x800092c8 (0x0a42) x20 0x42380000
core   0: 0x800092ca (0xdb438de7) jalr    s11, t2, -588
core   0: 3 0x800092ca (0xdb438de7) x27 0x800092ce
core   0: 0x8000d6d0 (0xbc6c6413) ori     s0, s8, -1082
core   0: 3 0x8000d6d0 (0xbc6c6413) x 8 0xfffffbc7
core   0: 0x8000d6d4 (0x0000850a) c.mv    a0, sp
core   0: 3 0x8000d6d4 (0x850a) x10 0xfffffd07
core   0: 0x8000d6d6 (0x00001a91) c.addi  s5, -28
core   0: 3 0x8000d6d6 (0x1a91) x21 0x80025e48
core   0: 0x8000d6d8 (0x3af4c317) auipc   t1, 0x3af4c
core   0: 3 0x8000d6d8 (0x3af4c317) x 6 0xbaf596d8
core   0: 0x8000d6dc (0x01baa223) sw      s11, 4(s5)
core   0: 3 0x8000d6dc (0x01baa223) mem 0x80025e4c 0x800092ce
core   0: 0x8000d6e0 (0x016baa33) slt     s4, s7, s6
core   0: 3 0x8000d6e0 (0x016baa33) x20 0x00000000
core   0: 0x8000d6e4 (0x412f8233) sub     tp, t6, s2
core   0: 3 0x8000d6e4 (0x412f8233) x 4 0x000002da
core   0: 0x8000d6e8 (0x03c711b3) mulh    gp, a4, t3
core   0: 3 0x8000d6e8 (0x03c711b3) x 3 0x00000000
core   0: 0x8000d6ec (0x30419d37) lui     s10, 0x30419
core   0: 3 0x8000d6ec (0x30419d37) x26 0x30419000
core   0: 0x8000d6f0 (0x01d71693) slli    a3, a4, 29
core   0: 3 0x8000d6f0 (0x01d71693) x13 0x00000000
core   0: 0x8000d6f4 (0x00001f7d) c.addi  t5, -1
core   0: 3 0x8000d6f4 (0x1f7d) x30 0xffffeee3
core   0: 0x8000d6f6 (0x00007117) auipc   sp, 0x7
core   0: 3 0x8000d6f6 (0x00007117) x 2 0x800146f6
core   0: 0x8000d6fa (0x7c410113) addi    sp, sp, 1988
core   0: 3 0x8000d6fa (0x7c410113) x 2 0x80014eba
core   0: 0x8000d6fe (0x07b12f23) sw      s11, 126(sp)
core   0: 3 0x8000d6fe (0x07b12f23) mem 0x80014f38 0x800092ce
core   0: 0x8000d702 (0x07e14003) lbu     zero, 126(sp)
core   0: 3 0x8000d702 (0x07e14003) mem 0x80014f38
core   0: 0x8000d706 (0x0d910703) lb      a4, 217(sp)
core   0: 3 0x8000d706 (0x0d910703) x14 0xffffff89 mem 0x80014f93
core   0: 0x8000d70a (0x031b2d33) mulhsu  s10, s6, a7
core   0: 3 0x8000d70a (0x031b2d33) x26 0x00000000
core   0: 0x8000d70e (0x0c4104a3) sb      tp, 201(sp)
core   0: 3 0x8000d70e (0x0c4104a3) mem 0x80014f83 0xda
core   0: 0x8000d712 (0xfef10e83) lb      t4, -17(sp)
core   0: 3 0x8000d712 (0xfef10e83) x29 0x00000047 mem 0x80014ea9
core   0: 0x8000d716 (0xfeb107a3) sb      a1, -17(sp)
core   0: 3 0x8000d716 (0xfeb107a3) mem 0x80014ea9 0x12
core   0: 0x8000d71a (0xfdb14603) lbu     a2, -37(sp)
core   0: 3 0x8000d71a (0xfdb14603) x12 0x00000053 mem 0x80014e95
core   0: 0x8000d71e (0xf7f10383) lb      t2, -129(sp)
core   0: 3 0x8000d71e (0xf7f10383) x 7 0xffffffd9 mem 0x80014e39
core   0: 0x8000d722 (0x0ce12403) lw      s0, 206(sp)
core   0: 3 0x8000d722 (0x0ce12403) x 8 0x8f2236e7 mem 0x80014f88
core   0: 0x8000d726 (0x0ec15683) lhu     a3, 236(sp)
core   0: 3 0x8000d726 (0x0ec15683) x13 0x0000e75e mem 0x80014fa6
core   0: 0x8000d72a (0x0bf10d83) lb      s11, 191(sp)
core   0: 3 0x8000d72a (0x0bf10d83) x27 0xffffffba mem 0x80014f79
core   0: 0x8000d72e (0xfa8101a3) sb      s0, -93(sp)
core   0: 3 0x8000d72e (0xfa8101a3) mem 0x80014e5d 0xe7
core   0: 0x8000d732 (0x00007817) auipc   a6, 0x7
core   0: 3 0x8000d732 (0x00007817) x16 0x80014732
core   0: 0x8000d736 (0x5c380813) addi    a6, a6, 1475
core   0: 3 0x8000d736 (0x5c380813) x16 0x80014cf5
core   0: 0x8000d73a (0x00003217) auipc   tp, 0x3
core   0: 3 0x8000d73a (0x00003217) x 4 0x8001073a
core   0: 0x8000d73e (0xd5e20213) addi    tp, tp, -674
core   0: 3 0x8000d73e (0xd5e20213) x 4 0x80010498
core   0: 0x8000d742 (0x02024583) lbu     a1, 32(tp)
core   0: 3 0x8000d742 (0x02024583) x11 0x00000020 mem 0x800104b8
core   0: 0x8000d746 (0x09820003) lb      zero, 152(tp)
core   0: 3 0x8000d746 (0x09820003) mem 0x80010530
core   0: 0x8000d74a (0x0e724083) lbu     ra, 231(tp)
core   0: 3 0x8000d74a (0x0e724083) x 1 0x0000005b mem 0x8001057f
core   0: 0x8000d74e (0x01d80723) sb      t4, 14(a6)
core   0: 3 0x8000d74e (0x01d80723) mem 0x80014d03 0x47
core   0: 0x8000d752 (0xf5724e03) lbu     t3, -169(tp)
core   0: 3 0x8000d752 (0xf5724e03) x28 0x00000068 mem 0x800103ef
core   0: 0x8000d756 (0x00080603) lb      a2, 0(a6)
core   0: 3 0x8000d756 (0x00080603) x12 0x00000070 mem 0x80014cf5
core   0: 0x8000d75a (0xfcd20603) lb      a2, -51(tp)
core   0: 3 0x8000d75a (0xfcd20603) x12 0xffffffce mem 0x80010465
core   0: 0x8000d75e (0x00084083) lbu     ra, 0(a6)
core   0: 3 0x8000d75e (0x00084083) x 1 0x00000070 mem 0x80014cf5
core   0: 0x8000d762 (0xfe621c03) lh      s8, -26(tp)
core   0: 3 0x8000d762 (0xfe621c03) x24 0x00003b9c mem 0x8001047e
core   0: 0x8000d766 (0x00e80023) sb      a4, 0(a6)
core   0: 3 0x8000d766 (0x00e80023) mem 0x80014cf5 0x89
core   0: 0x8000d76a (0xfe6818a3) sh      t1, -15(a6)
core   0: 3 0x8000d76a (0xfe6818a3) mem 0x80014ce6 0x96d8
core   0: 0x8000d76e (0x00003a17) auipc   s4, 0x3
core   0: 3 0x8000d76e (0x00003a17) x20 0x8001076e
core   0: 0x8000d772 (0x0f0a0a13) addi    s4, s4, 240
core   0: 3 0x8000d772 (0x0f0a0a13) x20 0x8001085e
core   0: 0x8000d776 (0x02a4a033) mulhsu  zero, s1, a0
core   0: 3 0x8000d776 (0x02a4a033)
core   0: 0x8000d77a (0xfb0a1203) lh      tp, -80(s4)
core   0: 3 0x8000d77a (0xfb0a1203) x 4 0xffff916b mem 0x8001080e
core   0: 0x8000d77e (0x00008d69) c.and   a0, a0
core   0: 3 0x8000d77e (0x8d69) x10 0xfffffd07
core   0: 0x8000d780 (0xaae4f493) andi    s1, s1, -1362
core   0: 3 0x8000d780 (0xaae4f493) x 9 0x19c00002
core   0: 0x8000d784 (0xe94a5203) lhu     tp, -364(s4)
core   0: 3 0x8000d784 (0xe94a5203) x 4 0x00007827 mem 0x800106f2
core   0: 0x8000d788 (0xa1da00a3) sb      t4, -1535(s4)
core   0: 3 0x8000d788 (0xa1da00a3) mem 0x8001025f 0x47
core   0: 0x8000d78c (0x00009212) c.add   tp, tp
core   0: 3 0x8000d78c (0x9212) x 4 0x0000f04e
core   0: 0x8000d78e (0x58aa0503) lb      a0, 1418(s4)
core   0: 3 0x8000d78e (0x58aa0503) x10 0xffffffad mem 0x80010de8
core   0: 0x8000d792 (0x309a02a3) sb      s1, 773(s4)
core   0: 3 0x8000d792 (0x309a02a3) mem 0x80010b63 0x2
core   0: 0x8000d796 (0x14aa08a3) sb      a0, 337(s4)
core   0: 3 0x8000d796 (0x14aa08a3) mem 0x800109af 0xad
core   0: 0x8000d79a (0x59ca0f03) lb      t5, 1436(s4)
core   0: 3 0x8000d79a (0x59ca0f03) x30 0x0000005c mem 0x80010dfa
core   0: 0x8000d79e (0x00de9513) slli    a0, t4, 13
core   0: 3 0x8000d79e (0x00de9513) x10 0x0008e000
core   0: 0x8000d7a2 (0x02a20eb3) mul     t4, tp, a0
core   0: 3 0x8000d7a2 (0x02a20eb3) x29 0x54b44000
core   0: 0x8000d7a6 (0xb60a09a3) sb      zero, -1165(s4)
core   0: 3 0x8000d7a6 (0xb60a09a3) mem 0x800103d1 0x0
core   0: 0x8000d7aa (0x064a4f03) lbu     t5, 100(s4)
core   0: 3 0x8000d7aa (0x064a4f03) x30 0x000000ff mem 0x800108c2
core   0: 0x8000d7ae (0xc6aa1723) sh      a0, -914(s4)
core   0: 3 0x8000d7ae (0xc6aa1723) mem 0x800104cc 0xe000
core   0: 0x8000d7b2 (0x00004f0d) c.li    t5, 3
core   0: 3 0x8000d7b2 (0x4f0d) x30 0x00000003
core   0: 0x8000d7b4 (0x01ef4f33) xor     t5, t5, t5
core   0: 3 0x8000d7b4 (0x01ef4f33) x30 0x00000000
core   0: 0x8000d7b8 (0x00009f7a) c.add   t5, t5
core   0: 3 0x8000d7b8 (0x9f7a) x30 0x00000000
core   0: 0x8000d7ba (0x000064cd) c.lui   s1, 0x13
core   0: 3 0x8000d7ba (0x64cd) x 9 0x00013000
core   0: 0x8000d7bc (0x409504b3) sub     s1, a0, s1
core   0: 3 0x8000d7bc (0x409504b3) x 9 0x0007b000
core   0: 0x8000d7c0 (0x38ea0003) lb      zero, 910(s4)
core   0: 3 0x8000d7c0 (0x38ea0003) mem 0x80010bec
core   0: 0x8000d7c4 (0x895a0f03) lb      t5, -1899(s4)
core   0: 3 0x8000d7c4 (0x895a0f03) x30 0x00000079 mem 0x800100f3
core   0: 0x8000d7c8 (0x00457eb3) and     t4, a0, tp
core   0: 3 0x8000d7c8 (0x00457eb3) x29 0x0000e000
core   0: 0x8000d7cc (0x797a4f03) lbu     t5, 1943(s4)
core   0: 3 0x8000d7cc (0x797a4f03) x30 0x00000010 mem 0x80010ff5
core   0: 0x8000d7d0 (0x0000157d) c.addi  a0, -1
core   0: 3 0x8000d7d0 (0x157d) x10 0x0008dfff
core   0: 0x8000d7d2 (0x00402033) slt     zero, zero, tp
core   0: 3 0x8000d7d2 (0x00402033)
core   0: 0x8000d7d6 (0x00a51f33) sll     t5, a0, a0
core   0: 3 0x8000d7d6 (0x00a51f33) x30 0x80000000
core   0: 0x8000d7da (0x00a264b3) or      s1, tp, a0
core   0: 3 0x8000d7da (0x00a264b3) x 9 0x0008ffff
core   0: 0x8000d7de (0x0ff0000f) fence   iorw,iorw
core   0: 3 0x8000d7de (0x0ff0000f)
core   0: 0x8000d7e2 (0x950a0e83) lb      t4, -1712(s4)
core   0: 3 0x8000d7e2 (0x950a0e83) x29 0xffffffdf mem 0x800101ae
core   0: 0x8000d7e6 (0xffda4f03) lbu     t5, -3(s4)
core   0: 3 0x8000d7e6 (0xffda4f03) x30 0x000000c8 mem 0x8001085b
core   0: 0x8000d7ea (0x00da4f03) lbu     t5, 13(s4)
core   0: 3 0x8000d7ea (0x00da4f03) x30 0x000000bf mem 0x8001086b
core   0: 0x8000d7ee (0x720a0623) sb      zero, 1836(s4)
core   0: 3 0x8000d7ee (0x720a0623) mem 0x80010f8a 0x0
core   0: 0x8000d7f2 (0x63ea0aa3) sb      t5, 1589(s4)
core   0: 3 0x8000d7f2 (0x63ea0aa3) mem 0x80010e93 0xbf
core   0: 0x8000d7f6 (0x63ea0fa3) sb      t5, 1599(s4)
core   0: 3 0x8000d7f6 (0x63ea0fa3) mem 0x80010e9d 0xbf
core   0: 0x8000d7fa (0x00008f76) c.mv    t5, t4
core   0: 3 0x8000d7fa (0x8f76) x30 0xffffffdf
core   0: 0x8000d7fc (0x02026f33) rem     t5, tp, zero
core   0: 3 0x8000d7fc (0x02026f33) x30 0x0000f04e
core   0: 0x8000d800 (0xd31a4503) lbu     a0, -719(s4)
core   0: 3 0x8000d800 (0xd31a4503) x10 0x000000fe mem 0x8001058f
core   0: 0x8000d804 (0x00008d05) c.sub   a0, s1
core   0: 3 0x8000d804 (0x8d05) x10 0xfff700ff
core   0: 0x8000d806 (0x02a514b3) mulh    s1, a0, a0
core   0: 3 0x8000d806 (0x02a514b3) x 9 0x00000050
core   0: 0x8000d80a (0x40948eb3) sub     t4, s1, s1
core   0: 3 0x8000d80a (0x40948eb3) x29 0x00000000
core   0: 0x8000d80e (0x00009212) c.add   tp, tp
core   0: 3 0x8000d80e (0x9212) x 4 0x0001e09c
core   0: 0x8000d810 (0x0044a4b3) slt     s1, s1, tp
core   0: 3 0x8000d810 (0x0044a4b3) x 9 0x00000001
core   0: 0x8000d814 (0x449a0223) sb      s1, 1092(s4)
core   0: 3 0x8000d814 (0x449a0223) mem 0x80010ca2 0x1
core   0: 0x8000d818 (0x41df0033) sub     zero, t5, t4
core   0: 3 0x8000d818 (0x41df0033)
core   0: 0x8000d81c (0x00001f7d) c.addi  t5, -1
core   0: 3 0x8000d81c (0x1f7d) x30 0x0000f04d
core   0: 0x8000d81e (0x5b7a0483) lb      s1, 1463(s4)
core   0: 3 0x8000d81e (0x5b7a0483) x 9 0xffffffe9 mem 0x80010e15
core   0: 0x8000d822 (0x96fa4483) lbu     s1, -1681(s4)
core   0: 3 0x8000d822 (0x96fa4483) x 9 0x00000009 mem 0x800101cd
core   0: 0x8000d826 (0x181a0f03) lb      t5, 385(s4)
core   0: 3 0x8000d826 (0x181a0f03) x30 0x0000001f mem 0x800109df
core   0: 0x8000d82a (0x103f2493) slti    s1, t5, 259
core   0: 3 0x8000d82a (0x103f2493) x 9 0x00000001
core   0: 0x8000d82e (0xdeaa09a3) sb      a0, -525(s4)
core   0: 3 0x8000d82e (0xdeaa09a3) mem 0x80010651 0xff
core   0: 0x8000d832 (0x03d03533) mulhu   a0, zero, t4
core   0: 3 0x8000d832 (0x03d03533) x10 0x00000000
core   0: 0x8000d836 (0x03ea5e83) lhu     t4, 62(s4)
core   0: 3 0x8000d836 (0x03ea5e83) x29 0x00002ffb mem 0x8001089c
core   0: 0x8000d83a (0xaa5a4003) lbu     zero, -1371(s4)
core   0: 3 0x8000d83a (0xaa5a4003) mem 0x80010303
core   0: 0x8000d83e (0xe74f0e93) addi    t4, t5, -396
core   0: 3 0x8000d83e (0xe74f0e93) x29 0xfffffe93
core   0: 0x8000d842 (0x9fca1e83) lh      t4, -1540(s4)
core   0: 3 0x8000d842 (0x9fca1e83) x29 0x000000f1 mem 0x8001025a
core   0: 0x8000d846 (0x07510f37) lui     t5, 0x7510
core   0: 3 0x8000d846 (0x07510f37) x30 0x07510000
core   0: 0x8000d84a (0xd67a0003) lb      zero, -665(s4)
core   0: 3 0x8000d84a (0xd67a0003) mem 0x800105c5
core   0: 0x8000d84e (0x00010997) auipc   s3, 0x10
core   0: 3 0x8000d84e (0x00010997) x19 0x8001d84e
core   0: 0x8000d852 (0x5c798993) addi    s3, s3, 1479
core   0: 3 0x8000d852 (0x5c798993) x19 0x8001de15
core   0: 0x8000d856 (0x0089c383) lbu     t2, 8(s3)
core   0: 3 0x8000d856 (0x0089c383) x 7 0x000000c2 mem 0x8001de1d
core   0: 0x8000d85a (0x0000b097) auipc   ra, 0xb
core   0: 3 0x8000d85a (0x0000b097) x 1 0x8001885a
core   0: 0x8000d85e (0x1c308093) addi    ra, ra, 451
core   0: 3 0x8000d85e (0x1c308093) x 1 0x80018a1d
core   0: 0x8000d862 (0x0069c583) lbu     a1, 6(s3)
core   0: 3 0x8000d862 (0x0069c583) x11 0x000000b3 mem 0x8001de1b
core   0: 0x8000d866 (0xf8308183) lb      gp, -125(ra)
core   0: 3 0x8000d866 (0xf8308183) x 3 0xffffffbc mem 0x800189a0
core   0: 0x8000d86a (0x00898f03) lb      t5, 8(s3)
core   0: 3 0x8000d86a (0x00898f03) x30 0xffffffc2 mem 0x8001de1d
core   0: 0x8000d86e (0x0059c503) lbu     a0, 5(s3)
core   0: 3 0x8000d86e (0x0059c503) x10 0x000000b0 mem 0x8001de1a
core   0: 0x8000d872 (0xff799a03) lh      s4, -9(s3)
core   0: 3 0x8000d872 (0xff799a03) x20 0xffffbc9b mem 0x8001de0c
core   0: 0x8000d876 (0xff698103) lb      sp, -10(s3)
core   0: 3 0x8000d876 (0xff698103) x 2 0x0000000c mem 0x8001de0b
core   0: 0x8000d87a (0x0ee0ca03) lbu     s4, 238(ra)
core   0: 3 0x8000d87a (0x0ee0ca03) x20 0x0000008e mem 0x80018b0b
core   0: 0x8000d87e (0xffe9c703) lbu     a4, -2(s3)
core   0: 3 0x8000d87e (0xffe9c703) x14 0x00000068 mem 0x8001de13
core   0: 0x8000d882 (0xf2f0d383) lhu     t2, -209(ra)
core   0: 3 0x8000d882 (0xf2f0d383) x 7 0x00001ce9 mem 0x8001894c
core   0: 0x8000d886 (0x01e98523) sb      t5, 10(s3)
core   0: 3 0x8000d886 (0x01e98523) mem 0x8001de1f 0xc2
core   0: 0x8000d88a (0x07d09e83) lh      t4, 125(ra)
core   0: 3 0x8000d88a (0x07d09e83) x29 0xffffd521 mem 0x80018a9a
core   0: 0x8000d88e (0x00d98583) lb      a1, 13(s3)
core   0: 3 0x8000d88e (0x00d98583) x11 0xffffffbd mem 0x8001de22
core   0: 0x8000d892 (0x00198b03) lb      s6, 1(s3)
core   0: 3 0x8000d892 (0x00198b03) x22 0x0000002e mem 0x8001de16
core   0: 0x8000d896 (0xf5008003) lb      zero, -176(ra)
core   0: 3 0x8000d896 (0xf5008003) mem 0x8001896d
core   0: 0x8000d89a (0x00003b17) auipc   s6, 0x3
core   0: 3 0x8000d89a (0x00003b17) x22 0x8001089a
core   0: 0x8000d89e (0xdfcb0b13) addi    s6, s6, -516
core   0: 3 0x8000d89e (0xdfcb0b13) x22 0x80010696
core   0: 0x8000d8a2 (0x091ecb93) xori    s7, t4, 145
core   0: 3 0x8000d8a2 (0x091ecb93) x23 0xffffd5b0
core   0: 0x8000d8a6 (0xfe5b2b23) sw      t0, -10(s6)
core   0: 3 0x8000d8a6 (0xfe5b2b23) mem 0x8001068c 0x7dc0041c
core   0: 0x8000d8aa (0x0220b833) mulhu   a6, ra, sp
core   0: 3 0x8000d8aa (0x0220b833) x16 0x00000006
core   0: 0x8000d8ae (0x00008f11) c.sub   a4, a2
core   0: 3 0x8000d8ae (0x8f11) x14 0x0000009a
core   0: 0x8000d8b0 (0xff2b1103) lh      sp, -14(s6)
core   0: 3 0x8000d8b0 (0xff2b1103) x 2 0xffffb0af mem 0x80010688
core   0: 0x8000d8b4 (0x008b0583) lb      a1, 8(s6)
core   0: 3 0x8000d8b4 (0x008b0583) x11 0x0000001b mem 0x8001069e
core   0: 0x8000d8b8 (0x00db4b83) lbu     s7, 13(s6)
core   0: 3 0x8000d8b8 (0x00db4b83) x23 0x0000003c mem 0x800106a3
core   0: 0x8000d8bc (0x0000087a) c.slli  a6, 30
core   0: 3 0x8000d8bc (0x087a) x16 0x80000000
core   0: 0x8000d8be (0x00006e29) c.lui   t3, 0xa
core   0: 3 0x8000d8be (0x6e29) x28 0x0000a000
core   0: 0x8000d8c0 (0x0c4f7e13) andi    t3, t5, 196
core   0: 3 0x8000d8c0 (0x0c4f7e13) x28 0x000000c0
core   0: 0x8000d8c4 (0x006b1403) lh      s0, 6(s6)
core   0: 3 0x8000d8c4 (0x006b1403) x 8 0x00002758 mem 0x8001069c
core   0: 0x8000d8c8 (0xff8b0183) lb      gp, -8(s6)
core   0: 3 0x8000d8c8 (0xff8b0183) x 3 0xffffffc0 mem 0x8001068e
core   0: 0x8000d8cc (0x02063533) mulhu   a0, a2, zero
core   0: 3 0x8000d8cc (0x02063533) x10 0x00000000
core   0: 0x8000d8d0 (0x008b1083) lh      ra, 8(s6)
core   0: 3 0x8000d8d0 (0x008b1083) x 1 0xffffa71b mem 0x8001069e
core   0: 0x8000d8d4 (0xffeb1203) lh      tp, -2(s6)
core   0: 3 0x8000d8d4 (0xffeb1203) x 4 0x00002b7c mem 0x80010694
core   0: 0x8000d8d8 (0xffcb5603) lhu     a2, -4(s6)
core   0: 3 0x8000d8d8 (0xffcb5603) x12 0x00007fff mem 0x80010692
core   0: 0x8000d8dc (0x0021d1b3) srl     gp, gp, sp
core   0: 3 0x8000d8dc (0x0021d1b3) x 3 0x0001ffff
core   0: 0x8000d8e0 (0xffdb0ea3) sb      t4, -3(s6)
core   0: 3 0x8000d8e0 (0xffdb0ea3) mem 0x80010693 0x21
core   0: 0x8000d8e4 (0x012b05a3) sb      s2, 11(s6)
core   0: 3 0x8000d8e4 (0x012b05a3) mem 0x800106a1 0x26
core   0: 0x8000d8e8 (0xffdb0583) lb      a1, -3(s6)
core   0: 3 0x8000d8e8 (0xffdb0583) x11 0x00000021 mem 0x80010693
core   0: 0x8000d8ec (0xff1b0403) lb      s0, -15(s6)
core   0: 3 0x8000d8ec (0xff1b0403) x 8 0x00000047 mem 0x80010687
core   0: 0x8000d8f0 (0x019940b3) xor     ra, s2, s9
core   0: 3 0x8000d8f0 (0x019940b3) x 1 0xfffffd26
core   0: 0x8000d8f4 (0xffbb0203) lb      tp, -5(s6)
core   0: 3 0x8000d8f4 (0xffbb0203) x 4 0x00000071 mem 0x80010691
core   0: 0x8000d8f8 (0xfffb0aa3) sb      t6, -11(s6)
core   0: 3 0x8000d8f8 (0xfffb0aa3) mem 0x8001068b 0x0
core   0: 0x8000d8fc (0x00009d5a) c.add   s10, s6
core   0: 3 0x8000d8fc (0x9d5a) x26 0x80010696
core   0: 0x8000d8fe (0xff4b1403) lh      s0, -12(s6)
core   0: 3 0x8000d8fe (0xff4b1403) x 8 0x000000c8 mem 0x8001068a
core   0: 0x8000d902 (0x0194d393) srli    t2, s1, 25
core   0: 3 0x8000d902 (0x0194d393) x 7 0x00000000
core   0: 0x8000d906 (0x003b0703) lb      a4, 3(s6)
core   0: 3 0x8000d906 (0x003b0703) x14 0xffffff8c mem 0x80010699
core   0: 0x8000d90a (0x008b4903) lbu     s2, 8(s6)
core   0: 3 0x8000d90a (0x008b4903) x18 0x0000001b mem 0x8001069e
core   0: 0x8000d90e (0x00700513) li      a0, 7
core   0: 3 0x8000d90e (0x00700513) x10 0x00000007
core   0: 0x8000d912 (0x00600413) li      s0, 6
core   0: 3 0x8000d912 (0x00600413) x 8 0x00000006
core   0: 0x8000d916 (0x01340c33) add     s8, s0, s3
core   0: 3 0x8000d916 (0x01340c33) x24 0x8001de1b
core   0: 0x8000d91a (0x00ae8133) add     sp, t4, a0
core   0: 3 0x8000d91a (0x00ae8133) x 2 0xffffd528
core   0: 0x8000d91e (0x000084f9) c.srai  s1, 30
core   0: 3 0x8000d91e (0x84f9) x 9 0x00000000
core   0: 0x8000d920 (0x00001569) c.addi  a0, -6
core   0: 3 0x8000d920 (0x1569) x10 0x00000001
core   0: 0x8000d922 (0xff900693) li      a3, -7
core   0: 3 0x8000d922 (0xff900693) x13 0xfffffff9
core   0: 0x8000d926 (0x00000001) c.nop
core   0: 3 0x8000d926 (0x0001)
core   0: 0x8000d928 (0x0901f393) andi    t2, gp, 144
core   0: 3 0x8000d928 (0x0901f393) x 7 0x00000090
core   0: 0x8000d92c (0x00000685) c.addi  a3, 1
core   0: 3 0x8000d92c (0x0685) x13 0xfffffffa
core   0: 0x8000d92e (0x0000deed) c.beqz  a3, pc - 6
core   0: 3 0x8000d92e (0xdeed)
core   0: 0x8000d930 (0xfe8555e3) bge     a0, s0, pc - 22
core   0: 3 0x8000d930 (0xfe8555e3)
core   0: 0x8000d934 (0x01ea1633) sll     a2, s4, t5
core   0: 3 0x8000d934 (0x01ea1633) x12 0x00000238
core   0: 0x8000d938 (0x00003f17) auipc   t5, 0x3
core   0: 3 0x8000d938 (0x00003f17) x30 0x80010938
core   0: 0x8000d93c (0x943f0f13) addi    t5, t5, -1725
core   0: 3 0x8000d93c (0x943f0f13) x30 0x8001027b
core   0: 0x8000d940 (0x00003e97) auipc   t4, 0x3
core   0: 3 0x8000d940 (0x00003e97) x29 0x80010940
core   0: 0x8000d944 (0x212e8e93) addi    t4, t4, 530
core   0: 3 0x8000d944 (0x212e8e93) x29 0x80010b52
core   0: 0x8000d948 (0x00003297) auipc   t0, 0x3
core   0: 3 0x8000d948 (0x00003297) x 5 0x80010948
core   0: 0x8000d94c (0x10328293) addi    t0, t0, 259
core   0: 3 0x8000d94c (0x10328293) x 5 0x80010a4b
core   0: 0x8000d950 (0xf812c983) lbu     s3, -127(t0)
core   0: 3 0x8000d950 (0xf812c983) x19 0x00000083 mem 0x800109cc
core   0: 0x8000d954 (0xffaf0f23) sb      s10, -2(t5)
core   0: 3 0x8000d954 (0xffaf0f23) mem 0x80010279 0x96
core   0: 0x8000d958 (0xfb8e9603) lh      a2, -72(t4)
core   0: 3 0x8000d958 (0xfb8e9603) x12 0xffffb617 mem 0x80010b0a
core   0: 0x8000d95c (0xfe128483) lb      s1, -31(t0)
core   0: 3 0x8000d95c (0xfe128483) x 9 0x00000079 mem 0x80010a2c
core   0: 0x8000d960 (0xf0a2c803) lbu     a6, -246(t0)
core   0: 3 0x8000d960 (0xf0a2c803) x16 0x000000d4 mem 0x80010955
core   0: 0x8000d964 (0xfe3f0d23) sb      gp, -6(t5)
core   0: 3 0x8000d964 (0xfe3f0d23) mem 0x80010275 0xff
core   0: 0x8000d968 (0xf68e8523) sb      s0, -150(t4)
core   0: 3 0x8000d968 (0xf68e8523) mem 0x80010abc 0x6
core   0: 0x8000d96c (0xffbf0303) lb      t1, -5(t5)
core   0: 3 0x8000d96c (0xffbf0303) x 6 0x00000059 mem 0x80010276
core   0: 0x8000d970 (0x038e9d03) lh      s10, 56(t4)
core   0: 3 0x8000d970 (0x038e9d03) x26 0xffff9e7c mem 0x80010b8a
core   0: 0x8000d974 (0xffaf0303) lb      t1, -6(t5)
core   0: 3 0x8000d974 (0xffaf0303) x 6 0xffffffff mem 0x80010275
core   0: 0x8000d978 (0x09e294a3) sh      t5, 137(t0)
core   0: 3 0x8000d978 (0x09e294a3) mem 0x80010ad4 0x027b
core   0: 0x8000d97c (0xf97ec203) lbu     tp, -105(t4)
core   0: 3 0x8000d97c (0xf97ec203) x 4 0x00000021 mem 0x80010ae9
core   0: 0x8000d980 (0xf5929d03) lh      s10, -167(t0)
core   0: 3 0x8000d980 (0xf5929d03) x26 0x00002fe4 mem 0x800109a4
core   0: 0x8000d984 (0x010f0f83) lb      t6, 16(t5)
core   0: 3 0x8000d984 (0x010f0f83) x31 0x00000065 mem 0x8001028b
core   0: 0x8000d988 (0xfeaf0b23) sb      a0, -10(t5)
core   0: 3 0x8000d988 (0xfeaf0b23) mem 0x80010271 0x1
core   0: 0x8000d98c (0xfdc287a3) sb      t3, -49(t0)
core   0: 3 0x8000d98c (0xfdc287a3) mem 0x80010a1a 0xc0
core   0: 0x8000d990 (0xf6228b03) lb      s6, -158(t0)
core   0: 3 0x8000d990 (0xf6228b03) x22 0xfffffff0 mem 0x800109ad
core   0: 0x8000d994 (0xfcce9d03) lh      s10, -52(t4)
core   0: 3 0x8000d994 (0xfcce9d03) x26 0xffffeadf mem 0x80010b1e
core   0: 0x8000d998 (0x011f0523) sb      a7, 10(t5)
core   0: 3 0x8000d998 (0x011f0523) mem 0x80010285 0x0
core   0: 0x8000d99c (0xf88e8683) lb      a3, -120(t4)
core   0: 3 0x8000d99c (0xf88e8683) x13 0x00000058 mem 0x80010ada
core   0: 0x8000d9a0 (0xffcf0383) lb      t2, -4(t5)
core   0: 3 0x8000d9a0 (0xffcf0383) x 7 0xffffffc4 mem 0x80010277
core   0: 0x8000d9a4 (0xf2f2d383) lhu     t2, -209(t0)
core   0: 3 0x8000d9a4 (0xf2f2d383) x 7 0x00009946 mem 0x8001097a
core   0: 0x8000d9a8 (0x003f1f83) lh      t6, 3(t5)
core   0: 3 0x8000d9a8 (0x003f1f83) x31 0xffff8fcc mem 0x8001027e
core   0: 0x8000d9ac (0xfd2e88a3) sb      s2, -47(t4)
core   0: 3 0x8000d9ac (0xfd2e88a3) mem 0x80010b23 0x1b
core   0: 0x8000d9b0 (0x00009997) auipc   s3, 0x9
core   0: 3 0x8000d9b0 (0x00009997) x19 0x800169b0
core   0: 0x8000d9b4 (0x07898993) addi    s3, s3, 120
core   0: 3 0x8000d9b4 (0x07898993) x19 0x80016a28
core   0: 0x8000d9b8 (0x34d98723) sb      a3, 846(s3)
core   0: 3 0x8000d9b8 (0x34d98723) mem 0x80016d76 0x58
core   0: 0x8000d9bc (0x00000001) c.nop
core   0: 3 0x8000d9bc (0x0001)
core   0: 0x8000d9be (0x8d898623) sb      s8, -1844(s3)
core   0: 3 0x8000d9be (0x8d898623) mem 0x800162f4 0x1b
core   0: 0x8000d9c2 (0x7139cd83) lbu     s11, 1811(s3)
core   0: 3 0x8000d9c2 (0x7139cd83) x27 0x0000001a mem 0x8001713b
core   0: 0x8000d9c6 (0xc75985a3) sb      s5, -917(s3)
core   0: 3 0x8000d9c6 (0xc75985a3) mem 0x80016693 0x48
core   0: 0x8000d9ca (0x46e9d003) lhu     zero, 1134(s3)
core   0: 3 0x8000d9ca (0x46e9d003) mem 0x80016e96
core   0: 0x8000d9ce (0x02479eb3) mulh    t4, a5, tp
core   0: 3 0x8000d9ce (0x02479eb3) x29 0xffffffef
core   0: 0x8000d9d2 (0x24e98283) lb      t0, 590(s3)
core   0: 3 0x8000d9d2 (0x24e98283) x 5 0x00000031 mem 0x80016c76
core   0: 0x8000d9d6 (0x71c987a3) sb      t3, 1807(s3)
core   0: 3 0x8000d9d6 (0x71c987a3) mem 0x80017137 0xc0
core   0: 0x8000d9da (0xd88f4493) xori    s1, t5, -632
core   0: 3 0x8000d9da (0xd88f4493) x 9 0x7ffefff3
core   0: 0x8000d9de (0x1e198f23) sb      ra, 510(s3)
core   0: 3 0x8000d9de (0x1e198f23) mem 0x80016c26 0x26
core   0: 0x8000d9e2 (0xddf9c703) lbu     a4, -545(s3)
core   0: 3 0x8000d9e2 (0xddf9c703) x14 0x000000de mem 0x80016807
core   0: 0x8000d9e6 (0x02dee3b3) rem     t2, t4, a3
core   0: 3 0x8000d9e6 (0x02dee3b3) x 7 0xffffffef
core   0: 0x8000d9ea (0x00008d09) c.sub   a0, a0
core   0: 3 0x8000d9ea (0x8d09) x10 0x00000000
core   0: 0x8000d9ec (0x78f9cd83) lbu     s11, 1935(s3)
core   0: 3 0x8000d9ec (0x78f9cd83) x27 0x00000049 mem 0x800171b7
core   0: 0x8000d9f0 (0xffd98ba3) sb      t4, -9(s3)
core   0: 3 0x8000d9f0 (0xffd98ba3) mem 0x80016a1f 0xef
core   0: 0x8000d9f4 (0x1129de03) lhu     t3, 274(s3)
core   0: 3 0x8000d9f4 (0x1129de03) x28 0x00002210 mem 0x80016b3a
core   0: 0x8000d9f8 (0x00008821) c.andi  s0, 8
core   0: 3 0x8000d9f8 (0x8821) x 8 0x00000000
core   0: 0x8000d9fa (0x00008da5) c.xor   a1, s1
core   0: 3 0x8000d9fa (0x8da5) x11 0x7ffeffd2
core   0: 0x8000d9fc (0xffb9ce03) lbu     t3, -5(s3)
core   0: 3 0x8000d9fc (0xffb9ce03) x28 0x000000e6 mem 0x80016a23
core   0: 0x8000da00 (0x00008ee9) c.and   a3, a0
core   0: 3 0x8000da00 (0x8ee9) x13 0x00000000
core   0: 0x8000da02 (0xe60ff813) andi    a6, t6, -416
core   0: 3 0x8000da02 (0xe60ff813) x16 0xffff8e40
core   0: 0x8000da06 (0x6f59c183) lbu     gp, 1781(s3)
core   0: 3 0x8000da06 (0x6f59c183) x 3 0x0000005f mem 0x8001711d
core   0: 0x8000da0a (0xa6899203) lh      tp, -1432(s3)
core   0: 3 0x8000da0a (0xa6899203) x 4 0x000018a1 mem 0x80016490
core   0: 0x8000da0e (0xc679c183) lbu     gp, -921(s3)
core   0: 3 0x8000da0e (0xc679c183) x 3 0x00000090 mem 0x8001668f
core   0: 0x8000da12 (0x0119ea33) or      s4, s3, a7
core   0: 3 0x8000da12 (0x0119ea33) x20 0x80016a28
core   0: 0x8000da16 (0x7c998903) lb      s2, 1993(s3)
core   0: 3 0x8000da16 (0x7c998903) x18 0x00000012 mem 0x800171f1
core   0: 0x8000da1a (0x39b9cc03) lbu     s8, 923(s3)
core   0: 3 0x8000da1a (0x39b9cc03) x24 0x0000000c mem 0x80016dc3
core   0: 0x8000da1e (0x26f98283) lb      t0, 623(s3)
core   0: 3 0x8000da1e (0x26f98283) x 5 0xffffff98 mem 0x80016c97
core   0: 0x8000da22 (0x02f98903) lb      s2, 47(s3)
core   0: 3 0x8000da22 (0x02f98903) x18 0xffffff92 mem 0x80016a57
core   0: 0x8000da26 (0x00000001) c.nop
core   0: 3 0x8000da26 (0x0001)
core   0: 0x8000da28 (0x8079cf03) lbu     t5, -2041(s3)
core   0: 3 0x8000da28 (0x8079cf03) x30 0x000000bb mem 0x8001622f
core   0: 0x8000da2c (0x9ee98303) lb      t1, -1554(s3)
core   0: 3 0x8000da2c (0x9ee98303) x 6 0xffffffcf mem 0x80016416
core   0: 0x8000da30 (0x00003417) auipc   s0, 0x3
core   0: 3 0x8000da30 (0x00003417) x 8 0x80010a30
core   0: 0x8000da34 (0x59240413) addi    s0, s0, 1426
core   0: 3 0x8000da34 (0x59240413) x 8 0x80010fc2
core   0: 0x8000da38 (0x02940603) lb      a2, 41(s0)
core   0: 3 0x8000da38 (0x02940603) x12 0xffffffc0 mem 0x80010feb
core   0: 0x8000da3c (0xa961bf93) sltiu   t6, gp, -1386
core   0: 3 0x8000da3c (0xa961bf93) x31 0x00000001
core   0: 0x8000da40 (0x00bc9bb3) sll     s7, s9, a1
core   0: 3 0x8000da40 (0x00bc9bb3) x23 0x00000000
core   0: 0x8000da44 (0x6c13c913) xori    s2, t2, 1729
core   0: 3 0x8000da44 (0x6c13c913) x18 0xfffff92e
core   0: 0x8000da48 (0x3e2d0513) addi    a0, s10, 994
core   0: 3 0x8000da48 (0x3e2d0513) x10 0xffffeec1
core   0: 0x8000da4c (0x00008dc6) c.mv    s11, a7
core   0: 3 0x8000da4c (0x8dc6) x27 0x00000000
core   0: 0x8000da4e (0x03a3dcb3) divu    s9, t2, s10
core   0: 3 0x8000da4e (0x03a3dcb3) x25 0x00000001
core   0: 0x8000da52 (0x00641383) lh      t2, 6(s0)
core   0: 3 0x8000da52 (0x00641383) x 7 0x00007802 mem 0x80010fc8
core   0: 0x8000da56 (0x00e41b03) lh      s6, 14(s0)
core   0: 3 0x8000da56 (0x00e41b03) x22 0x0000007d mem 0x80010fd0
core   0: 0x8000da5a (0xfff409a3) sb      t6, -13(s0)
core   0: 3 0x8000da5a (0xfff409a3) mem 0x80010fb5 0x1
core   0: 0x8000da5e (0x001409a3) sb      ra, 19(s0)
core   0: 3 0x8000da5e (0x001409a3) mem 0x80010fd5 0x26
core   0: 0x8000da62 (0x00000001) c.nop
core   0: 3 0x8000da62 (0x0001)
core   0: 0x8000da64 (0xb1132e93) slti    t4, t1, -1263
core   0: 3 0x8000da64 (0xb1132e93) x29 0x00000000
core   0: 0x8000da68 (0x0ff0000f) fence   iorw,iorw
core   0: 3 0x8000da68 (0x0ff0000f)
core   0: 0x8000da6c (0x00008cb5) c.xor   s1, a3
core   0: 3 0x8000da6c (0x8cb5) x 9 0x7ffefff3
core   0: 0x8000da6e (0xfec44503) lbu     a0, -20(s0)
core   0: 3 0x8000da6e (0xfec44503) x10 0x0000006c mem 0x80010fae
core   0: 0x8000da72 (0x84b56fb7) lui     t6, 0x84b56
core   0: 3 0x8000da72 (0x84b56fb7) x31 0x84b56000
core   0: 0x8000da76 (0x016403a3) sb      s6, 7(s0)
core   0: 3 0x8000da76 (0x016403a3) mem 0x80010fc9 0x7d
core   0: 0x8000da7a (0x0ff0000f) fence   iorw,iorw
core   0: 3 0x8000da7a (0x0ff0000f)
core   0: 0x8000da7e (0x0000100f) fence.i
core   0: 3 0x8000da7e (0x0000100f)
core   0: 0x8000da82 (0x00f44003) lbu     zero, 15(s0)
core   0: 3 0x8000da82 (0x00f44003) mem 0x80010fd1
core   0: 0x8000da86 (0x00e42a03) lw      s4, 14(s0)
core   0: 3 0x8000da86 (0x00e42a03) x20 0x0000007d mem 0x80010fd0
core   0: 0x8000da8a (0x00544f03) lbu     t5, 5(s0)
core   0: 3 0x8000da8a (0x00544f03) x30 0x000000a6 mem 0x80010fc7
core   0: 0x8000da8e (0x03e7f6b3) remu    a3, a5, t5
core   0: 3 0x8000da8e (0x03e7f6b3) x13 0x00000004
core   0: 0x8000da92 (0x00008cf1) c.and   s1, a2
core   0: 3 0x8000da92 (0x8cf1) x 9 0x7ffeffc0
core   0: 0x8000da94 (0x00009f8e) c.add   t6, gp
core   0: 3 0x8000da94 (0x9f8e) x31 0x84b56090
core   0: 0x8000da96 (0x00627a33) and     s4, tp, t1
core   0: 3 0x8000da96 (0x00627a33) x20 0x00001881
core   0: 0x8000da9a (0x40dc03b3) sub     t2, s8, a3
core   0: 3 0x8000da9a (0x40dc03b3) x 7 0x00000008
core   0: 0x8000da9e (0x000009e9) c.addi  s3, 26
core   0: 3 0x8000da9e (0x09e9) x19 0x80016a42
core   0: 0x8000daa0 (0xff244683) lbu     a3, -14(s0)
core   0: 3 0x8000daa0 (0xff244683) x13 0x00000059 mem 0x80010fb4
core   0: 0x8000daa4 (0x00419eb3) sll     t4, gp, tp
core   0: 3 0x8000daa4 (0x00419eb3) x29 0x00000120
core   0: 0x8000daa8 (0x0186f4b3) and     s1, a3, s8
core   0: 3 0x8000daa8 (0x0186f4b3) x 9 0x00000008
core   0: 0x8000daac (0x03642f83) lw      t6, 54(s0)
core   0: 3 0x8000daac (0x03642f83) x31 0xc2136478 mem 0x80010ff8
core   0: 0x8000dab0 (0x0000090e) c.slli  s2, 3
core   0: 3 0x8000dab0 (0x090e) x18 0xffffc970
core   0: 0x8000dab2 (0xfce44f83) lbu     t6, -50(s0)
core   0: 3 0x8000dab2 (0xfce44f83) x31 0x00000058 mem 0x80010f90
core   0: 0x8000dab6 (0x00013117) auipc   sp, 0x13
core   0: 3 0x8000dab6 (0x00013117) x 2 0x80020ab6
core   0: 0x8000daba (0xa4610113) addi    sp, sp, -1466
core   0: 3 0x8000daba (0xa4610113) x 2 0x800204fc
core   0: 0x8000dabe (0x00e11c03) lh      s8, 14(sp)
core   0: 3 0x8000dabe (0x00e11c03) x24 0x00005696 mem 0x8002050a
core   0: 0x8000dac2 (0xff010003) lb      zero, -16(sp)
core   0: 3 0x8000dac2 (0xff010003) mem 0x800204ec
core   0: 0x8000dac6 (0x00611283) lh      t0, 6(sp)
core   0: 3 0x8000dac6 (0x00611283) x 5 0xffffe4d8 mem 0x80020502
core   0: 0x8000daca (0xff914583) lbu     a1, -7(sp)
core   0: 3 0x8000daca (0xff914583) x11 0x000000c1 mem 0x800204f5
core   0: 0x8000dace (0xff810ca3) sb      s8, -7(sp)
core   0: 3 0x8000dace (0xff810ca3) mem 0x800204f5 0x96
core   0: 0x8000dad2 (0xff914183) lbu     gp, -7(sp)
core   0: 3 0x8000dad2 (0xff914183) x 3 0x00000096 mem 0x800204f5
core   0: 0x8000dad6 (0x778e2313) slti    t1, t3, 1912
core   0: 3 0x8000dad6 (0x778e2313) x 6 0x00000001
core   0: 0x8000dada (0xff910903) lb      s2, -7(sp)
core   0: 3 0x8000dada (0xff910903) x18 0xffffff96 mem 0x800204f5
core   0: 0x8000dade (0xff910e83) lb      t4, -7(sp)
core   0: 3 0x8000dade (0xff910e83) x29 0xffffff96 mem 0x800204f5
core   0: 0x8000dae2 (0xff914283) lbu     t0, -7(sp)
core   0: 3 0x8000dae2 (0xff914283) x 5 0x00000096 mem 0x800204f5
core   0: 0x8000dae6 (0xff210ca3) sb      s2, -7(sp)
core   0: 3 0x8000dae6 (0xff210ca3) mem 0x800204f5 0x96
core   0: 0x8000daea (0x0ff0000f) fence   iorw,iorw
core   0: 3 0x8000daea (0x0ff0000f)
core   0: 0x8000daee (0xff510ea3) sb      s5, -3(sp)
core   0: 3 0x8000daee (0xff510ea3) mem 0x800204f9 0x48
core   0: 0x8000daf2 (0x00a10b83) lb      s7, 10(sp)
core   0: 3 0x8000daf2 (0x00a10b83) x23 0xffffffa6 mem 0x80020506
core   0: 0x8000daf6 (0x00d14083) lbu     ra, 13(sp)
core   0: 3 0x8000daf6 (0x00d14083) x 1 0x0000006f mem 0x80020509
core   0: 0x8000dafa (0x00e106a3) sb      a4, 13(sp)
core   0: 3 0x8000dafa (0x00e106a3) mem 0x80020509 0xde
core   0: 0x8000dafe (0x00514c83) lbu     s9, 5(sp)
core   0: 3 0x8000dafe (0x00514c83) x25 0x00000033 mem 0x80020501
core   0: 0x8000db02 (0x00d10a03) lb      s4, 13(sp)
core   0: 3 0x8000db02 (0x00d10a03) x20 0xffffffde mem 0x80020509
core   0: 0x8000db06 (0x01000def) jal     s11, pc + 0x10
core   0: 3 0x8000db06 (0x01000def) x27 0x8000db0a
core   0: 0x8000db16 (0x00002801) c.jal   pc + 16
core   0: 3 0x8000db16 (0x2801) x 1 0x8000db18
core   0: 0x8000db26 (0x00003ff5) c.jal   pc - 4
core   0: 3 0x8000db26 (0x3ff5) x 1 0x8000db28
core   0: 0x8000db22 (0x00002031) c.jal   pc + 12
core   0: 3 0x8000db22 (0x2031) x 1 0x8000db24
core   0: 0x8000db2e (0x0000bff1) c.j     pc - 36
core   0: 3 0x8000db2e (0xbff1)
core   0: 0x8000db0a (0x006000ef) jal     pc + 0x6
core   0: 3 0x8000db0a (0x006000ef) x 1 0x8000db0e
core   0: 0x8000db10 (0x0000a021) c.j     pc + 8
core   0: 3 0x8000db10 (0xa021)
core   0: 0x8000db18 (0x01a000ef) jal     pc + 0x1a
core   0: 3 0x8000db18 (0x01a000ef) x 1 0x8000db1c
core   0: 0x8000db32 (0x00003fdd) c.jal   pc - 10
core   0: 3 0x8000db32 (0x3fdd) x 1 0x8000db34
core   0: 0x8000db28 (0x00c001ef) jal     gp, pc + 0xc
core   0: 3 0x8000db28 (0x00c001ef) x 3 0x8000db2c
core   0: 0x8000db34 (0x0000bfc5) c.j     pc - 16
core   0: 3 0x8000db34 (0xbfc5)
core   0: 0x8000db24 (0x000037ed) c.jal   pc - 22
core   0: 3 0x8000db24 (0x37ed) x 1 0x8000db26
core   0: 0x8000db0e (0x00002839) c.jal   pc + 30
core   0: 3 0x8000db0e (0x2839) x 1 0x8000db10
core   0: 0x8000db2c (0x00003fd5) c.jal   pc - 12
core   0: 3 0x8000db2c (0x3fd5) x 1 0x8000db2e
core   0: 0x8000db20 (0x0000a819) c.j     pc + 22
core   0: 3 0x8000db20 (0xa819)
core   0: 0x8000db36 (0x00003ff9) c.jal   pc - 34
core   0: 3 0x8000db36 (0x3ff9) x 1 0x8000db38
core   0: 0x8000db14 (0x00003ffd) c.jal   pc - 2
core   0: 3 0x8000db14 (0x3ffd) x 1 0x8000db16
core   0: 0x8000db12 (0x0000a029) c.j     pc + 10
core   0: 3 0x8000db12 (0xa029)
core   0: 0x8000db1c (0x014000ef) jal     pc + 0x14
core   0: 3 0x8000db1c (0x014000ef) x 1 0x8000db20
core   0: 0x8000db30 (0x00002021) c.jal   pc + 8
core   0: 3 0x8000db30 (0x2021) x 1 0x8000db32
core   0: 0x8000db38 (0xbbc3e913) ori     s2, t2, -1092
core   0: 3 0x8000db38 (0xbbc3e913) x18 0xfffffbbc
core   0: 0x8000db3c (0x03000def) jal     s11, pc + 0x30
core   0: 3 0x8000db3c (0x03000def) x27 0x8000db40
core   0: 0x8000db6c (0xfe5ff0ef) jal     pc - 0x1c
core   0: 3 0x8000db6c (0xfe5ff0ef) x 1 0x8000db70
core   0: 0x8000db50 (0x0000a00d) c.j     pc + 34
core   0: 3 0x8000db50 (0xa00d)
core   0: 0x8000db72 (0xfebff46f) jal     s0, pc - 0x16
core   0: 3 0x8000db72 (0xfebff46f) x 8 0x8000db76
core   0: 0x8000db5c (0x01a0036f) jal     t1, pc + 0x1a
core   0: 3 0x8000db5c (0x01a0036f) x 6 0x8000db60
core   0: 0x8000db76 (0xfd1ff0ef) jal     pc - 0x30
core   0: 3 0x8000db76 (0xfd1ff0ef) x 1 0x8000db7a
core   0: 0x8000db46 (0x0000bfed) c.j     pc - 6
core   0: 3 0x8000db46 (0xbfed)
core   0: 0x8000db40 (0x008000ef) jal     pc + 0x8
core   0: 3 0x8000db40 (0x008000ef) x 1 0x8000db44
core   0: 0x8000db48 (0x028000ef) jal     pc + 0x28
core   0: 3 0x8000db48 (0x028000ef) x 1 0x8000db4c
core   0: 0x8000db70 (0x0000b7dd) c.j     pc - 26
core   0: 3 0x8000db70 (0xb7dd)
core   0: 0x8000db56 (0x0100076f) jal     a4, pc + 0x10
core   0: 3 0x8000db56 (0x0100076f) x14 0x8000db5a
core   0: 0x8000db66 (0x00003fed) c.jal   pc - 6
core   0: 3 0x8000db66 (0x3fed) x 1 0x8000db68
core   0: 0x8000db60 (0x0000a009) c.j     pc + 2
core   0: 3 0x8000db60 (0xa009)
core   0: 0x8000db62 (0xff1ff36f) jal     t1, pc - 0x10
core   0: 3 0x8000db62 (0xff1ff36f) x 6 0x8000db66
core   0: 0x8000db52 (0x00002009) c.jal   pc + 2
core   0: 3 0x8000db52 (0x2009) x 1 0x8000db54
core   0: 0x8000db54 (0x0000bfc5) c.j     pc - 16
core   0: 3 0x8000db54 (0xbfc5)
core   0: 0x8000db44 (0x0000a015) c.j     pc + 36
core   0: 3 0x8000db44 (0xa015)
core   0: 0x8000db68 (0xfe7ff0ef) jal     pc - 0x1a
core   0: 3 0x8000db68 (0xfe7ff0ef) x 1 0x8000db6c
core   0: 0x8000db4e (0x0000a031) c.j     pc + 12
core   0: 3 0x8000db4e (0xa031)
core   0: 0x8000db5a (0x00003fcd) c.jal   pc - 14
core   0: 3 0x8000db5a (0x3fcd) x 1 0x8000db5c
core   0: 0x8000db4c (0x0000203d) c.jal   pc + 46
core   0: 3 0x8000db4c (0x203d) x 1 0x8000db4e
core   0: 0x8000db7a (0x00008c99) c.sub   s1, a4
core   0: 3 0x8000db7a (0x8c99) x 9 0x7fff24ae
core   0: 0x8000db7c (0x00003597) auipc   a1, 0x3
core   0: 3 0x8000db7c (0x00003597) x11 0x80010b7c
core   0: 0x8000db80 (0x1a158593) addi    a1, a1, 417
core   0: 3 0x8000db80 (0x1a158593) x11 0x80010d1d
core   0: 0x8000db84 (0x0000db97) auipc   s7, 0xd
core   0: 3 0x8000db84 (0x0000db97) x23 0x8001ab84
core   0: 0x8000db88 (0x34cb8b93) addi    s7, s7, 844
core   0: 3 0x8000db88 (0x34cb8b93) x23 0x8001aed0
core   0: 0x8000db8c (0x00458623) sb      tp, 12(a1)
core   0: 3 0x8000db8c (0x00458623) mem 0x80010d29 0xa1
core   0: 0x8000db90 (0xf3eb9323) sh      t5, -218(s7)
core   0: 3 0x8000db90 (0xf3eb9323) mem 0x8001adf6 0x00a6
core   0: 0x8000db94 (0xffa5ce03) lbu     t3, -6(a1)
core   0: 3 0x8000db94 (0xffa5ce03) x28 0x00000068 mem 0x80010d17
core   0: 0x8000db98 (0xfd95cf03) lbu     t5, -39(a1)
core   0: 3 0x8000db98 (0xfd95cf03) x30 0x00000073 mem 0x80010cf6
core   0: 0x8000db9c (0xfe2588a3) sb      sp, -15(a1)
core   0: 3 0x8000db9c (0xfe2588a3) mem 0x80010d0e 0xfc
core   0: 0x8000dba0 (0xfdbbcc83) lbu     s9, -37(s7)
core   0: 3 0x8000dba0 (0xfdbbcc83) x25 0x0000009e mem 0x8001aeab
core   0: 0x8000dba4 (0xff658023) sb      s6, -32(a1)
core   0: 3 0x8000dba4 (0xff658023) mem 0x80010cfd 0x7d
core   0: 0x8000dba8 (0xfe65cc03) lbu     s8, -26(a1)
core   0: 3 0x8000dba8 (0xfe65cc03) x24 0x0000005b mem 0x80010d03
core   0: 0x8000dbac (0x0165aba3) sw      s6, 23(a1)
core   0: 3 0x8000dbac (0x0165aba3) mem 0x80010d34 0x0000007d
core   0: 0x8000dbb0 (0xf07bc683) lbu     a3, -249(s7)
core   0: 3 0x8000dbb0 (0xf07bc683) x13 0x000000d6 mem 0x8001add7
core   0: 0x8000dbb4 (0xff458503) lb      a0, -12(a1)
core   0: 3 0x8000dbb4 (0xff458503) x10 0x00000043 mem 0x80010d11
core   0: 0x8000dbb8 (0x02f59703) lh      a4, 47(a1)
core   0: 3 0x8000dbb8 (0x02f59703) x14 0x00002337 mem 0x80010d4c
core   0: 0x8000dbbc (0xffd589a3) sb      t4, -13(a1)
core   0: 3 0x8000dbbc (0xffd589a3) mem 0x80010d10 0x96
core   0: 0x8000dbc0 (0x03cb9223) sh      t3, 36(s7)
core   0: 3 0x8000dbc0 (0x03cb9223) mem 0x8001aef4 0x0068
core   0: 0x8000dbc4 (0x079b8f83) lb      t6, 121(s7)
core   0: 3 0x8000dbc4 (0x079b8f83) x31 0x0000007f mem 0x8001af49
core   0: 0x8000dbc8 (0xfff00713) li      a4, -1
core   0: 3 0x8000dbc8 (0xfff00713) x14 0xffffffff
core   0: 0x8000dbcc (0x00000001) c.nop
core   0: 3 0x8000dbcc (0x0001)
core   0: 0x8000dbce (0x000084be) c.mv    s1, a5
core   0: 3 0x8000dbce (0x84be) x 9 0x80029ce4
core   0: 0x8000dbd0 (0x00000705) c.addi  a4, 1
core   0: 3 0x8000dbd0 (0x0705) x14 0x00000000
core   0: 0x8000dbd2 (0x0000df75) c.beqz  a4, pc - 4
core   0: 3 0x8000dbd2 (0xdf75)
core   0: 0x8000dbce (0x000084be) c.mv    s1, a5
core   0: 3 0x8000dbce (0x84be) x 9 0x80029ce4
core   0: 0x8000dbd0 (0x00000705) c.addi  a4, 1
core   0: 3 0x8000dbd0 (0x0705) x14 0x00000001
core   0: 0x8000dbd2 (0x0000df75) c.beqz  a4, pc - 4
core   0: 3 0x8000dbd2 (0xdf75)
core   0: 0x8000dbd4 (0x035cecb3) rem     s9, s9, s5
core   0: 3 0x8000dbd4 (0x035cecb3) x25 0x0000009e
core   0: 0x8000dbd8 (0x00007197) auipc   gp, 0x7
core   0: 3 0x8000dbd8 (0x00007197) x 3 0x80014bd8
core   0: 0x8000dbdc (0xfa718193) addi    gp, gp, -89
core   0: 3 0x8000dbdc (0xfa718193) x 3 0x80014b7f
core   0: 0x8000dbe0 (0x0181c603) lbu     a2, 24(gp)
core   0: 3 0x8000dbe0 (0x0181c603) x12 0x0000009c mem 0x80014b97
core   0: 0x8000dbe4 (0x0000ff97) auipc   t6, 0xf
core   0: 3 0x8000dbe4 (0x0000ff97) x31 0x8001cbe4
core   0: 0x8000dbe8 (0x95ef8f93) addi    t6, t6, -1698
core   0: 3 0x8000dbe8 (0x95ef8f93) x31 0x8001c542
core   0: 0x8000dbec (0x00afdc83) lhu     s9, 10(t6)
core   0: 3 0x8000dbec (0x00afdc83) x25 0x000086a2 mem 0x8001c54c
core   0: 0x8000dbf0 (0x00dfc083) lbu     ra, 13(t6)
core   0: 3 0x8000dbf0 (0x00dfc083) x 1 0x00000009 mem 0x8001c54f
core   0: 0x8000dbf4 (0x010f9123) sh      a6, 2(t6)
core   0: 3 0x8000dbf4 (0x010f9123) mem 0x8001c544 0x8e40
core   0: 0x8000dbf8 (0xfd81c583) lbu     a1, -40(gp)
core   0: 3 0x8000dbf8 (0xfd81c583) x11 0x00000053 mem 0x80014b57
core   0: 0x8000dbfc (0xff4f8483) lb      s1, -12(t6)
core   0: 3 0x8000dbfc (0xff4f8483) x 9 0xffffff86 mem 0x8001c536
core   0: 0x8000dc00 (0x0051dc83) lhu     s9, 5(gp)
core   0: 3 0x8000dc00 (0x0051dc83) x25 0x00006996 mem 0x80014b84
core   0: 0x8000dc04 (0x005f8e83) lb      t4, 5(t6)
core   0: 3 0x8000dc04 (0x005f8e83) x29 0x00000036 mem 0x8001c547
core   0: 0x8000dc08 (0x0321c583) lbu     a1, 50(gp)
core   0: 3 0x8000dc08 (0x0321c583) x11 0x00000066 mem 0x80014bb1
core   0: 0x8000dc0c (0xfe6f8f23) sb      t1, -2(t6)
core   0: 3 0x8000dc0c (0xfe6f8f23) mem 0x8001c540 0x66
core   0: 0x8000dc10 (0x000fc903) lbu     s2, 0(t6)
core   0: 3 0x8000dc10 (0x000fc903) x18 0x000000bf mem 0x8001c542
core   0: 0x8000dc14 (0xff11a203) lw      tp, -15(gp)
core   0: 3 0x8000dc14 (0xff11a203) x 4 0xc7a7e8d1 mem 0x80014b70
core   0: 0x8000dc18 (0x01b18623) sb      s11, 12(gp)
core   0: 3 0x8000dc18 (0x01b18623) mem 0x80014b8b 0x40
core   0: 0x8000dc1c (0xfeff9f23) sh      a5, -2(t6)
core   0: 3 0x8000dc1c (0xfeff9f23) mem 0x8001c540 0x9ce4
core   0: 0x8000dc20 (0x0401c283) lbu     t0, 64(gp)
core   0: 3 0x8000dc20 (0x0401c283) x 5 0x0000002c mem 0x80014bbf
core   0: 0x8000dc24 (0x02118323) sb      ra, 38(gp)
core   0: 3 0x8000dc24 (0x02118323) mem 0x80014ba5 0x9
core   0: 0x8000dc28 (0xff718b23) sb      s7, -10(gp)
core   0: 3 0x8000dc28 (0xff718b23) mem 0x80014b75 0xd0
core   0: 0x8000dc2c (0xff0194a3) sh      a6, -23(gp)
core   0: 3 0x8000dc2c (0xff0194a3) mem 0x80014b68 0x8e40
core   0: 0x8000dc30 (0xff1f8303) lb      t1, -15(t6)
core   0: 3 0x8000dc30 (0xff1f8303) x 6 0xffffffea mem 0x8001c533
core   0: 0x8000dc34 (0x02000def) jal     s11, pc + 0x20
core   0: 3 0x8000dc34 (0x02000def) x27 0x8000dc38
core   0: 0x8000dc54 (0xfe5ff36f) jal     t1, pc - 0x1c
core   0: 3 0x8000dc54 (0xfe5ff36f) x 6 0x8000dc58
core   0: 0x8000dc38 (0x0160076f) jal     a4, pc + 0x16
core   0: 3 0x8000dc38 (0x0160076f) x14 0x8000dc3c
core   0: 0x8000dc4e (0x0000a029) c.j     pc + 10
core   0: 3 0x8000dc4e (0xa029)
core   0: 0x8000dc58 (0x0000b7dd) c.j     pc - 26
core   0: 3 0x8000dc58 (0xb7dd)
core   0: 0x8000dc3e (0x0000a021) c.j     pc + 8
core   0: 3 0x8000dc3e (0xa021)
core   0: 0x8000dc46 (0x00002009) c.jal   pc + 2
core   0: 3 0x8000dc46 (0x2009) x 1 0x8000dc48
core   0: 0x8000dc48 (0xff9ff0ef) jal     pc - 0x8
core   0: 3 0x8000dc48 (0xff9ff0ef) x 1 0x8000dc4c
core   0: 0x8000dc40 (0x00400b6f) jal     s6, pc + 0x4
core   0: 3 0x8000dc40 (0x00400b6f) x22 0x8000dc44
core   0: 0x8000dc44 (0x00002021) c.jal   pc + 8
core   0: 3 0x8000dc44 (0x2021) x 1 0x8000dc46
core   0: 0x8000dc4c (0x00003fc5) c.jal   pc - 16
core   0: 3 0x8000dc4c (0x3fc5) x 1 0x8000dc4e
core   0: 0x8000dc3c (0x0000a811) c.j     pc + 20
core   0: 3 0x8000dc3c (0xa811)
core   0: 0x8000dc50 (0x00a000ef) jal     pc + 0xa
core   0: 3 0x8000dc50 (0x00a000ef) x 1 0x8000dc54
core   0: 0x8000dc5a (0x01a235b3) sltu    a1, tp, s10
core   0: 3 0x8000dc5a (0x01a235b3) x11 0x00000001
core   0: 0x8000dc5e (0x00012997) auipc   s3, 0x12
core   0: 3 0x8000dc5e (0x00012997) x19 0x8001fc5e
core   0: 0x8000dc62 (0xf0b98993) addi    s3, s3, -245
core   0: 3 0x8000dc62 (0xf0b98993) x19 0x8001fb69
core   0: 0x8000dc66 (0xfc69c683) lbu     a3, -58(s3)
core   0: 3 0x8000dc66 (0xfc69c683) x13 0x000000bb mem 0x8001fb2f
core   0: 0x8000dc6a (0x00003217) auipc   tp, 0x3
core   0: 3 0x8000dc6a (0x00003217) x 4 0x80010c6a
core   0: 0x8000dc6e (0xcc020213) addi    tp, tp, -832
core   0: 3 0x8000dc6e (0xcc020213) x 4 0x8001092a
core   0: 0x8000dc72 (0xff898623) sb      s8, -20(s3)
core   0: 3 0x8000dc72 (0xff898623) mem 0x8001fb55 0x5b
core   0: 0x8000dc76 (0xfee22b23) sw      a4, -10(tp)
core   0: 3 0x8000dc76 (0xfee22b23) mem 0x80010920 0x8000dc3c
core   0: 0x8000dc7a (0x01f22123) sw      t6, 2(tp)
core   0: 3 0x8000dc7a (0x01f22123) mem 0x8001092c 0x8001c542
core   0: 0x8000dc7e (0xfcf9cd03) lbu     s10, -49(s3)
core   0: 3 0x8000dc7e (0xfcf9cd03) x26 0x000000a9 mem 0x8001fb38
core   0: 0x8000dc82 (0x01f98b23) sb      t6, 22(s3)
core   0: 3 0x8000dc82 (0x01f98b23) mem 0x8001fb7f 0x42
core   0: 0x8000dc86 (0x00824383) lbu     t2, 8(tp)
core   0: 3 0x8000dc86 (0x00824383) x 7 0x0000009a mem 0x80010932
core   0: 0x8000dc8a (0xffc24603) lbu     a2, -4(tp)
core   0: 3 0x8000dc8a (0xffc24603) x12 0x000000df mem 0x80010926
core   0: 0x8000dc8e (0x00d24a03) lbu     s4, 13(tp)
core   0: 3 0x8000dc8e (0x00d24a03) x20 0x000000cc mem 0x80010937
core   0: 0x8000dc92 (0x00f9c003) lbu     zero, 15(s3)
core   0: 3 0x8000dc92 (0x00f9c003) mem 0x8001fb78
core   0: 0x8000dc96 (0x01021083) lh      ra, 16(tp)
core   0: 3 0x8000dc96 (0x01021083) x 1 0xffffa50a mem 0x8001093a
core   0: 0x8000dc9a (0xff821003) lh      zero, -8(tp)
core   0: 3 0x8000dc9a (0xff821003) mem 0x80010922
core   0: 0x8000dc9e (0x00f984a3) sb      a5, 9(s3)
core   0: 3 0x8000dc9e (0x00f984a3) mem 0x8001fb72 0xe4
core   0: 0x8000dca2 (0x00d203a3) sb      a3, 7(tp)
core   0: 3 0x8000dca2 (0x00d203a3) mem 0x80010931 0xbb
core   0: 0x8000dca6 (0x0259d083) lhu     ra, 37(s3)
core   0: 3 0x8000dca6 (0x0259d083) x 1 0x0000ee32 mem 0x8001fb8e
core   0: 0x8000dcaa (0x02798a23) sb      t2, 52(s3)
core   0: 3 0x8000dcaa (0x02798a23) mem 0x8001fb9d 0x9a
core   0: 0x8000dcae (0xff820e03) lb      t3, -8(tp)
core   0: 3 0x8000dcae (0xff820e03) x28 0x00000000 mem 0x80010922
core   0: 0x8000dcb2 (0x007202a3) sb      t2, 5(tp)
core   0: 3 0x8000dcb2 (0x007202a3) mem 0x8001092f 0x9a
core   0: 0x8000dcb6 (0x00003117) auipc   sp, 0x3
core   0: 3 0x8000dcb6 (0x00003117) x 2 0x80010cb6
core   0: 0x8000dcba (0x5c610113) addi    sp, sp, 1478
core   0: 3 0x8000dcba (0x5c610113) x 2 0x8001127c
core   0: 0x8000dcbe (0x0ff0000f) fence   iorw,iorw
core   0: 3 0x8000dcbe (0x0ff0000f)
core   0: 0x8000dcc2 (0x033d7d33) remu    s10, s10, s3
core   0: 3 0x8000dcc2 (0x033d7d33) x26 0x000000a9
core   0: 0x8000dcc6 (0x0073ed33) or      s10, t2, t2
core   0: 3 0x8000dcc6 (0x0073ed33) x26 0x0000009a
core   0: 0x8000dcca (0x0333cd33) div     s10, t2, s3
core   0: 3 0x8000dcca (0x0333cd33) x26 0x00000000
core   0: 0x8000dcce (0x00df9713) slli    a4, t6, 13
core   0: 3 0x8000dcce (0x00df9713) x14 0x38a84000
core   0: 0x8000dcd2 (0x027fe9b3) rem     s3, t6, t2
core   0: 3 0x8000dcd2 (0x027fe9b3) x19 0xffffffac
core   0: 0x8000dcd6 (0xf0114f83) lbu     t6, -255(sp)
core   0: 3 0x8000dcd6 (0xf0114f83) x31 0x00000019 mem 0x8001117d
core   0: 0x8000dcda (0xffb14d03) lbu     s10, -5(sp)
core   0: 3 0x8000dcda (0xffb14d03) x26 0x00000006 mem 0x80011277
core   0: 0x8000dcde (0x0000100f) fence.i
core   0: 3 0x8000dcde (0x0000100f)
core   0: 0x8000dce2 (0x0000577d) c.li    a4, -1
core   0: 3 0x8000dce2 (0x577d) x14 0xffffffff
core   0: 0x8000dce4 (0x0f710983) lb      s3, 247(sp)
core   0: 3 0x8000dce4 (0x0f710983) x19 0xffffffb1 mem 0x80011373
core   0: 0x8000dce8 (0x007709b3) add     s3, a4, t2
core   0: 3 0x8000dce8 (0x007709b3) x19 0x00000099
core   0: 0x8000dcec (0x02e9dd33) divu    s10, s3, a4
core   0: 3 0x8000dcec (0x02e9dd33) x26 0x00000000
core   0: 0x8000dcf0 (0x0000818e) c.mv    gp, gp
core   0: 3 0x8000dcf0 (0x818e) x 3 0x80014b7f
core   0: 0x8000dcf2 (0x0000dc3a) c.swsp  a4, 56(sp)
core   0: 3 0x8000dcf2 (0xdc3a) mem 0x800112b4 0xffffffff
core   0: 0x8000dcf4 (0x02f10383) lb      t2, 47(sp)
core   0: 3 0x8000dcf4 (0x02f10383) x 7 0xfffffffa mem 0x800112ab
core   0: 0x8000dcf8 (0x0239d1b3) divu    gp, s3, gp
core   0: 3 0x8000dcf8 (0x0239d1b3) x 3 0x00000000
core   0: 0x8000dcfc (0xfdd10f83) lb      t6, -35(sp)
core   0: 3 0x8000dcfc (0xfdd10f83) x31 0x00000062 mem 0x80011259
core   0: 0x8000dd00 (0x00009f8e) c.add   t6, gp
core   0: 3 0x8000dd00 (0x9f8e) x31 0x00000062
core   0: 0x8000dd02 (0x41575393) srai    t2, a4, 21
core   0: 3 0x8000dd02 (0x41575393) x 7 0xffffffff
core   0: 0x8000dd06 (0xfae12423) sw      a4, -88(sp)
core   0: 3 0x8000dd06 (0xfae12423) mem 0x80011224 0xffffffff
core   0: 0x8000dd0a (0x09814983) lbu     s3, 152(sp)
core   0: 3 0x8000dd0a (0x09814983) x19 0x000000f5 mem 0x80011314
core   0: 0x8000dd0e (0x80c4ff97) auipc   t6, 0x80c4f
core   0: 3 0x8000dd0e (0x80c4ff97) x31 0x00c5cd0e
core   0: 0x8000dd12 (0x727d2d13) slti    s10, s10, 1831
core   0: 3 0x8000dd12 (0x727d2d13) x26 0x00000001
core   0: 0x8000dd16 (0x02e989b3) mul     s3, s3, a4
core   0: 3 0x8000dd16 (0x02e989b3) x19 0xffffff0b
core   0: 0x8000dd1a (0xf3011383) lh      t2, -208(sp)
core   0: 3 0x8000dd1a (0xf3011383) x 7 0xffffcc10 mem 0x800111ac
core   0: 0x8000dd1e (0x00008709) c.srai  a4, 2
core   0: 3 0x8000dd1e (0x8709) x14 0xffffffff
core   0: 0x8000dd20 (0xf5310e23) sb      s3, -164(sp)
core   0: 3 0x8000dd20 (0xf5310e23) mem 0x800111d8 0xb
core   0: 0x8000dd24 (0x000049ba) c.lwsp  s3, 140(sp)
core   0: 3 0x8000dd24 (0x49ba) x19 0x1e1a8380 mem 0x80011308
core   0: 0x8000dd26 (0xf6514703) lbu     a4, -155(sp)
core   0: 3 0x8000dd26 (0xf6514703) x14 0x00000026 mem 0x800111e1
core   0: 0x8000dd2a (0x0033bfb3) sltu    t6, t2, gp
core   0: 3 0x8000dd2a (0x0033bfb3) x31 0x00000000
core   0: 0x8000dd2e (0x413fd733) sra     a4, t6, s3
core   0: 3 0x8000dd2e (0x413fd733) x14 0x00000000
core   0: 0x8000dd32 (0x027d1fb3) mulh    t6, s10, t2
core   0: 3 0x8000dd32 (0x027d1fb3) x31 0xffffffff
core   0: 0x8000dd36 (0x01314703) lbu     a4, 19(sp)
core   0: 3 0x8000dd36 (0x01314703) x14 0x000000ae mem 0x8001128f
core   0: 0x8000dd3a (0x000041d6) c.lwsp  gp, 84(sp)
core   0: 3 0x8000dd3a (0x41d6) x 3 0x1160cb7b mem 0x800112d0
core   0: 0x8000dd3c (0x01a98fb3) add     t6, s3, s10
core   0: 3 0x8000dd3c (0x01a98fb3) x31 0x1e1a8381
core   0: 0x8000dd40 (0x03afd733) divu    a4, t6, s10
core   0: 3 0x8000dd40 (0x03afd733) x14 0x1e1a8381
core   0: 0x8000dd44 (0x0339ffb3) remu    t6, s3, s3
core   0: 3 0x8000dd44 (0x0339ffb3) x31 0x00000000
core   0: 0x8000dd48 (0x01fd6fb3) or      t6, s10, t6
core   0: 3 0x8000dd48 (0x01fd6fb3) x31 0x00000001
core   0: 0x8000dd4c (0x00e11323) sh      a4, 6(sp)
core   0: 3 0x8000dd4c (0x00e11323) mem 0x80011282 0x8381
core   0: 0x8000dd50 (0xff600413) li      s0, -10
core   0: 3 0x8000dd50 (0xff600413) x 8 0xfffffff6
core   0: 0x8000dd54 (0x028b9033) mulh    zero, s7, s0
core   0: 3 0x8000dd54 (0x028b9033)
core   0: 0x8000dd58 (0x00b00993) li      s3, 11
core   0: 3 0x8000dd58 (0x00b00993) x19 0x0000000b
core   0: 0x8000dd5c (0x02068233) mul     tp, a3, zero
core   0: 3 0x8000dd5c (0x02068233) x 4 0x00000000
core   0: 0x8000dd60 (0x03388cb3) mul     s9, a7, s3
core   0: 3 0x8000dd60 (0x03388cb3) x25 0x00000000
core   0: 0x8000dd64 (0x000054fd) c.li    s1, -1
core   0: 3 0x8000dd64 (0x54fd) x 9 0xffffffff
core   0: 0x8000dd66 (0x00008e41) c.or    a2, s0
core   0: 3 0x8000dd66 (0x8e41) x12 0xffffffff
core   0: 0x8000dd68 (0x0000864a) c.mv    a2, s2
core   0: 3 0x8000dd68 (0x864a) x12 0x000000bf
core   0: 0x8000dd6a (0x00000429) c.addi  s0, 10
core   0: 3 0x8000dd6a (0x0429) x 8 0x00000000
core   0: 0x8000dd6c (0xff346ae3) bltu    s0, s3, pc - 12
core   0: 3 0x8000dd6c (0xff346ae3)
core   0: 0x8000dd60 (0x03388cb3) mul     s9, a7, s3
core   0: 3 0x8000dd60 (0x03388cb3) x25 0x00000000
core   0: 0x8000dd64 (0x000054fd) c.li    s1, -1
core   0: 3 0x8000dd64 (0x54fd) x 9 0xffffffff
core   0: 0x8000dd66 (0x00008e41) c.or    a2, s0
core   0: 3 0x8000dd66 (0x8e41) x12 0x000000bf
core   0: 0x8000dd68 (0x0000864a) c.mv    a2, s2
core   0: 3 0x8000dd68 (0x864a) x12 0x000000bf
core   0: 0x8000dd6a (0x00000429) c.addi  s0, 10
core   0: 3 0x8000dd6a (0x0429) x 8 0x0000000a
core   0: 0x8000dd6c (0xff346ae3) bltu    s0, s3, pc - 12
core   0: 3 0x8000dd6c (0xff346ae3)
core   0: 0x8000dd60 (0x03388cb3) mul     s9, a7, s3
core   0: 3 0x8000dd60 (0x03388cb3) x25 0x00000000
core   0: 0x8000dd64 (0x000054fd) c.li    s1, -1
core   0: 3 0x8000dd64 (0x54fd) x 9 0xffffffff
core   0: 0x8000dd66 (0x00008e41) c.or    a2, s0
core   0: 3 0x8000dd66 (0x8e41) x12 0x000000bf
core   0: 0x8000dd68 (0x0000864a) c.mv    a2, s2
core   0: 3 0x8000dd68 (0x864a) x12 0x000000bf
core   0: 0x8000dd6a (0x00000429) c.addi  s0, 10
core   0: 3 0x8000dd6a (0x0429) x 8 0x00000014
core   0: 0x8000dd6c (0xff346ae3) bltu    s0, s3, pc - 12
core   0: 3 0x8000dd6c (0xff346ae3)
core   0: 0x8000dd70 (0x000004d1) c.addi  s1, 20
core   0: 3 0x8000dd70 (0x04d1) x 9 0x00000013
core   0: 0x8000dd72 (0x03600def) jal     s11, pc + 0x36
core   0: 3 0x8000dd72 (0x03600def) x27 0x8000dd76
core   0: 0x8000dda8 (0x0000b7f5) c.j     pc - 20
core   0: 3 0x8000dda8 (0xb7f5)
core   0: 0x8000dd94 (0xfe5ff0ef) jal     pc - 0x1c
core   0: 3 0x8000dd94 (0xfe5ff0ef) x 1 0x8000dd98
core   0: 0x8000dd78 (0x036000ef) jal     pc + 0x36
core   0: 3 0x8000dd78 (0x036000ef) x 1 0x8000dd7c
core   0: 0x8000ddae (0xfd9ff46f) jal     s0, pc - 0x28
core   0: 3 0x8000ddae (0xfd9ff46f) x 8 0x8000ddb2
core   0: 0x8000dd86 (0x0000a009) c.j     pc + 2
core   0: 3 0x8000dd86 (0xa009)
core   0: 0x8000dd88 (0x01600def) jal     s11, pc + 0x16
core   0: 3 0x8000dd88 (0x01600def) x27 0x8000dd8c
core   0: 0x8000dd9e (0x000037cd) c.jal   pc - 30
core   0: 3 0x8000dd9e (0x37cd) x 1 0x8000dda0
core   0: 0x8000dd80 (0x01c000ef) jal     pc + 0x1c
core   0: 3 0x8000dd80 (0x01c000ef) x 1 0x8000dd84
core   0: 0x8000dd9c (0x0000a015) c.j     pc + 36
core   0: 3 0x8000dd9c (0xa015)
core   0: 0x8000ddc0 (0xfbfff36f) jal     t1, pc - 0x42
core   0: 3 0x8000ddc0 (0xfbfff36f) x 6 0x8000ddc4
core   0: 0x8000dd7e (0x0000bffd) c.j     pc - 2
core   0: 3 0x8000dd7e (0xbffd)
core   0: 0x8000dd7c (0x0000a825) c.j     pc + 56
core   0: 3 0x8000dd7c (0xa825)
core   0: 0x8000ddb4 (0x00003fc5) c.jal   pc - 16
core   0: 3 0x8000ddb4 (0x3fc5) x 1 0x8000ddb6
core   0: 0x8000dda4 (0xfebff0ef) jal     pc - 0x16
core   0: 3 0x8000dda4 (0xfebff0ef) x 1 0x8000dda8
core   0: 0x8000dd8e (0x00002015) c.jal   pc + 36
core   0: 3 0x8000dd8e (0x2015) x 1 0x8000dd90
core   0: 0x8000ddb2 (0x0000b7e5) c.j     pc - 24
core   0: 3 0x8000ddb2 (0xb7e5)
core   0: 0x8000dd9a (0x00003ff1) c.jal   pc - 36
core   0: 3 0x8000dd9a (0x3ff1) x 1 0x8000dd9c
core   0: 0x8000dd76 (0x0000a829) c.j     pc + 26
core   0: 3 0x8000dd76 (0xa829)
core   0: 0x8000dd90 (0x034004ef) jal     s1, pc + 0x34
core   0: 3 0x8000dd90 (0x034004ef) x 9 0x8000dd94
core   0: 0x8000ddc4 (0x0000bfed) c.j     pc - 6
core   0: 3 0x8000ddc4 (0xbfed)
core   0: 0x8000ddbe (0x000037d9) c.jal   pc - 58
core   0: 3 0x8000ddbe (0x37d9) x 1 0x8000ddc0
core   0: 0x8000dd84 (0x00002811) c.jal   pc + 20
core   0: 3 0x8000dd84 (0x2811) x 1 0x8000dd86
core   0: 0x8000dd98 (0x0000200d) c.jal   pc + 34
core   0: 3 0x8000dd98 (0x200d) x 1 0x8000dd9a
core   0: 0x8000ddba (0x00003fc5) c.jal   pc - 16
core   0: 3 0x8000ddba (0x3fc5) x 1 0x8000ddbc
core   0: 0x8000ddaa (0xfe3ff0ef) jal     pc - 0x1e
core   0: 3 0x8000ddaa (0xfe3ff0ef) x 1 0x8000ddae
core   0: 0x8000dd8c (0x0000a811) c.j     pc + 20
core   0: 3 0x8000dd8c (0xa811)
core   0: 0x8000dda0 (0x01c0036f) jal     t1, pc + 0x1c
core   0: 3 0x8000dda0 (0x01c0036f) x 6 0x8000dda4
core   0: 0x8000ddbc (0x00003ff5) c.jal   pc - 4
core   0: 3 0x8000ddbc (0x3ff5) x 1 0x8000ddbe
core   0: 0x8000ddb8 (0x00003ffd) c.jal   pc - 2
core   0: 3 0x8000ddb8 (0x3ffd) x 1 0x8000ddba
core   0: 0x8000ddb6 (0x0000a801) c.j     pc + 16
core   0: 3 0x8000ddb6 (0xa801)
core   0: 0x8000ddc6 (0x405a5533) sra     a0, s4, t0
core   0: 3 0x8000ddc6 (0x405a5533) x10 0x00000000
core   0: 0x8000ddca (0x0000f117) auipc   sp, 0xf
core   0: 3 0x8000ddca (0x0000f117) x 2 0x8001cdca
core   0: 0x8000ddce (0x2fd10113) addi    sp, sp, 765
core   0: 3 0x8000ddce (0x2fd10113) x 2 0x8001d0c7
core   0: 0x8000ddd2 (0x0ff0000f) fence   iorw,iorw
core   0: 3 0x8000ddd2 (0x0ff0000f)
core   0: 0x8000ddd6 (0x07912e83) lw      t4, 121(sp)
core   0: 3 0x8000ddd6 (0x07912e83) x29 0xf7ecd0e6 mem 0x8001d140
core   0: 0x8000ddda (0x41dc54b3) sra     s1, s8, t4
core   0: 3 0x8000ddda (0x41dc54b3) x 9 0x00000001
core   0: 0x8000ddde (0xde94bc13) sltiu   s8, s1, -535
core   0: 3 0x8000ddde (0xde94bc13) x24 0x00000001
core   0: 0x8000dde2 (0xfcd104a3) sb      a3, -55(sp)
core   0: 3 0x8000dde2 (0xfcd104a3) mem 0x8001d090 0xbb
core   0: 0x8000dde6 (0x01d422b3) slt     t0, s0, t4
core   0: 3 0x8000dde6 (0x01d422b3) x 5 0x00000001
core   0: 0x8000ddea (0x008ee2b3) or      t0, t4, s0
core   0: 3 0x8000ddea (0x008ee2b3) x 5 0xf7ecddf6
core   0: 0x8000ddee (0x08410683) lb      a3, 132(sp)
core   0: 3 0x8000ddee (0x08410683) x13 0xffffffdf mem 0x8001d14b
core   0: 0x8000ddf2 (0x0192de93) srli    t4, t0, 25
core   0: 3 0x8000ddf2 (0x0192de93) x29 0x0000007b
core   0: 0x8000ddf6 (0x0c810a23) sb      s0, 212(sp)
core   0: 3 0x8000ddf6 (0x0c810a23) mem 0x8001d19b 0xb2
core   0: 0x8000ddfa (0x00009c76) c.add   s8, t4
core   0: 3 0x8000ddfa (0x9c76) x24 0x0000007c
core   0: 0x8000ddfc (0xfad10283) lb      t0, -83(sp)
core   0: 3 0x8000ddfc (0xfad10283) x 5 0x00000050 mem 0x8001d074
core   0: 0x8000de00 (0xf1d10923) sb      t4, -238(sp)
core   0: 3 0x8000de00 (0xf1d10923) mem 0x8001cfd9 0x7b
core   0: 0x8000de04 (0xfb115c03) lhu     s8, -79(sp)
core   0: 3 0x8000de04 (0xfb115c03) x24 0x0000ba9a mem 0x8001d078
core   0: 0x8000de08 (0x0b614283) lbu     t0, 182(sp)
core   0: 3 0x8000de08 (0x0b614283) x 5 0x00000071 mem 0x8001d17d
core   0: 0x8000de0c (0x09414483) lbu     s1, 148(sp)
core   0: 3 0x8000de0c (0x09414483) x 9 0x0000002a mem 0x8001d15b
core   0: 0x8000de10 (0x05912c03) lw      s8, 89(sp)
core   0: 3 0x8000de10 (0x05912c03) x24 0xf02f2aac mem 0x8001d120
core   0: 0x8000de14 (0x00dc34b3) sltu    s1, s8, a3
core   0: 3 0x8000de14 (0x00dc34b3) x 9 0x00000001
core   0: 0x8000de18 (0xfd410403) lb      s0, -44(sp)
core   0: 3 0x8000de18 (0xfd410403) x 8 0xffffffbd mem 0x8001d09b
core   0: 0x8000de1c (0x0284c433) div     s0, s1, s0
core   0: 3 0x8000de1c (0x0284c433) x 8 0x00000000
core   0: 0x8000de20 (0xa154ce93) xori    t4, s1, -1515
core   0: 3 0x8000de20 (0xa154ce93) x29 0xfffffa14
core   0: 0x8000de24 (0x00008cf5) c.and   s1, a3
core   0: 3 0x8000de24 (0x8cf5) x 9 0x00000001
core   0: 0x8000de26 (0x00005c7d) c.li    s8, -1
core   0: 3 0x8000de26 (0x5c7d) x24 0xffffffff
core   0: 0x8000de28 (0xfa8117a3) sh      s0, -81(sp)
core   0: 3 0x8000de28 (0xfa8117a3) mem 0x8001d076 0x0000
core   0: 0x8000de2c (0xf7214483) lbu     s1, -142(sp)
core   0: 3 0x8000de2c (0xf7214483) x 9 0x00000095 mem 0x8001d039
core   0: 0x8000de30 (0x0a414283) lbu     t0, 164(sp)
core   0: 3 0x8000de30 (0x0a414283) x 5 0x00000064 mem 0x8001d16b
core   0: 0x8000de34 (0x0184f2b3) and     t0, s1, s8
core   0: 3 0x8000de34 (0x0184f2b3) x 5 0x00000095
core   0: 0x8000de38 (0x00006ee1) c.lui   t4, 0x18
core   0: 3 0x8000de38 (0x6ee1) x29 0x00018000
core   0: 0x8000de3a (0x02d48c13) addi    s8, s1, 45
core   0: 3 0x8000de3a (0x02d48c13) x24 0x000000c2
core   0: 0x8000de3e (0x7bb28e93) addi    t4, t0, 1979
core   0: 3 0x8000de3e (0x7bb28e93) x29 0x00000850
core   0: 0x8000de42 (0x000092a2) c.add   t0, s0
core   0: 3 0x8000de42 (0x92a2) x 5 0x00000095
core   0: 0x8000de44 (0x06910023) sb      s1, 96(sp)
core   0: 3 0x8000de44 (0x06910023) mem 0x8001d127 0x95
core   0: 0x8000de48 (0x00000001) c.nop
core   0: 3 0x8000de48 (0x0001)
core   0: 0x8000de4a (0x02510c23) sb      t0, 56(sp)
core   0: 3 0x8000de4a (0x02510c23) mem 0x8001d0ff 0x95
core   0: 0x8000de4e (0x00008ea1) c.xor   a3, s0
core   0: 3 0x8000de4e (0x8ea1) x13 0xffffffdf
core   0: 0x8000de50 (0x02d28c33) mul     s8, t0, a3
core   0: 3 0x8000de50 (0x02d28c33) x24 0xffffeccb
core   0: 0x8000de54 (0x02dc56b3) divu    a3, s8, a3
core   0: 3 0x8000de54 (0x02dc56b3) x13 0x00000000
core   0: 0x8000de58 (0x0a214403) lbu     s0, 162(sp)
core   0: 3 0x8000de58 (0x0a214403) x 8 0x00000052 mem 0x8001d169
core   0: 0x8000de5c (0x028464b3) rem     s1, s0, s0
core   0: 3 0x8000de5c (0x028464b3) x 9 0x00000000
core   0: 0x8000de60 (0x04b14403) lbu     s0, 75(sp)
core   0: 3 0x8000de60 (0x04b14403) x 8 0x000000b2 mem 0x8001d112
core   0: 0x8000de64 (0x0b810123) sb      s8, 162(sp)
core   0: 3 0x8000de64 (0x0b810123) mem 0x8001d169 0xcb
core   0: 0x8000de68 (0x53b254b7) lui     s1, 0x53b25
core   0: 3 0x8000de68 (0x53b254b7) x 9 0x53b25000
core   0: 0x8000de6c (0x418edeb3) sra     t4, t4, s8
core   0: 3 0x8000de6c (0x418edeb3) x29 0x00000001
core   0: 0x8000de70 (0x00008e81) c.sub   a3, s0
core   0: 3 0x8000de70 (0x8e81) x13 0xffffff4e
core   0: 0x8000de72 (0xf7014c03) lbu     s8, -144(sp)
core   0: 3 0x8000de72 (0xf7014c03) x24 0x000000f7 mem 0x8001d037
core   0: 0x8000de76 (0x4064d413) srai    s0, s1, 6
core   0: 3 0x8000de76 (0x4064d413) x 8 0x014ec940
core   0: 0x8000de7a (0x05e10483) lb      s1, 94(sp)
core   0: 3 0x8000de7a (0x05e10483) x 9 0x00000075 mem 0x8001d125
core   0: 0x8000de7e (0x025476b3) remu    a3, s0, t0
core   0: 3 0x8000de7e (0x025476b3) x13 0x00000091
core   0: 0x8000de82 (0x000092e2) c.add   t0, s8
core   0: 3 0x8000de82 (0x92e2) x 5 0x0000018c
core   0: 0x8000de84 (0x038c02b3) mul     t0, s8, s8
core   0: 3 0x8000de84 (0x038c02b3) x 5 0x0000ee51
core   0: 0x8000de88 (0xf8d106a3) sb      a3, -115(sp)
core   0: 3 0x8000de88 (0xf8d106a3) mem 0x8001d054 0x91
core   0: 0x8000de8c (0x00002617) auipc   a2, 0x2
core   0: 3 0x8000de8c (0x00002617) x12 0x8000fe8c
core   0: 0x8000de90 (0x41f60613) addi    a2, a2, 1055
core   0: 3 0x8000de90 (0x41f60613) x12 0x800102ab
core   0: 0x8000de94 (0x00002497) auipc   s1, 0x2
core   0: 3 0x8000de94 (0x00002497) x 9 0x8000fe94
core   0: 0x8000de98 (0x47d48493) addi    s1, s1, 1149
core   0: 3 0x8000de98 (0x47d48493) x 9 0x80010311
core   0: 0x8000de9c (0x0014cc03) lbu     s8, 1(s1)
core   0: 3 0x8000de9c (0x0014cc03) x24 0x000000fc mem 0x80010312
core   0: 0x8000dea0 (0x00003197) auipc   gp, 0x3
core   0: 3 0x8000dea0 (0x00003197) x 3 0x80010ea0
core   0: 0x8000dea4 (0xa1818193) addi    gp, gp, -1512
core   0: 3 0x8000dea4 (0xa1818193) x 3 0x800108b8
core   0: 0x8000dea8 (0x00003297) auipc   t0, 0x3
core   0: 3 0x8000dea8 (0x00003297) x 5 0x80010ea8
core   0: 0x8000deac (0xa4228293) addi    t0, t0, -1470
core   0: 3 0x8000deac (0xa4228293) x 5 0x800108ea
core   0: 0x8000deb0 (0x00228123) sb      sp, 2(t0)
core   0: 3 0x8000deb0 (0x00228123) mem 0x800108ec 0xc7
core   0: 0x8000deb4 (0x0142a723) sw      s4, 14(t0)
core   0: 3 0x8000deb4 (0x0142a723) mem 0x800108f8 0x000000cc
core   0: 0x8000deb8 (0x00648c83) lb      s9, 6(s1)
core   0: 3 0x8000deb8 (0x00648c83) x25 0x0000002f mem 0x80010317
core   0: 0x8000debc (0xfd418c03) lb      s8, -44(gp)
core   0: 3 0x8000debc (0xfd418c03) x24 0x0000001d mem 0x8001088c
core   0: 0x8000dec0 (0xffd4dc83) lhu     s9, -3(s1)
core   0: 3 0x8000dec0 (0xffd4dc83) x25 0x0000ca83 mem 0x8001030e
core   0: 0x8000dec4 (0xff148e23) sb      a7, -4(s1)
core   0: 3 0x8000dec4 (0xff148e23) mem 0x8001030d 0x0
core   0: 0x8000dec8 (0xff749583) lh      a1, -9(s1)
core   0: 3 0x8000dec8 (0xff749583) x11 0x00001583 mem 0x80010308
core   0: 0x8000decc (0x00128683) lb      a3, 1(t0)
core   0: 3 0x8000decc (0x00128683) x13 0xffffff8e mem 0x800108eb
core   0: 0x8000ded0 (0x0221c903) lbu     s2, 34(gp)
core   0: 3 0x8000ded0 (0x0221c903) x18 0x0000009f mem 0x800108da
core   0: 0x8000ded4 (0xff828aa3) sb      s8, -11(t0)
core   0: 3 0x8000ded4 (0xff828aa3) mem 0x800108df 0x1d
core   0: 0x8000ded8 (0x7f460583) lb      a1, 2036(a2)
core   0: 3 0x8000ded8 (0x7f460583) x11 0xffffffc6 mem 0x80010a9f
core   0: 0x8000dedc (0xff14cc83) lbu     s9, -15(s1)
core   0: 3 0x8000dedc (0xff14cc83) x25 0x00000050 mem 0x80010302
core   0: 0x8000dee0 (0x330607a3) sb      a6, 815(a2)
core   0: 3 0x8000dee0 (0x330607a3) mem 0x800105da 0x40
core   0: 0x8000dee4 (0x01364e83) lbu     t4, 19(a2)
core   0: 3 0x8000dee4 (0x01364e83) x29 0x00000089 mem 0x800102be
core   0: 0x8000dee8 (0xfc41d803) lhu     a6, -60(gp)
core   0: 3 0x8000dee8 (0xfc41d803) x16 0x00005510 mem 0x8001087c
core   0: 0x8000deec (0x0014d003) lhu     zero, 1(s1)
core   0: 3 0x8000deec (0x0014d003) mem 0x80010312
core   0: 0x8000def0 (0xee864203) lbu     tp, -280(a2)
core   0: 3 0x8000def0 (0xee864203) x 4 0x0000005d mem 0x80010193
core   0: 0x8000def4 (0x00928583) lb      a1, 9(t0)
core   0: 3 0x8000def4 (0x00928583) x11 0xfffffff2 mem 0x800108f3
core   0: 0x8000def8 (0x018486a3) sb      s8, 13(s1)
core   0: 3 0x8000def8 (0x018486a3) mem 0x8001031e 0x1d
core   0: 0x8000defc (0x0351cc03) lbu     s8, 53(gp)
core   0: 3 0x8000defc (0x0351cc03) x24 0x00000075 mem 0x800108ed
core   0: 0x8000df00 (0xfcb61583) lh      a1, -53(a2)
core   0: 3 0x8000df00 (0xfcb61583) x11 0xffffc459 mem 0x80010276
core   0: 0x8000df04 (0xfe460e03) lb      t3, -28(a2)
core   0: 3 0x8000df04 (0xfe460e03) x28 0x00000046 mem 0x8001028f
core   0: 0x8000df08 (0x0094c583) lbu     a1, 9(s1)
core   0: 3 0x8000df08 (0x0094c583) x11 0x00000021 mem 0x8001031a
core   0: 0x8000df0c (0xfd01a423) sw      a6, -56(gp)
core   0: 3 0x8000df0c (0xfd01a423) mem 0x80010880 0x00005510
core   0: 0x8000df10 (0x30260703) lb      a4, 770(a2)
core   0: 3 0x8000df10 (0x30260703) x14 0xffffffb9 mem 0x800105ad
core   0: 0x8000df14 (0x00e4a1a3) sw      a4, 3(s1)
core   0: 3 0x8000df14 (0x00e4a1a3) mem 0x80010314 0xffffffb9
core   0: 0x8000df18 (0xfee60083) lb      ra, -18(a2)
core   0: 3 0x8000df18 (0xfee60083) x 1 0x0000004a mem 0x80010299
core   0: 0x8000df1c (0x03d18303) lb      t1, 61(gp)
core   0: 3 0x8000df1c (0x03d18303) x 6 0xffffffb8 mem 0x800108f5
core   0: 0x8000df20 (0x0000c117) auipc   sp, 0xc
core   0: 3 0x8000df20 (0x0000c117) x 2 0x80019f20
core   0: 0x8000df24 (0x3eb10113) addi    sp, sp, 1003
core   0: 3 0x8000df24 (0x3eb10113) x 2 0x8001a30b
core   0: 0x8000df28 (0x381c0993) addi    s3, s8, 897
core   0: 3 0x8000df28 (0x381c0993) x19 0x000003f6
core   0: 0x8000df2c (0x00911903) lh      s2, 9(sp)
core   0: 3 0x8000df2c (0x00911903) x18 0xffffadc2 mem 0x8001a314
core   0: 0x8000df30 (0x00d10403) lb      s0, 13(sp)
core   0: 3 0x8000df30 (0x00d10403) x 8 0x00000027 mem 0x8001a318
core   0: 0x8000df34 (0x00b10183) lb      gp, 11(sp)
core   0: 3 0x8000df34 (0x00b10183) x 3 0x00000042 mem 0x8001a316
core   0: 0x8000df38 (0x005acb33) xor     s6, s5, t0
core   0: 3 0x8000df38 (0x005acb33) x22 0x000356a2
core   0: 0x8000df3c (0x00010303) lb      t1, 0(sp)
core   0: 3 0x8000df3c (0x00010303) x 6 0x0000002a mem 0x8001a30b
core   0: 0x8000df40 (0x00310803) lb      a6, 3(sp)
core   0: 3 0x8000df40 (0x00310803) x16 0xffffffea mem 0x8001a30e
core   0: 0x8000df44 (0xff614d83) lbu     s11, -10(sp)
core   0: 3 0x8000df44 (0xff614d83) x27 0x00000097 mem 0x8001a301
core   0: 0x8000df48 (0x01cc10b3) sll     ra, s8, t3
core   0: 3 0x8000df48 (0x01cc10b3) x 1 0x00001d40
core   0: 0x8000df4c (0x01d27a33) and     s4, tp, t4
core   0: 3 0x8000df4c (0x01d27a33) x20 0x00000009
core   0: 0x8000df50 (0xffd12c03) lw      s8, -3(sp)
core   0: 3 0x8000df50 (0xffd12c03) x24 0x2ae59a43 mem 0x8001a308
core   0: 0x8000df54 (0x00e14583) lbu     a1, 14(sp)
core   0: 3 0x8000df54 (0x00e14583) x11 0x0000005f mem 0x8001a319
core   0: 0x8000df58 (0x001101a3) sb      ra, 3(sp)
core   0: 3 0x8000df58 (0x001101a3) mem 0x8001a30e 0x40
core   0: 0x8000df5c (0x00b11d83) lh      s11, 11(sp)
core   0: 3 0x8000df5c (0x00b11d83) x27 0xffffc842 mem 0x8001a316
core   0: 0x8000df60 (0x0ff0000f) fence   iorw,iorw
core   0: 3 0x8000df60 (0x0ff0000f)
core   0: 0x8000df64 (0x00210003) lb      zero, 2(sp)
core   0: 3 0x8000df64 (0x00210003) mem 0x8001a30d
core   0: 0x8000df68 (0x00814a03) lbu     s4, 8(sp)
core   0: 3 0x8000df68 (0x00814a03) x20 0x00000051 mem 0x8001a313
core   0: 0x8000df6c (0xfff15283) lhu     t0, -1(sp)
core   0: 3 0x8000df6c (0xfff15283) x 5 0x00002ae5 mem 0x8001a30a
core   0: 0x8000df70 (0x0ff0000f) fence   iorw,iorw
core   0: 3 0x8000df70 (0x0ff0000f)
core   0: 0x8000df74 (0xffb10403) lb      s0, -5(sp)
core   0: 3 0x8000df74 (0xffb10403) x 8 0x0000006e mem 0x8001a306
core   0: 0x8000df78 (0xff614903) lbu     s2, -10(sp)
core   0: 3 0x8000df78 (0xff614903) x18 0x00000097 mem 0x8001a301
core   0: 0x8000df7c (0xff910803) lb      a6, -7(sp)
core   0: 3 0x8000df7c (0xff910803) x16 0x0000007f mem 0x8001a304
core   0: 0x8000df80 (0x03212233) mulhsu  tp, sp, s2
core   0: 3 0x8000df80 (0x03212233) x 4 0xffffffb4
core   0: 0x8000df84 (0xfe311aa3) sh      gp, -11(sp)
core   0: 3 0x8000df84 (0xfe311aa3) mem 0x8001a300 0x0042
core   0: 0x8000df88 (0x022c6033) rem     zero, s8, sp
core   0: 3 0x8000df88 (0x022c6033)
core   0: 0x8000df8c (0x00f10f83) lb      t6, 15(sp)
core   0: 3 0x8000df8c (0x00f10f83) x31 0x0000001b mem 0x8001a31a
core   0: 0x8000df90 (0xfff15183) lhu     gp, -1(sp)
core   0: 3 0x8000df90 (0xfff15183) x 3 0x00002ae5 mem 0x8001a30a
core   0: 0x8000df94 (0x00008345) c.srli  a4, 17
core   0: 3 0x8000df94 (0x8345) x14 0x00007fff
core   0: 0x8000df96 (0x00e10d83) lb      s11, 14(sp)
core   0: 3 0x8000df96 (0x00e10d83) x27 0x0000005f mem 0x8001a319
core   0: 0x8000df9a (0xffe14303) lbu     t1, -2(sp)
core   0: 3 0x8000df9a (0xffe14303) x 6 0x0000009a mem 0x8001a309
core   0: 0x8000df9e (0x002100a3) sb      sp, 1(sp)
core   0: 3 0x8000df9e (0x002100a3) mem 0x8001a30c 0xb
core   0: 0x8000dfa2 (0xfe510da3) sb      t0, -5(sp)
core   0: 3 0x8000dfa2 (0xfe510da3) mem 0x8001a306 0xe5
core   0: 0x8000dfa6 (0x00311303) lh      t1, 3(sp)
core   0: 3 0x8000dfa6 (0x00311303) x 6 0xffffe640 mem 0x8001a30e
core   0: 0x8000dfaa (0xff910823) sb      s9, -16(sp)
core   0: 3 0x8000dfaa (0xff910823) mem 0x8001a2fb 0x50
core   0: 0x8000dfae (0x00000001) c.nop
core   0: 3 0x8000dfae (0x0001)
core   0: 0x8000dfb0 (0x00014183) lbu     gp, 0(sp)
core   0: 3 0x8000dfb0 (0x00014183) x 3 0x0000002a mem 0x8001a30b
core   0: 0x8000dfb4 (0x000084d1) c.srai  s1, 20
core   0: 3 0x8000dfb4 (0x84d1) x 9 0xfffff800
core   0: 0x8000dfb6 (0x00000001) c.nop
core   0: 3 0x8000dfb6 (0x0001)
core   0: 0x8000dfb8 (0x00006475) c.lui   s0, 0x1d
core   0: 3 0x8000dfb8 (0x6475) x 8 0x0001d000
core   0: 0x8000dfba (0x0137b733) sltu    a4, a5, s3
core   0: 3 0x8000dfba (0x0137b733) x14 0x00000000
core   0: 0x8000dfbe (0x9c704093) xori    ra, zero, -1593
core   0: 3 0x8000dfbe (0x9c704093) x 1 0xfffff9c7
core   0: 0x8000dfc2 (0x01a9e133) or      sp, s3, s10
core   0: 3 0x8000dfc2 (0x01a9e133) x 2 0x000003f7
core   0: 0x8000dfc6 (0x0000061e) c.slli  a2, 7
core   0: 3 0x8000dfc6 (0x061e) x12 0x00815580
core   0: 0x8000dfc8 (0x00006835) c.lui   a6, 0xd
core   0: 3 0x8000dfc8 (0x6835) x16 0x0000d000
core   0: 0x8000dfca (0x00009afd) c.andi  a3, -1
core   0: 3 0x8000dfca (0x9afd) x13 0xffffff8e
core   0: 0x8000dfcc (0x01743bb3) sltu    s7, s0, s7
core   0: 3 0x8000dfcc (0x01743bb3) x23 0x00000001
core   0: 0x8000dfd0 (0x0196e633) or      a2, a3, s9
core   0: 3 0x8000dfd0 (0x0196e633) x12 0xffffffde
core   0: 0x8000dfd4 (0x00e8e3b3) or      t2, a7, a4
core   0: 3 0x8000dfd4 (0x00e8e3b3) x 7 0x00000000
core   0: 0x8000dfd8 (0x02bbcfb3) div     t6, s7, a1
core   0: 3 0x8000dfd8 (0x02bbcfb3) x31 0x00000000
core   0: 0x8000dfdc (0x00000001) c.nop
core   0: 3 0x8000dfdc (0x0001)
core   0: 0x8000dfde (0x0177d5b3) srl     a1, a5, s7
core   0: 3 0x8000dfde (0x0177d5b3) x11 0x40014e72
core   0: 0x8000dfe2 (0x00000001) c.nop
core   0: 3 0x8000dfe2 (0x0001)
core   0: 0x8000dfe4 (0x00006145) c.addi16sp sp, 48
core   0: 3 0x8000dfe4 (0x6145) x 2 0x00000427
core   0: 0x8000dfe6 (0x00000001) c.nop
core   0: 3 0x8000dfe6 (0x0001)
core   0: 0x8000dfe8 (0x00000001) c.nop
core   0: 3 0x8000dfe8 (0x0001)
core   0: 0x8000dfea (0x0397e733) rem     a4, a5, s9
core   0: 3 0x8000dfea (0x0397e733) x14 0xfffffff4
core   0: 0x8000dfee (0x01088b33) add     s6, a7, a6
core   0: 3 0x8000dfee (0x01088b33) x22 0x0000d000
core   0: 0x8000dff2 (0x01b50233) add     tp, a0, s11
core   0: 3 0x8000dff2 (0x01b50233) x 4 0x0000005f
core   0: 0x8000dff6 (0x00008f21) c.xor   a4, s0
core   0: 3 0x8000dff6 (0x8f21) x14 0xfffe2ff4
core   0: 0x8000dff8 (0x00000001) c.nop
core   0: 3 0x8000dff8 (0x0001)
core   0: 0x8000dffa (0x01ff8633) add     a2, t6, t6
core   0: 3 0x8000dffa (0x01ff8633) x12 0x00000000
core   0: 0x8000dffe (0x00000001) c.nop
core   0: 3 0x8000dffe (0x0001)
core   0: 0x8000e000 (0x000082e5) c.srli  a3, 25
core   0: 3 0x8000e000 (0x82e5) x13 0x0000007f
core   0: 0x8000e002 (0x025dfb33) remu    s6, s11, t0
core   0: 3 0x8000e002 (0x025dfb33) x22 0x0000005f
core   0: 0x8000e006 (0x000003a2) c.slli  t2, 8
core   0: 3 0x8000e006 (0x03a2) x 7 0x00000000
core   0: 0x8000e008 (0x032a4fb3) div     t6, s4, s2
core   0: 3 0x8000e008 (0x032a4fb3) x31 0x00000000
core   0: 0x8000e00c (0x31e7e113) ori     sp, a5, 798
core   0: 3 0x8000e00c (0x31e7e113) x 2 0x80029ffe
core   0: 0x8000e010 (0x02da6b63) bltu    s4, a3, pc + 54
core   0: 3 0x8000e010 (0x02da6b63)
core   0: 0x8000e046 (0x00000001) c.nop
core   0: 3 0x8000e046 (0x0001)
core   0: 0x8000e048 (0x26bd6b13) ori     s6, s10, 619
core   0: 3 0x8000e048 (0x26bd6b13) x22 0x0000026b
core   0: 0x8000e04c (0x02e2ba33) mulhu   s4, t0, a4
core   0: 3 0x8000e04c (0x02e2ba33) x20 0x00002ae4
core   0: 0x8000e050 (0x00bdd863) bge     s11, a1, pc + 16
core   0: 3 0x8000e050 (0x00bdd863)
core   0: 0x8000e054 (0x0000c905) c.beqz  a0, pc + 48
core   0: 3 0x8000e054 (0xc905)
core   0: 0x8000e084 (0x03b56cb3) rem     s9, a0, s11
core   0: 3 0x8000e084 (0x03b56cb3) x25 0x00000000
core   0: 0x8000e088 (0x028692b3) mulh    t0, a3, s0
core   0: 3 0x8000e088 (0x028692b3) x 5 0x00000000
core   0: 0x8000e08c (0x013c0233) add     tp, s8, s3
core   0: 3 0x8000e08c (0x013c0233) x 4 0x2ae59e39
core   0: 0x8000e090 (0x00080133) add     sp, a6, zero
core   0: 3 0x8000e090 (0x00080133) x 2 0x0000d000
core   0: 0x8000e094 (0x00008425) c.srai  s0, 9
core   0: 3 0x8000e094 (0x8425) x 8 0x000000e8
core   0: 0x8000e096 (0x01621b13) slli    s6, tp, 22
core   0: 3 0x8000e096 (0x01621b13) x22 0x8e400000
core   0: 0x8000e09a (0x963fe013) ori     zero, t6, -1693
core   0: 3 0x8000e09a (0x963fe013)
core   0: 0x8000e09e (0x038753b3) divu    t2, a4, s8
core   0: 3 0x8000e09e (0x038753b3) x 7 0x00000005
core   0: 0x8000e0a2 (0x00008ea9) c.xor   a3, a0
core   0: 3 0x8000e0a2 (0x8ea9) x13 0x0000007f
core   0: 0x8000e0a4 (0x01777fb3) and     t6, a4, s7
core   0: 3 0x8000e0a4 (0x01777fb3) x31 0x00000000
core   0: 0x8000e0a8 (0x00008f01) c.sub   a4, s0
core   0: 3 0x8000e0a8 (0x8f01) x14 0xfffe2f0c
core   0: 0x8000e0aa (0x00008f09) c.sub   a4, a0
core   0: 3 0x8000e0aa (0x8f09) x14 0xfffe2f0c
core   0: 0x8000e0ac (0x00000001) c.nop
core   0: 3 0x8000e0ac (0x0001)
core   0: 0x8000e0ae (0x00008c6d) c.and   s0, a1
core   0: 3 0x8000e0ae (0x8c6d) x 8 0x00000060
core   0: 0x8000e0b0 (0x00000001) c.nop
core   0: 3 0x8000e0b0 (0x0001)
core   0: 0x8000e0b2 (0x0000ed8d) c.bnez  a1, pc + 58
core   0: 3 0x8000e0b2 (0xed8d)
core   0: 0x8000e0ec (0x00008d81) c.sub   a1, s0
core   0: 3 0x8000e0ec (0x8d81) x11 0x40014e12
core   0: 0x8000e0ee (0x01e76333) or      t1, a4, t5
core   0: 3 0x8000e0ee (0x01e76333) x 6 0xfffe2f7f
core   0: 0x8000e0f2 (0x0235d163) bge     a1, gp, pc + 34
core   0: 3 0x8000e0f2 (0x0235d163)
core   0: 0x8000e114 (0x00008ce9) c.and   s1, a0
core   0: 3 0x8000e114 (0x8ce9) x 9 0x00000000
core   0: 0x8000e116 (0x0090bfb3) sltu    t6, ra, s1
core   0: 3 0x8000e116 (0x0090bfb3) x31 0x00000000
core   0: 0x8000e11a (0x004e4733) xor     a4, t3, tp
core   0: 3 0x8000e11a (0x004e4733) x14 0x2ae59e7f
core   0: 0x8000e11e (0x41185413) srai    s0, a6, 17
core   0: 3 0x8000e11e (0x41185413) x 8 0x00000000
core   0: 0x8000e122 (0x00008dcd) c.or    a1, a1
core   0: 3 0x8000e122 (0x8dcd) x11 0x40014e12
core   0: 0x8000e124 (0x0ff0000f) fence   iorw,iorw
core   0: 3 0x8000e124 (0x0ff0000f)
core   0: 0x8000e128 (0x00005ffd) c.li    t6, -1
core   0: 3 0x8000e128 (0x5ffd) x31 0xffffffff
core   0: 0x8000e12a (0x00009ffe) c.add   t6, t6
core   0: 3 0x8000e12a (0x9ffe) x31 0xfffffffe
core   0: 0x8000e12c (0x0000100f) fence.i
core   0: 3 0x8000e12c (0x0000100f)
core   0: 0x8000e130 (0x044d1063) bne     s10, tp, pc + 64
core   0: 3 0x8000e130 (0x044d1063)
core   0: 0x8000e170 (0x3c6dea13) ori     s4, s11, 966
core   0: 3 0x8000e170 (0x3c6dea13) x20 0x000003df
core   0: 0x8000e174 (0xaf163f93) sltiu   t6, a2, -1295
core   0: 3 0x8000e174 (0xaf163f93) x31 0x00000001
core   0: 0x8000e178 (0x00847633) and     a2, s0, s0
core   0: 3 0x8000e178 (0x00847633) x12 0x00000000
core   0: 0x8000e17c (0x00008d62) c.mv    s10, s8
core   0: 3 0x8000e17c (0x8d62) x26 0x2ae59a43
core   0: 0x8000e17e (0x01ed5b93) srli    s7, s10, 30
core   0: 3 0x8000e17e (0x01ed5b93) x23 0x00000000
core   0: 0x8000e182 (0x41bb0133) sub     sp, s6, s11
core   0: 3 0x8000e182 (0x41bb0133) x 2 0x8e3fffa1
core   0: 0x8000e186 (0x02bb9633) mulh    a2, s7, a1
core   0: 3 0x8000e186 (0x02bb9633) x12 0x00000000
core   0: 0x8000e18a (0x0077af33) slt     t5, a5, t2
core   0: 3 0x8000e18a (0x0077af33) x30 0x00000001
core   0: 0x8000e18e (0x00000001) c.nop
core   0: 3 0x8000e18e (0x0001)
core   0: 0x8000e190 (0xa888b913) sltiu   s2, a7, -1400
core   0: 3 0x8000e190 (0xa888b913) x18 0x00000001
core   0: 0x8000e194 (0x0ff0000f) fence   iorw,iorw
core   0: 3 0x8000e194 (0x0ff0000f)
core   0: 0x8000e198 (0x0000100f) fence.i
core   0: 3 0x8000e198 (0x0000100f)
core   0: 0x8000e19c (0x0ff0000f) fence   iorw,iorw
core   0: 3 0x8000e19c (0x0ff0000f)
core   0: 0x8000e1a0 (0x40230b33) sub     s6, t1, sp
core   0: 3 0x8000e1a0 (0x40230b33) x22 0x71be2fde
core   0: 0x8000e1a4 (0x00008c55) c.or    s0, a3
core   0: 3 0x8000e1a4 (0x8c55) x 8 0x0000007f
core   0: 0x8000e1a6 (0xc61eae13) slti    t3, t4, -927
core   0: 3 0x8000e1a6 (0xc61eae13) x28 0x00000000
core   0: 0x8000e1aa (0x00f1d863) bge     gp, a5, pc + 16
core   0: 3 0x8000e1aa (0x00f1d863)
core   0: 0x8000e1ba (0x0000100f) fence.i
core   0: 3 0x8000e1ba (0x0000100f)
core   0: 0x8000e1be (0x02871563) bne     a4, s0, pc + 42
core   0: 3 0x8000e1be (0x02871563)
core   0: 0x8000e1e8 (0x022f8c33) mul     s8, t6, sp
core   0: 3 0x8000e1e8 (0x022f8c33) x24 0x8e3fffa1
core   0: 0x8000e1ec (0x000085ad) c.srai  a1, 11
core   0: 3 0x8000e1ec (0x85ad) x11 0x00080029
core   0: 0x8000e1ee (0x00008f71) c.and   a4, a2
core   0: 3 0x8000e1ee (0x8f71) x14 0x00000000
core   0: 0x8000e1f0 (0x0237a333) mulhsu  t1, a5, gp
core   0: 3 0x8000e1f0 (0x0237a333) x 6 0xffffffeb
core   0: 0x8000e1f4 (0x00008f15) c.sub   a4, a3
core   0: 3 0x8000e1f4 (0x8f15) x14 0xffffff81
core   0: 0x8000e1f6 (0x009cd993) srli    s3, s9, 9
core   0: 3 0x8000e1f6 (0x009cd993) x19 0x00000000
core   0: 0x8000e1fa (0x000054fd) c.li    s1, -1
core   0: 3 0x8000e1fa (0x54fd) x 9 0xffffffff
core   0: 0x8000e1fc (0x0000ef25) c.bnez  a4, pc + 120
core   0: 3 0x8000e1fc (0xef25)
core   0: 0x8000e274 (0x000089f6) c.mv    s3, t4
core   0: 3 0x8000e274 (0x89f6) x19 0x00000089
core   0: 0x8000e276 (0x00008e55) c.or    a2, a3
core   0: 3 0x8000e276 (0x8e55) x12 0x0000007f
core   0: 0x8000e278 (0x0ff0000f) fence   iorw,iorw
core   0: 3 0x8000e278 (0x0ff0000f)
core   0: 0x8000e27c (0x00000001) c.nop
core   0: 3 0x8000e27c (0x0001)
core   0: 0x8000e27e (0x00464833) xor     a6, a2, tp
core   0: 3 0x8000e27e (0x00464833) x16 0x2ae59e46
core   0: 0x8000e282 (0x00008f5d) c.or    a4, a5
core   0: 3 0x8000e282 (0x8f5d) x14 0xffffffe5
core   0: 0x8000e284 (0x00a26cb3) or      s9, tp, a0
core   0: 3 0x8000e284 (0x00a26cb3) x25 0x2ae59e39
core   0: 0x8000e288 (0x03f82eb3) mulhsu  t4, a6, t6
core   0: 3 0x8000e288 (0x03f82eb3) x29 0x00000000
core   0: 0x8000e28c (0x00006809) c.lui   a6, 0x2
core   0: 3 0x8000e28c (0x6809) x16 0x00002000
core   0: 0x8000e28e (0x00008d71) c.and   a0, a2
core   0: 3 0x8000e28e (0x8d71) x10 0x00000000
core   0: 0x8000e290 (0x000069e5) c.lui   s3, 0x19
core   0: 3 0x8000e290 (0x69e5) x19 0x00019000
core   0: 0x8000e292 (0x00008959) c.andi  a0, 22
core   0: 3 0x8000e292 (0x8959) x10 0x00000000
core   0: 0x8000e294 (0x0000e535) c.bnez  a0, pc + 108
core   0: 3 0x8000e294 (0xe535)
core   0: 0x8000e296 (0x0ff0000f) fence   iorw,iorw
core   0: 3 0x8000e296 (0x0ff0000f)
core   0: 0x8000e29a (0x01abd4b3) srl     s1, s7, s10
core   0: 3 0x8000e29a (0x01abd4b3) x 9 0x00000000
core   0: 0x8000e29e (0x0782c363) blt     t0, s8, pc + 102
core   0: 3 0x8000e29e (0x0782c363)
core   0: 0x8000e2a2 (0x00000192) c.slli  gp, 4
core   0: 3 0x8000e2a2 (0x0192) x 3 0x000002a0
core   0: 0x8000e2a4 (0x00008db1) c.xor   a1, a2
core   0: 3 0x8000e2a4 (0x8db1) x11 0x00080056
core   0: 0x8000e2a6 (0x00003497) auipc   s1, 0x3
core   0: 3 0x8000e2a6 (0x00003497) x 9 0x800112a6
core   0: 0x8000e2aa (0xd8a48493) addi    s1, s1, -630
core   0: 3 0x8000e2aa (0xd8a48493) x 9 0x80011030
core   0: 0x8000e2ae (0xffd49c23) sh      t4, -8(s1)
core   0: 3 0x8000e2ae (0xffd49c23) mem 0x80011028 0x0000
core   0: 0x8000e2b2 (0x00007a17) auipc   s4, 0x7
core   0: 3 0x8000e2b2 (0x00007a17) x20 0x800152b2
core   0: 0x8000e2b6 (0xb36a0a13) addi    s4, s4, -1226
core   0: 3 0x8000e2b6 (0xb36a0a13) x20 0x80014de8
core   0: 0x8000e2ba (0x009a0703) lb      a4, 9(s4)
core   0: 3 0x8000e2ba (0x009a0703) x14 0xffffffc9 mem 0x80014df1
core   0: 0x8000e2be (0x00249003) lh      zero, 2(s1)
core   0: 3 0x8000e2be (0x00249003) mem 0x80011032
core   0: 0x8000e2c2 (0xfeda0aa3) sb      a3, -11(s4)
core   0: 3 0x8000e2c2 (0xfeda0aa3) mem 0x80014ddd 0x7f
core   0: 0x8000e2c6 (0x00548d03) lb      s10, 5(s1)
core   0: 3 0x8000e2c6 (0x00548d03) x26 0xffffffc3 mem 0x80011035
core   0: 0x8000e2ca (0xff2a5e83) lhu     t4, -14(s4)
core   0: 3 0x8000e2ca (0xff2a5e83) x29 0x00005b7e mem 0x80014dda
core   0: 0x8000e2ce (0xff449e23) sh      s4, -4(s1)
core   0: 3 0x8000e2ce (0xff449e23) mem 0x8001102c 0x4de8
core   0: 0x8000e2d2 (0x001a4003) lbu     zero, 1(s4)
core   0: 3 0x8000e2d2 (0x001a4003) mem 0x80014de9
core   0: 0x8000e2d6 (0x000a5403) lhu     s0, 0(s4)
core   0: 3 0x8000e2d6 (0x000a5403) x 8 0x00001034 mem 0x80014de8
core   0: 0x8000e2da (0x000a0123) sb      zero, 2(s4)
core   0: 3 0x8000e2da (0x000a0123) mem 0x80014dea 0x0
core   0: 0x8000e2de (0xffba4d03) lbu     s10, -5(s4)
core   0: 3 0x8000e2de (0xffba4d03) x26 0x00000057 mem 0x80014de3
core   0: 0x8000e2e2 (0xfe84aa23) sw      s0, -12(s1)
core   0: 3 0x8000e2e2 (0xfe84aa23) mem 0x80011024 0x00001034
core   0: 0x8000e2e6 (0x017a0623) sb      s7, 12(s4)
core   0: 3 0x8000e2e6 (0x017a0623) mem 0x80014df4 0x0
core   0: 0x8000e2ea (0x00ba0f03) lb      t5, 11(s4)
core   0: 3 0x8000e2ea (0x00ba0f03) x30 0xffffffc0 mem 0x80014df3
core   0: 0x8000e2ee (0x00b48383) lb      t2, 11(s1)
core   0: 3 0x8000e2ee (0x00b48383) x 7 0xffffffa1 mem 0x8001103b
core   0: 0x8000e2f2 (0xffea0183) lb      gp, -2(s4)
core   0: 3 0x8000e2f2 (0xffea0183) x 3 0x0000000e mem 0x80014de6
core   0: 0x8000e2f6 (0x0000e4ad) c.bnez  s1, pc + 106
core   0: 3 0x8000e2f6 (0xe4ad)
core   0: 0x8000e360 (0x0121e233) or      tp, gp, s2
core   0: 3 0x8000e360 (0x0121e233) x 4 0x0000000f
core   0: 0x8000e364 (0x411ddb33) sra     s6, s11, a7
core   0: 3 0x8000e364 (0x411ddb33) x22 0x0000005f
core   0: 0x8000e368 (0x01799db3) sll     s11, s3, s7
core   0: 3 0x8000e368 (0x01799db3) x27 0x00019000
core   0: 0x8000e36c (0x00255393) srli    t2, a0, 2
core   0: 3 0x8000e36c (0x00255393) x 7 0x00000000
core   0: 0x8000e370 (0x0000100f) fence.i
core   0: 3 0x8000e370 (0x0000100f)
core   0: 0x8000e374 (0x00009fc6) c.add   t6, a7
core   0: 3 0x8000e374 (0x9fc6) x31 0x00000001
core   0: 0x8000e376 (0xecd5b693) sltiu   a3, a1, -307
core   0: 3 0x8000e376 (0xecd5b693) x13 0x00000001
core   0: 0x8000e37a (0x000062d9) c.lui   t0, 0x16
core   0: 3 0x8000e37a (0x62d9) x 5 0x00016000
core   0: 0x8000e37c (0x01e88a63) beq     a7, t5, pc + 20
core   0: 3 0x8000e37c (0x01e88a63)
core   0: 0x8000e380 (0x0000997d) c.andi  a0, -1
core   0: 3 0x8000e380 (0x997d) x10 0x00000000
core   0: 0x8000e382 (0x00008c91) c.sub   s1, a2
core   0: 3 0x8000e382 (0x8c91) x 9 0x80010fb1
core   0: 0x8000e384 (0x015aefb3) or      t6, s5, s5
core   0: 3 0x8000e384 (0x015aefb3) x31 0x80025e48
core   0: 0x8000e388 (0x40bcdbb3) sra     s7, s9, a1
core   0: 3 0x8000e388 (0x40bcdbb3) x23 0x000000ab
core   0: 0x8000e38c (0x02ee5533) divu    a0, t3, a4
core   0: 3 0x8000e38c (0x02ee5533) x10 0x00000000
core   0: 0x8000e390 (0x030cd4b3) divu    s1, s9, a6
core   0: 3 0x8000e390 (0x030cd4b3) x 9 0x0001572c
core   0: 0x8000e394 (0x017a4d63) blt     s4, s7, pc + 26
core   0: 3 0x8000e394 (0x017a4d63)
core   0: 0x8000e3ae (0x00000639) c.addi  a2, 14
core   0: 3 0x8000e3ae (0x0639) x12 0x0000008d
core   0: 0x8000e3b0 (0x7b296697) auipc   a3, 0x7b296
core   0: 3 0x8000e3b0 (0x7b296697) x13 0xfb2a43b0
core   0: 0x8000e3b4 (0x00008ca9) c.xor   s1, a0
core   0: 3 0x8000e3b4 (0x8ca9) x 9 0x0001572c
core   0: 0x8000e3b6 (0x00182533) slt     a0, a6, ra
core   0: 3 0x8000e3b6 (0x00182533) x10 0x00000000
core   0: 0x8000e3ba (0x02fb16b3) mulh    a3, s6, a5
core   0: 3 0x8000e3ba (0x02fb16b3) x13 0xffffffd0
core   0: 0x8000e3be (0x40ecd833) sra     a6, s9, a4
core   0: 3 0x8000e3be (0x40ecd833) x16 0x001572cf
core   0: 0x8000e3c2 (0x005aed33) or      s10, s5, t0
core   0: 3 0x8000e3c2 (0x005aed33) x26 0x80037e48
core   0: 0x8000e3c6 (0x003580b3) add     ra, a1, gp
core   0: 3 0x8000e3c6 (0x003580b3) x 1 0x00080064
core   0: 0x8000e3ca (0x00ba1c33) sll     s8, s4, a1
core   0: 3 0x8000e3ca (0x00ba1c33) x24 0x7a000000
core   0: 0x8000e3ce (0x008ddb33) srl     s6, s11, s0
core   0: 3 0x8000e3ce (0x008ddb33) x22 0x00000000
core   0: 0x8000e3d2 (0x01790a33) add     s4, s2, s7
core   0: 3 0x8000e3d2 (0x01790a33) x20 0x000000ac
core   0: 0x8000e3d6 (0x0000e28d) c.bnez  a3, pc + 34
core   0: 3 0x8000e3d6 (0xe28d)
core   0: 0x8000e3f8 (0x0298efb3) rem     t6, a7, s1
core   0: 3 0x8000e3f8 (0x0298efb3) x31 0x00000000
core   0: 0x8000e3fc (0x032ad833) divu    a6, s5, s2
core   0: 3 0x8000e3fc (0x032ad833) x16 0x80025e48
core   0: 0x8000e400 (0x5609bb13) sltiu   s6, s3, 1376
core   0: 3 0x8000e400 (0x5609bb13) x22 0x00000000
core   0: 0x8000e404 (0x40ccd413) srai    s0, s9, 12
core   0: 3 0x8000e404 (0x40ccd413) x 8 0x0002ae59
core   0: 0x8000e408 (0x419d0eb3) sub     t4, s10, s9
core   0: 3 0x8000e408 (0x419d0eb3) x29 0x551de00f
core   0: 0x8000e40c (0x01ce3733) sltu    a4, t3, t3
core   0: 3 0x8000e40c (0x01ce3733) x14 0x00000000
core   0: 0x8000e410 (0x00008ebd) c.xor   a3, a5
core   0: 3 0x8000e410 (0x8ebd) x13 0x7ffd6334
core   0: 0x8000e412 (0x00008e71) c.and   a2, a2
core   0: 3 0x8000e412 (0x8e71) x12 0x0000008d
core   0: 0x8000e414 (0x0000eb11) c.bnez  a4, pc + 20
core   0: 3 0x8000e414 (0xeb11)
core   0: 0x8000e416 (0x00000f8c) c.addi4spn a1, sp, 976
core   0: 3 0x8000e416 (0x0f8c) x11 0x8e400371
core   0: 0x8000e418 (0xd0af0813) addi    a6, t5, -758
core   0: 3 0x8000e418 (0xd0af0813) x16 0xfffffcca
core   0: 0x8000e41c (0x00001918) c.addi4spn a4, sp, 176
core   0: 3 0x8000e41c (0x1918) x14 0x8e400051
core   0: 0x8000e41e (0x03881733) mulh    a4, a6, s8
core   0: 3 0x8000e41e (0x03881733) x14 0xfffffe78
core   0: 0x8000e422 (0x00008ded) c.and   a1, a1
core   0: 3 0x8000e422 (0x8ded) x11 0x8e400371
core   0: 0x8000e424 (0x034a3833) mulhu   a6, s4, s4
core   0: 3 0x8000e424 (0x034a3833) x16 0x00000000
core   0: 0x8000e428 (0x0000c2a9) c.beqz  a3, pc + 66
core   0: 3 0x8000e428 (0xc2a9)
core   0: 0x8000e42a (0x032aa2b3) mulhsu  t0, s5, s2
core   0: 3 0x8000e42a (0x032aa2b3) x 5 0xffffffff
core   0: 0x8000e42e (0x00008411) c.srai  s0, 4
core   0: 3 0x8000e42e (0x8411) x 8 0x00002ae5
core   0: 0x8000e430 (0x16f5a313) slti    t1, a1, 367
core   0: 3 0x8000e430 (0x16f5a313) x 6 0x00000001
core   0: 0x8000e434 (0x004fcf63) blt     t6, tp, pc + 30
core   0: 3 0x8000e434 (0x004fcf63)
core   0: 0x8000e452 (0x0000819d) c.srli  a1, 7
core   0: 3 0x8000e452 (0x819d) x11 0x011c8006
core   0: 0x8000e454 (0x17af0213) addi    tp, t5, 378
core   0: 3 0x8000e454 (0x17af0213) x 4 0x0000013a
core   0: 0x8000e458 (0x025b3e33) mulhu   t3, s6, t0
core   0: 3 0x8000e458 (0x025b3e33) x28 0x00000000
core   0: 0x8000e45c (0x01f946b3) xor     a3, s2, t6
core   0: 3 0x8000e45c (0x01f946b3) x13 0x00000001
core   0: 0x8000e460 (0x02950333) mul     t1, a0, s1
core   0: 3 0x8000e460 (0x02950333) x 6 0x00000000
core   0: 0x8000e464 (0x00008925) c.andi  a0, 9
core   0: 3 0x8000e464 (0x8925) x10 0x00000000
core   0: 0x8000e466 (0x36d3e417) auipc   s0, 0x36d3e
core   0: 3 0x8000e466 (0x36d3e417) x 8 0xb6d4c466
core   0: 0x8000e46a (0x0033f833) and     a6, t2, gp
core   0: 3 0x8000e46a (0x0033f833) x16 0x00000000
core   0: 0x8000e46e (0x8ce90393) addi    t2, s2, -1842
core   0: 3 0x8000e46e (0x8ce90393) x 7 0xfffff8cf
core   0: 0x8000e472 (0x001011b3) sll     gp, zero, ra
core   0: 3 0x8000e472 (0x001011b3) x 3 0x00000000
core   0: 0x8000e476 (0x0ff0000f) fence   iorw,iorw
core   0: 3 0x8000e476 (0x0ff0000f)
core   0: 0x8000e47a (0x359a3a13) sltiu   s4, s4, 857
core   0: 3 0x8000e47a (0x359a3a13) x20 0x00000001
core   0: 0x8000e47e (0x00008d79) c.and   a0, a4
core   0: 3 0x8000e47e (0x8d79) x10 0x00000000
core   0: 0x8000e480 (0x03cac033) div     zero, s5, t3
core   0: 3 0x8000e480 (0x03cac033)
core   0: 0x8000e484 (0x000081e9) c.srli  a1, 26
core   0: 3 0x8000e484 (0x81e9) x11 0x00000000
core   0: 0x8000e486 (0x00006171) c.addi16sp sp, 336
core   0: 3 0x8000e486 (0x6171) x 2 0x8e4000f1
core   0: 0x8000e488 (0x000083fa) c.mv    t2, t5
core   0: 3 0x8000e488 (0x83fa) x 7 0xffffffc0
core   0: 0x8000e48a (0x00008faa) c.mv    t6, a0
core   0: 3 0x8000e48a (0x8faa) x31 0x00000000
core   0: 0x8000e48c (0x000010fd) c.addi  ra, -1
core   0: 3 0x8000e48c (0x10fd) x 1 0x00080063
core   0: 0x8000e48e (0x039e0833) mul     a6, t3, s9
core   0: 3 0x8000e48e (0x039e0833) x16 0x00000000
core   0: 0x8000e492 (0x006f8533) add     a0, t6, t1
core   0: 3 0x8000e492 (0x006f8533) x10 0x00000000
core   0: 0x8000e496 (0x0238b033) mulhu   zero, a7, gp
core   0: 3 0x8000e496 (0x0238b033)
core   0: 0x8000e49a (0xcdb16517) auipc   a0, 0xcdb16
core   0: 3 0x8000e49a (0xcdb16517) x10 0x4db2449a
core   0: 0x8000e49e (0x03ac5163) bge     s8, s10, pc + 34
core   0: 3 0x8000e49e (0x03ac5163)
core   0: 0x8000e4c0 (0x00b26c63) bltu    tp, a1, pc + 24
core   0: 3 0x8000e4c0 (0x00b26c63)
core   0: 0x8000e4c4 (0x01cedd93) srli    s11, t4, 28
core   0: 3 0x8000e4c4 (0x01cedd93) x27 0x00000005
core   0: 0x8000e4c8 (0x033722b3) mulhsu  t0, a4, s3
core   0: 3 0x8000e4c8 (0x033722b3) x 5 0xffffffff
core   0: 0x8000e4cc (0x031c9663) bne     s9, a7, pc + 44
core   0: 3 0x8000e4cc (0x031c9663)
core   0: 0x8000e4f8 (0x037799b3) mulh    s3, a5, s7
core   0: 3 0x8000e4f8 (0x037799b3) x19 0xffffffaa
core   0: 0x8000e4fc (0x0000c1a1) c.beqz  a1, pc + 64
core   0: 3 0x8000e4fc (0xc1a1)
core   0: 0x8000e53c (0x03c73e33) mulhu   t3, a4, t3
core   0: 3 0x8000e53c (0x03c73e33) x28 0x00000000
core   0: 0x8000e540 (0x00df6b63) bltu    t5, a3, pc + 22
core   0: 3 0x8000e540 (0x00df6b63)
core   0: 0x8000e544 (0x0345aeb3) mulhsu  t4, a1, s4
core   0: 3 0x8000e544 (0x0345aeb3) x29 0x00000000
core   0: 0x8000e548 (0x01311e13) slli    t3, sp, 19
core   0: 3 0x8000e548 (0x01311e13) x28 0x07880000
core   0: 0x8000e54c (0x019d9a63) bne     s11, s9, pc + 20
core   0: 3 0x8000e54c (0x019d9a63)
core   0: 0x8000e560 (0x008d1693) slli    a3, s10, 8
core   0: 3 0x8000e560 (0x008d1693) x13 0x037e4800
core   0: 0x8000e564 (0x008bcfb3) xor     t6, s7, s0
core   0: 3 0x8000e564 (0x008bcfb3) x31 0xb6d4c4cd
core   0: 0x8000e568 (0xd3583213) sltiu   tp, a6, -715
core   0: 3 0x8000e568 (0xd3583213) x 4 0x00000001
core   0: 0x8000e56c (0x033a3033) mulhu   zero, s4, s3
core   0: 3 0x8000e56c (0x033a3033)
core   0: 0x8000e570 (0x00876833) or      a6, a4, s0
core   0: 3 0x8000e570 (0x00876833) x16 0xfffffe7e
core   0: 0x8000e574 (0x0000859d) c.srai  a1, 7
core   0: 3 0x8000e574 (0x859d) x11 0x00000000
core   0: 0x8000e576 (0x02e77633) remu    a2, a4, a4
core   0: 3 0x8000e576 (0x02e77633) x12 0x00000000
core   0: 0x8000e57a (0x01379e13) slli    t3, a5, 19
core   0: 3 0x8000e57a (0x01379e13) x28 0xe7200000
core   0: 0x8000e57e (0x41dc01b3) sub     gp, s8, t4
core   0: 3 0x8000e57e (0x41dc01b3) x 3 0x7a000000
core   0: 0x8000e582 (0x0000884a) c.mv    a6, s2
core   0: 3 0x8000e582 (0x884a) x16 0x00000001
core   0: 0x8000e584 (0x006e19b3) sll     s3, t3, t1
core   0: 3 0x8000e584 (0x006e19b3) x19 0xe7200000
core   0: 0x8000e588 (0x00000001) c.nop
core   0: 3 0x8000e588 (0x0001)
core   0: 0x8000e58a (0x419fd1b3) sra     gp, t6, s9
core   0: 3 0x8000e58a (0x419fd1b3) x 3 0xffffffdb
core   0: 0x8000e58e (0x40a95a33) sra     s4, s2, a0
core   0: 3 0x8000e58e (0x40a95a33) x20 0x00000000
core   0: 0x8000e592 (0x003606b3) add     a3, a2, gp
core   0: 3 0x8000e592 (0x003606b3) x13 0xffffffdb
core   0: 0x8000e596 (0x01d7ef33) or      t5, a5, t4
core   0: 3 0x8000e596 (0x01d7ef33) x30 0x80029ce4
core   0: 0x8000e59a (0x00000001) c.nop
core   0: 3 0x8000e59a (0x0001)
core   0: 0x8000e59c (0x0180c2b3) xor     t0, ra, s8
core   0: 3 0x8000e59c (0x0180c2b3) x 5 0x7a080063
core   0: 0x8000e5a0 (0x02821b63) bne     tp, s0, pc + 54
core   0: 3 0x8000e5a0 (0x02821b63)
core   0: 0x8000e5d6 (0x00006869) c.lui   a6, 0x1a
core   0: 3 0x8000e5d6 (0x6869) x16 0x0001a000
core   0: 0x8000e5d8 (0x001f7b63) bgeu    t5, ra, pc + 22
core   0: 3 0x8000e5d8 (0x001f7b63)
core   0: 0x8000e5ee (0x03cd6f33) rem     t5, s10, t3
core   0: 3 0x8000e5ee (0x03cd6f33) x30 0xfc637e48
core   0: 0x8000e5f2 (0x0ff0000f) fence   iorw,iorw
core   0: 3 0x8000e5f2 (0x0ff0000f)
core   0: 0x8000e5f6 (0x00f13eb3) sltu    t4, sp, a5
core   0: 3 0x8000e5f6 (0x00f13eb3) x29 0x00000000
core   0: 0x8000e5fa (0x000012fd) c.addi  t0, -1
core   0: 3 0x8000e5fa (0x12fd) x 5 0x7a080062
core   0: 0x8000e5fc (0x00f5a9b3) slt     s3, a1, a5
core   0: 3 0x8000e5fc (0x00f5a9b3) x19 0x00000000
core   0: 0x8000e600 (0x017c7933) and     s2, s8, s7
core   0: 3 0x8000e600 (0x017c7933) x18 0x00000000
core   0: 0x8000e604 (0x0ff0000f) fence   iorw,iorw
core   0: 3 0x8000e604 (0x0ff0000f)
core   0: 0x8000e608 (0x010c60b3) or      ra, s8, a6
core   0: 3 0x8000e608 (0x010c60b3) x 1 0x7a01a000
core   0: 0x8000e60c (0x00008ea9) c.xor   a3, a0
core   0: 3 0x8000e60c (0x8ea9) x13 0xb24dbb41
core   0: 0x8000e60e (0x000060f9) c.lui   ra, 0x1e
core   0: 3 0x8000e60e (0x60f9) x 1 0x0001e000
core   0: 0x8000e610 (0x03e23133) mulhu   sp, tp, t5
core   0: 3 0x8000e610 (0x03e23133) x 2 0x00000000
core   0: 0x8000e614 (0x00006131) c.addi16sp sp, 320
core   0: 3 0x8000e614 (0x6131) x 2 0x00000140
core   0: 0x8000e616 (0x0000888d) c.andi  s1, 3
core   0: 3 0x8000e616 (0x888d) x 9 0x00000000
core   0: 0x8000e618 (0x03387e33) remu    t3, a6, s3
core   0: 3 0x8000e618 (0x03387e33) x28 0x0001a000
core   0: 0x8000e61c (0x0ff0000f) fence   iorw,iorw
core   0: 3 0x8000e61c (0x0ff0000f)
core   0: 0x8000e620 (0x0000e88d) c.bnez  s1, pc + 50
core   0: 3 0x8000e620 (0xe88d)
core   0: 0x8000e622 (0x00008df1) c.and   a1, a2
core   0: 3 0x8000e622 (0x8df1) x11 0x00000000
core   0: 0x8000e624 (0x00ababb3) slt     s7, s7, a0
core   0: 3 0x8000e624 (0x00ababb3) x23 0x00000001
core   0: 0x8000e628 (0x00009ce6) c.add   s9, s9
core   0: 3 0x8000e628 (0x9ce6) x25 0x55cb3c72
core   0: 0x8000e62a (0x00008f1d) c.sub   a4, a5
core   0: 3 0x8000e62a (0x8f1d) x14 0x7ffd6194
core   0: 0x8000e62c (0x00000e92) c.slli  t4, 4
core   0: 3 0x8000e62c (0x0e92) x29 0x00000000
core   0: 0x8000e62e (0x03b2f933) remu    s2, t0, s11
core   0: 3 0x8000e62e (0x03b2f933) x18 0x00000003
core   0: 0x8000e632 (0x5502cc93) xori    s9, t0, 1360
core   0: 3 0x8000e632 (0x5502cc93) x25 0x7a080532
core   0: 0x8000e636 (0x00008f29) c.xor   a4, a0
core   0: 3 0x8000e636 (0x8f29) x14 0x324f250e
core   0: 0x8000e638 (0x5f7d6013) ori     zero, s10, 1527
core   0: 3 0x8000e638 (0x5f7d6013)
core   0: 0x8000e63c (0x03cfc263) blt     t6, t3, pc + 36
core   0: 3 0x8000e63c (0x03cfc263)
core   0: 0x8000e660 (0x0000100f) fence.i
core   0: 3 0x8000e660 (0x0000100f)
core   0: 0x8000e664 (0x01c77033) and     zero, a4, t3
core   0: 3 0x8000e664 (0x01c77033)
core   0: 0x8000e668 (0x02183bb3) mulhu   s7, a6, ra
core   0: 3 0x8000e668 (0x02183bb3) x23 0x00000003
core   0: 0x8000e66c (0x01839d63) bne     t2, s8, pc + 26
core   0: 3 0x8000e66c (0x01839d63)
core   0: 0x8000e686 (0x00008606) c.mv    a2, ra
core   0: 3 0x8000e686 (0x8606) x12 0x0001e000
core   0: 0x8000e688 (0x013c6533) or      a0, s8, s3
core   0: 3 0x8000e688 (0x013c6533) x10 0x7a000000
core   0: 0x8000e68c (0x0000c899) c.beqz  s1, pc + 22
core   0: 3 0x8000e68c (0xc899)
core   0: 0x8000e6a2 (0x0520c163) blt     ra, s2, pc + 66
core   0: 3 0x8000e6a2 (0x0520c163)
core   0: 0x8000e6a6 (0x05c4f593) andi    a1, s1, 92
core   0: 3 0x8000e6a6 (0x05c4f593) x11 0x00000000
core   0: 0x8000e6aa (0x000082f9) c.srli  a3, 30
core   0: 3 0x8000e6aa (0x82f9) x13 0x00000002
core   0: 0x8000e6ac (0x80f63493) sltiu   s1, a2, -2033
core   0: 3 0x8000e6ac (0x80f63493) x 9 0x00000001
core   0: 0x8000e6b0 (0x41650133) sub     sp, a0, s6
core   0: 3 0x8000e6b0 (0x41650133) x 2 0x7a000000
core   0: 0x8000e6b4 (0x00000001) c.nop
core   0: 3 0x8000e6b4 (0x0001)
core   0: 0x8000e6b6 (0x03204333) div     t1, zero, s2
core   0: 3 0x8000e6b6 (0x03204333) x 6 0x00000000
core   0: 0x8000e6ba (0x02070733) mul     a4, a4, zero
core   0: 3 0x8000e6ba (0x02070733) x14 0x00000000
core   0: 0x8000e6be (0x0164cc33) xor     s8, s1, s6
core   0: 3 0x8000e6be (0x0164cc33) x24 0x00000001
core   0: 0x8000e6c2 (0x00008375) c.srli  a4, 29
core   0: 3 0x8000e6c2 (0x8375) x14 0x00000000
core   0: 0x8000e6c4 (0x0190de63) bge     ra, s9, pc + 28
core   0: 3 0x8000e6c4 (0x0190de63)
core   0: 0x8000e6c8 (0x0000e215) c.bnez  a2, pc + 36
core   0: 3 0x8000e6c8 (0xe215)
core   0: 0x8000e6ec (0x40ba5213) srai    tp, s4, 11
core   0: 3 0x8000e6ec (0x40ba5213) x 4 0x00000000
core   0: 0x8000e6f0 (0x00006ed1) c.lui   t4, 0x14
core   0: 3 0x8000e6f0 (0x6ed1) x29 0x00014000
core   0: 0x8000e6f2 (0x02e102b3) mul     t0, sp, a4
core   0: 3 0x8000e6f2 (0x02e102b3) x 5 0x00000000
core   0: 0x8000e6f6 (0x03ef76b3) remu    a3, t5, t5
core   0: 3 0x8000e6f6 (0x03ef76b3) x13 0x00000000
core   0: 0x8000e6fa (0x0000c989) c.beqz  a1, pc + 18
core   0: 3 0x8000e6fa (0xc989)
core   0: 0x8000e70c (0x0366b033) mulhu   zero, a3, s6
core   0: 3 0x8000e70c (0x0366b033)
core   0: 0x8000e710 (0x00001518) c.addi4spn a4, sp, 672
core   0: 3 0x8000e710 (0x1518) x14 0x7a0002a0
core   0: 0x8000e712 (0x002b6d63) bltu    s6, sp, pc + 26
core   0: 3 0x8000e712 (0x002b6d63)
core   0: 0x8000e72c (0x6351b193) sltiu   gp, gp, 1589
core   0: 3 0x8000e72c (0x6351b193) x 3 0x00000000
core   0: 0x8000e730 (0x00f5ca33) xor     s4, a1, a5
core   0: 3 0x8000e730 (0x00f5ca33) x20 0x80029ce4
core   0: 0x8000e734 (0x017de4b3) or      s1, s11, s7
core   0: 3 0x8000e734 (0x017de4b3) x 9 0x00000007
core   0: 0x8000e738 (0x00000001) c.nop
core   0: 3 0x8000e738 (0x0001)
core   0: 0x8000e73a (0x08eea2b7) lui     t0, 0x8eea
core   0: 3 0x8000e73a (0x08eea2b7) x 5 0x08eea000
core   0: 0x8000e73e (0x1dd6e917) auipc   s2, 0x1dd6e
core   0: 3 0x8000e73e (0x1dd6e917) x18 0x9dd7c73e
core   0: 0x8000e742 (0x00315333) srl     t1, sp, gp
core   0: 3 0x8000e742 (0x00315333) x 6 0x7a000000
core   0: 0x8000e746 (0x02ac3633) mulhu   a2, s8, a0
core   0: 3 0x8000e746 (0x02ac3633) x12 0x00000000
core   0: 0x8000e74a (0x00eb1293) slli    t0, s6, 14
core   0: 3 0x8000e74a (0x00eb1293) x 5 0x00000000
core   0: 0x8000e74e (0x0000020d) c.addi  tp, 3
core   0: 3 0x8000e74e (0x020d) x 4 0x00000003
core   0: 0x8000e750 (0x00008d21) c.xor   a0, s0
core   0: 3 0x8000e750 (0x8d21) x10 0xccd4c466
core   0: 0x8000e752 (0x01d4f633) and     a2, s1, t4
core   0: 3 0x8000e752 (0x01d4f633) x12 0x00000000
core   0: 0x8000e756 (0x00008d29) c.xor   a0, a0
core   0: 3 0x8000e756 (0x8d29) x10 0x00000000
core   0: 0x8000e758 (0x01dc16b3) sll     a3, s8, t4
core   0: 3 0x8000e758 (0x01dc16b3) x13 0x00000001
core   0: 0x8000e75c (0x00008d61) c.and   a0, s0
core   0: 3 0x8000e75c (0x8d61) x10 0x00000000
core   0: 0x8000e75e (0x0ff0000f) fence   iorw,iorw
core   0: 3 0x8000e75e (0x0ff0000f)
core   0: 0x8000e762 (0x02d02933) mulhsu  s2, zero, a3
core   0: 3 0x8000e762 (0x02d02933) x18 0x00000000
core   0: 0x8000e766 (0x01483e33) sltu    t3, a6, s4
core   0: 3 0x8000e766 (0x01483e33) x28 0x00000001
core   0: 0x8000e76a (0x000013fd) c.addi  t2, -1
core   0: 3 0x8000e76a (0x13fd) x 7 0xffffffbf
core   0: 0x8000e76c (0x002813b3) sll     t2, a6, sp
core   0: 3 0x8000e76c (0x002813b3) x 7 0x0001a000
core   0: 0x8000e770 (0x102ef213) andi    tp, t4, 258
core   0: 3 0x8000e770 (0x102ef213) x 4 0x00000000
core   0: 0x8000e774 (0x00008295) c.srli  a3, 5
core   0: 3 0x8000e774 (0x8295) x13 0x00000000
core   0: 0x8000e776 (0x3674bb13) sltiu   s6, s1, 871
core   0: 3 0x8000e776 (0x3674bb13) x22 0x00000001
core   0: 0x8000e77a (0x0000717d) c.addi16sp sp, -16
core   0: 3 0x8000e77a (0x717d) x 2 0x79fffff0
core   0: 0x8000e77c (0x00001980) c.addi4spn s0, sp, 240
core   0: 3 0x8000e77c (0x1980) x 8 0x7a0000e0
core   0: 0x8000e77e (0x00008cb9) c.xor   s1, a4
core   0: 3 0x8000e77e (0x8cb9) x 9 0x7a0002a7
core   0: 0x8000e780 (0x02a04b33) div     s6, zero, a0
core   0: 3 0x8000e780 (0x02a04b33) x22 0xffffffff
core   0: 0x8000e784 (0x02176a63) bltu    a4, ra, pc + 52
core   0: 3 0x8000e784 (0x02176a63)
core   0: 0x8000e788 (0x008b5393) srli    t2, s6, 8
core   0: 3 0x8000e788 (0x008b5393) x 7 0x00ffffff
core   0: 0x8000e78c (0x0000941a) c.add   s0, t1
core   0: 3 0x8000e78c (0x941a) x 8 0xf40000e0
core   0: 0x8000e78e (0x575ea293) slti    t0, t4, 1397
core   0: 3 0x8000e78e (0x575ea293) x 5 0x00000000
core   0: 0x8000e792 (0x00008ea9) c.xor   a3, a0
core   0: 3 0x8000e792 (0x8ea9) x13 0x00000000
core   0: 0x8000e794 (0x02e77433) remu    s0, a4, a4
core   0: 3 0x8000e794 (0x02e77433) x 8 0x00000000
core   0: 0x8000e798 (0x6f439437) lui     s0, 0x6f439
core   0: 3 0x8000e798 (0x6f439437) x 8 0x6f439000
core   0: 0x8000e79c (0x04438d13) addi    s10, t2, 68
core   0: 3 0x8000e79c (0x04438d13) x26 0x01000043
core   0: 0x8000e7a0 (0x00006731) c.lui   a4, 0xc
core   0: 3 0x8000e7a0 (0x6731) x14 0x0000c000
core   0: 0x8000e7a2 (0x02b64a33) div     s4, a2, a1
core   0: 3 0x8000e7a2 (0x02b64a33) x20 0xffffffff
core   0: 0x8000e7a6 (0x00006a49) c.lui   s4, 0x12
core   0: 3 0x8000e7a6 (0x6a49) x20 0x00012000
core   0: 0x8000e7a8 (0x0000717d) c.addi16sp sp, -16
core   0: 3 0x8000e7a8 (0x717d) x 2 0x79ffffe0
core   0: 0x8000e7aa (0x0045d293) srli    t0, a1, 4
core   0: 3 0x8000e7aa (0x0045d293) x 5 0x00000000
core   0: 0x8000e7ae (0x00d6e733) or      a4, a3, a3
core   0: 3 0x8000e7ae (0x00d6e733) x14 0x00000000
core   0: 0x8000e7b2 (0xc1a5cd93) xori    s11, a1, -998
core   0: 3 0x8000e7b2 (0xc1a5cd93) x27 0xfffffc1a
core   0: 0x8000e7b6 (0x00008215) c.srli  a2, 5
core   0: 3 0x8000e7b6 (0x8215) x12 0x00000000
core   0: 0x8000e7b8 (0x03c7dcb3) divu    s9, a5, t3
core   0: 3 0x8000e7b8 (0x03c7dcb3) x25 0x80029ce4
core   0: 0x8000e7bc (0x03e9fe33) remu    t3, s3, t5
core   0: 3 0x8000e7bc (0x03e9fe33) x28 0x00000000
core   0: 0x8000e7c0 (0x0ff0000f) fence   iorw,iorw
core   0: 3 0x8000e7c0 (0x0ff0000f)
core   0: 0x8000e7c4 (0x017bc3b3) xor     t2, s7, s7
core   0: 3 0x8000e7c4 (0x017bc3b3) x 7 0x00000000
core   0: 0x8000e7c8 (0x02a36833) rem     a6, t1, a0
core   0: 3 0x8000e7c8 (0x02a36833) x16 0x7a000000
core   0: 0x8000e7cc (0xe0cfc713) xori    a4, t6, -500
core   0: 3 0x8000e7cc (0xe0cfc713) x14 0x492b3ac1
core   0: 0x8000e7d0 (0x00009a7d) c.andi  a2, -1
core   0: 3 0x8000e7d0 (0x9a7d) x12 0x00000000
core   0: 0x8000e7d2 (0x46f9ac17) auipc   s8, 0x46f9a
core   0: 3 0x8000e7d2 (0x46f9ac17) x24 0xc6fa87d2
core   0: 0x8000e7d6 (0x0000130c) c.addi4spn a1, sp, 416
core   0: 3 0x8000e7d6 (0x130c) x11 0x7a000180
core   0: 0x8000e7d8 (0x00008c01) c.sub   s0, s0
core   0: 3 0x8000e7d8 (0x8c01) x 8 0x00000000
core   0: 0x8000e7da (0x018cbeb3) sltu    t4, s9, s8
core   0: 3 0x8000e7da (0x018cbeb3) x29 0x00000001
core   0: 0x8000e7de (0x0000100f) fence.i
core   0: 3 0x8000e7de (0x0000100f)
core   0: 0x8000e7e2 (0x00008e71) c.and   a2, a2
core   0: 3 0x8000e7e2 (0x8e71) x12 0x00000000
core   0: 0x8000e7e4 (0x028e6833) rem     a6, t3, s0
core   0: 3 0x8000e7e4 (0x028e6833) x16 0x00000000
core   0: 0x8000e7e8 (0x030896b3) mulh    a3, a7, a6
core   0: 3 0x8000e7e8 (0x030896b3) x13 0x00000000
core   0: 0x8000e7ec (0x0000993a) c.add   s2, a4
core   0: 3 0x8000e7ec (0x993a) x18 0x492b3ac1
core   0: 0x8000e7ee (0xe7dde113) ori     sp, s11, -387
core   0: 3 0x8000e7ee (0xe7dde113) x 2 0xfffffe7f
core   0: 0x8000e7f2 (0x026e8133) mul     sp, t4, t1
core   0: 3 0x8000e7f2 (0x026e8133) x 2 0x7a000000
core   0: 0x8000e7f6 (0x031cc4b3) div     s1, s9, a7
core   0: 3 0x8000e7f6 (0x031cc4b3) x 9 0xffffffff
core   0: 0x8000e7fa (0x975346b7) lui     a3, 0x97534
core   0: 3 0x8000e7fa (0x975346b7) x13 0x97534000
core   0: 0x8000e7fe (0x0bfb3f13) sltiu   t5, s6, 191
core   0: 3 0x8000e7fe (0x0bfb3f13) x30 0x00000000
core   0: 0x8000e802 (0x00008d25) c.xor   a0, s1
core   0: 3 0x8000e802 (0x8d25) x10 0xffffffff
core   0: 0x8000e804 (0xb1484213) xori    tp, a6, -1260
core   0: 3 0x8000e804 (0xb1484213) x 4 0xfffffb14
core   0: 0x8000e808 (0x00008dd9) c.or    a1, a4
core   0: 3 0x8000e808 (0x8dd9) x11 0x7b2b3bc1
core   0: 0x8000e80a (0x00029a33) sll     s4, t0, zero
core   0: 3 0x8000e80a (0x00029a33) x20 0x00000000
core   0: 0x8000e80e (0x00eb4733) xor     a4, s6, a4
core   0: 3 0x8000e80e (0x00eb4733) x14 0xb6d4c53e
core   0: 0x8000e812 (0x07f48663) beq     s1, t6, pc + 108
core   0: 3 0x8000e812 (0x07f48663)
core   0: 0x8000e816 (0x0116d193) srli    gp, a3, 17
core   0: 3 0x8000e816 (0x0116d193) x 3 0x00004ba9
core   0: 0x8000e81a (0x065e5063) bge     t3, t0, pc + 96
core   0: 3 0x8000e81a (0x065e5063)
core   0: 0x8000e87a (0x40a35033) sra     zero, t1, a0
core   0: 3 0x8000e87a (0x40a35033)
core   0: 0x8000e87e (0x0000856e) c.mv    a0, s11
core   0: 3 0x8000e87e (0x856e) x10 0xfffffc1a
core   0: 0x8000e880 (0x03b8d2b3) divu    t0, a7, s11
core   0: 3 0x8000e880 (0x03b8d2b3) x 5 0x00000000
core   0: 0x8000e884 (0x02d670b3) remu    ra, a2, a3
core   0: 3 0x8000e884 (0x02d670b3) x 1 0x00000000
core   0: 0x8000e888 (0x0109cb63) blt     s3, a6, pc + 22
core   0: 3 0x8000e888 (0x0109cb63)
core   0: 0x8000e88c (0x00ca5933) srl     s2, s4, a2
core   0: 3 0x8000e88c (0x00ca5933) x18 0x00000000
core   0: 0x8000e890 (0x02375933) divu    s2, a4, gp
core   0: 3 0x8000e890 (0x02375933) x18 0x00026a9e
core   0: 0x8000e894 (0x03a10363) beq     sp, s10, pc + 38
core   0: 3 0x8000e894 (0x03a10363)
core   0: 0x8000e898 (0x00000001) c.nop
core   0: 3 0x8000e898 (0x0001)
core   0: 0x8000e89a (0x02f3dfb3) divu    t6, t2, a5
core   0: 3 0x8000e89a (0x02f3dfb3) x31 0x00000000
core   0: 0x8000e89e (0x00006131) c.addi16sp sp, 320
core   0: 3 0x8000e89e (0x6131) x 2 0x7a000140
core   0: 0x8000e8a0 (0x00000b98) c.addi4spn a4, sp, 464
core   0: 3 0x8000e8a0 (0x0b98) x14 0x7a000310
core   0: 0x8000e8a2 (0x00008611) c.srai  a2, 4
core   0: 3 0x8000e8a2 (0x8611) x12 0x00000000
core   0: 0x8000e8a4 (0x009e1f93) slli    t6, t3, 9
core   0: 3 0x8000e8a4 (0x009e1f93) x31 0x00000000
core   0: 0x8000e8a8 (0x00411993) slli    s3, sp, 4
core   0: 3 0x8000e8a8 (0x00411993) x19 0xa0001400
core   0: 0x8000e8ac (0x00de5b63) bge     t3, a3, pc + 22
core   0: 3 0x8000e8ac (0x00de5b63)
core   0: 0x8000e8c2 (0x02c99133) mulh    sp, s3, a2
core   0: 3 0x8000e8c2 (0x02c99133) x 2 0x00000000
core   0: 0x8000e8c6 (0x00835633) srl     a2, t1, s0
core   0: 3 0x8000e8c6 (0x00835633) x12 0x7a000000
core   0: 0x8000e8ca (0x00000001) c.nop
core   0: 3 0x8000e8ca (0x0001)
core   0: 0x8000e8cc (0x0000ee09) c.bnez  a2, pc + 26
core   0: 3 0x8000e8cc (0xee09)
core   0: 0x8000e8e6 (0x00001b8c) c.addi4spn a1, sp, 496
core   0: 3 0x8000e8e6 (0x1b8c) x11 0x000001f0
core   0: 0x8000e8e8 (0x02257163) bgeu    a0, sp, pc + 34
core   0: 3 0x8000e8e8 (0x02257163)
core   0: 0x8000e90a (0x05437163) bgeu    t1, s4, pc + 66
core   0: 3 0x8000e90a (0x05437163)
core   0: 0x8000e94c (0x0385cbb3) div     s7, a1, s8
core   0: 3 0x8000e94c (0x0385cbb3) x23 0x00000000
core   0: 0x8000e950 (0x00000122) c.slli  sp, 8
core   0: 3 0x8000e950 (0x0122) x 2 0x00000000
core   0: 0x8000e952 (0x0000cb09) c.beqz  a4, pc + 18
core   0: 3 0x8000e952 (0xcb09)
core   0: 0x8000e954 (0x00008375) c.srli  a4, 29
core   0: 3 0x8000e954 (0x8375) x14 0x00000003
core   0: 0x8000e956 (0x00000ef2) c.slli  t4, 28
core   0: 3 0x8000e956 (0x0ef2) x29 0x10000000
core   0: 0x8000e958 (0x02fea033) mulhsu  zero, t4, a5
core   0: 3 0x8000e958 (0x02fea033)
core   0: 0x8000e95c (0x00008e89) c.sub   a3, a0
core   0: 3 0x8000e95c (0x8e89) x13 0x975343e6
core   0: 0x8000e95e (0x02627463) bgeu    tp, t1, pc + 40
core   0: 3 0x8000e95e (0x02627463)
core   0: 0x8000e986 (0x00001a00) c.addi4spn s0, sp, 304
core   0: 3 0x8000e986 (0x1a00) x 8 0x00000130
core   0: 0x8000e988 (0x71024493) xori    s1, tp, 1808
core   0: 3 0x8000e988 (0x71024493) x 9 0xfffffc04
core   0: 0x8000e98c (0x00000001) c.nop
core   0: 3 0x8000e98c (0x0001)
core   0: 0x8000e98e (0x01b295b3) sll     a1, t0, s11
core   0: 3 0x8000e98e (0x01b295b3) x11 0x00000000
core   0: 0x8000e992 (0x00000001) c.nop
core   0: 3 0x8000e992 (0x0001)
core   0: 0x8000e994 (0x00008de1) c.and   a1, s0
core   0: 3 0x8000e994 (0x8de1) x11 0x00000000
core   0: 0x8000e996 (0x1772b913) sltiu   s2, t0, 375
core   0: 3 0x8000e996 (0x1772b913) x18 0x00000001
core   0: 0x8000e99a (0x0000034e) c.slli  t1, 19
core   0: 3 0x8000e99a (0x034e) x 6 0x00000000
core   0: 0x8000e99c (0x0000cb11) c.beqz  a4, pc + 20
core   0: 3 0x8000e99c (0xcb11)
core   0: 0x8000e99e (0x0000717d) c.addi16sp sp, -16
core   0: 3 0x8000e99e (0x717d) x 2 0xfffffff0
core   0: 0x8000e9a0 (0x03999eb3) mulh    t4, s3, s9
core   0: 3 0x8000e9a0 (0x03999eb3) x29 0x2ffefb2a
core   0: 0x8000e9a4 (0xd64db693) sltiu   a3, s11, -668
core   0: 3 0x8000e9a4 (0xd64db693) x13 0x00000001
core   0: 0x8000e9a8 (0x00008c9d) c.sub   s1, a5
core   0: 3 0x8000e9a8 (0x8c9d) x 9 0x7ffd5f20
core   0: 0x8000e9aa (0x40b1ddb3) sra     s11, gp, a1
core   0: 3 0x8000e9aa (0x40b1ddb3) x27 0x00004ba9
core   0: 0x8000e9ae (0x0000010e) c.slli  sp, 3
core   0: 3 0x8000e9ae (0x010e) x 2 0xffffff80
core   0: 0x8000e9b0 (0x018acb63) blt     s5, s8, pc + 22
core   0: 3 0x8000e9b0 (0x018acb63)
core   0: 0x8000e9c6 (0x00e77bb3) and     s7, a4, a4
core   0: 3 0x8000e9c6 (0x00e77bb3) x23 0x00000003
core   0: 0x8000e9ca (0x43639597) auipc   a1, 0x43639
core   0: 3 0x8000e9ca (0x43639597) x11 0xc36479ca
core   0: 0x8000e9ce (0x00008c85) c.sub   s1, s1
core   0: 3 0x8000e9ce (0x8c85) x 9 0x00000000
core   0: 0x8000e9d0 (0x01759293) slli    t0, a1, 23
core   0: 3 0x8000e9d0 (0x01759293) x 5 0xe5000000
core   0: 0x8000e9d4 (0x401cda13) srai    s4, s9, 1
core   0: 3 0x8000e9d4 (0x401cda13) x20 0xc0014e72
core   0: 0x8000e9d8 (0x00008f31) c.xor   a4, a2
core   0: 3 0x8000e9d8 (0x8f31) x14 0x7a000003
core   0: 0x8000e9da (0x0000100f) fence.i
core   0: 3 0x8000e9da (0x0000100f)
core   0: 0x8000e9de (0x013a7fb3) and     t6, s4, s3
core   0: 3 0x8000e9de (0x013a7fb3) x31 0x80000400
core   0: 0x8000e9e2 (0x002d1963) bne     s10, sp, pc + 18
core   0: 3 0x8000e9e2 (0x002d1963)
core   0: 0x8000e9f4 (0x00000c1e) c.slli  s8, 7
core   0: 3 0x8000e9f4 (0x0c1e) x24 0x7d43e900
core   0: 0x8000e9f6 (0x00006d7d) c.lui   s10, 0x1f
core   0: 3 0x8000e9f6 (0x6d7d) x26 0x0001f000
core   0: 0x8000e9f8 (0xd9563813) sltiu   a6, a2, -619
core   0: 3 0x8000e9f8 (0xd9563813) x16 0x00000001
core   0: 0x8000e9fc (0x01760433) add     s0, a2, s7
core   0: 3 0x8000e9fc (0x01760433) x 8 0x7a000003
core   0: 0x8000ea00 (0x4154dc93) srai    s9, s1, 21
core   0: 3 0x8000ea00 (0x4154dc93) x25 0x00000000
core   0: 0x8000ea04 (0x006aea33) or      s4, s5, t1
core   0: 3 0x8000ea04 (0x006aea33) x20 0x80025e48
core   0: 0x8000ea08 (0x03b73433) mulhu   s0, a4, s11
core   0: 3 0x8000ea08 (0x03b73433) x 8 0x0000240e
core   0: 0x8000ea0c (0x00008359) c.srli  a4, 22
core   0: 3 0x8000ea0c (0x8359) x14 0x000001e8
core   0: 0x8000ea0e (0x033795b3) mulh    a1, a5, s3
core   0: 3 0x8000ea0e (0x033795b3) x11 0x2ffefb2a
core   0: 0x8000ea12 (0xc293ce13) xori    t3, t2, -983
core   0: 3 0x8000ea12 (0xc293ce13) x28 0xfffffc29
core   0: 0x8000ea16 (0x00000001) c.nop
core   0: 3 0x8000ea16 (0x0001)
core   0: 0x8000ea18 (0x03a294b3) mulh    s1, t0, s10
core   0: 3 0x8000ea18 (0x03a294b3) x 9 0xffffcbb0
core   0: 0x8000ea1c (0xab7d2493) slti    s1, s10, -1353
core   0: 3 0x8000ea1c (0xab7d2493) x 9 0x00000000
core   0: 0x8000ea20 (0x0000c901) c.beqz  a0, pc + 16
core   0: 3 0x8000ea20 (0xc901)
core   0: 0x8000ea22 (0x79adf813) andi    a6, s11, 1946
core   0: 3 0x8000ea22 (0x79adf813) x16 0x00000388
core   0: 0x8000ea26 (0x00006131) c.addi16sp sp, 320
core   0: 3 0x8000ea26 (0x6131) x 2 0x000000c0
core   0: 0x8000ea28 (0x01544cb3) xor     s9, s0, s5
core   0: 3 0x8000ea28 (0x01544cb3) x25 0x80027a46
core   0: 0x8000ea2c (0xa3152c13) slti    s8, a0, -1487
core   0: 3 0x8000ea2c (0xa3152c13) x24 0x00000000
core   0: 0x8000ea30 (0x000081dd) c.srli  a1, 23
core   0: 3 0x8000ea30 (0x81dd) x11 0x0000005f
core   0: 0x8000ea32 (0x031f9033) mulh    zero, t6, a7
core   0: 3 0x8000ea32 (0x031f9033)
core   0: 0x8000ea36 (0x01431d33) sll     s10, t1, s4
core   0: 3 0x8000ea36 (0x01431d33) x26 0x00000000
core   0: 0x8000ea3a (0x038a1c63) bne     s4, s8, pc + 56
core   0: 3 0x8000ea3a (0x038a1c63)
core   0: 0x8000ea72 (0x0000547d) c.li    s0, -1
core   0: 3 0x8000ea72 (0x547d) x 8 0xffffffff
core   0: 0x8000ea74 (0x7437a993) slti    s3, a5, 1859
core   0: 3 0x8000ea74 (0x7437a993) x19 0x00000001
core   0: 0x8000ea78 (0xbbb8e0b7) lui     ra, 0xbbb8e
core   0: 3 0x8000ea78 (0xbbb8e0b7) x 1 0xbbb8e000
core   0: 0x8000ea7c (0x00b1bf33) sltu    t5, gp, a1
core   0: 3 0x8000ea7c (0x00b1bf33) x30 0x00000000
core   0: 0x8000ea80 (0x00000ea6) c.slli  t4, 9
core   0: 3 0x8000ea80 (0x0ea6) x29 0xfdf65400
core   0: 0x8000ea82 (0xd686b293) sltiu   t0, a3, -664
core   0: 3 0x8000ea82 (0xd686b293) x 5 0x00000001
core   0: 0x8000ea86 (0x01a596b3) sll     a3, a1, s10
core   0: 3 0x8000ea86 (0x01a596b3) x13 0x0000005f
core   0: 0x8000ea8a (0x9353b093) sltiu   ra, t2, -1739
core   0: 3 0x8000ea8a (0x9353b093) x 1 0x00000001
core   0: 0x8000ea8e (0x00008df1) c.and   a1, a2
core   0: 3 0x8000ea8e (0x8df1) x11 0x00000000
core   0: 0x8000ea90 (0x0152dfb3) srl     t6, t0, s5
core   0: 3 0x8000ea90 (0x0152dfb3) x31 0x00000000
core   0: 0x8000ea94 (0x00d7e433) or      s0, a5, a3
core   0: 3 0x8000ea94 (0x00d7e433) x 8 0x80029cff
core   0: 0x8000ea98 (0x00000001) c.nop
core   0: 3 0x8000ea98 (0x0001)
core   0: 0x8000ea9a (0x00153a33) sltu    s4, a0, ra
core   0: 3 0x8000ea9a (0x00153a33) x20 0x00000000
core   0: 0x8000ea9e (0xd5a50813) addi    a6, a0, -678
core   0: 3 0x8000ea9e (0xd5a50813) x16 0xfffff974
core   0: 0x8000eaa2 (0x00008ea5) c.xor   a3, s1
core   0: 3 0x8000eaa2 (0x8ea5) x13 0x0000005f
core   0: 0x8000eaa4 (0x00008fb6) c.mv    t6, a3
core   0: 3 0x8000eaa4 (0x8fb6) x31 0x0000005f
core   0: 0x8000eaa6 (0x00b81863) bne     a6, a1, pc + 16
core   0: 3 0x8000eaa6 (0x00b81863)
core   0: 0x8000eab6 (0x3e962f17) auipc   t5, 0x3e962
core   0: 3 0x8000eab6 (0x3e962f17) x30 0xbe970ab6
core   0: 0x8000eaba (0x405589b3) sub     s3, a1, t0
core   0: 3 0x8000eaba (0x405589b3) x19 0xffffffff
core   0: 0x8000eabe (0xf228c013) xori    zero, a7, -222
core   0: 3 0x8000eabe (0xf228c013)
core   0: 0x8000eac2 (0x0398ebb3) rem     s7, a7, s9
core   0: 3 0x8000eac2 (0x0398ebb3) x23 0x00000000
core   0: 0x8000eac6 (0x03e04f33) div     t5, zero, t5
core   0: 3 0x8000eac6 (0x03e04f33) x30 0x00000000
core   0: 0x8000eaca (0x0500e363) bltu    ra, a6, pc + 70
core   0: 3 0x8000eaca (0x0500e363)
core   0: 0x8000eb10 (0x19593093) sltiu   ra, s2, 405
core   0: 3 0x8000eb10 (0x19593093) x 1 0x00000001
core   0: 0x8000eb14 (0x028dfbb3) remu    s7, s11, s0
core   0: 3 0x8000eb14 (0x028dfbb3) x23 0x00004ba9
core   0: 0x8000eb18 (0x00001dfd) c.addi  s11, -1
core   0: 3 0x8000eb18 (0x1dfd) x27 0x00004ba8
core   0: 0x8000eb1a (0x413adf93) srai    t6, s5, 19
core   0: 3 0x8000eb1a (0x413adf93) x31 0xfffff000
core   0: 0x8000eb1e (0x000090a2) c.add   ra, s0
core   0: 3 0x8000eb1e (0x90a2) x 1 0x80029d00
core   0: 0x8000eb20 (0x02ac4563) blt     s8, a0, pc + 42
core   0: 3 0x8000eb20 (0x02ac4563)
core   0: 0x8000eb24 (0x659d4013) xori    zero, s10, 1625
core   0: 3 0x8000eb24 (0x659d4013)
core   0: 0x8000eb28 (0x014f8633) add     a2, t6, s4
core   0: 3 0x8000eb28 (0x014f8633) x12 0xfffff000
core   0: 0x8000eb2c (0x0000c909) c.beqz  a0, pc + 18
core   0: 3 0x8000eb2c (0xc909)
core   0: 0x8000eb2e (0x015dce33) xor     t3, s11, s5
core   0: 3 0x8000eb2e (0x015dce33) x28 0x800215e0
core   0: 0x8000eb32 (0x02651cb3) mulh    s9, a0, t1
core   0: 3 0x8000eb32 (0x02651cb3) x25 0x00000000
core   0: 0x8000eb36 (0x03a8db63) bge     a7, s10, pc + 54
core   0: 3 0x8000eb36 (0x03a8db63)
core   0: 0x8000eb6c (0x419000b3) sub     ra, zero, s9
core   0: 3 0x8000eb6c (0x419000b3) x 1 0x00000000
core   0: 0x8000eb70 (0x026a0463) beq     s4, t1, pc + 40
core   0: 3 0x8000eb70 (0x026a0463)
core   0: 0x8000eb98 (0x01c2d5b3) srl     a1, t0, t3
core   0: 3 0x8000eb98 (0x01c2d5b3) x11 0x00000001
core   0: 0x8000eb9c (0x03e0b233) mulhu   tp, ra, t5
core   0: 3 0x8000eb9c (0x03e0b233) x 4 0x00000000
core   0: 0x8000eba0 (0x00009a7d) c.andi  a2, -1
core   0: 3 0x8000eba0 (0x9a7d) x12 0xfffff000
core   0: 0x8000eba2 (0x00000ff9) c.addi  t6, 30
core   0: 3 0x8000eba2 (0x0ff9) x31 0xfffff01e
core   0: 0x8000eba4 (0x0044c6b3) xor     a3, s1, tp
core   0: 3 0x8000eba4 (0x0044c6b3) x13 0x00000000
core   0: 0x8000eba8 (0x02595233) divu    tp, s2, t0
core   0: 3 0x8000eba8 (0x02595233) x 4 0x00000001
core   0: 0x8000ebac (0x0000997d) c.andi  a0, -1
core   0: 3 0x8000ebac (0x997d) x10 0xfffffc1a
core   0: 0x8000ebae (0x00008451) c.srai  s0, 20
core   0: 3 0x8000ebae (0x8451) x 8 0xfffff800
core   0: 0x8000ebb0 (0x9f4dc393) xori    t2, s11, -1548
core   0: 3 0x8000ebb0 (0x9f4dc393) x 7 0xffffb25c
core   0: 0x8000ebb4 (0x01c3da13) srli    s4, t2, 28
core   0: 3 0x8000ebb4 (0x01c3da13) x20 0x0000000f
core   0: 0x8000ebb8 (0x0000896d) c.andi  a0, 27
core   0: 3 0x8000ebb8 (0x896d) x10 0x0000001a
core   0: 0x8000ebba (0x00000a6e) c.slli  s4, 27
core   0: 3 0x8000ebba (0x0a6e) x20 0x78000000
core   0: 0x8000ebbc (0x013c5f93) srli    t6, s8, 19
core   0: 3 0x8000ebbc (0x013c5f93) x31 0x00000000
core   0: 0x8000ebc0 (0xd5426393) ori     t2, tp, -684
core   0: 3 0x8000ebc0 (0xd5426393) x 7 0xfffffd55
core   0: 0x8000ebc4 (0x02ac4fb3) div     t6, s8, a0
core   0: 3 0x8000ebc4 (0x02ac4fb3) x31 0x00000000
core   0: 0x8000ebc8 (0x03d4e9b3) rem     s3, s1, t4
core   0: 3 0x8000ebc8 (0x03d4e9b3) x19 0x00000000
core   0: 0x8000ebcc (0x007cb2b3) sltu    t0, s9, t2
core   0: 3 0x8000ebcc (0x007cb2b3) x 5 0x00000001
core   0: 0x8000ebd0 (0x02c620b3) mulhsu  ra, a2, a2
core   0: 3 0x8000ebd0 (0x02c620b3) x 1 0xfffff000
core   0: 0x8000ebd4 (0x0199c863) blt     s3, s9, pc + 16
core   0: 3 0x8000ebd4 (0x0199c863)
core   0: 0x8000ebd8 (0x0000645d) c.lui   s0, 0x17
core   0: 3 0x8000ebd8 (0x645d) x 8 0x00017000
core   0: 0x8000ebda (0x0000e99d) c.bnez  a1, pc + 54
core   0: 3 0x8000ebda (0xe99d)
core   0: 0x8000ec10 (0x030ebfb3) mulhu   t6, t4, a6
core   0: 3 0x8000ec10 (0x030ebfb3) x31 0xfdf64d81
core   0: 0x8000ec14 (0x41f850b3) sra     ra, a6, t6
core   0: 3 0x8000ec14 (0x41f850b3) x 1 0xfffffcba
core   0: 0x8000ec18 (0x00008051) c.srli  s0, 20
core   0: 3 0x8000ec18 (0x8051) x 8 0x00000000
core   0: 0x8000ec1a (0x01e0d293) srli    t0, ra, 30
core   0: 3 0x8000ec1a (0x01e0d293) x 5 0x00000003
core   0: 0x8000ec1e (0x0337de33) divu    t3, a5, s3
core   0: 3 0x8000ec1e (0x0337de33) x28 0xffffffff
core   0: 0x8000ec22 (0x684ac613) xori    a2, s5, 1668
core   0: 3 0x8000ec22 (0x684ac613) x12 0x800258cc
core   0: 0x8000ec26 (0x00008c91) c.sub   s1, a2
core   0: 3 0x8000ec26 (0x8c91) x 9 0x7ffda734
core   0: 0x8000ec28 (0x08a72913) slti    s2, a4, 138
core   0: 3 0x8000ec28 (0x08a72913) x18 0x00000000
core   0: 0x8000ec2c (0x0000cf09) c.beqz  a4, pc + 26
core   0: 3 0x8000ec2c (0xcf09)
core   0: 0x8000ec2e (0xc6fd0b13) addi    s6, s10, -913
core   0: 3 0x8000ec2e (0xc6fd0b13) x22 0xfffffc6f
core   0: 0x8000ec32 (0x40425413) srai    s0, tp, 4
core   0: 3 0x8000ec32 (0x40425413) x 8 0x00000000
core   0: 0x8000ec36 (0x00000f14) c.addi4spn a3, sp, 912
core   0: 3 0x8000ec36 (0x0f14) x13 0x00000450
core   0: 0x8000ec38 (0x000009f2) c.slli  s3, 28
core   0: 3 0x8000ec38 (0x09f2) x19 0x00000000
core   0: 0x8000ec3a (0x00008845) c.andi  s0, 17
core   0: 3 0x8000ec3a (0x8845) x 8 0x00000000
core   0: 0x8000ec3c (0x00541a63) bne     s0, t0, pc + 20
core   0: 3 0x8000ec3c (0x00541a63)
core   0: 0x8000ec50 (0x0000100f) fence.i
core   0: 3 0x8000ec50 (0x0000100f)
core   0: 0x8000ec54 (0x0085ccb3) xor     s9, a1, s0
core   0: 3 0x8000ec54 (0x0085ccb3) x25 0x00000001
core   0: 0x8000ec58 (0x006ebd33) sltu    s10, t4, t1
core   0: 3 0x8000ec58 (0x006ebd33) x26 0x00000000
core   0: 0x8000ec5c (0x6878bd97) auipc   s11, 0x6878b
core   0: 3 0x8000ec5c (0x6878bd97) x27 0xe8799c5c
core   0: 0x8000ec60 (0x0000622d) c.lui   tp, 0xb
core   0: 3 0x8000ec60 (0x622d) x 4 0x0000b000
core   0: 0x8000ec62 (0x03e7ac33) mulhsu  s8, a5, t5
core   0: 3 0x8000ec62 (0x03e7ac33) x24 0x00000000
core   0: 0x8000ec66 (0x00900613) li      a2, 9
core   0: 3 0x8000ec66 (0x00900613) x12 0x00000009
core   0: 0x8000ec6a (0x00008eb5) c.xor   a3, a3
core   0: 3 0x8000ec6a (0x8eb5) x13 0x00000000
core   0: 0x8000ec6c (0x0ff0000f) fence   iorw,iorw
core   0: 3 0x8000ec6c (0x0ff0000f)
core   0: 0x8000ec70 (0x0ff0000f) fence   iorw,iorw
core   0: 3 0x8000ec70 (0x0ff0000f)
core   0: 0x8000ec74 (0x02069a33) mulh    s4, a3, zero
core   0: 3 0x8000ec74 (0x02069a33) x20 0x00000000
core   0: 0x8000ec78 (0x00008351) c.srli  a4, 20
core   0: 3 0x8000ec78 (0x8351) x14 0x00000000
core   0: 0x8000ec7a (0x00a00093) li      ra, 10
core   0: 3 0x8000ec7a (0x00a00093) x 1 0x0000000a
core   0: 0x8000ec7e (0x00000001) c.nop
core   0: 3 0x8000ec7e (0x0001)
core   0: 0x8000ec80 (0x021fc5b3) div     a1, t6, ra
core   0: 3 0x8000ec80 (0x021fc5b3) x11 0xffcbd48d
core   0: 0x8000ec84 (0x00005e7d) c.li    t3, -1
core   0: 3 0x8000ec84 (0x5e7d) x28 0xffffffff
core   0: 0x8000ec86 (0x00000609) c.addi  a2, 2
core   0: 3 0x8000ec86 (0x0609) x12 0x0000000b
core   0: 0x8000ec88 (0x0397d533) divu    a0, a5, s9
core   0: 3 0x8000ec88 (0x0397d533) x10 0x80029ce4
core   0: 0x8000ec8c (0x02163933) mulhu   s2, a2, ra
core   0: 3 0x8000ec8c (0x02163933) x18 0x00000000
core   0: 0x8000ec90 (0x41e95013) srai    zero, s2, 30
core   0: 3 0x8000ec90 (0x41e95013)
core   0: 0x8000ec94 (0xfe1646e3) blt     a2, ra, pc - 20
core   0: 3 0x8000ec94 (0xfe1646e3)
core   0: 0x8000ec98 (0x02a75433) divu    s0, a4, a0
core   0: 3 0x8000ec98 (0x02a75433) x 8 0x00000000
core   0: 0x8000ec9c (0xf32c3db7) lui     s11, 0xf32c3
core   0: 3 0x8000ec9c (0xf32c3db7) x27 0xf32c3000
core   0: 0x8000eca0 (0x039cddb3) divu    s11, s9, s9
core   0: 3 0x8000eca0 (0x039cddb3) x27 0x00000001
core   0: 0x8000eca4 (0x03e6a933) mulhsu  s2, a3, t5
core   0: 3 0x8000eca4 (0x03e6a933) x18 0x00000000
core   0: 0x8000eca8 (0x00008c0a) c.mv    s8, sp
core   0: 3 0x8000eca8 (0x8c0a) x24 0x000000c0
core   0: 0x8000ecaa (0x02080533) mul     a0, a6, zero
core   0: 3 0x8000ecaa (0x02080533) x10 0x00000000
core   0: 0x8000ecae (0x0229f9b3) remu    s3, s3, sp
core   0: 3 0x8000ecae (0x0229f9b3) x19 0x00000000
core   0: 0x8000ecb2 (0x8a22a093) slti    ra, t0, -1886
core   0: 3 0x8000ecb2 (0x8a22a093) x 1 0x00000000
core   0: 0x8000ecb6 (0x01fe5b93) srli    s7, t3, 31
core   0: 3 0x8000ecb6 (0x01fe5b93) x23 0x00000001
core   0: 0x8000ecba (0x00008e51) c.or    a2, a2
core   0: 3 0x8000ecba (0x8e51) x12 0x0000000b
core   0: 0x8000ecbc (0x0000100f) fence.i
core   0: 3 0x8000ecbc (0x0000100f)
core   0: 0x8000ecc0 (0x00000001) c.nop
core   0: 3 0x8000ecc0 (0x0001)
core   0: 0x8000ecc2 (0x00004fbd) c.li    t6, 15
core   0: 3 0x8000ecc2 (0x4fbd) x31 0x0000000f
core   0: 0x8000ecc4 (0x001abd33) sltu    s10, s5, ra
core   0: 3 0x8000ecc4 (0x001abd33) x26 0x00000000
core   0: 0x8000ecc8 (0x00008d19) c.sub   a0, a4
core   0: 3 0x8000ecc8 (0x8d19) x10 0x00000000
core   0: 0x8000ecca (0x000066b5) c.lui   a3, 0xd
core   0: 3 0x8000ecca (0x66b5) x13 0x0000d000
core   0: 0x8000eccc (0x00001bfd) c.addi  s7, -1
core   0: 3 0x8000eccc (0x1bfd) x23 0x00000000
core   0: 0x8000ecce (0x0222a733) mulhsu  a4, t0, sp
core   0: 3 0x8000ecce (0x0222a733) x14 0x00000000
core   0: 0x8000ecd2 (0x03b82833) mulhsu  a6, a6, s11
core   0: 3 0x8000ecd2 (0x03b82833) x16 0xffffffff
core   0: 0x8000ecd6 (0x0000100f) fence.i
core   0: 3 0x8000ecd6 (0x0000100f)
core   0: 0x8000ecda (0x00008dd9) c.or    a1, a4
core   0: 3 0x8000ecda (0x8dd9) x11 0xffcbd48d
core   0: 0x8000ecdc (0x00008e71) c.and   a2, a2
core   0: 3 0x8000ecdc (0x8e71) x12 0x0000000b
core   0: 0x8000ecde (0x00b1bdb3) sltu    s11, gp, a1
core   0: 3 0x8000ecde (0x00b1bdb3) x27 0x00000001
core   0: 0x8000ece2 (0x00106a33) or      s4, zero, ra
core   0: 3 0x8000ece2 (0x00106a33) x20 0x00000000
core   0: 0x8000ece6 (0x00000df2) c.slli  s11, 28
core   0: 3 0x8000ece6 (0x0df2) x27 0x10000000
core   0: 0x8000ece8 (0x0000ed89) c.bnez  a1, pc + 26
core   0: 3 0x8000ece8 (0xed89)
core   0: 0x8000ed02 (0x00649f63) bne     s1, t1, pc + 30
core   0: 3 0x8000ed02 (0x00649f63)
core   0: 0x8000ed20 (0x00008e85) c.sub   a3, s1
core   0: 3 0x8000ed20 (0x8e85) x13 0x800328cc
core   0: 0x8000ed22 (0x0174c433) xor     s0, s1, s7
core   0: 3 0x8000ed22 (0x0174c433) x 8 0x7ffda734
core   0: 0x8000ed26 (0x00008d6d) c.and   a0, a1
core   0: 3 0x8000ed26 (0x8d6d) x10 0x00000000
core   0: 0x8000ed28 (0x02a61d63) bne     a2, a0, pc + 58
core   0: 3 0x8000ed28 (0x02a61d63)
core   0: 0x8000ed62 (0x02f521b3) mulhsu  gp, a0, a5
core   0: 3 0x8000ed62 (0x02f521b3) x 3 0x00000000
core   0: 0x8000ed66 (0x00008597) auipc   a1, 0x8
core   0: 3 0x8000ed66 (0x00008597) x11 0x80016d66
core   0: 0x8000ed6a (0xe9d58593) addi    a1, a1, -355
core   0: 3 0x8000ed6a (0xe9d58593) x11 0x80016c03
core   0: 0x8000ed6e (0x7655ce83) lbu     t4, 1893(a1)
core   0: 3 0x8000ed6e (0x7655ce83) x29 0x000000b9 mem 0x80017368
core   0: 0x8000ed72 (0xe7258103) lb      sp, -398(a1)
core   0: 3 0x8000ed72 (0xe7258103) x 2 0x00000063 mem 0x80016a75
core   0: 0x8000ed76 (0x5cf58b83) lb      s7, 1487(a1)
core   0: 3 0x8000ed76 (0x5cf58b83) x23 0xffffffc5 mem 0x800171d2
core   0: 0x8000ed7a (0xb025c103) lbu     sp, -1278(a1)
core   0: 3 0x8000ed7a (0xb025c103) x 2 0x000000da mem 0x80016705
core   0: 0x8000ed7e (0x2bc5c683) lbu     a3, 700(a1)
core   0: 3 0x8000ed7e (0x2bc5c683) x13 0x000000f9 mem 0x80016ebf
core   0: 0x8000ed82 (0x03a6a133) mulhsu  sp, a3, s10
core   0: 3 0x8000ed82 (0x03a6a133) x 2 0x00000000
core   0: 0x8000ed86 (0xc8d59b83) lh      s7, -883(a1)
core   0: 3 0x8000ed86 (0xc8d59b83) x23 0xffffa4ed mem 0x80016890
core   0: 0x8000ed8a (0xaf55ab83) lw      s7, -1291(a1)
core   0: 3 0x8000ed8a (0xaf55ab83) x23 0x28f1d9b9 mem 0x800166f8
core   0: 0x8000ed8e (0x83d5cc03) lbu     s8, -1987(a1)
core   0: 3 0x8000ed8e (0x83d5cc03) x24 0x000000a0 mem 0x80016440
core   0: 0x8000ed92 (0x91a58d23) sb      s10, -1766(a1)
core   0: 3 0x8000ed92 (0x91a58d23) mem 0x8001651d 0x0
core   0: 0x8000ed96 (0x0b958c03) lb      s8, 185(a1)
core   0: 3 0x8000ed96 (0x0b958c03) x24 0xfffffff4 mem 0x80016cbc
core   0: 0x8000ed9a (0x00008e95) c.sub   a3, a3
core   0: 3 0x8000ed9a (0x8e95) x13 0x00000000
core   0: 0x8000ed9c (0x00dbe6b3) or      a3, s7, a3
core   0: 3 0x8000ed9c (0x00dbe6b3) x13 0x28f1d9b9
core   0: 0x8000eda0 (0x00009afd) c.andi  a3, -1
core   0: 3 0x8000eda0 (0x9afd) x13 0x28f1d9b9
core   0: 0x8000eda2 (0x00000001) c.nop
core   0: 3 0x8000eda2 (0x0001)
core   0: 0x8000eda4 (0x81d58a23) sb      t4, -2028(a1)
core   0: 3 0x8000eda4 (0x81d58a23) mem 0x80016417 0xb9
core   0: 0x8000eda8 (0x8ee5ce83) lbu     t4, -1810(a1)
core   0: 3 0x8000eda8 (0x8ee5ce83) x29 0x0000003c mem 0x800164f1
core   0: 0x8000edac (0x0075d103) lhu     sp, 7(a1)
core   0: 3 0x8000edac (0x0075d103) x 2 0x0000e521 mem 0x80016c0a
core   0: 0x8000edb0 (0x6c258323) sb      sp, 1734(a1)
core   0: 3 0x8000edb0 (0x6c258323) mem 0x800172c9 0x21
core   0: 0x8000edb4 (0x4be5c683) lbu     a3, 1214(a1)
core   0: 3 0x8000edb4 (0x4be5c683) x13 0x0000007b mem 0x800170c1
core   0: 0x8000edb8 (0x86b58683) lb      a3, -1941(a1)
core   0: 3 0x8000edb8 (0x86b58683) x13 0x00000058 mem 0x8001646e
core   0: 0x8000edbc (0x0176d133) srl     sp, a3, s7
core   0: 3 0x8000edbc (0x0176d133) x 2 0x00000000
core   0: 0x8000edc0 (0x000086b9) c.srai  a3, 14
core   0: 3 0x8000edc0 (0x86b9) x13 0x00000000
core   0: 0x8000edc2 (0x81a596a3) sh      s10, -2035(a1)
core   0: 3 0x8000edc2 (0x81a596a3) mem 0x80016410 0x0000
core   0: 0x8000edc6 (0x03ac4bb3) div     s7, s8, s10
core   0: 3 0x8000edc6 (0x03ac4bb3) x23 0xffffffff
core   0: 0x8000edca (0x69758d23) sb      s7, 1690(a1)
core   0: 3 0x8000edca (0x69758d23) mem 0x8001729d 0xff
core   0: 0x8000edce (0x36d5d103) lhu     sp, 877(a1)
core   0: 3 0x8000edce (0x36d5d103) x 2 0x000016d9 mem 0x80016f70
core   0: 0x8000edd2 (0x00005bfd) c.li    s7, -1
core   0: 3 0x8000edd2 (0x5bfd) x23 0xffffffff
core   0: 0x8000edd4 (0x34a5cb83) lbu     s7, 842(a1)
core   0: 3 0x8000edd4 (0x34a5cb83) x23 0x00000044 mem 0x80016f4d
core   0: 0x8000edd8 (0x00008bb6) c.mv    s7, a3
core   0: 3 0x8000edd8 (0x8bb6) x23 0x00000000
core   0: 0x8000edda (0x3fd595a3) sh      t4, 1003(a1)
core   0: 3 0x8000edda (0x3fd595a3) mem 0x80016fee 0x003c
core   0: 0x8000edde (0xf1a5aca3) sw      s10, -231(a1)
core   0: 3 0x8000edde (0xf1a5aca3) mem 0x80016b1c 0x00000000
core   0: 0x8000ede2 (0x39f6b113) sltiu   sp, a3, 927
core   0: 3 0x8000ede2 (0x39f6b113) x 2 0x00000001
core   0: 0x8000ede6 (0x217589a3) sb      s7, 531(a1)
core   0: 3 0x8000ede6 (0x217589a3) mem 0x80016e16 0x0
core   0: 0x8000edea (0x0000100f) fence.i
core   0: 3 0x8000edea (0x0000100f)
core   0: 0x8000edee (0x8fa58923) sb      s10, -1806(a1)
core   0: 3 0x8000edee (0x8fa58923) mem 0x800164f5 0x0
core   0: 0x8000edf2 (0x70f5dd03) lhu     s10, 1807(a1)
core   0: 3 0x8000edf2 (0x70f5dd03) x26 0x0000d8fa mem 0x80017312
core   0: 0x8000edf6 (0x03a0acb3) mulhsu  s9, ra, s10
core   0: 3 0x8000edf6 (0x03a0acb3) x25 0x00000000
core   0: 0x8000edfa (0x00000001) c.nop
core   0: 3 0x8000edfa (0x0001)
core   0: 0x8000edfc (0x0ff0000f) fence   iorw,iorw
core   0: 3 0x8000edfc (0x0ff0000f)
core   0: 0x8000ee00 (0x01549d63) bne     s1, s5, pc + 26
core   0: 3 0x8000ee00 (0x01549d63)
core   0: 0x8000ee1a (0x00dd9c93) slli    s9, s11, 13
core   0: 3 0x8000ee1a (0x00dd9c93) x25 0x00000000
core   0: 0x8000ee1e (0x40958833) sub     a6, a1, s1
core   0: 3 0x8000ee1e (0x40958833) x16 0x0003c4cf
core   0: 0x8000ee22 (0x031d6963) bltu    s10, a7, pc + 50
core   0: 3 0x8000ee22 (0x031d6963)
core   0: 0x8000ee26 (0x000009a9) c.addi  s3, 10
core   0: 3 0x8000ee26 (0x09a9) x19 0x0000000a
core   0: 0x8000ee28 (0x018a84b3) add     s1, s5, s8
core   0: 3 0x8000ee28 (0x018a84b3) x 9 0x80025e3c
core   0: 0x8000ee2c (0x0377ae33) mulhsu  t3, a5, s7
core   0: 3 0x8000ee2c (0x0377ae33) x28 0x00000000
core   0: 0x8000ee30 (0x00008861) c.andi  s0, 24
core   0: 3 0x8000ee30 (0x8861) x 8 0x00000010
core   0: 0x8000ee32 (0x00000001) c.nop
core   0: 3 0x8000ee32 (0x0001)
core   0: 0x8000ee34 (0x0000012e) c.slli  sp, 11
core   0: 3 0x8000ee34 (0x012e) x 2 0x00000800
core   0: 0x8000ee36 (0x6775c617) auipc   a2, 0x6775c
core   0: 3 0x8000ee36 (0x6775c617) x12 0xe776ae36
core   0: 0x8000ee3a (0x0000197d) c.addi  s2, -1
core   0: 3 0x8000ee3a (0x197d) x18 0xffffffff
core   0: 0x8000ee3c (0x03f7cb33) div     s6, a5, t6
core   0: 3 0x8000ee3c (0x03f7cb33) x22 0xf777a410
core   0: 0x8000ee40 (0xc2e2e813) ori     a6, t0, -978
core   0: 3 0x8000ee40 (0xc2e2e813) x16 0xfffffc2f
core   0: 0x8000ee44 (0x00000ff2) c.slli  t6, 28
core   0: 3 0x8000ee44 (0x0ff2) x31 0xf0000000
core   0: 0x8000ee46 (0x00e71013) slli    zero, a4, 14
core   0: 3 0x8000ee46 (0x00e71013)
core   0: 0x8000ee4a (0x0342c433) div     s0, t0, s4
core   0: 3 0x8000ee4a (0x0342c433) x 8 0xffffffff
core   0: 0x8000ee4e (0x0000c30d) c.beqz  a4, pc + 34
core   0: 3 0x8000ee4e (0xc30d)
core   0: 0x8000ee70 (0x40f35c93) srai    s9, t1, 15
core   0: 3 0x8000ee70 (0x40f35c93) x25 0x00000000
core   0: 0x8000ee74 (0x00008351) c.srli  a4, 20
core   0: 3 0x8000ee74 (0x8351) x14 0x00000000
core   0: 0x8000ee76 (0x0000e00d) c.bnez  s0, pc + 34
core   0: 3 0x8000ee76 (0xe00d)
core   0: 0x8000ee98 (0x01c39433) sll     s0, t2, t3
core   0: 3 0x8000ee98 (0x01c39433) x 8 0xfffffd55
core   0: 0x8000ee9c (0x2467bc93) sltiu   s9, a5, 582
core   0: 3 0x8000ee9c (0x2467bc93) x25 0x00000000
core   0: 0x8000eea0 (0x01699bb3) sll     s7, s3, s6
core   0: 3 0x8000eea0 (0x01699bb3) x23 0x000a0000
core   0: 0x8000eea4 (0x0000e985) c.bnez  a1, pc + 48
core   0: 3 0x8000eea4 (0xe985)
core   0: 0x8000eed4 (0x40158bb3) sub     s7, a1, ra
core   0: 3 0x8000eed4 (0x40158bb3) x23 0x80016c03
core   0: 0x8000eed8 (0x0000100f) fence.i
core   0: 3 0x8000eed8 (0x0000100f)
core   0: 0x8000eedc (0x00008579) c.srai  a0, 30
core   0: 3 0x8000eedc (0x8579) x10 0x00000000
core   0: 0x8000eede (0xea377713) andi    a4, a4, -349
core   0: 3 0x8000eede (0xea377713) x14 0x00000000
core   0: 0x8000eee2 (0x00008de9) c.and   a1, a0
core   0: 3 0x8000eee2 (0x8de9) x11 0x00000000
core   0: 0x8000eee4 (0x02af7363) bgeu    t5, a0, pc + 38
core   0: 3 0x8000eee4 (0x02af7363)
core   0: 0x8000ef0a (0x00001718) c.addi4spn a4, sp, 928
core   0: 3 0x8000ef0a (0x1718) x14 0x00000ba0
core   0: 0x8000ef0c (0x01e1ae33) slt     t3, gp, t5
core   0: 3 0x8000ef0c (0x01e1ae33) x28 0x00000000
core   0: 0x8000ef10 (0x0302f363) bgeu    t0, a6, pc + 38
core   0: 3 0x8000ef10 (0x0302f363)
core   0: 0x8000ef14 (0x000009ae) c.slli  s3, 11
core   0: 3 0x8000ef14 (0x09ae) x19 0x00005000
core   0: 0x8000ef16 (0x01efaf33) slt     t5, t6, t5
core   0: 3 0x8000ef16 (0x01efaf33) x30 0x00000001
core   0: 0x8000ef1a (0x00006839) c.lui   a6, 0xe
core   0: 3 0x8000ef1a (0x6839) x16 0x0000e000
core   0: 0x8000ef1c (0x000092b6) c.add   t0, a3
core   0: 3 0x8000ef1c (0x92b6) x 5 0x00000003
core   0: 0x8000ef1e (0x02d0bdb3) mulhu   s11, ra, a3
core   0: 3 0x8000ef1e (0x02d0bdb3) x27 0x00000000
core   0: 0x8000ef22 (0x00008dc5) c.or    a1, s1
core   0: 3 0x8000ef22 (0x8dc5) x11 0x80025e3c
core   0: 0x8000ef24 (0x00000001) c.nop
core   0: 3 0x8000ef24 (0x0001)
core   0: 0x8000ef26 (0x00d34b63) blt     t1, a3, pc + 22
core   0: 3 0x8000ef26 (0x00d34b63)
core   0: 0x8000ef2a (0x01edcfb3) xor     t6, s11, t5
core   0: 3 0x8000ef2a (0x01edcfb3) x31 0x00000001
core   0: 0x8000ef2e (0x0ff0000f) fence   iorw,iorw
core   0: 3 0x8000ef2e (0x0ff0000f)
core   0: 0x8000ef32 (0x01d16563) bltu    sp, t4, pc + 10
core   0: 3 0x8000ef32 (0x01d16563)
core   0: 0x8000ef36 (0x00000288) c.addi4spn a0, sp, 320
core   0: 3 0x8000ef36 (0x0288) x10 0x00000940
core   0: 0x8000ef38 (0x002bcfb3) xor     t6, s7, sp
core   0: 3 0x8000ef38 (0x002bcfb3) x31 0x80016403
core   0: 0x8000ef3c (0xd4ebbd13) sltiu   s10, s7, -690
core   0: 3 0x8000ef3c (0xd4ebbd13) x26 0x00000001
core   0: 0x8000ef40 (0x025004b3) mul     s1, zero, t0
core   0: 3 0x8000ef40 (0x025004b3) x 9 0x00000000
core   0: 0x8000ef44 (0x02abc633) div     a2, s7, a0
core   0: 3 0x8000ef44 (0x02abc633) x12 0xfff229ab
core   0: 0x8000ef48 (0x00006135) c.addi16sp sp, 352
core   0: 3 0x8000ef48 (0x6135) x 2 0x00000960
core   0: 0x8000ef4a (0x030739b3) mulhu   s3, a4, a6
core   0: 3 0x8000ef4a (0x030739b3) x19 0x00000000
core   0: 0x8000ef4e (0x004aad83) lw      s11, 4(s5)
core   0: 3 0x8000ef4e (0x004aad83) x27 0x800092ce mem 0x80025e4c
core   0: 0x8000ef52 (0x00008cf5) c.and   s1, a3
core   0: 3 0x8000ef52 (0x8cf5) x 9 0x00000000
core   0: 0x8000ef54 (0x00000af1) c.addi  s5, 28
core   0: 3 0x8000ef54 (0x0af1) x21 0x80025e64
core   0: 0x8000ef56 (0x01e7ab33) slt     s6, a5, t5
core   0: 3 0x8000ef56 (0x01e7ab33) x22 0x00000001
core   0: 0x8000ef5a (0x412986b3) sub     a3, s3, s2
core   0: 3 0x8000ef5a (0x412986b3) x13 0x00000001
core   0: 0x8000ef5e (0x001d8993) addi    s3, s11, 1
core   0: 3 0x8000ef5e (0x001d8993) x19 0x800092cf
core   0: 0x8000ef62 (0x00009982) c.jalr  s3
core   0: 3 0x8000ef62 (0x9982) x 1 0x8000ef64
core   0: 0x800092ce (0x00000001) c.nop
core   0: 3 0x800092ce (0x0001)
core   0: 0x800092d0 (0x00256863) bltu    a0, sp, pc + 16
core   0: 3 0x800092d0 (0x00256863)
core   0: 0x800092e0 (0x00000001) c.nop
core   0: 3 0x800092e0 (0x0001)
core   0: 0x800092e2 (0x039e5e63) bge     t3, s9, pc + 60
core   0: 3 0x800092e2 (0x039e5e63)
core   0: 0x8000931e (0x02e55fb3) divu    t6, a0, a4
core   0: 3 0x8000931e (0x02e55fb3) x31 0x00000000
core   0: 0x80009322 (0x0000187d) c.addi  a6, -1
core   0: 3 0x80009322 (0x187d) x16 0x0000dfff
core   0: 0x80009324 (0x021aac33) mulhsu  s8, s5, ra
core   0: 3 0x80009324 (0x021aac33) x24 0xc000b782
core   0: 0x80009328 (0x436fe197) auipc   gp, 0x436fe
core   0: 3 0x80009328 (0x436fe197) x 3 0xc3707328
core   0: 0x8000932c (0x9a062c93) slti    s9, a2, -1632
core   0: 3 0x8000932c (0x9a062c93) x25 0x00000001
core   0: 0x80009330 (0x0000100f) fence.i
core   0: 3 0x80009330 (0x0000100f)
core   0: 0x80009334 (0xf9902213) slti    tp, zero, -103
core   0: 3 0x80009334 (0xf9902213) x 4 0x00000000
core   0: 0x80009338 (0x0000100f) fence.i
core   0: 3 0x80009338 (0x0000100f)
core   0: 0x8000933c (0x02fbe563) bltu    s7, a5, pc + 42
core   0: 3 0x8000933c (0x02fbe563)
core   0: 0x80009366 (0x038f9cb3) mulh    s9, t6, s8
core   0: 3 0x80009366 (0x038f9cb3) x25 0x00000000
core   0: 0x8000936a (0x01bb9263) bne     s7, s11, pc + 4
core   0: 3 0x8000936a (0x01bb9263)
core   0: 0x8000936e (0x0365ebb3) rem     s7, a1, s6
core   0: 3 0x8000936e (0x0365ebb3) x23 0x00000000
core   0: 0x80009372 (0x000005ee) c.slli  a1, 27
core   0: 3 0x80009372 (0x05ee) x11 0xe0000000
core   0: 0x80009374 (0x028a6c63) bltu    s4, s0, pc + 56
core   0: 3 0x80009374 (0x028a6c63)
core   0: 0x800093ac (0x00009b7d) c.andi  a4, -1
core   0: 3 0x800093ac (0x9b7d) x14 0x00000ba0
core   0: 0x800093ae (0x031665b3) rem     a1, a2, a7
core   0: 3 0x800093ae (0x031665b3) x11 0xfff229ab
core   0: 0x800093b2 (0x0079d463) bge     s3, t2, pc + 8
core   0: 3 0x800093b2 (0x0079d463)
core   0: 0x800093b6 (0x01e854b3) srl     s1, a6, t5
core   0: 3 0x800093b6 (0x01e854b3) x 9 0x00006fff
core   0: 0x800093ba (0x00008e29) c.xor   a2, a0
core   0: 3 0x800093ba (0x8e29) x12 0xfff220eb
core   0: 0x800093bc (0x0053e033) or      zero, t2, t0
core   0: 3 0x800093bc (0x0053e033)
core   0: 0x800093c0 (0x0000051d) c.addi  a0, 7
core   0: 3 0x800093c0 (0x051d) x10 0x00000947
core   0: 0x800093c2 (0x011a4433) xor     s0, s4, a7
core   0: 3 0x800093c2 (0x011a4433) x 8 0x00000000
core   0: 0x800093c6 (0x00008932) c.mv    s2, a2
core   0: 3 0x800093c6 (0x8932) x18 0xfff220eb
core   0: 0x800093c8 (0x08b1f963) bgeu    gp, a1, pc + 146
core   0: 3 0x800093c8 (0x08b1f963)
core   0: 0x800093cc (0x00008629) c.srai  a2, 10
core   0: 3 0x800093cc (0x8629) x12 0xfffffc88
core   0: 0x800093ce (0x0ebb8e93) addi    t4, s7, 235
core   0: 3 0x800093ce (0x0ebb8e93) x29 0x000000eb
core   0: 0x800093d2 (0x0067d093) srli    ra, a5, 6
core   0: 3 0x800093d2 (0x0067d093) x 1 0x02000a73
core   0: 0x800093d6 (0x00008ef9) c.and   a3, a4
core   0: 3 0x800093d6 (0x8ef9) x13 0x00000000
core   0: 0x800093d8 (0x00009d96) c.add   s11, t0
core   0: 3 0x800093d8 (0x9d96) x27 0x800092d1
core   0: 0x800093da (0x000065cd) c.lui   a1, 0x13
core   0: 3 0x800093da (0x65cd) x11 0x00013000
core   0: 0x800093dc (0x0ff0000f) fence   iorw,iorw
core   0: 3 0x800093dc (0x0ff0000f)
core   0: 0x800093e0 (0x737fe293) ori     t0, t6, 1847
core   0: 3 0x800093e0 (0x737fe293) x 5 0x00000737
core   0: 0x800093e4 (0x00000001) c.nop
core   0: 3 0x800093e4 (0x0001)
core   0: 0x800093e6 (0x000099fd) c.andi  a1, -1
core   0: 3 0x800093e6 (0x99fd) x11 0x00013000
core   0: 0x800093e8 (0x0000bc97) auipc   s9, 0xb
core   0: 3 0x800093e8 (0x0000bc97) x25 0x800143e8
core   0: 0x800093ec (0xdc9c8c93) addi    s9, s9, -567
core   0: 3 0x800093ec (0xdc9c8c93) x25 0x800141b1
core   0: 0x800093f0 (0x006c8003) lb      zero, 6(s9)
core   0: 3 0x800093f0 (0x006c8003) mem 0x800141b7
core   0: 0x800093f4 (0x015c8323) sb      s5, 6(s9)
core   0: 3 0x800093f4 (0x015c8323) mem 0x800141b7 0x64
core   0: 0x800093f8 (0x009c8323) sb      s1, 6(s9)
core   0: 3 0x800093f8 (0x009c8323) mem 0x800141b7 0xff
core   0: 0x800093fc (0xfd5cd703) lhu     a4, -43(s9)
core   0: 3 0x800093fc (0xfd5cd703) x14 0x0000832c mem 0x80014186
core   0: 0x80009400 (0xfe5cc003) lbu     zero, -27(s9)
core   0: 3 0x80009400 (0xfe5cc003) mem 0x80014196
core   0: 0x80009404 (0x401b5bb3) sra     s7, s6, ra
core   0: 3 0x80009404 (0x401b5bb3) x23 0x00000000
core   0: 0x80009408 (0xfe5cd383) lhu     t2, -27(s9)
core   0: 3 0x80009408 (0xfe5cd383) x 7 0x000010ec mem 0x80014196
core   0: 0x8000940c (0x4094d333) sra     t1, s1, s1
core   0: 3 0x8000940c (0x4094d333) x 6 0x00000000
core   0: 0x80009410 (0xff8c82a3) sb      s8, -27(s9)
core   0: 3 0x80009410 (0xff8c82a3) mem 0x80014196 0x82
core   0: 0x80009414 (0xfffc92a3) sh      t6, -27(s9)
core   0: 3 0x80009414 (0xfffc92a3) mem 0x80014196 0x0000
core   0: 0x80009418 (0xfe5c8b03) lb      s6, -27(s9)
core   0: 3 0x80009418 (0xfe5c8b03) x22 0x00000000 mem 0x80014196
core   0: 0x8000941c (0x00008f05) c.sub   a4, s1
core   0: 3 0x8000941c (0x8f05) x14 0x0000132d
core   0: 0x8000941e (0x0000100f) fence.i
core   0: 3 0x8000941e (0x0000100f)
core   0: 0x80009422 (0xfe5c9203) lh      tp, -27(s9)
core   0: 3 0x80009422 (0xfe5c9203) x 4 0x00000000 mem 0x80014196
core   0: 0x80009426 (0xfe5cde83) lhu     t4, -27(s9)
core   0: 3 0x80009426 (0xfe5cde83) x29 0x00000000 mem 0x80014196
core   0: 0x8000942a (0xfcfc9583) lh      a1, -49(s9)
core   0: 3 0x8000942a (0xfcfc9583) x11 0xfffff738 mem 0x80014180
core   0: 0x8000942e (0xfcfc9683) lh      a3, -49(s9)
core   0: 3 0x8000942e (0xfcfc9683) x13 0xfffff738 mem 0x80014180
core   0: 0x80009432 (0xfcfcc803) lbu     a6, -49(s9)
core   0: 3 0x80009432 (0xfcfcc803) x16 0x00000038 mem 0x80014180
core   0: 0x80009436 (0xfcfcc983) lbu     s3, -49(s9)
core   0: 3 0x80009436 (0xfcfcc983) x19 0x00000038 mem 0x80014180
core   0: 0x8000943a (0xfd7c97a3) sh      s7, -49(s9)
core   0: 3 0x8000943a (0xfd7c97a3) mem 0x80014180 0x0000
core   0: 0x8000943e (0xfd9c87a3) sb      s9, -49(s9)
core   0: 3 0x8000943e (0xfd9c87a3) mem 0x80014180 0xb1
core   0: 0x80009442 (0x6ec64e13) xori    t3, a2, 1772
core   0: 3 0x80009442 (0x6ec64e13) x28 0xfffffa64
core   0: 0x80009446 (0xfdfc97a3) sh      t6, -49(s9)
core   0: 3 0x80009446 (0xfdfc97a3) mem 0x80014180 0x0000
core   0: 0x8000944a (0x011c8323) sb      a7, 6(s9)
core   0: 3 0x8000944a (0x011c8323) mem 0x800141b7 0x0
core   0: 0x8000944e (0x031b7333) remu    t1, s6, a7
core   0: 3 0x8000944e (0x031b7333) x 6 0x00000000
core   0: 0x80009452 (0x010bfb33) and     s6, s7, a6
core   0: 3 0x80009452 (0x010bfb33) x22 0x00000000
core   0: 0x80009456 (0x038f5e33) divu    t3, t5, s8
core   0: 3 0x80009456 (0x038f5e33) x28 0x00000000
core   0: 0x8000945a (0x00395f33) srl     t5, s2, gp
core   0: 3 0x8000945a (0x00395f33) x30 0x00fff220
core   0: 0x8000945e (0x00008221) c.srli  a2, 8
core   0: 3 0x8000945e (0x8221) x12 0x00fffffc
core   0: 0x80009460 (0x0188b533) sltu    a0, a7, s8
core   0: 3 0x80009460 (0x0188b533) x10 0x00000001
core   0: 0x80009464 (0x00008ccd) c.or    s1, a1
core   0: 3 0x80009464 (0x8ccd) x 9 0xffffffff
core   0: 0x80009466 (0x038d4933) div     s2, s10, s8
core   0: 3 0x80009466 (0x038d4933) x18 0x00000000
core   0: 0x8000946a (0x00ea8e33) add     t3, s5, a4
core   0: 3 0x8000946a (0x00ea8e33) x28 0x80027191
core   0: 0x8000946e (0x000080d5) c.srli  s1, 21
core   0: 3 0x8000946e (0x80d5) x 9 0x000007ff
core   0: 0x80009470 (0x01733bb3) sltu    s7, t1, s7
core   0: 3 0x80009470 (0x01733bb3) x23 0x00000000
core   0: 0x80009474 (0x000084a9) c.srai  s1, 10
core   0: 3 0x80009474 (0x84a9) x 9 0x00000001
core   0: 0x80009476 (0x00009a22) c.add   s4, s0
core   0: 3 0x80009476 (0x9a22) x20 0x00000000
core   0: 0x80009478 (0x00f68533) add     a0, a3, a5
core   0: 3 0x80009478 (0x00f68533) x10 0x8002941c
core   0: 0x8000947c (0x405edd13) srai    s10, t4, 5
core   0: 3 0x8000947c (0x405edd13) x26 0x00000000
core   0: 0x80009480 (0x00b81b33) sll     s6, a6, a1
core   0: 3 0x80009480 (0x00b81b33) x22 0x38000000
core   0: 0x80009484 (0x5c57a413) slti    s0, a5, 1477
core   0: 3 0x80009484 (0x5c57a413) x 8 0x00000001
core   0: 0x80009488 (0x00008d99) c.sub   a1, a4
core   0: 3 0x80009488 (0x8d99) x11 0xffffe40b
core   0: 0x8000948a (0x00008e3d) c.xor   a2, a5
core   0: 3 0x8000948a (0x8e3d) x12 0x80fd6318
core   0: 0x8000948c (0x037f2933) mulhsu  s2, t5, s7
core   0: 3 0x8000948c (0x037f2933) x18 0x00000000
core   0: 0x80009490 (0x0000810d) c.srli  a0, 3
core   0: 3 0x80009490 (0x810d) x10 0x10005283
core   0: 0x80009492 (0x41cf0733) sub     a4, t5, t3
core   0: 3 0x80009492 (0x41cf0733) x14 0x80fd808f
core   0: 0x80009496 (0x53795a17) auipc   s4, 0x53795
core   0: 3 0x80009496 (0x53795a17) x20 0xd379e496
core   0: 0x8000949a (0x000064c5) c.lui   s1, 0x11
core   0: 3 0x8000949a (0x64c5) x 9 0x00011000
core   0: 0x8000949c (0x000086a1) c.srai  a3, 8
core   0: 3 0x8000949c (0x86a1) x13 0xfffffff7
core   0: 0x8000949e (0x00406863) bltu    zero, tp, pc + 16
core   0: 3 0x8000949e (0x00406863)
core   0: 0x800094a2 (0x06ce6763) bltu    t3, a2, pc + 110
core   0: 3 0x800094a2 (0x06ce6763)
core   0: 0x80009510 (0x00000001) c.nop
core   0: 3 0x80009510 (0x0001)
core   0: 0x80009512 (0x0ff0000f) fence   iorw,iorw
core   0: 3 0x80009512 (0x0ff0000f)
core   0: 0x80009516 (0x0153be33) sltu    t3, t2, s5
core   0: 3 0x80009516 (0x0153be33) x28 0x00000001
core   0: 0x8000951a (0x00004a31) c.li    s4, 12
core   0: 3 0x8000951a (0x4a31) x20 0x0000000c
core   0: 0x8000951c (0x40ba51b3) sra     gp, s4, a1
core   0: 3 0x8000951c (0x40ba51b3) x 3 0x00000000
core   0: 0x80009520 (0x02ea6fb3) rem     t6, s4, a4
core   0: 3 0x80009520 (0x02ea6fb3) x31 0x0000000c
core   0: 0x80009524 (0x03e8b4b3) mulhu   s1, a7, t5
core   0: 3 0x80009524 (0x03e8b4b3) x 9 0x00000000
core   0: 0x80009528 (0x000c5eb3) srl     t4, s8, zero
core   0: 3 0x80009528 (0x000c5eb3) x29 0xc000b782
core   0: 0x8000952c (0x0000987d) c.andi  s0, -1
core   0: 3 0x8000952c (0x987d) x 8 0x00000001
core   0: 0x8000952e (0x031a0bb3) mul     s7, s4, a7
core   0: 3 0x8000952e (0x031a0bb3) x23 0x00000000
core   0: 0x80009532 (0x419386b3) sub     a3, t2, s9
core   0: 3 0x80009532 (0x419386b3) x13 0x7ffecf3b
core   0: 0x80009536 (0x00008de9) c.and   a1, a0
core   0: 3 0x80009536 (0x8de9) x11 0x10004003
core   0: 0x80009538 (0x02036833) rem     a6, t1, zero
core   0: 3 0x80009538 (0x02036833) x16 0x00000000
core   0: 0x8000953c (0x0d207913) andi    s2, zero, 210
core   0: 3 0x8000953c (0x0d207913) x18 0x00000000
core   0: 0x80009540 (0x000004c2) c.slli  s1, 16
core   0: 3 0x80009540 (0x04c2) x 9 0x00000000
core   0: 0x80009542 (0x0ff0000f) fence   iorw,iorw
core   0: 3 0x80009542 (0x0ff0000f)
core   0: 0x80009546 (0x4181d133) sra     sp, gp, s8
core   0: 3 0x80009546 (0x4181d133) x 2 0x00000000
core   0: 0x8000954a (0x00a55933) srl     s2, a0, a0
core   0: 3 0x8000954a (0x00a55933) x18 0x02000a50
core   0: 0x8000954e (0x0000717d) c.addi16sp sp, -16
core   0: 3 0x8000954e (0x717d) x 2 0xfffffff0
core   0: 0x80009550 (0x40dc5493) srai    s1, s8, 13
core   0: 3 0x80009550 (0x40dc5493) x 9 0xfffe0005
core   0: 0x80009554 (0x0000717d) c.addi16sp sp, -16
core   0: 3 0x80009554 (0x717d) x 2 0xffffffe0
core   0: 0x80009556 (0x0000100f) fence.i
core   0: 3 0x80009556 (0x0000100f)
core   0: 0x8000955a (0x00ed50b3) srl     ra, s10, a4
core   0: 3 0x8000955a (0x00ed50b3) x 1 0x00000000
core   0: 0x8000955e (0x408e8033) sub     zero, t4, s0
core   0: 3 0x8000955e (0x408e8033)
core   0: 0x80009562 (0x00de1d63) bne     t3, a3, pc + 26
core   0: 3 0x80009562 (0x00de1d63)
core   0: 0x8000957c (0x021e62b3) rem     t0, t3, ra
core   0: 3 0x8000957c (0x021e62b3) x 5 0x00000001
core   0: 0x80009580 (0x581dae93) slti    t4, s11, 1409
core   0: 3 0x80009580 (0x581dae93) x29 0x00000001
core   0: 0x80009584 (0x031b2a33) mulhsu  s4, s6, a7
core   0: 3 0x80009584 (0x031b2a33) x20 0x00000000
core   0: 0x80009588 (0x01bef533) and     a0, t4, s11
core   0: 3 0x80009588 (0x01bef533) x10 0x00000001
core   0: 0x8000958c (0x029f9bb3) mulh    s7, t6, s1
core   0: 3 0x8000958c (0x029f9bb3) x23 0xffffffff
core   0: 0x80009590 (0x00000191) c.addi  gp, 4
core   0: 3 0x80009590 (0x0191) x 3 0x00000004
core   0: 0x80009592 (0x01921313) slli    t1, tp, 25
core   0: 3 0x80009592 (0x01921313) x 6 0x00000000
core   0: 0x80009596 (0x01320fb3) add     t6, tp, s3
core   0: 3 0x80009596 (0x01320fb3) x31 0x00000038
core   0: 0x8000959a (0x02c79233) mulh    tp, a5, a2
core   0: 3 0x8000959a (0x02c79233) x 4 0x3f800298
core   0: 0x8000959e (0x023c4d33) div     s10, s8, gp
core   0: 3 0x8000959e (0x023c4d33) x26 0xf0002de1
core   0: 0x800095a2 (0x000056fd) c.li    a3, -1
core   0: 3 0x800095a2 (0x56fd) x13 0xffffffff
core   0: 0x800095a4 (0x00008715) c.srai  a4, 5
core   0: 3 0x800095a4 (0x8715) x14 0xfc07ec04
core   0: 0x800095a6 (0x00009ef6) c.add   t4, t4
core   0: 3 0x800095a6 (0x9ef6) x29 0x00000002
core   0: 0x800095a8 (0x02d0da63) bge     ra, a3, pc + 52
core   0: 3 0x800095a8 (0x02d0da63)
core   0: 0x800095dc (0x000094fe) c.add   s1, t6
core   0: 3 0x800095dc (0x94fe) x 9 0xfffe003d
core   0: 0x800095de (0x00008ef1) c.and   a3, a2
core   0: 3 0x800095de (0x8ef1) x13 0x80fd6318
core   0: 0x800095e0 (0x00008f21) c.xor   a4, s0
core   0: 3 0x800095e0 (0x8f21) x14 0xfc07ec05
core   0: 0x800095e2 (0x018c5713) srli    a4, s8, 24
core   0: 3 0x800095e2 (0x018c5713) x14 0x000000c0
core   0: 0x800095e6 (0x001b2033) slt     zero, s6, ra
core   0: 3 0x800095e6 (0x001b2033)
core   0: 0x800095ea (0x0ff0000f) fence   iorw,iorw
core   0: 3 0x800095ea (0x0ff0000f)
core   0: 0x800095ee (0x03e48433) mul     s0, s1, t5
core   0: 3 0x800095ee (0x03e48433) x 8 0x58bcb1a0
core   0: 0x800095f2 (0x03188d63) beq     a7, a7, pc + 58
core   0: 3 0x800095f2 (0x03188d63)
core   0: 0x8000962c (0x03d8f2b3) remu    t0, a7, t4
core   0: 3 0x8000962c (0x03d8f2b3) x 5 0x00000000
core   0: 0x80009630 (0x05a1f063) bgeu    gp, s10, pc + 64
core   0: 3 0x80009630 (0x05a1f063)
core   0: 0x80009634 (0x0000717d) c.addi16sp sp, -16
core   0: 3 0x80009634 (0x717d) x 2 0xffffffd0
core   0: 0x80009636 (0x09fe3e93) sltiu   t4, t3, 159
core   0: 3 0x80009636 (0x09fe3e93) x29 0x00000001
core   0: 0x8000963a (0x03af5e63) bge     t5, s10, pc + 60
core   0: 3 0x8000963a (0x03af5e63)
core   0: 0x80009676 (0x0000717d) c.addi16sp sp, -16
core   0: 3 0x80009676 (0x717d) x 2 0xffffffc0
core   0: 0x80009678 (0x00352733) slt     a4, a0, gp
core   0: 3 0x80009678 (0x00352733) x14 0x00000001
core   0: 0x8000967c (0x01c81613) slli    a2, a6, 28
core   0: 3 0x8000967c (0x01c81613) x12 0x00000000
core   0: 0x80009680 (0x0100c4b3) xor     s1, ra, a6
core   0: 3 0x80009680 (0x0100c4b3) x 9 0x00000000
core   0: 0x80009684 (0x023c7b63) bgeu    s8, gp, pc + 54
core   0: 3 0x80009684 (0x023c7b63)
core   0: 0x800096ba (0x01761463) bne     a2, s7, pc + 8
core   0: 3 0x800096ba (0x01761463)
core   0: 0x800096c2 (0x033bf2b3) remu    t0, s7, s3
core   0: 3 0x800096c2 (0x033bf2b3) x 5 0x0000001f
core   0: 0x800096c6 (0xdc026513) ori     a0, tp, -576
core   0: 3 0x800096c6 (0xdc026513) x10 0xffffffd8
core   0: 0x800096ca (0x007fdf93) srli    t6, t6, 7
core   0: 3 0x800096ca (0x007fdf93) x31 0x00000000
core   0: 0x800096ce (0x3ec4bb93) sltiu   s7, s1, 1004
core   0: 3 0x800096ce (0x3ec4bb93) x23 0x00000001
core   0: 0x800096d2 (0x00008e71) c.and   a2, a2
core   0: 3 0x800096d2 (0x8e71) x12 0x00000000
core   0: 0x800096d4 (0x000081dd) c.srli  a1, 23
core   0: 3 0x800096d4 (0x81dd) x11 0x00000020
core   0: 0x800096d6 (0x014ea1b3) slt     gp, t4, s4
core   0: 3 0x800096d6 (0x014ea1b3) x 3 0x00000000
core   0: 0x800096da (0x0000613d) c.addi16sp sp, 480
core   0: 3 0x800096da (0x613d) x 2 0x000001a0
core   0: 0x800096dc (0x01e41933) sll     s2, s0, t5
core   0: 3 0x800096dc (0x01e41933) x18 0x58bcb1a0
core   0: 0x800096e0 (0xd22f4f93) xori    t6, t5, -734
core   0: 3 0x800096e0 (0xd22f4f93) x31 0xff000f02
core   0: 0x800096e4 (0x01ccddb3) srl     s11, s9, t3
core   0: 3 0x800096e4 (0x01ccddb3) x27 0x4000a0d8
core   0: 0x800096e8 (0x02d0a833) mulhsu  a6, ra, a3
core   0: 3 0x800096e8 (0x02d0a833) x16 0x00000000
core   0: 0x800096ec (0x00961c13) slli    s8, a2, 9
core   0: 3 0x800096ec (0x00961c13) x24 0x00000000
core   0: 0x800096f0 (0x02aba6b3) mulhsu  a3, s7, a0
core   0: 3 0x800096f0 (0x02aba6b3) x13 0x00000000
core   0: 0x800096f4 (0x00d49eb3) sll     t4, s1, a3
core   0: 3 0x800096f4 (0x00d49eb3) x29 0x00000000
core   0: 0x800096f8 (0x40355413) srai    s0, a0, 3
core   0: 3 0x800096f8 (0x40355413) x 8 0xfffffffb
core   0: 0x800096fc (0x005d1413) slli    s0, s10, 5
core   0: 3 0x800096fc (0x005d1413) x 8 0x0005bc20
core   0: 0x80009700 (0x033bf9b3) remu    s3, s7, s3
core   0: 3 0x80009700 (0x033bf9b3) x19 0x00000001
core   0: 0x80009704 (0x03a74b33) div     s6, a4, s10
core   0: 3 0x80009704 (0x03a74b33) x22 0x00000000
core   0: 0x80009708 (0xff590493) addi    s1, s2, -11
core   0: 3 0x80009708 (0xff590493) x 9 0x58bcb195
core   0: 0x8000970c (0x009d5863) bge     s10, s1, pc + 16
core   0: 3 0x8000970c (0x009d5863)
core   0: 0x80009710 (0x03967033) remu    zero, a2, s9
core   0: 3 0x80009710 (0x03967033)
core   0: 0x80009714 (0x0000ce05) c.beqz  a2, pc + 56
core   0: 3 0x80009714 (0xce05)
core   0: 0x8000974c (0x001f9813) slli    a6, t6, 1
core   0: 3 0x8000974c (0x001f9813) x16 0xfe001e04
core   0: 0x80009750 (0x01a50333) add     t1, a0, s10
core   0: 3 0x80009750 (0x01a50333) x 6 0xf0002db9
core   0: 0x80009754 (0x01e946b3) xor     a3, s2, t5
core   0: 3 0x80009754 (0x01e946b3) x13 0x58434380
core   0: 0x80009758 (0x00000001) c.nop
core   0: 3 0x80009758 (0x0001)
core   0: 0x8000975a (0x02efdb63) bge     t6, a4, pc + 54
core   0: 3 0x8000975a (0x02efdb63)
core   0: 0x8000975e (0x00009142) c.add   sp, a6
core   0: 3 0x8000975e (0x9142) x 2 0xfe001fa4
core   0: 0x80009760 (0x0000c811) c.beqz  s0, pc + 20
core   0: 3 0x80009760 (0xc811)
core   0: 0x80009762 (0x00009186) c.add   gp, ra
core   0: 3 0x80009762 (0x9186) x 3 0x00000000
core   0: 0x80009764 (0x03081163) bne     a6, a6, pc + 34
core   0: 3 0x80009764 (0x03081163)
core   0: 0x80009768 (0x01ab6a33) or      s4, s6, s10
core   0: 3 0x80009768 (0x01ab6a33) x20 0xf0002de1
core   0: 0x8000976c (0x6d8cae93) slti    t4, s9, 1752
core   0: 3 0x8000976c (0x6d8cae93) x29 0x00000001
core   0: 0x80009770 (0x00001c90) c.addi4spn a2, sp, 624
core   0: 3 0x80009770 (0x1c90) x12 0xfe002214
core   0: 0x80009772 (0x00008c91) c.sub   s1, a2
core   0: 3 0x80009772 (0x8c91) x 9 0x5abc8f81
core   0: 0x80009774 (0x0000100f) fence.i
core   0: 3 0x80009774 (0x0000100f)
core   0: 0x80009778 (0x00008e12) c.mv    t3, tp
core   0: 3 0x80009778 (0x8e12) x28 0x3f800298
core   0: 0x8000977a (0x0000717d) c.addi16sp sp, -16
core   0: 3 0x8000977a (0x717d) x 2 0xfe001f94
core   0: 0x8000977c (0x03577233) remu    tp, a4, s5
core   0: 3 0x8000977c (0x03577233) x 4 0x00000001
core   0: 0x80009780 (0x00008309) c.srli  a4, 2
core   0: 3 0x80009780 (0x8309) x14 0x00000000
core   0: 0x80009782 (0x01b81533) sll     a0, a6, s11
core   0: 3 0x80009782 (0x01b81533) x10 0x04000000
core   0: 0x80009786 (0x676e4293) xori    t0, t3, 1654
core   0: 3 0x80009786 (0x676e4293) x 5 0x3f8004ee
core   0: 0x8000978a (0x00008099) c.srli  s1, 6
core   0: 3 0x8000978a (0x8099) x 9 0x016af23e
core   0: 0x8000978c (0x03e07c33) remu    s8, zero, t5
core   0: 3 0x8000978c (0x03e07c33) x24 0x00000000
core   0: 0x80009790 (0x00000001) c.nop
core   0: 3 0x80009790 (0x0001)
core   0: 0x80009792 (0x09e7c593) xori    a1, a5, 158
core   0: 3 0x80009792 (0x09e7c593) x11 0x80029c7a
core   0: 0x80009796 (0x0000100f) fence.i
core   0: 3 0x80009796 (0x0000100f)
core   0: 0x8000979a (0x00008ef9) c.and   a3, a4
core   0: 3 0x8000979a (0x8ef9) x13 0x00000000
core   0: 0x8000979c (0xbf13b713) sltiu   a4, t2, -1039
core   0: 3 0x8000979c (0xbf13b713) x14 0x00000001
core   0: 0x800097a0 (0x00008eb5) c.xor   a3, a3
core   0: 3 0x800097a0 (0x8eb5) x13 0x00000000
core   0: 0x800097a2 (0x9d63bd13) sltiu   s10, t2, -1578
core   0: 3 0x800097a2 (0x9d63bd13) x26 0x00000001
core   0: 0x800097a6 (0x000080d9) c.srli  s1, 22
core   0: 3 0x800097a6 (0x80d9) x 9 0x00000005
core   0: 0x800097a8 (0x00009b7d) c.andi  a4, -1
core   0: 3 0x800097a8 (0x9b7d) x14 0x00000001
core   0: 0x800097aa (0x00006169) c.addi16sp sp, 208
core   0: 3 0x800097aa (0x6169) x 2 0xfe002064
core   0: 0x800097ac (0x29df6b93) ori     s7, t5, 669
core   0: 3 0x800097ac (0x29df6b93) x23 0x00fff2bd
core   0: 0x800097b0 (0x40af89b3) sub     s3, t6, a0
core   0: 3 0x800097b0 (0x40af89b3) x19 0xfb000f02
core   0: 0x800097b4 (0xfb3cbb97) auipc   s7, 0xfb3cb
core   0: 3 0x800097b4 (0xfb3cbb97) x23 0x7b3d47b4
core   0: 0x800097b8 (0x00008c59) c.or    s0, a4
core   0: 3 0x800097b8 (0x8c59) x 8 0x0005bc21
core   0: 0x800097ba (0xdf42a713) slti    a4, t0, -524
core   0: 3 0x800097ba (0xdf42a713) x14 0x00000000
core   0: 0x800097be (0x01e29f13) slli    t5, t0, 30
core   0: 3 0x800097be (0x01e29f13) x30 0x80000000
core   0: 0x800097c2 (0x03891db3) mulh    s11, s2, s8
core   0: 3 0x800097c2 (0x03891db3) x27 0x00000000
core   0: 0x800097c6 (0x03fddf33) divu    t5, s11, t6
core   0: 3 0x800097c6 (0x03fddf33) x30 0x00000000
core   0: 0x800097ca (0x000063a1) c.lui   t2, 0x8
core   0: 3 0x800097ca (0x63a1) x 7 0x00008000
core   0: 0x800097cc (0x00008f35) c.xor   a4, a3
core   0: 3 0x800097cc (0x8f35) x14 0x00000000
core   0: 0x800097ce (0x00008dad) c.xor   a1, a1
core   0: 3 0x800097ce (0x8dad) x11 0x00000000
core   0: 0x800097d0 (0x03f69bb3) mulh    s7, a3, t6
core   0: 3 0x800097d0 (0x03f69bb3) x23 0x00000000
core   0: 0x800097d4 (0x00008c91) c.sub   s1, a2
core   0: 3 0x800097d4 (0x8c91) x 9 0x01ffddf1
core   0: 0x800097d6 (0x00008dd9) c.or    a1, a4
core   0: 3 0x800097d6 (0x8dd9) x11 0x00000000
core   0: 0x800097d8 (0x00006e41) c.lui   t3, 0x10
core   0: 3 0x800097d8 (0x6e41) x28 0x00010000
core   0: 0x800097da (0x03accc33) div     s8, s9, s10
core   0: 3 0x800097da (0x03accc33) x24 0x800141b1
core   0: 0x800097de (0x00f9d693) srli    a3, s3, 15
core   0: 3 0x800097de (0x00f9d693) x13 0x0001f600
core   0: 0x800097e2 (0x032aa933) mulhsu  s2, s5, s2
core   0: 3 0x800097e2 (0x032aa933) x18 0xd3a27961
core   0: 0x800097e6 (0x00001d7d) c.addi  s10, -1
core   0: 3 0x800097e6 (0x1d7d) x26 0x00000000
core   0: 0x800097e8 (0x0303af33) mulhsu  t5, t2, a6
core   0: 3 0x800097e8 (0x0303af33) x30 0x00007f00
core   0: 0x800097ec (0x00008f19) c.sub   a4, a4
core   0: 3 0x800097ec (0x8f19) x14 0x00000000
core   0: 0x800097ee (0x7324c913) xori    s2, s1, 1842
core   0: 3 0x800097ee (0x7324c913) x18 0x01ffdac3
core   0: 0x800097f2 (0x000002f9) c.addi  t0, 30
core   0: 3 0x800097f2 (0x02f9) x 5 0x3f80050c
core   0: 0x800097f4 (0x00008d11) c.sub   a0, a2
core   0: 3 0x800097f4 (0x8d11) x10 0x05ffddec
core   0: 0x800097f6 (0x02218733) mul     a4, gp, sp
core   0: 3 0x800097f6 (0x02218733) x14 0x00000000
core   0: 0x800097fa (0x0ff0000f) fence   iorw,iorw
core   0: 3 0x800097fa (0x0ff0000f)
core   0: 0x800097fe (0x0025f3b3) and     t2, a1, sp
core   0: 3 0x800097fe (0x0025f3b3) x 7 0x00000000
core   0: 0x80009802 (0x01278533) add     a0, a5, s2
core   0: 3 0x80009802 (0x01278533) x10 0x820277a7
core   0: 0x80009806 (0xb2a2a293) slti    t0, t0, -1238
core   0: 3 0x80009806 (0xb2a2a293) x 5 0x00000000
core   0: 0x8000980a (0x00b7cc63) blt     a5, a1, pc + 24
core   0: 3 0x8000980a (0x00b7cc63)
core   0: 0x80009822 (0x0282f363) bgeu    t0, s0, pc + 38
core   0: 3 0x80009822 (0x0282f363)
core   0: 0x80009826 (0x01ee9cb3) sll     s9, t4, t5
core   0: 3 0x80009826 (0x01ee9cb3) x25 0x00000001
core   0: 0x8000982a (0x00000001) c.nop
core   0: 3 0x8000982a (0x0001)
core   0: 0x8000982c (0xa3ed2b13) slti    s6, s10, -1474
core   0: 3 0x8000982c (0xa3ed2b13) x22 0x00000000
core   0: 0x80009830 (0x032cba33) mulhu   s4, s9, s2
core   0: 3 0x80009830 (0x032cba33) x20 0x00000000
core   0: 0x80009834 (0x0133aeb3) slt     t4, t2, s3
core   0: 3 0x80009834 (0x0133aeb3) x29 0x00000000
core   0: 0x80009838 (0x00000109) c.addi  sp, 2
core   0: 3 0x80009838 (0x0109) x 2 0xfe002066
core   0: 0x8000983a (0x0e07a393) slti    t2, a5, 224
core   0: 3 0x8000983a (0x0e07a393) x 7 0x00000001
core   0: 0x8000983e (0x038495b3) mulh    a1, s1, s8
core   0: 3 0x8000983e (0x038495b3) x11 0xff00138a
core   0: 0x80009842 (0x405f5f13) srai    t5, t5, 5
core   0: 3 0x80009842 (0x405f5f13) x30 0x000003f8
core   0: 0x80009846 (0x00001488) c.addi4spn a0, sp, 608
core   0: 3 0x80009846 (0x1488) x10 0xfe0022c6
core   0: 0x80009848 (0x0000049e) c.slli  s1, 7
core   0: 3 0x80009848 (0x049e) x 9 0xffeef880
core   0: 0x8000984a (0x01da6d33) or      s10, s4, t4
core   0: 3 0x8000984a (0x01da6d33) x26 0x00000000
core   0: 0x8000984e (0x03e4d733) divu    a4, s1, t5
core   0: 3 0x8000984e (0x03e4d733) x14 0x00407cb7
core   0: 0x80009852 (0x00000362) c.slli  t1, 24
core   0: 3 0x80009852 (0x0362) x 6 0xb9000000
core   0: 0x80009854 (0x00008d15) c.sub   a0, a3
core   0: 3 0x80009854 (0x8d15) x10 0xfdfe2cc6
core   0: 0x80009856 (0x03b1fbb3) remu    s7, gp, s11
core   0: 3 0x80009856 (0x03b1fbb3) x23 0x00000000
core   0: 0x8000985a (0xc97af837) lui     a6, 0xc97af
core   0: 3 0x8000985a (0xc97af837) x16 0xc97af000
core   0: 0x8000985e (0x03a226b3) mulhsu  a3, tp, s10
core   0: 3 0x8000985e (0x03a226b3) x13 0x00000000
core   0: 0x80009862 (0x00008125) c.srli  a0, 9
core   0: 3 0x80009862 (0x8125) x10 0x007eff16
core   0: 0x80009864 (0x00006f91) c.lui   t6, 0x4
core   0: 3 0x80009864 (0x6f91) x31 0x00004000
core   0: 0x80009866 (0x400a8733) sub     a4, s5, zero
core   0: 3 0x80009866 (0x400a8733) x14 0x80025e64
core   0: 0x8000986a (0x00cd9d13) slli    s10, s11, 12
core   0: 3 0x8000986a (0x00cd9d13) x26 0x00000000
core   0: 0x8000986e (0x02b78a33) mul     s4, a5, a1
core   0: 3 0x8000986e (0x02b78a33) x20 0x4f0d7ee8
core   0: 0x80009872 (0x024df963) bgeu    s11, tp, pc + 50
core   0: 3 0x80009872 (0x024df963)
core   0: 0x80009876 (0x0120d113) srli    sp, ra, 18
core   0: 3 0x80009876 (0x0120d113) x 2 0x00000000
core   0: 0x8000987a (0x01e3a433) slt     s0, t2, t5
core   0: 3 0x8000987a (0x01e3a433) x 8 0x00000001
core   0: 0x8000987e (0x03dab733) mulhu   a4, s5, t4
core   0: 3 0x8000987e (0x03dab733) x14 0x00000000
core   0: 0x80009882 (0x037a7333) remu    t1, s4, s7
core   0: 3 0x80009882 (0x037a7333) x 6 0x4f0d7ee8
core   0: 0x80009886 (0x03254cb3) div     s9, a0, s2
core   0: 3 0x80009886 (0x03254cb3) x25 0x00000000
core   0: 0x8000988a (0x0000cd05) c.beqz  a0, pc + 56
core   0: 3 0x8000988a (0xcd05)
core   0: 0x8000988c (0x02961733) mulh    a4, a2, s1
core   0: 3 0x8000988c (0x02961733) x14 0x0000220c
core   0: 0x80009890 (0x0295ffb3) remu    t6, a1, s1
core   0: 3 0x80009890 (0x0295ffb3) x31 0xff00138a
core   0: 0x80009894 (0x00008f2d) c.xor   a4, a1
core   0: 3 0x80009894 (0x8f2d) x14 0xff003186
core   0: 0x80009896 (0x4004d033) sra     zero, s1, zero
core   0: 3 0x80009896 (0x4004d033)
core   0: 0x8000989a (0x0000987d) c.andi  s0, -1
core   0: 3 0x8000989a (0x987d) x 8 0x00000001
core   0: 0x8000989c (0x03dd4db3) div     s11, s10, t4
core   0: 3 0x8000989c (0x03dd4db3) x27 0xffffffff
core   0: 0x800098a0 (0x030d84b3) mul     s1, s11, a6
core   0: 3 0x800098a0 (0x030d84b3) x 9 0x36851000
core   0: 0x800098a4 (0xd5356513) ori     a0, a0, -685
core   0: 3 0x800098a4 (0xd5356513) x10 0xffffff57
core   0: 0x800098a8 (0x03eb7e33) remu    t3, s6, t5
core   0: 3 0x800098a8 (0x03eb7e33) x28 0x00000000
core   0: 0x800098ac (0x40c35813) srai    a6, t1, 12
core   0: 3 0x800098ac (0x40c35813) x16 0x0004f0d7
core   0: 0x800098b0 (0x02988133) mul     sp, a7, s1
core   0: 3 0x800098b0 (0x02988133) x 2 0x00000000
core   0: 0x800098b4 (0x01f9ed63) bltu    s3, t6, pc + 26
core   0: 3 0x800098b4 (0x01f9ed63)
core   0: 0x800098ce (0x411ad333) sra     t1, s5, a7
core   0: 3 0x800098ce (0x411ad333) x 6 0x80025e64
core   0: 0x800098d2 (0x00f1c6b3) xor     a3, gp, a5
core   0: 3 0x800098d2 (0x00f1c6b3) x13 0x80029ce4
core   0: 0x800098d6 (0x012ae233) or      tp, s5, s2
core   0: 3 0x800098d6 (0x012ae233) x 4 0x81ffdee7
core   0: 0x800098da (0x034d3833) mulhu   a6, s10, s4
core   0: 3 0x800098da (0x034d3833) x16 0x00000000
core   0: 0x800098de (0x00166613) ori     a2, a2, 1
core   0: 3 0x800098de (0x00166613) x12 0xfe002215
core   0: 0x800098e2 (0x05569063) bne     a3, s5, pc + 64
core   0: 3 0x800098e2 (0x05569063)
core   0: 0x80009922 (0x00008d31) c.xor   a0, a2
core   0: 3 0x80009922 (0x8d31) x10 0x01ffdd42
core   0: 0x80009924 (0x0000829a) c.mv    t0, t1
core   0: 3 0x80009924 (0x829a) x 5 0x80025e64
core   0: 0x80009926 (0x01208463) beq     ra, s2, pc + 8
core   0: 3 0x80009926 (0x01208463)
core   0: 0x8000992a (0xce5106b7) lui     a3, 0xce510
core   0: 3 0x8000992a (0xce5106b7) x13 0xce510000
core   0: 0x8000992e (0xbbc6a197) auipc   gp, 0xbbc6a
core   0: 3 0x8000992e (0xbbc6a197) x 3 0x3bc7392e
core   0: 0x80009932 (0xc1591697) auipc   a3, 0xc1591
core   0: 3 0x80009932 (0xc1591697) x13 0x4159a932
core   0: 0x80009936 (0x6ee70c93) addi    s9, a4, 1774
core   0: 3 0x80009936 (0x6ee70c93) x25 0xff003874
core   0: 0x8000993a (0x0000100f) fence.i
core   0: 3 0x8000993a (0x0000100f)
core   0: 0x8000993e (0x00000f42) c.slli  t5, 16
core   0: 3 0x8000993e (0x0f42) x30 0x03f80000
core   0: 0x80009940 (0x02964d33) div     s10, a2, s1
core   0: 3 0x80009940 (0x02964d33) x26 0x00000000
core   0: 0x80009944 (0x00000f19) c.addi  t5, 6
core   0: 3 0x80009944 (0x0f19) x30 0x03f80006
core   0: 0x80009946 (0x006363b3) or      t2, t1, t1
core   0: 3 0x80009946 (0x006363b3) x 7 0x80025e64
core   0: 0x8000994a (0x03e8e0b3) rem     ra, a7, t5
core   0: 3 0x8000994a (0x03e8e0b3) x 1 0x00000000
core   0: 0x8000994e (0x00600e13) li      t3, 6
core   0: 3 0x8000994e (0x00600e13) x28 0x00000006
core   0: 0x80009952 (0x0024e433) or      s0, s1, sp
core   0: 3 0x80009952 (0x0024e433) x 8 0x36851000
core   0: 0x80009956 (0x01701393) slli    t2, zero, 23
core   0: 3 0x80009956 (0x01701393) x 7 0x00000000
core   0: 0x8000995a (0x00008c61) c.and   s0, s0
core   0: 3 0x8000995a (0x8c61) x 8 0x36851000
core   0: 0x8000995c (0x033e93b3) mulh    t2, t4, s3
core   0: 3 0x8000995c (0x033e93b3) x 7 0x00000000
core   0: 0x80009960 (0x000069ed) c.lui   s3, 0x1b
core   0: 3 0x80009960 (0x69ed) x19 0x0001b000
core   0: 0x80009962 (0x01400613) li      a2, 20
core   0: 3 0x80009962 (0x01400613) x12 0x00000014
core   0: 0x80009966 (0x00008ef1) c.and   a3, a2
core   0: 3 0x80009966 (0x8ef1) x13 0x00000010
core   0: 0x80009968 (0x00008856) c.mv    a6, s5
core   0: 3 0x80009968 (0x8856) x16 0x80025e64
core   0: 0x8000996a (0x00000e1d) c.addi  t3, 7
core   0: 3 0x8000996a (0x0e1d) x28 0x0000000d
core   0: 0x8000996c (0x9bf8adb7) lui     s11, 0x9bf8a
core   0: 3 0x8000996c (0x9bf8adb7) x27 0x9bf8a000
core   0: 0x80009970 (0xffd00493) li      s1, -3
core   0: 3 0x80009970 (0xffd00493) x 9 0xfffffffd
core   0: 0x80009974 (0x00006bf9) c.lui   s7, 0x1e
core   0: 3 0x80009974 (0x6bf9) x23 0x0001e000
core   0: 0x80009976 (0x000041d5) c.li    gp, 21
core   0: 3 0x80009976 (0x41d5) x 3 0x00000015
core   0: 0x80009978 (0x00006c35) c.lui   s8, 0xd
core   0: 3 0x80009978 (0x6c35) x24 0x0000d000
core   0: 0x8000997a (0x000085d5) c.srai  a1, 21
core   0: 3 0x8000997a (0x85d5) x11 0xfffffff8
core   0: 0x8000997c (0x4481f597) auipc   a1, 0x4481f
core   0: 3 0x8000997c (0x4481f597) x11 0xc482897c
core   0: 0x80009980 (0x00000001) c.nop
core   0: 3 0x80009980 (0x0001)
core   0: 0x80009982 (0x00567a33) and     s4, a2, t0
core   0: 3 0x80009982 (0x00567a33) x20 0x00000004
core   0: 0x80009986 (0x034f9133) mulh    sp, t6, s4
core   0: 3 0x80009986 (0x034f9133) x 2 0xffffffff
core   0: 0x8000998a (0x00008e9e) c.mv    t4, t2
core   0: 3 0x8000998a (0x8e9e) x29 0x00000000
core   0: 0x8000998c (0x000000a2) c.slli  ra, 8
core   0: 3 0x8000998c (0x00a2) x 1 0x00000000
core   0: 0x8000998e (0x60b82813) slti    a6, a6, 1547
core   0: 3 0x8000998e (0x60b82813) x16 0x00000001
core   0: 0x80009992 (0x5a5c6393) ori     t2, s8, 1445
core   0: 3 0x80009992 (0x5a5c6393) x 7 0x0000d5a5
core   0: 0x80009996 (0x41dada33) sra     s4, s5, t4
core   0: 3 0x80009996 (0x41dada33) x20 0x80025e64
core   0: 0x8000999a (0x00000485) c.addi  s1, 1
core   0: 3 0x8000999a (0x0485) x 9 0xfffffffe
core   0: 0x8000999c (0x00000894) c.addi4spn a3, sp, 80
core   0: 3 0x8000999c (0x0894) x13 0x0000004f
core   0: 0x8000999e (0x0000d4f5) c.beqz  s1, pc - 20
core   0: 3 0x8000999e (0xd4f5)
core   0: 0x800099a0 (0x17bb3b37) lui     s6, 0x17bb3
core   0: 3 0x800099a0 (0x17bb3b37) x22 0x17bb3000
core   0: 0x800099a4 (0x00000001) c.nop
core   0: 3 0x800099a4 (0x0001)
core   0: 0x800099a6 (0xfcce61e3) bltu    t3, a2, pc - 62
core   0: 3 0x800099a6 (0xfcce61e3)
core   0: 0x80009968 (0x00008856) c.mv    a6, s5
core   0: 3 0x80009968 (0x8856) x16 0x80025e64
core   0: 0x8000996a (0x00000e1d) c.addi  t3, 7
core   0: 3 0x8000996a (0x0e1d) x28 0x00000014
core   0: 0x8000996c (0x9bf8adb7) lui     s11, 0x9bf8a
core   0: 3 0x8000996c (0x9bf8adb7) x27 0x9bf8a000
core   0: 0x80009970 (0xffd00493) li      s1, -3
core   0: 3 0x80009970 (0xffd00493) x 9 0xfffffffd
core   0: 0x80009974 (0x00006bf9) c.lui   s7, 0x1e
core   0: 3 0x80009974 (0x6bf9) x23 0x0001e000
core   0: 0x80009976 (0x000041d5) c.li    gp, 21
core   0: 3 0x80009976 (0x41d5) x 3 0x00000015
core   0: 0x80009978 (0x00006c35) c.lui   s8, 0xd
core   0: 3 0x80009978 (0x6c35) x24 0x0000d000
core   0: 0x8000997a (0x000085d5) c.srai  a1, 21
core   0: 3 0x8000997a (0x85d5) x11 0xfffffe24
core   0: 0x8000997c (0x4481f597) auipc   a1, 0x4481f
core   0: 3 0x8000997c (0x4481f597) x11 0xc482897c
core   0: 0x80009980 (0x00000001) c.nop
core   0: 3 0x80009980 (0x0001)
core   0: 0x80009982 (0x00567a33) and     s4, a2, t0
core   0: 3 0x80009982 (0x00567a33) x20 0x00000004
core   0: 0x80009986 (0x034f9133) mulh    sp, t6, s4
core   0: 3 0x80009986 (0x034f9133) x 2 0xffffffff
core   0: 0x8000998a (0x00008e9e) c.mv    t4, t2
core   0: 3 0x8000998a (0x8e9e) x29 0x0000d5a5
core   0: 0x8000998c (0x000000a2) c.slli  ra, 8
core   0: 3 0x8000998c (0x00a2) x 1 0x00000000
core   0: 0x8000998e (0x60b82813) slti    a6, a6, 1547
core   0: 3 0x8000998e (0x60b82813) x16 0x00000001
core   0: 0x80009992 (0x5a5c6393) ori     t2, s8, 1445
core   0: 3 0x80009992 (0x5a5c6393) x 7 0x0000d5a5
core   0: 0x80009996 (0x41dada33) sra     s4, s5, t4
core   0: 3 0x80009996 (0x41dada33) x20 0xfc0012f3
core   0: 0x8000999a (0x00000485) c.addi  s1, 1
core   0: 3 0x8000999a (0x0485) x 9 0xfffffffe
core   0: 0x8000999c (0x00000894) c.addi4spn a3, sp, 80
core   0: 3 0x8000999c (0x0894) x13 0x0000004f
core   0: 0x8000999e (0x0000d4f5) c.beqz  s1, pc - 20
core   0: 3 0x8000999e (0xd4f5)
core   0: 0x800099a0 (0x17bb3b37) lui     s6, 0x17bb3
core   0: 3 0x800099a0 (0x17bb3b37) x22 0x17bb3000
core   0: 0x800099a4 (0x00000001) c.nop
core   0: 3 0x800099a4 (0x0001)
core   0: 0x800099a6 (0xfcce61e3) bltu    t3, a2, pc - 62
core   0: 3 0x800099a6 (0xfcce61e3)
core   0: 0x800099aa (0x0005f6b3) and     a3, a1, zero
core   0: 3 0x800099aa (0x0005f6b3) x13 0x00000000
core   0: 0x800099ae (0x7112c313) xori    t1, t0, 1809
core   0: 3 0x800099ae (0x7112c313) x 6 0x80025975
core   0: 0x800099b2 (0x01e761b3) or      gp, a4, t5
core   0: 3 0x800099b2 (0x01e761b3) x 3 0xfff83186
core   0: 0x800099b6 (0x41c0d4b3) sra     s1, ra, t3
core   0: 3 0x800099b6 (0x41c0d4b3) x 9 0x00000000
core   0: 0x800099ba (0x0000100f) fence.i
core   0: 3 0x800099ba (0x0000100f)
core   0: 0x800099be (0x01e23833) sltu    a6, tp, t5
core   0: 3 0x800099be (0x01e23833) x16 0x00000000
core   0: 0x800099c2 (0x00000c31) c.addi  s8, 12
core   0: 3 0x800099c2 (0x0c31) x24 0x0000d00c
core   0: 0x800099c4 (0x00008c7d) c.and   s0, a5
core   0: 3 0x800099c4 (0x8c7d) x 8 0x00001000
core   0: 0x800099c6 (0x0000100f) fence.i
core   0: 3 0x800099c6 (0x0000100f)
core   0: 0x800099ca (0x0318f533) remu    a0, a7, a7
core   0: 3 0x800099ca (0x0318f533) x10 0x00000000
core   0: 0x800099ce (0x00006105) c.addi16sp sp, 32
core   0: 3 0x800099ce (0x6105) x 2 0x0000001f
core   0: 0x800099d0 (0x000085e5) c.srai  a1, 25
core   0: 3 0x800099d0 (0x85e5) x11 0xffffffe2
core   0: 0x800099d2 (0x013f20b3) slt     ra, t5, s3
core   0: 3 0x800099d2 (0x013f20b3) x 1 0x00000000
core   0: 0x800099d6 (0x51646e13) ori     t3, s0, 1302
core   0: 3 0x800099d6 (0x51646e13) x28 0x00001516
core   0: 0x800099da (0x4e61ae93) slti    t4, gp, 1254
core   0: 3 0x800099da (0x4e61ae93) x29 0x00000001
core   0: 0x800099de (0x0000717d) c.addi16sp sp, -16
core   0: 3 0x800099de (0x717d) x 2 0x0000000f
core   0: 0x800099e0 (0x02f65963) bge     a2, a5, pc + 50
core   0: 3 0x800099e0 (0x02f65963)
core   0: 0x80009a12 (0x50e8a713) slti    a4, a7, 1294
core   0: 3 0x80009a12 (0x50e8a713) x14 0x00000001
core   0: 0x80009a16 (0x01a3ee63) bltu    t2, s10, pc + 28
core   0: 3 0x80009a16 (0x01a3ee63)
core   0: 0x80009a1a (0x03e4fc63) bgeu    s1, t5, pc + 56
core   0: 3 0x80009a1a (0x03e4fc63)
core   0: 0x80009a1e (0x00000001) c.nop
core   0: 3 0x80009a1e (0x0001)
core   0: 0x80009a20 (0x0273cb33) div     s6, t2, t2
core   0: 3 0x80009a20 (0x0273cb33) x22 0x00000001
core   0: 0x80009a24 (0x0000837d) c.srli  a4, 31
core   0: 3 0x80009a24 (0x837d) x14 0x00000000
core   0: 0x80009a26 (0x9dee8693) addi    a3, t4, -1570
core   0: 3 0x80009a26 (0x9dee8693) x13 0xfffff9df
core   0: 0x80009a2a (0x003f8eb3) add     t4, t6, gp
core   0: 3 0x80009a2a (0x003f8eb3) x29 0xfef84510
core   0: 0x80009a2e (0x401d5993) srai    s3, s10, 1
core   0: 3 0x80009a2e (0x401d5993) x19 0x00000000
core   0: 0x80009a32 (0x00000001) c.nop
core   0: 3 0x80009a32 (0x0001)
core   0: 0x80009a34 (0xfb8ec597) auipc   a1, 0xfb8ec
core   0: 3 0x80009a34 (0xfb8ec597) x11 0x7b8f5a34
core   0: 0x80009a38 (0x1e62e813) ori     a6, t0, 486
core   0: 3 0x80009a38 (0x1e62e813) x16 0x80025fe6
core   0: 0x80009a3c (0x00000001) c.nop
core   0: 3 0x80009a3c (0x0001)
core   0: 0x80009a3e (0x0015a0b3) slt     ra, a1, ra
core   0: 3 0x80009a3e (0x0015a0b3) x 1 0x00000000
core   0: 0x80009a42 (0x7c4a7fb7) lui     t6, 0x7c4a7
core   0: 3 0x80009a42 (0x7c4a7fb7) x31 0x7c4a7000
core   0: 0x80009a46 (0x0253b133) mulhu   sp, t2, t0
core   0: 3 0x80009a46 (0x0253b133) x 2 0x00006ad4
core   0: 0x80009a4a (0x01eec2b3) xor     t0, t4, t5
core   0: 3 0x80009a4a (0x01eec2b3) x 5 0xfd004516
core   0: 0x80009a4e (0x405489b3) sub     s3, s1, t0
core   0: 3 0x80009a4e (0x405489b3) x19 0x02ffbaea
core   0: 0x80009a52 (0x00000001) c.nop
core   0: 3 0x80009a52 (0x0001)
core   0: 0x80009a54 (0x00008ee5) c.and   a3, s1
core   0: 3 0x80009a54 (0x8ee5) x13 0x00000000
core   0: 0x80009a56 (0x019c9813) slli    a6, s9, 25
core   0: 3 0x80009a56 (0x019c9813) x16 0xe8000000
core   0: 0x80009a5a (0x0000717d) c.addi16sp sp, -16
core   0: 3 0x80009a5a (0x717d) x 2 0x00006ac4
core   0: 0x80009a5c (0x5cde0813) addi    a6, t3, 1485
core   0: 3 0x80009a5c (0x5cde0813) x16 0x00001ae3
core   0: 0x80009a60 (0x03db4fb3) div     t6, s6, t4
core   0: 3 0x80009a60 (0x03db4fb3) x31 0x00000000
core   0: 0x80009a64 (0x00008f11) c.sub   a4, a2
core   0: 3 0x80009a64 (0x8f11) x14 0xffffffec
core   0: 0x80009a66 (0x2e5a6593) ori     a1, s4, 741
core   0: 3 0x80009a66 (0x2e5a6593) x11 0xfc0012f7
core   0: 0x80009a6a (0x01515e63) bge     sp, s5, pc + 28
core   0: 3 0x80009a6a (0x01515e63)
core   0: 0x80009a86 (0x0000e989) c.bnez  a1, pc + 18
core   0: 3 0x80009a86 (0xe989)
core   0: 0x80009a98 (0x00465fb3) srl     t6, a2, tp
core   0: 3 0x80009a98 (0x00465fb3) x31 0x00000000
core   0: 0x80009a9c (0x000013fd) c.addi  t2, -1
core   0: 3 0x80009a9c (0x13fd) x 7 0x0000d5a4
core   0: 0x80009a9e (0x03e0f733) remu    a4, ra, t5
core   0: 3 0x80009a9e (0x03e0f733) x14 0x00000000
core   0: 0x80009aa2 (0x79fa7013) andi    zero, s4, 1951
core   0: 3 0x80009aa2 (0x79fa7013)
core   0: 0x80009aa6 (0x00006329) c.lui   t1, 0xa
core   0: 3 0x80009aa6 (0x6329) x 6 0x0000a000
core   0: 0x80009aa8 (0x00008041) c.srli  s0, 16
core   0: 3 0x80009aa8 (0x8041) x 8 0x00000000
core   0: 0x80009aaa (0x00d67db3) and     s11, a2, a3
core   0: 3 0x80009aaa (0x00d67db3) x27 0x00000000
core   0: 0x80009aae (0x00001414) c.addi4spn a3, sp, 544
core   0: 3 0x80009aae (0x1414) x13 0x00006ce4
core   0: 0x80009ab0 (0x005dce33) xor     t3, s11, t0
core   0: 3 0x80009ab0 (0x005dce33) x28 0xfd004516
core   0: 0x80009ab4 (0x411a5233) sra     tp, s4, a7
core   0: 3 0x80009ab4 (0x411a5233) x 4 0xfc0012f3
core   0: 0x80009ab8 (0x000000be) c.slli  ra, 15
core   0: 3 0x80009ab8 (0x00be) x 1 0x00000000
core   0: 0x80009aba (0x4583b113) sltiu   sp, t2, 1112
core   0: 3 0x80009aba (0x4583b113) x 2 0x00000000
core   0: 0x80009abe (0x00006179) c.addi16sp sp, 464
core   0: 3 0x80009abe (0x6179) x 2 0x000001d0
core   0: 0x80009ac0 (0x03e3f063) bgeu    t2, t5, pc + 32
core   0: 3 0x80009ac0 (0x03e3f063)
core   0: 0x80009ac4 (0x0135adb3) slt     s11, a1, s3
core   0: 3 0x80009ac4 (0x0135adb3) x27 0x00000001
core   0: 0x80009ac8 (0x01644763) blt     s0, s6, pc + 14
core   0: 3 0x80009ac8 (0x01644763)
core   0: 0x80009ad6 (0x729dbf93) sltiu   t6, s11, 1833
core   0: 3 0x80009ad6 (0x729dbf93) x31 0x00000001
core   0: 0x80009ada (0x00001d08) c.addi4spn a0, sp, 688
core   0: 3 0x80009ada (0x1d08) x10 0x00000480
core   0: 0x80009adc (0x00000001) c.nop
core   0: 3 0x80009adc (0x0001)
core   0: 0x80009ade (0x000092be) c.add   t0, a5
core   0: 3 0x80009ade (0x92be) x 5 0x7d02e1fa
core   0: 0x80009ae0 (0x00008021) c.srli  s0, 8
core   0: 3 0x80009ae0 (0x8021) x 8 0x00000000
core   0: 0x80009ae2 (0x013b3a33) sltu    s4, s6, s3
core   0: 3 0x80009ae2 (0x013b3a33) x20 0x00000001
core   0: 0x80009ae6 (0x00000001) c.nop
core   0: 3 0x80009ae6 (0x0001)
core   0: 0x80009ae8 (0x000084d5) c.srai  s1, 21
core   0: 3 0x80009ae8 (0x84d5) x 9 0x00000000
core   0: 0x80009aea (0x00001c8c) c.addi4spn a1, sp, 624
core   0: 3 0x80009aea (0x1c8c) x11 0x00000440
core   0: 0x80009aec (0x00001988) c.addi4spn a0, sp, 240
core   0: 3 0x80009aec (0x1988) x10 0x000002c0
core   0: 0x80009aee (0x02f39eb3) mulh    t4, t2, a5
core   0: 3 0x80009aee (0x02f39eb3) x29 0xffff9530
core   0: 0x80009af2 (0xfd00fe17) auipc   t3, 0xfd00f
core   0: 3 0x80009af2 (0xfd00fe17) x28 0x7d018af2
core   0: 0x80009af6 (0x00000001) c.nop
core   0: 3 0x80009af6 (0x0001)
core   0: 0x80009af8 (0x00c776b3) and     a3, a4, a2
core   0: 3 0x80009af8 (0x00c776b3) x13 0x00000000
core   0: 0x80009afc (0x2b526a13) ori     s4, tp, 693
core   0: 3 0x80009afc (0x2b526a13) x20 0xfc0012f7
core   0: 0x80009b00 (0x001bd9b3) srl     s3, s7, ra
core   0: 3 0x80009b00 (0x001bd9b3) x19 0x0001e000
core   0: 0x80009b04 (0x015cafb3) slt     t6, s9, s5
core   0: 3 0x80009b04 (0x015cafb3) x31 0x00000000
core   0: 0x80009b08 (0x031ba1b3) mulhsu  gp, s7, a7
core   0: 3 0x80009b08 (0x031ba1b3) x 3 0x00000000
core   0: 0x80009b0c (0x00009da6) c.add   s11, s1
core   0: 3 0x80009b0c (0x9da6) x27 0x00000001
core   0: 0x80009b0e (0x22276693) ori     a3, a4, 546
core   0: 3 0x80009b0e (0x22276693) x13 0x00000222
core   0: 0x80009b12 (0x03694233) div     tp, s2, s6
core   0: 3 0x80009b12 (0x03694233) x 4 0x01ffdac3
core   0: 0x80009b16 (0x024bb333) mulhu   t1, s7, tp
core   0: 3 0x80009b16 (0x024bb333) x 6 0x000003bf
core   0: 0x80009b1a (0x00001b97) auipc   s7, 0x1
core   0: 3 0x80009b1a (0x00001b97) x23 0x8000ab1a
core   0: 0x80009b1e (0x1ecb8b93) addi    s7, s7, 492
core   0: 3 0x80009b1e (0x1ecb8b93) x23 0x8000ad06
core   0: 0x80009b22 (0x034ca933) mulhsu  s2, s9, s4
core   0: 3 0x80009b22 (0x034ca933) x18 0xff04377f
core   0: 0x80009b26 (0x5218e317) auipc   t1, 0x5218e
core   0: 3 0x80009b26 (0x5218e317) x 6 0xd2197b26
core   0: 0x80009b2a (0x000001f9) c.addi  gp, 30
core   0: 3 0x80009b2a (0x01f9) x 3 0x0000001e
core   0: 0x80009b2c (0x0009ddb3) srl     s11, s3, zero
core   0: 3 0x80009b2c (0x0009ddb3) x27 0x0001e000
core   0: 0x80009b30 (0x00008e45) c.or    a2, s1
core   0: 3 0x80009b30 (0x8e45) x12 0x00000014
core   0: 0x80009b32 (0x00008e45) c.or    a2, s1
core   0: 3 0x80009b32 (0x8e45) x12 0x00000014
core   0: 0x80009b34 (0x02cbcfb3) div     t6, s7, a2
core   0: 3 0x80009b34 (0x02cbcfb3) x31 0xf999a241
core   0: 0x80009b38 (0xf0cb8b93) addi    s7, s7, -244
core   0: 3 0x80009b38 (0xf0cb8b93) x23 0x8000ac12
core   0: 0x80009b3c (0x00008f0d) c.sub   a4, a1
core   0: 3 0x80009b3c (0x8f0d) x14 0xfffffbc0
core   0: 0x80009b3e (0x016c6463) bltu    s8, s6, pc + 8
core   0: 3 0x80009b3e (0x016c6463)
core   0: 0x80009b42 (0x0000100f) fence.i
core   0: 3 0x80009b42 (0x0000100f)
core   0: 0x80009b46 (0x0f5b8de7) jalr    s11, s7, 245
core   0: 3 0x80009b46 (0x0f5b8de7) x27 0x80009b4a
core   0: 0x8000ad06 (0xfc0a8a93) addi    s5, s5, -64
core   0: 3 0x8000ad06 (0xfc0a8a93) x21 0x80025e24
core   0: 0x8000ad0a (0x00008e11) c.sub   a2, a2
core   0: 3 0x8000ad0a (0x8e11) x12 0x00000000
core   0: 0x8000ad0c (0x00005a7d) c.li    s4, -1
core   0: 3 0x8000ad0c (0x5a7d) x20 0xffffffff
core   0: 0x8000ad0e (0x01baa223) sw      s11, 4(s5)
core   0: 3 0x8000ad0e (0x01baa223) mem 0x80025e28 0x80009b4a
core   0: 0x8000ad12 (0x00009afd) c.andi  a3, -1
core   0: 3 0x8000ad12 (0x9afd) x13 0x00000222
core   0: 0x8000ad14 (0x038bf4b3) remu    s1, s7, s8
core   0: 3 0x8000ad14 (0x038bf4b3) x 9 0x00007a06
core   0: 0x8000ad18 (0x00000c18) c.addi4spn a4, sp, 528
core   0: 3 0x8000ad18 (0x0c18) x14 0x000003e0
core   0: 0x8000ad1a (0x00006097) auipc   ra, 0x6
core   0: 3 0x8000ad1a (0x00006097) x 1 0x80010d1a
core   0: 0x8000ad1e (0xf3108093) addi    ra, ra, -207
core   0: 3 0x8000ad1e (0xf3108093) x 1 0x80010c4b
core   0: 0x8000ad22 (0x00006617) auipc   a2, 0x6
core   0: 3 0x8000ad22 (0x00006617) x12 0x80010d22
core   0: 0x8000ad26 (0xc9160613) addi    a2, a2, -879
core   0: 3 0x8000ad26 (0xc9160613) x12 0x800109b3
core   0: 0x8000ad2a (0x0ae0cf83) lbu     t6, 174(ra)
core   0: 3 0x8000ad2a (0x0ae0cf83) x31 0x000000bd mem 0x80010cf9
core   0: 0x8000ad2e (0x00006b97) auipc   s7, 0x6
core   0: 3 0x8000ad2e (0x00006b97) x23 0x80010d2e
core   0: 0x8000ad32 (0x873b8b93) addi    s7, s7, -1933
core   0: 3 0x8000ad32 (0x873b8b93) x23 0x800105a1
core   0: 0x8000ad36 (0x01f09503) lh      a0, 31(ra)
core   0: 3 0x8000ad36 (0x01f09503) x10 0xffffe0b2 mem 0x80010c6a
core   0: 0x8000ad3a (0xf9764803) lbu     a6, -105(a2)
core   0: 3 0x8000ad3a (0xf9764803) x16 0x000000ca mem 0x8001094a
core   0: 0x8000ad3e (0xffcbcf83) lbu     t6, -4(s7)
core   0: 3 0x8000ad3e (0xffcbcf83) x31 0x000000be mem 0x8001059d
core   0: 0x8000ad42 (0x003b8823) sb      gp, 16(s7)
core   0: 3 0x8000ad42 (0x003b8823) mem 0x800105b1 0x1e
core   0: 0x8000ad46 (0xf8208ea3) sb      sp, -99(ra)
core   0: 3 0x8000ad46 (0xf8208ea3) mem 0x80010be8 0xd0
core   0: 0x8000ad4a (0x44261fa3) sh      sp, 1119(a2)
core   0: 3 0x8000ad4a (0x44261fa3) mem 0x80010e12 0x01d0
core   0: 0x8000ad4e (0x32a60ca3) sb      a0, 825(a2)
core   0: 3 0x8000ad4e (0x32a60ca3) mem 0x80010cec 0xb2
core   0: 0x8000ad52 (0xffdb9e03) lh      t3, -3(s7)
core   0: 3 0x8000ad52 (0xffdb9e03) x28 0xfffff3a2 mem 0x8001059e
core   0: 0x8000ad56 (0x61164103) lbu     sp, 1553(a2)
core   0: 3 0x8000ad56 (0x61164103) x 2 0x00000003 mem 0x80010fc4
core   0: 0x8000ad5a (0xa00602a3) sb      zero, -1531(a2)
core   0: 3 0x8000ad5a (0xa00602a3) mem 0x800103b8 0x0
core   0: 0x8000ad5e (0xfe2b8923) sb      sp, -14(s7)
core   0: 3 0x8000ad5e (0xfe2b8923) mem 0x80010593 0x3
core   0: 0x8000ad62 (0xd5760323) sb      s7, -698(a2)
core   0: 3 0x8000ad62 (0xd5760323) mem 0x800106f9 0xa1
core   0: 0x8000ad66 (0xf7008b23) sb      a6, -138(ra)
core   0: 3 0x8000ad66 (0xf7008b23) mem 0x80010bc1 0xca
core   0: 0x8000ad6a (0xffebc183) lbu     gp, -2(s7)
core   0: 3 0x8000ad6a (0xffebc183) x 3 0x000000f3 mem 0x8001059f
core   0: 0x8000ad6e (0x40864683) lbu     a3, 1032(a2)
core   0: 3 0x8000ad6e (0x40864683) x13 0x000000bf mem 0x80010dbb
core   0: 0x8000ad72 (0x001bc583) lbu     a1, 1(s7)
core   0: 3 0x8000ad72 (0x001bc583) x11 0x000000f3 mem 0x800105a2
core   0: 0x8000ad76 (0x0e30c403) lbu     s0, 227(ra)
core   0: 3 0x8000ad76 (0x0e30c403) x 8 0x00000068 mem 0x80010d2e
core   0: 0x8000ad7a (0x10f61b03) lh      s6, 271(a2)
core   0: 3 0x8000ad7a (0x10f61b03) x22 0x00000644 mem 0x80010ac2
core   0: 0x8000ad7e (0x0f6080a3) sb      s6, 225(ra)
core   0: 3 0x8000ad7e (0x0f6080a3) mem 0x80010d2c 0x44
core   0: 0x8000ad82 (0x0a109003) lh      zero, 161(ra)
core   0: 3 0x8000ad82 (0x0a109003) mem 0x80010cec
core   0: 0x8000ad86 (0x0db09403) lh      s0, 219(ra)
core   0: 3 0x8000ad86 (0x0db09403) x 8 0x00001bfa mem 0x80010d26
core   0: 0x8000ad8a (0x41660383) lb      t2, 1046(a2)
core   0: 3 0x8000ad8a (0x41660383) x 7 0x00000002 mem 0x80010dc9
core   0: 0x8000ad8e (0x006bcf03) lbu     t5, 6(s7)
core   0: 3 0x8000ad8e (0x006bcf03) x30 0x000000e6 mem 0x800105a7
core   0: 0x8000ad92 (0xff2b8f23) sb      s2, -2(s7)
core   0: 3 0x8000ad92 (0xff2b8f23) mem 0x8001059f 0x7f
core   0: 0x8000ad96 (0xf0609da3) sh      t1, -229(ra)
core   0: 3 0x8000ad96 (0xf0609da3) mem 0x80010b66 0x7b26
core   0: 0x8000ad9a (0x004b8123) sb      tp, 2(s7)
core   0: 3 0x8000ad9a (0x004b8123) mem 0x800105a3 0xc3
core   0: 0x8000ad9e (0x00006117) auipc   sp, 0x6
core   0: 3 0x8000ad9e (0x00006117) x 2 0x80010d9e
core   0: 0x8000ada2 (0xe8a10113) addi    sp, sp, -374
core   0: 3 0x8000ada2 (0xe8a10113) x 2 0x80010c28
core   0: 0x8000ada6 (0x000080e9) c.srli  s1, 26
core   0: 3 0x8000ada6 (0x80e9) x 9 0x00000000
core   0: 0x8000ada8 (0xf8014e03) lbu     t3, -128(sp)
core   0: 3 0x8000ada8 (0xf8014e03) x28 0x0000008c mem 0x80010ba8
core   0: 0x8000adac (0x0000831d) c.srli  a4, 7
core   0: 3 0x8000adac (0x831d) x14 0x00000007
core   0: 0x8000adae (0x029e1433) mulh    s0, t3, s1
core   0: 3 0x8000adae (0x029e1433) x 8 0x00000000
core   0: 0x8000adb2 (0xf2910e03) lb      t3, -215(sp)
core   0: 3 0x8000adb2 (0xf2910e03) x28 0x00000071 mem 0x80010b51
core   0: 0x8000adb6 (0x0e310403) lb      s0, 227(sp)
core   0: 3 0x8000adb6 (0x0e310403) x 8 0x0000000e mem 0x80010d0b
core   0: 0x8000adba (0x00005e7d) c.li    t3, -1
core   0: 3 0x8000adba (0x5e7d) x28 0xffffffff
core   0: 0x8000adbc (0x00005726) c.lwsp  a4, 104(sp)
core   0: 3 0x8000adbc (0x5726) x14 0x3984600d mem 0x80010c90
core   0: 0x8000adbe (0x01c489b3) add     s3, s1, t3
core   0: 3 0x8000adbe (0x01c489b3) x19 0xffffffff
core   0: 0x8000adc2 (0xe3076993) ori     s3, a4, -464
core   0: 3 0x8000adc2 (0xe3076993) x19 0xfffffe3d
core   0: 0x8000adc6 (0xf8d14983) lbu     s3, -115(sp)
core   0: 3 0x8000adc6 (0xf8d14983) x19 0x00000049 mem 0x80010bb5
core   0: 0x8000adca (0x5894f493) andi    s1, s1, 1417
core   0: 3 0x8000adca (0x5894f493) x 9 0x00000000
core   0: 0x8000adce (0xf5c10ba3) sb      t3, -169(sp)
core   0: 3 0x8000adce (0xf5c10ba3) mem 0x80010b7f 0xff
core   0: 0x8000add2 (0xf4911423) sh      s1, -184(sp)
core   0: 3 0x8000add2 (0xf4911423) mem 0x80010b70 0x0000
core   0: 0x8000add6 (0x0a310083) lb      ra, 163(sp)
core   0: 3 0x8000add6 (0x0a310083) x 1 0x0000004b mem 0x80010ccb
core   0: 0x8000adda (0x00000001) c.nop
core   0: 3 0x8000adda (0x0001)
core   0: 0x8000addc (0x000049d1) c.li    s3, 20
core   0: 3 0x8000addc (0x49d1) x19 0x00000014
core   0: 0x8000adde (0xff510083) lb      ra, -11(sp)
core   0: 3 0x8000adde (0xff510083) x 1 0x00000017 mem 0x80010c1d
core   0: 0x8000ade2 (0x0e310983) lb      s3, 227(sp)
core   0: 3 0x8000ade2 (0x0e310983) x19 0x0000000e mem 0x80010d0b
core   0: 0x8000ade6 (0x5d223e37) lui     t3, 0x5d223
core   0: 3 0x8000ade6 (0x5d223e37) x28 0x5d223000
core   0: 0x8000adea (0x40e70433) sub     s0, a4, a4
core   0: 3 0x8000adea (0x40e70433) x 8 0x00000000
core   0: 0x8000adee (0x00008455) c.srai  s0, 21
core   0: 3 0x8000adee (0x8455) x 8 0x00000000
core   0: 0x8000adf0 (0xf0815403) lhu     s0, -248(sp)
core   0: 3 0x8000adf0 (0xf0815403) x 8 0x0000a41f mem 0x80010b30
core   0: 0x8000adf4 (0x000040b2) c.lwsp  ra, 12(sp)
core   0: 3 0x8000adf4 (0x40b2) x 1 0x423b5102 mem 0x80010c34
core   0: 0x8000adf6 (0x000090f2) c.add   ra, t3
core   0: 3 0x8000adf6 (0x90f2) x 1 0x9f5d8102
core   0: 0x8000adf8 (0xf6a10703) lb      a4, -150(sp)
core   0: 3 0x8000adf8 (0xf6a10703) x14 0xffffffd7 mem 0x80010b92
core   0: 0x8000adfc (0x03ce60b3) rem     ra, t3, t3
core   0: 3 0x8000adfc (0x03ce60b3) x 1 0x00000000
core   0: 0x8000ae00 (0xeecaa717) auipc   a4, 0xeecaa
core   0: 3 0x8000ae00 (0xeecaa717) x14 0x6ecb4e00
core   0: 0x8000ae04 (0xf6112623) sw      ra, -148(sp)
core   0: 3 0x8000ae04 (0xf6112623) mem 0x80010b94 0x00000000
core   0: 0x8000ae08 (0x4fee4413) xori    s0, t3, 1278
core   0: 3 0x8000ae08 (0x4fee4413) x 8 0x5d2234fe
core   0: 0x8000ae0c (0x05c10fa3) sb      t3, 95(sp)
core   0: 3 0x8000ae0c (0x05c10fa3) mem 0x80010c87 0x0
core   0: 0x8000ae10 (0xfd3101a3) sb      s3, -61(sp)
core   0: 3 0x8000ae10 (0xfd3101a3) mem 0x80010beb 0xe
core   0: 0x8000ae14 (0xff815e03) lhu     t3, -8(sp)
core   0: 3 0x8000ae14 (0xff815e03) x28 0x000003cf mem 0x80010c20
core   0: 0x8000ae18 (0x00e0c9b3) xor     s3, ra, a4
core   0: 3 0x8000ae18 (0x00e0c9b3) x19 0x6ecb4e00
core   0: 0x8000ae1c (0x03c0f4b3) remu    s1, ra, t3
core   0: 3 0x8000ae1c (0x03c0f4b3) x 9 0x00000000
core   0: 0x8000ae20 (0xb5640093) addi    ra, s0, -1194
core   0: 3 0x8000ae20 (0xb5640093) x 1 0x5d223054
core   0: 0x8000ae24 (0x0000100f) fence.i
core   0: 3 0x8000ae24 (0x0000100f)
core   0: 0x8000ae28 (0xf0110d23) sb      ra, -230(sp)
core   0: 3 0x8000ae28 (0xf0110d23) mem 0x80010b42 0x54
core   0: 0x8000ae2c (0x08214983) lbu     s3, 130(sp)
core   0: 3 0x8000ae2c (0x08214983) x19 0x00000038 mem 0x80010caa
core   0: 0x8000ae30 (0x008739b3) sltu    s3, a4, s0
core   0: 3 0x8000ae30 (0x008739b3) x19 0x00000000
core   0: 0x8000ae34 (0xf0b10703) lb      a4, -245(sp)
core   0: 3 0x8000ae34 (0xf0b10703) x14 0x00000056 mem 0x80010b33
core   0: 0x8000ae38 (0x00008cd9) c.or    s1, a4
core   0: 3 0x8000ae38 (0x8cd9) x 9 0x00000056
core   0: 0x8000ae3a (0x0dc10d23) sb      t3, 218(sp)
core   0: 3 0x8000ae3a (0x0dc10d23) mem 0x80010d02 0xcf
core   0: 0x8000ae3e (0x09d10e03) lb      t3, 157(sp)
core   0: 3 0x8000ae3e (0x09d10e03) x28 0xffffffcd mem 0x80010cc5
core   0: 0x8000ae42 (0x00d10403) lb      s0, 13(sp)
core   0: 3 0x8000ae42 (0x00d10403) x 8 0x00000051 mem 0x80010c35
core   0: 0x8000ae46 (0xd420a413) slti    s0, ra, -702
core   0: 3 0x8000ae46 (0xd420a413) x 8 0x00000000
core   0: 0x8000ae4a (0x0ff0000f) fence   iorw,iorw
core   0: 3 0x8000ae4a (0x0ff0000f)
core   0: 0x8000ae4e (0xfbf14e03) lbu     t3, -65(sp)
core   0: 3 0x8000ae4e (0xfbf14e03) x28 0x00000000 mem 0x80010be7
core   0: 0x8000ae52 (0x00000001) c.nop
core   0: 3 0x8000ae52 (0x0001)
core   0: 0x8000ae54 (0x0334a433) mulhsu  s0, s1, s3
core   0: 3 0x8000ae54 (0x0334a433) x 8 0x00000000
core   0: 0x8000ae58 (0x0dc107a3) sb      t3, 207(sp)
core   0: 3 0x8000ae58 (0x0dc107a3) mem 0x80010cf7 0x0
core   0: 0x8000ae5c (0x0ff0000f) fence   iorw,iorw
core   0: 3 0x8000ae5c (0x0ff0000f)
core   0: 0x8000ae60 (0x00e107a3) sb      a4, 15(sp)
core   0: 3 0x8000ae60 (0x00e107a3) mem 0x80010c37 0x56
core   0: 0x8000ae64 (0x00008c81) c.sub   s1, s0
core   0: 3 0x8000ae64 (0x8c81) x 9 0x00000056
core   0: 0x8000ae66 (0x0b814983) lbu     s3, 184(sp)
core   0: 3 0x8000ae66 (0x0b814983) x19 0x000000fa mem 0x80010ce0
core   0: 0x8000ae6a (0x0e710983) lb      s3, 231(sp)
core   0: 3 0x8000ae6a (0x0e710983) x19 0x0000007c mem 0x80010d0f
core   0: 0x8000ae6e (0x008e24b3) slt     s1, t3, s0
core   0: 3 0x8000ae6e (0x008e24b3) x 9 0x00000000
core   0: 0x8000ae72 (0xfa812423) sw      s0, -88(sp)
core   0: 3 0x8000ae72 (0xfa812423) mem 0x80010bd0 0x00000000
core   0: 0x8000ae76 (0x00006917) auipc   s2, 0x6
core   0: 3 0x8000ae76 (0x00006917) x18 0x80010e76
core   0: 0x8000ae7a (0xbcd90913) addi    s2, s2, -1075
core   0: 3 0x8000ae7a (0xbcd90913) x18 0x80010a43
core   0: 0x8000ae7e (0xffd94b83) lbu     s7, -3(s2)
core   0: 3 0x8000ae7e (0xffd94b83) x23 0x000000e4 mem 0x80010a40
core   0: 0x8000ae82 (0x03ad0bb3) mul     s7, s10, s10
core   0: 3 0x8000ae82 (0x03ad0bb3) x23 0x00000000
core   0: 0x8000ae86 (0x40b58b33) sub     s6, a1, a1
core   0: 3 0x8000ae86 (0x40b58b33) x22 0x00000000
core   0: 0x8000ae8a (0x00000001) c.nop
core   0: 3 0x8000ae8a (0x0001)
core   0: 0x8000ae8c (0x01a90023) sb      s10, 0(s2)
core   0: 3 0x8000ae8c (0x01a90023) mem 0x80010a43 0x0
core   0: 0x8000ae90 (0x01757533) and     a0, a0, s7
core   0: 3 0x8000ae90 (0x01757533) x10 0x00000000
core   0: 0x8000ae94 (0x01090683) lb      a3, 16(s2)
core   0: 3 0x8000ae94 (0x01090683) x13 0x00000074 mem 0x80010a53
core   0: 0x8000ae98 (0xa8242517) auipc   a0, 0xa8242
core   0: 3 0x8000ae98 (0xa8242517) x10 0x2824ce98
core   0: 0x8000ae9c (0xc5f53b93) sltiu   s7, a0, -929
core   0: 3 0x8000ae9c (0xc5f53b93) x23 0x00000001
core   0: 0x8000aea0 (0x00ab86b3) add     a3, s7, a0
core   0: 3 0x8000aea0 (0x00ab86b3) x13 0x2824ce99
core   0: 0x8000aea4 (0xff194d03) lbu     s10, -15(s2)
core   0: 3 0x8000aea4 (0xff194d03) x26 0x0000001b mem 0x80010a34
core   0: 0x8000aea8 (0x00d900a3) sb      a3, 1(s2)
core   0: 3 0x8000aea8 (0x00d900a3) mem 0x80010a44 0x99
core   0: 0x8000aeac (0x3b7ba693) slti    a3, s7, 951
core   0: 3 0x8000aeac (0x3b7ba693) x13 0x00000001
core   0: 0x8000aeb0 (0x01657b33) and     s6, a0, s6
core   0: 3 0x8000aeb0 (0x01657b33) x22 0x00000000
core   0: 0x8000aeb4 (0x340bed13) ori     s10, s7, 832
core   0: 3 0x8000aeb4 (0x340bed13) x26 0x00000341
core   0: 0x8000aeb8 (0xffb95683) lhu     a3, -5(s2)
core   0: 3 0x8000aeb8 (0xffb95683) x13 0x0000f63f mem 0x80010a3e
core   0: 0x8000aebc (0xff591683) lh      a3, -11(s2)
core   0: 3 0x8000aebc (0xff591683) x13 0x00000828 mem 0x80010a38
core   0: 0x8000aec0 (0x00e94683) lbu     a3, 14(s2)
core   0: 3 0x8000aec0 (0x00e94683) x13 0x0000001c mem 0x80010a51
core   0: 0x8000aec4 (0x016d05b3) add     a1, s10, s6
core   0: 3 0x8000aec4 (0x016d05b3) x11 0x00000341
core   0: 0x8000aec8 (0x00b90683) lb      a3, 11(s2)
core   0: 3 0x8000aec8 (0x00b90683) x13 0x00000000 mem 0x80010a4e
core   0: 0x8000aecc (0x00a90583) lb      a1, 10(s2)
core   0: 3 0x8000aecc (0x00a90583) x11 0x00000000 mem 0x80010a4d
core   0: 0x8000aed0 (0x000082a5) c.srli  a3, 9
core   0: 3 0x8000aed0 (0x82a5) x13 0x00000000
core   0: 0x8000aed2 (0xfff95683) lhu     a3, -1(s2)
core   0: 3 0x8000aed2 (0xfff95683) x13 0x000000e6 mem 0x80010a42
core   0: 0x8000aed6 (0x03a595b3) mulh    a1, a1, s10
core   0: 3 0x8000aed6 (0x03a595b3) x11 0x00000000
core   0: 0x8000aeda (0x00f95b83) lhu     s7, 15(s2)
core   0: 3 0x8000aeda (0x00f95b83) x23 0x00007407 mem 0x80010a52
core   0: 0x8000aede (0xfeb92aa3) sw      a1, -11(s2)
core   0: 3 0x8000aede (0xfeb92aa3) mem 0x80010a38 0x00000000
core   0: 0x8000aee2 (0x00395b83) lhu     s7, 3(s2)
core   0: 3 0x8000aee2 (0x00395b83) x23 0x0000fcef mem 0x80010a46
core   0: 0x8000aee6 (0xff790e23) sb      s7, -4(s2)
core   0: 3 0x8000aee6 (0xff790e23) mem 0x80010a3f 0xef
core   0: 0x8000aeea (0x00e90b03) lb      s6, 14(s2)
core   0: 3 0x8000aeea (0x00e90b03) x22 0x0000001c mem 0x80010a51
core   0: 0x8000aeee (0x00800def) jal     s11, pc + 0x8
core   0: 3 0x8000aeee (0x00800def) x27 0x8000aef2
core   0: 0x8000aef6 (0x0000bff5) c.j     pc - 4
core   0: 3 0x8000aef6 (0xbff5)
core   0: 0x8000aef2 (0x0000a019) c.j     pc + 6
core   0: 3 0x8000aef2 (0xa019)
core   0: 0x8000aef8 (0x0000a00d) c.j     pc + 34
core   0: 3 0x8000aef8 (0xa00d)
core   0: 0x8000af1a (0xfedffa6f) jal     s4, pc - 0x14
core   0: 3 0x8000af1a (0xfedffa6f) x20 0x8000af1e
core   0: 0x8000af06 (0x01e000ef) jal     pc + 0x1e
core   0: 3 0x8000af06 (0x01e000ef) x 1 0x8000af0a
core   0: 0x8000af24 (0x00003ff1) c.jal   pc - 36
core   0: 3 0x8000af24 (0x3ff1) x 1 0x8000af26
core   0: 0x8000af00 (0xffbff0ef) jal     pc - 0x6
core   0: 3 0x8000af00 (0xffbff0ef) x 1 0x8000af04
core   0: 0x8000aefa (0x03c0036f) jal     t1, pc + 0x3c
core   0: 3 0x8000aefa (0x03c0036f) x 6 0x8000aefe
core   0: 0x8000af36 (0xff7ff0ef) jal     pc - 0xa
core   0: 3 0x8000af36 (0xff7ff0ef) x 1 0x8000af3a
core   0: 0x8000af2c (0x0000bfcd) c.j     pc - 14
core   0: 3 0x8000af2c (0xbfcd)
core   0: 0x8000af1e (0x00003fdd) c.jal   pc - 10
core   0: 3 0x8000af1e (0x3fdd) x 1 0x8000af20
core   0: 0x8000af14 (0xfffff0ef) jal     pc - 0x2
core   0: 3 0x8000af14 (0xfffff0ef) x 1 0x8000af18
core   0: 0x8000af12 (0x00002819) c.jal   pc + 22
core   0: 3 0x8000af12 (0x2819) x 1 0x8000af14
core   0: 0x8000af28 (0x006000ef) jal     pc + 0x6
core   0: 3 0x8000af28 (0x006000ef) x 1 0x8000af2c
core   0: 0x8000af2e (0x004002ef) jal     t0, pc + 0x4
core   0: 3 0x8000af2e (0x004002ef) x 5 0x8000af32
core   0: 0x8000af32 (0x0000bfe1) c.j     pc - 40
core   0: 3 0x8000af32 (0xbfe1)
core   0: 0x8000af0a (0x00002009) c.jal   pc + 2
core   0: 3 0x8000af0a (0x2009) x 1 0x8000af0c
core   0: 0x8000af0c (0x0000bfcd) c.j     pc - 14
core   0: 3 0x8000af0c (0xbfcd)
core   0: 0x8000aefe (0x0000a829) c.j     pc + 26
core   0: 3 0x8000aefe (0xa829)
core   0: 0x8000af18 (0x0000bff1) c.j     pc - 36
core   0: 3 0x8000af18 (0xbff1)
core   0: 0x8000aef4 (0x0000a801) c.j     pc + 16
core   0: 3 0x8000aef4 (0xa801)
core   0: 0x8000af04 (0x00002805) c.jal   pc + 48
core   0: 3 0x8000af04 (0x2805) x 1 0x8000af06
core   0: 0x8000af34 (0x0000b7f5) c.j     pc - 20
core   0: 3 0x8000af34 (0xb7f5)
core   0: 0x8000af20 (0xfefff0ef) jal     pc - 0x12
core   0: 3 0x8000af20 (0xfefff0ef) x 1 0x8000af24
core   0: 0x8000af0e (0x018000ef) jal     pc + 0x18
core   0: 3 0x8000af0e (0x018000ef) x 1 0x8000af12
core   0: 0x8000af26 (0x00002811) c.jal   pc + 20
core   0: 3 0x8000af26 (0x2811) x 1 0x8000af28
core   0: 0x8000af3a (0x0265fbb3) remu    s7, a1, t1
core   0: 3 0x8000af3a (0x0265fbb3) x23 0x00000000
core   0: 0x8000af3e (0x0000e417) auipc   s0, 0xe
core   0: 3 0x8000af3e (0x0000e417) x 8 0x80018f3e
core   0: 0x8000af42 (0xc3740413) addi    s0, s0, -969
core   0: 3 0x8000af42 (0xc3740413) x 8 0x80018b75
core   0: 0x8000af46 (0x00005517) auipc   a0, 0x5
core   0: 3 0x8000af46 (0x00005517) x10 0x8000ff46
core   0: 0x8000af4a (0x33f50513) addi    a0, a0, 831
core   0: 3 0x8000af4a (0x33f50513) x10 0x80010285
core   0: 0x8000af4e (0x07444803) lbu     a6, 116(s0)
core   0: 3 0x8000af4e (0x07444803) x16 0x000000c1 mem 0x80018be9
core   0: 0x8000af52 (0xfcc50b83) lb      s7, -52(a0)
core   0: 3 0x8000af52 (0xfcc50b83) x23 0xffffffb6 mem 0x80010251
core   0: 0x8000af56 (0xf8940b03) lb      s6, -119(s0)
core   0: 3 0x8000af56 (0xf8940b03) x22 0xfffffff4 mem 0x80018afe
core   0: 0x8000af5a (0xf6e44c83) lbu     s9, -146(s0)
core   0: 3 0x8000af5a (0xf6e44c83) x25 0x00000078 mem 0x80018ae3
core   0: 0x8000af5e (0xfe454903) lbu     s2, -28(a0)
core   0: 3 0x8000af5e (0xfe454903) x18 0x000000c8 mem 0x80010269
core   0: 0x8000af62 (0xff040c03) lb      s8, -16(s0)
core   0: 3 0x8000af62 (0xff040c03) x24 0x00000057 mem 0x80018b65
core   0: 0x8000af66 (0xfc752803) lw      a6, -57(a0)
core   0: 3 0x8000af66 (0xfc752803) x16 0xf42f2dd2 mem 0x8001024c
core   0: 0x8000af6a (0x06d51683) lh      a3, 109(a0)
core   0: 3 0x8000af6a (0x06d51683) x13 0xffffbb7b mem 0x800102f2
core   0: 0x8000af6e (0x00752c83) lw      s9, 7(a0)
core   0: 3 0x8000af6e (0x00752c83) x25 0x46fa7684 mem 0x8001028c
core   0: 0x8000af72 (0x03844a03) lbu     s4, 56(s0)
core   0: 3 0x8000af72 (0x03844a03) x20 0x00000080 mem 0x80018bad
core   0: 0x8000af76 (0xfbb40623) sb      s11, -84(s0)
core   0: 3 0x8000af76 (0xfbb40623) mem 0x80018b21 0xf2
core   0: 0x8000af7a (0xf8f40a03) lb      s4, -113(s0)
core   0: 3 0x8000af7a (0xf8f40a03) x20 0xfffffffd mem 0x80018b04
core   0: 0x8000af7e (0x01154903) lbu     s2, 17(a0)
core   0: 3 0x8000af7e (0x01154903) x18 0x000000db mem 0x80010296
core   0: 0x8000af82 (0x02440b03) lb      s6, 36(s0)
core   0: 3 0x8000af82 (0x02440b03) x22 0x00000000 mem 0x80018b99
core   0: 0x8000af86 (0xf2155e83) lhu     t4, -223(a0)
core   0: 3 0x8000af86 (0xf2155e83) x29 0x00005485 mem 0x800101a6
core   0: 0x8000af8a (0x055415a3) sh      s5, 75(s0)
core   0: 3 0x8000af8a (0x055415a3) mem 0x80018bc0 0x5e24
core   0: 0x8000af8e (0xfe652ba3) sw      t1, -9(a0)
core   0: 3 0x8000af8e (0xfe652ba3) mem 0x8001027c 0x8000aefe
core   0: 0x8000af92 (0x05e44c83) lbu     s9, 94(s0)
core   0: 3 0x8000af92 (0x05e44c83) x25 0x00000098 mem 0x80018bd3
core   0: 0x8000af96 (0xf5954d83) lbu     s11, -167(a0)
core   0: 3 0x8000af96 (0xf5954d83) x27 0x0000004c mem 0x800101de
core   0: 0x8000af9a (0xf2b52603) lw      a2, -213(a0)
core   0: 3 0x8000af9a (0xf2b52603) x12 0x78d3b677 mem 0x800101b0
core   0: 0x8000af9e (0x00012497) auipc   s1, 0x12
core   0: 3 0x8000af9e (0x00012497) x 9 0x8001cf9e
core   0: 0x8000afa2 (0x79348493) addi    s1, s1, 1939
core   0: 3 0x8000afa2 (0x79348493) x 9 0x8001d731
core   0: 0x8000afa6 (0xff54d583) lhu     a1, -11(s1)
core   0: 3 0x8000afa6 (0xff54d583) x11 0x000091d0 mem 0x8001d726
core   0: 0x8000afaa (0x00006197) auipc   gp, 0x6
core   0: 3 0x8000afaa (0x00006197) x 3 0x80010faa
core   0: 0x8000afae (0xf4b18193) addi    gp, gp, -181
core   0: 3 0x8000afae (0xf4b18193) x 3 0x80010ef5
core   0: 0x8000afb2 (0xfff48683) lb      a3, -1(s1)
core   0: 3 0x8000afb2 (0xfff48683) x13 0xffffff91 mem 0x8001d730
core   0: 0x8000afb6 (0xf9c1ce83) lbu     t4, -100(gp)
core   0: 3 0x8000afb6 (0xf9c1ce83) x29 0x00000063 mem 0x80010e91
core   0: 0x8000afba (0x00d4c983) lbu     s3, 13(s1)
core   0: 3 0x8000afba (0x00d4c983) x19 0x00000041 mem 0x8001d73e
core   0: 0x8000afbe (0x02818b03) lb      s6, 40(gp)
core   0: 3 0x8000afbe (0x02818b03) x22 0x0000001a mem 0x80010f1d
core   0: 0x8000afc2 (0x00c4cb83) lbu     s7, 12(s1)
core   0: 3 0x8000afc2 (0x00c4cb83) x23 0x0000008c mem 0x8001d73d
core   0: 0x8000afc6 (0x01418423) sb      s4, 8(gp)
core   0: 3 0x8000afc6 (0x01418423) mem 0x80010efd 0xfd
core   0: 0x8000afca (0x0f91d603) lhu     a2, 249(gp)
core   0: 3 0x8000afca (0x0f91d603) x12 0x0000eab7 mem 0x80010fee
core   0: 0x8000afce (0xff9488a3) sb      s9, -15(s1)
core   0: 3 0x8000afce (0xff9488a3) mem 0x8001d722 0x98
core   0: 0x8000afd2 (0x01218983) lb      s3, 18(gp)
core   0: 3 0x8000afd2 (0x01218983) x19 0xffffffff mem 0x80010f07
core   0: 0x8000afd6 (0xfb318703) lb      a4, -77(gp)
core   0: 3 0x8000afd6 (0xfb318703) x14 0x0000002b mem 0x80010ea8
core   0: 0x8000afda (0x0411c903) lbu     s2, 65(gp)
core   0: 3 0x8000afda (0x0411c903) x18 0x000000ef mem 0x80010f36
core   0: 0x8000afde (0xffd4dd83) lhu     s11, -3(s1)
core   0: 3 0x8000afde (0xffd4dd83) x27 0x0000c62b mem 0x8001d72e
core   0: 0x8000afe2 (0xfea48c23) sb      a0, -8(s1)
core   0: 3 0x8000afe2 (0xfea48c23) mem 0x8001d729 0x85
core   0: 0x8000afe6 (0xffe18b83) lb      s7, -2(gp)
core   0: 3 0x8000afe6 (0xffe18b83) x23 0xffffffd1 mem 0x80010ef3
core   0: 0x8000afea (0xffe00493) li      s1, -2
core   0: 3 0x8000afea (0xffe00493) x 9 0xfffffffe
core   0: 0x8000afee (0x00fe1433) sll     s0, t3, a5
core   0: 3 0x8000afee (0x00fe1433) x 8 0x00000000
core   0: 0x8000aff2 (0x00000c8c) c.addi4spn a1, sp, 592
core   0: 3 0x8000aff2 (0x0c8c) x11 0x80010e78
core   0: 0x8000aff4 (0x00008599) c.srai  a1, 6
core   0: 3 0x8000aff4 (0x8599) x11 0xfe000439
core   0: 0x8000aff6 (0x8fd9bf37) lui     t5, 0x8fd9b
core   0: 3 0x8000aff6 (0x8fd9bf37) x30 0x8fd9b000
core   0: 0x8000affa (0x00000001) c.nop
core   0: 3 0x8000affa (0x0001)
core   0: 0x8000affc (0x00fc6233) or      tp, s8, a5
core   0: 3 0x8000affc (0x00fc6233) x 4 0x80029cf7
core   0: 0x8000b000 (0x41945b93) srai    s7, s0, 25
core   0: 3 0x8000b000 (0x41945b93) x23 0x00000000
core   0: 0x8000b004 (0x00008f6d) c.and   a4, a1
core   0: 3 0x8000b004 (0x8f6d) x14 0x00000029
core   0: 0x8000b006 (0x57f38597) auipc   a1, 0x57f38
core   0: 3 0x8000b006 (0x57f38597) x11 0xd7f43006
core   0: 0x8000b00a (0x000013fd) c.addi  t2, -1
core   0: 3 0x8000b00a (0x13fd) x 7 0x00000001
core   0: 0x8000b00c (0x04d1f513) andi    a0, gp, 77
core   0: 3 0x8000b00c (0x04d1f513) x10 0x00000045
core   0: 0x8000b010 (0x00241293) slli    t0, s0, 2
core   0: 3 0x8000b010 (0x00241293) x 5 0x00000000
core   0: 0x8000b014 (0x0006e3b3) or      t2, a3, zero
core   0: 3 0x8000b014 (0x0006e3b3) x 7 0xffffff91
core   0: 0x8000b018 (0x63120f13) addi    t5, tp, 1585
core   0: 3 0x8000b018 (0x63120f13) x30 0x8002a328
core   0: 0x8000b01c (0x00000485) c.addi  s1, 1
core   0: 3 0x8000b01c (0x0485) x 9 0xffffffff
core   0: 0x8000b01e (0x0000d4f5) c.beqz  s1, pc - 20
core   0: 3 0x8000b01e (0xd4f5)
core   0: 0x8000b020 (0x00008329) c.srli  a4, 10
core   0: 3 0x8000b020 (0x8329) x14 0x00000000
core   0: 0x8000b022 (0xfff00693) li      a3, -1
core   0: 3 0x8000b022 (0xfff00693) x13 0xffffffff
core   0: 0x8000b026 (0x000080ce) c.mv    ra, s3
core   0: 3 0x8000b026 (0x80ce) x 1 0xffffffff
core   0: 0x8000b028 (0x00000001) c.nop
core   0: 3 0x8000b028 (0x0001)
core   0: 0x8000b02a (0x00009566) c.add   a0, s9
core   0: 3 0x8000b02a (0x9566) x10 0x000000dd
core   0: 0x8000b02c (0x018231b3) sltu    gp, tp, s8
core   0: 3 0x8000b02c (0x018231b3) x 3 0x00000000
core   0: 0x8000b030 (0x00000685) c.addi  a3, 1
core   0: 3 0x8000b030 (0x0685) x13 0x00000000
core   0: 0x8000b032 (0x00008d51) c.or    a0, a2
core   0: 3 0x8000b032 (0x8d51) x10 0x0000eaff
core   0: 0x8000b034 (0x00900413) li      s0, 9
core   0: 3 0x8000b034 (0x00900413) x 8 0x00000009
core   0: 0x8000b038 (0xfef00813) li      a6, -17
core   0: 3 0x8000b038 (0xfef00813) x16 0xffffffef
core   0: 0x8000b03c (0x02634a33) div     s4, t1, t1
core   0: 3 0x8000b03c (0x02634a33) x20 0x00000001
core   0: 0x8000b040 (0x020fda33) divu    s4, t6, zero
core   0: 3 0x8000b040 (0x020fda33) x20 0xffffffff
core   0: 0x8000b044 (0x0000146d) c.addi  s0, -5
core   0: 3 0x8000b044 (0x146d) x 8 0x00000004
core   0: 0x8000b046 (0x74b5ebb7) lui     s7, 0x74b5e
core   0: 3 0x8000b046 (0x74b5ebb7) x23 0x74b5e000
core   0: 0x8000b04a (0xff0459e3) bge     s0, a6, pc - 14
core   0: 3 0x8000b04a (0xff0459e3)
core   0: 0x8000b03c (0x02634a33) div     s4, t1, t1
core   0: 3 0x8000b03c (0x02634a33) x20 0x00000001
core   0: 0x8000b040 (0x020fda33) divu    s4, t6, zero
core   0: 3 0x8000b040 (0x020fda33) x20 0xffffffff
core   0: 0x8000b044 (0x0000146d) c.addi  s0, -5
core   0: 3 0x8000b044 (0x146d) x 8 0xffffffff
core   0: 0x8000b046 (0x74b5ebb7) lui     s7, 0x74b5e
core   0: 3 0x8000b046 (0x74b5ebb7) x23 0x74b5e000
core   0: 0x8000b04a (0xff0459e3) bge     s0, a6, pc - 14
core   0: 3 0x8000b04a (0xff0459e3)
core   0: 0x8000b03c (0x02634a33) div     s4, t1, t1
core   0: 3 0x8000b03c (0x02634a33) x20 0x00000001
core   0: 0x8000b040 (0x020fda33) divu    s4, t6, zero
core   0: 3 0x8000b040 (0x020fda33) x20 0xffffffff
core   0: 0x8000b044 (0x0000146d) c.addi  s0, -5
core   0: 3 0x8000b044 (0x146d) x 8 0xfffffffa
core   0: 0x8000b046 (0x74b5ebb7) lui     s7, 0x74b5e
core   0: 3 0x8000b046 (0x74b5ebb7) x23 0x74b5e000
core   0: 0x8000b04a (0xff0459e3) bge     s0, a6, pc - 14
core   0: 3 0x8000b04a (0xff0459e3)
core   0: 0x8000b03c (0x02634a33) div     s4, t1, t1
core   0: 3 0x8000b03c (0x02634a33) x20 0x00000001
core   0: 0x8000b040 (0x020fda33) divu    s4, t6, zero
core   0: 3 0x8000b040 (0x020fda33) x20 0xffffffff
core   0: 0x8000b044 (0x0000146d) c.addi  s0, -5
core   0: 3 0x8000b044 (0x146d) x 8 0xfffffff5
core   0: 0x8000b046 (0x74b5ebb7) lui     s7, 0x74b5e
core   0: 3 0x8000b046 (0x74b5ebb7) x23 0x74b5e000
core   0: 0x8000b04a (0xff0459e3) bge     s0, a6, pc - 14
core   0: 3 0x8000b04a (0xff0459e3)
core   0: 0x8000b03c (0x02634a33) div     s4, t1, t1
core   0: 3 0x8000b03c (0x02634a33) x20 0x00000001
core   0: 0x8000b040 (0x020fda33) divu    s4, t6, zero
core   0: 3 0x8000b040 (0x020fda33) x20 0xffffffff
core   0: 0x8000b044 (0x0000146d) c.addi  s0, -5
core   0: 3 0x8000b044 (0x146d) x 8 0xfffffff0
core   0: 0x8000b046 (0x74b5ebb7) lui     s7, 0x74b5e
core   0: 3 0x8000b046 (0x74b5ebb7) x23 0x74b5e000
core   0: 0x8000b04a (0xff0459e3) bge     s0, a6, pc - 14
core   0: 3 0x8000b04a (0xff0459e3)
core   0: 0x8000b03c (0x02634a33) div     s4, t1, t1
core   0: 3 0x8000b03c (0x02634a33) x20 0x00000001
core   0: 0x8000b040 (0x020fda33) divu    s4, t6, zero
core   0: 3 0x8000b040 (0x020fda33) x20 0xffffffff
core   0: 0x8000b044 (0x0000146d) c.addi  s0, -5
core   0: 3 0x8000b044 (0x146d) x 8 0xffffffeb
core   0: 0x8000b046 (0x74b5ebb7) lui     s7, 0x74b5e
core   0: 3 0x8000b046 (0x74b5ebb7) x23 0x74b5e000
core   0: 0x8000b04a (0xff0459e3) bge     s0, a6, pc - 14
core   0: 3 0x8000b04a (0xff0459e3)
core   0: 0x8000b04e (0x02ca6533) rem     a0, s4, a2
core   0: 3 0x8000b04e (0x02ca6533) x10 0xffffffff
core   0: 0x8000b052 (0x01445213) srli    tp, s0, 20
core   0: 3 0x8000b052 (0x01445213) x 4 0x00000fff
core   0: 0x8000b056 (0x0000daf9) c.beqz  a3, pc - 42
core   0: 3 0x8000b056 (0xdaf9)
core   0: 0x8000b02c (0x018231b3) sltu    gp, tp, s8
core   0: 3 0x8000b02c (0x018231b3) x 3 0x00000000
core   0: 0x8000b030 (0x00000685) c.addi  a3, 1
core   0: 3 0x8000b030 (0x0685) x13 0x00000001
core   0: 0x8000b032 (0x00008d51) c.or    a0, a2
core   0: 3 0x8000b032 (0x8d51) x10 0xffffffff
core   0: 0x8000b034 (0x00900413) li      s0, 9
core   0: 3 0x8000b034 (0x00900413) x 8 0x00000009
core   0: 0x8000b038 (0xfef00813) li      a6, -17
core   0: 3 0x8000b038 (0xfef00813) x16 0xffffffef
core   0: 0x8000b03c (0x02634a33) div     s4, t1, t1
core   0: 3 0x8000b03c (0x02634a33) x20 0x00000001
core   0: 0x8000b040 (0x020fda33) divu    s4, t6, zero
core   0: 3 0x8000b040 (0x020fda33) x20 0xffffffff
core   0: 0x8000b044 (0x0000146d) c.addi  s0, -5
core   0: 3 0x8000b044 (0x146d) x 8 0x00000004
core   0: 0x8000b046 (0x74b5ebb7) lui     s7, 0x74b5e
core   0: 3 0x8000b046 (0x74b5ebb7) x23 0x74b5e000
core   0: 0x8000b04a (0xff0459e3) bge     s0, a6, pc - 14
core   0: 3 0x8000b04a (0xff0459e3)
core   0: 0x8000b03c (0x02634a33) div     s4, t1, t1
core   0: 3 0x8000b03c (0x02634a33) x20 0x00000001
core   0: 0x8000b040 (0x020fda33) divu    s4, t6, zero
core   0: 3 0x8000b040 (0x020fda33) x20 0xffffffff
core   0: 0x8000b044 (0x0000146d) c.addi  s0, -5
core   0: 3 0x8000b044 (0x146d) x 8 0xffffffff
core   0: 0x8000b046 (0x74b5ebb7) lui     s7, 0x74b5e
core   0: 3 0x8000b046 (0x74b5ebb7) x23 0x74b5e000
core   0: 0x8000b04a (0xff0459e3) bge     s0, a6, pc - 14
core   0: 3 0x8000b04a (0xff0459e3)
core   0: 0x8000b03c (0x02634a33) div     s4, t1, t1
core   0: 3 0x8000b03c (0x02634a33) x20 0x00000001
core   0: 0x8000b040 (0x020fda33) divu    s4, t6, zero
core   0: 3 0x8000b040 (0x020fda33) x20 0xffffffff
core   0: 0x8000b044 (0x0000146d) c.addi  s0, -5
core   0: 3 0x8000b044 (0x146d) x 8 0xfffffffa
core   0: 0x8000b046 (0x74b5ebb7) lui     s7, 0x74b5e
core   0: 3 0x8000b046 (0x74b5ebb7) x23 0x74b5e000
core   0: 0x8000b04a (0xff0459e3) bge     s0, a6, pc - 14
core   0: 3 0x8000b04a (0xff0459e3)
core   0: 0x8000b03c (0x02634a33) div     s4, t1, t1
core   0: 3 0x8000b03c (0x02634a33) x20 0x00000001
core   0: 0x8000b040 (0x020fda33) divu    s4, t6, zero
core   0: 3 0x8000b040 (0x020fda33) x20 0xffffffff
core   0: 0x8000b044 (0x0000146d) c.addi  s0, -5
core   0: 3 0x8000b044 (0x146d) x 8 0xfffffff5
core   0: 0x8000b046 (0x74b5ebb7) lui     s7, 0x74b5e
core   0: 3 0x8000b046 (0x74b5ebb7) x23 0x74b5e000
core   0: 0x8000b04a (0xff0459e3) bge     s0, a6, pc - 14
core   0: 3 0x8000b04a (0xff0459e3)
core   0: 0x8000b03c (0x02634a33) div     s4, t1, t1
core   0: 3 0x8000b03c (0x02634a33) x20 0x00000001
core   0: 0x8000b040 (0x020fda33) divu    s4, t6, zero
core   0: 3 0x8000b040 (0x020fda33) x20 0xffffffff
core   0: 0x8000b044 (0x0000146d) c.addi  s0, -5
core   0: 3 0x8000b044 (0x146d) x 8 0xfffffff0
core   0: 0x8000b046 (0x74b5ebb7) lui     s7, 0x74b5e
core   0: 3 0x8000b046 (0x74b5ebb7) x23 0x74b5e000
core   0: 0x8000b04a (0xff0459e3) bge     s0, a6, pc - 14
core   0: 3 0x8000b04a (0xff0459e3)
core   0: 0x8000b03c (0x02634a33) div     s4, t1, t1
core   0: 3 0x8000b03c (0x02634a33) x20 0x00000001
core   0: 0x8000b040 (0x020fda33) divu    s4, t6, zero
core   0: 3 0x8000b040 (0x020fda33) x20 0xffffffff
core   0: 0x8000b044 (0x0000146d) c.addi  s0, -5
core   0: 3 0x8000b044 (0x146d) x 8 0xffffffeb
core   0: 0x8000b046 (0x74b5ebb7) lui     s7, 0x74b5e
core   0: 3 0x8000b046 (0x74b5ebb7) x23 0x74b5e000
core   0: 0x8000b04a (0xff0459e3) bge     s0, a6, pc - 14
core   0: 3 0x8000b04a (0xff0459e3)
core   0: 0x8000b04e (0x02ca6533) rem     a0, s4, a2
core   0: 3 0x8000b04e (0x02ca6533) x10 0xffffffff
core   0: 0x8000b052 (0x01445213) srli    tp, s0, 20
core   0: 3 0x8000b052 (0x01445213) x 4 0x00000fff
core   0: 0x8000b056 (0x0000daf9) c.beqz  a3, pc - 42
core   0: 3 0x8000b056 (0xdaf9)
core   0: 0x8000b058 (0x84ed8137) lui     sp, 0x84ed8
core   0: 3 0x8000b058 (0x84ed8137) x 2 0x84ed8000
core   0: 0x8000b05c (0x00007197) auipc   gp, 0x7
core   0: 3 0x8000b05c (0x00007197) x 3 0x8001205c
core   0: 0x8000b060 (0xb2518193) addi    gp, gp, -1243
core   0: 3 0x8000b060 (0xb2518193) x 3 0x80011b81
core   0: 0x8000b064 (0x0289c333) div     t1, s3, s0
core   0: 3 0x8000b064 (0x0289c333) x 6 0x00000000
core   0: 0x8000b068 (0x00000001) c.nop
core   0: 3 0x8000b068 (0x0001)
core   0: 0x8000b06a (0x08f18203) lb      tp, 143(gp)
core   0: 3 0x8000b06a (0x08f18203) x 4 0xffffffbe mem 0x80011c10
core   0: 0x8000b06e (0x00008c35) c.xor   s0, a3
core   0: 3 0x8000b06e (0x8c35) x 8 0xffffffea
core   0: 0x8000b070 (0x00d22333) slt     t1, tp, a3
core   0: 3 0x8000b070 (0x00d22333) x 6 0x00000001
core   0: 0x8000b074 (0x03334233) div     tp, t1, s3
core   0: 3 0x8000b074 (0x03334233) x 4 0xffffffff
core   0: 0x8000b078 (0xf3818203) lb      tp, -200(gp)
core   0: 3 0x8000b078 (0xf3818203) x 4 0xffffffe1 mem 0x80011ab9
core   0: 0x8000b07c (0x40445433) sra     s0, s0, tp
core   0: 3 0x8000b07c (0x40445433) x 8 0xfffffff5
core   0: 0x8000b080 (0x02857233) remu    tp, a0, s0
core   0: 3 0x8000b080 (0x02857233) x 4 0x0000000a
core   0: 0x8000b084 (0x76d19ea3) sh      a3, 1917(gp)
core   0: 3 0x8000b084 (0x76d19ea3) mem 0x800122fe 0x0001
core   0: 0x8000b088 (0xe0b6b313) sltiu   t1, a3, -501
core   0: 3 0x8000b088 (0xe0b6b313) x 6 0x00000001
core   0: 0x8000b08c (0x48d18523) sb      a3, 1162(gp)
core   0: 3 0x8000b08c (0x48d18523) mem 0x8001200b 0x1
core   0: 0x8000b090 (0xa8418683) lb      a3, -1404(gp)
core   0: 3 0x8000b090 (0xa8418683) x13 0xffffffc3 mem 0x80011605
core   0: 0x8000b094 (0x004356b3) srl     a3, t1, tp
core   0: 3 0x8000b094 (0x004356b3) x13 0x00000000
core   0: 0x8000b098 (0x77018403) lb      s0, 1904(gp)
core   0: 3 0x8000b098 (0x77018403) x 8 0xffffff88 mem 0x800122f1
core   0: 0x8000b09c (0x0641c503) lbu     a0, 100(gp)
core   0: 3 0x8000b09c (0x0641c503) x10 0x000000d9 mem 0x80011be5
core   0: 0x8000b0a0 (0x00000001) c.nop
core   0: 3 0x8000b0a0 (0x0001)
core   0: 0x8000b0a2 (0x3c81c983) lbu     s3, 968(gp)
core   0: 3 0x8000b0a2 (0x3c81c983) x19 0x0000005a mem 0x80011f49
core   0: 0x8000b0a6 (0x0086c9b3) xor     s3, a3, s0
core   0: 3 0x8000b0a6 (0x0086c9b3) x19 0xffffff88
core   0: 0x8000b0aa (0x406689b3) sub     s3, a3, t1
core   0: 3 0x8000b0aa (0x406689b3) x19 0xffffffff
core   0: 0x8000b0ae (0x6d41c403) lbu     s0, 1748(gp)
core   0: 3 0x8000b0ae (0x6d41c403) x 8 0x00000018 mem 0x80012255
core   0: 0x8000b0b2 (0x00008aa9) c.andi  a3, 10
core   0: 3 0x8000b0b2 (0x8aa9) x13 0x00000000
core   0: 0x8000b0b4 (0x02469533) mulh    a0, a3, tp
core   0: 3 0x8000b0b4 (0x02469533) x10 0x00000000
core   0: 0x8000b0b8 (0x000086f1) c.srai  a3, 28
core   0: 3 0x8000b0b8 (0x86f1) x13 0x00000000
core   0: 0x8000b0ba (0x09218983) lb      s3, 146(gp)
core   0: 3 0x8000b0ba (0x09218983) x19 0xffffffcb mem 0x80011c13
core   0: 0x8000b0be (0x6b318c23) sb      s3, 1720(gp)
core   0: 3 0x8000b0be (0x6b318c23) mem 0x80012239 0xcb
core   0: 0x8000b0c2 (0x0339e333) rem     t1, s3, s3
core   0: 3 0x8000b0c2 (0x0339e333) x 6 0x00000000
core   0: 0x8000b0c6 (0x80919983) lh      s3, -2039(gp)
core   0: 3 0x8000b0c6 (0x80919983) x19 0x00006859 mem 0x8001138a
core   0: 0x8000b0ca (0xff418983) lb      s3, -12(gp)
core   0: 3 0x8000b0ca (0xff418983) x19 0x0000006a mem 0x80011b75
core   0: 0x8000b0ce (0x0249c6b3) div     a3, s3, tp
core   0: 3 0x8000b0ce (0x0249c6b3) x13 0x0000000a
core   0: 0x8000b0d2 (0x8c919983) lh      s3, -1847(gp)
core   0: 3 0x8000b0d2 (0x8c919983) x19 0xffffd6a4 mem 0x8001144a
core   0: 0x8000b0d6 (0x02630533) mul     a0, t1, t1
core   0: 3 0x8000b0d6 (0x02630533) x10 0x00000000
core   0: 0x8000b0da (0x6a61a3a3) sw      t1, 1703(gp)
core   0: 3 0x8000b0da (0x6a61a3a3) mem 0x80012228 0x00000000
core   0: 0x8000b0de (0x22118983) lb      s3, 545(gp)
core   0: 3 0x8000b0de (0x22118983) x19 0xffffffad mem 0x80011da2
core   0: 0x8000b0e2 (0x34e18203) lb      tp, 846(gp)
core   0: 3 0x8000b0e2 (0x34e18203) x 4 0xfffffff1 mem 0x80011ecf
core   0: 0x8000b0e6 (0x0000997d) c.andi  a0, -1
core   0: 3 0x8000b0e6 (0x997d) x10 0x00000000
core   0: 0x8000b0e8 (0xd0218503) lb      a0, -766(gp)
core   0: 3 0x8000b0e8 (0xd0218503) x10 0xffffff9e mem 0x80011883
core   0: 0x8000b0ec (0xd111c683) lbu     a3, -751(gp)
core   0: 3 0x8000b0ec (0xd111c683) x13 0x000000be mem 0x80011892
core   0: 0x8000b0f0 (0x0e719303) lh      t1, 231(gp)
core   0: 3 0x8000b0f0 (0x0e719303) x 6 0xffff9905 mem 0x80011c68
core   0: 0x8000b0f4 (0x1299e693) ori     a3, s3, 297
core   0: 3 0x8000b0f4 (0x1299e693) x13 0xffffffad
core   0: 0x8000b0f8 (0x36a1a3a3) sw      a0, 871(gp)
core   0: 3 0x8000b0f8 (0x36a1a3a3) mem 0x80011ee8 0xffffff9e
core   0: 0x8000b0fc (0x2a4182a3) sb      tp, 677(gp)
core   0: 3 0x8000b0fc (0x2a4182a3) mem 0x80011e26 0xf1
core   0: 0x8000b100 (0x02d369b3) rem     s3, t1, a3
core   0: 3 0x8000b100 (0x02d369b3) x19 0xffffffcc
core   0: 0x8000b104 (0x0339c9b3) div     s3, s3, s3
core   0: 3 0x8000b104 (0x0339c9b3) x19 0x00000001
core   0: 0x8000b108 (0x0339d6b3) divu    a3, s3, s3
core   0: 3 0x8000b108 (0x0339d6b3) x13 0x00000001
core   0: 0x8000b10c (0x8ad18e23) sb      a3, -1860(gp)
core   0: 3 0x8000b10c (0x8ad18e23) mem 0x8001143d 0x1
core   0: 0x8000b110 (0x028216b3) mulh    a3, tp, s0
core   0: 3 0x8000b110 (0x028216b3) x13 0xffffffff
core   0: 0x8000b114 (0x3ce1c303) lbu     t1, 974(gp)
core   0: 3 0x8000b114 (0x3ce1c303) x 6 0x000000ed mem 0x80011f4f
core   0: 0x8000b118 (0x70418323) sb      tp, 1798(gp)
core   0: 3 0x8000b118 (0x70418323) mem 0x80012287 0xf1
core   0: 0x8000b11c (0x00800def) jal     s11, pc + 0x8
core   0: 3 0x8000b11c (0x00800def) x27 0x8000b120
core   0: 0x8000b124 (0x02e000ef) jal     pc + 0x2e
core   0: 3 0x8000b124 (0x02e000ef) x 1 0x8000b128
core   0: 0x8000b152 (0x00003fd9) c.jal   pc - 42
core   0: 3 0x8000b152 (0x3fd9) x 1 0x8000b154
core   0: 0x8000b128 (0x01a000ef) jal     pc + 0x1a
core   0: 3 0x8000b128 (0x01a000ef) x 1 0x8000b12c
core   0: 0x8000b142 (0x00002831) c.jal   pc + 28
core   0: 3 0x8000b142 (0x2831) x 1 0x8000b144
core   0: 0x8000b15e (0x0000bfe1) c.j     pc - 40
core   0: 3 0x8000b15e (0xbfe1)
core   0: 0x8000b136 (0x0000a809) c.j     pc + 18
core   0: 3 0x8000b136 (0xa809)
core   0: 0x8000b148 (0x00002801) c.jal   pc + 16
core   0: 3 0x8000b148 (0x2801) x 1 0x8000b14a
core   0: 0x8000b158 (0x0000a009) c.j     pc + 2
core   0: 3 0x8000b158 (0xa009)
core   0: 0x8000b15a (0xffbff0ef) jal     pc - 0x6
core   0: 3 0x8000b15a (0xffbff0ef) x 1 0x8000b15e
core   0: 0x8000b154 (0x00003fdd) c.jal   pc - 10
core   0: 3 0x8000b154 (0x3fdd) x 1 0x8000b156
core   0: 0x8000b14a (0xfe9ff3ef) jal     t2, pc - 0x18
core   0: 3 0x8000b14a (0xfe9ff3ef) x 7 0x8000b14e
core   0: 0x8000b132 (0xff1ff0ef) jal     pc - 0x10
core   0: 3 0x8000b132 (0xff1ff0ef) x 1 0x8000b136
core   0: 0x8000b122 (0x00002029) c.jal   pc + 10
core   0: 3 0x8000b122 (0x2029) x 1 0x8000b124
core   0: 0x8000b12c (0x0000a829) c.j     pc + 26
core   0: 3 0x8000b12c (0xa829)
core   0: 0x8000b146 (0x00002021) c.jal   pc + 8
core   0: 3 0x8000b146 (0x2021) x 1 0x8000b148
core   0: 0x8000b14e (0x00800def) jal     s11, pc + 0x8
core   0: 3 0x8000b14e (0x00800def) x27 0x8000b152
core   0: 0x8000b156 (0x000037e9) c.jal   pc - 54
core   0: 3 0x8000b156 (0x37e9) x 1 0x8000b158
core   0: 0x8000b120 (0x0000a839) c.j     pc + 30
core   0: 3 0x8000b120 (0xa839)
core   0: 0x8000b13e (0xfffff0ef) jal     pc - 0x2
core   0: 3 0x8000b13e (0xfffff0ef) x 1 0x8000b142
core   0: 0x8000b13c (0x0000a015) c.j     pc + 36
core   0: 3 0x8000b13c (0xa015)
core   0: 0x8000b160 (0xfd9ff76f) jal     a4, pc - 0x28
core   0: 3 0x8000b160 (0xfd9ff76f) x14 0x8000b164
core   0: 0x8000b138 (0x00c0036f) jal     t1, pc + 0xc
core   0: 3 0x8000b138 (0x00c0036f) x 6 0x8000b13c
core   0: 0x8000b144 (0x000037f5) c.jal   pc - 20
core   0: 3 0x8000b144 (0x37f5) x 1 0x8000b146
core   0: 0x8000b130 (0x0000bffd) c.j     pc - 2
core   0: 3 0x8000b130 (0xbffd)
core   0: 0x8000b12e (0x0000281d) c.jal   pc + 54
core   0: 3 0x8000b12e (0x281d) x 1 0x8000b130
core   0: 0x8000b164 (0x00000001) c.nop
core   0: 3 0x8000b164 (0x0001)
core   0: 0x8000b166 (0x0000d117) auipc   sp, 0xd
core   0: 3 0x8000b166 (0x0000d117) x 2 0x80018166
core   0: 0x8000b16a (0x9e710113) addi    sp, sp, -1561
core   0: 3 0x8000b16a (0x9e710113) x 2 0x80017b4d
core   0: 0x8000b16e (0xfd7116a3) sh      s7, -51(sp)
core   0: 3 0x8000b16e (0xfd7116a3) mem 0x80017b1a 0xe000
core   0: 0x8000b172 (0xfcd10d03) lb      s10, -51(sp)
core   0: 3 0x8000b172 (0xfcd10d03) x26 0x00000000 mem 0x80017b1a
core   0: 0x8000b176 (0x0ff0000f) fence   iorw,iorw
core   0: 3 0x8000b176 (0x0ff0000f)
core   0: 0x8000b17a (0x00008c8d) c.sub   s1, a1
core   0: 3 0x8000b17a (0x8c8d) x 9 0x280bcff9
core   0: 0x8000b17c (0xfcd11b03) lh      s6, -51(sp)
core   0: 3 0x8000b17c (0xfcd11b03) x22 0xffffe000 mem 0x80017b1a
core   0: 0x8000b180 (0xfcd11903) lh      s2, -51(sp)
core   0: 3 0x8000b180 (0xfcd11903) x18 0xffffe000 mem 0x80017b1a
core   0: 0x8000b184 (0xfcd14903) lbu     s2, -51(sp)
core   0: 3 0x8000b184 (0xfcd14903) x18 0x00000000 mem 0x80017b1a
core   0: 0x8000b188 (0xfcd15903) lhu     s2, -51(sp)
core   0: 3 0x8000b188 (0xfcd15903) x18 0x0000e000 mem 0x80017b1a
core   0: 0x8000b18c (0xfcd14f03) lbu     t5, -51(sp)
core   0: 3 0x8000b18c (0xfcd14f03) x30 0x00000000 mem 0x80017b1a
core   0: 0x8000b190 (0xfc114703) lbu     a4, -63(sp)
core   0: 3 0x8000b190 (0xfc114703) x14 0x0000001b mem 0x80017b0e
core   0: 0x8000b194 (0xfc115c03) lhu     s8, -63(sp)
core   0: 3 0x8000b194 (0xfc115c03) x24 0x0000161b mem 0x80017b0e
core   0: 0x8000b198 (0x01bd1193) slli    gp, s10, 27
core   0: 3 0x8000b198 (0x01bd1193) x 3 0x00000000
core   0: 0x8000b19c (0x00914b03) lbu     s6, 9(sp)
core   0: 3 0x8000b19c (0x00914b03) x22 0x0000009c mem 0x80017b56
core   0: 0x8000b1a0 (0x00e11da3) sh      a4, 27(sp)
core   0: 3 0x8000b1a0 (0x00e11da3) mem 0x80017b68 0x001b
core   0: 0x8000b1a4 (0x01f11da3) sh      t6, 27(sp)
core   0: 3 0x8000b1a4 (0x01f11da3) mem 0x80017b68 0x00be
core   0: 0x8000b1a8 (0x01b10983) lb      s3, 27(sp)
core   0: 3 0x8000b1a8 (0x01b10983) x19 0xffffffbe mem 0x80017b68
core   0: 0x8000b1ac (0x00111da3) sh      ra, 27(sp)
core   0: 3 0x8000b1ac (0x00111da3) mem 0x80017b68 0xb130
core   0: 0x8000b1b0 (0x00e88333) add     t1, a7, a4
core   0: 3 0x8000b1b0 (0x00e88333) x 6 0x0000001b
core   0: 0x8000b1b4 (0x01612da3) sw      s6, 27(sp)
core   0: 3 0x8000b1b4 (0x01612da3) mem 0x80017b68 0x0000009c
core   0: 0x8000b1b8 (0x01711da3) sh      s7, 27(sp)
core   0: 3 0x8000b1b8 (0x01711da3) mem 0x80017b68 0xe000
core   0: 0x8000b1bc (0x00014417) auipc   s0, 0x14
core   0: 3 0x8000b1bc (0x00014417) x 8 0x8001f1bc
core   0: 0x8000b1c0 (0x6ec40413) addi    s0, s0, 1772
core   0: 3 0x8000b1c0 (0x6ec40413) x 8 0x8001f8a8
core   0: 0x8000b1c4 (0xff344b03) lbu     s6, -13(s0)
core   0: 3 0x8000b1c4 (0xff344b03) x22 0x00000033 mem 0x8001f89b
core   0: 0x8000b1c8 (0x000081e9) c.srli  a1, 26
core   0: 3 0x8000b1c8 (0x81e9) x11 0x00000035
core   0: 0x8000b1ca (0x01d404a3) sb      t4, 9(s0)
core   0: 3 0x8000b1ca (0x01d404a3) mem 0x8001f8b1 0x63
core   0: 0x8000b1ce (0x00004044) c.lw    s1, 4(s0)
core   0: 3 0x8000b1ce (0x4044) x 9 0xa65cd7f9 mem 0x8001f8ac
core   0: 0x8000b1d0 (0x01540123) sb      s5, 2(s0)
core   0: 3 0x8000b1d0 (0x01540123) mem 0x8001f8aa 0x24
core   0: 0x8000b1d4 (0x00e406a3) sb      a4, 13(s0)
core   0: 3 0x8000b1d4 (0x00e406a3) mem 0x8001f8b5 0x1b
core   0: 0x8000b1d8 (0x01441123) sh      s4, 2(s0)
core   0: 3 0x8000b1d8 (0x01441123) mem 0x8001f8aa 0xffff
core   0: 0x8000b1dc (0x0000958a) c.add   a1, sp
core   0: 3 0x8000b1dc (0x958a) x11 0x80017b82
core   0: 0x8000b1de (0x00b44b03) lbu     s6, 11(s0)
core   0: 3 0x8000b1de (0x00b44b03) x22 0x000000fd mem 0x8001f8b3
core   0: 0x8000b1e2 (0x00d44203) lbu     tp, 13(s0)
core   0: 3 0x8000b1e2 (0x00d44203) x 4 0x0000001b mem 0x8001f8b5
core   0: 0x8000b1e6 (0x00cf4633) xor     a2, t5, a2
core   0: 3 0x8000b1e6 (0x00cf4633) x12 0x0000eab7
core   0: 0x8000b1ea (0x00000001) c.nop
core   0: 3 0x8000b1ea (0x0001)
core   0: 0x8000b1ec (0x01e9ac33) slt     s8, s3, t5
core   0: 3 0x8000b1ec (0x01e9ac33) x24 0x00000001
core   0: 0x8000b1f0 (0xffb40a03) lb      s4, -5(s0)
core   0: 3 0x8000b1f0 (0xffb40a03) x20 0xffffff9d mem 0x8001f8a3
core   0: 0x8000b1f4 (0x0375aeb3) mulhsu  t4, a1, s7
core   0: 3 0x8000b1f4 (0x0375aeb3) x29 0xc5a5bd04
core   0: 0x8000b1f8 (0x00000001) c.nop
core   0: 3 0x8000b1f8 (0x0001)
core   0: 0x8000b1fa (0x021025b3) mulhsu  a1, zero, ra
core   0: 3 0x8000b1fa (0x021025b3) x11 0x00000000
core   0: 0x8000b1fe (0x00442903) lw      s2, 4(s0)
core   0: 3 0x8000b1fe (0x00442903) x18 0xa65cd7f9 mem 0x8001f8ac
core   0: 0x8000b202 (0x000088f9) c.andi  s1, 30
core   0: 3 0x8000b202 (0x88f9) x 9 0x00000018
core   0: 0x8000b204 (0x00008c2a) c.mv    s8, a0
core   0: 3 0x8000b204 (0x8c2a) x24 0xffffff9e
core   0: 0x8000b206 (0x0000869d) c.srai  a3, 7
core   0: 3 0x8000b206 (0x869d) x13 0xffffffff
core   0: 0x8000b208 (0xff9408a3) sb      s9, -15(s0)
core   0: 3 0x8000b208 (0xff9408a3) mem 0x8001f899 0x98
core   0: 0x8000b20c (0x02a6e6b3) rem     a3, a3, a0
core   0: 3 0x8000b20c (0x02a6e6b3) x13 0xffffffff
core   0: 0x8000b210 (0x00899613) slli    a2, s3, 8
core   0: 3 0x8000b210 (0x00899613) x12 0xffffbe00
core   0: 0x8000b214 (0x00c403a3) sb      a2, 7(s0)
core   0: 3 0x8000b214 (0x00c403a3) mem 0x8001f8af 0x0
core   0: 0x8000b218 (0xff640083) lb      ra, -10(s0)
core   0: 3 0x8000b218 (0xff640083) x 1 0xfffffff0 mem 0x8001f89e
core   0: 0x8000b21c (0x03a706b3) mul     a3, a4, s10
core   0: 3 0x8000b21c (0x03a706b3) x13 0x00000000
core   0: 0x8000b220 (0x000085e1) c.srai  a1, 24
core   0: 3 0x8000b220 (0x85e1) x11 0x00000000
core   0: 0x8000b222 (0xff340203) lb      tp, -13(s0)
core   0: 3 0x8000b222 (0xff340203) x 4 0x00000033 mem 0x8001f89b
core   0: 0x8000b226 (0x00740b83) lb      s7, 7(s0)
core   0: 3 0x8000b226 (0x00740b83) x23 0x00000000 mem 0x8001f8af
core   0: 0x8000b22a (0xff644b83) lbu     s7, -10(s0)
core   0: 3 0x8000b22a (0xff644b83) x23 0x000000f0 mem 0x8001f89e
core   0: 0x8000b22e (0x011adb93) srli    s7, s5, 17
core   0: 3 0x8000b22e (0x011adb93) x23 0x00004001
core   0: 0x8000b232 (0xff042583) lw      a1, -16(s0)
core   0: 3 0x8000b232 (0xff042583) x11 0x33cb9850 mem 0x8001f898
core   0: 0x8000b236 (0xffe44c03) lbu     s8, -2(s0)
core   0: 3 0x8000b236 (0xffe44c03) x24 0x0000007d mem 0x8001f8a6
core   0: 0x8000b23a (0x0000137d) c.addi  t1, -1
core   0: 3 0x8000b23a (0x137d) x 6 0x0000001a
core   0: 0x8000b23c (0xe56dc1b7) lui     gp, 0xe56dc
core   0: 3 0x8000b23c (0xe56dc1b7) x 3 0xe56dc000
core   0: 0x8000b240 (0x00e45383) lhu     t2, 14(s0)
core   0: 3 0x8000b240 (0x00e45383) x 7 0x000075d9 mem 0x8001f8b6
core   0: 0x8000b244 (0x031fb933) mulhu   s2, t6, a7
core   0: 3 0x8000b244 (0x031fb933) x18 0x00000000
core   0: 0x8000b248 (0xfe642c23) sw      t1, -8(s0)
core   0: 3 0x8000b248 (0xfe642c23) mem 0x8001f8a0 0x0000001a
core   0: 0x8000b24c (0xfff44603) lbu     a2, -1(s0)
core   0: 3 0x8000b24c (0xfff44603) x12 0x000000f2 mem 0x8001f8a7
core   0: 0x8000b250 (0x00008e3d) c.xor   a2, a5
core   0: 3 0x8000b250 (0x8e3d) x12 0x80029c16
core   0: 0x8000b252 (0x0123eb33) or      s6, t2, s2
core   0: 3 0x8000b252 (0x0123eb33) x22 0x000075d9
core   0: 0x8000b256 (0xb039ca13) xori    s4, s3, -1277
core   0: 3 0x8000b256 (0xb039ca13) x20 0x000004bd
core   0: 0x8000b25a (0x00544f83) lbu     t6, 5(s0)
core   0: 3 0x8000b25a (0x00544f83) x31 0x000000d7 mem 0x8001f8ad
core   0: 0x8000b25e (0x0000c01c) c.sw    a5, 0(s0)
core   0: 3 0x8000b25e (0xc01c) mem 0x8001f8a8 0x80029ce4
core   0: 0x8000b260 (0xff944d03) lbu     s10, -7(s0)
core   0: 3 0x8000b260 (0xff944d03) x26 0x00000000 mem 0x8001f8a1
core   0: 0x8000b264 (0xff140aa3) sb      a7, -11(s0)
core   0: 3 0x8000b264 (0xff140aa3) mem 0x8001f89d 0x0
core   0: 0x8000b268 (0x03bb6f33) rem     t5, s6, s11
core   0: 3 0x8000b268 (0x03bb6f33) x30 0x000075d9
core   0: 0x8000b26c (0xffb44603) lbu     a2, -5(s0)
core   0: 3 0x8000b26c (0xffb44603) x12 0x00000000 mem 0x8001f8a3
core   0: 0x8000b270 (0xff9409a3) sb      s9, -13(s0)
core   0: 3 0x8000b270 (0xff9409a3) mem 0x8001f89b 0x98
core   0: 0x8000b274 (0xffd44e83) lbu     t4, -3(s0)
core   0: 3 0x8000b274 (0xffd44e83) x29 0x000000b7 mem 0x8001f8a5
core   0: 0x8000b278 (0xff845083) lhu     ra, -8(s0)
core   0: 3 0x8000b278 (0xff845083) x 1 0x0000001a mem 0x8001f8a0
core   0: 0x8000b27c (0x00005297) auipc   t0, 0x5
core   0: 3 0x8000b27c (0x00005297) x 5 0x8001027c
core   0: 0x8000b280 (0x0ad28293) addi    t0, t0, 173
core   0: 3 0x8000b280 (0x0ad28293) x 5 0x80010329
core   0: 0x8000b284 (0x0242cd03) lbu     s10, 36(t0)
core   0: 3 0x8000b284 (0x0242cd03) x26 0x00000099 mem 0x8001034d
core   0: 0x8000b288 (0x02428403) lb      s0, 36(t0)
core   0: 3 0x8000b288 (0x02428403) x 8 0xffffff99 mem 0x8001034d
core   0: 0x8000b28c (0x03e28223) sb      t5, 36(t0)
core   0: 3 0x8000b28c (0x03e28223) mem 0x8001034d 0xd9
core   0: 0x8000b290 (0x02428c03) lb      s8, 36(t0)
core   0: 3 0x8000b290 (0x02428c03) x24 0xffffffd9 mem 0x8001034d
core   0: 0x8000b294 (0x02628223) sb      t1, 36(t0)
core   0: 3 0x8000b294 (0x02628223) mem 0x8001034d 0x1a
core   0: 0x8000b298 (0x02428f03) lb      t5, 36(t0)
core   0: 3 0x8000b298 (0x02428f03) x30 0x0000001a mem 0x8001034d
core   0: 0x8000b29c (0x0242c683) lbu     a3, 36(t0)
core   0: 3 0x8000b29c (0x0242c683) x13 0x0000001a mem 0x8001034d
core   0: 0x8000b2a0 (0x02428083) lb      ra, 36(t0)
core   0: 3 0x8000b2a0 (0x02428083) x 1 0x0000001a mem 0x8001034d
core   0: 0x8000b2a4 (0x02428583) lb      a1, 36(t0)
core   0: 3 0x8000b2a4 (0x02428583) x11 0x0000001a mem 0x8001034d
core   0: 0x8000b2a8 (0x0242c703) lbu     a4, 36(t0)
core   0: 3 0x8000b2a8 (0x0242c703) x14 0x0000001a mem 0x8001034d
core   0: 0x8000b2ac (0x000091a2) c.add   gp, s0
core   0: 3 0x8000b2ac (0x91a2) x 3 0xe56dbf99
core   0: 0x8000b2ae (0x0332a003) lw      zero, 51(t0)
core   0: 3 0x8000b2ae (0x0332a003) mem 0x8001035c
core   0: 0x8000b2b2 (0x0332d083) lhu     ra, 51(t0)
core   0: 3 0x8000b2b2 (0x0332d083) x 1 0x00007f65 mem 0x8001035c
core   0: 0x8000b2b6 (0x0332a403) lw      s0, 51(t0)
core   0: 3 0x8000b2b6 (0x0332a403) x 8 0xf5dc7f65 mem 0x8001035c
core   0: 0x8000b2ba (0x029299a3) sh      s1, 51(t0)
core   0: 3 0x8000b2ba (0x029299a3) mem 0x8001035c 0x0018
core   0: 0x8000b2be (0x00005117) auipc   sp, 0x5
core   0: 3 0x8000b2be (0x00005117) x 2 0x800102be
core   0: 0x8000b2c2 (0x1b410113) addi    sp, sp, 436
core   0: 3 0x8000b2c2 (0x1b410113) x 2 0x80010472
core   0: 0x8000b2c6 (0x00008ee5) c.and   a3, s1
core   0: 3 0x8000b2c6 (0x8ee5) x13 0x00000018
core   0: 0x8000b2c8 (0x00008c45) c.or    s0, s1
core   0: 3 0x8000b2c8 (0x8c45) x 8 0xf5dc7f7d
core   0: 0x8000b2ca (0x01b14483) lbu     s1, 27(sp)
core   0: 3 0x8000b2ca (0x01b14483) x 9 0x00000014 mem 0x8001048d
core   0: 0x8000b2ce (0xfe614e83) lbu     t4, -26(sp)
core   0: 3 0x8000b2ce (0xfe614e83) x29 0x000000af mem 0x80010458
core   0: 0x8000b2d2 (0x0284c233) div     tp, s1, s0
core   0: 3 0x8000b2d2 (0x0284c233) x 4 0x00000000
core   0: 0x8000b2d6 (0x00008ec5) c.or    a3, s1
core   0: 3 0x8000b2d6 (0x8ec5) x13 0x0000001c
core   0: 0x8000b2d8 (0x4a56b413) sltiu   s0, a3, 1189
core   0: 3 0x8000b2d8 (0x4a56b413) x 8 0x00000001
core   0: 0x8000b2dc (0xfcd14e83) lbu     t4, -51(sp)
core   0: 3 0x8000b2dc (0xfcd14e83) x29 0x000000dd mem 0x8001043f
core   0: 0x8000b2e0 (0x40968433) sub     s0, a3, s1
core   0: 3 0x8000b2e0 (0x40968433) x 8 0x00000008
core   0: 0x8000b2e4 (0x00008ce1) c.and   s1, s0
core   0: 3 0x8000b2e4 (0x8ce1) x 9 0x00000000
core   0: 0x8000b2e6 (0x0074d413) srli    s0, s1, 7
core   0: 3 0x8000b2e6 (0x0074d413) x 8 0x00000000
core   0: 0x8000b2ea (0x000096b6) c.add   a3, a3
core   0: 3 0x8000b2ea (0x96b6) x13 0x00000038
core   0: 0x8000b2ec (0xa8e46493) ori     s1, s0, -1394
core   0: 3 0x8000b2ec (0xa8e46493) x 9 0xfffffa8e
core   0: 0x8000b2f0 (0x00008c21) c.xor   s0, s0
core   0: 3 0x8000b2f0 (0x8c21) x 8 0x00000000
core   0: 0x8000b2f2 (0x00008ec1) c.or    a3, s0
core   0: 3 0x8000b2f2 (0x8ec1) x13 0x00000038
core   0: 0x8000b2f4 (0x0074d433) srl     s0, s1, t2
core   0: 3 0x8000b2f4 (0x0074d433) x 8 0x0000007f
core   0: 0x8000b2f8 (0xfe714383) lbu     t2, -25(sp)
core   0: 3 0x8000b2f8 (0xfe714383) x 7 0x00000008 mem 0x80010459
core   0: 0x8000b2fc (0x0000100f) fence.i
core   0: 3 0x8000b2fc (0x0000100f)
core   0: 0x8000b300 (0xfc010e83) lb      t4, -64(sp)
core   0: 3 0x8000b300 (0xfc010e83) x29 0xffffffcf mem 0x80010432
core   0: 0x8000b304 (0x00810423) sb      s0, 8(sp)
core   0: 3 0x8000b304 (0x00810423) mem 0x8001047a 0x7f
core   0: 0x8000b308 (0xfef10383) lb      t2, -17(sp)
core   0: 3 0x8000b308 (0xfef10383) x 7 0xffffffca mem 0x80010461
core   0: 0x8000b30c (0x03514383) lbu     t2, 53(sp)
core   0: 3 0x8000b30c (0x03514383) x 7 0x00000035 mem 0x800104a7
core   0: 0x8000b310 (0xfe212203) lw      tp, -30(sp)
core   0: 3 0x8000b310 (0xfe212203) x 4 0x0b7ecbc1 mem 0x80010454
core   0: 0x8000b314 (0x008ea3b3) slt     t2, t4, s0
core   0: 3 0x8000b314 (0x008ea3b3) x 7 0x00000001
core   0: 0x8000b318 (0x00039213) slli    tp, t2, 0
core   0: 3 0x8000b318 (0x00039213) x 4 0x00000001
core   0: 0x8000b31c (0xfcd12523) sw      a3, -54(sp)
core   0: 3 0x8000b31c (0xfcd12523) mem 0x8001043c 0x00000038
core   0: 0x8000b320 (0x02310403) lb      s0, 35(sp)
core   0: 3 0x8000b320 (0x02310403) x 8 0x00000014 mem 0x80010495
core   0: 0x8000b324 (0x00008cc5) c.or    s1, s1
core   0: 3 0x8000b324 (0x8cc5) x 9 0xfffffa8e
core   0: 0x8000b326 (0x02914383) lbu     t2, 41(sp)
core   0: 3 0x8000b326 (0x02914383) x 7 0x0000006f mem 0x8001049b
core   0: 0x8000b32a (0x00000001) c.nop
core   0: 3 0x8000b32a (0x0001)
core   0: 0x8000b32c (0x00d10da3) sb      a3, 27(sp)
core   0: 3 0x8000b32c (0x00d10da3) mem 0x8001048d 0x38
core   0: 0x8000b330 (0x01a10383) lb      t2, 26(sp)
core   0: 3 0x8000b330 (0x01a10383) x 7 0x0000005f mem 0x8001048c
core   0: 0x8000b334 (0x3a84c213) xori    tp, s1, 936
core   0: 3 0x8000b334 (0x3a84c213) x 4 0xfffff926
core   0: 0x8000b338 (0x9654f693) andi    a3, s1, -1691
core   0: 3 0x8000b338 (0x9654f693) x13 0xfffff804
core   0: 0x8000b33c (0x04010e83) lb      t4, 64(sp)
core   0: 3 0x8000b33c (0x04010e83) x29 0x0000000d mem 0x800104b2
core   0: 0x8000b340 (0xfcd11223) sh      a3, -60(sp)
core   0: 3 0x8000b340 (0xfcd11223) mem 0x80010436 0xf804
core   0: 0x8000b344 (0x0000426d) c.li    tp, 27
core   0: 3 0x8000b344 (0x426d) x 4 0x0000001b
core   0: 0x8000b346 (0x00008476) c.mv    s0, t4
core   0: 3 0x8000b346 (0x8476) x 8 0x0000000d
core   0: 0x8000b348 (0x102523b7) lui     t2, 0x10252
core   0: 3 0x8000b348 (0x102523b7) x 7 0x10252000
core   0: 0x8000b34c (0x407e8433) sub     s0, t4, t2
core   0: 3 0x8000b34c (0x407e8433) x 8 0xefdae00d
core   0: 0x8000b350 (0xfc815e83) lhu     t4, -56(sp)
core   0: 3 0x8000b350 (0xfc815e83) x29 0x00006ee6 mem 0x8001043a
core   0: 0x8000b354 (0x0000847d) c.srai  s0, 31
core   0: 3 0x8000b354 (0x847d) x 8 0xffffffff
core   0: 0x8000b356 (0xfe015403) lhu     s0, -32(sp)
core   0: 3 0x8000b356 (0xfe015403) x 8 0x0000b23e mem 0x80010452
core   0: 0x8000b35a (0x00008276) c.mv    tp, t4
core   0: 3 0x8000b35a (0x8276) x 4 0x00006ee6
core   0: 0x8000b35c (0x00d21e93) slli    t4, tp, 13
core   0: 3 0x8000b35c (0x00d21e93) x29 0x0ddcc000
core   0: 0x8000b360 (0x02810203) lb      tp, 40(sp)
core   0: 3 0x8000b360 (0x02810203) x 4 0x0000001f mem 0x8001049a
core   0: 0x8000b364 (0x00c15203) lhu     tp, 12(sp)
core   0: 3 0x8000b364 (0x00c15203) x 4 0x00003b9c mem 0x8001047e
core   0: 0x8000b368 (0x00400def) jal     s11, pc + 0x4
core   0: 3 0x8000b368 (0x00400def) x27 0x8000b36c
core   0: 0x8000b36c (0x0000a811) c.j     pc + 20
core   0: 3 0x8000b36c (0xa811)
core   0: 0x8000b380 (0x00003fed) c.jal   pc - 6
core   0: 3 0x8000b380 (0x3fed) x 1 0x8000b382
core   0: 0x8000b37a (0x0000a821) c.j     pc + 24
core   0: 3 0x8000b37a (0xa821)
core   0: 0x8000b392 (0xfffff0ef) jal     pc - 0x2
core   0: 3 0x8000b392 (0xfffff0ef) x 1 0x8000b396
core   0: 0x8000b390 (0x0000bfcd) c.j     pc - 14
core   0: 3 0x8000b390 (0xbfcd)
core   0: 0x8000b382 (0x0000bfd5) c.j     pc - 12
core   0: 3 0x8000b382 (0xbfd5)
core   0: 0x8000b376 (0x0180036f) jal     t1, pc + 0x18
core   0: 3 0x8000b376 (0x0180036f) x 6 0x8000b37a
core   0: 0x8000b38e (0x000037c5) c.jal   pc - 32
core   0: 3 0x8000b38e (0x37c5) x 1 0x8000b390
core   0: 0x8000b36e (0x02c0036f) jal     t1, pc + 0x2c
core   0: 3 0x8000b36e (0x02c0036f) x 6 0x8000b372
core   0: 0x8000b39a (0x0000bff5) c.j     pc - 4
core   0: 3 0x8000b39a (0xbff5)
core   0: 0x8000b396 (0x0000b7dd) c.j     pc - 26
core   0: 3 0x8000b396 (0xb7dd)
core   0: 0x8000b37c (0x00e000ef) jal     pc + 0xe
core   0: 3 0x8000b37c (0x00e000ef) x 1 0x8000b380
core   0: 0x8000b38a (0x01200b6f) jal     s6, pc + 0x12
core   0: 3 0x8000b38a (0x01200b6f) x22 0x8000b38e
core   0: 0x8000b39c (0xfd7ffeef) jal     t4, pc - 0x2a
core   0: 3 0x8000b39c (0xfd7ffeef) x29 0x8000b3a0
core   0: 0x8000b372 (0x016000ef) jal     pc + 0x16
core   0: 3 0x8000b372 (0x016000ef) x 1 0x8000b376
core   0: 0x8000b388 (0x0000a801) c.j     pc + 16
core   0: 3 0x8000b388 (0xa801)
core   0: 0x8000b398 (0x000037f5) c.jal   pc - 20
core   0: 3 0x8000b398 (0x37f5) x 1 0x8000b39a
core   0: 0x8000b384 (0x01c000ef) jal     pc + 0x1c
core   0: 3 0x8000b384 (0x01c000ef) x 1 0x8000b388
core   0: 0x8000b3a0 (0x40f95b33) sra     s6, s2, a5
core   0: 3 0x8000b3a0 (0x40f95b33) x22 0x00000000
core   0: 0x8000b3a4 (0x00005117) auipc   sp, 0x5
core   0: 3 0x8000b3a4 (0x00005117) x 2 0x800103a4
core   0: 0x8000b3a8 (0x2d410113) addi    sp, sp, 724
core   0: 3 0x8000b3a8 (0x2d410113) x 2 0x80010678
core   0: 0x8000b3ac (0xfde11223) sh      t5, -60(sp)
core   0: 3 0x8000b3ac (0xfde11223) mem 0x8001063c 0x001a
core   0: 0x8000b3b0 (0x0214bcb3) mulhu   s9, s1, ra
core   0: 3 0x8000b3b0 (0x0214bcb3) x25 0x8000b0ce
core   0: 0x8000b3b4 (0x0000ce46) c.swsp  a7, 28(sp)
core   0: 3 0x8000b3b4 (0xce46) mem 0x80010694 0x00000000
core   0: 0x8000b3b6 (0xfc910fa3) sb      s1, -33(sp)
core   0: 3 0x8000b3b6 (0xfc910fa3) mem 0x80010657 0x8e
core   0: 0x8000b3ba (0x012685b3) add     a1, a3, s2
core   0: 3 0x8000b3ba (0x012685b3) x11 0xfffff804
core   0: 0x8000b3be (0xffb102a3) sb      s11, -27(sp)
core   0: 3 0x8000b3be (0xffb102a3) mem 0x8001065d 0x6c
core   0: 0x8000b3c2 (0x00008751) c.srai  a4, 20
core   0: 3 0x8000b3c2 (0x8751) x14 0x00000000
core   0: 0x8000b3c4 (0x00611323) sh      t1, 6(sp)
core   0: 3 0x8000b3c4 (0x00611323) mem 0x8001067e 0xb372
core   0: 0x8000b3c8 (0x026a5533) divu    a0, s4, t1
core   0: 3 0x8000b3c8 (0x026a5533) x10 0x00000000
core   0: 0x8000b3cc (0x000069c5) c.lui   s3, 0x11
core   0: 3 0x8000b3cc (0x69c5) x19 0x00011000
core   0: 0x8000b3ce (0xc31d7693) andi    a3, s10, -975
core   0: 3 0x8000b3ce (0xc31d7693) x13 0x00000011
core   0: 0x8000b3d2 (0x0379bdb3) mulhu   s11, s3, s7
core   0: 3 0x8000b3d2 (0x0379bdb3) x27 0x00000000
core   0: 0x8000b3d6 (0xfe211e23) sh      sp, -4(sp)
core   0: 3 0x8000b3d6 (0xfe211e23) mem 0x80010674 0x0678
core   0: 0x8000b3da (0x01fa12b3) sll     t0, s4, t6
core   0: 3 0x8000b3da (0x01fa12b3) x 5 0x5e800000
core   0: 0x8000b3de (0xfd514e03) lbu     t3, -43(sp)
core   0: 3 0x8000b3de (0xfd514e03) x28 0x00000052 mem 0x8001064d
core   0: 0x8000b3e2 (0x415a5013) srai    zero, s4, 21
core   0: 3 0x8000b3e2 (0x415a5013)
core   0: 0x8000b3e6 (0xc82a3293) sltiu   t0, s4, -894
core   0: 3 0x8000b3e6 (0xc82a3293) x 5 0x00000001
core   0: 0x8000b3ea (0x02e3e1b3) rem     gp, t2, a4
core   0: 3 0x8000b3ea (0x02e3e1b3) x 3 0x10252000
core   0: 0x8000b3ee (0x02514e83) lbu     t4, 37(sp)
core   0: 3 0x8000b3ee (0x02514e83) x29 0x00000027 mem 0x8001069d
core   0: 0x8000b3f2 (0x00910703) lb      a4, 9(sp)
core   0: 3 0x8000b3f2 (0x00910703) x14 0xffffffb0 mem 0x80010681
core   0: 0x8000b3f6 (0xfee10323) sb      a4, -26(sp)
core   0: 3 0x8000b3f6 (0xfee10323) mem 0x8001065e 0xb0
core   0: 0x8000b3fa (0xff711b23) sh      s7, -10(sp)
core   0: 3 0x8000b3fa (0xff711b23) mem 0x8001066e 0x4001
core   0: 0x8000b3fe (0x262bf693) andi    a3, s7, 610
core   0: 3 0x8000b3fe (0x262bf693) x13 0x00000000
core   0: 0x8000b402 (0x03f10f03) lb      t5, 63(sp)
core   0: 3 0x8000b402 (0x03f10f03) x30 0x0000002b mem 0x800106b7
core   0: 0x8000b406 (0x000002be) c.slli  t0, 15
core   0: 3 0x8000b406 (0x02be) x 5 0x00008000
core   0: 0x8000b408 (0xe799f593) andi    a1, s3, -391
core   0: 3 0x8000b408 (0xe799f593) x11 0x00011000
core   0: 0x8000b40c (0x001b4a33) xor     s4, s6, ra
core   0: 3 0x8000b40c (0x001b4a33) x20 0x8000b388
core   0: 0x8000b410 (0xfde10023) sb      t5, -64(sp)
core   0: 3 0x8000b410 (0xfde10023) mem 0x80010638 0x2b
core   0: 0x8000b414 (0x02f10b83) lb      s7, 47(sp)
core   0: 3 0x8000b414 (0x02f10b83) x23 0x00000000 mem 0x800106a7
core   0: 0x8000b418 (0x00000001) c.nop
core   0: 3 0x8000b418 (0x0001)
core   0: 0x8000b41a (0xfc910c83) lb      s9, -55(sp)
core   0: 3 0x8000b41a (0xfc910c83) x25 0x00000000 mem 0x80010641
core   0: 0x8000b41e (0xfde12823) sw      t5, -48(sp)
core   0: 3 0x8000b41e (0xfde12823) mem 0x80010648 0x0000002b
core   0: 0x8000b422 (0x4ebafe97) auipc   t4, 0x4ebaf
core   0: 3 0x8000b422 (0x4ebafe97) x29 0xcebba422
core   0: 0x8000b426 (0x000046d2) c.lwsp  a3, 20(sp)
core   0: 3 0x8000b426 (0x46d2) x13 0x7dc0041c mem 0x8001068c
core   0: 0x8000b428 (0x02b10303) lb      t1, 43(sp)
core   0: 3 0x8000b428 (0x02b10303) x 6 0x0000003c mem 0x800106a3
core   0: 0x8000b42c (0x00019bb3) sll     s7, gp, zero
core   0: 3 0x8000b42c (0x00019bb3) x23 0x10252000
core   0: 0x8000b430 (0x00310ba3) sb      gp, 23(sp)
core   0: 3 0x8000b430 (0x00310ba3) mem 0x8001068f 0x0
core   0: 0x8000b434 (0x03e11003) lh      zero, 62(sp)
core   0: 3 0x8000b434 (0x03e11003) mem 0x800106b6
core   0: 0x8000b438 (0x00008de5) c.and   a1, s1
core   0: 3 0x8000b438 (0x8de5) x11 0x00011000
core   0: 0x8000b43a (0x416709b3) sub     s3, a4, s6
core   0: 3 0x8000b43a (0x416709b3) x19 0xffffffb0
core   0: 0x8000b43e (0x0000dc02) c.swsp  zero, 56(sp)
core   0: 3 0x8000b43e (0xdc02) mem 0x800106b0 0x00000000
core   0: 0x8000b440 (0x00ac0bb3) add     s7, s8, a0
core   0: 3 0x8000b440 (0x00ac0bb3) x23 0xffffffd9
core   0: 0x8000b444 (0x000089cd) c.andi  a1, 19
core   0: 3 0x8000b444 (0x89cd) x11 0x00000000
core   0: 0x8000b446 (0xfe112623) sw      ra, -20(sp)
core   0: 3 0x8000b446 (0xfe112623) mem 0x80010664 0x8000b388
core   0: 0x8000b44a (0x000056f2) c.lwsp  a3, 60(sp)
core   0: 3 0x8000b44a (0x56f2) x13 0x2b98c047 mem 0x800106b4
core   0: 0x8000b44c (0x00008e5d) c.or    a2, a5
core   0: 3 0x8000b44c (0x8e5d) x12 0x80029ce4
core   0: 0x8000b44e (0x02510903) lb      s2, 37(sp)
core   0: 3 0x8000b44e (0x02510903) x18 0x00000027 mem 0x8001069d
core   0: 0x8000b452 (0x00000001) c.nop
core   0: 3 0x8000b452 (0x0001)
core   0: 0x8000b454 (0x00004862) c.lwsp  a6, 24(sp)
core   0: 3 0x8000b454 (0x4862) x16 0x21ff7165 mem 0x80010690
core   0: 0x8000b456 (0x00009f97) auipc   t6, 0x9
core   0: 3 0x8000b456 (0x00009f97) x31 0x80014456
core   0: 0x8000b45a (0x36ef8f93) addi    t6, t6, 878
core   0: 3 0x8000b45a (0x36ef8f93) x31 0x800147c4
core   0: 0x8000b45e (0x00008317) auipc   t1, 0x8
core   0: 3 0x8000b45e (0x00008317) x 6 0x8001345e
core   0: 0x8000b462 (0x18b30313) addi    t1, t1, 395
core   0: 3 0x8000b462 (0x18b30313) x 6 0x800135e9
core   0: 0x8000b466 (0x00cf8c83) lb      s9, 12(t6)
core   0: 3 0x8000b466 (0x00cf8c83) x25 0xffffffec mem 0x800147d0
core   0: 0x8000b46a (0x0000c097) auipc   ra, 0xc
core   0: 3 0x8000b46a (0x0000c097) x 1 0x8001746a
core   0: 0x8000b46e (0x8d108093) addi    ra, ra, -1839
core   0: 3 0x8000b46e (0x8d108093) x 1 0x80016d3b
core   0: 0x8000b472 (0x0000d917) auipc   s2, 0xd
core   0: 3 0x8000b472 (0x0000d917) x18 0x80018472
core   0: 0x8000b476 (0x93490913) addi    s2, s2, -1740
core   0: 3 0x8000b476 (0x93490913) x18 0x80017da6
core   0: 0x8000b47a (0xf1790d83) lb      s11, -233(s2)
core   0: 3 0x8000b47a (0xf1790d83) x27 0x00000065 mem 0x80017cbd
core   0: 0x8000b47e (0xfc90cd83) lbu     s11, -55(ra)
core   0: 3 0x8000b47e (0xfc90cd83) x27 0x0000006c mem 0x80016d04
core   0: 0x8000b482 (0x08830803) lb      a6, 136(t1)
core   0: 3 0x8000b482 (0x08830803) x16 0x00000039 mem 0x80013671
core   0: 0x8000b486 (0xfedfa823) sw      a3, -16(t6)
core   0: 3 0x8000b486 (0xfedfa823) mem 0x800147b4 0x2b98c047
core   0: 0x8000b48a (0x0d50aa03) lw      s4, 213(ra)
core   0: 3 0x8000b48a (0x0d50aa03) x20 0xf7e3b70c mem 0x80016e10
core   0: 0x8000b48e (0x0ee90da3) sb      a4, 251(s2)
core   0: 3 0x8000b48e (0x0ee90da3) mem 0x80017ea1 0xb0
core   0: 0x8000b492 (0xf2708703) lb      a4, -217(ra)
core   0: 3 0x8000b492 (0xf2708703) x14 0x00000056 mem 0x80016c62
core   0: 0x8000b496 (0xf6008e23) sb      zero, -132(ra)
core   0: 3 0x8000b496 (0xf6008e23) mem 0x80016cb7 0x0
core   0: 0x8000b49a (0x0b034583) lbu     a1, 176(t1)
core   0: 3 0x8000b49a (0x0b034583) x11 0x00000091 mem 0x80013699
core   0: 0x8000b49e (0x00013297) auipc   t0, 0x13
core   0: 3 0x8000b49e (0x00013297) x 5 0x8001e49e
core   0: 0x8000b4a2 (0xfdd28293) addi    t0, t0, -35
core   0: 3 0x8000b4a2 (0xfdd28293) x 5 0x8001e47b
core   0: 0x8000b4a6 (0xffc28003) lb      zero, -4(t0)
core   0: 3 0x8000b4a6 (0xffc28003) mem 0x8001e477
core   0: 0x8000b4aa (0x0012d183) lhu     gp, 1(t0)
core   0: 3 0x8000b4aa (0x0012d183) x 3 0x00005d95 mem 0x8001e47c
core   0: 0x8000b4ae (0x0a80cc83) lbu     s9, 168(ra)
core   0: 3 0x8000b4ae (0x0a80cc83) x25 0x000000e6 mem 0x80016de3
core   0: 0x8000b4b2 (0x02208623) sb      sp, 44(ra)
core   0: 3 0x8000b4b2 (0x02208623) mem 0x80016d67 0x78
core   0: 0x8000b4b6 (0xfe328383) lb      t2, -29(t0)
core   0: 3 0x8000b4b6 (0xfe328383) x 7 0x00000017 mem 0x8001e45e
core   0: 0x8000b4ba (0x0ed90c23) sb      a3, 248(s2)
core   0: 3 0x8000b4ba (0x0ed90c23) mem 0x80017e9e 0x47
core   0: 0x8000b4be (0x00bfcc83) lbu     s9, 11(t6)
core   0: 3 0x8000b4be (0x00bfcc83) x25 0x000000d7 mem 0x800147cf
core   0: 0x8000b4c2 (0x00efc683) lbu     a3, 14(t6)
core   0: 3 0x8000b4c2 (0x00efc683) x13 0x000000c4 mem 0x800147d2
core   0: 0x8000b4c6 (0x09991e23) sh      s9, 156(s2)
core   0: 3 0x8000b4c6 (0x09991e23) mem 0x80017e42 0x00d7
core   0: 0x8000b4ca (0xf1309183) lh      gp, -237(ra)
core   0: 3 0x8000b4ca (0xf1309183) x 3 0xfffff509 mem 0x80016c4e
core   0: 0x8000b4ce (0x0f594483) lbu     s1, 245(s2)
core   0: 3 0x8000b4ce (0x0f594483) x 9 0x00000057 mem 0x80017e9b
core   0: 0x8000b4d2 (0xfde28a23) sb      t5, -44(t0)
core   0: 3 0x8000b4d2 (0xfde28a23) mem 0x8001e44f 0x2b
core   0: 0x8000b4d6 (0x08f32483) lw      s1, 143(t1)
core   0: 3 0x8000b4d6 (0x08f32483) x 9 0x6aa51319 mem 0x80013678
core   0: 0x8000b4da (0xfc6286a3) sb      t1, -51(t0)
core   0: 3 0x8000b4da (0xfc6286a3) mem 0x8001e448 0xe9
core   0: 0x8000b4de (0xf7491d83) lh      s11, -140(s2)
core   0: 3 0x8000b4de (0xf7491d83) x27 0xffffcd2c mem 0x80017d1a
core   0: 0x8000b4e2 (0x02c30c03) lb      s8, 44(t1)
core   0: 3 0x8000b4e2 (0x02c30c03) x24 0xffffff9a mem 0x80013615
core   0: 0x8000b4e6 (0xfe091f23) sh      zero, -2(s2)
core   0: 3 0x8000b4e6 (0xfe091f23) mem 0x80017da4 0x0000
core   0: 0x8000b4ea (0x0332c983) lbu     s3, 51(t0)
core   0: 3 0x8000b4ea (0x0332c983) x19 0x000000e4 mem 0x8001e4ae
core   0: 0x8000b4ee (0x0f4086a3) sb      s4, 237(ra)
core   0: 3 0x8000b4ee (0x0f4086a3) mem 0x80016e28 0xc
core   0: 0x8000b4f2 (0xff0fa703) lw      a4, -16(t6)
core   0: 3 0x8000b4f2 (0xff0fa703) x14 0x2b98c047 mem 0x800147b4
core   0: 0x8000b4f6 (0xff5fc203) lbu     tp, -11(t6)
core   0: 3 0x8000b4f6 (0xff5fc203) x 4 0x0000006b mem 0x800147b9
core   0: 0x8000b4fa (0x04594983) lbu     s3, 69(s2)
core   0: 3 0x8000b4fa (0x04594983) x19 0x0000005c mem 0x80017deb
core   0: 0x8000b4fe (0xff6f8603) lb      a2, -10(t6)
core   0: 3 0x8000b4fe (0xff6f8603) x12 0xffffffbd mem 0x800147ba
core   0: 0x8000b502 (0x02e30b23) sb      a4, 54(t1)
core   0: 3 0x8000b502 (0x02e30b23) mem 0x8001361f 0x47
core   0: 0x8000b506 (0xfc228483) lb      s1, -62(t0)
core   0: 3 0x8000b506 (0xfc228483) x 9 0xffffffbb mem 0x8001e43d
core   0: 0x8000b50a (0xfa194403) lbu     s0, -95(s2)
core   0: 3 0x8000b50a (0xfa194403) x 8 0x00000035 mem 0x80017d47
core   0: 0x8000b50e (0x03630d23) sb      s6, 58(t1)
core   0: 3 0x8000b50e (0x03630d23) mem 0x80013623 0x0
core   0: 0x8000b512 (0xf2c082a3) sb      a2, -219(ra)
core   0: 3 0x8000b512 (0xf2c082a3) mem 0x80016c60 0xbd
core   0: 0x8000b516 (0x0a234683) lbu     a3, 162(t1)
core   0: 3 0x8000b516 (0x0a234683) x13 0x000000a6 mem 0x8001368b
core   0: 0x8000b51a (0xfcb2d803) lhu     a6, -53(t0)
core   0: 3 0x8000b51a (0xfcb2d803) x16 0x00006f80 mem 0x8001e446
core   0: 0x8000b51e (0x001fc683) lbu     a3, 1(t6)
core   0: 3 0x8000b51e (0x001fc683) x13 0x00000082 mem 0x800147c5
core   0: 0x8000b522 (0x0c608403) lb      s0, 198(ra)
core   0: 3 0x8000b522 (0x0c608403) x 8 0x0000007a mem 0x80016e01
core   0: 0x8000b526 (0xf9094d83) lbu     s11, -112(s2)
core   0: 3 0x8000b526 (0xf9094d83) x27 0x00000074 mem 0x80017d36
core   0: 0x8000b52a (0x00006b17) auipc   s6, 0x6
core   0: 3 0x8000b52a (0x00006b17) x22 0x8001152a
core   0: 0x8000b52e (0xae6b0b13) addi    s6, s6, -1306
core   0: 3 0x8000b52e (0xae6b0b13) x22 0x80011010
core   0: 0x8000b532 (0xff9b4703) lbu     a4, -7(s6)
core   0: 3 0x8000b532 (0xff9b4703) x14 0x00000083 mem 0x80011009
core   0: 0x8000b536 (0x00006f97) auipc   t6, 0x6
core   0: 3 0x8000b536 (0x00006f97) x31 0x80011536
core   0: 0x8000b53a (0xa05f8f93) addi    t6, t6, -1531
core   0: 3 0x8000b53a (0xa05f8f93) x31 0x80010f3b
core   0: 0x8000b53e (0xff1b0ea3) sb      a7, -3(s6)
core   0: 3 0x8000b53e (0xff1b0ea3) mem 0x8001100d 0x0
core   0: 0x8000b542 (0x00005217) auipc   tp, 0x5
core   0: 3 0x8000b542 (0x00005217) x 4 0x80010542
core   0: 0x8000b546 (0xed620213) addi    tp, tp, -298
core   0: 3 0x8000b546 (0xed620213) x 4 0x80010418
core   0: 0x8000b54a (0xff9f8da3) sb      s9, -5(t6)
core   0: 3 0x8000b54a (0xff9f8da3) mem 0x80010f36 0xd7
core   0: 0x8000b54e (0x00005097) auipc   ra, 0x5
core   0: 3 0x8000b54e (0x00005097) x 1 0x8001054e
core   0: 0x8000b552 (0x15308093) addi    ra, ra, 339
core   0: 3 0x8000b552 (0x15308093) x 1 0x800106a1
core   0: 0x8000b556 (0xff808483) lb      s1, -8(ra)
core   0: 3 0x8000b556 (0xff808483) x 9 0xffffff8c mem 0x80010699
core   0: 0x8000b55a (0x003b0e83) lb      t4, 3(s6)
core   0: 3 0x8000b55a (0x003b0e83) x29 0x00000063 mem 0x80011013
core   0: 0x8000b55e (0x01909903) lh      s2, 25(ra)
core   0: 3 0x8000b55e (0x01909903) x18 0xffffd005 mem 0x800106ba
core   0: 0x8000b562 (0xfc608c83) lb      s9, -58(ra)
core   0: 3 0x8000b562 (0xfc608c83) x25 0xffffff80 mem 0x80010667
core   0: 0x8000b566 (0x002f8303) lb      t1, 2(t6)
core   0: 3 0x8000b566 (0x002f8303) x 6 0xffffffbd mem 0x80010f3d
core   0: 0x8000b56a (0xff6b0ba3) sb      s6, -9(s6)
core   0: 3 0x8000b56a (0xff6b0ba3) mem 0x80011007 0x10
core   0: 0x8000b56e (0x008f94a3) sh      s0, 9(t6)
core   0: 3 0x8000b56e (0x008f94a3) mem 0x80010f44 0x007a
core   0: 0x8000b572 (0xffc24b83) lbu     s7, -4(tp)
core   0: 3 0x8000b572 (0xffc24b83) x23 0x000000ec mem 0x80010414
core   0: 0x8000b576 (0x007f9e83) lh      t4, 7(t6)
core   0: 3 0x8000b576 (0x007f9e83) x29 0x000004c7 mem 0x80010f42
core   0: 0x8000b57a (0x0170dc83) lhu     s9, 23(ra)
core   0: 3 0x8000b57a (0x0170dc83) x25 0x000093eb mem 0x800106b8
core   0: 0x8000b57e (0xffa20e23) sb      s10, -4(tp)
core   0: 3 0x8000b57e (0xffa20e23) mem 0x80010414 0x99
core   0: 0x8000b582 (0xff1f8683) lb      a3, -15(t6)
core   0: 3 0x8000b582 (0xff1f8683) x13 0xffffffed mem 0x80010f2c
core   0: 0x8000b586 (0x00425583) lhu     a1, 4(tp)
core   0: 3 0x8000b586 (0x00425583) x11 0x0000d3c0 mem 0x8001041c
core   0: 0x8000b58a (0x01c08aa3) sb      t3, 21(ra)
core   0: 3 0x8000b58a (0x01c08aa3) mem 0x800106b6 0x52
core   0: 0x8000b58e (0xfe7f8c23) sb      t2, -8(t6)
core   0: 3 0x8000b58e (0xfe7f8c23) mem 0x80010f33 0x17
core   0: 0x8000b592 (0x002200a3) sb      sp, 1(tp)
core   0: 3 0x8000b592 (0x002200a3) mem 0x80010419 0x78
core   0: 0x8000b596 (0x00008383) lb      t2, 0(ra)
core   0: 3 0x8000b596 (0x00008383) x 7 0x00000026 mem 0x800106a1
core   0: 0x8000b59a (0xffcf8a23) sb      t3, -12(t6)
core   0: 3 0x8000b59a (0xffcf8a23) mem 0x80010f2f 0x52
core   0: 0x8000b59e (0x00f08a03) lb      s4, 15(ra)
core   0: 3 0x8000b59e (0x00f08a03) x20 0x00000000 mem 0x800106b0
core   0: 0x8000b5a2 (0xffeb1f03) lh      t5, -2(s6)
core   0: 3 0x8000b5a2 (0xffeb1f03) x30 0x00007b85 mem 0x8001100e
core   0: 0x8000b5a6 (0xff824d83) lbu     s11, -8(tp)
core   0: 3 0x8000b5a6 (0xff824d83) x27 0x000000bc mem 0x80010410
core   0: 0x8000b5aa (0x00bb4583) lbu     a1, 11(s6)
core   0: 3 0x8000b5aa (0x00bb4583) x11 0x000000ed mem 0x8001101b
core   0: 0x8000b5ae (0x00005997) auipc   s3, 0x5
core   0: 3 0x8000b5ae (0x00005997) x19 0x800105ae
core   0: 0x8000b5b2 (0xd1198993) addi    s3, s3, -751
core   0: 3 0x8000b5b2 (0xd1198993) x19 0x800102bf
core   0: 0x8000b5b6 (0x00d9cd03) lbu     s10, 13(s3)
core   0: 3 0x8000b5b6 (0x00d9cd03) x26 0x00000027 mem 0x800102cc
core   0: 0x8000b5ba (0x0000c597) auipc   a1, 0xc
core   0: 3 0x8000b5ba (0x0000c597) x11 0x800175ba
core   0: 0x8000b5be (0x9df58593) addi    a1, a1, -1569
core   0: 3 0x8000b5be (0x9df58593) x11 0x80016f99
core   0: 0x8000b5c2 (0xff0989a3) sb      a6, -13(s3)
core   0: 3 0x8000b5c2 (0xff0989a3) mem 0x800102b2 0x80
core   0: 0x8000b5c6 (0xffd5d503) lhu     a0, -3(a1)
core   0: 3 0x8000b5c6 (0xffd5d503) x10 0x00007820 mem 0x80016f96
core   0: 0x8000b5ca (0xffd9cd83) lbu     s11, -3(s3)
core   0: 3 0x8000b5ca (0xffd9cd83) x27 0x000000e5 mem 0x800102bc
core   0: 0x8000b5ce (0xfce58203) lb      tp, -50(a1)
core   0: 3 0x8000b5ce (0xfce58203) x 4 0xffffff86 mem 0x80016f67
core   0: 0x8000b5d2 (0x0075c303) lbu     t1, 7(a1)
core   0: 3 0x8000b5d2 (0x0075c303) x 6 0x00000019 mem 0x80016fa0
core   0: 0x8000b5d6 (0x00798323) sb      t2, 6(s3)
core   0: 3 0x8000b5d6 (0x00798323) mem 0x800102c5 0x26
core   0: 0x8000b5da (0x03b5cc83) lbu     s9, 59(a1)
core   0: 3 0x8000b5da (0x03b5cc83) x25 0x000000b4 mem 0x80016fd4
core   0: 0x8000b5de (0x01898223) sb      s8, 4(s3)
core   0: 3 0x8000b5de (0x01898223) mem 0x800102c3 0x9a
core   0: 0x8000b5e2 (0x03558423) sb      s5, 40(a1)
core   0: 3 0x8000b5e2 (0x03558423) mem 0x80016fc1 0x24
core   0: 0x8000b5e6 (0xffe9c803) lbu     a6, -2(s3)
core   0: 3 0x8000b5e6 (0xffe9c803) x16 0x00000081 mem 0x800102bd
core   0: 0x8000b5ea (0x02658e83) lb      t4, 38(a1)
core   0: 3 0x8000b5ea (0x02658e83) x29 0x00000077 mem 0x80016fbf
core   0: 0x8000b5ee (0xfcd58183) lb      gp, -51(a1)
core   0: 3 0x8000b5ee (0xfcd58183) x 3 0xffffff8c mem 0x80016f66
core   0: 0x8000b5f2 (0xff799003) lh      zero, -9(s3)
core   0: 3 0x8000b5f2 (0xff799003) mem 0x800102b6
core   0: 0x8000b5f6 (0xfcf5d383) lhu     t2, -49(a1)
core   0: 3 0x8000b5f6 (0xfcf5d383) x 7 0x00004c2f mem 0x80016f68
core   0: 0x8000b5fa (0x00c9c103) lbu     sp, 12(s3)
core   0: 3 0x8000b5fa (0x00c9c103) x 2 0x00000023 mem 0x800102cb
core   0: 0x8000b5fe (0x00005717) auipc   a4, 0x5
core   0: 3 0x8000b5fe (0x00005717) x14 0x800105fe
core   0: 0x8000b602 (0x77b70713) addi    a4, a4, 1915
core   0: 3 0x8000b602 (0x77b70713) x14 0x80010d79
core   0: 0x8000b606 (0xffc70903) lb      s2, -4(a4)
core   0: 3 0x8000b606 (0xffc70903) x18 0xffffffff mem 0x80010d75
core   0: 0x8000b60a (0xf4b72da3) sw      a1, -165(a4)
core   0: 3 0x8000b60a (0xf4b72da3) mem 0x80010cd4 0x80016f99
core   0: 0x8000b60e (0x06c718a3) sh      a2, 113(a4)
core   0: 3 0x8000b60e (0x06c718a3) mem 0x80010dea 0xffbd
core   0: 0x8000b612 (0xf9470d83) lb      s11, -108(a4)
core   0: 3 0x8000b612 (0xf9470d83) x27 0xffffff89 mem 0x80010d0d
core   0: 0x8000b616 (0xf6270403) lb      s0, -158(a4)
core   0: 3 0x8000b616 (0xf6270403) x 8 0x00000000 mem 0x80010cdb
core   0: 0x8000b61a (0x00009217) auipc   tp, 0x9
core   0: 3 0x8000b61a (0x00009217) x 4 0x8001461a
core   0: 0x8000b61e (0x21220213) addi    tp, tp, 530
core   0: 3 0x8000b61e (0x21220213) x 4 0x8001482c
core   0: 0x8000b622 (0x02024c83) lbu     s9, 32(tp)
core   0: 3 0x8000b622 (0x02024c83) x25 0x00000072 mem 0x8001484c
core   0: 0x8000b626 (0xf06723a3) sw      t1, -249(a4)
core   0: 3 0x8000b626 (0xf06723a3) mem 0x80010c80 0x00000019
core   0: 0x8000b62a (0xffd24e83) lbu     t4, -3(tp)
core   0: 3 0x8000b62a (0xffd24e83) x29 0x000000cf mem 0x80014829
core   0: 0x8000b62e (0x02c74d03) lbu     s10, 44(a4)
core   0: 3 0x8000b62e (0x02c74d03) x26 0x000000b4 mem 0x80010da5
core   0: 0x8000b632 (0xf4820c03) lb      s8, -184(tp)
core   0: 3 0x8000b632 (0xf4820c03) x24 0x00000032 mem 0x80014774
core   0: 0x8000b636 (0x0e324103) lbu     sp, 227(tp)
core   0: 3 0x8000b636 (0x0e324103) x 2 0x00000047 mem 0x8001490f
core   0: 0x8000b63a (0x0a370823) sb      gp, 176(a4)
core   0: 3 0x8000b63a (0x0a370823) mem 0x80010e29 0x8c
core   0: 0x8000b63e (0xfb7205a3) sb      s7, -85(tp)
core   0: 3 0x8000b63e (0xfb7205a3) mem 0x800147d7 0xec
core   0: 0x8000b642 (0xfb224503) lbu     a0, -78(tp)
core   0: 3 0x8000b642 (0xfb224503) x10 0x000000c6 mem 0x800147de
core   0: 0x8000b646 (0xffc70303) lb      t1, -4(a4)
core   0: 3 0x8000b646 (0xffc70303) x 6 0xffffffff mem 0x80010d75
core   0: 0x8000b64a (0xfb874283) lbu     t0, -72(a4)
core   0: 3 0x8000b64a (0xfb874283) x 5 0x00000092 mem 0x80010d31
core   0: 0x8000b64e (0x0000ae97) auipc   t4, 0xa
core   0: 3 0x8000b64e (0x0000ae97) x29 0x8001564e
core   0: 0x8000b652 (0x660e8e93) addi    t4, t4, 1632
core   0: 3 0x8000b652 (0x660e8e93) x29 0x80015cae
core   0: 0x8000b656 (0xfe8e8e23) sb      s0, -4(t4)
core   0: 3 0x8000b656 (0xfe8e8e23) mem 0x80015caa 0x0
core   0: 0x8000b65a (0x41660cb3) sub     s9, a2, s6
core   0: 3 0x8000b65a (0x41660cb3) x25 0x7ffeefad
core   0: 0x8000b65e (0xfeee85a3) sb      a4, -21(t4)
core   0: 3 0x8000b65e (0xfeee85a3) mem 0x80015c99 0x79
core   0: 0x8000b662 (0xfebe8703) lb      a4, -21(t4)
core   0: 3 0x8000b662 (0xfebe8703) x14 0x00000079 mem 0x80015c99
core   0: 0x8000b666 (0x013ecd03) lbu     s10, 19(t4)
core   0: 3 0x8000b666 (0x013ecd03) x26 0x0000005a mem 0x80015cc1
core   0: 0x8000b66a (0x02fec003) lbu     zero, 47(t4)
core   0: 3 0x8000b66a (0x02fec003) mem 0x80015cdd
core   0: 0x8000b66e (0x02ae87a3) sb      a0, 47(t4)
core   0: 3 0x8000b66e (0x02ae87a3) mem 0x80015cdd 0xc6
core   0: 0x8000b672 (0xfd0e8b23) sb      a6, -42(t4)
core   0: 3 0x8000b672 (0xfd0e8b23) mem 0x80015c84 0x81
core   0: 0x8000b676 (0x000010fd) c.addi  ra, -1
core   0: 3 0x8000b676 (0x10fd) x 1 0x800106a0
core   0: 0x8000b678 (0x00008c8d) c.sub   s1, a1
core   0: 3 0x8000b678 (0x8c8d) x 9 0x7ffe8ff3
core   0: 0x8000b67a (0xfd7eab23) sw      s7, -42(t4)
core   0: 3 0x8000b67a (0xfd7eab23) mem 0x80015c84 0x000000ec
core   0: 0x8000b67e (0xfd6ec403) lbu     s0, -42(t4)
core   0: 3 0x8000b67e (0xfd6ec403) x 8 0x000000ec mem 0x80015c84
core   0: 0x8000b682 (0xff8e88a3) sb      s8, -15(t4)
core   0: 3 0x8000b682 (0xff8e88a3) mem 0x80015c9f 0x32
core   0: 0x8000b686 (0xfd5e9623) sh      s5, -52(t4)
core   0: 3 0x8000b686 (0xfd5e9623) mem 0x80015c7a 0x5e24
core   0: 0x8000b68a (0x00ce8983) lb      s3, 12(t4)
core   0: 3 0x8000b68a (0x00ce8983) x19 0xffffff83 mem 0x80015cba
core   0: 0x8000b68e (0x00ce8303) lb      t1, 12(t4)
core   0: 3 0x8000b68e (0x00ce8303) x 6 0xffffff83 mem 0x80015cba
core   0: 0x8000b692 (0x00005c17) auipc   s8, 0x5
core   0: 3 0x8000b692 (0x00005c17) x24 0x80010692
core   0: 0x8000b696 (0x6d8c0c13) addi    s8, s8, 1752
core   0: 3 0x8000b696 (0x6d8c0c13) x24 0x80010d6a
core   0: 0x8000b69a (0x00005d17) auipc   s10, 0x5
core   0: 3 0x8000b69a (0x00005d17) x26 0x8001069a
core   0: 0x8000b69e (0x01dd0d13) addi    s10, s10, 29
core   0: 3 0x8000b69e (0x01dd0d13) x26 0x800106b7
core   0: 0x8000b6a2 (0x9ccc1803) lh      a6, -1588(s8)
core   0: 3 0x8000b6a2 (0x9ccc1803) x16 0x00000029 mem 0x80010736
core   0: 0x8000b6a6 (0xff4d0f83) lb      t6, -12(s10)
core   0: 3 0x8000b6a6 (0xff4d0f83) x31 0xfffffffe mem 0x800106ab
core   0: 0x8000b6aa (0x00005b17) auipc   s6, 0x5
core   0: 3 0x8000b6aa (0x00005b17) x22 0x800106aa
core   0: 0x8000b6ae (0x9cab0b13) addi    s6, s6, -1590
core   0: 3 0x8000b6ae (0x9cab0b13) x22 0x80010074
core   0: 0x8000b6b2 (0x0f3d1da3) sh      s3, 251(s10)
core   0: 3 0x8000b6b2 (0x0f3d1da3) mem 0x800107b2 0xff83
core   0: 0x8000b6b6 (0xff8b5f83) lhu     t6, -8(s6)
core   0: 3 0x8000b6b6 (0xff8b5f83) x31 0x00000087 mem 0x8001006c
core   0: 0x8000b6ba (0x0b8c01a3) sb      s8, 163(s8)
core   0: 3 0x8000b6ba (0x0b8c01a3) mem 0x80010e0d 0x6a
core   0: 0x8000b6be (0x9ccc5403) lhu     s0, -1588(s8)
core   0: 3 0x8000b6be (0x9ccc5403) x 8 0x00000029 mem 0x80010736
core   0: 0x8000b6c2 (0x0c6d0803) lb      a6, 198(s10)
core   0: 3 0x8000b6c2 (0x0c6d0803) x16 0x00000074 mem 0x8001077d
core   0: 0x8000b6c6 (0xffdd0b23) sb      t4, -10(s10)
core   0: 3 0x8000b6c6 (0xffdd0b23) mem 0x800106ad 0xae
core   0: 0x8000b6ca (0xdeac0083) lb      ra, -534(s8)
core   0: 3 0x8000b6ca (0xdeac0083) x 1 0x0000001c mem 0x80010b54
core   0: 0x8000b6ce (0xff9b0683) lb      a3, -7(s6)
core   0: 3 0x8000b6ce (0xff9b0683) x13 0x00000000 mem 0x8001006d
core   0: 0x8000b6d2 (0x13cc1123) sh      t3, 290(s8)
core   0: 3 0x8000b6d2 (0x13cc1123) mem 0x80010e8c 0x0052
core   0: 0x8000b6d6 (0xff9d0523) sb      s9, -22(s10)
core   0: 3 0x8000b6d6 (0xff9d0523) mem 0x800106a1 0xad
core   0: 0x8000b6da (0xf51d5f03) lhu     t5, -175(s10)
core   0: 3 0x8000b6da (0xf51d5f03) x30 0x0000feb2 mem 0x80010608
core   0: 0x8000b6de (0xff7b0fa3) sb      s7, -1(s6)
core   0: 3 0x8000b6de (0xff7b0fa3) mem 0x80010073 0xec
core   0: 0x8000b6e2 (0x008b4c83) lbu     s9, 8(s6)
core   0: 3 0x8000b6e2 (0x008b4c83) x25 0x000000e5 mem 0x8001007c
core   0: 0x8000b6e6 (0xe8dc0ba3) sb      a3, -361(s8)
core   0: 3 0x8000b6e6 (0xe8dc0ba3) mem 0x80010c01 0x0
core   0: 0x8000b6ea (0xff8b5d83) lhu     s11, -8(s6)
core   0: 3 0x8000b6ea (0xff8b5d83) x27 0x00000087 mem 0x8001006c
core   0: 0x8000b6ee (0x00006117) auipc   sp, 0x6
core   0: 3 0x8000b6ee (0x00006117) x 2 0x800116ee
core   0: 0x8000b6f2 (0x05910113) addi    sp, sp, 89
core   0: 3 0x8000b6f2 (0x05910113) x 2 0x80011747
core   0: 0x8000b6f6 (0xf55a3913) sltiu   s2, s4, -171
core   0: 3 0x8000b6f6 (0xf55a3913) x18 0x00000001
core   0: 0x8000b6fa (0x3fd10823) sb      t4, 1008(sp)
core   0: 3 0x8000b6fa (0x3fd10823) mem 0x80011b37 0xae
core   0: 0x8000b6fe (0x000088ed) c.andi  s1, 27
core   0: 3 0x8000b6fe (0x88ed) x 9 0x00000013
core   0: 0x8000b700 (0x58a52813) slti    a6, a0, 1418
core   0: 3 0x8000b700 (0x58a52813) x16 0x00000001
core   0: 0x8000b704 (0x293ff513) andi    a0, t6, 659
core   0: 3 0x8000b704 (0x293ff513) x10 0x00000083
core   0: 0x8000b708 (0xff914403) lbu     s0, -7(sp)
core   0: 3 0x8000b708 (0xff914403) x 8 0x000000d5 mem 0x80011740
core   0: 0x8000b70c (0x0000100f) fence.i
core   0: 3 0x8000b70c (0x0000100f)
core   0: 0x8000b710 (0xebd12d03) lw      s10, -323(sp)
core   0: 3 0x8000b710 (0xebd12d03) x26 0x88ebc359 mem 0x80011604
core   0: 0x8000b714 (0xdc210683) lb      a3, -574(sp)
core   0: 3 0x8000b714 (0xdc210683) x13 0x0000004e mem 0x80011509
core   0: 0x8000b718 (0x72c10c03) lb      s8, 1836(sp)
core   0: 3 0x8000b718 (0x72c10c03) x24 0xffffff94 mem 0x80011e73
core   0: 0x8000b71c (0x1e115c83) lhu     s9, 481(sp)
core   0: 3 0x8000b71c (0x1e115c83) x25 0x00000112 mem 0x80011928
core   0: 0x8000b720 (0x2cf15b83) lhu     s7, 719(sp)
core   0: 3 0x8000b720 (0x2cf15b83) x23 0x0000ac89 mem 0x80011a16
core   0: 0x8000b724 (0x34810983) lb      s3, 840(sp)
core   0: 3 0x8000b724 (0x34810983) x19 0xffffff93 mem 0x80011a8f
core   0: 0x8000b728 (0x0b8100a3) sb      s8, 161(sp)
core   0: 3 0x8000b728 (0x0b8100a3) mem 0x800117e8 0x94
core   0: 0x8000b72c (0xdd515003) lhu     zero, -555(sp)
core   0: 3 0x8000b72c (0xdd515003) mem 0x8001151c
core   0: 0x8000b730 (0xc7110003) lb      zero, -911(sp)
core   0: 3 0x8000b730 (0xc7110003) mem 0x800113b8
core   0: 0x8000b734 (0x00008ce9) c.and   s1, a0
core   0: 3 0x8000b734 (0x8ce9) x 9 0x00000003
core   0: 0x8000b736 (0x9ae107a3) sb      a4, -1617(sp)
core   0: 3 0x8000b736 (0x9ae107a3) mem 0x800110f6 0x79
core   0: 0x8000b73a (0x030140b3) div     ra, sp, a6
core   0: 3 0x8000b73a (0x030140b3) x 1 0x80011747
core   0: 0x8000b73e (0x00000a3d) c.addi  s4, 15
core   0: 3 0x8000b73e (0x0a3d) x20 0x0000000f
core   0: 0x8000b740 (0x0323d0b3) divu    ra, t2, s2
core   0: 3 0x8000b740 (0x0323d0b3) x 1 0x00004c2f
core   0: 0x8000b744 (0x68a14283) lbu     t0, 1674(sp)
core   0: 3 0x8000b744 (0x68a14283) x 5 0x0000002b mem 0x80011dd1
core   0: 0x8000b748 (0xdae14503) lbu     a0, -594(sp)
core   0: 3 0x8000b748 (0xdae14503) x10 0x0000008f mem 0x800114f5
core   0: 0x8000b74c (0x00008329) c.srli  a4, 10
core   0: 3 0x8000b74c (0x8329) x14 0x00000000
core   0: 0x8000b74e (0x64910e23) sb      s1, 1628(sp)
core   0: 3 0x8000b74e (0x64910e23) mem 0x80011da3 0x3
core   0: 0x8000b752 (0xbf910d23) sb      s9, -1030(sp)
core   0: 3 0x8000b752 (0xbf910d23) mem 0x80011341 0x12
core   0: 0x8000b756 (0x99a113a3) sh      s10, -1657(sp)
core   0: 3 0x8000b756 (0x99a113a3) mem 0x800110ce 0xc359
core   0: 0x8000b75a (0x035239b3) mulhu   s3, tp, s5
core   0: 3 0x8000b75a (0x035239b3) x19 0x4001d32b
core   0: 0x8000b75e (0x4df10203) lb      tp, 1247(sp)
core   0: 3 0x8000b75e (0x4df10203) x 4 0x0000002e mem 0x80011c26
core   0: 0x8000b762 (0x401fdd33) sra     s10, t6, ra
core   0: 3 0x8000b762 (0x401fdd33) x26 0x00000000
core   0: 0x8000b766 (0x033d7633) remu    a2, s10, s3
core   0: 3 0x8000b766 (0x033d7633) x12 0x00000000
core   0: 0x8000b76a (0x18a14d03) lbu     s10, 394(sp)
core   0: 3 0x8000b76a (0x18a14d03) x26 0x0000002d mem 0x800118d1
core   0: 0x8000b76e (0x01ea86b3) add     a3, s5, t5
core   0: 3 0x8000b76e (0x01ea86b3) x13 0x80035cd6
core   0: 0x8000b772 (0x01df9013) slli    zero, t6, 29
core   0: 3 0x8000b772 (0x01df9013)
core   0: 0x8000b776 (0x40d65213) srai    tp, a2, 13
core   0: 3 0x8000b776 (0x40d65213) x 4 0x00000000
core   0: 0x8000b77a (0x00008f7d) c.and   a4, a5
core   0: 3 0x8000b77a (0x8f7d) x14 0x00000000
core   0: 0x8000b77c (0x02010983) lb      s3, 32(sp)
core   0: 3 0x8000b77c (0x02010983) x19 0xffffffba mem 0x80011767
core   0: 0x8000b780 (0x41a289b3) sub     s3, t0, s10
core   0: 3 0x8000b780 (0x41a289b3) x19 0xfffffffe
core   0: 0x8000b784 (0xcc515683) lhu     a3, -827(sp)
core   0: 3 0x8000b784 (0xcc515683) x13 0x000052bd mem 0x8001140c
core   0: 0x8000b788 (0x41248fb3) sub     t6, s1, s2
core   0: 3 0x8000b788 (0x41248fb3) x31 0x00000002
core   0: 0x8000b78c (0xde314a03) lbu     s4, -541(sp)
core   0: 3 0x8000b78c (0xde314a03) x20 0x00000002 mem 0x8001152a
core   0: 0x8000b790 (0x4e011ea3) sh      zero, 1277(sp)
core   0: 3 0x8000b790 (0x4e011ea3) mem 0x80011c44 0x0000
core   0: 0x8000b794 (0xa1510ea3) sb      s5, -1507(sp)
core   0: 3 0x8000b794 (0xa1510ea3) mem 0x80011164 0x24
core   0: 0x8000b798 (0x00010d97) auipc   s11, 0x10
core   0: 3 0x8000b798 (0x00010d97) x27 0x8001b798
core   0: 0x8000b79c (0x046d8d93) addi    s11, s11, 70
core   0: 3 0x8000b79c (0x046d8d93) x27 0x8001b7de
core   0: 0x8000b7a0 (0x83a04337) lui     t1, 0x83a04
core   0: 3 0x8000b7a0 (0x83a04337) x 6 0x83a04000
core   0: 0x8000b7a4 (0xffdd8303) lb      t1, -3(s11)
core   0: 3 0x8000b7a4 (0xffdd8303) x 6 0x00000063 mem 0x8001b7db
core   0: 0x8000b7a8 (0x029364b3) rem     s1, t1, s1
core   0: 3 0x8000b7a8 (0x029364b3) x 9 0x00000000
core   0: 0x8000b7ac (0x038d8ca3) sb      s8, 57(s11)
core   0: 3 0x8000b7ac (0x038d8ca3) mem 0x8001b817 0x94
core   0: 0x8000b7b0 (0x000094e6) c.add   s1, s9
core   0: 3 0x8000b7b0 (0x94e6) x 9 0x00000112
core   0: 0x8000b7b2 (0x00cddb83) lhu     s7, 12(s11)
core   0: 3 0x8000b7b2 (0x00cddb83) x23 0x0000a604 mem 0x8001b7ea
core   0: 0x8000b7b6 (0x00008ced) c.and   s1, a1
core   0: 3 0x8000b7b6 (0x8ced) x 9 0x00000110
core   0: 0x8000b7b8 (0x01934333) xor     t1, t1, s9
core   0: 3 0x8000b7b8 (0x01934333) x 6 0x00000171
core   0: 0x8000b7bc (0x0374f5b3) remu    a1, s1, s7
core   0: 3 0x8000b7bc (0x0374f5b3) x11 0x00000110
core   0: 0x8000b7c0 (0xfd7d8b83) lb      s7, -41(s11)
core   0: 3 0x8000b7c0 (0xfd7d8b83) x23 0xfffffff3 mem 0x8001b7b5
core   0: 0x8000b7c4 (0x034d8b83) lb      s7, 52(s11)
core   0: 3 0x8000b7c4 (0x034d8b83) x23 0x00000067 mem 0x8001b812
core   0: 0x8000b7c8 (0x000064a9) c.lui   s1, 0xa
core   0: 3 0x8000b7c8 (0x64a9) x 9 0x0000a000
core   0: 0x8000b7ca (0x037ca333) mulhsu  t1, s9, s7
core   0: 3 0x8000b7ca (0x037ca333) x 6 0x00000000
core   0: 0x8000b7ce (0x419c0bb3) sub     s7, s8, s9
core   0: 3 0x8000b7ce (0x419c0bb3) x23 0xfffffe82
core   0: 0x8000b7d2 (0x0175dbb3) srl     s7, a1, s7
core   0: 3 0x8000b7d2 (0x0175dbb3) x23 0x00000044
core   0: 0x8000b7d6 (0xfd9d9923) sh      s9, -46(s11)
core   0: 3 0x8000b7d6 (0xfd9d9923) mem 0x8001b7b0 0x0112
core   0: 0x8000b7da (0x007d8303) lb      t1, 7(s11)
core   0: 3 0x8000b7da (0x007d8303) x 6 0xffffffc7 mem 0x8001b7e5
core   0: 0x8000b7de (0xff7d81a3) sb      s7, -29(s11)
core   0: 3 0x8000b7de (0xff7d81a3) mem 0x8001b7c1 0x44
core   0: 0x8000b7e2 (0x02ddcb83) lbu     s7, 45(s11)
core   0: 3 0x8000b7e2 (0x02ddcb83) x23 0x000000e4 mem 0x8001b80b
core   0: 0x8000b7e6 (0xfc9d87a3) sb      s1, -49(s11)
core   0: 3 0x8000b7e6 (0xfc9d87a3) mem 0x8001b7ad 0x0
core   0: 0x8000b7ea (0xfcbda723) sw      a1, -50(s11)
core   0: 3 0x8000b7ea (0xfcbda723) mem 0x8001b7ac 0x00000110
core   0: 0x8000b7ee (0xfded9b83) lh      s7, -34(s11)
core   0: 3 0x8000b7ee (0xfded9b83) x23 0xffffff90 mem 0x8001b7bc
core   0: 0x8000b7f2 (0xfc6dc303) lbu     t1, -58(s11)
core   0: 3 0x8000b7f2 (0xfc6dc303) x 6 0x000000a9 mem 0x8001b7a4
core   0: 0x8000b7f6 (0x029d8f23) sb      s1, 62(s11)
core   0: 3 0x8000b7f6 (0x029d8f23) mem 0x8001b81c 0x0
core   0: 0x8000b7fa (0x0295fbb3) remu    s7, a1, s1
core   0: 3 0x8000b7fa (0x0295fbb3) x23 0x00000110
core   0: 0x8000b7fe (0xff8da723) sw      s8, -18(s11)
core   0: 3 0x8000b7fe (0xff8da723) mem 0x8001b7cc 0xffffff94
core   0: 0x8000b802 (0x853c3313) sltiu   t1, s8, -1965
core   0: 3 0x8000b802 (0x853c3313) x 6 0x00000000
core   0: 0x8000b806 (0x009d8c83) lb      s9, 9(s11)
core   0: 3 0x8000b806 (0x009d8c83) x25 0xffffff86 mem 0x8001b7e7
core   0: 0x8000b80a (0x009d85a3) sb      s1, 11(s11)
core   0: 3 0x8000b80a (0x009d85a3) mem 0x8001b7e9 0x0
core   0: 0x8000b80e (0x002dd483) lhu     s1, 2(s11)
core   0: 3 0x8000b80e (0x002dd483) x 9 0x0000ffa6 mem 0x8001b7e0
core   0: 0x8000b812 (0xfe2dd583) lhu     a1, -30(s11)
core   0: 3 0x8000b812 (0xfe2dd583) x11 0x00004466 mem 0x8001b7c0
core   0: 0x8000b816 (0xfd5dc303) lbu     t1, -43(s11)
core   0: 3 0x8000b816 (0xfd5dc303) x 6 0x00000035 mem 0x8001b7b3
core   0: 0x8000b81a (0x00cd9583) lh      a1, 12(s11)
core   0: 3 0x8000b81a (0x00cd9583) x11 0xffffa604 mem 0x8001b7ea
core   0: 0x8000b81e (0x026cabb3) mulhsu  s7, s9, t1
core   0: 3 0x8000b81e (0x026cabb3) x23 0xffffffff
core   0: 0x8000b822 (0xfecdcc03) lbu     s8, -20(s11)
core   0: 3 0x8000b822 (0xfecdcc03) x24 0x0000004a mem 0x8001b7ca
core   0: 0x8000b826 (0x01dd8303) lb      t1, 29(s11)
core   0: 3 0x8000b826 (0x01dd8303) x 6 0xffffff91 mem 0x8001b7fb
core   0: 0x8000b82a (0x00005997) auipc   s3, 0x5
core   0: 3 0x8000b82a (0x00005997) x19 0x8001082a
core   0: 0x8000b82e (0xe1f98993) addi    s3, s3, -481
core   0: 3 0x8000b82e (0xe1f98993) x19 0x80010649
core   0: 0x8000b832 (0xcf698603) lb      a2, -778(s3)
core   0: 3 0x8000b832 (0xcf698603) x12 0xffffffff mem 0x8001033f
core   0: 0x8000b836 (0x5aa98e23) sb      a0, 1468(s3)
core   0: 3 0x8000b836 (0x5aa98e23) mem 0x80010c05 0x8f
core   0: 0x8000b83a (0x00c8bd33) sltu    s10, a7, a2
core   0: 3 0x8000b83a (0x00c8bd33) x26 0x00000001
core   0: 0x8000b83e (0x00000001) c.nop
core   0: 3 0x8000b83e (0x0001)
core   0: 0x8000b840 (0xc6d00637) lui     a2, 0xc6d00
core   0: 3 0x8000b840 (0xc6d00637) x12 0xc6d00000
core   0: 0x8000b844 (0x1cc98a03) lb      s4, 460(s3)
core   0: 3 0x8000b844 (0x1cc98a03) x20 0xffffff99 mem 0x80010815
core   0: 0x8000b848 (0x00000001) c.nop
core   0: 3 0x8000b848 (0x0001)
core   0: 0x8000b84a (0x2349cc03) lbu     s8, 564(s3)
core   0: 3 0x8000b84a (0x2349cc03) x24 0x00000055 mem 0x8001087d
core   0: 0x8000b84e (0x00f275b3) and     a1, tp, a5
core   0: 3 0x8000b84e (0x00f275b3) x11 0x00000000
core   0: 0x8000b852 (0x023c92b3) mulh    t0, s9, gp
core   0: 3 0x8000b852 (0x023c92b3) x 5 0x00000000
core   0: 0x8000b856 (0x40298a33) sub     s4, s3, sp
core   0: 3 0x8000b856 (0x40298a33) x20 0xffffef02
core   0: 0x8000b85a (0x00008599) c.srai  a1, 6
core   0: 3 0x8000b85a (0x8599) x11 0x00000000
core   0: 0x8000b85c (0x41ef8133) sub     sp, t6, t5
core   0: 3 0x8000b85c (0x41ef8133) x 2 0xffff0150
core   0: 0x8000b860 (0xf719db83) lhu     s7, -143(s3)
core   0: 3 0x8000b860 (0xf719db83) x23 0x00001cfa mem 0x800105ba
core   0: 0x8000b864 (0x013f9f13) slli    t5, t6, 19
core   0: 3 0x8000b864 (0x013f9f13) x30 0x00100000
core   0: 0x8000b868 (0x0000861d) c.srai  a2, 7
core   0: 3 0x8000b868 (0x861d) x12 0xff8da000
core   0: 0x8000b86a (0x00001b7d) c.addi  s6, -1
core   0: 3 0x8000b86a (0x1b7d) x22 0x80010073
core   0: 0x8000b86c (0x00000001) c.nop
core   0: 3 0x8000b86c (0x0001)
core   0: 0x8000b86e (0x000003fe) c.slli  t2, 31
core   0: 3 0x8000b86e (0x03fe) x 7 0x80000000
core   0: 0x8000b870 (0x00000a72) c.slli  s4, 28
core   0: 3 0x8000b870 (0x0a72) x20 0x20000000
core   0: 0x8000b872 (0x60c98c03) lb      s8, 1548(s3)
core   0: 3 0x8000b872 (0x60c98c03) x24 0x00000077 mem 0x80010c55
core   0: 0x8000b876 (0xd4198f23) sb      ra, -674(s3)
core   0: 3 0x8000b876 (0xd4198f23) mem 0x800103a7 0x2f
core   0: 0x8000b87a (0x09fb8193) addi    gp, s7, 159
core   0: 3 0x8000b87a (0x09fb8193) x 3 0x00001d99
core   0: 0x8000b87e (0x00005d7d) c.li    s10, -1
core   0: 3 0x8000b87e (0x5d7d) x26 0xffffffff
core   0: 0x8000b880 (0x41cd05b3) sub     a1, s10, t3
core   0: 3 0x8000b880 (0x41cd05b3) x11 0xffffffad
core   0: 0x8000b884 (0xb919a5a3) sw      a7, -1141(s3)
core   0: 3 0x8000b884 (0xb919a5a3) mem 0x800101d4 0x00000000
core   0: 0x8000b888 (0x0000717d) c.addi16sp sp, -16
core   0: 3 0x8000b888 (0x717d) x 2 0xffff0140
core   0: 0x8000b88a (0x0000617d) c.addi16sp sp, 496
core   0: 3 0x8000b88a (0x617d) x 2 0xffff0330
core   0: 0x8000b88c (0x00001e0c) c.addi4spn a1, sp, 816
core   0: 3 0x8000b88c (0x1e0c) x11 0xffff0660
core   0: 0x8000b88e (0x01aa5593) srli    a1, s4, 26
core   0: 3 0x8000b88e (0x01aa5593) x11 0x00000008
core   0: 0x8000b892 (0x000081ce) c.mv    gp, s3
core   0: 3 0x8000b892 (0x81ce) x 3 0x80010649
core   0: 0x8000b894 (0x0009c683) lbu     a3, 0(s3)
core   0: 3 0x8000b894 (0x0009c683) x13 0x00000000 mem 0x80010649
core   0: 0x8000b898 (0x0ff0000f) fence   iorw,iorw
core   0: 3 0x8000b898 (0x0ff0000f)
core   0: 0x8000b89c (0x00009e6e) c.add   t3, s11
core   0: 3 0x8000b89c (0x9e6e) x28 0x8001b830
core   0: 0x8000b89e (0x02f9c833) div     a6, s3, a5
core   0: 3 0x8000b89e (0x02f9c833) x16 0x00000001
core   0: 0x8000b8a2 (0x00001414) c.addi4spn a3, sp, 544
core   0: 3 0x8000b8a2 (0x1414) x13 0xffff0550
core   0: 0x8000b8a4 (0xc8b9db03) lhu     s6, -885(s3)
core   0: 3 0x8000b8a4 (0xc8b9db03) x22 0x0000d8b6 mem 0x800102d4
core   0: 0x8000b8a8 (0x00000001) c.nop
core   0: 3 0x8000b8a8 (0x0001)
core   0: 0x8000b8aa (0x00008e01) c.sub   a2, s0
core   0: 3 0x8000b8aa (0x8e01) x12 0xff8d9f2b
core   0: 0x8000b8ac (0x00008f09) c.sub   a4, a0
core   0: 3 0x8000b8ac (0x8f09) x14 0xffffff71
core   0: 0x8000b8ae (0xb0e98b83) lb      s7, -1266(s3)
core   0: 3 0x8000b8ae (0xb0e98b83) x23 0x00000000 mem 0x80010157
core   0: 0x8000b8b2 (0x00015297) auipc   t0, 0x15
core   0: 3 0x8000b8b2 (0x00015297) x 5 0x800208b2
core   0: 0x8000b8b6 (0x6bc28293) addi    t0, t0, 1724
core   0: 3 0x8000b8b6 (0x6bc28293) x 5 0x80020f6e
core   0: 0x8000b8ba (0xbe72c603) lbu     a2, -1049(t0)
core   0: 3 0x8000b8ba (0xbe72c603) x12 0x00000058 mem 0x80020b55
core   0: 0x8000b8be (0x00008097) auipc   ra, 0x8
core   0: 3 0x8000b8be (0x00008097) x 1 0x800138be
core   0: 0x8000b8c2 (0x18f08093) addi    ra, ra, 399
core   0: 3 0x8000b8c2 (0x18f08093) x 1 0x80013a4d
core   0: 0x8000b8c6 (0xc592ce03) lbu     t3, -935(t0)
core   0: 3 0x8000b8c6 (0xc592ce03) x28 0x000000aa mem 0x80020bc7
core   0: 0x8000b8ca (0xe6a2cb83) lbu     s7, -406(t0)
core   0: 3 0x8000b8ca (0xe6a2cb83) x23 0x000000dd mem 0x80020dd8
core   0: 0x8000b8ce (0xfff09203) lh      tp, -1(ra)
core   0: 3 0x8000b8ce (0xfff09203) x 4 0xffff98f8 mem 0x80013a4c
core   0: 0x8000b8d2 (0x00c0c183) lbu     gp, 12(ra)
core   0: 3 0x8000b8d2 (0x00c0c183) x 3 0x0000009e mem 0x80013a59
core   0: 0x8000b8d6 (0xf3228603) lb      a2, -206(t0)
core   0: 3 0x8000b8d6 (0xf3228603) x12 0x0000007c mem 0x80020ea0
core   0: 0x8000b8da (0x00e0c183) lbu     gp, 14(ra)
core   0: 3 0x8000b8da (0x00e0c183) x 3 0x00000098 mem 0x80013a5b
core   0: 0x8000b8de (0x9bb288a3) sb      s11, -1615(t0)
core   0: 3 0x8000b8de (0x9bb288a3) mem 0x8002091f 0xde
core   0: 0x8000b8e2 (0xff608c03) lb      s8, -10(ra)
core   0: 3 0x8000b8e2 (0xff608c03) x24 0x00000030 mem 0x80013a43
core   0: 0x8000b8e6 (0xd222cc83) lbu     s9, -734(t0)
core   0: 3 0x8000b8e6 (0xd222cc83) x25 0x00000060 mem 0x80020c90
core   0: 0x8000b8ea (0xffa0c803) lbu     a6, -6(ra)
core   0: 3 0x8000b8ea (0xffa0c803) x16 0x000000af mem 0x80013a47
core   0: 0x8000b8ee (0x8622ca03) lbu     s4, -1950(t0)
core   0: 3 0x8000b8ee (0x8622ca03) x20 0x000000a3 mem 0x800207d0
core   0: 0x8000b8f2 (0xc3528303) lb      t1, -971(t0)
core   0: 3 0x8000b8f2 (0xc3528303) x 6 0xfffffffb mem 0x80020ba3
core   0: 0x8000b8f6 (0xfe908f23) sb      s1, -2(ra)
core   0: 3 0x8000b8f6 (0xfe908f23) mem 0x80013a4b 0xa6
core   0: 0x8000b8fa (0x00005e17) auipc   t3, 0x5
core   0: 3 0x8000b8fa (0x00005e17) x28 0x800108fa
core   0: 0x8000b8fe (0xbbae0e13) addi    t3, t3, -1094
core   0: 3 0x8000b8fe (0xbbae0e13) x28 0x800104b4
core   0: 0x8000b902 (0xf4fe4f83) lbu     t6, -177(t3)
core   0: 3 0x8000b902 (0xf4fe4f83) x31 0x000000da mem 0x80010403
core   0: 0x8000b906 (0x00012d97) auipc   s11, 0x12
core   0: 3 0x8000b906 (0x00012d97) x27 0x8001d906
core   0: 0x8000b90a (0x8b6d8d93) addi    s11, s11, -1866
core   0: 3 0x8000b90a (0x8b6d8d93) x27 0x8001d1bc
core   0: 0x8000b90e (0x039e4f03) lbu     t5, 57(t3)
core   0: 3 0x8000b90e (0x039e4f03) x30 0x00000038 mem 0x800104ed
core   0: 0x8000b912 (0x216d9f83) lh      t6, 534(s11)
core   0: 3 0x8000b912 (0x216d9f83) x31 0xffffc6a8 mem 0x8001d3d2
core   0: 0x8000b916 (0x00be0c83) lb      s9, 11(t3)
core   0: 3 0x8000b916 (0x00be0c83) x25 0x0000004a mem 0x800104bf
core   0: 0x8000b91a (0xf84e5183) lhu     gp, -124(t3)
core   0: 3 0x8000b91a (0xf84e5183) x 3 0x0000019b mem 0x80010438
core   0: 0x8000b91e (0xf77e0903) lb      s2, -137(t3)
core   0: 3 0x8000b91e (0xf77e0903) x18 0xffffff8d mem 0x8001042b
core   0: 0x8000b922 (0x161d8ca3) sb      ra, 377(s11)
core   0: 3 0x8000b922 (0x161d8ca3) mem 0x8001d335 0x4d
core   0: 0x8000b926 (0xf56e1803) lh      a6, -170(t3)
core   0: 3 0x8000b926 (0xf56e1803) x16 0x00005cf3 mem 0x8001040a
core   0: 0x8000b92a (0x0fae1003) lh      zero, 250(t3)
core   0: 3 0x8000b92a (0x0fae1003) mem 0x800105ae
core   0: 0x8000b92e (0x2f1dc483) lbu     s1, 753(s11)
core   0: 3 0x8000b92e (0x2f1dc483) x 9 0x000000bf mem 0x8001d4ad
core   0: 0x8000b932 (0x8dbd8183) lb      gp, -1829(s11)
core   0: 3 0x8000b932 (0x8dbd8183) x 3 0x00000040 mem 0x8001ca97
core   0: 0x8000b936 (0xe61d82a3) sb      ra, -411(s11)
core   0: 3 0x8000b936 (0xe61d82a3) mem 0x8001d021 0x4d
core   0: 0x8000b93a (0xb89d8b83) lb      s7, -1143(s11)
core   0: 3 0x8000b93a (0xb89d8b83) x23 0x0000001d mem 0x8001cd45
core   0: 0x8000b93e (0x00007517) auipc   a0, 0x7
core   0: 3 0x8000b93e (0x00007517) x10 0x8001293e
core   0: 0x8000b942 (0x50a50513) addi    a0, a0, 1290
core   0: 3 0x8000b942 (0x50a50513) x10 0x80012e48
core   0: 0x8000b946 (0x00012097) auipc   ra, 0x12
core   0: 3 0x8000b946 (0x00012097) x 1 0x8001d946
core   0: 0x8000b94a (0x3ec08093) addi    ra, ra, 1004
core   0: 3 0x8000b94a (0x3ec08093) x 1 0x8001dd32
core   0: 0x8000b94e (0x00006497) auipc   s1, 0x6
core   0: 3 0x8000b94e (0x00006497) x 9 0x8001194e
core   0: 0x8000b952 (0x05f48493) addi    s1, s1, 95
core   0: 3 0x8000b952 (0x05f48493) x 9 0x800119ad
core   0: 0x8000b956 (0x00013617) auipc   a2, 0x13
core   0: 3 0x8000b956 (0x00013617) x12 0x8001e956
core   0: 0x8000b95a (0x04b60613) addi    a2, a2, 75
core   0: 3 0x8000b95a (0x04b60613) x12 0x8001e9a1
core   0: 0x8000b95e (0x00010c97) auipc   s9, 0x10
core   0: 3 0x8000b95e (0x00010c97) x25 0x8001b95e
core   0: 0x8000b962 (0x7aec8c93) addi    s9, s9, 1966
core   0: 3 0x8000b962 (0x7aec8c93) x25 0x8001c10c
core   0: 0x8000b966 (0x26848f03) lb      t5, 616(s1)
core   0: 3 0x8000b966 (0x26848f03) x30 0xffffffb4 mem 0x80011c15
core   0: 0x8000b96a (0x00550403) lb      s0, 5(a0)
core   0: 3 0x8000b96a (0x00550403) x 8 0x00000016 mem 0x80012e4d
core   0: 0x8000b96e (0xe5549e03) lh      t3, -427(s1)
core   0: 3 0x8000b96e (0xe5549e03) x28 0x00005498 mem 0x80011802
core   0: 0x8000b972 (0xff3cc383) lbu     t2, -13(s9)
core   0: 3 0x8000b972 (0xff3cc383) x 7 0x00000010 mem 0x8001c0ff
core   0: 0x8000b976 (0x003c8103) lb      sp, 3(s9)
core   0: 3 0x8000b976 (0x003c8103) x 2 0x00000012 mem 0x8001c10f
core   0: 0x8000b97a (0xff750803) lb      a6, -9(a0)
core   0: 3 0x8000b97a (0xff750803) x16 0x00000069 mem 0x80012e3f
core   0: 0x8000b97e (0x00a60d83) lb      s11, 10(a2)
core   0: 3 0x8000b97e (0x00a60d83) x27 0x00000047 mem 0x8001e9ab
core   0: 0x8000b982 (0x01f603a3) sb      t6, 7(a2)
core   0: 3 0x8000b982 (0x01f603a3) mem 0x8001e9a8 0xa8
core   0: 0x8000b986 (0x002086a3) sb      sp, 13(ra)
core   0: 3 0x8000b986 (0x002086a3) mem 0x8001dd3f 0x12
core   0: 0x8000b98a (0xfcf09e23) sh      a5, -36(ra)
core   0: 3 0x8000b98a (0xfcf09e23) mem 0x8001dd0e 0x9ce4
core   0: 0x8000b98e (0x0340c703) lbu     a4, 52(ra)
core   0: 3 0x8000b98e (0x0340c703) x14 0x00000064 mem 0x8001dd66
core   0: 0x8000b992 (0xffa60583) lb      a1, -6(a2)
core   0: 3 0x8000b992 (0xffa60583) x11 0xffffffe1 mem 0x8001e99b
core   0: 0x8000b996 (0x00350183) lb      gp, 3(a0)
core   0: 3 0x8000b996 (0x00350183) x 3 0x0000002b mem 0x80012e4b
core   0: 0x8000b99a (0x010c9e83) lh      t4, 16(s9)
core   0: 3 0x8000b99a (0x010c9e83) x29 0x000039cd mem 0x8001c11c
core   0: 0x8000b99e (0x00f50383) lb      t2, 15(a0)
core   0: 3 0x8000b99e (0x00f50383) x 7 0x00000037 mem 0x80012e57
core   0: 0x8000b9a2 (0xff760a23) sb      s7, -12(a2)
core   0: 3 0x8000b9a2 (0xff760a23) mem 0x8001e995 0x1d
core   0: 0x8000b9a6 (0x019612a3) sh      s9, 5(a2)
core   0: 3 0x8000b9a6 (0x019612a3) mem 0x8001e9a6 0xc10c
core   0: 0x8000b9aa (0xa594d183) lhu     gp, -1447(s1)
core   0: 3 0x8000b9aa (0xa594d183) x 3 0x0000ff0a mem 0x80011406
core   0: 0x8000b9ae (0x00004554) c.lw    a3, 12(a0)
core   0: 3 0x8000b9ae (0x4554) x13 0x37838e87 mem 0x80012e54
core   0: 0x8000b9b0 (0xff4cd803) lhu     a6, -12(s9)
core   0: 3 0x8000b9b0 (0xff4cd803) x16 0x0000323a mem 0x8001c100
core   0: 0x8000b9b4 (0xd5048c23) sb      a6, -680(s1)
core   0: 3 0x8000b9b4 (0xd5048c23) mem 0x80011705 0x3a
core   0: 0x8000b9b8 (0xff00df03) lhu     t5, -16(ra)
core   0: 3 0x8000b9b8 (0xff00df03) x30 0x0000f549 mem 0x8001dd22
core   0: 0x8000b9bc (0x00950403) lb      s0, 9(a0)
core   0: 3 0x8000b9bc (0x00950403) x 8 0x00000006 mem 0x80012e51
core   0: 0x8000b9c0 (0x00360683) lb      a3, 3(a2)
core   0: 3 0x8000b9c0 (0x00360683) x13 0xffffffa5 mem 0x8001e9a4
core   0: 0x8000b9c4 (0x006c9223) sh      t1, 4(s9)
core   0: 3 0x8000b9c4 (0x006c9223) mem 0x8001c110 0xfffb
core   0: 0x8000b9c8 (0xfda08523) sb      s10, -54(ra)
core   0: 3 0x8000b9c8 (0xfda08523) mem 0x8001dcfc 0xff
core   0: 0x8000b9cc (0x00752623) sw      t2, 12(a0)
core   0: 3 0x8000b9cc (0x00752623) mem 0x80012e54 0x00000037
core   0: 0x8000b9d0 (0x56048703) lb      a4, 1376(s1)
core   0: 3 0x8000b9d0 (0x56048703) x14 0xffffffa6 mem 0x80011f0d
core   0: 0x8000b9d4 (0x0050c583) lbu     a1, 5(ra)
core   0: 3 0x8000b9d4 (0x0050c583) x11 0x00000094 mem 0x8001dd37
core   0: 0x8000b9d8 (0x5104c283) lbu     t0, 1296(s1)
core   0: 3 0x8000b9d8 (0x5104c283) x 5 0x000000ab mem 0x80011ebd
core   0: 0x8000b9dc (0x41d4db03) lhu     s6, 1053(s1)
core   0: 3 0x8000b9dc (0x41d4db03) x22 0x00009c02 mem 0x80011dca
core   0: 0x8000b9e0 (0x00260283) lb      t0, 2(a2)
core   0: 3 0x8000b9e0 (0x00260283) x 5 0xffffff8f mem 0x8001e9a3
core   0: 0x8000b9e4 (0xff554b83) lbu     s7, -11(a0)
core   0: 3 0x8000b9e4 (0xff554b83) x23 0x00000066 mem 0x80012e3d
core   0: 0x8000b9e8 (0xfd709f23) sh      s7, -34(ra)
core   0: 3 0x8000b9e8 (0xfd709f23) mem 0x8001dd10 0x0066
core   0: 0x8000b9ec (0x01108983) lb      s3, 17(ra)
core   0: 3 0x8000b9ec (0x01108983) x19 0x00000047 mem 0x8001dd43
core   0: 0x8000b9f0 (0x002c8523) sb      sp, 10(s9)
core   0: 3 0x8000b9f0 (0x002c8523) mem 0x8001c116 0x12
core   0: 0x8000b9f4 (0x7e94d003) lhu     zero, 2025(s1)
core   0: 3 0x8000b9f4 (0x7e94d003) mem 0x80012196
core   0: 0x8000b9f8 (0x00c51123) sh      a2, 2(a0)
core   0: 3 0x8000b9f8 (0x00c51123) mem 0x80012e4a 0xe9a1
core   0: 0x8000b9fc (0xffd60903) lb      s2, -3(a2)
core   0: 3 0x8000b9fc (0xffd60903) x18 0xffffff8f mem 0x8001e99e
core   0: 0x8000ba00 (0x007c82a3) sb      t2, 5(s9)
core   0: 3 0x8000ba00 (0x007c82a3) mem 0x8001c111 0x37
core   0: 0x8000ba04 (0xffecc283) lbu     t0, -2(s9)
core   0: 3 0x8000ba04 (0xffecc283) x 5 0x000000b2 mem 0x8001c10a
core   0: 0x8000ba08 (0xffe0dc03) lhu     s8, -2(ra)
core   0: 3 0x8000ba08 (0xffe0dc03) x24 0x000032e3 mem 0x8001dd30
core   0: 0x8000ba0c (0x0000c154) c.sw    a3, 4(a0)
core   0: 3 0x8000ba0c (0xc154) mem 0x80012e4c 0xffffffa5
core   0: 0x8000ba0e (0x0390ce83) lbu     t4, 57(ra)
core   0: 3 0x8000ba0e (0x0390ce83) x29 0x00000044 mem 0x8001dd6b
core   0: 0x8000ba12 (0xfe9c8fa3) sb      s1, -1(s9)
core   0: 3 0x8000ba12 (0xfe9c8fa3) mem 0x8001c10b 0xad
core   0: 0x8000ba16 (0xfe660f23) sb      t1, -2(a2)
core   0: 3 0x8000ba16 (0xfe660f23) mem 0x8001e99f 0xfb
core   0: 0x8000ba1a (0xff600493) li      s1, -10
core   0: 3 0x8000ba1a (0xff600493) x 9 0xfffffff6
core   0: 0x8000ba1e (0x00004ec9) c.li    t4, 18
core   0: 3 0x8000ba1e (0x4ec9) x29 0x00000012
core   0: 0x8000ba20 (0x00009caa) c.add   s9, a0
core   0: 3 0x8000ba20 (0x9caa) x25 0x0002ef54
core   0: 0x8000ba22 (0xd0ac3f13) sltiu   t5, s8, -758
core   0: 3 0x8000ba22 (0xd0ac3f13) x30 0x00000001
core   0: 0x8000ba26 (0x00000001) c.nop
core   0: 3 0x8000ba26 (0x0001)
core   0: 0x8000ba28 (0x00800213) li      tp, 8
core   0: 3 0x8000ba28 (0x00800213) x 4 0x00000008
core   0: 0x8000ba2c (0xe9a44693) xori    a3, s0, -358
core   0: 3 0x8000ba2c (0xe9a44693) x13 0xfffffe9c
core   0: 0x8000ba30 (0x00006d39) c.lui   s10, 0xe
core   0: 3 0x8000ba30 (0x6d39) x26 0x0000e000
core   0: 0x8000ba32 (0x0000587d) c.li    a6, -1
core   0: 3 0x8000ba32 (0x587d) x16 0xffffffff
core   0: 0x8000ba34 (0x40e9db93) srai    s7, s3, 14
core   0: 3 0x8000ba34 (0x40e9db93) x23 0x00000000
core   0: 0x8000ba38 (0x000081ea) c.mv    gp, s10
core   0: 3 0x8000ba38 (0x81ea) x 3 0x0000e000
core   0: 0x8000ba3a (0x40a359b3) sra     s3, t1, a0
core   0: 3 0x8000ba3a (0x40a359b3) x19 0xffffffff
core   0: 0x8000ba3e (0x00006969) c.lui   s2, 0x1a
core   0: 3 0x8000ba3e (0x6969) x18 0x0001a000
core   0: 0x8000ba40 (0x000085c1) c.srai  a1, 16
core   0: 3 0x8000ba40 (0x85c1) x11 0x00000000
core   0: 0x8000ba42 (0x000004a9) c.addi  s1, 10
core   0: 3 0x8000ba42 (0x04a9) x 9 0x00000000
core   0: 0x8000ba44 (0x00006e0d) c.lui   t3, 0x3
core   0: 3 0x8000ba44 (0x6e0d) x28 0x00003000
core   0: 0x8000ba46 (0x0138c2b3) xor     t0, a7, s3
core   0: 3 0x8000ba46 (0x0138c2b3) x 5 0xffffffff
core   0: 0x8000ba4a (0x02616433) rem     s0, sp, t1
core   0: 3 0x8000ba4a (0x02616433) x 8 0x00000003
core   0: 0x8000ba4e (0x000059fd) c.li    s3, -1
core   0: 3 0x8000ba4e (0x59fd) x19 0xffffffff
core   0: 0x8000ba50 (0x01454a33) xor     s4, a0, s4
core   0: 3 0x8000ba50 (0x01454a33) x20 0x80012eeb
core   0: 0x8000ba54 (0x0ff6e513) ori     a0, a3, 255
core   0: 3 0x8000ba54 (0x0ff6e513) x10 0xfffffeff
core   0: 0x8000ba58 (0x00008e6d) c.and   a2, a1
core   0: 3 0x8000ba58 (0x8e6d) x12 0x00000000
core   0: 0x8000ba5a (0x01eb5593) srli    a1, s6, 30
core   0: 3 0x8000ba5a (0x01eb5593) x11 0x00000000
core   0: 0x8000ba5e (0x7faf3193) sltiu   gp, t5, 2042
core   0: 3 0x8000ba5e (0x7faf3193) x 3 0x00000001
core   0: 0x8000ba62 (0x012f8633) add     a2, t6, s2
core   0: 3 0x8000ba62 (0x012f8633) x12 0x000166a8
core   0: 0x8000ba66 (0x0000567d) c.li    a2, -1
core   0: 3 0x8000ba66 (0x567d) x12 0xffffffff
core   0: 0x8000ba68 (0xc3f90993) addi    s3, s2, -961
core   0: 3 0x8000ba68 (0xc3f90993) x19 0x00019c3f
core   0: 0x8000ba6c (0xfc44c2e3) blt     s1, tp, pc - 60
core   0: 3 0x8000ba6c (0xfc44c2e3)
core   0: 0x8000ba30 (0x00006d39) c.lui   s10, 0xe
core   0: 3 0x8000ba30 (0x6d39) x26 0x0000e000
core   0: 0x8000ba32 (0x0000587d) c.li    a6, -1
core   0: 3 0x8000ba32 (0x587d) x16 0xffffffff
core   0: 0x8000ba34 (0x40e9db93) srai    s7, s3, 14
core   0: 3 0x8000ba34 (0x40e9db93) x23 0x00000006
core   0: 0x8000ba38 (0x000081ea) c.mv    gp, s10
core   0: 3 0x8000ba38 (0x81ea) x 3 0x0000e000
core   0: 0x8000ba3a (0x40a359b3) sra     s3, t1, a0
core   0: 3 0x8000ba3a (0x40a359b3) x19 0xffffffff
core   0: 0x8000ba3e (0x00006969) c.lui   s2, 0x1a
core   0: 3 0x8000ba3e (0x6969) x18 0x0001a000
core   0: 0x8000ba40 (0x000085c1) c.srai  a1, 16
core   0: 3 0x8000ba40 (0x85c1) x11 0x00000000
core   0: 0x8000ba42 (0x000004a9) c.addi  s1, 10
core   0: 3 0x8000ba42 (0x04a9) x 9 0x0000000a
core   0: 0x8000ba44 (0x00006e0d) c.lui   t3, 0x3
core   0: 3 0x8000ba44 (0x6e0d) x28 0x00003000
core   0: 0x8000ba46 (0x0138c2b3) xor     t0, a7, s3
core   0: 3 0x8000ba46 (0x0138c2b3) x 5 0xffffffff
core   0: 0x8000ba4a (0x02616433) rem     s0, sp, t1
core   0: 3 0x8000ba4a (0x02616433) x 8 0x00000003
core   0: 0x8000ba4e (0x000059fd) c.li    s3, -1
core   0: 3 0x8000ba4e (0x59fd) x19 0xffffffff
core   0: 0x8000ba50 (0x01454a33) xor     s4, a0, s4
core   0: 3 0x8000ba50 (0x01454a33) x20 0x7ffed014
core   0: 0x8000ba54 (0x0ff6e513) ori     a0, a3, 255
core   0: 3 0x8000ba54 (0x0ff6e513) x10 0xfffffeff
core   0: 0x8000ba58 (0x00008e6d) c.and   a2, a1
core   0: 3 0x8000ba58 (0x8e6d) x12 0x00000000
core   0: 0x8000ba5a (0x01eb5593) srli    a1, s6, 30
core   0: 3 0x8000ba5a (0x01eb5593) x11 0x00000000
core   0: 0x8000ba5e (0x7faf3193) sltiu   gp, t5, 2042
core   0: 3 0x8000ba5e (0x7faf3193) x 3 0x00000001
core   0: 0x8000ba62 (0x012f8633) add     a2, t6, s2
core   0: 3 0x8000ba62 (0x012f8633) x12 0x000166a8
core   0: 0x8000ba66 (0x0000567d) c.li    a2, -1
core   0: 3 0x8000ba66 (0x567d) x12 0xffffffff
core   0: 0x8000ba68 (0xc3f90993) addi    s3, s2, -961
core   0: 3 0x8000ba68 (0xc3f90993) x19 0x00019c3f
core   0: 0x8000ba6c (0xfc44c2e3) blt     s1, tp, pc - 60
core   0: 3 0x8000ba6c (0xfc44c2e3)
core   0: 0x8000ba70 (0x42058b17) auipc   s6, 0x42058
core   0: 3 0x8000ba70 (0x42058b17) x22 0xc2063a70
core   0: 0x8000ba74 (0x00900b93) li      s7, 9
core   0: 3 0x8000ba74 (0x00900b93) x23 0x00000009
core   0: 0x8000ba78 (0x00006541) c.lui   a0, 0x10
core   0: 3 0x8000ba78 (0x6541) x10 0x00010000
core   0: 0x8000ba7a (0x00008d1d) c.sub   a0, a5
core   0: 3 0x8000ba7a (0x8d1d) x10 0x7ffe631c
core   0: 0x8000ba7c (0x00500813) li      a6, 5
core   0: 3 0x8000ba7c (0x00500813) x16 0x00000005
core   0: 0x8000ba80 (0x00000001) c.nop
core   0: 3 0x8000ba80 (0x0001)
core   0: 0x8000ba82 (0x733a6d93) ori     s11, s4, 1843
core   0: 3 0x8000ba82 (0x733a6d93) x27 0x7ffed737
core   0: 0x8000ba86 (0x1c846cb7) lui     s9, 0x1c846
core   0: 3 0x8000ba86 (0x1c846cb7) x25 0x1c846000
core   0: 0x8000ba8a (0x61bcb693) sltiu   a3, s9, 1563
core   0: 3 0x8000ba8a (0x61bcb693) x13 0x00000000
core   0: 0x8000ba8e (0xd556e413) ori     s0, a3, -683
core   0: 3 0x8000ba8e (0xd556e413) x 8 0xfffffd55
core   0: 0x8000ba92 (0x0000943e) c.add   s0, a5
core   0: 3 0x8000ba92 (0x943e) x 8 0x80029a39
core   0: 0x8000ba94 (0x000090fa) c.add   ra, t5
core   0: 3 0x8000ba94 (0x90fa) x 1 0x8001dd33
core   0: 0x8000ba96 (0xd4a18d13) addi    s10, gp, -694
core   0: 3 0x8000ba96 (0xd4a18d13) x26 0xfffffd4b
core   0: 0x8000ba9a (0x01012333) slt     t1, sp, a6
core   0: 3 0x8000ba9a (0x01012333) x 6 0x00000000
core   0: 0x8000ba9e (0x00001bf9) c.addi  s7, -2
core   0: 3 0x8000ba9e (0x1bf9) x23 0x00000007
core   0: 0x8000baa0 (0x00600213) li      tp, 6
core   0: 3 0x8000baa0 (0x00600213) x 4 0x00000006
core   0: 0x8000baa4 (0xffd00113) li      sp, -3
core   0: 3 0x8000baa4 (0xffd00113) x 2 0xfffffffd
core   0: 0x8000baa8 (0x010f7933) and     s2, t5, a6
core   0: 3 0x8000baa8 (0x010f7933) x18 0x00000001
core   0: 0x8000baac (0x00008d95) c.sub   a1, a3
core   0: 3 0x8000baac (0x8d95) x11 0x00000000
core   0: 0x8000baae (0x73384f93) xori    t6, a6, 1843
core   0: 3 0x8000baae (0x73384f93) x31 0x00000736
core   0: 0x8000bab2 (0x022f3433) mulhu   s0, t5, sp
core   0: 3 0x8000bab2 (0x022f3433) x 8 0x00000000
core   0: 0x8000bab6 (0x00001275) c.addi  tp, -3
core   0: 3 0x8000bab6 (0x1275) x 4 0x00000003
core   0: 0x8000bab8 (0x03f0afb3) mulhsu  t6, ra, t6
core   0: 3 0x8000bab8 (0x03f0afb3) x31 0xfffffc65
core   0: 0x8000babc (0x41f9d593) srai    a1, s3, 31
core   0: 3 0x8000babc (0x41f9d593) x11 0x00000000
core   0: 0x8000bac0 (0x7f03ecb7) lui     s9, 0x7f03e
core   0: 3 0x8000bac0 (0x7f03ecb7) x25 0x7f03e000
core   0: 0x8000bac4 (0x7bd3e713) ori     a4, t2, 1981
core   0: 3 0x8000bac4 (0x7bd3e713) x14 0x000007bf
core   0: 0x8000bac8 (0x02fedfb3) divu    t6, t4, a5
core   0: 3 0x8000bac8 (0x02fedfb3) x31 0x00000000
core   0: 0x8000bacc (0xfe2210e3) bne     tp, sp, pc - 32
core   0: 3 0x8000bacc (0xfe2210e3)
core   0: 0x8000baac (0x00008d95) c.sub   a1, a3
core   0: 3 0x8000baac (0x8d95) x11 0x00000000
core   0: 0x8000baae (0x73384f93) xori    t6, a6, 1843
core   0: 3 0x8000baae (0x73384f93) x31 0x00000736
core   0: 0x8000bab2 (0x022f3433) mulhu   s0, t5, sp
core   0: 3 0x8000bab2 (0x022f3433) x 8 0x00000000
core   0: 0x8000bab6 (0x00001275) c.addi  tp, -3
core   0: 3 0x8000bab6 (0x1275) x 4 0x00000000
core   0: 0x8000bab8 (0x03f0afb3) mulhsu  t6, ra, t6
core   0: 3 0x8000bab8 (0x03f0afb3) x31 0xfffffc65
core   0: 0x8000babc (0x41f9d593) srai    a1, s3, 31
core   0: 3 0x8000babc (0x41f9d593) x11 0x00000000
core   0: 0x8000bac0 (0x7f03ecb7) lui     s9, 0x7f03e
core   0: 3 0x8000bac0 (0x7f03ecb7) x25 0x7f03e000
core   0: 0x8000bac4 (0x7bd3e713) ori     a4, t2, 1981
core   0: 3 0x8000bac4 (0x7bd3e713) x14 0x000007bf
core   0: 0x8000bac8 (0x02fedfb3) divu    t6, t4, a5
core   0: 3 0x8000bac8 (0x02fedfb3) x31 0x00000000
core   0: 0x8000bacc (0xfe2210e3) bne     tp, sp, pc - 32
core   0: 3 0x8000bacc (0xfe2210e3)
core   0: 0x8000baac (0x00008d95) c.sub   a1, a3
core   0: 3 0x8000baac (0x8d95) x11 0x00000000
core   0: 0x8000baae (0x73384f93) xori    t6, a6, 1843
core   0: 3 0x8000baae (0x73384f93) x31 0x00000736
core   0: 0x8000bab2 (0x022f3433) mulhu   s0, t5, sp
core   0: 3 0x8000bab2 (0x022f3433) x 8 0x00000000
core   0: 0x8000bab6 (0x00001275) c.addi  tp, -3
core   0: 3 0x8000bab6 (0x1275) x 4 0xfffffffd
core   0: 0x8000bab8 (0x03f0afb3) mulhsu  t6, ra, t6
core   0: 3 0x8000bab8 (0x03f0afb3) x31 0xfffffc65
core   0: 0x8000babc (0x41f9d593) srai    a1, s3, 31
core   0: 3 0x8000babc (0x41f9d593) x11 0x00000000
core   0: 0x8000bac0 (0x7f03ecb7) lui     s9, 0x7f03e
core   0: 3 0x8000bac0 (0x7f03ecb7) x25 0x7f03e000
core   0: 0x8000bac4 (0x7bd3e713) ori     a4, t2, 1981
core   0: 3 0x8000bac4 (0x7bd3e713) x14 0x000007bf
core   0: 0x8000bac8 (0x02fedfb3) divu    t6, t4, a5
core   0: 3 0x8000bac8 (0x02fedfb3) x31 0x00000000
core   0: 0x8000bacc (0xfe2210e3) bne     tp, sp, pc - 32
core   0: 3 0x8000bacc (0xfe2210e3)
core   0: 0x8000bad0 (0x000085f2) c.mv    a1, t3
core   0: 3 0x8000bad0 (0x85f2) x11 0x00003000
core   0: 0x8000bad2 (0xe8ef4993) xori    s3, t5, -370
core   0: 3 0x8000bad2 (0xe8ef4993) x19 0xfffffe8f
core   0: 0x8000bad6 (0xbb9f6e93) ori     t4, t5, -1095
core   0: 3 0x8000bad6 (0xbb9f6e93) x29 0xfffffbb9
core   0: 0x8000bada (0x019dd593) srli    a1, s11, 25
core   0: 3 0x8000bada (0x019dd593) x11 0x0000003f
core   0: 0x8000bade (0x000001f6) c.slli  gp, 29
core   0: 3 0x8000bade (0x01f6) x 3 0x20000000
core   0: 0x8000bae0 (0xfb0bfbe3) bgeu    s7, a6, pc - 74
core   0: 3 0x8000bae0 (0xfb0bfbe3)
core   0: 0x8000ba96 (0xd4a18d13) addi    s10, gp, -694
core   0: 3 0x8000ba96 (0xd4a18d13) x26 0x1ffffd4a
core   0: 0x8000ba9a (0x01012333) slt     t1, sp, a6
core   0: 3 0x8000ba9a (0x01012333) x 6 0x00000001
core   0: 0x8000ba9e (0x00001bf9) c.addi  s7, -2
core   0: 3 0x8000ba9e (0x1bf9) x23 0x00000005
core   0: 0x8000baa0 (0x00600213) li      tp, 6
core   0: 3 0x8000baa0 (0x00600213) x 4 0x00000006
core   0: 0x8000baa4 (0xffd00113) li      sp, -3
core   0: 3 0x8000baa4 (0xffd00113) x 2 0xfffffffd
core   0: 0x8000baa8 (0x010f7933) and     s2, t5, a6
core   0: 3 0x8000baa8 (0x010f7933) x18 0x00000001
core   0: 0x8000baac (0x00008d95) c.sub   a1, a3
core   0: 3 0x8000baac (0x8d95) x11 0x0000003f
core   0: 0x8000baae (0x73384f93) xori    t6, a6, 1843
core   0: 3 0x8000baae (0x73384f93) x31 0x00000736
core   0: 0x8000bab2 (0x022f3433) mulhu   s0, t5, sp
core   0: 3 0x8000bab2 (0x022f3433) x 8 0x00000000
core   0: 0x8000bab6 (0x00001275) c.addi  tp, -3
core   0: 3 0x8000bab6 (0x1275) x 4 0x00000003
core   0: 0x8000bab8 (0x03f0afb3) mulhsu  t6, ra, t6
core   0: 3 0x8000bab8 (0x03f0afb3) x31 0xfffffc65
core   0: 0x8000babc (0x41f9d593) srai    a1, s3, 31
core   0: 3 0x8000babc (0x41f9d593) x11 0xffffffff
core   0: 0x8000bac0 (0x7f03ecb7) lui     s9, 0x7f03e
core   0: 3 0x8000bac0 (0x7f03ecb7) x25 0x7f03e000
core   0: 0x8000bac4 (0x7bd3e713) ori     a4, t2, 1981
core   0: 3 0x8000bac4 (0x7bd3e713) x14 0x000007bf
core   0: 0x8000bac8 (0x02fedfb3) divu    t6, t4, a5
core   0: 3 0x8000bac8 (0x02fedfb3) x31 0x00000001
core   0: 0x8000bacc (0xfe2210e3) bne     tp, sp, pc - 32
core   0: 3 0x8000bacc (0xfe2210e3)
core   0: 0x8000baac (0x00008d95) c.sub   a1, a3
core   0: 3 0x8000baac (0x8d95) x11 0xffffffff
core   0: 0x8000baae (0x73384f93) xori    t6, a6, 1843
core   0: 3 0x8000baae (0x73384f93) x31 0x00000736
core   0: 0x8000bab2 (0x022f3433) mulhu   s0, t5, sp
core   0: 3 0x8000bab2 (0x022f3433) x 8 0x00000000
core   0: 0x8000bab6 (0x00001275) c.addi  tp, -3
core   0: 3 0x8000bab6 (0x1275) x 4 0x00000000
core   0: 0x8000bab8 (0x03f0afb3) mulhsu  t6, ra, t6
core   0: 3 0x8000bab8 (0x03f0afb3) x31 0xfffffc65
core   0: 0x8000babc (0x41f9d593) srai    a1, s3, 31
core   0: 3 0x8000babc (0x41f9d593) x11 0xffffffff
core   0: 0x8000bac0 (0x7f03ecb7) lui     s9, 0x7f03e
core   0: 3 0x8000bac0 (0x7f03ecb7) x25 0x7f03e000
core   0: 0x8000bac4 (0x7bd3e713) ori     a4, t2, 1981
core   0: 3 0x8000bac4 (0x7bd3e713) x14 0x000007bf
core   0: 0x8000bac8 (0x02fedfb3) divu    t6, t4, a5
core   0: 3 0x8000bac8 (0x02fedfb3) x31 0x00000001
core   0: 0x8000bacc (0xfe2210e3) bne     tp, sp, pc - 32
core   0: 3 0x8000bacc (0xfe2210e3)
core   0: 0x8000baac (0x00008d95) c.sub   a1, a3
core   0: 3 0x8000baac (0x8d95) x11 0xffffffff
core   0: 0x8000baae (0x73384f93) xori    t6, a6, 1843
core   0: 3 0x8000baae (0x73384f93) x31 0x00000736
core   0: 0x8000bab2 (0x022f3433) mulhu   s0, t5, sp
core   0: 3 0x8000bab2 (0x022f3433) x 8 0x00000000
core   0: 0x8000bab6 (0x00001275) c.addi  tp, -3
core   0: 3 0x8000bab6 (0x1275) x 4 0xfffffffd
core   0: 0x8000bab8 (0x03f0afb3) mulhsu  t6, ra, t6
core   0: 3 0x8000bab8 (0x03f0afb3) x31 0xfffffc65
core   0: 0x8000babc (0x41f9d593) srai    a1, s3, 31
core   0: 3 0x8000babc (0x41f9d593) x11 0xffffffff
core   0: 0x8000bac0 (0x7f03ecb7) lui     s9, 0x7f03e
core   0: 3 0x8000bac0 (0x7f03ecb7) x25 0x7f03e000
core   0: 0x8000bac4 (0x7bd3e713) ori     a4, t2, 1981
core   0: 3 0x8000bac4 (0x7bd3e713) x14 0x000007bf
core   0: 0x8000bac8 (0x02fedfb3) divu    t6, t4, a5
core   0: 3 0x8000bac8 (0x02fedfb3) x31 0x00000001
core   0: 0x8000bacc (0xfe2210e3) bne     tp, sp, pc - 32
core   0: 3 0x8000bacc (0xfe2210e3)
core   0: 0x8000bad0 (0x000085f2) c.mv    a1, t3
core   0: 3 0x8000bad0 (0x85f2) x11 0x00003000
core   0: 0x8000bad2 (0xe8ef4993) xori    s3, t5, -370
core   0: 3 0x8000bad2 (0xe8ef4993) x19 0xfffffe8f
core   0: 0x8000bad6 (0xbb9f6e93) ori     t4, t5, -1095
core   0: 3 0x8000bad6 (0xbb9f6e93) x29 0xfffffbb9
core   0: 0x8000bada (0x019dd593) srli    a1, s11, 25
core   0: 3 0x8000bada (0x019dd593) x11 0x0000003f
core   0: 0x8000bade (0x000001f6) c.slli  gp, 29
core   0: 3 0x8000bade (0x01f6) x 3 0x00000000
core   0: 0x8000bae0 (0xfb0bfbe3) bgeu    s7, a6, pc - 74
core   0: 3 0x8000bae0 (0xfb0bfbe3)
core   0: 0x8000ba96 (0xd4a18d13) addi    s10, gp, -694
core   0: 3 0x8000ba96 (0xd4a18d13) x26 0xfffffd4a
core   0: 0x8000ba9a (0x01012333) slt     t1, sp, a6
core   0: 3 0x8000ba9a (0x01012333) x 6 0x00000001
core   0: 0x8000ba9e (0x00001bf9) c.addi  s7, -2
core   0: 3 0x8000ba9e (0x1bf9) x23 0x00000003
core   0: 0x8000baa0 (0x00600213) li      tp, 6
core   0: 3 0x8000baa0 (0x00600213) x 4 0x00000006
core   0: 0x8000baa4 (0xffd00113) li      sp, -3
core   0: 3 0x8000baa4 (0xffd00113) x 2 0xfffffffd
core   0: 0x8000baa8 (0x010f7933) and     s2, t5, a6
core   0: 3 0x8000baa8 (0x010f7933) x18 0x00000001
core   0: 0x8000baac (0x00008d95) c.sub   a1, a3
core   0: 3 0x8000baac (0x8d95) x11 0x0000003f
core   0: 0x8000baae (0x73384f93) xori    t6, a6, 1843
core   0: 3 0x8000baae (0x73384f93) x31 0x00000736
core   0: 0x8000bab2 (0x022f3433) mulhu   s0, t5, sp
core   0: 3 0x8000bab2 (0x022f3433) x 8 0x00000000
core   0: 0x8000bab6 (0x00001275) c.addi  tp, -3
core   0: 3 0x8000bab6 (0x1275) x 4 0x00000003
core   0: 0x8000bab8 (0x03f0afb3) mulhsu  t6, ra, t6
core   0: 3 0x8000bab8 (0x03f0afb3) x31 0xfffffc65
core   0: 0x8000babc (0x41f9d593) srai    a1, s3, 31
core   0: 3 0x8000babc (0x41f9d593) x11 0xffffffff
core   0: 0x8000bac0 (0x7f03ecb7) lui     s9, 0x7f03e
core   0: 3 0x8000bac0 (0x7f03ecb7) x25 0x7f03e000
core   0: 0x8000bac4 (0x7bd3e713) ori     a4, t2, 1981
core   0: 3 0x8000bac4 (0x7bd3e713) x14 0x000007bf
core   0: 0x8000bac8 (0x02fedfb3) divu    t6, t4, a5
core   0: 3 0x8000bac8 (0x02fedfb3) x31 0x00000001
core   0: 0x8000bacc (0xfe2210e3) bne     tp, sp, pc - 32
core   0: 3 0x8000bacc (0xfe2210e3)
core   0: 0x8000baac (0x00008d95) c.sub   a1, a3
core   0: 3 0x8000baac (0x8d95) x11 0xffffffff
core   0: 0x8000baae (0x73384f93) xori    t6, a6, 1843
core   0: 3 0x8000baae (0x73384f93) x31 0x00000736
core   0: 0x8000bab2 (0x022f3433) mulhu   s0, t5, sp
core   0: 3 0x8000bab2 (0x022f3433) x 8 0x00000000
core   0: 0x8000bab6 (0x00001275) c.addi  tp, -3
core   0: 3 0x8000bab6 (0x1275) x 4 0x00000000
core   0: 0x8000bab8 (0x03f0afb3) mulhsu  t6, ra, t6
core   0: 3 0x8000bab8 (0x03f0afb3) x31 0xfffffc65
core   0: 0x8000babc (0x41f9d593) srai    a1, s3, 31
core   0: 3 0x8000babc (0x41f9d593) x11 0xffffffff
core   0: 0x8000bac0 (0x7f03ecb7) lui     s9, 0x7f03e
core   0: 3 0x8000bac0 (0x7f03ecb7) x25 0x7f03e000
core   0: 0x8000bac4 (0x7bd3e713) ori     a4, t2, 1981
core   0: 3 0x8000bac4 (0x7bd3e713) x14 0x000007bf
core   0: 0x8000bac8 (0x02fedfb3) divu    t6, t4, a5
core   0: 3 0x8000bac8 (0x02fedfb3) x31 0x00000001
core   0: 0x8000bacc (0xfe2210e3) bne     tp, sp, pc - 32
core   0: 3 0x8000bacc (0xfe2210e3)
core   0: 0x8000baac (0x00008d95) c.sub   a1, a3
core   0: 3 0x8000baac (0x8d95) x11 0xffffffff
core   0: 0x8000baae (0x73384f93) xori    t6, a6, 1843
core   0: 3 0x8000baae (0x73384f93) x31 0x00000736
core   0: 0x8000bab2 (0x022f3433) mulhu   s0, t5, sp
core   0: 3 0x8000bab2 (0x022f3433) x 8 0x00000000
core   0: 0x8000bab6 (0x00001275) c.addi  tp, -3
core   0: 3 0x8000bab6 (0x1275) x 4 0xfffffffd
core   0: 0x8000bab8 (0x03f0afb3) mulhsu  t6, ra, t6
core   0: 3 0x8000bab8 (0x03f0afb3) x31 0xfffffc65
core   0: 0x8000babc (0x41f9d593) srai    a1, s3, 31
core   0: 3 0x8000babc (0x41f9d593) x11 0xffffffff
core   0: 0x8000bac0 (0x7f03ecb7) lui     s9, 0x7f03e
core   0: 3 0x8000bac0 (0x7f03ecb7) x25 0x7f03e000
core   0: 0x8000bac4 (0x7bd3e713) ori     a4, t2, 1981
core   0: 3 0x8000bac4 (0x7bd3e713) x14 0x000007bf
core   0: 0x8000bac8 (0x02fedfb3) divu    t6, t4, a5
core   0: 3 0x8000bac8 (0x02fedfb3) x31 0x00000001
core   0: 0x8000bacc (0xfe2210e3) bne     tp, sp, pc - 32
core   0: 3 0x8000bacc (0xfe2210e3)
core   0: 0x8000bad0 (0x000085f2) c.mv    a1, t3
core   0: 3 0x8000bad0 (0x85f2) x11 0x00003000
core   0: 0x8000bad2 (0xe8ef4993) xori    s3, t5, -370
core   0: 3 0x8000bad2 (0xe8ef4993) x19 0xfffffe8f
core   0: 0x8000bad6 (0xbb9f6e93) ori     t4, t5, -1095
core   0: 3 0x8000bad6 (0xbb9f6e93) x29 0xfffffbb9
core   0: 0x8000bada (0x019dd593) srli    a1, s11, 25
core   0: 3 0x8000bada (0x019dd593) x11 0x0000003f
core   0: 0x8000bade (0x000001f6) c.slli  gp, 29
core   0: 3 0x8000bade (0x01f6) x 3 0x00000000
core   0: 0x8000bae0 (0xfb0bfbe3) bgeu    s7, a6, pc - 74
core   0: 3 0x8000bae0 (0xfb0bfbe3)
core   0: 0x8000bae4 (0x0ff0000f) fence   iorw,iorw
core   0: 3 0x8000bae4 (0x0ff0000f)
core   0: 0x8000bae8 (0x00005517) auipc   a0, 0x5
core   0: 3 0x8000bae8 (0x00005517) x10 0x80010ae8
core   0: 0x8000baec (0xb7950513) addi    a0, a0, -1159
core   0: 3 0x8000baec (0xb7950513) x10 0x80010661
core   0: 0x8000baf0 (0x03d035b3) mulhu   a1, zero, t4
core   0: 3 0x8000baf0 (0x03d035b3) x11 0x00000000
core   0: 0x8000baf4 (0xfe955c37) lui     s8, 0xfe955
core   0: 3 0x8000baf4 (0xfe955c37) x24 0xfe955000
core   0: 0x8000baf8 (0xfe755d03) lhu     s10, -25(a0)
core   0: 3 0x8000baf8 (0xfe755d03) x26 0x0000002b mem 0x80010648
core   0: 0x8000bafc (0xfe6523a3) sw      t1, -25(a0)
core   0: 3 0x8000bafc (0xfe6523a3) mem 0x80010648 0x00000001
core   0: 0x8000bb00 (0xfe752f03) lw      t5, -25(a0)
core   0: 3 0x8000bb00 (0xfe752f03) x30 0x00000001 mem 0x80010648
core   0: 0x8000bb04 (0x3b118693) addi    a3, gp, 945
core   0: 3 0x8000bb04 (0x3b118693) x13 0x000003b1
core   0: 0x8000bb08 (0xfed503a3) sb      a3, -25(a0)
core   0: 3 0x8000bb08 (0xfed503a3) mem 0x80010648 0xb1
core   0: 0x8000bb0c (0xff5513a3) sh      s5, -25(a0)
core   0: 3 0x8000bb0c (0xff5513a3) mem 0x80010648 0x5e24
core   0: 0x8000bb10 (0xfea513a3) sh      a0, -25(a0)
core   0: 3 0x8000bb10 (0xfea513a3) mem 0x80010648 0x0661
core   0: 0x8000bb14 (0xfe754383) lbu     t2, -25(a0)
core   0: 3 0x8000bb14 (0xfe754383) x 7 0x00000061 mem 0x80010648
core   0: 0x8000bb18 (0xfe754e03) lbu     t3, -25(a0)
core   0: 3 0x8000bb18 (0xfe754e03) x28 0x00000061 mem 0x80010648
core   0: 0x8000bb1c (0xfe755c83) lhu     s9, -25(a0)
core   0: 3 0x8000bb1c (0xfe755c83) x25 0x00000661 mem 0x80010648
core   0: 0x8000bb20 (0xfe752583) lw      a1, -25(a0)
core   0: 3 0x8000bb20 (0xfe752583) x11 0x00000661 mem 0x80010648
core   0: 0x8000bb24 (0x00008cc1) c.or    s1, s0
core   0: 3 0x8000bb24 (0x8cc1) x 9 0x0000000a
core   0: 0x8000bb26 (0xff5503a3) sb      s5, -25(a0)
core   0: 3 0x8000bb26 (0xff5503a3) mem 0x80010648 0x24
core   0: 0x8000bb2a (0x0396db33) divu    s6, a3, s9
core   0: 3 0x8000bb2a (0x0396db33) x22 0x00000000
core   0: 0x8000bb2e (0xfe751283) lh      t0, -25(a0)
core   0: 3 0x8000bb2e (0xfe751283) x 5 0x00000624 mem 0x80010648
core   0: 0x8000bb32 (0x00011117) auipc   sp, 0x11
core   0: 3 0x8000bb32 (0x00011117) x 2 0x8001cb32
core   0: 0x8000bb36 (0x50110113) addi    sp, sp, 1281
core   0: 3 0x8000bb36 (0x50110113) x 2 0x8001d033
core   0: 0x8000bb3a (0x05014083) lbu     ra, 80(sp)
core   0: 3 0x8000bb3a (0x05014083) x 1 0x00000000 mem 0x8001d083
core   0: 0x8000bb3e (0x036ad333) divu    t1, s5, s6
core   0: 3 0x8000bb3e (0x036ad333) x 6 0xffffffff
core   0: 0x8000bb42 (0xf5314303) lbu     t1, -173(sp)
core   0: 3 0x8000bb42 (0xf5314303) x 6 0x00000061 mem 0x8001cf86
core   0: 0x8000bb46 (0x00008e95) c.sub   a3, a3
core   0: 3 0x8000bb46 (0x8e95) x13 0x00000000
core   0: 0x8000bb48 (0x03363bb3) mulhu   s7, a2, s3
core   0: 3 0x8000bb48 (0x03363bb3) x23 0xfffffe8e
core   0: 0x8000bb4c (0x00ec65b3) or      a1, s8, a4
core   0: 3 0x8000bb4c (0x00ec65b3) x11 0xfe9557bf
core   0: 0x8000bb50 (0x00008d89) c.sub   a1, a0
core   0: 3 0x8000bb50 (0x8d89) x11 0x7e94515e
core   0: 0x8000bb52 (0x010d9193) slli    gp, s11, 16
core   0: 3 0x8000bb52 (0x010d9193) x 3 0xd7370000
core   0: 0x8000bb56 (0xbd112083) lw      ra, -1071(sp)
core   0: 3 0x8000bb56 (0xbd112083) x 1 0x84025f53 mem 0x8001cc04
core   0: 0x8000bb5a (0xc0114003) lbu     zero, -1023(sp)
core   0: 3 0x8000bb5a (0xc0114003) mem 0x8001cc34
core   0: 0x8000bb5e (0x00008f39) c.xor   a4, a4
core   0: 3 0x8000bb5e (0x8f39) x14 0x00000000
core   0: 0x8000bb60 (0x4aa10823) sb      a0, 1200(sp)
core   0: 3 0x8000bb60 (0x4aa10823) mem 0x8001d4e3 0x61
core   0: 0x8000bb64 (0x85910f23) sb      s9, -1954(sp)
core   0: 3 0x8000bb64 (0x85910f23) mem 0x8001c891 0x61
core   0: 0x8000bb68 (0xd3b11683) lh      a3, -709(sp)
core   0: 3 0x8000bb68 (0xd3b11683) x13 0xffffaeb0 mem 0x8001cd6e
core   0: 0x8000bb6c (0x795113a3) sh      s5, 1927(sp)
core   0: 3 0x8000bb6c (0x795113a3) mem 0x8001d7ba 0x5e24
core   0: 0x8000bb70 (0x40e10003) lb      zero, 1038(sp)
core   0: 3 0x8000bb70 (0x40e10003) mem 0x8001d441
core   0: 0x8000bb74 (0xfb387a13) andi    s4, a6, -77
core   0: 3 0x8000bb74 (0xfb387a13) x20 0x00000001
core   0: 0x8000bb78 (0x4a014c83) lbu     s9, 1184(sp)
core   0: 3 0x8000bb78 (0x4a014c83) x25 0x00000048 mem 0x8001d4d3
core   0: 0x8000bb7c (0x017c0533) add     a0, s8, s7
core   0: 3 0x8000bb7c (0x017c0533) x10 0xfe954e8e
core   0: 0x8000bb80 (0x00000001) c.nop
core   0: 3 0x8000bb80 (0x0001)
core   0: 0x8000bb82 (0x01838833) add     a6, t2, s8
core   0: 3 0x8000bb82 (0x01838833) x16 0xfe955061
core   0: 0x8000bb86 (0xf3d11983) lh      s3, -195(sp)
core   0: 3 0x8000bb86 (0xf3d11983) x19 0x00004dac mem 0x8001cf70
core   0: 0x8000bb8a (0x0000100f) fence.i
core   0: 3 0x8000bb8a (0x0000100f)
core   0: 0x8000bb8e (0x00008535) c.srai  a0, 13
core   0: 3 0x8000bb8e (0x8535) x10 0xfffff4aa
core   0: 0x8000bb90 (0x20014c03) lbu     s8, 512(sp)
core   0: 3 0x8000bb90 (0x20014c03) x24 0x0000000e mem 0x8001d233
core   0: 0x8000bb94 (0x87d10623) sb      t4, -1940(sp)
core   0: 3 0x8000bb94 (0x87d10623) mem 0x8001c89f 0xb9
core   0: 0x8000bb98 (0x03a99cb3) mulh    s9, s3, s10
core   0: 3 0x8000bb98 (0x03a99cb3) x25 0x00000000
core   0: 0x8000bb9c (0x03d85b33) divu    s6, a6, t4
core   0: 3 0x8000bb9c (0x03d85b33) x22 0x00000000
core   0: 0x8000bba0 (0x00008ce5) c.and   s1, s1
core   0: 3 0x8000bba0 (0x8ce5) x 9 0x0000000a
core   0: 0x8000bba2 (0x16110903) lb      s2, 353(sp)
core   0: 3 0x8000bba2 (0x16110903) x18 0xffffffbc mem 0x8001d194
core   0: 0x8000bba6 (0x007e29b3) slt     s3, t3, t2
core   0: 3 0x8000bba6 (0x007e29b3) x19 0x00000000
core   0: 0x8000bbaa (0x01de7fb3) and     t6, t3, t4
core   0: 3 0x8000bbaa (0x01de7fb3) x31 0x00000021
core   0: 0x8000bbae (0x58c114a3) sh      a2, 1417(sp)
core   0: 3 0x8000bbae (0x58c114a3) mem 0x8001d5bc 0xffff
core   0: 0x8000bbb2 (0x00000001) c.nop
core   0: 3 0x8000bbb2 (0x0001)
core   0: 0x8000bbb4 (0xe9e10e83) lb      t4, -354(sp)
core   0: 3 0x8000bbb4 (0xe9e10e83) x29 0x00000065 mem 0x8001ced1
core   0: 0x8000bbb8 (0x40a4d393) srai    t2, s1, 10
core   0: 3 0x8000bbb8 (0x40a4d393) x 7 0x00000000
core   0: 0x8000bbbc (0x9f7107a3) sb      s7, -1553(sp)
core   0: 3 0x8000bbbc (0x9f7107a3) mem 0x8001ca22 0x8e
core   0: 0x8000bbc0 (0xc3b11e03) lh      t3, -965(sp)
core   0: 3 0x8000bbc0 (0xc3b11e03) x28 0xffffd717 mem 0x8001cc6e
core   0: 0x8000bbc4 (0xda311603) lh      a2, -605(sp)
core   0: 3 0x8000bbc4 (0xda311603) x12 0x00001dc2 mem 0x8001cdd6
core   0: 0x8000bbc8 (0x410c0533) sub     a0, s8, a6
core   0: 3 0x8000bbc8 (0x410c0533) x10 0x016aafad
core   0: 0x8000bbcc (0xe2910523) sb      s1, -470(sp)
core   0: 3 0x8000bbcc (0xe2910523) mem 0x8001ce5d 0xa
core   0: 0x8000bbd0 (0x2a311ea3) sh      gp, 701(sp)
core   0: 3 0x8000bbd0 (0x2a311ea3) mem 0x8001d2f0 0x0000
core   0: 0x8000bbd4 (0x91013d13) sltiu   s10, sp, -1776
core   0: 3 0x8000bbd4 (0x91013d13) x26 0x00000001
core   0: 0x8000bbd8 (0x5fd11383) lh      t2, 1533(sp)
core   0: 3 0x8000bbd8 (0x5fd11383) x 7 0x0000773d mem 0x8001d630
core   0: 0x8000bbdc (0x00cc8533) add     a0, s9, a2
core   0: 3 0x8000bbdc (0x00cc8533) x10 0x00001dc2
core   0: 0x8000bbe0 (0x0000077e) c.slli  a4, 31
core   0: 3 0x8000bbe0 (0x077e) x14 0x00000000
core   0: 0x8000bbe2 (0x77014483) lbu     s1, 1904(sp)
core   0: 3 0x8000bbe2 (0x77014483) x 9 0x0000005a mem 0x8001d7a3
core   0: 0x8000bbe6 (0x0000892e) c.mv    s2, a1
core   0: 3 0x8000bbe6 (0x892e) x18 0x7e94515e
core   0: 0x8000bbe8 (0x6be10383) lb      t2, 1726(sp)
core   0: 3 0x8000bbe8 (0x6be10383) x 7 0xffffff8e mem 0x8001d6f1
core   0: 0x8000bbec (0x75e14983) lbu     s3, 1886(sp)
core   0: 3 0x8000bbec (0x75e14983) x19 0x000000c0 mem 0x8001d791
core   0: 0x8000bbf0 (0x84711403) lh      s0, -1977(sp)
core   0: 3 0x8000bbf0 (0x84711403) x 8 0xffffe2bc mem 0x8001c87a
core   0: 0x8000bbf4 (0x96414a03) lbu     s4, -1692(sp)
core   0: 3 0x8000bbf4 (0x96414a03) x20 0x00000078 mem 0x8001c997
core   0: 0x8000bbf8 (0x02a00def) jal     s11, pc + 0x2a
core   0: 3 0x8000bbf8 (0x02a00def) x27 0x8000bbfc
core   0: 0x8000bc22 (0x0000bfe5) c.j     pc - 8
core   0: 3 0x8000bc22 (0xbfe5)
core   0: 0x8000bc1a (0x00002009) c.jal   pc + 2
core   0: 3 0x8000bc1a (0x2009) x 1 0x8000bc1c
core   0: 0x8000bc1c (0x0000b7dd) c.j     pc - 26
core   0: 3 0x8000bc1c (0xb7dd)
core   0: 0x8000bc02 (0x0000a819) c.j     pc + 22
core   0: 3 0x8000bc02 (0xa819)
core   0: 0x8000bc18 (0x000037dd) c.jal   pc - 26
core   0: 3 0x8000bc18 (0x37dd) x 1 0x8000bc1a
core   0: 0x8000bbfe (0x0000a81d) c.j     pc + 54
core   0: 3 0x8000bbfe (0xa81d)
core   0: 0x8000bc34 (0x00003ffd) c.jal   pc - 2
core   0: 3 0x8000bc34 (0x3ffd) x 1 0x8000bc36
core   0: 0x8000bc32 (0x0000a011) c.j     pc + 4
core   0: 3 0x8000bc32 (0xa011)
core   0: 0x8000bc36 (0x00003fd1) c.jal   pc - 44
core   0: 3 0x8000bc36 (0x3fd1) x 1 0x8000bc38
core   0: 0x8000bc0a (0x00002811) c.jal   pc + 20
core   0: 3 0x8000bc0a (0x2811) x 1 0x8000bc0c
core   0: 0x8000bc1e (0x00003fcd) c.jal   pc - 14
core   0: 3 0x8000bc1e (0x3fcd) x 1 0x8000bc20
core   0: 0x8000bc10 (0x0000bfd5) c.j     pc - 12
core   0: 3 0x8000bc10 (0xbfd5)
core   0: 0x8000bc04 (0x00003fe5) c.jal   pc - 8
core   0: 3 0x8000bc04 (0x3fe5) x 1 0x8000bc06
core   0: 0x8000bbfc (0x0000a835) c.j     pc + 60
core   0: 3 0x8000bbfc (0xa835)
core   0: 0x8000bc38 (0x0000bfdd) c.j     pc - 10
core   0: 3 0x8000bc38 (0xbfdd)
core   0: 0x8000bc2e (0x0000bff5) c.j     pc - 4
core   0: 3 0x8000bc2e (0xbff5)
core   0: 0x8000bc2a (0xfd7ff0ef) jal     pc - 0x2a
core   0: 3 0x8000bc2a (0xfd7ff0ef) x 1 0x8000bc2e
core   0: 0x8000bc00 (0x0000a019) c.j     pc + 6
core   0: 3 0x8000bc00 (0xa019)
core   0: 0x8000bc06 (0x00c0036f) jal     t1, pc + 0xc
core   0: 3 0x8000bc06 (0x00c0036f) x 6 0x8000bc0a
core   0: 0x8000bc12 (0x0000bfed) c.j     pc - 6
core   0: 3 0x8000bc12 (0xbfed)
core   0: 0x8000bc0c (0x018000ef) jal     pc + 0x18
core   0: 3 0x8000bc0c (0x018000ef) x 1 0x8000bc10
core   0: 0x8000bc24 (0x0000bff5) c.j     pc - 4
core   0: 3 0x8000bc24 (0xbff5)
core   0: 0x8000bc20 (0x0000a801) c.j     pc + 16
core   0: 3 0x8000bc20 (0xa801)
core   0: 0x8000bc30 (0x0000bfe5) c.j     pc - 8
core   0: 3 0x8000bc30 (0xbfe5)
core   0: 0x8000bc28 (0x00003ffd) c.jal   pc - 2
core   0: 3 0x8000bc28 (0x3ffd) x 1 0x8000bc2a
core   0: 0x8000bc26 (0x000037fd) c.jal   pc - 18
core   0: 3 0x8000bc26 (0x37fd) x 1 0x8000bc28
core   0: 0x8000bc14 (0x0000a009) c.j     pc + 2
core   0: 3 0x8000bc14 (0xa009)
core   0: 0x8000bc16 (0x00002015) c.jal   pc + 36
core   0: 3 0x8000bc16 (0x2015) x 1 0x8000bc18
core   0: 0x8000bc3a (0x00000a10) c.addi4spn a2, sp, 272
core   0: 3 0x8000bc3a (0x0a10) x12 0x8001d143
core   0: 0x8000bc3c (0x00005517) auipc   a0, 0x5
core   0: 3 0x8000bc3c (0x00005517) x10 0x80010c3c
core   0: 0x8000bc40 (0xcb150513) addi    a0, a0, -847
core   0: 3 0x8000bc40 (0xcb150513) x10 0x800108ed
core   0: 0x8000bc44 (0x0000f197) auipc   gp, 0xf
core   0: 3 0x8000bc44 (0x0000f197) x 3 0x8001ac44
core   0: 0x8000bc48 (0xe8918193) addi    gp, gp, -375
core   0: 3 0x8000bc48 (0xe8918193) x 3 0x8001aacd
core   0: 0x8000bc4c (0x0321c403) lbu     s0, 50(gp)
core   0: 3 0x8000bc4c (0x0321c403) x 8 0x00000002 mem 0x8001aaff
core   0: 0x8000bc50 (0x0c450383) lb      t2, 196(a0)
core   0: 3 0x8000bc50 (0x0c450383) x 7 0x00000064 mem 0x800109b1
core   0: 0x8000bc54 (0x05250303) lb      t1, 82(a0)
core   0: 3 0x8000bc54 (0x05250303) x 6 0xffffffd3 mem 0x8001093f
core   0: 0x8000bc58 (0x03a1c683) lbu     a3, 58(gp)
core   0: 3 0x8000bc58 (0x03a1c683) x13 0x000000ed mem 0x8001ab07
core   0: 0x8000bc5c (0x00454403) lbu     s0, 4(a0)
core   0: 3 0x8000bc5c (0x00454403) x 8 0x00000018 mem 0x800108f1
core   0: 0x8000bc60 (0xfe454003) lbu     zero, -28(a0)
core   0: 3 0x8000bc60 (0xfe454003) mem 0x800108d1
core   0: 0x8000bc64 (0x02b51b83) lh      s7, 43(a0)
core   0: 3 0x8000bc64 (0x02b51b83) x23 0x00006ee4 mem 0x80010918
core   0: 0x8000bc68 (0xfe118403) lb      s0, -31(gp)
core   0: 3 0x8000bc68 (0xfe118403) x 8 0x0000003d mem 0x8001aaae
core   0: 0x8000bc6c (0x04554703) lbu     a4, 69(a0)
core   0: 3 0x8000bc6c (0x04554703) x14 0x0000009a mem 0x80010932
core   0: 0x8000bc70 (0xf3150e03) lb      t3, -207(a0)
core   0: 3 0x8000bc70 (0xf3150e03) x28 0x0000000a mem 0x8001081e
core   0: 0x8000bc74 (0x0081c683) lbu     a3, 8(gp)
core   0: 3 0x8000bc74 (0x0081c683) x13 0x00000021 mem 0x8001aad5
core   0: 0x8000bc78 (0x06a50d03) lb      s10, 106(a0)
core   0: 3 0x8000bc78 (0x06a50d03) x26 0xffffffaa mem 0x80010957
core   0: 0x8000bc7c (0x00018c83) lb      s9, 0(gp)
core   0: 3 0x8000bc7c (0x00018c83) x25 0x0000000f mem 0x8001aacd
core   0: 0x8000bc80 (0xff950623) sb      s9, -20(a0)
core   0: 3 0x8000bc80 (0xff950623) mem 0x800108d9 0xf
core   0: 0x8000bc84 (0x02118423) sb      ra, 40(gp)
core   0: 3 0x8000bc84 (0x02118423) mem 0x8001aaf5 0x18
core   0: 0x8000bc88 (0x0c050703) lb      a4, 192(a0)
core   0: 3 0x8000bc88 (0x0c050703) x14 0xfffffff0 mem 0x800109ad
core   0: 0x8000bc8c (0x00518003) lb      zero, 5(gp)
core   0: 3 0x8000bc8c (0x00518003) mem 0x8001aad2
core   0: 0x8000bc90 (0x00300293) li      t0, 3
core   0: 3 0x8000bc90 (0x00300293) x 5 0x00000003
core   0: 0x8000bc94 (0x00b00c93) li      s9, 11
core   0: 3 0x8000bc94 (0x00b00c93) x25 0x0000000b
core   0: 0x8000bc98 (0x000080d2) c.mv    ra, s4
core   0: 3 0x8000bc98 (0x80d2) x 1 0x00000078
core   0: 0x8000bc9a (0x006cd5b3) srl     a1, s9, t1
core   0: 3 0x8000bc9a (0x006cd5b3) x11 0x00000000
core   0: 0x8000bc9e (0x000002a9) c.addi  t0, 10
core   0: 3 0x8000bc9e (0x02a9) x 5 0x0000000d
core   0: 0x8000bca0 (0x00a00d93) li      s11, 10
core   0: 3 0x8000bca0 (0x00a00d93) x27 0x0000000a
core   0: 0x8000bca4 (0x00400b93) li      s7, 4
core   0: 3 0x8000bca4 (0x00400b93) x23 0x00000004
core   0: 0x8000bca8 (0x01d2beb3) sltu    t4, t0, t4
core   0: 3 0x8000bca8 (0x01d2beb3) x29 0x00000001
core   0: 0x8000bcac (0x00af5a33) srl     s4, t5, a0
core   0: 3 0x8000bcac (0x00af5a33) x20 0x00000000
core   0: 0x8000bcb0 (0x00001008) c.addi4spn a0, sp, 32
core   0: 3 0x8000bcb0 (0x1008) x10 0x8001d053
core   0: 0x8000bcb2 (0x00001df9) c.addi  s11, -2
core   0: 3 0x8000bcb2 (0x1df9) x27 0x00000008
core   0: 0x8000bcb4 (0x00008d99) c.sub   a1, a4
core   0: 3 0x8000bcb4 (0x8d99) x11 0x00000010
core   0: 0x8000bcb6 (0xff7dfde3) bgeu    s11, s7, pc - 6
core   0: 3 0x8000bcb6 (0xff7dfde3)
core   0: 0x8000bcb0 (0x00001008) c.addi4spn a0, sp, 32
core   0: 3 0x8000bcb0 (0x1008) x10 0x8001d053
core   0: 0x8000bcb2 (0x00001df9) c.addi  s11, -2
core   0: 3 0x8000bcb2 (0x1df9) x27 0x00000006
core   0: 0x8000bcb4 (0x00008d99) c.sub   a1, a4
core   0: 3 0x8000bcb4 (0x8d99) x11 0x00000020
core   0: 0x8000bcb6 (0xff7dfde3) bgeu    s11, s7, pc - 6
core   0: 3 0x8000bcb6 (0xff7dfde3)
core   0: 0x8000bcb0 (0x00001008) c.addi4spn a0, sp, 32
core   0: 3 0x8000bcb0 (0x1008) x10 0x8001d053
core   0: 0x8000bcb2 (0x00001df9) c.addi  s11, -2
core   0: 3 0x8000bcb2 (0x1df9) x27 0x00000004
core   0: 0x8000bcb4 (0x00008d99) c.sub   a1, a4
core   0: 3 0x8000bcb4 (0x8d99) x11 0x00000030
core   0: 0x8000bcb6 (0xff7dfde3) bgeu    s11, s7, pc - 6
core   0: 3 0x8000bcb6 (0xff7dfde3)
core   0: 0x8000bcb0 (0x00001008) c.addi4spn a0, sp, 32
core   0: 3 0x8000bcb0 (0x1008) x10 0x8001d053
core   0: 0x8000bcb2 (0x00001df9) c.addi  s11, -2
core   0: 3 0x8000bcb2 (0x1df9) x27 0x00000002
core   0: 0x8000bcb4 (0x00008d99) c.sub   a1, a4
core   0: 3 0x8000bcb4 (0x8d99) x11 0x00000040
core   0: 0x8000bcb6 (0xff7dfde3) bgeu    s11, s7, pc - 6
core   0: 3 0x8000bcb6 (0xff7dfde3)
core   0: 0x8000bcba (0xfd92cfe3) blt     t0, s9, pc - 34
core   0: 3 0x8000bcba (0xfd92cfe3)
core   0: 0x8000bcbe (0x00d103b3) add     t2, sp, a3
core   0: 3 0x8000bcbe (0x00d103b3) x 7 0x8001d054
core   0: 0x8000bcc2 (0x00004197) auipc   gp, 0x4
core   0: 3 0x8000bcc2 (0x00004197) x 3 0x8000fcc2
core   0: 0x8000bcc6 (0x44618193) addi    gp, gp, 1094
core   0: 3 0x8000bcc6 (0x44618193) x 3 0x80010108
core   0: 0x8000bcca (0xfcb1a823) sw      a1, -48(gp)
core   0: 3 0x8000bcca (0xfcb1a823) mem 0x800100d8 0x00000040
core   0: 0x8000bcce (0x00009226) c.add   tp, s1
core   0: 3 0x8000bcce (0x9226) x 4 0x00000057
core   0: 0x8000bcd0 (0x003e1433) sll     s0, t3, gp
core   0: 3 0x8000bcd0 (0x003e1433) x 8 0x00000a00
core   0: 0x8000bcd4 (0x0201ab83) lw      s7, 32(gp)
core   0: 3 0x8000bcd4 (0x0201ab83) x23 0x14374c7e mem 0x80010128
core   0: 0x8000bcd8 (0x0381d703) lhu     a4, 56(gp)
core   0: 3 0x8000bcd8 (0x0381d703) x14 0x0000586e mem 0x80010140
core   0: 0x8000bcdc (0x01319923) sh      s3, 18(gp)
core   0: 3 0x8000bcdc (0x01319923) mem 0x8001011a 0x00c0
core   0: 0x8000bce0 (0xfdb18f83) lb      t6, -37(gp)
core   0: 3 0x8000bce0 (0xfdb18f83) x31 0xffffff92 mem 0x800100e3
core   0: 0x8000bce4 (0x00000dd2) c.slli  s11, 20
core   0: 3 0x8000bce4 (0x0dd2) x27 0x00200000
core   0: 0x8000bce6 (0xfe71c303) lbu     t1, -25(gp)
core   0: 3 0x8000bce6 (0xfe71c303) x 6 0x00000064 mem 0x800100ef
core   0: 0x8000bcea (0xffb18d83) lb      s11, -5(gp)
core   0: 3 0x8000bcea (0xffb18d83) x27 0x0000007a mem 0x80010103
core   0: 0x8000bcee (0x0391c103) lbu     sp, 57(gp)
core   0: 3 0x8000bcee (0x0391c103) x 2 0x00000058 mem 0x80010141
core   0: 0x8000bcf2 (0xa5a2c593) xori    a1, t0, -1446
core   0: 3 0x8000bcf2 (0xa5a2c593) x11 0xfffffa57
core   0: 0x8000bcf6 (0xfff18d83) lb      s11, -1(gp)
core   0: 3 0x8000bcf6 (0xfff18d83) x27 0x00000023 mem 0x80010107
core   0: 0x8000bcfa (0xfcd183a3) sb      a3, -57(gp)
core   0: 3 0x8000bcfa (0xfcd183a3) mem 0x800100cf 0x21
core   0: 0x8000bcfe (0x4082d013) srai    zero, t0, 8
core   0: 3 0x8000bcfe (0x4082d013)
core   0: 0x8000bd02 (0x0000100f) fence.i
core   0: 3 0x8000bd02 (0x0000100f)
core   0: 0x8000bd06 (0xfda1db83) lhu     s7, -38(gp)
core   0: 3 0x8000bd06 (0xfda1db83) x23 0x00009295 mem 0x800100e2
core   0: 0x8000bd0a (0xffe1d803) lhu     a6, -2(gp)
core   0: 3 0x8000bd0a (0xffe1d803) x16 0x00002313 mem 0x80010106
core   0: 0x8000bd0e (0x03b19623) sh      s11, 44(gp)
core   0: 3 0x8000bd0e (0x03b19623) mem 0x80010134 0x0023
core   0: 0x8000bd12 (0xfc218803) lb      a6, -62(gp)
core   0: 3 0x8000bd12 (0xfc218803) x16 0xfffffffa mem 0x800100ca
core   0: 0x8000bd16 (0x41195a13) srai    s4, s2, 17
core   0: 3 0x8000bd16 (0x41195a13) x20 0x00003f4a
core   0: 0x8000bd1a (0x00008a0d) c.andi  a2, 3
core   0: 3 0x8000bd1a (0x8a0d) x12 0x00000003
core   0: 0x8000bd1c (0x00a19f83) lh      t6, 10(gp)
core   0: 3 0x8000bd1c (0x00a19f83) x31 0x00000277 mem 0x80010112
core   0: 0x8000bd20 (0xfd01cb83) lbu     s7, -48(gp)
core   0: 3 0x8000bd20 (0xfd01cb83) x23 0x00000040 mem 0x800100d8
core   0: 0x8000bd24 (0x01c1ad83) lw      s11, 28(gp)
core   0: 3 0x8000bd24 (0x01c1ad83) x27 0x3d771f35 mem 0x80010124
core   0: 0x8000bd28 (0x01724c33) xor     s8, tp, s7
core   0: 3 0x8000bd28 (0x01724c33) x24 0x00000017
core   0: 0x8000bd2c (0x037185a3) sb      s7, 43(gp)
core   0: 3 0x8000bd2c (0x037185a3) mem 0x80010133 0x40
core   0: 0x8000bd30 (0xffe18ea3) sb      t5, -3(gp)
core   0: 3 0x8000bd30 (0xffe18ea3) mem 0x80010105 0x1
core   0: 0x8000bd34 (0x01918703) lb      a4, 25(gp)
core   0: 3 0x8000bd34 (0x01918703) x14 0x00000067 mem 0x80010121
core   0: 0x8000bd38 (0xffb1a623) sw      s11, -20(gp)
core   0: 3 0x8000bd38 (0xffb1a623) mem 0x800100f4 0x3d771f35
core   0: 0x8000bd3c (0x005bc933) xor     s2, s7, t0
core   0: 3 0x8000bd3c (0x005bc933) x18 0x0000004d
core   0: 0x8000bd40 (0x00e19d83) lh      s11, 14(gp)
core   0: 3 0x8000bd40 (0x00e19d83) x27 0xffffd87b mem 0x80010116
core   0: 0x8000bd44 (0xfd4187a3) sb      s4, -49(gp)
core   0: 3 0x8000bd44 (0xfd4187a3) mem 0x800100d7 0x4a
core   0: 0x8000bd48 (0x01f18b23) sb      t6, 22(gp)
core   0: 3 0x8000bd48 (0x01f18b23) mem 0x8001011e 0x77
core   0: 0x8000bd4c (0x00004f17) auipc   t5, 0x4
core   0: 3 0x8000bd4c (0x00004f17) x30 0x8000fd4c
core   0: 0x8000bd50 (0x5f0f0f13) addi    t5, t5, 1520
core   0: 3 0x8000bd50 (0x5f0f0f13) x30 0x8001033c
core   0: 0x8000bd54 (0x01ef5003) lhu     zero, 30(t5)
core   0: 3 0x8000bd54 (0x01ef5003) mem 0x8001035a
core   0: 0x8000bd58 (0x01ef0d03) lb      s10, 30(t5)
core   0: 3 0x8000bd58 (0x01ef0d03) x26 0x0000005a mem 0x8001035a
core   0: 0x8000bd5c (0x02f31e33) mulh    t3, t1, a5
core   0: 3 0x8000bd5c (0x02f31e33) x28 0xffffffce
core   0: 0x8000bd60 (0x01ef4983) lbu     s3, 30(t5)
core   0: 3 0x8000bd60 (0x01ef4983) x19 0x0000005a mem 0x8001035a
core   0: 0x8000bd64 (0xff9f0f83) lb      t6, -7(t5)
core   0: 3 0x8000bd64 (0xff9f0f83) x31 0x00000064 mem 0x80010335
core   0: 0x8000bd68 (0x030f5303) lhu     t1, 48(t5)
core   0: 3 0x8000bd68 (0x030f5303) x 6 0x0000ca0d mem 0x8001036c
core   0: 0x8000bd6c (0x028f0823) sb      s0, 48(t5)
core   0: 3 0x8000bd6c (0x028f0823) mem 0x8001036c 0x0
core   0: 0x8000bd70 (0x03a7fb33) remu    s6, a5, s10
core   0: 3 0x8000bd70 (0x03a7fb33) x22 0x00000004
core   0: 0x8000bd74 (0x02cf0da3) sb      a2, 59(t5)
core   0: 3 0x8000bd74 (0x02cf0da3) mem 0x80010377 0x3
core   0: 0x8000bd78 (0x03bf0b03) lb      s6, 59(t5)
core   0: 3 0x8000bd78 (0x03bf0b03) x22 0x00000003 mem 0x80010377
core   0: 0x8000bd7c (0xfe2f0303) lb      t1, -30(t5)
core   0: 3 0x8000bd7c (0xfe2f0303) x 6 0x0000001d mem 0x8001031e
core   0: 0x8000bd80 (0xfc0f0d83) lb      s11, -64(t5)
core   0: 3 0x8000bd80 (0xfc0f0d83) x27 0xffffffc4 mem 0x800102fc
core   0: 0x8000bd84 (0xff9f0aa3) sb      s9, -11(t5)
core   0: 3 0x8000bd84 (0xff9f0aa3) mem 0x80010331 0xb
core   0: 0x8000bd88 (0x0000717d) c.addi16sp sp, -16
core   0: 3 0x8000bd88 (0x717d) x 2 0x00000048
core   0: 0x8000bd8a (0xff5f4183) lbu     gp, -11(t5)
core   0: 3 0x8000bd8a (0xff5f4183) x 3 0x0000000b mem 0x80010331
core   0: 0x8000bd8e (0x00df4983) lbu     s3, 13(t5)
core   0: 3 0x8000bd8e (0x00df4983) x19 0x00000033 mem 0x80010349
core   0: 0x8000bd92 (0x00df4103) lbu     sp, 13(t5)
core   0: 3 0x8000bd92 (0x00df4103) x 2 0x00000033 mem 0x80010349
core   0: 0x8000bd96 (0xfcef4983) lbu     s3, -50(t5)
core   0: 3 0x8000bd96 (0xfcef4983) x19 0x000000b1 mem 0x8001030a
core   0: 0x8000bd9a (0xffd00513) li      a0, -3
core   0: 3 0x8000bd9a (0xffd00513) x10 0xfffffffd
core   0: 0x8000bd9e (0x00000001) c.nop
core   0: 3 0x8000bd9e (0x0001)
core   0: 0x8000bda0 (0x00001b14) c.addi4spn a3, sp, 432
core   0: 3 0x8000bda0 (0x1b14) x13 0x000001e3
core   0: 0x8000bda2 (0x00000001) c.nop
core   0: 3 0x8000bda2 (0x0001)
core   0: 0x8000bda4 (0x0000050d) c.addi  a0, 3
core   0: 3 0x8000bda4 (0x050d) x10 0x00000000
core   0: 0x8000bda6 (0xffa00713) li      a4, -6
core   0: 3 0x8000bda6 (0xffa00713) x14 0xfffffffa
core   0: 0x8000bdaa (0xdb2a6f93) ori     t6, s4, -590
core   0: 3 0x8000bdaa (0xdb2a6f93) x31 0xfffffffa
core   0: 0x8000bdae (0xff900e93) li      t4, -7
core   0: 3 0x8000bdae (0xff900e93) x29 0xfffffff9
core   0: 0x8000bdb2 (0x000095b2) c.add   a1, a2
core   0: 3 0x8000bdb2 (0x95b2) x11 0xfffffa5a
core   0: 0x8000bdb4 (0x00001759) c.addi  a4, -10
core   0: 3 0x8000bdb4 (0x1759) x14 0xfffffff0
core   0: 0x8000bdb6 (0xffd75ee3) bge     a4, t4, pc - 4
core   0: 3 0x8000bdb6 (0xffd75ee3)
core   0: 0x8000bdba (0x0000d17d) c.beqz  a0, pc - 26
core   0: 3 0x8000bdba (0xd17d)
core   0: 0x8000bda0 (0x00001b14) c.addi4spn a3, sp, 432
core   0: 3 0x8000bda0 (0x1b14) x13 0x000001e3
core   0: 0x8000bda2 (0x00000001) c.nop
core   0: 3 0x8000bda2 (0x0001)
core   0: 0x8000bda4 (0x0000050d) c.addi  a0, 3
core   0: 3 0x8000bda4 (0x050d) x10 0x00000003
core   0: 0x8000bda6 (0xffa00713) li      a4, -6
core   0: 3 0x8000bda6 (0xffa00713) x14 0xfffffffa
core   0: 0x8000bdaa (0xdb2a6f93) ori     t6, s4, -590
core   0: 3 0x8000bdaa (0xdb2a6f93) x31 0xfffffffa
core   0: 0x8000bdae (0xff900e93) li      t4, -7
core   0: 3 0x8000bdae (0xff900e93) x29 0xfffffff9
core   0: 0x8000bdb2 (0x000095b2) c.add   a1, a2
core   0: 3 0x8000bdb2 (0x95b2) x11 0xfffffa5d
core   0: 0x8000bdb4 (0x00001759) c.addi  a4, -10
core   0: 3 0x8000bdb4 (0x1759) x14 0xfffffff0
core   0: 0x8000bdb6 (0xffd75ee3) bge     a4, t4, pc - 4
core   0: 3 0x8000bdb6 (0xffd75ee3)
core   0: 0x8000bdba (0x0000d17d) c.beqz  a0, pc - 26
core   0: 3 0x8000bdba (0xd17d)
core   0: 0x8000bdbc (0x02e760b3) rem     ra, a4, a4
core   0: 3 0x8000bdbc (0x02e760b3) x 1 0x00000000
core   0: 0x8000bdc0 (0x00005117) auipc   sp, 0x5
core   0: 3 0x8000bdc0 (0x00005117) x 2 0x80010dc0
core   0: 0x8000bdc4 (0x13e10113) addi    sp, sp, 318
core   0: 3 0x8000bdc4 (0x13e10113) x 2 0x80010efe
core   0: 0x8000bdc8 (0x019b1eb3) sll     t4, s6, s9
core   0: 3 0x8000bdc8 (0x019b1eb3) x29 0x00001800
core   0: 0x8000bdcc (0x00535093) srli    ra, t1, 5
core   0: 3 0x8000bdcc (0x00535093) x 1 0x00000000
core   0: 0x8000bdd0 (0x00008e99) c.sub   a3, a4
core   0: 3 0x8000bdd0 (0x8e99) x13 0x000001f3
core   0: 0x8000bdd2 (0xffe14603) lbu     a2, -2(sp)
core   0: 3 0x8000bdd2 (0xffe14603) x12 0x000000a3 mem 0x80010efc
core   0: 0x8000bdd6 (0xffe15f03) lhu     t5, -2(sp)
core   0: 3 0x8000bdd6 (0xffe15f03) x30 0x0000fda3 mem 0x80010efc
core   0: 0x8000bdda (0xffe14983) lbu     s3, -2(sp)
core   0: 3 0x8000bdda (0xffe14983) x19 0x000000a3 mem 0x80010efc
core   0: 0x8000bdde (0x0046d613) srli    a2, a3, 4
core   0: 3 0x8000bdde (0x0046d613) x12 0x0000001f
core   0: 0x8000bde2 (0xfff11f23) sh      t6, -2(sp)
core   0: 3 0x8000bde2 (0xfff11f23) mem 0x80010efc 0xfffa
core   0: 0x8000bde6 (0xffe12f23) sw      t5, -2(sp)
core   0: 3 0x8000bde6 (0xffe12f23) mem 0x80010efc 0x0000fda3
core   0: 0x8000bdea (0xfcf107a3) sb      a5, -49(sp)
core   0: 3 0x8000bdea (0xfcf107a3) mem 0x80010ecd 0xe4
core   0: 0x8000bdee (0xfcf10583) lb      a1, -49(sp)
core   0: 3 0x8000bdee (0xfcf10583) x11 0xffffffe4 mem 0x80010ecd
core   0: 0x8000bdf2 (0xfcf14a03) lbu     s4, -49(sp)
core   0: 3 0x8000bdf2 (0xfcf14a03) x20 0x000000e4 mem 0x80010ecd
core   0: 0x8000bdf6 (0xa0af1917) auipc   s2, 0xa0af1
core   0: 3 0x8000bdf6 (0xa0af1917) x18 0x20afcdf6
core   0: 0x8000bdfa (0xfcf14183) lbu     gp, -49(sp)
core   0: 3 0x8000bdfa (0xfcf14183) x 3 0x000000e4 mem 0x80010ecd
core   0: 0x8000bdfe (0xfcf14583) lbu     a1, -49(sp)
core   0: 3 0x8000bdfe (0xfcf14583) x11 0x000000e4 mem 0x80010ecd
core   0: 0x8000be02 (0x01b10aa3) sb      s11, 21(sp)
core   0: 3 0x8000be02 (0x01b10aa3) mem 0x80010f13 0xc4
core   0: 0x8000be06 (0x02612283) lw      t0, 38(sp)
core   0: 3 0x8000be06 (0x02612283) x 5 0x28428959 mem 0x80010f24
core   0: 0x8000be0a (0x01200def) jal     s11, pc + 0x12
core   0: 3 0x8000be0a (0x01200def) x27 0x8000be0e
core   0: 0x8000be1c (0x00002801) c.jal   pc + 16
core   0: 3 0x8000be1c (0x2801) x 1 0x8000be1e
core   0: 0x8000be2c (0x0000b7fd) c.j     pc - 18
core   0: 3 0x8000be2c (0xb7fd)
core   0: 0x8000be1a (0x00002021) c.jal   pc + 8
core   0: 3 0x8000be1a (0x2021) x 1 0x8000be1c
core   0: 0x8000be22 (0x0000a009) c.j     pc + 2
core   0: 3 0x8000be22 (0xa009)
core   0: 0x8000be24 (0x0000a815) c.j     pc + 52
core   0: 3 0x8000be24 (0xa815)
core   0: 0x8000be58 (0x00003f7d) c.jal   pc - 66
core   0: 3 0x8000be58 (0x3f7d) x 1 0x8000be5a
core   0: 0x8000be16 (0xff9ff26f) jal     tp, pc - 0x8
core   0: 3 0x8000be16 (0xff9ff26f) x 4 0x8000be1a
core   0: 0x8000be0e (0x0000a831) c.j     pc + 28
core   0: 3 0x8000be0e (0xa831)
core   0: 0x8000be2a (0x00003ffd) c.jal   pc - 2
core   0: 3 0x8000be2a (0x3ffd) x 1 0x8000be2c
core   0: 0x8000be28 (0x0000a811) c.j     pc + 20
core   0: 3 0x8000be28 (0xa811)
core   0: 0x8000be3c (0x00002821) c.jal   pc + 24
core   0: 3 0x8000be3c (0x2821) x 1 0x8000be3e
core   0: 0x8000be54 (0xff7ff26f) jal     tp, pc - 0xa
core   0: 3 0x8000be54 (0xff7ff26f) x 4 0x8000be58
core   0: 0x8000be4a (0x000037fd) c.jal   pc - 18
core   0: 3 0x8000be4a (0x37fd) x 1 0x8000be4c
core   0: 0x8000be38 (0xfffff0ef) jal     pc - 0x2
core   0: 3 0x8000be38 (0xfffff0ef) x 1 0x8000be3c
core   0: 0x8000be36 (0x0000a021) c.j     pc + 8
core   0: 3 0x8000be36 (0xa021)
core   0: 0x8000be3e (0x006002ef) jal     t0, pc + 0x6
core   0: 3 0x8000be3e (0x006002ef) x 5 0x8000be42
core   0: 0x8000be44 (0x000037ed) c.jal   pc - 22
core   0: 3 0x8000be44 (0x37ed) x 1 0x8000be46
core   0: 0x8000be2e (0x018000ef) jal     pc + 0x18
core   0: 3 0x8000be2e (0x018000ef) x 1 0x8000be32
core   0: 0x8000be46 (0xfcbff0ef) jal     pc - 0x36
core   0: 3 0x8000be46 (0xfcbff0ef) x 1 0x8000be4a
core   0: 0x8000be10 (0x0160036f) jal     t1, pc + 0x16
core   0: 3 0x8000be10 (0x0160036f) x 6 0x8000be14
core   0: 0x8000be26 (0x0000a031) c.j     pc + 12
core   0: 3 0x8000be26 (0xa031)
core   0: 0x8000be32 (0xfedff26f) jal     tp, pc - 0x14
core   0: 3 0x8000be32 (0xfedff26f) x 4 0x8000be36
core   0: 0x8000be1e (0xff7ff0ef) jal     pc - 0xa
core   0: 3 0x8000be1e (0xff7ff0ef) x 1 0x8000be22
core   0: 0x8000be14 (0x0000a03d) c.j     pc + 46
core   0: 3 0x8000be14 (0xa03d)
core   0: 0x8000be42 (0x0000a039) c.j     pc + 14
core   0: 3 0x8000be42 (0xa039)
core   0: 0x8000be50 (0xffdff0ef) jal     pc - 0x4
core   0: 3 0x8000be50 (0xffdff0ef) x 1 0x8000be54
core   0: 0x8000be4c (0x00e002ef) jal     t0, pc + 0xe
core   0: 3 0x8000be4c (0x00e002ef) x 5 0x8000be50
core   0: 0x8000be5a (0x00008f55) c.or    a4, a3
core   0: 3 0x8000be5a (0x8f55) x14 0xfffffff3
core   0: 0x8000be5c (0x0238e133) rem     sp, a7, gp
core   0: 3 0x8000be5c (0x0238e133) x 2 0x00000000
core   0: 0x8000be60 (0x93b4ba37) lui     s4, 0x93b4b
core   0: 3 0x8000be60 (0x93b4ba37) x20 0x93b4b000
core   0: 0x8000be64 (0x01821733) sll     a4, tp, s8
core   0: 3 0x8000be64 (0x01821733) x14 0x1b000000
core   0: 0x8000be68 (0x817f7b93) andi    s7, t5, -2025
core   0: 3 0x8000be68 (0x817f7b93) x23 0x0000f803
core   0: 0x8000be6c (0x71ad0697) auipc   a3, 0x71ad0
core   0: 3 0x8000be6c (0x71ad0697) x13 0xf1adbe6c
core   0: 0x8000be70 (0x000099fd) c.andi  a1, -1
core   0: 3 0x8000be70 (0x99fd) x11 0x000000e4
core   0: 0x8000be72 (0x00008fee) c.mv    t6, s11
core   0: 3 0x8000be72 (0x8fee) x31 0x8000be0e
core   0: 0x8000be74 (0x0133e333) or      t1, t2, s3
core   0: 3 0x8000be74 (0x0133e333) x 6 0x8001d0f7
core   0: 0x8000be78 (0x0000150c) c.addi4spn a1, sp, 672
core   0: 3 0x8000be78 (0x150c) x11 0x000002a0
core   0: 0x8000be7a (0x01b59613) slli    a2, a1, 27
core   0: 3 0x8000be7a (0x01b59613) x12 0x00000000
core   0: 0x8000be7e (0x00008e35) c.xor   a2, a3
core   0: 3 0x8000be7e (0x8e35) x12 0xf1adbe6c
core   0: 0x8000be80 (0x6dda3397) auipc   t2, 0x6dda3
core   0: 3 0x8000be80 (0x6dda3397) x 7 0xeddaee80
core   0: 0x8000be84 (0x00008e11) c.sub   a2, a2
core   0: 3 0x8000be84 (0x8e11) x12 0x00000000
core   0: 0x8000be86 (0x0000069a) c.slli  a3, 6
core   0: 3 0x8000be86 (0x069a) x13 0x6b6f9b00
core   0: 0x8000be88 (0x0000100f) fence.i
core   0: 3 0x8000be88 (0x0000100f)
core   0: 0x8000be8c (0x01b6a433) slt     s0, a3, s11
core   0: 3 0x8000be8c (0x01b6a433) x 8 0x00000000
core   0: 0x8000be90 (0xc368ab17) auipc   s6, 0xc368a
core   0: 3 0x8000be90 (0xc368ab17) x22 0x43695e90
core   0: 0x8000be94 (0x0306b3b3) mulhu   t2, a3, a6
core   0: 3 0x8000be94 (0x0306b3b3) x 7 0x6b6f9afd
core   0: 0x8000be98 (0x00008c95) c.sub   s1, a3
core   0: 3 0x8000be98 (0x8c95) x 9 0x9490655a
core   0: 0x8000be9a (0x0000819a) c.mv    gp, t1
core   0: 3 0x8000be9a (0x819a) x 3 0x8001d0f7
core   0: 0x8000be9c (0x00006145) c.addi16sp sp, 48
core   0: 3 0x8000be9c (0x6145) x 2 0x00000030
core   0: 0x8000be9e (0xd9443d13) sltiu   s10, s0, -620
core   0: 3 0x8000be9e (0xd9443d13) x26 0x00000001
core   0: 0x8000bea2 (0x009b6233) or      tp, s6, s1
core   0: 3 0x8000bea2 (0x009b6233) x 4 0xd7f97fda
core   0: 0x8000bea6 (0x4237fb13) andi    s6, a5, 1059
core   0: 3 0x8000bea6 (0x4237fb13) x22 0x00000420
core   0: 0x8000beaa (0x00008733) add     a4, ra, zero
core   0: 3 0x8000beaa (0x00008733) x14 0x8000be54
core   0: 0x8000beae (0x03e17933) remu    s2, sp, t5
core   0: 3 0x8000beae (0x03e17933) x18 0x00000030
core   0: 0x8000beb2 (0x01d27e63) bgeu    tp, t4, pc + 28
core   0: 3 0x8000beb2 (0x01d27e63)
core   0: 0x8000bece (0x00434f63) blt     t1, tp, pc + 30
core   0: 3 0x8000bece (0x00434f63)
core   0: 0x8000beec (0x02ab7b33) remu    s6, s6, a0
core   0: 3 0x8000beec (0x02ab7b33) x22 0x00000000
core   0: 0x8000bef0 (0x01c4d333) srl     t1, s1, t3
core   0: 3 0x8000bef0 (0x01c4d333) x 6 0x00025241
core   0: 0x8000bef4 (0x942c7713) andi    a4, s8, -1726
core   0: 3 0x8000bef4 (0x942c7713) x14 0x00000002
core   0: 0x8000bef8 (0x036ed6b3) divu    a3, t4, s6
core   0: 3 0x8000bef8 (0x036ed6b3) x13 0xffffffff
core   0: 0x8000befc (0x0ff0000f) fence   iorw,iorw
core   0: 3 0x8000befc (0x0ff0000f)
core   0: 0x8000bf00 (0xfd23ee93) ori     t4, t2, -46
core   0: 3 0x8000bf00 (0xfd23ee93) x29 0xffffffff
core   0: 0x8000bf04 (0x00e8ec33) or      s8, a7, a4
core   0: 3 0x8000bf04 (0x00e8ec33) x24 0x00000002
core   0: 0x8000bf08 (0x0000ed95) c.bnez  a1, pc + 60
core   0: 3 0x8000bf08 (0xed95)
core   0: 0x8000bf44 (0x029d59b3) divu    s3, s10, s1
core   0: 3 0x8000bf44 (0x029d59b3) x19 0x00000000
core   0: 0x8000bf48 (0x3f48f613) andi    a2, a7, 1012
core   0: 3 0x8000bf48 (0x3f48f613) x12 0x00000000
core   0: 0x8000bf4c (0x00004201) c.li    tp, 0
core   0: 3 0x8000bf4c (0x4201) x 4 0x00000000
core   0: 0x8000bf4e (0x03ef6bb3) rem     s7, t5, t5
core   0: 3 0x8000bf4e (0x03ef6bb3) x23 0x00000000
core   0: 0x8000bf52 (0x035bc833) div     a6, s7, s5
core   0: 3 0x8000bf52 (0x035bc833) x16 0x00000000
core   0: 0x8000bf56 (0x001a13b3) sll     t2, s4, ra
core   0: 3 0x8000bf56 (0x001a13b3) x 7 0x00000000
core   0: 0x8000bf5a (0x00006155) c.addi16sp sp, 304
core   0: 3 0x8000bf5a (0x6155) x 2 0x00000160
core   0: 0x8000bf5c (0x3108c493) xori    s1, a7, 784
core   0: 3 0x8000bf5c (0x3108c493) x 9 0x00000310
core   0: 0x8000bf60 (0x17f16e13) ori     t3, sp, 383
core   0: 3 0x8000bf60 (0x17f16e13) x28 0x0000017f
core   0: 0x8000bf64 (0xcd0ce993) ori     s3, s9, -816
core   0: 3 0x8000bf64 (0xcd0ce993) x19 0xfffffcdb
core   0: 0x8000bf68 (0x01755d63) bge     a0, s7, pc + 26
core   0: 3 0x8000bf68 (0x01755d63)
core   0: 0x8000bf82 (0x0000100f) fence.i
core   0: 3 0x8000bf82 (0x0000100f)
core   0: 0x8000bf86 (0x00000001) c.nop
core   0: 3 0x8000bf86 (0x0001)
core   0: 0x8000bf88 (0x0000100f) fence.i
core   0: 3 0x8000bf88 (0x0000100f)
core   0: 0x8000bf8c (0x4199d193) srai    gp, s3, 25
core   0: 3 0x8000bf8c (0x4199d193) x 3 0xffffffff
core   0: 0x8000bf90 (0x0000c519) c.beqz  a0, pc + 14
core   0: 3 0x8000bf90 (0xc519)
core   0: 0x8000bf92 (0x00000001) c.nop
core   0: 3 0x8000bf92 (0x0001)
core   0: 0x8000bf94 (0x03859163) bne     a1, s8, pc + 34
core   0: 3 0x8000bf94 (0x03859163)
core   0: 0x8000bfb6 (0x0000851d) c.srai  a0, 7
core   0: 3 0x8000bfb6 (0x851d) x10 0x00000000
core   0: 0x8000bfb8 (0x0238cbb3) div     s7, a7, gp
core   0: 3 0x8000bfb8 (0x0238cbb3) x23 0x00000000
core   0: 0x8000bfbc (0x0000100f) fence.i
core   0: 3 0x8000bfbc (0x0000100f)
core   0: 0x8000bfc0 (0x26227993) andi    s3, tp, 610
core   0: 3 0x8000bfc0 (0x26227993) x19 0x00000000
core   0: 0x8000bfc4 (0x0192e5b3) or      a1, t0, s9
core   0: 3 0x8000bfc4 (0x0192e5b3) x11 0x8000be5b
core   0: 0x8000bfc8 (0x00008f29) c.xor   a4, a0
core   0: 3 0x8000bfc8 (0x8f29) x14 0x00000002
core   0: 0x8000bfca (0x00000ece) c.slli  t4, 19
core   0: 3 0x8000bfca (0x0ece) x29 0xfff80000
core   0: 0x8000bfcc (0x00009cc6) c.add   s9, a7
core   0: 3 0x8000bfcc (0x9cc6) x25 0x0000000b
core   0: 0x8000bfce (0x0000076e) c.slli  a4, 27
core   0: 3 0x8000bfce (0x076e) x14 0x10000000
core   0: 0x8000bfd0 (0x00fd6db3) or      s11, s10, a5
core   0: 3 0x8000bfd0 (0x00fd6db3) x27 0x80029ce5
core   0: 0x8000bfd4 (0x0143e663) bltu    t2, s4, pc + 12
core   0: 3 0x8000bfd4 (0x0143e663)
core   0: 0x8000bfe0 (0x02146333) rem     t1, s0, ra
core   0: 3 0x8000bfe0 (0x02146333) x 6 0x00000000
core   0: 0x8000bfe4 (0x00921713) slli    a4, tp, 9
core   0: 3 0x8000bfe4 (0x00921713) x14 0x00000000
core   0: 0x8000bfe8 (0x035f6433) rem     s0, t5, s5
core   0: 3 0x8000bfe8 (0x035f6433) x 8 0x0000fda3
core   0: 0x8000bfec (0x0000434d) c.li    t1, 19
core   0: 3 0x8000bfec (0x434d) x 6 0x00000013
core   0: 0x8000bfee (0x027d7cb3) remu    s9, s10, t2
core   0: 3 0x8000bfee (0x027d7cb3) x25 0x00000001
core   0: 0x8000bff2 (0x024b93b3) mulh    t2, s7, tp
core   0: 3 0x8000bff2 (0x024b93b3) x 7 0x00000000
core   0: 0x8000bff6 (0x00767093) andi    ra, a2, 7
core   0: 3 0x8000bff6 (0x00767093) x 1 0x00000000
core   0: 0x8000bffa (0x9f6dee97) auipc   t4, 0x9f6de
core   0: 3 0x8000bffa (0x9f6dee97) x29 0x1f6e9ffa
core   0: 0x8000bffe (0x02b26cb3) rem     s9, tp, a1
core   0: 3 0x8000bffe (0x02b26cb3) x25 0x00000000
core   0: 0x8000c002 (0x00008895) c.andi  s1, 5
core   0: 3 0x8000c002 (0x8895) x 9 0x00000000
core   0: 0x8000c004 (0x4047d5b3) sra     a1, a5, tp
core   0: 3 0x8000c004 (0x4047d5b3) x11 0x80029ce4
core   0: 0x8000c008 (0x00008d61) c.and   a0, s0
core   0: 3 0x8000c008 (0x8d61) x10 0x00000000
core   0: 0x8000c00a (0x016e5db3) srl     s11, t3, s6
core   0: 3 0x8000c00a (0x016e5db3) x27 0x0000017f
core   0: 0x8000c00e (0x00d78963) beq     a5, a3, pc + 18
core   0: 3 0x8000c00e (0x00d78963)
core   0: 0x8000c012 (0x00008f65) c.and   a4, s1
core   0: 3 0x8000c012 (0x8f65) x14 0x00000000
core   0: 0x8000c014 (0x010eeb33) or      s6, t4, a6
core   0: 3 0x8000c014 (0x010eeb33) x22 0x1f6e9ffa
core   0: 0x8000c018 (0x01539d33) sll     s10, t2, s5
core   0: 3 0x8000c018 (0x01539d33) x26 0x00000000
core   0: 0x8000c01c (0x00008f59) c.or    a4, a4
core   0: 3 0x8000c01c (0x8f59) x14 0x00000000
core   0: 0x8000c01e (0x000080fd) c.srli  s1, 31
core   0: 3 0x8000c01e (0x80fd) x 9 0x00000000
core   0: 0x8000c020 (0x00c23533) sltu    a0, tp, a2
core   0: 3 0x8000c020 (0x00c23533) x10 0x00000000
core   0: 0x8000c024 (0x033661b3) rem     gp, a2, s3
core   0: 3 0x8000c024 (0x033661b3) x 3 0x00000000
core   0: 0x8000c028 (0x40edd533) sra     a0, s11, a4
core   0: 3 0x8000c028 (0x40edd533) x10 0x0000017f
core   0: 0x8000c02c (0x03bb31b3) mulhu   gp, s6, s11
core   0: 3 0x8000c02c (0x03bb31b3) x 3 0x0000002f
core   0: 0x8000c030 (0x62cde037) lui     zero, 0x62cde
core   0: 3 0x8000c030 (0x62cde037)
core   0: 0x8000c034 (0x00eb7963) bgeu    s6, a4, pc + 18
core   0: 3 0x8000c034 (0x00eb7963)
core   0: 0x8000c046 (0x03be4033) div     zero, t3, s11
core   0: 3 0x8000c046 (0x03be4033)
core   0: 0x8000c04a (0x021015b3) mulh    a1, zero, ra
core   0: 3 0x8000c04a (0x021015b3) x11 0x00000000
core   0: 0x8000c04e (0x0000e705) c.bnez  a4, pc + 40
core   0: 3 0x8000c04e (0xe705)
core   0: 0x8000c050 (0x01346a33) or      s4, s0, s3
core   0: 3 0x8000c050 (0x01346a33) x20 0x0000fda3
core   0: 0x8000c054 (0x0000613d) c.addi16sp sp, 480
core   0: 3 0x8000c054 (0x613d) x 2 0x00000340
core   0: 0x8000c056 (0x00a94d33) xor     s10, s2, a0
core   0: 3 0x8000c056 (0x00a94d33) x26 0x0000014f
core   0: 0x8000c05a (0x0000100f) fence.i
core   0: 3 0x8000c05a (0x0000100f)
core   0: 0x8000c05e (0x00000001) c.nop
core   0: 3 0x8000c05e (0x0001)
core   0: 0x8000c060 (0x00000001) c.nop
core   0: 3 0x8000c060 (0x0001)
core   0: 0x8000c062 (0x00bc5d13) srli    s10, s8, 11
core   0: 3 0x8000c062 (0x00bc5d13) x26 0x00000000
core   0: 0x8000c066 (0x00006579) c.lui   a0, 0x1e
core   0: 3 0x8000c066 (0x6579) x10 0x0001e000
core   0: 0x8000c068 (0x016a5913) srli    s2, s4, 22
core   0: 3 0x8000c068 (0x016a5913) x18 0x00000000
core   0: 0x8000c06c (0x0000c60d) c.beqz  a2, pc + 42
core   0: 3 0x8000c06c (0xc60d)
core   0: 0x8000c096 (0x00008c65) c.and   s0, s1
core   0: 3 0x8000c096 (0x8c65) x 8 0x00000000
core   0: 0x8000c098 (0x024ac833) div     a6, s5, tp
core   0: 3 0x8000c098 (0x024ac833) x16 0xffffffff
core   0: 0x8000c09c (0x00000001) c.nop
core   0: 3 0x8000c09c (0x0001)
core   0: 0x8000c09e (0xef5c4993) xori    s3, s8, -267
core   0: 3 0x8000c09e (0xef5c4993) x19 0xfffffef7
core   0: 0x8000c0a2 (0x00008e25) c.xor   a2, s1
core   0: 3 0x8000c0a2 (0x8e25) x12 0x00000000
core   0: 0x8000c0a4 (0x023cdeb3) divu    t4, s9, gp
core   0: 3 0x8000c0a4 (0x023cdeb3) x29 0x00000000
core   0: 0x8000c0a8 (0x03a62cb3) mulhsu  s9, a2, s10
core   0: 3 0x8000c0a8 (0x03a62cb3) x25 0x00000000
core   0: 0x8000c0ac (0xab8a8017) auipc   zero, 0xab8a8
core   0: 3 0x8000c0ac (0xab8a8017)
core   0: 0x8000c0b0 (0x0ff0000f) fence   iorw,iorw
core   0: 3 0x8000c0b0 (0x0ff0000f)
core   0: 0x8000c0b4 (0x007f89b3) add     s3, t6, t2
core   0: 3 0x8000c0b4 (0x007f89b3) x19 0x8000be0e
core   0: 0x8000c0b8 (0x00004859) c.li    a6, 22
core   0: 3 0x8000c0b8 (0x4859) x16 0x00000016
core   0: 0x8000c0ba (0x0000c205) c.beqz  a2, pc + 32
core   0: 3 0x8000c0ba (0xc205)
core   0: 0x8000c0da (0x48088e13) addi    t3, a7, 1152
core   0: 3 0x8000c0da (0x48088e13) x28 0x00000480
core   0: 0x8000c0de (0x025c4db3) div     s11, s8, t0
core   0: 3 0x8000c0de (0x025c4db3) x27 0x00000000
core   0: 0x8000c0e2 (0x00eb5233) srl     tp, s6, a4
core   0: 3 0x8000c0e2 (0x00eb5233) x 4 0x1f6e9ffa
core   0: 0x8000c0e6 (0xba82b693) sltiu   a3, t0, -1112
core   0: 3 0x8000c0e6 (0xba82b693) x13 0x00000001
core   0: 0x8000c0ea (0x406dd193) srai    gp, s11, 6
core   0: 3 0x8000c0ea (0x406dd193) x 3 0x00000000
core   0: 0x8000c0ee (0x00006169) c.addi16sp sp, 208
core   0: 3 0x8000c0ee (0x6169) x 2 0x00000410
core   0: 0x8000c0f0 (0x3c0afe93) andi    t4, s5, 960
core   0: 3 0x8000c0f0 (0x3c0afe93) x29 0x00000200
core   0: 0x8000c0f4 (0x00008d05) c.sub   a0, s1
core   0: 3 0x8000c0f4 (0x8d05) x10 0x0001e000
core   0: 0x8000c0f6 (0x029af5b3) remu    a1, s5, s1
core   0: 3 0x8000c0f6 (0x029af5b3) x11 0x80025e24
core   0: 0x8000c0fa (0x013e92b3) sll     t0, t4, s3
core   0: 3 0x8000c0fa (0x013e92b3) x 5 0x00800000
core   0: 0x8000c0fe (0x00000b7e) c.slli  s6, 31
core   0: 3 0x8000c0fe (0x0b7e) x22 0x00000000
core   0: 0x8000c100 (0x0ff0000f) fence   iorw,iorw
core   0: 3 0x8000c100 (0x0ff0000f)
core   0: 0x8000c104 (0x036efe63) bgeu    t4, s6, pc + 60
core   0: 3 0x8000c104 (0x036efe63)
core   0: 0x8000c140 (0x005fed63) bltu    t6, t0, pc + 26
core   0: 3 0x8000c140 (0x005fed63)
core   0: 0x8000c144 (0x00000001) c.nop
core   0: 3 0x8000c144 (0x0001)
core   0: 0x8000c146 (0x25c88217) auipc   tp, 0x25c88
core   0: 3 0x8000c146 (0x25c88217) x 4 0xa5c94146
core   0: 0x8000c14a (0x97fbc993) xori    s3, s7, -1665
core   0: 3 0x8000c14a (0x97fbc993) x19 0xfffff97f
core   0: 0x8000c14e (0x000064d5) c.lui   s1, 0x15
core   0: 3 0x8000c14e (0x64d5) x 9 0x00015000
core   0: 0x8000c150 (0x0000100f) fence.i
core   0: 3 0x8000c150 (0x0000100f)
core   0: 0x8000c154 (0x401bdc13) srai    s8, s7, 1
core   0: 3 0x8000c154 (0x401bdc13) x24 0x00000000
core   0: 0x8000c158 (0x00001f94) c.addi4spn a3, sp, 1008
core   0: 3 0x8000c158 (0x1f94) x13 0x00000800
core   0: 0x8000c15a (0x00f80733) add     a4, a6, a5
core   0: 3 0x8000c15a (0x00f80733) x14 0x80029cfa
core   0: 0x8000c15e (0x00061133) sll     sp, a2, zero
core   0: 3 0x8000c15e (0x00061133) x 2 0x00000000
core   0: 0x8000c162 (0x00da85b3) add     a1, s5, a3
core   0: 3 0x8000c162 (0x00da85b3) x11 0x80026624
core   0: 0x8000c166 (0x00f273b3) and     t2, tp, a5
core   0: 3 0x8000c166 (0x00f273b3) x 7 0x80000044
core   0: 0x8000c16a (0xc5968817) auipc   a6, 0xc5968
core   0: 3 0x8000c16a (0xc5968817) x16 0x4597416a
core   0: 0x8000c16e (0x00179213) slli    tp, a5, 1
core   0: 3 0x8000c16e (0x00179213) x 4 0x000539c8
core   0: 0x8000c172 (0x00008345) c.srli  a4, 17
core   0: 3 0x8000c172 (0x8345) x14 0x00004001
core   0: 0x8000c174 (0x0287bd33) mulhu   s10, a5, s0
core   0: 3 0x8000c174 (0x0287bd33) x26 0x00000000
core   0: 0x8000c178 (0x00000d9d) c.addi  s11, 7
core   0: 3 0x8000c178 (0x0d9d) x27 0x00000007
core   0: 0x8000c17a (0x4048d913) srai    s2, a7, 4
core   0: 3 0x8000c17a (0x4048d913) x18 0x00000000
core   0: 0x8000c17e (0x002d1013) slli    zero, s10, 2
core   0: 3 0x8000c17e (0x002d1013)
core   0: 0x8000c182 (0x000081fd) c.srli  a1, 31
core   0: 3 0x8000c182 (0x81fd) x11 0x00000001
core   0: 0x8000c184 (0x00775293) srli    t0, a4, 7
core   0: 3 0x8000c184 (0x00775293) x 5 0x00000080
core   0: 0x8000c188 (0x0ff0000f) fence   iorw,iorw
core   0: 3 0x8000c188 (0x0ff0000f)
core   0: 0x8000c18c (0x000081c5) c.srli  a1, 17
core   0: 3 0x8000c18c (0x81c5) x11 0x00000000
core   0: 0x8000c18e (0x03148e63) beq     s1, a7, pc + 60
core   0: 3 0x8000c18e (0x03148e63)
core   0: 0x8000c192 (0x00008739) c.srai  a4, 14
core   0: 3 0x8000c192 (0x8739) x14 0x00000001
core   0: 0x8000c194 (0x01279c13) slli    s8, a5, 18
core   0: 3 0x8000c194 (0x01279c13) x24 0x73900000
core   0: 0x8000c198 (0x02da5233) divu    tp, s4, a3
core   0: 3 0x8000c198 (0x02da5233) x 4 0x0000001f
core   0: 0x8000c19c (0xe470ce93) xori    t4, ra, -441
core   0: 3 0x8000c19c (0xe470ce93) x29 0xfffffe47
core   0: 0x8000c1a0 (0x01c7a4b3) slt     s1, a5, t3
core   0: 3 0x8000c1a0 (0x01c7a4b3) x 9 0x00000001
core   0: 0x8000c1a4 (0x032c4b63) blt     s8, s2, pc + 54
core   0: 3 0x8000c1a4 (0x032c4b63)
core   0: 0x8000c1a8 (0x2c89ed13) ori     s10, s3, 712
core   0: 3 0x8000c1a8 (0x2c89ed13) x26 0xfffffbff
core   0: 0x8000c1ac (0x00008edd) c.or    a3, a5
core   0: 3 0x8000c1ac (0x8edd) x13 0x80029ce4
core   0: 0x8000c1ae (0x00000bf1) c.addi  s7, 28
core   0: 3 0x8000c1ae (0x0bf1) x23 0x0000001c
core   0: 0x8000c1b0 (0x547f4d13) xori    s10, t5, 1351
core   0: 3 0x8000c1b0 (0x547f4d13) x26 0x0000f8e4
core   0: 0x8000c1b4 (0x00113e33) sltu    t3, sp, ra
core   0: 3 0x8000c1b4 (0x00113e33) x28 0x00000000
core   0: 0x8000c1b8 (0x0000ec89) c.bnez  s1, pc + 26
core   0: 3 0x8000c1b8 (0xec89)
core   0: 0x8000c1d2 (0x7c720d93) addi    s11, tp, 1991
core   0: 3 0x8000c1d2 (0x7c720d93) x27 0x000007e6
core   0: 0x8000c1d6 (0x03a29763) bne     t0, s10, pc + 46
core   0: 3 0x8000c1d6 (0x03a29763)
core   0: 0x8000c204 (0x01256c63) bltu    a0, s2, pc + 24
core   0: 3 0x8000c204 (0x01256c63)
core   0: 0x8000c208 (0x01526633) or      a2, tp, s5
core   0: 3 0x8000c208 (0x01526633) x12 0x80025e3f
core   0: 0x8000c20c (0x4d893913) sltiu   s2, s2, 1240
core   0: 3 0x8000c20c (0x4d893913) x18 0x00000001
core   0: 0x8000c210 (0x77b26593) ori     a1, tp, 1915
core   0: 3 0x8000c210 (0x77b26593) x11 0x0000077f
core   0: 0x8000c214 (0x00960db3) add     s11, a2, s1
core   0: 3 0x8000c214 (0x00960db3) x27 0x80025e40
core   0: 0x8000c218 (0x01c69cb3) sll     s9, a3, t3
core   0: 3 0x8000c218 (0x01c69cb3) x25 0x80029ce4
core   0: 0x8000c21c (0x01bdf663) bgeu    s11, s11, pc + 12
core   0: 3 0x8000c21c (0x01bdf663)
core   0: 0x8000c228 (0x01887333) and     t1, a6, s8
core   0: 3 0x8000c228 (0x01887333) x 6 0x41900000
core   0: 0x8000c22c (0x0000865d) c.srai  a2, 23
core   0: 3 0x8000c22c (0x865d) x12 0xffffff00
core   0: 0x8000c22e (0x0000660d) c.lui   a2, 0x3
core   0: 3 0x8000c22e (0x660d) x12 0x00003000
core   0: 0x8000c230 (0x0000567d) c.li    a2, -1
core   0: 3 0x8000c230 (0x567d) x12 0xffffffff
core   0: 0x8000c232 (0x002d6733) or      a4, s10, sp
core   0: 3 0x8000c232 (0x002d6733) x14 0x0000f8e4
core   0: 0x8000c236 (0x01177033) and     zero, a4, a7
core   0: 3 0x8000c236 (0x01177033)
core   0: 0x8000c23a (0x028a1fb3) mulh    t6, s4, s0
core   0: 3 0x8000c23a (0x028a1fb3) x31 0x00000000
core   0: 0x8000c23e (0x00008862) c.mv    a6, s8
core   0: 3 0x8000c23e (0x8862) x16 0x73900000
core   0: 0x8000c240 (0x028356b3) divu    a3, t1, s0
core   0: 3 0x8000c240 (0x028356b3) x13 0xffffffff
core   0: 0x8000c244 (0x00a8df13) srli    t5, a7, 10
core   0: 3 0x8000c244 (0x00a8df13) x30 0x00000000
core   0: 0x8000c248 (0x000010fd) c.addi  ra, -1
core   0: 3 0x8000c248 (0x10fd) x 1 0xffffffff
core   0: 0x8000c24a (0x00004221) c.li    tp, 8
core   0: 3 0x8000c24a (0x4221) x 4 0x00000008
core   0: 0x8000c24c (0x0233dfb3) divu    t6, t2, gp
core   0: 3 0x8000c24c (0x0233dfb3) x31 0xffffffff
core   0: 0x8000c250 (0x8f854b93) xori    s7, a0, -1800
core   0: 3 0x8000c250 (0x8f854b93) x23 0xfffe18f8
core   0: 0x8000c254 (0x00006f3d) c.lui   t5, 0xf
core   0: 3 0x8000c254 (0x6f3d) x30 0x0000f000
core   0: 0x8000c256 (0x00008f09) c.sub   a4, a0
core   0: 3 0x8000c256 (0x8f09) x14 0xffff18e4
core   0: 0x8000c258 (0x025c9f33) mulh    t5, s9, t0
core   0: 3 0x8000c258 (0x025c9f33) x30 0xffffffc0
core   0: 0x8000c25c (0x1db06f93) ori     t6, zero, 475
core   0: 3 0x8000c25c (0x1db06f93) x31 0x000001db
core   0: 0x8000c260 (0x0138ef63) bltu    a7, s3, pc + 30
core   0: 3 0x8000c260 (0x0138ef63)
core   0: 0x8000c27e (0x01efd993) srli    s3, t6, 30
core   0: 3 0x8000c27e (0x01efd993) x19 0x00000000
core   0: 0x8000c282 (0x036d99b3) mulh    s3, s11, s6
core   0: 3 0x8000c282 (0x036d99b3) x19 0x00000000
core   0: 0x8000c286 (0x00069293) slli    t0, a3, 0
core   0: 3 0x8000c286 (0x00069293) x 5 0xffffffff
core   0: 0x8000c28a (0x491f6413) ori     s0, t5, 1169
core   0: 3 0x8000c28a (0x491f6413) x 8 0xffffffd1
core   0: 0x8000c28e (0x03f670b3) remu    ra, a2, t6
core   0: 3 0x8000c28e (0x03f670b3) x 1 0x000000c3
core   0: 0x8000c292 (0x061e7413) andi    s0, t3, 97
core   0: 3 0x8000c292 (0x061e7413) x 8 0x00000000
core   0: 0x8000c296 (0x016b1233) sll     tp, s6, s6
core   0: 3 0x8000c296 (0x016b1233) x 4 0x00000000
core   0: 0x8000c29a (0x000001f5) c.addi  gp, 29
core   0: 3 0x8000c29a (0x01f5) x 3 0x0000001d
core   0: 0x8000c29c (0x00261513) slli    a0, a2, 2
core   0: 3 0x8000c29c (0x00261513) x10 0xfffffffc
core   0: 0x8000c2a0 (0x2d363c93) sltiu   s9, a2, 723
core   0: 3 0x8000c2a0 (0x2d363c93) x25 0x00000000
core   0: 0x8000c2a4 (0x0313e5b3) rem     a1, t2, a7
core   0: 3 0x8000c2a4 (0x0313e5b3) x11 0x80000044
core   0: 0x8000c2a8 (0x030d92b3) mulh    t0, s11, a6
core   0: 3 0x8000c2a8 (0x030d92b3) x 5 0xc63911ab
core   0: 0x8000c2ac (0x01e95913) srli    s2, s2, 30
core   0: 3 0x8000c2ac (0x01e95913) x18 0x00000000
core   0: 0x8000c2b0 (0x01a85e93) srli    t4, a6, 26
core   0: 3 0x8000c2b0 (0x01a85e93) x29 0x0000001c
core   0: 0x8000c2b4 (0x01eb4e63) blt     s6, t5, pc + 28
core   0: 3 0x8000c2b4 (0x01eb4e63)
core   0: 0x8000c2b8 (0x0140e6b3) or      a3, ra, s4
core   0: 3 0x8000c2b8 (0x0140e6b3) x13 0x0000fde3
core   0: 0x8000c2bc (0x7dc72f93) slti    t6, a4, 2012
core   0: 3 0x8000c2bc (0x7dc72f93) x31 0x00000001
core   0: 0x8000c2c0 (0x0000100f) fence.i
core   0: 3 0x8000c2c0 (0x0000100f)
core   0: 0x8000c2c4 (0x024d52b3) divu    t0, s10, tp
core   0: 3 0x8000c2c4 (0x024d52b3) x 5 0xffffffff
core   0: 0x8000c2c8 (0x0ff0000f) fence   iorw,iorw
core   0: 3 0x8000c2c8 (0x0ff0000f)
core   0: 0x8000c2cc (0x028efe33) remu    t3, t4, s0
core   0: 3 0x8000c2cc (0x028efe33) x28 0x0000001c
core   0: 0x8000c2d0 (0x0000c811) c.beqz  s0, pc + 20
core   0: 3 0x8000c2d0 (0xc811)
core   0: 0x8000c2e4 (0x0000e1a9) c.bnez  a1, pc + 66
core   0: 3 0x8000c2e4 (0xe1a9)
core   0: 0x8000c326 (0x00000001) c.nop
core   0: 3 0x8000c326 (0x0001)
core   0: 0x8000c328 (0x0000e29d) c.bnez  a3, pc + 38
core   0: 3 0x8000c328 (0xe29d)
core   0: 0x8000c34e (0x00008685) c.srai  a3, 1
core   0: 3 0x8000c34e (0x8685) x13 0x00007ef1
core   0: 0x8000c350 (0x0000178c) c.addi4spn a1, sp, 992
core   0: 3 0x8000c350 (0x178c) x11 0x000003e0
core   0: 0x8000c352 (0x00284fb3) xor     t6, a6, sp
core   0: 3 0x8000c352 (0x00284fb3) x31 0x73900000
core   0: 0x8000c356 (0x00006fd5) c.lui   t6, 0x15
core   0: 3 0x8000c356 (0x6fd5) x31 0x00015000
core   0: 0x8000c358 (0x09ffac13) slti    s8, t6, 159
core   0: 3 0x8000c358 (0x09ffac13) x24 0x00000000
core   0: 0x8000c35c (0x00000001) c.nop
core   0: 3 0x8000c35c (0x0001)
core   0: 0x8000c35e (0x41e10b33) sub     s6, sp, t5
core   0: 3 0x8000c35e (0x41e10b33) x22 0x00000040
core   0: 0x8000c362 (0x00000918) c.addi4spn a4, sp, 144
core   0: 3 0x8000c362 (0x0918) x14 0x00000090
core   0: 0x8000c364 (0x00d763b3) or      t2, a4, a3
core   0: 3 0x8000c364 (0x00d763b3) x 7 0x00007ef1
core   0: 0x8000c368 (0x6a97ee93) ori     t4, a5, 1705
core   0: 3 0x8000c368 (0x6a97ee93) x29 0x80029eed
core   0: 0x8000c36c (0x000086dd) c.srai  a3, 23
core   0: 3 0x8000c36c (0x86dd) x13 0x00000000
core   0: 0x8000c36e (0x01845a33) srl     s4, s0, s8
core   0: 3 0x8000c36e (0x01845a33) x20 0x00000000
core   0: 0x8000c372 (0x01922933) slt     s2, tp, s9
core   0: 3 0x8000c372 (0x01922933) x18 0x00000000
core   0: 0x8000c376 (0x00006141) c.addi16sp sp, 16
core   0: 3 0x8000c376 (0x6141) x 2 0x00000010
core   0: 0x8000c378 (0x0000044a) c.slli  s0, 18
core   0: 3 0x8000c378 (0x044a) x 8 0x00000000
core   0: 0x8000c37a (0x00000001) c.nop
core   0: 3 0x8000c37a (0x0001)
core   0: 0x8000c37c (0x0000e705) c.bnez  a4, pc + 40
core   0: 3 0x8000c37c (0xe705)
core   0: 0x8000c3a4 (0x0053a733) slt     a4, t2, t0
core   0: 3 0x8000c3a4 (0x0053a733) x14 0x00000000
core   0: 0x8000c3a8 (0x00008719) c.srai  a4, 6
core   0: 3 0x8000c3a8 (0x8719) x14 0x00000000
core   0: 0x8000c3aa (0x00006fbd) c.lui   t6, 0xf
core   0: 3 0x8000c3aa (0x6fbd) x31 0x0000f000
core   0: 0x8000c3ac (0x0ff0000f) fence   iorw,iorw
core   0: 3 0x8000c3ac (0x0ff0000f)
core   0: 0x8000c3b0 (0x0166dc63) bge     a3, s6, pc + 24
core   0: 3 0x8000c3b0 (0x0166dc63)
core   0: 0x8000c3b4 (0x025c15b3) mulh    a1, s8, t0
core   0: 3 0x8000c3b4 (0x025c15b3) x11 0x00000000
core   0: 0x8000c3b8 (0x012fd863) bge     t6, s2, pc + 16
core   0: 3 0x8000c3b8 (0x012fd863)
core   0: 0x8000c3c8 (0x0000e099) c.bnez  s1, pc + 6
core   0: 3 0x8000c3c8 (0xe099)
core   0: 0x8000c3ce (0x05350163) beq     a0, s3, pc + 66
core   0: 3 0x8000c3ce (0x05350163)
core   0: 0x8000c3d2 (0x013b0f63) beq     s6, s3, pc + 30
core   0: 3 0x8000c3d2 (0x013b0f63)
core   0: 0x8000c3d6 (0x00008f3d) c.xor   a4, a5
core   0: 3 0x8000c3d6 (0x8f3d) x14 0x80029ce4
core   0: 0x8000c3d8 (0x014eac33) slt     s8, t4, s4
core   0: 3 0x8000c3d8 (0x014eac33) x24 0x00000001
core   0: 0x8000c3dc (0x00008f45) c.or    a4, s1
core   0: 3 0x8000c3dc (0x8f45) x14 0x80029ce5
core   0: 0x8000c3de (0x02e93b33) mulhu   s6, s2, a4
core   0: 3 0x8000c3de (0x02e93b33) x22 0x00000000
core   0: 0x8000c3e2 (0x017cb633) sltu    a2, s9, s7
core   0: 3 0x8000c3e2 (0x017cb633) x12 0x00000001
core   0: 0x8000c3e6 (0x00006c49) c.lui   s8, 0x12
core   0: 3 0x8000c3e6 (0x6c49) x24 0x00012000
core   0: 0x8000c3e8 (0x00130933) add     s2, t1, ra
core   0: 3 0x8000c3e8 (0x00130933) x18 0x419000c3
core   0: 0x8000c3ec (0x02e79463) bne     a5, a4, pc + 40
core   0: 3 0x8000c3ec (0x02e79463)
core   0: 0x8000c414 (0x000092f6) c.add   t0, t4
core   0: 3 0x8000c414 (0x92f6) x 5 0x80029eec
core   0: 0x8000c416 (0x27b62317) auipc   t1, 0x27b62
core   0: 3 0x8000c416 (0x27b62317) x 6 0xa7b6e416
core   0: 0x8000c41a (0x052e9cb7) lui     s9, 0x52e9
core   0: 3 0x8000c41a (0x052e9cb7) x25 0x052e9000
core   0: 0x8000c41e (0x000098fd) c.andi  s1, -1
core   0: 3 0x8000c41e (0x98fd) x 9 0x00000001
core   0: 0x8000c420 (0x41a8d413) srai    s0, a7, 26
core   0: 3 0x8000c420 (0x41a8d413) x 8 0x00000000
core   0: 0x8000c424 (0x00008e19) c.sub   a2, a4
core   0: 3 0x8000c424 (0x8e19) x12 0x7ffd631c
core   0: 0x8000c426 (0x00000b9d) c.addi  s7, 7
core   0: 3 0x8000c426 (0x0b9d) x23 0xfffe18ff
core   0: 0x8000c428 (0xa5a20513) addi    a0, tp, -1446
core   0: 3 0x8000c428 (0xa5a20513) x10 0xfffffa5a
core   0: 0x8000c42c (0x020b9bb3) mulh    s7, s7, zero
core   0: 3 0x8000c42c (0x020b9bb3) x23 0x00000000
core   0: 0x8000c430 (0x00e8b733) sltu    a4, a7, a4
core   0: 3 0x8000c430 (0x00e8b733) x14 0x00000001
core   0: 0x8000c434 (0x000163b3) or      t2, sp, zero
core   0: 3 0x8000c434 (0x000163b3) x 7 0x00000010
core   0: 0x8000c438 (0x00c0c833) xor     a6, ra, a2
core   0: 3 0x8000c438 (0x00c0c833) x16 0x7ffd63df
core   0: 0x8000c43c (0x00000001) c.nop
core   0: 3 0x8000c43c (0x0001)
core   0: 0x8000c43e (0x02217c63) bgeu    sp, sp, pc + 56
core   0: 3 0x8000c43e (0x02217c63)
core   0: 0x8000c476 (0xd6833593) sltiu   a1, t1, -664
core   0: 3 0x8000c476 (0xd6833593) x11 0x00000001
core   0: 0x8000c47a (0x7effcb93) xori    s7, t6, 2031
core   0: 3 0x8000c47a (0x7effcb93) x23 0x0000f7ef
core   0: 0x8000c47e (0x000016fd) c.addi  a3, -1
core   0: 3 0x8000c47e (0x16fd) x13 0xffffffff
core   0: 0x8000c480 (0x00008e79) c.and   a2, a4
core   0: 3 0x8000c480 (0x8e79) x12 0x00000000
core   0: 0x8000c482 (0x00000b04) c.addi4spn s1, sp, 400
core   0: 3 0x8000c482 (0x0b04) x 9 0x000001a0
core   0: 0x8000c484 (0x0193ea33) or      s4, t2, s9
core   0: 3 0x8000c484 (0x0193ea33) x20 0x052e9010
core   0: 0x8000c488 (0xbd964637) lui     a2, 0xbd964
core   0: 3 0x8000c488 (0xbd964637) x12 0xbd964000
core   0: 0x8000c48c (0x014ddc93) srli    s9, s11, 20
core   0: 3 0x8000c48c (0x014ddc93) x25 0x00000800
core   0: 0x8000c490 (0x012a9fb3) sll     t6, s5, s2
core   0: 3 0x8000c490 (0x012a9fb3) x31 0x0012f120
core   0: 0x8000c494 (0x01318663) beq     gp, s3, pc + 12
core   0: 3 0x8000c494 (0x01318663)
core   0: 0x8000c498 (0x0000e519) c.bnez  a0, pc + 14
core   0: 3 0x8000c498 (0xe519)
core   0: 0x8000c4a6 (0xef053713) sltiu   a4, a0, -272
core   0: 3 0x8000c4a6 (0xef053713) x14 0x00000001
core   0: 0x8000c4aa (0x003cd233) srl     tp, s9, gp
core   0: 3 0x8000c4aa (0x003cd233) x 4 0x00000000
core   0: 0x8000c4ae (0x00968433) add     s0, a3, s1
core   0: 3 0x8000c4ae (0x00968433) x 8 0x0000019f
core   0: 0x8000c4b2 (0xda192fb7) lui     t6, 0xda192
core   0: 3 0x8000c4b2 (0xda192fb7) x31 0xda192000
core   0: 0x8000c4b6 (0x00008e9d) c.sub   a3, a5
core   0: 3 0x8000c4b6 (0x8e9d) x13 0x7ffd631b
core   0: 0x8000c4b8 (0x4709a313) slti    t1, s3, 1136
core   0: 3 0x8000c4b8 (0x4709a313) x 6 0x00000001
core   0: 0x8000c4bc (0x00008cc9) c.or    s1, a0
core   0: 3 0x8000c4bc (0x8cc9) x 9 0xfffffbfa
core   0: 0x8000c4be (0x02079bb3) mulh    s7, a5, zero
core   0: 3 0x8000c4be (0x02079bb3) x23 0x00000000
core   0: 0x8000c4c2 (0x00000001) c.nop
core   0: 3 0x8000c4c2 (0x0001)
core   0: 0x8000c4c4 (0x02aacfb3) div     t6, s5, a0
core   0: 3 0x8000c4c4 (0x02aacfb3) x31 0x0016a8d4
core   0: 0x8000c4c8 (0x405389b3) sub     s3, t2, t0
core   0: 3 0x8000c4c8 (0x405389b3) x19 0x7ffd6124
core   0: 0x8000c4cc (0x017fd4b3) srl     s1, t6, s7
core   0: 3 0x8000c4cc (0x017fd4b3) x 9 0x0016a8d4
core   0: 0x8000c4d0 (0x82a2af13) slti    t5, t0, -2006
core   0: 3 0x8000c4d0 (0x82a2af13) x30 0x00000001
core   0: 0x8000c4d4 (0x00008dd1) c.or    a1, a2
core   0: 3 0x8000c4d4 (0x8dd1) x11 0xbd964001
core   0: 0x8000c4d6 (0x01289013) slli    zero, a7, 18
core   0: 3 0x8000c4d6 (0x01289013)
core   0: 0x8000c4da (0x00006735) c.lui   a4, 0xd
core   0: 3 0x8000c4da (0x6735) x14 0x0000d000
core   0: 0x8000c4dc (0x01316863) bltu    sp, s3, pc + 16
core   0: 3 0x8000c4dc (0x01316863)
core   0: 0x8000c4ec (0x1f0b2013) slti    zero, s6, 496
core   0: 3 0x8000c4ec (0x1f0b2013)
core   0: 0x8000c4f0 (0x035b5363) bge     s6, s5, pc + 38
core   0: 3 0x8000c4f0 (0x035b5363)
core   0: 0x8000c516 (0x00008061) c.srli  s0, 24
core   0: 3 0x8000c516 (0x8061) x 8 0x00000000
core   0: 0x8000c518 (0x00000396) c.slli  t2, 5
core   0: 3 0x8000c518 (0x0396) x 7 0x00000200
core   0: 0x8000c51a (0x0000100f) fence.i
core   0: 3 0x8000c51a (0x0000100f)
core   0: 0x8000c51e (0x0359b5b3) mulhu   a1, s3, s5
core   0: 3 0x8000c51e (0x0359b5b3) x11 0x3fffdf9d
core   0: 0x8000c522 (0x05de6663) bltu    t3, t4, pc + 76
core   0: 3 0x8000c522 (0x05de6663)
core   0: 0x8000c56e (0x011dff63) bgeu    s11, a7, pc + 30
core   0: 3 0x8000c56e (0x011dff63)
core   0: 0x8000c58c (0x025b2633) mulhsu  a2, s6, t0
core   0: 3 0x8000c58c (0x025b2633) x12 0x00000000
core   0: 0x8000c590 (0x000053fd) c.li    t2, -1
core   0: 3 0x8000c590 (0x53fd) x 7 0xffffffff
core   0: 0x8000c592 (0x010b9233) sll     tp, s7, a6
core   0: 3 0x8000c592 (0x010b9233) x 4 0x00000000
core   0: 0x8000c596 (0x01996f33) or      t5, s2, s9
core   0: 3 0x8000c596 (0x01996f33) x30 0x419008c3
core   0: 0x8000c59a (0x0392a433) mulhsu  s0, t0, s9
core   0: 3 0x8000c59a (0x0392a433) x 8 0xfffffc00
core   0: 0x8000c59e (0x00008de9) c.and   a1, a0
core   0: 3 0x8000c59e (0x8de9) x11 0x3fffda18
core   0: 0x8000c5a0 (0x00009cfa) c.add   s9, t5
core   0: 3 0x8000c5a0 (0x9cfa) x25 0x419010c3
core   0: 0x8000c5a2 (0x01041993) slli    s3, s0, 16
core   0: 3 0x8000c5a2 (0x01041993) x19 0xfc000000
core   0: 0x8000c5a6 (0x4171d4b3) sra     s1, gp, s7
core   0: 3 0x8000c5a6 (0x4171d4b3) x 9 0x0000001d
core   0: 0x8000c5aa (0x025d1633) mulh    a2, s10, t0
core   0: 3 0x8000c5aa (0x025d1633) x12 0xffff8390
core   0: 0x8000c5ae (0x0263f533) remu    a0, t2, t1
core   0: 3 0x8000c5ae (0x0263f533) x10 0x00000000
core   0: 0x8000c5b2 (0x0a17f713) andi    a4, a5, 161
core   0: 3 0x8000c5b2 (0x0a17f713) x14 0x000000a0
core   0: 0x8000c5b6 (0x03bf9cb3) mulh    s9, t6, s11
core   0: 3 0x8000c5b6 (0x03bf9cb3) x25 0xfff4abcb
core   0: 0x8000c5ba (0x019e4733) xor     a4, t3, s9
core   0: 3 0x8000c5ba (0x019e4733) x14 0xfff4abd7
core   0: 0x8000c5be (0x00009a7d) c.andi  a2, -1
core   0: 3 0x8000c5be (0x9a7d) x12 0xffff8390
core   0: 0x8000c5c0 (0x02212b33) mulhsu  s6, sp, sp
core   0: 3 0x8000c5c0 (0x02212b33) x22 0x00000000
core   0: 0x8000c5c4 (0x01929033) sll     zero, t0, s9
core   0: 3 0x8000c5c4 (0x01929033)
core   0: 0x8000c5c8 (0x00000f4e) c.slli  t5, 19
core   0: 3 0x8000c5c8 (0x0f4e) x30 0x46180000
core   0: 0x8000c5ca (0x0000100f) fence.i
core   0: 3 0x8000c5ca (0x0000100f)
core   0: 0x8000c5ce (0x00009afd) c.andi  a3, -1
core   0: 3 0x8000c5ce (0x9afd) x13 0x7ffd631b
core   0: 0x8000c5d0 (0x00b3fdb3) and     s11, t2, a1
core   0: 3 0x8000c5d0 (0x00b3fdb3) x27 0x3fffda18
core   0: 0x8000c5d4 (0x419c5633) sra     a2, s8, s9
core   0: 3 0x8000c5d4 (0x419c5633) x12 0x00000024
core   0: 0x8000c5d8 (0x012a4833) xor     a6, s4, s2
core   0: 3 0x8000c5d8 (0x012a4833) x16 0x44be90d3
core   0: 0x8000c5dc (0x02ca49b3) div     s3, s4, a2
core   0: 3 0x8000c5dc (0x02ca49b3) x19 0x0024d955
core   0: 0x8000c5e0 (0x00345bb3) srl     s7, s0, gp
core   0: 3 0x8000c5e0 (0x00345bb3) x23 0x00000007
core   0: 0x8000c5e4 (0x88394713) xori    a4, s2, -1917
core   0: 3 0x8000c5e4 (0x88394713) x14 0xbe6ff840
core   0: 0x8000c5e8 (0x035df833) remu    a6, s11, s5
core   0: 3 0x8000c5e8 (0x035df833) x16 0x3fffda18
core   0: 0x8000c5ec (0x0000c719) c.beqz  a4, pc + 14
core   0: 3 0x8000c5ec (0xc719)
core   0: 0x8000c5ee (0x0000ea91) c.bnez  a3, pc + 20
core   0: 3 0x8000c5ee (0xea91)
core   0: 0x8000c602 (0x0000821e) c.mv    tp, t2
core   0: 3 0x8000c602 (0x821e) x 4 0xffffffff
core   0: 0x8000c604 (0x00008bd6) c.mv    s7, s5
core   0: 3 0x8000c604 (0x8bd6) x23 0x80025e24
core   0: 0x8000c606 (0x0000c199) c.beqz  a1, pc + 6
core   0: 3 0x8000c606 (0xc199)
core   0: 0x8000c608 (0x0000100f) fence.i
core   0: 3 0x8000c608 (0x0000100f)
core   0: 0x8000c60c (0x00000636) c.slli  a2, 13
core   0: 3 0x8000c60c (0x0636) x12 0x00048000
core   0: 0x8000c60e (0x000085ee) c.mv    a1, s11
core   0: 3 0x8000c60e (0x85ee) x11 0x3fffda18
core   0: 0x8000c610 (0x019024b3) slt     s1, zero, s9
core   0: 3 0x8000c610 (0x019024b3) x 9 0x00000000
core   0: 0x8000c614 (0x00008e19) c.sub   a2, a4
core   0: 3 0x8000c614 (0x8e19) x12 0x419487c0
core   0: 0x8000c616 (0x40fcd513) srai    a0, s9, 15
core   0: 3 0x8000c616 (0x40fcd513) x10 0xffffffe9
core   0: 0x8000c61a (0x02db1e63) bne     s6, a3, pc + 60
core   0: 3 0x8000c61a (0x02db1e63)
core   0: 0x8000c656 (0x40f68633) sub     a2, a3, a5
core   0: 3 0x8000c656 (0x40f68633) x12 0xfffac637
core   0: 0x8000c65a (0x02109133) mulh    sp, ra, ra
core   0: 3 0x8000c65a (0x02109133) x 2 0x00000000
core   0: 0x8000c65e (0xa7873f13) sltiu   t5, a4, -1416
core   0: 3 0x8000c65e (0xa7873f13) x30 0x00000001
core   0: 0x8000c662 (0x02a04d33) div     s10, zero, a0
core   0: 3 0x8000c662 (0x02a04d33) x26 0x00000000
core   0: 0x8000c666 (0xf135db97) auipc   s7, 0xf135d
core   0: 3 0x8000c666 (0xf135db97) x23 0x71369666
core   0: 0x8000c66a (0x02c4e263) bltu    s1, a2, pc + 36
core   0: 3 0x8000c66a (0x02c4e263)
core   0: 0x8000c68e (0x000d5693) srli    a3, s10, 0
core   0: 3 0x8000c68e (0x000d5693) x13 0x00000000
core   0: 0x8000c692 (0x00008671) c.srai  a2, 28
core   0: 3 0x8000c692 (0x8671) x12 0xffffffff
core   0: 0x8000c694 (0x013f5e63) bge     t5, s3, pc + 28
core   0: 3 0x8000c694 (0x013f5e63)
core   0: 0x8000c698 (0x00000c98) c.addi4spn a4, sp, 592
core   0: 3 0x8000c698 (0x0c98) x14 0x00000250
core   0: 0x8000c69a (0x00008455) c.srai  s0, 21
core   0: 3 0x8000c69a (0x8455) x 8 0xffffffff
core   0: 0x8000c69c (0x03221063) bne     tp, s2, pc + 32
core   0: 3 0x8000c69c (0x03221063)
core   0: 0x8000c6bc (0x48ec9317) auipc   t1, 0x48ec9
core   0: 3 0x8000c6bc (0x48ec9317) x 6 0xc8ed56bc
core   0: 0x8000c6c0 (0x0000009e) c.slli  ra, 7
core   0: 3 0x8000c6c0 (0x009e) x 1 0x00006180
core   0: 0x8000c6c2 (0x027c45b3) div     a1, s8, t2
core   0: 3 0x8000c6c2 (0x027c45b3) x11 0xfffee000
core   0: 0x8000c6c6 (0x03f8b833) mulhu   a6, a7, t6
core   0: 3 0x8000c6c6 (0x03f8b833) x16 0x00000000
core   0: 0x8000c6ca (0x0000100f) fence.i
core   0: 3 0x8000c6ca (0x0000100f)
core   0: 0x8000c6ce (0x3d0be513) ori     a0, s7, 976
core   0: 3 0x8000c6ce (0x3d0be513) x10 0x713697f6
core   0: 0x8000c6d2 (0x008ae663) bltu    s5, s0, pc + 12
core   0: 3 0x8000c6d2 (0x008ae663)
core   0: 0x8000c6de (0x005b4f63) blt     s6, t0, pc + 30
core   0: 3 0x8000c6de (0x005b4f63)
core   0: 0x8000c6e2 (0x0000717d) c.addi16sp sp, -16
core   0: 3 0x8000c6e2 (0x717d) x 2 0xfffffff0
core   0: 0x8000c6e4 (0x00008f5d) c.or    a4, a5
core   0: 3 0x8000c6e4 (0x8f5d) x14 0x80029ef4
core   0: 0x8000c6e6 (0xff858493) addi    s1, a1, -8
core   0: 3 0x8000c6e6 (0xff858493) x 9 0xfffedff8
core   0: 0x8000c6ea (0x41f95fb3) sra     t6, s2, t6
core   0: 3 0x8000c6ea (0x41f95fb3) x31 0x00000419
core   0: 0x8000c6ee (0x21c78813) addi    a6, a5, 540
core   0: 3 0x8000c6ee (0x21c78813) x16 0x80029f00
core   0: 0x8000c6f2 (0x036ae963) bltu    s5, s6, pc + 50
core   0: 3 0x8000c6f2 (0x036ae963)
core   0: 0x8000c6f6 (0x01716e63) bltu    sp, s7, pc + 28
core   0: 3 0x8000c6f6 (0x01716e63)
core   0: 0x8000c6fa (0x00008e71) c.and   a2, a2
core   0: 3 0x8000c6fa (0x8e71) x12 0xffffffff
core   0: 0x8000c6fc (0x0266a3b3) mulhsu  t2, a3, t1
core   0: 3 0x8000c6fc (0x0266a3b3) x 7 0x00000000
core   0: 0x8000c700 (0x0000100f) fence.i
core   0: 3 0x8000c700 (0x0000100f)
core   0: 0x8000c704 (0x00000001) c.nop
core   0: 3 0x8000c704 (0x0001)
core   0: 0x8000c706 (0x01637533) and     a0, t1, s6
core   0: 3 0x8000c706 (0x01637533) x10 0x00000000
core   0: 0x8000c70a (0x0000717d) c.addi16sp sp, -16
core   0: 3 0x8000c70a (0x717d) x 2 0xffffffe0
core   0: 0x8000c70c (0x009dc363) blt     s11, s1, pc + 6
core   0: 3 0x8000c70c (0x009dc363)
core   0: 0x8000c710 (0x0000717d) c.addi16sp sp, -16
core   0: 3 0x8000c710 (0x717d) x 2 0xffffffd0
core   0: 0x8000c712 (0x1ad8ee13) ori     t3, a7, 429
core   0: 3 0x8000c712 (0x1ad8ee13) x28 0x000001ad
core   0: 0x8000c716 (0xa9528313) addi    t1, t0, -1387
core   0: 3 0x8000c716 (0xa9528313) x 6 0x80029981
core   0: 0x8000c71a (0x0ff0000f) fence   iorw,iorw
core   0: 3 0x8000c71a (0x0ff0000f)
core   0: 0x8000c71e (0x01c75f33) srl     t5, a4, t3
core   0: 3 0x8000c71e (0x01c75f33) x30 0x00040014
core   0: 0x8000c722 (0x00006165) c.addi16sp sp, 112
core   0: 3 0x8000c722 (0x6165) x 2 0x00000040
core   0: 0x8000c724 (0x40735413) srai    s0, t1, 7
core   0: 3 0x8000c724 (0x40735413) x 8 0xff000533
core   0: 0x8000c728 (0x01681993) slli    s3, a6, 22
core   0: 3 0x8000c728 (0x01681993) x19 0xc0000000
core   0: 0x8000c72c (0x4016d013) srai    zero, a3, 1
core   0: 3 0x8000c72c (0x4016d013)
core   0: 0x8000c730 (0x0000885d) c.andi  s0, 23
core   0: 3 0x8000c730 (0x885d) x 8 0x00000013
core   0: 0x8000c732 (0x00008f31) c.xor   a4, a2
core   0: 3 0x8000c732 (0x8f31) x14 0x7ffd610b
core   0: 0x8000c734 (0xcb5bb693) sltiu   a3, s7, -843
core   0: 3 0x8000c734 (0xcb5bb693) x13 0x00000001
core   0: 0x8000c738 (0x74abbf93) sltiu   t6, s7, 1866
core   0: 3 0x8000c738 (0x74abbf93) x31 0x00000000
core   0: 0x8000c73c (0x0000527d) c.li    tp, -1
core   0: 3 0x8000c73c (0x527d) x 4 0xffffffff
core   0: 0x8000c73e (0x0ff0000f) fence   iorw,iorw
core   0: 3 0x8000c73e (0x0ff0000f)
core   0: 0x8000c742 (0x61912093) slti    ra, sp, 1561
core   0: 3 0x8000c742 (0x61912093) x 1 0x00000001
core   0: 0x8000c746 (0x62232093) slti    ra, t1, 1570
core   0: 3 0x8000c746 (0x62232093) x 1 0x00000001
core   0: 0x8000c74a (0x00cf1b13) slli    s6, t5, 12
core   0: 3 0x8000c74a (0x00cf1b13) x22 0x40014000
core   0: 0x8000c74e (0x0377e6b3) rem     a3, a5, s7
core   0: 3 0x8000c74e (0x0377e6b3) x13 0xf139334a
core   0: 0x8000c752 (0x00008842) c.mv    a6, a6
core   0: 3 0x8000c752 (0x8842) x16 0x80029f00
core   0: 0x8000c754 (0x026f3533) mulhu   a0, t5, t1
core   0: 3 0x8000c754 (0x026f3533) x10 0x00020014
core   0: 0x8000c758 (0xc2b1e237) lui     tp, 0xc2b1e
core   0: 3 0x8000c758 (0xc2b1e237) x 4 0xc2b1e000
core   0: 0x8000c75c (0x02795533) divu    a0, s2, t2
core   0: 3 0x8000c75c (0x02795533) x10 0xffffffff
core   0: 0x8000c760 (0x03b544b3) div     s1, a0, s11
core   0: 3 0x8000c760 (0x03b544b3) x 9 0x00000000
core   0: 0x8000c764 (0x000099fa) c.add   s3, t5
core   0: 3 0x8000c764 (0x99fa) x19 0xc0040014
core   0: 0x8000c766 (0xef76e113) ori     sp, a3, -265
core   0: 3 0x8000c766 (0xef76e113) x 2 0xffffffff
core   0: 0x8000c76a (0x01887033) and     zero, a6, s8
core   0: 3 0x8000c76a (0x01887033)
core   0: 0x8000c76e (0x00008e71) c.and   a2, a2
core   0: 3 0x8000c76e (0x8e71) x12 0xffffffff
core   0: 0x8000c770 (0x039c1a33) mulh    s4, s8, s9
core   0: 3 0x8000c770 (0x039c1a33) x20 0xfffffff3
core   0: 0x8000c774 (0x0000934a) c.add   t1, s2
core   0: 3 0x8000c774 (0x934a) x 6 0xc1929a44
core   0: 0x8000c776 (0x0000ea89) c.bnez  a3, pc + 18
core   0: 3 0x8000c776 (0xea89)
core   0: 0x8000c788 (0x00008dc5) c.or    a1, s1
core   0: 3 0x8000c788 (0x8dc5) x11 0xfffee000
core   0: 0x8000c78a (0x34652813) slti    a6, a0, 838
core   0: 3 0x8000c78a (0x34652813) x16 0x00000001
core   0: 0x8000c78e (0x01434933) xor     s2, t1, s4
core   0: 3 0x8000c78e (0x01434933) x18 0x3e6d65b7
core   0: 0x8000c792 (0x0258e133) rem     sp, a7, t0
core   0: 3 0x8000c792 (0x0258e133) x 2 0x00000000
core   0: 0x8000c796 (0x00000001) c.nop
core   0: 3 0x8000c796 (0x0001)
core   0: 0x8000c798 (0x005dd363) bge     s11, t0, pc + 6
core   0: 3 0x8000c798 (0x005dd363)
core   0: 0x8000c79e (0x00000001) c.nop
core   0: 3 0x8000c79e (0x0001)
core   0: 0x8000c7a0 (0x01af62b3) or      t0, t5, s10
core   0: 3 0x8000c7a0 (0x01af62b3) x 5 0x00040014
core   0: 0x8000c7a4 (0x026c4933) div     s2, s8, t1
core   0: 3 0x8000c7a4 (0x026c4933) x18 0x00000000
core   0: 0x8000c7a8 (0x20d7b913) sltiu   s2, a5, 525
core   0: 3 0x8000c7a8 (0x20d7b913) x18 0x00000000
core   0: 0x8000c7ac (0x031835b3) mulhu   a1, a6, a7
core   0: 3 0x8000c7ac (0x031835b3) x11 0x00000000
core   0: 0x8000c7b0 (0x051df063) bgeu    s11, a7, pc + 64
core   0: 3 0x8000c7b0 (0x051df063)
core   0: 0x8000c7f0 (0x02fd4663) blt     s10, a5, pc + 44
core   0: 3 0x8000c7f0 (0x02fd4663)
core   0: 0x8000c7f4 (0x0271dc33) divu    s8, gp, t2
core   0: 3 0x8000c7f4 (0x0271dc33) x24 0xffffffff
core   0: 0x8000c7f8 (0x0000c81d) c.beqz  s0, pc + 54
core   0: 3 0x8000c7f8 (0xc81d)
core   0: 0x8000c7fa (0x83f22197) auipc   gp, 0x83f22
core   0: 3 0x8000c7fa (0x83f22197) x 3 0x03f2e7fa
core   0: 0x8000c7fe (0x0151b993) sltiu   s3, gp, 21
core   0: 3 0x8000c7fe (0x0151b993) x19 0x00000000
core   0: 0x8000c802 (0x40425e33) sra     t3, tp, tp
core   0: 3 0x8000c802 (0x40425e33) x28 0xc2b1e000
core   0: 0x8000c806 (0x00008f39) c.xor   a4, a4
core   0: 3 0x8000c806 (0x8f39) x14 0x00000000
core   0: 0x8000c808 (0x02068333) mul     t1, a3, zero
core   0: 3 0x8000c808 (0x02068333) x 6 0x00000000
core   0: 0x8000c80c (0x0000e491) c.bnez  s1, pc + 12
core   0: 3 0x8000c80c (0xe491)
core   0: 0x8000c80e (0x02970063) beq     a4, s1, pc + 32
core   0: 3 0x8000c80e (0x02970063)
core   0: 0x8000c82e (0x40cfd2b3) sra     t0, t6, a2
core   0: 3 0x8000c82e (0x40cfd2b3) x 5 0x00000000
core   0: 0x8000c832 (0x020c2eb3) mulhsu  t4, s8, zero
core   0: 3 0x8000c832 (0x020c2eb3) x29 0x00000000
core   0: 0x8000c836 (0xbe8dba13) sltiu   s4, s11, -1048
core   0: 3 0x8000c836 (0xbe8dba13) x20 0x00000001
core   0: 0x8000c83a (0x00009a66) c.add   s4, s9
core   0: 3 0x8000c83a (0x9a66) x20 0xfff4abcc
core   0: 0x8000c83c (0x0ff0000f) fence   iorw,iorw
core   0: 3 0x8000c83c (0x0ff0000f)
core   0: 0x8000c840 (0x017ff2b3) and     t0, t6, s7
core   0: 3 0x8000c840 (0x017ff2b3) x 5 0x00000000
core   0: 0x8000c844 (0x003fdf93) srli    t6, t6, 3
core   0: 3 0x8000c844 (0x003fdf93) x31 0x00000000
core   0: 0x8000c848 (0xfde73593) sltiu   a1, a4, -34
core   0: 3 0x8000c848 (0xfde73593) x11 0x00000001
core   0: 0x8000c84c (0x0274e4b3) rem     s1, s1, t2
core   0: 3 0x8000c84c (0x0274e4b3) x 9 0x00000000
core   0: 0x8000c850 (0x00004117) auipc   sp, 0x4
core   0: 3 0x8000c850 (0x00004117) x 2 0x80010850
core   0: 0x8000c854 (0x95b10113) addi    sp, sp, -1701
core   0: 3 0x8000c854 (0x95b10113) x 2 0x800101ab
core   0: 0x8000c858 (0xf3810183) lb      gp, -200(sp)
core   0: 3 0x8000c858 (0xf3810183) x 3 0xffffff92 mem 0x800100e3
core   0: 0x8000c85c (0x8db81197) auipc   gp, 0x8db81
core   0: 3 0x8000c85c (0x8db81197) x 3 0x0db8d85c
core   0: 0x8000c860 (0x00000c66) c.slli  s8, 25
core   0: 3 0x8000c860 (0x0c66) x24 0xfe000000
core   0: 0x8000c862 (0x000080e9) c.srli  s1, 26
core   0: 3 0x8000c862 (0x80e9) x 9 0x00000000
core   0: 0x8000c864 (0x0056db13) srli    s6, a3, 5
core   0: 3 0x8000c864 (0x0056db13) x22 0x0789c99a
core   0: 0x8000c868 (0x35410c03) lb      s8, 852(sp)
core   0: 3 0x8000c868 (0x35410c03) x24 0x00000001 mem 0x800104ff
core   0: 0x8000c86c (0x20d10823) sb      a3, 528(sp)
core   0: 3 0x8000c86c (0x20d10823) mem 0x800103bb 0x4a
core   0: 0x8000c870 (0x0181b6b3) sltu    a3, gp, s8
core   0: 3 0x8000c870 (0x0181b6b3) x13 0x00000000
core   0: 0x8000c874 (0x41f1d193) srai    gp, gp, 31
core   0: 3 0x8000c874 (0x41f1d193) x 3 0x00000000
core   0: 0x8000c878 (0x4b514b03) lbu     s6, 1205(sp)
core   0: 3 0x8000c878 (0x4b514b03) x22 0x00000091 mem 0x80010660
core   0: 0x8000c87c (0x4034dc33) sra     s8, s1, gp
core   0: 3 0x8000c87c (0x4034dc33) x24 0x00000000
core   0: 0x8000c880 (0x403b0c33) sub     s8, s6, gp
core   0: 3 0x8000c880 (0x403b0c33) x24 0x00000091
core   0: 0x8000c884 (0x00008ca5) c.xor   s1, s1
core   0: 3 0x8000c884 (0x8ca5) x 9 0x00000000
core   0: 0x8000c886 (0x00000001) c.nop
core   0: 3 0x8000c886 (0x0001)
core   0: 0x8000c888 (0xf96122a3) sw      s6, -123(sp)
core   0: 3 0x8000c888 (0xf96122a3) mem 0x80010130 0x00000091
core   0: 0x8000c88c (0x0000100f) fence.i
core   0: 3 0x8000c88c (0x0000100f)
core   0: 0x8000c890 (0x6b014483) lbu     s1, 1712(sp)
core   0: 3 0x8000c890 (0x6b014483) x 9 0x000000c8 mem 0x8001085b
core   0: 0x8000c894 (0x76614183) lbu     gp, 1894(sp)
core   0: 3 0x8000c894 (0x76614183) x 3 0x00000097 mem 0x80010911
core   0: 0x8000c898 (0x28810183) lb      gp, 648(sp)
core   0: 3 0x8000c898 (0x28810183) x 3 0xffffff9c mem 0x80010433
core   0: 0x8000c89c (0xfb311c03) lh      s8, -77(sp)
core   0: 3 0x8000c89c (0xfb311c03) x24 0x0000417d mem 0x8001015e
core   0: 0x8000c8a0 (0xf4610603) lb      a2, -186(sp)
core   0: 3 0x8000c8a0 (0xf4610603) x12 0x00000021 mem 0x800100f1
core   0: 0x8000c8a4 (0x011b5b13) srli    s6, s6, 17
core   0: 3 0x8000c8a4 (0x011b5b13) x22 0x00000000
core   0: 0x8000c8a8 (0x2c210c03) lb      s8, 706(sp)
core   0: 3 0x8000c8a8 (0x2c210c03) x24 0xffffff94 mem 0x8001046d
core   0: 0x8000c8ac (0x5ed12603) lw      a2, 1517(sp)
core   0: 3 0x8000c8ac (0x5ed12603) x12 0x07fd0e79 mem 0x80010798
core   0: 0x8000c8b0 (0x03ea6263) bltu    s4, t5, pc + 36
core   0: 3 0x8000c8b0 (0x03ea6263)
core   0: 0x8000c8b4 (0x00000001) c.nop
core   0: 3 0x8000c8b4 (0x0001)
core   0: 0x8000c8b6 (0x018511b3) sll     gp, a0, s8
core   0: 3 0x8000c8b6 (0x018511b3) x 3 0xfff00000
core   0: 0x8000c8ba (0x015f7c33) and     s8, t5, s5
core   0: 3 0x8000c8ba (0x015f7c33) x24 0x00000004
core   0: 0x8000c8be (0x00c5ebb3) or      s7, a1, a2
core   0: 3 0x8000c8be (0x00c5ebb3) x23 0x07fd0e79
core   0: 0x8000c8c2 (0x03d4e763) bltu    s1, t4, pc + 46
core   0: 3 0x8000c8c2 (0x03d4e763)
core   0: 0x8000c8c6 (0x017c4763) blt     s8, s7, pc + 14
core   0: 3 0x8000c8c6 (0x017c4763)
core   0: 0x8000c8d4 (0x00008dc5) c.or    a1, s1
core   0: 3 0x8000c8d4 (0x8dc5) x11 0x000000c9
core   0: 0x8000c8d6 (0x01c6fcb3) and     s9, a3, t3
core   0: 3 0x8000c8d6 (0x01c6fcb3) x25 0x00000000
core   0: 0x8000c8da (0x418edb13) srai    s6, t4, 24
core   0: 3 0x8000c8da (0x418edb13) x22 0x00000000
core   0: 0x8000c8de (0x00000001) c.nop
core   0: 3 0x8000c8de (0x0001)
core   0: 0x8000c8e0 (0x0138ec63) bltu    a7, s3, pc + 24
core   0: 3 0x8000c8e0 (0x0138ec63)
core   0: 0x8000c8e4 (0x00008c5d) c.or    s0, a5
core   0: 3 0x8000c8e4 (0x8c5d) x 8 0x80029cf7
core   0: 0x8000c8e6 (0x0043b6b3) sltu    a3, t2, tp
core   0: 3 0x8000c8e6 (0x0043b6b3) x13 0x00000001
core   0: 0x8000c8ea (0x0000717d) c.addi16sp sp, -16
core   0: 3 0x8000c8ea (0x717d) x 2 0x8001019b
core   0: 0x8000c8ec (0x000080e5) c.srli  s1, 25
core   0: 3 0x8000c8ec (0x80e5) x 9 0x00000000
core   0: 0x8000c8ee (0x00008ee9) c.and   a3, a0
core   0: 3 0x8000c8ee (0x8ee9) x13 0x00000001
core   0: 0x8000c8f0 (0x0081ca33) xor     s4, gp, s0
core   0: 3 0x8000c8f0 (0x0081ca33) x20 0x7ff29cf7
core   0: 0x8000c8f4 (0x03de4163) blt     t3, t4, pc + 34
core   0: 3 0x8000c8f4 (0x03de4163)
core   0: 0x8000c916 (0x7365e593) ori     a1, a1, 1846
core   0: 3 0x8000c916 (0x7365e593) x11 0x000007ff
core   0: 0x8000c91a (0x039ee063) bltu    t4, s9, pc + 32
core   0: 3 0x8000c91a (0x039ee063)
core   0: 0x8000c91e (0x003dff33) and     t5, s11, gp
core   0: 3 0x8000c91e (0x003dff33) x30 0x3ff00000
core   0: 0x8000c922 (0xab78c217) auipc   tp, 0xab78c
core   0: 3 0x8000c922 (0xab78c217) x 4 0x2b798922
core   0: 0x8000c926 (0x21e6e413) ori     s0, a3, 542
core   0: 3 0x8000c926 (0x21e6e413) x 8 0x0000021f
core   0: 0x8000c92a (0x0029e533) or      a0, s3, sp
core   0: 3 0x8000c92a (0x0029e533) x10 0x8001019b
core   0: 0x8000c92e (0x00805cb3) srl     s9, zero, s0
core   0: 3 0x8000c92e (0x00805cb3) x25 0x00000000
core   0: 0x8000c932 (0xb01b2813) slti    a6, s6, -1279
core   0: 3 0x8000c932 (0xb01b2813) x16 0x00000000
core   0: 0x8000c936 (0x02a59cb3) mulh    s9, a1, a0
core   0: 3 0x8000c936 (0x02a59cb3) x25 0xfffffc00
core   0: 0x8000c93a (0x038cb133) mulhu   sp, s9, s8
core   0: 3 0x8000c93a (0x038cb133) x 2 0x00000003
core   0: 0x8000c93e (0x0000896d) c.andi  a0, 27
core   0: 3 0x8000c93e (0x896d) x10 0x0000001b
core   0: 0x8000c940 (0x0000955e) c.add   a0, s7
core   0: 3 0x8000c940 (0x955e) x10 0x07fd0e94
core   0: 0x8000c942 (0x00f31993) slli    s3, t1, 15
core   0: 3 0x8000c942 (0x00f31993) x19 0x00000000
core   0: 0x8000c946 (0x00bbdb33) srl     s6, s7, a1
core   0: 3 0x8000c946 (0x00bbdb33) x22 0x00000000
core   0: 0x8000c94a (0xffed0997) auipc   s3, 0xffed0
core   0: 3 0x8000c94a (0xffed0997) x19 0x7fedc94a
core   0: 0x8000c94e (0x01748963) beq     s1, s7, pc + 18
core   0: 3 0x8000c94e (0x01748963)
core   0: 0x8000c952 (0x0da23d13) sltiu   s10, tp, 218
core   0: 3 0x8000c952 (0x0da23d13) x26 0x00000000
core   0: 0x8000c956 (0x00000f8a) c.slli  t6, 2
core   0: 3 0x8000c956 (0x0f8a) x31 0x00000000
core   0: 0x8000c958 (0x0000483d) c.li    a6, 15
core   0: 3 0x8000c958 (0x483d) x16 0x0000000f
core   0: 0x8000c95a (0x016daa33) slt     s4, s11, s6
core   0: 3 0x8000c95a (0x016daa33) x20 0x00000000
core   0: 0x8000c95e (0x00008aa1) c.andi  a3, 8
core   0: 3 0x8000c95e (0x8aa1) x13 0x00000000
core   0: 0x8000c960 (0x770c8c97) auipc   s9, 0x770c8
core   0: 3 0x8000c960 (0x770c8c97) x25 0xf70d4960
core   0: 0x8000c964 (0x00419233) sll     tp, gp, tp
core   0: 3 0x8000c964 (0x00419233) x 4 0xffc00000
core   0: 0x8000c968 (0x00008c39) c.xor   s0, a4
core   0: 3 0x8000c968 (0x8c39) x 8 0x0000021f
core   0: 0x8000c96a (0x00cdc233) xor     tp, s11, a2
core   0: 3 0x8000c96a (0x00cdc233) x 4 0x3802d461
core   0: 0x8000c96e (0x40a7d133) sra     sp, a5, a0
core   0: 3 0x8000c96e (0x40a7d133) x 2 0xfffff800
core   0: 0x8000c972 (0x0123a9b3) slt     s3, t2, s2
core   0: 3 0x8000c972 (0x0123a9b3) x19 0x00000000
core   0: 0x8000c976 (0x00000001) c.nop
core   0: 3 0x8000c976 (0x0001)
core   0: 0x8000c978 (0x01d2c9b3) xor     s3, t0, t4
core   0: 3 0x8000c978 (0x01d2c9b3) x19 0x00000000
core   0: 0x8000c97c (0x46104093) xori    ra, zero, 1121
core   0: 3 0x8000c97c (0x46104093) x 1 0x00000461
core   0: 0x8000c980 (0x0267a3b3) mulhsu  t2, a5, t1
core   0: 3 0x8000c980 (0x0267a3b3) x 7 0x00000000
core   0: 0x8000c984 (0x7cd18813) addi    a6, gp, 1997
core   0: 3 0x8000c984 (0x7cd18813) x16 0xfff007cd
core   0: 0x8000c988 (0x00006149) c.addi16sp sp, 144
core   0: 3 0x8000c988 (0x6149) x 2 0xfffff890
core   0: 0x8000c98a (0x41c90c33) sub     s8, s2, t3
core   0: 3 0x8000c98a (0x41c90c33) x24 0x3d4e2000
core   0: 0x8000c98e (0xf0f0b213) sltiu   tp, ra, -241
core   0: 3 0x8000c98e (0xf0f0b213) x 4 0x00000001
core   0: 0x8000c992 (0x018e1333) sll     t1, t3, s8
core   0: 3 0x8000c992 (0x018e1333) x 6 0xc2b1e000
core   0: 0x8000c996 (0xcfabe913) ori     s2, s7, -774
core   0: 3 0x8000c996 (0xcfabe913) x18 0xfffffefb
core   0: 0x8000c99a (0x02279db3) mulh    s11, a5, sp
core   0: 3 0x8000c99a (0x02279db3) x27 0x000003b7
core   0: 0x8000c99e (0x0ff0000f) fence   iorw,iorw
core   0: 3 0x8000c99e (0x0ff0000f)
core   0: 0x8000c9a2 (0x707d7b93) andi    s7, s10, 1799
core   0: 3 0x8000c9a2 (0x707d7b93) x23 0x00000000
core   0: 0x8000c9a6 (0x416e8e33) sub     t3, t4, s6
core   0: 3 0x8000c9a6 (0x416e8e33) x28 0x00000000
core   0: 0x8000c9aa (0x000095f6) c.add   a1, t4
core   0: 3 0x8000c9aa (0x95f6) x11 0x000007ff
core   0: 0x8000c9ac (0x03425633) divu    a2, tp, s4
core   0: 3 0x8000c9ac (0x03425633) x12 0xffffffff
core   0: 0x8000c9b0 (0x01357eb3) and     t4, a0, s3
core   0: 3 0x8000c9b0 (0x01357eb3) x29 0x00000000
core   0: 0x8000c9b4 (0x024bfb33) remu    s6, s7, tp
core   0: 3 0x8000c9b4 (0x024bfb33) x22 0x00000000
core   0: 0x8000c9b8 (0x02868733) mul     a4, a3, s0
core   0: 3 0x8000c9b8 (0x02868733) x14 0x00000000
core   0: 0x8000c9bc (0x00869863) bne     a3, s0, pc + 16
core   0: 3 0x8000c9bc (0x00869863)
core   0: 0x8000c9cc (0x00009416) c.add   s0, t0
core   0: 3 0x8000c9cc (0x9416) x 8 0x0000021f
core   0: 0x8000c9ce (0x0000e219) c.bnez  a2, pc + 6
core   0: 3 0x8000c9ce (0xe219)
core   0: 0x8000c9d4 (0x00001c7d) c.addi  s8, -1
core   0: 3 0x8000c9d4 (0x1c7d) x24 0x3d4e1fff
core   0: 0x8000c9d6 (0x01c51f93) slli    t6, a0, 28
core   0: 3 0x8000c9d6 (0x01c51f93) x31 0x40000000
core   0: 0x8000c9da (0x016c8e33) add     t3, s9, s6
core   0: 3 0x8000c9da (0x016c8e33) x28 0xf70d4960
core   0: 0x8000c9de (0x0ff0000f) fence   iorw,iorw
core   0: 3 0x8000c9de (0x0ff0000f)
core   0: 0x8000c9e2 (0x05f68063) beq     a3, t6, pc + 64
core   0: 3 0x8000c9e2 (0x05f68063)
core   0: 0x8000c9e6 (0x015efe33) and     t3, t4, s5
core   0: 3 0x8000c9e6 (0x015efe33) x28 0x00000000
core   0: 0x8000c9ea (0x01568033) add     zero, a3, s5
core   0: 3 0x8000c9ea (0x01568033)
core   0: 0x8000c9ee (0x000080a9) c.srli  s1, 10
core   0: 3 0x8000c9ee (0x80a9) x 9 0x00000000
core   0: 0x8000c9f0 (0x6a51e413) ori     s0, gp, 1701
core   0: 3 0x8000c9f0 (0x6a51e413) x 8 0xfff006a5
core   0: 0x8000c9f4 (0x00647933) and     s2, s0, t1
core   0: 3 0x8000c9f4 (0x00647933) x18 0xc2b00000
core   0: 0x8000c9f8 (0x00b26d63) bltu    tp, a1, pc + 26
core   0: 3 0x8000c9f8 (0x00b26d63)
core   0: 0x8000ca12 (0x000082a1) c.srli  a3, 8
core   0: 3 0x8000ca12 (0x82a1) x13 0x00000000
core   0: 0x8000ca14 (0x01810e63) beq     sp, s8, pc + 28
core   0: 3 0x8000ca14 (0x01810e63)
core   0: 0x8000ca18 (0x54900f97) auipc   t6, 0x54900
core   0: 3 0x8000ca18 (0x54900f97) x31 0xd490ca18
core   0: 0x8000ca1c (0x00004e41) c.li    t3, 16
core   0: 3 0x8000ca1c (0x4e41) x28 0x00000010
core   0: 0x8000ca1e (0xf9858d97) auipc   s11, 0xf9858
core   0: 3 0x8000ca1e (0xf9858d97) x27 0x79864a1e
core   0: 0x8000ca22 (0x00000bcd) c.addi  s7, 19
core   0: 3 0x8000ca22 (0x0bcd) x23 0x00000013
core   0: 0x8000ca24 (0x0ff0000f) fence   iorw,iorw
core   0: 3 0x8000ca24 (0x0ff0000f)
core   0: 0x8000ca28 (0x02d27063) bgeu    tp, a3, pc + 32
core   0: 3 0x8000ca28 (0x02d27063)
core   0: 0x8000ca48 (0x01087c63) bgeu    a6, a6, pc + 24
core   0: 3 0x8000ca48 (0x01087c63)
core   0: 0x8000ca60 (0x00000001) c.nop
core   0: 3 0x8000ca60 (0x0001)
core   0: 0x8000ca62 (0x00008e5d) c.or    a2, a5
core   0: 3 0x8000ca62 (0x8e5d) x12 0xffffffff
core   0: 0x8000ca64 (0x0388deb3) divu    t4, a7, s8
core   0: 3 0x8000ca64 (0x0388deb3) x29 0x00000000
core   0: 0x8000ca68 (0x02b33833) mulhu   a6, t1, a1
core   0: 3 0x8000ca68 (0x02b33833) x16 0x00000614
core   0: 0x8000ca6c (0x0021e133) or      sp, gp, sp
core   0: 3 0x8000ca6c (0x0021e133) x 2 0xfffff890
core   0: 0x8000ca70 (0x01dec1b3) xor     gp, t4, t4
core   0: 3 0x8000ca70 (0x01dec1b3) x 3 0x00000000
core   0: 0x8000ca74 (0x038b2633) mulhsu  a2, s6, s8
core   0: 3 0x8000ca74 (0x038b2633) x12 0x00000000
core   0: 0x8000ca78 (0x022d4a33) div     s4, s10, sp
core   0: 3 0x8000ca78 (0x022d4a33) x20 0x00000000
core   0: 0x8000ca7c (0x00008d86) c.mv    s11, ra
core   0: 3 0x8000ca7c (0x8d86) x27 0x00000461
core   0: 0x8000ca7e (0x0000e709) c.bnez  a4, pc + 10
core   0: 3 0x8000ca7e (0xe709)
core   0: 0x8000ca80 (0xc9eb7b93) andi    s7, s6, -866
core   0: 3 0x8000ca80 (0xc9eb7b93) x23 0x00000000
core   0: 0x8000ca84 (0x00006139) c.addi16sp sp, 448
core   0: 3 0x8000ca84 (0x6139) x 2 0xfffffa50
core   0: 0x8000ca86 (0x0000cf01) c.beqz  a4, pc + 24
core   0: 3 0x8000ca86 (0xcf01)
core   0: 0x8000ca9e (0x00000001) c.nop
core   0: 3 0x8000ca9e (0x0001)
core   0: 0x8000caa0 (0x9ed31237) lui     tp, 0x9ed31
core   0: 3 0x8000caa0 (0x9ed31237) x 4 0x9ed31000
core   0: 0x8000caa4 (0x03d29263) bne     t0, t4, pc + 36
core   0: 3 0x8000caa4 (0x03d29263)
core   0: 0x8000caa8 (0x030883b3) mul     t2, a7, a6
core   0: 3 0x8000caa8 (0x030883b3) x 7 0x00000000
core   0: 0x8000caac (0x02789c33) mulh    s8, a7, t2
core   0: 3 0x8000caac (0x02789c33) x24 0x00000000
core   0: 0x8000cab0 (0x824a2297) auipc   t0, 0x824a2
core   0: 3 0x8000cab0 (0x824a2297) x 5 0x024aeab0
core   0: 0x8000cab4 (0x00008ec1) c.or    a3, s0
core   0: 3 0x8000cab4 (0x8ec1) x13 0xfff006a5
core   0: 0x8000cab6 (0x01f2d293) srli    t0, t0, 31
core   0: 3 0x8000cab6 (0x01f2d293) x 5 0x00000000
core   0: 0x8000caba (0x2215c013) xori    zero, a1, 545
core   0: 3 0x8000caba (0x2215c013)
core   0: 0x8000cabe (0xfc161617) auipc   a2, 0xfc161
core   0: 3 0x8000cabe (0xfc161617) x12 0x7c16dabe
core   0: 0x8000cac2 (0x00000894) c.addi4spn a3, sp, 80
core   0: 3 0x8000cac2 (0x0894) x13 0xfffffaa0
core   0: 0x8000cac4 (0x40f55833) sra     a6, a0, a5
core   0: 3 0x8000cac4 (0x40f55833) x16 0x007fd0e9
core   0: 0x8000cac8 (0x002232b3) sltu    t0, tp, sp
core   0: 3 0x8000cac8 (0x002232b3) x 5 0x00000001
core   0: 0x8000cacc (0x0000100f) fence.i
core   0: 3 0x8000cacc (0x0000100f)
core   0: 0x8000cad0 (0x033ebe33) mulhu   t3, t4, s3
core   0: 3 0x8000cad0 (0x033ebe33) x28 0x00000000
core   0: 0x8000cad4 (0x00004299) c.li    t0, 6
core   0: 3 0x8000cad4 (0x4299) x 5 0x00000006
core   0: 0x8000cad6 (0xbf6beb93) ori     s7, s7, -1034
core   0: 3 0x8000cad6 (0xbf6beb93) x23 0xfffffbf6
core   0: 0x8000cada (0x00000001) c.nop
core   0: 3 0x8000cada (0x0001)
core   0: 0x8000cadc (0x00000ec1) c.addi  t4, 16
core   0: 3 0x8000cadc (0x0ec1) x29 0x00000010
core   0: 0x8000cade (0x03eb3833) mulhu   a6, s6, t5
core   0: 3 0x8000cade (0x03eb3833) x16 0x00000000
core   0: 0x8000cae2 (0x01738fb3) add     t6, t2, s7
core   0: 3 0x8000cae2 (0x01738fb3) x31 0xfffffbf6
core   0: 0x8000cae6 (0x011f5913) srli    s2, t5, 17
core   0: 3 0x8000cae6 (0x011f5913) x18 0x00001ff8
core   0: 0x8000caea (0x0273c433) div     s0, t2, t2
core   0: 3 0x8000caea (0x0273c433) x 8 0xffffffff
core   0: 0x8000caee (0x00000001) c.nop
core   0: 3 0x8000caee (0x0001)
core   0: 0x8000caf0 (0x04741597) auipc   a1, 0x4741
core   0: 3 0x8000caf0 (0x04741597) x11 0x8474daf0
core   0: 0x8000caf4 (0x00008c1d) c.sub   s0, a5
core   0: 3 0x8000caf4 (0x8c1d) x 8 0x7ffd631b
core   0: 0x8000caf6 (0x00008221) c.srli  a2, 8
core   0: 3 0x8000caf6 (0x8221) x12 0x007c16da
core   0: 0x8000caf8 (0x030c3233) mulhu   tp, s8, a6
core   0: 3 0x8000caf8 (0x030c3233) x 4 0x00000000
core   0: 0x8000cafc (0x4c553713) sltiu   a4, a0, 1221
core   0: 3 0x8000cafc (0x4c553713) x14 0x00000000
core   0: 0x8000cb00 (0x01db2cb3) slt     s9, s6, t4
core   0: 3 0x8000cb00 (0x01db2cb3) x25 0x00000001
core   0: 0x8000cb04 (0x0000537d) c.li    t1, -1
core   0: 3 0x8000cb04 (0x537d) x 6 0xffffffff
core   0: 0x8000cb06 (0x03cdd633) divu    a2, s11, t3
core   0: 3 0x8000cb06 (0x03cdd633) x12 0xffffffff
core   0: 0x8000cb0a (0x00008bba) c.mv    s7, a4
core   0: 3 0x8000cb0a (0x8bba) x23 0x00000000
core   0: 0x8000cb0c (0xab4d8593) addi    a1, s11, -1356
core   0: 3 0x8000cb0c (0xab4d8593) x11 0xffffff15
core   0: 0x8000cb10 (0x0000717d) c.addi16sp sp, -16
core   0: 3 0x8000cb10 (0x717d) x 2 0xfffffa40
core   0: 0x8000cb12 (0x00008c51) c.or    s0, a2
core   0: 3 0x8000cb12 (0x8c51) x 8 0xffffffff
core   0: 0x8000cb14 (0x01501833) sll     a6, zero, s5
core   0: 3 0x8000cb14 (0x01501833) x16 0x00000000
core   0: 0x8000cb18 (0x41545693) srai    a3, s0, 21
core   0: 3 0x8000cb18 (0x41545693) x13 0xffffffff
core   0: 0x8000cb1c (0x4129de13) srai    t3, s3, 18
core   0: 3 0x8000cb1c (0x4129de13) x28 0x00000000
core   0: 0x8000cb20 (0x0288fa63) bgeu    a7, s0, pc + 52
core   0: 3 0x8000cb20 (0x0288fa63)
core   0: 0x8000cb24 (0x400cde93) srai    t4, s9, 0
core   0: 3 0x8000cb24 (0x400cde93) x29 0x00000001
core   0: 0x8000cb28 (0x02382db3) mulhsu  s11, a6, gp
core   0: 3 0x8000cb28 (0x02382db3) x27 0x00000000
core   0: 0x8000cb2c (0x0159c1b3) xor     gp, s3, s5
core   0: 3 0x8000cb2c (0x0159c1b3) x 3 0x80025e24
core   0: 0x8000cb30 (0x02ed4b33) div     s6, s10, a4
core   0: 3 0x8000cb30 (0x02ed4b33) x22 0xffffffff
core   0: 0x8000cb34 (0x0000ed89) c.bnez  a1, pc + 26
core   0: 3 0x8000cb34 (0xed89)
core   0: 0x8000cb4e (0x0000c919) c.beqz  a0, pc + 22
core   0: 3 0x8000cb4e (0xc919)
core   0: 0x8000cb50 (0x41105093) srai    ra, zero, 17
core   0: 3 0x8000cb50 (0x41105093) x 1 0x00000000
core   0: 0x8000cb54 (0x01ff32b3) sltu    t0, t5, t6
core   0: 3 0x8000cb54 (0x01ff32b3) x 5 0x00000001
core   0: 0x8000cb58 (0x00c3c463) blt     t2, a2, pc + 8
core   0: 3 0x8000cb58 (0x00c3c463)
core   0: 0x8000cb5c (0x01546963) bltu    s0, s5, pc + 18
core   0: 3 0x8000cb5c (0x01546963)
core   0: 0x8000cb60 (0x02439233) mulh    tp, t2, tp
core   0: 3 0x8000cb60 (0x02439233) x 4 0x00000000
core   0: 0x8000cb64 (0x00000001) c.nop
core   0: 3 0x8000cb64 (0x0001)
core   0: 0x8000cb66 (0x01863db3) sltu    s11, a2, s8
core   0: 3 0x8000cb66 (0x01863db3) x27 0x00000000
core   0: 0x8000cb6a (0x00008446) c.mv    s0, a7
core   0: 3 0x8000cb6a (0x8446) x 8 0x00000000
core   0: 0x8000cb6c (0x00008129) c.srli  a0, 10
core   0: 3 0x8000cb6c (0x8129) x10 0x0001ff43
core   0: 0x8000cb6e (0x00cd9a13) slli    s4, s11, 12
core   0: 3 0x8000cb6e (0x00cd9a13) x20 0x00000000
core   0: 0x8000cb72 (0x014e5213) srli    tp, t3, 20
core   0: 3 0x8000cb72 (0x014e5213) x 4 0x00000000
core   0: 0x8000cb76 (0x00008db5) c.xor   a1, a3
core   0: 3 0x8000cb76 (0x8db5) x11 0x000000ea
core   0: 0x8000cb78 (0x01b95e63) bge     s2, s11, pc + 28
core   0: 3 0x8000cb78 (0x01b95e63)
core   0: 0x8000cb94 (0xac8bf993) andi    s3, s7, -1336
core   0: 3 0x8000cb94 (0xac8bf993) x19 0x00000000
core   0: 0x8000cb98 (0x4c13c413) xori    s0, t2, 1217
core   0: 3 0x8000cb98 (0x4c13c413) x 8 0x000004c1
core   0: 0x8000cb9c (0x0000cc11) c.beqz  s0, pc + 28
core   0: 3 0x8000cb9c (0xcc11)
core   0: 0x8000cb9e (0x03f4a133) mulhsu  sp, s1, t6
core   0: 3 0x8000cb9e (0x03f4a133) x 2 0x00000000
core   0: 0x8000cba2 (0x0014d713) srli    a4, s1, 1
core   0: 3 0x8000cba2 (0x0014d713) x14 0x00000000
core   0: 0x8000cba6 (0x0000987d) c.andi  s0, -1
core   0: 3 0x8000cba6 (0x987d) x 8 0x000004c1
core   0: 0x8000cba8 (0x00000001) c.nop
core   0: 3 0x8000cba8 (0x0001)
core   0: 0x8000cbaa (0x03bb9463) bne     s7, s11, pc + 40
core   0: 3 0x8000cbaa (0x03bb9463)
core   0: 0x8000cbae (0x000085c2) c.mv    a1, a6
core   0: 3 0x8000cbae (0x85c2) x11 0x00000000
core   0: 0x8000cbb0 (0xf99e0e97) auipc   t4, 0xf99e0
core   0: 3 0x8000cbb0 (0xf99e0e97) x29 0x799ecbb0
core   0: 0x8000cbb4 (0x40e95813) srai    a6, s2, 14
core   0: 3 0x8000cbb4 (0x40e95813) x16 0x00000000
core   0: 0x8000cbb8 (0x00000001) c.nop
core   0: 3 0x8000cbb8 (0x0001)
core   0: 0x8000cbba (0x00008d1e) c.mv    s10, t2
core   0: 3 0x8000cbba (0x8d1e) x26 0x00000000
core   0: 0x8000cbbc (0x02cc1db3) mulh    s11, s8, a2
core   0: 3 0x8000cbbc (0x02cc1db3) x27 0x00000000
core   0: 0x8000cbc0 (0x0267b6b3) mulhu   a3, a5, t1
core   0: 3 0x8000cbc0 (0x0267b6b3) x13 0x80029ce3
core   0: 0x8000cbc4 (0x00000001) c.nop
core   0: 3 0x8000cbc4 (0x0001)
core   0: 0x8000cbc6 (0x00000772) c.slli  a4, 28
core   0: 3 0x8000cbc6 (0x0772) x14 0x00000000
core   0: 0x8000cbc8 (0x00001a7d) c.addi  s4, -1
core   0: 3 0x8000cbc8 (0x1a7d) x20 0xffffffff
core   0: 0x8000cbca (0x01911993) slli    s3, sp, 25
core   0: 3 0x8000cbca (0x01911993) x19 0x00000000
core   0: 0x8000cbce (0x028404b3) mul     s1, s0, s0
core   0: 3 0x8000cbce (0x028404b3) x 9 0x00169981
core   0: 0x8000cbd2 (0x00008849) c.andi  s0, 18
core   0: 3 0x8000cbd2 (0x8849) x 8 0x00000000
core   0: 0x8000cbd4 (0x0337e5b3) rem     a1, a5, s3
core   0: 3 0x8000cbd4 (0x0337e5b3) x11 0x80029ce4
core   0: 0x8000cbd8 (0x00008f7d) c.and   a4, a5
core   0: 3 0x8000cbd8 (0x8f7d) x14 0x00000000
core   0: 0x8000cbda (0x00808463) beq     ra, s0, pc + 8
core   0: 3 0x8000cbda (0x00808463)
core   0: 0x8000cbe2 (0x01521d33) sll     s10, tp, s5
core   0: 3 0x8000cbe2 (0x01521d33) x26 0x00000000
core   0: 0x8000cbe6 (0x00006115) c.addi16sp sp, 288
core   0: 3 0x8000cbe6 (0x6115) x 2 0x00000120
core   0: 0x8000cbe8 (0x4038d9b3) sra     s3, a7, gp
core   0: 3 0x8000cbe8 (0x4038d9b3) x19 0x00000000
core   0: 0x8000cbec (0x5d979b17) auipc   s6, 0x5d979
core   0: 3 0x8000cbec (0x5d979b17) x22 0xdd985bec
core   0: 0x8000cbf0 (0x07270b13) addi    s6, a4, 114
core   0: 3 0x8000cbf0 (0x07270b13) x22 0x00000072
core   0: 0x8000cbf4 (0x005c0b63) beq     s8, t0, pc + 22
core   0: 3 0x8000cbf4 (0x005c0b63)
core   0: 0x8000cbf8 (0x019e0633) add     a2, t3, s9
core   0: 3 0x8000cbf8 (0x019e0633) x12 0x00000001
core   0: 0x8000cbfc (0x0b413813) sltiu   a6, sp, 180
core   0: 3 0x8000cbfc (0x0b413813) x16 0x00000000
core   0: 0x8000cc00 (0x40615493) srai    s1, sp, 6
core   0: 3 0x8000cc00 (0x40615493) x 9 0x00000004
core   0: 0x8000cc04 (0x02817763) bgeu    sp, s0, pc + 46
core   0: 3 0x8000cc04 (0x02817763)
core   0: 0x8000cc32 (0x029df4b3) remu    s1, s11, s1
core   0: 3 0x8000cc32 (0x029df4b3) x 9 0x00000000
core   0: 0x8000cc36 (0x0ff0000f) fence   iorw,iorw
core   0: 3 0x8000cc36 (0x0ff0000f)
core   0: 0x8000cc3a (0x00ff7033) and     zero, t5, a5
core   0: 3 0x8000cc3a (0x00ff7033)
core   0: 0x8000cc3e (0x0000717d) c.addi16sp sp, -16
core   0: 3 0x8000cc3e (0x717d) x 2 0x00000110
core   0: 0x8000cc40 (0x0000100f) fence.i
core   0: 3 0x8000cc40 (0x0000100f)
core   0: 0x8000cc44 (0x003bd363) bge     s7, gp, pc + 6
core   0: 3 0x8000cc44 (0x003bd363)
core   0: 0x8000cc4a (0xe7d52413) slti    s0, a0, -387
core   0: 3 0x8000cc4a (0xe7d52413) x 8 0x00000000
core   0: 0x8000cc4e (0xb3554a13) xori    s4, a0, -1227
core   0: 3 0x8000cc4e (0xb3554a13) x20 0xfffe0476
core   0: 0x8000cc52 (0x8ca4f1b7) lui     gp, 0x8ca4f
core   0: 3 0x8000cc52 (0x8ca4f1b7) x 3 0x8ca4f000
core   0: 0x8000cc56 (0xc0386417) auipc   s0, 0xc0386
core   0: 3 0x8000cc56 (0xc0386417) x 8 0x40392c56
core   0: 0x8000cc5a (0x00000489) c.addi  s1, 2
core   0: 3 0x8000cc5a (0x0489) x 9 0x00000002
core   0: 0x8000cc5c (0x025850b3) divu    ra, a6, t0
core   0: 3 0x8000cc5c (0x025850b3) x 1 0x00000000
core   0: 0x8000cc60 (0x00008c3d) c.xor   s0, a5
core   0: 3 0x8000cc60 (0x8c3d) x 8 0xc03bb0b2
core   0: 0x8000cc62 (0x00a54a63) blt     a0, a0, pc + 20
core   0: 3 0x8000cc62 (0x00a54a63)
core   0: 0x8000cc66 (0x0221f763) bgeu    gp, sp, pc + 46
core   0: 3 0x8000cc66 (0x0221f763)
core   0: 0x8000cc94 (0x03b9ac33) mulhsu  s8, s3, s11
core   0: 3 0x8000cc94 (0x03b9ac33) x24 0x00000000
core   0: 0x8000cc98 (0x005950b3) srl     ra, s2, t0
core   0: 3 0x8000cc98 (0x005950b3) x 1 0x00000ffc
core   0: 0x8000cc9c (0x000081b9) c.srli  a1, 14
core   0: 3 0x8000cc9c (0x81b9) x11 0x0002000a
core   0: 0x8000cc9e (0x0076af33) slt     t5, a3, t2
core   0: 3 0x8000cc9e (0x0076af33) x30 0x00000001
core   0: 0x8000cca2 (0x00008e65) c.and   a2, s1
core   0: 3 0x8000cca2 (0x8e65) x12 0x00000000
core   0: 0x8000cca4 (0x0000100f) fence.i
core   0: 3 0x8000cca4 (0x0000100f)
core   0: 0x8000cca8 (0x029a39b3) mulhu   s3, s4, s1
core   0: 3 0x8000cca8 (0x029a39b3) x19 0x00000001
core   0: 0x8000ccac (0x00004639) c.li    a2, 14
core   0: 3 0x8000ccac (0x4639) x12 0x0000000e
core   0: 0x8000ccae (0x03f26063) bltu    tp, t6, pc + 32
core   0: 3 0x8000ccae (0x03f26063)
core   0: 0x8000ccce (0x00006179) c.addi16sp sp, 464
core   0: 3 0x8000ccce (0x6179) x 2 0x000002e0
core   0: 0x8000ccd0 (0x40600633) sub     a2, zero, t1
core   0: 3 0x8000ccd0 (0x40600633) x12 0x00000001
core   0: 0x8000ccd4 (0x03e9ec33) rem     s8, s3, t5
core   0: 3 0x8000ccd4 (0x03e9ec33) x24 0x00000000
core   0: 0x8000ccd8 (0x00008469) c.srai  s0, 26
core   0: 3 0x8000ccd8 (0x8469) x 8 0xfffffff0
core   0: 0x8000ccda (0x00605a33) srl     s4, zero, t1
core   0: 3 0x8000ccda (0x00605a33) x20 0x00000000
core   0: 0x8000ccde (0x01b38fb3) add     t6, t2, s11
core   0: 3 0x8000ccde (0x01b38fb3) x31 0x00000000
core   0: 0x8000cce2 (0x00829a63) bne     t0, s0, pc + 20
core   0: 3 0x8000cce2 (0x00829a63)
core   0: 0x8000ccf6 (0x00008665) c.srai  a2, 25
core   0: 3 0x8000ccf6 (0x8665) x12 0x00000000
core   0: 0x8000ccf8 (0x00001114) c.addi4spn a3, sp, 160
core   0: 3 0x8000ccf8 (0x1114) x13 0x00000380
core   0: 0x8000ccfa (0x01b29f63) bne     t0, s11, pc + 30
core   0: 3 0x8000ccfa (0x01b29f63)
core   0: 0x8000cd18 (0x02b58f33) mul     t5, a1, a1
core   0: 3 0x8000cd18 (0x02b58f33) x30 0x00280064
core   0: 0x8000cd1c (0x012600b3) add     ra, a2, s2
core   0: 3 0x8000cd1c (0x012600b3) x 1 0x00001ff8
core   0: 0x8000cd20 (0x77767297) auipc   t0, 0x77767
core   0: 3 0x8000cd20 (0x77767297) x 5 0xf7773d20
core   0: 0x8000cd24 (0x011b5313) srli    t1, s6, 17
core   0: 3 0x8000cd24 (0x011b5313) x 6 0x00000000
core   0: 0x8000cd28 (0x0323a5b3) mulhsu  a1, t2, s2
core   0: 3 0x8000cd28 (0x0323a5b3) x11 0x00000000
core   0: 0x8000cd2c (0x00bc9993) slli    s3, s9, 11
core   0: 3 0x8000cd2c (0x00bc9993) x19 0x00000800
core   0: 0x8000cd30 (0x0254ebb3) rem     s7, s1, t0
core   0: 3 0x8000cd30 (0x0254ebb3) x23 0x00000002
core   0: 0x8000cd34 (0x038595b3) mulh    a1, a1, s8
core   0: 3 0x8000cd34 (0x038595b3) x11 0x00000000
core   0: 0x8000cd38 (0x01e79a33) sll     s4, a5, t5
core   0: 3 0x8000cd38 (0x01e79a33) x20 0x0029ce40
core   0: 0x8000cd3c (0x00008876) c.mv    a6, t4
core   0: 3 0x8000cd3c (0x8876) x16 0x799ecbb0
core   0: 0x8000cd3e (0x00000759) c.addi  a4, 22
core   0: 3 0x8000cd3e (0x0759) x14 0x00000016
core   0: 0x8000cd40 (0x000082f2) c.mv    t0, t3
core   0: 3 0x8000cd40 (0x82f2) x 5 0x00000000
core   0: 0x8000cd42 (0xcab62193) slti    gp, a2, -853
core   0: 3 0x8000cd42 (0xcab62193) x 3 0x00000000
core   0: 0x8000cd46 (0xb1e5f193) andi    gp, a1, -1250
core   0: 3 0x8000cd46 (0xb1e5f193) x 3 0x00000000
core   0: 0x8000cd4a (0x02ba8a63) beq     s5, a1, pc + 52
core   0: 3 0x8000cd4a (0x02ba8a63)
core   0: 0x8000cd4e (0xa34be413) ori     s0, s7, -1484
core   0: 3 0x8000cd4e (0xa34be413) x 8 0xfffffa36
core   0: 0x8000cd52 (0x000062b5) c.lui   t0, 0xd
core   0: 3 0x8000cd52 (0x62b5) x 5 0x0000d000
core   0: 0x8000cd54 (0xb0d20693) addi    a3, tp, -1267
core   0: 3 0x8000cd54 (0xb0d20693) x13 0xfffffb0d
core   0: 0x8000cd58 (0x0110fb63) bgeu    ra, a7, pc + 22
core   0: 3 0x8000cd58 (0x0110fb63)
core   0: 0x8000cd6e (0x0000ce01) c.beqz  a2, pc + 24
core   0: 3 0x8000cd6e (0xce01)
core   0: 0x8000cd86 (0x00008c21) c.xor   s0, s0
core   0: 3 0x8000cd86 (0x8c21) x 8 0x00000000
core   0: 0x8000cd88 (0x0284e333) rem     t1, s1, s0
core   0: 3 0x8000cd88 (0x0284e333) x 6 0x00000002
core   0: 0x8000cd8c (0x00009a7d) c.andi  a2, -1
core   0: 3 0x8000cd8c (0x9a7d) x12 0x00000000
core   0: 0x8000cd8e (0x00000001) c.nop
core   0: 3 0x8000cd8e (0x0001)
core   0: 0x8000cd90 (0x41205eb3) sra     t4, zero, s2
core   0: 3 0x8000cd90 (0x41205eb3) x29 0x00000000
core   0: 0x8000cd94 (0x0022cb63) blt     t0, sp, pc + 22
core   0: 3 0x8000cd94 (0x0022cb63)
core   0: 0x8000cd98 (0x00321593) slli    a1, tp, 3
core   0: 3 0x8000cd98 (0x00321593) x11 0x00000000
core   0: 0x8000cd9c (0x515a7e93) andi    t4, s4, 1301
core   0: 3 0x8000cd9c (0x515a7e93) x29 0x00000400
core   0: 0x8000cda0 (0x61be3293) sltiu   t0, t3, 1563
core   0: 3 0x8000cda0 (0x61be3293) x 5 0x00000001
core   0: 0x8000cda4 (0x00008729) c.srai  a4, 10
core   0: 3 0x8000cda4 (0x8729) x14 0x00000000
core   0: 0x8000cda6 (0x01755993) srli    s3, a0, 23
core   0: 3 0x8000cda6 (0x01755993) x19 0x00000000
core   0: 0x8000cdaa (0x00789b93) slli    s7, a7, 7
core   0: 3 0x8000cdaa (0x00789b93) x23 0x00000000
core   0: 0x8000cdae (0x412dd393) srai    t2, s11, 18
core   0: 3 0x8000cdae (0x412dd393) x 7 0x00000000
core   0: 0x8000cdb2 (0x01a795b3) sll     a1, a5, s10
core   0: 3 0x8000cdb2 (0x01a795b3) x11 0x80029ce4
core   0: 0x8000cdb6 (0x01661413) slli    s0, a2, 22
core   0: 3 0x8000cdb6 (0x01661413) x 8 0x00000000
core   0: 0x8000cdba (0x00db4c33) xor     s8, s6, a3
core   0: 3 0x8000cdba (0x00db4c33) x24 0xfffffb7f
core   0: 0x8000cdbe (0xb7a87713) andi    a4, a6, -1158
core   0: 3 0x8000cdbe (0xb7a87713) x14 0x799ecb30
core   0: 0x8000cdc2 (0x02591eb3) mulh    t4, s2, t0
core   0: 3 0x8000cdc2 (0x02591eb3) x29 0x00000000
core   0: 0x8000cdc6 (0x41935c13) srai    s8, t1, 25
core   0: 3 0x8000cdc6 (0x41935c13) x24 0x00000000
core   0: 0x8000cdca (0x82696713) ori     a4, s2, -2010
core   0: 3 0x8000cdca (0x82696713) x14 0xfffffffe
core   0: 0x8000cdce (0x0000825a) c.mv    tp, s6
core   0: 3 0x8000cdce (0x825a) x 4 0x00000072
core   0: 0x8000cdd0 (0x8f1afc13) andi    s8, s5, -1807
core   0: 3 0x8000cdd0 (0x8f1afc13) x24 0x80025820
core   0: 0x8000cdd4 (0x03ba6eb3) rem     t4, s4, s11
core   0: 3 0x8000cdd4 (0x03ba6eb3) x29 0x0029ce40
core   0: 0x8000cdd8 (0x0ff0000f) fence   iorw,iorw
core   0: 3 0x8000cdd8 (0x0ff0000f)
core   0: 0x8000cddc (0x00009c4a) c.add   s8, s2
core   0: 3 0x8000cddc (0x9c4a) x24 0x80027818
core   0: 0x8000cdde (0x0068fa33) and     s4, a7, t1
core   0: 3 0x8000cdde (0x0068fa33) x20 0x00000000
core   0: 0x8000cde2 (0x00000001) c.nop
core   0: 3 0x8000cde2 (0x0001)
core   0: 0x8000cde4 (0x0093f463) bgeu    t2, s1, pc + 8
core   0: 3 0x8000cde4 (0x0093f463)
core   0: 0x8000cde8 (0x01b96fb3) or      t6, s2, s11
core   0: 3 0x8000cde8 (0x01b96fb3) x31 0x00001ff8
core   0: 0x8000cdec (0x03167fb3) remu    t6, a2, a7
core   0: 3 0x8000cdec (0x03167fb3) x31 0x00000000
core   0: 0x8000cdf0 (0x00005efd) c.li    t4, -1
core   0: 3 0x8000cdf0 (0x5efd) x29 0xffffffff
core   0: 0x8000cdf2 (0x01e01d63) bne     zero, t5, pc + 26
core   0: 3 0x8000cdf2 (0x01e01d63)
core   0: 0x8000ce0c (0x01670a63) beq     a4, s6, pc + 20
core   0: 3 0x8000ce0c (0x01670a63)
core   0: 0x8000ce10 (0x00008d71) c.and   a0, a2
core   0: 3 0x8000ce10 (0x8d71) x10 0x00000000
core   0: 0x8000ce12 (0x40b05013) srai    zero, zero, 11
core   0: 3 0x8000ce12 (0x40b05013)
core   0: 0x8000ce16 (0x0000c721) c.beqz  a4, pc + 72
core   0: 3 0x8000ce16 (0xc721)
core   0: 0x8000ce18 (0x01566a63) bltu    a2, s5, pc + 20
core   0: 3 0x8000ce18 (0x01566a63)
core   0: 0x8000ce2c (0x24394c93) xori    s9, s2, 579
core   0: 3 0x8000ce2c (0x24394c93) x25 0x00001dbb
core   0: 0x8000ce30 (0x02d1f733) remu    a4, gp, a3
core   0: 3 0x8000ce30 (0x02d1f733) x14 0x00000000
core   0: 0x8000ce34 (0x40695eb3) sra     t4, s2, t1
core   0: 3 0x8000ce34 (0x40695eb3) x29 0x000007fe
core   0: 0x8000ce38 (0x0a2d2297) auipc   t0, 0xa2d2
core   0: 3 0x8000ce38 (0x0a2d2297) x 5 0x8a2dee38
core   0: 0x8000ce3c (0x0000100f) fence.i
core   0: 3 0x8000ce3c (0x0000100f)
core   0: 0x8000ce40 (0x011a72b3) and     t0, s4, a7
core   0: 3 0x8000ce40 (0x011a72b3) x 5 0x00000000
core   0: 0x8000ce44 (0x025e1363) bne     t3, t0, pc + 38
core   0: 3 0x8000ce44 (0x025e1363)
core   0: 0x8000ce48 (0x03b639b3) mulhu   s3, a2, s11
core   0: 3 0x8000ce48 (0x03b639b3) x19 0x00000000
core   0: 0x8000ce4c (0x00008b31) c.andi  a4, 12
core   0: 3 0x8000ce4c (0x8b31) x14 0x00000000
core   0: 0x8000ce4e (0x000089ce) c.mv    s3, s3
core   0: 3 0x8000ce4e (0x89ce) x19 0x00000000
core   0: 0x8000ce50 (0x00009756) c.add   a4, s5
core   0: 3 0x8000ce50 (0x9756) x14 0x80025e24
core   0: 0x8000ce52 (0x0184ea63) bltu    s1, s8, pc + 20
core   0: 3 0x8000ce52 (0x0184ea63)
core   0: 0x8000ce66 (0x0077d833) srl     a6, a5, t2
core   0: 3 0x8000ce66 (0x0077d833) x16 0x80029ce4
core   0: 0x8000ce6a (0x00008ec6) c.mv    t4, a7
core   0: 3 0x8000ce6a (0x8ec6) x29 0x00000000
core   0: 0x8000ce6c (0x02a631b3) mulhu   gp, a2, a0
core   0: 3 0x8000ce6c (0x02a631b3) x 3 0x00000000
core   0: 0x8000ce70 (0x02fd7763) bgeu    s10, a5, pc + 46
core   0: 3 0x8000ce70 (0x02fd7763)
core   0: 0x8000ce74 (0x01f9e533) or      a0, s3, t6
core   0: 3 0x8000ce74 (0x01f9e533) x10 0x00000000
core   0: 0x8000ce78 (0x01992c33) slt     s8, s2, s9
core   0: 3 0x8000ce78 (0x01992c33) x24 0x00000000
core   0: 0x8000ce7c (0x0258ea63) bltu    a7, t0, pc + 52
core   0: 3 0x8000ce7c (0x0258ea63)
core   0: 0x8000ce80 (0x00000118) c.addi4spn a4, sp, 128
core   0: 3 0x8000ce80 (0x0118) x14 0x00000360
core   0: 0x8000ce82 (0x03319263) bne     gp, s3, pc + 36
core   0: 3 0x8000ce82 (0x03319263)
core   0: 0x8000ce86 (0x00000fbe) c.slli  t6, 15
core   0: 3 0x8000ce86 (0x0fbe) x31 0x00000000
core   0: 0x8000ce88 (0x02ddfb33) remu    s6, s11, a3
core   0: 3 0x8000ce88 (0x02ddfb33) x22 0x00000000
core   0: 0x8000ce8c (0x002893b3) sll     t2, a7, sp
core   0: 3 0x8000ce8c (0x002893b3) x 7 0x00000000
core   0: 0x8000ce90 (0x02390eb3) mul     t4, s2, gp
core   0: 3 0x8000ce90 (0x02390eb3) x29 0x00000000
core   0: 0x8000ce94 (0x00008c55) c.or    s0, a3
core   0: 3 0x8000ce94 (0x8c55) x 8 0xfffffb0d
core   0: 0x8000ce96 (0x62974593) xori    a1, a4, 1577
core   0: 3 0x8000ce96 (0x62974593) x11 0x00000549
core   0: 0x8000ce9a (0x02f1f2b3) remu    t0, gp, a5
core   0: 3 0x8000ce9a (0x02f1f2b3) x 5 0x00000000
core   0: 0x8000ce9e (0x03b7c4b3) div     s1, a5, s11
core   0: 3 0x8000ce9e (0x03b7c4b3) x 9 0xffffffff
core   0: 0x8000cea2 (0x64d7c513) xori    a0, a5, 1613
core   0: 3 0x8000cea2 (0x64d7c513) x10 0x80029aa9
core   0: 0x8000cea6 (0x035d8fb3) mul     t6, s11, s5
core   0: 3 0x8000cea6 (0x035d8fb3) x31 0x00000000
core   0: 0x8000ceaa (0x00008f75) c.and   a4, a3
core   0: 3 0x8000ceaa (0x8f75) x14 0x00000300
core   0: 0x8000ceac (0x00000cf6) c.slli  s9, 29
core   0: 3 0x8000ceac (0x0cf6) x25 0x60000000
core   0: 0x8000ceae (0x00000001) c.nop
core   0: 3 0x8000ceae (0x0001)
core   0: 0x8000ceb0 (0x00775433) srl     s0, a4, t2
core   0: 3 0x8000ceb0 (0x00775433) x 8 0x00000300
core   0: 0x8000ceb4 (0x0000c71d) c.beqz  a4, pc + 46
core   0: 3 0x8000ceb4 (0xc71d)
core   0: 0x8000ceb6 (0x00008d41) c.or    a0, s0
core   0: 3 0x8000ceb6 (0x8d41) x10 0x80029ba9
core   0: 0x8000ceb8 (0x0000699d) c.lui   s3, 0x7
core   0: 3 0x8000ceb8 (0x699d) x19 0x00007000
core   0: 0x8000ceba (0xc90e4213) xori    tp, t3, -880
core   0: 3 0x8000ceba (0xc90e4213) x 4 0xfffffc90
core   0: 0x8000cebe (0x00008d85) c.sub   a1, s1
core   0: 3 0x8000cebe (0x8d85) x11 0x0000054a
core   0: 0x8000cec0 (0x19267593) andi    a1, a2, 402
core   0: 3 0x8000cec0 (0x19267593) x11 0x00000000
core   0: 0x8000cec4 (0xbdba2693) slti    a3, s4, -1061
core   0: 3 0x8000cec4 (0xbdba2693) x13 0x00000000
core   0: 0x8000cec8 (0x403a5213) srai    tp, s4, 3
core   0: 3 0x8000cec8 (0x403a5213) x 4 0x00000000
core   0: 0x8000cecc (0x02ba5a37) lui     s4, 0x2ba5
core   0: 3 0x8000cecc (0x02ba5a37) x20 0x02ba5000
core   0: 0x8000ced0 (0x00008e3d) c.xor   a2, a5
core   0: 3 0x8000ced0 (0x8e3d) x12 0x80029ce4
core   0: 0x8000ced2 (0x0e904413) xori    s0, zero, 233
core   0: 3 0x8000ced2 (0x0e904413) x 8 0x000000e9
core   0: 0x8000ced6 (0x0000457d) c.li    a0, 31
core   0: 3 0x8000ced6 (0x457d) x10 0x0000001f
core   0: 0x8000ced8 (0x014bed33) or      s10, s7, s4
core   0: 3 0x8000ced8 (0x014bed33) x26 0x02ba5000
core   0: 0x8000cedc (0x0000e085) c.bnez  s1, pc + 32
core   0: 3 0x8000cedc (0xe085)
core   0: 0x8000cefc (0x00008da9) c.xor   a1, a0
core   0: 3 0x8000cefc (0x8da9) x11 0x0000001f
core   0: 0x8000cefe (0x0ff0000f) fence   iorw,iorw
core   0: 3 0x8000cefe (0x0ff0000f)
core   0: 0x8000cf02 (0x0000100f) fence.i
core   0: 3 0x8000cf02 (0x0000100f)
core   0: 0x8000cf06 (0x0ff0000f) fence   iorw,iorw
core   0: 3 0x8000cf06 (0x0ff0000f)
core   0: 0x8000cf0a (0x00721963) bne     tp, t2, pc + 18
core   0: 3 0x8000cf0a (0x00721963)
core   0: 0x8000cf0e (0x00000ba9) c.addi  s7, 10
core   0: 3 0x8000cf0e (0x0ba9) x23 0x0000000a
core   0: 0x8000cf10 (0x00cf9b93) slli    s7, t6, 12
core   0: 3 0x8000cf10 (0x00cf9b93) x23 0x00000000
core   0: 0x8000cf14 (0x00008469) c.srai  s0, 26
core   0: 3 0x8000cf14 (0x8469) x 8 0x00000000
core   0: 0x8000cf16 (0x3cf47f97) auipc   t6, 0x3cf47
core   0: 3 0x8000cf16 (0x3cf47f97) x31 0xbcf53f16
core   0: 0x8000cf1a (0x0000991a) c.add   s2, t1
core   0: 3 0x8000cf1a (0x991a) x18 0x00001ffa
core   0: 0x8000cf1c (0x0ff0000f) fence   iorw,iorw
core   0: 3 0x8000cf1c (0x0ff0000f)
core   0: 0x8000cf20 (0x01fa0e33) add     t3, s4, t6
core   0: 3 0x8000cf20 (0x01fa0e33) x28 0xbfaf8f16
core   0: 0x8000cf24 (0x03e87233) remu    tp, a6, t5
core   0: 3 0x8000cf24 (0x03e87233) x 4 0x00095cf8
core   0: 0x8000cf28 (0x00a560b3) or      ra, a0, a0
core   0: 3 0x8000cf28 (0x00a560b3) x 1 0x0000001f
core   0: 0x8000cf2c (0x0ff0000f) fence   iorw,iorw
core   0: 3 0x8000cf2c (0x0ff0000f)
core   0: 0x8000cf30 (0x0000e891) c.bnez  s1, pc + 20
core   0: 3 0x8000cf30 (0xe891)
core   0: 0x8000cf44 (0x000082f5) c.srli  a3, 29
core   0: 3 0x8000cf44 (0x82f5) x13 0x00000000
core   0: 0x8000cf46 (0x800c8013) addi    zero, s9, -2048
core   0: 3 0x8000cf46 (0x800c8013)
core   0: 0x8000cf4a (0xb7b46f93) ori     t6, s0, -1157
core   0: 3 0x8000cf4a (0xb7b46f93) x31 0xfffffb7b
core   0: 0x8000cf4e (0x022d72b3) remu    t0, s10, sp
core   0: 3 0x8000cf4e (0x022d72b3) x 5 0x00000080
core   0: 0x8000cf52 (0x00000001) c.nop
core   0: 3 0x8000cf52 (0x0001)
core   0: 0x8000cf54 (0x01afff33) and     t5, t6, s10
core   0: 3 0x8000cf54 (0x01afff33) x30 0x02ba5000
core   0: 0x8000cf58 (0x00008d09) c.sub   a0, a0
core   0: 3 0x8000cf58 (0x8d09) x10 0x00000000
core   0: 0x8000cf5a (0x567a6293) ori     t0, s4, 1383
core   0: 3 0x8000cf5a (0x567a6293) x 5 0x02ba5567
core   0: 0x8000cf5e (0x00a05f63) bge     zero, a0, pc + 30
core   0: 3 0x8000cf5e (0x00a05f63)
core   0: 0x8000cf7c (0x02ba7833) remu    a6, s4, a1
core   0: 3 0x8000cf7c (0x02ba7833) x16 0x00000015
core   0: 0x8000cf80 (0x00006999) c.lui   s3, 0x6
core   0: 3 0x8000cf80 (0x6999) x19 0x00006000
core   0: 0x8000cf82 (0x002d7db3) and     s11, s10, sp
core   0: 3 0x8000cf82 (0x002d7db3) x27 0x00000000
core   0: 0x8000cf86 (0x03494bb3) div     s7, s2, s4
core   0: 3 0x8000cf86 (0x03494bb3) x23 0x00000000
core   0: 0x8000cf8a (0x02bd7433) remu    s0, s10, a1
core   0: 3 0x8000cf8a (0x02bd7433) x 8 0x00000015
core   0: 0x8000cf8e (0x00000001) c.nop
core   0: 3 0x8000cf8e (0x0001)
core   0: 0x8000cf90 (0x0042ae33) slt     t3, t0, tp
core   0: 3 0x8000cf90 (0x0042ae33) x28 0x00000000
core   0: 0x8000cf94 (0x018c1c93) slli    s9, s8, 24
core   0: 3 0x8000cf94 (0x018c1c93) x25 0x00000000
core   0: 0x8000cf98 (0x000090e6) c.add   ra, s9
core   0: 3 0x8000cf98 (0x90e6) x 1 0x0000001f
core   0: 0x8000cf9a (0x027ba633) mulhsu  a2, s7, t2
core   0: 3 0x8000cf9a (0x027ba633) x12 0x00000000
core   0: 0x8000cf9e (0x01d51a13) slli    s4, a0, 29
core   0: 3 0x8000cf9e (0x01d51a13) x20 0x00000000
core   0: 0x8000cfa2 (0x0000809d) c.srli  s1, 7
core   0: 3 0x8000cfa2 (0x809d) x 9 0x01ffffff
core   0: 0x8000cfa4 (0x032d4833) div     a6, s10, s2
core   0: 3 0x8000cfa4 (0x032d4833) x16 0x000015d6
core   0: 0x8000cfa8 (0x019775b3) and     a1, a4, s9
core   0: 3 0x8000cfa8 (0x019775b3) x11 0x00000000
core   0: 0x8000cfac (0x40635213) srai    tp, t1, 6
core   0: 3 0x8000cfac (0x40635213) x 4 0x00000000
core   0: 0x8000cfb0 (0x02882633) mulhsu  a2, a6, s0
core   0: 3 0x8000cfb0 (0x02882633) x12 0x00000000
core   0: 0x8000cfb4 (0x01eeeeb3) or      t4, t4, t5
core   0: 3 0x8000cfb4 (0x01eeeeb3) x29 0x02ba5000
core   0: 0x8000cfb8 (0x00eafe63) bgeu    s5, a4, pc + 28
core   0: 3 0x8000cfb8 (0x00eafe63)
core   0: 0x8000cfd4 (0x00008da9) c.xor   a1, a0
core   0: 3 0x8000cfd4 (0x8da9) x11 0x00000000
core   0: 0x8000cfd6 (0x18dffa17) auipc   s4, 0x18dff
core   0: 3 0x8000cfd6 (0x18dffa17) x20 0x98e0bfd6
core   0: 0x8000cfda (0x00008cd1) c.or    s1, a2
core   0: 3 0x8000cfda (0x8cd1) x 9 0x01ffffff
core   0: 0x8000cfdc (0x0177f433) and     s0, a5, s7
core   0: 3 0x8000cfdc (0x0177f433) x 8 0x00000000
core   0: 0x8000cfe0 (0x00008e9d) c.sub   a3, a5
core   0: 3 0x8000cfe0 (0x8e9d) x13 0x7ffd631c
core   0: 0x8000cfe2 (0x9a5a7693) andi    a3, s4, -1627
core   0: 3 0x8000cfe2 (0x9a5a7693) x13 0x98e0b984
core   0: 0x8000cfe6 (0x2645f393) andi    t2, a1, 612
core   0: 3 0x8000cfe6 (0x2645f393) x 7 0x00000000
core   0: 0x8000cfea (0x4133d5b3) sra     a1, t2, s3
core   0: 3 0x8000cfea (0x4133d5b3) x11 0x00000000
core   0: 0x8000cfee (0x02f7c0b3) div     ra, a5, a5
core   0: 3 0x8000cfee (0x02f7c0b3) x 1 0x00000001
core   0: 0x8000cff2 (0x24a9ac93) slti    s9, s3, 586
core   0: 3 0x8000cff2 (0x24a9ac93) x25 0x00000000
core   0: 0x8000cff6 (0x00000cc2) c.slli  s9, 16
core   0: 3 0x8000cff6 (0x0cc2) x25 0x00000000
core   0: 0x8000cff8 (0x00005f7d) c.li    t5, -1
core   0: 3 0x8000cff8 (0x5f7d) x30 0xffffffff
core   0: 0x8000cffa (0x0000100f) fence.i
core   0: 3 0x8000cffa (0x0000100f)
core   0: 0x8000cffe (0x00008d1d) c.sub   a0, a5
core   0: 3 0x8000cffe (0x8d1d) x10 0x7ffd631c
core   0: 0x8000d000 (0x02647bb3) remu    s7, s0, t1
core   0: 3 0x8000d000 (0x02647bb3) x23 0x00000000
core   0: 0x8000d004 (0x005e69b3) or      s3, t3, t0
core   0: 3 0x8000d004 (0x005e69b3) x19 0x02ba5567
core   0: 0x8000d008 (0x039d6833) rem     a6, s10, s9
core   0: 3 0x8000d008 (0x039d6833) x16 0x02ba5000
core   0: 0x8000d00c (0x032282b3) mul     t0, t0, s2
core   0: 3 0x8000d00c (0x032282b3) x 5 0x3a4edf96
core   0: 0x8000d010 (0x35014013) xori    zero, sp, 848
core   0: 3 0x8000d010 (0x35014013)
core   0: 0x8000d014 (0x000003dd) c.addi  t2, 23
core   0: 3 0x8000d014 (0x03dd) x 7 0x00000017
core   0: 0x8000d016 (0x01974e33) xor     t3, a4, s9
core   0: 3 0x8000d016 (0x01974e33) x28 0x00000300
core   0: 0x8000d01a (0x00008099) c.srli  s1, 6
core   0: 3 0x8000d01a (0x8099) x 9 0x0007ffff
core   0: 0x8000d01c (0x01b2afb3) slt     t6, t0, s11
core   0: 3 0x8000d01c (0x01b2afb3) x31 0x00000000
core   0: 0x8000d020 (0x013eb1b3) sltu    gp, t4, s3
core   0: 3 0x8000d020 (0x013eb1b3) x 3 0x00000001
core   0: 0x8000d024 (0x00b00763) beq     zero, a1, pc + 14
core   0: 3 0x8000d024 (0x00b00763)
core   0: 0x8000d032 (0x0000717d) c.addi16sp sp, -16
core   0: 3 0x8000d032 (0x717d) x 2 0x000002d0
core   0: 0x8000d034 (0x020fd333) divu    t1, t6, zero
core   0: 3 0x8000d034 (0x020fd333) x 6 0xffffffff
core   0: 0x8000d038 (0x000081ed) c.srli  a1, 27
core   0: 3 0x8000d038 (0x81ed) x11 0x00000000
core   0: 0x8000d03a (0x0000808d) c.srli  s1, 3
core   0: 3 0x8000d03a (0x808d) x 9 0x0000ffff
core   0: 0x8000d03c (0x019dda33) srl     s4, s11, s9
core   0: 3 0x8000d03c (0x019dda33) x20 0x00000000
core   0: 0x8000d040 (0x03409463) bne     ra, s4, pc + 40
core   0: 3 0x8000d040 (0x03409463)
core   0: 0x8000d068 (0x00000001) c.nop
core   0: 3 0x8000d068 (0x0001)
core   0: 0x8000d06a (0x01260333) add     t1, a2, s2
core   0: 3 0x8000d06a (0x01260333) x 6 0x00001ffa
core   0: 0x8000d06e (0x41585a13) srai    s4, a6, 21
core   0: 3 0x8000d06e (0x41585a13) x20 0x00000015
core   0: 0x8000d072 (0x00762833) slt     a6, a2, t2
core   0: 3 0x8000d072 (0x00762833) x16 0x00000001
core   0: 0x8000d076 (0x0ff0000f) fence   iorw,iorw
core   0: 3 0x8000d076 (0x0ff0000f)
core   0: 0x8000d07a (0x40595713) srai    a4, s2, 5
core   0: 3 0x8000d07a (0x40595713) x14 0x000000ff
core   0: 0x8000d07e (0x00751bb3) sll     s7, a0, t2
core   0: 3 0x8000d07e (0x00751bb3) x23 0x8e000000
core   0: 0x8000d082 (0x03a451b3) divu    gp, s0, s10
core   0: 3 0x8000d082 (0x03a451b3) x 3 0x00000000
core   0: 0x8000d086 (0x14f22913) slti    s2, tp, 335
core   0: 3 0x8000d086 (0x14f22913) x18 0x00000001
core   0: 0x8000d08a (0x00000001) c.nop
core   0: 3 0x8000d08a (0x0001)
core   0: 0x8000d08c (0x0000ea89) c.bnez  a3, pc + 18
core   0: 3 0x8000d08c (0xea89)
core   0: 0x8000d09e (0xe15c8a13) addi    s4, s9, -491
core   0: 3 0x8000d09e (0xe15c8a13) x20 0xfffffe15
core   0: 0x8000d0a2 (0x000e1c13) slli    s8, t3, 0
core   0: 3 0x8000d0a2 (0x000e1c13) x24 0x00000300
core   0: 0x8000d0a6 (0x00000001) c.nop
core   0: 3 0x8000d0a6 (0x0001)
core   0: 0x8000d0a8 (0x469b94b7) lui     s1, 0x469b9
core   0: 3 0x8000d0a8 (0x469b94b7) x 9 0x469b9000
core   0: 0x8000d0ac (0x00006109) c.addi16sp sp, 128
core   0: 3 0x8000d0ac (0x6109) x 2 0x00000350
core   0: 0x8000d0ae (0x00135233) srl     tp, t1, ra
core   0: 3 0x8000d0ae (0x00135233) x 4 0x00000ffd
core   0: 0x8000d0b2 (0x010864b3) or      s1, a6, a6
core   0: 3 0x8000d0b2 (0x010864b3) x 9 0x00000001
core   0: 0x8000d0b6 (0x02dabdb3) mulhu   s11, s5, a3
core   0: 3 0x8000d0b6 (0x02dabdb3) x27 0x4c71c6bb
core   0: 0x8000d0ba (0x01406363) bltu    zero, s4, pc + 6
core   0: 3 0x8000d0ba (0x01406363)
core   0: 0x8000d0c0 (0x00008731) c.srai  a4, 12
core   0: 3 0x8000d0c0 (0x8731) x14 0x00000000
core   0: 0x8000d0c2 (0x00008d85) c.sub   a1, s1
core   0: 3 0x8000d0c2 (0x8d85) x11 0xffffffff
core   0: 0x8000d0c4 (0x02554833) div     a6, a0, t0
core   0: 3 0x8000d0c4 (0x02554833) x16 0x00000002
core   0: 0x8000d0c8 (0x0ff0000f) fence   iorw,iorw
core   0: 3 0x8000d0c8 (0x0ff0000f)
core   0: 0x8000d0cc (0x000053fd) c.li    t2, -1
core   0: 3 0x8000d0cc (0x53fd) x 7 0xffffffff
core   0: 0x8000d0ce (0x64ee0013) addi    zero, t3, 1614
core   0: 3 0x8000d0ce (0x64ee0013)
core   0: 0x8000d0d2 (0x1bb32f93) slti    t6, t1, 443
core   0: 3 0x8000d0d2 (0x1bb32f93) x31 0x00000000
core   0: 0x8000d0d6 (0x00001488) c.addi4spn a0, sp, 608
core   0: 3 0x8000d0d6 (0x1488) x10 0x000005b0
core   0: 0x8000d0d8 (0x8b7f7213) andi    tp, t5, -1865
core   0: 3 0x8000d0d8 (0x8b7f7213) x 4 0xfffff8b7
core   0: 0x8000d0dc (0x836ce193) ori     gp, s9, -1994
core   0: 3 0x8000d0dc (0x836ce193) x 3 0xfffff836
core   0: 0x8000d0e0 (0x55f58a13) addi    s4, a1, 1375
core   0: 3 0x8000d0e0 (0x55f58a13) x20 0x0000055e
core   0: 0x8000d0e4 (0x02a155b3) divu    a1, sp, a0
core   0: 3 0x8000d0e4 (0x02a155b3) x11 0x00000000
core   0: 0x8000d0e8 (0x00008e89) c.sub   a3, a0
core   0: 3 0x8000d0e8 (0x8e89) x13 0x98e0b3d4
core   0: 0x8000d0ea (0x40f6df93) srai    t6, a3, 15
core   0: 3 0x8000d0ea (0x40f6df93) x31 0xffff31c1
core   0: 0x8000d0ee (0x0000100f) fence.i
core   0: 3 0x8000d0ee (0x0000100f)
core   0: 0x8000d0f2 (0x00004a2d) c.li    s4, 11
core   0: 3 0x8000d0f2 (0x4a2d) x20 0x0000000b
core   0: 0x8000d0f4 (0x00000001) c.nop
core   0: 3 0x8000d0f4 (0x0001)
core   0: 0x8000d0f6 (0x01344d63) blt     s0, s3, pc + 26
core   0: 3 0x8000d0f6 (0x01344d63)
core   0: 0x8000d110 (0x00008dbd) c.xor   a1, a5
core   0: 3 0x8000d110 (0x8dbd) x11 0x80029ce4
core   0: 0x8000d112 (0x00000001) c.nop
core   0: 3 0x8000d112 (0x0001)
core   0: 0x8000d114 (0xae8426b7) lui     a3, 0xae842
core   0: 3 0x8000d114 (0xae8426b7) x13 0xae842000
core   0: 0x8000d118 (0x02cc5933) divu    s2, s8, a2
core   0: 3 0x8000d118 (0x02cc5933) x18 0xffffffff
core   0: 0x8000d11c (0x00008cb1) c.xor   s1, a2
core   0: 3 0x8000d11c (0x8cb1) x 9 0x00000001
core   0: 0x8000d11e (0x0069a733) slt     a4, s3, t1
core   0: 3 0x8000d11e (0x0069a733) x14 0x00000000
core   0: 0x8000d122 (0x00008339) c.srli  a4, 14
core   0: 3 0x8000d122 (0x8339) x14 0x00000000
core   0: 0x8000d124 (0x00008c3d) c.xor   s0, a5
core   0: 3 0x8000d124 (0x8c3d) x 8 0x80029ce4
core   0: 0x8000d126 (0x3c81c393) xori    t2, gp, 968
core   0: 3 0x8000d126 (0x3c81c393) x 7 0xfffffbfe
core   0: 0x8000d12a (0x0ff0000f) fence   iorw,iorw
core   0: 3 0x8000d12a (0x0ff0000f)
core   0: 0x8000d12e (0x01009c33) sll     s8, ra, a6
core   0: 3 0x8000d12e (0x01009c33) x24 0x00000004
core   0: 0x8000d132 (0x028b6933) rem     s2, s6, s0
core   0: 3 0x8000d132 (0x028b6933) x18 0x00000000
core   0: 0x8000d136 (0x3b03e413) ori     s0, t2, 944
core   0: 3 0x8000d136 (0x3b03e413) x 8 0xfffffbfe
core   0: 0x8000d13a (0x00000680) c.addi4spn s0, sp, 832
core   0: 3 0x8000d13a (0x0680) x 8 0x00000690
core   0: 0x8000d13c (0x000083da) c.mv    t2, s6
core   0: 3 0x8000d13c (0x83da) x 7 0x00000000
core   0: 0x8000d13e (0x00008d81) c.sub   a1, s0
core   0: 3 0x8000d13e (0x8d81) x11 0x80029654
core   0: 0x8000d140 (0x00008c49) c.or    s0, a0
core   0: 3 0x8000d140 (0x8c49) x 8 0x000007b0
core   0: 0x8000d142 (0x0336b933) mulhu   s2, a3, s3
core   0: 3 0x8000d142 (0x0336b933) x18 0x01dc0e77
core   0: 0x8000d146 (0x0000717d) c.addi16sp sp, -16
core   0: 3 0x8000d146 (0x717d) x 2 0x00000340
core   0: 0x8000d148 (0x00008e75) c.and   a2, a3
core   0: 3 0x8000d148 (0x8e75) x12 0x00000000
core   0: 0x8000d14a (0x000d21b3) slt     gp, s10, zero
core   0: 3 0x8000d14a (0x000d21b3) x 3 0x00000000
core   0: 0x8000d14e (0x02c29f33) mulh    t5, t0, a2
core   0: 3 0x8000d14e (0x02c29f33) x30 0x00000000
core   0: 0x8000d152 (0x01f38733) add     a4, t2, t6
core   0: 3 0x8000d152 (0x01f38733) x14 0xffff31c1
core   0: 0x8000d156 (0x02b47eb3) remu    t4, s0, a1
core   0: 3 0x8000d156 (0x02b47eb3) x29 0x000007b0
core   0: 0x8000d15a (0x03ae2fb3) mulhsu  t6, t3, s10
core   0: 3 0x8000d15a (0x03ae2fb3) x31 0x00000008
core   0: 0x8000d15e (0x0000100f) fence.i
core   0: 3 0x8000d15e (0x0000100f)
core   0: 0x8000d162 (0x03ca6a63) bltu    s4, t3, pc + 52
core   0: 3 0x8000d162 (0x03ca6a63)
core   0: 0x8000d196 (0x000065bd) c.lui   a1, 0xf
core   0: 3 0x8000d196 (0x65bd) x11 0x0000f000
core   0: 0x8000d198 (0x00f29a63) bne     t0, a5, pc + 20
core   0: 3 0x8000d198 (0x00f29a63)
core   0: 0x8000d1ac (0x00509593) slli    a1, ra, 5
core   0: 3 0x8000d1ac (0x00509593) x11 0x00000020
core   0: 0x8000d1b0 (0x0374af33) mulhsu  t5, s1, s7
core   0: 3 0x8000d1b0 (0x0374af33) x30 0x00000000
core   0: 0x8000d1b4 (0x002f9763) bne     t6, sp, pc + 14
core   0: 3 0x8000d1b4 (0x002f9763)
core   0: 0x8000d1c2 (0x00009522) c.add   a0, s0
core   0: 3 0x8000d1c2 (0x9522) x10 0x00000d60
core   0: 0x8000d1c4 (0x00006fa9) c.lui   t6, 0xa
core   0: 3 0x8000d1c4 (0x6fa9) x31 0x0000a000
core   0: 0x8000d1c6 (0x03c61933) mulh    s2, a2, t3
core   0: 3 0x8000d1c6 (0x03c61933) x18 0x00000000
core   0: 0x8000d1ca (0x2937fd93) andi    s11, a5, 659
core   0: 3 0x8000d1ca (0x2937fd93) x27 0x00000080
core   0: 0x8000d1ce (0x00008d49) c.or    a0, a0
core   0: 3 0x8000d1ce (0x8d49) x10 0x00000d60
core   0: 0x8000d1d0 (0x00008236) c.mv    tp, a3
core   0: 3 0x8000d1d0 (0x8236) x 4 0xae842000
core   0: 0x8000d1d2 (0x01289a33) sll     s4, a7, s2
core   0: 3 0x8000d1d2 (0x01289a33) x20 0x00000000
core   0: 0x8000d1d6 (0x03e59bb3) mulh    s7, a1, t5
core   0: 3 0x8000d1d6 (0x03e59bb3) x23 0x00000000
core   0: 0x8000d1da (0x4085da13) srai    s4, a1, 8
core   0: 3 0x8000d1da (0x4085da13) x20 0x00000000
core   0: 0x8000d1de (0x00008d49) c.or    a0, a0
core   0: 3 0x8000d1de (0x8d49) x10 0x00000d60
core   0: 0x8000d1e0 (0x024352b3) divu    t0, t1, tp
core   0: 3 0x8000d1e0 (0x024352b3) x 5 0x00000000
core   0: 0x8000d1e4 (0x034e1e33) mulh    t3, t3, s4
core   0: 3 0x8000d1e4 (0x034e1e33) x28 0x00000000
core   0: 0x8000d1e8 (0xb076ae93) slti    t4, a3, -1273
core   0: 3 0x8000d1e8 (0xb076ae93) x29 0x00000001
core   0: 0x8000d1ec (0x6f746e93) ori     t4, s0, 1783
core   0: 3 0x8000d1ec (0x6f746e93) x29 0x000007f7
core   0: 0x8000d1f0 (0x00008edd) c.or    a3, a5
core   0: 3 0x8000d1f0 (0x8edd) x13 0xae86bce4
core   0: 0x8000d1f2 (0x00422733) slt     a4, tp, tp
core   0: 3 0x8000d1f2 (0x00422733) x14 0x00000000
core   0: 0x8000d1f6 (0x03157863) bgeu    a0, a7, pc + 48
core   0: 3 0x8000d1f6 (0x03157863)
core   0: 0x8000d226 (0x0000517d) c.li    sp, -1
core   0: 3 0x8000d226 (0x517d) x 2 0xffffffff
core   0: 0x8000d228 (0x02ae8063) beq     t4, a0, pc + 32
core   0: 3 0x8000d228 (0x02ae8063)
core   0: 0x8000d22c (0x403ed093) srai    ra, t4, 3
core   0: 3 0x8000d22c (0x403ed093) x 1 0x000000fe
core   0: 0x8000d230 (0x00008671) c.srai  a2, 28
core   0: 3 0x8000d230 (0x8671) x12 0x00000000
core   0: 0x8000d232 (0xf3f6e713) ori     a4, a3, -193
core   0: 3 0x8000d232 (0xf3f6e713) x14 0xffffffff
core   0: 0x8000d236 (0xf9d80c13) addi    s8, a6, -99
core   0: 3 0x8000d236 (0xf9d80c13) x24 0xffffff9f
core   0: 0x8000d23a (0x2e48a313) slti    t1, a7, 740
core   0: 3 0x8000d23a (0x2e48a313) x 6 0x00000001
core   0: 0x8000d23e (0x0000100f) fence.i
core   0: 3 0x8000d23e (0x0000100f)
core   0: 0x8000d242 (0x5415db37) lui     s6, 0x5415d
core   0: 3 0x8000d242 (0x5415db37) x22 0x5415d000
core   0: 0x8000d246 (0x0000c40d) c.beqz  s0, pc + 42
core   0: 3 0x8000d246 (0xc40d)
core   0: 0x8000d248 (0x00c0f863) bgeu    ra, a2, pc + 16
core   0: 3 0x8000d248 (0x00c0f863)
core   0: 0x8000d258 (0x0000cf05) c.beqz  a4, pc + 56
core   0: 3 0x8000d258 (0xcf05)
core   0: 0x8000d25a (0x033a1f63) bne     s4, s3, pc + 62
core   0: 3 0x8000d25a (0x033a1f63)
core   0: 0x8000d298 (0x000088e5) c.andi  s1, 25
core   0: 3 0x8000d298 (0x88e5) x 9 0x00000001
core   0: 0x8000d29a (0x02a17633) remu    a2, sp, a0
core   0: 3 0x8000d29a (0x02a17633) x12 0x000003df
core   0: 0x8000d29e (0x41c784b3) sub     s1, a5, t3
core   0: 3 0x8000d29e (0x41c784b3) x 9 0x80029ce4
core   0: 0x8000d2a2 (0x0000e905) c.bnez  a0, pc + 48
core   0: 3 0x8000d2a2 (0xe905)
core   0: 0x8000d2d2 (0x79d67f93) andi    t6, a2, 1949
core   0: 3 0x8000d2d2 (0x79d67f93) x31 0x0000039d
core   0: 0x8000d2d6 (0x0000821e) c.mv    tp, t2
core   0: 3 0x8000d2d6 (0x821e) x 4 0x00000000
core   0: 0x8000d2d8 (0x03b88db3) mul     s11, a7, s11
core   0: 3 0x8000d2d8 (0x03b88db3) x27 0x00000000
core   0: 0x8000d2dc (0x00000001) c.nop
core   0: 3 0x8000d2dc (0x0001)
core   0: 0x8000d2de (0x415ed5b3) sra     a1, t4, s5
core   0: 3 0x8000d2de (0x415ed5b3) x11 0x0000007f
core   0: 0x8000d2e2 (0xde486e13) ori     t3, a6, -540
core   0: 3 0x8000d2e2 (0xde486e13) x28 0xfffffde6
core   0: 0x8000d2e6 (0x015d5633) srl     a2, s10, s5
core   0: 3 0x8000d2e6 (0x015d5633) x12 0x002ba500
core   0: 0x8000d2ea (0x02df5533) divu    a0, t5, a3
core   0: 3 0x8000d2ea (0x02df5533) x10 0x00000000
core   0: 0x8000d2ee (0x36bc3d13) sltiu   s10, s8, 875
core   0: 3 0x8000d2ee (0x36bc3d13) x26 0x00000000
core   0: 0x8000d2f2 (0x01bd9463) bne     s11, s11, pc + 8
core   0: 3 0x8000d2f2 (0x01bd9463)
core   0: 0x8000d2f6 (0x5b907a17) auipc   s4, 0x5b907
core   0: 3 0x8000d2f6 (0x5b907a17) x20 0xdb9142f6
core   0: 0x8000d2fa (0x01e12cb3) slt     s9, sp, t5
core   0: 3 0x8000d2fa (0x01e12cb3) x25 0x00000001
core   0: 0x8000d2fe (0x00000f06) c.slli  t5, 1
core   0: 3 0x8000d2fe (0x0f06) x30 0x00000000
core   0: 0x8000d300 (0x00001b04) c.addi4spn s1, sp, 432
core   0: 3 0x8000d300 (0x1b04) x 9 0x000001af
core   0: 0x8000d302 (0x00000ed5) c.addi  t4, 21
core   0: 3 0x8000d302 (0x0ed5) x29 0x0000080c
core   0: 0x8000d304 (0x031fdb33) divu    s6, t6, a7
core   0: 3 0x8000d304 (0x031fdb33) x22 0xffffffff
core   0: 0x8000d308 (0x0ff0000f) fence   iorw,iorw
core   0: 3 0x8000d308 (0x0ff0000f)
core   0: 0x8000d30c (0x0000e989) c.bnez  a1, pc + 18
core   0: 3 0x8000d30c (0xe989)
core   0: 0x8000d31e (0x71841237) lui     tp, 0x71841
core   0: 3 0x8000d31e (0x71841237) x 4 0x71841000
core   0: 0x8000d322 (0x027fff33) remu    t5, t6, t2
core   0: 3 0x8000d322 (0x027fff33) x30 0x0000039d
core   0: 0x8000d326 (0x40e15f93) srai    t6, sp, 14
core   0: 3 0x8000d326 (0x40e15f93) x31 0xffffffff
core   0: 0x8000d32a (0x00efd463) bge     t6, a4, pc + 8
core   0: 3 0x8000d32a (0x00efd463)
core   0: 0x8000d332 (0x03d11633) mulh    a2, sp, t4
core   0: 3 0x8000d332 (0x03d11633) x12 0xffffffff
core   0: 0x8000d336 (0x0156de63) bge     a3, s5, pc + 28
core   0: 3 0x8000d336 (0x0156de63)
core   0: 0x8000d352 (0x0000100f) fence.i
core   0: 3 0x8000d352 (0x0000100f)
core   0: 0x8000d356 (0x01b9c333) xor     t1, s3, s11
core   0: 3 0x8000d356 (0x01b9c333) x 6 0x02ba5567
core   0: 0x8000d35a (0xd79e7213) andi    tp, t3, -647
core   0: 3 0x8000d35a (0xd79e7213) x 4 0xfffffd60
core   0: 0x8000d35e (0x00a8cb63) blt     a7, a0, pc + 22
core   0: 3 0x8000d35e (0x00a8cb63)
core   0: 0x8000d362 (0x00727763) bgeu    tp, t2, pc + 14
core   0: 3 0x8000d362 (0x00727763)
core   0: 0x8000d370 (0x03319363) bne     gp, s3, pc + 38
core   0: 3 0x8000d370 (0x03319363)
core   0: 0x8000d396 (0x00008d29) c.xor   a0, a0
core   0: 3 0x8000d396 (0x8d29) x10 0x00000000
core   0: 0x8000d398 (0xc30fed13) ori     s10, t6, -976
core   0: 3 0x8000d398 (0xc30fed13) x26 0xffffffff
core   0: 0x8000d39c (0x4189d0b3) sra     ra, s3, s8
core   0: 3 0x8000d39c (0x4189d0b3) x 1 0x00000000
core   0: 0x8000d3a0 (0x01b6dd33) srl     s10, a3, s11
core   0: 3 0x8000d3a0 (0x01b6dd33) x26 0xae86bce4
core   0: 0x8000d3a4 (0x02ce63b3) rem     t2, t3, a2
core   0: 3 0x8000d3a4 (0x02ce63b3) x 7 0x00000000
core   0: 0x8000d3a8 (0x007c9db3) sll     s11, s9, t2
core   0: 3 0x8000d3a8 (0x007c9db3) x27 0x00000001
core   0: 0x8000d3ac (0x00008c6d) c.and   s0, a1
core   0: 3 0x8000d3ac (0x8c6d) x 8 0x00000030
core   0: 0x8000d3ae (0x03340cb3) mul     s9, s0, s3
core   0: 3 0x8000d3ae (0x03340cb3) x25 0x82f00350
core   0: 0x8000d3b2 (0x00008d55) c.or    a0, a3
core   0: 3 0x8000d3b2 (0x8d55) x10 0xae86bce4
core   0: 0x8000d3b4 (0x03e079b3) remu    s3, zero, t5
core   0: 3 0x8000d3b4 (0x03e079b3) x19 0x00000000
core   0: 0x8000d3b8 (0x8bab3593) sltiu   a1, s6, -1862
core   0: 3 0x8000d3b8 (0x8bab3593) x11 0x00000000
core   0: 0x8000d3bc (0xa3f73593) sltiu   a1, a4, -1473
core   0: 3 0x8000d3bc (0xa3f73593) x11 0x00000000
core   0: 0x8000d3c0 (0x00697963) bgeu    s2, t1, pc + 18
core   0: 3 0x8000d3c0 (0x00697963)
core   0: 0x8000d3c4 (0x41d8d4b3) sra     s1, a7, t4
core   0: 3 0x8000d3c4 (0x41d8d4b3) x 9 0x00000000
core   0: 0x8000d3c8 (0x00000cfe) c.slli  s9, 31
core   0: 3 0x8000d3c8 (0x0cfe) x25 0x00000000
core   0: 0x8000d3ca (0x00000001) c.nop
core   0: 3 0x8000d3ca (0x0001)
core   0: 0x8000d3cc (0x00001a98) c.addi4spn a4, sp, 368
core   0: 3 0x8000d3cc (0x1a98) x14 0x0000016f
core   0: 0x8000d3ce (0x1ae5c737) lui     a4, 0x1ae5c
core   0: 3 0x8000d3ce (0x1ae5c737) x14 0x1ae5c000
core   0: 0x8000d3d2 (0x00001e7d) c.addi  t3, -1
core   0: 3 0x8000d3d2 (0x1e7d) x28 0xfffffde5
core   0: 0x8000d3d4 (0x00008eed) c.and   a3, a1
core   0: 3 0x8000d3d4 (0x8eed) x13 0x00000000
core   0: 0x8000d3d6 (0x00006c39) c.lui   s8, 0xe
core   0: 3 0x8000d3d6 (0x6c39) x24 0x0000e000
core   0: 0x8000d3d8 (0x04e00def) jal     s11, pc + 0x4e
core   0: 3 0x8000d3d8 (0x04e00def) x27 0x8000d3dc
core   0: 0x8000d426 (0xfffff0ef) jal     pc - 0x2
core   0: 3 0x8000d426 (0xfffff0ef) x 1 0x8000d42a
core   0: 0x8000d424 (0x0000b7f9) c.j     pc - 50
core   0: 3 0x8000d424 (0xb7f9)
core   0: 0x8000d3f2 (0x0000bfed) c.j     pc - 6
core   0: 3 0x8000d3f2 (0xbfed)
core   0: 0x8000d3ec (0x00002801) c.jal   pc + 16
core   0: 3 0x8000d3ec (0x2801) x 1 0x8000d3ee
core   0: 0x8000d3fc (0x000037d5) c.jal   pc - 28
core   0: 3 0x8000d3fc (0x37d5) x 1 0x8000d3fe
core   0: 0x8000d3e0 (0x0340036f) jal     t1, pc + 0x34
core   0: 3 0x8000d3e0 (0x0340036f) x 6 0x8000d3e4
core   0: 0x8000d414 (0xfd1ff36f) jal     t1, pc - 0x30
core   0: 3 0x8000d414 (0xfd1ff36f) x 6 0x8000d418
core   0: 0x8000d3e4 (0x0000a029) c.j     pc + 10
core   0: 3 0x8000d3e4 (0xa029)
core   0: 0x8000d3ee (0x0000a811) c.j     pc + 20
core   0: 3 0x8000d3ee (0xa811)
core   0: 0x8000d402 (0x00003ff5) c.jal   pc - 4
core   0: 3 0x8000d402 (0x3ff5) x 1 0x8000d404
core   0: 0x8000d3fe (0xfe9ff36f) jal     t1, pc - 0x18
core   0: 3 0x8000d3fe (0xfe9ff36f) x 6 0x8000d402
core   0: 0x8000d3e6 (0x038000ef) jal     pc + 0x38
core   0: 3 0x8000d3e6 (0x038000ef) x 1 0x8000d3ea
core   0: 0x8000d41e (0x00003fc9) c.jal   pc - 46
core   0: 3 0x8000d41e (0x3fc9) x 1 0x8000d420
core   0: 0x8000d3f0 (0x00003fed) c.jal   pc - 6
core   0: 3 0x8000d3f0 (0x3fed) x 1 0x8000d3f2
core   0: 0x8000d3ea (0x0000a005) c.j     pc + 32
core   0: 3 0x8000d3ea (0xa005)
core   0: 0x8000d40a (0x00600e6f) jal     t3, pc + 0x6
core   0: 3 0x8000d40a (0x00600e6f) x28 0x8000d40e
core   0: 0x8000d410 (0x008000ef) jal     pc + 0x8
core   0: 3 0x8000d410 (0x008000ef) x 1 0x8000d414
core   0: 0x8000d418 (0xfe1ff36f) jal     t1, pc - 0x20
core   0: 3 0x8000d418 (0xfe1ff36f) x 6 0x8000d41c
core   0: 0x8000d3f8 (0x000037dd) c.jal   pc - 26
core   0: 3 0x8000d3f8 (0x37dd) x 1 0x8000d3fa
core   0: 0x8000d3de (0x0000201d) c.jal   pc + 38
core   0: 3 0x8000d3de (0x201d) x 1 0x8000d3e0
core   0: 0x8000d404 (0xff1ff0ef) jal     pc - 0x10
core   0: 3 0x8000d404 (0xff1ff0ef) x 1 0x8000d408
core   0: 0x8000d3f4 (0x01a002ef) jal     t0, pc + 0x1a
core   0: 3 0x8000d3f4 (0x01a002ef) x 5 0x8000d3f8
core   0: 0x8000d40e (0x0000a809) c.j     pc + 18
core   0: 3 0x8000d40e (0xa809)
core   0: 0x8000d420 (0xfe9ff0ef) jal     pc - 0x18
core   0: 3 0x8000d420 (0xfe9ff0ef) x 1 0x8000d424
core   0: 0x8000d408 (0x0000bfcd) c.j     pc - 14
core   0: 3 0x8000d408 (0xbfcd)
core   0: 0x8000d3fa (0x0000a00d) c.j     pc + 34
core   0: 3 0x8000d3fa (0xa00d)
core   0: 0x8000d41c (0x000037c1) c.jal   pc - 64
core   0: 3 0x8000d41c (0x37c1) x 1 0x8000d41e
core   0: 0x8000d3dc (0x000020b9) c.jal   pc + 78
core   0: 3 0x8000d3dc (0x20b9) x 1 0x8000d3de
core   0: 0x8000d42a (0xc645cc13) xori    s8, a1, -924
core   0: 3 0x8000d42a (0xc645cc13) x24 0xfffffc64
core   0: 0x8000d42e (0x00008d71) c.and   a0, a2
core   0: 3 0x8000d42e (0x8d71) x10 0xae86bce4
core   0: 0x8000d430 (0x0386c263) blt     a3, s8, pc + 36
core   0: 3 0x8000d430 (0x0386c263)
core   0: 0x8000d434 (0x01e9f9b3) and     s3, s3, t5
core   0: 3 0x8000d434 (0x01e9f9b3) x19 0x00000000
core   0: 0x8000d438 (0x00008ec5) c.or    a3, s1
core   0: 3 0x8000d438 (0x8ec5) x13 0x00000000
core   0: 0x8000d43a (0x03e1a0b3) mulhsu  ra, gp, t5
core   0: 3 0x8000d43a (0x03e1a0b3) x 1 0x00000000
core   0: 0x8000d43e (0x01dc7533) and     a0, s8, t4
core   0: 3 0x8000d43e (0x01dc7533) x10 0x00000804
core   0: 0x8000d442 (0x00004511) c.li    a0, 4
core   0: 3 0x8000d442 (0x4511) x10 0x00000004
core   0: 0x8000d444 (0x0349e9b3) rem     s3, s3, s4
core   0: 3 0x8000d444 (0x0349e9b3) x19 0x00000000
core   0: 0x8000d448 (0x00009566) c.add   a0, s9
core   0: 3 0x8000d448 (0x9566) x10 0x00000004
core   0: 0x8000d44a (0x002590b3) sll     ra, a1, sp
core   0: 3 0x8000d44a (0x002590b3) x 1 0x00000000
core   0: 0x8000d44e (0x04d44163) blt     s0, a3, pc + 66
core   0: 3 0x8000d44e (0x04d44163)
core   0: 0x8000d452 (0x00008e09) c.sub   a2, a0
core   0: 3 0x8000d452 (0x8e09) x12 0xfffffffb
core   0: 0x8000d454 (0x00000001) c.nop
core   0: 3 0x8000d454 (0x0001)
core   0: 0x8000d456 (0x039ffcb3) remu    s9, t6, s9
core   0: 3 0x8000d456 (0x039ffcb3) x25 0xffffffff
core   0: 0x8000d45a (0x02393433) mulhu   s0, s2, gp
core   0: 3 0x8000d45a (0x02393433) x 8 0x00000000
core   0: 0x8000d45e (0x02f1f4b3) remu    s1, gp, a5
core   0: 3 0x8000d45e (0x02f1f4b3) x 9 0x00000000
core   0: 0x8000d462 (0x40f45a13) srai    s4, s0, 15
core   0: 3 0x8000d462 (0x40f45a13) x20 0x00000000
core   0: 0x8000d466 (0x03f9d9b3) divu    s3, s3, t6
core   0: 3 0x8000d466 (0x03f9d9b3) x19 0x00000000
core   0: 0x8000d46a (0x03e8cbb3) div     s7, a7, t5
core   0: 3 0x8000d46a (0x03e8cbb3) x23 0x00000000
core   0: 0x8000d46e (0x0000c605) c.beqz  a2, pc + 40
core   0: 3 0x8000d46e (0xc605)
core   0: 0x8000d470 (0x00008f9e) c.mv    t6, t2
core   0: 3 0x8000d470 (0x8f9e) x31 0x00000000
core   0: 0x8000d472 (0x68fb01b7) lui     gp, 0x68fb0
core   0: 3 0x8000d472 (0x68fb01b7) x 3 0x68fb0000
core   0: 0x8000d476 (0x01fc45b3) xor     a1, s8, t6
core   0: 3 0x8000d476 (0x01fc45b3) x11 0xfffffc64
core   0: 0x8000d47a (0x031fff33) remu    t5, t6, a7
core   0: 3 0x8000d47a (0x031fff33) x30 0x00000000
core   0: 0x8000d47e (0x036ce6b3) rem     a3, s9, s6
core   0: 3 0x8000d47e (0x036ce6b3) x13 0x00000000
core   0: 0x8000d482 (0x01ef9863) bne     t6, t5, pc + 16
core   0: 3 0x8000d482 (0x01ef9863)
core   0: 0x8000d486 (0x00008451) c.srai  s0, 20
core   0: 3 0x8000d486 (0x8451) x 8 0x00000000
core   0: 0x8000d488 (0x01b5d733) srl     a4, a1, s11
core   0: 3 0x8000d488 (0x01b5d733) x14 0x0000000f
core   0: 0x8000d48c (0x00006df5) c.lui   s11, 0x1d
core   0: 3 0x8000d48c (0x6df5) x27 0x0001d000
core   0: 0x8000d48e (0x00008e21) c.xor   a2, s0
core   0: 3 0x8000d48e (0x8e21) x12 0xfffffffb
core   0: 0x8000d490 (0x0000834a) c.mv    t1, s2
core   0: 3 0x8000d490 (0x834a) x 6 0x00000000
core   0: 0x8000d492 (0x0ff0000f) fence   iorw,iorw
core   0: 3 0x8000d492 (0x0ff0000f)
core   0: 0x8000d496 (0x36d83e13) sltiu   t3, a6, 877
core   0: 3 0x8000d496 (0x36d83e13) x28 0x00000001
core   0: 0x8000d49a (0x000082b5) c.srli  a3, 13
core   0: 3 0x8000d49a (0x82b5) x13 0x00000000
core   0: 0x8000d49c (0x0049fd63) bgeu    s3, tp, pc + 26
core   0: 3 0x8000d49c (0x0049fd63)
core   0: 0x8000d4a0 (0xdbb32d93) slti    s11, t1, -581
core   0: 3 0x8000d4a0 (0xdbb32d93) x27 0x00000000
core   0: 0x8000d4a4 (0x014ad463) bge     s5, s4, pc + 8
core   0: 3 0x8000d4a4 (0x014ad463)
core   0: 0x8000d4a8 (0x41b5df93) srai    t6, a1, 27
core   0: 3 0x8000d4a8 (0x41b5df93) x31 0xffffffff
core   0: 0x8000d4ac (0x01c00533) add     a0, zero, t3
core   0: 3 0x8000d4ac (0x01c00533) x10 0x00000001
core   0: 0x8000d4b0 (0x00000001) c.nop
core   0: 3 0x8000d4b0 (0x0001)
core   0: 0x8000d4b2 (0xa6f8c613) xori    a2, a7, -1425
core   0: 3 0x8000d4b2 (0xa6f8c613) x12 0xfffffa6f
core   0: 0x8000d4b6 (0x7ea8f993) andi    s3, a7, 2026
core   0: 3 0x8000d4b6 (0x7ea8f993) x19 0x00000000
core   0: 0x8000d4ba (0x00008205) c.srli  a2, 1
core   0: 3 0x8000d4ba (0x8205) x12 0x7ffffd37
core   0: 0x8000d4bc (0x0b9ca037) lui     zero, 0xb9ca
core   0: 3 0x8000d4bc (0x0b9ca037)
core   0: 0x8000d4c0 (0x00000c3e) c.slli  s8, 15
core   0: 3 0x8000d4c0 (0x0c3e) x24 0xfe320000
core   0: 0x8000d4c2 (0x01ca9c33) sll     s8, s5, t3
core   0: 3 0x8000d4c2 (0x01ca9c33) x24 0x0004bc48
core   0: 0x8000d4c6 (0x00001b80) c.addi4spn s0, sp, 496
core   0: 3 0x8000d4c6 (0x1b80) x 8 0x000001ef
core   0: 0x8000d4c8 (0x02f70363) beq     a4, a5, pc + 38
core   0: 3 0x8000d4c8 (0x02f70363)
core   0: 0x8000d4cc (0x000bdc93) srli    s9, s7, 0
core   0: 3 0x8000d4cc (0x000bdc93) x25 0x00000000
core   0: 0x8000d4d0 (0x00d44863) blt     s0, a3, pc + 16
core   0: 3 0x8000d4d0 (0x00d44863)
core   0: 0x8000d4d4 (0x03cf0d63) beq     t5, t3, pc + 58
core   0: 3 0x8000d4d4 (0x03cf0d63)
core   0: 0x8000d4d8 (0x0220e763) bltu    ra, sp, pc + 46
core   0: 3 0x8000d4d8 (0x0220e763)
core   0: 0x8000d506 (0xef2de513) ori     a0, s11, -270
core   0: 3 0x8000d506 (0xef2de513) x10 0xfffffef2
core   0: 0x8000d50a (0x000955b3) srl     a1, s2, zero
core   0: 3 0x8000d50a (0x000955b3) x11 0x00000000
core   0: 0x8000d50e (0x02d6b433) mulhu   s0, a3, a3
core   0: 3 0x8000d50e (0x02d6b433) x 8 0x00000000
core   0: 0x8000d512 (0x033bc3b3) div     t2, s7, s3
core   0: 3 0x8000d512 (0x033bc3b3) x 7 0xffffffff
core   0: 0x8000d516 (0x016d9d63) bne     s11, s6, pc + 26
core   0: 3 0x8000d516 (0x016d9d63)
core   0: 0x8000d530 (0x01dcd813) srli    a6, s9, 29
core   0: 3 0x8000d530 (0x01dcd813) x16 0x00000000
core   0: 0x8000d534 (0x037a7db3) remu    s11, s4, s7
core   0: 3 0x8000d534 (0x037a7db3) x27 0x00000000
core   0: 0x8000d538 (0x025d6163) bltu    s10, t0, pc + 34
core   0: 3 0x8000d538 (0x025d6163)
core   0: 0x8000d53c (0x414e0733) sub     a4, t3, s4
core   0: 3 0x8000d53c (0x414e0733) x14 0x00000001
core   0: 0x8000d540 (0x00008ee9) c.and   a3, a0
core   0: 3 0x8000d540 (0x8ee9) x13 0x00000000
core   0: 0x8000d542 (0x00000779) c.addi  a4, 30
core   0: 3 0x8000d542 (0x0779) x14 0x0000001f
core   0: 0x8000d544 (0x00008e05) c.sub   a2, s1
core   0: 3 0x8000d544 (0x8e05) x12 0x7ffffd37
core   0: 0x8000d546 (0x013e5233) srl     tp, t3, s3
core   0: 3 0x8000d546 (0x013e5233) x 4 0x00000001
core   0: 0x8000d54a (0x0000e819) c.bnez  s0, pc + 22
core   0: 3 0x8000d54a (0xe819)
core   0: 0x8000d54c (0x58baa013) slti    zero, s5, 1419
core   0: 3 0x8000d54c (0x58baa013)
core   0: 0x8000d550 (0x13010497) auipc   s1, 0x13010
core   0: 3 0x8000d550 (0x13010497) x 9 0x9301d550
core   0: 0x8000d554 (0x00008c71) c.and   s0, a2
core   0: 3 0x8000d554 (0x8c71) x 8 0x00000000
core   0: 0x8000d556 (0x00005c7d) c.li    s8, -1
core   0: 3 0x8000d556 (0x5c7d) x24 0xffffffff
core   0: 0x8000d558 (0x00008d71) c.and   a0, a2
core   0: 3 0x8000d558 (0x8d71) x10 0x7ffffc32
core   0: 0x8000d55a (0x00000001) c.nop
core   0: 3 0x8000d55a (0x0001)
core   0: 0x8000d55c (0x416a5c13) srai    s8, s4, 22
core   0: 3 0x8000d55c (0x416a5c13) x24 0x00000000
core   0: 0x8000d560 (0x00009342) c.add   t1, a6
core   0: 3 0x8000d560 (0x9342) x 6 0x00000000
core   0: 0x8000d562 (0x0000cb11) c.beqz  a4, pc + 20
core   0: 3 0x8000d562 (0xcb11)
core   0: 0x8000d564 (0xce038e13) addi    t3, t2, -800
core   0: 3 0x8000d564 (0xce038e13) x28 0xfffffcdf
core   0: 0x8000d568 (0x0061f6b3) and     a3, gp, t1
core   0: 3 0x8000d568 (0x0061f6b3) x13 0x00000000
core   0: 0x8000d56c (0x3aed4713) xori    a4, s10, 942
core   0: 3 0x8000d56c (0x3aed4713) x14 0xae86bf4a
core   0: 0x8000d570 (0x00d39093) slli    ra, t2, 13
core   0: 3 0x8000d570 (0x00d39093) x 1 0xffffe000
core   0: 0x8000d574 (0x00008c95) c.sub   s1, a3
core   0: 3 0x8000d574 (0x8c95) x 9 0x9301d550
core   0: 0x8000d576 (0x00008f25) c.xor   a4, s1
core   0: 3 0x8000d576 (0x8f25) x14 0x3d876a1a
core   0: 0x8000d578 (0x000050fd) c.li    ra, -1
core   0: 3 0x8000d578 (0x50fd) x 1 0xffffffff
core   0: 0x8000d57a (0xe01715b7) lui     a1, 0xe0171
core   0: 3 0x8000d57a (0xe01715b7) x11 0xe0171000
core   0: 0x8000d57e (0x023a5a33) divu    s4, s4, gp
core   0: 3 0x8000d57e (0x023a5a33) x20 0x00000000
core   0: 0x8000d582 (0x00006589) c.lui   a1, 0x2
core   0: 3 0x8000d582 (0x6589) x11 0x00002000
core   0: 0x8000d584 (0x0ff0000f) fence   iorw,iorw
core   0: 3 0x8000d584 (0x0ff0000f)
core   0: 0x8000d588 (0x00000c84) c.addi4spn s1, sp, 592
core   0: 3 0x8000d588 (0x0c84) x 9 0x0000024f
core   0: 0x8000d58a (0x274ae713) ori     a4, s5, 628
core   0: 3 0x8000d58a (0x274ae713) x14 0x80025e74
core   0: 0x8000d58e (0x00000001) c.nop
core   0: 3 0x8000d58e (0x0001)
core   0: 0x8000d590 (0x00008ecd) c.or    a3, a1
core   0: 3 0x8000d590 (0x8ecd) x13 0x00002000
core   0: 0x8000d592 (0x00000001) c.nop
core   0: 3 0x8000d592 (0x0001)
core   0: 0x8000d594 (0x004aad83) lw      s11, 4(s5)
core   0: 3 0x8000d594 (0x004aad83) x27 0x80009b4a mem 0x80025e28
core   0: 0x8000d598 (0x0070d813) srli    a6, ra, 7
core   0: 3 0x8000d598 (0x0070d813) x16 0x01ffffff
core   0: 0x8000d59c (0x040a8a93) addi    s5, s5, 64
core   0: 3 0x8000d59c (0x040a8a93) x21 0x80025e64
core   0: 0x8000d5a0 (0x28db2c93) slti    s9, s6, 653
core   0: 3 0x8000d5a0 (0x28db2c93) x25 0x00000001
core   0: 0x8000d5a4 (0x37c7f3b7) lui     t2, 0x37c7f
core   0: 3 0x8000d5a4 (0x37c7f3b7) x 7 0x37c7f000
core   0: 0x8000d5a8 (0x02f98f33) mul     t5, s3, a5
core   0: 3 0x8000d5a8 (0x02f98f33) x30 0x00000000
core   0: 0x8000d5ac (0x000d8a13) mv      s4, s11
core   0: 3 0x8000d5ac (0x000d8a13) x20 0x80009b4a
core   0: 0x8000d5b0 (0x00008a02) c.jr    s4
core   0: 3 0x8000d5b0 (0x8a02)
core   0: 0x80009b4a (0x02bd25b3) mulhsu  a1, s10, a1
core   0: 3 0x80009b4a (0x02bd25b3) x11 0xfffff5d0
core   0: 0x80009b4e (0x02e9f363) bgeu    s3, a4, pc + 38
core   0: 3 0x80009b4e (0x02e9f363)
core   0: 0x80009b52 (0x09667363) bgeu    a2, s6, pc + 134
core   0: 3 0x80009b52 (0x09667363)
core   0: 0x80009b56 (0x02381133) mulh    sp, a6, gp
core   0: 3 0x80009b56 (0x02381133) x 2 0x00d1f5ff
core   0: 0x80009b5a (0x00008c8d) c.sub   s1, a1
core   0: 3 0x80009b5a (0x8c8d) x 9 0x00000c7f
core   0: 0x80009b5c (0x033673b3) remu    t2, a2, s3
core   0: 3 0x80009b5c (0x033673b3) x 7 0x7ffffd37
core   0: 0x80009b60 (0x0091f663) bgeu    gp, s1, pc + 12
core   0: 3 0x80009b60 (0x0091f663)
core   0: 0x80009b6c (0x00a780b3) add     ra, a5, a0
core   0: 3 0x80009b6c (0x00a780b3) x 1 0x00029916
core   0: 0x80009b70 (0x09171263) bne     a4, a7, pc + 132
core   0: 3 0x80009b70 (0x09171263)
core   0: 0x80009bf4 (0x00000001) c.nop
core   0: 3 0x80009bf4 (0x0001)
core   0: 0x80009bf6 (0x419d5db3) sra     s11, s10, s9
core   0: 3 0x80009bf6 (0x419d5db3) x27 0xd7435e72
core   0: 0x80009bfa (0x03fdc6b3) div     a3, s11, t6
core   0: 3 0x80009bfa (0x03fdc6b3) x13 0x28bca18e
core   0: 0x80009bfe (0x01826c63) bltu    tp, s8, pc + 24
core   0: 3 0x80009bfe (0x01826c63)
core   0: 0x80009c02 (0x00000142) c.slli  sp, 16
core   0: 3 0x80009c02 (0x0142) x 2 0xf5ff0000
core   0: 0x80009c04 (0x000084ad) c.srai  s1, 11
core   0: 3 0x80009c04 (0x84ad) x 9 0x00000001
core   0: 0x80009c06 (0x02fe9f63) bne     t4, a5, pc + 62
core   0: 3 0x80009c06 (0x02fe9f63)
core   0: 0x80009c44 (0x01d88533) add     a0, a7, t4
core   0: 3 0x80009c44 (0x01d88533) x10 0x0000080c
core   0: 0x80009c48 (0x00008c2d) c.xor   s0, a1
core   0: 3 0x80009c48 (0x8c2d) x 8 0xfffff5d0
core   0: 0x80009c4a (0x017c4fb3) xor     t6, s8, s7
core   0: 3 0x80009c4a (0x017c4fb3) x31 0x00000000
core   0: 0x80009c4e (0x024ef533) remu    a0, t4, tp
core   0: 3 0x80009c4e (0x024ef533) x10 0x00000000
core   0: 0x80009c52 (0x25742113) slti    sp, s0, 599
core   0: 3 0x80009c52 (0x25742113) x 2 0x00000001
core   0: 0x80009c56 (0x01f63cb3) sltu    s9, a2, t6
core   0: 3 0x80009c56 (0x01f63cb3) x25 0x00000000
core   0: 0x80009c5a (0x00000001) c.nop
core   0: 3 0x80009c5a (0x0001)
core   0: 0x80009c5c (0x00004ed5) c.li    t4, 21
core   0: 3 0x80009c5c (0x4ed5) x29 0x00000015
core   0: 0x80009c5e (0x0000c219) c.beqz  a2, pc + 6
core   0: 3 0x80009c5e (0xc219)
core   0: 0x80009c60 (0x017eafb3) slt     t6, t4, s7
core   0: 3 0x80009c60 (0x017eafb3) x31 0x00000000
core   0: 0x80009c64 (0x00b2c733) xor     a4, t0, a1
core   0: 3 0x80009c64 (0x00b2c733) x14 0x7fff2628
core   0: 0x80009c68 (0x039c0d33) mul     s10, s8, s9
core   0: 3 0x80009c68 (0x039c0d33) x26 0x00000000
core   0: 0x80009c6c (0x00008c81) c.sub   s1, s0
core   0: 3 0x80009c6c (0x8c81) x 9 0x00000a31
core   0: 0x80009c6e (0x00008d95) c.sub   a1, a3
core   0: 3 0x80009c6e (0x8d95) x11 0xd7435442
core   0: 0x80009c70 (0x00001a98) c.addi4spn a4, sp, 368
core   0: 3 0x80009c70 (0x1a98) x14 0x00000171
core   0: 0x80009c72 (0x008e8633) add     a2, t4, s0
core   0: 3 0x80009c72 (0x008e8633) x12 0xfffff5e5
core   0: 0x80009c76 (0x01ec3133) sltu    sp, s8, t5
core   0: 3 0x80009c76 (0x01ec3133) x 2 0x00000000
core   0: 0x80009c7a (0x01337fb3) and     t6, t1, s3
core   0: 3 0x80009c7a (0x01337fb3) x31 0x00000000
core   0: 0x80009c7e (0x024c4133) div     sp, s8, tp
core   0: 3 0x80009c7e (0x024c4133) x 2 0x00000000
core   0: 0x80009c82 (0x000083ae) c.mv    t2, a1
core   0: 3 0x80009c82 (0x83ae) x 7 0xd7435442
core   0: 0x80009c84 (0x01c026b3) slt     a3, zero, t3
core   0: 3 0x80009c84 (0x01c026b3) x13 0x00000000
core   0: 0x80009c88 (0x0100c463) blt     ra, a6, pc + 8
core   0: 3 0x80009c88 (0x0100c463)
core   0: 0x80009c90 (0x003a8963) beq     s5, gp, pc + 18
core   0: 3 0x80009c90 (0x003a8963)
core   0: 0x80009c94 (0x000099f2) c.add   s3, t3
core   0: 3 0x80009c94 (0x99f2) x19 0xfffffcdf
core   0: 0x80009c96 (0x00395663) bge     s2, gp, pc + 12
core   0: 3 0x80009c96 (0x00395663)
core   0: 0x80009c9a (0x024332b3) mulhu   t0, t1, tp
core   0: 3 0x80009c9a (0x024332b3) x 5 0x00000000
core   0: 0x80009c9e (0x01105813) srli    a6, zero, 17
core   0: 3 0x80009c9e (0x01105813) x16 0x00000000
core   0: 0x80009ca2 (0x0000459d) c.li    a1, 7
core   0: 3 0x80009ca2 (0x459d) x11 0x00000007
core   0: 0x80009ca4 (0x00000897) auipc   a7, 0x0
core   0: 3 0x80009ca4 (0x00000897) x17 0x80009ca4
core   0: 0x80009ca8 (0x00c88893) addi    a7, a7, 12
core   0: 3 0x80009ca8 (0x00c88893) x17 0x80009cb0
core   0: 0x80009cac (0x00088067) jr      a7
core   0: 3 0x80009cac (0x00088067)
core   0: 0x80009cb0 (0x00004185) c.li    gp, 1
core   0: 3 0x80009cb0 (0x4185) x 3 0x00000001
core   0: 0x80009cb2 (0x00000073) ecall
core   0: exception trap_machine_ecall, epc 0x80009cb2
core   0: >>>>  mtvec_handler
core   0: 0x8000f960 (0x0400006f) j       pc + 0x40
core   0: 3 0x8000f960 (0x0400006f)
core   0: 0x8000f9a0 (0x000017f1) c.addi  a5, -4
core   0: 3 0x8000f9a0 (0x17f1) x15 0x80029ce0
core   0: 0x8000f9a2 (0x0157a023) sw      s5, 0(a5)
core   0: 3 0x8000f9a2 (0x0157a023) mem 0x80029ce0 0x80025e64
core   0: 0x8000f9a6 (0x00078ab3) add     s5, a5, zero
core   0: 3 0x8000f9a6 (0x00078ab3) x21 0x80029ce0
core   0: 0x8000f9aa (0xf80a8a93) addi    s5, s5, -128
core   0: 3 0x8000f9aa (0xf80a8a93) x21 0x80029c60
core   0: 0x8000f9ae (0x001aa223) sw      ra, 4(s5)
core   0: 3 0x8000f9ae (0x001aa223) mem 0x80029c64 0x00029916
core   0: 0x8000f9b2 (0x002aa423) sw      sp, 8(s5)
core   0: 3 0x8000f9b2 (0x002aa423) mem 0x80029c68 0x00000000
core   0: 0x8000f9b6 (0x003aa623) sw      gp, 12(s5)
core   0: 3 0x8000f9b6 (0x003aa623) mem 0x80029c6c 0x00000001
core   0: 0x8000f9ba (0x004aa823) sw      tp, 16(s5)
core   0: 3 0x8000f9ba (0x004aa823) mem 0x80029c70 0x00000001
core   0: 0x8000f9be (0x005aaa23) sw      t0, 20(s5)
core   0: 3 0x8000f9be (0x005aaa23) mem 0x80029c74 0x00000000
core   0: 0x8000f9c2 (0x006aac23) sw      t1, 24(s5)
core   0: 3 0x8000f9c2 (0x006aac23) mem 0x80029c78 0x00000000
core   0: 0x8000f9c6 (0x007aae23) sw      t2, 28(s5)
core   0: 3 0x8000f9c6 (0x007aae23) mem 0x80029c7c 0xd7435442
core   0: 0x8000f9ca (0x028aa023) sw      s0, 32(s5)
core   0: 3 0x8000f9ca (0x028aa023) mem 0x80029c80 0xfffff5d0
core   0: 0x8000f9ce (0x029aa223) sw      s1, 36(s5)
core   0: 3 0x8000f9ce (0x029aa223) mem 0x80029c84 0x00000a31
core   0: 0x8000f9d2 (0x02aaa423) sw      a0, 40(s5)
core   0: 3 0x8000f9d2 (0x02aaa423) mem 0x80029c88 0x00000000
core   0: 0x8000f9d6 (0x02baa623) sw      a1, 44(s5)
core   0: 3 0x8000f9d6 (0x02baa623) mem 0x80029c8c 0x00000007
core   0: 0x8000f9da (0x02caa823) sw      a2, 48(s5)
core   0: 3 0x8000f9da (0x02caa823) mem 0x80029c90 0xfffff5e5
core   0: 0x8000f9de (0x02daaa23) sw      a3, 52(s5)
core   0: 3 0x8000f9de (0x02daaa23) mem 0x80029c94 0x00000000
core   0: 0x8000f9e2 (0x02eaac23) sw      a4, 56(s5)
core   0: 3 0x8000f9e2 (0x02eaac23) mem 0x80029c98 0x00000171
core   0: 0x8000f9e6 (0x02faae23) sw      a5, 60(s5)
core   0: 3 0x8000f9e6 (0x02faae23) mem 0x80029c9c 0x80029ce0
core   0: 0x8000f9ea (0x050aa023) sw      a6, 64(s5)
core   0: 3 0x8000f9ea (0x050aa023) mem 0x80029ca0 0x00000000
core   0: 0x8000f9ee (0x051aa223) sw      a7, 68(s5)
core   0: 3 0x8000f9ee (0x051aa223) mem 0x80029ca4 0x80009cb0
core   0: 0x8000f9f2 (0x052aa423) sw      s2, 72(s5)
core   0: 3 0x8000f9f2 (0x052aa423) mem 0x80029ca8 0x00000000
core   0: 0x8000f9f6 (0x053aa623) sw      s3, 76(s5)
core   0: 3 0x8000f9f6 (0x053aa623) mem 0x80029cac 0xfffffcdf
core   0: 0x8000f9fa (0x054aa823) sw      s4, 80(s5)
core   0: 3 0x8000f9fa (0x054aa823) mem 0x80029cb0 0x80009b4a
core   0: 0x8000f9fe (0x055aaa23) sw      s5, 84(s5)
core   0: 3 0x8000f9fe (0x055aaa23) mem 0x80029cb4 0x80029c60
core   0: 0x8000fa02 (0x056aac23) sw      s6, 88(s5)
core   0: 3 0x8000fa02 (0x056aac23) mem 0x80029cb8 0xffffffff
core   0: 0x8000fa06 (0x057aae23) sw      s7, 92(s5)
core   0: 3 0x8000fa06 (0x057aae23) mem 0x80029cbc 0x00000000
core   0: 0x8000fa0a (0x078aa023) sw      s8, 96(s5)
core   0: 3 0x8000fa0a (0x078aa023) mem 0x80029cc0 0x00000000
core   0: 0x8000fa0e (0x079aa223) sw      s9, 100(s5)
core   0: 3 0x8000fa0e (0x079aa223) mem 0x80029cc4 0x00000000
core   0: 0x8000fa12 (0x07aaa423) sw      s10, 104(s5)
core   0: 3 0x8000fa12 (0x07aaa423) mem 0x80029cc8 0x00000000
core   0: 0x8000fa16 (0x07baa623) sw      s11, 108(s5)
core   0: 3 0x8000fa16 (0x07baa623) mem 0x80029ccc 0xd7435e72
core   0: 0x8000fa1a (0x07caa823) sw      t3, 112(s5)
core   0: 3 0x8000fa1a (0x07caa823) mem 0x80029cd0 0xfffffcdf
core   0: 0x8000fa1e (0x07daaa23) sw      t4, 116(s5)
core   0: 3 0x8000fa1e (0x07daaa23) mem 0x80029cd4 0x00000015
core   0: 0x8000fa22 (0x07eaac23) sw      t5, 120(s5)
core   0: 3 0x8000fa22 (0x07eaac23) mem 0x80029cd8 0x00000000
core   0: 0x8000fa26 (0x07faae23) sw      t6, 124(s5)
core   0: 3 0x8000fa26 (0x07faae23) mem 0x80029cdc 0x00000000
core   0: 0x8000fa2a (0x000a87b3) add     a5, s5, zero
core   0: 3 0x8000fa2a (0x000a87b3) x15 0x80029c60
core   0: 0x8000fa2e (0x34102973) csrr    s2, mepc
core   0: 3 0x8000fa2e (0x34102973) x18 0x80009cb2
core   0: 0x8000fa32 (0x34202973) csrr    s2, mcause
core   0: 3 0x8000fa32 (0x34202973) x18 0x0000000b
core   0: 0x8000fa36 (0x00004c0d) c.li    s8, 3
core   0: 3 0x8000fa36 (0x4c0d) x24 0x00000003
core   0: 0x8000fa38 (0x29890d63) beq     s2, s8, pc + 666
core   0: 3 0x8000fa38 (0x29890d63)
core   0: 0x8000fa3c (0x00004c21) c.li    s8, 8
core   0: 3 0x8000fa3c (0x4c21) x24 0x00000008
core   0: 0x8000fa3e (0x05890563) beq     s2, s8, pc + 74
core   0: 3 0x8000fa3e (0x05890563)
core   0: 0x8000fa42 (0x00004c25) c.li    s8, 9
core   0: 3 0x8000fa42 (0x4c25) x24 0x00000009
core   0: 0x8000fa44 (0x05890263) beq     s2, s8, pc + 68
core   0: 3 0x8000fa44 (0x05890263)
core   0: 0x8000fa48 (0x00004c2d) c.li    s8, 11
core   0: 3 0x8000fa48 (0x4c2d) x24 0x0000000b
core   0: 0x8000fa4a (0x03890f63) beq     s2, s8, pc + 62
core   0: 3 0x8000fa4a (0x03890f63)
core   0: 0x8000fa88 (0xffff0917) auipc   s2, 0xffff0
core   0: 3 0x8000fa88 (0xffff0917) x18 0x7ffffa88
core   0: 0x8000fa8c (0x57890913) addi    s2, s2, 1400
core   0: 3 0x8000fa8c (0x57890913) x18 0x80000000
core   0: 0x8000fa90 (0x00092023) sw      zero, 0(s2)
core   0: 3 0x8000fa90 (0x00092023) mem 0x80000000 0x00000000
core   0: 0x8000fa94 (0x00192223) sw      ra, 4(s2)
core   0: 3 0x8000fa94 (0x00192223) mem 0x80000004 0x00029916
core   0: 0x8000fa98 (0x00292423) sw      sp, 8(s2)
core   0: 3 0x8000fa98 (0x00292423) mem 0x80000008 0x00000000
core   0: 0x8000fa9c (0x00392623) sw      gp, 12(s2)
core   0: 3 0x8000fa9c (0x00392623) mem 0x8000000c 0x00000001
core   0: 0x8000faa0 (0x00492823) sw      tp, 16(s2)
core   0: 3 0x8000faa0 (0x00492823) mem 0x80000010 0x00000001
core   0: 0x8000faa4 (0x00592a23) sw      t0, 20(s2)
core   0: 3 0x8000faa4 (0x00592a23) mem 0x80000014 0x00000000
core   0: 0x8000faa8 (0x00692c23) sw      t1, 24(s2)
core   0: 3 0x8000faa8 (0x00692c23) mem 0x80000018 0x00000000
core   0: 0x8000faac (0x00792e23) sw      t2, 28(s2)
core   0: 3 0x8000faac (0x00792e23) mem 0x8000001c 0xd7435442
core   0: 0x8000fab0 (0x02892023) sw      s0, 32(s2)
core   0: 3 0x8000fab0 (0x02892023) mem 0x80000020 0xfffff5d0
core   0: 0x8000fab4 (0x02992223) sw      s1, 36(s2)
core   0: 3 0x8000fab4 (0x02992223) mem 0x80000024 0x00000a31
core   0: 0x8000fab8 (0x02a92423) sw      a0, 40(s2)
core   0: 3 0x8000fab8 (0x02a92423) mem 0x80000028 0x00000000
core   0: 0x8000fabc (0x02b92623) sw      a1, 44(s2)
core   0: 3 0x8000fabc (0x02b92623) mem 0x8000002c 0x00000007
core   0: 0x8000fac0 (0x02c92823) sw      a2, 48(s2)
core   0: 3 0x8000fac0 (0x02c92823) mem 0x80000030 0xfffff5e5
core   0: 0x8000fac4 (0x02d92a23) sw      a3, 52(s2)
core   0: 3 0x8000fac4 (0x02d92a23) mem 0x80000034 0x00000000
core   0: 0x8000fac8 (0x02e92c23) sw      a4, 56(s2)
core   0: 3 0x8000fac8 (0x02e92c23) mem 0x80000038 0x00000171
core   0: 0x8000facc (0x02f92e23) sw      a5, 60(s2)
core   0: 3 0x8000facc (0x02f92e23) mem 0x8000003c 0x80029c60
core   0: 0x8000fad0 (0x05092023) sw      a6, 64(s2)
core   0: 3 0x8000fad0 (0x05092023) mem 0x80000040 0x00000000
core   0: 0x8000fad4 (0x05192223) sw      a7, 68(s2)
core   0: 3 0x8000fad4 (0x05192223) mem 0x80000044 0x80009cb0
core   0: 0x8000fad8 (0x05292423) sw      s2, 72(s2)
core   0: 3 0x8000fad8 (0x05292423) mem 0x80000048 0x80000000
core   0: 0x8000fadc (0x05392623) sw      s3, 76(s2)
core   0: 3 0x8000fadc (0x05392623) mem 0x8000004c 0xfffffcdf
core   0: 0x8000fae0 (0x05492823) sw      s4, 80(s2)
core   0: 3 0x8000fae0 (0x05492823) mem 0x80000050 0x80009b4a
core   0: 0x8000fae4 (0x05592a23) sw      s5, 84(s2)
core   0: 3 0x8000fae4 (0x05592a23) mem 0x80000054 0x80029c60
core   0: 0x8000fae8 (0x05692c23) sw      s6, 88(s2)
core   0: 3 0x8000fae8 (0x05692c23) mem 0x80000058 0xffffffff
core   0: 0x8000faec (0x05792e23) sw      s7, 92(s2)
core   0: 3 0x8000faec (0x05792e23) mem 0x8000005c 0x00000000
core   0: 0x8000faf0 (0x07892023) sw      s8, 96(s2)
core   0: 3 0x8000faf0 (0x07892023) mem 0x80000060 0x0000000b
core   0: 0x8000faf4 (0x07992223) sw      s9, 100(s2)
core   0: 3 0x8000faf4 (0x07992223) mem 0x80000064 0x00000000
core   0: 0x8000faf8 (0x07a92423) sw      s10, 104(s2)
core   0: 3 0x8000faf8 (0x07a92423) mem 0x80000068 0x00000000
core   0: 0x8000fafc (0x07b92623) sw      s11, 108(s2)
core   0: 3 0x8000fafc (0x07b92623) mem 0x8000006c 0xd7435e72
core   0: 0x8000fb00 (0x07c92823) sw      t3, 112(s2)
core   0: 3 0x8000fb00 (0x07c92823) mem 0x80000070 0xfffffcdf
core   0: 0x8000fb04 (0x07d92a23) sw      t4, 116(s2)
core   0: 3 0x8000fb04 (0x07d92a23) mem 0x80000074 0x00000015
core   0: 0x8000fb08 (0x07e92c23) sw      t5, 120(s2)
core   0: 3 0x8000fb08 (0x07e92c23) mem 0x80000078 0x00000000
core   0: 0x8000fb0c (0x07f92e23) sw      t6, 124(s2)
core   0: 3 0x8000fb0c (0x07f92e23) mem 0x8000007c 0x00000000
core   0: 0x8000fb10 (0xfffff897) auipc   a7, 0xfffff
core   0: 3 0x8000fb10 (0xfffff897) x17 0x8000eb10
core   0: 0x8000fb14 (0x45488893) addi    a7, a7, 1108
core   0: 3 0x8000fb14 (0x45488893) x17 0x8000ef64
core   0: 0x8000fb18 (0x00088067) jr      a7
core   0: 3 0x8000fb18 (0x00088067)
core   0: 0x8000ef64 (0x00001f17) auipc   t5, 0x1
core   0: 3 0x8000ef64 (0x00001f17) x30 0x8000ff64
core   0: 0x8000ef68 (0x083f2e23) sw      gp, 156(t5)
core   0: 3 0x8000ef68 (0x083f2e23) mem 0x80010000 0x00000001
core   0: 0x8000ef6c (0x0000bfe5) c.j     pc - 8
core   0: 3 0x8000ef6c (0xbfe5)
core   0: 0x8000ef64 (0x00001f17) auipc   t5, 0x1
core   0: 3 0x8000ef64 (0x00001f17) x30 0x8000ff64
core   0: 0x8000ef68 (0x083f2e23) sw      gp, 156(t5)
core   0: 3 0x8000ef68 (0x083f2e23) mem 0x80010000 0x00000001
core   0: 0x8000ef6c (0x0000bfe5) c.j     pc - 8
core   0: 3 0x8000ef6c (0xbfe5)
core   0: 0x8000ef64 (0x00001f17) auipc   t5, 0x1
core   0: 3 0x8000ef64 (0x00001f17) x30 0x8000ff64
core   0: 0x8000ef68 (0x083f2e23) sw      gp, 156(t5)
core   0: 3 0x8000ef68 (0x083f2e23) mem 0x80010000 0x00000001
core   0: 0x8000ef6c (0x0000bfe5) c.j     pc - 8
core   0: 3 0x8000ef6c (0xbfe5)
core   0: 0x8000ef64 (0x00001f17) auipc   t5, 0x1
core   0: 3 0x8000ef64 (0x00001f17) x30 0x8000ff64
core   0: 0x8000ef68 (0x083f2e23) sw      gp, 156(t5)
core   0: 3 0x8000ef68 (0x083f2e23) mem 0x80010000 0x00000001
core   0: 0x8000ef6c (0x0000bfe5) c.j     pc - 8
core   0: 3 0x8000ef6c (0xbfe5)
core   0: 0x8000ef64 (0x00001f17) auipc   t5, 0x1
core   0: 3 0x8000ef64 (0x00001f17) x30 0x8000ff64
core   0: 0x8000ef68 (0x083f2e23) sw      gp, 156(t5)
core   0: 3 0x8000ef68 (0x083f2e23) mem 0x80010000 0x00000001
core   0: 0x8000ef6c (0x0000bfe5) c.j     pc - 8
core   0: 3 0x8000ef6c (0xbfe5)
core   0: 0x8000ef64 (0x00001f17) auipc   t5, 0x1
core   0: 3 0x8000ef64 (0x00001f17) x30 0x8000ff64
core   0: 0x8000ef68 (0x083f2e23) sw      gp, 156(t5)
core   0: 3 0x8000ef68 (0x083f2e23) mem 0x80010000 0x00000001
core   0: 0x8000ef6c (0x0000bfe5) c.j     pc - 8
core   0: 3 0x8000ef6c (0xbfe5)
core   0: 0x8000ef64 (0x00001f17) auipc   t5, 0x1
core   0: 3 0x8000ef64 (0x00001f17) x30 0x8000ff64
core   0: 0x8000ef68 (0x083f2e23) sw      gp, 156(t5)
core   0: 3 0x8000ef68 (0x083f2e23) mem 0x80010000 0x00000001
core   0: 0x8000ef6c (0x0000bfe5) c.j     pc - 8
core   0: 3 0x8000ef6c (0xbfe5)
core   0: 0x8000ef64 (0x00001f17) auipc   t5, 0x1
core   0: 3 0x8000ef64 (0x00001f17) x30 0x8000ff64
core   0: 0x8000ef68 (0x083f2e23) sw      gp, 156(t5)
core   0: 3 0x8000ef68 (0x083f2e23) mem 0x80010000 0x00000001
core   0: 0x8000ef6c (0x0000bfe5) c.j     pc - 8
core   0: 3 0x8000ef6c (0xbfe5)
core   0: 0x8000ef64 (0x00001f17) auipc   t5, 0x1
core   0: 3 0x8000ef64 (0x00001f17) x30 0x8000ff64
core   0: 0x8000ef68 (0x083f2e23) sw      gp, 156(t5)
core   0: 3 0x8000ef68 (0x083f2e23) mem 0x80010000 0x00000001
core   0: 0x8000ef6c (0x0000bfe5) c.j     pc - 8
core   0: 3 0x8000ef6c (0xbfe5)
core   0: 0x8000ef64 (0x00001f17) auipc   t5, 0x1
core   0: 3 0x8000ef64 (0x00001f17) x30 0x8000ff64
core   0: 0x8000ef68 (0x083f2e23) sw      gp, 156(t5)
core   0: 3 0x8000ef68 (0x083f2e23) mem 0x80010000 0x00000001
core   0: 0x8000ef6c (0x0000bfe5) c.j     pc - 8
core   0: 3 0x8000ef6c (0xbfe5)
core   0: 0x8000ef64 (0x00001f17) auipc   t5, 0x1
core   0: 3 0x8000ef64 (0x00001f17) x30 0x8000ff64
core   0: 0x8000ef68 (0x083f2e23) sw      gp, 156(t5)
core   0: 3 0x8000ef68 (0x083f2e23) mem 0x80010000 0x00000001
core   0: 0x8000ef6c (0x0000bfe5) c.j     pc - 8
core   0: 3 0x8000ef6c (0xbfe5)
core   0: 0x8000ef64 (0x00001f17) auipc   t5, 0x1
core   0: 3 0x8000ef64 (0x00001f17) x30 0x8000ff64
core   0: 0x8000ef68 (0x083f2e23) sw      gp, 156(t5)
core   0: 3 0x8000ef68 (0x083f2e23) mem 0x80010000 0x00000001
core   0: 0x8000ef6c (0x0000bfe5) c.j     pc - 8
core   0: 3 0x8000ef6c (0xbfe5)
core   0: 0x8000ef64 (0x00001f17) auipc   t5, 0x1
core   0: 3 0x8000ef64 (0x00001f17) x30 0x8000ff64
core   0: 0x8000ef68 (0x083f2e23) sw      gp, 156(t5)
core   0: 3 0x8000ef68 (0x083f2e23) mem 0x80010000 0x00000001
core   0: 0x8000ef6c (0x0000bfe5) c.j     pc - 8
core   0: 3 0x8000ef6c (0xbfe5)
core   0: 0x8000ef64 (0x00001f17) auipc   t5, 0x1
core   0: 3 0x8000ef64 (0x00001f17) x30 0x8000ff64
core   0: 0x8000ef68 (0x083f2e23) sw      gp, 156(t5)
core   0: 3 0x8000ef68 (0x083f2e23) mem 0x80010000 0x00000001
core   0: 0x8000ef6c (0x0000bfe5) c.j     pc - 8
core   0: 3 0x8000ef6c (0xbfe5)
core   0: 0x8000ef64 (0x00001f17) auipc   t5, 0x1
core   0: 3 0x8000ef64 (0x00001f17) x30 0x8000ff64
core   0: 0x8000ef68 (0x083f2e23) sw      gp, 156(t5)
core   0: 3 0x8000ef68 (0x083f2e23) mem 0x80010000 0x00000001
core   0: 0x8000ef6c (0x0000bfe5) c.j     pc - 8
core   0: 3 0x8000ef6c (0xbfe5)
core   0: 0x8000ef64 (0x00001f17) auipc   t5, 0x1
core   0: 3 0x8000ef64 (0x00001f17) x30 0x8000ff64
core   0: 0x8000ef68 (0x083f2e23) sw      gp, 156(t5)
core   0: 3 0x8000ef68 (0x083f2e23) mem 0x80010000 0x00000001
core   0: 0x8000ef6c (0x0000bfe5) c.j     pc - 8
core   0: 3 0x8000ef6c (0xbfe5)
core   0: 0x8000ef64 (0x00001f17) auipc   t5, 0x1
core   0: 3 0x8000ef64 (0x00001f17) x30 0x8000ff64
core   0: 0x8000ef68 (0x083f2e23) sw      gp, 156(t5)
core   0: 3 0x8000ef68 (0x083f2e23) mem 0x80010000 0x00000001
core   0: 0x8000ef6c (0x0000bfe5) c.j     pc - 8
core   0: 3 0x8000ef6c (0xbfe5)
core   0: 0x8000ef64 (0x00001f17) auipc   t5, 0x1
core   0: 3 0x8000ef64 (0x00001f17) x30 0x8000ff64
core   0: 0x8000ef68 (0x083f2e23) sw      gp, 156(t5)
core   0: 3 0x8000ef68 (0x083f2e23) mem 0x80010000 0x00000001
core   0: 0x8000ef6c (0x0000bfe5) c.j     pc - 8
core   0: 3 0x8000ef6c (0xbfe5)
core   0: 0x8000ef64 (0x00001f17) auipc   t5, 0x1
core   0: 3 0x8000ef64 (0x00001f17) x30 0x8000ff64
core   0: 0x8000ef68 (0x083f2e23) sw      gp, 156(t5)
core   0: 3 0x8000ef68 (0x083f2e23) mem 0x80010000 0x00000001
core   0: 0x8000ef6c (0x0000bfe5) c.j     pc - 8
core   0: 3 0x8000ef6c (0xbfe5)
core   0: 0x8000ef64 (0x00001f17) auipc   t5, 0x1
core   0: 3 0x8000ef64 (0x00001f17) x30 0x8000ff64
core   0: 0x8000ef68 (0x083f2e23) sw      gp, 156(t5)
core   0: 3 0x8000ef68 (0x083f2e23) mem 0x80010000 0x00000001
core   0: 0x8000ef6c (0x0000bfe5) c.j     pc - 8
core   0: 3 0x8000ef6c (0xbfe5)
core   0: 0x8000ef64 (0x00001f17) auipc   t5, 0x1
core   0: 3 0x8000ef64 (0x00001f17) x30 0x8000ff64
core   0: 0x8000ef68 (0x083f2e23) sw      gp, 156(t5)
core   0: 3 0x8000ef68 (0x083f2e23) mem 0x80010000 0x00000001
core   0: 0x8000ef6c (0x0000bfe5) c.j     pc - 8
core   0: 3 0x8000ef6c (0xbfe5)
core   0: 0x8000ef64 (0x00001f17) auipc   t5, 0x1
core   0: 3 0x8000ef64 (0x00001f17) x30 0x8000ff64
core   0: 0x8000ef68 (0x083f2e23) sw      gp, 156(t5)
core   0: 3 0x8000ef68 (0x083f2e23) mem 0x80010000 0x00000001
core   0: 0x8000ef6c (0x0000bfe5) c.j     pc - 8
core   0: 3 0x8000ef6c (0xbfe5)
core   0: 0x8000ef64 (0x00001f17) auipc   t5, 0x1
core   0: 3 0x8000ef64 (0x00001f17) x30 0x8000ff64
core   0: 0x8000ef68 (0x083f2e23) sw      gp, 156(t5)
core   0: 3 0x8000ef68 (0x083f2e23) mem 0x80010000 0x00000001
core   0: 0x8000ef6c (0x0000bfe5) c.j     pc - 8
core   0: 3 0x8000ef6c (0xbfe5)
core   0: 0x8000ef64 (0x00001f17) auipc   t5, 0x1
core   0: 3 0x8000ef64 (0x00001f17) x30 0x8000ff64
core   0: 0x8000ef68 (0x083f2e23) sw      gp, 156(t5)
core   0: 3 0x8000ef68 (0x083f2e23) mem 0x80010000 0x00000001
core   0: 0x8000ef6c (0x0000bfe5) c.j     pc - 8
core   0: 3 0x8000ef6c (0xbfe5)
core   0: 0x8000ef64 (0x00001f17) auipc   t5, 0x1
core   0: 3 0x8000ef64 (0x00001f17) x30 0x8000ff64
core   0: 0x8000ef68 (0x083f2e23) sw      gp, 156(t5)
core   0: 3 0x8000ef68 (0x083f2e23) mem 0x80010000 0x00000001
core   0: 0x8000ef6c (0x0000bfe5) c.j     pc - 8
core   0: 3 0x8000ef6c (0xbfe5)
core   0: 0x8000ef64 (0x00001f17) auipc   t5, 0x1
core   0: 3 0x8000ef64 (0x00001f17) x30 0x8000ff64
core   0: 0x8000ef68 (0x083f2e23) sw      gp, 156(t5)
core   0: 3 0x8000ef68 (0x083f2e23) mem 0x80010000 0x00000001
core   0: 0x8000ef6c (0x0000bfe5) c.j     pc - 8
core   0: 3 0x8000ef6c (0xbfe5)
core   0: 0x8000ef64 (0x00001f17) auipc   t5, 0x1
core   0: 3 0x8000ef64 (0x00001f17) x30 0x8000ff64
core   0: 0x8000ef68 (0x083f2e23) sw      gp, 156(t5)
core   0: 3 0x8000ef68 (0x083f2e23) mem 0x80010000 0x00000001
core   0: 0x8000ef6c (0x0000bfe5) c.j     pc - 8
core   0: 3 0x8000ef6c (0xbfe5)
core   0: 0x8000ef64 (0x00001f17) auipc   t5, 0x1
core   0: 3 0x8000ef64 (0x00001f17) x30 0x8000ff64
core   0: 0x8000ef68 (0x083f2e23) sw      gp, 156(t5)
core   0: 3 0x8000ef68 (0x083f2e23) mem 0x80010000 0x00000001
core   0: 0x8000ef6c (0x0000bfe5) c.j     pc - 8
core   0: 3 0x8000ef6c (0xbfe5)
core   0: 0x8000ef64 (0x00001f17) auipc   t5, 0x1
core   0: 3 0x8000ef64 (0x00001f17) x30 0x8000ff64
core   0: 0x8000ef68 (0x083f2e23) sw      gp, 156(t5)
core   0: 3 0x8000ef68 (0x083f2e23) mem 0x80010000 0x00000001
core   0: 0x8000ef6c (0x0000bfe5) c.j     pc - 8
core   0: 3 0x8000ef6c (0xbfe5)
core   0: 0x8000ef64 (0x00001f17) auipc   t5, 0x1
core   0: 3 0x8000ef64 (0x00001f17) x30 0x8000ff64
core   0: 0x8000ef68 (0x083f2e23) sw      gp, 156(t5)
core   0: 3 0x8000ef68 (0x083f2e23) mem 0x80010000 0x00000001
core   0: 0x8000ef6c (0x0000bfe5) c.j     pc - 8
core   0: 3 0x8000ef6c (0xbfe5)
core   0: 0x8000ef64 (0x00001f17) auipc   t5, 0x1
core   0: 3 0x8000ef64 (0x00001f17) x30 0x8000ff64
core   0: 0x8000ef68 (0x083f2e23) sw      gp, 156(t5)
core   0: 3 0x8000ef68 (0x083f2e23) mem 0x80010000 0x00000001
core   0: 0x8000ef6c (0x0000bfe5) c.j     pc - 8
core   0: 3 0x8000ef6c (0xbfe5)
core   0: 0x8000ef64 (0x00001f17) auipc   t5, 0x1
core   0: 3 0x8000ef64 (0x00001f17) x30 0x8000ff64
core   0: 0x8000ef68 (0x083f2e23) sw      gp, 156(t5)
core   0: 3 0x8000ef68 (0x083f2e23) mem 0x80010000 0x00000001
core   0: 0x8000ef6c (0x0000bfe5) c.j     pc - 8
core   0: 3 0x8000ef6c (0xbfe5)
core   0: 0x8000ef64 (0x00001f17) auipc   t5, 0x1
core   0: 3 0x8000ef64 (0x00001f17) x30 0x8000ff64
core   0: 0x8000ef68 (0x083f2e23) sw      gp, 156(t5)
core   0: 3 0x8000ef68 (0x083f2e23) mem 0x80010000 0x00000001
core   0: 0x8000ef6c (0x0000bfe5) c.j     pc - 8
core   0: 3 0x8000ef6c (0xbfe5)
core   0: 0x8000ef64 (0x00001f17) auipc   t5, 0x1
core   0: 3 0x8000ef64 (0x00001f17) x30 0x8000ff64
core   0: 0x8000ef68 (0x083f2e23) sw      gp, 156(t5)
core   0: 3 0x8000ef68 (0x083f2e23) mem 0x80010000 0x00000001
core   0: 0x8000ef6c (0x0000bfe5) c.j     pc - 8
core   0: 3 0x8000ef6c (0xbfe5)
core   0: 0x8000ef64 (0x00001f17) auipc   t5, 0x1
core   0: 3 0x8000ef64 (0x00001f17) x30 0x8000ff64
core   0: 0x8000ef68 (0x083f2e23) sw      gp, 156(t5)
core   0: 3 0x8000ef68 (0x083f2e23) mem 0x80010000 0x00000001
core   0: 0x8000ef6c (0x0000bfe5) c.j     pc - 8
core   0: 3 0x8000ef6c (0xbfe5)
core   0: 0x8000ef64 (0x00001f17) auipc   t5, 0x1
core   0: 3 0x8000ef64 (0x00001f17) x30 0x8000ff64
core   0: 0x8000ef68 (0x083f2e23) sw      gp, 156(t5)
core   0: 3 0x8000ef68 (0x083f2e23) mem 0x80010000 0x00000001
core   0: 0x8000ef6c (0x0000bfe5) c.j     pc - 8
core   0: 3 0x8000ef6c (0xbfe5)
core   0: 0x8000ef64 (0x00001f17) auipc   t5, 0x1
core   0: 3 0x8000ef64 (0x00001f17) x30 0x8000ff64
core   0: 0x8000ef68 (0x083f2e23) sw      gp, 156(t5)
core   0: 3 0x8000ef68 (0x083f2e23) mem 0x80010000 0x00000001
core   0: 0x8000ef6c (0x0000bfe5) c.j     pc - 8
core   0: 3 0x8000ef6c (0xbfe5)
core   0: 0x8000ef64 (0x00001f17) auipc   t5, 0x1
core   0: 3 0x8000ef64 (0x00001f17) x30 0x8000ff64
core   0: 0x8000ef68 (0x083f2e23) sw      gp, 156(t5)
core   0: 3 0x8000ef68 (0x083f2e23) mem 0x80010000 0x00000001
core   0: 0x8000ef6c (0x0000bfe5) c.j     pc - 8
core   0: 3 0x8000ef6c (0xbfe5)
core   0: 0x8000ef64 (0x00001f17) auipc   t5, 0x1
core   0: 3 0x8000ef64 (0x00001f17) x30 0x8000ff64
core   0: 0x8000ef68 (0x083f2e23) sw      gp, 156(t5)
core   0: 3 0x8000ef68 (0x083f2e23) mem 0x80010000 0x00000001
core   0: 0x8000ef6c (0x0000bfe5) c.j     pc - 8
core   0: 3 0x8000ef6c (0xbfe5)
core   0: 0x8000ef64 (0x00001f17) auipc   t5, 0x1
core   0: 3 0x8000ef64 (0x00001f17) x30 0x8000ff64
core   0: 0x8000ef68 (0x083f2e23) sw      gp, 156(t5)
core   0: 3 0x8000ef68 (0x083f2e23) mem 0x80010000 0x00000001
core   0: 0x8000ef6c (0x0000bfe5) c.j     pc - 8
core   0: 3 0x8000ef6c (0xbfe5)
core   0: 0x8000ef64 (0x00001f17) auipc   t5, 0x1
core   0: 3 0x8000ef64 (0x00001f17) x30 0x8000ff64
core   0: 0x8000ef68 (0x083f2e23) sw      gp, 156(t5)
core   0: 3 0x8000ef68 (0x083f2e23) mem 0x80010000 0x00000001
core   0: 0x8000ef6c (0x0000bfe5) c.j     pc - 8
core   0: 3 0x8000ef6c (0xbfe5)
core   0: 0x8000ef64 (0x00001f17) auipc   t5, 0x1
core   0: 3 0x8000ef64 (0x00001f17) x30 0x8000ff64
core   0: 0x8000ef68 (0x083f2e23) sw      gp, 156(t5)
core   0: 3 0x8000ef68 (0x083f2e23) mem 0x80010000 0x00000001
core   0: 0x8000ef6c (0x0000bfe5) c.j     pc - 8
core   0: 3 0x8000ef6c (0xbfe5)
core   0: 0x8000ef64 (0x00001f17) auipc   t5, 0x1
core   0: 3 0x8000ef64 (0x00001f17) x30 0x8000ff64
core   0: 0x8000ef68 (0x083f2e23) sw      gp, 156(t5)
core   0: 3 0x8000ef68 (0x083f2e23) mem 0x80010000 0x00000001
core   0: 0x8000ef6c (0x0000bfe5) c.j     pc - 8
core   0: 3 0x8000ef6c (0xbfe5)
core   0: 0x8000ef64 (0x00001f17) auipc   t5, 0x1
core   0: 3 0x8000ef64 (0x00001f17) x30 0x8000ff64
core   0: 0x8000ef68 (0x083f2e23) sw      gp, 156(t5)
core   0: 3 0x8000ef68 (0x083f2e23) mem 0x80010000 0x00000001
core   0: 0x8000ef6c (0x0000bfe5) c.j     pc - 8
core   0: 3 0x8000ef6c (0xbfe5)
core   0: 0x8000ef64 (0x00001f17) auipc   t5, 0x1
core   0: 3 0x8000ef64 (0x00001f17) x30 0x8000ff64
core   0: 0x8000ef68 (0x083f2e23) sw      gp, 156(t5)
core   0: 3 0x8000ef68 (0x083f2e23) mem 0x80010000 0x00000001
core   0: 0x8000ef6c (0x0000bfe5) c.j     pc - 8
core   0: 3 0x8000ef6c (0xbfe5)
core   0: 0x8000ef64 (0x00001f17) auipc   t5, 0x1
core   0: 3 0x8000ef64 (0x00001f17) x30 0x8000ff64
core   0: 0x8000ef68 (0x083f2e23) sw      gp, 156(t5)
core   0: 3 0x8000ef68 (0x083f2e23) mem 0x80010000 0x00000001
core   0: 0x8000ef6c (0x0000bfe5) c.j     pc - 8
core   0: 3 0x8000ef6c (0xbfe5)
core   0: 0x8000ef64 (0x00001f17) auipc   t5, 0x1
core   0: 3 0x8000ef64 (0x00001f17) x30 0x8000ff64
core   0: 0x8000ef68 (0x083f2e23) sw      gp, 156(t5)
core   0: 3 0x8000ef68 (0x083f2e23) mem 0x80010000 0x00000001
core   0: 0x8000ef6c (0x0000bfe5) c.j     pc - 8
core   0: 3 0x8000ef6c (0xbfe5)
core   0: 0x8000ef64 (0x00001f17) auipc   t5, 0x1
core   0: 3 0x8000ef64 (0x00001f17) x30 0x8000ff64
core   0: 0x8000ef68 (0x083f2e23) sw      gp, 156(t5)
core   0: 3 0x8000ef68 (0x083f2e23) mem 0x80010000 0x00000001
core   0: 0x8000ef6c (0x0000bfe5) c.j     pc - 8
core   0: 3 0x8000ef6c (0xbfe5)
core   0: 0x8000ef64 (0x00001f17) auipc   t5, 0x1
core   0: 3 0x8000ef64 (0x00001f17) x30 0x8000ff64
core   0: 0x8000ef68 (0x083f2e23) sw      gp, 156(t5)
core   0: 3 0x8000ef68 (0x083f2e23) mem 0x80010000 0x00000001
core   0: 0x8000ef6c (0x0000bfe5) c.j     pc - 8
core   0: 3 0x8000ef6c (0xbfe5)
core   0: 0x8000ef64 (0x00001f17) auipc   t5, 0x1
core   0: 3 0x8000ef64 (0x00001f17) x30 0x8000ff64
core   0: 0x8000ef68 (0x083f2e23) sw      gp, 156(t5)
core   0: 3 0x8000ef68 (0x083f2e23) mem 0x80010000 0x00000001
core   0: 0x8000ef6c (0x0000bfe5) c.j     pc - 8
core   0: 3 0x8000ef6c (0xbfe5)
core   0: 0x8000ef64 (0x00001f17) auipc   t5, 0x1
core   0: 3 0x8000ef64 (0x00001f17) x30 0x8000ff64
core   0: 0x8000ef68 (0x083f2e23) sw      gp, 156(t5)
core   0: 3 0x8000ef68 (0x083f2e23) mem 0x80010000 0x00000001
core   0: 0x8000ef6c (0x0000bfe5) c.j     pc - 8
core   0: 3 0x8000ef6c (0xbfe5)
core   0: 0x8000ef64 (0x00001f17) auipc   t5, 0x1
core   0: 3 0x8000ef64 (0x00001f17) x30 0x8000ff64
core   0: 0x8000ef68 (0x083f2e23) sw      gp, 156(t5)
core   0: 3 0x8000ef68 (0x083f2e23) mem 0x80010000 0x00000001
core   0: 0x8000ef6c (0x0000bfe5) c.j     pc - 8
core   0: 3 0x8000ef6c (0xbfe5)
core   0: 0x8000ef64 (0x00001f17) auipc   t5, 0x1
core   0: 3 0x8000ef64 (0x00001f17) x30 0x8000ff64
core   0: 0x8000ef68 (0x083f2e23) sw      gp, 156(t5)
core   0: 3 0x8000ef68 (0x083f2e23) mem 0x80010000 0x00000001
core   0: 0x8000ef6c (0x0000bfe5) c.j     pc - 8
core   0: 3 0x8000ef6c (0xbfe5)
core   0: 0x8000ef64 (0x00001f17) auipc   t5, 0x1
core   0: 3 0x8000ef64 (0x00001f17) x30 0x8000ff64
core   0: 0x8000ef68 (0x083f2e23) sw      gp, 156(t5)
core   0: 3 0x8000ef68 (0x083f2e23) mem 0x80010000 0x00000001
core   0: 0x8000ef6c (0x0000bfe5) c.j     pc - 8
core   0: 3 0x8000ef6c (0xbfe5)
core   0: 0x8000ef64 (0x00001f17) auipc   t5, 0x1
core   0: 3 0x8000ef64 (0x00001f17) x30 0x8000ff64
core   0: 0x8000ef68 (0x083f2e23) sw      gp, 156(t5)
core   0: 3 0x8000ef68 (0x083f2e23) mem 0x80010000 0x00000001
core   0: 0x8000ef6c (0x0000bfe5) c.j     pc - 8
core   0: 3 0x8000ef6c (0xbfe5)
core   0: 0x8000ef64 (0x00001f17) auipc   t5, 0x1
core   0: 3 0x8000ef64 (0x00001f17) x30 0x8000ff64
core   0: 0x8000ef68 (0x083f2e23) sw      gp, 156(t5)
core   0: 3 0x8000ef68 (0x083f2e23) mem 0x80010000 0x00000001
core   0: 0x8000ef6c (0x0000bfe5) c.j     pc - 8
core   0: 3 0x8000ef6c (0xbfe5)
core   0: 0x8000ef64 (0x00001f17) auipc   t5, 0x1
core   0: 3 0x8000ef64 (0x00001f17) x30 0x8000ff64
core   0: 0x8000ef68 (0x083f2e23) sw      gp, 156(t5)
core   0: 3 0x8000ef68 (0x083f2e23) mem 0x80010000 0x00000001
core   0: 0x8000ef6c (0x0000bfe5) c.j     pc - 8
core   0: 3 0x8000ef6c (0xbfe5)
core   0: 0x8000ef64 (0x00001f17) auipc   t5, 0x1
core   0: 3 0x8000ef64 (0x00001f17) x30 0x8000ff64
core   0: 0x8000ef68 (0x083f2e23) sw      gp, 156(t5)
core   0: 3 0x8000ef68 (0x083f2e23) mem 0x80010000 0x00000001
core   0: 0x8000ef6c (0x0000bfe5) c.j     pc - 8
core   0: 3 0x8000ef6c (0xbfe5)
core   0: 0x8000ef64 (0x00001f17) auipc   t5, 0x1
core   0: 3 0x8000ef64 (0x00001f17) x30 0x8000ff64
core   0: 0x8000ef68 (0x083f2e23) sw      gp, 156(t5)
core   0: 3 0x8000ef68 (0x083f2e23) mem 0x80010000 0x00000001
core   0: 0x8000ef6c (0x0000bfe5) c.j     pc - 8
core   0: 3 0x8000ef6c (0xbfe5)
core   0: 0x8000ef64 (0x00001f17) auipc   t5, 0x1
core   0: 3 0x8000ef64 (0x00001f17) x30 0x8000ff64
core   0: 0x8000ef68 (0x083f2e23) sw      gp, 156(t5)
core   0: 3 0x8000ef68 (0x083f2e23) mem 0x80010000 0x00000001
core   0: 0x8000ef6c (0x0000bfe5) c.j     pc - 8
core   0: 3 0x8000ef6c (0xbfe5)
core   0: 0x8000ef64 (0x00001f17) auipc   t5, 0x1
core   0: 3 0x8000ef64 (0x00001f17) x30 0x8000ff64
core   0: 0x8000ef68 (0x083f2e23) sw      gp, 156(t5)
core   0: 3 0x8000ef68 (0x083f2e23) mem 0x80010000 0x00000001
core   0: 0x8000ef6c (0x0000bfe5) c.j     pc - 8
core   0: 3 0x8000ef6c (0xbfe5)
core   0: 0x8000ef64 (0x00001f17) auipc   t5, 0x1
core   0: 3 0x8000ef64 (0x00001f17) x30 0x8000ff64
core   0: 0x8000ef68 (0x083f2e23) sw      gp, 156(t5)
core   0: 3 0x8000ef68 (0x083f2e23) mem 0x80010000 0x00000001
core   0: 0x8000ef6c (0x0000bfe5) c.j     pc - 8
core   0: 3 0x8000ef6c (0xbfe5)
core   0: 0x8000ef64 (0x00001f17) auipc   t5, 0x1
core   0: 3 0x8000ef64 (0x00001f17) x30 0x8000ff64
core   0: 0x8000ef68 (0x083f2e23) sw      gp, 156(t5)
core   0: 3 0x8000ef68 (0x083f2e23) mem 0x80010000 0x00000001
core   0: 0x8000ef6c (0x0000bfe5) c.j     pc - 8
core   0: 3 0x8000ef6c (0xbfe5)
core   0: 0x8000ef64 (0x00001f17) auipc   t5, 0x1
core   0: 3 0x8000ef64 (0x00001f17) x30 0x8000ff64
core   0: 0x8000ef68 (0x083f2e23) sw      gp, 156(t5)
core   0: 3 0x8000ef68 (0x083f2e23) mem 0x80010000 0x00000001
core   0: 0x8000ef6c (0x0000bfe5) c.j     pc - 8
core   0: 3 0x8000ef6c (0xbfe5)
core   0: 0x8000ef64 (0x00001f17) auipc   t5, 0x1
core   0: 3 0x8000ef64 (0x00001f17) x30 0x8000ff64
core   0: 0x8000ef68 (0x083f2e23) sw      gp, 156(t5)
core   0: 3 0x8000ef68 (0x083f2e23) mem 0x80010000 0x00000001
core   0: 0x8000ef6c (0x0000bfe5) c.j     pc - 8
core   0: 3 0x8000ef6c (0xbfe5)
core   0: 0x8000ef64 (0x00001f17) auipc   t5, 0x1
core   0: 3 0x8000ef64 (0x00001f17) x30 0x8000ff64
core   0: 0x8000ef68 (0x083f2e23) sw      gp, 156(t5)
core   0: 3 0x8000ef68 (0x083f2e23) mem 0x80010000 0x00000001
core   0: 0x8000ef6c (0x0000bfe5) c.j     pc - 8
core   0: 3 0x8000ef6c (0xbfe5)
core   0: 0x8000ef64 (0x00001f17) auipc   t5, 0x1
core   0: 3 0x8000ef64 (0x00001f17) x30 0x8000ff64
core   0: 0x8000ef68 (0x083f2e23) sw      gp, 156(t5)
core   0: 3 0x8000ef68 (0x083f2e23) mem 0x80010000 0x00000001
core   0: 0x8000ef6c (0x0000bfe5) c.j     pc - 8
core   0: 3 0x8000ef6c (0xbfe5)
core   0: 0x8000ef64 (0x00001f17) auipc   t5, 0x1
core   0: 3 0x8000ef64 (0x00001f17) x30 0x8000ff64
core   0: 0x8000ef68 (0x083f2e23) sw      gp, 156(t5)
core   0: 3 0x8000ef68 (0x083f2e23) mem 0x80010000 0x00000001
core   0: 0x8000ef6c (0x0000bfe5) c.j     pc - 8
core   0: 3 0x8000ef6c (0xbfe5)
core   0: 0x8000ef64 (0x00001f17) auipc   t5, 0x1
core   0: 3 0x8000ef64 (0x00001f17) x30 0x8000ff64
core   0: 0x8000ef68 (0x083f2e23) sw      gp, 156(t5)
core   0: 3 0x8000ef68 (0x083f2e23) mem 0x80010000 0x00000001
core   0: 0x8000ef6c (0x0000bfe5) c.j     pc - 8
core   0: 3 0x8000ef6c (0xbfe5)
core   0: 0x8000ef64 (0x00001f17) auipc   t5, 0x1
core   0: 3 0x8000ef64 (0x00001f17) x30 0x8000ff64
core   0: 0x8000ef68 (0x083f2e23) sw      gp, 156(t5)
core   0: 3 0x8000ef68 (0x083f2e23) mem 0x80010000 0x00000001
core   0: 0x8000ef6c (0x0000bfe5) c.j     pc - 8
core   0: 3 0x8000ef6c (0xbfe5)
core   0: 0x8000ef64 (0x00001f17) auipc   t5, 0x1
core   0: 3 0x8000ef64 (0x00001f17) x30 0x8000ff64
core   0: 0x8000ef68 (0x083f2e23) sw      gp, 156(t5)
core   0: 3 0x8000ef68 (0x083f2e23) mem 0x80010000 0x00000001
core   0: 0x8000ef6c (0x0000bfe5) c.j     pc - 8
core   0: 3 0x8000ef6c (0xbfe5)
core   0: 0x8000ef64 (0x00001f17) auipc   t5, 0x1
core   0: 3 0x8000ef64 (0x00001f17) x30 0x8000ff64
core   0: 0x8000ef68 (0x083f2e23) sw      gp, 156(t5)
core   0: 3 0x8000ef68 (0x083f2e23) mem 0x80010000 0x00000001
core   0: 0x8000ef6c (0x0000bfe5) c.j     pc - 8
core   0: 3 0x8000ef6c (0xbfe5)
core   0: 0x8000ef64 (0x00001f17) auipc   t5, 0x1
core   0: 3 0x8000ef64 (0x00001f17) x30 0x8000ff64
core   0: 0x8000ef68 (0x083f2e23) sw      gp, 156(t5)
core   0: 3 0x8000ef68 (0x083f2e23) mem 0x80010000 0x00000001
core   0: 0x8000ef6c (0x0000bfe5) c.j     pc - 8
core   0: 3 0x8000ef6c (0xbfe5)
core   0: 0x8000ef64 (0x00001f17) auipc   t5, 0x1
core   0: 3 0x8000ef64 (0x00001f17) x30 0x8000ff64
core   0: 0x8000ef68 (0x083f2e23) sw      gp, 156(t5)
core   0: 3 0x8000ef68 (0x083f2e23) mem 0x80010000 0x00000001
core   0: 0x8000ef6c (0x0000bfe5) c.j     pc - 8
core   0: 3 0x8000ef6c (0xbfe5)
core   0: 0x8000ef64 (0x00001f17) auipc   t5, 0x1
core   0: 3 0x8000ef64 (0x00001f17) x30 0x8000ff64
core   0: 0x8000ef68 (0x083f2e23) sw      gp, 156(t5)
core   0: 3 0x8000ef68 (0x083f2e23) mem 0x80010000 0x00000001
core   0: 0x8000ef6c (0x0000bfe5) c.j     pc - 8
core   0: 3 0x8000ef6c (0xbfe5)
core   0: 0x8000ef64 (0x00001f17) auipc   t5, 0x1
core   0: 3 0x8000ef64 (0x00001f17) x30 0x8000ff64
core   0: 0x8000ef68 (0x083f2e23) sw      gp, 156(t5)
core   0: 3 0x8000ef68 (0x083f2e23) mem 0x80010000 0x00000001
core   0: 0x8000ef6c (0x0000bfe5) c.j     pc - 8
core   0: 3 0x8000ef6c (0xbfe5)
core   0: 0x8000ef64 (0x00001f17) auipc   t5, 0x1
core   0: 3 0x8000ef64 (0x00001f17) x30 0x8000ff64
core   0: 0x8000ef68 (0x083f2e23) sw      gp, 156(t5)
core   0: 3 0x8000ef68 (0x083f2e23) mem 0x80010000 0x00000001
core   0: 0x8000ef6c (0x0000bfe5) c.j     pc - 8
core   0: 3 0x8000ef6c (0xbfe5)
core   0: 0x8000ef64 (0x00001f17) auipc   t5, 0x1
core   0: 3 0x8000ef64 (0x00001f17) x30 0x8000ff64
core   0: 0x8000ef68 (0x083f2e23) sw      gp, 156(t5)
core   0: 3 0x8000ef68 (0x083f2e23) mem 0x80010000 0x00000001
core   0: 0x8000ef6c (0x0000bfe5) c.j     pc - 8
core   0: 3 0x8000ef6c (0xbfe5)
core   0: 0x8000ef64 (0x00001f17) auipc   t5, 0x1
core   0: 3 0x8000ef64 (0x00001f17) x30 0x8000ff64
core   0: 0x8000ef68 (0x083f2e23) sw      gp, 156(t5)
core   0: 3 0x8000ef68 (0x083f2e23) mem 0x80010000 0x00000001
core   0: 0x8000ef6c (0x0000bfe5) c.j     pc - 8
core   0: 3 0x8000ef6c (0xbfe5)
core   0: 0x8000ef64 (0x00001f17) auipc   t5, 0x1
core   0: 3 0x8000ef64 (0x00001f17) x30 0x8000ff64
core   0: 0x8000ef68 (0x083f2e23) sw      gp, 156(t5)
core   0: 3 0x8000ef68 (0x083f2e23) mem 0x80010000 0x00000001
core   0: 0x8000ef6c (0x0000bfe5) c.j     pc - 8
core   0: 3 0x8000ef6c (0xbfe5)
core   0: 0x8000ef64 (0x00001f17) auipc   t5, 0x1
core   0: 3 0x8000ef64 (0x00001f17) x30 0x8000ff64
core   0: 0x8000ef68 (0x083f2e23) sw      gp, 156(t5)
core   0: 3 0x8000ef68 (0x083f2e23) mem 0x80010000 0x00000001
core   0: 0x8000ef6c (0x0000bfe5) c.j     pc - 8
core   0: 3 0x8000ef6c (0xbfe5)
core   0: 0x8000ef64 (0x00001f17) auipc   t5, 0x1
core   0: 3 0x8000ef64 (0x00001f17) x30 0x8000ff64
core   0: 0x8000ef68 (0x083f2e23) sw      gp, 156(t5)
core   0: 3 0x8000ef68 (0x083f2e23) mem 0x80010000 0x00000001
core   0: 0x8000ef6c (0x0000bfe5) c.j     pc - 8
core   0: 3 0x8000ef6c (0xbfe5)
core   0: 0x8000ef64 (0x00001f17) auipc   t5, 0x1
core   0: 3 0x8000ef64 (0x00001f17) x30 0x8000ff64
core   0: 0x8000ef68 (0x083f2e23) sw      gp, 156(t5)
core   0: 3 0x8000ef68 (0x083f2e23) mem 0x80010000 0x00000001
core   0: 0x8000ef6c (0x0000bfe5) c.j     pc - 8
core   0: 3 0x8000ef6c (0xbfe5)
core   0: 0x8000ef64 (0x00001f17) auipc   t5, 0x1
core   0: 3 0x8000ef64 (0x00001f17) x30 0x8000ff64
core   0: 0x8000ef68 (0x083f2e23) sw      gp, 156(t5)
core   0: 3 0x8000ef68 (0x083f2e23) mem 0x80010000 0x00000001
core   0: 0x8000ef6c (0x0000bfe5) c.j     pc - 8
core   0: 3 0x8000ef6c (0xbfe5)
core   0: 0x8000ef64 (0x00001f17) auipc   t5, 0x1
core   0: 3 0x8000ef64 (0x00001f17) x30 0x8000ff64
core   0: 0x8000ef68 (0x083f2e23) sw      gp, 156(t5)
core   0: 3 0x8000ef68 (0x083f2e23) mem 0x80010000 0x00000001
core   0: 0x8000ef6c (0x0000bfe5) c.j     pc - 8
core   0: 3 0x8000ef6c (0xbfe5)
core   0: 0x8000ef64 (0x00001f17) auipc   t5, 0x1
core   0: 3 0x8000ef64 (0x00001f17) x30 0x8000ff64
core   0: 0x8000ef68 (0x083f2e23) sw      gp, 156(t5)
core   0: 3 0x8000ef68 (0x083f2e23) mem 0x80010000 0x00000001
core   0: 0x8000ef6c (0x0000bfe5) c.j     pc - 8
core   0: 3 0x8000ef6c (0xbfe5)
core   0: 0x8000ef64 (0x00001f17) auipc   t5, 0x1
core   0: 3 0x8000ef64 (0x00001f17) x30 0x8000ff64
core   0: 0x8000ef68 (0x083f2e23) sw      gp, 156(t5)
core   0: 3 0x8000ef68 (0x083f2e23) mem 0x80010000 0x00000001
core   0: 0x8000ef6c (0x0000bfe5) c.j     pc - 8
core   0: 3 0x8000ef6c (0xbfe5)
core   0: 0x8000ef64 (0x00001f17) auipc   t5, 0x1
core   0: 3 0x8000ef64 (0x00001f17) x30 0x8000ff64
core   0: 0x8000ef68 (0x083f2e23) sw      gp, 156(t5)
core   0: 3 0x8000ef68 (0x083f2e23) mem 0x80010000 0x00000001
core   0: 0x8000ef6c (0x0000bfe5) c.j     pc - 8
core   0: 3 0x8000ef6c (0xbfe5)
core   0: 0x8000ef64 (0x00001f17) auipc   t5, 0x1
core   0: 3 0x8000ef64 (0x00001f17) x30 0x8000ff64
core   0: 0x8000ef68 (0x083f2e23) sw      gp, 156(t5)
core   0: 3 0x8000ef68 (0x083f2e23) mem 0x80010000 0x00000001
core   0: 0x8000ef6c (0x0000bfe5) c.j     pc - 8
core   0: 3 0x8000ef6c (0xbfe5)
core   0: 0x8000ef64 (0x00001f17) auipc   t5, 0x1
core   0: 3 0x8000ef64 (0x00001f17) x30 0x8000ff64
core   0: 0x8000ef68 (0x083f2e23) sw      gp, 156(t5)
core   0: 3 0x8000ef68 (0x083f2e23) mem 0x80010000 0x00000001
core   0: 0x8000ef6c (0x0000bfe5) c.j     pc - 8
core   0: 3 0x8000ef6c (0xbfe5)
core   0: 0x8000ef64 (0x00001f17) auipc   t5, 0x1
core   0: 3 0x8000ef64 (0x00001f17) x30 0x8000ff64
core   0: 0x8000ef68 (0x083f2e23) sw      gp, 156(t5)
core   0: 3 0x8000ef68 (0x083f2e23) mem 0x80010000 0x00000001
core   0: 0x8000ef6c (0x0000bfe5) c.j     pc - 8
core   0: 3 0x8000ef6c (0xbfe5)
core   0: 0x8000ef64 (0x00001f17) auipc   t5, 0x1
core   0: 3 0x8000ef64 (0x00001f17) x30 0x8000ff64
core   0: 0x8000ef68 (0x083f2e23) sw      gp, 156(t5)
core   0: 3 0x8000ef68 (0x083f2e23) mem 0x80010000 0x00000001
core   0: 0x8000ef6c (0x0000bfe5) c.j     pc - 8
core   0: 3 0x8000ef6c (0xbfe5)
core   0: 0x8000ef64 (0x00001f17) auipc   t5, 0x1
core   0: 3 0x8000ef64 (0x00001f17) x30 0x8000ff64
core   0: 0x8000ef68 (0x083f2e23) sw      gp, 156(t5)
core   0: 3 0x8000ef68 (0x083f2e23) mem 0x80010000 0x00000001
core   0: 0x8000ef6c (0x0000bfe5) c.j     pc - 8
core   0: 3 0x8000ef6c (0xbfe5)
core   0: 0x8000ef64 (0x00001f17) auipc   t5, 0x1
core   0: 3 0x8000ef64 (0x00001f17) x30 0x8000ff64
core   0: 0x8000ef68 (0x083f2e23) sw      gp, 156(t5)
core   0: 3 0x8000ef68 (0x083f2e23) mem 0x80010000 0x00000001
core   0: 0x8000ef6c (0x0000bfe5) c.j     pc - 8
core   0: 3 0x8000ef6c (0xbfe5)
core   0: 0x8000ef64 (0x00001f17) auipc   t5, 0x1
core   0: 3 0x8000ef64 (0x00001f17) x30 0x8000ff64
core   0: 0x8000ef68 (0x083f2e23) sw      gp, 156(t5)
core   0: 3 0x8000ef68 (0x083f2e23) mem 0x80010000 0x00000001
core   0: 0x8000ef6c (0x0000bfe5) c.j     pc - 8
core   0: 3 0x8000ef6c (0xbfe5)
core   0: 0x8000ef64 (0x00001f17) auipc   t5, 0x1
core   0: 3 0x8000ef64 (0x00001f17) x30 0x8000ff64
core   0: 0x8000ef68 (0x083f2e23) sw      gp, 156(t5)
core   0: 3 0x8000ef68 (0x083f2e23) mem 0x80010000 0x00000001
core   0: 0x8000ef6c (0x0000bfe5) c.j     pc - 8
core   0: 3 0x8000ef6c (0xbfe5)
core   0: 0x8000ef64 (0x00001f17) auipc   t5, 0x1
core   0: 3 0x8000ef64 (0x00001f17) x30 0x8000ff64
core   0: 0x8000ef68 (0x083f2e23) sw      gp, 156(t5)
core   0: 3 0x8000ef68 (0x083f2e23) mem 0x80010000 0x00000001
core   0: 0x8000ef6c (0x0000bfe5) c.j     pc - 8
core   0: 3 0x8000ef6c (0xbfe5)
core   0: 0x8000ef64 (0x00001f17) auipc   t5, 0x1
core   0: 3 0x8000ef64 (0x00001f17) x30 0x8000ff64
core   0: 0x8000ef68 (0x083f2e23) sw      gp, 156(t5)
core   0: 3 0x8000ef68 (0x083f2e23) mem 0x80010000 0x00000001
core   0: 0x8000ef6c (0x0000bfe5) c.j     pc - 8
core   0: 3 0x8000ef6c (0xbfe5)
core   0: 0x8000ef64 (0x00001f17) auipc   t5, 0x1
core   0: 3 0x8000ef64 (0x00001f17) x30 0x8000ff64
core   0: 0x8000ef68 (0x083f2e23) sw      gp, 156(t5)
core   0: 3 0x8000ef68 (0x083f2e23) mem 0x80010000 0x00000001
core   0: 0x8000ef6c (0x0000bfe5) c.j     pc - 8
core   0: 3 0x8000ef6c (0xbfe5)
core   0: 0x8000ef64 (0x00001f17) auipc   t5, 0x1
core   0: 3 0x8000ef64 (0x00001f17) x30 0x8000ff64
core   0: 0x8000ef68 (0x083f2e23) sw      gp, 156(t5)
core   0: 3 0x8000ef68 (0x083f2e23) mem 0x80010000 0x00000001
core   0: 0x8000ef6c (0x0000bfe5) c.j     pc - 8
core   0: 3 0x8000ef6c (0xbfe5)
core   0: 0x8000ef64 (0x00001f17) auipc   t5, 0x1
core   0: 3 0x8000ef64 (0x00001f17) x30 0x8000ff64
core   0: 0x8000ef68 (0x083f2e23) sw      gp, 156(t5)
core   0: 3 0x8000ef68 (0x083f2e23) mem 0x80010000 0x00000001
core   0: 0x8000ef6c (0x0000bfe5) c.j     pc - 8
core   0: 3 0x8000ef6c (0xbfe5)
core   0: 0x8000ef64 (0x00001f17) auipc   t5, 0x1
core   0: 3 0x8000ef64 (0x00001f17) x30 0x8000ff64
core   0: 0x8000ef68 (0x083f2e23) sw      gp, 156(t5)
core   0: 3 0x8000ef68 (0x083f2e23) mem 0x80010000 0x00000001
core   0: 0x8000ef6c (0x0000bfe5) c.j     pc - 8
core   0: 3 0x8000ef6c (0xbfe5)
core   0: 0x8000ef64 (0x00001f17) auipc   t5, 0x1
core   0: 3 0x8000ef64 (0x00001f17) x30 0x8000ff64
core   0: 0x8000ef68 (0x083f2e23) sw      gp, 156(t5)
core   0: 3 0x8000ef68 (0x083f2e23) mem 0x80010000 0x00000001
core   0: 0x8000ef6c (0x0000bfe5) c.j     pc - 8
core   0: 3 0x8000ef6c (0xbfe5)
core   0: 0x8000ef64 (0x00001f17) auipc   t5, 0x1
core   0: 3 0x8000ef64 (0x00001f17) x30 0x8000ff64
core   0: 0x8000ef68 (0x083f2e23) sw      gp, 156(t5)
core   0: 3 0x8000ef68 (0x083f2e23) mem 0x80010000 0x00000001
core   0: 0x8000ef6c (0x0000bfe5) c.j     pc - 8
core   0: 3 0x8000ef6c (0xbfe5)
core   0: 0x8000ef64 (0x00001f17) auipc   t5, 0x1
core   0: 3 0x8000ef64 (0x00001f17) x30 0x8000ff64
core   0: 0x8000ef68 (0x083f2e23) sw      gp, 156(t5)
core   0: 3 0x8000ef68 (0x083f2e23) mem 0x80010000 0x00000001
core   0: 0x8000ef6c (0x0000bfe5) c.j     pc - 8
core   0: 3 0x8000ef6c (0xbfe5)
core   0: 0x8000ef64 (0x00001f17) auipc   t5, 0x1
core   0: 3 0x8000ef64 (0x00001f17) x30 0x8000ff64
core   0: 0x8000ef68 (0x083f2e23) sw      gp, 156(t5)
core   0: 3 0x8000ef68 (0x083f2e23) mem 0x80010000 0x00000001
core   0: 0x8000ef6c (0x0000bfe5) c.j     pc - 8
core   0: 3 0x8000ef6c (0xbfe5)
core   0: 0x8000ef64 (0x00001f17) auipc   t5, 0x1
core   0: 3 0x8000ef64 (0x00001f17) x30 0x8000ff64
core   0: 0x8000ef68 (0x083f2e23) sw      gp, 156(t5)
core   0: 3 0x8000ef68 (0x083f2e23) mem 0x80010000 0x00000001
core   0: 0x8000ef6c (0x0000bfe5) c.j     pc - 8
core   0: 3 0x8000ef6c (0xbfe5)
core   0: 0x8000ef64 (0x00001f17) auipc   t5, 0x1
core   0: 3 0x8000ef64 (0x00001f17) x30 0x8000ff64
core   0: 0x8000ef68 (0x083f2e23) sw      gp, 156(t5)
core   0: 3 0x8000ef68 (0x083f2e23) mem 0x80010000 0x00000001
core   0: 0x8000ef6c (0x0000bfe5) c.j     pc - 8
core   0: 3 0x8000ef6c (0xbfe5)
core   0: 0x8000ef64 (0x00001f17) auipc   t5, 0x1
core   0: 3 0x8000ef64 (0x00001f17) x30 0x8000ff64
core   0: 0x8000ef68 (0x083f2e23) sw      gp, 156(t5)
core   0: 3 0x8000ef68 (0x083f2e23) mem 0x80010000 0x00000001
core   0: 0x8000ef6c (0x0000bfe5) c.j     pc - 8
core   0: 3 0x8000ef6c (0xbfe5)
core   0: 0x8000ef64 (0x00001f17) auipc   t5, 0x1
core   0: 3 0x8000ef64 (0x00001f17) x30 0x8000ff64
core   0: 0x8000ef68 (0x083f2e23) sw      gp, 156(t5)
core   0: 3 0x8000ef68 (0x083f2e23) mem 0x80010000 0x00000001
core   0: 0x8000ef6c (0x0000bfe5) c.j     pc - 8
core   0: 3 0x8000ef6c (0xbfe5)
core   0: 0x8000ef64 (0x00001f17) auipc   t5, 0x1
core   0: 3 0x8000ef64 (0x00001f17) x30 0x8000ff64
core   0: 0x8000ef68 (0x083f2e23) sw      gp, 156(t5)
core   0: 3 0x8000ef68 (0x083f2e23) mem 0x80010000 0x00000001
core   0: 0x8000ef6c (0x0000bfe5) c.j     pc - 8
core   0: 3 0x8000ef6c (0xbfe5)
core   0: 0x8000ef64 (0x00001f17) auipc   t5, 0x1
core   0: 3 0x8000ef64 (0x00001f17) x30 0x8000ff64
core   0: 0x8000ef68 (0x083f2e23) sw      gp, 156(t5)
core   0: 3 0x8000ef68 (0x083f2e23) mem 0x80010000 0x00000001
core   0: 0x8000ef6c (0x0000bfe5) c.j     pc - 8
core   0: 3 0x8000ef6c (0xbfe5)
core   0: 0x8000ef64 (0x00001f17) auipc   t5, 0x1
core   0: 3 0x8000ef64 (0x00001f17) x30 0x8000ff64
core   0: 0x8000ef68 (0x083f2e23) sw      gp, 156(t5)
core   0: 3 0x8000ef68 (0x083f2e23) mem 0x80010000 0x00000001
core   0: 0x8000ef6c (0x0000bfe5) c.j     pc - 8
core   0: 3 0x8000ef6c (0xbfe5)
core   0: 0x8000ef64 (0x00001f17) auipc   t5, 0x1
core   0: 3 0x8000ef64 (0x00001f17) x30 0x8000ff64
core   0: 0x8000ef68 (0x083f2e23) sw      gp, 156(t5)
core   0: 3 0x8000ef68 (0x083f2e23) mem 0x80010000 0x00000001
core   0: 0x8000ef6c (0x0000bfe5) c.j     pc - 8
core   0: 3 0x8000ef6c (0xbfe5)
core   0: 0x8000ef64 (0x00001f17) auipc   t5, 0x1
core   0: 3 0x8000ef64 (0x00001f17) x30 0x8000ff64
core   0: 0x8000ef68 (0x083f2e23) sw      gp, 156(t5)
core   0: 3 0x8000ef68 (0x083f2e23) mem 0x80010000 0x00000001
core   0: 0x8000ef6c (0x0000bfe5) c.j     pc - 8
core   0: 3 0x8000ef6c (0xbfe5)
core   0: 0x8000ef64 (0x00001f17) auipc   t5, 0x1
core   0: 3 0x8000ef64 (0x00001f17) x30 0x8000ff64
core   0: 0x8000ef68 (0x083f2e23) sw      gp, 156(t5)
core   0: 3 0x8000ef68 (0x083f2e23) mem 0x80010000 0x00000001
core   0: 0x8000ef6c (0x0000bfe5) c.j     pc - 8
core   0: 3 0x8000ef6c (0xbfe5)
core   0: 0x8000ef64 (0x00001f17) auipc   t5, 0x1
core   0: 3 0x8000ef64 (0x00001f17) x30 0x8000ff64
core   0: 0x8000ef68 (0x083f2e23) sw      gp, 156(t5)
core   0: 3 0x8000ef68 (0x083f2e23) mem 0x80010000 0x00000001
core   0: 0x8000ef6c (0x0000bfe5) c.j     pc - 8
core   0: 3 0x8000ef6c (0xbfe5)
core   0: 0x8000ef64 (0x00001f17) auipc   t5, 0x1
core   0: 3 0x8000ef64 (0x00001f17) x30 0x8000ff64
core   0: 0x8000ef68 (0x083f2e23) sw      gp, 156(t5)
core   0: 3 0x8000ef68 (0x083f2e23) mem 0x80010000 0x00000001
core   0: 0x8000ef6c (0x0000bfe5) c.j     pc - 8
core   0: 3 0x8000ef6c (0xbfe5)
core   0: 0x8000ef64 (0x00001f17) auipc   t5, 0x1
core   0: 3 0x8000ef64 (0x00001f17) x30 0x8000ff64
core   0: 0x8000ef68 (0x083f2e23) sw      gp, 156(t5)
core   0: 3 0x8000ef68 (0x083f2e23) mem 0x80010000 0x00000001
core   0: 0x8000ef6c (0x0000bfe5) c.j     pc - 8
core   0: 3 0x8000ef6c (0xbfe5)
core   0: 0x8000ef64 (0x00001f17) auipc   t5, 0x1
core   0: 3 0x8000ef64 (0x00001f17) x30 0x8000ff64
core   0: 0x8000ef68 (0x083f2e23) sw      gp, 156(t5)
core   0: 3 0x8000ef68 (0x083f2e23) mem 0x80010000 0x00000001
core   0: 0x8000ef6c (0x0000bfe5) c.j     pc - 8
core   0: 3 0x8000ef6c (0xbfe5)
core   0: 0x8000ef64 (0x00001f17) auipc   t5, 0x1
core   0: 3 0x8000ef64 (0x00001f17) x30 0x8000ff64
core   0: 0x8000ef68 (0x083f2e23) sw      gp, 156(t5)
core   0: 3 0x8000ef68 (0x083f2e23) mem 0x80010000 0x00000001
core   0: 0x8000ef6c (0x0000bfe5) c.j     pc - 8
core   0: 3 0x8000ef6c (0xbfe5)
core   0: 0x8000ef64 (0x00001f17) auipc   t5, 0x1
core   0: 3 0x8000ef64 (0x00001f17) x30 0x8000ff64
core   0: 0x8000ef68 (0x083f2e23) sw      gp, 156(t5)
core   0: 3 0x8000ef68 (0x083f2e23) mem 0x80010000 0x00000001
core   0: 0x8000ef6c (0x0000bfe5) c.j     pc - 8
core   0: 3 0x8000ef6c (0xbfe5)
core   0: 0x8000ef64 (0x00001f17) auipc   t5, 0x1
core   0: 3 0x8000ef64 (0x00001f17) x30 0x8000ff64
core   0: 0x8000ef68 (0x083f2e23) sw      gp, 156(t5)
core   0: 3 0x8000ef68 (0x083f2e23) mem 0x80010000 0x00000001
core   0: 0x8000ef6c (0x0000bfe5) c.j     pc - 8
core   0: 3 0x8000ef6c (0xbfe5)
core   0: 0x8000ef64 (0x00001f17) auipc   t5, 0x1
core   0: 3 0x8000ef64 (0x00001f17) x30 0x8000ff64
core   0: 0x8000ef68 (0x083f2e23) sw      gp, 156(t5)
core   0: 3 0x8000ef68 (0x083f2e23) mem 0x80010000 0x00000001
core   0: 0x8000ef6c (0x0000bfe5) c.j     pc - 8
core   0: 3 0x8000ef6c (0xbfe5)
core   0: 0x8000ef64 (0x00001f17) auipc   t5, 0x1
core   0: 3 0x8000ef64 (0x00001f17) x30 0x8000ff64
core   0: 0x8000ef68 (0x083f2e23) sw      gp, 156(t5)
core   0: 3 0x8000ef68 (0x083f2e23) mem 0x80010000 0x00000001
core   0: 0x8000ef6c (0x0000bfe5) c.j     pc - 8
core   0: 3 0x8000ef6c (0xbfe5)
core   0: 0x8000ef64 (0x00001f17) auipc   t5, 0x1
core   0: 3 0x8000ef64 (0x00001f17) x30 0x8000ff64
core   0: 0x8000ef68 (0x083f2e23) sw      gp, 156(t5)
core   0: 3 0x8000ef68 (0x083f2e23) mem 0x80010000 0x00000001
core   0: 0x8000ef6c (0x0000bfe5) c.j     pc - 8
core   0: 3 0x8000ef6c (0xbfe5)
core   0: 0x8000ef64 (0x00001f17) auipc   t5, 0x1
core   0: 3 0x8000ef64 (0x00001f17) x30 0x8000ff64
core   0: 0x8000ef68 (0x083f2e23) sw      gp, 156(t5)
core   0: 3 0x8000ef68 (0x083f2e23) mem 0x80010000 0x00000001
core   0: 0x8000ef6c (0x0000bfe5) c.j     pc - 8
core   0: 3 0x8000ef6c (0xbfe5)
core   0: 0x8000ef64 (0x00001f17) auipc   t5, 0x1
core   0: 3 0x8000ef64 (0x00001f17) x30 0x8000ff64
core   0: 0x8000ef68 (0x083f2e23) sw      gp, 156(t5)
core   0: 3 0x8000ef68 (0x083f2e23) mem 0x80010000 0x00000001
core   0: 0x8000ef6c (0x0000bfe5) c.j     pc - 8
core   0: 3 0x8000ef6c (0xbfe5)
core   0: 0x8000ef64 (0x00001f17) auipc   t5, 0x1
core   0: 3 0x8000ef64 (0x00001f17) x30 0x8000ff64
core   0: 0x8000ef68 (0x083f2e23) sw      gp, 156(t5)
core   0: 3 0x8000ef68 (0x083f2e23) mem 0x80010000 0x00000001
core   0: 0x8000ef6c (0x0000bfe5) c.j     pc - 8
core   0: 3 0x8000ef6c (0xbfe5)
core   0: 0x8000ef64 (0x00001f17) auipc   t5, 0x1
core   0: 3 0x8000ef64 (0x00001f17) x30 0x8000ff64
core   0: 0x8000ef68 (0x083f2e23) sw      gp, 156(t5)
core   0: 3 0x8000ef68 (0x083f2e23) mem 0x80010000 0x00000001
core   0: 0x8000ef6c (0x0000bfe5) c.j     pc - 8
core   0: 3 0x8000ef6c (0xbfe5)
core   0: 0x8000ef64 (0x00001f17) auipc   t5, 0x1
core   0: 3 0x8000ef64 (0x00001f17) x30 0x8000ff64
core   0: 0x8000ef68 (0x083f2e23) sw      gp, 156(t5)
core   0: 3 0x8000ef68 (0x083f2e23) mem 0x80010000 0x00000001
core   0: 0x8000ef6c (0x0000bfe5) c.j     pc - 8
core   0: 3 0x8000ef6c (0xbfe5)
core   0: 0x8000ef64 (0x00001f17) auipc   t5, 0x1
core   0: 3 0x8000ef64 (0x00001f17) x30 0x8000ff64
core   0: 0x8000ef68 (0x083f2e23) sw      gp, 156(t5)
core   0: 3 0x8000ef68 (0x083f2e23) mem 0x80010000 0x00000001
core   0: 0x8000ef6c (0x0000bfe5) c.j     pc - 8
core   0: 3 0x8000ef6c (0xbfe5)
core   0: 0x8000ef64 (0x00001f17) auipc   t5, 0x1
core   0: 3 0x8000ef64 (0x00001f17) x30 0x8000ff64
core   0: 0x8000ef68 (0x083f2e23) sw      gp, 156(t5)
core   0: 3 0x8000ef68 (0x083f2e23) mem 0x80010000 0x00000001
core   0: 0x8000ef6c (0x0000bfe5) c.j     pc - 8
core   0: 3 0x8000ef6c (0xbfe5)
core   0: 0x8000ef64 (0x00001f17) auipc   t5, 0x1
core   0: 3 0x8000ef64 (0x00001f17) x30 0x8000ff64
core   0: 0x8000ef68 (0x083f2e23) sw      gp, 156(t5)
core   0: 3 0x8000ef68 (0x083f2e23) mem 0x80010000 0x00000001
core   0: 0x8000ef6c (0x0000bfe5) c.j     pc - 8
core   0: 3 0x8000ef6c (0xbfe5)
core   0: 0x8000ef64 (0x00001f17) auipc   t5, 0x1
core   0: 3 0x8000ef64 (0x00001f17) x30 0x8000ff64
core   0: 0x8000ef68 (0x083f2e23) sw      gp, 156(t5)
core   0: 3 0x8000ef68 (0x083f2e23) mem 0x80010000 0x00000001
core   0: 0x8000ef6c (0x0000bfe5) c.j     pc - 8
core   0: 3 0x8000ef6c (0xbfe5)
core   0: 0x8000ef64 (0x00001f17) auipc   t5, 0x1
core   0: 3 0x8000ef64 (0x00001f17) x30 0x8000ff64
core   0: 0x8000ef68 (0x083f2e23) sw      gp, 156(t5)
core   0: 3 0x8000ef68 (0x083f2e23) mem 0x80010000 0x00000001
core   0: 0x8000ef6c (0x0000bfe5) c.j     pc - 8
core   0: 3 0x8000ef6c (0xbfe5)
core   0: 0x8000ef64 (0x00001f17) auipc   t5, 0x1
core   0: 3 0x8000ef64 (0x00001f17) x30 0x8000ff64
core   0: 0x8000ef68 (0x083f2e23) sw      gp, 156(t5)
core   0: 3 0x8000ef68 (0x083f2e23) mem 0x80010000 0x00000001
core   0: 0x8000ef6c (0x0000bfe5) c.j     pc - 8
core   0: 3 0x8000ef6c (0xbfe5)
core   0: 0x8000ef64 (0x00001f17) auipc   t5, 0x1
core   0: 3 0x8000ef64 (0x00001f17) x30 0x8000ff64
core   0: 0x8000ef68 (0x083f2e23) sw      gp, 156(t5)
core   0: 3 0x8000ef68 (0x083f2e23) mem 0x80010000 0x00000001
core   0: 0x8000ef6c (0x0000bfe5) c.j     pc - 8
core   0: 3 0x8000ef6c (0xbfe5)
core   0: 0x8000ef64 (0x00001f17) auipc   t5, 0x1
core   0: 3 0x8000ef64 (0x00001f17) x30 0x8000ff64
core   0: 0x8000ef68 (0x083f2e23) sw      gp, 156(t5)
core   0: 3 0x8000ef68 (0x083f2e23) mem 0x80010000 0x00000001
core   0: 0x8000ef6c (0x0000bfe5) c.j     pc - 8
core   0: 3 0x8000ef6c (0xbfe5)
core   0: 0x8000ef64 (0x00001f17) auipc   t5, 0x1
core   0: 3 0x8000ef64 (0x00001f17) x30 0x8000ff64
core   0: 0x8000ef68 (0x083f2e23) sw      gp, 156(t5)
core   0: 3 0x8000ef68 (0x083f2e23) mem 0x80010000 0x00000001
core   0: 0x8000ef6c (0x0000bfe5) c.j     pc - 8
core   0: 3 0x8000ef6c (0xbfe5)
core   0: 0x8000ef64 (0x00001f17) auipc   t5, 0x1
core   0: 3 0x8000ef64 (0x00001f17) x30 0x8000ff64
core   0: 0x8000ef68 (0x083f2e23) sw      gp, 156(t5)
core   0: 3 0x8000ef68 (0x083f2e23) mem 0x80010000 0x00000001
core   0: 0x8000ef6c (0x0000bfe5) c.j     pc - 8
core   0: 3 0x8000ef6c (0xbfe5)
core   0: 0x8000ef64 (0x00001f17) auipc   t5, 0x1
core   0: 3 0x8000ef64 (0x00001f17) x30 0x8000ff64
core   0: 0x8000ef68 (0x083f2e23) sw      gp, 156(t5)
core   0: 3 0x8000ef68 (0x083f2e23) mem 0x80010000 0x00000001
core   0: 0x8000ef6c (0x0000bfe5) c.j     pc - 8
core   0: 3 0x8000ef6c (0xbfe5)
core   0: 0x8000ef64 (0x00001f17) auipc   t5, 0x1
core   0: 3 0x8000ef64 (0x00001f17) x30 0x8000ff64
core   0: 0x8000ef68 (0x083f2e23) sw      gp, 156(t5)
core   0: 3 0x8000ef68 (0x083f2e23) mem 0x80010000 0x00000001
core   0: 0x8000ef6c (0x0000bfe5) c.j     pc - 8
core   0: 3 0x8000ef6c (0xbfe5)
core   0: 0x8000ef64 (0x00001f17) auipc   t5, 0x1
core   0: 3 0x8000ef64 (0x00001f17) x30 0x8000ff64
core   0: 0x8000ef68 (0x083f2e23) sw      gp, 156(t5)
core   0: 3 0x8000ef68 (0x083f2e23) mem 0x80010000 0x00000001
core   0: 0x8000ef6c (0x0000bfe5) c.j     pc - 8
core   0: 3 0x8000ef6c (0xbfe5)
core   0: 0x8000ef64 (0x00001f17) auipc   t5, 0x1
core   0: 3 0x8000ef64 (0x00001f17) x30 0x8000ff64
core   0: 0x8000ef68 (0x083f2e23) sw      gp, 156(t5)
core   0: 3 0x8000ef68 (0x083f2e23) mem 0x80010000 0x00000001
core   0: 0x8000ef6c (0x0000bfe5) c.j     pc - 8
core   0: 3 0x8000ef6c (0xbfe5)
core   0: 0x8000ef64 (0x00001f17) auipc   t5, 0x1
core   0: 3 0x8000ef64 (0x00001f17) x30 0x8000ff64
core   0: 0x8000ef68 (0x083f2e23) sw      gp, 156(t5)
core   0: 3 0x8000ef68 (0x083f2e23) mem 0x80010000 0x00000001
core   0: 0x8000ef6c (0x0000bfe5) c.j     pc - 8
core   0: 3 0x8000ef6c (0xbfe5)
core   0: 0x8000ef64 (0x00001f17) auipc   t5, 0x1
core   0: 3 0x8000ef64 (0x00001f17) x30 0x8000ff64
core   0: 0x8000ef68 (0x083f2e23) sw      gp, 156(t5)
core   0: 3 0x8000ef68 (0x083f2e23) mem 0x80010000 0x00000001
core   0: 0x8000ef6c (0x0000bfe5) c.j     pc - 8
core   0: 3 0x8000ef6c (0xbfe5)
core   0: 0x8000ef64 (0x00001f17) auipc   t5, 0x1
core   0: 3 0x8000ef64 (0x00001f17) x30 0x8000ff64
core   0: 0x8000ef68 (0x083f2e23) sw      gp, 156(t5)
core   0: 3 0x8000ef68 (0x083f2e23) mem 0x80010000 0x00000001
core   0: 0x8000ef6c (0x0000bfe5) c.j     pc - 8
core   0: 3 0x8000ef6c (0xbfe5)
core   0: 0x8000ef64 (0x00001f17) auipc   t5, 0x1
core   0: 3 0x8000ef64 (0x00001f17) x30 0x8000ff64
core   0: 0x8000ef68 (0x083f2e23) sw      gp, 156(t5)
core   0: 3 0x8000ef68 (0x083f2e23) mem 0x80010000 0x00000001
core   0: 0x8000ef6c (0x0000bfe5) c.j     pc - 8
core   0: 3 0x8000ef6c (0xbfe5)
core   0: 0x8000ef64 (0x00001f17) auipc   t5, 0x1
core   0: 3 0x8000ef64 (0x00001f17) x30 0x8000ff64
core   0: 0x8000ef68 (0x083f2e23) sw      gp, 156(t5)
core   0: 3 0x8000ef68 (0x083f2e23) mem 0x80010000 0x00000001
core   0: 0x8000ef6c (0x0000bfe5) c.j     pc - 8
core   0: 3 0x8000ef6c (0xbfe5)
core   0: 0x8000ef64 (0x00001f17) auipc   t5, 0x1
core   0: 3 0x8000ef64 (0x00001f17) x30 0x8000ff64
core   0: 0x8000ef68 (0x083f2e23) sw      gp, 156(t5)
core   0: 3 0x8000ef68 (0x083f2e23) mem 0x80010000 0x00000001
core   0: 0x8000ef6c (0x0000bfe5) c.j     pc - 8
core   0: 3 0x8000ef6c (0xbfe5)
core   0: 0x8000ef64 (0x00001f17) auipc   t5, 0x1
core   0: 3 0x8000ef64 (0x00001f17) x30 0x8000ff64
core   0: 0x8000ef68 (0x083f2e23) sw      gp, 156(t5)
core   0: 3 0x8000ef68 (0x083f2e23) mem 0x80010000 0x00000001
core   0: 0x8000ef6c (0x0000bfe5) c.j     pc - 8
core   0: 3 0x8000ef6c (0xbfe5)
core   0: 0x8000ef64 (0x00001f17) auipc   t5, 0x1
core   0: 3 0x8000ef64 (0x00001f17) x30 0x8000ff64
core   0: 0x8000ef68 (0x083f2e23) sw      gp, 156(t5)
core   0: 3 0x8000ef68 (0x083f2e23) mem 0x80010000 0x00000001
core   0: 0x8000ef6c (0x0000bfe5) c.j     pc - 8
core   0: 3 0x8000ef6c (0xbfe5)
core   0: 0x8000ef64 (0x00001f17) auipc   t5, 0x1
core   0: 3 0x8000ef64 (0x00001f17) x30 0x8000ff64
core   0: 0x8000ef68 (0x083f2e23) sw      gp, 156(t5)
core   0: 3 0x8000ef68 (0x083f2e23) mem 0x80010000 0x00000001
core   0: 0x8000ef6c (0x0000bfe5) c.j     pc - 8
core   0: 3 0x8000ef6c (0xbfe5)
core   0: 0x8000ef64 (0x00001f17) auipc   t5, 0x1
core   0: 3 0x8000ef64 (0x00001f17) x30 0x8000ff64
core   0: 0x8000ef68 (0x083f2e23) sw      gp, 156(t5)
core   0: 3 0x8000ef68 (0x083f2e23) mem 0x80010000 0x00000001
core   0: 0x8000ef6c (0x0000bfe5) c.j     pc - 8
core   0: 3 0x8000ef6c (0xbfe5)
core   0: 0x8000ef64 (0x00001f17) auipc   t5, 0x1
core   0: 3 0x8000ef64 (0x00001f17) x30 0x8000ff64
core   0: 0x8000ef68 (0x083f2e23) sw      gp, 156(t5)
core   0: 3 0x8000ef68 (0x083f2e23) mem 0x80010000 0x00000001
core   0: 0x8000ef6c (0x0000bfe5) c.j     pc - 8
core   0: 3 0x8000ef6c (0xbfe5)
core   0: 0x8000ef64 (0x00001f17) auipc   t5, 0x1
core   0: 3 0x8000ef64 (0x00001f17) x30 0x8000ff64
core   0: 0x8000ef68 (0x083f2e23) sw      gp, 156(t5)
core   0: 3 0x8000ef68 (0x083f2e23) mem 0x80010000 0x00000001
core   0: 0x8000ef6c (0x0000bfe5) c.j     pc - 8
core   0: 3 0x8000ef6c (0xbfe5)
core   0: 0x8000ef64 (0x00001f17) auipc   t5, 0x1
core   0: 3 0x8000ef64 (0x00001f17) x30 0x8000ff64
core   0: 0x8000ef68 (0x083f2e23) sw      gp, 156(t5)
core   0: 3 0x8000ef68 (0x083f2e23) mem 0x80010000 0x00000001
core   0: 0x8000ef6c (0x0000bfe5) c.j     pc - 8
core   0: 3 0x8000ef6c (0xbfe5)
core   0: 0x8000ef64 (0x00001f17) auipc   t5, 0x1
core   0: 3 0x8000ef64 (0x00001f17) x30 0x8000ff64
core   0: 0x8000ef68 (0x083f2e23) sw      gp, 156(t5)
core   0: 3 0x8000ef68 (0x083f2e23) mem 0x80010000 0x00000001
core   0: 0x8000ef6c (0x0000bfe5) c.j     pc - 8
core   0: 3 0x8000ef6c (0xbfe5)
core   0: 0x8000ef64 (0x00001f17) auipc   t5, 0x1
core   0: 3 0x8000ef64 (0x00001f17) x30 0x8000ff64
core   0: 0x8000ef68 (0x083f2e23) sw      gp, 156(t5)
core   0: 3 0x8000ef68 (0x083f2e23) mem 0x80010000 0x00000001
core   0: 0x8000ef6c (0x0000bfe5) c.j     pc - 8
core   0: 3 0x8000ef6c (0xbfe5)
core   0: 0x8000ef64 (0x00001f17) auipc   t5, 0x1
core   0: 3 0x8000ef64 (0x00001f17) x30 0x8000ff64
core   0: 0x8000ef68 (0x083f2e23) sw      gp, 156(t5)
core   0: 3 0x8000ef68 (0x083f2e23) mem 0x80010000 0x00000001
core   0: 0x8000ef6c (0x0000bfe5) c.j     pc - 8
core   0: 3 0x8000ef6c (0xbfe5)
core   0: 0x8000ef64 (0x00001f17) auipc   t5, 0x1
core   0: 3 0x8000ef64 (0x00001f17) x30 0x8000ff64
core   0: 0x8000ef68 (0x083f2e23) sw      gp, 156(t5)
core   0: 3 0x8000ef68 (0x083f2e23) mem 0x80010000 0x00000001
core   0: 0x8000ef6c (0x0000bfe5) c.j     pc - 8
core   0: 3 0x8000ef6c (0xbfe5)
core   0: 0x8000ef64 (0x00001f17) auipc   t5, 0x1
core   0: 3 0x8000ef64 (0x00001f17) x30 0x8000ff64
core   0: 0x8000ef68 (0x083f2e23) sw      gp, 156(t5)
core   0: 3 0x8000ef68 (0x083f2e23) mem 0x80010000 0x00000001
core   0: 0x8000ef6c (0x0000bfe5) c.j     pc - 8
core   0: 3 0x8000ef6c (0xbfe5)
core   0: 0x8000ef64 (0x00001f17) auipc   t5, 0x1
core   0: 3 0x8000ef64 (0x00001f17) x30 0x8000ff64
core   0: 0x8000ef68 (0x083f2e23) sw      gp, 156(t5)
core   0: 3 0x8000ef68 (0x083f2e23) mem 0x80010000 0x00000001
core   0: 0x8000ef6c (0x0000bfe5) c.j     pc - 8
core   0: 3 0x8000ef6c (0xbfe5)
core   0: 0x8000ef64 (0x00001f17) auipc   t5, 0x1
core   0: 3 0x8000ef64 (0x00001f17) x30 0x8000ff64
core   0: 0x8000ef68 (0x083f2e23) sw      gp, 156(t5)
core   0: 3 0x8000ef68 (0x083f2e23) mem 0x80010000 0x00000001
core   0: 0x8000ef6c (0x0000bfe5) c.j     pc - 8
core   0: 3 0x8000ef6c (0xbfe5)
core   0: 0x8000ef64 (0x00001f17) auipc   t5, 0x1
core   0: 3 0x8000ef64 (0x00001f17) x30 0x8000ff64
core   0: 0x8000ef68 (0x083f2e23) sw      gp, 156(t5)
core   0: 3 0x8000ef68 (0x083f2e23) mem 0x80010000 0x00000001
core   0: 0x8000ef6c (0x0000bfe5) c.j     pc - 8
core   0: 3 0x8000ef6c (0xbfe5)
core   0: 0x8000ef64 (0x00001f17) auipc   t5, 0x1
core   0: 3 0x8000ef64 (0x00001f17) x30 0x8000ff64
core   0: 0x8000ef68 (0x083f2e23) sw      gp, 156(t5)
core   0: 3 0x8000ef68 (0x083f2e23) mem 0x80010000 0x00000001
core   0: 0x8000ef6c (0x0000bfe5) c.j     pc - 8
core   0: 3 0x8000ef6c (0xbfe5)
core   0: 0x8000ef64 (0x00001f17) auipc   t5, 0x1
core   0: 3 0x8000ef64 (0x00001f17) x30 0x8000ff64
core   0: 0x8000ef68 (0x083f2e23) sw      gp, 156(t5)
core   0: 3 0x8000ef68 (0x083f2e23) mem 0x80010000 0x00000001
core   0: 0x8000ef6c (0x0000bfe5) c.j     pc - 8
core   0: 3 0x8000ef6c (0xbfe5)
core   0: 0x8000ef64 (0x00001f17) auipc   t5, 0x1
core   0: 3 0x8000ef64 (0x00001f17) x30 0x8000ff64
core   0: 0x8000ef68 (0x083f2e23) sw      gp, 156(t5)
core   0: 3 0x8000ef68 (0x083f2e23) mem 0x80010000 0x00000001
core   0: 0x8000ef6c (0x0000bfe5) c.j     pc - 8
core   0: 3 0x8000ef6c (0xbfe5)
core   0: 0x8000ef64 (0x00001f17) auipc   t5, 0x1
core   0: 3 0x8000ef64 (0x00001f17) x30 0x8000ff64
core   0: 0x8000ef68 (0x083f2e23) sw      gp, 156(t5)
core   0: 3 0x8000ef68 (0x083f2e23) mem 0x80010000 0x00000001
core   0: 0x8000ef6c (0x0000bfe5) c.j     pc - 8
core   0: 3 0x8000ef6c (0xbfe5)
core   0: 0x8000ef64 (0x00001f17) auipc   t5, 0x1
core   0: 3 0x8000ef64 (0x00001f17) x30 0x8000ff64
core   0: 0x8000ef68 (0x083f2e23) sw      gp, 156(t5)
core   0: 3 0x8000ef68 (0x083f2e23) mem 0x80010000 0x00000001
core   0: 0x8000ef6c (0x0000bfe5) c.j     pc - 8
core   0: 3 0x8000ef6c (0xbfe5)
core   0: 0x8000ef64 (0x00001f17) auipc   t5, 0x1
core   0: 3 0x8000ef64 (0x00001f17) x30 0x8000ff64
core   0: 0x8000ef68 (0x083f2e23) sw      gp, 156(t5)
core   0: 3 0x8000ef68 (0x083f2e23) mem 0x80010000 0x00000001
core   0: 0x8000ef6c (0x0000bfe5) c.j     pc - 8
core   0: 3 0x8000ef6c (0xbfe5)
core   0: 0x8000ef64 (0x00001f17) auipc   t5, 0x1
core   0: 3 0x8000ef64 (0x00001f17) x30 0x8000ff64
core   0: 0x8000ef68 (0x083f2e23) sw      gp, 156(t5)
core   0: 3 0x8000ef68 (0x083f2e23) mem 0x80010000 0x00000001
core   0: 0x8000ef6c (0x0000bfe5) c.j     pc - 8
core   0: 3 0x8000ef6c (0xbfe5)
core   0: 0x8000ef64 (0x00001f17) auipc   t5, 0x1
core   0: 3 0x8000ef64 (0x00001f17) x30 0x8000ff64
core   0: 0x8000ef68 (0x083f2e23) sw      gp, 156(t5)
core   0: 3 0x8000ef68 (0x083f2e23) mem 0x80010000 0x00000001
core   0: 0x8000ef6c (0x0000bfe5) c.j     pc - 8
core   0: 3 0x8000ef6c (0xbfe5)
core   0: 0x8000ef64 (0x00001f17) auipc   t5, 0x1
core   0: 3 0x8000ef64 (0x00001f17) x30 0x8000ff64
core   0: 0x8000ef68 (0x083f2e23) sw      gp, 156(t5)
core   0: 3 0x8000ef68 (0x083f2e23) mem 0x80010000 0x00000001
core   0: 0x8000ef6c (0x0000bfe5) c.j     pc - 8
core   0: 3 0x8000ef6c (0xbfe5)
core   0: 0x8000ef64 (0x00001f17) auipc   t5, 0x1
core   0: 3 0x8000ef64 (0x00001f17) x30 0x8000ff64
core   0: 0x8000ef68 (0x083f2e23) sw      gp, 156(t5)
core   0: 3 0x8000ef68 (0x083f2e23) mem 0x80010000 0x00000001
core   0: 0x8000ef6c (0x0000bfe5) c.j     pc - 8
core   0: 3 0x8000ef6c (0xbfe5)
core   0: 0x8000ef64 (0x00001f17) auipc   t5, 0x1
core   0: 3 0x8000ef64 (0x00001f17) x30 0x8000ff64
core   0: 0x8000ef68 (0x083f2e23) sw      gp, 156(t5)
core   0: 3 0x8000ef68 (0x083f2e23) mem 0x80010000 0x00000001
core   0: 0x8000ef6c (0x0000bfe5) c.j     pc - 8
core   0: 3 0x8000ef6c (0xbfe5)
core   0: 0x8000ef64 (0x00001f17) auipc   t5, 0x1
core   0: 3 0x8000ef64 (0x00001f17) x30 0x8000ff64
core   0: 0x8000ef68 (0x083f2e23) sw      gp, 156(t5)
core   0: 3 0x8000ef68 (0x083f2e23) mem 0x80010000 0x00000001
core   0: 0x8000ef6c (0x0000bfe5) c.j     pc - 8
core   0: 3 0x8000ef6c (0xbfe5)
core   0: 0x8000ef64 (0x00001f17) auipc   t5, 0x1
core   0: 3 0x8000ef64 (0x00001f17) x30 0x8000ff64
core   0: 0x8000ef68 (0x083f2e23) sw      gp, 156(t5)
core   0: 3 0x8000ef68 (0x083f2e23) mem 0x80010000 0x00000001
core   0: 0x8000ef6c (0x0000bfe5) c.j     pc - 8
core   0: 3 0x8000ef6c (0xbfe5)
core   0: 0x8000ef64 (0x00001f17) auipc   t5, 0x1
core   0: 3 0x8000ef64 (0x00001f17) x30 0x8000ff64
core   0: 0x8000ef68 (0x083f2e23) sw      gp, 156(t5)
core   0: 3 0x8000ef68 (0x083f2e23) mem 0x80010000 0x00000001
core   0: 0x8000ef6c (0x0000bfe5) c.j     pc - 8
core   0: 3 0x8000ef6c (0xbfe5)
core   0: 0x8000ef64 (0x00001f17) auipc   t5, 0x1
core   0: 3 0x8000ef64 (0x00001f17) x30 0x8000ff64
core   0: 0x8000ef68 (0x083f2e23) sw      gp, 156(t5)
core   0: 3 0x8000ef68 (0x083f2e23) mem 0x80010000 0x00000001
core   0: 0x8000ef6c (0x0000bfe5) c.j     pc - 8
core   0: 3 0x8000ef6c (0xbfe5)
core   0: 0x8000ef64 (0x00001f17) auipc   t5, 0x1
core   0: 3 0x8000ef64 (0x00001f17) x30 0x8000ff64
core   0: 0x8000ef68 (0x083f2e23) sw      gp, 156(t5)
core   0: 3 0x8000ef68 (0x083f2e23) mem 0x80010000 0x00000001
core   0: 0x8000ef6c (0x0000bfe5) c.j     pc - 8
core   0: 3 0x8000ef6c (0xbfe5)
core   0: 0x8000ef64 (0x00001f17) auipc   t5, 0x1
core   0: 3 0x8000ef64 (0x00001f17) x30 0x8000ff64
core   0: 0x8000ef68 (0x083f2e23) sw      gp, 156(t5)
core   0: 3 0x8000ef68 (0x083f2e23) mem 0x80010000 0x00000001
core   0: 0x8000ef6c (0x0000bfe5) c.j     pc - 8
core   0: 3 0x8000ef6c (0xbfe5)
core   0: 0x8000ef64 (0x00001f17) auipc   t5, 0x1
core   0: 3 0x8000ef64 (0x00001f17) x30 0x8000ff64
core   0: 0x8000ef68 (0x083f2e23) sw      gp, 156(t5)
core   0: 3 0x8000ef68 (0x083f2e23) mem 0x80010000 0x00000001
core   0: 0x8000ef6c (0x0000bfe5) c.j     pc - 8
core   0: 3 0x8000ef6c (0xbfe5)
core   0: 0x8000ef64 (0x00001f17) auipc   t5, 0x1
core   0: 3 0x8000ef64 (0x00001f17) x30 0x8000ff64
core   0: 0x8000ef68 (0x083f2e23) sw      gp, 156(t5)
core   0: 3 0x8000ef68 (0x083f2e23) mem 0x80010000 0x00000001
core   0: 0x8000ef6c (0x0000bfe5) c.j     pc - 8
core   0: 3 0x8000ef6c (0xbfe5)
core   0: 0x8000ef64 (0x00001f17) auipc   t5, 0x1
core   0: 3 0x8000ef64 (0x00001f17) x30 0x8000ff64
core   0: 0x8000ef68 (0x083f2e23) sw      gp, 156(t5)
core   0: 3 0x8000ef68 (0x083f2e23) mem 0x80010000 0x00000001
core   0: 0x8000ef6c (0x0000bfe5) c.j     pc - 8
core   0: 3 0x8000ef6c (0xbfe5)
core   0: 0x8000ef64 (0x00001f17) auipc   t5, 0x1
core   0: 3 0x8000ef64 (0x00001f17) x30 0x8000ff64
core   0: 0x8000ef68 (0x083f2e23) sw      gp, 156(t5)
core   0: 3 0x8000ef68 (0x083f2e23) mem 0x80010000 0x00000001
core   0: 0x8000ef6c (0x0000bfe5) c.j     pc - 8
core   0: 3 0x8000ef6c (0xbfe5)
core   0: 0x8000ef64 (0x00001f17) auipc   t5, 0x1
core   0: 3 0x8000ef64 (0x00001f17) x30 0x8000ff64
core   0: 0x8000ef68 (0x083f2e23) sw      gp, 156(t5)
core   0: 3 0x8000ef68 (0x083f2e23) mem 0x80010000 0x00000001
core   0: 0x8000ef6c (0x0000bfe5) c.j     pc - 8
core   0: 3 0x8000ef6c (0xbfe5)
core   0: 0x8000ef64 (0x00001f17) auipc   t5, 0x1
core   0: 3 0x8000ef64 (0x00001f17) x30 0x8000ff64
core   0: 0x8000ef68 (0x083f2e23) sw      gp, 156(t5)
core   0: 3 0x8000ef68 (0x083f2e23) mem 0x80010000 0x00000001
core   0: 0x8000ef6c (0x0000bfe5) c.j     pc - 8
core   0: 3 0x8000ef6c (0xbfe5)
core   0: 0x8000ef64 (0x00001f17) auipc   t5, 0x1
core   0: 3 0x8000ef64 (0x00001f17) x30 0x8000ff64
core   0: 0x8000ef68 (0x083f2e23) sw      gp, 156(t5)
core   0: 3 0x8000ef68 (0x083f2e23) mem 0x80010000 0x00000001
core   0: 0x8000ef6c (0x0000bfe5) c.j     pc - 8
core   0: 3 0x8000ef6c (0xbfe5)
core   0: 0x8000ef64 (0x00001f17) auipc   t5, 0x1
core   0: 3 0x8000ef64 (0x00001f17) x30 0x8000ff64
core   0: 0x8000ef68 (0x083f2e23) sw      gp, 156(t5)
core   0: 3 0x8000ef68 (0x083f2e23) mem 0x80010000 0x00000001
core   0: 0x8000ef6c (0x0000bfe5) c.j     pc - 8
core   0: 3 0x8000ef6c (0xbfe5)
core   0: 0x8000ef64 (0x00001f17) auipc   t5, 0x1
core   0: 3 0x8000ef64 (0x00001f17) x30 0x8000ff64
core   0: 0x8000ef68 (0x083f2e23) sw      gp, 156(t5)
core   0: 3 0x8000ef68 (0x083f2e23) mem 0x80010000 0x00000001
core   0: 0x8000ef6c (0x0000bfe5) c.j     pc - 8
core   0: 3 0x8000ef6c (0xbfe5)
core   0: 0x8000ef64 (0x00001f17) auipc   t5, 0x1
core   0: 3 0x8000ef64 (0x00001f17) x30 0x8000ff64
core   0: 0x8000ef68 (0x083f2e23) sw      gp, 156(t5)
core   0: 3 0x8000ef68 (0x083f2e23) mem 0x80010000 0x00000001
core   0: 0x8000ef6c (0x0000bfe5) c.j     pc - 8
core   0: 3 0x8000ef6c (0xbfe5)
core   0: 0x8000ef64 (0x00001f17) auipc   t5, 0x1
core   0: 3 0x8000ef64 (0x00001f17) x30 0x8000ff64
core   0: 0x8000ef68 (0x083f2e23) sw      gp, 156(t5)
core   0: 3 0x8000ef68 (0x083f2e23) mem 0x80010000 0x00000001
core   0: 0x8000ef6c (0x0000bfe5) c.j     pc - 8
core   0: 3 0x8000ef6c (0xbfe5)
core   0: 0x8000ef64 (0x00001f17) auipc   t5, 0x1
core   0: 3 0x8000ef64 (0x00001f17) x30 0x8000ff64
core   0: 0x8000ef68 (0x083f2e23) sw      gp, 156(t5)
core   0: 3 0x8000ef68 (0x083f2e23) mem 0x80010000 0x00000001
core   0: 0x8000ef6c (0x0000bfe5) c.j     pc - 8
core   0: 3 0x8000ef6c (0xbfe5)
core   0: 0x8000ef64 (0x00001f17) auipc   t5, 0x1
core   0: 3 0x8000ef64 (0x00001f17) x30 0x8000ff64
core   0: 0x8000ef68 (0x083f2e23) sw      gp, 156(t5)
core   0: 3 0x8000ef68 (0x083f2e23) mem 0x80010000 0x00000001
core   0: 0x8000ef6c (0x0000bfe5) c.j     pc - 8
core   0: 3 0x8000ef6c (0xbfe5)
core   0: 0x8000ef64 (0x00001f17) auipc   t5, 0x1
core   0: 3 0x8000ef64 (0x00001f17) x30 0x8000ff64
core   0: 0x8000ef68 (0x083f2e23) sw      gp, 156(t5)
core   0: 3 0x8000ef68 (0x083f2e23) mem 0x80010000 0x00000001
core   0: 0x8000ef6c (0x0000bfe5) c.j     pc - 8
core   0: 3 0x8000ef6c (0xbfe5)
core   0: 0x8000ef64 (0x00001f17) auipc   t5, 0x1
core   0: 3 0x8000ef64 (0x00001f17) x30 0x8000ff64
core   0: 0x8000ef68 (0x083f2e23) sw      gp, 156(t5)
core   0: 3 0x8000ef68 (0x083f2e23) mem 0x80010000 0x00000001
core   0: 0x8000ef6c (0x0000bfe5) c.j     pc - 8
core   0: 3 0x8000ef6c (0xbfe5)
core   0: 0x8000ef64 (0x00001f17) auipc   t5, 0x1
core   0: 3 0x8000ef64 (0x00001f17) x30 0x8000ff64
core   0: 0x8000ef68 (0x083f2e23) sw      gp, 156(t5)
core   0: 3 0x8000ef68 (0x083f2e23) mem 0x80010000 0x00000001
core   0: 0x8000ef6c (0x0000bfe5) c.j     pc - 8
core   0: 3 0x8000ef6c (0xbfe5)
core   0: 0x8000ef64 (0x00001f17) auipc   t5, 0x1
core   0: 3 0x8000ef64 (0x00001f17) x30 0x8000ff64
core   0: 0x8000ef68 (0x083f2e23) sw      gp, 156(t5)
core   0: 3 0x8000ef68 (0x083f2e23) mem 0x80010000 0x00000001
core   0: 0x8000ef6c (0x0000bfe5) c.j     pc - 8
core   0: 3 0x8000ef6c (0xbfe5)
core   0: 0x8000ef64 (0x00001f17) auipc   t5, 0x1
core   0: 3 0x8000ef64 (0x00001f17) x30 0x8000ff64
core   0: 0x8000ef68 (0x083f2e23) sw      gp, 156(t5)
core   0: 3 0x8000ef68 (0x083f2e23) mem 0x80010000 0x00000001
core   0: 0x8000ef6c (0x0000bfe5) c.j     pc - 8
core   0: 3 0x8000ef6c (0xbfe5)
core   0: 0x8000ef64 (0x00001f17) auipc   t5, 0x1
core   0: 3 0x8000ef64 (0x00001f17) x30 0x8000ff64
core   0: 0x8000ef68 (0x083f2e23) sw      gp, 156(t5)
core   0: 3 0x8000ef68 (0x083f2e23) mem 0x80010000 0x00000001
core   0: 0x8000ef6c (0x0000bfe5) c.j     pc - 8
core   0: 3 0x8000ef6c (0xbfe5)
core   0: 0x8000ef64 (0x00001f17) auipc   t5, 0x1
core   0: 3 0x8000ef64 (0x00001f17) x30 0x8000ff64
core   0: 0x8000ef68 (0x083f2e23) sw      gp, 156(t5)
core   0: 3 0x8000ef68 (0x083f2e23) mem 0x80010000 0x00000001
core   0: 0x8000ef6c (0x0000bfe5) c.j     pc - 8
core   0: 3 0x8000ef6c (0xbfe5)
core   0: 0x8000ef64 (0x00001f17) auipc   t5, 0x1
core   0: 3 0x8000ef64 (0x00001f17) x30 0x8000ff64
core   0: 0x8000ef68 (0x083f2e23) sw      gp, 156(t5)
core   0: 3 0x8000ef68 (0x083f2e23) mem 0x80010000 0x00000001
core   0: 0x8000ef6c (0x0000bfe5) c.j     pc - 8
core   0: 3 0x8000ef6c (0xbfe5)
core   0: 0x8000ef64 (0x00001f17) auipc   t5, 0x1
core   0: 3 0x8000ef64 (0x00001f17) x30 0x8000ff64
core   0: 0x8000ef68 (0x083f2e23) sw      gp, 156(t5)
core   0: 3 0x8000ef68 (0x083f2e23) mem 0x80010000 0x00000001
core   0: 0x8000ef6c (0x0000bfe5) c.j     pc - 8
core   0: 3 0x8000ef6c (0xbfe5)
core   0: 0x8000ef64 (0x00001f17) auipc   t5, 0x1
core   0: 3 0x8000ef64 (0x00001f17) x30 0x8000ff64
core   0: 0x8000ef68 (0x083f2e23) sw      gp, 156(t5)
core   0: 3 0x8000ef68 (0x083f2e23) mem 0x80010000 0x00000001
core   0: 0x8000ef6c (0x0000bfe5) c.j     pc - 8
core   0: 3 0x8000ef6c (0xbfe5)
core   0: 0x8000ef64 (0x00001f17) auipc   t5, 0x1
core   0: 3 0x8000ef64 (0x00001f17) x30 0x8000ff64
core   0: 0x8000ef68 (0x083f2e23) sw      gp, 156(t5)
core   0: 3 0x8000ef68 (0x083f2e23) mem 0x80010000 0x00000001
core   0: 0x8000ef6c (0x0000bfe5) c.j     pc - 8
core   0: 3 0x8000ef6c (0xbfe5)
core   0: 0x8000ef64 (0x00001f17) auipc   t5, 0x1
core   0: 3 0x8000ef64 (0x00001f17) x30 0x8000ff64
core   0: 0x8000ef68 (0x083f2e23) sw      gp, 156(t5)
core   0: 3 0x8000ef68 (0x083f2e23) mem 0x80010000 0x00000001
core   0: 0x8000ef6c (0x0000bfe5) c.j     pc - 8
core   0: 3 0x8000ef6c (0xbfe5)
core   0: 0x8000ef64 (0x00001f17) auipc   t5, 0x1
core   0: 3 0x8000ef64 (0x00001f17) x30 0x8000ff64
core   0: 0x8000ef68 (0x083f2e23) sw      gp, 156(t5)
core   0: 3 0x8000ef68 (0x083f2e23) mem 0x80010000 0x00000001
core   0: 0x8000ef6c (0x0000bfe5) c.j     pc - 8
core   0: 3 0x8000ef6c (0xbfe5)
core   0: 0x8000ef64 (0x00001f17) auipc   t5, 0x1
core   0: 3 0x8000ef64 (0x00001f17) x30 0x8000ff64
core   0: 0x8000ef68 (0x083f2e23) sw      gp, 156(t5)
core   0: 3 0x8000ef68 (0x083f2e23) mem 0x80010000 0x00000001
core   0: 0x8000ef6c (0x0000bfe5) c.j     pc - 8
core   0: 3 0x8000ef6c (0xbfe5)
core   0: 0x8000ef64 (0x00001f17) auipc   t5, 0x1
core   0: 3 0x8000ef64 (0x00001f17) x30 0x8000ff64
core   0: 0x8000ef68 (0x083f2e23) sw      gp, 156(t5)
core   0: 3 0x8000ef68 (0x083f2e23) mem 0x80010000 0x00000001
core   0: 0x8000ef6c (0x0000bfe5) c.j     pc - 8
core   0: 3 0x8000ef6c (0xbfe5)
core   0: 0x8000ef64 (0x00001f17) auipc   t5, 0x1
core   0: 3 0x8000ef64 (0x00001f17) x30 0x8000ff64
core   0: 0x8000ef68 (0x083f2e23) sw      gp, 156(t5)
core   0: 3 0x8000ef68 (0x083f2e23) mem 0x80010000 0x00000001
core   0: 0x8000ef6c (0x0000bfe5) c.j     pc - 8
core   0: 3 0x8000ef6c (0xbfe5)
core   0: 0x8000ef64 (0x00001f17) auipc   t5, 0x1
core   0: 3 0x8000ef64 (0x00001f17) x30 0x8000ff64
core   0: 0x8000ef68 (0x083f2e23) sw      gp, 156(t5)
core   0: 3 0x8000ef68 (0x083f2e23) mem 0x80010000 0x00000001
core   0: 0x8000ef6c (0x0000bfe5) c.j     pc - 8
core   0: 3 0x8000ef6c (0xbfe5)
core   0: 0x8000ef64 (0x00001f17) auipc   t5, 0x1
core   0: 3 0x8000ef64 (0x00001f17) x30 0x8000ff64
core   0: 0x8000ef68 (0x083f2e23) sw      gp, 156(t5)
core   0: 3 0x8000ef68 (0x083f2e23) mem 0x80010000 0x00000001
core   0: 0x8000ef6c (0x0000bfe5) c.j     pc - 8
core   0: 3 0x8000ef6c (0xbfe5)
core   0: 0x8000ef64 (0x00001f17) auipc   t5, 0x1
core   0: 3 0x8000ef64 (0x00001f17) x30 0x8000ff64
core   0: 0x8000ef68 (0x083f2e23) sw      gp, 156(t5)
core   0: 3 0x8000ef68 (0x083f2e23) mem 0x80010000 0x00000001
core   0: 0x8000ef6c (0x0000bfe5) c.j     pc - 8
core   0: 3 0x8000ef6c (0xbfe5)
core   0: 0x8000ef64 (0x00001f17) auipc   t5, 0x1
core   0: 3 0x8000ef64 (0x00001f17) x30 0x8000ff64
core   0: 0x8000ef68 (0x083f2e23) sw      gp, 156(t5)
core   0: 3 0x8000ef68 (0x083f2e23) mem 0x80010000 0x00000001
core   0: 0x8000ef6c (0x0000bfe5) c.j     pc - 8
core   0: 3 0x8000ef6c (0xbfe5)
core   0: 0x8000ef64 (0x00001f17) auipc   t5, 0x1
core   0: 3 0x8000ef64 (0x00001f17) x30 0x8000ff64
core   0: 0x8000ef68 (0x083f2e23) sw      gp, 156(t5)
core   0: 3 0x8000ef68 (0x083f2e23) mem 0x80010000 0x00000001
core   0: 0x8000ef6c (0x0000bfe5) c.j     pc - 8
core   0: 3 0x8000ef6c (0xbfe5)
core   0: 0x8000ef64 (0x00001f17) auipc   t5, 0x1
core   0: 3 0x8000ef64 (0x00001f17) x30 0x8000ff64
core   0: 0x8000ef68 (0x083f2e23) sw      gp, 156(t5)
core   0: 3 0x8000ef68 (0x083f2e23) mem 0x80010000 0x00000001
core   0: 0x8000ef6c (0x0000bfe5) c.j     pc - 8
core   0: 3 0x8000ef6c (0xbfe5)
core   0: 0x8000ef64 (0x00001f17) auipc   t5, 0x1
core   0: 3 0x8000ef64 (0x00001f17) x30 0x8000ff64
core   0: 0x8000ef68 (0x083f2e23) sw      gp, 156(t5)
core   0: 3 0x8000ef68 (0x083f2e23) mem 0x80010000 0x00000001
core   0: 0x8000ef6c (0x0000bfe5) c.j     pc - 8
core   0: 3 0x8000ef6c (0xbfe5)
core   0: 0x8000ef64 (0x00001f17) auipc   t5, 0x1
core   0: 3 0x8000ef64 (0x00001f17) x30 0x8000ff64
core   0: 0x8000ef68 (0x083f2e23) sw      gp, 156(t5)
core   0: 3 0x8000ef68 (0x083f2e23) mem 0x80010000 0x00000001
core   0: 0x8000ef6c (0x0000bfe5) c.j     pc - 8
core   0: 3 0x8000ef6c (0xbfe5)
core   0: 0x8000ef64 (0x00001f17) auipc   t5, 0x1
core   0: 3 0x8000ef64 (0x00001f17) x30 0x8000ff64
core   0: 0x8000ef68 (0x083f2e23) sw      gp, 156(t5)
core   0: 3 0x8000ef68 (0x083f2e23) mem 0x80010000 0x00000001
core   0: 0x8000ef6c (0x0000bfe5) c.j     pc - 8
core   0: 3 0x8000ef6c (0xbfe5)
core   0: 0x8000ef64 (0x00001f17) auipc   t5, 0x1
core   0: 3 0x8000ef64 (0x00001f17) x30 0x8000ff64
core   0: 0x8000ef68 (0x083f2e23) sw      gp, 156(t5)
core   0: 3 0x8000ef68 (0x083f2e23) mem 0x80010000 0x00000001
core   0: 0x8000ef6c (0x0000bfe5) c.j     pc - 8
core   0: 3 0x8000ef6c (0xbfe5)
core   0: 0x8000ef64 (0x00001f17) auipc   t5, 0x1
core   0: 3 0x8000ef64 (0x00001f17) x30 0x8000ff64
core   0: 0x8000ef68 (0x083f2e23) sw      gp, 156(t5)
core   0: 3 0x8000ef68 (0x083f2e23) mem 0x80010000 0x00000001
core   0: 0x8000ef6c (0x0000bfe5) c.j     pc - 8
core   0: 3 0x8000ef6c (0xbfe5)
core   0: 0x8000ef64 (0x00001f17) auipc   t5, 0x1
core   0: 3 0x8000ef64 (0x00001f17) x30 0x8000ff64
core   0: 0x8000ef68 (0x083f2e23) sw      gp, 156(t5)
core   0: 3 0x8000ef68 (0x083f2e23) mem 0x80010000 0x00000001
core   0: 0x8000ef6c (0x0000bfe5) c.j     pc - 8
core   0: 3 0x8000ef6c (0xbfe5)
core   0: 0x8000ef64 (0x00001f17) auipc   t5, 0x1
core   0: 3 0x8000ef64 (0x00001f17) x30 0x8000ff64
core   0: 0x8000ef68 (0x083f2e23) sw      gp, 156(t5)
core   0: 3 0x8000ef68 (0x083f2e23) mem 0x80010000 0x00000001
core   0: 0x8000ef6c (0x0000bfe5) c.j     pc - 8
core   0: 3 0x8000ef6c (0xbfe5)
core   0: 0x8000ef64 (0x00001f17) auipc   t5, 0x1
core   0: 3 0x8000ef64 (0x00001f17) x30 0x8000ff64
core   0: 0x8000ef68 (0x083f2e23) sw      gp, 156(t5)
core   0: 3 0x8000ef68 (0x083f2e23) mem 0x80010000 0x00000001
core   0: 0x8000ef6c (0x0000bfe5) c.j     pc - 8
core   0: 3 0x8000ef6c (0xbfe5)
core   0: 0x8000ef64 (0x00001f17) auipc   t5, 0x1
core   0: 3 0x8000ef64 (0x00001f17) x30 0x8000ff64
core   0: 0x8000ef68 (0x083f2e23) sw      gp, 156(t5)
core   0: 3 0x8000ef68 (0x083f2e23) mem 0x80010000 0x00000001
core   0: 0x8000ef6c (0x0000bfe5) c.j     pc - 8
core   0: 3 0x8000ef6c (0xbfe5)
core   0: 0x8000ef64 (0x00001f17) auipc   t5, 0x1
core   0: 3 0x8000ef64 (0x00001f17) x30 0x8000ff64
core   0: 0x8000ef68 (0x083f2e23) sw      gp, 156(t5)
core   0: 3 0x8000ef68 (0x083f2e23) mem 0x80010000 0x00000001
core   0: 0x8000ef6c (0x0000bfe5) c.j     pc - 8
core   0: 3 0x8000ef6c (0xbfe5)
core   0: 0x8000ef64 (0x00001f17) auipc   t5, 0x1
core   0: 3 0x8000ef64 (0x00001f17) x30 0x8000ff64
core   0: 0x8000ef68 (0x083f2e23) sw      gp, 156(t5)
core   0: 3 0x8000ef68 (0x083f2e23) mem 0x80010000 0x00000001
core   0: 0x8000ef6c (0x0000bfe5) c.j     pc - 8
core   0: 3 0x8000ef6c (0xbfe5)
core   0: 0x8000ef64 (0x00001f17) auipc   t5, 0x1
core   0: 3 0x8000ef64 (0x00001f17) x30 0x8000ff64
core   0: 0x8000ef68 (0x083f2e23) sw      gp, 156(t5)
core   0: 3 0x8000ef68 (0x083f2e23) mem 0x80010000 0x00000001
core   0: 0x8000ef6c (0x0000bfe5) c.j     pc - 8
core   0: 3 0x8000ef6c (0xbfe5)
core   0: 0x8000ef64 (0x00001f17) auipc   t5, 0x1
core   0: 3 0x8000ef64 (0x00001f17) x30 0x8000ff64
core   0: 0x8000ef68 (0x083f2e23) sw      gp, 156(t5)
core   0: 3 0x8000ef68 (0x083f2e23) mem 0x80010000 0x00000001
core   0: 0x8000ef6c (0x0000bfe5) c.j     pc - 8
core   0: 3 0x8000ef6c (0xbfe5)
core   0: 0x8000ef64 (0x00001f17) auipc   t5, 0x1
core   0: 3 0x8000ef64 (0x00001f17) x30 0x8000ff64
core   0: 0x8000ef68 (0x083f2e23) sw      gp, 156(t5)
core   0: 3 0x8000ef68 (0x083f2e23) mem 0x80010000 0x00000001
core   0: 0x8000ef6c (0x0000bfe5) c.j     pc - 8
core   0: 3 0x8000ef6c (0xbfe5)
core   0: 0x8000ef64 (0x00001f17) auipc   t5, 0x1
core   0: 3 0x8000ef64 (0x00001f17) x30 0x8000ff64
core   0: 0x8000ef68 (0x083f2e23) sw      gp, 156(t5)
core   0: 3 0x8000ef68 (0x083f2e23) mem 0x80010000 0x00000001
core   0: 0x8000ef6c (0x0000bfe5) c.j     pc - 8
core   0: 3 0x8000ef6c (0xbfe5)
core   0: 0x8000ef64 (0x00001f17) auipc   t5, 0x1
core   0: 3 0x8000ef64 (0x00001f17) x30 0x8000ff64
core   0: 0x8000ef68 (0x083f2e23) sw      gp, 156(t5)
core   0: 3 0x8000ef68 (0x083f2e23) mem 0x80010000 0x00000001
core   0: 0x8000ef6c (0x0000bfe5) c.j     pc - 8
core   0: 3 0x8000ef6c (0xbfe5)
core   0: 0x8000ef64 (0x00001f17) auipc   t5, 0x1
core   0: 3 0x8000ef64 (0x00001f17) x30 0x8000ff64
core   0: 0x8000ef68 (0x083f2e23) sw      gp, 156(t5)
core   0: 3 0x8000ef68 (0x083f2e23) mem 0x80010000 0x00000001
core   0: 0x8000ef6c (0x0000bfe5) c.j     pc - 8
core   0: 3 0x8000ef6c (0xbfe5)
core   0: 0x8000ef64 (0x00001f17) auipc   t5, 0x1
core   0: 3 0x8000ef64 (0x00001f17) x30 0x8000ff64
core   0: 0x8000ef68 (0x083f2e23) sw      gp, 156(t5)
core   0: 3 0x8000ef68 (0x083f2e23) mem 0x80010000 0x00000001
core   0: 0x8000ef6c (0x0000bfe5) c.j     pc - 8
core   0: 3 0x8000ef6c (0xbfe5)
core   0: 0x8000ef64 (0x00001f17) auipc   t5, 0x1
core   0: 3 0x8000ef64 (0x00001f17) x30 0x8000ff64
core   0: 0x8000ef68 (0x083f2e23) sw      gp, 156(t5)
core   0: 3 0x8000ef68 (0x083f2e23) mem 0x80010000 0x00000001
core   0: 0x8000ef6c (0x0000bfe5) c.j     pc - 8
core   0: 3 0x8000ef6c (0xbfe5)
core   0: 0x8000ef64 (0x00001f17) auipc   t5, 0x1
core   0: 3 0x8000ef64 (0x00001f17) x30 0x8000ff64
core   0: 0x8000ef68 (0x083f2e23) sw      gp, 156(t5)
core   0: 3 0x8000ef68 (0x083f2e23) mem 0x80010000 0x00000001
core   0: 0x8000ef6c (0x0000bfe5) c.j     pc - 8
core   0: 3 0x8000ef6c (0xbfe5)
core   0: 0x8000ef64 (0x00001f17) auipc   t5, 0x1
core   0: 3 0x8000ef64 (0x00001f17) x30 0x8000ff64
core   0: 0x8000ef68 (0x083f2e23) sw      gp, 156(t5)
core   0: 3 0x8000ef68 (0x083f2e23) mem 0x80010000 0x00000001
core   0: 0x8000ef6c (0x0000bfe5) c.j     pc - 8
core   0: 3 0x8000ef6c (0xbfe5)
core   0: 0x8000ef64 (0x00001f17) auipc   t5, 0x1
core   0: 3 0x8000ef64 (0x00001f17) x30 0x8000ff64
core   0: 0x8000ef68 (0x083f2e23) sw      gp, 156(t5)
core   0: 3 0x8000ef68 (0x083f2e23) mem 0x80010000 0x00000001
core   0: 0x8000ef6c (0x0000bfe5) c.j     pc - 8
core   0: 3 0x8000ef6c (0xbfe5)
core   0: 0x8000ef64 (0x00001f17) auipc   t5, 0x1
core   0: 3 0x8000ef64 (0x00001f17) x30 0x8000ff64
core   0: 0x8000ef68 (0x083f2e23) sw      gp, 156(t5)
core   0: 3 0x8000ef68 (0x083f2e23) mem 0x80010000 0x00000001
core   0: 0x8000ef6c (0x0000bfe5) c.j     pc - 8
core   0: 3 0x8000ef6c (0xbfe5)
core   0: 0x8000ef64 (0x00001f17) auipc   t5, 0x1
core   0: 3 0x8000ef64 (0x00001f17) x30 0x8000ff64
core   0: 0x8000ef68 (0x083f2e23) sw      gp, 156(t5)
core   0: 3 0x8000ef68 (0x083f2e23) mem 0x80010000 0x00000001
core   0: 0x8000ef6c (0x0000bfe5) c.j     pc - 8
core   0: 3 0x8000ef6c (0xbfe5)
core   0: 0x8000ef64 (0x00001f17) auipc   t5, 0x1
core   0: 3 0x8000ef64 (0x00001f17) x30 0x8000ff64
core   0: 0x8000ef68 (0x083f2e23) sw      gp, 156(t5)
core   0: 3 0x8000ef68 (0x083f2e23) mem 0x80010000 0x00000001
core   0: 0x8000ef6c (0x0000bfe5) c.j     pc - 8
core   0: 3 0x8000ef6c (0xbfe5)
core   0: 0x8000ef64 (0x00001f17) auipc   t5, 0x1
core   0: 3 0x8000ef64 (0x00001f17) x30 0x8000ff64
core   0: 0x8000ef68 (0x083f2e23) sw      gp, 156(t5)
core   0: 3 0x8000ef68 (0x083f2e23) mem 0x80010000 0x00000001
core   0: 0x8000ef6c (0x0000bfe5) c.j     pc - 8
core   0: 3 0x8000ef6c (0xbfe5)
core   0: 0x8000ef64 (0x00001f17) auipc   t5, 0x1
core   0: 3 0x8000ef64 (0x00001f17) x30 0x8000ff64
core   0: 0x8000ef68 (0x083f2e23) sw      gp, 156(t5)
core   0: 3 0x8000ef68 (0x083f2e23) mem 0x80010000 0x00000001
core   0: 0x8000ef6c (0x0000bfe5) c.j     pc - 8
core   0: 3 0x8000ef6c (0xbfe5)
core   0: 0x8000ef64 (0x00001f17) auipc   t5, 0x1
core   0: 3 0x8000ef64 (0x00001f17) x30 0x8000ff64
core   0: 0x8000ef68 (0x083f2e23) sw      gp, 156(t5)
core   0: 3 0x8000ef68 (0x083f2e23) mem 0x80010000 0x00000001
core   0: 0x8000ef6c (0x0000bfe5) c.j     pc - 8
core   0: 3 0x8000ef6c (0xbfe5)
core   0: 0x8000ef64 (0x00001f17) auipc   t5, 0x1
core   0: 3 0x8000ef64 (0x00001f17) x30 0x8000ff64
core   0: 0x8000ef68 (0x083f2e23) sw      gp, 156(t5)
core   0: 3 0x8000ef68 (0x083f2e23) mem 0x80010000 0x00000001
core   0: 0x8000ef6c (0x0000bfe5) c.j     pc - 8
core   0: 3 0x8000ef6c (0xbfe5)
core   0: 0x8000ef64 (0x00001f17) auipc   t5, 0x1
core   0: 3 0x8000ef64 (0x00001f17) x30 0x8000ff64
core   0: 0x8000ef68 (0x083f2e23) sw      gp, 156(t5)
core   0: 3 0x8000ef68 (0x083f2e23) mem 0x80010000 0x00000001
core   0: 0x8000ef6c (0x0000bfe5) c.j     pc - 8
core   0: 3 0x8000ef6c (0xbfe5)
core   0: 0x8000ef64 (0x00001f17) auipc   t5, 0x1
core   0: 3 0x8000ef64 (0x00001f17) x30 0x8000ff64
core   0: 0x8000ef68 (0x083f2e23) sw      gp, 156(t5)
core   0: 3 0x8000ef68 (0x083f2e23) mem 0x80010000 0x00000001
core   0: 0x8000ef6c (0x0000bfe5) c.j     pc - 8
core   0: 3 0x8000ef6c (0xbfe5)
core   0: 0x8000ef64 (0x00001f17) auipc   t5, 0x1
core   0: 3 0x8000ef64 (0x00001f17) x30 0x8000ff64
core   0: 0x8000ef68 (0x083f2e23) sw      gp, 156(t5)
core   0: 3 0x8000ef68 (0x083f2e23) mem 0x80010000 0x00000001
core   0: 0x8000ef6c (0x0000bfe5) c.j     pc - 8
core   0: 3 0x8000ef6c (0xbfe5)
core   0: 0x8000ef64 (0x00001f17) auipc   t5, 0x1
core   0: 3 0x8000ef64 (0x00001f17) x30 0x8000ff64
core   0: 0x8000ef68 (0x083f2e23) sw      gp, 156(t5)
core   0: 3 0x8000ef68 (0x083f2e23) mem 0x80010000 0x00000001
core   0: 0x8000ef6c (0x0000bfe5) c.j     pc - 8
core   0: 3 0x8000ef6c (0xbfe5)
core   0: 0x8000ef64 (0x00001f17) auipc   t5, 0x1
core   0: 3 0x8000ef64 (0x00001f17) x30 0x8000ff64
core   0: 0x8000ef68 (0x083f2e23) sw      gp, 156(t5)
core   0: 3 0x8000ef68 (0x083f2e23) mem 0x80010000 0x00000001
core   0: 0x8000ef6c (0x0000bfe5) c.j     pc - 8
core   0: 3 0x8000ef6c (0xbfe5)
core   0: 0x8000ef64 (0x00001f17) auipc   t5, 0x1
core   0: 3 0x8000ef64 (0x00001f17) x30 0x8000ff64
core   0: 0x8000ef68 (0x083f2e23) sw      gp, 156(t5)
core   0: 3 0x8000ef68 (0x083f2e23) mem 0x80010000 0x00000001
core   0: 0x8000ef6c (0x0000bfe5) c.j     pc - 8
core   0: 3 0x8000ef6c (0xbfe5)
core   0: 0x8000ef64 (0x00001f17) auipc   t5, 0x1
core   0: 3 0x8000ef64 (0x00001f17) x30 0x8000ff64
core   0: 0x8000ef68 (0x083f2e23) sw      gp, 156(t5)
core   0: 3 0x8000ef68 (0x083f2e23) mem 0x80010000 0x00000001
core   0: 0x8000ef6c (0x0000bfe5) c.j     pc - 8
core   0: 3 0x8000ef6c (0xbfe5)
core   0: 0x8000ef64 (0x00001f17) auipc   t5, 0x1
core   0: 3 0x8000ef64 (0x00001f17) x30 0x8000ff64
core   0: 0x8000ef68 (0x083f2e23) sw      gp, 156(t5)
core   0: 3 0x8000ef68 (0x083f2e23) mem 0x80010000 0x00000001
core   0: 0x8000ef6c (0x0000bfe5) c.j     pc - 8
core   0: 3 0x8000ef6c (0xbfe5)
core   0: 0x8000ef64 (0x00001f17) auipc   t5, 0x1
core   0: 3 0x8000ef64 (0x00001f17) x30 0x8000ff64
core   0: 0x8000ef68 (0x083f2e23) sw      gp, 156(t5)
core   0: 3 0x8000ef68 (0x083f2e23) mem 0x80010000 0x00000001
core   0: 0x8000ef6c (0x0000bfe5) c.j     pc - 8
core   0: 3 0x8000ef6c (0xbfe5)
core   0: 0x8000ef64 (0x00001f17) auipc   t5, 0x1
core   0: 3 0x8000ef64 (0x00001f17) x30 0x8000ff64
core   0: 0x8000ef68 (0x083f2e23) sw      gp, 156(t5)
core   0: 3 0x8000ef68 (0x083f2e23) mem 0x80010000 0x00000001
core   0: 0x8000ef6c (0x0000bfe5) c.j     pc - 8
core   0: 3 0x8000ef6c (0xbfe5)
core   0: 0x8000ef64 (0x00001f17) auipc   t5, 0x1
core   0: 3 0x8000ef64 (0x00001f17) x30 0x8000ff64
core   0: 0x8000ef68 (0x083f2e23) sw      gp, 156(t5)
core   0: 3 0x8000ef68 (0x083f2e23) mem 0x80010000 0x00000001
core   0: 0x8000ef6c (0x0000bfe5) c.j     pc - 8
core   0: 3 0x8000ef6c (0xbfe5)
core   0: 0x8000ef64 (0x00001f17) auipc   t5, 0x1
core   0: 3 0x8000ef64 (0x00001f17) x30 0x8000ff64
core   0: 0x8000ef68 (0x083f2e23) sw      gp, 156(t5)
core   0: 3 0x8000ef68 (0x083f2e23) mem 0x80010000 0x00000001
core   0: 0x8000ef6c (0x0000bfe5) c.j     pc - 8
core   0: 3 0x8000ef6c (0xbfe5)
core   0: 0x8000ef64 (0x00001f17) auipc   t5, 0x1
core   0: 3 0x8000ef64 (0x00001f17) x30 0x8000ff64
core   0: 0x8000ef68 (0x083f2e23) sw      gp, 156(t5)
core   0: 3 0x8000ef68 (0x083f2e23) mem 0x80010000 0x00000001
core   0: 0x8000ef6c (0x0000bfe5) c.j     pc - 8
core   0: 3 0x8000ef6c (0xbfe5)
core   0: 0x8000ef64 (0x00001f17) auipc   t5, 0x1
core   0: 3 0x8000ef64 (0x00001f17) x30 0x8000ff64
core   0: 0x8000ef68 (0x083f2e23) sw      gp, 156(t5)
core   0: 3 0x8000ef68 (0x083f2e23) mem 0x80010000 0x00000001
core   0: 0x8000ef6c (0x0000bfe5) c.j     pc - 8
core   0: 3 0x8000ef6c (0xbfe5)
core   0: 0x8000ef64 (0x00001f17) auipc   t5, 0x1
core   0: 3 0x8000ef64 (0x00001f17) x30 0x8000ff64
core   0: 0x8000ef68 (0x083f2e23) sw      gp, 156(t5)
core   0: 3 0x8000ef68 (0x083f2e23) mem 0x80010000 0x00000001
core   0: 0x8000ef6c (0x0000bfe5) c.j     pc - 8
core   0: 3 0x8000ef6c (0xbfe5)
core   0: 0x8000ef64 (0x00001f17) auipc   t5, 0x1
core   0: 3 0x8000ef64 (0x00001f17) x30 0x8000ff64
core   0: 0x8000ef68 (0x083f2e23) sw      gp, 156(t5)
core   0: 3 0x8000ef68 (0x083f2e23) mem 0x80010000 0x00000001
core   0: 0x8000ef6c (0x0000bfe5) c.j     pc - 8
core   0: 3 0x8000ef6c (0xbfe5)
core   0: 0x8000ef64 (0x00001f17) auipc   t5, 0x1
core   0: 3 0x8000ef64 (0x00001f17) x30 0x8000ff64
core   0: 0x8000ef68 (0x083f2e23) sw      gp, 156(t5)
core   0: 3 0x8000ef68 (0x083f2e23) mem 0x80010000 0x00000001
core   0: 0x8000ef6c (0x0000bfe5) c.j     pc - 8
core   0: 3 0x8000ef6c (0xbfe5)
core   0: 0x8000ef64 (0x00001f17) auipc   t5, 0x1
core   0: 3 0x8000ef64 (0x00001f17) x30 0x8000ff64
core   0: 0x8000ef68 (0x083f2e23) sw      gp, 156(t5)
core   0: 3 0x8000ef68 (0x083f2e23) mem 0x80010000 0x00000001
core   0: 0x8000ef6c (0x0000bfe5) c.j     pc - 8
core   0: 3 0x8000ef6c (0xbfe5)
core   0: 0x8000ef64 (0x00001f17) auipc   t5, 0x1
core   0: 3 0x8000ef64 (0x00001f17) x30 0x8000ff64
core   0: 0x8000ef68 (0x083f2e23) sw      gp, 156(t5)
core   0: 3 0x8000ef68 (0x083f2e23) mem 0x80010000 0x00000001
core   0: 0x8000ef6c (0x0000bfe5) c.j     pc - 8
core   0: 3 0x8000ef6c (0xbfe5)
core   0: 0x8000ef64 (0x00001f17) auipc   t5, 0x1
core   0: 3 0x8000ef64 (0x00001f17) x30 0x8000ff64
core   0: 0x8000ef68 (0x083f2e23) sw      gp, 156(t5)
core   0: 3 0x8000ef68 (0x083f2e23) mem 0x80010000 0x00000001
core   0: 0x8000ef6c (0x0000bfe5) c.j     pc - 8
core   0: 3 0x8000ef6c (0xbfe5)
core   0: 0x8000ef64 (0x00001f17) auipc   t5, 0x1
core   0: 3 0x8000ef64 (0x00001f17) x30 0x8000ff64
core   0: 0x8000ef68 (0x083f2e23) sw      gp, 156(t5)
core   0: 3 0x8000ef68 (0x083f2e23) mem 0x80010000 0x00000001
core   0: 0x8000ef6c (0x0000bfe5) c.j     pc - 8
core   0: 3 0x8000ef6c (0xbfe5)
core   0: 0x8000ef64 (0x00001f17) auipc   t5, 0x1
core   0: 3 0x8000ef64 (0x00001f17) x30 0x8000ff64
core   0: 0x8000ef68 (0x083f2e23) sw      gp, 156(t5)
core   0: 3 0x8000ef68 (0x083f2e23) mem 0x80010000 0x00000001
core   0: 0x8000ef6c (0x0000bfe5) c.j     pc - 8
core   0: 3 0x8000ef6c (0xbfe5)
core   0: 0x8000ef64 (0x00001f17) auipc   t5, 0x1
core   0: 3 0x8000ef64 (0x00001f17) x30 0x8000ff64
core   0: 0x8000ef68 (0x083f2e23) sw      gp, 156(t5)
core   0: 3 0x8000ef68 (0x083f2e23) mem 0x80010000 0x00000001
core   0: 0x8000ef6c (0x0000bfe5) c.j     pc - 8
core   0: 3 0x8000ef6c (0xbfe5)
core   0: 0x8000ef64 (0x00001f17) auipc   t5, 0x1
core   0: 3 0x8000ef64 (0x00001f17) x30 0x8000ff64
core   0: 0x8000ef68 (0x083f2e23) sw      gp, 156(t5)
core   0: 3 0x8000ef68 (0x083f2e23) mem 0x80010000 0x00000001
core   0: 0x8000ef6c (0x0000bfe5) c.j     pc - 8
core   0: 3 0x8000ef6c (0xbfe5)
core   0: 0x8000ef64 (0x00001f17) auipc   t5, 0x1
core   0: 3 0x8000ef64 (0x00001f17) x30 0x8000ff64
core   0: 0x8000ef68 (0x083f2e23) sw      gp, 156(t5)
core   0: 3 0x8000ef68 (0x083f2e23) mem 0x80010000 0x00000001
core   0: 0x8000ef6c (0x0000bfe5) c.j     pc - 8
core   0: 3 0x8000ef6c (0xbfe5)
core   0: 0x8000ef64 (0x00001f17) auipc   t5, 0x1
core   0: 3 0x8000ef64 (0x00001f17) x30 0x8000ff64
core   0: 0x8000ef68 (0x083f2e23) sw      gp, 156(t5)
core   0: 3 0x8000ef68 (0x083f2e23) mem 0x80010000 0x00000001
core   0: 0x8000ef6c (0x0000bfe5) c.j     pc - 8
core   0: 3 0x8000ef6c (0xbfe5)
core   0: 0x8000ef64 (0x00001f17) auipc   t5, 0x1
core   0: 3 0x8000ef64 (0x00001f17) x30 0x8000ff64
core   0: 0x8000ef68 (0x083f2e23) sw      gp, 156(t5)
core   0: 3 0x8000ef68 (0x083f2e23) mem 0x80010000 0x00000001
core   0: 0x8000ef6c (0x0000bfe5) c.j     pc - 8
core   0: 3 0x8000ef6c (0xbfe5)
core   0: 0x8000ef64 (0x00001f17) auipc   t5, 0x1
core   0: 3 0x8000ef64 (0x00001f17) x30 0x8000ff64
core   0: 0x8000ef68 (0x083f2e23) sw      gp, 156(t5)
core   0: 3 0x8000ef68 (0x083f2e23) mem 0x80010000 0x00000001
core   0: 0x8000ef6c (0x0000bfe5) c.j     pc - 8
core   0: 3 0x8000ef6c (0xbfe5)
core   0: 0x8000ef64 (0x00001f17) auipc   t5, 0x1
core   0: 3 0x8000ef64 (0x00001f17) x30 0x8000ff64
core   0: 0x8000ef68 (0x083f2e23) sw      gp, 156(t5)
core   0: 3 0x8000ef68 (0x083f2e23) mem 0x80010000 0x00000001
core   0: 0x8000ef6c (0x0000bfe5) c.j     pc - 8
core   0: 3 0x8000ef6c (0xbfe5)
core   0: 0x8000ef64 (0x00001f17) auipc   t5, 0x1
core   0: 3 0x8000ef64 (0x00001f17) x30 0x8000ff64
core   0: 0x8000ef68 (0x083f2e23) sw      gp, 156(t5)
core   0: 3 0x8000ef68 (0x083f2e23) mem 0x80010000 0x00000001
core   0: 0x8000ef6c (0x0000bfe5) c.j     pc - 8
core   0: 3 0x8000ef6c (0xbfe5)
core   0: 0x8000ef64 (0x00001f17) auipc   t5, 0x1
core   0: 3 0x8000ef64 (0x00001f17) x30 0x8000ff64
core   0: 0x8000ef68 (0x083f2e23) sw      gp, 156(t5)
core   0: 3 0x8000ef68 (0x083f2e23) mem 0x80010000 0x00000001
core   0: 0x8000ef6c (0x0000bfe5) c.j     pc - 8
core   0: 3 0x8000ef6c (0xbfe5)
core   0: 0x8000ef64 (0x00001f17) auipc   t5, 0x1
core   0: 3 0x8000ef64 (0x00001f17) x30 0x8000ff64
core   0: 0x8000ef68 (0x083f2e23) sw      gp, 156(t5)
core   0: 3 0x8000ef68 (0x083f2e23) mem 0x80010000 0x00000001
core   0: 0x8000ef6c (0x0000bfe5) c.j     pc - 8
core   0: 3 0x8000ef6c (0xbfe5)
core   0: 0x8000ef64 (0x00001f17) auipc   t5, 0x1
core   0: 3 0x8000ef64 (0x00001f17) x30 0x8000ff64
core   0: 0x8000ef68 (0x083f2e23) sw      gp, 156(t5)
core   0: 3 0x8000ef68 (0x083f2e23) mem 0x80010000 0x00000001
core   0: 0x8000ef6c (0x0000bfe5) c.j     pc - 8
core   0: 3 0x8000ef6c (0xbfe5)
core   0: 0x8000ef64 (0x00001f17) auipc   t5, 0x1
core   0: 3 0x8000ef64 (0x00001f17) x30 0x8000ff64
core   0: 0x8000ef68 (0x083f2e23) sw      gp, 156(t5)
core   0: 3 0x8000ef68 (0x083f2e23) mem 0x80010000 0x00000001
core   0: 0x8000ef6c (0x0000bfe5) c.j     pc - 8
core   0: 3 0x8000ef6c (0xbfe5)
core   0: 0x8000ef64 (0x00001f17) auipc   t5, 0x1
core   0: 3 0x8000ef64 (0x00001f17) x30 0x8000ff64
core   0: 0x8000ef68 (0x083f2e23) sw      gp, 156(t5)
core   0: 3 0x8000ef68 (0x083f2e23) mem 0x80010000 0x00000001
core   0: 0x8000ef6c (0x0000bfe5) c.j     pc - 8
core   0: 3 0x8000ef6c (0xbfe5)
core   0: 0x8000ef64 (0x00001f17) auipc   t5, 0x1
core   0: 3 0x8000ef64 (0x00001f17) x30 0x8000ff64
core   0: 0x8000ef68 (0x083f2e23) sw      gp, 156(t5)
core   0: 3 0x8000ef68 (0x083f2e23) mem 0x80010000 0x00000001
core   0: 0x8000ef6c (0x0000bfe5) c.j     pc - 8
core   0: 3 0x8000ef6c (0xbfe5)
core   0: 0x8000ef64 (0x00001f17) auipc   t5, 0x1
core   0: 3 0x8000ef64 (0x00001f17) x30 0x8000ff64
core   0: 0x8000ef68 (0x083f2e23) sw      gp, 156(t5)
core   0: 3 0x8000ef68 (0x083f2e23) mem 0x80010000 0x00000001
core   0: 0x8000ef6c (0x0000bfe5) c.j     pc - 8
core   0: 3 0x8000ef6c (0xbfe5)
core   0: 0x8000ef64 (0x00001f17) auipc   t5, 0x1
core   0: 3 0x8000ef64 (0x00001f17) x30 0x8000ff64
core   0: 0x8000ef68 (0x083f2e23) sw      gp, 156(t5)
core   0: 3 0x8000ef68 (0x083f2e23) mem 0x80010000 0x00000001
core   0: 0x8000ef6c (0x0000bfe5) c.j     pc - 8
core   0: 3 0x8000ef6c (0xbfe5)
core   0: 0x8000ef64 (0x00001f17) auipc   t5, 0x1
core   0: 3 0x8000ef64 (0x00001f17) x30 0x8000ff64
core   0: 0x8000ef68 (0x083f2e23) sw      gp, 156(t5)
core   0: 3 0x8000ef68 (0x083f2e23) mem 0x80010000 0x00000001
core   0: 0x8000ef6c (0x0000bfe5) c.j     pc - 8
core   0: 3 0x8000ef6c (0xbfe5)
core   0: 0x8000ef64 (0x00001f17) auipc   t5, 0x1
core   0: 3 0x8000ef64 (0x00001f17) x30 0x8000ff64
core   0: 0x8000ef68 (0x083f2e23) sw      gp, 156(t5)
core   0: 3 0x8000ef68 (0x083f2e23) mem 0x80010000 0x00000001
core   0: 0x8000ef6c (0x0000bfe5) c.j     pc - 8
core   0: 3 0x8000ef6c (0xbfe5)
core   0: 0x8000ef64 (0x00001f17) auipc   t5, 0x1
core   0: 3 0x8000ef64 (0x00001f17) x30 0x8000ff64
core   0: 0x8000ef68 (0x083f2e23) sw      gp, 156(t5)
core   0: 3 0x8000ef68 (0x083f2e23) mem 0x80010000 0x00000001
core   0: 0x8000ef6c (0x0000bfe5) c.j     pc - 8
core   0: 3 0x8000ef6c (0xbfe5)
core   0: 0x8000ef64 (0x00001f17) auipc   t5, 0x1
core   0: 3 0x8000ef64 (0x00001f17) x30 0x8000ff64
core   0: 0x8000ef68 (0x083f2e23) sw      gp, 156(t5)
core   0: 3 0x8000ef68 (0x083f2e23) mem 0x80010000 0x00000001
core   0: 0x8000ef6c (0x0000bfe5) c.j     pc - 8
core   0: 3 0x8000ef6c (0xbfe5)
core   0: 0x8000ef64 (0x00001f17) auipc   t5, 0x1
core   0: 3 0x8000ef64 (0x00001f17) x30 0x8000ff64
core   0: 0x8000ef68 (0x083f2e23) sw      gp, 156(t5)
core   0: 3 0x8000ef68 (0x083f2e23) mem 0x80010000 0x00000001
core   0: 0x8000ef6c (0x0000bfe5) c.j     pc - 8
core   0: 3 0x8000ef6c (0xbfe5)
core   0: 0x8000ef64 (0x00001f17) auipc   t5, 0x1
core   0: 3 0x8000ef64 (0x00001f17) x30 0x8000ff64
core   0: 0x8000ef68 (0x083f2e23) sw      gp, 156(t5)
core   0: 3 0x8000ef68 (0x083f2e23) mem 0x80010000 0x00000001
core   0: 0x8000ef6c (0x0000bfe5) c.j     pc - 8
core   0: 3 0x8000ef6c (0xbfe5)
core   0: 0x8000ef64 (0x00001f17) auipc   t5, 0x1
core   0: 3 0x8000ef64 (0x00001f17) x30 0x8000ff64
core   0: 0x8000ef68 (0x083f2e23) sw      gp, 156(t5)
core   0: 3 0x8000ef68 (0x083f2e23) mem 0x80010000 0x00000001
core   0: 0x8000ef6c (0x0000bfe5) c.j     pc - 8
core   0: 3 0x8000ef6c (0xbfe5)
core   0: 0x8000ef64 (0x00001f17) auipc   t5, 0x1
core   0: 3 0x8000ef64 (0x00001f17) x30 0x8000ff64
core   0: 0x8000ef68 (0x083f2e23) sw      gp, 156(t5)
core   0: 3 0x8000ef68 (0x083f2e23) mem 0x80010000 0x00000001
core   0: 0x8000ef6c (0x0000bfe5) c.j     pc - 8
core   0: 3 0x8000ef6c (0xbfe5)
core   0: 0x8000ef64 (0x00001f17) auipc   t5, 0x1
core   0: 3 0x8000ef64 (0x00001f17) x30 0x8000ff64
core   0: 0x8000ef68 (0x083f2e23) sw      gp, 156(t5)
core   0: 3 0x8000ef68 (0x083f2e23) mem 0x80010000 0x00000001
core   0: 0x8000ef6c (0x0000bfe5) c.j     pc - 8
core   0: 3 0x8000ef6c (0xbfe5)
core   0: 0x8000ef64 (0x00001f17) auipc   t5, 0x1
core   0: 3 0x8000ef64 (0x00001f17) x30 0x8000ff64
core   0: 0x8000ef68 (0x083f2e23) sw      gp, 156(t5)
core   0: 3 0x8000ef68 (0x083f2e23) mem 0x80010000 0x00000001
core   0: 0x8000ef6c (0x0000bfe5) c.j     pc - 8
core   0: 3 0x8000ef6c (0xbfe5)
core   0: 0x8000ef64 (0x00001f17) auipc   t5, 0x1
core   0: 3 0x8000ef64 (0x00001f17) x30 0x8000ff64
core   0: 0x8000ef68 (0x083f2e23) sw      gp, 156(t5)
core   0: 3 0x8000ef68 (0x083f2e23) mem 0x80010000 0x00000001
core   0: 0x8000ef6c (0x0000bfe5) c.j     pc - 8
core   0: 3 0x8000ef6c (0xbfe5)
core   0: 0x8000ef64 (0x00001f17) auipc   t5, 0x1
core   0: 3 0x8000ef64 (0x00001f17) x30 0x8000ff64
core   0: 0x8000ef68 (0x083f2e23) sw      gp, 156(t5)
core   0: 3 0x8000ef68 (0x083f2e23) mem 0x80010000 0x00000001
core   0: 0x8000ef6c (0x0000bfe5) c.j     pc - 8
core   0: 3 0x8000ef6c (0xbfe5)
core   0: 0x8000ef64 (0x00001f17) auipc   t5, 0x1
core   0: 3 0x8000ef64 (0x00001f17) x30 0x8000ff64
core   0: 0x8000ef68 (0x083f2e23) sw      gp, 156(t5)
core   0: 3 0x8000ef68 (0x083f2e23) mem 0x80010000 0x00000001
core   0: 0x8000ef6c (0x0000bfe5) c.j     pc - 8
core   0: 3 0x8000ef6c (0xbfe5)
core   0: 0x8000ef64 (0x00001f17) auipc   t5, 0x1
core   0: 3 0x8000ef64 (0x00001f17) x30 0x8000ff64
core   0: 0x8000ef68 (0x083f2e23) sw      gp, 156(t5)
core   0: 3 0x8000ef68 (0x083f2e23) mem 0x80010000 0x00000001
core   0: 0x8000ef6c (0x0000bfe5) c.j     pc - 8
core   0: 3 0x8000ef6c (0xbfe5)
core   0: 0x8000ef64 (0x00001f17) auipc   t5, 0x1
core   0: 3 0x8000ef64 (0x00001f17) x30 0x8000ff64
core   0: 0x8000ef68 (0x083f2e23) sw      gp, 156(t5)
core   0: 3 0x8000ef68 (0x083f2e23) mem 0x80010000 0x00000001
core   0: 0x8000ef6c (0x0000bfe5) c.j     pc - 8
core   0: 3 0x8000ef6c (0xbfe5)
core   0: 0x8000ef64 (0x00001f17) auipc   t5, 0x1
core   0: 3 0x8000ef64 (0x00001f17) x30 0x8000ff64
core   0: 0x8000ef68 (0x083f2e23) sw      gp, 156(t5)
core   0: 3 0x8000ef68 (0x083f2e23) mem 0x80010000 0x00000001
core   0: 0x8000ef6c (0x0000bfe5) c.j     pc - 8
core   0: 3 0x8000ef6c (0xbfe5)
core   0: 0x8000ef64 (0x00001f17) auipc   t5, 0x1
core   0: 3 0x8000ef64 (0x00001f17) x30 0x8000ff64
core   0: 0x8000ef68 (0x083f2e23) sw      gp, 156(t5)
core   0: 3 0x8000ef68 (0x083f2e23) mem 0x80010000 0x00000001
core   0: 0x8000ef6c (0x0000bfe5) c.j     pc - 8
core   0: 3 0x8000ef6c (0xbfe5)
core   0: 0x8000ef64 (0x00001f17) auipc   t5, 0x1
core   0: 3 0x8000ef64 (0x00001f17) x30 0x8000ff64
core   0: 0x8000ef68 (0x083f2e23) sw      gp, 156(t5)
core   0: 3 0x8000ef68 (0x083f2e23) mem 0x80010000 0x00000001
core   0: 0x8000ef6c (0x0000bfe5) c.j     pc - 8
core   0: 3 0x8000ef6c (0xbfe5)
core   0: 0x8000ef64 (0x00001f17) auipc   t5, 0x1
core   0: 3 0x8000ef64 (0x00001f17) x30 0x8000ff64
core   0: 0x8000ef68 (0x083f2e23) sw      gp, 156(t5)
core   0: 3 0x8000ef68 (0x083f2e23) mem 0x80010000 0x00000001
core   0: 0x8000ef6c (0x0000bfe5) c.j     pc - 8
core   0: 3 0x8000ef6c (0xbfe5)
core   0: 0x8000ef64 (0x00001f17) auipc   t5, 0x1
core   0: 3 0x8000ef64 (0x00001f17) x30 0x8000ff64
core   0: 0x8000ef68 (0x083f2e23) sw      gp, 156(t5)
core   0: 3 0x8000ef68 (0x083f2e23) mem 0x80010000 0x00000001
core   0: 0x8000ef6c (0x0000bfe5) c.j     pc - 8
core   0: 3 0x8000ef6c (0xbfe5)
core   0: 0x8000ef64 (0x00001f17) auipc   t5, 0x1
core   0: 3 0x8000ef64 (0x00001f17) x30 0x8000ff64
core   0: 0x8000ef68 (0x083f2e23) sw      gp, 156(t5)
core   0: 3 0x8000ef68 (0x083f2e23) mem 0x80010000 0x00000001
core   0: 0x8000ef6c (0x0000bfe5) c.j     pc - 8
core   0: 3 0x8000ef6c (0xbfe5)
core   0: 0x8000ef64 (0x00001f17) auipc   t5, 0x1
core   0: 3 0x8000ef64 (0x00001f17) x30 0x8000ff64
core   0: 0x8000ef68 (0x083f2e23) sw      gp, 156(t5)
core   0: 3 0x8000ef68 (0x083f2e23) mem 0x80010000 0x00000001
core   0: 0x8000ef6c (0x0000bfe5) c.j     pc - 8
core   0: 3 0x8000ef6c (0xbfe5)
core   0: 0x8000ef64 (0x00001f17) auipc   t5, 0x1
core   0: 3 0x8000ef64 (0x00001f17) x30 0x8000ff64
core   0: 0x8000ef68 (0x083f2e23) sw      gp, 156(t5)
core   0: 3 0x8000ef68 (0x083f2e23) mem 0x80010000 0x00000001
core   0: 0x8000ef6c (0x0000bfe5) c.j     pc - 8
core   0: 3 0x8000ef6c (0xbfe5)
core   0: 0x8000ef64 (0x00001f17) auipc   t5, 0x1
core   0: 3 0x8000ef64 (0x00001f17) x30 0x8000ff64
core   0: 0x8000ef68 (0x083f2e23) sw      gp, 156(t5)
core   0: 3 0x8000ef68 (0x083f2e23) mem 0x80010000 0x00000001
core   0: 0x8000ef6c (0x0000bfe5) c.j     pc - 8
core   0: 3 0x8000ef6c (0xbfe5)
core   0: 0x8000ef64 (0x00001f17) auipc   t5, 0x1
core   0: 3 0x8000ef64 (0x00001f17) x30 0x8000ff64
core   0: 0x8000ef68 (0x083f2e23) sw      gp, 156(t5)
core   0: 3 0x8000ef68 (0x083f2e23) mem 0x80010000 0x00000001
core   0: 0x8000ef6c (0x0000bfe5) c.j     pc - 8
core   0: 3 0x8000ef6c (0xbfe5)
core   0: 0x8000ef64 (0x00001f17) auipc   t5, 0x1
core   0: 3 0x8000ef64 (0x00001f17) x30 0x8000ff64
core   0: 0x8000ef68 (0x083f2e23) sw      gp, 156(t5)
core   0: 3 0x8000ef68 (0x083f2e23) mem 0x80010000 0x00000001
core   0: 0x8000ef6c (0x0000bfe5) c.j     pc - 8
core   0: 3 0x8000ef6c (0xbfe5)
core   0: 0x8000ef64 (0x00001f17) auipc   t5, 0x1
core   0: 3 0x8000ef64 (0x00001f17) x30 0x8000ff64
core   0: 0x8000ef68 (0x083f2e23) sw      gp, 156(t5)
core   0: 3 0x8000ef68 (0x083f2e23) mem 0x80010000 0x00000001
core   0: 0x8000ef6c (0x0000bfe5) c.j     pc - 8
core   0: 3 0x8000ef6c (0xbfe5)
core   0: 0x8000ef64 (0x00001f17) auipc   t5, 0x1
core   0: 3 0x8000ef64 (0x00001f17) x30 0x8000ff64
core   0: 0x8000ef68 (0x083f2e23) sw      gp, 156(t5)
core   0: 3 0x8000ef68 (0x083f2e23) mem 0x80010000 0x00000001
core   0: 0x8000ef6c (0x0000bfe5) c.j     pc - 8
core   0: 3 0x8000ef6c (0xbfe5)
core   0: 0x8000ef64 (0x00001f17) auipc   t5, 0x1
core   0: 3 0x8000ef64 (0x00001f17) x30 0x8000ff64
core   0: 0x8000ef68 (0x083f2e23) sw      gp, 156(t5)
core   0: 3 0x8000ef68 (0x083f2e23) mem 0x80010000 0x00000001
core   0: 0x8000ef6c (0x0000bfe5) c.j     pc - 8
core   0: 3 0x8000ef6c (0xbfe5)
core   0: 0x8000ef64 (0x00001f17) auipc   t5, 0x1
core   0: 3 0x8000ef64 (0x00001f17) x30 0x8000ff64
core   0: 0x8000ef68 (0x083f2e23) sw      gp, 156(t5)
core   0: 3 0x8000ef68 (0x083f2e23) mem 0x80010000 0x00000001
core   0: 0x8000ef6c (0x0000bfe5) c.j     pc - 8
core   0: 3 0x8000ef6c (0xbfe5)
core   0: 0x8000ef64 (0x00001f17) auipc   t5, 0x1
core   0: 3 0x8000ef64 (0x00001f17) x30 0x8000ff64
core   0: 0x8000ef68 (0x083f2e23) sw      gp, 156(t5)
core   0: 3 0x8000ef68 (0x083f2e23) mem 0x80010000 0x00000001
core   0: 0x8000ef6c (0x0000bfe5) c.j     pc - 8
core   0: 3 0x8000ef6c (0xbfe5)
core   0: 0x8000ef64 (0x00001f17) auipc   t5, 0x1
core   0: 3 0x8000ef64 (0x00001f17) x30 0x8000ff64
core   0: 0x8000ef68 (0x083f2e23) sw      gp, 156(t5)
core   0: 3 0x8000ef68 (0x083f2e23) mem 0x80010000 0x00000001
core   0: 0x8000ef6c (0x0000bfe5) c.j     pc - 8
core   0: 3 0x8000ef6c (0xbfe5)
core   0: 0x8000ef64 (0x00001f17) auipc   t5, 0x1
core   0: 3 0x8000ef64 (0x00001f17) x30 0x8000ff64
core   0: 0x8000ef68 (0x083f2e23) sw      gp, 156(t5)
core   0: 3 0x8000ef68 (0x083f2e23) mem 0x80010000 0x00000001
core   0: 0x8000ef6c (0x0000bfe5) c.j     pc - 8
core   0: 3 0x8000ef6c (0xbfe5)
core   0: 0x8000ef64 (0x00001f17) auipc   t5, 0x1
core   0: 3 0x8000ef64 (0x00001f17) x30 0x8000ff64
core   0: 0x8000ef68 (0x083f2e23) sw      gp, 156(t5)
core   0: 3 0x8000ef68 (0x083f2e23) mem 0x80010000 0x00000001
core   0: 0x8000ef6c (0x0000bfe5) c.j     pc - 8
core   0: 3 0x8000ef6c (0xbfe5)
core   0: 0x8000ef64 (0x00001f17) auipc   t5, 0x1
core   0: 3 0x8000ef64 (0x00001f17) x30 0x8000ff64
core   0: 0x8000ef68 (0x083f2e23) sw      gp, 156(t5)
core   0: 3 0x8000ef68 (0x083f2e23) mem 0x80010000 0x00000001
core   0: 0x8000ef6c (0x0000bfe5) c.j     pc - 8
core   0: 3 0x8000ef6c (0xbfe5)
core   0: 0x8000ef64 (0x00001f17) auipc   t5, 0x1
core   0: 3 0x8000ef64 (0x00001f17) x30 0x8000ff64
core   0: 0x8000ef68 (0x083f2e23) sw      gp, 156(t5)
core   0: 3 0x8000ef68 (0x083f2e23) mem 0x80010000 0x00000001
core   0: 0x8000ef6c (0x0000bfe5) c.j     pc - 8
core   0: 3 0x8000ef6c (0xbfe5)
core   0: 0x8000ef64 (0x00001f17) auipc   t5, 0x1
core   0: 3 0x8000ef64 (0x00001f17) x30 0x8000ff64
core   0: 0x8000ef68 (0x083f2e23) sw      gp, 156(t5)
core   0: 3 0x8000ef68 (0x083f2e23) mem 0x80010000 0x00000001
core   0: 0x8000ef6c (0x0000bfe5) c.j     pc - 8
core   0: 3 0x8000ef6c (0xbfe5)
core   0: 0x8000ef64 (0x00001f17) auipc   t5, 0x1
core   0: 3 0x8000ef64 (0x00001f17) x30 0x8000ff64
core   0: 0x8000ef68 (0x083f2e23) sw      gp, 156(t5)
core   0: 3 0x8000ef68 (0x083f2e23) mem 0x80010000 0x00000001
core   0: 0x8000ef6c (0x0000bfe5) c.j     pc - 8
core   0: 3 0x8000ef6c (0xbfe5)
core   0: 0x8000ef64 (0x00001f17) auipc   t5, 0x1
core   0: 3 0x8000ef64 (0x00001f17) x30 0x8000ff64
core   0: 0x8000ef68 (0x083f2e23) sw      gp, 156(t5)
core   0: 3 0x8000ef68 (0x083f2e23) mem 0x80010000 0x00000001
core   0: 0x8000ef6c (0x0000bfe5) c.j     pc - 8
core   0: 3 0x8000ef6c (0xbfe5)
core   0: 0x8000ef64 (0x00001f17) auipc   t5, 0x1
core   0: 3 0x8000ef64 (0x00001f17) x30 0x8000ff64
core   0: 0x8000ef68 (0x083f2e23) sw      gp, 156(t5)
core   0: 3 0x8000ef68 (0x083f2e23) mem 0x80010000 0x00000001
core   0: 0x8000ef6c (0x0000bfe5) c.j     pc - 8
core   0: 3 0x8000ef6c (0xbfe5)
core   0: 0x8000ef64 (0x00001f17) auipc   t5, 0x1
core   0: 3 0x8000ef64 (0x00001f17) x30 0x8000ff64
core   0: 0x8000ef68 (0x083f2e23) sw      gp, 156(t5)
core   0: 3 0x8000ef68 (0x083f2e23) mem 0x80010000 0x00000001
core   0: 0x8000ef6c (0x0000bfe5) c.j     pc - 8
core   0: 3 0x8000ef6c (0xbfe5)
core   0: 0x8000ef64 (0x00001f17) auipc   t5, 0x1
core   0: 3 0x8000ef64 (0x00001f17) x30 0x8000ff64
core   0: 0x8000ef68 (0x083f2e23) sw      gp, 156(t5)
core   0: 3 0x8000ef68 (0x083f2e23) mem 0x80010000 0x00000001
core   0: 0x8000ef6c (0x0000bfe5) c.j     pc - 8
core   0: 3 0x8000ef6c (0xbfe5)
core   0: 0x8000ef64 (0x00001f17) auipc   t5, 0x1
core   0: 3 0x8000ef64 (0x00001f17) x30 0x8000ff64
core   0: 0x8000ef68 (0x083f2e23) sw      gp, 156(t5)
core   0: 3 0x8000ef68 (0x083f2e23) mem 0x80010000 0x00000001
core   0: 0x8000ef6c (0x0000bfe5) c.j     pc - 8
core   0: 3 0x8000ef6c (0xbfe5)
core   0: 0x8000ef64 (0x00001f17) auipc   t5, 0x1
core   0: 3 0x8000ef64 (0x00001f17) x30 0x8000ff64
core   0: 0x8000ef68 (0x083f2e23) sw      gp, 156(t5)
core   0: 3 0x8000ef68 (0x083f2e23) mem 0x80010000 0x00000001
core   0: 0x8000ef6c (0x0000bfe5) c.j     pc - 8
core   0: 3 0x8000ef6c (0xbfe5)
core   0: 0x8000ef64 (0x00001f17) auipc   t5, 0x1
core   0: 3 0x8000ef64 (0x00001f17) x30 0x8000ff64
core   0: 0x8000ef68 (0x083f2e23) sw      gp, 156(t5)
core   0: 3 0x8000ef68 (0x083f2e23) mem 0x80010000 0x00000001
core   0: 0x8000ef6c (0x0000bfe5) c.j     pc - 8
core   0: 3 0x8000ef6c (0xbfe5)
core   0: 0x8000ef64 (0x00001f17) auipc   t5, 0x1
core   0: 3 0x8000ef64 (0x00001f17) x30 0x8000ff64
core   0: 0x8000ef68 (0x083f2e23) sw      gp, 156(t5)
core   0: 3 0x8000ef68 (0x083f2e23) mem 0x80010000 0x00000001
core   0: 0x8000ef6c (0x0000bfe5) c.j     pc - 8
core   0: 3 0x8000ef6c (0xbfe5)
core   0: 0x8000ef64 (0x00001f17) auipc   t5, 0x1
core   0: 3 0x8000ef64 (0x00001f17) x30 0x8000ff64
core   0: 0x8000ef68 (0x083f2e23) sw      gp, 156(t5)
core   0: 3 0x8000ef68 (0x083f2e23) mem 0x80010000 0x00000001
core   0: 0x8000ef6c (0x0000bfe5) c.j     pc - 8
core   0: 3 0x8000ef6c (0xbfe5)
core   0: 0x8000ef64 (0x00001f17) auipc   t5, 0x1
core   0: 3 0x8000ef64 (0x00001f17) x30 0x8000ff64
core   0: 0x8000ef68 (0x083f2e23) sw      gp, 156(t5)
core   0: 3 0x8000ef68 (0x083f2e23) mem 0x80010000 0x00000001
core   0: 0x8000ef6c (0x0000bfe5) c.j     pc - 8
core   0: 3 0x8000ef6c (0xbfe5)
core   0: 0x8000ef64 (0x00001f17) auipc   t5, 0x1
core   0: 3 0x8000ef64 (0x00001f17) x30 0x8000ff64
core   0: 0x8000ef68 (0x083f2e23) sw      gp, 156(t5)
core   0: 3 0x8000ef68 (0x083f2e23) mem 0x80010000 0x00000001
core   0: 0x8000ef6c (0x0000bfe5) c.j     pc - 8
core   0: 3 0x8000ef6c (0xbfe5)
core   0: 0x8000ef64 (0x00001f17) auipc   t5, 0x1
core   0: 3 0x8000ef64 (0x00001f17) x30 0x8000ff64
core   0: 0x8000ef68 (0x083f2e23) sw      gp, 156(t5)
core   0: 3 0x8000ef68 (0x083f2e23) mem 0x80010000 0x00000001
core   0: 0x8000ef6c (0x0000bfe5) c.j     pc - 8
core   0: 3 0x8000ef6c (0xbfe5)
core   0: 0x8000ef64 (0x00001f17) auipc   t5, 0x1
core   0: 3 0x8000ef64 (0x00001f17) x30 0x8000ff64
core   0: 0x8000ef68 (0x083f2e23) sw      gp, 156(t5)
core   0: 3 0x8000ef68 (0x083f2e23) mem 0x80010000 0x00000001
core   0: 0x8000ef6c (0x0000bfe5) c.j     pc - 8
core   0: 3 0x8000ef6c (0xbfe5)
core   0: 0x8000ef64 (0x00001f17) auipc   t5, 0x1
core   0: 3 0x8000ef64 (0x00001f17) x30 0x8000ff64
core   0: 0x8000ef68 (0x083f2e23) sw      gp, 156(t5)
core   0: 3 0x8000ef68 (0x083f2e23) mem 0x80010000 0x00000001
core   0: 0x8000ef6c (0x0000bfe5) c.j     pc - 8
core   0: 3 0x8000ef6c (0xbfe5)
core   0: 0x8000ef64 (0x00001f17) auipc   t5, 0x1
core   0: 3 0x8000ef64 (0x00001f17) x30 0x8000ff64
core   0: 0x8000ef68 (0x083f2e23) sw      gp, 156(t5)
core   0: 3 0x8000ef68 (0x083f2e23) mem 0x80010000 0x00000001
core   0: 0x8000ef6c (0x0000bfe5) c.j     pc - 8
core   0: 3 0x8000ef6c (0xbfe5)
core   0: 0x8000ef64 (0x00001f17) auipc   t5, 0x1
core   0: 3 0x8000ef64 (0x00001f17) x30 0x8000ff64
core   0: 0x8000ef68 (0x083f2e23) sw      gp, 156(t5)
core   0: 3 0x8000ef68 (0x083f2e23) mem 0x80010000 0x00000001
core   0: 0x8000ef6c (0x0000bfe5) c.j     pc - 8
core   0: 3 0x8000ef6c (0xbfe5)
core   0: 0x8000ef64 (0x00001f17) auipc   t5, 0x1
core   0: 3 0x8000ef64 (0x00001f17) x30 0x8000ff64
core   0: 0x8000ef68 (0x083f2e23) sw      gp, 156(t5)
core   0: 3 0x8000ef68 (0x083f2e23) mem 0x80010000 0x00000001
core   0: 0x8000ef6c (0x0000bfe5) c.j     pc - 8
core   0: 3 0x8000ef6c (0xbfe5)
core   0: 0x8000ef64 (0x00001f17) auipc   t5, 0x1
core   0: 3 0x8000ef64 (0x00001f17) x30 0x8000ff64
core   0: 0x8000ef68 (0x083f2e23) sw      gp, 156(t5)
core   0: 3 0x8000ef68 (0x083f2e23) mem 0x80010000 0x00000001
core   0: 0x8000ef6c (0x0000bfe5) c.j     pc - 8
core   0: 3 0x8000ef6c (0xbfe5)
core   0: 0x8000ef64 (0x00001f17) auipc   t5, 0x1
core   0: 3 0x8000ef64 (0x00001f17) x30 0x8000ff64
core   0: 0x8000ef68 (0x083f2e23) sw      gp, 156(t5)
core   0: 3 0x8000ef68 (0x083f2e23) mem 0x80010000 0x00000001
core   0: 0x8000ef6c (0x0000bfe5) c.j     pc - 8
core   0: 3 0x8000ef6c (0xbfe5)
core   0: 0x8000ef64 (0x00001f17) auipc   t5, 0x1
core   0: 3 0x8000ef64 (0x00001f17) x30 0x8000ff64
core   0: 0x8000ef68 (0x083f2e23) sw      gp, 156(t5)
core   0: 3 0x8000ef68 (0x083f2e23) mem 0x80010000 0x00000001
core   0: 0x8000ef6c (0x0000bfe5) c.j     pc - 8
core   0: 3 0x8000ef6c (0xbfe5)
core   0: 0x8000ef64 (0x00001f17) auipc   t5, 0x1
core   0: 3 0x8000ef64 (0x00001f17) x30 0x8000ff64
core   0: 0x8000ef68 (0x083f2e23) sw      gp, 156(t5)
core   0: 3 0x8000ef68 (0x083f2e23) mem 0x80010000 0x00000001
core   0: 0x8000ef6c (0x0000bfe5) c.j     pc - 8
core   0: 3 0x8000ef6c (0xbfe5)
core   0: 0x8000ef64 (0x00001f17) auipc   t5, 0x1
core   0: 3 0x8000ef64 (0x00001f17) x30 0x8000ff64
core   0: 0x8000ef68 (0x083f2e23) sw      gp, 156(t5)
core   0: 3 0x8000ef68 (0x083f2e23) mem 0x80010000 0x00000001
core   0: 0x8000ef6c (0x0000bfe5) c.j     pc - 8
core   0: 3 0x8000ef6c (0xbfe5)
core   0: 0x8000ef64 (0x00001f17) auipc   t5, 0x1
core   0: 3 0x8000ef64 (0x00001f17) x30 0x8000ff64
core   0: 0x8000ef68 (0x083f2e23) sw      gp, 156(t5)
core   0: 3 0x8000ef68 (0x083f2e23) mem 0x80010000 0x00000001
core   0: 0x8000ef6c (0x0000bfe5) c.j     pc - 8
core   0: 3 0x8000ef6c (0xbfe5)
core   0: 0x8000ef64 (0x00001f17) auipc   t5, 0x1
core   0: 3 0x8000ef64 (0x00001f17) x30 0x8000ff64
core   0: 0x8000ef68 (0x083f2e23) sw      gp, 156(t5)
core   0: 3 0x8000ef68 (0x083f2e23) mem 0x80010000 0x00000001
core   0: 0x8000ef6c (0x0000bfe5) c.j     pc - 8
core   0: 3 0x8000ef6c (0xbfe5)
core   0: 0x8000ef64 (0x00001f17) auipc   t5, 0x1
core   0: 3 0x8000ef64 (0x00001f17) x30 0x8000ff64
core   0: 0x8000ef68 (0x083f2e23) sw      gp, 156(t5)
core   0: 3 0x8000ef68 (0x083f2e23) mem 0x80010000 0x00000001
core   0: 0x8000ef6c (0x0000bfe5) c.j     pc - 8
core   0: 3 0x8000ef6c (0xbfe5)
core   0: 0x8000ef64 (0x00001f17) auipc   t5, 0x1
core   0: 3 0x8000ef64 (0x00001f17) x30 0x8000ff64
core   0: 0x8000ef68 (0x083f2e23) sw      gp, 156(t5)
core   0: 3 0x8000ef68 (0x083f2e23) mem 0x80010000 0x00000001
core   0: 0x8000ef6c (0x0000bfe5) c.j     pc - 8
core   0: 3 0x8000ef6c (0xbfe5)
core   0: 0x8000ef64 (0x00001f17) auipc   t5, 0x1
core   0: 3 0x8000ef64 (0x00001f17) x30 0x8000ff64
core   0: 0x8000ef68 (0x083f2e23) sw      gp, 156(t5)
core   0: 3 0x8000ef68 (0x083f2e23) mem 0x80010000 0x00000001
core   0: 0x8000ef6c (0x0000bfe5) c.j     pc - 8
core   0: 3 0x8000ef6c (0xbfe5)
core   0: 0x8000ef64 (0x00001f17) auipc   t5, 0x1
core   0: 3 0x8000ef64 (0x00001f17) x30 0x8000ff64
core   0: 0x8000ef68 (0x083f2e23) sw      gp, 156(t5)
core   0: 3 0x8000ef68 (0x083f2e23) mem 0x80010000 0x00000001
core   0: 0x8000ef6c (0x0000bfe5) c.j     pc - 8
core   0: 3 0x8000ef6c (0xbfe5)
core   0: 0x8000ef64 (0x00001f17) auipc   t5, 0x1
core   0: 3 0x8000ef64 (0x00001f17) x30 0x8000ff64
core   0: 0x8000ef68 (0x083f2e23) sw      gp, 156(t5)
core   0: 3 0x8000ef68 (0x083f2e23) mem 0x80010000 0x00000001
core   0: 0x8000ef6c (0x0000bfe5) c.j     pc - 8
core   0: 3 0x8000ef6c (0xbfe5)
core   0: 0x8000ef64 (0x00001f17) auipc   t5, 0x1
core   0: 3 0x8000ef64 (0x00001f17) x30 0x8000ff64
core   0: 0x8000ef68 (0x083f2e23) sw      gp, 156(t5)
core   0: 3 0x8000ef68 (0x083f2e23) mem 0x80010000 0x00000001
core   0: 0x8000ef6c (0x0000bfe5) c.j     pc - 8
core   0: 3 0x8000ef6c (0xbfe5)
core   0: 0x8000ef64 (0x00001f17) auipc   t5, 0x1
core   0: 3 0x8000ef64 (0x00001f17) x30 0x8000ff64
core   0: 0x8000ef68 (0x083f2e23) sw      gp, 156(t5)
core   0: 3 0x8000ef68 (0x083f2e23) mem 0x80010000 0x00000001
core   0: 0x8000ef6c (0x0000bfe5) c.j     pc - 8
core   0: 3 0x8000ef6c (0xbfe5)
core   0: 0x8000ef64 (0x00001f17) auipc   t5, 0x1
core   0: 3 0x8000ef64 (0x00001f17) x30 0x8000ff64
core   0: 0x8000ef68 (0x083f2e23) sw      gp, 156(t5)
core   0: 3 0x8000ef68 (0x083f2e23) mem 0x80010000 0x00000001
core   0: 0x8000ef6c (0x0000bfe5) c.j     pc - 8
core   0: 3 0x8000ef6c (0xbfe5)
core   0: 0x8000ef64 (0x00001f17) auipc   t5, 0x1
core   0: 3 0x8000ef64 (0x00001f17) x30 0x8000ff64
core   0: 0x8000ef68 (0x083f2e23) sw      gp, 156(t5)
core   0: 3 0x8000ef68 (0x083f2e23) mem 0x80010000 0x00000001
core   0: 0x8000ef6c (0x0000bfe5) c.j     pc - 8
core   0: 3 0x8000ef6c (0xbfe5)
core   0: 0x8000ef64 (0x00001f17) auipc   t5, 0x1
core   0: 3 0x8000ef64 (0x00001f17) x30 0x8000ff64
core   0: 0x8000ef68 (0x083f2e23) sw      gp, 156(t5)
core   0: 3 0x8000ef68 (0x083f2e23) mem 0x80010000 0x00000001
core   0: 0x8000ef6c (0x0000bfe5) c.j     pc - 8
core   0: 3 0x8000ef6c (0xbfe5)
core   0: 0x8000ef64 (0x00001f17) auipc   t5, 0x1
core   0: 3 0x8000ef64 (0x00001f17) x30 0x8000ff64
core   0: 0x8000ef68 (0x083f2e23) sw      gp, 156(t5)
core   0: 3 0x8000ef68 (0x083f2e23) mem 0x80010000 0x00000001
core   0: 0x8000ef6c (0x0000bfe5) c.j     pc - 8
core   0: 3 0x8000ef6c (0xbfe5)
core   0: 0x8000ef64 (0x00001f17) auipc   t5, 0x1
core   0: 3 0x8000ef64 (0x00001f17) x30 0x8000ff64
core   0: 0x8000ef68 (0x083f2e23) sw      gp, 156(t5)
core   0: 3 0x8000ef68 (0x083f2e23) mem 0x80010000 0x00000001
core   0: 0x8000ef6c (0x0000bfe5) c.j     pc - 8
core   0: 3 0x8000ef6c (0xbfe5)
core   0: 0x8000ef64 (0x00001f17) auipc   t5, 0x1
core   0: 3 0x8000ef64 (0x00001f17) x30 0x8000ff64
core   0: 0x8000ef68 (0x083f2e23) sw      gp, 156(t5)
core   0: 3 0x8000ef68 (0x083f2e23) mem 0x80010000 0x00000001
core   0: 0x8000ef6c (0x0000bfe5) c.j     pc - 8
core   0: 3 0x8000ef6c (0xbfe5)
core   0: 0x8000ef64 (0x00001f17) auipc   t5, 0x1
core   0: 3 0x8000ef64 (0x00001f17) x30 0x8000ff64
core   0: 0x8000ef68 (0x083f2e23) sw      gp, 156(t5)
core   0: 3 0x8000ef68 (0x083f2e23) mem 0x80010000 0x00000001
core   0: 0x8000ef6c (0x0000bfe5) c.j     pc - 8
core   0: 3 0x8000ef6c (0xbfe5)
core   0: 0x8000ef64 (0x00001f17) auipc   t5, 0x1
core   0: 3 0x8000ef64 (0x00001f17) x30 0x8000ff64
core   0: 0x8000ef68 (0x083f2e23) sw      gp, 156(t5)
core   0: 3 0x8000ef68 (0x083f2e23) mem 0x80010000 0x00000001
core   0: 0x8000ef6c (0x0000bfe5) c.j     pc - 8
core   0: 3 0x8000ef6c (0xbfe5)
core   0: 0x8000ef64 (0x00001f17) auipc   t5, 0x1
core   0: 3 0x8000ef64 (0x00001f17) x30 0x8000ff64
core   0: 0x8000ef68 (0x083f2e23) sw      gp, 156(t5)
core   0: 3 0x8000ef68 (0x083f2e23) mem 0x80010000 0x00000001
core   0: 0x8000ef6c (0x0000bfe5) c.j     pc - 8
core   0: 3 0x8000ef6c (0xbfe5)
core   0: 0x8000ef64 (0x00001f17) auipc   t5, 0x1
core   0: 3 0x8000ef64 (0x00001f17) x30 0x8000ff64
core   0: 0x8000ef68 (0x083f2e23) sw      gp, 156(t5)
core   0: 3 0x8000ef68 (0x083f2e23) mem 0x80010000 0x00000001
core   0: 0x8000ef6c (0x0000bfe5) c.j     pc - 8
core   0: 3 0x8000ef6c (0xbfe5)
core   0: 0x8000ef64 (0x00001f17) auipc   t5, 0x1
core   0: 3 0x8000ef64 (0x00001f17) x30 0x8000ff64
core   0: 0x8000ef68 (0x083f2e23) sw      gp, 156(t5)
core   0: 3 0x8000ef68 (0x083f2e23) mem 0x80010000 0x00000001
core   0: 0x8000ef6c (0x0000bfe5) c.j     pc - 8
core   0: 3 0x8000ef6c (0xbfe5)
core   0: 0x8000ef64 (0x00001f17) auipc   t5, 0x1
core   0: 3 0x8000ef64 (0x00001f17) x30 0x8000ff64
core   0: 0x8000ef68 (0x083f2e23) sw      gp, 156(t5)
core   0: 3 0x8000ef68 (0x083f2e23) mem 0x80010000 0x00000001
core   0: 0x8000ef6c (0x0000bfe5) c.j     pc - 8
core   0: 3 0x8000ef6c (0xbfe5)
core   0: 0x8000ef64 (0x00001f17) auipc   t5, 0x1
core   0: 3 0x8000ef64 (0x00001f17) x30 0x8000ff64
core   0: 0x8000ef68 (0x083f2e23) sw      gp, 156(t5)
core   0: 3 0x8000ef68 (0x083f2e23) mem 0x80010000 0x00000001
core   0: 0x8000ef6c (0x0000bfe5) c.j     pc - 8
core   0: 3 0x8000ef6c (0xbfe5)
core   0: 0x8000ef64 (0x00001f17) auipc   t5, 0x1
core   0: 3 0x8000ef64 (0x00001f17) x30 0x8000ff64
core   0: 0x8000ef68 (0x083f2e23) sw      gp, 156(t5)
core   0: 3 0x8000ef68 (0x083f2e23) mem 0x80010000 0x00000001
core   0: 0x8000ef6c (0x0000bfe5) c.j     pc - 8
core   0: 3 0x8000ef6c (0xbfe5)
core   0: 0x8000ef64 (0x00001f17) auipc   t5, 0x1
core   0: 3 0x8000ef64 (0x00001f17) x30 0x8000ff64
core   0: 0x8000ef68 (0x083f2e23) sw      gp, 156(t5)
core   0: 3 0x8000ef68 (0x083f2e23) mem 0x80010000 0x00000001
core   0: 0x8000ef6c (0x0000bfe5) c.j     pc - 8
core   0: 3 0x8000ef6c (0xbfe5)
core   0: 0x8000ef64 (0x00001f17) auipc   t5, 0x1
core   0: 3 0x8000ef64 (0x00001f17) x30 0x8000ff64
core   0: 0x8000ef68 (0x083f2e23) sw      gp, 156(t5)
core   0: 3 0x8000ef68 (0x083f2e23) mem 0x80010000 0x00000001
core   0: 0x8000ef6c (0x0000bfe5) c.j     pc - 8
core   0: 3 0x8000ef6c (0xbfe5)
core   0: 0x8000ef64 (0x00001f17) auipc   t5, 0x1
core   0: 3 0x8000ef64 (0x00001f17) x30 0x8000ff64
core   0: 0x8000ef68 (0x083f2e23) sw      gp, 156(t5)
core   0: 3 0x8000ef68 (0x083f2e23) mem 0x80010000 0x00000001
core   0: 0x8000ef6c (0x0000bfe5) c.j     pc - 8
core   0: 3 0x8000ef6c (0xbfe5)
core   0: 0x8000ef64 (0x00001f17) auipc   t5, 0x1
core   0: 3 0x8000ef64 (0x00001f17) x30 0x8000ff64
core   0: 0x8000ef68 (0x083f2e23) sw      gp, 156(t5)
core   0: 3 0x8000ef68 (0x083f2e23) mem 0x80010000 0x00000001
core   0: 0x8000ef6c (0x0000bfe5) c.j     pc - 8
core   0: 3 0x8000ef6c (0xbfe5)
core   0: 0x8000ef64 (0x00001f17) auipc   t5, 0x1
core   0: 3 0x8000ef64 (0x00001f17) x30 0x8000ff64
core   0: 0x8000ef68 (0x083f2e23) sw      gp, 156(t5)
core   0: 3 0x8000ef68 (0x083f2e23) mem 0x80010000 0x00000001
core   0: 0x8000ef6c (0x0000bfe5) c.j     pc - 8
core   0: 3 0x8000ef6c (0xbfe5)
core   0: 0x8000ef64 (0x00001f17) auipc   t5, 0x1
core   0: 3 0x8000ef64 (0x00001f17) x30 0x8000ff64
core   0: 0x8000ef68 (0x083f2e23) sw      gp, 156(t5)
core   0: 3 0x8000ef68 (0x083f2e23) mem 0x80010000 0x00000001
core   0: 0x8000ef6c (0x0000bfe5) c.j     pc - 8
core   0: 3 0x8000ef6c (0xbfe5)
core   0: 0x8000ef64 (0x00001f17) auipc   t5, 0x1
core   0: 3 0x8000ef64 (0x00001f17) x30 0x8000ff64
core   0: 0x8000ef68 (0x083f2e23) sw      gp, 156(t5)
core   0: 3 0x8000ef68 (0x083f2e23) mem 0x80010000 0x00000001
core   0: 0x8000ef6c (0x0000bfe5) c.j     pc - 8
core   0: 3 0x8000ef6c (0xbfe5)
core   0: 0x8000ef64 (0x00001f17) auipc   t5, 0x1
core   0: 3 0x8000ef64 (0x00001f17) x30 0x8000ff64
core   0: 0x8000ef68 (0x083f2e23) sw      gp, 156(t5)
core   0: 3 0x8000ef68 (0x083f2e23) mem 0x80010000 0x00000001
core   0: 0x8000ef6c (0x0000bfe5) c.j     pc - 8
core   0: 3 0x8000ef6c (0xbfe5)
core   0: 0x8000ef64 (0x00001f17) auipc   t5, 0x1
core   0: 3 0x8000ef64 (0x00001f17) x30 0x8000ff64
core   0: 0x8000ef68 (0x083f2e23) sw      gp, 156(t5)
core   0: 3 0x8000ef68 (0x083f2e23) mem 0x80010000 0x00000001
core   0: 0x8000ef6c (0x0000bfe5) c.j     pc - 8
core   0: 3 0x8000ef6c (0xbfe5)
core   0: 0x8000ef64 (0x00001f17) auipc   t5, 0x1
core   0: 3 0x8000ef64 (0x00001f17) x30 0x8000ff64
core   0: 0x8000ef68 (0x083f2e23) sw      gp, 156(t5)
core   0: 3 0x8000ef68 (0x083f2e23) mem 0x80010000 0x00000001
core   0: 0x8000ef6c (0x0000bfe5) c.j     pc - 8
core   0: 3 0x8000ef6c (0xbfe5)
core   0: 0x8000ef64 (0x00001f17) auipc   t5, 0x1
core   0: 3 0x8000ef64 (0x00001f17) x30 0x8000ff64
core   0: 0x8000ef68 (0x083f2e23) sw      gp, 156(t5)
core   0: 3 0x8000ef68 (0x083f2e23) mem 0x80010000 0x00000001
core   0: 0x8000ef6c (0x0000bfe5) c.j     pc - 8
core   0: 3 0x8000ef6c (0xbfe5)
core   0: 0x8000ef64 (0x00001f17) auipc   t5, 0x1
core   0: 3 0x8000ef64 (0x00001f17) x30 0x8000ff64
core   0: 0x8000ef68 (0x083f2e23) sw      gp, 156(t5)
core   0: 3 0x8000ef68 (0x083f2e23) mem 0x80010000 0x00000001
core   0: 0x8000ef6c (0x0000bfe5) c.j     pc - 8
core   0: 3 0x8000ef6c (0xbfe5)
core   0: 0x8000ef64 (0x00001f17) auipc   t5, 0x1
core   0: 3 0x8000ef64 (0x00001f17) x30 0x8000ff64
core   0: 0x8000ef68 (0x083f2e23) sw      gp, 156(t5)
core   0: 3 0x8000ef68 (0x083f2e23) mem 0x80010000 0x00000001
core   0: 0x8000ef6c (0x0000bfe5) c.j     pc - 8
core   0: 3 0x8000ef6c (0xbfe5)
core   0: 0x8000ef64 (0x00001f17) auipc   t5, 0x1
core   0: 3 0x8000ef64 (0x00001f17) x30 0x8000ff64
core   0: 0x8000ef68 (0x083f2e23) sw      gp, 156(t5)
core   0: 3 0x8000ef68 (0x083f2e23) mem 0x80010000 0x00000001
core   0: 0x8000ef6c (0x0000bfe5) c.j     pc - 8
core   0: 3 0x8000ef6c (0xbfe5)
core   0: 0x8000ef64 (0x00001f17) auipc   t5, 0x1
core   0: 3 0x8000ef64 (0x00001f17) x30 0x8000ff64
core   0: 0x8000ef68 (0x083f2e23) sw      gp, 156(t5)
core   0: 3 0x8000ef68 (0x083f2e23) mem 0x80010000 0x00000001
core   0: 0x8000ef6c (0x0000bfe5) c.j     pc - 8
core   0: 3 0x8000ef6c (0xbfe5)
core   0: 0x8000ef64 (0x00001f17) auipc   t5, 0x1
core   0: 3 0x8000ef64 (0x00001f17) x30 0x8000ff64
core   0: 0x8000ef68 (0x083f2e23) sw      gp, 156(t5)
core   0: 3 0x8000ef68 (0x083f2e23) mem 0x80010000 0x00000001
core   0: 0x8000ef6c (0x0000bfe5) c.j     pc - 8
core   0: 3 0x8000ef6c (0xbfe5)
core   0: 0x8000ef64 (0x00001f17) auipc   t5, 0x1
core   0: 3 0x8000ef64 (0x00001f17) x30 0x8000ff64
core   0: 0x8000ef68 (0x083f2e23) sw      gp, 156(t5)
core   0: 3 0x8000ef68 (0x083f2e23) mem 0x80010000 0x00000001
core   0: 0x8000ef6c (0x0000bfe5) c.j     pc - 8
core   0: 3 0x8000ef6c (0xbfe5)
core   0: 0x8000ef64 (0x00001f17) auipc   t5, 0x1
core   0: 3 0x8000ef64 (0x00001f17) x30 0x8000ff64
core   0: 0x8000ef68 (0x083f2e23) sw      gp, 156(t5)
core   0: 3 0x8000ef68 (0x083f2e23) mem 0x80010000 0x00000001
core   0: 0x8000ef6c (0x0000bfe5) c.j     pc - 8
core   0: 3 0x8000ef6c (0xbfe5)
core   0: 0x8000ef64 (0x00001f17) auipc   t5, 0x1
core   0: 3 0x8000ef64 (0x00001f17) x30 0x8000ff64
core   0: 0x8000ef68 (0x083f2e23) sw      gp, 156(t5)
core   0: 3 0x8000ef68 (0x083f2e23) mem 0x80010000 0x00000001
core   0: 0x8000ef6c (0x0000bfe5) c.j     pc - 8
core   0: 3 0x8000ef6c (0xbfe5)
core   0: 0x8000ef64 (0x00001f17) auipc   t5, 0x1
core   0: 3 0x8000ef64 (0x00001f17) x30 0x8000ff64
core   0: 0x8000ef68 (0x083f2e23) sw      gp, 156(t5)
core   0: 3 0x8000ef68 (0x083f2e23) mem 0x80010000 0x00000001
core   0: 0x8000ef6c (0x0000bfe5) c.j     pc - 8
core   0: 3 0x8000ef6c (0xbfe5)
core   0: 0x8000ef64 (0x00001f17) auipc   t5, 0x1
core   0: 3 0x8000ef64 (0x00001f17) x30 0x8000ff64
core   0: 0x8000ef68 (0x083f2e23) sw      gp, 156(t5)
core   0: 3 0x8000ef68 (0x083f2e23) mem 0x80010000 0x00000001
core   0: 0x8000ef6c (0x0000bfe5) c.j     pc - 8
core   0: 3 0x8000ef6c (0xbfe5)
core   0: 0x8000ef64 (0x00001f17) auipc   t5, 0x1
core   0: 3 0x8000ef64 (0x00001f17) x30 0x8000ff64
core   0: 0x8000ef68 (0x083f2e23) sw      gp, 156(t5)
core   0: 3 0x8000ef68 (0x083f2e23) mem 0x80010000 0x00000001
core   0: 0x8000ef6c (0x0000bfe5) c.j     pc - 8
core   0: 3 0x8000ef6c (0xbfe5)
core   0: 0x8000ef64 (0x00001f17) auipc   t5, 0x1
core   0: 3 0x8000ef64 (0x00001f17) x30 0x8000ff64
core   0: 0x8000ef68 (0x083f2e23) sw      gp, 156(t5)
core   0: 3 0x8000ef68 (0x083f2e23) mem 0x80010000 0x00000001
core   0: 0x8000ef6c (0x0000bfe5) c.j     pc - 8
core   0: 3 0x8000ef6c (0xbfe5)
core   0: 0x8000ef64 (0x00001f17) auipc   t5, 0x1
core   0: 3 0x8000ef64 (0x00001f17) x30 0x8000ff64
core   0: 0x8000ef68 (0x083f2e23) sw      gp, 156(t5)
core   0: 3 0x8000ef68 (0x083f2e23) mem 0x80010000 0x00000001
core   0: 0x8000ef6c (0x0000bfe5) c.j     pc - 8
core   0: 3 0x8000ef6c (0xbfe5)
core   0: 0x8000ef64 (0x00001f17) auipc   t5, 0x1
core   0: 3 0x8000ef64 (0x00001f17) x30 0x8000ff64
core   0: 0x8000ef68 (0x083f2e23) sw      gp, 156(t5)
core   0: 3 0x8000ef68 (0x083f2e23) mem 0x80010000 0x00000001
core   0: 0x8000ef6c (0x0000bfe5) c.j     pc - 8
core   0: 3 0x8000ef6c (0xbfe5)
core   0: 0x8000ef64 (0x00001f17) auipc   t5, 0x1
core   0: 3 0x8000ef64 (0x00001f17) x30 0x8000ff64
core   0: 0x8000ef68 (0x083f2e23) sw      gp, 156(t5)
core   0: 3 0x8000ef68 (0x083f2e23) mem 0x80010000 0x00000001
core   0: 0x8000ef6c (0x0000bfe5) c.j     pc - 8
core   0: 3 0x8000ef6c (0xbfe5)
core   0: 0x8000ef64 (0x00001f17) auipc   t5, 0x1
core   0: 3 0x8000ef64 (0x00001f17) x30 0x8000ff64
core   0: 0x8000ef68 (0x083f2e23) sw      gp, 156(t5)
core   0: 3 0x8000ef68 (0x083f2e23) mem 0x80010000 0x00000001
core   0: 0x8000ef6c (0x0000bfe5) c.j     pc - 8
core   0: 3 0x8000ef6c (0xbfe5)
core   0: 0x8000ef64 (0x00001f17) auipc   t5, 0x1
core   0: 3 0x8000ef64 (0x00001f17) x30 0x8000ff64
core   0: 0x8000ef68 (0x083f2e23) sw      gp, 156(t5)
core   0: 3 0x8000ef68 (0x083f2e23) mem 0x80010000 0x00000001
core   0: 0x8000ef6c (0x0000bfe5) c.j     pc - 8
core   0: 3 0x8000ef6c (0xbfe5)
core   0: 0x8000ef64 (0x00001f17) auipc   t5, 0x1
core   0: 3 0x8000ef64 (0x00001f17) x30 0x8000ff64
core   0: 0x8000ef68 (0x083f2e23) sw      gp, 156(t5)
core   0: 3 0x8000ef68 (0x083f2e23) mem 0x80010000 0x00000001
core   0: 0x8000ef6c (0x0000bfe5) c.j     pc - 8
core   0: 3 0x8000ef6c (0xbfe5)
core   0: 0x8000ef64 (0x00001f17) auipc   t5, 0x1
core   0: 3 0x8000ef64 (0x00001f17) x30 0x8000ff64
core   0: 0x8000ef68 (0x083f2e23) sw      gp, 156(t5)
core   0: 3 0x8000ef68 (0x083f2e23) mem 0x80010000 0x00000001
core   0: 0x8000ef6c (0x0000bfe5) c.j     pc - 8
core   0: 3 0x8000ef6c (0xbfe5)
core   0: 0x8000ef64 (0x00001f17) auipc   t5, 0x1
core   0: 3 0x8000ef64 (0x00001f17) x30 0x8000ff64
core   0: 0x8000ef68 (0x083f2e23) sw      gp, 156(t5)
core   0: 3 0x8000ef68 (0x083f2e23) mem 0x80010000 0x00000001
core   0: 0x8000ef6c (0x0000bfe5) c.j     pc - 8
core   0: 3 0x8000ef6c (0xbfe5)
core   0: 0x8000ef64 (0x00001f17) auipc   t5, 0x1
core   0: 3 0x8000ef64 (0x00001f17) x30 0x8000ff64
core   0: 0x8000ef68 (0x083f2e23) sw      gp, 156(t5)
core   0: 3 0x8000ef68 (0x083f2e23) mem 0x80010000 0x00000001
core   0: 0x8000ef6c (0x0000bfe5) c.j     pc - 8
core   0: 3 0x8000ef6c (0xbfe5)
core   0: 0x8000ef64 (0x00001f17) auipc   t5, 0x1
core   0: 3 0x8000ef64 (0x00001f17) x30 0x8000ff64
core   0: 0x8000ef68 (0x083f2e23) sw      gp, 156(t5)
core   0: 3 0x8000ef68 (0x083f2e23) mem 0x80010000 0x00000001
core   0: 0x8000ef6c (0x0000bfe5) c.j     pc - 8
core   0: 3 0x8000ef6c (0xbfe5)
core   0: 0x8000ef64 (0x00001f17) auipc   t5, 0x1
core   0: 3 0x8000ef64 (0x00001f17) x30 0x8000ff64
core   0: 0x8000ef68 (0x083f2e23) sw      gp, 156(t5)
core   0: 3 0x8000ef68 (0x083f2e23) mem 0x80010000 0x00000001
core   0: 0x8000ef6c (0x0000bfe5) c.j     pc - 8
core   0: 3 0x8000ef6c (0xbfe5)
core   0: 0x8000ef64 (0x00001f17) auipc   t5, 0x1
core   0: 3 0x8000ef64 (0x00001f17) x30 0x8000ff64
core   0: 0x8000ef68 (0x083f2e23) sw      gp, 156(t5)
core   0: 3 0x8000ef68 (0x083f2e23) mem 0x80010000 0x00000001
core   0: 0x8000ef6c (0x0000bfe5) c.j     pc - 8
core   0: 3 0x8000ef6c (0xbfe5)
core   0: 0x8000ef64 (0x00001f17) auipc   t5, 0x1
core   0: 3 0x8000ef64 (0x00001f17) x30 0x8000ff64
core   0: 0x8000ef68 (0x083f2e23) sw      gp, 156(t5)
core   0: 3 0x8000ef68 (0x083f2e23) mem 0x80010000 0x00000001
core   0: 0x8000ef6c (0x0000bfe5) c.j     pc - 8
core   0: 3 0x8000ef6c (0xbfe5)
core   0: 0x8000ef64 (0x00001f17) auipc   t5, 0x1
core   0: 3 0x8000ef64 (0x00001f17) x30 0x8000ff64
core   0: 0x8000ef68 (0x083f2e23) sw      gp, 156(t5)
core   0: 3 0x8000ef68 (0x083f2e23) mem 0x80010000 0x00000001
core   0: 0x8000ef6c (0x0000bfe5) c.j     pc - 8
core   0: 3 0x8000ef6c (0xbfe5)
core   0: 0x8000ef64 (0x00001f17) auipc   t5, 0x1
core   0: 3 0x8000ef64 (0x00001f17) x30 0x8000ff64
core   0: 0x8000ef68 (0x083f2e23) sw      gp, 156(t5)
core   0: 3 0x8000ef68 (0x083f2e23) mem 0x80010000 0x00000001
core   0: 0x8000ef6c (0x0000bfe5) c.j     pc - 8
core   0: 3 0x8000ef6c (0xbfe5)
core   0: 0x8000ef64 (0x00001f17) auipc   t5, 0x1
core   0: 3 0x8000ef64 (0x00001f17) x30 0x8000ff64
core   0: 0x8000ef68 (0x083f2e23) sw      gp, 156(t5)
core   0: 3 0x8000ef68 (0x083f2e23) mem 0x80010000 0x00000001
core   0: 0x8000ef6c (0x0000bfe5) c.j     pc - 8
core   0: 3 0x8000ef6c (0xbfe5)
core   0: 0x8000ef64 (0x00001f17) auipc   t5, 0x1
core   0: 3 0x8000ef64 (0x00001f17) x30 0x8000ff64
core   0: 0x8000ef68 (0x083f2e23) sw      gp, 156(t5)
core   0: 3 0x8000ef68 (0x083f2e23) mem 0x80010000 0x00000001
core   0: 0x8000ef6c (0x0000bfe5) c.j     pc - 8
core   0: 3 0x8000ef6c (0xbfe5)
core   0: 0x8000ef64 (0x00001f17) auipc   t5, 0x1
core   0: 3 0x8000ef64 (0x00001f17) x30 0x8000ff64
core   0: 0x8000ef68 (0x083f2e23) sw      gp, 156(t5)
core   0: 3 0x8000ef68 (0x083f2e23) mem 0x80010000 0x00000001
core   0: 0x8000ef6c (0x0000bfe5) c.j     pc - 8
core   0: 3 0x8000ef6c (0xbfe5)
core   0: 0x8000ef64 (0x00001f17) auipc   t5, 0x1
core   0: 3 0x8000ef64 (0x00001f17) x30 0x8000ff64
core   0: 0x8000ef68 (0x083f2e23) sw      gp, 156(t5)
core   0: 3 0x8000ef68 (0x083f2e23) mem 0x80010000 0x00000001
core   0: 0x8000ef6c (0x0000bfe5) c.j     pc - 8
core   0: 3 0x8000ef6c (0xbfe5)
core   0: 0x8000ef64 (0x00001f17) auipc   t5, 0x1
core   0: 3 0x8000ef64 (0x00001f17) x30 0x8000ff64
core   0: 0x8000ef68 (0x083f2e23) sw      gp, 156(t5)
core   0: 3 0x8000ef68 (0x083f2e23) mem 0x80010000 0x00000001
core   0: 0x8000ef6c (0x0000bfe5) c.j     pc - 8
core   0: 3 0x8000ef6c (0xbfe5)
core   0: 0x8000ef64 (0x00001f17) auipc   t5, 0x1
core   0: 3 0x8000ef64 (0x00001f17) x30 0x8000ff64
core   0: 0x8000ef68 (0x083f2e23) sw      gp, 156(t5)
core   0: 3 0x8000ef68 (0x083f2e23) mem 0x80010000 0x00000001
core   0: 0x8000ef6c (0x0000bfe5) c.j     pc - 8
core   0: 3 0x8000ef6c (0xbfe5)
core   0: 0x8000ef64 (0x00001f17) auipc   t5, 0x1
core   0: 3 0x8000ef64 (0x00001f17) x30 0x8000ff64
core   0: 0x8000ef68 (0x083f2e23) sw      gp, 156(t5)
core   0: 3 0x8000ef68 (0x083f2e23) mem 0x80010000 0x00000001
core   0: 0x8000ef6c (0x0000bfe5) c.j     pc - 8
core   0: 3 0x8000ef6c (0xbfe5)
core   0: 0x8000ef64 (0x00001f17) auipc   t5, 0x1
core   0: 3 0x8000ef64 (0x00001f17) x30 0x8000ff64
core   0: 0x8000ef68 (0x083f2e23) sw      gp, 156(t5)
core   0: 3 0x8000ef68 (0x083f2e23) mem 0x80010000 0x00000001
core   0: 0x8000ef6c (0x0000bfe5) c.j     pc - 8
core   0: 3 0x8000ef6c (0xbfe5)
core   0: 0x8000ef64 (0x00001f17) auipc   t5, 0x1
core   0: 3 0x8000ef64 (0x00001f17) x30 0x8000ff64
core   0: 0x8000ef68 (0x083f2e23) sw      gp, 156(t5)
core   0: 3 0x8000ef68 (0x083f2e23) mem 0x80010000 0x00000001
core   0: 0x8000ef6c (0x0000bfe5) c.j     pc - 8
core   0: 3 0x8000ef6c (0xbfe5)
core   0: 0x8000ef64 (0x00001f17) auipc   t5, 0x1
core   0: 3 0x8000ef64 (0x00001f17) x30 0x8000ff64
core   0: 0x8000ef68 (0x083f2e23) sw      gp, 156(t5)
core   0: 3 0x8000ef68 (0x083f2e23) mem 0x80010000 0x00000001
core   0: 0x8000ef6c (0x0000bfe5) c.j     pc - 8
core   0: 3 0x8000ef6c (0xbfe5)
core   0: 0x8000ef64 (0x00001f17) auipc   t5, 0x1
core   0: 3 0x8000ef64 (0x00001f17) x30 0x8000ff64
core   0: 0x8000ef68 (0x083f2e23) sw      gp, 156(t5)
core   0: 3 0x8000ef68 (0x083f2e23) mem 0x80010000 0x00000001
core   0: 0x8000ef6c (0x0000bfe5) c.j     pc - 8
core   0: 3 0x8000ef6c (0xbfe5)
core   0: 0x8000ef64 (0x00001f17) auipc   t5, 0x1
core   0: 3 0x8000ef64 (0x00001f17) x30 0x8000ff64
core   0: 0x8000ef68 (0x083f2e23) sw      gp, 156(t5)
core   0: 3 0x8000ef68 (0x083f2e23) mem 0x80010000 0x00000001
core   0: 0x8000ef6c (0x0000bfe5) c.j     pc - 8
core   0: 3 0x8000ef6c (0xbfe5)
core   0: 0x8000ef64 (0x00001f17) auipc   t5, 0x1
core   0: 3 0x8000ef64 (0x00001f17) x30 0x8000ff64
core   0: 0x8000ef68 (0x083f2e23) sw      gp, 156(t5)
core   0: 3 0x8000ef68 (0x083f2e23) mem 0x80010000 0x00000001
core   0: 0x8000ef6c (0x0000bfe5) c.j     pc - 8
core   0: 3 0x8000ef6c (0xbfe5)
core   0: 0x8000ef64 (0x00001f17) auipc   t5, 0x1
core   0: 3 0x8000ef64 (0x00001f17) x30 0x8000ff64
core   0: 0x8000ef68 (0x083f2e23) sw      gp, 156(t5)
core   0: 3 0x8000ef68 (0x083f2e23) mem 0x80010000 0x00000001
core   0: 0x8000ef6c (0x0000bfe5) c.j     pc - 8
core   0: 3 0x8000ef6c (0xbfe5)
core   0: 0x8000ef64 (0x00001f17) auipc   t5, 0x1
core   0: 3 0x8000ef64 (0x00001f17) x30 0x8000ff64
core   0: 0x8000ef68 (0x083f2e23) sw      gp, 156(t5)
core   0: 3 0x8000ef68 (0x083f2e23) mem 0x80010000 0x00000001
core   0: 0x8000ef6c (0x0000bfe5) c.j     pc - 8
core   0: 3 0x8000ef6c (0xbfe5)
core   0: 0x8000ef64 (0x00001f17) auipc   t5, 0x1
core   0: 3 0x8000ef64 (0x00001f17) x30 0x8000ff64
core   0: 0x8000ef68 (0x083f2e23) sw      gp, 156(t5)
core   0: 3 0x8000ef68 (0x083f2e23) mem 0x80010000 0x00000001
core   0: 0x8000ef6c (0x0000bfe5) c.j     pc - 8
core   0: 3 0x8000ef6c (0xbfe5)
core   0: 0x8000ef64 (0x00001f17) auipc   t5, 0x1
core   0: 3 0x8000ef64 (0x00001f17) x30 0x8000ff64
core   0: 0x8000ef68 (0x083f2e23) sw      gp, 156(t5)
core   0: 3 0x8000ef68 (0x083f2e23) mem 0x80010000 0x00000001
core   0: 0x8000ef6c (0x0000bfe5) c.j     pc - 8
core   0: 3 0x8000ef6c (0xbfe5)
core   0: 0x8000ef64 (0x00001f17) auipc   t5, 0x1
core   0: 3 0x8000ef64 (0x00001f17) x30 0x8000ff64
core   0: 0x8000ef68 (0x083f2e23) sw      gp, 156(t5)
core   0: 3 0x8000ef68 (0x083f2e23) mem 0x80010000 0x00000001
core   0: 0x8000ef6c (0x0000bfe5) c.j     pc - 8
core   0: 3 0x8000ef6c (0xbfe5)
core   0: 0x8000ef64 (0x00001f17) auipc   t5, 0x1
core   0: 3 0x8000ef64 (0x00001f17) x30 0x8000ff64
core   0: 0x8000ef68 (0x083f2e23) sw      gp, 156(t5)
core   0: 3 0x8000ef68 (0x083f2e23) mem 0x80010000 0x00000001
core   0: 0x8000ef6c (0x0000bfe5) c.j     pc - 8
core   0: 3 0x8000ef6c (0xbfe5)
core   0: 0x8000ef64 (0x00001f17) auipc   t5, 0x1
core   0: 3 0x8000ef64 (0x00001f17) x30 0x8000ff64
core   0: 0x8000ef68 (0x083f2e23) sw      gp, 156(t5)
core   0: 3 0x8000ef68 (0x083f2e23) mem 0x80010000 0x00000001
core   0: 0x8000ef6c (0x0000bfe5) c.j     pc - 8
core   0: 3 0x8000ef6c (0xbfe5)
core   0: 0x8000ef64 (0x00001f17) auipc   t5, 0x1
core   0: 3 0x8000ef64 (0x00001f17) x30 0x8000ff64
core   0: 0x8000ef68 (0x083f2e23) sw      gp, 156(t5)
core   0: 3 0x8000ef68 (0x083f2e23) mem 0x80010000 0x00000001
core   0: 0x8000ef6c (0x0000bfe5) c.j     pc - 8
core   0: 3 0x8000ef6c (0xbfe5)
core   0: 0x8000ef64 (0x00001f17) auipc   t5, 0x1
core   0: 3 0x8000ef64 (0x00001f17) x30 0x8000ff64
core   0: 0x8000ef68 (0x083f2e23) sw      gp, 156(t5)
core   0: 3 0x8000ef68 (0x083f2e23) mem 0x80010000 0x00000001
core   0: 0x8000ef6c (0x0000bfe5) c.j     pc - 8
core   0: 3 0x8000ef6c (0xbfe5)
core   0: 0x8000ef64 (0x00001f17) auipc   t5, 0x1
core   0: 3 0x8000ef64 (0x00001f17) x30 0x8000ff64
core   0: 0x8000ef68 (0x083f2e23) sw      gp, 156(t5)
core   0: 3 0x8000ef68 (0x083f2e23) mem 0x80010000 0x00000001
core   0: 0x8000ef6c (0x0000bfe5) c.j     pc - 8
core   0: 3 0x8000ef6c (0xbfe5)
core   0: 0x8000ef64 (0x00001f17) auipc   t5, 0x1
core   0: 3 0x8000ef64 (0x00001f17) x30 0x8000ff64
core   0: 0x8000ef68 (0x083f2e23) sw      gp, 156(t5)
core   0: 3 0x8000ef68 (0x083f2e23) mem 0x80010000 0x00000001
core   0: 0x8000ef6c (0x0000bfe5) c.j     pc - 8
core   0: 3 0x8000ef6c (0xbfe5)
core   0: 0x8000ef64 (0x00001f17) auipc   t5, 0x1
core   0: 3 0x8000ef64 (0x00001f17) x30 0x8000ff64
core   0: 0x8000ef68 (0x083f2e23) sw      gp, 156(t5)
core   0: 3 0x8000ef68 (0x083f2e23) mem 0x80010000 0x00000001
core   0: 0x8000ef6c (0x0000bfe5) c.j     pc - 8
core   0: 3 0x8000ef6c (0xbfe5)
core   0: 0x8000ef64 (0x00001f17) auipc   t5, 0x1
core   0: 3 0x8000ef64 (0x00001f17) x30 0x8000ff64
core   0: 0x8000ef68 (0x083f2e23) sw      gp, 156(t5)
core   0: 3 0x8000ef68 (0x083f2e23) mem 0x80010000 0x00000001
core   0: 0x8000ef6c (0x0000bfe5) c.j     pc - 8
core   0: 3 0x8000ef6c (0xbfe5)
core   0: 0x8000ef64 (0x00001f17) auipc   t5, 0x1
core   0: 3 0x8000ef64 (0x00001f17) x30 0x8000ff64
core   0: 0x8000ef68 (0x083f2e23) sw      gp, 156(t5)
core   0: 3 0x8000ef68 (0x083f2e23) mem 0x80010000 0x00000001
core   0: 0x8000ef6c (0x0000bfe5) c.j     pc - 8
core   0: 3 0x8000ef6c (0xbfe5)
core   0: 0x8000ef64 (0x00001f17) auipc   t5, 0x1
core   0: 3 0x8000ef64 (0x00001f17) x30 0x8000ff64
core   0: 0x8000ef68 (0x083f2e23) sw      gp, 156(t5)
core   0: 3 0x8000ef68 (0x083f2e23) mem 0x80010000 0x00000001
core   0: 0x8000ef6c (0x0000bfe5) c.j     pc - 8
core   0: 3 0x8000ef6c (0xbfe5)
core   0: 0x8000ef64 (0x00001f17) auipc   t5, 0x1
core   0: 3 0x8000ef64 (0x00001f17) x30 0x8000ff64
core   0: 0x8000ef68 (0x083f2e23) sw      gp, 156(t5)
core   0: 3 0x8000ef68 (0x083f2e23) mem 0x80010000 0x00000001
core   0: 0x8000ef6c (0x0000bfe5) c.j     pc - 8
core   0: 3 0x8000ef6c (0xbfe5)
core   0: 0x8000ef64 (0x00001f17) auipc   t5, 0x1
core   0: 3 0x8000ef64 (0x00001f17) x30 0x8000ff64
core   0: 0x8000ef68 (0x083f2e23) sw      gp, 156(t5)
core   0: 3 0x8000ef68 (0x083f2e23) mem 0x80010000 0x00000001
core   0: 0x8000ef6c (0x0000bfe5) c.j     pc - 8
core   0: 3 0x8000ef6c (0xbfe5)
core   0: 0x8000ef64 (0x00001f17) auipc   t5, 0x1
core   0: 3 0x8000ef64 (0x00001f17) x30 0x8000ff64
core   0: 0x8000ef68 (0x083f2e23) sw      gp, 156(t5)
core   0: 3 0x8000ef68 (0x083f2e23) mem 0x80010000 0x00000001
core   0: 0x8000ef6c (0x0000bfe5) c.j     pc - 8
core   0: 3 0x8000ef6c (0xbfe5)
core   0: 0x8000ef64 (0x00001f17) auipc   t5, 0x1
core   0: 3 0x8000ef64 (0x00001f17) x30 0x8000ff64
core   0: 0x8000ef68 (0x083f2e23) sw      gp, 156(t5)
core   0: 3 0x8000ef68 (0x083f2e23) mem 0x80010000 0x00000001
core   0: 0x8000ef6c (0x0000bfe5) c.j     pc - 8
core   0: 3 0x8000ef6c (0xbfe5)
core   0: 0x8000ef64 (0x00001f17) auipc   t5, 0x1
core   0: 3 0x8000ef64 (0x00001f17) x30 0x8000ff64
core   0: 0x8000ef68 (0x083f2e23) sw      gp, 156(t5)
core   0: 3 0x8000ef68 (0x083f2e23) mem 0x80010000 0x00000001
core   0: 0x8000ef6c (0x0000bfe5) c.j     pc - 8
core   0: 3 0x8000ef6c (0xbfe5)
core   0: 0x8000ef64 (0x00001f17) auipc   t5, 0x1
core   0: 3 0x8000ef64 (0x00001f17) x30 0x8000ff64
core   0: 0x8000ef68 (0x083f2e23) sw      gp, 156(t5)
core   0: 3 0x8000ef68 (0x083f2e23) mem 0x80010000 0x00000001
core   0: 0x8000ef6c (0x0000bfe5) c.j     pc - 8
core   0: 3 0x8000ef6c (0xbfe5)
core   0: 0x8000ef64 (0x00001f17) auipc   t5, 0x1
core   0: 3 0x8000ef64 (0x00001f17) x30 0x8000ff64
core   0: 0x8000ef68 (0x083f2e23) sw      gp, 156(t5)
core   0: 3 0x8000ef68 (0x083f2e23) mem 0x80010000 0x00000001
core   0: 0x8000ef6c (0x0000bfe5) c.j     pc - 8
core   0: 3 0x8000ef6c (0xbfe5)
core   0: 0x8000ef64 (0x00001f17) auipc   t5, 0x1
core   0: 3 0x8000ef64 (0x00001f17) x30 0x8000ff64
core   0: 0x8000ef68 (0x083f2e23) sw      gp, 156(t5)
core   0: 3 0x8000ef68 (0x083f2e23) mem 0x80010000 0x00000001
core   0: 0x8000ef6c (0x0000bfe5) c.j     pc - 8
core   0: 3 0x8000ef6c (0xbfe5)
core   0: 0x8000ef64 (0x00001f17) auipc   t5, 0x1
core   0: 3 0x8000ef64 (0x00001f17) x30 0x8000ff64
core   0: 0x8000ef68 (0x083f2e23) sw      gp, 156(t5)
core   0: 3 0x8000ef68 (0x083f2e23) mem 0x80010000 0x00000001
core   0: 0x8000ef6c (0x0000bfe5) c.j     pc - 8
core   0: 3 0x8000ef6c (0xbfe5)
core   0: 0x8000ef64 (0x00001f17) auipc   t5, 0x1
core   0: 3 0x8000ef64 (0x00001f17) x30 0x8000ff64
core   0: 0x8000ef68 (0x083f2e23) sw      gp, 156(t5)
core   0: 3 0x8000ef68 (0x083f2e23) mem 0x80010000 0x00000001
core   0: 0x8000ef6c (0x0000bfe5) c.j     pc - 8
core   0: 3 0x8000ef6c (0xbfe5)
core   0: 0x8000ef64 (0x00001f17) auipc   t5, 0x1
core   0: 3 0x8000ef64 (0x00001f17) x30 0x8000ff64
core   0: 0x8000ef68 (0x083f2e23) sw      gp, 156(t5)
core   0: 3 0x8000ef68 (0x083f2e23) mem 0x80010000 0x00000001
core   0: 0x8000ef6c (0x0000bfe5) c.j     pc - 8
core   0: 3 0x8000ef6c (0xbfe5)
core   0: 0x8000ef64 (0x00001f17) auipc   t5, 0x1
core   0: 3 0x8000ef64 (0x00001f17) x30 0x8000ff64
core   0: 0x8000ef68 (0x083f2e23) sw      gp, 156(t5)
core   0: 3 0x8000ef68 (0x083f2e23) mem 0x80010000 0x00000001
core   0: 0x8000ef6c (0x0000bfe5) c.j     pc - 8
core   0: 3 0x8000ef6c (0xbfe5)
core   0: 0x8000ef64 (0x00001f17) auipc   t5, 0x1
core   0: 3 0x8000ef64 (0x00001f17) x30 0x8000ff64
core   0: 0x8000ef68 (0x083f2e23) sw      gp, 156(t5)
core   0: 3 0x8000ef68 (0x083f2e23) mem 0x80010000 0x00000001
core   0: 0x8000ef6c (0x0000bfe5) c.j     pc - 8
core   0: 3 0x8000ef6c (0xbfe5)
core   0: 0x8000ef64 (0x00001f17) auipc   t5, 0x1
core   0: 3 0x8000ef64 (0x00001f17) x30 0x8000ff64
core   0: 0x8000ef68 (0x083f2e23) sw      gp, 156(t5)
core   0: 3 0x8000ef68 (0x083f2e23) mem 0x80010000 0x00000001
core   0: 0x8000ef6c (0x0000bfe5) c.j     pc - 8
core   0: 3 0x8000ef6c (0xbfe5)
core   0: 0x8000ef64 (0x00001f17) auipc   t5, 0x1
core   0: 3 0x8000ef64 (0x00001f17) x30 0x8000ff64
core   0: 0x8000ef68 (0x083f2e23) sw      gp, 156(t5)
core   0: 3 0x8000ef68 (0x083f2e23) mem 0x80010000 0x00000001
core   0: 0x8000ef6c (0x0000bfe5) c.j     pc - 8
core   0: 3 0x8000ef6c (0xbfe5)
core   0: 0x8000ef64 (0x00001f17) auipc   t5, 0x1
core   0: 3 0x8000ef64 (0x00001f17) x30 0x8000ff64
core   0: 0x8000ef68 (0x083f2e23) sw      gp, 156(t5)
core   0: 3 0x8000ef68 (0x083f2e23) mem 0x80010000 0x00000001
core   0: 0x8000ef6c (0x0000bfe5) c.j     pc - 8
core   0: 3 0x8000ef6c (0xbfe5)
core   0: 0x8000ef64 (0x00001f17) auipc   t5, 0x1
core   0: 3 0x8000ef64 (0x00001f17) x30 0x8000ff64
core   0: 0x8000ef68 (0x083f2e23) sw      gp, 156(t5)
core   0: 3 0x8000ef68 (0x083f2e23) mem 0x80010000 0x00000001
core   0: 0x8000ef6c (0x0000bfe5) c.j     pc - 8
core   0: 3 0x8000ef6c (0xbfe5)
core   0: 0x8000ef64 (0x00001f17) auipc   t5, 0x1
core   0: 3 0x8000ef64 (0x00001f17) x30 0x8000ff64
core   0: 0x8000ef68 (0x083f2e23) sw      gp, 156(t5)
core   0: 3 0x8000ef68 (0x083f2e23) mem 0x80010000 0x00000001
core   0: 0x8000ef6c (0x0000bfe5) c.j     pc - 8
core   0: 3 0x8000ef6c (0xbfe5)
core   0: 0x8000ef64 (0x00001f17) auipc   t5, 0x1
core   0: 3 0x8000ef64 (0x00001f17) x30 0x8000ff64
core   0: 0x8000ef68 (0x083f2e23) sw      gp, 156(t5)
core   0: 3 0x8000ef68 (0x083f2e23) mem 0x80010000 0x00000001
core   0: 0x8000ef6c (0x0000bfe5) c.j     pc - 8
core   0: 3 0x8000ef6c (0xbfe5)
core   0: 0x8000ef64 (0x00001f17) auipc   t5, 0x1
core   0: 3 0x8000ef64 (0x00001f17) x30 0x8000ff64
core   0: 0x8000ef68 (0x083f2e23) sw      gp, 156(t5)
core   0: 3 0x8000ef68 (0x083f2e23) mem 0x80010000 0x00000001
core   0: 0x8000ef6c (0x0000bfe5) c.j     pc - 8
core   0: 3 0x8000ef6c (0xbfe5)
core   0: 0x8000ef64 (0x00001f17) auipc   t5, 0x1
core   0: 3 0x8000ef64 (0x00001f17) x30 0x8000ff64
core   0: 0x8000ef68 (0x083f2e23) sw      gp, 156(t5)
core   0: 3 0x8000ef68 (0x083f2e23) mem 0x80010000 0x00000001
core   0: 0x8000ef6c (0x0000bfe5) c.j     pc - 8
core   0: 3 0x8000ef6c (0xbfe5)
core   0: 0x8000ef64 (0x00001f17) auipc   t5, 0x1
core   0: 3 0x8000ef64 (0x00001f17) x30 0x8000ff64
core   0: 0x8000ef68 (0x083f2e23) sw      gp, 156(t5)
core   0: 3 0x8000ef68 (0x083f2e23) mem 0x80010000 0x00000001
core   0: 0x8000ef6c (0x0000bfe5) c.j     pc - 8
core   0: 3 0x8000ef6c (0xbfe5)
core   0: 0x8000ef64 (0x00001f17) auipc   t5, 0x1
core   0: 3 0x8000ef64 (0x00001f17) x30 0x8000ff64
core   0: 0x8000ef68 (0x083f2e23) sw      gp, 156(t5)
core   0: 3 0x8000ef68 (0x083f2e23) mem 0x80010000 0x00000001
core   0: 0x8000ef6c (0x0000bfe5) c.j     pc - 8
core   0: 3 0x8000ef6c (0xbfe5)
core   0: 0x8000ef64 (0x00001f17) auipc   t5, 0x1
core   0: 3 0x8000ef64 (0x00001f17) x30 0x8000ff64
core   0: 0x8000ef68 (0x083f2e23) sw      gp, 156(t5)
core   0: 3 0x8000ef68 (0x083f2e23) mem 0x80010000 0x00000001
core   0: 0x8000ef6c (0x0000bfe5) c.j     pc - 8
core   0: 3 0x8000ef6c (0xbfe5)
core   0: 0x8000ef64 (0x00001f17) auipc   t5, 0x1
core   0: 3 0x8000ef64 (0x00001f17) x30 0x8000ff64
core   0: 0x8000ef68 (0x083f2e23) sw      gp, 156(t5)
core   0: 3 0x8000ef68 (0x083f2e23) mem 0x80010000 0x00000001
core   0: 0x8000ef6c (0x0000bfe5) c.j     pc - 8
core   0: 3 0x8000ef6c (0xbfe5)
core   0: 0x8000ef64 (0x00001f17) auipc   t5, 0x1
core   0: 3 0x8000ef64 (0x00001f17) x30 0x8000ff64
core   0: 0x8000ef68 (0x083f2e23) sw      gp, 156(t5)
core   0: 3 0x8000ef68 (0x083f2e23) mem 0x80010000 0x00000001
core   0: 0x8000ef6c (0x0000bfe5) c.j     pc - 8
core   0: 3 0x8000ef6c (0xbfe5)
core   0: 0x8000ef64 (0x00001f17) auipc   t5, 0x1
core   0: 3 0x8000ef64 (0x00001f17) x30 0x8000ff64
core   0: 0x8000ef68 (0x083f2e23) sw      gp, 156(t5)
core   0: 3 0x8000ef68 (0x083f2e23) mem 0x80010000 0x00000001
core   0: 0x8000ef6c (0x0000bfe5) c.j     pc - 8
core   0: 3 0x8000ef6c (0xbfe5)
core   0: 0x8000ef64 (0x00001f17) auipc   t5, 0x1
core   0: 3 0x8000ef64 (0x00001f17) x30 0x8000ff64
core   0: 0x8000ef68 (0x083f2e23) sw      gp, 156(t5)
core   0: 3 0x8000ef68 (0x083f2e23) mem 0x80010000 0x00000001
core   0: 0x8000ef6c (0x0000bfe5) c.j     pc - 8
core   0: 3 0x8000ef6c (0xbfe5)
core   0: 0x8000ef64 (0x00001f17) auipc   t5, 0x1
core   0: 3 0x8000ef64 (0x00001f17) x30 0x8000ff64
core   0: 0x8000ef68 (0x083f2e23) sw      gp, 156(t5)
core   0: 3 0x8000ef68 (0x083f2e23) mem 0x80010000 0x00000001
core   0: 0x8000ef6c (0x0000bfe5) c.j     pc - 8
core   0: 3 0x8000ef6c (0xbfe5)
core   0: 0x8000ef64 (0x00001f17) auipc   t5, 0x1
core   0: 3 0x8000ef64 (0x00001f17) x30 0x8000ff64
core   0: 0x8000ef68 (0x083f2e23) sw      gp, 156(t5)
core   0: 3 0x8000ef68 (0x083f2e23) mem 0x80010000 0x00000001
core   0: 0x8000ef6c (0x0000bfe5) c.j     pc - 8
core   0: 3 0x8000ef6c (0xbfe5)
core   0: 0x8000ef64 (0x00001f17) auipc   t5, 0x1
core   0: 3 0x8000ef64 (0x00001f17) x30 0x8000ff64
core   0: 0x8000ef68 (0x083f2e23) sw      gp, 156(t5)
core   0: 3 0x8000ef68 (0x083f2e23) mem 0x80010000 0x00000001
core   0: 0x8000ef6c (0x0000bfe5) c.j     pc - 8
core   0: 3 0x8000ef6c (0xbfe5)
core   0: 0x8000ef64 (0x00001f17) auipc   t5, 0x1
core   0: 3 0x8000ef64 (0x00001f17) x30 0x8000ff64
core   0: 0x8000ef68 (0x083f2e23) sw      gp, 156(t5)
core   0: 3 0x8000ef68 (0x083f2e23) mem 0x80010000 0x00000001
core   0: 0x8000ef6c (0x0000bfe5) c.j     pc - 8
core   0: 3 0x8000ef6c (0xbfe5)
core   0: 0x8000ef64 (0x00001f17) auipc   t5, 0x1
core   0: 3 0x8000ef64 (0x00001f17) x30 0x8000ff64
core   0: 0x8000ef68 (0x083f2e23) sw      gp, 156(t5)
core   0: 3 0x8000ef68 (0x083f2e23) mem 0x80010000 0x00000001
core   0: 0x8000ef6c (0x0000bfe5) c.j     pc - 8
core   0: 3 0x8000ef6c (0xbfe5)
core   0: 0x8000ef64 (0x00001f17) auipc   t5, 0x1
core   0: 3 0x8000ef64 (0x00001f17) x30 0x8000ff64
core   0: 0x8000ef68 (0x083f2e23) sw      gp, 156(t5)
core   0: 3 0x8000ef68 (0x083f2e23) mem 0x80010000 0x00000001
core   0: 0x8000ef6c (0x0000bfe5) c.j     pc - 8
core   0: 3 0x8000ef6c (0xbfe5)
core   0: 0x8000ef64 (0x00001f17) auipc   t5, 0x1
core   0: 3 0x8000ef64 (0x00001f17) x30 0x8000ff64
core   0: 0x8000ef68 (0x083f2e23) sw      gp, 156(t5)
core   0: 3 0x8000ef68 (0x083f2e23) mem 0x80010000 0x00000001
core   0: 0x8000ef6c (0x0000bfe5) c.j     pc - 8
core   0: 3 0x8000ef6c (0xbfe5)
core   0: 0x8000ef64 (0x00001f17) auipc   t5, 0x1
core   0: 3 0x8000ef64 (0x00001f17) x30 0x8000ff64
core   0: 0x8000ef68 (0x083f2e23) sw      gp, 156(t5)
core   0: 3 0x8000ef68 (0x083f2e23) mem 0x80010000 0x00000001
core   0: 0x8000ef6c (0x0000bfe5) c.j     pc - 8
core   0: 3 0x8000ef6c (0xbfe5)
core   0: 0x8000ef64 (0x00001f17) auipc   t5, 0x1
core   0: 3 0x8000ef64 (0x00001f17) x30 0x8000ff64
core   0: 0x8000ef68 (0x083f2e23) sw      gp, 156(t5)
core   0: 3 0x8000ef68 (0x083f2e23) mem 0x80010000 0x00000001
core   0: 0x8000ef6c (0x0000bfe5) c.j     pc - 8
core   0: 3 0x8000ef6c (0xbfe5)
core   0: 0x8000ef64 (0x00001f17) auipc   t5, 0x1
core   0: 3 0x8000ef64 (0x00001f17) x30 0x8000ff64
core   0: 0x8000ef68 (0x083f2e23) sw      gp, 156(t5)
core   0: 3 0x8000ef68 (0x083f2e23) mem 0x80010000 0x00000001
core   0: 0x8000ef6c (0x0000bfe5) c.j     pc - 8
core   0: 3 0x8000ef6c (0xbfe5)
core   0: 0x8000ef64 (0x00001f17) auipc   t5, 0x1
core   0: 3 0x8000ef64 (0x00001f17) x30 0x8000ff64
core   0: 0x8000ef68 (0x083f2e23) sw      gp, 156(t5)
core   0: 3 0x8000ef68 (0x083f2e23) mem 0x80010000 0x00000001
core   0: 0x8000ef6c (0x0000bfe5) c.j     pc - 8
core   0: 3 0x8000ef6c (0xbfe5)
core   0: 0x8000ef64 (0x00001f17) auipc   t5, 0x1
core   0: 3 0x8000ef64 (0x00001f17) x30 0x8000ff64
core   0: 0x8000ef68 (0x083f2e23) sw      gp, 156(t5)
core   0: 3 0x8000ef68 (0x083f2e23) mem 0x80010000 0x00000001
core   0: 0x8000ef6c (0x0000bfe5) c.j     pc - 8
core   0: 3 0x8000ef6c (0xbfe5)
core   0: 0x8000ef64 (0x00001f17) auipc   t5, 0x1
core   0: 3 0x8000ef64 (0x00001f17) x30 0x8000ff64
core   0: 0x8000ef68 (0x083f2e23) sw      gp, 156(t5)
core   0: 3 0x8000ef68 (0x083f2e23) mem 0x80010000 0x00000001
core   0: 0x8000ef6c (0x0000bfe5) c.j     pc - 8
core   0: 3 0x8000ef6c (0xbfe5)
core   0: 0x8000ef64 (0x00001f17) auipc   t5, 0x1
core   0: 3 0x8000ef64 (0x00001f17) x30 0x8000ff64
core   0: 0x8000ef68 (0x083f2e23) sw      gp, 156(t5)
core   0: 3 0x8000ef68 (0x083f2e23) mem 0x80010000 0x00000001
core   0: 0x8000ef6c (0x0000bfe5) c.j     pc - 8
core   0: 3 0x8000ef6c (0xbfe5)
core   0: 0x8000ef64 (0x00001f17) auipc   t5, 0x1
core   0: 3 0x8000ef64 (0x00001f17) x30 0x8000ff64
core   0: 0x8000ef68 (0x083f2e23) sw      gp, 156(t5)
core   0: 3 0x8000ef68 (0x083f2e23) mem 0x80010000 0x00000001
core   0: 0x8000ef6c (0x0000bfe5) c.j     pc - 8
core   0: 3 0x8000ef6c (0xbfe5)
core   0: 0x8000ef64 (0x00001f17) auipc   t5, 0x1
core   0: 3 0x8000ef64 (0x00001f17) x30 0x8000ff64
core   0: 0x8000ef68 (0x083f2e23) sw      gp, 156(t5)
core   0: 3 0x8000ef68 (0x083f2e23) mem 0x80010000 0x00000001
core   0: 0x8000ef6c (0x0000bfe5) c.j     pc - 8
core   0: 3 0x8000ef6c (0xbfe5)
core   0: 0x8000ef64 (0x00001f17) auipc   t5, 0x1
core   0: 3 0x8000ef64 (0x00001f17) x30 0x8000ff64
core   0: 0x8000ef68 (0x083f2e23) sw      gp, 156(t5)
core   0: 3 0x8000ef68 (0x083f2e23) mem 0x80010000 0x00000001
core   0: 0x8000ef6c (0x0000bfe5) c.j     pc - 8
core   0: 3 0x8000ef6c (0xbfe5)
core   0: 0x8000ef64 (0x00001f17) auipc   t5, 0x1
core   0: 3 0x8000ef64 (0x00001f17) x30 0x8000ff64
core   0: 0x8000ef68 (0x083f2e23) sw      gp, 156(t5)
core   0: 3 0x8000ef68 (0x083f2e23) mem 0x80010000 0x00000001
core   0: 0x8000ef6c (0x0000bfe5) c.j     pc - 8
core   0: 3 0x8000ef6c (0xbfe5)
core   0: 0x8000ef64 (0x00001f17) auipc   t5, 0x1
core   0: 3 0x8000ef64 (0x00001f17) x30 0x8000ff64
core   0: 0x8000ef68 (0x083f2e23) sw      gp, 156(t5)
core   0: 3 0x8000ef68 (0x083f2e23) mem 0x80010000 0x00000001
core   0: 0x8000ef6c (0x0000bfe5) c.j     pc - 8
core   0: 3 0x8000ef6c (0xbfe5)
core   0: 0x8000ef64 (0x00001f17) auipc   t5, 0x1
core   0: 3 0x8000ef64 (0x00001f17) x30 0x8000ff64
core   0: 0x8000ef68 (0x083f2e23) sw      gp, 156(t5)
core   0: 3 0x8000ef68 (0x083f2e23) mem 0x80010000 0x00000001
core   0: 0x8000ef6c (0x0000bfe5) c.j     pc - 8
core   0: 3 0x8000ef6c (0xbfe5)
core   0: 0x8000ef64 (0x00001f17) auipc   t5, 0x1
core   0: 3 0x8000ef64 (0x00001f17) x30 0x8000ff64
core   0: 0x8000ef68 (0x083f2e23) sw      gp, 156(t5)
core   0: 3 0x8000ef68 (0x083f2e23) mem 0x80010000 0x00000001
core   0: 0x8000ef6c (0x0000bfe5) c.j     pc - 8
core   0: 3 0x8000ef6c (0xbfe5)
core   0: 0x8000ef64 (0x00001f17) auipc   t5, 0x1
core   0: 3 0x8000ef64 (0x00001f17) x30 0x8000ff64
core   0: 0x8000ef68 (0x083f2e23) sw      gp, 156(t5)
core   0: 3 0x8000ef68 (0x083f2e23) mem 0x80010000 0x00000001
core   0: 0x8000ef6c (0x0000bfe5) c.j     pc - 8
core   0: 3 0x8000ef6c (0xbfe5)
core   0: 0x8000ef64 (0x00001f17) auipc   t5, 0x1
core   0: 3 0x8000ef64 (0x00001f17) x30 0x8000ff64
core   0: 0x8000ef68 (0x083f2e23) sw      gp, 156(t5)
core   0: 3 0x8000ef68 (0x083f2e23) mem 0x80010000 0x00000001
core   0: 0x8000ef6c (0x0000bfe5) c.j     pc - 8
core   0: 3 0x8000ef6c (0xbfe5)
core   0: 0x8000ef64 (0x00001f17) auipc   t5, 0x1
core   0: 3 0x8000ef64 (0x00001f17) x30 0x8000ff64
core   0: 0x8000ef68 (0x083f2e23) sw      gp, 156(t5)
core   0: 3 0x8000ef68 (0x083f2e23) mem 0x80010000 0x00000001
core   0: 0x8000ef6c (0x0000bfe5) c.j     pc - 8
core   0: 3 0x8000ef6c (0xbfe5)
core   0: 0x8000ef64 (0x00001f17) auipc   t5, 0x1
core   0: 3 0x8000ef64 (0x00001f17) x30 0x8000ff64
core   0: 0x8000ef68 (0x083f2e23) sw      gp, 156(t5)
core   0: 3 0x8000ef68 (0x083f2e23) mem 0x80010000 0x00000001
core   0: 0x8000ef6c (0x0000bfe5) c.j     pc - 8
core   0: 3 0x8000ef6c (0xbfe5)
core   0: 0x8000ef64 (0x00001f17) auipc   t5, 0x1
core   0: 3 0x8000ef64 (0x00001f17) x30 0x8000ff64
core   0: 0x8000ef68 (0x083f2e23) sw      gp, 156(t5)
core   0: 3 0x8000ef68 (0x083f2e23) mem 0x80010000 0x00000001
core   0: 0x8000ef6c (0x0000bfe5) c.j     pc - 8
core   0: 3 0x8000ef6c (0xbfe5)
core   0: 0x8000ef64 (0x00001f17) auipc   t5, 0x1
core   0: 3 0x8000ef64 (0x00001f17) x30 0x8000ff64
core   0: 0x8000ef68 (0x083f2e23) sw      gp, 156(t5)
core   0: 3 0x8000ef68 (0x083f2e23) mem 0x80010000 0x00000001
core   0: 0x8000ef6c (0x0000bfe5) c.j     pc - 8
core   0: 3 0x8000ef6c (0xbfe5)
core   0: 0x8000ef64 (0x00001f17) auipc   t5, 0x1
core   0: 3 0x8000ef64 (0x00001f17) x30 0x8000ff64
core   0: 0x8000ef68 (0x083f2e23) sw      gp, 156(t5)
core   0: 3 0x8000ef68 (0x083f2e23) mem 0x80010000 0x00000001
core   0: 0x8000ef6c (0x0000bfe5) c.j     pc - 8
core   0: 3 0x8000ef6c (0xbfe5)
core   0: 0x8000ef64 (0x00001f17) auipc   t5, 0x1
core   0: 3 0x8000ef64 (0x00001f17) x30 0x8000ff64
core   0: 0x8000ef68 (0x083f2e23) sw      gp, 156(t5)
core   0: 3 0x8000ef68 (0x083f2e23) mem 0x80010000 0x00000001
core   0: 0x8000ef6c (0x0000bfe5) c.j     pc - 8
core   0: 3 0x8000ef6c (0xbfe5)
core   0: 0x8000ef64 (0x00001f17) auipc   t5, 0x1
core   0: 3 0x8000ef64 (0x00001f17) x30 0x8000ff64
core   0: 0x8000ef68 (0x083f2e23) sw      gp, 156(t5)
core   0: 3 0x8000ef68 (0x083f2e23) mem 0x80010000 0x00000001
core   0: 0x8000ef6c (0x0000bfe5) c.j     pc - 8
core   0: 3 0x8000ef6c (0xbfe5)
core   0: 0x8000ef64 (0x00001f17) auipc   t5, 0x1
core   0: 3 0x8000ef64 (0x00001f17) x30 0x8000ff64
core   0: 0x8000ef68 (0x083f2e23) sw      gp, 156(t5)
core   0: 3 0x8000ef68 (0x083f2e23) mem 0x80010000 0x00000001
core   0: 0x8000ef6c (0x0000bfe5) c.j     pc - 8
core   0: 3 0x8000ef6c (0xbfe5)
core   0: 0x8000ef64 (0x00001f17) auipc   t5, 0x1
core   0: 3 0x8000ef64 (0x00001f17) x30 0x8000ff64
core   0: 0x8000ef68 (0x083f2e23) sw      gp, 156(t5)
core   0: 3 0x8000ef68 (0x083f2e23) mem 0x80010000 0x00000001
core   0: 0x8000ef6c (0x0000bfe5) c.j     pc - 8
core   0: 3 0x8000ef6c (0xbfe5)
core   0: 0x8000ef64 (0x00001f17) auipc   t5, 0x1
core   0: 3 0x8000ef64 (0x00001f17) x30 0x8000ff64
core   0: 0x8000ef68 (0x083f2e23) sw      gp, 156(t5)
core   0: 3 0x8000ef68 (0x083f2e23) mem 0x80010000 0x00000001
core   0: 0x8000ef6c (0x0000bfe5) c.j     pc - 8
core   0: 3 0x8000ef6c (0xbfe5)
core   0: 0x8000ef64 (0x00001f17) auipc   t5, 0x1
core   0: 3 0x8000ef64 (0x00001f17) x30 0x8000ff64
core   0: 0x8000ef68 (0x083f2e23) sw      gp, 156(t5)
core   0: 3 0x8000ef68 (0x083f2e23) mem 0x80010000 0x00000001
core   0: 0x8000ef6c (0x0000bfe5) c.j     pc - 8
core   0: 3 0x8000ef6c (0xbfe5)
core   0: 0x8000ef64 (0x00001f17) auipc   t5, 0x1
core   0: 3 0x8000ef64 (0x00001f17) x30 0x8000ff64
core   0: 0x8000ef68 (0x083f2e23) sw      gp, 156(t5)
core   0: 3 0x8000ef68 (0x083f2e23) mem 0x80010000 0x00000001
core   0: 0x8000ef6c (0x0000bfe5) c.j     pc - 8
core   0: 3 0x8000ef6c (0xbfe5)
core   0: 0x8000ef64 (0x00001f17) auipc   t5, 0x1
core   0: 3 0x8000ef64 (0x00001f17) x30 0x8000ff64
core   0: 0x8000ef68 (0x083f2e23) sw      gp, 156(t5)
core   0: 3 0x8000ef68 (0x083f2e23) mem 0x80010000 0x00000001
core   0: 0x8000ef6c (0x0000bfe5) c.j     pc - 8
core   0: 3 0x8000ef6c (0xbfe5)
core   0: 0x8000ef64 (0x00001f17) auipc   t5, 0x1
core   0: 3 0x8000ef64 (0x00001f17) x30 0x8000ff64
core   0: 0x8000ef68 (0x083f2e23) sw      gp, 156(t5)
core   0: 3 0x8000ef68 (0x083f2e23) mem 0x80010000 0x00000001
core   0: 0x8000ef6c (0x0000bfe5) c.j     pc - 8
core   0: 3 0x8000ef6c (0xbfe5)
core   0: 0x8000ef64 (0x00001f17) auipc   t5, 0x1
core   0: 3 0x8000ef64 (0x00001f17) x30 0x8000ff64
core   0: 0x8000ef68 (0x083f2e23) sw      gp, 156(t5)
core   0: 3 0x8000ef68 (0x083f2e23) mem 0x80010000 0x00000001
core   0: 0x8000ef6c (0x0000bfe5) c.j     pc - 8
core   0: 3 0x8000ef6c (0xbfe5)
core   0: 0x8000ef64 (0x00001f17) auipc   t5, 0x1
core   0: 3 0x8000ef64 (0x00001f17) x30 0x8000ff64
core   0: 0x8000ef68 (0x083f2e23) sw      gp, 156(t5)
core   0: 3 0x8000ef68 (0x083f2e23) mem 0x80010000 0x00000001
core   0: 0x8000ef6c (0x0000bfe5) c.j     pc - 8
core   0: 3 0x8000ef6c (0xbfe5)
core   0: 0x8000ef64 (0x00001f17) auipc   t5, 0x1
core   0: 3 0x8000ef64 (0x00001f17) x30 0x8000ff64
core   0: 0x8000ef68 (0x083f2e23) sw      gp, 156(t5)
core   0: 3 0x8000ef68 (0x083f2e23) mem 0x80010000 0x00000001
core   0: 0x8000ef6c (0x0000bfe5) c.j     pc - 8
core   0: 3 0x8000ef6c (0xbfe5)
core   0: 0x8000ef64 (0x00001f17) auipc   t5, 0x1
core   0: 3 0x8000ef64 (0x00001f17) x30 0x8000ff64
core   0: 0x8000ef68 (0x083f2e23) sw      gp, 156(t5)
core   0: 3 0x8000ef68 (0x083f2e23) mem 0x80010000 0x00000001
core   0: 0x8000ef6c (0x0000bfe5) c.j     pc - 8
core   0: 3 0x8000ef6c (0xbfe5)
core   0: 0x8000ef64 (0x00001f17) auipc   t5, 0x1
core   0: 3 0x8000ef64 (0x00001f17) x30 0x8000ff64
core   0: 0x8000ef68 (0x083f2e23) sw      gp, 156(t5)
core   0: 3 0x8000ef68 (0x083f2e23) mem 0x80010000 0x00000001
core   0: 0x8000ef6c (0x0000bfe5) c.j     pc - 8
core   0: 3 0x8000ef6c (0xbfe5)
core   0: 0x8000ef64 (0x00001f17) auipc   t5, 0x1
core   0: 3 0x8000ef64 (0x00001f17) x30 0x8000ff64
core   0: 0x8000ef68 (0x083f2e23) sw      gp, 156(t5)
core   0: 3 0x8000ef68 (0x083f2e23) mem 0x80010000 0x00000001
core   0: 0x8000ef6c (0x0000bfe5) c.j     pc - 8
core   0: 3 0x8000ef6c (0xbfe5)
core   0: 0x8000ef64 (0x00001f17) auipc   t5, 0x1
core   0: 3 0x8000ef64 (0x00001f17) x30 0x8000ff64
core   0: 0x8000ef68 (0x083f2e23) sw      gp, 156(t5)
core   0: 3 0x8000ef68 (0x083f2e23) mem 0x80010000 0x00000001
core   0: 0x8000ef6c (0x0000bfe5) c.j     pc - 8
core   0: 3 0x8000ef6c (0xbfe5)
core   0: 0x8000ef64 (0x00001f17) auipc   t5, 0x1
core   0: 3 0x8000ef64 (0x00001f17) x30 0x8000ff64
core   0: 0x8000ef68 (0x083f2e23) sw      gp, 156(t5)
core   0: 3 0x8000ef68 (0x083f2e23) mem 0x80010000 0x00000001
core   0: 0x8000ef6c (0x0000bfe5) c.j     pc - 8
core   0: 3 0x8000ef6c (0xbfe5)
core   0: 0x8000ef64 (0x00001f17) auipc   t5, 0x1
core   0: 3 0x8000ef64 (0x00001f17) x30 0x8000ff64
core   0: 0x8000ef68 (0x083f2e23) sw      gp, 156(t5)
core   0: 3 0x8000ef68 (0x083f2e23) mem 0x80010000 0x00000001
core   0: 0x8000ef6c (0x0000bfe5) c.j     pc - 8
core   0: 3 0x8000ef6c (0xbfe5)
core   0: 0x8000ef64 (0x00001f17) auipc   t5, 0x1
core   0: 3 0x8000ef64 (0x00001f17) x30 0x8000ff64
core   0: 0x8000ef68 (0x083f2e23) sw      gp, 156(t5)
core   0: 3 0x8000ef68 (0x083f2e23) mem 0x80010000 0x00000001
core   0: 0x8000ef6c (0x0000bfe5) c.j     pc - 8
core   0: 3 0x8000ef6c (0xbfe5)
core   0: 0x8000ef64 (0x00001f17) auipc   t5, 0x1
core   0: 3 0x8000ef64 (0x00001f17) x30 0x8000ff64
core   0: 0x8000ef68 (0x083f2e23) sw      gp, 156(t5)
core   0: 3 0x8000ef68 (0x083f2e23) mem 0x80010000 0x00000001
core   0: 0x8000ef6c (0x0000bfe5) c.j     pc - 8
core   0: 3 0x8000ef6c (0xbfe5)
core   0: 0x8000ef64 (0x00001f17) auipc   t5, 0x1
core   0: 3 0x8000ef64 (0x00001f17) x30 0x8000ff64
core   0: 0x8000ef68 (0x083f2e23) sw      gp, 156(t5)
core   0: 3 0x8000ef68 (0x083f2e23) mem 0x80010000 0x00000001
core   0: 0x8000ef6c (0x0000bfe5) c.j     pc - 8
core   0: 3 0x8000ef6c (0xbfe5)
core   0: 0x8000ef64 (0x00001f17) auipc   t5, 0x1
core   0: 3 0x8000ef64 (0x00001f17) x30 0x8000ff64
core   0: 0x8000ef68 (0x083f2e23) sw      gp, 156(t5)
core   0: 3 0x8000ef68 (0x083f2e23) mem 0x80010000 0x00000001
core   0: 0x8000ef6c (0x0000bfe5) c.j     pc - 8
core   0: 3 0x8000ef6c (0xbfe5)
core   0: 0x8000ef64 (0x00001f17) auipc   t5, 0x1
core   0: 3 0x8000ef64 (0x00001f17) x30 0x8000ff64
core   0: 0x8000ef68 (0x083f2e23) sw      gp, 156(t5)
core   0: 3 0x8000ef68 (0x083f2e23) mem 0x80010000 0x00000001
core   0: 0x8000ef6c (0x0000bfe5) c.j     pc - 8
core   0: 3 0x8000ef6c (0xbfe5)
core   0: 0x8000ef64 (0x00001f17) auipc   t5, 0x1
core   0: 3 0x8000ef64 (0x00001f17) x30 0x8000ff64
core   0: 0x8000ef68 (0x083f2e23) sw      gp, 156(t5)
core   0: 3 0x8000ef68 (0x083f2e23) mem 0x80010000 0x00000001
core   0: 0x8000ef6c (0x0000bfe5) c.j     pc - 8
core   0: 3 0x8000ef6c (0xbfe5)
core   0: 0x8000ef64 (0x00001f17) auipc   t5, 0x1
core   0: 3 0x8000ef64 (0x00001f17) x30 0x8000ff64
core   0: 0x8000ef68 (0x083f2e23) sw      gp, 156(t5)
core   0: 3 0x8000ef68 (0x083f2e23) mem 0x80010000 0x00000001
core   0: 0x8000ef6c (0x0000bfe5) c.j     pc - 8
core   0: 3 0x8000ef6c (0xbfe5)
core   0: 0x8000ef64 (0x00001f17) auipc   t5, 0x1
core   0: 3 0x8000ef64 (0x00001f17) x30 0x8000ff64
core   0: 0x8000ef68 (0x083f2e23) sw      gp, 156(t5)
core   0: 3 0x8000ef68 (0x083f2e23) mem 0x80010000 0x00000001
core   0: 0x8000ef6c (0x0000bfe5) c.j     pc - 8
core   0: 3 0x8000ef6c (0xbfe5)
core   0: 0x8000ef64 (0x00001f17) auipc   t5, 0x1
core   0: 3 0x8000ef64 (0x00001f17) x30 0x8000ff64
core   0: 0x8000ef68 (0x083f2e23) sw      gp, 156(t5)
core   0: 3 0x8000ef68 (0x083f2e23) mem 0x80010000 0x00000001
core   0: 0x8000ef6c (0x0000bfe5) c.j     pc - 8
core   0: 3 0x8000ef6c (0xbfe5)
core   0: 0x8000ef64 (0x00001f17) auipc   t5, 0x1
core   0: 3 0x8000ef64 (0x00001f17) x30 0x8000ff64
core   0: 0x8000ef68 (0x083f2e23) sw      gp, 156(t5)
core   0: 3 0x8000ef68 (0x083f2e23) mem 0x80010000 0x00000001
core   0: 0x8000ef6c (0x0000bfe5) c.j     pc - 8
core   0: 3 0x8000ef6c (0xbfe5)
core   0: 0x8000ef64 (0x00001f17) auipc   t5, 0x1
core   0: 3 0x8000ef64 (0x00001f17) x30 0x8000ff64
core   0: 0x8000ef68 (0x083f2e23) sw      gp, 156(t5)
core   0: 3 0x8000ef68 (0x083f2e23) mem 0x80010000 0x00000001
core   0: 0x8000ef6c (0x0000bfe5) c.j     pc - 8
core   0: 3 0x8000ef6c (0xbfe5)
core   0: 0x8000ef64 (0x00001f17) auipc   t5, 0x1
core   0: 3 0x8000ef64 (0x00001f17) x30 0x8000ff64
core   0: 0x8000ef68 (0x083f2e23) sw      gp, 156(t5)
core   0: 3 0x8000ef68 (0x083f2e23) mem 0x80010000 0x00000001
core   0: 0x8000ef6c (0x0000bfe5) c.j     pc - 8
core   0: 3 0x8000ef6c (0xbfe5)
core   0: 0x8000ef64 (0x00001f17) auipc   t5, 0x1
core   0: 3 0x8000ef64 (0x00001f17) x30 0x8000ff64
core   0: 0x8000ef68 (0x083f2e23) sw      gp, 156(t5)
core   0: 3 0x8000ef68 (0x083f2e23) mem 0x80010000 0x00000001
core   0: 0x8000ef6c (0x0000bfe5) c.j     pc - 8
core   0: 3 0x8000ef6c (0xbfe5)
core   0: 0x8000ef64 (0x00001f17) auipc   t5, 0x1
core   0: 3 0x8000ef64 (0x00001f17) x30 0x8000ff64
core   0: 0x8000ef68 (0x083f2e23) sw      gp, 156(t5)
core   0: 3 0x8000ef68 (0x083f2e23) mem 0x80010000 0x00000001
core   0: 0x8000ef6c (0x0000bfe5) c.j     pc - 8
core   0: 3 0x8000ef6c (0xbfe5)
core   0: 0x8000ef64 (0x00001f17) auipc   t5, 0x1
core   0: 3 0x8000ef64 (0x00001f17) x30 0x8000ff64
core   0: 0x8000ef68 (0x083f2e23) sw      gp, 156(t5)
core   0: 3 0x8000ef68 (0x083f2e23) mem 0x80010000 0x00000001
core   0: 0x8000ef6c (0x0000bfe5) c.j     pc - 8
core   0: 3 0x8000ef6c (0xbfe5)
core   0: 0x8000ef64 (0x00001f17) auipc   t5, 0x1
core   0: 3 0x8000ef64 (0x00001f17) x30 0x8000ff64
core   0: 0x8000ef68 (0x083f2e23) sw      gp, 156(t5)
core   0: 3 0x8000ef68 (0x083f2e23) mem 0x80010000 0x00000001
core   0: 0x8000ef6c (0x0000bfe5) c.j     pc - 8
core   0: 3 0x8000ef6c (0xbfe5)
core   0: 0x8000ef64 (0x00001f17) auipc   t5, 0x1
core   0: 3 0x8000ef64 (0x00001f17) x30 0x8000ff64
core   0: 0x8000ef68 (0x083f2e23) sw      gp, 156(t5)
core   0: 3 0x8000ef68 (0x083f2e23) mem 0x80010000 0x00000001
core   0: 0x8000ef6c (0x0000bfe5) c.j     pc - 8
core   0: 3 0x8000ef6c (0xbfe5)
core   0: 0x8000ef64 (0x00001f17) auipc   t5, 0x1
core   0: 3 0x8000ef64 (0x00001f17) x30 0x8000ff64
core   0: 0x8000ef68 (0x083f2e23) sw      gp, 156(t5)
core   0: 3 0x8000ef68 (0x083f2e23) mem 0x80010000 0x00000001
core   0: 0x8000ef6c (0x0000bfe5) c.j     pc - 8
core   0: 3 0x8000ef6c (0xbfe5)
core   0: 0x8000ef64 (0x00001f17) auipc   t5, 0x1
core   0: 3 0x8000ef64 (0x00001f17) x30 0x8000ff64
core   0: 0x8000ef68 (0x083f2e23) sw      gp, 156(t5)
core   0: 3 0x8000ef68 (0x083f2e23) mem 0x80010000 0x00000001
core   0: 0x8000ef6c (0x0000bfe5) c.j     pc - 8
core   0: 3 0x8000ef6c (0xbfe5)
core   0: 0x8000ef64 (0x00001f17) auipc   t5, 0x1
core   0: 3 0x8000ef64 (0x00001f17) x30 0x8000ff64
core   0: 0x8000ef68 (0x083f2e23) sw      gp, 156(t5)
core   0: 3 0x8000ef68 (0x083f2e23) mem 0x80010000 0x00000001
core   0: 0x8000ef6c (0x0000bfe5) c.j     pc - 8
core   0: 3 0x8000ef6c (0xbfe5)
core   0: 0x8000ef64 (0x00001f17) auipc   t5, 0x1
core   0: 3 0x8000ef64 (0x00001f17) x30 0x8000ff64
core   0: 0x8000ef68 (0x083f2e23) sw      gp, 156(t5)
core   0: 3 0x8000ef68 (0x083f2e23) mem 0x80010000 0x00000001
core   0: 0x8000ef6c (0x0000bfe5) c.j     pc - 8
core   0: 3 0x8000ef6c (0xbfe5)
core   0: 0x8000ef64 (0x00001f17) auipc   t5, 0x1
core   0: 3 0x8000ef64 (0x00001f17) x30 0x8000ff64
core   0: 0x8000ef68 (0x083f2e23) sw      gp, 156(t5)
core   0: 3 0x8000ef68 (0x083f2e23) mem 0x80010000 0x00000001
core   0: 0x8000ef6c (0x0000bfe5) c.j     pc - 8
core   0: 3 0x8000ef6c (0xbfe5)
core   0: 0x8000ef64 (0x00001f17) auipc   t5, 0x1
core   0: 3 0x8000ef64 (0x00001f17) x30 0x8000ff64
core   0: 0x8000ef68 (0x083f2e23) sw      gp, 156(t5)
core   0: 3 0x8000ef68 (0x083f2e23) mem 0x80010000 0x00000001
core   0: 0x8000ef6c (0x0000bfe5) c.j     pc - 8
core   0: 3 0x8000ef6c (0xbfe5)
core   0: 0x8000ef64 (0x00001f17) auipc   t5, 0x1
core   0: 3 0x8000ef64 (0x00001f17) x30 0x8000ff64
core   0: 0x8000ef68 (0x083f2e23) sw      gp, 156(t5)
core   0: 3 0x8000ef68 (0x083f2e23) mem 0x80010000 0x00000001
core   0: 0x8000ef6c (0x0000bfe5) c.j     pc - 8
core   0: 3 0x8000ef6c (0xbfe5)
core   0: 0x8000ef64 (0x00001f17) auipc   t5, 0x1
core   0: 3 0x8000ef64 (0x00001f17) x30 0x8000ff64
core   0: 0x8000ef68 (0x083f2e23) sw      gp, 156(t5)
core   0: 3 0x8000ef68 (0x083f2e23) mem 0x80010000 0x00000001
core   0: 0x8000ef6c (0x0000bfe5) c.j     pc - 8
core   0: 3 0x8000ef6c (0xbfe5)
core   0: 0x8000ef64 (0x00001f17) auipc   t5, 0x1
core   0: 3 0x8000ef64 (0x00001f17) x30 0x8000ff64
core   0: 0x8000ef68 (0x083f2e23) sw      gp, 156(t5)
core   0: 3 0x8000ef68 (0x083f2e23) mem 0x80010000 0x00000001
core   0: 0x8000ef6c (0x0000bfe5) c.j     pc - 8
core   0: 3 0x8000ef6c (0xbfe5)
core   0: 0x8000ef64 (0x00001f17) auipc   t5, 0x1
core   0: 3 0x8000ef64 (0x00001f17) x30 0x8000ff64
core   0: 0x8000ef68 (0x083f2e23) sw      gp, 156(t5)
core   0: 3 0x8000ef68 (0x083f2e23) mem 0x80010000 0x00000001
core   0: 0x8000ef6c (0x0000bfe5) c.j     pc - 8
core   0: 3 0x8000ef6c (0xbfe5)
core   0: 0x8000ef64 (0x00001f17) auipc   t5, 0x1
core   0: 3 0x8000ef64 (0x00001f17) x30 0x8000ff64
core   0: 0x8000ef68 (0x083f2e23) sw      gp, 156(t5)
core   0: 3 0x8000ef68 (0x083f2e23) mem 0x80010000 0x00000001
core   0: 0x8000ef6c (0x0000bfe5) c.j     pc - 8
core   0: 3 0x8000ef6c (0xbfe5)
core   0: 0x8000ef64 (0x00001f17) auipc   t5, 0x1
core   0: 3 0x8000ef64 (0x00001f17) x30 0x8000ff64
core   0: 0x8000ef68 (0x083f2e23) sw      gp, 156(t5)
core   0: 3 0x8000ef68 (0x083f2e23) mem 0x80010000 0x00000001
core   0: 0x8000ef6c (0x0000bfe5) c.j     pc - 8
core   0: 3 0x8000ef6c (0xbfe5)
core   0: 0x8000ef64 (0x00001f17) auipc   t5, 0x1
core   0: 3 0x8000ef64 (0x00001f17) x30 0x8000ff64
core   0: 0x8000ef68 (0x083f2e23) sw      gp, 156(t5)
core   0: 3 0x8000ef68 (0x083f2e23) mem 0x80010000 0x00000001
core   0: 0x8000ef6c (0x0000bfe5) c.j     pc - 8
core   0: 3 0x8000ef6c (0xbfe5)
core   0: 0x8000ef64 (0x00001f17) auipc   t5, 0x1
core   0: 3 0x8000ef64 (0x00001f17) x30 0x8000ff64
core   0: 0x8000ef68 (0x083f2e23) sw      gp, 156(t5)
core   0: 3 0x8000ef68 (0x083f2e23) mem 0x80010000 0x00000001
core   0: 0x8000ef6c (0x0000bfe5) c.j     pc - 8
core   0: 3 0x8000ef6c (0xbfe5)
core   0: 0x8000ef64 (0x00001f17) auipc   t5, 0x1
core   0: 3 0x8000ef64 (0x00001f17) x30 0x8000ff64
core   0: 0x8000ef68 (0x083f2e23) sw      gp, 156(t5)
core   0: 3 0x8000ef68 (0x083f2e23) mem 0x80010000 0x00000001
core   0: 0x8000ef6c (0x0000bfe5) c.j     pc - 8
core   0: 3 0x8000ef6c (0xbfe5)
core   0: 0x8000ef64 (0x00001f17) auipc   t5, 0x1
core   0: 3 0x8000ef64 (0x00001f17) x30 0x8000ff64
core   0: 0x8000ef68 (0x083f2e23) sw      gp, 156(t5)
core   0: 3 0x8000ef68 (0x083f2e23) mem 0x80010000 0x00000001
core   0: 0x8000ef6c (0x0000bfe5) c.j     pc - 8
core   0: 3 0x8000ef6c (0xbfe5)
core   0: 0x8000ef64 (0x00001f17) auipc   t5, 0x1
core   0: 3 0x8000ef64 (0x00001f17) x30 0x8000ff64
core   0: 0x8000ef68 (0x083f2e23) sw      gp, 156(t5)
core   0: 3 0x8000ef68 (0x083f2e23) mem 0x80010000 0x00000001
core   0: 0x8000ef6c (0x0000bfe5) c.j     pc - 8
core   0: 3 0x8000ef6c (0xbfe5)
core   0: 0x8000ef64 (0x00001f17) auipc   t5, 0x1
core   0: 3 0x8000ef64 (0x00001f17) x30 0x8000ff64
core   0: 0x8000ef68 (0x083f2e23) sw      gp, 156(t5)
core   0: 3 0x8000ef68 (0x083f2e23) mem 0x80010000 0x00000001
core   0: 0x8000ef6c (0x0000bfe5) c.j     pc - 8
core   0: 3 0x8000ef6c (0xbfe5)
core   0: 0x8000ef64 (0x00001f17) auipc   t5, 0x1
core   0: 3 0x8000ef64 (0x00001f17) x30 0x8000ff64
core   0: 0x8000ef68 (0x083f2e23) sw      gp, 156(t5)
core   0: 3 0x8000ef68 (0x083f2e23) mem 0x80010000 0x00000001
core   0: 0x8000ef6c (0x0000bfe5) c.j     pc - 8
core   0: 3 0x8000ef6c (0xbfe5)
core   0: 0x8000ef64 (0x00001f17) auipc   t5, 0x1
core   0: 3 0x8000ef64 (0x00001f17) x30 0x8000ff64
core   0: 0x8000ef68 (0x083f2e23) sw      gp, 156(t5)
core   0: 3 0x8000ef68 (0x083f2e23) mem 0x80010000 0x00000001
core   0: 0x8000ef6c (0x0000bfe5) c.j     pc - 8
core   0: 3 0x8000ef6c (0xbfe5)
core   0: 0x8000ef64 (0x00001f17) auipc   t5, 0x1
core   0: 3 0x8000ef64 (0x00001f17) x30 0x8000ff64
core   0: 0x8000ef68 (0x083f2e23) sw      gp, 156(t5)
core   0: 3 0x8000ef68 (0x083f2e23) mem 0x80010000 0x00000001
core   0: 0x8000ef6c (0x0000bfe5) c.j     pc - 8
core   0: 3 0x8000ef6c (0xbfe5)
core   0: 0x8000ef64 (0x00001f17) auipc   t5, 0x1
core   0: 3 0x8000ef64 (0x00001f17) x30 0x8000ff64
core   0: 0x8000ef68 (0x083f2e23) sw      gp, 156(t5)
core   0: 3 0x8000ef68 (0x083f2e23) mem 0x80010000 0x00000001
core   0: 0x8000ef6c (0x0000bfe5) c.j     pc - 8
core   0: 3 0x8000ef6c (0xbfe5)
core   0: 0x8000ef64 (0x00001f17) auipc   t5, 0x1
core   0: 3 0x8000ef64 (0x00001f17) x30 0x8000ff64
core   0: 0x8000ef68 (0x083f2e23) sw      gp, 156(t5)
core   0: 3 0x8000ef68 (0x083f2e23) mem 0x80010000 0x00000001
core   0: 0x8000ef6c (0x0000bfe5) c.j     pc - 8
core   0: 3 0x8000ef6c (0xbfe5)
core   0: 0x8000ef64 (0x00001f17) auipc   t5, 0x1
core   0: 3 0x8000ef64 (0x00001f17) x30 0x8000ff64
core   0: 0x8000ef68 (0x083f2e23) sw      gp, 156(t5)
core   0: 3 0x8000ef68 (0x083f2e23) mem 0x80010000 0x00000001
core   0: 0x8000ef6c (0x0000bfe5) c.j     pc - 8
core   0: 3 0x8000ef6c (0xbfe5)
core   0: 0x8000ef64 (0x00001f17) auipc   t5, 0x1
core   0: 3 0x8000ef64 (0x00001f17) x30 0x8000ff64
core   0: 0x8000ef68 (0x083f2e23) sw      gp, 156(t5)
core   0: 3 0x8000ef68 (0x083f2e23) mem 0x80010000 0x00000001
core   0: 0x8000ef6c (0x0000bfe5) c.j     pc - 8
core   0: 3 0x8000ef6c (0xbfe5)
core   0: 0x8000ef64 (0x00001f17) auipc   t5, 0x1
core   0: 3 0x8000ef64 (0x00001f17) x30 0x8000ff64
core   0: 0x8000ef68 (0x083f2e23) sw      gp, 156(t5)
core   0: 3 0x8000ef68 (0x083f2e23) mem 0x80010000 0x00000001
core   0: 0x8000ef6c (0x0000bfe5) c.j     pc - 8
core   0: 3 0x8000ef6c (0xbfe5)
core   0: 0x8000ef64 (0x00001f17) auipc   t5, 0x1
core   0: 3 0x8000ef64 (0x00001f17) x30 0x8000ff64
core   0: 0x8000ef68 (0x083f2e23) sw      gp, 156(t5)
core   0: 3 0x8000ef68 (0x083f2e23) mem 0x80010000 0x00000001
core   0: 0x8000ef6c (0x0000bfe5) c.j     pc - 8
core   0: 3 0x8000ef6c (0xbfe5)
core   0: 0x8000ef64 (0x00001f17) auipc   t5, 0x1
core   0: 3 0x8000ef64 (0x00001f17) x30 0x8000ff64
core   0: 0x8000ef68 (0x083f2e23) sw      gp, 156(t5)
core   0: 3 0x8000ef68 (0x083f2e23) mem 0x80010000 0x00000001
core   0: 0x8000ef6c (0x0000bfe5) c.j     pc - 8
core   0: 3 0x8000ef6c (0xbfe5)
core   0: 0x8000ef64 (0x00001f17) auipc   t5, 0x1
core   0: 3 0x8000ef64 (0x00001f17) x30 0x8000ff64
core   0: 0x8000ef68 (0x083f2e23) sw      gp, 156(t5)
core   0: 3 0x8000ef68 (0x083f2e23) mem 0x80010000 0x00000001
core   0: 0x8000ef6c (0x0000bfe5) c.j     pc - 8
core   0: 3 0x8000ef6c (0xbfe5)
core   0: 0x8000ef64 (0x00001f17) auipc   t5, 0x1
core   0: 3 0x8000ef64 (0x00001f17) x30 0x8000ff64
core   0: 0x8000ef68 (0x083f2e23) sw      gp, 156(t5)
core   0: 3 0x8000ef68 (0x083f2e23) mem 0x80010000 0x00000001
core   0: 0x8000ef6c (0x0000bfe5) c.j     pc - 8
core   0: 3 0x8000ef6c (0xbfe5)
core   0: 0x8000ef64 (0x00001f17) auipc   t5, 0x1
core   0: 3 0x8000ef64 (0x00001f17) x30 0x8000ff64
core   0: 0x8000ef68 (0x083f2e23) sw      gp, 156(t5)
core   0: 3 0x8000ef68 (0x083f2e23) mem 0x80010000 0x00000001
core   0: 0x8000ef6c (0x0000bfe5) c.j     pc - 8
core   0: 3 0x8000ef6c (0xbfe5)
core   0: 0x8000ef64 (0x00001f17) auipc   t5, 0x1
core   0: 3 0x8000ef64 (0x00001f17) x30 0x8000ff64
core   0: 0x8000ef68 (0x083f2e23) sw      gp, 156(t5)
core   0: 3 0x8000ef68 (0x083f2e23) mem 0x80010000 0x00000001
core   0: 0x8000ef6c (0x0000bfe5) c.j     pc - 8
core   0: 3 0x8000ef6c (0xbfe5)
core   0: 0x8000ef64 (0x00001f17) auipc   t5, 0x1
core   0: 3 0x8000ef64 (0x00001f17) x30 0x8000ff64
core   0: 0x8000ef68 (0x083f2e23) sw      gp, 156(t5)
core   0: 3 0x8000ef68 (0x083f2e23) mem 0x80010000 0x00000001
core   0: 0x8000ef6c (0x0000bfe5) c.j     pc - 8
core   0: 3 0x8000ef6c (0xbfe5)
core   0: 0x8000ef64 (0x00001f17) auipc   t5, 0x1
core   0: 3 0x8000ef64 (0x00001f17) x30 0x8000ff64
core   0: 0x8000ef68 (0x083f2e23) sw      gp, 156(t5)
core   0: 3 0x8000ef68 (0x083f2e23) mem 0x80010000 0x00000001
core   0: 0x8000ef6c (0x0000bfe5) c.j     pc - 8
core   0: 3 0x8000ef6c (0xbfe5)
core   0: 0x8000ef64 (0x00001f17) auipc   t5, 0x1
core   0: 3 0x8000ef64 (0x00001f17) x30 0x8000ff64
core   0: 0x8000ef68 (0x083f2e23) sw      gp, 156(t5)
core   0: 3 0x8000ef68 (0x083f2e23) mem 0x80010000 0x00000001
core   0: 0x8000ef6c (0x0000bfe5) c.j     pc - 8
core   0: 3 0x8000ef6c (0xbfe5)
core   0: 0x8000ef64 (0x00001f17) auipc   t5, 0x1
core   0: 3 0x8000ef64 (0x00001f17) x30 0x8000ff64
core   0: 0x8000ef68 (0x083f2e23) sw      gp, 156(t5)
core   0: 3 0x8000ef68 (0x083f2e23) mem 0x80010000 0x00000001
core   0: 0x8000ef6c (0x0000bfe5) c.j     pc - 8
core   0: 3 0x8000ef6c (0xbfe5)
core   0: 0x8000ef64 (0x00001f17) auipc   t5, 0x1
core   0: 3 0x8000ef64 (0x00001f17) x30 0x8000ff64
core   0: 0x8000ef68 (0x083f2e23) sw      gp, 156(t5)
core   0: 3 0x8000ef68 (0x083f2e23) mem 0x80010000 0x00000001
core   0: 0x8000ef6c (0x0000bfe5) c.j     pc - 8
core   0: 3 0x8000ef6c (0xbfe5)
core   0: 0x8000ef64 (0x00001f17) auipc   t5, 0x1
core   0: 3 0x8000ef64 (0x00001f17) x30 0x8000ff64
core   0: 0x8000ef68 (0x083f2e23) sw      gp, 156(t5)
core   0: 3 0x8000ef68 (0x083f2e23) mem 0x80010000 0x00000001
core   0: 0x8000ef6c (0x0000bfe5) c.j     pc - 8
core   0: 3 0x8000ef6c (0xbfe5)
core   0: 0x8000ef64 (0x00001f17) auipc   t5, 0x1
core   0: 3 0x8000ef64 (0x00001f17) x30 0x8000ff64
core   0: 0x8000ef68 (0x083f2e23) sw      gp, 156(t5)
core   0: 3 0x8000ef68 (0x083f2e23) mem 0x80010000 0x00000001
core   0: 0x8000ef6c (0x0000bfe5) c.j     pc - 8
core   0: 3 0x8000ef6c (0xbfe5)
core   0: 0x8000ef64 (0x00001f17) auipc   t5, 0x1
core   0: 3 0x8000ef64 (0x00001f17) x30 0x8000ff64
core   0: 0x8000ef68 (0x083f2e23) sw      gp, 156(t5)
core   0: 3 0x8000ef68 (0x083f2e23) mem 0x80010000 0x00000001
core   0: 0x8000ef6c (0x0000bfe5) c.j     pc - 8
core   0: 3 0x8000ef6c (0xbfe5)
core   0: 0x8000ef64 (0x00001f17) auipc   t5, 0x1
core   0: 3 0x8000ef64 (0x00001f17) x30 0x8000ff64
core   0: 0x8000ef68 (0x083f2e23) sw      gp, 156(t5)
core   0: 3 0x8000ef68 (0x083f2e23) mem 0x80010000 0x00000001
core   0: 0x8000ef6c (0x0000bfe5) c.j     pc - 8
core   0: 3 0x8000ef6c (0xbfe5)
core   0: 0x8000ef64 (0x00001f17) auipc   t5, 0x1
core   0: 3 0x8000ef64 (0x00001f17) x30 0x8000ff64
core   0: 0x8000ef68 (0x083f2e23) sw      gp, 156(t5)
core   0: 3 0x8000ef68 (0x083f2e23) mem 0x80010000 0x00000001
core   0: 0x8000ef6c (0x0000bfe5) c.j     pc - 8
core   0: 3 0x8000ef6c (0xbfe5)
core   0: 0x8000ef64 (0x00001f17) auipc   t5, 0x1
core   0: 3 0x8000ef64 (0x00001f17) x30 0x8000ff64
core   0: 0x8000ef68 (0x083f2e23) sw      gp, 156(t5)
core   0: 3 0x8000ef68 (0x083f2e23) mem 0x80010000 0x00000001
core   0: 0x8000ef6c (0x0000bfe5) c.j     pc - 8
core   0: 3 0x8000ef6c (0xbfe5)
core   0: 0x8000ef64 (0x00001f17) auipc   t5, 0x1
core   0: 3 0x8000ef64 (0x00001f17) x30 0x8000ff64
core   0: 0x8000ef68 (0x083f2e23) sw      gp, 156(t5)
core   0: 3 0x8000ef68 (0x083f2e23) mem 0x80010000 0x00000001
core   0: 0x8000ef6c (0x0000bfe5) c.j     pc - 8
core   0: 3 0x8000ef6c (0xbfe5)
core   0: 0x8000ef64 (0x00001f17) auipc   t5, 0x1
core   0: 3 0x8000ef64 (0x00001f17) x30 0x8000ff64
core   0: 0x8000ef68 (0x083f2e23) sw      gp, 156(t5)
core   0: 3 0x8000ef68 (0x083f2e23) mem 0x80010000 0x00000001
core   0: 0x8000ef6c (0x0000bfe5) c.j     pc - 8
core   0: 3 0x8000ef6c (0xbfe5)
core   0: 0x8000ef64 (0x00001f17) auipc   t5, 0x1
core   0: 3 0x8000ef64 (0x00001f17) x30 0x8000ff64
core   0: 0x8000ef68 (0x083f2e23) sw      gp, 156(t5)
core   0: 3 0x8000ef68 (0x083f2e23) mem 0x80010000 0x00000001
core   0: 0x8000ef6c (0x0000bfe5) c.j     pc - 8
core   0: 3 0x8000ef6c (0xbfe5)
core   0: 0x8000ef64 (0x00001f17) auipc   t5, 0x1
core   0: 3 0x8000ef64 (0x00001f17) x30 0x8000ff64
core   0: 0x8000ef68 (0x083f2e23) sw      gp, 156(t5)
core   0: 3 0x8000ef68 (0x083f2e23) mem 0x80010000 0x00000001
core   0: 0x8000ef6c (0x0000bfe5) c.j     pc - 8
core   0: 3 0x8000ef6c (0xbfe5)
core   0: 0x8000ef64 (0x00001f17) auipc   t5, 0x1
core   0: 3 0x8000ef64 (0x00001f17) x30 0x8000ff64
core   0: 0x8000ef68 (0x083f2e23) sw      gp, 156(t5)
core   0: 3 0x8000ef68 (0x083f2e23) mem 0x80010000 0x00000001
core   0: 0x8000ef6c (0x0000bfe5) c.j     pc - 8
core   0: 3 0x8000ef6c (0xbfe5)
core   0: 0x8000ef64 (0x00001f17) auipc   t5, 0x1
core   0: 3 0x8000ef64 (0x00001f17) x30 0x8000ff64
core   0: 0x8000ef68 (0x083f2e23) sw      gp, 156(t5)
core   0: 3 0x8000ef68 (0x083f2e23) mem 0x80010000 0x00000001
core   0: 0x8000ef6c (0x0000bfe5) c.j     pc - 8
core   0: 3 0x8000ef6c (0xbfe5)
core   0: 0x8000ef64 (0x00001f17) auipc   t5, 0x1
core   0: 3 0x8000ef64 (0x00001f17) x30 0x8000ff64
core   0: 0x8000ef68 (0x083f2e23) sw      gp, 156(t5)
core   0: 3 0x8000ef68 (0x083f2e23) mem 0x80010000 0x00000001
core   0: 0x8000ef6c (0x0000bfe5) c.j     pc - 8
core   0: 3 0x8000ef6c (0xbfe5)
core   0: 0x8000ef64 (0x00001f17) auipc   t5, 0x1
core   0: 3 0x8000ef64 (0x00001f17) x30 0x8000ff64
core   0: 0x8000ef68 (0x083f2e23) sw      gp, 156(t5)
core   0: 3 0x8000ef68 (0x083f2e23) mem 0x80010000 0x00000001
core   0: 0x8000ef6c (0x0000bfe5) c.j     pc - 8
core   0: 3 0x8000ef6c (0xbfe5)
core   0: 0x8000ef64 (0x00001f17) auipc   t5, 0x1
core   0: 3 0x8000ef64 (0x00001f17) x30 0x8000ff64
core   0: 0x8000ef68 (0x083f2e23) sw      gp, 156(t5)
core   0: 3 0x8000ef68 (0x083f2e23) mem 0x80010000 0x00000001
core   0: 0x8000ef6c (0x0000bfe5) c.j     pc - 8
core   0: 3 0x8000ef6c (0xbfe5)
core   0: 0x8000ef64 (0x00001f17) auipc   t5, 0x1
core   0: 3 0x8000ef64 (0x00001f17) x30 0x8000ff64
core   0: 0x8000ef68 (0x083f2e23) sw      gp, 156(t5)
core   0: 3 0x8000ef68 (0x083f2e23) mem 0x80010000 0x00000001
core   0: 0x8000ef6c (0x0000bfe5) c.j     pc - 8
core   0: 3 0x8000ef6c (0xbfe5)
core   0: 0x8000ef64 (0x00001f17) auipc   t5, 0x1
core   0: 3 0x8000ef64 (0x00001f17) x30 0x8000ff64
core   0: 0x8000ef68 (0x083f2e23) sw      gp, 156(t5)
core   0: 3 0x8000ef68 (0x083f2e23) mem 0x80010000 0x00000001
core   0: 0x8000ef6c (0x0000bfe5) c.j     pc - 8
core   0: 3 0x8000ef6c (0xbfe5)
core   0: 0x8000ef64 (0x00001f17) auipc   t5, 0x1
core   0: 3 0x8000ef64 (0x00001f17) x30 0x8000ff64
core   0: 0x8000ef68 (0x083f2e23) sw      gp, 156(t5)
core   0: 3 0x8000ef68 (0x083f2e23) mem 0x80010000 0x00000001
core   0: 0x8000ef6c (0x0000bfe5) c.j     pc - 8
core   0: 3 0x8000ef6c (0xbfe5)
core   0: 0x8000ef64 (0x00001f17) auipc   t5, 0x1
core   0: 3 0x8000ef64 (0x00001f17) x30 0x8000ff64
core   0: 0x8000ef68 (0x083f2e23) sw      gp, 156(t5)
core   0: 3 0x8000ef68 (0x083f2e23) mem 0x80010000 0x00000001
core   0: 0x8000ef6c (0x0000bfe5) c.j     pc - 8
core   0: 3 0x8000ef6c (0xbfe5)
core   0: 0x8000ef64 (0x00001f17) auipc   t5, 0x1
core   0: 3 0x8000ef64 (0x00001f17) x30 0x8000ff64
core   0: 0x8000ef68 (0x083f2e23) sw      gp, 156(t5)
core   0: 3 0x8000ef68 (0x083f2e23) mem 0x80010000 0x00000001
core   0: 0x8000ef6c (0x0000bfe5) c.j     pc - 8
core   0: 3 0x8000ef6c (0xbfe5)
core   0: 0x8000ef64 (0x00001f17) auipc   t5, 0x1
core   0: 3 0x8000ef64 (0x00001f17) x30 0x8000ff64
core   0: 0x8000ef68 (0x083f2e23) sw      gp, 156(t5)
core   0: 3 0x8000ef68 (0x083f2e23) mem 0x80010000 0x00000001
core   0: 0x8000ef6c (0x0000bfe5) c.j     pc - 8
core   0: 3 0x8000ef6c (0xbfe5)
core   0: 0x8000ef64 (0x00001f17) auipc   t5, 0x1
core   0: 3 0x8000ef64 (0x00001f17) x30 0x8000ff64
core   0: 0x8000ef68 (0x083f2e23) sw      gp, 156(t5)
core   0: 3 0x8000ef68 (0x083f2e23) mem 0x80010000 0x00000001
core   0: 0x8000ef6c (0x0000bfe5) c.j     pc - 8
core   0: 3 0x8000ef6c (0xbfe5)
core   0: 0x8000ef64 (0x00001f17) auipc   t5, 0x1
core   0: 3 0x8000ef64 (0x00001f17) x30 0x8000ff64
core   0: 0x8000ef68 (0x083f2e23) sw      gp, 156(t5)
core   0: 3 0x8000ef68 (0x083f2e23) mem 0x80010000 0x00000001
core   0: 0x8000ef6c (0x0000bfe5) c.j     pc - 8
core   0: 3 0x8000ef6c (0xbfe5)
core   0: 0x8000ef64 (0x00001f17) auipc   t5, 0x1
core   0: 3 0x8000ef64 (0x00001f17) x30 0x8000ff64
core   0: 0x8000ef68 (0x083f2e23) sw      gp, 156(t5)
core   0: 3 0x8000ef68 (0x083f2e23) mem 0x80010000 0x00000001
core   0: 0x8000ef6c (0x0000bfe5) c.j     pc - 8
core   0: 3 0x8000ef6c (0xbfe5)
core   0: 0x8000ef64 (0x00001f17) auipc   t5, 0x1
core   0: 3 0x8000ef64 (0x00001f17) x30 0x8000ff64
core   0: 0x8000ef68 (0x083f2e23) sw      gp, 156(t5)
core   0: 3 0x8000ef68 (0x083f2e23) mem 0x80010000 0x00000001
core   0: 0x8000ef6c (0x0000bfe5) c.j     pc - 8
core   0: 3 0x8000ef6c (0xbfe5)
core   0: 0x8000ef64 (0x00001f17) auipc   t5, 0x1
core   0: 3 0x8000ef64 (0x00001f17) x30 0x8000ff64
core   0: 0x8000ef68 (0x083f2e23) sw      gp, 156(t5)
core   0: 3 0x8000ef68 (0x083f2e23) mem 0x80010000 0x00000001
core   0: 0x8000ef6c (0x0000bfe5) c.j     pc - 8
core   0: 3 0x8000ef6c (0xbfe5)
core   0: 0x8000ef64 (0x00001f17) auipc   t5, 0x1
core   0: 3 0x8000ef64 (0x00001f17) x30 0x8000ff64
core   0: 0x8000ef68 (0x083f2e23) sw      gp, 156(t5)
core   0: 3 0x8000ef68 (0x083f2e23) mem 0x80010000 0x00000001
core   0: 0x8000ef6c (0x0000bfe5) c.j     pc - 8
core   0: 3 0x8000ef6c (0xbfe5)
core   0: 0x8000ef64 (0x00001f17) auipc   t5, 0x1
core   0: 3 0x8000ef64 (0x00001f17) x30 0x8000ff64
core   0: 0x8000ef68 (0x083f2e23) sw      gp, 156(t5)
core   0: 3 0x8000ef68 (0x083f2e23) mem 0x80010000 0x00000001
core   0: 0x8000ef6c (0x0000bfe5) c.j     pc - 8
core   0: 3 0x8000ef6c (0xbfe5)
core   0: 0x8000ef64 (0x00001f17) auipc   t5, 0x1
core   0: 3 0x8000ef64 (0x00001f17) x30 0x8000ff64
core   0: 0x8000ef68 (0x083f2e23) sw      gp, 156(t5)
core   0: 3 0x8000ef68 (0x083f2e23) mem 0x80010000 0x00000001
core   0: 0x8000ef6c (0x0000bfe5) c.j     pc - 8
core   0: 3 0x8000ef6c (0xbfe5)
core   0: 0x8000ef64 (0x00001f17) auipc   t5, 0x1
core   0: 3 0x8000ef64 (0x00001f17) x30 0x8000ff64
core   0: 0x8000ef68 (0x083f2e23) sw      gp, 156(t5)
core   0: 3 0x8000ef68 (0x083f2e23) mem 0x80010000 0x00000001
core   0: 0x8000ef6c (0x0000bfe5) c.j     pc - 8
core   0: 3 0x8000ef6c (0xbfe5)
core   0: 0x8000ef64 (0x00001f17) auipc   t5, 0x1
core   0: 3 0x8000ef64 (0x00001f17) x30 0x8000ff64
core   0: 0x8000ef68 (0x083f2e23) sw      gp, 156(t5)
core   0: 3 0x8000ef68 (0x083f2e23) mem 0x80010000 0x00000001
core   0: 0x8000ef6c (0x0000bfe5) c.j     pc - 8
core   0: 3 0x8000ef6c (0xbfe5)
core   0: 0x8000ef64 (0x00001f17) auipc   t5, 0x1
core   0: 3 0x8000ef64 (0x00001f17) x30 0x8000ff64
core   0: 0x8000ef68 (0x083f2e23) sw      gp, 156(t5)
core   0: 3 0x8000ef68 (0x083f2e23) mem 0x80010000 0x00000001
core   0: 0x8000ef6c (0x0000bfe5) c.j     pc - 8
core   0: 3 0x8000ef6c (0xbfe5)
core   0: 0x8000ef64 (0x00001f17) auipc   t5, 0x1
core   0: 3 0x8000ef64 (0x00001f17) x30 0x8000ff64
core   0: 0x8000ef68 (0x083f2e23) sw      gp, 156(t5)
core   0: 3 0x8000ef68 (0x083f2e23) mem 0x80010000 0x00000001
core   0: 0x8000ef6c (0x0000bfe5) c.j     pc - 8
core   0: 3 0x8000ef6c (0xbfe5)
core   0: 0x8000ef64 (0x00001f17) auipc   t5, 0x1
core   0: 3 0x8000ef64 (0x00001f17) x30 0x8000ff64
core   0: 0x8000ef68 (0x083f2e23) sw      gp, 156(t5)
core   0: 3 0x8000ef68 (0x083f2e23) mem 0x80010000 0x00000001
core   0: 0x8000ef6c (0x0000bfe5) c.j     pc - 8
core   0: 3 0x8000ef6c (0xbfe5)
core   0: 0x8000ef64 (0x00001f17) auipc   t5, 0x1
core   0: 3 0x8000ef64 (0x00001f17) x30 0x8000ff64
core   0: 0x8000ef68 (0x083f2e23) sw      gp, 156(t5)
core   0: 3 0x8000ef68 (0x083f2e23) mem 0x80010000 0x00000001
core   0: 0x8000ef6c (0x0000bfe5) c.j     pc - 8
core   0: 3 0x8000ef6c (0xbfe5)
core   0: 0x8000ef64 (0x00001f17) auipc   t5, 0x1
core   0: 3 0x8000ef64 (0x00001f17) x30 0x8000ff64
core   0: 0x8000ef68 (0x083f2e23) sw      gp, 156(t5)
core   0: 3 0x8000ef68 (0x083f2e23) mem 0x80010000 0x00000001
core   0: 0x8000ef6c (0x0000bfe5) c.j     pc - 8
core   0: 3 0x8000ef6c (0xbfe5)
core   0: 0x8000ef64 (0x00001f17) auipc   t5, 0x1
core   0: 3 0x8000ef64 (0x00001f17) x30 0x8000ff64
core   0: 0x8000ef68 (0x083f2e23) sw      gp, 156(t5)
core   0: 3 0x8000ef68 (0x083f2e23) mem 0x80010000 0x00000001
core   0: 0x8000ef6c (0x0000bfe5) c.j     pc - 8
core   0: 3 0x8000ef6c (0xbfe5)
core   0: 0x8000ef64 (0x00001f17) auipc   t5, 0x1
core   0: 3 0x8000ef64 (0x00001f17) x30 0x8000ff64
core   0: 0x8000ef68 (0x083f2e23) sw      gp, 156(t5)
core   0: 3 0x8000ef68 (0x083f2e23) mem 0x80010000 0x00000001
core   0: 0x8000ef6c (0x0000bfe5) c.j     pc - 8
core   0: 3 0x8000ef6c (0xbfe5)
core   0: 0x8000ef64 (0x00001f17) auipc   t5, 0x1
core   0: 3 0x8000ef64 (0x00001f17) x30 0x8000ff64
core   0: 0x8000ef68 (0x083f2e23) sw      gp, 156(t5)
core   0: 3 0x8000ef68 (0x083f2e23) mem 0x80010000 0x00000001
core   0: 0x8000ef6c (0x0000bfe5) c.j     pc - 8
core   0: 3 0x8000ef6c (0xbfe5)
core   0: 0x8000ef64 (0x00001f17) auipc   t5, 0x1
core   0: 3 0x8000ef64 (0x00001f17) x30 0x8000ff64
core   0: 0x8000ef68 (0x083f2e23) sw      gp, 156(t5)
core   0: 3 0x8000ef68 (0x083f2e23) mem 0x80010000 0x00000001
core   0: 0x8000ef6c (0x0000bfe5) c.j     pc - 8
core   0: 3 0x8000ef6c (0xbfe5)
core   0: 0x8000ef64 (0x00001f17) auipc   t5, 0x1
core   0: 3 0x8000ef64 (0x00001f17) x30 0x8000ff64
core   0: 0x8000ef68 (0x083f2e23) sw      gp, 156(t5)
core   0: 3 0x8000ef68 (0x083f2e23) mem 0x80010000 0x00000001
core   0: 0x8000ef6c (0x0000bfe5) c.j     pc - 8
core   0: 3 0x8000ef6c (0xbfe5)
core   0: 0x8000ef64 (0x00001f17) auipc   t5, 0x1
core   0: 3 0x8000ef64 (0x00001f17) x30 0x8000ff64
core   0: 0x8000ef68 (0x083f2e23) sw      gp, 156(t5)
core   0: 3 0x8000ef68 (0x083f2e23) mem 0x80010000 0x00000001
core   0: 0x8000ef6c (0x0000bfe5) c.j     pc - 8
core   0: 3 0x8000ef6c (0xbfe5)
core   0: 0x8000ef64 (0x00001f17) auipc   t5, 0x1
core   0: 3 0x8000ef64 (0x00001f17) x30 0x8000ff64
core   0: 0x8000ef68 (0x083f2e23) sw      gp, 156(t5)
core   0: 3 0x8000ef68 (0x083f2e23) mem 0x80010000 0x00000001
core   0: 0x8000ef6c (0x0000bfe5) c.j     pc - 8
core   0: 3 0x8000ef6c (0xbfe5)
core   0: 0x8000ef64 (0x00001f17) auipc   t5, 0x1
core   0: 3 0x8000ef64 (0x00001f17) x30 0x8000ff64
core   0: 0x8000ef68 (0x083f2e23) sw      gp, 156(t5)
core   0: 3 0x8000ef68 (0x083f2e23) mem 0x80010000 0x00000001
core   0: 0x8000ef6c (0x0000bfe5) c.j     pc - 8
core   0: 3 0x8000ef6c (0xbfe5)
core   0: 0x8000ef64 (0x00001f17) auipc   t5, 0x1
core   0: 3 0x8000ef64 (0x00001f17) x30 0x8000ff64
core   0: 0x8000ef68 (0x083f2e23) sw      gp, 156(t5)
core   0: 3 0x8000ef68 (0x083f2e23) mem 0x80010000 0x00000001
core   0: 0x8000ef6c (0x0000bfe5) c.j     pc - 8
core   0: 3 0x8000ef6c (0xbfe5)
core   0: 0x8000ef64 (0x00001f17) auipc   t5, 0x1
core   0: 3 0x8000ef64 (0x00001f17) x30 0x8000ff64
core   0: 0x8000ef68 (0x083f2e23) sw      gp, 156(t5)
core   0: 3 0x8000ef68 (0x083f2e23) mem 0x80010000 0x00000001
core   0: 0x8000ef6c (0x0000bfe5) c.j     pc - 8
core   0: 3 0x8000ef6c (0xbfe5)
core   0: 0x8000ef64 (0x00001f17) auipc   t5, 0x1
core   0: 3 0x8000ef64 (0x00001f17) x30 0x8000ff64
core   0: 0x8000ef68 (0x083f2e23) sw      gp, 156(t5)
core   0: 3 0x8000ef68 (0x083f2e23) mem 0x80010000 0x00000001
core   0: 0x8000ef6c (0x0000bfe5) c.j     pc - 8
core   0: 3 0x8000ef6c (0xbfe5)
core   0: 0x8000ef64 (0x00001f17) auipc   t5, 0x1
core   0: 3 0x8000ef64 (0x00001f17) x30 0x8000ff64
core   0: 0x8000ef68 (0x083f2e23) sw      gp, 156(t5)
core   0: 3 0x8000ef68 (0x083f2e23) mem 0x80010000 0x00000001
core   0: 0x8000ef6c (0x0000bfe5) c.j     pc - 8
core   0: 3 0x8000ef6c (0xbfe5)
core   0: 0x8000ef64 (0x00001f17) auipc   t5, 0x1
core   0: 3 0x8000ef64 (0x00001f17) x30 0x8000ff64
core   0: 0x8000ef68 (0x083f2e23) sw      gp, 156(t5)
core   0: 3 0x8000ef68 (0x083f2e23) mem 0x80010000 0x00000001
core   0: 0x8000ef6c (0x0000bfe5) c.j     pc - 8
core   0: 3 0x8000ef6c (0xbfe5)
core   0: 0x8000ef64 (0x00001f17) auipc   t5, 0x1
core   0: 3 0x8000ef64 (0x00001f17) x30 0x8000ff64
core   0: 0x8000ef68 (0x083f2e23) sw      gp, 156(t5)
core   0: 3 0x8000ef68 (0x083f2e23) mem 0x80010000 0x00000001
core   0: 0x8000ef6c (0x0000bfe5) c.j     pc - 8
core   0: 3 0x8000ef6c (0xbfe5)
core   0: 0x8000ef64 (0x00001f17) auipc   t5, 0x1
core   0: 3 0x8000ef64 (0x00001f17) x30 0x8000ff64
core   0: 0x8000ef68 (0x083f2e23) sw      gp, 156(t5)
core   0: 3 0x8000ef68 (0x083f2e23) mem 0x80010000 0x00000001
core   0: 0x8000ef6c (0x0000bfe5) c.j     pc - 8
core   0: 3 0x8000ef6c (0xbfe5)
core   0: 0x8000ef64 (0x00001f17) auipc   t5, 0x1
core   0: 3 0x8000ef64 (0x00001f17) x30 0x8000ff64
core   0: 0x8000ef68 (0x083f2e23) sw      gp, 156(t5)
core   0: 3 0x8000ef68 (0x083f2e23) mem 0x80010000 0x00000001
core   0: 0x8000ef6c (0x0000bfe5) c.j     pc - 8
core   0: 3 0x8000ef6c (0xbfe5)
core   0: 0x8000ef64 (0x00001f17) auipc   t5, 0x1
core   0: 3 0x8000ef64 (0x00001f17) x30 0x8000ff64
core   0: 0x8000ef68 (0x083f2e23) sw      gp, 156(t5)
core   0: 3 0x8000ef68 (0x083f2e23) mem 0x80010000 0x00000001
core   0: 0x8000ef6c (0x0000bfe5) c.j     pc - 8
core   0: 3 0x8000ef6c (0xbfe5)
core   0: 0x8000ef64 (0x00001f17) auipc   t5, 0x1
core   0: 3 0x8000ef64 (0x00001f17) x30 0x8000ff64
core   0: 0x8000ef68 (0x083f2e23) sw      gp, 156(t5)
core   0: 3 0x8000ef68 (0x083f2e23) mem 0x80010000 0x00000001
core   0: 0x8000ef6c (0x0000bfe5) c.j     pc - 8
core   0: 3 0x8000ef6c (0xbfe5)
core   0: 0x8000ef64 (0x00001f17) auipc   t5, 0x1
core   0: 3 0x8000ef64 (0x00001f17) x30 0x8000ff64
core   0: 0x8000ef68 (0x083f2e23) sw      gp, 156(t5)
core   0: 3 0x8000ef68 (0x083f2e23) mem 0x80010000 0x00000001
core   0: 0x8000ef6c (0x0000bfe5) c.j     pc - 8
core   0: 3 0x8000ef6c (0xbfe5)
core   0: 0x8000ef64 (0x00001f17) auipc   t5, 0x1
core   0: 3 0x8000ef64 (0x00001f17) x30 0x8000ff64
core   0: 0x8000ef68 (0x083f2e23) sw      gp, 156(t5)
core   0: 3 0x8000ef68 (0x083f2e23) mem 0x80010000 0x00000001
core   0: 0x8000ef6c (0x0000bfe5) c.j     pc - 8
core   0: 3 0x8000ef6c (0xbfe5)
core   0: 0x8000ef64 (0x00001f17) auipc   t5, 0x1
core   0: 3 0x8000ef64 (0x00001f17) x30 0x8000ff64
core   0: 0x8000ef68 (0x083f2e23) sw      gp, 156(t5)
core   0: 3 0x8000ef68 (0x083f2e23) mem 0x80010000 0x00000001
core   0: 0x8000ef6c (0x0000bfe5) c.j     pc - 8
core   0: 3 0x8000ef6c (0xbfe5)
core   0: 0x8000ef64 (0x00001f17) auipc   t5, 0x1
core   0: 3 0x8000ef64 (0x00001f17) x30 0x8000ff64
core   0: 0x8000ef68 (0x083f2e23) sw      gp, 156(t5)
core   0: 3 0x8000ef68 (0x083f2e23) mem 0x80010000 0x00000001
core   0: 0x8000ef6c (0x0000bfe5) c.j     pc - 8
core   0: 3 0x8000ef6c (0xbfe5)
core   0: 0x8000ef64 (0x00001f17) auipc   t5, 0x1
core   0: 3 0x8000ef64 (0x00001f17) x30 0x8000ff64
core   0: 0x8000ef68 (0x083f2e23) sw      gp, 156(t5)
core   0: 3 0x8000ef68 (0x083f2e23) mem 0x80010000 0x00000001
core   0: 0x8000ef6c (0x0000bfe5) c.j     pc - 8
core   0: 3 0x8000ef6c (0xbfe5)
core   0: 0x8000ef64 (0x00001f17) auipc   t5, 0x1
core   0: 3 0x8000ef64 (0x00001f17) x30 0x8000ff64
core   0: 0x8000ef68 (0x083f2e23) sw      gp, 156(t5)
core   0: 3 0x8000ef68 (0x083f2e23) mem 0x80010000 0x00000001
core   0: 0x8000ef6c (0x0000bfe5) c.j     pc - 8
core   0: 3 0x8000ef6c (0xbfe5)
core   0: 0x8000ef64 (0x00001f17) auipc   t5, 0x1
core   0: 3 0x8000ef64 (0x00001f17) x30 0x8000ff64
core   0: 0x8000ef68 (0x083f2e23) sw      gp, 156(t5)
core   0: 3 0x8000ef68 (0x083f2e23) mem 0x80010000 0x00000001
core   0: 0x8000ef6c (0x0000bfe5) c.j     pc - 8
core   0: 3 0x8000ef6c (0xbfe5)
core   0: 0x8000ef64 (0x00001f17) auipc   t5, 0x1
core   0: 3 0x8000ef64 (0x00001f17) x30 0x8000ff64
core   0: 0x8000ef68 (0x083f2e23) sw      gp, 156(t5)
core   0: 3 0x8000ef68 (0x083f2e23) mem 0x80010000 0x00000001
core   0: 0x8000ef6c (0x0000bfe5) c.j     pc - 8
core   0: 3 0x8000ef6c (0xbfe5)
core   0: 0x8000ef64 (0x00001f17) auipc   t5, 0x1
core   0: 3 0x8000ef64 (0x00001f17) x30 0x8000ff64
core   0: 0x8000ef68 (0x083f2e23) sw      gp, 156(t5)
core   0: 3 0x8000ef68 (0x083f2e23) mem 0x80010000 0x00000001
core   0: 0x8000ef6c (0x0000bfe5) c.j     pc - 8
core   0: 3 0x8000ef6c (0xbfe5)
core   0: 0x8000ef64 (0x00001f17) auipc   t5, 0x1
core   0: 3 0x8000ef64 (0x00001f17) x30 0x8000ff64
core   0: 0x8000ef68 (0x083f2e23) sw      gp, 156(t5)
core   0: 3 0x8000ef68 (0x083f2e23) mem 0x80010000 0x00000001
core   0: 0x8000ef6c (0x0000bfe5) c.j     pc - 8
core   0: 3 0x8000ef6c (0xbfe5)
core   0: 0x8000ef64 (0x00001f17) auipc   t5, 0x1
core   0: 3 0x8000ef64 (0x00001f17) x30 0x8000ff64
core   0: 0x8000ef68 (0x083f2e23) sw      gp, 156(t5)
core   0: 3 0x8000ef68 (0x083f2e23) mem 0x80010000 0x00000001
core   0: 0x8000ef6c (0x0000bfe5) c.j     pc - 8
core   0: 3 0x8000ef6c (0xbfe5)
core   0: 0x8000ef64 (0x00001f17) auipc   t5, 0x1
core   0: 3 0x8000ef64 (0x00001f17) x30 0x8000ff64
core   0: 0x8000ef68 (0x083f2e23) sw      gp, 156(t5)
core   0: 3 0x8000ef68 (0x083f2e23) mem 0x80010000 0x00000001
core   0: 0x8000ef6c (0x0000bfe5) c.j     pc - 8
core   0: 3 0x8000ef6c (0xbfe5)
core   0: 0x8000ef64 (0x00001f17) auipc   t5, 0x1
core   0: 3 0x8000ef64 (0x00001f17) x30 0x8000ff64
core   0: 0x8000ef68 (0x083f2e23) sw      gp, 156(t5)
core   0: 3 0x8000ef68 (0x083f2e23) mem 0x80010000 0x00000001
core   0: 0x8000ef6c (0x0000bfe5) c.j     pc - 8
core   0: 3 0x8000ef6c (0xbfe5)
core   0: 0x8000ef64 (0x00001f17) auipc   t5, 0x1
core   0: 3 0x8000ef64 (0x00001f17) x30 0x8000ff64
core   0: 0x8000ef68 (0x083f2e23) sw      gp, 156(t5)
core   0: 3 0x8000ef68 (0x083f2e23) mem 0x80010000 0x00000001
core   0: 0x8000ef6c (0x0000bfe5) c.j     pc - 8
core   0: 3 0x8000ef6c (0xbfe5)
core   0: 0x8000ef64 (0x00001f17) auipc   t5, 0x1
core   0: 3 0x8000ef64 (0x00001f17) x30 0x8000ff64
core   0: 0x8000ef68 (0x083f2e23) sw      gp, 156(t5)
core   0: 3 0x8000ef68 (0x083f2e23) mem 0x80010000 0x00000001
core   0: 0x8000ef6c (0x0000bfe5) c.j     pc - 8
core   0: 3 0x8000ef6c (0xbfe5)
core   0: 0x8000ef64 (0x00001f17) auipc   t5, 0x1
core   0: 3 0x8000ef64 (0x00001f17) x30 0x8000ff64
core   0: 0x8000ef68 (0x083f2e23) sw      gp, 156(t5)
core   0: 3 0x8000ef68 (0x083f2e23) mem 0x80010000 0x00000001
core   0: 0x8000ef6c (0x0000bfe5) c.j     pc - 8
core   0: 3 0x8000ef6c (0xbfe5)
core   0: 0x8000ef64 (0x00001f17) auipc   t5, 0x1
core   0: 3 0x8000ef64 (0x00001f17) x30 0x8000ff64
core   0: 0x8000ef68 (0x083f2e23) sw      gp, 156(t5)
core   0: 3 0x8000ef68 (0x083f2e23) mem 0x80010000 0x00000001
core   0: 0x8000ef6c (0x0000bfe5) c.j     pc - 8
core   0: 3 0x8000ef6c (0xbfe5)
core   0: 0x8000ef64 (0x00001f17) auipc   t5, 0x1
core   0: 3 0x8000ef64 (0x00001f17) x30 0x8000ff64
core   0: 0x8000ef68 (0x083f2e23) sw      gp, 156(t5)
core   0: 3 0x8000ef68 (0x083f2e23) mem 0x80010000 0x00000001
core   0: 0x8000ef6c (0x0000bfe5) c.j     pc - 8
core   0: 3 0x8000ef6c (0xbfe5)
core   0: 0x8000ef64 (0x00001f17) auipc   t5, 0x1
core   0: 3 0x8000ef64 (0x00001f17) x30 0x8000ff64
core   0: 0x8000ef68 (0x083f2e23) sw      gp, 156(t5)
core   0: 3 0x8000ef68 (0x083f2e23) mem 0x80010000 0x00000001
core   0: 0x8000ef6c (0x0000bfe5) c.j     pc - 8
core   0: 3 0x8000ef6c (0xbfe5)
core   0: 0x8000ef64 (0x00001f17) auipc   t5, 0x1
core   0: 3 0x8000ef64 (0x00001f17) x30 0x8000ff64
core   0: 0x8000ef68 (0x083f2e23) sw      gp, 156(t5)
core   0: 3 0x8000ef68 (0x083f2e23) mem 0x80010000 0x00000001
core   0: 0x8000ef6c (0x0000bfe5) c.j     pc - 8
core   0: 3 0x8000ef6c (0xbfe5)
core   0: 0x8000ef64 (0x00001f17) auipc   t5, 0x1
core   0: 3 0x8000ef64 (0x00001f17) x30 0x8000ff64
core   0: 0x8000ef68 (0x083f2e23) sw      gp, 156(t5)
core   0: 3 0x8000ef68 (0x083f2e23) mem 0x80010000 0x00000001
core   0: 0x8000ef6c (0x0000bfe5) c.j     pc - 8
core   0: 3 0x8000ef6c (0xbfe5)
core   0: 0x8000ef64 (0x00001f17) auipc   t5, 0x1
core   0: 3 0x8000ef64 (0x00001f17) x30 0x8000ff64
core   0: 0x8000ef68 (0x083f2e23) sw      gp, 156(t5)
core   0: 3 0x8000ef68 (0x083f2e23) mem 0x80010000 0x00000001
core   0: 0x8000ef6c (0x0000bfe5) c.j     pc - 8
core   0: 3 0x8000ef6c (0xbfe5)
core   0: 0x8000ef64 (0x00001f17) auipc   t5, 0x1
core   0: 3 0x8000ef64 (0x00001f17) x30 0x8000ff64
core   0: 0x8000ef68 (0x083f2e23) sw      gp, 156(t5)
core   0: 3 0x8000ef68 (0x083f2e23) mem 0x80010000 0x00000001
core   0: 0x8000ef6c (0x0000bfe5) c.j     pc - 8
core   0: 3 0x8000ef6c (0xbfe5)
core   0: 0x8000ef64 (0x00001f17) auipc   t5, 0x1
core   0: 3 0x8000ef64 (0x00001f17) x30 0x8000ff64
core   0: 0x8000ef68 (0x083f2e23) sw      gp, 156(t5)
core   0: 3 0x8000ef68 (0x083f2e23) mem 0x80010000 0x00000001
core   0: 0x8000ef6c (0x0000bfe5) c.j     pc - 8
core   0: 3 0x8000ef6c (0xbfe5)
core   0: 0x8000ef64 (0x00001f17) auipc   t5, 0x1
core   0: 3 0x8000ef64 (0x00001f17) x30 0x8000ff64
core   0: 0x8000ef68 (0x083f2e23) sw      gp, 156(t5)
core   0: 3 0x8000ef68 (0x083f2e23) mem 0x80010000 0x00000001
core   0: 0x8000ef6c (0x0000bfe5) c.j     pc - 8
core   0: 3 0x8000ef6c (0xbfe5)
core   0: 0x8000ef64 (0x00001f17) auipc   t5, 0x1
core   0: 3 0x8000ef64 (0x00001f17) x30 0x8000ff64
core   0: 0x8000ef68 (0x083f2e23) sw      gp, 156(t5)
core   0: 3 0x8000ef68 (0x083f2e23) mem 0x80010000 0x00000001
core   0: 0x8000ef6c (0x0000bfe5) c.j     pc - 8
core   0: 3 0x8000ef6c (0xbfe5)
core   0: 0x8000ef64 (0x00001f17) auipc   t5, 0x1
core   0: 3 0x8000ef64 (0x00001f17) x30 0x8000ff64
core   0: 0x8000ef68 (0x083f2e23) sw      gp, 156(t5)
core   0: 3 0x8000ef68 (0x083f2e23) mem 0x80010000 0x00000001
core   0: 0x8000ef6c (0x0000bfe5) c.j     pc - 8
core   0: 3 0x8000ef6c (0xbfe5)
core   0: 0x8000ef64 (0x00001f17) auipc   t5, 0x1
core   0: 3 0x8000ef64 (0x00001f17) x30 0x8000ff64
core   0: 0x8000ef68 (0x083f2e23) sw      gp, 156(t5)
core   0: 3 0x8000ef68 (0x083f2e23) mem 0x80010000 0x00000001
core   0: 0x8000ef6c (0x0000bfe5) c.j     pc - 8
core   0: 3 0x8000ef6c (0xbfe5)
core   0: 0x8000ef64 (0x00001f17) auipc   t5, 0x1
core   0: 3 0x8000ef64 (0x00001f17) x30 0x8000ff64
core   0: 0x8000ef68 (0x083f2e23) sw      gp, 156(t5)
core   0: 3 0x8000ef68 (0x083f2e23) mem 0x80010000 0x00000001
core   0: 0x8000ef6c (0x0000bfe5) c.j     pc - 8
core   0: 3 0x8000ef6c (0xbfe5)
core   0: 0x8000ef64 (0x00001f17) auipc   t5, 0x1
core   0: 3 0x8000ef64 (0x00001f17) x30 0x8000ff64
core   0: 0x8000ef68 (0x083f2e23) sw      gp, 156(t5)
core   0: 3 0x8000ef68 (0x083f2e23) mem 0x80010000 0x00000001
core   0: 0x8000ef6c (0x0000bfe5) c.j     pc - 8
core   0: 3 0x8000ef6c (0xbfe5)
core   0: 0x8000ef64 (0x00001f17) auipc   t5, 0x1
core   0: 3 0x8000ef64 (0x00001f17) x30 0x8000ff64
core   0: 0x8000ef68 (0x083f2e23) sw      gp, 156(t5)
core   0: 3 0x8000ef68 (0x083f2e23) mem 0x80010000 0x00000001
core   0: 0x8000ef6c (0x0000bfe5) c.j     pc - 8
core   0: 3 0x8000ef6c (0xbfe5)
core   0: 0x8000ef64 (0x00001f17) auipc   t5, 0x1
core   0: 3 0x8000ef64 (0x00001f17) x30 0x8000ff64
core   0: 0x8000ef68 (0x083f2e23) sw      gp, 156(t5)
core   0: 3 0x8000ef68 (0x083f2e23) mem 0x80010000 0x00000001
core   0: 0x8000ef6c (0x0000bfe5) c.j     pc - 8
core   0: 3 0x8000ef6c (0xbfe5)
core   0: 0x8000ef64 (0x00001f17) auipc   t5, 0x1
core   0: 3 0x8000ef64 (0x00001f17) x30 0x8000ff64
core   0: 0x8000ef68 (0x083f2e23) sw      gp, 156(t5)
core   0: 3 0x8000ef68 (0x083f2e23) mem 0x80010000 0x00000001
core   0: 0x8000ef6c (0x0000bfe5) c.j     pc - 8
core   0: 3 0x8000ef6c (0xbfe5)
core   0: 0x8000ef64 (0x00001f17) auipc   t5, 0x1
core   0: 3 0x8000ef64 (0x00001f17) x30 0x8000ff64
core   0: 0x8000ef68 (0x083f2e23) sw      gp, 156(t5)
core   0: 3 0x8000ef68 (0x083f2e23) mem 0x80010000 0x00000001
core   0: 0x8000ef6c (0x0000bfe5) c.j     pc - 8
core   0: 3 0x8000ef6c (0xbfe5)
core   0: 0x8000ef64 (0x00001f17) auipc   t5, 0x1
core   0: 3 0x8000ef64 (0x00001f17) x30 0x8000ff64
core   0: 0x8000ef68 (0x083f2e23) sw      gp, 156(t5)
core   0: 3 0x8000ef68 (0x083f2e23) mem 0x80010000 0x00000001
core   0: 0x8000ef6c (0x0000bfe5) c.j     pc - 8
core   0: 3 0x8000ef6c (0xbfe5)
core   0: 0x8000ef64 (0x00001f17) auipc   t5, 0x1
core   0: 3 0x8000ef64 (0x00001f17) x30 0x8000ff64
core   0: 0x8000ef68 (0x083f2e23) sw      gp, 156(t5)
core   0: 3 0x8000ef68 (0x083f2e23) mem 0x80010000 0x00000001
core   0: 0x8000ef6c (0x0000bfe5) c.j     pc - 8
core   0: 3 0x8000ef6c (0xbfe5)
core   0: 0x8000ef64 (0x00001f17) auipc   t5, 0x1
core   0: 3 0x8000ef64 (0x00001f17) x30 0x8000ff64
core   0: 0x8000ef68 (0x083f2e23) sw      gp, 156(t5)
core   0: 3 0x8000ef68 (0x083f2e23) mem 0x80010000 0x00000001
core   0: 0x8000ef6c (0x0000bfe5) c.j     pc - 8
core   0: 3 0x8000ef6c (0xbfe5)
core   0: 0x8000ef64 (0x00001f17) auipc   t5, 0x1
core   0: 3 0x8000ef64 (0x00001f17) x30 0x8000ff64
core   0: 0x8000ef68 (0x083f2e23) sw      gp, 156(t5)
core   0: 3 0x8000ef68 (0x083f2e23) mem 0x80010000 0x00000001
core   0: 0x8000ef6c (0x0000bfe5) c.j     pc - 8
core   0: 3 0x8000ef6c (0xbfe5)
core   0: 0x8000ef64 (0x00001f17) auipc   t5, 0x1
core   0: 3 0x8000ef64 (0x00001f17) x30 0x8000ff64
core   0: 0x8000ef68 (0x083f2e23) sw      gp, 156(t5)
core   0: 3 0x8000ef68 (0x083f2e23) mem 0x80010000 0x00000001
core   0: 0x8000ef6c (0x0000bfe5) c.j     pc - 8
core   0: 3 0x8000ef6c (0xbfe5)
core   0: 0x8000ef64 (0x00001f17) auipc   t5, 0x1
core   0: 3 0x8000ef64 (0x00001f17) x30 0x8000ff64
core   0: 0x8000ef68 (0x083f2e23) sw      gp, 156(t5)
core   0: 3 0x8000ef68 (0x083f2e23) mem 0x80010000 0x00000001
core   0: 0x8000ef6c (0x0000bfe5) c.j     pc - 8
core   0: 3 0x8000ef6c (0xbfe5)
core   0: 0x8000ef64 (0x00001f17) auipc   t5, 0x1
core   0: 3 0x8000ef64 (0x00001f17) x30 0x8000ff64
core   0: 0x8000ef68 (0x083f2e23) sw      gp, 156(t5)
core   0: 3 0x8000ef68 (0x083f2e23) mem 0x80010000 0x00000001
core   0: 0x8000ef6c (0x0000bfe5) c.j     pc - 8
core   0: 3 0x8000ef6c (0xbfe5)
core   0: 0x8000ef64 (0x00001f17) auipc   t5, 0x1
core   0: 3 0x8000ef64 (0x00001f17) x30 0x8000ff64
core   0: 0x8000ef68 (0x083f2e23) sw      gp, 156(t5)
core   0: 3 0x8000ef68 (0x083f2e23) mem 0x80010000 0x00000001
core   0: 0x8000ef6c (0x0000bfe5) c.j     pc - 8
core   0: 3 0x8000ef6c (0xbfe5)
core   0: 0x8000ef64 (0x00001f17) auipc   t5, 0x1
core   0: 3 0x8000ef64 (0x00001f17) x30 0x8000ff64
core   0: 0x8000ef68 (0x083f2e23) sw      gp, 156(t5)
core   0: 3 0x8000ef68 (0x083f2e23) mem 0x80010000 0x00000001
core   0: 0x8000ef6c (0x0000bfe5) c.j     pc - 8
core   0: 3 0x8000ef6c (0xbfe5)
core   0: 0x8000ef64 (0x00001f17) auipc   t5, 0x1
core   0: 3 0x8000ef64 (0x00001f17) x30 0x8000ff64
core   0: 0x8000ef68 (0x083f2e23) sw      gp, 156(t5)
core   0: 3 0x8000ef68 (0x083f2e23) mem 0x80010000 0x00000001
core   0: 0x8000ef6c (0x0000bfe5) c.j     pc - 8
core   0: 3 0x8000ef6c (0xbfe5)
core   0: 0x8000ef64 (0x00001f17) auipc   t5, 0x1
core   0: 3 0x8000ef64 (0x00001f17) x30 0x8000ff64
core   0: 0x8000ef68 (0x083f2e23) sw      gp, 156(t5)
core   0: 3 0x8000ef68 (0x083f2e23) mem 0x80010000 0x00000001
core   0: 0x8000ef6c (0x0000bfe5) c.j     pc - 8
core   0: 3 0x8000ef6c (0xbfe5)
core   0: 0x8000ef64 (0x00001f17) auipc   t5, 0x1
core   0: 3 0x8000ef64 (0x00001f17) x30 0x8000ff64
core   0: 0x8000ef68 (0x083f2e23) sw      gp, 156(t5)
core   0: 3 0x8000ef68 (0x083f2e23) mem 0x80010000 0x00000001
core   0: 0x8000ef6c (0x0000bfe5) c.j     pc - 8
core   0: 3 0x8000ef6c (0xbfe5)
core   0: 0x8000ef64 (0x00001f17) auipc   t5, 0x1
core   0: 3 0x8000ef64 (0x00001f17) x30 0x8000ff64
core   0: 0x8000ef68 (0x083f2e23) sw      gp, 156(t5)
core   0: 3 0x8000ef68 (0x083f2e23) mem 0x80010000 0x00000001
core   0: 0x8000ef6c (0x0000bfe5) c.j     pc - 8
core   0: 3 0x8000ef6c (0xbfe5)
core   0: 0x8000ef64 (0x00001f17) auipc   t5, 0x1
core   0: 3 0x8000ef64 (0x00001f17) x30 0x8000ff64
core   0: 0x8000ef68 (0x083f2e23) sw      gp, 156(t5)
core   0: 3 0x8000ef68 (0x083f2e23) mem 0x80010000 0x00000001
core   0: 0x8000ef6c (0x0000bfe5) c.j     pc - 8
core   0: 3 0x8000ef6c (0xbfe5)
core   0: 0x8000ef64 (0x00001f17) auipc   t5, 0x1
core   0: 3 0x8000ef64 (0x00001f17) x30 0x8000ff64
core   0: 0x8000ef68 (0x083f2e23) sw      gp, 156(t5)
core   0: 3 0x8000ef68 (0x083f2e23) mem 0x80010000 0x00000001
core   0: 0x8000ef6c (0x0000bfe5) c.j     pc - 8
core   0: 3 0x8000ef6c (0xbfe5)
core   0: 0x8000ef64 (0x00001f17) auipc   t5, 0x1
core   0: 3 0x8000ef64 (0x00001f17) x30 0x8000ff64
core   0: 0x8000ef68 (0x083f2e23) sw      gp, 156(t5)
core   0: 3 0x8000ef68 (0x083f2e23) mem 0x80010000 0x00000001
core   0: 0x8000ef6c (0x0000bfe5) c.j     pc - 8
core   0: 3 0x8000ef6c (0xbfe5)
core   0: 0x8000ef64 (0x00001f17) auipc   t5, 0x1
core   0: 3 0x8000ef64 (0x00001f17) x30 0x8000ff64
core   0: 0x8000ef68 (0x083f2e23) sw      gp, 156(t5)
core   0: 3 0x8000ef68 (0x083f2e23) mem 0x80010000 0x00000001
core   0: 0x8000ef6c (0x0000bfe5) c.j     pc - 8
core   0: 3 0x8000ef6c (0xbfe5)
core   0: 0x8000ef64 (0x00001f17) auipc   t5, 0x1
core   0: 3 0x8000ef64 (0x00001f17) x30 0x8000ff64
core   0: 0x8000ef68 (0x083f2e23) sw      gp, 156(t5)
core   0: 3 0x8000ef68 (0x083f2e23) mem 0x80010000 0x00000001
core   0: 0x8000ef6c (0x0000bfe5) c.j     pc - 8
core   0: 3 0x8000ef6c (0xbfe5)
core   0: 0x8000ef64 (0x00001f17) auipc   t5, 0x1
core   0: 3 0x8000ef64 (0x00001f17) x30 0x8000ff64
core   0: 0x8000ef68 (0x083f2e23) sw      gp, 156(t5)
core   0: 3 0x8000ef68 (0x083f2e23) mem 0x80010000 0x00000001
core   0: 0x8000ef6c (0x0000bfe5) c.j     pc - 8
core   0: 3 0x8000ef6c (0xbfe5)
core   0: 0x8000ef64 (0x00001f17) auipc   t5, 0x1
core   0: 3 0x8000ef64 (0x00001f17) x30 0x8000ff64
core   0: 0x8000ef68 (0x083f2e23) sw      gp, 156(t5)
core   0: 3 0x8000ef68 (0x083f2e23) mem 0x80010000 0x00000001
core   0: 0x8000ef6c (0x0000bfe5) c.j     pc - 8
core   0: 3 0x8000ef6c (0xbfe5)
core   0: 0x8000ef64 (0x00001f17) auipc   t5, 0x1
core   0: 3 0x8000ef64 (0x00001f17) x30 0x8000ff64
core   0: 0x8000ef68 (0x083f2e23) sw      gp, 156(t5)
core   0: 3 0x8000ef68 (0x083f2e23) mem 0x80010000 0x00000001
core   0: 0x8000ef6c (0x0000bfe5) c.j     pc - 8
core   0: 3 0x8000ef6c (0xbfe5)
core   0: 0x8000ef64 (0x00001f17) auipc   t5, 0x1
core   0: 3 0x8000ef64 (0x00001f17) x30 0x8000ff64
core   0: 0x8000ef68 (0x083f2e23) sw      gp, 156(t5)
core   0: 3 0x8000ef68 (0x083f2e23) mem 0x80010000 0x00000001
core   0: 0x8000ef6c (0x0000bfe5) c.j     pc - 8
core   0: 3 0x8000ef6c (0xbfe5)
core   0: 0x8000ef64 (0x00001f17) auipc   t5, 0x1
core   0: 3 0x8000ef64 (0x00001f17) x30 0x8000ff64
core   0: 0x8000ef68 (0x083f2e23) sw      gp, 156(t5)
core   0: 3 0x8000ef68 (0x083f2e23) mem 0x80010000 0x00000001
core   0: 0x8000ef6c (0x0000bfe5) c.j     pc - 8
core   0: 3 0x8000ef6c (0xbfe5)
core   0: 0x8000ef64 (0x00001f17) auipc   t5, 0x1
core   0: 3 0x8000ef64 (0x00001f17) x30 0x8000ff64
core   0: 0x8000ef68 (0x083f2e23) sw      gp, 156(t5)
core   0: 3 0x8000ef68 (0x083f2e23) mem 0x80010000 0x00000001
core   0: 0x8000ef6c (0x0000bfe5) c.j     pc - 8
core   0: 3 0x8000ef6c (0xbfe5)
core   0: 0x8000ef64 (0x00001f17) auipc   t5, 0x1
core   0: 3 0x8000ef64 (0x00001f17) x30 0x8000ff64
core   0: 0x8000ef68 (0x083f2e23) sw      gp, 156(t5)
core   0: 3 0x8000ef68 (0x083f2e23) mem 0x80010000 0x00000001
core   0: 0x8000ef6c (0x0000bfe5) c.j     pc - 8
core   0: 3 0x8000ef6c (0xbfe5)
core   0: 0x8000ef64 (0x00001f17) auipc   t5, 0x1
core   0: 3 0x8000ef64 (0x00001f17) x30 0x8000ff64
core   0: 0x8000ef68 (0x083f2e23) sw      gp, 156(t5)
core   0: 3 0x8000ef68 (0x083f2e23) mem 0x80010000 0x00000001
core   0: 0x8000ef6c (0x0000bfe5) c.j     pc - 8
core   0: 3 0x8000ef6c (0xbfe5)
core   0: 0x8000ef64 (0x00001f17) auipc   t5, 0x1
core   0: 3 0x8000ef64 (0x00001f17) x30 0x8000ff64
core   0: 0x8000ef68 (0x083f2e23) sw      gp, 156(t5)
core   0: 3 0x8000ef68 (0x083f2e23) mem 0x80010000 0x00000001
core   0: 0x8000ef6c (0x0000bfe5) c.j     pc - 8
core   0: 3 0x8000ef6c (0xbfe5)
core   0: 0x8000ef64 (0x00001f17) auipc   t5, 0x1
core   0: 3 0x8000ef64 (0x00001f17) x30 0x8000ff64
core   0: 0x8000ef68 (0x083f2e23) sw      gp, 156(t5)
core   0: 3 0x8000ef68 (0x083f2e23) mem 0x80010000 0x00000001
core   0: 0x8000ef6c (0x0000bfe5) c.j     pc - 8
core   0: 3 0x8000ef6c (0xbfe5)
core   0: 0x8000ef64 (0x00001f17) auipc   t5, 0x1
core   0: 3 0x8000ef64 (0x00001f17) x30 0x8000ff64
core   0: 0x8000ef68 (0x083f2e23) sw      gp, 156(t5)
core   0: 3 0x8000ef68 (0x083f2e23) mem 0x80010000 0x00000001
core   0: 0x8000ef6c (0x0000bfe5) c.j     pc - 8
core   0: 3 0x8000ef6c (0xbfe5)
core   0: 0x8000ef64 (0x00001f17) auipc   t5, 0x1
core   0: 3 0x8000ef64 (0x00001f17) x30 0x8000ff64
core   0: 0x8000ef68 (0x083f2e23) sw      gp, 156(t5)
core   0: 3 0x8000ef68 (0x083f2e23) mem 0x80010000 0x00000001
core   0: 0x8000ef6c (0x0000bfe5) c.j     pc - 8
core   0: 3 0x8000ef6c (0xbfe5)
core   0: 0x8000ef64 (0x00001f17) auipc   t5, 0x1
core   0: 3 0x8000ef64 (0x00001f17) x30 0x8000ff64
core   0: 0x8000ef68 (0x083f2e23) sw      gp, 156(t5)
core   0: 3 0x8000ef68 (0x083f2e23) mem 0x80010000 0x00000001
core   0: 0x8000ef6c (0x0000bfe5) c.j     pc - 8
core   0: 3 0x8000ef6c (0xbfe5)
core   0: 0x8000ef64 (0x00001f17) auipc   t5, 0x1
core   0: 3 0x8000ef64 (0x00001f17) x30 0x8000ff64
core   0: 0x8000ef68 (0x083f2e23) sw      gp, 156(t5)
core   0: 3 0x8000ef68 (0x083f2e23) mem 0x80010000 0x00000001
core   0: 0x8000ef6c (0x0000bfe5) c.j     pc - 8
core   0: 3 0x8000ef6c (0xbfe5)
core   0: 0x8000ef64 (0x00001f17) auipc   t5, 0x1
core   0: 3 0x8000ef64 (0x00001f17) x30 0x8000ff64
core   0: 0x8000ef68 (0x083f2e23) sw      gp, 156(t5)
core   0: 3 0x8000ef68 (0x083f2e23) mem 0x80010000 0x00000001
core   0: 0x8000ef6c (0x0000bfe5) c.j     pc - 8
core   0: 3 0x8000ef6c (0xbfe5)
core   0: 0x8000ef64 (0x00001f17) auipc   t5, 0x1
core   0: 3 0x8000ef64 (0x00001f17) x30 0x8000ff64
core   0: 0x8000ef68 (0x083f2e23) sw      gp, 156(t5)
core   0: 3 0x8000ef68 (0x083f2e23) mem 0x80010000 0x00000001
core   0: 0x8000ef6c (0x0000bfe5) c.j     pc - 8
core   0: 3 0x8000ef6c (0xbfe5)
core   0: 0x8000ef64 (0x00001f17) auipc   t5, 0x1
core   0: 3 0x8000ef64 (0x00001f17) x30 0x8000ff64
core   0: 0x8000ef68 (0x083f2e23) sw      gp, 156(t5)
core   0: 3 0x8000ef68 (0x083f2e23) mem 0x80010000 0x00000001
core   0: 0x8000ef6c (0x0000bfe5) c.j     pc - 8
core   0: 3 0x8000ef6c (0xbfe5)
core   0: 0x8000ef64 (0x00001f17) auipc   t5, 0x1
core   0: 3 0x8000ef64 (0x00001f17) x30 0x8000ff64
core   0: 0x8000ef68 (0x083f2e23) sw      gp, 156(t5)
core   0: 3 0x8000ef68 (0x083f2e23) mem 0x80010000 0x00000001
core   0: 0x8000ef6c (0x0000bfe5) c.j     pc - 8
core   0: 3 0x8000ef6c (0xbfe5)
core   0: 0x8000ef64 (0x00001f17) auipc   t5, 0x1
core   0: 3 0x8000ef64 (0x00001f17) x30 0x8000ff64
core   0: 0x8000ef68 (0x083f2e23) sw      gp, 156(t5)
core   0: 3 0x8000ef68 (0x083f2e23) mem 0x80010000 0x00000001
core   0: 0x8000ef6c (0x0000bfe5) c.j     pc - 8
core   0: 3 0x8000ef6c (0xbfe5)
core   0: 0x8000ef64 (0x00001f17) auipc   t5, 0x1
core   0: 3 0x8000ef64 (0x00001f17) x30 0x8000ff64
core   0: 0x8000ef68 (0x083f2e23) sw      gp, 156(t5)
core   0: 3 0x8000ef68 (0x083f2e23) mem 0x80010000 0x00000001
core   0: 0x8000ef6c (0x0000bfe5) c.j     pc - 8
core   0: 3 0x8000ef6c (0xbfe5)
core   0: 0x8000ef64 (0x00001f17) auipc   t5, 0x1
core   0: 3 0x8000ef64 (0x00001f17) x30 0x8000ff64
core   0: 0x8000ef68 (0x083f2e23) sw      gp, 156(t5)
core   0: 3 0x8000ef68 (0x083f2e23) mem 0x80010000 0x00000001
core   0: 0x8000ef6c (0x0000bfe5) c.j     pc - 8
core   0: 3 0x8000ef6c (0xbfe5)
core   0: 0x8000ef64 (0x00001f17) auipc   t5, 0x1
core   0: 3 0x8000ef64 (0x00001f17) x30 0x8000ff64
core   0: 0x8000ef68 (0x083f2e23) sw      gp, 156(t5)
core   0: 3 0x8000ef68 (0x083f2e23) mem 0x80010000 0x00000001
core   0: 0x8000ef6c (0x0000bfe5) c.j     pc - 8
core   0: 3 0x8000ef6c (0xbfe5)
core   0: 0x8000ef64 (0x00001f17) auipc   t5, 0x1
core   0: 3 0x8000ef64 (0x00001f17) x30 0x8000ff64
core   0: 0x8000ef68 (0x083f2e23) sw      gp, 156(t5)
core   0: 3 0x8000ef68 (0x083f2e23) mem 0x80010000 0x00000001
core   0: 0x8000ef6c (0x0000bfe5) c.j     pc - 8
core   0: 3 0x8000ef6c (0xbfe5)
core   0: 0x8000ef64 (0x00001f17) auipc   t5, 0x1
core   0: 3 0x8000ef64 (0x00001f17) x30 0x8000ff64
core   0: 0x8000ef68 (0x083f2e23) sw      gp, 156(t5)
core   0: 3 0x8000ef68 (0x083f2e23) mem 0x80010000 0x00000001
core   0: 0x8000ef6c (0x0000bfe5) c.j     pc - 8
core   0: 3 0x8000ef6c (0xbfe5)
core   0: 0x8000ef64 (0x00001f17) auipc   t5, 0x1
core   0: 3 0x8000ef64 (0x00001f17) x30 0x8000ff64
core   0: 0x8000ef68 (0x083f2e23) sw      gp, 156(t5)
core   0: 3 0x8000ef68 (0x083f2e23) mem 0x80010000 0x00000001
core   0: 0x8000ef6c (0x0000bfe5) c.j     pc - 8
core   0: 3 0x8000ef6c (0xbfe5)
core   0: 0x8000ef64 (0x00001f17) auipc   t5, 0x1
core   0: 3 0x8000ef64 (0x00001f17) x30 0x8000ff64
core   0: 0x8000ef68 (0x083f2e23) sw      gp, 156(t5)
core   0: 3 0x8000ef68 (0x083f2e23) mem 0x80010000 0x00000001
core   0: 0x8000ef6c (0x0000bfe5) c.j     pc - 8
core   0: 3 0x8000ef6c (0xbfe5)
core   0: 0x8000ef64 (0x00001f17) auipc   t5, 0x1
core   0: 3 0x8000ef64 (0x00001f17) x30 0x8000ff64
core   0: 0x8000ef68 (0x083f2e23) sw      gp, 156(t5)
core   0: 3 0x8000ef68 (0x083f2e23) mem 0x80010000 0x00000001
core   0: 0x8000ef6c (0x0000bfe5) c.j     pc - 8
core   0: 3 0x8000ef6c (0xbfe5)
core   0: 0x8000ef64 (0x00001f17) auipc   t5, 0x1
core   0: 3 0x8000ef64 (0x00001f17) x30 0x8000ff64
core   0: 0x8000ef68 (0x083f2e23) sw      gp, 156(t5)
core   0: 3 0x8000ef68 (0x083f2e23) mem 0x80010000 0x00000001
core   0: 0x8000ef6c (0x0000bfe5) c.j     pc - 8
core   0: 3 0x8000ef6c (0xbfe5)
core   0: 0x8000ef64 (0x00001f17) auipc   t5, 0x1
core   0: 3 0x8000ef64 (0x00001f17) x30 0x8000ff64
core   0: 0x8000ef68 (0x083f2e23) sw      gp, 156(t5)
core   0: 3 0x8000ef68 (0x083f2e23) mem 0x80010000 0x00000001
core   0: 0x8000ef6c (0x0000bfe5) c.j     pc - 8
core   0: 3 0x8000ef6c (0xbfe5)
core   0: 0x8000ef64 (0x00001f17) auipc   t5, 0x1
core   0: 3 0x8000ef64 (0x00001f17) x30 0x8000ff64
core   0: 0x8000ef68 (0x083f2e23) sw      gp, 156(t5)
core   0: 3 0x8000ef68 (0x083f2e23) mem 0x80010000 0x00000001
core   0: 0x8000ef6c (0x0000bfe5) c.j     pc - 8
core   0: 3 0x8000ef6c (0xbfe5)
core   0: 0x8000ef64 (0x00001f17) auipc   t5, 0x1
core   0: 3 0x8000ef64 (0x00001f17) x30 0x8000ff64
core   0: 0x8000ef68 (0x083f2e23) sw      gp, 156(t5)
core   0: 3 0x8000ef68 (0x083f2e23) mem 0x80010000 0x00000001
core   0: 0x8000ef6c (0x0000bfe5) c.j     pc - 8
core   0: 3 0x8000ef6c (0xbfe5)
core   0: 0x8000ef64 (0x00001f17) auipc   t5, 0x1
core   0: 3 0x8000ef64 (0x00001f17) x30 0x8000ff64
core   0: 0x8000ef68 (0x083f2e23) sw      gp, 156(t5)
core   0: 3 0x8000ef68 (0x083f2e23) mem 0x80010000 0x00000001
core   0: 0x8000ef6c (0x0000bfe5) c.j     pc - 8
core   0: 3 0x8000ef6c (0xbfe5)
core   0: 0x8000ef64 (0x00001f17) auipc   t5, 0x1
core   0: 3 0x8000ef64 (0x00001f17) x30 0x8000ff64
core   0: 0x8000ef68 (0x083f2e23) sw      gp, 156(t5)
core   0: 3 0x8000ef68 (0x083f2e23) mem 0x80010000 0x00000001
core   0: 0x8000ef6c (0x0000bfe5) c.j     pc - 8
core   0: 3 0x8000ef6c (0xbfe5)
core   0: 0x8000ef64 (0x00001f17) auipc   t5, 0x1
core   0: 3 0x8000ef64 (0x00001f17) x30 0x8000ff64
core   0: 0x8000ef68 (0x083f2e23) sw      gp, 156(t5)
core   0: 3 0x8000ef68 (0x083f2e23) mem 0x80010000 0x00000001
core   0: 0x8000ef6c (0x0000bfe5) c.j     pc - 8
core   0: 3 0x8000ef6c (0xbfe5)
core   0: 0x8000ef64 (0x00001f17) auipc   t5, 0x1
core   0: 3 0x8000ef64 (0x00001f17) x30 0x8000ff64
core   0: 0x8000ef68 (0x083f2e23) sw      gp, 156(t5)
core   0: 3 0x8000ef68 (0x083f2e23) mem 0x80010000 0x00000001
core   0: 0x8000ef6c (0x0000bfe5) c.j     pc - 8
core   0: 3 0x8000ef6c (0xbfe5)
core   0: 0x8000ef64 (0x00001f17) auipc   t5, 0x1
core   0: 3 0x8000ef64 (0x00001f17) x30 0x8000ff64
core   0: 0x8000ef68 (0x083f2e23) sw      gp, 156(t5)
core   0: 3 0x8000ef68 (0x083f2e23) mem 0x80010000 0x00000001
core   0: 0x8000ef6c (0x0000bfe5) c.j     pc - 8
core   0: 3 0x8000ef6c (0xbfe5)
core   0: 0x8000ef64 (0x00001f17) auipc   t5, 0x1
core   0: 3 0x8000ef64 (0x00001f17) x30 0x8000ff64
core   0: 0x8000ef68 (0x083f2e23) sw      gp, 156(t5)
core   0: 3 0x8000ef68 (0x083f2e23) mem 0x80010000 0x00000001
core   0: 0x8000ef6c (0x0000bfe5) c.j     pc - 8
core   0: 3 0x8000ef6c (0xbfe5)
core   0: 0x8000ef64 (0x00001f17) auipc   t5, 0x1
core   0: 3 0x8000ef64 (0x00001f17) x30 0x8000ff64
core   0: 0x8000ef68 (0x083f2e23) sw      gp, 156(t5)
core   0: 3 0x8000ef68 (0x083f2e23) mem 0x80010000 0x00000001
core   0: 0x8000ef6c (0x0000bfe5) c.j     pc - 8
core   0: 3 0x8000ef6c (0xbfe5)
core   0: 0x8000ef64 (0x00001f17) auipc   t5, 0x1
core   0: 3 0x8000ef64 (0x00001f17) x30 0x8000ff64
core   0: 0x8000ef68 (0x083f2e23) sw      gp, 156(t5)
core   0: 3 0x8000ef68 (0x083f2e23) mem 0x80010000 0x00000001
core   0: 0x8000ef6c (0x0000bfe5) c.j     pc - 8
core   0: 3 0x8000ef6c (0xbfe5)
core   0: 0x8000ef64 (0x00001f17) auipc   t5, 0x1
core   0: 3 0x8000ef64 (0x00001f17) x30 0x8000ff64
core   0: 0x8000ef68 (0x083f2e23) sw      gp, 156(t5)
core   0: 3 0x8000ef68 (0x083f2e23) mem 0x80010000 0x00000001
core   0: 0x8000ef6c (0x0000bfe5) c.j     pc - 8
core   0: 3 0x8000ef6c (0xbfe5)
core   0: 0x8000ef64 (0x00001f17) auipc   t5, 0x1
core   0: 3 0x8000ef64 (0x00001f17) x30 0x8000ff64
core   0: 0x8000ef68 (0x083f2e23) sw      gp, 156(t5)
core   0: 3 0x8000ef68 (0x083f2e23) mem 0x80010000 0x00000001
core   0: 0x8000ef6c (0x0000bfe5) c.j     pc - 8
core   0: 3 0x8000ef6c (0xbfe5)
core   0: 0x8000ef64 (0x00001f17) auipc   t5, 0x1
core   0: 3 0x8000ef64 (0x00001f17) x30 0x8000ff64
core   0: 0x8000ef68 (0x083f2e23) sw      gp, 156(t5)
core   0: 3 0x8000ef68 (0x083f2e23) mem 0x80010000 0x00000001
core   0: 0x8000ef6c (0x0000bfe5) c.j     pc - 8
core   0: 3 0x8000ef6c (0xbfe5)
core   0: 0x8000ef64 (0x00001f17) auipc   t5, 0x1
core   0: 3 0x8000ef64 (0x00001f17) x30 0x8000ff64
core   0: 0x8000ef68 (0x083f2e23) sw      gp, 156(t5)
core   0: 3 0x8000ef68 (0x083f2e23) mem 0x80010000 0x00000001
core   0: 0x8000ef6c (0x0000bfe5) c.j     pc - 8
core   0: 3 0x8000ef6c (0xbfe5)
core   0: 0x8000ef64 (0x00001f17) auipc   t5, 0x1
core   0: 3 0x8000ef64 (0x00001f17) x30 0x8000ff64
core   0: 0x8000ef68 (0x083f2e23) sw      gp, 156(t5)
core   0: 3 0x8000ef68 (0x083f2e23) mem 0x80010000 0x00000001
core   0: 0x8000ef6c (0x0000bfe5) c.j     pc - 8
core   0: 3 0x8000ef6c (0xbfe5)
core   0: 0x8000ef64 (0x00001f17) auipc   t5, 0x1
core   0: 3 0x8000ef64 (0x00001f17) x30 0x8000ff64
core   0: 0x8000ef68 (0x083f2e23) sw      gp, 156(t5)
core   0: 3 0x8000ef68 (0x083f2e23) mem 0x80010000 0x00000001
core   0: 0x8000ef6c (0x0000bfe5) c.j     pc - 8
core   0: 3 0x8000ef6c (0xbfe5)
core   0: 0x8000ef64 (0x00001f17) auipc   t5, 0x1
core   0: 3 0x8000ef64 (0x00001f17) x30 0x8000ff64
core   0: 0x8000ef68 (0x083f2e23) sw      gp, 156(t5)
core   0: 3 0x8000ef68 (0x083f2e23) mem 0x80010000 0x00000001
core   0: 0x8000ef6c (0x0000bfe5) c.j     pc - 8
core   0: 3 0x8000ef6c (0xbfe5)
core   0: 0x8000ef64 (0x00001f17) auipc   t5, 0x1
core   0: 3 0x8000ef64 (0x00001f17) x30 0x8000ff64
core   0: 0x8000ef68 (0x083f2e23) sw      gp, 156(t5)
core   0: 3 0x8000ef68 (0x083f2e23) mem 0x80010000 0x00000001
core   0: 0x8000ef6c (0x0000bfe5) c.j     pc - 8
core   0: 3 0x8000ef6c (0xbfe5)
core   0: 0x8000ef64 (0x00001f17) auipc   t5, 0x1
core   0: 3 0x8000ef64 (0x00001f17) x30 0x8000ff64
core   0: 0x8000ef68 (0x083f2e23) sw      gp, 156(t5)
core   0: 3 0x8000ef68 (0x083f2e23) mem 0x80010000 0x00000001
core   0: 0x8000ef6c (0x0000bfe5) c.j     pc - 8
core   0: 3 0x8000ef6c (0xbfe5)
core   0: 0x8000ef64 (0x00001f17) auipc   t5, 0x1
core   0: 3 0x8000ef64 (0x00001f17) x30 0x8000ff64
core   0: 0x8000ef68 (0x083f2e23) sw      gp, 156(t5)
core   0: 3 0x8000ef68 (0x083f2e23) mem 0x80010000 0x00000001
core   0: 0x8000ef6c (0x0000bfe5) c.j     pc - 8
core   0: 3 0x8000ef6c (0xbfe5)
core   0: 0x8000ef64 (0x00001f17) auipc   t5, 0x1
core   0: 3 0x8000ef64 (0x00001f17) x30 0x8000ff64
core   0: 0x8000ef68 (0x083f2e23) sw      gp, 156(t5)
core   0: 3 0x8000ef68 (0x083f2e23) mem 0x80010000 0x00000001
core   0: 0x8000ef6c (0x0000bfe5) c.j     pc - 8
core   0: 3 0x8000ef6c (0xbfe5)
core   0: 0x8000ef64 (0x00001f17) auipc   t5, 0x1
core   0: 3 0x8000ef64 (0x00001f17) x30 0x8000ff64
core   0: 0x8000ef68 (0x083f2e23) sw      gp, 156(t5)
core   0: 3 0x8000ef68 (0x083f2e23) mem 0x80010000 0x00000001
core   0: 0x8000ef6c (0x0000bfe5) c.j     pc - 8
core   0: 3 0x8000ef6c (0xbfe5)
core   0: 0x8000ef64 (0x00001f17) auipc   t5, 0x1
core   0: 3 0x8000ef64 (0x00001f17) x30 0x8000ff64
core   0: 0x8000ef68 (0x083f2e23) sw      gp, 156(t5)
core   0: 3 0x8000ef68 (0x083f2e23) mem 0x80010000 0x00000001
core   0: 0x8000ef6c (0x0000bfe5) c.j     pc - 8
core   0: 3 0x8000ef6c (0xbfe5)
core   0: 0x8000ef64 (0x00001f17) auipc   t5, 0x1
core   0: 3 0x8000ef64 (0x00001f17) x30 0x8000ff64
core   0: 0x8000ef68 (0x083f2e23) sw      gp, 156(t5)
core   0: 3 0x8000ef68 (0x083f2e23) mem 0x80010000 0x00000001
core   0: 0x8000ef6c (0x0000bfe5) c.j     pc - 8
core   0: 3 0x8000ef6c (0xbfe5)
core   0: 0x8000ef64 (0x00001f17) auipc   t5, 0x1
core   0: 3 0x8000ef64 (0x00001f17) x30 0x8000ff64
core   0: 0x8000ef68 (0x083f2e23) sw      gp, 156(t5)
core   0: 3 0x8000ef68 (0x083f2e23) mem 0x80010000 0x00000001
core   0: 0x8000ef6c (0x0000bfe5) c.j     pc - 8
core   0: 3 0x8000ef6c (0xbfe5)
core   0: 0x8000ef64 (0x00001f17) auipc   t5, 0x1
core   0: 3 0x8000ef64 (0x00001f17) x30 0x8000ff64
core   0: 0x8000ef68 (0x083f2e23) sw      gp, 156(t5)
core   0: 3 0x8000ef68 (0x083f2e23) mem 0x80010000 0x00000001
core   0: 0x8000ef6c (0x0000bfe5) c.j     pc - 8
core   0: 3 0x8000ef6c (0xbfe5)
core   0: 0x8000ef64 (0x00001f17) auipc   t5, 0x1
core   0: 3 0x8000ef64 (0x00001f17) x30 0x8000ff64
core   0: 0x8000ef68 (0x083f2e23) sw      gp, 156(t5)
core   0: 3 0x8000ef68 (0x083f2e23) mem 0x80010000 0x00000001
core   0: 0x8000ef6c (0x0000bfe5) c.j     pc - 8
core   0: 3 0x8000ef6c (0xbfe5)
core   0: 0x8000ef64 (0x00001f17) auipc   t5, 0x1
core   0: 3 0x8000ef64 (0x00001f17) x30 0x8000ff64
core   0: 0x8000ef68 (0x083f2e23) sw      gp, 156(t5)
core   0: 3 0x8000ef68 (0x083f2e23) mem 0x80010000 0x00000001
core   0: 0x8000ef6c (0x0000bfe5) c.j     pc - 8
core   0: 3 0x8000ef6c (0xbfe5)
core   0: 0x8000ef64 (0x00001f17) auipc   t5, 0x1
core   0: 3 0x8000ef64 (0x00001f17) x30 0x8000ff64
core   0: 0x8000ef68 (0x083f2e23) sw      gp, 156(t5)
core   0: 3 0x8000ef68 (0x083f2e23) mem 0x80010000 0x00000001
core   0: 0x8000ef6c (0x0000bfe5) c.j     pc - 8
core   0: 3 0x8000ef6c (0xbfe5)
core   0: 0x8000ef64 (0x00001f17) auipc   t5, 0x1
core   0: 3 0x8000ef64 (0x00001f17) x30 0x8000ff64
core   0: 0x8000ef68 (0x083f2e23) sw      gp, 156(t5)
core   0: 3 0x8000ef68 (0x083f2e23) mem 0x80010000 0x00000001
core   0: 0x8000ef6c (0x0000bfe5) c.j     pc - 8
core   0: 3 0x8000ef6c (0xbfe5)
core   0: 0x8000ef64 (0x00001f17) auipc   t5, 0x1
core   0: 3 0x8000ef64 (0x00001f17) x30 0x8000ff64
core   0: 0x8000ef68 (0x083f2e23) sw      gp, 156(t5)
core   0: 3 0x8000ef68 (0x083f2e23) mem 0x80010000 0x00000001
core   0: 0x8000ef6c (0x0000bfe5) c.j     pc - 8
core   0: 3 0x8000ef6c (0xbfe5)
core   0: 0x8000ef64 (0x00001f17) auipc   t5, 0x1
core   0: 3 0x8000ef64 (0x00001f17) x30 0x8000ff64
core   0: 0x8000ef68 (0x083f2e23) sw      gp, 156(t5)
core   0: 3 0x8000ef68 (0x083f2e23) mem 0x80010000 0x00000001
core   0: 0x8000ef6c (0x0000bfe5) c.j     pc - 8
core   0: 3 0x8000ef6c (0xbfe5)
core   0: 0x8000ef64 (0x00001f17) auipc   t5, 0x1
core   0: 3 0x8000ef64 (0x00001f17) x30 0x8000ff64
core   0: 0x8000ef68 (0x083f2e23) sw      gp, 156(t5)
core   0: 3 0x8000ef68 (0x083f2e23) mem 0x80010000 0x00000001
core   0: 0x8000ef6c (0x0000bfe5) c.j     pc - 8
core   0: 3 0x8000ef6c (0xbfe5)
core   0: 0x8000ef64 (0x00001f17) auipc   t5, 0x1
core   0: 3 0x8000ef64 (0x00001f17) x30 0x8000ff64
core   0: 0x8000ef68 (0x083f2e23) sw      gp, 156(t5)
core   0: 3 0x8000ef68 (0x083f2e23) mem 0x80010000 0x00000001
core   0: 0x8000ef6c (0x0000bfe5) c.j     pc - 8
core   0: 3 0x8000ef6c (0xbfe5)
core   0: 0x8000ef64 (0x00001f17) auipc   t5, 0x1
core   0: 3 0x8000ef64 (0x00001f17) x30 0x8000ff64
core   0: 0x8000ef68 (0x083f2e23) sw      gp, 156(t5)
core   0: 3 0x8000ef68 (0x083f2e23) mem 0x80010000 0x00000001
core   0: 0x8000ef6c (0x0000bfe5) c.j     pc - 8
core   0: 3 0x8000ef6c (0xbfe5)
core   0: 0x8000ef64 (0x00001f17) auipc   t5, 0x1
core   0: 3 0x8000ef64 (0x00001f17) x30 0x8000ff64
core   0: 0x8000ef68 (0x083f2e23) sw      gp, 156(t5)
core   0: 3 0x8000ef68 (0x083f2e23) mem 0x80010000 0x00000001
core   0: 0x8000ef6c (0x0000bfe5) c.j     pc - 8
core   0: 3 0x8000ef6c (0xbfe5)
core   0: 0x8000ef64 (0x00001f17) auipc   t5, 0x1
core   0: 3 0x8000ef64 (0x00001f17) x30 0x8000ff64
core   0: 0x8000ef68 (0x083f2e23) sw      gp, 156(t5)
core   0: 3 0x8000ef68 (0x083f2e23) mem 0x80010000 0x00000001
core   0: 0x8000ef6c (0x0000bfe5) c.j     pc - 8
core   0: 3 0x8000ef6c (0xbfe5)
core   0: 0x8000ef64 (0x00001f17) auipc   t5, 0x1
core   0: 3 0x8000ef64 (0x00001f17) x30 0x8000ff64
core   0: 0x8000ef68 (0x083f2e23) sw      gp, 156(t5)
core   0: 3 0x8000ef68 (0x083f2e23) mem 0x80010000 0x00000001
core   0: 0x8000ef6c (0x0000bfe5) c.j     pc - 8
core   0: 3 0x8000ef6c (0xbfe5)
core   0: 0x8000ef64 (0x00001f17) auipc   t5, 0x1
core   0: 3 0x8000ef64 (0x00001f17) x30 0x8000ff64
core   0: 0x8000ef68 (0x083f2e23) sw      gp, 156(t5)
core   0: 3 0x8000ef68 (0x083f2e23) mem 0x80010000 0x00000001
core   0: 0x8000ef6c (0x0000bfe5) c.j     pc - 8
core   0: 3 0x8000ef6c (0xbfe5)
core   0: 0x8000ef64 (0x00001f17) auipc   t5, 0x1
core   0: 3 0x8000ef64 (0x00001f17) x30 0x8000ff64
core   0: 0x8000ef68 (0x083f2e23) sw      gp, 156(t5)
core   0: 3 0x8000ef68 (0x083f2e23) mem 0x80010000 0x00000001
core   0: 0x8000ef6c (0x0000bfe5) c.j     pc - 8
core   0: 3 0x8000ef6c (0xbfe5)
core   0: 0x8000ef64 (0x00001f17) auipc   t5, 0x1
core   0: 3 0x8000ef64 (0x00001f17) x30 0x8000ff64
core   0: 0x8000ef68 (0x083f2e23) sw      gp, 156(t5)
core   0: 3 0x8000ef68 (0x083f2e23) mem 0x80010000 0x00000001
core   0: 0x8000ef6c (0x0000bfe5) c.j     pc - 8
core   0: 3 0x8000ef6c (0xbfe5)
core   0: 0x8000ef64 (0x00001f17) auipc   t5, 0x1
core   0: 3 0x8000ef64 (0x00001f17) x30 0x8000ff64
core   0: 0x8000ef68 (0x083f2e23) sw      gp, 156(t5)
core   0: 3 0x8000ef68 (0x083f2e23) mem 0x80010000 0x00000001
core   0: 0x8000ef6c (0x0000bfe5) c.j     pc - 8
core   0: 3 0x8000ef6c (0xbfe5)
core   0: 0x8000ef64 (0x00001f17) auipc   t5, 0x1
core   0: 3 0x8000ef64 (0x00001f17) x30 0x8000ff64
core   0: 0x8000ef68 (0x083f2e23) sw      gp, 156(t5)
core   0: 3 0x8000ef68 (0x083f2e23) mem 0x80010000 0x00000001
core   0: 0x8000ef6c (0x0000bfe5) c.j     pc - 8
core   0: 3 0x8000ef6c (0xbfe5)
core   0: 0x8000ef64 (0x00001f17) auipc   t5, 0x1
core   0: 3 0x8000ef64 (0x00001f17) x30 0x8000ff64
core   0: 0x8000ef68 (0x083f2e23) sw      gp, 156(t5)
core   0: 3 0x8000ef68 (0x083f2e23) mem 0x80010000 0x00000001
core   0: 0x8000ef6c (0x0000bfe5) c.j     pc - 8
core   0: 3 0x8000ef6c (0xbfe5)
core   0: 0x8000ef64 (0x00001f17) auipc   t5, 0x1
core   0: 3 0x8000ef64 (0x00001f17) x30 0x8000ff64
core   0: 0x8000ef68 (0x083f2e23) sw      gp, 156(t5)
core   0: 3 0x8000ef68 (0x083f2e23) mem 0x80010000 0x00000001
core   0: 0x8000ef6c (0x0000bfe5) c.j     pc - 8
core   0: 3 0x8000ef6c (0xbfe5)
core   0: 0x8000ef64 (0x00001f17) auipc   t5, 0x1
core   0: 3 0x8000ef64 (0x00001f17) x30 0x8000ff64
core   0: 0x8000ef68 (0x083f2e23) sw      gp, 156(t5)
core   0: 3 0x8000ef68 (0x083f2e23) mem 0x80010000 0x00000001
core   0: 0x8000ef6c (0x0000bfe5) c.j     pc - 8
core   0: 3 0x8000ef6c (0xbfe5)
core   0: 0x8000ef64 (0x00001f17) auipc   t5, 0x1
core   0: 3 0x8000ef64 (0x00001f17) x30 0x8000ff64
core   0: 0x8000ef68 (0x083f2e23) sw      gp, 156(t5)
core   0: 3 0x8000ef68 (0x083f2e23) mem 0x80010000 0x00000001
core   0: 0x8000ef6c (0x0000bfe5) c.j     pc - 8
core   0: 3 0x8000ef6c (0xbfe5)
core   0: 0x8000ef64 (0x00001f17) auipc   t5, 0x1
core   0: 3 0x8000ef64 (0x00001f17) x30 0x8000ff64
core   0: 0x8000ef68 (0x083f2e23) sw      gp, 156(t5)
core   0: 3 0x8000ef68 (0x083f2e23) mem 0x80010000 0x00000001
core   0: 0x8000ef6c (0x0000bfe5) c.j     pc - 8
core   0: 3 0x8000ef6c (0xbfe5)
core   0: 0x8000ef64 (0x00001f17) auipc   t5, 0x1
core   0: 3 0x8000ef64 (0x00001f17) x30 0x8000ff64
core   0: 0x8000ef68 (0x083f2e23) sw      gp, 156(t5)
core   0: 3 0x8000ef68 (0x083f2e23) mem 0x80010000 0x00000001
core   0: 0x8000ef6c (0x0000bfe5) c.j     pc - 8
core   0: 3 0x8000ef6c (0xbfe5)
core   0: 0x8000ef64 (0x00001f17) auipc   t5, 0x1
core   0: 3 0x8000ef64 (0x00001f17) x30 0x8000ff64
core   0: 0x8000ef68 (0x083f2e23) sw      gp, 156(t5)
core   0: 3 0x8000ef68 (0x083f2e23) mem 0x80010000 0x00000001
core   0: 0x8000ef6c (0x0000bfe5) c.j     pc - 8
core   0: 3 0x8000ef6c (0xbfe5)
core   0: 0x8000ef64 (0x00001f17) auipc   t5, 0x1
core   0: 3 0x8000ef64 (0x00001f17) x30 0x8000ff64
core   0: 0x8000ef68 (0x083f2e23) sw      gp, 156(t5)
core   0: 3 0x8000ef68 (0x083f2e23) mem 0x80010000 0x00000001
core   0: 0x8000ef6c (0x0000bfe5) c.j     pc - 8
core   0: 3 0x8000ef6c (0xbfe5)
core   0: 0x8000ef64 (0x00001f17) auipc   t5, 0x1
core   0: 3 0x8000ef64 (0x00001f17) x30 0x8000ff64
core   0: 0x8000ef68 (0x083f2e23) sw      gp, 156(t5)
core   0: 3 0x8000ef68 (0x083f2e23) mem 0x80010000 0x00000001
core   0: 0x8000ef6c (0x0000bfe5) c.j     pc - 8
core   0: 3 0x8000ef6c (0xbfe5)
core   0: 0x8000ef64 (0x00001f17) auipc   t5, 0x1
core   0: 3 0x8000ef64 (0x00001f17) x30 0x8000ff64
core   0: 0x8000ef68 (0x083f2e23) sw      gp, 156(t5)
core   0: 3 0x8000ef68 (0x083f2e23) mem 0x80010000 0x00000001
core   0: 0x8000ef6c (0x0000bfe5) c.j     pc - 8
core   0: 3 0x8000ef6c (0xbfe5)
core   0: 0x8000ef64 (0x00001f17) auipc   t5, 0x1
core   0: 3 0x8000ef64 (0x00001f17) x30 0x8000ff64
core   0: 0x8000ef68 (0x083f2e23) sw      gp, 156(t5)
core   0: 3 0x8000ef68 (0x083f2e23) mem 0x80010000 0x00000001
core   0: 0x8000ef6c (0x0000bfe5) c.j     pc - 8
core   0: 3 0x8000ef6c (0xbfe5)
core   0: 0x8000ef64 (0x00001f17) auipc   t5, 0x1
core   0: 3 0x8000ef64 (0x00001f17) x30 0x8000ff64
core   0: 0x8000ef68 (0x083f2e23) sw      gp, 156(t5)
core   0: 3 0x8000ef68 (0x083f2e23) mem 0x80010000 0x00000001
core   0: 0x8000ef6c (0x0000bfe5) c.j     pc - 8
core   0: 3 0x8000ef6c (0xbfe5)
core   0: 0x8000ef64 (0x00001f17) auipc   t5, 0x1
core   0: 3 0x8000ef64 (0x00001f17) x30 0x8000ff64
core   0: 0x8000ef68 (0x083f2e23) sw      gp, 156(t5)
core   0: 3 0x8000ef68 (0x083f2e23) mem 0x80010000 0x00000001
core   0: 0x8000ef6c (0x0000bfe5) c.j     pc - 8
core   0: 3 0x8000ef6c (0xbfe5)
core   0: 0x8000ef64 (0x00001f17) auipc   t5, 0x1
core   0: 3 0x8000ef64 (0x00001f17) x30 0x8000ff64
core   0: 0x8000ef68 (0x083f2e23) sw      gp, 156(t5)
core   0: 3 0x8000ef68 (0x083f2e23) mem 0x80010000 0x00000001
core   0: 0x8000ef6c (0x0000bfe5) c.j     pc - 8
core   0: 3 0x8000ef6c (0xbfe5)
core   0: 0x8000ef64 (0x00001f17) auipc   t5, 0x1
core   0: 3 0x8000ef64 (0x00001f17) x30 0x8000ff64
core   0: 0x8000ef68 (0x083f2e23) sw      gp, 156(t5)
core   0: 3 0x8000ef68 (0x083f2e23) mem 0x80010000 0x00000001
core   0: 0x8000ef6c (0x0000bfe5) c.j     pc - 8
core   0: 3 0x8000ef6c (0xbfe5)
core   0: 0x8000ef64 (0x00001f17) auipc   t5, 0x1
core   0: 3 0x8000ef64 (0x00001f17) x30 0x8000ff64
core   0: 0x8000ef68 (0x083f2e23) sw      gp, 156(t5)
core   0: 3 0x8000ef68 (0x083f2e23) mem 0x80010000 0x00000001
core   0: 0x8000ef6c (0x0000bfe5) c.j     pc - 8
core   0: 3 0x8000ef6c (0xbfe5)
core   0: 0x8000ef64 (0x00001f17) auipc   t5, 0x1
core   0: 3 0x8000ef64 (0x00001f17) x30 0x8000ff64
core   0: 0x8000ef68 (0x083f2e23) sw      gp, 156(t5)
core   0: 3 0x8000ef68 (0x083f2e23) mem 0x80010000 0x00000001
core   0: 0x8000ef6c (0x0000bfe5) c.j     pc - 8
core   0: 3 0x8000ef6c (0xbfe5)
core   0: 0x8000ef64 (0x00001f17) auipc   t5, 0x1
core   0: 3 0x8000ef64 (0x00001f17) x30 0x8000ff64
core   0: 0x8000ef68 (0x083f2e23) sw      gp, 156(t5)
core   0: 3 0x8000ef68 (0x083f2e23) mem 0x80010000 0x00000001
core   0: 0x8000ef6c (0x0000bfe5) c.j     pc - 8
core   0: 3 0x8000ef6c (0xbfe5)
core   0: 0x8000ef64 (0x00001f17) auipc   t5, 0x1
core   0: 3 0x8000ef64 (0x00001f17) x30 0x8000ff64
core   0: 0x8000ef68 (0x083f2e23) sw      gp, 156(t5)
core   0: 3 0x8000ef68 (0x083f2e23) mem 0x80010000 0x00000001
core   0: 0x8000ef6c (0x0000bfe5) c.j     pc - 8
core   0: 3 0x8000ef6c (0xbfe5)
core   0: 0x8000ef64 (0x00001f17) auipc   t5, 0x1
core   0: 3 0x8000ef64 (0x00001f17) x30 0x8000ff64
core   0: 0x8000ef68 (0x083f2e23) sw      gp, 156(t5)
core   0: 3 0x8000ef68 (0x083f2e23) mem 0x80010000 0x00000001
core   0: 0x8000ef6c (0x0000bfe5) c.j     pc - 8
core   0: 3 0x8000ef6c (0xbfe5)
core   0: 0x8000ef64 (0x00001f17) auipc   t5, 0x1
core   0: 3 0x8000ef64 (0x00001f17) x30 0x8000ff64
core   0: 0x8000ef68 (0x083f2e23) sw      gp, 156(t5)
core   0: 3 0x8000ef68 (0x083f2e23) mem 0x80010000 0x00000001
core   0: 0x8000ef6c (0x0000bfe5) c.j     pc - 8
core   0: 3 0x8000ef6c (0xbfe5)
core   0: 0x8000ef64 (0x00001f17) auipc   t5, 0x1
core   0: 3 0x8000ef64 (0x00001f17) x30 0x8000ff64
core   0: 0x8000ef68 (0x083f2e23) sw      gp, 156(t5)
core   0: 3 0x8000ef68 (0x083f2e23) mem 0x80010000 0x00000001
core   0: 0x8000ef6c (0x0000bfe5) c.j     pc - 8
core   0: 3 0x8000ef6c (0xbfe5)
core   0: 0x8000ef64 (0x00001f17) auipc   t5, 0x1
core   0: 3 0x8000ef64 (0x00001f17) x30 0x8000ff64
core   0: 0x8000ef68 (0x083f2e23) sw      gp, 156(t5)
core   0: 3 0x8000ef68 (0x083f2e23) mem 0x80010000 0x00000001
core   0: 0x8000ef6c (0x0000bfe5) c.j     pc - 8
core   0: 3 0x8000ef6c (0xbfe5)
core   0: 0x8000ef64 (0x00001f17) auipc   t5, 0x1
core   0: 3 0x8000ef64 (0x00001f17) x30 0x8000ff64
core   0: 0x8000ef68 (0x083f2e23) sw      gp, 156(t5)
core   0: 3 0x8000ef68 (0x083f2e23) mem 0x80010000 0x00000001
core   0: 0x8000ef6c (0x0000bfe5) c.j     pc - 8
core   0: 3 0x8000ef6c (0xbfe5)
core   0: 0x8000ef64 (0x00001f17) auipc   t5, 0x1
core   0: 3 0x8000ef64 (0x00001f17) x30 0x8000ff64
core   0: 0x8000ef68 (0x083f2e23) sw      gp, 156(t5)
core   0: 3 0x8000ef68 (0x083f2e23) mem 0x80010000 0x00000001
core   0: 0x8000ef6c (0x0000bfe5) c.j     pc - 8
core   0: 3 0x8000ef6c (0xbfe5)
core   0: 0x8000ef64 (0x00001f17) auipc   t5, 0x1
core   0: 3 0x8000ef64 (0x00001f17) x30 0x8000ff64
core   0: 0x8000ef68 (0x083f2e23) sw      gp, 156(t5)
core   0: 3 0x8000ef68 (0x083f2e23) mem 0x80010000 0x00000001
core   0: 0x8000ef6c (0x0000bfe5) c.j     pc - 8
core   0: 3 0x8000ef6c (0xbfe5)
core   0: 0x8000ef64 (0x00001f17) auipc   t5, 0x1
core   0: 3 0x8000ef64 (0x00001f17) x30 0x8000ff64
core   0: 0x8000ef68 (0x083f2e23) sw      gp, 156(t5)
core   0: 3 0x8000ef68 (0x083f2e23) mem 0x80010000 0x00000001
core   0: 0x8000ef6c (0x0000bfe5) c.j     pc - 8
core   0: 3 0x8000ef6c (0xbfe5)
core   0: 0x8000ef64 (0x00001f17) auipc   t5, 0x1
core   0: 3 0x8000ef64 (0x00001f17) x30 0x8000ff64
core   0: 0x8000ef68 (0x083f2e23) sw      gp, 156(t5)
core   0: 3 0x8000ef68 (0x083f2e23) mem 0x80010000 0x00000001
core   0: 0x8000ef6c (0x0000bfe5) c.j     pc - 8
core   0: 3 0x8000ef6c (0xbfe5)
core   0: 0x8000ef64 (0x00001f17) auipc   t5, 0x1
core   0: 3 0x8000ef64 (0x00001f17) x30 0x8000ff64
core   0: 0x8000ef68 (0x083f2e23) sw      gp, 156(t5)
core   0: 3 0x8000ef68 (0x083f2e23) mem 0x80010000 0x00000001
core   0: 0x8000ef6c (0x0000bfe5) c.j     pc - 8
core   0: 3 0x8000ef6c (0xbfe5)
core   0: 0x8000ef64 (0x00001f17) auipc   t5, 0x1
core   0: 3 0x8000ef64 (0x00001f17) x30 0x8000ff64
core   0: 0x8000ef68 (0x083f2e23) sw      gp, 156(t5)
core   0: 3 0x8000ef68 (0x083f2e23) mem 0x80010000 0x00000001
core   0: 0x8000ef6c (0x0000bfe5) c.j     pc - 8
core   0: 3 0x8000ef6c (0xbfe5)
core   0: 0x8000ef64 (0x00001f17) auipc   t5, 0x1
core   0: 3 0x8000ef64 (0x00001f17) x30 0x8000ff64
core   0: 0x8000ef68 (0x083f2e23) sw      gp, 156(t5)
core   0: 3 0x8000ef68 (0x083f2e23) mem 0x80010000 0x00000001
core   0: 0x8000ef6c (0x0000bfe5) c.j     pc - 8
core   0: 3 0x8000ef6c (0xbfe5)
core   0: 0x8000ef64 (0x00001f17) auipc   t5, 0x1
core   0: 3 0x8000ef64 (0x00001f17) x30 0x8000ff64
core   0: 0x8000ef68 (0x083f2e23) sw      gp, 156(t5)
core   0: 3 0x8000ef68 (0x083f2e23) mem 0x80010000 0x00000001
core   0: 0x8000ef6c (0x0000bfe5) c.j     pc - 8
core   0: 3 0x8000ef6c (0xbfe5)
core   0: 0x8000ef64 (0x00001f17) auipc   t5, 0x1
core   0: 3 0x8000ef64 (0x00001f17) x30 0x8000ff64
core   0: 0x8000ef68 (0x083f2e23) sw      gp, 156(t5)
core   0: 3 0x8000ef68 (0x083f2e23) mem 0x80010000 0x00000001
core   0: 0x8000ef6c (0x0000bfe5) c.j     pc - 8
core   0: 3 0x8000ef6c (0xbfe5)
core   0: 0x8000ef64 (0x00001f17) auipc   t5, 0x1
core   0: 3 0x8000ef64 (0x00001f17) x30 0x8000ff64
core   0: 0x8000ef68 (0x083f2e23) sw      gp, 156(t5)
core   0: 3 0x8000ef68 (0x083f2e23) mem 0x80010000 0x00000001
core   0: 0x8000ef6c (0x0000bfe5) c.j     pc - 8
core   0: 3 0x8000ef6c (0xbfe5)
core   0: 0x8000ef64 (0x00001f17) auipc   t5, 0x1
core   0: 3 0x8000ef64 (0x00001f17) x30 0x8000ff64
core   0: 0x8000ef68 (0x083f2e23) sw      gp, 156(t5)
core   0: 3 0x8000ef68 (0x083f2e23) mem 0x80010000 0x00000001
core   0: 0x8000ef6c (0x0000bfe5) c.j     pc - 8
core   0: 3 0x8000ef6c (0xbfe5)
core   0: 0x8000ef64 (0x00001f17) auipc   t5, 0x1
core   0: 3 0x8000ef64 (0x00001f17) x30 0x8000ff64
core   0: 0x8000ef68 (0x083f2e23) sw      gp, 156(t5)
core   0: 3 0x8000ef68 (0x083f2e23) mem 0x80010000 0x00000001
core   0: 0x8000ef6c (0x0000bfe5) c.j     pc - 8
core   0: 3 0x8000ef6c (0xbfe5)
core   0: 0x8000ef64 (0x00001f17) auipc   t5, 0x1
core   0: 3 0x8000ef64 (0x00001f17) x30 0x8000ff64
core   0: 0x8000ef68 (0x083f2e23) sw      gp, 156(t5)
core   0: 3 0x8000ef68 (0x083f2e23) mem 0x80010000 0x00000001
core   0: 0x8000ef6c (0x0000bfe5) c.j     pc - 8
core   0: 3 0x8000ef6c (0xbfe5)
core   0: 0x8000ef64 (0x00001f17) auipc   t5, 0x1
core   0: 3 0x8000ef64 (0x00001f17) x30 0x8000ff64
core   0: 0x8000ef68 (0x083f2e23) sw      gp, 156(t5)
core   0: 3 0x8000ef68 (0x083f2e23) mem 0x80010000 0x00000001
core   0: 0x8000ef6c (0x0000bfe5) c.j     pc - 8
core   0: 3 0x8000ef6c (0xbfe5)
core   0: 0x8000ef64 (0x00001f17) auipc   t5, 0x1
core   0: 3 0x8000ef64 (0x00001f17) x30 0x8000ff64
core   0: 0x8000ef68 (0x083f2e23) sw      gp, 156(t5)
core   0: 3 0x8000ef68 (0x083f2e23) mem 0x80010000 0x00000001
core   0: 0x8000ef6c (0x0000bfe5) c.j     pc - 8
core   0: 3 0x8000ef6c (0xbfe5)
core   0: 0x8000ef64 (0x00001f17) auipc   t5, 0x1
core   0: 3 0x8000ef64 (0x00001f17) x30 0x8000ff64
core   0: 0x8000ef68 (0x083f2e23) sw      gp, 156(t5)
core   0: 3 0x8000ef68 (0x083f2e23) mem 0x80010000 0x00000001
core   0: 0x8000ef6c (0x0000bfe5) c.j     pc - 8
core   0: 3 0x8000ef6c (0xbfe5)
core   0: 0x8000ef64 (0x00001f17) auipc   t5, 0x1
core   0: 3 0x8000ef64 (0x00001f17) x30 0x8000ff64
core   0: 0x8000ef68 (0x083f2e23) sw      gp, 156(t5)
core   0: 3 0x8000ef68 (0x083f2e23) mem 0x80010000 0x00000001
core   0: 0x8000ef6c (0x0000bfe5) c.j     pc - 8
core   0: 3 0x8000ef6c (0xbfe5)
core   0: 0x8000ef64 (0x00001f17) auipc   t5, 0x1
core   0: 3 0x8000ef64 (0x00001f17) x30 0x8000ff64
core   0: 0x8000ef68 (0x083f2e23) sw      gp, 156(t5)
core   0: 3 0x8000ef68 (0x083f2e23) mem 0x80010000 0x00000001
core   0: 0x8000ef6c (0x0000bfe5) c.j     pc - 8
core   0: 3 0x8000ef6c (0xbfe5)
core   0: 0x8000ef64 (0x00001f17) auipc   t5, 0x1
core   0: 3 0x8000ef64 (0x00001f17) x30 0x8000ff64
core   0: 0x8000ef68 (0x083f2e23) sw      gp, 156(t5)
core   0: 3 0x8000ef68 (0x083f2e23) mem 0x80010000 0x00000001
core   0: 0x8000ef6c (0x0000bfe5) c.j     pc - 8
core   0: 3 0x8000ef6c (0xbfe5)
core   0: 0x8000ef64 (0x00001f17) auipc   t5, 0x1
core   0: 3 0x8000ef64 (0x00001f17) x30 0x8000ff64
core   0: 0x8000ef68 (0x083f2e23) sw      gp, 156(t5)
core   0: 3 0x8000ef68 (0x083f2e23) mem 0x80010000 0x00000001
core   0: 0x8000ef6c (0x0000bfe5) c.j     pc - 8
core   0: 3 0x8000ef6c (0xbfe5)
core   0: 0x8000ef64 (0x00001f17) auipc   t5, 0x1
core   0: 3 0x8000ef64 (0x00001f17) x30 0x8000ff64
core   0: 0x8000ef68 (0x083f2e23) sw      gp, 156(t5)
core   0: 3 0x8000ef68 (0x083f2e23) mem 0x80010000 0x00000001
core   0: 0x8000ef6c (0x0000bfe5) c.j     pc - 8
core   0: 3 0x8000ef6c (0xbfe5)
core   0: 0x8000ef64 (0x00001f17) auipc   t5, 0x1
core   0: 3 0x8000ef64 (0x00001f17) x30 0x8000ff64
core   0: 0x8000ef68 (0x083f2e23) sw      gp, 156(t5)
core   0: 3 0x8000ef68 (0x083f2e23) mem 0x80010000 0x00000001
core   0: 0x8000ef6c (0x0000bfe5) c.j     pc - 8
core   0: 3 0x8000ef6c (0xbfe5)
core   0: 0x8000ef64 (0x00001f17) auipc   t5, 0x1
core   0: 3 0x8000ef64 (0x00001f17) x30 0x8000ff64
core   0: 0x8000ef68 (0x083f2e23) sw      gp, 156(t5)
core   0: 3 0x8000ef68 (0x083f2e23) mem 0x80010000 0x00000001
core   0: 0x8000ef6c (0x0000bfe5) c.j     pc - 8
core   0: 3 0x8000ef6c (0xbfe5)
core   0: 0x8000ef64 (0x00001f17) auipc   t5, 0x1
core   0: 3 0x8000ef64 (0x00001f17) x30 0x8000ff64
core   0: 0x8000ef68 (0x083f2e23) sw      gp, 156(t5)
core   0: 3 0x8000ef68 (0x083f2e23) mem 0x80010000 0x00000001
core   0: 0x8000ef6c (0x0000bfe5) c.j     pc - 8
core   0: 3 0x8000ef6c (0xbfe5)
core   0: 0x8000ef64 (0x00001f17) auipc   t5, 0x1
core   0: 3 0x8000ef64 (0x00001f17) x30 0x8000ff64
core   0: 0x8000ef68 (0x083f2e23) sw      gp, 156(t5)
core   0: 3 0x8000ef68 (0x083f2e23) mem 0x80010000 0x00000001
core   0: 0x8000ef6c (0x0000bfe5) c.j     pc - 8
core   0: 3 0x8000ef6c (0xbfe5)
core   0: 0x8000ef64 (0x00001f17) auipc   t5, 0x1
core   0: 3 0x8000ef64 (0x00001f17) x30 0x8000ff64
core   0: 0x8000ef68 (0x083f2e23) sw      gp, 156(t5)
core   0: 3 0x8000ef68 (0x083f2e23) mem 0x80010000 0x00000001
core   0: 0x8000ef6c (0x0000bfe5) c.j     pc - 8
core   0: 3 0x8000ef6c (0xbfe5)
core   0: 0x8000ef64 (0x00001f17) auipc   t5, 0x1
core   0: 3 0x8000ef64 (0x00001f17) x30 0x8000ff64
core   0: 0x8000ef68 (0x083f2e23) sw      gp, 156(t5)
core   0: 3 0x8000ef68 (0x083f2e23) mem 0x80010000 0x00000001
core   0: 0x8000ef6c (0x0000bfe5) c.j     pc - 8
core   0: 3 0x8000ef6c (0xbfe5)
core   0: 0x8000ef64 (0x00001f17) auipc   t5, 0x1
core   0: 3 0x8000ef64 (0x00001f17) x30 0x8000ff64
core   0: 0x8000ef68 (0x083f2e23) sw      gp, 156(t5)
core   0: 3 0x8000ef68 (0x083f2e23) mem 0x80010000 0x00000001
core   0: 0x8000ef6c (0x0000bfe5) c.j     pc - 8
core   0: 3 0x8000ef6c (0xbfe5)
core   0: 0x8000ef64 (0x00001f17) auipc   t5, 0x1
core   0: 3 0x8000ef64 (0x00001f17) x30 0x8000ff64
core   0: 0x8000ef68 (0x083f2e23) sw      gp, 156(t5)
core   0: 3 0x8000ef68 (0x083f2e23) mem 0x80010000 0x00000001
core   0: 0x8000ef6c (0x0000bfe5) c.j     pc - 8
core   0: 3 0x8000ef6c (0xbfe5)
core   0: 0x8000ef64 (0x00001f17) auipc   t5, 0x1
core   0: 3 0x8000ef64 (0x00001f17) x30 0x8000ff64
core   0: 0x8000ef68 (0x083f2e23) sw      gp, 156(t5)
core   0: 3 0x8000ef68 (0x083f2e23) mem 0x80010000 0x00000001
core   0: 0x8000ef6c (0x0000bfe5) c.j     pc - 8
core   0: 3 0x8000ef6c (0xbfe5)
core   0: 0x8000ef64 (0x00001f17) auipc   t5, 0x1
core   0: 3 0x8000ef64 (0x00001f17) x30 0x8000ff64
core   0: 0x8000ef68 (0x083f2e23) sw      gp, 156(t5)
core   0: 3 0x8000ef68 (0x083f2e23) mem 0x80010000 0x00000001
core   0: 0x8000ef6c (0x0000bfe5) c.j     pc - 8
core   0: 3 0x8000ef6c (0xbfe5)
core   0: 0x8000ef64 (0x00001f17) auipc   t5, 0x1
core   0: 3 0x8000ef64 (0x00001f17) x30 0x8000ff64
core   0: 0x8000ef68 (0x083f2e23) sw      gp, 156(t5)
core   0: 3 0x8000ef68 (0x083f2e23) mem 0x80010000 0x00000001
core   0: 0x8000ef6c (0x0000bfe5) c.j     pc - 8
core   0: 3 0x8000ef6c (0xbfe5)
core   0: 0x8000ef64 (0x00001f17) auipc   t5, 0x1
core   0: 3 0x8000ef64 (0x00001f17) x30 0x8000ff64
core   0: 0x8000ef68 (0x083f2e23) sw      gp, 156(t5)
core   0: 3 0x8000ef68 (0x083f2e23) mem 0x80010000 0x00000001
core   0: 0x8000ef6c (0x0000bfe5) c.j     pc - 8
core   0: 3 0x8000ef6c (0xbfe5)
core   0: 0x8000ef64 (0x00001f17) auipc   t5, 0x1
core   0: 3 0x8000ef64 (0x00001f17) x30 0x8000ff64
core   0: 0x8000ef68 (0x083f2e23) sw      gp, 156(t5)
core   0: 3 0x8000ef68 (0x083f2e23) mem 0x80010000 0x00000001
core   0: 0x8000ef6c (0x0000bfe5) c.j     pc - 8
core   0: 3 0x8000ef6c (0xbfe5)
core   0: 0x8000ef64 (0x00001f17) auipc   t5, 0x1
core   0: 3 0x8000ef64 (0x00001f17) x30 0x8000ff64
core   0: 0x8000ef68 (0x083f2e23) sw      gp, 156(t5)
core   0: 3 0x8000ef68 (0x083f2e23) mem 0x80010000 0x00000001
core   0: 0x8000ef6c (0x0000bfe5) c.j     pc - 8
core   0: 3 0x8000ef6c (0xbfe5)
core   0: 0x8000ef64 (0x00001f17) auipc   t5, 0x1
core   0: 3 0x8000ef64 (0x00001f17) x30 0x8000ff64
core   0: 0x8000ef68 (0x083f2e23) sw      gp, 156(t5)
core   0: 3 0x8000ef68 (0x083f2e23) mem 0x80010000 0x00000001
core   0: 0x8000ef6c (0x0000bfe5) c.j     pc - 8
core   0: 3 0x8000ef6c (0xbfe5)
core   0: 0x8000ef64 (0x00001f17) auipc   t5, 0x1
core   0: 3 0x8000ef64 (0x00001f17) x30 0x8000ff64
core   0: 0x8000ef68 (0x083f2e23) sw      gp, 156(t5)
core   0: 3 0x8000ef68 (0x083f2e23) mem 0x80010000 0x00000001
core   0: 0x8000ef6c (0x0000bfe5) c.j     pc - 8
core   0: 3 0x8000ef6c (0xbfe5)
core   0: 0x8000ef64 (0x00001f17) auipc   t5, 0x1
core   0: 3 0x8000ef64 (0x00001f17) x30 0x8000ff64
core   0: 0x8000ef68 (0x083f2e23) sw      gp, 156(t5)
core   0: 3 0x8000ef68 (0x083f2e23) mem 0x80010000 0x00000001
core   0: 0x8000ef6c (0x0000bfe5) c.j     pc - 8
core   0: 3 0x8000ef6c (0xbfe5)
core   0: 0x8000ef64 (0x00001f17) auipc   t5, 0x1
core   0: 3 0x8000ef64 (0x00001f17) x30 0x8000ff64
core   0: 0x8000ef68 (0x083f2e23) sw      gp, 156(t5)
core   0: 3 0x8000ef68 (0x083f2e23) mem 0x80010000 0x00000001
core   0: 0x8000ef6c (0x0000bfe5) c.j     pc - 8
core   0: 3 0x8000ef6c (0xbfe5)
core   0: 0x8000ef64 (0x00001f17) auipc   t5, 0x1
core   0: 3 0x8000ef64 (0x00001f17) x30 0x8000ff64
core   0: 0x8000ef68 (0x083f2e23) sw      gp, 156(t5)
core   0: 3 0x8000ef68 (0x083f2e23) mem 0x80010000 0x00000001
core   0: 0x8000ef6c (0x0000bfe5) c.j     pc - 8
core   0: 3 0x8000ef6c (0xbfe5)
core   0: 0x8000ef64 (0x00001f17) auipc   t5, 0x1
core   0: 3 0x8000ef64 (0x00001f17) x30 0x8000ff64
core   0: 0x8000ef68 (0x083f2e23) sw      gp, 156(t5)
core   0: 3 0x8000ef68 (0x083f2e23) mem 0x80010000 0x00000001
core   0: 0x8000ef6c (0x0000bfe5) c.j     pc - 8
core   0: 3 0x8000ef6c (0xbfe5)
core   0: 0x8000ef64 (0x00001f17) auipc   t5, 0x1
core   0: 3 0x8000ef64 (0x00001f17) x30 0x8000ff64
core   0: 0x8000ef68 (0x083f2e23) sw      gp, 156(t5)
core   0: 3 0x8000ef68 (0x083f2e23) mem 0x80010000 0x00000001
core   0: 0x8000ef6c (0x0000bfe5) c.j     pc - 8
core   0: 3 0x8000ef6c (0xbfe5)
core   0: 0x8000ef64 (0x00001f17) auipc   t5, 0x1
core   0: 3 0x8000ef64 (0x00001f17) x30 0x8000ff64
core   0: 0x8000ef68 (0x083f2e23) sw      gp, 156(t5)
core   0: 3 0x8000ef68 (0x083f2e23) mem 0x80010000 0x00000001
core   0: 0x8000ef6c (0x0000bfe5) c.j     pc - 8
core   0: 3 0x8000ef6c (0xbfe5)
core   0: 0x8000ef64 (0x00001f17) auipc   t5, 0x1
core   0: 3 0x8000ef64 (0x00001f17) x30 0x8000ff64
core   0: 0x8000ef68 (0x083f2e23) sw      gp, 156(t5)
core   0: 3 0x8000ef68 (0x083f2e23) mem 0x80010000 0x00000001
core   0: 0x8000ef6c (0x0000bfe5) c.j     pc - 8
core   0: 3 0x8000ef6c (0xbfe5)
core   0: 0x8000ef64 (0x00001f17) auipc   t5, 0x1
core   0: 3 0x8000ef64 (0x00001f17) x30 0x8000ff64
core   0: 0x8000ef68 (0x083f2e23) sw      gp, 156(t5)
core   0: 3 0x8000ef68 (0x083f2e23) mem 0x80010000 0x00000001
core   0: 0x8000ef6c (0x0000bfe5) c.j     pc - 8
core   0: 3 0x8000ef6c (0xbfe5)
core   0: 0x8000ef64 (0x00001f17) auipc   t5, 0x1
core   0: 3 0x8000ef64 (0x00001f17) x30 0x8000ff64
core   0: 0x8000ef68 (0x083f2e23) sw      gp, 156(t5)
core   0: 3 0x8000ef68 (0x083f2e23) mem 0x80010000 0x00000001
core   0: 0x8000ef6c (0x0000bfe5) c.j     pc - 8
core   0: 3 0x8000ef6c (0xbfe5)
core   0: 0x8000ef64 (0x00001f17) auipc   t5, 0x1
core   0: 3 0x8000ef64 (0x00001f17) x30 0x8000ff64
core   0: 0x8000ef68 (0x083f2e23) sw      gp, 156(t5)
core   0: 3 0x8000ef68 (0x083f2e23) mem 0x80010000 0x00000001
core   0: 0x8000ef6c (0x0000bfe5) c.j     pc - 8
core   0: 3 0x8000ef6c (0xbfe5)
core   0: 0x8000ef64 (0x00001f17) auipc   t5, 0x1
core   0: 3 0x8000ef64 (0x00001f17) x30 0x8000ff64
core   0: 0x8000ef68 (0x083f2e23) sw      gp, 156(t5)
core   0: 3 0x8000ef68 (0x083f2e23) mem 0x80010000 0x00000001
core   0: 0x8000ef6c (0x0000bfe5) c.j     pc - 8
core   0: 3 0x8000ef6c (0xbfe5)
core   0: 0x8000ef64 (0x00001f17) auipc   t5, 0x1
core   0: 3 0x8000ef64 (0x00001f17) x30 0x8000ff64
core   0: 0x8000ef68 (0x083f2e23) sw      gp, 156(t5)
core   0: 3 0x8000ef68 (0x083f2e23) mem 0x80010000 0x00000001
core   0: 0x8000ef6c (0x0000bfe5) c.j     pc - 8
core   0: 3 0x8000ef6c (0xbfe5)
core   0: 0x8000ef64 (0x00001f17) auipc   t5, 0x1
core   0: 3 0x8000ef64 (0x00001f17) x30 0x8000ff64
core   0: 0x8000ef68 (0x083f2e23) sw      gp, 156(t5)
core   0: 3 0x8000ef68 (0x083f2e23) mem 0x80010000 0x00000001
core   0: 0x8000ef6c (0x0000bfe5) c.j     pc - 8
core   0: 3 0x8000ef6c (0xbfe5)
core   0: 0x8000ef64 (0x00001f17) auipc   t5, 0x1
core   0: 3 0x8000ef64 (0x00001f17) x30 0x8000ff64
core   0: 0x8000ef68 (0x083f2e23) sw      gp, 156(t5)
core   0: 3 0x8000ef68 (0x083f2e23) mem 0x80010000 0x00000001
core   0: 0x8000ef6c (0x0000bfe5) c.j     pc - 8
core   0: 3 0x8000ef6c (0xbfe5)
core   0: 0x8000ef64 (0x00001f17) auipc   t5, 0x1
core   0: 3 0x8000ef64 (0x00001f17) x30 0x8000ff64
core   0: 0x8000ef68 (0x083f2e23) sw      gp, 156(t5)
core   0: 3 0x8000ef68 (0x083f2e23) mem 0x80010000 0x00000001
core   0: 0x8000ef6c (0x0000bfe5) c.j     pc - 8
core   0: 3 0x8000ef6c (0xbfe5)
core   0: 0x8000ef64 (0x00001f17) auipc   t5, 0x1
core   0: 3 0x8000ef64 (0x00001f17) x30 0x8000ff64
core   0: 0x8000ef68 (0x083f2e23) sw      gp, 156(t5)
core   0: 3 0x8000ef68 (0x083f2e23) mem 0x80010000 0x00000001
core   0: 0x8000ef6c (0x0000bfe5) c.j     pc - 8
core   0: 3 0x8000ef6c (0xbfe5)
core   0: 0x8000ef64 (0x00001f17) auipc   t5, 0x1
core   0: 3 0x8000ef64 (0x00001f17) x30 0x8000ff64
core   0: 0x8000ef68 (0x083f2e23) sw      gp, 156(t5)
core   0: 3 0x8000ef68 (0x083f2e23) mem 0x80010000 0x00000001
core   0: 0x8000ef6c (0x0000bfe5) c.j     pc - 8
core   0: 3 0x8000ef6c (0xbfe5)
core   0: 0x8000ef64 (0x00001f17) auipc   t5, 0x1
core   0: 3 0x8000ef64 (0x00001f17) x30 0x8000ff64
core   0: 0x8000ef68 (0x083f2e23) sw      gp, 156(t5)
core   0: 3 0x8000ef68 (0x083f2e23) mem 0x80010000 0x00000001
core   0: 0x8000ef6c (0x0000bfe5) c.j     pc - 8
core   0: 3 0x8000ef6c (0xbfe5)
core   0: 0x8000ef64 (0x00001f17) auipc   t5, 0x1
core   0: 3 0x8000ef64 (0x00001f17) x30 0x8000ff64
core   0: 0x8000ef68 (0x083f2e23) sw      gp, 156(t5)
core   0: 3 0x8000ef68 (0x083f2e23) mem 0x80010000 0x00000001
core   0: 0x8000ef6c (0x0000bfe5) c.j     pc - 8
core   0: 3 0x8000ef6c (0xbfe5)
core   0: 0x8000ef64 (0x00001f17) auipc   t5, 0x1
core   0: 3 0x8000ef64 (0x00001f17) x30 0x8000ff64
core   0: 0x8000ef68 (0x083f2e23) sw      gp, 156(t5)
core   0: 3 0x8000ef68 (0x083f2e23) mem 0x80010000 0x00000001
core   0: 0x8000ef6c (0x0000bfe5) c.j     pc - 8
core   0: 3 0x8000ef6c (0xbfe5)
core   0: 0x8000ef64 (0x00001f17) auipc   t5, 0x1
core   0: 3 0x8000ef64 (0x00001f17) x30 0x8000ff64
core   0: 0x8000ef68 (0x083f2e23) sw      gp, 156(t5)
core   0: 3 0x8000ef68 (0x083f2e23) mem 0x80010000 0x00000001
core   0: 0x8000ef6c (0x0000bfe5) c.j     pc - 8
core   0: 3 0x8000ef6c (0xbfe5)
core   0: 0x8000ef64 (0x00001f17) auipc   t5, 0x1
core   0: 3 0x8000ef64 (0x00001f17) x30 0x8000ff64
core   0: 0x8000ef68 (0x083f2e23) sw      gp, 156(t5)
core   0: 3 0x8000ef68 (0x083f2e23) mem 0x80010000 0x00000001
core   0: 0x8000ef6c (0x0000bfe5) c.j     pc - 8
core   0: 3 0x8000ef6c (0xbfe5)
core   0: 0x8000ef64 (0x00001f17) auipc   t5, 0x1
core   0: 3 0x8000ef64 (0x00001f17) x30 0x8000ff64
core   0: 0x8000ef68 (0x083f2e23) sw      gp, 156(t5)
core   0: 3 0x8000ef68 (0x083f2e23) mem 0x80010000 0x00000001
core   0: 0x8000ef6c (0x0000bfe5) c.j     pc - 8
core   0: 3 0x8000ef6c (0xbfe5)
core   0: 0x8000ef64 (0x00001f17) auipc   t5, 0x1
core   0: 3 0x8000ef64 (0x00001f17) x30 0x8000ff64
core   0: 0x8000ef68 (0x083f2e23) sw      gp, 156(t5)
core   0: 3 0x8000ef68 (0x083f2e23) mem 0x80010000 0x00000001
core   0: 0x8000ef6c (0x0000bfe5) c.j     pc - 8
core   0: 3 0x8000ef6c (0xbfe5)
core   0: 0x8000ef64 (0x00001f17) auipc   t5, 0x1
core   0: 3 0x8000ef64 (0x00001f17) x30 0x8000ff64
core   0: 0x8000ef68 (0x083f2e23) sw      gp, 156(t5)
core   0: 3 0x8000ef68 (0x083f2e23) mem 0x80010000 0x00000001
core   0: 0x8000ef6c (0x0000bfe5) c.j     pc - 8
core   0: 3 0x8000ef6c (0xbfe5)
core   0: 0x8000ef64 (0x00001f17) auipc   t5, 0x1
core   0: 3 0x8000ef64 (0x00001f17) x30 0x8000ff64
core   0: 0x8000ef68 (0x083f2e23) sw      gp, 156(t5)
core   0: 3 0x8000ef68 (0x083f2e23) mem 0x80010000 0x00000001
core   0: 0x8000ef6c (0x0000bfe5) c.j     pc - 8
core   0: 3 0x8000ef6c (0xbfe5)
core   0: 0x8000ef64 (0x00001f17) auipc   t5, 0x1
core   0: 3 0x8000ef64 (0x00001f17) x30 0x8000ff64
core   0: 0x8000ef68 (0x083f2e23) sw      gp, 156(t5)
core   0: 3 0x8000ef68 (0x083f2e23) mem 0x80010000 0x00000001
core   0: 0x8000ef6c (0x0000bfe5) c.j     pc - 8
core   0: 3 0x8000ef6c (0xbfe5)
core   0: 0x8000ef64 (0x00001f17) auipc   t5, 0x1
core   0: 3 0x8000ef64 (0x00001f17) x30 0x8000ff64
core   0: 0x8000ef68 (0x083f2e23) sw      gp, 156(t5)
core   0: 3 0x8000ef68 (0x083f2e23) mem 0x80010000 0x00000001
core   0: 0x8000ef6c (0x0000bfe5) c.j     pc - 8
core   0: 3 0x8000ef6c (0xbfe5)
core   0: 0x8000ef64 (0x00001f17) auipc   t5, 0x1
core   0: 3 0x8000ef64 (0x00001f17) x30 0x8000ff64
core   0: 0x8000ef68 (0x083f2e23) sw      gp, 156(t5)
core   0: 3 0x8000ef68 (0x083f2e23) mem 0x80010000 0x00000001
core   0: 0x8000ef6c (0x0000bfe5) c.j     pc - 8
core   0: 3 0x8000ef6c (0xbfe5)
core   0: 0x8000ef64 (0x00001f17) auipc   t5, 0x1
core   0: 3 0x8000ef64 (0x00001f17) x30 0x8000ff64
core   0: 0x8000ef68 (0x083f2e23) sw      gp, 156(t5)
core   0: 3 0x8000ef68 (0x083f2e23) mem 0x80010000 0x00000001
core   0: 0x8000ef6c (0x0000bfe5) c.j     pc - 8
core   0: 3 0x8000ef6c (0xbfe5)
core   0: 0x8000ef64 (0x00001f17) auipc   t5, 0x1
core   0: 3 0x8000ef64 (0x00001f17) x30 0x8000ff64
core   0: 0x8000ef68 (0x083f2e23) sw      gp, 156(t5)
core   0: 3 0x8000ef68 (0x083f2e23) mem 0x80010000 0x00000001
core   0: 0x8000ef6c (0x0000bfe5) c.j     pc - 8
core   0: 3 0x8000ef6c (0xbfe5)
core   0: 0x8000ef64 (0x00001f17) auipc   t5, 0x1
core   0: 3 0x8000ef64 (0x00001f17) x30 0x8000ff64
core   0: 0x8000ef68 (0x083f2e23) sw      gp, 156(t5)
core   0: 3 0x8000ef68 (0x083f2e23) mem 0x80010000 0x00000001
core   0: 0x8000ef6c (0x0000bfe5) c.j     pc - 8
core   0: 3 0x8000ef6c (0xbfe5)
core   0: 0x8000ef64 (0x00001f17) auipc   t5, 0x1
core   0: 3 0x8000ef64 (0x00001f17) x30 0x8000ff64
core   0: 0x8000ef68 (0x083f2e23) sw      gp, 156(t5)
core   0: 3 0x8000ef68 (0x083f2e23) mem 0x80010000 0x00000001
core   0: 0x8000ef6c (0x0000bfe5) c.j     pc - 8
core   0: 3 0x8000ef6c (0xbfe5)
core   0: 0x8000ef64 (0x00001f17) auipc   t5, 0x1
core   0: 3 0x8000ef64 (0x00001f17) x30 0x8000ff64
core   0: 0x8000ef68 (0x083f2e23) sw      gp, 156(t5)
core   0: 3 0x8000ef68 (0x083f2e23) mem 0x80010000 0x00000001
core   0: 0x8000ef6c (0x0000bfe5) c.j     pc - 8
core   0: 3 0x8000ef6c (0xbfe5)
core   0: 0x8000ef64 (0x00001f17) auipc   t5, 0x1
core   0: 3 0x8000ef64 (0x00001f17) x30 0x8000ff64
core   0: 0x8000ef68 (0x083f2e23) sw      gp, 156(t5)
core   0: 3 0x8000ef68 (0x083f2e23) mem 0x80010000 0x00000001
core   0: 0x8000ef6c (0x0000bfe5) c.j     pc - 8
core   0: 3 0x8000ef6c (0xbfe5)
core   0: 0x8000ef64 (0x00001f17) auipc   t5, 0x1
core   0: 3 0x8000ef64 (0x00001f17) x30 0x8000ff64
core   0: 0x8000ef68 (0x083f2e23) sw      gp, 156(t5)
core   0: 3 0x8000ef68 (0x083f2e23) mem 0x80010000 0x00000001
core   0: 0x8000ef6c (0x0000bfe5) c.j     pc - 8
core   0: 3 0x8000ef6c (0xbfe5)
core   0: 0x8000ef64 (0x00001f17) auipc   t5, 0x1
core   0: 3 0x8000ef64 (0x00001f17) x30 0x8000ff64
core   0: 0x8000ef68 (0x083f2e23) sw      gp, 156(t5)
core   0: 3 0x8000ef68 (0x083f2e23) mem 0x80010000 0x00000001
core   0: 0x8000ef6c (0x0000bfe5) c.j     pc - 8
core   0: 3 0x8000ef6c (0xbfe5)
core   0: 0x8000ef64 (0x00001f17) auipc   t5, 0x1
core   0: 3 0x8000ef64 (0x00001f17) x30 0x8000ff64
core   0: 0x8000ef68 (0x083f2e23) sw      gp, 156(t5)
core   0: 3 0x8000ef68 (0x083f2e23) mem 0x80010000 0x00000001
core   0: 0x8000ef6c (0x0000bfe5) c.j     pc - 8
core   0: 3 0x8000ef6c (0xbfe5)
core   0: 0x8000ef64 (0x00001f17) auipc   t5, 0x1
core   0: 3 0x8000ef64 (0x00001f17) x30 0x8000ff64
core   0: 0x8000ef68 (0x083f2e23) sw      gp, 156(t5)
core   0: 3 0x8000ef68 (0x083f2e23) mem 0x80010000 0x00000001
core   0: 0x8000ef6c (0x0000bfe5) c.j     pc - 8
core   0: 3 0x8000ef6c (0xbfe5)
core   0: 0x8000ef64 (0x00001f17) auipc   t5, 0x1
core   0: 3 0x8000ef64 (0x00001f17) x30 0x8000ff64
core   0: 0x8000ef68 (0x083f2e23) sw      gp, 156(t5)
core   0: 3 0x8000ef68 (0x083f2e23) mem 0x80010000 0x00000001
core   0: 0x8000ef6c (0x0000bfe5) c.j     pc - 8
core   0: 3 0x8000ef6c (0xbfe5)
core   0: 0x8000ef64 (0x00001f17) auipc   t5, 0x1
core   0: 3 0x8000ef64 (0x00001f17) x30 0x8000ff64
core   0: 0x8000ef68 (0x083f2e23) sw      gp, 156(t5)
core   0: 3 0x8000ef68 (0x083f2e23) mem 0x80010000 0x00000001
core   0: 0x8000ef6c (0x0000bfe5) c.j     pc - 8
core   0: 3 0x8000ef6c (0xbfe5)
core   0: 0x8000ef64 (0x00001f17) auipc   t5, 0x1
core   0: 3 0x8000ef64 (0x00001f17) x30 0x8000ff64
core   0: 0x8000ef68 (0x083f2e23) sw      gp, 156(t5)
core   0: 3 0x8000ef68 (0x083f2e23) mem 0x80010000 0x00000001
core   0: 0x8000ef6c (0x0000bfe5) c.j     pc - 8
core   0: 3 0x8000ef6c (0xbfe5)
core   0: 0x8000ef64 (0x00001f17) auipc   t5, 0x1
core   0: 3 0x8000ef64 (0x00001f17) x30 0x8000ff64
core   0: 0x8000ef68 (0x083f2e23) sw      gp, 156(t5)
core   0: 3 0x8000ef68 (0x083f2e23) mem 0x80010000 0x00000001
core   0: 0x8000ef6c (0x0000bfe5) c.j     pc - 8
core   0: 3 0x8000ef6c (0xbfe5)
core   0: 0x8000ef64 (0x00001f17) auipc   t5, 0x1
core   0: 3 0x8000ef64 (0x00001f17) x30 0x8000ff64
core   0: 0x8000ef68 (0x083f2e23) sw      gp, 156(t5)
core   0: 3 0x8000ef68 (0x083f2e23) mem 0x80010000 0x00000001
core   0: 0x8000ef6c (0x0000bfe5) c.j     pc - 8
core   0: 3 0x8000ef6c (0xbfe5)
core   0: 0x8000ef64 (0x00001f17) auipc   t5, 0x1
core   0: 3 0x8000ef64 (0x00001f17) x30 0x8000ff64
core   0: 0x8000ef68 (0x083f2e23) sw      gp, 156(t5)
core   0: 3 0x8000ef68 (0x083f2e23) mem 0x80010000 0x00000001
core   0: 0x8000ef6c (0x0000bfe5) c.j     pc - 8
core   0: 3 0x8000ef6c (0xbfe5)
core   0: 0x8000ef64 (0x00001f17) auipc   t5, 0x1
core   0: 3 0x8000ef64 (0x00001f17) x30 0x8000ff64
core   0: 0x8000ef68 (0x083f2e23) sw      gp, 156(t5)
core   0: 3 0x8000ef68 (0x083f2e23) mem 0x80010000 0x00000001
core   0: 0x8000ef6c (0x0000bfe5) c.j     pc - 8
core   0: 3 0x8000ef6c (0xbfe5)
core   0: 0x8000ef64 (0x00001f17) auipc   t5, 0x1
core   0: 3 0x8000ef64 (0x00001f17) x30 0x8000ff64
core   0: 0x8000ef68 (0x083f2e23) sw      gp, 156(t5)
core   0: 3 0x8000ef68 (0x083f2e23) mem 0x80010000 0x00000001
core   0: 0x8000ef6c (0x0000bfe5) c.j     pc - 8
core   0: 3 0x8000ef6c (0xbfe5)
core   0: 0x8000ef64 (0x00001f17) auipc   t5, 0x1
core   0: 3 0x8000ef64 (0x00001f17) x30 0x8000ff64
core   0: 0x8000ef68 (0x083f2e23) sw      gp, 156(t5)
core   0: 3 0x8000ef68 (0x083f2e23) mem 0x80010000 0x00000001
core   0: 0x8000ef6c (0x0000bfe5) c.j     pc - 8
core   0: 3 0x8000ef6c (0xbfe5)
core   0: 0x8000ef64 (0x00001f17) auipc   t5, 0x1
core   0: 3 0x8000ef64 (0x00001f17) x30 0x8000ff64
core   0: 0x8000ef68 (0x083f2e23) sw      gp, 156(t5)
core   0: 3 0x8000ef68 (0x083f2e23) mem 0x80010000 0x00000001
core   0: 0x8000ef6c (0x0000bfe5) c.j     pc - 8
core   0: 3 0x8000ef6c (0xbfe5)
core   0: 0x8000ef64 (0x00001f17) auipc   t5, 0x1
core   0: 3 0x8000ef64 (0x00001f17) x30 0x8000ff64
core   0: 0x8000ef68 (0x083f2e23) sw      gp, 156(t5)
core   0: 3 0x8000ef68 (0x083f2e23) mem 0x80010000 0x00000001
core   0: 0x8000ef6c (0x0000bfe5) c.j     pc - 8
core   0: 3 0x8000ef6c (0xbfe5)
core   0: 0x8000ef64 (0x00001f17) auipc   t5, 0x1
core   0: 3 0x8000ef64 (0x00001f17) x30 0x8000ff64
core   0: 0x8000ef68 (0x083f2e23) sw      gp, 156(t5)
core   0: 3 0x8000ef68 (0x083f2e23) mem 0x80010000 0x00000001
core   0: 0x8000ef6c (0x0000bfe5) c.j     pc - 8
core   0: 3 0x8000ef6c (0xbfe5)
core   0: 0x8000ef64 (0x00001f17) auipc   t5, 0x1
core   0: 3 0x8000ef64 (0x00001f17) x30 0x8000ff64
core   0: 0x8000ef68 (0x083f2e23) sw      gp, 156(t5)
core   0: 3 0x8000ef68 (0x083f2e23) mem 0x80010000 0x00000001
core   0: 0x8000ef6c (0x0000bfe5) c.j     pc - 8
core   0: 3 0x8000ef6c (0xbfe5)
core   0: 0x8000ef64 (0x00001f17) auipc   t5, 0x1
core   0: 3 0x8000ef64 (0x00001f17) x30 0x8000ff64
core   0: 0x8000ef68 (0x083f2e23) sw      gp, 156(t5)
core   0: 3 0x8000ef68 (0x083f2e23) mem 0x80010000 0x00000001
core   0: 0x8000ef6c (0x0000bfe5) c.j     pc - 8
core   0: 3 0x8000ef6c (0xbfe5)
core   0: 0x8000ef64 (0x00001f17) auipc   t5, 0x1
core   0: 3 0x8000ef64 (0x00001f17) x30 0x8000ff64
core   0: 0x8000ef68 (0x083f2e23) sw      gp, 156(t5)
core   0: 3 0x8000ef68 (0x083f2e23) mem 0x80010000 0x00000001
core   0: 0x8000ef6c (0x0000bfe5) c.j     pc - 8
core   0: 3 0x8000ef6c (0xbfe5)
core   0: 0x8000ef64 (0x00001f17) auipc   t5, 0x1
core   0: 3 0x8000ef64 (0x00001f17) x30 0x8000ff64
core   0: 0x8000ef68 (0x083f2e23) sw      gp, 156(t5)
core   0: 3 0x8000ef68 (0x083f2e23) mem 0x80010000 0x00000001
core   0: 0x8000ef6c (0x0000bfe5) c.j     pc - 8
core   0: 3 0x8000ef6c (0xbfe5)
core   0: 0x8000ef64 (0x00001f17) auipc   t5, 0x1
core   0: 3 0x8000ef64 (0x00001f17) x30 0x8000ff64
core   0: 0x8000ef68 (0x083f2e23) sw      gp, 156(t5)
core   0: 3 0x8000ef68 (0x083f2e23) mem 0x80010000 0x00000001
core   0: 0x8000ef6c (0x0000bfe5) c.j     pc - 8
core   0: 3 0x8000ef6c (0xbfe5)
core   0: 0x8000ef64 (0x00001f17) auipc   t5, 0x1
core   0: 3 0x8000ef64 (0x00001f17) x30 0x8000ff64
core   0: 0x8000ef68 (0x083f2e23) sw      gp, 156(t5)
core   0: 3 0x8000ef68 (0x083f2e23) mem 0x80010000 0x00000001
core   0: 0x8000ef6c (0x0000bfe5) c.j     pc - 8
core   0: 3 0x8000ef6c (0xbfe5)
core   0: 0x8000ef64 (0x00001f17) auipc   t5, 0x1
core   0: 3 0x8000ef64 (0x00001f17) x30 0x8000ff64
core   0: 0x8000ef68 (0x083f2e23) sw      gp, 156(t5)
core   0: 3 0x8000ef68 (0x083f2e23) mem 0x80010000 0x00000001
core   0: 0x8000ef6c (0x0000bfe5) c.j     pc - 8
core   0: 3 0x8000ef6c (0xbfe5)
core   0: 0x8000ef64 (0x00001f17) auipc   t5, 0x1
core   0: 3 0x8000ef64 (0x00001f17) x30 0x8000ff64
core   0: 0x8000ef68 (0x083f2e23) sw      gp, 156(t5)
core   0: 3 0x8000ef68 (0x083f2e23) mem 0x80010000 0x00000001
core   0: 0x8000ef6c (0x0000bfe5) c.j     pc - 8
core   0: 3 0x8000ef6c (0xbfe5)
core   0: 0x8000ef64 (0x00001f17) auipc   t5, 0x1
core   0: 3 0x8000ef64 (0x00001f17) x30 0x8000ff64
core   0: 0x8000ef68 (0x083f2e23) sw      gp, 156(t5)
core   0: 3 0x8000ef68 (0x083f2e23) mem 0x80010000 0x00000001
core   0: 0x8000ef6c (0x0000bfe5) c.j     pc - 8
core   0: 3 0x8000ef6c (0xbfe5)
core   0: 0x8000ef64 (0x00001f17) auipc   t5, 0x1
core   0: 3 0x8000ef64 (0x00001f17) x30 0x8000ff64
core   0: 0x8000ef68 (0x083f2e23) sw      gp, 156(t5)
core   0: 3 0x8000ef68 (0x083f2e23) mem 0x80010000 0x00000001
core   0: 0x8000ef6c (0x0000bfe5) c.j     pc - 8
core   0: 3 0x8000ef6c (0xbfe5)
core   0: 0x8000ef64 (0x00001f17) auipc   t5, 0x1
core   0: 3 0x8000ef64 (0x00001f17) x30 0x8000ff64
core   0: 0x8000ef68 (0x083f2e23) sw      gp, 156(t5)
core   0: 3 0x8000ef68 (0x083f2e23) mem 0x80010000 0x00000001
core   0: 0x8000ef6c (0x0000bfe5) c.j     pc - 8
core   0: 3 0x8000ef6c (0xbfe5)
core   0: 0x8000ef64 (0x00001f17) auipc   t5, 0x1
core   0: 3 0x8000ef64 (0x00001f17) x30 0x8000ff64
core   0: 0x8000ef68 (0x083f2e23) sw      gp, 156(t5)
core   0: 3 0x8000ef68 (0x083f2e23) mem 0x80010000 0x00000001
core   0: 0x8000ef6c (0x0000bfe5) c.j     pc - 8
core   0: 3 0x8000ef6c (0xbfe5)
core   0: 0x8000ef64 (0x00001f17) auipc   t5, 0x1
core   0: 3 0x8000ef64 (0x00001f17) x30 0x8000ff64
core   0: 0x8000ef68 (0x083f2e23) sw      gp, 156(t5)
core   0: 3 0x8000ef68 (0x083f2e23) mem 0x80010000 0x00000001
core   0: 0x8000ef6c (0x0000bfe5) c.j     pc - 8
core   0: 3 0x8000ef6c (0xbfe5)
core   0: 0x8000ef64 (0x00001f17) auipc   t5, 0x1
core   0: 3 0x8000ef64 (0x00001f17) x30 0x8000ff64
core   0: 0x8000ef68 (0x083f2e23) sw      gp, 156(t5)
core   0: 3 0x8000ef68 (0x083f2e23) mem 0x80010000 0x00000001
core   0: 0x8000ef6c (0x0000bfe5) c.j     pc - 8
core   0: 3 0x8000ef6c (0xbfe5)
core   0: 0x8000ef64 (0x00001f17) auipc   t5, 0x1
core   0: 3 0x8000ef64 (0x00001f17) x30 0x8000ff64
core   0: 0x8000ef68 (0x083f2e23) sw      gp, 156(t5)
core   0: 3 0x8000ef68 (0x083f2e23) mem 0x80010000 0x00000001
core   0: 0x8000ef6c (0x0000bfe5) c.j     pc - 8
core   0: 3 0x8000ef6c (0xbfe5)
core   0: 0x8000ef64 (0x00001f17) auipc   t5, 0x1
core   0: 3 0x8000ef64 (0x00001f17) x30 0x8000ff64
core   0: 0x8000ef68 (0x083f2e23) sw      gp, 156(t5)
core   0: 3 0x8000ef68 (0x083f2e23) mem 0x80010000 0x00000001
core   0: 0x8000ef6c (0x0000bfe5) c.j     pc - 8
core   0: 3 0x8000ef6c (0xbfe5)
core   0: 0x8000ef64 (0x00001f17) auipc   t5, 0x1
core   0: 3 0x8000ef64 (0x00001f17) x30 0x8000ff64
core   0: 0x8000ef68 (0x083f2e23) sw      gp, 156(t5)
core   0: 3 0x8000ef68 (0x083f2e23) mem 0x80010000 0x00000001
core   0: 0x8000ef6c (0x0000bfe5) c.j     pc - 8
core   0: 3 0x8000ef6c (0xbfe5)
core   0: 0x8000ef64 (0x00001f17) auipc   t5, 0x1
core   0: 3 0x8000ef64 (0x00001f17) x30 0x8000ff64
core   0: 0x8000ef68 (0x083f2e23) sw      gp, 156(t5)
core   0: 3 0x8000ef68 (0x083f2e23) mem 0x80010000 0x00000001
core   0: 0x8000ef6c (0x0000bfe5) c.j     pc - 8
core   0: 3 0x8000ef6c (0xbfe5)
core   0: 0x8000ef64 (0x00001f17) auipc   t5, 0x1
core   0: 3 0x8000ef64 (0x00001f17) x30 0x8000ff64
core   0: 0x8000ef68 (0x083f2e23) sw      gp, 156(t5)
core   0: 3 0x8000ef68 (0x083f2e23) mem 0x80010000 0x00000001
core   0: 0x8000ef6c (0x0000bfe5) c.j     pc - 8
core   0: 3 0x8000ef6c (0xbfe5)
core   0: 0x8000ef64 (0x00001f17) auipc   t5, 0x1
core   0: 3 0x8000ef64 (0x00001f17) x30 0x8000ff64
core   0: 0x8000ef68 (0x083f2e23) sw      gp, 156(t5)
core   0: 3 0x8000ef68 (0x083f2e23) mem 0x80010000 0x00000001
core   0: 0x8000ef6c (0x0000bfe5) c.j     pc - 8
core   0: 3 0x8000ef6c (0xbfe5)
core   0: 0x8000ef64 (0x00001f17) auipc   t5, 0x1
core   0: 3 0x8000ef64 (0x00001f17) x30 0x8000ff64
core   0: 0x8000ef68 (0x083f2e23) sw      gp, 156(t5)
core   0: 3 0x8000ef68 (0x083f2e23) mem 0x80010000 0x00000001
core   0: 0x8000ef6c (0x0000bfe5) c.j     pc - 8
core   0: 3 0x8000ef6c (0xbfe5)
core   0: 0x8000ef64 (0x00001f17) auipc   t5, 0x1
core   0: 3 0x8000ef64 (0x00001f17) x30 0x8000ff64
core   0: 0x8000ef68 (0x083f2e23) sw      gp, 156(t5)
core   0: 3 0x8000ef68 (0x083f2e23) mem 0x80010000 0x00000001
core   0: 0x8000ef6c (0x0000bfe5) c.j     pc - 8
core   0: 3 0x8000ef6c (0xbfe5)
core   0: 0x8000ef64 (0x00001f17) auipc   t5, 0x1
core   0: 3 0x8000ef64 (0x00001f17) x30 0x8000ff64
core   0: 0x8000ef68 (0x083f2e23) sw      gp, 156(t5)
core   0: 3 0x8000ef68 (0x083f2e23) mem 0x80010000 0x00000001
core   0: 0x8000ef6c (0x0000bfe5) c.j     pc - 8
core   0: 3 0x8000ef6c (0xbfe5)
core   0: 0x8000ef64 (0x00001f17) auipc   t5, 0x1
core   0: 3 0x8000ef64 (0x00001f17) x30 0x8000ff64
core   0: 0x8000ef68 (0x083f2e23) sw      gp, 156(t5)
core   0: 3 0x8000ef68 (0x083f2e23) mem 0x80010000 0x00000001
core   0: 0x8000ef6c (0x0000bfe5) c.j     pc - 8
core   0: 3 0x8000ef6c (0xbfe5)
core   0: 0x8000ef64 (0x00001f17) auipc   t5, 0x1
core   0: 3 0x8000ef64 (0x00001f17) x30 0x8000ff64
core   0: 0x8000ef68 (0x083f2e23) sw      gp, 156(t5)
core   0: 3 0x8000ef68 (0x083f2e23) mem 0x80010000 0x00000001
core   0: 0x8000ef6c (0x0000bfe5) c.j     pc - 8
core   0: 3 0x8000ef6c (0xbfe5)
core   0: 0x8000ef64 (0x00001f17) auipc   t5, 0x1
core   0: 3 0x8000ef64 (0x00001f17) x30 0x8000ff64
core   0: 0x8000ef68 (0x083f2e23) sw      gp, 156(t5)
core   0: 3 0x8000ef68 (0x083f2e23) mem 0x80010000 0x00000001
core   0: 0x8000ef6c (0x0000bfe5) c.j     pc - 8
core   0: 3 0x8000ef6c (0xbfe5)
core   0: 0x8000ef64 (0x00001f17) auipc   t5, 0x1
core   0: 3 0x8000ef64 (0x00001f17) x30 0x8000ff64
core   0: 0x8000ef68 (0x083f2e23) sw      gp, 156(t5)
core   0: 3 0x8000ef68 (0x083f2e23) mem 0x80010000 0x00000001
core   0: 0x8000ef6c (0x0000bfe5) c.j     pc - 8
core   0: 3 0x8000ef6c (0xbfe5)
core   0: 0x8000ef64 (0x00001f17) auipc   t5, 0x1
core   0: 3 0x8000ef64 (0x00001f17) x30 0x8000ff64
core   0: 0x8000ef68 (0x083f2e23) sw      gp, 156(t5)
core   0: 3 0x8000ef68 (0x083f2e23) mem 0x80010000 0x00000001
core   0: 0x8000ef6c (0x0000bfe5) c.j     pc - 8
core   0: 3 0x8000ef6c (0xbfe5)
core   0: 0x8000ef64 (0x00001f17) auipc   t5, 0x1
core   0: 3 0x8000ef64 (0x00001f17) x30 0x8000ff64
core   0: 0x8000ef68 (0x083f2e23) sw      gp, 156(t5)
core   0: 3 0x8000ef68 (0x083f2e23) mem 0x80010000 0x00000001
core   0: 0x8000ef6c (0x0000bfe5) c.j     pc - 8
core   0: 3 0x8000ef6c (0xbfe5)
core   0: 0x8000ef64 (0x00001f17) auipc   t5, 0x1
core   0: 3 0x8000ef64 (0x00001f17) x30 0x8000ff64
core   0: 0x8000ef68 (0x083f2e23) sw      gp, 156(t5)
core   0: 3 0x8000ef68 (0x083f2e23) mem 0x80010000 0x00000001
core   0: 0x8000ef6c (0x0000bfe5) c.j     pc - 8
core   0: 3 0x8000ef6c (0xbfe5)
core   0: 0x8000ef64 (0x00001f17) auipc   t5, 0x1
core   0: 3 0x8000ef64 (0x00001f17) x30 0x8000ff64
core   0: 0x8000ef68 (0x083f2e23) sw      gp, 156(t5)
core   0: 3 0x8000ef68 (0x083f2e23) mem 0x80010000 0x00000001
core   0: 0x8000ef6c (0x0000bfe5) c.j     pc - 8
core   0: 3 0x8000ef6c (0xbfe5)
core   0: 0x8000ef64 (0x00001f17) auipc   t5, 0x1
core   0: 3 0x8000ef64 (0x00001f17) x30 0x8000ff64
core   0: 0x8000ef68 (0x083f2e23) sw      gp, 156(t5)
core   0: 3 0x8000ef68 (0x083f2e23) mem 0x80010000 0x00000001
core   0: 0x8000ef6c (0x0000bfe5) c.j     pc - 8
core   0: 3 0x8000ef6c (0xbfe5)
core   0: 0x8000ef64 (0x00001f17) auipc   t5, 0x1
core   0: 3 0x8000ef64 (0x00001f17) x30 0x8000ff64
core   0: 0x8000ef68 (0x083f2e23) sw      gp, 156(t5)
core   0: 3 0x8000ef68 (0x083f2e23) mem 0x80010000 0x00000001
core   0: 0x8000ef6c (0x0000bfe5) c.j     pc - 8
core   0: 3 0x8000ef6c (0xbfe5)
core   0: 0x8000ef64 (0x00001f17) auipc   t5, 0x1
core   0: 3 0x8000ef64 (0x00001f17) x30 0x8000ff64
core   0: 0x8000ef68 (0x083f2e23) sw      gp, 156(t5)
core   0: 3 0x8000ef68 (0x083f2e23) mem 0x80010000 0x00000001
core   0: 0x8000ef6c (0x0000bfe5) c.j     pc - 8
core   0: 3 0x8000ef6c (0xbfe5)
core   0: 0x8000ef64 (0x00001f17) auipc   t5, 0x1
core   0: 3 0x8000ef64 (0x00001f17) x30 0x8000ff64
core   0: 0x8000ef68 (0x083f2e23) sw      gp, 156(t5)
core   0: 3 0x8000ef68 (0x083f2e23) mem 0x80010000 0x00000001
core   0: 0x8000ef6c (0x0000bfe5) c.j     pc - 8
core   0: 3 0x8000ef6c (0xbfe5)
core   0: 0x8000ef64 (0x00001f17) auipc   t5, 0x1
core   0: 3 0x8000ef64 (0x00001f17) x30 0x8000ff64
core   0: 0x8000ef68 (0x083f2e23) sw      gp, 156(t5)
core   0: 3 0x8000ef68 (0x083f2e23) mem 0x80010000 0x00000001
core   0: 0x8000ef6c (0x0000bfe5) c.j     pc - 8
core   0: 3 0x8000ef6c (0xbfe5)
core   0: 0x8000ef64 (0x00001f17) auipc   t5, 0x1
core   0: 3 0x8000ef64 (0x00001f17) x30 0x8000ff64
core   0: 0x8000ef68 (0x083f2e23) sw      gp, 156(t5)
core   0: 3 0x8000ef68 (0x083f2e23) mem 0x80010000 0x00000001
core   0: 0x8000ef6c (0x0000bfe5) c.j     pc - 8
core   0: 3 0x8000ef6c (0xbfe5)
core   0: 0x8000ef64 (0x00001f17) auipc   t5, 0x1
core   0: 3 0x8000ef64 (0x00001f17) x30 0x8000ff64
core   0: 0x8000ef68 (0x083f2e23) sw      gp, 156(t5)
core   0: 3 0x8000ef68 (0x083f2e23) mem 0x80010000 0x00000001
core   0: 0x8000ef6c (0x0000bfe5) c.j     pc - 8
core   0: 3 0x8000ef6c (0xbfe5)
core   0: 0x8000ef64 (0x00001f17) auipc   t5, 0x1
core   0: 3 0x8000ef64 (0x00001f17) x30 0x8000ff64
core   0: 0x8000ef68 (0x083f2e23) sw      gp, 156(t5)
core   0: 3 0x8000ef68 (0x083f2e23) mem 0x80010000 0x00000001
core   0: 0x8000ef6c (0x0000bfe5) c.j     pc - 8
core   0: 3 0x8000ef6c (0xbfe5)
core   0: 0x8000ef64 (0x00001f17) auipc   t5, 0x1
core   0: 3 0x8000ef64 (0x00001f17) x30 0x8000ff64
core   0: 0x8000ef68 (0x083f2e23) sw      gp, 156(t5)
core   0: 3 0x8000ef68 (0x083f2e23) mem 0x80010000 0x00000001
core   0: 0x8000ef6c (0x0000bfe5) c.j     pc - 8
core   0: 3 0x8000ef6c (0xbfe5)
core   0: 0x8000ef64 (0x00001f17) auipc   t5, 0x1
core   0: 3 0x8000ef64 (0x00001f17) x30 0x8000ff64
core   0: 0x8000ef68 (0x083f2e23) sw      gp, 156(t5)
core   0: 3 0x8000ef68 (0x083f2e23) mem 0x80010000 0x00000001
core   0: 0x8000ef6c (0x0000bfe5) c.j     pc - 8
core   0: 3 0x8000ef6c (0xbfe5)
core   0: 0x8000ef64 (0x00001f17) auipc   t5, 0x1
core   0: 3 0x8000ef64 (0x00001f17) x30 0x8000ff64
core   0: 0x8000ef68 (0x083f2e23) sw      gp, 156(t5)
core   0: 3 0x8000ef68 (0x083f2e23) mem 0x80010000 0x00000001
core   0: 0x8000ef6c (0x0000bfe5) c.j     pc - 8
core   0: 3 0x8000ef6c (0xbfe5)
core   0: 0x8000ef64 (0x00001f17) auipc   t5, 0x1
core   0: 3 0x8000ef64 (0x00001f17) x30 0x8000ff64
core   0: 0x8000ef68 (0x083f2e23) sw      gp, 156(t5)
core   0: 3 0x8000ef68 (0x083f2e23) mem 0x80010000 0x00000001
core   0: 0x8000ef6c (0x0000bfe5) c.j     pc - 8
core   0: 3 0x8000ef6c (0xbfe5)
core   0: 0x8000ef64 (0x00001f17) auipc   t5, 0x1
core   0: 3 0x8000ef64 (0x00001f17) x30 0x8000ff64
core   0: 0x8000ef68 (0x083f2e23) sw      gp, 156(t5)
core   0: 3 0x8000ef68 (0x083f2e23) mem 0x80010000 0x00000001
core   0: 0x8000ef6c (0x0000bfe5) c.j     pc - 8
core   0: 3 0x8000ef6c (0xbfe5)
core   0: 0x8000ef64 (0x00001f17) auipc   t5, 0x1
core   0: 3 0x8000ef64 (0x00001f17) x30 0x8000ff64
core   0: 0x8000ef68 (0x083f2e23) sw      gp, 156(t5)
core   0: 3 0x8000ef68 (0x083f2e23) mem 0x80010000 0x00000001
core   0: 0x8000ef6c (0x0000bfe5) c.j     pc - 8
core   0: 3 0x8000ef6c (0xbfe5)
core   0: 0x8000ef64 (0x00001f17) auipc   t5, 0x1
core   0: 3 0x8000ef64 (0x00001f17) x30 0x8000ff64
core   0: 0x8000ef68 (0x083f2e23) sw      gp, 156(t5)
core   0: 3 0x8000ef68 (0x083f2e23) mem 0x80010000 0x00000001
core   0: 0x8000ef6c (0x0000bfe5) c.j     pc - 8
core   0: 3 0x8000ef6c (0xbfe5)
core   0: 0x8000ef64 (0x00001f17) auipc   t5, 0x1
core   0: 3 0x8000ef64 (0x00001f17) x30 0x8000ff64
core   0: 0x8000ef68 (0x083f2e23) sw      gp, 156(t5)
core   0: 3 0x8000ef68 (0x083f2e23) mem 0x80010000 0x00000001
core   0: 0x8000ef6c (0x0000bfe5) c.j     pc - 8
core   0: 3 0x8000ef6c (0xbfe5)
core   0: 0x8000ef64 (0x00001f17) auipc   t5, 0x1
core   0: 3 0x8000ef64 (0x00001f17) x30 0x8000ff64
core   0: 0x8000ef68 (0x083f2e23) sw      gp, 156(t5)
core   0: 3 0x8000ef68 (0x083f2e23) mem 0x80010000 0x00000001
core   0: 0x8000ef6c (0x0000bfe5) c.j     pc - 8
core   0: 3 0x8000ef6c (0xbfe5)
core   0: 0x8000ef64 (0x00001f17) auipc   t5, 0x1
core   0: 3 0x8000ef64 (0x00001f17) x30 0x8000ff64
core   0: 0x8000ef68 (0x083f2e23) sw      gp, 156(t5)
core   0: 3 0x8000ef68 (0x083f2e23) mem 0x80010000 0x00000001
core   0: 0x8000ef6c (0x0000bfe5) c.j     pc - 8
core   0: 3 0x8000ef6c (0xbfe5)
core   0: 0x8000ef64 (0x00001f17) auipc   t5, 0x1
core   0: 3 0x8000ef64 (0x00001f17) x30 0x8000ff64
core   0: 0x8000ef68 (0x083f2e23) sw      gp, 156(t5)
core   0: 3 0x8000ef68 (0x083f2e23) mem 0x80010000 0x00000001
core   0: 0x8000ef6c (0x0000bfe5) c.j     pc - 8
core   0: 3 0x8000ef6c (0xbfe5)
core   0: 0x8000ef64 (0x00001f17) auipc   t5, 0x1
core   0: 3 0x8000ef64 (0x00001f17) x30 0x8000ff64
core   0: 0x8000ef68 (0x083f2e23) sw      gp, 156(t5)
core   0: 3 0x8000ef68 (0x083f2e23) mem 0x80010000 0x00000001
core   0: 0x8000ef6c (0x0000bfe5) c.j     pc - 8
core   0: 3 0x8000ef6c (0xbfe5)
core   0: 0x8000ef64 (0x00001f17) auipc   t5, 0x1
core   0: 3 0x8000ef64 (0x00001f17) x30 0x8000ff64
core   0: 0x8000ef68 (0x083f2e23) sw      gp, 156(t5)
core   0: 3 0x8000ef68 (0x083f2e23) mem 0x80010000 0x00000001
core   0: 0x8000ef6c (0x0000bfe5) c.j     pc - 8
core   0: 3 0x8000ef6c (0xbfe5)
core   0: 0x8000ef64 (0x00001f17) auipc   t5, 0x1
core   0: 3 0x8000ef64 (0x00001f17) x30 0x8000ff64
core   0: 0x8000ef68 (0x083f2e23) sw      gp, 156(t5)
core   0: 3 0x8000ef68 (0x083f2e23) mem 0x80010000 0x00000001
core   0: 0x8000ef6c (0x0000bfe5) c.j     pc - 8
core   0: 3 0x8000ef6c (0xbfe5)
core   0: 0x8000ef64 (0x00001f17) auipc   t5, 0x1
core   0: 3 0x8000ef64 (0x00001f17) x30 0x8000ff64
core   0: 0x8000ef68 (0x083f2e23) sw      gp, 156(t5)
core   0: 3 0x8000ef68 (0x083f2e23) mem 0x80010000 0x00000001
core   0: 0x8000ef6c (0x0000bfe5) c.j     pc - 8
core   0: 3 0x8000ef6c (0xbfe5)
core   0: 0x8000ef64 (0x00001f17) auipc   t5, 0x1
core   0: 3 0x8000ef64 (0x00001f17) x30 0x8000ff64
core   0: 0x8000ef68 (0x083f2e23) sw      gp, 156(t5)
core   0: 3 0x8000ef68 (0x083f2e23) mem 0x80010000 0x00000001
core   0: 0x8000ef6c (0x0000bfe5) c.j     pc - 8
core   0: 3 0x8000ef6c (0xbfe5)
core   0: 0x8000ef64 (0x00001f17) auipc   t5, 0x1
core   0: 3 0x8000ef64 (0x00001f17) x30 0x8000ff64
core   0: 0x8000ef68 (0x083f2e23) sw      gp, 156(t5)
core   0: 3 0x8000ef68 (0x083f2e23) mem 0x80010000 0x00000001
core   0: 0x8000ef6c (0x0000bfe5) c.j     pc - 8
core   0: 3 0x8000ef6c (0xbfe5)
core   0: 0x8000ef64 (0x00001f17) auipc   t5, 0x1
core   0: 3 0x8000ef64 (0x00001f17) x30 0x8000ff64
core   0: 0x8000ef68 (0x083f2e23) sw      gp, 156(t5)
core   0: 3 0x8000ef68 (0x083f2e23) mem 0x80010000 0x00000001
core   0: 0x8000ef6c (0x0000bfe5) c.j     pc - 8
core   0: 3 0x8000ef6c (0xbfe5)
core   0: 0x8000ef64 (0x00001f17) auipc   t5, 0x1
core   0: 3 0x8000ef64 (0x00001f17) x30 0x8000ff64
core   0: 0x8000ef68 (0x083f2e23) sw      gp, 156(t5)
core   0: 3 0x8000ef68 (0x083f2e23) mem 0x80010000 0x00000001
core   0: 0x8000ef6c (0x0000bfe5) c.j     pc - 8
core   0: 3 0x8000ef6c (0xbfe5)
core   0: 0x8000ef64 (0x00001f17) auipc   t5, 0x1
core   0: 3 0x8000ef64 (0x00001f17) x30 0x8000ff64
core   0: 0x8000ef68 (0x083f2e23) sw      gp, 156(t5)
core   0: 3 0x8000ef68 (0x083f2e23) mem 0x80010000 0x00000001
core   0: 0x8000ef6c (0x0000bfe5) c.j     pc - 8
core   0: 3 0x8000ef6c (0xbfe5)
core   0: 0x8000ef64 (0x00001f17) auipc   t5, 0x1
core   0: 3 0x8000ef64 (0x00001f17) x30 0x8000ff64
core   0: 0x8000ef68 (0x083f2e23) sw      gp, 156(t5)
core   0: 3 0x8000ef68 (0x083f2e23) mem 0x80010000 0x00000001
core   0: 0x8000ef6c (0x0000bfe5) c.j     pc - 8
core   0: 3 0x8000ef6c (0xbfe5)
core   0: 0x8000ef64 (0x00001f17) auipc   t5, 0x1
core   0: 3 0x8000ef64 (0x00001f17) x30 0x8000ff64
core   0: 0x8000ef68 (0x083f2e23) sw      gp, 156(t5)
core   0: 3 0x8000ef68 (0x083f2e23) mem 0x80010000 0x00000001
core   0: 0x8000ef6c (0x0000bfe5) c.j     pc - 8
core   0: 3 0x8000ef6c (0xbfe5)
core   0: 0x8000ef64 (0x00001f17) auipc   t5, 0x1
core   0: 3 0x8000ef64 (0x00001f17) x30 0x8000ff64
core   0: 0x8000ef68 (0x083f2e23) sw      gp, 156(t5)
core   0: 3 0x8000ef68 (0x083f2e23) mem 0x80010000 0x00000001
core   0: 0x8000ef6c (0x0000bfe5) c.j     pc - 8
core   0: 3 0x8000ef6c (0xbfe5)
core   0: 0x8000ef64 (0x00001f17) auipc   t5, 0x1
core   0: 3 0x8000ef64 (0x00001f17) x30 0x8000ff64
core   0: 0x8000ef68 (0x083f2e23) sw      gp, 156(t5)
core   0: 3 0x8000ef68 (0x083f2e23) mem 0x80010000 0x00000001
core   0: 0x8000ef6c (0x0000bfe5) c.j     pc - 8
core   0: 3 0x8000ef6c (0xbfe5)
core   0: 0x8000ef64 (0x00001f17) auipc   t5, 0x1
core   0: 3 0x8000ef64 (0x00001f17) x30 0x8000ff64
core   0: 0x8000ef68 (0x083f2e23) sw      gp, 156(t5)
core   0: 3 0x8000ef68 (0x083f2e23) mem 0x80010000 0x00000001
core   0: 0x8000ef6c (0x0000bfe5) c.j     pc - 8
core   0: 3 0x8000ef6c (0xbfe5)
core   0: 0x8000ef64 (0x00001f17) auipc   t5, 0x1
core   0: 3 0x8000ef64 (0x00001f17) x30 0x8000ff64
core   0: 0x8000ef68 (0x083f2e23) sw      gp, 156(t5)
core   0: 3 0x8000ef68 (0x083f2e23) mem 0x80010000 0x00000001
core   0: 0x8000ef6c (0x0000bfe5) c.j     pc - 8
core   0: 3 0x8000ef6c (0xbfe5)
core   0: 0x8000ef64 (0x00001f17) auipc   t5, 0x1
core   0: 3 0x8000ef64 (0x00001f17) x30 0x8000ff64
core   0: 0x8000ef68 (0x083f2e23) sw      gp, 156(t5)
core   0: 3 0x8000ef68 (0x083f2e23) mem 0x80010000 0x00000001
core   0: 0x8000ef6c (0x0000bfe5) c.j     pc - 8
core   0: 3 0x8000ef6c (0xbfe5)
core   0: 0x8000ef64 (0x00001f17) auipc   t5, 0x1
core   0: 3 0x8000ef64 (0x00001f17) x30 0x8000ff64
core   0: 0x8000ef68 (0x083f2e23) sw      gp, 156(t5)
core   0: 3 0x8000ef68 (0x083f2e23) mem 0x80010000 0x00000001
core   0: 0x8000ef6c (0x0000bfe5) c.j     pc - 8
core   0: 3 0x8000ef6c (0xbfe5)
core   0: 0x8000ef64 (0x00001f17) auipc   t5, 0x1
core   0: 3 0x8000ef64 (0x00001f17) x30 0x8000ff64
core   0: 0x8000ef68 (0x083f2e23) sw      gp, 156(t5)
core   0: 3 0x8000ef68 (0x083f2e23) mem 0x80010000 0x00000001
core   0: 0x8000ef6c (0x0000bfe5) c.j     pc - 8
core   0: 3 0x8000ef6c (0xbfe5)
core   0: 0x8000ef64 (0x00001f17) auipc   t5, 0x1
core   0: 3 0x8000ef64 (0x00001f17) x30 0x8000ff64
core   0: 0x8000ef68 (0x083f2e23) sw      gp, 156(t5)
core   0: 3 0x8000ef68 (0x083f2e23) mem 0x80010000 0x00000001
core   0: 0x8000ef6c (0x0000bfe5) c.j     pc - 8
core   0: 3 0x8000ef6c (0xbfe5)
core   0: 0x8000ef64 (0x00001f17) auipc   t5, 0x1
core   0: 3 0x8000ef64 (0x00001f17) x30 0x8000ff64
core   0: 0x8000ef68 (0x083f2e23) sw      gp, 156(t5)
core   0: 3 0x8000ef68 (0x083f2e23) mem 0x80010000 0x00000001
core   0: 0x8000ef6c (0x0000bfe5) c.j     pc - 8
core   0: 3 0x8000ef6c (0xbfe5)
core   0: 0x8000ef64 (0x00001f17) auipc   t5, 0x1
core   0: 3 0x8000ef64 (0x00001f17) x30 0x8000ff64
core   0: 0x8000ef68 (0x083f2e23) sw      gp, 156(t5)
core   0: 3 0x8000ef68 (0x083f2e23) mem 0x80010000 0x00000001
core   0: 0x8000ef6c (0x0000bfe5) c.j     pc - 8
core   0: 3 0x8000ef6c (0xbfe5)
core   0: 0x8000ef64 (0x00001f17) auipc   t5, 0x1
core   0: 3 0x8000ef64 (0x00001f17) x30 0x8000ff64
core   0: 0x8000ef68 (0x083f2e23) sw      gp, 156(t5)
core   0: 3 0x8000ef68 (0x083f2e23) mem 0x80010000 0x00000001
core   0: 0x8000ef6c (0x0000bfe5) c.j     pc - 8
core   0: 3 0x8000ef6c (0xbfe5)
core   0: 0x8000ef64 (0x00001f17) auipc   t5, 0x1
core   0: 3 0x8000ef64 (0x00001f17) x30 0x8000ff64
core   0: 0x8000ef68 (0x083f2e23) sw      gp, 156(t5)
core   0: 3 0x8000ef68 (0x083f2e23) mem 0x80010000 0x00000001
core   0: 0x8000ef6c (0x0000bfe5) c.j     pc - 8
core   0: 3 0x8000ef6c (0xbfe5)
core   0: 0x8000ef64 (0x00001f17) auipc   t5, 0x1
core   0: 3 0x8000ef64 (0x00001f17) x30 0x8000ff64
core   0: 0x8000ef68 (0x083f2e23) sw      gp, 156(t5)
core   0: 3 0x8000ef68 (0x083f2e23) mem 0x80010000 0x00000001
core   0: 0x8000ef6c (0x0000bfe5) c.j     pc - 8
core   0: 3 0x8000ef6c (0xbfe5)
core   0: 0x8000ef64 (0x00001f17) auipc   t5, 0x1
core   0: 3 0x8000ef64 (0x00001f17) x30 0x8000ff64
core   0: 0x8000ef68 (0x083f2e23) sw      gp, 156(t5)
core   0: 3 0x8000ef68 (0x083f2e23) mem 0x80010000 0x00000001
core   0: 0x8000ef6c (0x0000bfe5) c.j     pc - 8
core   0: 3 0x8000ef6c (0xbfe5)
core   0: 0x8000ef64 (0x00001f17) auipc   t5, 0x1
core   0: 3 0x8000ef64 (0x00001f17) x30 0x8000ff64
core   0: 0x8000ef68 (0x083f2e23) sw      gp, 156(t5)
core   0: 3 0x8000ef68 (0x083f2e23) mem 0x80010000 0x00000001
core   0: 0x8000ef6c (0x0000bfe5) c.j     pc - 8
core   0: 3 0x8000ef6c (0xbfe5)
core   0: 0x8000ef64 (0x00001f17) auipc   t5, 0x1
core   0: 3 0x8000ef64 (0x00001f17) x30 0x8000ff64
core   0: 0x8000ef68 (0x083f2e23) sw      gp, 156(t5)
core   0: 3 0x8000ef68 (0x083f2e23) mem 0x80010000 0x00000001
core   0: 0x8000ef6c (0x0000bfe5) c.j     pc - 8
core   0: 3 0x8000ef6c (0xbfe5)
core   0: 0x8000ef64 (0x00001f17) auipc   t5, 0x1
core   0: 3 0x8000ef64 (0x00001f17) x30 0x8000ff64
core   0: 0x8000ef68 (0x083f2e23) sw      gp, 156(t5)
core   0: 3 0x8000ef68 (0x083f2e23) mem 0x80010000 0x00000001
core   0: 0x8000ef6c (0x0000bfe5) c.j     pc - 8
core   0: 3 0x8000ef6c (0xbfe5)
core   0: 0x8000ef64 (0x00001f17) auipc   t5, 0x1
core   0: 3 0x8000ef64 (0x00001f17) x30 0x8000ff64
core   0: 0x8000ef68 (0x083f2e23) sw      gp, 156(t5)
core   0: 3 0x8000ef68 (0x083f2e23) mem 0x80010000 0x00000001
core   0: 0x8000ef6c (0x0000bfe5) c.j     pc - 8
core   0: 3 0x8000ef6c (0xbfe5)
core   0: 0x8000ef64 (0x00001f17) auipc   t5, 0x1
core   0: 3 0x8000ef64 (0x00001f17) x30 0x8000ff64
core   0: 0x8000ef68 (0x083f2e23) sw      gp, 156(t5)
core   0: 3 0x8000ef68 (0x083f2e23) mem 0x80010000 0x00000001
core   0: 0x8000ef6c (0x0000bfe5) c.j     pc - 8
core   0: 3 0x8000ef6c (0xbfe5)
core   0: 0x8000ef64 (0x00001f17) auipc   t5, 0x1
core   0: 3 0x8000ef64 (0x00001f17) x30 0x8000ff64
core   0: 0x8000ef68 (0x083f2e23) sw      gp, 156(t5)
core   0: 3 0x8000ef68 (0x083f2e23) mem 0x80010000 0x00000001
core   0: 0x8000ef6c (0x0000bfe5) c.j     pc - 8
core   0: 3 0x8000ef6c (0xbfe5)
core   0: 0x8000ef64 (0x00001f17) auipc   t5, 0x1
core   0: 3 0x8000ef64 (0x00001f17) x30 0x8000ff64
core   0: 0x8000ef68 (0x083f2e23) sw      gp, 156(t5)
core   0: 3 0x8000ef68 (0x083f2e23) mem 0x80010000 0x00000001
core   0: 0x8000ef6c (0x0000bfe5) c.j     pc - 8
core   0: 3 0x8000ef6c (0xbfe5)
core   0: 0x8000ef64 (0x00001f17) auipc   t5, 0x1
core   0: 3 0x8000ef64 (0x00001f17) x30 0x8000ff64
core   0: 0x8000ef68 (0x083f2e23) sw      gp, 156(t5)
core   0: 3 0x8000ef68 (0x083f2e23) mem 0x80010000 0x00000001
core   0: 0x8000ef6c (0x0000bfe5) c.j     pc - 8
core   0: 3 0x8000ef6c (0xbfe5)
core   0: 0x8000ef64 (0x00001f17) auipc   t5, 0x1
core   0: 3 0x8000ef64 (0x00001f17) x30 0x8000ff64
core   0: 0x8000ef68 (0x083f2e23) sw      gp, 156(t5)
core   0: 3 0x8000ef68 (0x083f2e23) mem 0x80010000 0x00000001
core   0: 0x8000ef6c (0x0000bfe5) c.j     pc - 8
core   0: 3 0x8000ef6c (0xbfe5)
core   0: 0x8000ef64 (0x00001f17) auipc   t5, 0x1
core   0: 3 0x8000ef64 (0x00001f17) x30 0x8000ff64
core   0: 0x8000ef68 (0x083f2e23) sw      gp, 156(t5)
core   0: 3 0x8000ef68 (0x083f2e23) mem 0x80010000 0x00000001
core   0: 0x8000ef6c (0x0000bfe5) c.j     pc - 8
core   0: 3 0x8000ef6c (0xbfe5)
core   0: 0x8000ef64 (0x00001f17) auipc   t5, 0x1
core   0: 3 0x8000ef64 (0x00001f17) x30 0x8000ff64
core   0: 0x8000ef68 (0x083f2e23) sw      gp, 156(t5)
core   0: 3 0x8000ef68 (0x083f2e23) mem 0x80010000 0x00000001
core   0: 0x8000ef6c (0x0000bfe5) c.j     pc - 8
core   0: 3 0x8000ef6c (0xbfe5)
core   0: 0x8000ef64 (0x00001f17) auipc   t5, 0x1
core   0: 3 0x8000ef64 (0x00001f17) x30 0x8000ff64
core   0: 0x8000ef68 (0x083f2e23) sw      gp, 156(t5)
core   0: 3 0x8000ef68 (0x083f2e23) mem 0x80010000 0x00000001
core   0: 0x8000ef6c (0x0000bfe5) c.j     pc - 8
core   0: 3 0x8000ef6c (0xbfe5)
core   0: 0x8000ef64 (0x00001f17) auipc   t5, 0x1
core   0: 3 0x8000ef64 (0x00001f17) x30 0x8000ff64
core   0: 0x8000ef68 (0x083f2e23) sw      gp, 156(t5)
core   0: 3 0x8000ef68 (0x083f2e23) mem 0x80010000 0x00000001
core   0: 0x8000ef6c (0x0000bfe5) c.j     pc - 8
core   0: 3 0x8000ef6c (0xbfe5)
core   0: 0x8000ef64 (0x00001f17) auipc   t5, 0x1
core   0: 3 0x8000ef64 (0x00001f17) x30 0x8000ff64
core   0: 0x8000ef68 (0x083f2e23) sw      gp, 156(t5)
core   0: 3 0x8000ef68 (0x083f2e23) mem 0x80010000 0x00000001
core   0: 0x8000ef6c (0x0000bfe5) c.j     pc - 8
core   0: 3 0x8000ef6c (0xbfe5)
core   0: 0x8000ef64 (0x00001f17) auipc   t5, 0x1
core   0: 3 0x8000ef64 (0x00001f17) x30 0x8000ff64
core   0: 0x8000ef68 (0x083f2e23) sw      gp, 156(t5)
core   0: 3 0x8000ef68 (0x083f2e23) mem 0x80010000 0x00000001
core   0: 0x8000ef6c (0x0000bfe5) c.j     pc - 8
core   0: 3 0x8000ef6c (0xbfe5)
core   0: 0x8000ef64 (0x00001f17) auipc   t5, 0x1
core   0: 3 0x8000ef64 (0x00001f17) x30 0x8000ff64
core   0: 0x8000ef68 (0x083f2e23) sw      gp, 156(t5)
core   0: 3 0x8000ef68 (0x083f2e23) mem 0x80010000 0x00000001
core   0: 0x8000ef6c (0x0000bfe5) c.j     pc - 8
core   0: 3 0x8000ef6c (0xbfe5)
core   0: 0x8000ef64 (0x00001f17) auipc   t5, 0x1
core   0: 3 0x8000ef64 (0x00001f17) x30 0x8000ff64
core   0: 0x8000ef68 (0x083f2e23) sw      gp, 156(t5)
core   0: 3 0x8000ef68 (0x083f2e23) mem 0x80010000 0x00000001
core   0: 0x8000ef6c (0x0000bfe5) c.j     pc - 8
core   0: 3 0x8000ef6c (0xbfe5)
core   0: 0x8000ef64 (0x00001f17) auipc   t5, 0x1
core   0: 3 0x8000ef64 (0x00001f17) x30 0x8000ff64
core   0: 0x8000ef68 (0x083f2e23) sw      gp, 156(t5)
core   0: 3 0x8000ef68 (0x083f2e23) mem 0x80010000 0x00000001
core   0: 0x8000ef6c (0x0000bfe5) c.j     pc - 8
core   0: 3 0x8000ef6c (0xbfe5)
core   0: 0x8000ef64 (0x00001f17) auipc   t5, 0x1
core   0: 3 0x8000ef64 (0x00001f17) x30 0x8000ff64
core   0: 0x8000ef68 (0x083f2e23) sw      gp, 156(t5)
core   0: 3 0x8000ef68 (0x083f2e23) mem 0x80010000 0x00000001
core   0: 0x8000ef6c (0x0000bfe5) c.j     pc - 8
core   0: 3 0x8000ef6c (0xbfe5)
core   0: 0x8000ef64 (0x00001f17) auipc   t5, 0x1
core   0: 3 0x8000ef64 (0x00001f17) x30 0x8000ff64
core   0: 0x8000ef68 (0x083f2e23) sw      gp, 156(t5)
core   0: 3 0x8000ef68 (0x083f2e23) mem 0x80010000 0x00000001
core   0: 0x8000ef6c (0x0000bfe5) c.j     pc - 8
core   0: 3 0x8000ef6c (0xbfe5)
core   0: 0x8000ef64 (0x00001f17) auipc   t5, 0x1
core   0: 3 0x8000ef64 (0x00001f17) x30 0x8000ff64
core   0: 0x8000ef68 (0x083f2e23) sw      gp, 156(t5)
core   0: 3 0x8000ef68 (0x083f2e23) mem 0x80010000 0x00000001
core   0: 0x8000ef6c (0x0000bfe5) c.j     pc - 8
core   0: 3 0x8000ef6c (0xbfe5)
core   0: 0x8000ef64 (0x00001f17) auipc   t5, 0x1
core   0: 3 0x8000ef64 (0x00001f17) x30 0x8000ff64
core   0: 0x8000ef68 (0x083f2e23) sw      gp, 156(t5)
core   0: 3 0x8000ef68 (0x083f2e23) mem 0x80010000 0x00000001
core   0: 0x8000ef6c (0x0000bfe5) c.j     pc - 8
core   0: 3 0x8000ef6c (0xbfe5)
core   0: 0x8000ef64 (0x00001f17) auipc   t5, 0x1
core   0: 3 0x8000ef64 (0x00001f17) x30 0x8000ff64
core   0: 0x8000ef68 (0x083f2e23) sw      gp, 156(t5)
core   0: 3 0x8000ef68 (0x083f2e23) mem 0x80010000 0x00000001
core   0: 0x8000ef6c (0x0000bfe5) c.j     pc - 8
core   0: 3 0x8000ef6c (0xbfe5)
core   0: 0x8000ef64 (0x00001f17) auipc   t5, 0x1
core   0: 3 0x8000ef64 (0x00001f17) x30 0x8000ff64
core   0: 0x8000ef68 (0x083f2e23) sw      gp, 156(t5)
core   0: 3 0x8000ef68 (0x083f2e23) mem 0x80010000 0x00000001
core   0: 0x8000ef6c (0x0000bfe5) c.j     pc - 8
core   0: 3 0x8000ef6c (0xbfe5)
core   0: 0x8000ef64 (0x00001f17) auipc   t5, 0x1
core   0: 3 0x8000ef64 (0x00001f17) x30 0x8000ff64
core   0: 0x8000ef68 (0x083f2e23) sw      gp, 156(t5)
core   0: 3 0x8000ef68 (0x083f2e23) mem 0x80010000 0x00000001
core   0: 0x8000ef6c (0x0000bfe5) c.j     pc - 8
core   0: 3 0x8000ef6c (0xbfe5)
core   0: 0x8000ef64 (0x00001f17) auipc   t5, 0x1
core   0: 3 0x8000ef64 (0x00001f17) x30 0x8000ff64
core   0: 0x8000ef68 (0x083f2e23) sw      gp, 156(t5)
core   0: 3 0x8000ef68 (0x083f2e23) mem 0x80010000 0x00000001
core   0: 0x8000ef6c (0x0000bfe5) c.j     pc - 8
core   0: 3 0x8000ef6c (0xbfe5)
core   0: 0x8000ef64 (0x00001f17) auipc   t5, 0x1
core   0: 3 0x8000ef64 (0x00001f17) x30 0x8000ff64
core   0: 0x8000ef68 (0x083f2e23) sw      gp, 156(t5)
core   0: 3 0x8000ef68 (0x083f2e23) mem 0x80010000 0x00000001
core   0: 0x8000ef6c (0x0000bfe5) c.j     pc - 8
core   0: 3 0x8000ef6c (0xbfe5)
core   0: 0x8000ef64 (0x00001f17) auipc   t5, 0x1
core   0: 3 0x8000ef64 (0x00001f17) x30 0x8000ff64
core   0: 0x8000ef68 (0x083f2e23) sw      gp, 156(t5)
core   0: 3 0x8000ef68 (0x083f2e23) mem 0x80010000 0x00000001
core   0: 0x8000ef6c (0x0000bfe5) c.j     pc - 8
core   0: 3 0x8000ef6c (0xbfe5)
core   0: 0x8000ef64 (0x00001f17) auipc   t5, 0x1
core   0: 3 0x8000ef64 (0x00001f17) x30 0x8000ff64
core   0: 0x8000ef68 (0x083f2e23) sw      gp, 156(t5)
core   0: 3 0x8000ef68 (0x083f2e23) mem 0x80010000 0x00000001
core   0: 0x8000ef6c (0x0000bfe5) c.j     pc - 8
core   0: 3 0x8000ef6c (0xbfe5)
core   0: 0x8000ef64 (0x00001f17) auipc   t5, 0x1
core   0: 3 0x8000ef64 (0x00001f17) x30 0x8000ff64
core   0: 0x8000ef68 (0x083f2e23) sw      gp, 156(t5)
core   0: 3 0x8000ef68 (0x083f2e23) mem 0x80010000 0x00000001
core   0: 0x8000ef6c (0x0000bfe5) c.j     pc - 8
core   0: 3 0x8000ef6c (0xbfe5)
core   0: 0x8000ef64 (0x00001f17) auipc   t5, 0x1
core   0: 3 0x8000ef64 (0x00001f17) x30 0x8000ff64
core   0: 0x8000ef68 (0x083f2e23) sw      gp, 156(t5)
core   0: 3 0x8000ef68 (0x083f2e23) mem 0x80010000 0x00000001
core   0: 0x8000ef6c (0x0000bfe5) c.j     pc - 8
core   0: 3 0x8000ef6c (0xbfe5)
core   0: 0x8000ef64 (0x00001f17) auipc   t5, 0x1
core   0: 3 0x8000ef64 (0x00001f17) x30 0x8000ff64
core   0: 0x8000ef68 (0x083f2e23) sw      gp, 156(t5)
core   0: 3 0x8000ef68 (0x083f2e23) mem 0x80010000 0x00000001
core   0: 0x8000ef6c (0x0000bfe5) c.j     pc - 8
core   0: 3 0x8000ef6c (0xbfe5)
core   0: 0x8000ef64 (0x00001f17) auipc   t5, 0x1
core   0: 3 0x8000ef64 (0x00001f17) x30 0x8000ff64
core   0: 0x8000ef68 (0x083f2e23) sw      gp, 156(t5)
core   0: 3 0x8000ef68 (0x083f2e23) mem 0x80010000 0x00000001
core   0: 0x8000ef6c (0x0000bfe5) c.j     pc - 8
core   0: 3 0x8000ef6c (0xbfe5)
core   0: 0x8000ef64 (0x00001f17) auipc   t5, 0x1
core   0: 3 0x8000ef64 (0x00001f17) x30 0x8000ff64
core   0: 0x8000ef68 (0x083f2e23) sw      gp, 156(t5)
core   0: 3 0x8000ef68 (0x083f2e23) mem 0x80010000 0x00000001
core   0: 0x8000ef6c (0x0000bfe5) c.j     pc - 8
core   0: 3 0x8000ef6c (0xbfe5)
core   0: 0x8000ef64 (0x00001f17) auipc   t5, 0x1
core   0: 3 0x8000ef64 (0x00001f17) x30 0x8000ff64
core   0: 0x8000ef68 (0x083f2e23) sw      gp, 156(t5)
core   0: 3 0x8000ef68 (0x083f2e23) mem 0x80010000 0x00000001
core   0: 0x8000ef6c (0x0000bfe5) c.j     pc - 8
core   0: 3 0x8000ef6c (0xbfe5)
core   0: 0x8000ef64 (0x00001f17) auipc   t5, 0x1
core   0: 3 0x8000ef64 (0x00001f17) x30 0x8000ff64
core   0: 0x8000ef68 (0x083f2e23) sw      gp, 156(t5)
core   0: 3 0x8000ef68 (0x083f2e23) mem 0x80010000 0x00000001
core   0: 0x8000ef6c (0x0000bfe5) c.j     pc - 8
core   0: 3 0x8000ef6c (0xbfe5)
core   0: 0x8000ef64 (0x00001f17) auipc   t5, 0x1
core   0: 3 0x8000ef64 (0x00001f17) x30 0x8000ff64
core   0: 0x8000ef68 (0x083f2e23) sw      gp, 156(t5)
core   0: 3 0x8000ef68 (0x083f2e23) mem 0x80010000 0x00000001
core   0: 0x8000ef6c (0x0000bfe5) c.j     pc - 8
core   0: 3 0x8000ef6c (0xbfe5)
core   0: 0x8000ef64 (0x00001f17) auipc   t5, 0x1
core   0: 3 0x8000ef64 (0x00001f17) x30 0x8000ff64
core   0: 0x8000ef68 (0x083f2e23) sw      gp, 156(t5)
core   0: 3 0x8000ef68 (0x083f2e23) mem 0x80010000 0x00000001
core   0: 0x8000ef6c (0x0000bfe5) c.j     pc - 8
core   0: 3 0x8000ef6c (0xbfe5)
core   0: 0x8000ef64 (0x00001f17) auipc   t5, 0x1
core   0: 3 0x8000ef64 (0x00001f17) x30 0x8000ff64
core   0: 0x8000ef68 (0x083f2e23) sw      gp, 156(t5)
core   0: 3 0x8000ef68 (0x083f2e23) mem 0x80010000 0x00000001
core   0: 0x8000ef6c (0x0000bfe5) c.j     pc - 8
core   0: 3 0x8000ef6c (0xbfe5)
core   0: 0x8000ef64 (0x00001f17) auipc   t5, 0x1
core   0: 3 0x8000ef64 (0x00001f17) x30 0x8000ff64
core   0: 0x8000ef68 (0x083f2e23) sw      gp, 156(t5)
core   0: 3 0x8000ef68 (0x083f2e23) mem 0x80010000 0x00000001
core   0: 0x8000ef6c (0x0000bfe5) c.j     pc - 8
core   0: 3 0x8000ef6c (0xbfe5)
core   0: 0x8000ef64 (0x00001f17) auipc   t5, 0x1
core   0: 3 0x8000ef64 (0x00001f17) x30 0x8000ff64
core   0: 0x8000ef68 (0x083f2e23) sw      gp, 156(t5)
core   0: 3 0x8000ef68 (0x083f2e23) mem 0x80010000 0x00000001
core   0: 0x8000ef6c (0x0000bfe5) c.j     pc - 8
core   0: 3 0x8000ef6c (0xbfe5)
core   0: 0x8000ef64 (0x00001f17) auipc   t5, 0x1
core   0: 3 0x8000ef64 (0x00001f17) x30 0x8000ff64
core   0: 0x8000ef68 (0x083f2e23) sw      gp, 156(t5)
core   0: 3 0x8000ef68 (0x083f2e23) mem 0x80010000 0x00000001
core   0: 0x8000ef6c (0x0000bfe5) c.j     pc - 8
core   0: 3 0x8000ef6c (0xbfe5)
core   0: 0x8000ef64 (0x00001f17) auipc   t5, 0x1
core   0: 3 0x8000ef64 (0x00001f17) x30 0x8000ff64
core   0: 0x8000ef68 (0x083f2e23) sw      gp, 156(t5)
core   0: 3 0x8000ef68 (0x083f2e23) mem 0x80010000 0x00000001
core   0: 0x8000ef6c (0x0000bfe5) c.j     pc - 8
core   0: 3 0x8000ef6c (0xbfe5)
core   0: 0x8000ef64 (0x00001f17) auipc   t5, 0x1
core   0: 3 0x8000ef64 (0x00001f17) x30 0x8000ff64
core   0: 0x8000ef68 (0x083f2e23) sw      gp, 156(t5)
core   0: 3 0x8000ef68 (0x083f2e23) mem 0x80010000 0x00000001
core   0: 0x8000ef6c (0x0000bfe5) c.j     pc - 8
core   0: 3 0x8000ef6c (0xbfe5)
core   0: 0x8000ef64 (0x00001f17) auipc   t5, 0x1
core   0: 3 0x8000ef64 (0x00001f17) x30 0x8000ff64
core   0: 0x8000ef68 (0x083f2e23) sw      gp, 156(t5)
core   0: 3 0x8000ef68 (0x083f2e23) mem 0x80010000 0x00000001
core   0: 0x8000ef6c (0x0000bfe5) c.j     pc - 8
core   0: 3 0x8000ef6c (0xbfe5)
core   0: 0x8000ef64 (0x00001f17) auipc   t5, 0x1
core   0: 3 0x8000ef64 (0x00001f17) x30 0x8000ff64
core   0: 0x8000ef68 (0x083f2e23) sw      gp, 156(t5)
core   0: 3 0x8000ef68 (0x083f2e23) mem 0x80010000 0x00000001
core   0: 0x8000ef6c (0x0000bfe5) c.j     pc - 8
core   0: 3 0x8000ef6c (0xbfe5)
core   0: 0x8000ef64 (0x00001f17) auipc   t5, 0x1
core   0: 3 0x8000ef64 (0x00001f17) x30 0x8000ff64
core   0: 0x8000ef68 (0x083f2e23) sw      gp, 156(t5)
core   0: 3 0x8000ef68 (0x083f2e23) mem 0x80010000 0x00000001
core   0: 0x8000ef6c (0x0000bfe5) c.j     pc - 8
core   0: 3 0x8000ef6c (0xbfe5)
core   0: 0x8000ef64 (0x00001f17) auipc   t5, 0x1
core   0: 3 0x8000ef64 (0x00001f17) x30 0x8000ff64
core   0: 0x8000ef68 (0x083f2e23) sw      gp, 156(t5)
core   0: 3 0x8000ef68 (0x083f2e23) mem 0x80010000 0x00000001
core   0: 0x8000ef6c (0x0000bfe5) c.j     pc - 8
core   0: 3 0x8000ef6c (0xbfe5)
core   0: 0x8000ef64 (0x00001f17) auipc   t5, 0x1
core   0: 3 0x8000ef64 (0x00001f17) x30 0x8000ff64
core   0: 0x8000ef68 (0x083f2e23) sw      gp, 156(t5)
core   0: 3 0x8000ef68 (0x083f2e23) mem 0x80010000 0x00000001
core   0: 0x8000ef6c (0x0000bfe5) c.j     pc - 8
core   0: 3 0x8000ef6c (0xbfe5)
core   0: 0x8000ef64 (0x00001f17) auipc   t5, 0x1
core   0: 3 0x8000ef64 (0x00001f17) x30 0x8000ff64
core   0: 0x8000ef68 (0x083f2e23) sw      gp, 156(t5)
core   0: 3 0x8000ef68 (0x083f2e23) mem 0x80010000 0x00000001
core   0: 0x8000ef6c (0x0000bfe5) c.j     pc - 8
core   0: 3 0x8000ef6c (0xbfe5)
core   0: 0x8000ef64 (0x00001f17) auipc   t5, 0x1
core   0: 3 0x8000ef64 (0x00001f17) x30 0x8000ff64
core   0: 0x8000ef68 (0x083f2e23) sw      gp, 156(t5)
core   0: 3 0x8000ef68 (0x083f2e23) mem 0x80010000 0x00000001
core   0: 0x8000ef6c (0x0000bfe5) c.j     pc - 8
core   0: 3 0x8000ef6c (0xbfe5)
core   0: 0x8000ef64 (0x00001f17) auipc   t5, 0x1
core   0: 3 0x8000ef64 (0x00001f17) x30 0x8000ff64
core   0: 0x8000ef68 (0x083f2e23) sw      gp, 156(t5)
core   0: 3 0x8000ef68 (0x083f2e23) mem 0x80010000 0x00000001
core   0: 0x8000ef6c (0x0000bfe5) c.j     pc - 8
core   0: 3 0x8000ef6c (0xbfe5)
core   0: 0x8000ef64 (0x00001f17) auipc   t5, 0x1
core   0: 3 0x8000ef64 (0x00001f17) x30 0x8000ff64
core   0: 0x8000ef68 (0x083f2e23) sw      gp, 156(t5)
core   0: 3 0x8000ef68 (0x083f2e23) mem 0x80010000 0x00000001
core   0: 0x8000ef6c (0x0000bfe5) c.j     pc - 8
core   0: 3 0x8000ef6c (0xbfe5)
core   0: 0x8000ef64 (0x00001f17) auipc   t5, 0x1
core   0: 3 0x8000ef64 (0x00001f17) x30 0x8000ff64
core   0: 0x8000ef68 (0x083f2e23) sw      gp, 156(t5)
core   0: 3 0x8000ef68 (0x083f2e23) mem 0x80010000 0x00000001
core   0: 0x8000ef6c (0x0000bfe5) c.j     pc - 8
core   0: 3 0x8000ef6c (0xbfe5)
core   0: 0x8000ef64 (0x00001f17) auipc   t5, 0x1
core   0: 3 0x8000ef64 (0x00001f17) x30 0x8000ff64
core   0: 0x8000ef68 (0x083f2e23) sw      gp, 156(t5)
core   0: 3 0x8000ef68 (0x083f2e23) mem 0x80010000 0x00000001
core   0: 0x8000ef6c (0x0000bfe5) c.j     pc - 8
core   0: 3 0x8000ef6c (0xbfe5)
core   0: 0x8000ef64 (0x00001f17) auipc   t5, 0x1
core   0: 3 0x8000ef64 (0x00001f17) x30 0x8000ff64
core   0: 0x8000ef68 (0x083f2e23) sw      gp, 156(t5)
core   0: 3 0x8000ef68 (0x083f2e23) mem 0x80010000 0x00000001
core   0: 0x8000ef6c (0x0000bfe5) c.j     pc - 8
core   0: 3 0x8000ef6c (0xbfe5)
core   0: 0x8000ef64 (0x00001f17) auipc   t5, 0x1
core   0: 3 0x8000ef64 (0x00001f17) x30 0x8000ff64
core   0: 0x8000ef68 (0x083f2e23) sw      gp, 156(t5)
core   0: 3 0x8000ef68 (0x083f2e23) mem 0x80010000 0x00000001
core   0: 0x8000ef6c (0x0000bfe5) c.j     pc - 8
core   0: 3 0x8000ef6c (0xbfe5)
core   0: 0x8000ef64 (0x00001f17) auipc   t5, 0x1
core   0: 3 0x8000ef64 (0x00001f17) x30 0x8000ff64
core   0: 0x8000ef68 (0x083f2e23) sw      gp, 156(t5)
core   0: 3 0x8000ef68 (0x083f2e23) mem 0x80010000 0x00000001
core   0: 0x8000ef6c (0x0000bfe5) c.j     pc - 8
core   0: 3 0x8000ef6c (0xbfe5)
core   0: 0x8000ef64 (0x00001f17) auipc   t5, 0x1
core   0: 3 0x8000ef64 (0x00001f17) x30 0x8000ff64
core   0: 0x8000ef68 (0x083f2e23) sw      gp, 156(t5)
core   0: 3 0x8000ef68 (0x083f2e23) mem 0x80010000 0x00000001
core   0: 0x8000ef6c (0x0000bfe5) c.j     pc - 8
core   0: 3 0x8000ef6c (0xbfe5)
core   0: 0x8000ef64 (0x00001f17) auipc   t5, 0x1
core   0: 3 0x8000ef64 (0x00001f17) x30 0x8000ff64
core   0: 0x8000ef68 (0x083f2e23) sw      gp, 156(t5)
core   0: 3 0x8000ef68 (0x083f2e23) mem 0x80010000 0x00000001
core   0: 0x8000ef6c (0x0000bfe5) c.j     pc - 8
core   0: 3 0x8000ef6c (0xbfe5)
core   0: 0x8000ef64 (0x00001f17) auipc   t5, 0x1
core   0: 3 0x8000ef64 (0x00001f17) x30 0x8000ff64
core   0: 0x8000ef68 (0x083f2e23) sw      gp, 156(t5)
core   0: 3 0x8000ef68 (0x083f2e23) mem 0x80010000 0x00000001
core   0: 0x8000ef6c (0x0000bfe5) c.j     pc - 8
core   0: 3 0x8000ef6c (0xbfe5)
core   0: 0x8000ef64 (0x00001f17) auipc   t5, 0x1
core   0: 3 0x8000ef64 (0x00001f17) x30 0x8000ff64
core   0: 0x8000ef68 (0x083f2e23) sw      gp, 156(t5)
core   0: 3 0x8000ef68 (0x083f2e23) mem 0x80010000 0x00000001
core   0: 0x8000ef6c (0x0000bfe5) c.j     pc - 8
core   0: 3 0x8000ef6c (0xbfe5)
core   0: 0x8000ef64 (0x00001f17) auipc   t5, 0x1
core   0: 3 0x8000ef64 (0x00001f17) x30 0x8000ff64
core   0: 0x8000ef68 (0x083f2e23) sw      gp, 156(t5)
core   0: 3 0x8000ef68 (0x083f2e23) mem 0x80010000 0x00000001
core   0: 0x8000ef6c (0x0000bfe5) c.j     pc - 8
core   0: 3 0x8000ef6c (0xbfe5)
core   0: 0x8000ef64 (0x00001f17) auipc   t5, 0x1
core   0: 3 0x8000ef64 (0x00001f17) x30 0x8000ff64
core   0: 0x8000ef68 (0x083f2e23) sw      gp, 156(t5)
core   0: 3 0x8000ef68 (0x083f2e23) mem 0x80010000 0x00000001
core   0: 0x8000ef6c (0x0000bfe5) c.j     pc - 8
core   0: 3 0x8000ef6c (0xbfe5)
core   0: 0x8000ef64 (0x00001f17) auipc   t5, 0x1
core   0: 3 0x8000ef64 (0x00001f17) x30 0x8000ff64
core   0: 0x8000ef68 (0x083f2e23) sw      gp, 156(t5)
core   0: 3 0x8000ef68 (0x083f2e23) mem 0x80010000 0x00000001
core   0: 0x8000ef6c (0x0000bfe5) c.j     pc - 8
core   0: 3 0x8000ef6c (0xbfe5)
core   0: 0x8000ef64 (0x00001f17) auipc   t5, 0x1
core   0: 3 0x8000ef64 (0x00001f17) x30 0x8000ff64
core   0: 0x8000ef68 (0x083f2e23) sw      gp, 156(t5)
core   0: 3 0x8000ef68 (0x083f2e23) mem 0x80010000 0x00000001
core   0: 0x8000ef6c (0x0000bfe5) c.j     pc - 8
core   0: 3 0x8000ef6c (0xbfe5)
core   0: 0x8000ef64 (0x00001f17) auipc   t5, 0x1
core   0: 3 0x8000ef64 (0x00001f17) x30 0x8000ff64
core   0: 0x8000ef68 (0x083f2e23) sw      gp, 156(t5)
core   0: 3 0x8000ef68 (0x083f2e23) mem 0x80010000 0x00000001
core   0: 0x8000ef6c (0x0000bfe5) c.j     pc - 8
core   0: 3 0x8000ef6c (0xbfe5)
core   0: 0x8000ef64 (0x00001f17) auipc   t5, 0x1
core   0: 3 0x8000ef64 (0x00001f17) x30 0x8000ff64
core   0: 0x8000ef68 (0x083f2e23) sw      gp, 156(t5)
core   0: 3 0x8000ef68 (0x083f2e23) mem 0x80010000 0x00000001
core   0: 0x8000ef6c (0x0000bfe5) c.j     pc - 8
core   0: 3 0x8000ef6c (0xbfe5)
core   0: 0x8000ef64 (0x00001f17) auipc   t5, 0x1
core   0: 3 0x8000ef64 (0x00001f17) x30 0x8000ff64
core   0: 0x8000ef68 (0x083f2e23) sw      gp, 156(t5)
core   0: 3 0x8000ef68 (0x083f2e23) mem 0x80010000 0x00000001
core   0: 0x8000ef6c (0x0000bfe5) c.j     pc - 8
core   0: 3 0x8000ef6c (0xbfe5)
core   0: 0x8000ef64 (0x00001f17) auipc   t5, 0x1
core   0: 3 0x8000ef64 (0x00001f17) x30 0x8000ff64
core   0: 0x8000ef68 (0x083f2e23) sw      gp, 156(t5)
core   0: 3 0x8000ef68 (0x083f2e23) mem 0x80010000 0x00000001
core   0: 0x8000ef6c (0x0000bfe5) c.j     pc - 8
core   0: 3 0x8000ef6c (0xbfe5)
core   0: 0x8000ef64 (0x00001f17) auipc   t5, 0x1
core   0: 3 0x8000ef64 (0x00001f17) x30 0x8000ff64
core   0: 0x8000ef68 (0x083f2e23) sw      gp, 156(t5)
core   0: 3 0x8000ef68 (0x083f2e23) mem 0x80010000 0x00000001
core   0: 0x8000ef6c (0x0000bfe5) c.j     pc - 8
core   0: 3 0x8000ef6c (0xbfe5)
core   0: 0x8000ef64 (0x00001f17) auipc   t5, 0x1
core   0: 3 0x8000ef64 (0x00001f17) x30 0x8000ff64
core   0: 0x8000ef68 (0x083f2e23) sw      gp, 156(t5)
core   0: 3 0x8000ef68 (0x083f2e23) mem 0x80010000 0x00000001
core   0: 0x8000ef6c (0x0000bfe5) c.j     pc - 8
core   0: 3 0x8000ef6c (0xbfe5)
core   0: 0x8000ef64 (0x00001f17) auipc   t5, 0x1
core   0: 3 0x8000ef64 (0x00001f17) x30 0x8000ff64
core   0: 0x8000ef68 (0x083f2e23) sw      gp, 156(t5)
core   0: 3 0x8000ef68 (0x083f2e23) mem 0x80010000 0x00000001
core   0: 0x8000ef6c (0x0000bfe5) c.j     pc - 8
core   0: 3 0x8000ef6c (0xbfe5)
core   0: 0x8000ef64 (0x00001f17) auipc   t5, 0x1
core   0: 3 0x8000ef64 (0x00001f17) x30 0x8000ff64
core   0: 0x8000ef68 (0x083f2e23) sw      gp, 156(t5)
core   0: 3 0x8000ef68 (0x083f2e23) mem 0x80010000 0x00000001
core   0: 0x8000ef6c (0x0000bfe5) c.j     pc - 8
core   0: 3 0x8000ef6c (0xbfe5)
core   0: 0x8000ef64 (0x00001f17) auipc   t5, 0x1
core   0: 3 0x8000ef64 (0x00001f17) x30 0x8000ff64
core   0: 0x8000ef68 (0x083f2e23) sw      gp, 156(t5)
core   0: 3 0x8000ef68 (0x083f2e23) mem 0x80010000 0x00000001
core   0: 0x8000ef6c (0x0000bfe5) c.j     pc - 8
core   0: 3 0x8000ef6c (0xbfe5)
core   0: 0x8000ef64 (0x00001f17) auipc   t5, 0x1
core   0: 3 0x8000ef64 (0x00001f17) x30 0x8000ff64
core   0: 0x8000ef68 (0x083f2e23) sw      gp, 156(t5)
core   0: 3 0x8000ef68 (0x083f2e23) mem 0x80010000 0x00000001
core   0: 0x8000ef6c (0x0000bfe5) c.j     pc - 8
core   0: 3 0x8000ef6c (0xbfe5)
core   0: 0x8000ef64 (0x00001f17) auipc   t5, 0x1
core   0: 3 0x8000ef64 (0x00001f17) x30 0x8000ff64
core   0: 0x8000ef68 (0x083f2e23) sw      gp, 156(t5)
core   0: 3 0x8000ef68 (0x083f2e23) mem 0x80010000 0x00000001
core   0: 0x8000ef6c (0x0000bfe5) c.j     pc - 8
core   0: 3 0x8000ef6c (0xbfe5)
core   0: 0x8000ef64 (0x00001f17) auipc   t5, 0x1
core   0: 3 0x8000ef64 (0x00001f17) x30 0x8000ff64
core   0: 0x8000ef68 (0x083f2e23) sw      gp, 156(t5)
core   0: 3 0x8000ef68 (0x083f2e23) mem 0x80010000 0x00000001
core   0: 0x8000ef6c (0x0000bfe5) c.j     pc - 8
core   0: 3 0x8000ef6c (0xbfe5)
core   0: 0x8000ef64 (0x00001f17) auipc   t5, 0x1
core   0: 3 0x8000ef64 (0x00001f17) x30 0x8000ff64
core   0: 0x8000ef68 (0x083f2e23) sw      gp, 156(t5)
core   0: 3 0x8000ef68 (0x083f2e23) mem 0x80010000 0x00000001
core   0: 0x8000ef6c (0x0000bfe5) c.j     pc - 8
core   0: 3 0x8000ef6c (0xbfe5)
core   0: 0x8000ef64 (0x00001f17) auipc   t5, 0x1
core   0: 3 0x8000ef64 (0x00001f17) x30 0x8000ff64
core   0: 0x8000ef68 (0x083f2e23) sw      gp, 156(t5)
core   0: 3 0x8000ef68 (0x083f2e23) mem 0x80010000 0x00000001
core   0: 0x8000ef6c (0x0000bfe5) c.j     pc - 8
core   0: 3 0x8000ef6c (0xbfe5)
core   0: 0x8000ef64 (0x00001f17) auipc   t5, 0x1
core   0: 3 0x8000ef64 (0x00001f17) x30 0x8000ff64
core   0: 0x8000ef68 (0x083f2e23) sw      gp, 156(t5)
core   0: 3 0x8000ef68 (0x083f2e23) mem 0x80010000 0x00000001
core   0: 0x8000ef6c (0x0000bfe5) c.j     pc - 8
core   0: 3 0x8000ef6c (0xbfe5)
core   0: 0x8000ef64 (0x00001f17) auipc   t5, 0x1
core   0: 3 0x8000ef64 (0x00001f17) x30 0x8000ff64
core   0: 0x8000ef68 (0x083f2e23) sw      gp, 156(t5)
core   0: 3 0x8000ef68 (0x083f2e23) mem 0x80010000 0x00000001
core   0: 0x8000ef6c (0x0000bfe5) c.j     pc - 8
core   0: 3 0x8000ef6c (0xbfe5)
core   0: 0x8000ef64 (0x00001f17) auipc   t5, 0x1
core   0: 3 0x8000ef64 (0x00001f17) x30 0x8000ff64
core   0: 0x8000ef68 (0x083f2e23) sw      gp, 156(t5)
core   0: 3 0x8000ef68 (0x083f2e23) mem 0x80010000 0x00000001
core   0: 0x8000ef6c (0x0000bfe5) c.j     pc - 8
core   0: 3 0x8000ef6c (0xbfe5)
core   0: 0x8000ef64 (0x00001f17) auipc   t5, 0x1
core   0: 3 0x8000ef64 (0x00001f17) x30 0x8000ff64
core   0: 0x8000ef68 (0x083f2e23) sw      gp, 156(t5)
core   0: 3 0x8000ef68 (0x083f2e23) mem 0x80010000 0x00000001
core   0: 0x8000ef6c (0x0000bfe5) c.j     pc - 8
core   0: 3 0x8000ef6c (0xbfe5)
core   0: 0x8000ef64 (0x00001f17) auipc   t5, 0x1
core   0: 3 0x8000ef64 (0x00001f17) x30 0x8000ff64
core   0: 0x8000ef68 (0x083f2e23) sw      gp, 156(t5)
core   0: 3 0x8000ef68 (0x083f2e23) mem 0x80010000 0x00000001
core   0: 0x8000ef6c (0x0000bfe5) c.j     pc - 8
core   0: 3 0x8000ef6c (0xbfe5)
core   0: 0x8000ef64 (0x00001f17) auipc   t5, 0x1
core   0: 3 0x8000ef64 (0x00001f17) x30 0x8000ff64
core   0: 0x8000ef68 (0x083f2e23) sw      gp, 156(t5)
core   0: 3 0x8000ef68 (0x083f2e23) mem 0x80010000 0x00000001
core   0: 0x8000ef6c (0x0000bfe5) c.j     pc - 8
core   0: 3 0x8000ef6c (0xbfe5)
core   0: 0x8000ef64 (0x00001f17) auipc   t5, 0x1
core   0: 3 0x8000ef64 (0x00001f17) x30 0x8000ff64
core   0: 0x8000ef68 (0x083f2e23) sw      gp, 156(t5)
core   0: 3 0x8000ef68 (0x083f2e23) mem 0x80010000 0x00000001
core   0: 0x8000ef6c (0x0000bfe5) c.j     pc - 8
core   0: 3 0x8000ef6c (0xbfe5)
core   0: 0x8000ef64 (0x00001f17) auipc   t5, 0x1
core   0: 3 0x8000ef64 (0x00001f17) x30 0x8000ff64
core   0: 0x8000ef68 (0x083f2e23) sw      gp, 156(t5)
core   0: 3 0x8000ef68 (0x083f2e23) mem 0x80010000 0x00000001
core   0: 0x8000ef6c (0x0000bfe5) c.j     pc - 8
core   0: 3 0x8000ef6c (0xbfe5)
core   0: 0x8000ef64 (0x00001f17) auipc   t5, 0x1
core   0: 3 0x8000ef64 (0x00001f17) x30 0x8000ff64
core   0: 0x8000ef68 (0x083f2e23) sw      gp, 156(t5)
core   0: 3 0x8000ef68 (0x083f2e23) mem 0x80010000 0x00000001
core   0: 0x8000ef6c (0x0000bfe5) c.j     pc - 8
core   0: 3 0x8000ef6c (0xbfe5)
core   0: 0x8000ef64 (0x00001f17) auipc   t5, 0x1
core   0: 3 0x8000ef64 (0x00001f17) x30 0x8000ff64
core   0: 0x8000ef68 (0x083f2e23) sw      gp, 156(t5)
core   0: 3 0x8000ef68 (0x083f2e23) mem 0x80010000 0x00000001
core   0: 0x8000ef6c (0x0000bfe5) c.j     pc - 8
core   0: 3 0x8000ef6c (0xbfe5)
core   0: 0x8000ef64 (0x00001f17) auipc   t5, 0x1
core   0: 3 0x8000ef64 (0x00001f17) x30 0x8000ff64
core   0: 0x8000ef68 (0x083f2e23) sw      gp, 156(t5)
core   0: 3 0x8000ef68 (0x083f2e23) mem 0x80010000 0x00000001
core   0: 0x8000ef6c (0x0000bfe5) c.j     pc - 8
core   0: 3 0x8000ef6c (0xbfe5)
core   0: 0x8000ef64 (0x00001f17) auipc   t5, 0x1
core   0: 3 0x8000ef64 (0x00001f17) x30 0x8000ff64
core   0: 0x8000ef68 (0x083f2e23) sw      gp, 156(t5)
core   0: 3 0x8000ef68 (0x083f2e23) mem 0x80010000 0x00000001
core   0: 0x8000ef6c (0x0000bfe5) c.j     pc - 8
core   0: 3 0x8000ef6c (0xbfe5)
core   0: 0x8000ef64 (0x00001f17) auipc   t5, 0x1
core   0: 3 0x8000ef64 (0x00001f17) x30 0x8000ff64
core   0: 0x8000ef68 (0x083f2e23) sw      gp, 156(t5)
core   0: 3 0x8000ef68 (0x083f2e23) mem 0x80010000 0x00000001
core   0: 0x8000ef6c (0x0000bfe5) c.j     pc - 8
core   0: 3 0x8000ef6c (0xbfe5)
core   0: 0x8000ef64 (0x00001f17) auipc   t5, 0x1
core   0: 3 0x8000ef64 (0x00001f17) x30 0x8000ff64
core   0: 0x8000ef68 (0x083f2e23) sw      gp, 156(t5)
core   0: 3 0x8000ef68 (0x083f2e23) mem 0x80010000 0x00000001
core   0: 0x8000ef6c (0x0000bfe5) c.j     pc - 8
core   0: 3 0x8000ef6c (0xbfe5)
core   0: 0x8000ef64 (0x00001f17) auipc   t5, 0x1
core   0: 3 0x8000ef64 (0x00001f17) x30 0x8000ff64
core   0: 0x8000ef68 (0x083f2e23) sw      gp, 156(t5)
core   0: 3 0x8000ef68 (0x083f2e23) mem 0x80010000 0x00000001
core   0: 0x8000ef6c (0x0000bfe5) c.j     pc - 8
core   0: 3 0x8000ef6c (0xbfe5)
core   0: 0x8000ef64 (0x00001f17) auipc   t5, 0x1
core   0: 3 0x8000ef64 (0x00001f17) x30 0x8000ff64
core   0: 0x8000ef68 (0x083f2e23) sw      gp, 156(t5)
core   0: 3 0x8000ef68 (0x083f2e23) mem 0x80010000 0x00000001
core   0: 0x8000ef6c (0x0000bfe5) c.j     pc - 8
core   0: 3 0x8000ef6c (0xbfe5)
core   0: 0x8000ef64 (0x00001f17) auipc   t5, 0x1
core   0: 3 0x8000ef64 (0x00001f17) x30 0x8000ff64
core   0: 0x8000ef68 (0x083f2e23) sw      gp, 156(t5)
core   0: 3 0x8000ef68 (0x083f2e23) mem 0x80010000 0x00000001
core   0: 0x8000ef6c (0x0000bfe5) c.j     pc - 8
core   0: 3 0x8000ef6c (0xbfe5)
core   0: 0x8000ef64 (0x00001f17) auipc   t5, 0x1
core   0: 3 0x8000ef64 (0x00001f17) x30 0x8000ff64
core   0: 0x8000ef68 (0x083f2e23) sw      gp, 156(t5)
core   0: 3 0x8000ef68 (0x083f2e23) mem 0x80010000 0x00000001
core   0: 0x8000ef6c (0x0000bfe5) c.j     pc - 8
core   0: 3 0x8000ef6c (0xbfe5)
core   0: 0x8000ef64 (0x00001f17) auipc   t5, 0x1
core   0: 3 0x8000ef64 (0x00001f17) x30 0x8000ff64
core   0: 0x8000ef68 (0x083f2e23) sw      gp, 156(t5)
core   0: 3 0x8000ef68 (0x083f2e23) mem 0x80010000 0x00000001
core   0: 0x8000ef6c (0x0000bfe5) c.j     pc - 8
core   0: 3 0x8000ef6c (0xbfe5)
core   0: 0x8000ef64 (0x00001f17) auipc   t5, 0x1
core   0: 3 0x8000ef64 (0x00001f17) x30 0x8000ff64
core   0: 0x8000ef68 (0x083f2e23) sw      gp, 156(t5)
core   0: 3 0x8000ef68 (0x083f2e23) mem 0x80010000 0x00000001
core   0: 0x8000ef6c (0x0000bfe5) c.j     pc - 8
core   0: 3 0x8000ef6c (0xbfe5)
core   0: 0x8000ef64 (0x00001f17) auipc   t5, 0x1
core   0: 3 0x8000ef64 (0x00001f17) x30 0x8000ff64
core   0: 0x8000ef68 (0x083f2e23) sw      gp, 156(t5)
core   0: 3 0x8000ef68 (0x083f2e23) mem 0x80010000 0x00000001
core   0: 0x8000ef6c (0x0000bfe5) c.j     pc - 8
core   0: 3 0x8000ef6c (0xbfe5)
core   0: 0x8000ef64 (0x00001f17) auipc   t5, 0x1
core   0: 3 0x8000ef64 (0x00001f17) x30 0x8000ff64
core   0: 0x8000ef68 (0x083f2e23) sw      gp, 156(t5)
core   0: 3 0x8000ef68 (0x083f2e23) mem 0x80010000 0x00000001
core   0: 0x8000ef6c (0x0000bfe5) c.j     pc - 8
core   0: 3 0x8000ef6c (0xbfe5)
core   0: 0x8000ef64 (0x00001f17) auipc   t5, 0x1
core   0: 3 0x8000ef64 (0x00001f17) x30 0x8000ff64
core   0: 0x8000ef68 (0x083f2e23) sw      gp, 156(t5)
core   0: 3 0x8000ef68 (0x083f2e23) mem 0x80010000 0x00000001
core   0: 0x8000ef6c (0x0000bfe5) c.j     pc - 8
core   0: 3 0x8000ef6c (0xbfe5)
core   0: 0x8000ef64 (0x00001f17) auipc   t5, 0x1
core   0: 3 0x8000ef64 (0x00001f17) x30 0x8000ff64
core   0: 0x8000ef68 (0x083f2e23) sw      gp, 156(t5)
core   0: 3 0x8000ef68 (0x083f2e23) mem 0x80010000 0x00000001
core   0: 0x8000ef6c (0x0000bfe5) c.j     pc - 8
core   0: 3 0x8000ef6c (0xbfe5)
core   0: 0x8000ef64 (0x00001f17) auipc   t5, 0x1
core   0: 3 0x8000ef64 (0x00001f17) x30 0x8000ff64
core   0: 0x8000ef68 (0x083f2e23) sw      gp, 156(t5)
core   0: 3 0x8000ef68 (0x083f2e23) mem 0x80010000 0x00000001
core   0: 0x8000ef6c (0x0000bfe5) c.j     pc - 8
core   0: 3 0x8000ef6c (0xbfe5)
core   0: 0x8000ef64 (0x00001f17) auipc   t5, 0x1
core   0: 3 0x8000ef64 (0x00001f17) x30 0x8000ff64
core   0: 0x8000ef68 (0x083f2e23) sw      gp, 156(t5)
core   0: 3 0x8000ef68 (0x083f2e23) mem 0x80010000 0x00000001
core   0: 0x8000ef6c (0x0000bfe5) c.j     pc - 8
core   0: 3 0x8000ef6c (0xbfe5)
core   0: 0x8000ef64 (0x00001f17) auipc   t5, 0x1
core   0: 3 0x8000ef64 (0x00001f17) x30 0x8000ff64
core   0: 0x8000ef68 (0x083f2e23) sw      gp, 156(t5)
core   0: 3 0x8000ef68 (0x083f2e23) mem 0x80010000 0x00000001
core   0: 0x8000ef6c (0x0000bfe5) c.j     pc - 8
core   0: 3 0x8000ef6c (0xbfe5)
core   0: 0x8000ef64 (0x00001f17) auipc   t5, 0x1
core   0: 3 0x8000ef64 (0x00001f17) x30 0x8000ff64
core   0: 0x8000ef68 (0x083f2e23) sw      gp, 156(t5)
core   0: 3 0x8000ef68 (0x083f2e23) mem 0x80010000 0x00000001
core   0: 0x8000ef6c (0x0000bfe5) c.j     pc - 8
core   0: 3 0x8000ef6c (0xbfe5)
core   0: 0x8000ef64 (0x00001f17) auipc   t5, 0x1
core   0: 3 0x8000ef64 (0x00001f17) x30 0x8000ff64
core   0: 0x8000ef68 (0x083f2e23) sw      gp, 156(t5)
core   0: 3 0x8000ef68 (0x083f2e23) mem 0x80010000 0x00000001
core   0: 0x8000ef6c (0x0000bfe5) c.j     pc - 8
core   0: 3 0x8000ef6c (0xbfe5)
core   0: 0x8000ef64 (0x00001f17) auipc   t5, 0x1
core   0: 3 0x8000ef64 (0x00001f17) x30 0x8000ff64
core   0: 0x8000ef68 (0x083f2e23) sw      gp, 156(t5)
core   0: 3 0x8000ef68 (0x083f2e23) mem 0x80010000 0x00000001
core   0: 0x8000ef6c (0x0000bfe5) c.j     pc - 8
core   0: 3 0x8000ef6c (0xbfe5)
core   0: 0x8000ef64 (0x00001f17) auipc   t5, 0x1
core   0: 3 0x8000ef64 (0x00001f17) x30 0x8000ff64
core   0: 0x8000ef68 (0x083f2e23) sw      gp, 156(t5)
core   0: 3 0x8000ef68 (0x083f2e23) mem 0x80010000 0x00000001
core   0: 0x8000ef6c (0x0000bfe5) c.j     pc - 8
core   0: 3 0x8000ef6c (0xbfe5)
core   0: 0x8000ef64 (0x00001f17) auipc   t5, 0x1
core   0: 3 0x8000ef64 (0x00001f17) x30 0x8000ff64
core   0: 0x8000ef68 (0x083f2e23) sw      gp, 156(t5)
core   0: 3 0x8000ef68 (0x083f2e23) mem 0x80010000 0x00000001
core   0: 0x8000ef6c (0x0000bfe5) c.j     pc - 8
core   0: 3 0x8000ef6c (0xbfe5)
core   0: 0x8000ef64 (0x00001f17) auipc   t5, 0x1
core   0: 3 0x8000ef64 (0x00001f17) x30 0x8000ff64
core   0: 0x8000ef68 (0x083f2e23) sw      gp, 156(t5)
core   0: 3 0x8000ef68 (0x083f2e23) mem 0x80010000 0x00000001
core   0: 0x8000ef6c (0x0000bfe5) c.j     pc - 8
core   0: 3 0x8000ef6c (0xbfe5)
core   0: 0x8000ef64 (0x00001f17) auipc   t5, 0x1
core   0: 3 0x8000ef64 (0x00001f17) x30 0x8000ff64
core   0: 0x8000ef68 (0x083f2e23) sw      gp, 156(t5)
core   0: 3 0x8000ef68 (0x083f2e23) mem 0x80010000 0x00000001
core   0: 0x8000ef6c (0x0000bfe5) c.j     pc - 8
core   0: 3 0x8000ef6c (0xbfe5)
core   0: 0x8000ef64 (0x00001f17) auipc   t5, 0x1
core   0: 3 0x8000ef64 (0x00001f17) x30 0x8000ff64
core   0: 0x8000ef68 (0x083f2e23) sw      gp, 156(t5)
core   0: 3 0x8000ef68 (0x083f2e23) mem 0x80010000 0x00000001
core   0: 0x8000ef6c (0x0000bfe5) c.j     pc - 8
core   0: 3 0x8000ef6c (0xbfe5)
core   0: 0x8000ef64 (0x00001f17) auipc   t5, 0x1
core   0: 3 0x8000ef64 (0x00001f17) x30 0x8000ff64
core   0: 0x8000ef68 (0x083f2e23) sw      gp, 156(t5)
core   0: 3 0x8000ef68 (0x083f2e23) mem 0x80010000 0x00000001
core   0: 0x8000ef6c (0x0000bfe5) c.j     pc - 8
core   0: 3 0x8000ef6c (0xbfe5)
core   0: 0x8000ef64 (0x00001f17) auipc   t5, 0x1
core   0: 3 0x8000ef64 (0x00001f17) x30 0x8000ff64
core   0: 0x8000ef68 (0x083f2e23) sw      gp, 156(t5)
core   0: 3 0x8000ef68 (0x083f2e23) mem 0x80010000 0x00000001
core   0: 0x8000ef6c (0x0000bfe5) c.j     pc - 8
core   0: 3 0x8000ef6c (0xbfe5)
core   0: 0x8000ef64 (0x00001f17) auipc   t5, 0x1
core   0: 3 0x8000ef64 (0x00001f17) x30 0x8000ff64
core   0: 0x8000ef68 (0x083f2e23) sw      gp, 156(t5)
core   0: 3 0x8000ef68 (0x083f2e23) mem 0x80010000 0x00000001
core   0: 0x8000ef6c (0x0000bfe5) c.j     pc - 8
core   0: 3 0x8000ef6c (0xbfe5)
core   0: 0x8000ef64 (0x00001f17) auipc   t5, 0x1
core   0: 3 0x8000ef64 (0x00001f17) x30 0x8000ff64
core   0: 0x8000ef68 (0x083f2e23) sw      gp, 156(t5)
core   0: 3 0x8000ef68 (0x083f2e23) mem 0x80010000 0x00000001
core   0: 0x8000ef6c (0x0000bfe5) c.j     pc - 8
core   0: 3 0x8000ef6c (0xbfe5)
core   0: 0x8000ef64 (0x00001f17) auipc   t5, 0x1
core   0: 3 0x8000ef64 (0x00001f17) x30 0x8000ff64
core   0: 0x8000ef68 (0x083f2e23) sw      gp, 156(t5)
core   0: 3 0x8000ef68 (0x083f2e23) mem 0x80010000 0x00000001
core   0: 0x8000ef6c (0x0000bfe5) c.j     pc - 8
core   0: 3 0x8000ef6c (0xbfe5)
core   0: 0x8000ef64 (0x00001f17) auipc   t5, 0x1
core   0: 3 0x8000ef64 (0x00001f17) x30 0x8000ff64
core   0: 0x8000ef68 (0x083f2e23) sw      gp, 156(t5)
core   0: 3 0x8000ef68 (0x083f2e23) mem 0x80010000 0x00000001
core   0: 0x8000ef6c (0x0000bfe5) c.j     pc - 8
core   0: 3 0x8000ef6c (0xbfe5)
core   0: 0x8000ef64 (0x00001f17) auipc   t5, 0x1
core   0: 3 0x8000ef64 (0x00001f17) x30 0x8000ff64
core   0: 0x8000ef68 (0x083f2e23) sw      gp, 156(t5)
core   0: 3 0x8000ef68 (0x083f2e23) mem 0x80010000 0x00000001
core   0: 0x8000ef6c (0x0000bfe5) c.j     pc - 8
core   0: 3 0x8000ef6c (0xbfe5)
core   0: 0x8000ef64 (0x00001f17) auipc   t5, 0x1
core   0: 3 0x8000ef64 (0x00001f17) x30 0x8000ff64
core   0: 0x8000ef68 (0x083f2e23) sw      gp, 156(t5)
core   0: 3 0x8000ef68 (0x083f2e23) mem 0x80010000 0x00000001
core   0: 0x8000ef6c (0x0000bfe5) c.j     pc - 8
core   0: 3 0x8000ef6c (0xbfe5)
core   0: 0x8000ef64 (0x00001f17) auipc   t5, 0x1
core   0: 3 0x8000ef64 (0x00001f17) x30 0x8000ff64
core   0: 0x8000ef68 (0x083f2e23) sw      gp, 156(t5)
core   0: 3 0x8000ef68 (0x083f2e23) mem 0x80010000 0x00000001
core   0: 0x8000ef6c (0x0000bfe5) c.j     pc - 8
core   0: 3 0x8000ef6c (0xbfe5)
core   0: 0x8000ef64 (0x00001f17) auipc   t5, 0x1
core   0: 3 0x8000ef64 (0x00001f17) x30 0x8000ff64
core   0: 0x8000ef68 (0x083f2e23) sw      gp, 156(t5)
core   0: 3 0x8000ef68 (0x083f2e23) mem 0x80010000 0x00000001
core   0: 0x8000ef6c (0x0000bfe5) c.j     pc - 8
core   0: 3 0x8000ef6c (0xbfe5)
core   0: 0x8000ef64 (0x00001f17) auipc   t5, 0x1
core   0: 3 0x8000ef64 (0x00001f17) x30 0x8000ff64
core   0: 0x8000ef68 (0x083f2e23) sw      gp, 156(t5)
core   0: 3 0x8000ef68 (0x083f2e23) mem 0x80010000 0x00000001
core   0: 0x8000ef6c (0x0000bfe5) c.j     pc - 8
core   0: 3 0x8000ef6c (0xbfe5)
core   0: 0x8000ef64 (0x00001f17) auipc   t5, 0x1
core   0: 3 0x8000ef64 (0x00001f17) x30 0x8000ff64
core   0: 0x8000ef68 (0x083f2e23) sw      gp, 156(t5)
core   0: 3 0x8000ef68 (0x083f2e23) mem 0x80010000 0x00000001
core   0: 0x8000ef6c (0x0000bfe5) c.j     pc - 8
core   0: 3 0x8000ef6c (0xbfe5)
core   0: 0x8000ef64 (0x00001f17) auipc   t5, 0x1
core   0: 3 0x8000ef64 (0x00001f17) x30 0x8000ff64
core   0: 0x8000ef68 (0x083f2e23) sw      gp, 156(t5)
core   0: 3 0x8000ef68 (0x083f2e23) mem 0x80010000 0x00000001
core   0: 0x8000ef6c (0x0000bfe5) c.j     pc - 8
core   0: 3 0x8000ef6c (0xbfe5)
core   0: 0x8000ef64 (0x00001f17) auipc   t5, 0x1
core   0: 3 0x8000ef64 (0x00001f17) x30 0x8000ff64
core   0: 0x8000ef68 (0x083f2e23) sw      gp, 156(t5)
core   0: 3 0x8000ef68 (0x083f2e23) mem 0x80010000 0x00000001
core   0: 0x8000ef6c (0x0000bfe5) c.j     pc - 8
core   0: 3 0x8000ef6c (0xbfe5)
core   0: 0x8000ef64 (0x00001f17) auipc   t5, 0x1
core   0: 3 0x8000ef64 (0x00001f17) x30 0x8000ff64
core   0: 0x8000ef68 (0x083f2e23) sw      gp, 156(t5)
core   0: 3 0x8000ef68 (0x083f2e23) mem 0x80010000 0x00000001
core   0: 0x8000ef6c (0x0000bfe5) c.j     pc - 8
core   0: 3 0x8000ef6c (0xbfe5)
core   0: 0x8000ef64 (0x00001f17) auipc   t5, 0x1
core   0: 3 0x8000ef64 (0x00001f17) x30 0x8000ff64
core   0: 0x8000ef68 (0x083f2e23) sw      gp, 156(t5)
core   0: 3 0x8000ef68 (0x083f2e23) mem 0x80010000 0x00000001
core   0: 0x8000ef6c (0x0000bfe5) c.j     pc - 8
core   0: 3 0x8000ef6c (0xbfe5)
core   0: 0x8000ef64 (0x00001f17) auipc   t5, 0x1
core   0: 3 0x8000ef64 (0x00001f17) x30 0x8000ff64
core   0: 0x8000ef68 (0x083f2e23) sw      gp, 156(t5)
core   0: 3 0x8000ef68 (0x083f2e23) mem 0x80010000 0x00000001
core   0: 0x8000ef6c (0x0000bfe5) c.j     pc - 8
core   0: 3 0x8000ef6c (0xbfe5)
core   0: 0x8000ef64 (0x00001f17) auipc   t5, 0x1
core   0: 3 0x8000ef64 (0x00001f17) x30 0x8000ff64
core   0: 0x8000ef68 (0x083f2e23) sw      gp, 156(t5)
core   0: 3 0x8000ef68 (0x083f2e23) mem 0x80010000 0x00000001
core   0: 0x8000ef6c (0x0000bfe5) c.j     pc - 8
core   0: 3 0x8000ef6c (0xbfe5)
core   0: 0x8000ef64 (0x00001f17) auipc   t5, 0x1
core   0: 3 0x8000ef64 (0x00001f17) x30 0x8000ff64
core   0: 0x8000ef68 (0x083f2e23) sw      gp, 156(t5)
core   0: 3 0x8000ef68 (0x083f2e23) mem 0x80010000 0x00000001
core   0: 0x8000ef6c (0x0000bfe5) c.j     pc - 8
core   0: 3 0x8000ef6c (0xbfe5)
core   0: 0x8000ef64 (0x00001f17) auipc   t5, 0x1
core   0: 3 0x8000ef64 (0x00001f17) x30 0x8000ff64
core   0: 0x8000ef68 (0x083f2e23) sw      gp, 156(t5)
core   0: 3 0x8000ef68 (0x083f2e23) mem 0x80010000 0x00000001
core   0: 0x8000ef6c (0x0000bfe5) c.j     pc - 8
core   0: 3 0x8000ef6c (0xbfe5)
core   0: 0x8000ef64 (0x00001f17) auipc   t5, 0x1
core   0: 3 0x8000ef64 (0x00001f17) x30 0x8000ff64
core   0: 0x8000ef68 (0x083f2e23) sw      gp, 156(t5)
core   0: 3 0x8000ef68 (0x083f2e23) mem 0x80010000 0x00000001
core   0: 0x8000ef6c (0x0000bfe5) c.j     pc - 8
core   0: 3 0x8000ef6c (0xbfe5)
core   0: 0x8000ef64 (0x00001f17) auipc   t5, 0x1
core   0: 3 0x8000ef64 (0x00001f17) x30 0x8000ff64
core   0: 0x8000ef68 (0x083f2e23) sw      gp, 156(t5)
core   0: 3 0x8000ef68 (0x083f2e23) mem 0x80010000 0x00000001
core   0: 0x8000ef6c (0x0000bfe5) c.j     pc - 8
core   0: 3 0x8000ef6c (0xbfe5)
core   0: 0x8000ef64 (0x00001f17) auipc   t5, 0x1
core   0: 3 0x8000ef64 (0x00001f17) x30 0x8000ff64
core   0: 0x8000ef68 (0x083f2e23) sw      gp, 156(t5)
core   0: 3 0x8000ef68 (0x083f2e23) mem 0x80010000 0x00000001
core   0: 0x8000ef6c (0x0000bfe5) c.j     pc - 8
core   0: 3 0x8000ef6c (0xbfe5)
core   0: 0x8000ef64 (0x00001f17) auipc   t5, 0x1
core   0: 3 0x8000ef64 (0x00001f17) x30 0x8000ff64
core   0: 0x8000ef68 (0x083f2e23) sw      gp, 156(t5)
core   0: 3 0x8000ef68 (0x083f2e23) mem 0x80010000 0x00000001
core   0: 0x8000ef6c (0x0000bfe5) c.j     pc - 8
core   0: 3 0x8000ef6c (0xbfe5)
core   0: 0x8000ef64 (0x00001f17) auipc   t5, 0x1
core   0: 3 0x8000ef64 (0x00001f17) x30 0x8000ff64
core   0: 0x8000ef68 (0x083f2e23) sw      gp, 156(t5)
core   0: 3 0x8000ef68 (0x083f2e23) mem 0x80010000 0x00000001
core   0: 0x8000ef6c (0x0000bfe5) c.j     pc - 8
core   0: 3 0x8000ef6c (0xbfe5)
core   0: 0x8000ef64 (0x00001f17) auipc   t5, 0x1
core   0: 3 0x8000ef64 (0x00001f17) x30 0x8000ff64
core   0: 0x8000ef68 (0x083f2e23) sw      gp, 156(t5)
core   0: 3 0x8000ef68 (0x083f2e23) mem 0x80010000 0x00000001
core   0: 0x8000ef6c (0x0000bfe5) c.j     pc - 8
core   0: 3 0x8000ef6c (0xbfe5)
core   0: 0x8000ef64 (0x00001f17) auipc   t5, 0x1
core   0: 3 0x8000ef64 (0x00001f17) x30 0x8000ff64
core   0: 0x8000ef68 (0x083f2e23) sw      gp, 156(t5)
core   0: 3 0x8000ef68 (0x083f2e23) mem 0x80010000 0x00000001
core   0: 0x8000ef6c (0x0000bfe5) c.j     pc - 8
core   0: 3 0x8000ef6c (0xbfe5)
core   0: 0x8000ef64 (0x00001f17) auipc   t5, 0x1
core   0: 3 0x8000ef64 (0x00001f17) x30 0x8000ff64
core   0: 0x8000ef68 (0x083f2e23) sw      gp, 156(t5)
core   0: 3 0x8000ef68 (0x083f2e23) mem 0x80010000 0x00000001
core   0: 0x8000ef6c (0x0000bfe5) c.j     pc - 8
core   0: 3 0x8000ef6c (0xbfe5)
core   0: 0x8000ef64 (0x00001f17) auipc   t5, 0x1
core   0: 3 0x8000ef64 (0x00001f17) x30 0x8000ff64
core   0: 0x8000ef68 (0x083f2e23) sw      gp, 156(t5)
core   0: 3 0x8000ef68 (0x083f2e23) mem 0x80010000 0x00000001
core   0: 0x8000ef6c (0x0000bfe5) c.j     pc - 8
core   0: 3 0x8000ef6c (0xbfe5)
core   0: 0x8000ef64 (0x00001f17) auipc   t5, 0x1
core   0: 3 0x8000ef64 (0x00001f17) x30 0x8000ff64
core   0: 0x8000ef68 (0x083f2e23) sw      gp, 156(t5)
core   0: 3 0x8000ef68 (0x083f2e23) mem 0x80010000 0x00000001
core   0: 0x8000ef6c (0x0000bfe5) c.j     pc - 8
core   0: 3 0x8000ef6c (0xbfe5)
core   0: 0x8000ef64 (0x00001f17) auipc   t5, 0x1
core   0: 3 0x8000ef64 (0x00001f17) x30 0x8000ff64
core   0: 0x8000ef68 (0x083f2e23) sw      gp, 156(t5)
core   0: 3 0x8000ef68 (0x083f2e23) mem 0x80010000 0x00000001
core   0: 0x8000ef6c (0x0000bfe5) c.j     pc - 8
core   0: 3 0x8000ef6c (0xbfe5)
core   0: 0x8000ef64 (0x00001f17) auipc   t5, 0x1
core   0: 3 0x8000ef64 (0x00001f17) x30 0x8000ff64
core   0: 0x8000ef68 (0x083f2e23) sw      gp, 156(t5)
core   0: 3 0x8000ef68 (0x083f2e23) mem 0x80010000 0x00000001
core   0: 0x8000ef6c (0x0000bfe5) c.j     pc - 8
core   0: 3 0x8000ef6c (0xbfe5)
core   0: 0x8000ef64 (0x00001f17) auipc   t5, 0x1
core   0: 3 0x8000ef64 (0x00001f17) x30 0x8000ff64
core   0: 0x8000ef68 (0x083f2e23) sw      gp, 156(t5)
core   0: 3 0x8000ef68 (0x083f2e23) mem 0x80010000 0x00000001
core   0: 0x8000ef6c (0x0000bfe5) c.j     pc - 8
core   0: 3 0x8000ef6c (0xbfe5)
core   0: 0x8000ef64 (0x00001f17) auipc   t5, 0x1
core   0: 3 0x8000ef64 (0x00001f17) x30 0x8000ff64
core   0: 0x8000ef68 (0x083f2e23) sw      gp, 156(t5)
core   0: 3 0x8000ef68 (0x083f2e23) mem 0x80010000 0x00000001
core   0: 0x8000ef6c (0x0000bfe5) c.j     pc - 8
core   0: 3 0x8000ef6c (0xbfe5)
core   0: 0x8000ef64 (0x00001f17) auipc   t5, 0x1
core   0: 3 0x8000ef64 (0x00001f17) x30 0x8000ff64
core   0: 0x8000ef68 (0x083f2e23) sw      gp, 156(t5)
core   0: 3 0x8000ef68 (0x083f2e23) mem 0x80010000 0x00000001
core   0: 0x8000ef6c (0x0000bfe5) c.j     pc - 8
core   0: 3 0x8000ef6c (0xbfe5)
core   0: 0x8000ef64 (0x00001f17) auipc   t5, 0x1
core   0: 3 0x8000ef64 (0x00001f17) x30 0x8000ff64
core   0: 0x8000ef68 (0x083f2e23) sw      gp, 156(t5)
core   0: 3 0x8000ef68 (0x083f2e23) mem 0x80010000 0x00000001
core   0: 0x8000ef6c (0x0000bfe5) c.j     pc - 8
core   0: 3 0x8000ef6c (0xbfe5)
core   0: 0x8000ef64 (0x00001f17) auipc   t5, 0x1
core   0: 3 0x8000ef64 (0x00001f17) x30 0x8000ff64
core   0: 0x8000ef68 (0x083f2e23) sw      gp, 156(t5)
core   0: 3 0x8000ef68 (0x083f2e23) mem 0x80010000 0x00000001
core   0: 0x8000ef6c (0x0000bfe5) c.j     pc - 8
core   0: 3 0x8000ef6c (0xbfe5)
core   0: 0x8000ef64 (0x00001f17) auipc   t5, 0x1
core   0: 3 0x8000ef64 (0x00001f17) x30 0x8000ff64
core   0: 0x8000ef68 (0x083f2e23) sw      gp, 156(t5)
core   0: 3 0x8000ef68 (0x083f2e23) mem 0x80010000 0x00000001
core   0: 0x8000ef6c (0x0000bfe5) c.j     pc - 8
core   0: 3 0x8000ef6c (0xbfe5)
core   0: 0x8000ef64 (0x00001f17) auipc   t5, 0x1
core   0: 3 0x8000ef64 (0x00001f17) x30 0x8000ff64
core   0: 0x8000ef68 (0x083f2e23) sw      gp, 156(t5)
core   0: 3 0x8000ef68 (0x083f2e23) mem 0x80010000 0x00000001
core   0: 0x8000ef6c (0x0000bfe5) c.j     pc - 8
core   0: 3 0x8000ef6c (0xbfe5)
core   0: 0x8000ef64 (0x00001f17) auipc   t5, 0x1
core   0: 3 0x8000ef64 (0x00001f17) x30 0x8000ff64
core   0: 0x8000ef68 (0x083f2e23) sw      gp, 156(t5)
core   0: 3 0x8000ef68 (0x083f2e23) mem 0x80010000 0x00000001
core   0: 0x8000ef6c (0x0000bfe5) c.j     pc - 8
core   0: 3 0x8000ef6c (0xbfe5)
core   0: 0x8000ef64 (0x00001f17) auipc   t5, 0x1
core   0: 3 0x8000ef64 (0x00001f17) x30 0x8000ff64
core   0: 0x8000ef68 (0x083f2e23) sw      gp, 156(t5)
core   0: 3 0x8000ef68 (0x083f2e23) mem 0x80010000 0x00000001
core   0: 0x8000ef6c (0x0000bfe5) c.j     pc - 8
core   0: 3 0x8000ef6c (0xbfe5)
core   0: 0x8000ef64 (0x00001f17) auipc   t5, 0x1
core   0: 3 0x8000ef64 (0x00001f17) x30 0x8000ff64
core   0: 0x8000ef68 (0x083f2e23) sw      gp, 156(t5)
core   0: 3 0x8000ef68 (0x083f2e23) mem 0x80010000 0x00000001
core   0: 0x8000ef6c (0x0000bfe5) c.j     pc - 8
core   0: 3 0x8000ef6c (0xbfe5)
core   0: 0x8000ef64 (0x00001f17) auipc   t5, 0x1
core   0: 3 0x8000ef64 (0x00001f17) x30 0x8000ff64
core   0: 0x8000ef68 (0x083f2e23) sw      gp, 156(t5)
core   0: 3 0x8000ef68 (0x083f2e23) mem 0x80010000 0x00000001
core   0: 0x8000ef6c (0x0000bfe5) c.j     pc - 8
core   0: 3 0x8000ef6c (0xbfe5)
core   0: 0x8000ef64 (0x00001f17) auipc   t5, 0x1
core   0: 3 0x8000ef64 (0x00001f17) x30 0x8000ff64
core   0: 0x8000ef68 (0x083f2e23) sw      gp, 156(t5)
core   0: 3 0x8000ef68 (0x083f2e23) mem 0x80010000 0x00000001
core   0: 0x8000ef6c (0x0000bfe5) c.j     pc - 8
core   0: 3 0x8000ef6c (0xbfe5)
core   0: 0x8000ef64 (0x00001f17) auipc   t5, 0x1
core   0: 3 0x8000ef64 (0x00001f17) x30 0x8000ff64
core   0: 0x8000ef68 (0x083f2e23) sw      gp, 156(t5)
core   0: 3 0x8000ef68 (0x083f2e23) mem 0x80010000 0x00000001
core   0: 0x8000ef6c (0x0000bfe5) c.j     pc - 8
core   0: 3 0x8000ef6c (0xbfe5)
core   0: 0x8000ef64 (0x00001f17) auipc   t5, 0x1
core   0: 3 0x8000ef64 (0x00001f17) x30 0x8000ff64
core   0: 0x8000ef68 (0x083f2e23) sw      gp, 156(t5)
core   0: 3 0x8000ef68 (0x083f2e23) mem 0x80010000 0x00000001
core   0: 0x8000ef6c (0x0000bfe5) c.j     pc - 8
core   0: 3 0x8000ef6c (0xbfe5)
core   0: 0x8000ef64 (0x00001f17) auipc   t5, 0x1
core   0: 3 0x8000ef64 (0x00001f17) x30 0x8000ff64
core   0: 0x8000ef68 (0x083f2e23) sw      gp, 156(t5)
core   0: 3 0x8000ef68 (0x083f2e23) mem 0x80010000 0x00000001
core   0: 0x8000ef6c (0x0000bfe5) c.j     pc - 8
core   0: 3 0x8000ef6c (0xbfe5)
core   0: 0x8000ef64 (0x00001f17) auipc   t5, 0x1
core   0: 3 0x8000ef64 (0x00001f17) x30 0x8000ff64
core   0: 0x8000ef68 (0x083f2e23) sw      gp, 156(t5)
core   0: 3 0x8000ef68 (0x083f2e23) mem 0x80010000 0x00000001
core   0: 0x8000ef6c (0x0000bfe5) c.j     pc - 8
core   0: 3 0x8000ef6c (0xbfe5)
core   0: 0x8000ef64 (0x00001f17) auipc   t5, 0x1
core   0: 3 0x8000ef64 (0x00001f17) x30 0x8000ff64
core   0: 0x8000ef68 (0x083f2e23) sw      gp, 156(t5)
core   0: 3 0x8000ef68 (0x083f2e23) mem 0x80010000 0x00000001
core   0: 0x8000ef6c (0x0000bfe5) c.j     pc - 8
core   0: 3 0x8000ef6c (0xbfe5)
core   0: 0x8000ef64 (0x00001f17) auipc   t5, 0x1
core   0: 3 0x8000ef64 (0x00001f17) x30 0x8000ff64
core   0: 0x8000ef68 (0x083f2e23) sw      gp, 156(t5)
core   0: 3 0x8000ef68 (0x083f2e23) mem 0x80010000 0x00000001
core   0: 0x8000ef6c (0x0000bfe5) c.j     pc - 8
core   0: 3 0x8000ef6c (0xbfe5)
core   0: 0x8000ef64 (0x00001f17) auipc   t5, 0x1
core   0: 3 0x8000ef64 (0x00001f17) x30 0x8000ff64
core   0: 0x8000ef68 (0x083f2e23) sw      gp, 156(t5)
core   0: 3 0x8000ef68 (0x083f2e23) mem 0x80010000 0x00000001
core   0: 0x8000ef6c (0x0000bfe5) c.j     pc - 8
core   0: 3 0x8000ef6c (0xbfe5)
core   0: 0x8000ef64 (0x00001f17) auipc   t5, 0x1
core   0: 3 0x8000ef64 (0x00001f17) x30 0x8000ff64
core   0: 0x8000ef68 (0x083f2e23) sw      gp, 156(t5)
core   0: 3 0x8000ef68 (0x083f2e23) mem 0x80010000 0x00000001
core   0: 0x8000ef6c (0x0000bfe5) c.j     pc - 8
core   0: 3 0x8000ef6c (0xbfe5)
core   0: 0x8000ef64 (0x00001f17) auipc   t5, 0x1
core   0: 3 0x8000ef64 (0x00001f17) x30 0x8000ff64
core   0: 0x8000ef68 (0x083f2e23) sw      gp, 156(t5)
core   0: 3 0x8000ef68 (0x083f2e23) mem 0x80010000 0x00000001
core   0: 0x8000ef6c (0x0000bfe5) c.j     pc - 8
core   0: 3 0x8000ef6c (0xbfe5)
core   0: 0x8000ef64 (0x00001f17) auipc   t5, 0x1
core   0: 3 0x8000ef64 (0x00001f17) x30 0x8000ff64
core   0: 0x8000ef68 (0x083f2e23) sw      gp, 156(t5)
core   0: 3 0x8000ef68 (0x083f2e23) mem 0x80010000 0x00000001
core   0: 0x8000ef6c (0x0000bfe5) c.j     pc - 8
core   0: 3 0x8000ef6c (0xbfe5)
core   0: 0x8000ef64 (0x00001f17) auipc   t5, 0x1
core   0: 3 0x8000ef64 (0x00001f17) x30 0x8000ff64
core   0: 0x8000ef68 (0x083f2e23) sw      gp, 156(t5)
core   0: 3 0x8000ef68 (0x083f2e23) mem 0x80010000 0x00000001
core   0: 0x8000ef6c (0x0000bfe5) c.j     pc - 8
core   0: 3 0x8000ef6c (0xbfe5)
core   0: 0x8000ef64 (0x00001f17) auipc   t5, 0x1
core   0: 3 0x8000ef64 (0x00001f17) x30 0x8000ff64
core   0: 0x8000ef68 (0x083f2e23) sw      gp, 156(t5)
core   0: 3 0x8000ef68 (0x083f2e23) mem 0x80010000 0x00000001
core   0: 0x8000ef6c (0x0000bfe5) c.j     pc - 8
core   0: 3 0x8000ef6c (0xbfe5)
core   0: 0x8000ef64 (0x00001f17) auipc   t5, 0x1
core   0: 3 0x8000ef64 (0x00001f17) x30 0x8000ff64
core   0: 0x8000ef68 (0x083f2e23) sw      gp, 156(t5)
core   0: 3 0x8000ef68 (0x083f2e23) mem 0x80010000 0x00000001
core   0: 0x8000ef6c (0x0000bfe5) c.j     pc - 8
core   0: 3 0x8000ef6c (0xbfe5)
core   0: 0x8000ef64 (0x00001f17) auipc   t5, 0x1
core   0: 3 0x8000ef64 (0x00001f17) x30 0x8000ff64
core   0: 0x8000ef68 (0x083f2e23) sw      gp, 156(t5)
core   0: 3 0x8000ef68 (0x083f2e23) mem 0x80010000 0x00000001
core   0: 0x8000ef6c (0x0000bfe5) c.j     pc - 8
core   0: 3 0x8000ef6c (0xbfe5)
core   0: 0x8000ef64 (0x00001f17) auipc   t5, 0x1
core   0: 3 0x8000ef64 (0x00001f17) x30 0x8000ff64
core   0: 0x8000ef68 (0x083f2e23) sw      gp, 156(t5)
core   0: 3 0x8000ef68 (0x083f2e23) mem 0x80010000 0x00000001
core   0: 0x8000ef6c (0x0000bfe5) c.j     pc - 8
core   0: 3 0x8000ef6c (0xbfe5)
core   0: 0x8000ef64 (0x00001f17) auipc   t5, 0x1
core   0: 3 0x8000ef64 (0x00001f17) x30 0x8000ff64
core   0: 0x8000ef68 (0x083f2e23) sw      gp, 156(t5)
core   0: 3 0x8000ef68 (0x083f2e23) mem 0x80010000 0x00000001
core   0: 0x8000ef6c (0x0000bfe5) c.j     pc - 8
core   0: 3 0x8000ef6c (0xbfe5)
core   0: 0x8000ef64 (0x00001f17) auipc   t5, 0x1
core   0: 3 0x8000ef64 (0x00001f17) x30 0x8000ff64
core   0: 0x8000ef68 (0x083f2e23) sw      gp, 156(t5)
core   0: 3 0x8000ef68 (0x083f2e23) mem 0x80010000 0x00000001
core   0: 0x8000ef6c (0x0000bfe5) c.j     pc - 8
core   0: 3 0x8000ef6c (0xbfe5)
core   0: 0x8000ef64 (0x00001f17) auipc   t5, 0x1
core   0: 3 0x8000ef64 (0x00001f17) x30 0x8000ff64
core   0: 0x8000ef68 (0x083f2e23) sw      gp, 156(t5)
core   0: 3 0x8000ef68 (0x083f2e23) mem 0x80010000 0x00000001
core   0: 0x8000ef6c (0x0000bfe5) c.j     pc - 8
core   0: 3 0x8000ef6c (0xbfe5)
core   0: 0x8000ef64 (0x00001f17) auipc   t5, 0x1
core   0: 3 0x8000ef64 (0x00001f17) x30 0x8000ff64
core   0: 0x8000ef68 (0x083f2e23) sw      gp, 156(t5)
core   0: 3 0x8000ef68 (0x083f2e23) mem 0x80010000 0x00000001
core   0: 0x8000ef6c (0x0000bfe5) c.j     pc - 8
core   0: 3 0x8000ef6c (0xbfe5)
core   0: 0x8000ef64 (0x00001f17) auipc   t5, 0x1
core   0: 3 0x8000ef64 (0x00001f17) x30 0x8000ff64
core   0: 0x8000ef68 (0x083f2e23) sw      gp, 156(t5)
core   0: 3 0x8000ef68 (0x083f2e23) mem 0x80010000 0x00000001
core   0: 0x8000ef6c (0x0000bfe5) c.j     pc - 8
core   0: 3 0x8000ef6c (0xbfe5)
core   0: 0x8000ef64 (0x00001f17) auipc   t5, 0x1
core   0: 3 0x8000ef64 (0x00001f17) x30 0x8000ff64
core   0: 0x8000ef68 (0x083f2e23) sw      gp, 156(t5)
core   0: 3 0x8000ef68 (0x083f2e23) mem 0x80010000 0x00000001
core   0: 0x8000ef6c (0x0000bfe5) c.j     pc - 8
core   0: 3 0x8000ef6c (0xbfe5)
core   0: 0x8000ef64 (0x00001f17) auipc   t5, 0x1
core   0: 3 0x8000ef64 (0x00001f17) x30 0x8000ff64
core   0: 0x8000ef68 (0x083f2e23) sw      gp, 156(t5)
core   0: 3 0x8000ef68 (0x083f2e23) mem 0x80010000 0x00000001
core   0: 0x8000ef6c (0x0000bfe5) c.j     pc - 8
core   0: 3 0x8000ef6c (0xbfe5)
core   0: 0x8000ef64 (0x00001f17) auipc   t5, 0x1
core   0: 3 0x8000ef64 (0x00001f17) x30 0x8000ff64
core   0: 0x8000ef68 (0x083f2e23) sw      gp, 156(t5)
core   0: 3 0x8000ef68 (0x083f2e23) mem 0x80010000 0x00000001
core   0: 0x8000ef6c (0x0000bfe5) c.j     pc - 8
core   0: 3 0x8000ef6c (0xbfe5)
core   0: 0x8000ef64 (0x00001f17) auipc   t5, 0x1
core   0: 3 0x8000ef64 (0x00001f17) x30 0x8000ff64
core   0: 0x8000ef68 (0x083f2e23) sw      gp, 156(t5)
core   0: 3 0x8000ef68 (0x083f2e23) mem 0x80010000 0x00000001
core   0: 0x8000ef6c (0x0000bfe5) c.j     pc - 8
core   0: 3 0x8000ef6c (0xbfe5)
core   0: 0x8000ef64 (0x00001f17) auipc   t5, 0x1
core   0: 3 0x8000ef64 (0x00001f17) x30 0x8000ff64
core   0: 0x8000ef68 (0x083f2e23) sw      gp, 156(t5)
core   0: 3 0x8000ef68 (0x083f2e23) mem 0x80010000 0x00000001
core   0: 0x8000ef6c (0x0000bfe5) c.j     pc - 8
core   0: 3 0x8000ef6c (0xbfe5)
core   0: 0x8000ef64 (0x00001f17) auipc   t5, 0x1
core   0: 3 0x8000ef64 (0x00001f17) x30 0x8000ff64
core   0: 0x8000ef68 (0x083f2e23) sw      gp, 156(t5)
core   0: 3 0x8000ef68 (0x083f2e23) mem 0x80010000 0x00000001
core   0: 0x8000ef6c (0x0000bfe5) c.j     pc - 8
core   0: 3 0x8000ef6c (0xbfe5)
core   0: 0x8000ef64 (0x00001f17) auipc   t5, 0x1
core   0: 3 0x8000ef64 (0x00001f17) x30 0x8000ff64
core   0: 0x8000ef68 (0x083f2e23) sw      gp, 156(t5)
core   0: 3 0x8000ef68 (0x083f2e23) mem 0x80010000 0x00000001
core   0: 0x8000ef6c (0x0000bfe5) c.j     pc - 8
core   0: 3 0x8000ef6c (0xbfe5)
core   0: 0x8000ef64 (0x00001f17) auipc   t5, 0x1
core   0: 3 0x8000ef64 (0x00001f17) x30 0x8000ff64
core   0: 0x8000ef68 (0x083f2e23) sw      gp, 156(t5)
core   0: 3 0x8000ef68 (0x083f2e23) mem 0x80010000 0x00000001
core   0: 0x8000ef6c (0x0000bfe5) c.j     pc - 8
core   0: 3 0x8000ef6c (0xbfe5)
core   0: 0x8000ef64 (0x00001f17) auipc   t5, 0x1
core   0: 3 0x8000ef64 (0x00001f17) x30 0x8000ff64
core   0: 0x8000ef68 (0x083f2e23) sw      gp, 156(t5)
core   0: 3 0x8000ef68 (0x083f2e23) mem 0x80010000 0x00000001
core   0: 0x8000ef6c (0x0000bfe5) c.j     pc - 8
core   0: 3 0x8000ef6c (0xbfe5)
core   0: 0x8000ef64 (0x00001f17) auipc   t5, 0x1
core   0: 3 0x8000ef64 (0x00001f17) x30 0x8000ff64
core   0: 0x8000ef68 (0x083f2e23) sw      gp, 156(t5)
core   0: 3 0x8000ef68 (0x083f2e23) mem 0x80010000 0x00000001
core   0: 0x8000ef6c (0x0000bfe5) c.j     pc - 8
core   0: 3 0x8000ef6c (0xbfe5)
core   0: 0x8000ef64 (0x00001f17) auipc   t5, 0x1
core   0: 3 0x8000ef64 (0x00001f17) x30 0x8000ff64
core   0: 0x8000ef68 (0x083f2e23) sw      gp, 156(t5)
core   0: 3 0x8000ef68 (0x083f2e23) mem 0x80010000 0x00000001
core   0: 0x8000ef6c (0x0000bfe5) c.j     pc - 8
core   0: 3 0x8000ef6c (0xbfe5)
core   0: 0x8000ef64 (0x00001f17) auipc   t5, 0x1
core   0: 3 0x8000ef64 (0x00001f17) x30 0x8000ff64
core   0: 0x8000ef68 (0x083f2e23) sw      gp, 156(t5)
core   0: 3 0x8000ef68 (0x083f2e23) mem 0x80010000 0x00000001
core   0: 0x8000ef6c (0x0000bfe5) c.j     pc - 8
core   0: 3 0x8000ef6c (0xbfe5)
core   0: 0x8000ef64 (0x00001f17) auipc   t5, 0x1
core   0: 3 0x8000ef64 (0x00001f17) x30 0x8000ff64
core   0: 0x8000ef68 (0x083f2e23) sw      gp, 156(t5)
core   0: 3 0x8000ef68 (0x083f2e23) mem 0x80010000 0x00000001
core   0: 0x8000ef6c (0x0000bfe5) c.j     pc - 8
core   0: 3 0x8000ef6c (0xbfe5)
core   0: 0x8000ef64 (0x00001f17) auipc   t5, 0x1
core   0: 3 0x8000ef64 (0x00001f17) x30 0x8000ff64
core   0: 0x8000ef68 (0x083f2e23) sw      gp, 156(t5)
core   0: 3 0x8000ef68 (0x083f2e23) mem 0x80010000 0x00000001
core   0: 0x8000ef6c (0x0000bfe5) c.j     pc - 8
core   0: 3 0x8000ef6c (0xbfe5)
core   0: 0x8000ef64 (0x00001f17) auipc   t5, 0x1
core   0: 3 0x8000ef64 (0x00001f17) x30 0x8000ff64
core   0: 0x8000ef68 (0x083f2e23) sw      gp, 156(t5)
core   0: 3 0x8000ef68 (0x083f2e23) mem 0x80010000 0x00000001
core   0: 0x8000ef6c (0x0000bfe5) c.j     pc - 8
core   0: 3 0x8000ef6c (0xbfe5)
core   0: 0x8000ef64 (0x00001f17) auipc   t5, 0x1
core   0: 3 0x8000ef64 (0x00001f17) x30 0x8000ff64
core   0: 0x8000ef68 (0x083f2e23) sw      gp, 156(t5)
core   0: 3 0x8000ef68 (0x083f2e23) mem 0x80010000 0x00000001
core   0: 0x8000ef6c (0x0000bfe5) c.j     pc - 8
core   0: 3 0x8000ef6c (0xbfe5)
core   0: 0x8000ef64 (0x00001f17) auipc   t5, 0x1
core   0: 3 0x8000ef64 (0x00001f17) x30 0x8000ff64
core   0: 0x8000ef68 (0x083f2e23) sw      gp, 156(t5)
core   0: 3 0x8000ef68 (0x083f2e23) mem 0x80010000 0x00000001
core   0: 0x8000ef6c (0x0000bfe5) c.j     pc - 8
core   0: 3 0x8000ef6c (0xbfe5)
core   0: 0x8000ef64 (0x00001f17) auipc   t5, 0x1
core   0: 3 0x8000ef64 (0x00001f17) x30 0x8000ff64
core   0: 0x8000ef68 (0x083f2e23) sw      gp, 156(t5)
core   0: 3 0x8000ef68 (0x083f2e23) mem 0x80010000 0x00000001
core   0: 0x8000ef6c (0x0000bfe5) c.j     pc - 8
core   0: 3 0x8000ef6c (0xbfe5)
core   0: 0x8000ef64 (0x00001f17) auipc   t5, 0x1
core   0: 3 0x8000ef64 (0x00001f17) x30 0x8000ff64
core   0: 0x8000ef68 (0x083f2e23) sw      gp, 156(t5)
core   0: 3 0x8000ef68 (0x083f2e23) mem 0x80010000 0x00000001
core   0: 0x8000ef6c (0x0000bfe5) c.j     pc - 8
core   0: 3 0x8000ef6c (0xbfe5)
core   0: 0x8000ef64 (0x00001f17) auipc   t5, 0x1
core   0: 3 0x8000ef64 (0x00001f17) x30 0x8000ff64
core   0: 0x8000ef68 (0x083f2e23) sw      gp, 156(t5)
core   0: 3 0x8000ef68 (0x083f2e23) mem 0x80010000 0x00000001
core   0: 0x8000ef6c (0x0000bfe5) c.j     pc - 8
core   0: 3 0x8000ef6c (0xbfe5)
core   0: 0x8000ef64 (0x00001f17) auipc   t5, 0x1
core   0: 3 0x8000ef64 (0x00001f17) x30 0x8000ff64
core   0: 0x8000ef68 (0x083f2e23) sw      gp, 156(t5)
core   0: 3 0x8000ef68 (0x083f2e23) mem 0x80010000 0x00000001
core   0: 0x8000ef6c (0x0000bfe5) c.j     pc - 8
core   0: 3 0x8000ef6c (0xbfe5)
core   0: 0x8000ef64 (0x00001f17) auipc   t5, 0x1
core   0: 3 0x8000ef64 (0x00001f17) x30 0x8000ff64
core   0: 0x8000ef68 (0x083f2e23) sw      gp, 156(t5)
core   0: 3 0x8000ef68 (0x083f2e23) mem 0x80010000 0x00000001
core   0: 0x8000ef6c (0x0000bfe5) c.j     pc - 8
core   0: 3 0x8000ef6c (0xbfe5)
core   0: 0x8000ef64 (0x00001f17) auipc   t5, 0x1
core   0: 3 0x8000ef64 (0x00001f17) x30 0x8000ff64
core   0: 0x8000ef68 (0x083f2e23) sw      gp, 156(t5)
core   0: 3 0x8000ef68 (0x083f2e23) mem 0x80010000 0x00000001
core   0: 0x8000ef6c (0x0000bfe5) c.j     pc - 8
core   0: 3 0x8000ef6c (0xbfe5)
core   0: 0x8000ef64 (0x00001f17) auipc   t5, 0x1
core   0: 3 0x8000ef64 (0x00001f17) x30 0x8000ff64
core   0: 0x8000ef68 (0x083f2e23) sw      gp, 156(t5)
core   0: 3 0x8000ef68 (0x083f2e23) mem 0x80010000 0x00000001
core   0: 0x8000ef6c (0x0000bfe5) c.j     pc - 8
core   0: 3 0x8000ef6c (0xbfe5)
core   0: 0x8000ef64 (0x00001f17) auipc   t5, 0x1
core   0: 3 0x8000ef64 (0x00001f17) x30 0x8000ff64
core   0: 0x8000ef68 (0x083f2e23) sw      gp, 156(t5)
core   0: 3 0x8000ef68 (0x083f2e23) mem 0x80010000 0x00000001
core   0: 0x8000ef6c (0x0000bfe5) c.j     pc - 8
core   0: 3 0x8000ef6c (0xbfe5)
core   0: 0x8000ef64 (0x00001f17) auipc   t5, 0x1
core   0: 3 0x8000ef64 (0x00001f17) x30 0x8000ff64
core   0: 0x8000ef68 (0x083f2e23) sw      gp, 156(t5)
core   0: 3 0x8000ef68 (0x083f2e23) mem 0x80010000 0x00000001
core   0: 0x8000ef6c (0x0000bfe5) c.j     pc - 8
core   0: 3 0x8000ef6c (0xbfe5)
core   0: 0x8000ef64 (0x00001f17) auipc   t5, 0x1
core   0: 3 0x8000ef64 (0x00001f17) x30 0x8000ff64
core   0: 0x8000ef68 (0x083f2e23) sw      gp, 156(t5)
core   0: 3 0x8000ef68 (0x083f2e23) mem 0x80010000 0x00000001
core   0: 0x8000ef6c (0x0000bfe5) c.j     pc - 8
core   0: 3 0x8000ef6c (0xbfe5)
core   0: 0x8000ef64 (0x00001f17) auipc   t5, 0x1
core   0: 3 0x8000ef64 (0x00001f17) x30 0x8000ff64
core   0: 0x8000ef68 (0x083f2e23) sw      gp, 156(t5)
core   0: 3 0x8000ef68 (0x083f2e23) mem 0x80010000 0x00000001
core   0: 0x8000ef6c (0x0000bfe5) c.j     pc - 8
core   0: 3 0x8000ef6c (0xbfe5)
core   0: 0x8000ef64 (0x00001f17) auipc   t5, 0x1
core   0: 3 0x8000ef64 (0x00001f17) x30 0x8000ff64
core   0: 0x8000ef68 (0x083f2e23) sw      gp, 156(t5)
core   0: 3 0x8000ef68 (0x083f2e23) mem 0x80010000 0x00000001
core   0: 0x8000ef6c (0x0000bfe5) c.j     pc - 8
core   0: 3 0x8000ef6c (0xbfe5)
core   0: 0x8000ef64 (0x00001f17) auipc   t5, 0x1
core   0: 3 0x8000ef64 (0x00001f17) x30 0x8000ff64
core   0: 0x8000ef68 (0x083f2e23) sw      gp, 156(t5)
core   0: 3 0x8000ef68 (0x083f2e23) mem 0x80010000 0x00000001
core   0: 0x8000ef6c (0x0000bfe5) c.j     pc - 8
core   0: 3 0x8000ef6c (0xbfe5)
core   0: 0x8000ef64 (0x00001f17) auipc   t5, 0x1
core   0: 3 0x8000ef64 (0x00001f17) x30 0x8000ff64
core   0: 0x8000ef68 (0x083f2e23) sw      gp, 156(t5)
core   0: 3 0x8000ef68 (0x083f2e23) mem 0x80010000 0x00000001
core   0: 0x8000ef6c (0x0000bfe5) c.j     pc - 8
core   0: 3 0x8000ef6c (0xbfe5)
core   0: 0x8000ef64 (0x00001f17) auipc   t5, 0x1
core   0: 3 0x8000ef64 (0x00001f17) x30 0x8000ff64
core   0: 0x8000ef68 (0x083f2e23) sw      gp, 156(t5)
core   0: 3 0x8000ef68 (0x083f2e23) mem 0x80010000 0x00000001
core   0: 0x8000ef6c (0x0000bfe5) c.j     pc - 8
core   0: 3 0x8000ef6c (0xbfe5)
core   0: 0x8000ef64 (0x00001f17) auipc   t5, 0x1
core   0: 3 0x8000ef64 (0x00001f17) x30 0x8000ff64
core   0: 0x8000ef68 (0x083f2e23) sw      gp, 156(t5)
core   0: 3 0x8000ef68 (0x083f2e23) mem 0x80010000 0x00000001
core   0: 0x8000ef6c (0x0000bfe5) c.j     pc - 8
core   0: 3 0x8000ef6c (0xbfe5)
core   0: 0x8000ef64 (0x00001f17) auipc   t5, 0x1
core   0: 3 0x8000ef64 (0x00001f17) x30 0x8000ff64
core   0: 0x8000ef68 (0x083f2e23) sw      gp, 156(t5)
core   0: 3 0x8000ef68 (0x083f2e23) mem 0x80010000 0x00000001
core   0: 0x8000ef6c (0x0000bfe5) c.j     pc - 8
core   0: 3 0x8000ef6c (0xbfe5)
core   0: 0x8000ef64 (0x00001f17) auipc   t5, 0x1
core   0: 3 0x8000ef64 (0x00001f17) x30 0x8000ff64
core   0: 0x8000ef68 (0x083f2e23) sw      gp, 156(t5)
core   0: 3 0x8000ef68 (0x083f2e23) mem 0x80010000 0x00000001
core   0: 0x8000ef6c (0x0000bfe5) c.j     pc - 8
core   0: 3 0x8000ef6c (0xbfe5)
core   0: 0x8000ef64 (0x00001f17) auipc   t5, 0x1
core   0: 3 0x8000ef64 (0x00001f17) x30 0x8000ff64
core   0: 0x8000ef68 (0x083f2e23) sw      gp, 156(t5)
core   0: 3 0x8000ef68 (0x083f2e23) mem 0x80010000 0x00000001
core   0: 0x8000ef6c (0x0000bfe5) c.j     pc - 8
core   0: 3 0x8000ef6c (0xbfe5)
core   0: 0x8000ef64 (0x00001f17) auipc   t5, 0x1
core   0: 3 0x8000ef64 (0x00001f17) x30 0x8000ff64
core   0: 0x8000ef68 (0x083f2e23) sw      gp, 156(t5)
core   0: 3 0x8000ef68 (0x083f2e23) mem 0x80010000 0x00000001
core   0: 0x8000ef6c (0x0000bfe5) c.j     pc - 8
core   0: 3 0x8000ef6c (0xbfe5)
core   0: 0x8000ef64 (0x00001f17) auipc   t5, 0x1
core   0: 3 0x8000ef64 (0x00001f17) x30 0x8000ff64
core   0: 0x8000ef68 (0x083f2e23) sw      gp, 156(t5)
core   0: 3 0x8000ef68 (0x083f2e23) mem 0x80010000 0x00000001
core   0: 0x8000ef6c (0x0000bfe5) c.j     pc - 8
core   0: 3 0x8000ef6c (0xbfe5)
core   0: 0x8000ef64 (0x00001f17) auipc   t5, 0x1
core   0: 3 0x8000ef64 (0x00001f17) x30 0x8000ff64
core   0: 0x8000ef68 (0x083f2e23) sw      gp, 156(t5)
core   0: 3 0x8000ef68 (0x083f2e23) mem 0x80010000 0x00000001
core   0: 0x8000ef6c (0x0000bfe5) c.j     pc - 8
core   0: 3 0x8000ef6c (0xbfe5)
core   0: 0x8000ef64 (0x00001f17) auipc   t5, 0x1
core   0: 3 0x8000ef64 (0x00001f17) x30 0x8000ff64
core   0: 0x8000ef68 (0x083f2e23) sw      gp, 156(t5)
core   0: 3 0x8000ef68 (0x083f2e23) mem 0x80010000 0x00000001
core   0: 0x8000ef6c (0x0000bfe5) c.j     pc - 8
core   0: 3 0x8000ef6c (0xbfe5)
core   0: 0x8000ef64 (0x00001f17) auipc   t5, 0x1
core   0: 3 0x8000ef64 (0x00001f17) x30 0x8000ff64
core   0: 0x8000ef68 (0x083f2e23) sw      gp, 156(t5)
core   0: 3 0x8000ef68 (0x083f2e23) mem 0x80010000 0x00000001
core   0: 0x8000ef6c (0x0000bfe5) c.j     pc - 8
core   0: 3 0x8000ef6c (0xbfe5)
core   0: 0x8000ef64 (0x00001f17) auipc   t5, 0x1
core   0: 3 0x8000ef64 (0x00001f17) x30 0x8000ff64
core   0: 0x8000ef68 (0x083f2e23) sw      gp, 156(t5)
core   0: 3 0x8000ef68 (0x083f2e23) mem 0x80010000 0x00000001
core   0: 0x8000ef6c (0x0000bfe5) c.j     pc - 8
core   0: 3 0x8000ef6c (0xbfe5)
core   0: 0x8000ef64 (0x00001f17) auipc   t5, 0x1
core   0: 3 0x8000ef64 (0x00001f17) x30 0x8000ff64
core   0: 0x8000ef68 (0x083f2e23) sw      gp, 156(t5)
core   0: 3 0x8000ef68 (0x083f2e23) mem 0x80010000 0x00000001
core   0: 0x8000ef6c (0x0000bfe5) c.j     pc - 8
core   0: 3 0x8000ef6c (0xbfe5)
core   0: 0x8000ef64 (0x00001f17) auipc   t5, 0x1
core   0: 3 0x8000ef64 (0x00001f17) x30 0x8000ff64
core   0: 0x8000ef68 (0x083f2e23) sw      gp, 156(t5)
core   0: 3 0x8000ef68 (0x083f2e23) mem 0x80010000 0x00000001
core   0: 0x8000ef6c (0x0000bfe5) c.j     pc - 8
core   0: 3 0x8000ef6c (0xbfe5)
core   0: 0x8000ef64 (0x00001f17) auipc   t5, 0x1
core   0: 3 0x8000ef64 (0x00001f17) x30 0x8000ff64
core   0: 0x8000ef68 (0x083f2e23) sw      gp, 156(t5)
core   0: 3 0x8000ef68 (0x083f2e23) mem 0x80010000 0x00000001
core   0: 0x8000ef6c (0x0000bfe5) c.j     pc - 8
core   0: 3 0x8000ef6c (0xbfe5)
core   0: 0x8000ef64 (0x00001f17) auipc   t5, 0x1
core   0: 3 0x8000ef64 (0x00001f17) x30 0x8000ff64
core   0: 0x8000ef68 (0x083f2e23) sw      gp, 156(t5)
core   0: 3 0x8000ef68 (0x083f2e23) mem 0x80010000 0x00000001
core   0: 0x8000ef6c (0x0000bfe5) c.j     pc - 8
core   0: 3 0x8000ef6c (0xbfe5)
core   0: 0x8000ef64 (0x00001f17) auipc   t5, 0x1
core   0: 3 0x8000ef64 (0x00001f17) x30 0x8000ff64
core   0: 0x8000ef68 (0x083f2e23) sw      gp, 156(t5)
core   0: 3 0x8000ef68 (0x083f2e23) mem 0x80010000 0x00000001
core   0: 0x8000ef6c (0x0000bfe5) c.j     pc - 8
core   0: 3 0x8000ef6c (0xbfe5)
core   0: 0x8000ef64 (0x00001f17) auipc   t5, 0x1
core   0: 3 0x8000ef64 (0x00001f17) x30 0x8000ff64
core   0: 0x8000ef68 (0x083f2e23) sw      gp, 156(t5)
core   0: 3 0x8000ef68 (0x083f2e23) mem 0x80010000 0x00000001
core   0: 0x8000ef6c (0x0000bfe5) c.j     pc - 8
core   0: 3 0x8000ef6c (0xbfe5)
core   0: 0x8000ef64 (0x00001f17) auipc   t5, 0x1
core   0: 3 0x8000ef64 (0x00001f17) x30 0x8000ff64
core   0: 0x8000ef68 (0x083f2e23) sw      gp, 156(t5)
core   0: 3 0x8000ef68 (0x083f2e23) mem 0x80010000 0x00000001
core   0: 0x8000ef6c (0x0000bfe5) c.j     pc - 8
core   0: 3 0x8000ef6c (0xbfe5)
core   0: 0x8000ef64 (0x00001f17) auipc   t5, 0x1
core   0: 3 0x8000ef64 (0x00001f17) x30 0x8000ff64
core   0: 0x8000ef68 (0x083f2e23) sw      gp, 156(t5)
core   0: 3 0x8000ef68 (0x083f2e23) mem 0x80010000 0x00000001
core   0: 0x8000ef6c (0x0000bfe5) c.j     pc - 8
core   0: 3 0x8000ef6c (0xbfe5)
core   0: 0x8000ef64 (0x00001f17) auipc   t5, 0x1
core   0: 3 0x8000ef64 (0x00001f17) x30 0x8000ff64
core   0: 0x8000ef68 (0x083f2e23) sw      gp, 156(t5)
core   0: 3 0x8000ef68 (0x083f2e23) mem 0x80010000 0x00000001
core   0: 0x8000ef6c (0x0000bfe5) c.j     pc - 8
core   0: 3 0x8000ef6c (0xbfe5)
core   0: 0x8000ef64 (0x00001f17) auipc   t5, 0x1
core   0: 3 0x8000ef64 (0x00001f17) x30 0x8000ff64
core   0: 0x8000ef68 (0x083f2e23) sw      gp, 156(t5)
core   0: 3 0x8000ef68 (0x083f2e23) mem 0x80010000 0x00000001
core   0: 0x8000ef6c (0x0000bfe5) c.j     pc - 8
core   0: 3 0x8000ef6c (0xbfe5)
core   0: 0x8000ef64 (0x00001f17) auipc   t5, 0x1
core   0: 3 0x8000ef64 (0x00001f17) x30 0x8000ff64
core   0: 0x8000ef68 (0x083f2e23) sw      gp, 156(t5)
core   0: 3 0x8000ef68 (0x083f2e23) mem 0x80010000 0x00000001
core   0: 0x8000ef6c (0x0000bfe5) c.j     pc - 8
core   0: 3 0x8000ef6c (0xbfe5)
core   0: 0x8000ef64 (0x00001f17) auipc   t5, 0x1
core   0: 3 0x8000ef64 (0x00001f17) x30 0x8000ff64
core   0: 0x8000ef68 (0x083f2e23) sw      gp, 156(t5)
core   0: 3 0x8000ef68 (0x083f2e23) mem 0x80010000 0x00000001
core   0: 0x8000ef6c (0x0000bfe5) c.j     pc - 8
core   0: 3 0x8000ef6c (0xbfe5)
core   0: 0x8000ef64 (0x00001f17) auipc   t5, 0x1
core   0: 3 0x8000ef64 (0x00001f17) x30 0x8000ff64
core   0: 0x8000ef68 (0x083f2e23) sw      gp, 156(t5)
core   0: 3 0x8000ef68 (0x083f2e23) mem 0x80010000 0x00000001
core   0: 0x8000ef6c (0x0000bfe5) c.j     pc - 8
core   0: 3 0x8000ef6c (0xbfe5)
core   0: 0x8000ef64 (0x00001f17) auipc   t5, 0x1
core   0: 3 0x8000ef64 (0x00001f17) x30 0x8000ff64
core   0: 0x8000ef68 (0x083f2e23) sw      gp, 156(t5)
core   0: 3 0x8000ef68 (0x083f2e23) mem 0x80010000 0x00000001
core   0: 0x8000ef6c (0x0000bfe5) c.j     pc - 8
core   0: 3 0x8000ef6c (0xbfe5)
core   0: 0x8000ef64 (0x00001f17) auipc   t5, 0x1
core   0: 3 0x8000ef64 (0x00001f17) x30 0x8000ff64
core   0: 0x8000ef68 (0x083f2e23) sw      gp, 156(t5)
core   0: 3 0x8000ef68 (0x083f2e23) mem 0x80010000 0x00000001
core   0: 0x8000ef6c (0x0000bfe5) c.j     pc - 8
core   0: 3 0x8000ef6c (0xbfe5)
core   0: 0x8000ef64 (0x00001f17) auipc   t5, 0x1
core   0: 3 0x8000ef64 (0x00001f17) x30 0x8000ff64
core   0: 0x8000ef68 (0x083f2e23) sw      gp, 156(t5)
core   0: 3 0x8000ef68 (0x083f2e23) mem 0x80010000 0x00000001
core   0: 0x8000ef6c (0x0000bfe5) c.j     pc - 8
core   0: 3 0x8000ef6c (0xbfe5)
core   0: 0x8000ef64 (0x00001f17) auipc   t5, 0x1
core   0: 3 0x8000ef64 (0x00001f17) x30 0x8000ff64
core   0: 0x8000ef68 (0x083f2e23) sw      gp, 156(t5)
core   0: 3 0x8000ef68 (0x083f2e23) mem 0x80010000 0x00000001
core   0: 0x8000ef6c (0x0000bfe5) c.j     pc - 8
core   0: 3 0x8000ef6c (0xbfe5)
core   0: 0x8000ef64 (0x00001f17) auipc   t5, 0x1
core   0: 3 0x8000ef64 (0x00001f17) x30 0x8000ff64
core   0: 0x8000ef68 (0x083f2e23) sw      gp, 156(t5)
core   0: 3 0x8000ef68 (0x083f2e23) mem 0x80010000 0x00000001
core   0: 0x8000ef6c (0x0000bfe5) c.j     pc - 8
core   0: 3 0x8000ef6c (0xbfe5)
core   0: 0x8000ef64 (0x00001f17) auipc   t5, 0x1
core   0: 3 0x8000ef64 (0x00001f17) x30 0x8000ff64
core   0: 0x8000ef68 (0x083f2e23) sw      gp, 156(t5)
core   0: 3 0x8000ef68 (0x083f2e23) mem 0x80010000 0x00000001
core   0: 0x8000ef6c (0x0000bfe5) c.j     pc - 8
core   0: 3 0x8000ef6c (0xbfe5)
core   0: 0x8000ef64 (0x00001f17) auipc   t5, 0x1
core   0: 3 0x8000ef64 (0x00001f17) x30 0x8000ff64
core   0: 0x8000ef68 (0x083f2e23) sw      gp, 156(t5)
core   0: 3 0x8000ef68 (0x083f2e23) mem 0x80010000 0x00000001
core   0: 0x8000ef6c (0x0000bfe5) c.j     pc - 8
core   0: 3 0x8000ef6c (0xbfe5)
core   0: 0x8000ef64 (0x00001f17) auipc   t5, 0x1
core   0: 3 0x8000ef64 (0x00001f17) x30 0x8000ff64
core   0: 0x8000ef68 (0x083f2e23) sw      gp, 156(t5)
core   0: 3 0x8000ef68 (0x083f2e23) mem 0x80010000 0x00000001
core   0: 0x8000ef6c (0x0000bfe5) c.j     pc - 8
core   0: 3 0x8000ef6c (0xbfe5)
core   0: 0x8000ef64 (0x00001f17) auipc   t5, 0x1
core   0: 3 0x8000ef64 (0x00001f17) x30 0x8000ff64
core   0: 0x8000ef68 (0x083f2e23) sw      gp, 156(t5)
core   0: 3 0x8000ef68 (0x083f2e23) mem 0x80010000 0x00000001
core   0: 0x8000ef6c (0x0000bfe5) c.j     pc - 8
core   0: 3 0x8000ef6c (0xbfe5)
core   0: 0x8000ef64 (0x00001f17) auipc   t5, 0x1
core   0: 3 0x8000ef64 (0x00001f17) x30 0x8000ff64
core   0: 0x8000ef68 (0x083f2e23) sw      gp, 156(t5)
core   0: 3 0x8000ef68 (0x083f2e23) mem 0x80010000 0x00000001
core   0: 0x8000ef6c (0x0000bfe5) c.j     pc - 8
core   0: 3 0x8000ef6c (0xbfe5)
core   0: 0x8000ef64 (0x00001f17) auipc   t5, 0x1
core   0: 3 0x8000ef64 (0x00001f17) x30 0x8000ff64
core   0: 0x8000ef68 (0x083f2e23) sw      gp, 156(t5)
core   0: 3 0x8000ef68 (0x083f2e23) mem 0x80010000 0x00000001
core   0: 0x8000ef6c (0x0000bfe5) c.j     pc - 8
core   0: 3 0x8000ef6c (0xbfe5)
core   0: 0x8000ef64 (0x00001f17) auipc   t5, 0x1
core   0: 3 0x8000ef64 (0x00001f17) x30 0x8000ff64
core   0: 0x8000ef68 (0x083f2e23) sw      gp, 156(t5)
core   0: 3 0x8000ef68 (0x083f2e23) mem 0x80010000 0x00000001
core   0: 0x8000ef6c (0x0000bfe5) c.j     pc - 8
core   0: 3 0x8000ef6c (0xbfe5)
core   0: 0x8000ef64 (0x00001f17) auipc   t5, 0x1
core   0: 3 0x8000ef64 (0x00001f17) x30 0x8000ff64
core   0: 0x8000ef68 (0x083f2e23) sw      gp, 156(t5)
core   0: 3 0x8000ef68 (0x083f2e23) mem 0x80010000 0x00000001
core   0: 0x8000ef6c (0x0000bfe5) c.j     pc - 8
core   0: 3 0x8000ef6c (0xbfe5)
core   0: 0x8000ef64 (0x00001f17) auipc   t5, 0x1
core   0: 3 0x8000ef64 (0x00001f17) x30 0x8000ff64
core   0: 0x8000ef68 (0x083f2e23) sw      gp, 156(t5)
core   0: 3 0x8000ef68 (0x083f2e23) mem 0x80010000 0x00000001
core   0: 0x8000ef6c (0x0000bfe5) c.j     pc - 8
core   0: 3 0x8000ef6c (0xbfe5)
core   0: 0x8000ef64 (0x00001f17) auipc   t5, 0x1
core   0: 3 0x8000ef64 (0x00001f17) x30 0x8000ff64
core   0: 0x8000ef68 (0x083f2e23) sw      gp, 156(t5)
core   0: 3 0x8000ef68 (0x083f2e23) mem 0x80010000 0x00000001
core   0: 0x8000ef6c (0x0000bfe5) c.j     pc - 8
core   0: 3 0x8000ef6c (0xbfe5)
core   0: 0x8000ef64 (0x00001f17) auipc   t5, 0x1
core   0: 3 0x8000ef64 (0x00001f17) x30 0x8000ff64
core   0: 0x8000ef68 (0x083f2e23) sw      gp, 156(t5)
core   0: 3 0x8000ef68 (0x083f2e23) mem 0x80010000 0x00000001
core   0: 0x8000ef6c (0x0000bfe5) c.j     pc - 8
core   0: 3 0x8000ef6c (0xbfe5)
core   0: 0x8000ef64 (0x00001f17) auipc   t5, 0x1
core   0: 3 0x8000ef64 (0x00001f17) x30 0x8000ff64
core   0: 0x8000ef68 (0x083f2e23) sw      gp, 156(t5)
core   0: 3 0x8000ef68 (0x083f2e23) mem 0x80010000 0x00000001
core   0: 0x8000ef6c (0x0000bfe5) c.j     pc - 8
core   0: 3 0x8000ef6c (0xbfe5)
core   0: 0x8000ef64 (0x00001f17) auipc   t5, 0x1
core   0: 3 0x8000ef64 (0x00001f17) x30 0x8000ff64
core   0: 0x8000ef68 (0x083f2e23) sw      gp, 156(t5)
core   0: 3 0x8000ef68 (0x083f2e23) mem 0x80010000 0x00000001
core   0: 0x8000ef6c (0x0000bfe5) c.j     pc - 8
core   0: 3 0x8000ef6c (0xbfe5)
core   0: 0x8000ef64 (0x00001f17) auipc   t5, 0x1
core   0: 3 0x8000ef64 (0x00001f17) x30 0x8000ff64
core   0: 0x8000ef68 (0x083f2e23) sw      gp, 156(t5)
core   0: 3 0x8000ef68 (0x083f2e23) mem 0x80010000 0x00000001
core   0: 0x8000ef6c (0x0000bfe5) c.j     pc - 8
core   0: 3 0x8000ef6c (0xbfe5)
core   0: 0x8000ef64 (0x00001f17) auipc   t5, 0x1
core   0: 3 0x8000ef64 (0x00001f17) x30 0x8000ff64
core   0: 0x8000ef68 (0x083f2e23) sw      gp, 156(t5)
core   0: 3 0x8000ef68 (0x083f2e23) mem 0x80010000 0x00000001
core   0: 0x8000ef6c (0x0000bfe5) c.j     pc - 8
core   0: 3 0x8000ef6c (0xbfe5)
core   0: 0x8000ef64 (0x00001f17) auipc   t5, 0x1
core   0: 3 0x8000ef64 (0x00001f17) x30 0x8000ff64
core   0: 0x8000ef68 (0x083f2e23) sw      gp, 156(t5)
core   0: 3 0x8000ef68 (0x083f2e23) mem 0x80010000 0x00000001
core   0: 0x8000ef6c (0x0000bfe5) c.j     pc - 8
core   0: 3 0x8000ef6c (0xbfe5)
core   0: 0x8000ef64 (0x00001f17) auipc   t5, 0x1
core   0: 3 0x8000ef64 (0x00001f17) x30 0x8000ff64
core   0: 0x8000ef68 (0x083f2e23) sw      gp, 156(t5)
core   0: 3 0x8000ef68 (0x083f2e23) mem 0x80010000 0x00000001
core   0: 0x8000ef6c (0x0000bfe5) c.j     pc - 8
core   0: 3 0x8000ef6c (0xbfe5)
core   0: 0x8000ef64 (0x00001f17) auipc   t5, 0x1
core   0: 3 0x8000ef64 (0x00001f17) x30 0x8000ff64
core   0: 0x8000ef68 (0x083f2e23) sw      gp, 156(t5)
core   0: 3 0x8000ef68 (0x083f2e23) mem 0x80010000 0x00000001
core   0: 0x8000ef6c (0x0000bfe5) c.j     pc - 8
core   0: 3 0x8000ef6c (0xbfe5)
core   0: 0x8000ef64 (0x00001f17) auipc   t5, 0x1
core   0: 3 0x8000ef64 (0x00001f17) x30 0x8000ff64
core   0: 0x8000ef68 (0x083f2e23) sw      gp, 156(t5)
core   0: 3 0x8000ef68 (0x083f2e23) mem 0x80010000 0x00000001
core   0: 0x8000ef6c (0x0000bfe5) c.j     pc - 8
core   0: 3 0x8000ef6c (0xbfe5)
core   0: 0x8000ef64 (0x00001f17) auipc   t5, 0x1
core   0: 3 0x8000ef64 (0x00001f17) x30 0x8000ff64
core   0: 0x8000ef68 (0x083f2e23) sw      gp, 156(t5)
core   0: 3 0x8000ef68 (0x083f2e23) mem 0x80010000 0x00000001
core   0: 0x8000ef6c (0x0000bfe5) c.j     pc - 8
core   0: 3 0x8000ef6c (0xbfe5)
core   0: 0x8000ef64 (0x00001f17) auipc   t5, 0x1
core   0: 3 0x8000ef64 (0x00001f17) x30 0x8000ff64
core   0: 0x8000ef68 (0x083f2e23) sw      gp, 156(t5)
core   0: 3 0x8000ef68 (0x083f2e23) mem 0x80010000 0x00000001
core   0: 0x8000ef6c (0x0000bfe5) c.j     pc - 8
core   0: 3 0x8000ef6c (0xbfe5)
core   0: 0x8000ef64 (0x00001f17) auipc   t5, 0x1
core   0: 3 0x8000ef64 (0x00001f17) x30 0x8000ff64
core   0: 0x8000ef68 (0x083f2e23) sw      gp, 156(t5)
core   0: 3 0x8000ef68 (0x083f2e23) mem 0x80010000 0x00000001
core   0: 0x8000ef6c (0x0000bfe5) c.j     pc - 8
core   0: 3 0x8000ef6c (0xbfe5)
core   0: 0x8000ef64 (0x00001f17) auipc   t5, 0x1
core   0: 3 0x8000ef64 (0x00001f17) x30 0x8000ff64
core   0: 0x8000ef68 (0x083f2e23) sw      gp, 156(t5)
core   0: 3 0x8000ef68 (0x083f2e23) mem 0x80010000 0x00000001
core   0: 0x8000ef6c (0x0000bfe5) c.j     pc - 8
core   0: 3 0x8000ef6c (0xbfe5)
core   0: 0x8000ef64 (0x00001f17) auipc   t5, 0x1
core   0: 3 0x8000ef64 (0x00001f17) x30 0x8000ff64
core   0: 0x8000ef68 (0x083f2e23) sw      gp, 156(t5)
core   0: 3 0x8000ef68 (0x083f2e23) mem 0x80010000 0x00000001
core   0: 0x8000ef6c (0x0000bfe5) c.j     pc - 8
core   0: 3 0x8000ef6c (0xbfe5)
core   0: 0x8000ef64 (0x00001f17) auipc   t5, 0x1
core   0: 3 0x8000ef64 (0x00001f17) x30 0x8000ff64
core   0: 0x8000ef68 (0x083f2e23) sw      gp, 156(t5)
core   0: 3 0x8000ef68 (0x083f2e23) mem 0x80010000 0x00000001
core   0: 0x8000ef6c (0x0000bfe5) c.j     pc - 8
core   0: 3 0x8000ef6c (0xbfe5)
core   0: 0x8000ef64 (0x00001f17) auipc   t5, 0x1
core   0: 3 0x8000ef64 (0x00001f17) x30 0x8000ff64
core   0: 0x8000ef68 (0x083f2e23) sw      gp, 156(t5)
core   0: 3 0x8000ef68 (0x083f2e23) mem 0x80010000 0x00000001
core   0: 0x8000ef6c (0x0000bfe5) c.j     pc - 8
core   0: 3 0x8000ef6c (0xbfe5)
core   0: 0x8000ef64 (0x00001f17) auipc   t5, 0x1
core   0: 3 0x8000ef64 (0x00001f17) x30 0x8000ff64
core   0: 0x8000ef68 (0x083f2e23) sw      gp, 156(t5)
core   0: 3 0x8000ef68 (0x083f2e23) mem 0x80010000 0x00000001
core   0: 0x8000ef6c (0x0000bfe5) c.j     pc - 8
core   0: 3 0x8000ef6c (0xbfe5)
core   0: 0x8000ef64 (0x00001f17) auipc   t5, 0x1
core   0: 3 0x8000ef64 (0x00001f17) x30 0x8000ff64
core   0: 0x8000ef68 (0x083f2e23) sw      gp, 156(t5)
core   0: 3 0x8000ef68 (0x083f2e23) mem 0x80010000 0x00000001
core   0: 0x8000ef6c (0x0000bfe5) c.j     pc - 8
core   0: 3 0x8000ef6c (0xbfe5)
core   0: 0x8000ef64 (0x00001f17) auipc   t5, 0x1
core   0: 3 0x8000ef64 (0x00001f17) x30 0x8000ff64
core   0: 0x8000ef68 (0x083f2e23) sw      gp, 156(t5)
core   0: 3 0x8000ef68 (0x083f2e23) mem 0x80010000 0x00000001
core   0: 0x8000ef6c (0x0000bfe5) c.j     pc - 8
core   0: 3 0x8000ef6c (0xbfe5)
core   0: 0x8000ef64 (0x00001f17) auipc   t5, 0x1
core   0: 3 0x8000ef64 (0x00001f17) x30 0x8000ff64
core   0: 0x8000ef68 (0x083f2e23) sw      gp, 156(t5)
core   0: 3 0x8000ef68 (0x083f2e23) mem 0x80010000 0x00000001
core   0: 0x8000ef6c (0x0000bfe5) c.j     pc - 8
core   0: 3 0x8000ef6c (0xbfe5)
core   0: 0x8000ef64 (0x00001f17) auipc   t5, 0x1
core   0: 3 0x8000ef64 (0x00001f17) x30 0x8000ff64
core   0: 0x8000ef68 (0x083f2e23) sw      gp, 156(t5)
core   0: 3 0x8000ef68 (0x083f2e23) mem 0x80010000 0x00000001
core   0: 0x8000ef6c (0x0000bfe5) c.j     pc - 8
core   0: 3 0x8000ef6c (0xbfe5)
core   0: 0x8000ef64 (0x00001f17) auipc   t5, 0x1
core   0: 3 0x8000ef64 (0x00001f17) x30 0x8000ff64
core   0: 0x8000ef68 (0x083f2e23) sw      gp, 156(t5)
core   0: 3 0x8000ef68 (0x083f2e23) mem 0x80010000 0x00000001
core   0: 0x8000ef6c (0x0000bfe5) c.j     pc - 8
core   0: 3 0x8000ef6c (0xbfe5)
core   0: 0x8000ef64 (0x00001f17) auipc   t5, 0x1
core   0: 3 0x8000ef64 (0x00001f17) x30 0x8000ff64
core   0: 0x8000ef68 (0x083f2e23) sw      gp, 156(t5)
core   0: 3 0x8000ef68 (0x083f2e23) mem 0x80010000 0x00000001
core   0: 0x8000ef6c (0x0000bfe5) c.j     pc - 8
core   0: 3 0x8000ef6c (0xbfe5)
core   0: 0x8000ef64 (0x00001f17) auipc   t5, 0x1
core   0: 3 0x8000ef64 (0x00001f17) x30 0x8000ff64
core   0: 0x8000ef68 (0x083f2e23) sw      gp, 156(t5)
core   0: 3 0x8000ef68 (0x083f2e23) mem 0x80010000 0x00000001
core   0: 0x8000ef6c (0x0000bfe5) c.j     pc - 8
core   0: 3 0x8000ef6c (0xbfe5)
core   0: 0x8000ef64 (0x00001f17) auipc   t5, 0x1
core   0: 3 0x8000ef64 (0x00001f17) x30 0x8000ff64
core   0: 0x8000ef68 (0x083f2e23) sw      gp, 156(t5)
core   0: 3 0x8000ef68 (0x083f2e23) mem 0x80010000 0x00000001
core   0: 0x8000ef6c (0x0000bfe5) c.j     pc - 8
core   0: 3 0x8000ef6c (0xbfe5)
core   0: 0x8000ef64 (0x00001f17) auipc   t5, 0x1
core   0: 3 0x8000ef64 (0x00001f17) x30 0x8000ff64
core   0: 0x8000ef68 (0x083f2e23) sw      gp, 156(t5)
core   0: 3 0x8000ef68 (0x083f2e23) mem 0x80010000 0x00000001
core   0: 0x8000ef6c (0x0000bfe5) c.j     pc - 8
core   0: 3 0x8000ef6c (0xbfe5)
core   0: 0x8000ef64 (0x00001f17) auipc   t5, 0x1
core   0: 3 0x8000ef64 (0x00001f17) x30 0x8000ff64
core   0: 0x8000ef68 (0x083f2e23) sw      gp, 156(t5)
core   0: 3 0x8000ef68 (0x083f2e23) mem 0x80010000 0x00000001
core   0: 0x8000ef6c (0x0000bfe5) c.j     pc - 8
core   0: 3 0x8000ef6c (0xbfe5)
core   0: 0x8000ef64 (0x00001f17) auipc   t5, 0x1
core   0: 3 0x8000ef64 (0x00001f17) x30 0x8000ff64
core   0: 0x8000ef68 (0x083f2e23) sw      gp, 156(t5)
core   0: 3 0x8000ef68 (0x083f2e23) mem 0x80010000 0x00000001
core   0: 0x8000ef6c (0x0000bfe5) c.j     pc - 8
core   0: 3 0x8000ef6c (0xbfe5)
core   0: 0x8000ef64 (0x00001f17) auipc   t5, 0x1
core   0: 3 0x8000ef64 (0x00001f17) x30 0x8000ff64
core   0: 0x8000ef68 (0x083f2e23) sw      gp, 156(t5)
core   0: 3 0x8000ef68 (0x083f2e23) mem 0x80010000 0x00000001
core   0: 0x8000ef6c (0x0000bfe5) c.j     pc - 8
core   0: 3 0x8000ef6c (0xbfe5)
core   0: 0x8000ef64 (0x00001f17) auipc   t5, 0x1
core   0: 3 0x8000ef64 (0x00001f17) x30 0x8000ff64
core   0: 0x8000ef68 (0x083f2e23) sw      gp, 156(t5)
core   0: 3 0x8000ef68 (0x083f2e23) mem 0x80010000 0x00000001
core   0: 0x8000ef6c (0x0000bfe5) c.j     pc - 8
core   0: 3 0x8000ef6c (0xbfe5)
core   0: 0x8000ef64 (0x00001f17) auipc   t5, 0x1
core   0: 3 0x8000ef64 (0x00001f17) x30 0x8000ff64
core   0: 0x8000ef68 (0x083f2e23) sw      gp, 156(t5)
core   0: 3 0x8000ef68 (0x083f2e23) mem 0x80010000 0x00000001
core   0: 0x8000ef6c (0x0000bfe5) c.j     pc - 8
core   0: 3 0x8000ef6c (0xbfe5)
core   0: 0x8000ef64 (0x00001f17) auipc   t5, 0x1
core   0: 3 0x8000ef64 (0x00001f17) x30 0x8000ff64
core   0: 0x8000ef68 (0x083f2e23) sw      gp, 156(t5)
core   0: 3 0x8000ef68 (0x083f2e23) mem 0x80010000 0x00000001
core   0: 0x8000ef6c (0x0000bfe5) c.j     pc - 8
core   0: 3 0x8000ef6c (0xbfe5)
core   0: 0x8000ef64 (0x00001f17) auipc   t5, 0x1
core   0: 3 0x8000ef64 (0x00001f17) x30 0x8000ff64
core   0: 0x8000ef68 (0x083f2e23) sw      gp, 156(t5)
core   0: 3 0x8000ef68 (0x083f2e23) mem 0x80010000 0x00000001
core   0: 0x8000ef6c (0x0000bfe5) c.j     pc - 8
core   0: 3 0x8000ef6c (0xbfe5)
core   0: 0x8000ef64 (0x00001f17) auipc   t5, 0x1
core   0: 3 0x8000ef64 (0x00001f17) x30 0x8000ff64
core   0: 0x8000ef68 (0x083f2e23) sw      gp, 156(t5)
core   0: 3 0x8000ef68 (0x083f2e23) mem 0x80010000 0x00000001
core   0: 0x8000ef6c (0x0000bfe5) c.j     pc - 8
core   0: 3 0x8000ef6c (0xbfe5)
core   0: 0x8000ef64 (0x00001f17) auipc   t5, 0x1
core   0: 3 0x8000ef64 (0x00001f17) x30 0x8000ff64
core   0: 0x8000ef68 (0x083f2e23) sw      gp, 156(t5)
core   0: 3 0x8000ef68 (0x083f2e23) mem 0x80010000 0x00000001
core   0: 0x8000ef6c (0x0000bfe5) c.j     pc - 8
core   0: 3 0x8000ef6c (0xbfe5)
core   0: 0x8000ef64 (0x00001f17) auipc   t5, 0x1
core   0: 3 0x8000ef64 (0x00001f17) x30 0x8000ff64
core   0: 0x8000ef68 (0x083f2e23) sw      gp, 156(t5)
core   0: 3 0x8000ef68 (0x083f2e23) mem 0x80010000 0x00000001
core   0: 0x8000ef6c (0x0000bfe5) c.j     pc - 8
core   0: 3 0x8000ef6c (0xbfe5)
core   0: 0x8000ef64 (0x00001f17) auipc   t5, 0x1
core   0: 3 0x8000ef64 (0x00001f17) x30 0x8000ff64
core   0: 0x8000ef68 (0x083f2e23) sw      gp, 156(t5)
core   0: 3 0x8000ef68 (0x083f2e23) mem 0x80010000 0x00000001
core   0: 0x8000ef6c (0x0000bfe5) c.j     pc - 8
core   0: 3 0x8000ef6c (0xbfe5)
core   0: 0x8000ef64 (0x00001f17) auipc   t5, 0x1
core   0: 3 0x8000ef64 (0x00001f17) x30 0x8000ff64
core   0: 0x8000ef68 (0x083f2e23) sw      gp, 156(t5)
core   0: 3 0x8000ef68 (0x083f2e23) mem 0x80010000 0x00000001
core   0: 0x8000ef6c (0x0000bfe5) c.j     pc - 8
core   0: 3 0x8000ef6c (0xbfe5)
core   0: 0x8000ef64 (0x00001f17) auipc   t5, 0x1
core   0: 3 0x8000ef64 (0x00001f17) x30 0x8000ff64
core   0: 0x8000ef68 (0x083f2e23) sw      gp, 156(t5)
core   0: 3 0x8000ef68 (0x083f2e23) mem 0x80010000 0x00000001
core   0: 0x8000ef6c (0x0000bfe5) c.j     pc - 8
core   0: 3 0x8000ef6c (0xbfe5)
core   0: 0x8000ef64 (0x00001f17) auipc   t5, 0x1
core   0: 3 0x8000ef64 (0x00001f17) x30 0x8000ff64
core   0: 0x8000ef68 (0x083f2e23) sw      gp, 156(t5)
core   0: 3 0x8000ef68 (0x083f2e23) mem 0x80010000 0x00000001
core   0: 0x8000ef6c (0x0000bfe5) c.j     pc - 8
core   0: 3 0x8000ef6c (0xbfe5)
core   0: 0x8000ef64 (0x00001f17) auipc   t5, 0x1
core   0: 3 0x8000ef64 (0x00001f17) x30 0x8000ff64
core   0: 0x8000ef68 (0x083f2e23) sw      gp, 156(t5)
core   0: 3 0x8000ef68 (0x083f2e23) mem 0x80010000 0x00000001
core   0: 0x8000ef6c (0x0000bfe5) c.j     pc - 8
core   0: 3 0x8000ef6c (0xbfe5)
core   0: 0x8000ef64 (0x00001f17) auipc   t5, 0x1
core   0: 3 0x8000ef64 (0x00001f17) x30 0x8000ff64
core   0: 0x8000ef68 (0x083f2e23) sw      gp, 156(t5)
core   0: 3 0x8000ef68 (0x083f2e23) mem 0x80010000 0x00000001
core   0: 0x8000ef6c (0x0000bfe5) c.j     pc - 8
core   0: 3 0x8000ef6c (0xbfe5)
core   0: 0x8000ef64 (0x00001f17) auipc   t5, 0x1
core   0: 3 0x8000ef64 (0x00001f17) x30 0x8000ff64
core   0: 0x8000ef68 (0x083f2e23) sw      gp, 156(t5)
core   0: 3 0x8000ef68 (0x083f2e23) mem 0x80010000 0x00000001
core   0: 0x8000ef6c (0x0000bfe5) c.j     pc - 8
core   0: 3 0x8000ef6c (0xbfe5)
core   0: 0x8000ef64 (0x00001f17) auipc   t5, 0x1
core   0: 3 0x8000ef64 (0x00001f17) x30 0x8000ff64
core   0: 0x8000ef68 (0x083f2e23) sw      gp, 156(t5)
core   0: 3 0x8000ef68 (0x083f2e23) mem 0x80010000 0x00000001
core   0: 0x8000ef6c (0x0000bfe5) c.j     pc - 8
core   0: 3 0x8000ef6c (0xbfe5)
core   0: 0x8000ef64 (0x00001f17) auipc   t5, 0x1
core   0: 3 0x8000ef64 (0x00001f17) x30 0x8000ff64
core   0: 0x8000ef68 (0x083f2e23) sw      gp, 156(t5)
core   0: 3 0x8000ef68 (0x083f2e23) mem 0x80010000 0x00000001
core   0: 0x8000ef6c (0x0000bfe5) c.j     pc - 8
core   0: 3 0x8000ef6c (0xbfe5)
core   0: 0x8000ef64 (0x00001f17) auipc   t5, 0x1
core   0: 3 0x8000ef64 (0x00001f17) x30 0x8000ff64
core   0: 0x8000ef68 (0x083f2e23) sw      gp, 156(t5)
core   0: 3 0x8000ef68 (0x083f2e23) mem 0x80010000 0x00000001
core   0: 0x8000ef6c (0x0000bfe5) c.j     pc - 8
core   0: 3 0x8000ef6c (0xbfe5)
core   0: 0x8000ef64 (0x00001f17) auipc   t5, 0x1
core   0: 3 0x8000ef64 (0x00001f17) x30 0x8000ff64
core   0: 0x8000ef68 (0x083f2e23) sw      gp, 156(t5)
core   0: 3 0x8000ef68 (0x083f2e23) mem 0x80010000 0x00000001
core   0: 0x8000ef6c (0x0000bfe5) c.j     pc - 8
core   0: 3 0x8000ef6c (0xbfe5)
core   0: 0x8000ef64 (0x00001f17) auipc   t5, 0x1
core   0: 3 0x8000ef64 (0x00001f17) x30 0x8000ff64
core   0: 0x8000ef68 (0x083f2e23) sw      gp, 156(t5)
core   0: 3 0x8000ef68 (0x083f2e23) mem 0x80010000 0x00000001
core   0: 0x8000ef6c (0x0000bfe5) c.j     pc - 8
core   0: 3 0x8000ef6c (0xbfe5)
core   0: 0x8000ef64 (0x00001f17) auipc   t5, 0x1
core   0: 3 0x8000ef64 (0x00001f17) x30 0x8000ff64
core   0: 0x8000ef68 (0x083f2e23) sw      gp, 156(t5)
core   0: 3 0x8000ef68 (0x083f2e23) mem 0x80010000 0x00000001
core   0: 0x8000ef6c (0x0000bfe5) c.j     pc - 8
core   0: 3 0x8000ef6c (0xbfe5)
core   0: 0x8000ef64 (0x00001f17) auipc   t5, 0x1
core   0: 3 0x8000ef64 (0x00001f17) x30 0x8000ff64
core   0: 0x8000ef68 (0x083f2e23) sw      gp, 156(t5)
core   0: 3 0x8000ef68 (0x083f2e23) mem 0x80010000 0x00000001
core   0: 0x8000ef6c (0x0000bfe5) c.j     pc - 8
core   0: 3 0x8000ef6c (0xbfe5)
core   0: 0x8000ef64 (0x00001f17) auipc   t5, 0x1
core   0: 3 0x8000ef64 (0x00001f17) x30 0x8000ff64
core   0: 0x8000ef68 (0x083f2e23) sw      gp, 156(t5)
core   0: 3 0x8000ef68 (0x083f2e23) mem 0x80010000 0x00000001
core   0: 0x8000ef6c (0x0000bfe5) c.j     pc - 8
core   0: 3 0x8000ef6c (0xbfe5)
core   0: 0x8000ef64 (0x00001f17) auipc   t5, 0x1
core   0: 3 0x8000ef64 (0x00001f17) x30 0x8000ff64
core   0: 0x8000ef68 (0x083f2e23) sw      gp, 156(t5)
core   0: 3 0x8000ef68 (0x083f2e23) mem 0x80010000 0x00000001
core   0: 0x8000ef6c (0x0000bfe5) c.j     pc - 8
core   0: 3 0x8000ef6c (0xbfe5)
core   0: 0x8000ef64 (0x00001f17) auipc   t5, 0x1
core   0: 3 0x8000ef64 (0x00001f17) x30 0x8000ff64
core   0: 0x8000ef68 (0x083f2e23) sw      gp, 156(t5)
core   0: 3 0x8000ef68 (0x083f2e23) mem 0x80010000 0x00000001
core   0: 0x8000ef6c (0x0000bfe5) c.j     pc - 8
core   0: 3 0x8000ef6c (0xbfe5)
core   0: 0x8000ef64 (0x00001f17) auipc   t5, 0x1
core   0: 3 0x8000ef64 (0x00001f17) x30 0x8000ff64
core   0: 0x8000ef68 (0x083f2e23) sw      gp, 156(t5)
core   0: 3 0x8000ef68 (0x083f2e23) mem 0x80010000 0x00000001
core   0: 0x8000ef6c (0x0000bfe5) c.j     pc - 8
core   0: 3 0x8000ef6c (0xbfe5)
core   0: 0x8000ef64 (0x00001f17) auipc   t5, 0x1
core   0: 3 0x8000ef64 (0x00001f17) x30 0x8000ff64
core   0: 0x8000ef68 (0x083f2e23) sw      gp, 156(t5)
core   0: 3 0x8000ef68 (0x083f2e23) mem 0x80010000 0x00000001
core   0: 0x8000ef6c (0x0000bfe5) c.j     pc - 8
core   0: 3 0x8000ef6c (0xbfe5)
core   0: 0x8000ef64 (0x00001f17) auipc   t5, 0x1
core   0: 3 0x8000ef64 (0x00001f17) x30 0x8000ff64
core   0: 0x8000ef68 (0x083f2e23) sw      gp, 156(t5)
core   0: 3 0x8000ef68 (0x083f2e23) mem 0x80010000 0x00000001
core   0: 0x8000ef6c (0x0000bfe5) c.j     pc - 8
core   0: 3 0x8000ef6c (0xbfe5)
core   0: 0x8000ef64 (0x00001f17) auipc   t5, 0x1
core   0: 3 0x8000ef64 (0x00001f17) x30 0x8000ff64
core   0: 0x8000ef68 (0x083f2e23) sw      gp, 156(t5)
core   0: 3 0x8000ef68 (0x083f2e23) mem 0x80010000 0x00000001
core   0: 0x8000ef6c (0x0000bfe5) c.j     pc - 8
core   0: 3 0x8000ef6c (0xbfe5)
core   0: 0x8000ef64 (0x00001f17) auipc   t5, 0x1
core   0: 3 0x8000ef64 (0x00001f17) x30 0x8000ff64
core   0: 0x8000ef68 (0x083f2e23) sw      gp, 156(t5)
core   0: 3 0x8000ef68 (0x083f2e23) mem 0x80010000 0x00000001
core   0: 0x8000ef6c (0x0000bfe5) c.j     pc - 8
core   0: 3 0x8000ef6c (0xbfe5)
core   0: 0x8000ef64 (0x00001f17) auipc   t5, 0x1
core   0: 3 0x8000ef64 (0x00001f17) x30 0x8000ff64
core   0: 0x8000ef68 (0x083f2e23) sw      gp, 156(t5)
core   0: 3 0x8000ef68 (0x083f2e23) mem 0x80010000 0x00000001
core   0: 0x8000ef6c (0x0000bfe5) c.j     pc - 8
core   0: 3 0x8000ef6c (0xbfe5)
core   0: 0x8000ef64 (0x00001f17) auipc   t5, 0x1
core   0: 3 0x8000ef64 (0x00001f17) x30 0x8000ff64
core   0: 0x8000ef68 (0x083f2e23) sw      gp, 156(t5)
core   0: 3 0x8000ef68 (0x083f2e23) mem 0x80010000 0x00000001
core   0: 0x8000ef6c (0x0000bfe5) c.j     pc - 8
core   0: 3 0x8000ef6c (0xbfe5)
core   0: 0x8000ef64 (0x00001f17) auipc   t5, 0x1
core   0: 3 0x8000ef64 (0x00001f17) x30 0x8000ff64
core   0: 0x8000ef68 (0x083f2e23) sw      gp, 156(t5)
core   0: 3 0x8000ef68 (0x083f2e23) mem 0x80010000 0x00000001
core   0: 0x8000ef6c (0x0000bfe5) c.j     pc - 8
core   0: 3 0x8000ef6c (0xbfe5)
core   0: 0x8000ef64 (0x00001f17) auipc   t5, 0x1
core   0: 3 0x8000ef64 (0x00001f17) x30 0x8000ff64
core   0: 0x8000ef68 (0x083f2e23) sw      gp, 156(t5)
core   0: 3 0x8000ef68 (0x083f2e23) mem 0x80010000 0x00000001
core   0: 0x8000ef6c (0x0000bfe5) c.j     pc - 8
core   0: 3 0x8000ef6c (0xbfe5)
core   0: 0x8000ef64 (0x00001f17) auipc   t5, 0x1
core   0: 3 0x8000ef64 (0x00001f17) x30 0x8000ff64
core   0: 0x8000ef68 (0x083f2e23) sw      gp, 156(t5)
core   0: 3 0x8000ef68 (0x083f2e23) mem 0x80010000 0x00000001
core   0: 0x8000ef6c (0x0000bfe5) c.j     pc - 8
core   0: 3 0x8000ef6c (0xbfe5)
core   0: 0x8000ef64 (0x00001f17) auipc   t5, 0x1
core   0: 3 0x8000ef64 (0x00001f17) x30 0x8000ff64
core   0: 0x8000ef68 (0x083f2e23) sw      gp, 156(t5)
core   0: 3 0x8000ef68 (0x083f2e23) mem 0x80010000 0x00000001
core   0: 0x8000ef6c (0x0000bfe5) c.j     pc - 8
core   0: 3 0x8000ef6c (0xbfe5)
core   0: 0x8000ef64 (0x00001f17) auipc   t5, 0x1
core   0: 3 0x8000ef64 (0x00001f17) x30 0x8000ff64
core   0: 0x8000ef68 (0x083f2e23) sw      gp, 156(t5)
core   0: 3 0x8000ef68 (0x083f2e23) mem 0x80010000 0x00000001
core   0: 0x8000ef6c (0x0000bfe5) c.j     pc - 8
core   0: 3 0x8000ef6c (0xbfe5)
core   0: 0x8000ef64 (0x00001f17) auipc   t5, 0x1
core   0: 3 0x8000ef64 (0x00001f17) x30 0x8000ff64
core   0: 0x8000ef68 (0x083f2e23) sw      gp, 156(t5)
core   0: 3 0x8000ef68 (0x083f2e23) mem 0x80010000 0x00000001
core   0: 0x8000ef6c (0x0000bfe5) c.j     pc - 8
core   0: 3 0x8000ef6c (0xbfe5)
core   0: 0x8000ef64 (0x00001f17) auipc   t5, 0x1
core   0: 3 0x8000ef64 (0x00001f17) x30 0x8000ff64
core   0: 0x8000ef68 (0x083f2e23) sw      gp, 156(t5)
core   0: 3 0x8000ef68 (0x083f2e23) mem 0x80010000 0x00000001
core   0: 0x8000ef6c (0x0000bfe5) c.j     pc - 8
core   0: 3 0x8000ef6c (0xbfe5)
core   0: 0x8000ef64 (0x00001f17) auipc   t5, 0x1
core   0: 3 0x8000ef64 (0x00001f17) x30 0x8000ff64
core   0: 0x8000ef68 (0x083f2e23) sw      gp, 156(t5)
core   0: 3 0x8000ef68 (0x083f2e23) mem 0x80010000 0x00000001
core   0: 0x8000ef6c (0x0000bfe5) c.j     pc - 8
core   0: 3 0x8000ef6c (0xbfe5)
core   0: 0x8000ef64 (0x00001f17) auipc   t5, 0x1
core   0: 3 0x8000ef64 (0x00001f17) x30 0x8000ff64
core   0: 0x8000ef68 (0x083f2e23) sw      gp, 156(t5)
core   0: 3 0x8000ef68 (0x083f2e23) mem 0x80010000 0x00000001
core   0: 0x8000ef6c (0x0000bfe5) c.j     pc - 8
core   0: 3 0x8000ef6c (0xbfe5)
core   0: 0x8000ef64 (0x00001f17) auipc   t5, 0x1
core   0: 3 0x8000ef64 (0x00001f17) x30 0x8000ff64
core   0: 0x8000ef68 (0x083f2e23) sw      gp, 156(t5)
core   0: 3 0x8000ef68 (0x083f2e23) mem 0x80010000 0x00000001
core   0: 0x8000ef6c (0x0000bfe5) c.j     pc - 8
core   0: 3 0x8000ef6c (0xbfe5)
core   0: 0x8000ef64 (0x00001f17) auipc   t5, 0x1
core   0: 3 0x8000ef64 (0x00001f17) x30 0x8000ff64
core   0: 0x8000ef68 (0x083f2e23) sw      gp, 156(t5)
core   0: 3 0x8000ef68 (0x083f2e23) mem 0x80010000 0x00000001
core   0: 0x8000ef6c (0x0000bfe5) c.j     pc - 8
core   0: 3 0x8000ef6c (0xbfe5)
core   0: 0x8000ef64 (0x00001f17) auipc   t5, 0x1
core   0: 3 0x8000ef64 (0x00001f17) x30 0x8000ff64
core   0: 0x8000ef68 (0x083f2e23) sw      gp, 156(t5)
core   0: 3 0x8000ef68 (0x083f2e23) mem 0x80010000 0x00000001
core   0: 0x8000ef6c (0x0000bfe5) c.j     pc - 8
core   0: 3 0x8000ef6c (0xbfe5)
core   0: 0x8000ef64 (0x00001f17) auipc   t5, 0x1
core   0: 3 0x8000ef64 (0x00001f17) x30 0x8000ff64
core   0: 0x8000ef68 (0x083f2e23) sw      gp, 156(t5)
core   0: 3 0x8000ef68 (0x083f2e23) mem 0x80010000 0x00000001
core   0: 0x8000ef6c (0x0000bfe5) c.j     pc - 8
core   0: 3 0x8000ef6c (0xbfe5)
core   0: 0x8000ef64 (0x00001f17) auipc   t5, 0x1
core   0: 3 0x8000ef64 (0x00001f17) x30 0x8000ff64
core   0: 0x8000ef68 (0x083f2e23) sw      gp, 156(t5)
core   0: 3 0x8000ef68 (0x083f2e23) mem 0x80010000 0x00000001
core   0: 0x8000ef6c (0x0000bfe5) c.j     pc - 8
core   0: 3 0x8000ef6c (0xbfe5)
core   0: 0x8000ef64 (0x00001f17) auipc   t5, 0x1
core   0: 3 0x8000ef64 (0x00001f17) x30 0x8000ff64
core   0: 0x8000ef68 (0x083f2e23) sw      gp, 156(t5)
core   0: 3 0x8000ef68 (0x083f2e23) mem 0x80010000 0x00000001
core   0: 0x8000ef6c (0x0000bfe5) c.j     pc - 8
core   0: 3 0x8000ef6c (0xbfe5)
core   0: 0x8000ef64 (0x00001f17) auipc   t5, 0x1
core   0: 3 0x8000ef64 (0x00001f17) x30 0x8000ff64
core   0: 0x8000ef68 (0x083f2e23) sw      gp, 156(t5)
core   0: 3 0x8000ef68 (0x083f2e23) mem 0x80010000 0x00000001
core   0: 0x8000ef6c (0x0000bfe5) c.j     pc - 8
core   0: 3 0x8000ef6c (0xbfe5)
core   0: 0x8000ef64 (0x00001f17) auipc   t5, 0x1
core   0: 3 0x8000ef64 (0x00001f17) x30 0x8000ff64
core   0: 0x8000ef68 (0x083f2e23) sw      gp, 156(t5)
core   0: 3 0x8000ef68 (0x083f2e23) mem 0x80010000 0x00000001
core   0: 0x8000ef6c (0x0000bfe5) c.j     pc - 8
core   0: 3 0x8000ef6c (0xbfe5)
core   0: 0x8000ef64 (0x00001f17) auipc   t5, 0x1
core   0: 3 0x8000ef64 (0x00001f17) x30 0x8000ff64
core   0: 0x8000ef68 (0x083f2e23) sw      gp, 156(t5)
core   0: 3 0x8000ef68 (0x083f2e23) mem 0x80010000 0x00000001
core   0: 0x8000ef6c (0x0000bfe5) c.j     pc - 8
core   0: 3 0x8000ef6c (0xbfe5)
core   0: 0x8000ef64 (0x00001f17) auipc   t5, 0x1
core   0: 3 0x8000ef64 (0x00001f17) x30 0x8000ff64
core   0: 0x8000ef68 (0x083f2e23) sw      gp, 156(t5)
core   0: 3 0x8000ef68 (0x083f2e23) mem 0x80010000 0x00000001
core   0: 0x8000ef6c (0x0000bfe5) c.j     pc - 8
core   0: 3 0x8000ef6c (0xbfe5)
core   0: 0x8000ef64 (0x00001f17) auipc   t5, 0x1
core   0: 3 0x8000ef64 (0x00001f17) x30 0x8000ff64
core   0: 0x8000ef68 (0x083f2e23) sw      gp, 156(t5)
core   0: 3 0x8000ef68 (0x083f2e23) mem 0x80010000 0x00000001
core   0: 0x8000ef6c (0x0000bfe5) c.j     pc - 8
core   0: 3 0x8000ef6c (0xbfe5)
core   0: 0x8000ef64 (0x00001f17) auipc   t5, 0x1
core   0: 3 0x8000ef64 (0x00001f17) x30 0x8000ff64
core   0: 0x8000ef68 (0x083f2e23) sw      gp, 156(t5)
core   0: 3 0x8000ef68 (0x083f2e23) mem 0x80010000 0x00000001
core   0: 0x8000ef6c (0x0000bfe5) c.j     pc - 8
core   0: 3 0x8000ef6c (0xbfe5)
core   0: 0x8000ef64 (0x00001f17) auipc   t5, 0x1
core   0: 3 0x8000ef64 (0x00001f17) x30 0x8000ff64
core   0: 0x8000ef68 (0x083f2e23) sw      gp, 156(t5)
core   0: 3 0x8000ef68 (0x083f2e23) mem 0x80010000 0x00000001
core   0: 0x8000ef6c (0x0000bfe5) c.j     pc - 8
core   0: 3 0x8000ef6c (0xbfe5)
core   0: 0x8000ef64 (0x00001f17) auipc   t5, 0x1
core   0: 3 0x8000ef64 (0x00001f17) x30 0x8000ff64
core   0: 0x8000ef68 (0x083f2e23) sw      gp, 156(t5)
core   0: 3 0x8000ef68 (0x083f2e23) mem 0x80010000 0x00000001
core   0: 0x8000ef6c (0x0000bfe5) c.j     pc - 8
core   0: 3 0x8000ef6c (0xbfe5)
core   0: 0x8000ef64 (0x00001f17) auipc   t5, 0x1
core   0: 3 0x8000ef64 (0x00001f17) x30 0x8000ff64
core   0: 0x8000ef68 (0x083f2e23) sw      gp, 156(t5)
core   0: 3 0x8000ef68 (0x083f2e23) mem 0x80010000 0x00000001
core   0: 0x8000ef6c (0x0000bfe5) c.j     pc - 8
core   0: 3 0x8000ef6c (0xbfe5)
core   0: 0x8000ef64 (0x00001f17) auipc   t5, 0x1
core   0: 3 0x8000ef64 (0x00001f17) x30 0x8000ff64
core   0: 0x8000ef68 (0x083f2e23) sw      gp, 156(t5)
core   0: 3 0x8000ef68 (0x083f2e23) mem 0x80010000 0x00000001
core   0: 0x8000ef6c (0x0000bfe5) c.j     pc - 8
core   0: 3 0x8000ef6c (0xbfe5)
core   0: 0x8000ef64 (0x00001f17) auipc   t5, 0x1
core   0: 3 0x8000ef64 (0x00001f17) x30 0x8000ff64
core   0: 0x8000ef68 (0x083f2e23) sw      gp, 156(t5)
core   0: 3 0x8000ef68 (0x083f2e23) mem 0x80010000 0x00000001
core   0: 0x8000ef6c (0x0000bfe5) c.j     pc - 8
core   0: 3 0x8000ef6c (0xbfe5)
core   0: 0x8000ef64 (0x00001f17) auipc   t5, 0x1
core   0: 3 0x8000ef64 (0x00001f17) x30 0x8000ff64
core   0: 0x8000ef68 (0x083f2e23) sw      gp, 156(t5)
core   0: 3 0x8000ef68 (0x083f2e23) mem 0x80010000 0x00000001
core   0: 0x8000ef6c (0x0000bfe5) c.j     pc - 8
core   0: 3 0x8000ef6c (0xbfe5)
core   0: 0x8000ef64 (0x00001f17) auipc   t5, 0x1
core   0: 3 0x8000ef64 (0x00001f17) x30 0x8000ff64
core   0: 0x8000ef68 (0x083f2e23) sw      gp, 156(t5)
core   0: 3 0x8000ef68 (0x083f2e23) mem 0x80010000 0x00000001
core   0: 0x8000ef6c (0x0000bfe5) c.j     pc - 8
core   0: 3 0x8000ef6c (0xbfe5)
core   0: 0x8000ef64 (0x00001f17) auipc   t5, 0x1
core   0: 3 0x8000ef64 (0x00001f17) x30 0x8000ff64
core   0: 0x8000ef68 (0x083f2e23) sw      gp, 156(t5)
core   0: 3 0x8000ef68 (0x083f2e23) mem 0x80010000 0x00000001
core   0: 0x8000ef6c (0x0000bfe5) c.j     pc - 8
core   0: 3 0x8000ef6c (0xbfe5)
core   0: 0x8000ef64 (0x00001f17) auipc   t5, 0x1
core   0: 3 0x8000ef64 (0x00001f17) x30 0x8000ff64
core   0: 0x8000ef68 (0x083f2e23) sw      gp, 156(t5)
core   0: 3 0x8000ef68 (0x083f2e23) mem 0x80010000 0x00000001
core   0: 0x8000ef6c (0x0000bfe5) c.j     pc - 8
core   0: 3 0x8000ef6c (0xbfe5)
core   0: 0x8000ef64 (0x00001f17) auipc   t5, 0x1
core   0: 3 0x8000ef64 (0x00001f17) x30 0x8000ff64
core   0: 0x8000ef68 (0x083f2e23) sw      gp, 156(t5)
core   0: 3 0x8000ef68 (0x083f2e23) mem 0x80010000 0x00000001
core   0: 0x8000ef6c (0x0000bfe5) c.j     pc - 8
core   0: 3 0x8000ef6c (0xbfe5)
core   0: 0x8000ef64 (0x00001f17) auipc   t5, 0x1
core   0: 3 0x8000ef64 (0x00001f17) x30 0x8000ff64
core   0: 0x8000ef68 (0x083f2e23) sw      gp, 156(t5)
core   0: 3 0x8000ef68 (0x083f2e23) mem 0x80010000 0x00000001
core   0: 0x8000ef6c (0x0000bfe5) c.j     pc - 8
core   0: 3 0x8000ef6c (0xbfe5)
core   0: 0x8000ef64 (0x00001f17) auipc   t5, 0x1
core   0: 3 0x8000ef64 (0x00001f17) x30 0x8000ff64
core   0: 0x8000ef68 (0x083f2e23) sw      gp, 156(t5)
core   0: 3 0x8000ef68 (0x083f2e23) mem 0x80010000 0x00000001
core   0: 0x8000ef6c (0x0000bfe5) c.j     pc - 8
core   0: 3 0x8000ef6c (0xbfe5)
core   0: 0x8000ef64 (0x00001f17) auipc   t5, 0x1
core   0: 3 0x8000ef64 (0x00001f17) x30 0x8000ff64
core   0: 0x8000ef68 (0x083f2e23) sw      gp, 156(t5)
core   0: 3 0x8000ef68 (0x083f2e23) mem 0x80010000 0x00000001
core   0: 0x8000ef6c (0x0000bfe5) c.j     pc - 8
core   0: 3 0x8000ef6c (0xbfe5)
core   0: 0x8000ef64 (0x00001f17) auipc   t5, 0x1
core   0: 3 0x8000ef64 (0x00001f17) x30 0x8000ff64
core   0: 0x8000ef68 (0x083f2e23) sw      gp, 156(t5)
core   0: 3 0x8000ef68 (0x083f2e23) mem 0x80010000 0x00000001
core   0: 0x8000ef6c (0x0000bfe5) c.j     pc - 8
core   0: 3 0x8000ef6c (0xbfe5)
core   0: 0x8000ef64 (0x00001f17) auipc   t5, 0x1
core   0: 3 0x8000ef64 (0x00001f17) x30 0x8000ff64
core   0: 0x8000ef68 (0x083f2e23) sw      gp, 156(t5)
core   0: 3 0x8000ef68 (0x083f2e23) mem 0x80010000 0x00000001
core   0: 0x8000ef6c (0x0000bfe5) c.j     pc - 8
core   0: 3 0x8000ef6c (0xbfe5)
core   0: 0x8000ef64 (0x00001f17) auipc   t5, 0x1
core   0: 3 0x8000ef64 (0x00001f17) x30 0x8000ff64
core   0: 0x8000ef68 (0x083f2e23) sw      gp, 156(t5)
core   0: 3 0x8000ef68 (0x083f2e23) mem 0x80010000 0x00000001
core   0: 0x8000ef6c (0x0000bfe5) c.j     pc - 8
core   0: 3 0x8000ef6c (0xbfe5)
core   0: 0x8000ef64 (0x00001f17) auipc   t5, 0x1
core   0: 3 0x8000ef64 (0x00001f17) x30 0x8000ff64
core   0: 0x8000ef68 (0x083f2e23) sw      gp, 156(t5)
core   0: 3 0x8000ef68 (0x083f2e23) mem 0x80010000 0x00000001
core   0: 0x8000ef6c (0x0000bfe5) c.j     pc - 8
core   0: 3 0x8000ef6c (0xbfe5)
core   0: 0x8000ef64 (0x00001f17) auipc   t5, 0x1
core   0: 3 0x8000ef64 (0x00001f17) x30 0x8000ff64
core   0: 0x8000ef68 (0x083f2e23) sw      gp, 156(t5)
core   0: 3 0x8000ef68 (0x083f2e23) mem 0x80010000 0x00000001
core   0: 0x8000ef6c (0x0000bfe5) c.j     pc - 8
core   0: 3 0x8000ef6c (0xbfe5)
core   0: 0x8000ef64 (0x00001f17) auipc   t5, 0x1
core   0: 3 0x8000ef64 (0x00001f17) x30 0x8000ff64
core   0: 0x8000ef68 (0x083f2e23) sw      gp, 156(t5)
core   0: 3 0x8000ef68 (0x083f2e23) mem 0x80010000 0x00000001
core   0: 0x8000ef6c (0x0000bfe5) c.j     pc - 8
core   0: 3 0x8000ef6c (0xbfe5)
core   0: 0x8000ef64 (0x00001f17) auipc   t5, 0x1
core   0: 3 0x8000ef64 (0x00001f17) x30 0x8000ff64
core   0: 0x8000ef68 (0x083f2e23) sw      gp, 156(t5)
core   0: 3 0x8000ef68 (0x083f2e23) mem 0x80010000 0x00000001
core   0: 0x8000ef6c (0x0000bfe5) c.j     pc - 8
core   0: 3 0x8000ef6c (0xbfe5)
core   0: 0x8000ef64 (0x00001f17) auipc   t5, 0x1
core   0: 3 0x8000ef64 (0x00001f17) x30 0x8000ff64
core   0: 0x8000ef68 (0x083f2e23) sw      gp, 156(t5)
core   0: 3 0x8000ef68 (0x083f2e23) mem 0x80010000 0x00000001
core   0: 0x8000ef6c (0x0000bfe5) c.j     pc - 8
core   0: 3 0x8000ef6c (0xbfe5)
core   0: 0x8000ef64 (0x00001f17) auipc   t5, 0x1
core   0: 3 0x8000ef64 (0x00001f17) x30 0x8000ff64
core   0: 0x8000ef68 (0x083f2e23) sw      gp, 156(t5)
core   0: 3 0x8000ef68 (0x083f2e23) mem 0x80010000 0x00000001
core   0: 0x8000ef6c (0x0000bfe5) c.j     pc - 8
core   0: 3 0x8000ef6c (0xbfe5)
core   0: 0x8000ef64 (0x00001f17) auipc   t5, 0x1
core   0: 3 0x8000ef64 (0x00001f17) x30 0x8000ff64
core   0: 0x8000ef68 (0x083f2e23) sw      gp, 156(t5)
core   0: 3 0x8000ef68 (0x083f2e23) mem 0x80010000 0x00000001
core   0: 0x8000ef6c (0x0000bfe5) c.j     pc - 8
core   0: 3 0x8000ef6c (0xbfe5)
core   0: 0x8000ef64 (0x00001f17) auipc   t5, 0x1
core   0: 3 0x8000ef64 (0x00001f17) x30 0x8000ff64
core   0: 0x8000ef68 (0x083f2e23) sw      gp, 156(t5)
core   0: 3 0x8000ef68 (0x083f2e23) mem 0x80010000 0x00000001
core   0: 0x8000ef6c (0x0000bfe5) c.j     pc - 8
core   0: 3 0x8000ef6c (0xbfe5)
core   0: 0x8000ef64 (0x00001f17) auipc   t5, 0x1
core   0: 3 0x8000ef64 (0x00001f17) x30 0x8000ff64
core   0: 0x8000ef68 (0x083f2e23) sw      gp, 156(t5)
core   0: 3 0x8000ef68 (0x083f2e23) mem 0x80010000 0x00000001
core   0: 0x8000ef6c (0x0000bfe5) c.j     pc - 8
core   0: 3 0x8000ef6c (0xbfe5)
core   0: 0x8000ef64 (0x00001f17) auipc   t5, 0x1
core   0: 3 0x8000ef64 (0x00001f17) x30 0x8000ff64
core   0: 0x8000ef68 (0x083f2e23) sw      gp, 156(t5)
core   0: 3 0x8000ef68 (0x083f2e23) mem 0x80010000 0x00000001
core   0: 0x8000ef6c (0x0000bfe5) c.j     pc - 8
core   0: 3 0x8000ef6c (0xbfe5)
core   0: 0x8000ef64 (0x00001f17) auipc   t5, 0x1
core   0: 3 0x8000ef64 (0x00001f17) x30 0x8000ff64
core   0: 0x8000ef68 (0x083f2e23) sw      gp, 156(t5)
core   0: 3 0x8000ef68 (0x083f2e23) mem 0x80010000 0x00000001
core   0: 0x8000ef6c (0x0000bfe5) c.j     pc - 8
core   0: 3 0x8000ef6c (0xbfe5)
core   0: 0x8000ef64 (0x00001f17) auipc   t5, 0x1
core   0: 3 0x8000ef64 (0x00001f17) x30 0x8000ff64
core   0: 0x8000ef68 (0x083f2e23) sw      gp, 156(t5)
core   0: 3 0x8000ef68 (0x083f2e23) mem 0x80010000 0x00000001
core   0: 0x8000ef6c (0x0000bfe5) c.j     pc - 8
core   0: 3 0x8000ef6c (0xbfe5)
core   0: 0x8000ef64 (0x00001f17) auipc   t5, 0x1
core   0: 3 0x8000ef64 (0x00001f17) x30 0x8000ff64
core   0: 0x8000ef68 (0x083f2e23) sw      gp, 156(t5)
core   0: 3 0x8000ef68 (0x083f2e23) mem 0x80010000 0x00000001
core   0: 0x8000ef6c (0x0000bfe5) c.j     pc - 8
core   0: 3 0x8000ef6c (0xbfe5)
core   0: 0x8000ef64 (0x00001f17) auipc   t5, 0x1
core   0: 3 0x8000ef64 (0x00001f17) x30 0x8000ff64
core   0: 0x8000ef68 (0x083f2e23) sw      gp, 156(t5)
core   0: 3 0x8000ef68 (0x083f2e23) mem 0x80010000 0x00000001
core   0: 0x8000ef6c (0x0000bfe5) c.j     pc - 8
core   0: 3 0x8000ef6c (0xbfe5)
core   0: 0x8000ef64 (0x00001f17) auipc   t5, 0x1
core   0: 3 0x8000ef64 (0x00001f17) x30 0x8000ff64
core   0: 0x8000ef68 (0x083f2e23) sw      gp, 156(t5)
core   0: 3 0x8000ef68 (0x083f2e23) mem 0x80010000 0x00000001
core   0: 0x8000ef6c (0x0000bfe5) c.j     pc - 8
core   0: 3 0x8000ef6c (0xbfe5)
core   0: 0x8000ef64 (0x00001f17) auipc   t5, 0x1
core   0: 3 0x8000ef64 (0x00001f17) x30 0x8000ff64
core   0: 0x8000ef68 (0x083f2e23) sw      gp, 156(t5)
core   0: 3 0x8000ef68 (0x083f2e23) mem 0x80010000 0x00000001
core   0: 0x8000ef6c (0x0000bfe5) c.j     pc - 8
core   0: 3 0x8000ef6c (0xbfe5)
core   0: 0x8000ef64 (0x00001f17) auipc   t5, 0x1
core   0: 3 0x8000ef64 (0x00001f17) x30 0x8000ff64
core   0: 0x8000ef68 (0x083f2e23) sw      gp, 156(t5)
core   0: 3 0x8000ef68 (0x083f2e23) mem 0x80010000 0x00000001
core   0: 0x8000ef6c (0x0000bfe5) c.j     pc - 8
core   0: 3 0x8000ef6c (0xbfe5)
core   0: 0x8000ef64 (0x00001f17) auipc   t5, 0x1
core   0: 3 0x8000ef64 (0x00001f17) x30 0x8000ff64
core   0: 0x8000ef68 (0x083f2e23) sw      gp, 156(t5)
core   0: 3 0x8000ef68 (0x083f2e23) mem 0x80010000 0x00000001
core   0: 0x8000ef6c (0x0000bfe5) c.j     pc - 8
core   0: 3 0x8000ef6c (0xbfe5)
core   0: 0x8000ef64 (0x00001f17) auipc   t5, 0x1
core   0: 3 0x8000ef64 (0x00001f17) x30 0x8000ff64
core   0: 0x8000ef68 (0x083f2e23) sw      gp, 156(t5)
core   0: 3 0x8000ef68 (0x083f2e23) mem 0x80010000 0x00000001
core   0: 0x8000ef6c (0x0000bfe5) c.j     pc - 8
core   0: 3 0x8000ef6c (0xbfe5)
core   0: 0x8000ef64 (0x00001f17) auipc   t5, 0x1
core   0: 3 0x8000ef64 (0x00001f17) x30 0x8000ff64
core   0: 0x8000ef68 (0x083f2e23) sw      gp, 156(t5)
core   0: 3 0x8000ef68 (0x083f2e23) mem 0x80010000 0x00000001
core   0: 0x8000ef6c (0x0000bfe5) c.j     pc - 8
core   0: 3 0x8000ef6c (0xbfe5)
core   0: 0x8000ef64 (0x00001f17) auipc   t5, 0x1
core   0: 3 0x8000ef64 (0x00001f17) x30 0x8000ff64
core   0: 0x8000ef68 (0x083f2e23) sw      gp, 156(t5)
core   0: 3 0x8000ef68 (0x083f2e23) mem 0x80010000 0x00000001
core   0: 0x8000ef6c (0x0000bfe5) c.j     pc - 8
core   0: 3 0x8000ef6c (0xbfe5)
core   0: 0x8000ef64 (0x00001f17) auipc   t5, 0x1
core   0: 3 0x8000ef64 (0x00001f17) x30 0x8000ff64
core   0: 0x8000ef68 (0x083f2e23) sw      gp, 156(t5)
core   0: 3 0x8000ef68 (0x083f2e23) mem 0x80010000 0x00000001
core   0: 0x8000ef6c (0x0000bfe5) c.j     pc - 8
core   0: 3 0x8000ef6c (0xbfe5)
core   0: 0x8000ef64 (0x00001f17) auipc   t5, 0x1
core   0: 3 0x8000ef64 (0x00001f17) x30 0x8000ff64
core   0: 0x8000ef68 (0x083f2e23) sw      gp, 156(t5)
core   0: 3 0x8000ef68 (0x083f2e23) mem 0x80010000 0x00000001
core   0: 0x8000ef6c (0x0000bfe5) c.j     pc - 8
core   0: 3 0x8000ef6c (0xbfe5)
core   0: 0x8000ef64 (0x00001f17) auipc   t5, 0x1
core   0: 3 0x8000ef64 (0x00001f17) x30 0x8000ff64
core   0: 0x8000ef68 (0x083f2e23) sw      gp, 156(t5)
core   0: 3 0x8000ef68 (0x083f2e23) mem 0x80010000 0x00000001
core   0: 0x8000ef6c (0x0000bfe5) c.j     pc - 8
core   0: 3 0x8000ef6c (0xbfe5)
core   0: 0x8000ef64 (0x00001f17) auipc   t5, 0x1
core   0: 3 0x8000ef64 (0x00001f17) x30 0x8000ff64
core   0: 0x8000ef68 (0x083f2e23) sw      gp, 156(t5)
core   0: 3 0x8000ef68 (0x083f2e23) mem 0x80010000 0x00000001
core   0: 0x8000ef6c (0x0000bfe5) c.j     pc - 8
core   0: 3 0x8000ef6c (0xbfe5)
core   0: 0x8000ef64 (0x00001f17) auipc   t5, 0x1
core   0: 3 0x8000ef64 (0x00001f17) x30 0x8000ff64
core   0: 0x8000ef68 (0x083f2e23) sw      gp, 156(t5)
core   0: 3 0x8000ef68 (0x083f2e23) mem 0x80010000 0x00000001
core   0: 0x8000ef6c (0x0000bfe5) c.j     pc - 8
core   0: 3 0x8000ef6c (0xbfe5)
core   0: 0x8000ef64 (0x00001f17) auipc   t5, 0x1
core   0: 3 0x8000ef64 (0x00001f17) x30 0x8000ff64
core   0: 0x8000ef68 (0x083f2e23) sw      gp, 156(t5)
core   0: 3 0x8000ef68 (0x083f2e23) mem 0x80010000 0x00000001
core   0: 0x8000ef6c (0x0000bfe5) c.j     pc - 8
core   0: 3 0x8000ef6c (0xbfe5)
core   0: 0x8000ef64 (0x00001f17) auipc   t5, 0x1
core   0: 3 0x8000ef64 (0x00001f17) x30 0x8000ff64
core   0: 0x8000ef68 (0x083f2e23) sw      gp, 156(t5)
core   0: 3 0x8000ef68 (0x083f2e23) mem 0x80010000 0x00000001
core   0: 0x8000ef6c (0x0000bfe5) c.j     pc - 8
core   0: 3 0x8000ef6c (0xbfe5)
core   0: 0x8000ef64 (0x00001f17) auipc   t5, 0x1
core   0: 3 0x8000ef64 (0x00001f17) x30 0x8000ff64
core   0: 0x8000ef68 (0x083f2e23) sw      gp, 156(t5)
core   0: 3 0x8000ef68 (0x083f2e23) mem 0x80010000 0x00000001
core   0: 0x8000ef6c (0x0000bfe5) c.j     pc - 8
core   0: 3 0x8000ef6c (0xbfe5)
core   0: 0x8000ef64 (0x00001f17) auipc   t5, 0x1
core   0: 3 0x8000ef64 (0x00001f17) x30 0x8000ff64
core   0: 0x8000ef68 (0x083f2e23) sw      gp, 156(t5)
core   0: 3 0x8000ef68 (0x083f2e23) mem 0x80010000 0x00000001
core   0: 0x8000ef6c (0x0000bfe5) c.j     pc - 8
core   0: 3 0x8000ef6c (0xbfe5)
core   0: 0x8000ef64 (0x00001f17) auipc   t5, 0x1
core   0: 3 0x8000ef64 (0x00001f17) x30 0x8000ff64
core   0: 0x8000ef68 (0x083f2e23) sw      gp, 156(t5)
core   0: 3 0x8000ef68 (0x083f2e23) mem 0x80010000 0x00000001
core   0: 0x8000ef6c (0x0000bfe5) c.j     pc - 8
core   0: 3 0x8000ef6c (0xbfe5)
core   0: 0x8000ef64 (0x00001f17) auipc   t5, 0x1
core   0: 3 0x8000ef64 (0x00001f17) x30 0x8000ff64
core   0: 0x8000ef68 (0x083f2e23) sw      gp, 156(t5)
core   0: 3 0x8000ef68 (0x083f2e23) mem 0x80010000 0x00000001
core   0: 0x8000ef6c (0x0000bfe5) c.j     pc - 8
core   0: 3 0x8000ef6c (0xbfe5)
core   0: 0x8000ef64 (0x00001f17) auipc   t5, 0x1
core   0: 3 0x8000ef64 (0x00001f17) x30 0x8000ff64
core   0: 0x8000ef68 (0x083f2e23) sw      gp, 156(t5)
core   0: 3 0x8000ef68 (0x083f2e23) mem 0x80010000 0x00000001
core   0: 0x8000ef6c (0x0000bfe5) c.j     pc - 8
core   0: 3 0x8000ef6c (0xbfe5)
core   0: 0x8000ef64 (0x00001f17) auipc   t5, 0x1
core   0: 3 0x8000ef64 (0x00001f17) x30 0x8000ff64
core   0: 0x8000ef68 (0x083f2e23) sw      gp, 156(t5)
core   0: 3 0x8000ef68 (0x083f2e23) mem 0x80010000 0x00000001
core   0: 0x8000ef6c (0x0000bfe5) c.j     pc - 8
core   0: 3 0x8000ef6c (0xbfe5)
core   0: 0x8000ef64 (0x00001f17) auipc   t5, 0x1
core   0: 3 0x8000ef64 (0x00001f17) x30 0x8000ff64
core   0: 0x8000ef68 (0x083f2e23) sw      gp, 156(t5)
core   0: 3 0x8000ef68 (0x083f2e23) mem 0x80010000 0x00000001
core   0: 0x8000ef6c (0x0000bfe5) c.j     pc - 8
core   0: 3 0x8000ef6c (0xbfe5)
core   0: 0x8000ef64 (0x00001f17) auipc   t5, 0x1
core   0: 3 0x8000ef64 (0x00001f17) x30 0x8000ff64
core   0: 0x8000ef68 (0x083f2e23) sw      gp, 156(t5)
core   0: 3 0x8000ef68 (0x083f2e23) mem 0x80010000 0x00000001
core   0: 0x8000ef6c (0x0000bfe5) c.j     pc - 8
core   0: 3 0x8000ef6c (0xbfe5)
core   0: 0x8000ef64 (0x00001f17) auipc   t5, 0x1
core   0: 3 0x8000ef64 (0x00001f17) x30 0x8000ff64
core   0: 0x8000ef68 (0x083f2e23) sw      gp, 156(t5)
core   0: 3 0x8000ef68 (0x083f2e23) mem 0x80010000 0x00000001
core   0: 0x8000ef6c (0x0000bfe5) c.j     pc - 8
core   0: 3 0x8000ef6c (0xbfe5)
core   0: 0x8000ef64 (0x00001f17) auipc   t5, 0x1
core   0: 3 0x8000ef64 (0x00001f17) x30 0x8000ff64
core   0: 0x8000ef68 (0x083f2e23) sw      gp, 156(t5)
core   0: 3 0x8000ef68 (0x083f2e23) mem 0x80010000 0x00000001
core   0: 0x8000ef6c (0x0000bfe5) c.j     pc - 8
core   0: 3 0x8000ef6c (0xbfe5)
core   0: 0x8000ef64 (0x00001f17) auipc   t5, 0x1
core   0: 3 0x8000ef64 (0x00001f17) x30 0x8000ff64
core   0: 0x8000ef68 (0x083f2e23) sw      gp, 156(t5)
core   0: 3 0x8000ef68 (0x083f2e23) mem 0x80010000 0x00000001
core   0: 0x8000ef6c (0x0000bfe5) c.j     pc - 8
core   0: 3 0x8000ef6c (0xbfe5)
core   0: 0x8000ef64 (0x00001f17) auipc   t5, 0x1
core   0: 3 0x8000ef64 (0x00001f17) x30 0x8000ff64
core   0: 0x8000ef68 (0x083f2e23) sw      gp, 156(t5)
core   0: 3 0x8000ef68 (0x083f2e23) mem 0x80010000 0x00000001
core   0: 0x8000ef6c (0x0000bfe5) c.j     pc - 8
core   0: 3 0x8000ef6c (0xbfe5)
core   0: 0x8000ef64 (0x00001f17) auipc   t5, 0x1
core   0: 3 0x8000ef64 (0x00001f17) x30 0x8000ff64
core   0: 0x8000ef68 (0x083f2e23) sw      gp, 156(t5)
core   0: 3 0x8000ef68 (0x083f2e23) mem 0x80010000 0x00000001
core   0: 0x8000ef6c (0x0000bfe5) c.j     pc - 8
core   0: 3 0x8000ef6c (0xbfe5)
core   0: 0x8000ef64 (0x00001f17) auipc   t5, 0x1
core   0: 3 0x8000ef64 (0x00001f17) x30 0x8000ff64
core   0: 0x8000ef68 (0x083f2e23) sw      gp, 156(t5)
core   0: 3 0x8000ef68 (0x083f2e23) mem 0x80010000 0x00000001
core   0: 0x8000ef6c (0x0000bfe5) c.j     pc - 8
core   0: 3 0x8000ef6c (0xbfe5)
core   0: 0x8000ef64 (0x00001f17) auipc   t5, 0x1
core   0: 3 0x8000ef64 (0x00001f17) x30 0x8000ff64
core   0: 0x8000ef68 (0x083f2e23) sw      gp, 156(t5)
core   0: 3 0x8000ef68 (0x083f2e23) mem 0x80010000 0x00000001
core   0: 0x8000ef6c (0x0000bfe5) c.j     pc - 8
core   0: 3 0x8000ef6c (0xbfe5)
core   0: 0x8000ef64 (0x00001f17) auipc   t5, 0x1
core   0: 3 0x8000ef64 (0x00001f17) x30 0x8000ff64
core   0: 0x8000ef68 (0x083f2e23) sw      gp, 156(t5)
core   0: 3 0x8000ef68 (0x083f2e23) mem 0x80010000 0x00000001
core   0: 0x8000ef6c (0x0000bfe5) c.j     pc - 8
core   0: 3 0x8000ef6c (0xbfe5)
core   0: 0x8000ef64 (0x00001f17) auipc   t5, 0x1
core   0: 3 0x8000ef64 (0x00001f17) x30 0x8000ff64
core   0: 0x8000ef68 (0x083f2e23) sw      gp, 156(t5)
core   0: 3 0x8000ef68 (0x083f2e23) mem 0x80010000 0x00000001
core   0: 0x8000ef6c (0x0000bfe5) c.j     pc - 8
core   0: 3 0x8000ef6c (0xbfe5)
core   0: 0x8000ef64 (0x00001f17) auipc   t5, 0x1
core   0: 3 0x8000ef64 (0x00001f17) x30 0x8000ff64
core   0: 0x8000ef68 (0x083f2e23) sw      gp, 156(t5)
core   0: 3 0x8000ef68 (0x083f2e23) mem 0x80010000 0x00000001
core   0: 0x8000ef6c (0x0000bfe5) c.j     pc - 8
core   0: 3 0x8000ef6c (0xbfe5)
core   0: 0x8000ef64 (0x00001f17) auipc   t5, 0x1
core   0: 3 0x8000ef64 (0x00001f17) x30 0x8000ff64
core   0: 0x8000ef68 (0x083f2e23) sw      gp, 156(t5)
core   0: 3 0x8000ef68 (0x083f2e23) mem 0x80010000 0x00000001
core   0: 0x8000ef6c (0x0000bfe5) c.j     pc - 8
core   0: 3 0x8000ef6c (0xbfe5)
core   0: 0x8000ef64 (0x00001f17) auipc   t5, 0x1
core   0: 3 0x8000ef64 (0x00001f17) x30 0x8000ff64
core   0: 0x8000ef68 (0x083f2e23) sw      gp, 156(t5)
core   0: 3 0x8000ef68 (0x083f2e23) mem 0x80010000 0x00000001
core   0: 0x8000ef6c (0x0000bfe5) c.j     pc - 8
core   0: 3 0x8000ef6c (0xbfe5)
core   0: 0x8000ef64 (0x00001f17) auipc   t5, 0x1
core   0: 3 0x8000ef64 (0x00001f17) x30 0x8000ff64
core   0: 0x8000ef68 (0x083f2e23) sw      gp, 156(t5)
core   0: 3 0x8000ef68 (0x083f2e23) mem 0x80010000 0x00000001
core   0: 0x8000ef6c (0x0000bfe5) c.j     pc - 8
core   0: 3 0x8000ef6c (0xbfe5)
core   0: 0x8000ef64 (0x00001f17) auipc   t5, 0x1
core   0: 3 0x8000ef64 (0x00001f17) x30 0x8000ff64
core   0: 0x8000ef68 (0x083f2e23) sw      gp, 156(t5)
core   0: 3 0x8000ef68 (0x083f2e23) mem 0x80010000 0x00000001
core   0: 0x8000ef6c (0x0000bfe5) c.j     pc - 8
core   0: 3 0x8000ef6c (0xbfe5)
core   0: 0x8000ef64 (0x00001f17) auipc   t5, 0x1
core   0: 3 0x8000ef64 (0x00001f17) x30 0x8000ff64
core   0: 0x8000ef68 (0x083f2e23) sw      gp, 156(t5)
core   0: 3 0x8000ef68 (0x083f2e23) mem 0x80010000 0x00000001
core   0: 0x8000ef6c (0x0000bfe5) c.j     pc - 8
core   0: 3 0x8000ef6c (0xbfe5)
core   0: 0x8000ef64 (0x00001f17) auipc   t5, 0x1
core   0: 3 0x8000ef64 (0x00001f17) x30 0x8000ff64
core   0: 0x8000ef68 (0x083f2e23) sw      gp, 156(t5)
core   0: 3 0x8000ef68 (0x083f2e23) mem 0x80010000 0x00000001
core   0: 0x8000ef6c (0x0000bfe5) c.j     pc - 8
core   0: 3 0x8000ef6c (0xbfe5)
core   0: 0x8000ef64 (0x00001f17) auipc   t5, 0x1
core   0: 3 0x8000ef64 (0x00001f17) x30 0x8000ff64
core   0: 0x8000ef68 (0x083f2e23) sw      gp, 156(t5)
core   0: 3 0x8000ef68 (0x083f2e23) mem 0x80010000 0x00000001
core   0: 0x8000ef6c (0x0000bfe5) c.j     pc - 8
core   0: 3 0x8000ef6c (0xbfe5)
core   0: 0x8000ef64 (0x00001f17) auipc   t5, 0x1
core   0: 3 0x8000ef64 (0x00001f17) x30 0x8000ff64
core   0: 0x8000ef68 (0x083f2e23) sw      gp, 156(t5)
core   0: 3 0x8000ef68 (0x083f2e23) mem 0x80010000 0x00000001
core   0: 0x8000ef6c (0x0000bfe5) c.j     pc - 8
core   0: 3 0x8000ef6c (0xbfe5)
core   0: 0x8000ef64 (0x00001f17) auipc   t5, 0x1
core   0: 3 0x8000ef64 (0x00001f17) x30 0x8000ff64
core   0: 0x8000ef68 (0x083f2e23) sw      gp, 156(t5)
core   0: 3 0x8000ef68 (0x083f2e23) mem 0x80010000 0x00000001
core   0: 0x8000ef6c (0x0000bfe5) c.j     pc - 8
core   0: 3 0x8000ef6c (0xbfe5)
core   0: 0x8000ef64 (0x00001f17) auipc   t5, 0x1
core   0: 3 0x8000ef64 (0x00001f17) x30 0x8000ff64
core   0: 0x8000ef68 (0x083f2e23) sw      gp, 156(t5)
core   0: 3 0x8000ef68 (0x083f2e23) mem 0x80010000 0x00000001
core   0: 0x8000ef6c (0x0000bfe5) c.j     pc - 8
core   0: 3 0x8000ef6c (0xbfe5)
core   0: 0x8000ef64 (0x00001f17) auipc   t5, 0x1
core   0: 3 0x8000ef64 (0x00001f17) x30 0x8000ff64
core   0: 0x8000ef68 (0x083f2e23) sw      gp, 156(t5)
core   0: 3 0x8000ef68 (0x083f2e23) mem 0x80010000 0x00000001
core   0: 0x8000ef6c (0x0000bfe5) c.j     pc - 8
core   0: 3 0x8000ef6c (0xbfe5)
core   0: 0x8000ef64 (0x00001f17) auipc   t5, 0x1
core   0: 3 0x8000ef64 (0x00001f17) x30 0x8000ff64
core   0: 0x8000ef68 (0x083f2e23) sw      gp, 156(t5)
core   0: 3 0x8000ef68 (0x083f2e23) mem 0x80010000 0x00000001
core   0: 0x8000ef6c (0x0000bfe5) c.j     pc - 8
core   0: 3 0x8000ef6c (0xbfe5)
core   0: 0x8000ef64 (0x00001f17) auipc   t5, 0x1
core   0: 3 0x8000ef64 (0x00001f17) x30 0x8000ff64
core   0: 0x8000ef68 (0x083f2e23) sw      gp, 156(t5)
core   0: 3 0x8000ef68 (0x083f2e23) mem 0x80010000 0x00000001
core   0: 0x8000ef6c (0x0000bfe5) c.j     pc - 8
core   0: 3 0x8000ef6c (0xbfe5)
core   0: 0x8000ef64 (0x00001f17) auipc   t5, 0x1
core   0: 3 0x8000ef64 (0x00001f17) x30 0x8000ff64
core   0: 0x8000ef68 (0x083f2e23) sw      gp, 156(t5)
core   0: 3 0x8000ef68 (0x083f2e23) mem 0x80010000 0x00000001
core   0: 0x8000ef6c (0x0000bfe5) c.j     pc - 8
core   0: 3 0x8000ef6c (0xbfe5)
core   0: 0x8000ef64 (0x00001f17) auipc   t5, 0x1
core   0: 3 0x8000ef64 (0x00001f17) x30 0x8000ff64
core   0: 0x8000ef68 (0x083f2e23) sw      gp, 156(t5)
core   0: 3 0x8000ef68 (0x083f2e23) mem 0x80010000 0x00000001
core   0: 0x8000ef6c (0x0000bfe5) c.j     pc - 8
core   0: 3 0x8000ef6c (0xbfe5)
core   0: 0x8000ef64 (0x00001f17) auipc   t5, 0x1
core   0: 3 0x8000ef64 (0x00001f17) x30 0x8000ff64
core   0: 0x8000ef68 (0x083f2e23) sw      gp, 156(t5)
core   0: 3 0x8000ef68 (0x083f2e23) mem 0x80010000 0x00000001
core   0: 0x8000ef6c (0x0000bfe5) c.j     pc - 8
core   0: 3 0x8000ef6c (0xbfe5)
core   0: 0x8000ef64 (0x00001f17) auipc   t5, 0x1
core   0: 3 0x8000ef64 (0x00001f17) x30 0x8000ff64
core   0: 0x8000ef68 (0x083f2e23) sw      gp, 156(t5)
core   0: 3 0x8000ef68 (0x083f2e23) mem 0x80010000 0x00000001
core   0: 0x8000ef6c (0x0000bfe5) c.j     pc - 8
core   0: 3 0x8000ef6c (0xbfe5)
core   0: 0x8000ef64 (0x00001f17) auipc   t5, 0x1
core   0: 3 0x8000ef64 (0x00001f17) x30 0x8000ff64
core   0: 0x8000ef68 (0x083f2e23) sw      gp, 156(t5)
core   0: 3 0x8000ef68 (0x083f2e23) mem 0x80010000 0x00000001
core   0: 0x8000ef6c (0x0000bfe5) c.j     pc - 8
core   0: 3 0x8000ef6c (0xbfe5)
core   0: 0x8000ef64 (0x00001f17) auipc   t5, 0x1
core   0: 3 0x8000ef64 (0x00001f17) x30 0x8000ff64
core   0: 0x8000ef68 (0x083f2e23) sw      gp, 156(t5)
core   0: 3 0x8000ef68 (0x083f2e23) mem 0x80010000 0x00000001
core   0: 0x8000ef6c (0x0000bfe5) c.j     pc - 8
core   0: 3 0x8000ef6c (0xbfe5)
core   0: 0x8000ef64 (0x00001f17) auipc   t5, 0x1
core   0: 3 0x8000ef64 (0x00001f17) x30 0x8000ff64
core   0: 0x8000ef68 (0x083f2e23) sw      gp, 156(t5)
core   0: 3 0x8000ef68 (0x083f2e23) mem 0x80010000 0x00000001
core   0: 0x8000ef6c (0x0000bfe5) c.j     pc - 8
core   0: 3 0x8000ef6c (0xbfe5)
core   0: 0x8000ef64 (0x00001f17) auipc   t5, 0x1
core   0: 3 0x8000ef64 (0x00001f17) x30 0x8000ff64
core   0: 0x8000ef68 (0x083f2e23) sw      gp, 156(t5)
core   0: 3 0x8000ef68 (0x083f2e23) mem 0x80010000 0x00000001
core   0: 0x8000ef6c (0x0000bfe5) c.j     pc - 8
core   0: 3 0x8000ef6c (0xbfe5)
core   0: 0x8000ef64 (0x00001f17) auipc   t5, 0x1
core   0: 3 0x8000ef64 (0x00001f17) x30 0x8000ff64
core   0: 0x8000ef68 (0x083f2e23) sw      gp, 156(t5)
core   0: 3 0x8000ef68 (0x083f2e23) mem 0x80010000 0x00000001
core   0: 0x8000ef6c (0x0000bfe5) c.j     pc - 8
core   0: 3 0x8000ef6c (0xbfe5)
core   0: 0x8000ef64 (0x00001f17) auipc   t5, 0x1
core   0: 3 0x8000ef64 (0x00001f17) x30 0x8000ff64
core   0: 0x8000ef68 (0x083f2e23) sw      gp, 156(t5)
core   0: 3 0x8000ef68 (0x083f2e23) mem 0x80010000 0x00000001
core   0: 0x8000ef6c (0x0000bfe5) c.j     pc - 8
core   0: 3 0x8000ef6c (0xbfe5)
core   0: 0x8000ef64 (0x00001f17) auipc   t5, 0x1
core   0: 3 0x8000ef64 (0x00001f17) x30 0x8000ff64
core   0: 0x8000ef68 (0x083f2e23) sw      gp, 156(t5)
core   0: 3 0x8000ef68 (0x083f2e23) mem 0x80010000 0x00000001
core   0: 0x8000ef6c (0x0000bfe5) c.j     pc - 8
core   0: 3 0x8000ef6c (0xbfe5)
core   0: 0x8000ef64 (0x00001f17) auipc   t5, 0x1
core   0: 3 0x8000ef64 (0x00001f17) x30 0x8000ff64
core   0: 0x8000ef68 (0x083f2e23) sw      gp, 156(t5)
core   0: 3 0x8000ef68 (0x083f2e23) mem 0x80010000 0x00000001
core   0: 0x8000ef6c (0x0000bfe5) c.j     pc - 8
core   0: 3 0x8000ef6c (0xbfe5)
core   0: 0x8000ef64 (0x00001f17) auipc   t5, 0x1
core   0: 3 0x8000ef64 (0x00001f17) x30 0x8000ff64
core   0: 0x8000ef68 (0x083f2e23) sw      gp, 156(t5)
core   0: 3 0x8000ef68 (0x083f2e23) mem 0x80010000 0x00000001
core   0: 0x8000ef6c (0x0000bfe5) c.j     pc - 8
core   0: 3 0x8000ef6c (0xbfe5)
core   0: 0x8000ef64 (0x00001f17) auipc   t5, 0x1
core   0: 3 0x8000ef64 (0x00001f17) x30 0x8000ff64
core   0: 0x8000ef68 (0x083f2e23) sw      gp, 156(t5)
core   0: 3 0x8000ef68 (0x083f2e23) mem 0x80010000 0x00000001
core   0: 0x8000ef6c (0x0000bfe5) c.j     pc - 8
core   0: 3 0x8000ef6c (0xbfe5)
core   0: 0x8000ef64 (0x00001f17) auipc   t5, 0x1
core   0: 3 0x8000ef64 (0x00001f17) x30 0x8000ff64
core   0: 0x8000ef68 (0x083f2e23) sw      gp, 156(t5)
core   0: 3 0x8000ef68 (0x083f2e23) mem 0x80010000 0x00000001
core   0: 0x8000ef6c (0x0000bfe5) c.j     pc - 8
core   0: 3 0x8000ef6c (0xbfe5)
core   0: 0x8000ef64 (0x00001f17) auipc   t5, 0x1
core   0: 3 0x8000ef64 (0x00001f17) x30 0x8000ff64
core   0: 0x8000ef68 (0x083f2e23) sw      gp, 156(t5)
core   0: 3 0x8000ef68 (0x083f2e23) mem 0x80010000 0x00000001
core   0: 0x8000ef6c (0x0000bfe5) c.j     pc - 8
core   0: 3 0x8000ef6c (0xbfe5)
core   0: 0x8000ef64 (0x00001f17) auipc   t5, 0x1
core   0: 3 0x8000ef64 (0x00001f17) x30 0x8000ff64
core   0: 0x8000ef68 (0x083f2e23) sw      gp, 156(t5)
core   0: 3 0x8000ef68 (0x083f2e23) mem 0x80010000 0x00000001
core   0: 0x8000ef6c (0x0000bfe5) c.j     pc - 8
core   0: 3 0x8000ef6c (0xbfe5)
core   0: 0x8000ef64 (0x00001f17) auipc   t5, 0x1
core   0: 3 0x8000ef64 (0x00001f17) x30 0x8000ff64
core   0: 0x8000ef68 (0x083f2e23) sw      gp, 156(t5)
core   0: 3 0x8000ef68 (0x083f2e23) mem 0x80010000 0x00000001
core   0: 0x8000ef6c (0x0000bfe5) c.j     pc - 8
core   0: 3 0x8000ef6c (0xbfe5)
core   0: 0x8000ef64 (0x00001f17) auipc   t5, 0x1
core   0: 3 0x8000ef64 (0x00001f17) x30 0x8000ff64
core   0: 0x8000ef68 (0x083f2e23) sw      gp, 156(t5)
core   0: 3 0x8000ef68 (0x083f2e23) mem 0x80010000 0x00000001
core   0: 0x8000ef6c (0x0000bfe5) c.j     pc - 8
core   0: 3 0x8000ef6c (0xbfe5)
core   0: 0x8000ef64 (0x00001f17) auipc   t5, 0x1
core   0: 3 0x8000ef64 (0x00001f17) x30 0x8000ff64
core   0: 0x8000ef68 (0x083f2e23) sw      gp, 156(t5)
core   0: 3 0x8000ef68 (0x083f2e23) mem 0x80010000 0x00000001
core   0: 0x8000ef6c (0x0000bfe5) c.j     pc - 8
core   0: 3 0x8000ef6c (0xbfe5)
core   0: 0x8000ef64 (0x00001f17) auipc   t5, 0x1
core   0: 3 0x8000ef64 (0x00001f17) x30 0x8000ff64
core   0: 0x8000ef68 (0x083f2e23) sw      gp, 156(t5)
core   0: 3 0x8000ef68 (0x083f2e23) mem 0x80010000 0x00000001
core   0: 0x8000ef6c (0x0000bfe5) c.j     pc - 8
core   0: 3 0x8000ef6c (0xbfe5)
core   0: 0x8000ef64 (0x00001f17) auipc   t5, 0x1
core   0: 3 0x8000ef64 (0x00001f17) x30 0x8000ff64
core   0: 0x8000ef68 (0x083f2e23) sw      gp, 156(t5)
core   0: 3 0x8000ef68 (0x083f2e23) mem 0x80010000 0x00000001
core   0: 0x8000ef6c (0x0000bfe5) c.j     pc - 8
core   0: 3 0x8000ef6c (0xbfe5)
core   0: 0x8000ef64 (0x00001f17) auipc   t5, 0x1
core   0: 3 0x8000ef64 (0x00001f17) x30 0x8000ff64
core   0: 0x8000ef68 (0x083f2e23) sw      gp, 156(t5)
core   0: 3 0x8000ef68 (0x083f2e23) mem 0x80010000 0x00000001
core   0: 0x8000ef6c (0x0000bfe5) c.j     pc - 8
core   0: 3 0x8000ef6c (0xbfe5)
core   0: 0x8000ef64 (0x00001f17) auipc   t5, 0x1
core   0: 3 0x8000ef64 (0x00001f17) x30 0x8000ff64
core   0: 0x8000ef68 (0x083f2e23) sw      gp, 156(t5)
core   0: 3 0x8000ef68 (0x083f2e23) mem 0x80010000 0x00000001
core   0: 0x8000ef6c (0x0000bfe5) c.j     pc - 8
core   0: 3 0x8000ef6c (0xbfe5)
core   0: 0x8000ef64 (0x00001f17) auipc   t5, 0x1
core   0: 3 0x8000ef64 (0x00001f17) x30 0x8000ff64
core   0: 0x8000ef68 (0x083f2e23) sw      gp, 156(t5)
core   0: 3 0x8000ef68 (0x083f2e23) mem 0x80010000 0x00000001
core   0: 0x8000ef6c (0x0000bfe5) c.j     pc - 8
core   0: 3 0x8000ef6c (0xbfe5)
core   0: 0x8000ef64 (0x00001f17) auipc   t5, 0x1
core   0: 3 0x8000ef64 (0x00001f17) x30 0x8000ff64
core   0: 0x8000ef68 (0x083f2e23) sw      gp, 156(t5)
core   0: 3 0x8000ef68 (0x083f2e23) mem 0x80010000 0x00000001
core   0: 0x8000ef6c (0x0000bfe5) c.j     pc - 8
core   0: 3 0x8000ef6c (0xbfe5)
core   0: 0x8000ef64 (0x00001f17) auipc   t5, 0x1
core   0: 3 0x8000ef64 (0x00001f17) x30 0x8000ff64
core   0: 0x8000ef68 (0x083f2e23) sw      gp, 156(t5)
core   0: 3 0x8000ef68 (0x083f2e23) mem 0x80010000 0x00000001
core   0: 0x8000ef6c (0x0000bfe5) c.j     pc - 8
core   0: 3 0x8000ef6c (0xbfe5)
core   0: 0x8000ef64 (0x00001f17) auipc   t5, 0x1
core   0: 3 0x8000ef64 (0x00001f17) x30 0x8000ff64
core   0: 0x8000ef68 (0x083f2e23) sw      gp, 156(t5)
core   0: 3 0x8000ef68 (0x083f2e23) mem 0x80010000 0x00000001
core   0: 0x8000ef6c (0x0000bfe5) c.j     pc - 8
core   0: 3 0x8000ef6c (0xbfe5)
core   0: 0x8000ef64 (0x00001f17) auipc   t5, 0x1
core   0: 3 0x8000ef64 (0x00001f17) x30 0x8000ff64
core   0: 0x8000ef68 (0x083f2e23) sw      gp, 156(t5)
core   0: 3 0x8000ef68 (0x083f2e23) mem 0x80010000 0x00000001
core   0: 0x8000ef6c (0x0000bfe5) c.j     pc - 8
core   0: 3 0x8000ef6c (0xbfe5)
core   0: 0x8000ef64 (0x00001f17) auipc   t5, 0x1
core   0: 3 0x8000ef64 (0x00001f17) x30 0x8000ff64
core   0: 0x8000ef68 (0x083f2e23) sw      gp, 156(t5)
core   0: 3 0x8000ef68 (0x083f2e23) mem 0x80010000 0x00000001
core   0: 0x8000ef6c (0x0000bfe5) c.j     pc - 8
core   0: 3 0x8000ef6c (0xbfe5)
core   0: 0x8000ef64 (0x00001f17) auipc   t5, 0x1
core   0: 3 0x8000ef64 (0x00001f17) x30 0x8000ff64
core   0: 0x8000ef68 (0x083f2e23) sw      gp, 156(t5)
core   0: 3 0x8000ef68 (0x083f2e23) mem 0x80010000 0x00000001
core   0: 0x8000ef6c (0x0000bfe5) c.j     pc - 8
core   0: 3 0x8000ef6c (0xbfe5)
core   0: 0x8000ef64 (0x00001f17) auipc   t5, 0x1
core   0: 3 0x8000ef64 (0x00001f17) x30 0x8000ff64
core   0: 0x8000ef68 (0x083f2e23) sw      gp, 156(t5)
core   0: 3 0x8000ef68 (0x083f2e23) mem 0x80010000 0x00000001
core   0: 0x8000ef6c (0x0000bfe5) c.j     pc - 8
core   0: 3 0x8000ef6c (0xbfe5)
core   0: 0x8000ef64 (0x00001f17) auipc   t5, 0x1
core   0: 3 0x8000ef64 (0x00001f17) x30 0x8000ff64
core   0: 0x8000ef68 (0x083f2e23) sw      gp, 156(t5)
core   0: 3 0x8000ef68 (0x083f2e23) mem 0x80010000 0x00000001
core   0: 0x8000ef6c (0x0000bfe5) c.j     pc - 8
core   0: 3 0x8000ef6c (0xbfe5)
core   0: 0x8000ef64 (0x00001f17) auipc   t5, 0x1
core   0: 3 0x8000ef64 (0x00001f17) x30 0x8000ff64
core   0: 0x8000ef68 (0x083f2e23) sw      gp, 156(t5)
core   0: 3 0x8000ef68 (0x083f2e23) mem 0x80010000 0x00000001
core   0: 0x8000ef6c (0x0000bfe5) c.j     pc - 8
core   0: 3 0x8000ef6c (0xbfe5)
core   0: 0x8000ef64 (0x00001f17) auipc   t5, 0x1
core   0: 3 0x8000ef64 (0x00001f17) x30 0x8000ff64
core   0: 0x8000ef68 (0x083f2e23) sw      gp, 156(t5)
core   0: 3 0x8000ef68 (0x083f2e23) mem 0x80010000 0x00000001
core   0: 0x8000ef6c (0x0000bfe5) c.j     pc - 8
core   0: 3 0x8000ef6c (0xbfe5)
core   0: 0x8000ef64 (0x00001f17) auipc   t5, 0x1
core   0: 3 0x8000ef64 (0x00001f17) x30 0x8000ff64
core   0: 0x8000ef68 (0x083f2e23) sw      gp, 156(t5)
core   0: 3 0x8000ef68 (0x083f2e23) mem 0x80010000 0x00000001
core   0: 0x8000ef6c (0x0000bfe5) c.j     pc - 8
core   0: 3 0x8000ef6c (0xbfe5)
core   0: 0x8000ef64 (0x00001f17) auipc   t5, 0x1
core   0: 3 0x8000ef64 (0x00001f17) x30 0x8000ff64
core   0: 0x8000ef68 (0x083f2e23) sw      gp, 156(t5)
core   0: 3 0x8000ef68 (0x083f2e23) mem 0x80010000 0x00000001
core   0: 0x8000ef6c (0x0000bfe5) c.j     pc - 8
core   0: 3 0x8000ef6c (0xbfe5)
core   0: 0x8000ef64 (0x00001f17) auipc   t5, 0x1
core   0: 3 0x8000ef64 (0x00001f17) x30 0x8000ff64
core   0: 0x8000ef68 (0x083f2e23) sw      gp, 156(t5)
core   0: 3 0x8000ef68 (0x083f2e23) mem 0x80010000 0x00000001
core   0: 0x8000ef6c (0x0000bfe5) c.j     pc - 8
core   0: 3 0x8000ef6c (0xbfe5)
core   0: 0x8000ef64 (0x00001f17) auipc   t5, 0x1
core   0: 3 0x8000ef64 (0x00001f17) x30 0x8000ff64
core   0: 0x8000ef68 (0x083f2e23) sw      gp, 156(t5)
core   0: 3 0x8000ef68 (0x083f2e23) mem 0x80010000 0x00000001
core   0: 0x8000ef6c (0x0000bfe5) c.j     pc - 8
core   0: 3 0x8000ef6c (0xbfe5)
core   0: 0x8000ef64 (0x00001f17) auipc   t5, 0x1
core   0: 3 0x8000ef64 (0x00001f17) x30 0x8000ff64
core   0: 0x8000ef68 (0x083f2e23) sw      gp, 156(t5)
core   0: 3 0x8000ef68 (0x083f2e23) mem 0x80010000 0x00000001
core   0: 0x8000ef6c (0x0000bfe5) c.j     pc - 8
core   0: 3 0x8000ef6c (0xbfe5)
core   0: 0x8000ef64 (0x00001f17) auipc   t5, 0x1
core   0: 3 0x8000ef64 (0x00001f17) x30 0x8000ff64
core   0: 0x8000ef68 (0x083f2e23) sw      gp, 156(t5)
core   0: 3 0x8000ef68 (0x083f2e23) mem 0x80010000 0x00000001
core   0: 0x8000ef6c (0x0000bfe5) c.j     pc - 8
core   0: 3 0x8000ef6c (0xbfe5)
core   0: 0x8000ef64 (0x00001f17) auipc   t5, 0x1
core   0: 3 0x8000ef64 (0x00001f17) x30 0x8000ff64
core   0: 0x8000ef68 (0x083f2e23) sw      gp, 156(t5)
core   0: 3 0x8000ef68 (0x083f2e23) mem 0x80010000 0x00000001
core   0: 0x8000ef6c (0x0000bfe5) c.j     pc - 8
core   0: 3 0x8000ef6c (0xbfe5)
core   0: 0x8000ef64 (0x00001f17) auipc   t5, 0x1
core   0: 3 0x8000ef64 (0x00001f17) x30 0x8000ff64
core   0: 0x8000ef68 (0x083f2e23) sw      gp, 156(t5)
core   0: 3 0x8000ef68 (0x083f2e23) mem 0x80010000 0x00000001
core   0: 0x8000ef6c (0x0000bfe5) c.j     pc - 8
core   0: 3 0x8000ef6c (0xbfe5)
core   0: 0x8000ef64 (0x00001f17) auipc   t5, 0x1
core   0: 3 0x8000ef64 (0x00001f17) x30 0x8000ff64
core   0: 0x8000ef68 (0x083f2e23) sw      gp, 156(t5)
core   0: 3 0x8000ef68 (0x083f2e23) mem 0x80010000 0x00000001
core   0: 0x8000ef6c (0x0000bfe5) c.j     pc - 8
core   0: 3 0x8000ef6c (0xbfe5)
core   0: 0x8000ef64 (0x00001f17) auipc   t5, 0x1
core   0: 3 0x8000ef64 (0x00001f17) x30 0x8000ff64
core   0: 0x8000ef68 (0x083f2e23) sw      gp, 156(t5)
core   0: 3 0x8000ef68 (0x083f2e23) mem 0x80010000 0x00000001
core   0: 0x8000ef6c (0x0000bfe5) c.j     pc - 8
core   0: 3 0x8000ef6c (0xbfe5)
core   0: 0x8000ef64 (0x00001f17) auipc   t5, 0x1
core   0: 3 0x8000ef64 (0x00001f17) x30 0x8000ff64
core   0: 0x8000ef68 (0x083f2e23) sw      gp, 156(t5)
core   0: 3 0x8000ef68 (0x083f2e23) mem 0x80010000 0x00000001
core   0: 0x8000ef6c (0x0000bfe5) c.j     pc - 8
core   0: 3 0x8000ef6c (0xbfe5)
core   0: 0x8000ef64 (0x00001f17) auipc   t5, 0x1
core   0: 3 0x8000ef64 (0x00001f17) x30 0x8000ff64
core   0: 0x8000ef68 (0x083f2e23) sw      gp, 156(t5)
core   0: 3 0x8000ef68 (0x083f2e23) mem 0x80010000 0x00000001
core   0: 0x8000ef6c (0x0000bfe5) c.j     pc - 8
core   0: 3 0x8000ef6c (0xbfe5)
core   0: 0x8000ef64 (0x00001f17) auipc   t5, 0x1
core   0: 3 0x8000ef64 (0x00001f17) x30 0x8000ff64
core   0: 0x8000ef68 (0x083f2e23) sw      gp, 156(t5)
core   0: 3 0x8000ef68 (0x083f2e23) mem 0x80010000 0x00000001
core   0: 0x8000ef6c (0x0000bfe5) c.j     pc - 8
core   0: 3 0x8000ef6c (0xbfe5)
core   0: 0x8000ef64 (0x00001f17) auipc   t5, 0x1
core   0: 3 0x8000ef64 (0x00001f17) x30 0x8000ff64
core   0: 0x8000ef68 (0x083f2e23) sw      gp, 156(t5)
core   0: 3 0x8000ef68 (0x083f2e23) mem 0x80010000 0x00000001
core   0: 0x8000ef6c (0x0000bfe5) c.j     pc - 8
core   0: 3 0x8000ef6c (0xbfe5)
core   0: 0x8000ef64 (0x00001f17) auipc   t5, 0x1
core   0: 3 0x8000ef64 (0x00001f17) x30 0x8000ff64
core   0: 0x8000ef68 (0x083f2e23) sw      gp, 156(t5)
core   0: 3 0x8000ef68 (0x083f2e23) mem 0x80010000 0x00000001
core   0: 0x8000ef6c (0x0000bfe5) c.j     pc - 8
core   0: 3 0x8000ef6c (0xbfe5)
core   0: 0x8000ef64 (0x00001f17) auipc   t5, 0x1
core   0: 3 0x8000ef64 (0x00001f17) x30 0x8000ff64
core   0: 0x8000ef68 (0x083f2e23) sw      gp, 156(t5)
core   0: 3 0x8000ef68 (0x083f2e23) mem 0x80010000 0x00000001
core   0: 0x8000ef6c (0x0000bfe5) c.j     pc - 8
core   0: 3 0x8000ef6c (0xbfe5)
core   0: 0x8000ef64 (0x00001f17) auipc   t5, 0x1
core   0: 3 0x8000ef64 (0x00001f17) x30 0x8000ff64
core   0: 0x8000ef68 (0x083f2e23) sw      gp, 156(t5)
core   0: 3 0x8000ef68 (0x083f2e23) mem 0x80010000 0x00000001
core   0: 0x8000ef6c (0x0000bfe5) c.j     pc - 8
core   0: 3 0x8000ef6c (0xbfe5)
core   0: 0x8000ef64 (0x00001f17) auipc   t5, 0x1
core   0: 3 0x8000ef64 (0x00001f17) x30 0x8000ff64
core   0: 0x8000ef68 (0x083f2e23) sw      gp, 156(t5)
core   0: 3 0x8000ef68 (0x083f2e23) mem 0x80010000 0x00000001
core   0: 0x8000ef6c (0x0000bfe5) c.j     pc - 8
core   0: 3 0x8000ef6c (0xbfe5)
core   0: 0x8000ef64 (0x00001f17) auipc   t5, 0x1
core   0: 3 0x8000ef64 (0x00001f17) x30 0x8000ff64
core   0: 0x8000ef68 (0x083f2e23) sw      gp, 156(t5)
core   0: 3 0x8000ef68 (0x083f2e23) mem 0x80010000 0x00000001
core   0: 0x8000ef6c (0x0000bfe5) c.j     pc - 8
core   0: 3 0x8000ef6c (0xbfe5)
core   0: 0x8000ef64 (0x00001f17) auipc   t5, 0x1
core   0: 3 0x8000ef64 (0x00001f17) x30 0x8000ff64
core   0: 0x8000ef68 (0x083f2e23) sw      gp, 156(t5)
core   0: 3 0x8000ef68 (0x083f2e23) mem 0x80010000 0x00000001
core   0: 0x8000ef6c (0x0000bfe5) c.j     pc - 8
core   0: 3 0x8000ef6c (0xbfe5)
core   0: 0x8000ef64 (0x00001f17) auipc   t5, 0x1
core   0: 3 0x8000ef64 (0x00001f17) x30 0x8000ff64
core   0: 0x8000ef68 (0x083f2e23) sw      gp, 156(t5)
core   0: 3 0x8000ef68 (0x083f2e23) mem 0x80010000 0x00000001
core   0: 0x8000ef6c (0x0000bfe5) c.j     pc - 8
core   0: 3 0x8000ef6c (0xbfe5)
core   0: 0x8000ef64 (0x00001f17) auipc   t5, 0x1
core   0: 3 0x8000ef64 (0x00001f17) x30 0x8000ff64
core   0: 0x8000ef68 (0x083f2e23) sw      gp, 156(t5)
core   0: 3 0x8000ef68 (0x083f2e23) mem 0x80010000 0x00000001
core   0: 0x8000ef6c (0x0000bfe5) c.j     pc - 8
core   0: 3 0x8000ef6c (0xbfe5)
core   0: 0x8000ef64 (0x00001f17) auipc   t5, 0x1
core   0: 3 0x8000ef64 (0x00001f17) x30 0x8000ff64
core   0: 0x8000ef68 (0x083f2e23) sw      gp, 156(t5)
core   0: 3 0x8000ef68 (0x083f2e23) mem 0x80010000 0x00000001
core   0: 0x8000ef6c (0x0000bfe5) c.j     pc - 8
core   0: 3 0x8000ef6c (0xbfe5)
core   0: 0x8000ef64 (0x00001f17) auipc   t5, 0x1
core   0: 3 0x8000ef64 (0x00001f17) x30 0x8000ff64
core   0: 0x8000ef68 (0x083f2e23) sw      gp, 156(t5)
core   0: 3 0x8000ef68 (0x083f2e23) mem 0x80010000 0x00000001
core   0: 0x8000ef6c (0x0000bfe5) c.j     pc - 8
core   0: 3 0x8000ef6c (0xbfe5)
core   0: 0x8000ef64 (0x00001f17) auipc   t5, 0x1
core   0: 3 0x8000ef64 (0x00001f17) x30 0x8000ff64
core   0: 0x8000ef68 (0x083f2e23) sw      gp, 156(t5)
core   0: 3 0x8000ef68 (0x083f2e23) mem 0x80010000 0x00000001
core   0: 0x8000ef6c (0x0000bfe5) c.j     pc - 8
core   0: 3 0x8000ef6c (0xbfe5)
core   0: 0x8000ef64 (0x00001f17) auipc   t5, 0x1
core   0: 3 0x8000ef64 (0x00001f17) x30 0x8000ff64
core   0: 0x8000ef68 (0x083f2e23) sw      gp, 156(t5)
core   0: 3 0x8000ef68 (0x083f2e23) mem 0x80010000 0x00000001
core   0: 0x8000ef6c (0x0000bfe5) c.j     pc - 8
core   0: 3 0x8000ef6c (0xbfe5)
core   0: 0x8000ef64 (0x00001f17) auipc   t5, 0x1
core   0: 3 0x8000ef64 (0x00001f17) x30 0x8000ff64
core   0: 0x8000ef68 (0x083f2e23) sw      gp, 156(t5)
core   0: 3 0x8000ef68 (0x083f2e23) mem 0x80010000 0x00000001
core   0: 0x8000ef6c (0x0000bfe5) c.j     pc - 8
core   0: 3 0x8000ef6c (0xbfe5)
core   0: 0x8000ef64 (0x00001f17) auipc   t5, 0x1
core   0: 3 0x8000ef64 (0x00001f17) x30 0x8000ff64
core   0: 0x8000ef68 (0x083f2e23) sw      gp, 156(t5)
core   0: 3 0x8000ef68 (0x083f2e23) mem 0x80010000 0x00000001
core   0: 0x8000ef6c (0x0000bfe5) c.j     pc - 8
core   0: 3 0x8000ef6c (0xbfe5)
core   0: 0x8000ef64 (0x00001f17) auipc   t5, 0x1
core   0: 3 0x8000ef64 (0x00001f17) x30 0x8000ff64
core   0: 0x8000ef68 (0x083f2e23) sw      gp, 156(t5)
core   0: 3 0x8000ef68 (0x083f2e23) mem 0x80010000 0x00000001
core   0: 0x8000ef6c (0x0000bfe5) c.j     pc - 8
core   0: 3 0x8000ef6c (0xbfe5)
core   0: 0x8000ef64 (0x00001f17) auipc   t5, 0x1
core   0: 3 0x8000ef64 (0x00001f17) x30 0x8000ff64
core   0: 0x8000ef68 (0x083f2e23) sw      gp, 156(t5)
core   0: 3 0x8000ef68 (0x083f2e23) mem 0x80010000 0x00000001
core   0: 0x8000ef6c (0x0000bfe5) c.j     pc - 8
core   0: 3 0x8000ef6c (0xbfe5)
core   0: 0x8000ef64 (0x00001f17) auipc   t5, 0x1
core   0: 3 0x8000ef64 (0x00001f17) x30 0x8000ff64
core   0: 0x8000ef68 (0x083f2e23) sw      gp, 156(t5)
core   0: 3 0x8000ef68 (0x083f2e23) mem 0x80010000 0x00000001
core   0: 0x8000ef6c (0x0000bfe5) c.j     pc - 8
core   0: 3 0x8000ef6c (0xbfe5)
core   0: 0x8000ef64 (0x00001f17) auipc   t5, 0x1
core   0: 3 0x8000ef64 (0x00001f17) x30 0x8000ff64
core   0: 0x8000ef68 (0x083f2e23) sw      gp, 156(t5)
core   0: 3 0x8000ef68 (0x083f2e23) mem 0x80010000 0x00000001
core   0: 0x8000ef6c (0x0000bfe5) c.j     pc - 8
core   0: 3 0x8000ef6c (0xbfe5)
core   0: 0x8000ef64 (0x00001f17) auipc   t5, 0x1
core   0: 3 0x8000ef64 (0x00001f17) x30 0x8000ff64
core   0: 0x8000ef68 (0x083f2e23) sw      gp, 156(t5)
core   0: 3 0x8000ef68 (0x083f2e23) mem 0x80010000 0x00000001
core   0: 0x8000ef6c (0x0000bfe5) c.j     pc - 8
core   0: 3 0x8000ef6c (0xbfe5)
core   0: 0x8000ef64 (0x00001f17) auipc   t5, 0x1
core   0: 3 0x8000ef64 (0x00001f17) x30 0x8000ff64
core   0: 0x8000ef68 (0x083f2e23) sw      gp, 156(t5)
core   0: 3 0x8000ef68 (0x083f2e23) mem 0x80010000 0x00000001
core   0: 0x8000ef6c (0x0000bfe5) c.j     pc - 8
core   0: 3 0x8000ef6c (0xbfe5)
core   0: 0x8000ef64 (0x00001f17) auipc   t5, 0x1
core   0: 3 0x8000ef64 (0x00001f17) x30 0x8000ff64
core   0: 0x8000ef68 (0x083f2e23) sw      gp, 156(t5)
core   0: 3 0x8000ef68 (0x083f2e23) mem 0x80010000 0x00000001
core   0: 0x8000ef6c (0x0000bfe5) c.j     pc - 8
core   0: 3 0x8000ef6c (0xbfe5)
core   0: 0x8000ef64 (0x00001f17) auipc   t5, 0x1
core   0: 3 0x8000ef64 (0x00001f17) x30 0x8000ff64
core   0: 0x8000ef68 (0x083f2e23) sw      gp, 156(t5)
core   0: 3 0x8000ef68 (0x083f2e23) mem 0x80010000 0x00000001
core   0: 0x8000ef6c (0x0000bfe5) c.j     pc - 8
core   0: 3 0x8000ef6c (0xbfe5)
core   0: 0x8000ef64 (0x00001f17) auipc   t5, 0x1
core   0: 3 0x8000ef64 (0x00001f17) x30 0x8000ff64
core   0: 0x8000ef68 (0x083f2e23) sw      gp, 156(t5)
core   0: 3 0x8000ef68 (0x083f2e23) mem 0x80010000 0x00000001
core   0: 0x8000ef6c (0x0000bfe5) c.j     pc - 8
core   0: 3 0x8000ef6c (0xbfe5)
core   0: 0x8000ef64 (0x00001f17) auipc   t5, 0x1
core   0: 3 0x8000ef64 (0x00001f17) x30 0x8000ff64
core   0: 0x8000ef68 (0x083f2e23) sw      gp, 156(t5)
core   0: 3 0x8000ef68 (0x083f2e23) mem 0x80010000 0x00000001
core   0: 0x8000ef6c (0x0000bfe5) c.j     pc - 8
core   0: 3 0x8000ef6c (0xbfe5)
core   0: 0x8000ef64 (0x00001f17) auipc   t5, 0x1
core   0: 3 0x8000ef64 (0x00001f17) x30 0x8000ff64
core   0: 0x8000ef68 (0x083f2e23) sw      gp, 156(t5)
core   0: 3 0x8000ef68 (0x083f2e23) mem 0x80010000 0x00000001
core   0: 0x8000ef6c (0x0000bfe5) c.j     pc - 8
core   0: 3 0x8000ef6c (0xbfe5)
core   0: 0x8000ef64 (0x00001f17) auipc   t5, 0x1
core   0: 3 0x8000ef64 (0x00001f17) x30 0x8000ff64
core   0: 0x8000ef68 (0x083f2e23) sw      gp, 156(t5)
core   0: 3 0x8000ef68 (0x083f2e23) mem 0x80010000 0x00000001
core   0: 0x8000ef6c (0x0000bfe5) c.j     pc - 8
core   0: 3 0x8000ef6c (0xbfe5)
core   0: 0x8000ef64 (0x00001f17) auipc   t5, 0x1
core   0: 3 0x8000ef64 (0x00001f17) x30 0x8000ff64
core   0: 0x8000ef68 (0x083f2e23) sw      gp, 156(t5)
core   0: 3 0x8000ef68 (0x083f2e23) mem 0x80010000 0x00000001
core   0: 0x8000ef6c (0x0000bfe5) c.j     pc - 8
core   0: 3 0x8000ef6c (0xbfe5)
core   0: 0x8000ef64 (0x00001f17) auipc   t5, 0x1
core   0: 3 0x8000ef64 (0x00001f17) x30 0x8000ff64
core   0: 0x8000ef68 (0x083f2e23) sw      gp, 156(t5)
core   0: 3 0x8000ef68 (0x083f2e23) mem 0x80010000 0x00000001
core   0: 0x8000ef6c (0x0000bfe5) c.j     pc - 8
core   0: 3 0x8000ef6c (0xbfe5)
core   0: 0x8000ef64 (0x00001f17) auipc   t5, 0x1
core   0: 3 0x8000ef64 (0x00001f17) x30 0x8000ff64
core   0: 0x8000ef68 (0x083f2e23) sw      gp, 156(t5)
core   0: 3 0x8000ef68 (0x083f2e23) mem 0x80010000 0x00000001
core   0: 0x8000ef6c (0x0000bfe5) c.j     pc - 8
core   0: 3 0x8000ef6c (0xbfe5)
core   0: 0x8000ef64 (0x00001f17) auipc   t5, 0x1
core   0: 3 0x8000ef64 (0x00001f17) x30 0x8000ff64
core   0: 0x8000ef68 (0x083f2e23) sw      gp, 156(t5)
core   0: 3 0x8000ef68 (0x083f2e23) mem 0x80010000 0x00000001
core   0: 0x8000ef6c (0x0000bfe5) c.j     pc - 8
core   0: 3 0x8000ef6c (0xbfe5)
core   0: 0x8000ef64 (0x00001f17) auipc   t5, 0x1
core   0: 3 0x8000ef64 (0x00001f17) x30 0x8000ff64
core   0: 0x8000ef68 (0x083f2e23) sw      gp, 156(t5)
core   0: 3 0x8000ef68 (0x083f2e23) mem 0x80010000 0x00000001
core   0: 0x8000ef6c (0x0000bfe5) c.j     pc - 8
core   0: 3 0x8000ef6c (0xbfe5)
core   0: 0x8000ef64 (0x00001f17) auipc   t5, 0x1
core   0: 3 0x8000ef64 (0x00001f17) x30 0x8000ff64
core   0: 0x8000ef68 (0x083f2e23) sw      gp, 156(t5)
core   0: 3 0x8000ef68 (0x083f2e23) mem 0x80010000 0x00000001
core   0: 0x8000ef6c (0x0000bfe5) c.j     pc - 8
core   0: 3 0x8000ef6c (0xbfe5)
core   0: 0x8000ef64 (0x00001f17) auipc   t5, 0x1
core   0: 3 0x8000ef64 (0x00001f17) x30 0x8000ff64
core   0: 0x8000ef68 (0x083f2e23) sw      gp, 156(t5)
core   0: 3 0x8000ef68 (0x083f2e23) mem 0x80010000 0x00000001
core   0: 0x8000ef6c (0x0000bfe5) c.j     pc - 8
core   0: 3 0x8000ef6c (0xbfe5)
core   0: 0x8000ef64 (0x00001f17) auipc   t5, 0x1
core   0: 3 0x8000ef64 (0x00001f17) x30 0x8000ff64
core   0: 0x8000ef68 (0x083f2e23) sw      gp, 156(t5)
core   0: 3 0x8000ef68 (0x083f2e23) mem 0x80010000 0x00000001
core   0: 0x8000ef6c (0x0000bfe5) c.j     pc - 8
core   0: 3 0x8000ef6c (0xbfe5)
core   0: 0x8000ef64 (0x00001f17) auipc   t5, 0x1
core   0: 3 0x8000ef64 (0x00001f17) x30 0x8000ff64
core   0: 0x8000ef68 (0x083f2e23) sw      gp, 156(t5)
core   0: 3 0x8000ef68 (0x083f2e23) mem 0x80010000 0x00000001
core   0: 0x8000ef6c (0x0000bfe5) c.j     pc - 8
core   0: 3 0x8000ef6c (0xbfe5)
core   0: 0x8000ef64 (0x00001f17) auipc   t5, 0x1
core   0: 3 0x8000ef64 (0x00001f17) x30 0x8000ff64
core   0: 0x8000ef68 (0x083f2e23) sw      gp, 156(t5)
core   0: 3 0x8000ef68 (0x083f2e23) mem 0x80010000 0x00000001
core   0: 0x8000ef6c (0x0000bfe5) c.j     pc - 8
core   0: 3 0x8000ef6c (0xbfe5)
core   0: 0x8000ef64 (0x00001f17) auipc   t5, 0x1
core   0: 3 0x8000ef64 (0x00001f17) x30 0x8000ff64
core   0: 0x8000ef68 (0x083f2e23) sw      gp, 156(t5)
core   0: 3 0x8000ef68 (0x083f2e23) mem 0x80010000 0x00000001
core   0: 0x8000ef6c (0x0000bfe5) c.j     pc - 8
core   0: 3 0x8000ef6c (0xbfe5)
core   0: 0x8000ef64 (0x00001f17) auipc   t5, 0x1
core   0: 3 0x8000ef64 (0x00001f17) x30 0x8000ff64
core   0: 0x8000ef68 (0x083f2e23) sw      gp, 156(t5)
core   0: 3 0x8000ef68 (0x083f2e23) mem 0x80010000 0x00000001
core   0: 0x8000ef6c (0x0000bfe5) c.j     pc - 8
core   0: 3 0x8000ef6c (0xbfe5)
core   0: 0x8000ef64 (0x00001f17) auipc   t5, 0x1
core   0: 3 0x8000ef64 (0x00001f17) x30 0x8000ff64
core   0: 0x8000ef68 (0x083f2e23) sw      gp, 156(t5)
core   0: 3 0x8000ef68 (0x083f2e23) mem 0x80010000 0x00000001
core   0: 0x8000ef6c (0x0000bfe5) c.j     pc - 8
core   0: 3 0x8000ef6c (0xbfe5)
core   0: 0x8000ef64 (0x00001f17) auipc   t5, 0x1
core   0: 3 0x8000ef64 (0x00001f17) x30 0x8000ff64
core   0: 0x8000ef68 (0x083f2e23) sw      gp, 156(t5)
core   0: 3 0x8000ef68 (0x083f2e23) mem 0x80010000 0x00000001
core   0: 0x8000ef6c (0x0000bfe5) c.j     pc - 8
core   0: 3 0x8000ef6c (0xbfe5)
core   0: 0x8000ef64 (0x00001f17) auipc   t5, 0x1
core   0: 3 0x8000ef64 (0x00001f17) x30 0x8000ff64
core   0: 0x8000ef68 (0x083f2e23) sw      gp, 156(t5)
core   0: 3 0x8000ef68 (0x083f2e23) mem 0x80010000 0x00000001
core   0: 0x8000ef6c (0x0000bfe5) c.j     pc - 8
core   0: 3 0x8000ef6c (0xbfe5)
core   0: 0x8000ef64 (0x00001f17) auipc   t5, 0x1
core   0: 3 0x8000ef64 (0x00001f17) x30 0x8000ff64
core   0: 0x8000ef68 (0x083f2e23) sw      gp, 156(t5)
core   0: 3 0x8000ef68 (0x083f2e23) mem 0x80010000 0x00000001
core   0: 0x8000ef6c (0x0000bfe5) c.j     pc - 8
core   0: 3 0x8000ef6c (0xbfe5)
core   0: 0x8000ef64 (0x00001f17) auipc   t5, 0x1
core   0: 3 0x8000ef64 (0x00001f17) x30 0x8000ff64
core   0: 0x8000ef68 (0x083f2e23) sw      gp, 156(t5)
core   0: 3 0x8000ef68 (0x083f2e23) mem 0x80010000 0x00000001
core   0: 0x8000ef6c (0x0000bfe5) c.j     pc - 8
core   0: 3 0x8000ef6c (0xbfe5)
core   0: 0x8000ef64 (0x00001f17) auipc   t5, 0x1
core   0: 3 0x8000ef64 (0x00001f17) x30 0x8000ff64
core   0: 0x8000ef68 (0x083f2e23) sw      gp, 156(t5)
core   0: 3 0x8000ef68 (0x083f2e23) mem 0x80010000 0x00000001
core   0: 0x8000ef6c (0x0000bfe5) c.j     pc - 8
core   0: 3 0x8000ef6c (0xbfe5)
core   0: 0x8000ef64 (0x00001f17) auipc   t5, 0x1
core   0: 3 0x8000ef64 (0x00001f17) x30 0x8000ff64
core   0: 0x8000ef68 (0x083f2e23) sw      gp, 156(t5)
core   0: 3 0x8000ef68 (0x083f2e23) mem 0x80010000 0x00000001
core   0: 0x8000ef6c (0x0000bfe5) c.j     pc - 8
core   0: 3 0x8000ef6c (0xbfe5)
core   0: 0x8000ef64 (0x00001f17) auipc   t5, 0x1
core   0: 3 0x8000ef64 (0x00001f17) x30 0x8000ff64
core   0: 0x8000ef68 (0x083f2e23) sw      gp, 156(t5)
core   0: 3 0x8000ef68 (0x083f2e23) mem 0x80010000 0x00000001
core   0: 0x8000ef6c (0x0000bfe5) c.j     pc - 8
core   0: 3 0x8000ef6c (0xbfe5)
core   0: 0x8000ef64 (0x00001f17) auipc   t5, 0x1
core   0: 3 0x8000ef64 (0x00001f17) x30 0x8000ff64
core   0: 0x8000ef68 (0x083f2e23) sw      gp, 156(t5)
core   0: 3 0x8000ef68 (0x083f2e23) mem 0x80010000 0x00000001
core   0: 0x8000ef6c (0x0000bfe5) c.j     pc - 8
core   0: 3 0x8000ef6c (0xbfe5)
core   0: 0x8000ef64 (0x00001f17) auipc   t5, 0x1
core   0: 3 0x8000ef64 (0x00001f17) x30 0x8000ff64
core   0: 0x8000ef68 (0x083f2e23) sw      gp, 156(t5)
core   0: 3 0x8000ef68 (0x083f2e23) mem 0x80010000 0x00000001
core   0: 0x8000ef6c (0x0000bfe5) c.j     pc - 8
core   0: 3 0x8000ef6c (0xbfe5)
core   0: 0x8000ef64 (0x00001f17) auipc   t5, 0x1
core   0: 3 0x8000ef64 (0x00001f17) x30 0x8000ff64
core   0: 0x8000ef68 (0x083f2e23) sw      gp, 156(t5)
core   0: 3 0x8000ef68 (0x083f2e23) mem 0x80010000 0x00000001
core   0: 0x8000ef6c (0x0000bfe5) c.j     pc - 8
core   0: 3 0x8000ef6c (0xbfe5)
core   0: 0x8000ef64 (0x00001f17) auipc   t5, 0x1
core   0: 3 0x8000ef64 (0x00001f17) x30 0x8000ff64
core   0: 0x8000ef68 (0x083f2e23) sw      gp, 156(t5)
core   0: 3 0x8000ef68 (0x083f2e23) mem 0x80010000 0x00000001
core   0: 0x8000ef6c (0x0000bfe5) c.j     pc - 8
core   0: 3 0x8000ef6c (0xbfe5)
core   0: 0x8000ef64 (0x00001f17) auipc   t5, 0x1
core   0: 3 0x8000ef64 (0x00001f17) x30 0x8000ff64
core   0: 0x8000ef68 (0x083f2e23) sw      gp, 156(t5)
core   0: 3 0x8000ef68 (0x083f2e23) mem 0x80010000 0x00000001
core   0: 0x8000ef6c (0x0000bfe5) c.j     pc - 8
core   0: 3 0x8000ef6c (0xbfe5)
core   0: 0x8000ef64 (0x00001f17) auipc   t5, 0x1
core   0: 3 0x8000ef64 (0x00001f17) x30 0x8000ff64
core   0: 0x8000ef68 (0x083f2e23) sw      gp, 156(t5)
core   0: 3 0x8000ef68 (0x083f2e23) mem 0x80010000 0x00000001
core   0: 0x8000ef6c (0x0000bfe5) c.j     pc - 8
core   0: 3 0x8000ef6c (0xbfe5)
core   0: 0x8000ef64 (0x00001f17) auipc   t5, 0x1
core   0: 3 0x8000ef64 (0x00001f17) x30 0x8000ff64
core   0: 0x8000ef68 (0x083f2e23) sw      gp, 156(t5)
core   0: 3 0x8000ef68 (0x083f2e23) mem 0x80010000 0x00000001
core   0: 0x8000ef6c (0x0000bfe5) c.j     pc - 8
core   0: 3 0x8000ef6c (0xbfe5)
core   0: 0x8000ef64 (0x00001f17) auipc   t5, 0x1
core   0: 3 0x8000ef64 (0x00001f17) x30 0x8000ff64
core   0: 0x8000ef68 (0x083f2e23) sw      gp, 156(t5)
core   0: 3 0x8000ef68 (0x083f2e23) mem 0x80010000 0x00000001
core   0: 0x8000ef6c (0x0000bfe5) c.j     pc - 8
core   0: 3 0x8000ef6c (0xbfe5)
core   0: 0x8000ef64 (0x00001f17) auipc   t5, 0x1
core   0: 3 0x8000ef64 (0x00001f17) x30 0x8000ff64
core   0: 0x8000ef68 (0x083f2e23) sw      gp, 156(t5)
core   0: 3 0x8000ef68 (0x083f2e23) mem 0x80010000 0x00000001
core   0: 0x8000ef6c (0x0000bfe5) c.j     pc - 8
core   0: 3 0x8000ef6c (0xbfe5)
core   0: 0x8000ef64 (0x00001f17) auipc   t5, 0x1
core   0: 3 0x8000ef64 (0x00001f17) x30 0x8000ff64
core   0: 0x8000ef68 (0x083f2e23) sw      gp, 156(t5)
core   0: 3 0x8000ef68 (0x083f2e23) mem 0x80010000 0x00000001
core   0: 0x8000ef6c (0x0000bfe5) c.j     pc - 8
core   0: 3 0x8000ef6c (0xbfe5)
core   0: 0x8000ef64 (0x00001f17) auipc   t5, 0x1
core   0: 3 0x8000ef64 (0x00001f17) x30 0x8000ff64
core   0: 0x8000ef68 (0x083f2e23) sw      gp, 156(t5)
core   0: 3 0x8000ef68 (0x083f2e23) mem 0x80010000 0x00000001
core   0: 0x8000ef6c (0x0000bfe5) c.j     pc - 8
core   0: 3 0x8000ef6c (0xbfe5)
core   0: 0x8000ef64 (0x00001f17) auipc   t5, 0x1
core   0: 3 0x8000ef64 (0x00001f17) x30 0x8000ff64
core   0: 0x8000ef68 (0x083f2e23) sw      gp, 156(t5)
core   0: 3 0x8000ef68 (0x083f2e23) mem 0x80010000 0x00000001
core   0: 0x8000ef6c (0x0000bfe5) c.j     pc - 8
core   0: 3 0x8000ef6c (0xbfe5)
core   0: 0x8000ef64 (0x00001f17) auipc   t5, 0x1
core   0: 3 0x8000ef64 (0x00001f17) x30 0x8000ff64
core   0: 0x8000ef68 (0x083f2e23) sw      gp, 156(t5)
core   0: 3 0x8000ef68 (0x083f2e23) mem 0x80010000 0x00000001
core   0: 0x8000ef6c (0x0000bfe5) c.j     pc - 8
core   0: 3 0x8000ef6c (0xbfe5)
core   0: 0x8000ef64 (0x00001f17) auipc   t5, 0x1
core   0: 3 0x8000ef64 (0x00001f17) x30 0x8000ff64
core   0: 0x8000ef68 (0x083f2e23) sw      gp, 156(t5)
core   0: 3 0x8000ef68 (0x083f2e23) mem 0x80010000 0x00000001
core   0: 0x8000ef6c (0x0000bfe5) c.j     pc - 8
core   0: 3 0x8000ef6c (0xbfe5)
core   0: 0x8000ef64 (0x00001f17) auipc   t5, 0x1
core   0: 3 0x8000ef64 (0x00001f17) x30 0x8000ff64
core   0: 0x8000ef68 (0x083f2e23) sw      gp, 156(t5)
core   0: 3 0x8000ef68 (0x083f2e23) mem 0x80010000 0x00000001
core   0: 0x8000ef6c (0x0000bfe5) c.j     pc - 8
core   0: 3 0x8000ef6c (0xbfe5)
core   0: 0x8000ef64 (0x00001f17) auipc   t5, 0x1
core   0: 3 0x8000ef64 (0x00001f17) x30 0x8000ff64
core   0: 0x8000ef68 (0x083f2e23) sw      gp, 156(t5)
core   0: 3 0x8000ef68 (0x083f2e23) mem 0x80010000 0x00000001
core   0: 0x8000ef6c (0x0000bfe5) c.j     pc - 8
core   0: 3 0x8000ef6c (0xbfe5)
core   0: 0x8000ef64 (0x00001f17) auipc   t5, 0x1
core   0: 3 0x8000ef64 (0x00001f17) x30 0x8000ff64
core   0: 0x8000ef68 (0x083f2e23) sw      gp, 156(t5)
core   0: 3 0x8000ef68 (0x083f2e23) mem 0x80010000 0x00000001
core   0: 0x8000ef6c (0x0000bfe5) c.j     pc - 8
core   0: 3 0x8000ef6c (0xbfe5)
core   0: 0x8000ef64 (0x00001f17) auipc   t5, 0x1
core   0: 3 0x8000ef64 (0x00001f17) x30 0x8000ff64
core   0: 0x8000ef68 (0x083f2e23) sw      gp, 156(t5)
core   0: 3 0x8000ef68 (0x083f2e23) mem 0x80010000 0x00000001
core   0: 0x8000ef6c (0x0000bfe5) c.j     pc - 8
core   0: 3 0x8000ef6c (0xbfe5)
core   0: 0x8000ef64 (0x00001f17) auipc   t5, 0x1
core   0: 3 0x8000ef64 (0x00001f17) x30 0x8000ff64
core   0: 0x8000ef68 (0x083f2e23) sw      gp, 156(t5)
core   0: 3 0x8000ef68 (0x083f2e23) mem 0x80010000 0x00000001
core   0: 0x8000ef6c (0x0000bfe5) c.j     pc - 8
core   0: 3 0x8000ef6c (0xbfe5)
core   0: 0x8000ef64 (0x00001f17) auipc   t5, 0x1
core   0: 3 0x8000ef64 (0x00001f17) x30 0x8000ff64
core   0: 0x8000ef68 (0x083f2e23) sw      gp, 156(t5)
core   0: 3 0x8000ef68 (0x083f2e23) mem 0x80010000 0x00000001
core   0: 0x8000ef6c (0x0000bfe5) c.j     pc - 8
core   0: 3 0x8000ef6c (0xbfe5)
core   0: 0x8000ef64 (0x00001f17) auipc   t5, 0x1
core   0: 3 0x8000ef64 (0x00001f17) x30 0x8000ff64
core   0: 0x8000ef68 (0x083f2e23) sw      gp, 156(t5)
core   0: 3 0x8000ef68 (0x083f2e23) mem 0x80010000 0x00000001
core   0: 0x8000ef6c (0x0000bfe5) c.j     pc - 8
core   0: 3 0x8000ef6c (0xbfe5)
core   0: 0x8000ef64 (0x00001f17) auipc   t5, 0x1
core   0: 3 0x8000ef64 (0x00001f17) x30 0x8000ff64
core   0: 0x8000ef68 (0x083f2e23) sw      gp, 156(t5)
core   0: 3 0x8000ef68 (0x083f2e23) mem 0x80010000 0x00000001
core   0: 0x8000ef6c (0x0000bfe5) c.j     pc - 8
core   0: 3 0x8000ef6c (0xbfe5)
core   0: 0x8000ef64 (0x00001f17) auipc   t5, 0x1
core   0: 3 0x8000ef64 (0x00001f17) x30 0x8000ff64
core   0: 0x8000ef68 (0x083f2e23) sw      gp, 156(t5)
core   0: 3 0x8000ef68 (0x083f2e23) mem 0x80010000 0x00000001
core   0: 0x8000ef6c (0x0000bfe5) c.j     pc - 8
core   0: 3 0x8000ef6c (0xbfe5)
core   0: 0x8000ef64 (0x00001f17) auipc   t5, 0x1
core   0: 3 0x8000ef64 (0x00001f17) x30 0x8000ff64
core   0: 0x8000ef68 (0x083f2e23) sw      gp, 156(t5)
core   0: 3 0x8000ef68 (0x083f2e23) mem 0x80010000 0x00000001
core   0: 0x8000ef6c (0x0000bfe5) c.j     pc - 8
core   0: 3 0x8000ef6c (0xbfe5)
core   0: 0x8000ef64 (0x00001f17) auipc   t5, 0x1
core   0: 3 0x8000ef64 (0x00001f17) x30 0x8000ff64
core   0: 0x8000ef68 (0x083f2e23) sw      gp, 156(t5)
core   0: 3 0x8000ef68 (0x083f2e23) mem 0x80010000 0x00000001
core   0: 0x8000ef6c (0x0000bfe5) c.j     pc - 8
core   0: 3 0x8000ef6c (0xbfe5)
core   0: 0x8000ef64 (0x00001f17) auipc   t5, 0x1
core   0: 3 0x8000ef64 (0x00001f17) x30 0x8000ff64
core   0: 0x8000ef68 (0x083f2e23) sw      gp, 156(t5)
core   0: 3 0x8000ef68 (0x083f2e23) mem 0x80010000 0x00000001
core   0: 0x8000ef6c (0x0000bfe5) c.j     pc - 8
core   0: 3 0x8000ef6c (0xbfe5)
core   0: 0x8000ef64 (0x00001f17) auipc   t5, 0x1
core   0: 3 0x8000ef64 (0x00001f17) x30 0x8000ff64
core   0: 0x8000ef68 (0x083f2e23) sw      gp, 156(t5)
core   0: 3 0x8000ef68 (0x083f2e23) mem 0x80010000 0x00000001
core   0: 0x8000ef6c (0x0000bfe5) c.j     pc - 8
core   0: 3 0x8000ef6c (0xbfe5)
core   0: 0x8000ef64 (0x00001f17) auipc   t5, 0x1
core   0: 3 0x8000ef64 (0x00001f17) x30 0x8000ff64
core   0: 0x8000ef68 (0x083f2e23) sw      gp, 156(t5)
core   0: 3 0x8000ef68 (0x083f2e23) mem 0x80010000 0x00000001
core   0: 0x8000ef6c (0x0000bfe5) c.j     pc - 8
core   0: 3 0x8000ef6c (0xbfe5)
core   0: 0x8000ef64 (0x00001f17) auipc   t5, 0x1
core   0: 3 0x8000ef64 (0x00001f17) x30 0x8000ff64
core   0: 0x8000ef68 (0x083f2e23) sw      gp, 156(t5)
core   0: 3 0x8000ef68 (0x083f2e23) mem 0x80010000 0x00000001
core   0: 0x8000ef6c (0x0000bfe5) c.j     pc - 8
core   0: 3 0x8000ef6c (0xbfe5)
core   0: 0x8000ef64 (0x00001f17) auipc   t5, 0x1
core   0: 3 0x8000ef64 (0x00001f17) x30 0x8000ff64
core   0: 0x8000ef68 (0x083f2e23) sw      gp, 156(t5)
core   0: 3 0x8000ef68 (0x083f2e23) mem 0x80010000 0x00000001
core   0: 0x8000ef6c (0x0000bfe5) c.j     pc - 8
core   0: 3 0x8000ef6c (0xbfe5)
core   0: 0x8000ef64 (0x00001f17) auipc   t5, 0x1
core   0: 3 0x8000ef64 (0x00001f17) x30 0x8000ff64
core   0: 0x8000ef68 (0x083f2e23) sw      gp, 156(t5)
core   0: 3 0x8000ef68 (0x083f2e23) mem 0x80010000 0x00000001
core   0: 0x8000ef6c (0x0000bfe5) c.j     pc - 8
core   0: 3 0x8000ef6c (0xbfe5)
core   0: 0x8000ef64 (0x00001f17) auipc   t5, 0x1
core   0: 3 0x8000ef64 (0x00001f17) x30 0x8000ff64
core   0: 0x8000ef68 (0x083f2e23) sw      gp, 156(t5)
core   0: 3 0x8000ef68 (0x083f2e23) mem 0x80010000 0x00000001
core   0: 0x8000ef6c (0x0000bfe5) c.j     pc - 8
core   0: 3 0x8000ef6c (0xbfe5)
core   0: 0x8000ef64 (0x00001f17) auipc   t5, 0x1
core   0: 3 0x8000ef64 (0x00001f17) x30 0x8000ff64
core   0: 0x8000ef68 (0x083f2e23) sw      gp, 156(t5)
core   0: 3 0x8000ef68 (0x083f2e23) mem 0x80010000 0x00000001
core   0: 0x8000ef6c (0x0000bfe5) c.j     pc - 8
core   0: 3 0x8000ef6c (0xbfe5)
core   0: 0x8000ef64 (0x00001f17) auipc   t5, 0x1
core   0: 3 0x8000ef64 (0x00001f17) x30 0x8000ff64
core   0: 0x8000ef68 (0x083f2e23) sw      gp, 156(t5)
core   0: 3 0x8000ef68 (0x083f2e23) mem 0x80010000 0x00000001
core   0: 0x8000ef6c (0x0000bfe5) c.j     pc - 8
core   0: 3 0x8000ef6c (0xbfe5)
core   0: 0x8000ef64 (0x00001f17) auipc   t5, 0x1
core   0: 3 0x8000ef64 (0x00001f17) x30 0x8000ff64
core   0: 0x8000ef68 (0x083f2e23) sw      gp, 156(t5)
core   0: 3 0x8000ef68 (0x083f2e23) mem 0x80010000 0x00000001
core   0: 0x8000ef6c (0x0000bfe5) c.j     pc - 8
core   0: 3 0x8000ef6c (0xbfe5)
core   0: 0x8000ef64 (0x00001f17) auipc   t5, 0x1
core   0: 3 0x8000ef64 (0x00001f17) x30 0x8000ff64
core   0: 0x8000ef68 (0x083f2e23) sw      gp, 156(t5)
core   0: 3 0x8000ef68 (0x083f2e23) mem 0x80010000 0x00000001
core   0: 0x8000ef6c (0x0000bfe5) c.j     pc - 8
core   0: 3 0x8000ef6c (0xbfe5)
core   0: 0x8000ef64 (0x00001f17) auipc   t5, 0x1
core   0: 3 0x8000ef64 (0x00001f17) x30 0x8000ff64
core   0: 0x8000ef68 (0x083f2e23) sw      gp, 156(t5)
core   0: 3 0x8000ef68 (0x083f2e23) mem 0x80010000 0x00000001
core   0: 0x8000ef6c (0x0000bfe5) c.j     pc - 8
core   0: 3 0x8000ef6c (0xbfe5)
core   0: 0x8000ef64 (0x00001f17) auipc   t5, 0x1
core   0: 3 0x8000ef64 (0x00001f17) x30 0x8000ff64
core   0: 0x8000ef68 (0x083f2e23) sw      gp, 156(t5)
core   0: 3 0x8000ef68 (0x083f2e23) mem 0x80010000 0x00000001
core   0: 0x8000ef6c (0x0000bfe5) c.j     pc - 8
core   0: 3 0x8000ef6c (0xbfe5)
core   0: 0x8000ef64 (0x00001f17) auipc   t5, 0x1
core   0: 3 0x8000ef64 (0x00001f17) x30 0x8000ff64
core   0: 0x8000ef68 (0x083f2e23) sw      gp, 156(t5)
core   0: 3 0x8000ef68 (0x083f2e23) mem 0x80010000 0x00000001
core   0: 0x8000ef6c (0x0000bfe5) c.j     pc - 8
core   0: 3 0x8000ef6c (0xbfe5)
core   0: 0x8000ef64 (0x00001f17) auipc   t5, 0x1
core   0: 3 0x8000ef64 (0x00001f17) x30 0x8000ff64
core   0: 0x8000ef68 (0x083f2e23) sw      gp, 156(t5)
core   0: 3 0x8000ef68 (0x083f2e23) mem 0x80010000 0x00000001
core   0: 0x8000ef6c (0x0000bfe5) c.j     pc - 8
core   0: 3 0x8000ef6c (0xbfe5)
core   0: 0x8000ef64 (0x00001f17) auipc   t5, 0x1
core   0: 3 0x8000ef64 (0x00001f17) x30 0x8000ff64
core   0: 0x8000ef68 (0x083f2e23) sw      gp, 156(t5)
core   0: 3 0x8000ef68 (0x083f2e23) mem 0x80010000 0x00000001
core   0: 0x8000ef6c (0x0000bfe5) c.j     pc - 8
core   0: 3 0x8000ef6c (0xbfe5)
core   0: 0x8000ef64 (0x00001f17) auipc   t5, 0x1
core   0: 3 0x8000ef64 (0x00001f17) x30 0x8000ff64
core   0: 0x8000ef68 (0x083f2e23) sw      gp, 156(t5)
core   0: 3 0x8000ef68 (0x083f2e23) mem 0x80010000 0x00000001
core   0: 0x8000ef6c (0x0000bfe5) c.j     pc - 8
core   0: 3 0x8000ef6c (0xbfe5)
core   0: 0x8000ef64 (0x00001f17) auipc   t5, 0x1
core   0: 3 0x8000ef64 (0x00001f17) x30 0x8000ff64
core   0: 0x8000ef68 (0x083f2e23) sw      gp, 156(t5)
core   0: 3 0x8000ef68 (0x083f2e23) mem 0x80010000 0x00000001
core   0: 0x8000ef6c (0x0000bfe5) c.j     pc - 8
core   0: 3 0x8000ef6c (0xbfe5)
core   0: 0x8000ef64 (0x00001f17) auipc   t5, 0x1
core   0: 3 0x8000ef64 (0x00001f17) x30 0x8000ff64
core   0: 0x8000ef68 (0x083f2e23) sw      gp, 156(t5)
core   0: 3 0x8000ef68 (0x083f2e23) mem 0x80010000 0x00000001
core   0: 0x8000ef6c (0x0000bfe5) c.j     pc - 8
core   0: 3 0x8000ef6c (0xbfe5)
core   0: 0x8000ef64 (0x00001f17) auipc   t5, 0x1
core   0: 3 0x8000ef64 (0x00001f17) x30 0x8000ff64
core   0: 0x8000ef68 (0x083f2e23) sw      gp, 156(t5)
core   0: 3 0x8000ef68 (0x083f2e23) mem 0x80010000 0x00000001
core   0: 0x8000ef6c (0x0000bfe5) c.j     pc - 8
core   0: 3 0x8000ef6c (0xbfe5)
core   0: 0x8000ef64 (0x00001f17) auipc   t5, 0x1
core   0: 3 0x8000ef64 (0x00001f17) x30 0x8000ff64
core   0: 0x8000ef68 (0x083f2e23) sw      gp, 156(t5)
core   0: 3 0x8000ef68 (0x083f2e23) mem 0x80010000 0x00000001
core   0: 0x8000ef6c (0x0000bfe5) c.j     pc - 8
core   0: 3 0x8000ef6c (0xbfe5)
core   0: 0x8000ef64 (0x00001f17) auipc   t5, 0x1
core   0: 3 0x8000ef64 (0x00001f17) x30 0x8000ff64
core   0: 0x8000ef68 (0x083f2e23) sw      gp, 156(t5)
core   0: 3 0x8000ef68 (0x083f2e23) mem 0x80010000 0x00000001
core   0: 0x8000ef6c (0x0000bfe5) c.j     pc - 8
core   0: 3 0x8000ef6c (0xbfe5)
core   0: 0x8000ef64 (0x00001f17) auipc   t5, 0x1
core   0: 3 0x8000ef64 (0x00001f17) x30 0x8000ff64
core   0: 0x8000ef68 (0x083f2e23) sw      gp, 156(t5)
core   0: 3 0x8000ef68 (0x083f2e23) mem 0x80010000 0x00000001
core   0: 0x8000ef6c (0x0000bfe5) c.j     pc - 8
core   0: 3 0x8000ef6c (0xbfe5)
core   0: 0x8000ef64 (0x00001f17) auipc   t5, 0x1
core   0: 3 0x8000ef64 (0x00001f17) x30 0x8000ff64
core   0: 0x8000ef68 (0x083f2e23) sw      gp, 156(t5)
core   0: 3 0x8000ef68 (0x083f2e23) mem 0x80010000 0x00000001
core   0: 0x8000ef6c (0x0000bfe5) c.j     pc - 8
core   0: 3 0x8000ef6c (0xbfe5)
core   0: 0x8000ef64 (0x00001f17) auipc   t5, 0x1
core   0: 3 0x8000ef64 (0x00001f17) x30 0x8000ff64
core   0: 0x8000ef68 (0x083f2e23) sw      gp, 156(t5)
core   0: 3 0x8000ef68 (0x083f2e23) mem 0x80010000 0x00000001
core   0: 0x8000ef6c (0x0000bfe5) c.j     pc - 8
core   0: 3 0x8000ef6c (0xbfe5)
core   0: 0x8000ef64 (0x00001f17) auipc   t5, 0x1
core   0: 3 0x8000ef64 (0x00001f17) x30 0x8000ff64
core   0: 0x8000ef68 (0x083f2e23) sw      gp, 156(t5)
core   0: 3 0x8000ef68 (0x083f2e23) mem 0x80010000 0x00000001
core   0: 0x8000ef6c (0x0000bfe5) c.j     pc - 8
core   0: 3 0x8000ef6c (0xbfe5)
core   0: 0x8000ef64 (0x00001f17) auipc   t5, 0x1
core   0: 3 0x8000ef64 (0x00001f17) x30 0x8000ff64
core   0: 0x8000ef68 (0x083f2e23) sw      gp, 156(t5)
core   0: 3 0x8000ef68 (0x083f2e23) mem 0x80010000 0x00000001
core   0: 0x8000ef6c (0x0000bfe5) c.j     pc - 8
core   0: 3 0x8000ef6c (0xbfe5)
core   0: 0x8000ef64 (0x00001f17) auipc   t5, 0x1
core   0: 3 0x8000ef64 (0x00001f17) x30 0x8000ff64
core   0: 0x8000ef68 (0x083f2e23) sw      gp, 156(t5)
core   0: 3 0x8000ef68 (0x083f2e23) mem 0x80010000 0x00000001
core   0: 0x8000ef6c (0x0000bfe5) c.j     pc - 8
core   0: 3 0x8000ef6c (0xbfe5)
core   0: 0x8000ef64 (0x00001f17) auipc   t5, 0x1
core   0: 3 0x8000ef64 (0x00001f17) x30 0x8000ff64
core   0: 0x8000ef68 (0x083f2e23) sw      gp, 156(t5)
core   0: 3 0x8000ef68 (0x083f2e23) mem 0x80010000 0x00000001
core   0: 0x8000ef6c (0x0000bfe5) c.j     pc - 8
core   0: 3 0x8000ef6c (0xbfe5)
core   0: 0x8000ef64 (0x00001f17) auipc   t5, 0x1
core   0: 3 0x8000ef64 (0x00001f17) x30 0x8000ff64
core   0: 0x8000ef68 (0x083f2e23) sw      gp, 156(t5)
core   0: 3 0x8000ef68 (0x083f2e23) mem 0x80010000 0x00000001
core   0: 0x8000ef6c (0x0000bfe5) c.j     pc - 8
core   0: 3 0x8000ef6c (0xbfe5)
core   0: 0x8000ef64 (0x00001f17) auipc   t5, 0x1
core   0: 3 0x8000ef64 (0x00001f17) x30 0x8000ff64
core   0: 0x8000ef68 (0x083f2e23) sw      gp, 156(t5)
core   0: 3 0x8000ef68 (0x083f2e23) mem 0x80010000 0x00000001
core   0: 0x8000ef6c (0x0000bfe5) c.j     pc - 8
core   0: 3 0x8000ef6c (0xbfe5)
core   0: 0x8000ef64 (0x00001f17) auipc   t5, 0x1
core   0: 3 0x8000ef64 (0x00001f17) x30 0x8000ff64
core   0: 0x8000ef68 (0x083f2e23) sw      gp, 156(t5)
core   0: 3 0x8000ef68 (0x083f2e23) mem 0x80010000 0x00000001
core   0: 0x8000ef6c (0x0000bfe5) c.j     pc - 8
core   0: 3 0x8000ef6c (0xbfe5)
core   0: 0x8000ef64 (0x00001f17) auipc   t5, 0x1
core   0: 3 0x8000ef64 (0x00001f17) x30 0x8000ff64
core   0: 0x8000ef68 (0x083f2e23) sw      gp, 156(t5)
core   0: 3 0x8000ef68 (0x083f2e23) mem 0x80010000 0x00000001
core   0: 0x8000ef6c (0x0000bfe5) c.j     pc - 8
core   0: 3 0x8000ef6c (0xbfe5)
core   0: 0x8000ef64 (0x00001f17) auipc   t5, 0x1
core   0: 3 0x8000ef64 (0x00001f17) x30 0x8000ff64
core   0: 0x8000ef68 (0x083f2e23) sw      gp, 156(t5)
core   0: 3 0x8000ef68 (0x083f2e23) mem 0x80010000 0x00000001
core   0: 0x8000ef6c (0x0000bfe5) c.j     pc - 8
core   0: 3 0x8000ef6c (0xbfe5)
core   0: 0x8000ef64 (0x00001f17) auipc   t5, 0x1
core   0: 3 0x8000ef64 (0x00001f17) x30 0x8000ff64
core   0: 0x8000ef68 (0x083f2e23) sw      gp, 156(t5)
core   0: 3 0x8000ef68 (0x083f2e23) mem 0x80010000 0x00000001
core   0: 0x8000ef6c (0x0000bfe5) c.j     pc - 8
core   0: 3 0x8000ef6c (0xbfe5)
core   0: 0x8000ef64 (0x00001f17) auipc   t5, 0x1
core   0: 3 0x8000ef64 (0x00001f17) x30 0x8000ff64
core   0: 0x8000ef68 (0x083f2e23) sw      gp, 156(t5)
core   0: 3 0x8000ef68 (0x083f2e23) mem 0x80010000 0x00000001
core   0: 0x8000ef6c (0x0000bfe5) c.j     pc - 8
core   0: 3 0x8000ef6c (0xbfe5)
core   0: 0x8000ef64 (0x00001f17) auipc   t5, 0x1
core   0: 3 0x8000ef64 (0x00001f17) x30 0x8000ff64
core   0: 0x8000ef68 (0x083f2e23) sw      gp, 156(t5)
core   0: 3 0x8000ef68 (0x083f2e23) mem 0x80010000 0x00000001
core   0: 0x8000ef6c (0x0000bfe5) c.j     pc - 8
core   0: 3 0x8000ef6c (0xbfe5)
core   0: 0x8000ef64 (0x00001f17) auipc   t5, 0x1
core   0: 3 0x8000ef64 (0x00001f17) x30 0x8000ff64
core   0: 0x8000ef68 (0x083f2e23) sw      gp, 156(t5)
core   0: 3 0x8000ef68 (0x083f2e23) mem 0x80010000 0x00000001
core   0: 0x8000ef6c (0x0000bfe5) c.j     pc - 8
core   0: 3 0x8000ef6c (0xbfe5)
core   0: 0x8000ef64 (0x00001f17) auipc   t5, 0x1
core   0: 3 0x8000ef64 (0x00001f17) x30 0x8000ff64
core   0: 0x8000ef68 (0x083f2e23) sw      gp, 156(t5)
core   0: 3 0x8000ef68 (0x083f2e23) mem 0x80010000 0x00000001
core   0: 0x8000ef6c (0x0000bfe5) c.j     pc - 8
core   0: 3 0x8000ef6c (0xbfe5)
core   0: 0x8000ef64 (0x00001f17) auipc   t5, 0x1
core   0: 3 0x8000ef64 (0x00001f17) x30 0x8000ff64
core   0: 0x8000ef68 (0x083f2e23) sw      gp, 156(t5)
core   0: 3 0x8000ef68 (0x083f2e23) mem 0x80010000 0x00000001
core   0: 0x8000ef6c (0x0000bfe5) c.j     pc - 8
core   0: 3 0x8000ef6c (0xbfe5)
core   0: 0x8000ef64 (0x00001f17) auipc   t5, 0x1
core   0: 3 0x8000ef64 (0x00001f17) x30 0x8000ff64
core   0: 0x8000ef68 (0x083f2e23) sw      gp, 156(t5)
core   0: 3 0x8000ef68 (0x083f2e23) mem 0x80010000 0x00000001
core   0: 0x8000ef6c (0x0000bfe5) c.j     pc - 8
core   0: 3 0x8000ef6c (0xbfe5)
core   0: 0x8000ef64 (0x00001f17) auipc   t5, 0x1
core   0: 3 0x8000ef64 (0x00001f17) x30 0x8000ff64
core   0: 0x8000ef68 (0x083f2e23) sw      gp, 156(t5)
core   0: 3 0x8000ef68 (0x083f2e23) mem 0x80010000 0x00000001
core   0: 0x8000ef6c (0x0000bfe5) c.j     pc - 8
core   0: 3 0x8000ef6c (0xbfe5)
core   0: 0x8000ef64 (0x00001f17) auipc   t5, 0x1
core   0: 3 0x8000ef64 (0x00001f17) x30 0x8000ff64
core   0: 0x8000ef68 (0x083f2e23) sw      gp, 156(t5)
core   0: 3 0x8000ef68 (0x083f2e23) mem 0x80010000 0x00000001
core   0: 0x8000ef6c (0x0000bfe5) c.j     pc - 8
core   0: 3 0x8000ef6c (0xbfe5)
core   0: 0x8000ef64 (0x00001f17) auipc   t5, 0x1
core   0: 3 0x8000ef64 (0x00001f17) x30 0x8000ff64
core   0: 0x8000ef68 (0x083f2e23) sw      gp, 156(t5)
core   0: 3 0x8000ef68 (0x083f2e23) mem 0x80010000 0x00000001
core   0: 0x8000ef6c (0x0000bfe5) c.j     pc - 8
core   0: 3 0x8000ef6c (0xbfe5)
core   0: 0x8000ef64 (0x00001f17) auipc   t5, 0x1
core   0: 3 0x8000ef64 (0x00001f17) x30 0x8000ff64
core   0: 0x8000ef68 (0x083f2e23) sw      gp, 156(t5)
core   0: 3 0x8000ef68 (0x083f2e23) mem 0x80010000 0x00000001
core   0: 0x8000ef6c (0x0000bfe5) c.j     pc - 8
core   0: 3 0x8000ef6c (0xbfe5)
core   0: 0x8000ef64 (0x00001f17) auipc   t5, 0x1
core   0: 3 0x8000ef64 (0x00001f17) x30 0x8000ff64
core   0: 0x8000ef68 (0x083f2e23) sw      gp, 156(t5)
core   0: 3 0x8000ef68 (0x083f2e23) mem 0x80010000 0x00000001
core   0: 0x8000ef6c (0x0000bfe5) c.j     pc - 8
core   0: 3 0x8000ef6c (0xbfe5)
core   0: 0x8000ef64 (0x00001f17) auipc   t5, 0x1
core   0: 3 0x8000ef64 (0x00001f17) x30 0x8000ff64
core   0: 0x8000ef68 (0x083f2e23) sw      gp, 156(t5)
core   0: 3 0x8000ef68 (0x083f2e23) mem 0x80010000 0x00000001
core   0: 0x8000ef6c (0x0000bfe5) c.j     pc - 8
core   0: 3 0x8000ef6c (0xbfe5)
core   0: 0x8000ef64 (0x00001f17) auipc   t5, 0x1
core   0: 3 0x8000ef64 (0x00001f17) x30 0x8000ff64
core   0: 0x8000ef68 (0x083f2e23) sw      gp, 156(t5)
core   0: 3 0x8000ef68 (0x083f2e23) mem 0x80010000 0x00000001
core   0: 0x8000ef6c (0x0000bfe5) c.j     pc - 8
core   0: 3 0x8000ef6c (0xbfe5)
core   0: 0x8000ef64 (0x00001f17) auipc   t5, 0x1
core   0: 3 0x8000ef64 (0x00001f17) x30 0x8000ff64
core   0: 0x8000ef68 (0x083f2e23) sw      gp, 156(t5)
core   0: 3 0x8000ef68 (0x083f2e23) mem 0x80010000 0x00000001
core   0: 0x8000ef6c (0x0000bfe5) c.j     pc - 8
core   0: 3 0x8000ef6c (0xbfe5)
core   0: 0x8000ef64 (0x00001f17) auipc   t5, 0x1
core   0: 3 0x8000ef64 (0x00001f17) x30 0x8000ff64
core   0: 0x8000ef68 (0x083f2e23) sw      gp, 156(t5)
core   0: 3 0x8000ef68 (0x083f2e23) mem 0x80010000 0x00000001
core   0: 0x8000ef6c (0x0000bfe5) c.j     pc - 8
core   0: 3 0x8000ef6c (0xbfe5)
core   0: 0x8000ef64 (0x00001f17) auipc   t5, 0x1
core   0: 3 0x8000ef64 (0x00001f17) x30 0x8000ff64
core   0: 0x8000ef68 (0x083f2e23) sw      gp, 156(t5)
core   0: 3 0x8000ef68 (0x083f2e23) mem 0x80010000 0x00000001
core   0: 0x8000ef6c (0x0000bfe5) c.j     pc - 8
core   0: 3 0x8000ef6c (0xbfe5)
core   0: 0x8000ef64 (0x00001f17) auipc   t5, 0x1
core   0: 3 0x8000ef64 (0x00001f17) x30 0x8000ff64
core   0: 0x8000ef68 (0x083f2e23) sw      gp, 156(t5)
core   0: 3 0x8000ef68 (0x083f2e23) mem 0x80010000 0x00000001
core   0: 0x8000ef6c (0x0000bfe5) c.j     pc - 8
core   0: 3 0x8000ef6c (0xbfe5)
core   0: 0x8000ef64 (0x00001f17) auipc   t5, 0x1
core   0: 3 0x8000ef64 (0x00001f17) x30 0x8000ff64
core   0: 0x8000ef68 (0x083f2e23) sw      gp, 156(t5)
core   0: 3 0x8000ef68 (0x083f2e23) mem 0x80010000 0x00000001
core   0: 0x8000ef6c (0x0000bfe5) c.j     pc - 8
core   0: 3 0x8000ef6c (0xbfe5)
core   0: 0x8000ef64 (0x00001f17) auipc   t5, 0x1
core   0: 3 0x8000ef64 (0x00001f17) x30 0x8000ff64
core   0: 0x8000ef68 (0x083f2e23) sw      gp, 156(t5)
core   0: 3 0x8000ef68 (0x083f2e23) mem 0x80010000 0x00000001
core   0: 0x8000ef6c (0x0000bfe5) c.j     pc - 8
core   0: 3 0x8000ef6c (0xbfe5)
core   0: 0x8000ef64 (0x00001f17) auipc   t5, 0x1
core   0: 3 0x8000ef64 (0x00001f17) x30 0x8000ff64
core   0: 0x8000ef68 (0x083f2e23) sw      gp, 156(t5)
core   0: 3 0x8000ef68 (0x083f2e23) mem 0x80010000 0x00000001
core   0: 0x8000ef6c (0x0000bfe5) c.j     pc - 8
core   0: 3 0x8000ef6c (0xbfe5)
core   0: 0x8000ef64 (0x00001f17) auipc   t5, 0x1
core   0: 3 0x8000ef64 (0x00001f17) x30 0x8000ff64
core   0: 0x8000ef68 (0x083f2e23) sw      gp, 156(t5)
core   0: 3 0x8000ef68 (0x083f2e23) mem 0x80010000 0x00000001
core   0: 0x8000ef6c (0x0000bfe5) c.j     pc - 8
core   0: 3 0x8000ef6c (0xbfe5)
core   0: 0x8000ef64 (0x00001f17) auipc   t5, 0x1
core   0: 3 0x8000ef64 (0x00001f17) x30 0x8000ff64
core   0: 0x8000ef68 (0x083f2e23) sw      gp, 156(t5)
core   0: 3 0x8000ef68 (0x083f2e23) mem 0x80010000 0x00000001
core   0: 0x8000ef6c (0x0000bfe5) c.j     pc - 8
core   0: 3 0x8000ef6c (0xbfe5)
core   0: 0x8000ef64 (0x00001f17) auipc   t5, 0x1
core   0: 3 0x8000ef64 (0x00001f17) x30 0x8000ff64
core   0: 0x8000ef68 (0x083f2e23) sw      gp, 156(t5)
core   0: 3 0x8000ef68 (0x083f2e23) mem 0x80010000 0x00000001
core   0: 0x8000ef6c (0x0000bfe5) c.j     pc - 8
core   0: 3 0x8000ef6c (0xbfe5)
core   0: 0x8000ef64 (0x00001f17) auipc   t5, 0x1
core   0: 3 0x8000ef64 (0x00001f17) x30 0x8000ff64
core   0: 0x8000ef68 (0x083f2e23) sw      gp, 156(t5)
core   0: 3 0x8000ef68 (0x083f2e23) mem 0x80010000 0x00000001
core   0: 0x8000ef6c (0x0000bfe5) c.j     pc - 8
core   0: 3 0x8000ef6c (0xbfe5)
core   0: 0x8000ef64 (0x00001f17) auipc   t5, 0x1
core   0: 3 0x8000ef64 (0x00001f17) x30 0x8000ff64
core   0: 0x8000ef68 (0x083f2e23) sw      gp, 156(t5)
core   0: 3 0x8000ef68 (0x083f2e23) mem 0x80010000 0x00000001
core   0: 0x8000ef6c (0x0000bfe5) c.j     pc - 8
core   0: 3 0x8000ef6c (0xbfe5)
core   0: 0x8000ef64 (0x00001f17) auipc   t5, 0x1
core   0: 3 0x8000ef64 (0x00001f17) x30 0x8000ff64
core   0: 0x8000ef68 (0x083f2e23) sw      gp, 156(t5)
core   0: 3 0x8000ef68 (0x083f2e23) mem 0x80010000 0x00000001
core   0: 0x8000ef6c (0x0000bfe5) c.j     pc - 8
core   0: 3 0x8000ef6c (0xbfe5)
core   0: 0x8000ef64 (0x00001f17) auipc   t5, 0x1
core   0: 3 0x8000ef64 (0x00001f17) x30 0x8000ff64
core   0: 0x8000ef68 (0x083f2e23) sw      gp, 156(t5)
core   0: 3 0x8000ef68 (0x083f2e23) mem 0x80010000 0x00000001
core   0: 0x8000ef6c (0x0000bfe5) c.j     pc - 8
core   0: 3 0x8000ef6c (0xbfe5)
core   0: 0x8000ef64 (0x00001f17) auipc   t5, 0x1
core   0: 3 0x8000ef64 (0x00001f17) x30 0x8000ff64
core   0: 0x8000ef68 (0x083f2e23) sw      gp, 156(t5)
core   0: 3 0x8000ef68 (0x083f2e23) mem 0x80010000 0x00000001
core   0: 0x8000ef6c (0x0000bfe5) c.j     pc - 8
core   0: 3 0x8000ef6c (0xbfe5)
core   0: 0x8000ef64 (0x00001f17) auipc   t5, 0x1
core   0: 3 0x8000ef64 (0x00001f17) x30 0x8000ff64
core   0: 0x8000ef68 (0x083f2e23) sw      gp, 156(t5)
core   0: 3 0x8000ef68 (0x083f2e23) mem 0x80010000 0x00000001
core   0: 0x8000ef6c (0x0000bfe5) c.j     pc - 8
core   0: 3 0x8000ef6c (0xbfe5)
core   0: 0x8000ef64 (0x00001f17) auipc   t5, 0x1
core   0: 3 0x8000ef64 (0x00001f17) x30 0x8000ff64
core   0: 0x8000ef68 (0x083f2e23) sw      gp, 156(t5)
core   0: 3 0x8000ef68 (0x083f2e23) mem 0x80010000 0x00000001
core   0: 0x8000ef6c (0x0000bfe5) c.j     pc - 8
core   0: 3 0x8000ef6c (0xbfe5)
core   0: 0x8000ef64 (0x00001f17) auipc   t5, 0x1
core   0: 3 0x8000ef64 (0x00001f17) x30 0x8000ff64
core   0: 0x8000ef68 (0x083f2e23) sw      gp, 156(t5)
core   0: 3 0x8000ef68 (0x083f2e23) mem 0x80010000 0x00000001
core   0: 0x8000ef6c (0x0000bfe5) c.j     pc - 8
core   0: 3 0x8000ef6c (0xbfe5)
core   0: 0x8000ef64 (0x00001f17) auipc   t5, 0x1
core   0: 3 0x8000ef64 (0x00001f17) x30 0x8000ff64
core   0: 0x8000ef68 (0x083f2e23) sw      gp, 156(t5)
core   0: 3 0x8000ef68 (0x083f2e23) mem 0x80010000 0x00000001
core   0: 0x8000ef6c (0x0000bfe5) c.j     pc - 8
core   0: 3 0x8000ef6c (0xbfe5)
core   0: 0x8000ef64 (0x00001f17) auipc   t5, 0x1
core   0: 3 0x8000ef64 (0x00001f17) x30 0x8000ff64
core   0: 0x8000ef68 (0x083f2e23) sw      gp, 156(t5)
core   0: 3 0x8000ef68 (0x083f2e23) mem 0x80010000 0x00000001
core   0: 0x8000ef6c (0x0000bfe5) c.j     pc - 8
core   0: 3 0x8000ef6c (0xbfe5)
core   0: 0x8000ef64 (0x00001f17) auipc   t5, 0x1
core   0: 3 0x8000ef64 (0x00001f17) x30 0x8000ff64
core   0: 0x8000ef68 (0x083f2e23) sw      gp, 156(t5)
core   0: 3 0x8000ef68 (0x083f2e23) mem 0x80010000 0x00000001
core   0: 0x8000ef6c (0x0000bfe5) c.j     pc - 8
core   0: 3 0x8000ef6c (0xbfe5)
core   0: 0x8000ef64 (0x00001f17) auipc   t5, 0x1
core   0: 3 0x8000ef64 (0x00001f17) x30 0x8000ff64
core   0: 0x8000ef68 (0x083f2e23) sw      gp, 156(t5)
core   0: 3 0x8000ef68 (0x083f2e23) mem 0x80010000 0x00000001
core   0: 0x8000ef6c (0x0000bfe5) c.j     pc - 8
core   0: 3 0x8000ef6c (0xbfe5)
core   0: 0x8000ef64 (0x00001f17) auipc   t5, 0x1
core   0: 3 0x8000ef64 (0x00001f17) x30 0x8000ff64
core   0: 0x8000ef68 (0x083f2e23) sw      gp, 156(t5)
core   0: 3 0x8000ef68 (0x083f2e23) mem 0x80010000 0x00000001
core   0: 0x8000ef6c (0x0000bfe5) c.j     pc - 8
core   0: 3 0x8000ef6c (0xbfe5)
core   0: 0x8000ef64 (0x00001f17) auipc   t5, 0x1
core   0: 3 0x8000ef64 (0x00001f17) x30 0x8000ff64
core   0: 0x8000ef68 (0x083f2e23) sw      gp, 156(t5)
core   0: 3 0x8000ef68 (0x083f2e23) mem 0x80010000 0x00000001
core   0: 0x8000ef6c (0x0000bfe5) c.j     pc - 8
core   0: 3 0x8000ef6c (0xbfe5)
core   0: 0x8000ef64 (0x00001f17) auipc   t5, 0x1
core   0: 3 0x8000ef64 (0x00001f17) x30 0x8000ff64
core   0: 0x8000ef68 (0x083f2e23) sw      gp, 156(t5)
core   0: 3 0x8000ef68 (0x083f2e23) mem 0x80010000 0x00000001
core   0: 0x8000ef6c (0x0000bfe5) c.j     pc - 8
core   0: 3 0x8000ef6c (0xbfe5)
core   0: 0x8000ef64 (0x00001f17) auipc   t5, 0x1
core   0: 3 0x8000ef64 (0x00001f17) x30 0x8000ff64
core   0: 0x8000ef68 (0x083f2e23) sw      gp, 156(t5)
core   0: 3 0x8000ef68 (0x083f2e23) mem 0x80010000 0x00000001
core   0: 0x8000ef6c (0x0000bfe5) c.j     pc - 8
core   0: 3 0x8000ef6c (0xbfe5)
core   0: 0x8000ef64 (0x00001f17) auipc   t5, 0x1
core   0: 3 0x8000ef64 (0x00001f17) x30 0x8000ff64
core   0: 0x8000ef68 (0x083f2e23) sw      gp, 156(t5)
core   0: 3 0x8000ef68 (0x083f2e23) mem 0x80010000 0x00000001
core   0: 0x8000ef6c (0x0000bfe5) c.j     pc - 8
core   0: 3 0x8000ef6c (0xbfe5)
core   0: 0x8000ef64 (0x00001f17) auipc   t5, 0x1
core   0: 3 0x8000ef64 (0x00001f17) x30 0x8000ff64
core   0: 0x8000ef68 (0x083f2e23) sw      gp, 156(t5)
core   0: 3 0x8000ef68 (0x083f2e23) mem 0x80010000 0x00000001
core   0: 0x8000ef6c (0x0000bfe5) c.j     pc - 8
core   0: 3 0x8000ef6c (0xbfe5)
core   0: 0x8000ef64 (0x00001f17) auipc   t5, 0x1
core   0: 3 0x8000ef64 (0x00001f17) x30 0x8000ff64
core   0: 0x8000ef68 (0x083f2e23) sw      gp, 156(t5)
core   0: 3 0x8000ef68 (0x083f2e23) mem 0x80010000 0x00000001
core   0: 0x8000ef6c (0x0000bfe5) c.j     pc - 8
core   0: 3 0x8000ef6c (0xbfe5)
core   0: 0x8000ef64 (0x00001f17) auipc   t5, 0x1
core   0: 3 0x8000ef64 (0x00001f17) x30 0x8000ff64
core   0: 0x8000ef68 (0x083f2e23) sw      gp, 156(t5)
core   0: 3 0x8000ef68 (0x083f2e23) mem 0x80010000 0x00000001
core   0: 0x8000ef6c (0x0000bfe5) c.j     pc - 8
core   0: 3 0x8000ef6c (0xbfe5)
core   0: 0x8000ef64 (0x00001f17) auipc   t5, 0x1
core   0: 3 0x8000ef64 (0x00001f17) x30 0x8000ff64
core   0: 0x8000ef68 (0x083f2e23) sw      gp, 156(t5)
core   0: 3 0x8000ef68 (0x083f2e23) mem 0x80010000 0x00000001
core   0: 0x8000ef6c (0x0000bfe5) c.j     pc - 8
core   0: 3 0x8000ef6c (0xbfe5)
core   0: 0x8000ef64 (0x00001f17) auipc   t5, 0x1
core   0: 3 0x8000ef64 (0x00001f17) x30 0x8000ff64
core   0: 0x8000ef68 (0x083f2e23) sw      gp, 156(t5)
core   0: 3 0x8000ef68 (0x083f2e23) mem 0x80010000 0x00000001
core   0: 0x8000ef6c (0x0000bfe5) c.j     pc - 8
core   0: 3 0x8000ef6c (0xbfe5)
core   0: 0x8000ef64 (0x00001f17) auipc   t5, 0x1
core   0: 3 0x8000ef64 (0x00001f17) x30 0x8000ff64
core   0: 0x8000ef68 (0x083f2e23) sw      gp, 156(t5)
core   0: 3 0x8000ef68 (0x083f2e23) mem 0x80010000 0x00000001
core   0: 0x8000ef6c (0x0000bfe5) c.j     pc - 8
core   0: 3 0x8000ef6c (0xbfe5)
core   0: 0x8000ef64 (0x00001f17) auipc   t5, 0x1
core   0: 3 0x8000ef64 (0x00001f17) x30 0x8000ff64
core   0: 0x8000ef68 (0x083f2e23) sw      gp, 156(t5)
core   0: 3 0x8000ef68 (0x083f2e23) mem 0x80010000 0x00000001
core   0: 0x8000ef6c (0x0000bfe5) c.j     pc - 8
core   0: 3 0x8000ef6c (0xbfe5)
core   0: 0x8000ef64 (0x00001f17) auipc   t5, 0x1
core   0: 3 0x8000ef64 (0x00001f17) x30 0x8000ff64
core   0: 0x8000ef68 (0x083f2e23) sw      gp, 156(t5)
core   0: 3 0x8000ef68 (0x083f2e23) mem 0x80010000 0x00000001
core   0: 0x8000ef6c (0x0000bfe5) c.j     pc - 8
core   0: 3 0x8000ef6c (0xbfe5)
core   0: 0x8000ef64 (0x00001f17) auipc   t5, 0x1
core   0: 3 0x8000ef64 (0x00001f17) x30 0x8000ff64
core   0: 0x8000ef68 (0x083f2e23) sw      gp, 156(t5)
core   0: 3 0x8000ef68 (0x083f2e23) mem 0x80010000 0x00000001
core   0: 0x8000ef6c (0x0000bfe5) c.j     pc - 8
core   0: 3 0x8000ef6c (0xbfe5)
core   0: 0x8000ef64 (0x00001f17) auipc   t5, 0x1
core   0: 3 0x8000ef64 (0x00001f17) x30 0x8000ff64
core   0: 0x8000ef68 (0x083f2e23) sw      gp, 156(t5)
core   0: 3 0x8000ef68 (0x083f2e23) mem 0x80010000 0x00000001
core   0: 0x8000ef6c (0x0000bfe5) c.j     pc - 8
core   0: 3 0x8000ef6c (0xbfe5)
core   0: 0x8000ef64 (0x00001f17) auipc   t5, 0x1
core   0: 3 0x8000ef64 (0x00001f17) x30 0x8000ff64
core   0: 0x8000ef68 (0x083f2e23) sw      gp, 156(t5)
core   0: 3 0x8000ef68 (0x083f2e23) mem 0x80010000 0x00000001
core   0: 0x8000ef6c (0x0000bfe5) c.j     pc - 8
core   0: 3 0x8000ef6c (0xbfe5)
core   0: 0x8000ef64 (0x00001f17) auipc   t5, 0x1
core   0: 3 0x8000ef64 (0x00001f17) x30 0x8000ff64
core   0: 0x8000ef68 (0x083f2e23) sw      gp, 156(t5)
core   0: 3 0x8000ef68 (0x083f2e23) mem 0x80010000 0x00000001
core   0: 0x8000ef6c (0x0000bfe5) c.j     pc - 8
core   0: 3 0x8000ef6c (0xbfe5)
core   0: 0x8000ef64 (0x00001f17) auipc   t5, 0x1
core   0: 3 0x8000ef64 (0x00001f17) x30 0x8000ff64
core   0: 0x8000ef68 (0x083f2e23) sw      gp, 156(t5)
core   0: 3 0x8000ef68 (0x083f2e23) mem 0x80010000 0x00000001
core   0: 0x8000ef6c (0x0000bfe5) c.j     pc - 8
core   0: 3 0x8000ef6c (0xbfe5)
core   0: 0x8000ef64 (0x00001f17) auipc   t5, 0x1
core   0: 3 0x8000ef64 (0x00001f17) x30 0x8000ff64
core   0: 0x8000ef68 (0x083f2e23) sw      gp, 156(t5)
core   0: 3 0x8000ef68 (0x083f2e23) mem 0x80010000 0x00000001
core   0: 0x8000ef6c (0x0000bfe5) c.j     pc - 8
core   0: 3 0x8000ef6c (0xbfe5)
core   0: 0x8000ef64 (0x00001f17) auipc   t5, 0x1
core   0: 3 0x8000ef64 (0x00001f17) x30 0x8000ff64
core   0: 0x8000ef68 (0x083f2e23) sw      gp, 156(t5)
core   0: 3 0x8000ef68 (0x083f2e23) mem 0x80010000 0x00000001
core   0: 0x8000ef6c (0x0000bfe5) c.j     pc - 8
core   0: 3 0x8000ef6c (0xbfe5)
core   0: 0x8000ef64 (0x00001f17) auipc   t5, 0x1
core   0: 3 0x8000ef64 (0x00001f17) x30 0x8000ff64
core   0: 0x8000ef68 (0x083f2e23) sw      gp, 156(t5)
core   0: 3 0x8000ef68 (0x083f2e23) mem 0x80010000 0x00000001
core   0: 0x8000ef6c (0x0000bfe5) c.j     pc - 8
core   0: 3 0x8000ef6c (0xbfe5)
core   0: 0x8000ef64 (0x00001f17) auipc   t5, 0x1
core   0: 3 0x8000ef64 (0x00001f17) x30 0x8000ff64
core   0: 0x8000ef68 (0x083f2e23) sw      gp, 156(t5)
core   0: 3 0x8000ef68 (0x083f2e23) mem 0x80010000 0x00000001
core   0: 0x8000ef6c (0x0000bfe5) c.j     pc - 8
core   0: 3 0x8000ef6c (0xbfe5)
core   0: 0x8000ef64 (0x00001f17) auipc   t5, 0x1
core   0: 3 0x8000ef64 (0x00001f17) x30 0x8000ff64
core   0: 0x8000ef68 (0x083f2e23) sw      gp, 156(t5)
core   0: 3 0x8000ef68 (0x083f2e23) mem 0x80010000 0x00000001
core   0: 0x8000ef6c (0x0000bfe5) c.j     pc - 8
core   0: 3 0x8000ef6c (0xbfe5)
core   0: 0x8000ef64 (0x00001f17) auipc   t5, 0x1
core   0: 3 0x8000ef64 (0x00001f17) x30 0x8000ff64
core   0: 0x8000ef68 (0x083f2e23) sw      gp, 156(t5)
core   0: 3 0x8000ef68 (0x083f2e23) mem 0x80010000 0x00000001
core   0: 0x8000ef6c (0x0000bfe5) c.j     pc - 8
core   0: 3 0x8000ef6c (0xbfe5)
core   0: 0x8000ef64 (0x00001f17) auipc   t5, 0x1
core   0: 3 0x8000ef64 (0x00001f17) x30 0x8000ff64
core   0: 0x8000ef68 (0x083f2e23) sw      gp, 156(t5)
core   0: 3 0x8000ef68 (0x083f2e23) mem 0x80010000 0x00000001
core   0: 0x8000ef6c (0x0000bfe5) c.j     pc - 8
core   0: 3 0x8000ef6c (0xbfe5)
core   0: 0x8000ef64 (0x00001f17) auipc   t5, 0x1
core   0: 3 0x8000ef64 (0x00001f17) x30 0x8000ff64
core   0: 0x8000ef68 (0x083f2e23) sw      gp, 156(t5)
core   0: 3 0x8000ef68 (0x083f2e23) mem 0x80010000 0x00000001
core   0: 0x8000ef6c (0x0000bfe5) c.j     pc - 8
core   0: 3 0x8000ef6c (0xbfe5)
core   0: 0x8000ef64 (0x00001f17) auipc   t5, 0x1
core   0: 3 0x8000ef64 (0x00001f17) x30 0x8000ff64
core   0: 0x8000ef68 (0x083f2e23) sw      gp, 156(t5)
core   0: 3 0x8000ef68 (0x083f2e23) mem 0x80010000 0x00000001
core   0: 0x8000ef6c (0x0000bfe5) c.j     pc - 8
core   0: 3 0x8000ef6c (0xbfe5)
core   0: 0x8000ef64 (0x00001f17) auipc   t5, 0x1
core   0: 3 0x8000ef64 (0x00001f17) x30 0x8000ff64
core   0: 0x8000ef68 (0x083f2e23) sw      gp, 156(t5)
core   0: 3 0x8000ef68 (0x083f2e23) mem 0x80010000 0x00000001
core   0: 0x8000ef6c (0x0000bfe5) c.j     pc - 8
core   0: 3 0x8000ef6c (0xbfe5)
core   0: 0x8000ef64 (0x00001f17) auipc   t5, 0x1
core   0: 3 0x8000ef64 (0x00001f17) x30 0x8000ff64
core   0: 0x8000ef68 (0x083f2e23) sw      gp, 156(t5)
core   0: 3 0x8000ef68 (0x083f2e23) mem 0x80010000 0x00000001
core   0: 0x8000ef6c (0x0000bfe5) c.j     pc - 8
core   0: 3 0x8000ef6c (0xbfe5)
core   0: 0x8000ef64 (0x00001f17) auipc   t5, 0x1
core   0: 3 0x8000ef64 (0x00001f17) x30 0x8000ff64
core   0: 0x8000ef68 (0x083f2e23) sw      gp, 156(t5)
core   0: 3 0x8000ef68 (0x083f2e23) mem 0x80010000 0x00000001
core   0: 0x8000ef6c (0x0000bfe5) c.j     pc - 8
core   0: 3 0x8000ef6c (0xbfe5)
core   0: 0x8000ef64 (0x00001f17) auipc   t5, 0x1
core   0: 3 0x8000ef64 (0x00001f17) x30 0x8000ff64
core   0: 0x8000ef68 (0x083f2e23) sw      gp, 156(t5)
core   0: 3 0x8000ef68 (0x083f2e23) mem 0x80010000 0x00000001
core   0: 0x8000ef6c (0x0000bfe5) c.j     pc - 8
core   0: 3 0x8000ef6c (0xbfe5)
core   0: 0x8000ef64 (0x00001f17) auipc   t5, 0x1
core   0: 3 0x8000ef64 (0x00001f17) x30 0x8000ff64
core   0: 0x8000ef68 (0x083f2e23) sw      gp, 156(t5)
core   0: 3 0x8000ef68 (0x083f2e23) mem 0x80010000 0x00000001
core   0: 0x8000ef6c (0x0000bfe5) c.j     pc - 8
core   0: 3 0x8000ef6c (0xbfe5)
core   0: 0x8000ef64 (0x00001f17) auipc   t5, 0x1
core   0: 3 0x8000ef64 (0x00001f17) x30 0x8000ff64
core   0: 0x8000ef68 (0x083f2e23) sw      gp, 156(t5)
core   0: 3 0x8000ef68 (0x083f2e23) mem 0x80010000 0x00000001
core   0: 0x8000ef6c (0x0000bfe5) c.j     pc - 8
core   0: 3 0x8000ef6c (0xbfe5)
core   0: 0x8000ef64 (0x00001f17) auipc   t5, 0x1
core   0: 3 0x8000ef64 (0x00001f17) x30 0x8000ff64
core   0: 0x8000ef68 (0x083f2e23) sw      gp, 156(t5)
core   0: 3 0x8000ef68 (0x083f2e23) mem 0x80010000 0x00000001
core   0: 0x8000ef6c (0x0000bfe5) c.j     pc - 8
core   0: 3 0x8000ef6c (0xbfe5)
core   0: 0x8000ef64 (0x00001f17) auipc   t5, 0x1
core   0: 3 0x8000ef64 (0x00001f17) x30 0x8000ff64
core   0: 0x8000ef68 (0x083f2e23) sw      gp, 156(t5)
core   0: 3 0x8000ef68 (0x083f2e23) mem 0x80010000 0x00000001
core   0: 0x8000ef6c (0x0000bfe5) c.j     pc - 8
core   0: 3 0x8000ef6c (0xbfe5)
core   0: 0x8000ef64 (0x00001f17) auipc   t5, 0x1
core   0: 3 0x8000ef64 (0x00001f17) x30 0x8000ff64
core   0: 0x8000ef68 (0x083f2e23) sw      gp, 156(t5)
core   0: 3 0x8000ef68 (0x083f2e23) mem 0x80010000 0x00000001
core   0: 0x8000ef6c (0x0000bfe5) c.j     pc - 8
core   0: 3 0x8000ef6c (0xbfe5)
core   0: 0x8000ef64 (0x00001f17) auipc   t5, 0x1
core   0: 3 0x8000ef64 (0x00001f17) x30 0x8000ff64
core   0: 0x8000ef68 (0x083f2e23) sw      gp, 156(t5)
core   0: 3 0x8000ef68 (0x083f2e23) mem 0x80010000 0x00000001
core   0: 0x8000ef6c (0x0000bfe5) c.j     pc - 8
core   0: 3 0x8000ef6c (0xbfe5)
core   0: 0x8000ef64 (0x00001f17) auipc   t5, 0x1
core   0: 3 0x8000ef64 (0x00001f17) x30 0x8000ff64
core   0: 0x8000ef68 (0x083f2e23) sw      gp, 156(t5)
core   0: 3 0x8000ef68 (0x083f2e23) mem 0x80010000 0x00000001
core   0: 0x8000ef6c (0x0000bfe5) c.j     pc - 8
core   0: 3 0x8000ef6c (0xbfe5)
core   0: 0x8000ef64 (0x00001f17) auipc   t5, 0x1
core   0: 3 0x8000ef64 (0x00001f17) x30 0x8000ff64
core   0: 0x8000ef68 (0x083f2e23) sw      gp, 156(t5)
core   0: 3 0x8000ef68 (0x083f2e23) mem 0x80010000 0x00000001
core   0: 0x8000ef6c (0x0000bfe5) c.j     pc - 8
core   0: 3 0x8000ef6c (0xbfe5)
core   0: 0x8000ef64 (0x00001f17) auipc   t5, 0x1
core   0: 3 0x8000ef64 (0x00001f17) x30 0x8000ff64
core   0: 0x8000ef68 (0x083f2e23) sw      gp, 156(t5)
core   0: 3 0x8000ef68 (0x083f2e23) mem 0x80010000 0x00000001
core   0: 0x8000ef6c (0x0000bfe5) c.j     pc - 8
core   0: 3 0x8000ef6c (0xbfe5)
core   0: 0x8000ef64 (0x00001f17) auipc   t5, 0x1
core   0: 3 0x8000ef64 (0x00001f17) x30 0x8000ff64
core   0: 0x8000ef68 (0x083f2e23) sw      gp, 156(t5)
core   0: 3 0x8000ef68 (0x083f2e23) mem 0x80010000 0x00000001
core   0: 0x8000ef6c (0x0000bfe5) c.j     pc - 8
core   0: 3 0x8000ef6c (0xbfe5)
core   0: 0x8000ef64 (0x00001f17) auipc   t5, 0x1
core   0: 3 0x8000ef64 (0x00001f17) x30 0x8000ff64
core   0: 0x8000ef68 (0x083f2e23) sw      gp, 156(t5)
core   0: 3 0x8000ef68 (0x083f2e23) mem 0x80010000 0x00000001
core   0: 0x8000ef6c (0x0000bfe5) c.j     pc - 8
core   0: 3 0x8000ef6c (0xbfe5)
core   0: 0x8000ef64 (0x00001f17) auipc   t5, 0x1
core   0: 3 0x8000ef64 (0x00001f17) x30 0x8000ff64
core   0: 0x8000ef68 (0x083f2e23) sw      gp, 156(t5)
core   0: 3 0x8000ef68 (0x083f2e23) mem 0x80010000 0x00000001
core   0: 0x8000ef6c (0x0000bfe5) c.j     pc - 8
core   0: 3 0x8000ef6c (0xbfe5)
core   0: 0x8000ef64 (0x00001f17) auipc   t5, 0x1
core   0: 3 0x8000ef64 (0x00001f17) x30 0x8000ff64
core   0: 0x8000ef68 (0x083f2e23) sw      gp, 156(t5)
core   0: 3 0x8000ef68 (0x083f2e23) mem 0x80010000 0x00000001
core   0: 0x8000ef6c (0x0000bfe5) c.j     pc - 8
core   0: 3 0x8000ef6c (0xbfe5)
core   0: 0x8000ef64 (0x00001f17) auipc   t5, 0x1
core   0: 3 0x8000ef64 (0x00001f17) x30 0x8000ff64
core   0: 0x8000ef68 (0x083f2e23) sw      gp, 156(t5)
core   0: 3 0x8000ef68 (0x083f2e23) mem 0x80010000 0x00000001
core   0: 0x8000ef6c (0x0000bfe5) c.j     pc - 8
core   0: 3 0x8000ef6c (0xbfe5)
core   0: 0x8000ef64 (0x00001f17) auipc   t5, 0x1
core   0: 3 0x8000ef64 (0x00001f17) x30 0x8000ff64
core   0: 0x8000ef68 (0x083f2e23) sw      gp, 156(t5)
core   0: 3 0x8000ef68 (0x083f2e23) mem 0x80010000 0x00000001
core   0: 0x8000ef6c (0x0000bfe5) c.j     pc - 8
core   0: 3 0x8000ef6c (0xbfe5)
core   0: 0x8000ef64 (0x00001f17) auipc   t5, 0x1
core   0: 3 0x8000ef64 (0x00001f17) x30 0x8000ff64
core   0: 0x8000ef68 (0x083f2e23) sw      gp, 156(t5)
core   0: 3 0x8000ef68 (0x083f2e23) mem 0x80010000 0x00000001
core   0: 0x8000ef6c (0x0000bfe5) c.j     pc - 8
core   0: 3 0x8000ef6c (0xbfe5)
core   0: 0x8000ef64 (0x00001f17) auipc   t5, 0x1
core   0: 3 0x8000ef64 (0x00001f17) x30 0x8000ff64
core   0: 0x8000ef68 (0x083f2e23) sw      gp, 156(t5)
core   0: 3 0x8000ef68 (0x083f2e23) mem 0x80010000 0x00000001
core   0: 0x8000ef6c (0x0000bfe5) c.j     pc - 8
core   0: 3 0x8000ef6c (0xbfe5)
core   0: 0x8000ef64 (0x00001f17) auipc   t5, 0x1
core   0: 3 0x8000ef64 (0x00001f17) x30 0x8000ff64
core   0: 0x8000ef68 (0x083f2e23) sw      gp, 156(t5)
core   0: 3 0x8000ef68 (0x083f2e23) mem 0x80010000 0x00000001
core   0: 0x8000ef6c (0x0000bfe5) c.j     pc - 8
core   0: 3 0x8000ef6c (0xbfe5)
core   0: 0x8000ef64 (0x00001f17) auipc   t5, 0x1
core   0: 3 0x8000ef64 (0x00001f17) x30 0x8000ff64
core   0: 0x8000ef68 (0x083f2e23) sw      gp, 156(t5)
core   0: 3 0x8000ef68 (0x083f2e23) mem 0x80010000 0x00000001
core   0: 0x8000ef6c (0x0000bfe5) c.j     pc - 8
core   0: 3 0x8000ef6c (0xbfe5)
core   0: 0x8000ef64 (0x00001f17) auipc   t5, 0x1
core   0: 3 0x8000ef64 (0x00001f17) x30 0x8000ff64
core   0: 0x8000ef68 (0x083f2e23) sw      gp, 156(t5)
core   0: 3 0x8000ef68 (0x083f2e23) mem 0x80010000 0x00000001
core   0: 0x8000ef6c (0x0000bfe5) c.j     pc - 8
core   0: 3 0x8000ef6c (0xbfe5)
core   0: 0x8000ef64 (0x00001f17) auipc   t5, 0x1
core   0: 3 0x8000ef64 (0x00001f17) x30 0x8000ff64
core   0: 0x8000ef68 (0x083f2e23) sw      gp, 156(t5)
core   0: 3 0x8000ef68 (0x083f2e23) mem 0x80010000 0x00000001
core   0: 0x8000ef6c (0x0000bfe5) c.j     pc - 8
core   0: 3 0x8000ef6c (0xbfe5)
core   0: 0x8000ef64 (0x00001f17) auipc   t5, 0x1
core   0: 3 0x8000ef64 (0x00001f17) x30 0x8000ff64
core   0: 0x8000ef68 (0x083f2e23) sw      gp, 156(t5)
core   0: 3 0x8000ef68 (0x083f2e23) mem 0x80010000 0x00000001
core   0: 0x8000ef6c (0x0000bfe5) c.j     pc - 8
core   0: 3 0x8000ef6c (0xbfe5)
core   0: 0x8000ef64 (0x00001f17) auipc   t5, 0x1
core   0: 3 0x8000ef64 (0x00001f17) x30 0x8000ff64
core   0: 0x8000ef68 (0x083f2e23) sw      gp, 156(t5)
core   0: 3 0x8000ef68 (0x083f2e23) mem 0x80010000 0x00000001
core   0: 0x8000ef6c (0x0000bfe5) c.j     pc - 8
core   0: 3 0x8000ef6c (0xbfe5)
core   0: 0x8000ef64 (0x00001f17) auipc   t5, 0x1
core   0: 3 0x8000ef64 (0x00001f17) x30 0x8000ff64
core   0: 0x8000ef68 (0x083f2e23) sw      gp, 156(t5)
core   0: 3 0x8000ef68 (0x083f2e23) mem 0x80010000 0x00000001
core   0: 0x8000ef6c (0x0000bfe5) c.j     pc - 8
core   0: 3 0x8000ef6c (0xbfe5)
core   0: 0x8000ef64 (0x00001f17) auipc   t5, 0x1
core   0: 3 0x8000ef64 (0x00001f17) x30 0x8000ff64
core   0: 0x8000ef68 (0x083f2e23) sw      gp, 156(t5)
core   0: 3 0x8000ef68 (0x083f2e23) mem 0x80010000 0x00000001
core   0: 0x8000ef6c (0x0000bfe5) c.j     pc - 8
core   0: 3 0x8000ef6c (0xbfe5)
core   0: 0x8000ef64 (0x00001f17) auipc   t5, 0x1
core   0: 3 0x8000ef64 (0x00001f17) x30 0x8000ff64
core   0: 0x8000ef68 (0x083f2e23) sw      gp, 156(t5)
core   0: 3 0x8000ef68 (0x083f2e23) mem 0x80010000 0x00000001
core   0: 0x8000ef6c (0x0000bfe5) c.j     pc - 8
core   0: 3 0x8000ef6c (0xbfe5)
core   0: 0x8000ef64 (0x00001f17) auipc   t5, 0x1
core   0: 3 0x8000ef64 (0x00001f17) x30 0x8000ff64
core   0: 0x8000ef68 (0x083f2e23) sw      gp, 156(t5)
core   0: 3 0x8000ef68 (0x083f2e23) mem 0x80010000 0x00000001
core   0: 0x8000ef6c (0x0000bfe5) c.j     pc - 8
core   0: 3 0x8000ef6c (0xbfe5)
core   0: 0x8000ef64 (0x00001f17) auipc   t5, 0x1
core   0: 3 0x8000ef64 (0x00001f17) x30 0x8000ff64
core   0: 0x8000ef68 (0x083f2e23) sw      gp, 156(t5)
core   0: 3 0x8000ef68 (0x083f2e23) mem 0x80010000 0x00000001
core   0: 0x8000ef6c (0x0000bfe5) c.j     pc - 8
core   0: 3 0x8000ef6c (0xbfe5)
core   0: 0x8000ef64 (0x00001f17) auipc   t5, 0x1
core   0: 3 0x8000ef64 (0x00001f17) x30 0x8000ff64
core   0: 0x8000ef68 (0x083f2e23) sw      gp, 156(t5)
core   0: 3 0x8000ef68 (0x083f2e23) mem 0x80010000 0x00000001
core   0: 0x8000ef6c (0x0000bfe5) c.j     pc - 8
core   0: 3 0x8000ef6c (0xbfe5)
core   0: 0x8000ef64 (0x00001f17) auipc   t5, 0x1
core   0: 3 0x8000ef64 (0x00001f17) x30 0x8000ff64
core   0: 0x8000ef68 (0x083f2e23) sw      gp, 156(t5)
core   0: 3 0x8000ef68 (0x083f2e23) mem 0x80010000 0x00000001
core   0: 0x8000ef6c (0x0000bfe5) c.j     pc - 8
core   0: 3 0x8000ef6c (0xbfe5)
core   0: 0x8000ef64 (0x00001f17) auipc   t5, 0x1
core   0: 3 0x8000ef64 (0x00001f17) x30 0x8000ff64
core   0: 0x8000ef68 (0x083f2e23) sw      gp, 156(t5)
core   0: 3 0x8000ef68 (0x083f2e23) mem 0x80010000 0x00000001
core   0: 0x8000ef6c (0x0000bfe5) c.j     pc - 8
core   0: 3 0x8000ef6c (0xbfe5)
core   0: 0x8000ef64 (0x00001f17) auipc   t5, 0x1
core   0: 3 0x8000ef64 (0x00001f17) x30 0x8000ff64
core   0: 0x8000ef68 (0x083f2e23) sw      gp, 156(t5)
core   0: 3 0x8000ef68 (0x083f2e23) mem 0x80010000 0x00000001
core   0: 0x8000ef6c (0x0000bfe5) c.j     pc - 8
core   0: 3 0x8000ef6c (0xbfe5)
core   0: 0x8000ef64 (0x00001f17) auipc   t5, 0x1
core   0: 3 0x8000ef64 (0x00001f17) x30 0x8000ff64
core   0: 0x8000ef68 (0x083f2e23) sw      gp, 156(t5)
core   0: 3 0x8000ef68 (0x083f2e23) mem 0x80010000 0x00000001
core   0: 0x8000ef6c (0x0000bfe5) c.j     pc - 8
core   0: 3 0x8000ef6c (0xbfe5)
core   0: 0x8000ef64 (0x00001f17) auipc   t5, 0x1
core   0: 3 0x8000ef64 (0x00001f17) x30 0x8000ff64
core   0: 0x8000ef68 (0x083f2e23) sw      gp, 156(t5)
core   0: 3 0x8000ef68 (0x083f2e23) mem 0x80010000 0x00000001
core   0: 0x8000ef6c (0x0000bfe5) c.j     pc - 8
core   0: 3 0x8000ef6c (0xbfe5)
core   0: 0x8000ef64 (0x00001f17) auipc   t5, 0x1
core   0: 3 0x8000ef64 (0x00001f17) x30 0x8000ff64
core   0: 0x8000ef68 (0x083f2e23) sw      gp, 156(t5)
core   0: 3 0x8000ef68 (0x083f2e23) mem 0x80010000 0x00000001
core   0: 0x8000ef6c (0x0000bfe5) c.j     pc - 8
core   0: 3 0x8000ef6c (0xbfe5)
core   0: 0x8000ef64 (0x00001f17) auipc   t5, 0x1
core   0: 3 0x8000ef64 (0x00001f17) x30 0x8000ff64
core   0: 0x8000ef68 (0x083f2e23) sw      gp, 156(t5)
core   0: 3 0x8000ef68 (0x083f2e23) mem 0x80010000 0x00000001
core   0: 0x8000ef6c (0x0000bfe5) c.j     pc - 8
core   0: 3 0x8000ef6c (0xbfe5)
core   0: 0x8000ef64 (0x00001f17) auipc   t5, 0x1
core   0: 3 0x8000ef64 (0x00001f17) x30 0x8000ff64
core   0: 0x8000ef68 (0x083f2e23) sw      gp, 156(t5)
core   0: 3 0x8000ef68 (0x083f2e23) mem 0x80010000 0x00000001
core   0: 0x8000ef6c (0x0000bfe5) c.j     pc - 8
core   0: 3 0x8000ef6c (0xbfe5)
core   0: 0x8000ef64 (0x00001f17) auipc   t5, 0x1
core   0: 3 0x8000ef64 (0x00001f17) x30 0x8000ff64
core   0: 0x8000ef68 (0x083f2e23) sw      gp, 156(t5)
core   0: 3 0x8000ef68 (0x083f2e23) mem 0x80010000 0x00000001
core   0: 0x8000ef6c (0x0000bfe5) c.j     pc - 8
core   0: 3 0x8000ef6c (0xbfe5)
core   0: 0x8000ef64 (0x00001f17) auipc   t5, 0x1
core   0: 3 0x8000ef64 (0x00001f17) x30 0x8000ff64
core   0: 0x8000ef68 (0x083f2e23) sw      gp, 156(t5)
core   0: 3 0x8000ef68 (0x083f2e23) mem 0x80010000 0x00000001
core   0: 0x8000ef6c (0x0000bfe5) c.j     pc - 8
core   0: 3 0x8000ef6c (0xbfe5)
core   0: 0x8000ef64 (0x00001f17) auipc   t5, 0x1
core   0: 3 0x8000ef64 (0x00001f17) x30 0x8000ff64
core   0: 0x8000ef68 (0x083f2e23) sw      gp, 156(t5)
core   0: 3 0x8000ef68 (0x083f2e23) mem 0x80010000 0x00000001
core   0: 0x8000ef6c (0x0000bfe5) c.j     pc - 8
core   0: 3 0x8000ef6c (0xbfe5)
core   0: 0x8000ef64 (0x00001f17) auipc   t5, 0x1
core   0: 3 0x8000ef64 (0x00001f17) x30 0x8000ff64
core   0: 0x8000ef68 (0x083f2e23) sw      gp, 156(t5)
core   0: 3 0x8000ef68 (0x083f2e23) mem 0x80010000 0x00000001
core   0: 0x8000ef6c (0x0000bfe5) c.j     pc - 8
core   0: 3 0x8000ef6c (0xbfe5)
core   0: 0x8000ef64 (0x00001f17) auipc   t5, 0x1
core   0: 3 0x8000ef64 (0x00001f17) x30 0x8000ff64
core   0: 0x8000ef68 (0x083f2e23) sw      gp, 156(t5)
core   0: 3 0x8000ef68 (0x083f2e23) mem 0x80010000 0x00000001
core   0: 0x8000ef6c (0x0000bfe5) c.j     pc - 8
core   0: 3 0x8000ef6c (0xbfe5)
core   0: 0x8000ef64 (0x00001f17) auipc   t5, 0x1
core   0: 3 0x8000ef64 (0x00001f17) x30 0x8000ff64
core   0: 0x8000ef68 (0x083f2e23) sw      gp, 156(t5)
core   0: 3 0x8000ef68 (0x083f2e23) mem 0x80010000 0x00000001
core   0: 0x8000ef6c (0x0000bfe5) c.j     pc - 8
core   0: 3 0x8000ef6c (0xbfe5)
core   0: 0x8000ef64 (0x00001f17) auipc   t5, 0x1
core   0: 3 0x8000ef64 (0x00001f17) x30 0x8000ff64
core   0: 0x8000ef68 (0x083f2e23) sw      gp, 156(t5)
core   0: 3 0x8000ef68 (0x083f2e23) mem 0x80010000 0x00000001
core   0: 0x8000ef6c (0x0000bfe5) c.j     pc - 8
core   0: 3 0x8000ef6c (0xbfe5)
core   0: 0x8000ef64 (0x00001f17) auipc   t5, 0x1
core   0: 3 0x8000ef64 (0x00001f17) x30 0x8000ff64
core   0: 0x8000ef68 (0x083f2e23) sw      gp, 156(t5)
core   0: 3 0x8000ef68 (0x083f2e23) mem 0x80010000 0x00000001
core   0: 0x8000ef6c (0x0000bfe5) c.j     pc - 8
core   0: 3 0x8000ef6c (0xbfe5)
core   0: 0x8000ef64 (0x00001f17) auipc   t5, 0x1
core   0: 3 0x8000ef64 (0x00001f17) x30 0x8000ff64
core   0: 0x8000ef68 (0x083f2e23) sw      gp, 156(t5)
core   0: 3 0x8000ef68 (0x083f2e23) mem 0x80010000 0x00000001
core   0: 0x8000ef6c (0x0000bfe5) c.j     pc - 8
core   0: 3 0x8000ef6c (0xbfe5)
core   0: 0x8000ef64 (0x00001f17) auipc   t5, 0x1
core   0: 3 0x8000ef64 (0x00001f17) x30 0x8000ff64
core   0: 0x8000ef68 (0x083f2e23) sw      gp, 156(t5)
core   0: 3 0x8000ef68 (0x083f2e23) mem 0x80010000 0x00000001
core   0: 0x8000ef6c (0x0000bfe5) c.j     pc - 8
core   0: 3 0x8000ef6c (0xbfe5)
core   0: 0x8000ef64 (0x00001f17) auipc   t5, 0x1
core   0: 3 0x8000ef64 (0x00001f17) x30 0x8000ff64
core   0: 0x8000ef68 (0x083f2e23) sw      gp, 156(t5)
core   0: 3 0x8000ef68 (0x083f2e23) mem 0x80010000 0x00000001
core   0: 0x8000ef6c (0x0000bfe5) c.j     pc - 8
core   0: 3 0x8000ef6c (0xbfe5)
core   0: 0x8000ef64 (0x00001f17) auipc   t5, 0x1
core   0: 3 0x8000ef64 (0x00001f17) x30 0x8000ff64
core   0: 0x8000ef68 (0x083f2e23) sw      gp, 156(t5)
core   0: 3 0x8000ef68 (0x083f2e23) mem 0x80010000 0x00000001
core   0: 0x8000ef6c (0x0000bfe5) c.j     pc - 8
core   0: 3 0x8000ef6c (0xbfe5)
core   0: 0x8000ef64 (0x00001f17) auipc   t5, 0x1
core   0: 3 0x8000ef64 (0x00001f17) x30 0x8000ff64
core   0: 0x8000ef68 (0x083f2e23) sw      gp, 156(t5)
core   0: 3 0x8000ef68 (0x083f2e23) mem 0x80010000 0x00000001
core   0: 0x8000ef6c (0x0000bfe5) c.j     pc - 8
core   0: 3 0x8000ef6c (0xbfe5)
core   0: 0x8000ef64 (0x00001f17) auipc   t5, 0x1
core   0: 3 0x8000ef64 (0x00001f17) x30 0x8000ff64
core   0: 0x8000ef68 (0x083f2e23) sw      gp, 156(t5)
core   0: 3 0x8000ef68 (0x083f2e23) mem 0x80010000 0x00000001
core   0: 0x8000ef6c (0x0000bfe5) c.j     pc - 8
core   0: 3 0x8000ef6c (0xbfe5)
core   0: 0x8000ef64 (0x00001f17) auipc   t5, 0x1
core   0: 3 0x8000ef64 (0x00001f17) x30 0x8000ff64
core   0: 0x8000ef68 (0x083f2e23) sw      gp, 156(t5)
core   0: 3 0x8000ef68 (0x083f2e23) mem 0x80010000 0x00000001
core   0: 0x8000ef6c (0x0000bfe5) c.j     pc - 8
core   0: 3 0x8000ef6c (0xbfe5)
core   0: 0x8000ef64 (0x00001f17) auipc   t5, 0x1
core   0: 3 0x8000ef64 (0x00001f17) x30 0x8000ff64
core   0: 0x8000ef68 (0x083f2e23) sw      gp, 156(t5)
core   0: 3 0x8000ef68 (0x083f2e23) mem 0x80010000 0x00000001
core   0: 0x8000ef6c (0x0000bfe5) c.j     pc - 8
core   0: 3 0x8000ef6c (0xbfe5)
core   0: 0x8000ef64 (0x00001f17) auipc   t5, 0x1
core   0: 3 0x8000ef64 (0x00001f17) x30 0x8000ff64
core   0: 0x8000ef68 (0x083f2e23) sw      gp, 156(t5)
core   0: 3 0x8000ef68 (0x083f2e23) mem 0x80010000 0x00000001
core   0: 0x8000ef6c (0x0000bfe5) c.j     pc - 8
core   0: 3 0x8000ef6c (0xbfe5)
core   0: 0x8000ef64 (0x00001f17) auipc   t5, 0x1
core   0: 3 0x8000ef64 (0x00001f17) x30 0x8000ff64
core   0: 0x8000ef68 (0x083f2e23) sw      gp, 156(t5)
core   0: 3 0x8000ef68 (0x083f2e23) mem 0x80010000 0x00000001
core   0: 0x8000ef6c (0x0000bfe5) c.j     pc - 8
core   0: 3 0x8000ef6c (0xbfe5)
core   0: 0x8000ef64 (0x00001f17) auipc   t5, 0x1
core   0: 3 0x8000ef64 (0x00001f17) x30 0x8000ff64
core   0: 0x8000ef68 (0x083f2e23) sw      gp, 156(t5)
core   0: 3 0x8000ef68 (0x083f2e23) mem 0x80010000 0x00000001
core   0: 0x8000ef6c (0x0000bfe5) c.j     pc - 8
core   0: 3 0x8000ef6c (0xbfe5)
core   0: 0x8000ef64 (0x00001f17) auipc   t5, 0x1
core   0: 3 0x8000ef64 (0x00001f17) x30 0x8000ff64
core   0: 0x8000ef68 (0x083f2e23) sw      gp, 156(t5)
core   0: 3 0x8000ef68 (0x083f2e23) mem 0x80010000 0x00000001
core   0: 0x8000ef6c (0x0000bfe5) c.j     pc - 8
core   0: 3 0x8000ef6c (0xbfe5)
core   0: 0x8000ef64 (0x00001f17) auipc   t5, 0x1
core   0: 3 0x8000ef64 (0x00001f17) x30 0x8000ff64
core   0: 0x8000ef68 (0x083f2e23) sw      gp, 156(t5)
core   0: 3 0x8000ef68 (0x083f2e23) mem 0x80010000 0x00000001
core   0: 0x8000ef6c (0x0000bfe5) c.j     pc - 8
core   0: 3 0x8000ef6c (0xbfe5)
core   0: 0x8000ef64 (0x00001f17) auipc   t5, 0x1
core   0: 3 0x8000ef64 (0x00001f17) x30 0x8000ff64
core   0: 0x8000ef68 (0x083f2e23) sw      gp, 156(t5)
core   0: 3 0x8000ef68 (0x083f2e23) mem 0x80010000 0x00000001
core   0: 0x8000ef6c (0x0000bfe5) c.j     pc - 8
core   0: 3 0x8000ef6c (0xbfe5)
core   0: 0x8000ef64 (0x00001f17) auipc   t5, 0x1
core   0: 3 0x8000ef64 (0x00001f17) x30 0x8000ff64
core   0: 0x8000ef68 (0x083f2e23) sw      gp, 156(t5)
core   0: 3 0x8000ef68 (0x083f2e23) mem 0x80010000 0x00000001
core   0: 0x8000ef6c (0x0000bfe5) c.j     pc - 8
core   0: 3 0x8000ef6c (0xbfe5)
core   0: 0x8000ef64 (0x00001f17) auipc   t5, 0x1
core   0: 3 0x8000ef64 (0x00001f17) x30 0x8000ff64
core   0: 0x8000ef68 (0x083f2e23) sw      gp, 156(t5)
core   0: 3 0x8000ef68 (0x083f2e23) mem 0x80010000 0x00000001
core   0: 0x8000ef6c (0x0000bfe5) c.j     pc - 8
core   0: 3 0x8000ef6c (0xbfe5)
core   0: 0x8000ef64 (0x00001f17) auipc   t5, 0x1
core   0: 3 0x8000ef64 (0x00001f17) x30 0x8000ff64
core   0: 0x8000ef68 (0x083f2e23) sw      gp, 156(t5)
core   0: 3 0x8000ef68 (0x083f2e23) mem 0x80010000 0x00000001
core   0: 0x8000ef6c (0x0000bfe5) c.j     pc - 8
core   0: 3 0x8000ef6c (0xbfe5)
core   0: 0x8000ef64 (0x00001f17) auipc   t5, 0x1
core   0: 3 0x8000ef64 (0x00001f17) x30 0x8000ff64
core   0: 0x8000ef68 (0x083f2e23) sw      gp, 156(t5)
core   0: 3 0x8000ef68 (0x083f2e23) mem 0x80010000 0x00000001
core   0: 0x8000ef6c (0x0000bfe5) c.j     pc - 8
core   0: 3 0x8000ef6c (0xbfe5)
core   0: 0x8000ef64 (0x00001f17) auipc   t5, 0x1
core   0: 3 0x8000ef64 (0x00001f17) x30 0x8000ff64
core   0: 0x8000ef68 (0x083f2e23) sw      gp, 156(t5)
core   0: 3 0x8000ef68 (0x083f2e23) mem 0x80010000 0x00000001
core   0: 0x8000ef6c (0x0000bfe5) c.j     pc - 8
core   0: 3 0x8000ef6c (0xbfe5)
core   0: 0x8000ef64 (0x00001f17) auipc   t5, 0x1
core   0: 3 0x8000ef64 (0x00001f17) x30 0x8000ff64
core   0: 0x8000ef68 (0x083f2e23) sw      gp, 156(t5)
core   0: 3 0x8000ef68 (0x083f2e23) mem 0x80010000 0x00000001
core   0: 0x8000ef6c (0x0000bfe5) c.j     pc - 8
core   0: 3 0x8000ef6c (0xbfe5)
core   0: 0x8000ef64 (0x00001f17) auipc   t5, 0x1
core   0: 3 0x8000ef64 (0x00001f17) x30 0x8000ff64
core   0: 0x8000ef68 (0x083f2e23) sw      gp, 156(t5)
core   0: 3 0x8000ef68 (0x083f2e23) mem 0x80010000 0x00000001
core   0: 0x8000ef6c (0x0000bfe5) c.j     pc - 8
core   0: 3 0x8000ef6c (0xbfe5)
core   0: 0x8000ef64 (0x00001f17) auipc   t5, 0x1
core   0: 3 0x8000ef64 (0x00001f17) x30 0x8000ff64
core   0: 0x8000ef68 (0x083f2e23) sw      gp, 156(t5)
core   0: 3 0x8000ef68 (0x083f2e23) mem 0x80010000 0x00000001
core   0: 0x8000ef6c (0x0000bfe5) c.j     pc - 8
core   0: 3 0x8000ef6c (0xbfe5)
core   0: 0x8000ef64 (0x00001f17) auipc   t5, 0x1
core   0: 3 0x8000ef64 (0x00001f17) x30 0x8000ff64
core   0: 0x8000ef68 (0x083f2e23) sw      gp, 156(t5)
core   0: 3 0x8000ef68 (0x083f2e23) mem 0x80010000 0x00000001
core   0: 0x8000ef6c (0x0000bfe5) c.j     pc - 8
core   0: 3 0x8000ef6c (0xbfe5)
core   0: 0x8000ef64 (0x00001f17) auipc   t5, 0x1
core   0: 3 0x8000ef64 (0x00001f17) x30 0x8000ff64
core   0: 0x8000ef68 (0x083f2e23) sw      gp, 156(t5)
core   0: 3 0x8000ef68 (0x083f2e23) mem 0x80010000 0x00000001
core   0: 0x8000ef6c (0x0000bfe5) c.j     pc - 8
core   0: 3 0x8000ef6c (0xbfe5)
core   0: 0x8000ef64 (0x00001f17) auipc   t5, 0x1
core   0: 3 0x8000ef64 (0x00001f17) x30 0x8000ff64
core   0: 0x8000ef68 (0x083f2e23) sw      gp, 156(t5)
core   0: 3 0x8000ef68 (0x083f2e23) mem 0x80010000 0x00000001
core   0: 0x8000ef6c (0x0000bfe5) c.j     pc - 8
core   0: 3 0x8000ef6c (0xbfe5)
core   0: 0x8000ef64 (0x00001f17) auipc   t5, 0x1
core   0: 3 0x8000ef64 (0x00001f17) x30 0x8000ff64
core   0: 0x8000ef68 (0x083f2e23) sw      gp, 156(t5)
core   0: 3 0x8000ef68 (0x083f2e23) mem 0x80010000 0x00000001
core   0: 0x8000ef6c (0x0000bfe5) c.j     pc - 8
core   0: 3 0x8000ef6c (0xbfe5)
core   0: 0x8000ef64 (0x00001f17) auipc   t5, 0x1
core   0: 3 0x8000ef64 (0x00001f17) x30 0x8000ff64
core   0: 0x8000ef68 (0x083f2e23) sw      gp, 156(t5)
core   0: 3 0x8000ef68 (0x083f2e23) mem 0x80010000 0x00000001
core   0: 0x8000ef6c (0x0000bfe5) c.j     pc - 8
core   0: 3 0x8000ef6c (0xbfe5)
core   0: 0x8000ef64 (0x00001f17) auipc   t5, 0x1
core   0: 3 0x8000ef64 (0x00001f17) x30 0x8000ff64
core   0: 0x8000ef68 (0x083f2e23) sw      gp, 156(t5)
core   0: 3 0x8000ef68 (0x083f2e23) mem 0x80010000 0x00000001
core   0: 0x8000ef6c (0x0000bfe5) c.j     pc - 8
core   0: 3 0x8000ef6c (0xbfe5)
core   0: 0x8000ef64 (0x00001f17) auipc   t5, 0x1
core   0: 3 0x8000ef64 (0x00001f17) x30 0x8000ff64
core   0: 0x8000ef68 (0x083f2e23) sw      gp, 156(t5)
core   0: 3 0x8000ef68 (0x083f2e23) mem 0x80010000 0x00000001
core   0: 0x8000ef6c (0x0000bfe5) c.j     pc - 8
core   0: 3 0x8000ef6c (0xbfe5)
core   0: 0x8000ef64 (0x00001f17) auipc   t5, 0x1
core   0: 3 0x8000ef64 (0x00001f17) x30 0x8000ff64
core   0: 0x8000ef68 (0x083f2e23) sw      gp, 156(t5)
core   0: 3 0x8000ef68 (0x083f2e23) mem 0x80010000 0x00000001
core   0: 0x8000ef6c (0x0000bfe5) c.j     pc - 8
core   0: 3 0x8000ef6c (0xbfe5)
core   0: 0x8000ef64 (0x00001f17) auipc   t5, 0x1
core   0: 3 0x8000ef64 (0x00001f17) x30 0x8000ff64
core   0: 0x8000ef68 (0x083f2e23) sw      gp, 156(t5)
core   0: 3 0x8000ef68 (0x083f2e23) mem 0x80010000 0x00000001
core   0: 0x8000ef6c (0x0000bfe5) c.j     pc - 8
core   0: 3 0x8000ef6c (0xbfe5)
core   0: 0x8000ef64 (0x00001f17) auipc   t5, 0x1
core   0: 3 0x8000ef64 (0x00001f17) x30 0x8000ff64
core   0: 0x8000ef68 (0x083f2e23) sw      gp, 156(t5)
core   0: 3 0x8000ef68 (0x083f2e23) mem 0x80010000 0x00000001
core   0: 0x8000ef6c (0x0000bfe5) c.j     pc - 8
core   0: 3 0x8000ef6c (0xbfe5)
core   0: 0x8000ef64 (0x00001f17) auipc   t5, 0x1
core   0: 3 0x8000ef64 (0x00001f17) x30 0x8000ff64
core   0: 0x8000ef68 (0x083f2e23) sw      gp, 156(t5)
core   0: 3 0x8000ef68 (0x083f2e23) mem 0x80010000 0x00000001
core   0: 0x8000ef6c (0x0000bfe5) c.j     pc - 8
core   0: 3 0x8000ef6c (0xbfe5)
core   0: 0x8000ef64 (0x00001f17) auipc   t5, 0x1
core   0: 3 0x8000ef64 (0x00001f17) x30 0x8000ff64
core   0: 0x8000ef68 (0x083f2e23) sw      gp, 156(t5)
core   0: 3 0x8000ef68 (0x083f2e23) mem 0x80010000 0x00000001
core   0: 0x8000ef6c (0x0000bfe5) c.j     pc - 8
core   0: 3 0x8000ef6c (0xbfe5)
core   0: 0x8000ef64 (0x00001f17) auipc   t5, 0x1
core   0: 3 0x8000ef64 (0x00001f17) x30 0x8000ff64
core   0: 0x8000ef68 (0x083f2e23) sw      gp, 156(t5)
core   0: 3 0x8000ef68 (0x083f2e23) mem 0x80010000 0x00000001
core   0: 0x8000ef6c (0x0000bfe5) c.j     pc - 8
core   0: 3 0x8000ef6c (0xbfe5)
core   0: 0x8000ef64 (0x00001f17) auipc   t5, 0x1
core   0: 3 0x8000ef64 (0x00001f17) x30 0x8000ff64
core   0: 0x8000ef68 (0x083f2e23) sw      gp, 156(t5)
core   0: 3 0x8000ef68 (0x083f2e23) mem 0x80010000 0x00000001
core   0: 0x8000ef6c (0x0000bfe5) c.j     pc - 8
core   0: 3 0x8000ef6c (0xbfe5)
core   0: 0x8000ef64 (0x00001f17) auipc   t5, 0x1
core   0: 3 0x8000ef64 (0x00001f17) x30 0x8000ff64
core   0: 0x8000ef68 (0x083f2e23) sw      gp, 156(t5)
core   0: 3 0x8000ef68 (0x083f2e23) mem 0x80010000 0x00000001
core   0: 0x8000ef6c (0x0000bfe5) c.j     pc - 8
core   0: 3 0x8000ef6c (0xbfe5)
core   0: 0x8000ef64 (0x00001f17) auipc   t5, 0x1
core   0: 3 0x8000ef64 (0x00001f17) x30 0x8000ff64
core   0: 0x8000ef68 (0x083f2e23) sw      gp, 156(t5)
core   0: 3 0x8000ef68 (0x083f2e23) mem 0x80010000 0x00000001
core   0: 0x8000ef6c (0x0000bfe5) c.j     pc - 8
core   0: 3 0x8000ef6c (0xbfe5)
core   0: 0x8000ef64 (0x00001f17) auipc   t5, 0x1
core   0: 3 0x8000ef64 (0x00001f17) x30 0x8000ff64
core   0: 0x8000ef68 (0x083f2e23) sw      gp, 156(t5)
core   0: 3 0x8000ef68 (0x083f2e23) mem 0x80010000 0x00000001
core   0: 0x8000ef6c (0x0000bfe5) c.j     pc - 8
core   0: 3 0x8000ef6c (0xbfe5)
core   0: 0x8000ef64 (0x00001f17) auipc   t5, 0x1
core   0: 3 0x8000ef64 (0x00001f17) x30 0x8000ff64
core   0: 0x8000ef68 (0x083f2e23) sw      gp, 156(t5)
core   0: 3 0x8000ef68 (0x083f2e23) mem 0x80010000 0x00000001
core   0: 0x8000ef6c (0x0000bfe5) c.j     pc - 8
core   0: 3 0x8000ef6c (0xbfe5)
core   0: 0x8000ef64 (0x00001f17) auipc   t5, 0x1
core   0: 3 0x8000ef64 (0x00001f17) x30 0x8000ff64
core   0: 0x8000ef68 (0x083f2e23) sw      gp, 156(t5)
core   0: 3 0x8000ef68 (0x083f2e23) mem 0x80010000 0x00000001
