core   0: 0x00001000 (0x00000297) auipc   t0, 0x0
core   0: 3 0x00001000 (0x00000297) x5  0x00001000
core   0: 0x00001004 (0x02028593) addi    a1, t0, 32
core   0: 3 0x00001004 (0x02028593) x11 0x00001020
core   0: 0x00001008 (0xf1402573) csrr    a0, mhartid
core   0: 3 0x00001008 (0xf1402573) x10 0x00000000
core   0: 0x0000100c (0x0182a283) lw      t0, 24(t0)
core   0: 3 0x0000100c (0x0182a283) x5  0x80000000 mem 0x00001018
core   0: 0x00001010 (0x00028067) jr      t0
core   0: 3 0x00001010 (0x00028067)
core   0: 0x80000000 (0xf14022f3) csrr    t0, mhartid
core   0: 3 0x80000000 (0xf14022f3) x5  0x00000000
core   0: 0x80000004 (0x00004301) c.li    t1, 0
core   0: 3 0x80000004 (0x4301) x6  0x00000000
core   0: 0x80000006 (0x00628263) beq     t0, t1, pc + 4
core   0: 3 0x80000006 (0x00628263)
core   0: 0x8000000a (0x00000817) auipc   a6, 0x0
core   0: 3 0x8000000a (0x00000817) x16 0x8000000a
core   0: 0x8000000e (0x00c80813) addi    a6, a6, 12
core   0: 3 0x8000000e (0x00c80813) x16 0x80000016
core   0: 0x80000012 (0x00080067) jr      a6
core   0: 3 0x80000012 (0x00080067)
core   0: 0x80000016 (0x40001937) lui     s2, 0x40001
core   0: 3 0x80000016 (0x40001937) x18 0x40001000
core   0: 0x8000001a (0x10490913) addi    s2, s2, 260
core   0: 3 0x8000001a (0x10490913) x18 0x40001104
core   0: 0x8000001e (0x30191073) csrw    misa, s2
core   0: 3 0x8000001e (0x30191073) c769_misa 0x40141104
core   0: 0x80000022 (0x0002a897) auipc   a7, 0x2a
core   0: 3 0x80000022 (0x0002a897) x17 0x8002a022
core   0: 0x80000026 (0xcc288893) addi    a7, a7, -830
core   0: 3 0x80000026 (0xcc288893) x17 0x80029ce4
core   0: 0x8000002a (0x0000b917) auipc   s2, 0xb
core   0: 3 0x8000002a (0x0000b917) x18 0x8000b02a
core   0: 0x8000002e (0x82290913) addi    s2, s2, -2014
core   0: 3 0x8000002e (0x82290913) x18 0x8000a84c
core   0: 0x80000032 (0x00096913) ori     s2, s2, 0
core   0: 3 0x80000032 (0x00096913) x18 0x8000a84c
core   0: 0x80000036 (0x30591073) csrw    mtvec, s2
core   0: 3 0x80000036 (0x30591073) c773_mtvec 0x8000a84c
core   0: 0x8000003a (0x00000917) auipc   s2, 0x0
core   0: 3 0x8000003a (0x00000917) x18 0x8000003a
core   0: 0x8000003e (0x02290913) addi    s2, s2, 34
core   0: 3 0x8000003e (0x02290913) x18 0x8000005c
core   0: 0x80000042 (0x34191073) csrw    mepc, s2
core   0: 3 0x80000042 (0x34191073) c833_mepc 0x8000005c
core   0: 0x80000046 (0x00000001) c.nop
core   0: 3 0x80000046 (0x0001)
core   0: 0x80000048 (0x00006909) c.lui   s2, 0x2
core   0: 3 0x80000048 (0x6909) x18 0x00002000
core   0: 0x8000004a (0x80090913) addi    s2, s2, -2048
core   0: 3 0x8000004a (0x80090913) x18 0x00001800
core   0: 0x8000004e (0x30091073) csrw    mstatus, s2
core   0: 3 0x8000004e (0x30091073) c768_mstatus 0x00001800
core   0: 0x80000052 (0x00004901) c.li    s2, 0
core   0: 3 0x80000052 (0x4901) x18 0x00000000
core   0: 0x80000054 (0x30491073) csrw    mie, s2
core   0: 3 0x80000054 (0x30491073) c772_mie 0x00000000
core   0: 0x80000058 (0x30200073) mret
core   0: 3 0x80000058 (0x30200073) c784_mstatush 0x00000000 c768_mstatus 0x00000080
core   0: >>>>  init
core   0: 0x8000005c (0x80000037) lui     zero, 0x80000
core   0: 3 0x8000005c (0x80000037)
core   0: 0x80000060 (0x00000001) c.nop
core   0: 3 0x80000060 (0x0001)
core   0: 0x80000062 (0xeb6da0b7) lui     ra, 0xeb6da
core   0: 3 0x80000062 (0xeb6da0b7) x1  0xeb6da000
core   0: 0x80000066 (0x8e608093) addi    ra, ra, -1818
core   0: 3 0x80000066 (0x8e608093) x1  0xeb6d98e6
core   0: 0x8000006a (0x4ff2b137) lui     sp, 0x4ff2b
core   0: 3 0x8000006a (0x4ff2b137) x2  0x4ff2b000
core   0: 0x8000006e (0x5af10113) addi    sp, sp, 1455
core   0: 3 0x8000006e (0x5af10113) x2  0x4ff2b5af
core   0: 0x80000072 (0x7c1171b7) lui     gp, 0x7c117
core   0: 3 0x80000072 (0x7c1171b7) x3  0x7c117000
core   0: 0x80000076 (0xe0818193) addi    gp, gp, -504
core   0: 3 0x80000076 (0xe0818193) x3  0x7c116e08
core   0: 0x8000007a (0x0000420d) c.li    tp, 3
core   0: 3 0x8000007a (0x420d) x4  0x00000003
core   0: 0x8000007c (0x000042bd) c.li    t0, 15
core   0: 3 0x8000007c (0x42bd) x5  0x0000000f
core   0: 0x8000007e (0x00004301) c.li    t1, 0
core   0: 3 0x8000007e (0x4301) x6  0x00000000
core   0: 0x80000080 (0x51af83b7) lui     t2, 0x51af8
core   0: 3 0x80000080 (0x51af83b7) x7  0x51af8000
core   0: 0x80000084 (0x7b338393) addi    t2, t2, 1971
core   0: 3 0x80000084 (0x7b338393) x7  0x51af87b3
core   0: 0x80000088 (0xe4587437) lui     s0, 0xe4587
core   0: 3 0x80000088 (0xe4587437) x8  0xe4587000
core   0: 0x8000008c (0xed840413) addi    s0, s0, -296
core   0: 3 0x8000008c (0xed840413) x8  0xe4586ed8
core   0: 0x80000090 (0x800004b7) lui     s1, 0x80000
core   0: 3 0x80000090 (0x800004b7) x9  0x80000000
core   0: 0x80000094 (0x80000537) lui     a0, 0x80000
core   0: 3 0x80000094 (0x80000537) x10 0x80000000
core   0: 0x80000098 (0xf1077637) lui     a2, 0xf1077
core   0: 3 0x80000098 (0xf1077637) x12 0xf1077000
core   0: 0x8000009c (0xc0260613) addi    a2, a2, -1022
core   0: 3 0x8000009c (0xc0260613) x12 0xf1076c02
core   0: 0x800000a0 (0x000046bd) c.li    a3, 15
core   0: 3 0x800000a0 (0x46bd) x13 0x0000000f
core   0: 0x800000a2 (0xb548f737) lui     a4, 0xb548f
core   0: 3 0x800000a2 (0xb548f737) x14 0xb548f000
core   0: 0x800000a6 (0x67a70713) addi    a4, a4, 1658
core   0: 3 0x800000a6 (0x67a70713) x14 0xb548f67a
core   0: 0x800000aa (0x5d8bb7b7) lui     a5, 0x5d8bb
core   0: 3 0x800000aa (0x5d8bb7b7) x15 0x5d8bb000
core   0: 0x800000ae (0x1cb78793) addi    a5, a5, 459
core   0: 3 0x800000ae (0x1cb78793) x15 0x5d8bb1cb
core   0: 0x800000b2 (0x77ef3837) lui     a6, 0x77ef3
core   0: 3 0x800000b2 (0x77ef3837) x16 0x77ef3000
core   0: 0x800000b6 (0x9ff80813) addi    a6, a6, -1537
core   0: 3 0x800000b6 (0x9ff80813) x16 0x77ef29ff
core   0: 0x800000ba (0x80000937) lui     s2, 0x80000
core   0: 3 0x800000ba (0x80000937) x18 0x80000000
core   0: 0x800000be (0x2a6da9b7) lui     s3, 0x2a6da
core   0: 3 0x800000be (0x2a6da9b7) x19 0x2a6da000
core   0: 0x800000c2 (0x36498993) addi    s3, s3, 868
core   0: 3 0x800000c2 (0x36498993) x19 0x2a6da364
core   0: 0x800000c6 (0xfeb4aa37) lui     s4, 0xfeb4a
core   0: 3 0x800000c6 (0xfeb4aa37) x20 0xfeb4a000
core   0: 0x800000ca (0xf7da0a13) addi    s4, s4, -131
core   0: 3 0x800000ca (0xf7da0a13) x20 0xfeb49f7d
core   0: 0x800000ce (0x20b8dab7) lui     s5, 0x20b8d
core   0: 3 0x800000ce (0x20b8dab7) x21 0x20b8d000
core   0: 0x800000d2 (0x351a8a93) addi    s5, s5, 849
core   0: 3 0x800000d2 (0x351a8a93) x21 0x20b8d351
core   0: 0x800000d6 (0xfe712b37) lui     s6, 0xfe712
core   0: 3 0x800000d6 (0xfe712b37) x22 0xfe712000
core   0: 0x800000da (0x47cb0b13) addi    s6, s6, 1148
core   0: 3 0x800000da (0x47cb0b13) x22 0xfe71247c
core   0: 0x800000de (0x00004b81) c.li    s7, 0
core   0: 3 0x800000de (0x4b81) x23 0x00000000
core   0: 0x800000e0 (0x2eaf0c37) lui     s8, 0x2eaf0
core   0: 3 0x800000e0 (0x2eaf0c37) x24 0x2eaf0000
core   0: 0x800000e4 (0x56dc0c13) addi    s8, s8, 1389
core   0: 3 0x800000e4 (0x56dc0c13) x24 0x2eaf056d
core   0: 0x800000e8 (0xf3d09cb7) lui     s9, 0xf3d09
core   0: 3 0x800000e8 (0xf3d09cb7) x25 0xf3d09000
core   0: 0x800000ec (0xac7c8c93) addi    s9, s9, -1337
core   0: 3 0x800000ec (0xac7c8c93) x25 0xf3d08ac7
core   0: 0x800000f0 (0x00004d01) c.li    s10, 0
core   0: 3 0x800000f0 (0x4d01) x26 0x00000000
core   0: 0x800000f2 (0x00004d81) c.li    s11, 0
core   0: 3 0x800000f2 (0x4d81) x27 0x00000000
core   0: 0x800000f4 (0xd5b74e37) lui     t3, 0xd5b74
core   0: 3 0x800000f4 (0xd5b74e37) x28 0xd5b74000
core   0: 0x800000f8 (0xebbe0e13) addi    t3, t3, -325
core   0: 3 0x800000f8 (0xebbe0e13) x28 0xd5b73ebb
core   0: 0x800000fc (0x80000eb7) lui     t4, 0x80000
core   0: 3 0x800000fc (0x80000eb7) x29 0x80000000
core   0: 0x80000100 (0x6d6e4f37) lui     t5, 0x6d6e4
core   0: 3 0x80000100 (0x6d6e4f37) x30 0x6d6e4000
core   0: 0x80000104 (0x00001f29) c.addi  t5, -22
core   0: 3 0x80000104 (0x1f29) x30 0x6d6e3fea
core   0: 0x80000106 (0x00004f81) c.li    t6, 0
core   0: 3 0x80000106 (0x4f81) x31 0x00000000
core   0: 0x80000108 (0x00026597) auipc   a1, 0x26
core   0: 3 0x80000108 (0x00026597) x11 0x80026108
core   0: 0x8000010c (0xd5c58593) addi    a1, a1, -676
core   0: 3 0x8000010c (0xd5c58593) x11 0x80025e64
core   0: 0x80000110 (0x00004d1d) c.li    s10, 7
core   0: 3 0x80000110 (0x4d1d) x26 0x00000007
core   0: 0x80000112 (0x017e17b3) sll     a5, t3, s7
core   0: 3 0x80000112 (0x017e17b3) x15 0xd5b73ebb
core   0: 0x80000116 (0x0000460d) c.li    a2, 3
core   0: 3 0x80000116 (0x460d) x12 0x00000003
core   0: 0x80000118 (0x002f06b3) add     a3, t5, sp
core   0: 3 0x80000118 (0x002f06b3) x13 0xbd60f599
core   0: 0x8000011c (0x00001d7d) c.addi  s10, -1
core   0: 3 0x8000011c (0x1d7d) x26 0x00000006
core   0: 0x8000011e (0x0000577d) c.li    a4, -1
core   0: 3 0x8000011e (0x577d) x14 0xffffffff
core   0: 0x80000120 (0x000086a9) c.srai  a3, 10
core   0: 3 0x80000120 (0x86a9) x13 0xffef583d
core   0: 0x80000122 (0x00004551) c.li    a0, 20
core   0: 3 0x80000122 (0x4551) x10 0x00000014
core   0: 0x80000124 (0x000050fd) c.li    ra, -1
core   0: 3 0x80000124 (0x50fd) x1  0xffffffff
core   0: 0x80000126 (0x00008c7d) c.and   s0, a5
core   0: 3 0x80000126 (0x8c7d) x8  0xc4102e98
core   0: 0x80000128 (0x0000071d) c.addi  a4, 7
core   0: 3 0x80000128 (0x071d) x14 0x00000006
core   0: 0x8000012a (0x000001ce) c.slli  gp, 19
core   0: 3 0x8000012a (0x01ce) x3  0x70400000
core   0: 0x8000012c (0xfea76ce3) bltu    a4, a0, pc - 8
core   0: 3 0x8000012c (0xfea76ce3)
core   0: 0x80000124 (0x000050fd) c.li    ra, -1
core   0: 3 0x80000124 (0x50fd) x1  0xffffffff
core   0: 0x80000126 (0x00008c7d) c.and   s0, a5
core   0: 3 0x80000126 (0x8c7d) x8  0xc4102e98
core   0: 0x80000128 (0x0000071d) c.addi  a4, 7
core   0: 3 0x80000128 (0x071d) x14 0x0000000d
core   0: 0x8000012a (0x000001ce) c.slli  gp, 19
core   0: 3 0x8000012a (0x01ce) x3  0x00000000
core   0: 0x8000012c (0xfea76ce3) bltu    a4, a0, pc - 8
core   0: 3 0x8000012c (0xfea76ce3)
core   0: 0x80000124 (0x000050fd) c.li    ra, -1
core   0: 3 0x80000124 (0x50fd) x1  0xffffffff
core   0: 0x80000126 (0x00008c7d) c.and   s0, a5
core   0: 3 0x80000126 (0x8c7d) x8  0xc4102e98
core   0: 0x80000128 (0x0000071d) c.addi  a4, 7
core   0: 3 0x80000128 (0x071d) x14 0x00000014
core   0: 0x8000012a (0x000001ce) c.slli  gp, 19
core   0: 3 0x8000012a (0x01ce) x3  0x00000000
core   0: 0x8000012c (0xfea76ce3) bltu    a4, a0, pc - 8
core   0: 3 0x8000012c (0xfea76ce3)
core   0: 0x80000130 (0x000084b9) c.srai  s1, 14
core   0: 3 0x80000130 (0x84b9) x9  0xfffe0000
core   0: 0x80000132 (0xfecd73e3) bgeu    s10, a2, pc - 26
core   0: 3 0x80000132 (0xfecd73e3)
core   0: 0x80000118 (0x002f06b3) add     a3, t5, sp
core   0: 3 0x80000118 (0x002f06b3) x13 0xbd60f599
core   0: 0x8000011c (0x00001d7d) c.addi  s10, -1
core   0: 3 0x8000011c (0x1d7d) x26 0x00000005
core   0: 0x8000011e (0x0000577d) c.li    a4, -1
core   0: 3 0x8000011e (0x577d) x14 0xffffffff
core   0: 0x80000120 (0x000086a9) c.srai  a3, 10
core   0: 3 0x80000120 (0x86a9) x13 0xffef583d
core   0: 0x80000122 (0x00004551) c.li    a0, 20
core   0: 3 0x80000122 (0x4551) x10 0x00000014
core   0: 0x80000124 (0x000050fd) c.li    ra, -1
core   0: 3 0x80000124 (0x50fd) x1  0xffffffff
core   0: 0x80000126 (0x00008c7d) c.and   s0, a5
core   0: 3 0x80000126 (0x8c7d) x8  0xc4102e98
core   0: 0x80000128 (0x0000071d) c.addi  a4, 7
core   0: 3 0x80000128 (0x071d) x14 0x00000006
core   0: 0x8000012a (0x000001ce) c.slli  gp, 19
core   0: 3 0x8000012a (0x01ce) x3  0x00000000
core   0: 0x8000012c (0xfea76ce3) bltu    a4, a0, pc - 8
core   0: 3 0x8000012c (0xfea76ce3)
core   0: 0x80000124 (0x000050fd) c.li    ra, -1
core   0: 3 0x80000124 (0x50fd) x1  0xffffffff
core   0: 0x80000126 (0x00008c7d) c.and   s0, a5
core   0: 3 0x80000126 (0x8c7d) x8  0xc4102e98
core   0: 0x80000128 (0x0000071d) c.addi  a4, 7
core   0: 3 0x80000128 (0x071d) x14 0x0000000d
core   0: 0x8000012a (0x000001ce) c.slli  gp, 19
core   0: 3 0x8000012a (0x01ce) x3  0x00000000
core   0: 0x8000012c (0xfea76ce3) bltu    a4, a0, pc - 8
core   0: 3 0x8000012c (0xfea76ce3)
core   0: 0x80000124 (0x000050fd) c.li    ra, -1
core   0: 3 0x80000124 (0x50fd) x1  0xffffffff
core   0: 0x80000126 (0x00008c7d) c.and   s0, a5
core   0: 3 0x80000126 (0x8c7d) x8  0xc4102e98
core   0: 0x80000128 (0x0000071d) c.addi  a4, 7
core   0: 3 0x80000128 (0x071d) x14 0x00000014
core   0: 0x8000012a (0x000001ce) c.slli  gp, 19
core   0: 3 0x8000012a (0x01ce) x3  0x00000000
core   0: 0x8000012c (0xfea76ce3) bltu    a4, a0, pc - 8
core   0: 3 0x8000012c (0xfea76ce3)
core   0: 0x80000130 (0x000084b9) c.srai  s1, 14
core   0: 3 0x80000130 (0x84b9) x9  0xfffffff8
core   0: 0x80000132 (0xfecd73e3) bgeu    s10, a2, pc - 26
core   0: 3 0x80000132 (0xfecd73e3)
core   0: 0x80000118 (0x002f06b3) add     a3, t5, sp
core   0: 3 0x80000118 (0x002f06b3) x13 0xbd60f599
core   0: 0x8000011c (0x00001d7d) c.addi  s10, -1
core   0: 3 0x8000011c (0x1d7d) x26 0x00000004
core   0: 0x8000011e (0x0000577d) c.li    a4, -1
core   0: 3 0x8000011e (0x577d) x14 0xffffffff
core   0: 0x80000120 (0x000086a9) c.srai  a3, 10
core   0: 3 0x80000120 (0x86a9) x13 0xffef583d
core   0: 0x80000122 (0x00004551) c.li    a0, 20
core   0: 3 0x80000122 (0x4551) x10 0x00000014
core   0: 0x80000124 (0x000050fd) c.li    ra, -1
core   0: 3 0x80000124 (0x50fd) x1  0xffffffff
core   0: 0x80000126 (0x00008c7d) c.and   s0, a5
core   0: 3 0x80000126 (0x8c7d) x8  0xc4102e98
core   0: 0x80000128 (0x0000071d) c.addi  a4, 7
core   0: 3 0x80000128 (0x071d) x14 0x00000006
core   0: 0x8000012a (0x000001ce) c.slli  gp, 19
core   0: 3 0x8000012a (0x01ce) x3  0x00000000
core   0: 0x8000012c (0xfea76ce3) bltu    a4, a0, pc - 8
core   0: 3 0x8000012c (0xfea76ce3)
core   0: 0x80000124 (0x000050fd) c.li    ra, -1
core   0: 3 0x80000124 (0x50fd) x1  0xffffffff
core   0: 0x80000126 (0x00008c7d) c.and   s0, a5
core   0: 3 0x80000126 (0x8c7d) x8  0xc4102e98
core   0: 0x80000128 (0x0000071d) c.addi  a4, 7
core   0: 3 0x80000128 (0x071d) x14 0x0000000d
core   0: 0x8000012a (0x000001ce) c.slli  gp, 19
core   0: 3 0x8000012a (0x01ce) x3  0x00000000
core   0: 0x8000012c (0xfea76ce3) bltu    a4, a0, pc - 8
core   0: 3 0x8000012c (0xfea76ce3)
core   0: 0x80000124 (0x000050fd) c.li    ra, -1
core   0: 3 0x80000124 (0x50fd) x1  0xffffffff
core   0: 0x80000126 (0x00008c7d) c.and   s0, a5
core   0: 3 0x80000126 (0x8c7d) x8  0xc4102e98
core   0: 0x80000128 (0x0000071d) c.addi  a4, 7
core   0: 3 0x80000128 (0x071d) x14 0x00000014
core   0: 0x8000012a (0x000001ce) c.slli  gp, 19
core   0: 3 0x8000012a (0x01ce) x3  0x00000000
core   0: 0x8000012c (0xfea76ce3) bltu    a4, a0, pc - 8
core   0: 3 0x8000012c (0xfea76ce3)
core   0: 0x80000130 (0x000084b9) c.srai  s1, 14
core   0: 3 0x80000130 (0x84b9) x9  0xffffffff
core   0: 0x80000132 (0xfecd73e3) bgeu    s10, a2, pc - 26
core   0: 3 0x80000132 (0xfecd73e3)
core   0: 0x80000118 (0x002f06b3) add     a3, t5, sp
core   0: 3 0x80000118 (0x002f06b3) x13 0xbd60f599
core   0: 0x8000011c (0x00001d7d) c.addi  s10, -1
core   0: 3 0x8000011c (0x1d7d) x26 0x00000003
core   0: 0x8000011e (0x0000577d) c.li    a4, -1
core   0: 3 0x8000011e (0x577d) x14 0xffffffff
core   0: 0x80000120 (0x000086a9) c.srai  a3, 10
core   0: 3 0x80000120 (0x86a9) x13 0xffef583d
core   0: 0x80000122 (0x00004551) c.li    a0, 20
core   0: 3 0x80000122 (0x4551) x10 0x00000014
core   0: 0x80000124 (0x000050fd) c.li    ra, -1
core   0: 3 0x80000124 (0x50fd) x1  0xffffffff
core   0: 0x80000126 (0x00008c7d) c.and   s0, a5
core   0: 3 0x80000126 (0x8c7d) x8  0xc4102e98
core   0: 0x80000128 (0x0000071d) c.addi  a4, 7
core   0: 3 0x80000128 (0x071d) x14 0x00000006
core   0: 0x8000012a (0x000001ce) c.slli  gp, 19
core   0: 3 0x8000012a (0x01ce) x3  0x00000000
core   0: 0x8000012c (0xfea76ce3) bltu    a4, a0, pc - 8
core   0: 3 0x8000012c (0xfea76ce3)
core   0: 0x80000124 (0x000050fd) c.li    ra, -1
core   0: 3 0x80000124 (0x50fd) x1  0xffffffff
core   0: 0x80000126 (0x00008c7d) c.and   s0, a5
core   0: 3 0x80000126 (0x8c7d) x8  0xc4102e98
core   0: 0x80000128 (0x0000071d) c.addi  a4, 7
core   0: 3 0x80000128 (0x071d) x14 0x0000000d
core   0: 0x8000012a (0x000001ce) c.slli  gp, 19
core   0: 3 0x8000012a (0x01ce) x3  0x00000000
core   0: 0x8000012c (0xfea76ce3) bltu    a4, a0, pc - 8
core   0: 3 0x8000012c (0xfea76ce3)
core   0: 0x80000124 (0x000050fd) c.li    ra, -1
core   0: 3 0x80000124 (0x50fd) x1  0xffffffff
core   0: 0x80000126 (0x00008c7d) c.and   s0, a5
core   0: 3 0x80000126 (0x8c7d) x8  0xc4102e98
core   0: 0x80000128 (0x0000071d) c.addi  a4, 7
core   0: 3 0x80000128 (0x071d) x14 0x00000014
core   0: 0x8000012a (0x000001ce) c.slli  gp, 19
core   0: 3 0x8000012a (0x01ce) x3  0x00000000
core   0: 0x8000012c (0xfea76ce3) bltu    a4, a0, pc - 8
core   0: 3 0x8000012c (0xfea76ce3)
core   0: 0x80000130 (0x000084b9) c.srai  s1, 14
core   0: 3 0x80000130 (0x84b9) x9  0xffffffff
core   0: 0x80000132 (0xfecd73e3) bgeu    s10, a2, pc - 26
core   0: 3 0x80000132 (0xfecd73e3)
core   0: 0x80000118 (0x002f06b3) add     a3, t5, sp
core   0: 3 0x80000118 (0x002f06b3) x13 0xbd60f599
core   0: 0x8000011c (0x00001d7d) c.addi  s10, -1
core   0: 3 0x8000011c (0x1d7d) x26 0x00000002
core   0: 0x8000011e (0x0000577d) c.li    a4, -1
core   0: 3 0x8000011e (0x577d) x14 0xffffffff
core   0: 0x80000120 (0x000086a9) c.srai  a3, 10
core   0: 3 0x80000120 (0x86a9) x13 0xffef583d
core   0: 0x80000122 (0x00004551) c.li    a0, 20
core   0: 3 0x80000122 (0x4551) x10 0x00000014
core   0: 0x80000124 (0x000050fd) c.li    ra, -1
core   0: 3 0x80000124 (0x50fd) x1  0xffffffff
core   0: 0x80000126 (0x00008c7d) c.and   s0, a5
core   0: 3 0x80000126 (0x8c7d) x8  0xc4102e98
core   0: 0x80000128 (0x0000071d) c.addi  a4, 7
core   0: 3 0x80000128 (0x071d) x14 0x00000006
core   0: 0x8000012a (0x000001ce) c.slli  gp, 19
core   0: 3 0x8000012a (0x01ce) x3  0x00000000
core   0: 0x8000012c (0xfea76ce3) bltu    a4, a0, pc - 8
core   0: 3 0x8000012c (0xfea76ce3)
core   0: 0x80000124 (0x000050fd) c.li    ra, -1
core   0: 3 0x80000124 (0x50fd) x1  0xffffffff
core   0: 0x80000126 (0x00008c7d) c.and   s0, a5
core   0: 3 0x80000126 (0x8c7d) x8  0xc4102e98
core   0: 0x80000128 (0x0000071d) c.addi  a4, 7
core   0: 3 0x80000128 (0x071d) x14 0x0000000d
core   0: 0x8000012a (0x000001ce) c.slli  gp, 19
core   0: 3 0x8000012a (0x01ce) x3  0x00000000
core   0: 0x8000012c (0xfea76ce3) bltu    a4, a0, pc - 8
core   0: 3 0x8000012c (0xfea76ce3)
core   0: 0x80000124 (0x000050fd) c.li    ra, -1
core   0: 3 0x80000124 (0x50fd) x1  0xffffffff
core   0: 0x80000126 (0x00008c7d) c.and   s0, a5
core   0: 3 0x80000126 (0x8c7d) x8  0xc4102e98
core   0: 0x80000128 (0x0000071d) c.addi  a4, 7
core   0: 3 0x80000128 (0x071d) x14 0x00000014
core   0: 0x8000012a (0x000001ce) c.slli  gp, 19
core   0: 3 0x8000012a (0x01ce) x3  0x00000000
core   0: 0x8000012c (0xfea76ce3) bltu    a4, a0, pc - 8
core   0: 3 0x8000012c (0xfea76ce3)
core   0: 0x80000130 (0x000084b9) c.srai  s1, 14
core   0: 3 0x80000130 (0x84b9) x9  0xffffffff
core   0: 0x80000132 (0xfecd73e3) bgeu    s10, a2, pc - 26
core   0: 3 0x80000132 (0xfecd73e3)
core   0: 0x80000136 (0x07208e13) addi    t3, ra, 114
core   0: 3 0x80000136 (0x07208e13) x28 0x00000071
core   0: 0x8000013a (0x00a0076f) jal     a4, pc + 0xa
core   0: 3 0x8000013a (0x00a0076f) x14 0x8000013e
core   0: 0x80000144 (0x0120036f) jal     t1, pc + 0x12
core   0: 3 0x80000144 (0x0120036f) x6  0x80000148
core   0: 0x80000156 (0x0000a821) c.j     pc + 24
core   0: 3 0x80000156 (0xa821)
core   0: 0x8000016e (0xfd3ff2ef) jal     t0, pc - 0x2e
core   0: 3 0x8000016e (0xfd3ff2ef) x5  0x80000172
core   0: 0x80000140 (0x020000ef) jal     pc + 0x20
core   0: 3 0x80000140 (0x020000ef) x1  0x80000144
core   0: 0x80000160 (0xfefff0ef) jal     pc - 0x12
core   0: 3 0x80000160 (0xfefff0ef) x1  0x80000164
core   0: 0x8000014e (0x00002025) c.jal   pc + 40
core   0: 3 0x8000014e (0x2025) x1  0x80000150
core   0: 0x80000176 (0xfddff36f) jal     t1, pc - 0x24
core   0: 3 0x80000176 (0xfddff36f) x6  0x8000017a
core   0: 0x80000152 (0xfedffa6f) jal     s4, pc - 0x14
core   0: 3 0x80000152 (0xfedffa6f) x20 0x80000156
core   0: 0x8000013e (0x00002029) c.jal   pc + 10
core   0: 3 0x8000013e (0x2029) x1  0x80000140
core   0: 0x80000148 (0x010000ef) jal     pc + 0x10
core   0: 3 0x80000148 (0x010000ef) x1  0x8000014c
core   0: 0x80000158 (0x0000a809) c.j     pc + 18
core   0: 3 0x80000158 (0xa809)
core   0: 0x8000016a (0x00a000ef) jal     pc + 0xa
core   0: 3 0x8000016a (0x00a000ef) x1  0x8000016e
core   0: 0x80000174 (0x000037dd) c.jal   pc - 26
core   0: 3 0x80000174 (0x37dd) x1  0x80000176
core   0: 0x8000015a (0x00a000ef) jal     pc + 0xa
core   0: 3 0x8000015a (0x00a000ef) x1  0x8000015e
core   0: 0x80000164 (0x0160036f) jal     t1, pc + 0x16
core   0: 3 0x80000164 (0x0160036f) x6  0x80000168
core   0: 0x8000017a (0xfd3ff1ef) jal     gp, pc - 0x2e
core   0: 3 0x8000017a (0xfd3ff1ef) x3  0x8000017e
core   0: 0x8000014c (0x00002011) c.jal   pc + 4
core   0: 3 0x8000014c (0x2011) x1  0x8000014e
core   0: 0x80000150 (0x0000a00d) c.j     pc + 34
core   0: 3 0x80000150 (0xa00d)
core   0: 0x80000172 (0x0000b7f5) c.j     pc - 20
core   0: 3 0x80000172 (0xb7f5)
core   0: 0x8000015e (0x0000a029) c.j     pc + 10
core   0: 3 0x8000015e (0xa029)
core   0: 0x80000168 (0x00002819) c.jal   pc + 22
core   0: 3 0x80000168 (0x2819) x1  0x8000016a
core   0: 0x8000017e (0x00008f65) c.and   a4, s1
core   0: 3 0x8000017e (0x8f65) x14 0x8000013e
core   0: 0x80000180 (0x00011d97) auipc   s11, 0x11
core   0: 3 0x80000180 (0x00011d97) x27 0x80011180
core   0: 0x80000184 (0xd98d8d93) addi    s11, s11, -616
core   0: 3 0x80000184 (0xd98d8d93) x27 0x80010f18
core   0: 0x80000188 (0xf8d2c297) auipc   t0, 0xf8d2c
core   0: 3 0x80000188 (0xf8d2c297) x5  0x78d2c188
core   0: 0x8000018c (0x00a573b3) and     t2, a0, a0
core   0: 3 0x8000018c (0x00a573b3) x7  0x00000014
core   0: 0x80000190 (0x02a809b3) mul     s3, a6, a0
core   0: 3 0x80000190 (0x02a809b3) x19 0x5eaf47ec
core   0: 0x80000194 (0x00009bfd) c.andi  a5, -1
core   0: 3 0x80000194 (0x9bfd) x15 0xd5b73ebb
core   0: 0x80000196 (0xff6dc783) lbu     a5, -10(s11)
core   0: 3 0x80000196 (0xff6dc783) x15 0x00000000 mem 0x80010f0e
core   0: 0x8000019a (0x037d8483) lb      s1, 55(s11)
core   0: 3 0x8000019a (0x037d8483) x9  0x00000000 mem 0x80010f4f
core   0: 0x8000019e (0x00008f31) c.xor   a4, a2
core   0: 3 0x8000019e (0x8f31) x14 0x8000013d
core   0: 0x800001a0 (0x039dc183) lbu     gp, 57(s11)
core   0: 3 0x800001a0 (0x039dc183) x3  0x00000000 mem 0x80010f51
core   0: 0x800001a4 (0x027d8b03) lb      s6, 39(s11)
core   0: 3 0x800001a4 (0x027d8b03) x22 0x00000000 mem 0x80010f3f
core   0: 0x800001a8 (0x006fd7b3) srl     a5, t6, t1
core   0: 3 0x800001a8 (0x006fd7b3) x15 0x00000000
core   0: 0x800001ac (0x003d8323) sb      gp, 6(s11)
core   0: 3 0x800001ac (0x003d8323) mem 0x80010f1e 0x00
core   0: 0x800001b0 (0x3c410017) auipc   zero, 0x3c410
core   0: 3 0x800001b0 (0x3c410017)
core   0: 0x800001b4 (0x8373ec93) ori     s9, t2, -1993
core   0: 3 0x800001b4 (0x8373ec93) x25 0xfffff837
core   0: 0x800001b8 (0x01ad9283) lh      t0, 26(s11)
core   0: 3 0x800001b8 (0x01ad9283) x5  0x00000000 mem 0x80010f32
core   0: 0x800001bc (0x0363c033) div     zero, t2, s6
core   0: 3 0x800001bc (0x0363c033)
core   0: 0x800001c0 (0xff1dc003) lbu     zero, -15(s11)
core   0: 3 0x800001c0 (0xff1dc003) mem 0x80010f09
core   0: 0x800001c4 (0x01f45733) srl     a4, s0, t6
core   0: 3 0x800001c4 (0x01f45733) x14 0xc4102e98
core   0: 0x800001c8 (0x01301f93) slli    t6, zero, 19
core   0: 3 0x800001c8 (0x01301f93) x31 0x00000000
core   0: 0x800001cc (0x01df91b3) sll     gp, t6, t4
core   0: 3 0x800001cc (0x01df91b3) x3  0x00000000
core   0: 0x800001d0 (0x01796f33) or      t5, s2, s7
core   0: 3 0x800001d0 (0x01796f33) x30 0x80000000
core   0: 0x800001d4 (0x003d8183) lb      gp, 3(s11)
core   0: 3 0x800001d4 (0x003d8183) x3  0x00000000 mem 0x80010f1b
core   0: 0x800001d8 (0x015839b3) sltu    s3, a6, s5
core   0: 3 0x800001d8 (0x015839b3) x19 0x00000000
core   0: 0x800001dc (0x387eeb93) ori     s7, t4, 903
core   0: 3 0x800001dc (0x387eeb93) x23 0x80000387
core   0: 0x800001e0 (0xff3d8183) lb      gp, -13(s11)
core   0: 3 0x800001e0 (0xff3d8183) x3  0x00000000 mem 0x80010f0b
core   0: 0x800001e4 (0xfded9b03) lh      s6, -34(s11)
core   0: 3 0x800001e4 (0xfded9b03) x22 0x00000000 mem 0x80010ef6
core   0: 0x800001e8 (0xffbdcc83) lbu     s9, -5(s11)
core   0: 3 0x800001e8 (0xffbdcc83) x25 0x00000000 mem 0x80010f13
core   0: 0x800001ec (0xfffdc603) lbu     a2, -1(s11)
core   0: 3 0x800001ec (0xfffdc603) x12 0x00000000 mem 0x80010f17
core   0: 0x800001f0 (0x03382033) mulhsu  zero, a6, s3
core   0: 3 0x800001f0 (0x03382033)
core   0: 0x800001f4 (0xffbd89a3) sb      s11, -13(s11)
core   0: 3 0x800001f4 (0xffbd89a3) mem 0x80010f0b 0x18
core   0: 0x800001f8 (0x039a7333) remu    t1, s4, s9
core   0: 3 0x800001f8 (0x039a7333) x6  0x80000156
core   0: 0x800001fc (0xfe9d8fa3) sb      s1, -1(s11)
core   0: 3 0x800001fc (0xfe9d8fa3) mem 0x80010f17 0x00
core   0: 0x80000200 (0x0000055d) c.addi  a0, 23
core   0: 3 0x80000200 (0x055d) x10 0x0000002b
core   0: 0x80000202 (0x41a1dc13) srai    s8, gp, 26
core   0: 3 0x80000202 (0x41a1dc13) x24 0x00000000
core   0: 0x80000206 (0x006da823) sw      t1, 16(s11)
core   0: 3 0x80000206 (0x006da823) mem 0x80010f28 0x80000156
core   0: 0x8000020a (0x402a5433) sra     s0, s4, sp
core   0: 3 0x8000020a (0x402a5433) x8  0xffff0000
core   0: 0x8000020e (0xfefdc483) lbu     s1, -17(s11)
core   0: 3 0x8000020e (0xfefdc483) x9  0x00000000 mem 0x80010f07
core   0: 0x80000212 (0x46ab7313) andi    t1, s6, 1130
core   0: 3 0x80000212 (0x46ab7313) x6  0x00000000
core   0: 0x80000216 (0xf56fed13) ori     s10, t6, -170
core   0: 3 0x80000216 (0xf56fed13) x26 0xffffff56
core   0: 0x8000021a (0x031d8a03) lb      s4, 49(s11)
core   0: 3 0x8000021a (0x031d8a03) x20 0x00000000 mem 0x80010f49
core   0: 0x8000021e (0x016d82a3) sb      s6, 5(s11)
core   0: 3 0x8000021e (0x016d82a3) mem 0x80010f1d 0x00
core   0: 0x80000222 (0x01dfe433) or      s0, t6, t4
core   0: 3 0x80000222 (0x01dfe433) x8  0x80000000
core   0: 0x80000226 (0xff5dca03) lbu     s4, -11(s11)
core   0: 3 0x80000226 (0xff5dca03) x20 0x00000000 mem 0x80010f0d
core   0: 0x8000022a (0x00013e17) auipc   t3, 0x13
core   0: 3 0x8000022a (0x00013e17) x28 0x8001322a
core   0: 0x8000022e (0xab7e0e13) addi    t3, t3, -1353
core   0: 3 0x8000022e (0xab7e0e13) x28 0x80012ce1
core   0: 0x80000232 (0x01e0da33) srl     s4, ra, t5
core   0: 3 0x80000232 (0x01e0da33) x20 0x8000016a
core   0: 0x80000236 (0x0e0e0c23) sb      zero, 248(t3)
core   0: 3 0x80000236 (0x0e0e0c23) mem 0x80012dd9 0x00
core   0: 0x8000023a (0xfd8e0683) lb      a3, -40(t3)
core   0: 3 0x8000023a (0xfd8e0683) x13 0x00000000 mem 0x80012cb9
core   0: 0x8000023e (0x40778db3) sub     s11, a5, t2
core   0: 3 0x8000023e (0x40778db3) x27 0xffffffec
core   0: 0x80000242 (0x071e1103) lh      sp, 113(t3)
core   0: 3 0x80000242 (0x071e1103) x2  0x00000000 mem 0x80012d52
core   0: 0x80000246 (0x072e0d83) lb      s11, 114(t3)
core   0: 3 0x80000246 (0x072e0d83) x27 0x00000000 mem 0x80012d53
core   0: 0x8000024a (0x000012fd) c.addi  t0, -1
core   0: 3 0x8000024a (0x12fd) x5  0xffffffff
core   0: 0x8000024c (0xfdce0c03) lb      s8, -36(t3)
core   0: 3 0x8000024c (0xfdce0c03) x24 0x00000000 mem 0x80012cbd
core   0: 0x80000250 (0x031d4c33) div     s8, s10, a7
core   0: 3 0x80000250 (0x031d4c33) x24 0x00000000
core   0: 0x80000254 (0x00008e3d) c.xor   a2, a5
core   0: 3 0x80000254 (0x8e3d) x12 0x00000000
core   0: 0x80000256 (0x46180d93) addi    s11, a6, 1121
core   0: 3 0x80000256 (0x46180d93) x27 0x77ef2e60
core   0: 0x8000025a (0x0254a133) mulhsu  sp, s1, t0
core   0: 3 0x8000025a (0x0254a133) x2  0x00000000
core   0: 0x8000025e (0x00001e1c) c.addi4spn a5, sp, 816
core   0: 3 0x8000025e (0x1e1c) x15 0x00000330
core   0: 0x80000260 (0x40d3d193) srai    gp, t2, 13
core   0: 3 0x80000260 (0x40d3d193) x3  0x00000000
core   0: 0x80000264 (0x0e8e0523) sb      s0, 234(t3)
core   0: 3 0x80000264 (0x0e8e0523) mem 0x80012dcb 0x00
core   0: 0x80000268 (0x0cce0723) sb      a2, 206(t3)
core   0: 3 0x80000268 (0x0cce0723) mem 0x80012daf 0x00
core   0: 0x8000026c (0xf1ae27a3) sw      s10, -241(t3)
core   0: 3 0x8000026c (0xf1ae27a3) mem 0x80012bf0 0xffffff56
core   0: 0x80000270 (0x40d00fb3) sub     t6, zero, a3
core   0: 3 0x80000270 (0x40d00fb3) x31 0x00000000
core   0: 0x80000274 (0xf51e0703) lb      a4, -175(t3)
core   0: 3 0x80000274 (0xf51e0703) x14 0x00000000 mem 0x80012c32
core   0: 0x80000278 (0x00001b84) c.addi4spn s1, sp, 496
core   0: 3 0x80000278 (0x1b84) x9  0x000001f0
core   0: 0x8000027a (0x060e0683) lb      a3, 96(t3)
core   0: 3 0x8000027a (0x060e0683) x13 0x00000000 mem 0x80012d41
core   0: 0x8000027e (0x01df1493) slli    s1, t5, 29
core   0: 3 0x8000027e (0x01df1493) x9  0x00000000
core   0: 0x80000282 (0xf12e4503) lbu     a0, -238(t3)
core   0: 3 0x80000282 (0xf12e4503) x10 0x000000ff mem 0x80012bf3
core   0: 0x80000286 (0x98a57413) andi    s0, a0, -1654
core   0: 3 0x80000286 (0x98a57413) x8  0x0000008a
core   0: 0x8000028a (0x41eeda33) sra     s4, t4, t5
core   0: 3 0x8000028a (0x41eeda33) x20 0x80000000
core   0: 0x8000028e (0xf73e0783) lb      a5, -141(t3)
core   0: 3 0x8000028e (0xf73e0783) x15 0x00000000 mem 0x80012c54
core   0: 0x80000292 (0x00010517) auipc   a0, 0x10
core   0: 3 0x80000292 (0x00010517) x10 0x80010292
core   0: 0x80000296 (0x0a750513) addi    a0, a0, 167
core   0: 3 0x80000296 (0x0a750513) x10 0x80010339
core   0: 0x8000029a (0xfd854003) lbu     zero, -40(a0)
core   0: 3 0x8000029a (0xfd854003) mem 0x80010311
core   0: 0x8000029e (0x00654003) lbu     zero, 6(a0)
core   0: 3 0x8000029e (0x00654003) mem 0x8001033f
core   0: 0x800002a2 (0x03650903) lb      s2, 54(a0)
core   0: 3 0x800002a2 (0x03650903) x18 0x00000000 mem 0x8001036f
core   0: 0x800002a6 (0x00044433) xor     s0, s0, zero
core   0: 3 0x800002a6 (0x00044433) x8  0x0000008a
core   0: 0x800002aa (0x028509a3) sb      s0, 51(a0)
core   0: 3 0x800002aa (0x028509a3) mem 0x8001036c 0x8a
core   0: 0x800002ae (0x03454903) lbu     s2, 52(a0)
core   0: 3 0x800002ae (0x03454903) x18 0x00000000 mem 0x8001036d
core   0: 0x800002b2 (0x00008222) c.mv    tp, s0
core   0: 3 0x800002b2 (0x8222) x4  0x0000008a
core   0: 0x800002b4 (0xfc8515a3) sh      s0, -53(a0)
core   0: 3 0x800002b4 (0xfc8515a3) mem 0x80010304 0x008a
core   0: 0x800002b8 (0xfe050ea3) sb      zero, -3(a0)
core   0: 3 0x800002b8 (0xfe050ea3) mem 0x80010336 0x00
core   0: 0x800002bc (0x01050903) lb      s2, 16(a0)
core   0: 3 0x800002bc (0x01050903) x18 0x00000000 mem 0x80010349
core   0: 0x800002c0 (0x02426433) rem     s0, tp, tp
core   0: 3 0x800002c0 (0x02426433) x8  0x00000000
core   0: 0x800002c4 (0xfe9529a3) sw      s1, -13(a0)
core   0: 3 0x800002c4 (0xfe9529a3) mem 0x8001032c 0x00000000
core   0: 0x800002c8 (0x02d51ea3) sh      a3, 61(a0)
core   0: 3 0x800002c8 (0x02d51ea3) mem 0x80010376 0x0000
core   0: 0x800002cc (0x00000491) c.addi  s1, 4
core   0: 3 0x800002cc (0x0491) x9  0x00000004
core   0: 0x800002ce (0x00000426) c.slli  s0, 9
core   0: 3 0x800002ce (0x0426) x8  0x00000000
core   0: 0x800002d0 (0x02050623) sb      zero, 44(a0)
core   0: 3 0x800002d0 (0x02050623) mem 0x80010365 0x00
core   0: 0x800002d4 (0x00451aa3) sh      tp, 21(a0)
core   0: 3 0x800002d4 (0x00451aa3) mem 0x8001034e 0x008a
core   0: 0x800002d8 (0x404906b3) sub     a3, s2, tp
core   0: 3 0x800002d8 (0x404906b3) x13 0xffffff76
core   0: 0x800002dc (0x00497933) and     s2, s2, tp
core   0: 3 0x800002dc (0x00497933) x18 0x00000000
core   0: 0x800002e0 (0xfed50c23) sb      a3, -8(a0)
core   0: 3 0x800002e0 (0xfed50c23) mem 0x80010331 0x76
core   0: 0x800002e4 (0x02355903) lhu     s2, 35(a0)
core   0: 3 0x800002e4 (0x02355903) x18 0x00000000 mem 0x8001035c
core   0: 0x800002e8 (0xfd854683) lbu     a3, -40(a0)
core   0: 3 0x800002e8 (0xfd854683) x13 0x00000000 mem 0x80010311
core   0: 0x800002ec (0xffb51403) lh      s0, -5(a0)
core   0: 3 0x800002ec (0xffb51403) x8  0x00000000 mem 0x80010334
core   0: 0x800002f0 (0x0036d213) srli    tp, a3, 3
core   0: 3 0x800002f0 (0x0036d213) x4  0x00000000
core   0: 0x800002f4 (0xfe854203) lbu     tp, -24(a0)
core   0: 3 0x800002f4 (0xfe854203) x4  0x00000000 mem 0x80010321
core   0: 0x800002f8 (0x00008922) c.mv    s2, s0
core   0: 3 0x800002f8 (0x8922) x18 0x00000000
core   0: 0x800002fa (0x00008c75) c.and   s0, a3
core   0: 3 0x800002fa (0x8c75) x8  0x00000000
core   0: 0x800002fc (0xfc155003) lhu     zero, -63(a0)
core   0: 3 0x800002fc (0xfc155003) mem 0x800102fa
core   0: 0x80000300 (0x0001a917) auipc   s2, 0x1a
core   0: 3 0x80000300 (0x0001a917) x18 0x8001a300
core   0: 0x80000304 (0x5e290913) addi    s2, s2, 1506
core   0: 3 0x80000304 (0x5e290913) x18 0x8001a8e2
core   0: 0x80000308 (0x000017fd) c.addi  a5, -1
core   0: 3 0x80000308 (0x17fd) x15 0xffffffff
core   0: 0x8000030a (0x02d06033) rem     zero, zero, a3
core   0: 3 0x8000030a (0x02d06033)
core   0: 0x8000030e (0x00000001) c.nop
core   0: 3 0x8000030e (0x0001)
core   0: 0x80000310 (0x03c90603) lb      a2, 60(s2)
core   0: 3 0x80000310 (0x03c90603) x12 0x00000000 mem 0x8001a91e
core   0: 0x80000314 (0xfdb908a3) sb      s11, -47(s2)
core   0: 3 0x80000314 (0xfdb908a3) mem 0x8001a8b3 0x60
core   0: 0x80000318 (0xfed90623) sb      a3, -20(s2)
core   0: 3 0x80000318 (0xfed90623) mem 0x8001a8ce 0x00
core   0: 0x8000031c (0x00077033) and     zero, a4, zero
core   0: 3 0x8000031c (0x00077033)
core   0: 0x80000320 (0x1acdb793) sltiu   a5, s11, 428
core   0: 3 0x80000320 (0x1acdb793) x15 0x00000000
core   0: 0x80000324 (0x00008f1d) c.sub   a4, a5
core   0: 3 0x80000324 (0x8f1d) x14 0x00000000
core   0: 0x80000326 (0x28e07693) andi    a3, zero, 654
core   0: 3 0x80000326 (0x28e07693) x13 0x00000000
core   0: 0x8000032a (0x00b90d83) lb      s11, 11(s2)
core   0: 3 0x8000032a (0x00b90d83) x27 0x00000000 mem 0x8001a8ed
core   0: 0x8000032e (0xff090003) lb      zero, -16(s2)
core   0: 3 0x8000032e (0xff090003) mem 0x8001a8d2
core   0: 0x80000332 (0xfed92323) sw      a3, -26(s2)
core   0: 3 0x80000332 (0xfed92323) mem 0x8001a8c8 0x00000000
core   0: 0x80000336 (0xfcd906a3) sb      a3, -51(s2)
core   0: 3 0x80000336 (0xfcd906a3) mem 0x8001a8af 0x00
core   0: 0x8000033a (0x00f7c033) xor     zero, a5, a5
core   0: 3 0x8000033a (0x00f7c033)
core   0: 0x8000033e (0x40805793) srai    a5, zero, 8
core   0: 3 0x8000033e (0x40805793) x15 0x00000000
core   0: 0x80000342 (0x00e6a733) slt     a4, a3, a4
core   0: 3 0x80000342 (0x00e6a733) x14 0x00000000
core   0: 0x80000346 (0x01e91003) lh      zero, 30(s2)
core   0: 3 0x80000346 (0x01e91003) mem 0x8001a900
core   0: 0x8000034a (0x03d94003) lbu     zero, 61(s2)
core   0: 3 0x8000034a (0x03d94003) mem 0x8001a91f
core   0: 0x8000034e (0xfc095003) lhu     zero, -64(s2)
core   0: 3 0x8000034e (0xfc095003) mem 0x8001a8a2
core   0: 0x80000352 (0xfc095d83) lhu     s11, -64(s2)
core   0: 3 0x80000352 (0xfc095d83) x27 0x00000000 mem 0x8001a8a2
core   0: 0x80000356 (0x02c91723) sh      a2, 46(s2)
core   0: 3 0x80000356 (0x02c91723) mem 0x8001a910 0x0000
core   0: 0x8000035a (0x01b94d83) lbu     s11, 27(s2)
core   0: 3 0x8000035a (0x01b94d83) x27 0x00000000 mem 0x8001a8fd
core   0: 0x8000035e (0x03c90603) lb      a2, 60(s2)
core   0: 3 0x8000035e (0x03c90603) x12 0x00000000 mem 0x8001a91e
core   0: 0x80000362 (0x00008715) c.srai  a4, 5
core   0: 3 0x80000362 (0x8715) x14 0x00000000
core   0: 0x80000364 (0xfcc90ca3) sb      a2, -39(s2)
core   0: 3 0x80000364 (0xfcc90ca3) mem 0x8001a8bb 0x00
core   0: 0x80000368 (0xff295d83) lhu     s11, -14(s2)
core   0: 3 0x80000368 (0xff295d83) x27 0x00000000 mem 0x8001a8d4
core   0: 0x8000036c (0xfd394d83) lbu     s11, -45(s2)
core   0: 3 0x8000036c (0xfd394d83) x27 0x00000000 mem 0x8001a8b5
core   0: 0x80000370 (0x01490d83) lb      s11, 20(s2)
core   0: 3 0x80000370 (0x01490d83) x27 0x00000000 mem 0x8001a8f6
core   0: 0x80000374 (0x00f91f23) sh      a5, 30(s2)
core   0: 3 0x80000374 (0x00f91f23) mem 0x8001a900 0x0000
core   0: 0x80000378 (0x00000001) c.nop
core   0: 3 0x80000378 (0x0001)
core   0: 0x8000037a (0xfdf94703) lbu     a4, -33(s2)
core   0: 3 0x8000037a (0xfdf94703) x14 0x00000000 mem 0x8001a8c1
core   0: 0x8000037e (0x01b73733) sltu    a4, a4, s11
core   0: 3 0x8000037e (0x01b73733) x14 0x00000000
core   0: 0x80000382 (0x02590003) lb      zero, 37(s2)
core   0: 3 0x80000382 (0x02590003) mem 0x8001a907
core   0: 0x80000386 (0xfe094683) lbu     a3, -32(s2)
core   0: 3 0x80000386 (0xfe094683) x13 0x00000000 mem 0x8001a8c2
core   0: 0x8000038a (0x02d7ddb3) divu    s11, a5, a3
core   0: 3 0x8000038a (0x02d7ddb3) x27 0xffffffff
core   0: 0x8000038e (0x01d90d83) lb      s11, 29(s2)
core   0: 3 0x8000038e (0x01d90d83) x27 0x00000000 mem 0x8001a8ff
core   0: 0x80000392 (0x00010117) auipc   sp, 0x10
core   0: 3 0x80000392 (0x00010117) x2  0x80010392
core   0: 0x80000396 (0x7fe10113) addi    sp, sp, 2046
core   0: 3 0x80000396 (0x7fe10113) x2  0x80010b90
core   0: 0x8000039a (0x0167f2b3) and     t0, a5, s6
core   0: 3 0x8000039a (0x0167f2b3) x5  0x00000000
core   0: 0x8000039e (0x22f105a3) sb      a5, 555(sp)
core   0: 3 0x8000039e (0x22f105a3) mem 0x80010dbb 0x00
core   0: 0x800003a2 (0x96c10303) lb      t1, -1684(sp)
core   0: 3 0x800003a2 (0x96c10303) x6  0x00000000 mem 0x800104fc
core   0: 0x800003a6 (0x00008839) c.andi  s0, 14
core   0: 3 0x800003a6 (0x8839) x8  0x00000000
core   0: 0x800003a8 (0x03c3dd33) divu    s10, t2, t3
core   0: 3 0x800003a8 (0x03c3dd33) x26 0x00000000
core   0: 0x800003ac (0x18914903) lbu     s2, 393(sp)
core   0: 3 0x800003ac (0x18914903) x18 0x00000000 mem 0x80010d19
core   0: 0x800003b0 (0x009bccb3) xor     s9, s7, s1
core   0: 3 0x800003b0 (0x009bccb3) x25 0x80000383
core   0: 0x800003b4 (0x00008272) c.mv    tp, t3
core   0: 3 0x800003b4 (0x8272) x4  0x80012ce1
core   0: 0x800003b6 (0xe6311923) sh      gp, -398(sp)
core   0: 3 0x800003b6 (0xe6311923) mem 0x80010a02 0x0000
core   0: 0x800003ba (0xcb910723) sb      s9, -850(sp)
core   0: 3 0x800003ba (0xcb910723) mem 0x8001083e 0x83
core   0: 0x800003be (0xba910b03) lb      s6, -1111(sp)
core   0: 3 0x800003be (0xba910b03) x22 0x00000000 mem 0x80010739
core   0: 0x800003c2 (0xba210183) lb      gp, -1118(sp)
core   0: 3 0x800003c2 (0xba210183) x3  0x00000000 mem 0x80010732
core   0: 0x800003c6 (0x00691533) sll     a0, s2, t1
core   0: 3 0x800003c6 (0x00691533) x10 0x00000000
core   0: 0x800003ca (0x009fb9b3) sltu    s3, t6, s1
core   0: 3 0x800003ca (0x009fb9b3) x19 0x00000001
core   0: 0x800003ce (0x017213b3) sll     t2, tp, s7
core   0: 3 0x800003ce (0x017213b3) x7  0x00967080
core   0: 0x800003d2 (0x000086c9) c.srai  a3, 18
core   0: 3 0x800003d2 (0x86c9) x13 0x00000000
core   0: 0x800003d4 (0xf6c10723) sb      a2, -146(sp)
core   0: 3 0x800003d4 (0xf6c10723) mem 0x80010afe 0x00
core   0: 0x800003d8 (0xeff10003) lb      zero, -257(sp)
core   0: 3 0x800003d8 (0xeff10003) mem 0x80010a8f
core   0: 0x800003dc (0x87514483) lbu     s1, -1931(sp)
core   0: 3 0x800003dc (0x87514483) x9  0x00000000 mem 0x80010405
core   0: 0x800003e0 (0xf5910a03) lb      s4, -167(sp)
core   0: 3 0x800003e0 (0xf5910a03) x20 0x00000000 mem 0x80010ae9
core   0: 0x800003e4 (0xb7c14013) xori    zero, sp, -1156
core   0: 3 0x800003e4 (0xb7c14013)
core   0: 0x800003e8 (0x00006fe5) c.lui   t6, 0x19
core   0: 3 0x800003e8 (0x6fe5) x31 0x00019000
core   0: 0x800003ea (0x24927b93) andi    s7, tp, 585
core   0: 3 0x800003ea (0x24927b93) x23 0x00000041
core   0: 0x800003ee (0x69f60d13) addi    s10, a2, 1695
core   0: 3 0x800003ee (0x69f60d13) x26 0x0000069f
core   0: 0x800003f2 (0xd95107a3) sb      s5, -625(sp)
core   0: 3 0x800003f2 (0xd95107a3) mem 0x8001091f 0x51
core   0: 0x800003f6 (0x023a80b3) mul     ra, s5, gp
core   0: 3 0x800003f6 (0x023a80b3) x1  0x00000000
core   0: 0x800003fa (0x09e15c03) lhu     s8, 158(sp)
core   0: 3 0x800003fa (0x09e15c03) x24 0x00000000 mem 0x80010c2e
core   0: 0x800003fe (0xb5814783) lbu     a5, -1192(sp)
core   0: 3 0x800003fe (0xb5814783) x15 0x00000000 mem 0x800106e8
core   0: 0x80000402 (0x025cdd33) divu    s10, s9, t0
core   0: 3 0x80000402 (0x025cdd33) x26 0xffffffff
core   0: 0x80000406 (0x98a11183) lh      gp, -1654(sp)
core   0: 3 0x80000406 (0x98a11183) x3  0x00000000 mem 0x8001051a
core   0: 0x8000040a (0xb5314a03) lbu     s4, -1197(sp)
core   0: 3 0x8000040a (0xb5314a03) x20 0x00000000 mem 0x800106e3
core   0: 0x8000040e (0x00000a35) c.addi  s4, 13
core   0: 3 0x8000040e (0x0a35) x20 0x0000000d
core   0: 0x80000410 (0xd1114083) lbu     ra, -751(sp)
core   0: 3 0x80000410 (0xd1114083) x1  0x00000000 mem 0x800108a1
core   0: 0x80000414 (0xbfd14183) lbu     gp, -1027(sp)
core   0: 3 0x80000414 (0xbfd14183) x3  0x00000000 mem 0x8001078d
core   0: 0x80000418 (0xb0710a03) lb      s4, -1273(sp)
core   0: 3 0x80000418 (0xb0710a03) x20 0x00000000 mem 0x80010697
core   0: 0x8000041c (0x00000dfd) c.addi  s11, 31
core   0: 3 0x8000041c (0x0dfd) x27 0x0000001f
core   0: 0x8000041e (0x36c14d83) lbu     s11, 876(sp)
core   0: 3 0x8000041e (0x36c14d83) x27 0x00000000 mem 0x80010efc
core   0: 0x80000422 (0x41f150b3) sra     ra, sp, t6
core   0: 3 0x80000422 (0x41f150b3) x1  0x80010b90
core   0: 0x80000426 (0x008c5433) srl     s0, s8, s0
core   0: 3 0x80000426 (0x008c5433) x8  0x00000000
core   0: 0x8000042a (0xa58101a3) sb      s8, -1469(sp)
core   0: 3 0x8000042a (0xa58101a3) mem 0x800105d3 0x00
core   0: 0x8000042e (0x000010fd) c.addi  ra, -1
core   0: 3 0x8000042e (0x10fd) x1  0x80010b8f
core   0: 0x80000430 (0x01b13eb3) sltu    t4, sp, s11
core   0: 3 0x80000430 (0x01b13eb3) x29 0x00000000
core   0: 0x80000434 (0x0bc11403) lh      s0, 188(sp)
core   0: 3 0x80000434 (0x0bc11403) x8  0x00000000 mem 0x80010c4c
core   0: 0x80000438 (0xda4108a3) sb      tp, -591(sp)
core   0: 3 0x80000438 (0xda4108a3) mem 0x80010941 0xe1
core   0: 0x8000043c (0x018340b3) xor     ra, t1, s8
core   0: 3 0x8000043c (0x018340b3) x1  0x00000000
core   0: 0x80000440 (0x1bf108a3) sb      t6, 433(sp)
core   0: 3 0x80000440 (0x1bf108a3) mem 0x80010d41 0x00
core   0: 0x80000444 (0x00005dd9) c.li    s11, -10
core   0: 3 0x80000444 (0x5dd9) x27 0xfffffff6
core   0: 0x80000446 (0x02ae5233) divu    tp, t3, a0
core   0: 3 0x80000446 (0x02ae5233) x4  0xffffffff
core   0: 0x8000044a (0x00005a59) c.li    s4, -10
core   0: 3 0x8000044a (0x5a59) x20 0xfffffff6
core   0: 0x8000044c (0x001e83b3) add     t2, t4, ra
core   0: 3 0x8000044c (0x001e83b3) x7  0x00000000
core   0: 0x80000450 (0x028b3bb3) mulhu   s7, s6, s0
core   0: 3 0x80000450 (0x028b3bb3) x23 0x00000000
core   0: 0x80000454 (0x02391b33) mulh    s6, s2, gp
core   0: 3 0x80000454 (0x02391b33) x22 0x00000000
core   0: 0x80000458 (0x01acff33) and     t5, s9, s10
core   0: 3 0x80000458 (0x01acff33) x30 0x80000383
core   0: 0x8000045c (0x00001ddd) c.addi  s11, -9
core   0: 3 0x8000045c (0x1ddd) x27 0xffffffed
core   0: 0x8000045e (0x00005471) c.li    s0, -4
core   0: 3 0x8000045e (0x5471) x8  0xfffffffc
core   0: 0x80000460 (0x00008e31) c.xor   a2, a2
core   0: 3 0x80000460 (0x8e31) x12 0x00000000
core   0: 0x80000462 (0x0333bc33) mulhu   s8, t2, s3
core   0: 3 0x80000462 (0x0333bc33) x24 0x00000000
core   0: 0x80000466 (0x00000001) c.nop
core   0: 3 0x80000466 (0x0001)
core   0: 0x80000468 (0x922ac113) xori    sp, s5, -1758
core   0: 3 0x80000468 (0x922ac113) x2  0xdf472a73
core   0: 0x8000046c (0x304d7193) andi    gp, s10, 772
core   0: 3 0x8000046c (0x304d7193) x3  0x00000304
core   0: 0x80000470 (0x01124f33) xor     t5, tp, a7
core   0: 3 0x80000470 (0x01124f33) x30 0x7ffd631b
core   0: 0x80000474 (0x00000405) c.addi  s0, 1
core   0: 3 0x80000474 (0x0405) x8  0xfffffffd
core   0: 0x80000476 (0x00006cc5) c.lui   s9, 0x11
core   0: 3 0x80000476 (0x6cc5) x25 0x00011000
core   0: 0x80000478 (0x00041c93) slli    s9, s0, 0
core   0: 3 0x80000478 (0x00041c93) x25 0xfffffffd
core   0: 0x8000047c (0x00f15213) srli    tp, sp, 15
core   0: 3 0x8000047c (0x00f15213) x4  0x0001be8e
core   0: 0x80000480 (0x0000f865) c.bnez  s0, pc - 16
core   0: 3 0x80000480 (0xf865)
core   0: 0x80000470 (0x01124f33) xor     t5, tp, a7
core   0: 3 0x80000470 (0x01124f33) x30 0x8003226a
core   0: 0x80000474 (0x00000405) c.addi  s0, 1
core   0: 3 0x80000474 (0x0405) x8  0xfffffffe
core   0: 0x80000476 (0x00006cc5) c.lui   s9, 0x11
core   0: 3 0x80000476 (0x6cc5) x25 0x00011000
core   0: 0x80000478 (0x00041c93) slli    s9, s0, 0
core   0: 3 0x80000478 (0x00041c93) x25 0xfffffffe
core   0: 0x8000047c (0x00f15213) srli    tp, sp, 15
core   0: 3 0x8000047c (0x00f15213) x4  0x0001be8e
core   0: 0x80000480 (0x0000f865) c.bnez  s0, pc - 16
core   0: 3 0x80000480 (0xf865)
core   0: 0x80000470 (0x01124f33) xor     t5, tp, a7
core   0: 3 0x80000470 (0x01124f33) x30 0x8003226a
core   0: 0x80000474 (0x00000405) c.addi  s0, 1
core   0: 3 0x80000474 (0x0405) x8  0xffffffff
core   0: 0x80000476 (0x00006cc5) c.lui   s9, 0x11
core   0: 3 0x80000476 (0x6cc5) x25 0x00011000
core   0: 0x80000478 (0x00041c93) slli    s9, s0, 0
core   0: 3 0x80000478 (0x00041c93) x25 0xffffffff
core   0: 0x8000047c (0x00f15213) srli    tp, sp, 15
core   0: 3 0x8000047c (0x00f15213) x4  0x0001be8e
core   0: 0x80000480 (0x0000f865) c.bnez  s0, pc - 16
core   0: 3 0x80000480 (0xf865)
core   0: 0x80000470 (0x01124f33) xor     t5, tp, a7
core   0: 3 0x80000470 (0x01124f33) x30 0x8003226a
core   0: 0x80000474 (0x00000405) c.addi  s0, 1
core   0: 3 0x80000474 (0x0405) x8  0x00000000
core   0: 0x80000476 (0x00006cc5) c.lui   s9, 0x11
core   0: 3 0x80000476 (0x6cc5) x25 0x00011000
core   0: 0x80000478 (0x00041c93) slli    s9, s0, 0
core   0: 3 0x80000478 (0x00041c93) x25 0x00000000
core   0: 0x8000047c (0x00f15213) srli    tp, sp, 15
core   0: 3 0x8000047c (0x00f15213) x4  0x0001be8e
core   0: 0x80000480 (0x0000f865) c.bnez  s0, pc - 16
core   0: 3 0x80000480 (0xf865)
core   0: 0x80000482 (0x000083d6) c.mv    t2, s5
core   0: 3 0x80000482 (0x83d6) x7  0x20b8d351
core   0: 0x80000484 (0xfd4dd6e3) bge     s11, s4, pc - 52
core   0: 3 0x80000484 (0xfd4dd6e3)
core   0: 0x80000488 (0x034d12b3) mulh    t0, s10, s4
core   0: 3 0x80000488 (0x034d12b3) x5  0x00000000
core   0: 0x8000048c (0x00010117) auipc   sp, 0x10
core   0: 3 0x8000048c (0x00010117) x2  0x8001048c
core   0: 0x80000490 (0x0ad10113) addi    sp, sp, 173
core   0: 3 0x80000490 (0x0ad10113) x2  0x80010539
core   0: 0x80000494 (0xfe111383) lh      t2, -31(sp)
core   0: 3 0x80000494 (0xfe111383) x7  0x00000000 mem 0x8001051a
core   0: 0x80000498 (0x02311aa3) sh      gp, 53(sp)
core   0: 3 0x80000498 (0x02311aa3) mem 0x8001056e 0x0304
core   0: 0x8000049c (0xfdd11483) lh      s1, -35(sp)
core   0: 3 0x8000049c (0xfdd11483) x9  0x00000000 mem 0x80010516
core   0: 0x800004a0 (0xff010e23) sb      a6, -4(sp)
core   0: 3 0x800004a0 (0xff010e23) mem 0x80010535 0xff
core   0: 0x800004a4 (0xfd810603) lb      a2, -40(sp)
core   0: 3 0x800004a4 (0xfd810603) x12 0x00000000 mem 0x80010511
core   0: 0x800004a8 (0xfd710a83) lb      s5, -41(sp)
core   0: 3 0x800004a8 (0xfd710a83) x21 0x00000000 mem 0x80010510
core   0: 0x800004ac (0x008aac33) slt     s8, s5, s0
core   0: 3 0x800004ac (0x008aac33) x24 0x00000000
core   0: 0x800004b0 (0x02014683) lbu     a3, 32(sp)
core   0: 3 0x800004b0 (0x02014683) x13 0x00000000 mem 0x80010559
core   0: 0x800004b4 (0x02610023) sb      t1, 32(sp)
core   0: 3 0x800004b4 (0x02610023) mem 0x80010559 0x00
core   0: 0x800004b8 (0xfcd11003) lh      zero, -51(sp)
core   0: 3 0x800004b8 (0xfcd11003) mem 0x80010506
core   0: 0x800004bc (0xfcd10303) lb      t1, -51(sp)
core   0: 3 0x800004bc (0xfcd10303) x6  0x00000000 mem 0x80010506
core   0: 0x800004c0 (0xfc014f83) lbu     t6, -64(sp)
core   0: 3 0x800004c0 (0xfc014f83) x31 0x00000000 mem 0x800104f9
core   0: 0x800004c4 (0x02aab1b3) mulhu   gp, s5, a0
core   0: 3 0x800004c4 (0x02aab1b3) x3  0x00000000
core   0: 0x800004c8 (0xfd710023) sb      s7, -64(sp)
core   0: 3 0x800004c8 (0xfd710023) mem 0x800104f9 0x00
core   0: 0x800004cc (0xfc310023) sb      gp, -64(sp)
core   0: 3 0x800004cc (0xfc310023) mem 0x800104f9 0x00
core   0: 0x800004d0 (0x016107a3) sb      s6, 15(sp)
core   0: 3 0x800004d0 (0x016107a3) mem 0x80010548 0x00
core   0: 0x800004d4 (0x00010a17) auipc   s4, 0x10
core   0: 3 0x800004d4 (0x00010a17) x20 0x800104d4
core   0: 0x800004d8 (0x699a0a13) addi    s4, s4, 1689
core   0: 3 0x800004d8 (0x699a0a13) x20 0x80010b6d
core   0: 0x800004dc (0x89ea0103) lb      sp, -1890(s4)
core   0: 3 0x800004dc (0x89ea0103) x2  0x00000000 mem 0x8001040b
core   0: 0x800004e0 (0x01a25a93) srli    s5, tp, 26
core   0: 3 0x800004e0 (0x01a25a93) x21 0x00000000
core   0: 0x800004e4 (0x00004421) c.li    s0, 8
core   0: 3 0x800004e4 (0x4421) x8  0x00000008
core   0: 0x800004e6 (0x93262a93) slti    s5, a2, -1742
core   0: 3 0x800004e6 (0x93262a93) x21 0x00000000
core   0: 0x800004ea (0x00008cf1) c.and   s1, a2
core   0: 3 0x800004ea (0x8cf1) x9  0x00000000
core   0: 0x800004ec (0xd02a4603) lbu     a2, -766(s4)
core   0: 3 0x800004ec (0xd02a4603) x12 0x00000000 mem 0x8001086f
core   0: 0x800004f0 (0x00000001) c.nop
core   0: 3 0x800004f0 (0x0001)
core   0: 0x800004f2 (0x009afab3) and     s5, s5, s1
core   0: 3 0x800004f2 (0x009afab3) x21 0x00000000
core   0: 0x800004f6 (0x807a2203) lw      tp, -2041(s4)
core   0: 3 0x800004f6 (0x807a2203) x4  0x00000000 mem 0x80010374
core   0: 0x800004fa (0x029aeab3) rem     s5, s5, s1
core   0: 3 0x800004fa (0x029aeab3) x21 0x00000000
core   0: 0x800004fe (0x00008e25) c.xor   a2, s1
core   0: 3 0x800004fe (0x8e25) x12 0x00000000
core   0: 0x80000500 (0x0da4b113) sltiu   sp, s1, 218
core   0: 3 0x80000500 (0x0da4b113) x2  0x00000001
core   0: 0x80000504 (0xd3ca0603) lb      a2, -708(s4)
core   0: 3 0x80000504 (0xd3ca0603) x12 0x00000000 mem 0x800108a9
core   0: 0x80000508 (0x00000884) c.addi4spn s1, sp, 80
core   0: 3 0x80000508 (0x0884) x9  0x00000051
core   0: 0x8000050a (0x5f212a93) slti    s5, sp, 1522
core   0: 3 0x8000050a (0x5f212a93) x21 0x00000001
core   0: 0x8000050e (0xed78ea97) auipc   s5, 0xed78e
core   0: 3 0x8000050e (0xed78ea97) x21 0x6d78e50e
core   0: 0x80000512 (0xcdfa5203) lhu     tp, -801(s4)
core   0: 3 0x80000512 (0xcdfa5203) x4  0x00000000 mem 0x8001084c
core   0: 0x80000516 (0xb82a0403) lb      s0, -1150(s4)
core   0: 3 0x80000516 (0xb82a0403) x8  0x00000000 mem 0x800106ef
core   0: 0x8000051a (0x000094b2) c.add   s1, a2
core   0: 3 0x8000051a (0x94b2) x9  0x00000051
core   0: 0x8000051c (0x02448ab3) mul     s5, s1, tp
core   0: 3 0x8000051c (0x02448ab3) x21 0x00000000
core   0: 0x80000520 (0x00006119) c.addi16sp sp, 384
core   0: 3 0x80000520 (0x6119) x2  0x00000181
core   0: 0x80000522 (0xf62a4603) lbu     a2, -158(s4)
core   0: 3 0x80000522 (0xf62a4603) x12 0x00000000 mem 0x80010acf
core   0: 0x80000526 (0x00000001) c.nop
core   0: 3 0x80000526 (0x0001)
core   0: 0x80000528 (0x40248133) sub     sp, s1, sp
core   0: 3 0x80000528 (0x40248133) x2  0xfffffed0
core   0: 0x8000052c (0x00008845) c.andi  s0, 17
core   0: 3 0x8000052c (0x8845) x8  0x00000000
core   0: 0x8000052e (0x175a0423) sb      s5, 360(s4)
core   0: 3 0x8000052e (0x175a0423) mem 0x80010cd5 0x00
core   0: 0x80000532 (0x00008e45) c.or    a2, s1
core   0: 3 0x80000532 (0x8e45) x12 0x00000051
core   0: 0x80000534 (0x002a9113) slli    sp, s5, 2
core   0: 3 0x80000534 (0x002a9113) x2  0x00000000
core   0: 0x80000538 (0xbcda4103) lbu     sp, -1075(s4)
core   0: 3 0x80000538 (0xbcda4103) x2  0x00000000 mem 0x8001073a
core   0: 0x8000053c (0xbeaa4483) lbu     s1, -1046(s4)
core   0: 3 0x8000053c (0xbeaa4483) x9  0x00000000 mem 0x80010757
core   0: 0x80000540 (0xd59a1603) lh      a2, -679(s4)
core   0: 3 0x80000540 (0xd59a1603) x12 0x00000000 mem 0x800108c6
core   0: 0x80000544 (0xdf4a0103) lb      sp, -524(s4)
core   0: 3 0x80000544 (0xdf4a0103) x2  0x00000000 mem 0x80010961
core   0: 0x80000548 (0xac2a0423) sb      sp, -1336(s4)
core   0: 3 0x80000548 (0xac2a0423) mem 0x80010635 0x00
core   0: 0x8000054c (0x0c6a0a83) lb      s5, 198(s4)
core   0: 3 0x8000054c (0x0c6a0a83) x21 0x00000000 mem 0x80010c33
core   0: 0x80000550 (0x00008e45) c.or    a2, s1
core   0: 3 0x80000550 (0x8e45) x12 0x00000000
core   0: 0x80000552 (0x00417ab3) and     s5, sp, tp
core   0: 3 0x80000552 (0x00417ab3) x21 0x00000000
core   0: 0x80000556 (0x409a8233) sub     tp, s5, s1
core   0: 3 0x80000556 (0x409a8233) x4  0x00000000
core   0: 0x8000055a (0x000080ed) c.srli  s1, 27
core   0: 3 0x8000055a (0x80ed) x9  0x00000000
core   0: 0x8000055c (0x291a4483) lbu     s1, 657(s4)
core   0: 3 0x8000055c (0x291a4483) x9  0x00000000 mem 0x80010dfe
core   0: 0x80000560 (0x035a9ab3) mulh    s5, s5, s5
core   0: 3 0x80000560 (0x035a9ab3) x21 0x00000000
core   0: 0x80000564 (0xc6ca0403) lb      s0, -916(s4)
core   0: 3 0x80000564 (0xc6ca0403) x8  0x00000000 mem 0x800107d9
core   0: 0x80000568 (0x0154c233) xor     tp, s1, s5
core   0: 3 0x80000568 (0x0154c233) x4  0x00000000
core   0: 0x8000056c (0x850a4103) lbu     sp, -1968(s4)
core   0: 3 0x8000056c (0x850a4103) x2  0x00000000 mem 0x800103bd
core   0: 0x80000570 (0x028afab3) remu    s5, s5, s0
core   0: 3 0x80000570 (0x028afab3) x21 0x00000000
core   0: 0x80000574 (0x34047a93) andi    s5, s0, 832
core   0: 3 0x80000574 (0x34047a93) x21 0x00000000
core   0: 0x80000578 (0xf1867113) andi    sp, a2, -232
core   0: 3 0x80000578 (0xf1867113) x2  0x00000000
core   0: 0x8000057c (0xd20a0603) lb      a2, -736(s4)
core   0: 3 0x8000057c (0xd20a0603) x12 0x00000000 mem 0x8001088d
core   0: 0x80000580 (0x00010117) auipc   sp, 0x10
core   0: 3 0x80000580 (0x00010117) x2  0x80010580
core   0: 0x80000584 (0x58010113) addi    sp, sp, 1408
core   0: 3 0x80000584 (0x58010113) x2  0x80010b00
core   0: 0x80000588 (0x0178a633) slt     a2, a7, s7
core   0: 3 0x80000588 (0x0178a633) x12 0x00000001
core   0: 0x8000058c (0x01e15033) srl     zero, sp, t5
core   0: 3 0x8000058c (0x01e15033)
core   0: 0x80000590 (0x000004da) c.slli  s1, 22
core   0: 3 0x80000590 (0x04da) x9  0x00000000
core   0: 0x80000592 (0x01611303) lh      t1, 22(sp)
core   0: 3 0x80000592 (0x01611303) x6  0x00000000 mem 0x80010b16
core   0: 0x80000596 (0x00d14c03) lbu     s8, 13(sp)
core   0: 3 0x80000596 (0x00d14c03) x24 0x00000000 mem 0x80010b0d
core   0: 0x8000059a (0x03714f03) lbu     t5, 55(sp)
core   0: 3 0x8000059a (0x03714f03) x30 0x00000000 mem 0x80010b37
core   0: 0x8000059e (0xfc011903) lh      s2, -64(sp)
core   0: 3 0x8000059e (0xfc011903) x18 0x00000000 mem 0x80010ac0
core   0: 0x800005a2 (0xfd810123) sb      s8, -62(sp)
core   0: 3 0x800005a2 (0xfd810123) mem 0x80010ac2 0x00
core   0: 0x800005a6 (0x01110403) lb      s0, 17(sp)
core   0: 3 0x800005a6 (0x01110403) x8  0x00000000 mem 0x80010b11
core   0: 0x800005aa (0x2fbc2b13) slti    s6, s8, 763
core   0: 3 0x800005aa (0x2fbc2b13) x22 0x00000001
core   0: 0x800005ae (0x036104a3) sb      s6, 41(sp)
core   0: 3 0x800005ae (0x036104a3) mem 0x80010b29 0x01
core   0: 0x800005b2 (0x005bdd93) srli    s11, s7, 5
core   0: 3 0x800005b2 (0x005bdd93) x27 0x00000000
core   0: 0x800005b6 (0xfc110ea3) sb      ra, -35(sp)
core   0: 3 0x800005b6 (0xfc110ea3) mem 0x80010add 0x00
core   0: 0x800005ba (0xfce103a3) sb      a4, -57(sp)
core   0: 3 0x800005ba (0xfce103a3) mem 0x80010ac7 0x00
core   0: 0x800005be (0x01b10da3) sb      s11, 27(sp)
core   0: 3 0x800005be (0x01b10da3) mem 0x80010b1b 0x00
core   0: 0x800005c2 (0x03f14983) lbu     s3, 63(sp)
core   0: 3 0x800005c2 (0x03f14983) x19 0x00000000 mem 0x80010b3f
core   0: 0x800005c6 (0x6348f193) andi    gp, a7, 1588
core   0: 3 0x800005c6 (0x6348f193) x3  0x00000424
core   0: 0x800005ca (0x038f5333) divu    t1, t5, s8
core   0: 3 0x800005ca (0x038f5333) x6  0xffffffff
core   0: 0x800005ce (0xca392713) slti    a4, s2, -861
core   0: 3 0x800005ce (0xca392713) x14 0x00000000
core   0: 0x800005d2 (0xfd514403) lbu     s0, -43(sp)
core   0: 3 0x800005d2 (0xfd514403) x8  0x00000000 mem 0x80010ad5
core   0: 0x800005d6 (0x0000da4a) c.swsp  s2, 52(sp)
core   0: 3 0x800005d6 (0xda4a) mem 0x80010b34 0x00000000
core   0: 0x800005d8 (0x007107a3) sb      t2, 15(sp)
core   0: 3 0x800005d8 (0x007107a3) mem 0x80010b0f 0x00
core   0: 0x800005dc (0x007c40b3) xor     ra, s8, t2
core   0: 3 0x800005dc (0x007c40b3) x1  0x00000000
core   0: 0x800005e0 (0x01e10b83) lb      s7, 30(sp)
core   0: 3 0x800005e0 (0x01e10b83) x23 0x00000000 mem 0x80010b1e
core   0: 0x800005e4 (0xfd014303) lbu     t1, -48(sp)
core   0: 3 0x800005e4 (0xfd014303) x6  0x00000000 mem 0x80010ad0
core   0: 0x800005e8 (0xff010d83) lb      s11, -16(sp)
core   0: 3 0x800005e8 (0xff010d83) x27 0x00000000 mem 0x80010af0
core   0: 0x800005ec (0xfc011c03) lh      s8, -64(sp)
core   0: 3 0x800005ec (0xfc011c03) x24 0x00000000 mem 0x80010ac0
core   0: 0x800005f0 (0xfd211903) lh      s2, -46(sp)
core   0: 3 0x800005f0 (0xfd211903) x18 0x00000000 mem 0x80010ad2
core   0: 0x800005f4 (0x00004d12) c.lwsp  s10, 4(sp)
core   0: 3 0x800005f4 (0x4d12) x26 0x00000000 mem 0x80010b04
core   0: 0x800005f6 (0x00765b13) srli    s6, a2, 7
core   0: 3 0x800005f6 (0x00765b13) x22 0x00000000
core   0: 0x800005fa (0xfc411623) sh      tp, -52(sp)
core   0: 3 0x800005fa (0xfc411623) mem 0x80010acc 0x0000
core   0: 0x800005fe (0x01e11703) lh      a4, 30(sp)
core   0: 3 0x800005fe (0x01e11703) x14 0x00000000 mem 0x80010b1e
core   0: 0x80000602 (0x00b153b3) srl     t2, sp, a1
core   0: 3 0x80000602 (0x00b153b3) x7  0x080010b0
core   0: 0x80000606 (0xfe314c03) lbu     s8, -29(sp)
core   0: 3 0x80000606 (0xfe314c03) x24 0x00000000 mem 0x80010ae3
core   0: 0x8000060a (0x0043d313) srli    t1, t2, 4
core   0: 3 0x8000060a (0x0043d313) x6  0x0080010b
core   0: 0x8000060e (0x0000847d) c.srai  s0, 31
core   0: 3 0x8000060e (0x847d) x8  0x00000000
core   0: 0x80000610 (0x00008e7d) c.and   a2, a5
core   0: 3 0x80000610 (0x8e7d) x12 0x00000000
core   0: 0x80000612 (0x01615303) lhu     t1, 22(sp)
core   0: 3 0x80000612 (0x01615303) x6  0x00000000 mem 0x80010b16
core   0: 0x80000616 (0xfd510f83) lb      t6, -43(sp)
core   0: 3 0x80000616 (0xfd510f83) x31 0x00000000 mem 0x80010ad5
core   0: 0x8000061a (0x03210b83) lb      s7, 50(sp)
core   0: 3 0x8000061a (0x03210b83) x23 0x00000000 mem 0x80010b32
core   0: 0x8000061e (0x00000001) c.nop
core   0: 3 0x8000061e (0x0001)
core   0: 0x80000620 (0x00cadd33) srl     s10, s5, a2
core   0: 3 0x80000620 (0x00cadd33) x26 0x00000000
core   0: 0x80000624 (0x00e8f2b3) and     t0, a7, a4
core   0: 3 0x80000624 (0x00e8f2b3) x5  0x00000000
core   0: 0x80000628 (0x410c0933) sub     s2, s8, a6
core   0: 3 0x80000628 (0x410c0933) x18 0x8810d601
core   0: 0x8000062c (0xff010203) lb      tp, -16(sp)
core   0: 3 0x8000062c (0xff010203) x4  0x00000000 mem 0x80010af0
core   0: 0x80000630 (0x03714f83) lbu     t6, 55(sp)
core   0: 3 0x80000630 (0x03714f83) x31 0x00000000 mem 0x80010b37
core   0: 0x80000634 (0x0001c117) auipc   sp, 0x1c
core   0: 3 0x80000634 (0x0001c117) x2  0x8001c634
core   0: 0x80000638 (0xe8a10113) addi    sp, sp, -374
core   0: 3 0x80000638 (0xe8a10113) x2  0x8001c4be
core   0: 0x8000063c (0xff210ba3) sb      s2, -9(sp)
core   0: 3 0x8000063c (0xff210ba3) mem 0x8001c4b5 0x01
core   0: 0x80000640 (0x00814603) lbu     a2, 8(sp)
core   0: 3 0x80000640 (0x00814603) x12 0x00000000 mem 0x8001c4c6
core   0: 0x80000644 (0x00008fb1) c.xor   a5, a2
core   0: 3 0x80000644 (0x8fb1) x15 0x00000000
core   0: 0x80000646 (0xff510603) lb      a2, -11(sp)
core   0: 3 0x80000646 (0xff510603) x12 0x00000000 mem 0x8001c4b3
core   0: 0x8000064a (0x00b10983) lb      s3, 11(sp)
core   0: 3 0x8000064a (0x00b10983) x19 0x00000000 mem 0x8001c4c9
core   0: 0x8000064e (0xff314683) lbu     a3, -13(sp)
core   0: 3 0x8000064e (0xff314683) x13 0x00000000 mem 0x8001c4b1
core   0: 0x80000652 (0x00215c03) lhu     s8, 2(sp)
core   0: 3 0x80000652 (0x00215c03) x24 0x00000000 mem 0x8001c4c0
core   0: 0x80000656 (0x00810303) lb      t1, 8(sp)
core   0: 3 0x80000656 (0x00810303) x6  0x00000000 mem 0x8001c4c6
core   0: 0x8000065a (0x00815003) lhu     zero, 8(sp)
core   0: 3 0x8000065a (0x00815003) mem 0x8001c4c6
core   0: 0x8000065e (0xfee109a3) sb      a4, -13(sp)
core   0: 3 0x8000065e (0xfee109a3) mem 0x8001c4b1 0x00
core   0: 0x80000662 (0x00910e83) lb      t4, 9(sp)
core   0: 3 0x80000662 (0x00910e83) x29 0x00000000 mem 0x8001c4c7
core   0: 0x80000666 (0x00914c83) lbu     s9, 9(sp)
core   0: 3 0x80000666 (0x00914c83) x25 0x00000000 mem 0x8001c4c7
core   0: 0x8000066a (0x00615283) lhu     t0, 6(sp)
core   0: 3 0x8000066a (0x00615283) x5  0x00000000 mem 0x8001c4c4
core   0: 0x8000066e (0x00008391) c.srli  a5, 4
core   0: 3 0x8000066e (0x8391) x15 0x00000000
core   0: 0x80000670 (0x00614f03) lbu     t5, 6(sp)
core   0: 3 0x80000670 (0x00614f03) x30 0x00000000 mem 0x8001c4c4
core   0: 0x80000674 (0x00612d03) lw      s10, 6(sp)
core   0: 3 0x80000674 (0x00612d03) x26 0x00000000 mem 0x8001c4c4
core   0: 0x80000678 (0x00110323) sb      ra, 6(sp)
core   0: 3 0x80000678 (0x00110323) mem 0x8001c4c4 0x00
core   0: 0x8000067c (0xff215903) lhu     s2, -14(sp)
core   0: 3 0x8000067c (0xff215903) x18 0x00000000 mem 0x8001c4b0
core   0: 0x80000680 (0xff314003) lbu     zero, -13(sp)
core   0: 3 0x80000680 (0xff314003) mem 0x8001c4b1
core   0: 0x80000684 (0xff310383) lb      t2, -13(sp)
core   0: 3 0x80000684 (0xff310383) x7  0x00000000 mem 0x8001c4b1
core   0: 0x80000688 (0x00010d17) auipc   s10, 0x10
core   0: 3 0x80000688 (0x00010d17) x26 0x80010688
core   0: 0x8000068c (0x20bd0d13) addi    s10, s10, 523
core   0: 3 0x8000068c (0x20bd0d13) x26 0x80010893
core   0: 0x80000690 (0x00008d55) c.or    a0, a3
core   0: 3 0x80000690 (0x8d55) x10 0x00000000
core   0: 0x80000692 (0x0175c533) xor     a0, a1, s7
core   0: 3 0x80000692 (0x0175c533) x10 0x80025e64
core   0: 0x80000696 (0x000067d9) c.lui   a5, 0x16
core   0: 3 0x80000696 (0x67d9) x15 0x00016000
core   0: 0x80000698 (0xffbd0c23) sb      s11, -8(s10)
core   0: 3 0x80000698 (0xffbd0c23) mem 0x8001088b 0x00
core   0: 0x8000069c (0x409cdab3) sra     s5, s9, s1
core   0: 3 0x8000069c (0x409cdab3) x21 0x00000000
core   0: 0x800006a0 (0x01d15b13) srli    s6, sp, 29
core   0: 3 0x800006a0 (0x01d15b13) x22 0x00000004
core   0: 0x800006a4 (0x007d1083) lh      ra, 7(s10)
core   0: 3 0x800006a4 (0x007d1083) x1  0x00000000 mem 0x8001089a
core   0: 0x800006a8 (0xff4d4e83) lbu     t4, -12(s10)
core   0: 3 0x800006a8 (0xff4d4e83) x29 0x00000000 mem 0x80010887
core   0: 0x800006ac (0x00cd0e03) lb      t3, 12(s10)
core   0: 3 0x800006ac (0x00cd0e03) x28 0x00000000 mem 0x8001089f
core   0: 0x800006b0 (0x014d0523) sb      s4, 10(s10)
core   0: 3 0x800006b0 (0x014d0523) mem 0x8001089d 0x6d
core   0: 0x800006b4 (0xfe7d19a3) sh      t2, -13(s10)
core   0: 3 0x800006b4 (0xfe7d19a3) mem 0x80010886 0x0000
core   0: 0x800006b8 (0x008d4f03) lbu     t5, 8(s10)
core   0: 3 0x800006b8 (0x008d4f03) x30 0x00000000 mem 0x8001089b
core   0: 0x800006bc (0x00008fa9) c.xor   a5, a0
core   0: 3 0x800006bc (0x8fa9) x15 0x80033e64
core   0: 0x800006be (0x0217d0b3) divu    ra, a5, ra
core   0: 3 0x800006be (0x0217d0b3) x1  0xffffffff
core   0: 0x800006c2 (0x00008f79) c.and   a4, a4
core   0: 3 0x800006c2 (0x8f79) x14 0x00000000
core   0: 0x800006c4 (0xff5d1103) lh      sp, -11(s10)
core   0: 3 0x800006c4 (0xff5d1103) x2  0x00000000 mem 0x80010888
core   0: 0x800006c8 (0x03926bb3) rem     s7, tp, s9
core   0: 3 0x800006c8 (0x03926bb3) x23 0x00000000
core   0: 0x800006cc (0x03d87a33) remu    s4, a6, t4
core   0: 3 0x800006cc (0x03d87a33) x20 0x77ef29ff
core   0: 0x800006d0 (0x00a35fb3) srl     t6, t1, a0
core   0: 3 0x800006d0 (0x00a35fb3) x31 0x00000000
core   0: 0x800006d4 (0x030567b3) rem     a5, a0, a6
core   0: 3 0x800006d4 (0x030567b3) x15 0xf7f18863
core   0: 0x800006d8 (0x016c9c33) sll     s8, s9, s6
core   0: 3 0x800006d8 (0x016c9c33) x24 0x00000000
core   0: 0x800006dc (0xc6233013) sltiu   zero, t1, -926
core   0: 3 0x800006dc (0xc6233013)
core   0: 0x800006e0 (0x016306b3) add     a3, t1, s6
core   0: 3 0x800006e0 (0x016306b3) x13 0x00000004
core   0: 0x800006e4 (0xfe88c193) xori    gp, a7, -24
core   0: 3 0x800006e4 (0xfe88c193) x3  0x7ffd630c
core   0: 0x800006e8 (0x00008519) c.srai  a0, 6
core   0: 3 0x800006e8 (0x8519) x10 0xfe000979
core   0: 0x800006ea (0xffad0f03) lb      t5, -6(s10)
core   0: 3 0x800006ea (0xffad0f03) x30 0x00000000 mem 0x8001088d
core   0: 0x800006ee (0x00821e13) slli    t3, tp, 8
core   0: 3 0x800006ee (0x00821e13) x28 0x00000000
core   0: 0x800006f2 (0x007d5103) lhu     sp, 7(s10)
core   0: 3 0x800006f2 (0x007d5103) x2  0x00000000 mem 0x8001089a
core   0: 0x800006f6 (0x00008dee) c.mv    s11, s11
core   0: 3 0x800006f6 (0x8dee) x27 0x00000000
core   0: 0x800006f8 (0x036587b3) mul     a5, a1, s6
core   0: 3 0x800006f8 (0x036587b3) x15 0x00097990
core   0: 0x800006fc (0xb436e713) ori     a4, a3, -1213
core   0: 3 0x800006fc (0xb436e713) x14 0xfffffb47
core   0: 0x80000700 (0x0000991a) c.add   s2, t1
core   0: 3 0x80000700 (0x991a) x18 0x00000000
core   0: 0x80000702 (0xffad0a83) lb      s5, -6(s10)
core   0: 3 0x80000702 (0xffad0a83) x21 0x00000000 mem 0x8001088d
core   0: 0x80000706 (0x002d0c83) lb      s9, 2(s10)
core   0: 3 0x80000706 (0x002d0c83) x25 0x00000000 mem 0x80010895
core   0: 0x8000070a (0x00014a17) auipc   s4, 0x14
core   0: 3 0x8000070a (0x00014a17) x20 0x8001470a
core   0: 0x8000070e (0xf7da0a13) addi    s4, s4, -131
core   0: 3 0x8000070e (0xf7da0a13) x20 0x80014687
core   0: 0x80000712 (0x00008291) c.srli  a3, 4
core   0: 3 0x80000712 (0x8291) x13 0x00000000
core   0: 0x80000714 (0x00b09f33) sll     t5, ra, a1
core   0: 3 0x80000714 (0x00b09f33) x30 0xfffffff0
core   0: 0x80000718 (0x00008d59) c.or    a0, a4
core   0: 3 0x80000718 (0x8d59) x10 0xfffffb7f
core   0: 0x8000071a (0x00006625) c.lui   a2, 0x9
core   0: 3 0x8000071a (0x6625) x12 0x00009000
core   0: 0x8000071c (0x00f190b3) sll     ra, gp, a5
core   0: 3 0x8000071c (0x00f190b3) x1  0x630c0000
core   0: 0x80000720 (0x0000047a) c.slli  s0, 30
core   0: 3 0x80000720 (0x047a) x8  0x00000000
core   0: 0x80000722 (0xecda20a3) sw      a3, -319(s4)
core   0: 3 0x80000722 (0xecda20a3) mem 0x80014548 0x00000000
core   0: 0x80000726 (0xcd3a5603) lhu     a2, -813(s4)
core   0: 3 0x80000726 (0xcd3a5603) x12 0x00000000 mem 0x8001435a
core   0: 0x8000072a (0x00008c2d) c.xor   s0, a1
core   0: 3 0x8000072a (0x8c2d) x8  0x80025e64
core   0: 0x8000072c (0x00008d6d) c.and   a0, a1
core   0: 3 0x8000072c (0x8d6d) x10 0x80025a64
core   0: 0x8000072e (0x0000015d) c.addi  sp, 23
core   0: 3 0x8000072e (0x015d) x2  0x00000017
core   0: 0x80000730 (0x4104df33) sra     t5, s1, a6
core   0: 3 0x80000730 (0x4104df33) x30 0x00000000
core   0: 0x80000734 (0x00008661) c.srai  a2, 24
core   0: 3 0x80000734 (0x8661) x12 0x00000000
core   0: 0x80000736 (0x00006791) c.lui   a5, 0x4
core   0: 3 0x80000736 (0x6791) x15 0x00004000
core   0: 0x80000738 (0xc86a4c83) lbu     s9, -890(s4)
core   0: 3 0x80000738 (0xc86a4c83) x25 0x00000000 mem 0x8001430d
core   0: 0x8000073c (0x0000631d) c.lui   t1, 0x7
core   0: 3 0x8000073c (0x631d) x6  0x00007000
core   0: 0x8000073e (0xa4ca4003) lbu     zero, -1460(s4)
core   0: 3 0x8000073e (0xa4ca4003) mem 0x800140d3
core   0: 0x80000742 (0xf6e4c697) auipc   a3, 0xf6e4c
core   0: 3 0x80000742 (0xf6e4c697) x13 0x76e4c742
core   0: 0x80000746 (0xc5ca4983) lbu     s3, -932(s4)
core   0: 3 0x80000746 (0xc5ca4983) x19 0x00000000 mem 0x800142e3
core   0: 0x8000074a (0x0020b233) sltu    tp, ra, sp
core   0: 3 0x8000074a (0x0020b233) x4  0x00000000
core   0: 0x8000074e (0x00008c25) c.xor   s0, s1
core   0: 3 0x8000074e (0x8c25) x8  0x80025e64
core   0: 0x80000750 (0x00008719) c.srai  a4, 6
core   0: 3 0x80000750 (0x8719) x14 0xffffffed
core   0: 0x80000752 (0x404ad433) sra     s0, s5, tp
core   0: 3 0x80000752 (0x404ad433) x8  0x00000000
core   0: 0x80000756 (0xc56a22a3) sw      s6, -955(s4)
core   0: 3 0x80000756 (0xc56a22a3) mem 0x800142cc 0x00000004
core   0: 0x8000075a (0x8a1a5783) lhu     a5, -1887(s4)
core   0: 3 0x8000075a (0x8a1a5783) x15 0x00000000 mem 0x80013f28
core   0: 0x8000075e (0x00008c7e) c.mv    s8, t6
core   0: 3 0x8000075e (0x8c7e) x24 0x00000000
core   0: 0x80000760 (0x00006125) c.addi16sp sp, 96
core   0: 3 0x80000760 (0x6125) x2  0x00000077
core   0: 0x80000762 (0xcdea1ea3) sh      t5, -803(s4)
core   0: 3 0x80000762 (0xcdea1ea3) mem 0x80014364 0x0000
core   0: 0x80000766 (0x048a0603) lb      a2, 72(s4)
core   0: 3 0x80000766 (0x048a0603) x12 0x00000000 mem 0x800146cf
core   0: 0x8000076a (0x032e6133) rem     sp, t3, s2
core   0: 3 0x8000076a (0x032e6133) x2  0x00000000
core   0: 0x8000076e (0x0329e333) rem     t1, s3, s2
core   0: 3 0x8000076e (0x0329e333) x6  0x00000000
core   0: 0x80000772 (0x296a4903) lbu     s2, 662(s4)
core   0: 3 0x80000772 (0x296a4903) x18 0x00000000 mem 0x8001491d
core   0: 0x80000776 (0x017b57b3) srl     a5, s6, s7
core   0: 3 0x80000776 (0x017b57b3) x15 0x00000004
core   0: 0x8000077a (0x00acb7b3) sltu    a5, s9, a0
core   0: 3 0x8000077a (0x00acb7b3) x15 0x00000001
core   0: 0x8000077e (0x00008879) c.andi  s0, 30
core   0: 3 0x8000077e (0x8879) x8  0x00000000
core   0: 0x80000780 (0x40d35993) srai    s3, t1, 13
core   0: 3 0x80000780 (0x40d35993) x19 0x00000000
core   0: 0x80000784 (0x69ea0483) lb      s1, 1694(s4)
core   0: 3 0x80000784 (0x69ea0483) x9  0x00000000 mem 0x80014d25
core   0: 0x80000788 (0x00010117) auipc   sp, 0x10
core   0: 3 0x80000788 (0x00010117) x2  0x80010788
core   0: 0x8000078c (0xba310113) addi    sp, sp, -1117
core   0: 3 0x8000078c (0xba310113) x2  0x8001032b
core   0: 0x80000790 (0x02803433) mulhu   s0, zero, s0
core   0: 3 0x80000790 (0x02803433) x8  0x00000000
core   0: 0x80000794 (0x02010d23) sb      zero, 58(sp)
core   0: 3 0x80000794 (0x02010d23) mem 0x80010365 0x00
core   0: 0x80000798 (0x02e114a3) sh      a4, 41(sp)
core   0: 3 0x80000798 (0x02e114a3) mem 0x80010354 0xffed
core   0: 0x8000079c (0x00000a4e) c.slli  s4, 19
core   0: 3 0x8000079c (0x0a4e) x20 0x34380000
core   0: 0x8000079e (0xfc010023) sb      zero, -64(sp)
core   0: 3 0x8000079e (0xfc010023) mem 0x800102eb 0x00
core   0: 0x800007a2 (0xfe810903) lb      s2, -24(sp)
core   0: 3 0x800007a2 (0xfe810903) x18 0x00000000 mem 0x80010313
core   0: 0x800007a6 (0xfe011ca3) sh      zero, -7(sp)
core   0: 3 0x800007a6 (0xfe011ca3) mem 0x80010324 0x0000
core   0: 0x800007aa (0xfc6119a3) sh      t1, -45(sp)
core   0: 3 0x800007aa (0xfc6119a3) mem 0x800102fe 0x0000
core   0: 0x800007ae (0x42f36a13) ori     s4, t1, 1071
core   0: 3 0x800007ae (0x42f36a13) x20 0x0000042f
core   0: 0x800007b2 (0x00d10903) lb      s2, 13(sp)
core   0: 3 0x800007b2 (0x00d10903) x18 0x00000000 mem 0x80010338
core   0: 0x800007b6 (0x00035433) srl     s0, t1, zero
core   0: 3 0x800007b6 (0x00035433) x8  0x00000000
core   0: 0x800007ba (0x02875033) divu    zero, a4, s0
core   0: 3 0x800007ba (0x02875033)
core   0: 0x800007be (0xe3f38937) lui     s2, 0xe3f38
core   0: 3 0x800007be (0xe3f38937) x18 0xe3f38000
core   0: 0x800007c2 (0x00d31913) slli    s2, t1, 13
core   0: 3 0x800007c2 (0x00d31913) x18 0x00000000
core   0: 0x800007c6 (0x00e71a33) sll     s4, a4, a4
core   0: 3 0x800007c6 (0x00e71a33) x20 0xfffda000
core   0: 0x800007ca (0xfe010823) sb      zero, -16(sp)
core   0: 3 0x800007ca (0xfe010823) mem 0x8001031b 0x00
core   0: 0x800007ce (0x02014a03) lbu     s4, 32(sp)
core   0: 3 0x800007ce (0x02014a03) x20 0x00000000 mem 0x8001034b
core   0: 0x800007d2 (0x29640a13) addi    s4, s0, 662
core   0: 3 0x800007d2 (0x29640a13) x20 0x00000296
core   0: 0x800007d6 (0x02d11003) lh      zero, 45(sp)
core   0: 3 0x800007d6 (0x02d11003) mem 0x80010358
core   0: 0x800007da (0x03493933) mulhu   s2, s2, s4
core   0: 3 0x800007da (0x03493933) x18 0x00000000
core   0: 0x800007de (0x02e42733) mulhsu  a4, s0, a4
core   0: 3 0x800007de (0x02e42733) x14 0x00000000
core   0: 0x800007e2 (0x00008745) c.srai  a4, 17
core   0: 3 0x800007e2 (0x8745) x14 0x00000000
core   0: 0x800007e4 (0x664a3913) sltiu   s2, s4, 1636
core   0: 3 0x800007e4 (0x664a3913) x18 0x00000001
core   0: 0x800007e8 (0x00008451) c.srai  s0, 20
core   0: 3 0x800007e8 (0x8451) x8  0x00000000
core   0: 0x800007ea (0x00315303) lhu     t1, 3(sp)
core   0: 3 0x800007ea (0x00315303) x6  0x00000000 mem 0x8001032e
core   0: 0x800007ee (0x405a5413) srai    s0, s4, 5
core   0: 3 0x800007ee (0x405a5413) x8  0x00000014
core   0: 0x800007f2 (0x00008f61) c.and   a4, s0
core   0: 3 0x800007f2 (0x8f61) x14 0x00000000
core   0: 0x800007f4 (0x0000987d) c.andi  s0, -1
core   0: 3 0x800007f4 (0x987d) x8  0x00000014
core   0: 0x800007f6 (0x03c10703) lb      a4, 60(sp)
core   0: 3 0x800007f6 (0x03c10703) x14 0x00000000 mem 0x80010367
core   0: 0x800007fa (0x00008f19) c.sub   a4, a4
core   0: 3 0x800007fa (0x8f19) x14 0x00000000
core   0: 0x800007fc (0x03e14a03) lbu     s4, 62(sp)
core   0: 3 0x800007fc (0x03e14a03) x20 0x00000000 mem 0x80010369
core   0: 0x80000800 (0x00000001) c.nop
core   0: 3 0x80000800 (0x0001)
core   0: 0x80000802 (0x02311903) lh      s2, 35(sp)
core   0: 3 0x80000802 (0x02311903) x18 0x0000008a mem 0x8001034e
core   0: 0x80000806 (0xfd2111a3) sh      s2, -61(sp)
core   0: 3 0x80000806 (0xfd2111a3) mem 0x800102ee 0x008a
core   0: 0x8000080a (0x00b15a03) lhu     s4, 11(sp)
core   0: 3 0x8000080a (0x00b15a03) x20 0x00000000 mem 0x80010336
core   0: 0x8000080e (0x01d14403) lbu     s0, 29(sp)
core   0: 3 0x8000080e (0x01d14403) x8  0x00000000 mem 0x80010348
core   0: 0x80000812 (0x3a793913) sltiu   s2, s2, 935
core   0: 3 0x80000812 (0x3a793913) x18 0x00000001
core   0: 0x80000816 (0x00000a66) c.slli  s4, 25
core   0: 3 0x80000816 (0x0a66) x20 0x00000000
core   0: 0x80000818 (0x01492733) slt     a4, s2, s4
core   0: 3 0x80000818 (0x01492733) x14 0x00000000
core   0: 0x8000081c (0x02844033) div     zero, s0, s0
core   0: 3 0x8000081c (0x02844033)
core   0: 0x80000820 (0x00008345) c.srli  a4, 17
core   0: 3 0x80000820 (0x8345) x14 0x00000000
core   0: 0x80000822 (0xfed10703) lb      a4, -19(sp)
core   0: 3 0x80000822 (0xfed10703) x14 0x00000000 mem 0x80010318
core   0: 0x80000826 (0xfe110a03) lb      s4, -31(sp)
core   0: 3 0x80000826 (0xfe110a03) x20 0x00000000 mem 0x8001030c
core   0: 0x8000082a (0xb5392913) slti    s2, s2, -1197
core   0: 3 0x8000082a (0xb5392913) x18 0x00000000
core   0: 0x8000082e (0x00834433) xor     s0, t1, s0
core   0: 3 0x8000082e (0x00834433) x8  0x00000000
core   0: 0x80000832 (0xfd014403) lbu     s0, -48(sp)
core   0: 3 0x80000832 (0xfd014403) x8  0x00000000 mem 0x800102fb
core   0: 0x80000836 (0x02d14003) lbu     zero, 45(sp)
core   0: 3 0x80000836 (0x02d14003) mem 0x80010358
core   0: 0x8000083a (0x02915003) lhu     zero, 41(sp)
core   0: 3 0x8000083a (0x02915003) mem 0x80010354
core   0: 0x8000083e (0x03e14a03) lbu     s4, 62(sp)
core   0: 3 0x8000083e (0x03e14a03) x20 0x00000000 mem 0x80010369
core   0: 0x80000842 (0xfc911a03) lh      s4, -55(sp)
core   0: 3 0x80000842 (0xfc911a03) x20 0x00000000 mem 0x800102f4
core   0: 0x80000846 (0x32c42413) slti    s0, s0, 812
core   0: 3 0x80000846 (0x32c42413) x8  0x00000001
core   0: 0x8000084a (0x00010723) sb      zero, 14(sp)
core   0: 3 0x8000084a (0x00010723) mem 0x80010339 0x00
core   0: 0x8000084e (0xff411ba3) sh      s4, -9(sp)
core   0: 3 0x8000084e (0xff411ba3) mem 0x80010322 0x0000
core   0: 0x80000852 (0x00832433) slt     s0, t1, s0
core   0: 3 0x80000852 (0x00832433) x8  0x00000001
core   0: 0x80000856 (0xffa14303) lbu     t1, -6(sp)
core   0: 3 0x80000856 (0xffa14303) x6  0x00000000 mem 0x80010325
core   0: 0x8000085a (0x00005769) c.li    a4, -6
core   0: 3 0x8000085a (0x5769) x14 0xfffffffa
core   0: 0x8000085c (0x01861313) slli    t1, a2, 24
core   0: 3 0x8000085c (0x01861313) x6  0x00000000
core   0: 0x80000860 (0x000050ed) c.li    ra, -5
core   0: 3 0x80000860 (0x50ed) x1  0xfffffffb
core   0: 0x80000862 (0x0217ac33) mulhsu  s8, a5, ra
core   0: 3 0x80000862 (0x0217ac33) x24 0x00000000
core   0: 0x80000866 (0x00000001) c.nop
core   0: 3 0x80000866 (0x0001)
core   0: 0x80000868 (0x02d1fb33) remu    s6, gp, a3
core   0: 3 0x80000868 (0x02d1fb33) x22 0x09189bca
core   0: 0x8000086c (0x00000721) c.addi  a4, 8
core   0: 3 0x8000086c (0x0721) x14 0x00000002
core   0: 0x8000086e (0xaa20b513) sltiu   a0, ra, -1374
core   0: 3 0x8000086e (0xaa20b513) x10 0x00000000
core   0: 0x80000872 (0x415b5233) sra     tp, s6, s5
core   0: 3 0x80000872 (0x415b5233) x4  0x09189bca
core   0: 0x80000876 (0x000059fd) c.li    s3, -1
core   0: 3 0x80000876 (0x59fd) x19 0xffffffff
core   0: 0x80000878 (0x00008306) c.mv    t1, ra
core   0: 3 0x80000878 (0x8306) x6  0xfffffffb
core   0: 0x8000087a (0x080621b7) lui     gp, 0x8062
core   0: 3 0x8000087a (0x080621b7) x3  0x08062000
core   0: 0x8000087e (0x03b953b3) divu    t2, s2, s11
core   0: 3 0x8000087e (0x03b953b3) x7  0xffffffff
core   0: 0x80000882 (0x0000413d) c.li    sp, 15
core   0: 3 0x80000882 (0x413d) x2  0x0000000f
core   0: 0x80000884 (0x03f9beb3) mulhu   t4, s3, t6
core   0: 3 0x80000884 (0x03f9beb3) x29 0x00000000
core   0: 0x80000888 (0x40ca8933) sub     s2, s5, a2
core   0: 3 0x80000888 (0x40ca8933) x18 0x00000000
core   0: 0x8000088c (0x00b737b3) sltu    a5, a4, a1
core   0: 3 0x8000088c (0x00b737b3) x15 0x00000001
core   0: 0x80000890 (0x0000099d) c.addi  s3, 7
core   0: 3 0x80000890 (0x099d) x19 0x00000006
core   0: 0x80000892 (0x03b84633) div     a2, a6, s11
core   0: 3 0x80000892 (0x03b84633) x12 0xffffffff
core   0: 0x80000896 (0x013b5293) srli    t0, s6, 19
core   0: 3 0x80000896 (0x013b5293) x5  0x00000123
core   0: 0x8000089a (0xd8708013) addi    zero, ra, -633
core   0: 3 0x8000089a (0xd8708013)
core   0: 0x8000089e (0xfe29c5e3) blt     s3, sp, pc - 22
core   0: 3 0x8000089e (0xfe29c5e3)
core   0: 0x80000888 (0x40ca8933) sub     s2, s5, a2
core   0: 3 0x80000888 (0x40ca8933) x18 0x00000001
core   0: 0x8000088c (0x00b737b3) sltu    a5, a4, a1
core   0: 3 0x8000088c (0x00b737b3) x15 0x00000001
core   0: 0x80000890 (0x0000099d) c.addi  s3, 7
core   0: 3 0x80000890 (0x099d) x19 0x0000000d
core   0: 0x80000892 (0x03b84633) div     a2, a6, s11
core   0: 3 0x80000892 (0x03b84633) x12 0xffffffff
core   0: 0x80000896 (0x013b5293) srli    t0, s6, 19
core   0: 3 0x80000896 (0x013b5293) x5  0x00000123
core   0: 0x8000089a (0xd8708013) addi    zero, ra, -633
core   0: 3 0x8000089a (0xd8708013)
core   0: 0x8000089e (0xfe29c5e3) blt     s3, sp, pc - 22
core   0: 3 0x8000089e (0xfe29c5e3)
core   0: 0x80000888 (0x40ca8933) sub     s2, s5, a2
core   0: 3 0x80000888 (0x40ca8933) x18 0x00000001
core   0: 0x8000088c (0x00b737b3) sltu    a5, a4, a1
core   0: 3 0x8000088c (0x00b737b3) x15 0x00000001
core   0: 0x80000890 (0x0000099d) c.addi  s3, 7
core   0: 3 0x80000890 (0x099d) x19 0x00000014
core   0: 0x80000892 (0x03b84633) div     a2, a6, s11
core   0: 3 0x80000892 (0x03b84633) x12 0xffffffff
core   0: 0x80000896 (0x013b5293) srli    t0, s6, 19
core   0: 3 0x80000896 (0x013b5293) x5  0x00000123
core   0: 0x8000089a (0xd8708013) addi    zero, ra, -633
core   0: 3 0x8000089a (0xd8708013)
core   0: 0x8000089e (0xfe29c5e3) blt     s3, sp, pc - 22
core   0: 3 0x8000089e (0xfe29c5e3)
core   0: 0x800008a2 (0x00009912) c.add   s2, tp
core   0: 3 0x800008a2 (0x9912) x18 0x09189bcb
core   0: 0x800008a4 (0x00ee81b3) add     gp, t4, a4
core   0: 3 0x800008a4 (0x00ee81b3) x3  0x00000002
core   0: 0x800008a8 (0x03e4dcb3) divu    s9, s1, t5
core   0: 3 0x800008a8 (0x03e4dcb3) x25 0xffffffff
core   0: 0x800008ac (0x024c9033) mulh    zero, s9, tp
core   0: 3 0x800008ac (0x024c9033)
core   0: 0x800008b0 (0xfa174be3) blt     a4, ra, pc - 74
core   0: 3 0x800008b0 (0xfa174be3)
core   0: 0x800008b4 (0x00008c75) c.and   s0, a3
core   0: 3 0x800008b4 (0x8c75) x8  0x00000000
core   0: 0x800008b6 (0x0001ee97) auipc   t4, 0x1e
core   0: 3 0x800008b6 (0x0001ee97) x29 0x8001e8b6
core   0: 0x800008ba (0xbbce8e93) addi    t4, t4, -1092
core   0: 3 0x800008ba (0xbbce8e93) x29 0x8001e472
core   0: 0x800008be (0x29cb8013) addi    zero, s7, 668
core   0: 3 0x800008be (0x29cb8013)
core   0: 0x800008c2 (0xf3de8ca3) sb      t4, -199(t4)
core   0: 3 0x800008c2 (0xf3de8ca3) mem 0x8001e3ab 0x72
core   0: 0x800008c6 (0xf20e8ca3) sb      zero, -199(t4)
core   0: 3 0x800008c6 (0xf20e8ca3) mem 0x8001e3ab 0x00
core   0: 0x800008ca (0xf3ee8ca3) sb      t5, -199(t4)
core   0: 3 0x800008ca (0xf3ee8ca3) mem 0x8001e3ab 0x00
core   0: 0x800008ce (0x044e87a3) sb      tp, 79(t4)
core   0: 3 0x800008ce (0x044e87a3) mem 0x8001e4c1 0xca
core   0: 0x800008d2 (0x012e72b3) and     t0, t3, s2
core   0: 3 0x800008d2 (0x012e72b3) x5  0x00000000
core   0: 0x800008d6 (0x000087ad) c.srai  a5, 11
core   0: 3 0x800008d6 (0x87ad) x15 0x00000000
core   0: 0x800008d8 (0xfe8eca03) lbu     s4, -24(t4)
core   0: 3 0x800008d8 (0xfe8eca03) x20 0x00000000 mem 0x8001e45a
core   0: 0x800008dc (0xfe8edf03) lhu     t5, -24(t4)
core   0: 3 0x800008dc (0xfe8edf03) x30 0x00000000 mem 0x8001e45a
core   0: 0x800008e0 (0x026469b3) rem     s3, s0, t1
core   0: 3 0x800008e0 (0x026469b3) x19 0x00000000
core   0: 0x800008e4 (0xfe8e8703) lb      a4, -24(t4)
core   0: 3 0x800008e4 (0xfe8e8703) x14 0x00000000 mem 0x8001e45a
core   0: 0x800008e8 (0xfe8ecd83) lbu     s11, -24(t4)
core   0: 3 0x800008e8 (0xfe8ecd83) x27 0x00000000 mem 0x8001e45a
core   0: 0x800008ec (0x40018433) sub     s0, gp, zero
core   0: 3 0x800008ec (0x40018433) x8  0x00000002
core   0: 0x800008f0 (0xfade8683) lb      a3, -83(t4)
core   0: 3 0x800008f0 (0xfade8683) x13 0x00000000 mem 0x8001e41f
core   0: 0x800008f4 (0xfa1e86a3) sb      ra, -83(t4)
core   0: 3 0x800008f4 (0xfa1e86a3) mem 0x8001e41f 0xfb
core   0: 0x800008f8 (0x01381913) slli    s2, a6, 19
core   0: 3 0x800008f8 (0x01381913) x18 0x4ff80000
core   0: 0x800008fc (0x0000013a) c.slli  sp, 14
core   0: 3 0x800008fc (0x013a) x2  0x0003c000
core   0: 0x800008fe (0xfadec383) lbu     t2, -83(t4)
core   0: 3 0x800008fe (0xfadec383) x7  0x000000fb mem 0x8001e41f
core   0: 0x80000902 (0xf21e8103) lb      sp, -223(t4)
core   0: 3 0x80000902 (0xf21e8103) x2  0x00000000 mem 0x8001e393
core   0: 0x80000906 (0xf13ec183) lbu     gp, -237(t4)
core   0: 3 0x80000906 (0xf13ec183) x3  0x00000000 mem 0x8001e385
core   0: 0x8000090a (0x00004e81) c.li    t4, 0
core   0: 3 0x8000090a (0x4e81) x29 0x00000000
core   0: 0x8000090c (0x026980b3) mul     ra, s3, t1
core   0: 3 0x8000090c (0x026980b3) x1  0x00000000
core   0: 0x80000910 (0x01a4d513) srli    a0, s1, 26
core   0: 3 0x80000910 (0x01a4d513) x10 0x00000000
core   0: 0x80000914 (0xf0e30d37) lui     s10, 0xf0e30
core   0: 3 0x80000914 (0xf0e30d37) x26 0xf0e30000
core   0: 0x80000918 (0x00000205) c.addi  tp, 1
core   0: 3 0x80000918 (0x0205) x4  0x09189bcb
core   0: 0x8000091a (0x00004321) c.li    t1, 8
core   0: 3 0x8000091a (0x4321) x6  0x00000008
core   0: 0x8000091c (0x0000613d) c.addi16sp sp, 480
core   0: 3 0x8000091c (0x613d) x2  0x000001e0
core   0: 0x8000091e (0x00004ac5) c.li    s5, 17
core   0: 3 0x8000091e (0x4ac5) x21 0x00000011
core   0: 0x80000920 (0x00466133) or      sp, a2, tp
core   0: 3 0x80000920 (0x00466133) x2  0xffffffff
core   0: 0x80000924 (0x00000001) c.nop
core   0: 3 0x80000924 (0x0001)
core   0: 0x80000926 (0x00000ea9) c.addi  t4, 10
core   0: 3 0x80000926 (0x0ea9) x29 0x0000000a
core   0: 0x80000928 (0x40bdd093) srai    ra, s11, 11
core   0: 3 0x80000928 (0x40bdd093) x1  0x00000000
core   0: 0x8000092c (0x000056e5) c.li    a3, -7
core   0: 3 0x8000092c (0x56e5) x13 0xfffffff9
core   0: 0x8000092e (0x003f9733) sll     a4, t6, gp
core   0: 3 0x8000092e (0x003f9733) x14 0x00000000
core   0: 0x80000932 (0x00004b35) c.li    s6, 13
core   0: 3 0x80000932 (0x4b35) x22 0x0000000d
core   0: 0x80000934 (0x4137dc93) srai    s9, a5, 19
core   0: 3 0x80000934 (0x4137dc93) x25 0x00000000
core   0: 0x80000938 (0x41978d33) sub     s10, a5, s9
core   0: 3 0x80000938 (0x41978d33) x26 0x00000000
core   0: 0x8000093c (0x0000147d) c.addi  s0, -1
core   0: 3 0x8000093c (0x147d) x8  0x00000001
core   0: 0x8000093e (0x66cdfe13) andi    t3, s11, 1644
core   0: 3 0x8000093e (0x66cdfe13) x28 0x00000000
core   0: 0x80000942 (0x000063b9) c.lui   t2, 0xe
core   0: 3 0x80000942 (0x63b9) x7  0x0000e000
core   0: 0x80000944 (0x0000429d) c.li    t0, 7
core   0: 3 0x80000944 (0x429d) x5  0x00000007
core   0: 0x80000946 (0x00000001) c.nop
core   0: 3 0x80000946 (0x0001)
core   0: 0x80000948 (0x00000685) c.addi  a3, 1
core   0: 3 0x80000948 (0x0685) x13 0xfffffffa
core   0: 0x8000094a (0x03e4c1b3) div     gp, s1, t5
core   0: 3 0x8000094a (0x03e4c1b3) x3  0xffffffff
core   0: 0x8000094e (0xfe569ce3) bne     a3, t0, pc - 8
core   0: 3 0x8000094e (0xfe569ce3)
core   0: 0x80000946 (0x00000001) c.nop
core   0: 3 0x80000946 (0x0001)
core   0: 0x80000948 (0x00000685) c.addi  a3, 1
core   0: 3 0x80000948 (0x0685) x13 0xfffffffb
core   0: 0x8000094a (0x03e4c1b3) div     gp, s1, t5
core   0: 3 0x8000094a (0x03e4c1b3) x3  0xffffffff
core   0: 0x8000094e (0xfe569ce3) bne     a3, t0, pc - 8
core   0: 3 0x8000094e (0xfe569ce3)
core   0: 0x80000946 (0x00000001) c.nop
core   0: 3 0x80000946 (0x0001)
core   0: 0x80000948 (0x00000685) c.addi  a3, 1
core   0: 3 0x80000948 (0x0685) x13 0xfffffffc
core   0: 0x8000094a (0x03e4c1b3) div     gp, s1, t5
core   0: 3 0x8000094a (0x03e4c1b3) x3  0xffffffff
core   0: 0x8000094e (0xfe569ce3) bne     a3, t0, pc - 8
core   0: 3 0x8000094e (0xfe569ce3)
core   0: 0x80000946 (0x00000001) c.nop
core   0: 3 0x80000946 (0x0001)
core   0: 0x80000948 (0x00000685) c.addi  a3, 1
core   0: 3 0x80000948 (0x0685) x13 0xfffffffd
core   0: 0x8000094a (0x03e4c1b3) div     gp, s1, t5
core   0: 3 0x8000094a (0x03e4c1b3) x3  0xffffffff
core   0: 0x8000094e (0xfe569ce3) bne     a3, t0, pc - 8
core   0: 3 0x8000094e (0xfe569ce3)
core   0: 0x80000946 (0x00000001) c.nop
core   0: 3 0x80000946 (0x0001)
core   0: 0x80000948 (0x00000685) c.addi  a3, 1
core   0: 3 0x80000948 (0x0685) x13 0xfffffffe
core   0: 0x8000094a (0x03e4c1b3) div     gp, s1, t5
core   0: 3 0x8000094a (0x03e4c1b3) x3  0xffffffff
core   0: 0x8000094e (0xfe569ce3) bne     a3, t0, pc - 8
core   0: 3 0x8000094e (0xfe569ce3)
core   0: 0x80000946 (0x00000001) c.nop
core   0: 3 0x80000946 (0x0001)
core   0: 0x80000948 (0x00000685) c.addi  a3, 1
core   0: 3 0x80000948 (0x0685) x13 0xffffffff
core   0: 0x8000094a (0x03e4c1b3) div     gp, s1, t5
core   0: 3 0x8000094a (0x03e4c1b3) x3  0xffffffff
core   0: 0x8000094e (0xfe569ce3) bne     a3, t0, pc - 8
core   0: 3 0x8000094e (0xfe569ce3)
core   0: 0x80000946 (0x00000001) c.nop
core   0: 3 0x80000946 (0x0001)
core   0: 0x80000948 (0x00000685) c.addi  a3, 1
core   0: 3 0x80000948 (0x0685) x13 0x00000000
core   0: 0x8000094a (0x03e4c1b3) div     gp, s1, t5
core   0: 3 0x8000094a (0x03e4c1b3) x3  0xffffffff
core   0: 0x8000094e (0xfe569ce3) bne     a3, t0, pc - 8
core   0: 3 0x8000094e (0xfe569ce3)
core   0: 0x80000946 (0x00000001) c.nop
core   0: 3 0x80000946 (0x0001)
core   0: 0x80000948 (0x00000685) c.addi  a3, 1
core   0: 3 0x80000948 (0x0685) x13 0x00000001
core   0: 0x8000094a (0x03e4c1b3) div     gp, s1, t5
core   0: 3 0x8000094a (0x03e4c1b3) x3  0xffffffff
core   0: 0x8000094e (0xfe569ce3) bne     a3, t0, pc - 8
core   0: 3 0x8000094e (0xfe569ce3)
core   0: 0x80000946 (0x00000001) c.nop
core   0: 3 0x80000946 (0x0001)
core   0: 0x80000948 (0x00000685) c.addi  a3, 1
core   0: 3 0x80000948 (0x0685) x13 0x00000002
core   0: 0x8000094a (0x03e4c1b3) div     gp, s1, t5
core   0: 3 0x8000094a (0x03e4c1b3) x3  0xffffffff
core   0: 0x8000094e (0xfe569ce3) bne     a3, t0, pc - 8
core   0: 3 0x8000094e (0xfe569ce3)
core   0: 0x80000946 (0x00000001) c.nop
core   0: 3 0x80000946 (0x0001)
core   0: 0x80000948 (0x00000685) c.addi  a3, 1
core   0: 3 0x80000948 (0x0685) x13 0x00000003
core   0: 0x8000094a (0x03e4c1b3) div     gp, s1, t5
core   0: 3 0x8000094a (0x03e4c1b3) x3  0xffffffff
core   0: 0x8000094e (0xfe569ce3) bne     a3, t0, pc - 8
core   0: 3 0x8000094e (0xfe569ce3)
core   0: 0x80000946 (0x00000001) c.nop
core   0: 3 0x80000946 (0x0001)
core   0: 0x80000948 (0x00000685) c.addi  a3, 1
core   0: 3 0x80000948 (0x0685) x13 0x00000004
core   0: 0x8000094a (0x03e4c1b3) div     gp, s1, t5
core   0: 3 0x8000094a (0x03e4c1b3) x3  0xffffffff
core   0: 0x8000094e (0xfe569ce3) bne     a3, t0, pc - 8
core   0: 3 0x8000094e (0xfe569ce3)
core   0: 0x80000946 (0x00000001) c.nop
core   0: 3 0x80000946 (0x0001)
core   0: 0x80000948 (0x00000685) c.addi  a3, 1
core   0: 3 0x80000948 (0x0685) x13 0x00000005
core   0: 0x8000094a (0x03e4c1b3) div     gp, s1, t5
core   0: 3 0x8000094a (0x03e4c1b3) x3  0xffffffff
core   0: 0x8000094e (0xfe569ce3) bne     a3, t0, pc - 8
core   0: 3 0x8000094e (0xfe569ce3)
core   0: 0x80000946 (0x00000001) c.nop
core   0: 3 0x80000946 (0x0001)
core   0: 0x80000948 (0x00000685) c.addi  a3, 1
core   0: 3 0x80000948 (0x0685) x13 0x00000006
core   0: 0x8000094a (0x03e4c1b3) div     gp, s1, t5
core   0: 3 0x8000094a (0x03e4c1b3) x3  0xffffffff
core   0: 0x8000094e (0xfe569ce3) bne     a3, t0, pc - 8
core   0: 3 0x8000094e (0xfe569ce3)
core   0: 0x80000946 (0x00000001) c.nop
core   0: 3 0x80000946 (0x0001)
core   0: 0x80000948 (0x00000685) c.addi  a3, 1
core   0: 3 0x80000948 (0x0685) x13 0x00000007
core   0: 0x8000094a (0x03e4c1b3) div     gp, s1, t5
core   0: 3 0x8000094a (0x03e4c1b3) x3  0xffffffff
core   0: 0x8000094e (0xfe569ce3) bne     a3, t0, pc - 8
core   0: 3 0x8000094e (0xfe569ce3)
core   0: 0x80000952 (0x00a020b3) slt     ra, zero, a0
core   0: 3 0x80000952 (0x00a020b3) x1  0x00000000
core   0: 0x80000956 (0x01a01213) slli    tp, zero, 26
core   0: 3 0x80000956 (0x01a01213) x4  0x00000000
core   0: 0x8000095a (0xfc6ec2e3) blt     t4, t1, pc - 60
core   0: 3 0x8000095a (0xfc6ec2e3)
core   0: 0x8000095e (0x022ea9b3) mulhsu  s3, t4, sp
core   0: 3 0x8000095e (0x022ea9b3) x19 0x00000009
core   0: 0x80000962 (0x00020b17) auipc   s6, 0x20
core   0: 3 0x80000962 (0x00020b17) x22 0x80020962
core   0: 0x80000966 (0x1dab0b13) addi    s6, s6, 474
core   0: 3 0x80000966 (0x1dab0b13) x22 0x80020b3c
core   0: 0x8000096a (0xfdab4383) lbu     t2, -38(s6)
core   0: 3 0x8000096a (0xfdab4383) x7  0x00000000 mem 0x80020b16
core   0: 0x8000096e (0xf18b4c03) lbu     s8, -232(s6)
core   0: 3 0x8000096e (0xf18b4c03) x24 0x00000000 mem 0x80020a54
core   0: 0x80000972 (0x038c7f33) remu    t5, s8, s8
core   0: 3 0x80000972 (0x038c7f33) x30 0x00000000
core   0: 0x80000976 (0x063b07a3) sb      gp, 111(s6)
core   0: 3 0x80000976 (0x063b07a3) mem 0x80020bab 0xff
core   0: 0x8000097a (0x00ff57b3) srl     a5, t5, a5
core   0: 3 0x8000097a (0x00ff57b3) x15 0x00000000
core   0: 0x8000097e (0x00008009) c.srli  s0, 2
core   0: 3 0x8000097e (0x8009) x8  0x00000000
core   0: 0x80000980 (0xf38b04a3) sb      s8, -215(s6)
core   0: 3 0x80000980 (0xf38b04a3) mem 0x80020a65 0x00
core   0: 0x80000984 (0xfbeb0523) sb      t5, -86(s6)
core   0: 3 0x80000984 (0xfbeb0523) mem 0x80020ae6 0x00
core   0: 0x80000988 (0x0a1b0f03) lb      t5, 161(s6)
core   0: 3 0x80000988 (0x0a1b0f03) x30 0x00000000 mem 0x80020bdd
core   0: 0x8000098c (0x023b00a3) sb      gp, 33(s6)
core   0: 3 0x8000098c (0x023b00a3) mem 0x80020b5d 0xff
core   0: 0x80000990 (0x03eb5c03) lhu     s8, 62(s6)
core   0: 3 0x80000990 (0x03eb5c03) x24 0x00000000 mem 0x80020b7a
core   0: 0x80000994 (0xc44f3c13) sltiu   s8, t5, -956
core   0: 3 0x80000994 (0xc44f3c13) x24 0x00000001
core   0: 0x80000998 (0x0387a433) mulhsu  s0, a5, s8
core   0: 3 0x80000998 (0x0387a433) x8  0x00000000
core   0: 0x8000099c (0x00000001) c.nop
core   0: 3 0x8000099c (0x0001)
core   0: 0x8000099e (0x01545193) srli    gp, s0, 21
core   0: 3 0x8000099e (0x01545193) x3  0x00000000
core   0: 0x800009a2 (0xf15b0c03) lb      s8, -235(s6)
core   0: 3 0x800009a2 (0xf15b0c03) x24 0x00000000 mem 0x80020a51
core   0: 0x800009a6 (0xfa7b1823) sh      t2, -80(s6)
core   0: 3 0x800009a6 (0xfa7b1823) mem 0x80020aec 0x0000
core   0: 0x800009aa (0xf55b0783) lb      a5, -171(s6)
core   0: 3 0x800009aa (0xf55b0783) x15 0x00000000 mem 0x80020a91
core   0: 0x800009ae (0xf47b4783) lbu     a5, -185(s6)
core   0: 3 0x800009ae (0xf47b4783) x15 0x00000000 mem 0x80020a83
core   0: 0x800009b2 (0x40a45393) srai    t2, s0, 10
core   0: 3 0x800009b2 (0x40a45393) x7  0x00000000
core   0: 0x800009b6 (0x00008fdd) c.or    a5, a5
core   0: 3 0x800009b6 (0x8fdd) x15 0x00000000
core   0: 0x800009b8 (0x00004795) c.li    a5, 5
core   0: 3 0x800009b8 (0x4795) x15 0x00000005
core   0: 0x800009ba (0x083b1023) sh      gp, 128(s6)
core   0: 3 0x800009ba (0x083b1023) mem 0x80020bbc 0x0000
core   0: 0x800009be (0x0b8b1d23) sh      s8, 186(s6)
core   0: 3 0x800009be (0x0b8b1d23) mem 0x80020bf6 0x0000
core   0: 0x800009c2 (0xfc3b03a3) sb      gp, -57(s6)
core   0: 3 0x800009c2 (0xfc3b03a3) mem 0x80020b03 0x00
core   0: 0x800009c6 (0x00000f06) c.slli  t5, 1
core   0: 3 0x800009c6 (0x0f06) x30 0x00000000
core   0: 0x800009c8 (0xf2db4403) lbu     s0, -211(s6)
core   0: 3 0x800009c8 (0xf2db4403) x8  0x00000000 mem 0x80020a69
core   0: 0x800009cc (0x081b0383) lb      t2, 129(s6)
core   0: 3 0x800009cc (0x081b0383) x7  0x00000000 mem 0x80020bbd
core   0: 0x800009d0 (0xfffb4f03) lbu     t5, -1(s6)
core   0: 3 0x800009d0 (0xfffb4f03) x30 0x00000000 mem 0x80020b3b
core   0: 0x800009d4 (0xf0fb0b23) sb      a5, -234(s6)
core   0: 3 0x800009d4 (0xf0fb0b23) mem 0x80020a52 0x05
core   0: 0x800009d8 (0xf61b4403) lbu     s0, -159(s6)
core   0: 3 0x800009d8 (0xf61b4403) x8  0x00000000 mem 0x80020a9d
core   0: 0x800009dc (0xf21b0783) lb      a5, -223(s6)
core   0: 3 0x800009dc (0xf21b0783) x15 0x00000000 mem 0x80020a5d
core   0: 0x800009e0 (0x003c37b3) sltu    a5, s8, gp
core   0: 3 0x800009e0 (0x003c37b3) x15 0x00000000
core   0: 0x800009e4 (0xf1cb1403) lh      s0, -228(s6)
core   0: 3 0x800009e4 (0xf1cb1403) x8  0x00000000 mem 0x80020a58
core   0: 0x800009e8 (0x00fb02a3) sb      a5, 5(s6)
core   0: 3 0x800009e8 (0x00fb02a3) mem 0x80020b41 0x00
core   0: 0x800009ec (0xfd5b0f03) lb      t5, -43(s6)
core   0: 3 0x800009ec (0xfd5b0f03) x30 0x00000000 mem 0x80020b11
core   0: 0x800009f0 (0x000011fd) c.addi  gp, -1
core   0: 3 0x800009f0 (0x11fd) x3  0xffffffff
core   0: 0x800009f2 (0x038b5383) lhu     t2, 56(s6)
core   0: 3 0x800009f2 (0x038b5383) x7  0x00000000 mem 0x80020b74
core   0: 0x800009f6 (0x001f5c13) srli    s8, t5, 1
core   0: 3 0x800009f6 (0x001f5c13) x24 0x00000000
core   0: 0x800009fa (0x0feb07a3) sb      t5, 239(s6)
core   0: 3 0x800009fa (0x0feb07a3) mem 0x80020c2b 0x00
core   0: 0x800009fe (0xf1fb4383) lbu     t2, -225(s6)
core   0: 3 0x800009fe (0xf1fb4383) x7  0x00000000 mem 0x80020a5b
core   0: 0x80000a02 (0x00020d97) auipc   s11, 0x20
core   0: 3 0x80000a02 (0x00020d97) x27 0x80020a02
core   0: 0x80000a06 (0xb3bd8d93) addi    s11, s11, -1221
core   0: 3 0x80000a06 (0xb3bd8d93) x27 0x8002053d
core   0: 0x80000a0a (0xffbd8003) lb      zero, -5(s11)
core   0: 3 0x80000a0a (0xffbd8003) mem 0x80020538
core   0: 0x80000a0e (0x00dd8623) sb      a3, 12(s11)
core   0: 3 0x80000a0e (0x00dd8623) mem 0x80020549 0x07
core   0: 0x80000a12 (0x00008f05) c.sub   a4, s1
core   0: 3 0x80000a12 (0x8f05) x14 0x00000000
core   0: 0x80000a14 (0xff8d8f83) lb      t6, -8(s11)
core   0: 3 0x80000a14 (0xff8d8f83) x31 0x00000000 mem 0x80020535
core   0: 0x80000a18 (0xff8d8a83) lb      s5, -8(s11)
core   0: 3 0x80000a18 (0xff8d8a83) x21 0x00000000 mem 0x80020535
core   0: 0x80000a1c (0xff8d8c23) sb      s8, -8(s11)
core   0: 3 0x80000a1c (0xff8d8c23) mem 0x80020535 0x00
core   0: 0x80000a20 (0x02f744b3) div     s1, a4, a5
core   0: 3 0x80000a20 (0x02f744b3) x9  0xffffffff
core   0: 0x80000a24 (0xff8d8f03) lb      t5, -8(s11)
core   0: 3 0x80000a24 (0xff8d8f03) x30 0x00000000 mem 0x80020535
core   0: 0x80000a28 (0x0000009a) c.slli  ra, 6
core   0: 3 0x80000a28 (0x009a) x1  0x00000000
core   0: 0x80000a2a (0x03339fb3) mulh    t6, t2, s3
core   0: 3 0x80000a2a (0x03339fb3) x31 0x00000000
core   0: 0x80000a2e (0xff8dc703) lbu     a4, -8(s11)
core   0: 3 0x80000a2e (0xff8dc703) x14 0x00000000 mem 0x80020535
core   0: 0x80000a32 (0xff8d8c03) lb      s8, -8(s11)
core   0: 3 0x80000a32 (0xff8d8c03) x24 0x00000000 mem 0x80020535
core   0: 0x80000a36 (0xff3d8c23) sb      s3, -8(s11)
core   0: 3 0x80000a36 (0xff3d8c23) mem 0x80020535 0x09
core   0: 0x80000a3a (0xff8d8083) lb      ra, -8(s11)
core   0: 3 0x80000a3a (0xff8d8083) x1  0x00000009 mem 0x80020535
core   0: 0x80000a3e (0xfedd8c23) sb      a3, -8(s11)
core   0: 3 0x80000a3e (0xfedd8c23) mem 0x80020535 0x07
core   0: 0x80000a42 (0x008dc483) lbu     s1, 8(s11)
core   0: 3 0x80000a42 (0x008dc483) x9  0x00000000 mem 0x80020545
core   0: 0x80000a46 (0x008dcb83) lbu     s7, 8(s11)
core   0: 3 0x80000a46 (0x008dcb83) x23 0x00000000 mem 0x80020545
core   0: 0x80000a4a (0x008d8e03) lb      t3, 8(s11)
core   0: 3 0x80000a4a (0x008d8e03) x28 0x00000000 mem 0x80020545
core   0: 0x80000a4e (0x007d8423) sb      t2, 8(s11)
core   0: 3 0x80000a4e (0x007d8423) mem 0x80020545 0x00
core   0: 0x80000a52 (0x0015c333) xor     t1, a1, ra
core   0: 3 0x80000a52 (0x0015c333) x6  0x80025e6d
core   0: 0x80000a56 (0x008d8203) lb      tp, 8(s11)
core   0: 3 0x80000a56 (0x008d8203) x4  0x00000000 mem 0x80020545
core   0: 0x80000a5a (0x36e3a293) slti    t0, t2, 878
core   0: 3 0x80000a5a (0x36e3a293) x5  0x00000001
core   0: 0x80000a5e (0x015d8423) sb      s5, 8(s11)
core   0: 3 0x80000a5e (0x015d8423) mem 0x80020545 0x00
core   0: 0x80000a62 (0x02c0076f) jal     a4, pc + 0x2c
core   0: 3 0x80000a62 (0x02c0076f) x14 0x80000a66
core   0: 0x80000a8e (0x0000b7e5) c.j     pc - 24
core   0: 3 0x80000a8e (0xb7e5)
core   0: 0x80000a76 (0x00e0026f) jal     tp, pc + 0xe
core   0: 3 0x80000a76 (0x00e0026f) x4  0x80000a7a
core   0: 0x80000a84 (0x00002009) c.jal   pc + 2
core   0: 3 0x80000a84 (0x2009) x1  0x80000a86
core   0: 0x80000a86 (0x000037c5) c.jal   pc - 32
core   0: 3 0x80000a86 (0x37c5) x1  0x80000a88
core   0: 0x80000a66 (0x0000a01d) c.j     pc + 38
core   0: 3 0x80000a66 (0xa01d)
core   0: 0x80000a8c (0x000037fd) c.jal   pc - 18
core   0: 3 0x80000a8c (0x37fd) x1  0x80000a8e
core   0: 0x80000a7a (0x00003fe5) c.jal   pc - 8
core   0: 3 0x80000a7a (0x3fe5) x1  0x80000a7c
core   0: 0x80000a72 (0xff7ff6ef) jal     a3, pc - 0xa
core   0: 3 0x80000a72 (0xff7ff6ef) x13 0x80000a76
core   0: 0x80000a68 (0x028000ef) jal     pc + 0x28
core   0: 3 0x80000a68 (0x028000ef) x1  0x80000a6c
core   0: 0x80000a90 (0x0000b7c5) c.j     pc - 32
core   0: 3 0x80000a90 (0xb7c5)
core   0: 0x80000a70 (0x00002829) c.jal   pc + 26
core   0: 3 0x80000a70 (0x2829) x1  0x80000a72
core   0: 0x80000a8a (0x0000bfdd) c.j     pc - 10
core   0: 3 0x80000a8a (0xbfdd)
core   0: 0x80000a80 (0xfedff0ef) jal     pc - 0x14
core   0: 3 0x80000a80 (0xfedff0ef) x1  0x80000a84
core   0: 0x80000a6c (0x01c000ef) jal     pc + 0x1c
core   0: 3 0x80000a6c (0x01c000ef) x1  0x80000a70
core   0: 0x80000a88 (0x00003fd5) c.jal   pc - 12
core   0: 3 0x80000a88 (0x3fd5) x1  0x80000a8a
core   0: 0x80000a7c (0x0160036f) jal     t1, pc + 0x16
core   0: 3 0x80000a7c (0x0160036f) x6  0x80000a80
core   0: 0x80000a92 (0x01c27333) and     t1, tp, t3
core   0: 3 0x80000a92 (0x01c27333) x6  0x00000000
core   0: 0x80000a96 (0x0000f117) auipc   sp, 0xf
core   0: 3 0x80000a96 (0x0000f117) x2  0x8000fa96
core   0: 0x80000a9a (0x6fe10113) addi    sp, sp, 1790
core   0: 3 0x80000a9a (0x6fe10113) x2  0x80010194
core   0: 0x80000a9e (0x02c55cb3) divu    s9, a0, a2
core   0: 3 0x80000a9e (0x02c55cb3) x25 0x00000000
core   0: 0x80000aa2 (0x01f102a3) sb      t6, 5(sp)
core   0: 3 0x80000aa2 (0x01f102a3) mem 0x80010199 0x00
core   0: 0x80000aa6 (0x03e10c83) lb      s9, 62(sp)
core   0: 3 0x80000aa6 (0x03e10c83) x25 0x00000000 mem 0x800101d2
core   0: 0x80000aaa (0x0000896d) c.andi  a0, 27
core   0: 3 0x80000aaa (0x896d) x10 0x00000000
core   0: 0x80000aac (0x0000814d) c.srli  a0, 19
core   0: 3 0x80000aac (0x814d) x10 0x00000000
core   0: 0x80000aae (0x00b65d93) srli    s11, a2, 11
core   0: 3 0x80000aae (0x00b65d93) x27 0x001fffff
core   0: 0x80000ab2 (0x01314303) lbu     t1, 19(sp)
core   0: 3 0x80000ab2 (0x01314303) x6  0x00000000 mem 0x800101a7
core   0: 0x80000ab6 (0x00210603) lb      a2, 2(sp)
core   0: 3 0x80000ab6 (0x00210603) x12 0x00000000 mem 0x80010196
core   0: 0x80000aba (0xfc811303) lh      t1, -56(sp)
core   0: 3 0x80000aba (0xfc811303) x6  0x00000000 mem 0x8001015c
core   0: 0x80000abe (0x00a33fb3) sltu    t6, t1, a0
core   0: 3 0x80000abe (0x00a33fb3) x31 0x00000000
core   0: 0x80000ac2 (0x00761c93) slli    s9, a2, 7
core   0: 3 0x80000ac2 (0x00761c93) x25 0x00000000
core   0: 0x80000ac6 (0x02c32cb3) mulhsu  s9, t1, a2
core   0: 3 0x80000ac6 (0x02c32cb3) x25 0x00000000
core   0: 0x80000aca (0x00df7637) lui     a2, 0xdf7
core   0: 3 0x80000aca (0x00df7637) x12 0x00df7000
core   0: 0x80000ace (0x03d10c83) lb      s9, 61(sp)
core   0: 3 0x80000ace (0x03d10c83) x25 0x00000000 mem 0x800101d1
core   0: 0x80000ad2 (0x03b61cb3) mulh    s9, a2, s11
core   0: 3 0x80000ad2 (0x03b61cb3) x25 0x00001bed
core   0: 0x80000ad6 (0x00006659) c.lui   a2, 0x16
core   0: 3 0x80000ad6 (0x6659) x12 0x00016000
core   0: 0x80000ad8 (0x01956cb3) or      s9, a0, s9
core   0: 3 0x80000ad8 (0x01956cb3) x25 0x00001bed
core   0: 0x80000adc (0x02615d83) lhu     s11, 38(sp)
core   0: 3 0x80000adc (0x02615d83) x27 0x00000000 mem 0x800101ba
core   0: 0x80000ae0 (0x406cd513) srai    a0, s9, 6
core   0: 3 0x80000ae0 (0x406cd513) x10 0x0000006f
core   0: 0x80000ae4 (0x874cc317) auipc   t1, 0x874cc
core   0: 3 0x80000ae4 (0x874cc317) x6  0x074ccae4
core   0: 0x80000ae8 (0x00006321) c.lui   t1, 0x8
core   0: 3 0x80000ae8 (0x6321) x6  0x00008000
core   0: 0x80000aea (0x02c102a3) sb      a2, 37(sp)
core   0: 3 0x80000aea (0x02c102a3) mem 0x800101b9 0x00
core   0: 0x80000aee (0x03b51fb3) mulh    t6, a0, s11
core   0: 3 0x80000aee (0x03b51fb3) x31 0x00000000
core   0: 0x80000af2 (0x00914603) lbu     a2, 9(sp)
core   0: 3 0x80000af2 (0x00914603) x12 0x00000000 mem 0x8001019d
core   0: 0x80000af6 (0x02afa533) mulhsu  a0, t6, a0
core   0: 3 0x80000af6 (0x02afa533) x10 0x00000000
core   0: 0x80000afa (0x00005ce2) c.lwsp  s9, 56(sp)
core   0: 3 0x80000afa (0x5ce2) x25 0x00000000 mem 0x800101cc
core   0: 0x80000afc (0x01611f83) lh      t6, 22(sp)
core   0: 3 0x80000afc (0x01611f83) x31 0x00000000 mem 0x800101aa
core   0: 0x80000b00 (0x03f106a3) sb      t6, 45(sp)
core   0: 3 0x80000b00 (0x03f106a3) mem 0x800101c1 0x00
core   0: 0x80000b04 (0xfe610aa3) sb      t1, -11(sp)
core   0: 3 0x80000b04 (0xfe610aa3) mem 0x80010189 0x00
core   0: 0x80000b08 (0xfc510303) lb      t1, -59(sp)
core   0: 3 0x80000b08 (0xfc510303) x6  0x00000000 mem 0x80010159
core   0: 0x80000b0c (0x02c34333) div     t1, t1, a2
core   0: 3 0x80000b0c (0x02c34333) x6  0xffffffff
core   0: 0x80000b10 (0xfec103a3) sb      a2, -25(sp)
core   0: 3 0x80000b10 (0xfec103a3) mem 0x8001017b 0x00
core   0: 0x80000b14 (0x408ddd93) srai    s11, s11, 8
core   0: 3 0x80000b14 (0x408ddd93) x27 0x00000000
core   0: 0x80000b18 (0xfdc12303) lw      t1, -36(sp)
core   0: 3 0x80000b18 (0xfdc12303) x6  0x00000000 mem 0x80010170
core   0: 0x80000b1c (0x0000056a) c.slli  a0, 26
core   0: 3 0x80000b1c (0x056a) x10 0x00000000
core   0: 0x80000b1e (0x00adffb3) and     t6, s11, a0
core   0: 3 0x80000b1e (0x00adffb3) x31 0x00000000
core   0: 0x80000b22 (0x0000811d) c.srli  a0, 7
core   0: 3 0x80000b22 (0x811d) x10 0x00000000
core   0: 0x80000b24 (0x03e14f83) lbu     t6, 62(sp)
core   0: 3 0x80000b24 (0x03e14f83) x31 0x00000000 mem 0x800101d2
core   0: 0x80000b28 (0x00000dd6) c.slli  s11, 21
core   0: 3 0x80000b28 (0x0dd6) x27 0x00000000
core   0: 0x80000b2a (0xfdf10423) sb      t6, -56(sp)
core   0: 3 0x80000b2a (0xfdf10423) mem 0x8001015c 0x00
core   0: 0x80000b2e (0xfea10503) lb      a0, -22(sp)
core   0: 3 0x80000b2e (0xfea10503) x10 0x00000000 mem 0x8001017e
core   0: 0x80000b32 (0x01714303) lbu     t1, 23(sp)
core   0: 3 0x80000b32 (0x01714303) x6  0x00000000 mem 0x800101ab
core   0: 0x80000b36 (0x0001a717) auipc   a4, 0x1a
core   0: 3 0x80000b36 (0x0001a717) x14 0x8001ab36
core   0: 0x80000b3a (0xad770713) addi    a4, a4, -1321
core   0: 3 0x80000b3a (0xad770713) x14 0x8001a60d
core   0: 0x80000b3e (0x00008515) c.srai  a0, 5
core   0: 3 0x80000b3e (0x8515) x10 0x00000000
core   0: 0x80000b40 (0xc3008513) addi    a0, ra, -976
core   0: 3 0x80000b40 (0xc3008513) x10 0x800006ba
core   0: 0x80000b44 (0xff474e83) lbu     t4, -12(a4)
core   0: 3 0x80000b44 (0xff474e83) x29 0x00000000 mem 0x8001a601
core   0: 0x80000b48 (0x021dceb3) div     t4, s11, ra
core   0: 3 0x80000b48 (0x021dceb3) x29 0x00000000
core   0: 0x80000b4c (0x00008915) c.andi  a0, 5
core   0: 3 0x80000b4c (0x8915) x10 0x00000000
core   0: 0x80000b4e (0x00000001) c.nop
core   0: 3 0x80000b4e (0x0001)
core   0: 0x80000b50 (0x1b8a0093) addi    ra, s4, 440
core   0: 3 0x80000b50 (0x1b8a0093) x1  0x000001b8
core   0: 0x80000b54 (0xfd970603) lb      a2, -39(a4)
core   0: 3 0x80000b54 (0xfd970603) x12 0x00000000 mem 0x8001a5e6
core   0: 0x80000b58 (0x03470323) sb      s4, 38(a4)
core   0: 3 0x80000b58 (0x03470323) mem 0x8001a633 0x00
core   0: 0x80000b5c (0x00008d71) c.and   a0, a2
core   0: 3 0x80000b5c (0x8d71) x10 0x00000000
core   0: 0x80000b5e (0x00470a03) lb      s4, 4(a4)
core   0: 3 0x80000b5e (0x00470a03) x20 0x00000000 mem 0x8001a611
core   0: 0x80000b62 (0x01e74a03) lbu     s4, 30(a4)
core   0: 3 0x80000b62 (0x01e74a03) x20 0x00000000 mem 0x8001a62b
core   0: 0x80000b66 (0x034a6a33) rem     s4, s4, s4
core   0: 3 0x80000b66 (0x034a6a33) x20 0x00000000
core   0: 0x80000b6a (0x00c630b3) sltu    ra, a2, a2
core   0: 3 0x80000b6a (0x00c630b3) x1  0x00000000
core   0: 0x80000b6e (0x00771d83) lh      s11, 7(a4)
core   0: 3 0x80000b6e (0x00771d83) x27 0x00000000 mem 0x8001a614
core   0: 0x80000b72 (0xfcc702a3) sb      a2, -59(a4)
core   0: 3 0x80000b72 (0xfcc702a3) mem 0x8001a5d2 0x00
core   0: 0x80000b76 (0x00005a7d) c.li    s4, -1
core   0: 3 0x80000b76 (0x5a7d) x20 0xffffffff
core   0: 0x80000b78 (0x7b56a537) lui     a0, 0x7b56a
core   0: 3 0x80000b78 (0x7b56a537) x10 0x7b56a000
core   0: 0x80000b7c (0x41be80b3) sub     ra, t4, s11
core   0: 3 0x80000b7c (0x41be80b3) x1  0x00000000
core   0: 0x80000b80 (0x01da60b3) or      ra, s4, t4
core   0: 3 0x80000b80 (0x01da60b3) x1  0xffffffff
core   0: 0x80000b84 (0xfee74d83) lbu     s11, -18(a4)
core   0: 3 0x80000b84 (0xfee74d83) x27 0x00000000 mem 0x8001a5fb
core   0: 0x80000b88 (0xfdd70c23) sb      t4, -40(a4)
core   0: 3 0x80000b88 (0xfdd70c23) mem 0x8001a5e5 0x00
core   0: 0x80000b8c (0x01b70c23) sb      s11, 24(a4)
core   0: 3 0x80000b8c (0x01b70c23) mem 0x8001a625 0x00
core   0: 0x80000b90 (0x6bcdbd93) sltiu   s11, s11, 1724
core   0: 3 0x80000b90 (0x6bcdbd93) x27 0x00000001
core   0: 0x80000b94 (0xff175a03) lhu     s4, -15(a4)
core   0: 3 0x80000b94 (0xff175a03) x20 0x00000000 mem 0x8001a5fe
core   0: 0x80000b98 (0x00d70e83) lb      t4, 13(a4)
core   0: 3 0x80000b98 (0x00d70e83) x29 0x00000000 mem 0x8001a61a
core   0: 0x80000b9c (0x01d60a33) add     s4, a2, t4
core   0: 3 0x80000b9c (0x01d60a33) x20 0x00000000
core   0: 0x80000ba0 (0xfea70ea3) sb      a0, -3(a4)
core   0: 3 0x80000ba0 (0xfea70ea3) mem 0x8001a60a 0x00
core   0: 0x80000ba4 (0x01e74503) lbu     a0, 30(a4)
core   0: 3 0x80000ba4 (0x01e74503) x10 0x00000000 mem 0x8001a62b
core   0: 0x80000ba8 (0xfea70c23) sb      a0, -8(a4)
core   0: 3 0x80000ba8 (0xfea70c23) mem 0x8001a605 0x00
core   0: 0x80000bac (0x02775a03) lhu     s4, 39(a4)
core   0: 3 0x80000bac (0x02775a03) x20 0x00000000 mem 0x8001a634
core   0: 0x80000bb0 (0x401a5eb3) sra     t4, s4, ra
core   0: 3 0x80000bb0 (0x401a5eb3) x29 0x00000000
core   0: 0x80000bb4 (0x02cda533) mulhsu  a0, s11, a2
core   0: 3 0x80000bb4 (0x02cda533) x10 0x00000000
core   0: 0x80000bb8 (0xfe970a03) lb      s4, -23(a4)
core   0: 3 0x80000bb8 (0xfe970a03) x20 0x00000000 mem 0x8001a5f6
core   0: 0x80000bbc (0x0300076f) jal     a4, pc + 0x30
core   0: 3 0x80000bbc (0x0300076f) x14 0x80000bc0
core   0: 0x80000bec (0x000037cd) c.jal   pc - 30
core   0: 3 0x80000bec (0x37cd) x1  0x80000bee
core   0: 0x80000bce (0x0000bfe5) c.j     pc - 8
core   0: 3 0x80000bce (0xbfe5)
core   0: 0x80000bc6 (0x0000a811) c.j     pc + 20
core   0: 3 0x80000bc6 (0xa811)
core   0: 0x80000bda (0x0140026f) jal     tp, pc + 0x14
core   0: 3 0x80000bda (0x0140026f) x4  0x80000bde
core   0: 0x80000bee (0x016000ef) jal     pc + 0x16
core   0: 3 0x80000bee (0x016000ef) x1  0x80000bf2
core   0: 0x80000c04 (0x0000bfd5) c.j     pc - 12
core   0: 3 0x80000c04 (0xbfd5)
core   0: 0x80000bf8 (0x0000b7c5) c.j     pc - 32
core   0: 3 0x80000bf8 (0xb7c5)
core   0: 0x80000bd8 (0x000037e5) c.jal   pc - 24
core   0: 3 0x80000bd8 (0x37e5) x1  0x80000bda
core   0: 0x80000bc0 (0x0000a009) c.j     pc + 2
core   0: 3 0x80000bc0 (0xa009)
core   0: 0x80000bc2 (0x04e0026f) jal     tp, pc + 0x4e
core   0: 3 0x80000bc2 (0x04e0026f) x4  0x80000bc6
core   0: 0x80000c10 (0x00003fe5) c.jal   pc - 8
core   0: 3 0x80000c10 (0x3fe5) x1  0x80000c12
core   0: 0x80000c08 (0xff7ff46f) jal     s0, pc - 0xa
core   0: 3 0x80000c08 (0xff7ff46f) x8  0x80000c0c
core   0: 0x80000bfe (0xfcbff56f) jal     a0, pc - 0x36
core   0: 3 0x80000bfe (0xfcbff56f) x10 0x80000c02
core   0: 0x80000bc8 (0x0000202d) c.jal   pc + 42
core   0: 3 0x80000bc8 (0x202d) x1  0x80000bca
core   0: 0x80000bf2 (0x00002811) c.jal   pc + 20
core   0: 3 0x80000bf2 (0x2811) x1  0x80000bf4
core   0: 0x80000c06 (0x0000bff5) c.j     pc - 4
core   0: 3 0x80000c06 (0xbff5)
core   0: 0x80000c02 (0x000037d5) c.jal   pc - 28
core   0: 3 0x80000c02 (0x37d5) x1  0x80000c04
core   0: 0x80000be6 (0x0000b7fd) c.j     pc - 18
core   0: 3 0x80000be6 (0xb7fd)
core   0: 0x80000bd4 (0x0000a01d) c.j     pc + 38
core   0: 3 0x80000bd4 (0xa01d)
core   0: 0x80000bfa (0x0000b7d5) c.j     pc - 28
core   0: 3 0x80000bfa (0xb7d5)
core   0: 0x80000bde (0xfedff0ef) jal     pc - 0x14
core   0: 3 0x80000bde (0xfedff0ef) x1  0x80000be2
core   0: 0x80000bca (0x00800f6f) jal     t5, pc + 0x8
core   0: 3 0x80000bca (0x00800f6f) x30 0x80000bce
core   0: 0x80000bd2 (0x00002801) c.jal   pc + 16
core   0: 3 0x80000bd2 (0x2801) x1  0x80000bd4
core   0: 0x80000be2 (0x02a000ef) jal     pc + 0x2a
core   0: 3 0x80000be2 (0x02a000ef) x1  0x80000be6
core   0: 0x80000c0c (0xfddff6ef) jal     a3, pc - 0x24
core   0: 3 0x80000c0c (0xfddff6ef) x13 0x80000c10
core   0: 0x80000be8 (0x0140036f) jal     t1, pc + 0x14
core   0: 3 0x80000be8 (0x0140036f) x6  0x80000bec
core   0: 0x80000bfc (0x00003fe5) c.jal   pc - 8
core   0: 3 0x80000bfc (0x3fe5) x1  0x80000bfe
core   0: 0x80000bf4 (0xfe3ff16f) jal     sp, pc - 0x1e
core   0: 3 0x80000bf4 (0xfe3ff16f) x2  0x80000bf8
core   0: 0x80000bd6 (0x00003fed) c.jal   pc - 6
core   0: 3 0x80000bd6 (0x3fed) x1  0x80000bd8
core   0: 0x80000bd0 (0x00002089) c.jal   pc + 66
core   0: 3 0x80000bd0 (0x2089) x1  0x80000bd2
core   0: 0x80000c12 (0x0000717d) c.addi16sp sp, -16
core   0: 3 0x80000c12 (0x717d) x2  0x80000be8
core   0: 0x80000c14 (0x0001bc97) auipc   s9, 0x1b
core   0: 3 0x80000c14 (0x0001bc97) x25 0x8001bc14
core   0: 0x80000c18 (0xffac8c93) addi    s9, s9, -6
core   0: 3 0x80000c18 (0xffac8c93) x25 0x8001bc0e
core   0: 0x80000c1c (0x013c8b83) lb      s7, 19(s9)
core   0: 3 0x80000c1c (0x013c8b83) x23 0x00000000 mem 0x8001bc21
core   0: 0x80000c20 (0x013cca03) lbu     s4, 19(s9)
core   0: 3 0x80000c20 (0x013cca03) x20 0x00000000 mem 0x8001bc21
core   0: 0x80000c24 (0xfd1cc083) lbu     ra, -47(s9)
core   0: 3 0x80000c24 (0xfd1cc083) x1  0x00000000 mem 0x8001bbdf
core   0: 0x80000c28 (0xfd1c8203) lb      tp, -47(s9)
core   0: 3 0x80000c28 (0xfd1c8203) x4  0x00000000 mem 0x8001bbdf
core   0: 0x80000c2c (0xfd1c8203) lb      tp, -47(s9)
core   0: 3 0x80000c2c (0xfd1c8203) x4  0x00000000 mem 0x8001bbdf
core   0: 0x80000c30 (0xfd1c8083) lb      ra, -47(s9)
core   0: 3 0x80000c30 (0xfd1c8083) x1  0x00000000 mem 0x8001bbdf
core   0: 0x80000c34 (0xfd1cc603) lbu     a2, -47(s9)
core   0: 3 0x80000c34 (0xfd1cc603) x12 0x00000000 mem 0x8001bbdf
core   0: 0x80000c38 (0x00b576b3) and     a3, a0, a1
core   0: 3 0x80000c38 (0x00b576b3) x13 0x80000c00
core   0: 0x80000c3c (0xfd1cc283) lbu     t0, -47(s9)
core   0: 3 0x80000c3c (0xfd1cc283) x5  0x00000000 mem 0x8001bbdf
core   0: 0x80000c40 (0x595a6513) ori     a0, s4, 1429
core   0: 3 0x80000c40 (0x595a6513) x10 0x00000595
core   0: 0x80000c44 (0xfd1c8f03) lb      t5, -47(s9)
core   0: 3 0x80000c44 (0xfd1c8f03) x30 0x00000000 mem 0x8001bbdf
core   0: 0x80000c48 (0xfd1cc183) lbu     gp, -47(s9)
core   0: 3 0x80000c48 (0xfd1cc183) x3  0x00000000 mem 0x8001bbdf
core   0: 0x80000c4c (0xfd1ccb03) lbu     s6, -47(s9)
core   0: 3 0x80000c4c (0xfd1ccb03) x22 0x00000000 mem 0x8001bbdf
core   0: 0x80000c50 (0x0179d493) srli    s1, s3, 23
core   0: 3 0x80000c50 (0x0179d493) x9  0x00000000
core   0: 0x80000c54 (0x02e10fb3) mul     t6, sp, a4
core   0: 3 0x80000c54 (0x02e10fb3) x31 0x008be600
core   0: 0x80000c58 (0xfdec88a3) sb      t5, -47(s9)
core   0: 3 0x80000c58 (0xfdec88a3) mem 0x8001bbdf 0x00
core   0: 0x80000c5c (0x00005769) c.li    a4, -6
core   0: 3 0x80000c5c (0x5769) x14 0xfffffffa
core   0: 0x80000c5e (0x58ec6293) ori     t0, s8, 1422
core   0: 3 0x80000c5e (0x58ec6293) x5  0x0000058e
core   0: 0x80000c62 (0x00004eb9) c.li    t4, 14
core   0: 3 0x80000c62 (0x4eb9) x29 0x0000000e
core   0: 0x80000c64 (0x00004d61) c.li    s10, 24
core   0: 3 0x80000c64 (0x4d61) x26 0x00000018
core   0: 0x80000c66 (0x00aaf7b3) and     a5, s5, a0
core   0: 3 0x80000c66 (0x00aaf7b3) x15 0x00000000
core   0: 0x80000c6a (0x00008a46) c.mv    s4, a7
core   0: 3 0x80000c6a (0x8a46) x20 0x80029ce4
core   0: 0x80000c6c (0x00000709) c.addi  a4, 2
core   0: 3 0x80000c6c (0x0709) x14 0xfffffffc
core   0: 0x80000c6e (0x23363013) sltiu   zero, a2, 563
core   0: 3 0x80000c6e (0x23363013)
core   0: 0x80000c72 (0x00005c5d) c.li    s8, -9
core   0: 3 0x80000c72 (0x5c5d) x24 0xfffffff7
core   0: 0x80000c74 (0x00004dcd) c.li    s11, 19
core   0: 3 0x80000c74 (0x4dcd) x27 0x00000013
core   0: 0x80000c76 (0x00b774b3) and     s1, a4, a1
core   0: 3 0x80000c76 (0x00b774b3) x9  0x80025e64
core   0: 0x80000c7a (0x008111b3) sll     gp, sp, s0
core   0: 3 0x80000c7a (0x008111b3) x3  0x00be8000
core   0: 0x80000c7e (0x00000c21) c.addi  s8, 8
core   0: 3 0x80000c7e (0x0c21) x24 0xffffffff
core   0: 0x80000c80 (0xa0a3d237) lui     tp, 0xa0a3d
core   0: 3 0x80000c80 (0xa0a3d237) x4  0xa0a3d000
core   0: 0x80000c84 (0xe3a7ed13) ori     s10, a5, -454
core   0: 3 0x80000c84 (0xe3a7ed13) x26 0xfffffe3a
core   0: 0x80000c88 (0xffbc67e3) bltu    s8, s11, pc - 18
core   0: 3 0x80000c88 (0xffbc67e3)
core   0: 0x80000c8c (0xb3662693) slti    a3, a2, -1226
core   0: 3 0x80000c8c (0xb3662693) x13 0x00000000
core   0: 0x80000c90 (0xfdd74de3) blt     a4, t4, pc - 38
core   0: 3 0x80000c90 (0xfdd74de3)
core   0: 0x80000c6a (0x00008a46) c.mv    s4, a7
core   0: 3 0x80000c6a (0x8a46) x20 0x80029ce4
core   0: 0x80000c6c (0x00000709) c.addi  a4, 2
core   0: 3 0x80000c6c (0x0709) x14 0xfffffffe
core   0: 0x80000c6e (0x23363013) sltiu   zero, a2, 563
core   0: 3 0x80000c6e (0x23363013)
core   0: 0x80000c72 (0x00005c5d) c.li    s8, -9
core   0: 3 0x80000c72 (0x5c5d) x24 0xfffffff7
core   0: 0x80000c74 (0x00004dcd) c.li    s11, 19
core   0: 3 0x80000c74 (0x4dcd) x27 0x00000013
core   0: 0x80000c76 (0x00b774b3) and     s1, a4, a1
core   0: 3 0x80000c76 (0x00b774b3) x9  0x80025e64
core   0: 0x80000c7a (0x008111b3) sll     gp, sp, s0
core   0: 3 0x80000c7a (0x008111b3) x3  0x00be8000
core   0: 0x80000c7e (0x00000c21) c.addi  s8, 8
core   0: 3 0x80000c7e (0x0c21) x24 0xffffffff
core   0: 0x80000c80 (0xa0a3d237) lui     tp, 0xa0a3d
core   0: 3 0x80000c80 (0xa0a3d237) x4  0xa0a3d000
core   0: 0x80000c84 (0xe3a7ed13) ori     s10, a5, -454
core   0: 3 0x80000c84 (0xe3a7ed13) x26 0xfffffe3a
core   0: 0x80000c88 (0xffbc67e3) bltu    s8, s11, pc - 18
core   0: 3 0x80000c88 (0xffbc67e3)
core   0: 0x80000c8c (0xb3662693) slti    a3, a2, -1226
core   0: 3 0x80000c8c (0xb3662693) x13 0x00000000
core   0: 0x80000c90 (0xfdd74de3) blt     a4, t4, pc - 38
core   0: 3 0x80000c90 (0xfdd74de3)
core   0: 0x80000c6a (0x00008a46) c.mv    s4, a7
core   0: 3 0x80000c6a (0x8a46) x20 0x80029ce4
core   0: 0x80000c6c (0x00000709) c.addi  a4, 2
core   0: 3 0x80000c6c (0x0709) x14 0x00000000
core   0: 0x80000c6e (0x23363013) sltiu   zero, a2, 563
core   0: 3 0x80000c6e (0x23363013)
core   0: 0x80000c72 (0x00005c5d) c.li    s8, -9
core   0: 3 0x80000c72 (0x5c5d) x24 0xfffffff7
core   0: 0x80000c74 (0x00004dcd) c.li    s11, 19
core   0: 3 0x80000c74 (0x4dcd) x27 0x00000013
core   0: 0x80000c76 (0x00b774b3) and     s1, a4, a1
core   0: 3 0x80000c76 (0x00b774b3) x9  0x00000000
core   0: 0x80000c7a (0x008111b3) sll     gp, sp, s0
core   0: 3 0x80000c7a (0x008111b3) x3  0x00be8000
core   0: 0x80000c7e (0x00000c21) c.addi  s8, 8
core   0: 3 0x80000c7e (0x0c21) x24 0xffffffff
core   0: 0x80000c80 (0xa0a3d237) lui     tp, 0xa0a3d
core   0: 3 0x80000c80 (0xa0a3d237) x4  0xa0a3d000
core   0: 0x80000c84 (0xe3a7ed13) ori     s10, a5, -454
core   0: 3 0x80000c84 (0xe3a7ed13) x26 0xfffffe3a
core   0: 0x80000c88 (0xffbc67e3) bltu    s8, s11, pc - 18
core   0: 3 0x80000c88 (0xffbc67e3)
core   0: 0x80000c8c (0xb3662693) slti    a3, a2, -1226
core   0: 3 0x80000c8c (0xb3662693) x13 0x00000000
core   0: 0x80000c90 (0xfdd74de3) blt     a4, t4, pc - 38
core   0: 3 0x80000c90 (0xfdd74de3)
core   0: 0x80000c6a (0x00008a46) c.mv    s4, a7
core   0: 3 0x80000c6a (0x8a46) x20 0x80029ce4
core   0: 0x80000c6c (0x00000709) c.addi  a4, 2
core   0: 3 0x80000c6c (0x0709) x14 0x00000002
core   0: 0x80000c6e (0x23363013) sltiu   zero, a2, 563
core   0: 3 0x80000c6e (0x23363013)
core   0: 0x80000c72 (0x00005c5d) c.li    s8, -9
core   0: 3 0x80000c72 (0x5c5d) x24 0xfffffff7
core   0: 0x80000c74 (0x00004dcd) c.li    s11, 19
core   0: 3 0x80000c74 (0x4dcd) x27 0x00000013
core   0: 0x80000c76 (0x00b774b3) and     s1, a4, a1
core   0: 3 0x80000c76 (0x00b774b3) x9  0x00000000
core   0: 0x80000c7a (0x008111b3) sll     gp, sp, s0
core   0: 3 0x80000c7a (0x008111b3) x3  0x00be8000
core   0: 0x80000c7e (0x00000c21) c.addi  s8, 8
core   0: 3 0x80000c7e (0x0c21) x24 0xffffffff
core   0: 0x80000c80 (0xa0a3d237) lui     tp, 0xa0a3d
core   0: 3 0x80000c80 (0xa0a3d237) x4  0xa0a3d000
core   0: 0x80000c84 (0xe3a7ed13) ori     s10, a5, -454
core   0: 3 0x80000c84 (0xe3a7ed13) x26 0xfffffe3a
core   0: 0x80000c88 (0xffbc67e3) bltu    s8, s11, pc - 18
core   0: 3 0x80000c88 (0xffbc67e3)
core   0: 0x80000c8c (0xb3662693) slti    a3, a2, -1226
core   0: 3 0x80000c8c (0xb3662693) x13 0x00000000
core   0: 0x80000c90 (0xfdd74de3) blt     a4, t4, pc - 38
core   0: 3 0x80000c90 (0xfdd74de3)
core   0: 0x80000c6a (0x00008a46) c.mv    s4, a7
core   0: 3 0x80000c6a (0x8a46) x20 0x80029ce4
core   0: 0x80000c6c (0x00000709) c.addi  a4, 2
core   0: 3 0x80000c6c (0x0709) x14 0x00000004
core   0: 0x80000c6e (0x23363013) sltiu   zero, a2, 563
core   0: 3 0x80000c6e (0x23363013)
core   0: 0x80000c72 (0x00005c5d) c.li    s8, -9
core   0: 3 0x80000c72 (0x5c5d) x24 0xfffffff7
core   0: 0x80000c74 (0x00004dcd) c.li    s11, 19
core   0: 3 0x80000c74 (0x4dcd) x27 0x00000013
core   0: 0x80000c76 (0x00b774b3) and     s1, a4, a1
core   0: 3 0x80000c76 (0x00b774b3) x9  0x00000004
core   0: 0x80000c7a (0x008111b3) sll     gp, sp, s0
core   0: 3 0x80000c7a (0x008111b3) x3  0x00be8000
core   0: 0x80000c7e (0x00000c21) c.addi  s8, 8
core   0: 3 0x80000c7e (0x0c21) x24 0xffffffff
core   0: 0x80000c80 (0xa0a3d237) lui     tp, 0xa0a3d
core   0: 3 0x80000c80 (0xa0a3d237) x4  0xa0a3d000
core   0: 0x80000c84 (0xe3a7ed13) ori     s10, a5, -454
core   0: 3 0x80000c84 (0xe3a7ed13) x26 0xfffffe3a
core   0: 0x80000c88 (0xffbc67e3) bltu    s8, s11, pc - 18
core   0: 3 0x80000c88 (0xffbc67e3)
core   0: 0x80000c8c (0xb3662693) slti    a3, a2, -1226
core   0: 3 0x80000c8c (0xb3662693) x13 0x00000000
core   0: 0x80000c90 (0xfdd74de3) blt     a4, t4, pc - 38
core   0: 3 0x80000c90 (0xfdd74de3)
core   0: 0x80000c6a (0x00008a46) c.mv    s4, a7
core   0: 3 0x80000c6a (0x8a46) x20 0x80029ce4
core   0: 0x80000c6c (0x00000709) c.addi  a4, 2
core   0: 3 0x80000c6c (0x0709) x14 0x00000006
core   0: 0x80000c6e (0x23363013) sltiu   zero, a2, 563
core   0: 3 0x80000c6e (0x23363013)
core   0: 0x80000c72 (0x00005c5d) c.li    s8, -9
core   0: 3 0x80000c72 (0x5c5d) x24 0xfffffff7
core   0: 0x80000c74 (0x00004dcd) c.li    s11, 19
core   0: 3 0x80000c74 (0x4dcd) x27 0x00000013
core   0: 0x80000c76 (0x00b774b3) and     s1, a4, a1
core   0: 3 0x80000c76 (0x00b774b3) x9  0x00000004
core   0: 0x80000c7a (0x008111b3) sll     gp, sp, s0
core   0: 3 0x80000c7a (0x008111b3) x3  0x00be8000
core   0: 0x80000c7e (0x00000c21) c.addi  s8, 8
core   0: 3 0x80000c7e (0x0c21) x24 0xffffffff
core   0: 0x80000c80 (0xa0a3d237) lui     tp, 0xa0a3d
core   0: 3 0x80000c80 (0xa0a3d237) x4  0xa0a3d000
core   0: 0x80000c84 (0xe3a7ed13) ori     s10, a5, -454
core   0: 3 0x80000c84 (0xe3a7ed13) x26 0xfffffe3a
core   0: 0x80000c88 (0xffbc67e3) bltu    s8, s11, pc - 18
core   0: 3 0x80000c88 (0xffbc67e3)
core   0: 0x80000c8c (0xb3662693) slti    a3, a2, -1226
core   0: 3 0x80000c8c (0xb3662693) x13 0x00000000
core   0: 0x80000c90 (0xfdd74de3) blt     a4, t4, pc - 38
core   0: 3 0x80000c90 (0xfdd74de3)
core   0: 0x80000c6a (0x00008a46) c.mv    s4, a7
core   0: 3 0x80000c6a (0x8a46) x20 0x80029ce4
core   0: 0x80000c6c (0x00000709) c.addi  a4, 2
core   0: 3 0x80000c6c (0x0709) x14 0x00000008
core   0: 0x80000c6e (0x23363013) sltiu   zero, a2, 563
core   0: 3 0x80000c6e (0x23363013)
core   0: 0x80000c72 (0x00005c5d) c.li    s8, -9
core   0: 3 0x80000c72 (0x5c5d) x24 0xfffffff7
core   0: 0x80000c74 (0x00004dcd) c.li    s11, 19
core   0: 3 0x80000c74 (0x4dcd) x27 0x00000013
core   0: 0x80000c76 (0x00b774b3) and     s1, a4, a1
core   0: 3 0x80000c76 (0x00b774b3) x9  0x00000000
core   0: 0x80000c7a (0x008111b3) sll     gp, sp, s0
core   0: 3 0x80000c7a (0x008111b3) x3  0x00be8000
core   0: 0x80000c7e (0x00000c21) c.addi  s8, 8
core   0: 3 0x80000c7e (0x0c21) x24 0xffffffff
core   0: 0x80000c80 (0xa0a3d237) lui     tp, 0xa0a3d
core   0: 3 0x80000c80 (0xa0a3d237) x4  0xa0a3d000
core   0: 0x80000c84 (0xe3a7ed13) ori     s10, a5, -454
core   0: 3 0x80000c84 (0xe3a7ed13) x26 0xfffffe3a
core   0: 0x80000c88 (0xffbc67e3) bltu    s8, s11, pc - 18
core   0: 3 0x80000c88 (0xffbc67e3)
core   0: 0x80000c8c (0xb3662693) slti    a3, a2, -1226
core   0: 3 0x80000c8c (0xb3662693) x13 0x00000000
core   0: 0x80000c90 (0xfdd74de3) blt     a4, t4, pc - 38
core   0: 3 0x80000c90 (0xfdd74de3)
core   0: 0x80000c6a (0x00008a46) c.mv    s4, a7
core   0: 3 0x80000c6a (0x8a46) x20 0x80029ce4
core   0: 0x80000c6c (0x00000709) c.addi  a4, 2
core   0: 3 0x80000c6c (0x0709) x14 0x0000000a
core   0: 0x80000c6e (0x23363013) sltiu   zero, a2, 563
core   0: 3 0x80000c6e (0x23363013)
core   0: 0x80000c72 (0x00005c5d) c.li    s8, -9
core   0: 3 0x80000c72 (0x5c5d) x24 0xfffffff7
core   0: 0x80000c74 (0x00004dcd) c.li    s11, 19
core   0: 3 0x80000c74 (0x4dcd) x27 0x00000013
core   0: 0x80000c76 (0x00b774b3) and     s1, a4, a1
core   0: 3 0x80000c76 (0x00b774b3) x9  0x00000000
core   0: 0x80000c7a (0x008111b3) sll     gp, sp, s0
core   0: 3 0x80000c7a (0x008111b3) x3  0x00be8000
core   0: 0x80000c7e (0x00000c21) c.addi  s8, 8
core   0: 3 0x80000c7e (0x0c21) x24 0xffffffff
core   0: 0x80000c80 (0xa0a3d237) lui     tp, 0xa0a3d
core   0: 3 0x80000c80 (0xa0a3d237) x4  0xa0a3d000
core   0: 0x80000c84 (0xe3a7ed13) ori     s10, a5, -454
core   0: 3 0x80000c84 (0xe3a7ed13) x26 0xfffffe3a
core   0: 0x80000c88 (0xffbc67e3) bltu    s8, s11, pc - 18
core   0: 3 0x80000c88 (0xffbc67e3)
core   0: 0x80000c8c (0xb3662693) slti    a3, a2, -1226
core   0: 3 0x80000c8c (0xb3662693) x13 0x00000000
core   0: 0x80000c90 (0xfdd74de3) blt     a4, t4, pc - 38
core   0: 3 0x80000c90 (0xfdd74de3)
core   0: 0x80000c6a (0x00008a46) c.mv    s4, a7
core   0: 3 0x80000c6a (0x8a46) x20 0x80029ce4
core   0: 0x80000c6c (0x00000709) c.addi  a4, 2
core   0: 3 0x80000c6c (0x0709) x14 0x0000000c
core   0: 0x80000c6e (0x23363013) sltiu   zero, a2, 563
core   0: 3 0x80000c6e (0x23363013)
core   0: 0x80000c72 (0x00005c5d) c.li    s8, -9
core   0: 3 0x80000c72 (0x5c5d) x24 0xfffffff7
core   0: 0x80000c74 (0x00004dcd) c.li    s11, 19
core   0: 3 0x80000c74 (0x4dcd) x27 0x00000013
core   0: 0x80000c76 (0x00b774b3) and     s1, a4, a1
core   0: 3 0x80000c76 (0x00b774b3) x9  0x00000004
core   0: 0x80000c7a (0x008111b3) sll     gp, sp, s0
core   0: 3 0x80000c7a (0x008111b3) x3  0x00be8000
core   0: 0x80000c7e (0x00000c21) c.addi  s8, 8
core   0: 3 0x80000c7e (0x0c21) x24 0xffffffff
core   0: 0x80000c80 (0xa0a3d237) lui     tp, 0xa0a3d
core   0: 3 0x80000c80 (0xa0a3d237) x4  0xa0a3d000
core   0: 0x80000c84 (0xe3a7ed13) ori     s10, a5, -454
core   0: 3 0x80000c84 (0xe3a7ed13) x26 0xfffffe3a
core   0: 0x80000c88 (0xffbc67e3) bltu    s8, s11, pc - 18
core   0: 3 0x80000c88 (0xffbc67e3)
core   0: 0x80000c8c (0xb3662693) slti    a3, a2, -1226
core   0: 3 0x80000c8c (0xb3662693) x13 0x00000000
core   0: 0x80000c90 (0xfdd74de3) blt     a4, t4, pc - 38
core   0: 3 0x80000c90 (0xfdd74de3)
core   0: 0x80000c6a (0x00008a46) c.mv    s4, a7
core   0: 3 0x80000c6a (0x8a46) x20 0x80029ce4
core   0: 0x80000c6c (0x00000709) c.addi  a4, 2
core   0: 3 0x80000c6c (0x0709) x14 0x0000000e
core   0: 0x80000c6e (0x23363013) sltiu   zero, a2, 563
core   0: 3 0x80000c6e (0x23363013)
core   0: 0x80000c72 (0x00005c5d) c.li    s8, -9
core   0: 3 0x80000c72 (0x5c5d) x24 0xfffffff7
core   0: 0x80000c74 (0x00004dcd) c.li    s11, 19
core   0: 3 0x80000c74 (0x4dcd) x27 0x00000013
core   0: 0x80000c76 (0x00b774b3) and     s1, a4, a1
core   0: 3 0x80000c76 (0x00b774b3) x9  0x00000004
core   0: 0x80000c7a (0x008111b3) sll     gp, sp, s0
core   0: 3 0x80000c7a (0x008111b3) x3  0x00be8000
core   0: 0x80000c7e (0x00000c21) c.addi  s8, 8
core   0: 3 0x80000c7e (0x0c21) x24 0xffffffff
core   0: 0x80000c80 (0xa0a3d237) lui     tp, 0xa0a3d
core   0: 3 0x80000c80 (0xa0a3d237) x4  0xa0a3d000
core   0: 0x80000c84 (0xe3a7ed13) ori     s10, a5, -454
core   0: 3 0x80000c84 (0xe3a7ed13) x26 0xfffffe3a
core   0: 0x80000c88 (0xffbc67e3) bltu    s8, s11, pc - 18
core   0: 3 0x80000c88 (0xffbc67e3)
core   0: 0x80000c8c (0xb3662693) slti    a3, a2, -1226
core   0: 3 0x80000c8c (0xb3662693) x13 0x00000000
core   0: 0x80000c90 (0xfdd74de3) blt     a4, t4, pc - 38
core   0: 3 0x80000c90 (0xfdd74de3)
core   0: 0x80000c94 (0x000006c5) c.addi  a3, 17
core   0: 3 0x80000c94 (0x06c5) x13 0x00000011
core   0: 0x80000c96 (0x0000470d) c.li    a4, 3
core   0: 3 0x80000c96 (0x470d) x14 0x00000003
core   0: 0x80000c98 (0xec954e13) xori    t3, a0, -311
core   0: 3 0x80000c98 (0xec954e13) x28 0xfffffb5c
core   0: 0x80000c9c (0x74a18f93) addi    t6, gp, 1866
core   0: 3 0x80000c9c (0x74a18f93) x31 0x00be874a
core   0: 0x80000ca0 (0x000042c1) c.li    t0, 16
core   0: 3 0x80000ca0 (0x42c1) x5  0x00000010
core   0: 0x80000ca2 (0x00000001) c.nop
core   0: 3 0x80000ca2 (0x0001)
core   0: 0x80000ca4 (0x0000071d) c.addi  a4, 7
core   0: 3 0x80000ca4 (0x071d) x14 0x0000000a
core   0: 0x80000ca6 (0x01a50333) add     t1, a0, s10
core   0: 3 0x80000ca6 (0x01a50333) x6  0x000003cf
core   0: 0x80000caa (0x015193b3) sll     t2, gp, s5
core   0: 3 0x80000caa (0x015193b3) x7  0x00be8000
core   0: 0x80000cae (0x000054f1) c.li    s1, -4
core   0: 3 0x80000cae (0x54f1) x9  0xfffffffc
core   0: 0x80000cb0 (0x00000001) c.nop
core   0: 3 0x80000cb0 (0x0001)
core   0: 0x80000cb2 (0x3d890693) addi    a3, s2, 984
core   0: 3 0x80000cb2 (0x3d890693) x13 0x4ff803d8
core   0: 0x80000cb6 (0x0290d9b3) divu    s3, ra, s1
core   0: 3 0x80000cb6 (0x0290d9b3) x19 0x00000000
core   0: 0x80000cba (0x00000485) c.addi  s1, 1
core   0: 3 0x80000cba (0x0485) x9  0xfffffffd
core   0: 0x80000cbc (0x43ef8693) addi    a3, t6, 1086
core   0: 3 0x80000cbc (0x43ef8693) x13 0x00be8b88
core   0: 0x80000cc0 (0x0000f8fd) c.bnez  s1, pc - 10
core   0: 3 0x80000cc0 (0xf8fd)
core   0: 0x80000cb6 (0x0290d9b3) divu    s3, ra, s1
core   0: 3 0x80000cb6 (0x0290d9b3) x19 0x00000000
core   0: 0x80000cba (0x00000485) c.addi  s1, 1
core   0: 3 0x80000cba (0x0485) x9  0xfffffffe
core   0: 0x80000cbc (0x43ef8693) addi    a3, t6, 1086
core   0: 3 0x80000cbc (0x43ef8693) x13 0x00be8b88
core   0: 0x80000cc0 (0x0000f8fd) c.bnez  s1, pc - 10
core   0: 3 0x80000cc0 (0xf8fd)
core   0: 0x80000cb6 (0x0290d9b3) divu    s3, ra, s1
core   0: 3 0x80000cb6 (0x0290d9b3) x19 0x00000000
core   0: 0x80000cba (0x00000485) c.addi  s1, 1
core   0: 3 0x80000cba (0x0485) x9  0xffffffff
core   0: 0x80000cbc (0x43ef8693) addi    a3, t6, 1086
core   0: 3 0x80000cbc (0x43ef8693) x13 0x00be8b88
core   0: 0x80000cc0 (0x0000f8fd) c.bnez  s1, pc - 10
core   0: 3 0x80000cc0 (0xf8fd)
core   0: 0x80000cb6 (0x0290d9b3) divu    s3, ra, s1
core   0: 3 0x80000cb6 (0x0290d9b3) x19 0x00000000
core   0: 0x80000cba (0x00000485) c.addi  s1, 1
core   0: 3 0x80000cba (0x0485) x9  0x00000000
core   0: 0x80000cbc (0x43ef8693) addi    a3, t6, 1086
core   0: 3 0x80000cbc (0x43ef8693) x13 0x00be8b88
core   0: 0x80000cc0 (0x0000f8fd) c.bnez  s1, pc - 10
core   0: 3 0x80000cc0 (0xf8fd)
core   0: 0x80000cc2 (0x03cbcbb3) div     s7, s7, t3
core   0: 3 0x80000cc2 (0x03cbcbb3) x23 0x00000000
core   0: 0x80000cc6 (0xfc576ee3) bltu    a4, t0, pc - 36
core   0: 3 0x80000cc6 (0xfc576ee3)
core   0: 0x80000ca2 (0x00000001) c.nop
core   0: 3 0x80000ca2 (0x0001)
core   0: 0x80000ca4 (0x0000071d) c.addi  a4, 7
core   0: 3 0x80000ca4 (0x071d) x14 0x00000011
core   0: 0x80000ca6 (0x01a50333) add     t1, a0, s10
core   0: 3 0x80000ca6 (0x01a50333) x6  0x000003cf
core   0: 0x80000caa (0x015193b3) sll     t2, gp, s5
core   0: 3 0x80000caa (0x015193b3) x7  0x00be8000
core   0: 0x80000cae (0x000054f1) c.li    s1, -4
core   0: 3 0x80000cae (0x54f1) x9  0xfffffffc
core   0: 0x80000cb0 (0x00000001) c.nop
core   0: 3 0x80000cb0 (0x0001)
core   0: 0x80000cb2 (0x3d890693) addi    a3, s2, 984
core   0: 3 0x80000cb2 (0x3d890693) x13 0x4ff803d8
core   0: 0x80000cb6 (0x0290d9b3) divu    s3, ra, s1
core   0: 3 0x80000cb6 (0x0290d9b3) x19 0x00000000
core   0: 0x80000cba (0x00000485) c.addi  s1, 1
core   0: 3 0x80000cba (0x0485) x9  0xfffffffd
core   0: 0x80000cbc (0x43ef8693) addi    a3, t6, 1086
core   0: 3 0x80000cbc (0x43ef8693) x13 0x00be8b88
core   0: 0x80000cc0 (0x0000f8fd) c.bnez  s1, pc - 10
core   0: 3 0x80000cc0 (0xf8fd)
core   0: 0x80000cb6 (0x0290d9b3) divu    s3, ra, s1
core   0: 3 0x80000cb6 (0x0290d9b3) x19 0x00000000
core   0: 0x80000cba (0x00000485) c.addi  s1, 1
core   0: 3 0x80000cba (0x0485) x9  0xfffffffe
core   0: 0x80000cbc (0x43ef8693) addi    a3, t6, 1086
core   0: 3 0x80000cbc (0x43ef8693) x13 0x00be8b88
core   0: 0x80000cc0 (0x0000f8fd) c.bnez  s1, pc - 10
core   0: 3 0x80000cc0 (0xf8fd)
core   0: 0x80000cb6 (0x0290d9b3) divu    s3, ra, s1
core   0: 3 0x80000cb6 (0x0290d9b3) x19 0x00000000
core   0: 0x80000cba (0x00000485) c.addi  s1, 1
core   0: 3 0x80000cba (0x0485) x9  0xffffffff
core   0: 0x80000cbc (0x43ef8693) addi    a3, t6, 1086
core   0: 3 0x80000cbc (0x43ef8693) x13 0x00be8b88
core   0: 0x80000cc0 (0x0000f8fd) c.bnez  s1, pc - 10
core   0: 3 0x80000cc0 (0xf8fd)
core   0: 0x80000cb6 (0x0290d9b3) divu    s3, ra, s1
core   0: 3 0x80000cb6 (0x0290d9b3) x19 0x00000000
core   0: 0x80000cba (0x00000485) c.addi  s1, 1
core   0: 3 0x80000cba (0x0485) x9  0x00000000
core   0: 0x80000cbc (0x43ef8693) addi    a3, t6, 1086
core   0: 3 0x80000cbc (0x43ef8693) x13 0x00be8b88
core   0: 0x80000cc0 (0x0000f8fd) c.bnez  s1, pc - 10
core   0: 3 0x80000cc0 (0xf8fd)
core   0: 0x80000cc2 (0x03cbcbb3) div     s7, s7, t3
core   0: 3 0x80000cc2 (0x03cbcbb3) x23 0x00000000
core   0: 0x80000cc6 (0xfc576ee3) bltu    a4, t0, pc - 36
core   0: 3 0x80000cc6 (0xfc576ee3)
core   0: 0x80000cca (0x7bd22193) slti    gp, tp, 1981
core   0: 3 0x80000cca (0x7bd22193) x3  0x00000001
core   0: 0x80000cce (0x01e0076f) jal     a4, pc + 0x1e
core   0: 3 0x80000cce (0x01e0076f) x14 0x80000cd2
core   0: 0x80000cec (0xff7ff0ef) jal     pc - 0xa
core   0: 3 0x80000cec (0xff7ff0ef) x1  0x80000cf0
core   0: 0x80000ce2 (0x00002019) c.jal   pc + 6
core   0: 3 0x80000ce2 (0x2019) x1  0x80000ce4
core   0: 0x80000ce8 (0x0000a01d) c.j     pc + 38
core   0: 3 0x80000ce8 (0xa01d)
core   0: 0x80000d0e (0xfd7ff36f) jal     t1, pc - 0x2a
core   0: 3 0x80000d0e (0xfd7ff36f) x6  0x80000d12
core   0: 0x80000ce4 (0x0000a801) c.j     pc + 16
core   0: 3 0x80000ce4 (0xa801)
core   0: 0x80000cf4 (0x00003fdd) c.jal   pc - 10
core   0: 3 0x80000cf4 (0x3fdd) x1  0x80000cf6
core   0: 0x80000cea (0x00002831) c.jal   pc + 28
core   0: 3 0x80000cea (0x2831) x1  0x80000cec
core   0: 0x80000d06 (0x0000b7f1) c.j     pc - 52
core   0: 3 0x80000d06 (0xb7f1)
core   0: 0x80000cd2 (0x0000a021) c.j     pc + 8
core   0: 3 0x80000cd2 (0xa021)
core   0: 0x80000cda (0x00002009) c.jal   pc + 2
core   0: 3 0x80000cda (0x2009) x1  0x80000cdc
core   0: 0x80000cdc (0xffdfff6f) jal     t5, pc - 0x4
core   0: 3 0x80000cdc (0xffdfff6f) x30 0x80000ce0
core   0: 0x80000cd8 (0x0000a82d) c.j     pc + 58
core   0: 3 0x80000cd8 (0xa82d)
core   0: 0x80000d12 (0x00003fdd) c.jal   pc - 10
core   0: 3 0x80000d12 (0x3fdd) x1  0x80000d14
core   0: 0x80000d08 (0xfd9ff0ef) jal     pc - 0x28
core   0: 3 0x80000d08 (0xfd9ff0ef) x1  0x80000d0c
core   0: 0x80000ce0 (0x0000a00d) c.j     pc + 34
core   0: 3 0x80000ce0 (0xa00d)
core   0: 0x80000d02 (0xfd3ff0ef) jal     pc - 0x2e
core   0: 3 0x80000d02 (0xfd3ff0ef) x1  0x80000d06
core   0: 0x80000cd4 (0x026000ef) jal     pc + 0x26
core   0: 3 0x80000cd4 (0x026000ef) x1  0x80000cd8
core   0: 0x80000cfa (0xffdff0ef) jal     pc - 0x4
core   0: 3 0x80000cfa (0xffdff0ef) x1  0x80000cfe
core   0: 0x80000cf6 (0x008004ef) jal     s1, pc + 0x8
core   0: 3 0x80000cf6 (0x008004ef) x9  0x80000cfa
core   0: 0x80000cfe (0xfe9ff0ef) jal     pc - 0x18
core   0: 3 0x80000cfe (0xfe9ff0ef) x1  0x80000d02
core   0: 0x80000ce6 (0x00002029) c.jal   pc + 10
core   0: 3 0x80000ce6 (0x2029) x1  0x80000ce8
core   0: 0x80000cf0 (0x01c0036f) jal     t1, pc + 0x1c
core   0: 3 0x80000cf0 (0x01c0036f) x6  0x80000cf4
core   0: 0x80000d0c (0x0000a021) c.j     pc + 8
core   0: 3 0x80000d0c (0xa021)
core   0: 0x80000d14 (0xdbd50713) addi    a4, a0, -579
core   0: 3 0x80000d14 (0xdbd50713) x14 0x00000352
core   0: 0x80000d18 (0x00a0076f) jal     a4, pc + 0xa
core   0: 3 0x80000d18 (0x00a0076f) x14 0x80000d1c
core   0: 0x80000d22 (0x00002039) c.jal   pc + 14
core   0: 3 0x80000d22 (0x2039) x1  0x80000d24
core   0: 0x80000d30 (0x00002031) c.jal   pc + 12
core   0: 3 0x80000d30 (0x2031) x1  0x80000d32
core   0: 0x80000d3c (0x00002031) c.jal   pc + 12
core   0: 3 0x80000d3c (0x2031) x1  0x80000d3e
core   0: 0x80000d48 (0xfe3ff0ef) jal     pc - 0x1e
core   0: 3 0x80000d48 (0xfe3ff0ef) x1  0x80000d4c
core   0: 0x80000d2a (0x00002029) c.jal   pc + 10
core   0: 3 0x80000d2a (0x2029) x1  0x80000d2c
core   0: 0x80000d34 (0x0100036f) jal     t1, pc + 0x10
core   0: 3 0x80000d34 (0x0100036f) x6  0x80000d38
core   0: 0x80000d44 (0x00003fd5) c.jal   pc - 12
core   0: 3 0x80000d44 (0x3fd5) x1  0x80000d46
core   0: 0x80000d38 (0x0000a019) c.j     pc + 6
core   0: 3 0x80000d38 (0xa019)
core   0: 0x80000d3e (0x00400a6f) jal     s4, pc + 0x4
core   0: 3 0x80000d3e (0x00400a6f) x20 0x80000d42
core   0: 0x80000d42 (0x0000bff1) c.j     pc - 36
core   0: 3 0x80000d42 (0xbff1)
core   0: 0x80000d1e (0x00a0036f) jal     t1, pc + 0xa
core   0: 3 0x80000d1e (0x00a0036f) x6  0x80000d22
core   0: 0x80000d28 (0x0000a029) c.j     pc + 10
core   0: 3 0x80000d28 (0xa029)
core   0: 0x80000d32 (0x0000bfcd) c.j     pc - 14
core   0: 3 0x80000d32 (0xbfcd)
core   0: 0x80000d24 (0x0000200d) c.jal   pc + 34
core   0: 3 0x80000d24 (0x200d) x1  0x80000d26
core   0: 0x80000d46 (0x0000b7dd) c.j     pc - 26
core   0: 3 0x80000d46 (0xb7dd)
core   0: 0x80000d2c (0x00e000ef) jal     pc + 0xe
core   0: 3 0x80000d2c (0x00e000ef) x1  0x80000d30
core   0: 0x80000d3a (0x000037f5) c.jal   pc - 20
core   0: 3 0x80000d3a (0x37f5) x1  0x80000d3c
core   0: 0x80000d26 (0x0000bfdd) c.j     pc - 10
core   0: 3 0x80000d26 (0xbfdd)
core   0: 0x80000d1c (0x0000a805) c.j     pc + 48
core   0: 3 0x80000d1c (0xa805)
core   0: 0x80000d4c (0x00008fd9) c.or    a5, a4
core   0: 3 0x80000d4c (0x8fd9) x15 0x80000d1c
core   0: 0x80000d4e (0x03c0076f) jal     a4, pc + 0x3c
core   0: 3 0x80000d4e (0x03c0076f) x14 0x80000d52
core   0: 0x80000d8a (0xfe1ff36f) jal     t1, pc - 0x20
core   0: 3 0x80000d8a (0xfe1ff36f) x6  0x80000d8e
core   0: 0x80000d6a (0x016000ef) jal     pc + 0x16
core   0: 3 0x80000d6a (0x016000ef) x1  0x80000d6e
core   0: 0x80000d80 (0x0000a011) c.j     pc + 4
core   0: 3 0x80000d80 (0xa011)
core   0: 0x80000d84 (0xfedff36f) jal     t1, pc - 0x14
core   0: 3 0x80000d84 (0xfedff36f) x6  0x80000d88
core   0: 0x80000d70 (0x0000a021) c.j     pc + 8
core   0: 3 0x80000d70 (0xa021)
core   0: 0x80000d78 (0x0000bfed) c.j     pc - 6
core   0: 3 0x80000d78 (0xbfed)
core   0: 0x80000d72 (0xfe5ff0ef) jal     pc - 0x1c
core   0: 3 0x80000d72 (0xfe5ff0ef) x1  0x80000d76
core   0: 0x80000d56 (0x00002015) c.jal   pc + 36
core   0: 3 0x80000d56 (0x2015) x1  0x80000d58
core   0: 0x80000d7a (0xfedffd6f) jal     s10, pc - 0x14
core   0: 3 0x80000d7a (0xfedffd6f) x26 0x80000d7e
core   0: 0x80000d66 (0xff7ff0ef) jal     pc - 0xa
core   0: 3 0x80000d66 (0xff7ff0ef) x1  0x80000d6a
core   0: 0x80000d5c (0x012007ef) jal     a5, pc + 0x12
core   0: 3 0x80000d5c (0x012007ef) x15 0x80000d60
core   0: 0x80000d6e (0x00002811) c.jal   pc + 20
core   0: 3 0x80000d6e (0x2811) x1  0x80000d70
core   0: 0x80000d82 (0x0000a019) c.j     pc + 6
core   0: 3 0x80000d82 (0xa019)
core   0: 0x80000d88 (0x000037e9) c.jal   pc - 54
core   0: 3 0x80000d88 (0x37e9) x1  0x80000d8a
core   0: 0x80000d52 (0x00002019) c.jal   pc + 6
core   0: 3 0x80000d52 (0x2019) x1  0x80000d54
core   0: 0x80000d58 (0x008000ef) jal     pc + 0x8
core   0: 3 0x80000d58 (0x008000ef) x1  0x80000d5c
core   0: 0x80000d60 (0x0000a011) c.j     pc + 4
core   0: 3 0x80000d60 (0xa011)
core   0: 0x80000d64 (0x0000a809) c.j     pc + 18
core   0: 3 0x80000d64 (0xa809)
core   0: 0x80000d76 (0x0000b7f5) c.j     pc - 20
core   0: 3 0x80000d76 (0xb7f5)
core   0: 0x80000d62 (0x0000a035) c.j     pc + 44
core   0: 3 0x80000d62 (0xa035)
core   0: 0x80000d8e (0xfc7ff26f) jal     tp, pc - 0x3a
core   0: 3 0x80000d8e (0xfc7ff26f) x4  0x80000d92
core   0: 0x80000d54 (0x0000202d) c.jal   pc + 42
core   0: 3 0x80000d54 (0x202d) x1  0x80000d56
core   0: 0x80000d7e (0x0000a811) c.j     pc + 20
core   0: 3 0x80000d7e (0xa811)
core   0: 0x80000d92 (0x0313d9b3) divu    s3, t2, a7
core   0: 3 0x80000d92 (0x0313d9b3) x19 0x00000000
core   0: 0x80000d96 (0x00c0076f) jal     a4, pc + 0xc
core   0: 3 0x80000d96 (0x00c0076f) x14 0x80000d9a
core   0: 0x80000da2 (0x01600c6f) jal     s8, pc + 0x16
core   0: 3 0x80000da2 (0x01600c6f) x24 0x80000da6
core   0: 0x80000db8 (0x0000a829) c.j     pc + 26
core   0: 3 0x80000db8 (0xa829)
core   0: 0x80000dd2 (0xfc9ff56f) jal     a0, pc - 0x38
core   0: 3 0x80000dd2 (0xfc9ff56f) x10 0x80000dd6
core   0: 0x80000d9a (0x02c000ef) jal     pc + 0x2c
core   0: 3 0x80000d9a (0x02c000ef) x1  0x80000d9e
core   0: 0x80000dc6 (0xff9ff0ef) jal     pc - 0x8
core   0: 3 0x80000dc6 (0xff9ff0ef) x1  0x80000dca
core   0: 0x80000dbe (0x0000a031) c.j     pc + 12
core   0: 3 0x80000dbe (0xa031)
core   0: 0x80000dca (0x0000b7d5) c.j     pc - 28
core   0: 3 0x80000dca (0xb7d5)
core   0: 0x80000dae (0x0000a039) c.j     pc + 14
core   0: 3 0x80000dae (0xa039)
core   0: 0x80000dbc (0x0000200d) c.jal   pc + 34
core   0: 3 0x80000dbc (0x200d) x1  0x80000dbe
core   0: 0x80000dde (0x0000bfcd) c.j     pc - 14
core   0: 3 0x80000dde (0xbfcd)
core   0: 0x80000dd0 (0x0000a029) c.j     pc + 10
core   0: 3 0x80000dd0 (0xa029)
core   0: 0x80000dda (0xfcfffdef) jal     s11, pc - 0x32
core   0: 3 0x80000dda (0xfcfffdef) x27 0x80000dde
core   0: 0x80000da8 (0x0000a031) c.j     pc + 12
core   0: 3 0x80000da8 (0xa031)
core   0: 0x80000db4 (0x02e0036f) jal     t1, pc + 0x2e
core   0: 3 0x80000db4 (0x02e0036f) x6  0x80000db8
core   0: 0x80000de2 (0x0000b7e9) c.j     pc - 54
core   0: 3 0x80000de2 (0xb7e9)
core   0: 0x80000dac (0x0000282d) c.jal   pc + 58
core   0: 3 0x80000dac (0x282d) x1  0x80000dae
core   0: 0x80000de6 (0xfc5ff3ef) jal     t2, pc - 0x3c
core   0: 3 0x80000de6 (0xfc5ff3ef) x7  0x80000dea
core   0: 0x80000daa (0x0000281d) c.jal   pc + 54
core   0: 3 0x80000daa (0x281d) x1  0x80000dac
core   0: 0x80000de0 (0x00003f7d) c.jal   pc - 66
core   0: 3 0x80000de0 (0x3f7d) x1  0x80000de2
core   0: 0x80000d9e (0x00002825) c.jal   pc + 56
core   0: 3 0x80000d9e (0x2825) x1  0x80000da0
core   0: 0x80000dd6 (0x00e000ef) jal     pc + 0xe
core   0: 3 0x80000dd6 (0x00e000ef) x1  0x80000dda
core   0: 0x80000de4 (0x0000b7c9) c.j     pc - 62
core   0: 3 0x80000de4 (0xb7c9)
core   0: 0x80000da6 (0x00002025) c.jal   pc + 40
core   0: 3 0x80000da6 (0x2025) x1  0x80000da8
core   0: 0x80000dce (0x0000b7f5) c.j     pc - 20
core   0: 3 0x80000dce (0xb7f5)
core   0: 0x80000dba (0x0000a809) c.j     pc + 18
core   0: 3 0x80000dba (0xa809)
core   0: 0x80000dcc (0x00003fe5) c.jal   pc - 8
core   0: 3 0x80000dcc (0x3fe5) x1  0x80000dce
core   0: 0x80000dc4 (0x0000b7f5) c.j     pc - 20
core   0: 3 0x80000dc4 (0xb7f5)
core   0: 0x80000db0 (0xff1ff26f) jal     tp, pc - 0x10
core   0: 3 0x80000db0 (0xff1ff26f) x4  0x80000db4
core   0: 0x80000da0 (0x0000a005) c.j     pc + 32
core   0: 3 0x80000da0 (0xa005)
core   0: 0x80000dc0 (0x02a000ef) jal     pc + 0x2a
core   0: 3 0x80000dc0 (0x02a000ef) x1  0x80000dc4
core   0: 0x80000dea (0x02443bb3) mulhu   s7, s0, tp
core   0: 3 0x80000dea (0x02443bb3) x23 0x40000ce0
core   0: 0x80000dee (0x00010117) auipc   sp, 0x10
core   0: 3 0x80000dee (0x00010117) x2  0x80010dee
core   0: 0x80000df2 (0xd1210113) addi    sp, sp, -750
core   0: 3 0x80000df2 (0xd1210113) x2  0x80010b00
core   0: 0x80000df6 (0x48414903) lbu     s2, 1156(sp)
core   0: 3 0x80000df6 (0x48414903) x18 0x00000000 mem 0x80010f84
core   0: 0x80000dfa (0x48910223) sb      s1, 1156(sp)
core   0: 3 0x80000dfa (0x48910223) mem 0x80010f84 0xfa
core   0: 0x80000dfe (0x48411483) lh      s1, 1156(sp)
core   0: 3 0x80000dfe (0x48411483) x9  0x000000fa mem 0x80010f84
core   0: 0x80000e02 (0x49812223) sw      s8, 1156(sp)
core   0: 3 0x80000e02 (0x49812223) mem 0x80010f84 0x80000da6
core   0: 0x80000e06 (0xdd514383) lbu     t2, -555(sp)
core   0: 3 0x80000e06 (0xdd514383) x7  0x00000000 mem 0x800108d5
core   0: 0x80000e0a (0xdcf10aa3) sb      a5, -555(sp)
core   0: 3 0x80000e0a (0xdcf10aa3) mem 0x800108d5 0x60
core   0: 0x80000e0e (0xdd510683) lb      a3, -555(sp)
core   0: 3 0x80000e0e (0xdd510683) x13 0x00000060 mem 0x800108d5
core   0: 0x80000e12 (0x560aa213) slti    tp, s5, 1376
core   0: 3 0x80000e12 (0x560aa213) x4  0x00000001
core   0: 0x80000e16 (0xdda10aa3) sb      s10, -555(sp)
core   0: 3 0x80000e16 (0xdda10aa3) mem 0x800108d5 0x7e
core   0: 0x80000e1a (0xdd510b03) lb      s6, -555(sp)
core   0: 3 0x80000e1a (0xdd510b03) x22 0x0000007e mem 0x800108d5
core   0: 0x80000e1e (0x91514603) lbu     a2, -1771(sp)
core   0: 3 0x80000e1e (0x91514603) x12 0x00000000 mem 0x80010415
core   0: 0x80000e22 (0x11b10c83) lb      s9, 283(sp)
core   0: 3 0x80000e22 (0x11b10c83) x25 0x00000000 mem 0x80010c1b
core   0: 0x80000e26 (0x11b14083) lbu     ra, 283(sp)
core   0: 3 0x80000e26 (0x11b14083) x1  0x00000000 mem 0x80010c1b
core   0: 0x80000e2a (0x23314c03) lbu     s8, 563(sp)
core   0: 3 0x80000e2a (0x23314c03) x24 0x00000000 mem 0x80010d33
core   0: 0x80000e2e (0x00010297) auipc   t0, 0x10
core   0: 3 0x80000e2e (0x00010297) x5  0x80010e2e
core   0: 0x80000e32 (0x1e128293) addi    t0, t0, 481
core   0: 3 0x80000e32 (0x1e128293) x5  0x8001100f
core   0: 0x80000e36 (0xfe028c23) sb      zero, -8(t0)
core   0: 3 0x80000e36 (0xfe028c23) mem 0x80011007 0x00
core   0: 0x80000e3a (0xfed28923) sb      a3, -14(t0)
core   0: 3 0x80000e3a (0xfed28923) mem 0x80011001 0x60
core   0: 0x80000e3e (0x00000001) c.nop
core   0: 3 0x80000e3e (0x0001)
core   0: 0x80000e40 (0x00c2cb03) lbu     s6, 12(t0)
core   0: 3 0x80000e40 (0x00c2cb03) x22 0x00000000 mem 0x8001101b
core   0: 0x80000e44 (0x00f28423) sb      a5, 8(t0)
core   0: 3 0x80000e44 (0x00f28423) mem 0x80011017 0x60
core   0: 0x80000e48 (0x00f29a03) lh      s4, 15(t0)
core   0: 3 0x80000e48 (0x00f29a03) x20 0x00000000 mem 0x8001101e
core   0: 0x80000e4c (0x403adf33) sra     t5, s5, gp
core   0: 3 0x80000e4c (0x403adf33) x30 0x00000000
core   0: 0x80000e50 (0xff228c03) lb      s8, -14(t0)
core   0: 3 0x80000e50 (0xff228c03) x24 0x00000060 mem 0x80011001
core   0: 0x80000e54 (0x00000001) c.nop
core   0: 3 0x80000e54 (0x0001)
core   0: 0x80000e56 (0x00405193) srli    gp, zero, 4
core   0: 3 0x80000e56 (0x00405193) x3  0x00000000
core   0: 0x80000e5a (0x01c28223) sb      t3, 4(t0)
core   0: 3 0x80000e5a (0x01c28223) mem 0x80011013 0x5c
core   0: 0x80000e5e (0xff528c23) sb      s5, -8(t0)
core   0: 3 0x80000e5e (0xff528c23) mem 0x80011007 0x00
core   0: 0x80000e62 (0x00008ae9) c.andi  a3, 26
core   0: 3 0x80000e62 (0x8ae9) x13 0x00000000
core   0: 0x80000e64 (0x00000001) c.nop
core   0: 3 0x80000e64 (0x0001)
core   0: 0x80000e66 (0x00000b90) c.addi4spn a2, sp, 464
core   0: 3 0x80000e66 (0x0b90) x12 0x80010cd0
core   0: 0x80000e68 (0xff228783) lb      a5, -14(t0)
core   0: 3 0x80000e68 (0xff228783) x15 0x00000060 mem 0x80011001
core   0: 0x80000e6c (0x0072cc83) lbu     s9, 7(t0)
core   0: 3 0x80000e6c (0x0072cc83) x25 0x00000000 mem 0x80011016
core   0: 0x80000e70 (0x00c28303) lb      t1, 12(t0)
core   0: 3 0x80000e70 (0x00c28303) x6  0x00000000 mem 0x8001101b
core   0: 0x80000e74 (0xff02c483) lbu     s1, -16(t0)
core   0: 3 0x80000e74 (0xff02c483) x9  0x00000000 mem 0x80010fff
core   0: 0x80000e78 (0x0002c783) lbu     a5, 0(t0)
core   0: 3 0x80000e78 (0x0002c783) x15 0x00000000 mem 0x8001100f
core   0: 0x80000e7c (0x00004c85) c.li    s9, 1
core   0: 3 0x80000e7c (0x4c85) x25 0x00000001
core   0: 0x80000e7e (0x0132a0a3) sw      s3, 1(t0)
core   0: 3 0x80000e7e (0x0132a0a3) mem 0x80011010 0x00000000
core   0: 0x80000e82 (0x72197713) andi    a4, s2, 1825
core   0: 3 0x80000e82 (0x72197713) x14 0x00000000
core   0: 0x80000e86 (0x00b2c183) lbu     gp, 11(t0)
core   0: 3 0x80000e86 (0x00b2c183) x3  0x00000000 mem 0x8001101a
core   0: 0x80000e8a (0x00528b03) lb      s6, 5(t0)
core   0: 3 0x80000e8a (0x00528b03) x22 0x00000000 mem 0x80011014
core   0: 0x80000e8e (0xffa28d83) lb      s11, -6(t0)
core   0: 3 0x80000e8e (0xffa28d83) x27 0x00000000 mem 0x80011009
core   0: 0x80000e92 (0x00a285a3) sb      a0, 11(t0)
core   0: 3 0x80000e92 (0x00a285a3) mem 0x8001101a 0xd6
core   0: 0x80000e96 (0xfea29da3) sh      a0, -5(t0)
core   0: 3 0x80000e96 (0xfea29da3) mem 0x8001100a 0x0dd6
core   0: 0x80000e9a (0xff52da83) lhu     s5, -11(t0)
core   0: 3 0x80000e9a (0xff52da83) x21 0x00000000 mem 0x80011004
core   0: 0x80000e9e (0x00000001) c.nop
core   0: 3 0x80000e9e (0x0001)
core   0: 0x80000ea0 (0x0092cb03) lbu     s6, 9(t0)
core   0: 3 0x80000ea0 (0x0092cb03) x22 0x00000000 mem 0x80011018
core   0: 0x80000ea4 (0x741d2c13) slti    s8, s10, 1857
core   0: 3 0x80000ea4 (0x741d2c13) x24 0x00000001
core   0: 0x80000ea8 (0x0152a6a3) sw      s5, 13(t0)
core   0: 3 0x80000ea8 (0x0152a6a3) mem 0x8001101c 0x00000000
core   0: 0x80000eac (0x0000863d) c.srai  a2, 15
core   0: 3 0x80000eac (0x863d) x12 0xffff0002
core   0: 0x80000eae (0x026fffb3) remu    t6, t6, t1
core   0: 3 0x80000eae (0x026fffb3) x31 0x00be874a
core   0: 0x80000eb2 (0x00000001) c.nop
core   0: 3 0x80000eb2 (0x0001)
core   0: 0x80000eb4 (0xffc28683) lb      a3, -4(t0)
core   0: 3 0x80000eb4 (0xffc28683) x13 0x0000000d mem 0x8001100b
core   0: 0x80000eb8 (0xb5867313) andi    t1, a2, -1192
core   0: 3 0x80000eb8 (0xb5867313) x6  0xffff0000
core   0: 0x80000ebc (0x00d2d683) lhu     a3, 13(t0)
core   0: 3 0x80000ebc (0x00d2d683) x13 0x00000000 mem 0x8001101c
core   0: 0x80000ec0 (0x0001af97) auipc   t6, 0x1a
core   0: 3 0x80000ec0 (0x0001af97) x31 0x8001aec0
core   0: 0x80000ec4 (0xc45f8f93) addi    t6, t6, -955
core   0: 3 0x80000ec4 (0xc45f8f93) x31 0x8001ab05
core   0: 0x80000ec8 (0x00cfc083) lbu     ra, 12(t6)
core   0: 3 0x80000ec8 (0x00cfc083) x1  0x00000000 mem 0x8001ab11
core   0: 0x80000ecc (0x00cfc483) lbu     s1, 12(t6)
core   0: 3 0x80000ecc (0x00cfc483) x9  0x00000000 mem 0x8001ab11
core   0: 0x80000ed0 (0xfe4f8ca3) sb      tp, -7(t6)
core   0: 3 0x80000ed0 (0xfe4f8ca3) mem 0x8001aafe 0x01
core   0: 0x80000ed4 (0xade06c13) ori     s8, zero, -1314
core   0: 3 0x80000ed4 (0xade06c13) x24 0xfffffade
core   0: 0x80000ed8 (0x007fc983) lbu     s3, 7(t6)
core   0: 3 0x80000ed8 (0x007fc983) x19 0x00000000 mem 0x8001ab0c
core   0: 0x80000edc (0xffdfdd83) lhu     s11, -3(t6)
core   0: 3 0x80000edc (0xffdfdd83) x27 0x00000000 mem 0x8001ab02
core   0: 0x80000ee0 (0xff9f8b23) sb      s9, -10(t6)
core   0: 3 0x80000ee0 (0xff9f8b23) mem 0x8001aafb 0x01
core   0: 0x80000ee4 (0x00bf83a3) sb      a1, 7(t6)
core   0: 3 0x80000ee4 (0x00bf83a3) mem 0x8001ab0c 0x64
core   0: 0x80000ee8 (0x00df87a3) sb      a3, 15(t6)
core   0: 3 0x80000ee8 (0x00df87a3) mem 0x8001ab14 0x00
core   0: 0x80000eec (0xffcf8003) lb      zero, -4(t6)
core   0: 3 0x80000eec (0xffcf8003) mem 0x8001ab01
core   0: 0x80000ef0 (0x035e3333) mulhu   t1, t3, s5
core   0: 3 0x80000ef0 (0x035e3333) x6  0x00000000
core   0: 0x80000ef4 (0x43a5f913) andi    s2, a1, 1082
core   0: 3 0x80000ef4 (0x43a5f913) x18 0x00000420
core   0: 0x80000ef8 (0x006f8c03) lb      s8, 6(t6)
core   0: 3 0x80000ef8 (0x006f8c03) x24 0x00000000 mem 0x8001ab0b
core   0: 0x80000efc (0x006f8e03) lb      t3, 6(t6)
core   0: 3 0x80000efc (0x006f8e03) x28 0x00000000 mem 0x8001ab0b
core   0: 0x80000f00 (0x005f8123) sb      t0, 2(t6)
core   0: 3 0x80000f00 (0x005f8123) mem 0x8001ab07 0x0f
core   0: 0x80000f04 (0x002fc303) lbu     t1, 2(t6)
core   0: 3 0x80000f04 (0x002fc303) x6  0x0000000f mem 0x8001ab07
core   0: 0x80000f08 (0xff6f98a3) sh      s6, -15(t6)
core   0: 3 0x80000f08 (0xff6f98a3) mem 0x8001aaf6 0x0000
core   0: 0x80000f0c (0xff5f88a3) sb      s5, -15(t6)
core   0: 3 0x80000f0c (0xff5f88a3) mem 0x8001aaf6 0x00
core   0: 0x80000f10 (0x00006aed) c.lui   s5, 0x1b
core   0: 3 0x80000f10 (0x6aed) x21 0x0001b000
core   0: 0x80000f12 (0xff9f8e23) sb      s9, -4(t6)
core   0: 3 0x80000f12 (0xff9f8e23) mem 0x8001ab01 0x01
core   0: 0x80000f16 (0x00010c97) auipc   s9, 0x10
core   0: 3 0x80000f16 (0x00010c97) x25 0x80010f16
core   0: 0x80000f1a (0x9edc8c93) addi    s9, s9, -1555
core   0: 3 0x80000f1a (0x9edc8c93) x25 0x80010903
core   0: 0x80000f1e (0xfffc9683) lh      a3, -1(s9)
core   0: 3 0x80000f1e (0xfffc9683) x13 0x00000000 mem 0x80010902
core   0: 0x80000f22 (0xff3cdb83) lhu     s7, -13(s9)
core   0: 3 0x80000f22 (0xff3cdb83) x23 0x00000000 mem 0x800108f6
core   0: 0x80000f26 (0xfe3c9fa3) sh      gp, -1(s9)
core   0: 3 0x80000f26 (0xfe3c9fa3) mem 0x80010902 0x0000
core   0: 0x80000f2a (0x00783bb3) sltu    s7, a6, t2
core   0: 3 0x80000f2a (0x00783bb3) x23 0x00000000
core   0: 0x80000f2e (0xfffc8d03) lb      s10, -1(s9)
core   0: 3 0x80000f2e (0xfffc8d03) x26 0x00000000 mem 0x80010902
core   0: 0x80000f32 (0x009c8823) sb      s1, 16(s9)
core   0: 3 0x80000f32 (0x009c8823) mem 0x80010913 0x00
core   0: 0x80000f36 (0x01340e33) add     t3, s0, s3
core   0: 3 0x80000f36 (0x01340e33) x28 0x80000c0c
core   0: 0x80000f3a (0x0110d033) srl     zero, ra, a7
core   0: 3 0x80000f3a (0x0110d033)
core   0: 0x80000f3e (0x008cc603) lbu     a2, 8(s9)
core   0: 3 0x80000f3e (0x008cc603) x12 0x00000000 mem 0x8001090b
core   0: 0x80000f42 (0x008c8603) lb      a2, 8(s9)
core   0: 3 0x80000f42 (0x008c8603) x12 0x00000000 mem 0x8001090b
core   0: 0x80000f46 (0x00087eb3) and     t4, a6, zero
core   0: 3 0x80000f46 (0x00087eb3) x29 0x00000000
core   0: 0x80000f4a (0xcc29bd37) lui     s10, 0xcc29b
core   0: 3 0x80000f4a (0xcc29bd37) x26 0xcc29b000
core   0: 0x80000f4e (0x00dc8d03) lb      s10, 13(s9)
core   0: 3 0x80000f4e (0x00dc8d03) x26 0x00000000 mem 0x80010910
core   0: 0x80000f52 (0x00008c2a) c.mv    s8, a0
core   0: 3 0x80000f52 (0x8c2a) x24 0x80000dd6
core   0: 0x80000f54 (0x00ac8c03) lb      s8, 10(s9)
core   0: 3 0x80000f54 (0x00ac8c03) x24 0x00000000 mem 0x8001090d
core   0: 0x80000f58 (0x010ccf83) lbu     t6, 16(s9)
core   0: 3 0x80000f58 (0x010ccf83) x31 0x00000000 mem 0x80010913
core   0: 0x80000f5c (0xfffc9003) lh      zero, -1(s9)
core   0: 3 0x80000f5c (0xfffc9003) mem 0x80010902
core   0: 0x80000f60 (0xfffcdf03) lhu     t5, -1(s9)
core   0: 3 0x80000f60 (0xfffcdf03) x30 0x00000000 mem 0x80010902
core   0: 0x80000f64 (0x0000f117) auipc   sp, 0xf
core   0: 3 0x80000f64 (0x0000f117) x2  0x8000ff64
core   0: 0x80000f68 (0x50610113) addi    sp, sp, 1286
core   0: 3 0x80000f68 (0x50610113) x2  0x8001046a
core   0: 0x80000f6c (0x00d10d83) lb      s11, 13(sp)
core   0: 3 0x80000f6c (0x00d10d83) x27 0x00000000 mem 0x80010477
core   0: 0x80000f70 (0x01410823) sb      s4, 16(sp)
core   0: 3 0x80000f70 (0x01410823) mem 0x8001047a 0x00
core   0: 0x80000f74 (0xffc11a83) lh      s5, -4(sp)
core   0: 3 0x80000f74 (0xffc11a83) x21 0x00000000 mem 0x80010466
core   0: 0x80000f78 (0xffc14383) lbu     t2, -4(sp)
core   0: 3 0x80000f78 (0xffc14383) x7  0x00000000 mem 0x80010466
core   0: 0x80000f7c (0x01911723) sh      s9, 14(sp)
core   0: 3 0x80000f7c (0x01911723) mem 0x80010478 0x0903
core   0: 0x80000f80 (0x00039033) sll     zero, t2, zero
core   0: 3 0x80000f80 (0x00039033)
core   0: 0x80000f84 (0x008105a3) sb      s0, 11(sp)
core   0: 3 0x80000f84 (0x008105a3) mem 0x80010475 0x0c
core   0: 0x80000f88 (0x00514083) lbu     ra, 5(sp)
core   0: 3 0x80000f88 (0x00514083) x1  0x00000000 mem 0x8001046f
core   0: 0x80000f8c (0x00514e03) lbu     t3, 5(sp)
core   0: 3 0x80000f8c (0x00514e03) x28 0x00000000 mem 0x8001046f
core   0: 0x80000f90 (0xff010aa3) sb      a6, -11(sp)
core   0: 3 0x80000f90 (0xff010aa3) mem 0x8001045f 0xff
core   0: 0x80000f94 (0x00212d83) lw      s11, 2(sp)
core   0: 3 0x80000f94 (0x00212d83) x27 0x00000000 mem 0x8001046c
core   0: 0x80000f98 (0x00211e03) lh      t3, 2(sp)
core   0: 3 0x80000f98 (0x00211e03) x28 0x00000000 mem 0x8001046c
core   0: 0x80000f9c (0x02d28233) mul     tp, t0, a3
core   0: 3 0x80000f9c (0x02d28233) x4  0x00000000
core   0: 0x80000fa0 (0x01410523) sb      s4, 10(sp)
core   0: 3 0x80000fa0 (0x01410523) mem 0x80010474 0x00
core   0: 0x80000fa4 (0xff210303) lb      t1, -14(sp)
core   0: 3 0x80000fa4 (0xff210303) x6  0x00000000 mem 0x8001045c
core   0: 0x80000fa8 (0x00b14903) lbu     s2, 11(sp)
core   0: 3 0x80000fa8 (0x00b14903) x18 0x0000000c mem 0x80010475
core   0: 0x80000fac (0xff110b83) lb      s7, -15(sp)
core   0: 3 0x80000fac (0xff110b83) x23 0x00000000 mem 0x8001045b
core   0: 0x80000fb0 (0xff514783) lbu     a5, -11(sp)
core   0: 3 0x80000fb0 (0xff514783) x15 0x000000ff mem 0x8001045f
core   0: 0x80000fb4 (0x00114f03) lbu     t5, 1(sp)
core   0: 3 0x80000fb4 (0x00114f03) x30 0x00000000 mem 0x8001046b
core   0: 0x80000fb8 (0xff410f83) lb      t6, -12(sp)
core   0: 3 0x80000fb8 (0xff410f83) x31 0x00000000 mem 0x8001045e
core   0: 0x80000fbc (0x00010497) auipc   s1, 0x10
core   0: 3 0x80000fbc (0x00010497) x9  0x80010fbc
core   0: 0x80000fc0 (0x54e48493) addi    s1, s1, 1358
core   0: 3 0x80000fc0 (0x54e48493) x9  0x8001150a
core   0: 0x80000fc4 (0x019484a3) sb      s9, 9(s1)
core   0: 3 0x80000fc4 (0x019484a3) mem 0x80011513 0x03
core   0: 0x80000fc8 (0x001cd413) srli    s0, s9, 1
core   0: 3 0x80000fc8 (0x001cd413) x8  0x40008481
core   0: 0x80000fcc (0x00008765) c.srai  a4, 25
core   0: 3 0x80000fcc (0x8765) x14 0x00000000
core   0: 0x80000fce (0xfd64d403) lhu     s0, -42(s1)
core   0: 3 0x80000fce (0xfd64d403) x8  0x00000000 mem 0x800114e0
core   0: 0x80000fd2 (0x00008651) c.srai  a2, 20
core   0: 3 0x80000fd2 (0x8651) x12 0x00000000
core   0: 0x80000fd4 (0x00000001) c.nop
core   0: 3 0x80000fd4 (0x0001)
core   0: 0x80000fd6 (0x02c477b3) remu    a5, s0, a2
core   0: 3 0x80000fd6 (0x02c477b3) x15 0x00000000
core   0: 0x80000fda (0x008cb733) sltu    a4, s9, s0
core   0: 3 0x80000fda (0x008cb733) x14 0x00000000
core   0: 0x80000fde (0x00008e51) c.or    a2, a2
core   0: 3 0x80000fde (0x8e51) x12 0x00000000
core   0: 0x80000fe0 (0x78da6417) auipc   s0, 0x78da6
core   0: 3 0x80000fe0 (0x78da6417) x8  0xf8da6fe0
core   0: 0x80000fe4 (0x00f46733) or      a4, s0, a5
core   0: 3 0x80000fe4 (0x00f46733) x14 0xf8da6fe0
core   0: 0x80000fe8 (0x00008f19) c.sub   a4, a4
core   0: 3 0x80000fe8 (0x8f19) x14 0x00000000
core   0: 0x80000fea (0x000087b2) c.mv    a5, a2
core   0: 3 0x80000fea (0x87b2) x15 0x00000000
core   0: 0x80000fec (0x846ab617) auipc   a2, 0x846ab
core   0: 3 0x80000fec (0x846ab617) x12 0x046abfec
core   0: 0x80000ff0 (0x00004efd) c.li    t4, 31
core   0: 3 0x80000ff0 (0x4efd) x29 0x0000001f
core   0: 0x80000ff2 (0x00008e59) c.or    a2, a4
core   0: 3 0x80000ff2 (0x8e59) x12 0x046abfec
core   0: 0x80000ff4 (0x019486a3) sb      s9, 13(s1)
core   0: 3 0x80000ff4 (0x019486a3) mem 0x80011517 0x03
core   0: 0x80000ff8 (0x03b4c403) lbu     s0, 59(s1)
core   0: 3 0x80000ff8 (0x03b4c403) x8  0x00000000 mem 0x80011545
core   0: 0x80000ffc (0xfec48783) lb      a5, -20(s1)
core   0: 3 0x80000ffc (0xfec48783) x15 0x00000000 mem 0x800114f6
core   0: 0x80001000 (0x41945cb3) sra     s9, s0, s9
core   0: 3 0x80001000 (0x41945cb3) x25 0x00000000
core   0: 0x80001004 (0x6707f793) andi    a5, a5, 1648
core   0: 3 0x80001004 (0x6707f793) x15 0x00000000
core   0: 0x80001008 (0xfcc48703) lb      a4, -52(s1)
core   0: 3 0x80001008 (0xfcc48703) x14 0x00000000 mem 0x800114d6
core   0: 0x8000100c (0x41d65433) sra     s0, a2, t4
core   0: 3 0x8000100c (0x41d65433) x8  0x00000000
core   0: 0x80001010 (0x00008ff9) c.and   a5, a4
core   0: 3 0x80001010 (0x8ff9) x15 0x00000000
core   0: 0x80001012 (0x00008fbd) c.xor   a5, a5
core   0: 3 0x80001012 (0x8fbd) x15 0x00000000
core   0: 0x80001014 (0x01948c83) lb      s9, 25(s1)
core   0: 3 0x80001014 (0x01948c83) x25 0x00000000 mem 0x80011523
core   0: 0x80001018 (0x0000074d) c.addi  a4, 19
core   0: 3 0x80001018 (0x074d) x14 0x00000013
core   0: 0x8000101a (0x000087e6) c.mv    a5, s9
core   0: 3 0x8000101a (0x87e6) x15 0x00000000
core   0: 0x8000101c (0xfe448403) lb      s0, -28(s1)
core   0: 3 0x8000101c (0xfe448403) x8  0x00000000 mem 0x800114ee
core   0: 0x80001020 (0x408c8733) sub     a4, s9, s0
core   0: 3 0x80001020 (0x408c8733) x14 0x00000000
core   0: 0x80001024 (0x03d48403) lb      s0, 61(s1)
core   0: 3 0x80001024 (0x03d48403) x8  0x00000000 mem 0x80011547
core   0: 0x80001028 (0x00008f61) c.and   a4, s0
core   0: 3 0x80001028 (0x8f61) x14 0x00000000
core   0: 0x8000102a (0x02fe9cb3) mulh    s9, t4, a5
core   0: 3 0x8000102a (0x02fe9cb3) x25 0x00000000
core   0: 0x8000102e (0xfc64c603) lbu     a2, -58(s1)
core   0: 3 0x8000102e (0xfc64c603) x12 0x00000000 mem 0x800114d0
core   0: 0x80001032 (0x00005cfd) c.li    s9, -1
core   0: 3 0x80001032 (0x5cfd) x25 0xffffffff
core   0: 0x80001034 (0x01d77cb3) and     s9, a4, t4
core   0: 3 0x80001034 (0x01d77cb3) x25 0x00000000
core   0: 0x80001038 (0x03dca433) mulhsu  s0, s9, t4
core   0: 3 0x80001038 (0x03dca433) x8  0x00000000
core   0: 0x8000103c (0x008cdc93) srli    s9, s9, 8
core   0: 3 0x8000103c (0x008cdc93) x25 0x00000000
core   0: 0x80001040 (0xfcf48c83) lb      s9, -49(s1)
core   0: 3 0x80001040 (0xfcf48c83) x25 0x00000000 mem 0x800114d9
core   0: 0x80001044 (0xc322c437) lui     s0, 0xc322c
core   0: 3 0x80001044 (0xc322c437) x8  0xc322c000
core   0: 0x80001048 (0x00008a4d) c.andi  a2, 19
core   0: 3 0x80001048 (0x8a4d) x12 0x00000000
core   0: 0x8000104a (0xff74c403) lbu     s0, -9(s1)
core   0: 3 0x8000104a (0xff74c403) x8  0x00000000 mem 0x80011501
core   0: 0x8000104e (0x0000fc17) auipc   s8, 0xf
core   0: 3 0x8000104e (0x0000fc17) x24 0x8001004e
core   0: 0x80001052 (0x020c0c13) addi    s8, s8, 32
core   0: 3 0x80001052 (0x020c0c13) x24 0x8001006e
core   0: 0x80001056 (0x011b14b3) sll     s1, s6, a7
core   0: 3 0x80001056 (0x011b14b3) x9  0x00000000
core   0: 0x8000105a (0x0180df93) srli    t6, ra, 24
core   0: 3 0x8000105a (0x0180df93) x31 0x00000000
core   0: 0x8000105e (0x622f6c93) ori     s9, t5, 1570
core   0: 3 0x8000105e (0x622f6c93) x25 0x00000622
core   0: 0x80001062 (0x00000001) c.nop
core   0: 3 0x80001062 (0x0001)
core   0: 0x80001064 (0x021bcf33) div     t5, s7, ra
core   0: 3 0x80001064 (0x021bcf33) x30 0xffffffff
core   0: 0x80001068 (0x00000a1a) c.slli  s4, 6
core   0: 3 0x80001068 (0x0a1a) x20 0x00000000
core   0: 0x8000106a (0xff3c0103) lb      sp, -13(s8)
core   0: 3 0x8000106a (0xff3c0103) x2  0x00000000 mem 0x80010061
core   0: 0x8000106e (0x0000717d) c.addi16sp sp, -16
core   0: 3 0x8000106e (0x717d) x2  0xfffffff0
core   0: 0x80001070 (0x03119cb3) mulh    s9, gp, a7
core   0: 3 0x80001070 (0x03119cb3) x25 0x00000000
core   0: 0x80001074 (0x00314733) xor     a4, sp, gp
core   0: 3 0x80001074 (0x00314733) x14 0xfffffff0
core   0: 0x80001078 (0x000082c9) c.srli  a3, 18
core   0: 3 0x80001078 (0x82c9) x13 0x00000000
core   0: 0x8000107a (0x0000597d) c.li    s2, -1
core   0: 3 0x8000107a (0x597d) x18 0xffffffff
core   0: 0x8000107c (0xff5c4b03) lbu     s6, -11(s8)
core   0: 3 0x8000107c (0xff5c4b03) x22 0x00000000 mem 0x80010063
core   0: 0x80001080 (0x332a6f13) ori     t5, s4, 818
core   0: 3 0x80001080 (0x332a6f13) x30 0x00000332
core   0: 0x80001084 (0x0207ed33) rem     s10, a5, zero
core   0: 3 0x80001084 (0x0207ed33) x26 0x00000000
core   0: 0x80001088 (0x01c5aab3) slt     s5, a1, t3
core   0: 3 0x80001088 (0x01c5aab3) x21 0x00000001
core   0: 0x8000108c (0xffcc1e03) lh      t3, -4(s8)
core   0: 3 0x8000108c (0xffcc1e03) x28 0x00000000 mem 0x8001006a
core   0: 0x80001090 (0x00008ccd) c.or    s1, a1
core   0: 3 0x80001090 (0x8ccd) x9  0x80025e64
core   0: 0x80001092 (0x00008c49) c.or    s0, a0
core   0: 3 0x80001092 (0x8c49) x8  0x80000dd6
core   0: 0x80001094 (0x008c5d83) lhu     s11, 8(s8)
core   0: 3 0x80001094 (0x008c5d83) x27 0x00000000 mem 0x80010076
core   0: 0x80001098 (0x000010fd) c.addi  ra, -1
core   0: 3 0x80001098 (0x10fd) x1  0xffffffff
core   0: 0x8000109a (0x03de1233) mulh    tp, t3, t4
core   0: 3 0x8000109a (0x03de1233) x4  0x00000000
core   0: 0x8000109e (0x00f91cb3) sll     s9, s2, a5
core   0: 3 0x8000109e (0x00f91cb3) x25 0xffffffff
core   0: 0x800010a2 (0x010c0f83) lb      t6, 16(s8)
core   0: 3 0x800010a2 (0x010c0f83) x31 0x00000000 mem 0x8001007e
core   0: 0x800010a6 (0x00005d7d) c.li    s10, -1
core   0: 3 0x800010a6 (0x5d7d) x26 0xffffffff
core   0: 0x800010a8 (0x02d9b733) mulhu   a4, s3, a3
core   0: 3 0x800010a8 (0x02d9b733) x14 0x00000000
core   0: 0x800010ac (0xff7c0003) lb      zero, -9(s8)
core   0: 3 0x800010ac (0xff7c0003) mem 0x80010065
core   0: 0x800010b0 (0xff3c0483) lb      s1, -13(s8)
core   0: 3 0x800010b0 (0xff3c0483) x9  0x00000000 mem 0x80010061
core   0: 0x800010b4 (0x032d5a33) divu    s4, s10, s2
core   0: 3 0x800010b4 (0x032d5a33) x20 0x00000001
core   0: 0x800010b8 (0x00000290) c.addi4spn a2, sp, 320
core   0: 3 0x800010b8 (0x0290) x12 0x00000130
core   0: 0x800010ba (0x000c0083) lb      ra, 0(s8)
core   0: 3 0x800010ba (0x000c0083) x1  0x00000000 mem 0x8001006e
core   0: 0x800010be (0xff8c0d23) sb      s8, -6(s8)
core   0: 3 0x800010be (0xff8c0d23) mem 0x80010068 0x6e
core   0: 0x800010c2 (0x4105d9b3) sra     s3, a1, a6
core   0: 3 0x800010c2 (0x4105d9b3) x19 0xffffffff
core   0: 0x800010c6 (0x0000717d) c.addi16sp sp, -16
core   0: 3 0x800010c6 (0x717d) x2  0xffffffe0
core   0: 0x800010c8 (0xffbc0a03) lb      s4, -5(s8)
core   0: 3 0x800010c8 (0xffbc0a03) x20 0x00000000 mem 0x80010069
core   0: 0x800010cc (0x0000f117) auipc   sp, 0xf
core   0: 3 0x800010cc (0x0000f117) x2  0x800100cc
core   0: 0x800010d0 (0x2ce10113) addi    sp, sp, 718
core   0: 3 0x800010d0 (0x2ce10113) x2  0x8001039a
core   0: 0x800010d4 (0x01dfdeb3) srl     t4, t6, t4
core   0: 3 0x800010d4 (0x01dfdeb3) x29 0x00000000
core   0: 0x800010d8 (0x8fbb5eb7) lui     t4, 0x8fbb5
core   0: 3 0x800010d8 (0x8fbb5eb7) x29 0x8fbb5000
core   0: 0x800010dc (0x00d4beb3) sltu    t4, s1, a3
core   0: 3 0x800010dc (0x00d4beb3) x29 0x00000000
core   0: 0x800010e0 (0x6a910703) lb      a4, 1705(sp)
core   0: 3 0x800010e0 (0x6a910703) x14 0x00000000 mem 0x80010a43
core   0: 0x800010e4 (0x63910683) lb      a3, 1593(sp)
core   0: 3 0x800010e4 (0x63910683) x13 0x00000000 mem 0x800109d3
core   0: 0x800010e8 (0x00d704b3) add     s1, a4, a3
core   0: 3 0x800010e8 (0x00d704b3) x9  0x00000000
core   0: 0x800010ec (0xfb710e83) lb      t4, -73(sp)
core   0: 3 0x800010ec (0xfb710e83) x29 0x00000000 mem 0x80010351
core   0: 0x800010f0 (0x0294e733) rem     a4, s1, s1
core   0: 3 0x800010f0 (0x0294e733) x14 0x00000000
core   0: 0x800010f4 (0x0000066a) c.slli  a2, 26
core   0: 3 0x800010f4 (0x066a) x12 0xc0000000
core   0: 0x800010f6 (0x067f8e93) addi    t4, t6, 103
core   0: 3 0x800010f6 (0x067f8e93) x29 0x00000067
core   0: 0x800010fa (0x0f615483) lhu     s1, 246(sp)
core   0: 3 0x800010fa (0x0f615483) x9  0x00000000 mem 0x80010490
core   0: 0x800010fe (0x01d616b3) sll     a3, a2, t4
core   0: 3 0x800010fe (0x01d616b3) x13 0x00000000
core   0: 0x80001102 (0x000082a5) c.srli  a3, 9
core   0: 3 0x80001102 (0x82a5) x13 0x00000000
core   0: 0x80001104 (0x72710f83) lb      t6, 1831(sp)
core   0: 3 0x80001104 (0x72710f83) x31 0x00000000 mem 0x80010ac1
core   0: 0x80001108 (0x25f100a3) sb      t6, 577(sp)
core   0: 3 0x80001108 (0x25f100a3) mem 0x800105db 0x00
core   0: 0x8000110c (0x00008691) c.srai  a3, 4
core   0: 3 0x8000110c (0x8691) x13 0x00000000
core   0: 0x8000110e (0x007e9613) slli    a2, t4, 7
core   0: 3 0x8000110e (0x007e9613) x12 0x00003380
core   0: 0x80001112 (0x00008c85) c.sub   s1, s1
core   0: 3 0x80001112 (0x8c85) x9  0x00000000
core   0: 0x80001114 (0x000084b6) c.mv    s1, a3
core   0: 3 0x80001114 (0x84b6) x9  0x00000000
core   0: 0x80001116 (0x22114483) lbu     s1, 545(sp)
core   0: 3 0x80001116 (0x22114483) x9  0x00000000 mem 0x800105bb
core   0: 0x8000111a (0x47f10e83) lb      t4, 1151(sp)
core   0: 3 0x8000111a (0x47f10e83) x29 0x00000000 mem 0x80010819
core   0: 0x8000111e (0x6db14f83) lbu     t6, 1755(sp)
core   0: 3 0x8000111e (0x6db14f83) x31 0x00000000 mem 0x80010a75
core   0: 0x80001122 (0x03d4bfb3) mulhu   t6, s1, t4
core   0: 3 0x80001122 (0x03d4bfb3) x31 0x00000000
core   0: 0x80001126 (0x2801e737) lui     a4, 0x2801e
core   0: 3 0x80001126 (0x2801e737) x14 0x2801e000
core   0: 0x8000112a (0x01110483) lb      s1, 17(sp)
core   0: 3 0x8000112a (0x01110483) x9  0x00000000 mem 0x800103ab
core   0: 0x8000112e (0x88f64713) xori    a4, a2, -1905
core   0: 3 0x8000112e (0x88f64713) x14 0xffffcb0f
core   0: 0x80001132 (0x00c6b4b3) sltu    s1, a3, a2
core   0: 3 0x80001132 (0x00c6b4b3) x9  0x00000001
core   0: 0x80001136 (0x00006ff1) c.lui   t6, 0x1c
core   0: 3 0x80001136 (0x6ff1) x31 0x0001c000
core   0: 0x80001138 (0x00d62633) slt     a2, a2, a3
core   0: 3 0x80001138 (0x00d62633) x12 0x00000000
core   0: 0x8000113c (0x0a410f83) lb      t6, 164(sp)
core   0: 3 0x8000113c (0x0a410f83) x31 0x00000000 mem 0x8001043e
core   0: 0x80001140 (0x00008f51) c.or    a4, a2
core   0: 3 0x80001140 (0x8f51) x14 0xffffcb0f
core   0: 0x80001142 (0x3fd6f493) andi    s1, a3, 1021
core   0: 3 0x80001142 (0x3fd6f493) x9  0x00000000
core   0: 0x80001146 (0x02c48fb3) mul     t6, s1, a2
core   0: 3 0x80001146 (0x02c48fb3) x31 0x00000000
core   0: 0x8000114a (0x66114703) lbu     a4, 1633(sp)
core   0: 3 0x8000114a (0x66114703) x14 0x00000000 mem 0x800109fb
core   0: 0x8000114e (0x1ce107a3) sb      a4, 463(sp)
core   0: 3 0x8000114e (0x1ce107a3) mem 0x80010569 0x00
core   0: 0x80001152 (0x00d49eb3) sll     t4, s1, a3
core   0: 3 0x80001152 (0x00d49eb3) x29 0x00000000
core   0: 0x80001156 (0xf1d14703) lbu     a4, -227(sp)
core   0: 3 0x80001156 (0xf1d14703) x14 0x00000000 mem 0x800102b7
core   0: 0x8000115a (0x0000469d) c.li    a3, 7
core   0: 3 0x8000115a (0x469d) x13 0x00000007
core   0: 0x8000115c (0x00008e5d) c.or    a2, a5
core   0: 3 0x8000115c (0x8e5d) x12 0x00000000
core   0: 0x8000115e (0x01b672b3) and     t0, a2, s11
core   0: 3 0x8000115e (0x01b672b3) x5  0x00000000
core   0: 0x80001162 (0x00e6ff33) and     t5, a3, a4
core   0: 3 0x80001162 (0x00e6ff33) x30 0x00000000
core   0: 0x80001166 (0x0000431d) c.li    t1, 7
core   0: 3 0x80001166 (0x431d) x6  0x00000007
core   0: 0x80001168 (0x01073633) sltu    a2, a4, a6
core   0: 3 0x80001168 (0x01073633) x12 0x00000001
core   0: 0x8000116c (0x6b4b4613) xori    a2, s6, 1716
core   0: 3 0x8000116c (0x6b4b4613) x12 0x000006b4
core   0: 0x80001170 (0x01767433) and     s0, a2, s7
core   0: 3 0x80001170 (0x01767433) x8  0x00000000
core   0: 0x80001174 (0x00008f89) c.sub   a5, a0
core   0: 3 0x80001174 (0x8f89) x15 0x7ffff22a
core   0: 0x80001176 (0x000016f1) c.addi  a3, -4
core   0: 3 0x80001176 (0x16f1) x13 0x00000003
core   0: 0x80001178 (0x016d2d33) slt     s10, s10, s6
core   0: 3 0x80001178 (0x016d2d33) x26 0x00000001
core   0: 0x8000117c (0x015deab3) or      s5, s11, s5
core   0: 3 0x8000117c (0x015deab3) x21 0x00000001
core   0: 0x80001180 (0x00801b33) sll     s6, zero, s0
core   0: 3 0x80001180 (0x00801b33) x22 0x00000000
core   0: 0x80001184 (0x000059fd) c.li    s3, -1
core   0: 3 0x80001184 (0x59fd) x19 0xffffffff
core   0: 0x80001186 (0x00008f05) c.sub   a4, s1
core   0: 3 0x80001186 (0x8f05) x14 0x00000000
core   0: 0x80001188 (0x000003da) c.slli  t2, 22
core   0: 3 0x80001188 (0x03da) x7  0x00000000
core   0: 0x8000118a (0x00004229) c.li    tp, 10
core   0: 3 0x8000118a (0x4229) x4  0x0000000a
core   0: 0x8000118c (0x0315cdb3) div     s11, a1, a7
core   0: 3 0x8000118c (0x0315cdb3) x27 0x00000001
core   0: 0x80001190 (0x316b6293) ori     t0, s6, 790
core   0: 3 0x80001190 (0x316b6293) x5  0x00000316
core   0: 0x80001194 (0x000094e6) c.add   s1, s9
core   0: 3 0x80001194 (0x94e6) x9  0xffffffff
core   0: 0x80001196 (0x00008a4e) c.mv    s4, s3
core   0: 3 0x80001196 (0x8a4e) x20 0xffffffff
core   0: 0x80001198 (0x028c0d33) mul     s10, s8, s0
core   0: 3 0x80001198 (0x028c0d33) x26 0x00000000
core   0: 0x8000119c (0x0000098d) c.addi  s3, 3
core   0: 3 0x8000119c (0x098d) x19 0x00000002
core   0: 0x8000119e (0x00000001) c.nop
core   0: 3 0x8000119e (0x0001)
core   0: 0x800011a0 (0x0245b033) mulhu   zero, a1, tp
core   0: 3 0x800011a0 (0x0245b033)
core   0: 0x800011a4 (0x016c64b3) or      s1, s8, s6
core   0: 3 0x800011a4 (0x016c64b3) x9  0x8001006e
core   0: 0x800011a8 (0x00000001) c.nop
core   0: 3 0x800011a8 (0x0001)
core   0: 0x800011aa (0x00d8cb33) xor     s6, a7, a3
core   0: 3 0x800011aa (0x00d8cb33) x22 0x80029ce7
core   0: 0x800011ae (0xfe49c3e3) blt     s3, tp, pc - 26
core   0: 3 0x800011ae (0xfe49c3e3)
core   0: 0x80001194 (0x000094e6) c.add   s1, s9
core   0: 3 0x80001194 (0x94e6) x9  0x8001006d
core   0: 0x80001196 (0x00008a4e) c.mv    s4, s3
core   0: 3 0x80001196 (0x8a4e) x20 0x00000002
core   0: 0x80001198 (0x028c0d33) mul     s10, s8, s0
core   0: 3 0x80001198 (0x028c0d33) x26 0x00000000
core   0: 0x8000119c (0x0000098d) c.addi  s3, 3
core   0: 3 0x8000119c (0x098d) x19 0x00000005
core   0: 0x8000119e (0x00000001) c.nop
core   0: 3 0x8000119e (0x0001)
core   0: 0x800011a0 (0x0245b033) mulhu   zero, a1, tp
core   0: 3 0x800011a0 (0x0245b033)
core   0: 0x800011a4 (0x016c64b3) or      s1, s8, s6
core   0: 3 0x800011a4 (0x016c64b3) x9  0x80039cef
core   0: 0x800011a8 (0x00000001) c.nop
core   0: 3 0x800011a8 (0x0001)
core   0: 0x800011aa (0x00d8cb33) xor     s6, a7, a3
core   0: 3 0x800011aa (0x00d8cb33) x22 0x80029ce7
core   0: 0x800011ae (0xfe49c3e3) blt     s3, tp, pc - 26
core   0: 3 0x800011ae (0xfe49c3e3)
core   0: 0x80001194 (0x000094e6) c.add   s1, s9
core   0: 3 0x80001194 (0x94e6) x9  0x80039cee
core   0: 0x80001196 (0x00008a4e) c.mv    s4, s3
core   0: 3 0x80001196 (0x8a4e) x20 0x00000005
core   0: 0x80001198 (0x028c0d33) mul     s10, s8, s0
core   0: 3 0x80001198 (0x028c0d33) x26 0x00000000
core   0: 0x8000119c (0x0000098d) c.addi  s3, 3
core   0: 3 0x8000119c (0x098d) x19 0x00000008
core   0: 0x8000119e (0x00000001) c.nop
core   0: 3 0x8000119e (0x0001)
core   0: 0x800011a0 (0x0245b033) mulhu   zero, a1, tp
core   0: 3 0x800011a0 (0x0245b033)
core   0: 0x800011a4 (0x016c64b3) or      s1, s8, s6
core   0: 3 0x800011a4 (0x016c64b3) x9  0x80039cef
core   0: 0x800011a8 (0x00000001) c.nop
core   0: 3 0x800011a8 (0x0001)
core   0: 0x800011aa (0x00d8cb33) xor     s6, a7, a3
core   0: 3 0x800011aa (0x00d8cb33) x22 0x80029ce7
core   0: 0x800011ae (0xfe49c3e3) blt     s3, tp, pc - 26
core   0: 3 0x800011ae (0xfe49c3e3)
core   0: 0x80001194 (0x000094e6) c.add   s1, s9
core   0: 3 0x80001194 (0x94e6) x9  0x80039cee
core   0: 0x80001196 (0x00008a4e) c.mv    s4, s3
core   0: 3 0x80001196 (0x8a4e) x20 0x00000008
core   0: 0x80001198 (0x028c0d33) mul     s10, s8, s0
core   0: 3 0x80001198 (0x028c0d33) x26 0x00000000
core   0: 0x8000119c (0x0000098d) c.addi  s3, 3
core   0: 3 0x8000119c (0x098d) x19 0x0000000b
core   0: 0x8000119e (0x00000001) c.nop
core   0: 3 0x8000119e (0x0001)
core   0: 0x800011a0 (0x0245b033) mulhu   zero, a1, tp
core   0: 3 0x800011a0 (0x0245b033)
core   0: 0x800011a4 (0x016c64b3) or      s1, s8, s6
core   0: 3 0x800011a4 (0x016c64b3) x9  0x80039cef
core   0: 0x800011a8 (0x00000001) c.nop
core   0: 3 0x800011a8 (0x0001)
core   0: 0x800011aa (0x00d8cb33) xor     s6, a7, a3
core   0: 3 0x800011aa (0x00d8cb33) x22 0x80029ce7
core   0: 0x800011ae (0xfe49c3e3) blt     s3, tp, pc - 26
core   0: 3 0x800011ae (0xfe49c3e3)
core   0: 0x800011b2 (0xfa66ffe3) bgeu    a3, t1, pc - 66
core   0: 3 0x800011b2 (0xfa66ffe3)
core   0: 0x800011b6 (0x0103a633) slt     a2, t2, a6
core   0: 3 0x800011b6 (0x0103a633) x12 0x00000001
core   0: 0x800011ba (0x00010697) auipc   a3, 0x10
core   0: 3 0x800011ba (0x00010697) x13 0x800111ba
core   0: 0x800011be (0xd9468693) addi    a3, a3, -620
core   0: 3 0x800011be (0xd9468693) x13 0x80010f4e
core   0: 0x800011c2 (0x02380b33) mul     s6, a6, gp
core   0: 3 0x800011c2 (0x02380b33) x22 0x00000000
core   0: 0x800011c6 (0x41d7df33) sra     t5, a5, t4
core   0: 3 0x800011c6 (0x41d7df33) x30 0x7ffff22a
core   0: 0x800011ca (0x00d16533) or      a0, sp, a3
core   0: 3 0x800011ca (0x00d16533) x10 0x80010fde
core   0: 0x800011ce (0x00008cf9) c.and   s1, a4
core   0: 3 0x800011ce (0x8cf9) x9  0x00000000
core   0: 0x800011d0 (0x00000384) c.addi4spn s1, sp, 448
core   0: 3 0x800011d0 (0x0384) x9  0x8001055a
core   0: 0x800011d2 (0xc1869a83) lh      s5, -1000(a3)
core   0: 3 0x800011d2 (0xc1869a83) x21 0x00000000 mem 0x80010b66
core   0: 0x800011d6 (0x00008d3d) c.xor   a0, a5
core   0: 3 0x800011d6 (0x8d3d) x10 0xfffefdf4
core   0: 0x800011d8 (0x02b87b33) remu    s6, a6, a1
core   0: 3 0x800011d8 (0x02b87b33) x22 0x77ef29ff
core   0: 0x800011dc (0x00008785) c.srai  a5, 1
core   0: 3 0x800011dc (0x8785) x15 0x3ffff915
core   0: 0x800011de (0xbf869223) sh      s8, -1052(a3)
core   0: 3 0x800011de (0xbf869223) mem 0x80010b32 0x006e
core   0: 0x800011e2 (0x95c6da83) lhu     s5, -1700(a3)
core   0: 3 0x800011e2 (0x95c6da83) x21 0x00000000 mem 0x800108aa
core   0: 0x800011e6 (0x4f61e993) ori     s3, gp, 1270
core   0: 3 0x800011e6 (0x4f61e993) x19 0x000004f6
core   0: 0x800011ea (0xd2b6cb83) lbu     s7, -725(a3)
core   0: 3 0x800011ea (0xd2b6cb83) x23 0x00000000 mem 0x80010c79
core   0: 0x800011ee (0x40d8d513) srai    a0, a7, 13
core   0: 3 0x800011ee (0x40d8d513) x10 0xfffc0014
core   0: 0x800011f2 (0x0000059c) c.addi4spn a5, sp, 704
core   0: 3 0x800011f2 (0x059c) x15 0x8001065a
core   0: 0x800011f4 (0xdd86a723) sw      s8, -562(a3)
core   0: 3 0x800011f4 (0xdd86a723) mem 0x80010d1c 0x8001006e
core   0: 0x800011f8 (0x9376c703) lbu     a4, -1737(a3)
core   0: 3 0x800011f8 (0x9376c703) x14 0x00000000 mem 0x80010885
core   0: 0x800011fc (0x000060c9) c.lui   ra, 0x12
core   0: 3 0x800011fc (0x60c9) x1  0x00012000
core   0: 0x800011fe (0x4055d9b3) sra     s3, a1, t0
core   0: 3 0x800011fe (0x4055d9b3) x19 0xfffffe00
core   0: 0x80001202 (0x000098fd) c.andi  s1, -1
core   0: 3 0x80001202 (0x98fd) x9  0x8001055a
core   0: 0x80001204 (0x00000fad) c.addi  t6, 11
core   0: 3 0x80001204 (0x0fad) x31 0x0000000b
core   0: 0x80001206 (0xe936ad23) sw      s3, -358(a3)
core   0: 3 0x80001206 (0xe936ad23) mem 0x80010de8 0xfffffe00
core   0: 0x8000120a (0xca9e3913) sltiu   s2, t3, -855
core   0: 3 0x8000120a (0xca9e3913) x18 0x00000001
core   0: 0x8000120e (0x00006139) c.addi16sp sp, 448
core   0: 3 0x8000120e (0x6139) x2  0x8001055a
core   0: 0x80001210 (0xc3c6d403) lhu     s0, -964(a3)
core   0: 3 0x80001210 (0xc3c6d403) x8  0x00000000 mem 0x80010b8a
core   0: 0x80001214 (0x8ed68783) lb      a5, -1811(a3)
core   0: 3 0x80001214 (0x8ed68783) x15 0x00000000 mem 0x8001083b
core   0: 0x80001218 (0x00009572) c.add   a0, t3
core   0: 3 0x80001218 (0x9572) x10 0xfffc0014
core   0: 0x8000121a (0x41bfda13) srai    s4, t6, 27
core   0: 3 0x8000121a (0x41bfda13) x20 0x00000000
core   0: 0x8000121e (0xcc5688a3) sb      t0, -815(a3)
core   0: 3 0x8000121e (0xcc5688a3) mem 0x80010c1f 0x16
core   0: 0x80001222 (0x7d17c313) xori    t1, a5, 2001
core   0: 3 0x80001222 (0x7d17c313) x6  0x000007d1
core   0: 0x80001226 (0xc036cf03) lbu     t5, -1021(a3)
core   0: 3 0x80001226 (0xc036cf03) x30 0x00000000 mem 0x80010b51
core   0: 0x8000122a (0xe526ac83) lw      s9, -430(a3)
core   0: 3 0x8000122a (0xe526ac83) x25 0x00000000 mem 0x80010da0
core   0: 0x8000122e (0xae56ce83) lbu     t4, -1307(a3)
core   0: 3 0x8000122e (0xae56ce83) x29 0x00000000 mem 0x80010a33
core   0: 0x80001232 (0xa6668483) lb      s1, -1434(a3)
core   0: 3 0x80001232 (0xa6668483) x9  0x00000000 mem 0x800109b4
core   0: 0x80001236 (0xcdf6c703) lbu     a4, -801(a3)
core   0: 3 0x80001236 (0xcdf6c703) x14 0x00000000 mem 0x80010c2d
core   0: 0x8000123a (0x00005359) c.li    t1, -10
core   0: 3 0x8000123a (0x5359) x6  0xfffffff6
core   0: 0x8000123c (0x01ec9e33) sll     t3, s9, t5
core   0: 3 0x8000123c (0x01ec9e33) x28 0x00000000
core   0: 0x80001240 (0x00014f33) xor     t5, sp, zero
core   0: 3 0x80001240 (0x00014f33) x30 0x8001055a
core   0: 0x80001244 (0x00004929) c.li    s2, 10
core   0: 3 0x80001244 (0x4929) x18 0x0000000a
core   0: 0x80001246 (0x40f302b3) sub     t0, t1, a5
core   0: 3 0x80001246 (0x40f302b3) x5  0xfffffff6
core   0: 0x8000124a (0xaf590b93) addi    s7, s2, -1291
core   0: 3 0x8000124a (0xaf590b93) x23 0xfffffaff
core   0: 0x8000124e (0x01067a33) and     s4, a2, a6
core   0: 3 0x8000124e (0x01067a33) x20 0x00000001
core   0: 0x80001252 (0xe37ab993) sltiu   s3, s5, -457
core   0: 3 0x80001252 (0xe37ab993) x19 0x00000001
core   0: 0x80001256 (0x00000305) c.addi  t1, 1
core   0: 3 0x80001256 (0x0305) x6  0xfffffff7
core   0: 0x80001258 (0xa2dfba93) sltiu   s5, t6, -1491
core   0: 3 0x80001258 (0xa2dfba93) x21 0x00000001
core   0: 0x8000125c (0x40b187b3) sub     a5, gp, a1
core   0: 3 0x8000125c (0x40b187b3) x15 0x7ffda19c
core   0: 0x80001260 (0x0000545d) c.li    s0, -9
core   0: 3 0x80001260 (0x545d) x8  0xfffffff7
core   0: 0x80001262 (0x000060e1) c.lui   ra, 0x18
core   0: 3 0x80001262 (0x60e1) x1  0x00018000
core   0: 0x80001264 (0x00000001) c.nop
core   0: 3 0x80001264 (0x0001)
core   0: 0x80001266 (0x00006fcd) c.lui   t6, 0x13
core   0: 3 0x80001266 (0x6fcd) x31 0x00013000
core   0: 0x80001268 (0x02625bb3) divu    s7, tp, t1
core   0: 3 0x80001268 (0x02625bb3) x23 0x00000000
core   0: 0x8000126c (0x02e4b233) mulhu   tp, s1, a4
core   0: 3 0x8000126c (0x02e4b233) x4  0x00000000
core   0: 0x80001270 (0x02b44533) div     a0, s0, a1
core   0: 3 0x80001270 (0x02b44533) x10 0x00000000
core   0: 0x80001274 (0x00c04233) xor     tp, zero, a2
core   0: 3 0x80001274 (0x00c04233) x4  0x00000001
core   0: 0x80001278 (0x00005b7d) c.li    s6, -1
core   0: 3 0x80001278 (0x5b7d) x22 0xffffffff
core   0: 0x8000127a (0x00000425) c.addi  s0, 9
core   0: 3 0x8000127a (0x0425) x8  0x00000000
core   0: 0x8000127c (0x00000001) c.nop
core   0: 3 0x8000127c (0x0001)
core   0: 0x8000127e (0x00008725) c.srai  a4, 9
core   0: 3 0x8000127e (0x8725) x14 0x00000000
core   0: 0x80001280 (0x01103f33) snez    t5, a7
core   0: 3 0x80001280 (0x01103f33) x30 0x00000001
core   0: 0x80001284 (0x0000d875) c.beqz  s0, pc - 12
core   0: 3 0x80001284 (0xd875)
core   0: 0x80001278 (0x00005b7d) c.li    s6, -1
core   0: 3 0x80001278 (0x5b7d) x22 0xffffffff
core   0: 0x8000127a (0x00000425) c.addi  s0, 9
core   0: 3 0x8000127a (0x0425) x8  0x00000009
core   0: 0x8000127c (0x00000001) c.nop
core   0: 3 0x8000127c (0x0001)
core   0: 0x8000127e (0x00008725) c.srai  a4, 9
core   0: 3 0x8000127e (0x8725) x14 0x00000000
core   0: 0x80001280 (0x01103f33) snez    t5, a7
core   0: 3 0x80001280 (0x01103f33) x30 0x00000001
core   0: 0x80001284 (0x0000d875) c.beqz  s0, pc - 12
core   0: 3 0x80001284 (0xd875)
core   0: 0x80001286 (0x0000997d) c.andi  a0, -1
core   0: 3 0x80001286 (0x997d) x10 0x00000000
core   0: 0x80001288 (0x000062b1) c.lui   t0, 0xc
core   0: 3 0x80001288 (0x62b1) x5  0x0000c000
core   0: 0x8000128a (0x01ab1793) slli    a5, s6, 26
core   0: 3 0x8000128a (0x01ab1793) x15 0xfc000000
core   0: 0x8000128e (0x023222b3) mulhsu  t0, tp, gp
core   0: 3 0x8000128e (0x023222b3) x5  0x00000000
core   0: 0x80001292 (0x0008fa33) and     s4, a7, zero
core   0: 3 0x80001292 (0x0008fa33) x20 0x00000000
core   0: 0x80001296 (0x1d13de17) auipc   t3, 0x1d13d
core   0: 3 0x80001296 (0x1d13de17) x28 0x9d13e296
core   0: 0x8000129a (0xfb2318e3) bne     t1, s2, pc - 80
core   0: 3 0x8000129a (0xfb2318e3)
core   0: 0x8000124a (0xaf590b93) addi    s7, s2, -1291
core   0: 3 0x8000124a (0xaf590b93) x23 0xfffffaff
core   0: 0x8000124e (0x01067a33) and     s4, a2, a6
core   0: 3 0x8000124e (0x01067a33) x20 0x00000001
core   0: 0x80001252 (0xe37ab993) sltiu   s3, s5, -457
core   0: 3 0x80001252 (0xe37ab993) x19 0x00000001
core   0: 0x80001256 (0x00000305) c.addi  t1, 1
core   0: 3 0x80001256 (0x0305) x6  0xfffffff8
core   0: 0x80001258 (0xa2dfba93) sltiu   s5, t6, -1491
core   0: 3 0x80001258 (0xa2dfba93) x21 0x00000001
core   0: 0x8000125c (0x40b187b3) sub     a5, gp, a1
core   0: 3 0x8000125c (0x40b187b3) x15 0x7ffda19c
core   0: 0x80001260 (0x0000545d) c.li    s0, -9
core   0: 3 0x80001260 (0x545d) x8  0xfffffff7
core   0: 0x80001262 (0x000060e1) c.lui   ra, 0x18
core   0: 3 0x80001262 (0x60e1) x1  0x00018000
core   0: 0x80001264 (0x00000001) c.nop
core   0: 3 0x80001264 (0x0001)
core   0: 0x80001266 (0x00006fcd) c.lui   t6, 0x13
core   0: 3 0x80001266 (0x6fcd) x31 0x00013000
core   0: 0x80001268 (0x02625bb3) divu    s7, tp, t1
core   0: 3 0x80001268 (0x02625bb3) x23 0x00000000
core   0: 0x8000126c (0x02e4b233) mulhu   tp, s1, a4
core   0: 3 0x8000126c (0x02e4b233) x4  0x00000000
core   0: 0x80001270 (0x02b44533) div     a0, s0, a1
core   0: 3 0x80001270 (0x02b44533) x10 0x00000000
core   0: 0x80001274 (0x00c04233) xor     tp, zero, a2
core   0: 3 0x80001274 (0x00c04233) x4  0x00000001
core   0: 0x80001278 (0x00005b7d) c.li    s6, -1
core   0: 3 0x80001278 (0x5b7d) x22 0xffffffff
core   0: 0x8000127a (0x00000425) c.addi  s0, 9
core   0: 3 0x8000127a (0x0425) x8  0x00000000
core   0: 0x8000127c (0x00000001) c.nop
core   0: 3 0x8000127c (0x0001)
core   0: 0x8000127e (0x00008725) c.srai  a4, 9
core   0: 3 0x8000127e (0x8725) x14 0x00000000
core   0: 0x80001280 (0x01103f33) snez    t5, a7
core   0: 3 0x80001280 (0x01103f33) x30 0x00000001
core   0: 0x80001284 (0x0000d875) c.beqz  s0, pc - 12
core   0: 3 0x80001284 (0xd875)
core   0: 0x80001278 (0x00005b7d) c.li    s6, -1
core   0: 3 0x80001278 (0x5b7d) x22 0xffffffff
core   0: 0x8000127a (0x00000425) c.addi  s0, 9
core   0: 3 0x8000127a (0x0425) x8  0x00000009
core   0: 0x8000127c (0x00000001) c.nop
core   0: 3 0x8000127c (0x0001)
core   0: 0x8000127e (0x00008725) c.srai  a4, 9
core   0: 3 0x8000127e (0x8725) x14 0x00000000
core   0: 0x80001280 (0x01103f33) snez    t5, a7
core   0: 3 0x80001280 (0x01103f33) x30 0x00000001
core   0: 0x80001284 (0x0000d875) c.beqz  s0, pc - 12
core   0: 3 0x80001284 (0xd875)
core   0: 0x80001286 (0x0000997d) c.andi  a0, -1
core   0: 3 0x80001286 (0x997d) x10 0x00000000
core   0: 0x80001288 (0x000062b1) c.lui   t0, 0xc
core   0: 3 0x80001288 (0x62b1) x5  0x0000c000
core   0: 0x8000128a (0x01ab1793) slli    a5, s6, 26
core   0: 3 0x8000128a (0x01ab1793) x15 0xfc000000
core   0: 0x8000128e (0x023222b3) mulhsu  t0, tp, gp
core   0: 3 0x8000128e (0x023222b3) x5  0x00000000
core   0: 0x80001292 (0x0008fa33) and     s4, a7, zero
core   0: 3 0x80001292 (0x0008fa33) x20 0x00000000
core   0: 0x80001296 (0x1d13de17) auipc   t3, 0x1d13d
core   0: 3 0x80001296 (0x1d13de17) x28 0x9d13e296
core   0: 0x8000129a (0xfb2318e3) bne     t1, s2, pc - 80
core   0: 3 0x8000129a (0xfb2318e3)
core   0: 0x8000124a (0xaf590b93) addi    s7, s2, -1291
core   0: 3 0x8000124a (0xaf590b93) x23 0xfffffaff
core   0: 0x8000124e (0x01067a33) and     s4, a2, a6
core   0: 3 0x8000124e (0x01067a33) x20 0x00000001
core   0: 0x80001252 (0xe37ab993) sltiu   s3, s5, -457
core   0: 3 0x80001252 (0xe37ab993) x19 0x00000001
core   0: 0x80001256 (0x00000305) c.addi  t1, 1
core   0: 3 0x80001256 (0x0305) x6  0xfffffff9
core   0: 0x80001258 (0xa2dfba93) sltiu   s5, t6, -1491
core   0: 3 0x80001258 (0xa2dfba93) x21 0x00000001
core   0: 0x8000125c (0x40b187b3) sub     a5, gp, a1
core   0: 3 0x8000125c (0x40b187b3) x15 0x7ffda19c
core   0: 0x80001260 (0x0000545d) c.li    s0, -9
core   0: 3 0x80001260 (0x545d) x8  0xfffffff7
core   0: 0x80001262 (0x000060e1) c.lui   ra, 0x18
core   0: 3 0x80001262 (0x60e1) x1  0x00018000
core   0: 0x80001264 (0x00000001) c.nop
core   0: 3 0x80001264 (0x0001)
core   0: 0x80001266 (0x00006fcd) c.lui   t6, 0x13
core   0: 3 0x80001266 (0x6fcd) x31 0x00013000
core   0: 0x80001268 (0x02625bb3) divu    s7, tp, t1
core   0: 3 0x80001268 (0x02625bb3) x23 0x00000000
core   0: 0x8000126c (0x02e4b233) mulhu   tp, s1, a4
core   0: 3 0x8000126c (0x02e4b233) x4  0x00000000
core   0: 0x80001270 (0x02b44533) div     a0, s0, a1
core   0: 3 0x80001270 (0x02b44533) x10 0x00000000
core   0: 0x80001274 (0x00c04233) xor     tp, zero, a2
core   0: 3 0x80001274 (0x00c04233) x4  0x00000001
core   0: 0x80001278 (0x00005b7d) c.li    s6, -1
core   0: 3 0x80001278 (0x5b7d) x22 0xffffffff
core   0: 0x8000127a (0x00000425) c.addi  s0, 9
core   0: 3 0x8000127a (0x0425) x8  0x00000000
core   0: 0x8000127c (0x00000001) c.nop
core   0: 3 0x8000127c (0x0001)
core   0: 0x8000127e (0x00008725) c.srai  a4, 9
core   0: 3 0x8000127e (0x8725) x14 0x00000000
core   0: 0x80001280 (0x01103f33) snez    t5, a7
core   0: 3 0x80001280 (0x01103f33) x30 0x00000001
core   0: 0x80001284 (0x0000d875) c.beqz  s0, pc - 12
core   0: 3 0x80001284 (0xd875)
core   0: 0x80001278 (0x00005b7d) c.li    s6, -1
core   0: 3 0x80001278 (0x5b7d) x22 0xffffffff
core   0: 0x8000127a (0x00000425) c.addi  s0, 9
core   0: 3 0x8000127a (0x0425) x8  0x00000009
core   0: 0x8000127c (0x00000001) c.nop
core   0: 3 0x8000127c (0x0001)
core   0: 0x8000127e (0x00008725) c.srai  a4, 9
core   0: 3 0x8000127e (0x8725) x14 0x00000000
core   0: 0x80001280 (0x01103f33) snez    t5, a7
core   0: 3 0x80001280 (0x01103f33) x30 0x00000001
core   0: 0x80001284 (0x0000d875) c.beqz  s0, pc - 12
core   0: 3 0x80001284 (0xd875)
core   0: 0x80001286 (0x0000997d) c.andi  a0, -1
core   0: 3 0x80001286 (0x997d) x10 0x00000000
core   0: 0x80001288 (0x000062b1) c.lui   t0, 0xc
core   0: 3 0x80001288 (0x62b1) x5  0x0000c000
core   0: 0x8000128a (0x01ab1793) slli    a5, s6, 26
core   0: 3 0x8000128a (0x01ab1793) x15 0xfc000000
core   0: 0x8000128e (0x023222b3) mulhsu  t0, tp, gp
core   0: 3 0x8000128e (0x023222b3) x5  0x00000000
core   0: 0x80001292 (0x0008fa33) and     s4, a7, zero
core   0: 3 0x80001292 (0x0008fa33) x20 0x00000000
core   0: 0x80001296 (0x1d13de17) auipc   t3, 0x1d13d
core   0: 3 0x80001296 (0x1d13de17) x28 0x9d13e296
core   0: 0x8000129a (0xfb2318e3) bne     t1, s2, pc - 80
core   0: 3 0x8000129a (0xfb2318e3)
core   0: 0x8000124a (0xaf590b93) addi    s7, s2, -1291
core   0: 3 0x8000124a (0xaf590b93) x23 0xfffffaff
core   0: 0x8000124e (0x01067a33) and     s4, a2, a6
core   0: 3 0x8000124e (0x01067a33) x20 0x00000001
core   0: 0x80001252 (0xe37ab993) sltiu   s3, s5, -457
core   0: 3 0x80001252 (0xe37ab993) x19 0x00000001
core   0: 0x80001256 (0x00000305) c.addi  t1, 1
core   0: 3 0x80001256 (0x0305) x6  0xfffffffa
core   0: 0x80001258 (0xa2dfba93) sltiu   s5, t6, -1491
core   0: 3 0x80001258 (0xa2dfba93) x21 0x00000001
core   0: 0x8000125c (0x40b187b3) sub     a5, gp, a1
core   0: 3 0x8000125c (0x40b187b3) x15 0x7ffda19c
core   0: 0x80001260 (0x0000545d) c.li    s0, -9
core   0: 3 0x80001260 (0x545d) x8  0xfffffff7
core   0: 0x80001262 (0x000060e1) c.lui   ra, 0x18
core   0: 3 0x80001262 (0x60e1) x1  0x00018000
core   0: 0x80001264 (0x00000001) c.nop
core   0: 3 0x80001264 (0x0001)
core   0: 0x80001266 (0x00006fcd) c.lui   t6, 0x13
core   0: 3 0x80001266 (0x6fcd) x31 0x00013000
core   0: 0x80001268 (0x02625bb3) divu    s7, tp, t1
core   0: 3 0x80001268 (0x02625bb3) x23 0x00000000
core   0: 0x8000126c (0x02e4b233) mulhu   tp, s1, a4
core   0: 3 0x8000126c (0x02e4b233) x4  0x00000000
core   0: 0x80001270 (0x02b44533) div     a0, s0, a1
core   0: 3 0x80001270 (0x02b44533) x10 0x00000000
core   0: 0x80001274 (0x00c04233) xor     tp, zero, a2
core   0: 3 0x80001274 (0x00c04233) x4  0x00000001
core   0: 0x80001278 (0x00005b7d) c.li    s6, -1
core   0: 3 0x80001278 (0x5b7d) x22 0xffffffff
core   0: 0x8000127a (0x00000425) c.addi  s0, 9
core   0: 3 0x8000127a (0x0425) x8  0x00000000
core   0: 0x8000127c (0x00000001) c.nop
core   0: 3 0x8000127c (0x0001)
core   0: 0x8000127e (0x00008725) c.srai  a4, 9
core   0: 3 0x8000127e (0x8725) x14 0x00000000
core   0: 0x80001280 (0x01103f33) snez    t5, a7
core   0: 3 0x80001280 (0x01103f33) x30 0x00000001
core   0: 0x80001284 (0x0000d875) c.beqz  s0, pc - 12
core   0: 3 0x80001284 (0xd875)
core   0: 0x80001278 (0x00005b7d) c.li    s6, -1
core   0: 3 0x80001278 (0x5b7d) x22 0xffffffff
core   0: 0x8000127a (0x00000425) c.addi  s0, 9
core   0: 3 0x8000127a (0x0425) x8  0x00000009
core   0: 0x8000127c (0x00000001) c.nop
core   0: 3 0x8000127c (0x0001)
core   0: 0x8000127e (0x00008725) c.srai  a4, 9
core   0: 3 0x8000127e (0x8725) x14 0x00000000
core   0: 0x80001280 (0x01103f33) snez    t5, a7
core   0: 3 0x80001280 (0x01103f33) x30 0x00000001
core   0: 0x80001284 (0x0000d875) c.beqz  s0, pc - 12
core   0: 3 0x80001284 (0xd875)
core   0: 0x80001286 (0x0000997d) c.andi  a0, -1
core   0: 3 0x80001286 (0x997d) x10 0x00000000
core   0: 0x80001288 (0x000062b1) c.lui   t0, 0xc
core   0: 3 0x80001288 (0x62b1) x5  0x0000c000
core   0: 0x8000128a (0x01ab1793) slli    a5, s6, 26
core   0: 3 0x8000128a (0x01ab1793) x15 0xfc000000
core   0: 0x8000128e (0x023222b3) mulhsu  t0, tp, gp
core   0: 3 0x8000128e (0x023222b3) x5  0x00000000
core   0: 0x80001292 (0x0008fa33) and     s4, a7, zero
core   0: 3 0x80001292 (0x0008fa33) x20 0x00000000
core   0: 0x80001296 (0x1d13de17) auipc   t3, 0x1d13d
core   0: 3 0x80001296 (0x1d13de17) x28 0x9d13e296
core   0: 0x8000129a (0xfb2318e3) bne     t1, s2, pc - 80
core   0: 3 0x8000129a (0xfb2318e3)
core   0: 0x8000124a (0xaf590b93) addi    s7, s2, -1291
core   0: 3 0x8000124a (0xaf590b93) x23 0xfffffaff
core   0: 0x8000124e (0x01067a33) and     s4, a2, a6
core   0: 3 0x8000124e (0x01067a33) x20 0x00000001
core   0: 0x80001252 (0xe37ab993) sltiu   s3, s5, -457
core   0: 3 0x80001252 (0xe37ab993) x19 0x00000001
core   0: 0x80001256 (0x00000305) c.addi  t1, 1
core   0: 3 0x80001256 (0x0305) x6  0xfffffffb
core   0: 0x80001258 (0xa2dfba93) sltiu   s5, t6, -1491
core   0: 3 0x80001258 (0xa2dfba93) x21 0x00000001
core   0: 0x8000125c (0x40b187b3) sub     a5, gp, a1
core   0: 3 0x8000125c (0x40b187b3) x15 0x7ffda19c
core   0: 0x80001260 (0x0000545d) c.li    s0, -9
core   0: 3 0x80001260 (0x545d) x8  0xfffffff7
core   0: 0x80001262 (0x000060e1) c.lui   ra, 0x18
core   0: 3 0x80001262 (0x60e1) x1  0x00018000
core   0: 0x80001264 (0x00000001) c.nop
core   0: 3 0x80001264 (0x0001)
core   0: 0x80001266 (0x00006fcd) c.lui   t6, 0x13
core   0: 3 0x80001266 (0x6fcd) x31 0x00013000
core   0: 0x80001268 (0x02625bb3) divu    s7, tp, t1
core   0: 3 0x80001268 (0x02625bb3) x23 0x00000000
core   0: 0x8000126c (0x02e4b233) mulhu   tp, s1, a4
core   0: 3 0x8000126c (0x02e4b233) x4  0x00000000
core   0: 0x80001270 (0x02b44533) div     a0, s0, a1
core   0: 3 0x80001270 (0x02b44533) x10 0x00000000
core   0: 0x80001274 (0x00c04233) xor     tp, zero, a2
core   0: 3 0x80001274 (0x00c04233) x4  0x00000001
core   0: 0x80001278 (0x00005b7d) c.li    s6, -1
core   0: 3 0x80001278 (0x5b7d) x22 0xffffffff
core   0: 0x8000127a (0x00000425) c.addi  s0, 9
core   0: 3 0x8000127a (0x0425) x8  0x00000000
core   0: 0x8000127c (0x00000001) c.nop
core   0: 3 0x8000127c (0x0001)
core   0: 0x8000127e (0x00008725) c.srai  a4, 9
core   0: 3 0x8000127e (0x8725) x14 0x00000000
core   0: 0x80001280 (0x01103f33) snez    t5, a7
core   0: 3 0x80001280 (0x01103f33) x30 0x00000001
core   0: 0x80001284 (0x0000d875) c.beqz  s0, pc - 12
core   0: 3 0x80001284 (0xd875)
core   0: 0x80001278 (0x00005b7d) c.li    s6, -1
core   0: 3 0x80001278 (0x5b7d) x22 0xffffffff
core   0: 0x8000127a (0x00000425) c.addi  s0, 9
core   0: 3 0x8000127a (0x0425) x8  0x00000009
core   0: 0x8000127c (0x00000001) c.nop
core   0: 3 0x8000127c (0x0001)
core   0: 0x8000127e (0x00008725) c.srai  a4, 9
core   0: 3 0x8000127e (0x8725) x14 0x00000000
core   0: 0x80001280 (0x01103f33) snez    t5, a7
core   0: 3 0x80001280 (0x01103f33) x30 0x00000001
core   0: 0x80001284 (0x0000d875) c.beqz  s0, pc - 12
core   0: 3 0x80001284 (0xd875)
core   0: 0x80001286 (0x0000997d) c.andi  a0, -1
core   0: 3 0x80001286 (0x997d) x10 0x00000000
core   0: 0x80001288 (0x000062b1) c.lui   t0, 0xc
core   0: 3 0x80001288 (0x62b1) x5  0x0000c000
core   0: 0x8000128a (0x01ab1793) slli    a5, s6, 26
core   0: 3 0x8000128a (0x01ab1793) x15 0xfc000000
core   0: 0x8000128e (0x023222b3) mulhsu  t0, tp, gp
core   0: 3 0x8000128e (0x023222b3) x5  0x00000000
core   0: 0x80001292 (0x0008fa33) and     s4, a7, zero
core   0: 3 0x80001292 (0x0008fa33) x20 0x00000000
core   0: 0x80001296 (0x1d13de17) auipc   t3, 0x1d13d
core   0: 3 0x80001296 (0x1d13de17) x28 0x9d13e296
core   0: 0x8000129a (0xfb2318e3) bne     t1, s2, pc - 80
core   0: 3 0x8000129a (0xfb2318e3)
core   0: 0x8000124a (0xaf590b93) addi    s7, s2, -1291
core   0: 3 0x8000124a (0xaf590b93) x23 0xfffffaff
core   0: 0x8000124e (0x01067a33) and     s4, a2, a6
core   0: 3 0x8000124e (0x01067a33) x20 0x00000001
core   0: 0x80001252 (0xe37ab993) sltiu   s3, s5, -457
core   0: 3 0x80001252 (0xe37ab993) x19 0x00000001
core   0: 0x80001256 (0x00000305) c.addi  t1, 1
core   0: 3 0x80001256 (0x0305) x6  0xfffffffc
core   0: 0x80001258 (0xa2dfba93) sltiu   s5, t6, -1491
core   0: 3 0x80001258 (0xa2dfba93) x21 0x00000001
core   0: 0x8000125c (0x40b187b3) sub     a5, gp, a1
core   0: 3 0x8000125c (0x40b187b3) x15 0x7ffda19c
core   0: 0x80001260 (0x0000545d) c.li    s0, -9
core   0: 3 0x80001260 (0x545d) x8  0xfffffff7
core   0: 0x80001262 (0x000060e1) c.lui   ra, 0x18
core   0: 3 0x80001262 (0x60e1) x1  0x00018000
core   0: 0x80001264 (0x00000001) c.nop
core   0: 3 0x80001264 (0x0001)
core   0: 0x80001266 (0x00006fcd) c.lui   t6, 0x13
core   0: 3 0x80001266 (0x6fcd) x31 0x00013000
core   0: 0x80001268 (0x02625bb3) divu    s7, tp, t1
core   0: 3 0x80001268 (0x02625bb3) x23 0x00000000
core   0: 0x8000126c (0x02e4b233) mulhu   tp, s1, a4
core   0: 3 0x8000126c (0x02e4b233) x4  0x00000000
core   0: 0x80001270 (0x02b44533) div     a0, s0, a1
core   0: 3 0x80001270 (0x02b44533) x10 0x00000000
core   0: 0x80001274 (0x00c04233) xor     tp, zero, a2
core   0: 3 0x80001274 (0x00c04233) x4  0x00000001
core   0: 0x80001278 (0x00005b7d) c.li    s6, -1
core   0: 3 0x80001278 (0x5b7d) x22 0xffffffff
core   0: 0x8000127a (0x00000425) c.addi  s0, 9
core   0: 3 0x8000127a (0x0425) x8  0x00000000
core   0: 0x8000127c (0x00000001) c.nop
core   0: 3 0x8000127c (0x0001)
core   0: 0x8000127e (0x00008725) c.srai  a4, 9
core   0: 3 0x8000127e (0x8725) x14 0x00000000
core   0: 0x80001280 (0x01103f33) snez    t5, a7
core   0: 3 0x80001280 (0x01103f33) x30 0x00000001
core   0: 0x80001284 (0x0000d875) c.beqz  s0, pc - 12
core   0: 3 0x80001284 (0xd875)
core   0: 0x80001278 (0x00005b7d) c.li    s6, -1
core   0: 3 0x80001278 (0x5b7d) x22 0xffffffff
core   0: 0x8000127a (0x00000425) c.addi  s0, 9
core   0: 3 0x8000127a (0x0425) x8  0x00000009
core   0: 0x8000127c (0x00000001) c.nop
core   0: 3 0x8000127c (0x0001)
core   0: 0x8000127e (0x00008725) c.srai  a4, 9
core   0: 3 0x8000127e (0x8725) x14 0x00000000
core   0: 0x80001280 (0x01103f33) snez    t5, a7
core   0: 3 0x80001280 (0x01103f33) x30 0x00000001
core   0: 0x80001284 (0x0000d875) c.beqz  s0, pc - 12
core   0: 3 0x80001284 (0xd875)
core   0: 0x80001286 (0x0000997d) c.andi  a0, -1
core   0: 3 0x80001286 (0x997d) x10 0x00000000
core   0: 0x80001288 (0x000062b1) c.lui   t0, 0xc
core   0: 3 0x80001288 (0x62b1) x5  0x0000c000
core   0: 0x8000128a (0x01ab1793) slli    a5, s6, 26
core   0: 3 0x8000128a (0x01ab1793) x15 0xfc000000
core   0: 0x8000128e (0x023222b3) mulhsu  t0, tp, gp
core   0: 3 0x8000128e (0x023222b3) x5  0x00000000
core   0: 0x80001292 (0x0008fa33) and     s4, a7, zero
core   0: 3 0x80001292 (0x0008fa33) x20 0x00000000
core   0: 0x80001296 (0x1d13de17) auipc   t3, 0x1d13d
core   0: 3 0x80001296 (0x1d13de17) x28 0x9d13e296
core   0: 0x8000129a (0xfb2318e3) bne     t1, s2, pc - 80
core   0: 3 0x8000129a (0xfb2318e3)
core   0: 0x8000124a (0xaf590b93) addi    s7, s2, -1291
core   0: 3 0x8000124a (0xaf590b93) x23 0xfffffaff
core   0: 0x8000124e (0x01067a33) and     s4, a2, a6
core   0: 3 0x8000124e (0x01067a33) x20 0x00000001
core   0: 0x80001252 (0xe37ab993) sltiu   s3, s5, -457
core   0: 3 0x80001252 (0xe37ab993) x19 0x00000001
core   0: 0x80001256 (0x00000305) c.addi  t1, 1
core   0: 3 0x80001256 (0x0305) x6  0xfffffffd
core   0: 0x80001258 (0xa2dfba93) sltiu   s5, t6, -1491
core   0: 3 0x80001258 (0xa2dfba93) x21 0x00000001
core   0: 0x8000125c (0x40b187b3) sub     a5, gp, a1
core   0: 3 0x8000125c (0x40b187b3) x15 0x7ffda19c
core   0: 0x80001260 (0x0000545d) c.li    s0, -9
core   0: 3 0x80001260 (0x545d) x8  0xfffffff7
core   0: 0x80001262 (0x000060e1) c.lui   ra, 0x18
core   0: 3 0x80001262 (0x60e1) x1  0x00018000
core   0: 0x80001264 (0x00000001) c.nop
core   0: 3 0x80001264 (0x0001)
core   0: 0x80001266 (0x00006fcd) c.lui   t6, 0x13
core   0: 3 0x80001266 (0x6fcd) x31 0x00013000
core   0: 0x80001268 (0x02625bb3) divu    s7, tp, t1
core   0: 3 0x80001268 (0x02625bb3) x23 0x00000000
core   0: 0x8000126c (0x02e4b233) mulhu   tp, s1, a4
core   0: 3 0x8000126c (0x02e4b233) x4  0x00000000
core   0: 0x80001270 (0x02b44533) div     a0, s0, a1
core   0: 3 0x80001270 (0x02b44533) x10 0x00000000
core   0: 0x80001274 (0x00c04233) xor     tp, zero, a2
core   0: 3 0x80001274 (0x00c04233) x4  0x00000001
core   0: 0x80001278 (0x00005b7d) c.li    s6, -1
core   0: 3 0x80001278 (0x5b7d) x22 0xffffffff
core   0: 0x8000127a (0x00000425) c.addi  s0, 9
core   0: 3 0x8000127a (0x0425) x8  0x00000000
core   0: 0x8000127c (0x00000001) c.nop
core   0: 3 0x8000127c (0x0001)
core   0: 0x8000127e (0x00008725) c.srai  a4, 9
core   0: 3 0x8000127e (0x8725) x14 0x00000000
core   0: 0x80001280 (0x01103f33) snez    t5, a7
core   0: 3 0x80001280 (0x01103f33) x30 0x00000001
core   0: 0x80001284 (0x0000d875) c.beqz  s0, pc - 12
core   0: 3 0x80001284 (0xd875)
core   0: 0x80001278 (0x00005b7d) c.li    s6, -1
core   0: 3 0x80001278 (0x5b7d) x22 0xffffffff
core   0: 0x8000127a (0x00000425) c.addi  s0, 9
core   0: 3 0x8000127a (0x0425) x8  0x00000009
core   0: 0x8000127c (0x00000001) c.nop
core   0: 3 0x8000127c (0x0001)
core   0: 0x8000127e (0x00008725) c.srai  a4, 9
core   0: 3 0x8000127e (0x8725) x14 0x00000000
core   0: 0x80001280 (0x01103f33) snez    t5, a7
core   0: 3 0x80001280 (0x01103f33) x30 0x00000001
core   0: 0x80001284 (0x0000d875) c.beqz  s0, pc - 12
core   0: 3 0x80001284 (0xd875)
core   0: 0x80001286 (0x0000997d) c.andi  a0, -1
core   0: 3 0x80001286 (0x997d) x10 0x00000000
core   0: 0x80001288 (0x000062b1) c.lui   t0, 0xc
core   0: 3 0x80001288 (0x62b1) x5  0x0000c000
core   0: 0x8000128a (0x01ab1793) slli    a5, s6, 26
core   0: 3 0x8000128a (0x01ab1793) x15 0xfc000000
core   0: 0x8000128e (0x023222b3) mulhsu  t0, tp, gp
core   0: 3 0x8000128e (0x023222b3) x5  0x00000000
core   0: 0x80001292 (0x0008fa33) and     s4, a7, zero
core   0: 3 0x80001292 (0x0008fa33) x20 0x00000000
core   0: 0x80001296 (0x1d13de17) auipc   t3, 0x1d13d
core   0: 3 0x80001296 (0x1d13de17) x28 0x9d13e296
core   0: 0x8000129a (0xfb2318e3) bne     t1, s2, pc - 80
core   0: 3 0x8000129a (0xfb2318e3)
core   0: 0x8000124a (0xaf590b93) addi    s7, s2, -1291
core   0: 3 0x8000124a (0xaf590b93) x23 0xfffffaff
core   0: 0x8000124e (0x01067a33) and     s4, a2, a6
core   0: 3 0x8000124e (0x01067a33) x20 0x00000001
core   0: 0x80001252 (0xe37ab993) sltiu   s3, s5, -457
core   0: 3 0x80001252 (0xe37ab993) x19 0x00000001
core   0: 0x80001256 (0x00000305) c.addi  t1, 1
core   0: 3 0x80001256 (0x0305) x6  0xfffffffe
core   0: 0x80001258 (0xa2dfba93) sltiu   s5, t6, -1491
core   0: 3 0x80001258 (0xa2dfba93) x21 0x00000001
core   0: 0x8000125c (0x40b187b3) sub     a5, gp, a1
core   0: 3 0x8000125c (0x40b187b3) x15 0x7ffda19c
core   0: 0x80001260 (0x0000545d) c.li    s0, -9
core   0: 3 0x80001260 (0x545d) x8  0xfffffff7
core   0: 0x80001262 (0x000060e1) c.lui   ra, 0x18
core   0: 3 0x80001262 (0x60e1) x1  0x00018000
core   0: 0x80001264 (0x00000001) c.nop
core   0: 3 0x80001264 (0x0001)
core   0: 0x80001266 (0x00006fcd) c.lui   t6, 0x13
core   0: 3 0x80001266 (0x6fcd) x31 0x00013000
core   0: 0x80001268 (0x02625bb3) divu    s7, tp, t1
core   0: 3 0x80001268 (0x02625bb3) x23 0x00000000
core   0: 0x8000126c (0x02e4b233) mulhu   tp, s1, a4
core   0: 3 0x8000126c (0x02e4b233) x4  0x00000000
core   0: 0x80001270 (0x02b44533) div     a0, s0, a1
core   0: 3 0x80001270 (0x02b44533) x10 0x00000000
core   0: 0x80001274 (0x00c04233) xor     tp, zero, a2
core   0: 3 0x80001274 (0x00c04233) x4  0x00000001
core   0: 0x80001278 (0x00005b7d) c.li    s6, -1
core   0: 3 0x80001278 (0x5b7d) x22 0xffffffff
core   0: 0x8000127a (0x00000425) c.addi  s0, 9
core   0: 3 0x8000127a (0x0425) x8  0x00000000
core   0: 0x8000127c (0x00000001) c.nop
core   0: 3 0x8000127c (0x0001)
core   0: 0x8000127e (0x00008725) c.srai  a4, 9
core   0: 3 0x8000127e (0x8725) x14 0x00000000
core   0: 0x80001280 (0x01103f33) snez    t5, a7
core   0: 3 0x80001280 (0x01103f33) x30 0x00000001
core   0: 0x80001284 (0x0000d875) c.beqz  s0, pc - 12
core   0: 3 0x80001284 (0xd875)
core   0: 0x80001278 (0x00005b7d) c.li    s6, -1
core   0: 3 0x80001278 (0x5b7d) x22 0xffffffff
core   0: 0x8000127a (0x00000425) c.addi  s0, 9
core   0: 3 0x8000127a (0x0425) x8  0x00000009
core   0: 0x8000127c (0x00000001) c.nop
core   0: 3 0x8000127c (0x0001)
core   0: 0x8000127e (0x00008725) c.srai  a4, 9
core   0: 3 0x8000127e (0x8725) x14 0x00000000
core   0: 0x80001280 (0x01103f33) snez    t5, a7
core   0: 3 0x80001280 (0x01103f33) x30 0x00000001
core   0: 0x80001284 (0x0000d875) c.beqz  s0, pc - 12
core   0: 3 0x80001284 (0xd875)
core   0: 0x80001286 (0x0000997d) c.andi  a0, -1
core   0: 3 0x80001286 (0x997d) x10 0x00000000
core   0: 0x80001288 (0x000062b1) c.lui   t0, 0xc
core   0: 3 0x80001288 (0x62b1) x5  0x0000c000
core   0: 0x8000128a (0x01ab1793) slli    a5, s6, 26
core   0: 3 0x8000128a (0x01ab1793) x15 0xfc000000
core   0: 0x8000128e (0x023222b3) mulhsu  t0, tp, gp
core   0: 3 0x8000128e (0x023222b3) x5  0x00000000
core   0: 0x80001292 (0x0008fa33) and     s4, a7, zero
core   0: 3 0x80001292 (0x0008fa33) x20 0x00000000
core   0: 0x80001296 (0x1d13de17) auipc   t3, 0x1d13d
core   0: 3 0x80001296 (0x1d13de17) x28 0x9d13e296
core   0: 0x8000129a (0xfb2318e3) bne     t1, s2, pc - 80
core   0: 3 0x8000129a (0xfb2318e3)
core   0: 0x8000124a (0xaf590b93) addi    s7, s2, -1291
core   0: 3 0x8000124a (0xaf590b93) x23 0xfffffaff
core   0: 0x8000124e (0x01067a33) and     s4, a2, a6
core   0: 3 0x8000124e (0x01067a33) x20 0x00000001
core   0: 0x80001252 (0xe37ab993) sltiu   s3, s5, -457
core   0: 3 0x80001252 (0xe37ab993) x19 0x00000001
core   0: 0x80001256 (0x00000305) c.addi  t1, 1
core   0: 3 0x80001256 (0x0305) x6  0xffffffff
core   0: 0x80001258 (0xa2dfba93) sltiu   s5, t6, -1491
core   0: 3 0x80001258 (0xa2dfba93) x21 0x00000001
core   0: 0x8000125c (0x40b187b3) sub     a5, gp, a1
core   0: 3 0x8000125c (0x40b187b3) x15 0x7ffda19c
core   0: 0x80001260 (0x0000545d) c.li    s0, -9
core   0: 3 0x80001260 (0x545d) x8  0xfffffff7
core   0: 0x80001262 (0x000060e1) c.lui   ra, 0x18
core   0: 3 0x80001262 (0x60e1) x1  0x00018000
core   0: 0x80001264 (0x00000001) c.nop
core   0: 3 0x80001264 (0x0001)
core   0: 0x80001266 (0x00006fcd) c.lui   t6, 0x13
core   0: 3 0x80001266 (0x6fcd) x31 0x00013000
core   0: 0x80001268 (0x02625bb3) divu    s7, tp, t1
core   0: 3 0x80001268 (0x02625bb3) x23 0x00000000
core   0: 0x8000126c (0x02e4b233) mulhu   tp, s1, a4
core   0: 3 0x8000126c (0x02e4b233) x4  0x00000000
core   0: 0x80001270 (0x02b44533) div     a0, s0, a1
core   0: 3 0x80001270 (0x02b44533) x10 0x00000000
core   0: 0x80001274 (0x00c04233) xor     tp, zero, a2
core   0: 3 0x80001274 (0x00c04233) x4  0x00000001
core   0: 0x80001278 (0x00005b7d) c.li    s6, -1
core   0: 3 0x80001278 (0x5b7d) x22 0xffffffff
core   0: 0x8000127a (0x00000425) c.addi  s0, 9
core   0: 3 0x8000127a (0x0425) x8  0x00000000
core   0: 0x8000127c (0x00000001) c.nop
core   0: 3 0x8000127c (0x0001)
core   0: 0x8000127e (0x00008725) c.srai  a4, 9
core   0: 3 0x8000127e (0x8725) x14 0x00000000
core   0: 0x80001280 (0x01103f33) snez    t5, a7
core   0: 3 0x80001280 (0x01103f33) x30 0x00000001
core   0: 0x80001284 (0x0000d875) c.beqz  s0, pc - 12
core   0: 3 0x80001284 (0xd875)
core   0: 0x80001278 (0x00005b7d) c.li    s6, -1
core   0: 3 0x80001278 (0x5b7d) x22 0xffffffff
core   0: 0x8000127a (0x00000425) c.addi  s0, 9
core   0: 3 0x8000127a (0x0425) x8  0x00000009
core   0: 0x8000127c (0x00000001) c.nop
core   0: 3 0x8000127c (0x0001)
core   0: 0x8000127e (0x00008725) c.srai  a4, 9
core   0: 3 0x8000127e (0x8725) x14 0x00000000
core   0: 0x80001280 (0x01103f33) snez    t5, a7
core   0: 3 0x80001280 (0x01103f33) x30 0x00000001
core   0: 0x80001284 (0x0000d875) c.beqz  s0, pc - 12
core   0: 3 0x80001284 (0xd875)
core   0: 0x80001286 (0x0000997d) c.andi  a0, -1
core   0: 3 0x80001286 (0x997d) x10 0x00000000
core   0: 0x80001288 (0x000062b1) c.lui   t0, 0xc
core   0: 3 0x80001288 (0x62b1) x5  0x0000c000
core   0: 0x8000128a (0x01ab1793) slli    a5, s6, 26
core   0: 3 0x8000128a (0x01ab1793) x15 0xfc000000
core   0: 0x8000128e (0x023222b3) mulhsu  t0, tp, gp
core   0: 3 0x8000128e (0x023222b3) x5  0x00000000
core   0: 0x80001292 (0x0008fa33) and     s4, a7, zero
core   0: 3 0x80001292 (0x0008fa33) x20 0x00000000
core   0: 0x80001296 (0x1d13de17) auipc   t3, 0x1d13d
core   0: 3 0x80001296 (0x1d13de17) x28 0x9d13e296
core   0: 0x8000129a (0xfb2318e3) bne     t1, s2, pc - 80
core   0: 3 0x8000129a (0xfb2318e3)
core   0: 0x8000124a (0xaf590b93) addi    s7, s2, -1291
core   0: 3 0x8000124a (0xaf590b93) x23 0xfffffaff
core   0: 0x8000124e (0x01067a33) and     s4, a2, a6
core   0: 3 0x8000124e (0x01067a33) x20 0x00000001
core   0: 0x80001252 (0xe37ab993) sltiu   s3, s5, -457
core   0: 3 0x80001252 (0xe37ab993) x19 0x00000001
core   0: 0x80001256 (0x00000305) c.addi  t1, 1
core   0: 3 0x80001256 (0x0305) x6  0x00000000
core   0: 0x80001258 (0xa2dfba93) sltiu   s5, t6, -1491
core   0: 3 0x80001258 (0xa2dfba93) x21 0x00000001
core   0: 0x8000125c (0x40b187b3) sub     a5, gp, a1
core   0: 3 0x8000125c (0x40b187b3) x15 0x7ffda19c
core   0: 0x80001260 (0x0000545d) c.li    s0, -9
core   0: 3 0x80001260 (0x545d) x8  0xfffffff7
core   0: 0x80001262 (0x000060e1) c.lui   ra, 0x18
core   0: 3 0x80001262 (0x60e1) x1  0x00018000
core   0: 0x80001264 (0x00000001) c.nop
core   0: 3 0x80001264 (0x0001)
core   0: 0x80001266 (0x00006fcd) c.lui   t6, 0x13
core   0: 3 0x80001266 (0x6fcd) x31 0x00013000
core   0: 0x80001268 (0x02625bb3) divu    s7, tp, t1
core   0: 3 0x80001268 (0x02625bb3) x23 0xffffffff
core   0: 0x8000126c (0x02e4b233) mulhu   tp, s1, a4
core   0: 3 0x8000126c (0x02e4b233) x4  0x00000000
core   0: 0x80001270 (0x02b44533) div     a0, s0, a1
core   0: 3 0x80001270 (0x02b44533) x10 0x00000000
core   0: 0x80001274 (0x00c04233) xor     tp, zero, a2
core   0: 3 0x80001274 (0x00c04233) x4  0x00000001
core   0: 0x80001278 (0x00005b7d) c.li    s6, -1
core   0: 3 0x80001278 (0x5b7d) x22 0xffffffff
core   0: 0x8000127a (0x00000425) c.addi  s0, 9
core   0: 3 0x8000127a (0x0425) x8  0x00000000
core   0: 0x8000127c (0x00000001) c.nop
core   0: 3 0x8000127c (0x0001)
core   0: 0x8000127e (0x00008725) c.srai  a4, 9
core   0: 3 0x8000127e (0x8725) x14 0x00000000
core   0: 0x80001280 (0x01103f33) snez    t5, a7
core   0: 3 0x80001280 (0x01103f33) x30 0x00000001
core   0: 0x80001284 (0x0000d875) c.beqz  s0, pc - 12
core   0: 3 0x80001284 (0xd875)
core   0: 0x80001278 (0x00005b7d) c.li    s6, -1
core   0: 3 0x80001278 (0x5b7d) x22 0xffffffff
core   0: 0x8000127a (0x00000425) c.addi  s0, 9
core   0: 3 0x8000127a (0x0425) x8  0x00000009
core   0: 0x8000127c (0x00000001) c.nop
core   0: 3 0x8000127c (0x0001)
core   0: 0x8000127e (0x00008725) c.srai  a4, 9
core   0: 3 0x8000127e (0x8725) x14 0x00000000
core   0: 0x80001280 (0x01103f33) snez    t5, a7
core   0: 3 0x80001280 (0x01103f33) x30 0x00000001
core   0: 0x80001284 (0x0000d875) c.beqz  s0, pc - 12
core   0: 3 0x80001284 (0xd875)
core   0: 0x80001286 (0x0000997d) c.andi  a0, -1
core   0: 3 0x80001286 (0x997d) x10 0x00000000
core   0: 0x80001288 (0x000062b1) c.lui   t0, 0xc
core   0: 3 0x80001288 (0x62b1) x5  0x0000c000
core   0: 0x8000128a (0x01ab1793) slli    a5, s6, 26
core   0: 3 0x8000128a (0x01ab1793) x15 0xfc000000
core   0: 0x8000128e (0x023222b3) mulhsu  t0, tp, gp
core   0: 3 0x8000128e (0x023222b3) x5  0x00000000
core   0: 0x80001292 (0x0008fa33) and     s4, a7, zero
core   0: 3 0x80001292 (0x0008fa33) x20 0x00000000
core   0: 0x80001296 (0x1d13de17) auipc   t3, 0x1d13d
core   0: 3 0x80001296 (0x1d13de17) x28 0x9d13e296
core   0: 0x8000129a (0xfb2318e3) bne     t1, s2, pc - 80
core   0: 3 0x8000129a (0xfb2318e3)
core   0: 0x8000124a (0xaf590b93) addi    s7, s2, -1291
core   0: 3 0x8000124a (0xaf590b93) x23 0xfffffaff
core   0: 0x8000124e (0x01067a33) and     s4, a2, a6
core   0: 3 0x8000124e (0x01067a33) x20 0x00000001
core   0: 0x80001252 (0xe37ab993) sltiu   s3, s5, -457
core   0: 3 0x80001252 (0xe37ab993) x19 0x00000001
core   0: 0x80001256 (0x00000305) c.addi  t1, 1
core   0: 3 0x80001256 (0x0305) x6  0x00000001
core   0: 0x80001258 (0xa2dfba93) sltiu   s5, t6, -1491
core   0: 3 0x80001258 (0xa2dfba93) x21 0x00000001
core   0: 0x8000125c (0x40b187b3) sub     a5, gp, a1
core   0: 3 0x8000125c (0x40b187b3) x15 0x7ffda19c
core   0: 0x80001260 (0x0000545d) c.li    s0, -9
core   0: 3 0x80001260 (0x545d) x8  0xfffffff7
core   0: 0x80001262 (0x000060e1) c.lui   ra, 0x18
core   0: 3 0x80001262 (0x60e1) x1  0x00018000
core   0: 0x80001264 (0x00000001) c.nop
core   0: 3 0x80001264 (0x0001)
core   0: 0x80001266 (0x00006fcd) c.lui   t6, 0x13
core   0: 3 0x80001266 (0x6fcd) x31 0x00013000
core   0: 0x80001268 (0x02625bb3) divu    s7, tp, t1
core   0: 3 0x80001268 (0x02625bb3) x23 0x00000001
core   0: 0x8000126c (0x02e4b233) mulhu   tp, s1, a4
core   0: 3 0x8000126c (0x02e4b233) x4  0x00000000
core   0: 0x80001270 (0x02b44533) div     a0, s0, a1
core   0: 3 0x80001270 (0x02b44533) x10 0x00000000
core   0: 0x80001274 (0x00c04233) xor     tp, zero, a2
core   0: 3 0x80001274 (0x00c04233) x4  0x00000001
core   0: 0x80001278 (0x00005b7d) c.li    s6, -1
core   0: 3 0x80001278 (0x5b7d) x22 0xffffffff
core   0: 0x8000127a (0x00000425) c.addi  s0, 9
core   0: 3 0x8000127a (0x0425) x8  0x00000000
core   0: 0x8000127c (0x00000001) c.nop
core   0: 3 0x8000127c (0x0001)
core   0: 0x8000127e (0x00008725) c.srai  a4, 9
core   0: 3 0x8000127e (0x8725) x14 0x00000000
core   0: 0x80001280 (0x01103f33) snez    t5, a7
core   0: 3 0x80001280 (0x01103f33) x30 0x00000001
core   0: 0x80001284 (0x0000d875) c.beqz  s0, pc - 12
core   0: 3 0x80001284 (0xd875)
core   0: 0x80001278 (0x00005b7d) c.li    s6, -1
core   0: 3 0x80001278 (0x5b7d) x22 0xffffffff
core   0: 0x8000127a (0x00000425) c.addi  s0, 9
core   0: 3 0x8000127a (0x0425) x8  0x00000009
core   0: 0x8000127c (0x00000001) c.nop
core   0: 3 0x8000127c (0x0001)
core   0: 0x8000127e (0x00008725) c.srai  a4, 9
core   0: 3 0x8000127e (0x8725) x14 0x00000000
core   0: 0x80001280 (0x01103f33) snez    t5, a7
core   0: 3 0x80001280 (0x01103f33) x30 0x00000001
core   0: 0x80001284 (0x0000d875) c.beqz  s0, pc - 12
core   0: 3 0x80001284 (0xd875)
core   0: 0x80001286 (0x0000997d) c.andi  a0, -1
core   0: 3 0x80001286 (0x997d) x10 0x00000000
core   0: 0x80001288 (0x000062b1) c.lui   t0, 0xc
core   0: 3 0x80001288 (0x62b1) x5  0x0000c000
core   0: 0x8000128a (0x01ab1793) slli    a5, s6, 26
core   0: 3 0x8000128a (0x01ab1793) x15 0xfc000000
core   0: 0x8000128e (0x023222b3) mulhsu  t0, tp, gp
core   0: 3 0x8000128e (0x023222b3) x5  0x00000000
core   0: 0x80001292 (0x0008fa33) and     s4, a7, zero
core   0: 3 0x80001292 (0x0008fa33) x20 0x00000000
core   0: 0x80001296 (0x1d13de17) auipc   t3, 0x1d13d
core   0: 3 0x80001296 (0x1d13de17) x28 0x9d13e296
core   0: 0x8000129a (0xfb2318e3) bne     t1, s2, pc - 80
core   0: 3 0x8000129a (0xfb2318e3)
core   0: 0x8000124a (0xaf590b93) addi    s7, s2, -1291
core   0: 3 0x8000124a (0xaf590b93) x23 0xfffffaff
core   0: 0x8000124e (0x01067a33) and     s4, a2, a6
core   0: 3 0x8000124e (0x01067a33) x20 0x00000001
core   0: 0x80001252 (0xe37ab993) sltiu   s3, s5, -457
core   0: 3 0x80001252 (0xe37ab993) x19 0x00000001
core   0: 0x80001256 (0x00000305) c.addi  t1, 1
core   0: 3 0x80001256 (0x0305) x6  0x00000002
core   0: 0x80001258 (0xa2dfba93) sltiu   s5, t6, -1491
core   0: 3 0x80001258 (0xa2dfba93) x21 0x00000001
core   0: 0x8000125c (0x40b187b3) sub     a5, gp, a1
core   0: 3 0x8000125c (0x40b187b3) x15 0x7ffda19c
core   0: 0x80001260 (0x0000545d) c.li    s0, -9
core   0: 3 0x80001260 (0x545d) x8  0xfffffff7
core   0: 0x80001262 (0x000060e1) c.lui   ra, 0x18
core   0: 3 0x80001262 (0x60e1) x1  0x00018000
core   0: 0x80001264 (0x00000001) c.nop
core   0: 3 0x80001264 (0x0001)
core   0: 0x80001266 (0x00006fcd) c.lui   t6, 0x13
core   0: 3 0x80001266 (0x6fcd) x31 0x00013000
core   0: 0x80001268 (0x02625bb3) divu    s7, tp, t1
core   0: 3 0x80001268 (0x02625bb3) x23 0x00000000
core   0: 0x8000126c (0x02e4b233) mulhu   tp, s1, a4
core   0: 3 0x8000126c (0x02e4b233) x4  0x00000000
core   0: 0x80001270 (0x02b44533) div     a0, s0, a1
core   0: 3 0x80001270 (0x02b44533) x10 0x00000000
core   0: 0x80001274 (0x00c04233) xor     tp, zero, a2
core   0: 3 0x80001274 (0x00c04233) x4  0x00000001
core   0: 0x80001278 (0x00005b7d) c.li    s6, -1
core   0: 3 0x80001278 (0x5b7d) x22 0xffffffff
core   0: 0x8000127a (0x00000425) c.addi  s0, 9
core   0: 3 0x8000127a (0x0425) x8  0x00000000
core   0: 0x8000127c (0x00000001) c.nop
core   0: 3 0x8000127c (0x0001)
core   0: 0x8000127e (0x00008725) c.srai  a4, 9
core   0: 3 0x8000127e (0x8725) x14 0x00000000
core   0: 0x80001280 (0x01103f33) snez    t5, a7
core   0: 3 0x80001280 (0x01103f33) x30 0x00000001
core   0: 0x80001284 (0x0000d875) c.beqz  s0, pc - 12
core   0: 3 0x80001284 (0xd875)
core   0: 0x80001278 (0x00005b7d) c.li    s6, -1
core   0: 3 0x80001278 (0x5b7d) x22 0xffffffff
core   0: 0x8000127a (0x00000425) c.addi  s0, 9
core   0: 3 0x8000127a (0x0425) x8  0x00000009
core   0: 0x8000127c (0x00000001) c.nop
core   0: 3 0x8000127c (0x0001)
core   0: 0x8000127e (0x00008725) c.srai  a4, 9
core   0: 3 0x8000127e (0x8725) x14 0x00000000
core   0: 0x80001280 (0x01103f33) snez    t5, a7
core   0: 3 0x80001280 (0x01103f33) x30 0x00000001
core   0: 0x80001284 (0x0000d875) c.beqz  s0, pc - 12
core   0: 3 0x80001284 (0xd875)
core   0: 0x80001286 (0x0000997d) c.andi  a0, -1
core   0: 3 0x80001286 (0x997d) x10 0x00000000
core   0: 0x80001288 (0x000062b1) c.lui   t0, 0xc
core   0: 3 0x80001288 (0x62b1) x5  0x0000c000
core   0: 0x8000128a (0x01ab1793) slli    a5, s6, 26
core   0: 3 0x8000128a (0x01ab1793) x15 0xfc000000
core   0: 0x8000128e (0x023222b3) mulhsu  t0, tp, gp
core   0: 3 0x8000128e (0x023222b3) x5  0x00000000
core   0: 0x80001292 (0x0008fa33) and     s4, a7, zero
core   0: 3 0x80001292 (0x0008fa33) x20 0x00000000
core   0: 0x80001296 (0x1d13de17) auipc   t3, 0x1d13d
core   0: 3 0x80001296 (0x1d13de17) x28 0x9d13e296
core   0: 0x8000129a (0xfb2318e3) bne     t1, s2, pc - 80
core   0: 3 0x8000129a (0xfb2318e3)
core   0: 0x8000124a (0xaf590b93) addi    s7, s2, -1291
core   0: 3 0x8000124a (0xaf590b93) x23 0xfffffaff
core   0: 0x8000124e (0x01067a33) and     s4, a2, a6
core   0: 3 0x8000124e (0x01067a33) x20 0x00000001
core   0: 0x80001252 (0xe37ab993) sltiu   s3, s5, -457
core   0: 3 0x80001252 (0xe37ab993) x19 0x00000001
core   0: 0x80001256 (0x00000305) c.addi  t1, 1
core   0: 3 0x80001256 (0x0305) x6  0x00000003
core   0: 0x80001258 (0xa2dfba93) sltiu   s5, t6, -1491
core   0: 3 0x80001258 (0xa2dfba93) x21 0x00000001
core   0: 0x8000125c (0x40b187b3) sub     a5, gp, a1
core   0: 3 0x8000125c (0x40b187b3) x15 0x7ffda19c
core   0: 0x80001260 (0x0000545d) c.li    s0, -9
core   0: 3 0x80001260 (0x545d) x8  0xfffffff7
core   0: 0x80001262 (0x000060e1) c.lui   ra, 0x18
core   0: 3 0x80001262 (0x60e1) x1  0x00018000
core   0: 0x80001264 (0x00000001) c.nop
core   0: 3 0x80001264 (0x0001)
core   0: 0x80001266 (0x00006fcd) c.lui   t6, 0x13
core   0: 3 0x80001266 (0x6fcd) x31 0x00013000
core   0: 0x80001268 (0x02625bb3) divu    s7, tp, t1
core   0: 3 0x80001268 (0x02625bb3) x23 0x00000000
core   0: 0x8000126c (0x02e4b233) mulhu   tp, s1, a4
core   0: 3 0x8000126c (0x02e4b233) x4  0x00000000
core   0: 0x80001270 (0x02b44533) div     a0, s0, a1
core   0: 3 0x80001270 (0x02b44533) x10 0x00000000
core   0: 0x80001274 (0x00c04233) xor     tp, zero, a2
core   0: 3 0x80001274 (0x00c04233) x4  0x00000001
core   0: 0x80001278 (0x00005b7d) c.li    s6, -1
core   0: 3 0x80001278 (0x5b7d) x22 0xffffffff
core   0: 0x8000127a (0x00000425) c.addi  s0, 9
core   0: 3 0x8000127a (0x0425) x8  0x00000000
core   0: 0x8000127c (0x00000001) c.nop
core   0: 3 0x8000127c (0x0001)
core   0: 0x8000127e (0x00008725) c.srai  a4, 9
core   0: 3 0x8000127e (0x8725) x14 0x00000000
core   0: 0x80001280 (0x01103f33) snez    t5, a7
core   0: 3 0x80001280 (0x01103f33) x30 0x00000001
core   0: 0x80001284 (0x0000d875) c.beqz  s0, pc - 12
core   0: 3 0x80001284 (0xd875)
core   0: 0x80001278 (0x00005b7d) c.li    s6, -1
core   0: 3 0x80001278 (0x5b7d) x22 0xffffffff
core   0: 0x8000127a (0x00000425) c.addi  s0, 9
core   0: 3 0x8000127a (0x0425) x8  0x00000009
core   0: 0x8000127c (0x00000001) c.nop
core   0: 3 0x8000127c (0x0001)
core   0: 0x8000127e (0x00008725) c.srai  a4, 9
core   0: 3 0x8000127e (0x8725) x14 0x00000000
core   0: 0x80001280 (0x01103f33) snez    t5, a7
core   0: 3 0x80001280 (0x01103f33) x30 0x00000001
core   0: 0x80001284 (0x0000d875) c.beqz  s0, pc - 12
core   0: 3 0x80001284 (0xd875)
core   0: 0x80001286 (0x0000997d) c.andi  a0, -1
core   0: 3 0x80001286 (0x997d) x10 0x00000000
core   0: 0x80001288 (0x000062b1) c.lui   t0, 0xc
core   0: 3 0x80001288 (0x62b1) x5  0x0000c000
core   0: 0x8000128a (0x01ab1793) slli    a5, s6, 26
core   0: 3 0x8000128a (0x01ab1793) x15 0xfc000000
core   0: 0x8000128e (0x023222b3) mulhsu  t0, tp, gp
core   0: 3 0x8000128e (0x023222b3) x5  0x00000000
core   0: 0x80001292 (0x0008fa33) and     s4, a7, zero
core   0: 3 0x80001292 (0x0008fa33) x20 0x00000000
core   0: 0x80001296 (0x1d13de17) auipc   t3, 0x1d13d
core   0: 3 0x80001296 (0x1d13de17) x28 0x9d13e296
core   0: 0x8000129a (0xfb2318e3) bne     t1, s2, pc - 80
core   0: 3 0x8000129a (0xfb2318e3)
core   0: 0x8000124a (0xaf590b93) addi    s7, s2, -1291
core   0: 3 0x8000124a (0xaf590b93) x23 0xfffffaff
core   0: 0x8000124e (0x01067a33) and     s4, a2, a6
core   0: 3 0x8000124e (0x01067a33) x20 0x00000001
core   0: 0x80001252 (0xe37ab993) sltiu   s3, s5, -457
core   0: 3 0x80001252 (0xe37ab993) x19 0x00000001
core   0: 0x80001256 (0x00000305) c.addi  t1, 1
core   0: 3 0x80001256 (0x0305) x6  0x00000004
core   0: 0x80001258 (0xa2dfba93) sltiu   s5, t6, -1491
core   0: 3 0x80001258 (0xa2dfba93) x21 0x00000001
core   0: 0x8000125c (0x40b187b3) sub     a5, gp, a1
core   0: 3 0x8000125c (0x40b187b3) x15 0x7ffda19c
core   0: 0x80001260 (0x0000545d) c.li    s0, -9
core   0: 3 0x80001260 (0x545d) x8  0xfffffff7
core   0: 0x80001262 (0x000060e1) c.lui   ra, 0x18
core   0: 3 0x80001262 (0x60e1) x1  0x00018000
core   0: 0x80001264 (0x00000001) c.nop
core   0: 3 0x80001264 (0x0001)
core   0: 0x80001266 (0x00006fcd) c.lui   t6, 0x13
core   0: 3 0x80001266 (0x6fcd) x31 0x00013000
core   0: 0x80001268 (0x02625bb3) divu    s7, tp, t1
core   0: 3 0x80001268 (0x02625bb3) x23 0x00000000
core   0: 0x8000126c (0x02e4b233) mulhu   tp, s1, a4
core   0: 3 0x8000126c (0x02e4b233) x4  0x00000000
core   0: 0x80001270 (0x02b44533) div     a0, s0, a1
core   0: 3 0x80001270 (0x02b44533) x10 0x00000000
core   0: 0x80001274 (0x00c04233) xor     tp, zero, a2
core   0: 3 0x80001274 (0x00c04233) x4  0x00000001
core   0: 0x80001278 (0x00005b7d) c.li    s6, -1
core   0: 3 0x80001278 (0x5b7d) x22 0xffffffff
core   0: 0x8000127a (0x00000425) c.addi  s0, 9
core   0: 3 0x8000127a (0x0425) x8  0x00000000
core   0: 0x8000127c (0x00000001) c.nop
core   0: 3 0x8000127c (0x0001)
core   0: 0x8000127e (0x00008725) c.srai  a4, 9
core   0: 3 0x8000127e (0x8725) x14 0x00000000
core   0: 0x80001280 (0x01103f33) snez    t5, a7
core   0: 3 0x80001280 (0x01103f33) x30 0x00000001
core   0: 0x80001284 (0x0000d875) c.beqz  s0, pc - 12
core   0: 3 0x80001284 (0xd875)
core   0: 0x80001278 (0x00005b7d) c.li    s6, -1
core   0: 3 0x80001278 (0x5b7d) x22 0xffffffff
core   0: 0x8000127a (0x00000425) c.addi  s0, 9
core   0: 3 0x8000127a (0x0425) x8  0x00000009
core   0: 0x8000127c (0x00000001) c.nop
core   0: 3 0x8000127c (0x0001)
core   0: 0x8000127e (0x00008725) c.srai  a4, 9
core   0: 3 0x8000127e (0x8725) x14 0x00000000
core   0: 0x80001280 (0x01103f33) snez    t5, a7
core   0: 3 0x80001280 (0x01103f33) x30 0x00000001
core   0: 0x80001284 (0x0000d875) c.beqz  s0, pc - 12
core   0: 3 0x80001284 (0xd875)
core   0: 0x80001286 (0x0000997d) c.andi  a0, -1
core   0: 3 0x80001286 (0x997d) x10 0x00000000
core   0: 0x80001288 (0x000062b1) c.lui   t0, 0xc
core   0: 3 0x80001288 (0x62b1) x5  0x0000c000
core   0: 0x8000128a (0x01ab1793) slli    a5, s6, 26
core   0: 3 0x8000128a (0x01ab1793) x15 0xfc000000
core   0: 0x8000128e (0x023222b3) mulhsu  t0, tp, gp
core   0: 3 0x8000128e (0x023222b3) x5  0x00000000
core   0: 0x80001292 (0x0008fa33) and     s4, a7, zero
core   0: 3 0x80001292 (0x0008fa33) x20 0x00000000
core   0: 0x80001296 (0x1d13de17) auipc   t3, 0x1d13d
core   0: 3 0x80001296 (0x1d13de17) x28 0x9d13e296
core   0: 0x8000129a (0xfb2318e3) bne     t1, s2, pc - 80
core   0: 3 0x8000129a (0xfb2318e3)
core   0: 0x8000124a (0xaf590b93) addi    s7, s2, -1291
core   0: 3 0x8000124a (0xaf590b93) x23 0xfffffaff
core   0: 0x8000124e (0x01067a33) and     s4, a2, a6
core   0: 3 0x8000124e (0x01067a33) x20 0x00000001
core   0: 0x80001252 (0xe37ab993) sltiu   s3, s5, -457
core   0: 3 0x80001252 (0xe37ab993) x19 0x00000001
core   0: 0x80001256 (0x00000305) c.addi  t1, 1
core   0: 3 0x80001256 (0x0305) x6  0x00000005
core   0: 0x80001258 (0xa2dfba93) sltiu   s5, t6, -1491
core   0: 3 0x80001258 (0xa2dfba93) x21 0x00000001
core   0: 0x8000125c (0x40b187b3) sub     a5, gp, a1
core   0: 3 0x8000125c (0x40b187b3) x15 0x7ffda19c
core   0: 0x80001260 (0x0000545d) c.li    s0, -9
core   0: 3 0x80001260 (0x545d) x8  0xfffffff7
core   0: 0x80001262 (0x000060e1) c.lui   ra, 0x18
core   0: 3 0x80001262 (0x60e1) x1  0x00018000
core   0: 0x80001264 (0x00000001) c.nop
core   0: 3 0x80001264 (0x0001)
core   0: 0x80001266 (0x00006fcd) c.lui   t6, 0x13
core   0: 3 0x80001266 (0x6fcd) x31 0x00013000
core   0: 0x80001268 (0x02625bb3) divu    s7, tp, t1
core   0: 3 0x80001268 (0x02625bb3) x23 0x00000000
core   0: 0x8000126c (0x02e4b233) mulhu   tp, s1, a4
core   0: 3 0x8000126c (0x02e4b233) x4  0x00000000
core   0: 0x80001270 (0x02b44533) div     a0, s0, a1
core   0: 3 0x80001270 (0x02b44533) x10 0x00000000
core   0: 0x80001274 (0x00c04233) xor     tp, zero, a2
core   0: 3 0x80001274 (0x00c04233) x4  0x00000001
core   0: 0x80001278 (0x00005b7d) c.li    s6, -1
core   0: 3 0x80001278 (0x5b7d) x22 0xffffffff
core   0: 0x8000127a (0x00000425) c.addi  s0, 9
core   0: 3 0x8000127a (0x0425) x8  0x00000000
core   0: 0x8000127c (0x00000001) c.nop
core   0: 3 0x8000127c (0x0001)
core   0: 0x8000127e (0x00008725) c.srai  a4, 9
core   0: 3 0x8000127e (0x8725) x14 0x00000000
core   0: 0x80001280 (0x01103f33) snez    t5, a7
core   0: 3 0x80001280 (0x01103f33) x30 0x00000001
core   0: 0x80001284 (0x0000d875) c.beqz  s0, pc - 12
core   0: 3 0x80001284 (0xd875)
core   0: 0x80001278 (0x00005b7d) c.li    s6, -1
core   0: 3 0x80001278 (0x5b7d) x22 0xffffffff
core   0: 0x8000127a (0x00000425) c.addi  s0, 9
core   0: 3 0x8000127a (0x0425) x8  0x00000009
core   0: 0x8000127c (0x00000001) c.nop
core   0: 3 0x8000127c (0x0001)
core   0: 0x8000127e (0x00008725) c.srai  a4, 9
core   0: 3 0x8000127e (0x8725) x14 0x00000000
core   0: 0x80001280 (0x01103f33) snez    t5, a7
core   0: 3 0x80001280 (0x01103f33) x30 0x00000001
core   0: 0x80001284 (0x0000d875) c.beqz  s0, pc - 12
core   0: 3 0x80001284 (0xd875)
core   0: 0x80001286 (0x0000997d) c.andi  a0, -1
core   0: 3 0x80001286 (0x997d) x10 0x00000000
core   0: 0x80001288 (0x000062b1) c.lui   t0, 0xc
core   0: 3 0x80001288 (0x62b1) x5  0x0000c000
core   0: 0x8000128a (0x01ab1793) slli    a5, s6, 26
core   0: 3 0x8000128a (0x01ab1793) x15 0xfc000000
core   0: 0x8000128e (0x023222b3) mulhsu  t0, tp, gp
core   0: 3 0x8000128e (0x023222b3) x5  0x00000000
core   0: 0x80001292 (0x0008fa33) and     s4, a7, zero
core   0: 3 0x80001292 (0x0008fa33) x20 0x00000000
core   0: 0x80001296 (0x1d13de17) auipc   t3, 0x1d13d
core   0: 3 0x80001296 (0x1d13de17) x28 0x9d13e296
core   0: 0x8000129a (0xfb2318e3) bne     t1, s2, pc - 80
core   0: 3 0x8000129a (0xfb2318e3)
core   0: 0x8000124a (0xaf590b93) addi    s7, s2, -1291
core   0: 3 0x8000124a (0xaf590b93) x23 0xfffffaff
core   0: 0x8000124e (0x01067a33) and     s4, a2, a6
core   0: 3 0x8000124e (0x01067a33) x20 0x00000001
core   0: 0x80001252 (0xe37ab993) sltiu   s3, s5, -457
core   0: 3 0x80001252 (0xe37ab993) x19 0x00000001
core   0: 0x80001256 (0x00000305) c.addi  t1, 1
core   0: 3 0x80001256 (0x0305) x6  0x00000006
core   0: 0x80001258 (0xa2dfba93) sltiu   s5, t6, -1491
core   0: 3 0x80001258 (0xa2dfba93) x21 0x00000001
core   0: 0x8000125c (0x40b187b3) sub     a5, gp, a1
core   0: 3 0x8000125c (0x40b187b3) x15 0x7ffda19c
core   0: 0x80001260 (0x0000545d) c.li    s0, -9
core   0: 3 0x80001260 (0x545d) x8  0xfffffff7
core   0: 0x80001262 (0x000060e1) c.lui   ra, 0x18
core   0: 3 0x80001262 (0x60e1) x1  0x00018000
core   0: 0x80001264 (0x00000001) c.nop
core   0: 3 0x80001264 (0x0001)
core   0: 0x80001266 (0x00006fcd) c.lui   t6, 0x13
core   0: 3 0x80001266 (0x6fcd) x31 0x00013000
core   0: 0x80001268 (0x02625bb3) divu    s7, tp, t1
core   0: 3 0x80001268 (0x02625bb3) x23 0x00000000
core   0: 0x8000126c (0x02e4b233) mulhu   tp, s1, a4
core   0: 3 0x8000126c (0x02e4b233) x4  0x00000000
core   0: 0x80001270 (0x02b44533) div     a0, s0, a1
core   0: 3 0x80001270 (0x02b44533) x10 0x00000000
core   0: 0x80001274 (0x00c04233) xor     tp, zero, a2
core   0: 3 0x80001274 (0x00c04233) x4  0x00000001
core   0: 0x80001278 (0x00005b7d) c.li    s6, -1
core   0: 3 0x80001278 (0x5b7d) x22 0xffffffff
core   0: 0x8000127a (0x00000425) c.addi  s0, 9
core   0: 3 0x8000127a (0x0425) x8  0x00000000
core   0: 0x8000127c (0x00000001) c.nop
core   0: 3 0x8000127c (0x0001)
core   0: 0x8000127e (0x00008725) c.srai  a4, 9
core   0: 3 0x8000127e (0x8725) x14 0x00000000
core   0: 0x80001280 (0x01103f33) snez    t5, a7
core   0: 3 0x80001280 (0x01103f33) x30 0x00000001
core   0: 0x80001284 (0x0000d875) c.beqz  s0, pc - 12
core   0: 3 0x80001284 (0xd875)
core   0: 0x80001278 (0x00005b7d) c.li    s6, -1
core   0: 3 0x80001278 (0x5b7d) x22 0xffffffff
core   0: 0x8000127a (0x00000425) c.addi  s0, 9
core   0: 3 0x8000127a (0x0425) x8  0x00000009
core   0: 0x8000127c (0x00000001) c.nop
core   0: 3 0x8000127c (0x0001)
core   0: 0x8000127e (0x00008725) c.srai  a4, 9
core   0: 3 0x8000127e (0x8725) x14 0x00000000
core   0: 0x80001280 (0x01103f33) snez    t5, a7
core   0: 3 0x80001280 (0x01103f33) x30 0x00000001
core   0: 0x80001284 (0x0000d875) c.beqz  s0, pc - 12
core   0: 3 0x80001284 (0xd875)
core   0: 0x80001286 (0x0000997d) c.andi  a0, -1
core   0: 3 0x80001286 (0x997d) x10 0x00000000
core   0: 0x80001288 (0x000062b1) c.lui   t0, 0xc
core   0: 3 0x80001288 (0x62b1) x5  0x0000c000
core   0: 0x8000128a (0x01ab1793) slli    a5, s6, 26
core   0: 3 0x8000128a (0x01ab1793) x15 0xfc000000
core   0: 0x8000128e (0x023222b3) mulhsu  t0, tp, gp
core   0: 3 0x8000128e (0x023222b3) x5  0x00000000
core   0: 0x80001292 (0x0008fa33) and     s4, a7, zero
core   0: 3 0x80001292 (0x0008fa33) x20 0x00000000
core   0: 0x80001296 (0x1d13de17) auipc   t3, 0x1d13d
core   0: 3 0x80001296 (0x1d13de17) x28 0x9d13e296
core   0: 0x8000129a (0xfb2318e3) bne     t1, s2, pc - 80
core   0: 3 0x8000129a (0xfb2318e3)
core   0: 0x8000124a (0xaf590b93) addi    s7, s2, -1291
core   0: 3 0x8000124a (0xaf590b93) x23 0xfffffaff
core   0: 0x8000124e (0x01067a33) and     s4, a2, a6
core   0: 3 0x8000124e (0x01067a33) x20 0x00000001
core   0: 0x80001252 (0xe37ab993) sltiu   s3, s5, -457
core   0: 3 0x80001252 (0xe37ab993) x19 0x00000001
core   0: 0x80001256 (0x00000305) c.addi  t1, 1
core   0: 3 0x80001256 (0x0305) x6  0x00000007
core   0: 0x80001258 (0xa2dfba93) sltiu   s5, t6, -1491
core   0: 3 0x80001258 (0xa2dfba93) x21 0x00000001
core   0: 0x8000125c (0x40b187b3) sub     a5, gp, a1
core   0: 3 0x8000125c (0x40b187b3) x15 0x7ffda19c
core   0: 0x80001260 (0x0000545d) c.li    s0, -9
core   0: 3 0x80001260 (0x545d) x8  0xfffffff7
core   0: 0x80001262 (0x000060e1) c.lui   ra, 0x18
core   0: 3 0x80001262 (0x60e1) x1  0x00018000
core   0: 0x80001264 (0x00000001) c.nop
core   0: 3 0x80001264 (0x0001)
core   0: 0x80001266 (0x00006fcd) c.lui   t6, 0x13
core   0: 3 0x80001266 (0x6fcd) x31 0x00013000
core   0: 0x80001268 (0x02625bb3) divu    s7, tp, t1
core   0: 3 0x80001268 (0x02625bb3) x23 0x00000000
core   0: 0x8000126c (0x02e4b233) mulhu   tp, s1, a4
core   0: 3 0x8000126c (0x02e4b233) x4  0x00000000
core   0: 0x80001270 (0x02b44533) div     a0, s0, a1
core   0: 3 0x80001270 (0x02b44533) x10 0x00000000
core   0: 0x80001274 (0x00c04233) xor     tp, zero, a2
core   0: 3 0x80001274 (0x00c04233) x4  0x00000001
core   0: 0x80001278 (0x00005b7d) c.li    s6, -1
core   0: 3 0x80001278 (0x5b7d) x22 0xffffffff
core   0: 0x8000127a (0x00000425) c.addi  s0, 9
core   0: 3 0x8000127a (0x0425) x8  0x00000000
core   0: 0x8000127c (0x00000001) c.nop
core   0: 3 0x8000127c (0x0001)
core   0: 0x8000127e (0x00008725) c.srai  a4, 9
core   0: 3 0x8000127e (0x8725) x14 0x00000000
core   0: 0x80001280 (0x01103f33) snez    t5, a7
core   0: 3 0x80001280 (0x01103f33) x30 0x00000001
core   0: 0x80001284 (0x0000d875) c.beqz  s0, pc - 12
core   0: 3 0x80001284 (0xd875)
core   0: 0x80001278 (0x00005b7d) c.li    s6, -1
core   0: 3 0x80001278 (0x5b7d) x22 0xffffffff
core   0: 0x8000127a (0x00000425) c.addi  s0, 9
core   0: 3 0x8000127a (0x0425) x8  0x00000009
core   0: 0x8000127c (0x00000001) c.nop
core   0: 3 0x8000127c (0x0001)
core   0: 0x8000127e (0x00008725) c.srai  a4, 9
core   0: 3 0x8000127e (0x8725) x14 0x00000000
core   0: 0x80001280 (0x01103f33) snez    t5, a7
core   0: 3 0x80001280 (0x01103f33) x30 0x00000001
core   0: 0x80001284 (0x0000d875) c.beqz  s0, pc - 12
core   0: 3 0x80001284 (0xd875)
core   0: 0x80001286 (0x0000997d) c.andi  a0, -1
core   0: 3 0x80001286 (0x997d) x10 0x00000000
core   0: 0x80001288 (0x000062b1) c.lui   t0, 0xc
core   0: 3 0x80001288 (0x62b1) x5  0x0000c000
core   0: 0x8000128a (0x01ab1793) slli    a5, s6, 26
core   0: 3 0x8000128a (0x01ab1793) x15 0xfc000000
core   0: 0x8000128e (0x023222b3) mulhsu  t0, tp, gp
core   0: 3 0x8000128e (0x023222b3) x5  0x00000000
core   0: 0x80001292 (0x0008fa33) and     s4, a7, zero
core   0: 3 0x80001292 (0x0008fa33) x20 0x00000000
core   0: 0x80001296 (0x1d13de17) auipc   t3, 0x1d13d
core   0: 3 0x80001296 (0x1d13de17) x28 0x9d13e296
core   0: 0x8000129a (0xfb2318e3) bne     t1, s2, pc - 80
core   0: 3 0x8000129a (0xfb2318e3)
core   0: 0x8000124a (0xaf590b93) addi    s7, s2, -1291
core   0: 3 0x8000124a (0xaf590b93) x23 0xfffffaff
core   0: 0x8000124e (0x01067a33) and     s4, a2, a6
core   0: 3 0x8000124e (0x01067a33) x20 0x00000001
core   0: 0x80001252 (0xe37ab993) sltiu   s3, s5, -457
core   0: 3 0x80001252 (0xe37ab993) x19 0x00000001
core   0: 0x80001256 (0x00000305) c.addi  t1, 1
core   0: 3 0x80001256 (0x0305) x6  0x00000008
core   0: 0x80001258 (0xa2dfba93) sltiu   s5, t6, -1491
core   0: 3 0x80001258 (0xa2dfba93) x21 0x00000001
core   0: 0x8000125c (0x40b187b3) sub     a5, gp, a1
core   0: 3 0x8000125c (0x40b187b3) x15 0x7ffda19c
core   0: 0x80001260 (0x0000545d) c.li    s0, -9
core   0: 3 0x80001260 (0x545d) x8  0xfffffff7
core   0: 0x80001262 (0x000060e1) c.lui   ra, 0x18
core   0: 3 0x80001262 (0x60e1) x1  0x00018000
core   0: 0x80001264 (0x00000001) c.nop
core   0: 3 0x80001264 (0x0001)
core   0: 0x80001266 (0x00006fcd) c.lui   t6, 0x13
core   0: 3 0x80001266 (0x6fcd) x31 0x00013000
core   0: 0x80001268 (0x02625bb3) divu    s7, tp, t1
core   0: 3 0x80001268 (0x02625bb3) x23 0x00000000
core   0: 0x8000126c (0x02e4b233) mulhu   tp, s1, a4
core   0: 3 0x8000126c (0x02e4b233) x4  0x00000000
core   0: 0x80001270 (0x02b44533) div     a0, s0, a1
core   0: 3 0x80001270 (0x02b44533) x10 0x00000000
core   0: 0x80001274 (0x00c04233) xor     tp, zero, a2
core   0: 3 0x80001274 (0x00c04233) x4  0x00000001
core   0: 0x80001278 (0x00005b7d) c.li    s6, -1
core   0: 3 0x80001278 (0x5b7d) x22 0xffffffff
core   0: 0x8000127a (0x00000425) c.addi  s0, 9
core   0: 3 0x8000127a (0x0425) x8  0x00000000
core   0: 0x8000127c (0x00000001) c.nop
core   0: 3 0x8000127c (0x0001)
core   0: 0x8000127e (0x00008725) c.srai  a4, 9
core   0: 3 0x8000127e (0x8725) x14 0x00000000
core   0: 0x80001280 (0x01103f33) snez    t5, a7
core   0: 3 0x80001280 (0x01103f33) x30 0x00000001
core   0: 0x80001284 (0x0000d875) c.beqz  s0, pc - 12
core   0: 3 0x80001284 (0xd875)
core   0: 0x80001278 (0x00005b7d) c.li    s6, -1
core   0: 3 0x80001278 (0x5b7d) x22 0xffffffff
core   0: 0x8000127a (0x00000425) c.addi  s0, 9
core   0: 3 0x8000127a (0x0425) x8  0x00000009
core   0: 0x8000127c (0x00000001) c.nop
core   0: 3 0x8000127c (0x0001)
core   0: 0x8000127e (0x00008725) c.srai  a4, 9
core   0: 3 0x8000127e (0x8725) x14 0x00000000
core   0: 0x80001280 (0x01103f33) snez    t5, a7
core   0: 3 0x80001280 (0x01103f33) x30 0x00000001
core   0: 0x80001284 (0x0000d875) c.beqz  s0, pc - 12
core   0: 3 0x80001284 (0xd875)
core   0: 0x80001286 (0x0000997d) c.andi  a0, -1
core   0: 3 0x80001286 (0x997d) x10 0x00000000
core   0: 0x80001288 (0x000062b1) c.lui   t0, 0xc
core   0: 3 0x80001288 (0x62b1) x5  0x0000c000
core   0: 0x8000128a (0x01ab1793) slli    a5, s6, 26
core   0: 3 0x8000128a (0x01ab1793) x15 0xfc000000
core   0: 0x8000128e (0x023222b3) mulhsu  t0, tp, gp
core   0: 3 0x8000128e (0x023222b3) x5  0x00000000
core   0: 0x80001292 (0x0008fa33) and     s4, a7, zero
core   0: 3 0x80001292 (0x0008fa33) x20 0x00000000
core   0: 0x80001296 (0x1d13de17) auipc   t3, 0x1d13d
core   0: 3 0x80001296 (0x1d13de17) x28 0x9d13e296
core   0: 0x8000129a (0xfb2318e3) bne     t1, s2, pc - 80
core   0: 3 0x8000129a (0xfb2318e3)
core   0: 0x8000124a (0xaf590b93) addi    s7, s2, -1291
core   0: 3 0x8000124a (0xaf590b93) x23 0xfffffaff
core   0: 0x8000124e (0x01067a33) and     s4, a2, a6
core   0: 3 0x8000124e (0x01067a33) x20 0x00000001
core   0: 0x80001252 (0xe37ab993) sltiu   s3, s5, -457
core   0: 3 0x80001252 (0xe37ab993) x19 0x00000001
core   0: 0x80001256 (0x00000305) c.addi  t1, 1
core   0: 3 0x80001256 (0x0305) x6  0x00000009
core   0: 0x80001258 (0xa2dfba93) sltiu   s5, t6, -1491
core   0: 3 0x80001258 (0xa2dfba93) x21 0x00000001
core   0: 0x8000125c (0x40b187b3) sub     a5, gp, a1
core   0: 3 0x8000125c (0x40b187b3) x15 0x7ffda19c
core   0: 0x80001260 (0x0000545d) c.li    s0, -9
core   0: 3 0x80001260 (0x545d) x8  0xfffffff7
core   0: 0x80001262 (0x000060e1) c.lui   ra, 0x18
core   0: 3 0x80001262 (0x60e1) x1  0x00018000
core   0: 0x80001264 (0x00000001) c.nop
core   0: 3 0x80001264 (0x0001)
core   0: 0x80001266 (0x00006fcd) c.lui   t6, 0x13
core   0: 3 0x80001266 (0x6fcd) x31 0x00013000
core   0: 0x80001268 (0x02625bb3) divu    s7, tp, t1
core   0: 3 0x80001268 (0x02625bb3) x23 0x00000000
core   0: 0x8000126c (0x02e4b233) mulhu   tp, s1, a4
core   0: 3 0x8000126c (0x02e4b233) x4  0x00000000
core   0: 0x80001270 (0x02b44533) div     a0, s0, a1
core   0: 3 0x80001270 (0x02b44533) x10 0x00000000
core   0: 0x80001274 (0x00c04233) xor     tp, zero, a2
core   0: 3 0x80001274 (0x00c04233) x4  0x00000001
core   0: 0x80001278 (0x00005b7d) c.li    s6, -1
core   0: 3 0x80001278 (0x5b7d) x22 0xffffffff
core   0: 0x8000127a (0x00000425) c.addi  s0, 9
core   0: 3 0x8000127a (0x0425) x8  0x00000000
core   0: 0x8000127c (0x00000001) c.nop
core   0: 3 0x8000127c (0x0001)
core   0: 0x8000127e (0x00008725) c.srai  a4, 9
core   0: 3 0x8000127e (0x8725) x14 0x00000000
core   0: 0x80001280 (0x01103f33) snez    t5, a7
core   0: 3 0x80001280 (0x01103f33) x30 0x00000001
core   0: 0x80001284 (0x0000d875) c.beqz  s0, pc - 12
core   0: 3 0x80001284 (0xd875)
core   0: 0x80001278 (0x00005b7d) c.li    s6, -1
core   0: 3 0x80001278 (0x5b7d) x22 0xffffffff
core   0: 0x8000127a (0x00000425) c.addi  s0, 9
core   0: 3 0x8000127a (0x0425) x8  0x00000009
core   0: 0x8000127c (0x00000001) c.nop
core   0: 3 0x8000127c (0x0001)
core   0: 0x8000127e (0x00008725) c.srai  a4, 9
core   0: 3 0x8000127e (0x8725) x14 0x00000000
core   0: 0x80001280 (0x01103f33) snez    t5, a7
core   0: 3 0x80001280 (0x01103f33) x30 0x00000001
core   0: 0x80001284 (0x0000d875) c.beqz  s0, pc - 12
core   0: 3 0x80001284 (0xd875)
core   0: 0x80001286 (0x0000997d) c.andi  a0, -1
core   0: 3 0x80001286 (0x997d) x10 0x00000000
core   0: 0x80001288 (0x000062b1) c.lui   t0, 0xc
core   0: 3 0x80001288 (0x62b1) x5  0x0000c000
core   0: 0x8000128a (0x01ab1793) slli    a5, s6, 26
core   0: 3 0x8000128a (0x01ab1793) x15 0xfc000000
core   0: 0x8000128e (0x023222b3) mulhsu  t0, tp, gp
core   0: 3 0x8000128e (0x023222b3) x5  0x00000000
core   0: 0x80001292 (0x0008fa33) and     s4, a7, zero
core   0: 3 0x80001292 (0x0008fa33) x20 0x00000000
core   0: 0x80001296 (0x1d13de17) auipc   t3, 0x1d13d
core   0: 3 0x80001296 (0x1d13de17) x28 0x9d13e296
core   0: 0x8000129a (0xfb2318e3) bne     t1, s2, pc - 80
core   0: 3 0x8000129a (0xfb2318e3)
core   0: 0x8000124a (0xaf590b93) addi    s7, s2, -1291
core   0: 3 0x8000124a (0xaf590b93) x23 0xfffffaff
core   0: 0x8000124e (0x01067a33) and     s4, a2, a6
core   0: 3 0x8000124e (0x01067a33) x20 0x00000001
core   0: 0x80001252 (0xe37ab993) sltiu   s3, s5, -457
core   0: 3 0x80001252 (0xe37ab993) x19 0x00000001
core   0: 0x80001256 (0x00000305) c.addi  t1, 1
core   0: 3 0x80001256 (0x0305) x6  0x0000000a
core   0: 0x80001258 (0xa2dfba93) sltiu   s5, t6, -1491
core   0: 3 0x80001258 (0xa2dfba93) x21 0x00000001
core   0: 0x8000125c (0x40b187b3) sub     a5, gp, a1
core   0: 3 0x8000125c (0x40b187b3) x15 0x7ffda19c
core   0: 0x80001260 (0x0000545d) c.li    s0, -9
core   0: 3 0x80001260 (0x545d) x8  0xfffffff7
core   0: 0x80001262 (0x000060e1) c.lui   ra, 0x18
core   0: 3 0x80001262 (0x60e1) x1  0x00018000
core   0: 0x80001264 (0x00000001) c.nop
core   0: 3 0x80001264 (0x0001)
core   0: 0x80001266 (0x00006fcd) c.lui   t6, 0x13
core   0: 3 0x80001266 (0x6fcd) x31 0x00013000
core   0: 0x80001268 (0x02625bb3) divu    s7, tp, t1
core   0: 3 0x80001268 (0x02625bb3) x23 0x00000000
core   0: 0x8000126c (0x02e4b233) mulhu   tp, s1, a4
core   0: 3 0x8000126c (0x02e4b233) x4  0x00000000
core   0: 0x80001270 (0x02b44533) div     a0, s0, a1
core   0: 3 0x80001270 (0x02b44533) x10 0x00000000
core   0: 0x80001274 (0x00c04233) xor     tp, zero, a2
core   0: 3 0x80001274 (0x00c04233) x4  0x00000001
core   0: 0x80001278 (0x00005b7d) c.li    s6, -1
core   0: 3 0x80001278 (0x5b7d) x22 0xffffffff
core   0: 0x8000127a (0x00000425) c.addi  s0, 9
core   0: 3 0x8000127a (0x0425) x8  0x00000000
core   0: 0x8000127c (0x00000001) c.nop
core   0: 3 0x8000127c (0x0001)
core   0: 0x8000127e (0x00008725) c.srai  a4, 9
core   0: 3 0x8000127e (0x8725) x14 0x00000000
core   0: 0x80001280 (0x01103f33) snez    t5, a7
core   0: 3 0x80001280 (0x01103f33) x30 0x00000001
core   0: 0x80001284 (0x0000d875) c.beqz  s0, pc - 12
core   0: 3 0x80001284 (0xd875)
core   0: 0x80001278 (0x00005b7d) c.li    s6, -1
core   0: 3 0x80001278 (0x5b7d) x22 0xffffffff
core   0: 0x8000127a (0x00000425) c.addi  s0, 9
core   0: 3 0x8000127a (0x0425) x8  0x00000009
core   0: 0x8000127c (0x00000001) c.nop
core   0: 3 0x8000127c (0x0001)
core   0: 0x8000127e (0x00008725) c.srai  a4, 9
core   0: 3 0x8000127e (0x8725) x14 0x00000000
core   0: 0x80001280 (0x01103f33) snez    t5, a7
core   0: 3 0x80001280 (0x01103f33) x30 0x00000001
core   0: 0x80001284 (0x0000d875) c.beqz  s0, pc - 12
core   0: 3 0x80001284 (0xd875)
core   0: 0x80001286 (0x0000997d) c.andi  a0, -1
core   0: 3 0x80001286 (0x997d) x10 0x00000000
core   0: 0x80001288 (0x000062b1) c.lui   t0, 0xc
core   0: 3 0x80001288 (0x62b1) x5  0x0000c000
core   0: 0x8000128a (0x01ab1793) slli    a5, s6, 26
core   0: 3 0x8000128a (0x01ab1793) x15 0xfc000000
core   0: 0x8000128e (0x023222b3) mulhsu  t0, tp, gp
core   0: 3 0x8000128e (0x023222b3) x5  0x00000000
core   0: 0x80001292 (0x0008fa33) and     s4, a7, zero
core   0: 3 0x80001292 (0x0008fa33) x20 0x00000000
core   0: 0x80001296 (0x1d13de17) auipc   t3, 0x1d13d
core   0: 3 0x80001296 (0x1d13de17) x28 0x9d13e296
core   0: 0x8000129a (0xfb2318e3) bne     t1, s2, pc - 80
core   0: 3 0x8000129a (0xfb2318e3)
core   0: 0x8000129e (0x0000050e) c.slli  a0, 3
core   0: 3 0x8000129e (0x050e) x10 0x00000000
core   0: 0x800012a0 (0x00a0076f) jal     a4, pc + 0xa
core   0: 3 0x800012a0 (0x00a0076f) x14 0x800012a4
core   0: 0x800012aa (0x00002839) c.jal   pc + 30
core   0: 3 0x800012aa (0x2839) x1  0x800012ac
core   0: 0x800012c8 (0xfffff36f) jal     t1, pc - 0x2
core   0: 3 0x800012c8 (0xfffff36f) x6  0x800012cc
core   0: 0x800012c6 (0x00003fe5) c.jal   pc - 8
core   0: 3 0x800012c6 (0x3fe5) x1  0x800012c8
core   0: 0x800012be (0x00003fc5) c.jal   pc - 16
core   0: 3 0x800012be (0x3fc5) x1  0x800012c0
core   0: 0x800012ae (0x0000a019) c.j     pc + 6
core   0: 3 0x800012ae (0xa019)
core   0: 0x800012b4 (0x00c000ef) jal     pc + 0xc
core   0: 3 0x800012b4 (0x00c000ef) x1  0x800012b8
core   0: 0x800012c0 (0x0000b7d5) c.j     pc - 28
core   0: 3 0x800012c0 (0xb7d5)
core   0: 0x800012a4 (0x00c000ef) jal     pc + 0xc
core   0: 3 0x800012a4 (0x00c000ef) x1  0x800012a8
core   0: 0x800012b0 (0xff9ffa6f) jal     s4, pc - 0x8
core   0: 3 0x800012b0 (0xff9ffa6f) x20 0x800012b4
core   0: 0x800012a8 (0x0000a01d) c.j     pc + 38
core   0: 3 0x800012a8 (0xa01d)
core   0: 0x800012ce (0x00003ff9) c.jal   pc - 34
core   0: 3 0x800012ce (0x3ff9) x1  0x800012d0
core   0: 0x800012ac (0x0000a821) c.j     pc + 24
core   0: 3 0x800012ac (0xa821)
core   0: 0x800012c4 (0x0000a021) c.j     pc + 8
core   0: 3 0x800012c4 (0xa021)
core   0: 0x800012cc (0x0000bfdd) c.j     pc - 10
core   0: 3 0x800012cc (0xbfdd)
core   0: 0x800012c2 (0x0000bfdd) c.j     pc - 10
core   0: 3 0x800012c2 (0xbfdd)
core   0: 0x800012b8 (0x00002009) c.jal   pc + 2
core   0: 3 0x800012b8 (0x2009) x1  0x800012ba
core   0: 0x800012ba (0x016001ef) jal     gp, pc + 0x16
core   0: 3 0x800012ba (0x016001ef) x3  0x800012be
core   0: 0x800012d0 (0x00555c33) srl     s8, a0, t0
core   0: 3 0x800012d0 (0x00555c33) x24 0x00000000
core   0: 0x800012d4 (0x0000fe97) auipc   t4, 0xf
core   0: 3 0x800012d4 (0x0000fe97) x29 0x800102d4
core   0: 0x800012d8 (0x603e8e93) addi    t4, t4, 1539
core   0: 3 0x800012d8 (0x603e8e93) x29 0x800108d7
core   0: 0x800012dc (0x087ea6a3) sw      t2, 141(t4)
core   0: 3 0x800012dc (0x087ea6a3) mem 0x80010964 0x00000000
core   0: 0x800012e0 (0x0d7ed003) lhu     zero, 215(t4)
core   0: 3 0x800012e0 (0x0d7ed003) mem 0x800109ae
core   0: 0x800012e4 (0x000088c1) c.andi  s1, 16
core   0: 3 0x800012e4 (0x88c1) x9  0x00000000
core   0: 0x800012e6 (0xf62ec003) lbu     zero, -158(t4)
core   0: 3 0x800012e6 (0xf62ec003) mem 0x80010839
core   0: 0x800012ea (0xf62e8903) lb      s2, -158(t4)
core   0: 3 0x800012ea (0xf62e8903) x18 0x00000000 mem 0x80010839
core   0: 0x800012ee (0xf25e97a3) sh      t0, -209(t4)
core   0: 3 0x800012ee (0xf25e97a3) mem 0x80010806 0x0000
core   0: 0x800012f2 (0xf2ee87a3) sb      a4, -209(t4)
core   0: 3 0x800012f2 (0xf2ee87a3) mem 0x80010806 0xa4
core   0: 0x800012f6 (0x03d97733) remu    a4, s2, t4
core   0: 3 0x800012f6 (0x03d97733) x14 0x00000000
core   0: 0x800012fa (0xf30e97a3) sh      a6, -209(t4)
core   0: 3 0x800012fa (0xf30e97a3) mem 0x80010806 0x29ff
core   0: 0x800012fe (0x04ce8ca3) sb      a2, 89(t4)
core   0: 3 0x800012fe (0x04ce8ca3) mem 0x80010930 0x01
core   0: 0x80001302 (0x00000c88) c.addi4spn a0, sp, 592
core   0: 3 0x80001302 (0x0c88) x10 0x800107aa
core   0: 0x80001304 (0x05be8ca3) sb      s11, 89(t4)
core   0: 3 0x80001304 (0x05be8ca3) mem 0x80010930 0x01
core   0: 0x80001308 (0x059ed503) lhu     a0, 89(t4)
core   0: 3 0x80001308 (0x059ed503) x10 0x00000001 mem 0x80010930
core   0: 0x8000130c (0x059e9003) lh      zero, 89(t4)
core   0: 3 0x8000130c (0x059e9003) mem 0x80010930
core   0: 0x80001310 (0x045e8ca3) sb      t0, 89(t4)
core   0: 3 0x80001310 (0x045e8ca3) mem 0x80010930 0x00
core   0: 0x80001314 (0x00009bfd) c.andi  a5, -1
core   0: 3 0x80001314 (0x9bfd) x15 0xfc000000
core   0: 0x80001316 (0xf33e96a3) sh      s3, -211(t4)
core   0: 3 0x80001316 (0xf33e96a3) mem 0x80010804 0x0001
core   0: 0x8000131a (0xf2dea783) lw      a5, -211(t4)
core   0: 3 0x8000131a (0xf2dea783) x15 0x29ff0001 mem 0x80010804
core   0: 0x8000131e (0x050e8403) lb      s0, 80(t4)
core   0: 3 0x8000131e (0x050e8403) x8  0x00000000 mem 0x80010927
core   0: 0x80001322 (0x060ecc83) lbu     s9, 96(t4)
core   0: 3 0x80001322 (0x060ecc83) x25 0x00000000 mem 0x80010937
core   0: 0x80001326 (0x060ec283) lbu     t0, 96(t4)
core   0: 3 0x80001326 (0x060ec283) x5  0x00000000 mem 0x80010937
core   0: 0x8000132a (0x060ecb83) lbu     s7, 96(t4)
core   0: 3 0x8000132a (0x060ecb83) x23 0x00000000 mem 0x80010937
core   0: 0x8000132e (0x0000527d) c.li    tp, -1
core   0: 3 0x8000132e (0x527d) x4  0xffffffff
core   0: 0x80001330 (0x0e0e8603) lb      a2, 224(t4)
core   0: 3 0x80001330 (0x0e0e8603) x12 0x00000000 mem 0x800109b7
core   0: 0x80001334 (0x0ece8023) sb      a2, 224(t4)
core   0: 3 0x80001334 (0x0ece8023) mem 0x800109b7 0x00
core   0: 0x80001338 (0x00004129) c.li    sp, 10
core   0: 3 0x80001338 (0x4129) x2  0x0000000a
core   0: 0x8000133a (0x79d63693) sltiu   a3, a2, 1949
core   0: 3 0x8000133a (0x79d63693) x13 0x00000001
core   0: 0x8000133e (0x76df8997) auipc   s3, 0x76df8
core   0: 3 0x8000133e (0x76df8997) x19 0xf6df933e
core   0: 0x80001342 (0x3279a613) slti    a2, s3, 807
core   0: 3 0x80001342 (0x3279a613) x12 0x00000001
core   0: 0x80001346 (0x0365c3b3) div     t2, a1, s6
core   0: 3 0x80001346 (0x0365c3b3) x7  0x7ffda19c
core   0: 0x8000134a (0x023a1e33) mulh    t3, s4, gp
core   0: 3 0x8000134a (0x023a1e33) x28 0x3fffed47
core   0: 0x8000134e (0x00004bb9) c.li    s7, 14
core   0: 3 0x8000134e (0x4bb9) x23 0x0000000e
core   0: 0x80001350 (0x01c09533) sll     a0, ra, t3
core   0: 3 0x80001350 (0x01c09533) x10 0x00095d00
core   0: 0x80001354 (0x022f3533) mulhu   a0, t5, sp
core   0: 3 0x80001354 (0x022f3533) x10 0x00000000
core   0: 0x80001358 (0x000061b9) c.lui   gp, 0xe
core   0: 3 0x80001358 (0x61b9) x3  0x0000e000
core   0: 0x8000135a (0x000001b2) c.slli  gp, 12
core   0: 3 0x8000135a (0x01b2) x3  0x0e000000
core   0: 0x8000135c (0x00000001) c.nop
core   0: 3 0x8000135c (0x0001)
core   0: 0x8000135e (0x00180c33) add     s8, a6, ra
core   0: 3 0x8000135e (0x00180c33) x24 0xf7ef3cb9
core   0: 0x80001362 (0x00c4eab3) or      s5, s1, a2
core   0: 3 0x80001362 (0x00c4eab3) x21 0x00000001
core   0: 0x80001366 (0x0067b6b3) sltu    a3, a5, t1
core   0: 3 0x80001366 (0x0067b6b3) x13 0x00000001
core   0: 0x8000136a (0x00000125) c.addi  sp, 9
core   0: 3 0x8000136a (0x0125) x2  0x00000013
core   0: 0x8000136c (0x02837033) remu    zero, t1, s0
core   0: 3 0x8000136c (0x02837033)
core   0: 0x80001370 (0x5a4bce93) xori    t4, s7, 1444
core   0: 3 0x80001370 (0x5a4bce93) x29 0x000005aa
core   0: 0x80001374 (0x00004921) c.li    s2, 8
core   0: 3 0x80001374 (0x4921) x18 0x00000008
core   0: 0x80001376 (0x03b96333) rem     t1, s2, s11
core   0: 3 0x80001376 (0x03b96333) x6  0x00000000
core   0: 0x8000137a (0x00005d69) c.li    s10, -6
core   0: 3 0x8000137a (0x5d69) x26 0xfffffffa
core   0: 0x8000137c (0x97055397) auipc   t2, 0x97055
core   0: 3 0x8000137c (0x97055397) x7  0x1705637c
core   0: 0x80001380 (0x40685093) srai    ra, a6, 6
core   0: 3 0x80001380 (0x40685093) x1  0x01dfbca7
core   0: 0x80001384 (0x01549f33) sll     t5, s1, s5
core   0: 3 0x80001384 (0x01549f33) x30 0x00000000
core   0: 0x80001388 (0x0081bcb3) sltu    s9, gp, s0
core   0: 3 0x80001388 (0x0081bcb3) x25 0x00000000
core   0: 0x8000138c (0x018ed733) srl     a4, t4, s8
core   0: 3 0x8000138c (0x018ed733) x14 0x00000000
core   0: 0x80001390 (0x000019fd) c.addi  s3, -1
core   0: 3 0x80001390 (0x19fd) x19 0xf6df933d
core   0: 0x80001392 (0x00001965) c.addi  s2, -7
core   0: 3 0x80001392 (0x1965) x18 0x00000001
core   0: 0x80001394 (0xe4ff8db7) lui     s11, 0xe4ff8
core   0: 3 0x80001394 (0xe4ff8db7) x27 0xe4ff8000
core   0: 0x80001398 (0x02217733) remu    a4, sp, sp
core   0: 3 0x80001398 (0x02217733) x14 0x00000000
core   0: 0x8000139c (0xffa956e3) bge     s2, s10, pc - 20
core   0: 3 0x8000139c (0xffa956e3)
core   0: 0x80001388 (0x0081bcb3) sltu    s9, gp, s0
core   0: 3 0x80001388 (0x0081bcb3) x25 0x00000000
core   0: 0x8000138c (0x018ed733) srl     a4, t4, s8
core   0: 3 0x8000138c (0x018ed733) x14 0x00000000
core   0: 0x80001390 (0x000019fd) c.addi  s3, -1
core   0: 3 0x80001390 (0x19fd) x19 0xf6df933c
core   0: 0x80001392 (0x00001965) c.addi  s2, -7
core   0: 3 0x80001392 (0x1965) x18 0xfffffffa
core   0: 0x80001394 (0xe4ff8db7) lui     s11, 0xe4ff8
core   0: 3 0x80001394 (0xe4ff8db7) x27 0xe4ff8000
core   0: 0x80001398 (0x02217733) remu    a4, sp, sp
core   0: 3 0x80001398 (0x02217733) x14 0x00000000
core   0: 0x8000139c (0xffa956e3) bge     s2, s10, pc - 20
core   0: 3 0x8000139c (0xffa956e3)
core   0: 0x80001388 (0x0081bcb3) sltu    s9, gp, s0
core   0: 3 0x80001388 (0x0081bcb3) x25 0x00000000
core   0: 0x8000138c (0x018ed733) srl     a4, t4, s8
core   0: 3 0x8000138c (0x018ed733) x14 0x00000000
core   0: 0x80001390 (0x000019fd) c.addi  s3, -1
core   0: 3 0x80001390 (0x19fd) x19 0xf6df933b
core   0: 0x80001392 (0x00001965) c.addi  s2, -7
core   0: 3 0x80001392 (0x1965) x18 0xfffffff3
core   0: 0x80001394 (0xe4ff8db7) lui     s11, 0xe4ff8
core   0: 3 0x80001394 (0xe4ff8db7) x27 0xe4ff8000
core   0: 0x80001398 (0x02217733) remu    a4, sp, sp
core   0: 3 0x80001398 (0x02217733) x14 0x00000000
core   0: 0x8000139c (0xffa956e3) bge     s2, s10, pc - 20
core   0: 3 0x8000139c (0xffa956e3)
core   0: 0x800013a0 (0xfb716ae3) bltu    sp, s7, pc - 76
core   0: 3 0x800013a0 (0xfb716ae3)
core   0: 0x800013a4 (0x00d970b3) and     ra, s2, a3
core   0: 3 0x800013a4 (0x00d970b3) x1  0x00000001
core   0: 0x800013a8 (0x0001c397) auipc   t2, 0x1c
core   0: 3 0x800013a8 (0x0001c397) x7  0x8001d3a8
core   0: 0x800013ac (0xa2a38393) addi    t2, t2, -1494
core   0: 3 0x800013ac (0xa2a38393) x7  0x8001cdd2
core   0: 0x800013b0 (0xfda39d83) lh      s11, -38(t2)
core   0: 3 0x800013b0 (0xfda39d83) x27 0x00000000 mem 0x8001cdac
core   0: 0x800013b4 (0xfc93ad23) sw      s1, -38(t2)
core   0: 3 0x800013b4 (0xfc93ad23) mem 0x8001cdac 0x00000000
core   0: 0x800013b8 (0xfda39083) lh      ra, -38(t2)
core   0: 3 0x800013b8 (0xfda39083) x1  0x00000000 mem 0x8001cdac
core   0: 0x800013bc (0x00008fbe) c.mv    t6, a5
core   0: 3 0x800013bc (0x8fbe) x31 0x29ff0001
core   0: 0x800013be (0xaea04d13) xori    s10, zero, -1302
core   0: 3 0x800013be (0xaea04d13) x26 0xfffffaea
core   0: 0x800013c2 (0xfd838403) lb      s0, -40(t2)
core   0: 3 0x800013c2 (0xfd838403) x8  0x00000000 mem 0x8001cdaa
core   0: 0x800013c6 (0x012a44b3) xor     s1, s4, s2
core   0: 3 0x800013c6 (0x012a44b3) x9  0x7fffed47
core   0: 0x800013ca (0xfd139c23) sh      a7, -40(t2)
core   0: 3 0x800013ca (0xfd139c23) mem 0x8001cdaa 0x9ce4
core   0: 0x800013ce (0xfd838703) lb      a4, -40(t2)
core   0: 3 0x800013ce (0xfd838703) x14 0xffffffe4 mem 0x8001cdaa
core   0: 0x800013d2 (0xfd83cb83) lbu     s7, -40(t2)
core   0: 3 0x800013d2 (0xfd83cb83) x23 0x000000e4 mem 0x8001cdaa
core   0: 0x800013d6 (0xfd839e83) lh      t4, -40(t2)
core   0: 3 0x800013d6 (0xfd839e83) x29 0xffff9ce4 mem 0x8001cdaa
core   0: 0x800013da (0xff03cd03) lbu     s10, -16(t2)
core   0: 3 0x800013da (0xff03cd03) x26 0x00000000 mem 0x8001cdc2
core   0: 0x800013de (0xff03ce83) lbu     t4, -16(t2)
core   0: 3 0x800013de (0xff03ce83) x29 0x00000000 mem 0x8001cdc2
core   0: 0x800013e2 (0x03747233) remu    tp, s0, s7
core   0: 3 0x800013e2 (0x03747233) x4  0x00000000
core   0: 0x800013e6 (0xfc538223) sb      t0, -60(t2)
core   0: 3 0x800013e6 (0xfc538223) mem 0x8001cd96 0x00
core   0: 0x800013ea (0x0320076f) jal     a4, pc + 0x32
core   0: 3 0x800013ea (0x0320076f) x14 0x800013ee
core   0: 0x8000141c (0xfd9ff36f) jal     t1, pc - 0x28
core   0: 3 0x8000141c (0xfd9ff36f) x6  0x80001420
core   0: 0x800013f4 (0x0000bfed) c.j     pc - 6
core   0: 3 0x800013f4 (0xbfed)
core   0: 0x800013ee (0x0000a815) c.j     pc + 52
core   0: 3 0x800013ee (0xa815)
core   0: 0x80001422 (0x0000bff1) c.j     pc - 36
core   0: 3 0x80001422 (0xbff1)
core   0: 0x800013fe (0x00002021) c.jal   pc + 8
core   0: 3 0x800013fe (0x2021) x1  0x80001400
core   0: 0x80001406 (0x0000bfc5) c.j     pc - 16
core   0: 3 0x80001406 (0xbfc5)
core   0: 0x800013f6 (0x00002831) c.jal   pc + 28
core   0: 3 0x800013f6 (0x2831) x1  0x800013f8
core   0: 0x80001412 (0x00002039) c.jal   pc + 14
core   0: 3 0x80001412 (0x2039) x1  0x80001414
core   0: 0x80001420 (0x000037d5) c.jal   pc - 28
core   0: 3 0x80001420 (0x37d5) x1  0x80001422
core   0: 0x80001404 (0x00002011) c.jal   pc + 4
core   0: 3 0x80001404 (0x2011) x1  0x80001406
core   0: 0x80001408 (0x0000a031) c.j     pc + 12
core   0: 3 0x80001408 (0xa031)
core   0: 0x80001414 (0x0000b7f5) c.j     pc - 20
core   0: 3 0x80001414 (0xb7f5)
core   0: 0x80001400 (0xff1ff0ef) jal     pc - 0x10
core   0: 3 0x80001400 (0xff1ff0ef) x1  0x80001404
core   0: 0x800013f0 (0x00002021) c.jal   pc + 8
core   0: 3 0x800013f0 (0x2021) x1  0x800013f2
core   0: 0x800013f8 (0x0000a005) c.j     pc + 32
core   0: 3 0x800013f8 (0xa005)
core   0: 0x80001418 (0xfdbff0ef) jal     pc - 0x26
core   0: 3 0x80001418 (0xfdbff0ef) x1  0x8000141c
core   0: 0x800013f2 (0x0000a831) c.j     pc + 28
core   0: 3 0x800013f2 (0xa831)
core   0: 0x8000140e (0xffdff1ef) jal     gp, pc - 0x4
core   0: 3 0x8000140e (0xffdff1ef) x3  0x80001412
core   0: 0x8000140a (0x00003fc5) c.jal   pc - 16
core   0: 3 0x8000140a (0x3fc5) x1  0x8000140c
core   0: 0x800013fa (0x01c0016f) jal     sp, pc + 0x1c
core   0: 3 0x800013fa (0x01c0016f) x2  0x800013fe
core   0: 0x80001416 (0x00003fdd) c.jal   pc - 10
core   0: 3 0x80001416 (0x3fdd) x1  0x80001418
core   0: 0x8000140c (0x00002821) c.jal   pc + 24
core   0: 3 0x8000140c (0x2821) x1  0x8000140e
core   0: 0x80001424 (0x00008d11) c.sub   a0, a2
core   0: 3 0x80001424 (0x8d11) x10 0xffffffff
core   0: 0x80001426 (0x0001a317) auipc   t1, 0x1a
core   0: 3 0x80001426 (0x0001a317) x6  0x8001b426
core   0: 0x8000142a (0xc5930313) addi    t1, t1, -935
core   0: 3 0x8000142a (0xc5930313) x6  0x8001b07f
core   0: 0x8000142e (0x9ba30403) lb      s0, -1606(t1)
core   0: 3 0x8000142e (0x9ba30403) x8  0x00000000 mem 0x8001aa39
core   0: 0x80001432 (0xb0734a03) lbu     s4, -1273(t1)
core   0: 3 0x80001432 (0xb0734a03) x20 0x00000000 mem 0x8001ab86
core   0: 0x80001436 (0x0342da33) divu    s4, t0, s4
core   0: 3 0x80001436 (0x0342da33) x20 0xffffffff
core   0: 0x8000143a (0x00001c7d) c.addi  s8, -1
core   0: 3 0x8000143a (0x1c7d) x24 0xf7ef3cb8
core   0: 0x8000143c (0x252314a3) sh      s2, 585(t1)
core   0: 3 0x8000143c (0x252314a3) mem 0x8001b2c8 0xfff3
core   0: 0x80001440 (0x028c2c33) mulhsu  s8, s8, s0
core   0: 3 0x80001440 (0x028c2c33) x24 0x00000000
core   0: 0x80001444 (0xae930283) lb      t0, -1303(t1)
core   0: 3 0x80001444 (0xae930283) x5  0x00000000 mem 0x8001ab68
core   0: 0x80001448 (0x0000842d) c.srai  s0, 11
core   0: 3 0x80001448 (0x842d) x8  0x00000000
core   0: 0x8000144a (0x00008c61) c.and   s0, s0
core   0: 3 0x8000144a (0x8c61) x8  0x00000000
core   0: 0x8000144c (0x90f30c03) lb      s8, -1777(t1)
core   0: 3 0x8000144c (0x90f30c03) x24 0x00000000 mem 0x8001a98e
core   0: 0x80001450 (0xb8ec6a13) ori     s4, s8, -1138
core   0: 3 0x80001450 (0xb8ec6a13) x20 0xfffffb8e
core   0: 0x80001454 (0x025942b3) div     t0, s2, t0
core   0: 3 0x80001454 (0x025942b3) x5  0xffffffff
core   0: 0x80001458 (0x00008add) c.andi  a3, 23
core   0: 3 0x80001458 (0x8add) x13 0x00000001
core   0: 0x8000145a (0xe4830423) sb      s0, -440(t1)
core   0: 3 0x8000145a (0xe4830423) mem 0x8001aec7 0x00
core   0: 0x8000145e (0x03294933) div     s2, s2, s2
core   0: 3 0x8000145e (0x03294933) x18 0x00000001
core   0: 0x80001462 (0xfbbc6413) ori     s0, s8, -69
core   0: 3 0x80001462 (0xfbbc6413) x8  0xffffffbb
core   0: 0x80001466 (0x03d34c03) lbu     s8, 61(t1)
core   0: 3 0x80001466 (0x03d34c03) x24 0x00000000 mem 0x8001b0bc
core   0: 0x8000146a (0x41645293) srai    t0, s0, 22
core   0: 3 0x8000146a (0x41645293) x5  0xffffffff
core   0: 0x8000146e (0x012a4433) xor     s0, s4, s2
core   0: 3 0x8000146e (0x012a4433) x8  0xfffffb8f
core   0: 0x80001472 (0x3e930c03) lb      s8, 1001(t1)
core   0: 3 0x80001472 (0x3e930c03) x24 0x00000000 mem 0x8001b468
core   0: 0x80001476 (0x00004a51) c.li    s4, 20
core   0: 3 0x80001476 (0x4a51) x20 0x00000014
core   0: 0x80001478 (0x02da1933) mulh    s2, s4, a3
core   0: 3 0x80001478 (0x02da1933) x18 0x00000000
core   0: 0x8000147c (0x0000844a) c.mv    s0, s2
core   0: 3 0x8000147c (0x844a) x8  0x00000000
core   0: 0x8000147e (0x00008a62) c.mv    s4, s8
core   0: 3 0x8000147e (0x8a62) x20 0x00000000
core   0: 0x80001480 (0x000082bd) c.srli  a3, 15
core   0: 3 0x80001480 (0x82bd) x13 0x00000000
core   0: 0x80001482 (0x3a530223) sb      t0, 932(t1)
core   0: 3 0x80001482 (0x3a530223) mem 0x8001b423 0xff
core   0: 0x80001486 (0x00008ee1) c.and   a3, s0
core   0: 3 0x80001486 (0x8ee1) x13 0x00000000
core   0: 0x80001488 (0x9b230823) sb      s2, -1616(t1)
core   0: 3 0x80001488 (0x9b230823) mem 0x8001aa2f 0x00
core   0: 0x8000148c (0xf3231ba3) sh      s2, -201(t1)
core   0: 3 0x8000148c (0xf3231ba3) mem 0x8001afb6 0x0000
core   0: 0x80001490 (0x00013e97) auipc   t4, 0x13
core   0: 3 0x80001490 (0x00013e97) x29 0x80014490
core   0: 0x80001494 (0x6b0e8e93) addi    t4, t4, 1712
core   0: 3 0x80001494 (0x6b0e8e93) x29 0x80014b40
core   0: 0x80001498 (0x00008f5d) c.or    a4, a5
core   0: 3 0x80001498 (0x8f5d) x14 0xa9ff13ef
core   0: 0x8000149a (0x05fe81a3) sb      t6, 67(t4)
core   0: 3 0x8000149a (0x05fe81a3) mem 0x80014b83 0x01
core   0: 0x8000149e (0xa6f59b97) auipc   s7, 0xa6f59
core   0: 3 0x8000149e (0xa6f59b97) x23 0x26f5a49e
core   0: 0x800014a2 (0x05cead03) lw      s10, 92(t4)
core   0: 3 0x800014a2 (0x05cead03) x26 0x00000000 mem 0x80014b9c
core   0: 0x800014a6 (0xfc1e8f83) lb      t6, -63(t4)
core   0: 3 0x800014a6 (0xfc1e8f83) x31 0x00000000 mem 0x80014b01
core   0: 0x800014aa (0x069ec503) lbu     a0, 105(t4)
core   0: 3 0x800014aa (0x069ec503) x10 0x00000000 mem 0x80014ba9
core   0: 0x800014ae (0x098eac23) sw      s8, 152(t4)
core   0: 3 0x800014ae (0x098eac23) mem 0x80014bd8 0x00000000
core   0: 0x800014b2 (0x014ea623) sw      s4, 12(t4)
core   0: 3 0x800014b2 (0x014ea623) mem 0x80014b4c 0x00000000
core   0: 0x800014b6 (0x0000997d) c.andi  a0, -1
core   0: 3 0x800014b6 (0x997d) x10 0x00000000
core   0: 0x800014b8 (0x0d4ecc03) lbu     s8, 212(t4)
core   0: 3 0x800014b8 (0x0d4ecc03) x24 0x00000000 mem 0x80014c14
core   0: 0x800014bc (0x00008ecd) c.or    a3, a1
core   0: 3 0x800014bc (0x8ecd) x13 0x80025e64
core   0: 0x800014be (0x0dce9a23) sh      t3, 212(t4)
core   0: 3 0x800014be (0x0dce9a23) mem 0x80014c14 0xed47
core   0: 0x800014c2 (0x025ecb03) lbu     s6, 37(t4)
core   0: 3 0x800014c2 (0x025ecb03) x22 0x00000000 mem 0x80014b65
core   0: 0x800014c6 (0x23a86a13) ori     s4, a6, 570
core   0: 3 0x800014c6 (0x23a86a13) x20 0x77ef2bff
core   0: 0x800014ca (0x025e8203) lb      tp, 37(t4)
core   0: 3 0x800014ca (0x025e8203) x4  0x00000000 mem 0x80014b65
core   0: 0x800014ce (0x06de80a3) sb      a3, 97(t4)
core   0: 3 0x800014ce (0x06de80a3) mem 0x80014ba1 0x64
core   0: 0x800014d2 (0xf95ec903) lbu     s2, -107(t4)
core   0: 3 0x800014d2 (0xf95ec903) x18 0x00000000 mem 0x80014ad5
core   0: 0x800014d6 (0x3f6b3f93) sltiu   t6, s6, 1014
core   0: 3 0x800014d6 (0x3f6b3f93) x31 0x00000001
core   0: 0x800014da (0x033ecd83) lbu     s11, 51(t4)
core   0: 3 0x800014da (0x033ecd83) x27 0x00000000 mem 0x80014b73
core   0: 0x800014de (0x05be8e03) lb      t3, 91(t4)
core   0: 3 0x800014de (0x05be8e03) x28 0x00000000 mem 0x80014b9b
core   0: 0x800014e2 (0x0bce9003) lh      zero, 188(t4)
core   0: 3 0x800014e2 (0x0bce9003) mem 0x80014bfc
core   0: 0x800014e6 (0xf73ecd83) lbu     s11, -141(t4)
core   0: 3 0x800014e6 (0xf73ecd83) x27 0x00000000 mem 0x80014ab3
core   0: 0x800014ea (0x0001b697) auipc   a3, 0x1b
core   0: 3 0x800014ea (0x0001b697) x13 0x8001c4ea
core   0: 0x800014ee (0xf1e68693) addi    a3, a3, -226
core   0: 3 0x800014ee (0xf1e68693) x13 0x8001c408
core   0: 0x800014f2 (0x00008c45) c.or    s0, s1
core   0: 3 0x800014f2 (0x8c45) x8  0x7fffed47
core   0: 0x800014f4 (0x00cc1013) slli    zero, s8, 12
core   0: 3 0x800014f4 (0x00cc1013)
core   0: 0x800014f8 (0x00008ff9) c.and   a5, a4
core   0: 3 0x800014f8 (0x8ff9) x15 0x29ff0001
core   0: 0x800014fa (0x0248cd33) div     s10, a7, tp
core   0: 3 0x800014fa (0x0248cd33) x26 0xffffffff
core   0: 0x800014fe (0x03df00b3) mul     ra, t5, t4
core   0: 3 0x800014fe (0x03df00b3) x1  0x00000000
core   0: 0x80001502 (0x62568a23) sb      t0, 1588(a3)
core   0: 3 0x80001502 (0x62568a23) mem 0x8001ca3c 0xff
core   0: 0x80001506 (0x96268ea3) sb      sp, -1667(a3)
core   0: 3 0x80001506 (0x96268ea3) mem 0x8001bd85 0xfe
core   0: 0x8000150a (0xf4368903) lb      s2, -189(a3)
core   0: 3 0x8000150a (0xf4368903) x18 0x00000000 mem 0x8001c34b
core   0: 0x8000150e (0x00006139) c.addi16sp sp, 448
core   0: 3 0x8000150e (0x6139) x2  0x800015be
core   0: 0x80001510 (0x72efbc93) sltiu   s9, t6, 1838
core   0: 3 0x80001510 (0x72efbc93) x25 0x00000001
core   0: 0x80001514 (0x012bfc33) and     s8, s7, s2
core   0: 3 0x80001514 (0x012bfc33) x24 0x00000000
core   0: 0x80001518 (0x01412b33) slt     s6, sp, s4
core   0: 3 0x80001518 (0x01412b33) x22 0x00000001
core   0: 0x8000151c (0x00008f59) c.or    a4, a4
core   0: 3 0x8000151c (0x8f59) x14 0xa9ff13ef
core   0: 0x8000151e (0xb046cb83) lbu     s7, -1276(a3)
core   0: 3 0x8000151e (0xb046cb83) x23 0x00000000 mem 0x8001bf0c
core   0: 0x80001522 (0x7996c503) lbu     a0, 1945(a3)
core   0: 3 0x80001522 (0x7996c503) x10 0x00000000 mem 0x8001cba1
core   0: 0x80001526 (0xdf06a623) sw      a6, -532(a3)
core   0: 3 0x80001526 (0xdf06a623) mem 0x8001c1f4 0x77ef29ff
core   0: 0x8000152a (0x000083b1) c.srli  a5, 12
core   0: 3 0x8000152a (0x83b1) x15 0x00029ff0
core   0: 0x8000152c (0x00badd33) srl     s10, s5, a1
core   0: 3 0x8000152c (0x00badd33) x26 0x00000000
core   0: 0x80001530 (0x00006be1) c.lui   s7, 0x18
core   0: 3 0x80001530 (0x6be1) x23 0x00018000
core   0: 0x80001532 (0x00008162) c.mv    sp, s8
core   0: 3 0x80001532 (0x8162) x2  0x00000000
core   0: 0x80001534 (0x00769413) slli    s0, a3, 7
core   0: 3 0x80001534 (0x00769413) x8  0x00e20400
core   0: 0x80001538 (0x91ed7b93) andi    s7, s10, -1762
core   0: 3 0x80001538 (0x91ed7b93) x23 0x00000000
core   0: 0x8000153c (0x00000e5a) c.slli  t3, 22
core   0: 3 0x8000153c (0x0e5a) x28 0x00000000
core   0: 0x8000153e (0xf2268e83) lb      t4, -222(a3)
core   0: 3 0x8000153e (0xf2268e83) x29 0x00000000 mem 0x8001c32a
core   0: 0x80001542 (0x65b68103) lb      sp, 1627(a3)
core   0: 3 0x80001542 (0x65b68103) x2  0x00000000 mem 0x8001ca63
core   0: 0x80001546 (0x02b637b3) mulhu   a5, a2, a1
core   0: 3 0x80001546 (0x02b637b3) x15 0x00000000
core   0: 0x8000154a (0xe936c083) lbu     ra, -365(a3)
core   0: 3 0x8000154a (0xe936c083) x1  0x00000000 mem 0x8001c29b
core   0: 0x8000154e (0xf816c983) lbu     s3, -127(a3)
core   0: 3 0x8000154e (0xf816c983) x19 0x00000000 mem 0x8001c389
core   0: 0x80001552 (0x000017fd) c.addi  a5, -1
core   0: 3 0x80001552 (0x17fd) x15 0xffffffff
core   0: 0x80001554 (0x5ef68b83) lb      s7, 1519(a3)
core   0: 3 0x80001554 (0x5ef68b83) x23 0x00000000 mem 0x8001c9f7
core   0: 0x80001558 (0x001d12b3) sll     t0, s10, ra
core   0: 3 0x80001558 (0x001d12b3) x5  0x00000000
core   0: 0x8000155c (0x02acc0b3) div     ra, s9, a0
core   0: 3 0x8000155c (0x02acc0b3) x1  0xffffffff
core   0: 0x80001560 (0x98868783) lb      a5, -1656(a3)
core   0: 3 0x80001560 (0x98868783) x15 0x00000000 mem 0x8001bd90
core   0: 0x80001564 (0xe146de83) lhu     t4, -492(a3)
core   0: 3 0x80001564 (0xe146de83) x29 0x00000000 mem 0x8001c21c
core   0: 0x80001568 (0xb60e3193) sltiu   gp, t3, -1184
core   0: 3 0x80001568 (0xb60e3193) x3  0x00000001
core   0: 0x8000156c (0x09769923) sh      s7, 146(a3)
core   0: 3 0x8000156c (0x09769923) mem 0x8001c49a 0x0000
core   0: 0x80001570 (0x503db293) sltiu   t0, s11, 1283
core   0: 3 0x80001570 (0x503db293) x5  0x00000001
core   0: 0x80001574 (0x081a6e93) ori     t4, s4, 129
core   0: 3 0x80001574 (0x081a6e93) x29 0x77ef2bff
core   0: 0x80001578 (0xe2668aa3) sb      t1, -459(a3)
core   0: 3 0x80001578 (0xe2668aa3) mem 0x8001c23d 0x7f
core   0: 0x8000157c (0x7c4fff93) andi    t6, t6, 1988
core   0: 3 0x8000157c (0x7c4fff93) x31 0x00000000
core   0: 0x80001580 (0x01f45e93) srli    t4, s0, 31
core   0: 3 0x80001580 (0x01f45e93) x29 0x00000000
core   0: 0x80001584 (0x00e43f33) sltu    t5, s0, a4
core   0: 3 0x80001584 (0x00e43f33) x30 0x00000001
core   0: 0x80001588 (0x2bf6ca83) lbu     s5, 703(a3)
core   0: 3 0x80001588 (0x2bf6ca83) x21 0x00000000 mem 0x8001c6c7
core   0: 0x8000158c (0x0000f117) auipc   sp, 0xf
core   0: 3 0x8000158c (0x0000f117) x2  0x8001058c
core   0: 0x80001590 (0x2df10113) addi    sp, sp, 735
core   0: 3 0x80001590 (0x2df10113) x2  0x8001086b
core   0: 0x80001594 (0x113118a3) sh      s3, 273(sp)
core   0: 3 0x80001594 (0x113118a3) mem 0x8001097c 0x0000
core   0: 0x80001598 (0x000097ca) c.add   a5, s2
core   0: 3 0x80001598 (0x97ca) x15 0x00000000
core   0: 0x8000159a (0x00000001) c.nop
core   0: 3 0x8000159a (0x0001)
core   0: 0x8000159c (0xffd12083) lw      ra, -3(sp)
core   0: 3 0x8000159c (0xffd12083) x1  0x00000000 mem 0x80010868
core   0: 0x800015a0 (0x2c810d83) lb      s11, 712(sp)
core   0: 3 0x800015a0 (0x2c810d83) x27 0x00000000 mem 0x80010b33
core   0: 0x800015a4 (0x98510ba3) sb      t0, -1641(sp)
core   0: 3 0x800015a4 (0x98510ba3) mem 0x80010202 0x01
core   0: 0x800015a8 (0x4d98b917) auipc   s2, 0x4d98b
core   0: 3 0x800015a8 (0x4d98b917) x18 0xcd98c5a8
core   0: 0x800015ac (0x93214283) lbu     t0, -1742(sp)
core   0: 3 0x800015ac (0x93214283) x5  0x00000000 mem 0x8001019d
core   0: 0x800015b0 (0x67b14a83) lbu     s5, 1659(sp)
core   0: 3 0x800015b0 (0x67b14a83) x21 0x00000000 mem 0x80010ee6
core   0: 0x800015b4 (0x02d630b3) mulhu   ra, a2, a3
core   0: 3 0x800015b4 (0x02d630b3) x1  0x00000000
core   0: 0x800015b8 (0x816110a3) sh      s6, -2047(sp)
core   0: 3 0x800015b8 (0x816110a3) mem 0x8001006c 0x0001
core   0: 0x800015bc (0x70715783) lhu     a5, 1799(sp)
core   0: 3 0x800015bc (0x70715783) x15 0x00000000 mem 0x80010f72
core   0: 0x800015c0 (0x21814d83) lbu     s11, 536(sp)
core   0: 3 0x800015c0 (0x21814d83) x27 0x00000000 mem 0x80010a83
core   0: 0x800015c4 (0x00fd4333) xor     t1, s10, a5
core   0: 3 0x800015c4 (0x00fd4333) x6  0x00000000
core   0: 0x800015c8 (0x0000987d) c.andi  s0, -1
core   0: 3 0x800015c8 (0x987d) x8  0x00e20400
core   0: 0x800015ca (0x02e124b3) mulhsu  s1, sp, a4
core   0: 3 0x800015ca (0x02e124b3) x9  0xab01259e
core   0: 0x800015ce (0xed210c83) lb      s9, -302(sp)
core   0: 3 0x800015ce (0xed210c83) x25 0x00000000 mem 0x8001073d
core   0: 0x800015d2 (0x96c10983) lb      s3, -1684(sp)
core   0: 3 0x800015d2 (0x96c10983) x19 0x00000000 mem 0x800101d7
core   0: 0x800015d6 (0x00008e6d) c.and   a2, a1
core   0: 3 0x800015d6 (0x8e6d) x12 0x00000000
core   0: 0x800015d8 (0x03115003) lhu     zero, 49(sp)
core   0: 3 0x800015d8 (0x03115003) mem 0x8001089c
core   0: 0x800015dc (0x0195bab3) sltu    s5, a1, s9
core   0: 3 0x800015dc (0x0195bab3) x21 0x00000000
core   0: 0x800015e0 (0x0225e533) rem     a0, a1, sp
core   0: 3 0x800015e0 (0x0225e533) x10 0x80025e64
core   0: 0x800015e4 (0x01810d83) lb      s11, 24(sp)
core   0: 3 0x800015e4 (0x01810d83) x27 0x00000000 mem 0x80010883
core   0: 0x800015e8 (0x37494013) xori    zero, s2, 884
core   0: 3 0x800015e8 (0x37494013)
core   0: 0x800015ec (0x89adf093) andi    ra, s11, -1894
core   0: 3 0x800015ec (0x89adf093) x1  0x00000000
core   0: 0x800015f0 (0x8a142993) slti    s3, s0, -1887
core   0: 3 0x800015f0 (0x8a142993) x19 0x00000000
core   0: 0x800015f4 (0xb74c8017) auipc   zero, 0xb74c8
core   0: 3 0x800015f4 (0xb74c8017)
core   0: 0x800015f8 (0x1c210423) sb      sp, 456(sp)
core   0: 3 0x800015f8 (0x1c210423) mem 0x80010a33 0x6b
core   0: 0x800015fc (0x03164033) div     zero, a2, a7
core   0: 3 0x800015fc (0x03164033)
core   0: 0x80001600 (0x02a95533) divu    a0, s2, a0
core   0: 3 0x80001600 (0x02a95533) x10 0x00000001
core   0: 0x80001604 (0x005474b3) and     s1, s0, t0
core   0: 3 0x80001604 (0x005474b3) x9  0x00000000
core   0: 0x80001608 (0x00548033) add     zero, s1, t0
core   0: 3 0x80001608 (0x00548033)
core   0: 0x8000160c (0x00fa9d93) slli    s11, s5, 15
core   0: 3 0x8000160c (0x00fa9d93) x27 0x00000000
core   0: 0x80001610 (0xbbdaf917) auipc   s2, 0xbbdaf
core   0: 3 0x80001610 (0xbbdaf917) x18 0x3bdb0610
core   0: 0x80001614 (0x54803f17) auipc   t5, 0x54803
core   0: 3 0x80001614 (0x54803f17) x30 0xd4804614
core   0: 0x80001618 (0xaf810823) sb      s8, -1296(sp)
core   0: 3 0x80001618 (0xaf810823) mem 0x8001035b 0x00
core   0: 0x8000161c (0x38c14f83) lbu     t6, 908(sp)
core   0: 3 0x8000161c (0x38c14f83) x31 0x00000000 mem 0x80010bf7
core   0: 0x80001620 (0xe7530793) addi    a5, t1, -395
core   0: 3 0x80001620 (0xe7530793) x15 0xfffffe75
core   0: 0x80001624 (0x03b00e33) mul     t3, zero, s11
core   0: 3 0x80001624 (0x03b00e33) x28 0x00000000
core   0: 0x80001628 (0x02a66333) rem     t1, a2, a0
core   0: 3 0x80001628 (0x02a66333) x6  0x00000000
core   0: 0x8000162c (0x8ca10283) lb      t0, -1846(sp)
core   0: 3 0x8000162c (0x8ca10283) x5  0x00000000 mem 0x80010135
core   0: 0x80001630 (0x92610e83) lb      t4, -1754(sp)
core   0: 3 0x80001630 (0x92610e83) x29 0x00000000 mem 0x80010191
core   0: 0x80001634 (0x2e614783) lbu     a5, 742(sp)
core   0: 3 0x80001634 (0x2e614783) x15 0x00000000 mem 0x80010b51
core   0: 0x80001638 (0x0080076f) jal     a4, pc + 0x8
core   0: 3 0x80001638 (0x0080076f) x14 0x8000163c
core   0: 0x80001640 (0x0000a811) c.j     pc + 20
core   0: 3 0x80001640 (0xa811)
core   0: 0x80001654 (0x0000bfc5) c.j     pc - 16
core   0: 3 0x80001654 (0xbfc5)
core   0: 0x80001644 (0x00003ffd) c.jal   pc - 2
core   0: 3 0x80001644 (0x3ffd) x1  0x80001646
core   0: 0x80001642 (0x0000a811) c.j     pc + 20
core   0: 3 0x80001642 (0xa811)
core   0: 0x80001656 (0x0000a011) c.j     pc + 4
core   0: 3 0x80001656 (0xa011)
core   0: 0x8000165a (0xff9ff36f) jal     t1, pc - 0x8
core   0: 3 0x8000165a (0xff9ff36f) x6  0x8000165e
core   0: 0x80001652 (0x00003fdd) c.jal   pc - 10
core   0: 3 0x80001652 (0x3fdd) x1  0x80001654
core   0: 0x80001648 (0x00003fd5) c.jal   pc - 12
core   0: 3 0x80001648 (0x3fd5) x1  0x8000164a
core   0: 0x8000163c (0x00002039) c.jal   pc + 14
core   0: 3 0x8000163c (0x2039) x1  0x8000163e
core   0: 0x8000164a (0x0000bff5) c.j     pc - 4
core   0: 3 0x8000164a (0xbff5)
core   0: 0x80001646 (0x0000a809) c.j     pc + 18
core   0: 3 0x80001646 (0xa809)
core   0: 0x80001658 (0x0000bfd5) c.j     pc - 12
core   0: 3 0x80001658 (0xbfd5)
core   0: 0x8000164c (0x0000a009) c.j     pc + 2
core   0: 3 0x8000164c (0xa009)
core   0: 0x8000164e (0xff1ff36f) jal     t1, pc - 0x10
core   0: 3 0x8000164e (0xff1ff36f) x6  0x80001652
core   0: 0x8000163e (0x00002005) c.jal   pc + 32
core   0: 3 0x8000163e (0x2005) x1  0x80001640
core   0: 0x8000165e (0x7209cb93) xori    s7, s3, 1824
core   0: 3 0x8000165e (0x7209cb93) x23 0x00000720
core   0: 0x80001662 (0x0360076f) jal     a4, pc + 0x36
core   0: 3 0x80001662 (0x0360076f) x14 0x80001666
core   0: 0x80001698 (0x00003fc5) c.jal   pc - 16
core   0: 3 0x80001698 (0x3fc5) x1  0x8000169a
core   0: 0x80001688 (0x00003fc5) c.jal   pc - 16
core   0: 3 0x80001688 (0x3fc5) x1  0x8000168a
core   0: 0x80001678 (0x004000ef) jal     pc + 0x4
core   0: 3 0x80001678 (0x004000ef) x1  0x8000167c
core   0: 0x8000167c (0x0000a009) c.j     pc + 2
core   0: 3 0x8000167c (0xa009)
core   0: 0x8000167e (0x0000a015) c.j     pc + 36
core   0: 3 0x8000167e (0xa015)
core   0: 0x800016a2 (0xfdfff36f) jal     t1, pc - 0x22
core   0: 3 0x800016a2 (0xfdfff36f) x6  0x800016a6
core   0: 0x80001680 (0x00002811) c.jal   pc + 20
core   0: 3 0x80001680 (0x2811) x1  0x80001682
core   0: 0x80001694 (0x00003ff1) c.jal   pc - 36
core   0: 3 0x80001694 (0x3ff1) x1  0x80001696
core   0: 0x80001670 (0x0000a02d) c.j     pc + 42
core   0: 3 0x80001670 (0xa02d)
core   0: 0x8000169a (0x00c000ef) jal     pc + 0xc
core   0: 3 0x8000169a (0x00c000ef) x1  0x8000169e
core   0: 0x800016a6 (0x000037f5) c.jal   pc - 20
core   0: 3 0x800016a6 (0x37f5) x1  0x800016a8
core   0: 0x80001692 (0x0000b7c5) c.j     pc - 32
core   0: 3 0x80001692 (0xb7c5)
core   0: 0x80001672 (0x00002801) c.jal   pc + 16
core   0: 3 0x80001672 (0x2801) x1  0x80001674
core   0: 0x80001682 (0xff5ff0ef) jal     pc - 0xc
core   0: 3 0x80001682 (0xff5ff0ef) x1  0x80001686
core   0: 0x80001676 (0x0000bfc5) c.j     pc - 16
core   0: 3 0x80001676 (0xbfc5)
core   0: 0x80001666 (0x00002039) c.jal   pc + 14
core   0: 3 0x80001666 (0x2039) x1  0x80001668
core   0: 0x80001674 (0x00002819) c.jal   pc + 22
core   0: 3 0x80001674 (0x2819) x1  0x80001676
core   0: 0x8000168a (0x0000a015) c.j     pc + 36
core   0: 3 0x8000168a (0xa015)
core   0: 0x800016ae (0x0000bffd) c.j     pc - 2
core   0: 3 0x800016ae (0xbffd)
core   0: 0x800016ac (0x000037c1) c.jal   pc - 64
core   0: 3 0x800016ac (0x37c1) x1  0x800016ae
core   0: 0x8000166c (0x024000ef) jal     pc + 0x24
core   0: 3 0x8000166c (0x024000ef) x1  0x80001670
core   0: 0x80001690 (0x0000a039) c.j     pc + 14
core   0: 3 0x80001690 (0xa039)
core   0: 0x8000169e (0xfcbff0ef) jal     pc - 0x36
core   0: 3 0x8000169e (0xfcbff0ef) x1  0x800016a2
core   0: 0x80001668 (0x0000a009) c.j     pc + 2
core   0: 3 0x80001668 (0xa009)
core   0: 0x8000166a (0x00002035) c.jal   pc + 44
core   0: 3 0x8000166a (0x2035) x1  0x8000166c
core   0: 0x80001696 (0x00003fc5) c.jal   pc - 16
core   0: 3 0x80001696 (0x3fc5) x1  0x80001698
core   0: 0x80001686 (0x00002019) c.jal   pc + 6
core   0: 3 0x80001686 (0x2019) x1  0x80001688
core   0: 0x8000168c (0x01c000ef) jal     pc + 0x1c
core   0: 3 0x8000168c (0x01c000ef) x1  0x80001690
core   0: 0x800016a8 (0x00002009) c.jal   pc + 2
core   0: 3 0x800016a8 (0x2009) x1  0x800016aa
core   0: 0x800016aa (0x00002019) c.jal   pc + 6
core   0: 3 0x800016aa (0x2019) x1  0x800016ac
core   0: 0x800016b0 (0x00000001) c.nop
core   0: 3 0x800016b0 (0x0001)
core   0: 0x800016b2 (0x0200076f) jal     a4, pc + 0x20
core   0: 3 0x800016b2 (0x0200076f) x14 0x800016b6
core   0: 0x800016d2 (0x0200036f) jal     t1, pc + 0x20
core   0: 3 0x800016d2 (0x0200036f) x6  0x800016d6
core   0: 0x800016f2 (0xfddff36f) jal     t1, pc - 0x24
core   0: 3 0x800016f2 (0xfddff36f) x6  0x800016f6
core   0: 0x800016ce (0x00002029) c.jal   pc + 10
core   0: 3 0x800016ce (0x2029) x1  0x800016d0
core   0: 0x800016d8 (0xfe1ff66f) jal     a2, pc - 0x20
core   0: 3 0x800016d8 (0xfe1ff66f) x12 0x800016dc
core   0: 0x800016b8 (0x0000a801) c.j     pc + 16
core   0: 3 0x800016b8 (0xa801)
core   0: 0x800016c8 (0x0040036f) jal     t1, pc + 0x4
core   0: 3 0x800016c8 (0x0040036f) x6  0x800016cc
core   0: 0x800016cc (0x00002011) c.jal   pc + 4
core   0: 3 0x800016cc (0x2011) x1  0x800016ce
core   0: 0x800016d0 (0x0000a031) c.j     pc + 12
core   0: 3 0x800016d0 (0xa031)
core   0: 0x800016dc (0x020000ef) jal     pc + 0x20
core   0: 3 0x800016dc (0x020000ef) x1  0x800016e0
core   0: 0x800016fc (0xfffffb6f) jal     s6, pc - 0x2
core   0: 3 0x800016fc (0xfffffb6f) x22 0x80001700
core   0: 0x800016fa (0x000037dd) c.jal   pc - 26
core   0: 3 0x800016fa (0x37dd) x1  0x800016fc
core   0: 0x800016e0 (0x0000a039) c.j     pc + 14
core   0: 3 0x800016e0 (0xa039)
core   0: 0x800016ee (0x012000ef) jal     pc + 0x12
core   0: 3 0x800016ee (0x012000ef) x1  0x800016f2
core   0: 0x80001700 (0x0000b7f5) c.j     pc - 20
core   0: 3 0x80001700 (0xb7f5)
core   0: 0x800016ec (0x00003fe9) c.jal   pc - 38
core   0: 3 0x800016ec (0x3fe9) x1  0x800016ee
core   0: 0x800016c6 (0x00002015) c.jal   pc + 36
core   0: 3 0x800016c6 (0x2015) x1  0x800016c8
core   0: 0x800016ea (0x0000b7f1) c.j     pc - 52
core   0: 3 0x800016ea (0xb7f1)
core   0: 0x800016b6 (0x00002039) c.jal   pc + 14
core   0: 3 0x800016b6 (0x2039) x1  0x800016b8
core   0: 0x800016c4 (0x00003fed) c.jal   pc - 6
core   0: 3 0x800016c4 (0x3fed) x1  0x800016c6
core   0: 0x800016be (0x00002825) c.jal   pc + 56
core   0: 3 0x800016be (0x2825) x1  0x800016c0
core   0: 0x800016f6 (0xfc5ff0ef) jal     pc - 0x3c
core   0: 3 0x800016f6 (0xfc5ff0ef) x1  0x800016fa
core   0: 0x800016ba (0x02c002ef) jal     t0, pc + 0x2c
core   0: 3 0x800016ba (0x02c002ef) x5  0x800016be
core   0: 0x800016e6 (0x00003fe9) c.jal   pc - 38
core   0: 3 0x800016e6 (0x3fe9) x1  0x800016e8
core   0: 0x800016c0 (0x028000ef) jal     pc + 0x28
core   0: 3 0x800016c0 (0x028000ef) x1  0x800016c4
core   0: 0x800016e8 (0x0000bfed) c.j     pc - 6
core   0: 3 0x800016e8 (0xbfed)
core   0: 0x800016e2 (0xff5ff36f) jal     t1, pc - 0xc
core   0: 3 0x800016e2 (0xff5ff36f) x6  0x800016e6
core   0: 0x800016d6 (0x0000a035) c.j     pc + 44
core   0: 3 0x800016d6 (0xa035)
core   0: 0x80001702 (0x41788c33) sub     s8, a7, s7
core   0: 3 0x80001702 (0x41788c33) x24 0x800295c4
core   0: 0x80001706 (0x0001b117) auipc   sp, 0x1b
core   0: 3 0x80001706 (0x0001b117) x2  0x8001c706
core   0: 0x8000170a (0x9ca10113) addi    sp, sp, -1590
core   0: 3 0x8000170a (0x9ca10113) x2  0x8001c0d0
core   0: 0x8000170e (0xfb414083) lbu     ra, -76(sp)
core   0: 3 0x8000170e (0xfb414083) x1  0x00000000 mem 0x8001c084
core   0: 0x80001712 (0x0225ae33) mulhsu  t3, a1, sp
core   0: 3 0x80001712 (0x0225ae33) x28 0xc0004ece
core   0: 0x80001716 (0xf7611723) sh      s6, -146(sp)
core   0: 3 0x80001716 (0xf7611723) mem 0x8001c03e 0x1700
core   0: 0x8000171a (0xf2d10da3) sb      a3, -197(sp)
core   0: 3 0x8000171a (0xf2d10da3) mem 0x8001c00b 0x08
core   0: 0x8000171e (0xe096a337) lui     t1, 0xe096a
core   0: 3 0x8000171e (0xe096a337) x6  0xe096a000
core   0: 0x80001722 (0x0000d162) c.swsp  s8, 160(sp)
core   0: 3 0x80001722 (0xd162) mem 0x8001c170 0x800295c4
core   0: 0x80001724 (0x023108a3) sb      gp, 49(sp)
core   0: 3 0x80001724 (0x023108a3) mem 0x8001c101 0x01
core   0: 0x80001728 (0xf9015e03) lhu     t3, -112(sp)
core   0: 3 0x80001728 (0xf9015e03) x28 0x00000000 mem 0x8001c060
core   0: 0x8000172c (0xfc812423) sw      s0, -56(sp)
core   0: 3 0x8000172c (0xfc812423) mem 0x8001c098 0x00e20400
core   0: 0x80001730 (0x01aaa033) slt     zero, s5, s10
core   0: 3 0x80001730 (0x01aaa033)
core   0: 0x80001734 (0x00008ca1) c.xor   s1, s0
core   0: 3 0x80001734 (0x8ca1) x9  0x00e20400
core   0: 0x80001736 (0xd7284513) xori    a0, a6, -654
core   0: 3 0x80001736 (0xd7284513) x10 0x8810d48d
core   0: 0x8000173a (0x00e371b3) and     gp, t1, a4
core   0: 3 0x8000173a (0x00e371b3) x3  0x80000000
core   0: 0x8000173e (0x8c2cfdb7) lui     s11, 0x8c2cf
core   0: 3 0x8000173e (0x8c2cfdb7) x27 0x8c2cf000
core   0: 0x80001742 (0x08611f83) lh      t6, 134(sp)
core   0: 3 0x80001742 (0x08611f83) x31 0x00000000 mem 0x8001c156
core   0: 0x80001746 (0x0b714903) lbu     s2, 183(sp)
core   0: 3 0x80001746 (0x0b714903) x18 0x00000000 mem 0x8001c187
core   0: 0x8000174a (0xfb614d83) lbu     s11, -74(sp)
core   0: 3 0x8000174a (0xfb614d83) x27 0x00000000 mem 0x8001c086
core   0: 0x8000174e (0x0fd102a3) sb      t4, 229(sp)
core   0: 3 0x8000174e (0x0fd102a3) mem 0x8001c1b5 0x00
core   0: 0x80001752 (0x05910a03) lb      s4, 89(sp)
core   0: 3 0x80001752 (0x05910a03) x20 0x00000000 mem 0x8001c129
core   0: 0x80001756 (0x00000001) c.nop
core   0: 3 0x80001756 (0x0001)
core   0: 0x80001758 (0x09910403) lb      s0, 153(sp)
core   0: 3 0x80001758 (0x09910403) x8  0x00000000 mem 0x8001c169
core   0: 0x8000175c (0x055109a3) sb      s5, 83(sp)
core   0: 3 0x8000175c (0x055109a3) mem 0x8001c123 0x00
core   0: 0x80001760 (0xfa015e03) lhu     t3, -96(sp)
core   0: 3 0x80001760 (0xfa015e03) x28 0x00000000 mem 0x8001c070
core   0: 0x80001764 (0xfa310a03) lb      s4, -93(sp)
core   0: 3 0x80001764 (0xfa310a03) x20 0x00000000 mem 0x8001c073
core   0: 0x80001768 (0x03d10233) mul     tp, sp, t4
core   0: 3 0x80001768 (0x03d10233) x4  0x00000000
core   0: 0x8000176c (0x00008e01) c.sub   a2, s0
core   0: 3 0x8000176c (0x8e01) x12 0x800016dc
core   0: 0x8000176e (0xf2710783) lb      a5, -217(sp)
core   0: 3 0x8000176e (0xf2710783) x15 0x00000000 mem 0x8001bff7
core   0: 0x80001772 (0xfb5105a3) sb      s5, -85(sp)
core   0: 3 0x80001772 (0xfb5105a3) mem 0x8001c07b 0x00
core   0: 0x80001776 (0x07514483) lbu     s1, 117(sp)
core   0: 3 0x80001776 (0x07514483) x9  0x00000000 mem 0x8001c145
core   0: 0x8000177a (0x091107a3) sb      a7, 143(sp)
core   0: 3 0x8000177a (0x091107a3) mem 0x8001c15f 0xe4
core   0: 0x8000177e (0x0001d097) auipc   ra, 0x1d
core   0: 3 0x8000177e (0x0001d097) x1  0x8001e77e
core   0: 0x80001782 (0x58308093) addi    ra, ra, 1411
core   0: 3 0x80001782 (0x58308093) x1  0x8001ed01
core   0: 0x80001786 (0xfeb0c783) lbu     a5, -21(ra)
core   0: 3 0x80001786 (0xfeb0c783) x15 0x00000000 mem 0x8001ecec
core   0: 0x8000178a (0x00608203) lb      tp, 6(ra)
core   0: 3 0x8000178a (0x00608203) x4  0x00000000 mem 0x8001ed07
core   0: 0x8000178e (0x015ae433) or      s0, s5, s5
core   0: 3 0x8000178e (0x015ae433) x8  0x00000000
core   0: 0x80001792 (0x00000001) c.nop
core   0: 3 0x80001792 (0x0001)
core   0: 0x80001794 (0x03bc3233) mulhu   tp, s8, s11
core   0: 3 0x80001794 (0x03bc3233) x4  0x00000000
core   0: 0x80001798 (0x00008fc1) c.or    a5, s0
core   0: 3 0x80001798 (0x8fc1) x15 0x00000000
core   0: 0x8000179a (0x0120cd83) lbu     s11, 18(ra)
core   0: 3 0x8000179a (0x0120cd83) x27 0x00000000 mem 0x8001ed13
core   0: 0x8000179e (0x66a83797) auipc   a5, 0x66a83
core   0: 3 0x8000179e (0x66a83797) x15 0xe6a8479e
core   0: 0x800017a2 (0xffb09d83) lh      s11, -5(ra)
core   0: 3 0x800017a2 (0xffb09d83) x27 0x00000000 mem 0x8001ecfc
core   0: 0x800017a6 (0x03bab233) mulhu   tp, s5, s11
core   0: 3 0x800017a6 (0x03bab233) x4  0x00000000
core   0: 0x800017aa (0x02808123) sb      s0, 34(ra)
core   0: 3 0x800017aa (0x02808123) mem 0x8001ed23 0x00
core   0: 0x800017ae (0x004097a3) sh      tp, 15(ra)
core   0: 3 0x800017ae (0x004097a3) mem 0x8001ed10 0x0000
core   0: 0x800017b2 (0x00f08923) sb      a5, 18(ra)
core   0: 3 0x800017b2 (0x00f08923) mem 0x8001ed13 0x9e
core   0: 0x800017b6 (0x0210cd83) lbu     s11, 33(ra)
core   0: 3 0x800017b6 (0x0210cd83) x27 0x00000000 mem 0x8001ed22
core   0: 0x800017ba (0xfe808c23) sb      s0, -8(ra)
core   0: 3 0x800017ba (0xfe808c23) mem 0x8001ecf9 0x00
core   0: 0x800017be (0xfc108a83) lb      s5, -63(ra)
core   0: 3 0x800017be (0xfc108a83) x21 0x00000000 mem 0x8001ecc2
core   0: 0x800017c2 (0x01bc57b3) srl     a5, s8, s11
core   0: 3 0x800017c2 (0x01bc57b3) x15 0x800295c4
core   0: 0x800017c6 (0xfd408a83) lb      s5, -44(ra)
core   0: 3 0x800017c6 (0xfd408a83) x21 0x00000000 mem 0x8001ecd5
core   0: 0x800017ca (0x02f24433) div     s0, tp, a5
core   0: 3 0x800017ca (0x02f24433) x8  0x00000000
core   0: 0x800017ce (0x00447db3) and     s11, s0, tp
core   0: 3 0x800017ce (0x00447db3) x27 0x00000000
core   0: 0x800017d2 (0xfcd0cd83) lbu     s11, -51(ra)
core   0: 3 0x800017d2 (0xfcd0cd83) x27 0x00000000 mem 0x8001ecce
core   0: 0x800017d6 (0x40fddc33) sra     s8, s11, a5
core   0: 3 0x800017d6 (0x40fddc33) x24 0x00000000
core   0: 0x800017da (0x0180c203) lbu     tp, 24(ra)
core   0: 3 0x800017da (0x0180c203) x4  0x00000000 mem 0x8001ed19
core   0: 0x800017de (0x41cc5c13) srai    s8, s8, 28
core   0: 3 0x800017de (0x41cc5c13) x24 0x00000000
core   0: 0x800017e2 (0xfd60ca83) lbu     s5, -42(ra)
core   0: 3 0x800017e2 (0xfd60ca83) x21 0x00000000 mem 0x8001ecd7
core   0: 0x800017e6 (0x000067fd) c.lui   a5, 0x1f
core   0: 3 0x800017e6 (0x67fd) x15 0x0001f000
core   0: 0x800017e8 (0x0157a433) slt     s0, a5, s5
core   0: 3 0x800017e8 (0x0157a433) x8  0x00000000
core   0: 0x800017ec (0x0387dab3) divu    s5, a5, s8
core   0: 3 0x800017ec (0x0387dab3) x21 0xffffffff
core   0: 0x800017f0 (0x0340c203) lbu     tp, 52(ra)
core   0: 3 0x800017f0 (0x0340c203) x4  0x00000000 mem 0x8001ed35
core   0: 0x800017f4 (0x03ba8ab3) mul     s5, s5, s11
core   0: 3 0x800017f4 (0x03ba8ab3) x21 0x00000000
core   0: 0x800017f8 (0x0400c783) lbu     a5, 64(ra)
core   0: 3 0x800017f8 (0x0400c783) x15 0x00000000 mem 0x8001ed41
core   0: 0x800017fc (0x01b08fa3) sb      s11, 31(ra)
core   0: 3 0x800017fc (0x01b08fa3) mem 0x8001ed20 0x00
core   0: 0x80001800 (0xf4227a93) andi    s5, tp, -190
core   0: 3 0x80001800 (0xf4227a93) x21 0x00000000
core   0: 0x80001804 (0xff60c403) lbu     s0, -10(ra)
core   0: 3 0x80001804 (0xff60c403) x8  0x00000000 mem 0x8001ecf7
core   0: 0x80001808 (0xfef08023) sb      a5, -32(ra)
core   0: 3 0x80001808 (0xfef08023) mem 0x8001ece1 0x00
core   0: 0x8000180c (0x01d0c203) lbu     tp, 29(ra)
core   0: 3 0x8000180c (0x01d0c203) x4  0x00000000 mem 0x8001ed1e
core   0: 0x80001810 (0x00c0076f) jal     a4, pc + 0xc
core   0: 3 0x80001810 (0x00c0076f) x14 0x80001814
core   0: 0x8000181c (0x0000bfe5) c.j     pc - 8
core   0: 3 0x8000181c (0xbfe5)
core   0: 0x80001814 (0x01e000ef) jal     pc + 0x1e
core   0: 3 0x80001814 (0x01e000ef) x1  0x80001818
core   0: 0x80001832 (0x0000b7f5) c.j     pc - 20
core   0: 3 0x80001832 (0xb7f5)
core   0: 0x8000181e (0x006002ef) jal     t0, pc + 0x6
core   0: 3 0x8000181e (0x006002ef) x5  0x80001822
core   0: 0x80001824 (0x0000bffd) c.j     pc - 2
core   0: 3 0x80001824 (0xbffd)
core   0: 0x80001822 (0x00002031) c.jal   pc + 12
core   0: 3 0x80001822 (0x2031) x1  0x80001824
core   0: 0x8000182e (0x008000ef) jal     pc + 0x8
core   0: 3 0x8000182e (0x008000ef) x1  0x80001832
core   0: 0x80001836 (0x0000bfcd) c.j     pc - 14
core   0: 3 0x80001836 (0xbfcd)
core   0: 0x80001828 (0x00003fc5) c.jal   pc - 16
core   0: 3 0x80001828 (0x3fc5) x1  0x8000182a
core   0: 0x80001818 (0x0120036f) jal     t1, pc + 0x12
core   0: 3 0x80001818 (0x0120036f) x6  0x8000181c
core   0: 0x8000182a (0xffdff66f) jal     a2, pc - 0x4
core   0: 3 0x8000182a (0xffdff66f) x12 0x8000182e
core   0: 0x80001826 (0x0000a809) c.j     pc + 18
core   0: 3 0x80001826 (0xa809)
core   0: 0x80001838 (0x0000bff5) c.j     pc - 4
core   0: 3 0x80001838 (0xbff5)
core   0: 0x80001834 (0x0000a019) c.j     pc + 6
core   0: 3 0x80001834 (0xa019)
core   0: 0x8000183a (0x000087d2) c.mv    a5, s4
core   0: 3 0x8000183a (0x87d2) x15 0x00000000
core   0: 0x8000183c (0x0040076f) jal     a4, pc + 0x4
core   0: 3 0x8000183c (0x0040076f) x14 0x80001840
core   0: 0x80001840 (0x0000a019) c.j     pc + 6
core   0: 3 0x80001840 (0xa019)
core   0: 0x80001846 (0x00002015) c.jal   pc + 36
core   0: 3 0x80001846 (0x2015) x1  0x80001848
core   0: 0x8000186a (0x00003ff9) c.jal   pc - 34
core   0: 3 0x8000186a (0x3ff9) x1  0x8000186c
core   0: 0x80001848 (0x0000a801) c.j     pc + 16
core   0: 3 0x80001848 (0xa801)
core   0: 0x80001858 (0x00002801) c.jal   pc + 16
core   0: 3 0x80001858 (0x2801) x1  0x8000185a
core   0: 0x80001868 (0x0000b7fd) c.j     pc - 18
core   0: 3 0x80001868 (0xb7fd)
core   0: 0x80001856 (0x0000bff5) c.j     pc - 4
core   0: 3 0x80001856 (0xbff5)
core   0: 0x80001852 (0x008000ef) jal     pc + 0x8
core   0: 3 0x80001852 (0x008000ef) x1  0x80001856
core   0: 0x8000185a (0x00002009) c.jal   pc + 2
core   0: 3 0x8000185a (0x2009) x1  0x8000185c
core   0: 0x8000185c (0xff5ffd6f) jal     s10, pc - 0xc
core   0: 3 0x8000185c (0xff5ffd6f) x26 0x80001860
core   0: 0x80001850 (0x00002811) c.jal   pc + 20
core   0: 3 0x80001850 (0x2811) x1  0x80001852
core   0: 0x80001864 (0xfebff0ef) jal     pc - 0x16
core   0: 3 0x80001864 (0xfebff0ef) x1  0x80001868
core   0: 0x8000184e (0x0000a811) c.j     pc + 20
core   0: 3 0x8000184e (0xa811)
core   0: 0x80001862 (0x0000bffd) c.j     pc - 2
core   0: 3 0x80001862 (0xbffd)
core   0: 0x80001860 (0x000037f5) c.jal   pc - 20
core   0: 3 0x80001860 (0x37f5) x1  0x80001862
core   0: 0x8000184c (0x00003fdd) c.jal   pc - 10
core   0: 3 0x8000184c (0x3fdd) x1  0x8000184e
core   0: 0x80001842 (0x008000ef) jal     pc + 0x8
core   0: 3 0x80001842 (0x008000ef) x1  0x80001846
core   0: 0x8000184a (0x0000a00d) c.j     pc + 34
core   0: 3 0x8000184a (0xa00d)
core   0: 0x8000186c (0x00008fd1) c.or    a5, a2
core   0: 3 0x8000186c (0x8fd1) x15 0x8000182e
core   0: 0x8000186e (0x00005cf9) c.li    s9, -2
core   0: 3 0x8000186e (0x5cf9) x25 0xfffffffe
core   0: 0x80001870 (0x00001d08) c.addi4spn a0, sp, 688
core   0: 3 0x80001870 (0x1d08) x10 0x8001c380
core   0: 0x80001872 (0x00004651) c.li    a2, 20
core   0: 3 0x80001872 (0x4651) x12 0x00000014
core   0: 0x80001874 (0x03e33733) mulhu   a4, t1, t5
core   0: 3 0x80001874 (0x03e33733) x14 0x6a40370d
core   0: 0x80001878 (0xf71a2513) slti    a0, s4, -143
core   0: 3 0x80001878 (0xf71a2513) x10 0x00000000
core   0: 0x8000187c (0x01baf0b3) and     ra, s5, s11
core   0: 3 0x8000187c (0x01baf0b3) x1  0x00000000
core   0: 0x80001880 (0x02660133) mul     sp, a2, t1
core   0: 3 0x80001880 (0x02660133) x2  0x0001e230
core   0: 0x80001884 (0x00000c91) c.addi  s9, 4
core   0: 3 0x80001884 (0x0c91) x25 0x00000002
core   0: 0x80001886 (0x01d191b3) sll     gp, gp, t4
core   0: 3 0x80001886 (0x01d191b3) x3  0x80000000
core   0: 0x8000188a (0x0140a533) slt     a0, ra, s4
core   0: 3 0x8000188a (0x0140a533) x10 0x00000000
core   0: 0x8000188e (0x03399b33) mulh    s6, s3, s3
core   0: 3 0x8000188e (0x03399b33) x22 0x00000000
core   0: 0x80001892 (0x419681b3) sub     gp, a3, s9
core   0: 3 0x80001892 (0x419681b3) x3  0x8001c406
core   0: 0x80001896 (0x00004da1) c.li    s11, 8
core   0: 3 0x80001896 (0x4da1) x27 0x00000008
core   0: 0x80001898 (0x00004fd1) c.li    t6, 20
core   0: 3 0x80001898 (0x4fd1) x31 0x00000014
core   0: 0x8000189a (0x01f89933) sll     s2, a7, t6
core   0: 3 0x8000189a (0x01f89933) x18 0xce400000
core   0: 0x8000189e (0xb890fd13) andi    s10, ra, -1143
core   0: 3 0x8000189e (0xb890fd13) x26 0x00000000
core   0: 0x800018a2 (0x00005efd) c.li    t4, -1
core   0: 3 0x800018a2 (0x5efd) x29 0xffffffff
core   0: 0x800018a4 (0x03d6ef37) lui     t5, 0x3d6e
core   0: 3 0x800018a4 (0x03d6ef37) x30 0x03d6e000
core   0: 0x800018a8 (0x01dc7233) and     tp, s8, t4
core   0: 3 0x800018a8 (0x01dc7233) x4  0x00000000
core   0: 0x800018ac (0xd1207293) andi    t0, zero, -750
core   0: 3 0x800018ac (0xd1207293) x5  0x00000000
core   0: 0x800018b0 (0x022cf4b3) remu    s1, s9, sp
core   0: 3 0x800018b0 (0x022cf4b3) x9  0x00000002
core   0: 0x800018b4 (0x00000d99) c.addi  s11, 6
core   0: 3 0x800018b4 (0x0d99) x27 0x0000000e
core   0: 0x800018b6 (0xfffdc7e3) blt     s11, t6, pc - 18
core   0: 3 0x800018b6 (0xfffdc7e3)
core   0: 0x800018a4 (0x03d6ef37) lui     t5, 0x3d6e
core   0: 3 0x800018a4 (0x03d6ef37) x30 0x03d6e000
core   0: 0x800018a8 (0x01dc7233) and     tp, s8, t4
core   0: 3 0x800018a8 (0x01dc7233) x4  0x00000000
core   0: 0x800018ac (0xd1207293) andi    t0, zero, -750
core   0: 3 0x800018ac (0xd1207293) x5  0x00000000
core   0: 0x800018b0 (0x022cf4b3) remu    s1, s9, sp
core   0: 3 0x800018b0 (0x022cf4b3) x9  0x00000002
core   0: 0x800018b4 (0x00000d99) c.addi  s11, 6
core   0: 3 0x800018b4 (0x0d99) x27 0x00000014
core   0: 0x800018b6 (0xfffdc7e3) blt     s11, t6, pc - 18
core   0: 3 0x800018b6 (0xfffdc7e3)
core   0: 0x800018ba (0xfacccfe3) blt     s9, a2, pc - 66
core   0: 3 0x800018ba (0xfacccfe3)
core   0: 0x80001878 (0xf71a2513) slti    a0, s4, -143
core   0: 3 0x80001878 (0xf71a2513) x10 0x00000000
core   0: 0x8000187c (0x01baf0b3) and     ra, s5, s11
core   0: 3 0x8000187c (0x01baf0b3) x1  0x00000000
core   0: 0x80001880 (0x02660133) mul     sp, a2, t1
core   0: 3 0x80001880 (0x02660133) x2  0x0001e230
core   0: 0x80001884 (0x00000c91) c.addi  s9, 4
core   0: 3 0x80001884 (0x0c91) x25 0x00000006
core   0: 0x80001886 (0x01d191b3) sll     gp, gp, t4
core   0: 3 0x80001886 (0x01d191b3) x3  0x00000000
core   0: 0x8000188a (0x0140a533) slt     a0, ra, s4
core   0: 3 0x8000188a (0x0140a533) x10 0x00000000
core   0: 0x8000188e (0x03399b33) mulh    s6, s3, s3
core   0: 3 0x8000188e (0x03399b33) x22 0x00000000
core   0: 0x80001892 (0x419681b3) sub     gp, a3, s9
core   0: 3 0x80001892 (0x419681b3) x3  0x8001c402
core   0: 0x80001896 (0x00004da1) c.li    s11, 8
core   0: 3 0x80001896 (0x4da1) x27 0x00000008
core   0: 0x80001898 (0x00004fd1) c.li    t6, 20
core   0: 3 0x80001898 (0x4fd1) x31 0x00000014
core   0: 0x8000189a (0x01f89933) sll     s2, a7, t6
core   0: 3 0x8000189a (0x01f89933) x18 0xce400000
core   0: 0x8000189e (0xb890fd13) andi    s10, ra, -1143
core   0: 3 0x8000189e (0xb890fd13) x26 0x00000000
core   0: 0x800018a2 (0x00005efd) c.li    t4, -1
core   0: 3 0x800018a2 (0x5efd) x29 0xffffffff
core   0: 0x800018a4 (0x03d6ef37) lui     t5, 0x3d6e
core   0: 3 0x800018a4 (0x03d6ef37) x30 0x03d6e000
core   0: 0x800018a8 (0x01dc7233) and     tp, s8, t4
core   0: 3 0x800018a8 (0x01dc7233) x4  0x00000000
core   0: 0x800018ac (0xd1207293) andi    t0, zero, -750
core   0: 3 0x800018ac (0xd1207293) x5  0x00000000
core   0: 0x800018b0 (0x022cf4b3) remu    s1, s9, sp
core   0: 3 0x800018b0 (0x022cf4b3) x9  0x00000006
core   0: 0x800018b4 (0x00000d99) c.addi  s11, 6
core   0: 3 0x800018b4 (0x0d99) x27 0x0000000e
core   0: 0x800018b6 (0xfffdc7e3) blt     s11, t6, pc - 18
core   0: 3 0x800018b6 (0xfffdc7e3)
core   0: 0x800018a4 (0x03d6ef37) lui     t5, 0x3d6e
core   0: 3 0x800018a4 (0x03d6ef37) x30 0x03d6e000
core   0: 0x800018a8 (0x01dc7233) and     tp, s8, t4
core   0: 3 0x800018a8 (0x01dc7233) x4  0x00000000
core   0: 0x800018ac (0xd1207293) andi    t0, zero, -750
core   0: 3 0x800018ac (0xd1207293) x5  0x00000000
core   0: 0x800018b0 (0x022cf4b3) remu    s1, s9, sp
core   0: 3 0x800018b0 (0x022cf4b3) x9  0x00000006
core   0: 0x800018b4 (0x00000d99) c.addi  s11, 6
core   0: 3 0x800018b4 (0x0d99) x27 0x00000014
core   0: 0x800018b6 (0xfffdc7e3) blt     s11, t6, pc - 18
core   0: 3 0x800018b6 (0xfffdc7e3)
core   0: 0x800018ba (0xfacccfe3) blt     s9, a2, pc - 66
core   0: 3 0x800018ba (0xfacccfe3)
core   0: 0x80001878 (0xf71a2513) slti    a0, s4, -143
core   0: 3 0x80001878 (0xf71a2513) x10 0x00000000
core   0: 0x8000187c (0x01baf0b3) and     ra, s5, s11
core   0: 3 0x8000187c (0x01baf0b3) x1  0x00000000
core   0: 0x80001880 (0x02660133) mul     sp, a2, t1
core   0: 3 0x80001880 (0x02660133) x2  0x0001e230
core   0: 0x80001884 (0x00000c91) c.addi  s9, 4
core   0: 3 0x80001884 (0x0c91) x25 0x0000000a
core   0: 0x80001886 (0x01d191b3) sll     gp, gp, t4
core   0: 3 0x80001886 (0x01d191b3) x3  0x00000000
core   0: 0x8000188a (0x0140a533) slt     a0, ra, s4
core   0: 3 0x8000188a (0x0140a533) x10 0x00000000
core   0: 0x8000188e (0x03399b33) mulh    s6, s3, s3
core   0: 3 0x8000188e (0x03399b33) x22 0x00000000
core   0: 0x80001892 (0x419681b3) sub     gp, a3, s9
core   0: 3 0x80001892 (0x419681b3) x3  0x8001c3fe
core   0: 0x80001896 (0x00004da1) c.li    s11, 8
core   0: 3 0x80001896 (0x4da1) x27 0x00000008
core   0: 0x80001898 (0x00004fd1) c.li    t6, 20
core   0: 3 0x80001898 (0x4fd1) x31 0x00000014
core   0: 0x8000189a (0x01f89933) sll     s2, a7, t6
core   0: 3 0x8000189a (0x01f89933) x18 0xce400000
core   0: 0x8000189e (0xb890fd13) andi    s10, ra, -1143
core   0: 3 0x8000189e (0xb890fd13) x26 0x00000000
core   0: 0x800018a2 (0x00005efd) c.li    t4, -1
core   0: 3 0x800018a2 (0x5efd) x29 0xffffffff
core   0: 0x800018a4 (0x03d6ef37) lui     t5, 0x3d6e
core   0: 3 0x800018a4 (0x03d6ef37) x30 0x03d6e000
core   0: 0x800018a8 (0x01dc7233) and     tp, s8, t4
core   0: 3 0x800018a8 (0x01dc7233) x4  0x00000000
core   0: 0x800018ac (0xd1207293) andi    t0, zero, -750
core   0: 3 0x800018ac (0xd1207293) x5  0x00000000
core   0: 0x800018b0 (0x022cf4b3) remu    s1, s9, sp
core   0: 3 0x800018b0 (0x022cf4b3) x9  0x0000000a
core   0: 0x800018b4 (0x00000d99) c.addi  s11, 6
core   0: 3 0x800018b4 (0x0d99) x27 0x0000000e
core   0: 0x800018b6 (0xfffdc7e3) blt     s11, t6, pc - 18
core   0: 3 0x800018b6 (0xfffdc7e3)
core   0: 0x800018a4 (0x03d6ef37) lui     t5, 0x3d6e
core   0: 3 0x800018a4 (0x03d6ef37) x30 0x03d6e000
core   0: 0x800018a8 (0x01dc7233) and     tp, s8, t4
core   0: 3 0x800018a8 (0x01dc7233) x4  0x00000000
core   0: 0x800018ac (0xd1207293) andi    t0, zero, -750
core   0: 3 0x800018ac (0xd1207293) x5  0x00000000
core   0: 0x800018b0 (0x022cf4b3) remu    s1, s9, sp
core   0: 3 0x800018b0 (0x022cf4b3) x9  0x0000000a
core   0: 0x800018b4 (0x00000d99) c.addi  s11, 6
core   0: 3 0x800018b4 (0x0d99) x27 0x00000014
core   0: 0x800018b6 (0xfffdc7e3) blt     s11, t6, pc - 18
core   0: 3 0x800018b6 (0xfffdc7e3)
core   0: 0x800018ba (0xfacccfe3) blt     s9, a2, pc - 66
core   0: 3 0x800018ba (0xfacccfe3)
core   0: 0x80001878 (0xf71a2513) slti    a0, s4, -143
core   0: 3 0x80001878 (0xf71a2513) x10 0x00000000
core   0: 0x8000187c (0x01baf0b3) and     ra, s5, s11
core   0: 3 0x8000187c (0x01baf0b3) x1  0x00000000
core   0: 0x80001880 (0x02660133) mul     sp, a2, t1
core   0: 3 0x80001880 (0x02660133) x2  0x0001e230
core   0: 0x80001884 (0x00000c91) c.addi  s9, 4
core   0: 3 0x80001884 (0x0c91) x25 0x0000000e
core   0: 0x80001886 (0x01d191b3) sll     gp, gp, t4
core   0: 3 0x80001886 (0x01d191b3) x3  0x00000000
core   0: 0x8000188a (0x0140a533) slt     a0, ra, s4
core   0: 3 0x8000188a (0x0140a533) x10 0x00000000
core   0: 0x8000188e (0x03399b33) mulh    s6, s3, s3
core   0: 3 0x8000188e (0x03399b33) x22 0x00000000
core   0: 0x80001892 (0x419681b3) sub     gp, a3, s9
core   0: 3 0x80001892 (0x419681b3) x3  0x8001c3fa
core   0: 0x80001896 (0x00004da1) c.li    s11, 8
core   0: 3 0x80001896 (0x4da1) x27 0x00000008
core   0: 0x80001898 (0x00004fd1) c.li    t6, 20
core   0: 3 0x80001898 (0x4fd1) x31 0x00000014
core   0: 0x8000189a (0x01f89933) sll     s2, a7, t6
core   0: 3 0x8000189a (0x01f89933) x18 0xce400000
core   0: 0x8000189e (0xb890fd13) andi    s10, ra, -1143
core   0: 3 0x8000189e (0xb890fd13) x26 0x00000000
core   0: 0x800018a2 (0x00005efd) c.li    t4, -1
core   0: 3 0x800018a2 (0x5efd) x29 0xffffffff
core   0: 0x800018a4 (0x03d6ef37) lui     t5, 0x3d6e
core   0: 3 0x800018a4 (0x03d6ef37) x30 0x03d6e000
core   0: 0x800018a8 (0x01dc7233) and     tp, s8, t4
core   0: 3 0x800018a8 (0x01dc7233) x4  0x00000000
core   0: 0x800018ac (0xd1207293) andi    t0, zero, -750
core   0: 3 0x800018ac (0xd1207293) x5  0x00000000
core   0: 0x800018b0 (0x022cf4b3) remu    s1, s9, sp
core   0: 3 0x800018b0 (0x022cf4b3) x9  0x0000000e
core   0: 0x800018b4 (0x00000d99) c.addi  s11, 6
core   0: 3 0x800018b4 (0x0d99) x27 0x0000000e
core   0: 0x800018b6 (0xfffdc7e3) blt     s11, t6, pc - 18
core   0: 3 0x800018b6 (0xfffdc7e3)
core   0: 0x800018a4 (0x03d6ef37) lui     t5, 0x3d6e
core   0: 3 0x800018a4 (0x03d6ef37) x30 0x03d6e000
core   0: 0x800018a8 (0x01dc7233) and     tp, s8, t4
core   0: 3 0x800018a8 (0x01dc7233) x4  0x00000000
core   0: 0x800018ac (0xd1207293) andi    t0, zero, -750
core   0: 3 0x800018ac (0xd1207293) x5  0x00000000
core   0: 0x800018b0 (0x022cf4b3) remu    s1, s9, sp
core   0: 3 0x800018b0 (0x022cf4b3) x9  0x0000000e
core   0: 0x800018b4 (0x00000d99) c.addi  s11, 6
core   0: 3 0x800018b4 (0x0d99) x27 0x00000014
core   0: 0x800018b6 (0xfffdc7e3) blt     s11, t6, pc - 18
core   0: 3 0x800018b6 (0xfffdc7e3)
core   0: 0x800018ba (0xfacccfe3) blt     s9, a2, pc - 66
core   0: 3 0x800018ba (0xfacccfe3)
core   0: 0x80001878 (0xf71a2513) slti    a0, s4, -143
core   0: 3 0x80001878 (0xf71a2513) x10 0x00000000
core   0: 0x8000187c (0x01baf0b3) and     ra, s5, s11
core   0: 3 0x8000187c (0x01baf0b3) x1  0x00000000
core   0: 0x80001880 (0x02660133) mul     sp, a2, t1
core   0: 3 0x80001880 (0x02660133) x2  0x0001e230
core   0: 0x80001884 (0x00000c91) c.addi  s9, 4
core   0: 3 0x80001884 (0x0c91) x25 0x00000012
core   0: 0x80001886 (0x01d191b3) sll     gp, gp, t4
core   0: 3 0x80001886 (0x01d191b3) x3  0x00000000
core   0: 0x8000188a (0x0140a533) slt     a0, ra, s4
core   0: 3 0x8000188a (0x0140a533) x10 0x00000000
core   0: 0x8000188e (0x03399b33) mulh    s6, s3, s3
core   0: 3 0x8000188e (0x03399b33) x22 0x00000000
core   0: 0x80001892 (0x419681b3) sub     gp, a3, s9
core   0: 3 0x80001892 (0x419681b3) x3  0x8001c3f6
core   0: 0x80001896 (0x00004da1) c.li    s11, 8
core   0: 3 0x80001896 (0x4da1) x27 0x00000008
core   0: 0x80001898 (0x00004fd1) c.li    t6, 20
core   0: 3 0x80001898 (0x4fd1) x31 0x00000014
core   0: 0x8000189a (0x01f89933) sll     s2, a7, t6
core   0: 3 0x8000189a (0x01f89933) x18 0xce400000
core   0: 0x8000189e (0xb890fd13) andi    s10, ra, -1143
core   0: 3 0x8000189e (0xb890fd13) x26 0x00000000
core   0: 0x800018a2 (0x00005efd) c.li    t4, -1
core   0: 3 0x800018a2 (0x5efd) x29 0xffffffff
core   0: 0x800018a4 (0x03d6ef37) lui     t5, 0x3d6e
core   0: 3 0x800018a4 (0x03d6ef37) x30 0x03d6e000
core   0: 0x800018a8 (0x01dc7233) and     tp, s8, t4
core   0: 3 0x800018a8 (0x01dc7233) x4  0x00000000
core   0: 0x800018ac (0xd1207293) andi    t0, zero, -750
core   0: 3 0x800018ac (0xd1207293) x5  0x00000000
core   0: 0x800018b0 (0x022cf4b3) remu    s1, s9, sp
core   0: 3 0x800018b0 (0x022cf4b3) x9  0x00000012
core   0: 0x800018b4 (0x00000d99) c.addi  s11, 6
core   0: 3 0x800018b4 (0x0d99) x27 0x0000000e
core   0: 0x800018b6 (0xfffdc7e3) blt     s11, t6, pc - 18
core   0: 3 0x800018b6 (0xfffdc7e3)
core   0: 0x800018a4 (0x03d6ef37) lui     t5, 0x3d6e
core   0: 3 0x800018a4 (0x03d6ef37) x30 0x03d6e000
core   0: 0x800018a8 (0x01dc7233) and     tp, s8, t4
core   0: 3 0x800018a8 (0x01dc7233) x4  0x00000000
core   0: 0x800018ac (0xd1207293) andi    t0, zero, -750
core   0: 3 0x800018ac (0xd1207293) x5  0x00000000
core   0: 0x800018b0 (0x022cf4b3) remu    s1, s9, sp
core   0: 3 0x800018b0 (0x022cf4b3) x9  0x00000012
core   0: 0x800018b4 (0x00000d99) c.addi  s11, 6
core   0: 3 0x800018b4 (0x0d99) x27 0x00000014
core   0: 0x800018b6 (0xfffdc7e3) blt     s11, t6, pc - 18
core   0: 3 0x800018b6 (0xfffdc7e3)
core   0: 0x800018ba (0xfacccfe3) blt     s9, a2, pc - 66
core   0: 3 0x800018ba (0xfacccfe3)
core   0: 0x80001878 (0xf71a2513) slti    a0, s4, -143
core   0: 3 0x80001878 (0xf71a2513) x10 0x00000000
core   0: 0x8000187c (0x01baf0b3) and     ra, s5, s11
core   0: 3 0x8000187c (0x01baf0b3) x1  0x00000000
core   0: 0x80001880 (0x02660133) mul     sp, a2, t1
core   0: 3 0x80001880 (0x02660133) x2  0x0001e230
core   0: 0x80001884 (0x00000c91) c.addi  s9, 4
core   0: 3 0x80001884 (0x0c91) x25 0x00000016
core   0: 0x80001886 (0x01d191b3) sll     gp, gp, t4
core   0: 3 0x80001886 (0x01d191b3) x3  0x00000000
core   0: 0x8000188a (0x0140a533) slt     a0, ra, s4
core   0: 3 0x8000188a (0x0140a533) x10 0x00000000
core   0: 0x8000188e (0x03399b33) mulh    s6, s3, s3
core   0: 3 0x8000188e (0x03399b33) x22 0x00000000
core   0: 0x80001892 (0x419681b3) sub     gp, a3, s9
core   0: 3 0x80001892 (0x419681b3) x3  0x8001c3f2
core   0: 0x80001896 (0x00004da1) c.li    s11, 8
core   0: 3 0x80001896 (0x4da1) x27 0x00000008
core   0: 0x80001898 (0x00004fd1) c.li    t6, 20
core   0: 3 0x80001898 (0x4fd1) x31 0x00000014
core   0: 0x8000189a (0x01f89933) sll     s2, a7, t6
core   0: 3 0x8000189a (0x01f89933) x18 0xce400000
core   0: 0x8000189e (0xb890fd13) andi    s10, ra, -1143
core   0: 3 0x8000189e (0xb890fd13) x26 0x00000000
core   0: 0x800018a2 (0x00005efd) c.li    t4, -1
core   0: 3 0x800018a2 (0x5efd) x29 0xffffffff
core   0: 0x800018a4 (0x03d6ef37) lui     t5, 0x3d6e
core   0: 3 0x800018a4 (0x03d6ef37) x30 0x03d6e000
core   0: 0x800018a8 (0x01dc7233) and     tp, s8, t4
core   0: 3 0x800018a8 (0x01dc7233) x4  0x00000000
core   0: 0x800018ac (0xd1207293) andi    t0, zero, -750
core   0: 3 0x800018ac (0xd1207293) x5  0x00000000
core   0: 0x800018b0 (0x022cf4b3) remu    s1, s9, sp
core   0: 3 0x800018b0 (0x022cf4b3) x9  0x00000016
core   0: 0x800018b4 (0x00000d99) c.addi  s11, 6
core   0: 3 0x800018b4 (0x0d99) x27 0x0000000e
core   0: 0x800018b6 (0xfffdc7e3) blt     s11, t6, pc - 18
core   0: 3 0x800018b6 (0xfffdc7e3)
core   0: 0x800018a4 (0x03d6ef37) lui     t5, 0x3d6e
core   0: 3 0x800018a4 (0x03d6ef37) x30 0x03d6e000
core   0: 0x800018a8 (0x01dc7233) and     tp, s8, t4
core   0: 3 0x800018a8 (0x01dc7233) x4  0x00000000
core   0: 0x800018ac (0xd1207293) andi    t0, zero, -750
core   0: 3 0x800018ac (0xd1207293) x5  0x00000000
core   0: 0x800018b0 (0x022cf4b3) remu    s1, s9, sp
core   0: 3 0x800018b0 (0x022cf4b3) x9  0x00000016
core   0: 0x800018b4 (0x00000d99) c.addi  s11, 6
core   0: 3 0x800018b4 (0x0d99) x27 0x00000014
core   0: 0x800018b6 (0xfffdc7e3) blt     s11, t6, pc - 18
core   0: 3 0x800018b6 (0xfffdc7e3)
core   0: 0x800018ba (0xfacccfe3) blt     s9, a2, pc - 66
core   0: 3 0x800018ba (0xfacccfe3)
core   0: 0x800018be (0x30bdef13) ori     t5, s11, 779
core   0: 3 0x800018be (0x30bdef13) x30 0x0000031f
core   0: 0x800018c2 (0x000056f5) c.li    a3, -3
core   0: 3 0x800018c2 (0x56f5) x13 0xfffffffd
core   0: 0x800018c4 (0x01e2c3b3) xor     t2, t0, t5
core   0: 3 0x800018c4 (0x01e2c3b3) x7  0x0000031f
core   0: 0x800018c8 (0x00004289) c.li    t0, 2
core   0: 3 0x800018c8 (0x4289) x5  0x00000002
core   0: 0x800018ca (0x00001c98) c.addi4spn a4, sp, 624
core   0: 3 0x800018ca (0x1c98) x14 0x0001e4a0
core   0: 0x800018cc (0x013179b3) and     s3, sp, s3
core   0: 3 0x800018cc (0x013179b3) x19 0x00000000
core   0: 0x800018d0 (0xc4170d93) addi    s11, a4, -959
core   0: 3 0x800018d0 (0xc4170d93) x27 0x0001e0e1
core   0: 0x800018d4 (0x00000685) c.addi  a3, 1
core   0: 3 0x800018d4 (0x0685) x13 0xfffffffe
core   0: 0x800018d6 (0x0058d4b3) srl     s1, a7, t0
core   0: 3 0x800018d6 (0x0058d4b3) x9  0x2000a739
core   0: 0x800018da (0x038e6933) rem     s2, t3, s8
core   0: 3 0x800018da (0x038e6933) x18 0x00000000
core   0: 0x800018de (0x000050fd) c.li    ra, -1
core   0: 3 0x800018de (0x50fd) x1  0xffffffff
core   0: 0x800018e0 (0xfe5696e3) bne     a3, t0, pc - 20
core   0: 3 0x800018e0 (0xfe5696e3)
core   0: 0x800018cc (0x013179b3) and     s3, sp, s3
core   0: 3 0x800018cc (0x013179b3) x19 0x00000000
core   0: 0x800018d0 (0xc4170d93) addi    s11, a4, -959
core   0: 3 0x800018d0 (0xc4170d93) x27 0x0001e0e1
core   0: 0x800018d4 (0x00000685) c.addi  a3, 1
core   0: 3 0x800018d4 (0x0685) x13 0xffffffff
core   0: 0x800018d6 (0x0058d4b3) srl     s1, a7, t0
core   0: 3 0x800018d6 (0x0058d4b3) x9  0x2000a739
core   0: 0x800018da (0x038e6933) rem     s2, t3, s8
core   0: 3 0x800018da (0x038e6933) x18 0x00000000
core   0: 0x800018de (0x000050fd) c.li    ra, -1
core   0: 3 0x800018de (0x50fd) x1  0xffffffff
core   0: 0x800018e0 (0xfe5696e3) bne     a3, t0, pc - 20
core   0: 3 0x800018e0 (0xfe5696e3)
core   0: 0x800018cc (0x013179b3) and     s3, sp, s3
core   0: 3 0x800018cc (0x013179b3) x19 0x00000000
core   0: 0x800018d0 (0xc4170d93) addi    s11, a4, -959
core   0: 3 0x800018d0 (0xc4170d93) x27 0x0001e0e1
core   0: 0x800018d4 (0x00000685) c.addi  a3, 1
core   0: 3 0x800018d4 (0x0685) x13 0x00000000
core   0: 0x800018d6 (0x0058d4b3) srl     s1, a7, t0
core   0: 3 0x800018d6 (0x0058d4b3) x9  0x2000a739
core   0: 0x800018da (0x038e6933) rem     s2, t3, s8
core   0: 3 0x800018da (0x038e6933) x18 0x00000000
core   0: 0x800018de (0x000050fd) c.li    ra, -1
core   0: 3 0x800018de (0x50fd) x1  0xffffffff
core   0: 0x800018e0 (0xfe5696e3) bne     a3, t0, pc - 20
core   0: 3 0x800018e0 (0xfe5696e3)
core   0: 0x800018cc (0x013179b3) and     s3, sp, s3
core   0: 3 0x800018cc (0x013179b3) x19 0x00000000
core   0: 0x800018d0 (0xc4170d93) addi    s11, a4, -959
core   0: 3 0x800018d0 (0xc4170d93) x27 0x0001e0e1
core   0: 0x800018d4 (0x00000685) c.addi  a3, 1
core   0: 3 0x800018d4 (0x0685) x13 0x00000001
core   0: 0x800018d6 (0x0058d4b3) srl     s1, a7, t0
core   0: 3 0x800018d6 (0x0058d4b3) x9  0x2000a739
core   0: 0x800018da (0x038e6933) rem     s2, t3, s8
core   0: 3 0x800018da (0x038e6933) x18 0x00000000
core   0: 0x800018de (0x000050fd) c.li    ra, -1
core   0: 3 0x800018de (0x50fd) x1  0xffffffff
core   0: 0x800018e0 (0xfe5696e3) bne     a3, t0, pc - 20
core   0: 3 0x800018e0 (0xfe5696e3)
core   0: 0x800018cc (0x013179b3) and     s3, sp, s3
core   0: 3 0x800018cc (0x013179b3) x19 0x00000000
core   0: 0x800018d0 (0xc4170d93) addi    s11, a4, -959
core   0: 3 0x800018d0 (0xc4170d93) x27 0x0001e0e1
core   0: 0x800018d4 (0x00000685) c.addi  a3, 1
core   0: 3 0x800018d4 (0x0685) x13 0x00000002
core   0: 0x800018d6 (0x0058d4b3) srl     s1, a7, t0
core   0: 3 0x800018d6 (0x0058d4b3) x9  0x2000a739
core   0: 0x800018da (0x038e6933) rem     s2, t3, s8
core   0: 3 0x800018da (0x038e6933) x18 0x00000000
core   0: 0x800018de (0x000050fd) c.li    ra, -1
core   0: 3 0x800018de (0x50fd) x1  0xffffffff
core   0: 0x800018e0 (0xfe5696e3) bne     a3, t0, pc - 20
core   0: 3 0x800018e0 (0xfe5696e3)
core   0: 0x800018e4 (0x000083d9) c.srli  a5, 22
core   0: 3 0x800018e4 (0x83d9) x15 0x00000200
core   0: 0x800018e6 (0x41b45093) srai    ra, s0, 27
core   0: 3 0x800018e6 (0x41b45093) x1  0x00000000
core   0: 0x800018ea (0x006ca1b3) slt     gp, s9, t1
core   0: 3 0x800018ea (0x006ca1b3) x3  0x00000000
core   0: 0x800018ee (0x024481b3) mul     gp, s1, tp
core   0: 3 0x800018ee (0x024481b3) x3  0x00000000
core   0: 0x800018f2 (0x41275f93) srai    t6, a4, 18
core   0: 3 0x800018f2 (0x41275f93) x31 0x00000000
core   0: 0x800018f6 (0xe89b3c37) lui     s8, 0xe89b3
core   0: 3 0x800018f6 (0xe89b3c37) x24 0xe89b3000
core   0: 0x800018fa (0x006f29b3) slt     s3, t5, t1
core   0: 3 0x800018fa (0x006f29b3) x19 0x00000000
core   0: 0x800018fe (0x01df3bb3) sltu    s7, t5, t4
core   0: 3 0x800018fe (0x01df3bb3) x23 0x00000001
core   0: 0x80001902 (0xb13d7337) lui     t1, 0xb13d7
core   0: 3 0x80001902 (0xb13d7337) x6  0xb13d7000
core   0: 0x80001906 (0x405b5a33) sra     s4, s6, t0
core   0: 3 0x80001906 (0x405b5a33) x20 0x00000000
core   0: 0x8000190a (0x03c00463) beq     zero, t3, pc + 40
core   0: 3 0x8000190a (0x03c00463)
core   0: 0x80001932 (0x039f2633) mulhsu  a2, t5, s9
core   0: 3 0x80001932 (0x039f2633) x12 0x00000000
core   0: 0x80001936 (0x00cbb6b3) sltu    a3, s7, a2
core   0: 3 0x80001936 (0x00cbb6b3) x13 0x00000000
core   0: 0x8000193a (0x01979293) slli    t0, a5, 25
core   0: 3 0x8000193a (0x01979293) x5  0x00000000
core   0: 0x8000193e (0x00008f5d) c.or    a4, a5
core   0: 3 0x8000193e (0x8f5d) x14 0x0001e6a0
core   0: 0x80001940 (0x0000147d) c.addi  s0, -1
core   0: 3 0x80001940 (0x147d) x8  0xffffffff
core   0: 0x80001942 (0x000088dd) c.andi  s1, 23
core   0: 3 0x80001942 (0x88dd) x9  0x00000011
core   0: 0x80001944 (0xb7287193) andi    gp, a6, -1166
core   0: 3 0x80001944 (0xb7287193) x3  0x77ef2972
core   0: 0x80001948 (0x00c19c93) slli    s9, gp, 12
core   0: 3 0x80001948 (0x00c19c93) x25 0xf2972000
core   0: 0x8000194c (0x02877463) bgeu    a4, s0, pc + 40
core   0: 3 0x8000194c (0x02877463)
core   0: 0x80001950 (0xd67d4f93) xori    t6, s10, -665
core   0: 3 0x80001950 (0xd67d4f93) x31 0xfffffd67
core   0: 0x80001954 (0x00006929) c.lui   s2, 0xa
core   0: 3 0x80001954 (0x6929) x18 0x0000a000
core   0: 0x80001956 (0x03dabbb3) mulhu   s7, s5, t4
core   0: 3 0x80001956 (0x03dabbb3) x23 0x00000000
core   0: 0x8000195a (0x018b9933) sll     s2, s7, s8
core   0: 3 0x8000195a (0x018b9933) x18 0x00000000
core   0: 0x8000195e (0x03026e63) bltu    tp, a6, pc + 60
core   0: 3 0x8000195e (0x03026e63)
core   0: 0x8000199a (0x0371ceb3) div     t4, gp, s7
core   0: 3 0x8000199a (0x0371ceb3) x29 0xffffffff
core   0: 0x8000199e (0x00009b7d) c.andi  a4, -1
core   0: 3 0x8000199e (0x9b7d) x14 0x0001e6a0
core   0: 0x800019a0 (0x000091aa) c.add   gp, a0
core   0: 3 0x800019a0 (0x91aa) x3  0x77ef2972
core   0: 0x800019a2 (0x01a3a0b3) slt     ra, t2, s10
core   0: 3 0x800019a2 (0x01a3a0b3) x1  0x00000000
core   0: 0x800019a6 (0x40ae8cb3) sub     s9, t4, a0
core   0: 3 0x800019a6 (0x40ae8cb3) x25 0xffffffff
core   0: 0x800019aa (0x03418f63) beq     gp, s4, pc + 62
core   0: 3 0x800019aa (0x03418f63)
core   0: 0x800019ae (0x00000f04) c.addi4spn s1, sp, 912
core   0: 3 0x800019ae (0x0f04) x9  0x0001e5c0
core   0: 0x800019b0 (0x005559b3) srl     s3, a0, t0
core   0: 3 0x800019b0 (0x005559b3) x19 0x00000000
core   0: 0x800019b4 (0x035d1f33) mulh    t5, s10, s5
core   0: 3 0x800019b4 (0x035d1f33) x30 0x00000000
core   0: 0x800019b8 (0x00c1f933) and     s2, gp, a2
core   0: 3 0x800019b8 (0x00c1f933) x18 0x00000000
core   0: 0x800019bc (0x01a0d7b3) srl     a5, ra, s10
core   0: 3 0x800019bc (0x01a0d7b3) x15 0x00000000
core   0: 0x800019c0 (0x0239bcb3) mulhu   s9, s3, gp
core   0: 3 0x800019c0 (0x0239bcb3) x25 0x00000000
core   0: 0x800019c4 (0x02fafeb3) remu    t4, s5, a5
core   0: 3 0x800019c4 (0x02fafeb3) x29 0x00000000
core   0: 0x800019c8 (0x00008aa1) c.andi  a3, 8
core   0: 3 0x800019c8 (0x8aa1) x13 0x00000000
core   0: 0x800019ca (0x00008442) c.mv    s0, a6
core   0: 3 0x800019ca (0x8442) x8  0x77ef29ff
core   0: 0x800019cc (0xdb6f2c93) slti    s9, t5, -586
core   0: 3 0x800019cc (0xdb6f2c93) x25 0x00000000
core   0: 0x800019d0 (0x01c12913) slti    s2, sp, 28
core   0: 3 0x800019d0 (0x01c12913) x18 0x00000000
core   0: 0x800019d4 (0x031ec633) div     a2, t4, a7
core   0: 3 0x800019d4 (0x031ec633) x12 0x00000000
core   0: 0x800019d8 (0x02a75363) bge     a4, a0, pc + 38
core   0: 3 0x800019d8 (0x02a75363)
core   0: 0x800019fe (0x02568ab3) mul     s5, a3, t0
core   0: 3 0x800019fe (0x02568ab3) x21 0x00000000
core   0: 0x80001a02 (0x0066ff63) bgeu    a3, t1, pc + 30
core   0: 3 0x80001a02 (0x0066ff63)
core   0: 0x80001a06 (0xa6c13393) sltiu   t2, sp, -1428
core   0: 3 0x80001a06 (0xa6c13393) x7  0x00000001
core   0: 0x80001a0a (0x0495d063) bge     a1, s1, pc + 64
core   0: 3 0x80001a0a (0x0495d063)
core   0: 0x80001a0e (0x002f9963) bne     t6, sp, pc + 18
core   0: 3 0x80001a0e (0x002f9963)
core   0: 0x80001a20 (0x00a844b3) xor     s1, a6, a0
core   0: 3 0x80001a20 (0x00a844b3) x9  0x77ef29ff
core   0: 0x80001a24 (0x017ed093) srli    ra, t4, 23
core   0: 3 0x80001a24 (0x017ed093) x1  0x00000000
core   0: 0x80001a28 (0x00008051) c.srli  s0, 20
core   0: 3 0x80001a28 (0x8051) x8  0x0000077e
core   0: 0x80001a2a (0x00008d09) c.sub   a0, a0
core   0: 3 0x80001a2a (0x8d09) x10 0x00000000
core   0: 0x80001a2c (0x0000051c) c.addi4spn a5, sp, 640
core   0: 3 0x80001a2c (0x051c) x15 0x0001e4b0
core   0: 0x80001a2e (0x01a01c63) bne     zero, s10, pc + 24
core   0: 3 0x80001a2e (0x01a01c63)
core   0: 0x80001a32 (0x0000ef91) c.bnez  a5, pc + 28
core   0: 3 0x80001a32 (0xef91)
core   0: 0x80001a4e (0x01f26ab3) or      s5, tp, t6
core   0: 3 0x80001a4e (0x01f26ab3) x21 0xfffffd67
core   0: 0x80001a52 (0x01dd5c93) srli    s9, s10, 29
core   0: 3 0x80001a52 (0x01dd5c93) x25 0x00000000
core   0: 0x80001a56 (0x01b99363) bne     s3, s11, pc + 6
core   0: 3 0x80001a56 (0x01b99363)
core   0: 0x80001a5c (0x403bdb93) srai    s7, s7, 3
core   0: 3 0x80001a5c (0x403bdb93) x23 0x00000000
core   0: 0x80001a60 (0x003e36b3) sltu    a3, t3, gp
core   0: 3 0x80001a60 (0x003e36b3) x13 0x00000001
core   0: 0x80001a64 (0x00008eb9) c.xor   a3, a4
core   0: 3 0x80001a64 (0x8eb9) x13 0x0001e6a1
core   0: 0x80001a66 (0x1be87913) andi    s2, a6, 446
core   0: 3 0x80001a66 (0x1be87913) x18 0x000001be
core   0: 0x80001a6a (0x00009afd) c.andi  a3, -1
core   0: 3 0x80001a6a (0x9afd) x13 0x0001e6a1
core   0: 0x80001a6c (0x0001b517) auipc   a0, 0x1b
core   0: 3 0x80001a6c (0x0001b517) x10 0x8001ca6c
core   0: 0x80001a70 (0xab750513) addi    a0, a0, -1353
core   0: 3 0x80001a70 (0xab750513) x10 0x8001c523
core   0: 0x80001a74 (0x00350a03) lb      s4, 3(a0)
core   0: 3 0x80001a74 (0x00350a03) x20 0x00000000 mem 0x8001c526
core   0: 0x80001a78 (0x00008b7d) c.andi  a4, 31
core   0: 3 0x80001a78 (0x8b7d) x14 0x00000000
core   0: 0x80001a7a (0x00d501a3) sb      a3, 3(a0)
core   0: 3 0x80001a7a (0x00d501a3) mem 0x8001c526 0xa1
core   0: 0x80001a7e (0x00054103) lbu     sp, 0(a0)
core   0: 3 0x80001a7e (0x00054103) x2  0x00000000 mem 0x8001c523
core   0: 0x80001a82 (0xff850d23) sb      s8, -6(a0)
core   0: 3 0x80001a82 (0xff850d23) mem 0x8001c51d 0x00
core   0: 0x80001a86 (0x00552d03) lw      s10, 5(a0)
core   0: 3 0x80001a86 (0x00552d03) x26 0x00000000 mem 0x8001c528
core   0: 0x80001a8a (0x00552703) lw      a4, 5(a0)
core   0: 3 0x80001a8a (0x00552703) x14 0x00000000 mem 0x8001c528
core   0: 0x80001a8e (0xffe54083) lbu     ra, -2(a0)
core   0: 3 0x80001a8e (0xffe54083) x1  0x00000000 mem 0x8001c521
core   0: 0x80001a92 (0xffe50083) lb      ra, -2(a0)
core   0: 3 0x80001a92 (0xffe50083) x1  0x00000000 mem 0x8001c521
core   0: 0x80001a96 (0xfe550da3) sb      t0, -5(a0)
core   0: 3 0x80001a96 (0xfe550da3) mem 0x8001c51e 0x00
core   0: 0x80001a9a (0x030ac433) div     s0, s5, a6
core   0: 3 0x80001a9a (0x030ac433) x8  0x00000000
core   0: 0x80001a9e (0xfee50b23) sb      a4, -10(a0)
core   0: 3 0x80001a9e (0xfee50b23) mem 0x8001c519 0x00
core   0: 0x80001aa2 (0x00000698) c.addi4spn a4, sp, 832
core   0: 3 0x80001aa2 (0x0698) x14 0x00000340
core   0: 0x80001aa4 (0x00551603) lh      a2, 5(a0)
core   0: 3 0x80001aa4 (0x00551603) x12 0x00000000 mem 0x8001c528
core   0: 0x80001aa8 (0x00654283) lbu     t0, 6(a0)
core   0: 3 0x80001aa8 (0x00654283) x5  0x00000000 mem 0x8001c529
core   0: 0x80001aac (0x000081d6) c.mv    gp, s5
core   0: 3 0x80001aac (0x81d6) x3  0xfffffd67
core   0: 0x80001aae (0xff650c23) sb      s6, -8(a0)
core   0: 3 0x80001aae (0xff650c23) mem 0x8001c51b 0x00
core   0: 0x80001ab2 (0xff850383) lb      t2, -8(a0)
core   0: 3 0x80001ab2 (0xff850383) x7  0x00000000 mem 0x8001c51b
core   0: 0x80001ab6 (0x037ae7b3) rem     a5, s5, s7
core   0: 3 0x80001ab6 (0x037ae7b3) x15 0xfffffd67
core   0: 0x80001aba (0x000092ce) c.add   t0, s3
core   0: 3 0x80001aba (0x92ce) x5  0x00000000
core   0: 0x80001abc (0xff854e03) lbu     t3, -8(a0)
core   0: 3 0x80001abc (0xff854e03) x28 0x00000000 mem 0x8001c51b
core   0: 0x80001ac0 (0x0000832d) c.srli  a4, 11
core   0: 3 0x80001ac0 (0x832d) x14 0x00000000
core   0: 0x80001ac2 (0x00654c83) lbu     s9, 6(a0)
core   0: 3 0x80001ac2 (0x00654c83) x25 0x00000000 mem 0x8001c529
core   0: 0x80001ac6 (0x00d74763) blt     a4, a3, pc + 14
core   0: 3 0x80001ac6 (0x00d74763)
core   0: 0x80001ad4 (0x0072dab3) srl     s5, t0, t2
core   0: 3 0x80001ad4 (0x0072dab3) x21 0x00000000
core   0: 0x80001ad8 (0x00004cbd) c.li    s9, 15
core   0: 3 0x80001ad8 (0x4cbd) x25 0x0000000f
core   0: 0x80001ada (0x00000001) c.nop
core   0: 3 0x80001ada (0x0001)
core   0: 0x80001adc (0x00008d11) c.sub   a0, a2
core   0: 3 0x80001adc (0x8d11) x10 0x8001c523
core   0: 0x80001ade (0x001a5b63) bge     s4, ra, pc + 22
core   0: 3 0x80001ade (0x001a5b63)
core   0: 0x80001af4 (0x00006161) c.addi16sp sp, 80
core   0: 3 0x80001af4 (0x6161) x2  0x00000050
core   0: 0x80001af6 (0x00000001) c.nop
core   0: 3 0x80001af6 (0x0001)
core   0: 0x80001af8 (0x4507b793) sltiu   a5, a5, 1104
core   0: 3 0x80001af8 (0x4507b793) x15 0x00000000
core   0: 0x80001afc (0x8d21b713) sltiu   a4, gp, -1838
core   0: 3 0x80001afc (0x8d21b713) x14 0x00000000
core   0: 0x80001b00 (0x000087c2) c.mv    a5, a6
core   0: 3 0x80001b00 (0x87c2) x15 0x77ef29ff
core   0: 0x80001b02 (0x010c83b3) add     t2, s9, a6
core   0: 3 0x80001b02 (0x010c83b3) x7  0x77ef2a0e
core   0: 0x80001b06 (0x5a058013) addi    zero, a1, 1440
core   0: 3 0x80001b06 (0x5a058013)
core   0: 0x80001b0a (0x40fb5093) srai    ra, s6, 15
core   0: 3 0x80001b0a (0x40fb5093) x1  0x00000000
core   0: 0x80001b0e (0x02eba1b3) mulhsu  gp, s7, a4
core   0: 3 0x80001b0e (0x02eba1b3) x3  0x00000000
core   0: 0x80001b12 (0x00000001) c.nop
core   0: 3 0x80001b12 (0x0001)
core   0: 0x80001b14 (0x00152d33) slt     s10, a0, ra
core   0: 3 0x80001b14 (0x00152d33) x26 0x00000001
core   0: 0x80001b18 (0x86be4b93) xori    s7, t3, -1941
core   0: 3 0x80001b18 (0x86be4b93) x23 0xfffff86b
core   0: 0x80001b1c (0x00000e8e) c.slli  t4, 3
core   0: 3 0x80001b1c (0x0e8e) x29 0x00000000
core   0: 0x80001b1e (0x000051fd) c.li    gp, -1
core   0: 3 0x80001b1e (0x51fd) x3  0xffffffff
core   0: 0x80001b20 (0x532e4993) xori    s3, t3, 1330
core   0: 3 0x80001b20 (0x532e4993) x19 0x00000532
core   0: 0x80001b24 (0x416fd693) srai    a3, t6, 22
core   0: 3 0x80001b24 (0x416fd693) x13 0xffffffff
core   0: 0x80001b28 (0x0000197d) c.addi  s2, -1
core   0: 3 0x80001b28 (0x197d) x18 0x000001bd
core   0: 0x80001b2a (0x4ed93d93) sltiu   s11, s2, 1261
core   0: 3 0x80001b2a (0x4ed93d93) x27 0x00000001
core   0: 0x80001b2e (0x406fd2b3) sra     t0, t6, t1
core   0: 3 0x80001b2e (0x406fd2b3) x5  0xfffffd67
core   0: 0x80001b32 (0x00008f35) c.xor   a4, a3
core   0: 3 0x80001b32 (0x8f35) x14 0xffffffff
core   0: 0x80001b34 (0x0000e019) c.bnez  s0, pc + 6
core   0: 3 0x80001b34 (0xe019)
core   0: 0x80001b36 (0x4122d913) srai    s2, t0, 18
core   0: 3 0x80001b36 (0x4122d913) x18 0xffffffff
core   0: 0x80001b3a (0x0090c433) xor     s0, ra, s1
core   0: 3 0x80001b3a (0x0090c433) x8  0x77ef29ff
core   0: 0x80001b3e (0x00008f0d) c.sub   a4, a1
core   0: 3 0x80001b3e (0x8f0d) x14 0x7ffda19b
core   0: 0x80001b40 (0x02db09b3) mul     s3, s6, a3
core   0: 3 0x80001b40 (0x02db09b3) x19 0x00000000
core   0: 0x80001b44 (0x00006095) c.lui   ra, 0x5
core   0: 3 0x80001b44 (0x6095) x1  0x00005000
core   0: 0x80001b46 (0x0000eb95) c.bnez  a5, pc + 52
core   0: 3 0x80001b46 (0xeb95)
core   0: 0x80001b7a (0x02691c33) mulh    s8, s2, t1
core   0: 3 0x80001b7a (0x02691c33) x24 0x00000000
core   0: 0x80001b7e (0x00008c12) c.mv    s8, tp
core   0: 3 0x80001b7e (0x8c12) x24 0x00000000
core   0: 0x80001b80 (0x00baeb33) or      s6, s5, a1
core   0: 3 0x80001b80 (0x00baeb33) x22 0x80025e64
core   0: 0x80001b84 (0x00000001) c.nop
core   0: 3 0x80001b84 (0x0001)
core   0: 0x80001b86 (0x017fbf33) sltu    t5, t6, s7
core   0: 3 0x80001b86 (0x017fbf33) x30 0x00000000
core   0: 0x80001b8a (0x0100bc33) sltu    s8, ra, a6
core   0: 3 0x80001b8a (0x0100bc33) x24 0x00000001
core   0: 0x80001b8e (0x405f5493) srai    s1, t5, 5
core   0: 3 0x80001b8e (0x405f5493) x9  0x00000000
core   0: 0x80001b92 (0x0000963a) c.add   a2, a4
core   0: 3 0x80001b92 (0x963a) x12 0x7ffda19b
core   0: 0x80001b94 (0x007e0863) beq     t3, t2, pc + 16
core   0: 3 0x80001b94 (0x007e0863)
core   0: 0x80001b98 (0x00008cd5) c.or    s1, a3
core   0: 3 0x80001b98 (0x8cd5) x9  0xffffffff
core   0: 0x80001b9a (0x2c5e6013) ori     zero, t3, 709
core   0: 3 0x80001b9a (0x2c5e6013)
core   0: 0x80001b9e (0x01f10f33) add     t5, sp, t6
core   0: 3 0x80001b9e (0x01f10f33) x30 0xfffffdb7
core   0: 0x80001ba2 (0x00000001) c.nop
core   0: 3 0x80001ba2 (0x0001)
core   0: 0x80001ba4 (0x0016a333) slt     t1, a3, ra
core   0: 3 0x80001ba4 (0x0016a333) x6  0x00000001
core   0: 0x80001ba8 (0x00008c35) c.xor   s0, a3
core   0: 3 0x80001ba8 (0x8c35) x8  0x8810d600
core   0: 0x80001baa (0x000091c2) c.add   gp, a6
core   0: 3 0x80001baa (0x91c2) x3  0x77ef29fe
core   0: 0x80001bac (0x41e00033) sub     zero, zero, t5
core   0: 3 0x80001bac (0x41e00033)
core   0: 0x80001bb0 (0x0230f933) remu    s2, ra, gp
core   0: 3 0x80001bb0 (0x0230f933) x18 0x00005000
core   0: 0x80001bb4 (0x3ee32f13) slti    t5, t1, 1006
core   0: 3 0x80001bb4 (0x3ee32f13) x30 0x00000001
core   0: 0x80001bb8 (0x03678b33) mul     s6, a5, s6
core   0: 3 0x80001bb8 (0x03678b33) x22 0x7ed6099c
core   0: 0x80001bbc (0x00008941) c.andi  a0, 16
core   0: 3 0x80001bbc (0x8941) x10 0x00000000
core   0: 0x80001bbe (0x01b5bf33) sltu    t5, a1, s11
core   0: 3 0x80001bbe (0x01b5bf33) x30 0x00000000
core   0: 0x80001bc2 (0x0205ea63) bltu    a1, zero, pc + 52
core   0: 3 0x80001bc2 (0x0205ea63)
core   0: 0x80001bc6 (0x00000a18) c.addi4spn a4, sp, 272
core   0: 3 0x80001bc6 (0x0a18) x14 0x00000160
core   0: 0x80001bc8 (0x0000137d) c.addi  t1, -1
core   0: 3 0x80001bc8 (0x137d) x6  0x00000000
core   0: 0x80001bca (0x00635863) bge     t1, t1, pc + 16
core   0: 3 0x80001bca (0x00635863)
core   0: 0x80001bda (0x00008ef1) c.and   a3, a2
core   0: 3 0x80001bda (0x8ef1) x13 0x7ffda19b
core   0: 0x80001bdc (0x033fe533) rem     a0, t6, s3
core   0: 3 0x80001bdc (0x033fe533) x10 0xfffffd67
core   0: 0x80001be0 (0x00008edd) c.or    a3, a5
core   0: 3 0x80001be0 (0x8edd) x13 0x7fffa9ff
core   0: 0x80001be2 (0x03b112b3) mulh    t0, sp, s11
core   0: 3 0x80001be2 (0x03b112b3) x5  0x00000000
core   0: 0x80001be6 (0x00006111) c.addi16sp sp, 256
core   0: 3 0x80001be6 (0x6111) x2  0x00000150
core   0: 0x80001be8 (0x00000e46) c.slli  t3, 17
core   0: 3 0x80001be8 (0x0e46) x28 0x00000000
core   0: 0x80001bea (0x019ce933) or      s2, s9, s9
core   0: 3 0x80001bea (0x019ce933) x18 0x0000000f
core   0: 0x80001bee (0x00006171) c.addi16sp sp, 336
core   0: 3 0x80001bee (0x6171) x2  0x000002a0
core   0: 0x80001bf0 (0x00008f55) c.or    a4, a3
core   0: 3 0x80001bf0 (0x8f55) x14 0x7fffa9ff
core   0: 0x80001bf2 (0x00006aed) c.lui   s5, 0x1b
core   0: 3 0x80001bf2 (0x6aed) x21 0x0001b000
core   0: 0x80001bf4 (0x00000584) c.addi4spn s1, sp, 704
core   0: 3 0x80001bf4 (0x0584) x9  0x00000560
core   0: 0x80001bf6 (0x03a61e63) bne     a2, s10, pc + 60
core   0: 3 0x80001bf6 (0x03a61e63)
core   0: 0x80001c32 (0x0241cb33) div     s6, gp, tp
core   0: 3 0x80001c32 (0x0241cb33) x22 0xffffffff
core   0: 0x80001c36 (0x414d0033) sub     zero, s10, s4
core   0: 3 0x80001c36 (0x414d0033)
core   0: 0x80001c3a (0x00000001) c.nop
core   0: 3 0x80001c3a (0x0001)
core   0: 0x80001c3c (0x00000001) c.nop
core   0: 3 0x80001c3c (0x0001)
core   0: 0x80001c3e (0x00e79b33) sll     s6, a5, a4
core   0: 3 0x80001c3e (0x00e79b33) x22 0x80000000
core   0: 0x80001c42 (0x00000d42) c.slli  s10, 16
core   0: 3 0x80001c42 (0x0d42) x26 0x00010000
core   0: 0x80001c44 (0x41a9dc33) sra     s8, s3, s10
core   0: 3 0x80001c44 (0x41a9dc33) x24 0x00000000
core   0: 0x80001c48 (0x0000717d) c.addi16sp sp, -16
core   0: 3 0x80001c48 (0x717d) x2  0x00000290
core   0: 0x80001c4a (0x000067e1) c.lui   a5, 0x18
core   0: 3 0x80001c4a (0x67e1) x15 0x00018000
core   0: 0x80001c4c (0x01feb533) sltu    a0, t4, t6
core   0: 3 0x80001c4c (0x01feb533) x10 0x00000001
core   0: 0x80001c50 (0x00008345) c.srli  a4, 17
core   0: 3 0x80001c50 (0x8345) x14 0x00003fff
core   0: 0x80001c52 (0x00009b76) c.add   s6, t4
core   0: 3 0x80001c52 (0x9b76) x22 0x80000000
core   0: 0x80001c54 (0x021ee6b3) rem     a3, t4, ra
core   0: 3 0x80001c54 (0x021ee6b3) x13 0x00000000
core   0: 0x80001c58 (0x03348063) beq     s1, s3, pc + 32
core   0: 3 0x80001c58 (0x03348063)
core   0: 0x80001c5c (0x01a50463) beq     a0, s10, pc + 8
core   0: 3 0x80001c5c (0x01a50463)
core   0: 0x80001c60 (0x0000857e) c.mv    a0, t6
core   0: 3 0x80001c60 (0x857e) x10 0xfffffd67
core   0: 0x80001c62 (0x000000da) c.slli  ra, 22
core   0: 3 0x80001c62 (0x00da) x1  0x00000000
core   0: 0x80001c64 (0x0000613d) c.addi16sp sp, 480
core   0: 3 0x80001c64 (0x613d) x2  0x00000470
core   0: 0x80001c66 (0x01598b63) beq     s3, s5, pc + 22
core   0: 3 0x80001c66 (0x01598b63)
core   0: 0x80001c6a (0x6abb7713) andi    a4, s6, 1707
core   0: 3 0x80001c6a (0x6abb7713) x14 0x00000000
core   0: 0x80001c6e (0x000093ee) c.add   t2, s11
core   0: 3 0x80001c6e (0x93ee) x7  0x77ef2a0f
core   0: 0x80001c70 (0x015709b3) add     s3, a4, s5
core   0: 3 0x80001c70 (0x015709b3) x19 0x0001b000
core   0: 0x80001c74 (0x73580d13) addi    s10, a6, 1845
core   0: 3 0x80001c74 (0x73580d13) x26 0x77ef3134
core   0: 0x80001c78 (0x9cb7c693) xori    a3, a5, -1589
core   0: 3 0x80001c78 (0x9cb7c693) x13 0xfffe79cb
core   0: 0x80001c7c (0x0000997d) c.andi  a0, -1
core   0: 3 0x80001c7c (0x997d) x10 0xfffffd67
core   0: 0x80001c7e (0x41505613) srai    a2, zero, 21
core   0: 3 0x80001c7e (0x41505613) x12 0x00000000
core   0: 0x80001c82 (0x01bb1e93) slli    t4, s6, 27
core   0: 3 0x80001c82 (0x01bb1e93) x29 0x00000000
core   0: 0x80001c86 (0x00000080) c.addi4spn s0, sp, 64
core   0: 3 0x80001c86 (0x0080) x8  0x000004b0
core   0: 0x80001c88 (0x4005d033) sra     zero, a1, zero
core   0: 3 0x80001c88 (0x4005d033)
core   0: 0x80001c8c (0x00006461) c.lui   s0, 0x18
core   0: 3 0x80001c8c (0x6461) x8  0x00018000
core   0: 0x80001c8e (0x0177a0b3) slt     ra, a5, s7
core   0: 3 0x80001c8e (0x0177a0b3) x1  0x00000000
core   0: 0x80001c92 (0x0000e485) c.bnez  s1, pc + 40
core   0: 3 0x80001c92 (0xe485)
core   0: 0x80001cba (0x40000433) sub     s0, zero, zero
core   0: 3 0x80001cba (0x40000433) x8  0x00000000
core   0: 0x80001cbe (0x0062e663) bltu    t0, t1, pc + 12
core   0: 3 0x80001cbe (0x0062e663)
core   0: 0x80001cc2 (0x00d94463) blt     s2, a3, pc + 8
core   0: 3 0x80001cc2 (0x00d94463)
core   0: 0x80001cc6 (0x4180d513) srai    a0, ra, 24
core   0: 3 0x80001cc6 (0x4180d513) x10 0x00000000
core   0: 0x80001cca (0x01804433) xor     s0, zero, s8
core   0: 3 0x80001cca (0x01804433) x8  0x00000000
core   0: 0x80001cce (0x0333eb33) rem     s6, t2, s3
core   0: 3 0x80001cce (0x0333eb33) x22 0x0000ca0f
core   0: 0x80001cd2 (0x00000001) c.nop
core   0: 3 0x80001cd2 (0x0001)
core   0: 0x80001cd4 (0x5a83ba13) sltiu   s4, t2, 1448
core   0: 3 0x80001cd4 (0x5a83ba13) x20 0x00000000
core   0: 0x80001cd8 (0x01420733) add     a4, tp, s4
core   0: 3 0x80001cd8 (0x01420733) x14 0x00000000
core   0: 0x80001cdc (0x40a45133) sra     sp, s0, a0
core   0: 3 0x80001cdc (0x40a45133) x2  0x00000000
core   0: 0x80001ce0 (0x0000614d) c.addi16sp sp, 176
core   0: 3 0x80001ce0 (0x614d) x2  0x000000b0
core   0: 0x80001ce2 (0x000050fd) c.li    ra, -1
core   0: 3 0x80001ce2 (0x50fd) x1  0xffffffff
core   0: 0x80001ce4 (0x03b5cb33) div     s6, a1, s11
core   0: 3 0x80001ce4 (0x03b5cb33) x22 0x80025e64
core   0: 0x80001ce8 (0x0095d993) srli    s3, a1, 9
core   0: 3 0x80001ce8 (0x0095d993) x19 0x0040012f
core   0: 0x80001cec (0x00008a99) c.andi  a3, 6
core   0: 3 0x80001cec (0x8a99) x13 0x00000002
core   0: 0x80001cee (0x02fa7163) bgeu    s4, a5, pc + 34
core   0: 3 0x80001cee (0x02fa7163)
core   0: 0x80001cf2 (0x004a9db3) sll     s11, s5, tp
core   0: 3 0x80001cf2 (0x004a9db3) x27 0x0001b000
core   0: 0x80001cf6 (0x00008159) c.srli  a0, 22
core   0: 3 0x80001cf6 (0x8159) x10 0x00000000
core   0: 0x80001cf8 (0x02184563) blt     a6, ra, pc + 42
core   0: 3 0x80001cf8 (0x02184563)
core   0: 0x80001cfc (0x0000891a) c.mv    s2, t1
core   0: 3 0x80001cfc (0x891a) x18 0x00000000
core   0: 0x80001cfe (0x0000076e) c.slli  a4, 27
core   0: 3 0x80001cfe (0x076e) x14 0x00000000
core   0: 0x80001d00 (0x01378663) beq     a5, s3, pc + 12
core   0: 3 0x80001d00 (0x01378663)
core   0: 0x80001d04 (0x02f48d63) beq     s1, a5, pc + 58
core   0: 3 0x80001d04 (0x02f48d63)
core   0: 0x80001d08 (0x010ed933) srl     s2, t4, a6
core   0: 3 0x80001d08 (0x010ed933) x18 0x00000000
core   0: 0x80001d0c (0x01a069b3) or      s3, zero, s10
core   0: 3 0x80001d0c (0x01a069b3) x19 0x77ef3134
core   0: 0x80001d10 (0x3c72e013) ori     zero, t0, 967
core   0: 3 0x80001d10 (0x3c72e013)
core   0: 0x80001d14 (0x0100dbb3) srl     s7, ra, a6
core   0: 3 0x80001d14 (0x0100dbb3) x23 0x00000001
core   0: 0x80001d18 (0x01d09e93) slli    t4, ra, 29
core   0: 3 0x80001d18 (0x01d09e93) x29 0xe0000000
core   0: 0x80001d1c (0x00008c79) c.and   s0, a4
core   0: 3 0x80001d1c (0x8c79) x8  0x00000000
core   0: 0x80001d1e (0x017f1533) sll     a0, t5, s7
core   0: 3 0x80001d1e (0x017f1533) x10 0x00000000
core   0: 0x80001d22 (0x00000001) c.nop
core   0: 3 0x80001d22 (0x0001)
core   0: 0x80001d24 (0x003c51b3) srl     gp, s8, gp
core   0: 3 0x80001d24 (0x003c51b3) x3  0x00000000
core   0: 0x80001d28 (0x00eff9b3) and     s3, t6, a4
core   0: 3 0x80001d28 (0x00eff9b3) x19 0x00000000
core   0: 0x80001d2c (0x00008d69) c.and   a0, a0
core   0: 3 0x80001d2c (0x8d69) x10 0x00000000
core   0: 0x80001d2e (0x00008015) c.srli  s0, 5
core   0: 3 0x80001d2e (0x8015) x8  0x00000000
core   0: 0x80001d30 (0xf98a8993) addi    s3, s5, -104
core   0: 3 0x80001d30 (0xf98a8993) x19 0x0001af98
core   0: 0x80001d34 (0x00006399) c.lui   t2, 0x6
core   0: 3 0x80001d34 (0x6399) x7  0x00006000
core   0: 0x80001d36 (0x00009bfd) c.andi  a5, -1
core   0: 3 0x80001d36 (0x9bfd) x15 0x00018000
core   0: 0x80001d38 (0x0000cc0d) c.beqz  s0, pc + 58
core   0: 3 0x80001d38 (0xcc0d)
core   0: 0x80001d72 (0xd0202e13) slti    t3, zero, -766
core   0: 3 0x80001d72 (0xd0202e13) x28 0x00000000
core   0: 0x80001d76 (0x01b9d093) srli    ra, s3, 27
core   0: 3 0x80001d76 (0x01b9d093) x1  0x00000000
core   0: 0x80001d7a (0x01a37cb3) and     s9, t1, s10
core   0: 3 0x80001d7a (0x01a37cb3) x25 0x00000000
core   0: 0x80001d7e (0x02b87f63) bgeu    a6, a1, pc + 62
core   0: 3 0x80001d7e (0x02b87f63)
core   0: 0x80001d82 (0x2c19a513) slti    a0, s3, 705
core   0: 3 0x80001d82 (0x2c19a513) x10 0x00000000
core   0: 0x80001d86 (0x00236e33) or      t3, t1, sp
core   0: 3 0x80001d86 (0x00236e33) x28 0x000000b0
core   0: 0x80001d8a (0x00cf8db7) lui     s11, 0xcf8
core   0: 3 0x80001d8a (0x00cf8db7) x27 0x00cf8000
core   0: 0x80001d8e (0x02757563) bgeu    a0, t2, pc + 42
core   0: 3 0x80001d8e (0x02757563)
core   0: 0x80001d92 (0x00009b7d) c.andi  a4, -1
core   0: 3 0x80001d92 (0x9b7d) x14 0x00000000
core   0: 0x80001d94 (0x00d50763) beq     a0, a3, pc + 14
core   0: 3 0x80001d94 (0x00d50763)
core   0: 0x80001d98 (0x00009bfd) c.andi  a5, -1
core   0: 3 0x80001d98 (0x9bfd) x15 0x00018000
core   0: 0x80001d9a (0x00000001) c.nop
core   0: 3 0x80001d9a (0x0001)
core   0: 0x80001d9c (0x0030ddb3) srl     s11, ra, gp
core   0: 3 0x80001d9c (0x0030ddb3) x27 0x00000000
core   0: 0x80001da0 (0x0000557d) c.li    a0, -1
core   0: 3 0x80001da0 (0x557d) x10 0xffffffff
core   0: 0x80001da2 (0x00157033) and     zero, a0, ra
core   0: 3 0x80001da2 (0x00157033)
core   0: 0x80001da6 (0x03262cb3) mulhsu  s9, a2, s2
core   0: 3 0x80001da6 (0x03262cb3) x25 0x00000000
core   0: 0x80001daa (0x84eadf17) auipc   t5, 0x84ead
core   0: 3 0x80001daa (0x84eadf17) x30 0x04eaedaa
core   0: 0x80001dae (0x00541693) slli    a3, s0, 5
core   0: 3 0x80001dae (0x00541693) x13 0x00000000
core   0: 0x80001db2 (0x009dbc33) sltu    s8, s11, s1
core   0: 3 0x80001db2 (0x009dbc33) x24 0x00000001
core   0: 0x80001db6 (0x000004b9) c.addi  s1, 14
core   0: 3 0x80001db6 (0x04b9) x9  0x0000056e
core   0: 0x80001db8 (0x011034b3) snez    s1, a7
core   0: 3 0x80001db8 (0x011034b3) x9  0x00000001
core   0: 0x80001dbc (0x00008f52) c.mv    t5, s4
core   0: 3 0x80001dbc (0x8f52) x30 0x00000000
core   0: 0x80001dbe (0x03da79b3) remu    s3, s4, t4
core   0: 3 0x80001dbe (0x03da79b3) x19 0x00000000
core   0: 0x80001dc2 (0x00000b80) c.addi4spn s0, sp, 464
core   0: 3 0x80001dc2 (0x0b80) x8  0x00000280
core   0: 0x80001dc4 (0x0000ef69) c.bnez  a4, pc + 218
core   0: 3 0x80001dc4 (0xef69)
core   0: 0x80001dc6 (0x9a098e93) addi    t4, s3, -1632
core   0: 3 0x80001dc6 (0x9a098e93) x29 0xfffff9a0
core   0: 0x80001dca (0x0b47f963) bgeu    a5, s4, pc + 178
core   0: 3 0x80001dca (0x0b47f963)
core   0: 0x80001e7c (0x3d697c93) andi    s9, s2, 982
core   0: 3 0x80001e7c (0x3d697c93) x25 0x00000000
core   0: 0x80001e80 (0x00008ff2) c.mv    t6, t3
core   0: 3 0x80001e80 (0x8ff2) x31 0x000000b0
core   0: 0x80001e82 (0x0000491d) c.li    s2, 7
core   0: 3 0x80001e82 (0x491d) x18 0x00000007
core   0: 0x80001e84 (0x03c23b33) mulhu   s6, tp, t3
core   0: 3 0x80001e84 (0x03c23b33) x22 0x00000000
core   0: 0x80001e88 (0x0000cc81) c.beqz  s1, pc + 24
core   0: 3 0x80001e88 (0xcc81)
core   0: 0x80001e8a (0x000080e9) c.srli  s1, 26
core   0: 3 0x80001e8a (0x80e9) x9  0x00000000
core   0: 0x80001e8c (0x019cadb3) slt     s11, s9, s9
core   0: 3 0x80001e8c (0x019cadb3) x27 0x00000000
core   0: 0x80001e90 (0x00499713) slli    a4, s3, 4
core   0: 3 0x80001e90 (0x00499713) x14 0x00000000
core   0: 0x80001e94 (0x0000853e) c.mv    a0, a5
core   0: 3 0x80001e94 (0x853e) x10 0x00018000
core   0: 0x80001e96 (0x02243db3) mulhu   s11, s0, sp
core   0: 3 0x80001e96 (0x02243db3) x27 0x00000000
core   0: 0x80001e9a (0x01024963) blt     tp, a6, pc + 18
core   0: 3 0x80001e9a (0x01024963)
core   0: 0x80001eac (0xe3d2b7b7) lui     a5, 0xe3d2b
core   0: 3 0x80001eac (0xe3d2b7b7) x15 0xe3d2b000
core   0: 0x80001eb0 (0x01619693) slli    a3, gp, 22
core   0: 3 0x80001eb0 (0x01619693) x13 0x00000000
core   0: 0x80001eb4 (0x01a761b3) or      gp, a4, s10
core   0: 3 0x80001eb4 (0x01a761b3) x3  0x77ef3134
core   0: 0x80001eb8 (0x00006fa9) c.lui   t6, 0xa
core   0: 3 0x80001eb8 (0x6fa9) x31 0x0000a000
core   0: 0x80001eba (0x0171aa33) slt     s4, gp, s7
core   0: 3 0x80001eba (0x0171aa33) x20 0x00000000
core   0: 0x80001ebe (0x00745193) srli    gp, s0, 7
core   0: 3 0x80001ebe (0x00745193) x3  0x00000005
core   0: 0x80001ec2 (0x00006d09) c.lui   s10, 0x2
core   0: 3 0x80001ec2 (0x6d09) x26 0x00002000
core   0: 0x80001ec4 (0x00008ebd) c.xor   a3, a5
core   0: 3 0x80001ec4 (0x8ebd) x13 0xe3d2b000
core   0: 0x80001ec6 (0x01108033) add     zero, ra, a7
core   0: 3 0x80001ec6 (0x01108033)
core   0: 0x80001eca (0x0000717d) c.addi16sp sp, -16
core   0: 3 0x80001eca (0x717d) x2  0x000000a0
core   0: 0x80001ecc (0x00008e8d) c.sub   a3, a1
core   0: 3 0x80001ecc (0x8e8d) x13 0x63d0519c
core   0: 0x80001ece (0x020d0c33) mul     s8, s10, zero
core   0: 3 0x80001ece (0x020d0c33) x24 0x00000000
core   0: 0x80001ed2 (0x0000c005) c.beqz  s0, pc + 32
core   0: 3 0x80001ed2 (0xc005)
core   0: 0x80001ed4 (0x05557163) bgeu    a0, s5, pc + 66
core   0: 3 0x80001ed4 (0x05557163)
core   0: 0x80001ed8 (0x00f9f633) and     a2, s3, a5
core   0: 3 0x80001ed8 (0x00f9f633) x12 0x00000000
core   0: 0x80001edc (0x01bd1e63) bne     s10, s11, pc + 28
core   0: 3 0x80001edc (0x01bd1e63)
core   0: 0x80001ef8 (0x40488b33) sub     s6, a7, tp
core   0: 3 0x80001ef8 (0x40488b33) x22 0x80029ce4
core   0: 0x80001efc (0x00008e85) c.sub   a3, s1
core   0: 3 0x80001efc (0x8e85) x13 0x63d0519c
core   0: 0x80001efe (0x00000001) c.nop
core   0: 3 0x80001efe (0x0001)
core   0: 0x80001f00 (0x033bab33) mulhsu  s6, s7, s3
core   0: 3 0x80001f00 (0x033bab33) x22 0x00000000
core   0: 0x80001f04 (0x0365f663) bgeu    a1, s6, pc + 44
core   0: 3 0x80001f04 (0x0365f663)
core   0: 0x80001f30 (0x037800b3) mul     ra, a6, s7
core   0: 3 0x80001f30 (0x037800b3) x1  0x77ef29ff
core   0: 0x80001f34 (0x0000c519) c.beqz  a0, pc + 14
core   0: 3 0x80001f34 (0xc519)
core   0: 0x80001f36 (0x00001698) c.addi4spn a4, sp, 864
core   0: 3 0x80001f36 (0x1698) x14 0x00000400
core   0: 0x80001f38 (0x003aab33) slt     s6, s5, gp
core   0: 3 0x80001f38 (0x003aab33) x22 0x00000000
core   0: 0x80001f3c (0x00f190b3) sll     ra, gp, a5
core   0: 3 0x80001f3c (0x00f190b3) x1  0x00000005
core   0: 0x80001f40 (0x0000039a) c.slli  t2, 6
core   0: 3 0x80001f40 (0x039a) x7  0x00180000
core   0: 0x80001f42 (0x00009bfd) c.andi  a5, -1
core   0: 3 0x80001f42 (0x9bfd) x15 0xe3d2b000
core   0: 0x80001f44 (0x0335ea33) rem     s4, a1, s3
core   0: 3 0x80001f44 (0x0335ea33) x20 0x80025e64
core   0: 0x80001f48 (0x40ec5b93) srai    s7, s8, 14
core   0: 3 0x80001f48 (0x40ec5b93) x23 0x00000000
core   0: 0x80001f4c (0x00008bd1) c.andi  a5, 20
core   0: 3 0x80001f4c (0x8bd1) x15 0x00000000
core   0: 0x80001f4e (0x00008e71) c.and   a2, a2
core   0: 3 0x80001f4e (0x8e71) x12 0x00000000
core   0: 0x80001f50 (0x01666d63) bltu    a2, s6, pc + 26
core   0: 3 0x80001f50 (0x01666d63)
core   0: 0x80001f54 (0x91ecc093) xori    ra, s9, -1762
core   0: 3 0x80001f54 (0x91ecc093) x1  0xfffff91e
core   0: 0x80001f58 (0x00008f39) c.xor   a4, a4
core   0: 3 0x80001f58 (0x8f39) x14 0x00000000
core   0: 0x80001f5a (0x4e7c7917) auipc   s2, 0x4e7c7
core   0: 3 0x80001f5a (0x4e7c7917) x18 0xce7c8f5a
core   0: 0x80001f5e (0x00d01e13) slli    t3, zero, 13
core   0: 3 0x80001f5e (0x00d01e13) x28 0x00000000
core   0: 0x80001f62 (0x01ccbd33) sltu    s10, s9, t3
core   0: 3 0x80001f62 (0x01ccbd33) x26 0x00000000
core   0: 0x80001f66 (0x00000001) c.nop
core   0: 3 0x80001f66 (0x0001)
core   0: 0x80001f68 (0x00000001) c.nop
core   0: 3 0x80001f68 (0x0001)
core   0: 0x80001f6a (0x0000c505) c.beqz  a0, pc + 40
core   0: 3 0x80001f6a (0xc505)
core   0: 0x80001f6c (0x0000e28d) c.bnez  a3, pc + 34
core   0: 3 0x80001f6c (0xe28d)
core   0: 0x80001f8e (0x00abd4b3) srl     s1, s7, a0
core   0: 3 0x80001f8e (0x00abd4b3) x9  0x00000000
core   0: 0x80001f92 (0x01c5df33) srl     t5, a1, t3
core   0: 3 0x80001f92 (0x01c5df33) x30 0x80025e64
core   0: 0x80001f96 (0x00000001) c.nop
core   0: 3 0x80001f96 (0x0001)
core   0: 0x80001f98 (0x048c6063) bltu    s8, s0, pc + 64
core   0: 3 0x80001f98 (0x048c6063)
core   0: 0x80001fd8 (0xd301c737) lui     a4, 0xd301c
core   0: 3 0x80001fd8 (0xd301c737) x14 0xd301c000
core   0: 0x80001fdc (0x02510563) beq     sp, t0, pc + 42
core   0: 3 0x80001fdc (0x02510563)
core   0: 0x80001fe0 (0x8f75ff93) andi    t6, a1, -1801
core   0: 3 0x80001fe0 (0x8f75ff93) x31 0x80025864
core   0: 0x80001fe4 (0x00009a7d) c.andi  a2, -1
core   0: 3 0x80001fe4 (0x9a7d) x12 0x00000000
core   0: 0x80001fe6 (0x01bf5763) bge     t5, s11, pc + 14
core   0: 3 0x80001fe6 (0x01bf5763)
core   0: 0x80001fea (0x00000001) c.nop
core   0: 3 0x80001fea (0x0001)
core   0: 0x80001fec (0x00000001) c.nop
core   0: 3 0x80001fec (0x0001)
core   0: 0x80001fee (0x02d80033) mul     zero, a6, a3
core   0: 3 0x80001fee (0x02d80033)
core   0: 0x80001ff2 (0x0000c409) c.beqz  s0, pc + 10
core   0: 3 0x80001ff2 (0xc409)
core   0: 0x80001ff4 (0x90ccdf37) lui     t5, 0x90ccd
core   0: 3 0x80001ff4 (0x90ccdf37) x30 0x90ccd000
core   0: 0x80001ff8 (0x00e75693) srli    a3, a4, 14
core   0: 3 0x80001ff8 (0x00e75693) x13 0x00034c07
core   0: 0x80001ffc (0x2c254db7) lui     s11, 0x2c254
core   0: 3 0x80001ffc (0x2c254db7) x27 0x2c254000
core   0: 0x80002000 (0x00008c21) c.xor   s0, s0
core   0: 3 0x80002000 (0x8c21) x8  0x00000000
core   0: 0x80002002 (0x01e600b3) add     ra, a2, t5
core   0: 3 0x80002002 (0x01e600b3) x1  0x90ccd000
core   0: 0x80002006 (0x000012fd) c.addi  t0, -1
core   0: 3 0x80002006 (0x12fd) x5  0xffffffff
core   0: 0x80002008 (0x02e89e63) bne     a7, a4, pc + 60
core   0: 3 0x80002008 (0x02e89e63)
core   0: 0x80002044 (0x98988213) addi    tp, a7, -1655
core   0: 3 0x80002044 (0x98988213) x4  0x8002966d
core   0: 0x80002048 (0x00001110) c.addi4spn a2, sp, 160
core   0: 3 0x80002048 (0x1110) x12 0x00000140
core   0: 0x8000204a (0x03cac2b3) div     t0, s5, t3
core   0: 3 0x8000204a (0x03cac2b3) x5  0xffffffff
core   0: 0x8000204e (0x00078733) add     a4, a5, zero
core   0: 3 0x8000204e (0x00078733) x14 0x00000000
core   0: 0x80002052 (0x00000001) c.nop
core   0: 3 0x80002052 (0x0001)
core   0: 0x80002054 (0x009fd963) bge     t6, s1, pc + 18
core   0: 3 0x80002054 (0x009fd963)
core   0: 0x80002058 (0x41de03b3) sub     t2, t3, t4
core   0: 3 0x80002058 (0x41de03b3) x7  0x00000660
core   0: 0x8000205c (0x000044b1) c.li    s1, 12
core   0: 3 0x8000205c (0x44b1) x9  0x0000000c
core   0: 0x8000205e (0x41215913) srai    s2, sp, 18
core   0: 3 0x8000205e (0x41215913) x18 0x00000000
core   0: 0x80002062 (0x01844463) blt     s0, s8, pc + 8
core   0: 3 0x80002062 (0x01844463)
core   0: 0x80002066 (0x40a50db3) sub     s11, a0, a0
core   0: 3 0x80002066 (0x40a50db3) x27 0x00000000
core   0: 0x8000206a (0x00001a18) c.addi4spn a4, sp, 304
core   0: 3 0x8000206a (0x1a18) x14 0x000001d0
core   0: 0x8000206c (0x036a3ab3) mulhu   s5, s4, s6
core   0: 3 0x8000206c (0x036a3ab3) x21 0x00000000
core   0: 0x80002070 (0x000087ad) c.srai  a5, 11
core   0: 3 0x80002070 (0x87ad) x15 0x00000000
core   0: 0x80002072 (0x00000d42) c.slli  s10, 16
core   0: 3 0x80002072 (0x0d42) x26 0x00000000
core   0: 0x80002074 (0x00900e63) beq     zero, s1, pc + 28
core   0: 3 0x80002074 (0x00900e63)
core   0: 0x80002078 (0x9b818a17) auipc   s4, 0x9b818
core   0: 3 0x80002078 (0x9b818a17) x20 0x1b81a078
core   0: 0x8000207c (0x03445133) divu    sp, s0, s4
core   0: 3 0x8000207c (0x03445133) x2  0x00000000
core   0: 0x80002080 (0x86df3713) sltiu   a4, t5, -1939
core   0: 3 0x80002080 (0x86df3713) x14 0x00000001
core   0: 0x80002084 (0x0000809d) c.srli  s1, 7
core   0: 3 0x80002084 (0x809d) x9  0x00000000
core   0: 0x80002086 (0x00008e81) c.sub   a3, s0
core   0: 3 0x80002086 (0x8e81) x13 0x00034c07
core   0: 0x80002088 (0x02e5bcb3) mulhu   s9, a1, a4
core   0: 3 0x80002088 (0x02e5bcb3) x25 0x00000000
core   0: 0x8000208c (0x02294163) blt     s2, sp, pc + 34
core   0: 3 0x8000208c (0x02294163)
core   0: 0x80002090 (0xe59ceb93) ori     s7, s9, -423
core   0: 3 0x80002090 (0xe59ceb93) x23 0xfffffe59
core   0: 0x80002094 (0x00000001) c.nop
core   0: 3 0x80002094 (0x0001)
core   0: 0x80002096 (0x00a0d2b3) srl     t0, ra, a0
core   0: 3 0x80002096 (0x00a0d2b3) x5  0x90ccd000
core   0: 0x8000209a (0x01119c63) bne     gp, a7, pc + 24
core   0: 3 0x8000209a (0x01119c63)
core   0: 0x800020b2 (0x000009e9) c.addi  s3, 26
core   0: 3 0x800020b2 (0x09e9) x19 0x0000001a
core   0: 0x800020b4 (0x00fd54b3) srl     s1, s10, a5
core   0: 3 0x800020b4 (0x00fd54b3) x9  0x00000000
core   0: 0x800020b8 (0x00008e89) c.sub   a3, a0
core   0: 3 0x800020b8 (0x8e89) x13 0x0001cc07
core   0: 0x800020ba (0x000096e6) c.add   a3, s9
core   0: 3 0x800020ba (0x96e6) x13 0x0001cc07
core   0: 0x800020bc (0x000093ba) c.add   t2, a4
core   0: 3 0x800020bc (0x93ba) x7  0x00000661
core   0: 0x800020be (0x00489293) slli    t0, a7, 4
core   0: 3 0x800020be (0x00489293) x5  0x0029ce40
core   0: 0x800020c2 (0x00008fcd) c.or    a5, a1
core   0: 3 0x800020c2 (0x8fcd) x15 0x80025e64
core   0: 0x800020c4 (0x8ab60413) addi    s0, a2, -1877
core   0: 3 0x800020c4 (0x8ab60413) x8  0xfffff9eb
core   0: 0x800020c8 (0x033b3bb3) mulhu   s7, s6, s3
core   0: 3 0x800020c8 (0x033b3bb3) x23 0x00000000
core   0: 0x800020cc (0x00008c59) c.or    s0, a4
core   0: 3 0x800020cc (0x8c59) x8  0xfffff9eb
core   0: 0x800020ce (0x015d36b3) sltu    a3, s10, s5
core   0: 3 0x800020ce (0x015d36b3) x13 0x00000000
core   0: 0x800020d2 (0xafe7fa93) andi    s5, a5, -1282
core   0: 3 0x800020d2 (0xafe7fa93) x21 0x80025a64
core   0: 0x800020d6 (0x037c96b3) mulh    a3, s9, s7
core   0: 3 0x800020d6 (0x037c96b3) x13 0x00000000
core   0: 0x800020da (0x411ca713) slti    a4, s9, 1041
core   0: 3 0x800020da (0x411ca713) x14 0x00000001
core   0: 0x800020de (0x7d700293) li      t0, 2007
core   0: 3 0x800020de (0x7d700293) x5  0x000007d7
core   0: 0x800020e2 (0x18c2e193) ori     gp, t0, 396
core   0: 3 0x800020e2 (0x18c2e193) x3  0x000007df
core   0: 0x800020e6 (0x004cda93) srli    s5, s9, 4
core   0: 3 0x800020e6 (0x004cda93) x21 0x00000000
core   0: 0x800020ea (0x02254f33) div     t5, a0, sp
core   0: 3 0x800020ea (0x02254f33) x30 0xffffffff
core   0: 0x800020ee (0x00006365) c.lui   t1, 0x19
core   0: 3 0x800020ee (0x6365) x6  0x00019000
core   0: 0x800020f0 (0x00008c05) c.sub   s0, s1
core   0: 3 0x800020f0 (0x8c05) x8  0xfffff9eb
core   0: 0x800020f2 (0x000088a5) c.andi  s1, 9
core   0: 3 0x800020f2 (0x88a5) x9  0x00000000
core   0: 0x800020f4 (0x02b3bab3) mulhu   s5, t2, a1
core   0: 3 0x800020f4 (0x02b3bab3) x21 0x00000330
core   0: 0x800020f8 (0x00000001) c.nop
core   0: 3 0x800020f8 (0x0001)
core   0: 0x800020fa (0x0000c039) c.beqz  s0, pc + 70
core   0: 3 0x800020fa (0xc039)
core   0: 0x800020fc (0x00ba3533) sltu    a0, s4, a1
core   0: 3 0x800020fc (0x00ba3533) x10 0x00000001
core   0: 0x80002100 (0x40258e33) sub     t3, a1, sp
core   0: 3 0x80002100 (0x40258e33) x28 0x80025e64
core   0: 0x80002104 (0x0000e28d) c.bnez  a3, pc + 34
core   0: 3 0x80002104 (0xe28d)
core   0: 0x80002106 (0x9893cb13) xori    s6, t2, -1655
core   0: 3 0x80002106 (0x9893cb13) x22 0xffffffe8
core   0: 0x8000210a (0x00008eba) c.mv    t4, a4
core   0: 3 0x8000210a (0x8eba) x29 0x00000001
core   0: 0x8000210c (0x03310b33) mul     s6, sp, s3
core   0: 3 0x8000210c (0x03310b33) x22 0x00000000
core   0: 0x80002110 (0x010727b3) slt     a5, a4, a6
core   0: 3 0x80002110 (0x010727b3) x15 0x00000001
core   0: 0x80002114 (0x41fd5b33) sra     s6, s10, t6
core   0: 3 0x80002114 (0x41fd5b33) x22 0x00000000
core   0: 0x80002118 (0x40b85493) srai    s1, a6, 11
core   0: 3 0x80002118 (0x40b85493) x9  0x000efde5
core   0: 0x8000211c (0x0129aa33) slt     s4, s3, s2
core   0: 3 0x8000211c (0x0129aa33) x20 0x00000000
core   0: 0x80002120 (0x06818993) addi    s3, gp, 104
core   0: 3 0x80002120 (0x06818993) x19 0x00000847
core   0: 0x80002124 (0x00000001) c.nop
core   0: 3 0x80002124 (0x0001)
core   0: 0x80002126 (0x00008d45) c.or    a0, s1
core   0: 3 0x80002126 (0x8d45) x10 0x000efde5
core   0: 0x80002128 (0x00614863) blt     sp, t1, pc + 16
core   0: 3 0x80002128 (0x00614863)
core   0: 0x80002138 (0x6ab0e493) ori     s1, ra, 1707
core   0: 3 0x80002138 (0x6ab0e493) x9  0x90ccd6ab
core   0: 0x8000213c (0x003180b3) add     ra, gp, gp
core   0: 3 0x8000213c (0x003180b3) x1  0x00000fbe
core   0: 0x80002140 (0x4005d213) srai    tp, a1, 0
core   0: 3 0x80002140 (0x4005d213) x4  0x80025e64
core   0: 0x80002144 (0x00000001) c.nop
core   0: 3 0x80002144 (0x0001)
core   0: 0x80002146 (0x02b82fb3) mulhsu  t6, a6, a1
core   0: 3 0x80002146 (0x02b82fb3) x31 0x3bf8b116
core   0: 0x8000214a (0x0000577d) c.li    a4, -1
core   0: 3 0x8000214a (0x577d) x14 0xffffffff
core   0: 0x8000214c (0x40c25693) srai    a3, tp, 12
core   0: 3 0x8000214c (0x40c25693) x13 0xfff80025
core   0: 0x80002150 (0x10303b93) sltiu   s7, zero, 259
core   0: 3 0x80002150 (0x10303b93) x23 0x00000001
core   0: 0x80002154 (0x03a08fb3) mul     t6, ra, s10
core   0: 3 0x80002154 (0x03a08fb3) x31 0x00000000
core   0: 0x80002158 (0x0231f3b3) remu    t2, gp, gp
core   0: 3 0x80002158 (0x0231f3b3) x7  0x00000000
core   0: 0x8000215c (0x017b0fb3) add     t6, s6, s7
core   0: 3 0x8000215c (0x017b0fb3) x31 0x00000001
core   0: 0x80002160 (0x005ed413) srli    s0, t4, 5
core   0: 3 0x80002160 (0x005ed413) x8  0x00000000
core   0: 0x80002164 (0x00ea9a63) bne     s5, a4, pc + 20
core   0: 3 0x80002164 (0x00ea9a63)
core   0: 0x80002178 (0x00000001) c.nop
core   0: 3 0x80002178 (0x0001)
core   0: 0x8000217a (0x41eede33) sra     t3, t4, t5
core   0: 3 0x8000217a (0x41eede33) x28 0x00000000
core   0: 0x8000217e (0x41290333) sub     t1, s2, s2
core   0: 3 0x8000217e (0x41290333) x6  0x00000000
core   0: 0x80002182 (0x01678fb3) add     t6, a5, s6
core   0: 3 0x80002182 (0x01678fb3) x31 0x00000001
core   0: 0x80002186 (0x0000c30d) c.beqz  a4, pc + 34
core   0: 3 0x80002186 (0xc30d)
core   0: 0x80002188 (0x00000001) c.nop
core   0: 3 0x80002188 (0x0001)
core   0: 0x8000218a (0x00008c4d) c.or    s0, a1
core   0: 3 0x8000218a (0x8c4d) x8  0x80025e64
core   0: 0x8000218c (0x000080da) c.mv    ra, s6
core   0: 3 0x8000218c (0x80da) x1  0x00000000
core   0: 0x8000218e (0x0000e005) c.bnez  s0, pc + 32
core   0: 3 0x8000218e (0xe005)
core   0: 0x800021ae (0x00aad333) srl     t1, s5, a0
core   0: 3 0x800021ae (0x00aad333) x6  0x00000019
core   0: 0x800021b2 (0x8b2b6b13) ori     s6, s6, -1870
core   0: 3 0x800021b2 (0x8b2b6b13) x22 0xfffff8b2
core   0: 0x800021b6 (0x00000001) c.nop
core   0: 3 0x800021b6 (0x0001)
core   0: 0x800021b8 (0x01c5a1b3) slt     gp, a1, t3
core   0: 3 0x800021b8 (0x01c5a1b3) x3  0x00000001
core   0: 0x800021bc (0xe3bf0313) addi    t1, t5, -453
core   0: 3 0x800021bc (0xe3bf0313) x6  0xfffffe3a
core   0: 0x800021c0 (0x664d0213) addi    tp, s10, 1636
core   0: 3 0x800021c0 (0x664d0213) x4  0x00000664
core   0: 0x800021c4 (0x419ed433) sra     s0, t4, s9
core   0: 3 0x800021c4 (0x419ed433) x8  0x00000001
core   0: 0x800021c8 (0x0000c40d) c.beqz  s0, pc + 42
core   0: 3 0x800021c8 (0xc40d)
core   0: 0x800021ca (0x9c14e393) ori     t2, s1, -1599
core   0: 3 0x800021ca (0x9c14e393) x7  0xffffffeb
core   0: 0x800021ce (0x00fd37b3) sltu    a5, s10, a5
core   0: 3 0x800021ce (0x00fd37b3) x15 0x00000001
core   0: 0x800021d2 (0x0000111c) c.addi4spn a5, sp, 160
core   0: 3 0x800021d2 (0x111c) x15 0x000000a0
core   0: 0x800021d4 (0x03804fb3) div     t6, zero, s8
core   0: 3 0x800021d4 (0x03804fb3) x31 0xffffffff
core   0: 0x800021d8 (0x4068d213) srai    tp, a7, 6
core   0: 3 0x800021d8 (0x4068d213) x4  0xfe000a73
core   0: 0x800021dc (0x014d5a33) srl     s4, s10, s4
core   0: 3 0x800021dc (0x014d5a33) x20 0x00000000
core   0: 0x800021e0 (0x00006b99) c.lui   s7, 0x6
core   0: 3 0x800021e0 (0x6b99) x23 0x00006000
core   0: 0x800021e2 (0x9ec2bd17) auipc   s10, 0x9ec2b
core   0: 3 0x800021e2 (0x9ec2bd17) x26 0x1ec2d1e2
core   0: 0x800021e6 (0x00006e29) c.lui   t3, 0xa
core   0: 3 0x800021e6 (0x6e29) x28 0x0000a000
core   0: 0x800021e8 (0x00008fe5) c.and   a5, s1
core   0: 3 0x800021e8 (0x8fe5) x15 0x000000a0
core   0: 0x800021ea (0x01449793) slli    a5, s1, 20
core   0: 3 0x800021ea (0x01449793) x15 0x6ab00000
core   0: 0x800021ee (0x0240f463) bgeu    ra, tp, pc + 40
core   0: 3 0x800021ee (0x0240f463)
core   0: 0x800021f2 (0xd81e2613) slti    a2, t3, -639
core   0: 3 0x800021f2 (0xd81e2613) x12 0x00000000
core   0: 0x800021f6 (0x010e8d63) beq     t4, a6, pc + 26
core   0: 3 0x800021f6 (0x010e8d63)
core   0: 0x800021fa (0x0131d533) srl     a0, gp, s3
core   0: 3 0x800021fa (0x0131d533) x10 0x00000000
core   0: 0x800021fe (0x00446a33) or      s4, s0, tp
core   0: 3 0x800021fe (0x00446a33) x20 0xfe000a73
core   0: 0x80002202 (0x00008c79) c.and   s0, a4
core   0: 3 0x80002202 (0x8c79) x8  0x00000001
core   0: 0x80002204 (0x008b27b3) slt     a5, s6, s0
core   0: 3 0x80002204 (0x008b27b3) x15 0x00000001
core   0: 0x80002208 (0x40ebde13) srai    t3, s7, 14
core   0: 3 0x80002208 (0x40ebde13) x28 0x00000001
core   0: 0x8000220c (0x030cfcb3) remu    s9, s9, a6
core   0: 3 0x8000220c (0x030cfcb3) x25 0x00000000
core   0: 0x80002210 (0x00000a69) c.addi  s4, 26
core   0: 3 0x80002210 (0x0a69) x20 0xfe000a8d
core   0: 0x80002212 (0x000089b2) c.mv    s3, a2
core   0: 3 0x80002212 (0x89b2) x19 0x00000000
core   0: 0x80002214 (0x000050fd) c.li    ra, -1
core   0: 3 0x80002214 (0x50fd) x1  0xffffffff
core   0: 0x80002216 (0x00b3e963) bltu    t2, a1, pc + 18
core   0: 3 0x80002216 (0x00b3e963)
core   0: 0x8000221a (0x0000e0a9) c.bnez  s1, pc + 66
core   0: 3 0x8000221a (0xe0a9)
core   0: 0x8000225c (0x00000001) c.nop
core   0: 3 0x8000225c (0x0001)
core   0: 0x8000225e (0x00000ef6) c.slli  t4, 29
core   0: 3 0x8000225e (0x0ef6) x29 0x20000000
core   0: 0x80002260 (0x000096ca) c.add   a3, s2
core   0: 3 0x80002260 (0x96ca) x13 0xfff80025
core   0: 0x80002262 (0x00008fad) c.xor   a5, a1
core   0: 3 0x80002262 (0x8fad) x15 0x80025e65
core   0: 0x80002264 (0x01068cb3) add     s9, a3, a6
core   0: 3 0x80002264 (0x01068cb3) x25 0x77e72a24
core   0: 0x80002268 (0x00008351) c.srli  a4, 20
core   0: 3 0x80002268 (0x8351) x14 0x00000fff
core   0: 0x8000226a (0x00008789) c.srai  a5, 2
core   0: 3 0x8000226a (0x8789) x15 0xe0009799
core   0: 0x8000226c (0x01841613) slli    a2, s0, 24
core   0: 3 0x8000226c (0x01841613) x12 0x01000000
core   0: 0x80002270 (0x01251213) slli    tp, a0, 18
core   0: 3 0x80002270 (0x01251213) x4  0x00000000
core   0: 0x80002274 (0x02fc0db3) mul     s11, s8, a5
core   0: 3 0x80002274 (0x02fc0db3) x27 0x00000000
core   0: 0x80002278 (0x00006529) c.lui   a0, 0xa
core   0: 3 0x80002278 (0x6529) x10 0x0000a000
core   0: 0x8000227a (0x03b2e933) rem     s2, t0, s11
core   0: 3 0x8000227a (0x03b2e933) x18 0x000007d7
core   0: 0x8000227e (0x032d5763) bge     s10, s2, pc + 46
core   0: 3 0x8000227e (0x032d5763)
core   0: 0x800022ac (0x01356763) bltu    a0, s3, pc + 14
core   0: 3 0x800022ac (0x01356763)
core   0: 0x800022b0 (0x000088a5) c.andi  s1, 9
core   0: 3 0x800022b0 (0x88a5) x9  0x00000009
core   0: 0x800022b2 (0x00006105) c.addi16sp sp, 32
core   0: 3 0x800022b2 (0x6105) x2  0x00000020
core   0: 0x800022b4 (0x003f79b3) and     s3, t5, gp
core   0: 3 0x800022b4 (0x003f79b3) x19 0x00000001
core   0: 0x800022b8 (0x00000001) c.nop
core   0: 3 0x800022b8 (0x0001)
core   0: 0x800022ba (0x019357b3) srl     a5, t1, s9
core   0: 3 0x800022ba (0x019357b3) x15 0x0fffffe3
core   0: 0x800022be (0x00197f63) bgeu    s2, ra, pc + 30
core   0: 3 0x800022be (0x00197f63)
core   0: 0x800022c2 (0x0207c433) div     s0, a5, zero
core   0: 3 0x800022c2 (0x0207c433) x8  0xffffffff
core   0: 0x800022c6 (0x02bee463) bltu    t4, a1, pc + 40
core   0: 3 0x800022c6 (0x02bee463)
core   0: 0x800022ee (0x027756b3) divu    a3, a4, t2
core   0: 3 0x800022ee (0x027756b3) x13 0x00000000
core   0: 0x800022f2 (0x018b0633) add     a2, s6, s8
core   0: 3 0x800022f2 (0x018b0633) x12 0xfffff8b2
core   0: 0x800022f6 (0x00001e7d) c.addi  t3, -1
core   0: 3 0x800022f6 (0x1e7d) x28 0x00000000
core   0: 0x800022f8 (0x03e1d9b3) divu    s3, gp, t5
core   0: 3 0x800022f8 (0x03e1d9b3) x19 0x00000000
core   0: 0x800022fc (0x01d27fb3) and     t6, tp, t4
core   0: 3 0x800022fc (0x01d27fb3) x31 0x00000000
core   0: 0x80002300 (0x0075cd33) xor     s10, a1, t2
core   0: 3 0x80002300 (0x0075cd33) x26 0x7ffda18f
core   0: 0x80002304 (0x020bd933) divu    s2, s7, zero
core   0: 3 0x80002304 (0x020bd933) x18 0xffffffff
core   0: 0x80002308 (0x00008fc9) c.or    a5, a0
core   0: 3 0x80002308 (0x8fc9) x15 0x0fffffe3
core   0: 0x8000230a (0x5859e613) ori     a2, s3, 1413
core   0: 3 0x8000230a (0x5859e613) x12 0x00000585
core   0: 0x8000230e (0x002b4ab3) xor     s5, s6, sp
core   0: 3 0x8000230e (0x002b4ab3) x21 0xfffff892
core   0: 0x80002312 (0x00000e94) c.addi4spn a3, sp, 848
core   0: 3 0x80002312 (0x0e94) x13 0x00000370
core   0: 0x80002314 (0x000087a1) c.srai  a5, 8
core   0: 3 0x80002314 (0x87a1) x15 0x000fffff
core   0: 0x80002316 (0x00008ce5) c.and   s1, s1
core   0: 3 0x80002316 (0x8ce5) x9  0x00000009
core   0: 0x80002318 (0x00000001) c.nop
core   0: 3 0x80002318 (0x0001)
core   0: 0x8000231a (0x030d3db3) mulhu   s11, s10, a6
core   0: 3 0x8000231a (0x030d3db3) x27 0x3bf678e2
core   0: 0x8000231e (0x00008c99) c.sub   s1, a4
core   0: 3 0x8000231e (0x8c99) x9  0xfffff00a
core   0: 0x80002320 (0x5b9961b7) lui     gp, 0x5b996
core   0: 3 0x80002320 (0x5b9961b7) x3  0x5b996000
core   0: 0x80002324 (0x015a8463) beq     s5, s5, pc + 8
core   0: 3 0x80002324 (0x015a8463)
core   0: 0x8000232c (0x00000001) c.nop
core   0: 3 0x8000232c (0x0001)
core   0: 0x8000232e (0x00001a7d) c.addi  s4, -1
core   0: 3 0x8000232e (0x1a7d) x20 0xfe000a8c
core   0: 0x80002330 (0x000080e9) c.srli  s1, 26
core   0: 3 0x80002330 (0x80e9) x9  0x0000003f
core   0: 0x80002332 (0x4045d933) sra     s2, a1, tp
core   0: 3 0x80002332 (0x4045d933) x18 0x80025e64
core   0: 0x80002336 (0x01a95533) srl     a0, s2, s10
core   0: 3 0x80002336 (0x01a95533) x10 0x00010004
core   0: 0x8000233a (0x19a2da17) auipc   s4, 0x19a2d
core   0: 3 0x8000233a (0x19a2da17) x20 0x99a2f33a
core   0: 0x8000233e (0x0302fa33) remu    s4, t0, a6
core   0: 3 0x8000233e (0x0302fa33) x20 0x000007d7
core   0: 0x80002342 (0x00000a9a) c.slli  s5, 6
core   0: 3 0x80002342 (0x0a9a) x21 0xfffe2480
core   0: 0x80002344 (0x025c40b3) div     ra, s8, t0
core   0: 3 0x80002344 (0x025c40b3) x1  0x00000000
core   0: 0x80002348 (0x00004785) c.li    a5, 1
core   0: 3 0x80002348 (0x4785) x15 0x00000001
core   0: 0x8000234a (0x41dc5b93) srai    s7, s8, 29
core   0: 3 0x8000234a (0x41dc5b93) x23 0x00000000
core   0: 0x8000234e (0x5d3d2493) slti    s1, s10, 1491
core   0: 3 0x8000234e (0x5d3d2493) x9  0x00000000
core   0: 0x80002352 (0x000004f2) c.slli  s1, 28
core   0: 3 0x80002352 (0x04f2) x9  0x00000000
core   0: 0x80002354 (0x00ad73b3) and     t2, s10, a0
core   0: 3 0x80002354 (0x00ad73b3) x7  0x00010004
core   0: 0x80002358 (0x4004d793) srai    a5, s1, 0
core   0: 3 0x80002358 (0x4004d793) x15 0x00000000
core   0: 0x8000235c (0x0129ee63) bltu    s3, s2, pc + 28
core   0: 3 0x8000235c (0x0129ee63)
core   0: 0x80002378 (0x00000001) c.nop
core   0: 3 0x80002378 (0x0001)
core   0: 0x8000237a (0x00000001) c.nop
core   0: 3 0x8000237a (0x0001)
core   0: 0x8000237c (0x0000699d) c.lui   s3, 0x7
core   0: 3 0x8000237c (0x699d) x19 0x00007000
core   0: 0x8000237e (0x01b41713) slli    a4, s0, 27
core   0: 3 0x8000237e (0x01b41713) x14 0xf8000000
core   0: 0x80002382 (0x00000001) c.nop
core   0: 3 0x80002382 (0x0001)
core   0: 0x80002384 (0xf7c2e737) lui     a4, 0xf7c2e
core   0: 3 0x80002384 (0xf7c2e737) x14 0xf7c2e000
core   0: 0x80002388 (0x01095763) bge     s2, a6, pc + 14
core   0: 3 0x80002388 (0x01095763)
core   0: 0x8000238c (0x00cec463) blt     t4, a2, pc + 8
core   0: 3 0x8000238c (0x00cec463)
core   0: 0x80002390 (0x0000e091) c.bnez  s1, pc + 4
core   0: 3 0x80002390 (0xe091)
core   0: 0x80002392 (0x00008c35) c.xor   s0, a3
core   0: 3 0x80002392 (0x8c35) x8  0xfffffc8f
core   0: 0x80002394 (0x00008c09) c.sub   s0, a0
core   0: 3 0x80002394 (0x8c09) x8  0xfffefc8b
core   0: 0x80002396 (0x00178033) add     zero, a5, ra
core   0: 3 0x80002396 (0x00178033)
core   0: 0x8000239a (0x017dbab3) sltu    s5, s11, s7
core   0: 3 0x8000239a (0x017dbab3) x21 0x00000000
core   0: 0x8000239e (0xde00a513) slti    a0, ra, -544
core   0: 3 0x8000239e (0xde00a513) x10 0x00000000
core   0: 0x800023a2 (0x9c3479b7) lui     s3, 0x9c347
core   0: 3 0x800023a2 (0x9c3479b7) x19 0x9c347000
core   0: 0x800023a6 (0x0526d163) bge     a3, s2, pc + 66
core   0: 3 0x800023a6 (0x0526d163)
core   0: 0x800023e8 (0xba2d3293) sltiu   t0, s10, -1118
core   0: 3 0x800023e8 (0xba2d3293) x5  0x00000001
core   0: 0x800023ec (0x54482697) auipc   a3, 0x54482
core   0: 3 0x800023ec (0x54482697) x13 0xd44843ec
core   0: 0x800023f0 (0x000054fd) c.li    s1, -1
core   0: 3 0x800023f0 (0x54fd) x9  0xffffffff
core   0: 0x800023f2 (0x01b7a9b3) slt     s3, a5, s11
core   0: 3 0x800023f2 (0x01b7a9b3) x19 0x00000001
core   0: 0x800023f6 (0x00000001) c.nop
core   0: 3 0x800023f6 (0x0001)
core   0: 0x800023f8 (0x00008e99) c.sub   a3, a4
core   0: 3 0x800023f8 (0x8e99) x13 0xdc8563ec
core   0: 0x800023fa (0x001aeeb3) or      t4, s5, ra
core   0: 3 0x800023fa (0x001aeeb3) x29 0x00000000
core   0: 0x800023fe (0x414edd33) sra     s10, t4, s4
core   0: 3 0x800023fe (0x414edd33) x26 0x00000000
core   0: 0x80002402 (0x40dfdc33) sra     s8, t6, a3
core   0: 3 0x80002402 (0x40dfdc33) x24 0x00000000
core   0: 0x80002406 (0x940d0a13) addi    s4, s10, -1728
core   0: 3 0x80002406 (0x940d0a13) x20 0xfffff940
core   0: 0x8000240a (0x00000001) c.nop
core   0: 3 0x8000240a (0x0001)
core   0: 0x8000240c (0x31e93113) sltiu   sp, s2, 798
core   0: 3 0x8000240c (0x31e93113) x2  0x00000000
core   0: 0x80002410 (0x0000698d) c.lui   s3, 0x3
core   0: 3 0x80002410 (0x698d) x19 0x00003000
core   0: 0x80002412 (0x01551013) slli    zero, a0, 21
core   0: 3 0x80002412 (0x01551013)
core   0: 0x80002416 (0x00008626) c.mv    a2, s1
core   0: 3 0x80002416 (0x8626) x12 0xffffffff
core   0: 0x80002418 (0x031973b3) remu    t2, s2, a7
core   0: 3 0x80002418 (0x031973b3) x7  0x80025e64
core   0: 0x8000241c (0xecd38b13) addi    s6, t2, -307
core   0: 3 0x8000241c (0xecd38b13) x22 0x80025d31
core   0: 0x80002420 (0x00000f9a) c.slli  t6, 6
core   0: 3 0x80002420 (0x0f9a) x31 0x00000000
core   0: 0x80002422 (0x0000634d) c.lui   t1, 0x13
core   0: 3 0x80002422 (0x634d) x6  0x00013000
core   0: 0x80002424 (0x037ca633) mulhsu  a2, s9, s7
core   0: 3 0x80002424 (0x037ca633) x12 0x00000000
core   0: 0x80002428 (0x00009e4e) c.add   t3, s3
core   0: 3 0x80002428 (0x9e4e) x28 0x00003000
core   0: 0x8000242a (0x018b4b33) xor     s6, s6, s8
core   0: 3 0x8000242a (0x018b4b33) x22 0x80025d31
core   0: 0x8000242e (0x01d4c233) xor     tp, s1, t4
core   0: 3 0x8000242e (0x01d4c233) x4  0xffffffff
core   0: 0x80002432 (0x0000c789) c.beqz  a5, pc + 10
core   0: 3 0x80002432 (0xc789)
core   0: 0x8000243c (0x00008849) c.andi  s0, 18
core   0: 3 0x8000243c (0x8849) x8  0x00000002
core   0: 0x8000243e (0x02042eb3) mulhsu  t4, s0, zero
core   0: 3 0x8000243e (0x02042eb3) x29 0x00000000
core   0: 0x80002442 (0x0000cb11) c.beqz  a4, pc + 20
core   0: 3 0x80002442 (0xcb11)
core   0: 0x80002444 (0xb0fd8513) addi    a0, s11, -1265
core   0: 3 0x80002444 (0xb0fd8513) x10 0x3bf673f1
core   0: 0x80002448 (0x00000001) c.nop
core   0: 3 0x80002448 (0x0001)
core   0: 0x8000244a (0x02375163) bge     a4, gp, pc + 34
core   0: 3 0x8000244a (0x02375163)
core   0: 0x8000244e (0x03a4e0b3) rem     ra, s1, s10
core   0: 3 0x8000244e (0x03a4e0b3) x1  0xffffffff
core   0: 0x80002452 (0x01b29fb3) sll     t6, t0, s11
core   0: 3 0x80002452 (0x01b29fb3) x31 0x00000004
core   0: 0x80002456 (0x83d43293) sltiu   t0, s0, -1987
core   0: 3 0x80002456 (0x83d43293) x5  0x00000001
core   0: 0x8000245a (0x006ca7b3) slt     a5, s9, t1
core   0: 3 0x8000245a (0x006ca7b3) x15 0x00000000
core   0: 0x8000245e (0x012c4c33) xor     s8, s8, s2
core   0: 3 0x8000245e (0x012c4c33) x24 0x80025e64
core   0: 0x80002462 (0x00009ad6) c.add   s5, s5
core   0: 3 0x80002462 (0x9ad6) x21 0x00000000
core   0: 0x80002464 (0x0113df63) bge     t2, a7, pc + 30
core   0: 3 0x80002464 (0x0113df63)
core   0: 0x80002468 (0x01cbf1b3) and     gp, s7, t3
core   0: 3 0x80002468 (0x01cbf1b3) x3  0x00000000
core   0: 0x8000246c (0x03c9d363) bge     s3, t3, pc + 38
core   0: 3 0x8000246c (0x03c9d363)
core   0: 0x80002492 (0x00df6ab3) or      s5, t5, a3
core   0: 3 0x80002492 (0x00df6ab3) x21 0xffffffff
core   0: 0x80002496 (0x00000001) c.nop
core   0: 3 0x80002496 (0x0001)
core   0: 0x80002498 (0x00008cb5) c.xor   s1, a3
core   0: 3 0x80002498 (0x8cb5) x9  0x237a9c13
core   0: 0x8000249a (0x6b05c713) xori    a4, a1, 1712
core   0: 3 0x8000249a (0x6b05c713) x14 0x800258d4
core   0: 0x8000249e (0x00006159) c.addi16sp sp, 400
core   0: 3 0x8000249e (0x6159) x2  0x00000190
core   0: 0x800024a0 (0xb270a213) slti    tp, ra, -1241
core   0: 3 0x800024a0 (0xb270a213) x4  0x00000000
core   0: 0x800024a4 (0x0151f463) bgeu    gp, s5, pc + 8
core   0: 3 0x800024a4 (0x0151f463)
core   0: 0x800024a8 (0x02e90763) beq     s2, a4, pc + 46
core   0: 3 0x800024a8 (0x02e90763)
core   0: 0x800024ac (0x32f2fc93) andi    s9, t0, 815
core   0: 3 0x800024ac (0x32f2fc93) x25 0x00000001
core   0: 0x800024b0 (0xb84989b7) lui     s3, 0xb8498
core   0: 3 0x800024b0 (0xb84989b7) x19 0xb8498000
core   0: 0x800024b4 (0x01870f33) add     t5, a4, s8
core   0: 3 0x800024b4 (0x01870f33) x30 0x0004b738
core   0: 0x800024b8 (0x008b9a63) bne     s7, s0, pc + 20
core   0: 3 0x800024b8 (0x008b9a63)
core   0: 0x800024cc (0x022a1b63) bne     s4, sp, pc + 54
core   0: 3 0x800024cc (0x022a1b63)
core   0: 0x80002502 (0x04d8d163) bge     a7, a3, pc + 66
core   0: 3 0x80002502 (0x04d8d163)
core   0: 0x80002506 (0x415d52b3) sra     t0, s10, s5
core   0: 3 0x80002506 (0x415d52b3) x5  0x00000000
core   0: 0x8000250a (0x03955e33) divu    t3, a0, s9
core   0: 3 0x8000250a (0x03955e33) x28 0x3bf673f1
core   0: 0x8000250e (0x00008646) c.mv    a2, a7
core   0: 3 0x8000250e (0x8646) x12 0x80029ce4
core   0: 0x80002510 (0x0000567d) c.li    a2, -1
core   0: 3 0x80002510 (0x567d) x12 0xffffffff
core   0: 0x80002512 (0x02930133) mul     sp, t1, s1
core   0: 3 0x80002512 (0x02930133) x2  0x99569000
core   0: 0x80002516 (0x40620733) sub     a4, tp, t1
core   0: 3 0x80002516 (0x40620733) x14 0xfffed000
core   0: 0x8000251a (0x02fdb7b3) mulhu   a5, s11, a5
core   0: 3 0x8000251a (0x02fdb7b3) x15 0x00000000
core   0: 0x8000251e (0x03493433) mulhu   s0, s2, s4
core   0: 3 0x8000251e (0x03493433) x8  0x80025b03
core   0: 0x80002522 (0x4167d9b3) sra     s3, a5, s6
core   0: 3 0x80002522 (0x4167d9b3) x19 0x00000000
core   0: 0x80002526 (0x00185d63) bge     a6, ra, pc + 26
core   0: 3 0x80002526 (0x00185d63)
core   0: 0x80002540 (0x3db8f793) andi    a5, a7, 987
core   0: 3 0x80002540 (0x3db8f793) x15 0x000000c0
core   0: 0x80002544 (0x050ff463) bgeu    t6, a6, pc + 72
core   0: 3 0x80002544 (0x050ff463)
core   0: 0x80002548 (0x00008fed) c.and   a5, a1
core   0: 3 0x80002548 (0x8fed) x15 0x00000040
core   0: 0x8000254a (0x00008ca9) c.xor   s1, a0
core   0: 3 0x8000254a (0x8ca9) x9  0x188cefe2
core   0: 0x8000254c (0x02415c33) divu    s8, sp, tp
core   0: 3 0x8000254c (0x02415c33) x24 0xffffffff
core   0: 0x80002550 (0x006e5c33) srl     s8, t3, t1
core   0: 3 0x80002550 (0x006e5c33) x24 0x3bf673f1
core   0: 0x80002554 (0x40b28c33) sub     s8, t0, a1
core   0: 3 0x80002554 (0x40b28c33) x24 0x7ffda19c
core   0: 0x80002558 (0x02c46cb3) rem     s9, s0, a2
core   0: 3 0x80002558 (0x02c46cb3) x25 0x00000000
core   0: 0x8000255c (0xe13f7e13) andi    t3, t5, -493
core   0: 3 0x8000255c (0xe13f7e13) x28 0x0004b610
core   0: 0x80002560 (0x947e6313) ori     t1, t3, -1721
core   0: 3 0x80002560 (0x947e6313) x6  0xffffff57
core   0: 0x80002564 (0x02868b33) mul     s6, a3, s0
core   0: 3 0x80002564 (0x02868b33) x22 0xc7ed0fc4
core   0: 0x80002568 (0x015fea63) bltu    t6, s5, pc + 20
core   0: 3 0x80002568 (0x015fea63)
core   0: 0x8000257c (0x00000001) c.nop
core   0: 3 0x8000257c (0x0001)
core   0: 0x8000257e (0x03607263) bgeu    zero, s6, pc + 36
core   0: 3 0x8000257e (0x03607263)
core   0: 0x80002582 (0x0000977e) c.add   a4, t6
core   0: 3 0x80002582 (0x977e) x14 0xfffed004
core   0: 0x80002584 (0xc2db3a37) lui     s4, 0xc2db3
core   0: 3 0x80002584 (0xc2db3a37) x20 0xc2db3000
core   0: 0x80002588 (0xd18c0093) addi    ra, s8, -744
core   0: 3 0x80002588 (0xd18c0093) x1  0x7ffd9eb4
core   0: 0x8000258c (0x313a80b7) lui     ra, 0x313a8
core   0: 3 0x8000258c (0x313a80b7) x1  0x313a8000
core   0: 0x80002590 (0x00298a33) add     s4, s3, sp
core   0: 3 0x80002590 (0x00298a33) x20 0x99569000
core   0: 0x80002594 (0x00008d45) c.or    a0, s1
core   0: 3 0x80002594 (0x8d45) x10 0x3bfefff3
core   0: 0x80002596 (0x011d1c63) bne     s10, a7, pc + 24
core   0: 3 0x80002596 (0x011d1c63)
core   0: 0x800025ae (0x02946db3) rem     s11, s0, s1
core   0: 3 0x800025ae (0x02946db3) x27 0xfac30a6d
core   0: 0x800025b2 (0x00731193) slli    gp, t1, 7
core   0: 3 0x800025b2 (0x00731193) x3  0xffffab80
core   0: 0x800025b6 (0x00008c0d) c.sub   s0, a1
core   0: 3 0x800025b6 (0x8c0d) x8  0xfffffc9f
core   0: 0x800025b8 (0x0214b233) mulhu   tp, s1, ra
core   0: 3 0x800025b8 (0x0214b233) x4  0x04b8961f
core   0: 0x800025bc (0x01e9f533) and     a0, s3, t5
core   0: 3 0x800025bc (0x01e9f533) x10 0x00000000
core   0: 0x800025c0 (0x014c33b3) sltu    t2, s8, s4
core   0: 3 0x800025c0 (0x014c33b3) x7  0x00000001
core   0: 0x800025c4 (0x0298e263) bltu    a7, s1, pc + 36
core   0: 3 0x800025c4 (0x0298e263)
core   0: 0x800025c8 (0x01b04b63) blt     zero, s11, pc + 22
core   0: 3 0x800025c8 (0x01b04b63)
core   0: 0x800025cc (0x00008f45) c.or    a4, s1
core   0: 3 0x800025cc (0x8f45) x14 0xfffeffe6
core   0: 0x800025ce (0x03912533) mulhsu  a0, sp, s9
core   0: 3 0x800025ce (0x03912533) x10 0x00000000
core   0: 0x800025d2 (0x002e6213) ori     tp, t3, 2
core   0: 3 0x800025d2 (0x002e6213) x4  0x0004b612
core   0: 0x800025d6 (0x00777763) bgeu    a4, t2, pc + 14
core   0: 3 0x800025d6 (0x00777763)
core   0: 0x800025e4 (0x7944eb93) ori     s7, s1, 1940
core   0: 3 0x800025e4 (0x7944eb93) x23 0x188ceff6
core   0: 0x800025e8 (0x03664f63) blt     a2, s6, pc + 62
core   0: 3 0x800025e8 (0x03664f63)
core   0: 0x800025ec (0x00006a21) c.lui   s4, 0x8
core   0: 3 0x800025ec (0x6a21) x20 0x00008000
core   0: 0x800025ee (0x00c83e33) sltu    t3, a6, a2
core   0: 3 0x800025ee (0x00c83e33) x28 0x00000001
core   0: 0x800025f2 (0x018aaeb3) slt     t4, s5, s8
core   0: 3 0x800025f2 (0x018aaeb3) x29 0x00000001
core   0: 0x800025f6 (0x036e4c63) blt     t3, s6, pc + 56
core   0: 3 0x800025f6 (0x036e4c63)
core   0: 0x800025fa (0xf5d92213) slti    tp, s2, -163
core   0: 3 0x800025fa (0xf5d92213) x4  0x00000001
core   0: 0x800025fe (0xabf90793) addi    a5, s2, -1345
core   0: 3 0x800025fe (0xabf90793) x15 0x80025923
core   0: 0x80002602 (0x0000849d) c.srai  s1, 7
core   0: 3 0x80002602 (0x849d) x9  0x003119df
core   0: 0x80002604 (0x01d58c33) add     s8, a1, t4
core   0: 3 0x80002604 (0x01d58c33) x24 0x80025e65
core   0: 0x80002608 (0x00008ead) c.xor   a3, a1
core   0: 3 0x80002608 (0x8ead) x13 0x5c873d88
core   0: 0x8000260a (0x00a18bb3) add     s7, gp, a0
core   0: 3 0x8000260a (0x00a18bb3) x23 0xffffab80
core   0: 0x8000260e (0x00000001) c.nop
core   0: 3 0x8000260e (0x0001)
core   0: 0x80002610 (0x03685463) bge     a6, s6, pc + 40
core   0: 3 0x80002610 (0x03685463)
core   0: 0x80002638 (0x00000001) c.nop
core   0: 3 0x80002638 (0x0001)
core   0: 0x8000263a (0x00008c49) c.or    s0, a0
core   0: 3 0x8000263a (0x8c49) x8  0xfffffc9f
core   0: 0x8000263c (0x00000001) c.nop
core   0: 3 0x8000263c (0x0001)
core   0: 0x8000263e (0x00000790) c.addi4spn a2, sp, 960
core   0: 3 0x8000263e (0x0790) x12 0x995693c0
core   0: 0x80002640 (0x00b3e863) bltu    t2, a1, pc + 16
core   0: 3 0x80002640 (0x00b3e863)
core   0: 0x80002650 (0x01d7c333) xor     t1, a5, t4
core   0: 3 0x80002650 (0x01d7c333) x6  0x80025922
core   0: 0x80002654 (0x03d0f063) bgeu    ra, t4, pc + 32
core   0: 3 0x80002654 (0x03d0f063)
core   0: 0x80002674 (0x00008f8d) c.sub   a5, a1
core   0: 3 0x80002674 (0x8f8d) x15 0xfffffabf
core   0: 0x80002676 (0x01c27fb3) and     t6, tp, t3
core   0: 3 0x80002676 (0x01c27fb3) x31 0x00000001
core   0: 0x8000267a (0xdf97db97) auipc   s7, 0xdf97d
core   0: 3 0x8000267a (0xdf97db97) x23 0x5f97f67a
core   0: 0x8000267e (0x000083b1) c.srli  a5, 12
core   0: 3 0x8000267e (0x83b1) x15 0x000fffff
core   0: 0x80002680 (0x0000072a) c.slli  a4, 10
core   0: 3 0x80002680 (0x072a) x14 0xfbff9800
core   0: 0x80002682 (0x0373ed33) rem     s10, t2, s7
core   0: 3 0x80002682 (0x0373ed33) x26 0x00000001
core   0: 0x80002686 (0x03065063) bge     a2, a6, pc + 32
core   0: 3 0x80002686 (0x03065063)
core   0: 0x8000268a (0x00001f7d) c.addi  t5, -1
core   0: 3 0x8000268a (0x1f7d) x30 0x0004b737
core   0: 0x8000268c (0x0227b633) mulhu   a2, a5, sp
core   0: 3 0x8000268c (0x0227b633) x12 0x00099568
core   0: 0x80002690 (0x00008e61) c.and   a2, s0
core   0: 3 0x80002690 (0x8e61) x12 0x00099408
core   0: 0x80002692 (0x0283f563) bgeu    t2, s0, pc + 42
core   0: 3 0x80002692 (0x0283f563)
core   0: 0x80002696 (0x0000ed15) c.bnez  a0, pc + 60
core   0: 3 0x80002696 (0xed15)
core   0: 0x80002698 (0x000004b9) c.addi  s1, 14
core   0: 3 0x80002698 (0x04b9) x9  0x003119ed
core   0: 0x8000269a (0x0273cfb3) div     t6, t2, t2
core   0: 3 0x8000269a (0x0273cfb3) x31 0x00000001
core   0: 0x8000269e (0x0164da13) srli    s4, s1, 22
core   0: 3 0x8000269e (0x0164da13) x20 0x00000000
core   0: 0x800026a2 (0xa63e3797) auipc   a5, 0xa63e3
core   0: 3 0x800026a2 (0xa63e3797) x15 0x263e56a2
core   0: 0x800026a6 (0x35b7f393) andi    t2, a5, 859
core   0: 3 0x800026a6 (0x35b7f393) x7  0x00000202
core   0: 0x800026aa (0x1c994d93) xori    s11, s2, 457
core   0: 3 0x800026aa (0x1c994d93) x27 0x80025fad
core   0: 0x800026ae (0x000083f9) c.srli  a5, 30
core   0: 3 0x800026ae (0x83f9) x15 0x00000000
core   0: 0x800026b0 (0x00008fed) c.and   a5, a1
core   0: 3 0x800026b0 (0x8fed) x15 0x00000000
core   0: 0x800026b2 (0x001a5013) srli    zero, s4, 1
core   0: 3 0x800026b2 (0x001a5013)
core   0: 0x800026b6 (0x00000001) c.nop
core   0: 3 0x800026b6 (0x0001)
core   0: 0x800026b8 (0x03680b33) mul     s6, a6, s6
core   0: 3 0x800026b8 (0x03680b33) x22 0xf0a5183c
core   0: 0x800026bc (0x00008f41) c.or    a4, s0
core   0: 3 0x800026bc (0x8f41) x14 0xfffffc9f
core   0: 0x800026be (0x1fb00b13) li      s6, 507
core   0: 3 0x800026be (0x1fb00b13) x22 0x000001fb
core   0: 0x800026c2 (0x026cd363) bge     s9, t1, pc + 38
core   0: 3 0x800026c2 (0x026cd363)
core   0: 0x800026e8 (0x0000e901) c.bnez  a0, pc + 16
core   0: 3 0x800026e8 (0xe901)
core   0: 0x800026ea (0x450eb193) sltiu   gp, t4, 1104
core   0: 3 0x800026ea (0x450eb193) x3  0x00000001
core   0: 0x800026ee (0x00008d11) c.sub   a0, a2
core   0: 3 0x800026ee (0x8d11) x10 0xfff66bf8
core   0: 0x800026f0 (0x00181e93) slli    t4, a6, 1
core   0: 3 0x800026f0 (0x00181e93) x29 0xefde53fe
core   0: 0x800026f4 (0xc2193193) sltiu   gp, s2, -991
core   0: 3 0x800026f4 (0xc2193193) x3  0x00000001
core   0: 0x800026f8 (0x036b3a33) mulhu   s4, s6, s6
core   0: 3 0x800026f8 (0x036b3a33) x20 0x00000000
core   0: 0x800026fc (0x00008e21) c.xor   a2, s0
core   0: 3 0x800026fc (0x8e21) x12 0xfff66897
core   0: 0x800026fe (0xa55ee413) ori     s0, t4, -1451
core   0: 3 0x800026fe (0xa55ee413) x8  0xfffffbff
core   0: 0x80002702 (0x01ad6e33) or      t3, s10, s10
core   0: 3 0x80002702 (0x01ad6e33) x28 0x00000001
core   0: 0x80002706 (0x00000001) c.nop
core   0: 3 0x80002706 (0x0001)
core   0: 0x80002708 (0x0035d613) srli    a2, a1, 3
core   0: 3 0x80002708 (0x0035d613) x12 0x10004bcc
core   0: 0x8000270c (0x00008d71) c.and   a0, a2
core   0: 3 0x8000270c (0x8d71) x10 0x10004bc8
core   0: 0x8000270e (0x0061c433) xor     s0, gp, t1
core   0: 3 0x8000270e (0x0061c433) x8  0x80025923
core   0: 0x80002712 (0x6c386e93) ori     t4, a6, 1731
core   0: 3 0x80002712 (0x6c386e93) x29 0x77ef2fff
core   0: 0x80002716 (0x00000001) c.nop
core   0: 3 0x80002716 (0x0001)
core   0: 0x80002718 (0x00006721) c.lui   a4, 0x8
core   0: 3 0x80002718 (0x6721) x14 0x00008000
core   0: 0x8000271a (0x00008c71) c.and   s0, a2
core   0: 3 0x8000271a (0x8c71) x8  0x00004900
core   0: 0x8000271c (0x8bc24717) auipc   a4, 0x8bc24
core   0: 3 0x8000271c (0x8bc24717) x14 0x0bc2671c
core   0: 0x80002720 (0x008c0f63) beq     s8, s0, pc + 30
core   0: 3 0x80002720 (0x008c0f63)
core   0: 0x80002724 (0x0000e399) c.bnez  a5, pc + 6
core   0: 3 0x80002724 (0xe399)
core   0: 0x80002726 (0x01309cb3) sll     s9, ra, s3
core   0: 3 0x80002726 (0x01309cb3) x25 0x313a8000
core   0: 0x8000272a (0x00ce4233) xor     tp, t3, a2
core   0: 3 0x8000272a (0x00ce4233) x4  0x10004bcd
core   0: 0x8000272e (0x03174f33) div     t5, a4, a7
core   0: 3 0x8000272e (0x03174f33) x30 0x00000000
core   0: 0x80002732 (0x024b7263) bgeu    s6, tp, pc + 36
core   0: 3 0x80002732 (0x024b7263)
core   0: 0x80002736 (0x00000001) c.nop
core   0: 3 0x80002736 (0x0001)
core   0: 0x80002738 (0x4094d533) sra     a0, s1, s1
core   0: 3 0x80002738 (0x4094d533) x10 0x00000188
core   0: 0x8000273c (0x0000cc91) c.beqz  s1, pc + 28
core   0: 3 0x8000273c (0xcc91)
core   0: 0x8000273e (0x01abe863) bltu    s7, s10, pc + 16
core   0: 3 0x8000273e (0x01abe863)
core   0: 0x80002742 (0x03c34463) blt     t1, t3, pc + 40
core   0: 3 0x80002742 (0x03c34463)
core   0: 0x8000276a (0x01bdd563) bge     s11, s11, pc + 10
core   0: 3 0x8000276a (0x01bdd563)
core   0: 0x80002774 (0x417c5eb3) sra     t4, s8, s7
core   0: 3 0x80002774 (0x417c5eb3) x29 0xffffffe0
core   0: 0x80002778 (0x00b99a93) slli    s5, s3, 11
core   0: 3 0x80002778 (0x00b99a93) x21 0x00000000
core   0: 0x8000277c (0x00008962) c.mv    s2, s8
core   0: 3 0x8000277c (0x8962) x18 0x80025e65
core   0: 0x8000277e (0x01ba69b3) or      s3, s4, s11
core   0: 3 0x8000277e (0x01ba69b3) x19 0x80025fad
core   0: 0x80002782 (0x00aad433) srl     s0, s5, a0
core   0: 3 0x80002782 (0x00aad433) x8  0x00000000
core   0: 0x80002786 (0x00008d62) c.mv    s10, s8
core   0: 3 0x80002786 (0x8d62) x26 0x80025e65
core   0: 0x80002788 (0x01469213) slli    tp, a3, 20
core   0: 3 0x80002788 (0x01469213) x4  0xd8800000
core   0: 0x8000278c (0x0000956e) c.add   a0, s11
core   0: 3 0x8000278c (0x956e) x10 0x80026135
core   0: 0x8000278e (0x00008fa5) c.xor   a5, s1
core   0: 3 0x8000278e (0x8fa5) x15 0x003119ed
core   0: 0x80002790 (0x0000987d) c.andi  s0, -1
core   0: 3 0x80002790 (0x987d) x8  0x00000000
core   0: 0x80002792 (0x04c60063) beq     a2, a2, pc + 64
core   0: 3 0x80002792 (0x04c60063)
core   0: 0x800027d2 (0x0290c533) div     a0, ra, s1
core   0: 3 0x800027d2 (0x0290c533) x10 0x00000100
core   0: 0x800027d6 (0x000064ed) c.lui   s1, 0x1b
core   0: 3 0x800027d6 (0x64ed) x9  0x0001b000
core   0: 0x800027d8 (0x01c7c933) xor     s2, a5, t3
core   0: 3 0x800027d8 (0x01c7c933) x18 0x003119ec
core   0: 0x800027dc (0x00000172) c.slli  sp, 28
core   0: 3 0x800027dc (0x0172) x2  0x00000000
core   0: 0x800027de (0x03831033) mulh    zero, t1, s8
core   0: 3 0x800027de (0x03831033)
core   0: 0x800027e2 (0x01595f33) srl     t5, s2, s5
core   0: 3 0x800027e2 (0x01595f33) x30 0x003119ec
core   0: 0x800027e6 (0x00000001) c.nop
core   0: 3 0x800027e6 (0x0001)
core   0: 0x800027e8 (0x00008cc1) c.or    s1, s0
core   0: 3 0x800027e8 (0x8cc1) x9  0x0001b000
core   0: 0x800027ea (0x600bbb93) sltiu   s7, s7, 1536
core   0: 3 0x800027ea (0x600bbb93) x23 0x00000000
core   0: 0x800027ee (0x0110fa63) bgeu    ra, a7, pc + 20
core   0: 3 0x800027ee (0x0110fa63)
core   0: 0x800027f2 (0x03128d63) beq     t0, a7, pc + 58
core   0: 3 0x800027f2 (0x03128d63)
core   0: 0x800027f6 (0x03698cb3) mul     s9, s3, s6
core   0: 3 0x800027f6 (0x03698cb3) x25 0x84b37b9f
core   0: 0x800027fa (0x02673333) mulhu   t1, a4, t1
core   0: 3 0x800027fa (0x02673333) x6  0x05e14f2a
core   0: 0x800027fe (0x020c12b3) mulh    t0, s8, zero
core   0: 3 0x800027fe (0x020c12b3) x5  0x00000000
core   0: 0x80002802 (0x00005c7d) c.li    s8, -1
core   0: 3 0x80002802 (0x5c7d) x24 0xffffffff
core   0: 0x80002804 (0x408c0d33) sub     s10, s8, s0
core   0: 3 0x80002804 (0x408c0d33) x26 0xffffffff
core   0: 0x80002808 (0x60da8293) addi    t0, s5, 1549
core   0: 3 0x80002808 (0x60da8293) x5  0x0000060d
core   0: 0x8000280c (0x038fd633) divu    a2, t6, s8
core   0: 3 0x8000280c (0x038fd633) x12 0x00000000
core   0: 0x80002810 (0x037d0eb3) mul     t4, s10, s7
core   0: 3 0x80002810 (0x037d0eb3) x29 0x00000000
core   0: 0x80002814 (0x01c91cb3) sll     s9, s2, t3
core   0: 3 0x80002814 (0x01c91cb3) x25 0x006233d8
core   0: 0x80002818 (0x00001688) c.addi4spn a0, sp, 864
core   0: 3 0x80002818 (0x1688) x10 0x00000360
core   0: 0x8000281a (0x037fca63) blt     t6, s7, pc + 52
core   0: 3 0x8000281a (0x037fca63)
core   0: 0x8000281e (0x0000c105) c.beqz  a0, pc + 32
core   0: 3 0x8000281e (0xc105)
core   0: 0x80002820 (0x0000717d) c.addi16sp sp, -16
core   0: 3 0x80002820 (0x717d) x2  0xfffffff0
core   0: 0x80002822 (0x000060cd) c.lui   ra, 0x13
core   0: 3 0x80002822 (0x60cd) x1  0x00013000
core   0: 0x80002824 (0x03b1c1b3) div     gp, gp, s11
core   0: 3 0x80002824 (0x03b1c1b3) x3  0x00000000
core   0: 0x80002828 (0x000098fd) c.andi  s1, -1
core   0: 3 0x80002828 (0x98fd) x9  0x0001b000
core   0: 0x8000282a (0x00000e08) c.addi4spn a0, sp, 784
core   0: 3 0x8000282a (0x0e08) x10 0x00000300
core   0: 0x8000282c (0xf6e86a93) ori     s5, a6, -146
core   0: 3 0x8000282c (0xf6e86a93) x21 0xffffffff
core   0: 0x80002830 (0x00008141) c.srli  a0, 16
core   0: 3 0x80002830 (0x8141) x10 0x00000000
core   0: 0x80002832 (0x00068133) add     sp, a3, zero
core   0: 3 0x80002832 (0x00068133) x2  0x5c873d88
core   0: 0x80002836 (0x37eb7217) auipc   tp, 0x37eb7
core   0: 3 0x80002836 (0x37eb7217) x4  0xb7eb9836
core   0: 0x8000283a (0x005fb333) sltu    t1, t6, t0
core   0: 3 0x8000283a (0x005fb333) x6  0x00000001
core   0: 0x8000283e (0x03cb9563) bne     s7, t3, pc + 42
core   0: 3 0x8000283e (0x03cb9563)
core   0: 0x80002868 (0x00008ce9) c.and   s1, a0
core   0: 3 0x80002868 (0x8ce9) x9  0x00000000
core   0: 0x8000286a (0x01648563) beq     s1, s6, pc + 10
core   0: 3 0x8000286a (0x01648563)
core   0: 0x8000286e (0x02d140b3) div     ra, sp, a3
core   0: 3 0x8000286e (0x02d140b3) x1  0x00000001
core   0: 0x80002872 (0x00000001) c.nop
core   0: 3 0x80002872 (0x0001)
core   0: 0x80002874 (0x00006ce9) c.lui   s9, 0x1a
core   0: 3 0x80002874 (0x6ce9) x25 0x0001a000
core   0: 0x80002876 (0x02fe3733) mulhu   a4, t3, a5
core   0: 3 0x80002876 (0x02fe3733) x14 0x00000000
core   0: 0x8000287a (0x034c09b3) mul     s3, s8, s4
core   0: 3 0x8000287a (0x034c09b3) x19 0x00000000
core   0: 0x8000287e (0x4192d4b3) sra     s1, t0, s9
core   0: 3 0x8000287e (0x4192d4b3) x9  0x0000060d
core   0: 0x80002882 (0x00000180) c.addi4spn s0, sp, 192
core   0: 3 0x80002882 (0x0180) x8  0x5c873e48
core   0: 0x80002884 (0x001b5193) srli    gp, s6, 1
core   0: 3 0x80002884 (0x001b5193) x3  0x000000fd
core   0: 0x80002888 (0x03de6fb3) rem     t6, t3, t4
core   0: 3 0x80002888 (0x03de6fb3) x31 0x00000001
core   0: 0x8000288c (0x01b5bd33) sltu    s10, a1, s11
core   0: 3 0x8000288c (0x01b5bd33) x26 0x00000001
core   0: 0x80002890 (0x03e1f533) remu    a0, gp, t5
core   0: 3 0x80002890 (0x03e1f533) x10 0x000000fd
core   0: 0x80002894 (0x5d150c13) addi    s8, a0, 1489
core   0: 3 0x80002894 (0x5d150c13) x24 0x000006ce
core   0: 0x80002898 (0x00008651) c.srai  a2, 20
core   0: 3 0x80002898 (0x8651) x12 0x00000000
core   0: 0x8000289a (0x0112ac33) slt     s8, t0, a7
core   0: 3 0x8000289a (0x0112ac33) x24 0x00000000
core   0: 0x8000289e (0x0000cc09) c.beqz  s0, pc + 26
core   0: 3 0x8000289e (0xcc09)
core   0: 0x800028a0 (0x4a233c93) sltiu   s9, t1, 1186
core   0: 3 0x800028a0 (0x4a233c93) x25 0x00000001
core   0: 0x800028a4 (0x0129beb3) sltu    t4, s3, s2
core   0: 3 0x800028a4 (0x0129beb3) x29 0x00000001
core   0: 0x800028a8 (0x00a44933) xor     s2, s0, a0
core   0: 3 0x800028a8 (0x00a44933) x18 0x5c873eb5
core   0: 0x800028ac (0x03bc31b3) mulhu   gp, s8, s11
core   0: 3 0x800028ac (0x03bc31b3) x3  0x00000000
core   0: 0x800028b0 (0x00000001) c.nop
core   0: 3 0x800028b0 (0x0001)
core   0: 0x800028b2 (0x01248cb3) add     s9, s1, s2
core   0: 3 0x800028b2 (0x01248cb3) x25 0x5c8744c2
core   0: 0x800028b6 (0x00008fd1) c.or    a5, a2
core   0: 3 0x800028b6 (0x8fd1) x15 0x003119ed
core   0: 0x800028b8 (0x00008ef1) c.and   a3, a2
core   0: 3 0x800028b8 (0x8ef1) x13 0x00000000
core   0: 0x800028ba (0x00008ce5) c.and   s1, s1
core   0: 3 0x800028ba (0x8ce5) x9  0x0000060d
core   0: 0x800028bc (0x47fc8d13) addi    s10, s9, 1151
core   0: 3 0x800028bc (0x47fc8d13) x26 0x5c874941
core   0: 0x800028c0 (0x024234b3) mulhu   s1, tp, tp
core   0: 3 0x800028c0 (0x024234b3) x9  0x8422ac6e
core   0: 0x800028c4 (0x00a89a63) bne     a7, a0, pc + 20
core   0: 3 0x800028c4 (0x00a89a63)
core   0: 0x800028d8 (0x007ad993) srli    s3, s5, 7
core   0: 3 0x800028d8 (0x007ad993) x19 0x01ffffff
core   0: 0x800028dc (0x014f2533) slt     a0, t5, s4
core   0: 3 0x800028dc (0x014f2533) x10 0x00000000
core   0: 0x800028e0 (0x03ee4fb3) div     t6, t3, t5
core   0: 3 0x800028e0 (0x03ee4fb3) x31 0x00000000
core   0: 0x800028e4 (0x033924b3) mulhsu  s1, s2, s3
core   0: 3 0x800028e4 (0x033924b3) x9  0x00b90e7d
core   0: 0x800028e8 (0xe8413213) sltiu   tp, sp, -380
core   0: 3 0x800028e8 (0xe8413213) x4  0x00000001
core   0: 0x800028ec (0x05b78063) beq     a5, s11, pc + 64
core   0: 3 0x800028ec (0x05b78063)
core   0: 0x800028f0 (0xf0213313) sltiu   t1, sp, -254
core   0: 3 0x800028f0 (0xf0213313) x6  0x00000001
core   0: 0x800028f4 (0x02146933) rem     s2, s0, ra
core   0: 3 0x800028f4 (0x02146933) x18 0x00000000
core   0: 0x800028f8 (0x00d55713) srli    a4, a0, 13
core   0: 3 0x800028f8 (0x00d55713) x14 0x00000000
core   0: 0x800028fc (0x00008e59) c.or    a2, a4
core   0: 3 0x800028fc (0x8e59) x12 0x00000000
core   0: 0x800028fe (0x000001ea) c.slli  gp, 26
core   0: 3 0x800028fe (0x01ea) x3  0x00000000
core   0: 0x80002900 (0x00002297) auipc   t0, 0x2
core   0: 3 0x80002900 (0x00002297) x5  0x80004900
core   0: 0x80002904 (0x74828293) addi    t0, t0, 1864
core   0: 3 0x80002904 (0x74828293) x5  0x80005048
core   0: 0x80002908 (0xfb628293) addi    t0, t0, -74
core   0: 3 0x80002908 (0xfb628293) x5  0x80004ffe
core   0: 0x8000290c (0x00000eae) c.slli  t4, 11
core   0: 3 0x8000290c (0x0eae) x29 0x00000800
core   0: 0x8000290e (0x02d9aeb3) mulhsu  t4, s3, a3
core   0: 3 0x8000290e (0x02d9aeb3) x29 0x00000000
core   0: 0x80002912 (0x01e86463) bltu    a6, t5, pc + 8
core   0: 3 0x80002912 (0x01e86463)
core   0: 0x80002916 (0x03d9beb3) mulhu   t4, s3, t4
core   0: 3 0x80002916 (0x03d9beb3) x29 0x00000000
core   0: 0x8000291a (0x04b28767) jalr    a4, t0, 75
core   0: 3 0x8000291a (0x04b28767) x14 0x8000291e
core   0: 0x80005048 (0x0000c119) c.beqz  a0, pc + 6
core   0: 3 0x80005048 (0xc119)
core   0: 0x8000504e (0x000015b1) c.addi  a1, -20
core   0: 3 0x8000504e (0x15b1) x11 0x80025e50
core   0: 0x80005050 (0x01015533) srl     a0, sp, a6
core   0: 3 0x80005050 (0x01015533) x10 0x00000000
core   0: 0x80005054 (0x0000c1d8) c.sw    a4, 4(a1)
core   0: 3 0x80005054 (0xc1d8) mem 0x80025e54 0x8000291e
core   0: 0x80005056 (0x00449ab3) sll     s5, s1, tp
core   0: 3 0x80005056 (0x00449ab3) x21 0x01721cfa
core   0: 0x8000505a (0x02ea7533) remu    a0, s4, a4
core   0: 3 0x8000505a (0x02ea7533) x10 0x00000000
core   0: 0x8000505e (0x0000bc97) auipc   s9, 0xb
core   0: 3 0x8000505e (0x0000bc97) x25 0x8001005e
core   0: 0x80005062 (0x3a0c8c93) addi    s9, s9, 928
core   0: 3 0x80005062 (0x3a0c8c93) x25 0x800103fe
core   0: 0x80005066 (0x00f0fc33) and     s8, ra, a5
core   0: 3 0x80005066 (0x00f0fc33) x24 0x00000001
core   0: 0x8000506a (0x0080cfb3) xor     t6, ra, s0
core   0: 3 0x8000506a (0x0080cfb3) x31 0x5c873e49
core   0: 0x8000506e (0x00004ff5) c.li    t6, 29
core   0: 3 0x8000506e (0x4ff5) x31 0x0000001d
core   0: 0x80005070 (0x0f6c9083) lh      ra, 246(s9)
core   0: 3 0x80005070 (0x0f6c9083) x1  0x00000000 mem 0x800104f4
core   0: 0x80005074 (0x03878bb3) mul     s7, a5, s8
core   0: 3 0x80005074 (0x03878bb3) x23 0x003119ed
core   0: 0x80005078 (0xfffccc03) lbu     s8, -1(s9)
core   0: 3 0x80005078 (0xfffccc03) x24 0x00000000 mem 0x800103fd
core   0: 0x8000507c (0xf88c9e23) sh      s0, -100(s9)
core   0: 3 0x8000507c (0xf88c9e23) mem 0x8001039a 0x3e48
core   0: 0x80005080 (0xf81c88a3) sb      ra, -111(s9)
core   0: 3 0x80005080 (0xf81c88a3) mem 0x8001038f 0x00
core   0: 0x80005084 (0xf57c8c03) lb      s8, -169(s9)
core   0: 3 0x80005084 (0xf57c8c03) x24 0xffffffff mem 0x80010355
core   0: 0x80005088 (0x5c2fb793) sltiu   a5, t6, 1474
core   0: 3 0x80005088 (0x5c2fb793) x15 0x00000001
core   0: 0x8000508c (0x069ccc03) lbu     s8, 105(s9)
core   0: 3 0x8000508c (0x069ccc03) x24 0x00000000 mem 0x80010467
core   0: 0x80005090 (0x401b87b3) sub     a5, s7, ra
core   0: 3 0x80005090 (0x401b87b3) x15 0x003119ed
core   0: 0x80005094 (0x01f78bb3) add     s7, a5, t6
core   0: 3 0x80005094 (0x01f78bb3) x23 0x00311a0a
core   0: 0x80005098 (0x037080b3) mul     ra, ra, s7
core   0: 3 0x80005098 (0x037080b3) x1  0x00000000
core   0: 0x8000509c (0xfecccc03) lbu     s8, -20(s9)
core   0: 3 0x8000509c (0xfecccc03) x24 0x00000000 mem 0x800103ea
core   0: 0x800050a0 (0x01f7d413) srli    s0, a5, 31
core   0: 3 0x800050a0 (0x01f7d413) x8  0x00000000
core   0: 0x800050a4 (0x00000001) c.nop
core   0: 3 0x800050a4 (0x0001)
core   0: 0x800050a6 (0xf12ca083) lw      ra, -238(s9)
core   0: 3 0x800050a6 (0xf12ca083) x1  0x00000000 mem 0x80010310
core   0: 0x800050aa (0x02ff9c33) mulh    s8, t6, a5
core   0: 3 0x800050aa (0x02ff9c33) x24 0x00000000
core   0: 0x800050ae (0x024cd403) lhu     s0, 36(s9)
core   0: 3 0x800050ae (0x024cd403) x8  0x00000000 mem 0x80010422
core   0: 0x800050b2 (0xacd0cc13) xori    s8, ra, -1331
core   0: 3 0x800050b2 (0xacd0cc13) x24 0xfffffacd
core   0: 0x800050b6 (0x018bfc33) and     s8, s7, s8
core   0: 3 0x800050b6 (0x018bfc33) x24 0x00311a08
core   0: 0x800050ba (0xf89ccb83) lbu     s7, -119(s9)
core   0: 3 0x800050ba (0xf89ccb83) x23 0x00000000 mem 0x80010387
core   0: 0x800050be (0x0000045e) c.slli  s0, 23
core   0: 3 0x800050be (0x045e) x8  0x00000000
core   0: 0x800050c0 (0xf6ecdb83) lhu     s7, -146(s9)
core   0: 3 0x800050c0 (0xf6ecdb83) x23 0x0000008a mem 0x8001036c
core   0: 0x800050c4 (0xfe6ca083) lw      ra, -26(s9)
core   0: 3 0x800050c4 (0xfe6ca083) x1  0x00000000 mem 0x800103e4
core   0: 0x800050c8 (0xfc5c8403) lb      s0, -59(s9)
core   0: 3 0x800050c8 (0xfc5c8403) x8  0x00000000 mem 0x800103c3
core   0: 0x800050cc (0x045ccb83) lbu     s7, 69(s9)
core   0: 3 0x800050cc (0x045ccb83) x23 0x00000000 mem 0x80010443
core   0: 0x800050d0 (0x417c0fb3) sub     t6, s8, s7
core   0: 3 0x800050d0 (0x417c0fb3) x31 0x00311a08
core   0: 0x800050d4 (0x00008405) c.srai  s0, 1
core   0: 3 0x800050d4 (0x8405) x8  0x00000000
core   0: 0x800050d6 (0xfb8c81a3) sb      s8, -93(s9)
core   0: 3 0x800050d6 (0xfb8c81a3) mem 0x800103a1 0x08
core   0: 0x800050da (0xfd6c8b83) lb      s7, -42(s9)
core   0: 3 0x800050da (0xfd6c8b83) x23 0x00000000 mem 0x800103d4
core   0: 0x800050de (0x0a2c8083) lb      ra, 162(s9)
core   0: 3 0x800050de (0x0a2c8083) x1  0x00000000 mem 0x800104a0
core   0: 0x800050e2 (0x000056f1) c.li    a3, -4
core   0: 3 0x800050e2 (0x56f1) x13 0xfffffffc
core   0: 0x800050e4 (0x00006941) c.lui   s2, 0x10
core   0: 3 0x800050e4 (0x6941) x18 0x00010000
core   0: 0x800050e6 (0x00004619) c.li    a2, 6
core   0: 3 0x800050e6 (0x4619) x12 0x00000006
core   0: 0x800050e8 (0x000004aa) c.slli  s1, 10
core   0: 3 0x800050e8 (0x04aa) x9  0xe439f400
core   0: 0x800050ea (0x404d0433) sub     s0, s10, tp
core   0: 3 0x800050ea (0x404d0433) x8  0x5c874940
core   0: 0x800050ee (0x00004f21) c.li    t5, 8
core   0: 3 0x800050ee (0x4f21) x30 0x00000008
core   0: 0x800050f0 (0x003d1493) slli    s1, s10, 3
core   0: 3 0x800050f0 (0x003d1493) x9  0xe43a4a08
core   0: 0x800050f4 (0x000006a9) c.addi  a3, 10
core   0: 3 0x800050f4 (0x06a9) x13 0x00000006
core   0: 0x800050f6 (0x00008f29) c.xor   a4, a0
core   0: 3 0x800050f6 (0x8f29) x14 0x8000291e
core   0: 0x800050f8 (0x007a8733) add     a4, s5, t2
core   0: 3 0x800050f8 (0x007a8733) x14 0x01721efc
core   0: 0x800050fc (0x00001818) c.addi4spn a4, sp, 48
core   0: 3 0x800050fc (0x1818) x14 0x5c873db8
core   0: 0x800050fe (0x00008039) c.srli  s0, 14
core   0: 3 0x800050fe (0x8039) x8  0x0001721d
core   0: 0x80005100 (0x02824933) div     s2, tp, s0
core   0: 3 0x80005100 (0x02824933) x18 0x00000000
core   0: 0x80005104 (0x0288ab33) mulhsu  s6, a7, s0
core   0: 3 0x80005104 (0x0288ab33) x22 0xffff46f5
core   0: 0x80005108 (0x00008f19) c.sub   a4, a4
core   0: 3 0x80005108 (0x8f19) x14 0x00000000
core   0: 0x8000510a (0xfec680e3) beq     a3, a2, pc - 32
core   0: 3 0x8000510a (0xfec680e3)
core   0: 0x800050ea (0x404d0433) sub     s0, s10, tp
core   0: 3 0x800050ea (0x404d0433) x8  0x5c874940
core   0: 0x800050ee (0x00004f21) c.li    t5, 8
core   0: 3 0x800050ee (0x4f21) x30 0x00000008
core   0: 0x800050f0 (0x003d1493) slli    s1, s10, 3
core   0: 3 0x800050f0 (0x003d1493) x9  0xe43a4a08
core   0: 0x800050f4 (0x000006a9) c.addi  a3, 10
core   0: 3 0x800050f4 (0x06a9) x13 0x00000010
core   0: 0x800050f6 (0x00008f29) c.xor   a4, a0
core   0: 3 0x800050f6 (0x8f29) x14 0x00000000
core   0: 0x800050f8 (0x007a8733) add     a4, s5, t2
core   0: 3 0x800050f8 (0x007a8733) x14 0x01721efc
core   0: 0x800050fc (0x00001818) c.addi4spn a4, sp, 48
core   0: 3 0x800050fc (0x1818) x14 0x5c873db8
core   0: 0x800050fe (0x00008039) c.srli  s0, 14
core   0: 3 0x800050fe (0x8039) x8  0x0001721d
core   0: 0x80005100 (0x02824933) div     s2, tp, s0
core   0: 3 0x80005100 (0x02824933) x18 0x00000000
core   0: 0x80005104 (0x0288ab33) mulhsu  s6, a7, s0
core   0: 3 0x80005104 (0x0288ab33) x22 0xffff46f5
core   0: 0x80005108 (0x00008f19) c.sub   a4, a4
core   0: 3 0x80005108 (0x8f19) x14 0x00000000
core   0: 0x8000510a (0xfec680e3) beq     a3, a2, pc - 32
core   0: 3 0x8000510a (0xfec680e3)
core   0: 0x8000510e (0x00008fd5) c.or    a5, a3
core   0: 3 0x8000510e (0x8fd5) x15 0x003119fd
core   0: 0x80005110 (0x00a0076f) jal     a4, pc + 0xa
core   0: 3 0x80005110 (0x00a0076f) x14 0x80005114
core   0: 0x8000511a (0x0000a809) c.j     pc + 18
core   0: 3 0x8000511a (0xa809)
core   0: 0x8000512c (0x00003fdd) c.jal   pc - 10
core   0: 3 0x8000512c (0x3fdd) x1  0x8000512e
core   0: 0x80005122 (0x0000bffd) c.j     pc - 2
core   0: 3 0x80005122 (0xbffd)
core   0: 0x80005120 (0x00003ff5) c.jal   pc - 4
core   0: 3 0x80005120 (0x3ff5) x1  0x80005122
core   0: 0x8000511c (0x00002021) c.jal   pc + 8
core   0: 3 0x8000511c (0x2021) x1  0x8000511e
core   0: 0x80005124 (0x00002009) c.jal   pc + 2
core   0: 3 0x80005124 (0x2009) x1  0x80005126
core   0: 0x80005126 (0x00003fcd) c.jal   pc - 14
core   0: 3 0x80005126 (0x3fcd) x1  0x80005128
core   0: 0x80005118 (0x0000a809) c.j     pc + 18
core   0: 3 0x80005118 (0xa809)
core   0: 0x8000512a (0x00003ffd) c.jal   pc - 2
core   0: 3 0x8000512a (0x3ffd) x1  0x8000512c
core   0: 0x80005128 (0x00002019) c.jal   pc + 6
core   0: 3 0x80005128 (0x2019) x1  0x8000512a
core   0: 0x8000512e (0x000037dd) c.jal   pc - 26
core   0: 3 0x8000512e (0x37dd) x1  0x80005130
core   0: 0x80005114 (0x00a0036f) jal     t1, pc + 0xa
core   0: 3 0x80005114 (0x00a0036f) x6  0x80005118
core   0: 0x8000511e (0x00002809) c.jal   pc + 18
core   0: 3 0x8000511e (0x2809) x1  0x80005120
core   0: 0x80005130 (0x03a0e1b3) rem     gp, ra, s10
core   0: 3 0x80005130 (0x03a0e1b3) x3  0xdc879a61
core   0: 0x80005134 (0x0000f117) auipc   sp, 0xf
core   0: 3 0x80005134 (0x0000f117) x2  0x80014134
core   0: 0x80005138 (0xc9b10113) addi    sp, sp, -869
core   0: 3 0x80005138 (0xc9b10113) x2  0x80013dcf
core   0: 0x8000513c (0x02614f03) lbu     t5, 38(sp)
core   0: 3 0x8000513c (0x02614f03) x30 0x00000000 mem 0x80013df5
core   0: 0x80005140 (0xfef15c83) lhu     s9, -17(sp)
core   0: 3 0x80005140 (0xfef15c83) x25 0x00000000 mem 0x80013dbe
core   0: 0x80005144 (0x00008ec5) c.or    a3, s1
core   0: 3 0x80005144 (0x8ec5) x13 0xe43a4a18
core   0: 0x80005146 (0xfe814383) lbu     t2, -24(sp)
core   0: 3 0x80005146 (0xfe814383) x7  0x00000000 mem 0x80013db7
core   0: 0x8000514a (0xffa102a3) sb      s10, -27(sp)
core   0: 3 0x8000514a (0xffa102a3) mem 0x80013db4 0x41
core   0: 0x8000514e (0x03414b03) lbu     s6, 52(sp)
core   0: 3 0x8000514e (0x03414b03) x22 0x00000000 mem 0x80013e03
core   0: 0x80005152 (0x532eee93) ori     t4, t4, 1330
core   0: 3 0x80005152 (0x532eee93) x29 0x00000532
core   0: 0x80005156 (0x41408d33) sub     s10, ra, s4
core   0: 3 0x80005156 (0x41408d33) x26 0x80005120
core   0: 0x8000515a (0x03be5c37) lui     s8, 0x3be5
core   0: 3 0x8000515a (0x03be5c37) x24 0x03be5000
core   0: 0x8000515e (0x000f9033) sll     zero, t6, zero
core   0: 3 0x8000515e (0x000f9033)
core   0: 0x80005162 (0x41f0d413) srai    s0, ra, 31
core   0: 3 0x80005162 (0x41f0d413) x8  0xffffffff
core   0: 0x80005166 (0x03814503) lbu     a0, 56(sp)
core   0: 3 0x80005166 (0x03814503) x10 0x00000000 mem 0x80013e07
core   0: 0x8000516a (0x41b35d33) sra     s10, t1, s11
core   0: 3 0x8000516a (0x41b35d33) x26 0xfffc0002
core   0: 0x8000516e (0x039782b3) mul     t0, a5, s9
core   0: 3 0x8000516e (0x039782b3) x5  0x00000000
core   0: 0x80005172 (0x00000a7d) c.addi  s4, 31
core   0: 3 0x80005172 (0x0a7d) x20 0x0000001f
core   0: 0x80005174 (0x03811ba3) sh      s8, 55(sp)
core   0: 3 0x80005174 (0x03811ba3) mem 0x80013e06 0x5000
core   0: 0x80005178 (0x01010503) lb      a0, 16(sp)
core   0: 3 0x80005178 (0x01010503) x10 0x00000000 mem 0x80013ddf
core   0: 0x8000517c (0x03098013) addi    zero, s3, 48
core   0: 3 0x8000517c (0x03098013)
core   0: 0x80005180 (0x01b15d83) lhu     s11, 27(sp)
core   0: 3 0x80005180 (0x01b15d83) x27 0x00000000 mem 0x80013dea
core   0: 0x80005184 (0x00008015) c.srli  s0, 5
core   0: 3 0x80005184 (0x8015) x8  0x07ffffff
core   0: 0x80005186 (0x02512183) lw      gp, 37(sp)
core   0: 3 0x80005186 (0x02512183) x3  0x00000000 mem 0x80013df4
core   0: 0x8000518a (0x02d24633) div     a2, tp, a3
core   0: 3 0x8000518a (0x02d24633) x12 0x00000000
core   0: 0x8000518e (0xfe0107a3) sb      zero, -17(sp)
core   0: 3 0x8000518e (0xfe0107a3) mem 0x80013dbe 0x00
core   0: 0x80005192 (0x031136b3) mulhu   a3, sp, a7
core   0: 3 0x80005192 (0x031136b3) x13 0x4001ed5c
core   0: 0x80005196 (0x0114bb33) sltu    s6, s1, a7
core   0: 3 0x80005196 (0x0114bb33) x22 0x00000000
core   0: 0x8000519a (0xfc414283) lbu     t0, -60(sp)
core   0: 3 0x8000519a (0xfc414283) x5  0x00000000 mem 0x80013d93
core   0: 0x8000519e (0xfeb11603) lh      a2, -21(sp)
core   0: 3 0x8000519e (0xfeb11603) x12 0x00000000 mem 0x80013dba
core   0: 0x800051a2 (0xfd314183) lbu     gp, -45(sp)
core   0: 3 0x800051a2 (0xfd314183) x3  0x00000000 mem 0x80013da2
core   0: 0x800051a6 (0x01e10023) sb      t5, 0(sp)
core   0: 3 0x800051a6 (0x01e10023) mem 0x80013dcf 0x00
core   0: 0x800051aa (0x01d75493) srli    s1, a4, 29
core   0: 3 0x800051aa (0x01d75493) x9  0x00000004
core   0: 0x800051ae (0x00a6e0b3) or      ra, a3, a0
core   0: 3 0x800051ae (0x00a6e0b3) x1  0x4001ed5c
core   0: 0x800051b2 (0x00008035) c.srli  s0, 13
core   0: 3 0x800051b2 (0x8035) x8  0x00003fff
core   0: 0x800051b4 (0xfe5106a3) sb      t0, -19(sp)
core   0: 3 0x800051b4 (0xfe5106a3) mem 0x80013dbc 0x00
core   0: 0x800051b8 (0x00000001) c.nop
core   0: 3 0x800051b8 (0x0001)
core   0: 0x800051ba (0x0270adb3) mulhsu  s11, ra, t2
core   0: 3 0x800051ba (0x0270adb3) x27 0x00000000
core   0: 0x800051be (0x00b10a83) lb      s5, 11(sp)
core   0: 3 0x800051be (0x00b10a83) x21 0x00000000 mem 0x80013dda
core   0: 0x800051c2 (0xff311703) lh      a4, -13(sp)
core   0: 3 0x800051c2 (0xff311703) x14 0x00000000 mem 0x80013dc2
core   0: 0x800051c6 (0xfc410903) lb      s2, -60(sp)
core   0: 3 0x800051c6 (0xfc410903) x18 0x00000000 mem 0x80013d93
core   0: 0x800051ca (0x0002d293) srli    t0, t0, 0
core   0: 3 0x800051ca (0x0002d293) x5  0x00000000
core   0: 0x800051ce (0xfdb10403) lb      s0, -37(sp)
core   0: 3 0x800051ce (0xfdb10403) x8  0x00000000 mem 0x80013daa
core   0: 0x800051d2 (0xfcd126a3) sw      a3, -51(sp)
core   0: 3 0x800051d2 (0xfcd126a3) mem 0x80013d9c 0x4001ed5c
core   0: 0x800051d6 (0x0000f217) auipc   tp, 0xf
core   0: 3 0x800051d6 (0x0000f217) x4  0x800141d6
core   0: 0x800051da (0x75720213) addi    tp, tp, 1879
core   0: 3 0x800051da (0x75720213) x4  0x8001492d
core   0: 0x800051de (0x00120c03) lb      s8, 1(tp)
core   0: 3 0x800051de (0x00120c03) x24 0x00000000 mem 0x8001492e
core   0: 0x800051e2 (0x00f21683) lh      a3, 15(tp)
core   0: 3 0x800051e2 (0x00f21683) x13 0x00000000 mem 0x8001493c
core   0: 0x800051e6 (0x0286d1b3) divu    gp, a3, s0
core   0: 3 0x800051e6 (0x0286d1b3) x3  0xffffffff
core   0: 0x800051ea (0xfd821aa3) sh      s8, -43(tp)
core   0: 3 0x800051ea (0xfd821aa3) mem 0x80014902 0x0000
core   0: 0x800051ee (0x03624683) lbu     a3, 54(tp)
core   0: 3 0x800051ee (0x03624683) x13 0x00000000 mem 0x80014963
core   0: 0x800051f2 (0x02820f23) sb      s0, 62(tp)
core   0: 3 0x800051f2 (0x02820f23) mem 0x8001496b 0x00
core   0: 0x800051f6 (0x01c24183) lbu     gp, 28(tp)
core   0: 3 0x800051f6 (0x01c24183) x3  0x00000000 mem 0x80014949
core   0: 0x800051fa (0x2e766c37) lui     s8, 0x2e766
core   0: 3 0x800051fa (0x2e766c37) x24 0x2e766000
core   0: 0x800051fe (0x40c1de33) sra     t3, gp, a2
core   0: 3 0x800051fe (0x40c1de33) x28 0x00000000
core   0: 0x80005202 (0x01bc5e13) srli    t3, s8, 27
core   0: 3 0x80005202 (0x01bc5e13) x28 0x00000005
core   0: 0x80005206 (0x41c40633) sub     a2, s0, t3
core   0: 3 0x80005206 (0x41c40633) x12 0xfffffffb
core   0: 0x8000520a (0x00d1d6b3) srl     a3, gp, a3
core   0: 3 0x8000520a (0x00d1d6b3) x13 0x00000000
core   0: 0x8000520e (0x403c0633) sub     a2, s8, gp
core   0: 3 0x8000520e (0x403c0633) x12 0x2e766000
core   0: 0x80005212 (0x008c2e33) slt     t3, s8, s0
core   0: 3 0x80005212 (0x008c2e33) x28 0x00000000
core   0: 0x80005216 (0x0031d633) srl     a2, gp, gp
core   0: 3 0x80005216 (0x0031d633) x12 0x00000000
core   0: 0x8000521a (0xfc924183) lbu     gp, -55(tp)
core   0: 3 0x8000521a (0xfc924183) x3  0x00000000 mem 0x800148f6
core   0: 0x8000521e (0x01820e23) sb      s8, 28(tp)
core   0: 3 0x8000521e (0x01820e23) mem 0x80014949 0x00
core   0: 0x80005222 (0x00008ef5) c.and   a3, a3
core   0: 3 0x80005222 (0x8ef5) x13 0x00000000
core   0: 0x80005224 (0x0000987d) c.andi  s0, -1
core   0: 3 0x80005224 (0x987d) x8  0x00000000
core   0: 0x80005226 (0x0031a6b3) slt     a3, gp, gp
core   0: 3 0x80005226 (0x0031a6b3) x13 0x00000000
core   0: 0x8000522a (0x02321ba3) sh      gp, 55(tp)
core   0: 3 0x8000522a (0x02321ba3) mem 0x80014964 0x0000
core   0: 0x8000522e (0x02d21ba3) sh      a3, 55(tp)
core   0: 3 0x8000522e (0x02d21ba3) mem 0x80014964 0x0000
core   0: 0x80005232 (0xfcc20da3) sb      a2, -37(tp)
core   0: 3 0x80005232 (0xfcc20da3) mem 0x80014908 0x00
core   0: 0x80005236 (0x003200a3) sb      gp, 1(tp)
core   0: 3 0x80005236 (0x003200a3) mem 0x8001492e 0x00
core   0: 0x8000523a (0xfd220e03) lb      t3, -46(tp)
core   0: 3 0x8000523a (0xfd220e03) x28 0x00000000 mem 0x800148ff
core   0: 0x8000523e (0x02820b23) sb      s0, 54(tp)
core   0: 3 0x8000523e (0x02820b23) mem 0x80014963 0x00
core   0: 0x80005242 (0xfcc209a3) sb      a2, -45(tp)
core   0: 3 0x80005242 (0xfcc209a3) mem 0x80014900 0x00
core   0: 0x80005246 (0x418e0433) sub     s0, t3, s8
core   0: 3 0x80005246 (0x418e0433) x8  0xd189a000
core   0: 0x8000524a (0x00320d23) sb      gp, 26(tp)
core   0: 3 0x8000524a (0x00320d23) mem 0x80014947 0x00
core   0: 0x8000524e (0x02346c33) rem     s8, s0, gp
core   0: 3 0x8000524e (0x02346c33) x24 0xd189a000
core   0: 0x80005252 (0x00008ed1) c.or    a3, a2
core   0: 3 0x80005252 (0x8ed1) x13 0x00000000
core   0: 0x80005254 (0xff924e03) lbu     t3, -7(tp)
core   0: 3 0x80005254 (0xff924e03) x28 0x00000000 mem 0x80014926
core   0: 0x80005258 (0x1aa60193) addi    gp, a2, 426
core   0: 3 0x80005258 (0x1aa60193) x3  0x000001aa
core   0: 0x8000525c (0x00020683) lb      a3, 0(tp)
core   0: 3 0x8000525c (0x00020683) x13 0x00000000 mem 0x8001492d
core   0: 0x80005260 (0xd0ec4413) xori    s0, s8, -754
core   0: 3 0x80005260 (0xd0ec4413) x8  0x2e765d0e
core   0: 0x80005264 (0x614c3193) sltiu   gp, s8, 1556
core   0: 3 0x80005264 (0x614c3193) x3  0x00000000
core   0: 0x80005268 (0x02d20e23) sb      a3, 60(tp)
core   0: 3 0x80005268 (0x02d20e23) mem 0x80014969 0x00
core   0: 0x8000526c (0x03ce06b3) mul     a3, t3, t3
core   0: 3 0x8000526c (0x03ce06b3) x13 0x00000000
core   0: 0x80005270 (0xfd124403) lbu     s0, -47(tp)
core   0: 3 0x80005270 (0xfd124403) x8  0x00000000 mem 0x800148fe
core   0: 0x80005274 (0x01e20683) lb      a3, 30(tp)
core   0: 3 0x80005274 (0x01e20683) x13 0x00000000 mem 0x8001494b
core   0: 0x80005278 (0x03e20c03) lb      s8, 62(tp)
core   0: 3 0x80005278 (0x03e20c03) x24 0x00000000 mem 0x8001496b
core   0: 0x8000527c (0x0240076f) jal     a4, pc + 0x24
core   0: 3 0x8000527c (0x0240076f) x14 0x80005280
core   0: 0x800052a0 (0xff9ff0ef) jal     pc - 0x8
core   0: 3 0x800052a0 (0xff9ff0ef) x1  0x800052a4
core   0: 0x80005298 (0xfe9ff36f) jal     t1, pc - 0x18
core   0: 3 0x80005298 (0xfe9ff36f) x6  0x8000529c
core   0: 0x80005280 (0x00600aef) jal     s5, pc + 0x6
core   0: 3 0x80005280 (0x00600aef) x21 0x80005284
core   0: 0x80005286 (0x0000202d) c.jal   pc + 42
core   0: 3 0x80005286 (0x202d) x1  0x80005288
core   0: 0x800052b0 (0xfd5ff66f) jal     a2, pc - 0x2c
core   0: 3 0x800052b0 (0xfd5ff66f) x12 0x800052b4
core   0: 0x80005284 (0x0000a815) c.j     pc + 52
core   0: 3 0x80005284 (0xa815)
core   0: 0x800052b8 (0x00003ff5) c.jal   pc - 4
core   0: 3 0x800052b8 (0x3ff5) x1  0x800052ba
core   0: 0x800052b4 (0xff5ff0ef) jal     pc - 0xc
core   0: 3 0x800052b4 (0xff5ff0ef) x1  0x800052b8
core   0: 0x800052a8 (0x004001ef) jal     gp, pc + 0x4
core   0: 3 0x800052a8 (0x004001ef) x3  0x800052ac
core   0: 0x800052ac (0xfdfff0ef) jal     pc - 0x22
core   0: 3 0x800052ac (0xfdfff0ef) x1  0x800052b0
core   0: 0x8000528a (0x0060036f) jal     t1, pc + 0x6
core   0: 3 0x8000528a (0x0060036f) x6  0x8000528e
core   0: 0x80005290 (0x0000a019) c.j     pc + 6
core   0: 3 0x80005290 (0xa019)
core   0: 0x80005296 (0x00002039) c.jal   pc + 14
core   0: 3 0x80005296 (0x2039) x1  0x80005298
core   0: 0x800052a4 (0x0000a009) c.j     pc + 2
core   0: 3 0x800052a4 (0xa009)
core   0: 0x800052a6 (0x00002811) c.jal   pc + 20
core   0: 3 0x800052a6 (0x2811) x1  0x800052a8
core   0: 0x800052ba (0x0000b7cd) c.j     pc - 30
core   0: 3 0x800052ba (0xb7cd)
core   0: 0x8000529c (0xff7ff0ef) jal     pc - 0xa
core   0: 3 0x8000529c (0xff7ff0ef) x1  0x800052a0
core   0: 0x80005292 (0x0000a02d) c.j     pc + 42
core   0: 3 0x80005292 (0xa02d)
core   0: 0x800052bc (0x0000bfe1) c.j     pc - 40
core   0: 3 0x800052bc (0xbfe1)
core   0: 0x80005294 (0x00003fd5) c.jal   pc - 12
core   0: 3 0x80005294 (0x3fd5) x1  0x80005296
core   0: 0x80005288 (0x0000281d) c.jal   pc + 54
core   0: 3 0x80005288 (0x281d) x1  0x8000528a
core   0: 0x800052be (0x00003fc1) c.jal   pc - 48
core   0: 3 0x800052be (0x3fc1) x1  0x800052c0
core   0: 0x8000528e (0x0000a80d) c.j     pc + 50
core   0: 3 0x8000528e (0xa80d)
core   0: 0x800052c0 (0x000067a5) c.lui   a5, 0x9
core   0: 3 0x800052c0 (0x67a5) x15 0x00009000
core   0: 0x800052c2 (0x0160076f) jal     a4, pc + 0x16
core   0: 3 0x800052c2 (0x0160076f) x14 0x800052c6
core   0: 0x800052d8 (0x00003fe5) c.jal   pc - 8
core   0: 3 0x800052d8 (0x3fe5) x1  0x800052da
core   0: 0x800052d0 (0x00002019) c.jal   pc + 6
core   0: 3 0x800052d0 (0x2019) x1  0x800052d2
core   0: 0x800052d6 (0x0000a029) c.j     pc + 10
core   0: 3 0x800052d6 (0xa029)
core   0: 0x800052e0 (0x00003fcd) c.jal   pc - 14
core   0: 3 0x800052e0 (0x3fcd) x1  0x800052e2
core   0: 0x800052d2 (0x0000a029) c.j     pc + 10
core   0: 3 0x800052d2 (0xa029)
core   0: 0x800052dc (0x0000b7fd) c.j     pc - 18
core   0: 3 0x800052dc (0xb7fd)
core   0: 0x800052ca (0x00002811) c.jal   pc + 20
core   0: 3 0x800052ca (0x2811) x1  0x800052cc
core   0: 0x800052de (0x0000b7fd) c.j     pc - 18
core   0: 3 0x800052de (0xb7fd)
core   0: 0x800052cc (0x01a000ef) jal     pc + 0x1a
core   0: 3 0x800052cc (0x01a000ef) x1  0x800052d0
core   0: 0x800052e6 (0x0000bffd) c.j     pc - 2
core   0: 3 0x800052e6 (0xbffd)
core   0: 0x800052e4 (0x00002021) c.jal   pc + 8
core   0: 3 0x800052e4 (0x2021) x1  0x800052e6
core   0: 0x800052ec (0x0000bfe9) c.j     pc - 38
core   0: 3 0x800052ec (0xbfe9)
core   0: 0x800052c6 (0x028000ef) jal     pc + 0x28
core   0: 3 0x800052c6 (0x028000ef) x1  0x800052ca
core   0: 0x800052ee (0x0000bfd5) c.j     pc - 12
core   0: 3 0x800052ee (0xbfd5)
core   0: 0x800052e2 (0x00003fe5) c.jal   pc - 8
core   0: 3 0x800052e2 (0x3fe5) x1  0x800052e4
core   0: 0x800052da (0x0000bfed) c.j     pc - 6
core   0: 3 0x800052da (0xbfed)
core   0: 0x800052d4 (0x00002811) c.jal   pc + 20
core   0: 3 0x800052d4 (0x2811) x1  0x800052d6
core   0: 0x800052e8 (0x008000ef) jal     pc + 0x8
core   0: 3 0x800052e8 (0x008000ef) x1  0x800052ec
core   0: 0x800052f0 (0x403984b3) sub     s1, s3, gp
core   0: 3 0x800052f0 (0x403984b3) x9  0x81ffad53
core   0: 0x800052f4 (0x0000b117) auipc   sp, 0xb
core   0: 3 0x800052f4 (0x0000b117) x2  0x800102f4
core   0: 0x800052f8 (0xe3010113) addi    sp, sp, -464
core   0: 3 0x800052f8 (0xe3010113) x2  0x80010124
core   0: 0x800052fc (0x00000001) c.nop
core   0: 3 0x800052fc (0x0001)
core   0: 0x800052fe (0x014b36b3) sltu    a3, s6, s4
core   0: 3 0x800052fe (0x014b36b3) x13 0x00000001
core   0: 0x80005302 (0x00310783) lb      a5, 3(sp)
core   0: 3 0x80005302 (0x00310783) x15 0x00000000 mem 0x80010127
core   0: 0x80005306 (0xff514f03) lbu     t5, -11(sp)
core   0: 3 0x80005306 (0xff514f03) x30 0x00000000 mem 0x80010119
core   0: 0x8000530a (0x01611523) sh      s6, 10(sp)
core   0: 3 0x8000530a (0x01611523) mem 0x8001012e 0x0000
core   0: 0x8000530e (0x000086e9) c.srai  a3, 26
core   0: 3 0x8000530e (0x86e9) x13 0x00000000
core   0: 0x80005310 (0x03f3cf33) div     t5, t2, t6
core   0: 3 0x80005310 (0x03f3cf33) x30 0x00000000
core   0: 0x80005314 (0x41a002b3) sub     t0, zero, s10
core   0: 3 0x80005314 (0x41a002b3) x5  0x0003fffe
core   0: 0x80005318 (0x000047c2) c.lwsp  a5, 16(sp)
core   0: 3 0x80005318 (0x47c2) x15 0x00000000 mem 0x80010134
core   0: 0x8000531a (0x000087b1) c.srai  a5, 12
core   0: 3 0x8000531a (0x87b1) x15 0x00000000
core   0: 0x8000531c (0x01d52333) slt     t1, a0, t4
core   0: 3 0x8000531c (0x01d52333) x6  0x00000001
core   0: 0x80005320 (0xff610d03) lb      s10, -10(sp)
core   0: 3 0x80005320 (0xff610d03) x26 0x00000000 mem 0x8001011a
core   0: 0x80005324 (0x0249c533) div     a0, s3, tp
core   0: 3 0x80005324 (0x0249c533) x10 0x00000000
core   0: 0x80005328 (0xff611783) lh      a5, -10(sp)
core   0: 3 0x80005328 (0xff611783) x15 0x00000000 mem 0x8001011a
core   0: 0x8000532c (0x000093ae) c.add   t2, a1
core   0: 3 0x8000532c (0x93ae) x7  0x80025e50
core   0: 0x8000532e (0xffc12983) lw      s3, -4(sp)
core   0: 3 0x8000532e (0xffc12983) x19 0x00000000 mem 0x80010120
core   0: 0x80005332 (0x002ed233) srl     tp, t4, sp
core   0: 3 0x80005332 (0x002ed233) x4  0x00000053
core   0: 0x80005336 (0xfee11923) sh      a4, -14(sp)
core   0: 3 0x80005336 (0xfee11923) mem 0x80010116 0x52c6
core   0: 0x8000533a (0x00008d39) c.xor   a0, a4
core   0: 3 0x8000533a (0x8d39) x10 0x800052c6
core   0: 0x8000533c (0x2264e313) ori     t1, s1, 550
core   0: 3 0x8000533c (0x2264e313) x6  0x81ffaf77
core   0: 0x80005340 (0x00008c51) c.or    s0, a2
core   0: 3 0x80005340 (0x8c51) x8  0x800052b4
core   0: 0x80005342 (0x00314083) lbu     ra, 3(sp)
core   0: 3 0x80005342 (0x00314083) x1  0x00000000 mem 0x80010127
core   0: 0x80005346 (0x00914c83) lbu     s9, 9(sp)
core   0: 3 0x80005346 (0x00914c83) x25 0x00000000 mem 0x8001012d
core   0: 0x8000534a (0xa763c013) xori    zero, t2, -1418
core   0: 3 0x8000534a (0xa763c013)
core   0: 0x8000534e (0xff110b03) lb      s6, -15(sp)
core   0: 3 0x8000534e (0xff110b03) x22 0x00000000 mem 0x80010115
core   0: 0x80005352 (0x001016b3) sll     a3, zero, ra
core   0: 3 0x80005352 (0x001016b3) x13 0x00000000
core   0: 0x80005356 (0x41368a33) sub     s4, a3, s3
core   0: 3 0x80005356 (0x41368a33) x20 0x00000000
core   0: 0x8000535a (0xff215b03) lhu     s6, -14(sp)
core   0: 3 0x8000535a (0xff215b03) x22 0x000052c6 mem 0x80010116
core   0: 0x8000535e (0x01437bb3) and     s7, t1, s4
core   0: 3 0x8000535e (0x01437bb3) x23 0x00000000
core   0: 0x80005362 (0x00008e59) c.or    a2, a4
core   0: 3 0x80005362 (0x8e59) x12 0x800052f6
core   0: 0x80005364 (0x00009346) c.add   t1, a7
core   0: 3 0x80005364 (0x9346) x6  0x02024c5b
core   0: 0x80005366 (0x00005dfd) c.li    s11, -1
core   0: 3 0x80005366 (0x5dfd) x27 0xffffffff
core   0: 0x80005368 (0x00008f85) c.sub   a5, s1
core   0: 3 0x80005368 (0x8f85) x15 0x7e0052ad
core   0: 0x8000536a (0x00008cb5) c.xor   s1, a3
core   0: 3 0x8000536a (0x8cb5) x9  0x81ffad53
core   0: 0x8000536c (0xff514483) lbu     s1, -11(sp)
core   0: 3 0x8000536c (0xff514483) x9  0x00000000 mem 0x80010119
core   0: 0x80005370 (0x7b7116b7) lui     a3, 0x7b711
core   0: 3 0x80005370 (0x7b7116b7) x13 0x7b711000
core   0: 0x80005374 (0x00000d76) c.slli  s10, 29
core   0: 3 0x80005374 (0x0d76) x26 0x00000000
core   0: 0x80005376 (0x00514d83) lbu     s11, 5(sp)
core   0: 3 0x80005376 (0x00514d83) x27 0x00000000 mem 0x80010129
core   0: 0x8000537a (0x02f8ba33) mulhu   s4, a7, a5
core   0: 3 0x8000537a (0x02f8ba33) x20 0x3f01728f
core   0: 0x8000537e (0xff910783) lb      a5, -7(sp)
core   0: 3 0x8000537e (0xff910783) x15 0x00000000 mem 0x8001011d
core   0: 0x80005382 (0x0000b117) auipc   sp, 0xb
core   0: 3 0x80005382 (0x0000b117) x2  0x80010382
core   0: 0x80005386 (0xeb910113) addi    sp, sp, -327
core   0: 3 0x80005386 (0xeb910113) x2  0x8001023b
core   0: 0x8000538a (0x01410323) sb      s4, 6(sp)
core   0: 3 0x8000538a (0x01410323) mem 0x80010241 0x8f
core   0: 0x8000538e (0x4b56db97) auipc   s7, 0x4b56d
core   0: 3 0x8000538e (0x4b56db97) x23 0xcb57238e
core   0: 0x80005392 (0x00614303) lbu     t1, 6(sp)
core   0: 3 0x80005392 (0x00614303) x6  0x0000008f mem 0x80010241
core   0: 0x80005396 (0x01010323) sb      a6, 6(sp)
core   0: 3 0x80005396 (0x01010323) mem 0x80010241 0xff
core   0: 0x8000539a (0xdbb4c317) auipc   t1, 0xdbb4c
core   0: 3 0x8000539a (0xdbb4c317) x6  0x5bb5139a
core   0: 0x8000539e (0x00d380b3) add     ra, t2, a3
core   0: 3 0x8000539e (0x00d380b3) x1  0xfb736e50
core   0: 0x800053a2 (0x00610203) lb      tp, 6(sp)
core   0: 3 0x800053a2 (0x00610203) x4  0xffffffff mem 0x80010241
core   0: 0x800053a6 (0x00614f83) lbu     t6, 6(sp)
core   0: 3 0x800053a6 (0x00614f83) x31 0x000000ff mem 0x80010241
core   0: 0x800053aa (0x00614e03) lbu     t3, 6(sp)
core   0: 3 0x800053aa (0x00614e03) x28 0x000000ff mem 0x80010241
core   0: 0x800053ae (0x01610323) sb      s6, 6(sp)
core   0: 3 0x800053ae (0x01610323) mem 0x80010241 0xc6
core   0: 0x800053b2 (0x00008362) c.mv    t1, s8
core   0: 3 0x800053b2 (0x8362) x6  0x00000000
core   0: 0x800053b4 (0x00410323) sb      tp, 6(sp)
core   0: 3 0x800053b4 (0x00410323) mem 0x80010241 0xff
core   0: 0x800053b8 (0x01a10323) sb      s10, 6(sp)
core   0: 3 0x800053b8 (0x01a10323) mem 0x80010241 0x00
core   0: 0x800053bc (0x00614e03) lbu     t3, 6(sp)
core   0: 3 0x800053bc (0x00614e03) x28 0x00000000 mem 0x80010241
core   0: 0x800053c0 (0x00610983) lb      s3, 6(sp)
core   0: 3 0x800053c0 (0x00610983) x19 0x00000000 mem 0x80010241
core   0: 0x800053c4 (0x01c10323) sb      t3, 6(sp)
core   0: 3 0x800053c4 (0x01c10323) mem 0x80010241 0x00
core   0: 0x800053c8 (0x00614f83) lbu     t6, 6(sp)
core   0: 3 0x800053c8 (0x00614f83) x31 0x00000000 mem 0x80010241
core   0: 0x800053cc (0x00614483) lbu     s1, 6(sp)
core   0: 3 0x800053cc (0x00614483) x9  0x00000000 mem 0x80010241
core   0: 0x800053d0 (0x00610603) lb      a2, 6(sp)
core   0: 3 0x800053d0 (0x00610603) x12 0x00000000 mem 0x80010241
core   0: 0x800053d4 (0x00614a03) lbu     s4, 6(sp)
core   0: 3 0x800053d4 (0x00614a03) x20 0x00000000 mem 0x80010241
core   0: 0x800053d8 (0x00000001) c.nop
core   0: 3 0x800053d8 (0x0001)
core   0: 0x800053da (0x00610d83) lb      s11, 6(sp)
core   0: 3 0x800053da (0x00610d83) x27 0x00000000 mem 0x80010241
core   0: 0x800053de (0x00614b83) lbu     s7, 6(sp)
core   0: 3 0x800053de (0x00614b83) x23 0x00000000 mem 0x80010241
core   0: 0x800053e2 (0x00610b83) lb      s7, 6(sp)
core   0: 3 0x800053e2 (0x00610b83) x23 0x00000000 mem 0x80010241
core   0: 0x800053e6 (0x00012097) auipc   ra, 0x12
core   0: 3 0x800053e6 (0x00012097) x1  0x800173e6
core   0: 0x800053ea (0x65d08093) addi    ra, ra, 1629
core   0: 3 0x800053ea (0x65d08093) x1  0x80017a43
core   0: 0x800053ee (0xff208b83) lb      s7, -14(ra)
core   0: 3 0x800053ee (0xff208b83) x23 0x00000000 mem 0x80017a35
core   0: 0x800053f2 (0x40ecd733) sra     a4, s9, a4
core   0: 3 0x800053f2 (0x40ecd733) x14 0x00000000
core   0: 0x800053f6 (0xff208303) lb      t1, -14(ra)
core   0: 3 0x800053f6 (0xff208303) x6  0x00000000 mem 0x80017a35
core   0: 0x800053fa (0xffc08923) sb      t3, -14(ra)
core   0: 3 0x800053fa (0xffc08923) mem 0x80017a35 0x00
core   0: 0x800053fe (0xff20cd83) lbu     s11, -14(ra)
core   0: 3 0x800053fe (0xff20cd83) x27 0x00000000 mem 0x80017a35
core   0: 0x80005402 (0xfeb08923) sb      a1, -14(ra)
core   0: 3 0x80005402 (0xfeb08923) mem 0x80017a35 0x50
core   0: 0x80005406 (0xff20cc83) lbu     s9, -14(ra)
core   0: 3 0x80005406 (0xff20cc83) x25 0x00000050 mem 0x80017a35
core   0: 0x8000540a (0x5a50c793) xori    a5, ra, 1445
core   0: 3 0x8000540a (0x5a50c793) x15 0x80017fe6
core   0: 0x8000540e (0xff20c383) lbu     t2, -14(ra)
core   0: 3 0x8000540e (0xff20c383) x7  0x00000050 mem 0x80017a35
core   0: 0x80005412 (0x00006689) c.lui   a3, 0x2
core   0: 3 0x80005412 (0x6689) x13 0x00002000
core   0: 0x80005414 (0xff708923) sb      s7, -14(ra)
core   0: 3 0x80005414 (0xff708923) mem 0x80017a35 0x00
core   0: 0x80005418 (0x0195ec33) or      s8, a1, s9
core   0: 3 0x80005418 (0x0195ec33) x24 0x80025e50
core   0: 0x8000541c (0xffd08923) sb      t4, -14(ra)
core   0: 3 0x8000541c (0xffd08923) mem 0x80017a35 0x32
core   0: 0x80005420 (0xfec08923) sb      a2, -14(ra)
core   0: 3 0x80005420 (0xfec08923) mem 0x80017a35 0x00
core   0: 0x80005424 (0xfeb08923) sb      a1, -14(ra)
core   0: 3 0x80005424 (0xfeb08923) mem 0x80017a35 0x50
core   0: 0x80005428 (0xffb08923) sb      s11, -14(ra)
core   0: 3 0x80005428 (0xffb08923) mem 0x80017a35 0x00
core   0: 0x8000542c (0xfe108923) sb      ra, -14(ra)
core   0: 3 0x8000542c (0xfe108923) mem 0x80017a35 0x43
core   0: 0x80005430 (0x00008c49) c.or    s0, a0
core   0: 3 0x80005430 (0x8c49) x8  0x800052f6
core   0: 0x80005432 (0x021d04b3) mul     s1, s10, ra
core   0: 3 0x80005432 (0x021d04b3) x9  0x00000000
core   0: 0x80005436 (0xff308c23) sb      s3, -8(ra)
core   0: 3 0x80005436 (0xff308c23) mem 0x80017a3b 0x00
core   0: 0x8000543a (0xff80cc83) lbu     s9, -8(ra)
core   0: 3 0x8000543a (0xff80cc83) x25 0x00000000 mem 0x80017a3b
core   0: 0x8000543e (0xff808483) lb      s1, -8(ra)
core   0: 3 0x8000543e (0xff808483) x9  0x00000000 mem 0x80017a3b
core   0: 0x80005442 (0x000062bd) c.lui   t0, 0xf
core   0: 3 0x80005442 (0x62bd) x5  0x0000f000
core   0: 0x80005444 (0xff808483) lb      s1, -8(ra)
core   0: 3 0x80005444 (0xff808483) x9  0x00000000 mem 0x80017a3b
core   0: 0x80005448 (0x00005471) c.li    s0, -4
core   0: 3 0x80005448 (0x5471) x8  0xfffffffc
core   0: 0x8000544a (0x413a5f13) srai    t5, s4, 19
core   0: 3 0x8000544a (0x413a5f13) x30 0x00000000
core   0: 0x8000544e (0x03a28633) mul     a2, t0, s10
core   0: 3 0x8000544e (0x03a28633) x12 0x00000000
core   0: 0x80005452 (0x00005749) c.li    a4, -14
core   0: 3 0x80005452 (0x5749) x14 0xfffffff2
core   0: 0x80005454 (0x00000001) c.nop
core   0: 3 0x80005454 (0x0001)
core   0: 0x80005456 (0x0000147d) c.addi  s0, -1
core   0: 3 0x80005456 (0x147d) x8  0xfffffffb
core   0: 0x80005458 (0x00008ef9) c.and   a3, a4
core   0: 3 0x80005458 (0x8ef9) x13 0x00002000
core   0: 0x8000545a (0xfee41de3) bne     s0, a4, pc - 6
core   0: 3 0x8000545a (0xfee41de3)
core   0: 0x80005454 (0x00000001) c.nop
core   0: 3 0x80005454 (0x0001)
core   0: 0x80005456 (0x0000147d) c.addi  s0, -1
core   0: 3 0x80005456 (0x147d) x8  0xfffffffa
core   0: 0x80005458 (0x00008ef9) c.and   a3, a4
core   0: 3 0x80005458 (0x8ef9) x13 0x00002000
core   0: 0x8000545a (0xfee41de3) bne     s0, a4, pc - 6
core   0: 3 0x8000545a (0xfee41de3)
core   0: 0x80005454 (0x00000001) c.nop
core   0: 3 0x80005454 (0x0001)
core   0: 0x80005456 (0x0000147d) c.addi  s0, -1
core   0: 3 0x80005456 (0x147d) x8  0xfffffff9
core   0: 0x80005458 (0x00008ef9) c.and   a3, a4
core   0: 3 0x80005458 (0x8ef9) x13 0x00002000
core   0: 0x8000545a (0xfee41de3) bne     s0, a4, pc - 6
core   0: 3 0x8000545a (0xfee41de3)
core   0: 0x80005454 (0x00000001) c.nop
core   0: 3 0x80005454 (0x0001)
core   0: 0x80005456 (0x0000147d) c.addi  s0, -1
core   0: 3 0x80005456 (0x147d) x8  0xfffffff8
core   0: 0x80005458 (0x00008ef9) c.and   a3, a4
core   0: 3 0x80005458 (0x8ef9) x13 0x00002000
core   0: 0x8000545a (0xfee41de3) bne     s0, a4, pc - 6
core   0: 3 0x8000545a (0xfee41de3)
core   0: 0x80005454 (0x00000001) c.nop
core   0: 3 0x80005454 (0x0001)
core   0: 0x80005456 (0x0000147d) c.addi  s0, -1
core   0: 3 0x80005456 (0x147d) x8  0xfffffff7
core   0: 0x80005458 (0x00008ef9) c.and   a3, a4
core   0: 3 0x80005458 (0x8ef9) x13 0x00002000
core   0: 0x8000545a (0xfee41de3) bne     s0, a4, pc - 6
core   0: 3 0x8000545a (0xfee41de3)
core   0: 0x80005454 (0x00000001) c.nop
core   0: 3 0x80005454 (0x0001)
core   0: 0x80005456 (0x0000147d) c.addi  s0, -1
core   0: 3 0x80005456 (0x147d) x8  0xfffffff6
core   0: 0x80005458 (0x00008ef9) c.and   a3, a4
core   0: 3 0x80005458 (0x8ef9) x13 0x00002000
core   0: 0x8000545a (0xfee41de3) bne     s0, a4, pc - 6
core   0: 3 0x8000545a (0xfee41de3)
core   0: 0x80005454 (0x00000001) c.nop
core   0: 3 0x80005454 (0x0001)
core   0: 0x80005456 (0x0000147d) c.addi  s0, -1
core   0: 3 0x80005456 (0x147d) x8  0xfffffff5
core   0: 0x80005458 (0x00008ef9) c.and   a3, a4
core   0: 3 0x80005458 (0x8ef9) x13 0x00002000
core   0: 0x8000545a (0xfee41de3) bne     s0, a4, pc - 6
core   0: 3 0x8000545a (0xfee41de3)
core   0: 0x80005454 (0x00000001) c.nop
core   0: 3 0x80005454 (0x0001)
core   0: 0x80005456 (0x0000147d) c.addi  s0, -1
core   0: 3 0x80005456 (0x147d) x8  0xfffffff4
core   0: 0x80005458 (0x00008ef9) c.and   a3, a4
core   0: 3 0x80005458 (0x8ef9) x13 0x00002000
core   0: 0x8000545a (0xfee41de3) bne     s0, a4, pc - 6
core   0: 3 0x8000545a (0xfee41de3)
core   0: 0x80005454 (0x00000001) c.nop
core   0: 3 0x80005454 (0x0001)
core   0: 0x80005456 (0x0000147d) c.addi  s0, -1
core   0: 3 0x80005456 (0x147d) x8  0xfffffff3
core   0: 0x80005458 (0x00008ef9) c.and   a3, a4
core   0: 3 0x80005458 (0x8ef9) x13 0x00002000
core   0: 0x8000545a (0xfee41de3) bne     s0, a4, pc - 6
core   0: 3 0x8000545a (0xfee41de3)
core   0: 0x80005454 (0x00000001) c.nop
core   0: 3 0x80005454 (0x0001)
core   0: 0x80005456 (0x0000147d) c.addi  s0, -1
core   0: 3 0x80005456 (0x147d) x8  0xfffffff2
core   0: 0x80005458 (0x00008ef9) c.and   a3, a4
core   0: 3 0x80005458 (0x8ef9) x13 0x00002000
core   0: 0x8000545a (0xfee41de3) bne     s0, a4, pc - 6
core   0: 3 0x8000545a (0xfee41de3)
core   0: 0x8000545e (0x000082b1) c.srli  a3, 12
core   0: 3 0x8000545e (0x82b1) x13 0x00000002
core   0: 0x80005460 (0x0280076f) jal     a4, pc + 0x28
core   0: 3 0x80005460 (0x0280076f) x14 0x80005464
core   0: 0x80005488 (0x00003ff5) c.jal   pc - 4
core   0: 3 0x80005488 (0x3ff5) x1  0x8000548a
core   0: 0x80005484 (0xff9ff0ef) jal     pc - 0x8
core   0: 3 0x80005484 (0xff9ff0ef) x1  0x80005488
core   0: 0x8000547c (0x0000bfc5) c.j     pc - 16
core   0: 3 0x8000547c (0xbfc5)
core   0: 0x8000546c (0xffdff0ef) jal     pc - 0x4
core   0: 3 0x8000546c (0xffdff0ef) x1  0x80005470
core   0: 0x80005468 (0x00c000ef) jal     pc + 0xc
core   0: 3 0x80005468 (0x00c000ef) x1  0x8000546c
core   0: 0x80005474 (0x0000a019) c.j     pc + 6
core   0: 3 0x80005474 (0xa019)
core   0: 0x8000547a (0x0000bfe5) c.j     pc - 8
core   0: 3 0x8000547a (0xbfe5)
core   0: 0x80005472 (0x00003fcd) c.jal   pc - 14
core   0: 3 0x80005472 (0x3fcd) x1  0x80005474
core   0: 0x80005464 (0x00002009) c.jal   pc + 2
core   0: 3 0x80005464 (0x2009) x1  0x80005466
core   0: 0x80005466 (0x0000201d) c.jal   pc + 38
core   0: 3 0x80005466 (0x201d) x1  0x80005468
core   0: 0x8000548c (0xff7ff0ef) jal     pc - 0xa
core   0: 3 0x8000548c (0xff7ff0ef) x1  0x80005490
core   0: 0x80005482 (0x0000a039) c.j     pc + 14
core   0: 3 0x80005482 (0xa039)
core   0: 0x80005490 (0x000037dd) c.jal   pc - 26
core   0: 3 0x80005490 (0x37dd) x1  0x80005492
core   0: 0x80005476 (0x008002ef) jal     t0, pc + 0x8
core   0: 3 0x80005476 (0x008002ef) x5  0x8000547a
core   0: 0x8000547e (0xff3fff6f) jal     t5, pc - 0xe
core   0: 3 0x8000547e (0xff3fff6f) x30 0x80005482
core   0: 0x80005470 (0x00002829) c.jal   pc + 26
core   0: 3 0x80005470 (0x2829) x1  0x80005472
core   0: 0x8000548a (0x00002021) c.jal   pc + 8
core   0: 3 0x8000548a (0x2021) x1  0x8000548c
core   0: 0x80005492 (0x5f4a8c93) addi    s9, s5, 1524
core   0: 3 0x80005492 (0x5f4a8c93) x25 0x80005878
core   0: 0x80005496 (0x00013c17) auipc   s8, 0x13
core   0: 3 0x80005496 (0x00013c17) x24 0x80018496
core   0: 0x8000549a (0x39bc0c13) addi    s8, s8, 923
core   0: 3 0x8000549a (0x39bc0c13) x24 0x80018831
core   0: 0x8000549e (0x3a4c4483) lbu     s1, 932(s8)
core   0: 3 0x8000549e (0x3a4c4483) x9  0x00000000 mem 0x80018bd5
core   0: 0x800054a2 (0xddac4703) lbu     a4, -550(s8)
core   0: 3 0x800054a2 (0xddac4703) x14 0x00000000 mem 0x8001860b
core   0: 0x800054a6 (0x3a1c0a03) lb      s4, 929(s8)
core   0: 3 0x800054a6 (0x3a1c0a03) x20 0x00000000 mem 0x80018bd2
core   0: 0x800054aa (0x340a8a93) addi    s5, s5, 832
core   0: 3 0x800054aa (0x340a8a93) x21 0x800055c4
core   0: 0x800054ae (0x54dc0a83) lb      s5, 1357(s8)
core   0: 3 0x800054ae (0x54dc0a83) x21 0x00000000 mem 0x80018d7e
core   0: 0x800054b2 (0x1c7c0003) lb      zero, 455(s8)
core   0: 3 0x800054b2 (0x1c7c0003) mem 0x800189f8
core   0: 0x800054b6 (0x02003733) mulhu   a4, zero, zero
core   0: 3 0x800054b6 (0x02003733) x14 0x00000000
core   0: 0x800054ba (0x000084d6) c.mv    s1, s5
core   0: 3 0x800054ba (0x84d6) x9  0x00000000
core   0: 0x800054bc (0x9bcc0a83) lb      s5, -1604(s8)
core   0: 3 0x800054bc (0x9bcc0a83) x21 0x00000000 mem 0x800181ed
core   0: 0x800054c0 (0x00008711) c.srai  a4, 4
core   0: 3 0x800054c0 (0x8711) x14 0x00000000
core   0: 0x800054c2 (0x5aec4d83) lbu     s11, 1454(s8)
core   0: 3 0x800054c2 (0x5aec4d83) x27 0x00000000 mem 0x80018ddf
core   0: 0x800054c6 (0x3a9c11a3) sh      s1, 931(s8)
core   0: 3 0x800054c6 (0x3a9c11a3) mem 0x80018bd4 0x0000
core   0: 0x800054ca (0x71dc4003) lbu     zero, 1821(s8)
core   0: 3 0x800054ca (0x71dc4003) mem 0x80018f4e
core   0: 0x800054ce (0x00008cb9) c.xor   s1, a4
core   0: 3 0x800054ce (0x8cb9) x9  0x00000000
core   0: 0x800054d0 (0x9b7a8013) addi    zero, s5, -1609
core   0: 3 0x800054d0 (0x9b7a8013)
core   0: 0x800054d4 (0xcaec04a3) sb      a4, -855(s8)
core   0: 3 0x800054d4 (0xcaec04a3) mem 0x800184da 0x00
core   0: 0x800054d8 (0x409c0a03) lb      s4, 1033(s8)
core   0: 3 0x800054d8 (0x409c0a03) x20 0x00000000 mem 0x80018c3a
core   0: 0x800054dc (0xeb7af713) andi    a4, s5, -329
core   0: 3 0x800054dc (0xeb7af713) x14 0x00000000
core   0: 0x800054e0 (0x02eda033) mulhsu  zero, s11, a4
core   0: 3 0x800054e0 (0x02eda033)
core   0: 0x800054e4 (0x00008726) c.mv    a4, s1
core   0: 3 0x800054e4 (0x8726) x14 0x00000000
core   0: 0x800054e6 (0xe1fc5483) lhu     s1, -481(s8)
core   0: 3 0x800054e6 (0xe1fc5483) x9  0x00000000 mem 0x80018650
core   0: 0x800054ea (0xd61c4703) lbu     a4, -671(s8)
core   0: 3 0x800054ea (0xd61c4703) x14 0x00000000 mem 0x80018592
core   0: 0x800054ee (0xe60a0a13) addi    s4, s4, -416
core   0: 3 0x800054ee (0xe60a0a13) x20 0xfffffe60
core   0: 0x800054f2 (0x8e9c0423) sb      s1, -1816(s8)
core   0: 3 0x800054f2 (0x8e9c0423) mem 0x80018119 0x00
core   0: 0x800054f6 (0x02902033) mulhsu  zero, zero, s1
core   0: 3 0x800054f6 (0x02902033)
core   0: 0x800054fa (0x011d9a13) slli    s4, s11, 17
core   0: 3 0x800054fa (0x011d9a13) x20 0x00000000
core   0: 0x800054fe (0x00949013) slli    zero, s1, 9
core   0: 3 0x800054fe (0x00949013)
core   0: 0x80005502 (0x120c4703) lbu     a4, 288(s8)
core   0: 3 0x80005502 (0x120c4703) x14 0x00000000 mem 0x80018951
core   0: 0x80005506 (0x4e2fda17) auipc   s4, 0x4e2fd
core   0: 3 0x80005506 (0x4e2fda17) x20 0xce302506
core   0: 0x8000550a (0xc5dc0483) lb      s1, -931(s8)
core   0: 3 0x8000550a (0xc5dc0483) x9  0x00000000 mem 0x8001848e
core   0: 0x8000550e (0x2e9c04a3) sb      s1, 745(s8)
core   0: 3 0x8000550e (0x2e9c04a3) mem 0x80018b1a 0x00
core   0: 0x80005512 (0x83dc1d83) lh      s11, -1987(s8)
core   0: 3 0x80005512 (0x83dc1d83) x27 0x00000000 mem 0x8001806e
core   0: 0x80005516 (0x009aaa33) slt     s4, s5, s1
core   0: 3 0x80005516 (0x009aaa33) x20 0x00000000
core   0: 0x8000551a (0xe29c18a3) sh      s1, -463(s8)
core   0: 3 0x8000551a (0xe29c18a3) mem 0x80018662 0x0000
core   0: 0x8000551e (0x2f5c06a3) sb      s5, 749(s8)
core   0: 3 0x8000551e (0x2f5c06a3) mem 0x80018b1e 0x00
core   0: 0x80005522 (0x03449a33) mulh    s4, s1, s4
core   0: 3 0x80005522 (0x03449a33) x20 0x00000000
core   0: 0x80005526 (0x109c1703) lh      a4, 265(s8)
core   0: 3 0x80005526 (0x109c1703) x14 0x00000000 mem 0x8001893a
core   0: 0x8000552a (0xa3ec0483) lb      s1, -1474(s8)
core   0: 3 0x8000552a (0xa3ec0483) x9  0x00000000 mem 0x8001826f
core   0: 0x8000552e (0x27ac4003) lbu     zero, 634(s8)
core   0: 3 0x8000552e (0x27ac4003) mem 0x80018aab
core   0: 0x80005532 (0xcefc2703) lw      a4, -785(s8)
core   0: 3 0x80005532 (0xcefc2703) x14 0x00000000 mem 0x80018520
core   0: 0x80005536 (0x71bc5a03) lhu     s4, 1819(s8)
core   0: 3 0x80005536 (0x71bc5a03) x20 0x00000000 mem 0x80018f4c
core   0: 0x8000553a (0xe9bc2d83) lw      s11, -357(s8)
core   0: 3 0x8000553a (0xe9bc2d83) x27 0x00000000 mem 0x800186cc
core   0: 0x8000553e (0x000059dd) c.li    s3, -9
core   0: 3 0x8000553e (0x59dd) x19 0xfffffff7
core   0: 0x80005540 (0x63c02d93) slti    s11, zero, 1596
core   0: 3 0x80005540 (0x63c02d93) x27 0x00000001
core   0: 0x80005544 (0x00009caa) c.add   s9, a0
core   0: 3 0x80005544 (0x9caa) x25 0x0000ab3e
core   0: 0x80005546 (0x00008285) c.srli  a3, 1
core   0: 3 0x80005546 (0x8285) x13 0x00000001
core   0: 0x80005548 (0x00615bb3) srl     s7, sp, t1
core   0: 3 0x80005548 (0x00615bb3) x23 0x8001023b
core   0: 0x8000554c (0x0000479d) c.li    a5, 7
core   0: 3 0x8000554c (0x479d) x15 0x00000007
core   0: 0x8000554e (0x000ecfb3) xor     t6, t4, zero
core   0: 3 0x8000554e (0x000ecfb3) x31 0x00000532
core   0: 0x80005552 (0x0334a6b3) mulhsu  a3, s1, s3
core   0: 3 0x80005552 (0x0334a6b3) x13 0x00000000
core   0: 0x80005556 (0x011e8fb3) add     t6, t4, a7
core   0: 3 0x80005556 (0x011e8fb3) x31 0x8002a216
core   0: 0x8000555a (0xf8135b17) auipc   s6, 0xf8135
core   0: 3 0x8000555a (0xf8135b17) x22 0x7813a55a
core   0: 0x8000555e (0x00008c19) c.sub   s0, a4
core   0: 3 0x8000555e (0x8c19) x8  0xfffffff2
core   0: 0x80005560 (0x00000985) c.addi  s3, 1
core   0: 3 0x80005560 (0x0985) x19 0xfffffff8
core   0: 0x80005562 (0x02c57cb3) remu    s9, a0, a2
core   0: 3 0x80005562 (0x02c57cb3) x25 0x800052c6
core   0: 0x80005566 (0xce7aa193) slti    gp, s5, -793
core   0: 3 0x80005566 (0xce7aa193) x3  0x00000000
core   0: 0x8000556a (0x6d4e4397) auipc   t2, 0x6d4e4
core   0: 3 0x8000556a (0x6d4e4397) x7  0xed4e956a
core   0: 0x8000556e (0x00001710) c.addi4spn a2, sp, 928
core   0: 3 0x8000556e (0x1710) x12 0x800105db
core   0: 0x80005570 (0x00008ca5) c.xor   s1, s1
core   0: 3 0x80005570 (0x8ca5) x9  0x00000000
core   0: 0x80005572 (0x00008909) c.andi  a0, 2
core   0: 3 0x80005572 (0x8909) x10 0x00000002
core   0: 0x80005574 (0x02c68b33) mul     s6, a3, a2
core   0: 3 0x80005574 (0x02c68b33) x22 0x00000000
core   0: 0x80005578 (0x03fcb933) mulhu   s2, s9, t6
core   0: 3 0x80005578 (0x03fcb933) x18 0x40017a6e
core   0: 0x8000557c (0xfcf999e3) bne     s3, a5, pc - 46
core   0: 3 0x8000557c (0xfcf999e3)
core   0: 0x8000554e (0x000ecfb3) xor     t6, t4, zero
core   0: 3 0x8000554e (0x000ecfb3) x31 0x00000532
core   0: 0x80005552 (0x0334a6b3) mulhsu  a3, s1, s3
core   0: 3 0x80005552 (0x0334a6b3) x13 0x00000000
core   0: 0x80005556 (0x011e8fb3) add     t6, t4, a7
core   0: 3 0x80005556 (0x011e8fb3) x31 0x8002a216
core   0: 0x8000555a (0xf8135b17) auipc   s6, 0xf8135
core   0: 3 0x8000555a (0xf8135b17) x22 0x7813a55a
core   0: 0x8000555e (0x00008c19) c.sub   s0, a4
core   0: 3 0x8000555e (0x8c19) x8  0xfffffff2
core   0: 0x80005560 (0x00000985) c.addi  s3, 1
core   0: 3 0x80005560 (0x0985) x19 0xfffffff9
core   0: 0x80005562 (0x02c57cb3) remu    s9, a0, a2
core   0: 3 0x80005562 (0x02c57cb3) x25 0x00000002
core   0: 0x80005566 (0xce7aa193) slti    gp, s5, -793
core   0: 3 0x80005566 (0xce7aa193) x3  0x00000000
core   0: 0x8000556a (0x6d4e4397) auipc   t2, 0x6d4e4
core   0: 3 0x8000556a (0x6d4e4397) x7  0xed4e956a
core   0: 0x8000556e (0x00001710) c.addi4spn a2, sp, 928
core   0: 3 0x8000556e (0x1710) x12 0x800105db
core   0: 0x80005570 (0x00008ca5) c.xor   s1, s1
core   0: 3 0x80005570 (0x8ca5) x9  0x00000000
core   0: 0x80005572 (0x00008909) c.andi  a0, 2
core   0: 3 0x80005572 (0x8909) x10 0x00000002
core   0: 0x80005574 (0x02c68b33) mul     s6, a3, a2
core   0: 3 0x80005574 (0x02c68b33) x22 0x00000000
core   0: 0x80005578 (0x03fcb933) mulhu   s2, s9, t6
core   0: 3 0x80005578 (0x03fcb933) x18 0x00000001
core   0: 0x8000557c (0xfcf999e3) bne     s3, a5, pc - 46
core   0: 3 0x8000557c (0xfcf999e3)
core   0: 0x8000554e (0x000ecfb3) xor     t6, t4, zero
core   0: 3 0x8000554e (0x000ecfb3) x31 0x00000532
core   0: 0x80005552 (0x0334a6b3) mulhsu  a3, s1, s3
core   0: 3 0x80005552 (0x0334a6b3) x13 0x00000000
core   0: 0x80005556 (0x011e8fb3) add     t6, t4, a7
core   0: 3 0x80005556 (0x011e8fb3) x31 0x8002a216
core   0: 0x8000555a (0xf8135b17) auipc   s6, 0xf8135
core   0: 3 0x8000555a (0xf8135b17) x22 0x7813a55a
core   0: 0x8000555e (0x00008c19) c.sub   s0, a4
core   0: 3 0x8000555e (0x8c19) x8  0xfffffff2
core   0: 0x80005560 (0x00000985) c.addi  s3, 1
core   0: 3 0x80005560 (0x0985) x19 0xfffffffa
core   0: 0x80005562 (0x02c57cb3) remu    s9, a0, a2
core   0: 3 0x80005562 (0x02c57cb3) x25 0x00000002
core   0: 0x80005566 (0xce7aa193) slti    gp, s5, -793
core   0: 3 0x80005566 (0xce7aa193) x3  0x00000000
core   0: 0x8000556a (0x6d4e4397) auipc   t2, 0x6d4e4
core   0: 3 0x8000556a (0x6d4e4397) x7  0xed4e956a
core   0: 0x8000556e (0x00001710) c.addi4spn a2, sp, 928
core   0: 3 0x8000556e (0x1710) x12 0x800105db
core   0: 0x80005570 (0x00008ca5) c.xor   s1, s1
core   0: 3 0x80005570 (0x8ca5) x9  0x00000000
core   0: 0x80005572 (0x00008909) c.andi  a0, 2
core   0: 3 0x80005572 (0x8909) x10 0x00000002
core   0: 0x80005574 (0x02c68b33) mul     s6, a3, a2
core   0: 3 0x80005574 (0x02c68b33) x22 0x00000000
core   0: 0x80005578 (0x03fcb933) mulhu   s2, s9, t6
core   0: 3 0x80005578 (0x03fcb933) x18 0x00000001
core   0: 0x8000557c (0xfcf999e3) bne     s3, a5, pc - 46
core   0: 3 0x8000557c (0xfcf999e3)
core   0: 0x8000554e (0x000ecfb3) xor     t6, t4, zero
core   0: 3 0x8000554e (0x000ecfb3) x31 0x00000532
core   0: 0x80005552 (0x0334a6b3) mulhsu  a3, s1, s3
core   0: 3 0x80005552 (0x0334a6b3) x13 0x00000000
core   0: 0x80005556 (0x011e8fb3) add     t6, t4, a7
core   0: 3 0x80005556 (0x011e8fb3) x31 0x8002a216
core   0: 0x8000555a (0xf8135b17) auipc   s6, 0xf8135
core   0: 3 0x8000555a (0xf8135b17) x22 0x7813a55a
core   0: 0x8000555e (0x00008c19) c.sub   s0, a4
core   0: 3 0x8000555e (0x8c19) x8  0xfffffff2
core   0: 0x80005560 (0x00000985) c.addi  s3, 1
core   0: 3 0x80005560 (0x0985) x19 0xfffffffb
core   0: 0x80005562 (0x02c57cb3) remu    s9, a0, a2
core   0: 3 0x80005562 (0x02c57cb3) x25 0x00000002
core   0: 0x80005566 (0xce7aa193) slti    gp, s5, -793
core   0: 3 0x80005566 (0xce7aa193) x3  0x00000000
core   0: 0x8000556a (0x6d4e4397) auipc   t2, 0x6d4e4
core   0: 3 0x8000556a (0x6d4e4397) x7  0xed4e956a
core   0: 0x8000556e (0x00001710) c.addi4spn a2, sp, 928
core   0: 3 0x8000556e (0x1710) x12 0x800105db
core   0: 0x80005570 (0x00008ca5) c.xor   s1, s1
core   0: 3 0x80005570 (0x8ca5) x9  0x00000000
core   0: 0x80005572 (0x00008909) c.andi  a0, 2
core   0: 3 0x80005572 (0x8909) x10 0x00000002
core   0: 0x80005574 (0x02c68b33) mul     s6, a3, a2
core   0: 3 0x80005574 (0x02c68b33) x22 0x00000000
core   0: 0x80005578 (0x03fcb933) mulhu   s2, s9, t6
core   0: 3 0x80005578 (0x03fcb933) x18 0x00000001
core   0: 0x8000557c (0xfcf999e3) bne     s3, a5, pc - 46
core   0: 3 0x8000557c (0xfcf999e3)
core   0: 0x8000554e (0x000ecfb3) xor     t6, t4, zero
core   0: 3 0x8000554e (0x000ecfb3) x31 0x00000532
core   0: 0x80005552 (0x0334a6b3) mulhsu  a3, s1, s3
core   0: 3 0x80005552 (0x0334a6b3) x13 0x00000000
core   0: 0x80005556 (0x011e8fb3) add     t6, t4, a7
core   0: 3 0x80005556 (0x011e8fb3) x31 0x8002a216
core   0: 0x8000555a (0xf8135b17) auipc   s6, 0xf8135
core   0: 3 0x8000555a (0xf8135b17) x22 0x7813a55a
core   0: 0x8000555e (0x00008c19) c.sub   s0, a4
core   0: 3 0x8000555e (0x8c19) x8  0xfffffff2
core   0: 0x80005560 (0x00000985) c.addi  s3, 1
core   0: 3 0x80005560 (0x0985) x19 0xfffffffc
core   0: 0x80005562 (0x02c57cb3) remu    s9, a0, a2
core   0: 3 0x80005562 (0x02c57cb3) x25 0x00000002
core   0: 0x80005566 (0xce7aa193) slti    gp, s5, -793
core   0: 3 0x80005566 (0xce7aa193) x3  0x00000000
core   0: 0x8000556a (0x6d4e4397) auipc   t2, 0x6d4e4
core   0: 3 0x8000556a (0x6d4e4397) x7  0xed4e956a
core   0: 0x8000556e (0x00001710) c.addi4spn a2, sp, 928
core   0: 3 0x8000556e (0x1710) x12 0x800105db
core   0: 0x80005570 (0x00008ca5) c.xor   s1, s1
core   0: 3 0x80005570 (0x8ca5) x9  0x00000000
core   0: 0x80005572 (0x00008909) c.andi  a0, 2
core   0: 3 0x80005572 (0x8909) x10 0x00000002
core   0: 0x80005574 (0x02c68b33) mul     s6, a3, a2
core   0: 3 0x80005574 (0x02c68b33) x22 0x00000000
core   0: 0x80005578 (0x03fcb933) mulhu   s2, s9, t6
core   0: 3 0x80005578 (0x03fcb933) x18 0x00000001
core   0: 0x8000557c (0xfcf999e3) bne     s3, a5, pc - 46
core   0: 3 0x8000557c (0xfcf999e3)
core   0: 0x8000554e (0x000ecfb3) xor     t6, t4, zero
core   0: 3 0x8000554e (0x000ecfb3) x31 0x00000532
core   0: 0x80005552 (0x0334a6b3) mulhsu  a3, s1, s3
core   0: 3 0x80005552 (0x0334a6b3) x13 0x00000000
core   0: 0x80005556 (0x011e8fb3) add     t6, t4, a7
core   0: 3 0x80005556 (0x011e8fb3) x31 0x8002a216
core   0: 0x8000555a (0xf8135b17) auipc   s6, 0xf8135
core   0: 3 0x8000555a (0xf8135b17) x22 0x7813a55a
core   0: 0x8000555e (0x00008c19) c.sub   s0, a4
core   0: 3 0x8000555e (0x8c19) x8  0xfffffff2
core   0: 0x80005560 (0x00000985) c.addi  s3, 1
core   0: 3 0x80005560 (0x0985) x19 0xfffffffd
core   0: 0x80005562 (0x02c57cb3) remu    s9, a0, a2
core   0: 3 0x80005562 (0x02c57cb3) x25 0x00000002
core   0: 0x80005566 (0xce7aa193) slti    gp, s5, -793
core   0: 3 0x80005566 (0xce7aa193) x3  0x00000000
core   0: 0x8000556a (0x6d4e4397) auipc   t2, 0x6d4e4
core   0: 3 0x8000556a (0x6d4e4397) x7  0xed4e956a
core   0: 0x8000556e (0x00001710) c.addi4spn a2, sp, 928
core   0: 3 0x8000556e (0x1710) x12 0x800105db
core   0: 0x80005570 (0x00008ca5) c.xor   s1, s1
core   0: 3 0x80005570 (0x8ca5) x9  0x00000000
core   0: 0x80005572 (0x00008909) c.andi  a0, 2
core   0: 3 0x80005572 (0x8909) x10 0x00000002
core   0: 0x80005574 (0x02c68b33) mul     s6, a3, a2
core   0: 3 0x80005574 (0x02c68b33) x22 0x00000000
core   0: 0x80005578 (0x03fcb933) mulhu   s2, s9, t6
core   0: 3 0x80005578 (0x03fcb933) x18 0x00000001
core   0: 0x8000557c (0xfcf999e3) bne     s3, a5, pc - 46
core   0: 3 0x8000557c (0xfcf999e3)
core   0: 0x8000554e (0x000ecfb3) xor     t6, t4, zero
core   0: 3 0x8000554e (0x000ecfb3) x31 0x00000532
core   0: 0x80005552 (0x0334a6b3) mulhsu  a3, s1, s3
core   0: 3 0x80005552 (0x0334a6b3) x13 0x00000000
core   0: 0x80005556 (0x011e8fb3) add     t6, t4, a7
core   0: 3 0x80005556 (0x011e8fb3) x31 0x8002a216
core   0: 0x8000555a (0xf8135b17) auipc   s6, 0xf8135
core   0: 3 0x8000555a (0xf8135b17) x22 0x7813a55a
core   0: 0x8000555e (0x00008c19) c.sub   s0, a4
core   0: 3 0x8000555e (0x8c19) x8  0xfffffff2
core   0: 0x80005560 (0x00000985) c.addi  s3, 1
core   0: 3 0x80005560 (0x0985) x19 0xfffffffe
core   0: 0x80005562 (0x02c57cb3) remu    s9, a0, a2
core   0: 3 0x80005562 (0x02c57cb3) x25 0x00000002
core   0: 0x80005566 (0xce7aa193) slti    gp, s5, -793
core   0: 3 0x80005566 (0xce7aa193) x3  0x00000000
core   0: 0x8000556a (0x6d4e4397) auipc   t2, 0x6d4e4
core   0: 3 0x8000556a (0x6d4e4397) x7  0xed4e956a
core   0: 0x8000556e (0x00001710) c.addi4spn a2, sp, 928
core   0: 3 0x8000556e (0x1710) x12 0x800105db
core   0: 0x80005570 (0x00008ca5) c.xor   s1, s1
core   0: 3 0x80005570 (0x8ca5) x9  0x00000000
core   0: 0x80005572 (0x00008909) c.andi  a0, 2
core   0: 3 0x80005572 (0x8909) x10 0x00000002
core   0: 0x80005574 (0x02c68b33) mul     s6, a3, a2
core   0: 3 0x80005574 (0x02c68b33) x22 0x00000000
core   0: 0x80005578 (0x03fcb933) mulhu   s2, s9, t6
core   0: 3 0x80005578 (0x03fcb933) x18 0x00000001
core   0: 0x8000557c (0xfcf999e3) bne     s3, a5, pc - 46
core   0: 3 0x8000557c (0xfcf999e3)
core   0: 0x8000554e (0x000ecfb3) xor     t6, t4, zero
core   0: 3 0x8000554e (0x000ecfb3) x31 0x00000532
core   0: 0x80005552 (0x0334a6b3) mulhsu  a3, s1, s3
core   0: 3 0x80005552 (0x0334a6b3) x13 0x00000000
core   0: 0x80005556 (0x011e8fb3) add     t6, t4, a7
core   0: 3 0x80005556 (0x011e8fb3) x31 0x8002a216
core   0: 0x8000555a (0xf8135b17) auipc   s6, 0xf8135
core   0: 3 0x8000555a (0xf8135b17) x22 0x7813a55a
core   0: 0x8000555e (0x00008c19) c.sub   s0, a4
core   0: 3 0x8000555e (0x8c19) x8  0xfffffff2
core   0: 0x80005560 (0x00000985) c.addi  s3, 1
core   0: 3 0x80005560 (0x0985) x19 0xffffffff
core   0: 0x80005562 (0x02c57cb3) remu    s9, a0, a2
core   0: 3 0x80005562 (0x02c57cb3) x25 0x00000002
core   0: 0x80005566 (0xce7aa193) slti    gp, s5, -793
core   0: 3 0x80005566 (0xce7aa193) x3  0x00000000
core   0: 0x8000556a (0x6d4e4397) auipc   t2, 0x6d4e4
core   0: 3 0x8000556a (0x6d4e4397) x7  0xed4e956a
core   0: 0x8000556e (0x00001710) c.addi4spn a2, sp, 928
core   0: 3 0x8000556e (0x1710) x12 0x800105db
core   0: 0x80005570 (0x00008ca5) c.xor   s1, s1
core   0: 3 0x80005570 (0x8ca5) x9  0x00000000
core   0: 0x80005572 (0x00008909) c.andi  a0, 2
core   0: 3 0x80005572 (0x8909) x10 0x00000002
core   0: 0x80005574 (0x02c68b33) mul     s6, a3, a2
core   0: 3 0x80005574 (0x02c68b33) x22 0x00000000
core   0: 0x80005578 (0x03fcb933) mulhu   s2, s9, t6
core   0: 3 0x80005578 (0x03fcb933) x18 0x00000001
core   0: 0x8000557c (0xfcf999e3) bne     s3, a5, pc - 46
core   0: 3 0x8000557c (0xfcf999e3)
core   0: 0x8000554e (0x000ecfb3) xor     t6, t4, zero
core   0: 3 0x8000554e (0x000ecfb3) x31 0x00000532
core   0: 0x80005552 (0x0334a6b3) mulhsu  a3, s1, s3
core   0: 3 0x80005552 (0x0334a6b3) x13 0x00000000
core   0: 0x80005556 (0x011e8fb3) add     t6, t4, a7
core   0: 3 0x80005556 (0x011e8fb3) x31 0x8002a216
core   0: 0x8000555a (0xf8135b17) auipc   s6, 0xf8135
core   0: 3 0x8000555a (0xf8135b17) x22 0x7813a55a
core   0: 0x8000555e (0x00008c19) c.sub   s0, a4
core   0: 3 0x8000555e (0x8c19) x8  0xfffffff2
core   0: 0x80005560 (0x00000985) c.addi  s3, 1
core   0: 3 0x80005560 (0x0985) x19 0x00000000
core   0: 0x80005562 (0x02c57cb3) remu    s9, a0, a2
core   0: 3 0x80005562 (0x02c57cb3) x25 0x00000002
core   0: 0x80005566 (0xce7aa193) slti    gp, s5, -793
core   0: 3 0x80005566 (0xce7aa193) x3  0x00000000
core   0: 0x8000556a (0x6d4e4397) auipc   t2, 0x6d4e4
core   0: 3 0x8000556a (0x6d4e4397) x7  0xed4e956a
core   0: 0x8000556e (0x00001710) c.addi4spn a2, sp, 928
core   0: 3 0x8000556e (0x1710) x12 0x800105db
core   0: 0x80005570 (0x00008ca5) c.xor   s1, s1
core   0: 3 0x80005570 (0x8ca5) x9  0x00000000
core   0: 0x80005572 (0x00008909) c.andi  a0, 2
core   0: 3 0x80005572 (0x8909) x10 0x00000002
core   0: 0x80005574 (0x02c68b33) mul     s6, a3, a2
core   0: 3 0x80005574 (0x02c68b33) x22 0x00000000
core   0: 0x80005578 (0x03fcb933) mulhu   s2, s9, t6
core   0: 3 0x80005578 (0x03fcb933) x18 0x00000001
core   0: 0x8000557c (0xfcf999e3) bne     s3, a5, pc - 46
core   0: 3 0x8000557c (0xfcf999e3)
core   0: 0x8000554e (0x000ecfb3) xor     t6, t4, zero
core   0: 3 0x8000554e (0x000ecfb3) x31 0x00000532
core   0: 0x80005552 (0x0334a6b3) mulhsu  a3, s1, s3
core   0: 3 0x80005552 (0x0334a6b3) x13 0x00000000
core   0: 0x80005556 (0x011e8fb3) add     t6, t4, a7
core   0: 3 0x80005556 (0x011e8fb3) x31 0x8002a216
core   0: 0x8000555a (0xf8135b17) auipc   s6, 0xf8135
core   0: 3 0x8000555a (0xf8135b17) x22 0x7813a55a
core   0: 0x8000555e (0x00008c19) c.sub   s0, a4
core   0: 3 0x8000555e (0x8c19) x8  0xfffffff2
core   0: 0x80005560 (0x00000985) c.addi  s3, 1
core   0: 3 0x80005560 (0x0985) x19 0x00000001
core   0: 0x80005562 (0x02c57cb3) remu    s9, a0, a2
core   0: 3 0x80005562 (0x02c57cb3) x25 0x00000002
core   0: 0x80005566 (0xce7aa193) slti    gp, s5, -793
core   0: 3 0x80005566 (0xce7aa193) x3  0x00000000
core   0: 0x8000556a (0x6d4e4397) auipc   t2, 0x6d4e4
core   0: 3 0x8000556a (0x6d4e4397) x7  0xed4e956a
core   0: 0x8000556e (0x00001710) c.addi4spn a2, sp, 928
core   0: 3 0x8000556e (0x1710) x12 0x800105db
core   0: 0x80005570 (0x00008ca5) c.xor   s1, s1
core   0: 3 0x80005570 (0x8ca5) x9  0x00000000
core   0: 0x80005572 (0x00008909) c.andi  a0, 2
core   0: 3 0x80005572 (0x8909) x10 0x00000002
core   0: 0x80005574 (0x02c68b33) mul     s6, a3, a2
core   0: 3 0x80005574 (0x02c68b33) x22 0x00000000
core   0: 0x80005578 (0x03fcb933) mulhu   s2, s9, t6
core   0: 3 0x80005578 (0x03fcb933) x18 0x00000001
core   0: 0x8000557c (0xfcf999e3) bne     s3, a5, pc - 46
core   0: 3 0x8000557c (0xfcf999e3)
core   0: 0x8000554e (0x000ecfb3) xor     t6, t4, zero
core   0: 3 0x8000554e (0x000ecfb3) x31 0x00000532
core   0: 0x80005552 (0x0334a6b3) mulhsu  a3, s1, s3
core   0: 3 0x80005552 (0x0334a6b3) x13 0x00000000
core   0: 0x80005556 (0x011e8fb3) add     t6, t4, a7
core   0: 3 0x80005556 (0x011e8fb3) x31 0x8002a216
core   0: 0x8000555a (0xf8135b17) auipc   s6, 0xf8135
core   0: 3 0x8000555a (0xf8135b17) x22 0x7813a55a
core   0: 0x8000555e (0x00008c19) c.sub   s0, a4
core   0: 3 0x8000555e (0x8c19) x8  0xfffffff2
core   0: 0x80005560 (0x00000985) c.addi  s3, 1
core   0: 3 0x80005560 (0x0985) x19 0x00000002
core   0: 0x80005562 (0x02c57cb3) remu    s9, a0, a2
core   0: 3 0x80005562 (0x02c57cb3) x25 0x00000002
core   0: 0x80005566 (0xce7aa193) slti    gp, s5, -793
core   0: 3 0x80005566 (0xce7aa193) x3  0x00000000
core   0: 0x8000556a (0x6d4e4397) auipc   t2, 0x6d4e4
core   0: 3 0x8000556a (0x6d4e4397) x7  0xed4e956a
core   0: 0x8000556e (0x00001710) c.addi4spn a2, sp, 928
core   0: 3 0x8000556e (0x1710) x12 0x800105db
core   0: 0x80005570 (0x00008ca5) c.xor   s1, s1
core   0: 3 0x80005570 (0x8ca5) x9  0x00000000
core   0: 0x80005572 (0x00008909) c.andi  a0, 2
core   0: 3 0x80005572 (0x8909) x10 0x00000002
core   0: 0x80005574 (0x02c68b33) mul     s6, a3, a2
core   0: 3 0x80005574 (0x02c68b33) x22 0x00000000
core   0: 0x80005578 (0x03fcb933) mulhu   s2, s9, t6
core   0: 3 0x80005578 (0x03fcb933) x18 0x00000001
core   0: 0x8000557c (0xfcf999e3) bne     s3, a5, pc - 46
core   0: 3 0x8000557c (0xfcf999e3)
core   0: 0x8000554e (0x000ecfb3) xor     t6, t4, zero
core   0: 3 0x8000554e (0x000ecfb3) x31 0x00000532
core   0: 0x80005552 (0x0334a6b3) mulhsu  a3, s1, s3
core   0: 3 0x80005552 (0x0334a6b3) x13 0x00000000
core   0: 0x80005556 (0x011e8fb3) add     t6, t4, a7
core   0: 3 0x80005556 (0x011e8fb3) x31 0x8002a216
core   0: 0x8000555a (0xf8135b17) auipc   s6, 0xf8135
core   0: 3 0x8000555a (0xf8135b17) x22 0x7813a55a
core   0: 0x8000555e (0x00008c19) c.sub   s0, a4
core   0: 3 0x8000555e (0x8c19) x8  0xfffffff2
core   0: 0x80005560 (0x00000985) c.addi  s3, 1
core   0: 3 0x80005560 (0x0985) x19 0x00000003
core   0: 0x80005562 (0x02c57cb3) remu    s9, a0, a2
core   0: 3 0x80005562 (0x02c57cb3) x25 0x00000002
core   0: 0x80005566 (0xce7aa193) slti    gp, s5, -793
core   0: 3 0x80005566 (0xce7aa193) x3  0x00000000
core   0: 0x8000556a (0x6d4e4397) auipc   t2, 0x6d4e4
core   0: 3 0x8000556a (0x6d4e4397) x7  0xed4e956a
core   0: 0x8000556e (0x00001710) c.addi4spn a2, sp, 928
core   0: 3 0x8000556e (0x1710) x12 0x800105db
core   0: 0x80005570 (0x00008ca5) c.xor   s1, s1
core   0: 3 0x80005570 (0x8ca5) x9  0x00000000
core   0: 0x80005572 (0x00008909) c.andi  a0, 2
core   0: 3 0x80005572 (0x8909) x10 0x00000002
core   0: 0x80005574 (0x02c68b33) mul     s6, a3, a2
core   0: 3 0x80005574 (0x02c68b33) x22 0x00000000
core   0: 0x80005578 (0x03fcb933) mulhu   s2, s9, t6
core   0: 3 0x80005578 (0x03fcb933) x18 0x00000001
core   0: 0x8000557c (0xfcf999e3) bne     s3, a5, pc - 46
core   0: 3 0x8000557c (0xfcf999e3)
core   0: 0x8000554e (0x000ecfb3) xor     t6, t4, zero
core   0: 3 0x8000554e (0x000ecfb3) x31 0x00000532
core   0: 0x80005552 (0x0334a6b3) mulhsu  a3, s1, s3
core   0: 3 0x80005552 (0x0334a6b3) x13 0x00000000
core   0: 0x80005556 (0x011e8fb3) add     t6, t4, a7
core   0: 3 0x80005556 (0x011e8fb3) x31 0x8002a216
core   0: 0x8000555a (0xf8135b17) auipc   s6, 0xf8135
core   0: 3 0x8000555a (0xf8135b17) x22 0x7813a55a
core   0: 0x8000555e (0x00008c19) c.sub   s0, a4
core   0: 3 0x8000555e (0x8c19) x8  0xfffffff2
core   0: 0x80005560 (0x00000985) c.addi  s3, 1
core   0: 3 0x80005560 (0x0985) x19 0x00000004
core   0: 0x80005562 (0x02c57cb3) remu    s9, a0, a2
core   0: 3 0x80005562 (0x02c57cb3) x25 0x00000002
core   0: 0x80005566 (0xce7aa193) slti    gp, s5, -793
core   0: 3 0x80005566 (0xce7aa193) x3  0x00000000
core   0: 0x8000556a (0x6d4e4397) auipc   t2, 0x6d4e4
core   0: 3 0x8000556a (0x6d4e4397) x7  0xed4e956a
core   0: 0x8000556e (0x00001710) c.addi4spn a2, sp, 928
core   0: 3 0x8000556e (0x1710) x12 0x800105db
core   0: 0x80005570 (0x00008ca5) c.xor   s1, s1
core   0: 3 0x80005570 (0x8ca5) x9  0x00000000
core   0: 0x80005572 (0x00008909) c.andi  a0, 2
core   0: 3 0x80005572 (0x8909) x10 0x00000002
core   0: 0x80005574 (0x02c68b33) mul     s6, a3, a2
core   0: 3 0x80005574 (0x02c68b33) x22 0x00000000
core   0: 0x80005578 (0x03fcb933) mulhu   s2, s9, t6
core   0: 3 0x80005578 (0x03fcb933) x18 0x00000001
core   0: 0x8000557c (0xfcf999e3) bne     s3, a5, pc - 46
core   0: 3 0x8000557c (0xfcf999e3)
core   0: 0x8000554e (0x000ecfb3) xor     t6, t4, zero
core   0: 3 0x8000554e (0x000ecfb3) x31 0x00000532
core   0: 0x80005552 (0x0334a6b3) mulhsu  a3, s1, s3
core   0: 3 0x80005552 (0x0334a6b3) x13 0x00000000
core   0: 0x80005556 (0x011e8fb3) add     t6, t4, a7
core   0: 3 0x80005556 (0x011e8fb3) x31 0x8002a216
core   0: 0x8000555a (0xf8135b17) auipc   s6, 0xf8135
core   0: 3 0x8000555a (0xf8135b17) x22 0x7813a55a
core   0: 0x8000555e (0x00008c19) c.sub   s0, a4
core   0: 3 0x8000555e (0x8c19) x8  0xfffffff2
core   0: 0x80005560 (0x00000985) c.addi  s3, 1
core   0: 3 0x80005560 (0x0985) x19 0x00000005
core   0: 0x80005562 (0x02c57cb3) remu    s9, a0, a2
core   0: 3 0x80005562 (0x02c57cb3) x25 0x00000002
core   0: 0x80005566 (0xce7aa193) slti    gp, s5, -793
core   0: 3 0x80005566 (0xce7aa193) x3  0x00000000
core   0: 0x8000556a (0x6d4e4397) auipc   t2, 0x6d4e4
core   0: 3 0x8000556a (0x6d4e4397) x7  0xed4e956a
core   0: 0x8000556e (0x00001710) c.addi4spn a2, sp, 928
core   0: 3 0x8000556e (0x1710) x12 0x800105db
core   0: 0x80005570 (0x00008ca5) c.xor   s1, s1
core   0: 3 0x80005570 (0x8ca5) x9  0x00000000
core   0: 0x80005572 (0x00008909) c.andi  a0, 2
core   0: 3 0x80005572 (0x8909) x10 0x00000002
core   0: 0x80005574 (0x02c68b33) mul     s6, a3, a2
core   0: 3 0x80005574 (0x02c68b33) x22 0x00000000
core   0: 0x80005578 (0x03fcb933) mulhu   s2, s9, t6
core   0: 3 0x80005578 (0x03fcb933) x18 0x00000001
core   0: 0x8000557c (0xfcf999e3) bne     s3, a5, pc - 46
core   0: 3 0x8000557c (0xfcf999e3)
core   0: 0x8000554e (0x000ecfb3) xor     t6, t4, zero
core   0: 3 0x8000554e (0x000ecfb3) x31 0x00000532
core   0: 0x80005552 (0x0334a6b3) mulhsu  a3, s1, s3
core   0: 3 0x80005552 (0x0334a6b3) x13 0x00000000
core   0: 0x80005556 (0x011e8fb3) add     t6, t4, a7
core   0: 3 0x80005556 (0x011e8fb3) x31 0x8002a216
core   0: 0x8000555a (0xf8135b17) auipc   s6, 0xf8135
core   0: 3 0x8000555a (0xf8135b17) x22 0x7813a55a
core   0: 0x8000555e (0x00008c19) c.sub   s0, a4
core   0: 3 0x8000555e (0x8c19) x8  0xfffffff2
core   0: 0x80005560 (0x00000985) c.addi  s3, 1
core   0: 3 0x80005560 (0x0985) x19 0x00000006
core   0: 0x80005562 (0x02c57cb3) remu    s9, a0, a2
core   0: 3 0x80005562 (0x02c57cb3) x25 0x00000002
core   0: 0x80005566 (0xce7aa193) slti    gp, s5, -793
core   0: 3 0x80005566 (0xce7aa193) x3  0x00000000
core   0: 0x8000556a (0x6d4e4397) auipc   t2, 0x6d4e4
core   0: 3 0x8000556a (0x6d4e4397) x7  0xed4e956a
core   0: 0x8000556e (0x00001710) c.addi4spn a2, sp, 928
core   0: 3 0x8000556e (0x1710) x12 0x800105db
core   0: 0x80005570 (0x00008ca5) c.xor   s1, s1
core   0: 3 0x80005570 (0x8ca5) x9  0x00000000
core   0: 0x80005572 (0x00008909) c.andi  a0, 2
core   0: 3 0x80005572 (0x8909) x10 0x00000002
core   0: 0x80005574 (0x02c68b33) mul     s6, a3, a2
core   0: 3 0x80005574 (0x02c68b33) x22 0x00000000
core   0: 0x80005578 (0x03fcb933) mulhu   s2, s9, t6
core   0: 3 0x80005578 (0x03fcb933) x18 0x00000001
core   0: 0x8000557c (0xfcf999e3) bne     s3, a5, pc - 46
core   0: 3 0x8000557c (0xfcf999e3)
core   0: 0x8000554e (0x000ecfb3) xor     t6, t4, zero
core   0: 3 0x8000554e (0x000ecfb3) x31 0x00000532
core   0: 0x80005552 (0x0334a6b3) mulhsu  a3, s1, s3
core   0: 3 0x80005552 (0x0334a6b3) x13 0x00000000
core   0: 0x80005556 (0x011e8fb3) add     t6, t4, a7
core   0: 3 0x80005556 (0x011e8fb3) x31 0x8002a216
core   0: 0x8000555a (0xf8135b17) auipc   s6, 0xf8135
core   0: 3 0x8000555a (0xf8135b17) x22 0x7813a55a
core   0: 0x8000555e (0x00008c19) c.sub   s0, a4
core   0: 3 0x8000555e (0x8c19) x8  0xfffffff2
core   0: 0x80005560 (0x00000985) c.addi  s3, 1
core   0: 3 0x80005560 (0x0985) x19 0x00000007
core   0: 0x80005562 (0x02c57cb3) remu    s9, a0, a2
core   0: 3 0x80005562 (0x02c57cb3) x25 0x00000002
core   0: 0x80005566 (0xce7aa193) slti    gp, s5, -793
core   0: 3 0x80005566 (0xce7aa193) x3  0x00000000
core   0: 0x8000556a (0x6d4e4397) auipc   t2, 0x6d4e4
core   0: 3 0x8000556a (0x6d4e4397) x7  0xed4e956a
core   0: 0x8000556e (0x00001710) c.addi4spn a2, sp, 928
core   0: 3 0x8000556e (0x1710) x12 0x800105db
core   0: 0x80005570 (0x00008ca5) c.xor   s1, s1
core   0: 3 0x80005570 (0x8ca5) x9  0x00000000
core   0: 0x80005572 (0x00008909) c.andi  a0, 2
core   0: 3 0x80005572 (0x8909) x10 0x00000002
core   0: 0x80005574 (0x02c68b33) mul     s6, a3, a2
core   0: 3 0x80005574 (0x02c68b33) x22 0x00000000
core   0: 0x80005578 (0x03fcb933) mulhu   s2, s9, t6
core   0: 3 0x80005578 (0x03fcb933) x18 0x00000001
core   0: 0x8000557c (0xfcf999e3) bne     s3, a5, pc - 46
core   0: 3 0x8000557c (0xfcf999e3)
core   0: 0x80005580 (0x000088e9) c.andi  s1, 26
core   0: 3 0x80005580 (0x88e9) x9  0x00000000
core   0: 0x80005582 (0x00018117) auipc   sp, 0x18
core   0: 3 0x80005582 (0x00018117) x2  0x8001d582
core   0: 0x80005586 (0xf9a10113) addi    sp, sp, -102
core   0: 3 0x80005586 (0xf9a10113) x2  0x8001d51c
core   0: 0x8000558a (0x02406633) rem     a2, zero, tp
core   0: 3 0x8000558a (0x02406633) x12 0x00000000
core   0: 0x8000558e (0x00004952) c.lwsp  s2, 20(sp)
core   0: 3 0x8000558e (0x4952) x18 0x00000000 mem 0x8001d530
core   0: 0x80005590 (0x0000ca3a) c.swsp  a4, 20(sp)
core   0: 3 0x80005590 (0xca3a) mem 0x8001d530 0x00000000
core   0: 0x80005592 (0x000044d2) c.lwsp  s1, 20(sp)
core   0: 3 0x80005592 (0x44d2) x9  0x00000000 mem 0x8001d530
core   0: 0x80005594 (0x00004352) c.lwsp  t1, 20(sp)
core   0: 3 0x80005594 (0x4352) x6  0x00000000 mem 0x8001d530
core   0: 0x80005596 (0x00004e52) c.lwsp  t3, 20(sp)
core   0: 3 0x80005596 (0x4e52) x28 0x00000000 mem 0x8001d530
core   0: 0x80005598 (0x00004bd2) c.lwsp  s7, 20(sp)
core   0: 3 0x80005598 (0x4bd2) x23 0x00000000 mem 0x8001d530
core   0: 0x8000559a (0x0000ca42) c.swsp  a6, 20(sp)
core   0: 3 0x8000559a (0xca42) mem 0x8001d530 0x77ef29ff
core   0: 0x8000559c (0x000049d2) c.lwsp  s3, 20(sp)
core   0: 3 0x8000559c (0x49d2) x19 0x77ef29ff mem 0x8001d530
core   0: 0x8000559e (0x00a10783) lb      a5, 10(sp)
core   0: 3 0x8000559e (0x00a10783) x15 0x00000000 mem 0x8001d526
core   0: 0x800055a2 (0x01610523) sb      s6, 10(sp)
core   0: 3 0x800055a2 (0x01610523) mem 0x8001d526 0x00
core   0: 0x800055a6 (0x01411523) sh      s4, 10(sp)
core   0: 3 0x800055a6 (0x01411523) mem 0x8001d526 0x0000
core   0: 0x800055aa (0x00c10523) sb      a2, 10(sp)
core   0: 3 0x800055aa (0x00c10523) mem 0x8001d526 0x00
core   0: 0x800055ae (0x0000c01a) c.swsp  t1, 0(sp)
core   0: 3 0x800055ae (0xc01a) mem 0x8001d51c 0x00000000
core   0: 0x800055b0 (0x00004795) c.li    a5, 5
core   0: 3 0x800055b0 (0x4795) x15 0x00000005
core   0: 0x800055b2 (0x00778333) add     t1, a5, t2
core   0: 3 0x800055b2 (0x00778333) x6  0xed4e956f
core   0: 0x800055b6 (0x014f3733) sltu    a4, t5, s4
core   0: 3 0x800055b6 (0x014f3733) x14 0x00000000
core   0: 0x800055ba (0x00005cf5) c.li    s9, -3
core   0: 3 0x800055ba (0x5cf5) x25 0xfffffffd
core   0: 0x800055bc (0x00000001) c.nop
core   0: 3 0x800055bc (0x0001)
core   0: 0x800055be (0x00000001) c.nop
core   0: 3 0x800055be (0x0001)
core   0: 0x800055c0 (0x03a32233) mulhsu  tp, t1, s10
core   0: 3 0x800055c0 (0x03a32233) x4  0x00000000
core   0: 0x800055c4 (0x016a2733) slt     a4, s4, s6
core   0: 3 0x800055c4 (0x016a2733) x14 0x00000000
core   0: 0x800055c8 (0x000017f1) c.addi  a5, -4
core   0: 3 0x800055c8 (0x17f1) x15 0x00000001
core   0: 0x800055ca (0x41e48d33) sub     s10, s1, t5
core   0: 3 0x800055ca (0x41e48d33) x26 0x7fffab7e
core   0: 0x800055ce (0x000093fa) c.add   t2, t5
core   0: 3 0x800055ce (0x93fa) x7  0x6d4ee9ec
core   0: 0x800055d0 (0xff97d6e3) bge     a5, s9, pc - 20
core   0: 3 0x800055d0 (0xff97d6e3)
core   0: 0x800055bc (0x00000001) c.nop
core   0: 3 0x800055bc (0x0001)
core   0: 0x800055be (0x00000001) c.nop
core   0: 3 0x800055be (0x0001)
core   0: 0x800055c0 (0x03a32233) mulhsu  tp, t1, s10
core   0: 3 0x800055c0 (0x03a32233) x4  0xf6a750e3
core   0: 0x800055c4 (0x016a2733) slt     a4, s4, s6
core   0: 3 0x800055c4 (0x016a2733) x14 0x00000000
core   0: 0x800055c8 (0x000017f1) c.addi  a5, -4
core   0: 3 0x800055c8 (0x17f1) x15 0xfffffffd
core   0: 0x800055ca (0x41e48d33) sub     s10, s1, t5
core   0: 3 0x800055ca (0x41e48d33) x26 0x7fffab7e
core   0: 0x800055ce (0x000093fa) c.add   t2, t5
core   0: 3 0x800055ce (0x93fa) x7  0xed4f3e6e
core   0: 0x800055d0 (0xff97d6e3) bge     a5, s9, pc - 20
core   0: 3 0x800055d0 (0xff97d6e3)
core   0: 0x800055bc (0x00000001) c.nop
core   0: 3 0x800055bc (0x0001)
core   0: 0x800055be (0x00000001) c.nop
core   0: 3 0x800055be (0x0001)
core   0: 0x800055c0 (0x03a32233) mulhsu  tp, t1, s10
core   0: 3 0x800055c0 (0x03a32233) x4  0xf6a750e3
core   0: 0x800055c4 (0x016a2733) slt     a4, s4, s6
core   0: 3 0x800055c4 (0x016a2733) x14 0x00000000
core   0: 0x800055c8 (0x000017f1) c.addi  a5, -4
core   0: 3 0x800055c8 (0x17f1) x15 0xfffffff9
core   0: 0x800055ca (0x41e48d33) sub     s10, s1, t5
core   0: 3 0x800055ca (0x41e48d33) x26 0x7fffab7e
core   0: 0x800055ce (0x000093fa) c.add   t2, t5
core   0: 3 0x800055ce (0x93fa) x7  0x6d4f92f0
core   0: 0x800055d0 (0xff97d6e3) bge     a5, s9, pc - 20
core   0: 3 0x800055d0 (0xff97d6e3)
core   0: 0x800055d4 (0xc78deab7) lui     s5, 0xc78de
core   0: 3 0x800055d4 (0xc78deab7) x21 0xc78de000
core   0: 0x800055d8 (0x0000dc17) auipc   s8, 0xd
core   0: 3 0x800055d8 (0x0000dc17) x24 0x800125d8
core   0: 0x800055dc (0x1b7c0c13) addi    s8, s8, 439
core   0: 3 0x800055dc (0x1b7c0c13) x24 0x8001278f
core   0: 0x800055e0 (0x039c12a3) sh      s9, 37(s8)
core   0: 3 0x800055e0 (0x039c12a3) mem 0x800127b4 0xfffd
core   0: 0x800055e4 (0x025c4683) lbu     a3, 37(s8)
core   0: 3 0x800055e4 (0x025c4683) x13 0x000000fd mem 0x800127b4
core   0: 0x800055e8 (0xfcec4103) lbu     sp, -50(s8)
core   0: 3 0x800055e8 (0xfcec4103) x2  0x00000000 mem 0x8001275d
core   0: 0x800055ec (0x00009932) c.add   s2, a2
core   0: 3 0x800055ec (0x9932) x18 0x00000000
core   0: 0x800055ee (0x00bc0f03) lb      t5, 11(s8)
core   0: 3 0x800055ee (0x00bc0f03) x30 0x00000000 mem 0x8001279a
core   0: 0x800055f2 (0x036c4f83) lbu     t6, 54(s8)
core   0: 3 0x800055f2 (0x036c4f83) x31 0x00000000 mem 0x800127c5
core   0: 0x800055f6 (0x415d09b3) sub     s3, s10, s5
core   0: 3 0x800055f6 (0x415d09b3) x19 0xb871cb7e
core   0: 0x800055fa (0xfc4c4b83) lbu     s7, -60(s8)
core   0: 3 0x800055fa (0xfc4c4b83) x23 0x00000000 mem 0x80012753
core   0: 0x800055fe (0xfcec0223) sb      a4, -60(s8)
core   0: 3 0x800055fe (0xfcec0223) mem 0x80012753 0x00
core   0: 0x80005602 (0xfccc0223) sb      a2, -60(s8)
core   0: 3 0x80005602 (0xfccc0223) mem 0x80012753 0x00
core   0: 0x80005606 (0x02bc1aa3) sh      a1, 53(s8)
core   0: 3 0x80005606 (0x02bc1aa3) mem 0x800127c4 0x5e50
core   0: 0x8000560a (0x00005b7d) c.li    s6, -1
core   0: 3 0x8000560a (0x5b7d) x22 0xffffffff
core   0: 0x8000560c (0x2f90e937) lui     s2, 0x2f90e
core   0: 3 0x8000560c (0x2f90e937) x18 0x2f90e000
core   0: 0x80005610 (0x035c1603) lh      a2, 53(s8)
core   0: 3 0x80005610 (0x035c1603) x12 0x00005e50 mem 0x800127c4
core   0: 0x80005614 (0x033c1aa3) sh      s3, 53(s8)
core   0: 3 0x80005614 (0x033c1aa3) mem 0x800127c4 0xcb7e
core   0: 0x80005618 (0x0001a117) auipc   sp, 0x1a
core   0: 3 0x80005618 (0x0001a117) x2  0x8001f618
core   0: 0x8000561c (0x70110113) addi    sp, sp, 1793
core   0: 3 0x8000561c (0x70110113) x2  0x8001fd19
core   0: 0x80005620 (0x0ff12e83) lw      t4, 255(sp)
core   0: 3 0x80005620 (0x0ff12e83) x29 0x00000000 mem 0x8001fe18
core   0: 0x80005624 (0x0000065e) c.slli  a2, 23
core   0: 3 0x80005624 (0x065e) x12 0x28000000
core   0: 0x80005626 (0x00008c29) c.xor   s0, a0
core   0: 3 0x80005626 (0x8c29) x8  0xfffffff0
core   0: 0x80005628 (0x0da10d23) sb      s10, 218(sp)
core   0: 3 0x80005628 (0x0da10d23) mem 0x8001fdf3 0x7e
core   0: 0x8000562c (0x019c5ab3) srl     s5, s8, s9
core   0: 3 0x8000562c (0x019c5ab3) x21 0x00000004
core   0: 0x80005630 (0x0d0123a3) sw      a6, 199(sp)
core   0: 3 0x80005630 (0x0d0123a3) mem 0x8001fde0 0x77ef29ff
core   0: 0x80005634 (0x01312a03) lw      s4, 19(sp)
core   0: 3 0x80005634 (0x01312a03) x20 0x00000000 mem 0x8001fd2c
core   0: 0x80005638 (0x41a1d993) srai    s3, gp, 26
core   0: 3 0x80005638 (0x41a1d993) x19 0x00000000
core   0: 0x8000563c (0x00008c25) c.xor   s0, s1
core   0: 3 0x8000563c (0x8c25) x8  0xfffffff0
core   0: 0x8000563e (0x00000001) c.nop
core   0: 3 0x8000563e (0x0001)
core   0: 0x80005640 (0xf66217b7) lui     a5, 0xf6621
core   0: 3 0x80005640 (0xf66217b7) x15 0xf6621000
core   0: 0x80005644 (0x0a110283) lb      t0, 161(sp)
core   0: 3 0x80005644 (0x0a110283) x5  0x00000000 mem 0x8001fdba
core   0: 0x80005648 (0x06714683) lbu     a3, 103(sp)
core   0: 3 0x80005648 (0x06714683) x13 0x00000000 mem 0x8001fd80
core   0: 0x8000564c (0x41badcb3) sra     s9, s5, s11
core   0: 3 0x8000564c (0x41badcb3) x25 0x00000002
core   0: 0x80005650 (0x00008ee9) c.and   a3, a0
core   0: 3 0x80005650 (0x8ee9) x13 0x00000000
core   0: 0x80005652 (0xfcc10a83) lb      s5, -52(sp)
core   0: 3 0x80005652 (0xfcc10a83) x21 0x00000000 mem 0x8001fce5
core   0: 0x80005656 (0x730dce93) xori    t4, s11, 1840
core   0: 3 0x80005656 (0x730dce93) x29 0x00000731
core   0: 0x8000565a (0x020fb333) mulhu   t1, t6, zero
core   0: 3 0x8000565a (0x020fb333) x6  0x00000000
core   0: 0x8000565e (0x00644733) xor     a4, s0, t1
core   0: 3 0x8000565e (0x00644733) x14 0xfffffff0
core   0: 0x80005662 (0x01625013) srli    zero, tp, 22
core   0: 3 0x80005662 (0x01625013)
core   0: 0x80005666 (0x028401b3) mul     gp, s0, s0
core   0: 3 0x80005666 (0x028401b3) x3  0x00000100
core   0: 0x8000566a (0xf0610b83) lb      s7, -250(sp)
core   0: 3 0x8000566a (0xf0610b83) x23 0x00000000 mem 0x8001fc1f
core   0: 0x8000566e (0x00000512) c.slli  a0, 4
core   0: 3 0x8000566e (0x0512) x10 0x00000020
core   0: 0x80005670 (0x0d911aa3) sh      s9, 213(sp)
core   0: 3 0x80005670 (0x0d911aa3) mem 0x8001fdee 0x0002
core   0: 0x80005674 (0x01da1793) slli    a5, s4, 29
core   0: 3 0x80005674 (0x01da1793) x15 0x00000000
core   0: 0x80005678 (0xb338c913) xori    s2, a7, -1229
core   0: 3 0x80005678 (0xb338c913) x18 0x7ffd67d7
core   0: 0x8000567c (0x9d250193) addi    gp, a0, -1582
core   0: 3 0x8000567c (0x9d250193) x3  0xfffff9f2
core   0: 0x80005680 (0x000b1713) slli    a4, s6, 0
core   0: 3 0x80005680 (0x000b1713) x14 0xffffffff
core   0: 0x80005684 (0x012c9213) slli    tp, s9, 18
core   0: 3 0x80005684 (0x012c9213) x4  0x00080000
core   0: 0x80005688 (0x013829b3) slt     s3, a6, s3
core   0: 3 0x80005688 (0x013829b3) x19 0x00000000
core   0: 0x8000568c (0x09a10a23) sb      s10, 148(sp)
core   0: 3 0x8000568c (0x09a10a23) mem 0x8001fdad 0x7e
core   0: 0x80005690 (0x00008c99) c.sub   s1, a4
core   0: 3 0x80005690 (0x8c99) x9  0x00000001
core   0: 0x80005692 (0x07d15683) lhu     a3, 125(sp)
core   0: 3 0x80005692 (0x07d15683) x13 0x00000000 mem 0x8001fd96
core   0: 0x80005696 (0xf7310623) sb      s3, -148(sp)
core   0: 3 0x80005696 (0xf7310623) mem 0x8001fc85 0x00
core   0: 0x8000569a (0x00000001) c.nop
core   0: 3 0x8000569a (0x0001)
core   0: 0x8000569c (0xf5f10a03) lb      s4, -161(sp)
core   0: 3 0x8000569c (0xf5f10a03) x20 0x00000000 mem 0x8001fc78
core   0: 0x800056a0 (0x00008c91) c.sub   s1, a2
core   0: 3 0x800056a0 (0x8c91) x9  0xd8000001
core   0: 0x800056a2 (0x14614e13) xori    t3, sp, 326
core   0: 3 0x800056a2 (0x14614e13) x28 0x8001fc5f
core   0: 0x800056a6 (0x08915603) lhu     a2, 137(sp)
core   0: 3 0x800056a6 (0x08915603) x12 0x00000000 mem 0x8001fda2
core   0: 0x800056aa (0x00008d29) c.xor   a0, a0
core   0: 3 0x800056aa (0x8d29) x10 0x00000000
core   0: 0x800056ac (0xf4910e23) sb      s1, -164(sp)
core   0: 3 0x800056ac (0xf4910e23) mem 0x8001fc75 0x01
core   0: 0x800056b0 (0x0ce10083) lb      ra, 206(sp)
core   0: 3 0x800056b0 (0x0ce10083) x1  0x00000000 mem 0x8001fde7
core   0: 0x800056b4 (0xfc514603) lbu     a2, -59(sp)
core   0: 3 0x800056b4 (0xfc514603) x12 0x00000000 mem 0x8001fcde
core   0: 0x800056b8 (0x00008d41) c.or    a0, s0
core   0: 3 0x800056b8 (0x8d41) x10 0xfffffff0
core   0: 0x800056ba (0x00ccda13) srli    s4, s9, 12
core   0: 3 0x800056ba (0x00ccda13) x20 0x00000000
core   0: 0x800056be (0x03810e03) lb      t3, 56(sp)
core   0: 3 0x800056be (0x03810e03) x28 0x00000000 mem 0x8001fd51
core   0: 0x800056c2 (0x00a0076f) jal     a4, pc + 0xa
core   0: 3 0x800056c2 (0x00a0076f) x14 0x800056c6
core   0: 0x800056cc (0x0180076f) jal     a4, pc + 0x18
core   0: 3 0x800056cc (0x0180076f) x14 0x800056d0
core   0: 0x800056e4 (0x018000ef) jal     pc + 0x18
core   0: 3 0x800056e4 (0x018000ef) x1  0x800056e8
core   0: 0x800056fc (0xffbff36f) jal     t1, pc - 0x6
core   0: 3 0x800056fc (0xffbff36f) x6  0x80005700
core   0: 0x800056f6 (0x00c00e6f) jal     t3, pc + 0xc
core   0: 3 0x800056f6 (0x00c00e6f) x28 0x800056fa
core   0: 0x80005702 (0x0000b7fd) c.j     pc - 18
core   0: 3 0x80005702 (0xb7fd)
core   0: 0x800056f0 (0x0000a029) c.j     pc + 10
core   0: 3 0x800056f0 (0xa029)
core   0: 0x800056fa (0x00002029) c.jal   pc + 10
core   0: 3 0x800056fa (0x2029) x1  0x800056fc
core   0: 0x80005704 (0x00003fc5) c.jal   pc - 16
core   0: 3 0x80005704 (0x3fc5) x1  0x80005706
core   0: 0x800056f4 (0x00003ff1) c.jal   pc - 36
core   0: 3 0x800056f4 (0x3ff1) x1  0x800056f6
core   0: 0x800056d0 (0x0000a805) c.j     pc + 48
core   0: 3 0x800056d0 (0xa805)
core   0: 0x80005700 (0x00003fe9) c.jal   pc - 38
core   0: 3 0x80005700 (0x3fe9) x1  0x80005702
core   0: 0x800056da (0x018000ef) jal     pc + 0x18
core   0: 3 0x800056da (0x018000ef) x1  0x800056de
core   0: 0x800056f2 (0x00003fc5) c.jal   pc - 16
core   0: 3 0x800056f2 (0x3fc5) x1  0x800056f4
core   0: 0x800056e2 (0x0000201d) c.jal   pc + 38
core   0: 3 0x800056e2 (0x201d) x1  0x800056e4
core   0: 0x80005708 (0x000037c1) c.jal   pc - 64
core   0: 3 0x80005708 (0x37c1) x1  0x8000570a
core   0: 0x800056c8 (0x0000201d) c.jal   pc + 38
core   0: 3 0x800056c8 (0x201d) x1  0x800056ca
core   0: 0x800056ee (0x0000bfe1) c.j     pc - 40
core   0: 3 0x800056ee (0xbfe1)
core   0: 0x800056c6 (0x00002821) c.jal   pc + 24
core   0: 3 0x800056c6 (0x2821) x1  0x800056c8
core   0: 0x800056de (0x00e0026f) jal     tp, pc + 0xe
core   0: 3 0x800056de (0x00e0026f) x4  0x800056e2
core   0: 0x800056ec (0x0000a829) c.j     pc + 26
core   0: 3 0x800056ec (0xa829)
core   0: 0x80005706 (0x00003fc9) c.jal   pc - 46
core   0: 3 0x80005706 (0x3fc9) x1  0x80005708
core   0: 0x800056d8 (0x00003fed) c.jal   pc - 6
core   0: 3 0x800056d8 (0x3fed) x1  0x800056da
core   0: 0x800056d2 (0x0000a819) c.j     pc + 22
core   0: 3 0x800056d2 (0xa819)
core   0: 0x800056e8 (0xfe3ff1ef) jal     gp, pc - 0x1e
core   0: 3 0x800056e8 (0xfe3ff1ef) x3  0x800056ec
core   0: 0x800056ca (0x0000a029) c.j     pc + 10
core   0: 3 0x800056ca (0xa029)
core   0: 0x800056d4 (0x036003ef) jal     t2, pc + 0x36
core   0: 3 0x800056d4 (0x036003ef) x7  0x800056d8
core   0: 0x8000570a (0x0000717d) c.addi16sp sp, -16
core   0: 3 0x8000570a (0x717d) x2  0x8001fd09
core   0: 0x8000570c (0x0000b617) auipc   a2, 0xb
core   0: 3 0x8000570c (0x0000b617) x12 0x8001070c
core   0: 0x80005710 (0xa5e60613) addi    a2, a2, -1442
core   0: 3 0x80005710 (0xa5e60613) x12 0x8001016a
core   0: 0x80005714 (0x004603a3) sb      tp, 7(a2)
core   0: 3 0x80005714 (0x004603a3) mem 0x80010171 0xe2
core   0: 0x80005718 (0x00760003) lb      zero, 7(a2)
core   0: 3 0x80005718 (0x00760003) mem 0x80010171
core   0: 0x8000571c (0x06460b83) lb      s7, 100(a2)
core   0: 3 0x8000571c (0x06460b83) x23 0x00000000 mem 0x800101ce
core   0: 0x80005720 (0x06460e03) lb      t3, 100(a2)
core   0: 3 0x80005720 (0x06460e03) x28 0x00000000 mem 0x800101ce
core   0: 0x80005724 (0x06465983) lhu     s3, 100(a2)
core   0: 3 0x80005724 (0x06465983) x19 0x00000000 mem 0x800101ce
core   0: 0x80005728 (0x06465783) lhu     a5, 100(a2)
core   0: 3 0x80005728 (0x06465783) x15 0x00000000 mem 0x800101ce
core   0: 0x8000572c (0x06a60223) sb      a0, 100(a2)
core   0: 3 0x8000572c (0x06a60223) mem 0x800101ce 0xf0
core   0: 0x80005730 (0x41b7d293) srai    t0, a5, 27
core   0: 3 0x80005730 (0x41b7d293) x5  0x00000000
core   0: 0x80005734 (0x010b4233) xor     tp, s6, a6
core   0: 3 0x80005734 (0x010b4233) x4  0x8810d600
core   0: 0x80005738 (0x06465a83) lhu     s5, 100(a2)
core   0: 3 0x80005738 (0x06465a83) x21 0x000000f0 mem 0x800101ce
core   0: 0x8000573c (0x0000849d) c.srai  s1, 7
core   0: 3 0x8000573c (0x849d) x9  0xffb00000
core   0: 0x8000573e (0x000084b5) c.srai  s1, 13
core   0: 3 0x8000573e (0x84b5) x9  0xfffffd80
core   0: 0x80005740 (0x07c61223) sh      t3, 100(a2)
core   0: 3 0x80005740 (0x07c61223) mem 0x800101ce 0x0000
core   0: 0x80005744 (0x06361223) sh      gp, 100(a2)
core   0: 3 0x80005744 (0x06361223) mem 0x800101ce 0x56ec
core   0: 0x80005748 (0x0ee61483) lh      s1, 238(a2)
core   0: 3 0x80005748 (0x0ee61483) x9  0x00000000 mem 0x80010258
core   0: 0x8000574c (0xffd64783) lbu     a5, -3(a2)
core   0: 3 0x8000574c (0xffd64783) x15 0x00000000 mem 0x80010167
core   0: 0x80005750 (0xffd60283) lb      t0, -3(a2)
core   0: 3 0x80005750 (0xffd60283) x5  0x00000000 mem 0x80010167
core   0: 0x80005754 (0x00008c29) c.xor   s0, a0
core   0: 3 0x80005754 (0x8c29) x8  0x00000000
core   0: 0x80005756 (0x00008f95) c.sub   a5, a3
core   0: 3 0x80005756 (0x8f95) x15 0x00000000
core   0: 0x80005758 (0x0ea65103) lhu     sp, 234(a2)
core   0: 3 0x80005758 (0x0ea65103) x2  0x00000000 mem 0x80010254
core   0: 0x8000575c (0x0ea65d03) lhu     s10, 234(a2)
core   0: 3 0x8000575c (0x0ea65d03) x26 0x00000000 mem 0x80010254
core   0: 0x80005760 (0x0380076f) jal     a4, pc + 0x38
core   0: 3 0x80005760 (0x0380076f) x14 0x80005764
core   0: 0x80005798 (0xfcdff0ef) jal     pc - 0x34
core   0: 3 0x80005798 (0xfcdff0ef) x1  0x8000579c
core   0: 0x80005764 (0x046000ef) jal     pc + 0x46
core   0: 3 0x80005764 (0x046000ef) x1  0x80005768
core   0: 0x800057aa (0xfdfff0ef) jal     pc - 0x22
core   0: 3 0x800057aa (0xfdfff0ef) x1  0x800057ae
core   0: 0x80005788 (0x00c0036f) jal     t1, pc + 0xc
core   0: 3 0x80005788 (0x00c0036f) x6  0x8000578c
core   0: 0x80005794 (0xfedff0ef) jal     pc - 0x14
core   0: 3 0x80005794 (0xfedff0ef) x1  0x80005798
core   0: 0x80005780 (0x036000ef) jal     pc + 0x36
core   0: 3 0x80005780 (0x036000ef) x1  0x80005784
core   0: 0x800057b6 (0xfb9ff0ef) jal     pc - 0x48
core   0: 3 0x800057b6 (0xfb9ff0ef) x1  0x800057ba
core   0: 0x8000576e (0x0000a009) c.j     pc + 2
core   0: 3 0x8000576e (0xa009)
core   0: 0x80005770 (0x04a007ef) jal     a5, pc + 0x4a
core   0: 3 0x80005770 (0x04a007ef) x15 0x80005774
core   0: 0x800057ba (0x00003fd1) c.jal   pc - 44
core   0: 3 0x800057ba (0x3fd1) x1  0x800057bc
core   0: 0x8000578e (0x0000bfe5) c.j     pc - 8
core   0: 3 0x8000578e (0xbfe5)
core   0: 0x80005786 (0x0000bfdd) c.j     pc - 10
core   0: 3 0x80005786 (0xbfdd)
core   0: 0x8000577c (0x010000ef) jal     pc + 0x10
core   0: 3 0x8000577c (0x010000ef) x1  0x80005780
core   0: 0x8000578c (0x0000a821) c.j     pc + 24
core   0: 3 0x8000578c (0xa821)
core   0: 0x800057a4 (0x0000b7d1) c.j     pc - 60
core   0: 3 0x800057a4 (0xb7d1)
core   0: 0x80005768 (0x00002009) c.jal   pc + 2
core   0: 3 0x80005768 (0x2009) x1  0x8000576a
core   0: 0x8000576a (0x0000a091) c.j     pc + 68
core   0: 3 0x8000576a (0xa091)
core   0: 0x800057ae (0x000037e9) c.jal   pc - 54
core   0: 3 0x800057ae (0x37e9) x1  0x800057b0
core   0: 0x80005778 (0xffdff0ef) jal     pc - 0x4
core   0: 3 0x80005778 (0xffdff0ef) x1  0x8000577c
core   0: 0x80005774 (0x02c000ef) jal     pc + 0x2c
core   0: 3 0x80005774 (0x02c000ef) x1  0x80005778
core   0: 0x800057a0 (0x006000ef) jal     pc + 0x6
core   0: 3 0x800057a0 (0x006000ef) x1  0x800057a4
core   0: 0x800057a6 (0xff7ff0ef) jal     pc - 0xa
core   0: 3 0x800057a6 (0xff7ff0ef) x1  0x800057aa
core   0: 0x8000579c (0x01800b6f) jal     s6, pc + 0x18
core   0: 3 0x8000579c (0x01800b6f) x22 0x800057a0
core   0: 0x800057b4 (0x00003ff5) c.jal   pc - 4
core   0: 3 0x800057b4 (0x3ff5) x1  0x800057b6
core   0: 0x800057b0 (0xfe1ff36f) jal     t1, pc - 0x20
core   0: 3 0x800057b0 (0xfe1ff36f) x6  0x800057b4
core   0: 0x80005790 (0xfddffeef) jal     t4, pc - 0x24
core   0: 3 0x80005790 (0xfddffeef) x29 0x80005794
core   0: 0x8000576c (0x00002821) c.jal   pc + 24
core   0: 3 0x8000576c (0x2821) x1  0x8000576e
core   0: 0x80005784 (0x00002825) c.jal   pc + 56
core   0: 3 0x80005784 (0x2825) x1  0x80005786
core   0: 0x800057bc (0x034b2733) mulhsu  a4, s6, s4
core   0: 3 0x800057bc (0x034b2733) x14 0x00000000
core   0: 0x800057c0 (0x0000b117) auipc   sp, 0xb
core   0: 3 0x800057c0 (0x0000b117) x2  0x800107c0
core   0: 0x800057c4 (0xcd710113) addi    sp, sp, -809
core   0: 3 0x800057c4 (0xcd710113) x2  0x80010497
core   0: 0x800057c8 (0x01c10123) sb      t3, 2(sp)
core   0: 3 0x800057c8 (0x01c10123) mem 0x80010499 0x00
core   0: 0x800057cc (0xfde14983) lbu     s3, -34(sp)
core   0: 3 0x800057cc (0xfde14983) x19 0x0000000c mem 0x80010475
core   0: 0x800057d0 (0xfde10a83) lb      s5, -34(sp)
core   0: 3 0x800057d0 (0xfde10a83) x21 0x0000000c mem 0x80010475
core   0: 0x800057d4 (0x017122a3) sw      s7, 5(sp)
core   0: 3 0x800057d4 (0x017122a3) mem 0x8001049c 0x00000000
core   0: 0x800057d8 (0x0371d4b3) divu    s1, gp, s7
core   0: 3 0x800057d8 (0x0371d4b3) x9  0xffffffff
core   0: 0x800057dc (0x02310c23) sb      gp, 56(sp)
core   0: 3 0x800057dc (0x02310c23) mem 0x800104cf 0xec
core   0: 0x800057e0 (0x00008c81) c.sub   s1, s0
core   0: 3 0x800057e0 (0x8c81) x9  0xffffffff
core   0: 0x800057e2 (0x03814783) lbu     a5, 56(sp)
core   0: 3 0x800057e2 (0x03814783) x15 0x000000ec mem 0x800104cf
core   0: 0x800057e6 (0x03d070b3) remu    ra, zero, t4
core   0: 3 0x800057e6 (0x03d070b3) x1  0x00000000
core   0: 0x800057ea (0x00008f0d) c.sub   a4, a1
core   0: 3 0x800057ea (0x8f0d) x14 0x7ffda1b0
core   0: 0x800057ec (0x008610b3) sll     ra, a2, s0
core   0: 3 0x800057ec (0x008610b3) x1  0x8001016a
core   0: 0x800057f0 (0x03810483) lb      s1, 56(sp)
core   0: 3 0x800057f0 (0x03810483) x9  0xffffffec mem 0x800104cf
core   0: 0x800057f4 (0xdef1c913) xori    s2, gp, -529
core   0: 3 0x800057f4 (0xdef1c913) x18 0x7fffab03
core   0: 0x800057f8 (0x03814c83) lbu     s9, 56(sp)
core   0: 3 0x800057f8 (0x03814c83) x25 0x000000ec mem 0x800104cf
core   0: 0x800057fc (0xff310083) lb      ra, -13(sp)
core   0: 3 0x800057fc (0xff310083) x1  0x00000000 mem 0x8001048a
core   0: 0x80005800 (0xff311d03) lh      s10, -13(sp)
core   0: 3 0x80005800 (0xff311d03) x26 0x00000000 mem 0x8001048a
core   0: 0x80005804 (0xff310f03) lb      t5, -13(sp)
core   0: 3 0x80005804 (0xff310f03) x30 0x00000000 mem 0x8001048a
core   0: 0x80005808 (0x00000001) c.nop
core   0: 3 0x80005808 (0x0001)
core   0: 0x8000580a (0xfe1119a3) sh      ra, -13(sp)
core   0: 3 0x8000580a (0xfe1119a3) mem 0x8001048a 0x0000
core   0: 0x8000580e (0xffe10183) lb      gp, -2(sp)
core   0: 3 0x8000580e (0xffe10183) x3  0x00000000 mem 0x80010495
core   0: 0x80005812 (0x0040076f) jal     a4, pc + 0x4
core   0: 3 0x80005812 (0x0040076f) x14 0x80005816
core   0: 0x80005816 (0x0060036f) jal     t1, pc + 0x6
core   0: 3 0x80005816 (0x0060036f) x6  0x8000581a
core   0: 0x8000581c (0x00002019) c.jal   pc + 6
core   0: 3 0x8000581c (0x2019) x1  0x8000581e
core   0: 0x80005822 (0x00002031) c.jal   pc + 12
core   0: 3 0x80005822 (0x2031) x1  0x80005824
core   0: 0x8000582e (0xff1ffdef) jal     s11, pc - 0x10
core   0: 3 0x8000582e (0xff1ffdef) x27 0x80005832
core   0: 0x8000581e (0x00002811) c.jal   pc + 20
core   0: 3 0x8000581e (0x2811) x1  0x80005820
core   0: 0x80005832 (0x00003fcd) c.jal   pc - 14
core   0: 3 0x80005832 (0x3fcd) x1  0x80005834
core   0: 0x80005824 (0x00003ff5) c.jal   pc - 4
core   0: 3 0x80005824 (0x3ff5) x1  0x80005826
core   0: 0x80005820 (0x0000a811) c.j     pc + 20
core   0: 3 0x80005820 (0xa811)
core   0: 0x80005834 (0x0000bfdd) c.j     pc - 10
core   0: 3 0x80005834 (0xbfdd)
core   0: 0x8000582a (0xff1ffb6f) jal     s6, pc - 0x10
core   0: 3 0x8000582a (0xff1ffb6f) x22 0x8000582e
core   0: 0x8000581a (0x00002031) c.jal   pc + 12
core   0: 3 0x8000581a (0x2031) x1  0x8000581c
core   0: 0x80005826 (0x010000ef) jal     pc + 0x10
core   0: 3 0x80005826 (0x010000ef) x1  0x8000582a
core   0: 0x80005836 (0x00005d7d) c.li    s10, -1
core   0: 3 0x80005836 (0x5d7d) x26 0xffffffff
core   0: 0x80005838 (0x0000b497) auipc   s1, 0xb
core   0: 3 0x80005838 (0x0000b497) x9  0x80010838
core   0: 0x8000583c (0x27a48493) addi    s1, s1, 634
core   0: 3 0x8000583c (0x27a48493) x9  0x80010ab2
core   0: 0x80005840 (0x09a4a783) lw      a5, 154(s1)
core   0: 3 0x80005840 (0x09a4a783) x15 0x00000000 mem 0x80010b4c
core   0: 0x80005844 (0x00948683) lb      a3, 9(s1)
core   0: 3 0x80005844 (0x00948683) x13 0x00000000 mem 0x80010abb
core   0: 0x80005848 (0x0000567d) c.li    a2, -1
core   0: 3 0x80005848 (0x567d) x12 0xffffffff
core   0: 0x8000584a (0x00c70cb3) add     s9, a4, a2
core   0: 3 0x8000584a (0x00c70cb3) x25 0x80005815
core   0: 0x8000584e (0xdfb48003) lb      zero, -517(s1)
core   0: 3 0x8000584e (0xdfb48003) mem 0x800108ad
core   0: 0x80005852 (0x2d94a923) sw      s9, 722(s1)
core   0: 3 0x80005852 (0x2d94a923) mem 0x80010d84 0x80005815
core   0: 0x80005856 (0xe89483a3) sb      s1, -377(s1)
core   0: 3 0x80005856 (0xe89483a3) mem 0x80010939 0xb2
core   0: 0x8000585a (0xeb94ce83) lbu     t4, -327(s1)
core   0: 3 0x8000585a (0xeb94ce83) x29 0x00000000 mem 0x8001096b
core   0: 0x8000585e (0x00d407b3) add     a5, s0, a3
core   0: 3 0x8000585e (0x00d407b3) x15 0x00000000
core   0: 0x80005862 (0x10848903) lb      s2, 264(s1)
core   0: 3 0x80005862 (0x10848903) x18 0x00000000 mem 0x80010bba
core   0: 0x80005866 (0x1fd4cd03) lbu     s10, 509(s1)
core   0: 3 0x80005866 (0x1fd4cd03) x26 0x00000000 mem 0x80010caf
core   0: 0x8000586a (0x02863433) mulhu   s0, a2, s0
core   0: 3 0x8000586a (0x02863433) x8  0x00000000
core   0: 0x8000586e (0x00e91cb3) sll     s9, s2, a4
core   0: 3 0x8000586e (0x00e91cb3) x25 0x00000000
core   0: 0x80005872 (0x006d2233) slt     tp, s10, t1
core   0: 3 0x80005872 (0x006d2233) x4  0x00000000
core   0: 0x80005876 (0xc814c203) lbu     tp, -895(s1)
core   0: 3 0x80005876 (0xc814c203) x4  0x00000000 mem 0x80010733
core   0: 0x8000587a (0x2394c403) lbu     s0, 569(s1)
core   0: 3 0x8000587a (0x2394c403) x8  0x00000000 mem 0x80010ceb
core   0: 0x8000587e (0x00008161) c.srli  a0, 24
core   0: 3 0x8000587e (0x8161) x10 0x000000ff
core   0: 0x80005880 (0x00000caa) c.slli  s9, 10
core   0: 3 0x80005880 (0x0caa) x25 0x00000000
core   0: 0x80005882 (0x4d84da83) lhu     s5, 1240(s1)
core   0: 3 0x80005882 (0x4d84da83) x21 0x00000000 mem 0x80010f8a
core   0: 0x80005886 (0x00005afd) c.li    s5, -1
core   0: 3 0x80005886 (0x5afd) x21 0xffffffff
core   0: 0x80005888 (0x95d48083) lb      ra, -1699(s1)
core   0: 3 0x80005888 (0x95d48083) x1  0x00000000 mem 0x8001040f
core   0: 0x8000588c (0xaae49e03) lh      t3, -1362(s1)
core   0: 3 0x8000588c (0xaae49e03) x28 0x00000000 mem 0x80010560
core   0: 0x80005890 (0x025ca6b3) mulhsu  a3, s9, t0
core   0: 3 0x80005890 (0x025ca6b3) x13 0x00000000
core   0: 0x80005894 (0x0038edb3) or      s11, a7, gp
core   0: 3 0x80005894 (0x0038edb3) x27 0x80029ce4
core   0: 0x80005898 (0x02ff1533) mulh    a0, t5, a5
core   0: 3 0x80005898 (0x02ff1533) x10 0x00000000
core   0: 0x8000589c (0x00000001) c.nop
core   0: 3 0x8000589c (0x0001)
core   0: 0x8000589e (0x0109ba33) sltu    s4, s3, a6
core   0: 3 0x8000589e (0x0109ba33) x20 0x00000001
core   0: 0x800058a2 (0x5404c783) lbu     a5, 1344(s1)
core   0: 3 0x800058a2 (0x5404c783) x15 0x00000000 mem 0x80010ff2
core   0: 0x800058a6 (0xf304c203) lbu     tp, -208(s1)
core   0: 3 0x800058a6 (0xf304c203) x4  0x00000000 mem 0x800109e2
core   0: 0x800058aa (0x0000896a) c.mv    s2, s10
core   0: 3 0x800058aa (0x896a) x18 0x00000000
core   0: 0x800058ac (0x5084c403) lbu     s0, 1288(s1)
core   0: 3 0x800058ac (0x5084c403) x8  0x00000000 mem 0x80010fba
core   0: 0x800058b0 (0xd1d488a3) sb      t4, -751(s1)
core   0: 3 0x800058b0 (0xd1d488a3) mem 0x800107c3 0x00
core   0: 0x800058b4 (0xf5a4ee93) ori     t4, s1, -166
core   0: 3 0x800058b4 (0xf5a4ee93) x29 0xfffffffa
core   0: 0x800058b8 (0xa3d21137) lui     sp, 0xa3d21
core   0: 3 0x800058b8 (0xa3d21137) x2  0xa3d21000
core   0: 0x800058bc (0x0172d113) srli    sp, t0, 23
core   0: 3 0x800058bc (0x0172d113) x2  0x00000000
core   0: 0x800058c0 (0xcdabaa13) slti    s4, s7, -806
core   0: 3 0x800058c0 (0xcdabaa13) x20 0x00000000
core   0: 0x800058c4 (0x02105033) divu    zero, zero, ra
core   0: 3 0x800058c4 (0x02105033)
core   0: 0x800058c8 (0x40c15d13) srai    s10, sp, 12
core   0: 3 0x800058c8 (0x40c15d13) x26 0x00000000
core   0: 0x800058cc (0x01f6f233) and     tp, a3, t6
core   0: 3 0x800058cc (0x01f6f233) x4  0x00000000
core   0: 0x800058d0 (0x0276c9b3) div     s3, a3, t2
core   0: 3 0x800058d0 (0x0276c9b3) x19 0x00000000
core   0: 0x800058d4 (0x41b9dd93) srai    s11, s3, 27
core   0: 3 0x800058d4 (0x41b9dd93) x27 0x00000000
core   0: 0x800058d8 (0xb7d49523) sh      t4, -1174(s1)
core   0: 3 0x800058d8 (0xb7d49523) mem 0x8001061c 0xfffa
core   0: 0x800058dc (0xd0748aa3) sb      t2, -747(s1)
core   0: 3 0x800058dc (0xd0748aa3) mem 0x800107c7 0xd8
core   0: 0x800058e0 (0x0001a197) auipc   gp, 0x1a
core   0: 3 0x800058e0 (0x0001a197) x3  0x8001f8e0
core   0: 0x800058e4 (0x37018193) addi    gp, gp, 880
core   0: 3 0x800058e4 (0x37018193) x3  0x8001fc50
core   0: 0x800058e8 (0xd5218c83) lb      s9, -686(gp)
core   0: 3 0x800058e8 (0xd5218c83) x25 0x00000000 mem 0x8001f9a2
core   0: 0x800058ec (0xadb18e03) lb      t3, -1317(gp)
core   0: 3 0x800058ec (0xadb18e03) x28 0x00000000 mem 0x8001f72b
core   0: 0x800058f0 (0x8e51c083) lbu     ra, -1819(gp)
core   0: 3 0x800058f0 (0x8e51c083) x1  0x00000000 mem 0x8001f535
core   0: 0x800058f4 (0x2341d783) lhu     a5, 564(gp)
core   0: 3 0x800058f4 (0x2341d783) x15 0x00000000 mem 0x8001fe84
core   0: 0x800058f8 (0x8801d203) lhu     tp, -1920(gp)
core   0: 3 0x800058f8 (0x8801d203) x4  0x00000000 mem 0x8001f4d0
core   0: 0x800058fc (0x2512ee13) ori     t3, t0, 593
core   0: 3 0x800058fc (0x2512ee13) x28 0x00000251
core   0: 0x80005900 (0x0263dfb3) divu    t6, t2, t1
core   0: 3 0x80005900 (0x0263dfb3) x31 0x00000000
core   0: 0x80005904 (0x96d1cb03) lbu     s6, -1683(gp)
core   0: 3 0x80005904 (0x96d1cb03) x22 0x00000000 mem 0x8001f5bd
core   0: 0x80005908 (0xd6018083) lb      ra, -672(gp)
core   0: 3 0x80005908 (0xd6018083) x1  0x00000000 mem 0x8001f9b0
core   0: 0x8000590c (0xb12eae13) slti    t3, t4, -1262
core   0: 3 0x8000590c (0xb12eae13) x28 0x00000000
core   0: 0x80005910 (0xdb81c083) lbu     ra, -584(gp)
core   0: 3 0x80005910 (0xdb81c083) x1  0x00000000 mem 0x8001fa08
core   0: 0x80005914 (0x54c1d103) lhu     sp, 1356(gp)
core   0: 3 0x80005914 (0x54c1d103) x2  0x00000000 mem 0x8002019c
core   0: 0x80005918 (0x7e51c383) lbu     t2, 2021(gp)
core   0: 3 0x80005918 (0x7e51c383) x7  0x00000000 mem 0x80020435
core   0: 0x8000591c (0x8ed188a3) sb      a3, -1807(gp)
core   0: 3 0x8000591c (0x8ed188a3) mem 0x8001f541 0x00
core   0: 0x80005920 (0x02b65ab3) divu    s5, a2, a1
core   0: 3 0x80005920 (0x02b65ab3) x21 0x00000001
core   0: 0x80005924 (0x92c18223) sb      a2, -1756(gp)
core   0: 3 0x80005924 (0x92c18223) mem 0x8001f574 0xff
core   0: 0x80005928 (0x00853cb3) sltu    s9, a0, s0
core   0: 3 0x80005928 (0x00853cb3) x25 0x00000000
core   0: 0x8000592c (0x36a19f03) lh      t5, 874(gp)
core   0: 3 0x8000592c (0x36a19f03) x30 0x00000000 mem 0x8001ffba
core   0: 0x80005930 (0x3d61da03) lhu     s4, 982(gp)
core   0: 3 0x80005930 (0x3d61da03) x20 0x00000000 mem 0x80020026
core   0: 0x80005934 (0x01e95cb3) srl     s9, s2, t5
core   0: 3 0x80005934 (0x01e95cb3) x25 0x00000000
core   0: 0x80005938 (0x00006175) c.addi16sp sp, 368
core   0: 3 0x80005938 (0x6175) x2  0x00000170
core   0: 0x8000593a (0xcbf1c003) lbu     zero, -833(gp)
core   0: 3 0x8000593a (0xcbf1c003) mem 0x8001f90f
core   0: 0x8000593e (0x943181a3) sb      gp, -1725(gp)
core   0: 3 0x8000593e (0x943181a3) mem 0x8001f593 0x50
core   0: 0x80005942 (0xc7d18e83) lb      t4, -899(gp)
core   0: 3 0x80005942 (0xc7d18e83) x29 0x00000000 mem 0x8001f8cd
core   0: 0x80005946 (0x02fc52b3) divu    t0, s8, a5
core   0: 3 0x80005946 (0x02fc52b3) x5  0xffffffff
core   0: 0x8000594a (0x034b8db3) mul     s11, s7, s4
core   0: 3 0x8000594a (0x034b8db3) x27 0x00000000
core   0: 0x8000594e (0x00009bfa) c.add   s7, t5
core   0: 3 0x8000594e (0x9bfa) x23 0x00000000
core   0: 0x80005950 (0xcc218423) sb      sp, -824(gp)
core   0: 3 0x80005950 (0xcc218423) mem 0x8001f918 0x70
core   0: 0x80005954 (0x21519e23) sh      s5, 540(gp)
core   0: 3 0x80005954 (0x21519e23) mem 0x8001fe6c 0x0001
core   0: 0x80005958 (0x00081213) slli    tp, a6, 0
core   0: 3 0x80005958 (0x00081213) x4  0x77ef29ff
core   0: 0x8000595c (0x45219a83) lh      s5, 1106(gp)
core   0: 3 0x8000595c (0x45219a83) x21 0x00000000 mem 0x800200a2
core   0: 0x80005960 (0x00008d59) c.or    a0, a4
core   0: 3 0x80005960 (0x8d59) x10 0x80005816
core   0: 0x80005962 (0xf881a983) lw      s3, -120(gp)
core   0: 3 0x80005962 (0xf881a983) x19 0x00000000 mem 0x8001fbd8
core   0: 0x80005966 (0x41dad513) srai    a0, s5, 29
core   0: 3 0x80005966 (0x41dad513) x10 0x00000000
core   0: 0x8000596a (0x31a18523) sb      s10, 778(gp)
core   0: 3 0x8000596a (0x31a18523) mem 0x8001ff5a 0x00
core   0: 0x8000596e (0x0931c983) lbu     s3, 147(gp)
core   0: 3 0x8000596e (0x0931c983) x19 0x00000000 mem 0x8001fce3
core   0: 0x80005972 (0xb1718003) lb      zero, -1257(gp)
core   0: 3 0x80005972 (0xb1718003) mem 0x8001f767
core   0: 0x80005976 (0xe8c5ea13) ori     s4, a1, -372
core   0: 3 0x80005976 (0xe8c5ea13) x20 0xfffffedc
core   0: 0x8000597a (0x03852cb3) mulhsu  s9, a0, s8
core   0: 3 0x8000597a (0x03852cb3) x25 0x00000000
core   0: 0x8000597e (0x7d31c003) lbu     zero, 2003(gp)
core   0: 3 0x8000597e (0x7d31c003) mem 0x80020423
core   0: 0x80005982 (0x00008cf9) c.and   s1, a4
core   0: 3 0x80005982 (0x8cf9) x9  0x80000812
core   0: 0x80005984 (0xaba1d403) lhu     s0, -1350(gp)
core   0: 3 0x80005984 (0xaba1d403) x8  0x00000000 mem 0x8001f70a
core   0: 0x80005988 (0xd3b18403) lb      s0, -709(gp)
core   0: 3 0x80005988 (0xd3b18403) x8  0x00000000 mem 0x8001f98b
core   0: 0x8000598c (0x00005b61) c.li    s6, -8
core   0: 3 0x8000598c (0x5b61) x22 0xfffffff8
core   0: 0x8000598e (0x00008cf5) c.and   s1, a3
core   0: 3 0x8000598e (0x8cf5) x9  0x00000000
core   0: 0x80005990 (0x02448533) mul     a0, s1, tp
core   0: 3 0x80005990 (0x02448533) x10 0x00000000
core   0: 0x80005994 (0x00008fa9) c.xor   a5, a0
core   0: 3 0x80005994 (0x8fa9) x15 0x00000000
core   0: 0x80005996 (0x010734b3) sltu    s1, a4, a6
core   0: 3 0x80005996 (0x010734b3) x9  0x00000000
core   0: 0x8000599a (0x024ffc33) remu    s8, t6, tp
core   0: 3 0x8000599a (0x024ffc33) x24 0x00000000
core   0: 0x8000599e (0x000041b1) c.li    gp, 12
core   0: 3 0x8000599e (0x41b1) x3  0x0000000c
core   0: 0x800059a0 (0x9f7ba317) auipc   t1, 0x9f7ba
core   0: 3 0x800059a0 (0x9f7ba317) x6  0x1f7bf9a0
core   0: 0x800059a4 (0x00000904) c.addi4spn s1, sp, 144
core   0: 3 0x800059a4 (0x0904) x9  0x00000200
core   0: 0x800059a6 (0x00000b15) c.addi  s6, 5
core   0: 3 0x800059a6 (0x0b15) x22 0xfffffffd
core   0: 0x800059a8 (0x0000197d) c.addi  s2, -1
core   0: 3 0x800059a8 (0x197d) x18 0xffffffff
core   0: 0x800059aa (0x00008ec1) c.or    a3, s0
core   0: 3 0x800059aa (0x8ec1) x13 0x00000000
core   0: 0x800059ac (0x00008ed9) c.or    a3, a4
core   0: 3 0x800059ac (0x8ed9) x13 0x80005816
core   0: 0x800059ae (0xedc03f13) sltiu   t5, zero, -292
core   0: 3 0x800059ae (0xedc03f13) x30 0x00000001
core   0: 0x800059b2 (0x02b7bfb3) mulhu   t6, a5, a1
core   0: 3 0x800059b2 (0x02b7bfb3) x31 0x00000000
core   0: 0x800059b6 (0x0000567d) c.li    a2, -1
core   0: 3 0x800059b6 (0x567d) x12 0xffffffff
core   0: 0x800059b8 (0x00000001) c.nop
core   0: 3 0x800059b8 (0x0001)
core   0: 0x800059ba (0x00001d00) c.addi4spn s0, sp, 688
core   0: 3 0x800059ba (0x1d00) x8  0x00000420
core   0: 0x800059bc (0xe224c313) xori    t1, s1, -478
core   0: 3 0x800059bc (0xe224c313) x6  0xfffffc22
core   0: 0x800059c0 (0x02da04b3) mul     s1, s4, a3
core   0: 3 0x800059c0 (0x02da04b3) x9  0xff9b86e8
core   0: 0x800059c4 (0x00001cfd) c.addi  s9, -1
core   0: 3 0x800059c4 (0x1cfd) x25 0xffffffff
core   0: 0x800059c6 (0x000000ce) c.slli  ra, 19
core   0: 3 0x800059c6 (0x00ce) x1  0x00000000
core   0: 0x800059c8 (0x00d75fb3) srl     t6, a4, a3
core   0: 3 0x800059c8 (0x00d75fb3) x31 0x00000200
core   0: 0x800059cc (0x00000001) c.nop
core   0: 3 0x800059cc (0x0001)
core   0: 0x800059ce (0x00000605) c.addi  a2, 1
core   0: 3 0x800059ce (0x0605) x12 0x00000000
core   0: 0x800059d0 (0x41365ab3) sra     s5, a2, s3
core   0: 3 0x800059d0 (0x41365ab3) x21 0x00000000
core   0: 0x800059d4 (0xbd66b6b7) lui     a3, 0xbd66b
core   0: 3 0x800059d4 (0xbd66b6b7) x13 0xbd66b000
core   0: 0x800059d8 (0x037aec33) rem     s8, s5, s7
core   0: 3 0x800059d8 (0x037aec33) x24 0x00000000
core   0: 0x800059dc (0x0000f275) c.bnez  a2, pc - 28
core   0: 3 0x800059dc (0xf275)
core   0: 0x800059de (0x000086f1) c.srai  a3, 28
core   0: 3 0x800059de (0x86f1) x13 0xfffffffb
core   0: 0x800059e0 (0x4510f313) andi    t1, ra, 1105
core   0: 3 0x800059e0 (0x4510f313) x6  0x00000000
core   0: 0x800059e4 (0xfa3b1ee3) bne     s6, gp, pc - 68
core   0: 3 0x800059e4 (0xfa3b1ee3)
core   0: 0x800059a0 (0x9f7ba317) auipc   t1, 0x9f7ba
core   0: 3 0x800059a0 (0x9f7ba317) x6  0x1f7bf9a0
core   0: 0x800059a4 (0x00000904) c.addi4spn s1, sp, 144
core   0: 3 0x800059a4 (0x0904) x9  0x00000200
core   0: 0x800059a6 (0x00000b15) c.addi  s6, 5
core   0: 3 0x800059a6 (0x0b15) x22 0x00000002
core   0: 0x800059a8 (0x0000197d) c.addi  s2, -1
core   0: 3 0x800059a8 (0x197d) x18 0xfffffffe
core   0: 0x800059aa (0x00008ec1) c.or    a3, s0
core   0: 3 0x800059aa (0x8ec1) x13 0xfffffffb
core   0: 0x800059ac (0x00008ed9) c.or    a3, a4
core   0: 3 0x800059ac (0x8ed9) x13 0xffffffff
core   0: 0x800059ae (0xedc03f13) sltiu   t5, zero, -292
core   0: 3 0x800059ae (0xedc03f13) x30 0x00000001
core   0: 0x800059b2 (0x02b7bfb3) mulhu   t6, a5, a1
core   0: 3 0x800059b2 (0x02b7bfb3) x31 0x00000000
core   0: 0x800059b6 (0x0000567d) c.li    a2, -1
core   0: 3 0x800059b6 (0x567d) x12 0xffffffff
core   0: 0x800059b8 (0x00000001) c.nop
core   0: 3 0x800059b8 (0x0001)
core   0: 0x800059ba (0x00001d00) c.addi4spn s0, sp, 688
core   0: 3 0x800059ba (0x1d00) x8  0x00000420
core   0: 0x800059bc (0xe224c313) xori    t1, s1, -478
core   0: 3 0x800059bc (0xe224c313) x6  0xfffffc22
core   0: 0x800059c0 (0x02da04b3) mul     s1, s4, a3
core   0: 3 0x800059c0 (0x02da04b3) x9  0x00000124
core   0: 0x800059c4 (0x00001cfd) c.addi  s9, -1
core   0: 3 0x800059c4 (0x1cfd) x25 0xfffffffe
core   0: 0x800059c6 (0x000000ce) c.slli  ra, 19
core   0: 3 0x800059c6 (0x00ce) x1  0x00000000
core   0: 0x800059c8 (0x00d75fb3) srl     t6, a4, a3
core   0: 3 0x800059c8 (0x00d75fb3) x31 0x00000001
core   0: 0x800059cc (0x00000001) c.nop
core   0: 3 0x800059cc (0x0001)
core   0: 0x800059ce (0x00000605) c.addi  a2, 1
core   0: 3 0x800059ce (0x0605) x12 0x00000000
core   0: 0x800059d0 (0x41365ab3) sra     s5, a2, s3
core   0: 3 0x800059d0 (0x41365ab3) x21 0x00000000
core   0: 0x800059d4 (0xbd66b6b7) lui     a3, 0xbd66b
core   0: 3 0x800059d4 (0xbd66b6b7) x13 0xbd66b000
core   0: 0x800059d8 (0x037aec33) rem     s8, s5, s7
core   0: 3 0x800059d8 (0x037aec33) x24 0x00000000
core   0: 0x800059dc (0x0000f275) c.bnez  a2, pc - 28
core   0: 3 0x800059dc (0xf275)
core   0: 0x800059de (0x000086f1) c.srai  a3, 28
core   0: 3 0x800059de (0x86f1) x13 0xfffffffb
core   0: 0x800059e0 (0x4510f313) andi    t1, ra, 1105
core   0: 3 0x800059e0 (0x4510f313) x6  0x00000000
core   0: 0x800059e4 (0xfa3b1ee3) bne     s6, gp, pc - 68
core   0: 3 0x800059e4 (0xfa3b1ee3)
core   0: 0x800059a0 (0x9f7ba317) auipc   t1, 0x9f7ba
core   0: 3 0x800059a0 (0x9f7ba317) x6  0x1f7bf9a0
core   0: 0x800059a4 (0x00000904) c.addi4spn s1, sp, 144
core   0: 3 0x800059a4 (0x0904) x9  0x00000200
core   0: 0x800059a6 (0x00000b15) c.addi  s6, 5
core   0: 3 0x800059a6 (0x0b15) x22 0x00000007
core   0: 0x800059a8 (0x0000197d) c.addi  s2, -1
core   0: 3 0x800059a8 (0x197d) x18 0xfffffffd
core   0: 0x800059aa (0x00008ec1) c.or    a3, s0
core   0: 3 0x800059aa (0x8ec1) x13 0xfffffffb
core   0: 0x800059ac (0x00008ed9) c.or    a3, a4
core   0: 3 0x800059ac (0x8ed9) x13 0xffffffff
core   0: 0x800059ae (0xedc03f13) sltiu   t5, zero, -292
core   0: 3 0x800059ae (0xedc03f13) x30 0x00000001
core   0: 0x800059b2 (0x02b7bfb3) mulhu   t6, a5, a1
core   0: 3 0x800059b2 (0x02b7bfb3) x31 0x00000000
core   0: 0x800059b6 (0x0000567d) c.li    a2, -1
core   0: 3 0x800059b6 (0x567d) x12 0xffffffff
core   0: 0x800059b8 (0x00000001) c.nop
core   0: 3 0x800059b8 (0x0001)
core   0: 0x800059ba (0x00001d00) c.addi4spn s0, sp, 688
core   0: 3 0x800059ba (0x1d00) x8  0x00000420
core   0: 0x800059bc (0xe224c313) xori    t1, s1, -478
core   0: 3 0x800059bc (0xe224c313) x6  0xfffffc22
core   0: 0x800059c0 (0x02da04b3) mul     s1, s4, a3
core   0: 3 0x800059c0 (0x02da04b3) x9  0x00000124
core   0: 0x800059c4 (0x00001cfd) c.addi  s9, -1
core   0: 3 0x800059c4 (0x1cfd) x25 0xfffffffd
core   0: 0x800059c6 (0x000000ce) c.slli  ra, 19
core   0: 3 0x800059c6 (0x00ce) x1  0x00000000
core   0: 0x800059c8 (0x00d75fb3) srl     t6, a4, a3
core   0: 3 0x800059c8 (0x00d75fb3) x31 0x00000001
core   0: 0x800059cc (0x00000001) c.nop
core   0: 3 0x800059cc (0x0001)
core   0: 0x800059ce (0x00000605) c.addi  a2, 1
core   0: 3 0x800059ce (0x0605) x12 0x00000000
core   0: 0x800059d0 (0x41365ab3) sra     s5, a2, s3
core   0: 3 0x800059d0 (0x41365ab3) x21 0x00000000
core   0: 0x800059d4 (0xbd66b6b7) lui     a3, 0xbd66b
core   0: 3 0x800059d4 (0xbd66b6b7) x13 0xbd66b000
core   0: 0x800059d8 (0x037aec33) rem     s8, s5, s7
core   0: 3 0x800059d8 (0x037aec33) x24 0x00000000
core   0: 0x800059dc (0x0000f275) c.bnez  a2, pc - 28
core   0: 3 0x800059dc (0xf275)
core   0: 0x800059de (0x000086f1) c.srai  a3, 28
core   0: 3 0x800059de (0x86f1) x13 0xfffffffb
core   0: 0x800059e0 (0x4510f313) andi    t1, ra, 1105
core   0: 3 0x800059e0 (0x4510f313) x6  0x00000000
core   0: 0x800059e4 (0xfa3b1ee3) bne     s6, gp, pc - 68
core   0: 3 0x800059e4 (0xfa3b1ee3)
core   0: 0x800059a0 (0x9f7ba317) auipc   t1, 0x9f7ba
core   0: 3 0x800059a0 (0x9f7ba317) x6  0x1f7bf9a0
core   0: 0x800059a4 (0x00000904) c.addi4spn s1, sp, 144
core   0: 3 0x800059a4 (0x0904) x9  0x00000200
core   0: 0x800059a6 (0x00000b15) c.addi  s6, 5
core   0: 3 0x800059a6 (0x0b15) x22 0x0000000c
core   0: 0x800059a8 (0x0000197d) c.addi  s2, -1
core   0: 3 0x800059a8 (0x197d) x18 0xfffffffc
core   0: 0x800059aa (0x00008ec1) c.or    a3, s0
core   0: 3 0x800059aa (0x8ec1) x13 0xfffffffb
core   0: 0x800059ac (0x00008ed9) c.or    a3, a4
core   0: 3 0x800059ac (0x8ed9) x13 0xffffffff
core   0: 0x800059ae (0xedc03f13) sltiu   t5, zero, -292
core   0: 3 0x800059ae (0xedc03f13) x30 0x00000001
core   0: 0x800059b2 (0x02b7bfb3) mulhu   t6, a5, a1
core   0: 3 0x800059b2 (0x02b7bfb3) x31 0x00000000
core   0: 0x800059b6 (0x0000567d) c.li    a2, -1
core   0: 3 0x800059b6 (0x567d) x12 0xffffffff
core   0: 0x800059b8 (0x00000001) c.nop
core   0: 3 0x800059b8 (0x0001)
core   0: 0x800059ba (0x00001d00) c.addi4spn s0, sp, 688
core   0: 3 0x800059ba (0x1d00) x8  0x00000420
core   0: 0x800059bc (0xe224c313) xori    t1, s1, -478
core   0: 3 0x800059bc (0xe224c313) x6  0xfffffc22
core   0: 0x800059c0 (0x02da04b3) mul     s1, s4, a3
core   0: 3 0x800059c0 (0x02da04b3) x9  0x00000124
core   0: 0x800059c4 (0x00001cfd) c.addi  s9, -1
core   0: 3 0x800059c4 (0x1cfd) x25 0xfffffffc
core   0: 0x800059c6 (0x000000ce) c.slli  ra, 19
core   0: 3 0x800059c6 (0x00ce) x1  0x00000000
core   0: 0x800059c8 (0x00d75fb3) srl     t6, a4, a3
core   0: 3 0x800059c8 (0x00d75fb3) x31 0x00000001
core   0: 0x800059cc (0x00000001) c.nop
core   0: 3 0x800059cc (0x0001)
core   0: 0x800059ce (0x00000605) c.addi  a2, 1
core   0: 3 0x800059ce (0x0605) x12 0x00000000
core   0: 0x800059d0 (0x41365ab3) sra     s5, a2, s3
core   0: 3 0x800059d0 (0x41365ab3) x21 0x00000000
core   0: 0x800059d4 (0xbd66b6b7) lui     a3, 0xbd66b
core   0: 3 0x800059d4 (0xbd66b6b7) x13 0xbd66b000
core   0: 0x800059d8 (0x037aec33) rem     s8, s5, s7
core   0: 3 0x800059d8 (0x037aec33) x24 0x00000000
core   0: 0x800059dc (0x0000f275) c.bnez  a2, pc - 28
core   0: 3 0x800059dc (0xf275)
core   0: 0x800059de (0x000086f1) c.srai  a3, 28
core   0: 3 0x800059de (0x86f1) x13 0xfffffffb
core   0: 0x800059e0 (0x4510f313) andi    t1, ra, 1105
core   0: 3 0x800059e0 (0x4510f313) x6  0x00000000
core   0: 0x800059e4 (0xfa3b1ee3) bne     s6, gp, pc - 68
core   0: 3 0x800059e4 (0xfa3b1ee3)
core   0: 0x800059e8 (0x02203e33) mulhu   t3, zero, sp
core   0: 3 0x800059e8 (0x02203e33) x28 0x00000000
core   0: 0x800059ec (0x00004125) c.li    sp, 9
core   0: 3 0x800059ec (0x4125) x2  0x00000009
core   0: 0x800059ee (0x03840233) mul     tp, s0, s8
core   0: 3 0x800059ee (0x03840233) x4  0x00000000
core   0: 0x800059f2 (0xc0ac7013) andi    zero, s8, -1014
core   0: 3 0x800059f2 (0xc0ac7013)
core   0: 0x800059f6 (0x00ef5d13) srli    s10, t5, 14
core   0: 3 0x800059f6 (0x00ef5d13) x26 0x00000000
core   0: 0x800059fa (0xd4c9ae97) auipc   t4, 0xd4c9a
core   0: 3 0x800059fa (0xd4c9ae97) x29 0x54c9f9fa
core   0: 0x800059fe (0x4064dcb3) sra     s9, s1, t1
core   0: 3 0x800059fe (0x4064dcb3) x25 0x00000124
core   0: 0x80005a02 (0x000064e5) c.lui   s1, 0x19
core   0: 3 0x80005a02 (0x64e5) x9  0x00019000
core   0: 0x80005a04 (0x41fd5533) sra     a0, s10, t6
core   0: 3 0x80005a04 (0x41fd5533) x10 0x00000000
core   0: 0x80005a08 (0x00005b75) c.li    s6, -3
core   0: 3 0x80005a08 (0x5b75) x22 0xfffffffd
core   0: 0x80005a0a (0x03f2fbb3) remu    s7, t0, t6
core   0: 3 0x80005a0a (0x03f2fbb3) x23 0x00000000
core   0: 0x80005a0e (0x00000d8a) c.slli  s11, 2
core   0: 3 0x80005a0e (0x0d8a) x27 0x00000000
core   0: 0x80005a10 (0x01ce5013) srli    zero, t3, 28
core   0: 3 0x80005a10 (0x01ce5013)
core   0: 0x80005a14 (0x00001600) c.addi4spn s0, sp, 800
core   0: 3 0x80005a14 (0x1600) x8  0x00000329
core   0: 0x80005a16 (0x021f1533) mulh    a0, t5, ra
core   0: 3 0x80005a16 (0x021f1533) x10 0x00000000
core   0: 0x80005a1a (0x00001175) c.addi  sp, -3
core   0: 3 0x80005a1a (0x1175) x2  0x00000006
core   0: 0x80005a1c (0x00004e41) c.li    t3, 16
core   0: 3 0x80005a1c (0x4e41) x28 0x00000010
core   0: 0x80005a1e (0x0000862e) c.mv    a2, a1
core   0: 3 0x80005a1e (0x862e) x12 0x80025e50
core   0: 0x80005a20 (0x0017a033) slt     zero, a5, ra
core   0: 3 0x80005a20 (0x0017a033)
core   0: 0x80005a24 (0x0374c0b3) div     ra, s1, s7
core   0: 3 0x80005a24 (0x0374c0b3) x1  0xffffffff
core   0: 0x80005a28 (0x02f321b3) mulhsu  gp, t1, a5
core   0: 3 0x80005a28 (0x02f321b3) x3  0x00000000
core   0: 0x80005a2c (0xff6114e3) bne     sp, s6, pc - 24
core   0: 3 0x80005a2c (0xff6114e3)
core   0: 0x80005a14 (0x00001600) c.addi4spn s0, sp, 800
core   0: 3 0x80005a14 (0x1600) x8  0x00000326
core   0: 0x80005a16 (0x021f1533) mulh    a0, t5, ra
core   0: 3 0x80005a16 (0x021f1533) x10 0xffffffff
core   0: 0x80005a1a (0x00001175) c.addi  sp, -3
core   0: 3 0x80005a1a (0x1175) x2  0x00000003
core   0: 0x80005a1c (0x00004e41) c.li    t3, 16
core   0: 3 0x80005a1c (0x4e41) x28 0x00000010
core   0: 0x80005a1e (0x0000862e) c.mv    a2, a1
core   0: 3 0x80005a1e (0x862e) x12 0x80025e50
core   0: 0x80005a20 (0x0017a033) slt     zero, a5, ra
core   0: 3 0x80005a20 (0x0017a033)
core   0: 0x80005a24 (0x0374c0b3) div     ra, s1, s7
core   0: 3 0x80005a24 (0x0374c0b3) x1  0xffffffff
core   0: 0x80005a28 (0x02f321b3) mulhsu  gp, t1, a5
core   0: 3 0x80005a28 (0x02f321b3) x3  0x00000000
core   0: 0x80005a2c (0xff6114e3) bne     sp, s6, pc - 24
core   0: 3 0x80005a2c (0xff6114e3)
core   0: 0x80005a14 (0x00001600) c.addi4spn s0, sp, 800
core   0: 3 0x80005a14 (0x1600) x8  0x00000323
core   0: 0x80005a16 (0x021f1533) mulh    a0, t5, ra
core   0: 3 0x80005a16 (0x021f1533) x10 0xffffffff
core   0: 0x80005a1a (0x00001175) c.addi  sp, -3
core   0: 3 0x80005a1a (0x1175) x2  0x00000000
core   0: 0x80005a1c (0x00004e41) c.li    t3, 16
core   0: 3 0x80005a1c (0x4e41) x28 0x00000010
core   0: 0x80005a1e (0x0000862e) c.mv    a2, a1
core   0: 3 0x80005a1e (0x862e) x12 0x80025e50
core   0: 0x80005a20 (0x0017a033) slt     zero, a5, ra
core   0: 3 0x80005a20 (0x0017a033)
core   0: 0x80005a24 (0x0374c0b3) div     ra, s1, s7
core   0: 3 0x80005a24 (0x0374c0b3) x1  0xffffffff
core   0: 0x80005a28 (0x02f321b3) mulhsu  gp, t1, a5
core   0: 3 0x80005a28 (0x02f321b3) x3  0x00000000
core   0: 0x80005a2c (0xff6114e3) bne     sp, s6, pc - 24
core   0: 3 0x80005a2c (0xff6114e3)
core   0: 0x80005a14 (0x00001600) c.addi4spn s0, sp, 800
core   0: 3 0x80005a14 (0x1600) x8  0x00000320
core   0: 0x80005a16 (0x021f1533) mulh    a0, t5, ra
core   0: 3 0x80005a16 (0x021f1533) x10 0xffffffff
core   0: 0x80005a1a (0x00001175) c.addi  sp, -3
core   0: 3 0x80005a1a (0x1175) x2  0xfffffffd
core   0: 0x80005a1c (0x00004e41) c.li    t3, 16
core   0: 3 0x80005a1c (0x4e41) x28 0x00000010
core   0: 0x80005a1e (0x0000862e) c.mv    a2, a1
core   0: 3 0x80005a1e (0x862e) x12 0x80025e50
core   0: 0x80005a20 (0x0017a033) slt     zero, a5, ra
core   0: 3 0x80005a20 (0x0017a033)
core   0: 0x80005a24 (0x0374c0b3) div     ra, s1, s7
core   0: 3 0x80005a24 (0x0374c0b3) x1  0xffffffff
core   0: 0x80005a28 (0x02f321b3) mulhsu  gp, t1, a5
core   0: 3 0x80005a28 (0x02f321b3) x3  0x00000000
core   0: 0x80005a2c (0xff6114e3) bne     sp, s6, pc - 24
core   0: 3 0x80005a2c (0xff6114e3)
core   0: 0x80005a30 (0x000083fd) c.srli  a5, 31
core   0: 3 0x80005a30 (0x83fd) x15 0x00000000
core   0: 0x80005a32 (0x00018517) auipc   a0, 0x18
core   0: 3 0x80005a32 (0x00018517) x10 0x8001da32
core   0: 0x80005a36 (0xec950513) addi    a0, a0, -311
core   0: 3 0x80005a36 (0xec950513) x10 0x8001d8fb
core   0: 0x80005a3a (0x00008cb9) c.xor   s1, a4
core   0: 3 0x80005a3a (0x8cb9) x9  0x8001c816
core   0: 0x80005a3c (0x03398a33) mul     s4, s3, s3
core   0: 3 0x80005a3c (0x03398a33) x20 0x00000000
core   0: 0x80005a40 (0x069522a3) sw      s1, 101(a0)
core   0: 3 0x80005a40 (0x069522a3) mem 0x8001d960 0x8001c816
core   0: 0x80005a44 (0xb6ff19b7) lui     s3, 0xb6ff1
core   0: 3 0x80005a44 (0xb6ff19b7) x19 0xb6ff1000
core   0: 0x80005a48 (0x03952703) lw      a4, 57(a0)
core   0: 3 0x80005a48 (0x03952703) x14 0x00000000 mem 0x8001d934
core   0: 0x80005a4c (0x49974713) xori    a4, a4, 1177
core   0: 3 0x80005a4c (0x49974713) x14 0x00000499
core   0: 0x80005a50 (0x00006759) c.lui   a4, 0x16
core   0: 3 0x80005a50 (0x6759) x14 0x00016000
core   0: 0x80005a52 (0xf3b51983) lh      s3, -197(a0)
core   0: 3 0x80005a52 (0xf3b51983) x19 0x00000000 mem 0x8001d836
core   0: 0x80005a56 (0x3409ca13) xori    s4, s3, 832
core   0: 3 0x80005a56 (0x3409ca13) x20 0x00000340
core   0: 0x80005a5a (0xf1d54b03) lbu     s6, -227(a0)
core   0: 3 0x80005a5a (0xf1d54b03) x22 0x00000000 mem 0x8001d818
core   0: 0x80005a5e (0xf8950623) sb      s1, -116(a0)
core   0: 3 0x80005a5e (0xf8950623) mem 0x8001d887 0x16
core   0: 0x80005a62 (0x78c77993) andi    s3, a4, 1932
core   0: 3 0x80005a62 (0x78c77993) x19 0x00000000
core   0: 0x80005a66 (0xfd650023) sb      s6, -64(a0)
core   0: 3 0x80005a66 (0xfd650023) mem 0x8001d8bb 0x00
core   0: 0x80005a6a (0x03354a03) lbu     s4, 51(a0)
core   0: 3 0x80005a6a (0x03354a03) x20 0x00000000 mem 0x8001d92e
core   0: 0x80005a6e (0x0ce519a3) sh      a4, 211(a0)
core   0: 3 0x80005a6e (0x0ce519a3) mem 0x8001d9ce 0x6000
core   0: 0x80005a72 (0x016b34b3) sltu    s1, s6, s6
core   0: 3 0x80005a72 (0x016b34b3) x9  0x00000000
core   0: 0x80005a76 (0x0c854483) lbu     s1, 200(a0)
core   0: 3 0x80005a76 (0x0c854483) x9  0x00000000 mem 0x8001d9c3
core   0: 0x80005a7a (0xf09513a3) sh      s1, -249(a0)
core   0: 3 0x80005a7a (0xf09513a3) mem 0x8001d802 0x0000
core   0: 0x80005a7e (0xf0754a03) lbu     s4, -249(a0)
core   0: 3 0x80005a7e (0xf0754a03) x20 0x00000000 mem 0x8001d802
core   0: 0x80005a82 (0xf2a50983) lb      s3, -214(a0)
core   0: 3 0x80005a82 (0xf2a50983) x19 0x00000000 mem 0x8001d825
core   0: 0x80005a86 (0x0164db13) srli    s6, s1, 22
core   0: 3 0x80005a86 (0x0164db13) x22 0x00000000
core   0: 0x80005a8a (0x00008749) c.srai  a4, 18
core   0: 3 0x80005a8a (0x8749) x14 0x00000000
core   0: 0x80005a8c (0x013b69b3) or      s3, s6, s3
core   0: 3 0x80005a8c (0x013b69b3) x19 0x00000000
core   0: 0x80005a90 (0xf0d55c83) lhu     s9, -243(a0)
core   0: 3 0x80005a90 (0xf0d55c83) x25 0x00000000 mem 0x8001d808
core   0: 0x80005a94 (0x04454983) lbu     s3, 68(a0)
core   0: 3 0x80005a94 (0x04454983) x19 0x00000000 mem 0x8001d93f
core   0: 0x80005a98 (0x0399db33) divu    s6, s3, s9
core   0: 3 0x80005a98 (0x0399db33) x22 0xffffffff
core   0: 0x80005a9c (0xfd6514a3) sh      s6, -55(a0)
core   0: 3 0x80005a9c (0xfd6514a3) mem 0x8001d8c4 0xffff
core   0: 0x80005aa0 (0xf8c50983) lb      s3, -116(a0)
core   0: 3 0x80005aa0 (0xf8c50983) x19 0x00000016 mem 0x8001d887
core   0: 0x80005aa4 (0x01377cb3) and     s9, a4, s3
core   0: 3 0x80005aa4 (0x01377cb3) x25 0x00000000
core   0: 0x80005aa8 (0xe62a3c93) sltiu   s9, s4, -414
core   0: 3 0x80005aa8 (0xe62a3c93) x25 0x00000001
core   0: 0x80005aac (0x034734b3) mulhu   s1, a4, s4
core   0: 3 0x80005aac (0x034734b3) x9  0x00000000
core   0: 0x80005ab0 (0x00000b3e) c.slli  s6, 15
core   0: 3 0x80005ab0 (0x0b3e) x22 0xffff8000
core   0: 0x80005ab2 (0x0da54703) lbu     a4, 218(a0)
core   0: 3 0x80005ab2 (0x0da54703) x14 0x00000000 mem 0x8001d9d5
core   0: 0x80005ab6 (0x0ef51983) lh      s3, 239(a0)
core   0: 3 0x80005ab6 (0x0ef51983) x19 0x00000000 mem 0x8001d9ea
core   0: 0x80005aba (0x00000cfd) c.addi  s9, 31
core   0: 3 0x80005aba (0x0cfd) x25 0x00000020
core   0: 0x80005abc (0x000054fd) c.li    s1, -1
core   0: 3 0x80005abc (0x54fd) x9  0xffffffff
core   0: 0x80005abe (0x55ec8993) addi    s3, s9, 1374
core   0: 3 0x80005abe (0x55ec8993) x19 0x0000057e
core   0: 0x80005ac2 (0x01698cb3) add     s9, s3, s6
core   0: 3 0x80005ac2 (0x01698cb3) x25 0xffff857e
core   0: 0x80005ac6 (0x00009a5a) c.add   s4, s6
core   0: 3 0x80005ac6 (0x9a5a) x20 0xffff8000
core   0: 0x80005ac8 (0x00008cb9) c.xor   s1, a4
core   0: 3 0x80005ac8 (0x8cb9) x9  0xffffffff
core   0: 0x80005aca (0xfee507a3) sb      a4, -17(a0)
core   0: 3 0x80005aca (0xfee507a3) mem 0x8001d8ea 0x00
core   0: 0x80005ace (0x005b1993) slli    s3, s6, 5
core   0: 3 0x80005ace (0x005b1993) x19 0xfff00000
core   0: 0x80005ad2 (0x07e50c83) lb      s9, 126(a0)
core   0: 3 0x80005ad2 (0x07e50c83) x25 0x00000000 mem 0x8001d979
core   0: 0x80005ad6 (0x0b850483) lb      s1, 184(a0)
core   0: 3 0x80005ad6 (0x0b850483) x9  0x00000000 mem 0x8001d9b3
core   0: 0x80005ada (0x416c84b3) sub     s1, s9, s6
core   0: 3 0x80005ada (0x416c84b3) x9  0x00008000
core   0: 0x80005ade (0x01374733) xor     a4, a4, s3
core   0: 3 0x80005ade (0x01374733) x14 0xfff00000
core   0: 0x80005ae2 (0xf9854a03) lbu     s4, -104(a0)
core   0: 3 0x80005ae2 (0xf9854a03) x20 0x00000000 mem 0x8001d893
core   0: 0x80005ae6 (0x013c84b3) add     s1, s9, s3
core   0: 3 0x80005ae6 (0x013c84b3) x9  0xfff00000
core   0: 0x80005aea (0xfe950823) sb      s1, -16(a0)
core   0: 3 0x80005aea (0xfe950823) mem 0x8001d8eb 0x00
core   0: 0x80005aee (0x0120076f) jal     a4, pc + 0x12
core   0: 3 0x80005aee (0x0120076f) x14 0x80005af2
core   0: 0x80005b00 (0x00003fe5) c.jal   pc - 8
core   0: 3 0x80005b00 (0x3fe5) x1  0x80005b02
core   0: 0x80005af8 (0x01400b6f) jal     s6, pc + 0x14
core   0: 3 0x80005af8 (0x01400b6f) x22 0x80005afc
core   0: 0x80005b0c (0x00002009) c.jal   pc + 2
core   0: 3 0x80005b0c (0x2009) x1  0x80005b0e
core   0: 0x80005b0e (0x00002031) c.jal   pc + 12
core   0: 3 0x80005b0e (0x2031) x1  0x80005b10
core   0: 0x80005b1a (0x0000b7e5) c.j     pc - 24
core   0: 3 0x80005b1a (0xb7e5)
core   0: 0x80005b02 (0x0000a00d) c.j     pc + 34
core   0: 3 0x80005b02 (0xa00d)
core   0: 0x80005b24 (0x00003fc9) c.jal   pc - 46
core   0: 3 0x80005b24 (0x3fc9) x1  0x80005b26
core   0: 0x80005af6 (0x0000a829) c.j     pc + 26
core   0: 3 0x80005af6 (0xa829)
core   0: 0x80005b10 (0x0000bfd5) c.j     pc - 12
core   0: 3 0x80005b10 (0xbfd5)
core   0: 0x80005b04 (0xfefff0ef) jal     pc - 0x12
core   0: 3 0x80005b04 (0xfefff0ef) x1  0x80005b08
core   0: 0x80005af2 (0x022000ef) jal     pc + 0x22
core   0: 3 0x80005af2 (0x022000ef) x1  0x80005af6
core   0: 0x80005b14 (0x0000bfd5) c.j     pc - 12
core   0: 3 0x80005b14 (0xbfd5)
core   0: 0x80005b08 (0x01e0036f) jal     t1, pc + 0x1e
core   0: 3 0x80005b08 (0x01e0036f) x6  0x80005b0c
core   0: 0x80005b26 (0x000037f5) c.jal   pc - 20
core   0: 3 0x80005b26 (0x37f5) x1  0x80005b28
core   0: 0x80005b12 (0x0000a031) c.j     pc + 12
core   0: 3 0x80005b12 (0xa031)
core   0: 0x80005b1e (0xfffff36f) jal     t1, pc - 0x2
core   0: 3 0x80005b1e (0xfffff36f) x6  0x80005b22
core   0: 0x80005b1c (0x0000bfed) c.j     pc - 6
core   0: 3 0x80005b1c (0xbfed)
core   0: 0x80005b16 (0x00c0036f) jal     t1, pc + 0xc
core   0: 3 0x80005b16 (0x00c0036f) x6  0x80005b1a
core   0: 0x80005b22 (0x00003ff1) c.jal   pc - 36
core   0: 3 0x80005b22 (0x3ff1) x1  0x80005b24
core   0: 0x80005afe (0x0000bffd) c.j     pc - 2
core   0: 3 0x80005afe (0xbffd)
core   0: 0x80005afc (0x00002035) c.jal   pc + 44
core   0: 3 0x80005afc (0x2035) x1  0x80005afe
core   0: 0x80005b28 (0x0a324693) xori    a3, tp, 163
core   0: 3 0x80005b28 (0x0a324693) x13 0x000000a3
core   0: 0x80005b2c (0x0000b117) auipc   sp, 0xb
core   0: 3 0x80005b2c (0x0000b117) x2  0x80010b2c
core   0: 0x80005b30 (0x81410113) addi    sp, sp, -2028
core   0: 3 0x80005b30 (0x81410113) x2  0x80010340
core   0: 0x80005b34 (0x00004da2) c.lwsp  s11, 8(sp)
core   0: 3 0x80005b34 (0x4da2) x27 0x00000000 mem 0x80010348
core   0: 0x80005b36 (0x02d3e033) rem     zero, t2, a3
core   0: 3 0x80005b36 (0x02d3e033)
core   0: 0x80005b3a (0x00724033) xor     zero, tp, t2
core   0: 3 0x80005b3a (0x00724033)
core   0: 0x80005b3e (0xa7027693) andi    a3, tp, -1424
core   0: 3 0x80005b3e (0xa7027693) x13 0x00000000
core   0: 0x80005b42 (0xffc10383) lb      t2, -4(sp)
core   0: 3 0x80005b42 (0xffc10383) x7  0x00000000 mem 0x8001033c
core   0: 0x80005b46 (0x00009d92) c.add   s11, tp
core   0: 3 0x80005b46 (0x9d92) x27 0x00000000
core   0: 0x80005b48 (0x0000025a) c.slli  tp, 22
core   0: 3 0x80005b48 (0x025a) x4  0x00000000
core   0: 0x80005b4a (0x40505393) srai    t2, zero, 5
core   0: 3 0x80005b4a (0x40505393) x7  0x00000000
core   0: 0x80005b4e (0x00008212) c.mv    tp, tp
core   0: 3 0x80005b4e (0x8212) x4  0x00000000
core   0: 0x80005b50 (0x0203e6b3) rem     a3, t2, zero
core   0: 3 0x80005b50 (0x0203e6b3) x13 0x00000000
core   0: 0x80005b54 (0x004101a3) sb      tp, 3(sp)
core   0: 3 0x80005b54 (0x004101a3) mem 0x80010343 0x00
core   0: 0x80005b58 (0x00000d76) c.slli  s10, 29
core   0: 3 0x80005b58 (0x0d76) x26 0x00000000
core   0: 0x80005b5a (0x00008695) c.srai  a3, 5
core   0: 3 0x80005b5a (0x8695) x13 0x00000000
core   0: 0x80005b5c (0x004d4db3) xor     s11, s10, tp
core   0: 3 0x80005b5c (0x004d4db3) x27 0x00000000
core   0: 0x80005b60 (0xfe010da3) sb      zero, -5(sp)
core   0: 3 0x80005b60 (0xfe010da3) mem 0x8001033b 0x00
core   0: 0x80005b64 (0x00004d02) c.lwsp  s10, 0(sp)
core   0: 3 0x80005b64 (0x4d02) x26 0x00000000 mem 0x80010340
core   0: 0x80005b66 (0xfed108a3) sb      a3, -15(sp)
core   0: 3 0x80005b66 (0xfed108a3) mem 0x80010331 0x00
core   0: 0x80005b6a (0x00d3a3b3) slt     t2, t2, a3
core   0: 3 0x80005b6a (0x00d3a3b3) x7  0x00000000
core   0: 0x80005b6e (0x6723ad13) slti    s10, t2, 1650
core   0: 3 0x80005b6e (0x6723ad13) x26 0x00000001
core   0: 0x80005b72 (0x00e11683) lh      a3, 14(sp)
core   0: 3 0x80005b72 (0x00e11683) x13 0x0000008a mem 0x8001034e
core   0: 0x80005b76 (0xff811683) lh      a3, -8(sp)
core   0: 3 0x80005b76 (0xff811683) x13 0x00000000 mem 0x80010338
core   0: 0x80005b7a (0xfe411c23) sh      tp, -8(sp)
core   0: 3 0x80005b7a (0xfe411c23) mem 0x80010338 0x0000
core   0: 0x80005b7e (0x00008ed5) c.or    a3, a3
core   0: 3 0x80005b7e (0x8ed5) x13 0x00000000
core   0: 0x80005b80 (0x0000826e) c.mv    tp, s11
core   0: 3 0x80005b80 (0x826e) x4  0x00000000
core   0: 0x80005b82 (0x00611383) lh      t2, 6(sp)
core   0: 3 0x80005b82 (0x00611383) x7  0x00000000 mem 0x80010346
core   0: 0x80005b86 (0x0000a497) auipc   s1, 0xa
core   0: 3 0x80005b86 (0x0000a497) x9  0x8000fb86
core   0: 0x80005b8a (0x63948493) addi    s1, s1, 1593
core   0: 3 0x80005b8a (0x63948493) x9  0x800101bf
core   0: 0x80005b8e (0x0146ad33) slt     s10, a3, s4
core   0: 3 0x80005b8e (0x0146ad33) x26 0x00000000
core   0: 0x80005b92 (0x20ef8d93) addi    s11, t6, 526
core   0: 3 0x80005b92 (0x20ef8d93) x27 0x0000020f
core   0: 0x80005b96 (0x00046ab3) or      s5, s0, zero
core   0: 3 0x80005b96 (0x00046ab3) x21 0x00000320
core   0: 0x80005b9a (0xffa48383) lb      t2, -6(s1)
core   0: 3 0x80005b9a (0xffa48383) x7  0x00000000 mem 0x800101b9
core   0: 0x80005b9e (0x000082dd) c.srli  a3, 23
core   0: 3 0x80005b9e (0x82dd) x13 0x00000000
core   0: 0x80005ba0 (0xfc54d103) lhu     sp, -59(s1)
core   0: 3 0x80005ba0 (0xfc54d103) x2  0x00000000 mem 0x80010184
core   0: 0x80005ba4 (0x02f25733) divu    a4, tp, a5
core   0: 3 0x80005ba4 (0x02f25733) x14 0xffffffff
core   0: 0x80005ba8 (0xff149e03) lh      t3, -15(s1)
core   0: 3 0x80005ba8 (0xff149e03) x28 0x00000000 mem 0x800101b0
core   0: 0x80005bac (0x00009ce6) c.add   s9, s9
core   0: 3 0x80005bac (0x9ce6) x25 0x00000000
core   0: 0x80005bae (0xb4d0a713) slti    a4, ra, -1203
core   0: 3 0x80005bae (0xb4d0a713) x14 0x00000001
core   0: 0x80005bb2 (0x02ee1f33) mulh    t5, t3, a4
core   0: 3 0x80005bb2 (0x02ee1f33) x30 0x00000000
core   0: 0x80005bb6 (0xe5368d17) auipc   s10, 0xe5368
core   0: 3 0x80005bb6 (0xe5368d17) x26 0x6536dbb6
core   0: 0x80005bba (0xffb4c283) lbu     t0, -5(s1)
core   0: 3 0x80005bba (0xffb4c283) x5  0x00000000 mem 0x800101ba
core   0: 0x80005bbe (0x0000892a) c.mv    s2, a0
core   0: 3 0x80005bbe (0x892a) x18 0x8001d8fb
core   0: 0x80005bc0 (0x03948e83) lb      t4, 57(s1)
core   0: 3 0x80005bc0 (0x03948e83) x29 0x00000000 mem 0x800101f8
core   0: 0x80005bc4 (0x03574333) div     t1, a4, s5
core   0: 3 0x80005bc4 (0x03574333) x6  0x00000000
core   0: 0x80005bc8 (0x20697293) andi    t0, s2, 518
core   0: 3 0x80005bc8 (0x20697293) x5  0x00000002
core   0: 0x80005bcc (0x400a5d33) sra     s10, s4, zero
core   0: 3 0x80005bcc (0x400a5d33) x26 0x00000000
core   0: 0x80005bd0 (0xff14ce03) lbu     t3, -15(s1)
core   0: 3 0x80005bd0 (0xff14ce03) x28 0x00000000 mem 0x800101b0
core   0: 0x80005bd4 (0xfdf4c003) lbu     zero, -33(s1)
core   0: 3 0x80005bd4 (0xfdf4c003) mem 0x8001019e
core   0: 0x80005bd8 (0x0000717d) c.addi16sp sp, -16
core   0: 3 0x80005bd8 (0x717d) x2  0xfffffff0
core   0: 0x80005bda (0x02548c83) lb      s9, 37(s1)
core   0: 3 0x80005bda (0x02548c83) x25 0x00000000 mem 0x800101e4
core   0: 0x80005bde (0xfdf491a3) sh      t6, -61(s1)
core   0: 3 0x80005bde (0xfdf491a3) mem 0x80010182 0x0001
core   0: 0x80005be2 (0x0230ca33) div     s4, ra, gp
core   0: 3 0x80005be2 (0x0230ca33) x20 0xffffffff
core   0: 0x80005be6 (0x00006141) c.addi16sp sp, 16
core   0: 3 0x80005be6 (0x6141) x2  0x00000000
core   0: 0x80005be8 (0x02d4cc03) lbu     s8, 45(s1)
core   0: 3 0x80005be8 (0x02d4cc03) x24 0x00000000 mem 0x800101ec
core   0: 0x80005bec (0xffb4cb03) lbu     s6, -5(s1)
core   0: 3 0x80005bec (0xffb4cb03) x22 0x00000000 mem 0x800101ba
core   0: 0x80005bf0 (0x8b2ee2b7) lui     t0, 0x8b2ee
core   0: 3 0x80005bf0 (0x8b2ee2b7) x5  0x8b2ee000
core   0: 0x80005bf4 (0xfda48a83) lb      s5, -38(s1)
core   0: 3 0x80005bf4 (0xfda48a83) x21 0x00000000 mem 0x80010199
core   0: 0x80005bf8 (0x00b0db33) srl     s6, ra, a1
core   0: 3 0x80005bf8 (0x00b0db33) x22 0x00008000
core   0: 0x80005bfc (0x03aac533) div     a0, s5, s10
core   0: 3 0x80005bfc (0x03aac533) x10 0xffffffff
core   0: 0x80005c00 (0x0000999e) c.add   s3, t2
core   0: 3 0x80005c00 (0x999e) x19 0xfff00000
core   0: 0x80005c02 (0x01aff7b3) and     a5, t6, s10
core   0: 3 0x80005c02 (0x01aff7b3) x15 0x00000000
core   0: 0x80005c06 (0x03648e83) lb      t4, 54(s1)
core   0: 3 0x80005c06 (0x03648e83) x29 0x00000000 mem 0x800101f5
core   0: 0x80005c0a (0xfe1495a3) sh      ra, -21(s1)
core   0: 3 0x80005c0a (0xfe1495a3) mem 0x800101aa 0x5afe
core   0: 0x80005c0e (0x0021dfb3) srl     t6, gp, sp
core   0: 3 0x80005c0e (0x0021dfb3) x31 0x00000000
core   0: 0x80005c12 (0xfd448f03) lb      t5, -44(s1)
core   0: 3 0x80005c12 (0xfd448f03) x30 0x00000000 mem 0x80010193
core   0: 0x80005c16 (0x00000222) c.slli  tp, 8
core   0: 3 0x80005c16 (0x0222) x4  0x00000000
core   0: 0x80005c18 (0xe6417993) andi    s3, sp, -412
core   0: 3 0x80005c18 (0xe6417993) x19 0x00000000
core   0: 0x80005c1c (0x01648e03) lb      t3, 22(s1)
core   0: 3 0x80005c1c (0x01648e03) x28 0x00000000 mem 0x800101d5
core   0: 0x80005c20 (0x02d1b133) mulhu   sp, gp, a3
core   0: 3 0x80005c20 (0x02d1b133) x2  0x00000000
core   0: 0x80005c24 (0x9cc92393) slti    t2, s2, -1588
core   0: 3 0x80005c24 (0x9cc92393) x7  0x00000001
core   0: 0x80005c28 (0x00008739) c.srai  a4, 14
core   0: 3 0x80005c28 (0x8739) x14 0x00000000
core   0: 0x80005c2a (0x00000d92) c.slli  s11, 4
core   0: 3 0x80005c2a (0x0d92) x27 0x000020f0
core   0: 0x80005c2c (0x01b4aca3) sw      s11, 25(s1)
core   0: 3 0x80005c2c (0x01b4aca3) mem 0x800101d8 0x000020f0
core   0: 0x80005c30 (0x0000af17) auipc   t5, 0xa
core   0: 3 0x80005c30 (0x0000af17) x30 0x8000fc30
core   0: 0x80005c34 (0x46df0f13) addi    t5, t5, 1133
core   0: 3 0x80005c34 (0x46df0f13) x30 0x8001009d
core   0: 0x80005c38 (0xfe0f1ea3) sh      zero, -3(t5)
core   0: 3 0x80005c38 (0xfe0f1ea3) mem 0x8001009a 0x0000
core   0: 0x80005c3c (0x038f0383) lb      t2, 56(t5)
core   0: 3 0x80005c3c (0x038f0383) x7  0x00000000 mem 0x800100d5
core   0: 0x80005c40 (0x1db93917) auipc   s2, 0x1db93
core   0: 3 0x80005c40 (0x1db93917) x18 0x9db98c40
core   0: 0x80005c44 (0x03a670b3) remu    ra, a2, s10
core   0: 3 0x80005c44 (0x03a670b3) x1  0x80025e50
core   0: 0x80005c48 (0x009f4703) lbu     a4, 9(t5)
core   0: 3 0x80005c48 (0x009f4703) x14 0x00000000 mem 0x800100a6
core   0: 0x80005c4c (0x003f0223) sb      gp, 4(t5)
core   0: 3 0x80005c4c (0x003f0223) mem 0x800100a1 0x00
core   0: 0x80005c50 (0xfdef0103) lb      sp, -34(t5)
core   0: 3 0x80005c50 (0xfdef0103) x2  0x00000000 mem 0x8001007b
core   0: 0x80005c54 (0x00519713) slli    a4, gp, 5
core   0: 3 0x80005c54 (0x00519713) x14 0x00000000
core   0: 0x80005c58 (0x00000001) c.nop
core   0: 3 0x80005c58 (0x0001)
core   0: 0x80005c5a (0xfd9f25a3) sw      s9, -53(t5)
core   0: 3 0x80005c5a (0xfd9f25a3) mem 0x80010068 0x00000000
core   0: 0x80005c5e (0x000f03a3) sb      zero, 7(t5)
core   0: 3 0x80005c5e (0x000f03a3) mem 0x800100a4 0x00
core   0: 0x80005c62 (0x68d40e93) addi    t4, s0, 1677
core   0: 3 0x80005c62 (0x68d40e93) x29 0x000009ad
core   0: 0x80005c66 (0x03df0b83) lb      s7, 61(t5)
core   0: 3 0x80005c66 (0x03df0b83) x23 0x00000000 mem 0x800100da
core   0: 0x80005c6a (0x014f0183) lb      gp, 20(t5)
core   0: 3 0x80005c6a (0x014f0183) x3  0x00000000 mem 0x800100b1
core   0: 0x80005c6e (0xfc0f0ba3) sb      zero, -41(t5)
core   0: 3 0x80005c6e (0xfc0f0ba3) mem 0x80010074 0x00
core   0: 0x80005c72 (0x021f0703) lb      a4, 33(t5)
core   0: 3 0x80005c72 (0x021f0703) x14 0x00000000 mem 0x800100be
core   0: 0x80005c76 (0xa9818413) addi    s0, gp, -1384
core   0: 3 0x80005c76 (0xa9818413) x8  0xfffffa98
core   0: 0x80005c7a (0x00008f11) c.sub   a4, a2
core   0: 3 0x80005c7a (0x8f11) x14 0x7ffda1b0
core   0: 0x80005c7c (0x020f0603) lb      a2, 32(t5)
core   0: 3 0x80005c7c (0x020f0603) x12 0x00000000 mem 0x800100bd
core   0: 0x80005c80 (0x01af4503) lbu     a0, 26(t5)
core   0: 3 0x80005c80 (0x01af4503) x10 0x00000000 mem 0x800100b7
core   0: 0x80005c84 (0x00000b1c) c.addi4spn a5, sp, 400
core   0: 3 0x80005c84 (0x0b1c) x15 0x00000190
core   0: 0x80005c86 (0x03cf0223) sb      t3, 36(t5)
core   0: 3 0x80005c86 (0x03cf0223) mem 0x800100c1 0x00
core   0: 0x80005c8a (0xfc2f0403) lb      s0, -62(t5)
core   0: 3 0x80005c8a (0xfc2f0403) x8  0x00000000 mem 0x8001005f
core   0: 0x80005c8e (0x00cf0c03) lb      s8, 12(t5)
core   0: 3 0x80005c8e (0x00cf0c03) x24 0x00000000 mem 0x800100a9
core   0: 0x80005c92 (0x008f0b03) lb      s6, 8(t5)
core   0: 3 0x80005c92 (0x008f0b03) x22 0x00000000 mem 0x800100a5
core   0: 0x80005c96 (0x40655113) srai    sp, a0, 6
core   0: 3 0x80005c96 (0x40655113) x2  0x00000000
core   0: 0x80005c9a (0x039f0003) lb      zero, 57(t5)
core   0: 3 0x80005c9a (0x039f0003) mem 0x800100d6
core   0: 0x80005c9e (0xffbf1fa3) sh      s11, -1(t5)
core   0: 3 0x80005c9e (0xffbf1fa3) mem 0x8001009c 0x20f0
core   0: 0x80005ca2 (0x00008ed9) c.or    a3, a4
core   0: 3 0x80005ca2 (0x8ed9) x13 0x7ffda1b0
core   0: 0x80005ca4 (0x408bda13) srai    s4, s7, 8
core   0: 3 0x80005ca4 (0x408bda13) x20 0x00000000
core   0: 0x80005ca8 (0x03b95d33) divu    s10, s2, s11
core   0: 3 0x80005ca8 (0x03b95d33) x26 0x0004c9e2
core   0: 0x80005cac (0x01269eb3) sll     t4, a3, s2
core   0: 3 0x80005cac (0x01269eb3) x29 0x7ffda1b0
core   0: 0x80005cb0 (0xff4f0b83) lb      s7, -12(t5)
core   0: 3 0x80005cb0 (0xff4f0b83) x23 0x00000000 mem 0x80010091
core   0: 0x80005cb4 (0x00bf0323) sb      a1, 6(t5)
core   0: 3 0x80005cb4 (0x00bf0323) mem 0x800100a3 0x50
core   0: 0x80005cb8 (0xb2326c13) ori     s8, tp, -1245
core   0: 3 0x80005cb8 (0xb2326c13) x24 0xfffffb23
core   0: 0x80005cbc (0xff8f0383) lb      t2, -8(t5)
core   0: 3 0x80005cbc (0xff8f0383) x7  0x00000000 mem 0x80010095
core   0: 0x80005cc0 (0x028f2da3) sw      s0, 59(t5)
core   0: 3 0x80005cc0 (0x028f2da3) mem 0x800100d8 0x00000000
core   0: 0x80005cc4 (0x03ec1c33) mulh    s8, s8, t5
core   0: 3 0x80005cc4 (0x03ec1c33) x24 0x0000026e
core   0: 0x80005cc8 (0x03ff5003) lhu     zero, 63(t5)
core   0: 3 0x80005cc8 (0x03ff5003) mem 0x800100dc
core   0: 0x80005ccc (0xff7f2f83) lw      t6, -9(t5)
core   0: 3 0x80005ccc (0xff7f2f83) x31 0x00000000 mem 0x80010094
core   0: 0x80005cd0 (0x00008f51) c.or    a4, a2
core   0: 3 0x80005cd0 (0x8f51) x14 0x7ffda1b0
core   0: 0x80005cd2 (0x009f0a83) lb      s5, 9(t5)
core   0: 3 0x80005cd2 (0x009f0a83) x21 0x00000000 mem 0x800100a6
core   0: 0x80005cd6 (0x02df15a3) sh      a3, 43(t5)
core   0: 3 0x80005cd6 (0x02df15a3) mem 0x800100c8 0xa1b0
core   0: 0x80005cda (0x01cf0303) lb      t1, 28(t5)
core   0: 3 0x80005cda (0x01cf0303) x6  0x00000000 mem 0x800100b9
core   0: 0x80005cde (0x000056d9) c.li    a3, -10
core   0: 3 0x80005cde (0x56d9) x13 0xfffffff6
core   0: 0x80005ce0 (0x029a8633) mul     a2, s5, s1
core   0: 3 0x80005ce0 (0x029a8633) x12 0x00000000
core   0: 0x80005ce4 (0x02249533) mulh    a0, s1, sp
core   0: 3 0x80005ce4 (0x02249533) x10 0x00000000
core   0: 0x80005ce8 (0x00004f4d) c.li    t5, 19
core   0: 3 0x80005ce8 (0x4f4d) x30 0x00000013
core   0: 0x80005cea (0x408d8b33) sub     s6, s11, s0
core   0: 3 0x80005cea (0x408d8b33) x22 0x000020f0
core   0: 0x80005cee (0x00001f88) c.addi4spn a0, sp, 1008
core   0: 3 0x80005cee (0x1f88) x10 0x000003f0
core   0: 0x80005cf0 (0x034d3d33) mulhu   s10, s10, s4
core   0: 3 0x80005cf0 (0x034d3d33) x26 0x00000000
core   0: 0x80005cf4 (0x033d4eb3) div     t4, s10, s3
core   0: 3 0x80005cf4 (0x033d4eb3) x29 0xffffffff
core   0: 0x80005cf8 (0x00008e15) c.sub   a2, a3
core   0: 3 0x80005cf8 (0x8e15) x12 0x0000000a
core   0: 0x80005cfa (0x00000685) c.addi  a3, 1
core   0: 3 0x80005cfa (0x0685) x13 0xfffffff7
core   0: 0x80005cfc (0x02b70c33) mul     s8, a4, a1
core   0: 3 0x80005cfc (0x02b70c33) x24 0x64012700
core   0: 0x80005d00 (0x000017fd) c.addi  a5, -1
core   0: 3 0x80005d00 (0x17fd) x15 0x0000018f
core   0: 0x80005d02 (0x030af1b3) remu    gp, s5, a6
core   0: 3 0x80005d02 (0x030af1b3) x3  0x00000000
core   0: 0x80005d06 (0x017cd513) srli    a0, s9, 23
core   0: 3 0x80005d06 (0x017cd513) x10 0x00000000
core   0: 0x80005d0a (0x3d31cf93) xori    t6, gp, 979
core   0: 3 0x80005d0a (0x3d31cf93) x31 0x000003d3
core   0: 0x80005d0e (0xffe690e3) bne     a3, t5, pc - 32
core   0: 3 0x80005d0e (0xffe690e3)
core   0: 0x80005cee (0x00001f88) c.addi4spn a0, sp, 1008
core   0: 3 0x80005cee (0x1f88) x10 0x000003f0
core   0: 0x80005cf0 (0x034d3d33) mulhu   s10, s10, s4
core   0: 3 0x80005cf0 (0x034d3d33) x26 0x00000000
core   0: 0x80005cf4 (0x033d4eb3) div     t4, s10, s3
core   0: 3 0x80005cf4 (0x033d4eb3) x29 0xffffffff
core   0: 0x80005cf8 (0x00008e15) c.sub   a2, a3
core   0: 3 0x80005cf8 (0x8e15) x12 0x00000013
core   0: 0x80005cfa (0x00000685) c.addi  a3, 1
core   0: 3 0x80005cfa (0x0685) x13 0xfffffff8
core   0: 0x80005cfc (0x02b70c33) mul     s8, a4, a1
core   0: 3 0x80005cfc (0x02b70c33) x24 0x64012700
core   0: 0x80005d00 (0x000017fd) c.addi  a5, -1
core   0: 3 0x80005d00 (0x17fd) x15 0x0000018e
core   0: 0x80005d02 (0x030af1b3) remu    gp, s5, a6
core   0: 3 0x80005d02 (0x030af1b3) x3  0x00000000
core   0: 0x80005d06 (0x017cd513) srli    a0, s9, 23
core   0: 3 0x80005d06 (0x017cd513) x10 0x00000000
core   0: 0x80005d0a (0x3d31cf93) xori    t6, gp, 979
core   0: 3 0x80005d0a (0x3d31cf93) x31 0x000003d3
core   0: 0x80005d0e (0xffe690e3) bne     a3, t5, pc - 32
core   0: 3 0x80005d0e (0xffe690e3)
core   0: 0x80005cee (0x00001f88) c.addi4spn a0, sp, 1008
core   0: 3 0x80005cee (0x1f88) x10 0x000003f0
core   0: 0x80005cf0 (0x034d3d33) mulhu   s10, s10, s4
core   0: 3 0x80005cf0 (0x034d3d33) x26 0x00000000
core   0: 0x80005cf4 (0x033d4eb3) div     t4, s10, s3
core   0: 3 0x80005cf4 (0x033d4eb3) x29 0xffffffff
core   0: 0x80005cf8 (0x00008e15) c.sub   a2, a3
core   0: 3 0x80005cf8 (0x8e15) x12 0x0000001b
core   0: 0x80005cfa (0x00000685) c.addi  a3, 1
core   0: 3 0x80005cfa (0x0685) x13 0xfffffff9
core   0: 0x80005cfc (0x02b70c33) mul     s8, a4, a1
core   0: 3 0x80005cfc (0x02b70c33) x24 0x64012700
core   0: 0x80005d00 (0x000017fd) c.addi  a5, -1
core   0: 3 0x80005d00 (0x17fd) x15 0x0000018d
core   0: 0x80005d02 (0x030af1b3) remu    gp, s5, a6
core   0: 3 0x80005d02 (0x030af1b3) x3  0x00000000
core   0: 0x80005d06 (0x017cd513) srli    a0, s9, 23
core   0: 3 0x80005d06 (0x017cd513) x10 0x00000000
core   0: 0x80005d0a (0x3d31cf93) xori    t6, gp, 979
core   0: 3 0x80005d0a (0x3d31cf93) x31 0x000003d3
core   0: 0x80005d0e (0xffe690e3) bne     a3, t5, pc - 32
core   0: 3 0x80005d0e (0xffe690e3)
core   0: 0x80005cee (0x00001f88) c.addi4spn a0, sp, 1008
core   0: 3 0x80005cee (0x1f88) x10 0x000003f0
core   0: 0x80005cf0 (0x034d3d33) mulhu   s10, s10, s4
core   0: 3 0x80005cf0 (0x034d3d33) x26 0x00000000
core   0: 0x80005cf4 (0x033d4eb3) div     t4, s10, s3
core   0: 3 0x80005cf4 (0x033d4eb3) x29 0xffffffff
core   0: 0x80005cf8 (0x00008e15) c.sub   a2, a3
core   0: 3 0x80005cf8 (0x8e15) x12 0x00000022
core   0: 0x80005cfa (0x00000685) c.addi  a3, 1
core   0: 3 0x80005cfa (0x0685) x13 0xfffffffa
core   0: 0x80005cfc (0x02b70c33) mul     s8, a4, a1
core   0: 3 0x80005cfc (0x02b70c33) x24 0x64012700
core   0: 0x80005d00 (0x000017fd) c.addi  a5, -1
core   0: 3 0x80005d00 (0x17fd) x15 0x0000018c
core   0: 0x80005d02 (0x030af1b3) remu    gp, s5, a6
core   0: 3 0x80005d02 (0x030af1b3) x3  0x00000000
core   0: 0x80005d06 (0x017cd513) srli    a0, s9, 23
core   0: 3 0x80005d06 (0x017cd513) x10 0x00000000
core   0: 0x80005d0a (0x3d31cf93) xori    t6, gp, 979
core   0: 3 0x80005d0a (0x3d31cf93) x31 0x000003d3
core   0: 0x80005d0e (0xffe690e3) bne     a3, t5, pc - 32
core   0: 3 0x80005d0e (0xffe690e3)
core   0: 0x80005cee (0x00001f88) c.addi4spn a0, sp, 1008
core   0: 3 0x80005cee (0x1f88) x10 0x000003f0
core   0: 0x80005cf0 (0x034d3d33) mulhu   s10, s10, s4
core   0: 3 0x80005cf0 (0x034d3d33) x26 0x00000000
core   0: 0x80005cf4 (0x033d4eb3) div     t4, s10, s3
core   0: 3 0x80005cf4 (0x033d4eb3) x29 0xffffffff
core   0: 0x80005cf8 (0x00008e15) c.sub   a2, a3
core   0: 3 0x80005cf8 (0x8e15) x12 0x00000028
core   0: 0x80005cfa (0x00000685) c.addi  a3, 1
core   0: 3 0x80005cfa (0x0685) x13 0xfffffffb
core   0: 0x80005cfc (0x02b70c33) mul     s8, a4, a1
core   0: 3 0x80005cfc (0x02b70c33) x24 0x64012700
core   0: 0x80005d00 (0x000017fd) c.addi  a5, -1
core   0: 3 0x80005d00 (0x17fd) x15 0x0000018b
core   0: 0x80005d02 (0x030af1b3) remu    gp, s5, a6
core   0: 3 0x80005d02 (0x030af1b3) x3  0x00000000
core   0: 0x80005d06 (0x017cd513) srli    a0, s9, 23
core   0: 3 0x80005d06 (0x017cd513) x10 0x00000000
core   0: 0x80005d0a (0x3d31cf93) xori    t6, gp, 979
core   0: 3 0x80005d0a (0x3d31cf93) x31 0x000003d3
core   0: 0x80005d0e (0xffe690e3) bne     a3, t5, pc - 32
core   0: 3 0x80005d0e (0xffe690e3)
core   0: 0x80005cee (0x00001f88) c.addi4spn a0, sp, 1008
core   0: 3 0x80005cee (0x1f88) x10 0x000003f0
core   0: 0x80005cf0 (0x034d3d33) mulhu   s10, s10, s4
core   0: 3 0x80005cf0 (0x034d3d33) x26 0x00000000
core   0: 0x80005cf4 (0x033d4eb3) div     t4, s10, s3
core   0: 3 0x80005cf4 (0x033d4eb3) x29 0xffffffff
core   0: 0x80005cf8 (0x00008e15) c.sub   a2, a3
core   0: 3 0x80005cf8 (0x8e15) x12 0x0000002d
core   0: 0x80005cfa (0x00000685) c.addi  a3, 1
core   0: 3 0x80005cfa (0x0685) x13 0xfffffffc
core   0: 0x80005cfc (0x02b70c33) mul     s8, a4, a1
core   0: 3 0x80005cfc (0x02b70c33) x24 0x64012700
core   0: 0x80005d00 (0x000017fd) c.addi  a5, -1
core   0: 3 0x80005d00 (0x17fd) x15 0x0000018a
core   0: 0x80005d02 (0x030af1b3) remu    gp, s5, a6
core   0: 3 0x80005d02 (0x030af1b3) x3  0x00000000
core   0: 0x80005d06 (0x017cd513) srli    a0, s9, 23
core   0: 3 0x80005d06 (0x017cd513) x10 0x00000000
core   0: 0x80005d0a (0x3d31cf93) xori    t6, gp, 979
core   0: 3 0x80005d0a (0x3d31cf93) x31 0x000003d3
core   0: 0x80005d0e (0xffe690e3) bne     a3, t5, pc - 32
core   0: 3 0x80005d0e (0xffe690e3)
core   0: 0x80005cee (0x00001f88) c.addi4spn a0, sp, 1008
core   0: 3 0x80005cee (0x1f88) x10 0x000003f0
core   0: 0x80005cf0 (0x034d3d33) mulhu   s10, s10, s4
core   0: 3 0x80005cf0 (0x034d3d33) x26 0x00000000
core   0: 0x80005cf4 (0x033d4eb3) div     t4, s10, s3
core   0: 3 0x80005cf4 (0x033d4eb3) x29 0xffffffff
core   0: 0x80005cf8 (0x00008e15) c.sub   a2, a3
core   0: 3 0x80005cf8 (0x8e15) x12 0x00000031
core   0: 0x80005cfa (0x00000685) c.addi  a3, 1
core   0: 3 0x80005cfa (0x0685) x13 0xfffffffd
core   0: 0x80005cfc (0x02b70c33) mul     s8, a4, a1
core   0: 3 0x80005cfc (0x02b70c33) x24 0x64012700
core   0: 0x80005d00 (0x000017fd) c.addi  a5, -1
core   0: 3 0x80005d00 (0x17fd) x15 0x00000189
core   0: 0x80005d02 (0x030af1b3) remu    gp, s5, a6
core   0: 3 0x80005d02 (0x030af1b3) x3  0x00000000
core   0: 0x80005d06 (0x017cd513) srli    a0, s9, 23
core   0: 3 0x80005d06 (0x017cd513) x10 0x00000000
core   0: 0x80005d0a (0x3d31cf93) xori    t6, gp, 979
core   0: 3 0x80005d0a (0x3d31cf93) x31 0x000003d3
core   0: 0x80005d0e (0xffe690e3) bne     a3, t5, pc - 32
core   0: 3 0x80005d0e (0xffe690e3)
core   0: 0x80005cee (0x00001f88) c.addi4spn a0, sp, 1008
core   0: 3 0x80005cee (0x1f88) x10 0x000003f0
core   0: 0x80005cf0 (0x034d3d33) mulhu   s10, s10, s4
core   0: 3 0x80005cf0 (0x034d3d33) x26 0x00000000
core   0: 0x80005cf4 (0x033d4eb3) div     t4, s10, s3
core   0: 3 0x80005cf4 (0x033d4eb3) x29 0xffffffff
core   0: 0x80005cf8 (0x00008e15) c.sub   a2, a3
core   0: 3 0x80005cf8 (0x8e15) x12 0x00000034
core   0: 0x80005cfa (0x00000685) c.addi  a3, 1
core   0: 3 0x80005cfa (0x0685) x13 0xfffffffe
core   0: 0x80005cfc (0x02b70c33) mul     s8, a4, a1
core   0: 3 0x80005cfc (0x02b70c33) x24 0x64012700
core   0: 0x80005d00 (0x000017fd) c.addi  a5, -1
core   0: 3 0x80005d00 (0x17fd) x15 0x00000188
core   0: 0x80005d02 (0x030af1b3) remu    gp, s5, a6
core   0: 3 0x80005d02 (0x030af1b3) x3  0x00000000
core   0: 0x80005d06 (0x017cd513) srli    a0, s9, 23
core   0: 3 0x80005d06 (0x017cd513) x10 0x00000000
core   0: 0x80005d0a (0x3d31cf93) xori    t6, gp, 979
core   0: 3 0x80005d0a (0x3d31cf93) x31 0x000003d3
core   0: 0x80005d0e (0xffe690e3) bne     a3, t5, pc - 32
core   0: 3 0x80005d0e (0xffe690e3)
core   0: 0x80005cee (0x00001f88) c.addi4spn a0, sp, 1008
core   0: 3 0x80005cee (0x1f88) x10 0x000003f0
core   0: 0x80005cf0 (0x034d3d33) mulhu   s10, s10, s4
core   0: 3 0x80005cf0 (0x034d3d33) x26 0x00000000
core   0: 0x80005cf4 (0x033d4eb3) div     t4, s10, s3
core   0: 3 0x80005cf4 (0x033d4eb3) x29 0xffffffff
core   0: 0x80005cf8 (0x00008e15) c.sub   a2, a3
core   0: 3 0x80005cf8 (0x8e15) x12 0x00000036
core   0: 0x80005cfa (0x00000685) c.addi  a3, 1
core   0: 3 0x80005cfa (0x0685) x13 0xffffffff
core   0: 0x80005cfc (0x02b70c33) mul     s8, a4, a1
core   0: 3 0x80005cfc (0x02b70c33) x24 0x64012700
core   0: 0x80005d00 (0x000017fd) c.addi  a5, -1
core   0: 3 0x80005d00 (0x17fd) x15 0x00000187
core   0: 0x80005d02 (0x030af1b3) remu    gp, s5, a6
core   0: 3 0x80005d02 (0x030af1b3) x3  0x00000000
core   0: 0x80005d06 (0x017cd513) srli    a0, s9, 23
core   0: 3 0x80005d06 (0x017cd513) x10 0x00000000
core   0: 0x80005d0a (0x3d31cf93) xori    t6, gp, 979
core   0: 3 0x80005d0a (0x3d31cf93) x31 0x000003d3
core   0: 0x80005d0e (0xffe690e3) bne     a3, t5, pc - 32
core   0: 3 0x80005d0e (0xffe690e3)
core   0: 0x80005cee (0x00001f88) c.addi4spn a0, sp, 1008
core   0: 3 0x80005cee (0x1f88) x10 0x000003f0
core   0: 0x80005cf0 (0x034d3d33) mulhu   s10, s10, s4
core   0: 3 0x80005cf0 (0x034d3d33) x26 0x00000000
core   0: 0x80005cf4 (0x033d4eb3) div     t4, s10, s3
core   0: 3 0x80005cf4 (0x033d4eb3) x29 0xffffffff
core   0: 0x80005cf8 (0x00008e15) c.sub   a2, a3
core   0: 3 0x80005cf8 (0x8e15) x12 0x00000037
core   0: 0x80005cfa (0x00000685) c.addi  a3, 1
core   0: 3 0x80005cfa (0x0685) x13 0x00000000
core   0: 0x80005cfc (0x02b70c33) mul     s8, a4, a1
core   0: 3 0x80005cfc (0x02b70c33) x24 0x64012700
core   0: 0x80005d00 (0x000017fd) c.addi  a5, -1
core   0: 3 0x80005d00 (0x17fd) x15 0x00000186
core   0: 0x80005d02 (0x030af1b3) remu    gp, s5, a6
core   0: 3 0x80005d02 (0x030af1b3) x3  0x00000000
core   0: 0x80005d06 (0x017cd513) srli    a0, s9, 23
core   0: 3 0x80005d06 (0x017cd513) x10 0x00000000
core   0: 0x80005d0a (0x3d31cf93) xori    t6, gp, 979
core   0: 3 0x80005d0a (0x3d31cf93) x31 0x000003d3
core   0: 0x80005d0e (0xffe690e3) bne     a3, t5, pc - 32
core   0: 3 0x80005d0e (0xffe690e3)
core   0: 0x80005cee (0x00001f88) c.addi4spn a0, sp, 1008
core   0: 3 0x80005cee (0x1f88) x10 0x000003f0
core   0: 0x80005cf0 (0x034d3d33) mulhu   s10, s10, s4
core   0: 3 0x80005cf0 (0x034d3d33) x26 0x00000000
core   0: 0x80005cf4 (0x033d4eb3) div     t4, s10, s3
core   0: 3 0x80005cf4 (0x033d4eb3) x29 0xffffffff
core   0: 0x80005cf8 (0x00008e15) c.sub   a2, a3
core   0: 3 0x80005cf8 (0x8e15) x12 0x00000037
core   0: 0x80005cfa (0x00000685) c.addi  a3, 1
core   0: 3 0x80005cfa (0x0685) x13 0x00000001
core   0: 0x80005cfc (0x02b70c33) mul     s8, a4, a1
core   0: 3 0x80005cfc (0x02b70c33) x24 0x64012700
core   0: 0x80005d00 (0x000017fd) c.addi  a5, -1
core   0: 3 0x80005d00 (0x17fd) x15 0x00000185
core   0: 0x80005d02 (0x030af1b3) remu    gp, s5, a6
core   0: 3 0x80005d02 (0x030af1b3) x3  0x00000000
core   0: 0x80005d06 (0x017cd513) srli    a0, s9, 23
core   0: 3 0x80005d06 (0x017cd513) x10 0x00000000
core   0: 0x80005d0a (0x3d31cf93) xori    t6, gp, 979
core   0: 3 0x80005d0a (0x3d31cf93) x31 0x000003d3
core   0: 0x80005d0e (0xffe690e3) bne     a3, t5, pc - 32
core   0: 3 0x80005d0e (0xffe690e3)
core   0: 0x80005cee (0x00001f88) c.addi4spn a0, sp, 1008
core   0: 3 0x80005cee (0x1f88) x10 0x000003f0
core   0: 0x80005cf0 (0x034d3d33) mulhu   s10, s10, s4
core   0: 3 0x80005cf0 (0x034d3d33) x26 0x00000000
core   0: 0x80005cf4 (0x033d4eb3) div     t4, s10, s3
core   0: 3 0x80005cf4 (0x033d4eb3) x29 0xffffffff
core   0: 0x80005cf8 (0x00008e15) c.sub   a2, a3
core   0: 3 0x80005cf8 (0x8e15) x12 0x00000036
core   0: 0x80005cfa (0x00000685) c.addi  a3, 1
core   0: 3 0x80005cfa (0x0685) x13 0x00000002
core   0: 0x80005cfc (0x02b70c33) mul     s8, a4, a1
core   0: 3 0x80005cfc (0x02b70c33) x24 0x64012700
core   0: 0x80005d00 (0x000017fd) c.addi  a5, -1
core   0: 3 0x80005d00 (0x17fd) x15 0x00000184
core   0: 0x80005d02 (0x030af1b3) remu    gp, s5, a6
core   0: 3 0x80005d02 (0x030af1b3) x3  0x00000000
core   0: 0x80005d06 (0x017cd513) srli    a0, s9, 23
core   0: 3 0x80005d06 (0x017cd513) x10 0x00000000
core   0: 0x80005d0a (0x3d31cf93) xori    t6, gp, 979
core   0: 3 0x80005d0a (0x3d31cf93) x31 0x000003d3
core   0: 0x80005d0e (0xffe690e3) bne     a3, t5, pc - 32
core   0: 3 0x80005d0e (0xffe690e3)
core   0: 0x80005cee (0x00001f88) c.addi4spn a0, sp, 1008
core   0: 3 0x80005cee (0x1f88) x10 0x000003f0
core   0: 0x80005cf0 (0x034d3d33) mulhu   s10, s10, s4
core   0: 3 0x80005cf0 (0x034d3d33) x26 0x00000000
core   0: 0x80005cf4 (0x033d4eb3) div     t4, s10, s3
core   0: 3 0x80005cf4 (0x033d4eb3) x29 0xffffffff
core   0: 0x80005cf8 (0x00008e15) c.sub   a2, a3
core   0: 3 0x80005cf8 (0x8e15) x12 0x00000034
core   0: 0x80005cfa (0x00000685) c.addi  a3, 1
core   0: 3 0x80005cfa (0x0685) x13 0x00000003
core   0: 0x80005cfc (0x02b70c33) mul     s8, a4, a1
core   0: 3 0x80005cfc (0x02b70c33) x24 0x64012700
core   0: 0x80005d00 (0x000017fd) c.addi  a5, -1
core   0: 3 0x80005d00 (0x17fd) x15 0x00000183
core   0: 0x80005d02 (0x030af1b3) remu    gp, s5, a6
core   0: 3 0x80005d02 (0x030af1b3) x3  0x00000000
core   0: 0x80005d06 (0x017cd513) srli    a0, s9, 23
core   0: 3 0x80005d06 (0x017cd513) x10 0x00000000
core   0: 0x80005d0a (0x3d31cf93) xori    t6, gp, 979
core   0: 3 0x80005d0a (0x3d31cf93) x31 0x000003d3
core   0: 0x80005d0e (0xffe690e3) bne     a3, t5, pc - 32
core   0: 3 0x80005d0e (0xffe690e3)
core   0: 0x80005cee (0x00001f88) c.addi4spn a0, sp, 1008
core   0: 3 0x80005cee (0x1f88) x10 0x000003f0
core   0: 0x80005cf0 (0x034d3d33) mulhu   s10, s10, s4
core   0: 3 0x80005cf0 (0x034d3d33) x26 0x00000000
core   0: 0x80005cf4 (0x033d4eb3) div     t4, s10, s3
core   0: 3 0x80005cf4 (0x033d4eb3) x29 0xffffffff
core   0: 0x80005cf8 (0x00008e15) c.sub   a2, a3
core   0: 3 0x80005cf8 (0x8e15) x12 0x00000031
core   0: 0x80005cfa (0x00000685) c.addi  a3, 1
core   0: 3 0x80005cfa (0x0685) x13 0x00000004
core   0: 0x80005cfc (0x02b70c33) mul     s8, a4, a1
core   0: 3 0x80005cfc (0x02b70c33) x24 0x64012700
core   0: 0x80005d00 (0x000017fd) c.addi  a5, -1
core   0: 3 0x80005d00 (0x17fd) x15 0x00000182
core   0: 0x80005d02 (0x030af1b3) remu    gp, s5, a6
core   0: 3 0x80005d02 (0x030af1b3) x3  0x00000000
core   0: 0x80005d06 (0x017cd513) srli    a0, s9, 23
core   0: 3 0x80005d06 (0x017cd513) x10 0x00000000
core   0: 0x80005d0a (0x3d31cf93) xori    t6, gp, 979
core   0: 3 0x80005d0a (0x3d31cf93) x31 0x000003d3
core   0: 0x80005d0e (0xffe690e3) bne     a3, t5, pc - 32
core   0: 3 0x80005d0e (0xffe690e3)
core   0: 0x80005cee (0x00001f88) c.addi4spn a0, sp, 1008
core   0: 3 0x80005cee (0x1f88) x10 0x000003f0
core   0: 0x80005cf0 (0x034d3d33) mulhu   s10, s10, s4
core   0: 3 0x80005cf0 (0x034d3d33) x26 0x00000000
core   0: 0x80005cf4 (0x033d4eb3) div     t4, s10, s3
core   0: 3 0x80005cf4 (0x033d4eb3) x29 0xffffffff
core   0: 0x80005cf8 (0x00008e15) c.sub   a2, a3
core   0: 3 0x80005cf8 (0x8e15) x12 0x0000002d
core   0: 0x80005cfa (0x00000685) c.addi  a3, 1
core   0: 3 0x80005cfa (0x0685) x13 0x00000005
core   0: 0x80005cfc (0x02b70c33) mul     s8, a4, a1
core   0: 3 0x80005cfc (0x02b70c33) x24 0x64012700
core   0: 0x80005d00 (0x000017fd) c.addi  a5, -1
core   0: 3 0x80005d00 (0x17fd) x15 0x00000181
core   0: 0x80005d02 (0x030af1b3) remu    gp, s5, a6
core   0: 3 0x80005d02 (0x030af1b3) x3  0x00000000
core   0: 0x80005d06 (0x017cd513) srli    a0, s9, 23
core   0: 3 0x80005d06 (0x017cd513) x10 0x00000000
core   0: 0x80005d0a (0x3d31cf93) xori    t6, gp, 979
core   0: 3 0x80005d0a (0x3d31cf93) x31 0x000003d3
core   0: 0x80005d0e (0xffe690e3) bne     a3, t5, pc - 32
core   0: 3 0x80005d0e (0xffe690e3)
core   0: 0x80005cee (0x00001f88) c.addi4spn a0, sp, 1008
core   0: 3 0x80005cee (0x1f88) x10 0x000003f0
core   0: 0x80005cf0 (0x034d3d33) mulhu   s10, s10, s4
core   0: 3 0x80005cf0 (0x034d3d33) x26 0x00000000
core   0: 0x80005cf4 (0x033d4eb3) div     t4, s10, s3
core   0: 3 0x80005cf4 (0x033d4eb3) x29 0xffffffff
core   0: 0x80005cf8 (0x00008e15) c.sub   a2, a3
core   0: 3 0x80005cf8 (0x8e15) x12 0x00000028
core   0: 0x80005cfa (0x00000685) c.addi  a3, 1
core   0: 3 0x80005cfa (0x0685) x13 0x00000006
core   0: 0x80005cfc (0x02b70c33) mul     s8, a4, a1
core   0: 3 0x80005cfc (0x02b70c33) x24 0x64012700
core   0: 0x80005d00 (0x000017fd) c.addi  a5, -1
core   0: 3 0x80005d00 (0x17fd) x15 0x00000180
core   0: 0x80005d02 (0x030af1b3) remu    gp, s5, a6
core   0: 3 0x80005d02 (0x030af1b3) x3  0x00000000
core   0: 0x80005d06 (0x017cd513) srli    a0, s9, 23
core   0: 3 0x80005d06 (0x017cd513) x10 0x00000000
core   0: 0x80005d0a (0x3d31cf93) xori    t6, gp, 979
core   0: 3 0x80005d0a (0x3d31cf93) x31 0x000003d3
core   0: 0x80005d0e (0xffe690e3) bne     a3, t5, pc - 32
core   0: 3 0x80005d0e (0xffe690e3)
core   0: 0x80005cee (0x00001f88) c.addi4spn a0, sp, 1008
core   0: 3 0x80005cee (0x1f88) x10 0x000003f0
core   0: 0x80005cf0 (0x034d3d33) mulhu   s10, s10, s4
core   0: 3 0x80005cf0 (0x034d3d33) x26 0x00000000
core   0: 0x80005cf4 (0x033d4eb3) div     t4, s10, s3
core   0: 3 0x80005cf4 (0x033d4eb3) x29 0xffffffff
core   0: 0x80005cf8 (0x00008e15) c.sub   a2, a3
core   0: 3 0x80005cf8 (0x8e15) x12 0x00000022
core   0: 0x80005cfa (0x00000685) c.addi  a3, 1
core   0: 3 0x80005cfa (0x0685) x13 0x00000007
core   0: 0x80005cfc (0x02b70c33) mul     s8, a4, a1
core   0: 3 0x80005cfc (0x02b70c33) x24 0x64012700
core   0: 0x80005d00 (0x000017fd) c.addi  a5, -1
core   0: 3 0x80005d00 (0x17fd) x15 0x0000017f
core   0: 0x80005d02 (0x030af1b3) remu    gp, s5, a6
core   0: 3 0x80005d02 (0x030af1b3) x3  0x00000000
core   0: 0x80005d06 (0x017cd513) srli    a0, s9, 23
core   0: 3 0x80005d06 (0x017cd513) x10 0x00000000
core   0: 0x80005d0a (0x3d31cf93) xori    t6, gp, 979
core   0: 3 0x80005d0a (0x3d31cf93) x31 0x000003d3
core   0: 0x80005d0e (0xffe690e3) bne     a3, t5, pc - 32
core   0: 3 0x80005d0e (0xffe690e3)
core   0: 0x80005cee (0x00001f88) c.addi4spn a0, sp, 1008
core   0: 3 0x80005cee (0x1f88) x10 0x000003f0
core   0: 0x80005cf0 (0x034d3d33) mulhu   s10, s10, s4
core   0: 3 0x80005cf0 (0x034d3d33) x26 0x00000000
core   0: 0x80005cf4 (0x033d4eb3) div     t4, s10, s3
core   0: 3 0x80005cf4 (0x033d4eb3) x29 0xffffffff
core   0: 0x80005cf8 (0x00008e15) c.sub   a2, a3
core   0: 3 0x80005cf8 (0x8e15) x12 0x0000001b
core   0: 0x80005cfa (0x00000685) c.addi  a3, 1
core   0: 3 0x80005cfa (0x0685) x13 0x00000008
core   0: 0x80005cfc (0x02b70c33) mul     s8, a4, a1
core   0: 3 0x80005cfc (0x02b70c33) x24 0x64012700
core   0: 0x80005d00 (0x000017fd) c.addi  a5, -1
core   0: 3 0x80005d00 (0x17fd) x15 0x0000017e
core   0: 0x80005d02 (0x030af1b3) remu    gp, s5, a6
core   0: 3 0x80005d02 (0x030af1b3) x3  0x00000000
core   0: 0x80005d06 (0x017cd513) srli    a0, s9, 23
core   0: 3 0x80005d06 (0x017cd513) x10 0x00000000
core   0: 0x80005d0a (0x3d31cf93) xori    t6, gp, 979
core   0: 3 0x80005d0a (0x3d31cf93) x31 0x000003d3
core   0: 0x80005d0e (0xffe690e3) bne     a3, t5, pc - 32
core   0: 3 0x80005d0e (0xffe690e3)
core   0: 0x80005cee (0x00001f88) c.addi4spn a0, sp, 1008
core   0: 3 0x80005cee (0x1f88) x10 0x000003f0
core   0: 0x80005cf0 (0x034d3d33) mulhu   s10, s10, s4
core   0: 3 0x80005cf0 (0x034d3d33) x26 0x00000000
core   0: 0x80005cf4 (0x033d4eb3) div     t4, s10, s3
core   0: 3 0x80005cf4 (0x033d4eb3) x29 0xffffffff
core   0: 0x80005cf8 (0x00008e15) c.sub   a2, a3
core   0: 3 0x80005cf8 (0x8e15) x12 0x00000013
core   0: 0x80005cfa (0x00000685) c.addi  a3, 1
core   0: 3 0x80005cfa (0x0685) x13 0x00000009
core   0: 0x80005cfc (0x02b70c33) mul     s8, a4, a1
core   0: 3 0x80005cfc (0x02b70c33) x24 0x64012700
core   0: 0x80005d00 (0x000017fd) c.addi  a5, -1
core   0: 3 0x80005d00 (0x17fd) x15 0x0000017d
core   0: 0x80005d02 (0x030af1b3) remu    gp, s5, a6
core   0: 3 0x80005d02 (0x030af1b3) x3  0x00000000
core   0: 0x80005d06 (0x017cd513) srli    a0, s9, 23
core   0: 3 0x80005d06 (0x017cd513) x10 0x00000000
core   0: 0x80005d0a (0x3d31cf93) xori    t6, gp, 979
core   0: 3 0x80005d0a (0x3d31cf93) x31 0x000003d3
core   0: 0x80005d0e (0xffe690e3) bne     a3, t5, pc - 32
core   0: 3 0x80005d0e (0xffe690e3)
core   0: 0x80005cee (0x00001f88) c.addi4spn a0, sp, 1008
core   0: 3 0x80005cee (0x1f88) x10 0x000003f0
core   0: 0x80005cf0 (0x034d3d33) mulhu   s10, s10, s4
core   0: 3 0x80005cf0 (0x034d3d33) x26 0x00000000
core   0: 0x80005cf4 (0x033d4eb3) div     t4, s10, s3
core   0: 3 0x80005cf4 (0x033d4eb3) x29 0xffffffff
core   0: 0x80005cf8 (0x00008e15) c.sub   a2, a3
core   0: 3 0x80005cf8 (0x8e15) x12 0x0000000a
core   0: 0x80005cfa (0x00000685) c.addi  a3, 1
core   0: 3 0x80005cfa (0x0685) x13 0x0000000a
core   0: 0x80005cfc (0x02b70c33) mul     s8, a4, a1
core   0: 3 0x80005cfc (0x02b70c33) x24 0x64012700
core   0: 0x80005d00 (0x000017fd) c.addi  a5, -1
core   0: 3 0x80005d00 (0x17fd) x15 0x0000017c
core   0: 0x80005d02 (0x030af1b3) remu    gp, s5, a6
core   0: 3 0x80005d02 (0x030af1b3) x3  0x00000000
core   0: 0x80005d06 (0x017cd513) srli    a0, s9, 23
core   0: 3 0x80005d06 (0x017cd513) x10 0x00000000
core   0: 0x80005d0a (0x3d31cf93) xori    t6, gp, 979
core   0: 3 0x80005d0a (0x3d31cf93) x31 0x000003d3
core   0: 0x80005d0e (0xffe690e3) bne     a3, t5, pc - 32
core   0: 3 0x80005d0e (0xffe690e3)
core   0: 0x80005cee (0x00001f88) c.addi4spn a0, sp, 1008
core   0: 3 0x80005cee (0x1f88) x10 0x000003f0
core   0: 0x80005cf0 (0x034d3d33) mulhu   s10, s10, s4
core   0: 3 0x80005cf0 (0x034d3d33) x26 0x00000000
core   0: 0x80005cf4 (0x033d4eb3) div     t4, s10, s3
core   0: 3 0x80005cf4 (0x033d4eb3) x29 0xffffffff
core   0: 0x80005cf8 (0x00008e15) c.sub   a2, a3
core   0: 3 0x80005cf8 (0x8e15) x12 0x00000000
core   0: 0x80005cfa (0x00000685) c.addi  a3, 1
core   0: 3 0x80005cfa (0x0685) x13 0x0000000b
core   0: 0x80005cfc (0x02b70c33) mul     s8, a4, a1
core   0: 3 0x80005cfc (0x02b70c33) x24 0x64012700
core   0: 0x80005d00 (0x000017fd) c.addi  a5, -1
core   0: 3 0x80005d00 (0x17fd) x15 0x0000017b
core   0: 0x80005d02 (0x030af1b3) remu    gp, s5, a6
core   0: 3 0x80005d02 (0x030af1b3) x3  0x00000000
core   0: 0x80005d06 (0x017cd513) srli    a0, s9, 23
core   0: 3 0x80005d06 (0x017cd513) x10 0x00000000
core   0: 0x80005d0a (0x3d31cf93) xori    t6, gp, 979
core   0: 3 0x80005d0a (0x3d31cf93) x31 0x000003d3
core   0: 0x80005d0e (0xffe690e3) bne     a3, t5, pc - 32
core   0: 3 0x80005d0e (0xffe690e3)
core   0: 0x80005cee (0x00001f88) c.addi4spn a0, sp, 1008
core   0: 3 0x80005cee (0x1f88) x10 0x000003f0
core   0: 0x80005cf0 (0x034d3d33) mulhu   s10, s10, s4
core   0: 3 0x80005cf0 (0x034d3d33) x26 0x00000000
core   0: 0x80005cf4 (0x033d4eb3) div     t4, s10, s3
core   0: 3 0x80005cf4 (0x033d4eb3) x29 0xffffffff
core   0: 0x80005cf8 (0x00008e15) c.sub   a2, a3
core   0: 3 0x80005cf8 (0x8e15) x12 0xfffffff5
core   0: 0x80005cfa (0x00000685) c.addi  a3, 1
core   0: 3 0x80005cfa (0x0685) x13 0x0000000c
core   0: 0x80005cfc (0x02b70c33) mul     s8, a4, a1
core   0: 3 0x80005cfc (0x02b70c33) x24 0x64012700
core   0: 0x80005d00 (0x000017fd) c.addi  a5, -1
core   0: 3 0x80005d00 (0x17fd) x15 0x0000017a
core   0: 0x80005d02 (0x030af1b3) remu    gp, s5, a6
core   0: 3 0x80005d02 (0x030af1b3) x3  0x00000000
core   0: 0x80005d06 (0x017cd513) srli    a0, s9, 23
core   0: 3 0x80005d06 (0x017cd513) x10 0x00000000
core   0: 0x80005d0a (0x3d31cf93) xori    t6, gp, 979
core   0: 3 0x80005d0a (0x3d31cf93) x31 0x000003d3
core   0: 0x80005d0e (0xffe690e3) bne     a3, t5, pc - 32
core   0: 3 0x80005d0e (0xffe690e3)
core   0: 0x80005cee (0x00001f88) c.addi4spn a0, sp, 1008
core   0: 3 0x80005cee (0x1f88) x10 0x000003f0
core   0: 0x80005cf0 (0x034d3d33) mulhu   s10, s10, s4
core   0: 3 0x80005cf0 (0x034d3d33) x26 0x00000000
core   0: 0x80005cf4 (0x033d4eb3) div     t4, s10, s3
core   0: 3 0x80005cf4 (0x033d4eb3) x29 0xffffffff
core   0: 0x80005cf8 (0x00008e15) c.sub   a2, a3
core   0: 3 0x80005cf8 (0x8e15) x12 0xffffffe9
core   0: 0x80005cfa (0x00000685) c.addi  a3, 1
core   0: 3 0x80005cfa (0x0685) x13 0x0000000d
core   0: 0x80005cfc (0x02b70c33) mul     s8, a4, a1
core   0: 3 0x80005cfc (0x02b70c33) x24 0x64012700
core   0: 0x80005d00 (0x000017fd) c.addi  a5, -1
core   0: 3 0x80005d00 (0x17fd) x15 0x00000179
core   0: 0x80005d02 (0x030af1b3) remu    gp, s5, a6
core   0: 3 0x80005d02 (0x030af1b3) x3  0x00000000
core   0: 0x80005d06 (0x017cd513) srli    a0, s9, 23
core   0: 3 0x80005d06 (0x017cd513) x10 0x00000000
core   0: 0x80005d0a (0x3d31cf93) xori    t6, gp, 979
core   0: 3 0x80005d0a (0x3d31cf93) x31 0x000003d3
core   0: 0x80005d0e (0xffe690e3) bne     a3, t5, pc - 32
core   0: 3 0x80005d0e (0xffe690e3)
core   0: 0x80005cee (0x00001f88) c.addi4spn a0, sp, 1008
core   0: 3 0x80005cee (0x1f88) x10 0x000003f0
core   0: 0x80005cf0 (0x034d3d33) mulhu   s10, s10, s4
core   0: 3 0x80005cf0 (0x034d3d33) x26 0x00000000
core   0: 0x80005cf4 (0x033d4eb3) div     t4, s10, s3
core   0: 3 0x80005cf4 (0x033d4eb3) x29 0xffffffff
core   0: 0x80005cf8 (0x00008e15) c.sub   a2, a3
core   0: 3 0x80005cf8 (0x8e15) x12 0xffffffdc
core   0: 0x80005cfa (0x00000685) c.addi  a3, 1
core   0: 3 0x80005cfa (0x0685) x13 0x0000000e
core   0: 0x80005cfc (0x02b70c33) mul     s8, a4, a1
core   0: 3 0x80005cfc (0x02b70c33) x24 0x64012700
core   0: 0x80005d00 (0x000017fd) c.addi  a5, -1
core   0: 3 0x80005d00 (0x17fd) x15 0x00000178
core   0: 0x80005d02 (0x030af1b3) remu    gp, s5, a6
core   0: 3 0x80005d02 (0x030af1b3) x3  0x00000000
core   0: 0x80005d06 (0x017cd513) srli    a0, s9, 23
core   0: 3 0x80005d06 (0x017cd513) x10 0x00000000
core   0: 0x80005d0a (0x3d31cf93) xori    t6, gp, 979
core   0: 3 0x80005d0a (0x3d31cf93) x31 0x000003d3
core   0: 0x80005d0e (0xffe690e3) bne     a3, t5, pc - 32
core   0: 3 0x80005d0e (0xffe690e3)
core   0: 0x80005cee (0x00001f88) c.addi4spn a0, sp, 1008
core   0: 3 0x80005cee (0x1f88) x10 0x000003f0
core   0: 0x80005cf0 (0x034d3d33) mulhu   s10, s10, s4
core   0: 3 0x80005cf0 (0x034d3d33) x26 0x00000000
core   0: 0x80005cf4 (0x033d4eb3) div     t4, s10, s3
core   0: 3 0x80005cf4 (0x033d4eb3) x29 0xffffffff
core   0: 0x80005cf8 (0x00008e15) c.sub   a2, a3
core   0: 3 0x80005cf8 (0x8e15) x12 0xffffffce
core   0: 0x80005cfa (0x00000685) c.addi  a3, 1
core   0: 3 0x80005cfa (0x0685) x13 0x0000000f
core   0: 0x80005cfc (0x02b70c33) mul     s8, a4, a1
core   0: 3 0x80005cfc (0x02b70c33) x24 0x64012700
core   0: 0x80005d00 (0x000017fd) c.addi  a5, -1
core   0: 3 0x80005d00 (0x17fd) x15 0x00000177
core   0: 0x80005d02 (0x030af1b3) remu    gp, s5, a6
core   0: 3 0x80005d02 (0x030af1b3) x3  0x00000000
core   0: 0x80005d06 (0x017cd513) srli    a0, s9, 23
core   0: 3 0x80005d06 (0x017cd513) x10 0x00000000
core   0: 0x80005d0a (0x3d31cf93) xori    t6, gp, 979
core   0: 3 0x80005d0a (0x3d31cf93) x31 0x000003d3
core   0: 0x80005d0e (0xffe690e3) bne     a3, t5, pc - 32
core   0: 3 0x80005d0e (0xffe690e3)
core   0: 0x80005cee (0x00001f88) c.addi4spn a0, sp, 1008
core   0: 3 0x80005cee (0x1f88) x10 0x000003f0
core   0: 0x80005cf0 (0x034d3d33) mulhu   s10, s10, s4
core   0: 3 0x80005cf0 (0x034d3d33) x26 0x00000000
core   0: 0x80005cf4 (0x033d4eb3) div     t4, s10, s3
core   0: 3 0x80005cf4 (0x033d4eb3) x29 0xffffffff
core   0: 0x80005cf8 (0x00008e15) c.sub   a2, a3
core   0: 3 0x80005cf8 (0x8e15) x12 0xffffffbf
core   0: 0x80005cfa (0x00000685) c.addi  a3, 1
core   0: 3 0x80005cfa (0x0685) x13 0x00000010
core   0: 0x80005cfc (0x02b70c33) mul     s8, a4, a1
core   0: 3 0x80005cfc (0x02b70c33) x24 0x64012700
core   0: 0x80005d00 (0x000017fd) c.addi  a5, -1
core   0: 3 0x80005d00 (0x17fd) x15 0x00000176
core   0: 0x80005d02 (0x030af1b3) remu    gp, s5, a6
core   0: 3 0x80005d02 (0x030af1b3) x3  0x00000000
core   0: 0x80005d06 (0x017cd513) srli    a0, s9, 23
core   0: 3 0x80005d06 (0x017cd513) x10 0x00000000
core   0: 0x80005d0a (0x3d31cf93) xori    t6, gp, 979
core   0: 3 0x80005d0a (0x3d31cf93) x31 0x000003d3
core   0: 0x80005d0e (0xffe690e3) bne     a3, t5, pc - 32
core   0: 3 0x80005d0e (0xffe690e3)
core   0: 0x80005cee (0x00001f88) c.addi4spn a0, sp, 1008
core   0: 3 0x80005cee (0x1f88) x10 0x000003f0
core   0: 0x80005cf0 (0x034d3d33) mulhu   s10, s10, s4
core   0: 3 0x80005cf0 (0x034d3d33) x26 0x00000000
core   0: 0x80005cf4 (0x033d4eb3) div     t4, s10, s3
core   0: 3 0x80005cf4 (0x033d4eb3) x29 0xffffffff
core   0: 0x80005cf8 (0x00008e15) c.sub   a2, a3
core   0: 3 0x80005cf8 (0x8e15) x12 0xffffffaf
core   0: 0x80005cfa (0x00000685) c.addi  a3, 1
core   0: 3 0x80005cfa (0x0685) x13 0x00000011
core   0: 0x80005cfc (0x02b70c33) mul     s8, a4, a1
core   0: 3 0x80005cfc (0x02b70c33) x24 0x64012700
core   0: 0x80005d00 (0x000017fd) c.addi  a5, -1
core   0: 3 0x80005d00 (0x17fd) x15 0x00000175
core   0: 0x80005d02 (0x030af1b3) remu    gp, s5, a6
core   0: 3 0x80005d02 (0x030af1b3) x3  0x00000000
core   0: 0x80005d06 (0x017cd513) srli    a0, s9, 23
core   0: 3 0x80005d06 (0x017cd513) x10 0x00000000
core   0: 0x80005d0a (0x3d31cf93) xori    t6, gp, 979
core   0: 3 0x80005d0a (0x3d31cf93) x31 0x000003d3
core   0: 0x80005d0e (0xffe690e3) bne     a3, t5, pc - 32
core   0: 3 0x80005d0e (0xffe690e3)
core   0: 0x80005cee (0x00001f88) c.addi4spn a0, sp, 1008
core   0: 3 0x80005cee (0x1f88) x10 0x000003f0
core   0: 0x80005cf0 (0x034d3d33) mulhu   s10, s10, s4
core   0: 3 0x80005cf0 (0x034d3d33) x26 0x00000000
core   0: 0x80005cf4 (0x033d4eb3) div     t4, s10, s3
core   0: 3 0x80005cf4 (0x033d4eb3) x29 0xffffffff
core   0: 0x80005cf8 (0x00008e15) c.sub   a2, a3
core   0: 3 0x80005cf8 (0x8e15) x12 0xffffff9e
core   0: 0x80005cfa (0x00000685) c.addi  a3, 1
core   0: 3 0x80005cfa (0x0685) x13 0x00000012
core   0: 0x80005cfc (0x02b70c33) mul     s8, a4, a1
core   0: 3 0x80005cfc (0x02b70c33) x24 0x64012700
core   0: 0x80005d00 (0x000017fd) c.addi  a5, -1
core   0: 3 0x80005d00 (0x17fd) x15 0x00000174
core   0: 0x80005d02 (0x030af1b3) remu    gp, s5, a6
core   0: 3 0x80005d02 (0x030af1b3) x3  0x00000000
core   0: 0x80005d06 (0x017cd513) srli    a0, s9, 23
core   0: 3 0x80005d06 (0x017cd513) x10 0x00000000
core   0: 0x80005d0a (0x3d31cf93) xori    t6, gp, 979
core   0: 3 0x80005d0a (0x3d31cf93) x31 0x000003d3
core   0: 0x80005d0e (0xffe690e3) bne     a3, t5, pc - 32
core   0: 3 0x80005d0e (0xffe690e3)
core   0: 0x80005cee (0x00001f88) c.addi4spn a0, sp, 1008
core   0: 3 0x80005cee (0x1f88) x10 0x000003f0
core   0: 0x80005cf0 (0x034d3d33) mulhu   s10, s10, s4
core   0: 3 0x80005cf0 (0x034d3d33) x26 0x00000000
core   0: 0x80005cf4 (0x033d4eb3) div     t4, s10, s3
core   0: 3 0x80005cf4 (0x033d4eb3) x29 0xffffffff
core   0: 0x80005cf8 (0x00008e15) c.sub   a2, a3
core   0: 3 0x80005cf8 (0x8e15) x12 0xffffff8c
core   0: 0x80005cfa (0x00000685) c.addi  a3, 1
core   0: 3 0x80005cfa (0x0685) x13 0x00000013
core   0: 0x80005cfc (0x02b70c33) mul     s8, a4, a1
core   0: 3 0x80005cfc (0x02b70c33) x24 0x64012700
core   0: 0x80005d00 (0x000017fd) c.addi  a5, -1
core   0: 3 0x80005d00 (0x17fd) x15 0x00000173
core   0: 0x80005d02 (0x030af1b3) remu    gp, s5, a6
core   0: 3 0x80005d02 (0x030af1b3) x3  0x00000000
core   0: 0x80005d06 (0x017cd513) srli    a0, s9, 23
core   0: 3 0x80005d06 (0x017cd513) x10 0x00000000
core   0: 0x80005d0a (0x3d31cf93) xori    t6, gp, 979
core   0: 3 0x80005d0a (0x3d31cf93) x31 0x000003d3
core   0: 0x80005d0e (0xffe690e3) bne     a3, t5, pc - 32
core   0: 3 0x80005d0e (0xffe690e3)
core   0: 0x80005d12 (0x02f8ea33) rem     s4, a7, a5
core   0: 3 0x80005d12 (0x02f8ea33) x20 0xffffffe4
core   0: 0x80005d16 (0x0000bb17) auipc   s6, 0xb
core   0: 3 0x80005d16 (0x0000bb17) x22 0x80010d16
core   0: 0x80005d1a (0xf03b0b13) addi    s6, s6, -253
core   0: 3 0x80005d1a (0xf03b0b13) x22 0x80010c19
core   0: 0x80005d1e (0x004b0503) lb      a0, 4(s6)
core   0: 3 0x80005d1e (0x004b0503) x10 0x00000000 mem 0x80010c1d
core   0: 0x80005d22 (0xff8b0a83) lb      s5, -8(s6)
core   0: 3 0x80005d22 (0xff8b0a83) x21 0x00000000 mem 0x80010c11
core   0: 0x80005d26 (0xff8b0e03) lb      t3, -8(s6)
core   0: 3 0x80005d26 (0xff8b0e03) x28 0x00000000 mem 0x80010c11
core   0: 0x80005d2a (0xff8b4303) lbu     t1, -8(s6)
core   0: 3 0x80005d2a (0xff8b4303) x6  0x00000000 mem 0x80010c11
core   0: 0x80005d2e (0x007b15a3) sh      t2, 11(s6)
core   0: 3 0x80005d2e (0x007b15a3) mem 0x80010c24 0x0000
core   0: 0x80005d32 (0x00bb1b83) lh      s7, 11(s6)
core   0: 3 0x80005d32 (0x00bb1b83) x23 0x00000000 mem 0x80010c24
core   0: 0x80005d36 (0x003b2f03) lw      t5, 3(s6)
core   0: 3 0x80005d36 (0x003b2f03) x30 0x16000000 mem 0x80010c1c
core   0: 0x80005d3a (0x003b5983) lhu     s3, 3(s6)
core   0: 3 0x80005d3a (0x003b5983) x19 0x00000000 mem 0x80010c1c
core   0: 0x80005d3e (0x003b1783) lh      a5, 3(s6)
core   0: 3 0x80005d3e (0x003b1783) x15 0x00000000 mem 0x80010c1c
core   0: 0x80005d42 (0x02a72ab3) mulhsu  s5, a4, a0
core   0: 3 0x80005d42 (0x02a72ab3) x21 0x00000000
core   0: 0x80005d46 (0x004b4383) lbu     t2, 4(s6)
core   0: 3 0x80005d46 (0x004b4383) x7  0x00000000 mem 0x80010c1d
core   0: 0x80005d4a (0xff8b4c83) lbu     s9, -8(s6)
core   0: 3 0x80005d4a (0xff8b4c83) x25 0x00000000 mem 0x80010c11
core   0: 0x80005d4e (0x017b05a3) sb      s7, 11(s6)
core   0: 3 0x80005d4e (0x017b05a3) mem 0x80010c24 0x00
core   0: 0x80005d52 (0x010b0a03) lb      s4, 16(s6)
core   0: 3 0x80005d52 (0x010b0a03) x20 0x00000000 mem 0x80010c29
core   0: 0x80005d56 (0xff1b0e03) lb      t3, -15(s6)
core   0: 3 0x80005d56 (0xff1b0e03) x28 0x00000000 mem 0x80010c0a
core   0: 0x80005d5a (0x00004301) c.li    t1, 0
core   0: 3 0x80005d5a (0x4301) x6  0x00000000
core   0: 0x80005d5c (0x00004f49) c.li    t5, 18
core   0: 3 0x80005d5c (0x4f49) x30 0x00000012
core   0: 0x80005d5e (0x00001404) c.addi4spn s1, sp, 544
core   0: 3 0x80005d5e (0x1404) x9  0x00000220
core   0: 0x80005d60 (0x00000325) c.addi  t1, 9
core   0: 3 0x80005d60 (0x0325) x6  0x00000009
core   0: 0x80005d62 (0x0000575d) c.li    a4, -9
core   0: 3 0x80005d62 (0x575d) x14 0xfffffff7
core   0: 0x80005d64 (0x00000001) c.nop
core   0: 3 0x80005d64 (0x0001)
core   0: 0x80005d66 (0x00008c71) c.and   s0, a2
core   0: 3 0x80005d66 (0x8c71) x8  0x00000000
core   0: 0x80005d68 (0x00000725) c.addi  a4, 9
core   0: 3 0x80005d68 (0x0725) x14 0x00000000
core   0: 0x80005d6a (0x0000df75) c.beqz  a4, pc - 4
core   0: 3 0x80005d6a (0xdf75)
core   0: 0x80005d66 (0x00008c71) c.and   s0, a2
core   0: 3 0x80005d66 (0x8c71) x8  0x00000000
core   0: 0x80005d68 (0x00000725) c.addi  a4, 9
core   0: 3 0x80005d68 (0x0725) x14 0x00000009
core   0: 0x80005d6a (0x0000df75) c.beqz  a4, pc - 4
core   0: 3 0x80005d6a (0xdf75)
core   0: 0x80005d6c (0xffe319e3) bne     t1, t5, pc - 14
core   0: 3 0x80005d6c (0xffe319e3)
core   0: 0x80005d5e (0x00001404) c.addi4spn s1, sp, 544
core   0: 3 0x80005d5e (0x1404) x9  0x00000220
core   0: 0x80005d60 (0x00000325) c.addi  t1, 9
core   0: 3 0x80005d60 (0x0325) x6  0x00000012
core   0: 0x80005d62 (0x0000575d) c.li    a4, -9
core   0: 3 0x80005d62 (0x575d) x14 0xfffffff7
core   0: 0x80005d64 (0x00000001) c.nop
core   0: 3 0x80005d64 (0x0001)
core   0: 0x80005d66 (0x00008c71) c.and   s0, a2
core   0: 3 0x80005d66 (0x8c71) x8  0x00000000
core   0: 0x80005d68 (0x00000725) c.addi  a4, 9
core   0: 3 0x80005d68 (0x0725) x14 0x00000000
core   0: 0x80005d6a (0x0000df75) c.beqz  a4, pc - 4
core   0: 3 0x80005d6a (0xdf75)
core   0: 0x80005d66 (0x00008c71) c.and   s0, a2
core   0: 3 0x80005d66 (0x8c71) x8  0x00000000
core   0: 0x80005d68 (0x00000725) c.addi  a4, 9
core   0: 3 0x80005d68 (0x0725) x14 0x00000009
core   0: 0x80005d6a (0x0000df75) c.beqz  a4, pc - 4
core   0: 3 0x80005d6a (0xdf75)
core   0: 0x80005d6c (0xffe319e3) bne     t1, t5, pc - 14
core   0: 3 0x80005d6c (0xffe319e3)
core   0: 0x80005d70 (0x01c7f133) and     sp, a5, t3
core   0: 3 0x80005d70 (0x01c7f133) x2  0x00000000
core   0: 0x80005d74 (0x00004689) c.li    a3, 2
core   0: 3 0x80005d74 (0x4689) x13 0x00000002
core   0: 0x80005d76 (0x00000001) c.nop
core   0: 3 0x80005d76 (0x0001)
core   0: 0x80005d78 (0x035c44b3) div     s1, s8, s5
core   0: 3 0x80005d78 (0x035c44b3) x9  0xffffffff
core   0: 0x80005d7c (0x000016f9) c.addi  a3, -2
core   0: 3 0x80005d7c (0x16f9) x13 0x00000000
core   0: 0x80005d7e (0x00004f1d) c.li    t5, 7
core   0: 3 0x80005d7e (0x4f1d) x30 0x00000007
core   0: 0x80005d80 (0x00005ac9) c.li    s5, -14
core   0: 3 0x80005d80 (0x5ac9) x21 0xfffffff2
core   0: 0x80005d82 (0x010ccc33) xor     s8, s9, a6
core   0: 3 0x80005d82 (0x010ccc33) x24 0x77ef29ff
core   0: 0x80005d86 (0x00001f65) c.addi  t5, -7
core   0: 3 0x80005d86 (0x1f65) x30 0x00000000
core   0: 0x80005d88 (0xff5f5de3) bge     t5, s5, pc - 6
core   0: 3 0x80005d88 (0xff5f5de3)
core   0: 0x80005d82 (0x010ccc33) xor     s8, s9, a6
core   0: 3 0x80005d82 (0x010ccc33) x24 0x77ef29ff
core   0: 0x80005d86 (0x00001f65) c.addi  t5, -7
core   0: 3 0x80005d86 (0x1f65) x30 0xfffffff9
core   0: 0x80005d88 (0xff5f5de3) bge     t5, s5, pc - 6
core   0: 3 0x80005d88 (0xff5f5de3)
core   0: 0x80005d82 (0x010ccc33) xor     s8, s9, a6
core   0: 3 0x80005d82 (0x010ccc33) x24 0x77ef29ff
core   0: 0x80005d86 (0x00001f65) c.addi  t5, -7
core   0: 3 0x80005d86 (0x1f65) x30 0xfffffff2
core   0: 0x80005d88 (0xff5f5de3) bge     t5, s5, pc - 6
core   0: 3 0x80005d88 (0xff5f5de3)
core   0: 0x80005d82 (0x010ccc33) xor     s8, s9, a6
core   0: 3 0x80005d82 (0x010ccc33) x24 0x77ef29ff
core   0: 0x80005d86 (0x00001f65) c.addi  t5, -7
core   0: 3 0x80005d86 (0x1f65) x30 0xffffffeb
core   0: 0x80005d88 (0xff5f5de3) bge     t5, s5, pc - 6
core   0: 3 0x80005d88 (0xff5f5de3)
core   0: 0x80005d8c (0x0000d6f5) c.beqz  a3, pc - 20
core   0: 3 0x80005d8c (0xd6f5)
core   0: 0x80005d78 (0x035c44b3) div     s1, s8, s5
core   0: 3 0x80005d78 (0x035c44b3) x9  0xf76eeab7
core   0: 0x80005d7c (0x000016f9) c.addi  a3, -2
core   0: 3 0x80005d7c (0x16f9) x13 0xfffffffe
core   0: 0x80005d7e (0x00004f1d) c.li    t5, 7
core   0: 3 0x80005d7e (0x4f1d) x30 0x00000007
core   0: 0x80005d80 (0x00005ac9) c.li    s5, -14
core   0: 3 0x80005d80 (0x5ac9) x21 0xfffffff2
core   0: 0x80005d82 (0x010ccc33) xor     s8, s9, a6
core   0: 3 0x80005d82 (0x010ccc33) x24 0x77ef29ff
core   0: 0x80005d86 (0x00001f65) c.addi  t5, -7
core   0: 3 0x80005d86 (0x1f65) x30 0x00000000
core   0: 0x80005d88 (0xff5f5de3) bge     t5, s5, pc - 6
core   0: 3 0x80005d88 (0xff5f5de3)
core   0: 0x80005d82 (0x010ccc33) xor     s8, s9, a6
core   0: 3 0x80005d82 (0x010ccc33) x24 0x77ef29ff
core   0: 0x80005d86 (0x00001f65) c.addi  t5, -7
core   0: 3 0x80005d86 (0x1f65) x30 0xfffffff9
core   0: 0x80005d88 (0xff5f5de3) bge     t5, s5, pc - 6
core   0: 3 0x80005d88 (0xff5f5de3)
core   0: 0x80005d82 (0x010ccc33) xor     s8, s9, a6
core   0: 3 0x80005d82 (0x010ccc33) x24 0x77ef29ff
core   0: 0x80005d86 (0x00001f65) c.addi  t5, -7
core   0: 3 0x80005d86 (0x1f65) x30 0xfffffff2
core   0: 0x80005d88 (0xff5f5de3) bge     t5, s5, pc - 6
core   0: 3 0x80005d88 (0xff5f5de3)
core   0: 0x80005d82 (0x010ccc33) xor     s8, s9, a6
core   0: 3 0x80005d82 (0x010ccc33) x24 0x77ef29ff
core   0: 0x80005d86 (0x00001f65) c.addi  t5, -7
core   0: 3 0x80005d86 (0x1f65) x30 0xffffffeb
core   0: 0x80005d88 (0xff5f5de3) bge     t5, s5, pc - 6
core   0: 3 0x80005d88 (0xff5f5de3)
core   0: 0x80005d8c (0x0000d6f5) c.beqz  a3, pc - 20
core   0: 3 0x80005d8c (0xd6f5)
core   0: 0x80005d8e (0x60984613) xori    a2, a6, 1545
core   0: 3 0x80005d8e (0x60984613) x12 0x77ef2ff6
core   0: 0x80005d92 (0x00a0076f) jal     a4, pc + 0xa
core   0: 3 0x80005d92 (0x00a0076f) x14 0x80005d96
core   0: 0x80005d9c (0x0000a831) c.j     pc + 28
core   0: 3 0x80005d9c (0xa831)
core   0: 0x80005db8 (0x008000ef) jal     pc + 0x8
core   0: 3 0x80005db8 (0x008000ef) x1  0x80005dbc
core   0: 0x80005dc0 (0x00002029) c.jal   pc + 10
core   0: 3 0x80005dc0 (0x2029) x1  0x80005dc2
core   0: 0x80005dca (0xfe5ff36f) jal     t1, pc - 0x1c
core   0: 3 0x80005dca (0xfe5ff36f) x6  0x80005dce
core   0: 0x80005dae (0xff1ff36f) jal     t1, pc - 0x10
core   0: 3 0x80005dae (0xff1ff36f) x6  0x80005db2
core   0: 0x80005d9e (0x0000a811) c.j     pc + 20
core   0: 3 0x80005d9e (0xa811)
core   0: 0x80005db2 (0x00002011) c.jal   pc + 4
core   0: 3 0x80005db2 (0x2011) x1  0x80005db4
core   0: 0x80005db6 (0x00002821) c.jal   pc + 24
core   0: 3 0x80005db6 (0x2821) x1  0x80005db8
core   0: 0x80005dce (0x0000bfed) c.j     pc - 6
core   0: 3 0x80005dce (0xbfed)
core   0: 0x80005dc8 (0x00003fe9) c.jal   pc - 38
core   0: 3 0x80005dc8 (0x3fe9) x1  0x80005dca
core   0: 0x80005da2 (0xff9ff36f) jal     t1, pc - 0x8
core   0: 3 0x80005da2 (0xff9ff36f) x6  0x80005da6
core   0: 0x80005d9a (0x0000a031) c.j     pc + 12
core   0: 3 0x80005d9a (0xa031)
core   0: 0x80005da6 (0x00002009) c.jal   pc + 2
core   0: 3 0x80005da6 (0x2009) x1  0x80005da8
core   0: 0x80005da8 (0x0000a829) c.j     pc + 26
core   0: 3 0x80005da8 (0xa829)
core   0: 0x80005dc2 (0xff3ff0ef) jal     pc - 0xe
core   0: 3 0x80005dc2 (0xff3ff0ef) x1  0x80005dc6
core   0: 0x80005db4 (0x000037cd) c.jal   pc - 30
core   0: 3 0x80005db4 (0x37cd) x1  0x80005db6
core   0: 0x80005d96 (0x030000ef) jal     pc + 0x30
core   0: 3 0x80005d96 (0x030000ef) x1  0x80005d9a
core   0: 0x80005dc6 (0x0000bfe9) c.j     pc - 38
core   0: 3 0x80005dc6 (0xbfe9)
core   0: 0x80005da0 (0x0000a831) c.j     pc + 28
core   0: 3 0x80005da0 (0xa831)
core   0: 0x80005dbc (0xfefff0ef) jal     pc - 0x12
core   0: 3 0x80005dbc (0xfefff0ef) x1  0x80005dc0
core   0: 0x80005daa (0x026000ef) jal     pc + 0x26
core   0: 3 0x80005daa (0x026000ef) x1  0x80005dae
core   0: 0x80005dd0 (0x00000514) c.addi4spn a3, sp, 640
core   0: 3 0x80005dd0 (0x0514) x13 0x00000280
core   0: 0x80005dd2 (0x00012117) auipc   sp, 0x12
core   0: 3 0x80005dd2 (0x00012117) x2  0x80017dd2
core   0: 0x80005dd6 (0xfe910113) addi    sp, sp, -23
core   0: 3 0x80005dd6 (0xfe910113) x2  0x80017dbb
core   0: 0x80005dda (0x03513bb3) mulhu   s7, sp, s5
core   0: 3 0x80005dda (0x03513bb3) x23 0x80017db3
core   0: 0x80005dde (0x00008021) c.srli  s0, 8
core   0: 3 0x80005dde (0x8021) x8  0x00000000
core   0: 0x80005de0 (0x9c411ca3) sh      tp, -1575(sp)
core   0: 3 0x80005de0 (0x9c411ca3) mem 0x80017794 0x0000
core   0: 0x80005de4 (0x30810a23) sb      s0, 788(sp)
core   0: 3 0x80005de4 (0x30810a23) mem 0x800180cf 0x00
core   0: 0x80005de8 (0x17111e03) lh      t3, 369(sp)
core   0: 3 0x80005de8 (0x17111e03) x28 0x00000000 mem 0x80017f2c
core   0: 0x80005dec (0x03060033) mul     zero, a2, a6
core   0: 3 0x80005dec (0x03060033)
core   0: 0x80005df0 (0x00a29b93) slli    s7, t0, 10
core   0: 3 0x80005df0 (0x00a29b93) x23 0xbb800000
core   0: 0x80005df4 (0x00006f8d) c.lui   t6, 0x3
core   0: 3 0x80005df4 (0x6f8d) x31 0x00003000
core   0: 0x80005df6 (0x03033a33) mulhu   s4, t1, a6
core   0: 3 0x80005df6 (0x03033a33) x20 0x3bf7c0df
core   0: 0x80005dfa (0x41a14483) lbu     s1, 1050(sp)
core   0: 3 0x80005dfa (0x41a14483) x9  0x00000000 mem 0x800181d5
core   0: 0x80005dfe (0xe3514283) lbu     t0, -459(sp)
core   0: 3 0x80005dfe (0xe3514283) x5  0x00000000 mem 0x80017bf0
core   0: 0x80005e02 (0x00681f13) slli    t5, a6, 6
core   0: 3 0x80005e02 (0x00681f13) x30 0xfbca7fc0
core   0: 0x80005e06 (0x7a75ff13) andi    t5, a1, 1959
core   0: 3 0x80005e06 (0x7a75ff13) x30 0x00000600
core   0: 0x80005e0a (0xae110f23) sb      ra, -1282(sp)
core   0: 3 0x80005e0a (0xae110f23) mem 0x800178b9 0xae
core   0: 0x80005e0e (0xe56ab193) sltiu   gp, s5, -426
core   0: 3 0x80005e0e (0xe56ab193) x3  0x00000000
core   0: 0x80005e12 (0x08912aa3) sw      s1, 149(sp)
core   0: 3 0x80005e12 (0x08912aa3) mem 0x80017e50 0x00000000
core   0: 0x80005e16 (0x00008805) c.andi  s0, 1
core   0: 3 0x80005e16 (0x8805) x8  0x00000000
core   0: 0x80005e18 (0x03d450b3) divu    ra, s0, t4
core   0: 3 0x80005e18 (0x03d450b3) x1  0x00000000
core   0: 0x80005e1c (0x00000001) c.nop
core   0: 3 0x80005e1c (0x0001)
core   0: 0x80005e1e (0xb8a10ca3) sb      a0, -1127(sp)
core   0: 3 0x80005e1e (0xb8a10ca3) mem 0x80017954 0x00
core   0: 0x80005e22 (0x039779b3) remu    s3, a4, s9
core   0: 3 0x80005e22 (0x039779b3) x19 0x80005d96
core   0: 0x80005e26 (0x02cfc933) div     s2, t6, a2
core   0: 3 0x80005e26 (0x02cfc933) x18 0x00000000
core   0: 0x80005e2a (0x029a3cb3) mulhu   s9, s4, s1
core   0: 3 0x80005e2a (0x029a3cb3) x25 0x00000000
core   0: 0x80005e2e (0xd8a14983) lbu     s3, -630(sp)
core   0: 3 0x80005e2e (0xd8a14983) x19 0x00000000 mem 0x80017b45
core   0: 0x80005e32 (0x414f0b33) sub     s6, t5, s4
core   0: 3 0x80005e32 (0x414f0b33) x22 0xc4084521
core   0: 0x80005e36 (0x5c194297) auipc   t0, 0x5c194
core   0: 3 0x80005e36 (0x5c194297) x5  0xdc199e36
core   0: 0x80005e3a (0x54d10f23) sb      a3, 1374(sp)
core   0: 3 0x80005e3a (0x54d10f23) mem 0x80018319 0x80
core   0: 0x80005e3e (0x844ba013) slti    zero, s7, -1980
core   0: 3 0x80005e3e (0x844ba013)
core   0: 0x80005e42 (0xa7850697) auipc   a3, 0xa7850
core   0: 3 0x80005e42 (0xa7850697) x13 0x27855e42
core   0: 0x80005e46 (0x0c223737) lui     a4, 0xc223
core   0: 3 0x80005e46 (0x0c223737) x14 0x0c223000
core   0: 0x80005e4a (0x00004531) c.li    a0, 12
core   0: 3 0x80005e4a (0x4531) x10 0x0000000c
core   0: 0x80005e4c (0x54010983) lb      s3, 1344(sp)
core   0: 3 0x80005e4c (0x54010983) x19 0x00000000 mem 0x800182fb
core   0: 0x80005e50 (0xd6714183) lbu     gp, -665(sp)
core   0: 3 0x80005e50 (0xd6714183) x3  0x00000000 mem 0x80017b22
core   0: 0x80005e54 (0x00000aee) c.slli  s5, 27
core   0: 3 0x80005e54 (0x0aee) x21 0x90000000
core   0: 0x80005e56 (0x00281933) sll     s2, a6, sp
core   0: 3 0x80005e56 (0x00281933) x18 0xf8000000
core   0: 0x80005e5a (0x63210603) lb      a2, 1586(sp)
core   0: 3 0x80005e5a (0x63210603) x12 0x00000000 mem 0x800183ed
core   0: 0x80005e5e (0x3d98f993) andi    s3, a7, 985
core   0: 3 0x80005e5e (0x3d98f993) x19 0x000000c0
core   0: 0x80005e62 (0xf6b15e03) lhu     t3, -149(sp)
core   0: 3 0x80005e62 (0xf6b15e03) x28 0x00000000 mem 0x80017d26
core   0: 0x80005e66 (0x6cc10b03) lb      s6, 1740(sp)
core   0: 3 0x80005e66 (0x6cc10b03) x22 0x00000000 mem 0x80018487
core   0: 0x80005e6a (0x0000860d) c.srai  a2, 3
core   0: 3 0x80005e6a (0x860d) x12 0x00000000
core   0: 0x80005e6c (0x01e30533) add     a0, t1, t5
core   0: 3 0x80005e6c (0x01e30533) x10 0x800063a6
core   0: 0x80005e70 (0x000170b3) and     ra, sp, zero
core   0: 3 0x80005e70 (0x000170b3) x1  0x00000000
core   0: 0x80005e74 (0x026191b3) mulh    gp, gp, t1
core   0: 3 0x80005e74 (0x026191b3) x3  0x00000000
core   0: 0x80005e78 (0x0c715403) lhu     s0, 199(sp)
core   0: 3 0x80005e78 (0x0c715403) x8  0x00000000 mem 0x80017e82
core   0: 0x80005e7c (0x00008d39) c.xor   a0, a4
core   0: 3 0x80005e7c (0x8d39) x10 0x8c2253a6
core   0: 0x80005e7e (0x4ea10983) lb      s3, 1258(sp)
core   0: 3 0x80005e7e (0x4ea10983) x19 0x00000000 mem 0x800182a5
core   0: 0x80005e82 (0x0000ac17) auipc   s8, 0xa
core   0: 3 0x80005e82 (0x0000ac17) x24 0x8000fe82
core   0: 0x80005e86 (0x65dc0c13) addi    s8, s8, 1629
core   0: 3 0x80005e86 (0x65dc0c13) x24 0x800104df
core   0: 0x80005e8a (0x00008f85) c.sub   a5, s1
core   0: 3 0x80005e8a (0x8f85) x15 0x00000000
core   0: 0x80005e8c (0x9eb9b013) sltiu   zero, s3, -1557
core   0: 3 0x80005e8c (0x9eb9b013)
core   0: 0x80005e90 (0x474c0e83) lb      t4, 1140(s8)
core   0: 3 0x80005e90 (0x474c0e83) x29 0x00000000 mem 0x80010953
core   0: 0x80005e94 (0xfe9c2483) lw      s1, -23(s8)
core   0: 3 0x80005e94 (0xfe9c2483) x9  0x00000000 mem 0x800104c8
core   0: 0x80005e98 (0x0334bdb3) mulhu   s11, s1, s3
core   0: 3 0x80005e98 (0x0334bdb3) x27 0x00000000
core   0: 0x80005e9c (0xf89c0523) sb      s1, -118(s8)
core   0: 3 0x80005e9c (0xf89c0523) mem 0x80010469 0x00
core   0: 0x80005ea0 (0xc19c2783) lw      a5, -999(s8)
core   0: 3 0x80005ea0 (0xc19c2783) x15 0x00000000 mem 0x800100f8
core   0: 0x80005ea4 (0x000009b6) c.slli  s3, 13
core   0: 3 0x80005ea4 (0x09b6) x19 0x00000000
core   0: 0x80005ea6 (0xed3c0223) sb      s3, -316(s8)
core   0: 3 0x80005ea6 (0xed3c0223) mem 0x800103a3 0x00
core   0: 0x80005eaa (0x01d49eb3) sll     t4, s1, t4
core   0: 3 0x80005eaa (0x01d49eb3) x29 0x00000000
core   0: 0x80005eae (0x03b7a4b3) mulhsu  s1, a5, s11
core   0: 3 0x80005eae (0x03b7a4b3) x9  0x00000000
core   0: 0x80005eb2 (0x00000001) c.nop
core   0: 3 0x80005eb2 (0x0001)
core   0: 0x80005eb4 (0x020ed033) divu    zero, t4, zero
core   0: 3 0x80005eb4 (0x020ed033)
core   0: 0x80005eb8 (0x03bdddb3) divu    s11, s11, s11
core   0: 3 0x80005eb8 (0x03bdddb3) x27 0xffffffff
core   0: 0x80005ebc (0x000067d9) c.lui   a5, 0x16
core   0: 3 0x80005ebc (0x67d9) x15 0x00016000
core   0: 0x80005ebe (0x020eb033) mulhu   zero, t4, zero
core   0: 3 0x80005ebe (0x020eb033)
core   0: 0x80005ec2 (0x029daeb3) mulhsu  t4, s11, s1
core   0: 3 0x80005ec2 (0x029daeb3) x29 0x00000000
core   0: 0x80005ec6 (0x01b9beb3) sltu    t4, s3, s11
core   0: 3 0x80005ec6 (0x01b9beb3) x29 0x00000001
core   0: 0x80005eca (0x6bec4d83) lbu     s11, 1726(s8)
core   0: 3 0x80005eca (0x6bec4d83) x27 0x00000000 mem 0x80010b9d
core   0: 0x80005ece (0x00f01eb3) sll     t4, zero, a5
core   0: 3 0x80005ece (0x00f01eb3) x29 0x00000000
core   0: 0x80005ed2 (0xf3d04493) xori    s1, zero, -195
core   0: 3 0x80005ed2 (0xf3d04493) x9  0xffffff3d
core   0: 0x80005ed6 (0x03be97b3) mulh    a5, t4, s11
core   0: 3 0x80005ed6 (0x03be97b3) x15 0x00000000
core   0: 0x80005eda (0x013e8033) add     zero, t4, s3
core   0: 3 0x80005eda (0x013e8033)
core   0: 0x80005ede (0x7d2c4783) lbu     a5, 2002(s8)
core   0: 3 0x80005ede (0x7d2c4783) x15 0x00000000 mem 0x80010cb1
core   0: 0x80005ee2 (0x03bc07a3) sb      s11, 47(s8)
core   0: 3 0x80005ee2 (0x03bc07a3) mem 0x8001050e 0x00
core   0: 0x80005ee6 (0x701c5d83) lhu     s11, 1793(s8)
core   0: 3 0x80005ee6 (0x701c5d83) x27 0x00000000 mem 0x80010be0
core   0: 0x80005eea (0x40c9dd93) srai    s11, s3, 12
core   0: 3 0x80005eea (0x40c9dd93) x27 0x00000000
core   0: 0x80005eee (0x00000eaa) c.slli  t4, 10
core   0: 3 0x80005eee (0x0eaa) x29 0x00000000
core   0: 0x80005ef0 (0x41d487b3) sub     a5, s1, t4
core   0: 3 0x80005ef0 (0x41d487b3) x15 0xffffff3d
core   0: 0x80005ef4 (0x084c4783) lbu     a5, 132(s8)
core   0: 3 0x80005ef4 (0x084c4783) x15 0x00000000 mem 0x80010563
core   0: 0x80005ef8 (0x03d074b3) remu    s1, zero, t4
core   0: 3 0x80005ef8 (0x03d074b3) x9  0x00000000
core   0: 0x80005efc (0xeaa7b993) sltiu   s3, a5, -342
core   0: 3 0x80005efc (0xeaa7b993) x19 0x00000001
core   0: 0x80005f00 (0x3c0c0d83) lb      s11, 960(s8)
core   0: 3 0x80005f00 (0x3c0c0d83) x27 0x00000000 mem 0x8001089f
core   0: 0x80005f04 (0xcacc0483) lb      s1, -852(s8)
core   0: 3 0x80005f04 (0xcacc0483) x9  0x00000000 mem 0x8001018b
core   0: 0x80005f08 (0xcb5c4e83) lbu     t4, -843(s8)
core   0: 3 0x80005f08 (0xcb5c4e83) x29 0x00000000 mem 0x80010194
core   0: 0x80005f0c (0x226c4483) lbu     s1, 550(s8)
core   0: 3 0x80005f0c (0x226c4483) x9  0x00000000 mem 0x80010705
core   0: 0x80005f10 (0xe33c19a3) sh      s3, -461(s8)
core   0: 3 0x80005f10 (0xe33c19a3) mem 0x80010312 0x0001
core   0: 0x80005f14 (0x03d4cdb3) div     s11, s1, t4
core   0: 3 0x80005f14 (0x03d4cdb3) x27 0xffffffff
core   0: 0x80005f18 (0x739c4983) lbu     s3, 1849(s8)
core   0: 3 0x80005f18 (0x739c4983) x19 0x00000000 mem 0x80010c18
core   0: 0x80005f1c (0xf49c0a23) sb      s1, -172(s8)
core   0: 3 0x80005f1c (0xf49c0a23) mem 0x80010433 0x00
core   0: 0x80005f20 (0x57fc4483) lbu     s1, 1407(s8)
core   0: 3 0x80005f20 (0x57fc4483) x9  0x00000000 mem 0x80010a5e
core   0: 0x80005f24 (0xc0dc0003) lb      zero, -1011(s8)
core   0: 3 0x80005f24 (0xc0dc0003) mem 0x800100ec
core   0: 0x80005f28 (0x00000001) c.nop
core   0: 3 0x80005f28 (0x0001)
core   0: 0x80005f2a (0xcdb11e17) auipc   t3, 0xcdb11
core   0: 3 0x80005f2a (0xcdb11e17) x28 0x4db16f2a
core   0: 0x80005f2e (0x00c290b3) sll     ra, t0, a2
core   0: 3 0x80005f2e (0x00c290b3) x1  0xdc199e36
core   0: 0x80005f32 (0x00006569) c.lui   a0, 0x1a
core   0: 3 0x80005f32 (0x6569) x10 0x0001a000
core   0: 0x80005f34 (0x00008ee1) c.and   a3, s0
core   0: 3 0x80005f34 (0x8ee1) x13 0x00000000
core   0: 0x80005f36 (0x09959737) lui     a4, 0x9959
core   0: 3 0x80005f36 (0x09959737) x14 0x09959000
core   0: 0x80005f3a (0x35957193) andi    gp, a0, 857
core   0: 3 0x80005f3a (0x35957193) x3  0x00000000
core   0: 0x80005f3e (0x0000843d) c.srai  s0, 15
core   0: 3 0x80005f3e (0x843d) x8  0x00000000
core   0: 0x80005f40 (0x00006149) c.addi16sp sp, 144
core   0: 3 0x80005f40 (0x6149) x2  0x80017e4b
core   0: 0x80005f42 (0x00008141) c.srli  a0, 16
core   0: 3 0x80005f42 (0x8141) x10 0x00000001
core   0: 0x80005f44 (0x00b219b3) sll     s3, tp, a1
core   0: 3 0x80005f44 (0x00b219b3) x19 0x00000000
core   0: 0x80005f48 (0x172de913) ori     s2, s11, 370
core   0: 3 0x80005f48 (0x172de913) x18 0xffffffff
core   0: 0x80005f4c (0x0000cf09) c.beqz  a4, pc + 26
core   0: 3 0x80005f4c (0xcf09)
core   0: 0x80005f4e (0x000083a6) c.mv    t2, s1
core   0: 3 0x80005f4e (0x83a6) x7  0x00000000
core   0: 0x80005f50 (0x0000848d) c.srai  s1, 3
core   0: 3 0x80005f50 (0x848d) x9  0x00000000
core   0: 0x80005f52 (0x0000597d) c.li    s2, -1
core   0: 3 0x80005f52 (0x597d) x18 0xffffffff
core   0: 0x80005f54 (0x03538663) beq     t2, s5, pc + 44
core   0: 3 0x80005f54 (0x03538663)
core   0: 0x80005f58 (0x00008142) c.mv    sp, a6
core   0: 3 0x80005f58 (0x8142) x2  0x77ef29ff
core   0: 0x80005f5a (0x0000c50d) c.beqz  a0, pc + 42
core   0: 3 0x80005f5a (0xc50d)
core   0: 0x80005f5c (0x9678c693) xori    a3, a7, -1689
core   0: 3 0x80005f5c (0x9678c693) x13 0x7ffd6583
core   0: 0x80005f60 (0x008e3ab3) sltu    s5, t3, s0
core   0: 3 0x80005f60 (0x008e3ab3) x21 0x00000000
core   0: 0x80005f64 (0x000081e2) c.mv    gp, s8
core   0: 3 0x80005f64 (0x81e2) x3  0x800104df
core   0: 0x80005f66 (0x0000987d) c.andi  s0, -1
core   0: 3 0x80005f66 (0x987d) x8  0x00000000
core   0: 0x80005f68 (0x12587437) lui     s0, 0x12587
core   0: 3 0x80005f68 (0x12587437) x8  0x12587000
core   0: 0x80005f6c (0x00009262) c.add   tp, s8
core   0: 3 0x80005f6c (0x9262) x4  0x800104df
core   0: 0x80005f6e (0x02148d33) mul     s10, s1, ra
core   0: 3 0x80005f6e (0x02148d33) x26 0x00000000
core   0: 0x80005f72 (0x0120de63) bge     ra, s2, pc + 28
core   0: 3 0x80005f72 (0x0120de63)
core   0: 0x80005f76 (0x00006125) c.addi16sp sp, 96
core   0: 3 0x80005f76 (0x6125) x2  0x77ef2a5f
core   0: 0x80005f78 (0x5872f217) auipc   tp, 0x5872f
core   0: 3 0x80005f78 (0x5872f217) x4  0xd8734f78
core   0: 0x80005f7c (0x02e75c33) divu    s8, a4, a4
core   0: 3 0x80005f7c (0x02e75c33) x24 0x00000001
core   0: 0x80005f80 (0x0000ea19) c.bnez  a2, pc + 22
core   0: 3 0x80005f80 (0xea19)
core   0: 0x80005f82 (0x00008eb2) c.mv    t4, a2
core   0: 3 0x80005f82 (0x8eb2) x29 0x00000000
core   0: 0x80005f84 (0x000017fd) c.addi  a5, -1
core   0: 3 0x80005f84 (0x17fd) x15 0xffffffff
core   0: 0x80005f86 (0x0000127d) c.addi  tp, -1
core   0: 3 0x80005f86 (0x127d) x4  0xd8734f77
core   0: 0x80005f88 (0x0000cd0d) c.beqz  a0, pc + 58
core   0: 3 0x80005f88 (0xcd0d)
core   0: 0x80005f8a (0x00000001) c.nop
core   0: 3 0x80005f8a (0x0001)
core   0: 0x80005f8c (0x000050fd) c.li    ra, -1
core   0: 3 0x80005f8c (0x50fd) x1  0xffffffff
core   0: 0x80005f8e (0x03eefe33) remu    t3, t4, t5
core   0: 3 0x80005f8e (0x03eefe33) x28 0x00000000
core   0: 0x80005f92 (0xdcf992b7) lui     t0, 0xdcf99
core   0: 3 0x80005f92 (0xdcf992b7) x5  0xdcf99000
core   0: 0x80005f96 (0x02526f33) rem     t5, tp, t0
core   0: 3 0x80005f96 (0x02526f33) x30 0xfb79bf77
core   0: 0x80005f9a (0x414b3313) sltiu   t1, s6, 1044
core   0: 3 0x80005f9a (0x414b3313) x6  0x00000001
core   0: 0x80005f9e (0x000084e5) c.srai  s1, 25
core   0: 3 0x80005f9e (0x84e5) x9  0x00000000
core   0: 0x80005fa0 (0x0000717d) c.addi16sp sp, -16
core   0: 3 0x80005fa0 (0x717d) x2  0x77ef2a4f
core   0: 0x80005fa2 (0x18bc7093) andi    ra, s8, 395
core   0: 3 0x80005fa2 (0x18bc7093) x1  0x00000001
core   0: 0x80005fa6 (0x0326e6b3) rem     a3, a3, s2
core   0: 3 0x80005fa6 (0x0326e6b3) x13 0x00000000
core   0: 0x80005faa (0x40640533) sub     a0, s0, t1
core   0: 3 0x80005faa (0x40640533) x10 0x12586fff
core   0: 0x80005fae (0x002e4233) xor     tp, t3, sp
core   0: 3 0x80005fae (0x002e4233) x4  0x77ef2a4f
core   0: 0x80005fb2 (0x0274d9b3) divu    s3, s1, t2
core   0: 3 0x80005fb2 (0x0274d9b3) x19 0xffffffff
core   0: 0x80005fb6 (0x0242f0b3) remu    ra, t0, tp
core   0: 3 0x80005fb6 (0x0242f0b3) x1  0x650a65b1
core   0: 0x80005fba (0x035757b3) divu    a5, a4, s5
core   0: 3 0x80005fba (0x035757b3) x15 0xffffffff
core   0: 0x80005fbe (0x0301ebb3) rem     s7, gp, a6
core   0: 3 0x80005fbe (0x0301ebb3) x23 0xf7f02ede
core   0: 0x80005fc2 (0x020077b3) remu    a5, zero, zero
core   0: 3 0x80005fc2 (0x020077b3) x15 0x00000000
core   0: 0x80005fc6 (0x0144dd33) srl     s10, s1, s4
core   0: 3 0x80005fc6 (0x0144dd33) x26 0x00000000
core   0: 0x80005fca (0x62ccbe13) sltiu   t3, s9, 1580
core   0: 3 0x80005fca (0x62ccbe13) x28 0x00000001
core   0: 0x80005fce (0x00008546) c.mv    a0, a7
core   0: 3 0x80005fce (0x8546) x10 0x80029ce4
core   0: 0x80005fd0 (0x01649633) sll     a2, s1, s6
core   0: 3 0x80005fd0 (0x01649633) x12 0x00000000
core   0: 0x80005fd4 (0x0000867d) c.srai  a2, 31
core   0: 3 0x80005fd4 (0x867d) x12 0x00000000
core   0: 0x80005fd6 (0x00000922) c.slli  s2, 8
core   0: 3 0x80005fd6 (0x0922) x18 0xffffff00
core   0: 0x80005fd8 (0x02456a33) rem     s4, a0, tp
core   0: 3 0x80005fd8 (0x02456a33) x20 0xf7f1c733
core   0: 0x80005fdc (0x01aeb133) sltu    sp, t4, s10
core   0: 3 0x80005fdc (0x01aeb133) x2  0x00000000
core   0: 0x80005fe0 (0x0000465d) c.li    a2, 23
core   0: 3 0x80005fe0 (0x465d) x12 0x00000017
core   0: 0x80005fe2 (0x03b88663) beq     a7, s11, pc + 44
core   0: 3 0x80005fe2 (0x03b88663)
core   0: 0x80005fe6 (0x405fd713) srai    a4, t6, 5
core   0: 3 0x80005fe6 (0x405fd713) x14 0x00000180
core   0: 0x80005fea (0x00008d59) c.or    a0, a4
core   0: 3 0x80005fea (0x8d59) x10 0x80029de4
core   0: 0x80005fec (0x0315de63) bge     a1, a7, pc + 60
core   0: 3 0x80005fec (0x0315de63)
core   0: 0x80005ff0 (0x83f1ea93) ori     s5, gp, -1985
core   0: 3 0x80005ff0 (0x83f1ea93) x21 0xfffffcff
core   0: 0x80005ff4 (0x1fb61d97) auipc   s11, 0x1fb61
core   0: 3 0x80005ff4 (0x1fb61d97) x27 0x9fb66ff4
core   0: 0x80005ff8 (0x02ba5033) divu    zero, s4, a1
core   0: 3 0x80005ff8 (0x02ba5033)
core   0: 0x80005ffc (0x00000f9c) c.addi4spn a5, sp, 976
core   0: 3 0x80005ffc (0x0f9c) x15 0x000003d0
core   0: 0x80005ffe (0xaf42c413) xori    s0, t0, -1292
core   0: 3 0x80005ffe (0xaf42c413) x8  0x23066af4
core   0: 0x80006002 (0x00bfe963) bltu    t6, a1, pc + 18
core   0: 3 0x80006002 (0x00bfe963)
core   0: 0x80006014 (0x319f8113) addi    sp, t6, 793
core   0: 3 0x80006014 (0x319f8113) x2  0x00003319
core   0: 0x80006018 (0x008d9db3) sll     s11, s11, s0
core   0: 3 0x80006018 (0x008d9db3) x27 0xff400000
core   0: 0x8000601c (0x0222d233) divu    tp, t0, sp
core   0: 3 0x8000601c (0x0222d233) x4  0x00045316
core   0: 0x80006020 (0x0262b713) sltiu   a4, t0, 38
core   0: 3 0x80006020 (0x0262b713) x14 0x00000000
core   0: 0x80006024 (0x01140f33) add     t5, s0, a7
core   0: 3 0x80006024 (0x01140f33) x30 0xa30907d8
core   0: 0x80006028 (0x00008cf5) c.and   s1, a3
core   0: 3 0x80006028 (0x8cf5) x9  0x00000000
core   0: 0x8000602a (0x00000001) c.nop
core   0: 3 0x8000602a (0x0001)
core   0: 0x8000602c (0x506a8b93) addi    s7, s5, 1286
core   0: 3 0x8000602c (0x506a8b93) x23 0x00000205
core   0: 0x80006030 (0xd8c04693) xori    a3, zero, -628
core   0: 3 0x80006030 (0xd8c04693) x13 0xfffffd8c
core   0: 0x80006034 (0x0000854a) c.mv    a0, s2
core   0: 3 0x80006034 (0x854a) x10 0xffffff00
core   0: 0x80006036 (0x019e7ab3) and     s5, t3, s9
core   0: 3 0x80006036 (0x019e7ab3) x21 0x00000000
core   0: 0x8000603a (0x037731b3) mulhu   gp, a4, s7
core   0: 3 0x8000603a (0x037731b3) x3  0x00000000
core   0: 0x8000603e (0x006ce933) or      s2, s9, t1
core   0: 3 0x8000603e (0x006ce933) x18 0x00000001
core   0: 0x80006042 (0x00008389) c.srli  a5, 2
core   0: 3 0x80006042 (0x8389) x15 0x000000f4
core   0: 0x80006044 (0x00008d21) c.xor   a0, s0
core   0: 3 0x80006044 (0x8d21) x10 0xdcf995f4
core   0: 0x80006046 (0x00000001) c.nop
core   0: 3 0x80006046 (0x0001)
core   0: 0x80006048 (0x01bce7b3) or      a5, s9, s11
core   0: 3 0x80006048 (0x01bce7b3) x15 0xff400000
core   0: 0x8000604c (0x00001484) c.addi4spn s1, sp, 608
core   0: 3 0x8000604c (0x1484) x9  0x00003579
core   0: 0x8000604e (0x031df1b3) remu    gp, s11, a7
core   0: 3 0x8000604e (0x031df1b3) x3  0x7f3d631c
core   0: 0x80006052 (0x00000001) c.nop
core   0: 3 0x80006052 (0x0001)
core   0: 0x80006054 (0x633eac93) slti    s9, t4, 1587
core   0: 3 0x80006054 (0x633eac93) x25 0x00000001
core   0: 0x80006058 (0x00000a3a) c.slli  s4, 14
core   0: 3 0x80006058 (0x0a3a) x20 0x71ccc000
core   0: 0x8000605a (0x03ae96b3) mulh    a3, t4, s10
core   0: 3 0x8000605a (0x03ae96b3) x13 0x00000000
core   0: 0x8000605e (0x33654693) xori    a3, a0, 822
core   0: 3 0x8000605e (0x33654693) x13 0xdcf996c2
core   0: 0x80006062 (0x00000d2a) c.slli  s10, 10
core   0: 3 0x80006062 (0x0d2a) x26 0x00000000
core   0: 0x80006064 (0x03764033) div     zero, a2, s7
core   0: 3 0x80006064 (0x03764033)
core   0: 0x80006068 (0x00f7d213) srli    tp, a5, 15
core   0: 3 0x80006068 (0x00f7d213) x4  0x0001fe80
core   0: 0x8000606c (0x0000c309) c.beqz  a4, pc + 2
core   0: 3 0x8000606c (0xc309)
core   0: 0x8000606e (0x00fc6e63) bltu    s8, a5, pc + 28
core   0: 3 0x8000606e (0x00fc6e63)
core   0: 0x8000608a (0x00008e3e) c.mv    t3, a5
core   0: 3 0x8000608a (0x8e3e) x28 0xff400000
core   0: 0x8000608c (0x00008c49) c.or    s0, a0
core   0: 3 0x8000608c (0x8c49) x8  0xfffffff4
core   0: 0x8000608e (0x0000ef15) c.bnez  a4, pc + 60
core   0: 3 0x8000608e (0xef15)
core   0: 0x80006090 (0x03da8433) mul     s0, s5, t4
core   0: 3 0x80006090 (0x03da8433) x8  0x00000000
core   0: 0x80006094 (0x015bcbb3) xor     s7, s7, s5
core   0: 3 0x80006094 (0x015bcbb3) x23 0x00000205
core   0: 0x80006098 (0x90f2c293) xori    t0, t0, -1777
core   0: 3 0x80006098 (0x90f2c293) x5  0x2306690f
core   0: 0x8000609c (0x00006351) c.lui   t1, 0x14
core   0: 3 0x8000609c (0x6351) x6  0x00014000
core   0: 0x8000609e (0x02fb0233) mul     tp, s6, a5
core   0: 3 0x8000609e (0x02fb0233) x4  0x00000000
core   0: 0x800060a2 (0xc1986a93) ori     s5, a6, -999
core   0: 3 0x800060a2 (0xc1986a93) x21 0xfffffdff
core   0: 0x800060a6 (0x40b40d33) sub     s10, s0, a1
core   0: 3 0x800060a6 (0x40b40d33) x26 0x7ffda1b0
core   0: 0x800060aa (0x0271b4b3) mulhu   s1, gp, t2
core   0: 3 0x800060aa (0x0271b4b3) x9  0x00000000
core   0: 0x800060ae (0xfbccd297) auipc   t0, 0xfbccd
core   0: 3 0x800060ae (0xfbccd297) x5  0x7bcd30ae
core   0: 0x800060b2 (0x00000001) c.nop
core   0: 3 0x800060b2 (0x0001)
core   0: 0x800060b4 (0x145bed13) ori     s10, s7, 325
core   0: 3 0x800060b4 (0x145bed13) x26 0x00000345
core   0: 0x800060b8 (0x00705e33) srl     t3, zero, t2
core   0: 3 0x800060b8 (0x00705e33) x28 0x00000000
core   0: 0x800060bc (0x01461633) sll     a2, a2, s4
core   0: 3 0x800060bc (0x01461633) x12 0x00000017
core   0: 0x800060c0 (0x0227fab3) remu    s5, a5, sp
core   0: 3 0x800060c0 (0x0227fab3) x21 0x000013e2
core   0: 0x800060c4 (0x0000891a) c.mv    s2, t1
core   0: 3 0x800060c4 (0x891a) x18 0x00014000
core   0: 0x800060c6 (0x0329e363) bltu    s3, s2, pc + 38
core   0: 3 0x800060c6 (0x0329e363)
core   0: 0x800060ca (0x01fb9f13) slli    t5, s7, 31
core   0: 3 0x800060ca (0x01fb9f13) x30 0x80000000
core   0: 0x800060ce (0x03ed0d63) beq     s10, t5, pc + 58
core   0: 3 0x800060ce (0x03ed0d63)
core   0: 0x800060d2 (0x0f4d7513) andi    a0, s10, 244
core   0: 3 0x800060d2 (0x0f4d7513) x10 0x00000044
core   0: 0x800060d6 (0x0000137d) c.addi  t1, -1
core   0: 3 0x800060d6 (0x137d) x6  0x00013fff
core   0: 0x800060d8 (0x46c78993) addi    s3, a5, 1132
core   0: 3 0x800060d8 (0x46c78993) x19 0xff40046c
core   0: 0x800060dc (0x035556b3) divu    a3, a0, s5
core   0: 3 0x800060dc (0x035556b3) x13 0x00000000
core   0: 0x800060e0 (0x03056663) bltu    a0, a6, pc + 44
core   0: 3 0x800060e0 (0x03056663)
core   0: 0x8000610c (0x000012fd) c.addi  t0, -1
core   0: 3 0x8000610c (0x12fd) x5  0x7bcd30ad
core   0: 0x8000610e (0x0000e80d) c.bnez  s0, pc + 50
core   0: 3 0x8000610e (0xe80d)
core   0: 0x80006110 (0x03dd4f63) blt     s10, t4, pc + 62
core   0: 3 0x80006110 (0x03dd4f63)
core   0: 0x80006114 (0x0158aab3) slt     s5, a7, s5
core   0: 3 0x80006114 (0x0158aab3) x21 0x00000001
core   0: 0x80006118 (0x000087cd) c.srai  a5, 19
core   0: 3 0x80006118 (0x87cd) x15 0xffffffe8
core   0: 0x8000611a (0x003a7ab3) and     s5, s4, gp
core   0: 3 0x8000611a (0x003a7ab3) x21 0x710c4000
core   0: 0x8000611e (0x00000001) c.nop
core   0: 3 0x8000611e (0x0001)
core   0: 0x80006120 (0x00000001) c.nop
core   0: 3 0x80006120 (0x0001)
core   0: 0x80006122 (0x1996af93) slti    t6, a3, 409
core   0: 3 0x80006122 (0x1996af93) x31 0x00000001
core   0: 0x80006126 (0x3098f293) andi    t0, a7, 777
core   0: 3 0x80006126 (0x3098f293) x5  0x00000000
core   0: 0x8000612a (0x00008fe1) c.and   a5, s0
core   0: 3 0x8000612a (0x8fe1) x15 0x00000000
core   0: 0x8000612c (0x7cddb193) sltiu   gp, s11, 1997
core   0: 3 0x8000612c (0x7cddb193) x3  0x00000000
core   0: 0x80006130 (0x03a1e233) rem     tp, gp, s10
core   0: 3 0x80006130 (0x03a1e233) x4  0x00000000
core   0: 0x80006134 (0xa8644113) xori    sp, s0, -1402
core   0: 3 0x80006134 (0xa8644113) x2  0xfffffa86
core   0: 0x80006138 (0x000d5133) srl     sp, s10, zero
core   0: 3 0x80006138 (0x000d5133) x2  0x00000345
core   0: 0x8000613c (0x00627bb3) and     s7, tp, t1
core   0: 3 0x8000613c (0x00627bb3) x23 0x00000000
core   0: 0x80006140 (0x00b47633) and     a2, s0, a1
core   0: 3 0x80006140 (0x00b47633) x12 0x00000000
core   0: 0x80006144 (0x027a5f33) divu    t5, s4, t2
core   0: 3 0x80006144 (0x027a5f33) x30 0xffffffff
core   0: 0x80006148 (0x00009512) c.add   a0, tp
core   0: 3 0x80006148 (0x9512) x10 0x00000044
core   0: 0x8000614a (0x0000c391) c.beqz  a5, pc + 4
core   0: 3 0x8000614a (0xc391)
core   0: 0x8000614e (0xab316717) auipc   a4, 0xab316
core   0: 3 0x8000614e (0xab316717) x14 0x2b31c14e
core   0: 0x80006152 (0x0316f963) bgeu    a3, a7, pc + 50
core   0: 3 0x80006152 (0x0316f963)
core   0: 0x80006156 (0x0000cc0d) c.beqz  s0, pc + 58
core   0: 3 0x80006156 (0xcc0d)
core   0: 0x80006190 (0x0000c601) c.beqz  a2, pc + 8
core   0: 3 0x80006190 (0xc601)
core   0: 0x80006198 (0xa6f67913) andi    s2, a2, -1425
core   0: 3 0x80006198 (0xa6f67913) x18 0x00000000
core   0: 0x8000619c (0x00008f71) c.and   a4, a2
core   0: 3 0x8000619c (0x8f71) x14 0x00000000
core   0: 0x8000619e (0x9be8f317) auipc   t1, 0x9be8f
core   0: 3 0x8000619e (0x9be8f317) x6  0x1be9519e
core   0: 0x800061a2 (0x0070e7b3) or      a5, ra, t2
core   0: 3 0x800061a2 (0x0070e7b3) x15 0x650a65b1
core   0: 0x800061a6 (0x41895413) srai    s0, s2, 24
core   0: 3 0x800061a6 (0x41895413) x8  0x00000000
core   0: 0x800061aa (0x1d84f793) andi    a5, s1, 472
core   0: 3 0x800061aa (0x1d84f793) x15 0x00000000
core   0: 0x800061ae (0x016b2333) slt     t1, s6, s6
core   0: 3 0x800061ae (0x016b2333) x6  0x00000000
core   0: 0x800061b2 (0x00000001) c.nop
core   0: 3 0x800061b2 (0x0001)
core   0: 0x800061b4 (0x01129313) slli    t1, t0, 17
core   0: 3 0x800061b4 (0x01129313) x6  0x00000000
core   0: 0x800061b8 (0x00008385) c.srli  a5, 1
core   0: 3 0x800061b8 (0x8385) x15 0x00000000
core   0: 0x800061ba (0x07066963) bltu    a2, a6, pc + 114
core   0: 3 0x800061ba (0x07066963)
core   0: 0x8000622c (0x0000951a) c.add   a0, t1
core   0: 3 0x8000622c (0x951a) x10 0x00000044
core   0: 0x8000622e (0x41c25413) srai    s0, tp, 28
core   0: 3 0x8000622e (0x41c25413) x8  0x00000000
core   0: 0x80006232 (0x65c72d13) slti    s10, a4, 1628
core   0: 3 0x80006232 (0x65c72d13) x26 0x00000001
core   0: 0x80006236 (0x016e7bb3) and     s7, t3, s6
core   0: 3 0x80006236 (0x016e7bb3) x23 0x00000000
core   0: 0x8000623a (0x41de0d33) sub     s10, t3, t4
core   0: 3 0x8000623a (0x41de0d33) x26 0x00000000
core   0: 0x8000623e (0x02e3d533) divu    a0, t2, a4
core   0: 3 0x8000623e (0x02e3d533) x10 0xffffffff
core   0: 0x80006242 (0x016adc13) srli    s8, s5, 22
core   0: 3 0x80006242 (0x016adc13) x24 0x000001c4
core   0: 0x80006246 (0x6846c093) xori    ra, a3, 1668
core   0: 3 0x80006246 (0x6846c093) x1  0x00000684
core   0: 0x8000624a (0x026b77b3) remu    a5, s6, t1
core   0: 3 0x8000624a (0x026b77b3) x15 0x00000000
core   0: 0x8000624e (0x0000987d) c.andi  s0, -1
core   0: 3 0x8000624e (0x987d) x8  0x00000000
core   0: 0x80006250 (0x00008c5d) c.or    s0, a5
core   0: 3 0x80006250 (0x8c5d) x8  0x00000000
core   0: 0x80006252 (0x000004ae) c.slli  s1, 11
core   0: 3 0x80006252 (0x04ae) x9  0x00000000
core   0: 0x80006254 (0x04cc4663) blt     s8, a2, pc + 76
core   0: 3 0x80006254 (0x04cc4663)
core   0: 0x80006258 (0x401b52b3) sra     t0, s6, ra
core   0: 3 0x80006258 (0x401b52b3) x5  0x00000000
core   0: 0x8000625c (0x262d6a93) ori     s5, s10, 610
core   0: 3 0x8000625c (0x262d6a93) x21 0x00000262
core   0: 0x80006260 (0x0362d9b3) divu    s3, t0, s6
core   0: 3 0x80006260 (0x0362d9b3) x19 0xffffffff
core   0: 0x80006264 (0x03eff563) bgeu    t6, t5, pc + 42
core   0: 3 0x80006264 (0x03eff563)
core   0: 0x80006268 (0x01f6ebb3) or      s7, a3, t6
core   0: 3 0x80006268 (0x01f6ebb3) x23 0x00000001
core   0: 0x8000626c (0x010d3db3) sltu    s11, s10, a6
core   0: 3 0x8000626c (0x010d3db3) x27 0x00000001
core   0: 0x80006270 (0x41e9deb3) sra     t4, s3, t5
core   0: 3 0x80006270 (0x41e9deb3) x29 0xffffffff
core   0: 0x80006274 (0x418c8233) sub     tp, s9, s8
core   0: 3 0x80006274 (0x418c8233) x4  0xfffffe3d
core   0: 0x80006278 (0x0276b7b3) mulhu   a5, a3, t2
core   0: 3 0x80006278 (0x0276b7b3) x15 0x00000000
core   0: 0x8000627c (0x01238463) beq     t2, s2, pc + 8
core   0: 3 0x8000627c (0x01238463)
core   0: 0x80006284 (0x03fa2ab3) mulhsu  s5, s4, t6
core   0: 3 0x80006284 (0x03fa2ab3) x21 0x00000000
core   0: 0x80006288 (0x00009b7d) c.andi  a4, -1
core   0: 3 0x80006288 (0x9b7d) x14 0x00000000
core   0: 0x8000628a (0x00aad393) srli    t2, s5, 10
core   0: 3 0x8000628a (0x00aad393) x7  0x00000000
core   0: 0x8000628e (0x012a16b3) sll     a3, s4, s2
core   0: 3 0x8000628e (0x012a16b3) x13 0x71ccc000
core   0: 0x80006292 (0x00df24b3) slt     s1, t5, a3
core   0: 3 0x80006292 (0x00df24b3) x9  0x00000001
core   0: 0x80006296 (0x01b08f33) add     t5, ra, s11
core   0: 3 0x80006296 (0x01b08f33) x30 0x00000685
core   0: 0x8000629a (0x0000e205) c.bnez  a2, pc + 32
core   0: 3 0x8000629a (0xe205)
core   0: 0x8000629c (0xc490eb93) ori     s7, ra, -951
core   0: 3 0x8000629c (0xc490eb93) x23 0xfffffecd
core   0: 0x800062a0 (0x03041963) bne     s0, a6, pc + 50
core   0: 3 0x800062a0 (0x03041963)
core   0: 0x800062d2 (0x00008e45) c.or    a2, s1
core   0: 3 0x800062d2 (0x8e45) x12 0x00000001
core   0: 0x800062d4 (0x00008275) c.srli  a2, 29
core   0: 3 0x800062d4 (0x8275) x12 0x00000000
core   0: 0x800062d6 (0x51a3b913) sltiu   s2, t2, 1306
core   0: 3 0x800062d6 (0x51a3b913) x18 0x00000001
core   0: 0x800062da (0x02213eb3) mulhu   t4, sp, sp
core   0: 3 0x800062da (0x02213eb3) x29 0x00000000
core   0: 0x800062de (0x01b0aab3) slt     s5, ra, s11
core   0: 3 0x800062de (0x01b0aab3) x21 0x00000000
core   0: 0x800062e2 (0x00008d51) c.or    a0, a2
core   0: 3 0x800062e2 (0x8d51) x10 0xffffffff
core   0: 0x800062e4 (0x015c07b3) add     a5, s8, s5
core   0: 3 0x800062e4 (0x015c07b3) x15 0x000001c4
core   0: 0x800062e8 (0x00000e7d) c.addi  t3, 31
core   0: 3 0x800062e8 (0x0e7d) x28 0x0000001f
core   0: 0x800062ea (0x00008419) c.srai  s0, 6
core   0: 3 0x800062ea (0x8419) x8  0x00000000
core   0: 0x800062ec (0x0384c233) div     tp, s1, s8
core   0: 3 0x800062ec (0x0384c233) x4  0x00000000
core   0: 0x800062f0 (0x02213d33) mulhu   s10, sp, sp
core   0: 3 0x800062f0 (0x02213d33) x26 0x00000000
core   0: 0x800062f4 (0x00086bb3) or      s7, a6, zero
core   0: 3 0x800062f4 (0x00086bb3) x23 0x77ef29ff
core   0: 0x800062f8 (0x40e58533) sub     a0, a1, a4
core   0: 3 0x800062f8 (0x40e58533) x10 0x80025e50
core   0: 0x800062fc (0x4097d493) srai    s1, a5, 9
core   0: 3 0x800062fc (0x4097d493) x9  0x00000000
core   0: 0x80006300 (0x039d49b3) div     s3, s10, s9
core   0: 3 0x80006300 (0x039d49b3) x19 0x00000000
core   0: 0x80006304 (0x004f1963) bne     t5, tp, pc + 18
core   0: 3 0x80006304 (0x004f1963)
core   0: 0x80006316 (0x00008f09) c.sub   a4, a0
core   0: 3 0x80006316 (0x8f09) x14 0x7ffda1b0
core   0: 0x80006318 (0x000087b2) c.mv    a5, a2
core   0: 3 0x80006318 (0x87b2) x15 0x00000000
core   0: 0x8000631a (0x00008285) c.srli  a3, 1
core   0: 3 0x8000631a (0x8285) x13 0x38e66000
core   0: 0x8000631c (0x00000b80) c.addi4spn s0, sp, 464
core   0: 3 0x8000631c (0x0b80) x8  0x00000515
core   0: 0x8000631e (0x00001d10) c.addi4spn a2, sp, 688
core   0: 3 0x8000631e (0x1d10) x12 0x000005f5
core   0: 0x80006320 (0x00000001) c.nop
core   0: 3 0x80006320 (0x0001)
core   0: 0x80006322 (0x027dd363) bge     s11, t2, pc + 38
core   0: 3 0x80006322 (0x027dd363)
core   0: 0x80006348 (0x98974e93) xori    t4, a4, -1655
core   0: 3 0x80006348 (0x98974e93) x29 0x80025839
core   0: 0x8000634c (0x0000ef99) c.bnez  a5, pc + 30
core   0: 3 0x8000634c (0xef99)
core   0: 0x8000634e (0x0000c385) c.beqz  a5, pc + 32
core   0: 3 0x8000634e (0xc385)
core   0: 0x8000636e (0x0323fe63) bgeu    t2, s2, pc + 60
core   0: 3 0x8000636e (0x0323fe63)
core   0: 0x80006372 (0x00008fc5) c.or    a5, s1
core   0: 3 0x80006372 (0x8fc5) x15 0x00000000
core   0: 0x80006374 (0x01c7c6b3) xor     a3, a5, t3
core   0: 3 0x80006374 (0x01c7c6b3) x13 0x0000001f
core   0: 0x80006378 (0x418b5a93) srai    s5, s6, 24
core   0: 3 0x80006378 (0x418b5a93) x21 0x00000000
core   0: 0x8000637c (0xad6ea513) slti    a0, t4, -1322
core   0: 3 0x8000637c (0xad6ea513) x10 0x00000001
core   0: 0x80006380 (0x0153dbb3) srl     s7, t2, s5
core   0: 3 0x80006380 (0x0153dbb3) x23 0x00000000
core   0: 0x80006384 (0x0000808d) c.srli  s1, 3
core   0: 3 0x80006384 (0x808d) x9  0x00000000
core   0: 0x80006386 (0x0247feb3) remu    t4, a5, tp
core   0: 3 0x80006386 (0x0247feb3) x29 0x00000000
core   0: 0x8000638a (0x00000001) c.nop
core   0: 3 0x8000638a (0x0001)
core   0: 0x8000638c (0x0353d133) divu    sp, t2, s5
core   0: 3 0x8000638c (0x0353d133) x2  0xffffffff
core   0: 0x80006390 (0x000007c1) c.addi  a5, 16
core   0: 3 0x80006390 (0x07c1) x15 0x00000010
core   0: 0x80006392 (0x4144d733) sra     a4, s1, s4
core   0: 3 0x80006392 (0x4144d733) x14 0x00000000
core   0: 0x80006396 (0x646fe613) ori     a2, t6, 1606
core   0: 3 0x80006396 (0x646fe613) x12 0x00000647
core   0: 0x8000639a (0x004f12b3) sll     t0, t5, tp
core   0: 3 0x8000639a (0x004f12b3) x5  0x00000685
core   0: 0x8000639e (0x005f4263) blt     t5, t0, pc + 4
core   0: 3 0x8000639e (0x005f4263)
core   0: 0x800063a2 (0x027c47b3) div     a5, s8, t2
core   0: 3 0x800063a2 (0x027c47b3) x15 0xffffffff
core   0: 0x800063a6 (0x01e6b6b3) sltu    a3, a3, t5
core   0: 3 0x800063a6 (0x01e6b6b3) x13 0x00000001
core   0: 0x800063aa (0x03277d63) bgeu    a4, s2, pc + 58
core   0: 3 0x800063aa (0x03277d63)
core   0: 0x800063ae (0x610e7013) andi    zero, t3, 1552
core   0: 3 0x800063ae (0x610e7013)
core   0: 0x800063b2 (0x03d07bb3) remu    s7, zero, t4
core   0: 3 0x800063b2 (0x03d07bb3) x23 0x00000000
core   0: 0x800063b6 (0x402addb3) sra     s11, s5, sp
core   0: 3 0x800063b6 (0x402addb3) x27 0x00000000
core   0: 0x800063ba (0x01653bb3) sltu    s7, a0, s6
core   0: 3 0x800063ba (0x01653bb3) x23 0x00000000
core   0: 0x800063be (0x021a6563) bltu    s4, ra, pc + 42
core   0: 3 0x800063be (0x021a6563)
core   0: 0x800063c2 (0x00001608) c.addi4spn a0, sp, 800
core   0: 3 0x800063c2 (0x1608) x10 0x0000031f
core   0: 0x800063c4 (0x00000192) c.slli  gp, 4
core   0: 3 0x800063c4 (0x0192) x3  0x00000000
core   0: 0x800063c6 (0x000064ad) c.lui   s1, 0xb
core   0: 3 0x800063c6 (0x64ad) x9  0x0000b000
core   0: 0x800063c8 (0x0361ad33) mulhsu  s10, gp, s6
core   0: 3 0x800063c8 (0x0361ad33) x26 0x00000000
core   0: 0x800063cc (0x03ed57b3) divu    a5, s10, t5
core   0: 3 0x800063cc (0x03ed57b3) x15 0x00000000
core   0: 0x800063d0 (0x00899013) slli    zero, s3, 8
core   0: 3 0x800063d0 (0x00899013)
core   0: 0x800063d4 (0x395e4e97) auipc   t4, 0x395e4
core   0: 3 0x800063d4 (0x395e4e97) x29 0xb95ea3d4
core   0: 0x800063d8 (0x00008c31) c.xor   s0, a2
core   0: 3 0x800063d8 (0x8c31) x8  0x00000352
core   0: 0x800063da (0x00004b01) c.li    s6, 0
core   0: 3 0x800063da (0x4b01) x22 0x00000000
core   0: 0x800063dc (0x0a788213) addi    tp, a7, 167
core   0: 3 0x800063dc (0x0a788213) x4  0x80029d8b
core   0: 0x800063e0 (0x03671db3) mulh    s11, a4, s6
core   0: 3 0x800063e0 (0x03671db3) x27 0x00000000
core   0: 0x800063e4 (0x000088a9) c.andi  s1, 10
core   0: 3 0x800063e4 (0x88a9) x9  0x00000000
core   0: 0x800063e6 (0x00008fb1) c.xor   a5, a2
core   0: 3 0x800063e6 (0x8fb1) x15 0x00000647
core   0: 0x800063e8 (0x71648a37) lui     s4, 0x71648
core   0: 3 0x800063e8 (0x71648a37) x20 0x71648000
core   0: 0x800063ec (0x00008fed) c.and   a5, a1
core   0: 3 0x800063ec (0x8fed) x15 0x00000640
core   0: 0x800063ee (0x0000851a) c.mv    a0, t1
core   0: 3 0x800063ee (0x851a) x10 0x00000000
core   0: 0x800063f0 (0x000080b9) c.srli  s1, 14
core   0: 3 0x800063f0 (0x80b9) x9  0x00000000
core   0: 0x800063f2 (0x00008039) c.srli  s0, 14
core   0: 3 0x800063f2 (0x8039) x8  0x00000000
core   0: 0x800063f4 (0x01201fb3) sll     t6, zero, s2
core   0: 3 0x800063f4 (0x01201fb3) x31 0x00000000
core   0: 0x800063f8 (0x021c7233) remu    tp, s8, ra
core   0: 3 0x800063f8 (0x021c7233) x4  0x000001c4
core   0: 0x800063fc (0x02aaa633) mulhsu  a2, s5, a0
core   0: 3 0x800063fc (0x02aaa633) x12 0x00000000
core   0: 0x80006400 (0x01559d63) bne     a1, s5, pc + 26
core   0: 3 0x80006400 (0x01559d63)
core   0: 0x8000641a (0x00008ef5) c.and   a3, a3
core   0: 3 0x8000641a (0x8ef5) x13 0x00000001
core   0: 0x8000641c (0x41e5db33) sra     s6, a1, t5
core   0: 3 0x8000641c (0x41e5db33) x22 0xfc0012f2
core   0: 0x80006420 (0x0000814d) c.srli  a0, 19
core   0: 3 0x80006420 (0x814d) x10 0x00000000
core   0: 0x80006422 (0xaf113f13) sltiu   t5, sp, -1295
core   0: 3 0x80006422 (0xaf113f13) x30 0x00000000
core   0: 0x80006426 (0x037af963) bgeu    s5, s7, pc + 50
core   0: 3 0x80006426 (0x037af963)
core   0: 0x80006458 (0xdd37ce13) xori    t3, a5, -557
core   0: 3 0x80006458 (0xdd37ce13) x28 0xfffffb93
core   0: 0x8000645c (0x03014b63) blt     sp, a6, pc + 54
core   0: 3 0x8000645c (0x03014b63)
core   0: 0x80006492 (0x00008f11) c.sub   a4, a2
core   0: 3 0x80006492 (0x8f11) x14 0x00000000
core   0: 0x80006494 (0x025bdd33) divu    s10, s7, t0
core   0: 3 0x80006494 (0x025bdd33) x26 0x00000000
core   0: 0x80006498 (0x00008a35) c.andi  a2, 13
core   0: 3 0x80006498 (0x8a35) x12 0x00000000
core   0: 0x8000649a (0x99a96a17) auipc   s4, 0x99a96
core   0: 3 0x8000649a (0x99a96a17) x20 0x19a9c49a
core   0: 0x8000649e (0x10c20313) addi    t1, tp, 268
core   0: 3 0x8000649e (0x10c20313) x6  0x000002d0
core   0: 0x800064a2 (0x00181f63) bne     a6, ra, pc + 30
core   0: 3 0x800064a2 (0x00181f63)
core   0: 0x800064c0 (0x00005c7d) c.li    s8, -1
core   0: 3 0x800064c0 (0x5c7d) x24 0xffffffff
core   0: 0x800064c2 (0x00647ab3) and     s5, s0, t1
core   0: 3 0x800064c2 (0x00647ab3) x21 0x00000000
core   0: 0x800064c6 (0x0023d693) srli    a3, t2, 2
core   0: 3 0x800064c6 (0x0023d693) x13 0x00000000
core   0: 0x800064ca (0x00000001) c.nop
core   0: 3 0x800064ca (0x0001)
core   0: 0x800064cc (0x00008f35) c.xor   a4, a3
core   0: 3 0x800064cc (0x8f35) x14 0x00000000
core   0: 0x800064ce (0x03839b63) bne     t2, s8, pc + 54
core   0: 3 0x800064ce (0x03839b63)
core   0: 0x80006504 (0x03c35f33) divu    t5, t1, t3
core   0: 3 0x80006504 (0x03c35f33) x30 0x00000000
core   0: 0x80006508 (0x00009cbe) c.add   s9, a5
core   0: 3 0x80006508 (0x9cbe) x25 0x00000641
core   0: 0x8000650a (0x023411b3) mulh    gp, s0, gp
core   0: 3 0x8000650a (0x023411b3) x3  0x00000000
core   0: 0x8000650e (0x00009a7d) c.andi  a2, -1
core   0: 3 0x8000650e (0x9a7d) x12 0x00000000
core   0: 0x80006510 (0xc412c013) xori    zero, t0, -959
core   0: 3 0x80006510 (0xc412c013)
core   0: 0x80006514 (0x412ad733) sra     a4, s5, s2
core   0: 3 0x80006514 (0x412ad733) x14 0x00000000
core   0: 0x80006518 (0x01701033) sll     zero, zero, s7
core   0: 3 0x80006518 (0x01701033)
core   0: 0x8000651c (0x005b5f63) bge     s6, t0, pc + 30
core   0: 3 0x8000651c (0x005b5f63)
core   0: 0x80006520 (0x0000835d) c.srli  a4, 23
core   0: 3 0x80006520 (0x835d) x14 0x00000000
core   0: 0x80006522 (0x00000c9e) c.slli  s9, 7
core   0: 3 0x80006522 (0x0c9e) x25 0x00032080
core   0: 0x80006524 (0x000060a1) c.lui   ra, 0x8
core   0: 3 0x80006524 (0x60a1) x1  0x00008000
core   0: 0x80006526 (0x0000803d) c.srli  s0, 15
core   0: 3 0x80006526 (0x803d) x8  0x00000000
core   0: 0x80006528 (0x0153c433) xor     s0, t2, s5
core   0: 3 0x80006528 (0x0153c433) x8  0x00000000
core   0: 0x8000652c (0x05229263) bne     t0, s2, pc + 68
core   0: 3 0x8000652c (0x05229263)
core   0: 0x80006570 (0x00f57a33) and     s4, a0, a5
core   0: 3 0x80006570 (0x00f57a33) x20 0x00000000
core   0: 0x80006574 (0x01e8a4b3) slt     s1, a7, t5
core   0: 3 0x80006574 (0x01e8a4b3) x9  0x00000001
core   0: 0x80006578 (0x014e1f93) slli    t6, t3, 20
core   0: 3 0x80006578 (0x014e1f93) x31 0xb9300000
core   0: 0x8000657c (0x00006121) c.addi16sp sp, 64
core   0: 3 0x8000657c (0x6121) x2  0x0000003f
core   0: 0x8000657e (0x41875113) srai    sp, a4, 24
core   0: 3 0x8000657e (0x41875113) x2  0x00000000
core   0: 0x80006582 (0x0138f1b3) and     gp, a7, s3
core   0: 3 0x80006582 (0x0138f1b3) x3  0x00000000
core   0: 0x80006586 (0x0216ee63) bltu    a3, ra, pc + 60
core   0: 3 0x80006586 (0x0216ee63)
core   0: 0x800065c2 (0x00000001) c.nop
core   0: 3 0x800065c2 (0x0001)
core   0: 0x800065c4 (0x00008fa5) c.xor   a5, s1
core   0: 3 0x800065c4 (0x8fa5) x15 0x00000641
core   0: 0x800065c6 (0x00009a3e) c.add   s4, a5
core   0: 3 0x800065c6 (0x9a3e) x20 0x00000641
core   0: 0x800065c8 (0x41ded933) sra     s2, t4, t4
core   0: 3 0x800065c8 (0x41ded933) x18 0xfffffb95
core   0: 0x800065cc (0x4c49f993) andi    s3, s3, 1220
core   0: 3 0x800065cc (0x4c49f993) x19 0x00000000
core   0: 0x800065d0 (0x00001e90) c.addi4spn a2, sp, 880
core   0: 3 0x800065d0 (0x1e90) x12 0x00000370
core   0: 0x800065d2 (0xe3a46b13) ori     s6, s0, -454
core   0: 3 0x800065d2 (0xe3a46b13) x22 0xfffffe3a
core   0: 0x800065d6 (0x0bca6013) ori     zero, s4, 188
core   0: 3 0x800065d6 (0x0bca6013)
core   0: 0x800065da (0x01dadd93) srli    s11, s5, 29
core   0: 3 0x800065da (0x01dadd93) x27 0x00000000
core   0: 0x800065de (0x00000001) c.nop
core   0: 3 0x800065de (0x0001)
core   0: 0x800065e0 (0x00008fe1) c.and   a5, s0
core   0: 3 0x800065e0 (0x8fe1) x15 0x00000000
core   0: 0x800065e2 (0x00395993) srli    s3, s2, 3
core   0: 3 0x800065e2 (0x00395993) x19 0x1fffff72
core   0: 0x800065e6 (0xe7c3fb93) andi    s7, t2, -388
core   0: 3 0x800065e6 (0xe7c3fb93) x23 0x00000000
core   0: 0x800065ea (0x0000517d) c.li    sp, -1
core   0: 3 0x800065ea (0x517d) x2  0xffffffff
core   0: 0x800065ec (0x00008e09) c.sub   a2, a0
core   0: 3 0x800065ec (0x8e09) x12 0x00000370
core   0: 0x800065ee (0x01e94963) blt     s2, t5, pc + 18
core   0: 3 0x800065ee (0x01e94963)
core   0: 0x80006600 (0x00001b88) c.addi4spn a0, sp, 496
core   0: 3 0x80006600 (0x1b88) x10 0x000001ef
core   0: 0x80006602 (0x000087cd) c.srai  a5, 19
core   0: 3 0x80006602 (0x87cd) x15 0x00000000
core   0: 0x80006604 (0xe735a313) slti    t1, a1, -397
core   0: 3 0x80006604 (0xe735a313) x6  0x00000001
core   0: 0x80006608 (0x00d5d263) bge     a1, a3, pc + 4
core   0: 3 0x80006608 (0x00d5d263)
core   0: 0x8000660c (0x030ea133) mulhsu  sp, t4, a6
core   0: 3 0x8000660c (0x030ea133) x2  0xdee901ec
core   0: 0x80006610 (0x000003d6) c.slli  t2, 21
core   0: 3 0x80006610 (0x03d6) x7  0x00000000
core   0: 0x80006612 (0x02e95163) bge     s2, a4, pc + 34
core   0: 3 0x80006612 (0x02e95163)
core   0: 0x80006616 (0x03ea5163) bge     s4, t5, pc + 34
core   0: 3 0x80006616 (0x03ea5163)
core   0: 0x80006638 (0x00008e4d) c.or    a2, a1
core   0: 3 0x80006638 (0x8e4d) x12 0x80025f70
core   0: 0x8000663a (0x00006b39) c.lui   s6, 0xe
core   0: 3 0x8000663a (0x6b39) x22 0x0000e000
core   0: 0x8000663c (0x00009c76) c.add   s8, t4
core   0: 3 0x8000663c (0x9c76) x24 0xb95ea3d3
core   0: 0x8000663e (0x006a4663) blt     s4, t1, pc + 12
core   0: 3 0x8000663e (0x006a4663)
core   0: 0x80006642 (0x0075d0b3) srl     ra, a1, t2
core   0: 3 0x80006642 (0x0075d0b3) x1  0x80025e50
core   0: 0x80006646 (0x21454e13) xori    t3, a0, 532
core   0: 3 0x80006646 (0x21454e13) x28 0x000003fb
core   0: 0x8000664a (0x01bff3b3) and     t2, t6, s11
core   0: 3 0x8000664a (0x01bff3b3) x7  0x00000000
core   0: 0x8000664e (0x03c7c863) blt     a5, t3, pc + 48
core   0: 3 0x8000664e (0x03c7c863)
core   0: 0x8000667e (0x0000e105) c.bnez  a0, pc + 32
core   0: 3 0x8000667e (0xe105)
core   0: 0x8000669e (0x00008d59) c.or    a0, a4
core   0: 3 0x8000669e (0x8d59) x10 0x000001ef
core   0: 0x800066a0 (0x00fe6bb3) or      s7, t3, a5
core   0: 3 0x800066a0 (0x00fe6bb3) x23 0x000003fb
core   0: 0x800066a4 (0x000091fa) c.add   gp, t5
core   0: 3 0x800066a4 (0x91fa) x3  0x00000000
core   0: 0x800066a6 (0x0217fbb3) remu    s7, a5, ra
core   0: 3 0x800066a6 (0x0217fbb3) x23 0x00000000
core   0: 0x800066aa (0x04aec063) blt     t4, a0, pc + 64
core   0: 3 0x800066aa (0x04aec063)
core   0: 0x800066ea (0x1b15bc93) sltiu   s9, a1, 433
core   0: 3 0x800066ea (0x1b15bc93) x25 0x00000000
core   0: 0x800066ee (0x012b5793) srli    a5, s6, 18
core   0: 3 0x800066ee (0x012b5793) x15 0x00000000
core   0: 0x800066f2 (0x00006c39) c.lui   s8, 0xe
core   0: 3 0x800066f2 (0x6c39) x24 0x0000e000
core   0: 0x800066f4 (0x1e50be13) sltiu   t3, ra, 485
core   0: 3 0x800066f4 (0x1e50be13) x28 0x00000000
core   0: 0x800066f8 (0x40155333) sra     t1, a0, ra
core   0: 3 0x800066f8 (0x40155333) x6  0x00000000
core   0: 0x800066fc (0x00006ef1) c.lui   t4, 0x1c
core   0: 3 0x800066fc (0x6ef1) x29 0x0001c000
core   0: 0x800066fe (0x62a6f713) andi    a4, a3, 1578
core   0: 3 0x800066fe (0x62a6f713) x14 0x00000000
core   0: 0x80006702 (0x00000001) c.nop
core   0: 3 0x80006702 (0x0001)
core   0: 0x80006704 (0x002b5113) srli    sp, s6, 2
core   0: 3 0x80006704 (0x002b5113) x2  0x00003800
core   0: 0x80006708 (0x00b7df93) srli    t6, a5, 11
core   0: 3 0x80006708 (0x00b7df93) x31 0x00000000
core   0: 0x8000670c (0x02b9a433) mulhsu  s0, s3, a1
core   0: 3 0x8000670c (0x02b9a433) x8  0x10004b82
core   0: 0x80006710 (0x0203f1b3) remu    gp, t2, zero
core   0: 3 0x80006710 (0x0203f1b3) x3  0x00000000
core   0: 0x80006714 (0x0390e163) bltu    ra, s9, pc + 34
core   0: 3 0x80006714 (0x0390e163)
core   0: 0x80006718 (0x959cf413) andi    s0, s9, -1703
core   0: 3 0x80006718 (0x959cf413) x8  0x00000000
core   0: 0x8000671c (0x0382c063) blt     t0, s8, pc + 32
core   0: 3 0x8000671c (0x0382c063)
core   0: 0x8000673c (0x0f454163) blt     a0, s4, pc + 226
core   0: 3 0x8000673c (0x0f454163)
core   0: 0x8000681e (0x0000970e) c.add   a4, gp
core   0: 3 0x8000681e (0x970e) x14 0x00000000
core   0: 0x80006820 (0xd2c8e217) auipc   tp, 0xd2c8e
core   0: 3 0x80006820 (0xd2c8e217) x4  0x52c94820
core   0: 0x80006824 (0x000088f1) c.andi  s1, 28
core   0: 3 0x80006824 (0x88f1) x9  0x00000000
core   0: 0x80006826 (0x63afc297) auipc   t0, 0x63afc
core   0: 3 0x80006826 (0x63afc297) x5  0xe3b02826
core   0: 0x8000682a (0x326cc113) xori    sp, s9, 806
core   0: 3 0x8000682a (0x326cc113) x2  0x00000326
core   0: 0x8000682e (0x0138bd33) sltu    s10, a7, s3
core   0: 3 0x8000682e (0x0138bd33) x26 0x00000000
core   0: 0x80006832 (0x00d05093) srli    ra, zero, 13
core   0: 3 0x80006832 (0x00d05093) x1  0x00000000
core   0: 0x80006836 (0x1f2cb493) sltiu   s1, s9, 498
core   0: 3 0x80006836 (0x1f2cb493) x9  0x00000001
core   0: 0x8000683a (0x01a3d093) srli    ra, t2, 26
core   0: 3 0x8000683a (0x01a3d093) x1  0x00000000
core   0: 0x8000683e (0x00008eed) c.and   a3, a1
core   0: 3 0x8000683e (0x8eed) x13 0x00000000
core   0: 0x80006840 (0xfaa34493) xori    s1, t1, -86
core   0: 3 0x80006840 (0xfaa34493) x9  0xffffffaa
core   0: 0x80006844 (0x00499713) slli    a4, s3, 4
core   0: 3 0x80006844 (0x00499713) x14 0xfffff720
core   0: 0x80006848 (0x03a332b3) mulhu   t0, t1, s10
core   0: 3 0x80006848 (0x03a332b3) x5  0x00000000
core   0: 0x8000684c (0x00008fc9) c.or    a5, a0
core   0: 3 0x8000684c (0x8fc9) x15 0x000001ef
core   0: 0x8000684e (0x3a047113) andi    sp, s0, 928
core   0: 3 0x8000684e (0x3a047113) x2  0x00000000
core   0: 0x80006852 (0x00008aca) c.mv    s5, s2
core   0: 3 0x80006852 (0x8aca) x21 0xfffffb95
core   0: 0x80006854 (0x00008369) c.srli  a4, 26
core   0: 3 0x80006854 (0x8369) x14 0x0000003f
core   0: 0x80006856 (0x00008e1e) c.mv    t3, t2
core   0: 3 0x80006856 (0x8e1e) x28 0x00000000
core   0: 0x80006858 (0x02c8c063) blt     a7, a2, pc + 32
core   0: 3 0x80006858 (0x02c8c063)
core   0: 0x8000685c (0x6dd7cb93) xori    s7, a5, 1757
core   0: 3 0x8000685c (0x6dd7cb93) x23 0x00000732
core   0: 0x80006860 (0x000006ee) c.slli  a3, 27
core   0: 3 0x80006860 (0x06ee) x13 0x00000000
core   0: 0x80006862 (0x022c7033) remu    zero, s8, sp
core   0: 3 0x80006862 (0x022c7033)
core   0: 0x80006866 (0x43871e97) auipc   t4, 0x43871
core   0: 3 0x80006866 (0x43871e97) x29 0xc3877866
core   0: 0x8000686a (0x00054a33) xor     s4, a0, zero
core   0: 3 0x8000686a (0x00054a33) x20 0x000001ef
core   0: 0x8000686e (0x01026033) or      zero, tp, a6
core   0: 3 0x8000686e (0x01026033)
core   0: 0x80006872 (0x00008c25) c.xor   s0, s1
core   0: 3 0x80006872 (0x8c25) x8  0xffffffaa
core   0: 0x80006874 (0x09b05517) auipc   a0, 0x9b05
core   0: 3 0x80006874 (0x09b05517) x10 0x89b0b874
core   0: 0x80006878 (0x56d90393) addi    t2, s2, 1389
core   0: 3 0x80006878 (0x56d90393) x7  0x00000102
core   0: 0x8000687c (0x00008c3d) c.xor   s0, a5
core   0: 3 0x8000687c (0x8c3d) x8  0xfffffe45
core   0: 0x8000687e (0x3c2f3f93) sltiu   t6, t5, 962
core   0: 3 0x8000687e (0x3c2f3f93) x31 0x00000001
core   0: 0x80006882 (0x00008c19) c.sub   s0, a4
core   0: 3 0x80006882 (0x8c19) x8  0xfffffe06
core   0: 0x80006884 (0x3ec79737) lui     a4, 0x3ec79
core   0: 3 0x80006884 (0x3ec79737) x14 0x3ec79000
core   0: 0x80006888 (0x00008e45) c.or    a2, s1
core   0: 3 0x80006888 (0x8e45) x12 0xfffffffa
core   0: 0x8000688a (0x03a90233) mul     tp, s2, s10
core   0: 3 0x8000688a (0x03a90233) x4  0x00000000
core   0: 0x8000688e (0x03038063) beq     t2, a6, pc + 32
core   0: 3 0x8000688e (0x03038063)
core   0: 0x80006892 (0x419409b3) sub     s3, s0, s9
core   0: 3 0x80006892 (0x419409b3) x19 0xfffffe06
core   0: 0x80006896 (0x000067d9) c.lui   a5, 0x16
core   0: 3 0x80006896 (0x67d9) x15 0x00016000
core   0: 0x80006898 (0x0378fd33) remu    s10, a7, s7
core   0: 3 0x80006898 (0x0378fd33) x26 0x00000304
core   0: 0x8000689c (0x0000825d) c.srli  a2, 23
core   0: 3 0x8000689c (0x825d) x12 0x000001ff
core   0: 0x8000689e (0x0120f2b3) and     t0, ra, s2
core   0: 3 0x8000689e (0x0120f2b3) x5  0x00000000
core   0: 0x800068a2 (0x00588a63) beq     a7, t0, pc + 20
core   0: 3 0x800068a2 (0x00588a63)
core   0: 0x800068a6 (0x000057fd) c.li    a5, -1
core   0: 3 0x800068a6 (0x57fd) x15 0xffffffff
core   0: 0x800068a8 (0x00001b7d) c.addi  s6, -1
core   0: 3 0x800068a8 (0x1b7d) x22 0x0000dfff
core   0: 0x800068aa (0x41f9d3b3) sra     t2, s3, t6
core   0: 3 0x800068aa (0x41f9d3b3) x7  0xffffff03
core   0: 0x800068ae (0x0227f433) remu    s0, a5, sp
core   0: 3 0x800068ae (0x0227f433) x8  0xffffffff
core   0: 0x800068b2 (0x0000ca9d) c.beqz  a3, pc + 54
core   0: 3 0x800068b2 (0xca9d)
core   0: 0x800068e8 (0x00b71293) slli    t0, a4, 11
core   0: 3 0x800068e8 (0x00b71293) x5  0x3c800000
core   0: 0x800068ec (0x00000001) c.nop
core   0: 3 0x800068ec (0x0001)
core   0: 0x800068ee (0x020164b3) rem     s1, sp, zero
core   0: 3 0x800068ee (0x020164b3) x9  0x00000000
core   0: 0x800068f2 (0x00008e41) c.or    a2, s0
core   0: 3 0x800068f2 (0x8e41) x12 0xffffffff
core   0: 0x800068f4 (0x0220aeb3) mulhsu  t4, ra, sp
core   0: 3 0x800068f4 (0x0220aeb3) x29 0x00000000
core   0: 0x800068f8 (0x000d6333) or      t1, s10, zero
core   0: 3 0x800068f8 (0x000d6333) x6  0x00000304
core   0: 0x800068fc (0x00009bfd) c.andi  a5, -1
core   0: 3 0x800068fc (0x9bfd) x15 0xffffffff
core   0: 0x800068fe (0x00008099) c.srli  s1, 6
core   0: 3 0x800068fe (0x8099) x9  0x00000000
core   0: 0x80006900 (0x01b0e4b3) or      s1, ra, s11
core   0: 3 0x80006900 (0x01b0e4b3) x9  0x00000000
core   0: 0x80006904 (0xdf5baa13) slti    s4, s7, -523
core   0: 3 0x80006904 (0xdf5baa13) x20 0x00000000
core   0: 0x80006908 (0x48d90b93) addi    s7, s2, 1165
core   0: 3 0x80006908 (0x48d90b93) x23 0x00000022
core   0: 0x8000690c (0x02c7df33) divu    t5, a5, a2
core   0: 3 0x8000690c (0x02c7df33) x30 0x00000001
core   0: 0x80006910 (0x02789c63) bne     a7, t2, pc + 56
core   0: 3 0x80006910 (0x02789c63)
core   0: 0x80006948 (0x00805e63) bge     zero, s0, pc + 28
core   0: 3 0x80006948 (0x00805e63)
core   0: 0x80006964 (0x0170ffb3) and     t6, ra, s7
core   0: 3 0x80006964 (0x0170ffb3) x31 0x00000000
core   0: 0x80006968 (0x00009472) c.add   s0, t3
core   0: 3 0x80006968 (0x9472) x8  0xffffffff
core   0: 0x8000696a (0x00049c33) sll     s8, s1, zero
core   0: 3 0x8000696a (0x00049c33) x24 0x00000000
core   0: 0x8000696e (0x02877263) bgeu    a4, s0, pc + 36
core   0: 3 0x8000696e (0x02877263)
core   0: 0x80006972 (0x0000c019) c.beqz  s0, pc + 6
core   0: 3 0x80006972 (0xc019)
core   0: 0x80006974 (0x0226a7b3) mulhsu  a5, a3, sp
core   0: 3 0x80006974 (0x0226a7b3) x15 0x00000000
core   0: 0x80006978 (0x01254db3) xor     s11, a0, s2
core   0: 3 0x80006978 (0x01254db3) x27 0x764f43e1
core   0: 0x8000697c (0x00ea3ab3) sltu    s5, s4, a4
core   0: 3 0x8000697c (0x00ea3ab3) x21 0x00000001
core   0: 0x80006980 (0x01242233) slt     tp, s0, s2
core   0: 3 0x80006980 (0x01242233) x4  0x00000000
core   0: 0x80006984 (0x00000090) c.addi4spn a2, sp, 64
core   0: 3 0x80006984 (0x0090) x12 0x00000040
core   0: 0x80006986 (0x0169e0b3) or      ra, s3, s6
core   0: 3 0x80006986 (0x0169e0b3) x1  0xffffffff
core   0: 0x8000698a (0x41a15993) srai    s3, sp, 26
core   0: 3 0x8000698a (0x41a15993) x19 0x00000000
core   0: 0x8000698e (0x0000c781) c.beqz  a5, pc + 8
core   0: 3 0x8000698e (0xc781)
core   0: 0x80006996 (0x01eceab3) or      s5, s9, t5
core   0: 3 0x80006996 (0x01eceab3) x21 0x00000001
core   0: 0x8000699a (0x0175dab3) srl     s5, a1, s7
core   0: 3 0x8000699a (0x0175dab3) x21 0x20009794
core   0: 0x8000699e (0x00008d69) c.and   a0, a0
core   0: 3 0x8000699e (0x8d69) x10 0x89b0b874
core   0: 0x800069a0 (0x00fcc3b3) xor     t2, s9, a5
core   0: 3 0x800069a0 (0x00fcc3b3) x7  0x00000000
core   0: 0x800069a4 (0x00000246) c.slli  tp, 17
core   0: 3 0x800069a4 (0x0246) x4  0x00000000
core   0: 0x800069a6 (0x00000001) c.nop
core   0: 3 0x800069a6 (0x0001)
core   0: 0x800069a8 (0x01ac72b3) and     t0, s8, s10
core   0: 3 0x800069a8 (0x01ac72b3) x5  0x00000000
core   0: 0x800069ac (0x0235ee63) bltu    a1, gp, pc + 60
core   0: 3 0x800069ac (0x0235ee63)
core   0: 0x800069b0 (0x9dbf2e93) slti    t4, t5, -1573
core   0: 3 0x800069b0 (0x9dbf2e93) x29 0x00000000
core   0: 0x800069b4 (0x14360e13) addi    t3, a2, 323
core   0: 3 0x800069b4 (0x14360e13) x28 0x00000183
core   0: 0x800069b8 (0x000069b5) c.lui   s3, 0xd
core   0: 3 0x800069b8 (0x69b5) x19 0x0000d000
core   0: 0x800069ba (0x020d5263) bgez    s10, pc + 36
core   0: 3 0x800069ba (0x020d5263)
core   0: 0x800069de (0x00008ea9) c.xor   a3, a0
core   0: 3 0x800069de (0x8ea9) x13 0x89b0b874
core   0: 0x800069e0 (0x026053b3) divu    t2, zero, t1
core   0: 3 0x800069e0 (0x026053b3) x7  0x00000000
core   0: 0x800069e4 (0x01ae3db3) sltu    s11, t3, s10
core   0: 3 0x800069e4 (0x01ae3db3) x27 0x00000001
core   0: 0x800069e8 (0x000082b9) c.srli  a3, 14
core   0: 3 0x800069e8 (0x82b9) x13 0x000226c2
core   0: 0x800069ea (0x00008ef1) c.and   a3, a2
core   0: 3 0x800069ea (0x8ef1) x13 0x00000040
core   0: 0x800069ec (0x030291b3) mulh    gp, t0, a6
core   0: 3 0x800069ec (0x030291b3) x3  0x00000000
core   0: 0x800069f0 (0x019d3cb3) sltu    s9, s10, s9
core   0: 3 0x800069f0 (0x019d3cb3) x25 0x00000000
core   0: 0x800069f4 (0x02e0cdb3) div     s11, ra, a4
core   0: 3 0x800069f4 (0x02e0cdb3) x27 0x00000000
core   0: 0x800069f8 (0x0106ca33) xor     s4, a3, a6
core   0: 3 0x800069f8 (0x0106ca33) x20 0x77ef29bf
core   0: 0x800069fc (0x011d4233) xor     tp, s10, a7
core   0: 3 0x800069fc (0x011d4233) x4  0x80029fe0
core   0: 0x80006a00 (0xe132eb13) ori     s6, t0, -493
core   0: 3 0x80006a00 (0xe132eb13) x22 0xfffffe13
core   0: 0x80006a04 (0x0000827d) c.srli  a2, 31
core   0: 3 0x80006a04 (0x827d) x12 0x00000000
core   0: 0x80006a06 (0x016aed63) bltu    s5, s6, pc + 26
core   0: 3 0x80006a06 (0x016aed63)
core   0: 0x80006a20 (0x013a3033) sltu    zero, s4, s3
core   0: 3 0x80006a20 (0x013a3033)
core   0: 0x80006a24 (0x00000001) c.nop
core   0: 3 0x80006a24 (0x0001)
core   0: 0x80006a26 (0x034cfab3) remu    s5, s9, s4
core   0: 3 0x80006a26 (0x034cfab3) x21 0x00000000
core   0: 0x80006a2a (0x004aac33) slt     s8, s5, tp
core   0: 3 0x80006a2a (0x004aac33) x24 0x00000000
core   0: 0x80006a2e (0xbc742bb7) lui     s7, 0xbc742
core   0: 3 0x80006a2e (0xbc742bb7) x23 0xbc742000
core   0: 0x80006a32 (0x00008b3e) c.mv    s6, a5
core   0: 3 0x80006a32 (0x8b3e) x22 0x00000000
core   0: 0x80006a34 (0x02009233) mulh    tp, ra, zero
core   0: 3 0x80006a34 (0x02009233) x4  0x00000000
core   0: 0x80006a38 (0x0191f1b3) and     gp, gp, s9
core   0: 3 0x80006a38 (0x0191f1b3) x3  0x00000000
core   0: 0x80006a3c (0x00000001) c.nop
core   0: 3 0x80006a3c (0x0001)
core   0: 0x80006a3e (0x0f727563) bgeu    tp, s7, pc + 234
core   0: 3 0x80006a3e (0x0f727563)
core   0: 0x80006a42 (0x0000a117) auipc   sp, 0xa
core   0: 3 0x80006a42 (0x0000a117) x2  0x80010a42
core   0: 0x80006a46 (0x97910113) addi    sp, sp, -1671
core   0: 3 0x80006a46 (0x97910113) x2  0x800103bb
core   0: 0x80006a4a (0x20414503) lbu     a0, 516(sp)
core   0: 3 0x80006a4a (0x20414503) x10 0x00000000 mem 0x800105bf
core   0: 0x80006a4e (0x52a11ea3) sh      a0, 1341(sp)
core   0: 3 0x80006a4e (0x52a11ea3) mem 0x800108f8 0x0000
core   0: 0x80006a52 (0x2db11ea3) sh      s11, 733(sp)
core   0: 3 0x80006a52 (0x2db11ea3) mem 0x80010698 0x0000
core   0: 0x80006a56 (0x29510c03) lb      s8, 661(sp)
core   0: 3 0x80006a56 (0x29510c03) x24 0x00000000 mem 0x80010650
core   0: 0x80006a5a (0x36b15c03) lhu     s8, 875(sp)
core   0: 3 0x80006a5a (0x36b15c03) x24 0x00000000 mem 0x80010726
core   0: 0x80006a5e (0x029dd4b3) divu    s1, s11, s1
core   0: 3 0x80006a5e (0x029dd4b3) x9  0xffffffff
core   0: 0x80006a62 (0x00008c45) c.or    s0, s1
core   0: 3 0x80006a62 (0x8c45) x8  0xffffffff
core   0: 0x80006a64 (0x40aadc33) sra     s8, s5, a0
core   0: 3 0x80006a64 (0x40aadc33) x24 0x00000000
core   0: 0x80006a68 (0x6f014503) lbu     a0, 1776(sp)
core   0: 3 0x80006a68 (0x6f014503) x10 0x00000000 mem 0x80010aab
core   0: 0x80006a6c (0x0294bab3) mulhu   s5, s1, s1
core   0: 3 0x80006a6c (0x0294bab3) x21 0xfffffffe
core   0: 0x80006a70 (0x7ea14a83) lbu     s5, 2026(sp)
core   0: 3 0x80006a70 (0x7ea14a83) x21 0x00000000 mem 0x80010ba5
core   0: 0x80006a74 (0x7f714c03) lbu     s8, 2039(sp)
core   0: 3 0x80006a74 (0x7f714c03) x24 0x00000000 mem 0x80010bb2
core   0: 0x80006a78 (0x1bb10ea3) sb      s11, 445(sp)
core   0: 3 0x80006a78 (0x1bb10ea3) mem 0x80010578 0x00
core   0: 0x80006a7c (0x1f810ca3) sb      s8, 505(sp)
core   0: 3 0x80006a7c (0x1f810ca3) mem 0x800105b4 0x00
core   0: 0x80006a80 (0x03b44db3) div     s11, s0, s11
core   0: 3 0x80006a80 (0x03b44db3) x27 0xffffffff
core   0: 0x80006a84 (0x50910ba3) sb      s1, 1303(sp)
core   0: 3 0x80006a84 (0x50910ba3) mem 0x800108d2 0xff
core   0: 0x80006a88 (0x035adc33) divu    s8, s5, s5
core   0: 3 0x80006a88 (0x035adc33) x24 0xffffffff
core   0: 0x80006a8c (0x1ea115a3) sh      a0, 491(sp)
core   0: 3 0x80006a8c (0x1ea115a3) mem 0x800105a6 0x0000
core   0: 0x80006a90 (0x00009de2) c.add   s11, s8
core   0: 3 0x80006a90 (0x9de2) x27 0xfffffffe
core   0: 0x80006a92 (0xe5ca8d93) addi    s11, s5, -420
core   0: 3 0x80006a92 (0xe5ca8d93) x27 0xfffffe5c
core   0: 0x80006a96 (0x035d8db3) mul     s11, s11, s5
core   0: 3 0x80006a96 (0x035d8db3) x27 0x00000000
core   0: 0x80006a9a (0x0000050a) c.slli  a0, 2
core   0: 3 0x80006a9a (0x050a) x10 0x00000000
core   0: 0x80006a9c (0x01846c33) or      s8, s0, s8
core   0: 3 0x80006a9c (0x01846c33) x24 0xffffffff
core   0: 0x80006aa0 (0x095117a3) sh      s5, 143(sp)
core   0: 3 0x80006aa0 (0x095117a3) mem 0x8001044a 0x0000
core   0: 0x80006aa4 (0x00008d61) c.and   a0, s0
core   0: 3 0x80006aa4 (0x8d61) x10 0x00000000
core   0: 0x80006aa6 (0xf2fb9a97) auipc   s5, 0xf2fb9
core   0: 3 0x80006aa6 (0xf2fb9a97) x21 0x72fbfaa6
core   0: 0x80006aaa (0x1b510c23) sb      s5, 440(sp)
core   0: 3 0x80006aaa (0x1b510c23) mem 0x80010573 0xa6
core   0: 0x80006aae (0xde912503) lw      a0, -535(sp)
core   0: 3 0x80006aae (0xde912503) x10 0x00000000 mem 0x800101a4
core   0: 0x80006ab2 (0xe0515a83) lhu     s5, -507(sp)
core   0: 3 0x80006ab2 (0xe0515a83) x21 0x00000000 mem 0x800101c0
core   0: 0x80006ab6 (0x00ada533) slt     a0, s11, a0
core   0: 3 0x80006ab6 (0x00ada533) x10 0x00000000
core   0: 0x80006aba (0x00008565) c.srai  a0, 25
core   0: 3 0x80006aba (0x8565) x10 0x00000000
core   0: 0x80006abc (0x69a10a83) lb      s5, 1690(sp)
core   0: 3 0x80006abc (0x69a10a83) x21 0x00000000 mem 0x80010a55
core   0: 0x80006ac0 (0xd8810523) sb      s0, -630(sp)
core   0: 3 0x80006ac0 (0xd8810523) mem 0x80010145 0xff
core   0: 0x80006ac4 (0x00000aa6) c.slli  s5, 9
core   0: 3 0x80006ac4 (0x0aa6) x21 0x00000000
core   0: 0x80006ac6 (0x409ad413) srai    s0, s5, 9
core   0: 3 0x80006ac6 (0x409ad413) x8  0x00000000
core   0: 0x80006aca (0xd9414a83) lbu     s5, -620(sp)
core   0: 3 0x80006aca (0xd9414a83) x21 0x00000000 mem 0x8001014f
core   0: 0x80006ace (0x01554533) xor     a0, a0, s5
core   0: 3 0x80006ace (0x01554533) x10 0x00000000
core   0: 0x80006ad2 (0xa4eae513) ori     a0, s5, -1458
core   0: 3 0x80006ad2 (0xa4eae513) x10 0xfffffa4e
core   0: 0x80006ad6 (0x38c14a83) lbu     s5, 908(sp)
core   0: 3 0x80006ad6 (0x38c14a83) x21 0x00000000 mem 0x80010747
core   0: 0x80006ada (0x00855533) srl     a0, a0, s0
core   0: 3 0x80006ada (0x00855533) x10 0xfffffa4e
core   0: 0x80006ade (0x00000001) c.nop
core   0: 3 0x80006ade (0x0001)
core   0: 0x80006ae0 (0x5eb7a537) lui     a0, 0x5eb7a
core   0: 3 0x80006ae0 (0x5eb7a537) x10 0x5eb7a000
core   0: 0x80006ae4 (0x00008556) c.mv    a0, s5
core   0: 3 0x80006ae4 (0x8556) x10 0x00000000
core   0: 0x80006ae6 (0x6b111a83) lh      s5, 1713(sp)
core   0: 3 0x80006ae6 (0x6b111a83) x21 0x00000000 mem 0x80010a6c
core   0: 0x80006aea (0x34c10d83) lb      s11, 844(sp)
core   0: 3 0x80006aea (0x34c10d83) x27 0x00000000 mem 0x80010707
core   0: 0x80006aee (0xf6a14483) lbu     s1, -150(sp)
core   0: 3 0x80006aee (0xf6a14483) x9  0x00000000 mem 0x80010325
core   0: 0x80006af2 (0x1d610503) lb      a0, 470(sp)
core   0: 3 0x80006af2 (0x1d610503) x10 0x00000000 mem 0x80010591
core   0: 0x80006af6 (0x8a7abd93) sltiu   s11, s5, -1881
core   0: 3 0x80006af6 (0x8a7abd93) x27 0x00000001
core   0: 0x80006afa (0x019add93) srli    s11, s5, 25
core   0: 3 0x80006afa (0x019add93) x27 0x00000000
core   0: 0x80006afe (0xf387b537) lui     a0, 0xf387b
core   0: 3 0x80006afe (0xf387b537) x10 0xf387b000
core   0: 0x80006b02 (0x0000809d) c.srli  s1, 7
core   0: 3 0x80006b02 (0x809d) x9  0x00000000
core   0: 0x80006b04 (0x035dc433) div     s0, s11, s5
core   0: 3 0x80006b04 (0x035dc433) x8  0xffffffff
core   0: 0x80006b08 (0x10210503) lb      a0, 258(sp)
core   0: 3 0x80006b08 (0x10210503) x10 0x00000000 mem 0x800104bd
core   0: 0x80006b0c (0xae544013) xori    zero, s0, -1307
core   0: 3 0x80006b0c (0xae544013)
core   0: 0x80006b10 (0x00f72133) slt     sp, a4, a5
core   0: 3 0x80006b10 (0x00f72133) x2  0x00000000
core   0: 0x80006b14 (0x00008672) c.mv    a2, t3
core   0: 3 0x80006b14 (0x8672) x12 0x00000183
core   0: 0x80006b16 (0x41b7d233) sra     tp, a5, s11
core   0: 3 0x80006b16 (0x41b7d233) x4  0x00000000
core   0: 0x80006b1a (0x00008f65) c.and   a4, s1
core   0: 3 0x80006b1a (0x8f65) x14 0x00000000
core   0: 0x80006b1c (0x00006e31) c.lui   t3, 0xc
core   0: 3 0x80006b1c (0x6e31) x28 0x0000c000
core   0: 0x80006b1e (0x00008629) c.srai  a2, 10
core   0: 3 0x80006b1e (0x8629) x12 0x00000000
core   0: 0x80006b20 (0x02ada233) mulhsu  tp, s11, a0
core   0: 3 0x80006b20 (0x02ada233) x4  0x00000000
core   0: 0x80006b24 (0x03d6ba33) mulhu   s4, a3, t4
core   0: 3 0x80006b24 (0x03d6ba33) x20 0x00000000
core   0: 0x80006b28 (0x00006135) c.addi16sp sp, 352
core   0: 3 0x80006b28 (0x6135) x2  0x00000160
core   0: 0x80006b2a (0x03bb5763) bge     s6, s11, pc + 46
core   0: 3 0x80006b2a (0x03bb5763)
core   0: 0x80006b58 (0x00006109) c.addi16sp sp, 128
core   0: 3 0x80006b58 (0x6109) x2  0x000001e0
core   0: 0x80006b5a (0x00008d69) c.and   a0, a0
core   0: 3 0x80006b5a (0x8d69) x10 0x00000000
core   0: 0x80006b5c (0x03846363) bltu    s0, s8, pc + 38
core   0: 3 0x80006b5c (0x03846363)
core   0: 0x80006b60 (0xc436b193) sltiu   gp, a3, -957
core   0: 3 0x80006b60 (0xc436b193) x3  0x00000001
core   0: 0x80006b64 (0x23506013) ori     zero, zero, 565
core   0: 3 0x80006b64 (0x23506013)
core   0: 0x80006b68 (0x024f1763) bne     t5, tp, pc + 46
core   0: 3 0x80006b68 (0x024f1763)
core   0: 0x80006b96 (0x02e046b3) div     a3, zero, a4
core   0: 3 0x80006b96 (0x02e046b3) x13 0xffffffff
core   0: 0x80006b9a (0x00000492) c.slli  s1, 4
core   0: 3 0x80006b9a (0x0492) x9  0x00000000
core   0: 0x80006b9c (0x000006b9) c.addi  a3, 14
core   0: 3 0x80006b9c (0x06b9) x13 0x0000000d
core   0: 0x80006b9e (0x01dfcab3) xor     s5, t6, t4
core   0: 3 0x80006b9e (0x01dfcab3) x21 0x00000000
core   0: 0x80006ba2 (0x4048d013) srai    zero, a7, 4
core   0: 3 0x80006ba2 (0x4048d013)
core   0: 0x80006ba6 (0x8628d037) lui     zero, 0x8628d
core   0: 3 0x80006ba6 (0x8628d037)
core   0: 0x80006baa (0x00008c95) c.sub   s1, a3
core   0: 3 0x80006baa (0x8c95) x9  0xfffffff3
core   0: 0x80006bac (0x00000001) c.nop
core   0: 3 0x80006bac (0x0001)
core   0: 0x80006bae (0x41a25c93) srai    s9, tp, 26
core   0: 3 0x80006bae (0x41a25c93) x25 0x00000000
core   0: 0x80006bb2 (0x00000001) c.nop
core   0: 3 0x80006bb2 (0x0001)
core   0: 0x80006bb4 (0x00238bb3) add     s7, t2, sp
core   0: 3 0x80006bb4 (0x00238bb3) x23 0x000001e0
core   0: 0x80006bb8 (0x000080e1) c.srli  s1, 24
core   0: 3 0x80006bb8 (0x80e1) x9  0x000000ff
core   0: 0x80006bba (0x09007763) bgeu    zero, a6, pc + 142
core   0: 3 0x80006bba (0x09007763)
core   0: 0x80006bbe (0x59186093) ori     ra, a6, 1425
core   0: 3 0x80006bbe (0x59186093) x1  0x77ef2dff
core   0: 0x80006bc2 (0x00008c1d) c.sub   s0, a5
core   0: 3 0x80006bc2 (0x8c1d) x8  0xffffffff
core   0: 0x80006bc4 (0x40aa5313) srai    t1, s4, 10
core   0: 3 0x80006bc4 (0x40aa5313) x6  0x00000000
core   0: 0x80006bc8 (0x00008d3d) c.xor   a0, a5
core   0: 3 0x80006bc8 (0x8d3d) x10 0x00000000
core   0: 0x80006bca (0x01d75d13) srli    s10, a4, 29
core   0: 3 0x80006bca (0x01d75d13) x26 0x00000000
core   0: 0x80006bce (0x0000a197) auipc   gp, 0xa
core   0: 3 0x80006bce (0x0000a197) x3  0x80010bce
core   0: 0x80006bd2 (0xd8c18193) addi    gp, gp, -628
core   0: 3 0x80006bd2 (0xd8c18193) x3  0x8001095a
core   0: 0x80006bd6 (0xff918603) lb      a2, -7(gp)
core   0: 3 0x80006bd6 (0xff918603) x12 0x00000000 mem 0x80010953
core   0: 0x80006bda (0xfe418ca3) sb      tp, -7(gp)
core   0: 3 0x80006bda (0xfe418ca3) mem 0x80010953 0x00
core   0: 0x80006bde (0x000080a5) c.srli  s1, 9
core   0: 3 0x80006bde (0x80a5) x9  0x00000000
core   0: 0x80006be0 (0x0061aa03) lw      s4, 6(gp)
core   0: 3 0x80006be0 (0x0061aa03) x20 0x00000000 mem 0x80010960
core   0: 0x80006be4 (0x0061d783) lhu     a5, 6(gp)
core   0: 3 0x80006be4 (0x0061d783) x15 0x00000000 mem 0x80010960
core   0: 0x80006be8 (0x00d18323) sb      a3, 6(gp)
core   0: 3 0x80006be8 (0x00d18323) mem 0x80010960 0x0d
core   0: 0x80006bec (0x00a1d983) lhu     s3, 10(gp)
core   0: 3 0x80006bec (0x00a1d983) x19 0x00000000 mem 0x80010964
core   0: 0x80006bf0 (0x01f19323) sh      t6, 6(gp)
core   0: 3 0x80006bf0 (0x01f19323) mem 0x80010960 0x0000
core   0: 0x80006bf4 (0x00001904) c.addi4spn s1, sp, 176
core   0: 3 0x80006bf4 (0x1904) x9  0x00000290
core   0: 0x80006bf6 (0x613c4993) xori    s3, s8, 1555
core   0: 3 0x80006bf6 (0x613c4993) x19 0xfffff9ec
core   0: 0x80006bfa (0xff318203) lb      tp, -13(gp)
core   0: 3 0x80006bfa (0xff318203) x4  0x00000000 mem 0x8001094d
core   0: 0x80006bfe (0xff91c503) lbu     a0, -7(gp)
core   0: 3 0x80006bfe (0xff91c503) x10 0x00000000 mem 0x80010953
core   0: 0x80006c02 (0xff91c203) lbu     tp, -7(gp)
core   0: 3 0x80006c02 (0xff91c203) x4  0x00000000 mem 0x80010953
core   0: 0x80006c06 (0xff918003) lb      zero, -7(gp)
core   0: 3 0x80006c06 (0xff918003) mem 0x80010953
core   0: 0x80006c0a (0x000084b5) c.srai  s1, 13
core   0: 3 0x80006c0a (0x84b5) x9  0x00000000
core   0: 0x80006c0c (0xff819403) lh      s0, -8(gp)
core   0: 3 0x80006c0c (0xff819403) x8  0x00000000 mem 0x80010952
core   0: 0x80006c10 (0x00008d05) c.sub   a0, s1
core   0: 3 0x80006c10 (0x8d05) x10 0x00000000
core   0: 0x80006c12 (0xff518c23) sb      s5, -8(gp)
core   0: 3 0x80006c12 (0xff518c23) mem 0x80010952 0x00
core   0: 0x80006c16 (0x00219703) lh      a4, 2(gp)
core   0: 3 0x80006c16 (0x00219703) x14 0x00000000 mem 0x8001095c
core   0: 0x80006c1a (0x00419083) lh      ra, 4(gp)
core   0: 3 0x80006c1a (0x00419083) x1  0x00000000 mem 0x8001095e
core   0: 0x80006c1e (0x0000e80d) c.bnez  s0, pc + 50
core   0: 3 0x80006c1e (0xe80d)
core   0: 0x80006c20 (0x02d74563) blt     a4, a3, pc + 42
core   0: 3 0x80006c20 (0x02d74563)
core   0: 0x80006c4a (0x00006115) c.addi16sp sp, 288
core   0: 3 0x80006c4a (0x6115) x2  0x00000300
core   0: 0x80006c4c (0x08916c37) lui     s8, 0x8916
core   0: 3 0x80006c4c (0x08916c37) x24 0x08916000
core   0: 0x80006c50 (0x0000846a) c.mv    s0, s10
core   0: 3 0x80006c50 (0x846a) x8  0x00000000
core   0: 0x80006c52 (0x029164b3) rem     s1, sp, s1
core   0: 3 0x80006c52 (0x029164b3) x9  0x00000300
core   0: 0x80006c56 (0x00000b62) c.slli  s6, 24
core   0: 3 0x80006c56 (0x0b62) x22 0x00000000
core   0: 0x80006c58 (0x000c92b3) sll     t0, s9, zero
core   0: 3 0x80006c58 (0x000c92b3) x5  0x00000000
core   0: 0x80006c5c (0x0194ef63) bltu    s1, s9, pc + 30
core   0: 3 0x80006c5c (0x0194ef63)
core   0: 0x80006c60 (0x000000e1) c.addi  ra, 24
core   0: 3 0x80006c60 (0x00e1) x1  0x00000018
core   0: 0x80006c62 (0x00000001) c.nop
core   0: 3 0x80006c62 (0x0001)
core   0: 0x80006c64 (0x02777e33) remu    t3, a4, t2
core   0: 3 0x80006c64 (0x02777e33) x28 0x00000000
core   0: 0x80006c68 (0x0046fc33) and     s8, a3, tp
core   0: 3 0x80006c68 (0x0046fc33) x24 0x00000000
core   0: 0x80006c6c (0x015a5693) srli    a3, s4, 21
core   0: 3 0x80006c6c (0x015a5693) x13 0x00000000
core   0: 0x80006c70 (0x0000e815) c.bnez  s0, pc + 52
core   0: 3 0x80006c70 (0xe815)
core   0: 0x80006c72 (0x010d5f13) srli    t5, s10, 16
core   0: 3 0x80006c72 (0x010d5f13) x30 0x00000000
core   0: 0x80006c76 (0xd9667a93) andi    s5, a2, -618
core   0: 3 0x80006c76 (0xd9667a93) x21 0x00000000
core   0: 0x80006c7a (0x002e5533) srl     a0, t3, sp
core   0: 3 0x80006c7a (0x002e5533) x10 0x00000000
core   0: 0x80006c7e (0x01026c33) or      s8, tp, a6
core   0: 3 0x80006c7e (0x01026c33) x24 0x77ef29ff
core   0: 0x80006c82 (0x00008c49) c.or    s0, a0
core   0: 3 0x80006c82 (0x8c49) x8  0x00000000
core   0: 0x80006c84 (0x02233533) mulhu   a0, t1, sp
core   0: 3 0x80006c84 (0x02233533) x10 0x00000000
core   0: 0x80006c88 (0x64516c17) auipc   s8, 0x64516
core   0: 3 0x80006c88 (0x64516c17) x24 0xe451cc88
core   0: 0x80006c8c (0x03798533) mul     a0, s3, s7
core   0: 3 0x80006c8c (0x03798533) x10 0xfff49a80
core   0: 0x80006c90 (0x00000001) c.nop
core   0: 3 0x80006c90 (0x0001)
core   0: 0x80006c92 (0x00000155) c.addi  sp, 21
core   0: 3 0x80006c92 (0x0155) x2  0x00000315
core   0: 0x80006c94 (0x000093be) c.add   t2, a5
core   0: 3 0x80006c94 (0x93be) x7  0x00000000
core   0: 0x80006c96 (0x399182b7) lui     t0, 0x39918
core   0: 3 0x80006c96 (0x399182b7) x5  0x39918000
core   0: 0x80006c9a (0x40d152b3) sra     t0, sp, a3
core   0: 3 0x80006c9a (0x40d152b3) x5  0x00000315
core   0: 0x80006c9e (0x00001a10) c.addi4spn a2, sp, 304
core   0: 3 0x80006c9e (0x1a10) x12 0x00000445
core   0: 0x80006ca0 (0x0273aab3) mulhsu  s5, t2, t2
core   0: 3 0x80006ca0 (0x0273aab3) x21 0x00000000
core   0: 0x80006ca4 (0x0000ef89) c.bnez  a5, pc + 26
core   0: 3 0x80006ca4 (0xef89)
core   0: 0x80006ca6 (0x0000cb15) c.beqz  a4, pc + 52
core   0: 3 0x80006ca6 (0xcb15)
core   0: 0x80006cda (0x0242d9b3) divu    s3, t0, tp
core   0: 3 0x80006cda (0x0242d9b3) x19 0xffffffff
core   0: 0x80006cde (0x008cd213) srli    tp, s9, 8
core   0: 3 0x80006cde (0x008cd213) x4  0x00000000
core   0: 0x80006ce2 (0x0174b2b3) sltu    t0, s1, s7
core   0: 3 0x80006ce2 (0x0174b2b3) x5  0x00000000
core   0: 0x80006ce6 (0x00db0db3) add     s11, s6, a3
core   0: 3 0x80006ce6 (0x00db0db3) x27 0x00000000
core   0: 0x80006cea (0x0000ed0d) c.bnez  a0, pc + 58
core   0: 3 0x80006cea (0xed0d)
core   0: 0x80006d24 (0x00006725) c.lui   a4, 0x9
core   0: 3 0x80006d24 (0x6725) x14 0x00009000
core   0: 0x80006d26 (0x00000001) c.nop
core   0: 3 0x80006d26 (0x0001)
core   0: 0x80006d28 (0x00000001) c.nop
core   0: 3 0x80006d28 (0x0001)
core   0: 0x80006d2a (0x01fe26b3) slt     a3, t3, t6
core   0: 3 0x80006d2a (0x01fe26b3) x13 0x00000000
core   0: 0x80006d2e (0xcc95c537) lui     a0, 0xcc95c
core   0: 3 0x80006d2e (0xcc95c537) x10 0xcc95c000
core   0: 0x80006d32 (0x033f4c33) div     s8, t5, s3
core   0: 3 0x80006d32 (0x033f4c33) x24 0x00000000
core   0: 0x80006d36 (0x01488d33) add     s10, a7, s4
core   0: 3 0x80006d36 (0x01488d33) x26 0x80029ce4
core   0: 0x80006d3a (0x03414263) blt     sp, s4, pc + 36
core   0: 3 0x80006d3a (0x03414263)
core   0: 0x80006d3e (0x0000c315) c.beqz  a4, pc + 36
core   0: 3 0x80006d3e (0xc315)
core   0: 0x80006d40 (0x0235e4b3) rem     s1, a1, gp
core   0: 3 0x80006d40 (0x0235e4b3) x9  0x80025e50
core   0: 0x80006d44 (0x0297c663) blt     a5, s1, pc + 44
core   0: 3 0x80006d44 (0x0297c663)
core   0: 0x80006d48 (0x41ca5193) srai    gp, s4, 28
core   0: 3 0x80006d48 (0x41ca5193) x3  0x00000000
core   0: 0x80006d4c (0x00006a29) c.lui   s4, 0xa
core   0: 3 0x80006d4c (0x6a29) x20 0x0000a000
core   0: 0x80006d4e (0x02a10ab3) mul     s5, sp, a0
core   0: 3 0x80006d4e (0x02a10ab3) x21 0x8988c000
core   0: 0x80006d52 (0x0073f563) bgeu    t2, t2, pc + 10
core   0: 3 0x80006d52 (0x0073f563)
core   0: 0x80006d5c (0x00001f88) c.addi4spn a0, sp, 1008
core   0: 3 0x80006d5c (0x1f88) x10 0x00000705
core   0: 0x80006d5e (0x00000001) c.nop
core   0: 3 0x80006d5e (0x0001)
core   0: 0x80006d60 (0x00000001) c.nop
core   0: 3 0x80006d60 (0x0001)
core   0: 0x80006d62 (0x01d28633) add     a2, t0, t4
core   0: 3 0x80006d62 (0x01d28633) x12 0x00000000
core   0: 0x80006d66 (0x013699b3) sll     s3, a3, s3
core   0: 3 0x80006d66 (0x013699b3) x19 0x00000000
core   0: 0x80006d6a (0x41a6ddb3) sra     s11, a3, s10
core   0: 3 0x80006d6a (0x41a6ddb3) x27 0x00000000
core   0: 0x80006d6e (0x00000001) c.nop
core   0: 3 0x80006d6e (0x0001)
core   0: 0x80006d70 (0x000009ca) c.slli  s3, 18
core   0: 3 0x80006d70 (0x09ca) x19 0x00000000
core   0: 0x80006d72 (0x01759b93) slli    s7, a1, 23
core   0: 3 0x80006d72 (0x01759b93) x23 0x28000000
core   0: 0x80006d76 (0x62069237) lui     tp, 0x62069
core   0: 3 0x80006d76 (0x62069237) x4  0x62069000
core   0: 0x80006d7a (0xbdb1e313) ori     t1, gp, -1061
core   0: 3 0x80006d7a (0xbdb1e313) x6  0xfffffbdb
core   0: 0x80006d7e (0x0000cf1d) c.beqz  a4, pc + 62
core   0: 3 0x80006d7e (0xcf1d)
core   0: 0x80006d80 (0x038ab1b3) mulhu   gp, s5, s8
core   0: 3 0x80006d80 (0x038ab1b3) x3  0x00000000
core   0: 0x80006d84 (0x94496793) ori     a5, s2, -1724
core   0: 3 0x80006d84 (0x94496793) x15 0xfffffbd5
core   0: 0x80006d88 (0x010fe333) or      t1, t6, a6
core   0: 3 0x80006d88 (0x010fe333) x6  0x77ef29ff
core   0: 0x80006d8c (0x000000c9) c.addi  ra, 18
core   0: 3 0x80006d8c (0x00c9) x1  0x0000002a
core   0: 0x80006d8e (0x00f15e63) bge     sp, a5, pc + 28
core   0: 3 0x80006d8e (0x00f15e63)
core   0: 0x80006daa (0x02916163) bltu    sp, s1, pc + 34
core   0: 3 0x80006daa (0x02916163)
core   0: 0x80006dcc (0x01361b13) slli    s6, a2, 19
core   0: 3 0x80006dcc (0x01361b13) x22 0x00000000
core   0: 0x80006dd0 (0x00000001) c.nop
core   0: 3 0x80006dd0 (0x0001)
core   0: 0x80006dd2 (0x01735633) srl     a2, t1, s7
core   0: 3 0x80006dd2 (0x01735633) x12 0x77ef29ff
core   0: 0x80006dd6 (0x026b4163) blt     s6, t1, pc + 34
core   0: 3 0x80006dd6 (0x026b4163)
core   0: 0x80006df8 (0x0000029e) c.slli  t0, 7
core   0: 3 0x80006df8 (0x029e) x5  0x00000000
core   0: 0x80006dfa (0x0000b9b3) sltu    s3, ra, zero
core   0: 3 0x80006dfa (0x0000b9b3) x19 0x00000000
core   0: 0x80006dfe (0x032eda63) bge     t4, s2, pc + 52
core   0: 3 0x80006dfe (0x032eda63)
core   0: 0x80006e32 (0x404d5733) sra     a4, s10, tp
core   0: 3 0x80006e32 (0x404d5733) x14 0x80029ce4
core   0: 0x80006e36 (0x003e1413) slli    s0, t3, 3
core   0: 3 0x80006e36 (0x003e1413) x8  0x00000000
core   0: 0x80006e3a (0x00b12733) slt     a4, sp, a1
core   0: 3 0x80006e3a (0x00b12733) x14 0x00000000
core   0: 0x80006e3e (0x02007b63) bgeu    zero, zero, pc + 54
core   0: 3 0x80006e3e (0x02007b63)
core   0: 0x80006e74 (0x91ed7b93) andi    s7, s10, -1762
core   0: 3 0x80006e74 (0x91ed7b93) x23 0x80029804
core   0: 0x80006e78 (0x03468033) mul     zero, a3, s4
core   0: 3 0x80006e78 (0x03468033)
core   0: 0x80006e7c (0x40875093) srai    ra, a4, 8
core   0: 3 0x80006e7c (0x40875093) x1  0x00000000
core   0: 0x80006e80 (0x02e6d3b3) divu    t2, a3, a4
core   0: 3 0x80006e80 (0x02e6d3b3) x7  0xffffffff
core   0: 0x80006e84 (0xf38e2a93) slti    s5, t3, -200
core   0: 3 0x80006e84 (0xf38e2a93) x21 0x00000000
core   0: 0x80006e88 (0x53147f93) andi    t6, s0, 1329
core   0: 3 0x80006e88 (0x53147f93) x31 0x00000000
core   0: 0x80006e8c (0x40a4d7b3) sra     a5, s1, a0
core   0: 3 0x80006e8c (0x40a4d7b3) x15 0xfc0012f2
core   0: 0x80006e90 (0x0000e715) c.bnez  a4, pc + 44
core   0: 3 0x80006e90 (0xe715)
core   0: 0x80006e92 (0x01038433) add     s0, t2, a6
core   0: 3 0x80006e92 (0x01038433) x8  0x77ef29fe
core   0: 0x80006e96 (0x4013d733) sra     a4, t2, ra
core   0: 3 0x80006e96 (0x4013d733) x14 0xffffffff
core   0: 0x80006e9a (0x000084da) c.mv    s1, s6
core   0: 3 0x80006e9a (0x84da) x9  0x00000000
core   0: 0x80006e9c (0x26b76e93) ori     t4, a4, 619
core   0: 3 0x80006e9c (0x26b76e93) x29 0xffffffff
core   0: 0x80006ea0 (0xf9b4d1b7) lui     gp, 0xf9b4d
core   0: 3 0x80006ea0 (0xf9b4d1b7) x3  0xf9b4d000
core   0: 0x80006ea4 (0x0cf1f093) andi    ra, gp, 207
core   0: 3 0x80006ea4 (0x0cf1f093) x1  0x00000000
core   0: 0x80006ea8 (0x00000001) c.nop
core   0: 3 0x80006ea8 (0x0001)
core   0: 0x80006eaa (0x012a8333) add     t1, s5, s2
core   0: 3 0x80006eaa (0x012a8333) x6  0xfffffb95
core   0: 0x80006eae (0x79c5c413) xori    s0, a1, 1948
core   0: 3 0x80006eae (0x79c5c413) x8  0x800259cc
core   0: 0x80006eb2 (0x00000001) c.nop
core   0: 3 0x80006eb2 (0x0001)
core   0: 0x80006eb4 (0x00009eb6) c.add   t4, a3
core   0: 3 0x80006eb4 (0x9eb6) x29 0xffffffff
core   0: 0x80006eb6 (0x00009e86) c.add   t4, ra
core   0: 3 0x80006eb6 (0x9e86) x29 0xffffffff
core   0: 0x80006eb8 (0x0388cab3) div     s5, a7, s8
core   0: 3 0x80006eb8 (0x0388cab3) x21 0xffffffff
core   0: 0x80006ebc (0x037ce733) rem     a4, s9, s7
core   0: 3 0x80006ebc (0x037ce733) x14 0x00000000
core   0: 0x80006ec0 (0x0000717d) c.addi16sp sp, -16
core   0: 3 0x80006ec0 (0x717d) x2  0x00000305
core   0: 0x80006ec2 (0x000051fd) c.li    gp, -1
core   0: 3 0x80006ec2 (0x51fd) x3  0xffffffff
core   0: 0x80006ec4 (0x00008795) c.srai  a5, 5
core   0: 3 0x80006ec4 (0x8795) x15 0xffe00097
core   0: 0x80006ec6 (0x00008cb1) c.xor   s1, a2
core   0: 3 0x80006ec6 (0x8cb1) x9  0x77ef29ff
core   0: 0x80006ec8 (0x01c18033) add     zero, gp, t3
core   0: 3 0x80006ec8 (0x01c18033)
core   0: 0x80006ecc (0x01a133b3) sltu    t2, sp, s10
core   0: 3 0x80006ecc (0x01a133b3) x7  0x00000001
core   0: 0x80006ed0 (0x0322ce63) blt     t0, s2, pc + 60
core   0: 3 0x80006ed0 (0x0322ce63)
core   0: 0x80006ed4 (0x40640533) sub     a0, s0, t1
core   0: 3 0x80006ed4 (0x40640533) x10 0x80025e37
core   0: 0x80006ed8 (0x01f37f13) andi    t5, t1, 31
core   0: 3 0x80006ed8 (0x01f37f13) x30 0x00000015
core   0: 0x80006edc (0x02e314b3) mulh    s1, t1, a4
core   0: 3 0x80006edc (0x02e314b3) x9  0x00000000
core   0: 0x80006ee0 (0x00472733) slt     a4, a4, tp
core   0: 3 0x80006ee0 (0x00472733) x14 0x00000001
core   0: 0x80006ee4 (0x015ee033) or      zero, t4, s5
core   0: 3 0x80006ee4 (0x015ee033)
core   0: 0x80006ee8 (0xc93c4197) auipc   gp, 0xc93c4
core   0: 3 0x80006ee8 (0xc93c4197) x3  0x493caee8
core   0: 0x80006eec (0x0083d313) srli    t1, t2, 8
core   0: 3 0x80006eec (0x0083d313) x6  0x00000000
core   0: 0x80006ef0 (0x013f9c63) bne     t6, s3, pc + 24
core   0: 3 0x80006ef0 (0x013f9c63)
core   0: 0x80006ef4 (0x0000e319) c.bnez  a4, pc + 6
core   0: 3 0x80006ef4 (0xe319)
core   0: 0x80006efa (0x03745a33) divu    s4, s0, s7
core   0: 3 0x80006efa (0x03745a33) x20 0x00000000
core   0: 0x80006efe (0x00004ea5) c.li    t4, 9
core   0: 3 0x80006efe (0x4ea5) x29 0x00000009
core   0: 0x80006f00 (0x0000611d) c.addi16sp sp, 416
core   0: 3 0x80006f00 (0x611d) x2  0x000004a5
core   0: 0x80006f02 (0x0039ed63) bltu    s3, gp, pc + 26
core   0: 3 0x80006f02 (0x0039ed63)
core   0: 0x80006f1c (0x01497463) bgeu    s2, s4, pc + 8
core   0: 3 0x80006f1c (0x01497463)
core   0: 0x80006f24 (0x00d03c33) snez    s8, a3
core   0: 3 0x80006f24 (0x00d03c33) x24 0x00000000
core   0: 0x80006f28 (0x000080cd) c.srli  s1, 19
core   0: 3 0x80006f28 (0x80cd) x9  0x00000000
core   0: 0x80006f2a (0x00baed33) or      s10, s5, a1
core   0: 3 0x80006f2a (0x00baed33) x26 0xffffffff
core   0: 0x80006f2e (0x030ac7b3) div     a5, s5, a6
core   0: 3 0x80006f2e (0x030ac7b3) x15 0x00000000
core   0: 0x80006f32 (0x03202233) mulhsu  tp, zero, s2
core   0: 3 0x80006f32 (0x03202233) x4  0x00000000
core   0: 0x80006f36 (0x00de5a93) srli    s5, t3, 13
core   0: 3 0x80006f36 (0x00de5a93) x21 0x00000000
core   0: 0x80006f3a (0x00001c93) slli    s9, zero, 0
core   0: 3 0x80006f3a (0x00001c93) x25 0x00000000
core   0: 0x80006f3e (0x00000001) c.nop
core   0: 3 0x80006f3e (0x0001)
core   0: 0x80006f40 (0x00009b8e) c.add   s7, gp
core   0: 3 0x80006f40 (0x9b8e) x23 0xc93f46ec
core   0: 0x80006f42 (0x036c1863) bne     s8, s6, pc + 48
core   0: 3 0x80006f42 (0x036c1863)
core   0: 0x80006f46 (0x0367e163) bltu    a5, s6, pc + 34
core   0: 3 0x80006f46 (0x0367e163)
core   0: 0x80006f4a (0x455b8793) addi    a5, s7, 1109
core   0: 3 0x80006f4a (0x455b8793) x15 0xc93f4b41
core   0: 0x80006f4e (0x03181db3) mulh    s11, a6, a7
core   0: 3 0x80006f4e (0x03181db3) x27 0xc409a45f
core   0: 0x80006f52 (0xe801dab7) lui     s5, 0xe801d
core   0: 3 0x80006f52 (0xe801dab7) x21 0xe801d000
core   0: 0x80006f56 (0x018dd113) srli    sp, s11, 24
core   0: 3 0x80006f56 (0x018dd113) x2  0x000000c4
core   0: 0x80006f5a (0x51dbad93) slti    s11, s7, 1309
core   0: 3 0x80006f5a (0x51dbad93) x27 0x00000001
core   0: 0x80006f5e (0x00008e5d) c.or    a2, a5
core   0: 3 0x80006f5e (0x8e5d) x12 0xffff6bff
core   0: 0x80006f60 (0x5c23a693) slti    a3, t2, 1474
core   0: 3 0x80006f60 (0x5c23a693) x13 0x00000001
core   0: 0x80006f64 (0x0000852d) c.srai  a0, 11
core   0: 3 0x80006f64 (0x852d) x10 0xfff0004b
core   0: 0x80006f66 (0x000089ee) c.mv    s3, s11
core   0: 3 0x80006f66 (0x89ee) x19 0x00000001
core   0: 0x80006f68 (0x01291933) sll     s2, s2, s2
core   0: 3 0x80006f68 (0x01291933) x18 0x72a00000
core   0: 0x80006f6c (0x00baac33) slt     s8, s5, a1
core   0: 3 0x80006f6c (0x00baac33) x24 0x00000000
core   0: 0x80006f70 (0x000084a9) c.srai  s1, 10
core   0: 3 0x80006f70 (0x84a9) x9  0x00000000
core   0: 0x80006f72 (0x00008286) c.mv    t0, ra
core   0: 3 0x80006f72 (0x8286) x5  0x00000000
core   0: 0x80006f74 (0x03597eb3) remu    t4, s2, s5
core   0: 3 0x80006f74 (0x03597eb3) x29 0x72a00000
core   0: 0x80006f78 (0x00008f41) c.or    a4, s0
core   0: 3 0x80006f78 (0x8f41) x14 0x800259cd
core   0: 0x80006f7a (0x00000684) c.addi4spn s1, sp, 832
core   0: 3 0x80006f7a (0x0684) x9  0x00000404
core   0: 0x80006f7c (0x4142df93) srai    t6, t0, 20
core   0: 3 0x80006f7c (0x4142df93) x31 0x00000000
core   0: 0x80006f80 (0x03935a33) divu    s4, t1, s9
core   0: 3 0x80006f80 (0x03935a33) x20 0xffffffff
core   0: 0x80006f84 (0x000088b1) c.andi  s1, 12
core   0: 3 0x80006f84 (0x88b1) x9  0x00000004
core   0: 0x80006f86 (0x0436e263) bltu    a3, gp, pc + 68
core   0: 3 0x80006f86 (0x0436e263)
core   0: 0x80006fca (0x00008fa1) c.xor   a5, s0
core   0: 3 0x80006fca (0x8fa1) x15 0x493d128d
core   0: 0x80006fcc (0x005d5c13) srli    s8, s10, 5
core   0: 3 0x80006fcc (0x005d5c13) x24 0x07ffffff
core   0: 0x80006fd0 (0x00008fe2) c.mv    t6, s8
core   0: 3 0x80006fd0 (0x8fe2) x31 0x07ffffff
core   0: 0x80006fd2 (0x03e7c463) blt     a5, t5, pc + 40
core   0: 3 0x80006fd2 (0x03e7c463)
core   0: 0x80006fd6 (0x00000001) c.nop
core   0: 3 0x80006fd6 (0x0001)
core   0: 0x80006fd8 (0x03780ab3) mul     s5, a6, s7
core   0: 3 0x80006fd8 (0x03780ab3) x21 0x82b77114
core   0: 0x80006fdc (0x00dc4633) xor     a2, s8, a3
core   0: 3 0x80006fdc (0x00dc4633) x12 0x07fffffe
core   0: 0x80006fe0 (0xd40d7313) andi    t1, s10, -704
core   0: 3 0x80006fe0 (0xd40d7313) x6  0xfffffd40
core   0: 0x80006fe4 (0x02b2e933) rem     s2, t0, a1
core   0: 3 0x80006fe4 (0x02b2e933) x18 0x00000000
core   0: 0x80006fe8 (0x9f72e993) ori     s3, t0, -1545
core   0: 3 0x80006fe8 (0x9f72e993) x19 0xfffff9f7
core   0: 0x80006fec (0x005d3533) sltu    a0, s10, t0
core   0: 3 0x80006fec (0x005d3533) x10 0x00000000
core   0: 0x80006ff0 (0x40acd393) srai    t2, s9, 10
core   0: 3 0x80006ff0 (0x40acd393) x7  0x00000000
core   0: 0x80006ff4 (0x00000256) c.slli  tp, 21
core   0: 3 0x80006ff4 (0x0256) x4  0x00000000
core   0: 0x80006ff6 (0xc7072d13) slti    s10, a4, -912
core   0: 3 0x80006ff6 (0xc7072d13) x26 0x00000001
core   0: 0x80006ffa (0x00001efd) c.addi  t4, -1
core   0: 3 0x80006ffa (0x1efd) x29 0x729fffff
core   0: 0x80006ffc (0xacbd77b7) lui     a5, 0xacbd7
core   0: 3 0x80006ffc (0xacbd77b7) x15 0xacbd7000
core   0: 0x80007000 (0x67a54713) xori    a4, a0, 1658
core   0: 3 0x80007000 (0x67a54713) x14 0x0000067a
core   0: 0x80007004 (0x01cb9233) sll     tp, s7, t3
core   0: 3 0x80007004 (0x01cb9233) x4  0xc93f46ec
core   0: 0x80007008 (0xc30f8717) auipc   a4, 0xc30f8
core   0: 3 0x80007008 (0xc30f8717) x14 0x430ff008
core   0: 0x8000700c (0x03784e33) div     t3, a6, s7
core   0: 3 0x8000700c (0x03784e33) x28 0xfffffffe
core   0: 0x80007010 (0x0000e48d) c.bnez  s1, pc + 42
core   0: 3 0x80007010 (0xe48d)
core   0: 0x8000703a (0x027bcab3) div     s5, s7, t2
core   0: 3 0x8000703a (0x027bcab3) x21 0xffffffff
core   0: 0x8000703e (0x0000717d) c.addi16sp sp, -16
core   0: 3 0x8000703e (0x717d) x2  0x000000b4
core   0: 0x80007040 (0x03398e93) addi    t4, s3, 51
core   0: 3 0x80007040 (0x03398e93) x29 0xfffffa2a
core   0: 0x80007044 (0x3b4f8b93) addi    s7, t6, 948
core   0: 3 0x80007044 (0x3b4f8b93) x23 0x080003b3
core   0: 0x80007048 (0x024c0b33) mul     s6, s8, tp
core   0: 3 0x80007048 (0x024c0b33) x22 0x96c0b914
core   0: 0x8000704c (0x00000001) c.nop
core   0: 3 0x8000704c (0x0001)
core   0: 0x8000704e (0x02caf363) bgeu    s5, a2, pc + 38
core   0: 3 0x8000704e (0x02caf363)
core   0: 0x80007074 (0x00bb06b3) add     a3, s6, a1
core   0: 3 0x80007074 (0x00bb06b3) x13 0x16c31764
core   0: 0x80007078 (0x00008f19) c.sub   a4, a4
core   0: 3 0x80007078 (0x8f19) x14 0x00000000
core   0: 0x8000707a (0x00008c95) c.sub   s1, a3
core   0: 3 0x8000707a (0x8c95) x9  0xe93ce8a0
core   0: 0x8000707c (0x01c62133) slt     sp, a2, t3
core   0: 3 0x8000707c (0x01c62133) x2  0x00000000
core   0: 0x80007080 (0x0000e41d) c.bnez  s0, pc + 46
core   0: 3 0x80007080 (0xe41d)
core   0: 0x800070ae (0x0073e233) or      tp, t2, t2
core   0: 3 0x800070ae (0x0073e233) x4  0x00000000
core   0: 0x800070b2 (0x027a8133) mul     sp, s5, t2
core   0: 3 0x800070b2 (0x027a8133) x2  0x00000000
core   0: 0x800070b6 (0x00008c8d) c.sub   s1, a1
core   0: 3 0x800070b6 (0x8c8d) x9  0x693a8a50
core   0: 0x800070b8 (0x0000137d) c.addi  t1, -1
core   0: 3 0x800070b8 (0x137d) x6  0xfffffd3f
core   0: 0x800070ba (0x000040f9) c.li    ra, 30
core   0: 3 0x800070ba (0x40f9) x1  0x0000001e
core   0: 0x800070bc (0xe349a793) slti    a5, s3, -460
core   0: 3 0x800070bc (0xe349a793) x15 0x00000001
core   0: 0x800070c0 (0x00973533) sltu    a0, a4, s1
core   0: 3 0x800070c0 (0x00973533) x10 0x00000001
core   0: 0x800070c4 (0x02151f33) mulh    t5, a0, ra
core   0: 3 0x800070c4 (0x02151f33) x30 0x00000000
core   0: 0x800070c8 (0x011a1033) sll     zero, s4, a7
core   0: 3 0x800070c8 (0x011a1033)
core   0: 0x800070cc (0x03e56963) bltu    a0, t5, pc + 50
core   0: 3 0x800070cc (0x03e56963)
core   0: 0x800070d0 (0x02042b33) mulhsu  s6, s0, zero
core   0: 3 0x800070d0 (0x02042b33) x22 0x00000000
core   0: 0x800070d4 (0x00001410) c.addi4spn a2, sp, 544
core   0: 3 0x800070d4 (0x1410) x12 0x00000220
core   0: 0x800070d6 (0x0056ab33) slt     s6, a3, t0
core   0: 3 0x800070d6 (0x0056ab33) x22 0x00000000
core   0: 0x800070da (0x00008f21) c.xor   a4, s0
core   0: 3 0x800070da (0x8f21) x14 0x800259cc
core   0: 0x800070dc (0x031256b3) divu    a3, tp, a7
core   0: 3 0x800070dc (0x031256b3) x13 0x00000000
core   0: 0x800070e0 (0x037c6933) rem     s2, s8, s7
core   0: 3 0x800070e0 (0x037c6933) x18 0x07ffffff
core   0: 0x800070e4 (0x00006111) c.addi16sp sp, 256
core   0: 3 0x800070e4 (0x6111) x2  0x00000100
core   0: 0x800070e6 (0xdff87193) andi    gp, a6, -513
core   0: 3 0x800070e6 (0xdff87193) x3  0x77ef29ff
core   0: 0x800070ea (0x01c05e33) srl     t3, zero, t3
core   0: 3 0x800070ea (0x01c05e33) x28 0x00000000
core   0: 0x800070ee (0x034af263) bgeu    s5, s4, pc + 36
core   0: 3 0x800070ee (0x034af263)
core   0: 0x80007112 (0x413bd993) srai    s3, s7, 19
core   0: 3 0x80007112 (0x413bd993) x19 0x00000100
core   0: 0x80007116 (0x00001088) c.addi4spn a0, sp, 96
core   0: 3 0x80007116 (0x1088) x10 0x00000160
core   0: 0x80007118 (0x015a7e63) bgeu    s4, s5, pc + 28
core   0: 3 0x80007118 (0x015a7e63)
core   0: 0x80007134 (0x00000415) c.addi  s0, 5
core   0: 3 0x80007134 (0x0415) x8  0x800259d1
core   0: 0x80007136 (0xcf1dc693) xori    a3, s11, -783
core   0: 3 0x80007136 (0xcf1dc693) x13 0xfffffcf0
core   0: 0x8000713a (0x00008c79) c.and   s0, a4
core   0: 3 0x8000713a (0x8c79) x8  0x800259c0
core   0: 0x8000713c (0x00000bfd) c.addi  s7, 31
core   0: 3 0x8000713c (0x0bfd) x23 0x080003d2
core   0: 0x8000713e (0x00282c33) slt     s8, a6, sp
core   0: 3 0x8000713e (0x00282c33) x24 0x00000000
core   0: 0x80007142 (0xf2c02997) auipc   s3, 0xf2c02
core   0: 3 0x80007142 (0xf2c02997) x19 0x72c09142
core   0: 0x80007146 (0x0317d633) divu    a2, a5, a7
core   0: 3 0x80007146 (0x0317d633) x12 0x00000000
core   0: 0x8000714a (0x00009dfe) c.add   s11, t6
core   0: 3 0x8000714a (0x9dfe) x27 0x08000000
core   0: 0x8000714c (0x035dfd33) remu    s10, s11, s5
core   0: 3 0x8000714c (0x035dfd33) x26 0x08000000
core   0: 0x80007150 (0x00ae1363) bne     t3, a0, pc + 6
core   0: 3 0x80007150 (0x00ae1363)
core   0: 0x80007156 (0x020872b3) remu    t0, a6, zero
core   0: 3 0x80007156 (0x020872b3) x5  0x77ef29ff
core   0: 0x8000715a (0x02ce7033) remu    zero, t3, a2
core   0: 3 0x8000715a (0x02ce7033)
core   0: 0x8000715e (0x01a7f763) bgeu    a5, s10, pc + 14
core   0: 3 0x8000715e (0x01a7f763)
core   0: 0x80007162 (0x0000868d) c.srai  a3, 3
core   0: 3 0x80007162 (0x868d) x13 0xffffff9e
core   0: 0x80007164 (0x02a46533) rem     a0, s0, a0
core   0: 3 0x80007164 (0x02a46533) x10 0xffffffc0
core   0: 0x80007168 (0x00000001) c.nop
core   0: 3 0x80007168 (0x0001)
core   0: 0x8000716a (0x00008fe1) c.and   a5, s0
core   0: 3 0x8000716a (0x8fe1) x15 0x00000000
core   0: 0x8000716c (0x0145d013) srli    zero, a1, 20
core   0: 3 0x8000716c (0x0145d013)
core   0: 0x80007170 (0x00008c21) c.xor   s0, s0
core   0: 3 0x80007170 (0x8c21) x8  0x00000000
core   0: 0x80007172 (0x23033293) sltiu   t0, t1, 560
core   0: 3 0x80007172 (0x23033293) x5  0x00000000
core   0: 0x80007176 (0x0000cc99) c.beqz  s1, pc + 30
core   0: 3 0x80007176 (0xcc99)
core   0: 0x80007178 (0x01c9dbb3) srl     s7, s3, t3
core   0: 3 0x80007178 (0x01c9dbb3) x23 0x72c09142
core   0: 0x8000717c (0x02e31963) bne     t1, a4, pc + 50
core   0: 3 0x8000717c (0x02e31963)
core   0: 0x800071ae (0x01a85633) srl     a2, a6, s10
core   0: 3 0x800071ae (0x01a85633) x12 0x77ef29ff
core   0: 0x800071b2 (0x0000951a) c.add   a0, t1
core   0: 3 0x800071b2 (0x951a) x10 0xfffffcff
core   0: 0x800071b4 (0x00a21713) slli    a4, tp, 10
core   0: 3 0x800071b4 (0x00a21713) x14 0x00000000
core   0: 0x800071b8 (0x03ca0333) mul     t1, s4, t3
core   0: 3 0x800071b8 (0x03ca0333) x6  0x00000000
core   0: 0x800071bc (0x00008c69) c.and   s0, a0
core   0: 3 0x800071bc (0x8c69) x8  0x00000000
core   0: 0x800071be (0x0346d1b3) divu    gp, a3, s4
core   0: 3 0x800071be (0x0346d1b3) x3  0x00000000
core   0: 0x800071c2 (0x41c0d333) sra     t1, ra, t3
core   0: 3 0x800071c2 (0x41c0d333) x6  0x0000001e
core   0: 0x800071c6 (0x00001508) c.addi4spn a0, sp, 672
core   0: 3 0x800071c6 (0x1508) x10 0x000003a0
core   0: 0x800071c8 (0x015132b3) sltu    t0, sp, s5
core   0: 3 0x800071c8 (0x015132b3) x5  0x00000001
core   0: 0x800071cc (0x000000c6) c.slli  ra, 17
core   0: 3 0x800071cc (0x00c6) x1  0x003c0000
core   0: 0x800071ce (0x00000001) c.nop
core   0: 3 0x800071ce (0x0001)
core   0: 0x800071d0 (0x03c823b3) mulhsu  t2, a6, t3
core   0: 3 0x800071d0 (0x03c823b3) x7  0x00000000
core   0: 0x800071d4 (0x01e510b3) sll     ra, a0, t5
core   0: 3 0x800071d4 (0x01e510b3) x1  0x000003a0
core   0: 0x800071d8 (0x4171dab3) sra     s5, gp, s7
core   0: 3 0x800071d8 (0x4171dab3) x21 0x00000000
core   0: 0x800071dc (0xb1a2ca37) lui     s4, 0xb1a2c
core   0: 3 0x800071dc (0xb1a2ca37) x20 0xb1a2c000
core   0: 0x800071e0 (0x0137d2b3) srl     t0, a5, s3
core   0: 3 0x800071e0 (0x0137d2b3) x5  0x00000000
core   0: 0x800071e4 (0xe76f2193) slti    gp, t5, -394
core   0: 3 0x800071e4 (0xe76f2193) x3  0x00000000
core   0: 0x800071e8 (0x00000001) c.nop
core   0: 3 0x800071e8 (0x0001)
core   0: 0x800071ea (0x00009bfd) c.andi  a5, -1
core   0: 3 0x800071ea (0x9bfd) x15 0x00000000
core   0: 0x800071ec (0x31fbcf97) auipc   t6, 0x31fbc
core   0: 3 0x800071ec (0x31fbcf97) x31 0xb1fc31ec
core   0: 0x800071f0 (0x00446963) bltu    s0, tp, pc + 18
core   0: 3 0x800071f0 (0x00446963)
core   0: 0x800071f4 (0x00008719) c.srai  a4, 6
core   0: 3 0x800071f4 (0x8719) x14 0x00000000
core   0: 0x800071f6 (0x036ad9b3) divu    s3, s5, s6
core   0: 3 0x800071f6 (0x036ad9b3) x19 0xffffffff
core   0: 0x800071fa (0x021599b3) mulh    s3, a1, ra
core   0: 3 0x800071fa (0x021599b3) x19 0xfffffe30
core   0: 0x800071fe (0xa5e6b513) sltiu   a0, a3, -1442
core   0: 3 0x800071fe (0xa5e6b513) x10 0x00000000
core   0: 0x80007202 (0x037b54b3) divu    s1, s6, s7
core   0: 3 0x80007202 (0x037b54b3) x9  0x00000000
core   0: 0x80007206 (0x0000011e) c.slli  sp, 7
core   0: 3 0x80007206 (0x011e) x2  0x00008000
core   0: 0x80007208 (0x8ec62b93) slti    s7, a2, -1812
core   0: 3 0x80007208 (0x8ec62b93) x23 0x00000000
core   0: 0x8000720c (0x02a6d863) bge     a3, a0, pc + 48
core   0: 3 0x8000720c (0x02a6d863)
core   0: 0x80007210 (0x0153c563) blt     t2, s5, pc + 10
core   0: 3 0x80007210 (0x0153c563)
core   0: 0x80007214 (0xfbfba313) slti    t1, s7, -65
core   0: 3 0x80007214 (0xfbfba313) x6  0x00000000
core   0: 0x80007218 (0x0000717d) c.addi16sp sp, -16
core   0: 3 0x80007218 (0x717d) x2  0x00007ff0
core   0: 0x8000721a (0x032a6eb3) rem     t4, s4, s2
core   0: 3 0x8000721a (0x032a6eb3) x29 0xf9a2bff7
core   0: 0x8000721e (0x00008c25) c.xor   s0, s1
core   0: 3 0x8000721e (0x8c25) x8  0x00000000
core   0: 0x80007220 (0x0336b0b3) mulhu   ra, a3, s3
core   0: 3 0x80007220 (0x0336b0b3) x1  0xfffffdce
core   0: 0x80007224 (0x00006a11) c.lui   s4, 0x4
core   0: 3 0x80007224 (0x6a11) x20 0x00004000
core   0: 0x80007226 (0x02a69eb3) mulh    t4, a3, a0
core   0: 3 0x80007226 (0x02a69eb3) x29 0x00000000
core   0: 0x8000722a (0x00005afd) c.li    s5, -1
core   0: 3 0x8000722a (0x5afd) x21 0xffffffff
core   0: 0x8000722c (0x0000e099) c.bnez  s1, pc + 6
core   0: 3 0x8000722c (0xe099)
core   0: 0x8000722e (0x52c10a13) addi    s4, sp, 1324
core   0: 3 0x8000722e (0x52c10a13) x20 0x0000851c
core   0: 0x80007232 (0x02072933) mulhsu  s2, a4, zero
core   0: 3 0x80007232 (0x02072933) x18 0x00000000
core   0: 0x80007236 (0x01ea5493) srli    s1, s4, 30
core   0: 3 0x80007236 (0x01ea5493) x9  0x00000000
core   0: 0x8000723a (0x0000e385) c.bnez  a5, pc + 32
core   0: 3 0x8000723a (0xe385)
core   0: 0x8000723c (0x00000001) c.nop
core   0: 3 0x8000723c (0x0001)
core   0: 0x8000723e (0x0186ce63) blt     a3, s8, pc + 28
core   0: 3 0x8000723e (0x0186ce63)
core   0: 0x8000725a (0x00000aa2) c.slli  s5, 8
core   0: 3 0x8000725a (0x0aa2) x21 0xffffff00
core   0: 0x8000725c (0x5623ab93) slti    s7, t2, 1378
core   0: 3 0x8000725c (0x5623ab93) x23 0x00000001
core   0: 0x80007260 (0x00008fcd) c.or    a5, a1
core   0: 3 0x80007260 (0x8fcd) x15 0x80025e50
core   0: 0x80007262 (0x00000001) c.nop
core   0: 3 0x80007262 (0x0001)
core   0: 0x80007264 (0x00b7e4b3) or      s1, a5, a1
core   0: 3 0x80007264 (0x00b7e4b3) x9  0x80025e50
core   0: 0x80007268 (0x011f49b3) xor     s3, t5, a7
core   0: 3 0x80007268 (0x011f49b3) x19 0x80029ce4
core   0: 0x8000726c (0x8cf6c193) xori    gp, a3, -1841
core   0: 3 0x8000726c (0x8cf6c193) x3  0x00000751
core   0: 0x80007270 (0x01cc59b3) srl     s3, s8, t3
core   0: 3 0x80007270 (0x01cc59b3) x19 0x00000000
core   0: 0x80007274 (0x0000e205) c.bnez  a2, pc + 32
core   0: 3 0x80007274 (0xe205)
core   0: 0x80007294 (0x002cdd33) srl     s10, s9, sp
core   0: 3 0x80007294 (0x002cdd33) x26 0x00000000
core   0: 0x80007298 (0x024621b3) mulhsu  gp, a2, tp
core   0: 3 0x80007298 (0x024621b3) x3  0x00000000
core   0: 0x8000729c (0x49227f13) andi    t5, tp, 1170
core   0: 3 0x8000729c (0x49227f13) x30 0x00000000
core   0: 0x800072a0 (0x00000001) c.nop
core   0: 3 0x800072a0 (0x0001)
core   0: 0x800072a2 (0x0000e91d) c.bnez  a0, pc + 54
core   0: 3 0x800072a2 (0xe91d)
core   0: 0x800072a4 (0x00008c65) c.and   s0, s1
core   0: 3 0x800072a4 (0x8c65) x8  0x00000000
core   0: 0x800072a6 (0x416b7c13) andi    s8, s6, 1046
core   0: 3 0x800072a6 (0x416b7c13) x24 0x00000000
core   0: 0x800072aa (0x02923db3) mulhu   s11, tp, s1
core   0: 3 0x800072aa (0x02923db3) x27 0x00000000
core   0: 0x800072ae (0x000093fe) c.add   t2, t6
core   0: 3 0x800072ae (0x93fe) x7  0xb1fc31ec
core   0: 0x800072b0 (0x03f96f63) bltu    s2, t6, pc + 62
core   0: 3 0x800072b0 (0x03f96f63)
core   0: 0x800072ee (0x00008f9a) c.mv    t6, t1
core   0: 3 0x800072ee (0x8f9a) x31 0x00000000
core   0: 0x800072f0 (0x01a99113) slli    sp, s3, 26
core   0: 3 0x800072f0 (0x01a99113) x2  0x00000000
core   0: 0x800072f4 (0x02bc6a33) rem     s4, s8, a1
core   0: 3 0x800072f4 (0x02bc6a33) x20 0x00000000
core   0: 0x800072f8 (0x0000e221) c.bnez  a2, pc + 64
core   0: 3 0x800072f8 (0xe221)
core   0: 0x80007338 (0x02de7333) remu    t1, t3, a3
core   0: 3 0x80007338 (0x02de7333) x6  0x00000000
core   0: 0x8000733c (0x00008fe9) c.and   a5, a0
core   0: 3 0x8000733c (0x8fe9) x15 0x00000000
core   0: 0x8000733e (0x01155eb3) srl     t4, a0, a7
core   0: 3 0x8000733e (0x01155eb3) x29 0x00000000
core   0: 0x80007342 (0x00008c39) c.xor   s0, a4
core   0: 3 0x80007342 (0x8c39) x8  0x00000000
core   0: 0x80007344 (0x00008a16) c.mv    s4, t0
core   0: 3 0x80007344 (0x8a16) x20 0x00000000
core   0: 0x80007346 (0x00006129) c.addi16sp sp, 192
core   0: 3 0x80007346 (0x6129) x2  0x000000c0
core   0: 0x80007348 (0xebe3fb13) andi    s6, t2, -322
core   0: 3 0x80007348 (0xebe3fb13) x22 0xb1fc30ac
core   0: 0x8000734c (0x00008095) c.srli  s1, 5
core   0: 3 0x8000734c (0x8095) x9  0x040012f2
core   0: 0x8000734e (0x00000001) c.nop
core   0: 3 0x8000734e (0x0001)
core   0: 0x80007350 (0x016971b3) and     gp, s2, s6
core   0: 3 0x80007350 (0x016971b3) x3  0x00000000
core   0: 0x80007354 (0x019f67b3) or      a5, t5, s9
core   0: 3 0x80007354 (0x019f67b3) x15 0x00000000
core   0: 0x80007358 (0x03e9a7b3) mulhsu  a5, s3, t5
core   0: 3 0x80007358 (0x03e9a7b3) x15 0x00000000
core   0: 0x8000735c (0x40e55db3) sra     s11, a0, a4
core   0: 3 0x8000735c (0x40e55db3) x27 0x00000000
core   0: 0x80007360 (0x0000ce81) c.beqz  a3, pc + 24
core   0: 3 0x80007360 (0xce81)
core   0: 0x80007362 (0x00ff86b3) add     a3, t6, a5
core   0: 3 0x80007362 (0x00ff86b3) x13 0x00000000
core   0: 0x80007366 (0x01f2a433) slt     s0, t0, t6
core   0: 3 0x80007366 (0x01f2a433) x8  0x00000000
core   0: 0x8000736a (0x3b78bd13) sltiu   s10, a7, 951
core   0: 3 0x8000736a (0x3b78bd13) x26 0x00000000
core   0: 0x8000736e (0x00008aed) c.andi  a3, 27
core   0: 3 0x8000736e (0x8aed) x13 0x00000000
core   0: 0x80007370 (0x03069033) mulh    zero, a3, a6
core   0: 3 0x80007370 (0x03069033)
core   0: 0x80007374 (0x0373dd63) bge     t2, s7, pc + 58
core   0: 3 0x80007374 (0x0373dd63)
core   0: 0x80007378 (0x001f8e63) beq     t6, ra, pc + 28
core   0: 3 0x80007378 (0x001f8e63)
core   0: 0x8000737c (0x00575ab3) srl     s5, a4, t0
core   0: 3 0x8000737c (0x00575ab3) x21 0x00000000
core   0: 0x80007380 (0x024f4e33) div     t3, t5, tp
core   0: 3 0x80007380 (0x024f4e33) x28 0xffffffff
core   0: 0x80007384 (0x01751f13) slli    t5, a0, 23
core   0: 3 0x80007384 (0x01751f13) x30 0x00000000
core   0: 0x80007388 (0x000d57b3) srl     a5, s10, zero
core   0: 3 0x80007388 (0x000d57b3) x15 0x00000000
core   0: 0x8000738c (0x00008ead) c.xor   a3, a1
core   0: 3 0x8000738c (0x8ead) x13 0x80025e50
core   0: 0x8000738e (0x0000ec89) c.bnez  s1, pc + 26
core   0: 3 0x8000738e (0xec89)
core   0: 0x800073a8 (0x00000001) c.nop
core   0: 3 0x800073a8 (0x0001)
core   0: 0x800073aa (0x01dfd433) srl     s0, t6, t4
core   0: 3 0x800073aa (0x01dfd433) x8  0x00000000
core   0: 0x800073ae (0x01752fb3) slt     t6, a0, s7
core   0: 3 0x800073ae (0x01752fb3) x31 0x00000001
core   0: 0x800073b2 (0x0322f763) bgeu    t0, s2, pc + 46
core   0: 3 0x800073b2 (0x0322f763)
core   0: 0x800073e0 (0x0000613d) c.addi16sp sp, 480
core   0: 3 0x800073e0 (0x613d) x2  0x000002a0
core   0: 0x800073e2 (0x0215df63) bge     a1, ra, pc + 62
core   0: 3 0x800073e2 (0x0215df63)
core   0: 0x800073e6 (0x36558193) addi    gp, a1, 869
core   0: 3 0x800073e6 (0x36558193) x3  0x800261b5
core   0: 0x800073ea (0x0000678d) c.lui   a5, 0x3
core   0: 3 0x800073ea (0x678d) x15 0x00003000
core   0: 0x800073ec (0x0000717d) c.addi16sp sp, -16
core   0: 3 0x800073ec (0x717d) x2  0x00000290
core   0: 0x800073ee (0x018e4733) xor     a4, t3, s8
core   0: 3 0x800073ee (0x018e4733) x14 0xffffffff
core   0: 0x800073f2 (0x41775bb3) sra     s7, a4, s7
core   0: 3 0x800073f2 (0x41775bb3) x23 0xffffffff
core   0: 0x800073f6 (0x01aac263) blt     s5, s10, pc + 4
core   0: 3 0x800073f6 (0x01aac263)
core   0: 0x800073fa (0x00009ea6) c.add   t4, s1
core   0: 3 0x800073fa (0x9ea6) x29 0x040012f2
core   0: 0x800073fc (0x000064dd) c.lui   s1, 0x17
core   0: 3 0x800073fc (0x64dd) x9  0x00017000
core   0: 0x800073fe (0x00319513) slli    a0, gp, 3
core   0: 3 0x800073fe (0x00319513) x10 0x00130da8
core   0: 0x80007402 (0x000089ce) c.mv    s3, s3
core   0: 3 0x80007402 (0x89ce) x19 0x00000000
core   0: 0x80007404 (0x01224333) xor     t1, tp, s2
core   0: 3 0x80007404 (0x01224333) x6  0x00000000
core   0: 0x80007408 (0x00000e5a) c.slli  t3, 22
core   0: 3 0x80007408 (0x0e5a) x28 0xffc00000
core   0: 0x8000740a (0x00a33a33) sltu    s4, t1, a0
core   0: 3 0x8000740a (0x00a33a33) x20 0x00000001
core   0: 0x8000740e (0xbd813993) sltiu   s3, sp, -1064
core   0: 3 0x8000740e (0xbd813993) x19 0x00000001
core   0: 0x80007412 (0x0000e915) c.bnez  a0, pc + 52
core   0: 3 0x80007412 (0xe915)
core   0: 0x80007446 (0x01219493) slli    s1, gp, 18
core   0: 3 0x80007446 (0x01219493) x9  0x86d40000
core   0: 0x8000744a (0xffa60093) addi    ra, a2, -6
core   0: 3 0x8000744a (0xffa60093) x1  0x77ef29f9
core   0: 0x8000744e (0x0030f233) and     tp, ra, gp
core   0: 3 0x8000744e (0x0030f233) x4  0x000221b1
core   0: 0x80007452 (0x019f44b3) xor     s1, t5, s9
core   0: 3 0x80007452 (0x019f44b3) x9  0x00000000
core   0: 0x80007456 (0x00141713) slli    a4, s0, 1
core   0: 3 0x80007456 (0x00141713) x14 0x00000000
core   0: 0x8000745a (0x035cde33) divu    t3, s9, s5
core   0: 3 0x8000745a (0x035cde33) x28 0xffffffff
core   0: 0x8000745e (0x01e63233) sltu    tp, a2, t5
core   0: 3 0x8000745e (0x01e63233) x4  0x00000000
core   0: 0x80007462 (0x00a09eb3) sll     t4, ra, a0
core   0: 3 0x80007462 (0x00a09eb3) x29 0xef29f900
core   0: 0x80007466 (0x00908433) add     s0, ra, s1
core   0: 3 0x80007466 (0x00908433) x8  0x77ef29f9
core   0: 0x8000746a (0x012e0db3) add     s11, t3, s2
core   0: 3 0x8000746a (0x012e0db3) x27 0xffffffff
core   0: 0x8000746e (0x01987433) and     s0, a6, s9
core   0: 3 0x8000746e (0x01987433) x8  0x00000000
core   0: 0x80007472 (0x40335513) srai    a0, t1, 3
core   0: 3 0x80007472 (0x40335513) x10 0x00000000
core   0: 0x80007476 (0x02b34633) div     a2, t1, a1
core   0: 3 0x80007476 (0x02b34633) x12 0x00000000
core   0: 0x8000747a (0x0ad2cd63) blt     t0, a3, pc + 186
core   0: 3 0x8000747a (0x0ad2cd63)
core   0: 0x8000747e (0x00011117) auipc   sp, 0x11
core   0: 3 0x8000747e (0x00011117) x2  0x8001847e
core   0: 0x80007482 (0x13710113) addi    sp, sp, 311
core   0: 3 0x80007482 (0x13710113) x2  0x800185b5
core   0: 0x80007486 (0x03d86433) rem     s0, a6, t4
core   0: 3 0x80007486 (0x03d86433) x8  0x0214f8ff
core   0: 0x8000748a (0xf7910c03) lb      s8, -135(sp)
core   0: 3 0x8000748a (0xf7910c03) x24 0x00000000 mem 0x8001852e
core   0: 0x8000748e (0x01a23bb3) sltu    s7, tp, s10
core   0: 3 0x8000748e (0x01a23bb3) x23 0x00000000
core   0: 0x80007492 (0x00008d1d) c.sub   a0, a5
core   0: 3 0x80007492 (0x8d1d) x10 0xffffd000
core   0: 0x80007494 (0x021d9633) mulh    a2, s11, ra
core   0: 3 0x80007494 (0x021d9633) x12 0xffffffff
core   0: 0x80007498 (0x01223f33) sltu    t5, tp, s2
core   0: 3 0x80007498 (0x01223f33) x30 0x00000000
core   0: 0x8000749c (0x916d0413) addi    s0, s10, -1770
core   0: 3 0x8000749c (0x916d0413) x8  0xfffff916
core   0: 0x800074a0 (0x00919a93) slli    s5, gp, 9
core   0: 3 0x800074a0 (0x00919a93) x21 0x04c36a00
core   0: 0x800074a4 (0x00008e81) c.sub   a3, s0
core   0: 3 0x800074a4 (0x8e81) x13 0x8002653a
core   0: 0x800074a6 (0x03983cb3) mulhu   s9, a6, s9
core   0: 3 0x800074a6 (0x03983cb3) x25 0x00000000
core   0: 0x800074aa (0x00e15193) srli    gp, sp, 14
core   0: 3 0x800074aa (0x00e15193) x3  0x00020006
core   0: 0x800074ae (0x000087ca) c.mv    a5, s2
core   0: 3 0x800074ae (0x87ca) x15 0x00000000
core   0: 0x800074b0 (0xab1a4d13) xori    s10, s4, -1359
core   0: 3 0x800074b0 (0xab1a4d13) x26 0xfffffab0
core   0: 0x800074b4 (0xf9214603) lbu     a2, -110(sp)
core   0: 3 0x800074b4 (0xf9214603) x12 0x00000000 mem 0x80018547
core   0: 0x800074b8 (0x0f228737) lui     a4, 0xf228
core   0: 3 0x800074b8 (0x0f228737) x14 0x0f228000
core   0: 0x800074bc (0x0ad119a3) sh      a3, 179(sp)
core   0: 3 0x800074bc (0x0ad119a3) mem 0x80018668 0x653a
core   0: 0x800074c0 (0xfad10423) sb      a3, -88(sp)
core   0: 3 0x800074c0 (0xfad10423) mem 0x8001855d 0x3a
core   0: 0x800074c4 (0x71b17713) andi    a4, sp, 1819
core   0: 3 0x800074c4 (0x71b17713) x14 0x00000511
core   0: 0x800074c8 (0x021accb3) div     s9, s5, ra
core   0: 3 0x800074c8 (0x021accb3) x25 0x00000000
core   0: 0x800074cc (0x0b814b03) lbu     s6, 184(sp)
core   0: 3 0x800074cc (0x0b814b03) x22 0x00000000 mem 0x8001866d
core   0: 0x800074d0 (0xf9915b83) lhu     s7, -103(sp)
core   0: 3 0x800074d0 (0xf9915b83) x23 0x00000000 mem 0x8001854e
core   0: 0x800074d4 (0x41365293) srai    t0, a2, 19
core   0: 3 0x800074d4 (0x41365293) x5  0x00000000
core   0: 0x800074d8 (0xf60106a3) sb      zero, -147(sp)
core   0: 3 0x800074d8 (0xf60106a3) mem 0x80018522 0x00
core   0: 0x800074dc (0x00008ad5) c.andi  a3, 21
core   0: 3 0x800074dc (0x8ad5) x13 0x00000010
core   0: 0x800074de (0xfca14903) lbu     s2, -54(sp)
core   0: 3 0x800074de (0xfca14903) x18 0x00000000 mem 0x8001857f
core   0: 0x800074e2 (0xf6814183) lbu     gp, -152(sp)
core   0: 3 0x800074e2 (0xf6814183) x3  0x00000000 mem 0x8001851d
core   0: 0x800074e6 (0xf3110ba3) sb      a7, -201(sp)
core   0: 3 0x800074e6 (0xf3110ba3) mem 0x800184ec 0xe4
core   0: 0x800074ea (0xf6514f03) lbu     t5, -155(sp)
core   0: 3 0x800074ea (0xf6514f03) x30 0x00000000 mem 0x8001851a
core   0: 0x800074ee (0x09710c83) lb      s9, 151(sp)
core   0: 3 0x800074ee (0x09710c83) x25 0x00000000 mem 0x8001864c
core   0: 0x800074f2 (0x00d05293) srli    t0, zero, 13
core   0: 3 0x800074f2 (0x00d05293) x5  0x00000000
core   0: 0x800074f6 (0x00e9db33) srl     s6, s3, a4
core   0: 3 0x800074f6 (0x00e9db33) x22 0x00000000
core   0: 0x800074fa (0xfd110523) sb      a7, -54(sp)
core   0: 3 0x800074fa (0xfd110523) mem 0x8001857f 0xe4
core   0: 0x800074fe (0x02482533) mulhsu  a0, a6, tp
core   0: 3 0x800074fe (0x02482533) x10 0x00000000
core   0: 0x80007502 (0x03e14b03) lbu     s6, 62(sp)
core   0: 3 0x80007502 (0x03e14b03) x22 0x00000000 mem 0x800185f3
core   0: 0x80007506 (0x03760233) mul     tp, a2, s7
core   0: 3 0x80007506 (0x03760233) x4  0x00000000
core   0: 0x8000750a (0x03f85633) divu    a2, a6, t6
core   0: 3 0x8000750a (0x03f85633) x12 0x77ef29ff
core   0: 0x8000750e (0x00006559) c.lui   a0, 0x16
core   0: 3 0x8000750e (0x6559) x10 0x00016000
core   0: 0x80007510 (0xffa10483) lb      s1, -6(sp)
core   0: 3 0x80007510 (0xffa10483) x9  0x00000000 mem 0x800185af
core   0: 0x80007514 (0x000093ba) c.add   t2, a4
core   0: 3 0x80007514 (0x93ba) x7  0xb1fc36fd
core   0: 0x80007516 (0x05510aa3) sb      s5, 85(sp)
core   0: 3 0x80007516 (0x05510aa3) mem 0x8001860a 0x00
core   0: 0x8000751a (0x03a991b3) mulh    gp, s3, s10
core   0: 3 0x8000751a (0x03a991b3) x3  0xffffffff
core   0: 0x8000751e (0x0268dab3) divu    s5, a7, t1
core   0: 3 0x8000751e (0x0268dab3) x21 0xffffffff
core   0: 0x80007522 (0x00009ede) c.add   t4, s7
core   0: 3 0x80007522 (0x9ede) x29 0xef29f900
core   0: 0x80007524 (0x0af12c83) lw      s9, 175(sp)
core   0: 3 0x80007524 (0x0af12c83) x25 0x00000000 mem 0x80018664
core   0: 0x80007528 (0x04210f83) lb      t6, 66(sp)
core   0: 3 0x80007528 (0x04210f83) x31 0x00000000 mem 0x800185f7
core   0: 0x8000752c (0xf2214903) lbu     s2, -222(sp)
core   0: 3 0x8000752c (0xf2214903) x18 0x00000000 mem 0x800184d7
core   0: 0x80007530 (0xf0010a23) sb      zero, -236(sp)
core   0: 3 0x80007530 (0xf0010a23) mem 0x800184c9 0x00
core   0: 0x80007534 (0x00004939) c.li    s2, 14
core   0: 3 0x80007534 (0x4939) x18 0x0000000e
core   0: 0x80007536 (0x00008f81) c.sub   a5, s0
core   0: 3 0x80007536 (0x8f81) x15 0x000006ea
core   0: 0x80007538 (0x00076f33) or      t5, a4, zero
core   0: 3 0x80007538 (0x00076f33) x30 0x00000511
core   0: 0x8000753c (0x039a7163) bgeu    s4, s9, pc + 34
core   0: 3 0x8000753c (0x039a7163)
core   0: 0x8000755e (0x039639b3) mulhu   s3, a2, s9
core   0: 3 0x8000755e (0x039639b3) x19 0x00000000
core   0: 0x80007562 (0x0257b333) mulhu   t1, a5, t0
core   0: 3 0x80007562 (0x0257b333) x6  0x00000000
core   0: 0x80007566 (0x8b0b2b93) slti    s7, s6, -1872
core   0: 3 0x80007566 (0x8b0b2b93) x23 0x00000000
core   0: 0x8000756a (0x00008c19) c.sub   s0, a4
core   0: 3 0x8000756a (0x8c19) x8  0xfffff405
core   0: 0x8000756c (0x034920b3) mulhsu  ra, s2, s4
core   0: 3 0x8000756c (0x034920b3) x1  0x00000000
core   0: 0x80007570 (0x778a2313) slti    t1, s4, 1912
core   0: 3 0x80007570 (0x778a2313) x6  0x00000001
core   0: 0x80007574 (0x0057f363) bgeu    a5, t0, pc + 6
core   0: 3 0x80007574 (0x0057f363)
core   0: 0x8000757a (0x015d04b3) add     s1, s10, s5
core   0: 3 0x8000757a (0x015d04b3) x9  0xfffffaaf
core   0: 0x8000757e (0x00006145) c.addi16sp sp, 48
core   0: 3 0x8000757e (0x6145) x2  0x800185e5
core   0: 0x80007580 (0x41340bb3) sub     s7, s0, s3
core   0: 3 0x80007580 (0x41340bb3) x23 0xfffff405
core   0: 0x80007584 (0x0000c295) c.beqz  a3, pc + 36
core   0: 3 0x80007584 (0xc295)
core   0: 0x80007586 (0x00cf5c13) srli    s8, t5, 12
core   0: 3 0x80007586 (0x00cf5c13) x24 0x00000000
core   0: 0x8000758a (0x01cccf63) blt     s9, t3, pc + 30
core   0: 3 0x8000758a (0x01cccf63)
core   0: 0x8000758e (0x00008c69) c.and   s0, a0
core   0: 3 0x8000758e (0x8c69) x8  0x00016000
core   0: 0x80007590 (0x02ed9bb3) mulh    s7, s11, a4
core   0: 3 0x80007590 (0x02ed9bb3) x23 0xffffffff
core   0: 0x80007594 (0x00008f05) c.sub   a4, s1
core   0: 3 0x80007594 (0x8f05) x14 0x00000a62
core   0: 0x80007596 (0x00f61a13) slli    s4, a2, 15
core   0: 3 0x80007596 (0x00f61a13) x20 0x94ff8000
core   0: 0x8000759a (0x66b403b7) lui     t2, 0x66b40
core   0: 3 0x8000759a (0x66b403b7) x7  0x66b40000
core   0: 0x8000759e (0x00009a7d) c.andi  a2, -1
core   0: 3 0x8000759e (0x9a7d) x12 0x77ef29ff
core   0: 0x800075a0 (0x69a0ab13) slti    s6, ra, 1690
core   0: 3 0x800075a0 (0x69a0ab13) x22 0x00000001
core   0: 0x800075a4 (0x444b0513) addi    a0, s6, 1092
core   0: 3 0x800075a4 (0x444b0513) x10 0x00000445
core   0: 0x800075a8 (0x021560b3) rem     ra, a0, ra
core   0: 3 0x800075a8 (0x021560b3) x1  0x00000445
core   0: 0x800075ac (0x02a972b3) remu    t0, s2, a0
core   0: 3 0x800075ac (0x02a972b3) x5  0x0000000e
core   0: 0x800075b0 (0x401d5933) sra     s2, s10, ra
core   0: 3 0x800075b0 (0x401d5933) x18 0xffffffd5
core   0: 0x800075b4 (0x03864b33) div     s6, a2, s8
core   0: 3 0x800075b4 (0x03864b33) x22 0xffffffff
core   0: 0x800075b8 (0x0d5f4363) blt     t5, s5, pc + 198
core   0: 3 0x800075b8 (0x0d5f4363)
core   0: 0x800075bc (0x0d6ce863) bltu    s9, s6, pc + 208
core   0: 3 0x800075bc (0x0d6ce863)
core   0: 0x8000768c (0x8760ca93) xori    s5, ra, -1930
core   0: 3 0x8000768c (0x8760ca93) x21 0xfffffc33
core   0: 0x80007690 (0x03aed363) bge     t4, s10, pc + 38
core   0: 3 0x80007690 (0x03aed363)
core   0: 0x80007694 (0x001692b3) sll     t0, a3, ra
core   0: 3 0x80007694 (0x001692b3) x5  0x00000200
core   0: 0x80007698 (0x0156fe33) and     t3, a3, s5
core   0: 3 0x80007698 (0x0156fe33) x28 0x00000010
core   0: 0x8000769c (0x5e7b2d13) slti    s10, s6, 1511
core   0: 3 0x8000769c (0x5e7b2d13) x26 0x00000001
core   0: 0x800076a0 (0x00008b39) c.andi  a4, 14
core   0: 3 0x800076a0 (0x8b39) x14 0x00000002
core   0: 0x800076a2 (0x00008d19) c.sub   a0, a4
core   0: 3 0x800076a2 (0x8d19) x10 0x00000443
core   0: 0x800076a4 (0xfb2b7913) andi    s2, s6, -78
core   0: 3 0x800076a4 (0xfb2b7913) x18 0xffffffb2
core   0: 0x800076a8 (0x69bc4d97) auipc   s11, 0x69bc4
core   0: 3 0x800076a8 (0x69bc4d97) x27 0xe9bcb6a8
core   0: 0x800076ac (0x0368b933) mulhu   s2, a7, s6
core   0: 3 0x800076ac (0x0368b933) x18 0x80029ce3
core   0: 0x800076b0 (0x00000001) c.nop
core   0: 3 0x800076b0 (0x0001)
core   0: 0x800076b2 (0x3db86413) ori     s0, a6, 987
core   0: 3 0x800076b2 (0x3db86413) x8  0x77ef2bff
core   0: 0x800076b6 (0x01c514b3) sll     s1, a0, t3
core   0: 3 0x800076b6 (0x01c514b3) x9  0x04430000
core   0: 0x800076ba (0x415ddd93) srai    s11, s11, 21
core   0: 3 0x800076ba (0x415ddd93) x27 0xffffff4d
core   0: 0x800076be (0x4e9ff6b7) lui     a3, 0x4e9ff
core   0: 3 0x800076be (0x4e9ff6b7) x13 0x4e9ff000
core   0: 0x800076c2 (0x03f1b333) mulhu   t1, gp, t6
core   0: 3 0x800076c2 (0x03f1b333) x6  0x00000000
core   0: 0x800076c6 (0x0170d693) srli    a3, ra, 23
core   0: 3 0x800076c6 (0x0170d693) x13 0x00000000
core   0: 0x800076ca (0x20f7c913) xori    s2, a5, 527
core   0: 3 0x800076ca (0x20f7c913) x18 0x000004e5
core   0: 0x800076ce (0x00008d0d) c.sub   a0, a1
core   0: 3 0x800076ce (0x8d0d) x10 0x7ffda5f3
core   0: 0x800076d0 (0xa0f08793) addi    a5, ra, -1521
core   0: 3 0x800076d0 (0xa0f08793) x15 0xfffffe54
core   0: 0x800076d4 (0x0000854e) c.mv    a0, s3
core   0: 3 0x800076d4 (0x854e) x10 0x00000000
core   0: 0x800076d6 (0x00008a5e) c.mv    s4, s7
core   0: 3 0x800076d6 (0x8a5e) x20 0xffffffff
core   0: 0x800076d8 (0x02a77933) remu    s2, a4, a0
core   0: 3 0x800076d8 (0x02a77933) x18 0x00000002
core   0: 0x800076dc (0x02de8ab3) mul     s5, t4, a3
core   0: 3 0x800076dc (0x02de8ab3) x21 0x00000000
core   0: 0x800076e0 (0x00008f99) c.sub   a5, a4
core   0: 3 0x800076e0 (0x8f99) x15 0xfffffe52
core   0: 0x800076e2 (0x0000ef91) c.bnez  a5, pc + 28
core   0: 3 0x800076e2 (0xef91)
core   0: 0x800076fe (0x004f5c33) srl     s8, t5, tp
core   0: 3 0x800076fe (0x004f5c33) x24 0x00000511
core   0: 0x80007702 (0x0209ecb3) rem     s9, s3, zero
core   0: 3 0x80007702 (0x0209ecb3) x25 0x00000000
core   0: 0x80007706 (0x033ac1b3) div     gp, s5, s3
core   0: 3 0x80007706 (0x033ac1b3) x3  0xffffffff
core   0: 0x8000770a (0x03f49933) mulh    s2, s1, t6
core   0: 3 0x8000770a (0x03f49933) x18 0x00000000
core   0: 0x8000770e (0x0000ef89) c.bnez  a5, pc + 26
core   0: 3 0x8000770e (0xef89)
core   0: 0x80007728 (0x00633cb3) sltu    s9, t1, t1
core   0: 3 0x80007728 (0x00633cb3) x25 0x00000000
core   0: 0x8000772c (0x05d7f263) bgeu    a5, t4, pc + 68
core   0: 3 0x8000772c (0x05d7f263)
core   0: 0x80007770 (0x0000090e) c.slli  s2, 3
core   0: 3 0x80007770 (0x090e) x18 0x00000000
core   0: 0x80007772 (0x200d3793) sltiu   a5, s10, 512
core   0: 3 0x80007772 (0x200d3793) x15 0x00000001
core   0: 0x80007776 (0x418edb93) srai    s7, t4, 24
core   0: 3 0x80007776 (0x418edb93) x23 0xffffffef
core   0: 0x8000777a (0x00008171) c.srli  a0, 28
core   0: 3 0x8000777a (0x8171) x10 0x00000000
core   0: 0x8000777c (0x00008ebe) c.mv    t4, a5
core   0: 3 0x8000777c (0x8ebe) x29 0x00000001
core   0: 0x8000777e (0x01b6cf33) xor     t5, a3, s11
core   0: 3 0x8000777e (0x01b6cf33) x30 0xffffff4d
core   0: 0x80007782 (0xbf4b2193) slti    gp, s6, -1036
core   0: 3 0x80007782 (0xbf4b2193) x3  0x00000000
core   0: 0x80007786 (0x027ed933) divu    s2, t4, t2
core   0: 3 0x80007786 (0x027ed933) x18 0x00000000
core   0: 0x8000778a (0x00008459) c.srai  s0, 22
core   0: 3 0x8000778a (0x8459) x8  0x000001df
core   0: 0x8000778c (0x00005cfd) c.li    s9, -1
core   0: 3 0x8000778c (0x5cfd) x25 0xffffffff
core   0: 0x8000778e (0x000004f2) c.slli  s1, 28
core   0: 3 0x8000778e (0x04f2) x9  0x00000000
core   0: 0x80007790 (0x000050fd) c.li    ra, -1
core   0: 3 0x80007790 (0x50fd) x1  0xffffffff
core   0: 0x80007792 (0x032553b3) divu    t2, a0, s2
core   0: 3 0x80007792 (0x032553b3) x7  0xffffffff
core   0: 0x80007796 (0x016307b3) add     a5, t1, s6
core   0: 3 0x80007796 (0x016307b3) x15 0xffffffff
core   0: 0x8000779a (0x02dec1b3) div     gp, t4, a3
core   0: 3 0x8000779a (0x02dec1b3) x3  0xffffffff
core   0: 0x8000779e (0x01791393) slli    t2, s2, 23
core   0: 3 0x8000779e (0x01791393) x7  0x00000000
core   0: 0x800077a2 (0x00000001) c.nop
core   0: 3 0x800077a2 (0x0001)
core   0: 0x800077a4 (0x00008c31) c.xor   s0, a2
core   0: 3 0x800077a4 (0x8c31) x8  0x77ef2820
core   0: 0x800077a6 (0x012299b3) sll     s3, t0, s2
core   0: 3 0x800077a6 (0x012299b3) x19 0x00000200
core   0: 0x800077aa (0x5d9bec93) ori     s9, s7, 1497
core   0: 3 0x800077aa (0x5d9bec93) x25 0xffffffff
core   0: 0x800077ae (0x01b6beb3) sltu    t4, a3, s11
core   0: 3 0x800077ae (0x01b6beb3) x29 0x00000001
core   0: 0x800077b2 (0x0000850d) c.srai  a0, 3
core   0: 3 0x800077b2 (0x850d) x10 0x00000000
core   0: 0x800077b4 (0x01a25c33) srl     s8, tp, s10
core   0: 3 0x800077b4 (0x01a25c33) x24 0x00000000
core   0: 0x800077b8 (0x001d1993) slli    s3, s10, 1
core   0: 3 0x800077b8 (0x001d1993) x19 0x00000002
core   0: 0x800077bc (0x02033fb3) mulhu   t6, t1, zero
core   0: 3 0x800077bc (0x02033fb3) x31 0x00000000
core   0: 0x800077c0 (0x038d9433) mulh    s0, s11, s8
core   0: 3 0x800077c0 (0x038d9433) x8  0x00000000
core   0: 0x800077c4 (0x00001e7d) c.addi  t3, -1
core   0: 3 0x800077c4 (0x1e7d) x28 0x0000000f
core   0: 0x800077c6 (0x024a0bb3) mul     s7, s4, tp
core   0: 3 0x800077c6 (0x024a0bb3) x23 0x00000000
core   0: 0x800077ca (0x00008895) c.andi  s1, 5
core   0: 3 0x800077ca (0x8895) x9  0x00000000
core   0: 0x800077cc (0x00004a09) c.li    s4, 2
core   0: 3 0x800077cc (0x4a09) x20 0x00000002
core   0: 0x800077ce (0x0000896e) c.mv    s2, s11
core   0: 3 0x800077ce (0x896e) x18 0xffffff4d
core   0: 0x800077d0 (0x09bb8a93) addi    s5, s7, 155
core   0: 3 0x800077d0 (0x09bb8a93) x21 0x0000009b
core   0: 0x800077d4 (0x0055c333) xor     t1, a1, t0
core   0: 3 0x800077d4 (0x0055c333) x6  0x80025c50
core   0: 0x800077d8 (0x00009f36) c.add   t5, a3
core   0: 3 0x800077d8 (0x9f36) x30 0xffffff4d
core   0: 0x800077da (0x800c0b93) addi    s7, s8, -2048
core   0: 3 0x800077da (0x800c0b93) x23 0xfffff800
core   0: 0x800077de (0x00008f79) c.and   a4, a4
core   0: 3 0x800077de (0x8f79) x14 0x00000002
core   0: 0x800077e0 (0x41dc5113) srai    sp, s8, 29
core   0: 3 0x800077e0 (0x41dc5113) x2  0x00000000
core   0: 0x800077e4 (0x40590eb3) sub     t4, s2, t0
core   0: 3 0x800077e4 (0x40590eb3) x29 0xfffffd4d
core   0: 0x800077e8 (0x00008321) c.srli  a4, 8
core   0: 3 0x800077e8 (0x8321) x14 0x00000000
core   0: 0x800077ea (0x550a6a93) ori     s5, s4, 1360
core   0: 3 0x800077ea (0x550a6a93) x21 0x00000552
core   0: 0x800077ee (0x00008465) c.srai  s0, 25
core   0: 3 0x800077ee (0x8465) x8  0x00000000
core   0: 0x800077f0 (0x01cd9c63) bne     s11, t3, pc + 24
core   0: 3 0x800077f0 (0x01cd9c63)
core   0: 0x80007808 (0x00006509) c.lui   a0, 0x2
core   0: 3 0x80007808 (0x6509) x10 0x00002000
core   0: 0x8000780a (0x00005cfd) c.li    s9, -1
core   0: 3 0x8000780a (0x5cfd) x25 0xffffffff
core   0: 0x8000780c (0x00960a33) add     s4, a2, s1
core   0: 3 0x8000780c (0x00960a33) x20 0x77ef29ff
core   0: 0x80007810 (0x03c559b3) divu    s3, a0, t3
core   0: 3 0x80007810 (0x03c559b3) x19 0x00000222
core   0: 0x80007814 (0x00008349) c.srli  a4, 18
core   0: 3 0x80007814 (0x8349) x14 0x00000000
core   0: 0x80007816 (0x00008d35) c.xor   a0, a3
core   0: 3 0x80007816 (0x8d35) x10 0x00002000
core   0: 0x80007818 (0x7985af93) slti    t6, a1, 1944
core   0: 3 0x80007818 (0x7985af93) x31 0x00000001
core   0: 0x8000781c (0x00612ab3) slt     s5, sp, t1
core   0: 3 0x8000781c (0x00612ab3) x21 0x00000000
core   0: 0x80007820 (0x03853eb3) mulhu   t4, a0, s8
core   0: 3 0x80007820 (0x03853eb3) x29 0x00000000
core   0: 0x80007824 (0x000082bd) c.srli  a3, 15
core   0: 3 0x80007824 (0x82bd) x13 0x00000000
core   0: 0x80007826 (0x00008b76) c.mv    s6, t4
core   0: 3 0x80007826 (0x8b76) x22 0x00000000
core   0: 0x80007828 (0x03046633) rem     a2, s0, a6
core   0: 3 0x80007828 (0x03046633) x12 0x00000000
core   0: 0x8000782c (0x401609b3) sub     s3, a2, ra
core   0: 3 0x8000782c (0x401609b3) x19 0x00000001
core   0: 0x80007830 (0x03dd6433) rem     s0, s10, t4
core   0: 3 0x80007830 (0x03dd6433) x8  0x00000001
core   0: 0x80007834 (0x0320c233) div     tp, ra, s2
core   0: 3 0x80007834 (0x0320c233) x4  0x00000000
core   0: 0x80007838 (0x00000001) c.nop
core   0: 3 0x80007838 (0x0001)
core   0: 0x8000783a (0x00008119) c.srli  a0, 6
core   0: 3 0x8000783a (0x8119) x10 0x00000080
core   0: 0x8000783c (0x00000001) c.nop
core   0: 3 0x8000783c (0x0001)
core   0: 0x8000783e (0x001527b3) slt     a5, a0, ra
core   0: 3 0x8000783e (0x001527b3) x15 0x00000000
core   0: 0x80007842 (0x006c6d63) bltu    s8, t1, pc + 26
core   0: 3 0x80007842 (0x006c6d63)
core   0: 0x8000785c (0x0000ee11) c.bnez  a2, pc + 28
core   0: 3 0x8000785c (0xee11)
core   0: 0x8000785e (0x024c8063) beq     s9, tp, pc + 32
core   0: 3 0x8000785e (0x024c8063)
core   0: 0x80007862 (0xd51eb793) sltiu   a5, t4, -687
core   0: 3 0x80007862 (0xd51eb793) x15 0x00000001
core   0: 0x80007866 (0x00006ef9) c.lui   t4, 0x1e
core   0: 3 0x80007866 (0x6ef9) x29 0x0001e000
core   0: 0x80007868 (0x0000717d) c.addi16sp sp, -16
core   0: 3 0x80007868 (0x717d) x2  0xfffffff0
core   0: 0x8000786a (0x01782033) slt     zero, a6, s7
core   0: 3 0x8000786a (0x01782033)
core   0: 0x8000786e (0x02138d63) beq     t2, ra, pc + 58
core   0: 3 0x8000786e (0x02138d63)
core   0: 0x80007872 (0x00008e0e) c.mv    t3, gp
core   0: 3 0x80007872 (0x8e0e) x28 0xffffffff
core   0: 0x80007874 (0x02aa5e63) bge     s4, a0, pc + 60
core   0: 3 0x80007874 (0x02aa5e63)
core   0: 0x800078b0 (0x0000147d) c.addi  s0, -1
core   0: 3 0x800078b0 (0x147d) x8  0x00000000
core   0: 0x800078b2 (0x0000717d) c.addi16sp sp, -16
core   0: 3 0x800078b2 (0x717d) x2  0xffffffe0
core   0: 0x800078b4 (0x03c23633) mulhu   a2, tp, t3
core   0: 3 0x800078b4 (0x03c23633) x12 0x00000000
core   0: 0x800078b8 (0x00008f6d) c.and   a4, a1
core   0: 3 0x800078b8 (0x8f6d) x14 0x00000000
core   0: 0x800078ba (0xa0cff293) andi    t0, t6, -1524
core   0: 3 0x800078ba (0xa0cff293) x5  0x00000000
core   0: 0x800078be (0x00000001) c.nop
core   0: 3 0x800078be (0x0001)
core   0: 0x800078c0 (0x00006af1) c.lui   s5, 0x1c
core   0: 3 0x800078c0 (0x6af1) x21 0x0001c000
core   0: 0x800078c2 (0x0000997d) c.andi  a0, -1
core   0: 3 0x800078c2 (0x997d) x10 0x00000080
core   0: 0x800078c4 (0x018d6b33) or      s6, s10, s8
core   0: 3 0x800078c4 (0x018d6b33) x22 0x00000001
core   0: 0x800078c8 (0x00009bfd) c.andi  a5, -1
core   0: 3 0x800078c8 (0x9bfd) x15 0x00000001
core   0: 0x800078ca (0x00008c95) c.sub   s1, a3
core   0: 3 0x800078ca (0x8c95) x9  0x00000000
core   0: 0x800078cc (0x0000e51d) c.bnez  a0, pc + 46
core   0: 3 0x800078cc (0xe51d)
core   0: 0x800078fa (0x00008f7d) c.and   a4, a5
core   0: 3 0x800078fa (0x8f7d) x14 0x00000000
core   0: 0x800078fc (0x02f67163) bgeu    a2, a5, pc + 34
core   0: 3 0x800078fc (0x02f67163)
core   0: 0x80007900 (0x0000822d) c.srli  a2, 11
core   0: 3 0x80007900 (0x822d) x12 0x00000000
core   0: 0x80007902 (0x03f592b3) mulh    t0, a1, t6
core   0: 3 0x80007902 (0x03f592b3) x5  0xffffffff
core   0: 0x80007906 (0x00008f1d) c.sub   a4, a5
core   0: 3 0x80007906 (0x8f1d) x14 0xffffffff
core   0: 0x80007908 (0x02edccb3) div     s9, s11, a4
core   0: 3 0x80007908 (0x02edccb3) x25 0x000000b3
core   0: 0x8000790c (0x00000f18) c.addi4spn a4, sp, 912
core   0: 3 0x8000790c (0x0f18) x14 0x00000370
core   0: 0x8000790e (0x00008ebd) c.xor   a3, a5
core   0: 3 0x8000790e (0x8ebd) x13 0x00000001
core   0: 0x80007910 (0x01839963) bne     t2, s8, pc + 18
core   0: 3 0x80007910 (0x01839963)
core   0: 0x80007914 (0x00001894) c.addi4spn a3, sp, 112
core   0: 3 0x80007914 (0x1894) x13 0x00000050
core   0: 0x80007916 (0x020d0b63) beqz    s10, pc + 54
core   0: 3 0x80007916 (0x020d0b63)
core   0: 0x8000791a (0x02288433) mul     s0, a7, sp
core   0: 3 0x8000791a (0x02288433) x8  0xffac6380
core   0: 0x8000791e (0x40ae02b3) sub     t0, t3, a0
core   0: 3 0x8000791e (0x40ae02b3) x5  0xffffff7f
core   0: 0x80007922 (0x6bbe6393) ori     t2, t3, 1723
core   0: 3 0x80007922 (0x6bbe6393) x7  0xffffffff
core   0: 0x80007926 (0x00008306) c.mv    t1, ra
core   0: 3 0x80007926 (0x8306) x6  0xffffffff
core   0: 0x80007928 (0x003e3e33) sltu    t3, t3, gp
core   0: 3 0x80007928 (0x003e3e33) x28 0x00000000
core   0: 0x8000792c (0x02ee9263) bne     t4, a4, pc + 36
core   0: 3 0x8000792c (0x02ee9263)
core   0: 0x80007950 (0x149c3613) sltiu   a2, s8, 329
core   0: 3 0x80007950 (0x149c3613) x12 0x00000001
core   0: 0x80007954 (0x02c98c63) beq     s3, a2, pc + 56
core   0: 3 0x80007954 (0x02c98c63)
core   0: 0x8000798c (0x03b3c263) blt     t2, s11, pc + 36
core   0: 3 0x8000798c (0x03b3c263)
core   0: 0x80007990 (0x693d0f93) addi    t6, s10, 1683
core   0: 3 0x80007990 (0x693d0f93) x31 0x00000694
core   0: 0x80007994 (0xe08a3b97) auipc   s7, 0xe08a3
core   0: 3 0x80007994 (0xe08a3b97) x23 0x608aa994
core   0: 0x80007998 (0x03a69633) mulh    a2, a3, s10
core   0: 3 0x80007998 (0x03a69633) x12 0x00000000
core   0: 0x8000799c (0x00eb3a33) sltu    s4, s6, a4
core   0: 3 0x8000799c (0x00eb3a33) x20 0x00000001
core   0: 0x800079a0 (0x006de0b3) or      ra, s11, t1
core   0: 3 0x800079a0 (0x006de0b3) x1  0xffffffff
core   0: 0x800079a4 (0x00f45e13) srli    t3, s0, 15
core   0: 3 0x800079a4 (0x00f45e13) x28 0x0001ff58
core   0: 0x800079a8 (0xeee24793) xori    a5, tp, -274
core   0: 3 0x800079a8 (0xeee24793) x15 0xfffffeee
core   0: 0x800079ac (0x435a4a13) xori    s4, s4, 1077
core   0: 3 0x800079ac (0x435a4a13) x20 0x00000434
core   0: 0x800079b0 (0x00008895) c.andi  s1, 5
core   0: 3 0x800079b0 (0x8895) x9  0x00000000
core   0: 0x800079b2 (0x01dfd093) srli    ra, t6, 29
core   0: 3 0x800079b2 (0x01dfd093) x1  0x00000000
core   0: 0x800079b6 (0x03fdd763) bge     s11, t6, pc + 46
core   0: 3 0x800079b6 (0x03fdd763)
core   0: 0x800079ba (0x00000001) c.nop
core   0: 3 0x800079ba (0x0001)
core   0: 0x800079bc (0x0000717d) c.addi16sp sp, -16
core   0: 3 0x800079bc (0x717d) x2  0xffffffd0
core   0: 0x800079be (0x00009fd6) c.add   t6, s5
core   0: 3 0x800079be (0x9fd6) x31 0x0001c694
core   0: 0x800079c0 (0x026011b3) mulh    gp, zero, t1
core   0: 3 0x800079c0 (0x026011b3) x3  0x00000000
core   0: 0x800079c4 (0x0000e79d) c.bnez  a5, pc + 46
core   0: 3 0x800079c4 (0xe79d)
core   0: 0x800079f2 (0x02fc3a33) mulhu   s4, s8, a5
core   0: 3 0x800079f2 (0x02fc3a33) x20 0x00000000
core   0: 0x800079f6 (0x009e5f33) srl     t5, t3, s1
core   0: 3 0x800079f6 (0x009e5f33) x30 0x0001ff58
core   0: 0x800079fa (0x40e15693) srai    a3, sp, 14
core   0: 3 0x800079fa (0x40e15693) x13 0xffffffff
core   0: 0x800079fe (0xd1297693) andi    a3, s2, -750
core   0: 3 0x800079fe (0xd1297693) x13 0xfffffd00
core   0: 0x80007a02 (0x00001e88) c.addi4spn a0, sp, 880
core   0: 3 0x80007a02 (0x1e88) x10 0x00000340
core   0: 0x80007a04 (0x0000609d) c.lui   ra, 0x7
core   0: 3 0x80007a04 (0x609d) x1  0x00007000
core   0: 0x80007a06 (0x002b5f93) srli    t6, s6, 2
core   0: 3 0x80007a06 (0x002b5f93) x31 0x00000000
core   0: 0x80007a0a (0x00000001) c.nop
core   0: 3 0x80007a0a (0x0001)
core   0: 0x80007a0c (0x34dd7993) andi    s3, s10, 845
core   0: 3 0x80007a0c (0x34dd7993) x19 0x00000001
core   0: 0x80007a10 (0x01b883b3) add     t2, a7, s11
core   0: 3 0x80007a10 (0x01b883b3) x7  0x80029c31
core   0: 0x80007a14 (0x4054dd13) srai    s10, s1, 5
core   0: 3 0x80007a14 (0x4054dd13) x26 0x00000000
core   0: 0x80007a18 (0x0181dc63) bge     gp, s8, pc + 24
core   0: 3 0x80007a18 (0x0181dc63)
core   0: 0x80007a30 (0x0226f363) bgeu    a3, sp, pc + 38
core   0: 3 0x80007a30 (0x0226f363)
core   0: 0x80007a34 (0x00887f63) bgeu    a6, s0, pc + 30
core   0: 3 0x80007a34 (0x00887f63)
core   0: 0x80007a38 (0x4121dc93) srai    s9, gp, 18
core   0: 3 0x80007a38 (0x4121dc93) x25 0x00000000
core   0: 0x80007a3c (0x02a38333) mul     t1, t2, a0
core   0: 3 0x80007a3c (0x02a38333) x6  0x087b9f40
core   0: 0x80007a40 (0x000019fd) c.addi  s3, -1
core   0: 3 0x80007a40 (0x19fd) x19 0x00000000
core   0: 0x80007a42 (0x02ef0f63) beq     t5, a4, pc + 62
core   0: 3 0x80007a42 (0x02ef0f63)
core   0: 0x80007a46 (0x00aff463) bgeu    t6, a0, pc + 8
core   0: 3 0x80007a46 (0x00aff463)
core   0: 0x80007a4a (0x018bff33) and     t5, s7, s8
core   0: 3 0x80007a4a (0x018bff33) x30 0x00000000
core   0: 0x80007a4e (0x01d7c663) blt     a5, t4, pc + 12
core   0: 3 0x80007a4e (0x01d7c663)
core   0: 0x80007a5a (0xbc50c193) xori    gp, ra, -1083
core   0: 3 0x80007a5a (0xbc50c193) x3  0xffff8bc5
core   0: 0x80007a5e (0x01be9f63) bne     t4, s11, pc + 30
core   0: 3 0x80007a5e (0x01be9f63)
core   0: 0x80007a7c (0x02dcd363) bge     s9, a3, pc + 38
core   0: 3 0x80007a7c (0x02dcd363)
core   0: 0x80007aa2 (0x01d5de13) srli    t3, a1, 29
core   0: 3 0x80007aa2 (0x01d5de13) x28 0x00000004
core   0: 0x80007aa6 (0x02ed0a33) mul     s4, s10, a4
core   0: 3 0x80007aa6 (0x02ed0a33) x20 0x00000000
core   0: 0x80007aaa (0x022ff563) bgeu    t6, sp, pc + 42
core   0: 3 0x80007aaa (0x022ff563)
core   0: 0x80007aae (0x000c2e33) slt     t3, s8, zero
core   0: 3 0x80007aae (0x000c2e33) x28 0x00000000
core   0: 0x80007ab2 (0x417707b3) sub     a5, a4, s7
core   0: 3 0x80007ab2 (0x417707b3) x15 0x9f7559dc
core   0: 0x80007ab6 (0x01b22c33) slt     s8, tp, s11
core   0: 3 0x80007ab6 (0x01b22c33) x24 0x00000000
core   0: 0x80007aba (0x00000001) c.nop
core   0: 3 0x80007aba (0x0001)
core   0: 0x80007abc (0x6a029517) auipc   a0, 0x6a029
core   0: 3 0x80007abc (0x6a029517) x10 0xea030abc
core   0: 0x80007ac0 (0x00000001) c.nop
core   0: 3 0x80007ac0 (0x0001)
core   0: 0x80007ac2 (0x01adc7b3) xor     a5, s11, s10
core   0: 3 0x80007ac2 (0x01adc7b3) x15 0xffffff4d
core   0: 0x80007ac6 (0x0000167d) c.addi  a2, -1
core   0: 3 0x80007ac6 (0x167d) x12 0xffffffff
core   0: 0x80007ac8 (0x404d0633) sub     a2, s10, tp
core   0: 3 0x80007ac8 (0x404d0633) x12 0x00000000
core   0: 0x80007acc (0x0000e109) c.bnez  a0, pc + 2
core   0: 3 0x80007acc (0xe109)
core   0: 0x80007ace (0x0000c69d) c.beqz  a3, pc + 46
core   0: 3 0x80007ace (0xc69d)
core   0: 0x80007ad0 (0x0000015e) c.slli  sp, 23
core   0: 3 0x80007ad0 (0x015e) x2  0xe8000000
core   0: 0x80007ad2 (0x00008c99) c.sub   s1, a4
core   0: 3 0x80007ad2 (0x8c99) x9  0xfffffc90
core   0: 0x80007ad4 (0xa653ed17) auipc   s10, 0xa653e
core   0: 3 0x80007ad4 (0xa653ed17) x26 0x26545ad4
core   0: 0x80007ad8 (0x00004a09) c.li    s4, 2
core   0: 3 0x80007ad8 (0x4a09) x20 0x00000002
core   0: 0x80007ada (0x0000e11d) c.bnez  a0, pc + 38
core   0: 3 0x80007ada (0xe11d)
core   0: 0x80007b00 (0x0000717d) c.addi16sp sp, -16
core   0: 3 0x80007b00 (0x717d) x2  0xe7fffff0
core   0: 0x80007b02 (0x00008d65) c.and   a0, s1
core   0: 3 0x80007b02 (0x8d65) x10 0xea030890
core   0: 0x80007b04 (0x40855e33) sra     t3, a0, s0
core   0: 3 0x80007b04 (0x40855e33) x28 0xea030890
core   0: 0x80007b08 (0x60cefa13) andi    s4, t4, 1548
core   0: 3 0x80007b08 (0x60cefa13) x20 0x00000000
core   0: 0x80007b0c (0x04f58163) beq     a1, a5, pc + 66
core   0: 3 0x80007b0c (0x04f58163)
core   0: 0x80007b10 (0x00008f2d) c.xor   a4, a1
core   0: 3 0x80007b10 (0x8f2d) x14 0x80025d20
core   0: 0x80007b12 (0x012ff233) and     tp, t6, s2
core   0: 3 0x80007b12 (0x012ff233) x4  0x00000000
core   0: 0x80007b16 (0x03378863) beq     a5, s3, pc + 48
core   0: 3 0x80007b16 (0x03378863)
core   0: 0x80007b1a (0x00000001) c.nop
core   0: 3 0x80007b1a (0x0001)
core   0: 0x80007b1c (0x00000001) c.nop
core   0: 3 0x80007b1c (0x0001)
core   0: 0x80007b1e (0x00009a92) c.add   s5, tp
core   0: 3 0x80007b1e (0x9a92) x21 0x0001c000
core   0: 0x80007b20 (0x009ef033) and     zero, t4, s1
core   0: 3 0x80007b20 (0x009ef033)
core   0: 0x80007b24 (0x7da23c13) sltiu   s8, tp, 2010
core   0: 3 0x80007b24 (0x7da23c13) x24 0x00000001
core   0: 0x80007b28 (0x0214be33) mulhu   t3, s1, ra
core   0: 3 0x80007b28 (0x0214be33) x28 0x00006fff
core   0: 0x80007b2c (0x01f2ef63) bltu    t0, t6, pc + 30
core   0: 3 0x80007b2c (0x01f2ef63)
core   0: 0x80007b30 (0x0000c01d) c.beqz  s0, pc + 38
core   0: 3 0x80007b30 (0xc01d)
core   0: 0x80007b32 (0x02ae90b3) mulh    ra, t4, a0
core   0: 3 0x80007b32 (0x02ae90b3) x1  0xffffd6c5
core   0: 0x80007b36 (0x01b0a9b3) slt     s3, ra, s11
core   0: 3 0x80007b36 (0x01b0a9b3) x19 0x00000001
core   0: 0x80007b3a (0x00008bb1) c.andi  a5, 12
core   0: 3 0x80007b3a (0x8bb1) x15 0x0000000c
core   0: 0x80007b3c (0x000011fd) c.addi  gp, -1
core   0: 3 0x80007b3c (0x11fd) x3  0xffff8bc4
core   0: 0x80007b3e (0x016b1333) sll     t1, s6, s6
core   0: 3 0x80007b3e (0x016b1333) x6  0x00000002
core   0: 0x80007b42 (0x030e0163) beq     t3, a6, pc + 34
core   0: 3 0x80007b42 (0x030e0163)
core   0: 0x80007b46 (0x02cb8563) beq     s7, a2, pc + 42
core   0: 3 0x80007b46 (0x02cb8563)
core   0: 0x80007b4a (0x02176f33) rem     t5, a4, ra
core   0: 3 0x80007b4a (0x02176f33) x30 0xffffdceb
core   0: 0x80007b4e (0x0185c263) blt     a1, s8, pc + 4
core   0: 3 0x80007b4e (0x0185c263)
core   0: 0x80007b52 (0x010473b3) and     t2, s0, a6
core   0: 3 0x80007b52 (0x010473b3) x7  0x77ac2180
core   0: 0x80007b56 (0x4133dc33) sra     s8, t2, s3
core   0: 3 0x80007b56 (0x4133dc33) x24 0x3bd610c0
core   0: 0x80007b5a (0x0000868d) c.srai  a3, 3
core   0: 3 0x80007b5a (0x868d) x13 0xffffffa0
core   0: 0x80007b5c (0x03ea6b33) rem     s6, s4, t5
core   0: 3 0x80007b5c (0x03ea6b33) x22 0x00000000
core   0: 0x80007b60 (0x00008d41) c.or    a0, s0
core   0: 3 0x80007b60 (0x8d41) x10 0xffaf6b90
core   0: 0x80007b62 (0x00000c92) c.slli  s9, 4
core   0: 3 0x80007b62 (0x0c92) x25 0x00000000
core   0: 0x80007b64 (0x01b35c33) srl     s8, t1, s11
core   0: 3 0x80007b64 (0x01b35c33) x24 0x00000000
core   0: 0x80007b68 (0x026a5363) bge     s4, t1, pc + 38
core   0: 3 0x80007b68 (0x026a5363)
core   0: 0x80007b6c (0x2afbcb93) xori    s7, s7, 687
core   0: 3 0x80007b6c (0x2afbcb93) x23 0x608aab3b
core   0: 0x80007b70 (0x00b11b93) slli    s7, sp, 11
core   0: 3 0x80007b70 (0x00b11b93) x23 0xffff8000
core   0: 0x80007b74 (0x00006131) c.addi16sp sp, 320
core   0: 3 0x80007b74 (0x6131) x2  0xe8000130
core   0: 0x80007b76 (0x01f25913) srli    s2, tp, 31
core   0: 3 0x80007b76 (0x01f25913) x18 0x00000000
core   0: 0x80007b7a (0x40f4d113) srai    sp, s1, 15
core   0: 3 0x80007b7a (0x40f4d113) x2  0xffffffff
core   0: 0x80007b7e (0x00008ff9) c.and   a5, a4
core   0: 3 0x80007b7e (0x8ff9) x15 0x00000000
core   0: 0x80007b80 (0x40f45693) srai    a3, s0, 15
core   0: 3 0x80007b80 (0x40f45693) x13 0xffffff58
core   0: 0x80007b84 (0x00008021) c.srli  s0, 8
core   0: 3 0x80007b84 (0x8021) x8  0x00ffac63
core   0: 0x80007b86 (0x02a0a033) mulhsu  zero, ra, a0
core   0: 3 0x80007b86 (0x02a0a033)
core   0: 0x80007b8a (0x031b0b33) mul     s6, s6, a7
core   0: 3 0x80007b8a (0x031b0b33) x22 0x00000000
core   0: 0x80007b8e (0x0000ed19) c.bnez  a0, pc + 30
core   0: 3 0x80007b8e (0xed19)
core   0: 0x80007bac (0x000000c9) c.addi  ra, 18
core   0: 3 0x80007bac (0x00c9) x1  0xffffd6d7
core   0: 0x80007bae (0x03029733) mulh    a4, t0, a6
core   0: 3 0x80007bae (0x03029733) x14 0xffffffc3
core   0: 0x80007bb2 (0x013c3b33) sltu    s6, s8, s3
core   0: 3 0x80007bb2 (0x013c3b33) x22 0x00000001
core   0: 0x80007bb6 (0x00008f49) c.or    a4, a0
core   0: 3 0x80007bb6 (0x8f49) x14 0xffffffd3
core   0: 0x80007bb8 (0xfedaeb93) ori     s7, s5, -19
core   0: 3 0x80007bb8 (0xfedaeb93) x23 0xffffffed
core   0: 0x80007bbc (0x00009bfd) c.andi  a5, -1
core   0: 3 0x80007bbc (0x9bfd) x15 0x00000000
core   0: 0x80007bbe (0x00008715) c.srai  a4, 5
core   0: 3 0x80007bbe (0x8715) x14 0xfffffffe
core   0: 0x80007bc0 (0x5a7f7313) andi    t1, t5, 1447
core   0: 3 0x80007bc0 (0x5a7f7313) x6  0x000004a3
core   0: 0x80007bc4 (0x0000717d) c.addi16sp sp, -16
core   0: 3 0x80007bc4 (0x717d) x2  0xffffffef
core   0: 0x80007bc6 (0x0000940e) c.add   s0, gp
core   0: 3 0x80007bc6 (0x940e) x8  0x00ff3827
core   0: 0x80007bc8 (0x000080c6) c.mv    ra, a7
core   0: 3 0x80007bc8 (0x80c6) x1  0x80029ce4
core   0: 0x80007bca (0x0000c205) c.beqz  a2, pc + 32
core   0: 3 0x80007bca (0xc205)
core   0: 0x80007bea (0x000089fa) c.mv    s3, t5
core   0: 3 0x80007bea (0x89fa) x19 0xffffdceb
core   0: 0x80007bec (0x000087ed) c.srai  a5, 27
core   0: 3 0x80007bec (0x87ed) x15 0x00000000
core   0: 0x80007bee (0x00008e65) c.and   a2, s1
core   0: 3 0x80007bee (0x8e65) x12 0x00000000
core   0: 0x80007bf0 (0x2f97e113) ori     sp, a5, 761
core   0: 3 0x80007bf0 (0x2f97e113) x2  0x000002f9
core   0: 0x80007bf4 (0x018a11b3) sll     gp, s4, s8
core   0: 3 0x80007bf4 (0x018a11b3) x3  0x00000000
core   0: 0x80007bf8 (0x00008c41) c.or    s0, s0
core   0: 3 0x80007bf8 (0x8c41) x8  0x00ff3827
core   0: 0x80007bfa (0x03bba933) mulhsu  s2, s7, s11
core   0: 3 0x80007bfa (0x03bba933) x18 0xffffffed
core   0: 0x80007bfe (0x013e4363) blt     t3, s3, pc + 6
core   0: 3 0x80007bfe (0x013e4363)
core   0: 0x80007c02 (0x00008d59) c.or    a0, a4
core   0: 3 0x80007c02 (0x8d59) x10 0xfffffffe
core   0: 0x80007c04 (0x014ecf33) xor     t5, t4, s4
core   0: 3 0x80007c04 (0x014ecf33) x30 0x0001e000
core   0: 0x80007c08 (0x01169a93) slli    s5, a3, 17
core   0: 3 0x80007c08 (0x01169a93) x21 0xfeb00000
core   0: 0x80007c0c (0x0000cf05) c.beqz  a4, pc + 56
core   0: 3 0x80007c0c (0xcf05)
core   0: 0x80007c0e (0x00f76c63) bltu    a4, a5, pc + 24
core   0: 3 0x80007c0e (0x00f76c63)
core   0: 0x80007c12 (0x00ea67b3) or      a5, s4, a4
core   0: 3 0x80007c12 (0x00ea67b3) x15 0xfffffffe
core   0: 0x80007c16 (0x11d52193) slti    gp, a0, 285
core   0: 3 0x80007c16 (0x11d52193) x3  0x00000001
core   0: 0x80007c1a (0x0000e085) c.bnez  s1, pc + 32
core   0: 3 0x80007c1a (0xe085)
core   0: 0x80007c3a (0x013c9e33) sll     t3, s9, s3
core   0: 3 0x80007c3a (0x013c9e33) x28 0x00000000
core   0: 0x80007c3e (0x028c11b3) mulh    gp, s8, s0
core   0: 3 0x80007c3e (0x028c11b3) x3  0x00000000
core   0: 0x80007c42 (0x00008cd1) c.or    s1, a2
core   0: 3 0x80007c42 (0x8cd1) x9  0xfffffc90
core   0: 0x80007c44 (0xfb52b793) sltiu   a5, t0, -75
core   0: 3 0x80007c44 (0xfb52b793) x15 0x00000001
core   0: 0x80007c48 (0x05cae063) bltu    s5, t3, pc + 64
core   0: 3 0x80007c48 (0x05cae063)
core   0: 0x80007c4c (0x0000ea15) c.bnez  a2, pc + 52
core   0: 3 0x80007c4c (0xea15)
core   0: 0x80007c4e (0x79276493) ori     s1, a4, 1938
core   0: 3 0x80007c4e (0x79276493) x9  0xfffffffe
core   0: 0x80007c52 (0x00631213) slli    tp, t1, 6
core   0: 3 0x80007c52 (0x00631213) x4  0x000128c0
core   0: 0x80007c56 (0x00165cb3) srl     s9, a2, ra
core   0: 3 0x80007c56 (0x00165cb3) x25 0x00000000
core   0: 0x80007c5a (0xd2dafe93) andi    t4, s5, -723
core   0: 3 0x80007c5a (0xd2dafe93) x29 0xfeb00000
core   0: 0x80007c5e (0x05bed163) bge     t4, s11, pc + 66
core   0: 3 0x80007c5e (0x05bed163)
core   0: 0x80007c62 (0x00001afd) c.addi  s5, -1
core   0: 3 0x80007c62 (0x1afd) x21 0xfeafffff
core   0: 0x80007c64 (0xec3c37b7) lui     a5, 0xec3c3
core   0: 3 0x80007c64 (0xec3c37b7) x15 0xec3c3000
core   0: 0x80007c68 (0x03c91cb3) mulh    s9, s2, t3
core   0: 3 0x80007c68 (0x03c91cb3) x25 0x00000000
core   0: 0x80007c6c (0x0337d033) divu    zero, a5, s3
core   0: 3 0x80007c6c (0x0337d033)
core   0: 0x80007c70 (0x03be0163) beq     t3, s11, pc + 34
core   0: 3 0x80007c70 (0x03be0163)
core   0: 0x80007c74 (0x0397e333) rem     t1, a5, s9
core   0: 3 0x80007c74 (0x0397e333) x6  0xec3c3000
core   0: 0x80007c78 (0x41a5d093) srai    ra, a1, 26
core   0: 3 0x80007c78 (0x41a5d093) x1  0xffffffe0
core   0: 0x80007c7c (0x4069d013) srai    zero, s3, 6
core   0: 3 0x80007c7c (0x4069d013)
core   0: 0x80007c80 (0x05669163) bne     a3, s6, pc + 66
core   0: 3 0x80007c80 (0x05669163)
core   0: 0x80007cc2 (0x01f42633) slt     a2, s0, t6
core   0: 3 0x80007cc2 (0x01f42633) x12 0x00000000
core   0: 0x80007cc6 (0x022b8933) mul     s2, s7, sp
core   0: 3 0x80007cc6 (0x022b8933) x18 0xffffc785
core   0: 0x80007cca (0x00000536) c.slli  a0, 13
core   0: 3 0x80007cca (0x0536) x10 0xffffc000
core   0: 0x80007ccc (0xffd37097) auipc   ra, 0xffd37
core   0: 3 0x80007ccc (0xffd37097) x1  0x7fd3eccc
core   0: 0x80007cd0 (0x01a4dd13) srli    s10, s1, 26
core   0: 3 0x80007cd0 (0x01a4dd13) x26 0x0000003f
core   0: 0x80007cd4 (0x9662cdb7) lui     s11, 0x9662c
core   0: 3 0x80007cd4 (0x9662cdb7) x27 0x9662c000
core   0: 0x80007cd8 (0x0000e119) c.bnez  a0, pc + 6
core   0: 3 0x80007cd8 (0xe119)
core   0: 0x80007cde (0x28ce0b37) lui     s6, 0x28ce0
core   0: 3 0x80007cde (0x28ce0b37) x22 0x28ce0000
core   0: 0x80007ce2 (0x02b24b63) blt     tp, a1, pc + 54
core   0: 3 0x80007ce2 (0x02b24b63)
core   0: 0x80007ce6 (0x0000cf81) c.beqz  a5, pc + 24
core   0: 3 0x80007ce6 (0xcf81)
core   0: 0x80007ce8 (0x033dceb3) div     t4, s11, s3
core   0: 3 0x80007ce8 (0x033dceb3) x29 0x000302af
core   0: 0x80007cec (0x00008cfd) c.and   s1, a5
core   0: 3 0x80007cec (0x8cfd) x9  0xec3c3000
core   0: 0x80007cee (0x002a9693) slli    a3, s5, 2
core   0: 3 0x80007cee (0x002a9693) x13 0xfabffffc
core   0: 0x80007cf2 (0x0310a2b3) mulhsu  t0, ra, a7
core   0: 3 0x80007cf2 (0x0310a2b3) x5  0x3feb4464
core   0: 0x80007cf6 (0x0000987d) c.andi  s0, -1
core   0: 3 0x80007cf6 (0x987d) x8  0x00ff3827
core   0: 0x80007cf8 (0x00621313) slli    t1, tp, 6
core   0: 3 0x80007cf8 (0x00621313) x6  0x004a3000
core   0: 0x80007cfc (0x00001e14) c.addi4spn a3, sp, 816
core   0: 3 0x80007cfc (0x1e14) x13 0x00000629
core   0: 0x80007cfe (0x40350533) sub     a0, a0, gp
core   0: 3 0x80007cfe (0x40350533) x10 0xffffc000
core   0: 0x80007d02 (0x00008f7d) c.and   a4, a5
core   0: 3 0x80007d02 (0x8f7d) x14 0xec3c3000
core   0: 0x80007d04 (0x022e8eb3) mul     t4, t4, sp
core   0: 3 0x80007d04 (0x022e8eb3) x29 0x08f2fa37
core   0: 0x80007d08 (0x01c40b33) add     s6, s0, t3
core   0: 3 0x80007d08 (0x01c40b33) x22 0x00ff3827
core   0: 0x80007d0c (0x41395f33) sra     t5, s2, s3
core   0: 3 0x80007d0c (0x41395f33) x30 0xfffffff8
core   0: 0x80007d10 (0x00008d05) c.sub   a0, s1
core   0: 3 0x80007d10 (0x8d05) x10 0x13c39000
core   0: 0x80007d12 (0x0000014d) c.addi  sp, 19
core   0: 3 0x80007d12 (0x014d) x2  0x0000030c
core   0: 0x80007d14 (0x02fefdb3) remu    s11, t4, a5
core   0: 3 0x80007d14 (0x02fefdb3) x27 0x08f2fa37
core   0: 0x80007d18 (0x00008d55) c.or    a0, a3
core   0: 3 0x80007d18 (0x8d55) x10 0x13c39629
core   0: 0x80007d1a (0xe536b493) sltiu   s1, a3, -429
core   0: 3 0x80007d1a (0xe536b493) x9  0x00000001
core   0: 0x80007d1e (0x02463633) mulhu   a2, a2, tp
core   0: 3 0x80007d1e (0x02463633) x12 0x00000000
core   0: 0x80007d22 (0x0000717d) c.addi16sp sp, -16
core   0: 3 0x80007d22 (0x717d) x2  0x000002fc
core   0: 0x80007d24 (0x00008ce1) c.and   s1, s0
core   0: 3 0x80007d24 (0x8ce1) x9  0x00000001
core   0: 0x80007d26 (0x03fe22b3) mulhsu  t0, t3, t6
core   0: 3 0x80007d26 (0x03fe22b3) x5  0x00000000
core   0: 0x80007d2a (0x00000f32) c.slli  t5, 12
core   0: 3 0x80007d2a (0x0f32) x30 0xffff8000
core   0: 0x80007d2c (0x9aa0ad13) slti    s10, ra, -1622
core   0: 3 0x80007d2c (0x9aa0ad13) x26 0x00000000
core   0: 0x80007d30 (0x40a48ab3) sub     s5, s1, a0
core   0: 3 0x80007d30 (0x40a48ab3) x21 0xec3c69d8
core   0: 0x80007d34 (0x03cfb733) mulhu   a4, t6, t3
core   0: 3 0x80007d34 (0x03cfb733) x14 0x00000000
core   0: 0x80007d38 (0x00006295) c.lui   t0, 0x5
core   0: 3 0x80007d38 (0x6295) x5  0x00005000
core   0: 0x80007d3a (0x00001cfd) c.addi  s9, -1
core   0: 3 0x80007d3a (0x1cfd) x25 0xffffffff
core   0: 0x80007d3c (0x01e230b3) sltu    ra, tp, t5
core   0: 3 0x80007d3c (0x01e230b3) x1  0x00000001
core   0: 0x80007d40 (0x0000597d) c.li    s2, -1
core   0: 3 0x80007d40 (0x597d) x18 0xffffffff
core   0: 0x80007d42 (0x0000e48d) c.bnez  s1, pc + 42
core   0: 3 0x80007d42 (0xe48d)
core   0: 0x80007d6c (0x01d24eb3) xor     t4, tp, t4
core   0: 3 0x80007d6c (0x01d24eb3) x29 0x08f3d2f7
core   0: 0x80007d70 (0x024d4c33) div     s8, s10, tp
core   0: 3 0x80007d70 (0x024d4c33) x24 0x00000000
core   0: 0x80007d74 (0x40355b33) sra     s6, a0, gp
core   0: 3 0x80007d74 (0x40355b33) x22 0x13c39629
core   0: 0x80007d78 (0x00006959) c.lui   s2, 0x16
core   0: 3 0x80007d78 (0x6959) x18 0x00016000
core   0: 0x80007d7a (0x009c1093) slli    ra, s8, 9
core   0: 3 0x80007d7a (0x009c1093) x1  0x00000000
core   0: 0x80007d7e (0x00001f7d) c.addi  t5, -1
core   0: 3 0x80007d7e (0x1f7d) x30 0xffff7fff
core   0: 0x80007d80 (0x000088cd) c.andi  s1, 19
core   0: 3 0x80007d80 (0x88cd) x9  0x00000001
core   0: 0x80007d82 (0x00008575) c.srai  a0, 29
core   0: 3 0x80007d82 (0x8575) x10 0x00000000
core   0: 0x80007d84 (0x03616e33) rem     t3, sp, s6
core   0: 3 0x80007d84 (0x03616e33) x28 0x000002fc
core   0: 0x80007d88 (0x00000afa) c.slli  s5, 30
core   0: 3 0x80007d88 (0x0afa) x21 0x00000000
core   0: 0x80007d8a (0x01b45213) srli    tp, s0, 27
core   0: 3 0x80007d8a (0x01b45213) x4  0x00000000
core   0: 0x80007d8e (0x012e80b3) add     ra, t4, s2
core   0: 3 0x80007d8e (0x012e80b3) x1  0x08f532f7
core   0: 0x80007d92 (0x02eb4e33) div     t3, s6, a4
core   0: 3 0x80007d92 (0x02eb4e33) x28 0xffffffff
core   0: 0x80007d96 (0x008b4263) blt     s6, s0, pc + 4
core   0: 3 0x80007d96 (0x008b4263)
core   0: 0x80007d9a (0xabbba1b7) lui     gp, 0xabbba
core   0: 3 0x80007d9a (0xabbba1b7) x3  0xabbba000
core   0: 0x80007d9e (0x0000717d) c.addi16sp sp, -16
core   0: 3 0x80007d9e (0x717d) x2  0x000002ec
core   0: 0x80007da0 (0x00001994) c.addi4spn a3, sp, 240
core   0: 3 0x80007da0 (0x1994) x13 0x000003dc
core   0: 0x80007da2 (0x0000e90d) c.bnez  a0, pc + 50
core   0: 3 0x80007da2 (0xe90d)
core   0: 0x80007da4 (0x016c7fb3) and     t6, s8, s6
core   0: 3 0x80007da4 (0x016c7fb3) x31 0x00000000
core   0: 0x80007da8 (0x648a3613) sltiu   a2, s4, 1608
core   0: 3 0x80007da8 (0x648a3613) x12 0x00000001
core   0: 0x80007dac (0x2a8ac313) xori    t1, s5, 680
core   0: 3 0x80007dac (0x2a8ac313) x6  0x000002a8
core   0: 0x80007db0 (0x0000717d) c.addi16sp sp, -16
core   0: 3 0x80007db0 (0x717d) x2  0x000002dc
core   0: 0x80007db2 (0x04efd163) bge     t6, a4, pc + 66
core   0: 3 0x80007db2 (0x04efd163)
core   0: 0x80007df4 (0x4020d333) sra     t1, ra, sp
core   0: 3 0x80007df4 (0x4020d333) x6  0x00000000
core   0: 0x80007df8 (0x0900c713) xori    a4, ra, 144
core   0: 3 0x80007df8 (0x0900c713) x14 0x08f53267
core   0: 0x80007dfc (0x000084a5) c.srai  s1, 9
core   0: 3 0x80007dfc (0x84a5) x9  0x00000000
core   0: 0x80007dfe (0x02f83f33) mulhu   t5, a6, a5
core   0: 3 0x80007dfe (0x02f83f33) x30 0x6eacad41
core   0: 0x80007e02 (0x0000717d) c.addi16sp sp, -16
core   0: 3 0x80007e02 (0x717d) x2  0x000002cc
core   0: 0x80007e04 (0x00008e5d) c.or    a2, a5
core   0: 3 0x80007e04 (0x8e5d) x12 0xec3c3001
core   0: 0x80007e06 (0xc7323713) sltiu   a4, tp, -909
core   0: 3 0x80007e06 (0xc7323713) x14 0x00000001
core   0: 0x80007e0a (0x00000984) c.addi4spn s1, sp, 208
core   0: 3 0x80007e0a (0x0984) x9  0x0000039c
core   0: 0x80007e0c (0x0000875d) c.srai  a4, 23
core   0: 3 0x80007e0c (0x875d) x14 0x00000000
core   0: 0x80007e0e (0x00e17db3) and     s11, sp, a4
core   0: 3 0x80007e0e (0x00e17db3) x27 0x00000000
core   0: 0x80007e12 (0x01425d13) srli    s10, tp, 20
core   0: 3 0x80007e12 (0x01425d13) x26 0x00000000
core   0: 0x80007e16 (0x011c1d63) bne     s8, a7, pc + 26
core   0: 3 0x80007e16 (0x011c1d63)
core   0: 0x80007e30 (0x00001c7d) c.addi  s8, -1
core   0: 3 0x80007e30 (0x1c7d) x24 0xffffffff
core   0: 0x80007e32 (0x029c8263) beq     s9, s1, pc + 36
core   0: 3 0x80007e32 (0x029c8263)
core   0: 0x80007e36 (0x01c12b33) slt     s6, sp, t3
core   0: 3 0x80007e36 (0x01c12b33) x22 0x00000000
core   0: 0x80007e3a (0x00000726) c.slli  a4, 9
core   0: 3 0x80007e3a (0x0726) x14 0x00000000
core   0: 0x80007e3c (0x00902c33) slt     s8, zero, s1
core   0: 3 0x80007e3c (0x00902c33) x24 0x00000001
core   0: 0x80007e40 (0x0000717d) c.addi16sp sp, -16
core   0: 3 0x80007e40 (0x717d) x2  0x000002bc
core   0: 0x80007e42 (0xfcdeba93) sltiu   s5, t4, -51
core   0: 3 0x80007e42 (0xfcdeba93) x21 0x00000001
core   0: 0x80007e46 (0x41915093) srai    ra, sp, 25
core   0: 3 0x80007e46 (0x41915093) x1  0x00000000
core   0: 0x80007e4a (0x0526e163) bltu    a3, s2, pc + 66
core   0: 3 0x80007e4a (0x0526e163)
core   0: 0x80007e8c (0x02465c33) divu    s8, a2, tp
core   0: 3 0x80007e8c (0x02465c33) x24 0xffffffff
core   0: 0x80007e90 (0x000017fd) c.addi  a5, -1
core   0: 3 0x80007e90 (0x17fd) x15 0xec3c2fff
core   0: 0x80007e92 (0x02ca16b3) mulh    a3, s4, a2
core   0: 3 0x80007e92 (0x02ca16b3) x13 0x00000000
core   0: 0x80007e96 (0x0356a2b3) mulhsu  t0, a3, s5
core   0: 3 0x80007e96 (0x0356a2b3) x5  0x00000000
core   0: 0x80007e9a (0x00008f51) c.or    a4, a2
core   0: 3 0x80007e9a (0x8f51) x14 0xec3c3001
core   0: 0x80007e9c (0x02ac8063) beq     s9, a0, pc + 32
core   0: 3 0x80007e9c (0x02ac8063)
core   0: 0x80007ea0 (0x00ab5b93) srli    s7, s6, 10
core   0: 3 0x80007ea0 (0x00ab5b93) x23 0x00000000
core   0: 0x80007ea4 (0x00781fb3) sll     t6, a6, t2
core   0: 3 0x80007ea4 (0x00781fb3) x31 0x77ef29ff
core   0: 0x80007ea8 (0xe8bcc313) xori    t1, s9, -373
core   0: 3 0x80007ea8 (0xe8bcc313) x6  0x00000174
core   0: 0x80007eac (0x00000001) c.nop
core   0: 3 0x80007eac (0x0001)
core   0: 0x80007eae (0x0000827a) c.mv    tp, t5
core   0: 3 0x80007eae (0x827a) x4  0x6eacad41
core   0: 0x80007eb0 (0x02e599b3) mulh    s3, a1, a4
core   0: 3 0x80007eb0 (0x02e599b3) x19 0x09e1b92f
core   0: 0x80007eb4 (0x00000d72) c.slli  s10, 28
core   0: 3 0x80007eb4 (0x0d72) x26 0x00000000
core   0: 0x80007eb6 (0xb830dc97) auipc   s9, 0xb830d
core   0: 3 0x80007eb6 (0xb830dc97) x25 0x38314eb6
core   0: 0x80007eba (0x0000cb11) c.beqz  a4, pc + 20
core   0: 3 0x80007eba (0xcb11)
core   0: 0x80007ebc (0x00001204) c.addi4spn s1, sp, 288
core   0: 3 0x80007ebc (0x1204) x9  0x000003dc
core   0: 0x80007ebe (0x033fe533) rem     a0, t6, s3
core   0: 3 0x80007ebe (0x033fe533) x10 0x015a7bcb
core   0: 0x80007ec2 (0x00000ed1) c.addi  t4, 20
core   0: 3 0x80007ec2 (0x0ed1) x29 0x08f3d30b
core   0: 0x80007ec4 (0x004a5633) srl     a2, s4, tp
core   0: 3 0x80007ec4 (0x004a5633) x12 0x00000000
core   0: 0x80007ec8 (0x00000001) c.nop
core   0: 3 0x80007ec8 (0x0001)
core   0: 0x80007eca (0x01d3bab3) sltu    s5, t2, t4
core   0: 3 0x80007eca (0x01d3bab3) x21 0x00000000
core   0: 0x80007ece (0x00000fb9) c.addi  t6, 14
core   0: 3 0x80007ece (0x0fb9) x31 0x77ef2a0d
core   0: 0x80007ed0 (0xe1382113) slti    sp, a6, -493
core   0: 3 0x80007ed0 (0xe1382113) x2  0x00000000
core   0: 0x80007ed4 (0x01aa2f33) slt     t5, s4, s10
core   0: 3 0x80007ed4 (0x01aa2f33) x30 0x00000000
core   0: 0x80007ed8 (0x00008d3d) c.xor   a0, a5
core   0: 3 0x80007ed8 (0x8d3d) x10 0xed665434
core   0: 0x80007eda (0x9ad48313) addi    t1, s1, -1619
core   0: 3 0x80007eda (0x9ad48313) x6  0xfffffd89
core   0: 0x80007ede (0x000099ea) c.add   s3, s10
core   0: 3 0x80007ede (0x99ea) x19 0x09e1b92f
core   0: 0x80007ee0 (0x7685ef37) lui     t5, 0x7685e
core   0: 3 0x80007ee0 (0x7685ef37) x30 0x7685e000
core   0: 0x80007ee4 (0x010ffcb3) and     s9, t6, a6
core   0: 3 0x80007ee4 (0x010ffcb3) x25 0x77ef280d
core   0: 0x80007ee8 (0x00008572) c.mv    a0, t3
core   0: 3 0x80007ee8 (0x8572) x10 0xffffffff
core   0: 0x80007eea (0x00f95513) srli    a0, s2, 15
core   0: 3 0x80007eea (0x00f95513) x10 0x00000002
core   0: 0x80007eee (0x00008d09) c.sub   a0, a0
core   0: 3 0x80007eee (0x8d09) x10 0x00000000
core   0: 0x80007ef0 (0x9e7fd0b7) lui     ra, 0x9e7fd
core   0: 3 0x80007ef0 (0x9e7fd0b7) x1  0x9e7fd000
core   0: 0x80007ef4 (0x03bfd533) divu    a0, t6, s11
core   0: 3 0x80007ef4 (0x03bfd533) x10 0xffffffff
core   0: 0x80007ef8 (0x00e7ea33) or      s4, a5, a4
core   0: 3 0x80007ef8 (0x00e7ea33) x20 0xec3c3fff
core   0: 0x80007efc (0x00008f25) c.xor   a4, s1
core   0: 3 0x80007efc (0x8f25) x14 0xec3c33dd
core   0: 0x80007efe (0x030656b3) divu    a3, a2, a6
core   0: 3 0x80007efe (0x030656b3) x13 0x00000000
core   0: 0x80007f02 (0x46c42917) auipc   s2, 0x46c42
core   0: 3 0x80007f02 (0x46c42917) x18 0xc6c49f02
core   0: 0x80007f06 (0x00008c99) c.sub   s1, a4
core   0: 3 0x80007f06 (0x8c99) x9  0x13c3cfff
core   0: 0x80007f08 (0x00943a33) sltu    s4, s0, s1
core   0: 3 0x80007f08 (0x00943a33) x20 0x00000001
core   0: 0x80007f0c (0x01dd8a33) add     s4, s11, t4
core   0: 3 0x80007f0c (0x01dd8a33) x20 0x08f3d30b
core   0: 0x80007f10 (0x030b8433) mul     s0, s7, a6
core   0: 3 0x80007f10 (0x030b8433) x8  0x00000000
core   0: 0x80007f14 (0x0049a033) slt     zero, s3, tp
core   0: 3 0x80007f14 (0x0049a033)
core   0: 0x80007f18 (0x02a58f33) mul     t5, a1, a0
core   0: 3 0x80007f18 (0x02a58f33) x30 0x7ffda1b0
core   0: 0x80007f1c (0x02334263) blt     t1, gp, pc + 36
core   0: 3 0x80007f1c (0x02334263)
core   0: 0x80007f20 (0xbe797d37) lui     s10, 0xbe797
core   0: 3 0x80007f20 (0xbe797d37) x26 0xbe797000
core   0: 0x80007f24 (0x00008162) c.mv    sp, s8
core   0: 3 0x80007f24 (0x8162) x2  0xffffffff
core   0: 0x80007f26 (0x0000cb01) c.beqz  a4, pc + 16
core   0: 3 0x80007f26 (0xcb01)
core   0: 0x80007f28 (0xd8cfe693) ori     a3, t6, -628
core   0: 3 0x80007f28 (0xd8cfe693) x13 0xffffff8d
core   0: 0x80007f2c (0x017d0eb3) add     t4, s10, s7
core   0: 3 0x80007f2c (0x017d0eb3) x29 0xbe797000
core   0: 0x80007f30 (0x00008715) c.srai  a4, 5
core   0: 3 0x80007f30 (0x8715) x14 0xff61e19e
core   0: 0x80007f32 (0xfe87de37) lui     t3, 0xfe87d
core   0: 3 0x80007f32 (0xfe87de37) x28 0xfe87d000
core   0: 0x80007f36 (0x012a5ab3) srl     s5, s4, s2
core   0: 3 0x80007f36 (0x012a5ab3) x21 0x023cf4c2
core   0: 0x80007f3a (0x0000941e) c.add   s0, t2
core   0: 3 0x80007f3a (0x941e) x8  0x77ac2180
core   0: 0x80007f3c (0x032157b3) divu    a5, sp, s2
core   0: 3 0x80007f3c (0x032157b3) x15 0x00000001
core   0: 0x80007f40 (0x97f5ea37) lui     s4, 0x97f5e
core   0: 3 0x80007f40 (0x97f5ea37) x20 0x97f5e000
core   0: 0x80007f44 (0x00006cfd) c.lui   s9, 0x1f
core   0: 3 0x80007f44 (0x6cfd) x25 0x0001f000
core   0: 0x80007f46 (0x014ee2b3) or      t0, t4, s4
core   0: 3 0x80007f46 (0x014ee2b3) x5  0xbffdf000
core   0: 0x80007f4a (0x01c71633) sll     a2, a4, t3
core   0: 3 0x80007f4a (0x01c71633) x12 0xff61e19e
core   0: 0x80007f4e (0x41bcd693) srai    a3, s9, 27
core   0: 3 0x80007f4e (0x41bcd693) x13 0x00000000
core   0: 0x80007f52 (0x006f5e33) srl     t3, t5, t1
core   0: 3 0x80007f52 (0x006f5e33) x28 0x003ffed0
core   0: 0x80007f56 (0x0231ebb3) rem     s7, gp, gp
core   0: 3 0x80007f56 (0x0231ebb3) x23 0x00000000
core   0: 0x80007f5a (0x014407b3) add     a5, s0, s4
core   0: 3 0x80007f5a (0x014407b3) x15 0x0fa20180
core   0: 0x80007f5e (0x000a1f63) bnez    s4, pc + 30
core   0: 3 0x80007f5e (0x000a1f63)
core   0: 0x80007f7c (0x00009a7d) c.andi  a2, -1
core   0: 3 0x80007f7c (0x9a7d) x12 0xff61e19e
core   0: 0x80007f7e (0x02ebd4b3) divu    s1, s7, a4
core   0: 3 0x80007f7e (0x02ebd4b3) x9  0x00000000
core   0: 0x80007f82 (0x034220b3) mulhsu  ra, tp, s4
core   0: 3 0x80007f82 (0x034220b3) x1  0x41b2264a
core   0: 0x80007f86 (0x00008cf1) c.and   s1, a2
core   0: 3 0x80007f86 (0x8cf1) x9  0x00000000
core   0: 0x80007f88 (0x09898d63) beq     s3, s8, pc + 154
core   0: 3 0x80007f88 (0x09898d63)
core   0: 0x80007f8c (0x6f3e2113) slti    sp, t3, 1779
core   0: 3 0x80007f8c (0x6f3e2113) x2  0x00000000
core   0: 0x80007f90 (0x09688963) beq     a7, s6, pc + 146
core   0: 3 0x80007f90 (0x09688963)
core   0: 0x80007f94 (0x01edc333) xor     t1, s11, t5
core   0: 3 0x80007f94 (0x01edc333) x6  0x7ffda1b0
core   0: 0x80007f98 (0x00012117) auipc   sp, 0x12
core   0: 3 0x80007f98 (0x00012117) x2  0x80019f98
core   0: 0x80007f9c (0x16710113) addi    sp, sp, 359
core   0: 3 0x80007f9c (0x16710113) x2  0x8001a0ff
core   0: 0x80007fa0 (0x09915383) lhu     t2, 153(sp)
core   0: 3 0x80007fa0 (0x09915383) x7  0x00000000 mem 0x8001a198
core   0: 0x80007fa4 (0xf4310083) lb      ra, -189(sp)
core   0: 3 0x80007fa4 (0xf4310083) x1  0x00000000 mem 0x8001a042
core   0: 0x80007fa8 (0xf42101a3) sb      sp, -189(sp)
core   0: 3 0x80007fa8 (0xf42101a3) mem 0x8001a042 0xff
core   0: 0x80007fac (0xf5112b83) lw      s7, -175(sp)
core   0: 3 0x80007fac (0xf5112b83) x23 0x00000000 mem 0x8001a050
core   0: 0x80007fb0 (0xf4210003) lb      zero, -190(sp)
core   0: 3 0x80007fb0 (0xf4210003) mem 0x8001a041
core   0: 0x80007fb4 (0x00710083) lb      ra, 7(sp)
core   0: 3 0x80007fb4 (0x00710083) x1  0x00000000 mem 0x8001a106
core   0: 0x80007fb8 (0x00715f83) lhu     t6, 7(sp)
core   0: 3 0x80007fb8 (0x00715f83) x31 0x00000000 mem 0x8001a106
core   0: 0x80007fbc (0x00009f1a) c.add   t5, t1
core   0: 3 0x80007fbc (0x9f1a) x30 0xfffb4360
core   0: 0x80007fbe (0x00210a03) lb      s4, 2(sp)
core   0: 3 0x80007fbe (0x00210a03) x20 0x00000000 mem 0x8001a101
core   0: 0x80007fc2 (0x01a10123) sb      s10, 2(sp)
core   0: 3 0x80007fc2 (0x01a10123) mem 0x8001a101 0x00
core   0: 0x80007fc6 (0x03bbcb33) div     s6, s7, s11
core   0: 3 0x80007fc6 (0x03bbcb33) x22 0xffffffff
core   0: 0x80007fca (0xfee14c83) lbu     s9, -18(sp)
core   0: 3 0x80007fca (0xfee14c83) x25 0x00000000 mem 0x8001a0ed
core   0: 0x80007fce (0x04614c03) lbu     s8, 70(sp)
core   0: 3 0x80007fce (0x04614c03) x24 0x00000000 mem 0x8001a145
core   0: 0x80007fd2 (0x00008e45) c.or    a2, s1
core   0: 3 0x80007fd2 (0x8e45) x12 0xff61e19e
core   0: 0x80007fd4 (0x04614783) lbu     a5, 70(sp)
core   0: 3 0x80007fd4 (0x04614783) x15 0x00000000 mem 0x8001a145
core   0: 0x80007fd8 (0xfb214303) lbu     t1, -78(sp)
core   0: 3 0x80007fd8 (0xfb214303) x6  0x00000000 mem 0x8001a0b1
core   0: 0x80007fdc (0x09e10223) sb      t5, 132(sp)
core   0: 3 0x80007fdc (0x09e10223) mem 0x8001a183 0x60
core   0: 0x80007fe0 (0x01e33e33) sltu    t3, t1, t5
core   0: 3 0x80007fe0 (0x01e33e33) x28 0x00000001
core   0: 0x80007fe4 (0xf5810b23) sb      s8, -170(sp)
core   0: 3 0x80007fe4 (0xf5810b23) mem 0x8001a055 0x00
core   0: 0x80007fe8 (0xf5f10b23) sb      t6, -170(sp)
core   0: 3 0x80007fe8 (0xf5f10b23) mem 0x8001a055 0x00
core   0: 0x80007fec (0x00008f61) c.and   a4, s0
core   0: 3 0x80007fec (0x8f61) x14 0x77202180
core   0: 0x80007fee (0xfb514983) lbu     s3, -75(sp)
core   0: 3 0x80007fee (0xfb514983) x19 0x00000000 mem 0x8001a0b4
core   0: 0x80007ff2 (0xf7110423) sb      a7, -152(sp)
core   0: 3 0x80007ff2 (0xf7110423) mem 0x8001a067 0xe4
core   0: 0x80007ff6 (0x00f8bab3) sltu    s5, a7, a5
core   0: 3 0x80007ff6 (0x00f8bab3) x21 0x00000000
core   0: 0x80007ffa (0x03187bb3) remu    s7, a6, a7
core   0: 3 0x80007ffa (0x03187bb3) x23 0x77ef29ff
core   0: 0x80007ffe (0x03651063) bne     a0, s6, pc + 32
core   0: 3 0x80007ffe (0x03651063)
core   0: 0x80008002 (0x03b0f063) bgeu    ra, s11, pc + 32
core   0: 3 0x80008002 (0x03b0f063)
core   0: 0x80008022 (0x013eb033) sltu    zero, t4, s3
core   0: 3 0x80008022 (0x013eb033)
core   0: 0x80008026 (0x000041d8) c.lw    a4, 4(a1)
core   0: 3 0x80008026 (0x41d8) x14 0x8000291e mem 0x80025e54
core   0: 0x80008028 (0x000005d1) c.addi  a1, 20
core   0: 3 0x80008028 (0x05d1) x11 0x80025e64
core   0: 0x8000802a (0x03cdaa33) mulhsu  s4, s11, t3
core   0: 3 0x8000802a (0x03cdaa33) x20 0x00000000
core   0: 0x8000802e (0x00008d69) c.and   a0, a0
core   0: 3 0x8000802e (0x8d69) x10 0xffffffff
core   0: 0x80008030 (0x9472cb37) lui     s6, 0x9472c
core   0: 3 0x80008030 (0x9472cb37) x22 0x9472c000
core   0: 0x80008034 (0xe2466d13) ori     s10, a2, -476
core   0: 3 0x80008034 (0xe2466d13) x26 0xffffffbe
core   0: 0x80008038 (0x03b23933) mulhu   s2, tp, s11
core   0: 3 0x80008038 (0x03b23933) x18 0x00000000
core   0: 0x8000803c (0x03ef6d33) rem     s10, t5, t5
core   0: 3 0x8000803c (0x03ef6d33) x26 0x00000000
core   0: 0x80008040 (0x00170f13) addi    t5, a4, 1
core   0: 3 0x80008040 (0x00170f13) x30 0x8000291f
core   0: 0x80008044 (0x000f0f67) jalr    t5, t5, 0
core   0: 3 0x80008044 (0x000f0f67) x30 0x80008048
core   0: 0x8000291e (0x0000c395) c.beqz  a5, pc + 36
core   0: 3 0x8000291e (0xc395)
core   0: 0x80002942 (0x015b9233) sll     tp, s7, s5
core   0: 3 0x80002942 (0x015b9233) x4  0x77ef29ff
core   0: 0x80002946 (0x407b5293) srai    t0, s6, 7
core   0: 3 0x80002946 (0x407b5293) x5  0xff28e580
core   0: 0x8000294a (0x000052fd) c.li    t0, -1
core   0: 3 0x8000294a (0x52fd) x5  0xffffffff
core   0: 0x8000294c (0x00d4c363) blt     s1, a3, pc + 6
core   0: 3 0x8000294c (0x00d4c363)
core   0: 0x80002950 (0x0000717d) c.addi16sp sp, -16
core   0: 3 0x80002950 (0x717d) x2  0x8001a0ef
core   0: 0x80002952 (0x00006085) c.lui   ra, 0x1
core   0: 3 0x80002952 (0x6085) x1  0x00001000
core   0: 0x80002954 (0x31ff8c93) addi    s9, t6, 799
core   0: 3 0x80002954 (0x31ff8c93) x25 0x0000031f
core   0: 0x80002958 (0x00000108) c.addi4spn a0, sp, 128
core   0: 3 0x80002958 (0x0108) x10 0x8001a16f
core   0: 0x8000295a (0x0cd8ef93) ori     t6, a7, 205
core   0: 3 0x8000295a (0x0cd8ef93) x31 0x80029ced
core   0: 0x8000295e (0x25b7a693) slti    a3, a5, 603
core   0: 3 0x8000295e (0x25b7a693) x13 0x00000001
core   0: 0x80002962 (0x401e5ab3) sra     s5, t3, ra
core   0: 3 0x80002962 (0x401e5ab3) x21 0x00000001
core   0: 0x80002966 (0x01f25c33) srl     s8, tp, t6
core   0: 3 0x80002966 (0x01f25c33) x24 0x0003bf79
core   0: 0x8000296a (0x0104b233) sltu    tp, s1, a6
core   0: 3 0x8000296a (0x0104b233) x4  0x00000001
core   0: 0x8000296e (0x00228f63) beq     t0, sp, pc + 30
core   0: 3 0x8000296e (0x00228f63)
core   0: 0x80002972 (0x025f30b3) mulhu   ra, t5, t0
core   0: 3 0x80002972 (0x025f30b3) x1  0x80008047
core   0: 0x80002976 (0x00009286) c.add   t0, ra
core   0: 3 0x80002976 (0x9286) x5  0x80008046
core   0: 0x80002978 (0x0000829d) c.srli  a3, 7
core   0: 3 0x80002978 (0x829d) x13 0x00000000
core   0: 0x8000297a (0x0305d663) bge     a1, a6, pc + 44
core   0: 3 0x8000297a (0x0305d663)
core   0: 0x8000297e (0x40be5193) srai    gp, t3, 11
core   0: 3 0x8000297e (0x40be5193) x3  0x00000000
core   0: 0x80002982 (0x03220663) beq     tp, s2, pc + 44
core   0: 3 0x80002982 (0x03220663)
core   0: 0x80002986 (0x668ee093) ori     ra, t4, 1640
core   0: 3 0x80002986 (0x668ee093) x1  0xbe797668
core   0: 0x8000298a (0x00008f05) c.sub   a4, s1
core   0: 3 0x8000298a (0x8f05) x14 0x8000291e
core   0: 0x8000298c (0x0000cf89) c.beqz  a5, pc + 26
core   0: 3 0x8000298c (0xcf89)
core   0: 0x800029a6 (0x41db0433) sub     s0, s6, t4
core   0: 3 0x800029a6 (0x41db0433) x8  0xd5f95000
core   0: 0x800029aa (0x011f7633) and     a2, t5, a7
core   0: 3 0x800029aa (0x011f7633) x12 0x80008040
core   0: 0x800029ae (0x52cc6993) ori     s3, s8, 1324
core   0: 3 0x800029ae (0x52cc6993) x19 0x0003bf7d
core   0: 0x800029b2 (0x01fcc9b3) xor     s3, s9, t6
core   0: 3 0x800029b2 (0x01fcc9b3) x19 0x80029ff2
core   0: 0x800029b6 (0x032f5933) divu    s2, t5, s2
core   0: 3 0x800029b6 (0x032f5933) x18 0xffffffff
core   0: 0x800029ba (0x00008c15) c.sub   s0, a3
core   0: 3 0x800029ba (0x8c15) x8  0xd5f95000
core   0: 0x800029bc (0x00008f75) c.and   a4, a3
core   0: 3 0x800029bc (0x8f75) x14 0x00000000
core   0: 0x800029be (0x02488e63) beq     a7, tp, pc + 60
core   0: 3 0x800029be (0x02488e63)
core   0: 0x800029c2 (0x033f7163) bgeu    t5, s3, pc + 34
core   0: 3 0x800029c2 (0x033f7163)
core   0: 0x800029c6 (0xdb040493) addi    s1, s0, -592
core   0: 3 0x800029c6 (0xdb040493) x9  0xd5f94db0
core   0: 0x800029ca (0x013c7fb3) and     t6, s8, s3
core   0: 3 0x800029ca (0x013c7fb3) x31 0x00029f70
core   0: 0x800029ce (0x0000893d) c.andi  a0, 15
core   0: 3 0x800029ce (0x893d) x10 0x0000000f
core   0: 0x800029d0 (0x0000127d) c.addi  tp, -1
core   0: 3 0x800029d0 (0x127d) x4  0x00000000
core   0: 0x800029d2 (0x02456363) bltu    a0, tp, pc + 38
core   0: 3 0x800029d2 (0x02456363)
core   0: 0x800029d6 (0x00908b33) add     s6, ra, s1
core   0: 3 0x800029d6 (0x00908b33) x22 0x9472c418
core   0: 0x800029da (0x02d0f463) bgeu    ra, a3, pc + 40
core   0: 3 0x800029da (0x02d0f463)
core   0: 0x80002a02 (0x0000e121) c.bnez  a0, pc + 64
core   0: 3 0x80002a02 (0xe121)
core   0: 0x80002a42 (0x034ed7b3) divu    a5, t4, s4
core   0: 3 0x80002a42 (0x034ed7b3) x15 0xffffffff
core   0: 0x80002a46 (0x00008cb1) c.xor   s1, a2
core   0: 3 0x80002a46 (0x8cb1) x9  0x55f9cdf0
core   0: 0x80002a48 (0x00000f71) c.addi  t5, 28
core   0: 3 0x80002a48 (0x0f71) x30 0x80008064
core   0: 0x80002a4a (0xf8daac13) slti    s8, s5, -115
core   0: 3 0x80002a4a (0xf8daac13) x24 0x00000000
core   0: 0x80002a4e (0x00218663) beq     gp, sp, pc + 12
core   0: 3 0x80002a4e (0x00218663)
core   0: 0x80002a52 (0x000c03b3) add     t2, s8, zero
core   0: 3 0x80002a52 (0x000c03b3) x7  0x00000000
core   0: 0x80002a56 (0x01e61f13) slli    t5, a2, 30
core   0: 3 0x80002a56 (0x01e61f13) x30 0x00000000
core   0: 0x80002a5a (0x0000850d) c.srai  a0, 3
core   0: 3 0x80002a5a (0x850d) x10 0x00000001
core   0: 0x80002a5c (0x025a0463) beq     s4, t0, pc + 40
core   0: 3 0x80002a5c (0x025a0463)
core   0: 0x80002a60 (0x013ee733) or      a4, t4, s3
core   0: 3 0x80002a60 (0x013ee733) x14 0xbe7bfff2
core   0: 0x80002a64 (0x00008e81) c.sub   a3, s0
core   0: 3 0x80002a64 (0x8e81) x13 0x2a06b000
core   0: 0x80002a66 (0x02ed7c33) remu    s8, s10, a4
core   0: 3 0x80002a66 (0x02ed7c33) x24 0x00000000
core   0: 0x80002a6a (0x024ed7b3) divu    a5, t4, tp
core   0: 3 0x80002a6a (0x024ed7b3) x15 0xffffffff
core   0: 0x80002a6e (0x000082d1) c.srli  a3, 20
core   0: 3 0x80002a6e (0x82d1) x13 0x000002a0
core   0: 0x80002a70 (0x00b1d463) bge     gp, a1, pc + 8
core   0: 3 0x80002a70 (0x00b1d463)
core   0: 0x80002a78 (0x0037e863) bltu    a5, gp, pc + 16
core   0: 3 0x80002a78 (0x0037e863)
core   0: 0x80002a7c (0x000fc933) xor     s2, t6, zero
core   0: 3 0x80002a7c (0x000fc933) x18 0x00029f70
core   0: 0x80002a80 (0x0000ca99) c.beqz  a3, pc + 22
core   0: 3 0x80002a80 (0xca99)
core   0: 0x80002a82 (0x00008e21) c.xor   a2, s0
core   0: 3 0x80002a82 (0x8e21) x12 0x55f9d040
core   0: 0x80002a84 (0x8ae4e913) ori     s2, s1, -1874
core   0: 3 0x80002a84 (0x8ae4e913) x18 0xfffffdfe
core   0: 0x80002a88 (0x00000001) c.nop
core   0: 3 0x80002a88 (0x0001)
core   0: 0x80002a8a (0x00f1d113) srli    sp, gp, 15
core   0: 3 0x80002a8a (0x00f1d113) x2  0x00000000
core   0: 0x80002a8e (0x028de763) bltu    s11, s0, pc + 46
core   0: 3 0x80002a8e (0x028de763)
core   0: 0x80002abc (0x368d5d37) lui     s10, 0x368d5
core   0: 3 0x80002abc (0x368d5d37) x26 0x368d5000
core   0: 0x80002ac0 (0x02786a33) rem     s4, a6, t2
core   0: 3 0x80002ac0 (0x02786a33) x20 0x77ef29ff
core   0: 0x80002ac4 (0x03831363) bne     t1, s8, pc + 38
core   0: 3 0x80002ac4 (0x03831363)
core   0: 0x80002ac8 (0x00008e79) c.and   a2, a4
core   0: 3 0x80002ac8 (0x8e79) x12 0x1479d040
core   0: 0x80002aca (0x019cd393) srli    t2, s9, 25
core   0: 3 0x80002aca (0x019cd393) x7  0x00000000
core   0: 0x80002ace (0x0000821a) c.mv    tp, t1
core   0: 3 0x80002ace (0x821a) x4  0x00000000
core   0: 0x80002ad0 (0x79c5e013) ori     zero, a1, 1948
core   0: 3 0x80002ad0 (0x79c5e013)
core   0: 0x80002ad4 (0x026e2133) mulhsu  sp, t3, t1
core   0: 3 0x80002ad4 (0x026e2133) x2  0x00000000
core   0: 0x80002ad8 (0x0000872d) c.srai  a4, 11
core   0: 3 0x80002ad8 (0x872d) x14 0xfff7cf7f
core   0: 0x80002ada (0x019fa1b3) slt     gp, t6, s9
core   0: 3 0x80002ada (0x019fa1b3) x3  0x00000000
core   0: 0x80002ade (0x00008c25) c.xor   s0, s1
core   0: 3 0x80002ade (0x8c25) x8  0x80009df0
core   0: 0x80002ae0 (0x0000ce15) c.beqz  a2, pc + 60
core   0: 3 0x80002ae0 (0xce15)
core   0: 0x80002ae2 (0x00008c16) c.mv    s8, t0
core   0: 3 0x80002ae2 (0x8c16) x24 0x80008046
core   0: 0x80002ae4 (0x017f6363) bltu    t5, s7, pc + 6
core   0: 3 0x80002ae4 (0x017f6363)
core   0: 0x80002aea (0x02a081b3) mul     gp, ra, a0
core   0: 3 0x80002aea (0x02a081b3) x3  0xbe797668
core   0: 0x80002aee (0x01614a63) blt     sp, s6, pc + 20
core   0: 3 0x80002aee (0x01614a63)
core   0: 0x80002af2 (0xf03e7a13) andi    s4, t3, -253
core   0: 3 0x80002af2 (0xf03e7a13) x20 0x00000001
core   0: 0x80002af6 (0x41b95633) sra     a2, s2, s11
core   0: 3 0x80002af6 (0x41b95633) x12 0xfffffdfe
core   0: 0x80002afa (0x03fa8e63) beq     s5, t6, pc + 60
core   0: 3 0x80002afa (0x03fa8e63)
core   0: 0x80002afe (0x02758163) beq     a1, t2, pc + 34
core   0: 3 0x80002afe (0x02758163)
core   0: 0x80002b02 (0xd04bee13) ori     t3, s7, -764
core   0: 3 0x80002b02 (0xd04bee13) x28 0xfffffdff
core   0: 0x80002b06 (0x0250a133) mulhsu  sp, ra, t0
core   0: 3 0x80002b06 (0x0250a133) x2  0xdf3c9a5e
core   0: 0x80002b0a (0x0000e499) c.bnez  s1, pc + 14
core   0: 3 0x80002b0a (0xe499)
core   0: 0x80002b18 (0x1422d0b7) lui     ra, 0x1422d
core   0: 3 0x80002b18 (0x1422d0b7) x1  0x1422d000
core   0: 0x80002b1c (0x01305993) srli    s3, zero, 19
core   0: 3 0x80002b1c (0x01305993) x19 0x00000000
core   0: 0x80002b20 (0x01bd1563) bne     s10, s11, pc + 10
core   0: 3 0x80002b20 (0x01bd1563)
core   0: 0x80002b2a (0x015c1663) bne     s8, s5, pc + 12
core   0: 3 0x80002b2a (0x015c1663)
core   0: 0x80002b36 (0x40a98fb3) sub     t6, s3, a0
core   0: 3 0x80002b36 (0x40a98fb3) x31 0xffffffff
core   0: 0x80002b3a (0x4d240e97) auipc   t4, 0x4d240
core   0: 3 0x80002b3a (0x4d240e97) x29 0xcd242b3a
core   0: 0x80002b3e (0x90759e37) lui     t3, 0x90759
core   0: 3 0x80002b3e (0x90759e37) x28 0x90759000
core   0: 0x80002b42 (0x00381093) slli    ra, a6, 3
core   0: 3 0x80002b42 (0x00381093) x1  0xbf794ff8
core   0: 0x80002b46 (0x02bd3333) mulhu   t1, s10, a1
core   0: 3 0x80002b46 (0x02bd3333) x6  0x1b472937
core   0: 0x80002b4a (0x013edc13) srli    s8, t4, 19
core   0: 3 0x80002b4a (0x013edc13) x24 0x000019a4
core   0: 0x80002b4e (0x0256c663) blt     a3, t0, pc + 44
core   0: 3 0x80002b4e (0x0256c663)
core   0: 0x80002b52 (0x0188b0b3) sltu    ra, a7, s8
core   0: 3 0x80002b52 (0x0188b0b3) x1  0x00000000
core   0: 0x80002b56 (0xa352ea13) ori     s4, t0, -1483
core   0: 3 0x80002b56 (0xa352ea13) x20 0xfffffa77
core   0: 0x80002b5a (0x0376ec33) rem     s8, a3, s7
core   0: 3 0x80002b5a (0x0376ec33) x24 0x000002a0
core   0: 0x80002b5e (0x1ecb4993) xori    s3, s6, 492
core   0: 3 0x80002b5e (0x1ecb4993) x19 0x9472c5f4
core   0: 0x80002b62 (0x02960933) mul     s2, a2, s1
core   0: 3 0x80002b62 (0x02960933) x18 0x60708420
core   0: 0x80002b66 (0x01985993) srli    s3, a6, 25
core   0: 3 0x80002b66 (0x01985993) x19 0x0000003b
core   0: 0x80002b6a (0x01fadc13) srli    s8, s5, 31
core   0: 3 0x80002b6a (0x01fadc13) x24 0x00000000
core   0: 0x80002b6e (0x0355ce63) blt     a1, s5, pc + 60
core   0: 3 0x80002b6e (0x0355ce63)
core   0: 0x80002baa (0xd39fa513) slti    a0, t6, -711
core   0: 3 0x80002baa (0xd39fa513) x10 0x00000000
core   0: 0x80002bae (0x0000867d) c.srai  a2, 31
core   0: 3 0x80002bae (0x867d) x12 0xffffffff
core   0: 0x80002bb0 (0xc72152b7) lui     t0, 0xc7215
core   0: 3 0x80002bb0 (0xc72152b7) x5  0xc7215000
core   0: 0x80002bb4 (0x58168393) addi    t2, a3, 1409
core   0: 3 0x80002bb4 (0x58168393) x7  0x00000821
core   0: 0x80002bb8 (0x0238f763) bgeu    a7, gp, pc + 46
core   0: 3 0x80002bb8 (0x0238f763)
core   0: 0x80002bbc (0x00009b7d) c.andi  a4, -1
core   0: 3 0x80002bbc (0x9b7d) x14 0xfff7cf7f
core   0: 0x80002bbe (0x0389db33) divu    s6, s3, s8
core   0: 3 0x80002bbe (0x0389db33) x22 0xffffffff
core   0: 0x80002bc2 (0x00001710) c.addi4spn a2, sp, 928
core   0: 3 0x80002bc2 (0x1710) x12 0xdf3c9dfe
core   0: 0x80002bc4 (0x03b10633) mul     a2, sp, s11
core   0: 3 0x80002bc4 (0x03b10633) x12 0x00000000
core   0: 0x80002bc8 (0x00e71ab3) sll     s5, a4, a4
core   0: 3 0x80002bc8 (0x00e71ab3) x21 0x80000000
core   0: 0x80002bcc (0x3e6da993) slti    s3, s11, 998
core   0: 3 0x80002bcc (0x3e6da993) x19 0x00000001
core   0: 0x80002bd0 (0x1b12d097) auipc   ra, 0x1b12d
core   0: 3 0x80002bd0 (0x1b12d097) x1  0x9b12fbd0
core   0: 0x80002bd4 (0xe414a193) slti    gp, s1, -447
core   0: 3 0x80002bd4 (0xe414a193) x3  0x00000000
core   0: 0x80002bd8 (0x08864997) auipc   s3, 0x8864
core   0: 3 0x80002bd8 (0x08864997) x19 0x88866bd8
core   0: 0x80002bdc (0x02d90b33) mul     s6, s2, a3
core   0: 3 0x80002bdc (0x02d90b33) x22 0x275ad400
core   0: 0x80002be0 (0x00008e05) c.sub   a2, s1
core   0: 3 0x80002be0 (0x8e05) x12 0xaa063210
core   0: 0x80002be2 (0x009ddf63) bge     s11, s1, pc + 30
core   0: 3 0x80002be2 (0x009ddf63)
core   0: 0x80002be6 (0x00008355) c.srli  a4, 21
core   0: 3 0x80002be6 (0x8355) x14 0x000007ff
core   0: 0x80002be8 (0x679e7d13) andi    s10, t3, 1657
core   0: 3 0x80002be8 (0x679e7d13) x26 0x00000000
core   0: 0x80002bec (0x6003f713) andi    a4, t2, 1536
core   0: 3 0x80002bec (0x6003f713) x14 0x00000000
core   0: 0x80002bf0 (0x00008741) c.srai  a4, 16
core   0: 3 0x80002bf0 (0x8741) x14 0x00000000
core   0: 0x80002bf2 (0x000090f2) c.add   ra, t3
core   0: 3 0x80002bf2 (0x90f2) x1  0x2b888bd0
core   0: 0x80002bf4 (0x0000060e) c.slli  a2, 3
core   0: 3 0x80002bf4 (0x060e) x12 0x50319080
core   0: 0x80002bf6 (0x00000001) c.nop
core   0: 3 0x80002bf6 (0x0001)
core   0: 0x80002bf8 (0x03d1bf33) mulhu   t5, gp, t4
core   0: 3 0x80002bf8 (0x03d1bf33) x30 0x00000000
core   0: 0x80002bfc (0x032b7933) remu    s2, s6, s2
core   0: 3 0x80002bfc (0x032b7933) x18 0x275ad400
core   0: 0x80002c00 (0x00008cf1) c.and   s1, a2
core   0: 3 0x80002c00 (0x8cf1) x9  0x50318080
core   0: 0x80002c02 (0xdfef6693) ori     a3, t5, -514
core   0: 3 0x80002c02 (0xdfef6693) x13 0xfffffdfe
core   0: 0x80002c06 (0xd2f3f093) andi    ra, t2, -721
core   0: 3 0x80002c06 (0xd2f3f093) x1  0x00000821
core   0: 0x80002c0a (0x0292cfb3) div     t6, t0, s1
core   0: 3 0x80002c0a (0x0292cfb3) x31 0x00000000
core   0: 0x80002c0e (0x00631863) bne     t1, t1, pc + 16
core   0: 3 0x80002c0e (0x00631863)
core   0: 0x80002c12 (0x024ed1b3) divu    gp, t4, tp
core   0: 3 0x80002c12 (0x024ed1b3) x3  0xffffffff
core   0: 0x80002c16 (0x00008275) c.srli  a2, 29
core   0: 3 0x80002c16 (0x8275) x12 0x00000002
core   0: 0x80002c18 (0x00008809) c.andi  s0, 2
core   0: 3 0x80002c18 (0x8809) x8  0x00000000
core   0: 0x80002c1a (0x0038d193) srli    gp, a7, 3
core   0: 3 0x80002c1a (0x0038d193) x3  0x1000539c
core   0: 0x80002c1e (0x00004979) c.li    s2, 30
core   0: 3 0x80002c1e (0x4979) x18 0x0000001e
core   0: 0x80002c20 (0x00f451b3) srl     gp, s0, a5
core   0: 3 0x80002c20 (0x00f451b3) x3  0x00000000
core   0: 0x80002c24 (0x03a41bb3) mulh    s7, s0, s10
core   0: 3 0x80002c24 (0x03a41bb3) x23 0x00000000
core   0: 0x80002c28 (0x0000717d) c.addi16sp sp, -16
core   0: 3 0x80002c28 (0x717d) x2  0xdf3c9a4e
core   0: 0x80002c2a (0x01776cb3) or      s9, a4, s7
core   0: 3 0x80002c2a (0x01776cb3) x25 0x00000000
core   0: 0x80002c2e (0x0b175463) bge     a4, a7, pc + 168
core   0: 3 0x80002c2e (0x0b175463)
core   0: 0x80002cd6 (0x00006b65) c.lui   s6, 0x19
core   0: 3 0x80002cd6 (0x6b65) x22 0x00019000
core   0: 0x80002cd8 (0x02a6e4b3) rem     s1, a3, a0
core   0: 3 0x80002cd8 (0x02a6e4b3) x9  0xfffffdfe
core   0: 0x80002cdc (0x54ac0993) addi    s3, s8, 1354
core   0: 3 0x80002cdc (0x54ac0993) x19 0x0000054a
core   0: 0x80002ce0 (0x00008881) c.andi  s1, 0
core   0: 3 0x80002ce0 (0x8881) x9  0x00000000
core   0: 0x80002ce2 (0x4128dab3) sra     s5, a7, s2
core   0: 3 0x80002ce2 (0x4128dab3) x21 0xfffffffe
core   0: 0x80002ce6 (0x000091ea) c.add   gp, s10
core   0: 3 0x80002ce6 (0x91ea) x3  0x00000000
core   0: 0x80002ce8 (0x00000c0a) c.slli  s8, 2
core   0: 3 0x80002ce8 (0x0c0a) x24 0x00000000
core   0: 0x80002cea (0x0000c121) c.beqz  a0, pc + 64
core   0: 3 0x80002cea (0xc121)
core   0: 0x80002d2a (0x012da033) slt     zero, s11, s2
core   0: 3 0x80002d2a (0x012da033)
core   0: 0x80002d2e (0x00001d7d) c.addi  s10, -1
core   0: 3 0x80002d2e (0x1d7d) x26 0xffffffff
core   0: 0x80002d30 (0x00008f91) c.sub   a5, a2
core   0: 3 0x80002d30 (0x8f91) x15 0xfffffffd
core   0: 0x80002d32 (0x00006995) c.lui   s3, 0x5
core   0: 3 0x80002d32 (0x6995) x19 0x00005000
core   0: 0x80002d34 (0x03bc7fb3) remu    t6, s8, s11
core   0: 3 0x80002d34 (0x03bc7fb3) x31 0x00000000
core   0: 0x80002d38 (0x006d1a13) slli    s4, s10, 6
core   0: 3 0x80002d38 (0x006d1a13) x20 0xffffffc0
core   0: 0x80002d3c (0x40ab5b13) srai    s6, s6, 10
core   0: 3 0x80002d3c (0x40ab5b13) x22 0x00000064
core   0: 0x80002d40 (0x0598c163) blt     a7, s9, pc + 66
core   0: 3 0x80002d40 (0x0598c163)
core   0: 0x80002d82 (0x000f5763) bgez    t5, pc + 14
core   0: 3 0x80002d82 (0x000f5763)
core   0: 0x80002d90 (0x0000717d) c.addi16sp sp, -16
core   0: 3 0x80002d90 (0x717d) x2  0xdf3c9a3e
core   0: 0x80002d92 (0x168fc293) xori    t0, t6, 360
core   0: 3 0x80002d92 (0x168fc293) x5  0x00000168
core   0: 0x80002d96 (0x000086d9) c.srai  a3, 22
core   0: 3 0x80002d96 (0x86d9) x13 0xffffffff
core   0: 0x80002d98 (0x02f8f933) remu    s2, a7, a5
core   0: 3 0x80002d98 (0x02f8f933) x18 0x80029ce4
core   0: 0x80002d9c (0xfb660c93) addi    s9, a2, -74
core   0: 3 0x80002d9c (0xfb660c93) x25 0xffffffb8
core   0: 0x80002da0 (0x00179513) slli    a0, a5, 1
core   0: 3 0x80002da0 (0x00179513) x10 0xfffffffa
core   0: 0x80002da4 (0x41508c33) sub     s8, ra, s5
core   0: 3 0x80002da4 (0x41508c33) x24 0x00000823
core   0: 0x80002da8 (0x0000cd09) c.beqz  a0, pc + 26
core   0: 3 0x80002da8 (0xcd09)
core   0: 0x80002daa (0x00008fed) c.and   a5, a1
core   0: 3 0x80002daa (0x8fed) x15 0x80025e64
core   0: 0x80002dac (0x01539493) slli    s1, t2, 21
core   0: 3 0x80002dac (0x01539493) x9  0x04200000
core   0: 0x80002db0 (0x02bfe663) bltu    t6, a1, pc + 44
core   0: 3 0x80002db0 (0x02bfe663)
core   0: 0x80002ddc (0x038d1733) mulh    a4, s10, s8
core   0: 3 0x80002ddc (0x038d1733) x14 0xffffffff
core   0: 0x80002de0 (0x00008a65) c.andi  a2, 25
core   0: 3 0x80002de0 (0x8a65) x12 0x00000000
core   0: 0x80002de2 (0x000098fd) c.andi  s1, -1
core   0: 3 0x80002de2 (0x98fd) x9  0x04200000
core   0: 0x80002de4 (0x031aa9b3) mulhsu  s3, s5, a7
core   0: 3 0x80002de4 (0x031aa9b3) x19 0xfffffffe
core   0: 0x80002de8 (0x02401db3) mulh    s11, zero, tp
core   0: 3 0x80002de8 (0x02401db3) x27 0x00000000
core   0: 0x80002dec (0x4103dfb3) sra     t6, t2, a6
core   0: 3 0x80002dec (0x4103dfb3) x31 0x00000000
core   0: 0x80002df0 (0x40748c33) sub     s8, s1, t2
core   0: 3 0x80002df0 (0x40748c33) x24 0x041ff7df
core   0: 0x80002df4 (0x01149113) slli    sp, s1, 17
core   0: 3 0x80002df4 (0x01149113) x2  0x00000000
core   0: 0x80002df8 (0x9a666613) ori     a2, a2, -1626
core   0: 3 0x80002df8 (0x9a666613) x12 0xfffff9a6
core   0: 0x80002dfc (0x01799c93) slli    s9, s3, 23
core   0: 3 0x80002dfc (0x01799c93) x25 0xff000000
core   0: 0x80002e00 (0x00004695) c.li    a3, 5
core   0: 3 0x80002e00 (0x4695) x13 0x00000005
core   0: 0x80002e02 (0x4110d993) srai    s3, ra, 17
core   0: 3 0x80002e02 (0x4110d993) x19 0x00000000
core   0: 0x80002e06 (0x00eed433) srl     s0, t4, a4
core   0: 3 0x80002e06 (0x00eed433) x8  0x00000001
core   0: 0x80002e0a (0x00008ca1) c.xor   s1, s0
core   0: 3 0x80002e0a (0x8ca1) x9  0x04200001
core   0: 0x80002e0c (0xfbcaa913) slti    s2, s5, -68
core   0: 3 0x80002e0c (0xfbcaa913) x18 0x00000000
core   0: 0x80002e10 (0x00000001) c.nop
core   0: 3 0x80002e10 (0x0001)
core   0: 0x80002e12 (0x02782eb3) mulhsu  t4, a6, t2
core   0: 3 0x80002e12 (0x02782eb3) x29 0x000003ce
core   0: 0x80002e16 (0x2b01c293) xori    t0, gp, 688
core   0: 3 0x80002e16 (0x2b01c293) x5  0x000002b0
core   0: 0x80002e1a (0x000016ed) c.addi  a3, -5
core   0: 3 0x80002e1a (0x16ed) x13 0x00000000
core   0: 0x80002e1c (0xfdca6bb7) lui     s7, 0xfdca6
core   0: 3 0x80002e1c (0xfdca6bb7) x23 0xfdca6000
core   0: 0x80002e20 (0x01005c13) srli    s8, zero, 16
core   0: 3 0x80002e20 (0x01005c13) x24 0x00000000
core   0: 0x80002e24 (0x0000daed) c.beqz  a3, pc - 14
core   0: 3 0x80002e24 (0xdaed)
core   0: 0x80002e16 (0x2b01c293) xori    t0, gp, 688
core   0: 3 0x80002e16 (0x2b01c293) x5  0x000002b0
core   0: 0x80002e1a (0x000016ed) c.addi  a3, -5
core   0: 3 0x80002e1a (0x16ed) x13 0xfffffffb
core   0: 0x80002e1c (0xfdca6bb7) lui     s7, 0xfdca6
core   0: 3 0x80002e1c (0xfdca6bb7) x23 0xfdca6000
core   0: 0x80002e20 (0x01005c13) srli    s8, zero, 16
core   0: 3 0x80002e20 (0x01005c13) x24 0x00000000
core   0: 0x80002e24 (0x0000daed) c.beqz  a3, pc - 14
core   0: 3 0x80002e24 (0xdaed)
core   0: 0x80002e26 (0xfb317d97) auipc   s11, 0xfb317
core   0: 3 0x80002e26 (0xfb317d97) x27 0x7b319e26
core   0: 0x80002e2a (0x03621d33) mulh    s10, tp, s6
core   0: 3 0x80002e2a (0x03621d33) x26 0x00000000
core   0: 0x80002e2e (0x000080d5) c.srli  s1, 21
core   0: 3 0x80002e2e (0x80d5) x9  0x00000021
core   0: 0x80002e30 (0x00e51f13) slli    t5, a0, 14
core   0: 3 0x80002e30 (0x00e51f13) x30 0xfffe8000
core   0: 0x80002e34 (0x00004329) c.li    t1, 10
core   0: 3 0x80002e34 (0x4329) x6  0x0000000a
core   0: 0x80002e36 (0x00008651) c.srai  a2, 20
core   0: 3 0x80002e36 (0x8651) x12 0xffffffff
core   0: 0x80002e38 (0x02faf163) bgeu    s5, a5, pc + 34
core   0: 3 0x80002e38 (0x02faf163)
core   0: 0x80002e5a (0x414504b3) sub     s1, a0, s4
core   0: 3 0x80002e5a (0x414504b3) x9  0x0000003a
core   0: 0x80002e5e (0x4aeeae13) slti    t3, t4, 1198
core   0: 3 0x80002e5e (0x4aeeae13) x28 0x00000001
core   0: 0x80002e62 (0x03d9ab33) mulhsu  s6, s3, t4
core   0: 3 0x80002e62 (0x03d9ab33) x22 0x00000000
core   0: 0x80002e66 (0x403756b3) sra     a3, a4, gp
core   0: 3 0x80002e66 (0x403756b3) x13 0xffffffff
core   0: 0x80002e6a (0x00740a63) beq     s0, t2, pc + 20
core   0: 3 0x80002e6a (0x00740a63)
core   0: 0x80002e6e (0x0000167d) c.addi  a2, -1
core   0: 3 0x80002e6e (0x167d) x12 0xfffffffe
core   0: 0x80002e70 (0x0000636d) c.lui   t1, 0x1b
core   0: 3 0x80002e70 (0x636d) x6  0x0001b000
core   0: 0x80002e72 (0x0332ac33) mulhsu  s8, t0, s3
core   0: 3 0x80002e72 (0x0332ac33) x24 0x00000000
core   0: 0x80002e76 (0x01e40963) beq     s0, t5, pc + 18
core   0: 3 0x80002e76 (0x01e40963)
core   0: 0x80002e7a (0x00009696) c.add   a3, t0
core   0: 3 0x80002e7a (0x9696) x13 0x000002af
core   0: 0x80002e7c (0x0000ea91) c.bnez  a3, pc + 20
core   0: 3 0x80002e7c (0xea91)
core   0: 0x80002e90 (0x2fdcaa93) slti    s5, s9, 765
core   0: 3 0x80002e90 (0x2fdcaa93) x21 0x00000001
core   0: 0x80002e94 (0x031b4963) blt     s6, a7, pc + 50
core   0: 3 0x80002e94 (0x031b4963)
core   0: 0x80002e98 (0x00006149) c.addi16sp sp, 144
core   0: 3 0x80002e98 (0x6149) x2  0x00000090
core   0: 0x80002e9a (0xc1496e93) ori     t4, s2, -1004
core   0: 3 0x80002e9a (0xc1496e93) x29 0xfffffc14
core   0: 0x80002e9e (0x0382e0b3) rem     ra, t0, s8
core   0: 3 0x80002e9e (0x0382e0b3) x1  0x000002b0
core   0: 0x80002ea2 (0x037f87b3) mul     a5, t6, s7
core   0: 3 0x80002ea2 (0x037f87b3) x15 0x00000000
core   0: 0x80002ea6 (0x00c1a433) slt     s0, gp, a2
core   0: 3 0x80002ea6 (0x00c1a433) x8  0x00000000
core   0: 0x80002eaa (0x41e96937) lui     s2, 0x41e96
core   0: 3 0x80002eaa (0x41e96937) x18 0x41e96000
core   0: 0x80002eae (0x033e9e33) mulh    t3, t4, s3
core   0: 3 0x80002eae (0x033e9e33) x28 0x00000000
core   0: 0x80002eb2 (0x45d46437) lui     s0, 0x45d46
core   0: 3 0x80002eb2 (0x45d46437) x8  0x45d46000
core   0: 0x80002eb6 (0x01bcf463) bgeu    s9, s11, pc + 8
core   0: 3 0x80002eb6 (0x01bcf463)
core   0: 0x80002ebe (0x016a7d63) bgeu    s4, s6, pc + 26
core   0: 3 0x80002ebe (0x016a7d63)
core   0: 0x80002ed8 (0x02c3deb3) divu    t4, t2, a2
core   0: 3 0x80002ed8 (0x02c3deb3) x29 0x00000000
core   0: 0x80002edc (0x0000e509) c.bnez  a0, pc + 10
core   0: 3 0x80002edc (0xe509)
core   0: 0x80002ee6 (0x8ab4d437) lui     s0, 0x8ab4d
core   0: 3 0x80002ee6 (0x8ab4d437) x8  0x8ab4d000
core   0: 0x80002eea (0x036ad7b3) divu    a5, s5, s6
core   0: 3 0x80002eea (0x036ad7b3) x15 0xffffffff
core   0: 0x80002eee (0x4e4c2493) slti    s1, s8, 1252
core   0: 3 0x80002eee (0x4e4c2493) x9  0x00000001
core   0: 0x80002ef2 (0x0378e463) bltu    a7, s7, pc + 40
core   0: 3 0x80002ef2 (0x0378e463)
core   0: 0x80002f1a (0x00000001) c.nop
core   0: 3 0x80002f1a (0x0001)
core   0: 0x80002f1c (0x02d63b33) mulhu   s6, a2, a3
core   0: 3 0x80002f1c (0x02d63b33) x22 0x000002ae
core   0: 0x80002f20 (0x0000ee11) c.bnez  a2, pc + 28
core   0: 3 0x80002f20 (0xee11)
core   0: 0x80002f3c (0x00aad793) srli    a5, s5, 10
core   0: 3 0x80002f3c (0x00aad793) x15 0x00000000
core   0: 0x80002f40 (0x40f089b3) sub     s3, ra, a5
core   0: 3 0x80002f40 (0x40f089b3) x19 0x000002b0
core   0: 0x80002f44 (0x000083c2) c.mv    t2, a6
core   0: 3 0x80002f44 (0x83c2) x7  0x77ef29ff
core   0: 0x80002f46 (0x00000f11) c.addi  t5, 4
core   0: 3 0x80002f46 (0x0f11) x30 0xfffe8004
core   0: 0x80002f48 (0xc4667b13) andi    s6, a2, -954
core   0: 3 0x80002f48 (0xc4667b13) x22 0xfffffc46
core   0: 0x80002f4c (0x01d4c3b3) xor     t2, s1, t4
core   0: 3 0x80002f4c (0x01d4c3b3) x7  0x00000001
core   0: 0x80002f50 (0xd5f02097) auipc   ra, 0xd5f02
core   0: 3 0x80002f50 (0xd5f02097) x1  0x55f04f50
core   0: 0x80002f54 (0x417c5cb3) sra     s9, s8, s7
core   0: 3 0x80002f54 (0x417c5cb3) x25 0x00000000
core   0: 0x80002f58 (0x0f547c63) bgeu    s0, s5, pc + 248
core   0: 3 0x80002f58 (0x0f547c63)
core   0: 0x80003050 (0x0296dc33) divu    s8, a3, s1
core   0: 3 0x80003050 (0x0296dc33) x24 0x000002af
core   0: 0x80003054 (0x0000808d) c.srli  s1, 3
core   0: 3 0x80003054 (0x808d) x9  0x00000000
core   0: 0x80003056 (0x0ed6ea93) ori     s5, a3, 237
core   0: 3 0x80003056 (0x0ed6ea93) x21 0x000002ef
core   0: 0x8000305a (0x01142933) slt     s2, s0, a7
core   0: 3 0x8000305a (0x01142933) x18 0x00000000
core   0: 0x8000305e (0x0103c663) blt     t2, a6, pc + 12
core   0: 3 0x8000305e (0x0103c663)
core   0: 0x8000306a (0x034664b3) rem     s1, a2, s4
core   0: 3 0x8000306a (0x034664b3) x9  0xfffffffe
core   0: 0x8000306e (0x0b6a8213) addi    tp, s5, 182
core   0: 3 0x8000306e (0x0b6a8213) x4  0x000003a5
core   0: 0x80003072 (0x001c8f63) beq     s9, ra, pc + 30
core   0: 3 0x80003072 (0x001c8f63)
core   0: 0x80003076 (0x000010fd) c.addi  ra, -1
core   0: 3 0x80003076 (0x10fd) x1  0x55f04f4f
core   0: 0x80003078 (0x03593333) mulhu   t1, s2, s5
core   0: 3 0x80003078 (0x03593333) x6  0x00000000
core   0: 0x8000307c (0x03df1e33) mulh    t3, t5, t4
core   0: 3 0x8000307c (0x03df1e33) x28 0x00000000
core   0: 0x80003080 (0x00008cd1) c.or    s1, a2
core   0: 3 0x80003080 (0x8cd1) x9  0xfffffffe
core   0: 0x80003082 (0x00257433) and     s0, a0, sp
core   0: 3 0x80003082 (0x00257433) x8  0x00000090
core   0: 0x80003086 (0x0000615d) c.addi16sp sp, 432
core   0: 3 0x80003086 (0x615d) x2  0x00000240
core   0: 0x80003088 (0x005d7c33) and     s8, s10, t0
core   0: 3 0x80003088 (0x005d7c33) x24 0x00000000
core   0: 0x8000308c (0x402cdb93) srai    s7, s9, 2
core   0: 3 0x8000308c (0x402cdb93) x23 0x00000000
core   0: 0x80003090 (0x7bbaac93) slti    s9, s5, 1979
core   0: 3 0x80003090 (0x7bbaac93) x25 0x00000001
core   0: 0x80003094 (0x0142d093) srli    ra, t0, 20
core   0: 3 0x80003094 (0x0142d093) x1  0x00000000
core   0: 0x80003098 (0x0077f933) and     s2, a5, t2
core   0: 3 0x80003098 (0x0077f933) x18 0x00000000
core   0: 0x8000309c (0x00008f19) c.sub   a4, a4
core   0: 3 0x8000309c (0x8f19) x14 0x00000000
core   0: 0x8000309e (0x01f88933) add     s2, a7, t6
core   0: 3 0x8000309e (0x01f88933) x18 0x80029ce4
core   0: 0x800030a2 (0x384771b7) lui     gp, 0x38477
core   0: 3 0x800030a2 (0x384771b7) x3  0x38477000
core   0: 0x800030a6 (0x02b46133) rem     sp, s0, a1
core   0: 3 0x800030a6 (0x02b46133) x2  0x00000090
core   0: 0x800030aa (0x05c67163) bgeu    a2, t3, pc + 66
core   0: 3 0x800030aa (0x05c67163)
core   0: 0x800030ec (0x00000001) c.nop
core   0: 3 0x800030ec (0x0001)
core   0: 0x800030ee (0x00000001) c.nop
core   0: 3 0x800030ee (0x0001)
core   0: 0x800030f0 (0x4a2d2d93) slti    s11, s10, 1186
core   0: 3 0x800030f0 (0x4a2d2d93) x27 0x00000001
core   0: 0x800030f4 (0x00017797) auipc   a5, 0x17
core   0: 3 0x800030f4 (0x00017797) x15 0x8001a0f4
core   0: 0x800030f8 (0x6e578793) addi    a5, a5, 1765
core   0: 3 0x800030f8 (0x6e578793) x15 0x8001a7d9
core   0: 0x800030fc (0x028fc433) div     s0, t6, s0
core   0: 3 0x800030fc (0x028fc433) x8  0x00000000
core   0: 0x80003100 (0xf3f79e83) lh      t4, -193(a5)
core   0: 3 0x80003100 (0xf3f79e83) x29 0x00000000 mem 0x8001a718
core   0: 0x80003104 (0x00000626) c.slli  a2, 9
core   0: 3 0x80003104 (0x0626) x12 0xfffffc00
core   0: 0x80003106 (0x028ebfb3) mulhu   t6, t4, s0
core   0: 3 0x80003106 (0x028ebfb3) x31 0x00000000
core   0: 0x8000310a (0x71608613) addi    a2, ra, 1814
core   0: 3 0x8000310a (0x71608613) x12 0x00000716
core   0: 0x8000310e (0xf2178523) sb      ra, -214(a5)
core   0: 3 0x8000310e (0xf2178523) mem 0x8001a703 0x00
core   0: 0x80003112 (0x000040fd) c.li    ra, 31
core   0: 3 0x80003112 (0x40fd) x1  0x0000001f
core   0: 0x80003114 (0xfee78603) lb      a2, -18(a5)
core   0: 3 0x80003114 (0xfee78603) x12 0x00000000 mem 0x8001a7c7
core   0: 0x80003118 (0xfba7c603) lbu     a2, -70(a5)
core   0: 3 0x80003118 (0xfba7c603) x12 0x00000000 mem 0x8001a793
core   0: 0x8000311c (0x0c978603) lb      a2, 201(a5)
core   0: 3 0x8000311c (0x0c978603) x12 0x00000000 mem 0x8001a8a2
core   0: 0x80003120 (0x00000001) c.nop
core   0: 3 0x80003120 (0x0001)
core   0: 0x80003122 (0x02c0c0b3) div     ra, ra, a2
core   0: 3 0x80003122 (0x02c0c0b3) x1  0xffffffff
core   0: 0x80003126 (0x0c879ca3) sh      s0, 217(a5)
core   0: 3 0x80003126 (0x0c879ca3) mem 0x8001a8b2 0x0000
core   0: 0x8000312a (0xf5e78e23) sb      t5, -164(a5)
core   0: 3 0x8000312a (0xf5e78e23) mem 0x8001a735 0x04
core   0: 0x8000312e (0x000050fd) c.li    ra, -1
core   0: 3 0x8000312e (0x50fd) x1  0xffffffff
core   0: 0x80003130 (0x06e7ce83) lbu     t4, 110(a5)
core   0: 3 0x80003130 (0x06e7ce83) x29 0x00000000 mem 0x8001a847
core   0: 0x80003134 (0x00cfd0b3) srl     ra, t6, a2
core   0: 3 0x80003134 (0x00cfd0b3) x1  0x00000000
core   0: 0x80003138 (0x0617c603) lbu     a2, 97(a5)
core   0: 3 0x80003138 (0x0617c603) x12 0x00000000 mem 0x8001a83a
core   0: 0x8000313c (0x01d45633) srl     a2, s0, t4
core   0: 3 0x8000313c (0x01d45633) x12 0x00000000
core   0: 0x80003140 (0x0e77a083) lw      ra, 231(a5)
core   0: 3 0x80003140 (0x0e77a083) x1  0x00000000 mem 0x8001a8c0
core   0: 0x80003144 (0xf3b79f03) lh      t5, -197(a5)
core   0: 3 0x80003144 (0xf3b79f03) x30 0x00000000 mem 0x8001a714
core   0: 0x80003148 (0x07578f03) lb      t5, 117(a5)
core   0: 3 0x80003148 (0x07578f03) x30 0x00000000 mem 0x8001a84e
core   0: 0x8000314c (0x00078403) lb      s0, 0(a5)
core   0: 3 0x8000314c (0x00078403) x8  0x00000000 mem 0x8001a7d9
core   0: 0x80003150 (0xf0178c23) sb      ra, -232(a5)
core   0: 3 0x80003150 (0xf0178c23) mem 0x8001a6f1 0x00
core   0: 0x80003154 (0xfff78223) sb      t6, -28(a5)
core   0: 3 0x80003154 (0xfff78223) mem 0x8001a7bd 0x00
core   0: 0x80003158 (0x0a27c083) lbu     ra, 162(a5)
core   0: 3 0x80003158 (0x0a27c083) x1  0x00000000 mem 0x8001a87b
core   0: 0x8000315c (0x00c67f33) and     t5, a2, a2
core   0: 3 0x8000315c (0x00c67f33) x30 0x00000000
core   0: 0x80003160 (0xfef7c083) lbu     ra, -17(a5)
core   0: 3 0x80003160 (0xfef7c083) x1  0x00000000 mem 0x8001a7c8
core   0: 0x80003164 (0xf2c78923) sb      a2, -206(a5)
core   0: 3 0x80003164 (0xf2c78923) mem 0x8001a70b 0x00
core   0: 0x80003168 (0xff179083) lh      ra, -15(a5)
core   0: 3 0x80003168 (0xff179083) x1  0x00000000 mem 0x8001a7ca
core   0: 0x8000316c (0xfc47cf03) lbu     t5, -60(a5)
core   0: 3 0x8000316c (0xfc47cf03) x30 0x00000000 mem 0x8001a79d
core   0: 0x80003170 (0xf3978f03) lb      t5, -199(a5)
core   0: 3 0x80003170 (0xf3978f03) x30 0x00000000 mem 0x8001a712
core   0: 0x80003174 (0xf5d78ba3) sb      t4, -169(a5)
core   0: 3 0x80003174 (0xf5d78ba3) mem 0x8001a730 0x00
core   0: 0x80003178 (0x03278403) lb      s0, 50(a5)
core   0: 3 0x80003178 (0x03278403) x8  0x00000000 mem 0x8001a80b
core   0: 0x8000317c (0x00fc6763) bltu    s8, a5, pc + 14
core   0: 3 0x8000317c (0x00fc6763)
core   0: 0x8000318a (0x00006471) c.lui   s0, 0x1c
core   0: 3 0x8000318a (0x6471) x8  0x0001c000
core   0: 0x8000318c (0x03ef5663) bge     t5, t5, pc + 44
core   0: 3 0x8000318c (0x03ef5663)
core   0: 0x800031b8 (0x012d1693) slli    a3, s10, 18
core   0: 3 0x800031b8 (0x012d1693) x13 0x00000000
core   0: 0x800031bc (0x4882a713) slti    a4, t0, 1160
core   0: 3 0x800031bc (0x4882a713) x14 0x00000001
core   0: 0x800031c0 (0x00008291) c.srli  a3, 4
core   0: 3 0x800031c0 (0x8291) x13 0x00000000
core   0: 0x800031c2 (0x030012b3) mulh    t0, zero, a6
core   0: 3 0x800031c2 (0x030012b3) x5  0x00000000
core   0: 0x800031c6 (0x00a1e433) or      s0, gp, a0
core   0: 3 0x800031c6 (0x00a1e433) x8  0xfffffffa
core   0: 0x800031ca (0x41af8733) sub     a4, t6, s10
core   0: 3 0x800031ca (0x41af8733) x14 0x00000000
core   0: 0x800031ce (0x00006c09) c.lui   s8, 0x2
core   0: 3 0x800031ce (0x6c09) x24 0x00002000
core   0: 0x800031d0 (0x66b27413) andi    s0, tp, 1643
core   0: 3 0x800031d0 (0x66b27413) x8  0x00000221
core   0: 0x800031d4 (0x00001efd) c.addi  t4, -1
core   0: 3 0x800031d4 (0x1efd) x29 0xffffffff
core   0: 0x800031d6 (0x014de633) or      a2, s11, s4
core   0: 3 0x800031d6 (0x014de633) x12 0xffffffc1
core   0: 0x800031da (0x0f7de113) ori     sp, s11, 247
core   0: 3 0x800031da (0x0f7de113) x2  0x000000f7
core   0: 0x800031de (0x011a7a33) and     s4, s4, a7
core   0: 3 0x800031de (0x011a7a33) x20 0x80029cc0
core   0: 0x800031e2 (0xc362fa93) andi    s5, t0, -970
core   0: 3 0x800031e2 (0xc362fa93) x21 0x00000000
core   0: 0x800031e6 (0x00004cbd) c.li    s9, 15
core   0: 3 0x800031e6 (0x4cbd) x25 0x0000000f
core   0: 0x800031e8 (0x00202933) slt     s2, zero, sp
core   0: 3 0x800031e8 (0x00202933) x18 0x00000001
core   0: 0x800031ec (0x0254f2b3) remu    t0, s1, t0
core   0: 3 0x800031ec (0x0254f2b3) x5  0xfffffffe
core   0: 0x800031f0 (0x056b6263) bltu    s6, s6, pc + 68
core   0: 3 0x800031f0 (0x056b6263)
core   0: 0x800031f4 (0x0078e133) or      sp, a7, t2
core   0: 3 0x800031f4 (0x0078e133) x2  0x80029ce5
core   0: 0x800031f8 (0x11df6793) ori     a5, t5, 285
core   0: 3 0x800031f8 (0x11df6793) x15 0x0000011d
core   0: 0x800031fc (0x019d8f33) add     t5, s11, s9
core   0: 3 0x800031fc (0x019d8f33) x30 0x00000010
core   0: 0x80003200 (0x1f710197) auipc   gp, 0x1f710
core   0: 3 0x80003200 (0x1f710197) x3  0x9f713200
core   0: 0x80003204 (0x029ee363) bltu    t4, s1, pc + 38
core   0: 3 0x80003204 (0x029ee363)
core   0: 0x80003208 (0x01aa9b93) slli    s7, s5, 26
core   0: 3 0x80003208 (0x01aa9b93) x23 0x00000000
core   0: 0x8000320c (0x01e3eb63) bltu    t2, t5, pc + 22
core   0: 3 0x8000320c (0x01e3eb63)
core   0: 0x80003222 (0x40c6d493) srai    s1, a3, 12
core   0: 3 0x80003222 (0x40c6d493) x9  0x00000000
core   0: 0x80003226 (0x027e3633) mulhu   a2, t3, t2
core   0: 3 0x80003226 (0x027e3633) x12 0x00000000
core   0: 0x8000322a (0x00008af1) c.andi  a3, 28
core   0: 3 0x8000322a (0x8af1) x13 0x00000000
core   0: 0x8000322c (0x017409b3) add     s3, s0, s7
core   0: 3 0x8000322c (0x017409b3) x19 0x00000221
core   0: 0x80003230 (0x402cd033) sra     zero, s9, sp
core   0: 3 0x80003230 (0x402cd033)
core   0: 0x80003234 (0x01f76963) bltu    a4, t6, pc + 18
core   0: 3 0x80003234 (0x01f76963)
core   0: 0x80003238 (0x056ada63) bge     s5, s6, pc + 84
core   0: 3 0x80003238 (0x056ada63)
core   0: 0x8000328c (0x014b0ab3) add     s5, s6, s4
core   0: 3 0x8000328c (0x014b0ab3) x21 0x80029906
core   0: 0x80003290 (0x00008ead) c.xor   a3, a1
core   0: 3 0x80003290 (0x8ead) x13 0x80025e64
core   0: 0x80003292 (0x00008fe5) c.and   a5, s1
core   0: 3 0x80003292 (0x8fe5) x15 0x00000000
core   0: 0x80003294 (0x413781b3) sub     gp, a5, s3
core   0: 3 0x80003294 (0x413781b3) x3  0xfffffddf
core   0: 0x80003298 (0x0000e121) c.bnez  a0, pc + 64
core   0: 3 0x80003298 (0xe121)
core   0: 0x800032d8 (0xe224a013) slti    zero, s1, -478
core   0: 3 0x800032d8 (0xe224a013)
core   0: 0x800032dc (0x1c5d8713) addi    a4, s11, 453
core   0: 3 0x800032dc (0x1c5d8713) x14 0x000001c6
core   0: 0x800032e0 (0x00000590) c.addi4spn a2, sp, 704
core   0: 3 0x800032e0 (0x0590) x12 0x80029fa5
core   0: 0x800032e2 (0x02766733) rem     a4, a2, t2
core   0: 3 0x800032e2 (0x02766733) x14 0x00000000
core   0: 0x800032e6 (0x00001884) c.addi4spn s1, sp, 112
core   0: 3 0x800032e6 (0x1884) x9  0x80029d55
core   0: 0x800032e8 (0x03c5c133) div     sp, a1, t3
core   0: 3 0x800032e8 (0x03c5c133) x2  0xffffffff
core   0: 0x800032ec (0x00008065) c.srli  s0, 25
core   0: 3 0x800032ec (0x8065) x8  0x00000000
core   0: 0x800032ee (0x031aa1b3) mulhsu  gp, s5, a7
core   0: 3 0x800032ee (0x031aa1b3) x3  0xbffffe17
core   0: 0x800032f2 (0x0142cab3) xor     s5, t0, s4
core   0: 3 0x800032f2 (0x0142cab3) x21 0x7ffd633e
core   0: 0x800032f6 (0x00006e19) c.lui   t3, 0x6
core   0: 3 0x800032f6 (0x6e19) x28 0x00006000
core   0: 0x800032f8 (0x01f62333) slt     t1, a2, t6
core   0: 3 0x800032f8 (0x01f62333) x6  0x00000001
core   0: 0x800032fc (0x01988e63) beq     a7, s9, pc + 28
core   0: 3 0x800032fc (0x01988e63)
core   0: 0x80003300 (0x010f4b63) blt     t5, a6, pc + 22
core   0: 3 0x80003300 (0x010f4b63)
core   0: 0x80003316 (0x00000001) c.nop
core   0: 3 0x80003316 (0x0001)
core   0: 0x80003318 (0x0386f1b3) remu    gp, a3, s8
core   0: 3 0x80003318 (0x0386f1b3) x3  0x00001e64
core   0: 0x8000331c (0x00008fc9) c.or    a5, a0
core   0: 3 0x8000331c (0x8fc9) x15 0xfffffffa
core   0: 0x8000331e (0x02e27eb3) remu    t4, tp, a4
core   0: 3 0x8000331e (0x02e27eb3) x29 0x000003a5
core   0: 0x80003322 (0x00001900) c.addi4spn s0, sp, 176
core   0: 3 0x80003322 (0x1900) x8  0x000000af
core   0: 0x80003324 (0x40d15ab3) sra     s5, sp, a3
core   0: 3 0x80003324 (0x40d15ab3) x21 0xffffffff
core   0: 0x80003328 (0x00008bea) c.mv    s7, s10
core   0: 3 0x80003328 (0x8bea) x23 0x00000000
core   0: 0x8000332a (0x414b82b3) sub     t0, s7, s4
core   0: 3 0x8000332a (0x414b82b3) x5  0x7ffd6340
core   0: 0x8000332e (0xcf6eca93) xori    s5, t4, -778
core   0: 3 0x8000332e (0xcf6eca93) x21 0xffffff53
core   0: 0x80003332 (0x00000001) c.nop
core   0: 3 0x80003332 (0x0001)
core   0: 0x80003334 (0x00773b33) sltu    s6, a4, t2
core   0: 3 0x80003334 (0x00773b33) x22 0x00000001
core   0: 0x80003338 (0x8c586a13) ori     s4, a6, -1851
core   0: 3 0x80003338 (0x8c586a13) x20 0xfffff9ff
core   0: 0x8000333c (0x00d5d993) srli    s3, a1, 13
core   0: 3 0x8000333c (0x00d5d993) x19 0x00040012
core   0: 0x80003340 (0x4090dab3) sra     s5, ra, s1
core   0: 3 0x80003340 (0x4090dab3) x21 0x00000000
core   0: 0x80003344 (0x00008e01) c.sub   a2, s0
core   0: 3 0x80003344 (0x8e01) x12 0x80029ef6
core   0: 0x80003346 (0x00c509b3) add     s3, a0, a2
core   0: 3 0x80003346 (0x00c509b3) x19 0x80029ef0
core   0: 0x8000334a (0x03819263) bne     gp, s8, pc + 36
core   0: 3 0x8000334a (0x03819263)
core   0: 0x8000336e (0x000057fd) c.li    a5, -1
core   0: 3 0x8000336e (0x57fd) x15 0xffffffff
core   0: 0x80003370 (0x0000c211) c.beqz  a2, pc + 4
core   0: 3 0x80003370 (0xc211)
core   0: 0x80003372 (0x00004fb1) c.li    t6, 12
core   0: 3 0x80003372 (0x4fb1) x31 0x0000000c
core   0: 0x80003374 (0x413e8933) sub     s2, t4, s3
core   0: 3 0x80003374 (0x413e8933) x18 0x7ffd64b5
core   0: 0x80003378 (0x0000038d) c.addi  t2, 3
core   0: 3 0x80003378 (0x038d) x7  0x00000004
core   0: 0x8000337a (0x9ddeaf13) slti    t5, t4, -1571
core   0: 3 0x8000337a (0x9ddeaf13) x30 0x00000000
core   0: 0x8000337e (0x0196b533) sltu    a0, a3, s9
core   0: 3 0x8000337e (0x0196b533) x10 0x00000000
core   0: 0x80003382 (0x00253eb3) sltu    t4, a0, sp
core   0: 3 0x80003382 (0x00253eb3) x29 0x00000001
core   0: 0x80003386 (0x00008f61) c.and   a4, s0
core   0: 3 0x80003386 (0x8f61) x14 0x00000000
core   0: 0x80003388 (0x0154afb3) slt     t6, s1, s5
core   0: 3 0x80003388 (0x0154afb3) x31 0x00000001
core   0: 0x8000338c (0x00777d63) bgeu    a4, t2, pc + 26
core   0: 3 0x8000338c (0x00777d63)
core   0: 0x80003390 (0x02679bb3) mulh    s7, a5, t1
core   0: 3 0x80003390 (0x02679bb3) x23 0xffffffff
core   0: 0x80003394 (0xca92b393) sltiu   t2, t0, -855
core   0: 3 0x80003394 (0xca92b393) x7  0x00000001
core   0: 0x80003398 (0x03f24063) blt     tp, t6, pc + 32
core   0: 3 0x80003398 (0x03f24063)
core   0: 0x8000339c (0x015d5863) bge     s10, s5, pc + 16
core   0: 3 0x8000339c (0x015d5863)
core   0: 0x800033ac (0x0000717d) c.addi16sp sp, -16
core   0: 3 0x800033ac (0x717d) x2  0xffffffef
core   0: 0x800033ae (0x00000001) c.nop
core   0: 3 0x800033ae (0x0001)
core   0: 0x800033b0 (0x02138ab3) mul     s5, t2, ra
core   0: 3 0x800033b0 (0x02138ab3) x21 0x00000000
core   0: 0x800033b4 (0x3ad18913) addi    s2, gp, 941
core   0: 3 0x800033b4 (0x3ad18913) x18 0x00002211
core   0: 0x800033b8 (0x02938663) beq     t2, s1, pc + 44
core   0: 3 0x800033b8 (0x02938663)
core   0: 0x800033bc (0x010b13b3) sll     t2, s6, a6
core   0: 3 0x800033bc (0x010b13b3) x7  0x80000000
core   0: 0x800033c0 (0x000d9533) sll     a0, s11, zero
core   0: 3 0x800033c0 (0x000d9533) x10 0x00000001
core   0: 0x800033c4 (0x02a7cc33) div     s8, a5, a0
core   0: 3 0x800033c4 (0x02a7cc33) x24 0xffffffff
core   0: 0x800033c8 (0x0000e7a1) c.bnez  a5, pc + 72
core   0: 3 0x800033c8 (0xe7a1)
core   0: 0x80003410 (0x000013fd) c.addi  t2, -1
core   0: 3 0x80003410 (0x13fd) x7  0x7fffffff
core   0: 0x80003412 (0x037b0433) mul     s0, s6, s7
core   0: 3 0x80003412 (0x037b0433) x8  0xffffffff
core   0: 0x80003416 (0x0212f633) remu    a2, t0, ra
core   0: 3 0x80003416 (0x0212f633) x12 0x7ffd6340
core   0: 0x8000341a (0x00008df2) c.mv    s11, t3
core   0: 3 0x8000341a (0x8df2) x27 0x00006000
core   0: 0x8000341c (0x7a5ad217) auipc   tp, 0x7a5ad
core   0: 3 0x8000341c (0x7a5ad217) x4  0xfa5b041c
core   0: 0x80003420 (0x0a030463) beqz    t1, pc + 168
core   0: 3 0x80003420 (0x0a030463)
core   0: 0x80003424 (0x006a9e93) slli    t4, s5, 6
core   0: 3 0x80003424 (0x006a9e93) x29 0x00000000
core   0: 0x80003428 (0x00012197) auipc   gp, 0x12
core   0: 3 0x80003428 (0x00012197) x3  0x80015428
core   0: 0x8000342c (0xa0c18193) addi    gp, gp, -1524
core   0: 3 0x8000342c (0xa0c18193) x3  0x80014e34
core   0: 0x80003430 (0x0139e233) or      tp, s3, s3
core   0: 3 0x80003430 (0x0139e233) x4  0x80029ef0
core   0: 0x80003434 (0x00008ce1) c.and   s1, s0
core   0: 3 0x80003434 (0x8ce1) x9  0x80029d55
core   0: 0x80003436 (0x3ca44213) xori    tp, s0, 970
core   0: 3 0x80003436 (0x3ca44213) x4  0xfffffc35
core   0: 0x8000343a (0xf4f1cd03) lbu     s10, -177(gp)
core   0: 3 0x8000343a (0xf4f1cd03) x26 0x00000000 mem 0x80014d83
core   0: 0x8000343e (0x0e9181a3) sb      s1, 227(gp)
core   0: 3 0x8000343e (0x0e9181a3) mem 0x80014f17 0x55
core   0: 0x80003442 (0x024239b3) mulhu   s3, tp, tp
core   0: 3 0x80003442 (0x024239b3) x19 0xfffff86a
core   0: 0x80003446 (0x00008c45) c.or    s0, s1
core   0: 3 0x80003446 (0x8c45) x8  0xffffffff
core   0: 0x80003448 (0x41a48433) sub     s0, s1, s10
core   0: 3 0x80003448 (0x41a48433) x8  0x80029d55
core   0: 0x8000344c (0x03e1d203) lhu     tp, 62(gp)
core   0: 3 0x8000344c (0x03e1d203) x4  0x00000000 mem 0x80014e72
core   0: 0x80003450 (0x0000127d) c.addi  tp, -1
core   0: 3 0x80003450 (0x127d) x4  0xffffffff
core   0: 0x80003452 (0x413459b3) sra     s3, s0, s3
core   0: 3 0x80003452 (0x413459b3) x19 0xffe000a7
core   0: 0x80003456 (0x06118983) lb      s3, 97(gp)
core   0: 3 0x80003456 (0x06118983) x19 0x00000000 mem 0x80014e95
core   0: 0x8000345a (0x001a9213) slli    tp, s5, 1
core   0: 3 0x8000345a (0x001a9213) x4  0x00000000
core   0: 0x8000345e (0x01aa8233) add     tp, s5, s10
core   0: 3 0x8000345e (0x01aa8233) x4  0x00000000
core   0: 0x80003462 (0xf911c203) lbu     tp, -111(gp)
core   0: 3 0x80003462 (0xf911c203) x4  0x00000000 mem 0x80014dc5
core   0: 0x80003466 (0x004a99b3) sll     s3, s5, tp
core   0: 3 0x80003466 (0x004a99b3) x19 0x00000000
core   0: 0x8000346a (0xf7a19983) lh      s3, -134(gp)
core   0: 3 0x8000346a (0xf7a19983) x19 0x00000000 mem 0x80014dae
core   0: 0x8000346e (0x01a249b3) xor     s3, tp, s10
core   0: 3 0x8000346e (0x01a249b3) x19 0x00000000
core   0: 0x80003472 (0xfc11c203) lbu     tp, -63(gp)
core   0: 3 0x80003472 (0xfc11c203) x4  0x00000000 mem 0x80014df5
core   0: 0x80003476 (0x40448433) sub     s0, s1, tp
core   0: 3 0x80003476 (0x40448433) x8  0x80029d55
core   0: 0x8000347a (0x0339fd33) remu    s10, s3, s3
core   0: 3 0x8000347a (0x0339fd33) x26 0x00000000
core   0: 0x8000347e (0x01a18aa3) sb      s10, 21(gp)
core   0: 3 0x8000347e (0x01a18aa3) mem 0x80014e49 0x00
core   0: 0x80003482 (0xf5a19223) sh      s10, -188(gp)
core   0: 3 0x80003482 (0xf5a19223) mem 0x80014d78 0x0000
core   0: 0x80003486 (0x01a269b3) or      s3, tp, s10
core   0: 3 0x80003486 (0x01a269b3) x19 0x00000000
core   0: 0x8000348a (0x00000272) c.slli  tp, 28
core   0: 3 0x8000348a (0x0272) x4  0x00000000
core   0: 0x8000348c (0xfa219a83) lh      s5, -94(gp)
core   0: 3 0x8000348c (0xfa219a83) x21 0x00000000 mem 0x80014dd6
core   0: 0x80003490 (0x00008cc1) c.or    s1, s0
core   0: 3 0x80003490 (0x8cc1) x9  0x80029d55
core   0: 0x80003492 (0x000080d1) c.srli  s1, 20
core   0: 3 0x80003492 (0x80d1) x9  0x00000800
core   0: 0x80003494 (0x03547ab3) remu    s5, s0, s5
core   0: 3 0x80003494 (0x03547ab3) x21 0x80029d55
core   0: 0x80003498 (0xfcf1c983) lbu     s3, -49(gp)
core   0: 3 0x80003498 (0xfcf1c983) x19 0x00000000 mem 0x80014e03
core   0: 0x8000349c (0x0c418923) sb      tp, 210(gp)
core   0: 3 0x8000349c (0x0c418923) mem 0x80014f06 0x00
core   0: 0x800034a0 (0x01ad7ab3) and     s5, s10, s10
core   0: 3 0x800034a0 (0x01ad7ab3) x21 0x00000000
core   0: 0x800034a4 (0x033aa9b3) mulhsu  s3, s5, s3
core   0: 3 0x800034a4 (0x033aa9b3) x19 0x00000000
core   0: 0x800034a8 (0x0094e233) or      tp, s1, s1
core   0: 3 0x800034a8 (0x0094e233) x4  0x00000800
core   0: 0x800034ac (0x0bf18a83) lb      s5, 191(gp)
core   0: 3 0x800034ac (0x0bf18a83) x21 0x00000000 mem 0x80014ef3
core   0: 0x800034b0 (0xf291ca83) lbu     s5, -215(gp)
core   0: 3 0x800034b0 (0xf291ca83) x21 0x00000000 mem 0x80014d5d
core   0: 0x800034b4 (0x00009aa2) c.add   s5, s0
core   0: 3 0x800034b4 (0x9aa2) x21 0x80029d55
core   0: 0x800034b6 (0x00008aa2) c.mv    s5, s0
core   0: 3 0x800034b6 (0x8aa2) x21 0x80029d55
core   0: 0x800034b8 (0x0000127d) c.addi  tp, -1
core   0: 3 0x800034b8 (0x127d) x4  0x000007ff
core   0: 0x800034ba (0x00008cc1) c.or    s1, s0
core   0: 3 0x800034ba (0x8cc1) x9  0x80029d55
core   0: 0x800034bc (0x5e64e993) ori     s3, s1, 1510
core   0: 3 0x800034bc (0x5e64e993) x19 0x80029df7
core   0: 0x800034c0 (0xf08184a3) sb      s0, -247(gp)
core   0: 3 0x800034c0 (0xf08184a3) mem 0x80014d3d 0x55
core   0: 0x800034c4 (0x0204ffb3) remu    t6, s1, zero
core   0: 3 0x800034c4 (0x0204ffb3) x31 0x80029d55
core   0: 0x800034c8 (0x00008d49) c.or    a0, a0
core   0: 3 0x800034c8 (0x8d49) x10 0x00000001
core   0: 0x800034ca (0x00009232) c.add   tp, a2
core   0: 3 0x800034ca (0x9232) x4  0x7ffd6b3f
core   0: 0x800034cc (0x00005b7d) c.li    s6, -1
core   0: 3 0x800034cc (0x5b7d) x22 0xffffffff
core   0: 0x800034ce (0x014f7333) and     t1, t5, s4
core   0: 3 0x800034ce (0x014f7333) x6  0x00000000
core   0: 0x800034d2 (0x002ee563) bltu    t4, sp, pc + 10
core   0: 3 0x800034d2 (0x002ee563)
core   0: 0x800034dc (0x00000001) c.nop
core   0: 3 0x800034dc (0x0001)
core   0: 0x800034de (0x022a02b3) mul     t0, s4, sp
core   0: 3 0x800034de (0x022a02b3) x5  0x00006611
core   0: 0x800034e2 (0x00008422) c.mv    s0, s0
core   0: 3 0x800034e2 (0x8422) x8  0x80029d55
core   0: 0x800034e4 (0x0000941a) c.add   s0, t1
core   0: 3 0x800034e4 (0x941a) x8  0x80029d55
core   0: 0x800034e6 (0x00008d59) c.or    a0, a4
core   0: 3 0x800034e6 (0x8d59) x10 0x00000001
core   0: 0x800034e8 (0x0367b9b3) mulhu   s3, a5, s6
core   0: 3 0x800034e8 (0x0367b9b3) x19 0xfffffffe
core   0: 0x800034ec (0x000066e1) c.lui   a3, 0x18
core   0: 3 0x800034ec (0x66e1) x13 0x00018000
core   0: 0x800034ee (0x00008cdd) c.or    s1, a5
core   0: 3 0x800034ee (0x8cdd) x9  0xffffffff
core   0: 0x800034f0 (0x02231663) bne     t1, sp, pc + 44
core   0: 3 0x800034f0 (0x02231663)
core   0: 0x8000351c (0x417bd533) sra     a0, s7, s7
core   0: 3 0x8000351c (0x417bd533) x10 0xffffffff
core   0: 0x80003520 (0x0000147d) c.addi  s0, -1
core   0: 3 0x80003520 (0x147d) x8  0x80029d54
core   0: 0x80003522 (0x00008f3a) c.mv    t5, a4
core   0: 3 0x80003522 (0x8f3a) x30 0x00000000
core   0: 0x80003524 (0xed96eb13) ori     s6, a3, -295
core   0: 3 0x80003524 (0xed96eb13) x22 0xfffffed9
core   0: 0x80003528 (0x01d7ef33) or      t5, a5, t4
core   0: 3 0x80003528 (0x01d7ef33) x30 0xffffffff
core   0: 0x8000352c (0x00000086) c.slli  ra, 1
core   0: 3 0x8000352c (0x0086) x1  0x00000000
core   0: 0x8000352e (0xe2da8493) addi    s1, s5, -467
core   0: 3 0x8000352e (0xe2da8493) x9  0x80029b82
core   0: 0x80003532 (0x03be5db3) divu    s11, t3, s11
core   0: 3 0x80003532 (0x03be5db3) x27 0x00000001
core   0: 0x80003536 (0x00001b7d) c.addi  s6, -1
core   0: 3 0x80003536 (0x1b7d) x22 0xfffffed8
core   0: 0x80003538 (0x00000001) c.nop
core   0: 3 0x80003538 (0x0001)
core   0: 0x8000353a (0x000083cd) c.srli  a5, 19
core   0: 3 0x8000353a (0x83cd) x15 0x00001fff
core   0: 0x8000353c (0x7b58b713) sltiu   a4, a7, 1973
core   0: 3 0x8000353c (0x7b58b713) x14 0x00000000
core   0: 0x80003540 (0x05e89063) bne     a7, t5, pc + 64
core   0: 3 0x80003540 (0x05e89063)
core   0: 0x80003580 (0x01cf1563) bne     t5, t3, pc + 10
core   0: 3 0x80003580 (0x01cf1563)
core   0: 0x8000358a (0x4679d0b7) lui     ra, 0x4679d
core   0: 3 0x8000358a (0x4679d0b7) x1  0x4679d000
core   0: 0x8000358e (0x000a7d33) and     s10, s4, zero
core   0: 3 0x8000358e (0x000a7d33) x26 0x00000000
core   0: 0x80003592 (0x016017b3) sll     a5, zero, s6
core   0: 3 0x80003592 (0x016017b3) x15 0x00000000
core   0: 0x80003596 (0x01c76463) bltu    a4, t3, pc + 8
core   0: 3 0x80003596 (0x01c76463)
core   0: 0x8000359e (0x2cc19797) auipc   a5, 0x2cc19
core   0: 3 0x8000359e (0x2cc19797) x15 0xacc1c59e
core   0: 0x800035a2 (0x026daab3) mulhsu  s5, s11, t1
core   0: 3 0x800035a2 (0x026daab3) x21 0x00000000
core   0: 0x800035a6 (0x01e31713) slli    a4, t1, 30
core   0: 3 0x800035a6 (0x01e31713) x14 0x00000000
core   0: 0x800035aa (0x018f9f33) sll     t5, t6, s8
core   0: 3 0x800035aa (0x018f9f33) x30 0x80000000
core   0: 0x800035ae (0x00008e15) c.sub   a2, a3
core   0: 3 0x800035ae (0x8e15) x12 0x7ffbe340
core   0: 0x800035b0 (0x01ed1a63) bne     s10, t5, pc + 20
core   0: 3 0x800035b0 (0x01ed1a63)
core   0: 0x800035c4 (0x00399933) sll     s2, s3, gp
core   0: 3 0x800035c4 (0x00399933) x18 0xffe00000
core   0: 0x800035c8 (0x019536b3) sltu    a3, a0, s9
core   0: 3 0x800035c8 (0x019536b3) x13 0x00000000
core   0: 0x800035cc (0x00529463) bne     t0, t0, pc + 8
core   0: 3 0x800035cc (0x00529463)
core   0: 0x800035d0 (0x036e6363) bltu    t3, s6, pc + 38
core   0: 3 0x800035d0 (0x036e6363)
core   0: 0x800035f6 (0x3a7460b7) lui     ra, 0x3a746
core   0: 3 0x800035f6 (0x3a7460b7) x1  0x3a746000
core   0: 0x800035fa (0x1e7c2cb7) lui     s9, 0x1e7c2
core   0: 3 0x800035fa (0x1e7c2cb7) x25 0x1e7c2000
core   0: 0x800035fe (0x03314363) blt     sp, s3, pc + 38
core   0: 3 0x800035fe (0x03314363)
core   0: 0x80003624 (0x000003f2) c.slli  t2, 28
core   0: 3 0x80003624 (0x03f2) x7  0xf0000000
core   0: 0x80003626 (0x00c960b3) or      ra, s2, a2
core   0: 3 0x80003626 (0x00c960b3) x1  0xfffbe340
core   0: 0x8000362a (0x02300533) mul     a0, zero, gp
core   0: 3 0x8000362a (0x02300533) x10 0x00000000
core   0: 0x8000362e (0x000006c2) c.slli  a3, 16
core   0: 3 0x8000362e (0x06c2) x13 0x00000000
core   0: 0x80003630 (0xb6323717) auipc   a4, 0xb6323
core   0: 3 0x80003630 (0xb6323717) x14 0x36326630
core   0: 0x80003634 (0x782e6913) ori     s2, t3, 1922
core   0: 3 0x80003634 (0x782e6913) x18 0x00006782
core   0: 0x80003638 (0x1ac8e513) ori     a0, a7, 428
core   0: 3 0x80003638 (0x1ac8e513) x10 0x80029dec
core   0: 0x8000363c (0x03e44db3) div     s11, s0, t5
core   0: 3 0x8000363c (0x03e44db3) x27 0x00000000
core   0: 0x80003640 (0x000014fd) c.addi  s1, -1
core   0: 3 0x80003640 (0x14fd) x9  0x80029b81
core   0: 0x80003642 (0x02369563) bne     a3, gp, pc + 42
core   0: 3 0x80003642 (0x02369563)
core   0: 0x8000366c (0x40de5133) sra     sp, t3, a3
core   0: 3 0x8000366c (0x40de5133) x2  0x00006000
core   0: 0x80003670 (0xe3fc0b13) addi    s6, s8, -449
core   0: 3 0x80003670 (0xe3fc0b13) x22 0xfffffe3e
core   0: 0x80003674 (0x0095c433) xor     s0, a1, s1
core   0: 3 0x80003674 (0x0095c433) x8  0x0000c5e5
core   0: 0x80003678 (0x413dda33) sra     s4, s11, s3
core   0: 3 0x80003678 (0x413dda33) x20 0x00000000
core   0: 0x8000367c (0xfdb5ee13) ori     t3, a1, -37
core   0: 3 0x8000367c (0xfdb5ee13) x28 0xffffffff
core   0: 0x80003680 (0x036c7d63) bgeu    s8, s6, pc + 58
core   0: 3 0x80003680 (0x036c7d63)
core   0: 0x800036ba (0x038ca233) mulhsu  tp, s9, s8
core   0: 3 0x800036ba (0x038ca233) x4  0x1e7c1fff
core   0: 0x800036be (0x00c741b3) xor     gp, a4, a2
core   0: 3 0x800036be (0x00c741b3) x3  0x49c98570
core   0: 0x800036c2 (0x41ca5733) sra     a4, s4, t3
core   0: 3 0x800036c2 (0x41ca5733) x14 0x00000000
core   0: 0x800036c6 (0x41845693) srai    a3, s0, 24
core   0: 3 0x800036c6 (0x41845693) x13 0x00000000
core   0: 0x800036ca (0x00275e13) srli    t3, a4, 2
core   0: 3 0x800036ca (0x00275e13) x28 0x00000000
core   0: 0x800036ce (0x02a06133) rem     sp, zero, a0
core   0: 3 0x800036ce (0x02a06133) x2  0x00000000
core   0: 0x800036d2 (0x4aa0e493) ori     s1, ra, 1194
core   0: 3 0x800036d2 (0x4aa0e493) x9  0xfffbe7ea
core   0: 0x800036d6 (0x00000231) c.addi  tp, 12
core   0: 3 0x800036d6 (0x0231) x4  0x1e7c200b
core   0: 0x800036d8 (0x007aa533) slt     a0, s5, t2
core   0: 3 0x800036d8 (0x007aa533) x10 0x00000000
core   0: 0x800036dc (0x0013f233) and     tp, t2, ra
core   0: 3 0x800036dc (0x0013f233) x4  0xf0000000
core   0: 0x800036e0 (0x0311be33) mulhu   t3, gp, a7
core   0: 3 0x800036e0 (0x0311be33) x28 0x24e58383
core   0: 0x800036e4 (0x036d7663) bgeu    s10, s6, pc + 44
core   0: 3 0x800036e4 (0x036d7663)
core   0: 0x800036e8 (0x022bf3b3) remu    t2, s7, sp
core   0: 3 0x800036e8 (0x022bf3b3) x7  0xffffffff
core   0: 0x800036ec (0xab377a13) andi    s4, a4, -1357
core   0: 3 0x800036ec (0xab377a13) x20 0x00000000
core   0: 0x800036f0 (0x002b11b3) sll     gp, s6, sp
core   0: 3 0x800036f0 (0x002b11b3) x3  0xfffffe3e
core   0: 0x800036f4 (0x000086f1) c.srai  a3, 28
core   0: 3 0x800036f4 (0x86f1) x13 0x00000000
core   0: 0x800036f6 (0x015bc0b3) xor     ra, s7, s5
core   0: 3 0x800036f6 (0x015bc0b3) x1  0xffffffff
core   0: 0x800036fa (0x000080a2) c.mv    ra, s0
core   0: 3 0x800036fa (0x80a2) x1  0x0000c5e5
core   0: 0x800036fc (0x01bf4b63) blt     t5, s11, pc + 22
core   0: 3 0x800036fc (0x01bf4b63)
core   0: 0x80003712 (0x00000001) c.nop
core   0: 3 0x80003712 (0x0001)
core   0: 0x80003714 (0x007802b3) add     t0, a6, t2
core   0: 3 0x80003714 (0x007802b3) x5  0x77ef29fe
core   0: 0x80003718 (0x03f96ab3) rem     s5, s2, t6
core   0: 3 0x80003718 (0x03f96ab3) x21 0x00006782
core   0: 0x8000371c (0x02366733) rem     a4, a2, gp
core   0: 3 0x8000371c (0x02366733) x14 0x000001bc
core   0: 0x80003720 (0x83d52d13) slti    s10, a0, -1987
core   0: 3 0x80003720 (0x83d52d13) x26 0x00000000
core   0: 0x80003724 (0x01b78f33) add     t5, a5, s11
core   0: 3 0x80003724 (0x01b78f33) x30 0xacc1c59e
core   0: 0x80003728 (0x00008f32) c.mv    t5, a2
core   0: 3 0x80003728 (0x8f32) x30 0x7ffbe340
core   0: 0x8000372a (0x41e85393) srai    t2, a6, 30
core   0: 3 0x8000372a (0x41e85393) x7  0x00000001
core   0: 0x8000372e (0x00009a8a) c.add   s5, sp
core   0: 3 0x8000372e (0x9a8a) x21 0x00006782
core   0: 0x80003730 (0x015c6d63) bltu    s8, s5, pc + 26
core   0: 3 0x80003730 (0x015c6d63)
core   0: 0x80003734 (0x6b681917) auipc   s2, 0x6b681
core   0: 3 0x80003734 (0x6b681917) x18 0xeb684734
core   0: 0x80003738 (0x01a2f3b3) and     t2, t0, s10
core   0: 3 0x80003738 (0x01a2f3b3) x7  0x00000000
core   0: 0x8000373c (0x02f52633) mulhsu  a2, a0, a5
core   0: 3 0x8000373c (0x02f52633) x12 0x00000000
core   0: 0x80003740 (0x000002a6) c.slli  t0, 9
core   0: 3 0x80003740 (0x02a6) x5  0xde53fc00
core   0: 0x80003742 (0x0eeadb63) bge     s5, a4, pc + 246
core   0: 3 0x80003742 (0x0eeadb63)
core   0: 0x80003838 (0x0129d633) srl     a2, s3, s2
core   0: 3 0x80003838 (0x0129d633) x12 0x00000fff
core   0: 0x8000383c (0x0000717d) c.addi16sp sp, -16
core   0: 3 0x8000383c (0x717d) x2  0xfffffff0
core   0: 0x8000383e (0x019a6a63) bltu    s4, s9, pc + 20
core   0: 3 0x8000383e (0x019a6a63)
core   0: 0x80003852 (0x00008e8d) c.sub   a3, a1
core   0: 3 0x80003852 (0x8e8d) x13 0x7ffda19c
core   0: 0x80003854 (0x01bce933) or      s2, s9, s11
core   0: 3 0x80003854 (0x01bce933) x18 0x1e7c2000
core   0: 0x80003858 (0x00005c7d) c.li    s8, -1
core   0: 3 0x80003858 (0x5c7d) x24 0xffffffff
core   0: 0x8000385a (0xa9d6c293) xori    t0, a3, -1379
core   0: 3 0x8000385a (0xa9d6c293) x5  0x80025b01
core   0: 0x8000385e (0x00009b1e) c.add   s6, t2
core   0: 3 0x8000385e (0x9b1e) x22 0xfffffe3e
core   0: 0x80003860 (0x035f2933) mulhsu  s2, t5, s5
core   0: 3 0x80003860 (0x035f2933) x18 0x000033bf
core   0: 0x80003864 (0x006ed863) bge     t4, t1, pc + 16
core   0: 3 0x80003864 (0x006ed863)
core   0: 0x80003874 (0x41c35eb3) sra     t4, t1, t3
core   0: 3 0x80003874 (0x41c35eb3) x29 0x00000000
core   0: 0x80003878 (0x01425413) srli    s0, tp, 20
core   0: 3 0x80003878 (0x01425413) x8  0x00000f00
core   0: 0x8000387c (0x00006349) c.lui   t1, 0x12
core   0: 3 0x8000387c (0x6349) x6  0x00012000
core   0: 0x8000387e (0x026752b3) divu    t0, a4, t1
core   0: 3 0x8000387e (0x026752b3) x5  0x00000000
core   0: 0x80003882 (0x00008049) c.srli  s0, 18
core   0: 3 0x80003882 (0x8049) x8  0x00000000
core   0: 0x80003884 (0x00000001) c.nop
core   0: 3 0x80003884 (0x0001)
core   0: 0x80003886 (0x00008cf5) c.and   s1, a3
core   0: 3 0x80003886 (0x8cf5) x9  0x7ff9a188
core   0: 0x80003888 (0x03046f33) rem     t5, s0, a6
core   0: 3 0x80003888 (0x03046f33) x30 0x00000000
core   0: 0x8000388c (0x0000c2a1) c.beqz  a3, pc + 64
core   0: 3 0x8000388c (0xc2a1)
core   0: 0x8000388e (0x0187bdb3) sltu    s11, a5, s8
core   0: 3 0x8000388e (0x0187bdb3) x27 0x00000001
core   0: 0x80003892 (0x41648db3) sub     s11, s1, s6
core   0: 3 0x80003892 (0x41648db3) x27 0x7ff9a34a
core   0: 0x80003896 (0x0253b433) mulhu   s0, t2, t0
core   0: 3 0x80003896 (0x0253b433) x8  0x00000000
core   0: 0x8000389a (0x024589b3) mul     s3, a1, tp
core   0: 3 0x8000389a (0x024589b3) x19 0xc0000000
core   0: 0x8000389e (0x000c22b3) slt     t0, s8, zero
core   0: 3 0x8000389e (0x000c22b3) x5  0x00000001
core   0: 0x800038a2 (0x023b6933) rem     s2, s6, gp
core   0: 3 0x800038a2 (0x023b6933) x18 0x00000000
core   0: 0x800038a6 (0x014d24b3) slt     s1, s10, s4
core   0: 3 0x800038a6 (0x014d24b3) x9  0x00000000
core   0: 0x800038aa (0x6e557493) andi    s1, a0, 1765
core   0: 3 0x800038aa (0x6e557493) x9  0x00000000
core   0: 0x800038ae (0x02b4fe33) remu    t3, s1, a1
core   0: 3 0x800038ae (0x02b4fe33) x28 0x00000000
core   0: 0x800038b2 (0x00000f71) c.addi  t5, 28
core   0: 3 0x800038b2 (0x0f71) x30 0x0000001c
core   0: 0x800038b4 (0x00000001) c.nop
core   0: 3 0x800038b4 (0x0001)
core   0: 0x800038b6 (0x401ad2b3) sra     t0, s5, ra
core   0: 3 0x800038b6 (0x401ad2b3) x5  0x0000033c
core   0: 0x800038ba (0xe25f6397) auipc   t2, 0xe25f6
core   0: 3 0x800038ba (0xe25f6397) x7  0x625f98ba
core   0: 0x800038be (0xec17fb93) andi    s7, a5, -319
core   0: 3 0x800038be (0xec17fb93) x23 0xacc1c480
core   0: 0x800038c2 (0x0000847a) c.mv    s0, t5
core   0: 3 0x800038c2 (0x847a) x8  0x0000001c
core   0: 0x800038c4 (0x01339993) slli    s3, t2, 19
core   0: 3 0x800038c4 (0x01339993) x19 0xc5d00000
core   0: 0x800038c8 (0x03648f63) beq     s1, s6, pc + 62
core   0: 3 0x800038c8 (0x03648f63)
core   0: 0x800038cc (0x035e6ab3) rem     s5, t3, s5
core   0: 3 0x800038cc (0x035e6ab3) x21 0x00000000
core   0: 0x800038d0 (0x001fc6b3) xor     a3, t6, ra
core   0: 3 0x800038d0 (0x001fc6b3) x13 0x800258b0
core   0: 0x800038d4 (0x6b4e4d93) xori    s11, t3, 1716
core   0: 3 0x800038d4 (0x6b4e4d93) x27 0x000006b4
core   0: 0x800038d8 (0x00545b93) srli    s7, s0, 5
core   0: 3 0x800038d8 (0x00545b93) x23 0x00000000
core   0: 0x800038dc (0x025454b3) divu    s1, s0, t0
core   0: 3 0x800038dc (0x025454b3) x9  0x00000000
core   0: 0x800038e0 (0x01de9e33) sll     t3, t4, t4
core   0: 3 0x800038e0 (0x01de9e33) x28 0x00000000
core   0: 0x800038e4 (0x97667e13) andi    t3, a2, -1674
core   0: 3 0x800038e4 (0x97667e13) x28 0x00000976
core   0: 0x800038e8 (0x0144b733) sltu    a4, s1, s4
core   0: 3 0x800038e8 (0x0144b733) x14 0x00000000
core   0: 0x800038ec (0x0055fb33) and     s6, a1, t0
core   0: 3 0x800038ec (0x0055fb33) x22 0x00000224
core   0: 0x800038f0 (0x00008359) c.srli  a4, 22
core   0: 3 0x800038f0 (0x8359) x14 0x00000000
core   0: 0x800038f2 (0xebd27a13) andi    s4, tp, -323
core   0: 3 0x800038f2 (0xebd27a13) x20 0xf0000000
core   0: 0x800038f6 (0x00008a6d) c.andi  a2, 27
core   0: 3 0x800038f6 (0x8a6d) x12 0x0000001b
core   0: 0x800038f8 (0x00008e35) c.xor   a2, a3
core   0: 3 0x800038f8 (0x8e35) x12 0x800258ab
core   0: 0x800038fa (0x0497f263) bgeu    a5, s1, pc + 68
core   0: 3 0x800038fa (0x0497f263)
core   0: 0x8000393e (0x00000001) c.nop
core   0: 3 0x8000393e (0x0001)
core   0: 0x80003940 (0x0397ffb3) remu    t6, a5, s9
core   0: 3 0x80003940 (0x0397ffb3) x31 0x1455259e
core   0: 0x80003944 (0x00005c7d) c.li    s8, -1
core   0: 3 0x80003944 (0x5c7d) x24 0xffffffff
core   0: 0x80003946 (0x0288b7b3) mulhu   a5, a7, s0
core   0: 3 0x80003946 (0x0288b7b3) x15 0x0000000e
core   0: 0x8000394a (0x0356ffb3) remu    t6, a3, s5
core   0: 3 0x8000394a (0x0356ffb3) x31 0x800258b0
core   0: 0x8000394e (0x00885f13) srli    t5, a6, 8
core   0: 3 0x8000394e (0x00885f13) x30 0x0077ef29
core   0: 0x80003952 (0x023dd433) divu    s0, s11, gp
core   0: 3 0x80003952 (0x023dd433) x8  0x00000000
core   0: 0x80003956 (0x02065e63) bgez    a2, pc + 60
core   0: 3 0x80003956 (0x02065e63)
core   0: 0x8000395a (0x00008e5d) c.or    a2, a5
core   0: 3 0x8000395a (0x8e5d) x12 0x800258af
core   0: 0x8000395c (0x0055df93) srli    t6, a1, 5
core   0: 3 0x8000395c (0x0055df93) x31 0x040012f3
core   0: 0x80003960 (0x00000001) c.nop
core   0: 3 0x80003960 (0x0001)
core   0: 0x80003962 (0x00545a93) srli    s5, s0, 5
core   0: 3 0x80003962 (0x00545a93) x21 0x00000000
core   0: 0x80003966 (0x00001c7d) c.addi  s8, -1
core   0: 3 0x80003966 (0x1c7d) x24 0xfffffffe
core   0: 0x80003968 (0x03b14db3) div     s11, sp, s11
core   0: 3 0x80003968 (0x03b14db3) x27 0x00000000
core   0: 0x8000396c (0x697454b7) lui     s1, 0x69745
core   0: 3 0x8000396c (0x697454b7) x9  0x69745000
core   0: 0x80003970 (0x034b1163) bne     s6, s4, pc + 34
core   0: 3 0x80003970 (0x034b1163)
core   0: 0x80003992 (0x00008f4d) c.or    a4, a1
core   0: 3 0x80003992 (0x8f4d) x14 0x80025e64
core   0: 0x80003994 (0x00cbda63) bge     s7, a2, pc + 20
core   0: 3 0x80003994 (0x00cbda63)
core   0: 0x800039a8 (0x0037f533) and     a0, a5, gp
core   0: 3 0x800039a8 (0x0037f533) x10 0x0000000e
core   0: 0x800039ac (0x03846763) bltu    s0, s8, pc + 46
core   0: 3 0x800039ac (0x03846763)
core   0: 0x800039da (0xf0026913) ori     s2, tp, -256
core   0: 3 0x800039da (0xf0026913) x18 0xffffff00
core   0: 0x800039de (0x01ae87b3) add     a5, t4, s10
core   0: 3 0x800039de (0x01ae87b3) x15 0x00000000
core   0: 0x800039e2 (0x03217cb3) remu    s9, sp, s2
core   0: 3 0x800039e2 (0x03217cb3) x25 0x000000f0
core   0: 0x800039e6 (0x00000680) c.addi4spn s0, sp, 832
core   0: 3 0x800039e6 (0x0680) x8  0x00000330
core   0: 0x800039e8 (0x00008075) c.srli  s0, 29
core   0: 3 0x800039e8 (0x8075) x8  0x00000000
core   0: 0x800039ea (0x00fddd93) srli    s11, s11, 15
core   0: 3 0x800039ea (0x00fddd93) x27 0x00000000
core   0: 0x800039ee (0x40905013) srai    zero, zero, 9
core   0: 3 0x800039ee (0x40905013)
core   0: 0x800039f2 (0x00000001) c.nop
core   0: 3 0x800039f2 (0x0001)
core   0: 0x800039f4 (0x00174533) xor     a0, a4, ra
core   0: 3 0x800039f4 (0x00174533) x10 0x80029b81
core   0: 0x800039f8 (0xdfa95217) auipc   tp, 0xdfa95
core   0: 3 0x800039f8 (0xdfa95217) x4  0x5fa989f8
core   0: 0x800039fc (0x01d84bb3) xor     s7, a6, t4
core   0: 3 0x800039fc (0x01d84bb3) x23 0x77ef29ff
core   0: 0x80003a00 (0x0039ceb3) xor     t4, s3, gp
core   0: 3 0x80003a00 (0x0039ceb3) x29 0x3a2ffe3e
core   0: 0x80003a04 (0x00adcd33) xor     s10, s11, a0
core   0: 3 0x80003a04 (0x00adcd33) x26 0x80029b81
core   0: 0x80003a08 (0x0272d033) divu    zero, t0, t2
core   0: 3 0x80003a08 (0x0272d033)
core   0: 0x80003a0c (0x00008772) c.mv    a4, t3
core   0: 3 0x80003a0c (0x8772) x14 0x00000976
core   0: 0x80003a0e (0x010903b3) add     t2, s2, a6
core   0: 3 0x80003a0e (0x010903b3) x7  0x77ef28ff
core   0: 0x80003a12 (0x00555c33) srl     s8, a0, t0
core   0: 3 0x80003a12 (0x00555c33) x24 0x00000008
core   0: 0x80003a16 (0x0000717d) c.addi16sp sp, -16
core   0: 3 0x80003a16 (0x717d) x2  0xffffffe0
core   0: 0x80003a18 (0x6b898193) addi    gp, s3, 1720
core   0: 3 0x80003a18 (0x6b898193) x3  0xc5d006b8
core   0: 0x80003a1c (0x0216dab3) divu    s5, a3, ra
core   0: 3 0x80003a1c (0x0216dab3) x21 0x0000a598
core   0: 0x80003a20 (0x00f08a63) beq     ra, a5, pc + 20
core   0: 3 0x80003a20 (0x00f08a63)
core   0: 0x80003a24 (0x03863c33) mulhu   s8, a2, s8
core   0: 3 0x80003a24 (0x03863c33) x24 0x00000004
core   0: 0x80003a28 (0x00545393) srli    t2, s0, 5
core   0: 3 0x80003a28 (0x00545393) x7  0x00000000
core   0: 0x80003a2c (0x01c807b3) add     a5, a6, t3
core   0: 3 0x80003a2c (0x01c807b3) x15 0x77ef3375
core   0: 0x80003a30 (0x0000833e) c.mv    t1, a5
core   0: 3 0x80003a30 (0x833e) x6  0x77ef3375
core   0: 0x80003a32 (0x00008d55) c.or    a0, a3
core   0: 3 0x80003a32 (0x8d55) x10 0x8002dbb1
core   0: 0x80003a34 (0x00008efd) c.and   a3, a5
core   0: 3 0x80003a34 (0x8efd) x13 0x00021030
core   0: 0x80003a36 (0x64a10a13) addi    s4, sp, 1610
core   0: 3 0x80003a36 (0x64a10a13) x20 0x0000062a
core   0: 0x80003a3a (0x03d76c33) rem     s8, a4, t4
core   0: 3 0x80003a3a (0x03d76c33) x24 0x00000976
core   0: 0x80003a3e (0x00413733) sltu    a4, sp, tp
core   0: 3 0x80003a3e (0x00413733) x14 0x00000000
core   0: 0x80003a42 (0x00008fa9) c.xor   a5, a0
core   0: 3 0x80003a42 (0x8fa9) x15 0xf7ede8c4
core   0: 0x80003a44 (0x0000cf11) c.beqz  a4, pc + 28
core   0: 3 0x80003a44 (0xcf11)
core   0: 0x80003a60 (0x00bd2233) slt     tp, s10, a1
core   0: 3 0x80003a60 (0x00bd2233) x4  0x00000000
core   0: 0x80003a64 (0x3ac2fe13) andi    t3, t0, 940
core   0: 3 0x80003a64 (0x3ac2fe13) x28 0x0000032c
core   0: 0x80003a68 (0x00e6abb3) slt     s7, a3, a4
core   0: 3 0x80003a68 (0x00e6abb3) x23 0x00000000
core   0: 0x80003a6c (0x00a77bb3) and     s7, a4, a0
core   0: 3 0x80003a6c (0x00a77bb3) x23 0x00000000
core   0: 0x80003a70 (0x033d13b3) mulh    t2, s10, s3
core   0: 3 0x80003a70 (0x033d13b3) x7  0x1d176847
core   0: 0x80003a74 (0xa69abf13) sltiu   t5, s5, -1431
core   0: 3 0x80003a74 (0xa69abf13) x30 0x00000001
core   0: 0x80003a78 (0xb4ada193) slti    gp, s11, -1206
core   0: 3 0x80003a78 (0xb4ada193) x3  0x00000000
core   0: 0x80003a7c (0x40545e93) srai    t4, s0, 5
core   0: 3 0x80003a7c (0x40545e93) x29 0x00000000
core   0: 0x80003a80 (0x02f6c4b3) div     s1, a3, a5
core   0: 3 0x80003a80 (0x02f6c4b3) x9  0x00000000
core   0: 0x80003a84 (0x00008559) c.srai  a0, 22
core   0: 3 0x80003a84 (0x8559) x10 0xfffffe00
core   0: 0x80003a86 (0x0000c709) c.beqz  a4, pc + 10
core   0: 3 0x80003a86 (0xc709)
core   0: 0x80003a90 (0x00c60db3) add     s11, a2, a2
core   0: 3 0x80003a90 (0x00c60db3) x27 0x0004b15e
core   0: 0x80003a94 (0x030d4eb3) div     t4, s10, a6
core   0: 3 0x80003a94 (0x030d4eb3) x29 0xffffffff
core   0: 0x80003a98 (0x03ec7133) remu    sp, s8, t5
core   0: 3 0x80003a98 (0x03ec7133) x2  0x00000000
core   0: 0x80003a9c (0x00000001) c.nop
core   0: 3 0x80003a9c (0x0001)
core   0: 0x80003a9e (0x00008f79) c.and   a4, a4
core   0: 3 0x80003a9e (0x8f79) x14 0x00000000
core   0: 0x80003aa0 (0x00000001) c.nop
core   0: 3 0x80003aa0 (0x0001)
core   0: 0x80003aa2 (0x0113e6b3) or      a3, t2, a7
core   0: 3 0x80003aa2 (0x0113e6b3) x13 0x9d17fce7
core   0: 0x80003aa6 (0x00006cd1) c.lui   s9, 0x14
core   0: 3 0x80003aa6 (0x6cd1) x25 0x00014000
core   0: 0x80003aa8 (0x00001b88) c.addi4spn a0, sp, 496
core   0: 3 0x80003aa8 (0x1b88) x10 0x000001f0
core   0: 0x80003aaa (0x01bb64b3) or      s1, s6, s11
core   0: 3 0x80003aaa (0x01bb64b3) x9  0x0004b37e
core   0: 0x80003aae (0x03985033) divu    zero, a6, s9
core   0: 3 0x80003aae (0x03985033)
core   0: 0x80003ab2 (0x00000001) c.nop
core   0: 3 0x80003ab2 (0x0001)
core   0: 0x80003ab4 (0x00000001) c.nop
core   0: 3 0x80003ab4 (0x0001)
core   0: 0x80003ab6 (0xaa64ec97) auipc   s9, 0xaa64e
core   0: 3 0x80003ab6 (0xaa64ec97) x25 0x2a651ab6
core   0: 0x80003aba (0x014b9e13) slli    t3, s7, 20
core   0: 3 0x80003aba (0x014b9e13) x28 0x00000000
core   0: 0x80003abe (0x03369cb3) mulh    s9, a3, s3
core   0: 3 0x80003abe (0x03369cb3) x25 0x167b1c34
core   0: 0x80003ac2 (0x00008f85) c.sub   a5, s1
core   0: 3 0x80003ac2 (0x8f85) x15 0xf7e93546
core   0: 0x80003ac4 (0x037f8563) beq     t6, s7, pc + 42
core   0: 3 0x80003ac4 (0x037f8563)
core   0: 0x80003ac8 (0x2eb80d93) addi    s11, a6, 747
core   0: 3 0x80003ac8 (0x2eb80d93) x27 0x77ef2cea
core   0: 0x80003acc (0x00f17033) and     zero, sp, a5
core   0: 3 0x80003acc (0x00f17033)
core   0: 0x80003ad0 (0xda29ee97) auipc   t4, 0xda29e
core   0: 3 0x80003ad0 (0xda29ee97) x29 0x5a2a1ad0
core   0: 0x80003ad4 (0x02aabbb3) mulhu   s7, s5, a0
core   0: 3 0x80003ad4 (0x02aabbb3) x23 0x00000000
core   0: 0x80003ad8 (0x00009e4e) c.add   t3, s3
core   0: 3 0x80003ad8 (0x9e4e) x28 0xc5d00000
core   0: 0x80003ada (0x0000cc89) c.beqz  s1, pc + 26
core   0: 3 0x80003ada (0xcc89)
core   0: 0x80003adc (0x011364b3) or      s1, t1, a7
core   0: 3 0x80003adc (0x011364b3) x9  0xf7efbff5
core   0: 0x80003ae0 (0x0000e619) c.bnez  a2, pc + 14
core   0: 3 0x80003ae0 (0xe619)
core   0: 0x80003aee (0x035a1563) bne     s4, s5, pc + 42
core   0: 3 0x80003aee (0x035a1563)
core   0: 0x80003b18 (0x03fa94b3) mulh    s1, s5, t6
core   0: 3 0x80003b18 (0x03fa94b3) x9  0x00000296
core   0: 0x80003b1c (0x40300d33) sub     s10, zero, gp
core   0: 3 0x80003b1c (0x40300d33) x26 0x00000000
core   0: 0x80003b20 (0x0111d463) bge     gp, a7, pc + 8
core   0: 3 0x80003b20 (0x0111d463)
core   0: 0x80003b28 (0x0000492d) c.li    s2, 11
core   0: 3 0x80003b28 (0x492d) x18 0x0000000b
core   0: 0x80003b2a (0x00a25c93) srli    s9, tp, 10
core   0: 3 0x80003b2a (0x00a25c93) x25 0x00000000
core   0: 0x80003b2e (0x000000da) c.slli  ra, 22
core   0: 3 0x80003b2e (0x00da) x1  0x79400000
core   0: 0x80003b30 (0x00000c04) c.addi4spn s1, sp, 528
core   0: 3 0x80003b30 (0x0c04) x9  0x00000210
core   0: 0x80003b32 (0x000000ea) c.slli  ra, 26
core   0: 3 0x80003b32 (0x00ea) x1  0x00000000
core   0: 0x80003b34 (0x01b95633) srl     a2, s2, s11
core   0: 3 0x80003b34 (0x01b95633) x12 0x00000000
core   0: 0x80003b38 (0x000013fd) c.addi  t2, -1
core   0: 3 0x80003b38 (0x13fd) x7  0x1d176846
core   0: 0x80003b3a (0xd0248993) addi    s3, s1, -766
core   0: 3 0x80003b3a (0xd0248993) x19 0xffffff12
core   0: 0x80003b3e (0x03826e63) bltu    tp, s8, pc + 60
core   0: 3 0x80003b3e (0x03826e63)
core   0: 0x80003b7a (0x00008e15) c.sub   a2, a3
core   0: 3 0x80003b7a (0x8e15) x12 0x62e80319
core   0: 0x80003b7c (0x030d5563) bge     s10, a6, pc + 42
core   0: 3 0x80003b7c (0x030d5563)
core   0: 0x80003b80 (0x01f80233) add     tp, a6, t6
core   0: 3 0x80003b80 (0x01f80233) x4  0x7bef3cf2
core   0: 0x80003b84 (0x00e9f233) and     tp, s3, a4
core   0: 3 0x80003b84 (0x00e9f233) x4  0x00000000
core   0: 0x80003b88 (0x00443733) sltu    a4, s0, tp
core   0: 3 0x80003b88 (0x00443733) x14 0x00000000
core   0: 0x80003b8c (0x00000001) c.nop
core   0: 3 0x80003b8c (0x0001)
core   0: 0x80003b8e (0x57b2a393) slti    t2, t0, 1403
core   0: 3 0x80003b8e (0x57b2a393) x7  0x00000001
core   0: 0x80003b92 (0x0000826a) c.mv    tp, s10
core   0: 3 0x80003b92 (0x826a) x4  0x00000000
core   0: 0x80003b94 (0x0000613d) c.addi16sp sp, 480
core   0: 3 0x80003b94 (0x613d) x2  0x000001e0
core   0: 0x80003b96 (0x00d97f63) bgeu    s2, a3, pc + 30
core   0: 3 0x80003b96 (0x00d97f63)
core   0: 0x80003b9a (0x00dc1493) slli    s1, s8, 13
core   0: 3 0x80003b9a (0x00dc1493) x9  0x012ec000
core   0: 0x80003b9e (0x00008ff1) c.and   a5, a2
core   0: 3 0x80003b9e (0x8ff1) x15 0x62e80100
core   0: 0x80003ba0 (0x0000616d) c.addi16sp sp, 240
core   0: 3 0x80003ba0 (0x616d) x2  0x000002d0
core   0: 0x80003ba2 (0x00506763) bltu    zero, t0, pc + 14
core   0: 3 0x80003ba2 (0x00506763)
core   0: 0x80003bb0 (0x012a5193) srli    gp, s4, 18
core   0: 3 0x80003bb0 (0x012a5193) x3  0x00000000
core   0: 0x80003bb4 (0x0000804d) c.srli  s0, 19
core   0: 3 0x80003bb4 (0x804d) x8  0x00000000
core   0: 0x80003bb6 (0x00000001) c.nop
core   0: 3 0x80003bb6 (0x0001)
core   0: 0x80003bb8 (0x41910a33) sub     s4, sp, s9
core   0: 3 0x80003bb8 (0x41910a33) x20 0x000002d0
core   0: 0x80003bbc (0x00006a0d) c.lui   s4, 0x3
core   0: 3 0x80003bbc (0x6a0d) x20 0x00003000
core   0: 0x80003bbe (0x002e1eb3) sll     t4, t3, sp
core   0: 3 0x80003bbe (0x002e1eb3) x29 0x00000000
core   0: 0x80003bc2 (0x00008e59) c.or    a2, a4
core   0: 3 0x80003bc2 (0x8e59) x12 0x62e80319
core   0: 0x80003bc4 (0x40382413) slti    s0, a6, 1027
core   0: 3 0x80003bc4 (0x40382413) x8  0x00000000
core   0: 0x80003bc8 (0x413d8a33) sub     s4, s11, s3
core   0: 3 0x80003bc8 (0x413d8a33) x20 0x77ef2dd8
core   0: 0x80003bcc (0x02166433) rem     s0, a2, ra
core   0: 3 0x80003bcc (0x02166433) x8  0x62e80319
core   0: 0x80003bd0 (0x0000987d) c.andi  s0, -1
core   0: 3 0x80003bd0 (0x987d) x8  0x62e80319
core   0: 0x80003bd2 (0x8ee8f413) andi    s0, a7, -1810
core   0: 3 0x80003bd2 (0x8ee8f413) x8  0x800298e4
core   0: 0x80003bd6 (0xa30e3e93) sltiu   t4, t3, -1488
core   0: 3 0x80003bd6 (0xa30e3e93) x29 0x00000001
core   0: 0x80003bda (0x8a5dc417) auipc   s0, 0x8a5dc
core   0: 3 0x80003bda (0x8a5dc417) x8  0x0a5dfbda
core   0: 0x80003bde (0x00008386) c.mv    t2, ra
core   0: 3 0x80003bde (0x8386) x7  0x00000000
core   0: 0x80003be0 (0x00ccf7b3) and     a5, s9, a2
core   0: 3 0x80003be0 (0x00ccf7b3) x15 0x00000000
core   0: 0x80003be4 (0x9ec1a513) slti    a0, gp, -1556
core   0: 3 0x80003be4 (0x9ec1a513) x10 0x00000000
core   0: 0x80003be8 (0x02ebc933) div     s2, s7, a4
core   0: 3 0x80003be8 (0x02ebc933) x18 0xffffffff
core   0: 0x80003bec (0x016773b3) and     t2, a4, s6
core   0: 3 0x80003bec (0x016773b3) x7  0x00000000
core   0: 0x80003bf0 (0x0000025e) c.slli  tp, 23
core   0: 3 0x80003bf0 (0x025e) x4  0x00000000
core   0: 0x80003bf2 (0x00006521) c.lui   a0, 0x8
core   0: 3 0x80003bf2 (0x6521) x10 0x00008000
core   0: 0x80003bf4 (0x00008d79) c.and   a0, a4
core   0: 3 0x80003bf4 (0x8d79) x10 0x00000000
core   0: 0x80003bf6 (0x024cce33) div     t3, s9, tp
core   0: 3 0x80003bf6 (0x024cce33) x28 0xffffffff
core   0: 0x80003bfa (0x000090b2) c.add   ra, a2
core   0: 3 0x80003bfa (0x90b2) x1  0x62e80319
core   0: 0x80003bfc (0x0153b533) sltu    a0, t2, s5
core   0: 3 0x80003bfc (0x0153b533) x10 0x00000001
core   0: 0x80003c00 (0x02a6d3b3) divu    t2, a3, a0
core   0: 3 0x80003c00 (0x02a6d3b3) x7  0x9d17fce7
core   0: 0x80003c04 (0x01f36863) bltu    t1, t6, pc + 16
core   0: 3 0x80003c04 (0x01f36863)
core   0: 0x80003c08 (0x03121cb3) mulh    s9, tp, a7
core   0: 3 0x80003c08 (0x03121cb3) x25 0x00000000
core   0: 0x80003c0c (0x015b9233) sll     tp, s7, s5
core   0: 3 0x80003c0c (0x015b9233) x4  0x00000000
core   0: 0x80003c10 (0x0000c295) c.beqz  a3, pc + 36
core   0: 3 0x80003c10 (0xc295)
core   0: 0x80003c12 (0x00006389) c.lui   t2, 0x2
core   0: 3 0x80003c12 (0x6389) x7  0x00002000
core   0: 0x80003c14 (0x00008cfd) c.and   s1, a5
core   0: 3 0x80003c14 (0x8cfd) x9  0x00000000
core   0: 0x80003c16 (0x0000844d) c.srai  s0, 19
core   0: 3 0x80003c16 (0x844d) x8  0x0000014b
core   0: 0x80003c18 (0x00000001) c.nop
core   0: 3 0x80003c18 (0x0001)
core   0: 0x80003c1a (0xa442f037) lui     zero, 0xa442f
core   0: 3 0x80003c1a (0xa442f037)
core   0: 0x80003c1e (0x00975f33) srl     t5, a4, s1
core   0: 3 0x80003c1e (0x00975f33) x30 0x00000000
core   0: 0x80003c22 (0x00006a8d) c.lui   s5, 0x3
core   0: 3 0x80003c22 (0x6a8d) x21 0x00003000
core   0: 0x80003c24 (0x00001cfd) c.addi  s9, -1
core   0: 3 0x80003c24 (0x1cfd) x25 0xffffffff
core   0: 0x80003c26 (0x002f4ab3) xor     s5, t5, sp
core   0: 3 0x80003c26 (0x002f4ab3) x21 0x000002d0
core   0: 0x80003c2a (0x02b45e63) bge     s0, a1, pc + 60
core   0: 3 0x80003c2a (0x02b45e63)
core   0: 0x80003c66 (0x010b63b3) or      t2, s6, a6
core   0: 3 0x80003c66 (0x010b63b3) x7  0x77ef2bff
core   0: 0x80003c6a (0x03032133) mulhsu  sp, t1, a6
core   0: 3 0x80003c6a (0x03032133) x2  0x38303ce9
core   0: 0x80003c6e (0x224e9db7) lui     s11, 0x224e9
core   0: 3 0x80003c6e (0x224e9db7) x27 0x224e9000
core   0: 0x80003c72 (0x00006409) c.lui   s0, 0x2
core   0: 3 0x80003c72 (0x6409) x8  0x00002000
core   0: 0x80003c74 (0x01fcea63) bltu    s9, t6, pc + 20
core   0: 3 0x80003c74 (0x01fcea63)
core   0: 0x80003c78 (0x00000486) c.slli  s1, 1
core   0: 3 0x80003c78 (0x0486) x9  0x00000000
core   0: 0x80003c7a (0x0304f633) remu    a2, s1, a6
core   0: 3 0x80003c7a (0x0304f633) x12 0x00000000
core   0: 0x80003c7e (0x005b49b3) xor     s3, s6, t0
core   0: 3 0x80003c7e (0x005b49b3) x19 0x00000118
core   0: 0x80003c82 (0x0000c211) c.beqz  a2, pc + 4
core   0: 3 0x80003c82 (0xc211)
core   0: 0x80003c86 (0x00000a10) c.addi4spn a2, sp, 272
core   0: 3 0x80003c86 (0x0a10) x12 0x38303df9
core   0: 0x80003c88 (0x02933cb3) mulhu   s9, t1, s1
core   0: 3 0x80003c88 (0x02933cb3) x25 0x00000000
core   0: 0x80003c8c (0x0000717d) c.addi16sp sp, -16
core   0: 3 0x80003c8c (0x717d) x2  0x38303cd9
core   0: 0x80003c8e (0x00889c93) slli    s9, a7, 8
core   0: 3 0x80003c8e (0x00889c93) x25 0x029ce400
core   0: 0x80003c92 (0x00008516) c.mv    a0, t0
core   0: 3 0x80003c92 (0x8516) x10 0x0000033c
core   0: 0x80003c94 (0xff436793) ori     a5, t1, -12
core   0: 3 0x80003c94 (0xff436793) x15 0xfffffff5
core   0: 0x80003c98 (0x02a9b3b3) mulhu   t2, s3, a0
core   0: 3 0x80003c98 (0x02a9b3b3) x7  0x00000000
core   0: 0x80003c9c (0x41bf8b33) sub     s6, t6, s11
core   0: 3 0x80003c9c (0x41bf8b33) x22 0xe1b182f3
core   0: 0x80003ca0 (0x02554563) blt     a0, t0, pc + 42
core   0: 3 0x80003ca0 (0x02554563)
core   0: 0x80003ca4 (0xd14b7793) andi    a5, s6, -748
core   0: 3 0x80003ca4 (0xd14b7793) x15 0xe1b18010
core   0: 0x80003ca8 (0x00008ca5) c.xor   s1, s1
core   0: 3 0x80003ca8 (0x8ca5) x9  0x00000000
core   0: 0x80003caa (0x2bf14c93) xori    s9, sp, 703
core   0: 3 0x80003caa (0x2bf14c93) x25 0x38303e66
core   0: 0x80003cae (0x0127da93) srli    s5, a5, 18
core   0: 3 0x80003cae (0x0127da93) x21 0x0000386c
core   0: 0x80003cb2 (0x41f10933) sub     s2, sp, t6
core   0: 3 0x80003cb2 (0x41f10933) x18 0x343029e6
core   0: 0x80003cb6 (0x00009f1a) c.add   t5, t1
core   0: 3 0x80003cb6 (0x9f1a) x30 0x77ef3375
core   0: 0x80003cb8 (0x41d20733) sub     a4, tp, t4
core   0: 3 0x80003cb8 (0x41d20733) x14 0xffffffff
core   0: 0x80003cbc (0x00000ff9) c.addi  t6, 30
core   0: 3 0x80003cbc (0x0ff9) x31 0x04001311
core   0: 0x80003cbe (0x005a7b63) bgeu    s4, t0, pc + 22
core   0: 3 0x80003cbe (0x005a7b63)
core   0: 0x80003cd4 (0x00008cc5) c.or    s1, s1
core   0: 3 0x80003cd4 (0x8cc5) x9  0x00000000
core   0: 0x80003cd6 (0x0000717d) c.addi16sp sp, -16
core   0: 3 0x80003cd6 (0x717d) x2  0x38303cc9
core   0: 0x80003cd8 (0x010c41b3) xor     gp, s8, a6
core   0: 3 0x80003cd8 (0x010c41b3) x3  0x77ef2089
core   0: 0x80003cdc (0x00dae9b3) or      s3, s5, a3
core   0: 3 0x80003cdc (0x00dae9b3) x19 0x9d17fcef
core   0: 0x80003ce0 (0x00a72f33) slt     t5, a4, a0
core   0: 3 0x80003ce0 (0x00a72f33) x30 0x00000001
core   0: 0x80003ce4 (0xd1d2d9b7) lui     s3, 0xd1d2d
core   0: 3 0x80003ce4 (0xd1d2d9b7) x19 0xd1d2d000
core   0: 0x80003ce8 (0xa58d0093) addi    ra, s10, -1448
core   0: 3 0x80003ce8 (0xa58d0093) x1  0xfffffa58
core   0: 0x80003cec (0x01632433) slt     s0, t1, s6
core   0: 3 0x80003cec (0x01632433) x8  0x00000000
core   0: 0x80003cf0 (0x01c12033) slt     zero, sp, t3
core   0: 3 0x80003cf0 (0x01c12033)
core   0: 0x80003cf4 (0x4cdf7d93) andi    s11, t5, 1229
core   0: 3 0x80003cf4 (0x4cdf7d93) x27 0x00000001
core   0: 0x80003cf8 (0x00008871) c.andi  s0, 28
core   0: 3 0x80003cf8 (0x8871) x8  0x00000000
core   0: 0x80003cfa (0x034fc0b3) div     ra, t6, s4
core   0: 3 0x80003cfa (0x034fc0b3) x1  0x00000000
core   0: 0x80003cfe (0x01f34463) blt     t1, t6, pc + 8
core   0: 3 0x80003cfe (0x01f34463)
core   0: 0x80003d02 (0x41cc8093) addi    ra, s9, 1052
core   0: 3 0x80003d02 (0x41cc8093) x1  0x38304282
core   0: 0x80003d06 (0x00008e4d) c.or    a2, a1
core   0: 3 0x80003d06 (0x8e4d) x12 0xb8327ffd
core   0: 0x80003d08 (0xc00cea93) ori     s5, s9, -1024
core   0: 3 0x80003d08 (0xc00cea93) x21 0xfffffe66
core   0: 0x80003d0c (0x40e4dbb3) sra     s7, s1, a4
core   0: 3 0x80003d0c (0x40e4dbb3) x23 0x00000000
core   0: 0x80003d10 (0xd2100e97) auipc   t4, 0xd2100
core   0: 3 0x80003d10 (0xd2100e97) x29 0x52103d10
core   0: 0x80003d14 (0x00adf9b3) and     s3, s11, a0
core   0: 3 0x80003d14 (0x00adf9b3) x19 0x00000000
core   0: 0x80003d18 (0x00006d29) c.lui   s10, 0xa
core   0: 3 0x80003d18 (0x6d29) x26 0x0000a000
core   0: 0x80003d1a (0x000b1eb3) sll     t4, s6, zero
core   0: 3 0x80003d1a (0x000b1eb3) x29 0xe1b182f3
core   0: 0x80003d1e (0x01d7a7b3) slt     a5, a5, t4
core   0: 3 0x80003d1e (0x01d7a7b3) x15 0x00000001
core   0: 0x80003d22 (0x00000fc9) c.addi  t6, 18
core   0: 3 0x80003d22 (0x0fc9) x31 0x04001323
core   0: 0x80003d24 (0x00008ce5) c.and   s1, s1
core   0: 3 0x80003d24 (0x8ce5) x9  0x00000000
core   0: 0x80003d26 (0x03291063) bne     s2, s2, pc + 32
core   0: 3 0x80003d26 (0x03291063)
core   0: 0x80003d2a (0xfeb5b093) sltiu   ra, a1, -21
core   0: 3 0x80003d2a (0xfeb5b093) x1  0x00000001
core   0: 0x80003d2e (0x0315c0b3) div     ra, a1, a7
core   0: 3 0x80003d2e (0x0315c0b3) x1  0x00000001
core   0: 0x80003d32 (0xe0424913) xori    s2, tp, -508
core   0: 3 0x80003d32 (0xe0424913) x18 0xfffffe04
core   0: 0x80003d36 (0x41b351b3) sra     gp, t1, s11
core   0: 3 0x80003d36 (0x41b351b3) x3  0x3bf799ba
core   0: 0x80003d3a (0x01c0f663) bgeu    ra, t3, pc + 12
core   0: 3 0x80003d3a (0x01c0f663)
core   0: 0x80003d3e (0x00008cf5) c.and   s1, a3
core   0: 3 0x80003d3e (0x8cf5) x9  0x00000000
core   0: 0x80003d40 (0x00001604) c.addi4spn s1, sp, 800
core   0: 3 0x80003d40 (0x1604) x9  0x38303fe9
core   0: 0x80003d42 (0x00008c99) c.sub   s1, a4
core   0: 3 0x80003d42 (0x8c99) x9  0x38303fea
core   0: 0x80003d44 (0x0000c09d) c.beqz  s1, pc + 38
core   0: 3 0x80003d44 (0xc09d)
core   0: 0x80003d46 (0x8fe7ed37) lui     s10, 0x8fe7e
core   0: 3 0x80003d46 (0x8fe7ed37) x26 0x8fe7e000
core   0: 0x80003d4a (0x03ee2233) mulhsu  tp, t3, t5
core   0: 3 0x80003d4a (0x03ee2233) x4  0xffffffff
core   0: 0x80003d4e (0x02371eb3) mulh    t4, a4, gp
core   0: 3 0x80003d4e (0x02371eb3) x29 0xffffffff
core   0: 0x80003d52 (0x003b9e13) slli    t3, s7, 3
core   0: 3 0x80003d52 (0x003b9e13) x28 0x00000000
core   0: 0x80003d56 (0x0000c611) c.beqz  a2, pc + 12
core   0: 3 0x80003d56 (0xc611)
core   0: 0x80003d58 (0x01194933) xor     s2, s2, a7
core   0: 3 0x80003d58 (0x01194933) x18 0x7ffd62e0
core   0: 0x80003d5c (0x0000909e) c.add   ra, t2
core   0: 3 0x80003d5c (0x909e) x1  0x00000001
core   0: 0x80003d5e (0x007fac33) slt     s8, t6, t2
core   0: 3 0x80003d5e (0x007fac33) x24 0x00000000
core   0: 0x80003d62 (0x000089ae) c.mv    s3, a1
core   0: 3 0x80003d62 (0x89ae) x19 0x80025e64
core   0: 0x80003d64 (0x412bde13) srai    t3, s7, 18
core   0: 3 0x80003d64 (0x412bde13) x28 0x00000000
core   0: 0x80003d68 (0x000009a1) c.addi  s3, 8
core   0: 3 0x80003d68 (0x09a1) x19 0x80025e6c
core   0: 0x80003d6a (0x41b25433) sra     s0, tp, s11
core   0: 3 0x80003d6a (0x41b25433) x8  0xffffffff
core   0: 0x80003d6e (0x00906463) bltu    zero, s1, pc + 8
core   0: 3 0x80003d6e (0x00906463)
core   0: 0x80003d76 (0x004f0333) add     t1, t5, tp
core   0: 3 0x80003d76 (0x004f0333) x6  0x00000000
core   0: 0x80003d7a (0x40d457b3) sra     a5, s0, a3
core   0: 3 0x80003d7a (0x40d457b3) x15 0xffffffff
core   0: 0x80003d7e (0x407b56b3) sra     a3, s6, t2
core   0: 3 0x80003d7e (0x407b56b3) x13 0xe1b182f3
core   0: 0x80003d82 (0x0364c233) div     tp, s1, s6
core   0: 3 0x80003d82 (0x0364c233) x4  0xffffffff
core   0: 0x80003d86 (0x03c6fe33) remu    t3, a3, t3
core   0: 3 0x80003d86 (0x03c6fe33) x28 0xe1b182f3
core   0: 0x80003d8a (0x00ea4c33) xor     s8, s4, a4
core   0: 3 0x80003d8a (0x00ea4c33) x24 0x8810d227
core   0: 0x80003d8e (0xe7e0ce93) xori    t4, ra, -386
core   0: 3 0x80003d8e (0xe7e0ce93) x29 0xfffffe7f
core   0: 0x80003d92 (0x007eeb13) ori     s6, t4, 7
core   0: 3 0x80003d92 (0x007eeb13) x22 0xfffffe7f
core   0: 0x80003d96 (0x016f51b3) srl     gp, t5, s6
core   0: 3 0x80003d96 (0x016f51b3) x3  0x00000000
core   0: 0x80003d9a (0x72be3193) sltiu   gp, t3, 1835
core   0: 3 0x80003d9a (0x72be3193) x3  0x00000000
core   0: 0x80003d9e (0x00006995) c.lui   s3, 0x5
core   0: 3 0x80003d9e (0x6995) x19 0x00005000
core   0: 0x80003da0 (0x097ece63) blt     t4, s7, pc + 156
core   0: 3 0x80003da0 (0x097ece63)
core   0: 0x80003e3c (0x7d820737) lui     a4, 0x7d820
core   0: 3 0x80003e3c (0x7d820737) x14 0x7d820000
core   0: 0x80003e40 (0x62b77b93) andi    s7, a4, 1579
core   0: 3 0x80003e40 (0x62b77b93) x23 0x00000000
core   0: 0x80003e44 (0x030d1c33) mulh    s8, s10, a6
core   0: 3 0x80003e44 (0x030d1c33) x24 0xcb7c1036
core   0: 0x80003e48 (0x00008fb9) c.xor   a5, a4
core   0: 3 0x80003e48 (0x8fb9) x15 0x827dffff
core   0: 0x80003e4a (0x0168c633) xor     a2, a7, s6
core   0: 3 0x80003e4a (0x0168c633) x12 0x7ffd629b
core   0: 0x80003e4e (0x00edda13) srli    s4, s11, 14
core   0: 3 0x80003e4e (0x00edda13) x20 0x00000000
core   0: 0x80003e52 (0x0a564a63) blt     a2, t0, pc + 180
core   0: 3 0x80003e52 (0x0a564a63)
core   0: 0x80003e56 (0x022bb9b3) mulhu   s3, s7, sp
core   0: 3 0x80003e56 (0x022bb9b3) x19 0x00000000
core   0: 0x80003e5a (0x00000272) c.slli  tp, 28
core   0: 3 0x80003e5a (0x0272) x4  0xf0000000
core   0: 0x80003e5c (0x02b75ab3) divu    s5, a4, a1
core   0: 3 0x80003e5c (0x02b75ab3) x21 0x00000000
core   0: 0x80003e60 (0x000080ed) c.srli  s1, 27
core   0: 3 0x80003e60 (0x80ed) x9  0x00000007
core   0: 0x80003e62 (0x09cf0d63) beq     t5, t3, pc + 154
core   0: 3 0x80003e62 (0x09cf0d63)
core   0: 0x80003e66 (0x40dc8ab3) sub     s5, s9, a3
core   0: 3 0x80003e66 (0x40dc8ab3) x21 0x567ebb73
core   0: 0x80003e6a (0x417bd693) srai    a3, s7, 23
core   0: 3 0x80003e6a (0x417bd693) x13 0x00000000
core   0: 0x80003e6e (0x0000611d) c.addi16sp sp, 416
core   0: 3 0x80003e6e (0x611d) x2  0x38303e69
core   0: 0x80003e70 (0x02ecbb33) mulhu   s6, s9, a4
core   0: 3 0x80003e70 (0x02ecbb33) x22 0x1b8c16f7
core   0: 0x80003e74 (0x00004785) c.li    a5, 1
core   0: 3 0x80003e74 (0x4785) x15 0x00000001
core   0: 0x80003e76 (0x01a8cb33) xor     s6, a7, s10
core   0: 3 0x80003e76 (0x01a8cb33) x22 0x0fe57ce4
core   0: 0x80003e7a (0x00005255) c.li    tp, -11
core   0: 3 0x80003e7a (0x5255) x4  0xfffffff5
core   0: 0x80003e7c (0x029c9033) mulh    zero, s9, s1
core   0: 3 0x80003e7c (0x029c9033)
core   0: 0x80003e80 (0x01431fb3) sll     t6, t1, s4
core   0: 3 0x80003e80 (0x01431fb3) x31 0x00000000
core   0: 0x80003e84 (0x2a1c8f93) addi    t6, s9, 673
core   0: 3 0x80003e84 (0x2a1c8f93) x31 0x38304107
core   0: 0x80003e88 (0x419fdc33) sra     s8, t6, s9
core   0: 3 0x80003e88 (0x419fdc33) x24 0x00e0c104
core   0: 0x80003e8c (0x0070ce33) xor     t3, ra, t2
core   0: 3 0x80003e8c (0x0070ce33) x28 0x00000001
core   0: 0x80003e90 (0x41c55d93) srai    s11, a0, 28
core   0: 3 0x80003e90 (0x41c55d93) x27 0x00000000
core   0: 0x80003e94 (0x0081f433) and     s0, gp, s0
core   0: 3 0x80003e94 (0x0081f433) x8  0x00000000
core   0: 0x80003e98 (0x000017e9) c.addi  a5, -6
core   0: 3 0x80003e98 (0x17e9) x15 0xfffffffb
core   0: 0x80003e9a (0x02d2a0b3) mulhsu  ra, t0, a3
core   0: 3 0x80003e9a (0x02d2a0b3) x1  0x00000000
core   0: 0x80003e9e (0x0000861d) c.srai  a2, 7
core   0: 3 0x80003e9e (0x861d) x12 0x00fffac5
core   0: 0x80003ea0 (0x00004399) c.li    t2, 6
core   0: 3 0x80003ea0 (0x4399) x7  0x00000006
core   0: 0x80003ea2 (0x00000001) c.nop
core   0: 3 0x80003ea2 (0x0001)
core   0: 0x80003ea4 (0x2eb36a93) ori     s5, t1, 747
core   0: 3 0x80003ea4 (0x2eb36a93) x21 0x000002eb
core   0: 0x80003ea8 (0x002b74b3) and     s1, s6, sp
core   0: 3 0x80003ea8 (0x002b74b3) x9  0x08203c60
core   0: 0x80003eac (0x000012fd) c.addi  t0, -1
core   0: 3 0x80003eac (0x12fd) x5  0x0000033b
core   0: 0x80003eae (0x0000865e) c.mv    a2, s7
core   0: 3 0x80003eae (0x865e) x12 0x00000000
core   0: 0x80003eb0 (0x00004ba5) c.li    s7, 9
core   0: 3 0x80003eb0 (0x4ba5) x23 0x00000009
core   0: 0x80003eb2 (0x00138533) add     a0, t2, ra
core   0: 3 0x80003eb2 (0x00138533) x10 0x00000006
core   0: 0x80003eb6 (0x0271f0b3) remu    ra, gp, t2
core   0: 3 0x80003eb6 (0x0271f0b3) x1  0x00000000
core   0: 0x80003eba (0x023399b3) mulh    s3, t2, gp
core   0: 3 0x80003eba (0x023399b3) x19 0x00000000
core   0: 0x80003ebe (0x0097deb3) srl     t4, a5, s1
core   0: 3 0x80003ebe (0x0097deb3) x29 0xfffffffb
core   0: 0x80003ec2 (0x00004aad) c.li    s5, 11
core   0: 3 0x80003ec2 (0x4aad) x21 0x0000000b
core   0: 0x80003ec4 (0x00000389) c.addi  t2, 2
core   0: 3 0x80003ec4 (0x0389) x7  0x00000008
core   0: 0x80003ec6 (0x013ad913) srli    s2, s5, 19
core   0: 3 0x80003ec6 (0x013ad913) x18 0x00000000
core   0: 0x80003eca (0x00008e79) c.and   a2, a4
core   0: 3 0x80003eca (0x8e79) x12 0x00000000
core   0: 0x80003ecc (0xff73e7e3) bltu    t2, s7, pc - 18
core   0: 3 0x80003ecc (0xff73e7e3)
core   0: 0x80003eba (0x023399b3) mulh    s3, t2, gp
core   0: 3 0x80003eba (0x023399b3) x19 0x00000000
core   0: 0x80003ebe (0x0097deb3) srl     t4, a5, s1
core   0: 3 0x80003ebe (0x0097deb3) x29 0xfffffffb
core   0: 0x80003ec2 (0x00004aad) c.li    s5, 11
core   0: 3 0x80003ec2 (0x4aad) x21 0x0000000b
core   0: 0x80003ec4 (0x00000389) c.addi  t2, 2
core   0: 3 0x80003ec4 (0x0389) x7  0x0000000a
core   0: 0x80003ec6 (0x013ad913) srli    s2, s5, 19
core   0: 3 0x80003ec6 (0x013ad913) x18 0x00000000
core   0: 0x80003eca (0x00008e79) c.and   a2, a4
core   0: 3 0x80003eca (0x8e79) x12 0x00000000
core   0: 0x80003ecc (0xff73e7e3) bltu    t2, s7, pc - 18
core   0: 3 0x80003ecc (0xff73e7e3)
core   0: 0x80003ed0 (0x00008f11) c.sub   a4, a2
core   0: 3 0x80003ed0 (0x8f11) x14 0x7d820000
core   0: 0x80003ed2 (0x00008335) c.srli  a4, 13
core   0: 3 0x80003ed2 (0x8335) x14 0x0003ec10
core   0: 0x80003ed4 (0x00005b7d) c.li    s6, -1
core   0: 3 0x80003ed4 (0x5b7d) x22 0xffffffff
core   0: 0x80003ed6 (0xbb431097) auipc   ra, 0xbb431
core   0: 3 0x80003ed6 (0xbb431097) x1  0x3b434ed6
core   0: 0x80003eda (0xfa479de3) bne     a5, tp, pc - 70
core   0: 3 0x80003eda (0xfa479de3)
core   0: 0x80003e94 (0x0081f433) and     s0, gp, s0
core   0: 3 0x80003e94 (0x0081f433) x8  0x00000000
core   0: 0x80003e98 (0x000017e9) c.addi  a5, -6
core   0: 3 0x80003e98 (0x17e9) x15 0xfffffff5
core   0: 0x80003e9a (0x02d2a0b3) mulhsu  ra, t0, a3
core   0: 3 0x80003e9a (0x02d2a0b3) x1  0x00000000
core   0: 0x80003e9e (0x0000861d) c.srai  a2, 7
core   0: 3 0x80003e9e (0x861d) x12 0x00000000
core   0: 0x80003ea0 (0x00004399) c.li    t2, 6
core   0: 3 0x80003ea0 (0x4399) x7  0x00000006
core   0: 0x80003ea2 (0x00000001) c.nop
core   0: 3 0x80003ea2 (0x0001)
core   0: 0x80003ea4 (0x2eb36a93) ori     s5, t1, 747
core   0: 3 0x80003ea4 (0x2eb36a93) x21 0x000002eb
core   0: 0x80003ea8 (0x002b74b3) and     s1, s6, sp
core   0: 3 0x80003ea8 (0x002b74b3) x9  0x38303e69
core   0: 0x80003eac (0x000012fd) c.addi  t0, -1
core   0: 3 0x80003eac (0x12fd) x5  0x0000033a
core   0: 0x80003eae (0x0000865e) c.mv    a2, s7
core   0: 3 0x80003eae (0x865e) x12 0x00000009
core   0: 0x80003eb0 (0x00004ba5) c.li    s7, 9
core   0: 3 0x80003eb0 (0x4ba5) x23 0x00000009
core   0: 0x80003eb2 (0x00138533) add     a0, t2, ra
core   0: 3 0x80003eb2 (0x00138533) x10 0x00000006
core   0: 0x80003eb6 (0x0271f0b3) remu    ra, gp, t2
core   0: 3 0x80003eb6 (0x0271f0b3) x1  0x00000000
core   0: 0x80003eba (0x023399b3) mulh    s3, t2, gp
core   0: 3 0x80003eba (0x023399b3) x19 0x00000000
core   0: 0x80003ebe (0x0097deb3) srl     t4, a5, s1
core   0: 3 0x80003ebe (0x0097deb3) x29 0x007fffff
core   0: 0x80003ec2 (0x00004aad) c.li    s5, 11
core   0: 3 0x80003ec2 (0x4aad) x21 0x0000000b
core   0: 0x80003ec4 (0x00000389) c.addi  t2, 2
core   0: 3 0x80003ec4 (0x0389) x7  0x00000008
core   0: 0x80003ec6 (0x013ad913) srli    s2, s5, 19
core   0: 3 0x80003ec6 (0x013ad913) x18 0x00000000
core   0: 0x80003eca (0x00008e79) c.and   a2, a4
core   0: 3 0x80003eca (0x8e79) x12 0x00000000
core   0: 0x80003ecc (0xff73e7e3) bltu    t2, s7, pc - 18
core   0: 3 0x80003ecc (0xff73e7e3)
core   0: 0x80003eba (0x023399b3) mulh    s3, t2, gp
core   0: 3 0x80003eba (0x023399b3) x19 0x00000000
core   0: 0x80003ebe (0x0097deb3) srl     t4, a5, s1
core   0: 3 0x80003ebe (0x0097deb3) x29 0x007fffff
core   0: 0x80003ec2 (0x00004aad) c.li    s5, 11
core   0: 3 0x80003ec2 (0x4aad) x21 0x0000000b
core   0: 0x80003ec4 (0x00000389) c.addi  t2, 2
core   0: 3 0x80003ec4 (0x0389) x7  0x0000000a
core   0: 0x80003ec6 (0x013ad913) srli    s2, s5, 19
core   0: 3 0x80003ec6 (0x013ad913) x18 0x00000000
core   0: 0x80003eca (0x00008e79) c.and   a2, a4
core   0: 3 0x80003eca (0x8e79) x12 0x00000000
core   0: 0x80003ecc (0xff73e7e3) bltu    t2, s7, pc - 18
core   0: 3 0x80003ecc (0xff73e7e3)
core   0: 0x80003ed0 (0x00008f11) c.sub   a4, a2
core   0: 3 0x80003ed0 (0x8f11) x14 0x0003ec10
core   0: 0x80003ed2 (0x00008335) c.srli  a4, 13
core   0: 3 0x80003ed2 (0x8335) x14 0x0000001f
core   0: 0x80003ed4 (0x00005b7d) c.li    s6, -1
core   0: 3 0x80003ed4 (0x5b7d) x22 0xffffffff
core   0: 0x80003ed6 (0xbb431097) auipc   ra, 0xbb431
core   0: 3 0x80003ed6 (0xbb431097) x1  0x3b434ed6
core   0: 0x80003eda (0xfa479de3) bne     a5, tp, pc - 70
core   0: 3 0x80003eda (0xfa479de3)
core   0: 0x80003ede (0x01227db3) and     s11, tp, s2
core   0: 3 0x80003ede (0x01227db3) x27 0x00000000
core   0: 0x80003ee2 (0x00d70033) add     zero, a4, a3
core   0: 3 0x80003ee2 (0x00d70033)
core   0: 0x80003ee6 (0x4013dd33) sra     s10, t2, ra
core   0: 3 0x80003ee6 (0x4013dd33) x26 0x00000000
core   0: 0x80003eea (0x03222633) mulhsu  a2, tp, s2
core   0: 3 0x80003eea (0x03222633) x12 0x00000000
core   0: 0x80003eee (0xcef36793) ori     a5, t1, -785
core   0: 3 0x80003eee (0xcef36793) x15 0xfffffcef
core   0: 0x80003ef2 (0xd61b7613) andi    a2, s6, -671
core   0: 3 0x80003ef2 (0xd61b7613) x12 0xfffffd61
core   0: 0x80003ef6 (0x018700b3) add     ra, a4, s8
core   0: 3 0x80003ef6 (0x018700b3) x1  0x00e0c123
core   0: 0x80003efa (0x00008489) c.srai  s1, 2
core   0: 3 0x80003efa (0x8489) x9  0x0e0c0f9a
core   0: 0x80003efc (0x00008e65) c.and   a2, s1
core   0: 3 0x80003efc (0x8e65) x12 0x0e0c0d00
core   0: 0x80003efe (0x025e17b3) mulh    a5, t3, t0
core   0: 3 0x80003efe (0x025e17b3) x15 0x00000000
core   0: 0x80003f02 (0xf1498a93) addi    s5, s3, -236
core   0: 3 0x80003f02 (0xf1498a93) x21 0xffffff14
core   0: 0x80003f06 (0x418780b3) sub     ra, a5, s8
core   0: 3 0x80003f06 (0x418780b3) x1  0xff1f3efc
core   0: 0x80003f0a (0x03903eb3) mulhu   t4, zero, s9
core   0: 3 0x80003f0a (0x03903eb3) x29 0x00000000
core   0: 0x80003f0e (0x000093da) c.add   t2, s6
core   0: 3 0x80003f0e (0x93da) x7  0x00000009
core   0: 0x80003f10 (0x00000001) c.nop
core   0: 3 0x80003f10 (0x0001)
core   0: 0x80003f12 (0x0153e933) or      s2, t2, s5
core   0: 3 0x80003f12 (0x0153e933) x18 0xffffff1d
core   0: 0x80003f16 (0xf39c2f13) slti    t5, s8, -199
core   0: 3 0x80003f16 (0xf39c2f13) x30 0x00000000
core   0: 0x80003f1a (0x00006129) c.addi16sp sp, 192
core   0: 3 0x80003f1a (0x6129) x2  0x38303f29
core   0: 0x80003f1c (0x00006add) c.lui   s5, 0x17
core   0: 3 0x80003f1c (0x6add) x21 0x00017000
core   0: 0x80003f1e (0x00006565) c.lui   a0, 0x19
core   0: 3 0x80003f1e (0x6565) x10 0x00019000
core   0: 0x80003f20 (0x00bd2e33) slt     t3, s10, a1
core   0: 3 0x80003f20 (0x00bd2e33) x28 0x00000000
core   0: 0x80003f24 (0x0000816d) c.srli  a0, 27
core   0: 3 0x80003f24 (0x816d) x10 0x00000000
core   0: 0x80003f26 (0x03105463) bge     zero, a7, pc + 40
core   0: 3 0x80003f26 (0x03105463)
core   0: 0x80003f4e (0x02a31f63) bne     t1, a0, pc + 62
core   0: 3 0x80003f4e (0x02a31f63)
core   0: 0x80003f52 (0x03316e33) rem     t3, sp, s3
core   0: 3 0x80003f52 (0x03316e33) x28 0x38303f29
core   0: 0x80003f56 (0xdaf96c93) ori     s9, s2, -593
core   0: 3 0x80003f56 (0xdaf96c93) x25 0xffffffbf
core   0: 0x80003f5a (0x006c80b3) add     ra, s9, t1
core   0: 3 0x80003f5a (0x006c80b3) x1  0xffffffbf
core   0: 0x80003f5e (0x68a8b613) sltiu   a2, a7, 1674
core   0: 3 0x80003f5e (0x68a8b613) x12 0x00000000
core   0: 0x80003f62 (0x00008e65) c.and   a2, s1
core   0: 3 0x80003f62 (0x8e65) x12 0x00000000
core   0: 0x80003f64 (0x01205233) srl     tp, zero, s2
core   0: 3 0x80003f64 (0x01205233) x4  0x00000000
core   0: 0x80003f68 (0x001e59b3) srl     s3, t3, ra
core   0: 3 0x80003f68 (0x001e59b3) x19 0x00000000
core   0: 0x80003f6c (0x00006131) c.addi16sp sp, 320
core   0: 3 0x80003f6c (0x6131) x2  0x38304069
core   0: 0x80003f6e (0xb9142d13) slti    s10, s0, -1135
core   0: 3 0x80003f6e (0xb9142d13) x26 0x00000000
core   0: 0x80003f72 (0x01cf0a33) add     s4, t5, t3
core   0: 3 0x80003f72 (0x01cf0a33) x20 0x38303f29
core   0: 0x80003f76 (0x00000001) c.nop
core   0: 3 0x80003f76 (0x0001)
core   0: 0x80003f78 (0x00751b13) slli    s6, a0, 7
core   0: 3 0x80003f78 (0x00751b13) x22 0x00000000
core   0: 0x80003f7c (0x00001afd) c.addi  s5, -1
core   0: 3 0x80003f7c (0x1afd) x21 0x00016fff
core   0: 0x80003f7e (0x01ff6eb3) or      t4, t5, t6
core   0: 3 0x80003f7e (0x01ff6eb3) x29 0x38304107
core   0: 0x80003f82 (0x00001a88) c.addi4spn a0, sp, 368
core   0: 3 0x80003f82 (0x1a88) x10 0x383041d9
core   0: 0x80003f84 (0x02233933) mulhu   s2, t1, sp
core   0: 3 0x80003f84 (0x02233933) x18 0x00000000
core   0: 0x80003f88 (0x02cfb2b3) mulhu   t0, t6, a2
core   0: 3 0x80003f88 (0x02cfb2b3) x5  0x00000000
core   0: 0x80003f8c (0x0124d193) srli    gp, s1, 18
core   0: 3 0x80003f8c (0x0124d193) x3  0x00000383
core   0: 0x80003f90 (0x0df65163) bge     a2, t6, pc + 194
core   0: 3 0x80003f90 (0x0df65163)
core   0: 0x80003f94 (0x0158a7b3) slt     a5, a7, s5
core   0: 3 0x80003f94 (0x0158a7b3) x15 0x00000001
core   0: 0x80003f98 (0x00f4df93) srli    t6, s1, 15
core   0: 3 0x80003f98 (0x00f4df93) x31 0x00001c18
core   0: 0x80003f9c (0x016687b3) add     a5, a3, s6
core   0: 3 0x80003f9c (0x016687b3) x15 0x00000000
core   0: 0x80003fa0 (0x0de88d63) beq     a7, t5, pc + 218
core   0: 3 0x80003fa0 (0x0de88d63)
core   0: 0x80003fa4 (0x0000d317) auipc   t1, 0xd
core   0: 3 0x80003fa4 (0x0000d317) x6  0x80010fa4
core   0: 0x80003fa8 (0x9da30313) addi    t1, t1, -1574
core   0: 3 0x80003fa8 (0x9da30313) x6  0x8001097e
core   0: 0x80003fac (0x00434683) lbu     a3, 4(t1)
core   0: 3 0x80003fac (0x00434683) x13 0x00000000 mem 0x80010982
core   0: 0x80003fb0 (0xff035b83) lhu     s7, -16(t1)
core   0: 3 0x80003fb0 (0xff035b83) x23 0x00000000 mem 0x8001096e
core   0: 0x80003fb4 (0xfea30a23) sb      a0, -12(t1)
core   0: 3 0x80003fb4 (0xfea30a23) mem 0x80010972 0xd9
core   0: 0x80003fb8 (0xff730283) lb      t0, -9(t1)
core   0: 3 0x80003fb8 (0xff730283) x5  0x00000000 mem 0x80010975
core   0: 0x80003fbc (0xfe430c23) sb      tp, -8(t1)
core   0: 3 0x80003fbc (0xfe430c23) mem 0x80010976 0x00
core   0: 0x80003fc0 (0xa38b3f97) auipc   t6, 0xa38b3
core   0: 3 0x80003fc0 (0xa38b3f97) x31 0x238b6fc0
core   0: 0x80003fc4 (0x005d6033) or      zero, s10, t0
core   0: 3 0x80003fc4 (0x005d6033)
core   0: 0x80003fc8 (0x0134deb3) srl     t4, s1, s3
core   0: 3 0x80003fc8 (0x0134deb3) x29 0x0e0c0f9a
core   0: 0x80003fcc (0xff635f03) lhu     t5, -10(t1)
core   0: 3 0x80003fcc (0xff635f03) x30 0x00000000 mem 0x80010974
core   0: 0x80003fd0 (0x00008d56) c.mv    s10, s5
core   0: 3 0x80003fd0 (0x8d56) x26 0x00016fff
core   0: 0x80003fd2 (0xff130a03) lb      s4, -15(t1)
core   0: 3 0x80003fd2 (0xff130a03) x20 0x00000000 mem 0x8001096f
core   0: 0x80003fd6 (0xdc4dba13) sltiu   s4, s11, -572
core   0: 3 0x80003fd6 (0xdc4dba13) x20 0x00000001
core   0: 0x80003fda (0xff934483) lbu     s1, -7(t1)
core   0: 3 0x80003fda (0xff934483) x9  0x00000000 mem 0x80010977
core   0: 0x80003fde (0x03ea1233) mulh    tp, s4, t5
core   0: 3 0x80003fde (0x03ea1233) x4  0x00000000
core   0: 0x80003fe2 (0x00a301a3) sb      a0, 3(t1)
core   0: 3 0x80003fe2 (0x00a301a3) mem 0x80010981 0xd9
core   0: 0x80003fe6 (0xff634603) lbu     a2, -10(t1)
core   0: 3 0x80003fe6 (0xff634603) x12 0x00000000 mem 0x80010974
core   0: 0x80003fea (0x01d56fb3) or      t6, a0, t4
core   0: 3 0x80003fea (0x01d56fb3) x31 0x3e3c4fdb
core   0: 0x80003fee (0x01035e83) lhu     t4, 16(t1)
core   0: 3 0x80003fee (0x01035e83) x29 0x00000000 mem 0x8001098e
core   0: 0x80003ff2 (0x01731823) sh      s7, 16(t1)
core   0: 3 0x80003ff2 (0x01731823) mem 0x8001098e 0x0000
core   0: 0x80003ff6 (0x40bd5113) srai    sp, s10, 11
core   0: 3 0x80003ff6 (0x40bd5113) x2  0x0000002d
core   0: 0x80003ffa (0xffa35603) lhu     a2, -6(t1)
core   0: 3 0x80003ffa (0xffa35603) x12 0x00000000 mem 0x80010978
core   0: 0x80003ffe (0x942b8d13) addi    s10, s7, -1726
core   0: 3 0x80003ffe (0x942b8d13) x26 0xfffff942
core   0: 0x80004002 (0x00830523) sb      s0, 10(t1)
core   0: 3 0x80004002 (0x00830523) mem 0x80010988 0x00
core   0: 0x80004006 (0xff434c03) lbu     s8, -12(t1)
core   0: 3 0x80004006 (0xff434c03) x24 0x000000d9 mem 0x80010972
core   0: 0x8000400a (0x00730f03) lb      t5, 7(t1)
core   0: 3 0x8000400a (0x00730f03) x30 0x00000000 mem 0x80010985
core   0: 0x8000400e (0x01a232b3) sltu    t0, tp, s10
core   0: 3 0x8000400e (0x01a232b3) x5  0x00000001
core   0: 0x80004012 (0x03f7f4b3) remu    s1, a5, t6
core   0: 3 0x80004012 (0x03f7f4b3) x9  0x00000000
core   0: 0x80004016 (0x00008d9a) c.mv    s11, t1
core   0: 3 0x80004016 (0x8d9a) x27 0x8001097e
core   0: 0x80004018 (0x00008aad) c.andi  a3, 11
core   0: 3 0x80004018 (0x8aad) x13 0x00000000
core   0: 0x8000401a (0x011c6e33) or      t3, s8, a7
core   0: 3 0x8000401a (0x011c6e33) x28 0x80029cfd
core   0: 0x8000401e (0x0270e6b3) rem     a3, ra, t2
core   0: 3 0x8000401e (0x0270e6b3) x13 0xfffffffe
core   0: 0x80004022 (0x00434c83) lbu     s9, 4(t1)
core   0: 3 0x80004022 (0x00434c83) x25 0x00000000 mem 0x80010982
core   0: 0x80004026 (0x00b34703) lbu     a4, 11(t1)
core   0: 3 0x80004026 (0x00b34703) x14 0x00000000 mem 0x80010989
core   0: 0x8000402a (0xfee30923) sb      a4, -14(t1)
core   0: 3 0x8000402a (0xfee30923) mem 0x80010970 0x00
core   0: 0x8000402e (0x00b34683) lbu     a3, 11(t1)
core   0: 3 0x8000402e (0x00b34683) x13 0x00000000 mem 0x80010989
core   0: 0x80004032 (0x00e31e03) lh      t3, 14(t1)
core   0: 3 0x80004032 (0x00e31e03) x28 0x00000000 mem 0x8001098c
core   0: 0x80004036 (0x00008c85) c.sub   s1, s1
core   0: 3 0x80004036 (0x8c85) x9  0x00000000
core   0: 0x80004038 (0x03cf04b3) mul     s1, t5, t3
core   0: 3 0x80004038 (0x03cf04b3) x9  0x00000000
core   0: 0x8000403c (0xad90c317) auipc   t1, 0xad90c
core   0: 3 0x8000403c (0xad90c317) x6  0x2d91003c
core   0: 0x80004040 (0x00dc1713) slli    a4, s8, 13
core   0: 3 0x80004040 (0x00dc1713) x14 0x001b2000
core   0: 0x80004044 (0x02591033) mulh    zero, s2, t0
core   0: 3 0x80004044 (0x02591033)
core   0: 0x80004048 (0x019de433) or      s0, s11, s9
core   0: 3 0x80004048 (0x019de433) x8  0x8001097e
core   0: 0x8000404c (0x000014fd) c.addi  s1, -1
core   0: 3 0x8000404c (0x14fd) x9  0xffffffff
core   0: 0x8000404e (0x0281e9b3) rem     s3, gp, s0
core   0: 3 0x8000404e (0x0281e9b3) x19 0x00000383
core   0: 0x80004052 (0x9ada1137) lui     sp, 0x9ada1
core   0: 3 0x80004052 (0x9ada1137) x2  0x9ada1000
core   0: 0x80004056 (0x0000137d) c.addi  t1, -1
core   0: 3 0x80004056 (0x137d) x6  0x2d91003b
core   0: 0x80004058 (0x020151b3) divu    gp, sp, zero
core   0: 3 0x80004058 (0x020151b3) x3  0xffffffff
core   0: 0x8000405c (0x00d58033) add     zero, a1, a3
core   0: 3 0x8000405c (0x00d58033)
core   0: 0x80004060 (0x00008545) c.srai  a0, 17
core   0: 3 0x80004060 (0x8545) x10 0x00001c18
core   0: 0x80004062 (0x014d5b33) srl     s6, s10, s4
core   0: 3 0x80004062 (0x014d5b33) x22 0x7ffffca1
core   0: 0x80004066 (0x02400263) beq     zero, tp, pc + 36
core   0: 3 0x80004066 (0x02400263)
core   0: 0x8000408a (0x033e1933) mulh    s2, t3, s3
core   0: 3 0x8000408a (0x033e1933) x18 0x00000000
core   0: 0x8000408e (0x00f414b3) sll     s1, s0, a5
core   0: 3 0x8000408e (0x00f414b3) x9  0x8001097e
core   0: 0x80004092 (0x00006a51) c.lui   s4, 0x14
core   0: 3 0x80004092 (0x6a51) x20 0x00014000
core   0: 0x80004094 (0x3a4cb293) sltiu   t0, s9, 932
core   0: 3 0x80004094 (0x3a4cb293) x5  0x00000001
core   0: 0x80004098 (0xa6fdbd13) sltiu   s10, s11, -1425
core   0: 3 0x80004098 (0xa6fdbd13) x26 0x00000001
core   0: 0x8000409c (0x01a9e563) bltu    s3, s10, pc + 10
core   0: 3 0x8000409c (0x01a9e563)
core   0: 0x800040a0 (0x000083e6) c.mv    t2, s9
core   0: 3 0x800040a0 (0x83e6) x7  0x00000000
core   0: 0x800040a2 (0x586e4493) xori    s1, t3, 1414
core   0: 3 0x800040a2 (0x586e4493) x9  0x00000586
core   0: 0x800040a6 (0x01be0663) beq     t3, s11, pc + 12
core   0: 3 0x800040a6 (0x01be0663)
core   0: 0x800040aa (0x077f4e93) xori    t4, t5, 119
core   0: 3 0x800040aa (0x077f4e93) x29 0x00000077
core   0: 0x800040ae (0x416b0d33) sub     s10, s6, s6
core   0: 3 0x800040ae (0x416b0d33) x26 0x00000000
core   0: 0x800040b2 (0x00008cce) c.mv    s9, s3
core   0: 3 0x800040b2 (0x8cce) x25 0x00000383
core   0: 0x800040b4 (0x00441493) slli    s1, s0, 4
core   0: 3 0x800040b4 (0x00441493) x9  0x001097e0
core   0: 0x800040b8 (0x0000717d) c.addi16sp sp, -16
core   0: 3 0x800040b8 (0x717d) x2  0x9ada0ff0
core   0: 0x800040ba (0x01515e93) srli    t4, sp, 21
core   0: 3 0x800040ba (0x01515e93) x29 0x000004d6
core   0: 0x800040be (0x00d65463) bge     a2, a3, pc + 8
core   0: 3 0x800040be (0x00d65463)
core   0: 0x800040c6 (0x4cb58c13) addi    s8, a1, 1227
core   0: 3 0x800040c6 (0x4cb58c13) x24 0x8002632f
core   0: 0x800040ca (0xfca98e13) addi    t3, s3, -54
core   0: 3 0x800040ca (0xfca98e13) x28 0x0000034d
core   0: 0x800040ce (0x00008c21) c.xor   s0, s0
core   0: 3 0x800040ce (0x8c21) x8  0x00000000
core   0: 0x800040d0 (0x00000001) c.nop
core   0: 3 0x800040d0 (0x0001)
core   0: 0x800040d2 (0x00921c63) bne     tp, s1, pc + 24
core   0: 3 0x800040d2 (0x00921c63)
core   0: 0x800040ea (0x7b1300b7) lui     ra, 0x7b130
core   0: 3 0x800040ea (0x7b1300b7) x1  0x7b130000
core   0: 0x800040ee (0x00669293) slli    t0, a3, 6
core   0: 3 0x800040ee (0x00669293) x5  0x00000000
core   0: 0x800040f2 (0x00009bfd) c.andi  a5, -1
core   0: 3 0x800040f2 (0x9bfd) x15 0x00000000
core   0: 0x800040f4 (0x00006151) c.addi16sp sp, 272
core   0: 3 0x800040f4 (0x6151) x2  0x9ada1100
core   0: 0x800040f6 (0x41ee8533) sub     a0, t4, t5
core   0: 3 0x800040f6 (0x41ee8533) x10 0x000004d6
core   0: 0x800040fa (0x02c637b3) mulhu   a5, a2, a2
core   0: 3 0x800040fa (0x02c637b3) x15 0x00000000
core   0: 0x800040fe (0x0264c1b3) div     gp, s1, t1
core   0: 3 0x800040fe (0x0264c1b3) x3  0x00000000
core   0: 0x80004102 (0x00006999) c.lui   s3, 0x6
core   0: 3 0x80004102 (0x6999) x19 0x00006000
core   0: 0x80004104 (0x00000941) c.addi  s2, 16
core   0: 3 0x80004104 (0x0941) x18 0x00000010
core   0: 0x80004106 (0x00005397) auipc   t2, 0x5
core   0: 3 0x80004106 (0x00005397) x7  0x80009106
core   0: 0x8000410a (0x32c38393) addi    t2, t2, 812
core   0: 3 0x8000410a (0x32c38393) x7  0x80009432
core   0: 0x8000410e (0x10e38393) addi    t2, t2, 270
core   0: 3 0x8000410e (0x10e38393) x7  0x80009540
core   0: 0x80004112 (0x0340ae33) mulhsu  t3, ra, s4
core   0: 3 0x80004112 (0x0340ae33) x28 0x000099d7
core   0: 0x80004116 (0x4099d693) srai    a3, s3, 9
core   0: 3 0x80004116 (0x4099d693) x13 0x00000030
core   0: 0x8000411a (0x5719ff93) andi    t6, s3, 1393
core   0: 3 0x8000411a (0x5719ff93) x31 0x00000000
core   0: 0x8000411e (0x01715c33) srl     s8, sp, s7
core   0: 3 0x8000411e (0x01715c33) x24 0x9ada1100
core   0: 0x80004122 (0x0096d463) bge     a3, s1, pc + 8
core   0: 3 0x80004122 (0x0096d463)
core   0: 0x80004126 (0x02f3e933) rem     s2, t2, a5
core   0: 3 0x80004126 (0x02f3e933) x18 0x80009540
core   0: 0x8000412a (0xef338767) jalr    a4, t2, -269
core   0: 3 0x8000412a (0xef338767) x14 0x8000412e
core   0: 0x80009432 (0x0000c319) c.beqz  a4, pc + 6
core   0: 3 0x80009432 (0xc319)
core   0: 0x80009434 (0x038dcbb3) div     s7, s11, s8
core   0: 3 0x80009434 (0x038dcbb3) x23 0x00000001
core   0: 0x80009438 (0x00001581) c.addi  a1, -32
core   0: 3 0x80009438 (0x1581) x11 0x80025e44
core   0: 0x8000943a (0x0013cb33) xor     s6, t2, ra
core   0: 3 0x8000943a (0x0013cb33) x22 0xfb139540
core   0: 0x8000943e (0x00008fa5) c.xor   a5, s1
core   0: 3 0x8000943e (0x8fa5) x15 0x001097e0
core   0: 0x80009440 (0xf52a7b93) andi    s7, s4, -174
core   0: 3 0x80009440 (0xf52a7b93) x23 0x00014000
core   0: 0x80009444 (0x0000c1d8) c.sw    a4, 4(a1)
core   0: 3 0x80009444 (0xc1d8) mem 0x80025e48 0x8000412e
core   0: 0x80009446 (0x00006111) c.addi16sp sp, 256
core   0: 3 0x80009446 (0x6111) x2  0x9ada1200
core   0: 0x80009448 (0x0300076f) jal     a4, pc + 0x30
core   0: 3 0x80009448 (0x0300076f) x14 0x8000944c
core   0: 0x80009478 (0x000037cd) c.jal   pc - 30
core   0: 3 0x80009478 (0x37cd) x1  0x8000947a
core   0: 0x8000945a (0xff3ff36f) jal     t1, pc - 0xe
core   0: 3 0x8000945a (0xff3ff36f) x6  0x8000945e
core   0: 0x8000944c (0x028000ef) jal     pc + 0x28
core   0: 3 0x8000944c (0x028000ef) x1  0x80009450
core   0: 0x80009474 (0x010000ef) jal     pc + 0x10
core   0: 3 0x80009474 (0x010000ef) x1  0x80009478
core   0: 0x80009484 (0x0000bffd) c.j     pc - 2
core   0: 3 0x80009484 (0xbffd)
core   0: 0x80009482 (0x00003fc9) c.jal   pc - 46
core   0: 3 0x80009482 (0x3fc9) x1  0x80009484
core   0: 0x80009454 (0x0000a809) c.j     pc + 18
core   0: 3 0x80009454 (0xa809)
core   0: 0x80009466 (0x016000ef) jal     pc + 0x16
core   0: 3 0x80009466 (0x016000ef) x1  0x8000946a
core   0: 0x8000947c (0xfdbff0ef) jal     pc - 0x26
core   0: 3 0x8000947c (0xfdbff0ef) x1  0x80009480
core   0: 0x80009456 (0x0000a015) c.j     pc + 36
core   0: 3 0x80009456 (0xa015)
core   0: 0x8000947a (0x00002809) c.jal   pc + 18
core   0: 3 0x8000947a (0x2809) x1  0x8000947c
core   0: 0x8000948c (0x00002009) c.jal   pc + 2
core   0: 3 0x8000948c (0x2009) x1  0x8000948e
core   0: 0x8000948e (0xfd1ff0ef) jal     pc - 0x30
core   0: 3 0x8000948e (0xfd1ff0ef) x1  0x80009492
core   0: 0x8000945e (0x02c001ef) jal     gp, pc + 0x2c
core   0: 3 0x8000945e (0x02c001ef) x3  0x80009462
core   0: 0x8000948a (0x000037f9) c.jal   pc - 50
core   0: 3 0x8000948a (0x37f9) x1  0x8000948c
core   0: 0x80009458 (0x00002025) c.jal   pc + 40
core   0: 3 0x80009458 (0x2025) x1  0x8000945a
core   0: 0x80009480 (0x000037f5) c.jal   pc - 20
core   0: 3 0x80009480 (0x37f5) x1  0x80009482
core   0: 0x8000946c (0x0000bffd) c.j     pc - 2
core   0: 3 0x8000946c (0xbffd)
core   0: 0x8000946a (0x00002011) c.jal   pc + 4
core   0: 3 0x8000946a (0x2011) x1  0x8000946c
core   0: 0x8000946e (0x00003fd5) c.jal   pc - 12
core   0: 3 0x8000946e (0x3fd5) x1  0x80009470
core   0: 0x80009462 (0x00e000ef) jal     pc + 0xe
core   0: 3 0x80009462 (0x00e000ef) x1  0x80009466
core   0: 0x80009470 (0x016000ef) jal     pc + 0x16
core   0: 3 0x80009470 (0x016000ef) x1  0x80009474
core   0: 0x80009486 (0xfcbff36f) jal     t1, pc - 0x36
core   0: 3 0x80009486 (0xfcbff36f) x6  0x8000948a
core   0: 0x80009450 (0x042000ef) jal     pc + 0x42
core   0: 3 0x80009450 (0x042000ef) x1  0x80009454
core   0: 0x80009492 (0x027d2433) mulhsu  s0, s10, t2
core   0: 3 0x80009492 (0x027d2433) x8  0x00000000
core   0: 0x80009496 (0x00015297) auipc   t0, 0x15
core   0: 3 0x80009496 (0x00015297) x5  0x8001e496
core   0: 0x8000949a (0xd4328293) addi    t0, t0, -701
core   0: 3 0x8000949a (0xd4328293) x5  0x8001e1d9
core   0: 0x8000949e (0xffb28f83) lb      t6, -5(t0)
core   0: 3 0x8000949e (0xffb28f83) x31 0x00000000 mem 0x8001e1d4
core   0: 0x800094a2 (0xffb2d903) lhu     s2, -5(t0)
core   0: 3 0x800094a2 (0xffb2d903) x18 0x00000000 mem 0x8001e1d4
core   0: 0x800094a6 (0xff02ada3) sw      a6, -5(t0)
core   0: 3 0x800094a6 (0xff02ada3) mem 0x8001e1d4 0x77ef29ff
core   0: 0x800094aa (0xfed28523) sb      a3, -22(t0)
core   0: 3 0x800094aa (0xfed28523) mem 0x8001e1c3 0x30
core   0: 0x800094ae (0x000087b1) c.srai  a5, 12
core   0: 3 0x800094ae (0x87b1) x15 0x00000109
core   0: 0x800094b0 (0x010b07b3) add     a5, s6, a6
core   0: 3 0x800094b0 (0x010b07b3) x15 0x7302bf3f
core   0: 0x800094b4 (0xfea2c303) lbu     t1, -22(t0)
core   0: 3 0x800094b4 (0xfea2c303) x6  0x00000030 mem 0x8001e1c3
core   0: 0x800094b8 (0xfea2ce03) lbu     t3, -22(t0)
core   0: 3 0x800094b8 (0xfea2ce03) x28 0x00000030 mem 0x8001e1c3
core   0: 0x800094bc (0xfea2c103) lbu     sp, -22(t0)
core   0: 3 0x800094bc (0xfea2c103) x2  0x00000030 mem 0x8001e1c3
core   0: 0x800094c0 (0xff528483) lb      s1, -11(t0)
core   0: 3 0x800094c0 (0xff528483) x9  0x00000000 mem 0x8001e1ce
core   0: 0x800094c4 (0xff528083) lb      ra, -11(t0)
core   0: 3 0x800094c4 (0xff528083) x1  0x00000000 mem 0x8001e1ce
core   0: 0x800094c8 (0xff529e83) lh      t4, -11(t0)
core   0: 3 0x800094c8 (0xff529e83) x29 0x00000000 mem 0x8001e1ce
core   0: 0x800094cc (0xfee29aa3) sh      a4, -11(t0)
core   0: 3 0x800094cc (0xfee29aa3) mem 0x8001e1ce 0x944c
core   0: 0x800094d0 (0x5945e993) ori     s3, a1, 1428
core   0: 3 0x800094d0 (0x5945e993) x19 0x80025fd4
core   0: 0x800094d4 (0x035290a3) sh      s5, 33(t0)
core   0: 3 0x800094d4 (0x035290a3) mem 0x8001e1fa 0x6fff
core   0: 0x800094d8 (0x022290a3) sh      sp, 33(t0)
core   0: 3 0x800094d8 (0x022290a3) mem 0x8001e1fa 0x0030
core   0: 0x800094dc (0x00005461) c.li    s0, -8
core   0: 3 0x800094dc (0x5461) x8  0xfffffff8
core   0: 0x800094de (0x00008c0a) c.mv    s8, sp
core   0: 3 0x800094de (0x8c0a) x24 0x00000030
core   0: 0x800094e0 (0x4513e217) auipc   tp, 0x4513e
core   0: 3 0x800094e0 (0x4513e217) x4  0xc51474e0
core   0: 0x800094e4 (0x00008ee9) c.and   a3, a0
core   0: 3 0x800094e4 (0x8ee9) x13 0x00000010
core   0: 0x800094e6 (0x00000001) c.nop
core   0: 3 0x800094e6 (0x0001)
core   0: 0x800094e8 (0x00001914) c.addi4spn a3, sp, 176
core   0: 3 0x800094e8 (0x1914) x13 0x000000e0
core   0: 0x800094ea (0x0000925a) c.add   tp, s6
core   0: 3 0x800094ea (0x925a) x4  0xc0280a20
core   0: 0x800094ec (0x0000818e) c.mv    gp, gp
core   0: 3 0x800094ec (0x818e) x3  0x80009462
core   0: 0x800094ee (0x0005ffb3) and     t6, a1, zero
core   0: 3 0x800094ee (0x0005ffb3) x31 0x00000000
core   0: 0x800094f2 (0x03a2d933) divu    s2, t0, s10
core   0: 3 0x800094f2 (0x03a2d933) x18 0xffffffff
core   0: 0x800094f6 (0x01895533) srl     a0, s2, s8
core   0: 3 0x800094f6 (0x01895533) x10 0x0000ffff
core   0: 0x800094fa (0x0000997d) c.andi  a0, -1
core   0: 3 0x800094fa (0x997d) x10 0x0000ffff
core   0: 0x800094fc (0x00008cc9) c.or    s1, a0
core   0: 3 0x800094fc (0x8cc9) x9  0x0000ffff
core   0: 0x800094fe (0x00009a7d) c.andi  a2, -1
core   0: 3 0x800094fe (0x9a7d) x12 0x00000000
core   0: 0x80009500 (0x00e0d7b3) srl     a5, ra, a4
core   0: 3 0x80009500 (0x00e0d7b3) x15 0x00000000
core   0: 0x80009504 (0x000087ad) c.srai  a5, 11
core   0: 3 0x80009504 (0x87ad) x15 0x00000000
core   0: 0x80009506 (0x417b8bb3) sub     s7, s7, s7
core   0: 3 0x80009506 (0x417b8bb3) x23 0x00000000
core   0: 0x8000950a (0x0000197d) c.addi  s2, -1
core   0: 3 0x8000950a (0x197d) x18 0xfffffffe
core   0: 0x8000950c (0x00000001) c.nop
core   0: 3 0x8000950c (0x0001)
core   0: 0x8000950e (0x038a8733) mul     a4, s5, s8
core   0: 3 0x8000950e (0x038a8733) x14 0x0044ffd0
core   0: 0x80009512 (0x03ddcf33) div     t5, s11, t4
core   0: 3 0x80009512 (0x03ddcf33) x30 0xffffffff
core   0: 0x80009516 (0x00000409) c.addi  s0, 2
core   0: 3 0x80009516 (0x0409) x8  0xfffffffa
core   0: 0x80009518 (0x037ad533) divu    a0, s5, s7
core   0: 3 0x80009518 (0x037ad533) x10 0xffffffff
core   0: 0x8000951c (0x41245213) srai    tp, s0, 18
core   0: 3 0x8000951c (0x41245213) x4  0xffffffff
core   0: 0x80009520 (0x0000f461) c.bnez  s0, pc - 56
core   0: 3 0x80009520 (0xf461)
core   0: 0x800094e8 (0x00001914) c.addi4spn a3, sp, 176
core   0: 3 0x800094e8 (0x1914) x13 0x000000e0
core   0: 0x800094ea (0x0000925a) c.add   tp, s6
core   0: 3 0x800094ea (0x925a) x4  0xfb13953f
core   0: 0x800094ec (0x0000818e) c.mv    gp, gp
core   0: 3 0x800094ec (0x818e) x3  0x80009462
core   0: 0x800094ee (0x0005ffb3) and     t6, a1, zero
core   0: 3 0x800094ee (0x0005ffb3) x31 0x00000000
core   0: 0x800094f2 (0x03a2d933) divu    s2, t0, s10
core   0: 3 0x800094f2 (0x03a2d933) x18 0xffffffff
core   0: 0x800094f6 (0x01895533) srl     a0, s2, s8
core   0: 3 0x800094f6 (0x01895533) x10 0x0000ffff
core   0: 0x800094fa (0x0000997d) c.andi  a0, -1
core   0: 3 0x800094fa (0x997d) x10 0x0000ffff
core   0: 0x800094fc (0x00008cc9) c.or    s1, a0
core   0: 3 0x800094fc (0x8cc9) x9  0x0000ffff
core   0: 0x800094fe (0x00009a7d) c.andi  a2, -1
core   0: 3 0x800094fe (0x9a7d) x12 0x00000000
core   0: 0x80009500 (0x00e0d7b3) srl     a5, ra, a4
core   0: 3 0x80009500 (0x00e0d7b3) x15 0x00000000
core   0: 0x80009504 (0x000087ad) c.srai  a5, 11
core   0: 3 0x80009504 (0x87ad) x15 0x00000000
core   0: 0x80009506 (0x417b8bb3) sub     s7, s7, s7
core   0: 3 0x80009506 (0x417b8bb3) x23 0x00000000
core   0: 0x8000950a (0x0000197d) c.addi  s2, -1
core   0: 3 0x8000950a (0x197d) x18 0xfffffffe
core   0: 0x8000950c (0x00000001) c.nop
core   0: 3 0x8000950c (0x0001)
core   0: 0x8000950e (0x038a8733) mul     a4, s5, s8
core   0: 3 0x8000950e (0x038a8733) x14 0x0044ffd0
core   0: 0x80009512 (0x03ddcf33) div     t5, s11, t4
core   0: 3 0x80009512 (0x03ddcf33) x30 0xffffffff
core   0: 0x80009516 (0x00000409) c.addi  s0, 2
core   0: 3 0x80009516 (0x0409) x8  0xfffffffc
core   0: 0x80009518 (0x037ad533) divu    a0, s5, s7
core   0: 3 0x80009518 (0x037ad533) x10 0xffffffff
core   0: 0x8000951c (0x41245213) srai    tp, s0, 18
core   0: 3 0x8000951c (0x41245213) x4  0xffffffff
core   0: 0x80009520 (0x0000f461) c.bnez  s0, pc - 56
core   0: 3 0x80009520 (0xf461)
core   0: 0x800094e8 (0x00001914) c.addi4spn a3, sp, 176
core   0: 3 0x800094e8 (0x1914) x13 0x000000e0
core   0: 0x800094ea (0x0000925a) c.add   tp, s6
core   0: 3 0x800094ea (0x925a) x4  0xfb13953f
core   0: 0x800094ec (0x0000818e) c.mv    gp, gp
core   0: 3 0x800094ec (0x818e) x3  0x80009462
core   0: 0x800094ee (0x0005ffb3) and     t6, a1, zero
core   0: 3 0x800094ee (0x0005ffb3) x31 0x00000000
core   0: 0x800094f2 (0x03a2d933) divu    s2, t0, s10
core   0: 3 0x800094f2 (0x03a2d933) x18 0xffffffff
core   0: 0x800094f6 (0x01895533) srl     a0, s2, s8
core   0: 3 0x800094f6 (0x01895533) x10 0x0000ffff
core   0: 0x800094fa (0x0000997d) c.andi  a0, -1
core   0: 3 0x800094fa (0x997d) x10 0x0000ffff
core   0: 0x800094fc (0x00008cc9) c.or    s1, a0
core   0: 3 0x800094fc (0x8cc9) x9  0x0000ffff
core   0: 0x800094fe (0x00009a7d) c.andi  a2, -1
core   0: 3 0x800094fe (0x9a7d) x12 0x00000000
core   0: 0x80009500 (0x00e0d7b3) srl     a5, ra, a4
core   0: 3 0x80009500 (0x00e0d7b3) x15 0x00000000
core   0: 0x80009504 (0x000087ad) c.srai  a5, 11
core   0: 3 0x80009504 (0x87ad) x15 0x00000000
core   0: 0x80009506 (0x417b8bb3) sub     s7, s7, s7
core   0: 3 0x80009506 (0x417b8bb3) x23 0x00000000
core   0: 0x8000950a (0x0000197d) c.addi  s2, -1
core   0: 3 0x8000950a (0x197d) x18 0xfffffffe
core   0: 0x8000950c (0x00000001) c.nop
core   0: 3 0x8000950c (0x0001)
core   0: 0x8000950e (0x038a8733) mul     a4, s5, s8
core   0: 3 0x8000950e (0x038a8733) x14 0x0044ffd0
core   0: 0x80009512 (0x03ddcf33) div     t5, s11, t4
core   0: 3 0x80009512 (0x03ddcf33) x30 0xffffffff
core   0: 0x80009516 (0x00000409) c.addi  s0, 2
core   0: 3 0x80009516 (0x0409) x8  0xfffffffe
core   0: 0x80009518 (0x037ad533) divu    a0, s5, s7
core   0: 3 0x80009518 (0x037ad533) x10 0xffffffff
core   0: 0x8000951c (0x41245213) srai    tp, s0, 18
core   0: 3 0x8000951c (0x41245213) x4  0xffffffff
core   0: 0x80009520 (0x0000f461) c.bnez  s0, pc - 56
core   0: 3 0x80009520 (0xf461)
core   0: 0x800094e8 (0x00001914) c.addi4spn a3, sp, 176
core   0: 3 0x800094e8 (0x1914) x13 0x000000e0
core   0: 0x800094ea (0x0000925a) c.add   tp, s6
core   0: 3 0x800094ea (0x925a) x4  0xfb13953f
core   0: 0x800094ec (0x0000818e) c.mv    gp, gp
core   0: 3 0x800094ec (0x818e) x3  0x80009462
core   0: 0x800094ee (0x0005ffb3) and     t6, a1, zero
core   0: 3 0x800094ee (0x0005ffb3) x31 0x00000000
core   0: 0x800094f2 (0x03a2d933) divu    s2, t0, s10
core   0: 3 0x800094f2 (0x03a2d933) x18 0xffffffff
core   0: 0x800094f6 (0x01895533) srl     a0, s2, s8
core   0: 3 0x800094f6 (0x01895533) x10 0x0000ffff
core   0: 0x800094fa (0x0000997d) c.andi  a0, -1
core   0: 3 0x800094fa (0x997d) x10 0x0000ffff
core   0: 0x800094fc (0x00008cc9) c.or    s1, a0
core   0: 3 0x800094fc (0x8cc9) x9  0x0000ffff
core   0: 0x800094fe (0x00009a7d) c.andi  a2, -1
core   0: 3 0x800094fe (0x9a7d) x12 0x00000000
core   0: 0x80009500 (0x00e0d7b3) srl     a5, ra, a4
core   0: 3 0x80009500 (0x00e0d7b3) x15 0x00000000
core   0: 0x80009504 (0x000087ad) c.srai  a5, 11
core   0: 3 0x80009504 (0x87ad) x15 0x00000000
core   0: 0x80009506 (0x417b8bb3) sub     s7, s7, s7
core   0: 3 0x80009506 (0x417b8bb3) x23 0x00000000
core   0: 0x8000950a (0x0000197d) c.addi  s2, -1
core   0: 3 0x8000950a (0x197d) x18 0xfffffffe
core   0: 0x8000950c (0x00000001) c.nop
core   0: 3 0x8000950c (0x0001)
core   0: 0x8000950e (0x038a8733) mul     a4, s5, s8
core   0: 3 0x8000950e (0x038a8733) x14 0x0044ffd0
core   0: 0x80009512 (0x03ddcf33) div     t5, s11, t4
core   0: 3 0x80009512 (0x03ddcf33) x30 0xffffffff
core   0: 0x80009516 (0x00000409) c.addi  s0, 2
core   0: 3 0x80009516 (0x0409) x8  0x00000000
core   0: 0x80009518 (0x037ad533) divu    a0, s5, s7
core   0: 3 0x80009518 (0x037ad533) x10 0xffffffff
core   0: 0x8000951c (0x41245213) srai    tp, s0, 18
core   0: 3 0x8000951c (0x41245213) x4  0x00000000
core   0: 0x80009520 (0x0000f461) c.bnez  s0, pc - 56
core   0: 3 0x80009520 (0xf461)
core   0: 0x80009522 (0x02474933) div     s2, a4, tp
core   0: 3 0x80009522 (0x02474933) x18 0xffffffff
core   0: 0x80009526 (0x00007117) auipc   sp, 0x7
core   0: 3 0x80009526 (0x00007117) x2  0x80010526
core   0: 0x8000952a (0x08610113) addi    sp, sp, 134
core   0: 3 0x8000952a (0x08610113) x2  0x800105ac
core   0: 0x8000952e (0x00914983) lbu     s3, 9(sp)
core   0: 3 0x8000952e (0x00914983) x19 0x00000000 mem 0x800105b5
core   0: 0x80009532 (0x03ba6eb3) rem     t4, s4, s11
core   0: 3 0x80009532 (0x03ba6eb3) x29 0x00014000
core   0: 0x80009536 (0x00f104a3) sb      a5, 9(sp)
core   0: 3 0x80009536 (0x00f104a3) mem 0x800105b5 0x00
core   0: 0x8000953a (0x00110703) lb      a4, 1(sp)
core   0: 3 0x8000953a (0x00110703) x14 0x00000000 mem 0x800105ad
core   0: 0x8000953e (0x018d19b3) sll     s3, s10, s8
core   0: 3 0x8000953e (0x018d19b3) x19 0x00000000
core   0: 0x80009542 (0x00114003) lbu     zero, 1(sp)
core   0: 3 0x80009542 (0x00114003) mem 0x800105ad
core   0: 0x80009546 (0x003100a3) sb      gp, 1(sp)
core   0: 3 0x80009546 (0x003100a3) mem 0x800105ad 0x62
core   0: 0x8000954a (0x00114b03) lbu     s6, 1(sp)
core   0: 3 0x8000954a (0x00114b03) x22 0x00000062 mem 0x800105ad
core   0: 0x8000954e (0x014e9513) slli    a0, t4, 20
core   0: 3 0x8000954e (0x014e9513) x10 0x00000000
core   0: 0x80009552 (0x00110683) lb      a3, 1(sp)
core   0: 3 0x80009552 (0x00110683) x13 0x00000062 mem 0x800105ad
core   0: 0x80009556 (0x00110b83) lb      s7, 1(sp)
core   0: 3 0x80009556 (0x00110b83) x23 0x00000062 mem 0x800105ad
core   0: 0x8000955a (0x00d100a3) sb      a3, 1(sp)
core   0: 3 0x8000955a (0x00d100a3) mem 0x800105ad 0x62
core   0: 0x8000955e (0x00110203) lb      tp, 1(sp)
core   0: 3 0x8000955e (0x00110203) x4  0x00000062 mem 0x800105ad
core   0: 0x80009562 (0x00008cf9) c.and   s1, a4
core   0: 3 0x80009562 (0x8cf9) x9  0x00000000
core   0: 0x80009564 (0x004103a3) sb      tp, 7(sp)
core   0: 3 0x80009564 (0x004103a3) mem 0x800105b3 0x62
core   0: 0x80009568 (0x00714f83) lbu     t6, 7(sp)
core   0: 3 0x80009568 (0x00714f83) x31 0x00000062 mem 0x800105b3
core   0: 0x8000956c (0x02a89333) mulh    t1, a7, a0
core   0: 3 0x8000956c (0x02a89333) x6  0x00000000
core   0: 0x80009570 (0x000089c2) c.mv    s3, a6
core   0: 3 0x80009570 (0x89c2) x19 0x77ef29ff
core   0: 0x80009572 (0x00314203) lbu     tp, 3(sp)
core   0: 3 0x80009572 (0x00314203) x4  0x00000000 mem 0x800105af
core   0: 0x80009576 (0x00f14083) lbu     ra, 15(sp)
core   0: 3 0x80009576 (0x00f14083) x1  0x00000000 mem 0x800105bb
core   0: 0x8000957a (0x00007117) auipc   sp, 0x7
core   0: 3 0x8000957a (0x00007117) x2  0x8001057a
core   0: 0x8000957e (0xf4110113) addi    sp, sp, -191
core   0: 3 0x8000957e (0xf4110113) x2  0x800104bb
core   0: 0x80009582 (0xff410983) lb      s3, -12(sp)
core   0: 3 0x80009582 (0xff410983) x19 0x00000000 mem 0x800104af
core   0: 0x80009586 (0xe7654b93) xori    s7, a0, -394
core   0: 3 0x80009586 (0xe7654b93) x23 0xfffffe76
core   0: 0x8000958a (0x02b14983) lbu     s3, 43(sp)
core   0: 3 0x8000958a (0x02b14983) x19 0x00000000 mem 0x800104e6
core   0: 0x8000958e (0x018fb9b3) sltu    s3, t6, s8
core   0: 3 0x8000958e (0x018fb9b3) x19 0x00000000
core   0: 0x80009592 (0xff310423) sb      s3, -24(sp)
core   0: 3 0x80009592 (0xff310423) mem 0x800104a3 0x00
core   0: 0x80009596 (0x034224b3) mulhsu  s1, tp, s4
core   0: 3 0x80009596 (0x034224b3) x9  0x00000000
core   0: 0x8000959a (0x00008c89) c.sub   s1, a0
core   0: 3 0x8000959a (0x8c89) x9  0x00000000
core   0: 0x8000959c (0x02110123) sb      ra, 34(sp)
core   0: 3 0x8000959c (0x02110123) mem 0x800104dd 0x00
core   0: 0x800095a0 (0xff8114a3) sh      s8, -23(sp)
core   0: 3 0x800095a0 (0xff8114a3) mem 0x800104a4 0x0030
core   0: 0x800095a4 (0x00008d61) c.and   a0, s0
core   0: 3 0x800095a4 (0x8d61) x10 0x00000000
core   0: 0x800095a6 (0xfce10983) lb      s3, -50(sp)
core   0: 3 0x800095a6 (0xfce10983) x19 0x00000000 mem 0x80010489
core   0: 0x800095aa (0xfde10903) lb      s2, -34(sp)
core   0: 3 0x800095aa (0xfde10903) x18 0x00000000 mem 0x80010499
core   0: 0x800095ae (0x9627e917) auipc   s2, 0x9627e
core   0: 3 0x800095ae (0x9627e917) x18 0x162875ae
core   0: 0x800095b2 (0xffe14e83) lbu     t4, -2(sp)
core   0: 3 0x800095b2 (0xffe14e83) x29 0x00000000 mem 0x800104b9
core   0: 0x800095b6 (0xfe114b83) lbu     s7, -31(sp)
core   0: 3 0x800095b6 (0xfe114b83) x23 0x00000000 mem 0x8001049c
core   0: 0x800095ba (0x00008321) c.srli  a4, 8
core   0: 3 0x800095ba (0x8321) x14 0x00000000
core   0: 0x800095bc (0x00014b03) lbu     s6, 0(sp)
core   0: 3 0x800095bc (0x00014b03) x22 0x00000000 mem 0x800104bb
core   0: 0x800095c0 (0x01711903) lh      s2, 23(sp)
core   0: 3 0x800095c0 (0x01711903) x18 0x00000000 mem 0x800104d2
core   0: 0x800095c4 (0x16640e93) addi    t4, s0, 358
core   0: 3 0x800095c4 (0x16640e93) x29 0x00000166
core   0: 0x800095c8 (0x6faa2193) slti    gp, s4, 1786
core   0: 3 0x800095c8 (0x6faa2193) x3  0x00000000
core   0: 0x800095cc (0xfe710ba3) sb      t2, -9(sp)
core   0: 3 0x800095cc (0xfe710ba3) mem 0x800104b2 0x40
core   0: 0x800095d0 (0x00c10c03) lb      s8, 12(sp)
core   0: 3 0x800095d0 (0x00c10c03) x24 0x00000000 mem 0x800104c7
core   0: 0x800095d4 (0x02d527b3) mulhsu  a5, a0, a3
core   0: 3 0x800095d4 (0x02d527b3) x15 0x00000000
core   0: 0x800095d8 (0x02b252b3) divu    t0, tp, a1
core   0: 3 0x800095d8 (0x02b252b3) x5  0x00000000
core   0: 0x800095dc (0x01395413) srli    s0, s2, 19
core   0: 3 0x800095dc (0x01395413) x8  0x00000000
core   0: 0x800095e0 (0xfd911e03) lh      t3, -39(sp)
core   0: 3 0x800095e0 (0xfd911e03) x28 0x00000000 mem 0x80010494
core   0: 0x800095e4 (0x00000df1) c.addi  s11, 28
core   0: 3 0x800095e4 (0x0df1) x27 0x8001099a
core   0: 0x800095e6 (0x001118a3) sh      ra, 17(sp)
core   0: 3 0x800095e6 (0x001118a3) mem 0x800104cc 0x0000
core   0: 0x800095ea (0x03410783) lb      a5, 52(sp)
core   0: 3 0x800095ea (0x03410783) x15 0x00000000 mem 0x800104ef
core   0: 0x800095ee (0xfde10d03) lb      s10, -34(sp)
core   0: 3 0x800095ee (0xfde10d03) x26 0x00000000 mem 0x80010499
core   0: 0x800095f2 (0xfc314383) lbu     t2, -61(sp)
core   0: 3 0x800095f2 (0xfc314383) x7  0x00000000 mem 0x8001047e
core   0: 0x800095f6 (0xfc014a83) lbu     s5, -64(sp)
core   0: 3 0x800095f6 (0xfc014a83) x21 0x00000000 mem 0x8001047b
core   0: 0x800095fa (0x02410903) lb      s2, 36(sp)
core   0: 3 0x800095fa (0x02410903) x18 0x00000000 mem 0x800104df
core   0: 0x800095fe (0x03511903) lh      s2, 53(sp)
core   0: 3 0x800095fe (0x03511903) x18 0x00000000 mem 0x800104f0
core   0: 0x80009602 (0x007391b3) sll     gp, t2, t2
core   0: 3 0x80009602 (0x007391b3) x3  0x00000000
core   0: 0x80009606 (0xffc10923) sb      t3, -14(sp)
core   0: 3 0x80009606 (0xffc10923) mem 0x800104ad 0x00
core   0: 0x8000960a (0x01910523) sb      s9, 10(sp)
core   0: 3 0x8000960a (0x01910523) mem 0x800104c5 0x83
core   0: 0x8000960e (0x00008fe5) c.and   a5, s1
core   0: 3 0x8000960e (0x8fe5) x15 0x00000000
core   0: 0x80009610 (0x035114a3) sh      s5, 41(sp)
core   0: 3 0x80009610 (0x035114a3) mem 0x800104e4 0x0000
core   0: 0x80009614 (0x01710d23) sb      s7, 26(sp)
core   0: 3 0x80009614 (0x01710d23) mem 0x800104d5 0x00
core   0: 0x80009618 (0x00401693) slli    a3, zero, 4
core   0: 3 0x80009618 (0x00401693) x13 0x00000000
core   0: 0x8000961c (0x00008eb5) c.xor   a3, a3
core   0: 3 0x8000961c (0x8eb5) x13 0x00000000
core   0: 0x8000961e (0xfc610003) lb      zero, -58(sp)
core   0: 3 0x8000961e (0xfc610003) mem 0x80010481
core   0: 0x80009622 (0x03f11f03) lh      t5, 63(sp)
core   0: 3 0x80009622 (0x03f11f03) x30 0x00000000 mem 0x800104fa
core   0: 0x80009626 (0xfd112703) lw      a4, -47(sp)
core   0: 3 0x80009626 (0xfd112703) x14 0x00000000 mem 0x8001048c
core   0: 0x8000962a (0x00000ce6) c.slli  s9, 25
core   0: 3 0x8000962a (0x0ce6) x25 0x06000000
core   0: 0x8000962c (0x006122a3) sw      t1, 5(sp)
core   0: 3 0x8000962c (0x006122a3) mem 0x800104c0 0x00000000
core   0: 0x80009630 (0x00015117) auipc   sp, 0x15
core   0: 3 0x80009630 (0x00015117) x2  0x8001e630
core   0: 0x80009634 (0x9a510113) addi    sp, sp, -1627
core   0: 3 0x80009634 (0x9a510113) x2  0x8001dfd5
core   0: 0x80009638 (0xff014a83) lbu     s5, -16(sp)
core   0: 3 0x80009638 (0xff014a83) x21 0x00000000 mem 0x8001dfc5
core   0: 0x8000963c (0x09311ea3) sh      s3, 157(sp)
core   0: 3 0x8000963c (0x09311ea3) mem 0x8001e072 0x0000
core   0: 0x80009640 (0xa1444617) auipc   a2, 0xa1444
core   0: 3 0x80009640 (0xa1444617) x12 0x2144d640
core   0: 0x80009644 (0x00000001) c.nop
core   0: 3 0x80009644 (0x0001)
core   0: 0x80009646 (0x0ab14003) lbu     zero, 171(sp)
core   0: 3 0x80009646 (0x0ab14003) mem 0x8001e080
core   0: 0x8000964a (0x02caab33) mulhsu  s6, s5, a2
core   0: 3 0x8000964a (0x02caab33) x22 0x00000000
core   0: 0x8000964e (0x00008e31) c.xor   a2, a2
core   0: 3 0x8000964e (0x8e31) x12 0x00000000
core   0: 0x80009650 (0x0a012ba3) sw      zero, 183(sp)
core   0: 3 0x80009650 (0x0a012ba3) mem 0x8001e08c 0x00000000
core   0: 0x80009654 (0x07515983) lhu     s3, 117(sp)
core   0: 3 0x80009654 (0x07515983) x19 0x00000000 mem 0x8001e04a
core   0: 0x80009658 (0xf8814003) lbu     zero, -120(sp)
core   0: 3 0x80009658 (0xf8814003) mem 0x8001df5d
core   0: 0x8000965c (0xf0210603) lb      a2, -254(sp)
core   0: 3 0x8000965c (0xf0210603) x12 0x00000000 mem 0x8001ded7
core   0: 0x80009660 (0x0000964e) c.add   a2, s3
core   0: 3 0x80009660 (0x964e) x12 0x00000000
core   0: 0x80009662 (0xfcf04613) xori    a2, zero, -49
core   0: 3 0x80009662 (0xfcf04613) x12 0xffffffcf
core   0: 0x80009666 (0x0cc14003) lbu     zero, 204(sp)
core   0: 3 0x80009666 (0x0cc14003) mem 0x8001e0a1
core   0: 0x8000966a (0x2a298a93) addi    s5, s3, 674
core   0: 3 0x8000966a (0x2a298a93) x21 0x000002a2
core   0: 0x8000966e (0x2f703a93) sltiu   s5, zero, 759
core   0: 3 0x8000966e (0x2f703a93) x21 0x00000001
core   0: 0x80009672 (0x012b7633) and     a2, s6, s2
core   0: 3 0x80009672 (0x012b7633) x12 0x00000000
core   0: 0x80009676 (0x01393633) sltu    a2, s2, s3
core   0: 3 0x80009676 (0x01393633) x12 0x00000000
core   0: 0x8000967a (0x06e14003) lbu     zero, 110(sp)
core   0: 3 0x8000967a (0x06e14003) mem 0x8001e043
core   0: 0x8000967e (0xffc90013) addi    zero, s2, -4
core   0: 3 0x8000967e (0xffc90013)
core   0: 0x80009682 (0x0c610a83) lb      s5, 198(sp)
core   0: 3 0x80009682 (0x0c610a83) x21 0x00000000 mem 0x8001e09b
core   0: 0x80009686 (0x0b210e23) sb      s2, 188(sp)
core   0: 3 0x80009686 (0x0b210e23) mem 0x8001e091 0x00
core   0: 0x8000968a (0xf1610e23) sb      s6, -228(sp)
core   0: 3 0x8000968a (0xf1610e23) mem 0x8001def1 0x00
core   0: 0x8000968e (0xf4b14983) lbu     s3, -181(sp)
core   0: 3 0x8000968e (0xf4b14983) x19 0x00000000 mem 0x8001df20
core   0: 0x80009692 (0x04515983) lhu     s3, 69(sp)
core   0: 3 0x80009692 (0x04515983) x19 0x00000000 mem 0x8001e01a
core   0: 0x80009696 (0xf6c10603) lb      a2, -148(sp)
core   0: 3 0x80009696 (0xf6c10603) x12 0x00000000 mem 0x8001df41
core   0: 0x8000969a (0x10010603) lb      a2, 256(sp)
core   0: 3 0x8000969a (0x10010603) x12 0x00000000 mem 0x8001e0d5
core   0: 0x8000969e (0x00008e11) c.sub   a2, a2
core   0: 3 0x8000969e (0x8e11) x12 0x00000000
core   0: 0x800096a0 (0x05614003) lbu     zero, 86(sp)
core   0: 3 0x800096a0 (0x05614003) mem 0x8001e02b
core   0: 0x800096a4 (0x0000c697) auipc   a3, 0xc
core   0: 3 0x800096a4 (0x0000c697) x13 0x800156a4
core   0: 0x800096a8 (0x4ec68693) addi    a3, a3, 1260
core   0: 3 0x800096a8 (0x4ec68693) x13 0x80015b90
core   0: 0x800096ac (0x02dcde33) divu    t3, s9, a3
core   0: 3 0x800096ac (0x02dcde33) x28 0x00000000
core   0: 0x800096b0 (0x4196db93) srai    s7, a3, 25
core   0: 3 0x800096b0 (0x4196db93) x23 0xffffffc0
core   0: 0x800096b4 (0x02d6f233) remu    tp, a3, a3
core   0: 3 0x800096b4 (0x02d6f233) x4  0x00000000
core   0: 0x800096b8 (0x03acd733) divu    a4, s9, s10
core   0: 3 0x800096b8 (0x03acd733) x14 0xffffffff
core   0: 0x800096bc (0x122e2a37) lui     s4, 0x122e2
core   0: 3 0x800096bc (0x122e2a37) x20 0x122e2000
core   0: 0x800096c0 (0xcad681a3) sb      a3, -861(a3)
core   0: 3 0x800096c0 (0xcad681a3) mem 0x80015833 0x90
core   0: 0x800096c4 (0x86380213) addi    tp, a6, -1949
core   0: 3 0x800096c4 (0x86380213) x4  0x77ef2262
core   0: 0x800096c8 (0xa9968e83) lb      t4, -1383(a3)
core   0: 3 0x800096c8 (0xa9968e83) x29 0x00000000 mem 0x80015629
core   0: 0x800096cc (0x03bde933) rem     s2, s11, s11
core   0: 3 0x800096cc (0x03bde933) x18 0x00000000
core   0: 0x800096d0 (0xce32c293) xori    t0, t0, -797
core   0: 3 0x800096d0 (0xce32c293) x5  0xfffffce3
core   0: 0x800096d4 (0x1626de03) lhu     t3, 354(a3)
core   0: 3 0x800096d4 (0x1626de03) x28 0x00000000 mem 0x80015cf2
core   0: 0x800096d8 (0x7876ce03) lbu     t3, 1927(a3)
core   0: 3 0x800096d8 (0x7876ce03) x28 0x00000000 mem 0x80016317
core   0: 0x800096dc (0x8c069823) sh      zero, -1840(a3)
core   0: 3 0x800096dc (0x8c069823) mem 0x80015460 0x0000
core   0: 0x800096e0 (0x01b613b3) sll     t2, a2, s11
core   0: 3 0x800096e0 (0x01b613b3) x7  0x00000000
core   0: 0x800096e4 (0x2f868303) lb      t1, 760(a3)
core   0: 3 0x800096e4 (0x2f868303) x6  0x00000000 mem 0x80015e88
core   0: 0x800096e8 (0x7a168723) sb      ra, 1966(a3)
core   0: 3 0x800096e8 (0x7a168723) mem 0x8001633e 0x00
core   0: 0x800096ec (0x01566133) or      sp, a2, s5
core   0: 3 0x800096ec (0x01566133) x2  0x00000000
core   0: 0x800096f0 (0x49168aa3) sb      a7, 1173(a3)
core   0: 3 0x800096f0 (0x49168aa3) mem 0x80016025 0xe4
core   0: 0x800096f4 (0x0d98a713) slti    a4, a7, 217
core   0: 3 0x800096f4 (0x0d98a713) x14 0x00000001
core   0: 0x800096f8 (0x4e768e23) sb      t2, 1276(a3)
core   0: 3 0x800096f8 (0x4e768e23) mem 0x8001608c 0x00
core   0: 0x800096fc (0x01dfdc93) srli    s9, t6, 29
core   0: 3 0x800096fc (0x01dfdc93) x25 0x00000000
core   0: 0x80009700 (0x9e66d603) lhu     a2, -1562(a3)
core   0: 3 0x80009700 (0x9e66d603) x12 0x00000000 mem 0x80015576
core   0: 0x80009704 (0xee969e23) sh      s1, -260(a3)
core   0: 3 0x80009704 (0xee969e23) mem 0x80015a8c 0x0000
core   0: 0x80009708 (0xf2368a23) sb      gp, -204(a3)
core   0: 3 0x80009708 (0xf2368a23) mem 0x80015ac4 0x00
core   0: 0x8000970c (0x0250abb3) mulhsu  s7, ra, t0
core   0: 3 0x8000970c (0x0250abb3) x23 0x00000000
core   0: 0x80009710 (0x02248033) mul     zero, s1, sp
core   0: 3 0x80009710 (0x02248033)
core   0: 0x80009714 (0x03976bb3) rem     s7, a4, s9
core   0: 3 0x80009714 (0x03976bb3) x23 0x00000001
core   0: 0x80009718 (0x00005dfd) c.li    s11, -1
core   0: 3 0x80009718 (0x5dfd) x27 0xffffffff
core   0: 0x8000971a (0x8f56cc03) lbu     s8, -1803(a3)
core   0: 3 0x8000971a (0x8f56cc03) x24 0x00000000 mem 0x80015485
core   0: 0x8000971e (0x10f6ae23) sw      a5, 284(a3)
core   0: 3 0x8000971e (0x10f6ae23) mem 0x80015cac 0x00000000
core   0: 0x80009722 (0x03760f33) mul     t5, a2, s7
core   0: 3 0x80009722 (0x03760f33) x30 0x00000000
core   0: 0x80009726 (0x0000960e) c.add   a2, gp
core   0: 3 0x80009726 (0x960e) x12 0x00000000
core   0: 0x80009728 (0x40915c13) srai    s8, sp, 9
core   0: 3 0x80009728 (0x40915c13) x24 0x00000000
core   0: 0x8000972c (0xdc568483) lb      s1, -571(a3)
core   0: 3 0x8000972c (0xdc568483) x9  0x00000000 mem 0x80015955
core   0: 0x80009730 (0x35fbb417) auipc   s0, 0x35fbb
core   0: 3 0x80009730 (0x35fbb417) x8  0xb5fc4730
core   0: 0x80009734 (0x02c7c433) div     s0, a5, a2
core   0: 3 0x80009734 (0x02c7c433) x8  0xffffffff
core   0: 0x80009738 (0x0000876a) c.mv    a4, s10
core   0: 3 0x80009738 (0x876a) x14 0x00000000
core   0: 0x8000973a (0xac968d23) sb      s1, -1318(a3)
core   0: 3 0x8000973a (0xac968d23) mem 0x8001566a 0x00
core   0: 0x8000973e (0xe2668623) sb      t1, -468(a3)
core   0: 3 0x8000973e (0xe2668623) mem 0x800159bc 0x00
core   0: 0x80009742 (0xaed6c283) lbu     t0, -1299(a3)
core   0: 3 0x80009742 (0xaed6c283) x5  0x00000000 mem 0x8001567d
core   0: 0x80009746 (0x00005459) c.li    s0, -10
core   0: 3 0x80009746 (0x5459) x8  0xfffffff6
core   0: 0x80009748 (0x00000001) c.nop
core   0: 3 0x80009748 (0x0001)
core   0: 0x8000974a (0x00000a94) c.addi4spn a3, sp, 336
core   0: 3 0x8000974a (0x0a94) x13 0x00000150
core   0: 0x8000974c (0x00000405) c.addi  s0, 1
core   0: 3 0x8000974c (0x0405) x8  0xfffffff7
core   0: 0x8000974e (0x0000fc75) c.bnez  s0, pc - 4
core   0: 3 0x8000974e (0xfc75)
core   0: 0x8000974a (0x00000a94) c.addi4spn a3, sp, 336
core   0: 3 0x8000974a (0x0a94) x13 0x00000150
core   0: 0x8000974c (0x00000405) c.addi  s0, 1
core   0: 3 0x8000974c (0x0405) x8  0xfffffff8
core   0: 0x8000974e (0x0000fc75) c.bnez  s0, pc - 4
core   0: 3 0x8000974e (0xfc75)
core   0: 0x8000974a (0x00000a94) c.addi4spn a3, sp, 336
core   0: 3 0x8000974a (0x0a94) x13 0x00000150
core   0: 0x8000974c (0x00000405) c.addi  s0, 1
core   0: 3 0x8000974c (0x0405) x8  0xfffffff9
core   0: 0x8000974e (0x0000fc75) c.bnez  s0, pc - 4
core   0: 3 0x8000974e (0xfc75)
core   0: 0x8000974a (0x00000a94) c.addi4spn a3, sp, 336
core   0: 3 0x8000974a (0x0a94) x13 0x00000150
core   0: 0x8000974c (0x00000405) c.addi  s0, 1
core   0: 3 0x8000974c (0x0405) x8  0xfffffffa
core   0: 0x8000974e (0x0000fc75) c.bnez  s0, pc - 4
core   0: 3 0x8000974e (0xfc75)
core   0: 0x8000974a (0x00000a94) c.addi4spn a3, sp, 336
core   0: 3 0x8000974a (0x0a94) x13 0x00000150
core   0: 0x8000974c (0x00000405) c.addi  s0, 1
core   0: 3 0x8000974c (0x0405) x8  0xfffffffb
core   0: 0x8000974e (0x0000fc75) c.bnez  s0, pc - 4
core   0: 3 0x8000974e (0xfc75)
core   0: 0x8000974a (0x00000a94) c.addi4spn a3, sp, 336
core   0: 3 0x8000974a (0x0a94) x13 0x00000150
core   0: 0x8000974c (0x00000405) c.addi  s0, 1
core   0: 3 0x8000974c (0x0405) x8  0xfffffffc
core   0: 0x8000974e (0x0000fc75) c.bnez  s0, pc - 4
core   0: 3 0x8000974e (0xfc75)
core   0: 0x8000974a (0x00000a94) c.addi4spn a3, sp, 336
core   0: 3 0x8000974a (0x0a94) x13 0x00000150
core   0: 0x8000974c (0x00000405) c.addi  s0, 1
core   0: 3 0x8000974c (0x0405) x8  0xfffffffd
core   0: 0x8000974e (0x0000fc75) c.bnez  s0, pc - 4
core   0: 3 0x8000974e (0xfc75)
core   0: 0x8000974a (0x00000a94) c.addi4spn a3, sp, 336
core   0: 3 0x8000974a (0x0a94) x13 0x00000150
core   0: 0x8000974c (0x00000405) c.addi  s0, 1
core   0: 3 0x8000974c (0x0405) x8  0xfffffffe
core   0: 0x8000974e (0x0000fc75) c.bnez  s0, pc - 4
core   0: 3 0x8000974e (0xfc75)
core   0: 0x8000974a (0x00000a94) c.addi4spn a3, sp, 336
core   0: 3 0x8000974a (0x0a94) x13 0x00000150
core   0: 0x8000974c (0x00000405) c.addi  s0, 1
core   0: 3 0x8000974c (0x0405) x8  0xffffffff
core   0: 0x8000974e (0x0000fc75) c.bnez  s0, pc - 4
core   0: 3 0x8000974e (0xfc75)
core   0: 0x8000974a (0x00000a94) c.addi4spn a3, sp, 336
core   0: 3 0x8000974a (0x0a94) x13 0x00000150
core   0: 0x8000974c (0x00000405) c.addi  s0, 1
core   0: 3 0x8000974c (0x0405) x8  0x00000000
core   0: 0x8000974e (0x0000fc75) c.bnez  s0, pc - 4
core   0: 3 0x8000974e (0xfc75)
core   0: 0x80009750 (0x00006745) c.lui   a4, 0x11
core   0: 3 0x80009750 (0x6745) x14 0x00011000
core   0: 0x80009752 (0x0120076f) jal     a4, pc + 0x12
core   0: 3 0x80009752 (0x0120076f) x14 0x80009756
core   0: 0x80009764 (0xff9ff0ef) jal     pc - 0x8
core   0: 3 0x80009764 (0xff9ff0ef) x1  0x80009768
core   0: 0x8000975c (0x00003ffd) c.jal   pc - 2
core   0: 3 0x8000975c (0x3ffd) x1  0x8000975e
core   0: 0x8000975a (0x0000a01d) c.j     pc + 38
core   0: 3 0x8000975a (0xa01d)
core   0: 0x80009780 (0x00003fd5) c.jal   pc - 12
core   0: 3 0x80009780 (0x3fd5) x1  0x80009782
core   0: 0x80009774 (0x0000a811) c.j     pc + 20
core   0: 3 0x80009774 (0xa811)
core   0: 0x80009788 (0xfe9ff36f) jal     t1, pc - 0x18
core   0: 3 0x80009788 (0xfe9ff36f) x6  0x8000978c
core   0: 0x80009770 (0x00002819) c.jal   pc + 22
core   0: 3 0x80009770 (0x2819) x1  0x80009772
core   0: 0x80009786 (0x000037f5) c.jal   pc - 20
core   0: 3 0x80009786 (0x37f5) x1  0x80009788
core   0: 0x80009772 (0x00002019) c.jal   pc + 6
core   0: 3 0x80009772 (0x2019) x1  0x80009774
core   0: 0x80009778 (0x00003ff9) c.jal   pc - 34
core   0: 3 0x80009778 (0x3ff9) x1  0x8000977a
core   0: 0x80009756 (0x018000ef) jal     pc + 0x18
core   0: 3 0x80009756 (0x018000ef) x1  0x8000975a
core   0: 0x8000976e (0x00002031) c.jal   pc + 12
core   0: 3 0x8000976e (0x2031) x1  0x80009770
core   0: 0x8000977a (0x00002009) c.jal   pc + 2
core   0: 3 0x8000977a (0x2009) x1  0x8000977c
core   0: 0x8000977c (0xfe7ffb6f) jal     s6, pc - 0x1a
core   0: 3 0x8000977c (0xfe7ffb6f) x22 0x80009780
core   0: 0x80009762 (0x0000202d) c.jal   pc + 42
core   0: 3 0x80009762 (0x202d) x1  0x80009764
core   0: 0x8000978c (0x00003fdd) c.jal   pc - 10
core   0: 3 0x8000978c (0x3fdd) x1  0x8000978e
core   0: 0x80009782 (0xfdfffbef) jal     s7, pc - 0x22
core   0: 3 0x80009782 (0xfdfffbef) x23 0x80009786
core   0: 0x80009760 (0x00002819) c.jal   pc + 22
core   0: 3 0x80009760 (0x2819) x1  0x80009762
core   0: 0x80009776 (0x0000bfcd) c.j     pc - 14
core   0: 3 0x80009776 (0xbfcd)
core   0: 0x80009768 (0xff7ff0ef) jal     pc - 0xa
core   0: 3 0x80009768 (0xff7ff0ef) x1  0x8000976c
core   0: 0x8000975e (0x0000a039) c.j     pc + 14
core   0: 3 0x8000975e (0xa039)
core   0: 0x8000976c (0x0000a00d) c.j     pc + 34
core   0: 3 0x8000976c (0xa00d)
core   0: 0x8000978e (0x45502a13) slti    s4, zero, 1109
core   0: 3 0x8000978e (0x45502a13) x20 0x00000001
core   0: 0x80009792 (0x0000ce17) auipc   t3, 0xc
core   0: 3 0x80009792 (0x0000ce17) x28 0x80015792
core   0: 0x80009796 (0x681e0e13) addi    t3, t3, 1665
core   0: 3 0x80009796 (0x681e0e13) x28 0x80015e13
core   0: 0x8000979a (0xfdbe4183) lbu     gp, -37(t3)
core   0: 3 0x8000979a (0xfdbe4183) x3  0x00000000 mem 0x80015dee
core   0: 0x8000979e (0x00009b4e) c.add   s6, s3
core   0: 3 0x8000979e (0x9b4e) x22 0x80009780
core   0: 0x800097a0 (0xfc7e1da3) sh      t2, -37(t3)
core   0: 3 0x800097a0 (0xfc7e1da3) mem 0x80015dee 0x0000
core   0: 0x800097a4 (0xfc1e0f83) lb      t6, -63(t3)
core   0: 3 0x800097a4 (0xfc1e0f83) x31 0x00000000 mem 0x80015dd4
core   0: 0x800097a8 (0xfc5e20a3) sw      t0, -63(t3)
core   0: 3 0x800097a8 (0xfc5e20a3) mem 0x80015dd4 0x00000000
core   0: 0x800097ac (0xfc1e4f03) lbu     t5, -63(t3)
core   0: 3 0x800097ac (0xfc1e4f03) x30 0x00000000 mem 0x80015dd4
core   0: 0x800097b0 (0x031e05a3) sb      a7, 43(t3)
core   0: 3 0x800097b0 (0x031e05a3) mem 0x80015e3e 0xe4
core   0: 0x800097b4 (0x02ce15a3) sh      a2, 43(t3)
core   0: 3 0x800097b4 (0x02ce15a3) mem 0x80015e3e 0x0000
core   0: 0x800097b8 (0x008d1d33) sll     s10, s10, s0
core   0: 3 0x800097b8 (0x008d1d33) x26 0x00000000
core   0: 0x800097bc (0x02be4a03) lbu     s4, 43(t3)
core   0: 3 0x800097bc (0x02be4a03) x20 0x00000000 mem 0x80015e3e
core   0: 0x800097c0 (0x00ee0d03) lb      s10, 14(t3)
core   0: 3 0x800097c0 (0x00ee0d03) x26 0x00000000 mem 0x80015e21
core   0: 0x800097c4 (0x002e0723) sb      sp, 14(t3)
core   0: 3 0x800097c4 (0x002e0723) mem 0x80015e21 0x00
core   0: 0x800097c8 (0x008e4d03) lbu     s10, 8(t3)
core   0: 3 0x800097c8 (0x008e4d03) x26 0x00000000 mem 0x80015e1b
core   0: 0x800097cc (0x00004495) c.li    s1, 5
core   0: 3 0x800097cc (0x4495) x9  0x00000005
core   0: 0x800097ce (0x41d583b3) sub     t2, a1, t4
core   0: 3 0x800097ce (0x41d583b3) x7  0x80025e44
core   0: 0x800097d2 (0x41ccdeb3) sra     t4, s9, t3
core   0: 3 0x800097d2 (0x41ccdeb3) x29 0x00000000
core   0: 0x800097d6 (0x7971cc93) xori    s9, gp, 1943
core   0: 3 0x800097d6 (0x7971cc93) x25 0x00000797
core   0: 0x800097da (0x00008f35) c.xor   a4, a3
core   0: 3 0x800097da (0x8f35) x14 0x80009606
core   0: 0x800097dc (0x00008eb5) c.xor   a3, a3
core   0: 3 0x800097dc (0x8eb5) x13 0x00000000
core   0: 0x800097de (0x0302a7b3) mulhsu  a5, t0, a6
core   0: 3 0x800097de (0x0302a7b3) x15 0x00000000
core   0: 0x800097e2 (0x00006089) c.lui   ra, 0x2
core   0: 3 0x800097e2 (0x6089) x1  0x00002000
core   0: 0x800097e4 (0x00008c19) c.sub   s0, a4
core   0: 3 0x800097e4 (0x8c19) x8  0x7fff69fa
core   0: 0x800097e6 (0x00000001) c.nop
core   0: 3 0x800097e6 (0x0001)
core   0: 0x800097e8 (0x00008f9d) c.sub   a5, a5
core   0: 3 0x800097e8 (0x8f9d) x15 0x00000000
core   0: 0x800097ea (0x00000001) c.nop
core   0: 3 0x800097ea (0x0001)
core   0: 0x800097ec (0x00000952) c.slli  s2, 20
core   0: 3 0x800097ec (0x0952) x18 0x00000000
core   0: 0x800097ee (0x00000001) c.nop
core   0: 3 0x800097ee (0x0001)
core   0: 0x800097f0 (0x00008ed5) c.or    a3, a3
core   0: 3 0x800097f0 (0x8ed5) x13 0x00000000
core   0: 0x800097f2 (0x000014ed) c.addi  s1, -5
core   0: 3 0x800097f2 (0x14ed) x9  0x00000000
core   0: 0x800097f4 (0x00004621) c.li    a2, 8
core   0: 3 0x800097f4 (0x4621) x12 0x00000008
core   0: 0x800097f6 (0x007a49b3) xor     s3, s4, t2
core   0: 3 0x800097f6 (0x007a49b3) x19 0x80025e44
core   0: 0x800097fa (0x00004f9d) c.li    t6, 7
core   0: 3 0x800097fa (0x4f9d) x31 0x00000007
core   0: 0x800097fc (0x00b61413) slli    s0, a2, 11
core   0: 3 0x800097fc (0x00b61413) x8  0x00004000
core   0: 0x80009800 (0xad8dee93) ori     t4, s11, -1320
core   0: 3 0x80009800 (0xad8dee93) x29 0xffffffff
core   0: 0x80009804 (0x022c9bb3) mulh    s7, s9, sp
core   0: 3 0x80009804 (0x022c9bb3) x23 0x00000000
core   0: 0x80009808 (0x00001671) c.addi  a2, -4
core   0: 3 0x80009808 (0x1671) x12 0x00000004
core   0: 0x8000980a (0x00009bc6) c.add   s7, a7
core   0: 3 0x8000980a (0x9bc6) x23 0x80029ce4
core   0: 0x8000980c (0x00000001) c.nop
core   0: 3 0x8000980c (0x0001)
core   0: 0x8000980e (0x00000001) c.nop
core   0: 3 0x8000980e (0x0001)
core   0: 0x80009810 (0x00008c45) c.or    s0, s1
core   0: 3 0x80009810 (0x8c45) x8  0x00004000
core   0: 0x80009812 (0xfff677e3) bgeu    a2, t6, pc - 18
core   0: 3 0x80009812 (0xfff677e3)
core   0: 0x80009816 (0x00000e3d) c.addi  t3, 15
core   0: 3 0x80009816 (0x0e3d) x28 0x80015e22
core   0: 0x80009818 (0x0000044a) c.slli  s0, 18
core   0: 3 0x80009818 (0x044a) x8  0x00000000
core   0: 0x8000981a (0x0000d8e1) c.beqz  s1, pc - 48
core   0: 3 0x8000981a (0xd8e1)
core   0: 0x800097ea (0x00000001) c.nop
core   0: 3 0x800097ea (0x0001)
core   0: 0x800097ec (0x00000952) c.slli  s2, 20
core   0: 3 0x800097ec (0x0952) x18 0x00000000
core   0: 0x800097ee (0x00000001) c.nop
core   0: 3 0x800097ee (0x0001)
core   0: 0x800097f0 (0x00008ed5) c.or    a3, a3
core   0: 3 0x800097f0 (0x8ed5) x13 0x00000000
core   0: 0x800097f2 (0x000014ed) c.addi  s1, -5
core   0: 3 0x800097f2 (0x14ed) x9  0xfffffffb
core   0: 0x800097f4 (0x00004621) c.li    a2, 8
core   0: 3 0x800097f4 (0x4621) x12 0x00000008
core   0: 0x800097f6 (0x007a49b3) xor     s3, s4, t2
core   0: 3 0x800097f6 (0x007a49b3) x19 0x80025e44
core   0: 0x800097fa (0x00004f9d) c.li    t6, 7
core   0: 3 0x800097fa (0x4f9d) x31 0x00000007
core   0: 0x800097fc (0x00b61413) slli    s0, a2, 11
core   0: 3 0x800097fc (0x00b61413) x8  0x00004000
core   0: 0x80009800 (0xad8dee93) ori     t4, s11, -1320
core   0: 3 0x80009800 (0xad8dee93) x29 0xffffffff
core   0: 0x80009804 (0x022c9bb3) mulh    s7, s9, sp
core   0: 3 0x80009804 (0x022c9bb3) x23 0x00000000
core   0: 0x80009808 (0x00001671) c.addi  a2, -4
core   0: 3 0x80009808 (0x1671) x12 0x00000004
core   0: 0x8000980a (0x00009bc6) c.add   s7, a7
core   0: 3 0x8000980a (0x9bc6) x23 0x80029ce4
core   0: 0x8000980c (0x00000001) c.nop
core   0: 3 0x8000980c (0x0001)
core   0: 0x8000980e (0x00000001) c.nop
core   0: 3 0x8000980e (0x0001)
core   0: 0x80009810 (0x00008c45) c.or    s0, s1
core   0: 3 0x80009810 (0x8c45) x8  0xfffffffb
core   0: 0x80009812 (0xfff677e3) bgeu    a2, t6, pc - 18
core   0: 3 0x80009812 (0xfff677e3)
core   0: 0x80009816 (0x00000e3d) c.addi  t3, 15
core   0: 3 0x80009816 (0x0e3d) x28 0x80015e31
core   0: 0x80009818 (0x0000044a) c.slli  s0, 18
core   0: 3 0x80009818 (0x044a) x8  0xffec0000
core   0: 0x8000981a (0x0000d8e1) c.beqz  s1, pc - 48
core   0: 3 0x8000981a (0xd8e1)
core   0: 0x8000981c (0x016b39b3) sltu    s3, s6, s6
core   0: 3 0x8000981c (0x016b39b3) x19 0x00000000
core   0: 0x80009820 (0x00007117) auipc   sp, 0x7
core   0: 3 0x80009820 (0x00007117) x2  0x80010820
core   0: 0x80009824 (0x65510113) addi    sp, sp, 1621
core   0: 3 0x80009824 (0x65510113) x2  0x80010e75
core   0: 0x80009828 (0xff414903) lbu     s2, -12(sp)
core   0: 3 0x80009828 (0xff414903) x18 0x00000000 mem 0x80010e69
core   0: 0x8000982c (0x00006445) c.lui   s0, 0x11
core   0: 3 0x8000982c (0x6445) x8  0x00011000
core   0: 0x8000982e (0x000082a1) c.srli  a3, 8
core   0: 3 0x8000982e (0x82a1) x13 0x00000000
core   0: 0x80009830 (0x01d90433) add     s0, s2, t4
core   0: 3 0x80009830 (0x01d90433) x8  0xffffffff
core   0: 0x80009834 (0x00712683) lw      a3, 7(sp)
core   0: 3 0x80009834 (0x00712683) x13 0x00000000 mem 0x80010e7c
core   0: 0x80009838 (0x00410683) lb      a3, 4(sp)
core   0: 3 0x80009838 (0x00410683) x13 0x00000000 mem 0x80010e79
core   0: 0x8000983c (0xfe811ca3) sh      s0, -7(sp)
core   0: 3 0x8000983c (0xfe811ca3) mem 0x80010e6e 0xffff
core   0: 0x80009840 (0x012a4933) xor     s2, s4, s2
core   0: 3 0x80009840 (0x012a4933) x18 0x00000000
core   0: 0x80009844 (0x00008ec1) c.or    a3, s0
core   0: 3 0x80009844 (0x8ec1) x13 0xffffffff
core   0: 0x80009846 (0x00712903) lw      s2, 7(sp)
core   0: 3 0x80009846 (0x00712903) x18 0x00000000 mem 0x80010e7c
core   0: 0x8000984a (0x5a4a6413) ori     s0, s4, 1444
core   0: 3 0x8000984a (0x5a4a6413) x8  0x000005a4
core   0: 0x8000984e (0x000096a2) c.add   a3, s0
core   0: 3 0x8000984e (0x96a2) x13 0x000005a3
core   0: 0x80009850 (0x01def6b3) and     a3, t4, t4
core   0: 3 0x80009850 (0x01def6b3) x13 0xffffffff
core   0: 0x80009854 (0x00914903) lbu     s2, 9(sp)
core   0: 3 0x80009854 (0x00914903) x18 0x00000000 mem 0x80010e7e
core   0: 0x80009858 (0x006a5913) srli    s2, s4, 6
core   0: 3 0x80009858 (0x006a5913) x18 0x00000000
core   0: 0x8000985c (0x028436b3) mulhu   a3, s0, s0
core   0: 3 0x8000985c (0x028436b3) x13 0x00000000
core   0: 0x80009860 (0xff810ca3) sb      s8, -7(sp)
core   0: 3 0x80009860 (0xff810ca3) mem 0x80010e6e 0x00
core   0: 0x80009864 (0xff210b23) sb      s2, -10(sp)
core   0: 3 0x80009864 (0xff210b23) mem 0x80010e6b 0x00
core   0: 0x80009868 (0xfe810ea3) sb      s0, -3(sp)
core   0: 3 0x80009868 (0xfe810ea3) mem 0x80010e72 0xa4
core   0: 0x8000986c (0x9c5c06b7) lui     a3, 0x9c5c0
core   0: 3 0x8000986c (0x9c5c06b7) x13 0x9c5c0000
core   0: 0x80009870 (0x67cc2693) slti    a3, s8, 1660
core   0: 3 0x80009870 (0x67cc2693) x13 0x00000001
core   0: 0x80009874 (0x0ca40913) addi    s2, s0, 202
core   0: 3 0x80009874 (0x0ca40913) x18 0x0000066e
core   0: 0x80009878 (0xff410823) sb      s4, -16(sp)
core   0: 3 0x80009878 (0xff410823) mem 0x80010e65 0x00
core   0: 0x8000987c (0x00715e83) lhu     t4, 7(sp)
core   0: 3 0x8000987c (0x00715e83) x29 0x00000000 mem 0x80010e7c
core   0: 0x80009880 (0x02d93433) mulhu   s0, s2, a3
core   0: 3 0x80009880 (0x02d93433) x8  0x00000000
core   0: 0x80009884 (0xff210e83) lb      t4, -14(sp)
core   0: 3 0x80009884 (0xff210e83) x29 0x00000000 mem 0x80010e67
core   0: 0x80009888 (0xd0aba917) auipc   s2, 0xd0aba
core   0: 3 0x80009888 (0xd0aba917) x18 0x50ac3888
core   0: 0x8000988c (0xff010903) lb      s2, -16(sp)
core   0: 3 0x8000988c (0xff010903) x18 0x00000000 mem 0x80010e65
core   0: 0x80009890 (0x88fe8913) addi    s2, t4, -1905
core   0: 3 0x80009890 (0x88fe8913) x18 0xfffff88f
core   0: 0x80009894 (0x034eac33) mulhsu  s8, t4, s4
core   0: 3 0x80009894 (0x034eac33) x24 0x00000000
core   0: 0x80009898 (0x014eba33) sltu    s4, t4, s4
core   0: 3 0x80009898 (0x014eba33) x20 0x00000000
core   0: 0x8000989c (0x01868a33) add     s4, a3, s8
core   0: 3 0x8000989c (0x01868a33) x20 0x00000001
core   0: 0x800098a0 (0x00f10903) lb      s2, 15(sp)
core   0: 3 0x800098a0 (0x00f10903) x18 0x00000000 mem 0x80010e84
core   0: 0x800098a4 (0xfff10403) lb      s0, -1(sp)
core   0: 3 0x800098a4 (0xfff10403) x8  0x00000000 mem 0x80010e74
core   0: 0x800098a8 (0x01d10423) sb      t4, 8(sp)
core   0: 3 0x800098a8 (0x01d10423) mem 0x80010e7d 0x00
core   0: 0x800098ac (0xfed10823) sb      a3, -16(sp)
core   0: 3 0x800098ac (0xfed10823) mem 0x80010e65 0x01
core   0: 0x800098b0 (0x00d47933) and     s2, s0, a3
core   0: 3 0x800098b0 (0x00d47933) x18 0x00000000
core   0: 0x800098b4 (0x03445c33) divu    s8, s0, s4
core   0: 3 0x800098b4 (0x03445c33) x24 0x00000000
core   0: 0x800098b8 (0x02d97433) remu    s0, s2, a3
core   0: 3 0x800098b8 (0x02d97433) x8  0x00000000
core   0: 0x800098bc (0x01d10823) sb      t4, 16(sp)
core   0: 3 0x800098bc (0x01d10823) mem 0x80010e85 0x00
core   0: 0x800098c0 (0x00004a7d) c.li    s4, 31
core   0: 3 0x800098c0 (0x4a7d) x20 0x0000001f
core   0: 0x800098c2 (0x005ed913) srli    s2, t4, 5
core   0: 3 0x800098c2 (0x005ed913) x18 0x00000000
core   0: 0x800098c6 (0x00210903) lb      s2, 2(sp)
core   0: 3 0x800098c6 (0x00210903) x18 0x00000000 mem 0x80010e77
core   0: 0x800098ca (0x025090b3) mulh    ra, ra, t0
core   0: 3 0x800098ca (0x025090b3) x1  0x00000000
core   0: 0x800098ce (0x027f6fb3) rem     t6, t5, t2
core   0: 3 0x800098ce (0x027f6fb3) x31 0x00000000
core   0: 0x800098d2 (0xdfb77113) andi    sp, a4, -517
core   0: 3 0x800098d2 (0xdfb77113) x2  0x80009402
core   0: 0x800098d6 (0x0000147d) c.addi  s0, -1
core   0: 3 0x800098d6 (0x147d) x8  0xffffffff
core   0: 0x800098d8 (0x00821c63) bne     tp, s0, pc + 24
core   0: 3 0x800098d8 (0x00821c63)
core   0: 0x800098f0 (0x0112dc63) bge     t0, a7, pc + 24
core   0: 3 0x800098f0 (0x0112dc63)
core   0: 0x80009908 (0x00006145) c.addi16sp sp, 48
core   0: 3 0x80009908 (0x6145) x2  0x80009432
core   0: 0x8000990a (0x00000d2e) c.slli  s10, 11
core   0: 3 0x8000990a (0x0d2e) x26 0x00000000
core   0: 0x8000990c (0x0067deb3) srl     t4, a5, t1
core   0: 3 0x8000990c (0x0067deb3) x29 0x00000000
core   0: 0x80009910 (0x00a85263) bge     a6, a0, pc + 4
core   0: 3 0x80009910 (0x00a85263)
core   0: 0x80009914 (0x0000866a) c.mv    a2, s10
core   0: 3 0x80009914 (0x866a) x12 0x00000000
core   0: 0x80009916 (0x406702b3) sub     t0, a4, t1
core   0: 3 0x80009916 (0x406702b3) x5  0xfffffe7a
core   0: 0x8000991a (0xb136c517) auipc   a0, 0xb136c
core   0: 3 0x8000991a (0xb136c517) x10 0x3137591a
core   0: 0x8000991e (0x40b80733) sub     a4, a6, a1
core   0: 3 0x8000991e (0x40b80733) x14 0xf7eccbbb
core   0: 0x80009922 (0xf9306a17) auipc   s4, 0xf9306
core   0: 3 0x80009922 (0xf9306a17) x20 0x7930f922
core   0: 0x80009926 (0x418f0cb3) sub     s9, t5, s8
core   0: 3 0x80009926 (0x418f0cb3) x25 0x00000000
core   0: 0x8000992a (0xf8060e93) addi    t4, a2, -128
core   0: 3 0x8000992a (0xf8060e93) x29 0xffffff80
core   0: 0x8000992e (0x005f1b13) slli    s6, t5, 5
core   0: 3 0x8000992e (0x005f1b13) x22 0x00000000
core   0: 0x80009932 (0x00000088) c.addi4spn a0, sp, 64
core   0: 3 0x80009932 (0x0088) x10 0x80009472
core   0: 0x80009934 (0x00a1cdb3) xor     s11, gp, a0
core   0: 3 0x80009934 (0x00a1cdb3) x27 0x80009472
core   0: 0x80009938 (0x41ef0ab3) sub     s5, t5, t5
core   0: 3 0x80009938 (0x41ef0ab3) x21 0x00000000
core   0: 0x8000993c (0x00a45663) bge     s0, a0, pc + 12
core   0: 3 0x8000993c (0x00a45663)
core   0: 0x80009948 (0x00000284) c.addi4spn s1, sp, 320
core   0: 3 0x80009948 (0x0284) x9  0x80009572
core   0: 0x8000994a (0x010429b3) slt     s3, s0, a6
core   0: 3 0x8000994a (0x010429b3) x19 0x00000001
core   0: 0x8000994e (0x00006165) c.addi16sp sp, 112
core   0: 3 0x8000994e (0x6165) x2  0x800094a2
core   0: 0x80009950 (0x03da7c63) bgeu    s4, t4, pc + 56
core   0: 3 0x80009950 (0x03da7c63)
core   0: 0x80009954 (0x004b3733) sltu    a4, s6, tp
core   0: 3 0x80009954 (0x004b3733) x14 0x00000001
core   0: 0x80009958 (0x0202e1b3) rem     gp, t0, zero
core   0: 3 0x80009958 (0x0202e1b3) x3  0xfffffe7a
core   0: 0x8000995c (0x01fbb133) sltu    sp, s7, t6
core   0: 3 0x8000995c (0x01fbb133) x2  0x00000000
core   0: 0x80009960 (0x0187c0b3) xor     ra, a5, s8
core   0: 3 0x80009960 (0x0187c0b3) x1  0x00000000
core   0: 0x80009964 (0x03718263) beq     gp, s7, pc + 36
core   0: 3 0x80009964 (0x03718263)
core   0: 0x80009968 (0x01aefa63) bgeu    t4, s10, pc + 20
core   0: 3 0x80009968 (0x01aefa63)
core   0: 0x8000997c (0xef91b113) sltiu   sp, gp, -263
core   0: 3 0x8000997c (0xef91b113) x2  0x00000001
core   0: 0x80009980 (0x0359fdb3) remu    s11, s3, s5
core   0: 3 0x80009980 (0x0359fdb3) x27 0x00000001
core   0: 0x80009984 (0x0337f433) remu    s0, a5, s3
core   0: 3 0x80009984 (0x0337f433) x8  0x00000000
core   0: 0x80009988 (0x012eb733) sltu    a4, t4, s2
core   0: 3 0x80009988 (0x012eb733) x14 0x00000000
core   0: 0x8000998c (0x00d939b3) sltu    s3, s2, a3
core   0: 3 0x8000998c (0x00d939b3) x19 0x00000001
core   0: 0x80009990 (0x00000001) c.nop
core   0: 3 0x80009990 (0x0001)
core   0: 0x80009992 (0x02fd6533) rem     a0, s10, a5
core   0: 3 0x80009992 (0x02fd6533) x10 0x00000000
core   0: 0x80009996 (0x00335033) srl     zero, t1, gp
core   0: 3 0x80009996 (0x00335033)
core   0: 0x8000999a (0x01efd493) srli    s1, t6, 30
core   0: 3 0x8000999a (0x01efd493) x9  0x00000000
core   0: 0x8000999e (0x0316fd63) bgeu    a3, a7, pc + 58
core   0: 3 0x8000999e (0x0316fd63)
core   0: 0x800099a2 (0x0336fe63) bgeu    a3, s3, pc + 60
core   0: 3 0x800099a2 (0x0336fe63)
core   0: 0x800099de (0x94846e93) ori     t4, s0, -1720
core   0: 3 0x800099de (0x94846e93) x29 0xfffff948
core   0: 0x800099e2 (0x3ec22a93) slti    s5, tp, 1004
core   0: 3 0x800099e2 (0x3ec22a93) x21 0x00000000
core   0: 0x800099e6 (0x00006175) c.addi16sp sp, 368
core   0: 3 0x800099e6 (0x6175) x2  0x00000171
core   0: 0x800099e8 (0xba6ded93) ori     s11, s11, -1114
core   0: 3 0x800099e8 (0xba6ded93) x27 0xfffffba7
core   0: 0x800099ec (0x00000001) c.nop
core   0: 3 0x800099ec (0x0001)
core   0: 0x800099ee (0x02f3f733) remu    a4, t2, a5
core   0: 3 0x800099ee (0x02f3f733) x14 0x80025e44
core   0: 0x800099f2 (0xaf1d1197) auipc   gp, 0xaf1d1
core   0: 3 0x800099f2 (0xaf1d1197) x3  0x2f1da9f2
core   0: 0x800099f6 (0x03df37b3) mulhu   a5, t5, t4
core   0: 3 0x800099f6 (0x03df37b3) x15 0x00000000
core   0: 0x800099fa (0x4113deb3) sra     t4, t2, a7
core   0: 3 0x800099fa (0x4113deb3) x29 0xf80025e4
core   0: 0x800099fe (0x034e4963) blt     t3, s4, pc + 50
core   0: 3 0x800099fe (0x034e4963)
core   0: 0x80009a30 (0x77d8b293) sltiu   t0, a7, 1917
core   0: 3 0x80009a30 (0x77d8b293) x5  0x00000000
core   0: 0x80009a34 (0x00485b33) srl     s6, a6, tp
core   0: 3 0x80009a34 (0x00485b33) x22 0x1dfbca7f
core   0: 0x80009a38 (0x00dbd7b3) srl     a5, s7, a3
core   0: 3 0x80009a38 (0x00dbd7b3) x15 0x40014e72
core   0: 0x80009a3c (0x0000c80d) c.beqz  s0, pc + 50
core   0: 3 0x80009a3c (0xc80d)
core   0: 0x80009a6e (0x0159b2b3) sltu    t0, s3, s5
core   0: 3 0x80009a6e (0x0159b2b3) x5  0x00000000
core   0: 0x80009a72 (0x003fcd63) blt     t6, gp, pc + 26
core   0: 3 0x80009a72 (0x003fcd63)
core   0: 0x80009a8c (0x00008a0d) c.andi  a2, 3
core   0: 3 0x80009a8c (0x8a0d) x12 0x00000000
core   0: 0x80009a8e (0xba304293) xori    t0, zero, -1117
core   0: 3 0x80009a8e (0xba304293) x5  0xfffffba3
core   0: 0x80009a92 (0x2e206cb7) lui     s9, 0x2e206
core   0: 3 0x80009a92 (0x2e206cb7) x25 0x2e206000
core   0: 0x80009a96 (0x00000001) c.nop
core   0: 3 0x80009a96 (0x0001)
core   0: 0x80009a98 (0xffffec17) auipc   s8, 0xffffe
core   0: 3 0x80009a98 (0xffffec17) x24 0x80007a98
core   0: 0x80009a9c (0x7fec0c13) addi    s8, s8, 2046
core   0: 3 0x80009a9c (0x7fec0c13) x24 0x80008296
core   0: 0x80009aa0 (0x027169b3) rem     s3, sp, t2
core   0: 3 0x80009aa0 (0x027169b3) x19 0x00000171
core   0: 0x80009aa4 (0xe65c0c13) addi    s8, s8, -411
core   0: 3 0x80009aa4 (0xe65c0c13) x24 0x800080fb
core   0: 0x80009aa8 (0xc6f16b13) ori     s6, sp, -913
core   0: 3 0x80009aa8 (0xc6f16b13) x22 0xfffffd7f
core   0: 0x80009aac (0x6662fe17) auipc   t3, 0x6662f
core   0: 3 0x80009aac (0x6662fe17) x28 0xe6638aac
core   0: 0x80009ab0 (0x0000997d) c.andi  a0, -1
core   0: 3 0x80009ab0 (0x997d) x10 0x00000000
core   0: 0x80009ab2 (0x40ce0733) sub     a4, t3, a2
core   0: 3 0x80009ab2 (0x40ce0733) x14 0xe6638aac
core   0: 0x80009ab6 (0x00008e06) c.mv    t3, ra
core   0: 3 0x80009ab6 (0x8e06) x28 0x00000000
core   0: 0x80009ab8 (0x03bbdbb3) divu    s7, s7, s11
core   0: 3 0x80009ab8 (0x03bbdbb3) x23 0x00000000
core   0: 0x80009abc (0x02e9f3b3) remu    t2, s3, a4
core   0: 3 0x80009abc (0x02e9f3b3) x7  0x00000171
core   0: 0x80009ac0 (0x19cc0767) jalr    a4, s8, 412
core   0: 3 0x80009ac0 (0x19cc0767) x14 0x80009ac4
core   0: 0x80008296 (0x01da7663) bgeu    s4, t4, pc + 12
core   0: 3 0x80008296 (0x01da7663)
core   0: 0x8000829a (0x02a97bb3) remu    s7, s2, a0
core   0: 3 0x8000829a (0x02a97bb3) x23 0x00000000
core   0: 0x8000829e (0x011fddb3) srl     s11, t6, a7
core   0: 3 0x8000829e (0x011fddb3) x27 0x00000000
core   0: 0x800082a2 (0xfc458593) addi    a1, a1, -60
core   0: 3 0x800082a2 (0xfc458593) x11 0x80025e08
core   0: 0x800082a6 (0x0000c1d8) c.sw    a4, 4(a1)
core   0: 3 0x800082a6 (0xc1d8) mem 0x80025e0c 0x80009ac4
core   0: 0x800082a8 (0xabc3e297) auipc   t0, 0xabc3e
core   0: 3 0x800082a8 (0xabc3e297) x5  0x2bc462a8
core   0: 0x800082ac (0x00004505) c.li    a0, 1
core   0: 3 0x800082ac (0x4505) x10 0x00000001
core   0: 0x800082ae (0x00008772) c.mv    a4, t3
core   0: 3 0x800082ae (0x8772) x14 0x00000000
core   0: 0x800082b0 (0x00740333) add     t1, s0, t2
core   0: 3 0x800082b0 (0x00740333) x6  0x00000171
core   0: 0x800082b4 (0x004c3cb3) sltu    s9, s8, tp
core   0: 3 0x800082b4 (0x004c3cb3) x25 0x00000000
core   0: 0x800082b8 (0x000052c5) c.li    t0, -15
core   0: 3 0x800082b8 (0x52c5) x5  0xfffffff1
core   0: 0x800082ba (0x00008c5d) c.or    s0, a5
core   0: 3 0x800082ba (0x8c5d) x8  0x40014e72
core   0: 0x800082bc (0x00001561) c.addi  a0, -8
core   0: 3 0x800082bc (0x1561) x10 0xfffffff9
core   0: 0x800082be (0x00008f49) c.or    a4, a0
core   0: 3 0x800082be (0x8f49) x14 0xfffffff9
core   0: 0x800082c0 (0x139e3313) sltiu   t1, t3, 313
core   0: 3 0x800082c0 (0x139e3313) x6  0x00000001
core   0: 0x800082c4 (0x00004e81) c.li    t4, 0
core   0: 3 0x800082c4 (0x4e81) x29 0x00000000
core   0: 0x800082c6 (0x02cfde33) divu    t3, t6, a2
core   0: 3 0x800082c6 (0x02cfde33) x28 0xffffffff
core   0: 0x800082ca (0xdfee6f93) ori     t6, t3, -514
core   0: 3 0x800082ca (0xdfee6f93) x31 0xffffffff
core   0: 0x800082ce (0x00004145) c.li    sp, 17
core   0: 3 0x800082ce (0x4145) x2  0x00000011
core   0: 0x800082d0 (0x033b8a33) mul     s4, s7, s3
core   0: 3 0x800082d0 (0x033b8a33) x20 0x00000000
core   0: 0x800082d4 (0x014c49b3) xor     s3, s8, s4
core   0: 3 0x800082d4 (0x014c49b3) x19 0x800080fb
core   0: 0x800082d8 (0x03a3df33) divu    t5, t2, s10
core   0: 3 0x800082d8 (0x03a3df33) x30 0xffffffff
core   0: 0x800082dc (0x00000089) c.addi  ra, 2
core   0: 3 0x800082dc (0x0089) x1  0x00000002
core   0: 0x800082de (0x00008361) c.srli  a4, 24
core   0: 3 0x800082de (0x8361) x14 0x000000ff
core   0: 0x800082e0 (0x0288e933) rem     s2, a7, s0
core   0: 3 0x800082e0 (0x0288e933) x18 0xc003eb56
core   0: 0x800082e4 (0x00277433) and     s0, a4, sp
core   0: 3 0x800082e4 (0x00277433) x8  0x00000011
core   0: 0x800082e8 (0x41e80db3) sub     s11, a6, t5
core   0: 3 0x800082e8 (0x41e80db3) x27 0x77ef2a00
core   0: 0x800082ec (0x5c780913) addi    s2, a6, 1479
core   0: 3 0x800082ec (0x5c780913) x18 0x77ef2fc6
core   0: 0x800082f0 (0x000063bd) c.lui   t2, 0xf
core   0: 3 0x800082f0 (0x63bd) x7  0x0000f000
core   0: 0x800082f2 (0x00000ea9) c.addi  t4, 10
core   0: 3 0x800082f2 (0x0ea9) x29 0x0000000a
core   0: 0x800082f4 (0xfe2ee2e3) bltu    t4, sp, pc - 28
core   0: 3 0x800082f4 (0xfe2ee2e3)
core   0: 0x800082d8 (0x03a3df33) divu    t5, t2, s10
core   0: 3 0x800082d8 (0x03a3df33) x30 0xffffffff
core   0: 0x800082dc (0x00000089) c.addi  ra, 2
core   0: 3 0x800082dc (0x0089) x1  0x00000004
core   0: 0x800082de (0x00008361) c.srli  a4, 24
core   0: 3 0x800082de (0x8361) x14 0x00000000
core   0: 0x800082e0 (0x0288e933) rem     s2, a7, s0
core   0: 3 0x800082e0 (0x0288e933) x18 0xfffffff2
core   0: 0x800082e4 (0x00277433) and     s0, a4, sp
core   0: 3 0x800082e4 (0x00277433) x8  0x00000000
core   0: 0x800082e8 (0x41e80db3) sub     s11, a6, t5
core   0: 3 0x800082e8 (0x41e80db3) x27 0x77ef2a00
core   0: 0x800082ec (0x5c780913) addi    s2, a6, 1479
core   0: 3 0x800082ec (0x5c780913) x18 0x77ef2fc6
core   0: 0x800082f0 (0x000063bd) c.lui   t2, 0xf
core   0: 3 0x800082f0 (0x63bd) x7  0x0000f000
core   0: 0x800082f2 (0x00000ea9) c.addi  t4, 10
core   0: 3 0x800082f2 (0x0ea9) x29 0x00000014
core   0: 0x800082f4 (0xfe2ee2e3) bltu    t4, sp, pc - 28
core   0: 3 0x800082f4 (0xfe2ee2e3)
core   0: 0x800082f8 (0x000001a6) c.slli  gp, 9
core   0: 3 0x800082f8 (0x01a6) x3  0x3b53e400
core   0: 0x800082fa (0xfc5550e3) bge     a0, t0, pc - 64
core   0: 3 0x800082fa (0xfc5550e3)
core   0: 0x800082ba (0x00008c5d) c.or    s0, a5
core   0: 3 0x800082ba (0x8c5d) x8  0x40014e72
core   0: 0x800082bc (0x00001561) c.addi  a0, -8
core   0: 3 0x800082bc (0x1561) x10 0xfffffff1
core   0: 0x800082be (0x00008f49) c.or    a4, a0
core   0: 3 0x800082be (0x8f49) x14 0xfffffff1
core   0: 0x800082c0 (0x139e3313) sltiu   t1, t3, 313
core   0: 3 0x800082c0 (0x139e3313) x6  0x00000000
core   0: 0x800082c4 (0x00004e81) c.li    t4, 0
core   0: 3 0x800082c4 (0x4e81) x29 0x00000000
core   0: 0x800082c6 (0x02cfde33) divu    t3, t6, a2
core   0: 3 0x800082c6 (0x02cfde33) x28 0xffffffff
core   0: 0x800082ca (0xdfee6f93) ori     t6, t3, -514
core   0: 3 0x800082ca (0xdfee6f93) x31 0xffffffff
core   0: 0x800082ce (0x00004145) c.li    sp, 17
core   0: 3 0x800082ce (0x4145) x2  0x00000011
core   0: 0x800082d0 (0x033b8a33) mul     s4, s7, s3
core   0: 3 0x800082d0 (0x033b8a33) x20 0x00000000
core   0: 0x800082d4 (0x014c49b3) xor     s3, s8, s4
core   0: 3 0x800082d4 (0x014c49b3) x19 0x800080fb
core   0: 0x800082d8 (0x03a3df33) divu    t5, t2, s10
core   0: 3 0x800082d8 (0x03a3df33) x30 0xffffffff
core   0: 0x800082dc (0x00000089) c.addi  ra, 2
core   0: 3 0x800082dc (0x0089) x1  0x00000006
core   0: 0x800082de (0x00008361) c.srli  a4, 24
core   0: 3 0x800082de (0x8361) x14 0x000000ff
core   0: 0x800082e0 (0x0288e933) rem     s2, a7, s0
core   0: 3 0x800082e0 (0x0288e933) x18 0xc003eb56
core   0: 0x800082e4 (0x00277433) and     s0, a4, sp
core   0: 3 0x800082e4 (0x00277433) x8  0x00000011
core   0: 0x800082e8 (0x41e80db3) sub     s11, a6, t5
core   0: 3 0x800082e8 (0x41e80db3) x27 0x77ef2a00
core   0: 0x800082ec (0x5c780913) addi    s2, a6, 1479
core   0: 3 0x800082ec (0x5c780913) x18 0x77ef2fc6
core   0: 0x800082f0 (0x000063bd) c.lui   t2, 0xf
core   0: 3 0x800082f0 (0x63bd) x7  0x0000f000
core   0: 0x800082f2 (0x00000ea9) c.addi  t4, 10
core   0: 3 0x800082f2 (0x0ea9) x29 0x0000000a
core   0: 0x800082f4 (0xfe2ee2e3) bltu    t4, sp, pc - 28
core   0: 3 0x800082f4 (0xfe2ee2e3)
core   0: 0x800082d8 (0x03a3df33) divu    t5, t2, s10
core   0: 3 0x800082d8 (0x03a3df33) x30 0xffffffff
core   0: 0x800082dc (0x00000089) c.addi  ra, 2
core   0: 3 0x800082dc (0x0089) x1  0x00000008
core   0: 0x800082de (0x00008361) c.srli  a4, 24
core   0: 3 0x800082de (0x8361) x14 0x00000000
core   0: 0x800082e0 (0x0288e933) rem     s2, a7, s0
core   0: 3 0x800082e0 (0x0288e933) x18 0xfffffff2
core   0: 0x800082e4 (0x00277433) and     s0, a4, sp
core   0: 3 0x800082e4 (0x00277433) x8  0x00000000
core   0: 0x800082e8 (0x41e80db3) sub     s11, a6, t5
core   0: 3 0x800082e8 (0x41e80db3) x27 0x77ef2a00
core   0: 0x800082ec (0x5c780913) addi    s2, a6, 1479
core   0: 3 0x800082ec (0x5c780913) x18 0x77ef2fc6
core   0: 0x800082f0 (0x000063bd) c.lui   t2, 0xf
core   0: 3 0x800082f0 (0x63bd) x7  0x0000f000
core   0: 0x800082f2 (0x00000ea9) c.addi  t4, 10
core   0: 3 0x800082f2 (0x0ea9) x29 0x00000014
core   0: 0x800082f4 (0xfe2ee2e3) bltu    t4, sp, pc - 28
core   0: 3 0x800082f4 (0xfe2ee2e3)
core   0: 0x800082f8 (0x000001a6) c.slli  gp, 9
core   0: 3 0x800082f8 (0x01a6) x3  0xa7c80000
core   0: 0x800082fa (0xfc5550e3) bge     a0, t0, pc - 64
core   0: 3 0x800082fa (0xfc5550e3)
core   0: 0x800082ba (0x00008c5d) c.or    s0, a5
core   0: 3 0x800082ba (0x8c5d) x8  0x40014e72
core   0: 0x800082bc (0x00001561) c.addi  a0, -8
core   0: 3 0x800082bc (0x1561) x10 0xffffffe9
core   0: 0x800082be (0x00008f49) c.or    a4, a0
core   0: 3 0x800082be (0x8f49) x14 0xffffffe9
core   0: 0x800082c0 (0x139e3313) sltiu   t1, t3, 313
core   0: 3 0x800082c0 (0x139e3313) x6  0x00000000
core   0: 0x800082c4 (0x00004e81) c.li    t4, 0
core   0: 3 0x800082c4 (0x4e81) x29 0x00000000
core   0: 0x800082c6 (0x02cfde33) divu    t3, t6, a2
core   0: 3 0x800082c6 (0x02cfde33) x28 0xffffffff
core   0: 0x800082ca (0xdfee6f93) ori     t6, t3, -514
core   0: 3 0x800082ca (0xdfee6f93) x31 0xffffffff
core   0: 0x800082ce (0x00004145) c.li    sp, 17
core   0: 3 0x800082ce (0x4145) x2  0x00000011
core   0: 0x800082d0 (0x033b8a33) mul     s4, s7, s3
core   0: 3 0x800082d0 (0x033b8a33) x20 0x00000000
core   0: 0x800082d4 (0x014c49b3) xor     s3, s8, s4
core   0: 3 0x800082d4 (0x014c49b3) x19 0x800080fb
core   0: 0x800082d8 (0x03a3df33) divu    t5, t2, s10
core   0: 3 0x800082d8 (0x03a3df33) x30 0xffffffff
core   0: 0x800082dc (0x00000089) c.addi  ra, 2
core   0: 3 0x800082dc (0x0089) x1  0x0000000a
core   0: 0x800082de (0x00008361) c.srli  a4, 24
core   0: 3 0x800082de (0x8361) x14 0x000000ff
core   0: 0x800082e0 (0x0288e933) rem     s2, a7, s0
core   0: 3 0x800082e0 (0x0288e933) x18 0xc003eb56
core   0: 0x800082e4 (0x00277433) and     s0, a4, sp
core   0: 3 0x800082e4 (0x00277433) x8  0x00000011
core   0: 0x800082e8 (0x41e80db3) sub     s11, a6, t5
core   0: 3 0x800082e8 (0x41e80db3) x27 0x77ef2a00
core   0: 0x800082ec (0x5c780913) addi    s2, a6, 1479
core   0: 3 0x800082ec (0x5c780913) x18 0x77ef2fc6
core   0: 0x800082f0 (0x000063bd) c.lui   t2, 0xf
core   0: 3 0x800082f0 (0x63bd) x7  0x0000f000
core   0: 0x800082f2 (0x00000ea9) c.addi  t4, 10
core   0: 3 0x800082f2 (0x0ea9) x29 0x0000000a
core   0: 0x800082f4 (0xfe2ee2e3) bltu    t4, sp, pc - 28
core   0: 3 0x800082f4 (0xfe2ee2e3)
core   0: 0x800082d8 (0x03a3df33) divu    t5, t2, s10
core   0: 3 0x800082d8 (0x03a3df33) x30 0xffffffff
core   0: 0x800082dc (0x00000089) c.addi  ra, 2
core   0: 3 0x800082dc (0x0089) x1  0x0000000c
core   0: 0x800082de (0x00008361) c.srli  a4, 24
core   0: 3 0x800082de (0x8361) x14 0x00000000
core   0: 0x800082e0 (0x0288e933) rem     s2, a7, s0
core   0: 3 0x800082e0 (0x0288e933) x18 0xfffffff2
core   0: 0x800082e4 (0x00277433) and     s0, a4, sp
core   0: 3 0x800082e4 (0x00277433) x8  0x00000000
core   0: 0x800082e8 (0x41e80db3) sub     s11, a6, t5
core   0: 3 0x800082e8 (0x41e80db3) x27 0x77ef2a00
core   0: 0x800082ec (0x5c780913) addi    s2, a6, 1479
core   0: 3 0x800082ec (0x5c780913) x18 0x77ef2fc6
core   0: 0x800082f0 (0x000063bd) c.lui   t2, 0xf
core   0: 3 0x800082f0 (0x63bd) x7  0x0000f000
core   0: 0x800082f2 (0x00000ea9) c.addi  t4, 10
core   0: 3 0x800082f2 (0x0ea9) x29 0x00000014
core   0: 0x800082f4 (0xfe2ee2e3) bltu    t4, sp, pc - 28
core   0: 3 0x800082f4 (0xfe2ee2e3)
core   0: 0x800082f8 (0x000001a6) c.slli  gp, 9
core   0: 3 0x800082f8 (0x01a6) x3  0x90000000
core   0: 0x800082fa (0xfc5550e3) bge     a0, t0, pc - 64
core   0: 3 0x800082fa (0xfc5550e3)
core   0: 0x800082fe (0x00d09d93) slli    s11, ra, 13
core   0: 3 0x800082fe (0x00d09d93) x27 0x00018000
core   0: 0x80008302 (0x0000b117) auipc   sp, 0xb
core   0: 3 0x80008302 (0x0000b117) x2  0x80013302
core   0: 0x80008306 (0x12610113) addi    sp, sp, 294
core   0: 3 0x80008306 (0x12610113) x2  0x80013428
core   0: 0x8000830a (0xa5810523) sb      s8, -1462(sp)
core   0: 3 0x8000830a (0xa5810523) mem 0x80012e72 0xfb
core   0: 0x8000830e (0x0181f1b3) and     gp, gp, s8
core   0: 3 0x8000830e (0x0181f1b3) x3  0x80000000
core   0: 0x80008312 (0x02e383b3) mul     t2, t2, a4
core   0: 3 0x80008312 (0x02e383b3) x7  0x00000000
core   0: 0x80008316 (0x5fc12f83) lw      t6, 1532(sp)
core   0: 3 0x80008316 (0x5fc12f83) x31 0x00000000 mem 0x80013a24
core   0: 0x8000831a (0x02e77fb3) remu    t6, a4, a4
core   0: 3 0x8000831a (0x02e77fb3) x31 0x00000000
core   0: 0x8000831e (0xbb210f23) sb      s2, -1090(sp)
core   0: 3 0x8000831e (0xbb210f23) mem 0x80012fe6 0xc6
core   0: 0x80008322 (0x0000918e) c.add   gp, gp
core   0: 3 0x80008322 (0x918e) x3  0x00000000
core   0: 0x80008324 (0x93314c03) lbu     s8, -1741(sp)
core   0: 3 0x80008324 (0x93314c03) x24 0x00000000 mem 0x80012d5b
core   0: 0x80008328 (0x2b714c03) lbu     s8, 695(sp)
core   0: 3 0x80008328 (0x2b714c03) x24 0x00000000 mem 0x800136df
core   0: 0x8000832c (0xfe710383) lb      t2, -25(sp)
core   0: 3 0x8000832c (0xfe710383) x7  0x00000000 mem 0x8001340f
core   0: 0x80008330 (0x007c2c33) slt     s8, s8, t2
core   0: 3 0x80008330 (0x007c2c33) x24 0x00000000
core   0: 0x80008334 (0x00000c7d) c.addi  s8, 31
core   0: 3 0x80008334 (0x0c7d) x24 0x0000001f
core   0: 0x80008336 (0x02e3a933) mulhsu  s2, t2, a4
core   0: 3 0x80008336 (0x02e3a933) x18 0x00000000
core   0: 0x8000833a (0x1ce100a3) sb      a4, 449(sp)
core   0: 3 0x8000833a (0x1ce100a3) mem 0x800135e9 0x00
core   0: 0x8000833e (0x3e312823) sw      gp, 1008(sp)
core   0: 3 0x8000833e (0x3e312823) mem 0x80013818 0x00000000
core   0: 0x80008342 (0x01fc6fb3) or      t6, s8, t6
core   0: 3 0x80008342 (0x01fc6fb3) x31 0x0000001f
core   0: 0x80008346 (0x58b14383) lbu     t2, 1419(sp)
core   0: 3 0x80008346 (0x58b14383) x7  0x00000000 mem 0x800139b3
core   0: 0x8000834a (0x003fbfb3) sltu    t6, t6, gp
core   0: 3 0x8000834a (0x003fbfb3) x31 0x00000000
core   0: 0x8000834e (0xe6e104a3) sb      a4, -407(sp)
core   0: 3 0x8000834e (0xe6e104a3) mem 0x80013291 0x00
core   0: 0x80008352 (0x74114703) lbu     a4, 1857(sp)
core   0: 3 0x80008352 (0x74114703) x14 0x00000000 mem 0x80013b69
core   0: 0x80008356 (0x68b14903) lbu     s2, 1675(sp)
core   0: 3 0x80008356 (0x68b14903) x18 0x00000000 mem 0x80013ab3
core   0: 0x8000835a (0xab411703) lh      a4, -1356(sp)
core   0: 3 0x8000835a (0xab411703) x14 0x00000000 mem 0x80012edc
core   0: 0x8000835e (0x32110703) lb      a4, 801(sp)
core   0: 3 0x8000835e (0x32110703) x14 0x00000000 mem 0x80013749
core   0: 0x80008362 (0x00008f19) c.sub   a4, a4
core   0: 3 0x80008362 (0x8f19) x14 0x00000000
core   0: 0x80008364 (0x40ac5713) srai    a4, s8, 10
core   0: 3 0x80008364 (0x40ac5713) x14 0x00000000
core   0: 0x80008368 (0x56310aa3) sb      gp, 1397(sp)
core   0: 3 0x80008368 (0x56310aa3) mem 0x8001399d 0x00
core   0: 0x8000836c (0xfbf11623) sh      t6, -84(sp)
core   0: 3 0x8000836c (0xfbf11623) mem 0x800133d4 0x0000
core   0: 0x80008370 (0xc4311f23) sh      gp, -930(sp)
core   0: 3 0x80008370 (0xc4311f23) mem 0x80013086 0x0000
core   0: 0x80008374 (0x00e3cc33) xor     s8, t2, a4
core   0: 3 0x80008374 (0x00e3cc33) x24 0x00000000
core   0: 0x80008378 (0x02370c33) mul     s8, a4, gp
core   0: 3 0x80008378 (0x02370c33) x24 0x00000000
core   0: 0x8000837c (0x032713b3) mulh    t2, a4, s2
core   0: 3 0x8000837c (0x032713b3) x7  0x00000000
core   0: 0x80008380 (0x8b010703) lb      a4, -1872(sp)
core   0: 3 0x80008380 (0x8b010703) x14 0x00000000 mem 0x80012cd8
core   0: 0x80008384 (0xaa611703) lh      a4, -1370(sp)
core   0: 3 0x80008384 (0xaa611703) x14 0x00000000 mem 0x80012ece
core   0: 0x80008388 (0x00013e97) auipc   t4, 0x13
core   0: 3 0x80008388 (0x00013e97) x29 0x8001b388
core   0: 0x8000838c (0xbf4e8e93) addi    t4, t4, -1036
core   0: 3 0x8000838c (0xbf4e8e93) x29 0x8001af7c
core   0: 0x80008390 (0x00dec483) lbu     s1, 13(t4)
core   0: 3 0x80008390 (0x00dec483) x9  0x00000000 mem 0x8001af89
core   0: 0x80008394 (0x00008041) c.srli  s0, 16
core   0: 3 0x80008394 (0x8041) x8  0x00000000
core   0: 0x80008396 (0x00000001) c.nop
core   0: 3 0x80008396 (0x0001)
core   0: 0x80008398 (0x019e86a3) sb      s9, 13(t4)
core   0: 3 0x80008398 (0x019e86a3) mem 0x8001af89 0x00
core   0: 0x8000839c (0x0000717d) c.addi16sp sp, -16
core   0: 3 0x8000839c (0x717d) x2  0x80013418
core   0: 0x8000839e (0x00de8483) lb      s1, 13(t4)
core   0: 3 0x8000839e (0x00de8483) x9  0x00000000 mem 0x8001af89
core   0: 0x800083a2 (0x00decb03) lbu     s6, 13(t4)
core   0: 3 0x800083a2 (0x00decb03) x22 0x00000000 mem 0x8001af89
core   0: 0x800083a6 (0x009e8083) lb      ra, 9(t4)
core   0: 3 0x800083a6 (0x009e8083) x1  0x00000000 mem 0x8001af85
core   0: 0x800083aa (0x009e8f83) lb      t6, 9(t4)
core   0: 3 0x800083aa (0x009e8f83) x31 0x00000000 mem 0x8001af85
core   0: 0x800083ae (0x009ec003) lbu     zero, 9(t4)
core   0: 3 0x800083ae (0x009ec003) mem 0x8001af85
core   0: 0x800083b2 (0x01ae86a3) sb      s10, 13(t4)
core   0: 3 0x800083b2 (0x01ae86a3) mem 0x8001af89 0x00
core   0: 0x800083b6 (0x0000547d) c.li    s0, -1
core   0: 3 0x800083b6 (0x547d) x8  0xffffffff
core   0: 0x800083b8 (0x00de8183) lb      gp, 13(t4)
core   0: 3 0x800083b8 (0x00de8183) x3  0x00000000 mem 0x8001af89
core   0: 0x800083bc (0xfeee8b23) sb      a4, -10(t4)
core   0: 3 0x800083bc (0xfeee8b23) mem 0x8001af72 0x00
core   0: 0x800083c0 (0xff2edf03) lhu     t5, -14(t4)
core   0: 3 0x800083c0 (0xff2edf03) x30 0x00000000 mem 0x8001af6e
core   0: 0x800083c4 (0xff2e8923) sb      s2, -14(t4)
core   0: 3 0x800083c4 (0xff2e8923) mem 0x8001af6e 0x00
core   0: 0x800083c8 (0xfffe8103) lb      sp, -1(t4)
core   0: 3 0x800083c8 (0xfffe8103) x2  0x00000000 mem 0x8001af7b
core   0: 0x800083cc (0xfffe8d83) lb      s11, -1(t4)
core   0: 3 0x800083cc (0xfffe8d83) x27 0x00000000 mem 0x8001af7b
core   0: 0x800083d0 (0xfffe8a03) lb      s4, -1(t4)
core   0: 3 0x800083d0 (0xfffe8a03) x20 0x00000000 mem 0x8001af7b
core   0: 0x800083d4 (0xff9e8fa3) sb      s9, -1(t4)
core   0: 3 0x800083d4 (0xff9e8fa3) mem 0x8001af7b 0x00
core   0: 0x800083d8 (0xfffe8f03) lb      t5, -1(t4)
core   0: 3 0x800083d8 (0xfffe8f03) x30 0x00000000 mem 0x8001af7b
core   0: 0x800083dc (0xfe8e9823) sh      s0, -16(t4)
core   0: 3 0x800083dc (0xfe8e9823) mem 0x8001af6c 0xffff
core   0: 0x800083e0 (0x0000e397) auipc   t2, 0xe
core   0: 3 0x800083e0 (0x0000e397) x7  0x800163e0
core   0: 0x800083e4 (0xe5638393) addi    t2, t2, -426
core   0: 3 0x800083e4 (0xe5638393) x7  0x80016236
core   0: 0x800083e8 (0x00000001) c.nop
core   0: 3 0x800083e8 (0x0001)
core   0: 0x800083ea (0xfc538b03) lb      s6, -59(t2)
core   0: 3 0x800083ea (0xfc538b03) x22 0x00000000 mem 0x800161fb
core   0: 0x800083ee (0x000010fd) c.addi  ra, -1
core   0: 3 0x800083ee (0x10fd) x1  0xffffffff
core   0: 0x800083f0 (0x0363ca83) lbu     s5, 54(t2)
core   0: 3 0x800083f0 (0x0363ca83) x21 0x00000000 mem 0x8001626c
core   0: 0x800083f4 (0xffd38e23) sb      t4, -4(t2)
core   0: 3 0x800083f4 (0xffd38e23) mem 0x80016232 0x7c
core   0: 0x800083f8 (0xfd538e83) lb      t4, -43(t2)
core   0: 3 0x800083f8 (0xfd538e83) x29 0x00000000 mem 0x8001620b
core   0: 0x800083fc (0x03d38103) lb      sp, 61(t2)
core   0: 3 0x800083fc (0x03d38103) x2  0x00000000 mem 0x80016273
core   0: 0x80008400 (0xffb38fa3) sb      s11, -1(t2)
core   0: 3 0x80008400 (0xffb38fa3) mem 0x80016235 0x00
core   0: 0x80008404 (0x0173c283) lbu     t0, 23(t2)
core   0: 3 0x80008404 (0x0173c283) x5  0x00000000 mem 0x8001624d
core   0: 0x80008408 (0xfed38e83) lb      t4, -19(t2)
core   0: 3 0x80008408 (0xfed38e83) x29 0x00000000 mem 0x80016223
core   0: 0x8000840c (0x0213cb83) lbu     s7, 33(t2)
core   0: 3 0x8000840c (0x0213cb83) x23 0x00000000 mem 0x80016257
core   0: 0x80008410 (0x0164c333) xor     t1, s1, s6
core   0: 3 0x80008410 (0x0164c333) x6  0x00000000
core   0: 0x80008414 (0x00008c45) c.or    s0, s1
core   0: 3 0x80008414 (0x8c45) x8  0xffffffff
core   0: 0x80008416 (0x0263ae03) lw      t3, 38(t2)
core   0: 3 0x80008416 (0x0263ae03) x28 0x00000000 mem 0x8001625c
core   0: 0x8000841a (0x0000717d) c.addi16sp sp, -16
core   0: 3 0x8000841a (0x717d) x2  0xfffffff0
core   0: 0x8000841c (0xff038783) lb      a5, -16(t2)
core   0: 3 0x8000841c (0xff038783) x15 0x00000000 mem 0x80016226
core   0: 0x80008420 (0xfe838f83) lb      t6, -24(t2)
core   0: 3 0x80008420 (0xfe838f83) x31 0x00000000 mem 0x8001621e
core   0: 0x80008424 (0x02d38e83) lb      t4, 45(t2)
core   0: 3 0x80008424 (0x02d38e83) x29 0x00000000 mem 0x80016263
core   0: 0x80008428 (0xfee3c303) lbu     t1, -18(t2)
core   0: 3 0x80008428 (0xfee3c303) x6  0x00000000 mem 0x80016224
core   0: 0x8000842c (0x8c937f13) andi    t5, t1, -1847
core   0: 3 0x8000842c (0x8c937f13) x30 0x00000000
core   0: 0x80008430 (0x00e6d7b3) srl     a5, a3, a4
core   0: 3 0x80008430 (0x00e6d7b3) x15 0x00000001
core   0: 0x80008434 (0xfd138a03) lb      s4, -47(t2)
core   0: 3 0x80008434 (0xfd138a03) x20 0x00000000 mem 0x80016207
core   0: 0x80008438 (0xfef38aa3) sb      a5, -11(t2)
core   0: 3 0x80008438 (0xfef38aa3) mem 0x8001622b 0x01
core   0: 0x8000843c (0xfea3d983) lhu     s3, -22(t2)
core   0: 3 0x8000843c (0xfea3d983) x19 0x00000000 mem 0x80016220
core   0: 0x80008440 (0x03d3c203) lbu     tp, 61(t2)
core   0: 3 0x80008440 (0x03d3c203) x4  0x00000000 mem 0x80016273
core   0: 0x80008444 (0x00000001) c.nop
core   0: 3 0x80008444 (0x0001)
core   0: 0x80008446 (0xffc3d003) lhu     zero, -4(t2)
core   0: 3 0x80008446 (0xffc3d003) mem 0x80016232
core   0: 0x8000844a (0xff938c23) sb      s9, -8(t2)
core   0: 3 0x8000844a (0xff938c23) mem 0x8001622e 0x00
core   0: 0x8000844e (0x03838523) sb      s8, 42(t2)
core   0: 3 0x8000844e (0x03838523) mem 0x80016260 0x00
core   0: 0x80008452 (0x00008d05) c.sub   a0, s1
core   0: 3 0x80008452 (0x8d05) x10 0xffffffe9
core   0: 0x80008454 (0x0393c303) lbu     t1, 57(t2)
core   0: 3 0x80008454 (0x0393c303) x6  0x00000000 mem 0x8001626f
core   0: 0x80008458 (0x00000a8a) c.slli  s5, 2
core   0: 3 0x80008458 (0x0a8a) x21 0x00000000
core   0: 0x8000845a (0xfe13ce83) lbu     t4, -31(t2)
core   0: 3 0x8000845a (0xfe13ce83) x29 0x00000000 mem 0x80016217
core   0: 0x8000845e (0x00009117) auipc   sp, 0x9
core   0: 3 0x8000845e (0x00009117) x2  0x8001145e
core   0: 0x80008462 (0x91910113) addi    sp, sp, -1767
core   0: 3 0x80008462 (0x91910113) x2  0x80010d77
core   0: 0x80008466 (0x008c1513) slli    a0, s8, 8
core   0: 3 0x80008466 (0x008c1513) x10 0x00000000
core   0: 0x8000846a (0x00004579) c.li    a0, 30
core   0: 3 0x8000846a (0x4579) x10 0x0000001e
core   0: 0x8000846c (0xd7912503) lw      a0, -647(sp)
core   0: 3 0x8000846c (0xd7912503) x10 0x00000000 mem 0x80010af0
core   0: 0x80008470 (0xc4a14a83) lbu     s5, -950(sp)
core   0: 3 0x80008470 (0xc4a14a83) x21 0x00000000 mem 0x800109c1
core   0: 0x80008474 (0xdc610983) lb      s3, -570(sp)
core   0: 3 0x80008474 (0xdc610983) x19 0x00000000 mem 0x80010b3d
core   0: 0x80008478 (0x26112a83) lw      s5, 609(sp)
core   0: 3 0x80008478 (0x26112a83) x21 0x00000000 mem 0x80010fd8
core   0: 0x8000847c (0xbc511983) lh      s3, -1083(sp)
core   0: 3 0x8000847c (0xbc511983) x19 0x00000000 mem 0x8001093c
core   0: 0x80008480 (0x1ee111a3) sh      a4, 483(sp)
core   0: 3 0x80008480 (0x1ee111a3) mem 0x80010f5a 0x0000
core   0: 0x80008484 (0x9c8aec13) ori     s8, s5, -1592
core   0: 3 0x80008484 (0x9c8aec13) x24 0xfffff9c8
core   0: 0x80008488 (0x00008f39) c.xor   a4, a4
core   0: 3 0x80008488 (0x8f39) x14 0x00000000
core   0: 0x8000848a (0x5d098a93) addi    s5, s3, 1488
core   0: 3 0x8000848a (0x5d098a93) x21 0x000005d0
core   0: 0x8000848e (0x14710983) lb      s3, 327(sp)
core   0: 3 0x8000848e (0x14710983) x19 0x00000000 mem 0x80010ebe
core   0: 0x80008492 (0x033d6ab3) rem     s5, s10, s3
core   0: 3 0x80008492 (0x033d6ab3) x21 0x00000000
core   0: 0x80008496 (0xeba113a3) sh      s10, -345(sp)
core   0: 3 0x80008496 (0xeba113a3) mem 0x80010c1e 0x0000
core   0: 0x8000849a (0x018ac733) xor     a4, s5, s8
core   0: 3 0x8000849a (0x018ac733) x14 0xfffff9c8
core   0: 0x8000849e (0xc33100a3) sb      s3, -991(sp)
core   0: 3 0x8000849e (0xc33100a3) mem 0x80010998 0x00
core   0: 0x800084a2 (0x52b9bc37) lui     s8, 0x52b9b
core   0: 3 0x800084a2 (0x52b9bc37) x24 0x52b9b000
core   0: 0x800084a6 (0xd1254513) xori    a0, a0, -750
core   0: 3 0x800084a6 (0xd1254513) x10 0xfffffd12
core   0: 0x800084aa (0xc8814983) lbu     s3, -888(sp)
core   0: 3 0x800084aa (0xc8814983) x19 0x00000000 mem 0x800109ff
core   0: 0x800084ae (0x00ead733) srl     a4, s5, a4
core   0: 3 0x800084ae (0x00ead733) x14 0x00000000
core   0: 0x800084b2 (0x00005afd) c.li    s5, -1
core   0: 3 0x800084b2 (0x5afd) x21 0xffffffff
core   0: 0x800084b4 (0x00da9c13) slli    s8, s5, 13
core   0: 3 0x800084b4 (0x00da9c13) x24 0xffffe000
core   0: 0x800084b8 (0xec814703) lbu     a4, -312(sp)
core   0: 3 0x800084b8 (0xec814703) x14 0x00000000 mem 0x80010c3f
core   0: 0x800084bc (0xfed11c03) lh      s8, -19(sp)
core   0: 3 0x800084bc (0xfed11c03) x24 0x00000000 mem 0x80010d64
core   0: 0x800084c0 (0x154ac993) xori    s3, s5, 340
core   0: 3 0x800084c0 (0x154ac993) x19 0xfffffeab
core   0: 0x800084c4 (0x05214983) lbu     s3, 82(sp)
core   0: 3 0x800084c4 (0x05214983) x19 0x00000000 mem 0x80010dc9
core   0: 0x800084c8 (0xe9c10503) lb      a0, -356(sp)
core   0: 3 0x800084c8 (0xe9c10503) x10 0x00000000 mem 0x80010c13
core   0: 0x800084cc (0xc5757c13) andi    s8, a0, -937
core   0: 3 0x800084cc (0xc5757c13) x24 0x00000000
core   0: 0x800084d0 (0x01a9fc33) and     s8, s3, s10
core   0: 3 0x800084d0 (0x01a9fc33) x24 0x00000000
core   0: 0x800084d4 (0x00175a93) srli    s5, a4, 1
core   0: 3 0x800084d4 (0x00175a93) x21 0x00000000
core   0: 0x800084d8 (0x0389fc33) remu    s8, s3, s8
core   0: 3 0x800084d8 (0x0389fc33) x24 0x00000000
core   0: 0x800084dc (0x87510d23) sb      s5, -1926(sp)
core   0: 3 0x800084dc (0x87510d23) mem 0x800105f1 0x00
core   0: 0x800084e0 (0x00000001) c.nop
core   0: 3 0x800084e0 (0x0001)
core   0: 0x800084e2 (0x02e519b3) mulh    s3, a0, a4
core   0: 3 0x800084e2 (0x02e519b3) x19 0x00000000
core   0: 0x800084e6 (0x87e10983) lb      s3, -1922(sp)
core   0: 3 0x800084e6 (0x87e10983) x19 0x00000000 mem 0x800105f5
core   0: 0x800084ea (0x0000954e) c.add   a0, s3
core   0: 3 0x800084ea (0x954e) x10 0x00000000
core   0: 0x800084ec (0x415709b3) sub     s3, a4, s5
core   0: 3 0x800084ec (0x415709b3) x19 0x00000000
core   0: 0x800084f0 (0x018ab733) sltu    a4, s5, s8
core   0: 3 0x800084f0 (0x018ab733) x14 0x00000000
core   0: 0x800084f4 (0xf0814d03) lbu     s10, -248(sp)
core   0: 3 0x800084f4 (0xf0814d03) x26 0x00000000 mem 0x80010c7f
core   0: 0x800084f8 (0x00000ab2) c.slli  s5, 12
core   0: 3 0x800084f8 (0x0ab2) x21 0x00000000
core   0: 0x800084fa (0xa0110a83) lb      s5, -1535(sp)
core   0: 3 0x800084fa (0xa0110a83) x21 0x00000000 mem 0x80010778
core   0: 0x800084fe (0xf8514703) lbu     a4, -123(sp)
core   0: 3 0x800084fe (0xf8514703) x14 0x00000000 mem 0x80010cfc
core   0: 0x80008502 (0x25310e23) sb      s3, 604(sp)
core   0: 3 0x80008502 (0x25310e23) mem 0x80010fd3 0x00
core   0: 0x80008506 (0xdf315a83) lhu     s5, -525(sp)
core   0: 3 0x80008506 (0xdf315a83) x21 0x00000000 mem 0x80010b6a
core   0: 0x8000850a (0x01370ab3) add     s5, a4, s3
core   0: 3 0x8000850a (0x01370ab3) x21 0x00000000
core   0: 0x8000850e (0x00d15c03) lhu     s8, 13(sp)
core   0: 3 0x8000850e (0x00d15c03) x24 0x00005815 mem 0x80010d84
core   0: 0x80008512 (0x00a52c33) slt     s8, a0, a0
core   0: 3 0x80008512 (0x00a52c33) x24 0x00000000
core   0: 0x80008516 (0xeb810ea3) sb      s8, -323(sp)
core   0: 3 0x80008516 (0xeb810ea3) mem 0x80010c34 0x00
core   0: 0x8000851a (0xf5110a83) lb      s5, -175(sp)
core   0: 3 0x8000851a (0xf5110a83) x21 0x00000000 mem 0x80010cc8
core   0: 0x8000851e (0x00008d09) c.sub   a0, a0
core   0: 3 0x8000851e (0x8d09) x10 0x00000000
core   0: 0x80008520 (0xbba108a3) sb      s10, -1103(sp)
core   0: 3 0x80008520 (0xbba108a3) mem 0x80010928 0x00
core   0: 0x80008524 (0x00e9f9b3) and     s3, s3, a4
core   0: 3 0x80008524 (0x00e9f9b3) x19 0x00000000
core   0: 0x80008528 (0xd8410983) lb      s3, -636(sp)
core   0: 3 0x80008528 (0xd8410983) x19 0x00000000 mem 0x80010afb
core   0: 0x8000852c (0xad410a83) lb      s5, -1324(sp)
core   0: 3 0x8000852c (0xad410a83) x21 0x00000000 mem 0x8001084b
core   0: 0x80008530 (0xdb510983) lb      s3, -587(sp)
core   0: 3 0x80008530 (0xdb510983) x19 0x00000000 mem 0x80010b2c
core   0: 0x80008534 (0x0100076f) jal     a4, pc + 0x10
core   0: 3 0x80008534 (0x0100076f) x14 0x80008538
core   0: 0x80008544 (0x0000a811) c.j     pc + 20
core   0: 3 0x80008544 (0xa811)
core   0: 0x80008558 (0x0000a801) c.j     pc + 16
core   0: 3 0x80008558 (0xa801)
core   0: 0x80008568 (0x0000bfc1) c.j     pc - 48
core   0: 3 0x80008568 (0xbfc1)
core   0: 0x80008538 (0x042000ef) jal     pc + 0x42
core   0: 3 0x80008538 (0x042000ef) x1  0x8000853c
core   0: 0x8000857a (0x000037d9) c.jal   pc - 58
core   0: 3 0x8000857a (0x37d9) x1  0x8000857c
core   0: 0x80008540 (0x02e0016f) jal     sp, pc + 0x2e
core   0: 3 0x80008540 (0x02e0016f) x2  0x80008544
core   0: 0x8000856e (0x000037e5) c.jal   pc - 24
core   0: 3 0x8000856e (0x37e5) x1  0x80008570
core   0: 0x80008556 (0x0000bfc5) c.j     pc - 16
core   0: 3 0x80008556 (0xbfc5)
core   0: 0x80008546 (0x0000a839) c.j     pc + 30
core   0: 3 0x80008546 (0xa839)
core   0: 0x80008564 (0x0000bff5) c.j     pc - 4
core   0: 3 0x80008564 (0xbff5)
core   0: 0x80008560 (0x0180036f) jal     t1, pc + 0x18
core   0: 3 0x80008560 (0x0180036f) x6  0x80008564
core   0: 0x80008578 (0x00003fcd) c.jal   pc - 14
core   0: 3 0x80008578 (0x3fcd) x1  0x8000857a
core   0: 0x8000856a (0xff5ff0ef) jal     pc - 0xc
core   0: 3 0x8000856a (0xff5ff0ef) x1  0x8000856e
core   0: 0x8000855e (0x000037fd) c.jal   pc - 18
core   0: 3 0x8000855e (0x37fd) x1  0x80008560
core   0: 0x8000854c (0xff1ff16f) jal     sp, pc - 0x10
core   0: 3 0x8000854c (0xff1ff16f) x2  0x80008550
core   0: 0x8000853c (0x00c00b6f) jal     s6, pc + 0xc
core   0: 3 0x8000853c (0x00c00b6f) x22 0x80008540
core   0: 0x80008548 (0x01e00bef) jal     s7, pc + 0x1e
core   0: 3 0x80008548 (0x01e00bef) x23 0x8000854c
core   0: 0x80008566 (0x0000a039) c.j     pc + 14
core   0: 3 0x80008566 (0xa039)
core   0: 0x80008574 (0xffdff0ef) jal     pc - 0x4
core   0: 3 0x80008574 (0xffdff0ef) x1  0x80008578
core   0: 0x80008570 (0xfe5ff0ef) jal     pc - 0x1c
core   0: 3 0x80008570 (0xfe5ff0ef) x1  0x80008574
core   0: 0x80008554 (0x0000bffd) c.j     pc - 2
core   0: 3 0x80008554 (0xbffd)
core   0: 0x80008552 (0x0000bffd) c.j     pc - 2
core   0: 3 0x80008552 (0xbffd)
core   0: 0x80008550 (0x00002029) c.jal   pc + 10
core   0: 3 0x80008550 (0x2029) x1  0x80008552
core   0: 0x8000855a (0x022000ef) jal     pc + 0x22
core   0: 3 0x8000855a (0x022000ef) x1  0x8000855e
core   0: 0x8000857c (0x01c6af33) slt     t5, a3, t3
core   0: 3 0x8000857c (0x01c6af33) x30 0x00000000
core   0: 0x80008580 (0x00008317) auipc   t1, 0x8
core   0: 3 0x80008580 (0x00008317) x6  0x80010580
core   0: 0x80008584 (0x0a430313) addi    t1, t1, 164
core   0: 3 0x80008584 (0x0a430313) x6  0x80010624
core   0: 0x80008588 (0x00e307a3) sb      a4, 15(t1)
core   0: 3 0x80008588 (0x00e307a3) mem 0x80010633 0x38
core   0: 0x8000858c (0x01b307a3) sb      s11, 15(t1)
core   0: 3 0x8000858c (0x01b307a3) mem 0x80010633 0x00
core   0: 0x80008590 (0x00f34c83) lbu     s9, 15(t1)
core   0: 3 0x80008590 (0x00f34c83) x25 0x00000000 mem 0x80010633
core   0: 0x80008594 (0x001307a3) sb      ra, 15(t1)
core   0: 3 0x80008594 (0x001307a3) mem 0x80010633 0x5e
core   0: 0x80008598 (0x018b1633) sll     a2, s6, s8
core   0: 3 0x80008598 (0x018b1633) x12 0x80008540
core   0: 0x8000859c (0x00000001) c.nop
core   0: 3 0x8000859c (0x0001)
core   0: 0x8000859e (0x013307a3) sb      s3, 15(t1)
core   0: 3 0x8000859e (0x013307a3) mem 0x80010633 0x00
core   0: 0x800085a2 (0x00334483) lbu     s1, 3(t1)
core   0: 3 0x800085a2 (0x00334483) x9  0x00000000 mem 0x80010627
core   0: 0x800085a6 (0x00a301a3) sb      a0, 3(t1)
core   0: 3 0x800085a6 (0x00a301a3) mem 0x80010627 0x00
core   0: 0x800085aa (0xb379e693) ori     a3, s3, -1225
core   0: 3 0x800085aa (0xb379e693) x13 0xfffffb37
core   0: 0x800085ae (0x01c301a3) sb      t3, 3(t1)
core   0: 3 0x800085ae (0x01c301a3) mem 0x80010627 0x00
core   0: 0x800085b2 (0x40b45a13) srai    s4, s0, 11
core   0: 3 0x800085b2 (0x40b45a13) x20 0xffffffff
core   0: 0x800085b6 (0x00330983) lb      s3, 3(t1)
core   0: 3 0x800085b6 (0x00330983) x19 0x00000000 mem 0x80010627
core   0: 0x800085ba (0x00330c03) lb      s8, 3(t1)
core   0: 3 0x800085ba (0x00330c03) x24 0x00000000 mem 0x80010627
core   0: 0x800085be (0x00334683) lbu     a3, 3(t1)
core   0: 3 0x800085be (0x00334683) x13 0x00000000 mem 0x80010627
core   0: 0x800085c2 (0x00334003) lbu     zero, 3(t1)
core   0: 3 0x800085c2 (0x00334003) mem 0x80010627
core   0: 0x800085c6 (0x00334f83) lbu     t6, 3(t1)
core   0: 3 0x800085c6 (0x00334f83) x31 0x00000000 mem 0x80010627
core   0: 0x800085ca (0x00330c83) lb      s9, 3(t1)
core   0: 3 0x800085ca (0x00330c83) x25 0x00000000 mem 0x80010627
core   0: 0x800085ce (0x00008e42) c.mv    t3, a6
core   0: 3 0x800085ce (0x8e42) x28 0x77ef29ff
core   0: 0x800085d0 (0x00334103) lbu     sp, 3(t1)
core   0: 3 0x800085d0 (0x00334103) x2  0x00000000 mem 0x80010627
core   0: 0x800085d4 (0x02023733) mulhu   a4, tp, zero
core   0: 3 0x800085d4 (0x02023733) x14 0x00000000
core   0: 0x800085d8 (0x00334c83) lbu     s9, 3(t1)
core   0: 3 0x800085d8 (0x00334c83) x25 0x00000000 mem 0x80010627
core   0: 0x800085dc (0x00334e03) lbu     t3, 3(t1)
core   0: 3 0x800085dc (0x00334e03) x28 0x00000000 mem 0x80010627
core   0: 0x800085e0 (0x000301a3) sb      zero, 3(t1)
core   0: 3 0x800085e0 (0x000301a3) mem 0x80010627 0x00
core   0: 0x800085e4 (0x011301a3) sb      a7, 3(t1)
core   0: 3 0x800085e4 (0x011301a3) mem 0x80010627 0xe4
core   0: 0x800085e8 (0x00330383) lb      t2, 3(t1)
core   0: 3 0x800085e8 (0x00330383) x7  0xffffffe4 mem 0x80010627
core   0: 0x800085ec (0x00005af5) c.li    s5, -3
core   0: 3 0x800085ec (0x5af5) x21 0xfffffffd
core   0: 0x800085ee (0x3fd30193) addi    gp, t1, 1021
core   0: 3 0x800085ee (0x3fd30193) x3  0x80010a21
core   0: 0x800085f2 (0x00004495) c.li    s1, 5
core   0: 3 0x800085f2 (0x4495) x9  0x00000005
core   0: 0x800085f4 (0x01fb7933) and     s2, s6, t6
core   0: 3 0x800085f4 (0x01fb7933) x18 0x00000000
core   0: 0x800085f8 (0xad982b13) slti    s6, a6, -1319
core   0: 3 0x800085f8 (0xad982b13) x22 0x00000000
core   0: 0x800085fc (0x00006111) c.addi16sp sp, 256
core   0: 3 0x800085fc (0x6111) x2  0x00000100
core   0: 0x800085fe (0x00008b99) c.andi  a5, 6
core   0: 3 0x800085fe (0x8b99) x15 0x00000000
core   0: 0x80008600 (0x024780b3) mul     ra, a5, tp
core   0: 3 0x80008600 (0x024780b3) x1  0x00000000
core   0: 0x80008604 (0xc55bce93) xori    t4, s7, -939
core   0: 3 0x80008604 (0xc55bce93) x29 0x7fff7919
core   0: 0x80008608 (0x00000a85) c.addi  s5, 1
core   0: 3 0x80008608 (0x0a85) x21 0xfffffffe
core   0: 0x8000860a (0x00008c2d) c.xor   s0, a1
core   0: 3 0x8000860a (0x8c2d) x8  0x7ffda1f7
core   0: 0x8000860c (0x00005565) c.li    a0, -7
core   0: 3 0x8000860c (0x5565) x10 0xfffffff9
core   0: 0x8000860e (0x00c283b3) add     t2, t0, a2
core   0: 3 0x8000860e (0x00c283b3) x7  0x80008540
core   0: 0x80008612 (0x0181d913) srli    s2, gp, 24
core   0: 3 0x80008612 (0x0181d913) x18 0x00000080
core   0: 0x80008616 (0x000081e6) c.mv    gp, s9
core   0: 3 0x80008616 (0x81e6) x3  0x00000000
core   0: 0x80008618 (0xc43be197) auipc   gp, 0xc43be
core   0: 3 0x80008618 (0xc43be197) x3  0x443c6618
core   0: 0x8000861c (0xd11ca7b7) lui     a5, 0xd11ca
core   0: 3 0x8000861c (0xd11ca7b7) x15 0xd11ca000
core   0: 0x80008620 (0x00000001) c.nop
core   0: 3 0x80008620 (0x0001)
core   0: 0x80008622 (0x4034d3b3) sra     t2, s1, gp
core   0: 3 0x80008622 (0x4034d3b3) x7  0x00000000
core   0: 0x80008626 (0x7387a693) slti    a3, a5, 1848
core   0: 3 0x80008626 (0x7387a693) x13 0x00000001
core   0: 0x8000862a (0x0155d733) srl     a4, a1, s5
core   0: 3 0x8000862a (0x0155d733) x14 0x00000002
core   0: 0x8000862e (0x00001b94) c.addi4spn a3, sp, 496
core   0: 3 0x8000862e (0x1b94) x13 0x000002f0
core   0: 0x80008630 (0x001a0733) add     a4, s4, ra
core   0: 3 0x80008630 (0x001a0733) x14 0xffffffff
core   0: 0x80008634 (0x00000001) c.nop
core   0: 3 0x80008634 (0x0001)
core   0: 0x80008636 (0xccf60713) addi    a4, a2, -817
core   0: 3 0x80008636 (0xccf60713) x14 0x8000820f
core   0: 0x8000863a (0x0000717d) c.addi16sp sp, -16
core   0: 3 0x8000863a (0x717d) x2  0x000000f0
core   0: 0x8000863c (0x01e05913) srli    s2, zero, 30
core   0: 3 0x8000863c (0x01e05913) x18 0x00000000
core   0: 0x80008640 (0x00bb5d13) srli    s10, s6, 11
core   0: 3 0x80008640 (0x00bb5d13) x26 0x00000000
core   0: 0x80008644 (0x00000505) c.addi  a0, 1
core   0: 3 0x80008644 (0x0505) x10 0xfffffffa
core   0: 0x80008646 (0x00000001) c.nop
core   0: 3 0x80008646 (0x0001)
core   0: 0x80008648 (0x00008e1d) c.sub   a2, a5
core   0: 3 0x80008648 (0x8e1d) x12 0xaee3e540
core   0: 0x8000864a (0x0000f575) c.bnez  a0, pc - 20
core   0: 3 0x8000864a (0xf575)
core   0: 0x80008636 (0xccf60713) addi    a4, a2, -817
core   0: 3 0x80008636 (0xccf60713) x14 0xaee3e20f
core   0: 0x8000863a (0x0000717d) c.addi16sp sp, -16
core   0: 3 0x8000863a (0x717d) x2  0x000000e0
core   0: 0x8000863c (0x01e05913) srli    s2, zero, 30
core   0: 3 0x8000863c (0x01e05913) x18 0x00000000
core   0: 0x80008640 (0x00bb5d13) srli    s10, s6, 11
core   0: 3 0x80008640 (0x00bb5d13) x26 0x00000000
core   0: 0x80008644 (0x00000505) c.addi  a0, 1
core   0: 3 0x80008644 (0x0505) x10 0xfffffffb
core   0: 0x80008646 (0x00000001) c.nop
core   0: 3 0x80008646 (0x0001)
core   0: 0x80008648 (0x00008e1d) c.sub   a2, a5
core   0: 3 0x80008648 (0x8e1d) x12 0xddc74540
core   0: 0x8000864a (0x0000f575) c.bnez  a0, pc - 20
core   0: 3 0x8000864a (0xf575)
core   0: 0x80008636 (0xccf60713) addi    a4, a2, -817
core   0: 3 0x80008636 (0xccf60713) x14 0xddc7420f
core   0: 0x8000863a (0x0000717d) c.addi16sp sp, -16
core   0: 3 0x8000863a (0x717d) x2  0x000000d0
core   0: 0x8000863c (0x01e05913) srli    s2, zero, 30
core   0: 3 0x8000863c (0x01e05913) x18 0x00000000
core   0: 0x80008640 (0x00bb5d13) srli    s10, s6, 11
core   0: 3 0x80008640 (0x00bb5d13) x26 0x00000000
core   0: 0x80008644 (0x00000505) c.addi  a0, 1
core   0: 3 0x80008644 (0x0505) x10 0xfffffffc
core   0: 0x80008646 (0x00000001) c.nop
core   0: 3 0x80008646 (0x0001)
core   0: 0x80008648 (0x00008e1d) c.sub   a2, a5
core   0: 3 0x80008648 (0x8e1d) x12 0x0caaa540
core   0: 0x8000864a (0x0000f575) c.bnez  a0, pc - 20
core   0: 3 0x8000864a (0xf575)
core   0: 0x80008636 (0xccf60713) addi    a4, a2, -817
core   0: 3 0x80008636 (0xccf60713) x14 0x0caaa20f
core   0: 0x8000863a (0x0000717d) c.addi16sp sp, -16
core   0: 3 0x8000863a (0x717d) x2  0x000000c0
core   0: 0x8000863c (0x01e05913) srli    s2, zero, 30
core   0: 3 0x8000863c (0x01e05913) x18 0x00000000
core   0: 0x80008640 (0x00bb5d13) srli    s10, s6, 11
core   0: 3 0x80008640 (0x00bb5d13) x26 0x00000000
core   0: 0x80008644 (0x00000505) c.addi  a0, 1
core   0: 3 0x80008644 (0x0505) x10 0xfffffffd
core   0: 0x80008646 (0x00000001) c.nop
core   0: 3 0x80008646 (0x0001)
core   0: 0x80008648 (0x00008e1d) c.sub   a2, a5
core   0: 3 0x80008648 (0x8e1d) x12 0x3b8e0540
core   0: 0x8000864a (0x0000f575) c.bnez  a0, pc - 20
core   0: 3 0x8000864a (0xf575)
core   0: 0x80008636 (0xccf60713) addi    a4, a2, -817
core   0: 3 0x80008636 (0xccf60713) x14 0x3b8e020f
core   0: 0x8000863a (0x0000717d) c.addi16sp sp, -16
core   0: 3 0x8000863a (0x717d) x2  0x000000b0
core   0: 0x8000863c (0x01e05913) srli    s2, zero, 30
core   0: 3 0x8000863c (0x01e05913) x18 0x00000000
core   0: 0x80008640 (0x00bb5d13) srli    s10, s6, 11
core   0: 3 0x80008640 (0x00bb5d13) x26 0x00000000
core   0: 0x80008644 (0x00000505) c.addi  a0, 1
core   0: 3 0x80008644 (0x0505) x10 0xfffffffe
core   0: 0x80008646 (0x00000001) c.nop
core   0: 3 0x80008646 (0x0001)
core   0: 0x80008648 (0x00008e1d) c.sub   a2, a5
core   0: 3 0x80008648 (0x8e1d) x12 0x6a716540
core   0: 0x8000864a (0x0000f575) c.bnez  a0, pc - 20
core   0: 3 0x8000864a (0xf575)
core   0: 0x80008636 (0xccf60713) addi    a4, a2, -817
core   0: 3 0x80008636 (0xccf60713) x14 0x6a71620f
core   0: 0x8000863a (0x0000717d) c.addi16sp sp, -16
core   0: 3 0x8000863a (0x717d) x2  0x000000a0
core   0: 0x8000863c (0x01e05913) srli    s2, zero, 30
core   0: 3 0x8000863c (0x01e05913) x18 0x00000000
core   0: 0x80008640 (0x00bb5d13) srli    s10, s6, 11
core   0: 3 0x80008640 (0x00bb5d13) x26 0x00000000
core   0: 0x80008644 (0x00000505) c.addi  a0, 1
core   0: 3 0x80008644 (0x0505) x10 0xffffffff
core   0: 0x80008646 (0x00000001) c.nop
core   0: 3 0x80008646 (0x0001)
core   0: 0x80008648 (0x00008e1d) c.sub   a2, a5
core   0: 3 0x80008648 (0x8e1d) x12 0x9954c540
core   0: 0x8000864a (0x0000f575) c.bnez  a0, pc - 20
core   0: 3 0x8000864a (0xf575)
core   0: 0x80008636 (0xccf60713) addi    a4, a2, -817
core   0: 3 0x80008636 (0xccf60713) x14 0x9954c20f
core   0: 0x8000863a (0x0000717d) c.addi16sp sp, -16
core   0: 3 0x8000863a (0x717d) x2  0x00000090
core   0: 0x8000863c (0x01e05913) srli    s2, zero, 30
core   0: 3 0x8000863c (0x01e05913) x18 0x00000000
core   0: 0x80008640 (0x00bb5d13) srli    s10, s6, 11
core   0: 3 0x80008640 (0x00bb5d13) x26 0x00000000
core   0: 0x80008644 (0x00000505) c.addi  a0, 1
core   0: 3 0x80008644 (0x0505) x10 0x00000000
core   0: 0x80008646 (0x00000001) c.nop
core   0: 3 0x80008646 (0x0001)
core   0: 0x80008648 (0x00008e1d) c.sub   a2, a5
core   0: 3 0x80008648 (0x8e1d) x12 0xc8382540
core   0: 0x8000864a (0x0000f575) c.bnez  a0, pc - 20
core   0: 3 0x8000864a (0xf575)
core   0: 0x8000864c (0x17a56c13) ori     s8, a0, 378
core   0: 3 0x8000864c (0x17a56c13) x24 0x0000017a
core   0: 0x80008650 (0xfa9a84e3) beq     s5, s1, pc - 88
core   0: 3 0x80008650 (0xfa9a84e3)
core   0: 0x80008654 (0x00000001) c.nop
core   0: 3 0x80008654 (0x0001)
core   0: 0x80008656 (0x00012917) auipc   s2, 0x12
core   0: 3 0x80008656 (0x00012917) x18 0x8001a656
core   0: 0x8000865a (0x46390913) addi    s2, s2, 1123
core   0: 3 0x8000865a (0x46390913) x18 0x8001aab9
core   0: 0x8000865e (0x00d6fa33) and     s4, a3, a3
core   0: 3 0x8000865e (0x00d6fa33) x20 0x000002f0
core   0: 0x80008662 (0x00009afd) c.andi  a3, -1
core   0: 3 0x80008662 (0x9afd) x13 0x000002f0
core   0: 0x80008664 (0x000082d5) c.srli  a3, 21
core   0: 3 0x80008664 (0x82d5) x13 0x00000000
core   0: 0x80008666 (0x00794a03) lbu     s4, 7(s2)
core   0: 3 0x80008666 (0x00794a03) x20 0x00000000 mem 0x8001aac0
core   0: 0x8000866a (0xff794f03) lbu     t5, -9(s2)
core   0: 3 0x8000866a (0xff794f03) x30 0x00000000 mem 0x8001aab0
core   0: 0x8000866e (0x96aa4e93) xori    t4, s4, -1686
core   0: 3 0x8000866e (0x96aa4e93) x29 0xfffff96a
core   0: 0x80008672 (0x03deb9b3) mulhu   s3, t4, t4
core   0: 3 0x80008672 (0x03deb9b3) x19 0xfffff2d4
core   0: 0x80008676 (0xff690f03) lb      t5, -10(s2)
core   0: 3 0x80008676 (0xff690f03) x30 0x00000000 mem 0x8001aaaf
core   0: 0x8000867a (0x00490a03) lb      s4, 4(s2)
core   0: 3 0x8000867a (0x00490a03) x20 0x00000000 mem 0x8001aabd
core   0: 0x8000867e (0x03ca2f33) mulhsu  t5, s4, t3
core   0: 3 0x8000867e (0x03ca2f33) x30 0x00000000
core   0: 0x80008682 (0xbe96ae93) slti    t4, a3, -1047
core   0: 3 0x80008682 (0xbe96ae93) x29 0x00000000
core   0: 0x80008686 (0x0000499d) c.li    s3, 7
core   0: 3 0x80008686 (0x499d) x19 0x00000007
core   0: 0x80008688 (0x00391f03) lh      t5, 3(s2)
core   0: 3 0x80008688 (0x00391f03) x30 0x00000000 mem 0x8001aabc
core   0: 0x8000868c (0x00a94683) lbu     a3, 10(s2)
core   0: 3 0x8000868c (0x00a94683) x13 0x00000000 mem 0x8001aac3
core   0: 0x80008690 (0x418ed993) srai    s3, t4, 24
core   0: 3 0x80008690 (0x418ed993) x19 0x00000000
core   0: 0x80008694 (0x41ee59b3) sra     s3, t3, t5
core   0: 3 0x80008694 (0x41ee59b3) x19 0x00000000
core   0: 0x80008698 (0x01d9d9b3) srl     s3, s3, t4
core   0: 3 0x80008698 (0x01d9d9b3) x19 0x00000000
core   0: 0x8000869c (0x000082a1) c.srli  a3, 8
core   0: 3 0x8000869c (0x82a1) x13 0x00000000
core   0: 0x8000869e (0x00094a03) lbu     s4, 0(s2)
core   0: 3 0x8000869e (0x00094a03) x20 0x00000000 mem 0x8001aab9
core   0: 0x800086a2 (0xff494f03) lbu     t5, -12(s2)
core   0: 3 0x800086a2 (0xff494f03) x30 0x00000000 mem 0x8001aaad
core   0: 0x800086a6 (0xff991a03) lh      s4, -7(s2)
core   0: 3 0x800086a6 (0xff991a03) x20 0x00000000 mem 0x8001aab2
core   0: 0x800086aa (0x9df68e93) addi    t4, a3, -1569
core   0: 3 0x800086aa (0x9df68e93) x29 0xfffff9df
core   0: 0x800086ae (0x188e6693) ori     a3, t3, 392
core   0: 3 0x800086ae (0x188e6693) x13 0x00000188
core   0: 0x800086b2 (0x414e0a33) sub     s4, t3, s4
core   0: 3 0x800086b2 (0x414e0a33) x20 0x00000000
core   0: 0x800086b6 (0x01da56b3) srl     a3, s4, t4
core   0: 3 0x800086b6 (0x01da56b3) x13 0x00000000
core   0: 0x800086ba (0x013902a3) sb      s3, 5(s2)
core   0: 3 0x800086ba (0x013902a3) mem 0x8001aabe 0x00
core   0: 0x800086be (0x00b90983) lb      s3, 11(s2)
core   0: 3 0x800086be (0x00b90983) x19 0x00000000 mem 0x8001aac4
core   0: 0x800086c2 (0xff490f23) sb      s4, -2(s2)
core   0: 3 0x800086c2 (0xff490f23) mem 0x8001aab7 0x00
core   0: 0x800086c6 (0x00f91e03) lh      t3, 15(s2)
core   0: 3 0x800086c6 (0x00f91e03) x28 0x00000000 mem 0x8001aac8
core   0: 0x800086ca (0x000006f2) c.slli  a3, 28
core   0: 3 0x800086ca (0x06f2) x13 0x00000000
core   0: 0x800086cc (0x82ea6a13) ori     s4, s4, -2002
core   0: 3 0x800086cc (0x82ea6a13) x20 0xfffff82e
core   0: 0x800086d0 (0x00890983) lb      s3, 8(s2)
core   0: 3 0x800086d0 (0x00890983) x19 0x00000000 mem 0x8001aac1
core   0: 0x800086d4 (0x00008eb5) c.xor   a3, a3
core   0: 3 0x800086d4 (0x8eb5) x13 0x00000000
core   0: 0x800086d6 (0x03d9feb3) remu    t4, s3, t4
core   0: 3 0x800086d6 (0x03d9feb3) x29 0x00000000
core   0: 0x800086da (0x00494a03) lbu     s4, 4(s2)
core   0: 3 0x800086da (0x00494a03) x20 0x00000000 mem 0x8001aabd
core   0: 0x800086de (0x01c90623) sb      t3, 12(s2)
core   0: 3 0x800086de (0x01c90623) mem 0x8001aac5 0x00
core   0: 0x800086e2 (0x00e94a03) lbu     s4, 14(s2)
core   0: 3 0x800086e2 (0x00e94a03) x20 0x00000000 mem 0x8001aac7
core   0: 0x800086e6 (0x0200076f) jal     a4, pc + 0x20
core   0: 3 0x800086e6 (0x0200076f) x14 0x800086ea
core   0: 0x80008706 (0xfffff0ef) jal     pc - 0x2
core   0: 3 0x80008706 (0xfffff0ef) x1  0x8000870a
core   0: 0x80008704 (0x00003fd5) c.jal   pc - 12
core   0: 3 0x80008704 (0x3fd5) x1  0x80008706
core   0: 0x800086f8 (0x0000bfd5) c.j     pc - 12
core   0: 3 0x800086f8 (0xbfd5)
core   0: 0x800086ec (0x00002809) c.jal   pc + 18
core   0: 3 0x800086ec (0x2809) x1  0x800086ee
core   0: 0x800086fe (0x000037f5) c.jal   pc - 20
core   0: 3 0x800086fe (0x37f5) x1  0x80008700
core   0: 0x800086ea (0x00002031) c.jal   pc + 12
core   0: 3 0x800086ea (0x2031) x1  0x800086ec
core   0: 0x800086f6 (0x00003ff5) c.jal   pc - 4
core   0: 3 0x800086f6 (0x3ff5) x1  0x800086f8
core   0: 0x800086f2 (0x00e0036f) jal     t1, pc + 0xe
core   0: 3 0x800086f2 (0x00e0036f) x6  0x800086f6
core   0: 0x80008700 (0xfefff0ef) jal     pc - 0x12
core   0: 3 0x80008700 (0xfefff0ef) x1  0x80008704
core   0: 0x800086ee (0x01e000ef) jal     pc + 0x1e
core   0: 3 0x800086ee (0x01e000ef) x1  0x800086f2
core   0: 0x8000870c (0x00002009) c.jal   pc + 2
core   0: 3 0x8000870c (0x2009) x1  0x8000870e
core   0: 0x8000870e (0xffdff0ef) jal     pc - 0x4
core   0: 3 0x8000870e (0xffdff0ef) x1  0x80008712
core   0: 0x8000870a (0x00003fc5) c.jal   pc - 16
core   0: 3 0x8000870a (0x3fc5) x1  0x8000870c
core   0: 0x800086fa (0x0180026f) jal     tp, pc + 0x18
core   0: 3 0x800086fa (0x0180026f) x4  0x800086fe
core   0: 0x80008712 (0x00008c05) c.sub   s0, s1
core   0: 3 0x80008712 (0x8c05) x8  0x7ffda1f2
core   0: 0x80008714 (0x00008b97) auipc   s7, 0x8
core   0: 3 0x80008714 (0x00008b97) x23 0x80010714
core   0: 0x80008718 (0x02cb8b93) addi    s7, s7, 44
core   0: 3 0x80008718 (0x02cb8b93) x23 0x80010740
core   0: 0x8000871c (0x0000924a) c.add   tp, s2
core   0: 3 0x8000871c (0x924a) x4  0x000231b7
core   0: 0x8000871e (0xfeab8f23) sb      a0, -2(s7)
core   0: 3 0x8000871e (0xfeab8f23) mem 0x8001073e 0x00
core   0: 0x80008722 (0xe97d6293) ori     t0, s10, -361
core   0: 3 0x80008722 (0xe97d6293) x5  0xfffffe97
core   0: 0x80008726 (0x007b8003) lb      zero, 7(s7)
core   0: 3 0x80008726 (0x007b8003) mem 0x80010747
core   0: 0x8000872a (0x00008c45) c.or    s0, s1
core   0: 3 0x8000872a (0x8c45) x8  0x7ffda1f7
core   0: 0x8000872c (0x020bab03) lw      s6, 32(s7)
core   0: 3 0x8000872c (0x020bab03) x22 0x00000000 mem 0x80010760
core   0: 0x80008730 (0x00008a6e) c.mv    s4, s11
core   0: 3 0x80008730 (0x8a6e) x20 0x00000000
core   0: 0x80008732 (0x00008fad) c.xor   a5, a1
core   0: 3 0x80008732 (0x8fad) x15 0x511efe08
core   0: 0x80008734 (0xfc1bc703) lbu     a4, -63(s7)
core   0: 3 0x80008734 (0xfc1bc703) x14 0x00000000 mem 0x80010701
core   0: 0x80008738 (0xfdab80a3) sb      s10, -63(s7)
core   0: 3 0x80008738 (0xfdab80a3) mem 0x80010701 0x00
core   0: 0x8000873c (0xfcbb80a3) sb      a1, -63(s7)
core   0: 3 0x8000873c (0xfcbb80a3) mem 0x80010701 0x08
core   0: 0x80008740 (0xff6b9683) lh      a3, -10(s7)
core   0: 3 0x80008740 (0xff6b9683) x13 0x00000000 mem 0x80010736
core   0: 0x80008744 (0xfc7bc183) lbu     gp, -57(s7)
core   0: 3 0x80008744 (0xfc7bc183) x3  0x00000000 mem 0x80010707
core   0: 0x80008748 (0xfddb8283) lb      t0, -35(s7)
core   0: 3 0x80008748 (0xfddb8283) x5  0x00000000 mem 0x8001071d
core   0: 0x8000874c (0x39d0be13) sltiu   t3, ra, 925
core   0: 3 0x8000874c (0x39d0be13) x28 0x00000000
core   0: 0x80008750 (0x000084a1) c.srai  s1, 8
core   0: 3 0x80008750 (0x84a1) x9  0x00000000
core   0: 0x80008752 (0xfd2b8aa3) sb      s2, -43(s7)
core   0: 3 0x80008752 (0xfd2b8aa3) mem 0x80010715 0xb9
core   0: 0x80008756 (0x019bc483) lbu     s1, 25(s7)
core   0: 3 0x80008756 (0x019bc483) x9  0x00000000 mem 0x80010759
core   0: 0x8000875a (0xfefb8903) lb      s2, -17(s7)
core   0: 3 0x8000875a (0xfefb8903) x18 0x00000000 mem 0x8001072f
core   0: 0x8000875e (0x00008997) auipc   s3, 0x8
core   0: 3 0x8000875e (0x00008997) x19 0x8001075e
core   0: 0x80008762 (0x08898993) addi    s3, s3, 136
core   0: 3 0x80008762 (0x08898993) x19 0x800107e6
core   0: 0x80008766 (0xff29ae83) lw      t4, -14(s3)
core   0: 3 0x80008766 (0xff29ae83) x29 0x00000000 mem 0x800107d8
core   0: 0x8000876a (0x00008e2d) c.xor   a2, a1
core   0: 3 0x8000876a (0x8e2d) x12 0x483a7b48
core   0: 0x8000876c (0xff598183) lb      gp, -11(s3)
core   0: 3 0x8000876c (0xff598183) x3  0x00000000 mem 0x800107db
core   0: 0x80008770 (0x015c9e33) sll     t3, s9, s5
core   0: 3 0x80008770 (0x015c9e33) x28 0x00000000
core   0: 0x80008774 (0x0105e433) or      s0, a1, a6
core   0: 3 0x80008774 (0x0105e433) x8  0xf7ef7fff
core   0: 0x80008778 (0x012984a3) sb      s2, 9(s3)
core   0: 3 0x80008778 (0x012984a3) mem 0x800107ef 0x00
core   0: 0x8000877c (0x00f98a03) lb      s4, 15(s3)
core   0: 3 0x8000877c (0x00f98a03) x20 0x00000000 mem 0x800107f5
core   0: 0x80008780 (0x00f98a83) lb      s5, 15(s3)
core   0: 3 0x80008780 (0x00f98a83) x21 0x00000000 mem 0x800107f5
core   0: 0x80008784 (0x00000f0a) c.slli  t5, 2
core   0: 3 0x80008784 (0x0f0a) x30 0x00000000
core   0: 0x80008786 (0xff79c703) lbu     a4, -9(s3)
core   0: 3 0x80008786 (0xff79c703) x14 0x00000000 mem 0x800107dd
core   0: 0x8000878a (0x00009e52) c.add   t3, s4
core   0: 3 0x8000878a (0x9e52) x28 0x00000000
core   0: 0x8000878c (0x7cbbfb37) lui     s6, 0x7cbbf
core   0: 3 0x8000878c (0x7cbbfb37) x22 0x7cbbf000
core   0: 0x80008790 (0x00000906) c.slli  s2, 1
core   0: 3 0x80008790 (0x0906) x18 0x00000000
core   0: 0x80008792 (0x005980a3) sb      t0, 1(s3)
core   0: 3 0x80008792 (0x005980a3) mem 0x800107e7 0x00
core   0: 0x80008796 (0x70147d93) andi    s11, s0, 1793
core   0: 3 0x80008796 (0x70147d93) x27 0x00000701
core   0: 0x8000879a (0x00d98603) lb      a2, 13(s3)
core   0: 3 0x8000879a (0x00d98603) x12 0x00000000 mem 0x800107f3
core   0: 0x8000879e (0x0019ca83) lbu     s5, 1(s3)
core   0: 3 0x8000879e (0x0019ca83) x21 0x00000000 mem 0x800107e7
core   0: 0x800087a2 (0x00d985a3) sb      a3, 11(s3)
core   0: 3 0x800087a2 (0x00d985a3) mem 0x800107f1 0x00
core   0: 0x800087a6 (0x004984a3) sb      tp, 9(s3)
core   0: 3 0x800087a6 (0x004984a3) mem 0x800107ef 0xb7
core   0: 0x800087aa (0xff69c003) lbu     zero, -10(s3)
core   0: 3 0x800087aa (0xff69c003) mem 0x800107dc
core   0: 0x800087ae (0xff09ce03) lbu     t3, -16(s3)
core   0: 3 0x800087ae (0xff09ce03) x28 0x00000000 mem 0x800107d6
core   0: 0x800087b2 (0x01699223) sh      s6, 4(s3)
core   0: 3 0x800087b2 (0x01699223) mem 0x800107ea 0xf000
core   0: 0x800087b6 (0x03c3d0b3) divu    ra, t2, t3
core   0: 3 0x800087b6 (0x03c3d0b3) x1  0xffffffff
core   0: 0x800087ba (0x0149f633) and     a2, s3, s4
core   0: 3 0x800087ba (0x0149f633) x12 0x00000000
core   0: 0x800087be (0x01716eb3) or      t4, sp, s7
core   0: 3 0x800087be (0x01716eb3) x29 0x800107d0
core   0: 0x800087c2 (0xff398f83) lb      t6, -13(s3)
core   0: 3 0x800087c2 (0xff398f83) x31 0x00000000 mem 0x800107d9
core   0: 0x800087c6 (0x03807933) remu    s2, zero, s8
core   0: 3 0x800087c6 (0x03807933) x18 0x00000000
core   0: 0x800087ca (0x00008c89) c.sub   s1, a0
core   0: 3 0x800087ca (0x8c89) x9  0x00000000
core   0: 0x800087cc (0xff19c783) lbu     a5, -15(s3)
core   0: 3 0x800087cc (0xff19c783) x15 0x00000000 mem 0x800107d7
core   0: 0x800087d0 (0xff59c483) lbu     s1, -11(s3)
core   0: 3 0x800087d0 (0xff59c483) x9  0x00000000 mem 0x800107db
core   0: 0x800087d4 (0xfe1bad93) slti    s11, s7, -31
core   0: 3 0x800087d4 (0xfe1bad93) x27 0x00000001
core   0: 0x800087d8 (0x03107333) remu    t1, zero, a7
core   0: 3 0x800087d8 (0x03107333) x6  0x00000000
core   0: 0x800087dc (0xfe2988a3) sb      sp, -15(s3)
core   0: 3 0x800087dc (0xfe2988a3) mem 0x800107d7 0x90
core   0: 0x800087e0 (0xfec99b23) sh      a2, -10(s3)
core   0: 3 0x800087e0 (0xfec99b23) mem 0x800107dc 0x0000
core   0: 0x800087e4 (0x03b4f4b3) remu    s1, s1, s11
core   0: 3 0x800087e4 (0x03b4f4b3) x9  0x00000000
core   0: 0x800087e8 (0xff39c083) lbu     ra, -13(s3)
core   0: 3 0x800087e8 (0xff39c083) x1  0x00000000 mem 0x800107d9
core   0: 0x800087ec (0x019983a3) sb      s9, 7(s3)
core   0: 3 0x800087ec (0x019983a3) mem 0x800107ed 0x00
core   0: 0x800087f0 (0xffe99a23) sh      t5, -12(s3)
core   0: 3 0x800087f0 (0xffe99a23) mem 0x800107da 0x0000
core   0: 0x800087f4 (0xff598103) lb      sp, -11(s3)
core   0: 3 0x800087f4 (0xff598103) x2  0x00000000 mem 0x800107db
core   0: 0x800087f8 (0x0000694d) c.lui   s2, 0x13
core   0: 3 0x800087f8 (0x694d) x18 0x00013000
core   0: 0x800087fa (0xff598aa3) sb      s5, -11(s3)
core   0: 3 0x800087fa (0xff598aa3) mem 0x800107db 0x00
core   0: 0x800087fe (0x000084a9) c.srai  s1, 10
core   0: 3 0x800087fe (0x84a9) x9  0x00000000
core   0: 0x80008800 (0x016dc1b3) xor     gp, s11, s6
core   0: 3 0x80008800 (0x016dc1b3) x3  0x7cbbf001
core   0: 0x80008804 (0xd73aca93) xori    s5, s5, -653
core   0: 3 0x80008804 (0xd73aca93) x21 0xfffffd73
core   0: 0x80008808 (0x40ead913) srai    s2, s5, 14
core   0: 3 0x80008808 (0x40ead913) x18 0xffffffff
core   0: 0x8000880c (0x0000527d) c.li    tp, -1
core   0: 3 0x8000880c (0x527d) x4  0xffffffff
core   0: 0x8000880e (0x00008321) c.srli  a4, 8
core   0: 3 0x8000880e (0x8321) x14 0x00000000
core   0: 0x80008810 (0x3d81f113) andi    sp, gp, 984
core   0: 3 0x80008810 (0x3d81f113) x2  0x00000000
core   0: 0x80008814 (0x003624b3) slt     s1, a2, gp
core   0: 3 0x80008814 (0x003624b3) x9  0x00000001
core   0: 0x80008818 (0xff798ca3) sb      s7, -7(s3)
core   0: 3 0x80008818 (0xff798ca3) mem 0x800107df 0x40
core   0: 0x8000881c (0x00008961) c.andi  a0, 24
core   0: 3 0x8000881c (0x8961) x10 0x00000000
core   0: 0x8000881e (0x79e97913) andi    s2, s2, 1950
core   0: 3 0x8000881e (0x79e97913) x18 0x0000079e
core   0: 0x80008822 (0x0000937e) c.add   t1, t6
core   0: 3 0x80008822 (0x937e) x6  0x00000000
core   0: 0x80008824 (0x00b98a03) lb      s4, 11(s3)
core   0: 3 0x80008824 (0x00b98a03) x20 0x00000000 mem 0x800107f1
core   0: 0x80008828 (0x413800b3) sub     ra, a6, s3
core   0: 3 0x80008828 (0x413800b3) x1  0xf7ee2219
core   0: 0x8000882c (0xd8057393) andi    t2, a0, -640
core   0: 3 0x8000882c (0xd8057393) x7  0x00000000
core   0: 0x80008830 (0x00798183) lb      gp, 7(s3)
core   0: 3 0x80008830 (0x00798183) x3  0x00000000 mem 0x800107ed
core   0: 0x80008834 (0xff298483) lb      s1, -14(s3)
core   0: 3 0x80008834 (0xff298483) x9  0x00000000 mem 0x800107d8
core   0: 0x80008838 (0x0041fc63) bgeu    gp, tp, pc + 24
core   0: 3 0x80008838 (0x0041fc63)
core   0: 0x8000883c (0x0200076f) jal     a4, pc + 0x20
core   0: 3 0x8000883c (0x0200076f) x14 0x80008840
core   0: 0x8000885c (0xfedff36f) jal     t1, pc - 0x14
core   0: 3 0x8000885c (0xfedff36f) x6  0x80008860
core   0: 0x80008848 (0x00002839) c.jal   pc + 30
core   0: 3 0x80008848 (0x2839) x1  0x8000884a
core   0: 0x80008866 (0x00002011) c.jal   pc + 4
core   0: 3 0x80008866 (0x2011) x1  0x80008868
core   0: 0x8000886a (0x000037cd) c.jal   pc - 30
core   0: 3 0x8000886a (0x37cd) x1  0x8000886c
core   0: 0x8000884c (0x00a000ef) jal     pc + 0xa
core   0: 3 0x8000884c (0x00a000ef) x1  0x80008850
core   0: 0x80008856 (0x00003fd5) c.jal   pc - 12
core   0: 3 0x80008856 (0x3fd5) x1  0x80008858
core   0: 0x8000884a (0x00003fed) c.jal   pc - 6
core   0: 3 0x8000884a (0x3fed) x1  0x8000884c
core   0: 0x80008844 (0x046000ef) jal     pc + 0x46
core   0: 3 0x80008844 (0x046000ef) x1  0x80008848
core   0: 0x8000888a (0x00002011) c.jal   pc + 4
core   0: 3 0x8000888a (0x2011) x1  0x8000888c
core   0: 0x8000888e (0xfd3ff36f) jal     t1, pc - 0x2e
core   0: 3 0x8000888e (0xfd3ff36f) x6  0x80008892
core   0: 0x80008860 (0x0000a031) c.j     pc + 12
core   0: 3 0x80008860 (0xa031)
core   0: 0x8000886c (0x00002019) c.jal   pc + 6
core   0: 3 0x8000886c (0x2019) x1  0x8000886e
core   0: 0x80008872 (0x000037f9) c.jal   pc - 50
core   0: 3 0x80008872 (0x37f9) x1  0x80008874
core   0: 0x80008840 (0x0280036f) jal     t1, pc + 0x28
core   0: 3 0x80008840 (0x0280036f) x6  0x80008844
core   0: 0x80008868 (0x0000bfcd) c.j     pc - 14
core   0: 3 0x80008868 (0xbfcd)
core   0: 0x8000885a (0x0000a021) c.j     pc + 8
core   0: 3 0x8000885a (0xa021)
core   0: 0x80008862 (0x0000202d) c.jal   pc + 42
core   0: 3 0x80008862 (0x202d) x1  0x80008864
core   0: 0x8000888c (0x0000bfd5) c.j     pc - 12
core   0: 3 0x8000888c (0xbfd5)
core   0: 0x80008880 (0xfd3ff36f) jal     t1, pc - 0x2e
core   0: 3 0x80008880 (0xfd3ff36f) x6  0x80008884
core   0: 0x80008852 (0x032000ef) jal     pc + 0x32
core   0: 3 0x80008852 (0x032000ef) x1  0x80008856
core   0: 0x80008884 (0x00002039) c.jal   pc + 14
core   0: 3 0x80008884 (0x2039) x1  0x80008886
core   0: 0x80008892 (0x00003fc9) c.jal   pc - 46
core   0: 3 0x80008892 (0x3fc9) x1  0x80008894
core   0: 0x80008864 (0x0000a00d) c.j     pc + 34
core   0: 3 0x80008864 (0xa00d)
core   0: 0x80008886 (0xff7ff0ef) jal     pc - 0xa
core   0: 3 0x80008886 (0xff7ff0ef) x1  0x8000888a
core   0: 0x8000887c (0xff9ff0ef) jal     pc - 0x8
core   0: 3 0x8000887c (0xff9ff0ef) x1  0x80008880
core   0: 0x80008874 (0x0040036f) jal     t1, pc + 0x4
core   0: 3 0x80008874 (0x0040036f) x6  0x80008878
core   0: 0x80008878 (0xff7ff36f) jal     t1, pc - 0xa
core   0: 3 0x80008878 (0xff7ff36f) x6  0x8000887c
core   0: 0x8000886e (0xfebff0ef) jal     pc - 0x16
core   0: 3 0x8000886e (0xfebff0ef) x1  0x80008872
core   0: 0x80008858 (0x0000bfe5) c.j     pc - 8
core   0: 3 0x80008858 (0xbfe5)
core   0: 0x80008850 (0x0000a091) c.j     pc + 68
core   0: 3 0x80008850 (0xa091)
core   0: 0x80008894 (0x00009a26) c.add   s4, s1
core   0: 3 0x80008894 (0x9a26) x20 0x00000000
core   0: 0x80008896 (0x000086e5) c.srai  a3, 25
core   0: 3 0x80008896 (0x86e5) x13 0x00000000
core   0: 0x80008898 (0x03d3c7b3) div     a5, t2, t4
core   0: 3 0x80008898 (0x03d3c7b3) x15 0x00000000
core   0: 0x8000889c (0x025eb533) mulhu   a0, t4, t0
core   0: 3 0x8000889c (0x025eb533) x10 0x00000000
core   0: 0x800088a0 (0x02935133) divu    sp, t1, s1
core   0: 3 0x800088a0 (0x02935133) x2  0xffffffff
core   0: 0x800088a4 (0x035fda63) bge     t6, s5, pc + 52
core   0: 3 0x800088a4 (0x035fda63)
core   0: 0x800088d8 (0x5d4eec13) ori     s8, t4, 1492
core   0: 3 0x800088d8 (0x5d4eec13) x24 0x800107d4
core   0: 0x800088dc (0x0169f763) bgeu    s3, s6, pc + 14
core   0: 3 0x800088dc (0x0169f763)
core   0: 0x800088ea (0x000083c9) c.srli  a5, 18
core   0: 3 0x800088ea (0x83c9) x15 0x00000000
core   0: 0x800088ec (0x00008415) c.srai  s0, 5
core   0: 3 0x800088ec (0x8415) x8  0xffbf7bff
core   0: 0x800088ee (0x03a29b33) mulh    s6, t0, s10
core   0: 3 0x800088ee (0x03a29b33) x22 0x00000000
core   0: 0x800088f2 (0xb48bbb93) sltiu   s7, s7, -1208
core   0: 3 0x800088f2 (0xb48bbb93) x23 0x00000001
core   0: 0x800088f6 (0xef85ac93) slti    s9, a1, -264
core   0: 3 0x800088f6 (0xef85ac93) x25 0x00000001
core   0: 0x800088fa (0x00008fc6) c.mv    t6, a7
core   0: 3 0x800088fa (0x8fc6) x31 0x80029ce4
core   0: 0x800088fc (0x03289963) bne     a7, s2, pc + 50
core   0: 3 0x800088fc (0x03289963)
core   0: 0x8000892e (0x02a860b3) rem     ra, a6, a0
core   0: 3 0x8000892e (0x02a860b3) x1  0x77ef29ff
core   0: 0x80008932 (0x000094d6) c.add   s1, s5
core   0: 3 0x80008932 (0x94d6) x9  0xfffffd73
core   0: 0x80008934 (0x000083d9) c.srli  a5, 22
core   0: 3 0x80008934 (0x83d9) x15 0x00000000
core   0: 0x80008936 (0x0000be17) auipc   t3, 0xb
core   0: 3 0x80008936 (0x0000be17) x28 0x80013936
core   0: 0x8000893a (0xa33e0e13) addi    t3, t3, -1485
core   0: 3 0x8000893a (0xa33e0e13) x28 0x80013369
core   0: 0x8000893e (0x0b8e01a3) sb      s8, 163(t3)
core   0: 3 0x8000893e (0x0b8e01a3) mem 0x8001340c 0xd4
core   0: 0x80008942 (0x0ece4a83) lbu     s5, 236(t3)
core   0: 3 0x80008942 (0x0ece4a83) x21 0x00000000 mem 0x80013455
core   0: 0x80008946 (0x00008d41) c.or    a0, s0
core   0: 3 0x80008946 (0x8d41) x10 0xffbf7bff
core   0: 0x80008948 (0xf1ee4903) lbu     s2, -226(t3)
core   0: 3 0x80008948 (0xf1ee4903) x18 0x00000000 mem 0x80013287
core   0: 0x8000894c (0x03be07a3) sb      s11, 47(t3)
core   0: 3 0x8000894c (0x03be07a3) mem 0x80013398 0x01
core   0: 0x80008950 (0xfade4703) lbu     a4, -83(t3)
core   0: 3 0x80008950 (0xfade4703) x14 0x00000000 mem 0x80013316
core   0: 0x80008954 (0x059e15a3) sh      s9, 75(t3)
core   0: 3 0x80008954 (0x059e15a3) mem 0x800133b4 0x0001
core   0: 0x80008958 (0x520def13) ori     t5, s11, 1312
core   0: 3 0x80008958 (0x520def13) x30 0x00000521
core   0: 0x8000895c (0x02b9ed33) rem     s10, s3, a1
core   0: 3 0x8000895c (0x02b9ed33) x26 0xfffea9de
core   0: 0x80008960 (0x071e0003) lb      zero, 113(t3)
core   0: 3 0x80008960 (0x071e0003) mem 0x800133da
core   0: 0x80008964 (0xf3ee10a3) sh      t5, -223(t3)
core   0: 3 0x80008964 (0xf3ee10a3) mem 0x8001328a 0x0521
core   0: 0x80008968 (0x09ee4603) lbu     a2, 158(t3)
core   0: 3 0x80008968 (0x09ee4603) x12 0x00000000 mem 0x80013407
core   0: 0x8000896c (0x031e4603) lbu     a2, 49(t3)
core   0: 3 0x8000896c (0x031e4603) x12 0x00000000 mem 0x8001339a
core   0: 0x80008970 (0x02340b33) mul     s6, s0, gp
core   0: 3 0x80008970 (0x02340b33) x22 0x00000000
core   0: 0x80008974 (0xfbee0b83) lb      s7, -66(t3)
core   0: 3 0x80008974 (0xfbee0b83) x23 0x00000000 mem 0x80013327
core   0: 0x80008978 (0x07ae4383) lbu     t2, 122(t3)
core   0: 3 0x80008978 (0x07ae4383) x7  0x00000000 mem 0x800133e3
core   0: 0x8000897c (0x00008e55) c.or    a2, a3
core   0: 3 0x8000897c (0x8e55) x12 0x00000000
core   0: 0x8000897e (0x00008b8d) c.andi  a5, 3
core   0: 3 0x8000897e (0x8b8d) x15 0x00000000
core   0: 0x80008980 (0x11eb7a13) andi    s4, s6, 286
core   0: 3 0x80008980 (0x11eb7a13) x20 0x00000000
core   0: 0x80008984 (0x06ae0503) lb      a0, 106(t3)
core   0: 3 0x80008984 (0x06ae0503) x10 0x00000000 mem 0x800133d3
core   0: 0x80008988 (0x00000001) c.nop
core   0: 3 0x80008988 (0x0001)
core   0: 0x8000898a (0x0dce0623) sb      t3, 204(t3)
core   0: 3 0x8000898a (0x0dce0623) mem 0x80013435 0x69
core   0: 0x8000898e (0xf91e0003) lb      zero, -111(t3)
core   0: 3 0x8000898e (0xf91e0003) mem 0x800132fa
core   0: 0x80008992 (0xff6c6293) ori     t0, s8, -10
core   0: 3 0x80008992 (0xff6c6293) x5  0xfffffff6
core   0: 0x80008996 (0x036e0823) sb      s6, 48(t3)
core   0: 3 0x80008996 (0x036e0823) mem 0x80013399 0x00
core   0: 0x8000899a (0x057e0f03) lb      t5, 87(t3)
core   0: 3 0x8000899a (0x057e0f03) x30 0x00000000 mem 0x800133c0
core   0: 0x8000899e (0x4db7db17) auipc   s6, 0x4db7d
core   0: 3 0x8000899e (0x4db7db17) x22 0xcdb8599e
core   0: 0x800089a2 (0x00959f13) slli    t5, a1, 9
core   0: 3 0x800089a2 (0x00959f13) x30 0x04bc1000
core   0: 0x800089a6 (0x01e634b3) sltu    s1, a2, t5
core   0: 3 0x800089a6 (0x01e634b3) x9  0x00000001
core   0: 0x800089aa (0xfb3e4c03) lbu     s8, -77(t3)
core   0: 3 0x800089aa (0xfb3e4c03) x24 0x00000000 mem 0x8001331c
core   0: 0x800089ae (0xf50e4603) lbu     a2, -176(t3)
core   0: 3 0x800089ae (0xf50e4603) x12 0x00000000 mem 0x800132b9
core   0: 0x800089b2 (0x00008fd9) c.or    a5, a4
core   0: 3 0x800089b2 (0x8fd9) x15 0x00000000
core   0: 0x800089b4 (0x0d6e0d23) sb      s6, 218(t3)
core   0: 3 0x800089b4 (0x0d6e0d23) mem 0x80013443 0x9e
core   0: 0x800089b8 (0x067e2a03) lw      s4, 103(t3)
core   0: 3 0x800089b8 (0x067e2a03) x20 0x00000000 mem 0x800133d0
core   0: 0x800089bc (0xfcbe4b03) lbu     s6, -53(t3)
core   0: 3 0x800089bc (0xfcbe4b03) x22 0x00000000 mem 0x80013334
core   0: 0x800089c0 (0xf02e12a3) sh      sp, -251(t3)
core   0: 3 0x800089c0 (0xf02e12a3) mem 0x8001326e 0xffff
core   0: 0x800089c4 (0xf9ce4d03) lbu     s10, -100(t3)
core   0: 3 0x800089c4 (0xf9ce4d03) x26 0x00000000 mem 0x80013305
core   0: 0x800089c8 (0x00000001) c.nop
core   0: 3 0x800089c8 (0x0001)
core   0: 0x800089ca (0x001816b3) sll     a3, a6, ra
core   0: 3 0x800089ca (0x001816b3) x13 0x80000000
core   0: 0x800089ce (0x00328eb3) add     t4, t0, gp
core   0: 3 0x800089ce (0x00328eb3) x29 0xfffffff6
core   0: 0x800089d2 (0x9ba8a393) slti    t2, a7, -1606
core   0: 3 0x800089d2 (0x9ba8a393) x7  0x00000001
core   0: 0x800089d6 (0x00008cdd) c.or    s1, a5
core   0: 3 0x800089d6 (0x8cdd) x9  0x00000001
core   0: 0x800089d8 (0x99f10a13) addi    s4, sp, -1633
core   0: 3 0x800089d8 (0x99f10a13) x20 0xfffff99e
core   0: 0x800089dc (0x03ba41b3) div     gp, s4, s11
core   0: 3 0x800089dc (0x03ba41b3) x3  0xfffff99e
core   0: 0x800089e0 (0x014b5eb3) srl     t4, s6, s4
core   0: 3 0x800089e0 (0x014b5eb3) x29 0x00000000
core   0: 0x800089e4 (0x01e0f733) and     a4, ra, t5
core   0: 3 0x800089e4 (0x01e0f733) x14 0x04ac0000
core   0: 0x800089e8 (0x0aaf4693) xori    a3, t5, 170
core   0: 3 0x800089e8 (0x0aaf4693) x13 0x04bc10aa
core   0: 0x800089ec (0x00008121) c.srli  a0, 8
core   0: 3 0x800089ec (0x8121) x10 0x00000000
core   0: 0x800089ee (0x007a9f63) bne     s5, t2, pc + 30
core   0: 3 0x800089ee (0x007a9f63)
core   0: 0x80008a0c (0x01966933) or      s2, a2, s9
core   0: 3 0x80008a0c (0x01966933) x18 0x00000001
core   0: 0x80008a10 (0x00000001) c.nop
core   0: 3 0x80008a10 (0x0001)
core   0: 0x80008a12 (0x411751b3) sra     gp, a4, a7
core   0: 3 0x80008a12 (0x411751b3) x3  0x004ac000
core   0: 0x80008a16 (0x01e35bb3) srl     s7, t1, t5
core   0: 3 0x80008a16 (0x01e35bb3) x23 0x8000887c
core   0: 0x80008a1a (0x150e6113) ori     sp, t3, 336
core   0: 3 0x80008a1a (0x150e6113) x2  0x80013379
core   0: 0x80008a1e (0x00008e91) c.sub   a3, a2
core   0: 3 0x80008a1e (0x8e91) x13 0x04bc10aa
core   0: 0x80008a20 (0x0000c41d) c.beqz  s0, pc + 46
core   0: 3 0x80008a20 (0xc41d)
core   0: 0x80008a22 (0x00008c81) c.sub   s1, s0
core   0: 3 0x80008a22 (0x8c81) x9  0x00408402
core   0: 0x80008a24 (0x00000001) c.nop
core   0: 3 0x80008a24 (0x0001)
core   0: 0x80008a26 (0x000051fd) c.li    gp, -1
core   0: 3 0x80008a26 (0x51fd) x3  0xffffffff
core   0: 0x80008a28 (0x00008c09) c.sub   s0, a0
core   0: 3 0x80008a28 (0x8c09) x8  0xffbf7bff
core   0: 0x80008a2a (0x00000d2d) c.addi  s10, 11
core   0: 3 0x80008a2a (0x0d2d) x26 0x0000000b
core   0: 0x80008a2c (0x00ff0db3) add     s11, t5, a5
core   0: 3 0x80008a2c (0x00ff0db3) x27 0x04bc1000
core   0: 0x80008a30 (0xdf9eb313) sltiu   t1, t4, -519
core   0: 3 0x80008a30 (0xdf9eb313) x6  0x00000001
core   0: 0x80008a34 (0x33e5f693) andi    a3, a1, 830
core   0: 3 0x80008a34 (0x33e5f693) x13 0x00000208
core   0: 0x80008a38 (0x14559717) auipc   a4, 0x14559
core   0: 3 0x80008a38 (0x14559717) x14 0x94561a38
core   0: 0x80008a3c (0x00009a7d) c.andi  a2, -1
core   0: 3 0x80008a3c (0x9a7d) x12 0x00000000
core   0: 0x80008a3e (0x007227b3) slt     a5, tp, t2
core   0: 3 0x80008a3e (0x007227b3) x15 0x00000001
core   0: 0x80008a42 (0xa04d6713) ori     a4, s10, -1532
core   0: 3 0x80008a42 (0xa04d6713) x14 0xfffffa0f
core   0: 0x80008a46 (0x02a44cb3) div     s9, s0, a0
core   0: 3 0x80008a46 (0x02a44cb3) x25 0xffffffff
core   0: 0x80008a4a (0x01d98663) beq     s3, t4, pc + 12
core   0: 3 0x80008a4a (0x01d98663)
core   0: 0x80008a4e (0x416801b3) sub     gp, a6, s6
core   0: 3 0x80008a4e (0x416801b3) x3  0x77ef29ff
core   0: 0x80008a52 (0x02db4db3) div     s11, s6, a3
core   0: 3 0x80008a52 (0x02db4db3) x27 0x00000000
core   0: 0x80008a56 (0x0000ec8d) c.bnez  s1, pc + 58
core   0: 3 0x80008a56 (0xec8d)
core   0: 0x80008a90 (0x01c0be33) sltu    t3, ra, t3
core   0: 3 0x80008a90 (0x01c0be33) x28 0x00000001
core   0: 0x80008a94 (0x9a53e613) ori     a2, t2, -1627
core   0: 3 0x80008a94 (0x9a53e613) x12 0xfffff9a5
core   0: 0x80008a98 (0x01597563) bgeu    s2, s5, pc + 10
core   0: 3 0x80008a98 (0x01597563)
core   0: 0x80008aa2 (0x5abe7e13) andi    t3, t3, 1451
core   0: 3 0x80008aa2 (0x5abe7e13) x28 0x00000001
core   0: 0x80008aa6 (0x028370b3) remu    ra, t1, s0
core   0: 3 0x80008aa6 (0x028370b3) x1  0x00000001
core   0: 0x80008aaa (0x00000b21) c.addi  s6, 8
core   0: 3 0x80008aaa (0x0b21) x22 0x00000008
core   0: 0x80008aac (0x00008ca5) c.xor   s1, s1
core   0: 3 0x80008aac (0x8ca5) x9  0x00000000
core   0: 0x80008aae (0x00008095) c.srli  s1, 5
core   0: 3 0x80008aae (0x8095) x9  0x00000000
core   0: 0x80008ab0 (0x0000826d) c.srli  a2, 27
core   0: 3 0x80008ab0 (0x826d) x12 0x0000001f
core   0: 0x80008ab2 (0x00008cd1) c.or    s1, a2
core   0: 3 0x80008ab2 (0x8cd1) x9  0x0000001f
core   0: 0x80008ab4 (0x002ad633) srl     a2, s5, sp
core   0: 3 0x80008ab4 (0x002ad633) x12 0x00000000
core   0: 0x80008ab8 (0x01e5d393) srli    t2, a1, 30
core   0: 3 0x80008ab8 (0x01e5d393) x7  0x00000002
core   0: 0x80008abc (0x00006519) c.lui   a0, 0x6
core   0: 3 0x80008abc (0x6519) x10 0x00006000
core   0: 0x80008abe (0x00008f59) c.or    a4, a4
core   0: 3 0x80008abe (0x8f59) x14 0xfffffa0f
core   0: 0x80008ac0 (0x02ce5bb3) divu    s7, t3, a2
core   0: 3 0x80008ac0 (0x02ce5bb3) x23 0xffffffff
core   0: 0x80008ac4 (0x00008431) c.srai  s0, 12
core   0: 3 0x80008ac4 (0x8431) x8  0xfffffbf7
core   0: 0x80008ac6 (0xb3088513) addi    a0, a7, -1232
core   0: 3 0x80008ac6 (0xb3088513) x10 0x80029814
core   0: 0x80008aca (0x00008625) c.srai  a2, 9
core   0: 3 0x80008aca (0x8625) x12 0x00000000
core   0: 0x80008acc (0x02d35c33) divu    s8, t1, a3
core   0: 3 0x80008acc (0x02d35c33) x24 0x00000000
core   0: 0x80008ad0 (0x00001304) c.addi4spn s1, sp, 416
core   0: 3 0x80008ad0 (0x1304) x9  0x80013519
core   0: 0x80008ad2 (0x0000cd01) c.beqz  a0, pc + 24
core   0: 3 0x80008ad2 (0xcd01)
core   0: 0x80008ad4 (0xc9f2c9b7) lui     s3, 0xc9f2c
core   0: 3 0x80008ad4 (0xc9f2c9b7) x19 0xc9f2c000
core   0: 0x80008ad8 (0x01a54563) blt     a0, s10, pc + 10
core   0: 3 0x80008ad8 (0x01a54563)
core   0: 0x80008ae2 (0x036446b3) div     a3, s0, s6
core   0: 3 0x80008ae2 (0x036446b3) x13 0xffffff7f
core   0: 0x80008ae6 (0x00008ab2) c.mv    s5, a2
core   0: 3 0x80008ae6 (0x8ab2) x21 0x00000000
core   0: 0x80008ae8 (0x00009626) c.add   a2, s1
core   0: 3 0x80008ae8 (0x9626) x12 0x80013519
core   0: 0x80008aea (0x03a89ab3) mulh    s5, a7, s10
core   0: 3 0x80008aea (0x03a89ab3) x21 0xfffffffa
core   0: 0x80008aee (0x038b3a33) mulhu   s4, s6, s8
core   0: 3 0x80008aee (0x038b3a33) x20 0x00000000
core   0: 0x80008af2 (0x45cd93b7) lui     t2, 0x45cd9
core   0: 3 0x80008af2 (0x45cd93b7) x7  0x45cd9000
core   0: 0x80008af6 (0x00005efd) c.li    t4, -1
core   0: 3 0x80008af6 (0x5efd) x29 0xffffffff
core   0: 0x80008af8 (0x967f6697) auipc   a3, 0x967f6
core   0: 3 0x80008af8 (0x967f6697) x13 0x167feaf8
core   0: 0x80008afc (0x5e334d13) xori    s10, t1, 1507
core   0: 3 0x80008afc (0x5e334d13) x26 0x000005e2
core   0: 0x80008b00 (0x02b47563) bgeu    s0, a1, pc + 42
core   0: 3 0x80008b00 (0x02b47563)
core   0: 0x80008b2a (0x8b4d8293) addi    t0, s11, -1868
core   0: 3 0x80008b2a (0x8b4d8293) x5  0xfffff8b4
core   0: 0x80008b2e (0x01b9db63) bge     s3, s11, pc + 22
core   0: 3 0x80008b2e (0x01b9db63)
core   0: 0x80008b32 (0x0e716093) ori     ra, sp, 231
core   0: 3 0x80008b32 (0x0e716093) x1  0x800133ff
core   0: 0x80008b36 (0x000066b9) c.lui   a3, 0xe
core   0: 3 0x80008b36 (0x66b9) x13 0x0000e000
core   0: 0x80008b38 (0x1d87cc17) auipc   s8, 0x1d87c
core   0: 3 0x80008b38 (0x1d87cc17) x24 0x9d884b38
core   0: 0x80008b3c (0x025387b3) mul     a5, t2, t0
core   0: 3 0x80008b3c (0x025387b3) x15 0xa8094000
core   0: 0x80008b40 (0x00e11db3) sll     s11, sp, a4
core   0: 3 0x80008b40 (0x00e11db3) x27 0x99bc8000
core   0: 0x80008b44 (0xc33d8513) addi    a0, s11, -973
core   0: 3 0x80008b44 (0xc33d8513) x10 0x99bc7c33
core   0: 0x80008b48 (0x0000825d) c.srli  a2, 23
core   0: 3 0x80008b48 (0x825d) x12 0x00000100
core   0: 0x80008b4a (0x0000e131) c.bnez  a0, pc + 68
core   0: 3 0x80008b4a (0xe131)
core   0: 0x80008b8e (0x013f5113) srli    sp, t5, 19
core   0: 3 0x80008b8e (0x013f5113) x2  0x00000097
core   0: 0x80008b92 (0x2296c513) xori    a0, a3, 553
core   0: 3 0x80008b92 (0x2296c513) x10 0x0000e229
core   0: 0x80008b96 (0x0089c663) blt     s3, s0, pc + 12
core   0: 3 0x80008b96 (0x0089c663)
core   0: 0x80008ba2 (0x00257eb3) and     t4, a0, sp
core   0: 3 0x80008ba2 (0x00257eb3) x29 0x00000001
core   0: 0x80008ba6 (0x007c6eb3) or      t4, s8, t2
core   0: 3 0x80008ba6 (0x007c6eb3) x29 0xddcddb38
core   0: 0x80008baa (0x000054fd) c.li    s1, -1
core   0: 3 0x80008baa (0x54fd) x9  0xffffffff
core   0: 0x80008bac (0x000087b1) c.srai  a5, 12
core   0: 3 0x80008bac (0x87b1) x15 0xfffa8094
core   0: 0x80008bae (0x01fcc963) blt     s9, t6, pc + 18
core   0: 3 0x80008bae (0x01fcc963)
core   0: 0x80008bb2 (0x027bdcb3) divu    s9, s7, t2
core   0: 3 0x80008bb2 (0x027bdcb3) x25 0x00000003
core   0: 0x80008bb6 (0x00000001) c.nop
core   0: 3 0x80008bb6 (0x0001)
core   0: 0x80008bb8 (0x01ebdb93) srli    s7, s7, 30
core   0: 3 0x80008bb8 (0x01ebdb93) x23 0x00000003
core   0: 0x80008bbc (0x418e5d33) sra     s10, t3, s8
core   0: 3 0x80008bbc (0x418e5d33) x26 0x00000000
core   0: 0x80008bc0 (0x03ff7f63) bgeu    t5, t6, pc + 62
core   0: 3 0x80008bc0 (0x03ff7f63)
core   0: 0x80008bc4 (0x01675963) bge     a4, s6, pc + 18
core   0: 3 0x80008bc4 (0x01675963)
core   0: 0x80008bc8 (0x03c47a63) bgeu    s0, t3, pc + 52
core   0: 3 0x80008bc8 (0x03c47a63)
core   0: 0x80008bfc (0x00008e22) c.mv    t3, s0
core   0: 3 0x80008bfc (0x8e22) x28 0xfffffbf7
core   0: 0x80008bfe (0x00000f94) c.addi4spn a3, sp, 976
core   0: 3 0x80008bfe (0x0f94) x13 0x00000467
core   0: 0x80008c00 (0x000084c5) c.srai  s1, 17
core   0: 3 0x80008c00 (0x84c5) x9  0xffffffff
core   0: 0x80008c02 (0xbe8eab97) auipc   s7, 0xbe8ea
core   0: 3 0x80008c02 (0xbe8eab97) x23 0x3e8f2c02
core   0: 0x80008c06 (0x8ff18213) addi    tp, gp, -1793
core   0: 3 0x80008c06 (0x8ff18213) x4  0x77ef22fe
core   0: 0x80008c0a (0x0200d763) bgez    ra, pc + 46
core   0: 3 0x80008c0a (0x0200d763)
core   0: 0x80008c0e (0xba4de517) auipc   a0, 0xba4de
core   0: 3 0x80008c0e (0xba4de517) x10 0x3a4e6c0e
core   0: 0x80008c12 (0x02814ab3) div     s5, sp, s0
core   0: 3 0x80008c12 (0x02814ab3) x21 0x00000000
core   0: 0x80008c16 (0x00006a7d) c.lui   s4, 0x1f
core   0: 3 0x80008c16 (0x6a7d) x20 0x0001f000
core   0: 0x80008c18 (0x403a81b3) sub     gp, s5, gp
core   0: 3 0x80008c18 (0x403a81b3) x3  0x8810d601
core   0: 0x80008c1c (0x00000d6e) c.slli  s10, 27
core   0: 3 0x80008c1c (0x0d6e) x26 0x00000000
core   0: 0x80008c1e (0x748be917) auipc   s2, 0x748be
core   0: 3 0x80008c1e (0x748be917) x18 0xf48c6c1e
core   0: 0x80008c22 (0x00008135) c.srli  a0, 13
core   0: 3 0x80008c22 (0x8135) x10 0x0001d273
core   0: 0x80008c24 (0x407b0333) sub     t1, s6, t2
core   0: 3 0x80008c24 (0x407b0333) x6  0xba327008
core   0: 0x80008c28 (0x01068633) add     a2, a3, a6
core   0: 3 0x80008c28 (0x01068633) x12 0x77ef2e66
core   0: 0x80008c2c (0x0000e711) c.bnez  a4, pc + 12
core   0: 3 0x80008c2c (0xe711)
core   0: 0x80008c38 (0x0145d963) bge     a1, s4, pc + 18
core   0: 3 0x80008c38 (0x0145d963)
core   0: 0x80008c3c (0x00008911) c.andi  a0, 4
core   0: 3 0x80008c3c (0x8911) x10 0x00000000
core   0: 0x80008c3e (0x04afce13) xori    t3, t6, 74
core   0: 3 0x80008c3e (0x04afce13) x28 0x80029cae
core   0: 0x80008c42 (0x00e084b3) add     s1, ra, a4
core   0: 3 0x80008c42 (0x00e084b3) x9  0x80012e0e
core   0: 0x80008c46 (0x0205bbb3) mulhu   s7, a1, zero
core   0: 3 0x80008c46 (0x0205bbb3) x23 0x00000000
core   0: 0x80008c4a (0x021adb33) divu    s6, s5, ra
core   0: 3 0x80008c4a (0x021adb33) x22 0x00000000
core   0: 0x80008c4e (0x00c09e63) bne     ra, a2, pc + 28
core   0: 3 0x80008c4e (0x00c09e63)
core   0: 0x80008c6a (0x007aa133) slt     sp, s5, t2
core   0: 3 0x80008c6a (0x007aa133) x2  0x00000001
core   0: 0x80008c6e (0x01e0abb3) slt     s7, ra, t5
core   0: 3 0x80008c6e (0x01e0abb3) x23 0x00000001
core   0: 0x80008c72 (0x00008179) c.srli  a0, 30
core   0: 3 0x80008c72 (0x8179) x10 0x00000000
core   0: 0x80008c74 (0x4093d9b3) sra     s3, t2, s1
core   0: 3 0x80008c74 (0x4093d9b3) x19 0x00011736
core   0: 0x80008c78 (0x00681a33) sll     s4, a6, t1
core   0: 3 0x80008c78 (0x00681a33) x20 0xef29ff00
core   0: 0x80008c7c (0x05bce063) bltu    s9, s11, pc + 64
core   0: 3 0x80008c7c (0x05bce063)
core   0: 0x80008cbc (0x00008ac2) c.mv    s5, a6
core   0: 3 0x80008cbc (0x8ac2) x21 0x77ef29ff
core   0: 0x80008cbe (0x00009d9a) c.add   s11, t1
core   0: 3 0x80008cbe (0x9d9a) x27 0x53eef008
core   0: 0x80008cc0 (0x00008fc5) c.or    a5, s1
core   0: 3 0x80008cc0 (0x8fc5) x15 0xfffbae9e
core   0: 0x80008cc2 (0xc0b12193) slti    gp, sp, -1013
core   0: 3 0x80008cc2 (0xc0b12193) x3  0x00000000
core   0: 0x80008cc6 (0x01d87563) bgeu    a6, t4, pc + 10
core   0: 3 0x80008cc6 (0x01d87563)
core   0: 0x80008cca (0x000002ee) c.slli  t0, 27
core   0: 3 0x80008cca (0x02ee) x5  0xa0000000
core   0: 0x80008ccc (0x02311d63) bne     sp, gp, pc + 58
core   0: 3 0x80008ccc (0x02311d63)
core   0: 0x80008d06 (0x2af06117) auipc   sp, 0x2af06
core   0: 3 0x80008d06 (0x2af06117) x2  0xaaf0ed06
core   0: 0x80008d0a (0x0383bd33) mulhu   s10, t2, s8
core   0: 3 0x80008d0a (0x0383bd33) x26 0x2af43b06
core   0: 0x80008d0e (0x0a8c7493) andi    s1, s8, 168
core   0: 3 0x80008d0e (0x0a8c7493) x9  0x00000028
core   0: 0x80008d12 (0x012b5333) srl     t1, s6, s2
core   0: 3 0x80008d12 (0x012b5333) x6  0x00000000
core   0: 0x80008d16 (0x031099b3) mulh    s3, ra, a7
core   0: 3 0x80008d16 (0x031099b3) x19 0x3ffe1791
core   0: 0x80008d1a (0x00431b63) bne     t1, tp, pc + 22
core   0: 3 0x80008d1a (0x00431b63)
core   0: 0x80008d30 (0x00008fa5) c.xor   a5, s1
core   0: 3 0x80008d30 (0x8fa5) x15 0xfffbaeb6
core   0: 0x80008d32 (0x00004779) c.li    a4, 30
core   0: 3 0x80008d32 (0x4779) x14 0x0000001e
core   0: 0x80008d34 (0x417386b3) sub     a3, t2, s7
core   0: 3 0x80008d34 (0x417386b3) x13 0x45cd8fff
core   0: 0x80008d38 (0x0366e233) rem     tp, a3, s6
core   0: 3 0x80008d38 (0x0366e233) x4  0x45cd8fff
core   0: 0x80008d3c (0x00000001) c.nop
core   0: 3 0x80008d3c (0x0001)
core   0: 0x80008d3e (0x00008f7d) c.and   a4, a5
core   0: 3 0x80008d3e (0x8f7d) x14 0x00000016
core   0: 0x80008d40 (0x00000001) c.nop
core   0: 3 0x80008d40 (0x0001)
core   0: 0x80008d42 (0x00008f85) c.sub   a5, s1
core   0: 3 0x80008d42 (0x8f85) x15 0xfffbae8e
core   0: 0x80008d44 (0x00006bb1) c.lui   s7, 0xc
core   0: 3 0x80008d44 (0x6bb1) x23 0x0000c000
core   0: 0x80008d46 (0xe067d0b7) lui     ra, 0xe067d
core   0: 3 0x80008d46 (0xe067d0b7) x1  0xe067d000
core   0: 0x80008d4a (0x0292a9b3) mulhsu  s3, t0, s1
core   0: 3 0x80008d4a (0x0292a9b3) x19 0xfffffff1
core   0: 0x80008d4e (0x109bb213) sltiu   tp, s7, 265
core   0: 3 0x80008d4e (0x109bb213) x4  0x00000000
core   0: 0x80008d52 (0x9450c793) xori    a5, ra, -1723
core   0: 3 0x80008d52 (0x9450c793) x15 0x1f982945
core   0: 0x80008d56 (0x00000001) c.nop
core   0: 3 0x80008d56 (0x0001)
core   0: 0x80008d58 (0x00008ff5) c.and   a5, a3
core   0: 3 0x80008d58 (0x8ff5) x15 0x05880945
core   0: 0x80008d5a (0x00008eb9) c.xor   a3, a4
core   0: 3 0x80008d5a (0x8eb9) x13 0x45cd8fe9
core   0: 0x80008d5c (0x00cf76b3) and     a3, t5, a2
core   0: 3 0x80008d5c (0x00cf76b3) x13 0x04ac0000
core   0: 0x80008d60 (0xa6ba0613) addi    a2, s4, -1429
core   0: 3 0x80008d60 (0xa6ba0613) x12 0xef29f96b
core   0: 0x80008d64 (0x41555d93) srai    s11, a0, 21
core   0: 3 0x80008d64 (0x41555d93) x27 0x00000000
core   0: 0x80008d68 (0x00001804) c.addi4spn s1, sp, 48
core   0: 3 0x80008d68 (0x1804) x9  0xaaf0ed36
core   0: 0x80008d6a (0x00008ce1) c.and   s1, s0
core   0: 3 0x80008d6a (0x8ce1) x9  0xaaf0e936
core   0: 0x80008d6c (0x012437b3) sltu    a5, s0, s2
core   0: 3 0x80008d6c (0x012437b3) x15 0x00000000
core   0: 0x80008d70 (0xbb362c37) lui     s8, 0xbb362
core   0: 3 0x80008d70 (0xbb362c37) x24 0xbb362000
core   0: 0x80008d74 (0x00008cd9) c.or    s1, a4
core   0: 3 0x80008d74 (0x8cd9) x9  0xaaf0e936
core   0: 0x80008d76 (0x0025d913) srli    s2, a1, 2
core   0: 3 0x80008d76 (0x0025d913) x18 0x20009782
core   0: 0x80008d7a (0x00004a55) c.li    s4, 21
core   0: 3 0x80008d7a (0x4a55) x20 0x00000015
core   0: 0x80008d7c (0x03e31233) mulh    tp, t1, t5
core   0: 3 0x80008d7c (0x03e31233) x4  0x00000000
core   0: 0x80008d80 (0x00394563) blt     s2, gp, pc + 10
core   0: 3 0x80008d80 (0x00394563)
core   0: 0x80008d84 (0x014389b3) add     s3, t2, s4
core   0: 3 0x80008d84 (0x014389b3) x19 0x45cd9015
core   0: 0x80008d88 (0x00008f95) c.sub   a5, a3
core   0: 3 0x80008d88 (0x8f95) x15 0xfb540000
core   0: 0x80008d8a (0x00008e29) c.xor   a2, a0
core   0: 3 0x80008d8a (0x8e29) x12 0xef29f96b
core   0: 0x80008d8c (0x0203f033) remu    zero, t2, zero
core   0: 3 0x80008d8c (0x0203f033)
core   0: 0x80008d90 (0x011ac663) blt     s5, a7, pc + 12
core   0: 3 0x80008d90 (0x011ac663)
core   0: 0x80008d94 (0x033ff3b3) remu    t2, t6, s3
core   0: 3 0x80008d94 (0x033ff3b3) x7  0x3a350ccf
core   0: 0x80008d98 (0x01436463) bltu    t1, s4, pc + 8
core   0: 3 0x80008d98 (0x01436463)
core   0: 0x80008da0 (0x00c83033) sltu    zero, a6, a2
core   0: 3 0x80008da0 (0x00c83033)
core   0: 0x80008da4 (0x000087ba) c.mv    a5, a4
core   0: 3 0x80008da4 (0x87ba) x15 0x00000016
core   0: 0x80008da6 (0xa7f17493) andi    s1, sp, -1409
core   0: 3 0x80008da6 (0xa7f17493) x9  0xaaf0e806
core   0: 0x80008daa (0x0079a333) slt     t1, s3, t2
core   0: 3 0x80008daa (0x0079a333) x6  0x00000000
core   0: 0x80008dae (0x00000001) c.nop
core   0: 3 0x80008dae (0x0001)
core   0: 0x80008db0 (0x0000717d) c.addi16sp sp, -16
core   0: 3 0x80008db0 (0x717d) x2  0xaaf0ecf6
core   0: 0x80008db2 (0x033a1c33) mulh    s8, s4, s3
core   0: 3 0x80008db2 (0x033a1c33) x24 0x00000005
core   0: 0x80008db6 (0x00008ff5) c.and   a5, a3
core   0: 3 0x80008db6 (0x8ff5) x15 0x00000000
core   0: 0x80008db8 (0x0293b733) mulhu   a4, t2, s1
core   0: 3 0x80008db8 (0x0293b733) x14 0x26de00fe
core   0: 0x80008dbc (0x00004ea5) c.li    t4, 9
core   0: 3 0x80008dbc (0x4ea5) x29 0x00000009
core   0: 0x80008dbe (0x03cf1233) mulh    tp, t5, t3
core   0: 3 0x80008dbe (0x03cf1233) x4  0xfda2045d
core   0: 0x80008dc2 (0x0000e49d) c.bnez  s1, pc + 46
core   0: 3 0x80008dc2 (0xe49d)
core   0: 0x80008df0 (0xde30e437) lui     s0, 0xde30e
core   0: 3 0x80008df0 (0xde30e437) x8  0xde30e000
core   0: 0x80008df4 (0x01121493) slli    s1, tp, 17
core   0: 3 0x80008df4 (0x01121493) x9  0x08ba0000
core   0: 0x80008df8 (0x01c7be33) sltu    t3, a5, t3
core   0: 3 0x80008df8 (0x01c7be33) x28 0x00000001
core   0: 0x80008dfc (0x00004abd) c.li    s5, 15
core   0: 3 0x80008dfc (0x4abd) x21 0x0000000f
core   0: 0x80008dfe (0x0072b933) sltu    s2, t0, t2
core   0: 3 0x80008dfe (0x0072b933) x18 0x00000000
core   0: 0x80008e02 (0x00008d41) c.or    a0, s0
core   0: 3 0x80008e02 (0x8d41) x10 0xde30e000
core   0: 0x80008e04 (0xa8795917) auipc   s2, 0xa8795
core   0: 3 0x80008e04 (0xa8795917) x18 0x2879de04
core   0: 0x80008e08 (0x00008fd1) c.or    a5, a2
core   0: 3 0x80008e08 (0x8fd1) x15 0xef29f96b
core   0: 0x80008e0a (0x0000cc1d) c.beqz  s0, pc + 62
core   0: 3 0x80008e0a (0xcc1d)
core   0: 0x80008e0c (0x0308d133) divu    sp, a7, a6
core   0: 3 0x80008e0c (0x0308d133) x2  0x00000001
core   0: 0x80008e10 (0x002cdf63) bge     s9, sp, pc + 30
core   0: 3 0x80008e10 (0x002cdf63)
core   0: 0x80008e2e (0x000082ed) c.srli  a3, 27
core   0: 3 0x80008e2e (0x82ed) x13 0x00000000
core   0: 0x80008e30 (0x000098fd) c.andi  s1, -1
core   0: 3 0x80008e30 (0x98fd) x9  0x08ba0000
core   0: 0x80008e32 (0x003de633) or      a2, s11, gp
core   0: 3 0x80008e32 (0x003de633) x12 0x00000000
core   0: 0x80008e36 (0x0022ec33) or      s8, t0, sp
core   0: 3 0x80008e36 (0x0022ec33) x24 0xa0000001
core   0: 0x80008e3a (0x41920c33) sub     s8, tp, s9
core   0: 3 0x80008e3a (0x41920c33) x24 0xfda2045a
core   0: 0x80008e3e (0x00008d21) c.xor   a0, s0
core   0: 3 0x80008e3e (0x8d21) x10 0x00000000
core   0: 0x80008e40 (0x017800b3) add     ra, a6, s7
core   0: 3 0x80008e40 (0x017800b3) x1  0x77efe9ff
core   0: 0x80008e44 (0x36e1a937) lui     s2, 0x36e1a
core   0: 3 0x80008e44 (0x36e1a937) x18 0x36e1a000
core   0: 0x80008e48 (0x0254c633) div     a2, s1, t0
core   0: 3 0x80008e48 (0x0254c633) x12 0x00000000
core   0: 0x80008e4c (0x13e6e993) ori     s3, a3, 318
core   0: 3 0x80008e4c (0x13e6e993) x19 0x0000013e
core   0: 0x80008e50 (0x01b1a0b3) slt     ra, gp, s11
core   0: 3 0x80008e50 (0x01b1a0b3) x1  0x00000000
core   0: 0x80008e54 (0x0354e1b3) rem     gp, s1, s5
core   0: 3 0x80008e54 (0x0354e1b3) x3  0x0000000e
core   0: 0x80008e58 (0x01836363) bltu    t1, s8, pc + 6
core   0: 3 0x80008e58 (0x01836363)
core   0: 0x80008e5e (0x00008e15) c.sub   a2, a3
core   0: 3 0x80008e5e (0x8e15) x12 0x00000000
core   0: 0x80008e60 (0x010f7763) bgeu    t5, a6, pc + 14
core   0: 3 0x80008e60 (0x010f7763)
core   0: 0x80008e64 (0x01a89563) bne     a7, s10, pc + 10
core   0: 3 0x80008e64 (0x01a89563)
core   0: 0x80008e6e (0x000082b1) c.srli  a3, 12
core   0: 3 0x80008e6e (0x82b1) x13 0x00000000
core   0: 0x80008e70 (0x00008e99) c.sub   a3, a4
core   0: 3 0x80008e70 (0x8e99) x13 0xd921ff02
core   0: 0x80008e72 (0x00008d25) c.xor   a0, s1
core   0: 3 0x80008e72 (0x8d25) x10 0x08ba0000
core   0: 0x80008e74 (0x01e95263) bge     s2, t5, pc + 4
core   0: 3 0x80008e74 (0x01e95263)
core   0: 0x80008e78 (0x00008e25) c.xor   a2, s1
core   0: 3 0x80008e78 (0x8e25) x12 0x08ba0000
core   0: 0x80008e7a (0x617c2013) slti    zero, s8, 1559
core   0: 3 0x80008e7a (0x617c2013)
core   0: 0x80008e7e (0x00008cd9) c.or    s1, a4
core   0: 3 0x80008e7e (0x8cd9) x9  0x2efe00fe
core   0: 0x80008e80 (0x03ca6b63) bltu    s4, t3, pc + 54
core   0: 3 0x80008e80 (0x03ca6b63)
core   0: 0x80008e84 (0x41248933) sub     s2, s1, s2
core   0: 3 0x80008e84 (0x41248933) x18 0xf81c60fe
core   0: 0x80008e88 (0x0d0afc37) lui     s8, 0xd0af
core   0: 3 0x80008e88 (0x0d0afc37) x24 0x0d0af000
core   0: 0x80008e8c (0xac1e1d97) auipc   s11, 0xac1e1
core   0: 3 0x80008e8c (0xac1e1d97) x27 0x2c1e9e8c
core   0: 0x80008e90 (0x7bc1dc37) lui     s8, 0x7bc1d
core   0: 3 0x80008e90 (0x7bc1dc37) x24 0x7bc1d000
core   0: 0x80008e94 (0x00009afd) c.andi  a3, -1
core   0: 3 0x80008e94 (0x9afd) x13 0xd921ff02
core   0: 0x80008e96 (0x9f1de013) ori     zero, s11, -1551
core   0: 3 0x80008e96 (0x9f1de013)
core   0: 0x80008e9a (0x01891e13) slli    t3, s2, 24
core   0: 3 0x80008e9a (0x01891e13) x28 0xfe000000
core   0: 0x80008e9e (0x033dd863) bge     s11, s3, pc + 48
core   0: 3 0x80008e9e (0x033dd863)
core   0: 0x80008ece (0x0000717d) c.addi16sp sp, -16
core   0: 3 0x80008ece (0x717d) x2  0xfffffff1
core   0: 0x80008ed0 (0x00008c79) c.and   s0, a4
core   0: 3 0x80008ed0 (0x8c79) x8  0x06100000
core   0: 0x80008ed2 (0x00008299) c.srli  a3, 6
core   0: 3 0x80008ed2 (0x8299) x13 0x036487fc
core   0: 0x80008ed4 (0x412b50b3) sra     ra, s6, s2
core   0: 3 0x80008ed4 (0x412b50b3) x1  0x00000000
core   0: 0x80008ed8 (0x41188033) sub     zero, a7, a7
core   0: 3 0x80008ed8 (0x41188033)
core   0: 0x80008edc (0xebd12193) slti    gp, sp, -323
core   0: 3 0x80008edc (0xebd12193) x3  0x00000000
core   0: 0x80008ee0 (0x01cb8463) beq     s7, t3, pc + 8
core   0: 3 0x80008ee0 (0x01cb8463)
core   0: 0x80008ee4 (0x02066b33) rem     s6, a2, zero
core   0: 3 0x80008ee4 (0x02066b33) x22 0x08ba0000
core   0: 0x80008ee8 (0x0000c501) c.beqz  a0, pc + 8
core   0: 3 0x80008ee8 (0xc501)
core   0: 0x80008eea (0x00008e19) c.sub   a2, a4
core   0: 3 0x80008eea (0x8e19) x12 0xe1dbff02
core   0: 0x80008eec (0x002e6eb3) or      t4, t3, sp
core   0: 3 0x80008eec (0x002e6eb3) x29 0xfffffff1
core   0: 0x80008ef0 (0x41aa5c13) srai    s8, s4, 26
core   0: 3 0x80008ef0 (0x41aa5c13) x24 0x00000000
core   0: 0x80008ef4 (0x000bd493) srli    s1, s7, 0
core   0: 3 0x80008ef4 (0x000bd493) x9  0x0000c000
core   0: 0x80008ef8 (0x01be5b13) srli    s6, t3, 27
core   0: 3 0x80008ef8 (0x01be5b13) x22 0x0000001f
core   0: 0x80008efc (0x00008a05) c.andi  a2, 1
core   0: 3 0x80008efc (0x8a05) x12 0x00000000
core   0: 0x80008efe (0x79546b13) ori     s6, s0, 1941
core   0: 3 0x80008efe (0x79546b13) x22 0x06100795
core   0: 0x80008f02 (0x0229c7b3) div     a5, s3, sp
core   0: 3 0x80008f02 (0x0229c7b3) x15 0xffffffeb
core   0: 0x80008f06 (0x025f73b3) remu    t2, t5, t0
core   0: 3 0x80008f06 (0x025f73b3) x7  0x04bc1000
core   0: 0x80008f0a (0x00485b63) bge     a6, tp, pc + 22
core   0: 3 0x80008f0a (0x00485b63)
core   0: 0x80008f20 (0x005eb4b3) sltu    s1, t4, t0
core   0: 3 0x80008f20 (0x005eb4b3) x9  0x00000000
core   0: 0x80008f24 (0x41338733) sub     a4, t2, s3
core   0: 3 0x80008f24 (0x41338733) x14 0x04bc0ec2
core   0: 0x80008f28 (0x01d75093) srli    ra, a4, 29
core   0: 3 0x80008f28 (0x01d75093) x1  0x00000000
core   0: 0x80008f2c (0x00c674b3) and     s1, a2, a2
core   0: 3 0x80008f2c (0x00c674b3) x9  0x00000000
core   0: 0x80008f30 (0x00000262) c.slli  tp, 24
core   0: 3 0x80008f30 (0x0262) x4  0x5d000000
core   0: 0x80008f32 (0x014d5313) srli    t1, s10, 20
core   0: 3 0x80008f32 (0x014d5313) x6  0x000002af
core   0: 0x80008f36 (0x03684cb3) div     s9, a6, s6
core   0: 3 0x80008f36 (0x03684cb3) x25 0x00000013
core   0: 0x80008f3a (0x00000394) c.addi4spn a3, sp, 448
core   0: 3 0x80008f3a (0x0394) x13 0x000001b1
core   0: 0x80008f3c (0x00a1f563) bgeu    gp, a0, pc + 10
core   0: 3 0x80008f3c (0x00a1f563)
core   0: 0x80008f40 (0x00f25db3) srl     s11, tp, a5
core   0: 3 0x80008f40 (0x00f25db3) x27 0x000ba000
core   0: 0x80008f44 (0x00008479) c.srai  s0, 30
core   0: 3 0x80008f44 (0x8479) x8  0x00000000
core   0: 0x80008f46 (0x37d08d93) addi    s11, ra, 893
core   0: 3 0x80008f46 (0x37d08d93) x27 0x0000037d
core   0: 0x80008f4a (0x0000c515) c.beqz  a0, pc + 44
core   0: 3 0x80008f4a (0xc515)
core   0: 0x80008f4c (0x937d2e13) slti    t3, s10, -1737
core   0: 3 0x80008f4c (0x937d2e13) x28 0x00000000
core   0: 0x80008f50 (0x00008d51) c.or    a0, a2
core   0: 3 0x80008f50 (0x8d51) x10 0x08ba0000
core   0: 0x80008f52 (0x008c9cb3) sll     s9, s9, s0
core   0: 3 0x80008f52 (0x008c9cb3) x25 0x00000013
core   0: 0x80008f56 (0x00008e31) c.xor   a2, a2
core   0: 3 0x80008f56 (0x8e31) x12 0x00000000
core   0: 0x80008f58 (0x0000c509) c.beqz  a0, pc + 10
core   0: 3 0x80008f58 (0xc509)
core   0: 0x80008f5a (0x02110bb3) mul     s7, sp, ra
core   0: 3 0x80008f5a (0x02110bb3) x23 0x00000000
core   0: 0x80008f5e (0x0b993917) auipc   s2, 0xb993
core   0: 3 0x80008f5e (0x0b993917) x18 0x8b99bf5e
core   0: 0x80008f62 (0x00000765) c.addi  a4, 25
core   0: 3 0x80008f62 (0x0765) x14 0x04bc0edb
core   0: 0x80008f64 (0x00009a7d) c.andi  a2, -1
core   0: 3 0x80008f64 (0x9a7d) x12 0x00000000
core   0: 0x80008f66 (0x400e8bb3) sub     s7, t4, zero
core   0: 3 0x80008f66 (0x400e8bb3) x23 0xfffffff1
core   0: 0x80008f6a (0x00008e1d) c.sub   a2, a5
core   0: 3 0x80008f6a (0x8e1d) x12 0x00000015
core   0: 0x80008f6c (0x02855a63) bge     a0, s0, pc + 52
core   0: 3 0x80008f6c (0x02855a63)
core   0: 0x80008fa0 (0x012f64b3) or      s1, t5, s2
core   0: 3 0x80008fa0 (0x012f64b3) x9  0x8fbdbf5e
core   0: 0x80008fa4 (0x00006105) c.addi16sp sp, 32
core   0: 3 0x80008fa4 (0x6105) x2  0x00000011
core   0: 0x80008fa6 (0x4f6f4113) xori    sp, t5, 1270
core   0: 3 0x80008fa6 (0x4f6f4113) x2  0x04bc14f6
core   0: 0x80008faa (0x00009a7d) c.andi  a2, -1
core   0: 3 0x80008faa (0x9a7d) x12 0x00000015
core   0: 0x80008fac (0x03cbc133) div     sp, s7, t3
core   0: 3 0x80008fac (0x03cbc133) x2  0xffffffff
core   0: 0x80008fb0 (0x02e51b33) mulh    s6, a0, a4
core   0: 3 0x80008fb0 (0x02e51b33) x22 0x00295119
core   0: 0x80008fb4 (0x5eec8913) addi    s2, s9, 1518
core   0: 3 0x80008fb4 (0x5eec8913) x18 0x00000601
core   0: 0x80008fb8 (0x0246c2b3) div     t0, a3, tp
core   0: 3 0x80008fb8 (0x0246c2b3) x5  0x00000000
core   0: 0x80008fbc (0x017b8f33) add     t5, s7, s7
core   0: 3 0x80008fbc (0x017b8f33) x30 0xffffffe2
core   0: 0x80008fc0 (0x00006161) c.addi16sp sp, 80
core   0: 3 0x80008fc0 (0x6161) x2  0x0000004f
core   0: 0x80008fc2 (0xea6ca513) slti    a0, s9, -346
core   0: 3 0x80008fc2 (0xea6ca513) x10 0x00000000
core   0: 0x80008fc6 (0x01521a33) sll     s4, tp, s5
core   0: 3 0x80008fc6 (0x01521a33) x20 0x00000000
core   0: 0x80008fca (0x5b64b093) sltiu   ra, s1, 1462
core   0: 3 0x80008fca (0x5b64b093) x1  0x00000000
core   0: 0x80008fce (0x00a51663) bne     a0, a0, pc + 12
core   0: 3 0x80008fce (0x00a51663)
core   0: 0x80008fd2 (0x009d5293) srli    t0, s10, 9
core   0: 3 0x80008fd2 (0x009d5293) x5  0x00157a1d
core   0: 0x80008fd6 (0x02c45c33) divu    s8, s0, a2
core   0: 3 0x80008fd6 (0x02c45c33) x24 0x00000000
core   0: 0x80008fda (0x00000001) c.nop
core   0: 3 0x80008fda (0x0001)
core   0: 0x80008fdc (0x00adb9b3) sltu    s3, s11, a0
core   0: 3 0x80008fdc (0x00adb9b3) x19 0x00000000
core   0: 0x80008fe0 (0xaee38e17) auipc   t3, 0xaee38
core   0: 3 0x80008fe0 (0xaee38e17) x28 0x2ee40fe0
core   0: 0x80008fe4 (0xe62f3913) sltiu   s2, t5, -414
core   0: 3 0x80008fe4 (0xe62f3913) x18 0x00000000
core   0: 0x80008fe8 (0x0309cfb3) div     t6, s3, a6
core   0: 3 0x80008fe8 (0x0309cfb3) x31 0x00000000
core   0: 0x80008fec (0x032cb733) mulhu   a4, s9, s2
core   0: 3 0x80008fec (0x032cb733) x14 0x00000000
core   0: 0x80008ff0 (0x036f3a33) mulhu   s4, t5, s6
core   0: 3 0x80008ff0 (0x036f3a33) x20 0x00295118
core   0: 0x80008ff4 (0x01bba433) slt     s0, s7, s11
core   0: 3 0x80008ff4 (0x01bba433) x8  0x00000001
core   0: 0x80008ff8 (0x02685363) bge     a6, t1, pc + 38
core   0: 3 0x80008ff8 (0x02685363)
core   0: 0x8000901e (0x41c2d793) srai    a5, t0, 28
core   0: 3 0x8000901e (0x41c2d793) x15 0x00000000
core   0: 0x80009022 (0x00d5d433) srl     s0, a1, a3
core   0: 3 0x80009022 (0x00d5d433) x8  0x00004001
core   0: 0x80009026 (0x03cd3ab3) mulhu   s5, s10, t3
core   0: 3 0x80009026 (0x03cd3ab3) x21 0x07de26c9
core   0: 0x8000902a (0x00000001) c.nop
core   0: 3 0x8000902a (0x0001)
core   0: 0x8000902c (0x2155b993) sltiu   s3, a1, 533
core   0: 3 0x8000902c (0x2155b993) x19 0x00000000
core   0: 0x80009030 (0x0327c3b3) div     t2, a5, s2
core   0: 3 0x80009030 (0x0327c3b3) x7  0xffffffff
core   0: 0x80009034 (0x403307b3) sub     a5, t1, gp
core   0: 3 0x80009034 (0x403307b3) x15 0x000002af
core   0: 0x80009038 (0x40525793) srai    a5, tp, 5
core   0: 3 0x80009038 (0x40525793) x15 0x02e80000
core   0: 0x8000903c (0x00536cb3) or      s9, t1, t0
core   0: 3 0x8000903c (0x00536cb3) x25 0x00157abf
core   0: 0x80009040 (0x010f3533) sltu    a0, t5, a6
core   0: 3 0x80009040 (0x010f3533) x10 0x00000000
core   0: 0x80009044 (0x00006955) c.lui   s2, 0x15
core   0: 3 0x80009044 (0x6955) x18 0x00015000
core   0: 0x80009046 (0x00001e7d) c.addi  t3, -1
core   0: 3 0x80009046 (0x1e7d) x28 0x2ee40fdf
core   0: 0x80009048 (0x9e877093) andi    ra, a4, -1560
core   0: 3 0x80009048 (0x9e877093) x1  0x00000000
core   0: 0x8000904c (0xbedb3093) sltiu   ra, s6, -1043
core   0: 3 0x8000904c (0xbedb3093) x1  0x00000001
core   0: 0x80009050 (0x002cb313) sltiu   t1, s9, 2
core   0: 3 0x80009050 (0x002cb313) x6  0x00000000
core   0: 0x80009054 (0x04b11163) bne     sp, a1, pc + 66
core   0: 3 0x80009054 (0x04b11163)
core   0: 0x80009096 (0x00008cd9) c.or    s1, a4
core   0: 3 0x80009096 (0x8cd9) x9  0x8fbdbf5e
core   0: 0x80009098 (0x00000001) c.nop
core   0: 3 0x80009098 (0x0001)
core   0: 0x8000909a (0x009d3bb3) sltu    s7, s10, s1
core   0: 3 0x8000909a (0x009d3bb3) x23 0x00000001
core   0: 0x8000909e (0x4103de33) sra     t3, t2, a6
core   0: 3 0x8000909e (0x4103de33) x28 0xffffffff
core   0: 0x800090a2 (0x02ac0933) mul     s2, s8, a0
core   0: 3 0x800090a2 (0x02ac0933) x18 0x00000000
core   0: 0x800090a6 (0x00cee533) or      a0, t4, a2
core   0: 3 0x800090a6 (0x00cee533) x10 0xfffffff5
core   0: 0x800090aa (0x004d0cb3) add     s9, s10, tp
core   0: 3 0x800090aa (0x004d0cb3) x25 0x87f43b06
core   0: 0x800090ae (0x02e241b3) div     gp, tp, a4
core   0: 3 0x800090ae (0x02e241b3) x3  0xffffffff
core   0: 0x800090b2 (0x00161a13) slli    s4, a2, 1
core   0: 3 0x800090b2 (0x00161a13) x20 0x0000002a
core   0: 0x800090b6 (0x0000e801) c.bnez  s0, pc + 16
core   0: 3 0x800090b6 (0xe801)
core   0: 0x800090c6 (0x01c3c3b3) xor     t2, t2, t3
core   0: 3 0x800090c6 (0x01c3c3b3) x7  0x00000000
core   0: 0x800090ca (0x02b680b3) mul     ra, a3, a1
core   0: 3 0x800090ca (0x02b680b3) x1  0x84010b88
core   0: 0x800090ce (0x03b98e33) mul     t3, s3, s11
core   0: 3 0x800090ce (0x03b98e33) x28 0x00000000
core   0: 0x800090d2 (0x030031b3) mulhu   gp, zero, a6
core   0: 3 0x800090d2 (0x030031b3) x3  0x00000000
core   0: 0x800090d6 (0x00cfa133) slt     sp, t6, a2
core   0: 3 0x800090d6 (0x00cfa133) x2  0x00000001
core   0: 0x800090da (0x02bde533) rem     a0, s11, a1
core   0: 3 0x800090da (0x02bde533) x10 0x0000037d
core   0: 0x800090de (0x036a69b3) rem     s3, s4, s6
core   0: 3 0x800090de (0x036a69b3) x19 0x0000002a
core   0: 0x800090e2 (0x01fda9b3) slt     s3, s11, t6
core   0: 3 0x800090e2 (0x01fda9b3) x19 0x00000000
core   0: 0x800090e6 (0x00f246b3) xor     a3, tp, a5
core   0: 3 0x800090e6 (0x00f246b3) x13 0x5fe80000
core   0: 0x800090ea (0x000019fd) c.addi  s3, -1
core   0: 3 0x800090ea (0x19fd) x19 0xffffffff
core   0: 0x800090ec (0x02bb4c33) div     s8, s6, a1
core   0: 3 0x800090ec (0x02bb4c33) x24 0x00000000
core   0: 0x800090f0 (0x00005bfd) c.li    s7, -1
core   0: 3 0x800090f0 (0x5bfd) x23 0xffffffff
core   0: 0x800090f2 (0x69fabc13) sltiu   s8, s5, 1695
core   0: 3 0x800090f2 (0x69fabc13) x24 0x00000000
core   0: 0x800090f6 (0x01d45563) bge     s0, t4, pc + 10
core   0: 3 0x800090f6 (0x01d45563)
core   0: 0x80009100 (0x016a5133) srl     sp, s4, s6
core   0: 3 0x80009100 (0x016a5133) x2  0x00000000
core   0: 0x80009104 (0x7aba3913) sltiu   s2, s4, 1963
core   0: 3 0x80009104 (0x7aba3913) x18 0x00000001
core   0: 0x80009108 (0x038acc33) div     s8, s5, s8
core   0: 3 0x80009108 (0x038acc33) x24 0xffffffff
core   0: 0x8000910c (0x00072c33) slt     s8, a4, zero
core   0: 3 0x8000910c (0x00072c33) x24 0x00000000
core   0: 0x80009110 (0x00008491) c.srai  s1, 4
core   0: 3 0x80009110 (0x8491) x9  0xf8fbdbf5
core   0: 0x80009112 (0x0176b733) sltu    a4, a3, s7
core   0: 3 0x80009112 (0x0176b733) x14 0x00000001
core   0: 0x80009116 (0x00008225) c.srli  a2, 9
core   0: 3 0x80009116 (0x8225) x12 0x00000000
core   0: 0x80009118 (0x02ddfcb3) remu    s9, s11, a3
core   0: 3 0x80009118 (0x02ddfcb3) x25 0x0000037d
core   0: 0x8000911c (0x78aafc93) andi    s9, s5, 1930
core   0: 3 0x8000911c (0x78aafc93) x25 0x00000688
core   0: 0x80009120 (0x00b4d393) srli    t2, s1, 11
core   0: 3 0x80009120 (0x00b4d393) x7  0x001f1f7b
core   0: 0x80009124 (0x00000376) c.slli  t1, 29
core   0: 3 0x80009124 (0x0376) x6  0x00000000
core   0: 0x80009126 (0xd165c093) xori    ra, a1, -746
core   0: 3 0x80009126 (0xd165c093) x1  0x7ffda31e
core   0: 0x8000912a (0x01609393) slli    t2, ra, 22
core   0: 3 0x8000912a (0x01609393) x7  0xc7800000
core   0: 0x8000912e (0x000090ae) c.add   ra, a1
core   0: 3 0x8000912e (0x90ae) x1  0x00000126
core   0: 0x80009130 (0x29e65ab7) lui     s5, 0x29e65
core   0: 3 0x80009130 (0x29e65ab7) x21 0x29e65000
core   0: 0x80009134 (0xe6562e97) auipc   t4, 0xe6562
core   0: 3 0x80009134 (0xe6562e97) x29 0x6656b134
core   0: 0x80009138 (0x024f6917) auipc   s2, 0x24f6
core   0: 3 0x80009138 (0x024f6917) x18 0x824ff138
core   0: 0x8000913c (0x0349b2b3) mulhu   t0, s3, s4
core   0: 3 0x8000913c (0x0349b2b3) x5  0x00000029
core   0: 0x80009140 (0x008ffdb3) and     s11, t6, s0
core   0: 3 0x80009140 (0x008ffdb3) x27 0x00000000
core   0: 0x80009144 (0x01085f63) bge     a6, a6, pc + 30
core   0: 3 0x80009144 (0x01085f63)
core   0: 0x80009162 (0x0384c3b3) div     t2, s1, s8
core   0: 3 0x80009162 (0x0384c3b3) x7  0xffffffff
core   0: 0x80009166 (0x03ae3a33) mulhu   s4, t3, s10
core   0: 3 0x80009166 (0x03ae3a33) x20 0x00000000
core   0: 0x8000916a (0x003fd713) srli    a4, t6, 3
core   0: 3 0x8000916a (0x003fd713) x14 0x00000000
core   0: 0x8000916e (0x03d84d33) div     s10, a6, t4
core   0: 3 0x8000916e (0x03d84d33) x26 0x00000001
core   0: 0x80009172 (0x01dc49b3) xor     s3, s8, t4
core   0: 3 0x80009172 (0x01dc49b3) x19 0x6656b134
core   0: 0x80009176 (0x0000987d) c.andi  s0, -1
core   0: 3 0x80009176 (0x987d) x8  0x00004001
core   0: 0x80009178 (0x00009f8a) c.add   t6, sp
core   0: 3 0x80009178 (0x9f8a) x31 0x00000000
core   0: 0x8000917a (0x00008a9d) c.andi  a3, 7
core   0: 3 0x8000917a (0x8a9d) x13 0x00000000
core   0: 0x8000917c (0x00a11093) slli    ra, sp, 10
core   0: 3 0x8000917c (0x00a11093) x1  0x00000000
core   0: 0x80009180 (0x1b798293) addi    t0, s3, 439
core   0: 3 0x80009180 (0x1b798293) x5  0x6656b2eb
core   0: 0x80009184 (0x000083d2) c.mv    t2, s4
core   0: 3 0x80009184 (0x83d2) x7  0x00000000
core   0: 0x80009186 (0x011d4863) blt     s10, a7, pc + 16
core   0: 3 0x80009186 (0x011d4863)
core   0: 0x8000918a (0x51528d13) addi    s10, t0, 1301
core   0: 3 0x8000918a (0x51528d13) x26 0x6656b800
core   0: 0x8000918e (0x0000818e) c.mv    gp, gp
core   0: 3 0x8000918e (0x818e) x3  0x00000000
core   0: 0x80009190 (0x00008551) c.srai  a0, 20
core   0: 3 0x80009190 (0x8551) x10 0x00000000
core   0: 0x80009192 (0xb630a913) slti    s2, ra, -1181
core   0: 3 0x80009192 (0xb630a913) x18 0x00000000
core   0: 0x80009196 (0x034e5bb3) divu    s7, t3, s4
core   0: 3 0x80009196 (0x034e5bb3) x23 0xffffffff
core   0: 0x8000919a (0x000f60b3) or      ra, t5, zero
core   0: 3 0x8000919a (0x000f60b3) x1  0xffffffe2
core   0: 0x8000919e (0x019e4bb3) xor     s7, t3, s9
core   0: 3 0x8000919e (0x019e4bb3) x23 0x00000688
core   0: 0x800091a2 (0x00c34263) blt     t1, a2, pc + 4
core   0: 3 0x800091a2 (0x00c34263)
core   0: 0x800091a6 (0x01f9de93) srli    t4, s3, 31
core   0: 3 0x800091a6 (0x01f9de93) x29 0x00000000
core   0: 0x800091aa (0x0191b9b3) sltu    s3, gp, s9
core   0: 3 0x800091aa (0x0191b9b3) x19 0x00000001
core   0: 0x800091ae (0x000087cd) c.srai  a5, 19
core   0: 3 0x800091ae (0x87cd) x15 0x0000005d
core   0: 0x800091b0 (0x00009b7d) c.andi  a4, -1
core   0: 3 0x800091b0 (0x9b7d) x14 0x00000000
core   0: 0x800091b2 (0x00000001) c.nop
core   0: 3 0x800091b2 (0x0001)
core   0: 0x800091b4 (0x00008ccd) c.or    s1, a1
core   0: 3 0x800091b4 (0x8ccd) x9  0xf8fbdffd
core   0: 0x800091b6 (0x0000717d) c.addi16sp sp, -16
core   0: 3 0x800091b6 (0x717d) x2  0xfffffff0
core   0: 0x800091b8 (0xec2cc693) xori    a3, s9, -318
core   0: 3 0x800091b8 (0xec2cc693) x13 0xfffff84a
core   0: 0x800091bc (0x00001088) c.addi4spn a0, sp, 96
core   0: 3 0x800091bc (0x1088) x10 0x00000050
core   0: 0x800091be (0x02ab3113) sltiu   sp, s6, 42
core   0: 3 0x800091be (0x02ab3113) x2  0x00000000
core   0: 0x800091c2 (0x00000100) c.addi4spn s0, sp, 128
core   0: 3 0x800091c2 (0x0100) x8  0x00000080
core   0: 0x800091c4 (0x40a68db3) sub     s11, a3, a0
core   0: 3 0x800091c4 (0x40a68db3) x27 0xfffff7fa
core   0: 0x800091c8 (0x5a1f8e93) addi    t4, t6, 1441
core   0: 3 0x800091c8 (0x5a1f8e93) x29 0x000005a1
core   0: 0x800091cc (0x0000717d) c.addi16sp sp, -16
core   0: 3 0x800091cc (0x717d) x2  0xfffffff0
core   0: 0x800091ce (0x02f11133) mulh    sp, sp, a5
core   0: 3 0x800091ce (0x02f11133) x2  0xffffffff
core   0: 0x800091d2 (0x01f8c863) blt     a7, t6, pc + 16
core   0: 3 0x800091d2 (0x01f8c863)
core   0: 0x800091e2 (0x027a6b33) rem     s6, s4, t2
core   0: 3 0x800091e2 (0x027a6b33) x22 0x00000000
core   0: 0x800091e6 (0x09db7f63) bgeu    s6, t4, pc + 158
core   0: 3 0x800091e6 (0x09db7f63)
core   0: 0x800091ea (0x00008ced) c.and   s1, a1
core   0: 3 0x800091ea (0x8ced) x9  0x80025e08
core   0: 0x800091ec (0x000059e5) c.li    s3, -7
core   0: 3 0x800091ec (0x59e5) x19 0xfffffff9
core   0: 0x800091ee (0x7bcbaa13) slti    s4, s7, 1980
core   0: 3 0x800091ee (0x7bcbaa13) x20 0x00000001
core   0: 0x800091f2 (0x03c2e333) rem     t1, t0, t3
core   0: 3 0x800091f2 (0x03c2e333) x6  0x6656b2eb
core   0: 0x800091f6 (0x00008ad9) c.andi  a3, 22
core   0: 3 0x800091f6 (0x8ad9) x13 0x00000002
core   0: 0x800091f8 (0x00008d49) c.or    a0, a0
core   0: 3 0x800091f8 (0x8d49) x10 0x00000050
core   0: 0x800091fa (0x00008761) c.srai  a4, 24
core   0: 3 0x800091fa (0x8761) x14 0x00000000
core   0: 0x800091fc (0x00535033) srl     zero, t1, t0
core   0: 3 0x800091fc (0x00535033)
core   0: 0x80009200 (0x01829533) sll     a0, t0, s8
core   0: 3 0x80009200 (0x01829533) x10 0x6656b2eb
core   0: 0x80009204 (0x0000857e) c.mv    a0, t6
core   0: 3 0x80009204 (0x857e) x10 0x00000000
core   0: 0x80009206 (0x018b1cb3) sll     s9, s6, s8
core   0: 3 0x80009206 (0x018b1cb3) x25 0x00000000
core   0: 0x8000920a (0x0000448d) c.li    s1, 3
core   0: 3 0x8000920a (0x448d) x9  0x00000003
core   0: 0x8000920c (0x015eabb3) slt     s7, t4, s5
core   0: 3 0x8000920c (0x015eabb3) x23 0x00000001
core   0: 0x80009210 (0x02923b33) mulhu   s6, tp, s1
core   0: 3 0x80009210 (0x02923b33) x22 0x00000001
core   0: 0x80009214 (0x00008d9e) c.mv    s11, t2
core   0: 3 0x80009214 (0x8d9e) x27 0x00000000
core   0: 0x80009216 (0xb4800317) auipc   t1, 0xb4800
core   0: 3 0x80009216 (0xb4800317) x6  0x34809216
core   0: 0x8000921a (0x0035cfb3) xor     t6, a1, gp
core   0: 3 0x8000921a (0x0035cfb3) x31 0x80025e08
core   0: 0x8000921e (0x034a9c33) mulh    s8, s5, s4
core   0: 3 0x8000921e (0x034a9c33) x24 0x00000000
core   0: 0x80009222 (0x00008f0d) c.sub   a4, a1
core   0: 3 0x80009222 (0x8f0d) x14 0x7ffda1f8
core   0: 0x80009224 (0x000009a9) c.addi  s3, 10
core   0: 3 0x80009224 (0x09a9) x19 0x00000003
core   0: 0x80009226 (0x0000440d) c.li    s0, 3
core   0: 3 0x80009226 (0x440d) x8  0x00000003
core   0: 0x80009228 (0x000060dd) c.lui   ra, 0x17
core   0: 3 0x80009228 (0x60dd) x1  0x00017000
core   0: 0x8000922a (0xb4f7a7b7) lui     a5, 0xb4f7a
core   0: 3 0x8000922a (0xb4f7a7b7) x15 0xb4f7a000
core   0: 0x8000922e (0x91e33a13) sltiu   s4, t1, -1762
core   0: 3 0x8000922e (0x91e33a13) x20 0x00000001
core   0: 0x80009232 (0x0000526d) c.li    tp, -5
core   0: 3 0x80009232 (0x526d) x4  0xfffffffb
core   0: 0x80009234 (0x43732d93) slti    s11, t1, 1079
core   0: 3 0x80009234 (0x43732d93) x27 0x00000000
core   0: 0x80009238 (0x899f3b93) sltiu   s7, t5, -1895
core   0: 3 0x80009238 (0x899f3b93) x23 0x00000000
core   0: 0x8000923c (0x0000197d) c.addi  s2, -1
core   0: 3 0x8000923c (0x197d) x18 0xffffffff
core   0: 0x8000923e (0x02bfa3b3) mulhsu  t2, t6, a1
core   0: 3 0x8000923e (0x02bfa3b3) x7  0xc0000005
core   0: 0x80009242 (0x0000145d) c.addi  s0, -9
core   0: 3 0x80009242 (0x145d) x8  0xfffffffa
core   0: 0x80009244 (0x41f15013) srai    zero, sp, 31
core   0: 3 0x80009244 (0x41f15013)
core   0: 0x80009248 (0xfe4458e3) bge     s0, tp, pc - 16
core   0: 3 0x80009248 (0xfe4458e3)
core   0: 0x8000924c (0xfc99e5e3) bltu    s3, s1, pc - 54
core   0: 3 0x8000924c (0xfc99e5e3)
core   0: 0x80009250 (0x00008a89) c.andi  a3, 2
core   0: 3 0x80009250 (0x8a89) x13 0x00000002
core   0: 0x80009252 (0x00008509) c.srai  a0, 2
core   0: 3 0x80009252 (0x8509) x10 0x00000000
core   0: 0x80009254 (0x00009e92) c.add   t4, tp
core   0: 3 0x80009254 (0x9e92) x29 0x0000059c
core   0: 0x80009256 (0x0000c221) c.beqz  a2, pc + 64
core   0: 3 0x80009256 (0xc221)
core   0: 0x80009296 (0x0000ef11) c.bnez  a4, pc + 28
core   0: 3 0x80009296 (0xef11)
core   0: 0x800092b2 (0x00008f9d) c.sub   a5, a5
core   0: 3 0x800092b2 (0x8f9d) x15 0x00000000
core   0: 0x800092b4 (0x00000001) c.nop
core   0: 3 0x800092b4 (0x0001)
core   0: 0x800092b6 (0x01286963) bltu    a6, s2, pc + 18
core   0: 3 0x800092b6 (0x01286963)
core   0: 0x800092c8 (0x00008f71) c.and   a4, a2
core   0: 3 0x800092c8 (0x8f71) x14 0x00000000
core   0: 0x800092ca (0x01717c33) and     s8, sp, s7
core   0: 3 0x800092ca (0x01717c33) x24 0x00000000
core   0: 0x800092ce (0x6d164793) xori    a5, a2, 1745
core   0: 3 0x800092ce (0x6d164793) x15 0x000006d1
core   0: 0x800092d2 (0x1e800497) auipc   s1, 0x1e800
core   0: 3 0x800092d2 (0x1e800497) x9  0x9e8092d2
core   0: 0x800092d6 (0x000009ce) c.slli  s3, 19
core   0: 3 0x800092d6 (0x09ce) x19 0x00180000
core   0: 0x800092d8 (0x03067a33) remu    s4, a2, a6
core   0: 3 0x800092d8 (0x03067a33) x20 0x00000000
core   0: 0x800092dc (0x41025c93) srai    s9, tp, 16
core   0: 3 0x800092dc (0x41025c93) x25 0xffffffff
core   0: 0x800092e0 (0x00000dce) c.slli  s11, 19
core   0: 3 0x800092e0 (0x0dce) x27 0x00000000
core   0: 0x800092e2 (0x00008c85) c.sub   s1, s1
core   0: 3 0x800092e2 (0x8c85) x9  0x00000000
core   0: 0x800092e4 (0xb26a4e93) xori    t4, s4, -1242
core   0: 3 0x800092e4 (0xb26a4e93) x29 0xfffffb26
core   0: 0x800092e8 (0x03697c33) remu    s8, s2, s6
core   0: 3 0x800092e8 (0x03697c33) x24 0x00000000
core   0: 0x800092ec (0x01f1f2b3) and     t0, gp, t6
core   0: 3 0x800092ec (0x01f1f2b3) x5  0x00000000
core   0: 0x800092f0 (0x000092aa) c.add   t0, a0
core   0: 3 0x800092f0 (0x92aa) x5  0x00000000
core   0: 0x800092f2 (0x03ba0563) beq     s4, s11, pc + 42
core   0: 3 0x800092f2 (0x03ba0563)
core   0: 0x8000931c (0x01e4e563) bltu    s1, t5, pc + 10
core   0: 3 0x8000931c (0x01e4e563)
core   0: 0x80009326 (0x00008f45) c.or    a4, s1
core   0: 3 0x80009326 (0x8f45) x14 0x00000000
core   0: 0x80009328 (0x0059fb33) and     s6, s3, t0
core   0: 3 0x80009328 (0x0059fb33) x22 0x00000000
core   0: 0x8000932c (0xa8e07213) andi    tp, zero, -1394
core   0: 3 0x8000932c (0xa8e07213) x4  0x00000000
core   0: 0x80009330 (0x00008e05) c.sub   a2, s1
core   0: 3 0x80009330 (0x8e05) x12 0x00000000
core   0: 0x80009332 (0x009590b3) sll     ra, a1, s1
core   0: 3 0x80009332 (0x009590b3) x1  0x80025e08
core   0: 0x80009336 (0x02e5c4b3) div     s1, a1, a4
core   0: 3 0x80009336 (0x02e5c4b3) x9  0xffffffff
core   0: 0x8000933a (0x030e9f33) mulh    t5, t4, a6
core   0: 3 0x8000933a (0x030e9f33) x30 0xfffffdba
core   0: 0x8000933e (0x00409193) slli    gp, ra, 4
core   0: 3 0x8000933e (0x00409193) x3  0x0025e080
core   0: 0x80009342 (0x0000ca05) c.beqz  a2, pc + 48
core   0: 3 0x80009342 (0xca05)
core   0: 0x80009372 (0x40f480b3) sub     ra, s1, a5
core   0: 3 0x80009372 (0x40f480b3) x1  0xfffff92e
core   0: 0x80009376 (0x0000161c) c.addi4spn a5, sp, 800
core   0: 3 0x80009376 (0x161c) x15 0x0000031f
core   0: 0x80009378 (0x41585d13) srai    s10, a6, 21
core   0: 3 0x80009378 (0x41585d13) x26 0x000003bf
core   0: 0x8000937c (0x2a532013) slti    zero, t1, 677
core   0: 3 0x8000937c (0x2a532013)
core   0: 0x80009380 (0x01501463) bne     zero, s5, pc + 8
core   0: 3 0x80009380 (0x01501463)
core   0: 0x80009388 (0x000080e1) c.srli  s1, 24
core   0: 3 0x80009388 (0x80e1) x9  0x000000ff
core   0: 0x8000938a (0x01991f13) slli    t5, s2, 25
core   0: 3 0x8000938a (0x01991f13) x30 0xfe000000
core   0: 0x8000938e (0xace56113) ori     sp, a0, -1330
core   0: 3 0x8000938e (0xace56113) x2  0xffffface
core   0: 0x80009392 (0x00008e81) c.sub   a3, s0
core   0: 3 0x80009392 (0x8e81) x13 0x00000008
core   0: 0x80009394 (0x0000ca89) c.beqz  a3, pc + 18
core   0: 3 0x80009394 (0xca89)
core   0: 0x80009396 (0x006e8433) add     s0, t4, t1
core   0: 3 0x80009396 (0x006e8433) x8  0x34808d3c
core   0: 0x8000939a (0x032f5933) divu    s2, t5, s2
core   0: 3 0x8000939a (0x032f5933) x18 0x00000000
core   0: 0x8000939e (0x00008a2e) c.mv    s4, a1
core   0: 3 0x8000939e (0x8a2e) x20 0x80025e08
core   0: 0x800093a0 (0x00000001) c.nop
core   0: 3 0x800093a0 (0x0001)
core   0: 0x800093a2 (0x02ad82b3) mul     t0, s11, a0
core   0: 3 0x800093a2 (0x02ad82b3) x5  0x00000000
core   0: 0x800093a6 (0x012adfb3) srl     t6, s5, s2
core   0: 3 0x800093a6 (0x012adfb3) x31 0x29e65000
core   0: 0x800093aa (0x00008021) c.srli  s0, 8
core   0: 3 0x800093aa (0x8021) x8  0x0034808d
core   0: 0x800093ac (0x03276863) bltu    a4, s2, pc + 48
core   0: 3 0x800093ac (0x03276863)
core   0: 0x800093b0 (0x00000572) c.slli  a0, 28
core   0: 3 0x800093b0 (0x0572) x10 0x00000000
core   0: 0x800093b2 (0x00008eb1) c.xor   a3, a2
core   0: 3 0x800093b2 (0x8eb1) x13 0x00000008
core   0: 0x800093b4 (0x0385e1b3) rem     gp, a1, s8
core   0: 3 0x800093b4 (0x0385e1b3) x3  0x80025e08
core   0: 0x800093b8 (0x02242eb3) mulhsu  t4, s0, sp
core   0: 3 0x800093b8 (0x02242eb3) x29 0x0034808b
core   0: 0x800093bc (0x00006139) c.addi16sp sp, 448
core   0: 3 0x800093bc (0x6139) x2  0xfffffc8e
core   0: 0x800093be (0x00009122) c.add   sp, s0
core   0: 3 0x800093be (0x9122) x2  0x00347d1b
core   0: 0x800093c0 (0x000087ce) c.mv    a5, s3
core   0: 3 0x800093c0 (0x87ce) x15 0x00180000
core   0: 0x800093c2 (0x0000e399) c.bnez  a5, pc + 6
core   0: 3 0x800093c2 (0xe399)
core   0: 0x800093c8 (0x000083b1) c.srli  a5, 12
core   0: 3 0x800093c8 (0x83b1) x15 0x00000180
core   0: 0x800093ca (0x027b8433) mul     s0, s7, t2
core   0: 3 0x800093ca (0x027b8433) x8  0x00000000
core   0: 0x800093ce (0x9977b497) auipc   s1, 0x9977b
core   0: 3 0x800093ce (0x9977b497) x9  0x197843ce
core   0: 0x800093d2 (0xfb9f6513) ori     a0, t5, -71
core   0: 3 0x800093d2 (0xfb9f6513) x10 0xffffffb9
core   0: 0x800093d6 (0x00008931) c.andi  a0, 12
core   0: 3 0x800093d6 (0x8931) x10 0x00000008
core   0: 0x800093d8 (0x0285fab3) remu    s5, a1, s0
core   0: 3 0x800093d8 (0x0285fab3) x21 0x80025e08
core   0: 0x800093dc (0x00008c95) c.sub   s1, a3
core   0: 3 0x800093dc (0x8c95) x9  0x197843c6
core   0: 0x800093de (0x01c481b3) add     gp, s1, t3
core   0: 3 0x800093de (0x01c481b3) x3  0x197843c6
core   0: 0x800093e2 (0x022f5bb3) divu    s7, t5, sp
core   0: 3 0x800093e2 (0x022f5bb3) x23 0x000004d6
core   0: 0x800093e6 (0x000011fd) c.addi  gp, -1
core   0: 3 0x800093e6 (0x11fd) x3  0x197843c5
core   0: 0x800093e8 (0x0000c689) c.beqz  a3, pc + 10
core   0: 3 0x800093e8 (0xc689)
core   0: 0x800093ea (0x03527363) bgeu    tp, s5, pc + 38
core   0: 3 0x800093ea (0x03527363)
core   0: 0x800093ee (0x021951b3) divu    gp, s2, ra
core   0: 3 0x800093ee (0x021951b3) x3  0x00000000
core   0: 0x800093f2 (0x00009186) c.add   gp, ra
core   0: 3 0x800093f2 (0x9186) x3  0xfffff92e
core   0: 0x800093f4 (0x8d891217) auipc   tp, 0x8d891
core   0: 3 0x800093f4 (0x8d891217) x4  0x0d89a3f4
core   0: 0x800093f8 (0x00008215) c.srli  a2, 5
core   0: 3 0x800093f8 (0x8215) x12 0x00000000
core   0: 0x800093fa (0x007c4663) blt     s8, t2, pc + 12
core   0: 3 0x800093fa (0x007c4663)
core   0: 0x800093fe (0x03d761b3) rem     gp, a4, t4
core   0: 3 0x800093fe (0x03d761b3) x3  0x00000000
core   0: 0x80009402 (0x00217763) bgeu    sp, sp, pc + 14
core   0: 3 0x80009402 (0x00217763)
core   0: 0x80009410 (0x0029cbb3) xor     s7, s3, sp
core   0: 3 0x80009410 (0x0029cbb3) x23 0x002c7d1b
core   0: 0x80009414 (0x00a32fb3) slt     t6, t1, a0
core   0: 3 0x80009414 (0x00a32fb3) x31 0x00000000
core   0: 0x80009418 (0x000083c1) c.srli  a5, 16
core   0: 3 0x80009418 (0x83c1) x15 0x00000000
core   0: 0x8000941a (0x000041d8) c.lw    a4, 4(a1)
core   0: 3 0x8000941a (0x41d8) x14 0x80009ac4 mem 0x80025e0c
core   0: 0x8000941c (0x03943e33) mulhu   t3, s0, s9
core   0: 3 0x8000941c (0x03943e33) x28 0x00000000
core   0: 0x80009420 (0x402601b3) sub     gp, a2, sp
core   0: 3 0x80009420 (0x402601b3) x3  0xffcb82e5
core   0: 0x80009424 (0x03c58593) addi    a1, a1, 60
core   0: 3 0x80009424 (0x03c58593) x11 0x80025e44
core   0: 0x80009428 (0x03b07b33) remu    s6, zero, s11
core   0: 3 0x80009428 (0x03b07b33) x22 0x00000000
core   0: 0x8000942c (0x00170693) addi    a3, a4, 1
core   0: 3 0x8000942c (0x00170693) x13 0x80009ac5
core   0: 0x80009430 (0x00008682) c.jr    a3
core   0: 3 0x80009430 (0x8682)
core   0: 0x80009ac4 (0x707a2793) slti    a5, s4, 1799
core   0: 3 0x80009ac4 (0x707a2793) x15 0x00000001
core   0: 0x80009ac8 (0x74bbcf13) xori    t5, s7, 1867
core   0: 3 0x80009ac8 (0x74bbcf13) x30 0x002c7a50
core   0: 0x80009acc (0x00008ff9) c.and   a5, a4
core   0: 3 0x80009acc (0x8ff9) x15 0x00000000
core   0: 0x80009ace (0x00008ada) c.mv    s5, s6
core   0: 3 0x80009ace (0x8ada) x21 0x00000000
core   0: 0x80009ad0 (0x0000717d) c.addi16sp sp, -16
core   0: 3 0x80009ad0 (0x717d) x2  0x00347d0b
core   0: 0x80009ad2 (0x03611733) mulh    a4, sp, s6
core   0: 3 0x80009ad2 (0x03611733) x14 0x00000000
core   0: 0x80009ad6 (0x02b99033) mulh    zero, s3, a1
core   0: 3 0x80009ad6 (0x02b99033)
core   0: 0x80009ada (0x000d5e33) srl     t3, s10, zero
core   0: 3 0x80009ada (0x000d5e33) x28 0x000003bf
core   0: 0x80009ade (0x0207df33) divu    t5, a5, zero
core   0: 3 0x80009ade (0x0207df33) x30 0xffffffff
core   0: 0x80009ae2 (0x0000c51d) c.beqz  a0, pc + 46
core   0: 3 0x80009ae2 (0xc51d)
core   0: 0x80009ae4 (0x4116dc93) srai    s9, a3, 17
core   0: 3 0x80009ae4 (0x4116dc93) x25 0xffffc000
core   0: 0x80009ae8 (0x01f0dc33) srl     s8, ra, t6
core   0: 3 0x80009ae8 (0x01f0dc33) x24 0xfffff92e
core   0: 0x80009aec (0x030bf563) bgeu    s7, a6, pc + 42
core   0: 3 0x80009aec (0x030bf563)
core   0: 0x80009af0 (0x00008119) c.srli  a0, 6
core   0: 3 0x80009af0 (0x8119) x10 0x00000000
core   0: 0x80009af2 (0x9ffefa93) andi    s5, t4, -1537
core   0: 3 0x80009af2 (0x9ffefa93) x21 0x0034808b
core   0: 0x80009af6 (0x0307c1b3) div     gp, a5, a6
core   0: 3 0x80009af6 (0x0307c1b3) x3  0x00000000
core   0: 0x80009afa (0x030e4cb3) div     s9, t3, a6
core   0: 3 0x80009afa (0x030e4cb3) x25 0x00000000
core   0: 0x80009afe (0x0179acb3) slt     s9, s3, s7
core   0: 3 0x80009afe (0x0179acb3) x25 0x00000001
core   0: 0x80009b02 (0x02206363) bltu    zero, sp, pc + 38
core   0: 3 0x80009b02 (0x02206363)
core   0: 0x80009b28 (0x00009276) c.add   tp, t4
core   0: 3 0x80009b28 (0x9276) x4  0x0dbe247f
core   0: 0x80009b2a (0x94602917) auipc   s2, 0x94602
core   0: 3 0x80009b2a (0x94602917) x18 0x1460bb2a
core   0: 0x80009b2e (0xac21f097) auipc   ra, 0xac21f
core   0: 3 0x80009b2e (0xac21f097) x1  0x2c228b2e
core   0: 0x80009b32 (0xd803cdb7) lui     s11, 0xd803c
core   0: 3 0x80009b32 (0xd803cdb7) x27 0xd803c000
core   0: 0x80009b36 (0x0000717d) c.addi16sp sp, -16
core   0: 3 0x80009b36 (0x717d) x2  0x00347cfb
core   0: 0x80009b38 (0x02f04933) div     s2, zero, a5
core   0: 3 0x80009b38 (0x02f04933) x18 0xffffffff
core   0: 0x80009b3c (0x00008ed1) c.or    a3, a2
core   0: 3 0x80009b3c (0x8ed1) x13 0x80009ac5
core   0: 0x80009b3e (0x02daa3b3) mulhsu  t2, s5, a3
core   0: 3 0x80009b3e (0x02daa3b3) x7  0x001a4065
core   0: 0x80009b42 (0x0103de93) srli    t4, t2, 16
core   0: 3 0x80009b42 (0x0103de93) x29 0x0000001a
core   0: 0x80009b46 (0x000082d5) c.srli  a3, 21
core   0: 3 0x80009b46 (0x82d5) x13 0x00000400
core   0: 0x80009b48 (0x000098fd) c.andi  s1, -1
core   0: 3 0x80009b48 (0x98fd) x9  0x197843c6
core   0: 0x80009b4a (0x41c550b3) sra     ra, a0, t3
core   0: 3 0x80009b4a (0x41c550b3) x1  0x00000000
core   0: 0x80009b4e (0x00009b5e) c.add   s6, s7
core   0: 3 0x80009b4e (0x9b5e) x22 0x002c7d1b
core   0: 0x80009b50 (0x01931763) bne     t1, s9, pc + 14
core   0: 3 0x80009b50 (0x01931763)
core   0: 0x80009b5e (0x02cbd4b3) divu    s1, s7, a2
core   0: 3 0x80009b5e (0x02cbd4b3) x9  0xffffffff
core   0: 0x80009b62 (0x0000e217) auipc   tp, 0xe
core   0: 3 0x80009b62 (0x0000e217) x4  0x80017b62
core   0: 0x80009b66 (0xa8c20213) addi    tp, tp, -1396
core   0: 3 0x80009b66 (0xa8c20213) x4  0x800175ee
core   0: 0x80009b6a (0xf5825183) lhu     gp, -168(tp)
core   0: 3 0x80009b6a (0xf5825183) x3  0x00000000 mem 0x80017546
core   0: 0x80009b6e (0x0b724d83) lbu     s11, 183(tp)
core   0: 3 0x80009b6e (0x0b724d83) x27 0x00000000 mem 0x800176a5
core   0: 0x80009b72 (0x04a22d23) sw      a0, 90(tp)
core   0: 3 0x80009b72 (0x04a22d23) mem 0x80017648 0x00000000
core   0: 0x80009b76 (0x40855c93) srai    s9, a0, 8
core   0: 3 0x80009b76 (0x40855c93) x25 0x00000000
core   0: 0x80009b7a (0x00005cfd) c.li    s9, -1
core   0: 3 0x80009b7a (0x5cfd) x25 0xffffffff
core   0: 0x80009b7c (0xf8120183) lb      gp, -127(tp)
core   0: 3 0x80009b7c (0xf8120183) x3  0x00000000 mem 0x8001756f
core   0: 0x80009b80 (0x06a21823) sh      a0, 112(tp)
core   0: 3 0x80009b80 (0x06a21823) mem 0x8001765e 0x0000
core   0: 0x80009b84 (0xf5f24503) lbu     a0, -161(tp)
core   0: 3 0x80009b84 (0xf5f24503) x10 0x00000000 mem 0x8001754d
core   0: 0x80009b88 (0x03bc9db3) mulh    s11, s9, s11
core   0: 3 0x80009b88 (0x03bc9db3) x27 0x00000000
core   0: 0x80009b8c (0xf1b20823) sb      s11, -240(tp)
core   0: 3 0x80009b8c (0xf1b20823) mem 0x800174fe 0x00
core   0: 0x80009b90 (0x00008d49) c.or    a0, a0
core   0: 3 0x80009b90 (0x8d49) x10 0x00000000
core   0: 0x80009b92 (0xf8621c23) sh      t1, -104(tp)
core   0: 3 0x80009b92 (0xf8621c23) mem 0x80017586 0x9216
core   0: 0x80009b96 (0x6d98d537) lui     a0, 0x6d98d
core   0: 3 0x80009b96 (0x6d98d537) x10 0x6d98d000
core   0: 0x80009b9a (0x05620523) sb      s6, 74(tp)
core   0: 3 0x80009b9a (0x05620523) mem 0x80017638 0x1b
core   0: 0x80009b9e (0x07c24c83) lbu     s9, 124(tp)
core   0: 3 0x80009b9e (0x07c24c83) x25 0x00000000 mem 0x8001766a
core   0: 0x80009ba2 (0x04f20183) lb      gp, 79(tp)
core   0: 3 0x80009ba2 (0x04f20183) x3  0x00000000 mem 0x8001763d
core   0: 0x80009ba6 (0x0000919a) c.add   gp, t1
core   0: 3 0x80009ba6 (0x919a) x3  0x34809216
core   0: 0x80009ba8 (0x0361f1b3) remu    gp, gp, s6
core   0: 3 0x80009ba8 (0x0361f1b3) x3  0x0004fc3c
core   0: 0x80009bac (0x00008d09) c.sub   a0, a0
core   0: 3 0x80009bac (0x8d09) x10 0x00000000
core   0: 0x80009bae (0x026ceb33) rem     s6, s9, t1
core   0: 3 0x80009bae (0x026ceb33) x22 0x00000000
core   0: 0x80009bb2 (0xfba1f193) andi    gp, gp, -70
core   0: 3 0x80009bb2 (0xfba1f193) x3  0x0004fc38
core   0: 0x80009bb6 (0xf8324d83) lbu     s11, -125(tp)
core   0: 3 0x80009bb6 (0xf8324d83) x27 0x00000000 mem 0x80017571
core   0: 0x80009bba (0x41618533) sub     a0, gp, s6
core   0: 3 0x80009bba (0x41618533) x10 0x0004fc38
core   0: 0x80009bbe (0x000081da) c.mv    gp, s6
core   0: 3 0x80009bbe (0x81da) x3  0x00000000
core   0: 0x80009bc0 (0xf5a20503) lb      a0, -166(tp)
core   0: 3 0x80009bc0 (0xf5a20503) x10 0x00000000 mem 0x80017548
core   0: 0x80009bc4 (0x04020c83) lb      s9, 64(tp)
core   0: 3 0x80009bc4 (0x04020c83) x25 0x00000000 mem 0x8001762e
core   0: 0x80009bc8 (0x00008109) c.srli  a0, 2
core   0: 3 0x80009bc8 (0x8109) x10 0x00000000
core   0: 0x80009bca (0x09f24c83) lbu     s9, 159(tp)
core   0: 3 0x80009bca (0x09f24c83) x25 0x00000000 mem 0x8001768d
core   0: 0x80009bce (0x02656b33) rem     s6, a0, t1
core   0: 3 0x80009bce (0x02656b33) x22 0x00000000
core   0: 0x80009bd2 (0x0f720b03) lb      s6, 247(tp)
core   0: 3 0x80009bd2 (0x0f720b03) x22 0x00000000 mem 0x800176e5
core   0: 0x80009bd6 (0x0000832a) c.mv    t1, a0
core   0: 3 0x80009bd6 (0x832a) x6  0x00000000
core   0: 0x80009bd8 (0x0a6204a3) sb      t1, 169(tp)
core   0: 3 0x80009bd8 (0x0a6204a3) mem 0x80017697 0x00
core   0: 0x80009bdc (0xf0324183) lbu     gp, -253(tp)
core   0: 3 0x80009bdc (0xf0324183) x3  0x00000000 mem 0x800174f1
core   0: 0x80009be0 (0xf02ce313) ori     t1, s9, -254
core   0: 3 0x80009be0 (0xf02ce313) x6  0xffffff02
core   0: 0x80009be4 (0x01bdeb33) or      s6, s11, s11
core   0: 3 0x80009be4 (0x01bdeb33) x22 0x00000000
core   0: 0x80009be8 (0x0c425303) lhu     t1, 196(tp)
core   0: 3 0x80009be8 (0x0c425303) x6  0x00000000 mem 0x800176b2
core   0: 0x80009bec (0x00008d69) c.and   a0, a0
core   0: 3 0x80009bec (0x8d69) x10 0x00000000
core   0: 0x80009bee (0x0000157d) c.addi  a0, -1
core   0: 3 0x80009bee (0x157d) x10 0xffffffff
core   0: 0x80009bf0 (0x09e24183) lbu     gp, 158(tp)
core   0: 3 0x80009bf0 (0x09e24183) x3  0x00000000 mem 0x8001768c
core   0: 0x80009bf4 (0xdc8ccc93) xori    s9, s9, -568
core   0: 3 0x80009bf4 (0xdc8ccc93) x25 0xfffffdc8
core   0: 0x80009bf8 (0xf3225b03) lhu     s6, -206(tp)
core   0: 3 0x80009bf8 (0xf3225b03) x22 0x00000000 mem 0x80017520
core   0: 0x80009bfc (0xf1820183) lb      gp, -232(tp)
core   0: 3 0x80009bfc (0xf1820183) x3  0x00000000 mem 0x80017506
core   0: 0x80009c00 (0x00008575) c.srai  a0, 29
core   0: 3 0x80009c00 (0x8575) x10 0xffffffff
core   0: 0x80009c02 (0x12017c97) auipc   s9, 0x12017
core   0: 3 0x80009c02 (0x12017c97) x25 0x92020c02
core   0: 0x80009c06 (0xfb920183) lb      gp, -71(tp)
core   0: 3 0x80009c06 (0xfb920183) x3  0x00000000 mem 0x800175a7
core   0: 0x80009c0a (0x003b3db3) sltu    s11, s6, gp
core   0: 3 0x80009c0a (0x003b3db3) x27 0x00000000
core   0: 0x80009c0e (0x05b208a3) sb      s11, 81(tp)
core   0: 3 0x80009c0e (0x05b208a3) mem 0x8001763f 0x00
core   0: 0x80009c12 (0xfa825303) lhu     t1, -88(tp)
core   0: 3 0x80009c12 (0xfa825303) x6  0x00000000 mem 0x80017596
core   0: 0x80009c16 (0xc3bf2317) auipc   t1, 0xc3bf2
core   0: 3 0x80009c16 (0xc3bf2317) x6  0x43bfbc16
core   0: 0x80009c1a (0x006cd333) srl     t1, s9, t1
core   0: 3 0x80009c1a (0x006cd333) x6  0x00000248
core   0: 0x80009c1e (0x00008559) c.srai  a0, 22
core   0: 3 0x80009c1e (0x8559) x10 0xffffffff
core   0: 0x80009c20 (0x006ddb33) srl     s6, s11, t1
core   0: 3 0x80009c20 (0x006ddb33) x22 0x00000000
core   0: 0x80009c24 (0x00120303) lb      t1, 1(tp)
core   0: 3 0x80009c24 (0x00120303) x6  0x00000000 mem 0x800175ef
core   0: 0x80009c28 (0xfc620b03) lb      s6, -58(tp)
core   0: 3 0x80009c28 (0xfc620b03) x22 0x00000000 mem 0x800175b4
core   0: 0x80009c2c (0xdc9b3513) sltiu   a0, s6, -567
core   0: 3 0x80009c2c (0xdc9b3513) x10 0x00000001
core   0: 0x80009c30 (0x02320183) lb      gp, 35(tp)
core   0: 3 0x80009c30 (0x02320183) x3  0x00000000 mem 0x80017611
core   0: 0x80009c34 (0x00006b79) c.lui   s6, 0x1e
core   0: 3 0x80009c34 (0x6b79) x22 0x0001e000
core   0: 0x80009c36 (0x00008b6e) c.mv    s6, s11
core   0: 3 0x80009c36 (0x8b6e) x22 0x00000000
core   0: 0x80009c38 (0xff920ba3) sb      s9, -9(tp)
core   0: 3 0x80009c38 (0xff920ba3) mem 0x800175e5 0x02
core   0: 0x80009c3c (0xf9924b03) lbu     s6, -103(tp)
core   0: 3 0x80009c3c (0xf9924b03) x22 0x00000092 mem 0x80017587
core   0: 0x80009c40 (0x03838163) beq     t2, s8, pc + 34
core   0: 3 0x80009c40 (0x03838163)
core   0: 0x80009c44 (0x00cbda33) srl     s4, s7, a2
core   0: 3 0x80009c44 (0x00cbda33) x20 0x002c7d1b
core   0: 0x80009c48 (0x00000001) c.nop
core   0: 3 0x80009c48 (0x0001)
core   0: 0x80009c4a (0x71c67913) andi    s2, a2, 1820
core   0: 3 0x80009c4a (0x71c67913) x18 0x00000000
core   0: 0x80009c4e (0x40158d33) sub     s10, a1, ra
core   0: 3 0x80009c4e (0x40158d33) x26 0x80025e44
core   0: 0x80009c52 (0x40925d93) srai    s11, tp, 9
core   0: 3 0x80009c52 (0x40925d93) x27 0xffc000ba
core   0: 0x80009c56 (0x00008f71) c.and   a4, a2
core   0: 3 0x80009c56 (0x8f71) x14 0x00000000
core   0: 0x80009c58 (0x00008fc1) c.or    a5, s0
core   0: 3 0x80009c58 (0x8fc1) x15 0x00000000
core   0: 0x80009c5a (0x0000012e) c.slli  sp, 11
core   0: 3 0x80009c5a (0x012e) x2  0xa3e7d800
core   0: 0x80009c5c (0x0000ee05) c.bnez  a2, pc + 56
core   0: 3 0x80009c5c (0xee05)
core   0: 0x80009c5e (0x03568033) mul     zero, a3, s5
core   0: 3 0x80009c5e (0x03568033)
core   0: 0x80009c62 (0x00000aea) c.slli  s5, 26
core   0: 3 0x80009c62 (0x0aea) x21 0x2c000000
core   0: 0x80009c64 (0xcc29c193) xori    gp, s3, -830
core   0: 3 0x80009c64 (0xcc29c193) x3  0xffe7fcc2
core   0: 0x80009c68 (0x49f92c93) slti    s9, s2, 1183
core   0: 3 0x80009c68 (0x49f92c93) x25 0x00000001
core   0: 0x80009c6c (0x03e5abb3) mulhsu  s7, a1, t5
core   0: 3 0x80009c6c (0x03e5abb3) x23 0x80025e44
core   0: 0x80009c70 (0x00acfb33) and     s6, s9, a0
core   0: 3 0x80009c70 (0x00acfb33) x22 0x00000001
core   0: 0x80009c74 (0x00008d86) c.mv    s11, ra
core   0: 3 0x80009c74 (0x8d86) x27 0x00000000
core   0: 0x80009c76 (0x00008fcd) c.or    a5, a1
core   0: 3 0x80009c76 (0x8fcd) x15 0x80025e44
core   0: 0x80009c78 (0x033ff0b3) remu    ra, t6, s3
core   0: 3 0x80009c78 (0x033ff0b3) x1  0x00000000
core   0: 0x80009c7c (0x3a1ccf13) xori    t5, s9, 929
core   0: 3 0x80009c7c (0x3a1ccf13) x30 0x000003a0
core   0: 0x80009c80 (0x00008e05) c.sub   a2, s1
core   0: 3 0x80009c80 (0x8e05) x12 0x00000001
core   0: 0x80009c82 (0x00008305) c.srli  a4, 1
core   0: 3 0x80009c82 (0x8305) x14 0x00000000
core   0: 0x80009c84 (0xebb11bb7) lui     s7, 0xebb11
core   0: 3 0x80009c84 (0xebb11bb7) x23 0xebb11000
core   0: 0x80009c88 (0x00006d39) c.lui   s10, 0xe
core   0: 3 0x80009c88 (0x6d39) x26 0x0000e000
core   0: 0x80009c8a (0x00009f86) c.add   t6, ra
core   0: 3 0x80009c8a (0x9f86) x31 0x00000000
core   0: 0x80009c8c (0x00000001) c.nop
core   0: 3 0x80009c8c (0x0001)
core   0: 0x80009c8e (0x0000842a) c.mv    s0, a0
core   0: 3 0x80009c8e (0x842a) x8  0x00000001
core   0: 0x80009c90 (0x03370463) beq     a4, s3, pc + 40
core   0: 3 0x80009c90 (0x03370463)
core   0: 0x80009c94 (0x00000d9c) c.addi4spn a5, sp, 720
core   0: 3 0x80009c94 (0x0d9c) x15 0xa3e7dad0
core   0: 0x80009c96 (0x0151cb63) blt     gp, s5, pc + 22
core   0: 3 0x80009c96 (0x0151cb63)
core   0: 0x80009cac (0x00008e69) c.and   a2, a0
core   0: 3 0x80009cac (0x8e69) x12 0x00000001
core   0: 0x80009cae (0x0000976a) c.add   a4, s10
core   0: 3 0x80009cae (0x976a) x14 0x0000e000
core   0: 0x80009cb0 (0x00a50863) beq     a0, a0, pc + 16
core   0: 3 0x80009cb0 (0x00a50863)
core   0: 0x80009cc0 (0x7ca80393) addi    t2, a6, 1994
core   0: 3 0x80009cc0 (0x7ca80393) x7  0x77ef31c9
core   0: 0x80009cc4 (0x4120d6b3) sra     a3, ra, s2
core   0: 3 0x80009cc4 (0x4120d6b3) x13 0x00000000
core   0: 0x80009cc8 (0x0000843a) c.mv    s0, a4
core   0: 3 0x80009cc8 (0x843a) x8  0x0000e000
core   0: 0x80009cca (0x0000e80d) c.bnez  s0, pc + 50
core   0: 3 0x80009cca (0xe80d)
core   0: 0x80009cfc (0x027a2933) mulhsu  s2, s4, t2
core   0: 3 0x80009cfc (0x027a2933) x18 0x0014d7b9
core   0: 0x80009d00 (0x03409e33) mulh    t3, ra, s4
core   0: 3 0x80009d00 (0x03409e33) x28 0x00000000
core   0: 0x80009d04 (0x0258e0b3) rem     ra, a7, t0
core   0: 3 0x80009d04 (0x0258e0b3) x1  0x80029ce4
core   0: 0x80009d08 (0x01802633) slt     a2, zero, s8
core   0: 3 0x80009d08 (0x01802633) x12 0x00000000
core   0: 0x80009d0c (0xecc36413) ori     s0, t1, -308
core   0: 3 0x80009d0c (0xecc36413) x8  0xfffffecc
core   0: 0x80009d10 (0x875f4313) xori    t1, t5, -1931
core   0: 3 0x80009d10 (0x875f4313) x6  0xfffffbd5
core   0: 0x80009d14 (0x00008ed1) c.or    a3, a2
core   0: 3 0x80009d14 (0x8ed1) x13 0x00000000
core   0: 0x80009d16 (0x75064793) xori    a5, a2, 1872
core   0: 3 0x80009d16 (0x75064793) x15 0x00000750
core   0: 0x80009d1a (0x000083b1) c.srli  a5, 12
core   0: 3 0x80009d1a (0x83b1) x15 0x00000000
core   0: 0x80009d1c (0x40015193) srai    gp, sp, 0
core   0: 3 0x80009d1c (0x40015193) x3  0xa3e7d800
core   0: 0x80009d20 (0x41cb52b3) sra     t0, s6, t3
core   0: 3 0x80009d20 (0x41cb52b3) x5  0x00000001
core   0: 0x80009d24 (0x03dec3b3) div     t2, t4, t4
core   0: 3 0x80009d24 (0x03dec3b3) x7  0x00000001
core   0: 0x80009d28 (0x7cf08213) addi    tp, ra, 1999
core   0: 3 0x80009d28 (0x7cf08213) x4  0x8002a4b3
core   0: 0x80009d2c (0xba6614b7) lui     s1, 0xba661
core   0: 3 0x80009d2c (0xba6614b7) x9  0xba661000
core   0: 0x80009d30 (0x00047233) and     tp, s0, zero
core   0: 3 0x80009d30 (0x00047233) x4  0x00000000
core   0: 0x80009d34 (0x027d72b3) remu    t0, s10, t2
core   0: 3 0x80009d34 (0x027d72b3) x5  0x00000000
core   0: 0x80009d38 (0x0390db33) divu    s6, ra, s9
core   0: 3 0x80009d38 (0x0390db33) x22 0x80029ce4
core   0: 0x80009d3c (0x022e3233) mulhu   tp, t3, sp
core   0: 3 0x80009d3c (0x022e3233) x4  0x00000000
core   0: 0x80009d40 (0xd897f093) andi    ra, a5, -631
core   0: 3 0x80009d40 (0xd897f093) x1  0x00000000
core   0: 0x80009d44 (0x0081d213) srli    tp, gp, 8
core   0: 3 0x80009d44 (0x0081d213) x4  0x00a3e7d8
core   0: 0x80009d48 (0xf7277b93) andi    s7, a4, -142
core   0: 3 0x80009d48 (0xf7277b93) x23 0x0000e000
core   0: 0x80009d4c (0x026b3533) mulhu   a0, s6, t1
core   0: 3 0x80009d4c (0x026b3533) x10 0x80029ace
core   0: 0x80009d50 (0x01491213) slli    tp, s2, 20
core   0: 3 0x80009d50 (0x01491213) x4  0x7b900000
core   0: 0x80009d54 (0x00b05b13) srli    s6, zero, 11
core   0: 3 0x80009d54 (0x00b05b13) x22 0x00000000
core   0: 0x80009d58 (0x02130db3) mul     s11, t1, ra
core   0: 3 0x80009d58 (0x02130db3) x27 0x00000000
core   0: 0x80009d5c (0x528b67b7) lui     a5, 0x528b6
core   0: 3 0x80009d5c (0x528b67b7) x15 0x528b6000
core   0: 0x80009d60 (0x01911a13) slli    s4, sp, 25
core   0: 3 0x80009d60 (0x01911a13) x20 0x00000000
core   0: 0x80009d64 (0x00008d59) c.or    a0, a4
core   0: 3 0x80009d64 (0x8d59) x10 0x8002face
core   0: 0x80009d66 (0x00004b29) c.li    s6, 10
core   0: 3 0x80009d66 (0x4b29) x22 0x0000000a
core   0: 0x80009d68 (0x0000079a) c.slli  a5, 6
core   0: 3 0x80009d68 (0x079a) x15 0xa2d80000
core   0: 0x80009d6a (0x0000829d) c.srli  a3, 7
core   0: 3 0x80009d6a (0x829d) x13 0x00000000
core   0: 0x80009d6c (0x8aa18013) addi    zero, gp, -1878
core   0: 3 0x80009d6c (0x8aa18013)
core   0: 0x80009d70 (0x00008e22) c.mv    t3, s0
core   0: 3 0x80009d70 (0x8e22) x28 0xfffffecc
core   0: 0x80009d72 (0x00006141) c.addi16sp sp, 16
core   0: 3 0x80009d72 (0x6141) x2  0xa3e7d810
core   0: 0x80009d74 (0x03646db3) rem     s11, s0, s6
core   0: 3 0x80009d74 (0x03646db3) x27 0xfffffff8
core   0: 0x80009d78 (0xa1d17093) andi    ra, sp, -1507
core   0: 3 0x80009d78 (0xa1d17093) x1  0xa3e7d810
core   0: 0x80009d7c (0x00000512) c.slli  a0, 4
core   0: 3 0x80009d7c (0x0512) x10 0x002face0
core   0: 0x80009d7e (0x034009b3) mul     s3, zero, s4
core   0: 3 0x80009d7e (0x034009b3) x19 0x00000000
core   0: 0x80009d82 (0x032a3233) mulhu   tp, s4, s2
core   0: 3 0x80009d82 (0x032a3233) x4  0x00000000
core   0: 0x80009d86 (0x464297b7) lui     a5, 0x46429
core   0: 3 0x80009d86 (0x464297b7) x15 0x46429000
core   0: 0x80009d8a (0x000086a6) c.mv    a3, s1
core   0: 3 0x80009d8a (0x86a6) x13 0xba661000
core   0: 0x80009d8c (0x01a67533) and     a0, a2, s10
core   0: 3 0x80009d8c (0x01a67533) x10 0x00000000
core   0: 0x80009d90 (0x8ef98313) addi    t1, s3, -1809
core   0: 3 0x80009d90 (0x8ef98313) x6  0xfffff8ef
core   0: 0x80009d94 (0x00178c33) add     s8, a5, ra
core   0: 3 0x80009d94 (0x00178c33) x24 0xea2a6810
core   0: 0x80009d98 (0x00000611) c.addi  a2, 4
core   0: 3 0x80009d98 (0x0611) x12 0x00000004
core   0: 0x80009d9a (0xccfffc37) lui     s8, 0xccfff
core   0: 3 0x80009d9a (0xccfffc37) x24 0xccfff000
core   0: 0x80009d9e (0x02e0076f) jal     a4, pc + 0x2e
core   0: 3 0x80009d9e (0x02e0076f) x14 0x80009da2
core   0: 0x80009dcc (0xfedff0ef) jal     pc - 0x14
core   0: 3 0x80009dcc (0xfedff0ef) x1  0x80009dd0
core   0: 0x80009db8 (0x0000bfd5) c.j     pc - 12
core   0: 3 0x80009db8 (0xbfd5)
core   0: 0x80009dac (0x026000ef) jal     pc + 0x26
core   0: 3 0x80009dac (0x026000ef) x1  0x80009db0
core   0: 0x80009dd2 (0x00002039) c.jal   pc + 14
core   0: 3 0x80009dd2 (0x2039) x1  0x80009dd4
core   0: 0x80009de0 (0x0000a019) c.j     pc + 6
core   0: 3 0x80009de0 (0xa019)
core   0: 0x80009de6 (0xfdfffaef) jal     s5, pc - 0x22
core   0: 3 0x80009de6 (0xfdfffaef) x21 0x80009dea
core   0: 0x80009dc4 (0x00003fc5) c.jal   pc - 16
core   0: 3 0x80009dc4 (0x3fc5) x1  0x80009dc6
core   0: 0x80009db4 (0xff3ff0ef) jal     pc - 0xe
core   0: 3 0x80009db4 (0xff3ff0ef) x1  0x80009db8
core   0: 0x80009da6 (0x036000ef) jal     pc + 0x36
core   0: 3 0x80009da6 (0x036000ef) x1  0x80009daa
core   0: 0x80009ddc (0xfe3ff0ef) jal     pc - 0x1e
core   0: 3 0x80009ddc (0xfe3ff0ef) x1  0x80009de0
core   0: 0x80009dbe (0x0000a01d) c.j     pc + 38
core   0: 3 0x80009dbe (0xa01d)
core   0: 0x80009de4 (0x00002021) c.jal   pc + 8
core   0: 3 0x80009de4 (0x2021) x1  0x80009de6
core   0: 0x80009dec (0xfffff0ef) jal     pc - 0x2
core   0: 3 0x80009dec (0xfffff0ef) x1  0x80009df0
core   0: 0x80009dea (0x000037dd) c.jal   pc - 26
core   0: 3 0x80009dea (0x37dd) x1  0x80009dec
core   0: 0x80009dd0 (0x000037f5) c.jal   pc - 20
core   0: 3 0x80009dd0 (0x37f5) x1  0x80009dd2
core   0: 0x80009dbc (0x000037e5) c.jal   pc - 24
core   0: 3 0x80009dbc (0x37e5) x1  0x80009dbe
core   0: 0x80009da4 (0x00002819) c.jal   pc + 22
core   0: 3 0x80009da4 (0x2819) x1  0x80009da6
core   0: 0x80009dba (0x0000281d) c.jal   pc + 54
core   0: 3 0x80009dba (0x281d) x1  0x80009dbc
core   0: 0x80009df0 (0xfd1ff2ef) jal     t0, pc - 0x30
core   0: 3 0x80009df0 (0xfd1ff2ef) x5  0x80009df4
core   0: 0x80009dc0 (0x016000ef) jal     pc + 0x16
core   0: 3 0x80009dc0 (0x016000ef) x1  0x80009dc4
core   0: 0x80009dd6 (0x0000a009) c.j     pc + 2
core   0: 3 0x80009dd6 (0xa009)
core   0: 0x80009dd8 (0x0000bfe1) c.j     pc - 40
core   0: 3 0x80009dd8 (0xbfe1)
core   0: 0x80009db0 (0x02a0076f) jal     a4, pc + 0x2a
core   0: 3 0x80009db0 (0x02a0076f) x14 0x80009db4
core   0: 0x80009dda (0x000037e1) c.jal   pc - 56
core   0: 3 0x80009dda (0x37e1) x1  0x80009ddc
core   0: 0x80009da2 (0x0000a081) c.j     pc + 64
core   0: 3 0x80009da2 (0xa081)
core   0: 0x80009de2 (0x000037d5) c.jal   pc - 28
core   0: 3 0x80009de2 (0x37d5) x1  0x80009de4
core   0: 0x80009dc6 (0x0000a009) c.j     pc + 2
core   0: 3 0x80009dc6 (0xa009)
core   0: 0x80009dc8 (0x00c000ef) jal     pc + 0xc
core   0: 3 0x80009dc8 (0x00c000ef) x1  0x80009dcc
core   0: 0x80009dd4 (0x0000bfd9) c.j     pc - 42
core   0: 3 0x80009dd4 (0xbfd9)
core   0: 0x80009daa (0x000020a9) c.jal   pc + 74
core   0: 3 0x80009daa (0x20a9) x1  0x80009dac
core   0: 0x80009df4 (0x0000841d) c.srai  s0, 7
core   0: 3 0x80009df4 (0x841d) x8  0xfffffffd
core   0: 0x80009df6 (0x00004e01) c.li    t3, 0
core   0: 3 0x80009df6 (0x4e01) x28 0x00000000
core   0: 0x80009df8 (0x89da7793) andi    a5, s4, -1891
core   0: 3 0x80009df8 (0x89da7793) x15 0x00000000
core   0: 0x80009dfc (0x4744fa93) andi    s5, s1, 1140
core   0: 3 0x80009dfc (0x4744fa93) x21 0x00000000
core   0: 0x80009e00 (0x00de2ab3) slt     s5, t3, a3
core   0: 3 0x80009e00 (0x00de2ab3) x21 0x00000000
core   0: 0x80009e04 (0x00008e5d) c.or    a2, a5
core   0: 3 0x80009e04 (0x8e5d) x12 0x00000004
core   0: 0x80009e06 (0x0319ec63) bltu    s3, a7, pc + 56
core   0: 3 0x80009e06 (0x0319ec63)
core   0: 0x80009e3e (0x02f31463) bne     t1, a5, pc + 40
core   0: 3 0x80009e3e (0x02f31463)
core   0: 0x80009e66 (0x01ba4e63) blt     s4, s11, pc + 28
core   0: 3 0x80009e66 (0x01ba4e63)
core   0: 0x80009e6a (0x011223b3) slt     t2, tp, a7
core   0: 3 0x80009e6a (0x011223b3) x7  0x00000000
core   0: 0x80009e6e (0x016b3733) sltu    a4, s6, s6
core   0: 3 0x80009e6e (0x016b3733) x14 0x00000000
core   0: 0x80009e72 (0x0000e085) c.bnez  s1, pc + 32
core   0: 3 0x80009e72 (0xe085)
core   0: 0x80009e92 (0x02f3f4b3) remu    s1, t2, a5
core   0: 3 0x80009e92 (0x02f3f4b3) x9  0x00000000
core   0: 0x80009e96 (0x03f774b3) remu    s1, a4, t6
core   0: 3 0x80009e96 (0x03f774b3) x9  0x00000000
core   0: 0x80009e9a (0x00000001) c.nop
core   0: 3 0x80009e9a (0x0001)
core   0: 0x80009e9c (0x01ae2733) slt     a4, t3, s10
core   0: 3 0x80009e9c (0x01ae2733) x14 0x00000001
core   0: 0x80009ea0 (0x00008fdd) c.or    a5, a5
core   0: 3 0x80009ea0 (0x8fdd) x15 0x00000000
core   0: 0x80009ea2 (0x01b784b3) add     s1, a5, s11
core   0: 3 0x80009ea2 (0x01b784b3) x9  0xfffffff8
core   0: 0x80009ea6 (0x000080b9) c.srli  s1, 14
core   0: 3 0x80009ea6 (0x80b9) x9  0x0003ffff
core   0: 0x80009ea8 (0x407a5193) srai    gp, s4, 7
core   0: 3 0x80009ea8 (0x407a5193) x3  0x00000000
core   0: 0x80009eac (0x02a60063) beq     a2, a0, pc + 32
core   0: 3 0x80009eac (0x02a60063)
core   0: 0x80009eb0 (0x00008011) c.srli  s0, 4
core   0: 3 0x80009eb0 (0x8011) x8  0x0fffffff
core   0: 0x80009eb2 (0x0263d6b3) divu    a3, t2, t1
core   0: 3 0x80009eb2 (0x0263d6b3) x13 0x00000000
core   0: 0x80009eb6 (0xdd881437) lui     s0, 0xdd881
core   0: 3 0x80009eb6 (0xdd881437) x8  0xdd881000
core   0: 0x80009eba (0x00907a33) and     s4, zero, s1
core   0: 3 0x80009eba (0x00907a33) x20 0x00000000
core   0: 0x80009ebe (0x026b7233) remu    tp, s6, t1
core   0: 3 0x80009ebe (0x026b7233) x4  0x0000000a
core   0: 0x80009ec2 (0x00006179) c.addi16sp sp, 464
core   0: 3 0x80009ec2 (0x6179) x2  0xa3e7d9e0
core   0: 0x80009ec4 (0x00009a72) c.add   s4, t3
core   0: 3 0x80009ec4 (0x9a72) x20 0x00000000
core   0: 0x80009ec6 (0x000009fa) c.slli  s3, 30
core   0: 3 0x80009ec6 (0x09fa) x19 0x00000000
core   0: 0x80009ec8 (0x40fc5533) sra     a0, s8, a5
core   0: 3 0x80009ec8 (0x40fc5533) x10 0xccfff000
core   0: 0x80009ecc (0x74ee0913) addi    s2, t3, 1870
core   0: 3 0x80009ecc (0x74ee0913) x18 0x0000074e
core   0: 0x80009ed0 (0x00008fed) c.and   a5, a1
core   0: 3 0x80009ed0 (0x8fed) x15 0x00000000
core   0: 0x80009ed2 (0x000066e1) c.lui   a3, 0x18
core   0: 3 0x80009ed2 (0x66e1) x13 0x00018000
core   0: 0x80009ed4 (0x0a134963) blt     t1, ra, pc + 178
core   0: 3 0x80009ed4 (0x0a134963)
core   0: 0x80009ed8 (0x40d88433) sub     s0, a7, a3
core   0: 3 0x80009ed8 (0x40d88433) x8  0x80011ce4
core   0: 0x80009edc (0x02a55333) divu    t1, a0, a0
core   0: 3 0x80009edc (0x02a55333) x6  0x00000001
core   0: 0x80009ee0 (0x0797f093) andi    ra, a5, 121
core   0: 3 0x80009ee0 (0x0797f093) x1  0x00000000
core   0: 0x80009ee4 (0x02dc87b3) mul     a5, s9, a3
core   0: 3 0x80009ee4 (0x02dc87b3) x15 0x00018000
core   0: 0x80009ee8 (0x0000e089) c.bnez  s1, pc + 2
core   0: 3 0x80009ee8 (0xe089)
core   0: 0x80009eea (0x0016feb3) and     t4, a3, ra
core   0: 3 0x80009eea (0x0016feb3) x29 0x00000000
core   0: 0x80009eee (0x00000b11) c.addi  s6, 4
core   0: 3 0x80009eee (0x0b11) x22 0x0000000e
core   0: 0x80009ef0 (0x0000cc51) c.beqz  s0, pc + 156
core   0: 3 0x80009ef0 (0xcc51)
core   0: 0x80009ef2 (0x08f6ca63) blt     a3, a5, pc + 148
core   0: 3 0x80009ef2 (0x08f6ca63)
core   0: 0x80009ef6 (0x0000ab97) auipc   s7, 0xa
core   0: 3 0x80009ef6 (0x0000ab97) x23 0x80013ef6
core   0: 0x80009efa (0x246b8b93) addi    s7, s7, 582
core   0: 3 0x80009efa (0x246b8b93) x23 0x8001413c
core   0: 0x80009efe (0x53cbd103) lhu     sp, 1340(s7)
core   0: 3 0x80009efe (0x53cbd103) x2  0x00000000 mem 0x80014678
core   0: 0x80009f02 (0x00000001) c.nop
core   0: 3 0x80009f02 (0x0001)
core   0: 0x80009f04 (0xaf6bd403) lhu     s0, -1290(s7)
core   0: 3 0x80009f04 (0xaf6bd403) x8  0x00000000 mem 0x80013c32
core   0: 0x80009f08 (0x49056e37) lui     t3, 0x49056
core   0: 3 0x80009f08 (0x49056e37) x28 0x49056000
core   0: 0x80009f0c (0x0d0b8723) sb      a6, 206(s7)
core   0: 3 0x80009f0c (0x0d0b8723) mem 0x8001420a 0xff
core   0: 0x80009f10 (0x03c2ae33) mulhsu  t3, t0, t3
core   0: 3 0x80009f10 (0x03c2ae33) x28 0xdb7d7d0d
core   0: 0x80009f14 (0x2a4b80a3) sb      tp, 673(s7)
core   0: 3 0x80009f14 (0x2a4b80a3) mem 0x800143dd 0x0a
core   0: 0x80009f18 (0xfd1b8e83) lb      t4, -47(s7)
core   0: 3 0x80009f18 (0xfd1b8e83) x29 0x00000000 mem 0x8001410d
core   0: 0x80009f1c (0x8b453093) sltiu   ra, a0, -1868
core   0: 3 0x80009f1c (0x8b453093) x1  0x00000001
core   0: 0x80009f20 (0xc4bbc203) lbu     tp, -949(s7)
core   0: 3 0x80009f20 (0xc4bbc203) x4  0x00000000 mem 0x80013d87
core   0: 0x80009f24 (0x0000824d) c.srli  a2, 19
core   0: 3 0x80009f24 (0x824d) x12 0x00000000
core   0: 0x80009f26 (0xc54bda03) lhu     s4, -940(s7)
core   0: 3 0x80009f26 (0xc54bda03) x20 0x00000000 mem 0x80013d90
core   0: 0x80009f2a (0x0000527d) c.li    tp, -1
core   0: 3 0x80009f2a (0x527d) x4  0xffffffff
core   0: 0x80009f2c (0x4d1b8a03) lb      s4, 1233(s7)
core   0: 3 0x80009f2c (0x4d1b8a03) x20 0x00000000 mem 0x8001460d
core   0: 0x80009f30 (0x000041cd) c.li    gp, 19
core   0: 3 0x80009f30 (0x41cd) x3  0x00000013
core   0: 0x80009f32 (0x40b186b3) sub     a3, gp, a1
core   0: 3 0x80009f32 (0x40b186b3) x13 0x7ffda1cf
core   0: 0x80009f36 (0xda4b9d83) lh      s11, -604(s7)
core   0: 3 0x80009f36 (0xda4b9d83) x27 0x00000000 mem 0x80013ee0
core   0: 0x80009f3a (0x02f88d33) mul     s10, a7, a5
core   0: 3 0x80009f3a (0x02f88d33) x26 0xeb560000
core   0: 0x80009f3e (0x000012fd) c.addi  t0, -1
core   0: 3 0x80009f3e (0x12fd) x5  0x80009df3
core   0: 0x80009f40 (0x4152d3b3) sra     t2, t0, s5
core   0: 3 0x80009f40 (0x4152d3b3) x7  0x80009df3
core   0: 0x80009f44 (0x652b8a23) sb      s2, 1620(s7)
core   0: 3 0x80009f44 (0x652b8a23) mem 0x80014790 0x4e
core   0: 0x80009f48 (0x00006f29) c.lui   t5, 0xa
core   0: 3 0x80009f48 (0x6f29) x30 0x0000a000
core   0: 0x80009f4a (0x00b830b3) sltu    ra, a6, a1
core   0: 3 0x80009f4a (0x00b830b3) x1  0x00000001
core   0: 0x80009f4e (0xfbebc783) lbu     a5, -66(s7)
core   0: 3 0x80009f4e (0xfbebc783) x15 0x00000000 mem 0x800140fa
core   0: 0x80009f52 (0x422bc703) lbu     a4, 1058(s7)
core   0: 3 0x80009f52 (0x422bc703) x14 0x00000000 mem 0x8001455e
core   0: 0x80009f56 (0x1e6b9523) sh      t1, 490(s7)
core   0: 3 0x80009f56 (0x1e6b9523) mem 0x80014326 0x0001
core   0: 0x80009f5a (0x0a1b8c23) sb      ra, 184(s7)
core   0: 3 0x80009f5a (0x0a1b8c23) mem 0x800141f4 0x01
core   0: 0x80009f5e (0x4ffbc683) lbu     a3, 1279(s7)
core   0: 3 0x80009f5e (0x4ffbc683) x13 0x00000000 mem 0x8001463b
core   0: 0x80009f62 (0x689bc783) lbu     a5, 1673(s7)
core   0: 3 0x80009f62 (0x689bc783) x15 0x00000000 mem 0x800147c5
core   0: 0x80009f66 (0x878b9503) lh      a0, -1928(s7)
core   0: 3 0x80009f66 (0x878b9503) x10 0x00000000 mem 0x800139b4
core   0: 0x80009f6a (0x0edbcd83) lbu     s11, 237(s7)
core   0: 3 0x80009f6a (0x0edbcd83) x27 0x00000000 mem 0x80014229
core   0: 0x80009f6e (0x7b9b8da3) sb      s9, 1979(s7)
core   0: 3 0x80009f6e (0x7b9b8da3) mem 0x800148f7 0x01
core   0: 0x80009f72 (0x127b8203) lb      tp, 295(s7)
core   0: 3 0x80009f72 (0x127b8203) x4  0x00000000 mem 0x80014263
core   0: 0x80009f76 (0x3afb8e03) lb      t3, 943(s7)
core   0: 3 0x80009f76 (0x3afb8e03) x28 0x00000000 mem 0x800144eb
core   0: 0x80009f7a (0x01df77b3) and     a5, t5, t4
core   0: 3 0x80009f7a (0x01df77b3) x15 0x00000000
core   0: 0x80009f7e (0x00b5aa33) slt     s4, a1, a1
core   0: 3 0x80009f7e (0x00b5aa33) x20 0x00000000
core   0: 0x80009f82 (0x00811633) sll     a2, sp, s0
core   0: 3 0x80009f82 (0x00811633) x12 0x00000000
core   0: 0x80009f86 (0x00000af1) c.addi  s5, 28
core   0: 3 0x80009f86 (0x0af1) x21 0x0000001c
core   0: 0x80009f88 (0x40cd8db3) sub     s11, s11, a2
core   0: 3 0x80009f88 (0x40cd8db3) x27 0x00000000
core   0: 0x80009f8c (0x02b35d63) bge     t1, a1, pc + 58
core   0: 3 0x80009f8c (0x02b35d63)
core   0: 0x80009fc6 (0x0071fc63) bgeu    gp, t2, pc + 24
core   0: 3 0x80009fc6 (0x0071fc63)
core   0: 0x80009fca (0x00008ca1) c.xor   s1, s0
core   0: 3 0x80009fca (0x8ca1) x9  0x0003ffff
core   0: 0x80009fcc (0x01514233) xor     tp, sp, s5
core   0: 3 0x80009fcc (0x01514233) x4  0x0000001c
core   0: 0x80009fd0 (0x00009b7d) c.andi  a4, -1
core   0: 3 0x80009fd0 (0x9b7d) x14 0x00000000
core   0: 0x80009fd2 (0x955f3e13) sltiu   t3, t5, -1707
core   0: 3 0x80009fd2 (0x955f3e13) x28 0x00000001
core   0: 0x80009fd6 (0x03ea32b3) mulhu   t0, s4, t5
core   0: 3 0x80009fd6 (0x03ea32b3) x5  0x00000000
core   0: 0x80009fda (0x03acd363) bge     s9, s10, pc + 38
core   0: 3 0x80009fda (0x03acd363)
core   0: 0x8000a000 (0x00000001) c.nop
core   0: 3 0x8000a000 (0x0001)
core   0: 0x8000a002 (0x00880a33) add     s4, a6, s0
core   0: 3 0x8000a002 (0x00880a33) x20 0x77ef29ff
core   0: 0x8000a006 (0x011c6263) bltu    s8, a7, pc + 4
core   0: 3 0x8000a006 (0x011c6263)
core   0: 0x8000a00a (0x01ee2433) slt     s0, t3, t5
core   0: 3 0x8000a00a (0x01ee2433) x8  0x00000001
core   0: 0x8000a00e (0x6892a413) slti    s0, t0, 1673
core   0: 3 0x8000a00e (0x6892a413) x8  0x00000001
core   0: 0x8000a012 (0x029c9f63) bne     s9, s1, pc + 62
core   0: 3 0x8000a012 (0x029c9f63)
core   0: 0x8000a050 (0xb7ace713) ori     a4, s9, -1158
core   0: 3 0x8000a050 (0xb7ace713) x14 0xfffffb7b
core   0: 0x8000a054 (0x0044d1b3) srl     gp, s1, tp
core   0: 3 0x8000a054 (0x0044d1b3) x3  0x00000000
core   0: 0x8000a058 (0x0242ea63) bltu    t0, tp, pc + 52
core   0: 3 0x8000a058 (0x0242ea63)
core   0: 0x8000a08c (0x02f58c33) mul     s8, a1, a5
core   0: 3 0x8000a08c (0x02f58c33) x24 0x00000000
core   0: 0x8000a090 (0x24d66d13) ori     s10, a2, 589
core   0: 3 0x8000a090 (0x24d66d13) x26 0x0000024d
core   0: 0x8000a094 (0x003d5213) srli    tp, s10, 3
core   0: 3 0x8000a094 (0x003d5213) x4  0x00000049
core   0: 0x8000a098 (0xe53f7c13) andi    s8, t5, -429
core   0: 3 0x8000a098 (0xe53f7c13) x24 0x0000a000
core   0: 0x8000a09c (0x03749bb3) mulh    s7, s1, s7
core   0: 3 0x8000a09c (0x03749bb3) x23 0xfffe0005
core   0: 0x8000a0a0 (0xfdafc793) xori    a5, t6, -38
core   0: 3 0x8000a0a0 (0xfdafc793) x15 0xffffffda
core   0: 0x8000a0a4 (0x02910fb3) mul     t6, sp, s1
core   0: 3 0x8000a0a4 (0x02910fb3) x31 0x00000000
core   0: 0x8000a0a8 (0x00008ef5) c.and   a3, a3
core   0: 3 0x8000a0a8 (0x8ef5) x13 0x00000000
core   0: 0x8000a0aa (0x009e5cb3) srl     s9, t3, s1
core   0: 3 0x8000a0aa (0x009e5cb3) x25 0x00000000
core   0: 0x8000a0ae (0x02c5c533) div     a0, a1, a2
core   0: 3 0x8000a0ae (0x02c5c533) x10 0xffffffff
core   0: 0x8000a0b2 (0xc7536d13) ori     s10, t1, -907
core   0: 3 0x8000a0b2 (0xc7536d13) x26 0xfffffc75
core   0: 0x8000a0b6 (0x4131de13) srai    t3, gp, 19
core   0: 3 0x8000a0b6 (0x4131de13) x28 0x00000000
core   0: 0x8000a0ba (0x00009c0a) c.add   s8, sp
core   0: 3 0x8000a0ba (0x9c0a) x24 0x0000a000
core   0: 0x8000a0bc (0x18eb3113) sltiu   sp, s6, 398
core   0: 3 0x8000a0bc (0x18eb3113) x2  0x00000001
core   0: 0x8000a0c0 (0x00e9a6b3) slt     a3, s3, a4
core   0: 3 0x8000a0c0 (0x00e9a6b3) x13 0x00000000
core   0: 0x8000a0c4 (0xf8437c93) andi    s9, t1, -124
core   0: 3 0x8000a0c4 (0xf8437c93) x25 0x00000000
core   0: 0x8000a0c8 (0x000099fe) c.add   s3, t6
core   0: 3 0x8000a0c8 (0x99fe) x19 0x00000000
core   0: 0x8000a0ca (0x40bf0db3) sub     s11, t5, a1
core   0: 3 0x8000a0ca (0x40bf0db3) x27 0x7ffe41bc
core   0: 0x8000a0ce (0x011a47b3) xor     a5, s4, a7
core   0: 3 0x8000a0ce (0x011a47b3) x15 0xf7edb51b
core   0: 0x8000a0d2 (0x00006129) c.addi16sp sp, 192
core   0: 3 0x8000a0d2 (0x6129) x2  0x000000c1
core   0: 0x8000a0d4 (0x000001be) c.slli  gp, 15
core   0: 3 0x8000a0d4 (0x01be) x3  0x00000000
core   0: 0x8000a0d6 (0x00004655) c.li    a2, 21
core   0: 3 0x8000a0d6 (0x4655) x12 0x00000015
core   0: 0x8000a0d8 (0x031637b3) mulhu   a5, a2, a7
core   0: 3 0x8000a0d8 (0x031637b3) x15 0x0000000a
core   0: 0x8000a0dc (0x00274ab3) xor     s5, a4, sp
core   0: 3 0x8000a0dc (0x00274ab3) x21 0xfffffbba
core   0: 0x8000a0e0 (0x00008ca5) c.xor   s1, s1
core   0: 3 0x8000a0e0 (0x8ca5) x9  0x00000000
core   0: 0x8000a0e2 (0x02065b63) bgez    a2, pc + 54
core   0: 3 0x8000a0e2 (0x02065b63)
core   0: 0x8000a118 (0x0000822d) c.srli  a2, 11
core   0: 3 0x8000a118 (0x822d) x12 0x00000000
core   0: 0x8000a11a (0x01408033) add     zero, ra, s4
core   0: 3 0x8000a11a (0x01408033)
core   0: 0x8000a11e (0x00008e21) c.xor   a2, s0
core   0: 3 0x8000a11e (0x8e21) x12 0x00000001
core   0: 0x8000a120 (0x02267bb3) remu    s7, a2, sp
core   0: 3 0x8000a120 (0x02267bb3) x23 0x00000001
core   0: 0x8000a124 (0x0397e163) bltu    a5, s9, pc + 34
core   0: 3 0x8000a124 (0x0397e163)
core   0: 0x8000a128 (0x00009db2) c.add   s11, a2
core   0: 3 0x8000a128 (0x9db2) x27 0x7ffe41bd
core   0: 0x8000a12a (0x00009772) c.add   a4, t3
core   0: 3 0x8000a12a (0x9772) x14 0xfffffb7b
core   0: 0x8000a12c (0x0180ba33) sltu    s4, ra, s8
core   0: 3 0x8000a12c (0x0180ba33) x20 0x00000001
core   0: 0x8000a130 (0x02964f63) blt     a2, s1, pc + 62
core   0: 3 0x8000a130 (0x02964f63)
core   0: 0x8000a134 (0x670fbdb7) lui     s11, 0x670fb
core   0: 3 0x8000a134 (0x670fbdb7) x27 0x670fb000
core   0: 0x8000a138 (0x022029b3) mulhsu  s3, zero, sp
core   0: 3 0x8000a138 (0x022029b3) x19 0x00000000
core   0: 0x8000a13c (0x4039df13) srai    t5, s3, 3
core   0: 3 0x8000a13c (0x4039df13) x30 0x00000000
core   0: 0x8000a140 (0x0040a0b3) slt     ra, ra, tp
core   0: 3 0x8000a140 (0x0040a0b3) x1  0x00000001
core   0: 0x8000a144 (0x00008d75) c.and   a0, a3
core   0: 3 0x8000a144 (0x8d75) x10 0x00000000
core   0: 0x8000a146 (0x002ed0b3) srl     ra, t4, sp
core   0: 3 0x8000a146 (0x002ed0b3) x1  0x00000000
core   0: 0x8000a14a (0x0017a2b3) slt     t0, a5, ra
core   0: 3 0x8000a14a (0x0017a2b3) x5  0x00000000
core   0: 0x8000a14e (0x0000717d) c.addi16sp sp, -16
core   0: 3 0x8000a14e (0x717d) x2  0x000000b1
core   0: 0x8000a150 (0x2a527013) andi    zero, tp, 677
core   0: 3 0x8000a150 (0x2a527013)
core   0: 0x8000a154 (0x02b24433) div     s0, tp, a1
core   0: 3 0x8000a154 (0x02b24433) x8  0x00000000
core   0: 0x8000a158 (0x000003b1) c.addi  t2, 12
core   0: 3 0x8000a158 (0x03b1) x7  0x80009dff
core   0: 0x8000a15a (0x0000ec11) c.bnez  s0, pc + 28
core   0: 3 0x8000a15a (0xec11)
core   0: 0x8000a15c (0x00008c52) c.mv    s8, s4
core   0: 3 0x8000a15c (0x8c52) x24 0x00000001
core   0: 0x8000a15e (0x8d684d37) lui     s10, 0x8d684
core   0: 3 0x8000a15e (0x8d684d37) x26 0x8d684000
core   0: 0x8000a162 (0x00008cda) c.mv    s9, s6
core   0: 3 0x8000a162 (0x8cda) x25 0x0000000e
core   0: 0x8000a164 (0x00009afd) c.andi  a3, -1
core   0: 3 0x8000a164 (0x9afd) x13 0x00000000
core   0: 0x8000a166 (0x0000997d) c.andi  a0, -1
core   0: 3 0x8000a166 (0x997d) x10 0x00000000
core   0: 0x8000a168 (0x00008fad) c.xor   a5, a1
core   0: 3 0x8000a168 (0x8fad) x15 0x80025e4e
core   0: 0x8000a16a (0x00d78d63) beq     a5, a3, pc + 26
core   0: 3 0x8000a16a (0x00d78d63)
core   0: 0x8000a16e (0x0350c333) div     t1, ra, s5
core   0: 3 0x8000a16e (0x0350c333) x6  0x00000000
core   0: 0x8000a172 (0x0000813e) c.mv    sp, a5
core   0: 3 0x8000a172 (0x813e) x2  0x80025e4e
core   0: 0x8000a174 (0x00000001) c.nop
core   0: 3 0x8000a174 (0x0001)
core   0: 0x8000a176 (0x00000f65) c.addi  t5, 25
core   0: 3 0x8000a176 (0x0f65) x30 0x00000019
core   0: 0x8000a178 (0x41d509b3) sub     s3, a0, t4
core   0: 3 0x8000a178 (0x41d509b3) x19 0x00000000
core   0: 0x8000a17c (0x040f5163) bgez    t5, pc + 66
core   0: 3 0x8000a17c (0x040f5163)
core   0: 0x8000a1be (0x00000001) c.nop
core   0: 3 0x8000a1be (0x0001)
core   0: 0x8000a1c0 (0xa3bb2793) slti    a5, s6, -1477
core   0: 3 0x8000a1c0 (0xa3bb2793) x15 0x00000000
core   0: 0x8000a1c4 (0x000b5193) srli    gp, s6, 0
core   0: 3 0x8000a1c4 (0x000b5193) x3  0x0000000e
core   0: 0x8000a1c8 (0x031f6cb3) rem     s9, t5, a7
core   0: 3 0x8000a1c8 (0x031f6cb3) x25 0x00000019
core   0: 0x8000a1cc (0x03fe51b3) divu    gp, t3, t6
core   0: 3 0x8000a1cc (0x03fe51b3) x3  0xffffffff
core   0: 0x8000a1d0 (0x40c25033) sra     zero, tp, a2
core   0: 3 0x8000a1d0 (0x40c25033)
core   0: 0x8000a1d4 (0x43323b13) sltiu   s6, tp, 1075
core   0: 3 0x8000a1d4 (0x43323b13) x22 0x00000001
core   0: 0x8000a1d8 (0x00008712) c.mv    a4, tp
core   0: 3 0x8000a1d8 (0x8712) x14 0x00000049
core   0: 0x8000a1da (0xf0eb1db7) lui     s11, 0xf0eb1
core   0: 3 0x8000a1da (0xf0eb1db7) x27 0xf0eb1000
core   0: 0x8000a1de (0x00000001) c.nop
core   0: 3 0x8000a1de (0x0001)
core   0: 0x8000a1e0 (0xe2894993) xori    s3, s2, -472
core   0: 3 0x8000a1e0 (0xe2894993) x19 0xfffff966
core   0: 0x8000a1e4 (0x000062c5) c.lui   t0, 0x11
core   0: 3 0x8000a1e4 (0x62c5) x5  0x00011000
core   0: 0x8000a1e6 (0x01a07bb3) and     s7, zero, s10
core   0: 3 0x8000a1e6 (0x01a07bb3) x23 0x00000000
core   0: 0x8000a1ea (0x00008b95) c.andi  a5, 5
core   0: 3 0x8000a1ea (0x8b95) x15 0x00000000
core   0: 0x8000a1ec (0x00006155) c.addi16sp sp, 304
core   0: 3 0x8000a1ec (0x6155) x2  0x80025f7e
core   0: 0x8000a1ee (0x0000866e) c.mv    a2, s11
core   0: 3 0x8000a1ee (0x866e) x12 0xf0eb1000
core   0: 0x8000a1f0 (0x000082da) c.mv    t0, s6
core   0: 3 0x8000a1f0 (0x82da) x5  0x00000001
core   0: 0x8000a1f2 (0x00008d3e) c.mv    s10, a5
core   0: 3 0x8000a1f2 (0x8d3e) x26 0x00000000
core   0: 0x8000a1f4 (0x45fbe693) ori     a3, s7, 1119
core   0: 3 0x8000a1f4 (0x45fbe693) x13 0x0000045f
core   0: 0x8000a1f8 (0x03d3b533) mulhu   a0, t2, t4
core   0: 3 0x8000a1f8 (0x03d3b533) x10 0x00000000
core   0: 0x8000a1fc (0x02819b33) mulh    s6, gp, s0
core   0: 3 0x8000a1fc (0x02819b33) x22 0x00000000
core   0: 0x8000a200 (0x00a29a93) slli    s5, t0, 10
core   0: 3 0x8000a200 (0x00a29a93) x21 0x00000400
core   0: 0x8000a204 (0x00000b0d) c.addi  s6, 3
core   0: 3 0x8000a204 (0x0b0d) x22 0x00000003
core   0: 0x8000a206 (0x05c65063) bge     a2, t3, pc + 64
core   0: 3 0x8000a206 (0x05c65063)
core   0: 0x8000a20a (0x02271733) mulh    a4, a4, sp
core   0: 3 0x8000a20a (0x02271733) x14 0xffffffdb
core   0: 0x8000a20e (0x013050b3) srl     ra, zero, s3
core   0: 3 0x8000a20e (0x013050b3) x1  0x00000000
core   0: 0x8000a212 (0x00d71d93) slli    s11, a4, 13
core   0: 3 0x8000a212 (0x00d71d93) x27 0xfffb6000
core   0: 0x8000a216 (0x81f3eb13) ori     s6, t2, -2017
core   0: 3 0x8000a216 (0x81f3eb13) x22 0xfffffdff
core   0: 0x8000a21a (0x00006f15) c.lui   t5, 0x5
core   0: 3 0x8000a21a (0x6f15) x30 0x00005000
core   0: 0x8000a21c (0x41ded7b3) sra     a5, t4, t4
core   0: 3 0x8000a21c (0x41ded7b3) x15 0x00000000
core   0: 0x8000a220 (0x980cf113) andi    sp, s9, -1664
core   0: 3 0x8000a220 (0x980cf113) x2  0x00000000
core   0: 0x8000a224 (0x41360433) sub     s0, a2, s3
core   0: 3 0x8000a224 (0x41360433) x8  0xf0eb169a
core   0: 0x8000a228 (0x029f9133) mulh    sp, t6, s1
core   0: 3 0x8000a228 (0x029f9133) x2  0x00000000
core   0: 0x8000a22c (0x00000e61) c.addi  t3, 24
core   0: 3 0x8000a22c (0x0e61) x28 0x00000018
core   0: 0x8000a22e (0x0000049e) c.slli  s1, 7
core   0: 3 0x8000a22e (0x049e) x9  0x00000000
core   0: 0x8000a230 (0x0457eb63) bltu    a5, t0, pc + 86
core   0: 3 0x8000a230 (0x0457eb63)
core   0: 0x8000a286 (0x00008e81) c.sub   a3, s0
core   0: 3 0x8000a286 (0x8e81) x13 0x0f14edc5
core   0: 0x8000a288 (0x00008c89) c.sub   s1, a0
core   0: 3 0x8000a288 (0x8c89) x9  0x00000000
core   0: 0x8000a28a (0x23f5e713) ori     a4, a1, 575
core   0: 3 0x8000a28a (0x23f5e713) x14 0x80025e7f
core   0: 0x8000a28e (0x0000c819) c.beqz  s0, pc + 22
core   0: 3 0x8000a28e (0xc819)
core   0: 0x8000a290 (0x02520463) beq     tp, t0, pc + 40
core   0: 3 0x8000a290 (0x02520463)
core   0: 0x8000a294 (0x00e327b3) slt     a5, t1, a4
core   0: 3 0x8000a294 (0x00e327b3) x15 0x00000000
core   0: 0x8000a298 (0x63ea6213) ori     tp, s4, 1598
core   0: 3 0x8000a298 (0x63ea6213) x4  0x0000063f
core   0: 0x8000a29c (0x00a65763) bge     a2, a0, pc + 14
core   0: 3 0x8000a29c (0x00a65763)
core   0: 0x8000a2a0 (0x409bd913) srai    s2, s7, 9
core   0: 3 0x8000a2a0 (0x409bd913) x18 0x00000000
core   0: 0x8000a2a4 (0x035ac6b3) div     a3, s5, s5
core   0: 3 0x8000a2a4 (0x035ac6b3) x13 0x00000001
core   0: 0x8000a2a8 (0x00009ce2) c.add   s9, s8
core   0: 3 0x8000a2a8 (0x9ce2) x25 0x0000001a
core   0: 0x8000a2aa (0x00008cc1) c.or    s1, s0
core   0: 3 0x8000a2aa (0x8cc1) x9  0xf0eb169a
core   0: 0x8000a2ac (0x01315fb3) srl     t6, sp, s3
core   0: 3 0x8000a2ac (0x01315fb3) x31 0x00000000
core   0: 0x8000a2b0 (0x00bc8a63) beq     s9, a1, pc + 20
core   0: 3 0x8000a2b0 (0x00bc8a63)
core   0: 0x8000a2b4 (0x00000001) c.nop
core   0: 3 0x8000a2b4 (0x0001)
core   0: 0x8000a2b6 (0x00008606) c.mv    a2, ra
core   0: 3 0x8000a2b6 (0x8606) x12 0x00000000
core   0: 0x8000a2b8 (0x03bedbb3) divu    s7, t4, s11
core   0: 3 0x8000a2b8 (0x03bedbb3) x23 0x00000000
core   0: 0x8000a2bc (0x40df5c13) srai    s8, t5, 13
core   0: 3 0x8000a2bc (0x40df5c13) x24 0x00000002
core   0: 0x8000a2c0 (0x00006ab9) c.lui   s5, 0xe
core   0: 3 0x8000a2c0 (0x6ab9) x21 0x0000e000
core   0: 0x8000a2c2 (0x000087fe) c.mv    a5, t6
core   0: 3 0x8000a2c2 (0x87fe) x15 0x00000000
core   0: 0x8000a2c4 (0x032c5c33) divu    s8, s8, s2
core   0: 3 0x8000a2c4 (0x032c5c33) x24 0xffffffff
core   0: 0x8000a2c8 (0x02818763) beq     gp, s0, pc + 46
core   0: 3 0x8000a2c8 (0x02818763)
core   0: 0x8000a2cc (0x0121c963) blt     gp, s2, pc + 18
core   0: 3 0x8000a2cc (0x0121c963)
core   0: 0x8000a2de (0x00000001) c.nop
core   0: 3 0x8000a2de (0x0001)
core   0: 0x8000a2e0 (0x029fe9b3) rem     s3, t6, s1
core   0: 3 0x8000a2e0 (0x029fe9b3) x19 0x00000000
core   0: 0x8000a2e4 (0x005631b3) sltu    gp, a2, t0
core   0: 3 0x8000a2e4 (0x005631b3) x3  0x00000001
core   0: 0x8000a2e8 (0x000086d1) c.srai  a3, 20
core   0: 3 0x8000a2e8 (0x86d1) x13 0x00000000
core   0: 0x8000a2ea (0x00009406) c.add   s0, ra
core   0: 3 0x8000a2ea (0x9406) x8  0xf0eb169a
core   0: 0x8000a2ec (0x02edf463) bgeu    s11, a4, pc + 40
core   0: 3 0x8000a2ec (0x02edf463)
core   0: 0x8000a314 (0x02fc4f33) div     t5, s8, a5
core   0: 3 0x8000a314 (0x02fc4f33) x30 0xffffffff
core   0: 0x8000a318 (0xeadc8e93) addi    t4, s9, -339
core   0: 3 0x8000a318 (0xeadc8e93) x29 0xfffffec7
core   0: 0x8000a31c (0x00006b19) c.lui   s6, 0x6
core   0: 3 0x8000a31c (0x6b19) x22 0x00006000
core   0: 0x8000a31e (0x0422d063) bge     t0, sp, pc + 64
core   0: 3 0x8000a31e (0x0422d063)
core   0: 0x8000a35e (0x000063f5) c.lui   t2, 0x1d
core   0: 3 0x8000a35e (0x63f5) x7  0x0001d000
core   0: 0x8000a360 (0x0123ed63) bltu    t2, s2, pc + 26
core   0: 3 0x8000a360 (0x0123ed63)
core   0: 0x8000a364 (0x00008ea1) c.xor   a3, s0
core   0: 3 0x8000a364 (0x8ea1) x13 0xf0eb169a
core   0: 0x8000a366 (0x41bb0633) sub     a2, s6, s11
core   0: 3 0x8000a366 (0x41bb0633) x12 0x00050000
core   0: 0x8000a36a (0x020ae463) bltu    s5, zero, pc + 40
core   0: 3 0x8000a36a (0x020ae463)
core   0: 0x8000a36e (0x008b5bb3) srl     s7, s6, s0
core   0: 3 0x8000a36e (0x008b5bb3) x23 0x00000000
core   0: 0x8000a372 (0x029dcc33) div     s8, s11, s1
core   0: 3 0x8000a372 (0x029dcc33) x24 0x00000000
core   0: 0x8000a376 (0x02733033) mulhu   zero, t1, t2
core   0: 3 0x8000a376 (0x02733033)
core   0: 0x8000a37a (0x01311033) sll     zero, sp, s3
core   0: 3 0x8000a37a (0x01311033)
core   0: 0x8000a37e (0x00006c89) c.lui   s9, 0x2
core   0: 3 0x8000a37e (0x6c89) x25 0x00002000
core   0: 0x8000a380 (0x152d8093) addi    ra, s11, 338
core   0: 3 0x8000a380 (0x152d8093) x1  0xfffb6152
core   0: 0x8000a384 (0x00008c0d) c.sub   s0, a1
core   0: 3 0x8000a384 (0x8c0d) x8  0x70e8b856
core   0: 0x8000a386 (0x03625e63) bge     tp, s6, pc + 60
core   0: 3 0x8000a386 (0x03625e63)
core   0: 0x8000a38a (0x023f56b3) divu    a3, t5, gp
core   0: 3 0x8000a38a (0x023f56b3) x13 0xffffffff
core   0: 0x8000a38e (0x03424563) blt     tp, s4, pc + 42
core   0: 3 0x8000a38e (0x03424563)
core   0: 0x8000a392 (0x039e6063) bltu    t3, s9, pc + 32
core   0: 3 0x8000a392 (0x039e6063)
core   0: 0x8000a3b2 (0x00009afd) c.andi  a3, -1
core   0: 3 0x8000a3b2 (0x9afd) x13 0xffffffff
core   0: 0x8000a3b4 (0x41c5d2b3) sra     t0, a1, t3
core   0: 3 0x8000a3b4 (0x41c5d2b3) x5  0xffffff80
core   0: 0x8000a3b8 (0x00008f61) c.and   a4, s0
core   0: 3 0x8000a3b8 (0x8f61) x14 0x00001856
core   0: 0x8000a3ba (0x0358e463) bltu    a7, s5, pc + 40
core   0: 3 0x8000a3ba (0x0358e463)
core   0: 0x8000a3be (0x016feab3) or      s5, t6, s6
core   0: 3 0x8000a3be (0x016feab3) x21 0x00006000
core   0: 0x8000a3c2 (0x00008ac9) c.andi  a3, 18
core   0: 3 0x8000a3c2 (0x8ac9) x13 0x00000012
core   0: 0x8000a3c4 (0x00406cb3) or      s9, zero, tp
core   0: 3 0x8000a3c4 (0x00406cb3) x25 0x0000063f
core   0: 0x8000a3c8 (0x03f0d533) divu    a0, ra, t6
core   0: 3 0x8000a3c8 (0x03f0d533) x10 0xffffffff
core   0: 0x8000a3cc (0x0000e511) c.bnez  a0, pc + 12
core   0: 3 0x8000a3cc (0xe511)
core   0: 0x8000a3d8 (0x41f20133) sub     sp, tp, t6
core   0: 3 0x8000a3d8 (0x41f20133) x2  0x0000063f
core   0: 0x8000a3dc (0x00004f89) c.li    t6, 2
core   0: 3 0x8000a3dc (0x4f89) x31 0x00000002
core   0: 0x8000a3de (0x05d89063) bne     a7, t4, pc + 64
core   0: 3 0x8000a3de (0x05d89063)
core   0: 0x8000a41e (0x00000380) c.addi4spn s0, sp, 448
core   0: 3 0x8000a41e (0x0380) x8  0x000007ff
core   0: 0x8000a420 (0x5a7d0793) addi    a5, s10, 1447
core   0: 3 0x8000a420 (0x5a7d0793) x15 0x000005a7
core   0: 0x8000a424 (0x02ec50b3) divu    ra, s8, a4
core   0: 3 0x8000a424 (0x02ec50b3) x1  0x00000000
core   0: 0x8000a428 (0x000dc433) xor     s0, s11, zero
core   0: 3 0x8000a428 (0x000dc433) x8  0xfffb6000
core   0: 0x8000a42c (0x0000c509) c.beqz  a0, pc + 10
core   0: 3 0x8000a42c (0xc509)
core   0: 0x8000a42e (0x010c9013) slli    zero, s9, 16
core   0: 3 0x8000a42e (0x010c9013)
core   0: 0x8000a432 (0x406959b3) sra     s3, s2, t1
core   0: 3 0x8000a432 (0x406959b3) x19 0x00000000
core   0: 0x8000a436 (0x026eb9b3) mulhu   s3, t4, t1
core   0: 3 0x8000a436 (0x026eb9b3) x19 0x00000000
core   0: 0x8000a43a (0x00000ac2) c.slli  s5, 16
core   0: 3 0x8000a43a (0x0ac2) x21 0x60000000
core   0: 0x8000a43c (0x00000001) c.nop
core   0: 3 0x8000a43c (0x0001)
core   0: 0x8000a43e (0x03e5f163) bgeu    a1, t5, pc + 34
core   0: 3 0x8000a43e (0x03e5f163)
core   0: 0x8000a442 (0x03bfed63) bltu    t6, s11, pc + 58
core   0: 3 0x8000a442 (0x03bfed63)
core   0: 0x8000a47c (0x000064e5) c.lui   s1, 0x19
core   0: 3 0x8000a47c (0x64e5) x9  0x00019000
core   0: 0x8000a47e (0x00008f05) c.sub   a4, s1
core   0: 3 0x8000a47e (0x8f05) x14 0xfffe8856
core   0: 0x8000a480 (0x02b92533) mulhsu  a0, s2, a1
core   0: 3 0x8000a480 (0x02b92533) x10 0x00000000
core   0: 0x8000a484 (0x01528863) beq     t0, s5, pc + 16
core   0: 3 0x8000a484 (0x01528863)
core   0: 0x8000a488 (0x0345e433) rem     s0, a1, s4
core   0: 3 0x8000a488 (0x0345e433) x8  0x00000000
core   0: 0x8000a48c (0x2d343193) sltiu   gp, s0, 723
core   0: 3 0x8000a48c (0x2d343193) x3  0x00000001
core   0: 0x8000a490 (0x005c1933) sll     s2, s8, t0
core   0: 3 0x8000a490 (0x005c1933) x18 0x00000000
core   0: 0x8000a494 (0x15802f13) slti    t5, zero, 344
core   0: 3 0x8000a494 (0x15802f13) x30 0x00000001
core   0: 0x8000a498 (0x01e0b9b3) sltu    s3, ra, t5
core   0: 3 0x8000a498 (0x01e0b9b3) x19 0x00000001
core   0: 0x8000a49c (0x008681b3) add     gp, a3, s0
core   0: 3 0x8000a49c (0x008681b3) x3  0x00000012
core   0: 0x8000a4a0 (0x00933233) sltu    tp, t1, s1
core   0: 3 0x8000a4a0 (0x00933233) x4  0x00000001
core   0: 0x8000a4a4 (0x000052fd) c.li    t0, -1
core   0: 3 0x8000a4a4 (0x52fd) x5  0xffffffff
core   0: 0x8000a4a6 (0x000080d1) c.srli  s1, 20
core   0: 3 0x8000a4a6 (0x80d1) x9  0x00000000
core   0: 0x8000a4a8 (0x0299a1b3) mulhsu  gp, s3, s1
core   0: 3 0x8000a4a8 (0x0299a1b3) x3  0x00000000
core   0: 0x8000a4ac (0x01f62fb3) slt     t6, a2, t6
core   0: 3 0x8000a4ac (0x01f62fb3) x31 0x00000000
core   0: 0x8000a4b0 (0x00008ce5) c.and   s1, s1
core   0: 3 0x8000a4b0 (0x8ce5) x9  0x00000000
core   0: 0x8000a4b2 (0x0267d033) divu    zero, a5, t1
core   0: 3 0x8000a4b2 (0x0267d033)
core   0: 0x8000a4b6 (0x63108093) addi    ra, ra, 1585
core   0: 3 0x8000a4b6 (0x63108093) x1  0x00000631
core   0: 0x8000a4ba (0x000060f1) c.lui   ra, 0x1c
core   0: 3 0x8000a4ba (0x60f1) x1  0x0001c000
core   0: 0x8000a4bc (0x40bcd033) sra     zero, s9, a1
core   0: 3 0x8000a4bc (0x40bcd033)
core   0: 0x8000a4c0 (0x00d2d613) srli    a2, t0, 13
core   0: 3 0x8000a4c0 (0x00d2d613) x12 0x0007ffff
core   0: 0x8000a4c4 (0x00e25013) srli    zero, tp, 14
core   0: 3 0x8000a4c4 (0x00e25013)
core   0: 0x8000a4c8 (0x037ed563) bge     t4, s7, pc + 42
core   0: 3 0x8000a4c8 (0x037ed563)
core   0: 0x8000a4cc (0x003cda63) bge     s9, gp, pc + 20
core   0: 3 0x8000a4cc (0x003cda63)
core   0: 0x8000a4e0 (0x0000c39d) c.beqz  a5, pc + 38
core   0: 3 0x8000a4e0 (0xc39d)
core   0: 0x8000a4e2 (0x00000001) c.nop
core   0: 3 0x8000a4e2 (0x0001)
core   0: 0x8000a4e4 (0x4050d9b3) sra     s3, ra, t0
core   0: 3 0x8000a4e4 (0x4050d9b3) x19 0x00000000
core   0: 0x8000a4e8 (0x007d5b33) srl     s6, s10, t2
core   0: 3 0x8000a4e8 (0x007d5b33) x22 0x00000000
core   0: 0x8000a4ec (0x026e1d33) mulh    s10, t3, t1
core   0: 3 0x8000a4ec (0x026e1d33) x26 0x00000000
core   0: 0x8000a4f0 (0x0000699d) c.lui   s3, 0x7
core   0: 3 0x8000a4f0 (0x699d) x19 0x00007000
core   0: 0x8000a4f2 (0x00006109) c.addi16sp sp, 128
core   0: 3 0x8000a4f2 (0x6109) x2  0x000006bf
core   0: 0x8000a4f4 (0x00000562) c.slli  a0, 24
core   0: 3 0x8000a4f4 (0x0562) x10 0x00000000
core   0: 0x8000a4f6 (0x0225dc63) bge     a1, sp, pc + 56
core   0: 3 0x8000a4f6 (0x0225dc63)
core   0: 0x8000a4fa (0x7abe9a17) auipc   s4, 0x7abe9
core   0: 3 0x8000a4fa (0x7abe9a17) x20 0xfabf34fa
core   0: 0x8000a4fe (0x02dbfbb3) remu    s7, s7, a3
core   0: 3 0x8000a4fe (0x02dbfbb3) x23 0x00000000
core   0: 0x8000a502 (0x00f673b3) and     t2, a2, a5
core   0: 3 0x8000a502 (0x00f673b3) x7  0x000005a7
core   0: 0x8000a506 (0x03ece6b3) rem     a3, s9, t5
core   0: 3 0x8000a506 (0x03ece6b3) x13 0x00000000
core   0: 0x8000a50a (0x03ad9ab3) mulh    s5, s11, s10
core   0: 3 0x8000a50a (0x03ad9ab3) x21 0x00000000
core   0: 0x8000a50e (0x022c49b3) div     s3, s8, sp
core   0: 3 0x8000a50e (0x022c49b3) x19 0x00000000
core   0: 0x8000a512 (0x022f4933) div     s2, t5, sp
core   0: 3 0x8000a512 (0x022f4933) x18 0x00000000
core   0: 0x8000a516 (0x01abea33) or      s4, s7, s10
core   0: 3 0x8000a516 (0x01abea33) x20 0x00000000
core   0: 0x8000a51a (0x005f1133) sll     sp, t5, t0
core   0: 3 0x8000a51a (0x005f1133) x2  0x80000000
core   0: 0x8000a51e (0x00bde233) or      tp, s11, a1
core   0: 3 0x8000a51e (0x00bde233) x4  0xfffb7e44
core   0: 0x8000a522 (0x035e3333) mulhu   t1, t3, s5
core   0: 3 0x8000a522 (0x035e3333) x6  0x00000000
core   0: 0x8000a526 (0x03b50963) beq     a0, s11, pc + 50
core   0: 3 0x8000a526 (0x03b50963)
core   0: 0x8000a52a (0x02a89b33) mulh    s6, a7, a0
core   0: 3 0x8000a52a (0x02a89b33) x22 0x00000000
core   0: 0x8000a52e (0x41e08ab3) sub     s5, ra, t5
core   0: 3 0x8000a52e (0x41e08ab3) x21 0x0001bfff
core   0: 0x8000a532 (0x020d91b3) mulh    gp, s11, zero
core   0: 3 0x8000a532 (0x020d91b3) x3  0x00000000
core   0: 0x8000a536 (0x00000584) c.addi4spn s1, sp, 704
core   0: 3 0x8000a536 (0x0584) x9  0x800002c0
core   0: 0x8000a538 (0x02c54863) blt     a0, a2, pc + 48
core   0: 3 0x8000a538 (0x02c54863)
core   0: 0x8000a568 (0x00008855) c.andi  s0, 21
core   0: 3 0x8000a568 (0x8855) x8  0x00000000
core   0: 0x8000a56a (0x005b9a93) slli    s5, s7, 5
core   0: 3 0x8000a56a (0x005b9a93) x21 0x00000000
core   0: 0x8000a56e (0x05965063) bge     a2, s9, pc + 64
core   0: 3 0x8000a56e (0x05965063)
core   0: 0x8000a5ae (0x002a0bb3) add     s7, s4, sp
core   0: 3 0x8000a5ae (0x002a0bb3) x23 0x80000000
core   0: 0x8000a5b2 (0x01d58663) beq     a1, t4, pc + 12
core   0: 3 0x8000a5b2 (0x01d58663)
core   0: 0x8000a5b6 (0x601aef13) ori     t5, s5, 1537
core   0: 3 0x8000a5b6 (0x601aef13) x30 0x00000601
core   0: 0x8000a5ba (0x000016fd) c.addi  a3, -1
core   0: 3 0x8000a5ba (0x16fd) x13 0xffffffff
core   0: 0x8000a5bc (0x0000e109) c.bnez  a0, pc + 2
core   0: 3 0x8000a5bc (0xe109)
core   0: 0x8000a5be (0x026ec7b3) div     a5, t4, t1
core   0: 3 0x8000a5be (0x026ec7b3) x15 0xffffffff
core   0: 0x8000a5c2 (0x00cc3133) sltu    sp, s8, a2
core   0: 3 0x8000a5c2 (0x00cc3133) x2  0x00000001
core   0: 0x8000a5c6 (0xd995a193) slti    gp, a1, -615
core   0: 3 0x8000a5c6 (0xd995a193) x3  0x00000001
core   0: 0x8000a5ca (0x00000b04) c.addi4spn s1, sp, 400
core   0: 3 0x8000a5ca (0x0b04) x9  0x00000191
core   0: 0x8000a5cc (0x018a5313) srli    t1, s4, 24
core   0: 3 0x8000a5cc (0x018a5313) x6  0x00000000
core   0: 0x8000a5d0 (0x00006165) c.addi16sp sp, 112
core   0: 3 0x8000a5d0 (0x6165) x2  0x00000071
core   0: 0x8000a5d2 (0x3f0e7fb7) lui     t6, 0x3f0e7
core   0: 3 0x8000a5d2 (0x3f0e7fb7) x31 0x3f0e7000
core   0: 0x8000a5d6 (0x01446c63) bltu    s0, s4, pc + 24
core   0: 3 0x8000a5d6 (0x01446c63)
core   0: 0x8000a5da (0x03561a33) mulh    s4, a2, s5
core   0: 3 0x8000a5da (0x03561a33) x20 0x00000000
core   0: 0x8000a5de (0x842a2c13) slti    s8, s4, -1982
core   0: 3 0x8000a5de (0x842a2c13) x24 0x00000000
core   0: 0x8000a5e2 (0x00a5eeb3) or      t4, a1, a0
core   0: 3 0x8000a5e2 (0x00a5eeb3) x29 0x80025e44
core   0: 0x8000a5e6 (0x031f8d33) mul     s10, t6, a7
core   0: 3 0x8000a5e6 (0x031f8d33) x26 0xd51bc000
core   0: 0x8000a5ea (0x27645317) auipc   t1, 0x27645
core   0: 3 0x8000a5ea (0x27645317) x6  0xa764f5ea
core   0: 0x8000a5ee (0x009df533) and     a0, s11, s1
core   0: 3 0x8000a5ee (0x009df533) x10 0x00000000
core   0: 0x8000a5f2 (0x0311e433) rem     s0, gp, a7
core   0: 3 0x8000a5f2 (0x0311e433) x8  0x00000001
core   0: 0x8000a5f6 (0x0000997d) c.andi  a0, -1
core   0: 3 0x8000a5f6 (0x997d) x10 0x00000000
core   0: 0x8000a5f8 (0x00000001) c.nop
core   0: 3 0x8000a5f8 (0x0001)
core   0: 0x8000a5fa (0x02ed7cb3) remu    s9, s10, a4
core   0: 3 0x8000a5fa (0x02ed7cb3) x25 0xd51bc000
core   0: 0x8000a5fe (0x0000c095) c.beqz  s1, pc + 36
core   0: 3 0x8000a5fe (0xc095)
core   0: 0x8000a600 (0x024ec863) blt     t4, tp, pc + 48
core   0: 3 0x8000a600 (0x024ec863)
core   0: 0x8000a630 (0x00008fb1) c.xor   a5, a2
core   0: 3 0x8000a630 (0x8fb1) x15 0xfff80000
core   0: 0x8000a632 (0x0000870d) c.srai  a4, 3
core   0: 3 0x8000a632 (0x870d) x14 0xffffd10a
core   0: 0x8000a634 (0xa774f313) andi    t1, s1, -1417
core   0: 3 0x8000a634 (0xa774f313) x6  0x00000011
core   0: 0x8000a638 (0x82412d97) auipc   s11, 0x82412
core   0: 3 0x8000a638 (0x82412d97) x27 0x0241c638
core   0: 0x8000a63c (0x028ea1b3) mulhsu  gp, t4, s0
core   0: 3 0x8000a63c (0x028ea1b3) x3  0xffffffff
core   0: 0x8000a640 (0x00005efd) c.li    t4, -1
core   0: 3 0x8000a640 (0x5efd) x29 0xffffffff
core   0: 0x8000a642 (0x00000001) c.nop
core   0: 3 0x8000a642 (0x0001)
core   0: 0x8000a644 (0x03028e63) beq     t0, a6, pc + 60
core   0: 3 0x8000a644 (0x03028e63)
core   0: 0x8000a648 (0x0000e781) c.bnez  a5, pc + 8
core   0: 3 0x8000a648 (0xe781)
core   0: 0x8000a650 (0x0091e433) or      s0, gp, s1
core   0: 3 0x8000a650 (0x0091e433) x8  0xffffffff
core   0: 0x8000a654 (0x781cf293) andi    t0, s9, 1921
core   0: 3 0x8000a654 (0x781cf293) x5  0x00000000
core   0: 0x8000a658 (0x0138f533) and     a0, a7, s3
core   0: 3 0x8000a658 (0x0138f533) x10 0x00000000
core   0: 0x8000a65c (0x03479133) mulh    sp, a5, s4
core   0: 3 0x8000a65c (0x03479133) x2  0x00000000
core   0: 0x8000a660 (0x007dfc33) and     s8, s11, t2
core   0: 3 0x8000a660 (0x007dfc33) x24 0x00000420
core   0: 0x8000a664 (0x00008325) c.srli  a4, 9
core   0: 3 0x8000a664 (0x8325) x14 0x007fffe8
core   0: 0x8000a666 (0x02cffe33) remu    t3, t6, a2
core   0: 3 0x8000a666 (0x02cffe33) x28 0x000677e1
core   0: 0x8000a66a (0x00000390) c.addi4spn a2, sp, 448
core   0: 3 0x8000a66a (0x0390) x12 0x000001c0
core   0: 0x8000a66c (0x027c9cb3) mulh    s9, s9, t2
core   0: 3 0x8000a66c (0x027c9cb3) x25 0xffffff0d
core   0: 0x8000a670 (0x00ee5e33) srl     t3, t3, a4
core   0: 3 0x8000a670 (0x00ee5e33) x28 0x00000677
core   0: 0x8000a674 (0x02d20263) beq     tp, a3, pc + 36
core   0: 3 0x8000a674 (0x02d20263)
core   0: 0x8000a678 (0x02528db3) mul     s11, t0, t0
core   0: 3 0x8000a678 (0x02528db3) x27 0x00000000
core   0: 0x8000a67c (0x0000053d) c.addi  a0, 15
core   0: 3 0x8000a67c (0x053d) x10 0x0000000f
core   0: 0x8000a67e (0x00000449) c.addi  s0, 18
core   0: 3 0x8000a67e (0x0449) x8  0x00000011
core   0: 0x8000a680 (0x0000943e) c.add   s0, a5
core   0: 3 0x8000a680 (0x943e) x8  0xfff80011
core   0: 0x8000a682 (0x00008f9d) c.sub   a5, a5
core   0: 3 0x8000a682 (0x8f9d) x15 0x00000000
core   0: 0x8000a684 (0x000080f2) c.mv    ra, t3
core   0: 3 0x8000a684 (0x80f2) x1  0x00000677
core   0: 0x8000a686 (0x027b7333) remu    t1, s6, t2
core   0: 3 0x8000a686 (0x027b7333) x6  0x00000000
core   0: 0x8000a68a (0x05e10163) beq     sp, t5, pc + 66
core   0: 3 0x8000a68a (0x05e10163)
core   0: 0x8000a68e (0xca7dcf13) xori    t5, s11, -857
core   0: 3 0x8000a68e (0xca7dcf13) x30 0xfffffca7
core   0: 0x8000a692 (0x00008fed) c.and   a5, a1
core   0: 3 0x8000a692 (0x8fed) x15 0x00000000
core   0: 0x8000a694 (0x01535bb3) srl     s7, t1, s5
core   0: 3 0x8000a694 (0x01535bb3) x23 0x00000000
core   0: 0x8000a698 (0x03e01963) bne     zero, t5, pc + 50
core   0: 3 0x8000a698 (0x03e01963)
core   0: 0x8000a6ca (0x000080d5) c.srli  s1, 21
core   0: 3 0x8000a6ca (0x80d5) x9  0x00000000
core   0: 0x8000a6cc (0x168a6293) ori     t0, s4, 360
core   0: 3 0x8000a6cc (0x168a6293) x5  0x00000168
core   0: 0x8000a6d0 (0x000041d8) c.lw    a4, 4(a1)
core   0: 3 0x8000a6d0 (0x41d8) x14 0x8000412e mem 0x80025e48
core   0: 0x8000a6d2 (0x004dabb3) slt     s7, s11, tp
core   0: 3 0x8000a6d2 (0x004dabb3) x23 0x00000000
core   0: 0x8000a6d6 (0x018e53b3) srl     t2, t3, s8
core   0: 3 0x8000a6d6 (0x018e53b3) x7  0x00000677
core   0: 0x8000a6da (0x00008ca5) c.xor   s1, s1
core   0: 3 0x8000a6da (0x8ca5) x9  0x00000000
core   0: 0x8000a6dc (0x009f67b3) or      a5, t5, s1
core   0: 3 0x8000a6dc (0x009f67b3) x15 0xfffffca7
core   0: 0x8000a6e0 (0x00000001) c.nop
core   0: 3 0x8000a6e0 (0x0001)
core   0: 0x8000a6e2 (0x000087b2) c.mv    a5, a2
core   0: 3 0x8000a6e2 (0x87b2) x15 0x000001c0
core   0: 0x8000a6e4 (0x02058593) addi    a1, a1, 32
core   0: 3 0x8000a6e4 (0x02058593) x11 0x80025e64
core   0: 0x8000a6e8 (0x0000927e) c.add   tp, t6
core   0: 3 0x8000a6e8 (0x927e) x4  0x3f09ee44
core   0: 0x8000a6ea (0x0000071c) c.addi4spn a5, sp, 896
core   0: 3 0x8000a6ea (0x071c) x15 0x00000380
core   0: 0x8000a6ec (0x00000d72) c.slli  s10, 28
core   0: 3 0x8000a6ec (0x0d72) x26 0x00000000
core   0: 0x8000a6ee (0x00170c93) addi    s9, a4, 1
core   0: 3 0x8000a6ee (0x00170c93) x25 0x8000412f
core   0: 0x8000a6f2 (0x00008c82) c.jr    s9
core   0: 3 0x8000a6f2 (0x8c82)
core   0: 0x8000412e (0x073d0717) auipc   a4, 0x73d0
core   0: 3 0x8000412e (0x073d0717) x14 0x873d412e
core   0: 0x80004132 (0x0148da33) srl     s4, a7, s4
core   0: 3 0x80004132 (0x0148da33) x20 0x80029ce4
core   0: 0x80004136 (0x0000717d) c.addi16sp sp, -16
core   0: 3 0x80004136 (0x717d) x2  0xfffffff0
core   0: 0x80004138 (0x00008cb9) c.xor   s1, a4
core   0: 3 0x80004138 (0x8cb9) x9  0x873d412e
core   0: 0x8000413a (0x005ff463) bgeu    t6, t0, pc + 8
core   0: 3 0x8000413a (0x005ff463)
core   0: 0x80004142 (0x00b909b3) add     s3, s2, a1
core   0: 3 0x80004142 (0x00b909b3) x19 0x80025e64
core   0: 0x80004146 (0x4154d3b3) sra     t2, s1, s5
core   0: 3 0x80004146 (0x4154d3b3) x7  0x873d412e
core   0: 0x8000414a (0x01585033) srl     zero, a6, s5
core   0: 3 0x8000414a (0x01585033)
core   0: 0x8000414e (0x00008f55) c.or    a4, a3
core   0: 3 0x8000414e (0x8f55) x14 0xffffffff
core   0: 0x80004150 (0x00000001) c.nop
core   0: 3 0x80004150 (0x0001)
core   0: 0x80004152 (0x7f3f7913) andi    s2, t5, 2035
core   0: 3 0x80004152 (0x7f3f7913) x18 0x000004a3
core   0: 0x80004156 (0x00106533) or      a0, zero, ra
core   0: 3 0x80004156 (0x00106533) x10 0x00000677
core   0: 0x8000415a (0x403e8633) sub     a2, t4, gp
core   0: 3 0x8000415a (0x403e8633) x12 0x00000000
core   0: 0x8000415e (0x019d7a33) and     s4, s10, s9
core   0: 3 0x8000415e (0x019d7a33) x20 0x00000000
core   0: 0x80004162 (0x01921193) slli    gp, tp, 25
core   0: 3 0x80004162 (0x01921193) x3  0x88000000
core   0: 0x80004166 (0xff06fc97) auipc   s9, 0xff06f
core   0: 3 0x80004166 (0xff06fc97) x25 0x7f073166
core   0: 0x8000416a (0x00000001) c.nop
core   0: 3 0x8000416a (0x0001)
core   0: 0x8000416c (0x00f09fb3) sll     t6, ra, a5
core   0: 3 0x8000416c (0x00f09fb3) x31 0x00000677
core   0: 0x80004170 (0x03927db3) remu    s11, tp, s9
core   0: 3 0x80004170 (0x03927db3) x27 0x3f09ee44
core   0: 0x80004174 (0xb299e713) ori     a4, s3, -1239
core   0: 3 0x80004174 (0xb299e713) x14 0xffffff6d
core   0: 0x80004178 (0x00000001) c.nop
core   0: 3 0x80004178 (0x0001)
core   0: 0x8000417a (0x01830a33) add     s4, t1, s8
core   0: 3 0x8000417a (0x01830a33) x20 0x00000420
core   0: 0x8000417e (0x00879193) slli    gp, a5, 8
core   0: 3 0x8000417e (0x00879193) x3  0x00038000
core   0: 0x80004182 (0x03bd8333) mul     t1, s11, s11
core   0: 3 0x80004182 (0x03bd8333) x6  0x168a8210
core   0: 0x80004186 (0x01dcf533) and     a0, s9, t4
core   0: 3 0x80004186 (0x01dcf533) x10 0x7f073166
core   0: 0x8000418a (0x03a041b3) div     gp, zero, s10
core   0: 3 0x8000418a (0x03a041b3) x3  0xffffffff
core   0: 0x8000418e (0x18677993) andi    s3, a4, 390
core   0: 3 0x8000418e (0x18677993) x19 0x00000104
core   0: 0x80004192 (0x03fe4f63) blt     t3, t6, pc + 62
core   0: 3 0x80004192 (0x03fe4f63)
core   0: 0x80004196 (0x68cf2c93) slti    s9, t5, 1676
core   0: 3 0x80004196 (0x68cf2c93) x25 0x00000001
core   0: 0x8000419a (0x00008cc5) c.or    s1, s1
core   0: 3 0x8000419a (0x8cc5) x9  0x873d412e
core   0: 0x8000419c (0x00006a45) c.lui   s4, 0x11
core   0: 3 0x8000419c (0x6a45) x20 0x00011000
core   0: 0x8000419e (0x7028ae13) slti    t3, a7, 1794
core   0: 3 0x8000419e (0x7028ae13) x28 0x00000001
core   0: 0x800041a2 (0x02883333) mulhu   t1, a6, s0
core   0: 3 0x800041a2 (0x02883333) x6  0x77eb6a8d
core   0: 0x800041a6 (0x008ed2b3) srl     t0, t4, s0
core   0: 3 0x800041a6 (0x008ed2b3) x5  0x00007fff
core   0: 0x800041aa (0x0138db63) bge     a7, s3, pc + 22
core   0: 3 0x800041aa (0x0138db63)
core   0: 0x800041ae (0xe99f8793) addi    a5, t6, -359
core   0: 3 0x800041ae (0xe99f8793) x15 0x00000510
core   0: 0x800041b2 (0xf9df3e13) sltiu   t3, t5, -99
core   0: 3 0x800041b2 (0xf9df3e13) x28 0x00000001
core   0: 0x800041b6 (0x00000fae) c.slli  t6, 11
core   0: 3 0x800041b6 (0x0fae) x31 0x0033b800
core   0: 0x800041b8 (0xd9541917) auipc   s2, 0xd9541
core   0: 3 0x800041b8 (0xd9541917) x18 0x595451b8
core   0: 0x800041bc (0x00008e39) c.xor   a2, a4
core   0: 3 0x800041bc (0x8e39) x12 0xffffff6d
core   0: 0x800041be (0x00000161) c.addi  sp, 24
core   0: 3 0x800041be (0x0161) x2  0x00000008
core   0: 0x800041c0 (0x02ea7ab3) remu    s5, s4, a4
core   0: 3 0x800041c0 (0x02ea7ab3) x21 0x00011000
core   0: 0x800041c4 (0x030f6463) bltu    t5, a6, pc + 40
core   0: 3 0x800041c4 (0x030f6463)
core   0: 0x800041c8 (0x038659b3) divu    s3, a2, s8
core   0: 3 0x800041c8 (0x038659b3) x19 0x003e0f83
core   0: 0x800041cc (0xc08de493) ori     s1, s11, -1016
core   0: 3 0x800041cc (0xc08de493) x9  0xfffffe4c
core   0: 0x800041d0 (0x00e20e63) beq     tp, a4, pc + 28
core   0: 3 0x800041d0 (0x00e20e63)
core   0: 0x800041d4 (0x21db6193) ori     gp, s6, 541
core   0: 3 0x800041d4 (0x21db6193) x3  0x0000021d
core   0: 0x800041d8 (0x000060c5) c.lui   ra, 0x11
core   0: 3 0x800041d8 (0x60c5) x1  0x00011000
core   0: 0x800041da (0x00008295) c.srli  a3, 5
core   0: 3 0x800041da (0x8295) x13 0x07ffffff
core   0: 0x800041dc (0x0000987d) c.andi  s0, -1
core   0: 3 0x800041dc (0x987d) x8  0xfff80011
core   0: 0x800041de (0x00001e08) c.addi4spn a0, sp, 816
core   0: 3 0x800041de (0x1e08) x10 0x00000338
core   0: 0x800041e0 (0x53c7cd13) xori    s10, a5, 1340
core   0: 3 0x800041e0 (0x53c7cd13) x26 0x0000002c
core   0: 0x800041e4 (0x0293c233) div     tp, t2, s1
core   0: 3 0x800041e4 (0x0293c233) x4  0x0046e7c6
core   0: 0x800041e8 (0x00000001) c.nop
core   0: 3 0x800041e8 (0x0001)
core   0: 0x800041ea (0x0000e0a9) c.bnez  s1, pc + 66
core   0: 3 0x800041ea (0xe0a9)
core   0: 0x8000422c (0x00008fd5) c.or    a5, a3
core   0: 3 0x8000422c (0x8fd5) x15 0x07ffffff
core   0: 0x8000422e (0x01f95f13) srli    t5, s2, 31
core   0: 3 0x8000422e (0x01f95f13) x30 0x00000000
core   0: 0x80004232 (0x01d6af33) slt     t5, a3, t4
core   0: 3 0x80004232 (0x01d6af33) x30 0x00000000
core   0: 0x80004236 (0x03b97fb3) remu    t6, s2, s11
core   0: 3 0x80004236 (0x03b97fb3) x31 0x1a4a6374
core   0: 0x8000423a (0x0000cc9d) c.beqz  s1, pc + 62
core   0: 3 0x8000423a (0xcc9d)
core   0: 0x8000423c (0x00008cb9) c.xor   s1, a4
core   0: 3 0x8000423c (0x8cb9) x9  0x00000121
core   0: 0x8000423e (0x01bd3d33) sltu    s10, s10, s11
core   0: 3 0x8000423e (0x01bd3d33) x26 0x00000001
core   0: 0x80004242 (0x031d3fb3) mulhu   t6, s10, a7
core   0: 3 0x80004242 (0x031d3fb3) x31 0x00000000
core   0: 0x80004246 (0x00008ca9) c.xor   s1, a0
core   0: 3 0x80004246 (0x8ca9) x9  0x00000219
core   0: 0x80004248 (0x0145c863) blt     a1, s4, pc + 16
core   0: 3 0x80004248 (0x0145c863)
core   0: 0x80004258 (0x01478c63) beq     a5, s4, pc + 24
core   0: 3 0x80004258 (0x01478c63)
core   0: 0x8000425c (0x02e48533) mul     a0, s1, a4
core   0: 3 0x8000425c (0x02e48533) x10 0xfffecba5
core   0: 0x80004260 (0x40c652b3) sra     t0, a2, a2
core   0: 3 0x80004260 (0x40c652b3) x5  0xffffffff
core   0: 0x80004264 (0xb1446993) ori     s3, s0, -1260
core   0: 3 0x80004264 (0xb1446993) x19 0xfffffb15
core   0: 0x80004268 (0x48443d13) sltiu   s10, s0, 1156
core   0: 3 0x80004268 (0x48443d13) x26 0x00000000
core   0: 0x8000426c (0x0e0fbe93) sltiu   t4, t6, 224
core   0: 3 0x8000426c (0x0e0fbe93) x29 0x00000001
core   0: 0x80004270 (0x0032ac33) slt     s8, t0, gp
core   0: 3 0x80004270 (0x0032ac33) x24 0x00000001
core   0: 0x80004274 (0x40d70eb3) sub     t4, a4, a3
core   0: 3 0x80004274 (0x40d70eb3) x29 0xf7ffff6e
core   0: 0x80004278 (0x74c22a93) slti    s5, tp, 1868
core   0: 3 0x80004278 (0x74c22a93) x21 0x00000000
core   0: 0x8000427c (0x00006169) c.addi16sp sp, 208
core   0: 3 0x8000427c (0x6169) x2  0x000000d8
core   0: 0x8000427e (0x00008035) c.srli  s0, 13
core   0: 3 0x8000427e (0x8035) x8  0x0007ffc0
core   0: 0x80004280 (0x0000ee8d) c.bnez  a3, pc + 58
core   0: 3 0x80004280 (0xee8d)
core   0: 0x800042ba (0x00c35b93) srli    s7, t1, 12
core   0: 3 0x800042ba (0x00c35b93) x23 0x00077eb6
core   0: 0x800042be (0x00008b81) c.andi  a5, 0
core   0: 3 0x800042be (0x8b81) x15 0x00000000
core   0: 0x800042c0 (0x8cb0d4b7) lui     s1, 0x8cb0d
core   0: 3 0x800042c0 (0x8cb0d4b7) x9  0x8cb0d000
core   0: 0x800042c4 (0x00008fd1) c.or    a5, a2
core   0: 3 0x800042c4 (0x8fd1) x15 0xffffff6d
core   0: 0x800042c6 (0xb234a093) slti    ra, s1, -1245
core   0: 3 0x800042c6 (0xb234a093) x1  0x00000001
core   0: 0x800042ca (0x00006ced) c.lui   s9, 0x1b
core   0: 3 0x800042ca (0x6ced) x25 0x0001b000
core   0: 0x800042cc (0x02aae0b3) rem     ra, s5, a0
core   0: 3 0x800042cc (0x02aae0b3) x1  0x00000000
core   0: 0x800042d0 (0x8dec5ab7) lui     s5, 0x8dec5
core   0: 3 0x800042d0 (0x8dec5ab7) x21 0x8dec5000
core   0: 0x800042d4 (0x00be9a93) slli    s5, t4, 11
core   0: 3 0x800042d4 (0x00be9a93) x21 0xfffb7000
core   0: 0x800042d8 (0x011d0a33) add     s4, s10, a7
core   0: 3 0x800042d8 (0x011d0a33) x20 0x80029ce4
core   0: 0x800042dc (0x039e6463) bltu    t3, s9, pc + 40
core   0: 3 0x800042dc (0x039e6463)
core   0: 0x80004304 (0x02c35463) bge     t1, a2, pc + 40
core   0: 3 0x80004304 (0x02c35463)
core   0: 0x8000432c (0x05a16263) bltu    sp, s10, pc + 68
core   0: 3 0x8000432c (0x05a16263)
core   0: 0x80004330 (0x07f0c3b7) lui     t2, 0x7f0c
core   0: 3 0x80004330 (0x07f0c3b7) x7  0x07f0c000
core   0: 0x80004334 (0x034606b3) mul     a3, a2, s4
core   0: 3 0x80004334 (0x034606b3) x13 0x7e7fe914
core   0: 0x80004338 (0x00008261) c.srli  a2, 24
core   0: 3 0x80004338 (0x8261) x12 0x000000ff
core   0: 0x8000433a (0x00001584) c.addi4spn s1, sp, 736
core   0: 3 0x8000433a (0x1584) x9  0x000003b8
core   0: 0x8000433c (0x00544c33) xor     s8, s0, t0
core   0: 3 0x8000433c (0x00544c33) x24 0xfff8003f
core   0: 0x80004340 (0x00008ec5) c.or    a3, s1
core   0: 3 0x80004340 (0x8ec5) x13 0x7e7febbc
core   0: 0x80004342 (0x039dc9b3) div     s3, s11, s9
core   0: 3 0x80004342 (0x039dc9b3) x19 0x0000255b
core   0: 0x80004346 (0x00ef6533) or      a0, t5, a4
core   0: 3 0x80004346 (0x00ef6533) x10 0xffffff6d
core   0: 0x8000434a (0x026a0163) beq     s4, t1, pc + 34
core   0: 3 0x8000434a (0x026a0163)
core   0: 0x8000434e (0x00e807b3) add     a5, a6, a4
core   0: 3 0x8000434e (0x00e807b3) x15 0x77ef296c
core   0: 0x80004352 (0x000f8033) add     zero, t6, zero
core   0: 3 0x80004352 (0x000f8033)
core   0: 0x80004356 (0x024abab3) mulhu   s5, s5, tp
core   0: 3 0x80004356 (0x024abab3) x21 0x0046e682
core   0: 0x8000435a (0x01dff133) and     sp, t6, t4
core   0: 3 0x8000435a (0x01dff133) x2  0x00000000
core   0: 0x8000435e (0x000046dd) c.li    a3, 23
core   0: 3 0x8000435e (0x46dd) x13 0x00000017
core   0: 0x80004360 (0x1211f693) andi    a3, gp, 289
core   0: 3 0x80004360 (0x1211f693) x13 0x00000001
core   0: 0x80004364 (0x019019b3) sll     s3, zero, s9
core   0: 3 0x80004364 (0x019019b3) x19 0x00000000
core   0: 0x80004368 (0x000009e9) c.addi  s3, 26
core   0: 3 0x80004368 (0x09e9) x19 0x0000001a
core   0: 0x8000436a (0x00008c0d) c.sub   s0, a1
core   0: 3 0x8000436a (0x8c0d) x8  0x8005a15c
core   0: 0x8000436c (0x0383fb33) remu    s6, t2, s8
core   0: 3 0x8000436c (0x0383fb33) x22 0x07f0c000
core   0: 0x80004370 (0x00006959) c.lui   s2, 0x16
core   0: 3 0x80004370 (0x6959) x18 0x00016000
core   0: 0x80004372 (0x00008e65) c.and   a2, s1
core   0: 3 0x80004372 (0x8e65) x12 0x000000b8
core   0: 0x80004374 (0x03b822b3) mulhsu  t0, a6, s11
core   0: 3 0x80004374 (0x03b822b3) x5  0x1d88825e
core   0: 0x80004378 (0x02226ab3) rem     s5, tp, sp
core   0: 3 0x80004378 (0x02226ab3) x21 0x0046e7c6
core   0: 0x8000437c (0x00008779) c.srai  a4, 30
core   0: 3 0x8000437c (0x8779) x14 0xffffffff
core   0: 0x8000437e (0x00881013) slli    zero, a6, 8
core   0: 3 0x8000437e (0x00881013)
core   0: 0x80004382 (0x03443c33) mulhu   s8, s0, s4
core   0: 3 0x80004382 (0x03443c33) x24 0x40041f2e
core   0: 0x80004386 (0x036abc33) mulhu   s8, s5, s6
core   0: 3 0x80004386 (0x036abc33) x24 0x00023304
core   0: 0x8000438a (0x00006169) c.addi16sp sp, 208
core   0: 3 0x8000438a (0x6169) x2  0x000000d0
core   0: 0x8000438c (0x0254a033) mulhsu  zero, s1, t0
core   0: 3 0x8000438c (0x0254a033)
core   0: 0x80004390 (0x020919b3) mulh    s3, s2, zero
core   0: 3 0x80004390 (0x020919b3) x19 0x00000000
core   0: 0x80004394 (0x01ae5e13) srli    t3, t3, 26
core   0: 3 0x80004394 (0x01ae5e13) x28 0x00000000
core   0: 0x80004398 (0xb2900113) li      sp, -1239
core   0: 3 0x80004398 (0xb2900113) x2  0xfffffb29
core   0: 0x8000439c (0x0103dd33) srl     s10, t2, a6
core   0: 3 0x8000439c (0x0103dd33) x26 0x00000000
core   0: 0x800043a0 (0x0000e819) c.bnez  s0, pc + 22
core   0: 3 0x800043a0 (0xe819)
core   0: 0x800043b6 (0x00008ead) c.xor   a3, a1
core   0: 3 0x800043b6 (0x8ead) x13 0x80025e65
core   0: 0x800043b8 (0x00000001) c.nop
core   0: 3 0x800043b8 (0x0001)
core   0: 0x800043ba (0x00008dfa) c.mv    s11, t5
core   0: 3 0x800043ba (0x8dfa) x27 0x00000000
core   0: 0x800043bc (0x00615733) srl     a4, sp, t1
core   0: 3 0x800043bc (0x00615733) x14 0x0007ffff
core   0: 0x800043c0 (0x01c497b3) sll     a5, s1, t3
core   0: 3 0x800043c0 (0x01c497b3) x15 0x000003b8
core   0: 0x800043c4 (0x0000717d) c.addi16sp sp, -16
core   0: 3 0x800043c4 (0x717d) x2  0xfffffb19
core   0: 0x800043c6 (0x012d6cb3) or      s9, s10, s2
core   0: 3 0x800043c6 (0x012d6cb3) x25 0x00016000
core   0: 0x800043ca (0x00008c59) c.or    s0, a4
core   0: 3 0x800043ca (0x8c59) x8  0x8007ffff
core   0: 0x800043cc (0x00649533) sll     a0, s1, t1
core   0: 3 0x800043cc (0x00649533) x10 0x00770000
core   0: 0x800043d0 (0x02bd2633) mulhsu  a2, s10, a1
core   0: 3 0x800043d0 (0x02bd2633) x12 0x00000000
core   0: 0x800043d4 (0x013b1493) slli    s1, s6, 19
core   0: 3 0x800043d4 (0x013b1493) x9  0x00000000
core   0: 0x800043d8 (0x039eaf33) mulhsu  t5, t4, s9
core   0: 3 0x800043d8 (0x039eaf33) x30 0xfffff4ff
core   0: 0x800043dc (0x018e10b3) sll     ra, t3, s8
core   0: 3 0x800043dc (0x018e10b3) x1  0x00000000
core   0: 0x800043e0 (0x0227b333) mulhu   t1, a5, sp
core   0: 3 0x800043e0 (0x0227b333) x6  0x000003b7
core   0: 0x800043e4 (0x000086a5) c.srai  a3, 9
core   0: 3 0x800043e4 (0x86a5) x13 0xffc0012f
core   0: 0x800043e6 (0x778a6513) ori     a0, s4, 1912
core   0: 3 0x800043e6 (0x778a6513) x10 0x80029ffc
core   0: 0x800043ea (0x41145033) sra     zero, s0, a7
core   0: 3 0x800043ea (0x41145033)
core   0: 0x800043ee (0x00000001) c.nop
core   0: 3 0x800043ee (0x0001)
core   0: 0x800043f0 (0xd4a77f13) andi    t5, a4, -694
core   0: 3 0x800043f0 (0xd4a77f13) x30 0x0007fd4a
core   0: 0x800043f4 (0x00000d08) c.addi4spn a0, sp, 656
core   0: 3 0x800043f4 (0x0d08) x10 0xfffffda9
core   0: 0x800043f6 (0x4055dc33) sra     s8, a1, t0
core   0: 3 0x800043f6 (0x4055dc33) x24 0xfffffffe
core   0: 0x800043fa (0x27ea8d13) addi    s10, s5, 638
core   0: 3 0x800043fa (0x27ea8d13) x26 0x0046ea44
core   0: 0x800043fe (0x027d3233) mulhu   tp, s10, t2
core   0: 3 0x800043fe (0x027d3233) x4  0x00023318
core   0: 0x80004402 (0x00ba2533) slt     a0, s4, a1
core   0: 3 0x80004402 (0x00ba2533) x10 0x00000000
core   0: 0x80004406 (0x03da3d33) mulhu   s10, s4, t4
core   0: 3 0x80004406 (0x03da3d33) x26 0x7c0287b3
core   0: 0x8000440a (0x00009f6e) c.add   t5, s11
core   0: 3 0x8000440a (0x9f6e) x30 0x0007fd4a
core   0: 0x8000440c (0x4165deb3) sra     t4, a1, s6
core   0: 3 0x8000440c (0x4165deb3) x29 0x80025e64
core   0: 0x80004410 (0x01d9eb63) bltu    s3, t4, pc + 22
core   0: 3 0x80004410 (0x01d9eb63)
core   0: 0x80004426 (0x00f17bb3) and     s7, sp, a5
core   0: 3 0x80004426 (0x00f17bb3) x23 0x00000318
core   0: 0x8000442a (0x00001780) c.addi4spn s0, sp, 992
core   0: 3 0x8000442a (0x1780) x8  0xfffffef9
core   0: 0x8000442c (0x00000001) c.nop
core   0: 3 0x8000442c (0x0001)
core   0: 0x8000442e (0x00096c63) bltu    s2, zero, pc + 24
core   0: 3 0x8000442e (0x00096c63)
core   0: 0x80004432 (0xe282fe13) andi    t3, t0, -472
core   0: 3 0x80004432 (0xe282fe13) x28 0x1d888208
core   0: 0x80004436 (0x02e6bfb3) mulhu   t6, a3, a4
core   0: 3 0x80004436 (0x02e6bfb3) x31 0x0007fdff
core   0: 0x8000443a (0x00006125) c.addi16sp sp, 96
core   0: 3 0x8000443a (0x6125) x2  0xfffffb79
core   0: 0x8000443c (0x419adbb3) sra     s7, s5, s9
core   0: 3 0x8000443c (0x419adbb3) x23 0x0046e7c6
core   0: 0x80004440 (0x00009b7d) c.andi  a4, -1
core   0: 3 0x80004440 (0x9b7d) x14 0x0007ffff
core   0: 0x80004442 (0x00000001) c.nop
core   0: 3 0x80004442 (0x0001)
core   0: 0x80004444 (0x00005e7d) c.li    t3, -1
core   0: 3 0x80004444 (0x5e7d) x28 0xffffffff
core   0: 0x80004446 (0x039be233) rem     tp, s7, s9
core   0: 3 0x80004446 (0x039be233) x4  0x0000c7c6
core   0: 0x8000444a (0x00000001) c.nop
core   0: 3 0x8000444a (0x0001)
core   0: 0x8000444c (0x00001100) c.addi4spn s0, sp, 160
core   0: 3 0x8000444c (0x1100) x8  0xfffffc19
core   0: 0x8000444e (0x00286563) bltu    a6, sp, pc + 10
core   0: 3 0x8000444e (0x00286563)
core   0: 0x80004458 (0x00006109) c.addi16sp sp, 128
core   0: 3 0x80004458 (0x6109) x2  0xfffffbf9
core   0: 0x8000445a (0x029394b3) mulh    s1, t2, s1
core   0: 3 0x8000445a (0x029394b3) x9  0x00000000
core   0: 0x8000445e (0x8c376a13) ori     s4, a4, -1853
core   0: 3 0x8000445e (0x8c376a13) x20 0xffffffff
core   0: 0x80004462 (0x02abe0b3) rem     ra, s7, a0
core   0: 3 0x80004462 (0x02abe0b3) x1  0x0046e7c6
core   0: 0x80004466 (0x023e4d33) div     s10, t3, gp
core   0: 3 0x80004466 (0x023e4d33) x26 0x00000000
core   0: 0x8000446a (0x00ccc1b3) xor     gp, s9, a2
core   0: 3 0x8000446a (0x00ccc1b3) x3  0x00016000
core   0: 0x8000446e (0x000080b5) c.srli  s1, 13
core   0: 3 0x8000446e (0x80b5) x9  0x00000000
core   0: 0x80004470 (0x028614b3) mulh    s1, a2, s0
core   0: 3 0x80004470 (0x028614b3) x9  0x00000000
core   0: 0x80004474 (0x000010fd) c.addi  ra, -1
core   0: 3 0x80004474 (0x10fd) x1  0x0046e7c5
core   0: 0x80004476 (0x28caa313) slti    t1, s5, 652
core   0: 3 0x80004476 (0x28caa313) x6  0x00000000
core   0: 0x8000447a (0x57dc4493) xori    s1, s8, 1405
core   0: 3 0x8000447a (0x57dc4493) x9  0xfffffa83
core   0: 0x8000447e (0x03f05533) divu    a0, zero, t6
core   0: 3 0x8000447e (0x03f05533) x10 0x00000000
core   0: 0x80004482 (0x01b7d613) srli    a2, a5, 27
core   0: 3 0x80004482 (0x01b7d613) x12 0x00000000
core   0: 0x80004486 (0x4c04ec93) ori     s9, s1, 1216
core   0: 3 0x80004486 (0x4c04ec93) x25 0xfffffec3
core   0: 0x8000448a (0x00008115) c.srli  a0, 5
core   0: 3 0x8000448a (0x8115) x10 0x00000000
core   0: 0x8000448c (0x02628b33) mul     s6, t0, t1
core   0: 3 0x8000448c (0x02628b33) x22 0x00000000
core   0: 0x80004490 (0x0185d793) srli    a5, a1, 24
core   0: 3 0x80004490 (0x0185d793) x15 0x00000080
core   0: 0x80004494 (0x40e40233) sub     tp, s0, a4
core   0: 3 0x80004494 (0x40e40233) x4  0xfff7fc1a
core   0: 0x80004498 (0x005a0e33) add     t3, s4, t0
core   0: 3 0x80004498 (0x005a0e33) x28 0x1d88825d
core   0: 0x8000449c (0x01f106b3) add     a3, sp, t6
core   0: 3 0x8000449c (0x01f106b3) x13 0x0007f9f8
core   0: 0x800044a0 (0x02539c33) mulh    s8, t2, t0
core   0: 3 0x800044a0 (0x02539c33) x24 0x00ea81b1
core   0: 0x800044a4 (0x00000001) c.nop
core   0: 3 0x800044a4 (0x0001)
core   0: 0x800044a6 (0x01ef92b3) sll     t0, t6, t5
core   0: 3 0x800044a6 (0x01ef92b3) x5  0x1ff7fc00
core   0: 0x800044aa (0x03f56e63) bltu    a0, t6, pc + 60
core   0: 3 0x800044aa (0x03f56e63)
core   0: 0x800044e6 (0x02caeb33) rem     s6, s5, a2
core   0: 3 0x800044e6 (0x02caeb33) x22 0x0046e7c6
core   0: 0x800044ea (0x00001c18) c.addi4spn a4, sp, 560
core   0: 3 0x800044ea (0x1c18) x14 0xfffffe29
core   0: 0x800044ec (0x03a15763) bge     sp, s10, pc + 46
core   0: 3 0x800044ec (0x03a15763)
core   0: 0x800044f0 (0x003bff33) and     t5, s7, gp
core   0: 3 0x800044f0 (0x003bff33) x30 0x00006000
core   0: 0x800044f4 (0x00008a4a) c.mv    s4, s2
core   0: 3 0x800044f4 (0x8a4a) x20 0x00016000
core   0: 0x800044f6 (0x035e3333) mulhu   t1, t3, s5
core   0: 3 0x800044f6 (0x035e3333) x6  0x00082e10
core   0: 0x800044fa (0x00673633) sltu    a2, a4, t1
core   0: 3 0x800044fa (0x00673633) x12 0x00000000
core   0: 0x800044fe (0x496ced17) auipc   s10, 0x496ce
core   0: 3 0x800044fe (0x496ced17) x26 0xc96d24fe
core   0: 0x80004502 (0x03e31f63) bne     t1, t5, pc + 62
core   0: 3 0x80004502 (0x03e31f63)
core   0: 0x80004540 (0x414b5c93) srai    s9, s6, 20
core   0: 3 0x80004540 (0x414b5c93) x25 0x00000004
core   0: 0x80004544 (0x88b01f17) auipc   t5, 0x88b01
core   0: 3 0x80004544 (0x88b01f17) x30 0x08b05544
core   0: 0x80004548 (0xbc333493) sltiu   s1, t1, -1085
core   0: 3 0x80004548 (0xbc333493) x9  0x00000001
core   0: 0x8000454c (0x006e7cb3) and     s9, t3, t1
core   0: 3 0x8000454c (0x006e7cb3) x25 0x00080210
core   0: 0x80004550 (0x4125da33) sra     s4, a1, s2
core   0: 3 0x80004550 (0x4125da33) x20 0x80025e64
core   0: 0x80004554 (0x00362f33) slt     t5, a2, gp
core   0: 3 0x80004554 (0x00362f33) x30 0x00000001
core   0: 0x80004558 (0x0000c015) c.beqz  s0, pc + 36
core   0: 3 0x80004558 (0xc015)
core   0: 0x8000455a (0x02be8eb3) mul     t4, t4, a1
core   0: 3 0x8000455a (0x02be8eb3) x29 0x9c5d9710
core   0: 0x8000455e (0x031fd163) bge     t6, a7, pc + 34
core   0: 3 0x8000455e (0x031fd163)
core   0: 0x80004580 (0x03e16c33) rem     s8, sp, t5
core   0: 3 0x80004580 (0x03e16c33) x24 0x00000000
core   0: 0x80004584 (0xda068913) addi    s2, a3, -608
core   0: 3 0x80004584 (0xda068913) x18 0x0007f798
core   0: 0x80004588 (0x00008cc5) c.or    s1, s1
core   0: 3 0x80004588 (0x8cc5) x9  0x00000001
core   0: 0x8000458a (0xe61f9097) auipc   ra, 0xe61f9
core   0: 3 0x8000458a (0xe61f9097) x1  0x661fd58a
core   0: 0x8000458e (0x00000b9c) c.addi4spn a5, sp, 464
core   0: 3 0x8000458e (0x0b9c) x15 0xfffffdc9
core   0: 0x80004590 (0x0321a433) mulhsu  s0, gp, s2
core   0: 3 0x80004590 (0x0321a433) x8  0x0000000a
core   0: 0x80004594 (0x02495263) bge     s2, tp, pc + 36
core   0: 3 0x80004594 (0x02495263)
core   0: 0x800045b8 (0xdc7b6493) ori     s1, s6, -569
core   0: 3 0x800045b8 (0xdc7b6493) x9  0xffffffc7
core   0: 0x800045bc (0x0000e781) c.bnez  a5, pc + 8
core   0: 3 0x800045bc (0xe781)
core   0: 0x800045c4 (0x01ac0933) add     s2, s8, s10
core   0: 3 0x800045c4 (0x01ac0933) x18 0xc96d24fe
core   0: 0x800045c8 (0x01f3e633) or      a2, t2, t6
core   0: 3 0x800045c8 (0x01f3e633) x12 0x07f7fdff
core   0: 0x800045cc (0x01ccec63) bltu    s9, t3, pc + 24
core   0: 3 0x800045cc (0x01ccec63)
core   0: 0x800045e4 (0x0378a4b3) mulhsu  s1, a7, s7
core   0: 3 0x800045e4 (0x0378a4b3) x9  0xffdc8cd6
core   0: 0x800045e8 (0xfcb5e397) auipc   t2, 0xfcb5e
core   0: 3 0x800045e8 (0xfcb5e397) x7  0x7cb625e8
core   0: 0x800045ec (0x0195fc63) bgeu    a1, s9, pc + 24
core   0: 3 0x800045ec (0x0195fc63)
core   0: 0x80004604 (0x026f7933) remu    s2, t5, t1
core   0: 3 0x80004604 (0x026f7933) x18 0x00000001
core   0: 0x80004608 (0x00130433) add     s0, t1, ra
core   0: 3 0x80004608 (0x00130433) x8  0x6628039a
core   0: 0x8000460c (0x0000537d) c.li    t1, -1
core   0: 3 0x8000460c (0x537d) x6  0xffffffff
core   0: 0x8000460e (0x00000001) c.nop
core   0: 3 0x8000460e (0x0001)
core   0: 0x80004610 (0x00b36c33) or      s8, t1, a1
core   0: 3 0x80004610 (0x00b36c33) x24 0xffffffff
core   0: 0x80004614 (0x41295393) srai    t2, s2, 18
core   0: 3 0x80004614 (0x41295393) x7  0x00000000
core   0: 0x80004618 (0x86616793) ori     a5, sp, -1946
core   0: 3 0x80004618 (0x86616793) x15 0xfffffbff
core   0: 0x8000461c (0x03701563) bne     zero, s7, pc + 42
core   0: 3 0x8000461c (0x03701563)
core   0: 0x80004646 (0x9f183e37) lui     t3, 0x9f183
core   0: 3 0x80004646 (0x9f183e37) x28 0x9f183000
core   0: 0x8000464a (0x419e5413) srai    s0, t3, 25
core   0: 3 0x8000464a (0x419e5413) x8  0xffffffcf
core   0: 0x8000464e (0x416781b3) sub     gp, a5, s6
core   0: 3 0x8000464e (0x416781b3) x3  0xffb91439
core   0: 0x80004652 (0x022f1bb3) mulh    s7, t5, sp
core   0: 3 0x80004652 (0x022f1bb3) x23 0xffffffff
core   0: 0x80004656 (0x0007b333) sltu    t1, a5, zero
core   0: 3 0x80004656 (0x0007b333) x6  0x00000000
core   0: 0x8000465a (0x00008345) c.srli  a4, 17
core   0: 3 0x8000465a (0x8345) x14 0x00007fff
core   0: 0x8000465c (0xf519fcb7) lui     s9, 0xf519f
core   0: 3 0x8000465c (0xf519fcb7) x25 0xf519f000
core   0: 0x80004660 (0x40fdd093) srai    ra, s11, 15
core   0: 3 0x80004660 (0x40fdd093) x1  0x00000000
core   0: 0x80004664 (0xe4bbc713) xori    a4, s7, -437
core   0: 3 0x80004664 (0xe4bbc713) x14 0x000001b4
core   0: 0x80004668 (0x0152cab3) xor     s5, t0, s5
core   0: 3 0x80004668 (0x0152cab3) x21 0x1fb11bc6
core   0: 0x8000466c (0x00620e63) beq     tp, t1, pc + 28
core   0: 3 0x8000466c (0x00620e63)
core   0: 0x80004670 (0x00000001) c.nop
core   0: 3 0x80004670 (0x0001)
core   0: 0x80004672 (0x0000597d) c.li    s2, -1
core   0: 3 0x80004672 (0x597d) x18 0xffffffff
core   0: 0x80004674 (0x0000ce15) c.beqz  a2, pc + 60
core   0: 3 0x80004674 (0xce15)
core   0: 0x80004676 (0x00cda733) slt     a4, s11, a2
core   0: 3 0x80004676 (0x00cda733) x14 0x00000001
core   0: 0x8000467a (0x00008cfd) c.and   s1, a5
core   0: 3 0x8000467a (0x8cfd) x9  0xffdc88d6
core   0: 0x8000467c (0x419ddd93) srai    s11, s11, 25
core   0: 3 0x8000467c (0x419ddd93) x27 0x00000000
core   0: 0x80004680 (0x000098fd) c.andi  s1, -1
core   0: 3 0x80004680 (0x98fd) x9  0xffdc88d6
core   0: 0x80004682 (0x00008c85) c.sub   s1, s1
core   0: 3 0x80004682 (0x8c85) x9  0x00000000
core   0: 0x80004684 (0x0173d513) srli    a0, t2, 23
core   0: 3 0x80004684 (0x0173d513) x10 0x00000000
core   0: 0x80004688 (0x00008c29) c.xor   s0, a0
core   0: 3 0x80004688 (0x8c29) x8  0xffffffcf
core   0: 0x8000468a (0x00000001) c.nop
core   0: 3 0x8000468a (0x0001)
core   0: 0x8000468c (0x0e490093) addi    ra, s2, 228
core   0: 3 0x8000468c (0x0e490093) x1  0x000000e3
core   0: 0x80004690 (0x025f11b3) mulh    gp, t5, t0
core   0: 3 0x80004690 (0x025f11b3) x3  0x00000000
core   0: 0x80004694 (0x00008f71) c.and   a4, a2
core   0: 3 0x80004694 (0x8f71) x14 0x00000001
core   0: 0x80004696 (0x00008ebe) c.mv    t4, a5
core   0: 3 0x80004696 (0x8ebe) x29 0xfffffbff
core   0: 0x80004698 (0x00eb4bb3) xor     s7, s6, a4
core   0: 3 0x80004698 (0x00eb4bb3) x23 0x0046e7c7
core   0: 0x8000469c (0x013e7433) and     s0, t3, s3
core   0: 3 0x8000469c (0x013e7433) x8  0x00000000
core   0: 0x800046a0 (0x013b6e63) bltu    s6, s3, pc + 28
core   0: 3 0x800046a0 (0x013b6e63)
core   0: 0x800046a4 (0x0000987d) c.andi  s0, -1
core   0: 3 0x800046a4 (0x987d) x8  0x00000000
core   0: 0x800046a6 (0x010154b3) srl     s1, sp, a6
core   0: 3 0x800046a6 (0x010154b3) x9  0x00000001
core   0: 0x800046aa (0x00cb41b3) xor     gp, s6, a2
core   0: 3 0x800046aa (0x00cb41b3) x3  0x07b11a39
core   0: 0x800046ae (0x0000661d) c.lui   a2, 0x7
core   0: 3 0x800046ae (0x661d) x12 0x00007000
core   0: 0x800046b0 (0x01c8d633) srl     a2, a7, t3
core   0: 3 0x800046b0 (0x01c8d633) x12 0x80029ce4
core   0: 0x800046b4 (0x00c01293) slli    t0, zero, 12
core   0: 3 0x800046b4 (0x00c01293) x5  0x00000000
core   0: 0x800046b8 (0x030bf7b3) remu    a5, s7, a6
core   0: 3 0x800046b8 (0x030bf7b3) x15 0x0046e7c7
core   0: 0x800046bc (0x06ad1a63) bne     s10, a0, pc + 116
core   0: 3 0x800046bc (0x06ad1a63)
core   0: 0x80004730 (0x018cfd63) bgeu    s9, s8, pc + 26
core   0: 3 0x80004730 (0x018cfd63)
core   0: 0x80004734 (0x00004e9d) c.li    t4, 7
core   0: 3 0x80004734 (0x4e9d) x29 0x00000007
core   0: 0x80004736 (0x02cf4fb3) div     t6, t5, a2
core   0: 3 0x80004736 (0x02cf4fb3) x31 0x00000000
core   0: 0x8000473a (0x00000d1a) c.slli  s10, 6
core   0: 3 0x8000473a (0x0d1a) x26 0x5b493f80
core   0: 0x8000473c (0x033d5663) bge     s10, s3, pc + 44
core   0: 3 0x8000473c (0x033d5663)
core   0: 0x80004768 (0x00e45213) srli    tp, s0, 14
core   0: 3 0x80004768 (0x00e45213) x4  0x00000000
core   0: 0x8000476c (0x01d944b3) xor     s1, s2, t4
core   0: 3 0x8000476c (0x01d944b3) x9  0xfffffff8
core   0: 0x80004770 (0x014b3033) sltu    zero, s6, s4
core   0: 3 0x80004770 (0x014b3033)
core   0: 0x80004774 (0x000007d9) c.addi  a5, 22
core   0: 3 0x80004774 (0x07d9) x15 0x0046e7dd
core   0: 0x80004776 (0x00000001) c.nop
core   0: 3 0x80004776 (0x0001)
core   0: 0x80004778 (0x00000b16) c.slli  s6, 5
core   0: 3 0x80004778 (0x0b16) x22 0x08dcf8c0
core   0: 0x8000477a (0x00000f9c) c.addi4spn a5, sp, 976
core   0: 3 0x8000477a (0x0f9c) x15 0xffffffc9
core   0: 0x8000477c (0x0202f7b3) remu    a5, t0, zero
core   0: 3 0x8000477c (0x0202f7b3) x15 0x00000000
core   0: 0x80004780 (0xa1a13793) sltiu   a5, sp, -1510
core   0: 3 0x80004780 (0xa1a13793) x15 0x00000000
core   0: 0x80004784 (0x00000001) c.nop
core   0: 3 0x80004784 (0x0001)
core   0: 0x80004786 (0x00000001) c.nop
core   0: 3 0x80004786 (0x0001)
core   0: 0x80004788 (0x01f9e1b3) or      gp, s3, t6
core   0: 3 0x80004788 (0x01f9e1b3) x3  0x00000000
core   0: 0x8000478c (0x0000e28d) c.bnez  a3, pc + 34
core   0: 3 0x8000478c (0xe28d)
core   0: 0x800047ae (0x018ce463) bltu    s9, s8, pc + 8
core   0: 3 0x800047ae (0x018ce463)
core   0: 0x800047b6 (0xae0d3a93) sltiu   s5, s10, -1312
core   0: 3 0x800047b6 (0xae0d3a93) x21 0x00000001
core   0: 0x800047ba (0xc9b52e93) slti    t4, a0, -869
core   0: 3 0x800047ba (0xc9b52e93) x29 0x00000000
core   0: 0x800047be (0x028364b3) rem     s1, t1, s0
core   0: 3 0x800047be (0x028364b3) x9  0x00000000
core   0: 0x800047c2 (0x00008cf5) c.and   s1, a3
core   0: 3 0x800047c2 (0x8cf5) x9  0x00000000
core   0: 0x800047c4 (0x00004edd) c.li    t4, 23
core   0: 3 0x800047c4 (0x4edd) x29 0x00000017
core   0: 0x800047c6 (0x00008b0d) c.andi  a4, 3
core   0: 3 0x800047c6 (0x8b0d) x14 0x00000001
core   0: 0x800047c8 (0x01484463) blt     a6, s4, pc + 8
core   0: 3 0x800047c8 (0x01484463)
core   0: 0x800047cc (0x00008cc5) c.or    s1, s1
core   0: 3 0x800047cc (0x8cc5) x9  0x00000000
core   0: 0x800047ce (0x00006b31) c.lui   s6, 0xc
core   0: 3 0x800047ce (0x6b31) x22 0x0000c000
core   0: 0x800047d0 (0x02622b33) mulhsu  s6, tp, t1
core   0: 3 0x800047d0 (0x02622b33) x22 0x00000000
core   0: 0x800047d4 (0x002d9313) slli    t1, s11, 2
core   0: 3 0x800047d4 (0x002d9313) x6  0x00000000
core   0: 0x800047d8 (0x02a56633) rem     a2, a0, a0
core   0: 3 0x800047d8 (0x02a56633) x12 0x00000000
core   0: 0x800047dc (0x00000001) c.nop
core   0: 3 0x800047dc (0x0001)
core   0: 0x800047de (0x0000ee9d) c.bnez  a3, pc + 62
core   0: 3 0x800047de (0xee9d)
core   0: 0x8000481c (0x00e4e933) or      s2, s1, a4
core   0: 3 0x8000481c (0x00e4e933) x18 0x00000001
core   0: 0x80004820 (0x000d20b3) slt     ra, s10, zero
core   0: 3 0x80004820 (0x000d20b3) x1  0x00000000
core   0: 0x80004824 (0x00009afd) c.andi  a3, -1
core   0: 3 0x80004824 (0x9afd) x13 0x0007f9f8
core   0: 0x80004826 (0x3a0e2f93) slti    t6, t3, 928
core   0: 3 0x80004826 (0x3a0e2f93) x31 0x00000001
core   0: 0x8000482a (0x40ee03b3) sub     t2, t3, a4
core   0: 3 0x8000482a (0x40ee03b3) x7  0x9f182fff
core   0: 0x8000482e (0x0357ca33) div     s4, a5, s5
core   0: 3 0x8000482e (0x0357ca33) x20 0x00000000
core   0: 0x80004832 (0x04c81163) bne     a6, a2, pc + 66
core   0: 3 0x80004832 (0x04c81163)
core   0: 0x80004874 (0x0000717d) c.addi16sp sp, -16
core   0: 3 0x80004874 (0x717d) x2  0xfffffbe9
core   0: 0x80004876 (0x0000eb19) c.bnez  a4, pc + 22
core   0: 3 0x80004876 (0xeb19)
core   0: 0x8000488c (0x00001d9c) c.addi4spn a5, sp, 752
core   0: 3 0x8000488c (0x1d9c) x15 0xfffffed9
core   0: 0x8000488e (0x00008edd) c.or    a3, a5
core   0: 3 0x8000488e (0x8edd) x13 0xfffffff9
core   0: 0x80004890 (0x0014b433) sltu    s0, s1, ra
core   0: 3 0x80004890 (0x0014b433) x8  0x00000000
core   0: 0x80004894 (0x00bd5713) srli    a4, s10, 11
core   0: 3 0x80004894 (0x00bd5713) x14 0x000b6927
core   0: 0x80004898 (0x009d7963) bgeu    s10, s1, pc + 18
core   0: 3 0x80004898 (0x009d7963)
core   0: 0x800048aa (0x00000001) c.nop
core   0: 3 0x800048aa (0x0001)
core   0: 0x800048ac (0x0000566d) c.li    a2, -5
core   0: 3 0x800048ac (0x566d) x12 0xfffffffb
core   0: 0x800048ae (0xd47b3993) sltiu   s3, s6, -697
core   0: 3 0x800048ae (0xd47b3993) x19 0x00000001
core   0: 0x800048b2 (0x86ed1bb7) lui     s7, 0x86ed1
core   0: 3 0x800048b2 (0x86ed1bb7) x23 0x86ed1000
core   0: 0x800048b6 (0x000043b1) c.li    t2, 12
core   0: 3 0x800048b6 (0x43b1) x7  0x0000000c
core   0: 0x800048b8 (0xdea7a913) slti    s2, a5, -534
core   0: 3 0x800048b8 (0xdea7a913) x18 0x00000000
core   0: 0x800048bc (0x00000605) c.addi  a2, 1
core   0: 3 0x800048bc (0x0605) x12 0xfffffffc
core   0: 0x800048be (0xfe760de3) beq     a2, t2, pc - 6
core   0: 3 0x800048be (0xfe760de3)
core   0: 0x800048c2 (0x0206fbb3) remu    s7, a3, zero
core   0: 3 0x800048c2 (0x0206fbb3) x23 0xfffffff9
core   0: 0x800048c6 (0x03c1a4b3) mulhsu  s1, gp, t3
core   0: 3 0x800048c6 (0x03c1a4b3) x9  0x00000000
core   0: 0x800048ca (0x51215217) auipc   tp, 0x51215
core   0: 3 0x800048ca (0x51215217) x4  0xd12198ca
core   0: 0x800048ce (0x00009afd) c.andi  a3, -1
core   0: 3 0x800048ce (0x9afd) x13 0xfffffff9
core   0: 0x800048d0 (0x00c71933) sll     s2, a4, a2
core   0: 3 0x800048d0 (0x00c71933) x18 0x70000000
core   0: 0x800048d4 (0x03f22433) mulhsu  s0, tp, t6
core   0: 3 0x800048d4 (0x03f22433) x8  0xffffffff
core   0: 0x800048d8 (0x00008d76) c.mv    s10, t4
core   0: 3 0x800048d8 (0x8d76) x26 0x00000017
core   0: 0x800048da (0x00dec4b3) xor     s1, t4, a3
core   0: 3 0x800048da (0x00dec4b3) x9  0xffffffee
core   0: 0x800048de (0x0000717d) c.addi16sp sp, -16
core   0: 3 0x800048de (0x717d) x2  0xfffffbd9
core   0: 0x800048e0 (0x00000aca) c.slli  s5, 18
core   0: 3 0x800048e0 (0x0aca) x21 0x00040000
core   0: 0x800048e2 (0x00008c99) c.sub   s1, a4
core   0: 3 0x800048e2 (0x8c99) x9  0xfff496c7
core   0: 0x800048e4 (0x035176b3) remu    a3, sp, s5
core   0: 3 0x800048e4 (0x035176b3) x13 0x0003fbd9
core   0: 0x800048e8 (0x00042fb3) slt     t6, s0, zero
core   0: 3 0x800048e8 (0x00042fb3) x31 0x00000001
core   0: 0x800048ec (0x04825263) bge     tp, s0, pc + 68
core   0: 3 0x800048ec (0x04825263)
core   0: 0x800048f0 (0x02a15263) bge     sp, a0, pc + 36
core   0: 3 0x800048f0 (0x02a15263)
core   0: 0x800048f4 (0x3be72413) slti    s0, a4, 958
core   0: 3 0x800048f4 (0x3be72413) x8  0x00000000
core   0: 0x800048f8 (0x01f572b3) and     t0, a0, t6
core   0: 3 0x800048f8 (0x01f572b3) x5  0x00000000
core   0: 0x800048fc (0x007e09b3) add     s3, t3, t2
core   0: 3 0x800048fc (0x007e09b3) x19 0x9f18300c
core   0: 0x80004900 (0x4013d7b3) sra     a5, t2, ra
core   0: 3 0x80004900 (0x4013d7b3) x15 0x0000000c
core   0: 0x80004904 (0x00000001) c.nop
core   0: 3 0x80004904 (0x0001)
core   0: 0x80004906 (0x01891233) sll     tp, s2, s8
core   0: 3 0x80004906 (0x01891233) x4  0x00000000
core   0: 0x8000490a (0x6a394493) xori    s1, s2, 1699
core   0: 3 0x8000490a (0x6a394493) x9  0x700006a3
core   0: 0x8000490e (0x01347e33) and     t3, s0, s3
core   0: 3 0x8000490e (0x01347e33) x28 0x00000000
core   0: 0x80004912 (0x00008711) c.srai  a4, 4
core   0: 3 0x80004912 (0x8711) x14 0x0000b692
core   0: 0x80004914 (0x8ad90e13) addi    t3, s2, -1875
core   0: 3 0x80004914 (0x8ad90e13) x28 0x6ffff8ad
core   0: 0x80004918 (0x41eb0c33) sub     s8, s6, t5
core   0: 3 0x80004918 (0x41eb0c33) x24 0xffffffff
core   0: 0x8000491c (0x0094bbb3) sltu    s7, s1, s1
core   0: 3 0x8000491c (0x0094bbb3) x23 0x00000000
core   0: 0x80004920 (0x034ee6b3) rem     a3, t4, s4
core   0: 3 0x80004920 (0x034ee6b3) x13 0x00000017
core   0: 0x80004924 (0x84d5e793) ori     a5, a1, -1971
core   0: 3 0x80004924 (0x84d5e793) x15 0xfffffe6d
core   0: 0x80004928 (0x00e55c13) srli    s8, a0, 14
core   0: 3 0x80004928 (0x00e55c13) x24 0x00000000
core   0: 0x8000492c (0x02caebb3) rem     s7, s5, a2
core   0: 3 0x8000492c (0x02caebb3) x23 0x00000000
core   0: 0x80004930 (0x019dc433) xor     s0, s11, s9
core   0: 3 0x80004930 (0x019dc433) x8  0xf519f000
core   0: 0x80004934 (0x00006499) c.lui   s1, 0x6
core   0: 3 0x80004934 (0x6499) x9  0x00006000
core   0: 0x80004936 (0x00008e89) c.sub   a3, a0
core   0: 3 0x80004936 (0x8e89) x13 0x00000017
core   0: 0x80004938 (0x0022e863) bltu    t0, sp, pc + 16
core   0: 3 0x80004938 (0x0022e863)
core   0: 0x80004948 (0x416ad3b3) sra     t2, s5, s6
core   0: 3 0x80004948 (0x416ad3b3) x7  0x00040000
core   0: 0x8000494c (0x03c08263) beq     ra, t3, pc + 36
core   0: 3 0x8000494c (0x03c08263)
core   0: 0x80004950 (0x0345d633) divu    a2, a1, s4
core   0: 3 0x80004950 (0x0345d633) x12 0xffffffff
core   0: 0x80004954 (0x00000001) c.nop
core   0: 3 0x80004954 (0x0001)
core   0: 0x80004956 (0x015d5b63) bge     s10, s5, pc + 22
core   0: 3 0x80004956 (0x015d5b63)
core   0: 0x8000495a (0x033fdc33) divu    s8, t6, s3
core   0: 3 0x8000495a (0x033fdc33) x24 0x00000000
core   0: 0x8000495e (0x84613113) sltiu   sp, sp, -1978
core   0: 3 0x8000495e (0x84613113) x2  0x00000000
core   0: 0x80004962 (0x00df6763) bltu    t5, a3, pc + 14
core   0: 3 0x80004962 (0x00df6763)
core   0: 0x80004970 (0x373614b7) lui     s1, 0x37361
core   0: 3 0x80004970 (0x373614b7) x9  0x37361000
core   0: 0x80004974 (0x0349b033) mulhu   zero, s3, s4
core   0: 3 0x80004974 (0x0349b033)
core   0: 0x80004978 (0x5ec74d13) xori    s10, a4, 1516
core   0: 3 0x80004978 (0x5ec74d13) x26 0x0000b37e
core   0: 0x8000497c (0x00005d7d) c.li    s10, -1
core   0: 3 0x8000497c (0x5d7d) x26 0xffffffff
core   0: 0x8000497e (0x01671e33) sll     t3, a4, s6
core   0: 3 0x8000497e (0x01671e33) x28 0x0000b692
core   0: 0x80004982 (0x0000c68d) c.beqz  a3, pc + 42
core   0: 3 0x80004982 (0xc68d)
core   0: 0x80004984 (0x00006115) c.addi16sp sp, 288
core   0: 3 0x80004984 (0x6115) x2  0x00000120
core   0: 0x80004986 (0x00004aad) c.li    s5, 11
core   0: 3 0x80004986 (0x4aad) x21 0x0000000b
core   0: 0x80004988 (0x4014d793) srai    a5, s1, 1
core   0: 3 0x80004988 (0x4014d793) x15 0x1b9b0800
core   0: 0x8000498c (0x2f143293) sltiu   t0, s0, 753
core   0: 3 0x8000498c (0x2f143293) x5  0x00000000
core   0: 0x80004990 (0x03a8fc33) remu    s8, a7, s10
core   0: 3 0x80004990 (0x03a8fc33) x24 0x80029ce4
core   0: 0x80004994 (0x00008226) c.mv    tp, s1
core   0: 3 0x80004994 (0x8226) x4  0x37361000
core   0: 0x80004996 (0x3e49f993) andi    s3, s3, 996
core   0: 3 0x80004996 (0x3e49f993) x19 0x00000004
core   0: 0x8000499a (0x0226ba33) mulhu   s4, a3, sp
core   0: 3 0x8000499a (0x0226ba33) x20 0x00000000
core   0: 0x8000499e (0x00415313) srli    t1, sp, 4
core   0: 3 0x8000499e (0x00415313) x6  0x00000012
core   0: 0x800049a2 (0x01452233) slt     tp, a0, s4
core   0: 3 0x800049a2 (0x01452233) x4  0x00000000
core   0: 0x800049a6 (0x023ae533) rem     a0, s5, gp
core   0: 3 0x800049a6 (0x023ae533) x10 0x0000000b
core   0: 0x800049aa (0x00004c69) c.li    s8, 26
core   0: 3 0x800049aa (0x4c69) x24 0x0000001a
core   0: 0x800049ac (0x8e44ef93) ori     t6, s1, -1820
core   0: 3 0x800049ac (0x8e44ef93) x31 0xfffff8e4
core   0: 0x800049b0 (0x0000ed09) c.bnez  a0, pc + 26
core   0: 3 0x800049b0 (0xed09)
core   0: 0x800049ca (0x015a0733) add     a4, s4, s5
core   0: 3 0x800049ca (0x015a0733) x14 0x0000000b
core   0: 0x800049ce (0x0000ca01) c.beqz  a2, pc + 16
core   0: 3 0x800049ce (0xca01)
core   0: 0x800049d0 (0x016283b3) add     t2, t0, s6
core   0: 3 0x800049d0 (0x016283b3) x7  0x00000000
core   0: 0x800049d4 (0x031c1263) bne     s8, a7, pc + 36
core   0: 3 0x800049d4 (0x031c1263)
core   0: 0x800049f8 (0x00000718) c.addi4spn a4, sp, 896
core   0: 3 0x800049f8 (0x0718) x14 0x000004a0
core   0: 0x800049fa (0x9a70cc13) xori    s8, ra, -1625
core   0: 3 0x800049fa (0x9a70cc13) x24 0xfffff9a7
core   0: 0x800049fe (0x00008c8d) c.sub   s1, a1
core   0: 3 0x800049fe (0x8c8d) x9  0xb733b19c
core   0: 0x80004a00 (0xbbc4e397) auipc   t2, 0xbbc4e
core   0: 3 0x80004a00 (0xbbc4e397) x7  0x3bc52a00
core   0: 0x80004a04 (0x0000547d) c.li    s0, -1
core   0: 3 0x80004a04 (0x547d) x8  0xffffffff
core   0: 0x80004a06 (0x00008fbd) c.xor   a5, a5
core   0: 3 0x80004a06 (0x8fbd) x15 0x00000000
core   0: 0x80004a08 (0x0359f7b3) remu    a5, s3, s5
core   0: 3 0x80004a08 (0x0359f7b3) x15 0x00000004
core   0: 0x80004a0c (0x00008635) c.srai  a2, 13
core   0: 3 0x80004a0c (0x8635) x12 0xffffffff
core   0: 0x80004a0e (0x01b396b3) sll     a3, t2, s11
core   0: 3 0x80004a0e (0x01b396b3) x13 0x3bc52a00
core   0: 0x80004a12 (0x01017a33) and     s4, sp, a6
core   0: 3 0x80004a12 (0x01017a33) x20 0x00000120
core   0: 0x80004a16 (0x03fb36b3) mulhu   a3, s6, t6
core   0: 3 0x80004a16 (0x03fb36b3) x13 0x00000000
core   0: 0x80004a1a (0x02bc57b3) divu    a5, s8, a1
core   0: 3 0x80004a1a (0x02bc57b3) x15 0x00000001
core   0: 0x80004a1e (0x0200f733) remu    a4, ra, zero
core   0: 3 0x80004a1e (0x0200f733) x14 0x00000000
core   0: 0x80004a22 (0x2b4f5d17) auipc   s10, 0x2b4f5
core   0: 3 0x80004a22 (0x2b4f5d17) x26 0xab4f9a22
core   0: 0x80004a26 (0x03d3e563) bltu    t2, t4, pc + 42
core   0: 3 0x80004a26 (0x03d3e563)
core   0: 0x80004a2a (0x00008f0d) c.sub   a4, a1
core   0: 3 0x80004a2a (0x8f0d) x14 0x7ffda19c
core   0: 0x80004a2c (0x00008a2e) c.mv    s4, a1
core   0: 3 0x80004a2c (0x8a2e) x20 0x80025e64
core   0: 0x80004a2e (0x025e0163) beq     t3, t0, pc + 34
core   0: 3 0x80004a2e (0x025e0163)
core   0: 0x80004a32 (0x01271e33) sll     t3, a4, s2
core   0: 3 0x80004a32 (0x01271e33) x28 0x7ffda19c
core   0: 0x80004a36 (0xa8d54e13) xori    t3, a0, -1395
core   0: 3 0x80004a36 (0xa8d54e13) x28 0xfffffa86
core   0: 0x80004a3a (0xe46cc293) xori    t0, s9, -442
core   0: 3 0x80004a3a (0xe46cc293) x5  0x0ae60e46
core   0: 0x80004a3e (0x00008f6d) c.and   a4, a1
core   0: 3 0x80004a3e (0x8f6d) x14 0x00000004
core   0: 0x80004a40 (0x024c7033) remu    zero, s8, tp
core   0: 3 0x80004a40 (0x024c7033)
core   0: 0x80004a44 (0x4025d113) srai    sp, a1, 2
core   0: 3 0x80004a44 (0x4025d113) x2  0xe0009799
core   0: 0x80004a48 (0x41780bb3) sub     s7, a6, s7
core   0: 3 0x80004a48 (0x41780bb3) x23 0x77ef29ff
core   0: 0x80004a4c (0x016c7533) and     a0, s8, s6
core   0: 3 0x80004a4c (0x016c7533) x10 0x00000000
core   0: 0x80004a50 (0x0106ce63) blt     a3, a6, pc + 28
core   0: 3 0x80004a50 (0x0106ce63)
core   0: 0x80004a6c (0x00001294) c.addi4spn a3, sp, 352
core   0: 3 0x80004a6c (0x1294) x13 0xe00098f9
core   0: 0x80004a6e (0x015c14b3) sll     s1, s8, s5
core   0: 3 0x80004a6e (0x015c14b3) x9  0xffcd3800
core   0: 0x80004a72 (0x0000922e) c.add   tp, a1
core   0: 3 0x80004a72 (0x922e) x4  0x80025e64
core   0: 0x80004a74 (0x0000997d) c.andi  a0, -1
core   0: 3 0x80004a74 (0x997d) x10 0x00000000
core   0: 0x80004a76 (0x00008cfd) c.and   s1, a5
core   0: 3 0x80004a76 (0x8cfd) x9  0x00000000
core   0: 0x80004a78 (0x028946b3) div     a3, s2, s0
core   0: 3 0x80004a78 (0x028946b3) x13 0x90000000
core   0: 0x80004a7c (0x00001694) c.addi4spn a3, sp, 864
core   0: 3 0x80004a7c (0x1694) x13 0xe0009af9
core   0: 0x80004a7e (0x000060d5) c.lui   ra, 0x15
core   0: 3 0x80004a7e (0x60d5) x1  0x00015000
core   0: 0x80004a80 (0xd75fcb93) xori    s7, t6, -651
core   0: 3 0x80004a80 (0xd75fcb93) x23 0x00000591
core   0: 0x80004a84 (0x00004401) c.li    s0, 0
core   0: 3 0x80004a84 (0x4401) x8  0x00000000
core   0: 0x80004a86 (0x0000851d) c.srai  a0, 7
core   0: 3 0x80004a86 (0x851d) x10 0x00000000
core   0: 0x80004a88 (0x00a51913) slli    s2, a0, 10
core   0: 3 0x80004a88 (0x00a51913) x18 0x00000000
core   0: 0x80004a8c (0x0164d633) srl     a2, s1, s6
core   0: 3 0x80004a8c (0x0164d633) x12 0x00000000
core   0: 0x80004a90 (0x036d6563) bltu    s10, s6, pc + 42
core   0: 3 0x80004a90 (0x036d6563)
core   0: 0x80004a94 (0x00009c76) c.add   s8, t4
core   0: 3 0x80004a94 (0x9c76) x24 0xfffff9be
core   0: 0x80004a96 (0x0000e005) c.bnez  s0, pc + 32
core   0: 3 0x80004a96 (0xe005)
core   0: 0x80004a98 (0x0ae77013) andi    zero, a4, 174
core   0: 3 0x80004a98 (0x0ae77013)
core   0: 0x80004a9c (0x000086c9) c.srai  a3, 18
core   0: 3 0x80004a9c (0x86c9) x13 0xfffff800
core   0: 0x80004a9e (0x417ddb33) sra     s6, s11, s7
core   0: 3 0x80004a9e (0x417ddb33) x22 0x00000000
core   0: 0x80004aa2 (0x0000717d) c.addi16sp sp, -16
core   0: 3 0x80004aa2 (0x717d) x2  0xe0009789
core   0: 0x80004aa4 (0x009be233) or      tp, s7, s1
core   0: 3 0x80004aa4 (0x009be233) x4  0x00000591
core   0: 0x80004aa8 (0x5de0e097) auipc   ra, 0x5de0e
core   0: 3 0x80004aa8 (0x5de0e097) x1  0xdde12aa8
core   0: 0x80004aac (0x012f6033) or      zero, t5, s2
core   0: 3 0x80004aac (0x012f6033)
core   0: 0x80004ab0 (0x000087d9) c.srai  a5, 22
core   0: 3 0x80004ab0 (0x87d9) x15 0x00000000
core   0: 0x80004ab2 (0x00165b93) srli    s7, a2, 1
core   0: 3 0x80004ab2 (0x00165b93) x23 0x00000000
core   0: 0x80004ab6 (0x038602b3) mul     t0, a2, s8
core   0: 3 0x80004ab6 (0x038602b3) x5  0x00000000
core   0: 0x80004aba (0x77970693) addi    a3, a4, 1913
core   0: 3 0x80004aba (0x77970693) x13 0x0000077d
core   0: 0x80004abe (0x01ea96b3) sll     a3, s5, t5
core   0: 3 0x80004abe (0x01ea96b3) x13 0x00000016
core   0: 0x80004ac2 (0x009f1e93) slli    t4, t5, 9
core   0: 3 0x80004ac2 (0x009f1e93) x29 0x00000200
core   0: 0x80004ac6 (0x00008309) c.srli  a4, 2
core   0: 3 0x80004ac6 (0x8309) x14 0x00000001
core   0: 0x80004ac8 (0x00006745) c.lui   a4, 0x11
core   0: 3 0x80004ac8 (0x6745) x14 0x00011000
core   0: 0x80004aca (0x015a0963) beq     s4, s5, pc + 18
core   0: 3 0x80004aca (0x015a0963)
core   0: 0x80004ace (0x9fd66997) auipc   s3, 0x9fd66
core   0: 3 0x80004ace (0x9fd66997) x19 0x1fd6aace
core   0: 0x80004ad2 (0x0000e489) c.bnez  s1, pc + 10
core   0: 3 0x80004ad2 (0xe489)
core   0: 0x80004ad4 (0x02963933) mulhu   s2, a2, s1
core   0: 3 0x80004ad4 (0x02963933) x18 0x00000000
core   0: 0x80004ad8 (0x00aec613) xori    a2, t4, 10
core   0: 3 0x80004ad8 (0x00aec613) x12 0x0000020a
core   0: 0x80004adc (0x01539eb3) sll     t4, t2, s5
core   0: 3 0x80004adc (0x01539eb3) x29 0x29500000
core   0: 0x80004ae0 (0x0000717d) c.addi16sp sp, -16
core   0: 3 0x80004ae0 (0x717d) x2  0xe0009779
core   0: 0x80004ae2 (0x00fae463) bltu    s5, a5, pc + 8
core   0: 3 0x80004ae2 (0x00fae463)
core   0: 0x80004ae6 (0x03088533) mul     a0, a7, a6
core   0: 3 0x80004ae6 (0x03088533) x10 0x6296cb1c
core   0: 0x80004aea (0x039f6cb3) rem     s9, t5, s9
core   0: 3 0x80004aea (0x039f6cb3) x25 0x00000001
core   0: 0x80004aee (0x01cbcdb3) xor     s11, s7, t3
core   0: 3 0x80004aee (0x01cbcdb3) x27 0xfffffa86
core   0: 0x80004af2 (0x03f5f233) remu    tp, a1, t6
core   0: 3 0x80004af2 (0x03f5f233) x4  0x80025e64
core   0: 0x80004af6 (0x024901b3) mul     gp, s2, tp
core   0: 3 0x80004af6 (0x024901b3) x3  0x00000000
core   0: 0x80004afa (0x04449163) bne     s1, tp, pc + 66
core   0: 3 0x80004afa (0x04449163)
core   0: 0x80004b3c (0x00006175) c.addi16sp sp, 368
core   0: 3 0x80004b3c (0x6175) x2  0xe00098e9
core   0: 0x80004b3e (0x0014efb3) or      t6, s1, ra
core   0: 3 0x80004b3e (0x0014efb3) x31 0xdde12aa8
core   0: 0x80004b42 (0x0000c489) c.beqz  s1, pc + 10
core   0: 3 0x80004b42 (0xc489)
core   0: 0x80004b4c (0x00009a8e) c.add   s5, gp
core   0: 3 0x80004b4c (0x9a8e) x21 0x0000000b
core   0: 0x80004b4e (0x41565d93) srai    s11, a2, 21
core   0: 3 0x80004b4e (0x41565d93) x27 0x00000000
core   0: 0x80004b52 (0x4094de93) srai    t4, s1, 9
core   0: 3 0x80004b52 (0x4094de93) x29 0x00000000
core   0: 0x80004b56 (0x006b4963) blt     s6, t1, pc + 18
core   0: 3 0x80004b56 (0x006b4963)
core   0: 0x80004b68 (0xf5338797) auipc   a5, 0xf5338
core   0: 3 0x80004b68 (0xf5338797) x15 0x7533cb68
core   0: 0x80004b6c (0x00004aad) c.li    s5, 11
core   0: 3 0x80004b6c (0x4aad) x21 0x0000000b
core   0: 0x80004b6e (0x4029da13) srai    s4, s3, 2
core   0: 3 0x80004b6e (0x4029da13) x20 0x07f5aab3
core   0: 0x80004b72 (0x03bef533) remu    a0, t4, s11
core   0: 3 0x80004b72 (0x03bef533) x10 0x00000000
core   0: 0x80004b76 (0x00000001) c.nop
core   0: 3 0x80004b76 (0x0001)
core   0: 0x80004b78 (0x0029c133) xor     sp, s3, sp
core   0: 3 0x80004b78 (0x0029c133) x2  0xffd63227
core   0: 0x80004b7c (0x0387ff63) bgeu    a5, s8, pc + 62
core   0: 3 0x80004b7c (0x0387ff63)
core   0: 0x80004b80 (0x00acd463) bge     s9, a0, pc + 8
core   0: 3 0x80004b80 (0x00acd463)
core   0: 0x80004b88 (0x01212cb3) slt     s9, sp, s2
core   0: 3 0x80004b88 (0x01212cb3) x25 0x00000001
core   0: 0x80004b8c (0x026ea0b3) mulhsu  ra, t4, t1
core   0: 3 0x80004b8c (0x026ea0b3) x1  0x00000000
core   0: 0x80004b90 (0x00000d84) c.addi4spn s1, sp, 720
core   0: 3 0x80004b90 (0x0d84) x9  0xffd634f7
core   0: 0x80004b92 (0x01f11c63) bne     sp, t6, pc + 24
core   0: 3 0x80004b92 (0x01f11c63)
core   0: 0x80004baa (0xbc3ff793) andi    a5, t6, -1085
core   0: 3 0x80004baa (0xbc3ff793) x15 0xdde12a80
core   0: 0x80004bae (0x000080ca) c.mv    ra, s2
core   0: 3 0x80004bae (0x80ca) x1  0x00000000
core   0: 0x80004bb0 (0x031f1e33) mulh    t3, t5, a7
core   0: 3 0x80004bb0 (0x031f1e33) x28 0xffffffff
core   0: 0x80004bb4 (0x037a0633) mul     a2, s4, s7
core   0: 3 0x80004bb4 (0x037a0633) x12 0x00000000
core   0: 0x80004bb8 (0x00008e79) c.and   a2, a4
core   0: 3 0x80004bb8 (0x8e79) x12 0x00000000
core   0: 0x80004bba (0x01cb47b3) xor     a5, s6, t3
core   0: 3 0x80004bba (0x01cb47b3) x15 0xffffffff
core   0: 0x80004bbe (0xa56b03b7) lui     t2, 0xa56b0
core   0: 3 0x80004bbe (0xa56b03b7) x7  0xa56b0000
core   0: 0x80004bc2 (0x00008f9d) c.sub   a5, a5
core   0: 3 0x80004bc2 (0x8f9d) x15 0x00000000
core   0: 0x80004bc4 (0x037a3cb3) mulhu   s9, s4, s7
core   0: 3 0x80004bc4 (0x037a3cb3) x25 0x00000000
core   0: 0x80004bc8 (0x00000001) c.nop
core   0: 3 0x80004bc8 (0x0001)
core   0: 0x80004bca (0x00001f84) c.addi4spn s1, sp, 1008
core   0: 3 0x80004bca (0x1f84) x9  0xffd63617
core   0: 0x80004bcc (0x00008f4d) c.or    a4, a1
core   0: 3 0x80004bcc (0x8f4d) x14 0x80035e64
core   0: 0x80004bce (0x00000c6a) c.slli  s8, 26
core   0: 3 0x80004bce (0x0c6a) x24 0xf8000000
core   0: 0x80004bd0 (0x4232b113) sltiu   sp, t0, 1059
core   0: 3 0x80004bd0 (0x4232b113) x2  0x00000001
core   0: 0x80004bd4 (0x0347dcb3) divu    s9, a5, s4
core   0: 3 0x80004bd4 (0x0347dcb3) x25 0x00000000
core   0: 0x80004bd8 (0x011c4cb3) xor     s9, s8, a7
core   0: 3 0x80004bd8 (0x011c4cb3) x25 0x78029ce4
core   0: 0x80004bdc (0x01c07233) and     tp, zero, t3
core   0: 3 0x80004bdc (0x01c07233) x4  0x00000000
core   0: 0x80004be0 (0x03d8c063) blt     a7, t4, pc + 32
core   0: 3 0x80004be0 (0x03d8c063)
core   0: 0x80004c00 (0x40068733) sub     a4, a3, zero
core   0: 3 0x80004c00 (0x40068733) x14 0x00000016
core   0: 0x80004c04 (0x00034bb3) xor     s7, t1, zero
core   0: 3 0x80004c04 (0x00034bb3) x23 0x00000012
core   0: 0x80004c08 (0xc4c97913) andi    s2, s2, -948
core   0: 3 0x80004c08 (0xc4c97913) x18 0x00000000
core   0: 0x80004c0c (0x007cb633) sltu    a2, s9, t2
core   0: 3 0x80004c0c (0x007cb633) x12 0x00000001
core   0: 0x80004c10 (0x00006a6d) c.lui   s4, 0x1b
core   0: 3 0x80004c10 (0x6a6d) x20 0x0001b000
core   0: 0x80004c12 (0x020f8263) beqz    t6, pc + 36
core   0: 3 0x80004c12 (0x020f8263)
core   0: 0x80004c16 (0x0000e015) c.bnez  s0, pc + 36
core   0: 3 0x80004c16 (0xe015)
core   0: 0x80004c18 (0xf1c63313) sltiu   t1, a2, -228
core   0: 3 0x80004c18 (0xf1c63313) x6  0x00000001
core   0: 0x80004c1c (0x00001818) c.addi4spn a4, sp, 48
core   0: 3 0x80004c1c (0x1818) x14 0x00000031
core   0: 0x80004c1e (0x002e8b63) beq     t4, sp, pc + 22
core   0: 3 0x80004c1e (0x002e8b63)
core   0: 0x80004c22 (0x00008ad5) c.andi  a3, 21
core   0: 3 0x80004c22 (0x8ad5) x13 0x00000014
core   0: 0x80004c24 (0x00e714b3) sll     s1, a4, a4
core   0: 3 0x80004c24 (0x00e714b3) x9  0x00620000
core   0: 0x80004c28 (0x00008791) c.srai  a5, 4
core   0: 3 0x80004c28 (0x8791) x15 0x00000000
core   0: 0x80004c2a (0x01686f63) bltu    a6, s6, pc + 30
core   0: 3 0x80004c2a (0x01686f63)
core   0: 0x80004c2e (0x00000bba) c.slli  s7, 14
core   0: 3 0x80004c2e (0x0bba) x23 0x00048000
core   0: 0x80004c30 (0x00000691) c.addi  a3, 4
core   0: 3 0x80004c30 (0x0691) x13 0x00000018
core   0: 0x80004c32 (0x0000e799) c.bnez  a5, pc + 14
core   0: 3 0x80004c32 (0xe799)
core   0: 0x80004c34 (0x00004e25) c.li    t3, 9
core   0: 3 0x80004c34 (0x4e25) x28 0x00000009
core   0: 0x80004c36 (0x00d070b3) and     ra, zero, a3
core   0: 3 0x80004c36 (0x00d070b3) x1  0x00000000
core   0: 0x80004c3a (0x00008f3d) c.xor   a4, a5
core   0: 3 0x80004c3a (0x8f3d) x14 0x00000031
core   0: 0x80004c3c (0x00474fb3) xor     t6, a4, tp
core   0: 3 0x80004c3c (0x00474fb3) x31 0x00000031
core   0: 0x80004c40 (0x37d30a13) addi    s4, t1, 893
core   0: 3 0x80004c40 (0x37d30a13) x20 0x0000037e
core   0: 0x80004c44 (0x00a37033) and     zero, t1, a0
core   0: 3 0x80004c44 (0x00a37033)
core   0: 0x80004c48 (0x00009a7d) c.andi  a2, -1
core   0: 3 0x80004c48 (0x9a7d) x12 0x00000001
core   0: 0x80004c4a (0x00000636) c.slli  a2, 13
core   0: 3 0x80004c4a (0x0636) x12 0x00002000
core   0: 0x80004c4c (0x00008d75) c.and   a0, a3
core   0: 3 0x80004c4c (0x8d75) x10 0x00000000
core   0: 0x80004c4e (0x00d91963) bne     s2, a3, pc + 18
core   0: 3 0x80004c4e (0x00d91963)
core   0: 0x80004c60 (0x03e8a433) mulhsu  s0, a7, t5
core   0: 3 0x80004c60 (0x03e8a433) x8  0xffffffff
core   0: 0x80004c64 (0x03e5afb3) mulhsu  t6, a1, t5
core   0: 3 0x80004c64 (0x03e5afb3) x31 0xffffffff
core   0: 0x80004c68 (0x000012fd) c.addi  t0, -1
core   0: 3 0x80004c68 (0x12fd) x5  0xffffffff
core   0: 0x80004c6a (0x03812b33) mulhsu  s6, sp, s8
core   0: 3 0x80004c6a (0x03812b33) x22 0x00000000
core   0: 0x80004c6e (0x40958033) sub     zero, a1, s1
core   0: 3 0x80004c6e (0x40958033)
core   0: 0x80004c72 (0x013c4cb3) xor     s9, s8, s3
core   0: 3 0x80004c72 (0x013c4cb3) x25 0xe7d6aace
core   0: 0x80004c76 (0x01587133) and     sp, a6, s5
core   0: 3 0x80004c76 (0x01587133) x2  0x0000000b
core   0: 0x80004c7a (0x0341b1b3) mulhu   gp, gp, s4
core   0: 3 0x80004c7a (0x0341b1b3) x3  0x00000000
core   0: 0x80004c7e (0xa692c393) xori    t2, t0, -1431
core   0: 3 0x80004c7e (0xa692c393) x7  0x00000596
core   0: 0x80004c82 (0x000087d6) c.mv    a5, s5
core   0: 3 0x80004c82 (0x87d6) x15 0x0000000b
core   0: 0x80004c84 (0x022cdab3) divu    s5, s9, sp
core   0: 3 0x80004c84 (0x022cdab3) x21 0x151383e4
core   0: 0x80004c88 (0x417bde33) sra     t3, s7, s7
core   0: 3 0x80004c88 (0x417bde33) x28 0x00048000
core   0: 0x80004c8c (0x00008fd1) c.or    a5, a2
core   0: 3 0x80004c8c (0x8fd1) x15 0x0000200b
core   0: 0x80004c8e (0x00008d3d) c.xor   a0, a5
core   0: 3 0x80004c8e (0x8d3d) x10 0x0000200b
core   0: 0x80004c90 (0xd597f037) lui     zero, 0xd597f
core   0: 3 0x80004c90 (0xd597f037)
core   0: 0x80004c94 (0x039a73b3) remu    t2, s4, s9
core   0: 3 0x80004c94 (0x039a73b3) x7  0x0000037e
core   0: 0x80004c98 (0x00008921) c.andi  a0, 8
core   0: 3 0x80004c98 (0x8921) x10 0x00000008
core   0: 0x80004c9a (0x01bd9633) sll     a2, s11, s11
core   0: 3 0x80004c9a (0x01bd9633) x12 0x00000000
core   0: 0x80004c9e (0x01af6b63) bltu    t5, s10, pc + 22
core   0: 3 0x80004c9e (0x01af6b63)
core   0: 0x80004cb4 (0x00df6233) or      tp, t5, a3
core   0: 3 0x80004cb4 (0x00df6233) x4  0x00000019
core   0: 0x80004cb8 (0x411a0933) sub     s2, s4, a7
core   0: 3 0x80004cb8 (0x411a0933) x18 0x7ffd669a
core   0: 0x80004cbc (0x03065133) divu    sp, a2, a6
core   0: 3 0x80004cbc (0x03065133) x2  0x00000000
core   0: 0x80004cc0 (0x434b8313) addi    t1, s7, 1076
core   0: 3 0x80004cc0 (0x434b8313) x6  0x00048434
core   0: 0x80004cc4 (0x035ef033) remu    zero, t4, s5
core   0: 3 0x80004cc4 (0x035ef033)
core   0: 0x80004cc8 (0x00000001) c.nop
core   0: 3 0x80004cc8 (0x0001)
core   0: 0x80004cca (0x004ee233) or      tp, t4, tp
core   0: 3 0x80004cca (0x004ee233) x4  0x00000019
core   0: 0x80004cce (0x00001410) c.addi4spn a2, sp, 544
core   0: 3 0x80004cce (0x1410) x12 0x00000220
core   0: 0x80004cd0 (0x00008445) c.srai  s0, 17
core   0: 3 0x80004cd0 (0x8445) x8  0xffffffff
core   0: 0x80004cd2 (0x02a99463) bne     s3, a0, pc + 40
core   0: 3 0x80004cd2 (0x02a99463)
core   0: 0x80004cfa (0x003f3db3) sltu    s11, t5, gp
core   0: 3 0x80004cfa (0x003f3db3) x27 0x00000000
core   0: 0x80004cfe (0xfce2a093) slti    ra, t0, -50
core   0: 3 0x80004cfe (0xfce2a093) x1  0x00000000
core   0: 0x80004d02 (0x00000001) c.nop
core   0: 3 0x80004d02 (0x0001)
core   0: 0x80004d04 (0x0318fb63) bgeu    a7, a7, pc + 54
core   0: 3 0x80004d04 (0x0318fb63)
core   0: 0x80004d3a (0xdb0a6f13) ori     t5, s4, -592
core   0: 3 0x80004d3a (0xdb0a6f13) x30 0xfffffffe
core   0: 0x80004d3e (0x00008115) c.srli  a0, 5
core   0: 3 0x80004d3e (0x8115) x10 0x00000000
core   0: 0x80004d40 (0xd65a3993) sltiu   s3, s4, -667
core   0: 3 0x80004d40 (0xd65a3993) x19 0x00000001
core   0: 0x80004d44 (0x01199ab3) sll     s5, s3, a7
core   0: 3 0x80004d44 (0x01199ab3) x21 0x00000010
core   0: 0x80004d48 (0x014387b3) add     a5, t2, s4
core   0: 3 0x80004d48 (0x014387b3) x15 0x000006fc
core   0: 0x80004d4c (0x00ecdcb3) srl     s9, s9, a4
core   0: 3 0x80004d4c (0x00ecdcb3) x25 0x000073eb
core   0: 0x80004d50 (0xf82e3d37) lui     s10, 0xf82e3
core   0: 3 0x80004d50 (0xf82e3d37) x26 0xf82e3000
core   0: 0x80004d54 (0x2203f917) auipc   s2, 0x2203f
core   0: 3 0x80004d54 (0x2203f917) x18 0xa2043d54
core   0: 0x80004d58 (0x02b79163) bne     a5, a1, pc + 34
core   0: 3 0x80004d58 (0x02b79163)
core   0: 0x80004d7a (0x03e58fb3) mul     t6, a1, t5
core   0: 3 0x80004d7a (0x03e58fb3) x31 0xfffb4338
core   0: 0x80004d7e (0xfee8f037) lui     zero, 0xfee8f
core   0: 3 0x80004d7e (0xfee8f037)
core   0: 0x80004d82 (0x66432713) slti    a4, t1, 1636
core   0: 3 0x80004d82 (0x66432713) x14 0x00000000
core   0: 0x80004d86 (0x03edeab3) rem     s5, s11, t5
core   0: 3 0x80004d86 (0x03edeab3) x21 0x00000000
core   0: 0x80004d8a (0x00008c69) c.and   s0, a0
core   0: 3 0x80004d8a (0x8c69) x8  0x00000000
core   0: 0x80004d8c (0x00008505) c.srai  a0, 1
core   0: 3 0x80004d8c (0x8505) x10 0x00000000
core   0: 0x80004d8e (0x03c966b3) rem     a3, s2, t3
core   0: 3 0x80004d8e (0x03c966b3) x13 0xfffd3d54
core   0: 0x80004d92 (0x0000ce81) c.beqz  a3, pc + 24
core   0: 3 0x80004d92 (0xce81)
core   0: 0x80004d94 (0x67d5ec93) ori     s9, a1, 1661
core   0: 3 0x80004d94 (0x67d5ec93) x25 0x80025e7d
core   0: 0x80004d98 (0x0168d533) srl     a0, a7, s6
core   0: 3 0x80004d98 (0x0168d533) x10 0x80029ce4
core   0: 0x80004d9c (0x02319763) bne     gp, gp, pc + 46
core   0: 3 0x80004d9c (0x02319763)
core   0: 0x80004da0 (0x02a73233) mulhu   tp, a4, a0
core   0: 3 0x80004da0 (0x02a73233) x4  0x00000000
core   0: 0x80004da4 (0x00000001) c.nop
core   0: 3 0x80004da4 (0x0001)
core   0: 0x80004da6 (0x037af4b3) remu    s1, s5, s7
core   0: 3 0x80004da6 (0x037af4b3) x9  0x00000000
core   0: 0x80004daa (0x004b5f33) srl     t5, s6, tp
core   0: 3 0x80004daa (0x004b5f33) x30 0x00000000
core   0: 0x80004dae (0x021a3c33) mulhu   s8, s4, ra
core   0: 3 0x80004dae (0x021a3c33) x24 0x00000000
core   0: 0x80004db2 (0x03899763) bne     s3, s8, pc + 46
core   0: 3 0x80004db2 (0x03899763)
core   0: 0x80004de0 (0x00008fe1) c.and   a5, s0
core   0: 3 0x80004de0 (0x8fe1) x15 0x00000000
core   0: 0x80004de2 (0x00000001) c.nop
core   0: 3 0x80004de2 (0x0001)
core   0: 0x80004de4 (0x01955033) srl     zero, a0, s9
core   0: 3 0x80004de4 (0x01955033)
core   0: 0x80004de8 (0x00009bfd) c.andi  a5, -1
core   0: 3 0x80004de8 (0x9bfd) x15 0x00000000
core   0: 0x80004dea (0x00004d69) c.li    s10, 26
core   0: 3 0x80004dea (0x4d69) x26 0x0000001a
core   0: 0x80004dec (0x01ee81b3) add     gp, t4, t5
core   0: 3 0x80004dec (0x01ee81b3) x3  0x00000000
core   0: 0x80004df0 (0x004a8f33) add     t5, s5, tp
core   0: 3 0x80004df0 (0x004a8f33) x30 0x00000000
core   0: 0x80004df4 (0x00953eb3) sltu    t4, a0, s1
core   0: 3 0x80004df4 (0x00953eb3) x29 0x00000000
core   0: 0x80004df8 (0x00847cb3) and     s9, s0, s0
core   0: 3 0x80004df8 (0x00847cb3) x25 0x00000000
core   0: 0x80004dfc (0x0000867d) c.srai  a2, 31
core   0: 3 0x80004dfc (0x867d) x12 0x00000000
core   0: 0x80004dfe (0x00008a8a) c.mv    s5, sp
core   0: 3 0x80004dfe (0x8a8a) x21 0x00000000
core   0: 0x80004e00 (0x00006151) c.addi16sp sp, 272
core   0: 3 0x80004e00 (0x6151) x2  0x00000110
core   0: 0x80004e02 (0x00008529) c.srai  a0, 10
core   0: 3 0x80004e02 (0x8529) x10 0xffe000a7
core   0: 0x80004e04 (0x03750b63) beq     a0, s7, pc + 54
core   0: 3 0x80004e04 (0x03750b63)
core   0: 0x80004e08 (0x0000717d) c.addi16sp sp, -16
core   0: 3 0x80004e08 (0x717d) x2  0x00000100
core   0: 0x80004e0a (0x56a87393) andi    t2, a6, 1386
core   0: 3 0x80004e0a (0x56a87393) x7  0x0000016a
core   0: 0x80004e0e (0xb2b32e93) slti    t4, t1, -1237
core   0: 3 0x80004e0e (0xb2b32e93) x29 0x00000000
core   0: 0x80004e12 (0x00001a7d) c.addi  s4, -1
core   0: 3 0x80004e12 (0x1a7d) x20 0x0000037d
core   0: 0x80004e14 (0x00008f19) c.sub   a4, a4
core   0: 3 0x80004e14 (0x8f19) x14 0x00000000
core   0: 0x80004e16 (0x03cf4733) div     a4, t5, t3
core   0: 3 0x80004e16 (0x03cf4733) x14 0x00000000
core   0: 0x80004e1a (0x0000e219) c.bnez  a2, pc + 6
core   0: 3 0x80004e1a (0xe219)
core   0: 0x80004e1c (0x0000197d) c.addi  s2, -1
core   0: 3 0x80004e1c (0x197d) x18 0xa2043d53
core   0: 0x80004e1e (0x000003aa) c.slli  t2, 10
core   0: 3 0x80004e1e (0x03aa) x7  0x0005a800
core   0: 0x80004e20 (0xc7fe3237) lui     tp, 0xc7fe3
core   0: 3 0x80004e20 (0xc7fe3237) x4  0xc7fe3000
core   0: 0x80004e24 (0x02a3ffb3) remu    t6, t2, a0
core   0: 3 0x80004e24 (0x02a3ffb3) x31 0x0005a800
core   0: 0x80004e28 (0x038230b3) mulhu   ra, tp, s8
core   0: 3 0x80004e28 (0x038230b3) x1  0x00000000
core   0: 0x80004e2c (0x35cd0e93) addi    t4, s10, 860
core   0: 3 0x80004e2c (0x35cd0e93) x29 0x00000376
core   0: 0x80004e30 (0x00000001) c.nop
core   0: 3 0x80004e30 (0x0001)
core   0: 0x80004e32 (0x00001c7d) c.addi  s8, -1
core   0: 3 0x80004e32 (0x1c7d) x24 0xffffffff
core   0: 0x80004e34 (0x0121ea63) bltu    gp, s2, pc + 20
core   0: 3 0x80004e34 (0x0121ea63)
core   0: 0x80004e48 (0x01db0233) add     tp, s6, t4
core   0: 3 0x80004e48 (0x01db0233) x4  0x00000376
core   0: 0x80004e4c (0x00008c71) c.and   s0, a2
core   0: 3 0x80004e4c (0x8c71) x8  0x00000000
core   0: 0x80004e4e (0x03f600b3) mul     ra, a2, t6
core   0: 3 0x80004e4e (0x03f600b3) x1  0x00000000
core   0: 0x80004e52 (0x40d582b3) sub     t0, a1, a3
core   0: 3 0x80004e52 (0x40d582b3) x5  0x80052110
core   0: 0x80004e56 (0x01ce5113) srli    sp, t3, 28
core   0: 3 0x80004e56 (0x01ce5113) x2  0x00000000
core   0: 0x80004e5a (0x00008215) c.srli  a2, 5
core   0: 3 0x80004e5a (0x8215) x12 0x00000000
core   0: 0x80004e5c (0xcf5fa613) slti    a2, t6, -779
core   0: 3 0x80004e5c (0xcf5fa613) x12 0x00000000
core   0: 0x80004e60 (0xc618a793) slti    a5, a7, -927
core   0: 3 0x80004e60 (0xc618a793) x15 0x00000001
core   0: 0x80004e64 (0x37033793) sltiu   a5, t1, 880
core   0: 3 0x80004e64 (0x37033793) x15 0x00000000
core   0: 0x80004e68 (0x00008e31) c.xor   a2, a2
core   0: 3 0x80004e68 (0x8e31) x12 0x00000000
core   0: 0x80004e6a (0x00e48cb3) add     s9, s1, a4
core   0: 3 0x80004e6a (0x00e48cb3) x25 0x00000000
core   0: 0x80004e6e (0x00006165) c.addi16sp sp, 112
core   0: 3 0x80004e6e (0x6165) x2  0x00000070
core   0: 0x80004e70 (0x00ea24b3) slt     s1, s4, a4
core   0: 3 0x80004e70 (0x00ea24b3) x9  0x00000000
core   0: 0x80004e74 (0x03992533) mulhsu  a0, s2, s9
core   0: 3 0x80004e74 (0x03992533) x10 0x00000000
core   0: 0x80004e78 (0x04389263) bne     a7, gp, pc + 68
core   0: 3 0x80004e78 (0x04389263)
core   0: 0x80004ebc (0x90dd4d93) xori    s11, s10, -1779
core   0: 3 0x80004ebc (0x90dd4d93) x27 0xfffff917
core   0: 0x80004ec0 (0x0000c039) c.beqz  s0, pc + 70
core   0: 3 0x80004ec0 (0xc039)
core   0: 0x80004f06 (0x019bc963) blt     s7, s9, pc + 18
core   0: 3 0x80004f06 (0x019bc963)
core   0: 0x80004f0a (0x01aea233) slt     tp, t4, s10
core   0: 3 0x80004f0a (0x01aea233) x4  0x00000000
core   0: 0x80004f0e (0x000051fd) c.li    gp, -1
core   0: 3 0x80004f0e (0x51fd) x3  0xffffffff
core   0: 0x80004f10 (0x8b9701b7) lui     gp, 0x8b970
core   0: 3 0x80004f10 (0x8b9701b7) x3  0x8b970000
core   0: 0x80004f14 (0x011d0fb3) add     t6, s10, a7
core   0: 3 0x80004f14 (0x011d0fb3) x31 0x80029cfe
core   0: 0x80004f18 (0x003c54b3) srl     s1, s8, gp
core   0: 3 0x80004f18 (0x003c54b3) x9  0xffffffff
core   0: 0x80004f1c (0x40bb5513) srai    a0, s6, 11
core   0: 3 0x80004f1c (0x40bb5513) x10 0x00000000
core   0: 0x80004f20 (0x4037d4b3) sra     s1, a5, gp
core   0: 3 0x80004f20 (0x4037d4b3) x9  0x00000000
core   0: 0x80004f24 (0x01671793) slli    a5, a4, 22
core   0: 3 0x80004f24 (0x01671793) x15 0x00000000
core   0: 0x80004f28 (0x01386b33) or      s6, a6, s3
core   0: 3 0x80004f28 (0x01386b33) x22 0x77ef29ff
core   0: 0x80004f2c (0x00f52a33) slt     s4, a0, a5
core   0: 3 0x80004f2c (0x00f52a33) x20 0x00000000
core   0: 0x80004f30 (0x000086c2) c.mv    a3, a6
core   0: 3 0x80004f30 (0x86c2) x13 0x77ef29ff
core   0: 0x80004f32 (0x03b866b3) rem     a3, a6, s11
core   0: 3 0x80004f32 (0x03b866b3) x13 0x00000466
core   0: 0x80004f36 (0x00000f5a) c.slli  t5, 22
core   0: 3 0x80004f36 (0x0f5a) x30 0x00000000
core   0: 0x80004f38 (0x023be6b3) rem     a3, s7, gp
core   0: 3 0x80004f38 (0x023be6b3) x13 0x00048000
core   0: 0x80004f3c (0x000083e9) c.srli  a5, 26
core   0: 3 0x80004f3c (0x83e9) x15 0x00000000
core   0: 0x80004f3e (0x0056d763) bge     a3, t0, pc + 14
core   0: 3 0x80004f3e (0x0056d763)
core   0: 0x80004f4c (0x00597363) bgeu    s2, t0, pc + 6
core   0: 3 0x80004f4c (0x00597363)
core   0: 0x80004f52 (0x036ff2b3) remu    t0, t6, s6
core   0: 3 0x80004f52 (0x036ff2b3) x5  0x081372ff
core   0: 0x80004f56 (0x0127bd33) sltu    s10, a5, s2
core   0: 3 0x80004f56 (0x0127bd33) x26 0x00000001
core   0: 0x80004f5a (0xfb45b013) sltiu   zero, a1, -76
core   0: 3 0x80004f5a (0xfb45b013)
core   0: 0x80004f5e (0x03ff9663) bne     t6, t6, pc + 44
core   0: 3 0x80004f5e (0x03ff9663)
core   0: 0x80004f62 (0x021bd233) divu    tp, s7, ra
core   0: 3 0x80004f62 (0x021bd233) x4  0xffffffff
core   0: 0x80004f66 (0x00991693) slli    a3, s2, 9
core   0: 3 0x80004f66 (0x00991693) x13 0x087aa600
core   0: 0x80004f6a (0x00008105) c.srli  a0, 1
core   0: 3 0x80004f6a (0x8105) x10 0x00000000
core   0: 0x80004f6c (0x0000807d) c.srli  s0, 31
core   0: 3 0x80004f6c (0x807d) x8  0x00000000
core   0: 0x80004f6e (0x02cf9933) mulh    s2, t6, a2
core   0: 3 0x80004f6e (0x02cf9933) x18 0x00000000
core   0: 0x80004f72 (0x40a45933) sra     s2, s0, a0
core   0: 3 0x80004f72 (0x40a45933) x18 0x00000000
core   0: 0x80004f76 (0x037f9eb3) mulh    t4, t6, s7
core   0: 3 0x80004f76 (0x037f9eb3) x29 0xfffdc00b
core   0: 0x80004f7a (0x230c7113) andi    sp, s8, 560
core   0: 3 0x80004f7a (0x230c7113) x2  0x00000230
core   0: 0x80004f7e (0x03316d33) rem     s10, sp, s3
core   0: 3 0x80004f7e (0x03316d33) x26 0x00000000
core   0: 0x80004f82 (0xc4184f13) xori    t5, a6, -959
core   0: 3 0x80004f82 (0xc4184f13) x30 0x8810d5be
core   0: 0x80004f86 (0x010f6663) bltu    t5, a6, pc + 12
core   0: 3 0x80004f86 (0x010f6663)
core   0: 0x80004f8a (0xc0e34113) xori    sp, t1, -1010
core   0: 3 0x80004f8a (0xc0e34113) x2  0xfffb783a
core   0: 0x80004f8e (0x0124bab3) sltu    s5, s1, s2
core   0: 3 0x80004f8e (0x0124bab3) x21 0x00000000
core   0: 0x80004f92 (0x00465b63) bge     a2, tp, pc + 22
core   0: 3 0x80004f92 (0x00465b63)
core   0: 0x80004fa8 (0x0000557d) c.li    a0, -1
core   0: 3 0x80004fa8 (0x557d) x10 0xffffffff
core   0: 0x80004faa (0x00008d25) c.xor   a0, s1
core   0: 3 0x80004faa (0x8d25) x10 0xffffffff
core   0: 0x80004fac (0x01f53d33) sltu    s10, a0, t6
core   0: 3 0x80004fac (0x01f53d33) x26 0x00000000
core   0: 0x80004fb0 (0xacc03d93) sltiu   s11, zero, -1332
core   0: 3 0x80004fb0 (0xacc03d93) x27 0x00000001
core   0: 0x80004fb4 (0x6f158993) addi    s3, a1, 1777
core   0: 3 0x80004fb4 (0x6f158993) x19 0x80026555
core   0: 0x80004fb8 (0x7a88c113) xori    sp, a7, 1960
core   0: 3 0x80004fb8 (0x7a88c113) x2  0x80029b4c
core   0: 0x80004fbc (0x00000001) c.nop
core   0: 3 0x80004fbc (0x0001)
core   0: 0x80004fbe (0x405ddf33) sra     t5, s11, t0
core   0: 3 0x80004fbe (0x405ddf33) x30 0x00000000
core   0: 0x80004fc2 (0x0216fb33) remu    s6, a3, ra
core   0: 3 0x80004fc2 (0x0216fb33) x22 0x087aa600
core   0: 0x80004fc6 (0xed0bc013) xori    zero, s7, -304
core   0: 3 0x80004fc6 (0xed0bc013)
core   0: 0x80004fca (0x001317b3) sll     a5, t1, ra
core   0: 3 0x80004fca (0x001317b3) x15 0x00048434
core   0: 0x80004fce (0x3dfa6613) ori     a2, s4, 991
core   0: 3 0x80004fce (0x3dfa6613) x12 0x000003df
core   0: 0x80004fd2 (0x0090c6b3) xor     a3, ra, s1
core   0: 3 0x80004fd2 (0x0090c6b3) x13 0x00000000
core   0: 0x80004fd6 (0x00008d6d) c.and   a0, a1
core   0: 3 0x80004fd6 (0x8d6d) x10 0x80025e64
core   0: 0x80004fd8 (0x001ef9b3) and     s3, t4, ra
core   0: 3 0x80004fd8 (0x001ef9b3) x19 0x00000000
core   0: 0x80004fdc (0x000087a5) c.srai  a5, 9
core   0: 3 0x80004fdc (0x87a5) x15 0x00000242
core   0: 0x80004fde (0x00000576) c.slli  a0, 29
core   0: 3 0x80004fde (0x0576) x10 0x80000000
core   0: 0x80004fe0 (0x021b9163) bne     s7, ra, pc + 34
core   0: 3 0x80004fe0 (0x021b9163)
core   0: 0x80005002 (0x180b6b93) ori     s7, s6, 384
core   0: 3 0x80005002 (0x180b6b93) x23 0x087aa780
core   0: 0x80005006 (0x010fb6b3) sltu    a3, t6, a6
core   0: 3 0x80005006 (0x010fb6b3) x13 0x00000000
core   0: 0x8000500a (0x03ebc533) div     a0, s7, t5
core   0: 3 0x8000500a (0x03ebc533) x10 0xffffffff
core   0: 0x8000500e (0x000066bd) c.lui   a3, 0xf
core   0: 3 0x8000500e (0x66bd) x13 0x0000f000
core   0: 0x80005010 (0x025fba33) mulhu   s4, t6, t0
core   0: 3 0x80005010 (0x025fba33) x20 0x0409ce9a
core   0: 0x80005014 (0x58a66713) ori     a4, a2, 1418
core   0: 3 0x80005014 (0x58a66713) x14 0x000007df
core   0: 0x80005018 (0x013bdd63) bge     s7, s3, pc + 26
core   0: 3 0x80005018 (0x013bdd63)
core   0: 0x80005032 (0x41d981b3) sub     gp, s3, t4
core   0: 3 0x80005032 (0x41d981b3) x3  0x00023ff5
core   0: 0x80005036 (0x00000817) auipc   a6, 0x0
core   0: 3 0x80005036 (0x00000817) x16 0x80005036
core   0: 0x8000503a (0x00c80813) addi    a6, a6, 12
core   0: 3 0x8000503a (0x00c80813) x16 0x80005042
core   0: 0x8000503e (0x00080067) jr      a6
core   0: 3 0x8000503e (0x00080067)
core   0: 0x80005042 (0x00004185) c.li    gp, 1
core   0: 3 0x80005042 (0x4185) x3  0x00000001
core   0: 0x80005044 (0x00000073) ecall
core   0: exception trap_machine_ecall, epc 0x80005044
core   0: >>>>  mtvec_handler
core   0: 0x8000a84c (0x000018f1) c.addi  a7, -4
core   0: 3 0x8000a84c (0x18f1) x17 0x80029ce0
core   0: 0x8000a84e (0x00b8a023) sw      a1, 0(a7)
core   0: 3 0x8000a84e (0x00b8a023) mem 0x80029ce0 0x80025e64
core   0: 0x8000a852 (0x000885b3) add     a1, a7, zero
core   0: 3 0x8000a852 (0x000885b3) x11 0x80029ce0
core   0: 0x8000a856 (0xf8058593) addi    a1, a1, -128
core   0: 3 0x8000a856 (0xf8058593) x11 0x80029c60
core   0: 0x8000a85a (0x0015a223) sw      ra, 4(a1)
core   0: 3 0x8000a85a (0x0015a223) mem 0x80029c64 0x00000000
core   0: 0x8000a85e (0x0025a423) sw      sp, 8(a1)
core   0: 3 0x8000a85e (0x0025a423) mem 0x80029c68 0x80029b4c
core   0: 0x8000a862 (0x0035a623) sw      gp, 12(a1)
core   0: 3 0x8000a862 (0x0035a623) mem 0x80029c6c 0x00000001
core   0: 0x8000a866 (0x0045a823) sw      tp, 16(a1)
core   0: 3 0x8000a866 (0x0045a823) mem 0x80029c70 0xffffffff
core   0: 0x8000a86a (0x0055aa23) sw      t0, 20(a1)
core   0: 3 0x8000a86a (0x0055aa23) mem 0x80029c74 0x081372ff
core   0: 0x8000a86e (0x0065ac23) sw      t1, 24(a1)
core   0: 3 0x8000a86e (0x0065ac23) mem 0x80029c78 0x00048434
core   0: 0x8000a872 (0x0075ae23) sw      t2, 28(a1)
core   0: 3 0x8000a872 (0x0075ae23) mem 0x80029c7c 0x0005a800
core   0: 0x8000a876 (0x0000d180) c.sw    s0, 32(a1)
core   0: 3 0x8000a876 (0xd180) mem 0x80029c80 0x00000000
core   0: 0x8000a878 (0x0000d1c4) c.sw    s1, 36(a1)
core   0: 3 0x8000a878 (0xd1c4) mem 0x80029c84 0x00000000
core   0: 0x8000a87a (0x0000d588) c.sw    a0, 40(a1)
core   0: 3 0x8000a87a (0xd588) mem 0x80029c88 0xffffffff
core   0: 0x8000a87c (0x0000d5cc) c.sw    a1, 44(a1)
core   0: 3 0x8000a87c (0xd5cc) mem 0x80029c8c 0x80029c60
core   0: 0x8000a87e (0x0000d990) c.sw    a2, 48(a1)
core   0: 3 0x8000a87e (0xd990) mem 0x80029c90 0x000003df
core   0: 0x8000a880 (0x0000d9d4) c.sw    a3, 52(a1)
core   0: 3 0x8000a880 (0xd9d4) mem 0x80029c94 0x0000f000
core   0: 0x8000a882 (0x0000dd98) c.sw    a4, 56(a1)
core   0: 3 0x8000a882 (0xdd98) mem 0x80029c98 0x000007df
core   0: 0x8000a884 (0x0000dddc) c.sw    a5, 60(a1)
core   0: 3 0x8000a884 (0xdddc) mem 0x80029c9c 0x00000242
core   0: 0x8000a886 (0x0505a023) sw      a6, 64(a1)
core   0: 3 0x8000a886 (0x0505a023) mem 0x80029ca0 0x80005042
core   0: 0x8000a88a (0x0515a223) sw      a7, 68(a1)
core   0: 3 0x8000a88a (0x0515a223) mem 0x80029ca4 0x80029ce0
core   0: 0x8000a88e (0x0525a423) sw      s2, 72(a1)
core   0: 3 0x8000a88e (0x0525a423) mem 0x80029ca8 0x00000000
core   0: 0x8000a892 (0x0535a623) sw      s3, 76(a1)
core   0: 3 0x8000a892 (0x0535a623) mem 0x80029cac 0x00000000
core   0: 0x8000a896 (0x0545a823) sw      s4, 80(a1)
core   0: 3 0x8000a896 (0x0545a823) mem 0x80029cb0 0x0409ce9a
core   0: 0x8000a89a (0x0555aa23) sw      s5, 84(a1)
core   0: 3 0x8000a89a (0x0555aa23) mem 0x80029cb4 0x00000000
core   0: 0x8000a89e (0x0565ac23) sw      s6, 88(a1)
core   0: 3 0x8000a89e (0x0565ac23) mem 0x80029cb8 0x087aa600
core   0: 0x8000a8a2 (0x0575ae23) sw      s7, 92(a1)
core   0: 3 0x8000a8a2 (0x0575ae23) mem 0x80029cbc 0x087aa780
core   0: 0x8000a8a6 (0x0785a023) sw      s8, 96(a1)
core   0: 3 0x8000a8a6 (0x0785a023) mem 0x80029cc0 0xffffffff
core   0: 0x8000a8aa (0x0795a223) sw      s9, 100(a1)
core   0: 3 0x8000a8aa (0x0795a223) mem 0x80029cc4 0x00000000
core   0: 0x8000a8ae (0x07a5a423) sw      s10, 104(a1)
core   0: 3 0x8000a8ae (0x07a5a423) mem 0x80029cc8 0x00000000
core   0: 0x8000a8b2 (0x07b5a623) sw      s11, 108(a1)
core   0: 3 0x8000a8b2 (0x07b5a623) mem 0x80029ccc 0x00000001
core   0: 0x8000a8b6 (0x07c5a823) sw      t3, 112(a1)
core   0: 3 0x8000a8b6 (0x07c5a823) mem 0x80029cd0 0x00048000
core   0: 0x8000a8ba (0x07d5aa23) sw      t4, 116(a1)
core   0: 3 0x8000a8ba (0x07d5aa23) mem 0x80029cd4 0xfffdc00b
core   0: 0x8000a8be (0x07e5ac23) sw      t5, 120(a1)
core   0: 3 0x8000a8be (0x07e5ac23) mem 0x80029cd8 0x00000000
core   0: 0x8000a8c2 (0x07f5ae23) sw      t6, 124(a1)
core   0: 3 0x8000a8c2 (0x07f5ae23) mem 0x80029cdc 0x80029cfe
core   0: 0x8000a8c6 (0x000588b3) add     a7, a1, zero
core   0: 3 0x8000a8c6 (0x000588b3) x17 0x80029c60
core   0: 0x8000a8ca (0x30002973) csrr    s2, mstatus
core   0: 3 0x8000a8ca (0x30002973) x18 0x00001800
core   0: 0x8000a8ce (0x34202973) csrr    s2, mcause
core   0: 3 0x8000a8ce (0x34202973) x18 0x0000000b
core   0: 0x8000a8d2 (0x01f95913) srli    s2, s2, 31
core   0: 3 0x8000a8d2 (0x01f95913) x18 0x00000000
core   0: 0x8000a8d6 (0x38091963) bnez    s2, pc + 914
core   0: 3 0x8000a8d6 (0x38091963)
core   0: 0x8000a8da (0x34102973) csrr    s2, mepc
core   0: 3 0x8000a8da (0x34102973) x18 0x80005044
core   0: 0x8000a8de (0x34202973) csrr    s2, mcause
core   0: 3 0x8000a8de (0x34202973) x18 0x0000000b
core   0: 0x8000a8e2 (0x00004f0d) c.li    t5, 3
core   0: 3 0x8000a8e2 (0x4f0d) x30 0x00000003
core   0: 0x8000a8e4 (0x27e90563) beq     s2, t5, pc + 618
core   0: 3 0x8000a8e4 (0x27e90563)
core   0: 0x8000a8e8 (0x00004f21) c.li    t5, 8
core   0: 3 0x8000a8e8 (0x4f21) x30 0x00000008
core   0: 0x8000a8ea (0x05e90563) beq     s2, t5, pc + 74
core   0: 3 0x8000a8ea (0x05e90563)
core   0: 0x8000a8ee (0x00004f25) c.li    t5, 9
core   0: 3 0x8000a8ee (0x4f25) x30 0x00000009
core   0: 0x8000a8f0 (0x05e90263) beq     s2, t5, pc + 68
core   0: 3 0x8000a8f0 (0x05e90263)
core   0: 0x8000a8f4 (0x00004f2d) c.li    t5, 11
core   0: 3 0x8000a8f4 (0x4f2d) x30 0x0000000b
core   0: 0x8000a8f6 (0x03e90f63) beq     s2, t5, pc + 62
core   0: 3 0x8000a8f6 (0x03e90f63)
core   0: 0x8000a934 (0xffff5917) auipc   s2, 0xffff5
core   0: 3 0x8000a934 (0xffff5917) x18 0x7ffff934
core   0: 0x8000a938 (0x6cc90913) addi    s2, s2, 1740
core   0: 3 0x8000a938 (0x6cc90913) x18 0x80000000
core   0: 0x8000a93c (0x00092023) sw      zero, 0(s2)
core   0: 3 0x8000a93c (0x00092023) mem 0x80000000 0x00000000
core   0: 0x8000a940 (0x00192223) sw      ra, 4(s2)
core   0: 3 0x8000a940 (0x00192223) mem 0x80000004 0x00000000
core   0: 0x8000a944 (0x00292423) sw      sp, 8(s2)
core   0: 3 0x8000a944 (0x00292423) mem 0x80000008 0x80029b4c
core   0: 0x8000a948 (0x00392623) sw      gp, 12(s2)
core   0: 3 0x8000a948 (0x00392623) mem 0x8000000c 0x00000001
core   0: 0x8000a94c (0x00492823) sw      tp, 16(s2)
core   0: 3 0x8000a94c (0x00492823) mem 0x80000010 0xffffffff
core   0: 0x8000a950 (0x00592a23) sw      t0, 20(s2)
core   0: 3 0x8000a950 (0x00592a23) mem 0x80000014 0x081372ff
core   0: 0x8000a954 (0x00692c23) sw      t1, 24(s2)
core   0: 3 0x8000a954 (0x00692c23) mem 0x80000018 0x00048434
core   0: 0x8000a958 (0x00792e23) sw      t2, 28(s2)
core   0: 3 0x8000a958 (0x00792e23) mem 0x8000001c 0x0005a800
core   0: 0x8000a95c (0x02892023) sw      s0, 32(s2)
core   0: 3 0x8000a95c (0x02892023) mem 0x80000020 0x00000000
core   0: 0x8000a960 (0x02992223) sw      s1, 36(s2)
core   0: 3 0x8000a960 (0x02992223) mem 0x80000024 0x00000000
core   0: 0x8000a964 (0x02a92423) sw      a0, 40(s2)
core   0: 3 0x8000a964 (0x02a92423) mem 0x80000028 0xffffffff
core   0: 0x8000a968 (0x02b92623) sw      a1, 44(s2)
core   0: 3 0x8000a968 (0x02b92623) mem 0x8000002c 0x80029c60
core   0: 0x8000a96c (0x02c92823) sw      a2, 48(s2)
core   0: 3 0x8000a96c (0x02c92823) mem 0x80000030 0x000003df
core   0: 0x8000a970 (0x02d92a23) sw      a3, 52(s2)
core   0: 3 0x8000a970 (0x02d92a23) mem 0x80000034 0x0000f000
core   0: 0x8000a974 (0x02e92c23) sw      a4, 56(s2)
core   0: 3 0x8000a974 (0x02e92c23) mem 0x80000038 0x000007df
core   0: 0x8000a978 (0x02f92e23) sw      a5, 60(s2)
core   0: 3 0x8000a978 (0x02f92e23) mem 0x8000003c 0x00000242
core   0: 0x8000a97c (0x05092023) sw      a6, 64(s2)
core   0: 3 0x8000a97c (0x05092023) mem 0x80000040 0x80005042
core   0: 0x8000a980 (0x05192223) sw      a7, 68(s2)
core   0: 3 0x8000a980 (0x05192223) mem 0x80000044 0x80029c60
core   0: 0x8000a984 (0x05292423) sw      s2, 72(s2)
core   0: 3 0x8000a984 (0x05292423) mem 0x80000048 0x80000000
core   0: 0x8000a988 (0x05392623) sw      s3, 76(s2)
core   0: 3 0x8000a988 (0x05392623) mem 0x8000004c 0x00000000
core   0: 0x8000a98c (0x05492823) sw      s4, 80(s2)
core   0: 3 0x8000a98c (0x05492823) mem 0x80000050 0x0409ce9a
core   0: 0x8000a990 (0x05592a23) sw      s5, 84(s2)
core   0: 3 0x8000a990 (0x05592a23) mem 0x80000054 0x00000000
core   0: 0x8000a994 (0x05692c23) sw      s6, 88(s2)
core   0: 3 0x8000a994 (0x05692c23) mem 0x80000058 0x087aa600
core   0: 0x8000a998 (0x05792e23) sw      s7, 92(s2)
core   0: 3 0x8000a998 (0x05792e23) mem 0x8000005c 0x087aa780
core   0: 0x8000a99c (0x07892023) sw      s8, 96(s2)
core   0: 3 0x8000a99c (0x07892023) mem 0x80000060 0xffffffff
core   0: 0x8000a9a0 (0x07992223) sw      s9, 100(s2)
core   0: 3 0x8000a9a0 (0x07992223) mem 0x80000064 0x00000000
core   0: 0x8000a9a4 (0x07a92423) sw      s10, 104(s2)
core   0: 3 0x8000a9a4 (0x07a92423) mem 0x80000068 0x00000000
core   0: 0x8000a9a8 (0x07b92623) sw      s11, 108(s2)
core   0: 3 0x8000a9a8 (0x07b92623) mem 0x8000006c 0x00000001
core   0: 0x8000a9ac (0x07c92823) sw      t3, 112(s2)
core   0: 3 0x8000a9ac (0x07c92823) mem 0x80000070 0x00048000
core   0: 0x8000a9b0 (0x07d92a23) sw      t4, 116(s2)
core   0: 3 0x8000a9b0 (0x07d92a23) mem 0x80000074 0xfffdc00b
core   0: 0x8000a9b4 (0x07e92c23) sw      t5, 120(s2)
core   0: 3 0x8000a9b4 (0x07e92c23) mem 0x80000078 0x0000000b
core   0: 0x8000a9b8 (0x07f92e23) sw      t6, 124(s2)
core   0: 3 0x8000a9b8 (0x07f92e23) mem 0x8000007c 0x80029cfe
core   0: 0x8000a9bc (0x00000817) auipc   a6, 0x0
core   0: 3 0x8000a9bc (0x00000817) x16 0x8000a9bc
core   0: 0x8000a9c0 (0xe8480813) addi    a6, a6, -380
core   0: 3 0x8000a9c0 (0xe8480813) x16 0x8000a840
core   0: 0x8000a9c4 (0x00080067) jr      a6
core   0: 3 0x8000a9c4 (0x00080067)
core   0: 0x8000a840 (0x00005f17) auipc   t5, 0x5
core   0: 3 0x8000a840 (0x00005f17) x30 0x8000f840
core   0: 0x8000a844 (0x7c3f2023) sw      gp, 1984(t5)
core   0: 3 0x8000a844 (0x7c3f2023) mem 0x80010000 0x00000001
core   0: 0x8000a848 (0x0000bfe5) c.j     pc - 8
core   0: 3 0x8000a848 (0xbfe5)
core   0: 0x8000a840 (0x00005f17) auipc   t5, 0x5
core   0: 3 0x8000a840 (0x00005f17) x30 0x8000f840
core   0: 0x8000a844 (0x7c3f2023) sw      gp, 1984(t5)
core   0: 3 0x8000a844 (0x7c3f2023) mem 0x80010000 0x00000001
core   0: 0x8000a848 (0x0000bfe5) c.j     pc - 8
core   0: 3 0x8000a848 (0xbfe5)
core   0: 0x8000a840 (0x00005f17) auipc   t5, 0x5
core   0: 3 0x8000a840 (0x00005f17) x30 0x8000f840
core   0: 0x8000a844 (0x7c3f2023) sw      gp, 1984(t5)
core   0: 3 0x8000a844 (0x7c3f2023) mem 0x80010000 0x00000001
core   0: 0x8000a848 (0x0000bfe5) c.j     pc - 8
core   0: 3 0x8000a848 (0xbfe5)
core   0: 0x8000a840 (0x00005f17) auipc   t5, 0x5
core   0: 3 0x8000a840 (0x00005f17) x30 0x8000f840
core   0: 0x8000a844 (0x7c3f2023) sw      gp, 1984(t5)
core   0: 3 0x8000a844 (0x7c3f2023) mem 0x80010000 0x00000001
core   0: 0x8000a848 (0x0000bfe5) c.j     pc - 8
core   0: 3 0x8000a848 (0xbfe5)
core   0: 0x8000a840 (0x00005f17) auipc   t5, 0x5
core   0: 3 0x8000a840 (0x00005f17) x30 0x8000f840
core   0: 0x8000a844 (0x7c3f2023) sw      gp, 1984(t5)
core   0: 3 0x8000a844 (0x7c3f2023) mem 0x80010000 0x00000001
core   0: 0x8000a848 (0x0000bfe5) c.j     pc - 8
core   0: 3 0x8000a848 (0xbfe5)
core   0: 0x8000a840 (0x00005f17) auipc   t5, 0x5
core   0: 3 0x8000a840 (0x00005f17) x30 0x8000f840
core   0: 0x8000a844 (0x7c3f2023) sw      gp, 1984(t5)
core   0: 3 0x8000a844 (0x7c3f2023) mem 0x80010000 0x00000001
core   0: 0x8000a848 (0x0000bfe5) c.j     pc - 8
core   0: 3 0x8000a848 (0xbfe5)
core   0: 0x8000a840 (0x00005f17) auipc   t5, 0x5
core   0: 3 0x8000a840 (0x00005f17) x30 0x8000f840
core   0: 0x8000a844 (0x7c3f2023) sw      gp, 1984(t5)
core   0: 3 0x8000a844 (0x7c3f2023) mem 0x80010000 0x00000001
core   0: 0x8000a848 (0x0000bfe5) c.j     pc - 8
core   0: 3 0x8000a848 (0xbfe5)
core   0: 0x8000a840 (0x00005f17) auipc   t5, 0x5
core   0: 3 0x8000a840 (0x00005f17) x30 0x8000f840
core   0: 0x8000a844 (0x7c3f2023) sw      gp, 1984(t5)
core   0: 3 0x8000a844 (0x7c3f2023) mem 0x80010000 0x00000001
core   0: 0x8000a848 (0x0000bfe5) c.j     pc - 8
core   0: 3 0x8000a848 (0xbfe5)
core   0: 0x8000a840 (0x00005f17) auipc   t5, 0x5
core   0: 3 0x8000a840 (0x00005f17) x30 0x8000f840
core   0: 0x8000a844 (0x7c3f2023) sw      gp, 1984(t5)
core   0: 3 0x8000a844 (0x7c3f2023) mem 0x80010000 0x00000001
core   0: 0x8000a848 (0x0000bfe5) c.j     pc - 8
core   0: 3 0x8000a848 (0xbfe5)
core   0: 0x8000a840 (0x00005f17) auipc   t5, 0x5
core   0: 3 0x8000a840 (0x00005f17) x30 0x8000f840
core   0: 0x8000a844 (0x7c3f2023) sw      gp, 1984(t5)
core   0: 3 0x8000a844 (0x7c3f2023) mem 0x80010000 0x00000001
core   0: 0x8000a848 (0x0000bfe5) c.j     pc - 8
core   0: 3 0x8000a848 (0xbfe5)
core   0: 0x8000a840 (0x00005f17) auipc   t5, 0x5
core   0: 3 0x8000a840 (0x00005f17) x30 0x8000f840
core   0: 0x8000a844 (0x7c3f2023) sw      gp, 1984(t5)
core   0: 3 0x8000a844 (0x7c3f2023) mem 0x80010000 0x00000001
core   0: 0x8000a848 (0x0000bfe5) c.j     pc - 8
core   0: 3 0x8000a848 (0xbfe5)
core   0: 0x8000a840 (0x00005f17) auipc   t5, 0x5
core   0: 3 0x8000a840 (0x00005f17) x30 0x8000f840
core   0: 0x8000a844 (0x7c3f2023) sw      gp, 1984(t5)
core   0: 3 0x8000a844 (0x7c3f2023) mem 0x80010000 0x00000001
core   0: 0x8000a848 (0x0000bfe5) c.j     pc - 8
core   0: 3 0x8000a848 (0xbfe5)
core   0: 0x8000a840 (0x00005f17) auipc   t5, 0x5
core   0: 3 0x8000a840 (0x00005f17) x30 0x8000f840
core   0: 0x8000a844 (0x7c3f2023) sw      gp, 1984(t5)
core   0: 3 0x8000a844 (0x7c3f2023) mem 0x80010000 0x00000001
core   0: 0x8000a848 (0x0000bfe5) c.j     pc - 8
core   0: 3 0x8000a848 (0xbfe5)
core   0: 0x8000a840 (0x00005f17) auipc   t5, 0x5
core   0: 3 0x8000a840 (0x00005f17) x30 0x8000f840
core   0: 0x8000a844 (0x7c3f2023) sw      gp, 1984(t5)
core   0: 3 0x8000a844 (0x7c3f2023) mem 0x80010000 0x00000001
core   0: 0x8000a848 (0x0000bfe5) c.j     pc - 8
core   0: 3 0x8000a848 (0xbfe5)
core   0: 0x8000a840 (0x00005f17) auipc   t5, 0x5
core   0: 3 0x8000a840 (0x00005f17) x30 0x8000f840
core   0: 0x8000a844 (0x7c3f2023) sw      gp, 1984(t5)
core   0: 3 0x8000a844 (0x7c3f2023) mem 0x80010000 0x00000001
core   0: 0x8000a848 (0x0000bfe5) c.j     pc - 8
core   0: 3 0x8000a848 (0xbfe5)
core   0: 0x8000a840 (0x00005f17) auipc   t5, 0x5
core   0: 3 0x8000a840 (0x00005f17) x30 0x8000f840
core   0: 0x8000a844 (0x7c3f2023) sw      gp, 1984(t5)
core   0: 3 0x8000a844 (0x7c3f2023) mem 0x80010000 0x00000001
core   0: 0x8000a848 (0x0000bfe5) c.j     pc - 8
core   0: 3 0x8000a848 (0xbfe5)
core   0: 0x8000a840 (0x00005f17) auipc   t5, 0x5
core   0: 3 0x8000a840 (0x00005f17) x30 0x8000f840
core   0: 0x8000a844 (0x7c3f2023) sw      gp, 1984(t5)
core   0: 3 0x8000a844 (0x7c3f2023) mem 0x80010000 0x00000001
core   0: 0x8000a848 (0x0000bfe5) c.j     pc - 8
core   0: 3 0x8000a848 (0xbfe5)
core   0: 0x8000a840 (0x00005f17) auipc   t5, 0x5
core   0: 3 0x8000a840 (0x00005f17) x30 0x8000f840
core   0: 0x8000a844 (0x7c3f2023) sw      gp, 1984(t5)
core   0: 3 0x8000a844 (0x7c3f2023) mem 0x80010000 0x00000001
core   0: 0x8000a848 (0x0000bfe5) c.j     pc - 8
core   0: 3 0x8000a848 (0xbfe5)
core   0: 0x8000a840 (0x00005f17) auipc   t5, 0x5
core   0: 3 0x8000a840 (0x00005f17) x30 0x8000f840
core   0: 0x8000a844 (0x7c3f2023) sw      gp, 1984(t5)
core   0: 3 0x8000a844 (0x7c3f2023) mem 0x80010000 0x00000001
core   0: 0x8000a848 (0x0000bfe5) c.j     pc - 8
core   0: 3 0x8000a848 (0xbfe5)
core   0: 0x8000a840 (0x00005f17) auipc   t5, 0x5
core   0: 3 0x8000a840 (0x00005f17) x30 0x8000f840
core   0: 0x8000a844 (0x7c3f2023) sw      gp, 1984(t5)
core   0: 3 0x8000a844 (0x7c3f2023) mem 0x80010000 0x00000001
core   0: 0x8000a848 (0x0000bfe5) c.j     pc - 8
core   0: 3 0x8000a848 (0xbfe5)
core   0: 0x8000a840 (0x00005f17) auipc   t5, 0x5
core   0: 3 0x8000a840 (0x00005f17) x30 0x8000f840
core   0: 0x8000a844 (0x7c3f2023) sw      gp, 1984(t5)
core   0: 3 0x8000a844 (0x7c3f2023) mem 0x80010000 0x00000001
core   0: 0x8000a848 (0x0000bfe5) c.j     pc - 8
core   0: 3 0x8000a848 (0xbfe5)
core   0: 0x8000a840 (0x00005f17) auipc   t5, 0x5
core   0: 3 0x8000a840 (0x00005f17) x30 0x8000f840
core   0: 0x8000a844 (0x7c3f2023) sw      gp, 1984(t5)
core   0: 3 0x8000a844 (0x7c3f2023) mem 0x80010000 0x00000001
core   0: 0x8000a848 (0x0000bfe5) c.j     pc - 8
core   0: 3 0x8000a848 (0xbfe5)
core   0: 0x8000a840 (0x00005f17) auipc   t5, 0x5
core   0: 3 0x8000a840 (0x00005f17) x30 0x8000f840
core   0: 0x8000a844 (0x7c3f2023) sw      gp, 1984(t5)
core   0: 3 0x8000a844 (0x7c3f2023) mem 0x80010000 0x00000001
core   0: 0x8000a848 (0x0000bfe5) c.j     pc - 8
core   0: 3 0x8000a848 (0xbfe5)
core   0: 0x8000a840 (0x00005f17) auipc   t5, 0x5
core   0: 3 0x8000a840 (0x00005f17) x30 0x8000f840
core   0: 0x8000a844 (0x7c3f2023) sw      gp, 1984(t5)
core   0: 3 0x8000a844 (0x7c3f2023) mem 0x80010000 0x00000001
core   0: 0x8000a848 (0x0000bfe5) c.j     pc - 8
core   0: 3 0x8000a848 (0xbfe5)
core   0: 0x8000a840 (0x00005f17) auipc   t5, 0x5
core   0: 3 0x8000a840 (0x00005f17) x30 0x8000f840
core   0: 0x8000a844 (0x7c3f2023) sw      gp, 1984(t5)
core   0: 3 0x8000a844 (0x7c3f2023) mem 0x80010000 0x00000001
core   0: 0x8000a848 (0x0000bfe5) c.j     pc - 8
core   0: 3 0x8000a848 (0xbfe5)
core   0: 0x8000a840 (0x00005f17) auipc   t5, 0x5
core   0: 3 0x8000a840 (0x00005f17) x30 0x8000f840
core   0: 0x8000a844 (0x7c3f2023) sw      gp, 1984(t5)
core   0: 3 0x8000a844 (0x7c3f2023) mem 0x80010000 0x00000001
core   0: 0x8000a848 (0x0000bfe5) c.j     pc - 8
core   0: 3 0x8000a848 (0xbfe5)
core   0: 0x8000a840 (0x00005f17) auipc   t5, 0x5
core   0: 3 0x8000a840 (0x00005f17) x30 0x8000f840
core   0: 0x8000a844 (0x7c3f2023) sw      gp, 1984(t5)
core   0: 3 0x8000a844 (0x7c3f2023) mem 0x80010000 0x00000001
core   0: 0x8000a848 (0x0000bfe5) c.j     pc - 8
core   0: 3 0x8000a848 (0xbfe5)
core   0: 0x8000a840 (0x00005f17) auipc   t5, 0x5
core   0: 3 0x8000a840 (0x00005f17) x30 0x8000f840
core   0: 0x8000a844 (0x7c3f2023) sw      gp, 1984(t5)
core   0: 3 0x8000a844 (0x7c3f2023) mem 0x80010000 0x00000001
core   0: 0x8000a848 (0x0000bfe5) c.j     pc - 8
core   0: 3 0x8000a848 (0xbfe5)
core   0: 0x8000a840 (0x00005f17) auipc   t5, 0x5
core   0: 3 0x8000a840 (0x00005f17) x30 0x8000f840
core   0: 0x8000a844 (0x7c3f2023) sw      gp, 1984(t5)
core   0: 3 0x8000a844 (0x7c3f2023) mem 0x80010000 0x00000001
core   0: 0x8000a848 (0x0000bfe5) c.j     pc - 8
core   0: 3 0x8000a848 (0xbfe5)
core   0: 0x8000a840 (0x00005f17) auipc   t5, 0x5
core   0: 3 0x8000a840 (0x00005f17) x30 0x8000f840
core   0: 0x8000a844 (0x7c3f2023) sw      gp, 1984(t5)
core   0: 3 0x8000a844 (0x7c3f2023) mem 0x80010000 0x00000001
core   0: 0x8000a848 (0x0000bfe5) c.j     pc - 8
core   0: 3 0x8000a848 (0xbfe5)
core   0: 0x8000a840 (0x00005f17) auipc   t5, 0x5
core   0: 3 0x8000a840 (0x00005f17) x30 0x8000f840
core   0: 0x8000a844 (0x7c3f2023) sw      gp, 1984(t5)
core   0: 3 0x8000a844 (0x7c3f2023) mem 0x80010000 0x00000001
core   0: 0x8000a848 (0x0000bfe5) c.j     pc - 8
core   0: 3 0x8000a848 (0xbfe5)
core   0: 0x8000a840 (0x00005f17) auipc   t5, 0x5
core   0: 3 0x8000a840 (0x00005f17) x30 0x8000f840
core   0: 0x8000a844 (0x7c3f2023) sw      gp, 1984(t5)
core   0: 3 0x8000a844 (0x7c3f2023) mem 0x80010000 0x00000001
core   0: 0x8000a848 (0x0000bfe5) c.j     pc - 8
core   0: 3 0x8000a848 (0xbfe5)
core   0: 0x8000a840 (0x00005f17) auipc   t5, 0x5
core   0: 3 0x8000a840 (0x00005f17) x30 0x8000f840
core   0: 0x8000a844 (0x7c3f2023) sw      gp, 1984(t5)
core   0: 3 0x8000a844 (0x7c3f2023) mem 0x80010000 0x00000001
core   0: 0x8000a848 (0x0000bfe5) c.j     pc - 8
core   0: 3 0x8000a848 (0xbfe5)
core   0: 0x8000a840 (0x00005f17) auipc   t5, 0x5
core   0: 3 0x8000a840 (0x00005f17) x30 0x8000f840
core   0: 0x8000a844 (0x7c3f2023) sw      gp, 1984(t5)
core   0: 3 0x8000a844 (0x7c3f2023) mem 0x80010000 0x00000001
core   0: 0x8000a848 (0x0000bfe5) c.j     pc - 8
core   0: 3 0x8000a848 (0xbfe5)
core   0: 0x8000a840 (0x00005f17) auipc   t5, 0x5
core   0: 3 0x8000a840 (0x00005f17) x30 0x8000f840
core   0: 0x8000a844 (0x7c3f2023) sw      gp, 1984(t5)
core   0: 3 0x8000a844 (0x7c3f2023) mem 0x80010000 0x00000001
core   0: 0x8000a848 (0x0000bfe5) c.j     pc - 8
core   0: 3 0x8000a848 (0xbfe5)
core   0: 0x8000a840 (0x00005f17) auipc   t5, 0x5
core   0: 3 0x8000a840 (0x00005f17) x30 0x8000f840
core   0: 0x8000a844 (0x7c3f2023) sw      gp, 1984(t5)
core   0: 3 0x8000a844 (0x7c3f2023) mem 0x80010000 0x00000001
core   0: 0x8000a848 (0x0000bfe5) c.j     pc - 8
core   0: 3 0x8000a848 (0xbfe5)
core   0: 0x8000a840 (0x00005f17) auipc   t5, 0x5
core   0: 3 0x8000a840 (0x00005f17) x30 0x8000f840
core   0: 0x8000a844 (0x7c3f2023) sw      gp, 1984(t5)
core   0: 3 0x8000a844 (0x7c3f2023) mem 0x80010000 0x00000001
core   0: 0x8000a848 (0x0000bfe5) c.j     pc - 8
core   0: 3 0x8000a848 (0xbfe5)
core   0: 0x8000a840 (0x00005f17) auipc   t5, 0x5
core   0: 3 0x8000a840 (0x00005f17) x30 0x8000f840
core   0: 0x8000a844 (0x7c3f2023) sw      gp, 1984(t5)
core   0: 3 0x8000a844 (0x7c3f2023) mem 0x80010000 0x00000001
core   0: 0x8000a848 (0x0000bfe5) c.j     pc - 8
core   0: 3 0x8000a848 (0xbfe5)
core   0: 0x8000a840 (0x00005f17) auipc   t5, 0x5
core   0: 3 0x8000a840 (0x00005f17) x30 0x8000f840
core   0: 0x8000a844 (0x7c3f2023) sw      gp, 1984(t5)
core   0: 3 0x8000a844 (0x7c3f2023) mem 0x80010000 0x00000001
core   0: 0x8000a848 (0x0000bfe5) c.j     pc - 8
core   0: 3 0x8000a848 (0xbfe5)
core   0: 0x8000a840 (0x00005f17) auipc   t5, 0x5
core   0: 3 0x8000a840 (0x00005f17) x30 0x8000f840
core   0: 0x8000a844 (0x7c3f2023) sw      gp, 1984(t5)
core   0: 3 0x8000a844 (0x7c3f2023) mem 0x80010000 0x00000001
core   0: 0x8000a848 (0x0000bfe5) c.j     pc - 8
core   0: 3 0x8000a848 (0xbfe5)
core   0: 0x8000a840 (0x00005f17) auipc   t5, 0x5
core   0: 3 0x8000a840 (0x00005f17) x30 0x8000f840
core   0: 0x8000a844 (0x7c3f2023) sw      gp, 1984(t5)
core   0: 3 0x8000a844 (0x7c3f2023) mem 0x80010000 0x00000001
core   0: 0x8000a848 (0x0000bfe5) c.j     pc - 8
core   0: 3 0x8000a848 (0xbfe5)
core   0: 0x8000a840 (0x00005f17) auipc   t5, 0x5
core   0: 3 0x8000a840 (0x00005f17) x30 0x8000f840
core   0: 0x8000a844 (0x7c3f2023) sw      gp, 1984(t5)
core   0: 3 0x8000a844 (0x7c3f2023) mem 0x80010000 0x00000001
core   0: 0x8000a848 (0x0000bfe5) c.j     pc - 8
core   0: 3 0x8000a848 (0xbfe5)
core   0: 0x8000a840 (0x00005f17) auipc   t5, 0x5
core   0: 3 0x8000a840 (0x00005f17) x30 0x8000f840
core   0: 0x8000a844 (0x7c3f2023) sw      gp, 1984(t5)
core   0: 3 0x8000a844 (0x7c3f2023) mem 0x80010000 0x00000001
core   0: 0x8000a848 (0x0000bfe5) c.j     pc - 8
core   0: 3 0x8000a848 (0xbfe5)
core   0: 0x8000a840 (0x00005f17) auipc   t5, 0x5
core   0: 3 0x8000a840 (0x00005f17) x30 0x8000f840
core   0: 0x8000a844 (0x7c3f2023) sw      gp, 1984(t5)
core   0: 3 0x8000a844 (0x7c3f2023) mem 0x80010000 0x00000001
core   0: 0x8000a848 (0x0000bfe5) c.j     pc - 8
core   0: 3 0x8000a848 (0xbfe5)
core   0: 0x8000a840 (0x00005f17) auipc   t5, 0x5
core   0: 3 0x8000a840 (0x00005f17) x30 0x8000f840
core   0: 0x8000a844 (0x7c3f2023) sw      gp, 1984(t5)
core   0: 3 0x8000a844 (0x7c3f2023) mem 0x80010000 0x00000001
core   0: 0x8000a848 (0x0000bfe5) c.j     pc - 8
core   0: 3 0x8000a848 (0xbfe5)
core   0: 0x8000a840 (0x00005f17) auipc   t5, 0x5
core   0: 3 0x8000a840 (0x00005f17) x30 0x8000f840
core   0: 0x8000a844 (0x7c3f2023) sw      gp, 1984(t5)
core   0: 3 0x8000a844 (0x7c3f2023) mem 0x80010000 0x00000001
core   0: 0x8000a848 (0x0000bfe5) c.j     pc - 8
core   0: 3 0x8000a848 (0xbfe5)
core   0: 0x8000a840 (0x00005f17) auipc   t5, 0x5
core   0: 3 0x8000a840 (0x00005f17) x30 0x8000f840
core   0: 0x8000a844 (0x7c3f2023) sw      gp, 1984(t5)
core   0: 3 0x8000a844 (0x7c3f2023) mem 0x80010000 0x00000001
core   0: 0x8000a848 (0x0000bfe5) c.j     pc - 8
core   0: 3 0x8000a848 (0xbfe5)
core   0: 0x8000a840 (0x00005f17) auipc   t5, 0x5
core   0: 3 0x8000a840 (0x00005f17) x30 0x8000f840
core   0: 0x8000a844 (0x7c3f2023) sw      gp, 1984(t5)
core   0: 3 0x8000a844 (0x7c3f2023) mem 0x80010000 0x00000001
core   0: 0x8000a848 (0x0000bfe5) c.j     pc - 8
core   0: 3 0x8000a848 (0xbfe5)
core   0: 0x8000a840 (0x00005f17) auipc   t5, 0x5
core   0: 3 0x8000a840 (0x00005f17) x30 0x8000f840
core   0: 0x8000a844 (0x7c3f2023) sw      gp, 1984(t5)
core   0: 3 0x8000a844 (0x7c3f2023) mem 0x80010000 0x00000001
core   0: 0x8000a848 (0x0000bfe5) c.j     pc - 8
core   0: 3 0x8000a848 (0xbfe5)
core   0: 0x8000a840 (0x00005f17) auipc   t5, 0x5
core   0: 3 0x8000a840 (0x00005f17) x30 0x8000f840
core   0: 0x8000a844 (0x7c3f2023) sw      gp, 1984(t5)
core   0: 3 0x8000a844 (0x7c3f2023) mem 0x80010000 0x00000001
core   0: 0x8000a848 (0x0000bfe5) c.j     pc - 8
core   0: 3 0x8000a848 (0xbfe5)
core   0: 0x8000a840 (0x00005f17) auipc   t5, 0x5
core   0: 3 0x8000a840 (0x00005f17) x30 0x8000f840
core   0: 0x8000a844 (0x7c3f2023) sw      gp, 1984(t5)
core   0: 3 0x8000a844 (0x7c3f2023) mem 0x80010000 0x00000001
core   0: 0x8000a848 (0x0000bfe5) c.j     pc - 8
core   0: 3 0x8000a848 (0xbfe5)
core   0: 0x8000a840 (0x00005f17) auipc   t5, 0x5
core   0: 3 0x8000a840 (0x00005f17) x30 0x8000f840
core   0: 0x8000a844 (0x7c3f2023) sw      gp, 1984(t5)
core   0: 3 0x8000a844 (0x7c3f2023) mem 0x80010000 0x00000001
core   0: 0x8000a848 (0x0000bfe5) c.j     pc - 8
core   0: 3 0x8000a848 (0xbfe5)
core   0: 0x8000a840 (0x00005f17) auipc   t5, 0x5
core   0: 3 0x8000a840 (0x00005f17) x30 0x8000f840
core   0: 0x8000a844 (0x7c3f2023) sw      gp, 1984(t5)
core   0: 3 0x8000a844 (0x7c3f2023) mem 0x80010000 0x00000001
core   0: 0x8000a848 (0x0000bfe5) c.j     pc - 8
core   0: 3 0x8000a848 (0xbfe5)
core   0: 0x8000a840 (0x00005f17) auipc   t5, 0x5
core   0: 3 0x8000a840 (0x00005f17) x30 0x8000f840
core   0: 0x8000a844 (0x7c3f2023) sw      gp, 1984(t5)
core   0: 3 0x8000a844 (0x7c3f2023) mem 0x80010000 0x00000001
core   0: 0x8000a848 (0x0000bfe5) c.j     pc - 8
core   0: 3 0x8000a848 (0xbfe5)
core   0: 0x8000a840 (0x00005f17) auipc   t5, 0x5
core   0: 3 0x8000a840 (0x00005f17) x30 0x8000f840
core   0: 0x8000a844 (0x7c3f2023) sw      gp, 1984(t5)
core   0: 3 0x8000a844 (0x7c3f2023) mem 0x80010000 0x00000001
core   0: 0x8000a848 (0x0000bfe5) c.j     pc - 8
core   0: 3 0x8000a848 (0xbfe5)
core   0: 0x8000a840 (0x00005f17) auipc   t5, 0x5
core   0: 3 0x8000a840 (0x00005f17) x30 0x8000f840
core   0: 0x8000a844 (0x7c3f2023) sw      gp, 1984(t5)
core   0: 3 0x8000a844 (0x7c3f2023) mem 0x80010000 0x00000001
core   0: 0x8000a848 (0x0000bfe5) c.j     pc - 8
core   0: 3 0x8000a848 (0xbfe5)
core   0: 0x8000a840 (0x00005f17) auipc   t5, 0x5
core   0: 3 0x8000a840 (0x00005f17) x30 0x8000f840
core   0: 0x8000a844 (0x7c3f2023) sw      gp, 1984(t5)
core   0: 3 0x8000a844 (0x7c3f2023) mem 0x80010000 0x00000001
core   0: 0x8000a848 (0x0000bfe5) c.j     pc - 8
core   0: 3 0x8000a848 (0xbfe5)
core   0: 0x8000a840 (0x00005f17) auipc   t5, 0x5
core   0: 3 0x8000a840 (0x00005f17) x30 0x8000f840
core   0: 0x8000a844 (0x7c3f2023) sw      gp, 1984(t5)
core   0: 3 0x8000a844 (0x7c3f2023) mem 0x80010000 0x00000001
core   0: 0x8000a848 (0x0000bfe5) c.j     pc - 8
core   0: 3 0x8000a848 (0xbfe5)
core   0: 0x8000a840 (0x00005f17) auipc   t5, 0x5
core   0: 3 0x8000a840 (0x00005f17) x30 0x8000f840
core   0: 0x8000a844 (0x7c3f2023) sw      gp, 1984(t5)
core   0: 3 0x8000a844 (0x7c3f2023) mem 0x80010000 0x00000001
core   0: 0x8000a848 (0x0000bfe5) c.j     pc - 8
core   0: 3 0x8000a848 (0xbfe5)
core   0: 0x8000a840 (0x00005f17) auipc   t5, 0x5
core   0: 3 0x8000a840 (0x00005f17) x30 0x8000f840
core   0: 0x8000a844 (0x7c3f2023) sw      gp, 1984(t5)
core   0: 3 0x8000a844 (0x7c3f2023) mem 0x80010000 0x00000001
core   0: 0x8000a848 (0x0000bfe5) c.j     pc - 8
core   0: 3 0x8000a848 (0xbfe5)
core   0: 0x8000a840 (0x00005f17) auipc   t5, 0x5
core   0: 3 0x8000a840 (0x00005f17) x30 0x8000f840
core   0: 0x8000a844 (0x7c3f2023) sw      gp, 1984(t5)
core   0: 3 0x8000a844 (0x7c3f2023) mem 0x80010000 0x00000001
core   0: 0x8000a848 (0x0000bfe5) c.j     pc - 8
core   0: 3 0x8000a848 (0xbfe5)
core   0: 0x8000a840 (0x00005f17) auipc   t5, 0x5
core   0: 3 0x8000a840 (0x00005f17) x30 0x8000f840
core   0: 0x8000a844 (0x7c3f2023) sw      gp, 1984(t5)
core   0: 3 0x8000a844 (0x7c3f2023) mem 0x80010000 0x00000001
core   0: 0x8000a848 (0x0000bfe5) c.j     pc - 8
core   0: 3 0x8000a848 (0xbfe5)
core   0: 0x8000a840 (0x00005f17) auipc   t5, 0x5
core   0: 3 0x8000a840 (0x00005f17) x30 0x8000f840
core   0: 0x8000a844 (0x7c3f2023) sw      gp, 1984(t5)
core   0: 3 0x8000a844 (0x7c3f2023) mem 0x80010000 0x00000001
core   0: 0x8000a848 (0x0000bfe5) c.j     pc - 8
core   0: 3 0x8000a848 (0xbfe5)
core   0: 0x8000a840 (0x00005f17) auipc   t5, 0x5
core   0: 3 0x8000a840 (0x00005f17) x30 0x8000f840
core   0: 0x8000a844 (0x7c3f2023) sw      gp, 1984(t5)
core   0: 3 0x8000a844 (0x7c3f2023) mem 0x80010000 0x00000001
core   0: 0x8000a848 (0x0000bfe5) c.j     pc - 8
core   0: 3 0x8000a848 (0xbfe5)
core   0: 0x8000a840 (0x00005f17) auipc   t5, 0x5
core   0: 3 0x8000a840 (0x00005f17) x30 0x8000f840
core   0: 0x8000a844 (0x7c3f2023) sw      gp, 1984(t5)
core   0: 3 0x8000a844 (0x7c3f2023) mem 0x80010000 0x00000001
core   0: 0x8000a848 (0x0000bfe5) c.j     pc - 8
core   0: 3 0x8000a848 (0xbfe5)
core   0: 0x8000a840 (0x00005f17) auipc   t5, 0x5
core   0: 3 0x8000a840 (0x00005f17) x30 0x8000f840
core   0: 0x8000a844 (0x7c3f2023) sw      gp, 1984(t5)
core   0: 3 0x8000a844 (0x7c3f2023) mem 0x80010000 0x00000001
core   0: 0x8000a848 (0x0000bfe5) c.j     pc - 8
core   0: 3 0x8000a848 (0xbfe5)
core   0: 0x8000a840 (0x00005f17) auipc   t5, 0x5
core   0: 3 0x8000a840 (0x00005f17) x30 0x8000f840
core   0: 0x8000a844 (0x7c3f2023) sw      gp, 1984(t5)
core   0: 3 0x8000a844 (0x7c3f2023) mem 0x80010000 0x00000001
core   0: 0x8000a848 (0x0000bfe5) c.j     pc - 8
core   0: 3 0x8000a848 (0xbfe5)
core   0: 0x8000a840 (0x00005f17) auipc   t5, 0x5
core   0: 3 0x8000a840 (0x00005f17) x30 0x8000f840
core   0: 0x8000a844 (0x7c3f2023) sw      gp, 1984(t5)
core   0: 3 0x8000a844 (0x7c3f2023) mem 0x80010000 0x00000001
core   0: 0x8000a848 (0x0000bfe5) c.j     pc - 8
core   0: 3 0x8000a848 (0xbfe5)
core   0: 0x8000a840 (0x00005f17) auipc   t5, 0x5
core   0: 3 0x8000a840 (0x00005f17) x30 0x8000f840
core   0: 0x8000a844 (0x7c3f2023) sw      gp, 1984(t5)
core   0: 3 0x8000a844 (0x7c3f2023) mem 0x80010000 0x00000001
core   0: 0x8000a848 (0x0000bfe5) c.j     pc - 8
core   0: 3 0x8000a848 (0xbfe5)
core   0: 0x8000a840 (0x00005f17) auipc   t5, 0x5
core   0: 3 0x8000a840 (0x00005f17) x30 0x8000f840
core   0: 0x8000a844 (0x7c3f2023) sw      gp, 1984(t5)
core   0: 3 0x8000a844 (0x7c3f2023) mem 0x80010000 0x00000001
core   0: 0x8000a848 (0x0000bfe5) c.j     pc - 8
core   0: 3 0x8000a848 (0xbfe5)
core   0: 0x8000a840 (0x00005f17) auipc   t5, 0x5
core   0: 3 0x8000a840 (0x00005f17) x30 0x8000f840
core   0: 0x8000a844 (0x7c3f2023) sw      gp, 1984(t5)
core   0: 3 0x8000a844 (0x7c3f2023) mem 0x80010000 0x00000001
core   0: 0x8000a848 (0x0000bfe5) c.j     pc - 8
core   0: 3 0x8000a848 (0xbfe5)
core   0: 0x8000a840 (0x00005f17) auipc   t5, 0x5
core   0: 3 0x8000a840 (0x00005f17) x30 0x8000f840
core   0: 0x8000a844 (0x7c3f2023) sw      gp, 1984(t5)
core   0: 3 0x8000a844 (0x7c3f2023) mem 0x80010000 0x00000001
core   0: 0x8000a848 (0x0000bfe5) c.j     pc - 8
core   0: 3 0x8000a848 (0xbfe5)
core   0: 0x8000a840 (0x00005f17) auipc   t5, 0x5
core   0: 3 0x8000a840 (0x00005f17) x30 0x8000f840
core   0: 0x8000a844 (0x7c3f2023) sw      gp, 1984(t5)
core   0: 3 0x8000a844 (0x7c3f2023) mem 0x80010000 0x00000001
core   0: 0x8000a848 (0x0000bfe5) c.j     pc - 8
core   0: 3 0x8000a848 (0xbfe5)
core   0: 0x8000a840 (0x00005f17) auipc   t5, 0x5
core   0: 3 0x8000a840 (0x00005f17) x30 0x8000f840
core   0: 0x8000a844 (0x7c3f2023) sw      gp, 1984(t5)
core   0: 3 0x8000a844 (0x7c3f2023) mem 0x80010000 0x00000001
core   0: 0x8000a848 (0x0000bfe5) c.j     pc - 8
core   0: 3 0x8000a848 (0xbfe5)
core   0: 0x8000a840 (0x00005f17) auipc   t5, 0x5
core   0: 3 0x8000a840 (0x00005f17) x30 0x8000f840
core   0: 0x8000a844 (0x7c3f2023) sw      gp, 1984(t5)
core   0: 3 0x8000a844 (0x7c3f2023) mem 0x80010000 0x00000001
core   0: 0x8000a848 (0x0000bfe5) c.j     pc - 8
core   0: 3 0x8000a848 (0xbfe5)
core   0: 0x8000a840 (0x00005f17) auipc   t5, 0x5
core   0: 3 0x8000a840 (0x00005f17) x30 0x8000f840
core   0: 0x8000a844 (0x7c3f2023) sw      gp, 1984(t5)
core   0: 3 0x8000a844 (0x7c3f2023) mem 0x80010000 0x00000001
core   0: 0x8000a848 (0x0000bfe5) c.j     pc - 8
core   0: 3 0x8000a848 (0xbfe5)
core   0: 0x8000a840 (0x00005f17) auipc   t5, 0x5
core   0: 3 0x8000a840 (0x00005f17) x30 0x8000f840
core   0: 0x8000a844 (0x7c3f2023) sw      gp, 1984(t5)
core   0: 3 0x8000a844 (0x7c3f2023) mem 0x80010000 0x00000001
core   0: 0x8000a848 (0x0000bfe5) c.j     pc - 8
core   0: 3 0x8000a848 (0xbfe5)
core   0: 0x8000a840 (0x00005f17) auipc   t5, 0x5
core   0: 3 0x8000a840 (0x00005f17) x30 0x8000f840
core   0: 0x8000a844 (0x7c3f2023) sw      gp, 1984(t5)
core   0: 3 0x8000a844 (0x7c3f2023) mem 0x80010000 0x00000001
core   0: 0x8000a848 (0x0000bfe5) c.j     pc - 8
core   0: 3 0x8000a848 (0xbfe5)
core   0: 0x8000a840 (0x00005f17) auipc   t5, 0x5
core   0: 3 0x8000a840 (0x00005f17) x30 0x8000f840
core   0: 0x8000a844 (0x7c3f2023) sw      gp, 1984(t5)
core   0: 3 0x8000a844 (0x7c3f2023) mem 0x80010000 0x00000001
core   0: 0x8000a848 (0x0000bfe5) c.j     pc - 8
core   0: 3 0x8000a848 (0xbfe5)
core   0: 0x8000a840 (0x00005f17) auipc   t5, 0x5
core   0: 3 0x8000a840 (0x00005f17) x30 0x8000f840
core   0: 0x8000a844 (0x7c3f2023) sw      gp, 1984(t5)
core   0: 3 0x8000a844 (0x7c3f2023) mem 0x80010000 0x00000001
core   0: 0x8000a848 (0x0000bfe5) c.j     pc - 8
core   0: 3 0x8000a848 (0xbfe5)
core   0: 0x8000a840 (0x00005f17) auipc   t5, 0x5
core   0: 3 0x8000a840 (0x00005f17) x30 0x8000f840
core   0: 0x8000a844 (0x7c3f2023) sw      gp, 1984(t5)
core   0: 3 0x8000a844 (0x7c3f2023) mem 0x80010000 0x00000001
core   0: 0x8000a848 (0x0000bfe5) c.j     pc - 8
core   0: 3 0x8000a848 (0xbfe5)
core   0: 0x8000a840 (0x00005f17) auipc   t5, 0x5
core   0: 3 0x8000a840 (0x00005f17) x30 0x8000f840
core   0: 0x8000a844 (0x7c3f2023) sw      gp, 1984(t5)
core   0: 3 0x8000a844 (0x7c3f2023) mem 0x80010000 0x00000001
core   0: 0x8000a848 (0x0000bfe5) c.j     pc - 8
core   0: 3 0x8000a848 (0xbfe5)
core   0: 0x8000a840 (0x00005f17) auipc   t5, 0x5
core   0: 3 0x8000a840 (0x00005f17) x30 0x8000f840
core   0: 0x8000a844 (0x7c3f2023) sw      gp, 1984(t5)
core   0: 3 0x8000a844 (0x7c3f2023) mem 0x80010000 0x00000001
core   0: 0x8000a848 (0x0000bfe5) c.j     pc - 8
core   0: 3 0x8000a848 (0xbfe5)
core   0: 0x8000a840 (0x00005f17) auipc   t5, 0x5
core   0: 3 0x8000a840 (0x00005f17) x30 0x8000f840
core   0: 0x8000a844 (0x7c3f2023) sw      gp, 1984(t5)
core   0: 3 0x8000a844 (0x7c3f2023) mem 0x80010000 0x00000001
core   0: 0x8000a848 (0x0000bfe5) c.j     pc - 8
core   0: 3 0x8000a848 (0xbfe5)
core   0: 0x8000a840 (0x00005f17) auipc   t5, 0x5
core   0: 3 0x8000a840 (0x00005f17) x30 0x8000f840
core   0: 0x8000a844 (0x7c3f2023) sw      gp, 1984(t5)
core   0: 3 0x8000a844 (0x7c3f2023) mem 0x80010000 0x00000001
core   0: 0x8000a848 (0x0000bfe5) c.j     pc - 8
core   0: 3 0x8000a848 (0xbfe5)
core   0: 0x8000a840 (0x00005f17) auipc   t5, 0x5
core   0: 3 0x8000a840 (0x00005f17) x30 0x8000f840
core   0: 0x8000a844 (0x7c3f2023) sw      gp, 1984(t5)
core   0: 3 0x8000a844 (0x7c3f2023) mem 0x80010000 0x00000001
core   0: 0x8000a848 (0x0000bfe5) c.j     pc - 8
core   0: 3 0x8000a848 (0xbfe5)
core   0: 0x8000a840 (0x00005f17) auipc   t5, 0x5
core   0: 3 0x8000a840 (0x00005f17) x30 0x8000f840
core   0: 0x8000a844 (0x7c3f2023) sw      gp, 1984(t5)
core   0: 3 0x8000a844 (0x7c3f2023) mem 0x80010000 0x00000001
core   0: 0x8000a848 (0x0000bfe5) c.j     pc - 8
core   0: 3 0x8000a848 (0xbfe5)
core   0: 0x8000a840 (0x00005f17) auipc   t5, 0x5
core   0: 3 0x8000a840 (0x00005f17) x30 0x8000f840
core   0: 0x8000a844 (0x7c3f2023) sw      gp, 1984(t5)
core   0: 3 0x8000a844 (0x7c3f2023) mem 0x80010000 0x00000001
core   0: 0x8000a848 (0x0000bfe5) c.j     pc - 8
core   0: 3 0x8000a848 (0xbfe5)
core   0: 0x8000a840 (0x00005f17) auipc   t5, 0x5
core   0: 3 0x8000a840 (0x00005f17) x30 0x8000f840
core   0: 0x8000a844 (0x7c3f2023) sw      gp, 1984(t5)
core   0: 3 0x8000a844 (0x7c3f2023) mem 0x80010000 0x00000001
core   0: 0x8000a848 (0x0000bfe5) c.j     pc - 8
core   0: 3 0x8000a848 (0xbfe5)
core   0: 0x8000a840 (0x00005f17) auipc   t5, 0x5
core   0: 3 0x8000a840 (0x00005f17) x30 0x8000f840
core   0: 0x8000a844 (0x7c3f2023) sw      gp, 1984(t5)
core   0: 3 0x8000a844 (0x7c3f2023) mem 0x80010000 0x00000001
core   0: 0x8000a848 (0x0000bfe5) c.j     pc - 8
core   0: 3 0x8000a848 (0xbfe5)
core   0: 0x8000a840 (0x00005f17) auipc   t5, 0x5
core   0: 3 0x8000a840 (0x00005f17) x30 0x8000f840
core   0: 0x8000a844 (0x7c3f2023) sw      gp, 1984(t5)
core   0: 3 0x8000a844 (0x7c3f2023) mem 0x80010000 0x00000001
core   0: 0x8000a848 (0x0000bfe5) c.j     pc - 8
core   0: 3 0x8000a848 (0xbfe5)
core   0: 0x8000a840 (0x00005f17) auipc   t5, 0x5
core   0: 3 0x8000a840 (0x00005f17) x30 0x8000f840
core   0: 0x8000a844 (0x7c3f2023) sw      gp, 1984(t5)
core   0: 3 0x8000a844 (0x7c3f2023) mem 0x80010000 0x00000001
core   0: 0x8000a848 (0x0000bfe5) c.j     pc - 8
core   0: 3 0x8000a848 (0xbfe5)
core   0: 0x8000a840 (0x00005f17) auipc   t5, 0x5
core   0: 3 0x8000a840 (0x00005f17) x30 0x8000f840
core   0: 0x8000a844 (0x7c3f2023) sw      gp, 1984(t5)
core   0: 3 0x8000a844 (0x7c3f2023) mem 0x80010000 0x00000001
core   0: 0x8000a848 (0x0000bfe5) c.j     pc - 8
core   0: 3 0x8000a848 (0xbfe5)
core   0: 0x8000a840 (0x00005f17) auipc   t5, 0x5
core   0: 3 0x8000a840 (0x00005f17) x30 0x8000f840
core   0: 0x8000a844 (0x7c3f2023) sw      gp, 1984(t5)
core   0: 3 0x8000a844 (0x7c3f2023) mem 0x80010000 0x00000001
core   0: 0x8000a848 (0x0000bfe5) c.j     pc - 8
core   0: 3 0x8000a848 (0xbfe5)
core   0: 0x8000a840 (0x00005f17) auipc   t5, 0x5
core   0: 3 0x8000a840 (0x00005f17) x30 0x8000f840
core   0: 0x8000a844 (0x7c3f2023) sw      gp, 1984(t5)
core   0: 3 0x8000a844 (0x7c3f2023) mem 0x80010000 0x00000001
core   0: 0x8000a848 (0x0000bfe5) c.j     pc - 8
core   0: 3 0x8000a848 (0xbfe5)
core   0: 0x8000a840 (0x00005f17) auipc   t5, 0x5
core   0: 3 0x8000a840 (0x00005f17) x30 0x8000f840
core   0: 0x8000a844 (0x7c3f2023) sw      gp, 1984(t5)
core   0: 3 0x8000a844 (0x7c3f2023) mem 0x80010000 0x00000001
core   0: 0x8000a848 (0x0000bfe5) c.j     pc - 8
core   0: 3 0x8000a848 (0xbfe5)
core   0: 0x8000a840 (0x00005f17) auipc   t5, 0x5
core   0: 3 0x8000a840 (0x00005f17) x30 0x8000f840
core   0: 0x8000a844 (0x7c3f2023) sw      gp, 1984(t5)
core   0: 3 0x8000a844 (0x7c3f2023) mem 0x80010000 0x00000001
core   0: 0x8000a848 (0x0000bfe5) c.j     pc - 8
core   0: 3 0x8000a848 (0xbfe5)
core   0: 0x8000a840 (0x00005f17) auipc   t5, 0x5
core   0: 3 0x8000a840 (0x00005f17) x30 0x8000f840
core   0: 0x8000a844 (0x7c3f2023) sw      gp, 1984(t5)
core   0: 3 0x8000a844 (0x7c3f2023) mem 0x80010000 0x00000001
core   0: 0x8000a848 (0x0000bfe5) c.j     pc - 8
core   0: 3 0x8000a848 (0xbfe5)
core   0: 0x8000a840 (0x00005f17) auipc   t5, 0x5
core   0: 3 0x8000a840 (0x00005f17) x30 0x8000f840
core   0: 0x8000a844 (0x7c3f2023) sw      gp, 1984(t5)
core   0: 3 0x8000a844 (0x7c3f2023) mem 0x80010000 0x00000001
core   0: 0x8000a848 (0x0000bfe5) c.j     pc - 8
core   0: 3 0x8000a848 (0xbfe5)
core   0: 0x8000a840 (0x00005f17) auipc   t5, 0x5
core   0: 3 0x8000a840 (0x00005f17) x30 0x8000f840
core   0: 0x8000a844 (0x7c3f2023) sw      gp, 1984(t5)
core   0: 3 0x8000a844 (0x7c3f2023) mem 0x80010000 0x00000001
core   0: 0x8000a848 (0x0000bfe5) c.j     pc - 8
core   0: 3 0x8000a848 (0xbfe5)
core   0: 0x8000a840 (0x00005f17) auipc   t5, 0x5
core   0: 3 0x8000a840 (0x00005f17) x30 0x8000f840
core   0: 0x8000a844 (0x7c3f2023) sw      gp, 1984(t5)
core   0: 3 0x8000a844 (0x7c3f2023) mem 0x80010000 0x00000001
core   0: 0x8000a848 (0x0000bfe5) c.j     pc - 8
core   0: 3 0x8000a848 (0xbfe5)
core   0: 0x8000a840 (0x00005f17) auipc   t5, 0x5
core   0: 3 0x8000a840 (0x00005f17) x30 0x8000f840
core   0: 0x8000a844 (0x7c3f2023) sw      gp, 1984(t5)
core   0: 3 0x8000a844 (0x7c3f2023) mem 0x80010000 0x00000001
core   0: 0x8000a848 (0x0000bfe5) c.j     pc - 8
core   0: 3 0x8000a848 (0xbfe5)
core   0: 0x8000a840 (0x00005f17) auipc   t5, 0x5
core   0: 3 0x8000a840 (0x00005f17) x30 0x8000f840
core   0: 0x8000a844 (0x7c3f2023) sw      gp, 1984(t5)
core   0: 3 0x8000a844 (0x7c3f2023) mem 0x80010000 0x00000001
core   0: 0x8000a848 (0x0000bfe5) c.j     pc - 8
core   0: 3 0x8000a848 (0xbfe5)
core   0: 0x8000a840 (0x00005f17) auipc   t5, 0x5
core   0: 3 0x8000a840 (0x00005f17) x30 0x8000f840
core   0: 0x8000a844 (0x7c3f2023) sw      gp, 1984(t5)
core   0: 3 0x8000a844 (0x7c3f2023) mem 0x80010000 0x00000001
core   0: 0x8000a848 (0x0000bfe5) c.j     pc - 8
core   0: 3 0x8000a848 (0xbfe5)
core   0: 0x8000a840 (0x00005f17) auipc   t5, 0x5
core   0: 3 0x8000a840 (0x00005f17) x30 0x8000f840
core   0: 0x8000a844 (0x7c3f2023) sw      gp, 1984(t5)
core   0: 3 0x8000a844 (0x7c3f2023) mem 0x80010000 0x00000001
core   0: 0x8000a848 (0x0000bfe5) c.j     pc - 8
core   0: 3 0x8000a848 (0xbfe5)
core   0: 0x8000a840 (0x00005f17) auipc   t5, 0x5
core   0: 3 0x8000a840 (0x00005f17) x30 0x8000f840
core   0: 0x8000a844 (0x7c3f2023) sw      gp, 1984(t5)
core   0: 3 0x8000a844 (0x7c3f2023) mem 0x80010000 0x00000001
core   0: 0x8000a848 (0x0000bfe5) c.j     pc - 8
core   0: 3 0x8000a848 (0xbfe5)
core   0: 0x8000a840 (0x00005f17) auipc   t5, 0x5
core   0: 3 0x8000a840 (0x00005f17) x30 0x8000f840
core   0: 0x8000a844 (0x7c3f2023) sw      gp, 1984(t5)
core   0: 3 0x8000a844 (0x7c3f2023) mem 0x80010000 0x00000001
core   0: 0x8000a848 (0x0000bfe5) c.j     pc - 8
core   0: 3 0x8000a848 (0xbfe5)
core   0: 0x8000a840 (0x00005f17) auipc   t5, 0x5
core   0: 3 0x8000a840 (0x00005f17) x30 0x8000f840
core   0: 0x8000a844 (0x7c3f2023) sw      gp, 1984(t5)
core   0: 3 0x8000a844 (0x7c3f2023) mem 0x80010000 0x00000001
core   0: 0x8000a848 (0x0000bfe5) c.j     pc - 8
core   0: 3 0x8000a848 (0xbfe5)
core   0: 0x8000a840 (0x00005f17) auipc   t5, 0x5
core   0: 3 0x8000a840 (0x00005f17) x30 0x8000f840
core   0: 0x8000a844 (0x7c3f2023) sw      gp, 1984(t5)
core   0: 3 0x8000a844 (0x7c3f2023) mem 0x80010000 0x00000001
core   0: 0x8000a848 (0x0000bfe5) c.j     pc - 8
core   0: 3 0x8000a848 (0xbfe5)
core   0: 0x8000a840 (0x00005f17) auipc   t5, 0x5
core   0: 3 0x8000a840 (0x00005f17) x30 0x8000f840
core   0: 0x8000a844 (0x7c3f2023) sw      gp, 1984(t5)
core   0: 3 0x8000a844 (0x7c3f2023) mem 0x80010000 0x00000001
core   0: 0x8000a848 (0x0000bfe5) c.j     pc - 8
core   0: 3 0x8000a848 (0xbfe5)
core   0: 0x8000a840 (0x00005f17) auipc   t5, 0x5
core   0: 3 0x8000a840 (0x00005f17) x30 0x8000f840
core   0: 0x8000a844 (0x7c3f2023) sw      gp, 1984(t5)
core   0: 3 0x8000a844 (0x7c3f2023) mem 0x80010000 0x00000001
core   0: 0x8000a848 (0x0000bfe5) c.j     pc - 8
core   0: 3 0x8000a848 (0xbfe5)
core   0: 0x8000a840 (0x00005f17) auipc   t5, 0x5
core   0: 3 0x8000a840 (0x00005f17) x30 0x8000f840
core   0: 0x8000a844 (0x7c3f2023) sw      gp, 1984(t5)
core   0: 3 0x8000a844 (0x7c3f2023) mem 0x80010000 0x00000001
core   0: 0x8000a848 (0x0000bfe5) c.j     pc - 8
core   0: 3 0x8000a848 (0xbfe5)
core   0: 0x8000a840 (0x00005f17) auipc   t5, 0x5
core   0: 3 0x8000a840 (0x00005f17) x30 0x8000f840
core   0: 0x8000a844 (0x7c3f2023) sw      gp, 1984(t5)
core   0: 3 0x8000a844 (0x7c3f2023) mem 0x80010000 0x00000001
core   0: 0x8000a848 (0x0000bfe5) c.j     pc - 8
core   0: 3 0x8000a848 (0xbfe5)
core   0: 0x8000a840 (0x00005f17) auipc   t5, 0x5
core   0: 3 0x8000a840 (0x00005f17) x30 0x8000f840
core   0: 0x8000a844 (0x7c3f2023) sw      gp, 1984(t5)
core   0: 3 0x8000a844 (0x7c3f2023) mem 0x80010000 0x00000001
core   0: 0x8000a848 (0x0000bfe5) c.j     pc - 8
core   0: 3 0x8000a848 (0xbfe5)
core   0: 0x8000a840 (0x00005f17) auipc   t5, 0x5
core   0: 3 0x8000a840 (0x00005f17) x30 0x8000f840
core   0: 0x8000a844 (0x7c3f2023) sw      gp, 1984(t5)
core   0: 3 0x8000a844 (0x7c3f2023) mem 0x80010000 0x00000001
core   0: 0x8000a848 (0x0000bfe5) c.j     pc - 8
core   0: 3 0x8000a848 (0xbfe5)
core   0: 0x8000a840 (0x00005f17) auipc   t5, 0x5
core   0: 3 0x8000a840 (0x00005f17) x30 0x8000f840
core   0: 0x8000a844 (0x7c3f2023) sw      gp, 1984(t5)
core   0: 3 0x8000a844 (0x7c3f2023) mem 0x80010000 0x00000001
core   0: 0x8000a848 (0x0000bfe5) c.j     pc - 8
core   0: 3 0x8000a848 (0xbfe5)
core   0: 0x8000a840 (0x00005f17) auipc   t5, 0x5
core   0: 3 0x8000a840 (0x00005f17) x30 0x8000f840
core   0: 0x8000a844 (0x7c3f2023) sw      gp, 1984(t5)
core   0: 3 0x8000a844 (0x7c3f2023) mem 0x80010000 0x00000001
core   0: 0x8000a848 (0x0000bfe5) c.j     pc - 8
core   0: 3 0x8000a848 (0xbfe5)
core   0: 0x8000a840 (0x00005f17) auipc   t5, 0x5
core   0: 3 0x8000a840 (0x00005f17) x30 0x8000f840
core   0: 0x8000a844 (0x7c3f2023) sw      gp, 1984(t5)
core   0: 3 0x8000a844 (0x7c3f2023) mem 0x80010000 0x00000001
core   0: 0x8000a848 (0x0000bfe5) c.j     pc - 8
core   0: 3 0x8000a848 (0xbfe5)
core   0: 0x8000a840 (0x00005f17) auipc   t5, 0x5
core   0: 3 0x8000a840 (0x00005f17) x30 0x8000f840
core   0: 0x8000a844 (0x7c3f2023) sw      gp, 1984(t5)
core   0: 3 0x8000a844 (0x7c3f2023) mem 0x80010000 0x00000001
core   0: 0x8000a848 (0x0000bfe5) c.j     pc - 8
core   0: 3 0x8000a848 (0xbfe5)
core   0: 0x8000a840 (0x00005f17) auipc   t5, 0x5
core   0: 3 0x8000a840 (0x00005f17) x30 0x8000f840
core   0: 0x8000a844 (0x7c3f2023) sw      gp, 1984(t5)
core   0: 3 0x8000a844 (0x7c3f2023) mem 0x80010000 0x00000001
core   0: 0x8000a848 (0x0000bfe5) c.j     pc - 8
core   0: 3 0x8000a848 (0xbfe5)
core   0: 0x8000a840 (0x00005f17) auipc   t5, 0x5
core   0: 3 0x8000a840 (0x00005f17) x30 0x8000f840
core   0: 0x8000a844 (0x7c3f2023) sw      gp, 1984(t5)
core   0: 3 0x8000a844 (0x7c3f2023) mem 0x80010000 0x00000001
core   0: 0x8000a848 (0x0000bfe5) c.j     pc - 8
core   0: 3 0x8000a848 (0xbfe5)
core   0: 0x8000a840 (0x00005f17) auipc   t5, 0x5
core   0: 3 0x8000a840 (0x00005f17) x30 0x8000f840
core   0: 0x8000a844 (0x7c3f2023) sw      gp, 1984(t5)
core   0: 3 0x8000a844 (0x7c3f2023) mem 0x80010000 0x00000001
core   0: 0x8000a848 (0x0000bfe5) c.j     pc - 8
core   0: 3 0x8000a848 (0xbfe5)
core   0: 0x8000a840 (0x00005f17) auipc   t5, 0x5
core   0: 3 0x8000a840 (0x00005f17) x30 0x8000f840
core   0: 0x8000a844 (0x7c3f2023) sw      gp, 1984(t5)
core   0: 3 0x8000a844 (0x7c3f2023) mem 0x80010000 0x00000001
core   0: 0x8000a848 (0x0000bfe5) c.j     pc - 8
core   0: 3 0x8000a848 (0xbfe5)
core   0: 0x8000a840 (0x00005f17) auipc   t5, 0x5
core   0: 3 0x8000a840 (0x00005f17) x30 0x8000f840
core   0: 0x8000a844 (0x7c3f2023) sw      gp, 1984(t5)
core   0: 3 0x8000a844 (0x7c3f2023) mem 0x80010000 0x00000001
core   0: 0x8000a848 (0x0000bfe5) c.j     pc - 8
core   0: 3 0x8000a848 (0xbfe5)
core   0: 0x8000a840 (0x00005f17) auipc   t5, 0x5
core   0: 3 0x8000a840 (0x00005f17) x30 0x8000f840
core   0: 0x8000a844 (0x7c3f2023) sw      gp, 1984(t5)
core   0: 3 0x8000a844 (0x7c3f2023) mem 0x80010000 0x00000001
core   0: 0x8000a848 (0x0000bfe5) c.j     pc - 8
core   0: 3 0x8000a848 (0xbfe5)
core   0: 0x8000a840 (0x00005f17) auipc   t5, 0x5
core   0: 3 0x8000a840 (0x00005f17) x30 0x8000f840
core   0: 0x8000a844 (0x7c3f2023) sw      gp, 1984(t5)
core   0: 3 0x8000a844 (0x7c3f2023) mem 0x80010000 0x00000001
core   0: 0x8000a848 (0x0000bfe5) c.j     pc - 8
core   0: 3 0x8000a848 (0xbfe5)
core   0: 0x8000a840 (0x00005f17) auipc   t5, 0x5
core   0: 3 0x8000a840 (0x00005f17) x30 0x8000f840
core   0: 0x8000a844 (0x7c3f2023) sw      gp, 1984(t5)
core   0: 3 0x8000a844 (0x7c3f2023) mem 0x80010000 0x00000001
core   0: 0x8000a848 (0x0000bfe5) c.j     pc - 8
core   0: 3 0x8000a848 (0xbfe5)
core   0: 0x8000a840 (0x00005f17) auipc   t5, 0x5
core   0: 3 0x8000a840 (0x00005f17) x30 0x8000f840
core   0: 0x8000a844 (0x7c3f2023) sw      gp, 1984(t5)
core   0: 3 0x8000a844 (0x7c3f2023) mem 0x80010000 0x00000001
core   0: 0x8000a848 (0x0000bfe5) c.j     pc - 8
core   0: 3 0x8000a848 (0xbfe5)
core   0: 0x8000a840 (0x00005f17) auipc   t5, 0x5
core   0: 3 0x8000a840 (0x00005f17) x30 0x8000f840
core   0: 0x8000a844 (0x7c3f2023) sw      gp, 1984(t5)
core   0: 3 0x8000a844 (0x7c3f2023) mem 0x80010000 0x00000001
core   0: 0x8000a848 (0x0000bfe5) c.j     pc - 8
core   0: 3 0x8000a848 (0xbfe5)
core   0: 0x8000a840 (0x00005f17) auipc   t5, 0x5
core   0: 3 0x8000a840 (0x00005f17) x30 0x8000f840
core   0: 0x8000a844 (0x7c3f2023) sw      gp, 1984(t5)
core   0: 3 0x8000a844 (0x7c3f2023) mem 0x80010000 0x00000001
core   0: 0x8000a848 (0x0000bfe5) c.j     pc - 8
core   0: 3 0x8000a848 (0xbfe5)
core   0: 0x8000a840 (0x00005f17) auipc   t5, 0x5
core   0: 3 0x8000a840 (0x00005f17) x30 0x8000f840
core   0: 0x8000a844 (0x7c3f2023) sw      gp, 1984(t5)
core   0: 3 0x8000a844 (0x7c3f2023) mem 0x80010000 0x00000001
core   0: 0x8000a848 (0x0000bfe5) c.j     pc - 8
core   0: 3 0x8000a848 (0xbfe5)
core   0: 0x8000a840 (0x00005f17) auipc   t5, 0x5
core   0: 3 0x8000a840 (0x00005f17) x30 0x8000f840
core   0: 0x8000a844 (0x7c3f2023) sw      gp, 1984(t5)
core   0: 3 0x8000a844 (0x7c3f2023) mem 0x80010000 0x00000001
core   0: 0x8000a848 (0x0000bfe5) c.j     pc - 8
core   0: 3 0x8000a848 (0xbfe5)
core   0: 0x8000a840 (0x00005f17) auipc   t5, 0x5
core   0: 3 0x8000a840 (0x00005f17) x30 0x8000f840
core   0: 0x8000a844 (0x7c3f2023) sw      gp, 1984(t5)
core   0: 3 0x8000a844 (0x7c3f2023) mem 0x80010000 0x00000001
core   0: 0x8000a848 (0x0000bfe5) c.j     pc - 8
core   0: 3 0x8000a848 (0xbfe5)
core   0: 0x8000a840 (0x00005f17) auipc   t5, 0x5
core   0: 3 0x8000a840 (0x00005f17) x30 0x8000f840
core   0: 0x8000a844 (0x7c3f2023) sw      gp, 1984(t5)
core   0: 3 0x8000a844 (0x7c3f2023) mem 0x80010000 0x00000001
core   0: 0x8000a848 (0x0000bfe5) c.j     pc - 8
core   0: 3 0x8000a848 (0xbfe5)
core   0: 0x8000a840 (0x00005f17) auipc   t5, 0x5
core   0: 3 0x8000a840 (0x00005f17) x30 0x8000f840
core   0: 0x8000a844 (0x7c3f2023) sw      gp, 1984(t5)
core   0: 3 0x8000a844 (0x7c3f2023) mem 0x80010000 0x00000001
core   0: 0x8000a848 (0x0000bfe5) c.j     pc - 8
core   0: 3 0x8000a848 (0xbfe5)
core   0: 0x8000a840 (0x00005f17) auipc   t5, 0x5
core   0: 3 0x8000a840 (0x00005f17) x30 0x8000f840
core   0: 0x8000a844 (0x7c3f2023) sw      gp, 1984(t5)
core   0: 3 0x8000a844 (0x7c3f2023) mem 0x80010000 0x00000001
core   0: 0x8000a848 (0x0000bfe5) c.j     pc - 8
core   0: 3 0x8000a848 (0xbfe5)
core   0: 0x8000a840 (0x00005f17) auipc   t5, 0x5
core   0: 3 0x8000a840 (0x00005f17) x30 0x8000f840
core   0: 0x8000a844 (0x7c3f2023) sw      gp, 1984(t5)
core   0: 3 0x8000a844 (0x7c3f2023) mem 0x80010000 0x00000001
core   0: 0x8000a848 (0x0000bfe5) c.j     pc - 8
core   0: 3 0x8000a848 (0xbfe5)
core   0: 0x8000a840 (0x00005f17) auipc   t5, 0x5
core   0: 3 0x8000a840 (0x00005f17) x30 0x8000f840
core   0: 0x8000a844 (0x7c3f2023) sw      gp, 1984(t5)
core   0: 3 0x8000a844 (0x7c3f2023) mem 0x80010000 0x00000001
core   0: 0x8000a848 (0x0000bfe5) c.j     pc - 8
core   0: 3 0x8000a848 (0xbfe5)
core   0: 0x8000a840 (0x00005f17) auipc   t5, 0x5
core   0: 3 0x8000a840 (0x00005f17) x30 0x8000f840
core   0: 0x8000a844 (0x7c3f2023) sw      gp, 1984(t5)
core   0: 3 0x8000a844 (0x7c3f2023) mem 0x80010000 0x00000001
core   0: 0x8000a848 (0x0000bfe5) c.j     pc - 8
core   0: 3 0x8000a848 (0xbfe5)
core   0: 0x8000a840 (0x00005f17) auipc   t5, 0x5
core   0: 3 0x8000a840 (0x00005f17) x30 0x8000f840
core   0: 0x8000a844 (0x7c3f2023) sw      gp, 1984(t5)
core   0: 3 0x8000a844 (0x7c3f2023) mem 0x80010000 0x00000001
core   0: 0x8000a848 (0x0000bfe5) c.j     pc - 8
core   0: 3 0x8000a848 (0xbfe5)
core   0: 0x8000a840 (0x00005f17) auipc   t5, 0x5
core   0: 3 0x8000a840 (0x00005f17) x30 0x8000f840
core   0: 0x8000a844 (0x7c3f2023) sw      gp, 1984(t5)
core   0: 3 0x8000a844 (0x7c3f2023) mem 0x80010000 0x00000001
core   0: 0x8000a848 (0x0000bfe5) c.j     pc - 8
core   0: 3 0x8000a848 (0xbfe5)
core   0: 0x8000a840 (0x00005f17) auipc   t5, 0x5
core   0: 3 0x8000a840 (0x00005f17) x30 0x8000f840
core   0: 0x8000a844 (0x7c3f2023) sw      gp, 1984(t5)
core   0: 3 0x8000a844 (0x7c3f2023) mem 0x80010000 0x00000001
core   0: 0x8000a848 (0x0000bfe5) c.j     pc - 8
core   0: 3 0x8000a848 (0xbfe5)
core   0: 0x8000a840 (0x00005f17) auipc   t5, 0x5
core   0: 3 0x8000a840 (0x00005f17) x30 0x8000f840
core   0: 0x8000a844 (0x7c3f2023) sw      gp, 1984(t5)
core   0: 3 0x8000a844 (0x7c3f2023) mem 0x80010000 0x00000001
core   0: 0x8000a848 (0x0000bfe5) c.j     pc - 8
core   0: 3 0x8000a848 (0xbfe5)
core   0: 0x8000a840 (0x00005f17) auipc   t5, 0x5
core   0: 3 0x8000a840 (0x00005f17) x30 0x8000f840
core   0: 0x8000a844 (0x7c3f2023) sw      gp, 1984(t5)
core   0: 3 0x8000a844 (0x7c3f2023) mem 0x80010000 0x00000001
core   0: 0x8000a848 (0x0000bfe5) c.j     pc - 8
core   0: 3 0x8000a848 (0xbfe5)
core   0: 0x8000a840 (0x00005f17) auipc   t5, 0x5
core   0: 3 0x8000a840 (0x00005f17) x30 0x8000f840
core   0: 0x8000a844 (0x7c3f2023) sw      gp, 1984(t5)
core   0: 3 0x8000a844 (0x7c3f2023) mem 0x80010000 0x00000001
core   0: 0x8000a848 (0x0000bfe5) c.j     pc - 8
core   0: 3 0x8000a848 (0xbfe5)
core   0: 0x8000a840 (0x00005f17) auipc   t5, 0x5
core   0: 3 0x8000a840 (0x00005f17) x30 0x8000f840
core   0: 0x8000a844 (0x7c3f2023) sw      gp, 1984(t5)
core   0: 3 0x8000a844 (0x7c3f2023) mem 0x80010000 0x00000001
core   0: 0x8000a848 (0x0000bfe5) c.j     pc - 8
core   0: 3 0x8000a848 (0xbfe5)
core   0: 0x8000a840 (0x00005f17) auipc   t5, 0x5
core   0: 3 0x8000a840 (0x00005f17) x30 0x8000f840
core   0: 0x8000a844 (0x7c3f2023) sw      gp, 1984(t5)
core   0: 3 0x8000a844 (0x7c3f2023) mem 0x80010000 0x00000001
core   0: 0x8000a848 (0x0000bfe5) c.j     pc - 8
core   0: 3 0x8000a848 (0xbfe5)
core   0: 0x8000a840 (0x00005f17) auipc   t5, 0x5
core   0: 3 0x8000a840 (0x00005f17) x30 0x8000f840
core   0: 0x8000a844 (0x7c3f2023) sw      gp, 1984(t5)
core   0: 3 0x8000a844 (0x7c3f2023) mem 0x80010000 0x00000001
core   0: 0x8000a848 (0x0000bfe5) c.j     pc - 8
core   0: 3 0x8000a848 (0xbfe5)
core   0: 0x8000a840 (0x00005f17) auipc   t5, 0x5
core   0: 3 0x8000a840 (0x00005f17) x30 0x8000f840
core   0: 0x8000a844 (0x7c3f2023) sw      gp, 1984(t5)
core   0: 3 0x8000a844 (0x7c3f2023) mem 0x80010000 0x00000001
core   0: 0x8000a848 (0x0000bfe5) c.j     pc - 8
core   0: 3 0x8000a848 (0xbfe5)
core   0: 0x8000a840 (0x00005f17) auipc   t5, 0x5
core   0: 3 0x8000a840 (0x00005f17) x30 0x8000f840
core   0: 0x8000a844 (0x7c3f2023) sw      gp, 1984(t5)
core   0: 3 0x8000a844 (0x7c3f2023) mem 0x80010000 0x00000001
core   0: 0x8000a848 (0x0000bfe5) c.j     pc - 8
core   0: 3 0x8000a848 (0xbfe5)
core   0: 0x8000a840 (0x00005f17) auipc   t5, 0x5
core   0: 3 0x8000a840 (0x00005f17) x30 0x8000f840
core   0: 0x8000a844 (0x7c3f2023) sw      gp, 1984(t5)
core   0: 3 0x8000a844 (0x7c3f2023) mem 0x80010000 0x00000001
core   0: 0x8000a848 (0x0000bfe5) c.j     pc - 8
core   0: 3 0x8000a848 (0xbfe5)
core   0: 0x8000a840 (0x00005f17) auipc   t5, 0x5
core   0: 3 0x8000a840 (0x00005f17) x30 0x8000f840
core   0: 0x8000a844 (0x7c3f2023) sw      gp, 1984(t5)
core   0: 3 0x8000a844 (0x7c3f2023) mem 0x80010000 0x00000001
core   0: 0x8000a848 (0x0000bfe5) c.j     pc - 8
core   0: 3 0x8000a848 (0xbfe5)
core   0: 0x8000a840 (0x00005f17) auipc   t5, 0x5
core   0: 3 0x8000a840 (0x00005f17) x30 0x8000f840
core   0: 0x8000a844 (0x7c3f2023) sw      gp, 1984(t5)
core   0: 3 0x8000a844 (0x7c3f2023) mem 0x80010000 0x00000001
core   0: 0x8000a848 (0x0000bfe5) c.j     pc - 8
core   0: 3 0x8000a848 (0xbfe5)
core   0: 0x8000a840 (0x00005f17) auipc   t5, 0x5
core   0: 3 0x8000a840 (0x00005f17) x30 0x8000f840
core   0: 0x8000a844 (0x7c3f2023) sw      gp, 1984(t5)
core   0: 3 0x8000a844 (0x7c3f2023) mem 0x80010000 0x00000001
core   0: 0x8000a848 (0x0000bfe5) c.j     pc - 8
core   0: 3 0x8000a848 (0xbfe5)
core   0: 0x8000a840 (0x00005f17) auipc   t5, 0x5
core   0: 3 0x8000a840 (0x00005f17) x30 0x8000f840
core   0: 0x8000a844 (0x7c3f2023) sw      gp, 1984(t5)
core   0: 3 0x8000a844 (0x7c3f2023) mem 0x80010000 0x00000001
core   0: 0x8000a848 (0x0000bfe5) c.j     pc - 8
core   0: 3 0x8000a848 (0xbfe5)
core   0: 0x8000a840 (0x00005f17) auipc   t5, 0x5
core   0: 3 0x8000a840 (0x00005f17) x30 0x8000f840
core   0: 0x8000a844 (0x7c3f2023) sw      gp, 1984(t5)
core   0: 3 0x8000a844 (0x7c3f2023) mem 0x80010000 0x00000001
core   0: 0x8000a848 (0x0000bfe5) c.j     pc - 8
core   0: 3 0x8000a848 (0xbfe5)
core   0: 0x8000a840 (0x00005f17) auipc   t5, 0x5
core   0: 3 0x8000a840 (0x00005f17) x30 0x8000f840
core   0: 0x8000a844 (0x7c3f2023) sw      gp, 1984(t5)
core   0: 3 0x8000a844 (0x7c3f2023) mem 0x80010000 0x00000001
core   0: 0x8000a848 (0x0000bfe5) c.j     pc - 8
core   0: 3 0x8000a848 (0xbfe5)
core   0: 0x8000a840 (0x00005f17) auipc   t5, 0x5
core   0: 3 0x8000a840 (0x00005f17) x30 0x8000f840
core   0: 0x8000a844 (0x7c3f2023) sw      gp, 1984(t5)
core   0: 3 0x8000a844 (0x7c3f2023) mem 0x80010000 0x00000001
core   0: 0x8000a848 (0x0000bfe5) c.j     pc - 8
core   0: 3 0x8000a848 (0xbfe5)
core   0: 0x8000a840 (0x00005f17) auipc   t5, 0x5
core   0: 3 0x8000a840 (0x00005f17) x30 0x8000f840
core   0: 0x8000a844 (0x7c3f2023) sw      gp, 1984(t5)
core   0: 3 0x8000a844 (0x7c3f2023) mem 0x80010000 0x00000001
core   0: 0x8000a848 (0x0000bfe5) c.j     pc - 8
core   0: 3 0x8000a848 (0xbfe5)
core   0: 0x8000a840 (0x00005f17) auipc   t5, 0x5
core   0: 3 0x8000a840 (0x00005f17) x30 0x8000f840
core   0: 0x8000a844 (0x7c3f2023) sw      gp, 1984(t5)
core   0: 3 0x8000a844 (0x7c3f2023) mem 0x80010000 0x00000001
core   0: 0x8000a848 (0x0000bfe5) c.j     pc - 8
core   0: 3 0x8000a848 (0xbfe5)
core   0: 0x8000a840 (0x00005f17) auipc   t5, 0x5
core   0: 3 0x8000a840 (0x00005f17) x30 0x8000f840
core   0: 0x8000a844 (0x7c3f2023) sw      gp, 1984(t5)
core   0: 3 0x8000a844 (0x7c3f2023) mem 0x80010000 0x00000001
core   0: 0x8000a848 (0x0000bfe5) c.j     pc - 8
core   0: 3 0x8000a848 (0xbfe5)
core   0: 0x8000a840 (0x00005f17) auipc   t5, 0x5
core   0: 3 0x8000a840 (0x00005f17) x30 0x8000f840
core   0: 0x8000a844 (0x7c3f2023) sw      gp, 1984(t5)
core   0: 3 0x8000a844 (0x7c3f2023) mem 0x80010000 0x00000001
core   0: 0x8000a848 (0x0000bfe5) c.j     pc - 8
core   0: 3 0x8000a848 (0xbfe5)
core   0: 0x8000a840 (0x00005f17) auipc   t5, 0x5
core   0: 3 0x8000a840 (0x00005f17) x30 0x8000f840
core   0: 0x8000a844 (0x7c3f2023) sw      gp, 1984(t5)
core   0: 3 0x8000a844 (0x7c3f2023) mem 0x80010000 0x00000001
core   0: 0x8000a848 (0x0000bfe5) c.j     pc - 8
core   0: 3 0x8000a848 (0xbfe5)
core   0: 0x8000a840 (0x00005f17) auipc   t5, 0x5
core   0: 3 0x8000a840 (0x00005f17) x30 0x8000f840
core   0: 0x8000a844 (0x7c3f2023) sw      gp, 1984(t5)
core   0: 3 0x8000a844 (0x7c3f2023) mem 0x80010000 0x00000001
core   0: 0x8000a848 (0x0000bfe5) c.j     pc - 8
core   0: 3 0x8000a848 (0xbfe5)
core   0: 0x8000a840 (0x00005f17) auipc   t5, 0x5
core   0: 3 0x8000a840 (0x00005f17) x30 0x8000f840
core   0: 0x8000a844 (0x7c3f2023) sw      gp, 1984(t5)
core   0: 3 0x8000a844 (0x7c3f2023) mem 0x80010000 0x00000001
core   0: 0x8000a848 (0x0000bfe5) c.j     pc - 8
core   0: 3 0x8000a848 (0xbfe5)
core   0: 0x8000a840 (0x00005f17) auipc   t5, 0x5
core   0: 3 0x8000a840 (0x00005f17) x30 0x8000f840
core   0: 0x8000a844 (0x7c3f2023) sw      gp, 1984(t5)
core   0: 3 0x8000a844 (0x7c3f2023) mem 0x80010000 0x00000001
core   0: 0x8000a848 (0x0000bfe5) c.j     pc - 8
core   0: 3 0x8000a848 (0xbfe5)
core   0: 0x8000a840 (0x00005f17) auipc   t5, 0x5
core   0: 3 0x8000a840 (0x00005f17) x30 0x8000f840
core   0: 0x8000a844 (0x7c3f2023) sw      gp, 1984(t5)
core   0: 3 0x8000a844 (0x7c3f2023) mem 0x80010000 0x00000001
core   0: 0x8000a848 (0x0000bfe5) c.j     pc - 8
core   0: 3 0x8000a848 (0xbfe5)
core   0: 0x8000a840 (0x00005f17) auipc   t5, 0x5
core   0: 3 0x8000a840 (0x00005f17) x30 0x8000f840
core   0: 0x8000a844 (0x7c3f2023) sw      gp, 1984(t5)
core   0: 3 0x8000a844 (0x7c3f2023) mem 0x80010000 0x00000001
core   0: 0x8000a848 (0x0000bfe5) c.j     pc - 8
core   0: 3 0x8000a848 (0xbfe5)
core   0: 0x8000a840 (0x00005f17) auipc   t5, 0x5
core   0: 3 0x8000a840 (0x00005f17) x30 0x8000f840
core   0: 0x8000a844 (0x7c3f2023) sw      gp, 1984(t5)
core   0: 3 0x8000a844 (0x7c3f2023) mem 0x80010000 0x00000001
core   0: 0x8000a848 (0x0000bfe5) c.j     pc - 8
core   0: 3 0x8000a848 (0xbfe5)
core   0: 0x8000a840 (0x00005f17) auipc   t5, 0x5
core   0: 3 0x8000a840 (0x00005f17) x30 0x8000f840
core   0: 0x8000a844 (0x7c3f2023) sw      gp, 1984(t5)
core   0: 3 0x8000a844 (0x7c3f2023) mem 0x80010000 0x00000001
core   0: 0x8000a848 (0x0000bfe5) c.j     pc - 8
core   0: 3 0x8000a848 (0xbfe5)
core   0: 0x8000a840 (0x00005f17) auipc   t5, 0x5
core   0: 3 0x8000a840 (0x00005f17) x30 0x8000f840
core   0: 0x8000a844 (0x7c3f2023) sw      gp, 1984(t5)
core   0: 3 0x8000a844 (0x7c3f2023) mem 0x80010000 0x00000001
core   0: 0x8000a848 (0x0000bfe5) c.j     pc - 8
core   0: 3 0x8000a848 (0xbfe5)
core   0: 0x8000a840 (0x00005f17) auipc   t5, 0x5
core   0: 3 0x8000a840 (0x00005f17) x30 0x8000f840
core   0: 0x8000a844 (0x7c3f2023) sw      gp, 1984(t5)
core   0: 3 0x8000a844 (0x7c3f2023) mem 0x80010000 0x00000001
core   0: 0x8000a848 (0x0000bfe5) c.j     pc - 8
core   0: 3 0x8000a848 (0xbfe5)
core   0: 0x8000a840 (0x00005f17) auipc   t5, 0x5
core   0: 3 0x8000a840 (0x00005f17) x30 0x8000f840
core   0: 0x8000a844 (0x7c3f2023) sw      gp, 1984(t5)
core   0: 3 0x8000a844 (0x7c3f2023) mem 0x80010000 0x00000001
core   0: 0x8000a848 (0x0000bfe5) c.j     pc - 8
core   0: 3 0x8000a848 (0xbfe5)
core   0: 0x8000a840 (0x00005f17) auipc   t5, 0x5
core   0: 3 0x8000a840 (0x00005f17) x30 0x8000f840
core   0: 0x8000a844 (0x7c3f2023) sw      gp, 1984(t5)
core   0: 3 0x8000a844 (0x7c3f2023) mem 0x80010000 0x00000001
core   0: 0x8000a848 (0x0000bfe5) c.j     pc - 8
core   0: 3 0x8000a848 (0xbfe5)
core   0: 0x8000a840 (0x00005f17) auipc   t5, 0x5
core   0: 3 0x8000a840 (0x00005f17) x30 0x8000f840
core   0: 0x8000a844 (0x7c3f2023) sw      gp, 1984(t5)
core   0: 3 0x8000a844 (0x7c3f2023) mem 0x80010000 0x00000001
core   0: 0x8000a848 (0x0000bfe5) c.j     pc - 8
core   0: 3 0x8000a848 (0xbfe5)
core   0: 0x8000a840 (0x00005f17) auipc   t5, 0x5
core   0: 3 0x8000a840 (0x00005f17) x30 0x8000f840
core   0: 0x8000a844 (0x7c3f2023) sw      gp, 1984(t5)
core   0: 3 0x8000a844 (0x7c3f2023) mem 0x80010000 0x00000001
core   0: 0x8000a848 (0x0000bfe5) c.j     pc - 8
core   0: 3 0x8000a848 (0xbfe5)
core   0: 0x8000a840 (0x00005f17) auipc   t5, 0x5
core   0: 3 0x8000a840 (0x00005f17) x30 0x8000f840
core   0: 0x8000a844 (0x7c3f2023) sw      gp, 1984(t5)
core   0: 3 0x8000a844 (0x7c3f2023) mem 0x80010000 0x00000001
core   0: 0x8000a848 (0x0000bfe5) c.j     pc - 8
core   0: 3 0x8000a848 (0xbfe5)
core   0: 0x8000a840 (0x00005f17) auipc   t5, 0x5
core   0: 3 0x8000a840 (0x00005f17) x30 0x8000f840
core   0: 0x8000a844 (0x7c3f2023) sw      gp, 1984(t5)
core   0: 3 0x8000a844 (0x7c3f2023) mem 0x80010000 0x00000001
core   0: 0x8000a848 (0x0000bfe5) c.j     pc - 8
core   0: 3 0x8000a848 (0xbfe5)
core   0: 0x8000a840 (0x00005f17) auipc   t5, 0x5
core   0: 3 0x8000a840 (0x00005f17) x30 0x8000f840
core   0: 0x8000a844 (0x7c3f2023) sw      gp, 1984(t5)
core   0: 3 0x8000a844 (0x7c3f2023) mem 0x80010000 0x00000001
core   0: 0x8000a848 (0x0000bfe5) c.j     pc - 8
core   0: 3 0x8000a848 (0xbfe5)
core   0: 0x8000a840 (0x00005f17) auipc   t5, 0x5
core   0: 3 0x8000a840 (0x00005f17) x30 0x8000f840
core   0: 0x8000a844 (0x7c3f2023) sw      gp, 1984(t5)
core   0: 3 0x8000a844 (0x7c3f2023) mem 0x80010000 0x00000001
core   0: 0x8000a848 (0x0000bfe5) c.j     pc - 8
core   0: 3 0x8000a848 (0xbfe5)
core   0: 0x8000a840 (0x00005f17) auipc   t5, 0x5
core   0: 3 0x8000a840 (0x00005f17) x30 0x8000f840
core   0: 0x8000a844 (0x7c3f2023) sw      gp, 1984(t5)
core   0: 3 0x8000a844 (0x7c3f2023) mem 0x80010000 0x00000001
core   0: 0x8000a848 (0x0000bfe5) c.j     pc - 8
core   0: 3 0x8000a848 (0xbfe5)
core   0: 0x8000a840 (0x00005f17) auipc   t5, 0x5
core   0: 3 0x8000a840 (0x00005f17) x30 0x8000f840
core   0: 0x8000a844 (0x7c3f2023) sw      gp, 1984(t5)
core   0: 3 0x8000a844 (0x7c3f2023) mem 0x80010000 0x00000001
core   0: 0x8000a848 (0x0000bfe5) c.j     pc - 8
core   0: 3 0x8000a848 (0xbfe5)
core   0: 0x8000a840 (0x00005f17) auipc   t5, 0x5
core   0: 3 0x8000a840 (0x00005f17) x30 0x8000f840
core   0: 0x8000a844 (0x7c3f2023) sw      gp, 1984(t5)
core   0: 3 0x8000a844 (0x7c3f2023) mem 0x80010000 0x00000001
core   0: 0x8000a848 (0x0000bfe5) c.j     pc - 8
core   0: 3 0x8000a848 (0xbfe5)
core   0: 0x8000a840 (0x00005f17) auipc   t5, 0x5
core   0: 3 0x8000a840 (0x00005f17) x30 0x8000f840
core   0: 0x8000a844 (0x7c3f2023) sw      gp, 1984(t5)
core   0: 3 0x8000a844 (0x7c3f2023) mem 0x80010000 0x00000001
core   0: 0x8000a848 (0x0000bfe5) c.j     pc - 8
core   0: 3 0x8000a848 (0xbfe5)
core   0: 0x8000a840 (0x00005f17) auipc   t5, 0x5
core   0: 3 0x8000a840 (0x00005f17) x30 0x8000f840
core   0: 0x8000a844 (0x7c3f2023) sw      gp, 1984(t5)
core   0: 3 0x8000a844 (0x7c3f2023) mem 0x80010000 0x00000001
core   0: 0x8000a848 (0x0000bfe5) c.j     pc - 8
core   0: 3 0x8000a848 (0xbfe5)
core   0: 0x8000a840 (0x00005f17) auipc   t5, 0x5
core   0: 3 0x8000a840 (0x00005f17) x30 0x8000f840
core   0: 0x8000a844 (0x7c3f2023) sw      gp, 1984(t5)
core   0: 3 0x8000a844 (0x7c3f2023) mem 0x80010000 0x00000001
core   0: 0x8000a848 (0x0000bfe5) c.j     pc - 8
core   0: 3 0x8000a848 (0xbfe5)
core   0: 0x8000a840 (0x00005f17) auipc   t5, 0x5
core   0: 3 0x8000a840 (0x00005f17) x30 0x8000f840
core   0: 0x8000a844 (0x7c3f2023) sw      gp, 1984(t5)
core   0: 3 0x8000a844 (0x7c3f2023) mem 0x80010000 0x00000001
core   0: 0x8000a848 (0x0000bfe5) c.j     pc - 8
core   0: 3 0x8000a848 (0xbfe5)
core   0: 0x8000a840 (0x00005f17) auipc   t5, 0x5
core   0: 3 0x8000a840 (0x00005f17) x30 0x8000f840
core   0: 0x8000a844 (0x7c3f2023) sw      gp, 1984(t5)
core   0: 3 0x8000a844 (0x7c3f2023) mem 0x80010000 0x00000001
core   0: 0x8000a848 (0x0000bfe5) c.j     pc - 8
core   0: 3 0x8000a848 (0xbfe5)
core   0: 0x8000a840 (0x00005f17) auipc   t5, 0x5
core   0: 3 0x8000a840 (0x00005f17) x30 0x8000f840
core   0: 0x8000a844 (0x7c3f2023) sw      gp, 1984(t5)
core   0: 3 0x8000a844 (0x7c3f2023) mem 0x80010000 0x00000001
core   0: 0x8000a848 (0x0000bfe5) c.j     pc - 8
core   0: 3 0x8000a848 (0xbfe5)
core   0: 0x8000a840 (0x00005f17) auipc   t5, 0x5
core   0: 3 0x8000a840 (0x00005f17) x30 0x8000f840
core   0: 0x8000a844 (0x7c3f2023) sw      gp, 1984(t5)
core   0: 3 0x8000a844 (0x7c3f2023) mem 0x80010000 0x00000001
core   0: 0x8000a848 (0x0000bfe5) c.j     pc - 8
core   0: 3 0x8000a848 (0xbfe5)
core   0: 0x8000a840 (0x00005f17) auipc   t5, 0x5
core   0: 3 0x8000a840 (0x00005f17) x30 0x8000f840
core   0: 0x8000a844 (0x7c3f2023) sw      gp, 1984(t5)
core   0: 3 0x8000a844 (0x7c3f2023) mem 0x80010000 0x00000001
core   0: 0x8000a848 (0x0000bfe5) c.j     pc - 8
core   0: 3 0x8000a848 (0xbfe5)
core   0: 0x8000a840 (0x00005f17) auipc   t5, 0x5
core   0: 3 0x8000a840 (0x00005f17) x30 0x8000f840
core   0: 0x8000a844 (0x7c3f2023) sw      gp, 1984(t5)
core   0: 3 0x8000a844 (0x7c3f2023) mem 0x80010000 0x00000001
core   0: 0x8000a848 (0x0000bfe5) c.j     pc - 8
core   0: 3 0x8000a848 (0xbfe5)
core   0: 0x8000a840 (0x00005f17) auipc   t5, 0x5
core   0: 3 0x8000a840 (0x00005f17) x30 0x8000f840
core   0: 0x8000a844 (0x7c3f2023) sw      gp, 1984(t5)
core   0: 3 0x8000a844 (0x7c3f2023) mem 0x80010000 0x00000001
core   0: 0x8000a848 (0x0000bfe5) c.j     pc - 8
core   0: 3 0x8000a848 (0xbfe5)
core   0: 0x8000a840 (0x00005f17) auipc   t5, 0x5
core   0: 3 0x8000a840 (0x00005f17) x30 0x8000f840
core   0: 0x8000a844 (0x7c3f2023) sw      gp, 1984(t5)
core   0: 3 0x8000a844 (0x7c3f2023) mem 0x80010000 0x00000001
core   0: 0x8000a848 (0x0000bfe5) c.j     pc - 8
core   0: 3 0x8000a848 (0xbfe5)
core   0: 0x8000a840 (0x00005f17) auipc   t5, 0x5
core   0: 3 0x8000a840 (0x00005f17) x30 0x8000f840
core   0: 0x8000a844 (0x7c3f2023) sw      gp, 1984(t5)
core   0: 3 0x8000a844 (0x7c3f2023) mem 0x80010000 0x00000001
core   0: 0x8000a848 (0x0000bfe5) c.j     pc - 8
core   0: 3 0x8000a848 (0xbfe5)
core   0: 0x8000a840 (0x00005f17) auipc   t5, 0x5
core   0: 3 0x8000a840 (0x00005f17) x30 0x8000f840
core   0: 0x8000a844 (0x7c3f2023) sw      gp, 1984(t5)
core   0: 3 0x8000a844 (0x7c3f2023) mem 0x80010000 0x00000001
core   0: 0x8000a848 (0x0000bfe5) c.j     pc - 8
core   0: 3 0x8000a848 (0xbfe5)
core   0: 0x8000a840 (0x00005f17) auipc   t5, 0x5
core   0: 3 0x8000a840 (0x00005f17) x30 0x8000f840
core   0: 0x8000a844 (0x7c3f2023) sw      gp, 1984(t5)
core   0: 3 0x8000a844 (0x7c3f2023) mem 0x80010000 0x00000001
core   0: 0x8000a848 (0x0000bfe5) c.j     pc - 8
core   0: 3 0x8000a848 (0xbfe5)
core   0: 0x8000a840 (0x00005f17) auipc   t5, 0x5
core   0: 3 0x8000a840 (0x00005f17) x30 0x8000f840
core   0: 0x8000a844 (0x7c3f2023) sw      gp, 1984(t5)
core   0: 3 0x8000a844 (0x7c3f2023) mem 0x80010000 0x00000001
core   0: 0x8000a848 (0x0000bfe5) c.j     pc - 8
core   0: 3 0x8000a848 (0xbfe5)
core   0: 0x8000a840 (0x00005f17) auipc   t5, 0x5
core   0: 3 0x8000a840 (0x00005f17) x30 0x8000f840
core   0: 0x8000a844 (0x7c3f2023) sw      gp, 1984(t5)
core   0: 3 0x8000a844 (0x7c3f2023) mem 0x80010000 0x00000001
core   0: 0x8000a848 (0x0000bfe5) c.j     pc - 8
core   0: 3 0x8000a848 (0xbfe5)
core   0: 0x8000a840 (0x00005f17) auipc   t5, 0x5
core   0: 3 0x8000a840 (0x00005f17) x30 0x8000f840
core   0: 0x8000a844 (0x7c3f2023) sw      gp, 1984(t5)
core   0: 3 0x8000a844 (0x7c3f2023) mem 0x80010000 0x00000001
core   0: 0x8000a848 (0x0000bfe5) c.j     pc - 8
core   0: 3 0x8000a848 (0xbfe5)
core   0: 0x8000a840 (0x00005f17) auipc   t5, 0x5
core   0: 3 0x8000a840 (0x00005f17) x30 0x8000f840
core   0: 0x8000a844 (0x7c3f2023) sw      gp, 1984(t5)
core   0: 3 0x8000a844 (0x7c3f2023) mem 0x80010000 0x00000001
core   0: 0x8000a848 (0x0000bfe5) c.j     pc - 8
core   0: 3 0x8000a848 (0xbfe5)
core   0: 0x8000a840 (0x00005f17) auipc   t5, 0x5
core   0: 3 0x8000a840 (0x00005f17) x30 0x8000f840
core   0: 0x8000a844 (0x7c3f2023) sw      gp, 1984(t5)
core   0: 3 0x8000a844 (0x7c3f2023) mem 0x80010000 0x00000001
core   0: 0x8000a848 (0x0000bfe5) c.j     pc - 8
core   0: 3 0x8000a848 (0xbfe5)
core   0: 0x8000a840 (0x00005f17) auipc   t5, 0x5
core   0: 3 0x8000a840 (0x00005f17) x30 0x8000f840
core   0: 0x8000a844 (0x7c3f2023) sw      gp, 1984(t5)
core   0: 3 0x8000a844 (0x7c3f2023) mem 0x80010000 0x00000001
core   0: 0x8000a848 (0x0000bfe5) c.j     pc - 8
core   0: 3 0x8000a848 (0xbfe5)
core   0: 0x8000a840 (0x00005f17) auipc   t5, 0x5
core   0: 3 0x8000a840 (0x00005f17) x30 0x8000f840
core   0: 0x8000a844 (0x7c3f2023) sw      gp, 1984(t5)
core   0: 3 0x8000a844 (0x7c3f2023) mem 0x80010000 0x00000001
core   0: 0x8000a848 (0x0000bfe5) c.j     pc - 8
core   0: 3 0x8000a848 (0xbfe5)
core   0: 0x8000a840 (0x00005f17) auipc   t5, 0x5
core   0: 3 0x8000a840 (0x00005f17) x30 0x8000f840
core   0: 0x8000a844 (0x7c3f2023) sw      gp, 1984(t5)
core   0: 3 0x8000a844 (0x7c3f2023) mem 0x80010000 0x00000001
core   0: 0x8000a848 (0x0000bfe5) c.j     pc - 8
core   0: 3 0x8000a848 (0xbfe5)
core   0: 0x8000a840 (0x00005f17) auipc   t5, 0x5
core   0: 3 0x8000a840 (0x00005f17) x30 0x8000f840
core   0: 0x8000a844 (0x7c3f2023) sw      gp, 1984(t5)
core   0: 3 0x8000a844 (0x7c3f2023) mem 0x80010000 0x00000001
core   0: 0x8000a848 (0x0000bfe5) c.j     pc - 8
core   0: 3 0x8000a848 (0xbfe5)
core   0: 0x8000a840 (0x00005f17) auipc   t5, 0x5
core   0: 3 0x8000a840 (0x00005f17) x30 0x8000f840
core   0: 0x8000a844 (0x7c3f2023) sw      gp, 1984(t5)
core   0: 3 0x8000a844 (0x7c3f2023) mem 0x80010000 0x00000001
core   0: 0x8000a848 (0x0000bfe5) c.j     pc - 8
core   0: 3 0x8000a848 (0xbfe5)
core   0: 0x8000a840 (0x00005f17) auipc   t5, 0x5
core   0: 3 0x8000a840 (0x00005f17) x30 0x8000f840
core   0: 0x8000a844 (0x7c3f2023) sw      gp, 1984(t5)
core   0: 3 0x8000a844 (0x7c3f2023) mem 0x80010000 0x00000001
core   0: 0x8000a848 (0x0000bfe5) c.j     pc - 8
core   0: 3 0x8000a848 (0xbfe5)
core   0: 0x8000a840 (0x00005f17) auipc   t5, 0x5
core   0: 3 0x8000a840 (0x00005f17) x30 0x8000f840
core   0: 0x8000a844 (0x7c3f2023) sw      gp, 1984(t5)
core   0: 3 0x8000a844 (0x7c3f2023) mem 0x80010000 0x00000001
core   0: 0x8000a848 (0x0000bfe5) c.j     pc - 8
core   0: 3 0x8000a848 (0xbfe5)
core   0: 0x8000a840 (0x00005f17) auipc   t5, 0x5
core   0: 3 0x8000a840 (0x00005f17) x30 0x8000f840
core   0: 0x8000a844 (0x7c3f2023) sw      gp, 1984(t5)
core   0: 3 0x8000a844 (0x7c3f2023) mem 0x80010000 0x00000001
core   0: 0x8000a848 (0x0000bfe5) c.j     pc - 8
core   0: 3 0x8000a848 (0xbfe5)
core   0: 0x8000a840 (0x00005f17) auipc   t5, 0x5
core   0: 3 0x8000a840 (0x00005f17) x30 0x8000f840
core   0: 0x8000a844 (0x7c3f2023) sw      gp, 1984(t5)
core   0: 3 0x8000a844 (0x7c3f2023) mem 0x80010000 0x00000001
core   0: 0x8000a848 (0x0000bfe5) c.j     pc - 8
core   0: 3 0x8000a848 (0xbfe5)
core   0: 0x8000a840 (0x00005f17) auipc   t5, 0x5
core   0: 3 0x8000a840 (0x00005f17) x30 0x8000f840
core   0: 0x8000a844 (0x7c3f2023) sw      gp, 1984(t5)
core   0: 3 0x8000a844 (0x7c3f2023) mem 0x80010000 0x00000001
core   0: 0x8000a848 (0x0000bfe5) c.j     pc - 8
core   0: 3 0x8000a848 (0xbfe5)
core   0: 0x8000a840 (0x00005f17) auipc   t5, 0x5
core   0: 3 0x8000a840 (0x00005f17) x30 0x8000f840
core   0: 0x8000a844 (0x7c3f2023) sw      gp, 1984(t5)
core   0: 3 0x8000a844 (0x7c3f2023) mem 0x80010000 0x00000001
core   0: 0x8000a848 (0x0000bfe5) c.j     pc - 8
core   0: 3 0x8000a848 (0xbfe5)
core   0: 0x8000a840 (0x00005f17) auipc   t5, 0x5
core   0: 3 0x8000a840 (0x00005f17) x30 0x8000f840
core   0: 0x8000a844 (0x7c3f2023) sw      gp, 1984(t5)
core   0: 3 0x8000a844 (0x7c3f2023) mem 0x80010000 0x00000001
core   0: 0x8000a848 (0x0000bfe5) c.j     pc - 8
core   0: 3 0x8000a848 (0xbfe5)
core   0: 0x8000a840 (0x00005f17) auipc   t5, 0x5
core   0: 3 0x8000a840 (0x00005f17) x30 0x8000f840
core   0: 0x8000a844 (0x7c3f2023) sw      gp, 1984(t5)
core   0: 3 0x8000a844 (0x7c3f2023) mem 0x80010000 0x00000001
core   0: 0x8000a848 (0x0000bfe5) c.j     pc - 8
core   0: 3 0x8000a848 (0xbfe5)
core   0: 0x8000a840 (0x00005f17) auipc   t5, 0x5
core   0: 3 0x8000a840 (0x00005f17) x30 0x8000f840
core   0: 0x8000a844 (0x7c3f2023) sw      gp, 1984(t5)
core   0: 3 0x8000a844 (0x7c3f2023) mem 0x80010000 0x00000001
core   0: 0x8000a848 (0x0000bfe5) c.j     pc - 8
core   0: 3 0x8000a848 (0xbfe5)
core   0: 0x8000a840 (0x00005f17) auipc   t5, 0x5
core   0: 3 0x8000a840 (0x00005f17) x30 0x8000f840
core   0: 0x8000a844 (0x7c3f2023) sw      gp, 1984(t5)
core   0: 3 0x8000a844 (0x7c3f2023) mem 0x80010000 0x00000001
core   0: 0x8000a848 (0x0000bfe5) c.j     pc - 8
core   0: 3 0x8000a848 (0xbfe5)
core   0: 0x8000a840 (0x00005f17) auipc   t5, 0x5
core   0: 3 0x8000a840 (0x00005f17) x30 0x8000f840
core   0: 0x8000a844 (0x7c3f2023) sw      gp, 1984(t5)
core   0: 3 0x8000a844 (0x7c3f2023) mem 0x80010000 0x00000001
core   0: 0x8000a848 (0x0000bfe5) c.j     pc - 8
core   0: 3 0x8000a848 (0xbfe5)
core   0: 0x8000a840 (0x00005f17) auipc   t5, 0x5
core   0: 3 0x8000a840 (0x00005f17) x30 0x8000f840
core   0: 0x8000a844 (0x7c3f2023) sw      gp, 1984(t5)
core   0: 3 0x8000a844 (0x7c3f2023) mem 0x80010000 0x00000001
core   0: 0x8000a848 (0x0000bfe5) c.j     pc - 8
core   0: 3 0x8000a848 (0xbfe5)
core   0: 0x8000a840 (0x00005f17) auipc   t5, 0x5
core   0: 3 0x8000a840 (0x00005f17) x30 0x8000f840
core   0: 0x8000a844 (0x7c3f2023) sw      gp, 1984(t5)
core   0: 3 0x8000a844 (0x7c3f2023) mem 0x80010000 0x00000001
core   0: 0x8000a848 (0x0000bfe5) c.j     pc - 8
core   0: 3 0x8000a848 (0xbfe5)
core   0: 0x8000a840 (0x00005f17) auipc   t5, 0x5
core   0: 3 0x8000a840 (0x00005f17) x30 0x8000f840
core   0: 0x8000a844 (0x7c3f2023) sw      gp, 1984(t5)
core   0: 3 0x8000a844 (0x7c3f2023) mem 0x80010000 0x00000001
core   0: 0x8000a848 (0x0000bfe5) c.j     pc - 8
core   0: 3 0x8000a848 (0xbfe5)
core   0: 0x8000a840 (0x00005f17) auipc   t5, 0x5
core   0: 3 0x8000a840 (0x00005f17) x30 0x8000f840
core   0: 0x8000a844 (0x7c3f2023) sw      gp, 1984(t5)
core   0: 3 0x8000a844 (0x7c3f2023) mem 0x80010000 0x00000001
core   0: 0x8000a848 (0x0000bfe5) c.j     pc - 8
core   0: 3 0x8000a848 (0xbfe5)
core   0: 0x8000a840 (0x00005f17) auipc   t5, 0x5
core   0: 3 0x8000a840 (0x00005f17) x30 0x8000f840
core   0: 0x8000a844 (0x7c3f2023) sw      gp, 1984(t5)
core   0: 3 0x8000a844 (0x7c3f2023) mem 0x80010000 0x00000001
core   0: 0x8000a848 (0x0000bfe5) c.j     pc - 8
core   0: 3 0x8000a848 (0xbfe5)
core   0: 0x8000a840 (0x00005f17) auipc   t5, 0x5
core   0: 3 0x8000a840 (0x00005f17) x30 0x8000f840
core   0: 0x8000a844 (0x7c3f2023) sw      gp, 1984(t5)
core   0: 3 0x8000a844 (0x7c3f2023) mem 0x80010000 0x00000001
core   0: 0x8000a848 (0x0000bfe5) c.j     pc - 8
core   0: 3 0x8000a848 (0xbfe5)
core   0: 0x8000a840 (0x00005f17) auipc   t5, 0x5
core   0: 3 0x8000a840 (0x00005f17) x30 0x8000f840
core   0: 0x8000a844 (0x7c3f2023) sw      gp, 1984(t5)
core   0: 3 0x8000a844 (0x7c3f2023) mem 0x80010000 0x00000001
core   0: 0x8000a848 (0x0000bfe5) c.j     pc - 8
core   0: 3 0x8000a848 (0xbfe5)
core   0: 0x8000a840 (0x00005f17) auipc   t5, 0x5
core   0: 3 0x8000a840 (0x00005f17) x30 0x8000f840
core   0: 0x8000a844 (0x7c3f2023) sw      gp, 1984(t5)
core   0: 3 0x8000a844 (0x7c3f2023) mem 0x80010000 0x00000001
core   0: 0x8000a848 (0x0000bfe5) c.j     pc - 8
core   0: 3 0x8000a848 (0xbfe5)
core   0: 0x8000a840 (0x00005f17) auipc   t5, 0x5
core   0: 3 0x8000a840 (0x00005f17) x30 0x8000f840
core   0: 0x8000a844 (0x7c3f2023) sw      gp, 1984(t5)
core   0: 3 0x8000a844 (0x7c3f2023) mem 0x80010000 0x00000001
core   0: 0x8000a848 (0x0000bfe5) c.j     pc - 8
core   0: 3 0x8000a848 (0xbfe5)
core   0: 0x8000a840 (0x00005f17) auipc   t5, 0x5
core   0: 3 0x8000a840 (0x00005f17) x30 0x8000f840
core   0: 0x8000a844 (0x7c3f2023) sw      gp, 1984(t5)
core   0: 3 0x8000a844 (0x7c3f2023) mem 0x80010000 0x00000001
core   0: 0x8000a848 (0x0000bfe5) c.j     pc - 8
core   0: 3 0x8000a848 (0xbfe5)
core   0: 0x8000a840 (0x00005f17) auipc   t5, 0x5
core   0: 3 0x8000a840 (0x00005f17) x30 0x8000f840
core   0: 0x8000a844 (0x7c3f2023) sw      gp, 1984(t5)
core   0: 3 0x8000a844 (0x7c3f2023) mem 0x80010000 0x00000001
core   0: 0x8000a848 (0x0000bfe5) c.j     pc - 8
core   0: 3 0x8000a848 (0xbfe5)
core   0: 0x8000a840 (0x00005f17) auipc   t5, 0x5
core   0: 3 0x8000a840 (0x00005f17) x30 0x8000f840
core   0: 0x8000a844 (0x7c3f2023) sw      gp, 1984(t5)
core   0: 3 0x8000a844 (0x7c3f2023) mem 0x80010000 0x00000001
core   0: 0x8000a848 (0x0000bfe5) c.j     pc - 8
core   0: 3 0x8000a848 (0xbfe5)
core   0: 0x8000a840 (0x00005f17) auipc   t5, 0x5
core   0: 3 0x8000a840 (0x00005f17) x30 0x8000f840
core   0: 0x8000a844 (0x7c3f2023) sw      gp, 1984(t5)
core   0: 3 0x8000a844 (0x7c3f2023) mem 0x80010000 0x00000001
core   0: 0x8000a848 (0x0000bfe5) c.j     pc - 8
core   0: 3 0x8000a848 (0xbfe5)
core   0: 0x8000a840 (0x00005f17) auipc   t5, 0x5
core   0: 3 0x8000a840 (0x00005f17) x30 0x8000f840
core   0: 0x8000a844 (0x7c3f2023) sw      gp, 1984(t5)
core   0: 3 0x8000a844 (0x7c3f2023) mem 0x80010000 0x00000001
core   0: 0x8000a848 (0x0000bfe5) c.j     pc - 8
core   0: 3 0x8000a848 (0xbfe5)
core   0: 0x8000a840 (0x00005f17) auipc   t5, 0x5
core   0: 3 0x8000a840 (0x00005f17) x30 0x8000f840
core   0: 0x8000a844 (0x7c3f2023) sw      gp, 1984(t5)
core   0: 3 0x8000a844 (0x7c3f2023) mem 0x80010000 0x00000001
core   0: 0x8000a848 (0x0000bfe5) c.j     pc - 8
core   0: 3 0x8000a848 (0xbfe5)
core   0: 0x8000a840 (0x00005f17) auipc   t5, 0x5
core   0: 3 0x8000a840 (0x00005f17) x30 0x8000f840
core   0: 0x8000a844 (0x7c3f2023) sw      gp, 1984(t5)
core   0: 3 0x8000a844 (0x7c3f2023) mem 0x80010000 0x00000001
core   0: 0x8000a848 (0x0000bfe5) c.j     pc - 8
core   0: 3 0x8000a848 (0xbfe5)
core   0: 0x8000a840 (0x00005f17) auipc   t5, 0x5
core   0: 3 0x8000a840 (0x00005f17) x30 0x8000f840
core   0: 0x8000a844 (0x7c3f2023) sw      gp, 1984(t5)
core   0: 3 0x8000a844 (0x7c3f2023) mem 0x80010000 0x00000001
core   0: 0x8000a848 (0x0000bfe5) c.j     pc - 8
core   0: 3 0x8000a848 (0xbfe5)
core   0: 0x8000a840 (0x00005f17) auipc   t5, 0x5
core   0: 3 0x8000a840 (0x00005f17) x30 0x8000f840
core   0: 0x8000a844 (0x7c3f2023) sw      gp, 1984(t5)
core   0: 3 0x8000a844 (0x7c3f2023) mem 0x80010000 0x00000001
core   0: 0x8000a848 (0x0000bfe5) c.j     pc - 8
core   0: 3 0x8000a848 (0xbfe5)
core   0: 0x8000a840 (0x00005f17) auipc   t5, 0x5
core   0: 3 0x8000a840 (0x00005f17) x30 0x8000f840
core   0: 0x8000a844 (0x7c3f2023) sw      gp, 1984(t5)
core   0: 3 0x8000a844 (0x7c3f2023) mem 0x80010000 0x00000001
core   0: 0x8000a848 (0x0000bfe5) c.j     pc - 8
core   0: 3 0x8000a848 (0xbfe5)
core   0: 0x8000a840 (0x00005f17) auipc   t5, 0x5
core   0: 3 0x8000a840 (0x00005f17) x30 0x8000f840
core   0: 0x8000a844 (0x7c3f2023) sw      gp, 1984(t5)
core   0: 3 0x8000a844 (0x7c3f2023) mem 0x80010000 0x00000001
core   0: 0x8000a848 (0x0000bfe5) c.j     pc - 8
core   0: 3 0x8000a848 (0xbfe5)
core   0: 0x8000a840 (0x00005f17) auipc   t5, 0x5
core   0: 3 0x8000a840 (0x00005f17) x30 0x8000f840
core   0: 0x8000a844 (0x7c3f2023) sw      gp, 1984(t5)
core   0: 3 0x8000a844 (0x7c3f2023) mem 0x80010000 0x00000001
core   0: 0x8000a848 (0x0000bfe5) c.j     pc - 8
core   0: 3 0x8000a848 (0xbfe5)
core   0: 0x8000a840 (0x00005f17) auipc   t5, 0x5
core   0: 3 0x8000a840 (0x00005f17) x30 0x8000f840
core   0: 0x8000a844 (0x7c3f2023) sw      gp, 1984(t5)
core   0: 3 0x8000a844 (0x7c3f2023) mem 0x80010000 0x00000001
core   0: 0x8000a848 (0x0000bfe5) c.j     pc - 8
core   0: 3 0x8000a848 (0xbfe5)
core   0: 0x8000a840 (0x00005f17) auipc   t5, 0x5
core   0: 3 0x8000a840 (0x00005f17) x30 0x8000f840
core   0: 0x8000a844 (0x7c3f2023) sw      gp, 1984(t5)
core   0: 3 0x8000a844 (0x7c3f2023) mem 0x80010000 0x00000001
core   0: 0x8000a848 (0x0000bfe5) c.j     pc - 8
core   0: 3 0x8000a848 (0xbfe5)
core   0: 0x8000a840 (0x00005f17) auipc   t5, 0x5
core   0: 3 0x8000a840 (0x00005f17) x30 0x8000f840
core   0: 0x8000a844 (0x7c3f2023) sw      gp, 1984(t5)
core   0: 3 0x8000a844 (0x7c3f2023) mem 0x80010000 0x00000001
core   0: 0x8000a848 (0x0000bfe5) c.j     pc - 8
core   0: 3 0x8000a848 (0xbfe5)
core   0: 0x8000a840 (0x00005f17) auipc   t5, 0x5
core   0: 3 0x8000a840 (0x00005f17) x30 0x8000f840
core   0: 0x8000a844 (0x7c3f2023) sw      gp, 1984(t5)
core   0: 3 0x8000a844 (0x7c3f2023) mem 0x80010000 0x00000001
core   0: 0x8000a848 (0x0000bfe5) c.j     pc - 8
core   0: 3 0x8000a848 (0xbfe5)
core   0: 0x8000a840 (0x00005f17) auipc   t5, 0x5
core   0: 3 0x8000a840 (0x00005f17) x30 0x8000f840
core   0: 0x8000a844 (0x7c3f2023) sw      gp, 1984(t5)
core   0: 3 0x8000a844 (0x7c3f2023) mem 0x80010000 0x00000001
core   0: 0x8000a848 (0x0000bfe5) c.j     pc - 8
core   0: 3 0x8000a848 (0xbfe5)
core   0: 0x8000a840 (0x00005f17) auipc   t5, 0x5
core   0: 3 0x8000a840 (0x00005f17) x30 0x8000f840
core   0: 0x8000a844 (0x7c3f2023) sw      gp, 1984(t5)
core   0: 3 0x8000a844 (0x7c3f2023) mem 0x80010000 0x00000001
core   0: 0x8000a848 (0x0000bfe5) c.j     pc - 8
core   0: 3 0x8000a848 (0xbfe5)
core   0: 0x8000a840 (0x00005f17) auipc   t5, 0x5
core   0: 3 0x8000a840 (0x00005f17) x30 0x8000f840
core   0: 0x8000a844 (0x7c3f2023) sw      gp, 1984(t5)
core   0: 3 0x8000a844 (0x7c3f2023) mem 0x80010000 0x00000001
core   0: 0x8000a848 (0x0000bfe5) c.j     pc - 8
core   0: 3 0x8000a848 (0xbfe5)
core   0: 0x8000a840 (0x00005f17) auipc   t5, 0x5
core   0: 3 0x8000a840 (0x00005f17) x30 0x8000f840
core   0: 0x8000a844 (0x7c3f2023) sw      gp, 1984(t5)
core   0: 3 0x8000a844 (0x7c3f2023) mem 0x80010000 0x00000001
core   0: 0x8000a848 (0x0000bfe5) c.j     pc - 8
core   0: 3 0x8000a848 (0xbfe5)
core   0: 0x8000a840 (0x00005f17) auipc   t5, 0x5
core   0: 3 0x8000a840 (0x00005f17) x30 0x8000f840
core   0: 0x8000a844 (0x7c3f2023) sw      gp, 1984(t5)
core   0: 3 0x8000a844 (0x7c3f2023) mem 0x80010000 0x00000001
core   0: 0x8000a848 (0x0000bfe5) c.j     pc - 8
core   0: 3 0x8000a848 (0xbfe5)
core   0: 0x8000a840 (0x00005f17) auipc   t5, 0x5
core   0: 3 0x8000a840 (0x00005f17) x30 0x8000f840
core   0: 0x8000a844 (0x7c3f2023) sw      gp, 1984(t5)
core   0: 3 0x8000a844 (0x7c3f2023) mem 0x80010000 0x00000001
core   0: 0x8000a848 (0x0000bfe5) c.j     pc - 8
core   0: 3 0x8000a848 (0xbfe5)
core   0: 0x8000a840 (0x00005f17) auipc   t5, 0x5
core   0: 3 0x8000a840 (0x00005f17) x30 0x8000f840
core   0: 0x8000a844 (0x7c3f2023) sw      gp, 1984(t5)
core   0: 3 0x8000a844 (0x7c3f2023) mem 0x80010000 0x00000001
core   0: 0x8000a848 (0x0000bfe5) c.j     pc - 8
core   0: 3 0x8000a848 (0xbfe5)
core   0: 0x8000a840 (0x00005f17) auipc   t5, 0x5
core   0: 3 0x8000a840 (0x00005f17) x30 0x8000f840
core   0: 0x8000a844 (0x7c3f2023) sw      gp, 1984(t5)
core   0: 3 0x8000a844 (0x7c3f2023) mem 0x80010000 0x00000001
core   0: 0x8000a848 (0x0000bfe5) c.j     pc - 8
core   0: 3 0x8000a848 (0xbfe5)
core   0: 0x8000a840 (0x00005f17) auipc   t5, 0x5
core   0: 3 0x8000a840 (0x00005f17) x30 0x8000f840
core   0: 0x8000a844 (0x7c3f2023) sw      gp, 1984(t5)
core   0: 3 0x8000a844 (0x7c3f2023) mem 0x80010000 0x00000001
core   0: 0x8000a848 (0x0000bfe5) c.j     pc - 8
core   0: 3 0x8000a848 (0xbfe5)
core   0: 0x8000a840 (0x00005f17) auipc   t5, 0x5
core   0: 3 0x8000a840 (0x00005f17) x30 0x8000f840
core   0: 0x8000a844 (0x7c3f2023) sw      gp, 1984(t5)
core   0: 3 0x8000a844 (0x7c3f2023) mem 0x80010000 0x00000001
core   0: 0x8000a848 (0x0000bfe5) c.j     pc - 8
core   0: 3 0x8000a848 (0xbfe5)
core   0: 0x8000a840 (0x00005f17) auipc   t5, 0x5
core   0: 3 0x8000a840 (0x00005f17) x30 0x8000f840
core   0: 0x8000a844 (0x7c3f2023) sw      gp, 1984(t5)
core   0: 3 0x8000a844 (0x7c3f2023) mem 0x80010000 0x00000001
core   0: 0x8000a848 (0x0000bfe5) c.j     pc - 8
core   0: 3 0x8000a848 (0xbfe5)
core   0: 0x8000a840 (0x00005f17) auipc   t5, 0x5
core   0: 3 0x8000a840 (0x00005f17) x30 0x8000f840
core   0: 0x8000a844 (0x7c3f2023) sw      gp, 1984(t5)
core   0: 3 0x8000a844 (0x7c3f2023) mem 0x80010000 0x00000001
core   0: 0x8000a848 (0x0000bfe5) c.j     pc - 8
core   0: 3 0x8000a848 (0xbfe5)
core   0: 0x8000a840 (0x00005f17) auipc   t5, 0x5
core   0: 3 0x8000a840 (0x00005f17) x30 0x8000f840
core   0: 0x8000a844 (0x7c3f2023) sw      gp, 1984(t5)
core   0: 3 0x8000a844 (0x7c3f2023) mem 0x80010000 0x00000001
core   0: 0x8000a848 (0x0000bfe5) c.j     pc - 8
core   0: 3 0x8000a848 (0xbfe5)
core   0: 0x8000a840 (0x00005f17) auipc   t5, 0x5
core   0: 3 0x8000a840 (0x00005f17) x30 0x8000f840
core   0: 0x8000a844 (0x7c3f2023) sw      gp, 1984(t5)
core   0: 3 0x8000a844 (0x7c3f2023) mem 0x80010000 0x00000001
core   0: 0x8000a848 (0x0000bfe5) c.j     pc - 8
core   0: 3 0x8000a848 (0xbfe5)
core   0: 0x8000a840 (0x00005f17) auipc   t5, 0x5
core   0: 3 0x8000a840 (0x00005f17) x30 0x8000f840
core   0: 0x8000a844 (0x7c3f2023) sw      gp, 1984(t5)
core   0: 3 0x8000a844 (0x7c3f2023) mem 0x80010000 0x00000001
core   0: 0x8000a848 (0x0000bfe5) c.j     pc - 8
core   0: 3 0x8000a848 (0xbfe5)
core   0: 0x8000a840 (0x00005f17) auipc   t5, 0x5
core   0: 3 0x8000a840 (0x00005f17) x30 0x8000f840
core   0: 0x8000a844 (0x7c3f2023) sw      gp, 1984(t5)
core   0: 3 0x8000a844 (0x7c3f2023) mem 0x80010000 0x00000001
core   0: 0x8000a848 (0x0000bfe5) c.j     pc - 8
core   0: 3 0x8000a848 (0xbfe5)
core   0: 0x8000a840 (0x00005f17) auipc   t5, 0x5
core   0: 3 0x8000a840 (0x00005f17) x30 0x8000f840
core   0: 0x8000a844 (0x7c3f2023) sw      gp, 1984(t5)
core   0: 3 0x8000a844 (0x7c3f2023) mem 0x80010000 0x00000001
core   0: 0x8000a848 (0x0000bfe5) c.j     pc - 8
core   0: 3 0x8000a848 (0xbfe5)
core   0: 0x8000a840 (0x00005f17) auipc   t5, 0x5
core   0: 3 0x8000a840 (0x00005f17) x30 0x8000f840
core   0: 0x8000a844 (0x7c3f2023) sw      gp, 1984(t5)
core   0: 3 0x8000a844 (0x7c3f2023) mem 0x80010000 0x00000001
core   0: 0x8000a848 (0x0000bfe5) c.j     pc - 8
core   0: 3 0x8000a848 (0xbfe5)
core   0: 0x8000a840 (0x00005f17) auipc   t5, 0x5
core   0: 3 0x8000a840 (0x00005f17) x30 0x8000f840
core   0: 0x8000a844 (0x7c3f2023) sw      gp, 1984(t5)
core   0: 3 0x8000a844 (0x7c3f2023) mem 0x80010000 0x00000001
core   0: 0x8000a848 (0x0000bfe5) c.j     pc - 8
core   0: 3 0x8000a848 (0xbfe5)
core   0: 0x8000a840 (0x00005f17) auipc   t5, 0x5
core   0: 3 0x8000a840 (0x00005f17) x30 0x8000f840
core   0: 0x8000a844 (0x7c3f2023) sw      gp, 1984(t5)
core   0: 3 0x8000a844 (0x7c3f2023) mem 0x80010000 0x00000001
core   0: 0x8000a848 (0x0000bfe5) c.j     pc - 8
core   0: 3 0x8000a848 (0xbfe5)
core   0: 0x8000a840 (0x00005f17) auipc   t5, 0x5
core   0: 3 0x8000a840 (0x00005f17) x30 0x8000f840
core   0: 0x8000a844 (0x7c3f2023) sw      gp, 1984(t5)
core   0: 3 0x8000a844 (0x7c3f2023) mem 0x80010000 0x00000001
core   0: 0x8000a848 (0x0000bfe5) c.j     pc - 8
core   0: 3 0x8000a848 (0xbfe5)
core   0: 0x8000a840 (0x00005f17) auipc   t5, 0x5
core   0: 3 0x8000a840 (0x00005f17) x30 0x8000f840
core   0: 0x8000a844 (0x7c3f2023) sw      gp, 1984(t5)
core   0: 3 0x8000a844 (0x7c3f2023) mem 0x80010000 0x00000001
core   0: 0x8000a848 (0x0000bfe5) c.j     pc - 8
core   0: 3 0x8000a848 (0xbfe5)
core   0: 0x8000a840 (0x00005f17) auipc   t5, 0x5
core   0: 3 0x8000a840 (0x00005f17) x30 0x8000f840
core   0: 0x8000a844 (0x7c3f2023) sw      gp, 1984(t5)
core   0: 3 0x8000a844 (0x7c3f2023) mem 0x80010000 0x00000001
core   0: 0x8000a848 (0x0000bfe5) c.j     pc - 8
core   0: 3 0x8000a848 (0xbfe5)
core   0: 0x8000a840 (0x00005f17) auipc   t5, 0x5
core   0: 3 0x8000a840 (0x00005f17) x30 0x8000f840
core   0: 0x8000a844 (0x7c3f2023) sw      gp, 1984(t5)
core   0: 3 0x8000a844 (0x7c3f2023) mem 0x80010000 0x00000001
core   0: 0x8000a848 (0x0000bfe5) c.j     pc - 8
core   0: 3 0x8000a848 (0xbfe5)
core   0: 0x8000a840 (0x00005f17) auipc   t5, 0x5
core   0: 3 0x8000a840 (0x00005f17) x30 0x8000f840
core   0: 0x8000a844 (0x7c3f2023) sw      gp, 1984(t5)
core   0: 3 0x8000a844 (0x7c3f2023) mem 0x80010000 0x00000001
core   0: 0x8000a848 (0x0000bfe5) c.j     pc - 8
core   0: 3 0x8000a848 (0xbfe5)
core   0: 0x8000a840 (0x00005f17) auipc   t5, 0x5
core   0: 3 0x8000a840 (0x00005f17) x30 0x8000f840
core   0: 0x8000a844 (0x7c3f2023) sw      gp, 1984(t5)
core   0: 3 0x8000a844 (0x7c3f2023) mem 0x80010000 0x00000001
core   0: 0x8000a848 (0x0000bfe5) c.j     pc - 8
core   0: 3 0x8000a848 (0xbfe5)
core   0: 0x8000a840 (0x00005f17) auipc   t5, 0x5
core   0: 3 0x8000a840 (0x00005f17) x30 0x8000f840
core   0: 0x8000a844 (0x7c3f2023) sw      gp, 1984(t5)
core   0: 3 0x8000a844 (0x7c3f2023) mem 0x80010000 0x00000001
core   0: 0x8000a848 (0x0000bfe5) c.j     pc - 8
core   0: 3 0x8000a848 (0xbfe5)
core   0: 0x8000a840 (0x00005f17) auipc   t5, 0x5
core   0: 3 0x8000a840 (0x00005f17) x30 0x8000f840
core   0: 0x8000a844 (0x7c3f2023) sw      gp, 1984(t5)
core   0: 3 0x8000a844 (0x7c3f2023) mem 0x80010000 0x00000001
core   0: 0x8000a848 (0x0000bfe5) c.j     pc - 8
core   0: 3 0x8000a848 (0xbfe5)
core   0: 0x8000a840 (0x00005f17) auipc   t5, 0x5
core   0: 3 0x8000a840 (0x00005f17) x30 0x8000f840
core   0: 0x8000a844 (0x7c3f2023) sw      gp, 1984(t5)
core   0: 3 0x8000a844 (0x7c3f2023) mem 0x80010000 0x00000001
core   0: 0x8000a848 (0x0000bfe5) c.j     pc - 8
core   0: 3 0x8000a848 (0xbfe5)
core   0: 0x8000a840 (0x00005f17) auipc   t5, 0x5
core   0: 3 0x8000a840 (0x00005f17) x30 0x8000f840
core   0: 0x8000a844 (0x7c3f2023) sw      gp, 1984(t5)
core   0: 3 0x8000a844 (0x7c3f2023) mem 0x80010000 0x00000001
core   0: 0x8000a848 (0x0000bfe5) c.j     pc - 8
core   0: 3 0x8000a848 (0xbfe5)
core   0: 0x8000a840 (0x00005f17) auipc   t5, 0x5
core   0: 3 0x8000a840 (0x00005f17) x30 0x8000f840
core   0: 0x8000a844 (0x7c3f2023) sw      gp, 1984(t5)
core   0: 3 0x8000a844 (0x7c3f2023) mem 0x80010000 0x00000001
core   0: 0x8000a848 (0x0000bfe5) c.j     pc - 8
core   0: 3 0x8000a848 (0xbfe5)
core   0: 0x8000a840 (0x00005f17) auipc   t5, 0x5
core   0: 3 0x8000a840 (0x00005f17) x30 0x8000f840
core   0: 0x8000a844 (0x7c3f2023) sw      gp, 1984(t5)
core   0: 3 0x8000a844 (0x7c3f2023) mem 0x80010000 0x00000001
core   0: 0x8000a848 (0x0000bfe5) c.j     pc - 8
core   0: 3 0x8000a848 (0xbfe5)
core   0: 0x8000a840 (0x00005f17) auipc   t5, 0x5
core   0: 3 0x8000a840 (0x00005f17) x30 0x8000f840
core   0: 0x8000a844 (0x7c3f2023) sw      gp, 1984(t5)
core   0: 3 0x8000a844 (0x7c3f2023) mem 0x80010000 0x00000001
core   0: 0x8000a848 (0x0000bfe5) c.j     pc - 8
core   0: 3 0x8000a848 (0xbfe5)
core   0: 0x8000a840 (0x00005f17) auipc   t5, 0x5
core   0: 3 0x8000a840 (0x00005f17) x30 0x8000f840
core   0: 0x8000a844 (0x7c3f2023) sw      gp, 1984(t5)
core   0: 3 0x8000a844 (0x7c3f2023) mem 0x80010000 0x00000001
core   0: 0x8000a848 (0x0000bfe5) c.j     pc - 8
core   0: 3 0x8000a848 (0xbfe5)
core   0: 0x8000a840 (0x00005f17) auipc   t5, 0x5
core   0: 3 0x8000a840 (0x00005f17) x30 0x8000f840
core   0: 0x8000a844 (0x7c3f2023) sw      gp, 1984(t5)
core   0: 3 0x8000a844 (0x7c3f2023) mem 0x80010000 0x00000001
core   0: 0x8000a848 (0x0000bfe5) c.j     pc - 8
core   0: 3 0x8000a848 (0xbfe5)
core   0: 0x8000a840 (0x00005f17) auipc   t5, 0x5
core   0: 3 0x8000a840 (0x00005f17) x30 0x8000f840
core   0: 0x8000a844 (0x7c3f2023) sw      gp, 1984(t5)
core   0: 3 0x8000a844 (0x7c3f2023) mem 0x80010000 0x00000001
core   0: 0x8000a848 (0x0000bfe5) c.j     pc - 8
core   0: 3 0x8000a848 (0xbfe5)
core   0: 0x8000a840 (0x00005f17) auipc   t5, 0x5
core   0: 3 0x8000a840 (0x00005f17) x30 0x8000f840
core   0: 0x8000a844 (0x7c3f2023) sw      gp, 1984(t5)
core   0: 3 0x8000a844 (0x7c3f2023) mem 0x80010000 0x00000001
core   0: 0x8000a848 (0x0000bfe5) c.j     pc - 8
core   0: 3 0x8000a848 (0xbfe5)
core   0: 0x8000a840 (0x00005f17) auipc   t5, 0x5
core   0: 3 0x8000a840 (0x00005f17) x30 0x8000f840
core   0: 0x8000a844 (0x7c3f2023) sw      gp, 1984(t5)
core   0: 3 0x8000a844 (0x7c3f2023) mem 0x80010000 0x00000001
core   0: 0x8000a848 (0x0000bfe5) c.j     pc - 8
core   0: 3 0x8000a848 (0xbfe5)
core   0: 0x8000a840 (0x00005f17) auipc   t5, 0x5
core   0: 3 0x8000a840 (0x00005f17) x30 0x8000f840
core   0: 0x8000a844 (0x7c3f2023) sw      gp, 1984(t5)
core   0: 3 0x8000a844 (0x7c3f2023) mem 0x80010000 0x00000001
core   0: 0x8000a848 (0x0000bfe5) c.j     pc - 8
core   0: 3 0x8000a848 (0xbfe5)
core   0: 0x8000a840 (0x00005f17) auipc   t5, 0x5
core   0: 3 0x8000a840 (0x00005f17) x30 0x8000f840
core   0: 0x8000a844 (0x7c3f2023) sw      gp, 1984(t5)
core   0: 3 0x8000a844 (0x7c3f2023) mem 0x80010000 0x00000001
core   0: 0x8000a848 (0x0000bfe5) c.j     pc - 8
core   0: 3 0x8000a848 (0xbfe5)
core   0: 0x8000a840 (0x00005f17) auipc   t5, 0x5
core   0: 3 0x8000a840 (0x00005f17) x30 0x8000f840
core   0: 0x8000a844 (0x7c3f2023) sw      gp, 1984(t5)
core   0: 3 0x8000a844 (0x7c3f2023) mem 0x80010000 0x00000001
core   0: 0x8000a848 (0x0000bfe5) c.j     pc - 8
core   0: 3 0x8000a848 (0xbfe5)
core   0: 0x8000a840 (0x00005f17) auipc   t5, 0x5
core   0: 3 0x8000a840 (0x00005f17) x30 0x8000f840
core   0: 0x8000a844 (0x7c3f2023) sw      gp, 1984(t5)
core   0: 3 0x8000a844 (0x7c3f2023) mem 0x80010000 0x00000001
core   0: 0x8000a848 (0x0000bfe5) c.j     pc - 8
core   0: 3 0x8000a848 (0xbfe5)
core   0: 0x8000a840 (0x00005f17) auipc   t5, 0x5
core   0: 3 0x8000a840 (0x00005f17) x30 0x8000f840
core   0: 0x8000a844 (0x7c3f2023) sw      gp, 1984(t5)
core   0: 3 0x8000a844 (0x7c3f2023) mem 0x80010000 0x00000001
core   0: 0x8000a848 (0x0000bfe5) c.j     pc - 8
core   0: 3 0x8000a848 (0xbfe5)
core   0: 0x8000a840 (0x00005f17) auipc   t5, 0x5
core   0: 3 0x8000a840 (0x00005f17) x30 0x8000f840
core   0: 0x8000a844 (0x7c3f2023) sw      gp, 1984(t5)
core   0: 3 0x8000a844 (0x7c3f2023) mem 0x80010000 0x00000001
core   0: 0x8000a848 (0x0000bfe5) c.j     pc - 8
core   0: 3 0x8000a848 (0xbfe5)
core   0: 0x8000a840 (0x00005f17) auipc   t5, 0x5
core   0: 3 0x8000a840 (0x00005f17) x30 0x8000f840
core   0: 0x8000a844 (0x7c3f2023) sw      gp, 1984(t5)
core   0: 3 0x8000a844 (0x7c3f2023) mem 0x80010000 0x00000001
core   0: 0x8000a848 (0x0000bfe5) c.j     pc - 8
core   0: 3 0x8000a848 (0xbfe5)
core   0: 0x8000a840 (0x00005f17) auipc   t5, 0x5
core   0: 3 0x8000a840 (0x00005f17) x30 0x8000f840
core   0: 0x8000a844 (0x7c3f2023) sw      gp, 1984(t5)
core   0: 3 0x8000a844 (0x7c3f2023) mem 0x80010000 0x00000001
core   0: 0x8000a848 (0x0000bfe5) c.j     pc - 8
core   0: 3 0x8000a848 (0xbfe5)
core   0: 0x8000a840 (0x00005f17) auipc   t5, 0x5
core   0: 3 0x8000a840 (0x00005f17) x30 0x8000f840
core   0: 0x8000a844 (0x7c3f2023) sw      gp, 1984(t5)
core   0: 3 0x8000a844 (0x7c3f2023) mem 0x80010000 0x00000001
core   0: 0x8000a848 (0x0000bfe5) c.j     pc - 8
core   0: 3 0x8000a848 (0xbfe5)
core   0: 0x8000a840 (0x00005f17) auipc   t5, 0x5
core   0: 3 0x8000a840 (0x00005f17) x30 0x8000f840
core   0: 0x8000a844 (0x7c3f2023) sw      gp, 1984(t5)
core   0: 3 0x8000a844 (0x7c3f2023) mem 0x80010000 0x00000001
core   0: 0x8000a848 (0x0000bfe5) c.j     pc - 8
core   0: 3 0x8000a848 (0xbfe5)
core   0: 0x8000a840 (0x00005f17) auipc   t5, 0x5
core   0: 3 0x8000a840 (0x00005f17) x30 0x8000f840
core   0: 0x8000a844 (0x7c3f2023) sw      gp, 1984(t5)
core   0: 3 0x8000a844 (0x7c3f2023) mem 0x80010000 0x00000001
core   0: 0x8000a848 (0x0000bfe5) c.j     pc - 8
core   0: 3 0x8000a848 (0xbfe5)
core   0: 0x8000a840 (0x00005f17) auipc   t5, 0x5
core   0: 3 0x8000a840 (0x00005f17) x30 0x8000f840
core   0: 0x8000a844 (0x7c3f2023) sw      gp, 1984(t5)
core   0: 3 0x8000a844 (0x7c3f2023) mem 0x80010000 0x00000001
core   0: 0x8000a848 (0x0000bfe5) c.j     pc - 8
core   0: 3 0x8000a848 (0xbfe5)
core   0: 0x8000a840 (0x00005f17) auipc   t5, 0x5
core   0: 3 0x8000a840 (0x00005f17) x30 0x8000f840
core   0: 0x8000a844 (0x7c3f2023) sw      gp, 1984(t5)
core   0: 3 0x8000a844 (0x7c3f2023) mem 0x80010000 0x00000001
core   0: 0x8000a848 (0x0000bfe5) c.j     pc - 8
core   0: 3 0x8000a848 (0xbfe5)
core   0: 0x8000a840 (0x00005f17) auipc   t5, 0x5
core   0: 3 0x8000a840 (0x00005f17) x30 0x8000f840
core   0: 0x8000a844 (0x7c3f2023) sw      gp, 1984(t5)
core   0: 3 0x8000a844 (0x7c3f2023) mem 0x80010000 0x00000001
core   0: 0x8000a848 (0x0000bfe5) c.j     pc - 8
core   0: 3 0x8000a848 (0xbfe5)
core   0: 0x8000a840 (0x00005f17) auipc   t5, 0x5
core   0: 3 0x8000a840 (0x00005f17) x30 0x8000f840
core   0: 0x8000a844 (0x7c3f2023) sw      gp, 1984(t5)
core   0: 3 0x8000a844 (0x7c3f2023) mem 0x80010000 0x00000001
core   0: 0x8000a848 (0x0000bfe5) c.j     pc - 8
core   0: 3 0x8000a848 (0xbfe5)
core   0: 0x8000a840 (0x00005f17) auipc   t5, 0x5
core   0: 3 0x8000a840 (0x00005f17) x30 0x8000f840
core   0: 0x8000a844 (0x7c3f2023) sw      gp, 1984(t5)
core   0: 3 0x8000a844 (0x7c3f2023) mem 0x80010000 0x00000001
core   0: 0x8000a848 (0x0000bfe5) c.j     pc - 8
core   0: 3 0x8000a848 (0xbfe5)
core   0: 0x8000a840 (0x00005f17) auipc   t5, 0x5
core   0: 3 0x8000a840 (0x00005f17) x30 0x8000f840
core   0: 0x8000a844 (0x7c3f2023) sw      gp, 1984(t5)
core   0: 3 0x8000a844 (0x7c3f2023) mem 0x80010000 0x00000001
core   0: 0x8000a848 (0x0000bfe5) c.j     pc - 8
core   0: 3 0x8000a848 (0xbfe5)
core   0: 0x8000a840 (0x00005f17) auipc   t5, 0x5
core   0: 3 0x8000a840 (0x00005f17) x30 0x8000f840
core   0: 0x8000a844 (0x7c3f2023) sw      gp, 1984(t5)
core   0: 3 0x8000a844 (0x7c3f2023) mem 0x80010000 0x00000001
core   0: 0x8000a848 (0x0000bfe5) c.j     pc - 8
core   0: 3 0x8000a848 (0xbfe5)
core   0: 0x8000a840 (0x00005f17) auipc   t5, 0x5
core   0: 3 0x8000a840 (0x00005f17) x30 0x8000f840
core   0: 0x8000a844 (0x7c3f2023) sw      gp, 1984(t5)
core   0: 3 0x8000a844 (0x7c3f2023) mem 0x80010000 0x00000001
core   0: 0x8000a848 (0x0000bfe5) c.j     pc - 8
core   0: 3 0x8000a848 (0xbfe5)
core   0: 0x8000a840 (0x00005f17) auipc   t5, 0x5
core   0: 3 0x8000a840 (0x00005f17) x30 0x8000f840
core   0: 0x8000a844 (0x7c3f2023) sw      gp, 1984(t5)
core   0: 3 0x8000a844 (0x7c3f2023) mem 0x80010000 0x00000001
core   0: 0x8000a848 (0x0000bfe5) c.j     pc - 8
core   0: 3 0x8000a848 (0xbfe5)
core   0: 0x8000a840 (0x00005f17) auipc   t5, 0x5
core   0: 3 0x8000a840 (0x00005f17) x30 0x8000f840
core   0: 0x8000a844 (0x7c3f2023) sw      gp, 1984(t5)
core   0: 3 0x8000a844 (0x7c3f2023) mem 0x80010000 0x00000001
core   0: 0x8000a848 (0x0000bfe5) c.j     pc - 8
core   0: 3 0x8000a848 (0xbfe5)
core   0: 0x8000a840 (0x00005f17) auipc   t5, 0x5
core   0: 3 0x8000a840 (0x00005f17) x30 0x8000f840
core   0: 0x8000a844 (0x7c3f2023) sw      gp, 1984(t5)
core   0: 3 0x8000a844 (0x7c3f2023) mem 0x80010000 0x00000001
core   0: 0x8000a848 (0x0000bfe5) c.j     pc - 8
core   0: 3 0x8000a848 (0xbfe5)
core   0: 0x8000a840 (0x00005f17) auipc   t5, 0x5
core   0: 3 0x8000a840 (0x00005f17) x30 0x8000f840
core   0: 0x8000a844 (0x7c3f2023) sw      gp, 1984(t5)
core   0: 3 0x8000a844 (0x7c3f2023) mem 0x80010000 0x00000001
core   0: 0x8000a848 (0x0000bfe5) c.j     pc - 8
core   0: 3 0x8000a848 (0xbfe5)
core   0: 0x8000a840 (0x00005f17) auipc   t5, 0x5
core   0: 3 0x8000a840 (0x00005f17) x30 0x8000f840
core   0: 0x8000a844 (0x7c3f2023) sw      gp, 1984(t5)
core   0: 3 0x8000a844 (0x7c3f2023) mem 0x80010000 0x00000001
core   0: 0x8000a848 (0x0000bfe5) c.j     pc - 8
core   0: 3 0x8000a848 (0xbfe5)
core   0: 0x8000a840 (0x00005f17) auipc   t5, 0x5
core   0: 3 0x8000a840 (0x00005f17) x30 0x8000f840
core   0: 0x8000a844 (0x7c3f2023) sw      gp, 1984(t5)
core   0: 3 0x8000a844 (0x7c3f2023) mem 0x80010000 0x00000001
core   0: 0x8000a848 (0x0000bfe5) c.j     pc - 8
core   0: 3 0x8000a848 (0xbfe5)
core   0: 0x8000a840 (0x00005f17) auipc   t5, 0x5
core   0: 3 0x8000a840 (0x00005f17) x30 0x8000f840
core   0: 0x8000a844 (0x7c3f2023) sw      gp, 1984(t5)
core   0: 3 0x8000a844 (0x7c3f2023) mem 0x80010000 0x00000001
core   0: 0x8000a848 (0x0000bfe5) c.j     pc - 8
core   0: 3 0x8000a848 (0xbfe5)
core   0: 0x8000a840 (0x00005f17) auipc   t5, 0x5
core   0: 3 0x8000a840 (0x00005f17) x30 0x8000f840
core   0: 0x8000a844 (0x7c3f2023) sw      gp, 1984(t5)
core   0: 3 0x8000a844 (0x7c3f2023) mem 0x80010000 0x00000001
core   0: 0x8000a848 (0x0000bfe5) c.j     pc - 8
core   0: 3 0x8000a848 (0xbfe5)
core   0: 0x8000a840 (0x00005f17) auipc   t5, 0x5
core   0: 3 0x8000a840 (0x00005f17) x30 0x8000f840
core   0: 0x8000a844 (0x7c3f2023) sw      gp, 1984(t5)
core   0: 3 0x8000a844 (0x7c3f2023) mem 0x80010000 0x00000001
core   0: 0x8000a848 (0x0000bfe5) c.j     pc - 8
core   0: 3 0x8000a848 (0xbfe5)
core   0: 0x8000a840 (0x00005f17) auipc   t5, 0x5
core   0: 3 0x8000a840 (0x00005f17) x30 0x8000f840
core   0: 0x8000a844 (0x7c3f2023) sw      gp, 1984(t5)
core   0: 3 0x8000a844 (0x7c3f2023) mem 0x80010000 0x00000001
core   0: 0x8000a848 (0x0000bfe5) c.j     pc - 8
core   0: 3 0x8000a848 (0xbfe5)
core   0: 0x8000a840 (0x00005f17) auipc   t5, 0x5
core   0: 3 0x8000a840 (0x00005f17) x30 0x8000f840
core   0: 0x8000a844 (0x7c3f2023) sw      gp, 1984(t5)
core   0: 3 0x8000a844 (0x7c3f2023) mem 0x80010000 0x00000001
core   0: 0x8000a848 (0x0000bfe5) c.j     pc - 8
core   0: 3 0x8000a848 (0xbfe5)
core   0: 0x8000a840 (0x00005f17) auipc   t5, 0x5
core   0: 3 0x8000a840 (0x00005f17) x30 0x8000f840
core   0: 0x8000a844 (0x7c3f2023) sw      gp, 1984(t5)
core   0: 3 0x8000a844 (0x7c3f2023) mem 0x80010000 0x00000001
core   0: 0x8000a848 (0x0000bfe5) c.j     pc - 8
core   0: 3 0x8000a848 (0xbfe5)
core   0: 0x8000a840 (0x00005f17) auipc   t5, 0x5
core   0: 3 0x8000a840 (0x00005f17) x30 0x8000f840
core   0: 0x8000a844 (0x7c3f2023) sw      gp, 1984(t5)
core   0: 3 0x8000a844 (0x7c3f2023) mem 0x80010000 0x00000001
core   0: 0x8000a848 (0x0000bfe5) c.j     pc - 8
core   0: 3 0x8000a848 (0xbfe5)
core   0: 0x8000a840 (0x00005f17) auipc   t5, 0x5
core   0: 3 0x8000a840 (0x00005f17) x30 0x8000f840
core   0: 0x8000a844 (0x7c3f2023) sw      gp, 1984(t5)
core   0: 3 0x8000a844 (0x7c3f2023) mem 0x80010000 0x00000001
core   0: 0x8000a848 (0x0000bfe5) c.j     pc - 8
core   0: 3 0x8000a848 (0xbfe5)
core   0: 0x8000a840 (0x00005f17) auipc   t5, 0x5
core   0: 3 0x8000a840 (0x00005f17) x30 0x8000f840
core   0: 0x8000a844 (0x7c3f2023) sw      gp, 1984(t5)
core   0: 3 0x8000a844 (0x7c3f2023) mem 0x80010000 0x00000001
core   0: 0x8000a848 (0x0000bfe5) c.j     pc - 8
core   0: 3 0x8000a848 (0xbfe5)
core   0: 0x8000a840 (0x00005f17) auipc   t5, 0x5
core   0: 3 0x8000a840 (0x00005f17) x30 0x8000f840
core   0: 0x8000a844 (0x7c3f2023) sw      gp, 1984(t5)
core   0: 3 0x8000a844 (0x7c3f2023) mem 0x80010000 0x00000001
core   0: 0x8000a848 (0x0000bfe5) c.j     pc - 8
core   0: 3 0x8000a848 (0xbfe5)
core   0: 0x8000a840 (0x00005f17) auipc   t5, 0x5
core   0: 3 0x8000a840 (0x00005f17) x30 0x8000f840
core   0: 0x8000a844 (0x7c3f2023) sw      gp, 1984(t5)
core   0: 3 0x8000a844 (0x7c3f2023) mem 0x80010000 0x00000001
core   0: 0x8000a848 (0x0000bfe5) c.j     pc - 8
core   0: 3 0x8000a848 (0xbfe5)
core   0: 0x8000a840 (0x00005f17) auipc   t5, 0x5
core   0: 3 0x8000a840 (0x00005f17) x30 0x8000f840
core   0: 0x8000a844 (0x7c3f2023) sw      gp, 1984(t5)
core   0: 3 0x8000a844 (0x7c3f2023) mem 0x80010000 0x00000001
core   0: 0x8000a848 (0x0000bfe5) c.j     pc - 8
core   0: 3 0x8000a848 (0xbfe5)
core   0: 0x8000a840 (0x00005f17) auipc   t5, 0x5
core   0: 3 0x8000a840 (0x00005f17) x30 0x8000f840
core   0: 0x8000a844 (0x7c3f2023) sw      gp, 1984(t5)
core   0: 3 0x8000a844 (0x7c3f2023) mem 0x80010000 0x00000001
core   0: 0x8000a848 (0x0000bfe5) c.j     pc - 8
core   0: 3 0x8000a848 (0xbfe5)
core   0: 0x8000a840 (0x00005f17) auipc   t5, 0x5
core   0: 3 0x8000a840 (0x00005f17) x30 0x8000f840
core   0: 0x8000a844 (0x7c3f2023) sw      gp, 1984(t5)
core   0: 3 0x8000a844 (0x7c3f2023) mem 0x80010000 0x00000001
core   0: 0x8000a848 (0x0000bfe5) c.j     pc - 8
core   0: 3 0x8000a848 (0xbfe5)
core   0: 0x8000a840 (0x00005f17) auipc   t5, 0x5
core   0: 3 0x8000a840 (0x00005f17) x30 0x8000f840
core   0: 0x8000a844 (0x7c3f2023) sw      gp, 1984(t5)
core   0: 3 0x8000a844 (0x7c3f2023) mem 0x80010000 0x00000001
core   0: 0x8000a848 (0x0000bfe5) c.j     pc - 8
core   0: 3 0x8000a848 (0xbfe5)
core   0: 0x8000a840 (0x00005f17) auipc   t5, 0x5
core   0: 3 0x8000a840 (0x00005f17) x30 0x8000f840
core   0: 0x8000a844 (0x7c3f2023) sw      gp, 1984(t5)
core   0: 3 0x8000a844 (0x7c3f2023) mem 0x80010000 0x00000001
core   0: 0x8000a848 (0x0000bfe5) c.j     pc - 8
core   0: 3 0x8000a848 (0xbfe5)
core   0: 0x8000a840 (0x00005f17) auipc   t5, 0x5
core   0: 3 0x8000a840 (0x00005f17) x30 0x8000f840
core   0: 0x8000a844 (0x7c3f2023) sw      gp, 1984(t5)
core   0: 3 0x8000a844 (0x7c3f2023) mem 0x80010000 0x00000001
core   0: 0x8000a848 (0x0000bfe5) c.j     pc - 8
core   0: 3 0x8000a848 (0xbfe5)
core   0: 0x8000a840 (0x00005f17) auipc   t5, 0x5
core   0: 3 0x8000a840 (0x00005f17) x30 0x8000f840
core   0: 0x8000a844 (0x7c3f2023) sw      gp, 1984(t5)
core   0: 3 0x8000a844 (0x7c3f2023) mem 0x80010000 0x00000001
core   0: 0x8000a848 (0x0000bfe5) c.j     pc - 8
core   0: 3 0x8000a848 (0xbfe5)
core   0: 0x8000a840 (0x00005f17) auipc   t5, 0x5
core   0: 3 0x8000a840 (0x00005f17) x30 0x8000f840
core   0: 0x8000a844 (0x7c3f2023) sw      gp, 1984(t5)
core   0: 3 0x8000a844 (0x7c3f2023) mem 0x80010000 0x00000001
core   0: 0x8000a848 (0x0000bfe5) c.j     pc - 8
core   0: 3 0x8000a848 (0xbfe5)
core   0: 0x8000a840 (0x00005f17) auipc   t5, 0x5
core   0: 3 0x8000a840 (0x00005f17) x30 0x8000f840
core   0: 0x8000a844 (0x7c3f2023) sw      gp, 1984(t5)
core   0: 3 0x8000a844 (0x7c3f2023) mem 0x80010000 0x00000001
core   0: 0x8000a848 (0x0000bfe5) c.j     pc - 8
core   0: 3 0x8000a848 (0xbfe5)
core   0: 0x8000a840 (0x00005f17) auipc   t5, 0x5
core   0: 3 0x8000a840 (0x00005f17) x30 0x8000f840
core   0: 0x8000a844 (0x7c3f2023) sw      gp, 1984(t5)
core   0: 3 0x8000a844 (0x7c3f2023) mem 0x80010000 0x00000001
core   0: 0x8000a848 (0x0000bfe5) c.j     pc - 8
core   0: 3 0x8000a848 (0xbfe5)
core   0: 0x8000a840 (0x00005f17) auipc   t5, 0x5
core   0: 3 0x8000a840 (0x00005f17) x30 0x8000f840
core   0: 0x8000a844 (0x7c3f2023) sw      gp, 1984(t5)
core   0: 3 0x8000a844 (0x7c3f2023) mem 0x80010000 0x00000001
core   0: 0x8000a848 (0x0000bfe5) c.j     pc - 8
core   0: 3 0x8000a848 (0xbfe5)
core   0: 0x8000a840 (0x00005f17) auipc   t5, 0x5
core   0: 3 0x8000a840 (0x00005f17) x30 0x8000f840
core   0: 0x8000a844 (0x7c3f2023) sw      gp, 1984(t5)
core   0: 3 0x8000a844 (0x7c3f2023) mem 0x80010000 0x00000001
core   0: 0x8000a848 (0x0000bfe5) c.j     pc - 8
core   0: 3 0x8000a848 (0xbfe5)
core   0: 0x8000a840 (0x00005f17) auipc   t5, 0x5
core   0: 3 0x8000a840 (0x00005f17) x30 0x8000f840
core   0: 0x8000a844 (0x7c3f2023) sw      gp, 1984(t5)
core   0: 3 0x8000a844 (0x7c3f2023) mem 0x80010000 0x00000001
core   0: 0x8000a848 (0x0000bfe5) c.j     pc - 8
core   0: 3 0x8000a848 (0xbfe5)
core   0: 0x8000a840 (0x00005f17) auipc   t5, 0x5
core   0: 3 0x8000a840 (0x00005f17) x30 0x8000f840
core   0: 0x8000a844 (0x7c3f2023) sw      gp, 1984(t5)
core   0: 3 0x8000a844 (0x7c3f2023) mem 0x80010000 0x00000001
core   0: 0x8000a848 (0x0000bfe5) c.j     pc - 8
core   0: 3 0x8000a848 (0xbfe5)
core   0: 0x8000a840 (0x00005f17) auipc   t5, 0x5
core   0: 3 0x8000a840 (0x00005f17) x30 0x8000f840
core   0: 0x8000a844 (0x7c3f2023) sw      gp, 1984(t5)
core   0: 3 0x8000a844 (0x7c3f2023) mem 0x80010000 0x00000001
core   0: 0x8000a848 (0x0000bfe5) c.j     pc - 8
core   0: 3 0x8000a848 (0xbfe5)
core   0: 0x8000a840 (0x00005f17) auipc   t5, 0x5
core   0: 3 0x8000a840 (0x00005f17) x30 0x8000f840
core   0: 0x8000a844 (0x7c3f2023) sw      gp, 1984(t5)
core   0: 3 0x8000a844 (0x7c3f2023) mem 0x80010000 0x00000001
core   0: 0x8000a848 (0x0000bfe5) c.j     pc - 8
core   0: 3 0x8000a848 (0xbfe5)
core   0: 0x8000a840 (0x00005f17) auipc   t5, 0x5
core   0: 3 0x8000a840 (0x00005f17) x30 0x8000f840
core   0: 0x8000a844 (0x7c3f2023) sw      gp, 1984(t5)
core   0: 3 0x8000a844 (0x7c3f2023) mem 0x80010000 0x00000001
core   0: 0x8000a848 (0x0000bfe5) c.j     pc - 8
core   0: 3 0x8000a848 (0xbfe5)
core   0: 0x8000a840 (0x00005f17) auipc   t5, 0x5
core   0: 3 0x8000a840 (0x00005f17) x30 0x8000f840
core   0: 0x8000a844 (0x7c3f2023) sw      gp, 1984(t5)
core   0: 3 0x8000a844 (0x7c3f2023) mem 0x80010000 0x00000001
core   0: 0x8000a848 (0x0000bfe5) c.j     pc - 8
core   0: 3 0x8000a848 (0xbfe5)
core   0: 0x8000a840 (0x00005f17) auipc   t5, 0x5
core   0: 3 0x8000a840 (0x00005f17) x30 0x8000f840
core   0: 0x8000a844 (0x7c3f2023) sw      gp, 1984(t5)
core   0: 3 0x8000a844 (0x7c3f2023) mem 0x80010000 0x00000001
core   0: 0x8000a848 (0x0000bfe5) c.j     pc - 8
core   0: 3 0x8000a848 (0xbfe5)
core   0: 0x8000a840 (0x00005f17) auipc   t5, 0x5
core   0: 3 0x8000a840 (0x00005f17) x30 0x8000f840
core   0: 0x8000a844 (0x7c3f2023) sw      gp, 1984(t5)
core   0: 3 0x8000a844 (0x7c3f2023) mem 0x80010000 0x00000001
core   0: 0x8000a848 (0x0000bfe5) c.j     pc - 8
core   0: 3 0x8000a848 (0xbfe5)
core   0: 0x8000a840 (0x00005f17) auipc   t5, 0x5
core   0: 3 0x8000a840 (0x00005f17) x30 0x8000f840
core   0: 0x8000a844 (0x7c3f2023) sw      gp, 1984(t5)
core   0: 3 0x8000a844 (0x7c3f2023) mem 0x80010000 0x00000001
core   0: 0x8000a848 (0x0000bfe5) c.j     pc - 8
core   0: 3 0x8000a848 (0xbfe5)
core   0: 0x8000a840 (0x00005f17) auipc   t5, 0x5
core   0: 3 0x8000a840 (0x00005f17) x30 0x8000f840
core   0: 0x8000a844 (0x7c3f2023) sw      gp, 1984(t5)
core   0: 3 0x8000a844 (0x7c3f2023) mem 0x80010000 0x00000001
core   0: 0x8000a848 (0x0000bfe5) c.j     pc - 8
core   0: 3 0x8000a848 (0xbfe5)
core   0: 0x8000a840 (0x00005f17) auipc   t5, 0x5
core   0: 3 0x8000a840 (0x00005f17) x30 0x8000f840
core   0: 0x8000a844 (0x7c3f2023) sw      gp, 1984(t5)
core   0: 3 0x8000a844 (0x7c3f2023) mem 0x80010000 0x00000001
core   0: 0x8000a848 (0x0000bfe5) c.j     pc - 8
core   0: 3 0x8000a848 (0xbfe5)
core   0: 0x8000a840 (0x00005f17) auipc   t5, 0x5
core   0: 3 0x8000a840 (0x00005f17) x30 0x8000f840
core   0: 0x8000a844 (0x7c3f2023) sw      gp, 1984(t5)
core   0: 3 0x8000a844 (0x7c3f2023) mem 0x80010000 0x00000001
core   0: 0x8000a848 (0x0000bfe5) c.j     pc - 8
core   0: 3 0x8000a848 (0xbfe5)
core   0: 0x8000a840 (0x00005f17) auipc   t5, 0x5
core   0: 3 0x8000a840 (0x00005f17) x30 0x8000f840
core   0: 0x8000a844 (0x7c3f2023) sw      gp, 1984(t5)
core   0: 3 0x8000a844 (0x7c3f2023) mem 0x80010000 0x00000001
core   0: 0x8000a848 (0x0000bfe5) c.j     pc - 8
core   0: 3 0x8000a848 (0xbfe5)
core   0: 0x8000a840 (0x00005f17) auipc   t5, 0x5
core   0: 3 0x8000a840 (0x00005f17) x30 0x8000f840
core   0: 0x8000a844 (0x7c3f2023) sw      gp, 1984(t5)
core   0: 3 0x8000a844 (0x7c3f2023) mem 0x80010000 0x00000001
core   0: 0x8000a848 (0x0000bfe5) c.j     pc - 8
core   0: 3 0x8000a848 (0xbfe5)
core   0: 0x8000a840 (0x00005f17) auipc   t5, 0x5
core   0: 3 0x8000a840 (0x00005f17) x30 0x8000f840
core   0: 0x8000a844 (0x7c3f2023) sw      gp, 1984(t5)
core   0: 3 0x8000a844 (0x7c3f2023) mem 0x80010000 0x00000001
core   0: 0x8000a848 (0x0000bfe5) c.j     pc - 8
core   0: 3 0x8000a848 (0xbfe5)
core   0: 0x8000a840 (0x00005f17) auipc   t5, 0x5
core   0: 3 0x8000a840 (0x00005f17) x30 0x8000f840
core   0: 0x8000a844 (0x7c3f2023) sw      gp, 1984(t5)
core   0: 3 0x8000a844 (0x7c3f2023) mem 0x80010000 0x00000001
core   0: 0x8000a848 (0x0000bfe5) c.j     pc - 8
core   0: 3 0x8000a848 (0xbfe5)
core   0: 0x8000a840 (0x00005f17) auipc   t5, 0x5
core   0: 3 0x8000a840 (0x00005f17) x30 0x8000f840
core   0: 0x8000a844 (0x7c3f2023) sw      gp, 1984(t5)
core   0: 3 0x8000a844 (0x7c3f2023) mem 0x80010000 0x00000001
core   0: 0x8000a848 (0x0000bfe5) c.j     pc - 8
core   0: 3 0x8000a848 (0xbfe5)
core   0: 0x8000a840 (0x00005f17) auipc   t5, 0x5
core   0: 3 0x8000a840 (0x00005f17) x30 0x8000f840
core   0: 0x8000a844 (0x7c3f2023) sw      gp, 1984(t5)
core   0: 3 0x8000a844 (0x7c3f2023) mem 0x80010000 0x00000001
core   0: 0x8000a848 (0x0000bfe5) c.j     pc - 8
core   0: 3 0x8000a848 (0xbfe5)
core   0: 0x8000a840 (0x00005f17) auipc   t5, 0x5
core   0: 3 0x8000a840 (0x00005f17) x30 0x8000f840
core   0: 0x8000a844 (0x7c3f2023) sw      gp, 1984(t5)
core   0: 3 0x8000a844 (0x7c3f2023) mem 0x80010000 0x00000001
core   0: 0x8000a848 (0x0000bfe5) c.j     pc - 8
core   0: 3 0x8000a848 (0xbfe5)
core   0: 0x8000a840 (0x00005f17) auipc   t5, 0x5
core   0: 3 0x8000a840 (0x00005f17) x30 0x8000f840
core   0: 0x8000a844 (0x7c3f2023) sw      gp, 1984(t5)
core   0: 3 0x8000a844 (0x7c3f2023) mem 0x80010000 0x00000001
core   0: 0x8000a848 (0x0000bfe5) c.j     pc - 8
core   0: 3 0x8000a848 (0xbfe5)
core   0: 0x8000a840 (0x00005f17) auipc   t5, 0x5
core   0: 3 0x8000a840 (0x00005f17) x30 0x8000f840
core   0: 0x8000a844 (0x7c3f2023) sw      gp, 1984(t5)
core   0: 3 0x8000a844 (0x7c3f2023) mem 0x80010000 0x00000001
core   0: 0x8000a848 (0x0000bfe5) c.j     pc - 8
core   0: 3 0x8000a848 (0xbfe5)
core   0: 0x8000a840 (0x00005f17) auipc   t5, 0x5
core   0: 3 0x8000a840 (0x00005f17) x30 0x8000f840
core   0: 0x8000a844 (0x7c3f2023) sw      gp, 1984(t5)
core   0: 3 0x8000a844 (0x7c3f2023) mem 0x80010000 0x00000001
core   0: 0x8000a848 (0x0000bfe5) c.j     pc - 8
core   0: 3 0x8000a848 (0xbfe5)
core   0: 0x8000a840 (0x00005f17) auipc   t5, 0x5
core   0: 3 0x8000a840 (0x00005f17) x30 0x8000f840
core   0: 0x8000a844 (0x7c3f2023) sw      gp, 1984(t5)
core   0: 3 0x8000a844 (0x7c3f2023) mem 0x80010000 0x00000001
core   0: 0x8000a848 (0x0000bfe5) c.j     pc - 8
core   0: 3 0x8000a848 (0xbfe5)
core   0: 0x8000a840 (0x00005f17) auipc   t5, 0x5
core   0: 3 0x8000a840 (0x00005f17) x30 0x8000f840
core   0: 0x8000a844 (0x7c3f2023) sw      gp, 1984(t5)
core   0: 3 0x8000a844 (0x7c3f2023) mem 0x80010000 0x00000001
core   0: 0x8000a848 (0x0000bfe5) c.j     pc - 8
core   0: 3 0x8000a848 (0xbfe5)
core   0: 0x8000a840 (0x00005f17) auipc   t5, 0x5
core   0: 3 0x8000a840 (0x00005f17) x30 0x8000f840
core   0: 0x8000a844 (0x7c3f2023) sw      gp, 1984(t5)
core   0: 3 0x8000a844 (0x7c3f2023) mem 0x80010000 0x00000001
core   0: 0x8000a848 (0x0000bfe5) c.j     pc - 8
core   0: 3 0x8000a848 (0xbfe5)
core   0: 0x8000a840 (0x00005f17) auipc   t5, 0x5
core   0: 3 0x8000a840 (0x00005f17) x30 0x8000f840
core   0: 0x8000a844 (0x7c3f2023) sw      gp, 1984(t5)
core   0: 3 0x8000a844 (0x7c3f2023) mem 0x80010000 0x00000001
core   0: 0x8000a848 (0x0000bfe5) c.j     pc - 8
core   0: 3 0x8000a848 (0xbfe5)
core   0: 0x8000a840 (0x00005f17) auipc   t5, 0x5
core   0: 3 0x8000a840 (0x00005f17) x30 0x8000f840
core   0: 0x8000a844 (0x7c3f2023) sw      gp, 1984(t5)
core   0: 3 0x8000a844 (0x7c3f2023) mem 0x80010000 0x00000001
core   0: 0x8000a848 (0x0000bfe5) c.j     pc - 8
core   0: 3 0x8000a848 (0xbfe5)
core   0: 0x8000a840 (0x00005f17) auipc   t5, 0x5
core   0: 3 0x8000a840 (0x00005f17) x30 0x8000f840
core   0: 0x8000a844 (0x7c3f2023) sw      gp, 1984(t5)
core   0: 3 0x8000a844 (0x7c3f2023) mem 0x80010000 0x00000001
core   0: 0x8000a848 (0x0000bfe5) c.j     pc - 8
core   0: 3 0x8000a848 (0xbfe5)
core   0: 0x8000a840 (0x00005f17) auipc   t5, 0x5
core   0: 3 0x8000a840 (0x00005f17) x30 0x8000f840
core   0: 0x8000a844 (0x7c3f2023) sw      gp, 1984(t5)
core   0: 3 0x8000a844 (0x7c3f2023) mem 0x80010000 0x00000001
core   0: 0x8000a848 (0x0000bfe5) c.j     pc - 8
core   0: 3 0x8000a848 (0xbfe5)
core   0: 0x8000a840 (0x00005f17) auipc   t5, 0x5
core   0: 3 0x8000a840 (0x00005f17) x30 0x8000f840
core   0: 0x8000a844 (0x7c3f2023) sw      gp, 1984(t5)
core   0: 3 0x8000a844 (0x7c3f2023) mem 0x80010000 0x00000001
core   0: 0x8000a848 (0x0000bfe5) c.j     pc - 8
core   0: 3 0x8000a848 (0xbfe5)
core   0: 0x8000a840 (0x00005f17) auipc   t5, 0x5
core   0: 3 0x8000a840 (0x00005f17) x30 0x8000f840
core   0: 0x8000a844 (0x7c3f2023) sw      gp, 1984(t5)
core   0: 3 0x8000a844 (0x7c3f2023) mem 0x80010000 0x00000001
core   0: 0x8000a848 (0x0000bfe5) c.j     pc - 8
core   0: 3 0x8000a848 (0xbfe5)
core   0: 0x8000a840 (0x00005f17) auipc   t5, 0x5
core   0: 3 0x8000a840 (0x00005f17) x30 0x8000f840
core   0: 0x8000a844 (0x7c3f2023) sw      gp, 1984(t5)
core   0: 3 0x8000a844 (0x7c3f2023) mem 0x80010000 0x00000001
core   0: 0x8000a848 (0x0000bfe5) c.j     pc - 8
core   0: 3 0x8000a848 (0xbfe5)
core   0: 0x8000a840 (0x00005f17) auipc   t5, 0x5
core   0: 3 0x8000a840 (0x00005f17) x30 0x8000f840
core   0: 0x8000a844 (0x7c3f2023) sw      gp, 1984(t5)
core   0: 3 0x8000a844 (0x7c3f2023) mem 0x80010000 0x00000001
core   0: 0x8000a848 (0x0000bfe5) c.j     pc - 8
core   0: 3 0x8000a848 (0xbfe5)
core   0: 0x8000a840 (0x00005f17) auipc   t5, 0x5
core   0: 3 0x8000a840 (0x00005f17) x30 0x8000f840
core   0: 0x8000a844 (0x7c3f2023) sw      gp, 1984(t5)
core   0: 3 0x8000a844 (0x7c3f2023) mem 0x80010000 0x00000001
core   0: 0x8000a848 (0x0000bfe5) c.j     pc - 8
core   0: 3 0x8000a848 (0xbfe5)
core   0: 0x8000a840 (0x00005f17) auipc   t5, 0x5
core   0: 3 0x8000a840 (0x00005f17) x30 0x8000f840
core   0: 0x8000a844 (0x7c3f2023) sw      gp, 1984(t5)
core   0: 3 0x8000a844 (0x7c3f2023) mem 0x80010000 0x00000001
core   0: 0x8000a848 (0x0000bfe5) c.j     pc - 8
core   0: 3 0x8000a848 (0xbfe5)
core   0: 0x8000a840 (0x00005f17) auipc   t5, 0x5
core   0: 3 0x8000a840 (0x00005f17) x30 0x8000f840
core   0: 0x8000a844 (0x7c3f2023) sw      gp, 1984(t5)
core   0: 3 0x8000a844 (0x7c3f2023) mem 0x80010000 0x00000001
core   0: 0x8000a848 (0x0000bfe5) c.j     pc - 8
core   0: 3 0x8000a848 (0xbfe5)
core   0: 0x8000a840 (0x00005f17) auipc   t5, 0x5
core   0: 3 0x8000a840 (0x00005f17) x30 0x8000f840
core   0: 0x8000a844 (0x7c3f2023) sw      gp, 1984(t5)
core   0: 3 0x8000a844 (0x7c3f2023) mem 0x80010000 0x00000001
core   0: 0x8000a848 (0x0000bfe5) c.j     pc - 8
core   0: 3 0x8000a848 (0xbfe5)
core   0: 0x8000a840 (0x00005f17) auipc   t5, 0x5
core   0: 3 0x8000a840 (0x00005f17) x30 0x8000f840
core   0: 0x8000a844 (0x7c3f2023) sw      gp, 1984(t5)
core   0: 3 0x8000a844 (0x7c3f2023) mem 0x80010000 0x00000001
core   0: 0x8000a848 (0x0000bfe5) c.j     pc - 8
core   0: 3 0x8000a848 (0xbfe5)
core   0: 0x8000a840 (0x00005f17) auipc   t5, 0x5
core   0: 3 0x8000a840 (0x00005f17) x30 0x8000f840
core   0: 0x8000a844 (0x7c3f2023) sw      gp, 1984(t5)
core   0: 3 0x8000a844 (0x7c3f2023) mem 0x80010000 0x00000001
core   0: 0x8000a848 (0x0000bfe5) c.j     pc - 8
core   0: 3 0x8000a848 (0xbfe5)
core   0: 0x8000a840 (0x00005f17) auipc   t5, 0x5
core   0: 3 0x8000a840 (0x00005f17) x30 0x8000f840
core   0: 0x8000a844 (0x7c3f2023) sw      gp, 1984(t5)
core   0: 3 0x8000a844 (0x7c3f2023) mem 0x80010000 0x00000001
core   0: 0x8000a848 (0x0000bfe5) c.j     pc - 8
core   0: 3 0x8000a848 (0xbfe5)
core   0: 0x8000a840 (0x00005f17) auipc   t5, 0x5
core   0: 3 0x8000a840 (0x00005f17) x30 0x8000f840
core   0: 0x8000a844 (0x7c3f2023) sw      gp, 1984(t5)
core   0: 3 0x8000a844 (0x7c3f2023) mem 0x80010000 0x00000001
core   0: 0x8000a848 (0x0000bfe5) c.j     pc - 8
core   0: 3 0x8000a848 (0xbfe5)
core   0: 0x8000a840 (0x00005f17) auipc   t5, 0x5
core   0: 3 0x8000a840 (0x00005f17) x30 0x8000f840
core   0: 0x8000a844 (0x7c3f2023) sw      gp, 1984(t5)
core   0: 3 0x8000a844 (0x7c3f2023) mem 0x80010000 0x00000001
core   0: 0x8000a848 (0x0000bfe5) c.j     pc - 8
core   0: 3 0x8000a848 (0xbfe5)
core   0: 0x8000a840 (0x00005f17) auipc   t5, 0x5
core   0: 3 0x8000a840 (0x00005f17) x30 0x8000f840
core   0: 0x8000a844 (0x7c3f2023) sw      gp, 1984(t5)
core   0: 3 0x8000a844 (0x7c3f2023) mem 0x80010000 0x00000001
core   0: 0x8000a848 (0x0000bfe5) c.j     pc - 8
core   0: 3 0x8000a848 (0xbfe5)
core   0: 0x8000a840 (0x00005f17) auipc   t5, 0x5
core   0: 3 0x8000a840 (0x00005f17) x30 0x8000f840
core   0: 0x8000a844 (0x7c3f2023) sw      gp, 1984(t5)
core   0: 3 0x8000a844 (0x7c3f2023) mem 0x80010000 0x00000001
core   0: 0x8000a848 (0x0000bfe5) c.j     pc - 8
core   0: 3 0x8000a848 (0xbfe5)
core   0: 0x8000a840 (0x00005f17) auipc   t5, 0x5
core   0: 3 0x8000a840 (0x00005f17) x30 0x8000f840
core   0: 0x8000a844 (0x7c3f2023) sw      gp, 1984(t5)
core   0: 3 0x8000a844 (0x7c3f2023) mem 0x80010000 0x00000001
core   0: 0x8000a848 (0x0000bfe5) c.j     pc - 8
core   0: 3 0x8000a848 (0xbfe5)
core   0: 0x8000a840 (0x00005f17) auipc   t5, 0x5
core   0: 3 0x8000a840 (0x00005f17) x30 0x8000f840
core   0: 0x8000a844 (0x7c3f2023) sw      gp, 1984(t5)
core   0: 3 0x8000a844 (0x7c3f2023) mem 0x80010000 0x00000001
core   0: 0x8000a848 (0x0000bfe5) c.j     pc - 8
core   0: 3 0x8000a848 (0xbfe5)
core   0: 0x8000a840 (0x00005f17) auipc   t5, 0x5
core   0: 3 0x8000a840 (0x00005f17) x30 0x8000f840
core   0: 0x8000a844 (0x7c3f2023) sw      gp, 1984(t5)
core   0: 3 0x8000a844 (0x7c3f2023) mem 0x80010000 0x00000001
core   0: 0x8000a848 (0x0000bfe5) c.j     pc - 8
core   0: 3 0x8000a848 (0xbfe5)
core   0: 0x8000a840 (0x00005f17) auipc   t5, 0x5
core   0: 3 0x8000a840 (0x00005f17) x30 0x8000f840
core   0: 0x8000a844 (0x7c3f2023) sw      gp, 1984(t5)
core   0: 3 0x8000a844 (0x7c3f2023) mem 0x80010000 0x00000001
core   0: 0x8000a848 (0x0000bfe5) c.j     pc - 8
core   0: 3 0x8000a848 (0xbfe5)
core   0: 0x8000a840 (0x00005f17) auipc   t5, 0x5
core   0: 3 0x8000a840 (0x00005f17) x30 0x8000f840
core   0: 0x8000a844 (0x7c3f2023) sw      gp, 1984(t5)
core   0: 3 0x8000a844 (0x7c3f2023) mem 0x80010000 0x00000001
core   0: 0x8000a848 (0x0000bfe5) c.j     pc - 8
core   0: 3 0x8000a848 (0xbfe5)
core   0: 0x8000a840 (0x00005f17) auipc   t5, 0x5
core   0: 3 0x8000a840 (0x00005f17) x30 0x8000f840
core   0: 0x8000a844 (0x7c3f2023) sw      gp, 1984(t5)
core   0: 3 0x8000a844 (0x7c3f2023) mem 0x80010000 0x00000001
core   0: 0x8000a848 (0x0000bfe5) c.j     pc - 8
core   0: 3 0x8000a848 (0xbfe5)
core   0: 0x8000a840 (0x00005f17) auipc   t5, 0x5
core   0: 3 0x8000a840 (0x00005f17) x30 0x8000f840
core   0: 0x8000a844 (0x7c3f2023) sw      gp, 1984(t5)
core   0: 3 0x8000a844 (0x7c3f2023) mem 0x80010000 0x00000001
core   0: 0x8000a848 (0x0000bfe5) c.j     pc - 8
core   0: 3 0x8000a848 (0xbfe5)
core   0: 0x8000a840 (0x00005f17) auipc   t5, 0x5
core   0: 3 0x8000a840 (0x00005f17) x30 0x8000f840
core   0: 0x8000a844 (0x7c3f2023) sw      gp, 1984(t5)
core   0: 3 0x8000a844 (0x7c3f2023) mem 0x80010000 0x00000001
core   0: 0x8000a848 (0x0000bfe5) c.j     pc - 8
core   0: 3 0x8000a848 (0xbfe5)
core   0: 0x8000a840 (0x00005f17) auipc   t5, 0x5
core   0: 3 0x8000a840 (0x00005f17) x30 0x8000f840
core   0: 0x8000a844 (0x7c3f2023) sw      gp, 1984(t5)
core   0: 3 0x8000a844 (0x7c3f2023) mem 0x80010000 0x00000001
core   0: 0x8000a848 (0x0000bfe5) c.j     pc - 8
core   0: 3 0x8000a848 (0xbfe5)
core   0: 0x8000a840 (0x00005f17) auipc   t5, 0x5
core   0: 3 0x8000a840 (0x00005f17) x30 0x8000f840
core   0: 0x8000a844 (0x7c3f2023) sw      gp, 1984(t5)
core   0: 3 0x8000a844 (0x7c3f2023) mem 0x80010000 0x00000001
core   0: 0x8000a848 (0x0000bfe5) c.j     pc - 8
core   0: 3 0x8000a848 (0xbfe5)
core   0: 0x8000a840 (0x00005f17) auipc   t5, 0x5
core   0: 3 0x8000a840 (0x00005f17) x30 0x8000f840
core   0: 0x8000a844 (0x7c3f2023) sw      gp, 1984(t5)
core   0: 3 0x8000a844 (0x7c3f2023) mem 0x80010000 0x00000001
core   0: 0x8000a848 (0x0000bfe5) c.j     pc - 8
core   0: 3 0x8000a848 (0xbfe5)
core   0: 0x8000a840 (0x00005f17) auipc   t5, 0x5
core   0: 3 0x8000a840 (0x00005f17) x30 0x8000f840
core   0: 0x8000a844 (0x7c3f2023) sw      gp, 1984(t5)
core   0: 3 0x8000a844 (0x7c3f2023) mem 0x80010000 0x00000001
core   0: 0x8000a848 (0x0000bfe5) c.j     pc - 8
core   0: 3 0x8000a848 (0xbfe5)
core   0: 0x8000a840 (0x00005f17) auipc   t5, 0x5
core   0: 3 0x8000a840 (0x00005f17) x30 0x8000f840
core   0: 0x8000a844 (0x7c3f2023) sw      gp, 1984(t5)
core   0: 3 0x8000a844 (0x7c3f2023) mem 0x80010000 0x00000001
core   0: 0x8000a848 (0x0000bfe5) c.j     pc - 8
core   0: 3 0x8000a848 (0xbfe5)
core   0: 0x8000a840 (0x00005f17) auipc   t5, 0x5
core   0: 3 0x8000a840 (0x00005f17) x30 0x8000f840
core   0: 0x8000a844 (0x7c3f2023) sw      gp, 1984(t5)
core   0: 3 0x8000a844 (0x7c3f2023) mem 0x80010000 0x00000001
core   0: 0x8000a848 (0x0000bfe5) c.j     pc - 8
core   0: 3 0x8000a848 (0xbfe5)
core   0: 0x8000a840 (0x00005f17) auipc   t5, 0x5
core   0: 3 0x8000a840 (0x00005f17) x30 0x8000f840
core   0: 0x8000a844 (0x7c3f2023) sw      gp, 1984(t5)
core   0: 3 0x8000a844 (0x7c3f2023) mem 0x80010000 0x00000001
core   0: 0x8000a848 (0x0000bfe5) c.j     pc - 8
core   0: 3 0x8000a848 (0xbfe5)
core   0: 0x8000a840 (0x00005f17) auipc   t5, 0x5
core   0: 3 0x8000a840 (0x00005f17) x30 0x8000f840
core   0: 0x8000a844 (0x7c3f2023) sw      gp, 1984(t5)
core   0: 3 0x8000a844 (0x7c3f2023) mem 0x80010000 0x00000001
core   0: 0x8000a848 (0x0000bfe5) c.j     pc - 8
core   0: 3 0x8000a848 (0xbfe5)
core   0: 0x8000a840 (0x00005f17) auipc   t5, 0x5
core   0: 3 0x8000a840 (0x00005f17) x30 0x8000f840
core   0: 0x8000a844 (0x7c3f2023) sw      gp, 1984(t5)
core   0: 3 0x8000a844 (0x7c3f2023) mem 0x80010000 0x00000001
core   0: 0x8000a848 (0x0000bfe5) c.j     pc - 8
core   0: 3 0x8000a848 (0xbfe5)
core   0: 0x8000a840 (0x00005f17) auipc   t5, 0x5
core   0: 3 0x8000a840 (0x00005f17) x30 0x8000f840
core   0: 0x8000a844 (0x7c3f2023) sw      gp, 1984(t5)
core   0: 3 0x8000a844 (0x7c3f2023) mem 0x80010000 0x00000001
core   0: 0x8000a848 (0x0000bfe5) c.j     pc - 8
core   0: 3 0x8000a848 (0xbfe5)
core   0: 0x8000a840 (0x00005f17) auipc   t5, 0x5
core   0: 3 0x8000a840 (0x00005f17) x30 0x8000f840
core   0: 0x8000a844 (0x7c3f2023) sw      gp, 1984(t5)
core   0: 3 0x8000a844 (0x7c3f2023) mem 0x80010000 0x00000001
core   0: 0x8000a848 (0x0000bfe5) c.j     pc - 8
core   0: 3 0x8000a848 (0xbfe5)
core   0: 0x8000a840 (0x00005f17) auipc   t5, 0x5
core   0: 3 0x8000a840 (0x00005f17) x30 0x8000f840
core   0: 0x8000a844 (0x7c3f2023) sw      gp, 1984(t5)
core   0: 3 0x8000a844 (0x7c3f2023) mem 0x80010000 0x00000001
core   0: 0x8000a848 (0x0000bfe5) c.j     pc - 8
core   0: 3 0x8000a848 (0xbfe5)
core   0: 0x8000a840 (0x00005f17) auipc   t5, 0x5
core   0: 3 0x8000a840 (0x00005f17) x30 0x8000f840
core   0: 0x8000a844 (0x7c3f2023) sw      gp, 1984(t5)
core   0: 3 0x8000a844 (0x7c3f2023) mem 0x80010000 0x00000001
core   0: 0x8000a848 (0x0000bfe5) c.j     pc - 8
core   0: 3 0x8000a848 (0xbfe5)
core   0: 0x8000a840 (0x00005f17) auipc   t5, 0x5
core   0: 3 0x8000a840 (0x00005f17) x30 0x8000f840
core   0: 0x8000a844 (0x7c3f2023) sw      gp, 1984(t5)
core   0: 3 0x8000a844 (0x7c3f2023) mem 0x80010000 0x00000001
core   0: 0x8000a848 (0x0000bfe5) c.j     pc - 8
core   0: 3 0x8000a848 (0xbfe5)
core   0: 0x8000a840 (0x00005f17) auipc   t5, 0x5
core   0: 3 0x8000a840 (0x00005f17) x30 0x8000f840
core   0: 0x8000a844 (0x7c3f2023) sw      gp, 1984(t5)
core   0: 3 0x8000a844 (0x7c3f2023) mem 0x80010000 0x00000001
core   0: 0x8000a848 (0x0000bfe5) c.j     pc - 8
core   0: 3 0x8000a848 (0xbfe5)
core   0: 0x8000a840 (0x00005f17) auipc   t5, 0x5
core   0: 3 0x8000a840 (0x00005f17) x30 0x8000f840
core   0: 0x8000a844 (0x7c3f2023) sw      gp, 1984(t5)
core   0: 3 0x8000a844 (0x7c3f2023) mem 0x80010000 0x00000001
core   0: 0x8000a848 (0x0000bfe5) c.j     pc - 8
core   0: 3 0x8000a848 (0xbfe5)
core   0: 0x8000a840 (0x00005f17) auipc   t5, 0x5
core   0: 3 0x8000a840 (0x00005f17) x30 0x8000f840
core   0: 0x8000a844 (0x7c3f2023) sw      gp, 1984(t5)
core   0: 3 0x8000a844 (0x7c3f2023) mem 0x80010000 0x00000001
core   0: 0x8000a848 (0x0000bfe5) c.j     pc - 8
core   0: 3 0x8000a848 (0xbfe5)
core   0: 0x8000a840 (0x00005f17) auipc   t5, 0x5
core   0: 3 0x8000a840 (0x00005f17) x30 0x8000f840
core   0: 0x8000a844 (0x7c3f2023) sw      gp, 1984(t5)
core   0: 3 0x8000a844 (0x7c3f2023) mem 0x80010000 0x00000001
core   0: 0x8000a848 (0x0000bfe5) c.j     pc - 8
core   0: 3 0x8000a848 (0xbfe5)
core   0: 0x8000a840 (0x00005f17) auipc   t5, 0x5
core   0: 3 0x8000a840 (0x00005f17) x30 0x8000f840
core   0: 0x8000a844 (0x7c3f2023) sw      gp, 1984(t5)
core   0: 3 0x8000a844 (0x7c3f2023) mem 0x80010000 0x00000001
core   0: 0x8000a848 (0x0000bfe5) c.j     pc - 8
core   0: 3 0x8000a848 (0xbfe5)
core   0: 0x8000a840 (0x00005f17) auipc   t5, 0x5
core   0: 3 0x8000a840 (0x00005f17) x30 0x8000f840
core   0: 0x8000a844 (0x7c3f2023) sw      gp, 1984(t5)
core   0: 3 0x8000a844 (0x7c3f2023) mem 0x80010000 0x00000001
core   0: 0x8000a848 (0x0000bfe5) c.j     pc - 8
core   0: 3 0x8000a848 (0xbfe5)
core   0: 0x8000a840 (0x00005f17) auipc   t5, 0x5
core   0: 3 0x8000a840 (0x00005f17) x30 0x8000f840
core   0: 0x8000a844 (0x7c3f2023) sw      gp, 1984(t5)
core   0: 3 0x8000a844 (0x7c3f2023) mem 0x80010000 0x00000001
core   0: 0x8000a848 (0x0000bfe5) c.j     pc - 8
core   0: 3 0x8000a848 (0xbfe5)
core   0: 0x8000a840 (0x00005f17) auipc   t5, 0x5
core   0: 3 0x8000a840 (0x00005f17) x30 0x8000f840
core   0: 0x8000a844 (0x7c3f2023) sw      gp, 1984(t5)
core   0: 3 0x8000a844 (0x7c3f2023) mem 0x80010000 0x00000001
core   0: 0x8000a848 (0x0000bfe5) c.j     pc - 8
core   0: 3 0x8000a848 (0xbfe5)
core   0: 0x8000a840 (0x00005f17) auipc   t5, 0x5
core   0: 3 0x8000a840 (0x00005f17) x30 0x8000f840
core   0: 0x8000a844 (0x7c3f2023) sw      gp, 1984(t5)
core   0: 3 0x8000a844 (0x7c3f2023) mem 0x80010000 0x00000001
core   0: 0x8000a848 (0x0000bfe5) c.j     pc - 8
core   0: 3 0x8000a848 (0xbfe5)
core   0: 0x8000a840 (0x00005f17) auipc   t5, 0x5
core   0: 3 0x8000a840 (0x00005f17) x30 0x8000f840
core   0: 0x8000a844 (0x7c3f2023) sw      gp, 1984(t5)
core   0: 3 0x8000a844 (0x7c3f2023) mem 0x80010000 0x00000001
core   0: 0x8000a848 (0x0000bfe5) c.j     pc - 8
core   0: 3 0x8000a848 (0xbfe5)
core   0: 0x8000a840 (0x00005f17) auipc   t5, 0x5
core   0: 3 0x8000a840 (0x00005f17) x30 0x8000f840
core   0: 0x8000a844 (0x7c3f2023) sw      gp, 1984(t5)
core   0: 3 0x8000a844 (0x7c3f2023) mem 0x80010000 0x00000001
core   0: 0x8000a848 (0x0000bfe5) c.j     pc - 8
core   0: 3 0x8000a848 (0xbfe5)
core   0: 0x8000a840 (0x00005f17) auipc   t5, 0x5
core   0: 3 0x8000a840 (0x00005f17) x30 0x8000f840
core   0: 0x8000a844 (0x7c3f2023) sw      gp, 1984(t5)
core   0: 3 0x8000a844 (0x7c3f2023) mem 0x80010000 0x00000001
core   0: 0x8000a848 (0x0000bfe5) c.j     pc - 8
core   0: 3 0x8000a848 (0xbfe5)
core   0: 0x8000a840 (0x00005f17) auipc   t5, 0x5
core   0: 3 0x8000a840 (0x00005f17) x30 0x8000f840
core   0: 0x8000a844 (0x7c3f2023) sw      gp, 1984(t5)
core   0: 3 0x8000a844 (0x7c3f2023) mem 0x80010000 0x00000001
core   0: 0x8000a848 (0x0000bfe5) c.j     pc - 8
core   0: 3 0x8000a848 (0xbfe5)
core   0: 0x8000a840 (0x00005f17) auipc   t5, 0x5
core   0: 3 0x8000a840 (0x00005f17) x30 0x8000f840
core   0: 0x8000a844 (0x7c3f2023) sw      gp, 1984(t5)
core   0: 3 0x8000a844 (0x7c3f2023) mem 0x80010000 0x00000001
core   0: 0x8000a848 (0x0000bfe5) c.j     pc - 8
core   0: 3 0x8000a848 (0xbfe5)
core   0: 0x8000a840 (0x00005f17) auipc   t5, 0x5
core   0: 3 0x8000a840 (0x00005f17) x30 0x8000f840
core   0: 0x8000a844 (0x7c3f2023) sw      gp, 1984(t5)
core   0: 3 0x8000a844 (0x7c3f2023) mem 0x80010000 0x00000001
core   0: 0x8000a848 (0x0000bfe5) c.j     pc - 8
core   0: 3 0x8000a848 (0xbfe5)
core   0: 0x8000a840 (0x00005f17) auipc   t5, 0x5
core   0: 3 0x8000a840 (0x00005f17) x30 0x8000f840
core   0: 0x8000a844 (0x7c3f2023) sw      gp, 1984(t5)
core   0: 3 0x8000a844 (0x7c3f2023) mem 0x80010000 0x00000001
core   0: 0x8000a848 (0x0000bfe5) c.j     pc - 8
core   0: 3 0x8000a848 (0xbfe5)
core   0: 0x8000a840 (0x00005f17) auipc   t5, 0x5
core   0: 3 0x8000a840 (0x00005f17) x30 0x8000f840
core   0: 0x8000a844 (0x7c3f2023) sw      gp, 1984(t5)
core   0: 3 0x8000a844 (0x7c3f2023) mem 0x80010000 0x00000001
core   0: 0x8000a848 (0x0000bfe5) c.j     pc - 8
core   0: 3 0x8000a848 (0xbfe5)
core   0: 0x8000a840 (0x00005f17) auipc   t5, 0x5
core   0: 3 0x8000a840 (0x00005f17) x30 0x8000f840
core   0: 0x8000a844 (0x7c3f2023) sw      gp, 1984(t5)
core   0: 3 0x8000a844 (0x7c3f2023) mem 0x80010000 0x00000001
core   0: 0x8000a848 (0x0000bfe5) c.j     pc - 8
core   0: 3 0x8000a848 (0xbfe5)
core   0: 0x8000a840 (0x00005f17) auipc   t5, 0x5
core   0: 3 0x8000a840 (0x00005f17) x30 0x8000f840
core   0: 0x8000a844 (0x7c3f2023) sw      gp, 1984(t5)
core   0: 3 0x8000a844 (0x7c3f2023) mem 0x80010000 0x00000001
core   0: 0x8000a848 (0x0000bfe5) c.j     pc - 8
core   0: 3 0x8000a848 (0xbfe5)
core   0: 0x8000a840 (0x00005f17) auipc   t5, 0x5
core   0: 3 0x8000a840 (0x00005f17) x30 0x8000f840
core   0: 0x8000a844 (0x7c3f2023) sw      gp, 1984(t5)
core   0: 3 0x8000a844 (0x7c3f2023) mem 0x80010000 0x00000001
core   0: 0x8000a848 (0x0000bfe5) c.j     pc - 8
core   0: 3 0x8000a848 (0xbfe5)
core   0: 0x8000a840 (0x00005f17) auipc   t5, 0x5
core   0: 3 0x8000a840 (0x00005f17) x30 0x8000f840
core   0: 0x8000a844 (0x7c3f2023) sw      gp, 1984(t5)
core   0: 3 0x8000a844 (0x7c3f2023) mem 0x80010000 0x00000001
core   0: 0x8000a848 (0x0000bfe5) c.j     pc - 8
core   0: 3 0x8000a848 (0xbfe5)
core   0: 0x8000a840 (0x00005f17) auipc   t5, 0x5
core   0: 3 0x8000a840 (0x00005f17) x30 0x8000f840
core   0: 0x8000a844 (0x7c3f2023) sw      gp, 1984(t5)
core   0: 3 0x8000a844 (0x7c3f2023) mem 0x80010000 0x00000001
core   0: 0x8000a848 (0x0000bfe5) c.j     pc - 8
core   0: 3 0x8000a848 (0xbfe5)
core   0: 0x8000a840 (0x00005f17) auipc   t5, 0x5
core   0: 3 0x8000a840 (0x00005f17) x30 0x8000f840
core   0: 0x8000a844 (0x7c3f2023) sw      gp, 1984(t5)
core   0: 3 0x8000a844 (0x7c3f2023) mem 0x80010000 0x00000001
core   0: 0x8000a848 (0x0000bfe5) c.j     pc - 8
core   0: 3 0x8000a848 (0xbfe5)
core   0: 0x8000a840 (0x00005f17) auipc   t5, 0x5
core   0: 3 0x8000a840 (0x00005f17) x30 0x8000f840
core   0: 0x8000a844 (0x7c3f2023) sw      gp, 1984(t5)
core   0: 3 0x8000a844 (0x7c3f2023) mem 0x80010000 0x00000001
core   0: 0x8000a848 (0x0000bfe5) c.j     pc - 8
core   0: 3 0x8000a848 (0xbfe5)
core   0: 0x8000a840 (0x00005f17) auipc   t5, 0x5
core   0: 3 0x8000a840 (0x00005f17) x30 0x8000f840
core   0: 0x8000a844 (0x7c3f2023) sw      gp, 1984(t5)
core   0: 3 0x8000a844 (0x7c3f2023) mem 0x80010000 0x00000001
core   0: 0x8000a848 (0x0000bfe5) c.j     pc - 8
core   0: 3 0x8000a848 (0xbfe5)
core   0: 0x8000a840 (0x00005f17) auipc   t5, 0x5
core   0: 3 0x8000a840 (0x00005f17) x30 0x8000f840
core   0: 0x8000a844 (0x7c3f2023) sw      gp, 1984(t5)
core   0: 3 0x8000a844 (0x7c3f2023) mem 0x80010000 0x00000001
core   0: 0x8000a848 (0x0000bfe5) c.j     pc - 8
core   0: 3 0x8000a848 (0xbfe5)
core   0: 0x8000a840 (0x00005f17) auipc   t5, 0x5
core   0: 3 0x8000a840 (0x00005f17) x30 0x8000f840
core   0: 0x8000a844 (0x7c3f2023) sw      gp, 1984(t5)
core   0: 3 0x8000a844 (0x7c3f2023) mem 0x80010000 0x00000001
core   0: 0x8000a848 (0x0000bfe5) c.j     pc - 8
core   0: 3 0x8000a848 (0xbfe5)
core   0: 0x8000a840 (0x00005f17) auipc   t5, 0x5
core   0: 3 0x8000a840 (0x00005f17) x30 0x8000f840
core   0: 0x8000a844 (0x7c3f2023) sw      gp, 1984(t5)
core   0: 3 0x8000a844 (0x7c3f2023) mem 0x80010000 0x00000001
core   0: 0x8000a848 (0x0000bfe5) c.j     pc - 8
core   0: 3 0x8000a848 (0xbfe5)
core   0: 0x8000a840 (0x00005f17) auipc   t5, 0x5
core   0: 3 0x8000a840 (0x00005f17) x30 0x8000f840
core   0: 0x8000a844 (0x7c3f2023) sw      gp, 1984(t5)
core   0: 3 0x8000a844 (0x7c3f2023) mem 0x80010000 0x00000001
core   0: 0x8000a848 (0x0000bfe5) c.j     pc - 8
core   0: 3 0x8000a848 (0xbfe5)
core   0: 0x8000a840 (0x00005f17) auipc   t5, 0x5
core   0: 3 0x8000a840 (0x00005f17) x30 0x8000f840
core   0: 0x8000a844 (0x7c3f2023) sw      gp, 1984(t5)
core   0: 3 0x8000a844 (0x7c3f2023) mem 0x80010000 0x00000001
core   0: 0x8000a848 (0x0000bfe5) c.j     pc - 8
core   0: 3 0x8000a848 (0xbfe5)
core   0: 0x8000a840 (0x00005f17) auipc   t5, 0x5
core   0: 3 0x8000a840 (0x00005f17) x30 0x8000f840
core   0: 0x8000a844 (0x7c3f2023) sw      gp, 1984(t5)
core   0: 3 0x8000a844 (0x7c3f2023) mem 0x80010000 0x00000001
core   0: 0x8000a848 (0x0000bfe5) c.j     pc - 8
core   0: 3 0x8000a848 (0xbfe5)
core   0: 0x8000a840 (0x00005f17) auipc   t5, 0x5
core   0: 3 0x8000a840 (0x00005f17) x30 0x8000f840
core   0: 0x8000a844 (0x7c3f2023) sw      gp, 1984(t5)
core   0: 3 0x8000a844 (0x7c3f2023) mem 0x80010000 0x00000001
core   0: 0x8000a848 (0x0000bfe5) c.j     pc - 8
core   0: 3 0x8000a848 (0xbfe5)
core   0: 0x8000a840 (0x00005f17) auipc   t5, 0x5
core   0: 3 0x8000a840 (0x00005f17) x30 0x8000f840
core   0: 0x8000a844 (0x7c3f2023) sw      gp, 1984(t5)
core   0: 3 0x8000a844 (0x7c3f2023) mem 0x80010000 0x00000001
core   0: 0x8000a848 (0x0000bfe5) c.j     pc - 8
core   0: 3 0x8000a848 (0xbfe5)
core   0: 0x8000a840 (0x00005f17) auipc   t5, 0x5
core   0: 3 0x8000a840 (0x00005f17) x30 0x8000f840
core   0: 0x8000a844 (0x7c3f2023) sw      gp, 1984(t5)
core   0: 3 0x8000a844 (0x7c3f2023) mem 0x80010000 0x00000001
core   0: 0x8000a848 (0x0000bfe5) c.j     pc - 8
core   0: 3 0x8000a848 (0xbfe5)
core   0: 0x8000a840 (0x00005f17) auipc   t5, 0x5
core   0: 3 0x8000a840 (0x00005f17) x30 0x8000f840
core   0: 0x8000a844 (0x7c3f2023) sw      gp, 1984(t5)
core   0: 3 0x8000a844 (0x7c3f2023) mem 0x80010000 0x00000001
core   0: 0x8000a848 (0x0000bfe5) c.j     pc - 8
core   0: 3 0x8000a848 (0xbfe5)
core   0: 0x8000a840 (0x00005f17) auipc   t5, 0x5
core   0: 3 0x8000a840 (0x00005f17) x30 0x8000f840
core   0: 0x8000a844 (0x7c3f2023) sw      gp, 1984(t5)
core   0: 3 0x8000a844 (0x7c3f2023) mem 0x80010000 0x00000001
core   0: 0x8000a848 (0x0000bfe5) c.j     pc - 8
core   0: 3 0x8000a848 (0xbfe5)
core   0: 0x8000a840 (0x00005f17) auipc   t5, 0x5
core   0: 3 0x8000a840 (0x00005f17) x30 0x8000f840
core   0: 0x8000a844 (0x7c3f2023) sw      gp, 1984(t5)
core   0: 3 0x8000a844 (0x7c3f2023) mem 0x80010000 0x00000001
core   0: 0x8000a848 (0x0000bfe5) c.j     pc - 8
core   0: 3 0x8000a848 (0xbfe5)
core   0: 0x8000a840 (0x00005f17) auipc   t5, 0x5
core   0: 3 0x8000a840 (0x00005f17) x30 0x8000f840
core   0: 0x8000a844 (0x7c3f2023) sw      gp, 1984(t5)
core   0: 3 0x8000a844 (0x7c3f2023) mem 0x80010000 0x00000001
core   0: 0x8000a848 (0x0000bfe5) c.j     pc - 8
core   0: 3 0x8000a848 (0xbfe5)
core   0: 0x8000a840 (0x00005f17) auipc   t5, 0x5
core   0: 3 0x8000a840 (0x00005f17) x30 0x8000f840
core   0: 0x8000a844 (0x7c3f2023) sw      gp, 1984(t5)
core   0: 3 0x8000a844 (0x7c3f2023) mem 0x80010000 0x00000001
core   0: 0x8000a848 (0x0000bfe5) c.j     pc - 8
core   0: 3 0x8000a848 (0xbfe5)
core   0: 0x8000a840 (0x00005f17) auipc   t5, 0x5
core   0: 3 0x8000a840 (0x00005f17) x30 0x8000f840
core   0: 0x8000a844 (0x7c3f2023) sw      gp, 1984(t5)
core   0: 3 0x8000a844 (0x7c3f2023) mem 0x80010000 0x00000001
core   0: 0x8000a848 (0x0000bfe5) c.j     pc - 8
core   0: 3 0x8000a848 (0xbfe5)
core   0: 0x8000a840 (0x00005f17) auipc   t5, 0x5
core   0: 3 0x8000a840 (0x00005f17) x30 0x8000f840
core   0: 0x8000a844 (0x7c3f2023) sw      gp, 1984(t5)
core   0: 3 0x8000a844 (0x7c3f2023) mem 0x80010000 0x00000001
core   0: 0x8000a848 (0x0000bfe5) c.j     pc - 8
core   0: 3 0x8000a848 (0xbfe5)
core   0: 0x8000a840 (0x00005f17) auipc   t5, 0x5
core   0: 3 0x8000a840 (0x00005f17) x30 0x8000f840
core   0: 0x8000a844 (0x7c3f2023) sw      gp, 1984(t5)
core   0: 3 0x8000a844 (0x7c3f2023) mem 0x80010000 0x00000001
core   0: 0x8000a848 (0x0000bfe5) c.j     pc - 8
core   0: 3 0x8000a848 (0xbfe5)
core   0: 0x8000a840 (0x00005f17) auipc   t5, 0x5
core   0: 3 0x8000a840 (0x00005f17) x30 0x8000f840
core   0: 0x8000a844 (0x7c3f2023) sw      gp, 1984(t5)
core   0: 3 0x8000a844 (0x7c3f2023) mem 0x80010000 0x00000001
core   0: 0x8000a848 (0x0000bfe5) c.j     pc - 8
core   0: 3 0x8000a848 (0xbfe5)
core   0: 0x8000a840 (0x00005f17) auipc   t5, 0x5
core   0: 3 0x8000a840 (0x00005f17) x30 0x8000f840
core   0: 0x8000a844 (0x7c3f2023) sw      gp, 1984(t5)
core   0: 3 0x8000a844 (0x7c3f2023) mem 0x80010000 0x00000001
core   0: 0x8000a848 (0x0000bfe5) c.j     pc - 8
core   0: 3 0x8000a848 (0xbfe5)
core   0: 0x8000a840 (0x00005f17) auipc   t5, 0x5
core   0: 3 0x8000a840 (0x00005f17) x30 0x8000f840
core   0: 0x8000a844 (0x7c3f2023) sw      gp, 1984(t5)
core   0: 3 0x8000a844 (0x7c3f2023) mem 0x80010000 0x00000001
core   0: 0x8000a848 (0x0000bfe5) c.j     pc - 8
core   0: 3 0x8000a848 (0xbfe5)
core   0: 0x8000a840 (0x00005f17) auipc   t5, 0x5
core   0: 3 0x8000a840 (0x00005f17) x30 0x8000f840
core   0: 0x8000a844 (0x7c3f2023) sw      gp, 1984(t5)
core   0: 3 0x8000a844 (0x7c3f2023) mem 0x80010000 0x00000001
core   0: 0x8000a848 (0x0000bfe5) c.j     pc - 8
core   0: 3 0x8000a848 (0xbfe5)
core   0: 0x8000a840 (0x00005f17) auipc   t5, 0x5
core   0: 3 0x8000a840 (0x00005f17) x30 0x8000f840
core   0: 0x8000a844 (0x7c3f2023) sw      gp, 1984(t5)
core   0: 3 0x8000a844 (0x7c3f2023) mem 0x80010000 0x00000001
core   0: 0x8000a848 (0x0000bfe5) c.j     pc - 8
core   0: 3 0x8000a848 (0xbfe5)
core   0: 0x8000a840 (0x00005f17) auipc   t5, 0x5
core   0: 3 0x8000a840 (0x00005f17) x30 0x8000f840
core   0: 0x8000a844 (0x7c3f2023) sw      gp, 1984(t5)
core   0: 3 0x8000a844 (0x7c3f2023) mem 0x80010000 0x00000001
core   0: 0x8000a848 (0x0000bfe5) c.j     pc - 8
core   0: 3 0x8000a848 (0xbfe5)
core   0: 0x8000a840 (0x00005f17) auipc   t5, 0x5
core   0: 3 0x8000a840 (0x00005f17) x30 0x8000f840
core   0: 0x8000a844 (0x7c3f2023) sw      gp, 1984(t5)
core   0: 3 0x8000a844 (0x7c3f2023) mem 0x80010000 0x00000001
core   0: 0x8000a848 (0x0000bfe5) c.j     pc - 8
core   0: 3 0x8000a848 (0xbfe5)
core   0: 0x8000a840 (0x00005f17) auipc   t5, 0x5
core   0: 3 0x8000a840 (0x00005f17) x30 0x8000f840
core   0: 0x8000a844 (0x7c3f2023) sw      gp, 1984(t5)
core   0: 3 0x8000a844 (0x7c3f2023) mem 0x80010000 0x00000001
core   0: 0x8000a848 (0x0000bfe5) c.j     pc - 8
core   0: 3 0x8000a848 (0xbfe5)
core   0: 0x8000a840 (0x00005f17) auipc   t5, 0x5
core   0: 3 0x8000a840 (0x00005f17) x30 0x8000f840
core   0: 0x8000a844 (0x7c3f2023) sw      gp, 1984(t5)
core   0: 3 0x8000a844 (0x7c3f2023) mem 0x80010000 0x00000001
core   0: 0x8000a848 (0x0000bfe5) c.j     pc - 8
core   0: 3 0x8000a848 (0xbfe5)
core   0: 0x8000a840 (0x00005f17) auipc   t5, 0x5
core   0: 3 0x8000a840 (0x00005f17) x30 0x8000f840
core   0: 0x8000a844 (0x7c3f2023) sw      gp, 1984(t5)
core   0: 3 0x8000a844 (0x7c3f2023) mem 0x80010000 0x00000001
core   0: 0x8000a848 (0x0000bfe5) c.j     pc - 8
core   0: 3 0x8000a848 (0xbfe5)
core   0: 0x8000a840 (0x00005f17) auipc   t5, 0x5
core   0: 3 0x8000a840 (0x00005f17) x30 0x8000f840
core   0: 0x8000a844 (0x7c3f2023) sw      gp, 1984(t5)
core   0: 3 0x8000a844 (0x7c3f2023) mem 0x80010000 0x00000001
core   0: 0x8000a848 (0x0000bfe5) c.j     pc - 8
core   0: 3 0x8000a848 (0xbfe5)
core   0: 0x8000a840 (0x00005f17) auipc   t5, 0x5
core   0: 3 0x8000a840 (0x00005f17) x30 0x8000f840
core   0: 0x8000a844 (0x7c3f2023) sw      gp, 1984(t5)
core   0: 3 0x8000a844 (0x7c3f2023) mem 0x80010000 0x00000001
core   0: 0x8000a848 (0x0000bfe5) c.j     pc - 8
core   0: 3 0x8000a848 (0xbfe5)
core   0: 0x8000a840 (0x00005f17) auipc   t5, 0x5
core   0: 3 0x8000a840 (0x00005f17) x30 0x8000f840
core   0: 0x8000a844 (0x7c3f2023) sw      gp, 1984(t5)
core   0: 3 0x8000a844 (0x7c3f2023) mem 0x80010000 0x00000001
core   0: 0x8000a848 (0x0000bfe5) c.j     pc - 8
core   0: 3 0x8000a848 (0xbfe5)
core   0: 0x8000a840 (0x00005f17) auipc   t5, 0x5
core   0: 3 0x8000a840 (0x00005f17) x30 0x8000f840
core   0: 0x8000a844 (0x7c3f2023) sw      gp, 1984(t5)
core   0: 3 0x8000a844 (0x7c3f2023) mem 0x80010000 0x00000001
core   0: 0x8000a848 (0x0000bfe5) c.j     pc - 8
core   0: 3 0x8000a848 (0xbfe5)
core   0: 0x8000a840 (0x00005f17) auipc   t5, 0x5
core   0: 3 0x8000a840 (0x00005f17) x30 0x8000f840
core   0: 0x8000a844 (0x7c3f2023) sw      gp, 1984(t5)
core   0: 3 0x8000a844 (0x7c3f2023) mem 0x80010000 0x00000001
core   0: 0x8000a848 (0x0000bfe5) c.j     pc - 8
core   0: 3 0x8000a848 (0xbfe5)
core   0: 0x8000a840 (0x00005f17) auipc   t5, 0x5
core   0: 3 0x8000a840 (0x00005f17) x30 0x8000f840
core   0: 0x8000a844 (0x7c3f2023) sw      gp, 1984(t5)
core   0: 3 0x8000a844 (0x7c3f2023) mem 0x80010000 0x00000001
core   0: 0x8000a848 (0x0000bfe5) c.j     pc - 8
core   0: 3 0x8000a848 (0xbfe5)
core   0: 0x8000a840 (0x00005f17) auipc   t5, 0x5
core   0: 3 0x8000a840 (0x00005f17) x30 0x8000f840
core   0: 0x8000a844 (0x7c3f2023) sw      gp, 1984(t5)
core   0: 3 0x8000a844 (0x7c3f2023) mem 0x80010000 0x00000001
core   0: 0x8000a848 (0x0000bfe5) c.j     pc - 8
core   0: 3 0x8000a848 (0xbfe5)
core   0: 0x8000a840 (0x00005f17) auipc   t5, 0x5
core   0: 3 0x8000a840 (0x00005f17) x30 0x8000f840
core   0: 0x8000a844 (0x7c3f2023) sw      gp, 1984(t5)
core   0: 3 0x8000a844 (0x7c3f2023) mem 0x80010000 0x00000001
core   0: 0x8000a848 (0x0000bfe5) c.j     pc - 8
core   0: 3 0x8000a848 (0xbfe5)
core   0: 0x8000a840 (0x00005f17) auipc   t5, 0x5
core   0: 3 0x8000a840 (0x00005f17) x30 0x8000f840
core   0: 0x8000a844 (0x7c3f2023) sw      gp, 1984(t5)
core   0: 3 0x8000a844 (0x7c3f2023) mem 0x80010000 0x00000001
core   0: 0x8000a848 (0x0000bfe5) c.j     pc - 8
core   0: 3 0x8000a848 (0xbfe5)
core   0: 0x8000a840 (0x00005f17) auipc   t5, 0x5
core   0: 3 0x8000a840 (0x00005f17) x30 0x8000f840
core   0: 0x8000a844 (0x7c3f2023) sw      gp, 1984(t5)
core   0: 3 0x8000a844 (0x7c3f2023) mem 0x80010000 0x00000001
core   0: 0x8000a848 (0x0000bfe5) c.j     pc - 8
core   0: 3 0x8000a848 (0xbfe5)
core   0: 0x8000a840 (0x00005f17) auipc   t5, 0x5
core   0: 3 0x8000a840 (0x00005f17) x30 0x8000f840
core   0: 0x8000a844 (0x7c3f2023) sw      gp, 1984(t5)
core   0: 3 0x8000a844 (0x7c3f2023) mem 0x80010000 0x00000001
core   0: 0x8000a848 (0x0000bfe5) c.j     pc - 8
core   0: 3 0x8000a848 (0xbfe5)
core   0: 0x8000a840 (0x00005f17) auipc   t5, 0x5
core   0: 3 0x8000a840 (0x00005f17) x30 0x8000f840
core   0: 0x8000a844 (0x7c3f2023) sw      gp, 1984(t5)
core   0: 3 0x8000a844 (0x7c3f2023) mem 0x80010000 0x00000001
core   0: 0x8000a848 (0x0000bfe5) c.j     pc - 8
core   0: 3 0x8000a848 (0xbfe5)
core   0: 0x8000a840 (0x00005f17) auipc   t5, 0x5
core   0: 3 0x8000a840 (0x00005f17) x30 0x8000f840
core   0: 0x8000a844 (0x7c3f2023) sw      gp, 1984(t5)
core   0: 3 0x8000a844 (0x7c3f2023) mem 0x80010000 0x00000001
core   0: 0x8000a848 (0x0000bfe5) c.j     pc - 8
core   0: 3 0x8000a848 (0xbfe5)
core   0: 0x8000a840 (0x00005f17) auipc   t5, 0x5
core   0: 3 0x8000a840 (0x00005f17) x30 0x8000f840
core   0: 0x8000a844 (0x7c3f2023) sw      gp, 1984(t5)
core   0: 3 0x8000a844 (0x7c3f2023) mem 0x80010000 0x00000001
core   0: 0x8000a848 (0x0000bfe5) c.j     pc - 8
core   0: 3 0x8000a848 (0xbfe5)
core   0: 0x8000a840 (0x00005f17) auipc   t5, 0x5
core   0: 3 0x8000a840 (0x00005f17) x30 0x8000f840
core   0: 0x8000a844 (0x7c3f2023) sw      gp, 1984(t5)
core   0: 3 0x8000a844 (0x7c3f2023) mem 0x80010000 0x00000001
core   0: 0x8000a848 (0x0000bfe5) c.j     pc - 8
core   0: 3 0x8000a848 (0xbfe5)
core   0: 0x8000a840 (0x00005f17) auipc   t5, 0x5
core   0: 3 0x8000a840 (0x00005f17) x30 0x8000f840
core   0: 0x8000a844 (0x7c3f2023) sw      gp, 1984(t5)
core   0: 3 0x8000a844 (0x7c3f2023) mem 0x80010000 0x00000001
core   0: 0x8000a848 (0x0000bfe5) c.j     pc - 8
core   0: 3 0x8000a848 (0xbfe5)
core   0: 0x8000a840 (0x00005f17) auipc   t5, 0x5
core   0: 3 0x8000a840 (0x00005f17) x30 0x8000f840
core   0: 0x8000a844 (0x7c3f2023) sw      gp, 1984(t5)
core   0: 3 0x8000a844 (0x7c3f2023) mem 0x80010000 0x00000001
core   0: 0x8000a848 (0x0000bfe5) c.j     pc - 8
core   0: 3 0x8000a848 (0xbfe5)
core   0: 0x8000a840 (0x00005f17) auipc   t5, 0x5
core   0: 3 0x8000a840 (0x00005f17) x30 0x8000f840
core   0: 0x8000a844 (0x7c3f2023) sw      gp, 1984(t5)
core   0: 3 0x8000a844 (0x7c3f2023) mem 0x80010000 0x00000001
core   0: 0x8000a848 (0x0000bfe5) c.j     pc - 8
core   0: 3 0x8000a848 (0xbfe5)
core   0: 0x8000a840 (0x00005f17) auipc   t5, 0x5
core   0: 3 0x8000a840 (0x00005f17) x30 0x8000f840
core   0: 0x8000a844 (0x7c3f2023) sw      gp, 1984(t5)
core   0: 3 0x8000a844 (0x7c3f2023) mem 0x80010000 0x00000001
core   0: 0x8000a848 (0x0000bfe5) c.j     pc - 8
core   0: 3 0x8000a848 (0xbfe5)
core   0: 0x8000a840 (0x00005f17) auipc   t5, 0x5
core   0: 3 0x8000a840 (0x00005f17) x30 0x8000f840
core   0: 0x8000a844 (0x7c3f2023) sw      gp, 1984(t5)
core   0: 3 0x8000a844 (0x7c3f2023) mem 0x80010000 0x00000001
core   0: 0x8000a848 (0x0000bfe5) c.j     pc - 8
core   0: 3 0x8000a848 (0xbfe5)
core   0: 0x8000a840 (0x00005f17) auipc   t5, 0x5
core   0: 3 0x8000a840 (0x00005f17) x30 0x8000f840
core   0: 0x8000a844 (0x7c3f2023) sw      gp, 1984(t5)
core   0: 3 0x8000a844 (0x7c3f2023) mem 0x80010000 0x00000001
core   0: 0x8000a848 (0x0000bfe5) c.j     pc - 8
core   0: 3 0x8000a848 (0xbfe5)
core   0: 0x8000a840 (0x00005f17) auipc   t5, 0x5
core   0: 3 0x8000a840 (0x00005f17) x30 0x8000f840
core   0: 0x8000a844 (0x7c3f2023) sw      gp, 1984(t5)
core   0: 3 0x8000a844 (0x7c3f2023) mem 0x80010000 0x00000001
core   0: 0x8000a848 (0x0000bfe5) c.j     pc - 8
core   0: 3 0x8000a848 (0xbfe5)
core   0: 0x8000a840 (0x00005f17) auipc   t5, 0x5
core   0: 3 0x8000a840 (0x00005f17) x30 0x8000f840
core   0: 0x8000a844 (0x7c3f2023) sw      gp, 1984(t5)
core   0: 3 0x8000a844 (0x7c3f2023) mem 0x80010000 0x00000001
core   0: 0x8000a848 (0x0000bfe5) c.j     pc - 8
core   0: 3 0x8000a848 (0xbfe5)
core   0: 0x8000a840 (0x00005f17) auipc   t5, 0x5
core   0: 3 0x8000a840 (0x00005f17) x30 0x8000f840
core   0: 0x8000a844 (0x7c3f2023) sw      gp, 1984(t5)
core   0: 3 0x8000a844 (0x7c3f2023) mem 0x80010000 0x00000001
core   0: 0x8000a848 (0x0000bfe5) c.j     pc - 8
core   0: 3 0x8000a848 (0xbfe5)
core   0: 0x8000a840 (0x00005f17) auipc   t5, 0x5
core   0: 3 0x8000a840 (0x00005f17) x30 0x8000f840
core   0: 0x8000a844 (0x7c3f2023) sw      gp, 1984(t5)
core   0: 3 0x8000a844 (0x7c3f2023) mem 0x80010000 0x00000001
core   0: 0x8000a848 (0x0000bfe5) c.j     pc - 8
core   0: 3 0x8000a848 (0xbfe5)
core   0: 0x8000a840 (0x00005f17) auipc   t5, 0x5
core   0: 3 0x8000a840 (0x00005f17) x30 0x8000f840
core   0: 0x8000a844 (0x7c3f2023) sw      gp, 1984(t5)
core   0: 3 0x8000a844 (0x7c3f2023) mem 0x80010000 0x00000001
core   0: 0x8000a848 (0x0000bfe5) c.j     pc - 8
core   0: 3 0x8000a848 (0xbfe5)
core   0: 0x8000a840 (0x00005f17) auipc   t5, 0x5
core   0: 3 0x8000a840 (0x00005f17) x30 0x8000f840
core   0: 0x8000a844 (0x7c3f2023) sw      gp, 1984(t5)
core   0: 3 0x8000a844 (0x7c3f2023) mem 0x80010000 0x00000001
core   0: 0x8000a848 (0x0000bfe5) c.j     pc - 8
core   0: 3 0x8000a848 (0xbfe5)
core   0: 0x8000a840 (0x00005f17) auipc   t5, 0x5
core   0: 3 0x8000a840 (0x00005f17) x30 0x8000f840
core   0: 0x8000a844 (0x7c3f2023) sw      gp, 1984(t5)
core   0: 3 0x8000a844 (0x7c3f2023) mem 0x80010000 0x00000001
core   0: 0x8000a848 (0x0000bfe5) c.j     pc - 8
core   0: 3 0x8000a848 (0xbfe5)
core   0: 0x8000a840 (0x00005f17) auipc   t5, 0x5
core   0: 3 0x8000a840 (0x00005f17) x30 0x8000f840
core   0: 0x8000a844 (0x7c3f2023) sw      gp, 1984(t5)
core   0: 3 0x8000a844 (0x7c3f2023) mem 0x80010000 0x00000001
core   0: 0x8000a848 (0x0000bfe5) c.j     pc - 8
core   0: 3 0x8000a848 (0xbfe5)
core   0: 0x8000a840 (0x00005f17) auipc   t5, 0x5
core   0: 3 0x8000a840 (0x00005f17) x30 0x8000f840
core   0: 0x8000a844 (0x7c3f2023) sw      gp, 1984(t5)
core   0: 3 0x8000a844 (0x7c3f2023) mem 0x80010000 0x00000001
core   0: 0x8000a848 (0x0000bfe5) c.j     pc - 8
core   0: 3 0x8000a848 (0xbfe5)
core   0: 0x8000a840 (0x00005f17) auipc   t5, 0x5
core   0: 3 0x8000a840 (0x00005f17) x30 0x8000f840
core   0: 0x8000a844 (0x7c3f2023) sw      gp, 1984(t5)
core   0: 3 0x8000a844 (0x7c3f2023) mem 0x80010000 0x00000001
core   0: 0x8000a848 (0x0000bfe5) c.j     pc - 8
core   0: 3 0x8000a848 (0xbfe5)
core   0: 0x8000a840 (0x00005f17) auipc   t5, 0x5
core   0: 3 0x8000a840 (0x00005f17) x30 0x8000f840
core   0: 0x8000a844 (0x7c3f2023) sw      gp, 1984(t5)
core   0: 3 0x8000a844 (0x7c3f2023) mem 0x80010000 0x00000001
core   0: 0x8000a848 (0x0000bfe5) c.j     pc - 8
core   0: 3 0x8000a848 (0xbfe5)
core   0: 0x8000a840 (0x00005f17) auipc   t5, 0x5
core   0: 3 0x8000a840 (0x00005f17) x30 0x8000f840
core   0: 0x8000a844 (0x7c3f2023) sw      gp, 1984(t5)
core   0: 3 0x8000a844 (0x7c3f2023) mem 0x80010000 0x00000001
core   0: 0x8000a848 (0x0000bfe5) c.j     pc - 8
core   0: 3 0x8000a848 (0xbfe5)
core   0: 0x8000a840 (0x00005f17) auipc   t5, 0x5
core   0: 3 0x8000a840 (0x00005f17) x30 0x8000f840
core   0: 0x8000a844 (0x7c3f2023) sw      gp, 1984(t5)
core   0: 3 0x8000a844 (0x7c3f2023) mem 0x80010000 0x00000001
core   0: 0x8000a848 (0x0000bfe5) c.j     pc - 8
core   0: 3 0x8000a848 (0xbfe5)
core   0: 0x8000a840 (0x00005f17) auipc   t5, 0x5
core   0: 3 0x8000a840 (0x00005f17) x30 0x8000f840
core   0: 0x8000a844 (0x7c3f2023) sw      gp, 1984(t5)
core   0: 3 0x8000a844 (0x7c3f2023) mem 0x80010000 0x00000001
core   0: 0x8000a848 (0x0000bfe5) c.j     pc - 8
core   0: 3 0x8000a848 (0xbfe5)
core   0: 0x8000a840 (0x00005f17) auipc   t5, 0x5
core   0: 3 0x8000a840 (0x00005f17) x30 0x8000f840
core   0: 0x8000a844 (0x7c3f2023) sw      gp, 1984(t5)
core   0: 3 0x8000a844 (0x7c3f2023) mem 0x80010000 0x00000001
core   0: 0x8000a848 (0x0000bfe5) c.j     pc - 8
core   0: 3 0x8000a848 (0xbfe5)
core   0: 0x8000a840 (0x00005f17) auipc   t5, 0x5
core   0: 3 0x8000a840 (0x00005f17) x30 0x8000f840
core   0: 0x8000a844 (0x7c3f2023) sw      gp, 1984(t5)
core   0: 3 0x8000a844 (0x7c3f2023) mem 0x80010000 0x00000001
core   0: 0x8000a848 (0x0000bfe5) c.j     pc - 8
core   0: 3 0x8000a848 (0xbfe5)
core   0: 0x8000a840 (0x00005f17) auipc   t5, 0x5
core   0: 3 0x8000a840 (0x00005f17) x30 0x8000f840
core   0: 0x8000a844 (0x7c3f2023) sw      gp, 1984(t5)
core   0: 3 0x8000a844 (0x7c3f2023) mem 0x80010000 0x00000001
core   0: 0x8000a848 (0x0000bfe5) c.j     pc - 8
core   0: 3 0x8000a848 (0xbfe5)
core   0: 0x8000a840 (0x00005f17) auipc   t5, 0x5
core   0: 3 0x8000a840 (0x00005f17) x30 0x8000f840
core   0: 0x8000a844 (0x7c3f2023) sw      gp, 1984(t5)
core   0: 3 0x8000a844 (0x7c3f2023) mem 0x80010000 0x00000001
core   0: 0x8000a848 (0x0000bfe5) c.j     pc - 8
core   0: 3 0x8000a848 (0xbfe5)
core   0: 0x8000a840 (0x00005f17) auipc   t5, 0x5
core   0: 3 0x8000a840 (0x00005f17) x30 0x8000f840
core   0: 0x8000a844 (0x7c3f2023) sw      gp, 1984(t5)
core   0: 3 0x8000a844 (0x7c3f2023) mem 0x80010000 0x00000001
core   0: 0x8000a848 (0x0000bfe5) c.j     pc - 8
core   0: 3 0x8000a848 (0xbfe5)
core   0: 0x8000a840 (0x00005f17) auipc   t5, 0x5
core   0: 3 0x8000a840 (0x00005f17) x30 0x8000f840
core   0: 0x8000a844 (0x7c3f2023) sw      gp, 1984(t5)
core   0: 3 0x8000a844 (0x7c3f2023) mem 0x80010000 0x00000001
core   0: 0x8000a848 (0x0000bfe5) c.j     pc - 8
core   0: 3 0x8000a848 (0xbfe5)
core   0: 0x8000a840 (0x00005f17) auipc   t5, 0x5
core   0: 3 0x8000a840 (0x00005f17) x30 0x8000f840
core   0: 0x8000a844 (0x7c3f2023) sw      gp, 1984(t5)
core   0: 3 0x8000a844 (0x7c3f2023) mem 0x80010000 0x00000001
core   0: 0x8000a848 (0x0000bfe5) c.j     pc - 8
core   0: 3 0x8000a848 (0xbfe5)
core   0: 0x8000a840 (0x00005f17) auipc   t5, 0x5
core   0: 3 0x8000a840 (0x00005f17) x30 0x8000f840
core   0: 0x8000a844 (0x7c3f2023) sw      gp, 1984(t5)
core   0: 3 0x8000a844 (0x7c3f2023) mem 0x80010000 0x00000001
core   0: 0x8000a848 (0x0000bfe5) c.j     pc - 8
core   0: 3 0x8000a848 (0xbfe5)
core   0: 0x8000a840 (0x00005f17) auipc   t5, 0x5
core   0: 3 0x8000a840 (0x00005f17) x30 0x8000f840
core   0: 0x8000a844 (0x7c3f2023) sw      gp, 1984(t5)
core   0: 3 0x8000a844 (0x7c3f2023) mem 0x80010000 0x00000001
core   0: 0x8000a848 (0x0000bfe5) c.j     pc - 8
core   0: 3 0x8000a848 (0xbfe5)
core   0: 0x8000a840 (0x00005f17) auipc   t5, 0x5
core   0: 3 0x8000a840 (0x00005f17) x30 0x8000f840
core   0: 0x8000a844 (0x7c3f2023) sw      gp, 1984(t5)
core   0: 3 0x8000a844 (0x7c3f2023) mem 0x80010000 0x00000001
core   0: 0x8000a848 (0x0000bfe5) c.j     pc - 8
core   0: 3 0x8000a848 (0xbfe5)
core   0: 0x8000a840 (0x00005f17) auipc   t5, 0x5
core   0: 3 0x8000a840 (0x00005f17) x30 0x8000f840
core   0: 0x8000a844 (0x7c3f2023) sw      gp, 1984(t5)
core   0: 3 0x8000a844 (0x7c3f2023) mem 0x80010000 0x00000001
core   0: 0x8000a848 (0x0000bfe5) c.j     pc - 8
core   0: 3 0x8000a848 (0xbfe5)
core   0: 0x8000a840 (0x00005f17) auipc   t5, 0x5
core   0: 3 0x8000a840 (0x00005f17) x30 0x8000f840
core   0: 0x8000a844 (0x7c3f2023) sw      gp, 1984(t5)
core   0: 3 0x8000a844 (0x7c3f2023) mem 0x80010000 0x00000001
core   0: 0x8000a848 (0x0000bfe5) c.j     pc - 8
core   0: 3 0x8000a848 (0xbfe5)
core   0: 0x8000a840 (0x00005f17) auipc   t5, 0x5
core   0: 3 0x8000a840 (0x00005f17) x30 0x8000f840
core   0: 0x8000a844 (0x7c3f2023) sw      gp, 1984(t5)
core   0: 3 0x8000a844 (0x7c3f2023) mem 0x80010000 0x00000001
core   0: 0x8000a848 (0x0000bfe5) c.j     pc - 8
core   0: 3 0x8000a848 (0xbfe5)
core   0: 0x8000a840 (0x00005f17) auipc   t5, 0x5
core   0: 3 0x8000a840 (0x00005f17) x30 0x8000f840
core   0: 0x8000a844 (0x7c3f2023) sw      gp, 1984(t5)
core   0: 3 0x8000a844 (0x7c3f2023) mem 0x80010000 0x00000001
core   0: 0x8000a848 (0x0000bfe5) c.j     pc - 8
core   0: 3 0x8000a848 (0xbfe5)
core   0: 0x8000a840 (0x00005f17) auipc   t5, 0x5
core   0: 3 0x8000a840 (0x00005f17) x30 0x8000f840
core   0: 0x8000a844 (0x7c3f2023) sw      gp, 1984(t5)
core   0: 3 0x8000a844 (0x7c3f2023) mem 0x80010000 0x00000001
core   0: 0x8000a848 (0x0000bfe5) c.j     pc - 8
core   0: 3 0x8000a848 (0xbfe5)
core   0: 0x8000a840 (0x00005f17) auipc   t5, 0x5
core   0: 3 0x8000a840 (0x00005f17) x30 0x8000f840
core   0: 0x8000a844 (0x7c3f2023) sw      gp, 1984(t5)
core   0: 3 0x8000a844 (0x7c3f2023) mem 0x80010000 0x00000001
core   0: 0x8000a848 (0x0000bfe5) c.j     pc - 8
core   0: 3 0x8000a848 (0xbfe5)
core   0: 0x8000a840 (0x00005f17) auipc   t5, 0x5
core   0: 3 0x8000a840 (0x00005f17) x30 0x8000f840
core   0: 0x8000a844 (0x7c3f2023) sw      gp, 1984(t5)
core   0: 3 0x8000a844 (0x7c3f2023) mem 0x80010000 0x00000001
core   0: 0x8000a848 (0x0000bfe5) c.j     pc - 8
core   0: 3 0x8000a848 (0xbfe5)
core   0: 0x8000a840 (0x00005f17) auipc   t5, 0x5
core   0: 3 0x8000a840 (0x00005f17) x30 0x8000f840
core   0: 0x8000a844 (0x7c3f2023) sw      gp, 1984(t5)
core   0: 3 0x8000a844 (0x7c3f2023) mem 0x80010000 0x00000001
core   0: 0x8000a848 (0x0000bfe5) c.j     pc - 8
core   0: 3 0x8000a848 (0xbfe5)
core   0: 0x8000a840 (0x00005f17) auipc   t5, 0x5
core   0: 3 0x8000a840 (0x00005f17) x30 0x8000f840
core   0: 0x8000a844 (0x7c3f2023) sw      gp, 1984(t5)
core   0: 3 0x8000a844 (0x7c3f2023) mem 0x80010000 0x00000001
core   0: 0x8000a848 (0x0000bfe5) c.j     pc - 8
core   0: 3 0x8000a848 (0xbfe5)
core   0: 0x8000a840 (0x00005f17) auipc   t5, 0x5
core   0: 3 0x8000a840 (0x00005f17) x30 0x8000f840
core   0: 0x8000a844 (0x7c3f2023) sw      gp, 1984(t5)
core   0: 3 0x8000a844 (0x7c3f2023) mem 0x80010000 0x00000001
core   0: 0x8000a848 (0x0000bfe5) c.j     pc - 8
core   0: 3 0x8000a848 (0xbfe5)
core   0: 0x8000a840 (0x00005f17) auipc   t5, 0x5
core   0: 3 0x8000a840 (0x00005f17) x30 0x8000f840
core   0: 0x8000a844 (0x7c3f2023) sw      gp, 1984(t5)
core   0: 3 0x8000a844 (0x7c3f2023) mem 0x80010000 0x00000001
core   0: 0x8000a848 (0x0000bfe5) c.j     pc - 8
core   0: 3 0x8000a848 (0xbfe5)
core   0: 0x8000a840 (0x00005f17) auipc   t5, 0x5
core   0: 3 0x8000a840 (0x00005f17) x30 0x8000f840
core   0: 0x8000a844 (0x7c3f2023) sw      gp, 1984(t5)
core   0: 3 0x8000a844 (0x7c3f2023) mem 0x80010000 0x00000001
core   0: 0x8000a848 (0x0000bfe5) c.j     pc - 8
core   0: 3 0x8000a848 (0xbfe5)
core   0: 0x8000a840 (0x00005f17) auipc   t5, 0x5
core   0: 3 0x8000a840 (0x00005f17) x30 0x8000f840
core   0: 0x8000a844 (0x7c3f2023) sw      gp, 1984(t5)
core   0: 3 0x8000a844 (0x7c3f2023) mem 0x80010000 0x00000001
core   0: 0x8000a848 (0x0000bfe5) c.j     pc - 8
core   0: 3 0x8000a848 (0xbfe5)
core   0: 0x8000a840 (0x00005f17) auipc   t5, 0x5
core   0: 3 0x8000a840 (0x00005f17) x30 0x8000f840
core   0: 0x8000a844 (0x7c3f2023) sw      gp, 1984(t5)
core   0: 3 0x8000a844 (0x7c3f2023) mem 0x80010000 0x00000001
core   0: 0x8000a848 (0x0000bfe5) c.j     pc - 8
core   0: 3 0x8000a848 (0xbfe5)
core   0: 0x8000a840 (0x00005f17) auipc   t5, 0x5
core   0: 3 0x8000a840 (0x00005f17) x30 0x8000f840
core   0: 0x8000a844 (0x7c3f2023) sw      gp, 1984(t5)
core   0: 3 0x8000a844 (0x7c3f2023) mem 0x80010000 0x00000001
core   0: 0x8000a848 (0x0000bfe5) c.j     pc - 8
core   0: 3 0x8000a848 (0xbfe5)
core   0: 0x8000a840 (0x00005f17) auipc   t5, 0x5
core   0: 3 0x8000a840 (0x00005f17) x30 0x8000f840
core   0: 0x8000a844 (0x7c3f2023) sw      gp, 1984(t5)
core   0: 3 0x8000a844 (0x7c3f2023) mem 0x80010000 0x00000001
core   0: 0x8000a848 (0x0000bfe5) c.j     pc - 8
core   0: 3 0x8000a848 (0xbfe5)
core   0: 0x8000a840 (0x00005f17) auipc   t5, 0x5
core   0: 3 0x8000a840 (0x00005f17) x30 0x8000f840
core   0: 0x8000a844 (0x7c3f2023) sw      gp, 1984(t5)
core   0: 3 0x8000a844 (0x7c3f2023) mem 0x80010000 0x00000001
core   0: 0x8000a848 (0x0000bfe5) c.j     pc - 8
core   0: 3 0x8000a848 (0xbfe5)
core   0: 0x8000a840 (0x00005f17) auipc   t5, 0x5
core   0: 3 0x8000a840 (0x00005f17) x30 0x8000f840
core   0: 0x8000a844 (0x7c3f2023) sw      gp, 1984(t5)
core   0: 3 0x8000a844 (0x7c3f2023) mem 0x80010000 0x00000001
core   0: 0x8000a848 (0x0000bfe5) c.j     pc - 8
core   0: 3 0x8000a848 (0xbfe5)
core   0: 0x8000a840 (0x00005f17) auipc   t5, 0x5
core   0: 3 0x8000a840 (0x00005f17) x30 0x8000f840
core   0: 0x8000a844 (0x7c3f2023) sw      gp, 1984(t5)
core   0: 3 0x8000a844 (0x7c3f2023) mem 0x80010000 0x00000001
core   0: 0x8000a848 (0x0000bfe5) c.j     pc - 8
core   0: 3 0x8000a848 (0xbfe5)
core   0: 0x8000a840 (0x00005f17) auipc   t5, 0x5
core   0: 3 0x8000a840 (0x00005f17) x30 0x8000f840
core   0: 0x8000a844 (0x7c3f2023) sw      gp, 1984(t5)
core   0: 3 0x8000a844 (0x7c3f2023) mem 0x80010000 0x00000001
core   0: 0x8000a848 (0x0000bfe5) c.j     pc - 8
core   0: 3 0x8000a848 (0xbfe5)
core   0: 0x8000a840 (0x00005f17) auipc   t5, 0x5
core   0: 3 0x8000a840 (0x00005f17) x30 0x8000f840
core   0: 0x8000a844 (0x7c3f2023) sw      gp, 1984(t5)
core   0: 3 0x8000a844 (0x7c3f2023) mem 0x80010000 0x00000001
core   0: 0x8000a848 (0x0000bfe5) c.j     pc - 8
core   0: 3 0x8000a848 (0xbfe5)
core   0: 0x8000a840 (0x00005f17) auipc   t5, 0x5
core   0: 3 0x8000a840 (0x00005f17) x30 0x8000f840
core   0: 0x8000a844 (0x7c3f2023) sw      gp, 1984(t5)
core   0: 3 0x8000a844 (0x7c3f2023) mem 0x80010000 0x00000001
core   0: 0x8000a848 (0x0000bfe5) c.j     pc - 8
core   0: 3 0x8000a848 (0xbfe5)
core   0: 0x8000a840 (0x00005f17) auipc   t5, 0x5
core   0: 3 0x8000a840 (0x00005f17) x30 0x8000f840
core   0: 0x8000a844 (0x7c3f2023) sw      gp, 1984(t5)
core   0: 3 0x8000a844 (0x7c3f2023) mem 0x80010000 0x00000001
core   0: 0x8000a848 (0x0000bfe5) c.j     pc - 8
core   0: 3 0x8000a848 (0xbfe5)
core   0: 0x8000a840 (0x00005f17) auipc   t5, 0x5
core   0: 3 0x8000a840 (0x00005f17) x30 0x8000f840
core   0: 0x8000a844 (0x7c3f2023) sw      gp, 1984(t5)
core   0: 3 0x8000a844 (0x7c3f2023) mem 0x80010000 0x00000001
core   0: 0x8000a848 (0x0000bfe5) c.j     pc - 8
core   0: 3 0x8000a848 (0xbfe5)
core   0: 0x8000a840 (0x00005f17) auipc   t5, 0x5
core   0: 3 0x8000a840 (0x00005f17) x30 0x8000f840
core   0: 0x8000a844 (0x7c3f2023) sw      gp, 1984(t5)
core   0: 3 0x8000a844 (0x7c3f2023) mem 0x80010000 0x00000001
core   0: 0x8000a848 (0x0000bfe5) c.j     pc - 8
core   0: 3 0x8000a848 (0xbfe5)
core   0: 0x8000a840 (0x00005f17) auipc   t5, 0x5
core   0: 3 0x8000a840 (0x00005f17) x30 0x8000f840
core   0: 0x8000a844 (0x7c3f2023) sw      gp, 1984(t5)
core   0: 3 0x8000a844 (0x7c3f2023) mem 0x80010000 0x00000001
core   0: 0x8000a848 (0x0000bfe5) c.j     pc - 8
core   0: 3 0x8000a848 (0xbfe5)
core   0: 0x8000a840 (0x00005f17) auipc   t5, 0x5
core   0: 3 0x8000a840 (0x00005f17) x30 0x8000f840
core   0: 0x8000a844 (0x7c3f2023) sw      gp, 1984(t5)
core   0: 3 0x8000a844 (0x7c3f2023) mem 0x80010000 0x00000001
core   0: 0x8000a848 (0x0000bfe5) c.j     pc - 8
core   0: 3 0x8000a848 (0xbfe5)
core   0: 0x8000a840 (0x00005f17) auipc   t5, 0x5
core   0: 3 0x8000a840 (0x00005f17) x30 0x8000f840
core   0: 0x8000a844 (0x7c3f2023) sw      gp, 1984(t5)
core   0: 3 0x8000a844 (0x7c3f2023) mem 0x80010000 0x00000001
core   0: 0x8000a848 (0x0000bfe5) c.j     pc - 8
core   0: 3 0x8000a848 (0xbfe5)
core   0: 0x8000a840 (0x00005f17) auipc   t5, 0x5
core   0: 3 0x8000a840 (0x00005f17) x30 0x8000f840
core   0: 0x8000a844 (0x7c3f2023) sw      gp, 1984(t5)
core   0: 3 0x8000a844 (0x7c3f2023) mem 0x80010000 0x00000001
core   0: 0x8000a848 (0x0000bfe5) c.j     pc - 8
core   0: 3 0x8000a848 (0xbfe5)
core   0: 0x8000a840 (0x00005f17) auipc   t5, 0x5
core   0: 3 0x8000a840 (0x00005f17) x30 0x8000f840
core   0: 0x8000a844 (0x7c3f2023) sw      gp, 1984(t5)
core   0: 3 0x8000a844 (0x7c3f2023) mem 0x80010000 0x00000001
core   0: 0x8000a848 (0x0000bfe5) c.j     pc - 8
core   0: 3 0x8000a848 (0xbfe5)
core   0: 0x8000a840 (0x00005f17) auipc   t5, 0x5
core   0: 3 0x8000a840 (0x00005f17) x30 0x8000f840
core   0: 0x8000a844 (0x7c3f2023) sw      gp, 1984(t5)
core   0: 3 0x8000a844 (0x7c3f2023) mem 0x80010000 0x00000001
core   0: 0x8000a848 (0x0000bfe5) c.j     pc - 8
core   0: 3 0x8000a848 (0xbfe5)
core   0: 0x8000a840 (0x00005f17) auipc   t5, 0x5
core   0: 3 0x8000a840 (0x00005f17) x30 0x8000f840
core   0: 0x8000a844 (0x7c3f2023) sw      gp, 1984(t5)
core   0: 3 0x8000a844 (0x7c3f2023) mem 0x80010000 0x00000001
core   0: 0x8000a848 (0x0000bfe5) c.j     pc - 8
core   0: 3 0x8000a848 (0xbfe5)
core   0: 0x8000a840 (0x00005f17) auipc   t5, 0x5
core   0: 3 0x8000a840 (0x00005f17) x30 0x8000f840
core   0: 0x8000a844 (0x7c3f2023) sw      gp, 1984(t5)
core   0: 3 0x8000a844 (0x7c3f2023) mem 0x80010000 0x00000001
core   0: 0x8000a848 (0x0000bfe5) c.j     pc - 8
core   0: 3 0x8000a848 (0xbfe5)
core   0: 0x8000a840 (0x00005f17) auipc   t5, 0x5
core   0: 3 0x8000a840 (0x00005f17) x30 0x8000f840
core   0: 0x8000a844 (0x7c3f2023) sw      gp, 1984(t5)
core   0: 3 0x8000a844 (0x7c3f2023) mem 0x80010000 0x00000001
core   0: 0x8000a848 (0x0000bfe5) c.j     pc - 8
core   0: 3 0x8000a848 (0xbfe5)
core   0: 0x8000a840 (0x00005f17) auipc   t5, 0x5
core   0: 3 0x8000a840 (0x00005f17) x30 0x8000f840
core   0: 0x8000a844 (0x7c3f2023) sw      gp, 1984(t5)
core   0: 3 0x8000a844 (0x7c3f2023) mem 0x80010000 0x00000001
core   0: 0x8000a848 (0x0000bfe5) c.j     pc - 8
core   0: 3 0x8000a848 (0xbfe5)
core   0: 0x8000a840 (0x00005f17) auipc   t5, 0x5
core   0: 3 0x8000a840 (0x00005f17) x30 0x8000f840
core   0: 0x8000a844 (0x7c3f2023) sw      gp, 1984(t5)
core   0: 3 0x8000a844 (0x7c3f2023) mem 0x80010000 0x00000001
core   0: 0x8000a848 (0x0000bfe5) c.j     pc - 8
core   0: 3 0x8000a848 (0xbfe5)
core   0: 0x8000a840 (0x00005f17) auipc   t5, 0x5
core   0: 3 0x8000a840 (0x00005f17) x30 0x8000f840
core   0: 0x8000a844 (0x7c3f2023) sw      gp, 1984(t5)
core   0: 3 0x8000a844 (0x7c3f2023) mem 0x80010000 0x00000001
core   0: 0x8000a848 (0x0000bfe5) c.j     pc - 8
core   0: 3 0x8000a848 (0xbfe5)
core   0: 0x8000a840 (0x00005f17) auipc   t5, 0x5
core   0: 3 0x8000a840 (0x00005f17) x30 0x8000f840
core   0: 0x8000a844 (0x7c3f2023) sw      gp, 1984(t5)
core   0: 3 0x8000a844 (0x7c3f2023) mem 0x80010000 0x00000001
core   0: 0x8000a848 (0x0000bfe5) c.j     pc - 8
core   0: 3 0x8000a848 (0xbfe5)
core   0: 0x8000a840 (0x00005f17) auipc   t5, 0x5
core   0: 3 0x8000a840 (0x00005f17) x30 0x8000f840
core   0: 0x8000a844 (0x7c3f2023) sw      gp, 1984(t5)
core   0: 3 0x8000a844 (0x7c3f2023) mem 0x80010000 0x00000001
core   0: 0x8000a848 (0x0000bfe5) c.j     pc - 8
core   0: 3 0x8000a848 (0xbfe5)
core   0: 0x8000a840 (0x00005f17) auipc   t5, 0x5
core   0: 3 0x8000a840 (0x00005f17) x30 0x8000f840
core   0: 0x8000a844 (0x7c3f2023) sw      gp, 1984(t5)
core   0: 3 0x8000a844 (0x7c3f2023) mem 0x80010000 0x00000001
core   0: 0x8000a848 (0x0000bfe5) c.j     pc - 8
core   0: 3 0x8000a848 (0xbfe5)
core   0: 0x8000a840 (0x00005f17) auipc   t5, 0x5
core   0: 3 0x8000a840 (0x00005f17) x30 0x8000f840
core   0: 0x8000a844 (0x7c3f2023) sw      gp, 1984(t5)
core   0: 3 0x8000a844 (0x7c3f2023) mem 0x80010000 0x00000001
core   0: 0x8000a848 (0x0000bfe5) c.j     pc - 8
core   0: 3 0x8000a848 (0xbfe5)
core   0: 0x8000a840 (0x00005f17) auipc   t5, 0x5
core   0: 3 0x8000a840 (0x00005f17) x30 0x8000f840
core   0: 0x8000a844 (0x7c3f2023) sw      gp, 1984(t5)
core   0: 3 0x8000a844 (0x7c3f2023) mem 0x80010000 0x00000001
core   0: 0x8000a848 (0x0000bfe5) c.j     pc - 8
core   0: 3 0x8000a848 (0xbfe5)
core   0: 0x8000a840 (0x00005f17) auipc   t5, 0x5
core   0: 3 0x8000a840 (0x00005f17) x30 0x8000f840
core   0: 0x8000a844 (0x7c3f2023) sw      gp, 1984(t5)
core   0: 3 0x8000a844 (0x7c3f2023) mem 0x80010000 0x00000001
core   0: 0x8000a848 (0x0000bfe5) c.j     pc - 8
core   0: 3 0x8000a848 (0xbfe5)
core   0: 0x8000a840 (0x00005f17) auipc   t5, 0x5
core   0: 3 0x8000a840 (0x00005f17) x30 0x8000f840
core   0: 0x8000a844 (0x7c3f2023) sw      gp, 1984(t5)
core   0: 3 0x8000a844 (0x7c3f2023) mem 0x80010000 0x00000001
core   0: 0x8000a848 (0x0000bfe5) c.j     pc - 8
core   0: 3 0x8000a848 (0xbfe5)
core   0: 0x8000a840 (0x00005f17) auipc   t5, 0x5
core   0: 3 0x8000a840 (0x00005f17) x30 0x8000f840
core   0: 0x8000a844 (0x7c3f2023) sw      gp, 1984(t5)
core   0: 3 0x8000a844 (0x7c3f2023) mem 0x80010000 0x00000001
core   0: 0x8000a848 (0x0000bfe5) c.j     pc - 8
core   0: 3 0x8000a848 (0xbfe5)
core   0: 0x8000a840 (0x00005f17) auipc   t5, 0x5
core   0: 3 0x8000a840 (0x00005f17) x30 0x8000f840
core   0: 0x8000a844 (0x7c3f2023) sw      gp, 1984(t5)
core   0: 3 0x8000a844 (0x7c3f2023) mem 0x80010000 0x00000001
core   0: 0x8000a848 (0x0000bfe5) c.j     pc - 8
core   0: 3 0x8000a848 (0xbfe5)
core   0: 0x8000a840 (0x00005f17) auipc   t5, 0x5
core   0: 3 0x8000a840 (0x00005f17) x30 0x8000f840
core   0: 0x8000a844 (0x7c3f2023) sw      gp, 1984(t5)
core   0: 3 0x8000a844 (0x7c3f2023) mem 0x80010000 0x00000001
core   0: 0x8000a848 (0x0000bfe5) c.j     pc - 8
core   0: 3 0x8000a848 (0xbfe5)
core   0: 0x8000a840 (0x00005f17) auipc   t5, 0x5
core   0: 3 0x8000a840 (0x00005f17) x30 0x8000f840
core   0: 0x8000a844 (0x7c3f2023) sw      gp, 1984(t5)
core   0: 3 0x8000a844 (0x7c3f2023) mem 0x80010000 0x00000001
core   0: 0x8000a848 (0x0000bfe5) c.j     pc - 8
core   0: 3 0x8000a848 (0xbfe5)
core   0: 0x8000a840 (0x00005f17) auipc   t5, 0x5
core   0: 3 0x8000a840 (0x00005f17) x30 0x8000f840
core   0: 0x8000a844 (0x7c3f2023) sw      gp, 1984(t5)
core   0: 3 0x8000a844 (0x7c3f2023) mem 0x80010000 0x00000001
core   0: 0x8000a848 (0x0000bfe5) c.j     pc - 8
core   0: 3 0x8000a848 (0xbfe5)
core   0: 0x8000a840 (0x00005f17) auipc   t5, 0x5
core   0: 3 0x8000a840 (0x00005f17) x30 0x8000f840
core   0: 0x8000a844 (0x7c3f2023) sw      gp, 1984(t5)
core   0: 3 0x8000a844 (0x7c3f2023) mem 0x80010000 0x00000001
core   0: 0x8000a848 (0x0000bfe5) c.j     pc - 8
core   0: 3 0x8000a848 (0xbfe5)
core   0: 0x8000a840 (0x00005f17) auipc   t5, 0x5
core   0: 3 0x8000a840 (0x00005f17) x30 0x8000f840
core   0: 0x8000a844 (0x7c3f2023) sw      gp, 1984(t5)
core   0: 3 0x8000a844 (0x7c3f2023) mem 0x80010000 0x00000001
core   0: 0x8000a848 (0x0000bfe5) c.j     pc - 8
core   0: 3 0x8000a848 (0xbfe5)
core   0: 0x8000a840 (0x00005f17) auipc   t5, 0x5
core   0: 3 0x8000a840 (0x00005f17) x30 0x8000f840
core   0: 0x8000a844 (0x7c3f2023) sw      gp, 1984(t5)
core   0: 3 0x8000a844 (0x7c3f2023) mem 0x80010000 0x00000001
core   0: 0x8000a848 (0x0000bfe5) c.j     pc - 8
core   0: 3 0x8000a848 (0xbfe5)
core   0: 0x8000a840 (0x00005f17) auipc   t5, 0x5
core   0: 3 0x8000a840 (0x00005f17) x30 0x8000f840
core   0: 0x8000a844 (0x7c3f2023) sw      gp, 1984(t5)
core   0: 3 0x8000a844 (0x7c3f2023) mem 0x80010000 0x00000001
core   0: 0x8000a848 (0x0000bfe5) c.j     pc - 8
core   0: 3 0x8000a848 (0xbfe5)
core   0: 0x8000a840 (0x00005f17) auipc   t5, 0x5
core   0: 3 0x8000a840 (0x00005f17) x30 0x8000f840
core   0: 0x8000a844 (0x7c3f2023) sw      gp, 1984(t5)
core   0: 3 0x8000a844 (0x7c3f2023) mem 0x80010000 0x00000001
core   0: 0x8000a848 (0x0000bfe5) c.j     pc - 8
core   0: 3 0x8000a848 (0xbfe5)
core   0: 0x8000a840 (0x00005f17) auipc   t5, 0x5
core   0: 3 0x8000a840 (0x00005f17) x30 0x8000f840
core   0: 0x8000a844 (0x7c3f2023) sw      gp, 1984(t5)
core   0: 3 0x8000a844 (0x7c3f2023) mem 0x80010000 0x00000001
core   0: 0x8000a848 (0x0000bfe5) c.j     pc - 8
core   0: 3 0x8000a848 (0xbfe5)
core   0: 0x8000a840 (0x00005f17) auipc   t5, 0x5
core   0: 3 0x8000a840 (0x00005f17) x30 0x8000f840
core   0: 0x8000a844 (0x7c3f2023) sw      gp, 1984(t5)
core   0: 3 0x8000a844 (0x7c3f2023) mem 0x80010000 0x00000001
core   0: 0x8000a848 (0x0000bfe5) c.j     pc - 8
core   0: 3 0x8000a848 (0xbfe5)
core   0: 0x8000a840 (0x00005f17) auipc   t5, 0x5
core   0: 3 0x8000a840 (0x00005f17) x30 0x8000f840
core   0: 0x8000a844 (0x7c3f2023) sw      gp, 1984(t5)
core   0: 3 0x8000a844 (0x7c3f2023) mem 0x80010000 0x00000001
core   0: 0x8000a848 (0x0000bfe5) c.j     pc - 8
core   0: 3 0x8000a848 (0xbfe5)
core   0: 0x8000a840 (0x00005f17) auipc   t5, 0x5
core   0: 3 0x8000a840 (0x00005f17) x30 0x8000f840
core   0: 0x8000a844 (0x7c3f2023) sw      gp, 1984(t5)
core   0: 3 0x8000a844 (0x7c3f2023) mem 0x80010000 0x00000001
core   0: 0x8000a848 (0x0000bfe5) c.j     pc - 8
core   0: 3 0x8000a848 (0xbfe5)
core   0: 0x8000a840 (0x00005f17) auipc   t5, 0x5
core   0: 3 0x8000a840 (0x00005f17) x30 0x8000f840
core   0: 0x8000a844 (0x7c3f2023) sw      gp, 1984(t5)
core   0: 3 0x8000a844 (0x7c3f2023) mem 0x80010000 0x00000001
core   0: 0x8000a848 (0x0000bfe5) c.j     pc - 8
core   0: 3 0x8000a848 (0xbfe5)
core   0: 0x8000a840 (0x00005f17) auipc   t5, 0x5
core   0: 3 0x8000a840 (0x00005f17) x30 0x8000f840
core   0: 0x8000a844 (0x7c3f2023) sw      gp, 1984(t5)
core   0: 3 0x8000a844 (0x7c3f2023) mem 0x80010000 0x00000001
core   0: 0x8000a848 (0x0000bfe5) c.j     pc - 8
core   0: 3 0x8000a848 (0xbfe5)
core   0: 0x8000a840 (0x00005f17) auipc   t5, 0x5
core   0: 3 0x8000a840 (0x00005f17) x30 0x8000f840
core   0: 0x8000a844 (0x7c3f2023) sw      gp, 1984(t5)
core   0: 3 0x8000a844 (0x7c3f2023) mem 0x80010000 0x00000001
core   0: 0x8000a848 (0x0000bfe5) c.j     pc - 8
core   0: 3 0x8000a848 (0xbfe5)
core   0: 0x8000a840 (0x00005f17) auipc   t5, 0x5
core   0: 3 0x8000a840 (0x00005f17) x30 0x8000f840
core   0: 0x8000a844 (0x7c3f2023) sw      gp, 1984(t5)
core   0: 3 0x8000a844 (0x7c3f2023) mem 0x80010000 0x00000001
core   0: 0x8000a848 (0x0000bfe5) c.j     pc - 8
core   0: 3 0x8000a848 (0xbfe5)
core   0: 0x8000a840 (0x00005f17) auipc   t5, 0x5
core   0: 3 0x8000a840 (0x00005f17) x30 0x8000f840
core   0: 0x8000a844 (0x7c3f2023) sw      gp, 1984(t5)
core   0: 3 0x8000a844 (0x7c3f2023) mem 0x80010000 0x00000001
core   0: 0x8000a848 (0x0000bfe5) c.j     pc - 8
core   0: 3 0x8000a848 (0xbfe5)
core   0: 0x8000a840 (0x00005f17) auipc   t5, 0x5
core   0: 3 0x8000a840 (0x00005f17) x30 0x8000f840
core   0: 0x8000a844 (0x7c3f2023) sw      gp, 1984(t5)
core   0: 3 0x8000a844 (0x7c3f2023) mem 0x80010000 0x00000001
core   0: 0x8000a848 (0x0000bfe5) c.j     pc - 8
core   0: 3 0x8000a848 (0xbfe5)
core   0: 0x8000a840 (0x00005f17) auipc   t5, 0x5
core   0: 3 0x8000a840 (0x00005f17) x30 0x8000f840
core   0: 0x8000a844 (0x7c3f2023) sw      gp, 1984(t5)
core   0: 3 0x8000a844 (0x7c3f2023) mem 0x80010000 0x00000001
core   0: 0x8000a848 (0x0000bfe5) c.j     pc - 8
core   0: 3 0x8000a848 (0xbfe5)
core   0: 0x8000a840 (0x00005f17) auipc   t5, 0x5
core   0: 3 0x8000a840 (0x00005f17) x30 0x8000f840
core   0: 0x8000a844 (0x7c3f2023) sw      gp, 1984(t5)
core   0: 3 0x8000a844 (0x7c3f2023) mem 0x80010000 0x00000001
core   0: 0x8000a848 (0x0000bfe5) c.j     pc - 8
core   0: 3 0x8000a848 (0xbfe5)
core   0: 0x8000a840 (0x00005f17) auipc   t5, 0x5
core   0: 3 0x8000a840 (0x00005f17) x30 0x8000f840
core   0: 0x8000a844 (0x7c3f2023) sw      gp, 1984(t5)
core   0: 3 0x8000a844 (0x7c3f2023) mem 0x80010000 0x00000001
core   0: 0x8000a848 (0x0000bfe5) c.j     pc - 8
core   0: 3 0x8000a848 (0xbfe5)
core   0: 0x8000a840 (0x00005f17) auipc   t5, 0x5
core   0: 3 0x8000a840 (0x00005f17) x30 0x8000f840
core   0: 0x8000a844 (0x7c3f2023) sw      gp, 1984(t5)
core   0: 3 0x8000a844 (0x7c3f2023) mem 0x80010000 0x00000001
core   0: 0x8000a848 (0x0000bfe5) c.j     pc - 8
core   0: 3 0x8000a848 (0xbfe5)
core   0: 0x8000a840 (0x00005f17) auipc   t5, 0x5
core   0: 3 0x8000a840 (0x00005f17) x30 0x8000f840
core   0: 0x8000a844 (0x7c3f2023) sw      gp, 1984(t5)
core   0: 3 0x8000a844 (0x7c3f2023) mem 0x80010000 0x00000001
core   0: 0x8000a848 (0x0000bfe5) c.j     pc - 8
core   0: 3 0x8000a848 (0xbfe5)
core   0: 0x8000a840 (0x00005f17) auipc   t5, 0x5
core   0: 3 0x8000a840 (0x00005f17) x30 0x8000f840
core   0: 0x8000a844 (0x7c3f2023) sw      gp, 1984(t5)
core   0: 3 0x8000a844 (0x7c3f2023) mem 0x80010000 0x00000001
core   0: 0x8000a848 (0x0000bfe5) c.j     pc - 8
core   0: 3 0x8000a848 (0xbfe5)
core   0: 0x8000a840 (0x00005f17) auipc   t5, 0x5
core   0: 3 0x8000a840 (0x00005f17) x30 0x8000f840
core   0: 0x8000a844 (0x7c3f2023) sw      gp, 1984(t5)
core   0: 3 0x8000a844 (0x7c3f2023) mem 0x80010000 0x00000001
core   0: 0x8000a848 (0x0000bfe5) c.j     pc - 8
core   0: 3 0x8000a848 (0xbfe5)
core   0: 0x8000a840 (0x00005f17) auipc   t5, 0x5
core   0: 3 0x8000a840 (0x00005f17) x30 0x8000f840
core   0: 0x8000a844 (0x7c3f2023) sw      gp, 1984(t5)
core   0: 3 0x8000a844 (0x7c3f2023) mem 0x80010000 0x00000001
core   0: 0x8000a848 (0x0000bfe5) c.j     pc - 8
core   0: 3 0x8000a848 (0xbfe5)
core   0: 0x8000a840 (0x00005f17) auipc   t5, 0x5
core   0: 3 0x8000a840 (0x00005f17) x30 0x8000f840
core   0: 0x8000a844 (0x7c3f2023) sw      gp, 1984(t5)
core   0: 3 0x8000a844 (0x7c3f2023) mem 0x80010000 0x00000001
core   0: 0x8000a848 (0x0000bfe5) c.j     pc - 8
core   0: 3 0x8000a848 (0xbfe5)
core   0: 0x8000a840 (0x00005f17) auipc   t5, 0x5
core   0: 3 0x8000a840 (0x00005f17) x30 0x8000f840
core   0: 0x8000a844 (0x7c3f2023) sw      gp, 1984(t5)
core   0: 3 0x8000a844 (0x7c3f2023) mem 0x80010000 0x00000001
core   0: 0x8000a848 (0x0000bfe5) c.j     pc - 8
core   0: 3 0x8000a848 (0xbfe5)
core   0: 0x8000a840 (0x00005f17) auipc   t5, 0x5
core   0: 3 0x8000a840 (0x00005f17) x30 0x8000f840
core   0: 0x8000a844 (0x7c3f2023) sw      gp, 1984(t5)
core   0: 3 0x8000a844 (0x7c3f2023) mem 0x80010000 0x00000001
core   0: 0x8000a848 (0x0000bfe5) c.j     pc - 8
core   0: 3 0x8000a848 (0xbfe5)
core   0: 0x8000a840 (0x00005f17) auipc   t5, 0x5
core   0: 3 0x8000a840 (0x00005f17) x30 0x8000f840
core   0: 0x8000a844 (0x7c3f2023) sw      gp, 1984(t5)
core   0: 3 0x8000a844 (0x7c3f2023) mem 0x80010000 0x00000001
core   0: 0x8000a848 (0x0000bfe5) c.j     pc - 8
core   0: 3 0x8000a848 (0xbfe5)
core   0: 0x8000a840 (0x00005f17) auipc   t5, 0x5
core   0: 3 0x8000a840 (0x00005f17) x30 0x8000f840
core   0: 0x8000a844 (0x7c3f2023) sw      gp, 1984(t5)
core   0: 3 0x8000a844 (0x7c3f2023) mem 0x80010000 0x00000001
core   0: 0x8000a848 (0x0000bfe5) c.j     pc - 8
core   0: 3 0x8000a848 (0xbfe5)
core   0: 0x8000a840 (0x00005f17) auipc   t5, 0x5
core   0: 3 0x8000a840 (0x00005f17) x30 0x8000f840
core   0: 0x8000a844 (0x7c3f2023) sw      gp, 1984(t5)
core   0: 3 0x8000a844 (0x7c3f2023) mem 0x80010000 0x00000001
core   0: 0x8000a848 (0x0000bfe5) c.j     pc - 8
core   0: 3 0x8000a848 (0xbfe5)
core   0: 0x8000a840 (0x00005f17) auipc   t5, 0x5
core   0: 3 0x8000a840 (0x00005f17) x30 0x8000f840
core   0: 0x8000a844 (0x7c3f2023) sw      gp, 1984(t5)
core   0: 3 0x8000a844 (0x7c3f2023) mem 0x80010000 0x00000001
core   0: 0x8000a848 (0x0000bfe5) c.j     pc - 8
core   0: 3 0x8000a848 (0xbfe5)
core   0: 0x8000a840 (0x00005f17) auipc   t5, 0x5
core   0: 3 0x8000a840 (0x00005f17) x30 0x8000f840
core   0: 0x8000a844 (0x7c3f2023) sw      gp, 1984(t5)
core   0: 3 0x8000a844 (0x7c3f2023) mem 0x80010000 0x00000001
core   0: 0x8000a848 (0x0000bfe5) c.j     pc - 8
core   0: 3 0x8000a848 (0xbfe5)
core   0: 0x8000a840 (0x00005f17) auipc   t5, 0x5
core   0: 3 0x8000a840 (0x00005f17) x30 0x8000f840
core   0: 0x8000a844 (0x7c3f2023) sw      gp, 1984(t5)
core   0: 3 0x8000a844 (0x7c3f2023) mem 0x80010000 0x00000001
core   0: 0x8000a848 (0x0000bfe5) c.j     pc - 8
core   0: 3 0x8000a848 (0xbfe5)
core   0: 0x8000a840 (0x00005f17) auipc   t5, 0x5
core   0: 3 0x8000a840 (0x00005f17) x30 0x8000f840
core   0: 0x8000a844 (0x7c3f2023) sw      gp, 1984(t5)
core   0: 3 0x8000a844 (0x7c3f2023) mem 0x80010000 0x00000001
core   0: 0x8000a848 (0x0000bfe5) c.j     pc - 8
core   0: 3 0x8000a848 (0xbfe5)
core   0: 0x8000a840 (0x00005f17) auipc   t5, 0x5
core   0: 3 0x8000a840 (0x00005f17) x30 0x8000f840
core   0: 0x8000a844 (0x7c3f2023) sw      gp, 1984(t5)
core   0: 3 0x8000a844 (0x7c3f2023) mem 0x80010000 0x00000001
core   0: 0x8000a848 (0x0000bfe5) c.j     pc - 8
core   0: 3 0x8000a848 (0xbfe5)
core   0: 0x8000a840 (0x00005f17) auipc   t5, 0x5
core   0: 3 0x8000a840 (0x00005f17) x30 0x8000f840
core   0: 0x8000a844 (0x7c3f2023) sw      gp, 1984(t5)
core   0: 3 0x8000a844 (0x7c3f2023) mem 0x80010000 0x00000001
core   0: 0x8000a848 (0x0000bfe5) c.j     pc - 8
core   0: 3 0x8000a848 (0xbfe5)
core   0: 0x8000a840 (0x00005f17) auipc   t5, 0x5
core   0: 3 0x8000a840 (0x00005f17) x30 0x8000f840
core   0: 0x8000a844 (0x7c3f2023) sw      gp, 1984(t5)
core   0: 3 0x8000a844 (0x7c3f2023) mem 0x80010000 0x00000001
core   0: 0x8000a848 (0x0000bfe5) c.j     pc - 8
core   0: 3 0x8000a848 (0xbfe5)
core   0: 0x8000a840 (0x00005f17) auipc   t5, 0x5
core   0: 3 0x8000a840 (0x00005f17) x30 0x8000f840
core   0: 0x8000a844 (0x7c3f2023) sw      gp, 1984(t5)
core   0: 3 0x8000a844 (0x7c3f2023) mem 0x80010000 0x00000001
core   0: 0x8000a848 (0x0000bfe5) c.j     pc - 8
core   0: 3 0x8000a848 (0xbfe5)
core   0: 0x8000a840 (0x00005f17) auipc   t5, 0x5
core   0: 3 0x8000a840 (0x00005f17) x30 0x8000f840
core   0: 0x8000a844 (0x7c3f2023) sw      gp, 1984(t5)
core   0: 3 0x8000a844 (0x7c3f2023) mem 0x80010000 0x00000001
core   0: 0x8000a848 (0x0000bfe5) c.j     pc - 8
core   0: 3 0x8000a848 (0xbfe5)
core   0: 0x8000a840 (0x00005f17) auipc   t5, 0x5
core   0: 3 0x8000a840 (0x00005f17) x30 0x8000f840
core   0: 0x8000a844 (0x7c3f2023) sw      gp, 1984(t5)
core   0: 3 0x8000a844 (0x7c3f2023) mem 0x80010000 0x00000001
core   0: 0x8000a848 (0x0000bfe5) c.j     pc - 8
core   0: 3 0x8000a848 (0xbfe5)
core   0: 0x8000a840 (0x00005f17) auipc   t5, 0x5
core   0: 3 0x8000a840 (0x00005f17) x30 0x8000f840
core   0: 0x8000a844 (0x7c3f2023) sw      gp, 1984(t5)
core   0: 3 0x8000a844 (0x7c3f2023) mem 0x80010000 0x00000001
core   0: 0x8000a848 (0x0000bfe5) c.j     pc - 8
core   0: 3 0x8000a848 (0xbfe5)
core   0: 0x8000a840 (0x00005f17) auipc   t5, 0x5
core   0: 3 0x8000a840 (0x00005f17) x30 0x8000f840
core   0: 0x8000a844 (0x7c3f2023) sw      gp, 1984(t5)
core   0: 3 0x8000a844 (0x7c3f2023) mem 0x80010000 0x00000001
core   0: 0x8000a848 (0x0000bfe5) c.j     pc - 8
core   0: 3 0x8000a848 (0xbfe5)
core   0: 0x8000a840 (0x00005f17) auipc   t5, 0x5
core   0: 3 0x8000a840 (0x00005f17) x30 0x8000f840
core   0: 0x8000a844 (0x7c3f2023) sw      gp, 1984(t5)
core   0: 3 0x8000a844 (0x7c3f2023) mem 0x80010000 0x00000001
core   0: 0x8000a848 (0x0000bfe5) c.j     pc - 8
core   0: 3 0x8000a848 (0xbfe5)
core   0: 0x8000a840 (0x00005f17) auipc   t5, 0x5
core   0: 3 0x8000a840 (0x00005f17) x30 0x8000f840
core   0: 0x8000a844 (0x7c3f2023) sw      gp, 1984(t5)
core   0: 3 0x8000a844 (0x7c3f2023) mem 0x80010000 0x00000001
core   0: 0x8000a848 (0x0000bfe5) c.j     pc - 8
core   0: 3 0x8000a848 (0xbfe5)
core   0: 0x8000a840 (0x00005f17) auipc   t5, 0x5
core   0: 3 0x8000a840 (0x00005f17) x30 0x8000f840
core   0: 0x8000a844 (0x7c3f2023) sw      gp, 1984(t5)
core   0: 3 0x8000a844 (0x7c3f2023) mem 0x80010000 0x00000001
core   0: 0x8000a848 (0x0000bfe5) c.j     pc - 8
core   0: 3 0x8000a848 (0xbfe5)
core   0: 0x8000a840 (0x00005f17) auipc   t5, 0x5
core   0: 3 0x8000a840 (0x00005f17) x30 0x8000f840
core   0: 0x8000a844 (0x7c3f2023) sw      gp, 1984(t5)
core   0: 3 0x8000a844 (0x7c3f2023) mem 0x80010000 0x00000001
core   0: 0x8000a848 (0x0000bfe5) c.j     pc - 8
core   0: 3 0x8000a848 (0xbfe5)
core   0: 0x8000a840 (0x00005f17) auipc   t5, 0x5
core   0: 3 0x8000a840 (0x00005f17) x30 0x8000f840
core   0: 0x8000a844 (0x7c3f2023) sw      gp, 1984(t5)
core   0: 3 0x8000a844 (0x7c3f2023) mem 0x80010000 0x00000001
core   0: 0x8000a848 (0x0000bfe5) c.j     pc - 8
core   0: 3 0x8000a848 (0xbfe5)
core   0: 0x8000a840 (0x00005f17) auipc   t5, 0x5
core   0: 3 0x8000a840 (0x00005f17) x30 0x8000f840
core   0: 0x8000a844 (0x7c3f2023) sw      gp, 1984(t5)
core   0: 3 0x8000a844 (0x7c3f2023) mem 0x80010000 0x00000001
core   0: 0x8000a848 (0x0000bfe5) c.j     pc - 8
core   0: 3 0x8000a848 (0xbfe5)
core   0: 0x8000a840 (0x00005f17) auipc   t5, 0x5
core   0: 3 0x8000a840 (0x00005f17) x30 0x8000f840
core   0: 0x8000a844 (0x7c3f2023) sw      gp, 1984(t5)
core   0: 3 0x8000a844 (0x7c3f2023) mem 0x80010000 0x00000001
core   0: 0x8000a848 (0x0000bfe5) c.j     pc - 8
core   0: 3 0x8000a848 (0xbfe5)
core   0: 0x8000a840 (0x00005f17) auipc   t5, 0x5
core   0: 3 0x8000a840 (0x00005f17) x30 0x8000f840
core   0: 0x8000a844 (0x7c3f2023) sw      gp, 1984(t5)
core   0: 3 0x8000a844 (0x7c3f2023) mem 0x80010000 0x00000001
core   0: 0x8000a848 (0x0000bfe5) c.j     pc - 8
core   0: 3 0x8000a848 (0xbfe5)
core   0: 0x8000a840 (0x00005f17) auipc   t5, 0x5
core   0: 3 0x8000a840 (0x00005f17) x30 0x8000f840
core   0: 0x8000a844 (0x7c3f2023) sw      gp, 1984(t5)
core   0: 3 0x8000a844 (0x7c3f2023) mem 0x80010000 0x00000001
core   0: 0x8000a848 (0x0000bfe5) c.j     pc - 8
core   0: 3 0x8000a848 (0xbfe5)
core   0: 0x8000a840 (0x00005f17) auipc   t5, 0x5
core   0: 3 0x8000a840 (0x00005f17) x30 0x8000f840
core   0: 0x8000a844 (0x7c3f2023) sw      gp, 1984(t5)
core   0: 3 0x8000a844 (0x7c3f2023) mem 0x80010000 0x00000001
core   0: 0x8000a848 (0x0000bfe5) c.j     pc - 8
core   0: 3 0x8000a848 (0xbfe5)
core   0: 0x8000a840 (0x00005f17) auipc   t5, 0x5
core   0: 3 0x8000a840 (0x00005f17) x30 0x8000f840
core   0: 0x8000a844 (0x7c3f2023) sw      gp, 1984(t5)
core   0: 3 0x8000a844 (0x7c3f2023) mem 0x80010000 0x00000001
core   0: 0x8000a848 (0x0000bfe5) c.j     pc - 8
core   0: 3 0x8000a848 (0xbfe5)
core   0: 0x8000a840 (0x00005f17) auipc   t5, 0x5
core   0: 3 0x8000a840 (0x00005f17) x30 0x8000f840
core   0: 0x8000a844 (0x7c3f2023) sw      gp, 1984(t5)
core   0: 3 0x8000a844 (0x7c3f2023) mem 0x80010000 0x00000001
core   0: 0x8000a848 (0x0000bfe5) c.j     pc - 8
core   0: 3 0x8000a848 (0xbfe5)
core   0: 0x8000a840 (0x00005f17) auipc   t5, 0x5
core   0: 3 0x8000a840 (0x00005f17) x30 0x8000f840
core   0: 0x8000a844 (0x7c3f2023) sw      gp, 1984(t5)
core   0: 3 0x8000a844 (0x7c3f2023) mem 0x80010000 0x00000001
core   0: 0x8000a848 (0x0000bfe5) c.j     pc - 8
core   0: 3 0x8000a848 (0xbfe5)
core   0: 0x8000a840 (0x00005f17) auipc   t5, 0x5
core   0: 3 0x8000a840 (0x00005f17) x30 0x8000f840
core   0: 0x8000a844 (0x7c3f2023) sw      gp, 1984(t5)
core   0: 3 0x8000a844 (0x7c3f2023) mem 0x80010000 0x00000001
core   0: 0x8000a848 (0x0000bfe5) c.j     pc - 8
core   0: 3 0x8000a848 (0xbfe5)
core   0: 0x8000a840 (0x00005f17) auipc   t5, 0x5
core   0: 3 0x8000a840 (0x00005f17) x30 0x8000f840
core   0: 0x8000a844 (0x7c3f2023) sw      gp, 1984(t5)
core   0: 3 0x8000a844 (0x7c3f2023) mem 0x80010000 0x00000001
core   0: 0x8000a848 (0x0000bfe5) c.j     pc - 8
core   0: 3 0x8000a848 (0xbfe5)
core   0: 0x8000a840 (0x00005f17) auipc   t5, 0x5
core   0: 3 0x8000a840 (0x00005f17) x30 0x8000f840
core   0: 0x8000a844 (0x7c3f2023) sw      gp, 1984(t5)
core   0: 3 0x8000a844 (0x7c3f2023) mem 0x80010000 0x00000001
core   0: 0x8000a848 (0x0000bfe5) c.j     pc - 8
core   0: 3 0x8000a848 (0xbfe5)
core   0: 0x8000a840 (0x00005f17) auipc   t5, 0x5
core   0: 3 0x8000a840 (0x00005f17) x30 0x8000f840
core   0: 0x8000a844 (0x7c3f2023) sw      gp, 1984(t5)
core   0: 3 0x8000a844 (0x7c3f2023) mem 0x80010000 0x00000001
core   0: 0x8000a848 (0x0000bfe5) c.j     pc - 8
core   0: 3 0x8000a848 (0xbfe5)
core   0: 0x8000a840 (0x00005f17) auipc   t5, 0x5
core   0: 3 0x8000a840 (0x00005f17) x30 0x8000f840
core   0: 0x8000a844 (0x7c3f2023) sw      gp, 1984(t5)
core   0: 3 0x8000a844 (0x7c3f2023) mem 0x80010000 0x00000001
core   0: 0x8000a848 (0x0000bfe5) c.j     pc - 8
core   0: 3 0x8000a848 (0xbfe5)
core   0: 0x8000a840 (0x00005f17) auipc   t5, 0x5
core   0: 3 0x8000a840 (0x00005f17) x30 0x8000f840
core   0: 0x8000a844 (0x7c3f2023) sw      gp, 1984(t5)
core   0: 3 0x8000a844 (0x7c3f2023) mem 0x80010000 0x00000001
core   0: 0x8000a848 (0x0000bfe5) c.j     pc - 8
core   0: 3 0x8000a848 (0xbfe5)
core   0: 0x8000a840 (0x00005f17) auipc   t5, 0x5
core   0: 3 0x8000a840 (0x00005f17) x30 0x8000f840
core   0: 0x8000a844 (0x7c3f2023) sw      gp, 1984(t5)
core   0: 3 0x8000a844 (0x7c3f2023) mem 0x80010000 0x00000001
core   0: 0x8000a848 (0x0000bfe5) c.j     pc - 8
core   0: 3 0x8000a848 (0xbfe5)
core   0: 0x8000a840 (0x00005f17) auipc   t5, 0x5
core   0: 3 0x8000a840 (0x00005f17) x30 0x8000f840
core   0: 0x8000a844 (0x7c3f2023) sw      gp, 1984(t5)
core   0: 3 0x8000a844 (0x7c3f2023) mem 0x80010000 0x00000001
core   0: 0x8000a848 (0x0000bfe5) c.j     pc - 8
core   0: 3 0x8000a848 (0xbfe5)
core   0: 0x8000a840 (0x00005f17) auipc   t5, 0x5
core   0: 3 0x8000a840 (0x00005f17) x30 0x8000f840
core   0: 0x8000a844 (0x7c3f2023) sw      gp, 1984(t5)
core   0: 3 0x8000a844 (0x7c3f2023) mem 0x80010000 0x00000001
core   0: 0x8000a848 (0x0000bfe5) c.j     pc - 8
core   0: 3 0x8000a848 (0xbfe5)
core   0: 0x8000a840 (0x00005f17) auipc   t5, 0x5
core   0: 3 0x8000a840 (0x00005f17) x30 0x8000f840
core   0: 0x8000a844 (0x7c3f2023) sw      gp, 1984(t5)
core   0: 3 0x8000a844 (0x7c3f2023) mem 0x80010000 0x00000001
core   0: 0x8000a848 (0x0000bfe5) c.j     pc - 8
core   0: 3 0x8000a848 (0xbfe5)
core   0: 0x8000a840 (0x00005f17) auipc   t5, 0x5
core   0: 3 0x8000a840 (0x00005f17) x30 0x8000f840
core   0: 0x8000a844 (0x7c3f2023) sw      gp, 1984(t5)
core   0: 3 0x8000a844 (0x7c3f2023) mem 0x80010000 0x00000001
core   0: 0x8000a848 (0x0000bfe5) c.j     pc - 8
core   0: 3 0x8000a848 (0xbfe5)
core   0: 0x8000a840 (0x00005f17) auipc   t5, 0x5
core   0: 3 0x8000a840 (0x00005f17) x30 0x8000f840
core   0: 0x8000a844 (0x7c3f2023) sw      gp, 1984(t5)
core   0: 3 0x8000a844 (0x7c3f2023) mem 0x80010000 0x00000001
core   0: 0x8000a848 (0x0000bfe5) c.j     pc - 8
core   0: 3 0x8000a848 (0xbfe5)
core   0: 0x8000a840 (0x00005f17) auipc   t5, 0x5
core   0: 3 0x8000a840 (0x00005f17) x30 0x8000f840
core   0: 0x8000a844 (0x7c3f2023) sw      gp, 1984(t5)
core   0: 3 0x8000a844 (0x7c3f2023) mem 0x80010000 0x00000001
core   0: 0x8000a848 (0x0000bfe5) c.j     pc - 8
core   0: 3 0x8000a848 (0xbfe5)
core   0: 0x8000a840 (0x00005f17) auipc   t5, 0x5
core   0: 3 0x8000a840 (0x00005f17) x30 0x8000f840
core   0: 0x8000a844 (0x7c3f2023) sw      gp, 1984(t5)
core   0: 3 0x8000a844 (0x7c3f2023) mem 0x80010000 0x00000001
core   0: 0x8000a848 (0x0000bfe5) c.j     pc - 8
core   0: 3 0x8000a848 (0xbfe5)
core   0: 0x8000a840 (0x00005f17) auipc   t5, 0x5
core   0: 3 0x8000a840 (0x00005f17) x30 0x8000f840
core   0: 0x8000a844 (0x7c3f2023) sw      gp, 1984(t5)
core   0: 3 0x8000a844 (0x7c3f2023) mem 0x80010000 0x00000001
core   0: 0x8000a848 (0x0000bfe5) c.j     pc - 8
core   0: 3 0x8000a848 (0xbfe5)
core   0: 0x8000a840 (0x00005f17) auipc   t5, 0x5
core   0: 3 0x8000a840 (0x00005f17) x30 0x8000f840
core   0: 0x8000a844 (0x7c3f2023) sw      gp, 1984(t5)
core   0: 3 0x8000a844 (0x7c3f2023) mem 0x80010000 0x00000001
core   0: 0x8000a848 (0x0000bfe5) c.j     pc - 8
core   0: 3 0x8000a848 (0xbfe5)
core   0: 0x8000a840 (0x00005f17) auipc   t5, 0x5
core   0: 3 0x8000a840 (0x00005f17) x30 0x8000f840
core   0: 0x8000a844 (0x7c3f2023) sw      gp, 1984(t5)
core   0: 3 0x8000a844 (0x7c3f2023) mem 0x80010000 0x00000001
core   0: 0x8000a848 (0x0000bfe5) c.j     pc - 8
core   0: 3 0x8000a848 (0xbfe5)
core   0: 0x8000a840 (0x00005f17) auipc   t5, 0x5
core   0: 3 0x8000a840 (0x00005f17) x30 0x8000f840
core   0: 0x8000a844 (0x7c3f2023) sw      gp, 1984(t5)
core   0: 3 0x8000a844 (0x7c3f2023) mem 0x80010000 0x00000001
core   0: 0x8000a848 (0x0000bfe5) c.j     pc - 8
core   0: 3 0x8000a848 (0xbfe5)
core   0: 0x8000a840 (0x00005f17) auipc   t5, 0x5
core   0: 3 0x8000a840 (0x00005f17) x30 0x8000f840
core   0: 0x8000a844 (0x7c3f2023) sw      gp, 1984(t5)
core   0: 3 0x8000a844 (0x7c3f2023) mem 0x80010000 0x00000001
core   0: 0x8000a848 (0x0000bfe5) c.j     pc - 8
core   0: 3 0x8000a848 (0xbfe5)
core   0: 0x8000a840 (0x00005f17) auipc   t5, 0x5
core   0: 3 0x8000a840 (0x00005f17) x30 0x8000f840
core   0: 0x8000a844 (0x7c3f2023) sw      gp, 1984(t5)
core   0: 3 0x8000a844 (0x7c3f2023) mem 0x80010000 0x00000001
core   0: 0x8000a848 (0x0000bfe5) c.j     pc - 8
core   0: 3 0x8000a848 (0xbfe5)
core   0: 0x8000a840 (0x00005f17) auipc   t5, 0x5
core   0: 3 0x8000a840 (0x00005f17) x30 0x8000f840
core   0: 0x8000a844 (0x7c3f2023) sw      gp, 1984(t5)
core   0: 3 0x8000a844 (0x7c3f2023) mem 0x80010000 0x00000001
core   0: 0x8000a848 (0x0000bfe5) c.j     pc - 8
core   0: 3 0x8000a848 (0xbfe5)
core   0: 0x8000a840 (0x00005f17) auipc   t5, 0x5
core   0: 3 0x8000a840 (0x00005f17) x30 0x8000f840
core   0: 0x8000a844 (0x7c3f2023) sw      gp, 1984(t5)
core   0: 3 0x8000a844 (0x7c3f2023) mem 0x80010000 0x00000001
core   0: 0x8000a848 (0x0000bfe5) c.j     pc - 8
core   0: 3 0x8000a848 (0xbfe5)
core   0: 0x8000a840 (0x00005f17) auipc   t5, 0x5
core   0: 3 0x8000a840 (0x00005f17) x30 0x8000f840
core   0: 0x8000a844 (0x7c3f2023) sw      gp, 1984(t5)
core   0: 3 0x8000a844 (0x7c3f2023) mem 0x80010000 0x00000001
core   0: 0x8000a848 (0x0000bfe5) c.j     pc - 8
core   0: 3 0x8000a848 (0xbfe5)
core   0: 0x8000a840 (0x00005f17) auipc   t5, 0x5
core   0: 3 0x8000a840 (0x00005f17) x30 0x8000f840
core   0: 0x8000a844 (0x7c3f2023) sw      gp, 1984(t5)
core   0: 3 0x8000a844 (0x7c3f2023) mem 0x80010000 0x00000001
core   0: 0x8000a848 (0x0000bfe5) c.j     pc - 8
core   0: 3 0x8000a848 (0xbfe5)
core   0: 0x8000a840 (0x00005f17) auipc   t5, 0x5
core   0: 3 0x8000a840 (0x00005f17) x30 0x8000f840
core   0: 0x8000a844 (0x7c3f2023) sw      gp, 1984(t5)
core   0: 3 0x8000a844 (0x7c3f2023) mem 0x80010000 0x00000001
core   0: 0x8000a848 (0x0000bfe5) c.j     pc - 8
core   0: 3 0x8000a848 (0xbfe5)
core   0: 0x8000a840 (0x00005f17) auipc   t5, 0x5
core   0: 3 0x8000a840 (0x00005f17) x30 0x8000f840
core   0: 0x8000a844 (0x7c3f2023) sw      gp, 1984(t5)
core   0: 3 0x8000a844 (0x7c3f2023) mem 0x80010000 0x00000001
core   0: 0x8000a848 (0x0000bfe5) c.j     pc - 8
core   0: 3 0x8000a848 (0xbfe5)
core   0: 0x8000a840 (0x00005f17) auipc   t5, 0x5
core   0: 3 0x8000a840 (0x00005f17) x30 0x8000f840
core   0: 0x8000a844 (0x7c3f2023) sw      gp, 1984(t5)
core   0: 3 0x8000a844 (0x7c3f2023) mem 0x80010000 0x00000001
core   0: 0x8000a848 (0x0000bfe5) c.j     pc - 8
core   0: 3 0x8000a848 (0xbfe5)
core   0: 0x8000a840 (0x00005f17) auipc   t5, 0x5
core   0: 3 0x8000a840 (0x00005f17) x30 0x8000f840
core   0: 0x8000a844 (0x7c3f2023) sw      gp, 1984(t5)
core   0: 3 0x8000a844 (0x7c3f2023) mem 0x80010000 0x00000001
core   0: 0x8000a848 (0x0000bfe5) c.j     pc - 8
core   0: 3 0x8000a848 (0xbfe5)
core   0: 0x8000a840 (0x00005f17) auipc   t5, 0x5
core   0: 3 0x8000a840 (0x00005f17) x30 0x8000f840
core   0: 0x8000a844 (0x7c3f2023) sw      gp, 1984(t5)
core   0: 3 0x8000a844 (0x7c3f2023) mem 0x80010000 0x00000001
core   0: 0x8000a848 (0x0000bfe5) c.j     pc - 8
core   0: 3 0x8000a848 (0xbfe5)
core   0: 0x8000a840 (0x00005f17) auipc   t5, 0x5
core   0: 3 0x8000a840 (0x00005f17) x30 0x8000f840
core   0: 0x8000a844 (0x7c3f2023) sw      gp, 1984(t5)
core   0: 3 0x8000a844 (0x7c3f2023) mem 0x80010000 0x00000001
core   0: 0x8000a848 (0x0000bfe5) c.j     pc - 8
core   0: 3 0x8000a848 (0xbfe5)
core   0: 0x8000a840 (0x00005f17) auipc   t5, 0x5
core   0: 3 0x8000a840 (0x00005f17) x30 0x8000f840
core   0: 0x8000a844 (0x7c3f2023) sw      gp, 1984(t5)
core   0: 3 0x8000a844 (0x7c3f2023) mem 0x80010000 0x00000001
core   0: 0x8000a848 (0x0000bfe5) c.j     pc - 8
core   0: 3 0x8000a848 (0xbfe5)
core   0: 0x8000a840 (0x00005f17) auipc   t5, 0x5
core   0: 3 0x8000a840 (0x00005f17) x30 0x8000f840
core   0: 0x8000a844 (0x7c3f2023) sw      gp, 1984(t5)
core   0: 3 0x8000a844 (0x7c3f2023) mem 0x80010000 0x00000001
core   0: 0x8000a848 (0x0000bfe5) c.j     pc - 8
core   0: 3 0x8000a848 (0xbfe5)
core   0: 0x8000a840 (0x00005f17) auipc   t5, 0x5
core   0: 3 0x8000a840 (0x00005f17) x30 0x8000f840
core   0: 0x8000a844 (0x7c3f2023) sw      gp, 1984(t5)
core   0: 3 0x8000a844 (0x7c3f2023) mem 0x80010000 0x00000001
core   0: 0x8000a848 (0x0000bfe5) c.j     pc - 8
core   0: 3 0x8000a848 (0xbfe5)
core   0: 0x8000a840 (0x00005f17) auipc   t5, 0x5
core   0: 3 0x8000a840 (0x00005f17) x30 0x8000f840
core   0: 0x8000a844 (0x7c3f2023) sw      gp, 1984(t5)
core   0: 3 0x8000a844 (0x7c3f2023) mem 0x80010000 0x00000001
core   0: 0x8000a848 (0x0000bfe5) c.j     pc - 8
core   0: 3 0x8000a848 (0xbfe5)
core   0: 0x8000a840 (0x00005f17) auipc   t5, 0x5
core   0: 3 0x8000a840 (0x00005f17) x30 0x8000f840
core   0: 0x8000a844 (0x7c3f2023) sw      gp, 1984(t5)
core   0: 3 0x8000a844 (0x7c3f2023) mem 0x80010000 0x00000001
core   0: 0x8000a848 (0x0000bfe5) c.j     pc - 8
core   0: 3 0x8000a848 (0xbfe5)
core   0: 0x8000a840 (0x00005f17) auipc   t5, 0x5
core   0: 3 0x8000a840 (0x00005f17) x30 0x8000f840
core   0: 0x8000a844 (0x7c3f2023) sw      gp, 1984(t5)
core   0: 3 0x8000a844 (0x7c3f2023) mem 0x80010000 0x00000001
core   0: 0x8000a848 (0x0000bfe5) c.j     pc - 8
core   0: 3 0x8000a848 (0xbfe5)
core   0: 0x8000a840 (0x00005f17) auipc   t5, 0x5
core   0: 3 0x8000a840 (0x00005f17) x30 0x8000f840
core   0: 0x8000a844 (0x7c3f2023) sw      gp, 1984(t5)
core   0: 3 0x8000a844 (0x7c3f2023) mem 0x80010000 0x00000001
core   0: 0x8000a848 (0x0000bfe5) c.j     pc - 8
core   0: 3 0x8000a848 (0xbfe5)
core   0: 0x8000a840 (0x00005f17) auipc   t5, 0x5
core   0: 3 0x8000a840 (0x00005f17) x30 0x8000f840
core   0: 0x8000a844 (0x7c3f2023) sw      gp, 1984(t5)
core   0: 3 0x8000a844 (0x7c3f2023) mem 0x80010000 0x00000001
core   0: 0x8000a848 (0x0000bfe5) c.j     pc - 8
core   0: 3 0x8000a848 (0xbfe5)
core   0: 0x8000a840 (0x00005f17) auipc   t5, 0x5
core   0: 3 0x8000a840 (0x00005f17) x30 0x8000f840
core   0: 0x8000a844 (0x7c3f2023) sw      gp, 1984(t5)
core   0: 3 0x8000a844 (0x7c3f2023) mem 0x80010000 0x00000001
core   0: 0x8000a848 (0x0000bfe5) c.j     pc - 8
core   0: 3 0x8000a848 (0xbfe5)
core   0: 0x8000a840 (0x00005f17) auipc   t5, 0x5
core   0: 3 0x8000a840 (0x00005f17) x30 0x8000f840
core   0: 0x8000a844 (0x7c3f2023) sw      gp, 1984(t5)
core   0: 3 0x8000a844 (0x7c3f2023) mem 0x80010000 0x00000001
core   0: 0x8000a848 (0x0000bfe5) c.j     pc - 8
core   0: 3 0x8000a848 (0xbfe5)
core   0: 0x8000a840 (0x00005f17) auipc   t5, 0x5
core   0: 3 0x8000a840 (0x00005f17) x30 0x8000f840
core   0: 0x8000a844 (0x7c3f2023) sw      gp, 1984(t5)
core   0: 3 0x8000a844 (0x7c3f2023) mem 0x80010000 0x00000001
core   0: 0x8000a848 (0x0000bfe5) c.j     pc - 8
core   0: 3 0x8000a848 (0xbfe5)
core   0: 0x8000a840 (0x00005f17) auipc   t5, 0x5
core   0: 3 0x8000a840 (0x00005f17) x30 0x8000f840
core   0: 0x8000a844 (0x7c3f2023) sw      gp, 1984(t5)
core   0: 3 0x8000a844 (0x7c3f2023) mem 0x80010000 0x00000001
core   0: 0x8000a848 (0x0000bfe5) c.j     pc - 8
core   0: 3 0x8000a848 (0xbfe5)
core   0: 0x8000a840 (0x00005f17) auipc   t5, 0x5
core   0: 3 0x8000a840 (0x00005f17) x30 0x8000f840
core   0: 0x8000a844 (0x7c3f2023) sw      gp, 1984(t5)
core   0: 3 0x8000a844 (0x7c3f2023) mem 0x80010000 0x00000001
core   0: 0x8000a848 (0x0000bfe5) c.j     pc - 8
core   0: 3 0x8000a848 (0xbfe5)
core   0: 0x8000a840 (0x00005f17) auipc   t5, 0x5
core   0: 3 0x8000a840 (0x00005f17) x30 0x8000f840
core   0: 0x8000a844 (0x7c3f2023) sw      gp, 1984(t5)
core   0: 3 0x8000a844 (0x7c3f2023) mem 0x80010000 0x00000001
core   0: 0x8000a848 (0x0000bfe5) c.j     pc - 8
core   0: 3 0x8000a848 (0xbfe5)
core   0: 0x8000a840 (0x00005f17) auipc   t5, 0x5
core   0: 3 0x8000a840 (0x00005f17) x30 0x8000f840
core   0: 0x8000a844 (0x7c3f2023) sw      gp, 1984(t5)
core   0: 3 0x8000a844 (0x7c3f2023) mem 0x80010000 0x00000001
core   0: 0x8000a848 (0x0000bfe5) c.j     pc - 8
core   0: 3 0x8000a848 (0xbfe5)
core   0: 0x8000a840 (0x00005f17) auipc   t5, 0x5
core   0: 3 0x8000a840 (0x00005f17) x30 0x8000f840
core   0: 0x8000a844 (0x7c3f2023) sw      gp, 1984(t5)
core   0: 3 0x8000a844 (0x7c3f2023) mem 0x80010000 0x00000001
core   0: 0x8000a848 (0x0000bfe5) c.j     pc - 8
core   0: 3 0x8000a848 (0xbfe5)
core   0: 0x8000a840 (0x00005f17) auipc   t5, 0x5
core   0: 3 0x8000a840 (0x00005f17) x30 0x8000f840
core   0: 0x8000a844 (0x7c3f2023) sw      gp, 1984(t5)
core   0: 3 0x8000a844 (0x7c3f2023) mem 0x80010000 0x00000001
core   0: 0x8000a848 (0x0000bfe5) c.j     pc - 8
core   0: 3 0x8000a848 (0xbfe5)
core   0: 0x8000a840 (0x00005f17) auipc   t5, 0x5
core   0: 3 0x8000a840 (0x00005f17) x30 0x8000f840
core   0: 0x8000a844 (0x7c3f2023) sw      gp, 1984(t5)
core   0: 3 0x8000a844 (0x7c3f2023) mem 0x80010000 0x00000001
core   0: 0x8000a848 (0x0000bfe5) c.j     pc - 8
core   0: 3 0x8000a848 (0xbfe5)
core   0: 0x8000a840 (0x00005f17) auipc   t5, 0x5
core   0: 3 0x8000a840 (0x00005f17) x30 0x8000f840
core   0: 0x8000a844 (0x7c3f2023) sw      gp, 1984(t5)
core   0: 3 0x8000a844 (0x7c3f2023) mem 0x80010000 0x00000001
core   0: 0x8000a848 (0x0000bfe5) c.j     pc - 8
core   0: 3 0x8000a848 (0xbfe5)
core   0: 0x8000a840 (0x00005f17) auipc   t5, 0x5
core   0: 3 0x8000a840 (0x00005f17) x30 0x8000f840
core   0: 0x8000a844 (0x7c3f2023) sw      gp, 1984(t5)
core   0: 3 0x8000a844 (0x7c3f2023) mem 0x80010000 0x00000001
core   0: 0x8000a848 (0x0000bfe5) c.j     pc - 8
core   0: 3 0x8000a848 (0xbfe5)
core   0: 0x8000a840 (0x00005f17) auipc   t5, 0x5
core   0: 3 0x8000a840 (0x00005f17) x30 0x8000f840
core   0: 0x8000a844 (0x7c3f2023) sw      gp, 1984(t5)
core   0: 3 0x8000a844 (0x7c3f2023) mem 0x80010000 0x00000001
core   0: 0x8000a848 (0x0000bfe5) c.j     pc - 8
core   0: 3 0x8000a848 (0xbfe5)
core   0: 0x8000a840 (0x00005f17) auipc   t5, 0x5
core   0: 3 0x8000a840 (0x00005f17) x30 0x8000f840
core   0: 0x8000a844 (0x7c3f2023) sw      gp, 1984(t5)
core   0: 3 0x8000a844 (0x7c3f2023) mem 0x80010000 0x00000001
core   0: 0x8000a848 (0x0000bfe5) c.j     pc - 8
core   0: 3 0x8000a848 (0xbfe5)
core   0: 0x8000a840 (0x00005f17) auipc   t5, 0x5
core   0: 3 0x8000a840 (0x00005f17) x30 0x8000f840
core   0: 0x8000a844 (0x7c3f2023) sw      gp, 1984(t5)
core   0: 3 0x8000a844 (0x7c3f2023) mem 0x80010000 0x00000001
core   0: 0x8000a848 (0x0000bfe5) c.j     pc - 8
core   0: 3 0x8000a848 (0xbfe5)
core   0: 0x8000a840 (0x00005f17) auipc   t5, 0x5
core   0: 3 0x8000a840 (0x00005f17) x30 0x8000f840
core   0: 0x8000a844 (0x7c3f2023) sw      gp, 1984(t5)
core   0: 3 0x8000a844 (0x7c3f2023) mem 0x80010000 0x00000001
core   0: 0x8000a848 (0x0000bfe5) c.j     pc - 8
core   0: 3 0x8000a848 (0xbfe5)
core   0: 0x8000a840 (0x00005f17) auipc   t5, 0x5
core   0: 3 0x8000a840 (0x00005f17) x30 0x8000f840
core   0: 0x8000a844 (0x7c3f2023) sw      gp, 1984(t5)
core   0: 3 0x8000a844 (0x7c3f2023) mem 0x80010000 0x00000001
core   0: 0x8000a848 (0x0000bfe5) c.j     pc - 8
core   0: 3 0x8000a848 (0xbfe5)
core   0: 0x8000a840 (0x00005f17) auipc   t5, 0x5
core   0: 3 0x8000a840 (0x00005f17) x30 0x8000f840
core   0: 0x8000a844 (0x7c3f2023) sw      gp, 1984(t5)
core   0: 3 0x8000a844 (0x7c3f2023) mem 0x80010000 0x00000001
core   0: 0x8000a848 (0x0000bfe5) c.j     pc - 8
core   0: 3 0x8000a848 (0xbfe5)
core   0: 0x8000a840 (0x00005f17) auipc   t5, 0x5
core   0: 3 0x8000a840 (0x00005f17) x30 0x8000f840
core   0: 0x8000a844 (0x7c3f2023) sw      gp, 1984(t5)
core   0: 3 0x8000a844 (0x7c3f2023) mem 0x80010000 0x00000001
core   0: 0x8000a848 (0x0000bfe5) c.j     pc - 8
core   0: 3 0x8000a848 (0xbfe5)
core   0: 0x8000a840 (0x00005f17) auipc   t5, 0x5
core   0: 3 0x8000a840 (0x00005f17) x30 0x8000f840
core   0: 0x8000a844 (0x7c3f2023) sw      gp, 1984(t5)
core   0: 3 0x8000a844 (0x7c3f2023) mem 0x80010000 0x00000001
core   0: 0x8000a848 (0x0000bfe5) c.j     pc - 8
core   0: 3 0x8000a848 (0xbfe5)
core   0: 0x8000a840 (0x00005f17) auipc   t5, 0x5
core   0: 3 0x8000a840 (0x00005f17) x30 0x8000f840
core   0: 0x8000a844 (0x7c3f2023) sw      gp, 1984(t5)
core   0: 3 0x8000a844 (0x7c3f2023) mem 0x80010000 0x00000001
core   0: 0x8000a848 (0x0000bfe5) c.j     pc - 8
core   0: 3 0x8000a848 (0xbfe5)
core   0: 0x8000a840 (0x00005f17) auipc   t5, 0x5
core   0: 3 0x8000a840 (0x00005f17) x30 0x8000f840
core   0: 0x8000a844 (0x7c3f2023) sw      gp, 1984(t5)
core   0: 3 0x8000a844 (0x7c3f2023) mem 0x80010000 0x00000001
core   0: 0x8000a848 (0x0000bfe5) c.j     pc - 8
core   0: 3 0x8000a848 (0xbfe5)
core   0: 0x8000a840 (0x00005f17) auipc   t5, 0x5
core   0: 3 0x8000a840 (0x00005f17) x30 0x8000f840
core   0: 0x8000a844 (0x7c3f2023) sw      gp, 1984(t5)
core   0: 3 0x8000a844 (0x7c3f2023) mem 0x80010000 0x00000001
core   0: 0x8000a848 (0x0000bfe5) c.j     pc - 8
core   0: 3 0x8000a848 (0xbfe5)
core   0: 0x8000a840 (0x00005f17) auipc   t5, 0x5
core   0: 3 0x8000a840 (0x00005f17) x30 0x8000f840
core   0: 0x8000a844 (0x7c3f2023) sw      gp, 1984(t5)
core   0: 3 0x8000a844 (0x7c3f2023) mem 0x80010000 0x00000001
core   0: 0x8000a848 (0x0000bfe5) c.j     pc - 8
core   0: 3 0x8000a848 (0xbfe5)
core   0: 0x8000a840 (0x00005f17) auipc   t5, 0x5
core   0: 3 0x8000a840 (0x00005f17) x30 0x8000f840
core   0: 0x8000a844 (0x7c3f2023) sw      gp, 1984(t5)
core   0: 3 0x8000a844 (0x7c3f2023) mem 0x80010000 0x00000001
core   0: 0x8000a848 (0x0000bfe5) c.j     pc - 8
core   0: 3 0x8000a848 (0xbfe5)
core   0: 0x8000a840 (0x00005f17) auipc   t5, 0x5
core   0: 3 0x8000a840 (0x00005f17) x30 0x8000f840
core   0: 0x8000a844 (0x7c3f2023) sw      gp, 1984(t5)
core   0: 3 0x8000a844 (0x7c3f2023) mem 0x80010000 0x00000001
core   0: 0x8000a848 (0x0000bfe5) c.j     pc - 8
core   0: 3 0x8000a848 (0xbfe5)
core   0: 0x8000a840 (0x00005f17) auipc   t5, 0x5
core   0: 3 0x8000a840 (0x00005f17) x30 0x8000f840
core   0: 0x8000a844 (0x7c3f2023) sw      gp, 1984(t5)
core   0: 3 0x8000a844 (0x7c3f2023) mem 0x80010000 0x00000001
core   0: 0x8000a848 (0x0000bfe5) c.j     pc - 8
core   0: 3 0x8000a848 (0xbfe5)
core   0: 0x8000a840 (0x00005f17) auipc   t5, 0x5
core   0: 3 0x8000a840 (0x00005f17) x30 0x8000f840
core   0: 0x8000a844 (0x7c3f2023) sw      gp, 1984(t5)
core   0: 3 0x8000a844 (0x7c3f2023) mem 0x80010000 0x00000001
core   0: 0x8000a848 (0x0000bfe5) c.j     pc - 8
core   0: 3 0x8000a848 (0xbfe5)
core   0: 0x8000a840 (0x00005f17) auipc   t5, 0x5
core   0: 3 0x8000a840 (0x00005f17) x30 0x8000f840
core   0: 0x8000a844 (0x7c3f2023) sw      gp, 1984(t5)
core   0: 3 0x8000a844 (0x7c3f2023) mem 0x80010000 0x00000001
core   0: 0x8000a848 (0x0000bfe5) c.j     pc - 8
core   0: 3 0x8000a848 (0xbfe5)
core   0: 0x8000a840 (0x00005f17) auipc   t5, 0x5
core   0: 3 0x8000a840 (0x00005f17) x30 0x8000f840
core   0: 0x8000a844 (0x7c3f2023) sw      gp, 1984(t5)
core   0: 3 0x8000a844 (0x7c3f2023) mem 0x80010000 0x00000001
core   0: 0x8000a848 (0x0000bfe5) c.j     pc - 8
core   0: 3 0x8000a848 (0xbfe5)
core   0: 0x8000a840 (0x00005f17) auipc   t5, 0x5
core   0: 3 0x8000a840 (0x00005f17) x30 0x8000f840
core   0: 0x8000a844 (0x7c3f2023) sw      gp, 1984(t5)
core   0: 3 0x8000a844 (0x7c3f2023) mem 0x80010000 0x00000001
core   0: 0x8000a848 (0x0000bfe5) c.j     pc - 8
core   0: 3 0x8000a848 (0xbfe5)
core   0: 0x8000a840 (0x00005f17) auipc   t5, 0x5
core   0: 3 0x8000a840 (0x00005f17) x30 0x8000f840
core   0: 0x8000a844 (0x7c3f2023) sw      gp, 1984(t5)
core   0: 3 0x8000a844 (0x7c3f2023) mem 0x80010000 0x00000001
core   0: 0x8000a848 (0x0000bfe5) c.j     pc - 8
core   0: 3 0x8000a848 (0xbfe5)
core   0: 0x8000a840 (0x00005f17) auipc   t5, 0x5
core   0: 3 0x8000a840 (0x00005f17) x30 0x8000f840
core   0: 0x8000a844 (0x7c3f2023) sw      gp, 1984(t5)
core   0: 3 0x8000a844 (0x7c3f2023) mem 0x80010000 0x00000001
core   0: 0x8000a848 (0x0000bfe5) c.j     pc - 8
core   0: 3 0x8000a848 (0xbfe5)
core   0: 0x8000a840 (0x00005f17) auipc   t5, 0x5
core   0: 3 0x8000a840 (0x00005f17) x30 0x8000f840
core   0: 0x8000a844 (0x7c3f2023) sw      gp, 1984(t5)
core   0: 3 0x8000a844 (0x7c3f2023) mem 0x80010000 0x00000001
core   0: 0x8000a848 (0x0000bfe5) c.j     pc - 8
core   0: 3 0x8000a848 (0xbfe5)
core   0: 0x8000a840 (0x00005f17) auipc   t5, 0x5
core   0: 3 0x8000a840 (0x00005f17) x30 0x8000f840
core   0: 0x8000a844 (0x7c3f2023) sw      gp, 1984(t5)
core   0: 3 0x8000a844 (0x7c3f2023) mem 0x80010000 0x00000001
core   0: 0x8000a848 (0x0000bfe5) c.j     pc - 8
core   0: 3 0x8000a848 (0xbfe5)
core   0: 0x8000a840 (0x00005f17) auipc   t5, 0x5
core   0: 3 0x8000a840 (0x00005f17) x30 0x8000f840
core   0: 0x8000a844 (0x7c3f2023) sw      gp, 1984(t5)
core   0: 3 0x8000a844 (0x7c3f2023) mem 0x80010000 0x00000001
core   0: 0x8000a848 (0x0000bfe5) c.j     pc - 8
core   0: 3 0x8000a848 (0xbfe5)
core   0: 0x8000a840 (0x00005f17) auipc   t5, 0x5
core   0: 3 0x8000a840 (0x00005f17) x30 0x8000f840
core   0: 0x8000a844 (0x7c3f2023) sw      gp, 1984(t5)
core   0: 3 0x8000a844 (0x7c3f2023) mem 0x80010000 0x00000001
core   0: 0x8000a848 (0x0000bfe5) c.j     pc - 8
core   0: 3 0x8000a848 (0xbfe5)
core   0: 0x8000a840 (0x00005f17) auipc   t5, 0x5
core   0: 3 0x8000a840 (0x00005f17) x30 0x8000f840
core   0: 0x8000a844 (0x7c3f2023) sw      gp, 1984(t5)
core   0: 3 0x8000a844 (0x7c3f2023) mem 0x80010000 0x00000001
core   0: 0x8000a848 (0x0000bfe5) c.j     pc - 8
core   0: 3 0x8000a848 (0xbfe5)
core   0: 0x8000a840 (0x00005f17) auipc   t5, 0x5
core   0: 3 0x8000a840 (0x00005f17) x30 0x8000f840
core   0: 0x8000a844 (0x7c3f2023) sw      gp, 1984(t5)
core   0: 3 0x8000a844 (0x7c3f2023) mem 0x80010000 0x00000001
core   0: 0x8000a848 (0x0000bfe5) c.j     pc - 8
core   0: 3 0x8000a848 (0xbfe5)
core   0: 0x8000a840 (0x00005f17) auipc   t5, 0x5
core   0: 3 0x8000a840 (0x00005f17) x30 0x8000f840
core   0: 0x8000a844 (0x7c3f2023) sw      gp, 1984(t5)
core   0: 3 0x8000a844 (0x7c3f2023) mem 0x80010000 0x00000001
core   0: 0x8000a848 (0x0000bfe5) c.j     pc - 8
core   0: 3 0x8000a848 (0xbfe5)
core   0: 0x8000a840 (0x00005f17) auipc   t5, 0x5
core   0: 3 0x8000a840 (0x00005f17) x30 0x8000f840
core   0: 0x8000a844 (0x7c3f2023) sw      gp, 1984(t5)
core   0: 3 0x8000a844 (0x7c3f2023) mem 0x80010000 0x00000001
core   0: 0x8000a848 (0x0000bfe5) c.j     pc - 8
core   0: 3 0x8000a848 (0xbfe5)
core   0: 0x8000a840 (0x00005f17) auipc   t5, 0x5
core   0: 3 0x8000a840 (0x00005f17) x30 0x8000f840
core   0: 0x8000a844 (0x7c3f2023) sw      gp, 1984(t5)
core   0: 3 0x8000a844 (0x7c3f2023) mem 0x80010000 0x00000001
core   0: 0x8000a848 (0x0000bfe5) c.j     pc - 8
core   0: 3 0x8000a848 (0xbfe5)
core   0: 0x8000a840 (0x00005f17) auipc   t5, 0x5
core   0: 3 0x8000a840 (0x00005f17) x30 0x8000f840
core   0: 0x8000a844 (0x7c3f2023) sw      gp, 1984(t5)
core   0: 3 0x8000a844 (0x7c3f2023) mem 0x80010000 0x00000001
core   0: 0x8000a848 (0x0000bfe5) c.j     pc - 8
core   0: 3 0x8000a848 (0xbfe5)
core   0: 0x8000a840 (0x00005f17) auipc   t5, 0x5
core   0: 3 0x8000a840 (0x00005f17) x30 0x8000f840
core   0: 0x8000a844 (0x7c3f2023) sw      gp, 1984(t5)
core   0: 3 0x8000a844 (0x7c3f2023) mem 0x80010000 0x00000001
core   0: 0x8000a848 (0x0000bfe5) c.j     pc - 8
core   0: 3 0x8000a848 (0xbfe5)
core   0: 0x8000a840 (0x00005f17) auipc   t5, 0x5
core   0: 3 0x8000a840 (0x00005f17) x30 0x8000f840
core   0: 0x8000a844 (0x7c3f2023) sw      gp, 1984(t5)
core   0: 3 0x8000a844 (0x7c3f2023) mem 0x80010000 0x00000001
core   0: 0x8000a848 (0x0000bfe5) c.j     pc - 8
core   0: 3 0x8000a848 (0xbfe5)
core   0: 0x8000a840 (0x00005f17) auipc   t5, 0x5
core   0: 3 0x8000a840 (0x00005f17) x30 0x8000f840
core   0: 0x8000a844 (0x7c3f2023) sw      gp, 1984(t5)
core   0: 3 0x8000a844 (0x7c3f2023) mem 0x80010000 0x00000001
core   0: 0x8000a848 (0x0000bfe5) c.j     pc - 8
core   0: 3 0x8000a848 (0xbfe5)
core   0: 0x8000a840 (0x00005f17) auipc   t5, 0x5
core   0: 3 0x8000a840 (0x00005f17) x30 0x8000f840
core   0: 0x8000a844 (0x7c3f2023) sw      gp, 1984(t5)
core   0: 3 0x8000a844 (0x7c3f2023) mem 0x80010000 0x00000001
core   0: 0x8000a848 (0x0000bfe5) c.j     pc - 8
core   0: 3 0x8000a848 (0xbfe5)
core   0: 0x8000a840 (0x00005f17) auipc   t5, 0x5
core   0: 3 0x8000a840 (0x00005f17) x30 0x8000f840
core   0: 0x8000a844 (0x7c3f2023) sw      gp, 1984(t5)
core   0: 3 0x8000a844 (0x7c3f2023) mem 0x80010000 0x00000001
core   0: 0x8000a848 (0x0000bfe5) c.j     pc - 8
core   0: 3 0x8000a848 (0xbfe5)
core   0: 0x8000a840 (0x00005f17) auipc   t5, 0x5
core   0: 3 0x8000a840 (0x00005f17) x30 0x8000f840
core   0: 0x8000a844 (0x7c3f2023) sw      gp, 1984(t5)
core   0: 3 0x8000a844 (0x7c3f2023) mem 0x80010000 0x00000001
core   0: 0x8000a848 (0x0000bfe5) c.j     pc - 8
core   0: 3 0x8000a848 (0xbfe5)
core   0: 0x8000a840 (0x00005f17) auipc   t5, 0x5
core   0: 3 0x8000a840 (0x00005f17) x30 0x8000f840
core   0: 0x8000a844 (0x7c3f2023) sw      gp, 1984(t5)
core   0: 3 0x8000a844 (0x7c3f2023) mem 0x80010000 0x00000001
core   0: 0x8000a848 (0x0000bfe5) c.j     pc - 8
core   0: 3 0x8000a848 (0xbfe5)
core   0: 0x8000a840 (0x00005f17) auipc   t5, 0x5
core   0: 3 0x8000a840 (0x00005f17) x30 0x8000f840
core   0: 0x8000a844 (0x7c3f2023) sw      gp, 1984(t5)
core   0: 3 0x8000a844 (0x7c3f2023) mem 0x80010000 0x00000001
core   0: 0x8000a848 (0x0000bfe5) c.j     pc - 8
core   0: 3 0x8000a848 (0xbfe5)
core   0: 0x8000a840 (0x00005f17) auipc   t5, 0x5
core   0: 3 0x8000a840 (0x00005f17) x30 0x8000f840
core   0: 0x8000a844 (0x7c3f2023) sw      gp, 1984(t5)
core   0: 3 0x8000a844 (0x7c3f2023) mem 0x80010000 0x00000001
core   0: 0x8000a848 (0x0000bfe5) c.j     pc - 8
core   0: 3 0x8000a848 (0xbfe5)
core   0: 0x8000a840 (0x00005f17) auipc   t5, 0x5
core   0: 3 0x8000a840 (0x00005f17) x30 0x8000f840
core   0: 0x8000a844 (0x7c3f2023) sw      gp, 1984(t5)
core   0: 3 0x8000a844 (0x7c3f2023) mem 0x80010000 0x00000001
core   0: 0x8000a848 (0x0000bfe5) c.j     pc - 8
core   0: 3 0x8000a848 (0xbfe5)
core   0: 0x8000a840 (0x00005f17) auipc   t5, 0x5
core   0: 3 0x8000a840 (0x00005f17) x30 0x8000f840
core   0: 0x8000a844 (0x7c3f2023) sw      gp, 1984(t5)
core   0: 3 0x8000a844 (0x7c3f2023) mem 0x80010000 0x00000001
core   0: 0x8000a848 (0x0000bfe5) c.j     pc - 8
core   0: 3 0x8000a848 (0xbfe5)
core   0: 0x8000a840 (0x00005f17) auipc   t5, 0x5
core   0: 3 0x8000a840 (0x00005f17) x30 0x8000f840
core   0: 0x8000a844 (0x7c3f2023) sw      gp, 1984(t5)
core   0: 3 0x8000a844 (0x7c3f2023) mem 0x80010000 0x00000001
core   0: 0x8000a848 (0x0000bfe5) c.j     pc - 8
core   0: 3 0x8000a848 (0xbfe5)
core   0: 0x8000a840 (0x00005f17) auipc   t5, 0x5
core   0: 3 0x8000a840 (0x00005f17) x30 0x8000f840
core   0: 0x8000a844 (0x7c3f2023) sw      gp, 1984(t5)
core   0: 3 0x8000a844 (0x7c3f2023) mem 0x80010000 0x00000001
core   0: 0x8000a848 (0x0000bfe5) c.j     pc - 8
core   0: 3 0x8000a848 (0xbfe5)
core   0: 0x8000a840 (0x00005f17) auipc   t5, 0x5
core   0: 3 0x8000a840 (0x00005f17) x30 0x8000f840
core   0: 0x8000a844 (0x7c3f2023) sw      gp, 1984(t5)
core   0: 3 0x8000a844 (0x7c3f2023) mem 0x80010000 0x00000001
core   0: 0x8000a848 (0x0000bfe5) c.j     pc - 8
core   0: 3 0x8000a848 (0xbfe5)
core   0: 0x8000a840 (0x00005f17) auipc   t5, 0x5
core   0: 3 0x8000a840 (0x00005f17) x30 0x8000f840
core   0: 0x8000a844 (0x7c3f2023) sw      gp, 1984(t5)
core   0: 3 0x8000a844 (0x7c3f2023) mem 0x80010000 0x00000001
core   0: 0x8000a848 (0x0000bfe5) c.j     pc - 8
core   0: 3 0x8000a848 (0xbfe5)
core   0: 0x8000a840 (0x00005f17) auipc   t5, 0x5
core   0: 3 0x8000a840 (0x00005f17) x30 0x8000f840
core   0: 0x8000a844 (0x7c3f2023) sw      gp, 1984(t5)
core   0: 3 0x8000a844 (0x7c3f2023) mem 0x80010000 0x00000001
core   0: 0x8000a848 (0x0000bfe5) c.j     pc - 8
core   0: 3 0x8000a848 (0xbfe5)
core   0: 0x8000a840 (0x00005f17) auipc   t5, 0x5
core   0: 3 0x8000a840 (0x00005f17) x30 0x8000f840
core   0: 0x8000a844 (0x7c3f2023) sw      gp, 1984(t5)
core   0: 3 0x8000a844 (0x7c3f2023) mem 0x80010000 0x00000001
core   0: 0x8000a848 (0x0000bfe5) c.j     pc - 8
core   0: 3 0x8000a848 (0xbfe5)
core   0: 0x8000a840 (0x00005f17) auipc   t5, 0x5
core   0: 3 0x8000a840 (0x00005f17) x30 0x8000f840
core   0: 0x8000a844 (0x7c3f2023) sw      gp, 1984(t5)
core   0: 3 0x8000a844 (0x7c3f2023) mem 0x80010000 0x00000001
core   0: 0x8000a848 (0x0000bfe5) c.j     pc - 8
core   0: 3 0x8000a848 (0xbfe5)
core   0: 0x8000a840 (0x00005f17) auipc   t5, 0x5
core   0: 3 0x8000a840 (0x00005f17) x30 0x8000f840
core   0: 0x8000a844 (0x7c3f2023) sw      gp, 1984(t5)
core   0: 3 0x8000a844 (0x7c3f2023) mem 0x80010000 0x00000001
core   0: 0x8000a848 (0x0000bfe5) c.j     pc - 8
core   0: 3 0x8000a848 (0xbfe5)
core   0: 0x8000a840 (0x00005f17) auipc   t5, 0x5
core   0: 3 0x8000a840 (0x00005f17) x30 0x8000f840
core   0: 0x8000a844 (0x7c3f2023) sw      gp, 1984(t5)
core   0: 3 0x8000a844 (0x7c3f2023) mem 0x80010000 0x00000001
core   0: 0x8000a848 (0x0000bfe5) c.j     pc - 8
core   0: 3 0x8000a848 (0xbfe5)
core   0: 0x8000a840 (0x00005f17) auipc   t5, 0x5
core   0: 3 0x8000a840 (0x00005f17) x30 0x8000f840
core   0: 0x8000a844 (0x7c3f2023) sw      gp, 1984(t5)
core   0: 3 0x8000a844 (0x7c3f2023) mem 0x80010000 0x00000001
core   0: 0x8000a848 (0x0000bfe5) c.j     pc - 8
core   0: 3 0x8000a848 (0xbfe5)
core   0: 0x8000a840 (0x00005f17) auipc   t5, 0x5
core   0: 3 0x8000a840 (0x00005f17) x30 0x8000f840
core   0: 0x8000a844 (0x7c3f2023) sw      gp, 1984(t5)
core   0: 3 0x8000a844 (0x7c3f2023) mem 0x80010000 0x00000001
core   0: 0x8000a848 (0x0000bfe5) c.j     pc - 8
core   0: 3 0x8000a848 (0xbfe5)
core   0: 0x8000a840 (0x00005f17) auipc   t5, 0x5
core   0: 3 0x8000a840 (0x00005f17) x30 0x8000f840
core   0: 0x8000a844 (0x7c3f2023) sw      gp, 1984(t5)
core   0: 3 0x8000a844 (0x7c3f2023) mem 0x80010000 0x00000001
core   0: 0x8000a848 (0x0000bfe5) c.j     pc - 8
core   0: 3 0x8000a848 (0xbfe5)
core   0: 0x8000a840 (0x00005f17) auipc   t5, 0x5
core   0: 3 0x8000a840 (0x00005f17) x30 0x8000f840
core   0: 0x8000a844 (0x7c3f2023) sw      gp, 1984(t5)
core   0: 3 0x8000a844 (0x7c3f2023) mem 0x80010000 0x00000001
core   0: 0x8000a848 (0x0000bfe5) c.j     pc - 8
core   0: 3 0x8000a848 (0xbfe5)
core   0: 0x8000a840 (0x00005f17) auipc   t5, 0x5
core   0: 3 0x8000a840 (0x00005f17) x30 0x8000f840
core   0: 0x8000a844 (0x7c3f2023) sw      gp, 1984(t5)
core   0: 3 0x8000a844 (0x7c3f2023) mem 0x80010000 0x00000001
core   0: 0x8000a848 (0x0000bfe5) c.j     pc - 8
core   0: 3 0x8000a848 (0xbfe5)
core   0: 0x8000a840 (0x00005f17) auipc   t5, 0x5
core   0: 3 0x8000a840 (0x00005f17) x30 0x8000f840
core   0: 0x8000a844 (0x7c3f2023) sw      gp, 1984(t5)
core   0: 3 0x8000a844 (0x7c3f2023) mem 0x80010000 0x00000001
core   0: 0x8000a848 (0x0000bfe5) c.j     pc - 8
core   0: 3 0x8000a848 (0xbfe5)
core   0: 0x8000a840 (0x00005f17) auipc   t5, 0x5
core   0: 3 0x8000a840 (0x00005f17) x30 0x8000f840
core   0: 0x8000a844 (0x7c3f2023) sw      gp, 1984(t5)
core   0: 3 0x8000a844 (0x7c3f2023) mem 0x80010000 0x00000001
core   0: 0x8000a848 (0x0000bfe5) c.j     pc - 8
core   0: 3 0x8000a848 (0xbfe5)
core   0: 0x8000a840 (0x00005f17) auipc   t5, 0x5
core   0: 3 0x8000a840 (0x00005f17) x30 0x8000f840
core   0: 0x8000a844 (0x7c3f2023) sw      gp, 1984(t5)
core   0: 3 0x8000a844 (0x7c3f2023) mem 0x80010000 0x00000001
core   0: 0x8000a848 (0x0000bfe5) c.j     pc - 8
core   0: 3 0x8000a848 (0xbfe5)
core   0: 0x8000a840 (0x00005f17) auipc   t5, 0x5
core   0: 3 0x8000a840 (0x00005f17) x30 0x8000f840
core   0: 0x8000a844 (0x7c3f2023) sw      gp, 1984(t5)
core   0: 3 0x8000a844 (0x7c3f2023) mem 0x80010000 0x00000001
core   0: 0x8000a848 (0x0000bfe5) c.j     pc - 8
core   0: 3 0x8000a848 (0xbfe5)
core   0: 0x8000a840 (0x00005f17) auipc   t5, 0x5
core   0: 3 0x8000a840 (0x00005f17) x30 0x8000f840
core   0: 0x8000a844 (0x7c3f2023) sw      gp, 1984(t5)
core   0: 3 0x8000a844 (0x7c3f2023) mem 0x80010000 0x00000001
core   0: 0x8000a848 (0x0000bfe5) c.j     pc - 8
core   0: 3 0x8000a848 (0xbfe5)
core   0: 0x8000a840 (0x00005f17) auipc   t5, 0x5
core   0: 3 0x8000a840 (0x00005f17) x30 0x8000f840
core   0: 0x8000a844 (0x7c3f2023) sw      gp, 1984(t5)
core   0: 3 0x8000a844 (0x7c3f2023) mem 0x80010000 0x00000001
core   0: 0x8000a848 (0x0000bfe5) c.j     pc - 8
core   0: 3 0x8000a848 (0xbfe5)
core   0: 0x8000a840 (0x00005f17) auipc   t5, 0x5
core   0: 3 0x8000a840 (0x00005f17) x30 0x8000f840
core   0: 0x8000a844 (0x7c3f2023) sw      gp, 1984(t5)
core   0: 3 0x8000a844 (0x7c3f2023) mem 0x80010000 0x00000001
core   0: 0x8000a848 (0x0000bfe5) c.j     pc - 8
core   0: 3 0x8000a848 (0xbfe5)
core   0: 0x8000a840 (0x00005f17) auipc   t5, 0x5
core   0: 3 0x8000a840 (0x00005f17) x30 0x8000f840
core   0: 0x8000a844 (0x7c3f2023) sw      gp, 1984(t5)
core   0: 3 0x8000a844 (0x7c3f2023) mem 0x80010000 0x00000001
core   0: 0x8000a848 (0x0000bfe5) c.j     pc - 8
core   0: 3 0x8000a848 (0xbfe5)
core   0: 0x8000a840 (0x00005f17) auipc   t5, 0x5
core   0: 3 0x8000a840 (0x00005f17) x30 0x8000f840
core   0: 0x8000a844 (0x7c3f2023) sw      gp, 1984(t5)
core   0: 3 0x8000a844 (0x7c3f2023) mem 0x80010000 0x00000001
core   0: 0x8000a848 (0x0000bfe5) c.j     pc - 8
core   0: 3 0x8000a848 (0xbfe5)
core   0: 0x8000a840 (0x00005f17) auipc   t5, 0x5
core   0: 3 0x8000a840 (0x00005f17) x30 0x8000f840
core   0: 0x8000a844 (0x7c3f2023) sw      gp, 1984(t5)
core   0: 3 0x8000a844 (0x7c3f2023) mem 0x80010000 0x00000001
core   0: 0x8000a848 (0x0000bfe5) c.j     pc - 8
core   0: 3 0x8000a848 (0xbfe5)
core   0: 0x8000a840 (0x00005f17) auipc   t5, 0x5
core   0: 3 0x8000a840 (0x00005f17) x30 0x8000f840
core   0: 0x8000a844 (0x7c3f2023) sw      gp, 1984(t5)
core   0: 3 0x8000a844 (0x7c3f2023) mem 0x80010000 0x00000001
core   0: 0x8000a848 (0x0000bfe5) c.j     pc - 8
core   0: 3 0x8000a848 (0xbfe5)
core   0: 0x8000a840 (0x00005f17) auipc   t5, 0x5
core   0: 3 0x8000a840 (0x00005f17) x30 0x8000f840
core   0: 0x8000a844 (0x7c3f2023) sw      gp, 1984(t5)
core   0: 3 0x8000a844 (0x7c3f2023) mem 0x80010000 0x00000001
core   0: 0x8000a848 (0x0000bfe5) c.j     pc - 8
core   0: 3 0x8000a848 (0xbfe5)
core   0: 0x8000a840 (0x00005f17) auipc   t5, 0x5
core   0: 3 0x8000a840 (0x00005f17) x30 0x8000f840
core   0: 0x8000a844 (0x7c3f2023) sw      gp, 1984(t5)
core   0: 3 0x8000a844 (0x7c3f2023) mem 0x80010000 0x00000001
core   0: 0x8000a848 (0x0000bfe5) c.j     pc - 8
core   0: 3 0x8000a848 (0xbfe5)
core   0: 0x8000a840 (0x00005f17) auipc   t5, 0x5
core   0: 3 0x8000a840 (0x00005f17) x30 0x8000f840
core   0: 0x8000a844 (0x7c3f2023) sw      gp, 1984(t5)
core   0: 3 0x8000a844 (0x7c3f2023) mem 0x80010000 0x00000001
core   0: 0x8000a848 (0x0000bfe5) c.j     pc - 8
core   0: 3 0x8000a848 (0xbfe5)
core   0: 0x8000a840 (0x00005f17) auipc   t5, 0x5
core   0: 3 0x8000a840 (0x00005f17) x30 0x8000f840
core   0: 0x8000a844 (0x7c3f2023) sw      gp, 1984(t5)
core   0: 3 0x8000a844 (0x7c3f2023) mem 0x80010000 0x00000001
core   0: 0x8000a848 (0x0000bfe5) c.j     pc - 8
core   0: 3 0x8000a848 (0xbfe5)
core   0: 0x8000a840 (0x00005f17) auipc   t5, 0x5
core   0: 3 0x8000a840 (0x00005f17) x30 0x8000f840
core   0: 0x8000a844 (0x7c3f2023) sw      gp, 1984(t5)
core   0: 3 0x8000a844 (0x7c3f2023) mem 0x80010000 0x00000001
core   0: 0x8000a848 (0x0000bfe5) c.j     pc - 8
core   0: 3 0x8000a848 (0xbfe5)
core   0: 0x8000a840 (0x00005f17) auipc   t5, 0x5
core   0: 3 0x8000a840 (0x00005f17) x30 0x8000f840
core   0: 0x8000a844 (0x7c3f2023) sw      gp, 1984(t5)
core   0: 3 0x8000a844 (0x7c3f2023) mem 0x80010000 0x00000001
core   0: 0x8000a848 (0x0000bfe5) c.j     pc - 8
core   0: 3 0x8000a848 (0xbfe5)
core   0: 0x8000a840 (0x00005f17) auipc   t5, 0x5
core   0: 3 0x8000a840 (0x00005f17) x30 0x8000f840
core   0: 0x8000a844 (0x7c3f2023) sw      gp, 1984(t5)
core   0: 3 0x8000a844 (0x7c3f2023) mem 0x80010000 0x00000001
core   0: 0x8000a848 (0x0000bfe5) c.j     pc - 8
core   0: 3 0x8000a848 (0xbfe5)
core   0: 0x8000a840 (0x00005f17) auipc   t5, 0x5
core   0: 3 0x8000a840 (0x00005f17) x30 0x8000f840
core   0: 0x8000a844 (0x7c3f2023) sw      gp, 1984(t5)
core   0: 3 0x8000a844 (0x7c3f2023) mem 0x80010000 0x00000001
core   0: 0x8000a848 (0x0000bfe5) c.j     pc - 8
core   0: 3 0x8000a848 (0xbfe5)
core   0: 0x8000a840 (0x00005f17) auipc   t5, 0x5
core   0: 3 0x8000a840 (0x00005f17) x30 0x8000f840
core   0: 0x8000a844 (0x7c3f2023) sw      gp, 1984(t5)
core   0: 3 0x8000a844 (0x7c3f2023) mem 0x80010000 0x00000001
core   0: 0x8000a848 (0x0000bfe5) c.j     pc - 8
core   0: 3 0x8000a848 (0xbfe5)
core   0: 0x8000a840 (0x00005f17) auipc   t5, 0x5
core   0: 3 0x8000a840 (0x00005f17) x30 0x8000f840
core   0: 0x8000a844 (0x7c3f2023) sw      gp, 1984(t5)
core   0: 3 0x8000a844 (0x7c3f2023) mem 0x80010000 0x00000001
core   0: 0x8000a848 (0x0000bfe5) c.j     pc - 8
core   0: 3 0x8000a848 (0xbfe5)
core   0: 0x8000a840 (0x00005f17) auipc   t5, 0x5
core   0: 3 0x8000a840 (0x00005f17) x30 0x8000f840
core   0: 0x8000a844 (0x7c3f2023) sw      gp, 1984(t5)
core   0: 3 0x8000a844 (0x7c3f2023) mem 0x80010000 0x00000001
core   0: 0x8000a848 (0x0000bfe5) c.j     pc - 8
core   0: 3 0x8000a848 (0xbfe5)
core   0: 0x8000a840 (0x00005f17) auipc   t5, 0x5
core   0: 3 0x8000a840 (0x00005f17) x30 0x8000f840
core   0: 0x8000a844 (0x7c3f2023) sw      gp, 1984(t5)
core   0: 3 0x8000a844 (0x7c3f2023) mem 0x80010000 0x00000001
core   0: 0x8000a848 (0x0000bfe5) c.j     pc - 8
core   0: 3 0x8000a848 (0xbfe5)
core   0: 0x8000a840 (0x00005f17) auipc   t5, 0x5
core   0: 3 0x8000a840 (0x00005f17) x30 0x8000f840
core   0: 0x8000a844 (0x7c3f2023) sw      gp, 1984(t5)
core   0: 3 0x8000a844 (0x7c3f2023) mem 0x80010000 0x00000001
core   0: 0x8000a848 (0x0000bfe5) c.j     pc - 8
core   0: 3 0x8000a848 (0xbfe5)
core   0: 0x8000a840 (0x00005f17) auipc   t5, 0x5
core   0: 3 0x8000a840 (0x00005f17) x30 0x8000f840
core   0: 0x8000a844 (0x7c3f2023) sw      gp, 1984(t5)
core   0: 3 0x8000a844 (0x7c3f2023) mem 0x80010000 0x00000001
core   0: 0x8000a848 (0x0000bfe5) c.j     pc - 8
core   0: 3 0x8000a848 (0xbfe5)
core   0: 0x8000a840 (0x00005f17) auipc   t5, 0x5
core   0: 3 0x8000a840 (0x00005f17) x30 0x8000f840
core   0: 0x8000a844 (0x7c3f2023) sw      gp, 1984(t5)
core   0: 3 0x8000a844 (0x7c3f2023) mem 0x80010000 0x00000001
core   0: 0x8000a848 (0x0000bfe5) c.j     pc - 8
core   0: 3 0x8000a848 (0xbfe5)
core   0: 0x8000a840 (0x00005f17) auipc   t5, 0x5
core   0: 3 0x8000a840 (0x00005f17) x30 0x8000f840
core   0: 0x8000a844 (0x7c3f2023) sw      gp, 1984(t5)
core   0: 3 0x8000a844 (0x7c3f2023) mem 0x80010000 0x00000001
core   0: 0x8000a848 (0x0000bfe5) c.j     pc - 8
core   0: 3 0x8000a848 (0xbfe5)
core   0: 0x8000a840 (0x00005f17) auipc   t5, 0x5
core   0: 3 0x8000a840 (0x00005f17) x30 0x8000f840
core   0: 0x8000a844 (0x7c3f2023) sw      gp, 1984(t5)
core   0: 3 0x8000a844 (0x7c3f2023) mem 0x80010000 0x00000001
core   0: 0x8000a848 (0x0000bfe5) c.j     pc - 8
core   0: 3 0x8000a848 (0xbfe5)
core   0: 0x8000a840 (0x00005f17) auipc   t5, 0x5
core   0: 3 0x8000a840 (0x00005f17) x30 0x8000f840
core   0: 0x8000a844 (0x7c3f2023) sw      gp, 1984(t5)
core   0: 3 0x8000a844 (0x7c3f2023) mem 0x80010000 0x00000001
core   0: 0x8000a848 (0x0000bfe5) c.j     pc - 8
core   0: 3 0x8000a848 (0xbfe5)
core   0: 0x8000a840 (0x00005f17) auipc   t5, 0x5
core   0: 3 0x8000a840 (0x00005f17) x30 0x8000f840
core   0: 0x8000a844 (0x7c3f2023) sw      gp, 1984(t5)
core   0: 3 0x8000a844 (0x7c3f2023) mem 0x80010000 0x00000001
core   0: 0x8000a848 (0x0000bfe5) c.j     pc - 8
core   0: 3 0x8000a848 (0xbfe5)
core   0: 0x8000a840 (0x00005f17) auipc   t5, 0x5
core   0: 3 0x8000a840 (0x00005f17) x30 0x8000f840
core   0: 0x8000a844 (0x7c3f2023) sw      gp, 1984(t5)
core   0: 3 0x8000a844 (0x7c3f2023) mem 0x80010000 0x00000001
core   0: 0x8000a848 (0x0000bfe5) c.j     pc - 8
core   0: 3 0x8000a848 (0xbfe5)
core   0: 0x8000a840 (0x00005f17) auipc   t5, 0x5
core   0: 3 0x8000a840 (0x00005f17) x30 0x8000f840
core   0: 0x8000a844 (0x7c3f2023) sw      gp, 1984(t5)
core   0: 3 0x8000a844 (0x7c3f2023) mem 0x80010000 0x00000001
core   0: 0x8000a848 (0x0000bfe5) c.j     pc - 8
core   0: 3 0x8000a848 (0xbfe5)
core   0: 0x8000a840 (0x00005f17) auipc   t5, 0x5
core   0: 3 0x8000a840 (0x00005f17) x30 0x8000f840
core   0: 0x8000a844 (0x7c3f2023) sw      gp, 1984(t5)
core   0: 3 0x8000a844 (0x7c3f2023) mem 0x80010000 0x00000001
core   0: 0x8000a848 (0x0000bfe5) c.j     pc - 8
core   0: 3 0x8000a848 (0xbfe5)
core   0: 0x8000a840 (0x00005f17) auipc   t5, 0x5
core   0: 3 0x8000a840 (0x00005f17) x30 0x8000f840
core   0: 0x8000a844 (0x7c3f2023) sw      gp, 1984(t5)
core   0: 3 0x8000a844 (0x7c3f2023) mem 0x80010000 0x00000001
core   0: 0x8000a848 (0x0000bfe5) c.j     pc - 8
core   0: 3 0x8000a848 (0xbfe5)
core   0: 0x8000a840 (0x00005f17) auipc   t5, 0x5
core   0: 3 0x8000a840 (0x00005f17) x30 0x8000f840
core   0: 0x8000a844 (0x7c3f2023) sw      gp, 1984(t5)
core   0: 3 0x8000a844 (0x7c3f2023) mem 0x80010000 0x00000001
core   0: 0x8000a848 (0x0000bfe5) c.j     pc - 8
core   0: 3 0x8000a848 (0xbfe5)
core   0: 0x8000a840 (0x00005f17) auipc   t5, 0x5
core   0: 3 0x8000a840 (0x00005f17) x30 0x8000f840
core   0: 0x8000a844 (0x7c3f2023) sw      gp, 1984(t5)
core   0: 3 0x8000a844 (0x7c3f2023) mem 0x80010000 0x00000001
core   0: 0x8000a848 (0x0000bfe5) c.j     pc - 8
core   0: 3 0x8000a848 (0xbfe5)
core   0: 0x8000a840 (0x00005f17) auipc   t5, 0x5
core   0: 3 0x8000a840 (0x00005f17) x30 0x8000f840
core   0: 0x8000a844 (0x7c3f2023) sw      gp, 1984(t5)
core   0: 3 0x8000a844 (0x7c3f2023) mem 0x80010000 0x00000001
core   0: 0x8000a848 (0x0000bfe5) c.j     pc - 8
core   0: 3 0x8000a848 (0xbfe5)
core   0: 0x8000a840 (0x00005f17) auipc   t5, 0x5
core   0: 3 0x8000a840 (0x00005f17) x30 0x8000f840
core   0: 0x8000a844 (0x7c3f2023) sw      gp, 1984(t5)
core   0: 3 0x8000a844 (0x7c3f2023) mem 0x80010000 0x00000001
core   0: 0x8000a848 (0x0000bfe5) c.j     pc - 8
core   0: 3 0x8000a848 (0xbfe5)
core   0: 0x8000a840 (0x00005f17) auipc   t5, 0x5
core   0: 3 0x8000a840 (0x00005f17) x30 0x8000f840
core   0: 0x8000a844 (0x7c3f2023) sw      gp, 1984(t5)
core   0: 3 0x8000a844 (0x7c3f2023) mem 0x80010000 0x00000001
core   0: 0x8000a848 (0x0000bfe5) c.j     pc - 8
core   0: 3 0x8000a848 (0xbfe5)
core   0: 0x8000a840 (0x00005f17) auipc   t5, 0x5
core   0: 3 0x8000a840 (0x00005f17) x30 0x8000f840
core   0: 0x8000a844 (0x7c3f2023) sw      gp, 1984(t5)
core   0: 3 0x8000a844 (0x7c3f2023) mem 0x80010000 0x00000001
core   0: 0x8000a848 (0x0000bfe5) c.j     pc - 8
core   0: 3 0x8000a848 (0xbfe5)
core   0: 0x8000a840 (0x00005f17) auipc   t5, 0x5
core   0: 3 0x8000a840 (0x00005f17) x30 0x8000f840
core   0: 0x8000a844 (0x7c3f2023) sw      gp, 1984(t5)
core   0: 3 0x8000a844 (0x7c3f2023) mem 0x80010000 0x00000001
core   0: 0x8000a848 (0x0000bfe5) c.j     pc - 8
core   0: 3 0x8000a848 (0xbfe5)
core   0: 0x8000a840 (0x00005f17) auipc   t5, 0x5
core   0: 3 0x8000a840 (0x00005f17) x30 0x8000f840
core   0: 0x8000a844 (0x7c3f2023) sw      gp, 1984(t5)
core   0: 3 0x8000a844 (0x7c3f2023) mem 0x80010000 0x00000001
core   0: 0x8000a848 (0x0000bfe5) c.j     pc - 8
core   0: 3 0x8000a848 (0xbfe5)
core   0: 0x8000a840 (0x00005f17) auipc   t5, 0x5
core   0: 3 0x8000a840 (0x00005f17) x30 0x8000f840
core   0: 0x8000a844 (0x7c3f2023) sw      gp, 1984(t5)
core   0: 3 0x8000a844 (0x7c3f2023) mem 0x80010000 0x00000001
core   0: 0x8000a848 (0x0000bfe5) c.j     pc - 8
core   0: 3 0x8000a848 (0xbfe5)
core   0: 0x8000a840 (0x00005f17) auipc   t5, 0x5
core   0: 3 0x8000a840 (0x00005f17) x30 0x8000f840
core   0: 0x8000a844 (0x7c3f2023) sw      gp, 1984(t5)
core   0: 3 0x8000a844 (0x7c3f2023) mem 0x80010000 0x00000001
core   0: 0x8000a848 (0x0000bfe5) c.j     pc - 8
core   0: 3 0x8000a848 (0xbfe5)
core   0: 0x8000a840 (0x00005f17) auipc   t5, 0x5
core   0: 3 0x8000a840 (0x00005f17) x30 0x8000f840
core   0: 0x8000a844 (0x7c3f2023) sw      gp, 1984(t5)
core   0: 3 0x8000a844 (0x7c3f2023) mem 0x80010000 0x00000001
core   0: 0x8000a848 (0x0000bfe5) c.j     pc - 8
core   0: 3 0x8000a848 (0xbfe5)
core   0: 0x8000a840 (0x00005f17) auipc   t5, 0x5
core   0: 3 0x8000a840 (0x00005f17) x30 0x8000f840
core   0: 0x8000a844 (0x7c3f2023) sw      gp, 1984(t5)
core   0: 3 0x8000a844 (0x7c3f2023) mem 0x80010000 0x00000001
core   0: 0x8000a848 (0x0000bfe5) c.j     pc - 8
core   0: 3 0x8000a848 (0xbfe5)
core   0: 0x8000a840 (0x00005f17) auipc   t5, 0x5
core   0: 3 0x8000a840 (0x00005f17) x30 0x8000f840
core   0: 0x8000a844 (0x7c3f2023) sw      gp, 1984(t5)
core   0: 3 0x8000a844 (0x7c3f2023) mem 0x80010000 0x00000001
core   0: 0x8000a848 (0x0000bfe5) c.j     pc - 8
core   0: 3 0x8000a848 (0xbfe5)
core   0: 0x8000a840 (0x00005f17) auipc   t5, 0x5
core   0: 3 0x8000a840 (0x00005f17) x30 0x8000f840
core   0: 0x8000a844 (0x7c3f2023) sw      gp, 1984(t5)
core   0: 3 0x8000a844 (0x7c3f2023) mem 0x80010000 0x00000001
core   0: 0x8000a848 (0x0000bfe5) c.j     pc - 8
core   0: 3 0x8000a848 (0xbfe5)
core   0: 0x8000a840 (0x00005f17) auipc   t5, 0x5
core   0: 3 0x8000a840 (0x00005f17) x30 0x8000f840
core   0: 0x8000a844 (0x7c3f2023) sw      gp, 1984(t5)
core   0: 3 0x8000a844 (0x7c3f2023) mem 0x80010000 0x00000001
core   0: 0x8000a848 (0x0000bfe5) c.j     pc - 8
core   0: 3 0x8000a848 (0xbfe5)
core   0: 0x8000a840 (0x00005f17) auipc   t5, 0x5
core   0: 3 0x8000a840 (0x00005f17) x30 0x8000f840
core   0: 0x8000a844 (0x7c3f2023) sw      gp, 1984(t5)
core   0: 3 0x8000a844 (0x7c3f2023) mem 0x80010000 0x00000001
core   0: 0x8000a848 (0x0000bfe5) c.j     pc - 8
core   0: 3 0x8000a848 (0xbfe5)
core   0: 0x8000a840 (0x00005f17) auipc   t5, 0x5
core   0: 3 0x8000a840 (0x00005f17) x30 0x8000f840
core   0: 0x8000a844 (0x7c3f2023) sw      gp, 1984(t5)
core   0: 3 0x8000a844 (0x7c3f2023) mem 0x80010000 0x00000001
core   0: 0x8000a848 (0x0000bfe5) c.j     pc - 8
core   0: 3 0x8000a848 (0xbfe5)
core   0: 0x8000a840 (0x00005f17) auipc   t5, 0x5
core   0: 3 0x8000a840 (0x00005f17) x30 0x8000f840
core   0: 0x8000a844 (0x7c3f2023) sw      gp, 1984(t5)
core   0: 3 0x8000a844 (0x7c3f2023) mem 0x80010000 0x00000001
core   0: 0x8000a848 (0x0000bfe5) c.j     pc - 8
core   0: 3 0x8000a848 (0xbfe5)
core   0: 0x8000a840 (0x00005f17) auipc   t5, 0x5
core   0: 3 0x8000a840 (0x00005f17) x30 0x8000f840
core   0: 0x8000a844 (0x7c3f2023) sw      gp, 1984(t5)
core   0: 3 0x8000a844 (0x7c3f2023) mem 0x80010000 0x00000001
core   0: 0x8000a848 (0x0000bfe5) c.j     pc - 8
core   0: 3 0x8000a848 (0xbfe5)
core   0: 0x8000a840 (0x00005f17) auipc   t5, 0x5
core   0: 3 0x8000a840 (0x00005f17) x30 0x8000f840
core   0: 0x8000a844 (0x7c3f2023) sw      gp, 1984(t5)
core   0: 3 0x8000a844 (0x7c3f2023) mem 0x80010000 0x00000001
core   0: 0x8000a848 (0x0000bfe5) c.j     pc - 8
core   0: 3 0x8000a848 (0xbfe5)
core   0: 0x8000a840 (0x00005f17) auipc   t5, 0x5
core   0: 3 0x8000a840 (0x00005f17) x30 0x8000f840
core   0: 0x8000a844 (0x7c3f2023) sw      gp, 1984(t5)
core   0: 3 0x8000a844 (0x7c3f2023) mem 0x80010000 0x00000001
core   0: 0x8000a848 (0x0000bfe5) c.j     pc - 8
core   0: 3 0x8000a848 (0xbfe5)
core   0: 0x8000a840 (0x00005f17) auipc   t5, 0x5
core   0: 3 0x8000a840 (0x00005f17) x30 0x8000f840
core   0: 0x8000a844 (0x7c3f2023) sw      gp, 1984(t5)
core   0: 3 0x8000a844 (0x7c3f2023) mem 0x80010000 0x00000001
core   0: 0x8000a848 (0x0000bfe5) c.j     pc - 8
core   0: 3 0x8000a848 (0xbfe5)
core   0: 0x8000a840 (0x00005f17) auipc   t5, 0x5
core   0: 3 0x8000a840 (0x00005f17) x30 0x8000f840
core   0: 0x8000a844 (0x7c3f2023) sw      gp, 1984(t5)
core   0: 3 0x8000a844 (0x7c3f2023) mem 0x80010000 0x00000001
core   0: 0x8000a848 (0x0000bfe5) c.j     pc - 8
core   0: 3 0x8000a848 (0xbfe5)
core   0: 0x8000a840 (0x00005f17) auipc   t5, 0x5
core   0: 3 0x8000a840 (0x00005f17) x30 0x8000f840
core   0: 0x8000a844 (0x7c3f2023) sw      gp, 1984(t5)
core   0: 3 0x8000a844 (0x7c3f2023) mem 0x80010000 0x00000001
core   0: 0x8000a848 (0x0000bfe5) c.j     pc - 8
core   0: 3 0x8000a848 (0xbfe5)
core   0: 0x8000a840 (0x00005f17) auipc   t5, 0x5
core   0: 3 0x8000a840 (0x00005f17) x30 0x8000f840
core   0: 0x8000a844 (0x7c3f2023) sw      gp, 1984(t5)
core   0: 3 0x8000a844 (0x7c3f2023) mem 0x80010000 0x00000001
core   0: 0x8000a848 (0x0000bfe5) c.j     pc - 8
core   0: 3 0x8000a848 (0xbfe5)
core   0: 0x8000a840 (0x00005f17) auipc   t5, 0x5
core   0: 3 0x8000a840 (0x00005f17) x30 0x8000f840
core   0: 0x8000a844 (0x7c3f2023) sw      gp, 1984(t5)
core   0: 3 0x8000a844 (0x7c3f2023) mem 0x80010000 0x00000001
core   0: 0x8000a848 (0x0000bfe5) c.j     pc - 8
core   0: 3 0x8000a848 (0xbfe5)
core   0: 0x8000a840 (0x00005f17) auipc   t5, 0x5
core   0: 3 0x8000a840 (0x00005f17) x30 0x8000f840
core   0: 0x8000a844 (0x7c3f2023) sw      gp, 1984(t5)
core   0: 3 0x8000a844 (0x7c3f2023) mem 0x80010000 0x00000001
core   0: 0x8000a848 (0x0000bfe5) c.j     pc - 8
core   0: 3 0x8000a848 (0xbfe5)
core   0: 0x8000a840 (0x00005f17) auipc   t5, 0x5
core   0: 3 0x8000a840 (0x00005f17) x30 0x8000f840
core   0: 0x8000a844 (0x7c3f2023) sw      gp, 1984(t5)
core   0: 3 0x8000a844 (0x7c3f2023) mem 0x80010000 0x00000001
core   0: 0x8000a848 (0x0000bfe5) c.j     pc - 8
core   0: 3 0x8000a848 (0xbfe5)
core   0: 0x8000a840 (0x00005f17) auipc   t5, 0x5
core   0: 3 0x8000a840 (0x00005f17) x30 0x8000f840
core   0: 0x8000a844 (0x7c3f2023) sw      gp, 1984(t5)
core   0: 3 0x8000a844 (0x7c3f2023) mem 0x80010000 0x00000001
core   0: 0x8000a848 (0x0000bfe5) c.j     pc - 8
core   0: 3 0x8000a848 (0xbfe5)
core   0: 0x8000a840 (0x00005f17) auipc   t5, 0x5
core   0: 3 0x8000a840 (0x00005f17) x30 0x8000f840
core   0: 0x8000a844 (0x7c3f2023) sw      gp, 1984(t5)
core   0: 3 0x8000a844 (0x7c3f2023) mem 0x80010000 0x00000001
core   0: 0x8000a848 (0x0000bfe5) c.j     pc - 8
core   0: 3 0x8000a848 (0xbfe5)
core   0: 0x8000a840 (0x00005f17) auipc   t5, 0x5
core   0: 3 0x8000a840 (0x00005f17) x30 0x8000f840
core   0: 0x8000a844 (0x7c3f2023) sw      gp, 1984(t5)
core   0: 3 0x8000a844 (0x7c3f2023) mem 0x80010000 0x00000001
core   0: 0x8000a848 (0x0000bfe5) c.j     pc - 8
core   0: 3 0x8000a848 (0xbfe5)
core   0: 0x8000a840 (0x00005f17) auipc   t5, 0x5
core   0: 3 0x8000a840 (0x00005f17) x30 0x8000f840
core   0: 0x8000a844 (0x7c3f2023) sw      gp, 1984(t5)
core   0: 3 0x8000a844 (0x7c3f2023) mem 0x80010000 0x00000001
core   0: 0x8000a848 (0x0000bfe5) c.j     pc - 8
core   0: 3 0x8000a848 (0xbfe5)
core   0: 0x8000a840 (0x00005f17) auipc   t5, 0x5
core   0: 3 0x8000a840 (0x00005f17) x30 0x8000f840
core   0: 0x8000a844 (0x7c3f2023) sw      gp, 1984(t5)
core   0: 3 0x8000a844 (0x7c3f2023) mem 0x80010000 0x00000001
core   0: 0x8000a848 (0x0000bfe5) c.j     pc - 8
core   0: 3 0x8000a848 (0xbfe5)
core   0: 0x8000a840 (0x00005f17) auipc   t5, 0x5
core   0: 3 0x8000a840 (0x00005f17) x30 0x8000f840
core   0: 0x8000a844 (0x7c3f2023) sw      gp, 1984(t5)
core   0: 3 0x8000a844 (0x7c3f2023) mem 0x80010000 0x00000001
core   0: 0x8000a848 (0x0000bfe5) c.j     pc - 8
core   0: 3 0x8000a848 (0xbfe5)
core   0: 0x8000a840 (0x00005f17) auipc   t5, 0x5
core   0: 3 0x8000a840 (0x00005f17) x30 0x8000f840
core   0: 0x8000a844 (0x7c3f2023) sw      gp, 1984(t5)
core   0: 3 0x8000a844 (0x7c3f2023) mem 0x80010000 0x00000001
core   0: 0x8000a848 (0x0000bfe5) c.j     pc - 8
core   0: 3 0x8000a848 (0xbfe5)
core   0: 0x8000a840 (0x00005f17) auipc   t5, 0x5
core   0: 3 0x8000a840 (0x00005f17) x30 0x8000f840
core   0: 0x8000a844 (0x7c3f2023) sw      gp, 1984(t5)
core   0: 3 0x8000a844 (0x7c3f2023) mem 0x80010000 0x00000001
core   0: 0x8000a848 (0x0000bfe5) c.j     pc - 8
core   0: 3 0x8000a848 (0xbfe5)
core   0: 0x8000a840 (0x00005f17) auipc   t5, 0x5
core   0: 3 0x8000a840 (0x00005f17) x30 0x8000f840
core   0: 0x8000a844 (0x7c3f2023) sw      gp, 1984(t5)
core   0: 3 0x8000a844 (0x7c3f2023) mem 0x80010000 0x00000001
core   0: 0x8000a848 (0x0000bfe5) c.j     pc - 8
core   0: 3 0x8000a848 (0xbfe5)
core   0: 0x8000a840 (0x00005f17) auipc   t5, 0x5
core   0: 3 0x8000a840 (0x00005f17) x30 0x8000f840
core   0: 0x8000a844 (0x7c3f2023) sw      gp, 1984(t5)
core   0: 3 0x8000a844 (0x7c3f2023) mem 0x80010000 0x00000001
core   0: 0x8000a848 (0x0000bfe5) c.j     pc - 8
core   0: 3 0x8000a848 (0xbfe5)
core   0: 0x8000a840 (0x00005f17) auipc   t5, 0x5
core   0: 3 0x8000a840 (0x00005f17) x30 0x8000f840
core   0: 0x8000a844 (0x7c3f2023) sw      gp, 1984(t5)
core   0: 3 0x8000a844 (0x7c3f2023) mem 0x80010000 0x00000001
core   0: 0x8000a848 (0x0000bfe5) c.j     pc - 8
core   0: 3 0x8000a848 (0xbfe5)
core   0: 0x8000a840 (0x00005f17) auipc   t5, 0x5
core   0: 3 0x8000a840 (0x00005f17) x30 0x8000f840
core   0: 0x8000a844 (0x7c3f2023) sw      gp, 1984(t5)
core   0: 3 0x8000a844 (0x7c3f2023) mem 0x80010000 0x00000001
core   0: 0x8000a848 (0x0000bfe5) c.j     pc - 8
core   0: 3 0x8000a848 (0xbfe5)
core   0: 0x8000a840 (0x00005f17) auipc   t5, 0x5
core   0: 3 0x8000a840 (0x00005f17) x30 0x8000f840
core   0: 0x8000a844 (0x7c3f2023) sw      gp, 1984(t5)
core   0: 3 0x8000a844 (0x7c3f2023) mem 0x80010000 0x00000001
core   0: 0x8000a848 (0x0000bfe5) c.j     pc - 8
core   0: 3 0x8000a848 (0xbfe5)
core   0: 0x8000a840 (0x00005f17) auipc   t5, 0x5
core   0: 3 0x8000a840 (0x00005f17) x30 0x8000f840
core   0: 0x8000a844 (0x7c3f2023) sw      gp, 1984(t5)
core   0: 3 0x8000a844 (0x7c3f2023) mem 0x80010000 0x00000001
core   0: 0x8000a848 (0x0000bfe5) c.j     pc - 8
core   0: 3 0x8000a848 (0xbfe5)
core   0: 0x8000a840 (0x00005f17) auipc   t5, 0x5
core   0: 3 0x8000a840 (0x00005f17) x30 0x8000f840
core   0: 0x8000a844 (0x7c3f2023) sw      gp, 1984(t5)
core   0: 3 0x8000a844 (0x7c3f2023) mem 0x80010000 0x00000001
core   0: 0x8000a848 (0x0000bfe5) c.j     pc - 8
core   0: 3 0x8000a848 (0xbfe5)
core   0: 0x8000a840 (0x00005f17) auipc   t5, 0x5
core   0: 3 0x8000a840 (0x00005f17) x30 0x8000f840
core   0: 0x8000a844 (0x7c3f2023) sw      gp, 1984(t5)
core   0: 3 0x8000a844 (0x7c3f2023) mem 0x80010000 0x00000001
core   0: 0x8000a848 (0x0000bfe5) c.j     pc - 8
core   0: 3 0x8000a848 (0xbfe5)
core   0: 0x8000a840 (0x00005f17) auipc   t5, 0x5
core   0: 3 0x8000a840 (0x00005f17) x30 0x8000f840
core   0: 0x8000a844 (0x7c3f2023) sw      gp, 1984(t5)
core   0: 3 0x8000a844 (0x7c3f2023) mem 0x80010000 0x00000001
core   0: 0x8000a848 (0x0000bfe5) c.j     pc - 8
core   0: 3 0x8000a848 (0xbfe5)
core   0: 0x8000a840 (0x00005f17) auipc   t5, 0x5
core   0: 3 0x8000a840 (0x00005f17) x30 0x8000f840
core   0: 0x8000a844 (0x7c3f2023) sw      gp, 1984(t5)
core   0: 3 0x8000a844 (0x7c3f2023) mem 0x80010000 0x00000001
core   0: 0x8000a848 (0x0000bfe5) c.j     pc - 8
core   0: 3 0x8000a848 (0xbfe5)
core   0: 0x8000a840 (0x00005f17) auipc   t5, 0x5
core   0: 3 0x8000a840 (0x00005f17) x30 0x8000f840
core   0: 0x8000a844 (0x7c3f2023) sw      gp, 1984(t5)
core   0: 3 0x8000a844 (0x7c3f2023) mem 0x80010000 0x00000001
core   0: 0x8000a848 (0x0000bfe5) c.j     pc - 8
core   0: 3 0x8000a848 (0xbfe5)
core   0: 0x8000a840 (0x00005f17) auipc   t5, 0x5
core   0: 3 0x8000a840 (0x00005f17) x30 0x8000f840
core   0: 0x8000a844 (0x7c3f2023) sw      gp, 1984(t5)
core   0: 3 0x8000a844 (0x7c3f2023) mem 0x80010000 0x00000001
core   0: 0x8000a848 (0x0000bfe5) c.j     pc - 8
core   0: 3 0x8000a848 (0xbfe5)
core   0: 0x8000a840 (0x00005f17) auipc   t5, 0x5
core   0: 3 0x8000a840 (0x00005f17) x30 0x8000f840
core   0: 0x8000a844 (0x7c3f2023) sw      gp, 1984(t5)
core   0: 3 0x8000a844 (0x7c3f2023) mem 0x80010000 0x00000001
core   0: 0x8000a848 (0x0000bfe5) c.j     pc - 8
core   0: 3 0x8000a848 (0xbfe5)
core   0: 0x8000a840 (0x00005f17) auipc   t5, 0x5
core   0: 3 0x8000a840 (0x00005f17) x30 0x8000f840
core   0: 0x8000a844 (0x7c3f2023) sw      gp, 1984(t5)
core   0: 3 0x8000a844 (0x7c3f2023) mem 0x80010000 0x00000001
core   0: 0x8000a848 (0x0000bfe5) c.j     pc - 8
core   0: 3 0x8000a848 (0xbfe5)
core   0: 0x8000a840 (0x00005f17) auipc   t5, 0x5
core   0: 3 0x8000a840 (0x00005f17) x30 0x8000f840
core   0: 0x8000a844 (0x7c3f2023) sw      gp, 1984(t5)
core   0: 3 0x8000a844 (0x7c3f2023) mem 0x80010000 0x00000001
core   0: 0x8000a848 (0x0000bfe5) c.j     pc - 8
core   0: 3 0x8000a848 (0xbfe5)
core   0: 0x8000a840 (0x00005f17) auipc   t5, 0x5
core   0: 3 0x8000a840 (0x00005f17) x30 0x8000f840
core   0: 0x8000a844 (0x7c3f2023) sw      gp, 1984(t5)
core   0: 3 0x8000a844 (0x7c3f2023) mem 0x80010000 0x00000001
core   0: 0x8000a848 (0x0000bfe5) c.j     pc - 8
core   0: 3 0x8000a848 (0xbfe5)
core   0: 0x8000a840 (0x00005f17) auipc   t5, 0x5
core   0: 3 0x8000a840 (0x00005f17) x30 0x8000f840
core   0: 0x8000a844 (0x7c3f2023) sw      gp, 1984(t5)
core   0: 3 0x8000a844 (0x7c3f2023) mem 0x80010000 0x00000001
core   0: 0x8000a848 (0x0000bfe5) c.j     pc - 8
core   0: 3 0x8000a848 (0xbfe5)
core   0: 0x8000a840 (0x00005f17) auipc   t5, 0x5
core   0: 3 0x8000a840 (0x00005f17) x30 0x8000f840
core   0: 0x8000a844 (0x7c3f2023) sw      gp, 1984(t5)
core   0: 3 0x8000a844 (0x7c3f2023) mem 0x80010000 0x00000001
core   0: 0x8000a848 (0x0000bfe5) c.j     pc - 8
core   0: 3 0x8000a848 (0xbfe5)
core   0: 0x8000a840 (0x00005f17) auipc   t5, 0x5
core   0: 3 0x8000a840 (0x00005f17) x30 0x8000f840
core   0: 0x8000a844 (0x7c3f2023) sw      gp, 1984(t5)
core   0: 3 0x8000a844 (0x7c3f2023) mem 0x80010000 0x00000001
core   0: 0x8000a848 (0x0000bfe5) c.j     pc - 8
core   0: 3 0x8000a848 (0xbfe5)
core   0: 0x8000a840 (0x00005f17) auipc   t5, 0x5
core   0: 3 0x8000a840 (0x00005f17) x30 0x8000f840
core   0: 0x8000a844 (0x7c3f2023) sw      gp, 1984(t5)
core   0: 3 0x8000a844 (0x7c3f2023) mem 0x80010000 0x00000001
core   0: 0x8000a848 (0x0000bfe5) c.j     pc - 8
core   0: 3 0x8000a848 (0xbfe5)
core   0: 0x8000a840 (0x00005f17) auipc   t5, 0x5
core   0: 3 0x8000a840 (0x00005f17) x30 0x8000f840
core   0: 0x8000a844 (0x7c3f2023) sw      gp, 1984(t5)
core   0: 3 0x8000a844 (0x7c3f2023) mem 0x80010000 0x00000001
core   0: 0x8000a848 (0x0000bfe5) c.j     pc - 8
core   0: 3 0x8000a848 (0xbfe5)
core   0: 0x8000a840 (0x00005f17) auipc   t5, 0x5
core   0: 3 0x8000a840 (0x00005f17) x30 0x8000f840
core   0: 0x8000a844 (0x7c3f2023) sw      gp, 1984(t5)
core   0: 3 0x8000a844 (0x7c3f2023) mem 0x80010000 0x00000001
core   0: 0x8000a848 (0x0000bfe5) c.j     pc - 8
core   0: 3 0x8000a848 (0xbfe5)
core   0: 0x8000a840 (0x00005f17) auipc   t5, 0x5
core   0: 3 0x8000a840 (0x00005f17) x30 0x8000f840
core   0: 0x8000a844 (0x7c3f2023) sw      gp, 1984(t5)
core   0: 3 0x8000a844 (0x7c3f2023) mem 0x80010000 0x00000001
core   0: 0x8000a848 (0x0000bfe5) c.j     pc - 8
core   0: 3 0x8000a848 (0xbfe5)
core   0: 0x8000a840 (0x00005f17) auipc   t5, 0x5
core   0: 3 0x8000a840 (0x00005f17) x30 0x8000f840
core   0: 0x8000a844 (0x7c3f2023) sw      gp, 1984(t5)
core   0: 3 0x8000a844 (0x7c3f2023) mem 0x80010000 0x00000001
core   0: 0x8000a848 (0x0000bfe5) c.j     pc - 8
core   0: 3 0x8000a848 (0xbfe5)
core   0: 0x8000a840 (0x00005f17) auipc   t5, 0x5
core   0: 3 0x8000a840 (0x00005f17) x30 0x8000f840
core   0: 0x8000a844 (0x7c3f2023) sw      gp, 1984(t5)
core   0: 3 0x8000a844 (0x7c3f2023) mem 0x80010000 0x00000001
core   0: 0x8000a848 (0x0000bfe5) c.j     pc - 8
core   0: 3 0x8000a848 (0xbfe5)
core   0: 0x8000a840 (0x00005f17) auipc   t5, 0x5
core   0: 3 0x8000a840 (0x00005f17) x30 0x8000f840
core   0: 0x8000a844 (0x7c3f2023) sw      gp, 1984(t5)
core   0: 3 0x8000a844 (0x7c3f2023) mem 0x80010000 0x00000001
core   0: 0x8000a848 (0x0000bfe5) c.j     pc - 8
core   0: 3 0x8000a848 (0xbfe5)
core   0: 0x8000a840 (0x00005f17) auipc   t5, 0x5
core   0: 3 0x8000a840 (0x00005f17) x30 0x8000f840
core   0: 0x8000a844 (0x7c3f2023) sw      gp, 1984(t5)
core   0: 3 0x8000a844 (0x7c3f2023) mem 0x80010000 0x00000001
core   0: 0x8000a848 (0x0000bfe5) c.j     pc - 8
core   0: 3 0x8000a848 (0xbfe5)
core   0: 0x8000a840 (0x00005f17) auipc   t5, 0x5
core   0: 3 0x8000a840 (0x00005f17) x30 0x8000f840
core   0: 0x8000a844 (0x7c3f2023) sw      gp, 1984(t5)
core   0: 3 0x8000a844 (0x7c3f2023) mem 0x80010000 0x00000001
core   0: 0x8000a848 (0x0000bfe5) c.j     pc - 8
core   0: 3 0x8000a848 (0xbfe5)
core   0: 0x8000a840 (0x00005f17) auipc   t5, 0x5
core   0: 3 0x8000a840 (0x00005f17) x30 0x8000f840
core   0: 0x8000a844 (0x7c3f2023) sw      gp, 1984(t5)
core   0: 3 0x8000a844 (0x7c3f2023) mem 0x80010000 0x00000001
core   0: 0x8000a848 (0x0000bfe5) c.j     pc - 8
core   0: 3 0x8000a848 (0xbfe5)
core   0: 0x8000a840 (0x00005f17) auipc   t5, 0x5
core   0: 3 0x8000a840 (0x00005f17) x30 0x8000f840
core   0: 0x8000a844 (0x7c3f2023) sw      gp, 1984(t5)
core   0: 3 0x8000a844 (0x7c3f2023) mem 0x80010000 0x00000001
core   0: 0x8000a848 (0x0000bfe5) c.j     pc - 8
core   0: 3 0x8000a848 (0xbfe5)
core   0: 0x8000a840 (0x00005f17) auipc   t5, 0x5
core   0: 3 0x8000a840 (0x00005f17) x30 0x8000f840
core   0: 0x8000a844 (0x7c3f2023) sw      gp, 1984(t5)
core   0: 3 0x8000a844 (0x7c3f2023) mem 0x80010000 0x00000001
core   0: 0x8000a848 (0x0000bfe5) c.j     pc - 8
core   0: 3 0x8000a848 (0xbfe5)
core   0: 0x8000a840 (0x00005f17) auipc   t5, 0x5
core   0: 3 0x8000a840 (0x00005f17) x30 0x8000f840
core   0: 0x8000a844 (0x7c3f2023) sw      gp, 1984(t5)
core   0: 3 0x8000a844 (0x7c3f2023) mem 0x80010000 0x00000001
core   0: 0x8000a848 (0x0000bfe5) c.j     pc - 8
core   0: 3 0x8000a848 (0xbfe5)
core   0: 0x8000a840 (0x00005f17) auipc   t5, 0x5
core   0: 3 0x8000a840 (0x00005f17) x30 0x8000f840
core   0: 0x8000a844 (0x7c3f2023) sw      gp, 1984(t5)
core   0: 3 0x8000a844 (0x7c3f2023) mem 0x80010000 0x00000001
core   0: 0x8000a848 (0x0000bfe5) c.j     pc - 8
core   0: 3 0x8000a848 (0xbfe5)
core   0: 0x8000a840 (0x00005f17) auipc   t5, 0x5
core   0: 3 0x8000a840 (0x00005f17) x30 0x8000f840
core   0: 0x8000a844 (0x7c3f2023) sw      gp, 1984(t5)
core   0: 3 0x8000a844 (0x7c3f2023) mem 0x80010000 0x00000001
core   0: 0x8000a848 (0x0000bfe5) c.j     pc - 8
core   0: 3 0x8000a848 (0xbfe5)
core   0: 0x8000a840 (0x00005f17) auipc   t5, 0x5
core   0: 3 0x8000a840 (0x00005f17) x30 0x8000f840
core   0: 0x8000a844 (0x7c3f2023) sw      gp, 1984(t5)
core   0: 3 0x8000a844 (0x7c3f2023) mem 0x80010000 0x00000001
core   0: 0x8000a848 (0x0000bfe5) c.j     pc - 8
core   0: 3 0x8000a848 (0xbfe5)
core   0: 0x8000a840 (0x00005f17) auipc   t5, 0x5
core   0: 3 0x8000a840 (0x00005f17) x30 0x8000f840
core   0: 0x8000a844 (0x7c3f2023) sw      gp, 1984(t5)
core   0: 3 0x8000a844 (0x7c3f2023) mem 0x80010000 0x00000001
core   0: 0x8000a848 (0x0000bfe5) c.j     pc - 8
core   0: 3 0x8000a848 (0xbfe5)
core   0: 0x8000a840 (0x00005f17) auipc   t5, 0x5
core   0: 3 0x8000a840 (0x00005f17) x30 0x8000f840
core   0: 0x8000a844 (0x7c3f2023) sw      gp, 1984(t5)
core   0: 3 0x8000a844 (0x7c3f2023) mem 0x80010000 0x00000001
core   0: 0x8000a848 (0x0000bfe5) c.j     pc - 8
core   0: 3 0x8000a848 (0xbfe5)
core   0: 0x8000a840 (0x00005f17) auipc   t5, 0x5
core   0: 3 0x8000a840 (0x00005f17) x30 0x8000f840
core   0: 0x8000a844 (0x7c3f2023) sw      gp, 1984(t5)
core   0: 3 0x8000a844 (0x7c3f2023) mem 0x80010000 0x00000001
core   0: 0x8000a848 (0x0000bfe5) c.j     pc - 8
core   0: 3 0x8000a848 (0xbfe5)
core   0: 0x8000a840 (0x00005f17) auipc   t5, 0x5
core   0: 3 0x8000a840 (0x00005f17) x30 0x8000f840
core   0: 0x8000a844 (0x7c3f2023) sw      gp, 1984(t5)
core   0: 3 0x8000a844 (0x7c3f2023) mem 0x80010000 0x00000001
core   0: 0x8000a848 (0x0000bfe5) c.j     pc - 8
core   0: 3 0x8000a848 (0xbfe5)
core   0: 0x8000a840 (0x00005f17) auipc   t5, 0x5
core   0: 3 0x8000a840 (0x00005f17) x30 0x8000f840
core   0: 0x8000a844 (0x7c3f2023) sw      gp, 1984(t5)
core   0: 3 0x8000a844 (0x7c3f2023) mem 0x80010000 0x00000001
core   0: 0x8000a848 (0x0000bfe5) c.j     pc - 8
core   0: 3 0x8000a848 (0xbfe5)
core   0: 0x8000a840 (0x00005f17) auipc   t5, 0x5
core   0: 3 0x8000a840 (0x00005f17) x30 0x8000f840
core   0: 0x8000a844 (0x7c3f2023) sw      gp, 1984(t5)
core   0: 3 0x8000a844 (0x7c3f2023) mem 0x80010000 0x00000001
core   0: 0x8000a848 (0x0000bfe5) c.j     pc - 8
core   0: 3 0x8000a848 (0xbfe5)
core   0: 0x8000a840 (0x00005f17) auipc   t5, 0x5
core   0: 3 0x8000a840 (0x00005f17) x30 0x8000f840
core   0: 0x8000a844 (0x7c3f2023) sw      gp, 1984(t5)
core   0: 3 0x8000a844 (0x7c3f2023) mem 0x80010000 0x00000001
core   0: 0x8000a848 (0x0000bfe5) c.j     pc - 8
core   0: 3 0x8000a848 (0xbfe5)
core   0: 0x8000a840 (0x00005f17) auipc   t5, 0x5
core   0: 3 0x8000a840 (0x00005f17) x30 0x8000f840
core   0: 0x8000a844 (0x7c3f2023) sw      gp, 1984(t5)
core   0: 3 0x8000a844 (0x7c3f2023) mem 0x80010000 0x00000001
core   0: 0x8000a848 (0x0000bfe5) c.j     pc - 8
core   0: 3 0x8000a848 (0xbfe5)
core   0: 0x8000a840 (0x00005f17) auipc   t5, 0x5
core   0: 3 0x8000a840 (0x00005f17) x30 0x8000f840
core   0: 0x8000a844 (0x7c3f2023) sw      gp, 1984(t5)
core   0: 3 0x8000a844 (0x7c3f2023) mem 0x80010000 0x00000001
core   0: 0x8000a848 (0x0000bfe5) c.j     pc - 8
core   0: 3 0x8000a848 (0xbfe5)
core   0: 0x8000a840 (0x00005f17) auipc   t5, 0x5
core   0: 3 0x8000a840 (0x00005f17) x30 0x8000f840
core   0: 0x8000a844 (0x7c3f2023) sw      gp, 1984(t5)
core   0: 3 0x8000a844 (0x7c3f2023) mem 0x80010000 0x00000001
core   0: 0x8000a848 (0x0000bfe5) c.j     pc - 8
core   0: 3 0x8000a848 (0xbfe5)
core   0: 0x8000a840 (0x00005f17) auipc   t5, 0x5
core   0: 3 0x8000a840 (0x00005f17) x30 0x8000f840
core   0: 0x8000a844 (0x7c3f2023) sw      gp, 1984(t5)
core   0: 3 0x8000a844 (0x7c3f2023) mem 0x80010000 0x00000001
core   0: 0x8000a848 (0x0000bfe5) c.j     pc - 8
core   0: 3 0x8000a848 (0xbfe5)
core   0: 0x8000a840 (0x00005f17) auipc   t5, 0x5
core   0: 3 0x8000a840 (0x00005f17) x30 0x8000f840
core   0: 0x8000a844 (0x7c3f2023) sw      gp, 1984(t5)
core   0: 3 0x8000a844 (0x7c3f2023) mem 0x80010000 0x00000001
core   0: 0x8000a848 (0x0000bfe5) c.j     pc - 8
core   0: 3 0x8000a848 (0xbfe5)
core   0: 0x8000a840 (0x00005f17) auipc   t5, 0x5
core   0: 3 0x8000a840 (0x00005f17) x30 0x8000f840
core   0: 0x8000a844 (0x7c3f2023) sw      gp, 1984(t5)
core   0: 3 0x8000a844 (0x7c3f2023) mem 0x80010000 0x00000001
core   0: 0x8000a848 (0x0000bfe5) c.j     pc - 8
core   0: 3 0x8000a848 (0xbfe5)
core   0: 0x8000a840 (0x00005f17) auipc   t5, 0x5
core   0: 3 0x8000a840 (0x00005f17) x30 0x8000f840
core   0: 0x8000a844 (0x7c3f2023) sw      gp, 1984(t5)
core   0: 3 0x8000a844 (0x7c3f2023) mem 0x80010000 0x00000001
core   0: 0x8000a848 (0x0000bfe5) c.j     pc - 8
core   0: 3 0x8000a848 (0xbfe5)
core   0: 0x8000a840 (0x00005f17) auipc   t5, 0x5
core   0: 3 0x8000a840 (0x00005f17) x30 0x8000f840
core   0: 0x8000a844 (0x7c3f2023) sw      gp, 1984(t5)
core   0: 3 0x8000a844 (0x7c3f2023) mem 0x80010000 0x00000001
core   0: 0x8000a848 (0x0000bfe5) c.j     pc - 8
core   0: 3 0x8000a848 (0xbfe5)
core   0: 0x8000a840 (0x00005f17) auipc   t5, 0x5
core   0: 3 0x8000a840 (0x00005f17) x30 0x8000f840
core   0: 0x8000a844 (0x7c3f2023) sw      gp, 1984(t5)
core   0: 3 0x8000a844 (0x7c3f2023) mem 0x80010000 0x00000001
core   0: 0x8000a848 (0x0000bfe5) c.j     pc - 8
core   0: 3 0x8000a848 (0xbfe5)
core   0: 0x8000a840 (0x00005f17) auipc   t5, 0x5
core   0: 3 0x8000a840 (0x00005f17) x30 0x8000f840
core   0: 0x8000a844 (0x7c3f2023) sw      gp, 1984(t5)
core   0: 3 0x8000a844 (0x7c3f2023) mem 0x80010000 0x00000001
core   0: 0x8000a848 (0x0000bfe5) c.j     pc - 8
core   0: 3 0x8000a848 (0xbfe5)
core   0: 0x8000a840 (0x00005f17) auipc   t5, 0x5
core   0: 3 0x8000a840 (0x00005f17) x30 0x8000f840
core   0: 0x8000a844 (0x7c3f2023) sw      gp, 1984(t5)
core   0: 3 0x8000a844 (0x7c3f2023) mem 0x80010000 0x00000001
core   0: 0x8000a848 (0x0000bfe5) c.j     pc - 8
core   0: 3 0x8000a848 (0xbfe5)
core   0: 0x8000a840 (0x00005f17) auipc   t5, 0x5
core   0: 3 0x8000a840 (0x00005f17) x30 0x8000f840
core   0: 0x8000a844 (0x7c3f2023) sw      gp, 1984(t5)
core   0: 3 0x8000a844 (0x7c3f2023) mem 0x80010000 0x00000001
core   0: 0x8000a848 (0x0000bfe5) c.j     pc - 8
core   0: 3 0x8000a848 (0xbfe5)
core   0: 0x8000a840 (0x00005f17) auipc   t5, 0x5
core   0: 3 0x8000a840 (0x00005f17) x30 0x8000f840
core   0: 0x8000a844 (0x7c3f2023) sw      gp, 1984(t5)
core   0: 3 0x8000a844 (0x7c3f2023) mem 0x80010000 0x00000001
core   0: 0x8000a848 (0x0000bfe5) c.j     pc - 8
core   0: 3 0x8000a848 (0xbfe5)
core   0: 0x8000a840 (0x00005f17) auipc   t5, 0x5
core   0: 3 0x8000a840 (0x00005f17) x30 0x8000f840
core   0: 0x8000a844 (0x7c3f2023) sw      gp, 1984(t5)
core   0: 3 0x8000a844 (0x7c3f2023) mem 0x80010000 0x00000001
core   0: 0x8000a848 (0x0000bfe5) c.j     pc - 8
core   0: 3 0x8000a848 (0xbfe5)
core   0: 0x8000a840 (0x00005f17) auipc   t5, 0x5
core   0: 3 0x8000a840 (0x00005f17) x30 0x8000f840
core   0: 0x8000a844 (0x7c3f2023) sw      gp, 1984(t5)
core   0: 3 0x8000a844 (0x7c3f2023) mem 0x80010000 0x00000001
core   0: 0x8000a848 (0x0000bfe5) c.j     pc - 8
core   0: 3 0x8000a848 (0xbfe5)
core   0: 0x8000a840 (0x00005f17) auipc   t5, 0x5
core   0: 3 0x8000a840 (0x00005f17) x30 0x8000f840
core   0: 0x8000a844 (0x7c3f2023) sw      gp, 1984(t5)
core   0: 3 0x8000a844 (0x7c3f2023) mem 0x80010000 0x00000001
core   0: 0x8000a848 (0x0000bfe5) c.j     pc - 8
core   0: 3 0x8000a848 (0xbfe5)
core   0: 0x8000a840 (0x00005f17) auipc   t5, 0x5
core   0: 3 0x8000a840 (0x00005f17) x30 0x8000f840
core   0: 0x8000a844 (0x7c3f2023) sw      gp, 1984(t5)
core   0: 3 0x8000a844 (0x7c3f2023) mem 0x80010000 0x00000001
core   0: 0x8000a848 (0x0000bfe5) c.j     pc - 8
core   0: 3 0x8000a848 (0xbfe5)
core   0: 0x8000a840 (0x00005f17) auipc   t5, 0x5
core   0: 3 0x8000a840 (0x00005f17) x30 0x8000f840
core   0: 0x8000a844 (0x7c3f2023) sw      gp, 1984(t5)
core   0: 3 0x8000a844 (0x7c3f2023) mem 0x80010000 0x00000001
core   0: 0x8000a848 (0x0000bfe5) c.j     pc - 8
core   0: 3 0x8000a848 (0xbfe5)
core   0: 0x8000a840 (0x00005f17) auipc   t5, 0x5
core   0: 3 0x8000a840 (0x00005f17) x30 0x8000f840
core   0: 0x8000a844 (0x7c3f2023) sw      gp, 1984(t5)
core   0: 3 0x8000a844 (0x7c3f2023) mem 0x80010000 0x00000001
core   0: 0x8000a848 (0x0000bfe5) c.j     pc - 8
core   0: 3 0x8000a848 (0xbfe5)
core   0: 0x8000a840 (0x00005f17) auipc   t5, 0x5
core   0: 3 0x8000a840 (0x00005f17) x30 0x8000f840
core   0: 0x8000a844 (0x7c3f2023) sw      gp, 1984(t5)
core   0: 3 0x8000a844 (0x7c3f2023) mem 0x80010000 0x00000001
core   0: 0x8000a848 (0x0000bfe5) c.j     pc - 8
core   0: 3 0x8000a848 (0xbfe5)
core   0: 0x8000a840 (0x00005f17) auipc   t5, 0x5
core   0: 3 0x8000a840 (0x00005f17) x30 0x8000f840
core   0: 0x8000a844 (0x7c3f2023) sw      gp, 1984(t5)
core   0: 3 0x8000a844 (0x7c3f2023) mem 0x80010000 0x00000001
core   0: 0x8000a848 (0x0000bfe5) c.j     pc - 8
core   0: 3 0x8000a848 (0xbfe5)
core   0: 0x8000a840 (0x00005f17) auipc   t5, 0x5
core   0: 3 0x8000a840 (0x00005f17) x30 0x8000f840
core   0: 0x8000a844 (0x7c3f2023) sw      gp, 1984(t5)
core   0: 3 0x8000a844 (0x7c3f2023) mem 0x80010000 0x00000001
core   0: 0x8000a848 (0x0000bfe5) c.j     pc - 8
core   0: 3 0x8000a848 (0xbfe5)
core   0: 0x8000a840 (0x00005f17) auipc   t5, 0x5
core   0: 3 0x8000a840 (0x00005f17) x30 0x8000f840
core   0: 0x8000a844 (0x7c3f2023) sw      gp, 1984(t5)
core   0: 3 0x8000a844 (0x7c3f2023) mem 0x80010000 0x00000001
core   0: 0x8000a848 (0x0000bfe5) c.j     pc - 8
core   0: 3 0x8000a848 (0xbfe5)
core   0: 0x8000a840 (0x00005f17) auipc   t5, 0x5
core   0: 3 0x8000a840 (0x00005f17) x30 0x8000f840
core   0: 0x8000a844 (0x7c3f2023) sw      gp, 1984(t5)
core   0: 3 0x8000a844 (0x7c3f2023) mem 0x80010000 0x00000001
core   0: 0x8000a848 (0x0000bfe5) c.j     pc - 8
core   0: 3 0x8000a848 (0xbfe5)
core   0: 0x8000a840 (0x00005f17) auipc   t5, 0x5
core   0: 3 0x8000a840 (0x00005f17) x30 0x8000f840
core   0: 0x8000a844 (0x7c3f2023) sw      gp, 1984(t5)
core   0: 3 0x8000a844 (0x7c3f2023) mem 0x80010000 0x00000001
core   0: 0x8000a848 (0x0000bfe5) c.j     pc - 8
core   0: 3 0x8000a848 (0xbfe5)
core   0: 0x8000a840 (0x00005f17) auipc   t5, 0x5
core   0: 3 0x8000a840 (0x00005f17) x30 0x8000f840
core   0: 0x8000a844 (0x7c3f2023) sw      gp, 1984(t5)
core   0: 3 0x8000a844 (0x7c3f2023) mem 0x80010000 0x00000001
core   0: 0x8000a848 (0x0000bfe5) c.j     pc - 8
core   0: 3 0x8000a848 (0xbfe5)
core   0: 0x8000a840 (0x00005f17) auipc   t5, 0x5
core   0: 3 0x8000a840 (0x00005f17) x30 0x8000f840
core   0: 0x8000a844 (0x7c3f2023) sw      gp, 1984(t5)
core   0: 3 0x8000a844 (0x7c3f2023) mem 0x80010000 0x00000001
core   0: 0x8000a848 (0x0000bfe5) c.j     pc - 8
core   0: 3 0x8000a848 (0xbfe5)
core   0: 0x8000a840 (0x00005f17) auipc   t5, 0x5
core   0: 3 0x8000a840 (0x00005f17) x30 0x8000f840
core   0: 0x8000a844 (0x7c3f2023) sw      gp, 1984(t5)
core   0: 3 0x8000a844 (0x7c3f2023) mem 0x80010000 0x00000001
core   0: 0x8000a848 (0x0000bfe5) c.j     pc - 8
core   0: 3 0x8000a848 (0xbfe5)
core   0: 0x8000a840 (0x00005f17) auipc   t5, 0x5
core   0: 3 0x8000a840 (0x00005f17) x30 0x8000f840
core   0: 0x8000a844 (0x7c3f2023) sw      gp, 1984(t5)
core   0: 3 0x8000a844 (0x7c3f2023) mem 0x80010000 0x00000001
core   0: 0x8000a848 (0x0000bfe5) c.j     pc - 8
core   0: 3 0x8000a848 (0xbfe5)
core   0: 0x8000a840 (0x00005f17) auipc   t5, 0x5
core   0: 3 0x8000a840 (0x00005f17) x30 0x8000f840
core   0: 0x8000a844 (0x7c3f2023) sw      gp, 1984(t5)
core   0: 3 0x8000a844 (0x7c3f2023) mem 0x80010000 0x00000001
core   0: 0x8000a848 (0x0000bfe5) c.j     pc - 8
core   0: 3 0x8000a848 (0xbfe5)
core   0: 0x8000a840 (0x00005f17) auipc   t5, 0x5
core   0: 3 0x8000a840 (0x00005f17) x30 0x8000f840
core   0: 0x8000a844 (0x7c3f2023) sw      gp, 1984(t5)
core   0: 3 0x8000a844 (0x7c3f2023) mem 0x80010000 0x00000001
core   0: 0x8000a848 (0x0000bfe5) c.j     pc - 8
core   0: 3 0x8000a848 (0xbfe5)
core   0: 0x8000a840 (0x00005f17) auipc   t5, 0x5
core   0: 3 0x8000a840 (0x00005f17) x30 0x8000f840
core   0: 0x8000a844 (0x7c3f2023) sw      gp, 1984(t5)
core   0: 3 0x8000a844 (0x7c3f2023) mem 0x80010000 0x00000001
core   0: 0x8000a848 (0x0000bfe5) c.j     pc - 8
core   0: 3 0x8000a848 (0xbfe5)
core   0: 0x8000a840 (0x00005f17) auipc   t5, 0x5
core   0: 3 0x8000a840 (0x00005f17) x30 0x8000f840
core   0: 0x8000a844 (0x7c3f2023) sw      gp, 1984(t5)
core   0: 3 0x8000a844 (0x7c3f2023) mem 0x80010000 0x00000001
core   0: 0x8000a848 (0x0000bfe5) c.j     pc - 8
core   0: 3 0x8000a848 (0xbfe5)
core   0: 0x8000a840 (0x00005f17) auipc   t5, 0x5
core   0: 3 0x8000a840 (0x00005f17) x30 0x8000f840
core   0: 0x8000a844 (0x7c3f2023) sw      gp, 1984(t5)
core   0: 3 0x8000a844 (0x7c3f2023) mem 0x80010000 0x00000001
core   0: 0x8000a848 (0x0000bfe5) c.j     pc - 8
core   0: 3 0x8000a848 (0xbfe5)
core   0: 0x8000a840 (0x00005f17) auipc   t5, 0x5
core   0: 3 0x8000a840 (0x00005f17) x30 0x8000f840
core   0: 0x8000a844 (0x7c3f2023) sw      gp, 1984(t5)
core   0: 3 0x8000a844 (0x7c3f2023) mem 0x80010000 0x00000001
core   0: 0x8000a848 (0x0000bfe5) c.j     pc - 8
core   0: 3 0x8000a848 (0xbfe5)
core   0: 0x8000a840 (0x00005f17) auipc   t5, 0x5
core   0: 3 0x8000a840 (0x00005f17) x30 0x8000f840
core   0: 0x8000a844 (0x7c3f2023) sw      gp, 1984(t5)
core   0: 3 0x8000a844 (0x7c3f2023) mem 0x80010000 0x00000001
core   0: 0x8000a848 (0x0000bfe5) c.j     pc - 8
core   0: 3 0x8000a848 (0xbfe5)
core   0: 0x8000a840 (0x00005f17) auipc   t5, 0x5
core   0: 3 0x8000a840 (0x00005f17) x30 0x8000f840
core   0: 0x8000a844 (0x7c3f2023) sw      gp, 1984(t5)
core   0: 3 0x8000a844 (0x7c3f2023) mem 0x80010000 0x00000001
core   0: 0x8000a848 (0x0000bfe5) c.j     pc - 8
core   0: 3 0x8000a848 (0xbfe5)
core   0: 0x8000a840 (0x00005f17) auipc   t5, 0x5
core   0: 3 0x8000a840 (0x00005f17) x30 0x8000f840
core   0: 0x8000a844 (0x7c3f2023) sw      gp, 1984(t5)
core   0: 3 0x8000a844 (0x7c3f2023) mem 0x80010000 0x00000001
core   0: 0x8000a848 (0x0000bfe5) c.j     pc - 8
core   0: 3 0x8000a848 (0xbfe5)
core   0: 0x8000a840 (0x00005f17) auipc   t5, 0x5
core   0: 3 0x8000a840 (0x00005f17) x30 0x8000f840
core   0: 0x8000a844 (0x7c3f2023) sw      gp, 1984(t5)
core   0: 3 0x8000a844 (0x7c3f2023) mem 0x80010000 0x00000001
core   0: 0x8000a848 (0x0000bfe5) c.j     pc - 8
core   0: 3 0x8000a848 (0xbfe5)
core   0: 0x8000a840 (0x00005f17) auipc   t5, 0x5
core   0: 3 0x8000a840 (0x00005f17) x30 0x8000f840
core   0: 0x8000a844 (0x7c3f2023) sw      gp, 1984(t5)
core   0: 3 0x8000a844 (0x7c3f2023) mem 0x80010000 0x00000001
core   0: 0x8000a848 (0x0000bfe5) c.j     pc - 8
core   0: 3 0x8000a848 (0xbfe5)
core   0: 0x8000a840 (0x00005f17) auipc   t5, 0x5
core   0: 3 0x8000a840 (0x00005f17) x30 0x8000f840
core   0: 0x8000a844 (0x7c3f2023) sw      gp, 1984(t5)
core   0: 3 0x8000a844 (0x7c3f2023) mem 0x80010000 0x00000001
core   0: 0x8000a848 (0x0000bfe5) c.j     pc - 8
core   0: 3 0x8000a848 (0xbfe5)
core   0: 0x8000a840 (0x00005f17) auipc   t5, 0x5
core   0: 3 0x8000a840 (0x00005f17) x30 0x8000f840
core   0: 0x8000a844 (0x7c3f2023) sw      gp, 1984(t5)
core   0: 3 0x8000a844 (0x7c3f2023) mem 0x80010000 0x00000001
core   0: 0x8000a848 (0x0000bfe5) c.j     pc - 8
core   0: 3 0x8000a848 (0xbfe5)
core   0: 0x8000a840 (0x00005f17) auipc   t5, 0x5
core   0: 3 0x8000a840 (0x00005f17) x30 0x8000f840
core   0: 0x8000a844 (0x7c3f2023) sw      gp, 1984(t5)
core   0: 3 0x8000a844 (0x7c3f2023) mem 0x80010000 0x00000001
core   0: 0x8000a848 (0x0000bfe5) c.j     pc - 8
core   0: 3 0x8000a848 (0xbfe5)
core   0: 0x8000a840 (0x00005f17) auipc   t5, 0x5
core   0: 3 0x8000a840 (0x00005f17) x30 0x8000f840
core   0: 0x8000a844 (0x7c3f2023) sw      gp, 1984(t5)
core   0: 3 0x8000a844 (0x7c3f2023) mem 0x80010000 0x00000001
core   0: 0x8000a848 (0x0000bfe5) c.j     pc - 8
core   0: 3 0x8000a848 (0xbfe5)
core   0: 0x8000a840 (0x00005f17) auipc   t5, 0x5
core   0: 3 0x8000a840 (0x00005f17) x30 0x8000f840
core   0: 0x8000a844 (0x7c3f2023) sw      gp, 1984(t5)
core   0: 3 0x8000a844 (0x7c3f2023) mem 0x80010000 0x00000001
core   0: 0x8000a848 (0x0000bfe5) c.j     pc - 8
core   0: 3 0x8000a848 (0xbfe5)
core   0: 0x8000a840 (0x00005f17) auipc   t5, 0x5
core   0: 3 0x8000a840 (0x00005f17) x30 0x8000f840
core   0: 0x8000a844 (0x7c3f2023) sw      gp, 1984(t5)
core   0: 3 0x8000a844 (0x7c3f2023) mem 0x80010000 0x00000001
core   0: 0x8000a848 (0x0000bfe5) c.j     pc - 8
core   0: 3 0x8000a848 (0xbfe5)
core   0: 0x8000a840 (0x00005f17) auipc   t5, 0x5
core   0: 3 0x8000a840 (0x00005f17) x30 0x8000f840
core   0: 0x8000a844 (0x7c3f2023) sw      gp, 1984(t5)
core   0: 3 0x8000a844 (0x7c3f2023) mem 0x80010000 0x00000001
core   0: 0x8000a848 (0x0000bfe5) c.j     pc - 8
core   0: 3 0x8000a848 (0xbfe5)
core   0: 0x8000a840 (0x00005f17) auipc   t5, 0x5
core   0: 3 0x8000a840 (0x00005f17) x30 0x8000f840
core   0: 0x8000a844 (0x7c3f2023) sw      gp, 1984(t5)
core   0: 3 0x8000a844 (0x7c3f2023) mem 0x80010000 0x00000001
core   0: 0x8000a848 (0x0000bfe5) c.j     pc - 8
core   0: 3 0x8000a848 (0xbfe5)
core   0: 0x8000a840 (0x00005f17) auipc   t5, 0x5
core   0: 3 0x8000a840 (0x00005f17) x30 0x8000f840
core   0: 0x8000a844 (0x7c3f2023) sw      gp, 1984(t5)
core   0: 3 0x8000a844 (0x7c3f2023) mem 0x80010000 0x00000001
core   0: 0x8000a848 (0x0000bfe5) c.j     pc - 8
core   0: 3 0x8000a848 (0xbfe5)
core   0: 0x8000a840 (0x00005f17) auipc   t5, 0x5
core   0: 3 0x8000a840 (0x00005f17) x30 0x8000f840
core   0: 0x8000a844 (0x7c3f2023) sw      gp, 1984(t5)
core   0: 3 0x8000a844 (0x7c3f2023) mem 0x80010000 0x00000001
core   0: 0x8000a848 (0x0000bfe5) c.j     pc - 8
core   0: 3 0x8000a848 (0xbfe5)
core   0: 0x8000a840 (0x00005f17) auipc   t5, 0x5
core   0: 3 0x8000a840 (0x00005f17) x30 0x8000f840
core   0: 0x8000a844 (0x7c3f2023) sw      gp, 1984(t5)
core   0: 3 0x8000a844 (0x7c3f2023) mem 0x80010000 0x00000001
core   0: 0x8000a848 (0x0000bfe5) c.j     pc - 8
core   0: 3 0x8000a848 (0xbfe5)
core   0: 0x8000a840 (0x00005f17) auipc   t5, 0x5
core   0: 3 0x8000a840 (0x00005f17) x30 0x8000f840
core   0: 0x8000a844 (0x7c3f2023) sw      gp, 1984(t5)
core   0: 3 0x8000a844 (0x7c3f2023) mem 0x80010000 0x00000001
core   0: 0x8000a848 (0x0000bfe5) c.j     pc - 8
core   0: 3 0x8000a848 (0xbfe5)
core   0: 0x8000a840 (0x00005f17) auipc   t5, 0x5
core   0: 3 0x8000a840 (0x00005f17) x30 0x8000f840
core   0: 0x8000a844 (0x7c3f2023) sw      gp, 1984(t5)
core   0: 3 0x8000a844 (0x7c3f2023) mem 0x80010000 0x00000001
core   0: 0x8000a848 (0x0000bfe5) c.j     pc - 8
core   0: 3 0x8000a848 (0xbfe5)
core   0: 0x8000a840 (0x00005f17) auipc   t5, 0x5
core   0: 3 0x8000a840 (0x00005f17) x30 0x8000f840
core   0: 0x8000a844 (0x7c3f2023) sw      gp, 1984(t5)
core   0: 3 0x8000a844 (0x7c3f2023) mem 0x80010000 0x00000001
core   0: 0x8000a848 (0x0000bfe5) c.j     pc - 8
core   0: 3 0x8000a848 (0xbfe5)
core   0: 0x8000a840 (0x00005f17) auipc   t5, 0x5
core   0: 3 0x8000a840 (0x00005f17) x30 0x8000f840
core   0: 0x8000a844 (0x7c3f2023) sw      gp, 1984(t5)
core   0: 3 0x8000a844 (0x7c3f2023) mem 0x80010000 0x00000001
core   0: 0x8000a848 (0x0000bfe5) c.j     pc - 8
core   0: 3 0x8000a848 (0xbfe5)
core   0: 0x8000a840 (0x00005f17) auipc   t5, 0x5
core   0: 3 0x8000a840 (0x00005f17) x30 0x8000f840
core   0: 0x8000a844 (0x7c3f2023) sw      gp, 1984(t5)
core   0: 3 0x8000a844 (0x7c3f2023) mem 0x80010000 0x00000001
core   0: 0x8000a848 (0x0000bfe5) c.j     pc - 8
core   0: 3 0x8000a848 (0xbfe5)
core   0: 0x8000a840 (0x00005f17) auipc   t5, 0x5
core   0: 3 0x8000a840 (0x00005f17) x30 0x8000f840
core   0: 0x8000a844 (0x7c3f2023) sw      gp, 1984(t5)
core   0: 3 0x8000a844 (0x7c3f2023) mem 0x80010000 0x00000001
core   0: 0x8000a848 (0x0000bfe5) c.j     pc - 8
core   0: 3 0x8000a848 (0xbfe5)
core   0: 0x8000a840 (0x00005f17) auipc   t5, 0x5
core   0: 3 0x8000a840 (0x00005f17) x30 0x8000f840
core   0: 0x8000a844 (0x7c3f2023) sw      gp, 1984(t5)
core   0: 3 0x8000a844 (0x7c3f2023) mem 0x80010000 0x00000001
core   0: 0x8000a848 (0x0000bfe5) c.j     pc - 8
core   0: 3 0x8000a848 (0xbfe5)
core   0: 0x8000a840 (0x00005f17) auipc   t5, 0x5
core   0: 3 0x8000a840 (0x00005f17) x30 0x8000f840
core   0: 0x8000a844 (0x7c3f2023) sw      gp, 1984(t5)
core   0: 3 0x8000a844 (0x7c3f2023) mem 0x80010000 0x00000001
core   0: 0x8000a848 (0x0000bfe5) c.j     pc - 8
core   0: 3 0x8000a848 (0xbfe5)
core   0: 0x8000a840 (0x00005f17) auipc   t5, 0x5
core   0: 3 0x8000a840 (0x00005f17) x30 0x8000f840
core   0: 0x8000a844 (0x7c3f2023) sw      gp, 1984(t5)
core   0: 3 0x8000a844 (0x7c3f2023) mem 0x80010000 0x00000001
core   0: 0x8000a848 (0x0000bfe5) c.j     pc - 8
core   0: 3 0x8000a848 (0xbfe5)
core   0: 0x8000a840 (0x00005f17) auipc   t5, 0x5
core   0: 3 0x8000a840 (0x00005f17) x30 0x8000f840
core   0: 0x8000a844 (0x7c3f2023) sw      gp, 1984(t5)
core   0: 3 0x8000a844 (0x7c3f2023) mem 0x80010000 0x00000001
core   0: 0x8000a848 (0x0000bfe5) c.j     pc - 8
core   0: 3 0x8000a848 (0xbfe5)
core   0: 0x8000a840 (0x00005f17) auipc   t5, 0x5
core   0: 3 0x8000a840 (0x00005f17) x30 0x8000f840
core   0: 0x8000a844 (0x7c3f2023) sw      gp, 1984(t5)
core   0: 3 0x8000a844 (0x7c3f2023) mem 0x80010000 0x00000001
core   0: 0x8000a848 (0x0000bfe5) c.j     pc - 8
core   0: 3 0x8000a848 (0xbfe5)
core   0: 0x8000a840 (0x00005f17) auipc   t5, 0x5
core   0: 3 0x8000a840 (0x00005f17) x30 0x8000f840
core   0: 0x8000a844 (0x7c3f2023) sw      gp, 1984(t5)
core   0: 3 0x8000a844 (0x7c3f2023) mem 0x80010000 0x00000001
core   0: 0x8000a848 (0x0000bfe5) c.j     pc - 8
core   0: 3 0x8000a848 (0xbfe5)
core   0: 0x8000a840 (0x00005f17) auipc   t5, 0x5
core   0: 3 0x8000a840 (0x00005f17) x30 0x8000f840
core   0: 0x8000a844 (0x7c3f2023) sw      gp, 1984(t5)
core   0: 3 0x8000a844 (0x7c3f2023) mem 0x80010000 0x00000001
core   0: 0x8000a848 (0x0000bfe5) c.j     pc - 8
core   0: 3 0x8000a848 (0xbfe5)
core   0: 0x8000a840 (0x00005f17) auipc   t5, 0x5
core   0: 3 0x8000a840 (0x00005f17) x30 0x8000f840
core   0: 0x8000a844 (0x7c3f2023) sw      gp, 1984(t5)
core   0: 3 0x8000a844 (0x7c3f2023) mem 0x80010000 0x00000001
core   0: 0x8000a848 (0x0000bfe5) c.j     pc - 8
core   0: 3 0x8000a848 (0xbfe5)
core   0: 0x8000a840 (0x00005f17) auipc   t5, 0x5
core   0: 3 0x8000a840 (0x00005f17) x30 0x8000f840
core   0: 0x8000a844 (0x7c3f2023) sw      gp, 1984(t5)
core   0: 3 0x8000a844 (0x7c3f2023) mem 0x80010000 0x00000001
core   0: 0x8000a848 (0x0000bfe5) c.j     pc - 8
core   0: 3 0x8000a848 (0xbfe5)
core   0: 0x8000a840 (0x00005f17) auipc   t5, 0x5
core   0: 3 0x8000a840 (0x00005f17) x30 0x8000f840
core   0: 0x8000a844 (0x7c3f2023) sw      gp, 1984(t5)
core   0: 3 0x8000a844 (0x7c3f2023) mem 0x80010000 0x00000001
core   0: 0x8000a848 (0x0000bfe5) c.j     pc - 8
core   0: 3 0x8000a848 (0xbfe5)
core   0: 0x8000a840 (0x00005f17) auipc   t5, 0x5
core   0: 3 0x8000a840 (0x00005f17) x30 0x8000f840
core   0: 0x8000a844 (0x7c3f2023) sw      gp, 1984(t5)
core   0: 3 0x8000a844 (0x7c3f2023) mem 0x80010000 0x00000001
core   0: 0x8000a848 (0x0000bfe5) c.j     pc - 8
core   0: 3 0x8000a848 (0xbfe5)
core   0: 0x8000a840 (0x00005f17) auipc   t5, 0x5
core   0: 3 0x8000a840 (0x00005f17) x30 0x8000f840
core   0: 0x8000a844 (0x7c3f2023) sw      gp, 1984(t5)
core   0: 3 0x8000a844 (0x7c3f2023) mem 0x80010000 0x00000001
core   0: 0x8000a848 (0x0000bfe5) c.j     pc - 8
core   0: 3 0x8000a848 (0xbfe5)
core   0: 0x8000a840 (0x00005f17) auipc   t5, 0x5
core   0: 3 0x8000a840 (0x00005f17) x30 0x8000f840
core   0: 0x8000a844 (0x7c3f2023) sw      gp, 1984(t5)
core   0: 3 0x8000a844 (0x7c3f2023) mem 0x80010000 0x00000001
core   0: 0x8000a848 (0x0000bfe5) c.j     pc - 8
core   0: 3 0x8000a848 (0xbfe5)
core   0: 0x8000a840 (0x00005f17) auipc   t5, 0x5
core   0: 3 0x8000a840 (0x00005f17) x30 0x8000f840
core   0: 0x8000a844 (0x7c3f2023) sw      gp, 1984(t5)
core   0: 3 0x8000a844 (0x7c3f2023) mem 0x80010000 0x00000001
core   0: 0x8000a848 (0x0000bfe5) c.j     pc - 8
core   0: 3 0x8000a848 (0xbfe5)
core   0: 0x8000a840 (0x00005f17) auipc   t5, 0x5
core   0: 3 0x8000a840 (0x00005f17) x30 0x8000f840
core   0: 0x8000a844 (0x7c3f2023) sw      gp, 1984(t5)
core   0: 3 0x8000a844 (0x7c3f2023) mem 0x80010000 0x00000001
core   0: 0x8000a848 (0x0000bfe5) c.j     pc - 8
core   0: 3 0x8000a848 (0xbfe5)
core   0: 0x8000a840 (0x00005f17) auipc   t5, 0x5
core   0: 3 0x8000a840 (0x00005f17) x30 0x8000f840
core   0: 0x8000a844 (0x7c3f2023) sw      gp, 1984(t5)
core   0: 3 0x8000a844 (0x7c3f2023) mem 0x80010000 0x00000001
core   0: 0x8000a848 (0x0000bfe5) c.j     pc - 8
core   0: 3 0x8000a848 (0xbfe5)
core   0: 0x8000a840 (0x00005f17) auipc   t5, 0x5
core   0: 3 0x8000a840 (0x00005f17) x30 0x8000f840
core   0: 0x8000a844 (0x7c3f2023) sw      gp, 1984(t5)
core   0: 3 0x8000a844 (0x7c3f2023) mem 0x80010000 0x00000001
core   0: 0x8000a848 (0x0000bfe5) c.j     pc - 8
core   0: 3 0x8000a848 (0xbfe5)
core   0: 0x8000a840 (0x00005f17) auipc   t5, 0x5
core   0: 3 0x8000a840 (0x00005f17) x30 0x8000f840
core   0: 0x8000a844 (0x7c3f2023) sw      gp, 1984(t5)
core   0: 3 0x8000a844 (0x7c3f2023) mem 0x80010000 0x00000001
core   0: 0x8000a848 (0x0000bfe5) c.j     pc - 8
core   0: 3 0x8000a848 (0xbfe5)
core   0: 0x8000a840 (0x00005f17) auipc   t5, 0x5
core   0: 3 0x8000a840 (0x00005f17) x30 0x8000f840
core   0: 0x8000a844 (0x7c3f2023) sw      gp, 1984(t5)
core   0: 3 0x8000a844 (0x7c3f2023) mem 0x80010000 0x00000001
core   0: 0x8000a848 (0x0000bfe5) c.j     pc - 8
core   0: 3 0x8000a848 (0xbfe5)
core   0: 0x8000a840 (0x00005f17) auipc   t5, 0x5
core   0: 3 0x8000a840 (0x00005f17) x30 0x8000f840
core   0: 0x8000a844 (0x7c3f2023) sw      gp, 1984(t5)
core   0: 3 0x8000a844 (0x7c3f2023) mem 0x80010000 0x00000001
core   0: 0x8000a848 (0x0000bfe5) c.j     pc - 8
core   0: 3 0x8000a848 (0xbfe5)
core   0: 0x8000a840 (0x00005f17) auipc   t5, 0x5
core   0: 3 0x8000a840 (0x00005f17) x30 0x8000f840
core   0: 0x8000a844 (0x7c3f2023) sw      gp, 1984(t5)
core   0: 3 0x8000a844 (0x7c3f2023) mem 0x80010000 0x00000001
core   0: 0x8000a848 (0x0000bfe5) c.j     pc - 8
core   0: 3 0x8000a848 (0xbfe5)
core   0: 0x8000a840 (0x00005f17) auipc   t5, 0x5
core   0: 3 0x8000a840 (0x00005f17) x30 0x8000f840
core   0: 0x8000a844 (0x7c3f2023) sw      gp, 1984(t5)
core   0: 3 0x8000a844 (0x7c3f2023) mem 0x80010000 0x00000001
core   0: 0x8000a848 (0x0000bfe5) c.j     pc - 8
core   0: 3 0x8000a848 (0xbfe5)
core   0: 0x8000a840 (0x00005f17) auipc   t5, 0x5
core   0: 3 0x8000a840 (0x00005f17) x30 0x8000f840
core   0: 0x8000a844 (0x7c3f2023) sw      gp, 1984(t5)
core   0: 3 0x8000a844 (0x7c3f2023) mem 0x80010000 0x00000001
core   0: 0x8000a848 (0x0000bfe5) c.j     pc - 8
core   0: 3 0x8000a848 (0xbfe5)
core   0: 0x8000a840 (0x00005f17) auipc   t5, 0x5
core   0: 3 0x8000a840 (0x00005f17) x30 0x8000f840
core   0: 0x8000a844 (0x7c3f2023) sw      gp, 1984(t5)
core   0: 3 0x8000a844 (0x7c3f2023) mem 0x80010000 0x00000001
core   0: 0x8000a848 (0x0000bfe5) c.j     pc - 8
core   0: 3 0x8000a848 (0xbfe5)
core   0: 0x8000a840 (0x00005f17) auipc   t5, 0x5
core   0: 3 0x8000a840 (0x00005f17) x30 0x8000f840
core   0: 0x8000a844 (0x7c3f2023) sw      gp, 1984(t5)
core   0: 3 0x8000a844 (0x7c3f2023) mem 0x80010000 0x00000001
core   0: 0x8000a848 (0x0000bfe5) c.j     pc - 8
core   0: 3 0x8000a848 (0xbfe5)
core   0: 0x8000a840 (0x00005f17) auipc   t5, 0x5
core   0: 3 0x8000a840 (0x00005f17) x30 0x8000f840
core   0: 0x8000a844 (0x7c3f2023) sw      gp, 1984(t5)
core   0: 3 0x8000a844 (0x7c3f2023) mem 0x80010000 0x00000001
core   0: 0x8000a848 (0x0000bfe5) c.j     pc - 8
core   0: 3 0x8000a848 (0xbfe5)
core   0: 0x8000a840 (0x00005f17) auipc   t5, 0x5
core   0: 3 0x8000a840 (0x00005f17) x30 0x8000f840
core   0: 0x8000a844 (0x7c3f2023) sw      gp, 1984(t5)
core   0: 3 0x8000a844 (0x7c3f2023) mem 0x80010000 0x00000001
core   0: 0x8000a848 (0x0000bfe5) c.j     pc - 8
core   0: 3 0x8000a848 (0xbfe5)
core   0: 0x8000a840 (0x00005f17) auipc   t5, 0x5
core   0: 3 0x8000a840 (0x00005f17) x30 0x8000f840
core   0: 0x8000a844 (0x7c3f2023) sw      gp, 1984(t5)
core   0: 3 0x8000a844 (0x7c3f2023) mem 0x80010000 0x00000001
core   0: 0x8000a848 (0x0000bfe5) c.j     pc - 8
core   0: 3 0x8000a848 (0xbfe5)
core   0: 0x8000a840 (0x00005f17) auipc   t5, 0x5
core   0: 3 0x8000a840 (0x00005f17) x30 0x8000f840
core   0: 0x8000a844 (0x7c3f2023) sw      gp, 1984(t5)
core   0: 3 0x8000a844 (0x7c3f2023) mem 0x80010000 0x00000001
core   0: 0x8000a848 (0x0000bfe5) c.j     pc - 8
core   0: 3 0x8000a848 (0xbfe5)
core   0: 0x8000a840 (0x00005f17) auipc   t5, 0x5
core   0: 3 0x8000a840 (0x00005f17) x30 0x8000f840
core   0: 0x8000a844 (0x7c3f2023) sw      gp, 1984(t5)
core   0: 3 0x8000a844 (0x7c3f2023) mem 0x80010000 0x00000001
core   0: 0x8000a848 (0x0000bfe5) c.j     pc - 8
core   0: 3 0x8000a848 (0xbfe5)
core   0: 0x8000a840 (0x00005f17) auipc   t5, 0x5
core   0: 3 0x8000a840 (0x00005f17) x30 0x8000f840
core   0: 0x8000a844 (0x7c3f2023) sw      gp, 1984(t5)
core   0: 3 0x8000a844 (0x7c3f2023) mem 0x80010000 0x00000001
core   0: 0x8000a848 (0x0000bfe5) c.j     pc - 8
core   0: 3 0x8000a848 (0xbfe5)
core   0: 0x8000a840 (0x00005f17) auipc   t5, 0x5
core   0: 3 0x8000a840 (0x00005f17) x30 0x8000f840
core   0: 0x8000a844 (0x7c3f2023) sw      gp, 1984(t5)
core   0: 3 0x8000a844 (0x7c3f2023) mem 0x80010000 0x00000001
core   0: 0x8000a848 (0x0000bfe5) c.j     pc - 8
core   0: 3 0x8000a848 (0xbfe5)
core   0: 0x8000a840 (0x00005f17) auipc   t5, 0x5
core   0: 3 0x8000a840 (0x00005f17) x30 0x8000f840
core   0: 0x8000a844 (0x7c3f2023) sw      gp, 1984(t5)
core   0: 3 0x8000a844 (0x7c3f2023) mem 0x80010000 0x00000001
core   0: 0x8000a848 (0x0000bfe5) c.j     pc - 8
core   0: 3 0x8000a848 (0xbfe5)
core   0: 0x8000a840 (0x00005f17) auipc   t5, 0x5
core   0: 3 0x8000a840 (0x00005f17) x30 0x8000f840
core   0: 0x8000a844 (0x7c3f2023) sw      gp, 1984(t5)
core   0: 3 0x8000a844 (0x7c3f2023) mem 0x80010000 0x00000001
core   0: 0x8000a848 (0x0000bfe5) c.j     pc - 8
core   0: 3 0x8000a848 (0xbfe5)
core   0: 0x8000a840 (0x00005f17) auipc   t5, 0x5
core   0: 3 0x8000a840 (0x00005f17) x30 0x8000f840
core   0: 0x8000a844 (0x7c3f2023) sw      gp, 1984(t5)
core   0: 3 0x8000a844 (0x7c3f2023) mem 0x80010000 0x00000001
core   0: 0x8000a848 (0x0000bfe5) c.j     pc - 8
core   0: 3 0x8000a848 (0xbfe5)
core   0: 0x8000a840 (0x00005f17) auipc   t5, 0x5
core   0: 3 0x8000a840 (0x00005f17) x30 0x8000f840
core   0: 0x8000a844 (0x7c3f2023) sw      gp, 1984(t5)
core   0: 3 0x8000a844 (0x7c3f2023) mem 0x80010000 0x00000001
core   0: 0x8000a848 (0x0000bfe5) c.j     pc - 8
core   0: 3 0x8000a848 (0xbfe5)
core   0: 0x8000a840 (0x00005f17) auipc   t5, 0x5
core   0: 3 0x8000a840 (0x00005f17) x30 0x8000f840
core   0: 0x8000a844 (0x7c3f2023) sw      gp, 1984(t5)
core   0: 3 0x8000a844 (0x7c3f2023) mem 0x80010000 0x00000001
core   0: 0x8000a848 (0x0000bfe5) c.j     pc - 8
core   0: 3 0x8000a848 (0xbfe5)
core   0: 0x8000a840 (0x00005f17) auipc   t5, 0x5
core   0: 3 0x8000a840 (0x00005f17) x30 0x8000f840
core   0: 0x8000a844 (0x7c3f2023) sw      gp, 1984(t5)
core   0: 3 0x8000a844 (0x7c3f2023) mem 0x80010000 0x00000001
core   0: 0x8000a848 (0x0000bfe5) c.j     pc - 8
core   0: 3 0x8000a848 (0xbfe5)
core   0: 0x8000a840 (0x00005f17) auipc   t5, 0x5
core   0: 3 0x8000a840 (0x00005f17) x30 0x8000f840
core   0: 0x8000a844 (0x7c3f2023) sw      gp, 1984(t5)
core   0: 3 0x8000a844 (0x7c3f2023) mem 0x80010000 0x00000001
core   0: 0x8000a848 (0x0000bfe5) c.j     pc - 8
core   0: 3 0x8000a848 (0xbfe5)
core   0: 0x8000a840 (0x00005f17) auipc   t5, 0x5
core   0: 3 0x8000a840 (0x00005f17) x30 0x8000f840
core   0: 0x8000a844 (0x7c3f2023) sw      gp, 1984(t5)
core   0: 3 0x8000a844 (0x7c3f2023) mem 0x80010000 0x00000001
core   0: 0x8000a848 (0x0000bfe5) c.j     pc - 8
core   0: 3 0x8000a848 (0xbfe5)
core   0: 0x8000a840 (0x00005f17) auipc   t5, 0x5
core   0: 3 0x8000a840 (0x00005f17) x30 0x8000f840
core   0: 0x8000a844 (0x7c3f2023) sw      gp, 1984(t5)
core   0: 3 0x8000a844 (0x7c3f2023) mem 0x80010000 0x00000001
core   0: 0x8000a848 (0x0000bfe5) c.j     pc - 8
core   0: 3 0x8000a848 (0xbfe5)
core   0: 0x8000a840 (0x00005f17) auipc   t5, 0x5
core   0: 3 0x8000a840 (0x00005f17) x30 0x8000f840
core   0: 0x8000a844 (0x7c3f2023) sw      gp, 1984(t5)
core   0: 3 0x8000a844 (0x7c3f2023) mem 0x80010000 0x00000001
core   0: 0x8000a848 (0x0000bfe5) c.j     pc - 8
core   0: 3 0x8000a848 (0xbfe5)
core   0: 0x8000a840 (0x00005f17) auipc   t5, 0x5
core   0: 3 0x8000a840 (0x00005f17) x30 0x8000f840
core   0: 0x8000a844 (0x7c3f2023) sw      gp, 1984(t5)
core   0: 3 0x8000a844 (0x7c3f2023) mem 0x80010000 0x00000001
core   0: 0x8000a848 (0x0000bfe5) c.j     pc - 8
core   0: 3 0x8000a848 (0xbfe5)
core   0: 0x8000a840 (0x00005f17) auipc   t5, 0x5
core   0: 3 0x8000a840 (0x00005f17) x30 0x8000f840
core   0: 0x8000a844 (0x7c3f2023) sw      gp, 1984(t5)
core   0: 3 0x8000a844 (0x7c3f2023) mem 0x80010000 0x00000001
core   0: 0x8000a848 (0x0000bfe5) c.j     pc - 8
core   0: 3 0x8000a848 (0xbfe5)
core   0: 0x8000a840 (0x00005f17) auipc   t5, 0x5
core   0: 3 0x8000a840 (0x00005f17) x30 0x8000f840
core   0: 0x8000a844 (0x7c3f2023) sw      gp, 1984(t5)
core   0: 3 0x8000a844 (0x7c3f2023) mem 0x80010000 0x00000001
core   0: 0x8000a848 (0x0000bfe5) c.j     pc - 8
core   0: 3 0x8000a848 (0xbfe5)
core   0: 0x8000a840 (0x00005f17) auipc   t5, 0x5
core   0: 3 0x8000a840 (0x00005f17) x30 0x8000f840
core   0: 0x8000a844 (0x7c3f2023) sw      gp, 1984(t5)
core   0: 3 0x8000a844 (0x7c3f2023) mem 0x80010000 0x00000001
core   0: 0x8000a848 (0x0000bfe5) c.j     pc - 8
core   0: 3 0x8000a848 (0xbfe5)
core   0: 0x8000a840 (0x00005f17) auipc   t5, 0x5
core   0: 3 0x8000a840 (0x00005f17) x30 0x8000f840
core   0: 0x8000a844 (0x7c3f2023) sw      gp, 1984(t5)
core   0: 3 0x8000a844 (0x7c3f2023) mem 0x80010000 0x00000001
core   0: 0x8000a848 (0x0000bfe5) c.j     pc - 8
core   0: 3 0x8000a848 (0xbfe5)
core   0: 0x8000a840 (0x00005f17) auipc   t5, 0x5
core   0: 3 0x8000a840 (0x00005f17) x30 0x8000f840
core   0: 0x8000a844 (0x7c3f2023) sw      gp, 1984(t5)
core   0: 3 0x8000a844 (0x7c3f2023) mem 0x80010000 0x00000001
core   0: 0x8000a848 (0x0000bfe5) c.j     pc - 8
core   0: 3 0x8000a848 (0xbfe5)
core   0: 0x8000a840 (0x00005f17) auipc   t5, 0x5
core   0: 3 0x8000a840 (0x00005f17) x30 0x8000f840
core   0: 0x8000a844 (0x7c3f2023) sw      gp, 1984(t5)
core   0: 3 0x8000a844 (0x7c3f2023) mem 0x80010000 0x00000001
core   0: 0x8000a848 (0x0000bfe5) c.j     pc - 8
core   0: 3 0x8000a848 (0xbfe5)
core   0: 0x8000a840 (0x00005f17) auipc   t5, 0x5
core   0: 3 0x8000a840 (0x00005f17) x30 0x8000f840
core   0: 0x8000a844 (0x7c3f2023) sw      gp, 1984(t5)
core   0: 3 0x8000a844 (0x7c3f2023) mem 0x80010000 0x00000001
core   0: 0x8000a848 (0x0000bfe5) c.j     pc - 8
core   0: 3 0x8000a848 (0xbfe5)
core   0: 0x8000a840 (0x00005f17) auipc   t5, 0x5
core   0: 3 0x8000a840 (0x00005f17) x30 0x8000f840
core   0: 0x8000a844 (0x7c3f2023) sw      gp, 1984(t5)
core   0: 3 0x8000a844 (0x7c3f2023) mem 0x80010000 0x00000001
core   0: 0x8000a848 (0x0000bfe5) c.j     pc - 8
core   0: 3 0x8000a848 (0xbfe5)
core   0: 0x8000a840 (0x00005f17) auipc   t5, 0x5
core   0: 3 0x8000a840 (0x00005f17) x30 0x8000f840
core   0: 0x8000a844 (0x7c3f2023) sw      gp, 1984(t5)
core   0: 3 0x8000a844 (0x7c3f2023) mem 0x80010000 0x00000001
core   0: 0x8000a848 (0x0000bfe5) c.j     pc - 8
core   0: 3 0x8000a848 (0xbfe5)
core   0: 0x8000a840 (0x00005f17) auipc   t5, 0x5
core   0: 3 0x8000a840 (0x00005f17) x30 0x8000f840
core   0: 0x8000a844 (0x7c3f2023) sw      gp, 1984(t5)
core   0: 3 0x8000a844 (0x7c3f2023) mem 0x80010000 0x00000001
core   0: 0x8000a848 (0x0000bfe5) c.j     pc - 8
core   0: 3 0x8000a848 (0xbfe5)
core   0: 0x8000a840 (0x00005f17) auipc   t5, 0x5
core   0: 3 0x8000a840 (0x00005f17) x30 0x8000f840
core   0: 0x8000a844 (0x7c3f2023) sw      gp, 1984(t5)
core   0: 3 0x8000a844 (0x7c3f2023) mem 0x80010000 0x00000001
core   0: 0x8000a848 (0x0000bfe5) c.j     pc - 8
core   0: 3 0x8000a848 (0xbfe5)
core   0: 0x8000a840 (0x00005f17) auipc   t5, 0x5
core   0: 3 0x8000a840 (0x00005f17) x30 0x8000f840
core   0: 0x8000a844 (0x7c3f2023) sw      gp, 1984(t5)
core   0: 3 0x8000a844 (0x7c3f2023) mem 0x80010000 0x00000001
core   0: 0x8000a848 (0x0000bfe5) c.j     pc - 8
core   0: 3 0x8000a848 (0xbfe5)
core   0: 0x8000a840 (0x00005f17) auipc   t5, 0x5
core   0: 3 0x8000a840 (0x00005f17) x30 0x8000f840
core   0: 0x8000a844 (0x7c3f2023) sw      gp, 1984(t5)
core   0: 3 0x8000a844 (0x7c3f2023) mem 0x80010000 0x00000001
core   0: 0x8000a848 (0x0000bfe5) c.j     pc - 8
core   0: 3 0x8000a848 (0xbfe5)
core   0: 0x8000a840 (0x00005f17) auipc   t5, 0x5
core   0: 3 0x8000a840 (0x00005f17) x30 0x8000f840
core   0: 0x8000a844 (0x7c3f2023) sw      gp, 1984(t5)
core   0: 3 0x8000a844 (0x7c3f2023) mem 0x80010000 0x00000001
core   0: 0x8000a848 (0x0000bfe5) c.j     pc - 8
core   0: 3 0x8000a848 (0xbfe5)
core   0: 0x8000a840 (0x00005f17) auipc   t5, 0x5
core   0: 3 0x8000a840 (0x00005f17) x30 0x8000f840
core   0: 0x8000a844 (0x7c3f2023) sw      gp, 1984(t5)
core   0: 3 0x8000a844 (0x7c3f2023) mem 0x80010000 0x00000001
core   0: 0x8000a848 (0x0000bfe5) c.j     pc - 8
core   0: 3 0x8000a848 (0xbfe5)
core   0: 0x8000a840 (0x00005f17) auipc   t5, 0x5
core   0: 3 0x8000a840 (0x00005f17) x30 0x8000f840
core   0: 0x8000a844 (0x7c3f2023) sw      gp, 1984(t5)
core   0: 3 0x8000a844 (0x7c3f2023) mem 0x80010000 0x00000001
core   0: 0x8000a848 (0x0000bfe5) c.j     pc - 8
core   0: 3 0x8000a848 (0xbfe5)
core   0: 0x8000a840 (0x00005f17) auipc   t5, 0x5
core   0: 3 0x8000a840 (0x00005f17) x30 0x8000f840
core   0: 0x8000a844 (0x7c3f2023) sw      gp, 1984(t5)
core   0: 3 0x8000a844 (0x7c3f2023) mem 0x80010000 0x00000001
core   0: 0x8000a848 (0x0000bfe5) c.j     pc - 8
core   0: 3 0x8000a848 (0xbfe5)
core   0: 0x8000a840 (0x00005f17) auipc   t5, 0x5
core   0: 3 0x8000a840 (0x00005f17) x30 0x8000f840
core   0: 0x8000a844 (0x7c3f2023) sw      gp, 1984(t5)
core   0: 3 0x8000a844 (0x7c3f2023) mem 0x80010000 0x00000001
core   0: 0x8000a848 (0x0000bfe5) c.j     pc - 8
core   0: 3 0x8000a848 (0xbfe5)
core   0: 0x8000a840 (0x00005f17) auipc   t5, 0x5
core   0: 3 0x8000a840 (0x00005f17) x30 0x8000f840
core   0: 0x8000a844 (0x7c3f2023) sw      gp, 1984(t5)
core   0: 3 0x8000a844 (0x7c3f2023) mem 0x80010000 0x00000001
core   0: 0x8000a848 (0x0000bfe5) c.j     pc - 8
core   0: 3 0x8000a848 (0xbfe5)
core   0: 0x8000a840 (0x00005f17) auipc   t5, 0x5
core   0: 3 0x8000a840 (0x00005f17) x30 0x8000f840
core   0: 0x8000a844 (0x7c3f2023) sw      gp, 1984(t5)
core   0: 3 0x8000a844 (0x7c3f2023) mem 0x80010000 0x00000001
core   0: 0x8000a848 (0x0000bfe5) c.j     pc - 8
core   0: 3 0x8000a848 (0xbfe5)
core   0: 0x8000a840 (0x00005f17) auipc   t5, 0x5
core   0: 3 0x8000a840 (0x00005f17) x30 0x8000f840
core   0: 0x8000a844 (0x7c3f2023) sw      gp, 1984(t5)
core   0: 3 0x8000a844 (0x7c3f2023) mem 0x80010000 0x00000001
core   0: 0x8000a848 (0x0000bfe5) c.j     pc - 8
core   0: 3 0x8000a848 (0xbfe5)
core   0: 0x8000a840 (0x00005f17) auipc   t5, 0x5
core   0: 3 0x8000a840 (0x00005f17) x30 0x8000f840
core   0: 0x8000a844 (0x7c3f2023) sw      gp, 1984(t5)
core   0: 3 0x8000a844 (0x7c3f2023) mem 0x80010000 0x00000001
core   0: 0x8000a848 (0x0000bfe5) c.j     pc - 8
core   0: 3 0x8000a848 (0xbfe5)
core   0: 0x8000a840 (0x00005f17) auipc   t5, 0x5
core   0: 3 0x8000a840 (0x00005f17) x30 0x8000f840
core   0: 0x8000a844 (0x7c3f2023) sw      gp, 1984(t5)
core   0: 3 0x8000a844 (0x7c3f2023) mem 0x80010000 0x00000001
core   0: 0x8000a848 (0x0000bfe5) c.j     pc - 8
core   0: 3 0x8000a848 (0xbfe5)
core   0: 0x8000a840 (0x00005f17) auipc   t5, 0x5
core   0: 3 0x8000a840 (0x00005f17) x30 0x8000f840
core   0: 0x8000a844 (0x7c3f2023) sw      gp, 1984(t5)
core   0: 3 0x8000a844 (0x7c3f2023) mem 0x80010000 0x00000001
core   0: 0x8000a848 (0x0000bfe5) c.j     pc - 8
core   0: 3 0x8000a848 (0xbfe5)
core   0: 0x8000a840 (0x00005f17) auipc   t5, 0x5
core   0: 3 0x8000a840 (0x00005f17) x30 0x8000f840
core   0: 0x8000a844 (0x7c3f2023) sw      gp, 1984(t5)
core   0: 3 0x8000a844 (0x7c3f2023) mem 0x80010000 0x00000001
core   0: 0x8000a848 (0x0000bfe5) c.j     pc - 8
core   0: 3 0x8000a848 (0xbfe5)
core   0: 0x8000a840 (0x00005f17) auipc   t5, 0x5
core   0: 3 0x8000a840 (0x00005f17) x30 0x8000f840
core   0: 0x8000a844 (0x7c3f2023) sw      gp, 1984(t5)
core   0: 3 0x8000a844 (0x7c3f2023) mem 0x80010000 0x00000001
core   0: 0x8000a848 (0x0000bfe5) c.j     pc - 8
core   0: 3 0x8000a848 (0xbfe5)
core   0: 0x8000a840 (0x00005f17) auipc   t5, 0x5
core   0: 3 0x8000a840 (0x00005f17) x30 0x8000f840
core   0: 0x8000a844 (0x7c3f2023) sw      gp, 1984(t5)
core   0: 3 0x8000a844 (0x7c3f2023) mem 0x80010000 0x00000001
core   0: 0x8000a848 (0x0000bfe5) c.j     pc - 8
core   0: 3 0x8000a848 (0xbfe5)
core   0: 0x8000a840 (0x00005f17) auipc   t5, 0x5
core   0: 3 0x8000a840 (0x00005f17) x30 0x8000f840
core   0: 0x8000a844 (0x7c3f2023) sw      gp, 1984(t5)
core   0: 3 0x8000a844 (0x7c3f2023) mem 0x80010000 0x00000001
core   0: 0x8000a848 (0x0000bfe5) c.j     pc - 8
core   0: 3 0x8000a848 (0xbfe5)
core   0: 0x8000a840 (0x00005f17) auipc   t5, 0x5
core   0: 3 0x8000a840 (0x00005f17) x30 0x8000f840
core   0: 0x8000a844 (0x7c3f2023) sw      gp, 1984(t5)
core   0: 3 0x8000a844 (0x7c3f2023) mem 0x80010000 0x00000001
core   0: 0x8000a848 (0x0000bfe5) c.j     pc - 8
core   0: 3 0x8000a848 (0xbfe5)
core   0: 0x8000a840 (0x00005f17) auipc   t5, 0x5
core   0: 3 0x8000a840 (0x00005f17) x30 0x8000f840
core   0: 0x8000a844 (0x7c3f2023) sw      gp, 1984(t5)
core   0: 3 0x8000a844 (0x7c3f2023) mem 0x80010000 0x00000001
core   0: 0x8000a848 (0x0000bfe5) c.j     pc - 8
core   0: 3 0x8000a848 (0xbfe5)
core   0: 0x8000a840 (0x00005f17) auipc   t5, 0x5
core   0: 3 0x8000a840 (0x00005f17) x30 0x8000f840
core   0: 0x8000a844 (0x7c3f2023) sw      gp, 1984(t5)
core   0: 3 0x8000a844 (0x7c3f2023) mem 0x80010000 0x00000001
core   0: 0x8000a848 (0x0000bfe5) c.j     pc - 8
core   0: 3 0x8000a848 (0xbfe5)
core   0: 0x8000a840 (0x00005f17) auipc   t5, 0x5
core   0: 3 0x8000a840 (0x00005f17) x30 0x8000f840
core   0: 0x8000a844 (0x7c3f2023) sw      gp, 1984(t5)
core   0: 3 0x8000a844 (0x7c3f2023) mem 0x80010000 0x00000001
core   0: 0x8000a848 (0x0000bfe5) c.j     pc - 8
core   0: 3 0x8000a848 (0xbfe5)
core   0: 0x8000a840 (0x00005f17) auipc   t5, 0x5
core   0: 3 0x8000a840 (0x00005f17) x30 0x8000f840
core   0: 0x8000a844 (0x7c3f2023) sw      gp, 1984(t5)
core   0: 3 0x8000a844 (0x7c3f2023) mem 0x80010000 0x00000001
core   0: 0x8000a848 (0x0000bfe5) c.j     pc - 8
core   0: 3 0x8000a848 (0xbfe5)
core   0: 0x8000a840 (0x00005f17) auipc   t5, 0x5
core   0: 3 0x8000a840 (0x00005f17) x30 0x8000f840
core   0: 0x8000a844 (0x7c3f2023) sw      gp, 1984(t5)
core   0: 3 0x8000a844 (0x7c3f2023) mem 0x80010000 0x00000001
core   0: 0x8000a848 (0x0000bfe5) c.j     pc - 8
core   0: 3 0x8000a848 (0xbfe5)
core   0: 0x8000a840 (0x00005f17) auipc   t5, 0x5
core   0: 3 0x8000a840 (0x00005f17) x30 0x8000f840
core   0: 0x8000a844 (0x7c3f2023) sw      gp, 1984(t5)
core   0: 3 0x8000a844 (0x7c3f2023) mem 0x80010000 0x00000001
core   0: 0x8000a848 (0x0000bfe5) c.j     pc - 8
core   0: 3 0x8000a848 (0xbfe5)
core   0: 0x8000a840 (0x00005f17) auipc   t5, 0x5
core   0: 3 0x8000a840 (0x00005f17) x30 0x8000f840
core   0: 0x8000a844 (0x7c3f2023) sw      gp, 1984(t5)
core   0: 3 0x8000a844 (0x7c3f2023) mem 0x80010000 0x00000001
core   0: 0x8000a848 (0x0000bfe5) c.j     pc - 8
core   0: 3 0x8000a848 (0xbfe5)
core   0: 0x8000a840 (0x00005f17) auipc   t5, 0x5
core   0: 3 0x8000a840 (0x00005f17) x30 0x8000f840
core   0: 0x8000a844 (0x7c3f2023) sw      gp, 1984(t5)
core   0: 3 0x8000a844 (0x7c3f2023) mem 0x80010000 0x00000001
core   0: 0x8000a848 (0x0000bfe5) c.j     pc - 8
core   0: 3 0x8000a848 (0xbfe5)
core   0: 0x8000a840 (0x00005f17) auipc   t5, 0x5
core   0: 3 0x8000a840 (0x00005f17) x30 0x8000f840
core   0: 0x8000a844 (0x7c3f2023) sw      gp, 1984(t5)
core   0: 3 0x8000a844 (0x7c3f2023) mem 0x80010000 0x00000001
core   0: 0x8000a848 (0x0000bfe5) c.j     pc - 8
core   0: 3 0x8000a848 (0xbfe5)
core   0: 0x8000a840 (0x00005f17) auipc   t5, 0x5
core   0: 3 0x8000a840 (0x00005f17) x30 0x8000f840
core   0: 0x8000a844 (0x7c3f2023) sw      gp, 1984(t5)
core   0: 3 0x8000a844 (0x7c3f2023) mem 0x80010000 0x00000001
core   0: 0x8000a848 (0x0000bfe5) c.j     pc - 8
core   0: 3 0x8000a848 (0xbfe5)
core   0: 0x8000a840 (0x00005f17) auipc   t5, 0x5
core   0: 3 0x8000a840 (0x00005f17) x30 0x8000f840
core   0: 0x8000a844 (0x7c3f2023) sw      gp, 1984(t5)
core   0: 3 0x8000a844 (0x7c3f2023) mem 0x80010000 0x00000001
core   0: 0x8000a848 (0x0000bfe5) c.j     pc - 8
core   0: 3 0x8000a848 (0xbfe5)
core   0: 0x8000a840 (0x00005f17) auipc   t5, 0x5
core   0: 3 0x8000a840 (0x00005f17) x30 0x8000f840
core   0: 0x8000a844 (0x7c3f2023) sw      gp, 1984(t5)
core   0: 3 0x8000a844 (0x7c3f2023) mem 0x80010000 0x00000001
core   0: 0x8000a848 (0x0000bfe5) c.j     pc - 8
core   0: 3 0x8000a848 (0xbfe5)
core   0: 0x8000a840 (0x00005f17) auipc   t5, 0x5
core   0: 3 0x8000a840 (0x00005f17) x30 0x8000f840
core   0: 0x8000a844 (0x7c3f2023) sw      gp, 1984(t5)
core   0: 3 0x8000a844 (0x7c3f2023) mem 0x80010000 0x00000001
core   0: 0x8000a848 (0x0000bfe5) c.j     pc - 8
core   0: 3 0x8000a848 (0xbfe5)
core   0: 0x8000a840 (0x00005f17) auipc   t5, 0x5
core   0: 3 0x8000a840 (0x00005f17) x30 0x8000f840
core   0: 0x8000a844 (0x7c3f2023) sw      gp, 1984(t5)
core   0: 3 0x8000a844 (0x7c3f2023) mem 0x80010000 0x00000001
core   0: 0x8000a848 (0x0000bfe5) c.j     pc - 8
core   0: 3 0x8000a848 (0xbfe5)
core   0: 0x8000a840 (0x00005f17) auipc   t5, 0x5
core   0: 3 0x8000a840 (0x00005f17) x30 0x8000f840
core   0: 0x8000a844 (0x7c3f2023) sw      gp, 1984(t5)
core   0: 3 0x8000a844 (0x7c3f2023) mem 0x80010000 0x00000001
core   0: 0x8000a848 (0x0000bfe5) c.j     pc - 8
core   0: 3 0x8000a848 (0xbfe5)
core   0: 0x8000a840 (0x00005f17) auipc   t5, 0x5
core   0: 3 0x8000a840 (0x00005f17) x30 0x8000f840
core   0: 0x8000a844 (0x7c3f2023) sw      gp, 1984(t5)
core   0: 3 0x8000a844 (0x7c3f2023) mem 0x80010000 0x00000001
core   0: 0x8000a848 (0x0000bfe5) c.j     pc - 8
core   0: 3 0x8000a848 (0xbfe5)
core   0: 0x8000a840 (0x00005f17) auipc   t5, 0x5
core   0: 3 0x8000a840 (0x00005f17) x30 0x8000f840
core   0: 0x8000a844 (0x7c3f2023) sw      gp, 1984(t5)
core   0: 3 0x8000a844 (0x7c3f2023) mem 0x80010000 0x00000001
core   0: 0x8000a848 (0x0000bfe5) c.j     pc - 8
core   0: 3 0x8000a848 (0xbfe5)
core   0: 0x8000a840 (0x00005f17) auipc   t5, 0x5
core   0: 3 0x8000a840 (0x00005f17) x30 0x8000f840
core   0: 0x8000a844 (0x7c3f2023) sw      gp, 1984(t5)
core   0: 3 0x8000a844 (0x7c3f2023) mem 0x80010000 0x00000001
core   0: 0x8000a848 (0x0000bfe5) c.j     pc - 8
core   0: 3 0x8000a848 (0xbfe5)
core   0: 0x8000a840 (0x00005f17) auipc   t5, 0x5
core   0: 3 0x8000a840 (0x00005f17) x30 0x8000f840
core   0: 0x8000a844 (0x7c3f2023) sw      gp, 1984(t5)
core   0: 3 0x8000a844 (0x7c3f2023) mem 0x80010000 0x00000001
core   0: 0x8000a848 (0x0000bfe5) c.j     pc - 8
core   0: 3 0x8000a848 (0xbfe5)
core   0: 0x8000a840 (0x00005f17) auipc   t5, 0x5
core   0: 3 0x8000a840 (0x00005f17) x30 0x8000f840
core   0: 0x8000a844 (0x7c3f2023) sw      gp, 1984(t5)
core   0: 3 0x8000a844 (0x7c3f2023) mem 0x80010000 0x00000001
core   0: 0x8000a848 (0x0000bfe5) c.j     pc - 8
core   0: 3 0x8000a848 (0xbfe5)
core   0: 0x8000a840 (0x00005f17) auipc   t5, 0x5
core   0: 3 0x8000a840 (0x00005f17) x30 0x8000f840
core   0: 0x8000a844 (0x7c3f2023) sw      gp, 1984(t5)
core   0: 3 0x8000a844 (0x7c3f2023) mem 0x80010000 0x00000001
core   0: 0x8000a848 (0x0000bfe5) c.j     pc - 8
core   0: 3 0x8000a848 (0xbfe5)
core   0: 0x8000a840 (0x00005f17) auipc   t5, 0x5
core   0: 3 0x8000a840 (0x00005f17) x30 0x8000f840
core   0: 0x8000a844 (0x7c3f2023) sw      gp, 1984(t5)
core   0: 3 0x8000a844 (0x7c3f2023) mem 0x80010000 0x00000001
core   0: 0x8000a848 (0x0000bfe5) c.j     pc - 8
core   0: 3 0x8000a848 (0xbfe5)
core   0: 0x8000a840 (0x00005f17) auipc   t5, 0x5
core   0: 3 0x8000a840 (0x00005f17) x30 0x8000f840
core   0: 0x8000a844 (0x7c3f2023) sw      gp, 1984(t5)
core   0: 3 0x8000a844 (0x7c3f2023) mem 0x80010000 0x00000001
core   0: 0x8000a848 (0x0000bfe5) c.j     pc - 8
core   0: 3 0x8000a848 (0xbfe5)
core   0: 0x8000a840 (0x00005f17) auipc   t5, 0x5
core   0: 3 0x8000a840 (0x00005f17) x30 0x8000f840
core   0: 0x8000a844 (0x7c3f2023) sw      gp, 1984(t5)
core   0: 3 0x8000a844 (0x7c3f2023) mem 0x80010000 0x00000001
core   0: 0x8000a848 (0x0000bfe5) c.j     pc - 8
core   0: 3 0x8000a848 (0xbfe5)
core   0: 0x8000a840 (0x00005f17) auipc   t5, 0x5
core   0: 3 0x8000a840 (0x00005f17) x30 0x8000f840
core   0: 0x8000a844 (0x7c3f2023) sw      gp, 1984(t5)
core   0: 3 0x8000a844 (0x7c3f2023) mem 0x80010000 0x00000001
core   0: 0x8000a848 (0x0000bfe5) c.j     pc - 8
core   0: 3 0x8000a848 (0xbfe5)
core   0: 0x8000a840 (0x00005f17) auipc   t5, 0x5
core   0: 3 0x8000a840 (0x00005f17) x30 0x8000f840
core   0: 0x8000a844 (0x7c3f2023) sw      gp, 1984(t5)
core   0: 3 0x8000a844 (0x7c3f2023) mem 0x80010000 0x00000001
core   0: 0x8000a848 (0x0000bfe5) c.j     pc - 8
core   0: 3 0x8000a848 (0xbfe5)
core   0: 0x8000a840 (0x00005f17) auipc   t5, 0x5
core   0: 3 0x8000a840 (0x00005f17) x30 0x8000f840
core   0: 0x8000a844 (0x7c3f2023) sw      gp, 1984(t5)
core   0: 3 0x8000a844 (0x7c3f2023) mem 0x80010000 0x00000001
core   0: 0x8000a848 (0x0000bfe5) c.j     pc - 8
core   0: 3 0x8000a848 (0xbfe5)
core   0: 0x8000a840 (0x00005f17) auipc   t5, 0x5
core   0: 3 0x8000a840 (0x00005f17) x30 0x8000f840
core   0: 0x8000a844 (0x7c3f2023) sw      gp, 1984(t5)
core   0: 3 0x8000a844 (0x7c3f2023) mem 0x80010000 0x00000001
core   0: 0x8000a848 (0x0000bfe5) c.j     pc - 8
core   0: 3 0x8000a848 (0xbfe5)
core   0: 0x8000a840 (0x00005f17) auipc   t5, 0x5
core   0: 3 0x8000a840 (0x00005f17) x30 0x8000f840
core   0: 0x8000a844 (0x7c3f2023) sw      gp, 1984(t5)
core   0: 3 0x8000a844 (0x7c3f2023) mem 0x80010000 0x00000001
core   0: 0x8000a848 (0x0000bfe5) c.j     pc - 8
core   0: 3 0x8000a848 (0xbfe5)
core   0: 0x8000a840 (0x00005f17) auipc   t5, 0x5
core   0: 3 0x8000a840 (0x00005f17) x30 0x8000f840
core   0: 0x8000a844 (0x7c3f2023) sw      gp, 1984(t5)
core   0: 3 0x8000a844 (0x7c3f2023) mem 0x80010000 0x00000001
core   0: 0x8000a848 (0x0000bfe5) c.j     pc - 8
core   0: 3 0x8000a848 (0xbfe5)
core   0: 0x8000a840 (0x00005f17) auipc   t5, 0x5
core   0: 3 0x8000a840 (0x00005f17) x30 0x8000f840
core   0: 0x8000a844 (0x7c3f2023) sw      gp, 1984(t5)
core   0: 3 0x8000a844 (0x7c3f2023) mem 0x80010000 0x00000001
core   0: 0x8000a848 (0x0000bfe5) c.j     pc - 8
core   0: 3 0x8000a848 (0xbfe5)
core   0: 0x8000a840 (0x00005f17) auipc   t5, 0x5
core   0: 3 0x8000a840 (0x00005f17) x30 0x8000f840
core   0: 0x8000a844 (0x7c3f2023) sw      gp, 1984(t5)
core   0: 3 0x8000a844 (0x7c3f2023) mem 0x80010000 0x00000001
core   0: 0x8000a848 (0x0000bfe5) c.j     pc - 8
core   0: 3 0x8000a848 (0xbfe5)
core   0: 0x8000a840 (0x00005f17) auipc   t5, 0x5
core   0: 3 0x8000a840 (0x00005f17) x30 0x8000f840
core   0: 0x8000a844 (0x7c3f2023) sw      gp, 1984(t5)
core   0: 3 0x8000a844 (0x7c3f2023) mem 0x80010000 0x00000001
core   0: 0x8000a848 (0x0000bfe5) c.j     pc - 8
core   0: 3 0x8000a848 (0xbfe5)
core   0: 0x8000a840 (0x00005f17) auipc   t5, 0x5
core   0: 3 0x8000a840 (0x00005f17) x30 0x8000f840
core   0: 0x8000a844 (0x7c3f2023) sw      gp, 1984(t5)
core   0: 3 0x8000a844 (0x7c3f2023) mem 0x80010000 0x00000001
core   0: 0x8000a848 (0x0000bfe5) c.j     pc - 8
core   0: 3 0x8000a848 (0xbfe5)
core   0: 0x8000a840 (0x00005f17) auipc   t5, 0x5
core   0: 3 0x8000a840 (0x00005f17) x30 0x8000f840
core   0: 0x8000a844 (0x7c3f2023) sw      gp, 1984(t5)
core   0: 3 0x8000a844 (0x7c3f2023) mem 0x80010000 0x00000001
core   0: 0x8000a848 (0x0000bfe5) c.j     pc - 8
core   0: 3 0x8000a848 (0xbfe5)
core   0: 0x8000a840 (0x00005f17) auipc   t5, 0x5
core   0: 3 0x8000a840 (0x00005f17) x30 0x8000f840
core   0: 0x8000a844 (0x7c3f2023) sw      gp, 1984(t5)
core   0: 3 0x8000a844 (0x7c3f2023) mem 0x80010000 0x00000001
core   0: 0x8000a848 (0x0000bfe5) c.j     pc - 8
core   0: 3 0x8000a848 (0xbfe5)
core   0: 0x8000a840 (0x00005f17) auipc   t5, 0x5
core   0: 3 0x8000a840 (0x00005f17) x30 0x8000f840
core   0: 0x8000a844 (0x7c3f2023) sw      gp, 1984(t5)
core   0: 3 0x8000a844 (0x7c3f2023) mem 0x80010000 0x00000001
core   0: 0x8000a848 (0x0000bfe5) c.j     pc - 8
core   0: 3 0x8000a848 (0xbfe5)
core   0: 0x8000a840 (0x00005f17) auipc   t5, 0x5
core   0: 3 0x8000a840 (0x00005f17) x30 0x8000f840
core   0: 0x8000a844 (0x7c3f2023) sw      gp, 1984(t5)
core   0: 3 0x8000a844 (0x7c3f2023) mem 0x80010000 0x00000001
core   0: 0x8000a848 (0x0000bfe5) c.j     pc - 8
core   0: 3 0x8000a848 (0xbfe5)
core   0: 0x8000a840 (0x00005f17) auipc   t5, 0x5
core   0: 3 0x8000a840 (0x00005f17) x30 0x8000f840
core   0: 0x8000a844 (0x7c3f2023) sw      gp, 1984(t5)
core   0: 3 0x8000a844 (0x7c3f2023) mem 0x80010000 0x00000001
core   0: 0x8000a848 (0x0000bfe5) c.j     pc - 8
core   0: 3 0x8000a848 (0xbfe5)
core   0: 0x8000a840 (0x00005f17) auipc   t5, 0x5
core   0: 3 0x8000a840 (0x00005f17) x30 0x8000f840
core   0: 0x8000a844 (0x7c3f2023) sw      gp, 1984(t5)
core   0: 3 0x8000a844 (0x7c3f2023) mem 0x80010000 0x00000001
core   0: 0x8000a848 (0x0000bfe5) c.j     pc - 8
core   0: 3 0x8000a848 (0xbfe5)
core   0: 0x8000a840 (0x00005f17) auipc   t5, 0x5
core   0: 3 0x8000a840 (0x00005f17) x30 0x8000f840
core   0: 0x8000a844 (0x7c3f2023) sw      gp, 1984(t5)
core   0: 3 0x8000a844 (0x7c3f2023) mem 0x80010000 0x00000001
core   0: 0x8000a848 (0x0000bfe5) c.j     pc - 8
core   0: 3 0x8000a848 (0xbfe5)
core   0: 0x8000a840 (0x00005f17) auipc   t5, 0x5
core   0: 3 0x8000a840 (0x00005f17) x30 0x8000f840
core   0: 0x8000a844 (0x7c3f2023) sw      gp, 1984(t5)
core   0: 3 0x8000a844 (0x7c3f2023) mem 0x80010000 0x00000001
core   0: 0x8000a848 (0x0000bfe5) c.j     pc - 8
core   0: 3 0x8000a848 (0xbfe5)
core   0: 0x8000a840 (0x00005f17) auipc   t5, 0x5
core   0: 3 0x8000a840 (0x00005f17) x30 0x8000f840
core   0: 0x8000a844 (0x7c3f2023) sw      gp, 1984(t5)
core   0: 3 0x8000a844 (0x7c3f2023) mem 0x80010000 0x00000001
core   0: 0x8000a848 (0x0000bfe5) c.j     pc - 8
core   0: 3 0x8000a848 (0xbfe5)
core   0: 0x8000a840 (0x00005f17) auipc   t5, 0x5
core   0: 3 0x8000a840 (0x00005f17) x30 0x8000f840
core   0: 0x8000a844 (0x7c3f2023) sw      gp, 1984(t5)
core   0: 3 0x8000a844 (0x7c3f2023) mem 0x80010000 0x00000001
core   0: 0x8000a848 (0x0000bfe5) c.j     pc - 8
core   0: 3 0x8000a848 (0xbfe5)
core   0: 0x8000a840 (0x00005f17) auipc   t5, 0x5
core   0: 3 0x8000a840 (0x00005f17) x30 0x8000f840
core   0: 0x8000a844 (0x7c3f2023) sw      gp, 1984(t5)
core   0: 3 0x8000a844 (0x7c3f2023) mem 0x80010000 0x00000001
core   0: 0x8000a848 (0x0000bfe5) c.j     pc - 8
core   0: 3 0x8000a848 (0xbfe5)
core   0: 0x8000a840 (0x00005f17) auipc   t5, 0x5
core   0: 3 0x8000a840 (0x00005f17) x30 0x8000f840
core   0: 0x8000a844 (0x7c3f2023) sw      gp, 1984(t5)
core   0: 3 0x8000a844 (0x7c3f2023) mem 0x80010000 0x00000001
core   0: 0x8000a848 (0x0000bfe5) c.j     pc - 8
core   0: 3 0x8000a848 (0xbfe5)
core   0: 0x8000a840 (0x00005f17) auipc   t5, 0x5
core   0: 3 0x8000a840 (0x00005f17) x30 0x8000f840
core   0: 0x8000a844 (0x7c3f2023) sw      gp, 1984(t5)
core   0: 3 0x8000a844 (0x7c3f2023) mem 0x80010000 0x00000001
core   0: 0x8000a848 (0x0000bfe5) c.j     pc - 8
core   0: 3 0x8000a848 (0xbfe5)
core   0: 0x8000a840 (0x00005f17) auipc   t5, 0x5
core   0: 3 0x8000a840 (0x00005f17) x30 0x8000f840
core   0: 0x8000a844 (0x7c3f2023) sw      gp, 1984(t5)
core   0: 3 0x8000a844 (0x7c3f2023) mem 0x80010000 0x00000001
core   0: 0x8000a848 (0x0000bfe5) c.j     pc - 8
core   0: 3 0x8000a848 (0xbfe5)
core   0: 0x8000a840 (0x00005f17) auipc   t5, 0x5
core   0: 3 0x8000a840 (0x00005f17) x30 0x8000f840
core   0: 0x8000a844 (0x7c3f2023) sw      gp, 1984(t5)
core   0: 3 0x8000a844 (0x7c3f2023) mem 0x80010000 0x00000001
core   0: 0x8000a848 (0x0000bfe5) c.j     pc - 8
core   0: 3 0x8000a848 (0xbfe5)
core   0: 0x8000a840 (0x00005f17) auipc   t5, 0x5
core   0: 3 0x8000a840 (0x00005f17) x30 0x8000f840
core   0: 0x8000a844 (0x7c3f2023) sw      gp, 1984(t5)
core   0: 3 0x8000a844 (0x7c3f2023) mem 0x80010000 0x00000001
core   0: 0x8000a848 (0x0000bfe5) c.j     pc - 8
core   0: 3 0x8000a848 (0xbfe5)
core   0: 0x8000a840 (0x00005f17) auipc   t5, 0x5
core   0: 3 0x8000a840 (0x00005f17) x30 0x8000f840
core   0: 0x8000a844 (0x7c3f2023) sw      gp, 1984(t5)
core   0: 3 0x8000a844 (0x7c3f2023) mem 0x80010000 0x00000001
core   0: 0x8000a848 (0x0000bfe5) c.j     pc - 8
core   0: 3 0x8000a848 (0xbfe5)
core   0: 0x8000a840 (0x00005f17) auipc   t5, 0x5
core   0: 3 0x8000a840 (0x00005f17) x30 0x8000f840
core   0: 0x8000a844 (0x7c3f2023) sw      gp, 1984(t5)
core   0: 3 0x8000a844 (0x7c3f2023) mem 0x80010000 0x00000001
core   0: 0x8000a848 (0x0000bfe5) c.j     pc - 8
core   0: 3 0x8000a848 (0xbfe5)
core   0: 0x8000a840 (0x00005f17) auipc   t5, 0x5
core   0: 3 0x8000a840 (0x00005f17) x30 0x8000f840
core   0: 0x8000a844 (0x7c3f2023) sw      gp, 1984(t5)
core   0: 3 0x8000a844 (0x7c3f2023) mem 0x80010000 0x00000001
core   0: 0x8000a848 (0x0000bfe5) c.j     pc - 8
core   0: 3 0x8000a848 (0xbfe5)
core   0: 0x8000a840 (0x00005f17) auipc   t5, 0x5
core   0: 3 0x8000a840 (0x00005f17) x30 0x8000f840
core   0: 0x8000a844 (0x7c3f2023) sw      gp, 1984(t5)
core   0: 3 0x8000a844 (0x7c3f2023) mem 0x80010000 0x00000001
core   0: 0x8000a848 (0x0000bfe5) c.j     pc - 8
core   0: 3 0x8000a848 (0xbfe5)
core   0: 0x8000a840 (0x00005f17) auipc   t5, 0x5
core   0: 3 0x8000a840 (0x00005f17) x30 0x8000f840
core   0: 0x8000a844 (0x7c3f2023) sw      gp, 1984(t5)
core   0: 3 0x8000a844 (0x7c3f2023) mem 0x80010000 0x00000001
core   0: 0x8000a848 (0x0000bfe5) c.j     pc - 8
core   0: 3 0x8000a848 (0xbfe5)
core   0: 0x8000a840 (0x00005f17) auipc   t5, 0x5
core   0: 3 0x8000a840 (0x00005f17) x30 0x8000f840
core   0: 0x8000a844 (0x7c3f2023) sw      gp, 1984(t5)
core   0: 3 0x8000a844 (0x7c3f2023) mem 0x80010000 0x00000001
core   0: 0x8000a848 (0x0000bfe5) c.j     pc - 8
core   0: 3 0x8000a848 (0xbfe5)
core   0: 0x8000a840 (0x00005f17) auipc   t5, 0x5
core   0: 3 0x8000a840 (0x00005f17) x30 0x8000f840
core   0: 0x8000a844 (0x7c3f2023) sw      gp, 1984(t5)
core   0: 3 0x8000a844 (0x7c3f2023) mem 0x80010000 0x00000001
core   0: 0x8000a848 (0x0000bfe5) c.j     pc - 8
core   0: 3 0x8000a848 (0xbfe5)
core   0: 0x8000a840 (0x00005f17) auipc   t5, 0x5
core   0: 3 0x8000a840 (0x00005f17) x30 0x8000f840
core   0: 0x8000a844 (0x7c3f2023) sw      gp, 1984(t5)
core   0: 3 0x8000a844 (0x7c3f2023) mem 0x80010000 0x00000001
core   0: 0x8000a848 (0x0000bfe5) c.j     pc - 8
core   0: 3 0x8000a848 (0xbfe5)
core   0: 0x8000a840 (0x00005f17) auipc   t5, 0x5
core   0: 3 0x8000a840 (0x00005f17) x30 0x8000f840
core   0: 0x8000a844 (0x7c3f2023) sw      gp, 1984(t5)
core   0: 3 0x8000a844 (0x7c3f2023) mem 0x80010000 0x00000001
core   0: 0x8000a848 (0x0000bfe5) c.j     pc - 8
core   0: 3 0x8000a848 (0xbfe5)
core   0: 0x8000a840 (0x00005f17) auipc   t5, 0x5
core   0: 3 0x8000a840 (0x00005f17) x30 0x8000f840
core   0: 0x8000a844 (0x7c3f2023) sw      gp, 1984(t5)
core   0: 3 0x8000a844 (0x7c3f2023) mem 0x80010000 0x00000001
core   0: 0x8000a848 (0x0000bfe5) c.j     pc - 8
core   0: 3 0x8000a848 (0xbfe5)
core   0: 0x8000a840 (0x00005f17) auipc   t5, 0x5
core   0: 3 0x8000a840 (0x00005f17) x30 0x8000f840
core   0: 0x8000a844 (0x7c3f2023) sw      gp, 1984(t5)
core   0: 3 0x8000a844 (0x7c3f2023) mem 0x80010000 0x00000001
core   0: 0x8000a848 (0x0000bfe5) c.j     pc - 8
core   0: 3 0x8000a848 (0xbfe5)
core   0: 0x8000a840 (0x00005f17) auipc   t5, 0x5
core   0: 3 0x8000a840 (0x00005f17) x30 0x8000f840
core   0: 0x8000a844 (0x7c3f2023) sw      gp, 1984(t5)
core   0: 3 0x8000a844 (0x7c3f2023) mem 0x80010000 0x00000001
core   0: 0x8000a848 (0x0000bfe5) c.j     pc - 8
core   0: 3 0x8000a848 (0xbfe5)
core   0: 0x8000a840 (0x00005f17) auipc   t5, 0x5
core   0: 3 0x8000a840 (0x00005f17) x30 0x8000f840
core   0: 0x8000a844 (0x7c3f2023) sw      gp, 1984(t5)
core   0: 3 0x8000a844 (0x7c3f2023) mem 0x80010000 0x00000001
core   0: 0x8000a848 (0x0000bfe5) c.j     pc - 8
core   0: 3 0x8000a848 (0xbfe5)
core   0: 0x8000a840 (0x00005f17) auipc   t5, 0x5
core   0: 3 0x8000a840 (0x00005f17) x30 0x8000f840
core   0: 0x8000a844 (0x7c3f2023) sw      gp, 1984(t5)
core   0: 3 0x8000a844 (0x7c3f2023) mem 0x80010000 0x00000001
core   0: 0x8000a848 (0x0000bfe5) c.j     pc - 8
core   0: 3 0x8000a848 (0xbfe5)
core   0: 0x8000a840 (0x00005f17) auipc   t5, 0x5
core   0: 3 0x8000a840 (0x00005f17) x30 0x8000f840
core   0: 0x8000a844 (0x7c3f2023) sw      gp, 1984(t5)
core   0: 3 0x8000a844 (0x7c3f2023) mem 0x80010000 0x00000001
core   0: 0x8000a848 (0x0000bfe5) c.j     pc - 8
core   0: 3 0x8000a848 (0xbfe5)
core   0: 0x8000a840 (0x00005f17) auipc   t5, 0x5
core   0: 3 0x8000a840 (0x00005f17) x30 0x8000f840
core   0: 0x8000a844 (0x7c3f2023) sw      gp, 1984(t5)
core   0: 3 0x8000a844 (0x7c3f2023) mem 0x80010000 0x00000001
core   0: 0x8000a848 (0x0000bfe5) c.j     pc - 8
core   0: 3 0x8000a848 (0xbfe5)
core   0: 0x8000a840 (0x00005f17) auipc   t5, 0x5
core   0: 3 0x8000a840 (0x00005f17) x30 0x8000f840
core   0: 0x8000a844 (0x7c3f2023) sw      gp, 1984(t5)
core   0: 3 0x8000a844 (0x7c3f2023) mem 0x80010000 0x00000001
core   0: 0x8000a848 (0x0000bfe5) c.j     pc - 8
core   0: 3 0x8000a848 (0xbfe5)
core   0: 0x8000a840 (0x00005f17) auipc   t5, 0x5
core   0: 3 0x8000a840 (0x00005f17) x30 0x8000f840
core   0: 0x8000a844 (0x7c3f2023) sw      gp, 1984(t5)
core   0: 3 0x8000a844 (0x7c3f2023) mem 0x80010000 0x00000001
core   0: 0x8000a848 (0x0000bfe5) c.j     pc - 8
core   0: 3 0x8000a848 (0xbfe5)
core   0: 0x8000a840 (0x00005f17) auipc   t5, 0x5
core   0: 3 0x8000a840 (0x00005f17) x30 0x8000f840
core   0: 0x8000a844 (0x7c3f2023) sw      gp, 1984(t5)
core   0: 3 0x8000a844 (0x7c3f2023) mem 0x80010000 0x00000001
core   0: 0x8000a848 (0x0000bfe5) c.j     pc - 8
core   0: 3 0x8000a848 (0xbfe5)
core   0: 0x8000a840 (0x00005f17) auipc   t5, 0x5
core   0: 3 0x8000a840 (0x00005f17) x30 0x8000f840
core   0: 0x8000a844 (0x7c3f2023) sw      gp, 1984(t5)
core   0: 3 0x8000a844 (0x7c3f2023) mem 0x80010000 0x00000001
core   0: 0x8000a848 (0x0000bfe5) c.j     pc - 8
core   0: 3 0x8000a848 (0xbfe5)
core   0: 0x8000a840 (0x00005f17) auipc   t5, 0x5
core   0: 3 0x8000a840 (0x00005f17) x30 0x8000f840
core   0: 0x8000a844 (0x7c3f2023) sw      gp, 1984(t5)
core   0: 3 0x8000a844 (0x7c3f2023) mem 0x80010000 0x00000001
core   0: 0x8000a848 (0x0000bfe5) c.j     pc - 8
core   0: 3 0x8000a848 (0xbfe5)
core   0: 0x8000a840 (0x00005f17) auipc   t5, 0x5
core   0: 3 0x8000a840 (0x00005f17) x30 0x8000f840
core   0: 0x8000a844 (0x7c3f2023) sw      gp, 1984(t5)
core   0: 3 0x8000a844 (0x7c3f2023) mem 0x80010000 0x00000001
core   0: 0x8000a848 (0x0000bfe5) c.j     pc - 8
core   0: 3 0x8000a848 (0xbfe5)
core   0: 0x8000a840 (0x00005f17) auipc   t5, 0x5
core   0: 3 0x8000a840 (0x00005f17) x30 0x8000f840
core   0: 0x8000a844 (0x7c3f2023) sw      gp, 1984(t5)
core   0: 3 0x8000a844 (0x7c3f2023) mem 0x80010000 0x00000001
core   0: 0x8000a848 (0x0000bfe5) c.j     pc - 8
core   0: 3 0x8000a848 (0xbfe5)
core   0: 0x8000a840 (0x00005f17) auipc   t5, 0x5
core   0: 3 0x8000a840 (0x00005f17) x30 0x8000f840
core   0: 0x8000a844 (0x7c3f2023) sw      gp, 1984(t5)
core   0: 3 0x8000a844 (0x7c3f2023) mem 0x80010000 0x00000001
core   0: 0x8000a848 (0x0000bfe5) c.j     pc - 8
core   0: 3 0x8000a848 (0xbfe5)
core   0: 0x8000a840 (0x00005f17) auipc   t5, 0x5
core   0: 3 0x8000a840 (0x00005f17) x30 0x8000f840
core   0: 0x8000a844 (0x7c3f2023) sw      gp, 1984(t5)
core   0: 3 0x8000a844 (0x7c3f2023) mem 0x80010000 0x00000001
core   0: 0x8000a848 (0x0000bfe5) c.j     pc - 8
core   0: 3 0x8000a848 (0xbfe5)
core   0: 0x8000a840 (0x00005f17) auipc   t5, 0x5
core   0: 3 0x8000a840 (0x00005f17) x30 0x8000f840
core   0: 0x8000a844 (0x7c3f2023) sw      gp, 1984(t5)
core   0: 3 0x8000a844 (0x7c3f2023) mem 0x80010000 0x00000001
core   0: 0x8000a848 (0x0000bfe5) c.j     pc - 8
core   0: 3 0x8000a848 (0xbfe5)
core   0: 0x8000a840 (0x00005f17) auipc   t5, 0x5
core   0: 3 0x8000a840 (0x00005f17) x30 0x8000f840
core   0: 0x8000a844 (0x7c3f2023) sw      gp, 1984(t5)
core   0: 3 0x8000a844 (0x7c3f2023) mem 0x80010000 0x00000001
core   0: 0x8000a848 (0x0000bfe5) c.j     pc - 8
core   0: 3 0x8000a848 (0xbfe5)
core   0: 0x8000a840 (0x00005f17) auipc   t5, 0x5
core   0: 3 0x8000a840 (0x00005f17) x30 0x8000f840
core   0: 0x8000a844 (0x7c3f2023) sw      gp, 1984(t5)
core   0: 3 0x8000a844 (0x7c3f2023) mem 0x80010000 0x00000001
core   0: 0x8000a848 (0x0000bfe5) c.j     pc - 8
core   0: 3 0x8000a848 (0xbfe5)
core   0: 0x8000a840 (0x00005f17) auipc   t5, 0x5
core   0: 3 0x8000a840 (0x00005f17) x30 0x8000f840
core   0: 0x8000a844 (0x7c3f2023) sw      gp, 1984(t5)
core   0: 3 0x8000a844 (0x7c3f2023) mem 0x80010000 0x00000001
core   0: 0x8000a848 (0x0000bfe5) c.j     pc - 8
core   0: 3 0x8000a848 (0xbfe5)
core   0: 0x8000a840 (0x00005f17) auipc   t5, 0x5
core   0: 3 0x8000a840 (0x00005f17) x30 0x8000f840
core   0: 0x8000a844 (0x7c3f2023) sw      gp, 1984(t5)
core   0: 3 0x8000a844 (0x7c3f2023) mem 0x80010000 0x00000001
core   0: 0x8000a848 (0x0000bfe5) c.j     pc - 8
core   0: 3 0x8000a848 (0xbfe5)
core   0: 0x8000a840 (0x00005f17) auipc   t5, 0x5
core   0: 3 0x8000a840 (0x00005f17) x30 0x8000f840
core   0: 0x8000a844 (0x7c3f2023) sw      gp, 1984(t5)
core   0: 3 0x8000a844 (0x7c3f2023) mem 0x80010000 0x00000001
core   0: 0x8000a848 (0x0000bfe5) c.j     pc - 8
core   0: 3 0x8000a848 (0xbfe5)
core   0: 0x8000a840 (0x00005f17) auipc   t5, 0x5
core   0: 3 0x8000a840 (0x00005f17) x30 0x8000f840
core   0: 0x8000a844 (0x7c3f2023) sw      gp, 1984(t5)
core   0: 3 0x8000a844 (0x7c3f2023) mem 0x80010000 0x00000001
core   0: 0x8000a848 (0x0000bfe5) c.j     pc - 8
core   0: 3 0x8000a848 (0xbfe5)
core   0: 0x8000a840 (0x00005f17) auipc   t5, 0x5
core   0: 3 0x8000a840 (0x00005f17) x30 0x8000f840
core   0: 0x8000a844 (0x7c3f2023) sw      gp, 1984(t5)
core   0: 3 0x8000a844 (0x7c3f2023) mem 0x80010000 0x00000001
core   0: 0x8000a848 (0x0000bfe5) c.j     pc - 8
core   0: 3 0x8000a848 (0xbfe5)
core   0: 0x8000a840 (0x00005f17) auipc   t5, 0x5
core   0: 3 0x8000a840 (0x00005f17) x30 0x8000f840
core   0: 0x8000a844 (0x7c3f2023) sw      gp, 1984(t5)
core   0: 3 0x8000a844 (0x7c3f2023) mem 0x80010000 0x00000001
core   0: 0x8000a848 (0x0000bfe5) c.j     pc - 8
core   0: 3 0x8000a848 (0xbfe5)
core   0: 0x8000a840 (0x00005f17) auipc   t5, 0x5
core   0: 3 0x8000a840 (0x00005f17) x30 0x8000f840
core   0: 0x8000a844 (0x7c3f2023) sw      gp, 1984(t5)
core   0: 3 0x8000a844 (0x7c3f2023) mem 0x80010000 0x00000001
core   0: 0x8000a848 (0x0000bfe5) c.j     pc - 8
core   0: 3 0x8000a848 (0xbfe5)
core   0: 0x8000a840 (0x00005f17) auipc   t5, 0x5
core   0: 3 0x8000a840 (0x00005f17) x30 0x8000f840
core   0: 0x8000a844 (0x7c3f2023) sw      gp, 1984(t5)
core   0: 3 0x8000a844 (0x7c3f2023) mem 0x80010000 0x00000001
core   0: 0x8000a848 (0x0000bfe5) c.j     pc - 8
core   0: 3 0x8000a848 (0xbfe5)
core   0: 0x8000a840 (0x00005f17) auipc   t5, 0x5
core   0: 3 0x8000a840 (0x00005f17) x30 0x8000f840
core   0: 0x8000a844 (0x7c3f2023) sw      gp, 1984(t5)
core   0: 3 0x8000a844 (0x7c3f2023) mem 0x80010000 0x00000001
core   0: 0x8000a848 (0x0000bfe5) c.j     pc - 8
core   0: 3 0x8000a848 (0xbfe5)
core   0: 0x8000a840 (0x00005f17) auipc   t5, 0x5
core   0: 3 0x8000a840 (0x00005f17) x30 0x8000f840
core   0: 0x8000a844 (0x7c3f2023) sw      gp, 1984(t5)
core   0: 3 0x8000a844 (0x7c3f2023) mem 0x80010000 0x00000001
core   0: 0x8000a848 (0x0000bfe5) c.j     pc - 8
core   0: 3 0x8000a848 (0xbfe5)
core   0: 0x8000a840 (0x00005f17) auipc   t5, 0x5
core   0: 3 0x8000a840 (0x00005f17) x30 0x8000f840
core   0: 0x8000a844 (0x7c3f2023) sw      gp, 1984(t5)
core   0: 3 0x8000a844 (0x7c3f2023) mem 0x80010000 0x00000001
core   0: 0x8000a848 (0x0000bfe5) c.j     pc - 8
core   0: 3 0x8000a848 (0xbfe5)
core   0: 0x8000a840 (0x00005f17) auipc   t5, 0x5
core   0: 3 0x8000a840 (0x00005f17) x30 0x8000f840
core   0: 0x8000a844 (0x7c3f2023) sw      gp, 1984(t5)
core   0: 3 0x8000a844 (0x7c3f2023) mem 0x80010000 0x00000001
core   0: 0x8000a848 (0x0000bfe5) c.j     pc - 8
core   0: 3 0x8000a848 (0xbfe5)
core   0: 0x8000a840 (0x00005f17) auipc   t5, 0x5
core   0: 3 0x8000a840 (0x00005f17) x30 0x8000f840
core   0: 0x8000a844 (0x7c3f2023) sw      gp, 1984(t5)
core   0: 3 0x8000a844 (0x7c3f2023) mem 0x80010000 0x00000001
core   0: 0x8000a848 (0x0000bfe5) c.j     pc - 8
core   0: 3 0x8000a848 (0xbfe5)
core   0: 0x8000a840 (0x00005f17) auipc   t5, 0x5
core   0: 3 0x8000a840 (0x00005f17) x30 0x8000f840
core   0: 0x8000a844 (0x7c3f2023) sw      gp, 1984(t5)
core   0: 3 0x8000a844 (0x7c3f2023) mem 0x80010000 0x00000001
core   0: 0x8000a848 (0x0000bfe5) c.j     pc - 8
core   0: 3 0x8000a848 (0xbfe5)
core   0: 0x8000a840 (0x00005f17) auipc   t5, 0x5
core   0: 3 0x8000a840 (0x00005f17) x30 0x8000f840
core   0: 0x8000a844 (0x7c3f2023) sw      gp, 1984(t5)
core   0: 3 0x8000a844 (0x7c3f2023) mem 0x80010000 0x00000001
core   0: 0x8000a848 (0x0000bfe5) c.j     pc - 8
core   0: 3 0x8000a848 (0xbfe5)
core   0: 0x8000a840 (0x00005f17) auipc   t5, 0x5
core   0: 3 0x8000a840 (0x00005f17) x30 0x8000f840
core   0: 0x8000a844 (0x7c3f2023) sw      gp, 1984(t5)
core   0: 3 0x8000a844 (0x7c3f2023) mem 0x80010000 0x00000001
core   0: 0x8000a848 (0x0000bfe5) c.j     pc - 8
core   0: 3 0x8000a848 (0xbfe5)
core   0: 0x8000a840 (0x00005f17) auipc   t5, 0x5
core   0: 3 0x8000a840 (0x00005f17) x30 0x8000f840
core   0: 0x8000a844 (0x7c3f2023) sw      gp, 1984(t5)
core   0: 3 0x8000a844 (0x7c3f2023) mem 0x80010000 0x00000001
core   0: 0x8000a848 (0x0000bfe5) c.j     pc - 8
core   0: 3 0x8000a848 (0xbfe5)
core   0: 0x8000a840 (0x00005f17) auipc   t5, 0x5
core   0: 3 0x8000a840 (0x00005f17) x30 0x8000f840
core   0: 0x8000a844 (0x7c3f2023) sw      gp, 1984(t5)
core   0: 3 0x8000a844 (0x7c3f2023) mem 0x80010000 0x00000001
core   0: 0x8000a848 (0x0000bfe5) c.j     pc - 8
core   0: 3 0x8000a848 (0xbfe5)
core   0: 0x8000a840 (0x00005f17) auipc   t5, 0x5
core   0: 3 0x8000a840 (0x00005f17) x30 0x8000f840
core   0: 0x8000a844 (0x7c3f2023) sw      gp, 1984(t5)
core   0: 3 0x8000a844 (0x7c3f2023) mem 0x80010000 0x00000001
core   0: 0x8000a848 (0x0000bfe5) c.j     pc - 8
core   0: 3 0x8000a848 (0xbfe5)
core   0: 0x8000a840 (0x00005f17) auipc   t5, 0x5
core   0: 3 0x8000a840 (0x00005f17) x30 0x8000f840
core   0: 0x8000a844 (0x7c3f2023) sw      gp, 1984(t5)
core   0: 3 0x8000a844 (0x7c3f2023) mem 0x80010000 0x00000001
core   0: 0x8000a848 (0x0000bfe5) c.j     pc - 8
core   0: 3 0x8000a848 (0xbfe5)
core   0: 0x8000a840 (0x00005f17) auipc   t5, 0x5
core   0: 3 0x8000a840 (0x00005f17) x30 0x8000f840
core   0: 0x8000a844 (0x7c3f2023) sw      gp, 1984(t5)
core   0: 3 0x8000a844 (0x7c3f2023) mem 0x80010000 0x00000001
core   0: 0x8000a848 (0x0000bfe5) c.j     pc - 8
core   0: 3 0x8000a848 (0xbfe5)
core   0: 0x8000a840 (0x00005f17) auipc   t5, 0x5
core   0: 3 0x8000a840 (0x00005f17) x30 0x8000f840
core   0: 0x8000a844 (0x7c3f2023) sw      gp, 1984(t5)
core   0: 3 0x8000a844 (0x7c3f2023) mem 0x80010000 0x00000001
core   0: 0x8000a848 (0x0000bfe5) c.j     pc - 8
core   0: 3 0x8000a848 (0xbfe5)
core   0: 0x8000a840 (0x00005f17) auipc   t5, 0x5
core   0: 3 0x8000a840 (0x00005f17) x30 0x8000f840
core   0: 0x8000a844 (0x7c3f2023) sw      gp, 1984(t5)
core   0: 3 0x8000a844 (0x7c3f2023) mem 0x80010000 0x00000001
core   0: 0x8000a848 (0x0000bfe5) c.j     pc - 8
core   0: 3 0x8000a848 (0xbfe5)
core   0: 0x8000a840 (0x00005f17) auipc   t5, 0x5
core   0: 3 0x8000a840 (0x00005f17) x30 0x8000f840
core   0: 0x8000a844 (0x7c3f2023) sw      gp, 1984(t5)
core   0: 3 0x8000a844 (0x7c3f2023) mem 0x80010000 0x00000001
core   0: 0x8000a848 (0x0000bfe5) c.j     pc - 8
core   0: 3 0x8000a848 (0xbfe5)
core   0: 0x8000a840 (0x00005f17) auipc   t5, 0x5
core   0: 3 0x8000a840 (0x00005f17) x30 0x8000f840
core   0: 0x8000a844 (0x7c3f2023) sw      gp, 1984(t5)
core   0: 3 0x8000a844 (0x7c3f2023) mem 0x80010000 0x00000001
core   0: 0x8000a848 (0x0000bfe5) c.j     pc - 8
core   0: 3 0x8000a848 (0xbfe5)
core   0: 0x8000a840 (0x00005f17) auipc   t5, 0x5
core   0: 3 0x8000a840 (0x00005f17) x30 0x8000f840
core   0: 0x8000a844 (0x7c3f2023) sw      gp, 1984(t5)
core   0: 3 0x8000a844 (0x7c3f2023) mem 0x80010000 0x00000001
core   0: 0x8000a848 (0x0000bfe5) c.j     pc - 8
core   0: 3 0x8000a848 (0xbfe5)
core   0: 0x8000a840 (0x00005f17) auipc   t5, 0x5
core   0: 3 0x8000a840 (0x00005f17) x30 0x8000f840
core   0: 0x8000a844 (0x7c3f2023) sw      gp, 1984(t5)
core   0: 3 0x8000a844 (0x7c3f2023) mem 0x80010000 0x00000001
core   0: 0x8000a848 (0x0000bfe5) c.j     pc - 8
core   0: 3 0x8000a848 (0xbfe5)
core   0: 0x8000a840 (0x00005f17) auipc   t5, 0x5
core   0: 3 0x8000a840 (0x00005f17) x30 0x8000f840
core   0: 0x8000a844 (0x7c3f2023) sw      gp, 1984(t5)
core   0: 3 0x8000a844 (0x7c3f2023) mem 0x80010000 0x00000001
core   0: 0x8000a848 (0x0000bfe5) c.j     pc - 8
core   0: 3 0x8000a848 (0xbfe5)
core   0: 0x8000a840 (0x00005f17) auipc   t5, 0x5
core   0: 3 0x8000a840 (0x00005f17) x30 0x8000f840
core   0: 0x8000a844 (0x7c3f2023) sw      gp, 1984(t5)
core   0: 3 0x8000a844 (0x7c3f2023) mem 0x80010000 0x00000001
core   0: 0x8000a848 (0x0000bfe5) c.j     pc - 8
core   0: 3 0x8000a848 (0xbfe5)
core   0: 0x8000a840 (0x00005f17) auipc   t5, 0x5
core   0: 3 0x8000a840 (0x00005f17) x30 0x8000f840
core   0: 0x8000a844 (0x7c3f2023) sw      gp, 1984(t5)
core   0: 3 0x8000a844 (0x7c3f2023) mem 0x80010000 0x00000001
core   0: 0x8000a848 (0x0000bfe5) c.j     pc - 8
core   0: 3 0x8000a848 (0xbfe5)
core   0: 0x8000a840 (0x00005f17) auipc   t5, 0x5
core   0: 3 0x8000a840 (0x00005f17) x30 0x8000f840
core   0: 0x8000a844 (0x7c3f2023) sw      gp, 1984(t5)
core   0: 3 0x8000a844 (0x7c3f2023) mem 0x80010000 0x00000001
core   0: 0x8000a848 (0x0000bfe5) c.j     pc - 8
core   0: 3 0x8000a848 (0xbfe5)
core   0: 0x8000a840 (0x00005f17) auipc   t5, 0x5
core   0: 3 0x8000a840 (0x00005f17) x30 0x8000f840
core   0: 0x8000a844 (0x7c3f2023) sw      gp, 1984(t5)
core   0: 3 0x8000a844 (0x7c3f2023) mem 0x80010000 0x00000001
core   0: 0x8000a848 (0x0000bfe5) c.j     pc - 8
core   0: 3 0x8000a848 (0xbfe5)
core   0: 0x8000a840 (0x00005f17) auipc   t5, 0x5
core   0: 3 0x8000a840 (0x00005f17) x30 0x8000f840
core   0: 0x8000a844 (0x7c3f2023) sw      gp, 1984(t5)
core   0: 3 0x8000a844 (0x7c3f2023) mem 0x80010000 0x00000001
core   0: 0x8000a848 (0x0000bfe5) c.j     pc - 8
core   0: 3 0x8000a848 (0xbfe5)
core   0: 0x8000a840 (0x00005f17) auipc   t5, 0x5
core   0: 3 0x8000a840 (0x00005f17) x30 0x8000f840
core   0: 0x8000a844 (0x7c3f2023) sw      gp, 1984(t5)
core   0: 3 0x8000a844 (0x7c3f2023) mem 0x80010000 0x00000001
core   0: 0x8000a848 (0x0000bfe5) c.j     pc - 8
core   0: 3 0x8000a848 (0xbfe5)
core   0: 0x8000a840 (0x00005f17) auipc   t5, 0x5
core   0: 3 0x8000a840 (0x00005f17) x30 0x8000f840
core   0: 0x8000a844 (0x7c3f2023) sw      gp, 1984(t5)
core   0: 3 0x8000a844 (0x7c3f2023) mem 0x80010000 0x00000001
core   0: 0x8000a848 (0x0000bfe5) c.j     pc - 8
core   0: 3 0x8000a848 (0xbfe5)
core   0: 0x8000a840 (0x00005f17) auipc   t5, 0x5
core   0: 3 0x8000a840 (0x00005f17) x30 0x8000f840
core   0: 0x8000a844 (0x7c3f2023) sw      gp, 1984(t5)
core   0: 3 0x8000a844 (0x7c3f2023) mem 0x80010000 0x00000001
core   0: 0x8000a848 (0x0000bfe5) c.j     pc - 8
core   0: 3 0x8000a848 (0xbfe5)
core   0: 0x8000a840 (0x00005f17) auipc   t5, 0x5
core   0: 3 0x8000a840 (0x00005f17) x30 0x8000f840
core   0: 0x8000a844 (0x7c3f2023) sw      gp, 1984(t5)
core   0: 3 0x8000a844 (0x7c3f2023) mem 0x80010000 0x00000001
core   0: 0x8000a848 (0x0000bfe5) c.j     pc - 8
core   0: 3 0x8000a848 (0xbfe5)
core   0: 0x8000a840 (0x00005f17) auipc   t5, 0x5
core   0: 3 0x8000a840 (0x00005f17) x30 0x8000f840
core   0: 0x8000a844 (0x7c3f2023) sw      gp, 1984(t5)
core   0: 3 0x8000a844 (0x7c3f2023) mem 0x80010000 0x00000001
core   0: 0x8000a848 (0x0000bfe5) c.j     pc - 8
core   0: 3 0x8000a848 (0xbfe5)
core   0: 0x8000a840 (0x00005f17) auipc   t5, 0x5
core   0: 3 0x8000a840 (0x00005f17) x30 0x8000f840
core   0: 0x8000a844 (0x7c3f2023) sw      gp, 1984(t5)
core   0: 3 0x8000a844 (0x7c3f2023) mem 0x80010000 0x00000001
core   0: 0x8000a848 (0x0000bfe5) c.j     pc - 8
core   0: 3 0x8000a848 (0xbfe5)
core   0: 0x8000a840 (0x00005f17) auipc   t5, 0x5
core   0: 3 0x8000a840 (0x00005f17) x30 0x8000f840
core   0: 0x8000a844 (0x7c3f2023) sw      gp, 1984(t5)
core   0: 3 0x8000a844 (0x7c3f2023) mem 0x80010000 0x00000001
core   0: 0x8000a848 (0x0000bfe5) c.j     pc - 8
core   0: 3 0x8000a848 (0xbfe5)
core   0: 0x8000a840 (0x00005f17) auipc   t5, 0x5
core   0: 3 0x8000a840 (0x00005f17) x30 0x8000f840
core   0: 0x8000a844 (0x7c3f2023) sw      gp, 1984(t5)
core   0: 3 0x8000a844 (0x7c3f2023) mem 0x80010000 0x00000001
core   0: 0x8000a848 (0x0000bfe5) c.j     pc - 8
core   0: 3 0x8000a848 (0xbfe5)
core   0: 0x8000a840 (0x00005f17) auipc   t5, 0x5
core   0: 3 0x8000a840 (0x00005f17) x30 0x8000f840
core   0: 0x8000a844 (0x7c3f2023) sw      gp, 1984(t5)
core   0: 3 0x8000a844 (0x7c3f2023) mem 0x80010000 0x00000001
core   0: 0x8000a848 (0x0000bfe5) c.j     pc - 8
core   0: 3 0x8000a848 (0xbfe5)
core   0: 0x8000a840 (0x00005f17) auipc   t5, 0x5
core   0: 3 0x8000a840 (0x00005f17) x30 0x8000f840
core   0: 0x8000a844 (0x7c3f2023) sw      gp, 1984(t5)
core   0: 3 0x8000a844 (0x7c3f2023) mem 0x80010000 0x00000001
core   0: 0x8000a848 (0x0000bfe5) c.j     pc - 8
core   0: 3 0x8000a848 (0xbfe5)
core   0: 0x8000a840 (0x00005f17) auipc   t5, 0x5
core   0: 3 0x8000a840 (0x00005f17) x30 0x8000f840
core   0: 0x8000a844 (0x7c3f2023) sw      gp, 1984(t5)
core   0: 3 0x8000a844 (0x7c3f2023) mem 0x80010000 0x00000001
core   0: 0x8000a848 (0x0000bfe5) c.j     pc - 8
core   0: 3 0x8000a848 (0xbfe5)
core   0: 0x8000a840 (0x00005f17) auipc   t5, 0x5
core   0: 3 0x8000a840 (0x00005f17) x30 0x8000f840
core   0: 0x8000a844 (0x7c3f2023) sw      gp, 1984(t5)
core   0: 3 0x8000a844 (0x7c3f2023) mem 0x80010000 0x00000001
core   0: 0x8000a848 (0x0000bfe5) c.j     pc - 8
core   0: 3 0x8000a848 (0xbfe5)
core   0: 0x8000a840 (0x00005f17) auipc   t5, 0x5
core   0: 3 0x8000a840 (0x00005f17) x30 0x8000f840
core   0: 0x8000a844 (0x7c3f2023) sw      gp, 1984(t5)
core   0: 3 0x8000a844 (0x7c3f2023) mem 0x80010000 0x00000001
core   0: 0x8000a848 (0x0000bfe5) c.j     pc - 8
core   0: 3 0x8000a848 (0xbfe5)
core   0: 0x8000a840 (0x00005f17) auipc   t5, 0x5
core   0: 3 0x8000a840 (0x00005f17) x30 0x8000f840
core   0: 0x8000a844 (0x7c3f2023) sw      gp, 1984(t5)
core   0: 3 0x8000a844 (0x7c3f2023) mem 0x80010000 0x00000001
core   0: 0x8000a848 (0x0000bfe5) c.j     pc - 8
core   0: 3 0x8000a848 (0xbfe5)
core   0: 0x8000a840 (0x00005f17) auipc   t5, 0x5
core   0: 3 0x8000a840 (0x00005f17) x30 0x8000f840
core   0: 0x8000a844 (0x7c3f2023) sw      gp, 1984(t5)
core   0: 3 0x8000a844 (0x7c3f2023) mem 0x80010000 0x00000001
core   0: 0x8000a848 (0x0000bfe5) c.j     pc - 8
core   0: 3 0x8000a848 (0xbfe5)
core   0: 0x8000a840 (0x00005f17) auipc   t5, 0x5
core   0: 3 0x8000a840 (0x00005f17) x30 0x8000f840
core   0: 0x8000a844 (0x7c3f2023) sw      gp, 1984(t5)
core   0: 3 0x8000a844 (0x7c3f2023) mem 0x80010000 0x00000001
core   0: 0x8000a848 (0x0000bfe5) c.j     pc - 8
core   0: 3 0x8000a848 (0xbfe5)
core   0: 0x8000a840 (0x00005f17) auipc   t5, 0x5
core   0: 3 0x8000a840 (0x00005f17) x30 0x8000f840
core   0: 0x8000a844 (0x7c3f2023) sw      gp, 1984(t5)
core   0: 3 0x8000a844 (0x7c3f2023) mem 0x80010000 0x00000001
core   0: 0x8000a848 (0x0000bfe5) c.j     pc - 8
core   0: 3 0x8000a848 (0xbfe5)
core   0: 0x8000a840 (0x00005f17) auipc   t5, 0x5
core   0: 3 0x8000a840 (0x00005f17) x30 0x8000f840
core   0: 0x8000a844 (0x7c3f2023) sw      gp, 1984(t5)
core   0: 3 0x8000a844 (0x7c3f2023) mem 0x80010000 0x00000001
core   0: 0x8000a848 (0x0000bfe5) c.j     pc - 8
core   0: 3 0x8000a848 (0xbfe5)
core   0: 0x8000a840 (0x00005f17) auipc   t5, 0x5
core   0: 3 0x8000a840 (0x00005f17) x30 0x8000f840
core   0: 0x8000a844 (0x7c3f2023) sw      gp, 1984(t5)
core   0: 3 0x8000a844 (0x7c3f2023) mem 0x80010000 0x00000001
core   0: 0x8000a848 (0x0000bfe5) c.j     pc - 8
core   0: 3 0x8000a848 (0xbfe5)
core   0: 0x8000a840 (0x00005f17) auipc   t5, 0x5
core   0: 3 0x8000a840 (0x00005f17) x30 0x8000f840
core   0: 0x8000a844 (0x7c3f2023) sw      gp, 1984(t5)
core   0: 3 0x8000a844 (0x7c3f2023) mem 0x80010000 0x00000001
core   0: 0x8000a848 (0x0000bfe5) c.j     pc - 8
core   0: 3 0x8000a848 (0xbfe5)
core   0: 0x8000a840 (0x00005f17) auipc   t5, 0x5
core   0: 3 0x8000a840 (0x00005f17) x30 0x8000f840
core   0: 0x8000a844 (0x7c3f2023) sw      gp, 1984(t5)
core   0: 3 0x8000a844 (0x7c3f2023) mem 0x80010000 0x00000001
core   0: 0x8000a848 (0x0000bfe5) c.j     pc - 8
core   0: 3 0x8000a848 (0xbfe5)
core   0: 0x8000a840 (0x00005f17) auipc   t5, 0x5
core   0: 3 0x8000a840 (0x00005f17) x30 0x8000f840
core   0: 0x8000a844 (0x7c3f2023) sw      gp, 1984(t5)
core   0: 3 0x8000a844 (0x7c3f2023) mem 0x80010000 0x00000001
core   0: 0x8000a848 (0x0000bfe5) c.j     pc - 8
core   0: 3 0x8000a848 (0xbfe5)
core   0: 0x8000a840 (0x00005f17) auipc   t5, 0x5
core   0: 3 0x8000a840 (0x00005f17) x30 0x8000f840
core   0: 0x8000a844 (0x7c3f2023) sw      gp, 1984(t5)
core   0: 3 0x8000a844 (0x7c3f2023) mem 0x80010000 0x00000001
core   0: 0x8000a848 (0x0000bfe5) c.j     pc - 8
core   0: 3 0x8000a848 (0xbfe5)
core   0: 0x8000a840 (0x00005f17) auipc   t5, 0x5
core   0: 3 0x8000a840 (0x00005f17) x30 0x8000f840
core   0: 0x8000a844 (0x7c3f2023) sw      gp, 1984(t5)
core   0: 3 0x8000a844 (0x7c3f2023) mem 0x80010000 0x00000001
core   0: 0x8000a848 (0x0000bfe5) c.j     pc - 8
core   0: 3 0x8000a848 (0xbfe5)
core   0: 0x8000a840 (0x00005f17) auipc   t5, 0x5
core   0: 3 0x8000a840 (0x00005f17) x30 0x8000f840
core   0: 0x8000a844 (0x7c3f2023) sw      gp, 1984(t5)
core   0: 3 0x8000a844 (0x7c3f2023) mem 0x80010000 0x00000001
core   0: 0x8000a848 (0x0000bfe5) c.j     pc - 8
core   0: 3 0x8000a848 (0xbfe5)
core   0: 0x8000a840 (0x00005f17) auipc   t5, 0x5
core   0: 3 0x8000a840 (0x00005f17) x30 0x8000f840
core   0: 0x8000a844 (0x7c3f2023) sw      gp, 1984(t5)
core   0: 3 0x8000a844 (0x7c3f2023) mem 0x80010000 0x00000001
core   0: 0x8000a848 (0x0000bfe5) c.j     pc - 8
core   0: 3 0x8000a848 (0xbfe5)
core   0: 0x8000a840 (0x00005f17) auipc   t5, 0x5
core   0: 3 0x8000a840 (0x00005f17) x30 0x8000f840
core   0: 0x8000a844 (0x7c3f2023) sw      gp, 1984(t5)
core   0: 3 0x8000a844 (0x7c3f2023) mem 0x80010000 0x00000001
core   0: 0x8000a848 (0x0000bfe5) c.j     pc - 8
core   0: 3 0x8000a848 (0xbfe5)
core   0: 0x8000a840 (0x00005f17) auipc   t5, 0x5
core   0: 3 0x8000a840 (0x00005f17) x30 0x8000f840
core   0: 0x8000a844 (0x7c3f2023) sw      gp, 1984(t5)
core   0: 3 0x8000a844 (0x7c3f2023) mem 0x80010000 0x00000001
core   0: 0x8000a848 (0x0000bfe5) c.j     pc - 8
core   0: 3 0x8000a848 (0xbfe5)
core   0: 0x8000a840 (0x00005f17) auipc   t5, 0x5
core   0: 3 0x8000a840 (0x00005f17) x30 0x8000f840
core   0: 0x8000a844 (0x7c3f2023) sw      gp, 1984(t5)
core   0: 3 0x8000a844 (0x7c3f2023) mem 0x80010000 0x00000001
core   0: 0x8000a848 (0x0000bfe5) c.j     pc - 8
core   0: 3 0x8000a848 (0xbfe5)
core   0: 0x8000a840 (0x00005f17) auipc   t5, 0x5
core   0: 3 0x8000a840 (0x00005f17) x30 0x8000f840
core   0: 0x8000a844 (0x7c3f2023) sw      gp, 1984(t5)
core   0: 3 0x8000a844 (0x7c3f2023) mem 0x80010000 0x00000001
core   0: 0x8000a848 (0x0000bfe5) c.j     pc - 8
core   0: 3 0x8000a848 (0xbfe5)
core   0: 0x8000a840 (0x00005f17) auipc   t5, 0x5
core   0: 3 0x8000a840 (0x00005f17) x30 0x8000f840
core   0: 0x8000a844 (0x7c3f2023) sw      gp, 1984(t5)
core   0: 3 0x8000a844 (0x7c3f2023) mem 0x80010000 0x00000001
core   0: 0x8000a848 (0x0000bfe5) c.j     pc - 8
core   0: 3 0x8000a848 (0xbfe5)
core   0: 0x8000a840 (0x00005f17) auipc   t5, 0x5
core   0: 3 0x8000a840 (0x00005f17) x30 0x8000f840
core   0: 0x8000a844 (0x7c3f2023) sw      gp, 1984(t5)
core   0: 3 0x8000a844 (0x7c3f2023) mem 0x80010000 0x00000001
core   0: 0x8000a848 (0x0000bfe5) c.j     pc - 8
core   0: 3 0x8000a848 (0xbfe5)
core   0: 0x8000a840 (0x00005f17) auipc   t5, 0x5
core   0: 3 0x8000a840 (0x00005f17) x30 0x8000f840
core   0: 0x8000a844 (0x7c3f2023) sw      gp, 1984(t5)
core   0: 3 0x8000a844 (0x7c3f2023) mem 0x80010000 0x00000001
core   0: 0x8000a848 (0x0000bfe5) c.j     pc - 8
core   0: 3 0x8000a848 (0xbfe5)
core   0: 0x8000a840 (0x00005f17) auipc   t5, 0x5
core   0: 3 0x8000a840 (0x00005f17) x30 0x8000f840
core   0: 0x8000a844 (0x7c3f2023) sw      gp, 1984(t5)
core   0: 3 0x8000a844 (0x7c3f2023) mem 0x80010000 0x00000001
core   0: 0x8000a848 (0x0000bfe5) c.j     pc - 8
core   0: 3 0x8000a848 (0xbfe5)
core   0: 0x8000a840 (0x00005f17) auipc   t5, 0x5
core   0: 3 0x8000a840 (0x00005f17) x30 0x8000f840
core   0: 0x8000a844 (0x7c3f2023) sw      gp, 1984(t5)
core   0: 3 0x8000a844 (0x7c3f2023) mem 0x80010000 0x00000001
core   0: 0x8000a848 (0x0000bfe5) c.j     pc - 8
core   0: 3 0x8000a848 (0xbfe5)
core   0: 0x8000a840 (0x00005f17) auipc   t5, 0x5
core   0: 3 0x8000a840 (0x00005f17) x30 0x8000f840
core   0: 0x8000a844 (0x7c3f2023) sw      gp, 1984(t5)
core   0: 3 0x8000a844 (0x7c3f2023) mem 0x80010000 0x00000001
core   0: 0x8000a848 (0x0000bfe5) c.j     pc - 8
core   0: 3 0x8000a848 (0xbfe5)
core   0: 0x8000a840 (0x00005f17) auipc   t5, 0x5
core   0: 3 0x8000a840 (0x00005f17) x30 0x8000f840
core   0: 0x8000a844 (0x7c3f2023) sw      gp, 1984(t5)
core   0: 3 0x8000a844 (0x7c3f2023) mem 0x80010000 0x00000001
core   0: 0x8000a848 (0x0000bfe5) c.j     pc - 8
core   0: 3 0x8000a848 (0xbfe5)
core   0: 0x8000a840 (0x00005f17) auipc   t5, 0x5
core   0: 3 0x8000a840 (0x00005f17) x30 0x8000f840
core   0: 0x8000a844 (0x7c3f2023) sw      gp, 1984(t5)
core   0: 3 0x8000a844 (0x7c3f2023) mem 0x80010000 0x00000001
core   0: 0x8000a848 (0x0000bfe5) c.j     pc - 8
core   0: 3 0x8000a848 (0xbfe5)
core   0: 0x8000a840 (0x00005f17) auipc   t5, 0x5
core   0: 3 0x8000a840 (0x00005f17) x30 0x8000f840
core   0: 0x8000a844 (0x7c3f2023) sw      gp, 1984(t5)
core   0: 3 0x8000a844 (0x7c3f2023) mem 0x80010000 0x00000001
core   0: 0x8000a848 (0x0000bfe5) c.j     pc - 8
core   0: 3 0x8000a848 (0xbfe5)
core   0: 0x8000a840 (0x00005f17) auipc   t5, 0x5
core   0: 3 0x8000a840 (0x00005f17) x30 0x8000f840
core   0: 0x8000a844 (0x7c3f2023) sw      gp, 1984(t5)
core   0: 3 0x8000a844 (0x7c3f2023) mem 0x80010000 0x00000001
core   0: 0x8000a848 (0x0000bfe5) c.j     pc - 8
core   0: 3 0x8000a848 (0xbfe5)
core   0: 0x8000a840 (0x00005f17) auipc   t5, 0x5
core   0: 3 0x8000a840 (0x00005f17) x30 0x8000f840
core   0: 0x8000a844 (0x7c3f2023) sw      gp, 1984(t5)
core   0: 3 0x8000a844 (0x7c3f2023) mem 0x80010000 0x00000001
core   0: 0x8000a848 (0x0000bfe5) c.j     pc - 8
core   0: 3 0x8000a848 (0xbfe5)
core   0: 0x8000a840 (0x00005f17) auipc   t5, 0x5
core   0: 3 0x8000a840 (0x00005f17) x30 0x8000f840
core   0: 0x8000a844 (0x7c3f2023) sw      gp, 1984(t5)
core   0: 3 0x8000a844 (0x7c3f2023) mem 0x80010000 0x00000001
core   0: 0x8000a848 (0x0000bfe5) c.j     pc - 8
core   0: 3 0x8000a848 (0xbfe5)
core   0: 0x8000a840 (0x00005f17) auipc   t5, 0x5
core   0: 3 0x8000a840 (0x00005f17) x30 0x8000f840
core   0: 0x8000a844 (0x7c3f2023) sw      gp, 1984(t5)
core   0: 3 0x8000a844 (0x7c3f2023) mem 0x80010000 0x00000001
core   0: 0x8000a848 (0x0000bfe5) c.j     pc - 8
core   0: 3 0x8000a848 (0xbfe5)
core   0: 0x8000a840 (0x00005f17) auipc   t5, 0x5
core   0: 3 0x8000a840 (0x00005f17) x30 0x8000f840
core   0: 0x8000a844 (0x7c3f2023) sw      gp, 1984(t5)
core   0: 3 0x8000a844 (0x7c3f2023) mem 0x80010000 0x00000001
core   0: 0x8000a848 (0x0000bfe5) c.j     pc - 8
core   0: 3 0x8000a848 (0xbfe5)
core   0: 0x8000a840 (0x00005f17) auipc   t5, 0x5
core   0: 3 0x8000a840 (0x00005f17) x30 0x8000f840
core   0: 0x8000a844 (0x7c3f2023) sw      gp, 1984(t5)
core   0: 3 0x8000a844 (0x7c3f2023) mem 0x80010000 0x00000001
core   0: 0x8000a848 (0x0000bfe5) c.j     pc - 8
core   0: 3 0x8000a848 (0xbfe5)
core   0: 0x8000a840 (0x00005f17) auipc   t5, 0x5
core   0: 3 0x8000a840 (0x00005f17) x30 0x8000f840
core   0: 0x8000a844 (0x7c3f2023) sw      gp, 1984(t5)
core   0: 3 0x8000a844 (0x7c3f2023) mem 0x80010000 0x00000001
core   0: 0x8000a848 (0x0000bfe5) c.j     pc - 8
core   0: 3 0x8000a848 (0xbfe5)
core   0: 0x8000a840 (0x00005f17) auipc   t5, 0x5
core   0: 3 0x8000a840 (0x00005f17) x30 0x8000f840
core   0: 0x8000a844 (0x7c3f2023) sw      gp, 1984(t5)
core   0: 3 0x8000a844 (0x7c3f2023) mem 0x80010000 0x00000001
core   0: 0x8000a848 (0x0000bfe5) c.j     pc - 8
core   0: 3 0x8000a848 (0xbfe5)
core   0: 0x8000a840 (0x00005f17) auipc   t5, 0x5
core   0: 3 0x8000a840 (0x00005f17) x30 0x8000f840
core   0: 0x8000a844 (0x7c3f2023) sw      gp, 1984(t5)
core   0: 3 0x8000a844 (0x7c3f2023) mem 0x80010000 0x00000001
core   0: 0x8000a848 (0x0000bfe5) c.j     pc - 8
core   0: 3 0x8000a848 (0xbfe5)
core   0: 0x8000a840 (0x00005f17) auipc   t5, 0x5
core   0: 3 0x8000a840 (0x00005f17) x30 0x8000f840
core   0: 0x8000a844 (0x7c3f2023) sw      gp, 1984(t5)
core   0: 3 0x8000a844 (0x7c3f2023) mem 0x80010000 0x00000001
core   0: 0x8000a848 (0x0000bfe5) c.j     pc - 8
core   0: 3 0x8000a848 (0xbfe5)
core   0: 0x8000a840 (0x00005f17) auipc   t5, 0x5
core   0: 3 0x8000a840 (0x00005f17) x30 0x8000f840
core   0: 0x8000a844 (0x7c3f2023) sw      gp, 1984(t5)
core   0: 3 0x8000a844 (0x7c3f2023) mem 0x80010000 0x00000001
core   0: 0x8000a848 (0x0000bfe5) c.j     pc - 8
core   0: 3 0x8000a848 (0xbfe5)
core   0: 0x8000a840 (0x00005f17) auipc   t5, 0x5
core   0: 3 0x8000a840 (0x00005f17) x30 0x8000f840
core   0: 0x8000a844 (0x7c3f2023) sw      gp, 1984(t5)
core   0: 3 0x8000a844 (0x7c3f2023) mem 0x80010000 0x00000001
core   0: 0x8000a848 (0x0000bfe5) c.j     pc - 8
core   0: 3 0x8000a848 (0xbfe5)
core   0: 0x8000a840 (0x00005f17) auipc   t5, 0x5
core   0: 3 0x8000a840 (0x00005f17) x30 0x8000f840
core   0: 0x8000a844 (0x7c3f2023) sw      gp, 1984(t5)
core   0: 3 0x8000a844 (0x7c3f2023) mem 0x80010000 0x00000001
core   0: 0x8000a848 (0x0000bfe5) c.j     pc - 8
core   0: 3 0x8000a848 (0xbfe5)
core   0: 0x8000a840 (0x00005f17) auipc   t5, 0x5
core   0: 3 0x8000a840 (0x00005f17) x30 0x8000f840
core   0: 0x8000a844 (0x7c3f2023) sw      gp, 1984(t5)
core   0: 3 0x8000a844 (0x7c3f2023) mem 0x80010000 0x00000001
core   0: 0x8000a848 (0x0000bfe5) c.j     pc - 8
core   0: 3 0x8000a848 (0xbfe5)
core   0: 0x8000a840 (0x00005f17) auipc   t5, 0x5
core   0: 3 0x8000a840 (0x00005f17) x30 0x8000f840
core   0: 0x8000a844 (0x7c3f2023) sw      gp, 1984(t5)
core   0: 3 0x8000a844 (0x7c3f2023) mem 0x80010000 0x00000001
core   0: 0x8000a848 (0x0000bfe5) c.j     pc - 8
core   0: 3 0x8000a848 (0xbfe5)
core   0: 0x8000a840 (0x00005f17) auipc   t5, 0x5
core   0: 3 0x8000a840 (0x00005f17) x30 0x8000f840
core   0: 0x8000a844 (0x7c3f2023) sw      gp, 1984(t5)
core   0: 3 0x8000a844 (0x7c3f2023) mem 0x80010000 0x00000001
core   0: 0x8000a848 (0x0000bfe5) c.j     pc - 8
core   0: 3 0x8000a848 (0xbfe5)
core   0: 0x8000a840 (0x00005f17) auipc   t5, 0x5
core   0: 3 0x8000a840 (0x00005f17) x30 0x8000f840
core   0: 0x8000a844 (0x7c3f2023) sw      gp, 1984(t5)
core   0: 3 0x8000a844 (0x7c3f2023) mem 0x80010000 0x00000001
core   0: 0x8000a848 (0x0000bfe5) c.j     pc - 8
core   0: 3 0x8000a848 (0xbfe5)
core   0: 0x8000a840 (0x00005f17) auipc   t5, 0x5
core   0: 3 0x8000a840 (0x00005f17) x30 0x8000f840
core   0: 0x8000a844 (0x7c3f2023) sw      gp, 1984(t5)
core   0: 3 0x8000a844 (0x7c3f2023) mem 0x80010000 0x00000001
core   0: 0x8000a848 (0x0000bfe5) c.j     pc - 8
core   0: 3 0x8000a848 (0xbfe5)
core   0: 0x8000a840 (0x00005f17) auipc   t5, 0x5
core   0: 3 0x8000a840 (0x00005f17) x30 0x8000f840
core   0: 0x8000a844 (0x7c3f2023) sw      gp, 1984(t5)
core   0: 3 0x8000a844 (0x7c3f2023) mem 0x80010000 0x00000001
core   0: 0x8000a848 (0x0000bfe5) c.j     pc - 8
core   0: 3 0x8000a848 (0xbfe5)
core   0: 0x8000a840 (0x00005f17) auipc   t5, 0x5
core   0: 3 0x8000a840 (0x00005f17) x30 0x8000f840
core   0: 0x8000a844 (0x7c3f2023) sw      gp, 1984(t5)
core   0: 3 0x8000a844 (0x7c3f2023) mem 0x80010000 0x00000001
core   0: 0x8000a848 (0x0000bfe5) c.j     pc - 8
core   0: 3 0x8000a848 (0xbfe5)
core   0: 0x8000a840 (0x00005f17) auipc   t5, 0x5
core   0: 3 0x8000a840 (0x00005f17) x30 0x8000f840
core   0: 0x8000a844 (0x7c3f2023) sw      gp, 1984(t5)
core   0: 3 0x8000a844 (0x7c3f2023) mem 0x80010000 0x00000001
core   0: 0x8000a848 (0x0000bfe5) c.j     pc - 8
core   0: 3 0x8000a848 (0xbfe5)
core   0: 0x8000a840 (0x00005f17) auipc   t5, 0x5
core   0: 3 0x8000a840 (0x00005f17) x30 0x8000f840
core   0: 0x8000a844 (0x7c3f2023) sw      gp, 1984(t5)
core   0: 3 0x8000a844 (0x7c3f2023) mem 0x80010000 0x00000001
core   0: 0x8000a848 (0x0000bfe5) c.j     pc - 8
core   0: 3 0x8000a848 (0xbfe5)
core   0: 0x8000a840 (0x00005f17) auipc   t5, 0x5
core   0: 3 0x8000a840 (0x00005f17) x30 0x8000f840
core   0: 0x8000a844 (0x7c3f2023) sw      gp, 1984(t5)
core   0: 3 0x8000a844 (0x7c3f2023) mem 0x80010000 0x00000001
core   0: 0x8000a848 (0x0000bfe5) c.j     pc - 8
core   0: 3 0x8000a848 (0xbfe5)
core   0: 0x8000a840 (0x00005f17) auipc   t5, 0x5
core   0: 3 0x8000a840 (0x00005f17) x30 0x8000f840
core   0: 0x8000a844 (0x7c3f2023) sw      gp, 1984(t5)
core   0: 3 0x8000a844 (0x7c3f2023) mem 0x80010000 0x00000001
core   0: 0x8000a848 (0x0000bfe5) c.j     pc - 8
core   0: 3 0x8000a848 (0xbfe5)
core   0: 0x8000a840 (0x00005f17) auipc   t5, 0x5
core   0: 3 0x8000a840 (0x00005f17) x30 0x8000f840
core   0: 0x8000a844 (0x7c3f2023) sw      gp, 1984(t5)
core   0: 3 0x8000a844 (0x7c3f2023) mem 0x80010000 0x00000001
core   0: 0x8000a848 (0x0000bfe5) c.j     pc - 8
core   0: 3 0x8000a848 (0xbfe5)
core   0: 0x8000a840 (0x00005f17) auipc   t5, 0x5
core   0: 3 0x8000a840 (0x00005f17) x30 0x8000f840
core   0: 0x8000a844 (0x7c3f2023) sw      gp, 1984(t5)
core   0: 3 0x8000a844 (0x7c3f2023) mem 0x80010000 0x00000001
core   0: 0x8000a848 (0x0000bfe5) c.j     pc - 8
core   0: 3 0x8000a848 (0xbfe5)
core   0: 0x8000a840 (0x00005f17) auipc   t5, 0x5
core   0: 3 0x8000a840 (0x00005f17) x30 0x8000f840
core   0: 0x8000a844 (0x7c3f2023) sw      gp, 1984(t5)
core   0: 3 0x8000a844 (0x7c3f2023) mem 0x80010000 0x00000001
core   0: 0x8000a848 (0x0000bfe5) c.j     pc - 8
core   0: 3 0x8000a848 (0xbfe5)
core   0: 0x8000a840 (0x00005f17) auipc   t5, 0x5
core   0: 3 0x8000a840 (0x00005f17) x30 0x8000f840
core   0: 0x8000a844 (0x7c3f2023) sw      gp, 1984(t5)
core   0: 3 0x8000a844 (0x7c3f2023) mem 0x80010000 0x00000001
core   0: 0x8000a848 (0x0000bfe5) c.j     pc - 8
core   0: 3 0x8000a848 (0xbfe5)
core   0: 0x8000a840 (0x00005f17) auipc   t5, 0x5
core   0: 3 0x8000a840 (0x00005f17) x30 0x8000f840
core   0: 0x8000a844 (0x7c3f2023) sw      gp, 1984(t5)
core   0: 3 0x8000a844 (0x7c3f2023) mem 0x80010000 0x00000001
core   0: 0x8000a848 (0x0000bfe5) c.j     pc - 8
core   0: 3 0x8000a848 (0xbfe5)
core   0: 0x8000a840 (0x00005f17) auipc   t5, 0x5
core   0: 3 0x8000a840 (0x00005f17) x30 0x8000f840
core   0: 0x8000a844 (0x7c3f2023) sw      gp, 1984(t5)
core   0: 3 0x8000a844 (0x7c3f2023) mem 0x80010000 0x00000001
core   0: 0x8000a848 (0x0000bfe5) c.j     pc - 8
core   0: 3 0x8000a848 (0xbfe5)
core   0: 0x8000a840 (0x00005f17) auipc   t5, 0x5
core   0: 3 0x8000a840 (0x00005f17) x30 0x8000f840
core   0: 0x8000a844 (0x7c3f2023) sw      gp, 1984(t5)
core   0: 3 0x8000a844 (0x7c3f2023) mem 0x80010000 0x00000001
core   0: 0x8000a848 (0x0000bfe5) c.j     pc - 8
core   0: 3 0x8000a848 (0xbfe5)
core   0: 0x8000a840 (0x00005f17) auipc   t5, 0x5
core   0: 3 0x8000a840 (0x00005f17) x30 0x8000f840
core   0: 0x8000a844 (0x7c3f2023) sw      gp, 1984(t5)
core   0: 3 0x8000a844 (0x7c3f2023) mem 0x80010000 0x00000001
core   0: 0x8000a848 (0x0000bfe5) c.j     pc - 8
core   0: 3 0x8000a848 (0xbfe5)
core   0: 0x8000a840 (0x00005f17) auipc   t5, 0x5
core   0: 3 0x8000a840 (0x00005f17) x30 0x8000f840
core   0: 0x8000a844 (0x7c3f2023) sw      gp, 1984(t5)
core   0: 3 0x8000a844 (0x7c3f2023) mem 0x80010000 0x00000001
core   0: 0x8000a848 (0x0000bfe5) c.j     pc - 8
core   0: 3 0x8000a848 (0xbfe5)
core   0: 0x8000a840 (0x00005f17) auipc   t5, 0x5
core   0: 3 0x8000a840 (0x00005f17) x30 0x8000f840
core   0: 0x8000a844 (0x7c3f2023) sw      gp, 1984(t5)
core   0: 3 0x8000a844 (0x7c3f2023) mem 0x80010000 0x00000001
core   0: 0x8000a848 (0x0000bfe5) c.j     pc - 8
core   0: 3 0x8000a848 (0xbfe5)
core   0: 0x8000a840 (0x00005f17) auipc   t5, 0x5
core   0: 3 0x8000a840 (0x00005f17) x30 0x8000f840
core   0: 0x8000a844 (0x7c3f2023) sw      gp, 1984(t5)
core   0: 3 0x8000a844 (0x7c3f2023) mem 0x80010000 0x00000001
core   0: 0x8000a848 (0x0000bfe5) c.j     pc - 8
core   0: 3 0x8000a848 (0xbfe5)
core   0: 0x8000a840 (0x00005f17) auipc   t5, 0x5
core   0: 3 0x8000a840 (0x00005f17) x30 0x8000f840
core   0: 0x8000a844 (0x7c3f2023) sw      gp, 1984(t5)
core   0: 3 0x8000a844 (0x7c3f2023) mem 0x80010000 0x00000001
core   0: 0x8000a848 (0x0000bfe5) c.j     pc - 8
core   0: 3 0x8000a848 (0xbfe5)
core   0: 0x8000a840 (0x00005f17) auipc   t5, 0x5
core   0: 3 0x8000a840 (0x00005f17) x30 0x8000f840
core   0: 0x8000a844 (0x7c3f2023) sw      gp, 1984(t5)
core   0: 3 0x8000a844 (0x7c3f2023) mem 0x80010000 0x00000001
core   0: 0x8000a848 (0x0000bfe5) c.j     pc - 8
core   0: 3 0x8000a848 (0xbfe5)
core   0: 0x8000a840 (0x00005f17) auipc   t5, 0x5
core   0: 3 0x8000a840 (0x00005f17) x30 0x8000f840
core   0: 0x8000a844 (0x7c3f2023) sw      gp, 1984(t5)
core   0: 3 0x8000a844 (0x7c3f2023) mem 0x80010000 0x00000001
core   0: 0x8000a848 (0x0000bfe5) c.j     pc - 8
core   0: 3 0x8000a848 (0xbfe5)
core   0: 0x8000a840 (0x00005f17) auipc   t5, 0x5
core   0: 3 0x8000a840 (0x00005f17) x30 0x8000f840
core   0: 0x8000a844 (0x7c3f2023) sw      gp, 1984(t5)
core   0: 3 0x8000a844 (0x7c3f2023) mem 0x80010000 0x00000001
core   0: 0x8000a848 (0x0000bfe5) c.j     pc - 8
core   0: 3 0x8000a848 (0xbfe5)
core   0: 0x8000a840 (0x00005f17) auipc   t5, 0x5
core   0: 3 0x8000a840 (0x00005f17) x30 0x8000f840
core   0: 0x8000a844 (0x7c3f2023) sw      gp, 1984(t5)
core   0: 3 0x8000a844 (0x7c3f2023) mem 0x80010000 0x00000001
core   0: 0x8000a848 (0x0000bfe5) c.j     pc - 8
core   0: 3 0x8000a848 (0xbfe5)
core   0: 0x8000a840 (0x00005f17) auipc   t5, 0x5
core   0: 3 0x8000a840 (0x00005f17) x30 0x8000f840
core   0: 0x8000a844 (0x7c3f2023) sw      gp, 1984(t5)
core   0: 3 0x8000a844 (0x7c3f2023) mem 0x80010000 0x00000001
core   0: 0x8000a848 (0x0000bfe5) c.j     pc - 8
core   0: 3 0x8000a848 (0xbfe5)
core   0: 0x8000a840 (0x00005f17) auipc   t5, 0x5
core   0: 3 0x8000a840 (0x00005f17) x30 0x8000f840
core   0: 0x8000a844 (0x7c3f2023) sw      gp, 1984(t5)
core   0: 3 0x8000a844 (0x7c3f2023) mem 0x80010000 0x00000001
core   0: 0x8000a848 (0x0000bfe5) c.j     pc - 8
core   0: 3 0x8000a848 (0xbfe5)
core   0: 0x8000a840 (0x00005f17) auipc   t5, 0x5
core   0: 3 0x8000a840 (0x00005f17) x30 0x8000f840
core   0: 0x8000a844 (0x7c3f2023) sw      gp, 1984(t5)
core   0: 3 0x8000a844 (0x7c3f2023) mem 0x80010000 0x00000001
core   0: 0x8000a848 (0x0000bfe5) c.j     pc - 8
core   0: 3 0x8000a848 (0xbfe5)
core   0: 0x8000a840 (0x00005f17) auipc   t5, 0x5
core   0: 3 0x8000a840 (0x00005f17) x30 0x8000f840
core   0: 0x8000a844 (0x7c3f2023) sw      gp, 1984(t5)
core   0: 3 0x8000a844 (0x7c3f2023) mem 0x80010000 0x00000001
core   0: 0x8000a848 (0x0000bfe5) c.j     pc - 8
core   0: 3 0x8000a848 (0xbfe5)
core   0: 0x8000a840 (0x00005f17) auipc   t5, 0x5
core   0: 3 0x8000a840 (0x00005f17) x30 0x8000f840
core   0: 0x8000a844 (0x7c3f2023) sw      gp, 1984(t5)
core   0: 3 0x8000a844 (0x7c3f2023) mem 0x80010000 0x00000001
core   0: 0x8000a848 (0x0000bfe5) c.j     pc - 8
core   0: 3 0x8000a848 (0xbfe5)
core   0: 0x8000a840 (0x00005f17) auipc   t5, 0x5
core   0: 3 0x8000a840 (0x00005f17) x30 0x8000f840
core   0: 0x8000a844 (0x7c3f2023) sw      gp, 1984(t5)
core   0: 3 0x8000a844 (0x7c3f2023) mem 0x80010000 0x00000001
core   0: 0x8000a848 (0x0000bfe5) c.j     pc - 8
core   0: 3 0x8000a848 (0xbfe5)
core   0: 0x8000a840 (0x00005f17) auipc   t5, 0x5
core   0: 3 0x8000a840 (0x00005f17) x30 0x8000f840
core   0: 0x8000a844 (0x7c3f2023) sw      gp, 1984(t5)
core   0: 3 0x8000a844 (0x7c3f2023) mem 0x80010000 0x00000001
core   0: 0x8000a848 (0x0000bfe5) c.j     pc - 8
core   0: 3 0x8000a848 (0xbfe5)
core   0: 0x8000a840 (0x00005f17) auipc   t5, 0x5
core   0: 3 0x8000a840 (0x00005f17) x30 0x8000f840
core   0: 0x8000a844 (0x7c3f2023) sw      gp, 1984(t5)
core   0: 3 0x8000a844 (0x7c3f2023) mem 0x80010000 0x00000001
core   0: 0x8000a848 (0x0000bfe5) c.j     pc - 8
core   0: 3 0x8000a848 (0xbfe5)
core   0: 0x8000a840 (0x00005f17) auipc   t5, 0x5
core   0: 3 0x8000a840 (0x00005f17) x30 0x8000f840
core   0: 0x8000a844 (0x7c3f2023) sw      gp, 1984(t5)
core   0: 3 0x8000a844 (0x7c3f2023) mem 0x80010000 0x00000001
core   0: 0x8000a848 (0x0000bfe5) c.j     pc - 8
core   0: 3 0x8000a848 (0xbfe5)
core   0: 0x8000a840 (0x00005f17) auipc   t5, 0x5
core   0: 3 0x8000a840 (0x00005f17) x30 0x8000f840
core   0: 0x8000a844 (0x7c3f2023) sw      gp, 1984(t5)
core   0: 3 0x8000a844 (0x7c3f2023) mem 0x80010000 0x00000001
core   0: 0x8000a848 (0x0000bfe5) c.j     pc - 8
core   0: 3 0x8000a848 (0xbfe5)
core   0: 0x8000a840 (0x00005f17) auipc   t5, 0x5
core   0: 3 0x8000a840 (0x00005f17) x30 0x8000f840
core   0: 0x8000a844 (0x7c3f2023) sw      gp, 1984(t5)
core   0: 3 0x8000a844 (0x7c3f2023) mem 0x80010000 0x00000001
core   0: 0x8000a848 (0x0000bfe5) c.j     pc - 8
core   0: 3 0x8000a848 (0xbfe5)
core   0: 0x8000a840 (0x00005f17) auipc   t5, 0x5
core   0: 3 0x8000a840 (0x00005f17) x30 0x8000f840
core   0: 0x8000a844 (0x7c3f2023) sw      gp, 1984(t5)
core   0: 3 0x8000a844 (0x7c3f2023) mem 0x80010000 0x00000001
core   0: 0x8000a848 (0x0000bfe5) c.j     pc - 8
core   0: 3 0x8000a848 (0xbfe5)
core   0: 0x8000a840 (0x00005f17) auipc   t5, 0x5
core   0: 3 0x8000a840 (0x00005f17) x30 0x8000f840
core   0: 0x8000a844 (0x7c3f2023) sw      gp, 1984(t5)
core   0: 3 0x8000a844 (0x7c3f2023) mem 0x80010000 0x00000001
core   0: 0x8000a848 (0x0000bfe5) c.j     pc - 8
core   0: 3 0x8000a848 (0xbfe5)
core   0: 0x8000a840 (0x00005f17) auipc   t5, 0x5
core   0: 3 0x8000a840 (0x00005f17) x30 0x8000f840
core   0: 0x8000a844 (0x7c3f2023) sw      gp, 1984(t5)
core   0: 3 0x8000a844 (0x7c3f2023) mem 0x80010000 0x00000001
core   0: 0x8000a848 (0x0000bfe5) c.j     pc - 8
core   0: 3 0x8000a848 (0xbfe5)
core   0: 0x8000a840 (0x00005f17) auipc   t5, 0x5
core   0: 3 0x8000a840 (0x00005f17) x30 0x8000f840
core   0: 0x8000a844 (0x7c3f2023) sw      gp, 1984(t5)
core   0: 3 0x8000a844 (0x7c3f2023) mem 0x80010000 0x00000001
core   0: 0x8000a848 (0x0000bfe5) c.j     pc - 8
core   0: 3 0x8000a848 (0xbfe5)
core   0: 0x8000a840 (0x00005f17) auipc   t5, 0x5
core   0: 3 0x8000a840 (0x00005f17) x30 0x8000f840
core   0: 0x8000a844 (0x7c3f2023) sw      gp, 1984(t5)
core   0: 3 0x8000a844 (0x7c3f2023) mem 0x80010000 0x00000001
core   0: 0x8000a848 (0x0000bfe5) c.j     pc - 8
core   0: 3 0x8000a848 (0xbfe5)
core   0: 0x8000a840 (0x00005f17) auipc   t5, 0x5
core   0: 3 0x8000a840 (0x00005f17) x30 0x8000f840
core   0: 0x8000a844 (0x7c3f2023) sw      gp, 1984(t5)
core   0: 3 0x8000a844 (0x7c3f2023) mem 0x80010000 0x00000001
core   0: 0x8000a848 (0x0000bfe5) c.j     pc - 8
core   0: 3 0x8000a848 (0xbfe5)
core   0: 0x8000a840 (0x00005f17) auipc   t5, 0x5
core   0: 3 0x8000a840 (0x00005f17) x30 0x8000f840
core   0: 0x8000a844 (0x7c3f2023) sw      gp, 1984(t5)
core   0: 3 0x8000a844 (0x7c3f2023) mem 0x80010000 0x00000001
core   0: 0x8000a848 (0x0000bfe5) c.j     pc - 8
core   0: 3 0x8000a848 (0xbfe5)
core   0: 0x8000a840 (0x00005f17) auipc   t5, 0x5
core   0: 3 0x8000a840 (0x00005f17) x30 0x8000f840
core   0: 0x8000a844 (0x7c3f2023) sw      gp, 1984(t5)
core   0: 3 0x8000a844 (0x7c3f2023) mem 0x80010000 0x00000001
core   0: 0x8000a848 (0x0000bfe5) c.j     pc - 8
core   0: 3 0x8000a848 (0xbfe5)
core   0: 0x8000a840 (0x00005f17) auipc   t5, 0x5
core   0: 3 0x8000a840 (0x00005f17) x30 0x8000f840
core   0: 0x8000a844 (0x7c3f2023) sw      gp, 1984(t5)
core   0: 3 0x8000a844 (0x7c3f2023) mem 0x80010000 0x00000001
core   0: 0x8000a848 (0x0000bfe5) c.j     pc - 8
core   0: 3 0x8000a848 (0xbfe5)
core   0: 0x8000a840 (0x00005f17) auipc   t5, 0x5
core   0: 3 0x8000a840 (0x00005f17) x30 0x8000f840
core   0: 0x8000a844 (0x7c3f2023) sw      gp, 1984(t5)
core   0: 3 0x8000a844 (0x7c3f2023) mem 0x80010000 0x00000001
core   0: 0x8000a848 (0x0000bfe5) c.j     pc - 8
core   0: 3 0x8000a848 (0xbfe5)
core   0: 0x8000a840 (0x00005f17) auipc   t5, 0x5
core   0: 3 0x8000a840 (0x00005f17) x30 0x8000f840
core   0: 0x8000a844 (0x7c3f2023) sw      gp, 1984(t5)
core   0: 3 0x8000a844 (0x7c3f2023) mem 0x80010000 0x00000001
core   0: 0x8000a848 (0x0000bfe5) c.j     pc - 8
core   0: 3 0x8000a848 (0xbfe5)
core   0: 0x8000a840 (0x00005f17) auipc   t5, 0x5
core   0: 3 0x8000a840 (0x00005f17) x30 0x8000f840
core   0: 0x8000a844 (0x7c3f2023) sw      gp, 1984(t5)
core   0: 3 0x8000a844 (0x7c3f2023) mem 0x80010000 0x00000001
core   0: 0x8000a848 (0x0000bfe5) c.j     pc - 8
core   0: 3 0x8000a848 (0xbfe5)
core   0: 0x8000a840 (0x00005f17) auipc   t5, 0x5
core   0: 3 0x8000a840 (0x00005f17) x30 0x8000f840
core   0: 0x8000a844 (0x7c3f2023) sw      gp, 1984(t5)
core   0: 3 0x8000a844 (0x7c3f2023) mem 0x80010000 0x00000001
core   0: 0x8000a848 (0x0000bfe5) c.j     pc - 8
core   0: 3 0x8000a848 (0xbfe5)
core   0: 0x8000a840 (0x00005f17) auipc   t5, 0x5
core   0: 3 0x8000a840 (0x00005f17) x30 0x8000f840
core   0: 0x8000a844 (0x7c3f2023) sw      gp, 1984(t5)
core   0: 3 0x8000a844 (0x7c3f2023) mem 0x80010000 0x00000001
core   0: 0x8000a848 (0x0000bfe5) c.j     pc - 8
core   0: 3 0x8000a848 (0xbfe5)
core   0: 0x8000a840 (0x00005f17) auipc   t5, 0x5
core   0: 3 0x8000a840 (0x00005f17) x30 0x8000f840
core   0: 0x8000a844 (0x7c3f2023) sw      gp, 1984(t5)
core   0: 3 0x8000a844 (0x7c3f2023) mem 0x80010000 0x00000001
core   0: 0x8000a848 (0x0000bfe5) c.j     pc - 8
core   0: 3 0x8000a848 (0xbfe5)
core   0: 0x8000a840 (0x00005f17) auipc   t5, 0x5
core   0: 3 0x8000a840 (0x00005f17) x30 0x8000f840
core   0: 0x8000a844 (0x7c3f2023) sw      gp, 1984(t5)
core   0: 3 0x8000a844 (0x7c3f2023) mem 0x80010000 0x00000001
core   0: 0x8000a848 (0x0000bfe5) c.j     pc - 8
core   0: 3 0x8000a848 (0xbfe5)
core   0: 0x8000a840 (0x00005f17) auipc   t5, 0x5
core   0: 3 0x8000a840 (0x00005f17) x30 0x8000f840
core   0: 0x8000a844 (0x7c3f2023) sw      gp, 1984(t5)
core   0: 3 0x8000a844 (0x7c3f2023) mem 0x80010000 0x00000001
core   0: 0x8000a848 (0x0000bfe5) c.j     pc - 8
core   0: 3 0x8000a848 (0xbfe5)
core   0: 0x8000a840 (0x00005f17) auipc   t5, 0x5
core   0: 3 0x8000a840 (0x00005f17) x30 0x8000f840
core   0: 0x8000a844 (0x7c3f2023) sw      gp, 1984(t5)
core   0: 3 0x8000a844 (0x7c3f2023) mem 0x80010000 0x00000001
core   0: 0x8000a848 (0x0000bfe5) c.j     pc - 8
core   0: 3 0x8000a848 (0xbfe5)
core   0: 0x8000a840 (0x00005f17) auipc   t5, 0x5
core   0: 3 0x8000a840 (0x00005f17) x30 0x8000f840
core   0: 0x8000a844 (0x7c3f2023) sw      gp, 1984(t5)
core   0: 3 0x8000a844 (0x7c3f2023) mem 0x80010000 0x00000001
core   0: 0x8000a848 (0x0000bfe5) c.j     pc - 8
core   0: 3 0x8000a848 (0xbfe5)
core   0: 0x8000a840 (0x00005f17) auipc   t5, 0x5
core   0: 3 0x8000a840 (0x00005f17) x30 0x8000f840
core   0: 0x8000a844 (0x7c3f2023) sw      gp, 1984(t5)
core   0: 3 0x8000a844 (0x7c3f2023) mem 0x80010000 0x00000001
core   0: 0x8000a848 (0x0000bfe5) c.j     pc - 8
core   0: 3 0x8000a848 (0xbfe5)
core   0: 0x8000a840 (0x00005f17) auipc   t5, 0x5
core   0: 3 0x8000a840 (0x00005f17) x30 0x8000f840
core   0: 0x8000a844 (0x7c3f2023) sw      gp, 1984(t5)
core   0: 3 0x8000a844 (0x7c3f2023) mem 0x80010000 0x00000001
core   0: 0x8000a848 (0x0000bfe5) c.j     pc - 8
core   0: 3 0x8000a848 (0xbfe5)
core   0: 0x8000a840 (0x00005f17) auipc   t5, 0x5
core   0: 3 0x8000a840 (0x00005f17) x30 0x8000f840
core   0: 0x8000a844 (0x7c3f2023) sw      gp, 1984(t5)
core   0: 3 0x8000a844 (0x7c3f2023) mem 0x80010000 0x00000001
core   0: 0x8000a848 (0x0000bfe5) c.j     pc - 8
core   0: 3 0x8000a848 (0xbfe5)
core   0: 0x8000a840 (0x00005f17) auipc   t5, 0x5
core   0: 3 0x8000a840 (0x00005f17) x30 0x8000f840
core   0: 0x8000a844 (0x7c3f2023) sw      gp, 1984(t5)
core   0: 3 0x8000a844 (0x7c3f2023) mem 0x80010000 0x00000001
core   0: 0x8000a848 (0x0000bfe5) c.j     pc - 8
core   0: 3 0x8000a848 (0xbfe5)
core   0: 0x8000a840 (0x00005f17) auipc   t5, 0x5
core   0: 3 0x8000a840 (0x00005f17) x30 0x8000f840
core   0: 0x8000a844 (0x7c3f2023) sw      gp, 1984(t5)
core   0: 3 0x8000a844 (0x7c3f2023) mem 0x80010000 0x00000001
core   0: 0x8000a848 (0x0000bfe5) c.j     pc - 8
core   0: 3 0x8000a848 (0xbfe5)
core   0: 0x8000a840 (0x00005f17) auipc   t5, 0x5
core   0: 3 0x8000a840 (0x00005f17) x30 0x8000f840
core   0: 0x8000a844 (0x7c3f2023) sw      gp, 1984(t5)
core   0: 3 0x8000a844 (0x7c3f2023) mem 0x80010000 0x00000001
core   0: 0x8000a848 (0x0000bfe5) c.j     pc - 8
core   0: 3 0x8000a848 (0xbfe5)
core   0: 0x8000a840 (0x00005f17) auipc   t5, 0x5
core   0: 3 0x8000a840 (0x00005f17) x30 0x8000f840
core   0: 0x8000a844 (0x7c3f2023) sw      gp, 1984(t5)
core   0: 3 0x8000a844 (0x7c3f2023) mem 0x80010000 0x00000001
core   0: 0x8000a848 (0x0000bfe5) c.j     pc - 8
core   0: 3 0x8000a848 (0xbfe5)
core   0: 0x8000a840 (0x00005f17) auipc   t5, 0x5
core   0: 3 0x8000a840 (0x00005f17) x30 0x8000f840
core   0: 0x8000a844 (0x7c3f2023) sw      gp, 1984(t5)
core   0: 3 0x8000a844 (0x7c3f2023) mem 0x80010000 0x00000001
core   0: 0x8000a848 (0x0000bfe5) c.j     pc - 8
core   0: 3 0x8000a848 (0xbfe5)
core   0: 0x8000a840 (0x00005f17) auipc   t5, 0x5
core   0: 3 0x8000a840 (0x00005f17) x30 0x8000f840
core   0: 0x8000a844 (0x7c3f2023) sw      gp, 1984(t5)
core   0: 3 0x8000a844 (0x7c3f2023) mem 0x80010000 0x00000001
core   0: 0x8000a848 (0x0000bfe5) c.j     pc - 8
core   0: 3 0x8000a848 (0xbfe5)
core   0: 0x8000a840 (0x00005f17) auipc   t5, 0x5
core   0: 3 0x8000a840 (0x00005f17) x30 0x8000f840
core   0: 0x8000a844 (0x7c3f2023) sw      gp, 1984(t5)
core   0: 3 0x8000a844 (0x7c3f2023) mem 0x80010000 0x00000001
core   0: 0x8000a848 (0x0000bfe5) c.j     pc - 8
core   0: 3 0x8000a848 (0xbfe5)
core   0: 0x8000a840 (0x00005f17) auipc   t5, 0x5
core   0: 3 0x8000a840 (0x00005f17) x30 0x8000f840
core   0: 0x8000a844 (0x7c3f2023) sw      gp, 1984(t5)
core   0: 3 0x8000a844 (0x7c3f2023) mem 0x80010000 0x00000001
core   0: 0x8000a848 (0x0000bfe5) c.j     pc - 8
core   0: 3 0x8000a848 (0xbfe5)
core   0: 0x8000a840 (0x00005f17) auipc   t5, 0x5
core   0: 3 0x8000a840 (0x00005f17) x30 0x8000f840
core   0: 0x8000a844 (0x7c3f2023) sw      gp, 1984(t5)
core   0: 3 0x8000a844 (0x7c3f2023) mem 0x80010000 0x00000001
core   0: 0x8000a848 (0x0000bfe5) c.j     pc - 8
core   0: 3 0x8000a848 (0xbfe5)
core   0: 0x8000a840 (0x00005f17) auipc   t5, 0x5
core   0: 3 0x8000a840 (0x00005f17) x30 0x8000f840
core   0: 0x8000a844 (0x7c3f2023) sw      gp, 1984(t5)
core   0: 3 0x8000a844 (0x7c3f2023) mem 0x80010000 0x00000001
core   0: 0x8000a848 (0x0000bfe5) c.j     pc - 8
core   0: 3 0x8000a848 (0xbfe5)
core   0: 0x8000a840 (0x00005f17) auipc   t5, 0x5
core   0: 3 0x8000a840 (0x00005f17) x30 0x8000f840
core   0: 0x8000a844 (0x7c3f2023) sw      gp, 1984(t5)
core   0: 3 0x8000a844 (0x7c3f2023) mem 0x80010000 0x00000001
core   0: 0x8000a848 (0x0000bfe5) c.j     pc - 8
core   0: 3 0x8000a848 (0xbfe5)
core   0: 0x8000a840 (0x00005f17) auipc   t5, 0x5
core   0: 3 0x8000a840 (0x00005f17) x30 0x8000f840
core   0: 0x8000a844 (0x7c3f2023) sw      gp, 1984(t5)
core   0: 3 0x8000a844 (0x7c3f2023) mem 0x80010000 0x00000001
core   0: 0x8000a848 (0x0000bfe5) c.j     pc - 8
core   0: 3 0x8000a848 (0xbfe5)
core   0: 0x8000a840 (0x00005f17) auipc   t5, 0x5
core   0: 3 0x8000a840 (0x00005f17) x30 0x8000f840
core   0: 0x8000a844 (0x7c3f2023) sw      gp, 1984(t5)
core   0: 3 0x8000a844 (0x7c3f2023) mem 0x80010000 0x00000001
core   0: 0x8000a848 (0x0000bfe5) c.j     pc - 8
core   0: 3 0x8000a848 (0xbfe5)
core   0: 0x8000a840 (0x00005f17) auipc   t5, 0x5
core   0: 3 0x8000a840 (0x00005f17) x30 0x8000f840
core   0: 0x8000a844 (0x7c3f2023) sw      gp, 1984(t5)
core   0: 3 0x8000a844 (0x7c3f2023) mem 0x80010000 0x00000001
core   0: 0x8000a848 (0x0000bfe5) c.j     pc - 8
core   0: 3 0x8000a848 (0xbfe5)
core   0: 0x8000a840 (0x00005f17) auipc   t5, 0x5
core   0: 3 0x8000a840 (0x00005f17) x30 0x8000f840
core   0: 0x8000a844 (0x7c3f2023) sw      gp, 1984(t5)
core   0: 3 0x8000a844 (0x7c3f2023) mem 0x80010000 0x00000001
core   0: 0x8000a848 (0x0000bfe5) c.j     pc - 8
core   0: 3 0x8000a848 (0xbfe5)
core   0: 0x8000a840 (0x00005f17) auipc   t5, 0x5
core   0: 3 0x8000a840 (0x00005f17) x30 0x8000f840
core   0: 0x8000a844 (0x7c3f2023) sw      gp, 1984(t5)
core   0: 3 0x8000a844 (0x7c3f2023) mem 0x80010000 0x00000001
core   0: 0x8000a848 (0x0000bfe5) c.j     pc - 8
core   0: 3 0x8000a848 (0xbfe5)
core   0: 0x8000a840 (0x00005f17) auipc   t5, 0x5
core   0: 3 0x8000a840 (0x00005f17) x30 0x8000f840
core   0: 0x8000a844 (0x7c3f2023) sw      gp, 1984(t5)
core   0: 3 0x8000a844 (0x7c3f2023) mem 0x80010000 0x00000001
core   0: 0x8000a848 (0x0000bfe5) c.j     pc - 8
core   0: 3 0x8000a848 (0xbfe5)
core   0: 0x8000a840 (0x00005f17) auipc   t5, 0x5
core   0: 3 0x8000a840 (0x00005f17) x30 0x8000f840
core   0: 0x8000a844 (0x7c3f2023) sw      gp, 1984(t5)
core   0: 3 0x8000a844 (0x7c3f2023) mem 0x80010000 0x00000001
core   0: 0x8000a848 (0x0000bfe5) c.j     pc - 8
core   0: 3 0x8000a848 (0xbfe5)
core   0: 0x8000a840 (0x00005f17) auipc   t5, 0x5
core   0: 3 0x8000a840 (0x00005f17) x30 0x8000f840
core   0: 0x8000a844 (0x7c3f2023) sw      gp, 1984(t5)
core   0: 3 0x8000a844 (0x7c3f2023) mem 0x80010000 0x00000001
core   0: 0x8000a848 (0x0000bfe5) c.j     pc - 8
core   0: 3 0x8000a848 (0xbfe5)
core   0: 0x8000a840 (0x00005f17) auipc   t5, 0x5
core   0: 3 0x8000a840 (0x00005f17) x30 0x8000f840
core   0: 0x8000a844 (0x7c3f2023) sw      gp, 1984(t5)
core   0: 3 0x8000a844 (0x7c3f2023) mem 0x80010000 0x00000001
core   0: 0x8000a848 (0x0000bfe5) c.j     pc - 8
core   0: 3 0x8000a848 (0xbfe5)
core   0: 0x8000a840 (0x00005f17) auipc   t5, 0x5
core   0: 3 0x8000a840 (0x00005f17) x30 0x8000f840
core   0: 0x8000a844 (0x7c3f2023) sw      gp, 1984(t5)
core   0: 3 0x8000a844 (0x7c3f2023) mem 0x80010000 0x00000001
core   0: 0x8000a848 (0x0000bfe5) c.j     pc - 8
core   0: 3 0x8000a848 (0xbfe5)
core   0: 0x8000a840 (0x00005f17) auipc   t5, 0x5
core   0: 3 0x8000a840 (0x00005f17) x30 0x8000f840
core   0: 0x8000a844 (0x7c3f2023) sw      gp, 1984(t5)
core   0: 3 0x8000a844 (0x7c3f2023) mem 0x80010000 0x00000001
core   0: 0x8000a848 (0x0000bfe5) c.j     pc - 8
core   0: 3 0x8000a848 (0xbfe5)
core   0: 0x8000a840 (0x00005f17) auipc   t5, 0x5
core   0: 3 0x8000a840 (0x00005f17) x30 0x8000f840
core   0: 0x8000a844 (0x7c3f2023) sw      gp, 1984(t5)
core   0: 3 0x8000a844 (0x7c3f2023) mem 0x80010000 0x00000001
core   0: 0x8000a848 (0x0000bfe5) c.j     pc - 8
core   0: 3 0x8000a848 (0xbfe5)
core   0: 0x8000a840 (0x00005f17) auipc   t5, 0x5
core   0: 3 0x8000a840 (0x00005f17) x30 0x8000f840
core   0: 0x8000a844 (0x7c3f2023) sw      gp, 1984(t5)
core   0: 3 0x8000a844 (0x7c3f2023) mem 0x80010000 0x00000001
core   0: 0x8000a848 (0x0000bfe5) c.j     pc - 8
core   0: 3 0x8000a848 (0xbfe5)
core   0: 0x8000a840 (0x00005f17) auipc   t5, 0x5
core   0: 3 0x8000a840 (0x00005f17) x30 0x8000f840
core   0: 0x8000a844 (0x7c3f2023) sw      gp, 1984(t5)
core   0: 3 0x8000a844 (0x7c3f2023) mem 0x80010000 0x00000001
core   0: 0x8000a848 (0x0000bfe5) c.j     pc - 8
core   0: 3 0x8000a848 (0xbfe5)
core   0: 0x8000a840 (0x00005f17) auipc   t5, 0x5
core   0: 3 0x8000a840 (0x00005f17) x30 0x8000f840
core   0: 0x8000a844 (0x7c3f2023) sw      gp, 1984(t5)
core   0: 3 0x8000a844 (0x7c3f2023) mem 0x80010000 0x00000001
core   0: 0x8000a848 (0x0000bfe5) c.j     pc - 8
core   0: 3 0x8000a848 (0xbfe5)
core   0: 0x8000a840 (0x00005f17) auipc   t5, 0x5
core   0: 3 0x8000a840 (0x00005f17) x30 0x8000f840
core   0: 0x8000a844 (0x7c3f2023) sw      gp, 1984(t5)
core   0: 3 0x8000a844 (0x7c3f2023) mem 0x80010000 0x00000001
core   0: 0x8000a848 (0x0000bfe5) c.j     pc - 8
core   0: 3 0x8000a848 (0xbfe5)
core   0: 0x8000a840 (0x00005f17) auipc   t5, 0x5
core   0: 3 0x8000a840 (0x00005f17) x30 0x8000f840
core   0: 0x8000a844 (0x7c3f2023) sw      gp, 1984(t5)
core   0: 3 0x8000a844 (0x7c3f2023) mem 0x80010000 0x00000001
core   0: 0x8000a848 (0x0000bfe5) c.j     pc - 8
core   0: 3 0x8000a848 (0xbfe5)
core   0: 0x8000a840 (0x00005f17) auipc   t5, 0x5
core   0: 3 0x8000a840 (0x00005f17) x30 0x8000f840
core   0: 0x8000a844 (0x7c3f2023) sw      gp, 1984(t5)
core   0: 3 0x8000a844 (0x7c3f2023) mem 0x80010000 0x00000001
core   0: 0x8000a848 (0x0000bfe5) c.j     pc - 8
core   0: 3 0x8000a848 (0xbfe5)
core   0: 0x8000a840 (0x00005f17) auipc   t5, 0x5
core   0: 3 0x8000a840 (0x00005f17) x30 0x8000f840
core   0: 0x8000a844 (0x7c3f2023) sw      gp, 1984(t5)
core   0: 3 0x8000a844 (0x7c3f2023) mem 0x80010000 0x00000001
core   0: 0x8000a848 (0x0000bfe5) c.j     pc - 8
core   0: 3 0x8000a848 (0xbfe5)
core   0: 0x8000a840 (0x00005f17) auipc   t5, 0x5
core   0: 3 0x8000a840 (0x00005f17) x30 0x8000f840
core   0: 0x8000a844 (0x7c3f2023) sw      gp, 1984(t5)
core   0: 3 0x8000a844 (0x7c3f2023) mem 0x80010000 0x00000001
core   0: 0x8000a848 (0x0000bfe5) c.j     pc - 8
core   0: 3 0x8000a848 (0xbfe5)
core   0: 0x8000a840 (0x00005f17) auipc   t5, 0x5
core   0: 3 0x8000a840 (0x00005f17) x30 0x8000f840
core   0: 0x8000a844 (0x7c3f2023) sw      gp, 1984(t5)
core   0: 3 0x8000a844 (0x7c3f2023) mem 0x80010000 0x00000001
core   0: 0x8000a848 (0x0000bfe5) c.j     pc - 8
core   0: 3 0x8000a848 (0xbfe5)
core   0: 0x8000a840 (0x00005f17) auipc   t5, 0x5
core   0: 3 0x8000a840 (0x00005f17) x30 0x8000f840
core   0: 0x8000a844 (0x7c3f2023) sw      gp, 1984(t5)
core   0: 3 0x8000a844 (0x7c3f2023) mem 0x80010000 0x00000001
core   0: 0x8000a848 (0x0000bfe5) c.j     pc - 8
core   0: 3 0x8000a848 (0xbfe5)
core   0: 0x8000a840 (0x00005f17) auipc   t5, 0x5
core   0: 3 0x8000a840 (0x00005f17) x30 0x8000f840
core   0: 0x8000a844 (0x7c3f2023) sw      gp, 1984(t5)
core   0: 3 0x8000a844 (0x7c3f2023) mem 0x80010000 0x00000001
core   0: 0x8000a848 (0x0000bfe5) c.j     pc - 8
core   0: 3 0x8000a848 (0xbfe5)
core   0: 0x8000a840 (0x00005f17) auipc   t5, 0x5
core   0: 3 0x8000a840 (0x00005f17) x30 0x8000f840
core   0: 0x8000a844 (0x7c3f2023) sw      gp, 1984(t5)
core   0: 3 0x8000a844 (0x7c3f2023) mem 0x80010000 0x00000001
core   0: 0x8000a848 (0x0000bfe5) c.j     pc - 8
core   0: 3 0x8000a848 (0xbfe5)
core   0: 0x8000a840 (0x00005f17) auipc   t5, 0x5
core   0: 3 0x8000a840 (0x00005f17) x30 0x8000f840
core   0: 0x8000a844 (0x7c3f2023) sw      gp, 1984(t5)
core   0: 3 0x8000a844 (0x7c3f2023) mem 0x80010000 0x00000001
core   0: 0x8000a848 (0x0000bfe5) c.j     pc - 8
core   0: 3 0x8000a848 (0xbfe5)
core   0: 0x8000a840 (0x00005f17) auipc   t5, 0x5
core   0: 3 0x8000a840 (0x00005f17) x30 0x8000f840
core   0: 0x8000a844 (0x7c3f2023) sw      gp, 1984(t5)
core   0: 3 0x8000a844 (0x7c3f2023) mem 0x80010000 0x00000001
core   0: 0x8000a848 (0x0000bfe5) c.j     pc - 8
core   0: 3 0x8000a848 (0xbfe5)
core   0: 0x8000a840 (0x00005f17) auipc   t5, 0x5
core   0: 3 0x8000a840 (0x00005f17) x30 0x8000f840
core   0: 0x8000a844 (0x7c3f2023) sw      gp, 1984(t5)
core   0: 3 0x8000a844 (0x7c3f2023) mem 0x80010000 0x00000001
core   0: 0x8000a848 (0x0000bfe5) c.j     pc - 8
core   0: 3 0x8000a848 (0xbfe5)
core   0: 0x8000a840 (0x00005f17) auipc   t5, 0x5
core   0: 3 0x8000a840 (0x00005f17) x30 0x8000f840
core   0: 0x8000a844 (0x7c3f2023) sw      gp, 1984(t5)
core   0: 3 0x8000a844 (0x7c3f2023) mem 0x80010000 0x00000001
core   0: 0x8000a848 (0x0000bfe5) c.j     pc - 8
core   0: 3 0x8000a848 (0xbfe5)
core   0: 0x8000a840 (0x00005f17) auipc   t5, 0x5
core   0: 3 0x8000a840 (0x00005f17) x30 0x8000f840
core   0: 0x8000a844 (0x7c3f2023) sw      gp, 1984(t5)
core   0: 3 0x8000a844 (0x7c3f2023) mem 0x80010000 0x00000001
core   0: 0x8000a848 (0x0000bfe5) c.j     pc - 8
core   0: 3 0x8000a848 (0xbfe5)
core   0: 0x8000a840 (0x00005f17) auipc   t5, 0x5
core   0: 3 0x8000a840 (0x00005f17) x30 0x8000f840
core   0: 0x8000a844 (0x7c3f2023) sw      gp, 1984(t5)
core   0: 3 0x8000a844 (0x7c3f2023) mem 0x80010000 0x00000001
core   0: 0x8000a848 (0x0000bfe5) c.j     pc - 8
core   0: 3 0x8000a848 (0xbfe5)
core   0: 0x8000a840 (0x00005f17) auipc   t5, 0x5
core   0: 3 0x8000a840 (0x00005f17) x30 0x8000f840
core   0: 0x8000a844 (0x7c3f2023) sw      gp, 1984(t5)
core   0: 3 0x8000a844 (0x7c3f2023) mem 0x80010000 0x00000001
core   0: 0x8000a848 (0x0000bfe5) c.j     pc - 8
core   0: 3 0x8000a848 (0xbfe5)
core   0: 0x8000a840 (0x00005f17) auipc   t5, 0x5
core   0: 3 0x8000a840 (0x00005f17) x30 0x8000f840
core   0: 0x8000a844 (0x7c3f2023) sw      gp, 1984(t5)
core   0: 3 0x8000a844 (0x7c3f2023) mem 0x80010000 0x00000001
core   0: 0x8000a848 (0x0000bfe5) c.j     pc - 8
core   0: 3 0x8000a848 (0xbfe5)
core   0: 0x8000a840 (0x00005f17) auipc   t5, 0x5
core   0: 3 0x8000a840 (0x00005f17) x30 0x8000f840
core   0: 0x8000a844 (0x7c3f2023) sw      gp, 1984(t5)
core   0: 3 0x8000a844 (0x7c3f2023) mem 0x80010000 0x00000001
core   0: 0x8000a848 (0x0000bfe5) c.j     pc - 8
core   0: 3 0x8000a848 (0xbfe5)
core   0: 0x8000a840 (0x00005f17) auipc   t5, 0x5
core   0: 3 0x8000a840 (0x00005f17) x30 0x8000f840
core   0: 0x8000a844 (0x7c3f2023) sw      gp, 1984(t5)
core   0: 3 0x8000a844 (0x7c3f2023) mem 0x80010000 0x00000001
core   0: 0x8000a848 (0x0000bfe5) c.j     pc - 8
core   0: 3 0x8000a848 (0xbfe5)
core   0: 0x8000a840 (0x00005f17) auipc   t5, 0x5
core   0: 3 0x8000a840 (0x00005f17) x30 0x8000f840
core   0: 0x8000a844 (0x7c3f2023) sw      gp, 1984(t5)
core   0: 3 0x8000a844 (0x7c3f2023) mem 0x80010000 0x00000001
core   0: 0x8000a848 (0x0000bfe5) c.j     pc - 8
core   0: 3 0x8000a848 (0xbfe5)
core   0: 0x8000a840 (0x00005f17) auipc   t5, 0x5
core   0: 3 0x8000a840 (0x00005f17) x30 0x8000f840
core   0: 0x8000a844 (0x7c3f2023) sw      gp, 1984(t5)
core   0: 3 0x8000a844 (0x7c3f2023) mem 0x80010000 0x00000001
core   0: 0x8000a848 (0x0000bfe5) c.j     pc - 8
core   0: 3 0x8000a848 (0xbfe5)
core   0: 0x8000a840 (0x00005f17) auipc   t5, 0x5
core   0: 3 0x8000a840 (0x00005f17) x30 0x8000f840
core   0: 0x8000a844 (0x7c3f2023) sw      gp, 1984(t5)
core   0: 3 0x8000a844 (0x7c3f2023) mem 0x80010000 0x00000001
core   0: 0x8000a848 (0x0000bfe5) c.j     pc - 8
core   0: 3 0x8000a848 (0xbfe5)
core   0: 0x8000a840 (0x00005f17) auipc   t5, 0x5
core   0: 3 0x8000a840 (0x00005f17) x30 0x8000f840
core   0: 0x8000a844 (0x7c3f2023) sw      gp, 1984(t5)
core   0: 3 0x8000a844 (0x7c3f2023) mem 0x80010000 0x00000001
core   0: 0x8000a848 (0x0000bfe5) c.j     pc - 8
core   0: 3 0x8000a848 (0xbfe5)
core   0: 0x8000a840 (0x00005f17) auipc   t5, 0x5
core   0: 3 0x8000a840 (0x00005f17) x30 0x8000f840
core   0: 0x8000a844 (0x7c3f2023) sw      gp, 1984(t5)
core   0: 3 0x8000a844 (0x7c3f2023) mem 0x80010000 0x00000001
core   0: 0x8000a848 (0x0000bfe5) c.j     pc - 8
core   0: 3 0x8000a848 (0xbfe5)
core   0: 0x8000a840 (0x00005f17) auipc   t5, 0x5
core   0: 3 0x8000a840 (0x00005f17) x30 0x8000f840
core   0: 0x8000a844 (0x7c3f2023) sw      gp, 1984(t5)
core   0: 3 0x8000a844 (0x7c3f2023) mem 0x80010000 0x00000001
core   0: 0x8000a848 (0x0000bfe5) c.j     pc - 8
core   0: 3 0x8000a848 (0xbfe5)
core   0: 0x8000a840 (0x00005f17) auipc   t5, 0x5
core   0: 3 0x8000a840 (0x00005f17) x30 0x8000f840
core   0: 0x8000a844 (0x7c3f2023) sw      gp, 1984(t5)
core   0: 3 0x8000a844 (0x7c3f2023) mem 0x80010000 0x00000001
core   0: 0x8000a848 (0x0000bfe5) c.j     pc - 8
core   0: 3 0x8000a848 (0xbfe5)
core   0: 0x8000a840 (0x00005f17) auipc   t5, 0x5
core   0: 3 0x8000a840 (0x00005f17) x30 0x8000f840
core   0: 0x8000a844 (0x7c3f2023) sw      gp, 1984(t5)
core   0: 3 0x8000a844 (0x7c3f2023) mem 0x80010000 0x00000001
core   0: 0x8000a848 (0x0000bfe5) c.j     pc - 8
core   0: 3 0x8000a848 (0xbfe5)
core   0: 0x8000a840 (0x00005f17) auipc   t5, 0x5
core   0: 3 0x8000a840 (0x00005f17) x30 0x8000f840
core   0: 0x8000a844 (0x7c3f2023) sw      gp, 1984(t5)
core   0: 3 0x8000a844 (0x7c3f2023) mem 0x80010000 0x00000001
core   0: 0x8000a848 (0x0000bfe5) c.j     pc - 8
core   0: 3 0x8000a848 (0xbfe5)
core   0: 0x8000a840 (0x00005f17) auipc   t5, 0x5
core   0: 3 0x8000a840 (0x00005f17) x30 0x8000f840
core   0: 0x8000a844 (0x7c3f2023) sw      gp, 1984(t5)
core   0: 3 0x8000a844 (0x7c3f2023) mem 0x80010000 0x00000001
core   0: 0x8000a848 (0x0000bfe5) c.j     pc - 8
core   0: 3 0x8000a848 (0xbfe5)
core   0: 0x8000a840 (0x00005f17) auipc   t5, 0x5
core   0: 3 0x8000a840 (0x00005f17) x30 0x8000f840
core   0: 0x8000a844 (0x7c3f2023) sw      gp, 1984(t5)
core   0: 3 0x8000a844 (0x7c3f2023) mem 0x80010000 0x00000001
core   0: 0x8000a848 (0x0000bfe5) c.j     pc - 8
core   0: 3 0x8000a848 (0xbfe5)
core   0: 0x8000a840 (0x00005f17) auipc   t5, 0x5
core   0: 3 0x8000a840 (0x00005f17) x30 0x8000f840
core   0: 0x8000a844 (0x7c3f2023) sw      gp, 1984(t5)
core   0: 3 0x8000a844 (0x7c3f2023) mem 0x80010000 0x00000001
core   0: 0x8000a848 (0x0000bfe5) c.j     pc - 8
core   0: 3 0x8000a848 (0xbfe5)
core   0: 0x8000a840 (0x00005f17) auipc   t5, 0x5
core   0: 3 0x8000a840 (0x00005f17) x30 0x8000f840
core   0: 0x8000a844 (0x7c3f2023) sw      gp, 1984(t5)
core   0: 3 0x8000a844 (0x7c3f2023) mem 0x80010000 0x00000001
core   0: 0x8000a848 (0x0000bfe5) c.j     pc - 8
core   0: 3 0x8000a848 (0xbfe5)
core   0: 0x8000a840 (0x00005f17) auipc   t5, 0x5
core   0: 3 0x8000a840 (0x00005f17) x30 0x8000f840
core   0: 0x8000a844 (0x7c3f2023) sw      gp, 1984(t5)
core   0: 3 0x8000a844 (0x7c3f2023) mem 0x80010000 0x00000001
core   0: 0x8000a848 (0x0000bfe5) c.j     pc - 8
core   0: 3 0x8000a848 (0xbfe5)
core   0: 0x8000a840 (0x00005f17) auipc   t5, 0x5
core   0: 3 0x8000a840 (0x00005f17) x30 0x8000f840
core   0: 0x8000a844 (0x7c3f2023) sw      gp, 1984(t5)
core   0: 3 0x8000a844 (0x7c3f2023) mem 0x80010000 0x00000001
core   0: 0x8000a848 (0x0000bfe5) c.j     pc - 8
core   0: 3 0x8000a848 (0xbfe5)
core   0: 0x8000a840 (0x00005f17) auipc   t5, 0x5
core   0: 3 0x8000a840 (0x00005f17) x30 0x8000f840
core   0: 0x8000a844 (0x7c3f2023) sw      gp, 1984(t5)
core   0: 3 0x8000a844 (0x7c3f2023) mem 0x80010000 0x00000001
core   0: 0x8000a848 (0x0000bfe5) c.j     pc - 8
core   0: 3 0x8000a848 (0xbfe5)
core   0: 0x8000a840 (0x00005f17) auipc   t5, 0x5
core   0: 3 0x8000a840 (0x00005f17) x30 0x8000f840
core   0: 0x8000a844 (0x7c3f2023) sw      gp, 1984(t5)
core   0: 3 0x8000a844 (0x7c3f2023) mem 0x80010000 0x00000001
core   0: 0x8000a848 (0x0000bfe5) c.j     pc - 8
core   0: 3 0x8000a848 (0xbfe5)
core   0: 0x8000a840 (0x00005f17) auipc   t5, 0x5
core   0: 3 0x8000a840 (0x00005f17) x30 0x8000f840
core   0: 0x8000a844 (0x7c3f2023) sw      gp, 1984(t5)
core   0: 3 0x8000a844 (0x7c3f2023) mem 0x80010000 0x00000001
core   0: 0x8000a848 (0x0000bfe5) c.j     pc - 8
core   0: 3 0x8000a848 (0xbfe5)
core   0: 0x8000a840 (0x00005f17) auipc   t5, 0x5
core   0: 3 0x8000a840 (0x00005f17) x30 0x8000f840
core   0: 0x8000a844 (0x7c3f2023) sw      gp, 1984(t5)
core   0: 3 0x8000a844 (0x7c3f2023) mem 0x80010000 0x00000001
core   0: 0x8000a848 (0x0000bfe5) c.j     pc - 8
core   0: 3 0x8000a848 (0xbfe5)
core   0: 0x8000a840 (0x00005f17) auipc   t5, 0x5
core   0: 3 0x8000a840 (0x00005f17) x30 0x8000f840
core   0: 0x8000a844 (0x7c3f2023) sw      gp, 1984(t5)
core   0: 3 0x8000a844 (0x7c3f2023) mem 0x80010000 0x00000001
core   0: 0x8000a848 (0x0000bfe5) c.j     pc - 8
core   0: 3 0x8000a848 (0xbfe5)
core   0: 0x8000a840 (0x00005f17) auipc   t5, 0x5
core   0: 3 0x8000a840 (0x00005f17) x30 0x8000f840
core   0: 0x8000a844 (0x7c3f2023) sw      gp, 1984(t5)
core   0: 3 0x8000a844 (0x7c3f2023) mem 0x80010000 0x00000001
core   0: 0x8000a848 (0x0000bfe5) c.j     pc - 8
core   0: 3 0x8000a848 (0xbfe5)
core   0: 0x8000a840 (0x00005f17) auipc   t5, 0x5
core   0: 3 0x8000a840 (0x00005f17) x30 0x8000f840
core   0: 0x8000a844 (0x7c3f2023) sw      gp, 1984(t5)
core   0: 3 0x8000a844 (0x7c3f2023) mem 0x80010000 0x00000001
core   0: 0x8000a848 (0x0000bfe5) c.j     pc - 8
core   0: 3 0x8000a848 (0xbfe5)
core   0: 0x8000a840 (0x00005f17) auipc   t5, 0x5
core   0: 3 0x8000a840 (0x00005f17) x30 0x8000f840
core   0: 0x8000a844 (0x7c3f2023) sw      gp, 1984(t5)
core   0: 3 0x8000a844 (0x7c3f2023) mem 0x80010000 0x00000001
core   0: 0x8000a848 (0x0000bfe5) c.j     pc - 8
core   0: 3 0x8000a848 (0xbfe5)
core   0: 0x8000a840 (0x00005f17) auipc   t5, 0x5
core   0: 3 0x8000a840 (0x00005f17) x30 0x8000f840
core   0: 0x8000a844 (0x7c3f2023) sw      gp, 1984(t5)
core   0: 3 0x8000a844 (0x7c3f2023) mem 0x80010000 0x00000001
core   0: 0x8000a848 (0x0000bfe5) c.j     pc - 8
core   0: 3 0x8000a848 (0xbfe5)
core   0: 0x8000a840 (0x00005f17) auipc   t5, 0x5
core   0: 3 0x8000a840 (0x00005f17) x30 0x8000f840
core   0: 0x8000a844 (0x7c3f2023) sw      gp, 1984(t5)
core   0: 3 0x8000a844 (0x7c3f2023) mem 0x80010000 0x00000001
core   0: 0x8000a848 (0x0000bfe5) c.j     pc - 8
core   0: 3 0x8000a848 (0xbfe5)
core   0: 0x8000a840 (0x00005f17) auipc   t5, 0x5
core   0: 3 0x8000a840 (0x00005f17) x30 0x8000f840
core   0: 0x8000a844 (0x7c3f2023) sw      gp, 1984(t5)
core   0: 3 0x8000a844 (0x7c3f2023) mem 0x80010000 0x00000001
core   0: 0x8000a848 (0x0000bfe5) c.j     pc - 8
core   0: 3 0x8000a848 (0xbfe5)
core   0: 0x8000a840 (0x00005f17) auipc   t5, 0x5
core   0: 3 0x8000a840 (0x00005f17) x30 0x8000f840
core   0: 0x8000a844 (0x7c3f2023) sw      gp, 1984(t5)
core   0: 3 0x8000a844 (0x7c3f2023) mem 0x80010000 0x00000001
core   0: 0x8000a848 (0x0000bfe5) c.j     pc - 8
core   0: 3 0x8000a848 (0xbfe5)
core   0: 0x8000a840 (0x00005f17) auipc   t5, 0x5
core   0: 3 0x8000a840 (0x00005f17) x30 0x8000f840
core   0: 0x8000a844 (0x7c3f2023) sw      gp, 1984(t5)
core   0: 3 0x8000a844 (0x7c3f2023) mem 0x80010000 0x00000001
core   0: 0x8000a848 (0x0000bfe5) c.j     pc - 8
core   0: 3 0x8000a848 (0xbfe5)
core   0: 0x8000a840 (0x00005f17) auipc   t5, 0x5
core   0: 3 0x8000a840 (0x00005f17) x30 0x8000f840
core   0: 0x8000a844 (0x7c3f2023) sw      gp, 1984(t5)
core   0: 3 0x8000a844 (0x7c3f2023) mem 0x80010000 0x00000001
core   0: 0x8000a848 (0x0000bfe5) c.j     pc - 8
core   0: 3 0x8000a848 (0xbfe5)
core   0: 0x8000a840 (0x00005f17) auipc   t5, 0x5
core   0: 3 0x8000a840 (0x00005f17) x30 0x8000f840
core   0: 0x8000a844 (0x7c3f2023) sw      gp, 1984(t5)
core   0: 3 0x8000a844 (0x7c3f2023) mem 0x80010000 0x00000001
core   0: 0x8000a848 (0x0000bfe5) c.j     pc - 8
core   0: 3 0x8000a848 (0xbfe5)
core   0: 0x8000a840 (0x00005f17) auipc   t5, 0x5
core   0: 3 0x8000a840 (0x00005f17) x30 0x8000f840
core   0: 0x8000a844 (0x7c3f2023) sw      gp, 1984(t5)
core   0: 3 0x8000a844 (0x7c3f2023) mem 0x80010000 0x00000001
core   0: 0x8000a848 (0x0000bfe5) c.j     pc - 8
core   0: 3 0x8000a848 (0xbfe5)
core   0: 0x8000a840 (0x00005f17) auipc   t5, 0x5
core   0: 3 0x8000a840 (0x00005f17) x30 0x8000f840
core   0: 0x8000a844 (0x7c3f2023) sw      gp, 1984(t5)
core   0: 3 0x8000a844 (0x7c3f2023) mem 0x80010000 0x00000001
core   0: 0x8000a848 (0x0000bfe5) c.j     pc - 8
core   0: 3 0x8000a848 (0xbfe5)
core   0: 0x8000a840 (0x00005f17) auipc   t5, 0x5
core   0: 3 0x8000a840 (0x00005f17) x30 0x8000f840
core   0: 0x8000a844 (0x7c3f2023) sw      gp, 1984(t5)
core   0: 3 0x8000a844 (0x7c3f2023) mem 0x80010000 0x00000001
core   0: 0x8000a848 (0x0000bfe5) c.j     pc - 8
core   0: 3 0x8000a848 (0xbfe5)
core   0: 0x8000a840 (0x00005f17) auipc   t5, 0x5
core   0: 3 0x8000a840 (0x00005f17) x30 0x8000f840
core   0: 0x8000a844 (0x7c3f2023) sw      gp, 1984(t5)
core   0: 3 0x8000a844 (0x7c3f2023) mem 0x80010000 0x00000001
core   0: 0x8000a848 (0x0000bfe5) c.j     pc - 8
core   0: 3 0x8000a848 (0xbfe5)
core   0: 0x8000a840 (0x00005f17) auipc   t5, 0x5
core   0: 3 0x8000a840 (0x00005f17) x30 0x8000f840
core   0: 0x8000a844 (0x7c3f2023) sw      gp, 1984(t5)
core   0: 3 0x8000a844 (0x7c3f2023) mem 0x80010000 0x00000001
core   0: 0x8000a848 (0x0000bfe5) c.j     pc - 8
core   0: 3 0x8000a848 (0xbfe5)
core   0: 0x8000a840 (0x00005f17) auipc   t5, 0x5
core   0: 3 0x8000a840 (0x00005f17) x30 0x8000f840
core   0: 0x8000a844 (0x7c3f2023) sw      gp, 1984(t5)
core   0: 3 0x8000a844 (0x7c3f2023) mem 0x80010000 0x00000001
core   0: 0x8000a848 (0x0000bfe5) c.j     pc - 8
core   0: 3 0x8000a848 (0xbfe5)
core   0: 0x8000a840 (0x00005f17) auipc   t5, 0x5
core   0: 3 0x8000a840 (0x00005f17) x30 0x8000f840
core   0: 0x8000a844 (0x7c3f2023) sw      gp, 1984(t5)
core   0: 3 0x8000a844 (0x7c3f2023) mem 0x80010000 0x00000001
core   0: 0x8000a848 (0x0000bfe5) c.j     pc - 8
core   0: 3 0x8000a848 (0xbfe5)
core   0: 0x8000a840 (0x00005f17) auipc   t5, 0x5
core   0: 3 0x8000a840 (0x00005f17) x30 0x8000f840
core   0: 0x8000a844 (0x7c3f2023) sw      gp, 1984(t5)
core   0: 3 0x8000a844 (0x7c3f2023) mem 0x80010000 0x00000001
core   0: 0x8000a848 (0x0000bfe5) c.j     pc - 8
core   0: 3 0x8000a848 (0xbfe5)
core   0: 0x8000a840 (0x00005f17) auipc   t5, 0x5
core   0: 3 0x8000a840 (0x00005f17) x30 0x8000f840
core   0: 0x8000a844 (0x7c3f2023) sw      gp, 1984(t5)
core   0: 3 0x8000a844 (0x7c3f2023) mem 0x80010000 0x00000001
core   0: 0x8000a848 (0x0000bfe5) c.j     pc - 8
core   0: 3 0x8000a848 (0xbfe5)
core   0: 0x8000a840 (0x00005f17) auipc   t5, 0x5
core   0: 3 0x8000a840 (0x00005f17) x30 0x8000f840
core   0: 0x8000a844 (0x7c3f2023) sw      gp, 1984(t5)
core   0: 3 0x8000a844 (0x7c3f2023) mem 0x80010000 0x00000001
core   0: 0x8000a848 (0x0000bfe5) c.j     pc - 8
core   0: 3 0x8000a848 (0xbfe5)
core   0: 0x8000a840 (0x00005f17) auipc   t5, 0x5
core   0: 3 0x8000a840 (0x00005f17) x30 0x8000f840
core   0: 0x8000a844 (0x7c3f2023) sw      gp, 1984(t5)
core   0: 3 0x8000a844 (0x7c3f2023) mem 0x80010000 0x00000001
core   0: 0x8000a848 (0x0000bfe5) c.j     pc - 8
core   0: 3 0x8000a848 (0xbfe5)
core   0: 0x8000a840 (0x00005f17) auipc   t5, 0x5
core   0: 3 0x8000a840 (0x00005f17) x30 0x8000f840
core   0: 0x8000a844 (0x7c3f2023) sw      gp, 1984(t5)
core   0: 3 0x8000a844 (0x7c3f2023) mem 0x80010000 0x00000001
core   0: 0x8000a848 (0x0000bfe5) c.j     pc - 8
core   0: 3 0x8000a848 (0xbfe5)
core   0: 0x8000a840 (0x00005f17) auipc   t5, 0x5
core   0: 3 0x8000a840 (0x00005f17) x30 0x8000f840
core   0: 0x8000a844 (0x7c3f2023) sw      gp, 1984(t5)
core   0: 3 0x8000a844 (0x7c3f2023) mem 0x80010000 0x00000001
core   0: 0x8000a848 (0x0000bfe5) c.j     pc - 8
core   0: 3 0x8000a848 (0xbfe5)
core   0: 0x8000a840 (0x00005f17) auipc   t5, 0x5
core   0: 3 0x8000a840 (0x00005f17) x30 0x8000f840
core   0: 0x8000a844 (0x7c3f2023) sw      gp, 1984(t5)
core   0: 3 0x8000a844 (0x7c3f2023) mem 0x80010000 0x00000001
core   0: 0x8000a848 (0x0000bfe5) c.j     pc - 8
core   0: 3 0x8000a848 (0xbfe5)
core   0: 0x8000a840 (0x00005f17) auipc   t5, 0x5
core   0: 3 0x8000a840 (0x00005f17) x30 0x8000f840
core   0: 0x8000a844 (0x7c3f2023) sw      gp, 1984(t5)
core   0: 3 0x8000a844 (0x7c3f2023) mem 0x80010000 0x00000001
core   0: 0x8000a848 (0x0000bfe5) c.j     pc - 8
core   0: 3 0x8000a848 (0xbfe5)
core   0: 0x8000a840 (0x00005f17) auipc   t5, 0x5
core   0: 3 0x8000a840 (0x00005f17) x30 0x8000f840
core   0: 0x8000a844 (0x7c3f2023) sw      gp, 1984(t5)
core   0: 3 0x8000a844 (0x7c3f2023) mem 0x80010000 0x00000001
core   0: 0x8000a848 (0x0000bfe5) c.j     pc - 8
core   0: 3 0x8000a848 (0xbfe5)
core   0: 0x8000a840 (0x00005f17) auipc   t5, 0x5
core   0: 3 0x8000a840 (0x00005f17) x30 0x8000f840
core   0: 0x8000a844 (0x7c3f2023) sw      gp, 1984(t5)
core   0: 3 0x8000a844 (0x7c3f2023) mem 0x80010000 0x00000001
core   0: 0x8000a848 (0x0000bfe5) c.j     pc - 8
core   0: 3 0x8000a848 (0xbfe5)
core   0: 0x8000a840 (0x00005f17) auipc   t5, 0x5
core   0: 3 0x8000a840 (0x00005f17) x30 0x8000f840
core   0: 0x8000a844 (0x7c3f2023) sw      gp, 1984(t5)
core   0: 3 0x8000a844 (0x7c3f2023) mem 0x80010000 0x00000001
core   0: 0x8000a848 (0x0000bfe5) c.j     pc - 8
core   0: 3 0x8000a848 (0xbfe5)
core   0: 0x8000a840 (0x00005f17) auipc   t5, 0x5
core   0: 3 0x8000a840 (0x00005f17) x30 0x8000f840
core   0: 0x8000a844 (0x7c3f2023) sw      gp, 1984(t5)
core   0: 3 0x8000a844 (0x7c3f2023) mem 0x80010000 0x00000001
core   0: 0x8000a848 (0x0000bfe5) c.j     pc - 8
core   0: 3 0x8000a848 (0xbfe5)
core   0: 0x8000a840 (0x00005f17) auipc   t5, 0x5
core   0: 3 0x8000a840 (0x00005f17) x30 0x8000f840
core   0: 0x8000a844 (0x7c3f2023) sw      gp, 1984(t5)
core   0: 3 0x8000a844 (0x7c3f2023) mem 0x80010000 0x00000001
core   0: 0x8000a848 (0x0000bfe5) c.j     pc - 8
core   0: 3 0x8000a848 (0xbfe5)
core   0: 0x8000a840 (0x00005f17) auipc   t5, 0x5
core   0: 3 0x8000a840 (0x00005f17) x30 0x8000f840
core   0: 0x8000a844 (0x7c3f2023) sw      gp, 1984(t5)
core   0: 3 0x8000a844 (0x7c3f2023) mem 0x80010000 0x00000001
core   0: 0x8000a848 (0x0000bfe5) c.j     pc - 8
core   0: 3 0x8000a848 (0xbfe5)
core   0: 0x8000a840 (0x00005f17) auipc   t5, 0x5
core   0: 3 0x8000a840 (0x00005f17) x30 0x8000f840
core   0: 0x8000a844 (0x7c3f2023) sw      gp, 1984(t5)
core   0: 3 0x8000a844 (0x7c3f2023) mem 0x80010000 0x00000001
core   0: 0x8000a848 (0x0000bfe5) c.j     pc - 8
core   0: 3 0x8000a848 (0xbfe5)
core   0: 0x8000a840 (0x00005f17) auipc   t5, 0x5
core   0: 3 0x8000a840 (0x00005f17) x30 0x8000f840
core   0: 0x8000a844 (0x7c3f2023) sw      gp, 1984(t5)
core   0: 3 0x8000a844 (0x7c3f2023) mem 0x80010000 0x00000001
core   0: 0x8000a848 (0x0000bfe5) c.j     pc - 8
core   0: 3 0x8000a848 (0xbfe5)
core   0: 0x8000a840 (0x00005f17) auipc   t5, 0x5
core   0: 3 0x8000a840 (0x00005f17) x30 0x8000f840
core   0: 0x8000a844 (0x7c3f2023) sw      gp, 1984(t5)
core   0: 3 0x8000a844 (0x7c3f2023) mem 0x80010000 0x00000001
core   0: 0x8000a848 (0x0000bfe5) c.j     pc - 8
core   0: 3 0x8000a848 (0xbfe5)
core   0: 0x8000a840 (0x00005f17) auipc   t5, 0x5
core   0: 3 0x8000a840 (0x00005f17) x30 0x8000f840
core   0: 0x8000a844 (0x7c3f2023) sw      gp, 1984(t5)
core   0: 3 0x8000a844 (0x7c3f2023) mem 0x80010000 0x00000001
core   0: 0x8000a848 (0x0000bfe5) c.j     pc - 8
core   0: 3 0x8000a848 (0xbfe5)
core   0: 0x8000a840 (0x00005f17) auipc   t5, 0x5
core   0: 3 0x8000a840 (0x00005f17) x30 0x8000f840
core   0: 0x8000a844 (0x7c3f2023) sw      gp, 1984(t5)
core   0: 3 0x8000a844 (0x7c3f2023) mem 0x80010000 0x00000001
core   0: 0x8000a848 (0x0000bfe5) c.j     pc - 8
core   0: 3 0x8000a848 (0xbfe5)
core   0: 0x8000a840 (0x00005f17) auipc   t5, 0x5
core   0: 3 0x8000a840 (0x00005f17) x30 0x8000f840
core   0: 0x8000a844 (0x7c3f2023) sw      gp, 1984(t5)
core   0: 3 0x8000a844 (0x7c3f2023) mem 0x80010000 0x00000001
core   0: 0x8000a848 (0x0000bfe5) c.j     pc - 8
core   0: 3 0x8000a848 (0xbfe5)
core   0: 0x8000a840 (0x00005f17) auipc   t5, 0x5
core   0: 3 0x8000a840 (0x00005f17) x30 0x8000f840
core   0: 0x8000a844 (0x7c3f2023) sw      gp, 1984(t5)
core   0: 3 0x8000a844 (0x7c3f2023) mem 0x80010000 0x00000001
core   0: 0x8000a848 (0x0000bfe5) c.j     pc - 8
core   0: 3 0x8000a848 (0xbfe5)
core   0: 0x8000a840 (0x00005f17) auipc   t5, 0x5
core   0: 3 0x8000a840 (0x00005f17) x30 0x8000f840
core   0: 0x8000a844 (0x7c3f2023) sw      gp, 1984(t5)
core   0: 3 0x8000a844 (0x7c3f2023) mem 0x80010000 0x00000001
core   0: 0x8000a848 (0x0000bfe5) c.j     pc - 8
core   0: 3 0x8000a848 (0xbfe5)
core   0: 0x8000a840 (0x00005f17) auipc   t5, 0x5
core   0: 3 0x8000a840 (0x00005f17) x30 0x8000f840
core   0: 0x8000a844 (0x7c3f2023) sw      gp, 1984(t5)
core   0: 3 0x8000a844 (0x7c3f2023) mem 0x80010000 0x00000001
core   0: 0x8000a848 (0x0000bfe5) c.j     pc - 8
core   0: 3 0x8000a848 (0xbfe5)
core   0: 0x8000a840 (0x00005f17) auipc   t5, 0x5
core   0: 3 0x8000a840 (0x00005f17) x30 0x8000f840
core   0: 0x8000a844 (0x7c3f2023) sw      gp, 1984(t5)
core   0: 3 0x8000a844 (0x7c3f2023) mem 0x80010000 0x00000001
core   0: 0x8000a848 (0x0000bfe5) c.j     pc - 8
core   0: 3 0x8000a848 (0xbfe5)
core   0: 0x8000a840 (0x00005f17) auipc   t5, 0x5
core   0: 3 0x8000a840 (0x00005f17) x30 0x8000f840
core   0: 0x8000a844 (0x7c3f2023) sw      gp, 1984(t5)
core   0: 3 0x8000a844 (0x7c3f2023) mem 0x80010000 0x00000001
core   0: 0x8000a848 (0x0000bfe5) c.j     pc - 8
core   0: 3 0x8000a848 (0xbfe5)
core   0: 0x8000a840 (0x00005f17) auipc   t5, 0x5
core   0: 3 0x8000a840 (0x00005f17) x30 0x8000f840
core   0: 0x8000a844 (0x7c3f2023) sw      gp, 1984(t5)
core   0: 3 0x8000a844 (0x7c3f2023) mem 0x80010000 0x00000001
core   0: 0x8000a848 (0x0000bfe5) c.j     pc - 8
core   0: 3 0x8000a848 (0xbfe5)
core   0: 0x8000a840 (0x00005f17) auipc   t5, 0x5
core   0: 3 0x8000a840 (0x00005f17) x30 0x8000f840
core   0: 0x8000a844 (0x7c3f2023) sw      gp, 1984(t5)
core   0: 3 0x8000a844 (0x7c3f2023) mem 0x80010000 0x00000001
core   0: 0x8000a848 (0x0000bfe5) c.j     pc - 8
core   0: 3 0x8000a848 (0xbfe5)
core   0: 0x8000a840 (0x00005f17) auipc   t5, 0x5
core   0: 3 0x8000a840 (0x00005f17) x30 0x8000f840
core   0: 0x8000a844 (0x7c3f2023) sw      gp, 1984(t5)
core   0: 3 0x8000a844 (0x7c3f2023) mem 0x80010000 0x00000001
core   0: 0x8000a848 (0x0000bfe5) c.j     pc - 8
core   0: 3 0x8000a848 (0xbfe5)
core   0: 0x8000a840 (0x00005f17) auipc   t5, 0x5
core   0: 3 0x8000a840 (0x00005f17) x30 0x8000f840
core   0: 0x8000a844 (0x7c3f2023) sw      gp, 1984(t5)
core   0: 3 0x8000a844 (0x7c3f2023) mem 0x80010000 0x00000001
core   0: 0x8000a848 (0x0000bfe5) c.j     pc - 8
core   0: 3 0x8000a848 (0xbfe5)
core   0: 0x8000a840 (0x00005f17) auipc   t5, 0x5
core   0: 3 0x8000a840 (0x00005f17) x30 0x8000f840
core   0: 0x8000a844 (0x7c3f2023) sw      gp, 1984(t5)
core   0: 3 0x8000a844 (0x7c3f2023) mem 0x80010000 0x00000001
core   0: 0x8000a848 (0x0000bfe5) c.j     pc - 8
core   0: 3 0x8000a848 (0xbfe5)
core   0: 0x8000a840 (0x00005f17) auipc   t5, 0x5
core   0: 3 0x8000a840 (0x00005f17) x30 0x8000f840
core   0: 0x8000a844 (0x7c3f2023) sw      gp, 1984(t5)
core   0: 3 0x8000a844 (0x7c3f2023) mem 0x80010000 0x00000001
core   0: 0x8000a848 (0x0000bfe5) c.j     pc - 8
core   0: 3 0x8000a848 (0xbfe5)
core   0: 0x8000a840 (0x00005f17) auipc   t5, 0x5
core   0: 3 0x8000a840 (0x00005f17) x30 0x8000f840
core   0: 0x8000a844 (0x7c3f2023) sw      gp, 1984(t5)
core   0: 3 0x8000a844 (0x7c3f2023) mem 0x80010000 0x00000001
core   0: 0x8000a848 (0x0000bfe5) c.j     pc - 8
core   0: 3 0x8000a848 (0xbfe5)
core   0: 0x8000a840 (0x00005f17) auipc   t5, 0x5
core   0: 3 0x8000a840 (0x00005f17) x30 0x8000f840
core   0: 0x8000a844 (0x7c3f2023) sw      gp, 1984(t5)
core   0: 3 0x8000a844 (0x7c3f2023) mem 0x80010000 0x00000001
core   0: 0x8000a848 (0x0000bfe5) c.j     pc - 8
core   0: 3 0x8000a848 (0xbfe5)
core   0: 0x8000a840 (0x00005f17) auipc   t5, 0x5
core   0: 3 0x8000a840 (0x00005f17) x30 0x8000f840
core   0: 0x8000a844 (0x7c3f2023) sw      gp, 1984(t5)
core   0: 3 0x8000a844 (0x7c3f2023) mem 0x80010000 0x00000001
core   0: 0x8000a848 (0x0000bfe5) c.j     pc - 8
core   0: 3 0x8000a848 (0xbfe5)
core   0: 0x8000a840 (0x00005f17) auipc   t5, 0x5
core   0: 3 0x8000a840 (0x00005f17) x30 0x8000f840
core   0: 0x8000a844 (0x7c3f2023) sw      gp, 1984(t5)
core   0: 3 0x8000a844 (0x7c3f2023) mem 0x80010000 0x00000001
core   0: 0x8000a848 (0x0000bfe5) c.j     pc - 8
core   0: 3 0x8000a848 (0xbfe5)
core   0: 0x8000a840 (0x00005f17) auipc   t5, 0x5
core   0: 3 0x8000a840 (0x00005f17) x30 0x8000f840
core   0: 0x8000a844 (0x7c3f2023) sw      gp, 1984(t5)
core   0: 3 0x8000a844 (0x7c3f2023) mem 0x80010000 0x00000001
core   0: 0x8000a848 (0x0000bfe5) c.j     pc - 8
core   0: 3 0x8000a848 (0xbfe5)
core   0: 0x8000a840 (0x00005f17) auipc   t5, 0x5
core   0: 3 0x8000a840 (0x00005f17) x30 0x8000f840
core   0: 0x8000a844 (0x7c3f2023) sw      gp, 1984(t5)
core   0: 3 0x8000a844 (0x7c3f2023) mem 0x80010000 0x00000001
core   0: 0x8000a848 (0x0000bfe5) c.j     pc - 8
core   0: 3 0x8000a848 (0xbfe5)
core   0: 0x8000a840 (0x00005f17) auipc   t5, 0x5
core   0: 3 0x8000a840 (0x00005f17) x30 0x8000f840
core   0: 0x8000a844 (0x7c3f2023) sw      gp, 1984(t5)
core   0: 3 0x8000a844 (0x7c3f2023) mem 0x80010000 0x00000001
core   0: 0x8000a848 (0x0000bfe5) c.j     pc - 8
core   0: 3 0x8000a848 (0xbfe5)
core   0: 0x8000a840 (0x00005f17) auipc   t5, 0x5
core   0: 3 0x8000a840 (0x00005f17) x30 0x8000f840
core   0: 0x8000a844 (0x7c3f2023) sw      gp, 1984(t5)
core   0: 3 0x8000a844 (0x7c3f2023) mem 0x80010000 0x00000001
core   0: 0x8000a848 (0x0000bfe5) c.j     pc - 8
core   0: 3 0x8000a848 (0xbfe5)
core   0: 0x8000a840 (0x00005f17) auipc   t5, 0x5
core   0: 3 0x8000a840 (0x00005f17) x30 0x8000f840
core   0: 0x8000a844 (0x7c3f2023) sw      gp, 1984(t5)
core   0: 3 0x8000a844 (0x7c3f2023) mem 0x80010000 0x00000001
core   0: 0x8000a848 (0x0000bfe5) c.j     pc - 8
core   0: 3 0x8000a848 (0xbfe5)
core   0: 0x8000a840 (0x00005f17) auipc   t5, 0x5
core   0: 3 0x8000a840 (0x00005f17) x30 0x8000f840
core   0: 0x8000a844 (0x7c3f2023) sw      gp, 1984(t5)
core   0: 3 0x8000a844 (0x7c3f2023) mem 0x80010000 0x00000001
core   0: 0x8000a848 (0x0000bfe5) c.j     pc - 8
core   0: 3 0x8000a848 (0xbfe5)
core   0: 0x8000a840 (0x00005f17) auipc   t5, 0x5
core   0: 3 0x8000a840 (0x00005f17) x30 0x8000f840
core   0: 0x8000a844 (0x7c3f2023) sw      gp, 1984(t5)
core   0: 3 0x8000a844 (0x7c3f2023) mem 0x80010000 0x00000001
core   0: 0x8000a848 (0x0000bfe5) c.j     pc - 8
core   0: 3 0x8000a848 (0xbfe5)
core   0: 0x8000a840 (0x00005f17) auipc   t5, 0x5
core   0: 3 0x8000a840 (0x00005f17) x30 0x8000f840
core   0: 0x8000a844 (0x7c3f2023) sw      gp, 1984(t5)
core   0: 3 0x8000a844 (0x7c3f2023) mem 0x80010000 0x00000001
core   0: 0x8000a848 (0x0000bfe5) c.j     pc - 8
core   0: 3 0x8000a848 (0xbfe5)
core   0: 0x8000a840 (0x00005f17) auipc   t5, 0x5
core   0: 3 0x8000a840 (0x00005f17) x30 0x8000f840
core   0: 0x8000a844 (0x7c3f2023) sw      gp, 1984(t5)
core   0: 3 0x8000a844 (0x7c3f2023) mem 0x80010000 0x00000001
core   0: 0x8000a848 (0x0000bfe5) c.j     pc - 8
core   0: 3 0x8000a848 (0xbfe5)
core   0: 0x8000a840 (0x00005f17) auipc   t5, 0x5
core   0: 3 0x8000a840 (0x00005f17) x30 0x8000f840
core   0: 0x8000a844 (0x7c3f2023) sw      gp, 1984(t5)
core   0: 3 0x8000a844 (0x7c3f2023) mem 0x80010000 0x00000001
core   0: 0x8000a848 (0x0000bfe5) c.j     pc - 8
core   0: 3 0x8000a848 (0xbfe5)
core   0: 0x8000a840 (0x00005f17) auipc   t5, 0x5
core   0: 3 0x8000a840 (0x00005f17) x30 0x8000f840
core   0: 0x8000a844 (0x7c3f2023) sw      gp, 1984(t5)
core   0: 3 0x8000a844 (0x7c3f2023) mem 0x80010000 0x00000001
core   0: 0x8000a848 (0x0000bfe5) c.j     pc - 8
core   0: 3 0x8000a848 (0xbfe5)
core   0: 0x8000a840 (0x00005f17) auipc   t5, 0x5
core   0: 3 0x8000a840 (0x00005f17) x30 0x8000f840
core   0: 0x8000a844 (0x7c3f2023) sw      gp, 1984(t5)
core   0: 3 0x8000a844 (0x7c3f2023) mem 0x80010000 0x00000001
core   0: 0x8000a848 (0x0000bfe5) c.j     pc - 8
core   0: 3 0x8000a848 (0xbfe5)
core   0: 0x8000a840 (0x00005f17) auipc   t5, 0x5
core   0: 3 0x8000a840 (0x00005f17) x30 0x8000f840
core   0: 0x8000a844 (0x7c3f2023) sw      gp, 1984(t5)
core   0: 3 0x8000a844 (0x7c3f2023) mem 0x80010000 0x00000001
core   0: 0x8000a848 (0x0000bfe5) c.j     pc - 8
core   0: 3 0x8000a848 (0xbfe5)
core   0: 0x8000a840 (0x00005f17) auipc   t5, 0x5
core   0: 3 0x8000a840 (0x00005f17) x30 0x8000f840
core   0: 0x8000a844 (0x7c3f2023) sw      gp, 1984(t5)
core   0: 3 0x8000a844 (0x7c3f2023) mem 0x80010000 0x00000001
core   0: 0x8000a848 (0x0000bfe5) c.j     pc - 8
core   0: 3 0x8000a848 (0xbfe5)
core   0: 0x8000a840 (0x00005f17) auipc   t5, 0x5
core   0: 3 0x8000a840 (0x00005f17) x30 0x8000f840
core   0: 0x8000a844 (0x7c3f2023) sw      gp, 1984(t5)
core   0: 3 0x8000a844 (0x7c3f2023) mem 0x80010000 0x00000001
core   0: 0x8000a848 (0x0000bfe5) c.j     pc - 8
core   0: 3 0x8000a848 (0xbfe5)
core   0: 0x8000a840 (0x00005f17) auipc   t5, 0x5
core   0: 3 0x8000a840 (0x00005f17) x30 0x8000f840
core   0: 0x8000a844 (0x7c3f2023) sw      gp, 1984(t5)
core   0: 3 0x8000a844 (0x7c3f2023) mem 0x80010000 0x00000001
core   0: 0x8000a848 (0x0000bfe5) c.j     pc - 8
core   0: 3 0x8000a848 (0xbfe5)
core   0: 0x8000a840 (0x00005f17) auipc   t5, 0x5
core   0: 3 0x8000a840 (0x00005f17) x30 0x8000f840
core   0: 0x8000a844 (0x7c3f2023) sw      gp, 1984(t5)
core   0: 3 0x8000a844 (0x7c3f2023) mem 0x80010000 0x00000001
core   0: 0x8000a848 (0x0000bfe5) c.j     pc - 8
core   0: 3 0x8000a848 (0xbfe5)
core   0: 0x8000a840 (0x00005f17) auipc   t5, 0x5
core   0: 3 0x8000a840 (0x00005f17) x30 0x8000f840
core   0: 0x8000a844 (0x7c3f2023) sw      gp, 1984(t5)
core   0: 3 0x8000a844 (0x7c3f2023) mem 0x80010000 0x00000001
core   0: 0x8000a848 (0x0000bfe5) c.j     pc - 8
core   0: 3 0x8000a848 (0xbfe5)
core   0: 0x8000a840 (0x00005f17) auipc   t5, 0x5
core   0: 3 0x8000a840 (0x00005f17) x30 0x8000f840
core   0: 0x8000a844 (0x7c3f2023) sw      gp, 1984(t5)
core   0: 3 0x8000a844 (0x7c3f2023) mem 0x80010000 0x00000001
core   0: 0x8000a848 (0x0000bfe5) c.j     pc - 8
core   0: 3 0x8000a848 (0xbfe5)
core   0: 0x8000a840 (0x00005f17) auipc   t5, 0x5
core   0: 3 0x8000a840 (0x00005f17) x30 0x8000f840
core   0: 0x8000a844 (0x7c3f2023) sw      gp, 1984(t5)
core   0: 3 0x8000a844 (0x7c3f2023) mem 0x80010000 0x00000001
core   0: 0x8000a848 (0x0000bfe5) c.j     pc - 8
core   0: 3 0x8000a848 (0xbfe5)
core   0: 0x8000a840 (0x00005f17) auipc   t5, 0x5
core   0: 3 0x8000a840 (0x00005f17) x30 0x8000f840
core   0: 0x8000a844 (0x7c3f2023) sw      gp, 1984(t5)
core   0: 3 0x8000a844 (0x7c3f2023) mem 0x80010000 0x00000001
core   0: 0x8000a848 (0x0000bfe5) c.j     pc - 8
core   0: 3 0x8000a848 (0xbfe5)
core   0: 0x8000a840 (0x00005f17) auipc   t5, 0x5
core   0: 3 0x8000a840 (0x00005f17) x30 0x8000f840
core   0: 0x8000a844 (0x7c3f2023) sw      gp, 1984(t5)
core   0: 3 0x8000a844 (0x7c3f2023) mem 0x80010000 0x00000001
core   0: 0x8000a848 (0x0000bfe5) c.j     pc - 8
core   0: 3 0x8000a848 (0xbfe5)
core   0: 0x8000a840 (0x00005f17) auipc   t5, 0x5
core   0: 3 0x8000a840 (0x00005f17) x30 0x8000f840
core   0: 0x8000a844 (0x7c3f2023) sw      gp, 1984(t5)
core   0: 3 0x8000a844 (0x7c3f2023) mem 0x80010000 0x00000001
core   0: 0x8000a848 (0x0000bfe5) c.j     pc - 8
core   0: 3 0x8000a848 (0xbfe5)
core   0: 0x8000a840 (0x00005f17) auipc   t5, 0x5
core   0: 3 0x8000a840 (0x00005f17) x30 0x8000f840
core   0: 0x8000a844 (0x7c3f2023) sw      gp, 1984(t5)
core   0: 3 0x8000a844 (0x7c3f2023) mem 0x80010000 0x00000001
core   0: 0x8000a848 (0x0000bfe5) c.j     pc - 8
core   0: 3 0x8000a848 (0xbfe5)
core   0: 0x8000a840 (0x00005f17) auipc   t5, 0x5
core   0: 3 0x8000a840 (0x00005f17) x30 0x8000f840
core   0: 0x8000a844 (0x7c3f2023) sw      gp, 1984(t5)
core   0: 3 0x8000a844 (0x7c3f2023) mem 0x80010000 0x00000001
core   0: 0x8000a848 (0x0000bfe5) c.j     pc - 8
core   0: 3 0x8000a848 (0xbfe5)
core   0: 0x8000a840 (0x00005f17) auipc   t5, 0x5
core   0: 3 0x8000a840 (0x00005f17) x30 0x8000f840
core   0: 0x8000a844 (0x7c3f2023) sw      gp, 1984(t5)
core   0: 3 0x8000a844 (0x7c3f2023) mem 0x80010000 0x00000001
core   0: 0x8000a848 (0x0000bfe5) c.j     pc - 8
core   0: 3 0x8000a848 (0xbfe5)
core   0: 0x8000a840 (0x00005f17) auipc   t5, 0x5
core   0: 3 0x8000a840 (0x00005f17) x30 0x8000f840
core   0: 0x8000a844 (0x7c3f2023) sw      gp, 1984(t5)
core   0: 3 0x8000a844 (0x7c3f2023) mem 0x80010000 0x00000001
core   0: 0x8000a848 (0x0000bfe5) c.j     pc - 8
core   0: 3 0x8000a848 (0xbfe5)
core   0: 0x8000a840 (0x00005f17) auipc   t5, 0x5
core   0: 3 0x8000a840 (0x00005f17) x30 0x8000f840
core   0: 0x8000a844 (0x7c3f2023) sw      gp, 1984(t5)
core   0: 3 0x8000a844 (0x7c3f2023) mem 0x80010000 0x00000001
core   0: 0x8000a848 (0x0000bfe5) c.j     pc - 8
core   0: 3 0x8000a848 (0xbfe5)
core   0: 0x8000a840 (0x00005f17) auipc   t5, 0x5
core   0: 3 0x8000a840 (0x00005f17) x30 0x8000f840
core   0: 0x8000a844 (0x7c3f2023) sw      gp, 1984(t5)
core   0: 3 0x8000a844 (0x7c3f2023) mem 0x80010000 0x00000001
core   0: 0x8000a848 (0x0000bfe5) c.j     pc - 8
core   0: 3 0x8000a848 (0xbfe5)
core   0: 0x8000a840 (0x00005f17) auipc   t5, 0x5
core   0: 3 0x8000a840 (0x00005f17) x30 0x8000f840
core   0: 0x8000a844 (0x7c3f2023) sw      gp, 1984(t5)
core   0: 3 0x8000a844 (0x7c3f2023) mem 0x80010000 0x00000001
core   0: 0x8000a848 (0x0000bfe5) c.j     pc - 8
core   0: 3 0x8000a848 (0xbfe5)
core   0: 0x8000a840 (0x00005f17) auipc   t5, 0x5
core   0: 3 0x8000a840 (0x00005f17) x30 0x8000f840
core   0: 0x8000a844 (0x7c3f2023) sw      gp, 1984(t5)
core   0: 3 0x8000a844 (0x7c3f2023) mem 0x80010000 0x00000001
core   0: 0x8000a848 (0x0000bfe5) c.j     pc - 8
core   0: 3 0x8000a848 (0xbfe5)
core   0: 0x8000a840 (0x00005f17) auipc   t5, 0x5
core   0: 3 0x8000a840 (0x00005f17) x30 0x8000f840
core   0: 0x8000a844 (0x7c3f2023) sw      gp, 1984(t5)
core   0: 3 0x8000a844 (0x7c3f2023) mem 0x80010000 0x00000001
core   0: 0x8000a848 (0x0000bfe5) c.j     pc - 8
core   0: 3 0x8000a848 (0xbfe5)
core   0: 0x8000a840 (0x00005f17) auipc   t5, 0x5
core   0: 3 0x8000a840 (0x00005f17) x30 0x8000f840
core   0: 0x8000a844 (0x7c3f2023) sw      gp, 1984(t5)
core   0: 3 0x8000a844 (0x7c3f2023) mem 0x80010000 0x00000001
core   0: 0x8000a848 (0x0000bfe5) c.j     pc - 8
core   0: 3 0x8000a848 (0xbfe5)
core   0: 0x8000a840 (0x00005f17) auipc   t5, 0x5
core   0: 3 0x8000a840 (0x00005f17) x30 0x8000f840
core   0: 0x8000a844 (0x7c3f2023) sw      gp, 1984(t5)
core   0: 3 0x8000a844 (0x7c3f2023) mem 0x80010000 0x00000001
core   0: 0x8000a848 (0x0000bfe5) c.j     pc - 8
core   0: 3 0x8000a848 (0xbfe5)
core   0: 0x8000a840 (0x00005f17) auipc   t5, 0x5
core   0: 3 0x8000a840 (0x00005f17) x30 0x8000f840
core   0: 0x8000a844 (0x7c3f2023) sw      gp, 1984(t5)
core   0: 3 0x8000a844 (0x7c3f2023) mem 0x80010000 0x00000001
core   0: 0x8000a848 (0x0000bfe5) c.j     pc - 8
core   0: 3 0x8000a848 (0xbfe5)
core   0: 0x8000a840 (0x00005f17) auipc   t5, 0x5
core   0: 3 0x8000a840 (0x00005f17) x30 0x8000f840
core   0: 0x8000a844 (0x7c3f2023) sw      gp, 1984(t5)
core   0: 3 0x8000a844 (0x7c3f2023) mem 0x80010000 0x00000001
core   0: 0x8000a848 (0x0000bfe5) c.j     pc - 8
core   0: 3 0x8000a848 (0xbfe5)
core   0: 0x8000a840 (0x00005f17) auipc   t5, 0x5
core   0: 3 0x8000a840 (0x00005f17) x30 0x8000f840
core   0: 0x8000a844 (0x7c3f2023) sw      gp, 1984(t5)
core   0: 3 0x8000a844 (0x7c3f2023) mem 0x80010000 0x00000001
core   0: 0x8000a848 (0x0000bfe5) c.j     pc - 8
core   0: 3 0x8000a848 (0xbfe5)
core   0: 0x8000a840 (0x00005f17) auipc   t5, 0x5
core   0: 3 0x8000a840 (0x00005f17) x30 0x8000f840
core   0: 0x8000a844 (0x7c3f2023) sw      gp, 1984(t5)
core   0: 3 0x8000a844 (0x7c3f2023) mem 0x80010000 0x00000001
core   0: 0x8000a848 (0x0000bfe5) c.j     pc - 8
core   0: 3 0x8000a848 (0xbfe5)
core   0: 0x8000a840 (0x00005f17) auipc   t5, 0x5
core   0: 3 0x8000a840 (0x00005f17) x30 0x8000f840
core   0: 0x8000a844 (0x7c3f2023) sw      gp, 1984(t5)
core   0: 3 0x8000a844 (0x7c3f2023) mem 0x80010000 0x00000001
core   0: 0x8000a848 (0x0000bfe5) c.j     pc - 8
core   0: 3 0x8000a848 (0xbfe5)
core   0: 0x8000a840 (0x00005f17) auipc   t5, 0x5
core   0: 3 0x8000a840 (0x00005f17) x30 0x8000f840
core   0: 0x8000a844 (0x7c3f2023) sw      gp, 1984(t5)
core   0: 3 0x8000a844 (0x7c3f2023) mem 0x80010000 0x00000001
core   0: 0x8000a848 (0x0000bfe5) c.j     pc - 8
core   0: 3 0x8000a848 (0xbfe5)
core   0: 0x8000a840 (0x00005f17) auipc   t5, 0x5
core   0: 3 0x8000a840 (0x00005f17) x30 0x8000f840
core   0: 0x8000a844 (0x7c3f2023) sw      gp, 1984(t5)
core   0: 3 0x8000a844 (0x7c3f2023) mem 0x80010000 0x00000001
core   0: 0x8000a848 (0x0000bfe5) c.j     pc - 8
core   0: 3 0x8000a848 (0xbfe5)
core   0: 0x8000a840 (0x00005f17) auipc   t5, 0x5
core   0: 3 0x8000a840 (0x00005f17) x30 0x8000f840
core   0: 0x8000a844 (0x7c3f2023) sw      gp, 1984(t5)
core   0: 3 0x8000a844 (0x7c3f2023) mem 0x80010000 0x00000001
core   0: 0x8000a848 (0x0000bfe5) c.j     pc - 8
core   0: 3 0x8000a848 (0xbfe5)
core   0: 0x8000a840 (0x00005f17) auipc   t5, 0x5
core   0: 3 0x8000a840 (0x00005f17) x30 0x8000f840
core   0: 0x8000a844 (0x7c3f2023) sw      gp, 1984(t5)
core   0: 3 0x8000a844 (0x7c3f2023) mem 0x80010000 0x00000001
core   0: 0x8000a848 (0x0000bfe5) c.j     pc - 8
core   0: 3 0x8000a848 (0xbfe5)
core   0: 0x8000a840 (0x00005f17) auipc   t5, 0x5
core   0: 3 0x8000a840 (0x00005f17) x30 0x8000f840
core   0: 0x8000a844 (0x7c3f2023) sw      gp, 1984(t5)
core   0: 3 0x8000a844 (0x7c3f2023) mem 0x80010000 0x00000001
core   0: 0x8000a848 (0x0000bfe5) c.j     pc - 8
core   0: 3 0x8000a848 (0xbfe5)
core   0: 0x8000a840 (0x00005f17) auipc   t5, 0x5
core   0: 3 0x8000a840 (0x00005f17) x30 0x8000f840
core   0: 0x8000a844 (0x7c3f2023) sw      gp, 1984(t5)
core   0: 3 0x8000a844 (0x7c3f2023) mem 0x80010000 0x00000001
core   0: 0x8000a848 (0x0000bfe5) c.j     pc - 8
core   0: 3 0x8000a848 (0xbfe5)
core   0: 0x8000a840 (0x00005f17) auipc   t5, 0x5
core   0: 3 0x8000a840 (0x00005f17) x30 0x8000f840
core   0: 0x8000a844 (0x7c3f2023) sw      gp, 1984(t5)
core   0: 3 0x8000a844 (0x7c3f2023) mem 0x80010000 0x00000001
core   0: 0x8000a848 (0x0000bfe5) c.j     pc - 8
core   0: 3 0x8000a848 (0xbfe5)
core   0: 0x8000a840 (0x00005f17) auipc   t5, 0x5
core   0: 3 0x8000a840 (0x00005f17) x30 0x8000f840
core   0: 0x8000a844 (0x7c3f2023) sw      gp, 1984(t5)
core   0: 3 0x8000a844 (0x7c3f2023) mem 0x80010000 0x00000001
core   0: 0x8000a848 (0x0000bfe5) c.j     pc - 8
core   0: 3 0x8000a848 (0xbfe5)
core   0: 0x8000a840 (0x00005f17) auipc   t5, 0x5
core   0: 3 0x8000a840 (0x00005f17) x30 0x8000f840
core   0: 0x8000a844 (0x7c3f2023) sw      gp, 1984(t5)
core   0: 3 0x8000a844 (0x7c3f2023) mem 0x80010000 0x00000001
core   0: 0x8000a848 (0x0000bfe5) c.j     pc - 8
core   0: 3 0x8000a848 (0xbfe5)
core   0: 0x8000a840 (0x00005f17) auipc   t5, 0x5
core   0: 3 0x8000a840 (0x00005f17) x30 0x8000f840
core   0: 0x8000a844 (0x7c3f2023) sw      gp, 1984(t5)
core   0: 3 0x8000a844 (0x7c3f2023) mem 0x80010000 0x00000001
core   0: 0x8000a848 (0x0000bfe5) c.j     pc - 8
core   0: 3 0x8000a848 (0xbfe5)
core   0: 0x8000a840 (0x00005f17) auipc   t5, 0x5
core   0: 3 0x8000a840 (0x00005f17) x30 0x8000f840
core   0: 0x8000a844 (0x7c3f2023) sw      gp, 1984(t5)
core   0: 3 0x8000a844 (0x7c3f2023) mem 0x80010000 0x00000001
core   0: 0x8000a848 (0x0000bfe5) c.j     pc - 8
core   0: 3 0x8000a848 (0xbfe5)
core   0: 0x8000a840 (0x00005f17) auipc   t5, 0x5
core   0: 3 0x8000a840 (0x00005f17) x30 0x8000f840
core   0: 0x8000a844 (0x7c3f2023) sw      gp, 1984(t5)
core   0: 3 0x8000a844 (0x7c3f2023) mem 0x80010000 0x00000001
core   0: 0x8000a848 (0x0000bfe5) c.j     pc - 8
core   0: 3 0x8000a848 (0xbfe5)
core   0: 0x8000a840 (0x00005f17) auipc   t5, 0x5
core   0: 3 0x8000a840 (0x00005f17) x30 0x8000f840
core   0: 0x8000a844 (0x7c3f2023) sw      gp, 1984(t5)
core   0: 3 0x8000a844 (0x7c3f2023) mem 0x80010000 0x00000001
core   0: 0x8000a848 (0x0000bfe5) c.j     pc - 8
core   0: 3 0x8000a848 (0xbfe5)
core   0: 0x8000a840 (0x00005f17) auipc   t5, 0x5
core   0: 3 0x8000a840 (0x00005f17) x30 0x8000f840
core   0: 0x8000a844 (0x7c3f2023) sw      gp, 1984(t5)
core   0: 3 0x8000a844 (0x7c3f2023) mem 0x80010000 0x00000001
core   0: 0x8000a848 (0x0000bfe5) c.j     pc - 8
core   0: 3 0x8000a848 (0xbfe5)
core   0: 0x8000a840 (0x00005f17) auipc   t5, 0x5
core   0: 3 0x8000a840 (0x00005f17) x30 0x8000f840
core   0: 0x8000a844 (0x7c3f2023) sw      gp, 1984(t5)
core   0: 3 0x8000a844 (0x7c3f2023) mem 0x80010000 0x00000001
core   0: 0x8000a848 (0x0000bfe5) c.j     pc - 8
core   0: 3 0x8000a848 (0xbfe5)
core   0: 0x8000a840 (0x00005f17) auipc   t5, 0x5
core   0: 3 0x8000a840 (0x00005f17) x30 0x8000f840
core   0: 0x8000a844 (0x7c3f2023) sw      gp, 1984(t5)
core   0: 3 0x8000a844 (0x7c3f2023) mem 0x80010000 0x00000001
core   0: 0x8000a848 (0x0000bfe5) c.j     pc - 8
core   0: 3 0x8000a848 (0xbfe5)
core   0: 0x8000a840 (0x00005f17) auipc   t5, 0x5
core   0: 3 0x8000a840 (0x00005f17) x30 0x8000f840
core   0: 0x8000a844 (0x7c3f2023) sw      gp, 1984(t5)
core   0: 3 0x8000a844 (0x7c3f2023) mem 0x80010000 0x00000001
core   0: 0x8000a848 (0x0000bfe5) c.j     pc - 8
core   0: 3 0x8000a848 (0xbfe5)
core   0: 0x8000a840 (0x00005f17) auipc   t5, 0x5
core   0: 3 0x8000a840 (0x00005f17) x30 0x8000f840
core   0: 0x8000a844 (0x7c3f2023) sw      gp, 1984(t5)
core   0: 3 0x8000a844 (0x7c3f2023) mem 0x80010000 0x00000001
core   0: 0x8000a848 (0x0000bfe5) c.j     pc - 8
core   0: 3 0x8000a848 (0xbfe5)
core   0: 0x8000a840 (0x00005f17) auipc   t5, 0x5
core   0: 3 0x8000a840 (0x00005f17) x30 0x8000f840
core   0: 0x8000a844 (0x7c3f2023) sw      gp, 1984(t5)
core   0: 3 0x8000a844 (0x7c3f2023) mem 0x80010000 0x00000001
core   0: 0x8000a848 (0x0000bfe5) c.j     pc - 8
core   0: 3 0x8000a848 (0xbfe5)
core   0: 0x8000a840 (0x00005f17) auipc   t5, 0x5
core   0: 3 0x8000a840 (0x00005f17) x30 0x8000f840
core   0: 0x8000a844 (0x7c3f2023) sw      gp, 1984(t5)
core   0: 3 0x8000a844 (0x7c3f2023) mem 0x80010000 0x00000001
core   0: 0x8000a848 (0x0000bfe5) c.j     pc - 8
core   0: 3 0x8000a848 (0xbfe5)
core   0: 0x8000a840 (0x00005f17) auipc   t5, 0x5
core   0: 3 0x8000a840 (0x00005f17) x30 0x8000f840
core   0: 0x8000a844 (0x7c3f2023) sw      gp, 1984(t5)
core   0: 3 0x8000a844 (0x7c3f2023) mem 0x80010000 0x00000001
core   0: 0x8000a848 (0x0000bfe5) c.j     pc - 8
core   0: 3 0x8000a848 (0xbfe5)
core   0: 0x8000a840 (0x00005f17) auipc   t5, 0x5
core   0: 3 0x8000a840 (0x00005f17) x30 0x8000f840
core   0: 0x8000a844 (0x7c3f2023) sw      gp, 1984(t5)
core   0: 3 0x8000a844 (0x7c3f2023) mem 0x80010000 0x00000001
core   0: 0x8000a848 (0x0000bfe5) c.j     pc - 8
core   0: 3 0x8000a848 (0xbfe5)
core   0: 0x8000a840 (0x00005f17) auipc   t5, 0x5
core   0: 3 0x8000a840 (0x00005f17) x30 0x8000f840
core   0: 0x8000a844 (0x7c3f2023) sw      gp, 1984(t5)
core   0: 3 0x8000a844 (0x7c3f2023) mem 0x80010000 0x00000001
core   0: 0x8000a848 (0x0000bfe5) c.j     pc - 8
core   0: 3 0x8000a848 (0xbfe5)
core   0: 0x8000a840 (0x00005f17) auipc   t5, 0x5
core   0: 3 0x8000a840 (0x00005f17) x30 0x8000f840
core   0: 0x8000a844 (0x7c3f2023) sw      gp, 1984(t5)
core   0: 3 0x8000a844 (0x7c3f2023) mem 0x80010000 0x00000001
core   0: 0x8000a848 (0x0000bfe5) c.j     pc - 8
core   0: 3 0x8000a848 (0xbfe5)
core   0: 0x8000a840 (0x00005f17) auipc   t5, 0x5
core   0: 3 0x8000a840 (0x00005f17) x30 0x8000f840
core   0: 0x8000a844 (0x7c3f2023) sw      gp, 1984(t5)
core   0: 3 0x8000a844 (0x7c3f2023) mem 0x80010000 0x00000001
core   0: 0x8000a848 (0x0000bfe5) c.j     pc - 8
core   0: 3 0x8000a848 (0xbfe5)
core   0: 0x8000a840 (0x00005f17) auipc   t5, 0x5
core   0: 3 0x8000a840 (0x00005f17) x30 0x8000f840
core   0: 0x8000a844 (0x7c3f2023) sw      gp, 1984(t5)
core   0: 3 0x8000a844 (0x7c3f2023) mem 0x80010000 0x00000001
core   0: 0x8000a848 (0x0000bfe5) c.j     pc - 8
core   0: 3 0x8000a848 (0xbfe5)
core   0: 0x8000a840 (0x00005f17) auipc   t5, 0x5
core   0: 3 0x8000a840 (0x00005f17) x30 0x8000f840
core   0: 0x8000a844 (0x7c3f2023) sw      gp, 1984(t5)
core   0: 3 0x8000a844 (0x7c3f2023) mem 0x80010000 0x00000001
core   0: 0x8000a848 (0x0000bfe5) c.j     pc - 8
core   0: 3 0x8000a848 (0xbfe5)
core   0: 0x8000a840 (0x00005f17) auipc   t5, 0x5
core   0: 3 0x8000a840 (0x00005f17) x30 0x8000f840
core   0: 0x8000a844 (0x7c3f2023) sw      gp, 1984(t5)
core   0: 3 0x8000a844 (0x7c3f2023) mem 0x80010000 0x00000001
core   0: 0x8000a848 (0x0000bfe5) c.j     pc - 8
core   0: 3 0x8000a848 (0xbfe5)
core   0: 0x8000a840 (0x00005f17) auipc   t5, 0x5
core   0: 3 0x8000a840 (0x00005f17) x30 0x8000f840
core   0: 0x8000a844 (0x7c3f2023) sw      gp, 1984(t5)
core   0: 3 0x8000a844 (0x7c3f2023) mem 0x80010000 0x00000001
core   0: 0x8000a848 (0x0000bfe5) c.j     pc - 8
core   0: 3 0x8000a848 (0xbfe5)
core   0: 0x8000a840 (0x00005f17) auipc   t5, 0x5
core   0: 3 0x8000a840 (0x00005f17) x30 0x8000f840
core   0: 0x8000a844 (0x7c3f2023) sw      gp, 1984(t5)
core   0: 3 0x8000a844 (0x7c3f2023) mem 0x80010000 0x00000001
core   0: 0x8000a848 (0x0000bfe5) c.j     pc - 8
core   0: 3 0x8000a848 (0xbfe5)
core   0: 0x8000a840 (0x00005f17) auipc   t5, 0x5
core   0: 3 0x8000a840 (0x00005f17) x30 0x8000f840
core   0: 0x8000a844 (0x7c3f2023) sw      gp, 1984(t5)
core   0: 3 0x8000a844 (0x7c3f2023) mem 0x80010000 0x00000001
core   0: 0x8000a848 (0x0000bfe5) c.j     pc - 8
core   0: 3 0x8000a848 (0xbfe5)
core   0: 0x8000a840 (0x00005f17) auipc   t5, 0x5
core   0: 3 0x8000a840 (0x00005f17) x30 0x8000f840
core   0: 0x8000a844 (0x7c3f2023) sw      gp, 1984(t5)
core   0: 3 0x8000a844 (0x7c3f2023) mem 0x80010000 0x00000001
core   0: 0x8000a848 (0x0000bfe5) c.j     pc - 8
core   0: 3 0x8000a848 (0xbfe5)
core   0: 0x8000a840 (0x00005f17) auipc   t5, 0x5
core   0: 3 0x8000a840 (0x00005f17) x30 0x8000f840
core   0: 0x8000a844 (0x7c3f2023) sw      gp, 1984(t5)
core   0: 3 0x8000a844 (0x7c3f2023) mem 0x80010000 0x00000001
core   0: 0x8000a848 (0x0000bfe5) c.j     pc - 8
core   0: 3 0x8000a848 (0xbfe5)
core   0: 0x8000a840 (0x00005f17) auipc   t5, 0x5
core   0: 3 0x8000a840 (0x00005f17) x30 0x8000f840
core   0: 0x8000a844 (0x7c3f2023) sw      gp, 1984(t5)
core   0: 3 0x8000a844 (0x7c3f2023) mem 0x80010000 0x00000001
core   0: 0x8000a848 (0x0000bfe5) c.j     pc - 8
core   0: 3 0x8000a848 (0xbfe5)
core   0: 0x8000a840 (0x00005f17) auipc   t5, 0x5
core   0: 3 0x8000a840 (0x00005f17) x30 0x8000f840
core   0: 0x8000a844 (0x7c3f2023) sw      gp, 1984(t5)
core   0: 3 0x8000a844 (0x7c3f2023) mem 0x80010000 0x00000001
core   0: 0x8000a848 (0x0000bfe5) c.j     pc - 8
core   0: 3 0x8000a848 (0xbfe5)
core   0: 0x8000a840 (0x00005f17) auipc   t5, 0x5
core   0: 3 0x8000a840 (0x00005f17) x30 0x8000f840
core   0: 0x8000a844 (0x7c3f2023) sw      gp, 1984(t5)
core   0: 3 0x8000a844 (0x7c3f2023) mem 0x80010000 0x00000001
core   0: 0x8000a848 (0x0000bfe5) c.j     pc - 8
core   0: 3 0x8000a848 (0xbfe5)
core   0: 0x8000a840 (0x00005f17) auipc   t5, 0x5
core   0: 3 0x8000a840 (0x00005f17) x30 0x8000f840
core   0: 0x8000a844 (0x7c3f2023) sw      gp, 1984(t5)
core   0: 3 0x8000a844 (0x7c3f2023) mem 0x80010000 0x00000001
core   0: 0x8000a848 (0x0000bfe5) c.j     pc - 8
core   0: 3 0x8000a848 (0xbfe5)
core   0: 0x8000a840 (0x00005f17) auipc   t5, 0x5
core   0: 3 0x8000a840 (0x00005f17) x30 0x8000f840
core   0: 0x8000a844 (0x7c3f2023) sw      gp, 1984(t5)
core   0: 3 0x8000a844 (0x7c3f2023) mem 0x80010000 0x00000001
core   0: 0x8000a848 (0x0000bfe5) c.j     pc - 8
core   0: 3 0x8000a848 (0xbfe5)
core   0: 0x8000a840 (0x00005f17) auipc   t5, 0x5
core   0: 3 0x8000a840 (0x00005f17) x30 0x8000f840
core   0: 0x8000a844 (0x7c3f2023) sw      gp, 1984(t5)
core   0: 3 0x8000a844 (0x7c3f2023) mem 0x80010000 0x00000001
core   0: 0x8000a848 (0x0000bfe5) c.j     pc - 8
core   0: 3 0x8000a848 (0xbfe5)
core   0: 0x8000a840 (0x00005f17) auipc   t5, 0x5
core   0: 3 0x8000a840 (0x00005f17) x30 0x8000f840
core   0: 0x8000a844 (0x7c3f2023) sw      gp, 1984(t5)
core   0: 3 0x8000a844 (0x7c3f2023) mem 0x80010000 0x00000001
core   0: 0x8000a848 (0x0000bfe5) c.j     pc - 8
core   0: 3 0x8000a848 (0xbfe5)
core   0: 0x8000a840 (0x00005f17) auipc   t5, 0x5
core   0: 3 0x8000a840 (0x00005f17) x30 0x8000f840
core   0: 0x8000a844 (0x7c3f2023) sw      gp, 1984(t5)
core   0: 3 0x8000a844 (0x7c3f2023) mem 0x80010000 0x00000001
core   0: 0x8000a848 (0x0000bfe5) c.j     pc - 8
core   0: 3 0x8000a848 (0xbfe5)
core   0: 0x8000a840 (0x00005f17) auipc   t5, 0x5
core   0: 3 0x8000a840 (0x00005f17) x30 0x8000f840
core   0: 0x8000a844 (0x7c3f2023) sw      gp, 1984(t5)
core   0: 3 0x8000a844 (0x7c3f2023) mem 0x80010000 0x00000001
core   0: 0x8000a848 (0x0000bfe5) c.j     pc - 8
core   0: 3 0x8000a848 (0xbfe5)
core   0: 0x8000a840 (0x00005f17) auipc   t5, 0x5
core   0: 3 0x8000a840 (0x00005f17) x30 0x8000f840
core   0: 0x8000a844 (0x7c3f2023) sw      gp, 1984(t5)
core   0: 3 0x8000a844 (0x7c3f2023) mem 0x80010000 0x00000001
core   0: 0x8000a848 (0x0000bfe5) c.j     pc - 8
core   0: 3 0x8000a848 (0xbfe5)
core   0: 0x8000a840 (0x00005f17) auipc   t5, 0x5
core   0: 3 0x8000a840 (0x00005f17) x30 0x8000f840
core   0: 0x8000a844 (0x7c3f2023) sw      gp, 1984(t5)
core   0: 3 0x8000a844 (0x7c3f2023) mem 0x80010000 0x00000001
core   0: 0x8000a848 (0x0000bfe5) c.j     pc - 8
core   0: 3 0x8000a848 (0xbfe5)
core   0: 0x8000a840 (0x00005f17) auipc   t5, 0x5
core   0: 3 0x8000a840 (0x00005f17) x30 0x8000f840
core   0: 0x8000a844 (0x7c3f2023) sw      gp, 1984(t5)
core   0: 3 0x8000a844 (0x7c3f2023) mem 0x80010000 0x00000001
core   0: 0x8000a848 (0x0000bfe5) c.j     pc - 8
core   0: 3 0x8000a848 (0xbfe5)
core   0: 0x8000a840 (0x00005f17) auipc   t5, 0x5
core   0: 3 0x8000a840 (0x00005f17) x30 0x8000f840
core   0: 0x8000a844 (0x7c3f2023) sw      gp, 1984(t5)
core   0: 3 0x8000a844 (0x7c3f2023) mem 0x80010000 0x00000001
core   0: 0x8000a848 (0x0000bfe5) c.j     pc - 8
core   0: 3 0x8000a848 (0xbfe5)
core   0: 0x8000a840 (0x00005f17) auipc   t5, 0x5
core   0: 3 0x8000a840 (0x00005f17) x30 0x8000f840
core   0: 0x8000a844 (0x7c3f2023) sw      gp, 1984(t5)
core   0: 3 0x8000a844 (0x7c3f2023) mem 0x80010000 0x00000001
core   0: 0x8000a848 (0x0000bfe5) c.j     pc - 8
core   0: 3 0x8000a848 (0xbfe5)
core   0: 0x8000a840 (0x00005f17) auipc   t5, 0x5
core   0: 3 0x8000a840 (0x00005f17) x30 0x8000f840
core   0: 0x8000a844 (0x7c3f2023) sw      gp, 1984(t5)
core   0: 3 0x8000a844 (0x7c3f2023) mem 0x80010000 0x00000001
core   0: 0x8000a848 (0x0000bfe5) c.j     pc - 8
core   0: 3 0x8000a848 (0xbfe5)
core   0: 0x8000a840 (0x00005f17) auipc   t5, 0x5
core   0: 3 0x8000a840 (0x00005f17) x30 0x8000f840
core   0: 0x8000a844 (0x7c3f2023) sw      gp, 1984(t5)
core   0: 3 0x8000a844 (0x7c3f2023) mem 0x80010000 0x00000001
core   0: 0x8000a848 (0x0000bfe5) c.j     pc - 8
core   0: 3 0x8000a848 (0xbfe5)
core   0: 0x8000a840 (0x00005f17) auipc   t5, 0x5
core   0: 3 0x8000a840 (0x00005f17) x30 0x8000f840
core   0: 0x8000a844 (0x7c3f2023) sw      gp, 1984(t5)
core   0: 3 0x8000a844 (0x7c3f2023) mem 0x80010000 0x00000001
core   0: 0x8000a848 (0x0000bfe5) c.j     pc - 8
core   0: 3 0x8000a848 (0xbfe5)
core   0: 0x8000a840 (0x00005f17) auipc   t5, 0x5
core   0: 3 0x8000a840 (0x00005f17) x30 0x8000f840
core   0: 0x8000a844 (0x7c3f2023) sw      gp, 1984(t5)
core   0: 3 0x8000a844 (0x7c3f2023) mem 0x80010000 0x00000001
core   0: 0x8000a848 (0x0000bfe5) c.j     pc - 8
core   0: 3 0x8000a848 (0xbfe5)
core   0: 0x8000a840 (0x00005f17) auipc   t5, 0x5
core   0: 3 0x8000a840 (0x00005f17) x30 0x8000f840
core   0: 0x8000a844 (0x7c3f2023) sw      gp, 1984(t5)
core   0: 3 0x8000a844 (0x7c3f2023) mem 0x80010000 0x00000001
core   0: 0x8000a848 (0x0000bfe5) c.j     pc - 8
core   0: 3 0x8000a848 (0xbfe5)
core   0: 0x8000a840 (0x00005f17) auipc   t5, 0x5
core   0: 3 0x8000a840 (0x00005f17) x30 0x8000f840
core   0: 0x8000a844 (0x7c3f2023) sw      gp, 1984(t5)
core   0: 3 0x8000a844 (0x7c3f2023) mem 0x80010000 0x00000001
core   0: 0x8000a848 (0x0000bfe5) c.j     pc - 8
core   0: 3 0x8000a848 (0xbfe5)
core   0: 0x8000a840 (0x00005f17) auipc   t5, 0x5
core   0: 3 0x8000a840 (0x00005f17) x30 0x8000f840
core   0: 0x8000a844 (0x7c3f2023) sw      gp, 1984(t5)
core   0: 3 0x8000a844 (0x7c3f2023) mem 0x80010000 0x00000001
core   0: 0x8000a848 (0x0000bfe5) c.j     pc - 8
core   0: 3 0x8000a848 (0xbfe5)
core   0: 0x8000a840 (0x00005f17) auipc   t5, 0x5
core   0: 3 0x8000a840 (0x00005f17) x30 0x8000f840
core   0: 0x8000a844 (0x7c3f2023) sw      gp, 1984(t5)
core   0: 3 0x8000a844 (0x7c3f2023) mem 0x80010000 0x00000001
core   0: 0x8000a848 (0x0000bfe5) c.j     pc - 8
core   0: 3 0x8000a848 (0xbfe5)
core   0: 0x8000a840 (0x00005f17) auipc   t5, 0x5
core   0: 3 0x8000a840 (0x00005f17) x30 0x8000f840
core   0: 0x8000a844 (0x7c3f2023) sw      gp, 1984(t5)
core   0: 3 0x8000a844 (0x7c3f2023) mem 0x80010000 0x00000001
core   0: 0x8000a848 (0x0000bfe5) c.j     pc - 8
core   0: 3 0x8000a848 (0xbfe5)
core   0: 0x8000a840 (0x00005f17) auipc   t5, 0x5
core   0: 3 0x8000a840 (0x00005f17) x30 0x8000f840
core   0: 0x8000a844 (0x7c3f2023) sw      gp, 1984(t5)
core   0: 3 0x8000a844 (0x7c3f2023) mem 0x80010000 0x00000001
core   0: 0x8000a848 (0x0000bfe5) c.j     pc - 8
core   0: 3 0x8000a848 (0xbfe5)
core   0: 0x8000a840 (0x00005f17) auipc   t5, 0x5
core   0: 3 0x8000a840 (0x00005f17) x30 0x8000f840
core   0: 0x8000a844 (0x7c3f2023) sw      gp, 1984(t5)
core   0: 3 0x8000a844 (0x7c3f2023) mem 0x80010000 0x00000001
core   0: 0x8000a848 (0x0000bfe5) c.j     pc - 8
core   0: 3 0x8000a848 (0xbfe5)
core   0: 0x8000a840 (0x00005f17) auipc   t5, 0x5
core   0: 3 0x8000a840 (0x00005f17) x30 0x8000f840
core   0: 0x8000a844 (0x7c3f2023) sw      gp, 1984(t5)
core   0: 3 0x8000a844 (0x7c3f2023) mem 0x80010000 0x00000001
core   0: 0x8000a848 (0x0000bfe5) c.j     pc - 8
core   0: 3 0x8000a848 (0xbfe5)
core   0: 0x8000a840 (0x00005f17) auipc   t5, 0x5
core   0: 3 0x8000a840 (0x00005f17) x30 0x8000f840
core   0: 0x8000a844 (0x7c3f2023) sw      gp, 1984(t5)
core   0: 3 0x8000a844 (0x7c3f2023) mem 0x80010000 0x00000001
core   0: 0x8000a848 (0x0000bfe5) c.j     pc - 8
core   0: 3 0x8000a848 (0xbfe5)
core   0: 0x8000a840 (0x00005f17) auipc   t5, 0x5
core   0: 3 0x8000a840 (0x00005f17) x30 0x8000f840
core   0: 0x8000a844 (0x7c3f2023) sw      gp, 1984(t5)
core   0: 3 0x8000a844 (0x7c3f2023) mem 0x80010000 0x00000001
core   0: 0x8000a848 (0x0000bfe5) c.j     pc - 8
core   0: 3 0x8000a848 (0xbfe5)
core   0: 0x8000a840 (0x00005f17) auipc   t5, 0x5
core   0: 3 0x8000a840 (0x00005f17) x30 0x8000f840
core   0: 0x8000a844 (0x7c3f2023) sw      gp, 1984(t5)
core   0: 3 0x8000a844 (0x7c3f2023) mem 0x80010000 0x00000001
core   0: 0x8000a848 (0x0000bfe5) c.j     pc - 8
core   0: 3 0x8000a848 (0xbfe5)
core   0: 0x8000a840 (0x00005f17) auipc   t5, 0x5
core   0: 3 0x8000a840 (0x00005f17) x30 0x8000f840
core   0: 0x8000a844 (0x7c3f2023) sw      gp, 1984(t5)
core   0: 3 0x8000a844 (0x7c3f2023) mem 0x80010000 0x00000001
core   0: 0x8000a848 (0x0000bfe5) c.j     pc - 8
core   0: 3 0x8000a848 (0xbfe5)
core   0: 0x8000a840 (0x00005f17) auipc   t5, 0x5
core   0: 3 0x8000a840 (0x00005f17) x30 0x8000f840
core   0: 0x8000a844 (0x7c3f2023) sw      gp, 1984(t5)
core   0: 3 0x8000a844 (0x7c3f2023) mem 0x80010000 0x00000001
core   0: 0x8000a848 (0x0000bfe5) c.j     pc - 8
core   0: 3 0x8000a848 (0xbfe5)
core   0: 0x8000a840 (0x00005f17) auipc   t5, 0x5
core   0: 3 0x8000a840 (0x00005f17) x30 0x8000f840
core   0: 0x8000a844 (0x7c3f2023) sw      gp, 1984(t5)
core   0: 3 0x8000a844 (0x7c3f2023) mem 0x80010000 0x00000001
core   0: 0x8000a848 (0x0000bfe5) c.j     pc - 8
core   0: 3 0x8000a848 (0xbfe5)
core   0: 0x8000a840 (0x00005f17) auipc   t5, 0x5
core   0: 3 0x8000a840 (0x00005f17) x30 0x8000f840
core   0: 0x8000a844 (0x7c3f2023) sw      gp, 1984(t5)
core   0: 3 0x8000a844 (0x7c3f2023) mem 0x80010000 0x00000001
core   0: 0x8000a848 (0x0000bfe5) c.j     pc - 8
core   0: 3 0x8000a848 (0xbfe5)
core   0: 0x8000a840 (0x00005f17) auipc   t5, 0x5
core   0: 3 0x8000a840 (0x00005f17) x30 0x8000f840
core   0: 0x8000a844 (0x7c3f2023) sw      gp, 1984(t5)
core   0: 3 0x8000a844 (0x7c3f2023) mem 0x80010000 0x00000001
core   0: 0x8000a848 (0x0000bfe5) c.j     pc - 8
core   0: 3 0x8000a848 (0xbfe5)
core   0: 0x8000a840 (0x00005f17) auipc   t5, 0x5
core   0: 3 0x8000a840 (0x00005f17) x30 0x8000f840
core   0: 0x8000a844 (0x7c3f2023) sw      gp, 1984(t5)
core   0: 3 0x8000a844 (0x7c3f2023) mem 0x80010000 0x00000001
core   0: 0x8000a848 (0x0000bfe5) c.j     pc - 8
core   0: 3 0x8000a848 (0xbfe5)
core   0: 0x8000a840 (0x00005f17) auipc   t5, 0x5
core   0: 3 0x8000a840 (0x00005f17) x30 0x8000f840
core   0: 0x8000a844 (0x7c3f2023) sw      gp, 1984(t5)
core   0: 3 0x8000a844 (0x7c3f2023) mem 0x80010000 0x00000001
core   0: 0x8000a848 (0x0000bfe5) c.j     pc - 8
core   0: 3 0x8000a848 (0xbfe5)
core   0: 0x8000a840 (0x00005f17) auipc   t5, 0x5
core   0: 3 0x8000a840 (0x00005f17) x30 0x8000f840
core   0: 0x8000a844 (0x7c3f2023) sw      gp, 1984(t5)
core   0: 3 0x8000a844 (0x7c3f2023) mem 0x80010000 0x00000001
core   0: 0x8000a848 (0x0000bfe5) c.j     pc - 8
core   0: 3 0x8000a848 (0xbfe5)
core   0: 0x8000a840 (0x00005f17) auipc   t5, 0x5
core   0: 3 0x8000a840 (0x00005f17) x30 0x8000f840
core   0: 0x8000a844 (0x7c3f2023) sw      gp, 1984(t5)
core   0: 3 0x8000a844 (0x7c3f2023) mem 0x80010000 0x00000001
core   0: 0x8000a848 (0x0000bfe5) c.j     pc - 8
core   0: 3 0x8000a848 (0xbfe5)
core   0: 0x8000a840 (0x00005f17) auipc   t5, 0x5
core   0: 3 0x8000a840 (0x00005f17) x30 0x8000f840
core   0: 0x8000a844 (0x7c3f2023) sw      gp, 1984(t5)
core   0: 3 0x8000a844 (0x7c3f2023) mem 0x80010000 0x00000001
core   0: 0x8000a848 (0x0000bfe5) c.j     pc - 8
core   0: 3 0x8000a848 (0xbfe5)
core   0: 0x8000a840 (0x00005f17) auipc   t5, 0x5
core   0: 3 0x8000a840 (0x00005f17) x30 0x8000f840
core   0: 0x8000a844 (0x7c3f2023) sw      gp, 1984(t5)
core   0: 3 0x8000a844 (0x7c3f2023) mem 0x80010000 0x00000001
core   0: 0x8000a848 (0x0000bfe5) c.j     pc - 8
core   0: 3 0x8000a848 (0xbfe5)
core   0: 0x8000a840 (0x00005f17) auipc   t5, 0x5
core   0: 3 0x8000a840 (0x00005f17) x30 0x8000f840
core   0: 0x8000a844 (0x7c3f2023) sw      gp, 1984(t5)
core   0: 3 0x8000a844 (0x7c3f2023) mem 0x80010000 0x00000001
core   0: 0x8000a848 (0x0000bfe5) c.j     pc - 8
core   0: 3 0x8000a848 (0xbfe5)
core   0: 0x8000a840 (0x00005f17) auipc   t5, 0x5
core   0: 3 0x8000a840 (0x00005f17) x30 0x8000f840
core   0: 0x8000a844 (0x7c3f2023) sw      gp, 1984(t5)
core   0: 3 0x8000a844 (0x7c3f2023) mem 0x80010000 0x00000001
core   0: 0x8000a848 (0x0000bfe5) c.j     pc - 8
core   0: 3 0x8000a848 (0xbfe5)
core   0: 0x8000a840 (0x00005f17) auipc   t5, 0x5
core   0: 3 0x8000a840 (0x00005f17) x30 0x8000f840
core   0: 0x8000a844 (0x7c3f2023) sw      gp, 1984(t5)
core   0: 3 0x8000a844 (0x7c3f2023) mem 0x80010000 0x00000001
core   0: 0x8000a848 (0x0000bfe5) c.j     pc - 8
core   0: 3 0x8000a848 (0xbfe5)
core   0: 0x8000a840 (0x00005f17) auipc   t5, 0x5
core   0: 3 0x8000a840 (0x00005f17) x30 0x8000f840
core   0: 0x8000a844 (0x7c3f2023) sw      gp, 1984(t5)
core   0: 3 0x8000a844 (0x7c3f2023) mem 0x80010000 0x00000001
core   0: 0x8000a848 (0x0000bfe5) c.j     pc - 8
core   0: 3 0x8000a848 (0xbfe5)
core   0: 0x8000a840 (0x00005f17) auipc   t5, 0x5
core   0: 3 0x8000a840 (0x00005f17) x30 0x8000f840
core   0: 0x8000a844 (0x7c3f2023) sw      gp, 1984(t5)
core   0: 3 0x8000a844 (0x7c3f2023) mem 0x80010000 0x00000001
core   0: 0x8000a848 (0x0000bfe5) c.j     pc - 8
core   0: 3 0x8000a848 (0xbfe5)
core   0: 0x8000a840 (0x00005f17) auipc   t5, 0x5
core   0: 3 0x8000a840 (0x00005f17) x30 0x8000f840
core   0: 0x8000a844 (0x7c3f2023) sw      gp, 1984(t5)
core   0: 3 0x8000a844 (0x7c3f2023) mem 0x80010000 0x00000001
core   0: 0x8000a848 (0x0000bfe5) c.j     pc - 8
core   0: 3 0x8000a848 (0xbfe5)
core   0: 0x8000a840 (0x00005f17) auipc   t5, 0x5
core   0: 3 0x8000a840 (0x00005f17) x30 0x8000f840
core   0: 0x8000a844 (0x7c3f2023) sw      gp, 1984(t5)
core   0: 3 0x8000a844 (0x7c3f2023) mem 0x80010000 0x00000001
core   0: 0x8000a848 (0x0000bfe5) c.j     pc - 8
core   0: 3 0x8000a848 (0xbfe5)
core   0: 0x8000a840 (0x00005f17) auipc   t5, 0x5
core   0: 3 0x8000a840 (0x00005f17) x30 0x8000f840
core   0: 0x8000a844 (0x7c3f2023) sw      gp, 1984(t5)
core   0: 3 0x8000a844 (0x7c3f2023) mem 0x80010000 0x00000001
core   0: 0x8000a848 (0x0000bfe5) c.j     pc - 8
core   0: 3 0x8000a848 (0xbfe5)
core   0: 0x8000a840 (0x00005f17) auipc   t5, 0x5
core   0: 3 0x8000a840 (0x00005f17) x30 0x8000f840
core   0: 0x8000a844 (0x7c3f2023) sw      gp, 1984(t5)
core   0: 3 0x8000a844 (0x7c3f2023) mem 0x80010000 0x00000001
core   0: 0x8000a848 (0x0000bfe5) c.j     pc - 8
core   0: 3 0x8000a848 (0xbfe5)
core   0: 0x8000a840 (0x00005f17) auipc   t5, 0x5
core   0: 3 0x8000a840 (0x00005f17) x30 0x8000f840
core   0: 0x8000a844 (0x7c3f2023) sw      gp, 1984(t5)
core   0: 3 0x8000a844 (0x7c3f2023) mem 0x80010000 0x00000001
core   0: 0x8000a848 (0x0000bfe5) c.j     pc - 8
core   0: 3 0x8000a848 (0xbfe5)
core   0: 0x8000a840 (0x00005f17) auipc   t5, 0x5
core   0: 3 0x8000a840 (0x00005f17) x30 0x8000f840
core   0: 0x8000a844 (0x7c3f2023) sw      gp, 1984(t5)
core   0: 3 0x8000a844 (0x7c3f2023) mem 0x80010000 0x00000001
core   0: 0x8000a848 (0x0000bfe5) c.j     pc - 8
core   0: 3 0x8000a848 (0xbfe5)
core   0: 0x8000a840 (0x00005f17) auipc   t5, 0x5
core   0: 3 0x8000a840 (0x00005f17) x30 0x8000f840
core   0: 0x8000a844 (0x7c3f2023) sw      gp, 1984(t5)
core   0: 3 0x8000a844 (0x7c3f2023) mem 0x80010000 0x00000001
core   0: 0x8000a848 (0x0000bfe5) c.j     pc - 8
core   0: 3 0x8000a848 (0xbfe5)
core   0: 0x8000a840 (0x00005f17) auipc   t5, 0x5
core   0: 3 0x8000a840 (0x00005f17) x30 0x8000f840
core   0: 0x8000a844 (0x7c3f2023) sw      gp, 1984(t5)
core   0: 3 0x8000a844 (0x7c3f2023) mem 0x80010000 0x00000001
core   0: 0x8000a848 (0x0000bfe5) c.j     pc - 8
core   0: 3 0x8000a848 (0xbfe5)
core   0: 0x8000a840 (0x00005f17) auipc   t5, 0x5
core   0: 3 0x8000a840 (0x00005f17) x30 0x8000f840
core   0: 0x8000a844 (0x7c3f2023) sw      gp, 1984(t5)
core   0: 3 0x8000a844 (0x7c3f2023) mem 0x80010000 0x00000001
core   0: 0x8000a848 (0x0000bfe5) c.j     pc - 8
core   0: 3 0x8000a848 (0xbfe5)
core   0: 0x8000a840 (0x00005f17) auipc   t5, 0x5
core   0: 3 0x8000a840 (0x00005f17) x30 0x8000f840
core   0: 0x8000a844 (0x7c3f2023) sw      gp, 1984(t5)
core   0: 3 0x8000a844 (0x7c3f2023) mem 0x80010000 0x00000001
core   0: 0x8000a848 (0x0000bfe5) c.j     pc - 8
core   0: 3 0x8000a848 (0xbfe5)
core   0: 0x8000a840 (0x00005f17) auipc   t5, 0x5
core   0: 3 0x8000a840 (0x00005f17) x30 0x8000f840
core   0: 0x8000a844 (0x7c3f2023) sw      gp, 1984(t5)
core   0: 3 0x8000a844 (0x7c3f2023) mem 0x80010000 0x00000001
core   0: 0x8000a848 (0x0000bfe5) c.j     pc - 8
core   0: 3 0x8000a848 (0xbfe5)
core   0: 0x8000a840 (0x00005f17) auipc   t5, 0x5
core   0: 3 0x8000a840 (0x00005f17) x30 0x8000f840
core   0: 0x8000a844 (0x7c3f2023) sw      gp, 1984(t5)
core   0: 3 0x8000a844 (0x7c3f2023) mem 0x80010000 0x00000001
core   0: 0x8000a848 (0x0000bfe5) c.j     pc - 8
core   0: 3 0x8000a848 (0xbfe5)
core   0: 0x8000a840 (0x00005f17) auipc   t5, 0x5
core   0: 3 0x8000a840 (0x00005f17) x30 0x8000f840
core   0: 0x8000a844 (0x7c3f2023) sw      gp, 1984(t5)
core   0: 3 0x8000a844 (0x7c3f2023) mem 0x80010000 0x00000001
core   0: 0x8000a848 (0x0000bfe5) c.j     pc - 8
core   0: 3 0x8000a848 (0xbfe5)
core   0: 0x8000a840 (0x00005f17) auipc   t5, 0x5
core   0: 3 0x8000a840 (0x00005f17) x30 0x8000f840
core   0: 0x8000a844 (0x7c3f2023) sw      gp, 1984(t5)
core   0: 3 0x8000a844 (0x7c3f2023) mem 0x80010000 0x00000001
core   0: 0x8000a848 (0x0000bfe5) c.j     pc - 8
core   0: 3 0x8000a848 (0xbfe5)
core   0: 0x8000a840 (0x00005f17) auipc   t5, 0x5
core   0: 3 0x8000a840 (0x00005f17) x30 0x8000f840
core   0: 0x8000a844 (0x7c3f2023) sw      gp, 1984(t5)
core   0: 3 0x8000a844 (0x7c3f2023) mem 0x80010000 0x00000001
core   0: 0x8000a848 (0x0000bfe5) c.j     pc - 8
core   0: 3 0x8000a848 (0xbfe5)
core   0: 0x8000a840 (0x00005f17) auipc   t5, 0x5
core   0: 3 0x8000a840 (0x00005f17) x30 0x8000f840
core   0: 0x8000a844 (0x7c3f2023) sw      gp, 1984(t5)
core   0: 3 0x8000a844 (0x7c3f2023) mem 0x80010000 0x00000001
core   0: 0x8000a848 (0x0000bfe5) c.j     pc - 8
core   0: 3 0x8000a848 (0xbfe5)
core   0: 0x8000a840 (0x00005f17) auipc   t5, 0x5
core   0: 3 0x8000a840 (0x00005f17) x30 0x8000f840
core   0: 0x8000a844 (0x7c3f2023) sw      gp, 1984(t5)
core   0: 3 0x8000a844 (0x7c3f2023) mem 0x80010000 0x00000001
core   0: 0x8000a848 (0x0000bfe5) c.j     pc - 8
core   0: 3 0x8000a848 (0xbfe5)
core   0: 0x8000a840 (0x00005f17) auipc   t5, 0x5
core   0: 3 0x8000a840 (0x00005f17) x30 0x8000f840
core   0: 0x8000a844 (0x7c3f2023) sw      gp, 1984(t5)
core   0: 3 0x8000a844 (0x7c3f2023) mem 0x80010000 0x00000001
core   0: 0x8000a848 (0x0000bfe5) c.j     pc - 8
core   0: 3 0x8000a848 (0xbfe5)
core   0: 0x8000a840 (0x00005f17) auipc   t5, 0x5
core   0: 3 0x8000a840 (0x00005f17) x30 0x8000f840
core   0: 0x8000a844 (0x7c3f2023) sw      gp, 1984(t5)
core   0: 3 0x8000a844 (0x7c3f2023) mem 0x80010000 0x00000001
core   0: 0x8000a848 (0x0000bfe5) c.j     pc - 8
core   0: 3 0x8000a848 (0xbfe5)
core   0: 0x8000a840 (0x00005f17) auipc   t5, 0x5
core   0: 3 0x8000a840 (0x00005f17) x30 0x8000f840
core   0: 0x8000a844 (0x7c3f2023) sw      gp, 1984(t5)
core   0: 3 0x8000a844 (0x7c3f2023) mem 0x80010000 0x00000001
core   0: 0x8000a848 (0x0000bfe5) c.j     pc - 8
core   0: 3 0x8000a848 (0xbfe5)
core   0: 0x8000a840 (0x00005f17) auipc   t5, 0x5
core   0: 3 0x8000a840 (0x00005f17) x30 0x8000f840
core   0: 0x8000a844 (0x7c3f2023) sw      gp, 1984(t5)
core   0: 3 0x8000a844 (0x7c3f2023) mem 0x80010000 0x00000001
core   0: 0x8000a848 (0x0000bfe5) c.j     pc - 8
core   0: 3 0x8000a848 (0xbfe5)
core   0: 0x8000a840 (0x00005f17) auipc   t5, 0x5
core   0: 3 0x8000a840 (0x00005f17) x30 0x8000f840
core   0: 0x8000a844 (0x7c3f2023) sw      gp, 1984(t5)
core   0: 3 0x8000a844 (0x7c3f2023) mem 0x80010000 0x00000001
core   0: 0x8000a848 (0x0000bfe5) c.j     pc - 8
core   0: 3 0x8000a848 (0xbfe5)
core   0: 0x8000a840 (0x00005f17) auipc   t5, 0x5
core   0: 3 0x8000a840 (0x00005f17) x30 0x8000f840
core   0: 0x8000a844 (0x7c3f2023) sw      gp, 1984(t5)
core   0: 3 0x8000a844 (0x7c3f2023) mem 0x80010000 0x00000001
core   0: 0x8000a848 (0x0000bfe5) c.j     pc - 8
core   0: 3 0x8000a848 (0xbfe5)
core   0: 0x8000a840 (0x00005f17) auipc   t5, 0x5
core   0: 3 0x8000a840 (0x00005f17) x30 0x8000f840
core   0: 0x8000a844 (0x7c3f2023) sw      gp, 1984(t5)
core   0: 3 0x8000a844 (0x7c3f2023) mem 0x80010000 0x00000001
core   0: 0x8000a848 (0x0000bfe5) c.j     pc - 8
core   0: 3 0x8000a848 (0xbfe5)
core   0: 0x8000a840 (0x00005f17) auipc   t5, 0x5
core   0: 3 0x8000a840 (0x00005f17) x30 0x8000f840
core   0: 0x8000a844 (0x7c3f2023) sw      gp, 1984(t5)
core   0: 3 0x8000a844 (0x7c3f2023) mem 0x80010000 0x00000001
core   0: 0x8000a848 (0x0000bfe5) c.j     pc - 8
core   0: 3 0x8000a848 (0xbfe5)
core   0: 0x8000a840 (0x00005f17) auipc   t5, 0x5
core   0: 3 0x8000a840 (0x00005f17) x30 0x8000f840
core   0: 0x8000a844 (0x7c3f2023) sw      gp, 1984(t5)
core   0: 3 0x8000a844 (0x7c3f2023) mem 0x80010000 0x00000001
core   0: 0x8000a848 (0x0000bfe5) c.j     pc - 8
core   0: 3 0x8000a848 (0xbfe5)
core   0: 0x8000a840 (0x00005f17) auipc   t5, 0x5
core   0: 3 0x8000a840 (0x00005f17) x30 0x8000f840
core   0: 0x8000a844 (0x7c3f2023) sw      gp, 1984(t5)
core   0: 3 0x8000a844 (0x7c3f2023) mem 0x80010000 0x00000001
core   0: 0x8000a848 (0x0000bfe5) c.j     pc - 8
core   0: 3 0x8000a848 (0xbfe5)
core   0: 0x8000a840 (0x00005f17) auipc   t5, 0x5
core   0: 3 0x8000a840 (0x00005f17) x30 0x8000f840
core   0: 0x8000a844 (0x7c3f2023) sw      gp, 1984(t5)
core   0: 3 0x8000a844 (0x7c3f2023) mem 0x80010000 0x00000001
core   0: 0x8000a848 (0x0000bfe5) c.j     pc - 8
core   0: 3 0x8000a848 (0xbfe5)
core   0: 0x8000a840 (0x00005f17) auipc   t5, 0x5
core   0: 3 0x8000a840 (0x00005f17) x30 0x8000f840
core   0: 0x8000a844 (0x7c3f2023) sw      gp, 1984(t5)
core   0: 3 0x8000a844 (0x7c3f2023) mem 0x80010000 0x00000001
core   0: 0x8000a848 (0x0000bfe5) c.j     pc - 8
core   0: 3 0x8000a848 (0xbfe5)
core   0: 0x8000a840 (0x00005f17) auipc   t5, 0x5
core   0: 3 0x8000a840 (0x00005f17) x30 0x8000f840
core   0: 0x8000a844 (0x7c3f2023) sw      gp, 1984(t5)
core   0: 3 0x8000a844 (0x7c3f2023) mem 0x80010000 0x00000001
core   0: 0x8000a848 (0x0000bfe5) c.j     pc - 8
core   0: 3 0x8000a848 (0xbfe5)
core   0: 0x8000a840 (0x00005f17) auipc   t5, 0x5
core   0: 3 0x8000a840 (0x00005f17) x30 0x8000f840
core   0: 0x8000a844 (0x7c3f2023) sw      gp, 1984(t5)
core   0: 3 0x8000a844 (0x7c3f2023) mem 0x80010000 0x00000001
core   0: 0x8000a848 (0x0000bfe5) c.j     pc - 8
core   0: 3 0x8000a848 (0xbfe5)
core   0: 0x8000a840 (0x00005f17) auipc   t5, 0x5
core   0: 3 0x8000a840 (0x00005f17) x30 0x8000f840
core   0: 0x8000a844 (0x7c3f2023) sw      gp, 1984(t5)
core   0: 3 0x8000a844 (0x7c3f2023) mem 0x80010000 0x00000001
core   0: 0x8000a848 (0x0000bfe5) c.j     pc - 8
core   0: 3 0x8000a848 (0xbfe5)
core   0: 0x8000a840 (0x00005f17) auipc   t5, 0x5
core   0: 3 0x8000a840 (0x00005f17) x30 0x8000f840
core   0: 0x8000a844 (0x7c3f2023) sw      gp, 1984(t5)
core   0: 3 0x8000a844 (0x7c3f2023) mem 0x80010000 0x00000001
core   0: 0x8000a848 (0x0000bfe5) c.j     pc - 8
core   0: 3 0x8000a848 (0xbfe5)
core   0: 0x8000a840 (0x00005f17) auipc   t5, 0x5
core   0: 3 0x8000a840 (0x00005f17) x30 0x8000f840
core   0: 0x8000a844 (0x7c3f2023) sw      gp, 1984(t5)
core   0: 3 0x8000a844 (0x7c3f2023) mem 0x80010000 0x00000001
core   0: 0x8000a848 (0x0000bfe5) c.j     pc - 8
core   0: 3 0x8000a848 (0xbfe5)
core   0: 0x8000a840 (0x00005f17) auipc   t5, 0x5
core   0: 3 0x8000a840 (0x00005f17) x30 0x8000f840
core   0: 0x8000a844 (0x7c3f2023) sw      gp, 1984(t5)
core   0: 3 0x8000a844 (0x7c3f2023) mem 0x80010000 0x00000001
core   0: 0x8000a848 (0x0000bfe5) c.j     pc - 8
core   0: 3 0x8000a848 (0xbfe5)
core   0: 0x8000a840 (0x00005f17) auipc   t5, 0x5
core   0: 3 0x8000a840 (0x00005f17) x30 0x8000f840
core   0: 0x8000a844 (0x7c3f2023) sw      gp, 1984(t5)
core   0: 3 0x8000a844 (0x7c3f2023) mem 0x80010000 0x00000001
core   0: 0x8000a848 (0x0000bfe5) c.j     pc - 8
core   0: 3 0x8000a848 (0xbfe5)
core   0: 0x8000a840 (0x00005f17) auipc   t5, 0x5
core   0: 3 0x8000a840 (0x00005f17) x30 0x8000f840
core   0: 0x8000a844 (0x7c3f2023) sw      gp, 1984(t5)
core   0: 3 0x8000a844 (0x7c3f2023) mem 0x80010000 0x00000001
core   0: 0x8000a848 (0x0000bfe5) c.j     pc - 8
core   0: 3 0x8000a848 (0xbfe5)
core   0: 0x8000a840 (0x00005f17) auipc   t5, 0x5
core   0: 3 0x8000a840 (0x00005f17) x30 0x8000f840
core   0: 0x8000a844 (0x7c3f2023) sw      gp, 1984(t5)
core   0: 3 0x8000a844 (0x7c3f2023) mem 0x80010000 0x00000001
core   0: 0x8000a848 (0x0000bfe5) c.j     pc - 8
core   0: 3 0x8000a848 (0xbfe5)
core   0: 0x8000a840 (0x00005f17) auipc   t5, 0x5
core   0: 3 0x8000a840 (0x00005f17) x30 0x8000f840
core   0: 0x8000a844 (0x7c3f2023) sw      gp, 1984(t5)
core   0: 3 0x8000a844 (0x7c3f2023) mem 0x80010000 0x00000001
core   0: 0x8000a848 (0x0000bfe5) c.j     pc - 8
core   0: 3 0x8000a848 (0xbfe5)
core   0: 0x8000a840 (0x00005f17) auipc   t5, 0x5
core   0: 3 0x8000a840 (0x00005f17) x30 0x8000f840
core   0: 0x8000a844 (0x7c3f2023) sw      gp, 1984(t5)
core   0: 3 0x8000a844 (0x7c3f2023) mem 0x80010000 0x00000001
core   0: 0x8000a848 (0x0000bfe5) c.j     pc - 8
core   0: 3 0x8000a848 (0xbfe5)
core   0: 0x8000a840 (0x00005f17) auipc   t5, 0x5
core   0: 3 0x8000a840 (0x00005f17) x30 0x8000f840
core   0: 0x8000a844 (0x7c3f2023) sw      gp, 1984(t5)
core   0: 3 0x8000a844 (0x7c3f2023) mem 0x80010000 0x00000001
core   0: 0x8000a848 (0x0000bfe5) c.j     pc - 8
core   0: 3 0x8000a848 (0xbfe5)
core   0: 0x8000a840 (0x00005f17) auipc   t5, 0x5
core   0: 3 0x8000a840 (0x00005f17) x30 0x8000f840
core   0: 0x8000a844 (0x7c3f2023) sw      gp, 1984(t5)
core   0: 3 0x8000a844 (0x7c3f2023) mem 0x80010000 0x00000001
core   0: 0x8000a848 (0x0000bfe5) c.j     pc - 8
core   0: 3 0x8000a848 (0xbfe5)
core   0: 0x8000a840 (0x00005f17) auipc   t5, 0x5
core   0: 3 0x8000a840 (0x00005f17) x30 0x8000f840
core   0: 0x8000a844 (0x7c3f2023) sw      gp, 1984(t5)
core   0: 3 0x8000a844 (0x7c3f2023) mem 0x80010000 0x00000001
core   0: 0x8000a848 (0x0000bfe5) c.j     pc - 8
core   0: 3 0x8000a848 (0xbfe5)
core   0: 0x8000a840 (0x00005f17) auipc   t5, 0x5
core   0: 3 0x8000a840 (0x00005f17) x30 0x8000f840
core   0: 0x8000a844 (0x7c3f2023) sw      gp, 1984(t5)
core   0: 3 0x8000a844 (0x7c3f2023) mem 0x80010000 0x00000001
core   0: 0x8000a848 (0x0000bfe5) c.j     pc - 8
core   0: 3 0x8000a848 (0xbfe5)
core   0: 0x8000a840 (0x00005f17) auipc   t5, 0x5
core   0: 3 0x8000a840 (0x00005f17) x30 0x8000f840
core   0: 0x8000a844 (0x7c3f2023) sw      gp, 1984(t5)
core   0: 3 0x8000a844 (0x7c3f2023) mem 0x80010000 0x00000001
core   0: 0x8000a848 (0x0000bfe5) c.j     pc - 8
core   0: 3 0x8000a848 (0xbfe5)
core   0: 0x8000a840 (0x00005f17) auipc   t5, 0x5
core   0: 3 0x8000a840 (0x00005f17) x30 0x8000f840
core   0: 0x8000a844 (0x7c3f2023) sw      gp, 1984(t5)
core   0: 3 0x8000a844 (0x7c3f2023) mem 0x80010000 0x00000001
core   0: 0x8000a848 (0x0000bfe5) c.j     pc - 8
core   0: 3 0x8000a848 (0xbfe5)
core   0: 0x8000a840 (0x00005f17) auipc   t5, 0x5
core   0: 3 0x8000a840 (0x00005f17) x30 0x8000f840
core   0: 0x8000a844 (0x7c3f2023) sw      gp, 1984(t5)
core   0: 3 0x8000a844 (0x7c3f2023) mem 0x80010000 0x00000001
core   0: 0x8000a848 (0x0000bfe5) c.j     pc - 8
core   0: 3 0x8000a848 (0xbfe5)
core   0: 0x8000a840 (0x00005f17) auipc   t5, 0x5
core   0: 3 0x8000a840 (0x00005f17) x30 0x8000f840
core   0: 0x8000a844 (0x7c3f2023) sw      gp, 1984(t5)
core   0: 3 0x8000a844 (0x7c3f2023) mem 0x80010000 0x00000001
core   0: 0x8000a848 (0x0000bfe5) c.j     pc - 8
core   0: 3 0x8000a848 (0xbfe5)
core   0: 0x8000a840 (0x00005f17) auipc   t5, 0x5
core   0: 3 0x8000a840 (0x00005f17) x30 0x8000f840
core   0: 0x8000a844 (0x7c3f2023) sw      gp, 1984(t5)
core   0: 3 0x8000a844 (0x7c3f2023) mem 0x80010000 0x00000001
core   0: 0x8000a848 (0x0000bfe5) c.j     pc - 8
core   0: 3 0x8000a848 (0xbfe5)
core   0: 0x8000a840 (0x00005f17) auipc   t5, 0x5
core   0: 3 0x8000a840 (0x00005f17) x30 0x8000f840
core   0: 0x8000a844 (0x7c3f2023) sw      gp, 1984(t5)
core   0: 3 0x8000a844 (0x7c3f2023) mem 0x80010000 0x00000001
core   0: 0x8000a848 (0x0000bfe5) c.j     pc - 8
core   0: 3 0x8000a848 (0xbfe5)
core   0: 0x8000a840 (0x00005f17) auipc   t5, 0x5
core   0: 3 0x8000a840 (0x00005f17) x30 0x8000f840
core   0: 0x8000a844 (0x7c3f2023) sw      gp, 1984(t5)
core   0: 3 0x8000a844 (0x7c3f2023) mem 0x80010000 0x00000001
core   0: 0x8000a848 (0x0000bfe5) c.j     pc - 8
core   0: 3 0x8000a848 (0xbfe5)
core   0: 0x8000a840 (0x00005f17) auipc   t5, 0x5
core   0: 3 0x8000a840 (0x00005f17) x30 0x8000f840
core   0: 0x8000a844 (0x7c3f2023) sw      gp, 1984(t5)
core   0: 3 0x8000a844 (0x7c3f2023) mem 0x80010000 0x00000001
core   0: 0x8000a848 (0x0000bfe5) c.j     pc - 8
core   0: 3 0x8000a848 (0xbfe5)
core   0: 0x8000a840 (0x00005f17) auipc   t5, 0x5
core   0: 3 0x8000a840 (0x00005f17) x30 0x8000f840
core   0: 0x8000a844 (0x7c3f2023) sw      gp, 1984(t5)
core   0: 3 0x8000a844 (0x7c3f2023) mem 0x80010000 0x00000001
core   0: 0x8000a848 (0x0000bfe5) c.j     pc - 8
core   0: 3 0x8000a848 (0xbfe5)
core   0: 0x8000a840 (0x00005f17) auipc   t5, 0x5
core   0: 3 0x8000a840 (0x00005f17) x30 0x8000f840
core   0: 0x8000a844 (0x7c3f2023) sw      gp, 1984(t5)
core   0: 3 0x8000a844 (0x7c3f2023) mem 0x80010000 0x00000001
core   0: 0x8000a848 (0x0000bfe5) c.j     pc - 8
core   0: 3 0x8000a848 (0xbfe5)
core   0: 0x8000a840 (0x00005f17) auipc   t5, 0x5
core   0: 3 0x8000a840 (0x00005f17) x30 0x8000f840
core   0: 0x8000a844 (0x7c3f2023) sw      gp, 1984(t5)
core   0: 3 0x8000a844 (0x7c3f2023) mem 0x80010000 0x00000001
core   0: 0x8000a848 (0x0000bfe5) c.j     pc - 8
core   0: 3 0x8000a848 (0xbfe5)
core   0: 0x8000a840 (0x00005f17) auipc   t5, 0x5
core   0: 3 0x8000a840 (0x00005f17) x30 0x8000f840
core   0: 0x8000a844 (0x7c3f2023) sw      gp, 1984(t5)
core   0: 3 0x8000a844 (0x7c3f2023) mem 0x80010000 0x00000001
core   0: 0x8000a848 (0x0000bfe5) c.j     pc - 8
core   0: 3 0x8000a848 (0xbfe5)
core   0: 0x8000a840 (0x00005f17) auipc   t5, 0x5
core   0: 3 0x8000a840 (0x00005f17) x30 0x8000f840
core   0: 0x8000a844 (0x7c3f2023) sw      gp, 1984(t5)
core   0: 3 0x8000a844 (0x7c3f2023) mem 0x80010000 0x00000001
core   0: 0x8000a848 (0x0000bfe5) c.j     pc - 8
core   0: 3 0x8000a848 (0xbfe5)
core   0: 0x8000a840 (0x00005f17) auipc   t5, 0x5
core   0: 3 0x8000a840 (0x00005f17) x30 0x8000f840
core   0: 0x8000a844 (0x7c3f2023) sw      gp, 1984(t5)
core   0: 3 0x8000a844 (0x7c3f2023) mem 0x80010000 0x00000001
core   0: 0x8000a848 (0x0000bfe5) c.j     pc - 8
core   0: 3 0x8000a848 (0xbfe5)
core   0: 0x8000a840 (0x00005f17) auipc   t5, 0x5
core   0: 3 0x8000a840 (0x00005f17) x30 0x8000f840
core   0: 0x8000a844 (0x7c3f2023) sw      gp, 1984(t5)
core   0: 3 0x8000a844 (0x7c3f2023) mem 0x80010000 0x00000001
core   0: 0x8000a848 (0x0000bfe5) c.j     pc - 8
core   0: 3 0x8000a848 (0xbfe5)
core   0: 0x8000a840 (0x00005f17) auipc   t5, 0x5
core   0: 3 0x8000a840 (0x00005f17) x30 0x8000f840
core   0: 0x8000a844 (0x7c3f2023) sw      gp, 1984(t5)
core   0: 3 0x8000a844 (0x7c3f2023) mem 0x80010000 0x00000001
core   0: 0x8000a848 (0x0000bfe5) c.j     pc - 8
core   0: 3 0x8000a848 (0xbfe5)
core   0: 0x8000a840 (0x00005f17) auipc   t5, 0x5
core   0: 3 0x8000a840 (0x00005f17) x30 0x8000f840
core   0: 0x8000a844 (0x7c3f2023) sw      gp, 1984(t5)
core   0: 3 0x8000a844 (0x7c3f2023) mem 0x80010000 0x00000001
core   0: 0x8000a848 (0x0000bfe5) c.j     pc - 8
core   0: 3 0x8000a848 (0xbfe5)
core   0: 0x8000a840 (0x00005f17) auipc   t5, 0x5
core   0: 3 0x8000a840 (0x00005f17) x30 0x8000f840
core   0: 0x8000a844 (0x7c3f2023) sw      gp, 1984(t5)
core   0: 3 0x8000a844 (0x7c3f2023) mem 0x80010000 0x00000001
core   0: 0x8000a848 (0x0000bfe5) c.j     pc - 8
core   0: 3 0x8000a848 (0xbfe5)
core   0: 0x8000a840 (0x00005f17) auipc   t5, 0x5
core   0: 3 0x8000a840 (0x00005f17) x30 0x8000f840
core   0: 0x8000a844 (0x7c3f2023) sw      gp, 1984(t5)
core   0: 3 0x8000a844 (0x7c3f2023) mem 0x80010000 0x00000001
core   0: 0x8000a848 (0x0000bfe5) c.j     pc - 8
core   0: 3 0x8000a848 (0xbfe5)
core   0: 0x8000a840 (0x00005f17) auipc   t5, 0x5
core   0: 3 0x8000a840 (0x00005f17) x30 0x8000f840
core   0: 0x8000a844 (0x7c3f2023) sw      gp, 1984(t5)
core   0: 3 0x8000a844 (0x7c3f2023) mem 0x80010000 0x00000001
core   0: 0x8000a848 (0x0000bfe5) c.j     pc - 8
core   0: 3 0x8000a848 (0xbfe5)
core   0: 0x8000a840 (0x00005f17) auipc   t5, 0x5
core   0: 3 0x8000a840 (0x00005f17) x30 0x8000f840
core   0: 0x8000a844 (0x7c3f2023) sw      gp, 1984(t5)
core   0: 3 0x8000a844 (0x7c3f2023) mem 0x80010000 0x00000001
core   0: 0x8000a848 (0x0000bfe5) c.j     pc - 8
core   0: 3 0x8000a848 (0xbfe5)
core   0: 0x8000a840 (0x00005f17) auipc   t5, 0x5
core   0: 3 0x8000a840 (0x00005f17) x30 0x8000f840
core   0: 0x8000a844 (0x7c3f2023) sw      gp, 1984(t5)
core   0: 3 0x8000a844 (0x7c3f2023) mem 0x80010000 0x00000001
core   0: 0x8000a848 (0x0000bfe5) c.j     pc - 8
core   0: 3 0x8000a848 (0xbfe5)
core   0: 0x8000a840 (0x00005f17) auipc   t5, 0x5
core   0: 3 0x8000a840 (0x00005f17) x30 0x8000f840
core   0: 0x8000a844 (0x7c3f2023) sw      gp, 1984(t5)
core   0: 3 0x8000a844 (0x7c3f2023) mem 0x80010000 0x00000001
core   0: 0x8000a848 (0x0000bfe5) c.j     pc - 8
core   0: 3 0x8000a848 (0xbfe5)
core   0: 0x8000a840 (0x00005f17) auipc   t5, 0x5
core   0: 3 0x8000a840 (0x00005f17) x30 0x8000f840
core   0: 0x8000a844 (0x7c3f2023) sw      gp, 1984(t5)
core   0: 3 0x8000a844 (0x7c3f2023) mem 0x80010000 0x00000001
core   0: 0x8000a848 (0x0000bfe5) c.j     pc - 8
core   0: 3 0x8000a848 (0xbfe5)
core   0: 0x8000a840 (0x00005f17) auipc   t5, 0x5
core   0: 3 0x8000a840 (0x00005f17) x30 0x8000f840
core   0: 0x8000a844 (0x7c3f2023) sw      gp, 1984(t5)
core   0: 3 0x8000a844 (0x7c3f2023) mem 0x80010000 0x00000001
core   0: 0x8000a848 (0x0000bfe5) c.j     pc - 8
core   0: 3 0x8000a848 (0xbfe5)
core   0: 0x8000a840 (0x00005f17) auipc   t5, 0x5
core   0: 3 0x8000a840 (0x00005f17) x30 0x8000f840
core   0: 0x8000a844 (0x7c3f2023) sw      gp, 1984(t5)
core   0: 3 0x8000a844 (0x7c3f2023) mem 0x80010000 0x00000001
core   0: 0x8000a848 (0x0000bfe5) c.j     pc - 8
core   0: 3 0x8000a848 (0xbfe5)
core   0: 0x8000a840 (0x00005f17) auipc   t5, 0x5
core   0: 3 0x8000a840 (0x00005f17) x30 0x8000f840
core   0: 0x8000a844 (0x7c3f2023) sw      gp, 1984(t5)
core   0: 3 0x8000a844 (0x7c3f2023) mem 0x80010000 0x00000001
core   0: 0x8000a848 (0x0000bfe5) c.j     pc - 8
core   0: 3 0x8000a848 (0xbfe5)
core   0: 0x8000a840 (0x00005f17) auipc   t5, 0x5
core   0: 3 0x8000a840 (0x00005f17) x30 0x8000f840
core   0: 0x8000a844 (0x7c3f2023) sw      gp, 1984(t5)
core   0: 3 0x8000a844 (0x7c3f2023) mem 0x80010000 0x00000001
core   0: 0x8000a848 (0x0000bfe5) c.j     pc - 8
core   0: 3 0x8000a848 (0xbfe5)
core   0: 0x8000a840 (0x00005f17) auipc   t5, 0x5
core   0: 3 0x8000a840 (0x00005f17) x30 0x8000f840
core   0: 0x8000a844 (0x7c3f2023) sw      gp, 1984(t5)
core   0: 3 0x8000a844 (0x7c3f2023) mem 0x80010000 0x00000001
core   0: 0x8000a848 (0x0000bfe5) c.j     pc - 8
core   0: 3 0x8000a848 (0xbfe5)
core   0: 0x8000a840 (0x00005f17) auipc   t5, 0x5
core   0: 3 0x8000a840 (0x00005f17) x30 0x8000f840
core   0: 0x8000a844 (0x7c3f2023) sw      gp, 1984(t5)
core   0: 3 0x8000a844 (0x7c3f2023) mem 0x80010000 0x00000001
core   0: 0x8000a848 (0x0000bfe5) c.j     pc - 8
core   0: 3 0x8000a848 (0xbfe5)
core   0: 0x8000a840 (0x00005f17) auipc   t5, 0x5
core   0: 3 0x8000a840 (0x00005f17) x30 0x8000f840
core   0: 0x8000a844 (0x7c3f2023) sw      gp, 1984(t5)
core   0: 3 0x8000a844 (0x7c3f2023) mem 0x80010000 0x00000001
core   0: 0x8000a848 (0x0000bfe5) c.j     pc - 8
core   0: 3 0x8000a848 (0xbfe5)
core   0: 0x8000a840 (0x00005f17) auipc   t5, 0x5
core   0: 3 0x8000a840 (0x00005f17) x30 0x8000f840
core   0: 0x8000a844 (0x7c3f2023) sw      gp, 1984(t5)
core   0: 3 0x8000a844 (0x7c3f2023) mem 0x80010000 0x00000001
core   0: 0x8000a848 (0x0000bfe5) c.j     pc - 8
core   0: 3 0x8000a848 (0xbfe5)
core   0: 0x8000a840 (0x00005f17) auipc   t5, 0x5
core   0: 3 0x8000a840 (0x00005f17) x30 0x8000f840
core   0: 0x8000a844 (0x7c3f2023) sw      gp, 1984(t5)
core   0: 3 0x8000a844 (0x7c3f2023) mem 0x80010000 0x00000001
core   0: 0x8000a848 (0x0000bfe5) c.j     pc - 8
core   0: 3 0x8000a848 (0xbfe5)
core   0: 0x8000a840 (0x00005f17) auipc   t5, 0x5
core   0: 3 0x8000a840 (0x00005f17) x30 0x8000f840
core   0: 0x8000a844 (0x7c3f2023) sw      gp, 1984(t5)
core   0: 3 0x8000a844 (0x7c3f2023) mem 0x80010000 0x00000001
core   0: 0x8000a848 (0x0000bfe5) c.j     pc - 8
core   0: 3 0x8000a848 (0xbfe5)
core   0: 0x8000a840 (0x00005f17) auipc   t5, 0x5
core   0: 3 0x8000a840 (0x00005f17) x30 0x8000f840
core   0: 0x8000a844 (0x7c3f2023) sw      gp, 1984(t5)
core   0: 3 0x8000a844 (0x7c3f2023) mem 0x80010000 0x00000001
core   0: 0x8000a848 (0x0000bfe5) c.j     pc - 8
core   0: 3 0x8000a848 (0xbfe5)
core   0: 0x8000a840 (0x00005f17) auipc   t5, 0x5
core   0: 3 0x8000a840 (0x00005f17) x30 0x8000f840
core   0: 0x8000a844 (0x7c3f2023) sw      gp, 1984(t5)
core   0: 3 0x8000a844 (0x7c3f2023) mem 0x80010000 0x00000001
core   0: 0x8000a848 (0x0000bfe5) c.j     pc - 8
core   0: 3 0x8000a848 (0xbfe5)
core   0: 0x8000a840 (0x00005f17) auipc   t5, 0x5
core   0: 3 0x8000a840 (0x00005f17) x30 0x8000f840
core   0: 0x8000a844 (0x7c3f2023) sw      gp, 1984(t5)
core   0: 3 0x8000a844 (0x7c3f2023) mem 0x80010000 0x00000001
core   0: 0x8000a848 (0x0000bfe5) c.j     pc - 8
core   0: 3 0x8000a848 (0xbfe5)
core   0: 0x8000a840 (0x00005f17) auipc   t5, 0x5
core   0: 3 0x8000a840 (0x00005f17) x30 0x8000f840
core   0: 0x8000a844 (0x7c3f2023) sw      gp, 1984(t5)
core   0: 3 0x8000a844 (0x7c3f2023) mem 0x80010000 0x00000001
core   0: 0x8000a848 (0x0000bfe5) c.j     pc - 8
core   0: 3 0x8000a848 (0xbfe5)
core   0: 0x8000a840 (0x00005f17) auipc   t5, 0x5
core   0: 3 0x8000a840 (0x00005f17) x30 0x8000f840
core   0: 0x8000a844 (0x7c3f2023) sw      gp, 1984(t5)
core   0: 3 0x8000a844 (0x7c3f2023) mem 0x80010000 0x00000001
core   0: 0x8000a848 (0x0000bfe5) c.j     pc - 8
core   0: 3 0x8000a848 (0xbfe5)
core   0: 0x8000a840 (0x00005f17) auipc   t5, 0x5
core   0: 3 0x8000a840 (0x00005f17) x30 0x8000f840
core   0: 0x8000a844 (0x7c3f2023) sw      gp, 1984(t5)
core   0: 3 0x8000a844 (0x7c3f2023) mem 0x80010000 0x00000001
core   0: 0x8000a848 (0x0000bfe5) c.j     pc - 8
core   0: 3 0x8000a848 (0xbfe5)
core   0: 0x8000a840 (0x00005f17) auipc   t5, 0x5
core   0: 3 0x8000a840 (0x00005f17) x30 0x8000f840
core   0: 0x8000a844 (0x7c3f2023) sw      gp, 1984(t5)
core   0: 3 0x8000a844 (0x7c3f2023) mem 0x80010000 0x00000001
core   0: 0x8000a848 (0x0000bfe5) c.j     pc - 8
core   0: 3 0x8000a848 (0xbfe5)
core   0: 0x8000a840 (0x00005f17) auipc   t5, 0x5
core   0: 3 0x8000a840 (0x00005f17) x30 0x8000f840
core   0: 0x8000a844 (0x7c3f2023) sw      gp, 1984(t5)
core   0: 3 0x8000a844 (0x7c3f2023) mem 0x80010000 0x00000001
core   0: 0x8000a848 (0x0000bfe5) c.j     pc - 8
core   0: 3 0x8000a848 (0xbfe5)
core   0: 0x8000a840 (0x00005f17) auipc   t5, 0x5
core   0: 3 0x8000a840 (0x00005f17) x30 0x8000f840
core   0: 0x8000a844 (0x7c3f2023) sw      gp, 1984(t5)
core   0: 3 0x8000a844 (0x7c3f2023) mem 0x80010000 0x00000001
core   0: 0x8000a848 (0x0000bfe5) c.j     pc - 8
core   0: 3 0x8000a848 (0xbfe5)
core   0: 0x8000a840 (0x00005f17) auipc   t5, 0x5
core   0: 3 0x8000a840 (0x00005f17) x30 0x8000f840
core   0: 0x8000a844 (0x7c3f2023) sw      gp, 1984(t5)
core   0: 3 0x8000a844 (0x7c3f2023) mem 0x80010000 0x00000001
core   0: 0x8000a848 (0x0000bfe5) c.j     pc - 8
core   0: 3 0x8000a848 (0xbfe5)
core   0: 0x8000a840 (0x00005f17) auipc   t5, 0x5
core   0: 3 0x8000a840 (0x00005f17) x30 0x8000f840
core   0: 0x8000a844 (0x7c3f2023) sw      gp, 1984(t5)
core   0: 3 0x8000a844 (0x7c3f2023) mem 0x80010000 0x00000001
core   0: 0x8000a848 (0x0000bfe5) c.j     pc - 8
core   0: 3 0x8000a848 (0xbfe5)
core   0: 0x8000a840 (0x00005f17) auipc   t5, 0x5
core   0: 3 0x8000a840 (0x00005f17) x30 0x8000f840
core   0: 0x8000a844 (0x7c3f2023) sw      gp, 1984(t5)
core   0: 3 0x8000a844 (0x7c3f2023) mem 0x80010000 0x00000001
core   0: 0x8000a848 (0x0000bfe5) c.j     pc - 8
core   0: 3 0x8000a848 (0xbfe5)
core   0: 0x8000a840 (0x00005f17) auipc   t5, 0x5
core   0: 3 0x8000a840 (0x00005f17) x30 0x8000f840
core   0: 0x8000a844 (0x7c3f2023) sw      gp, 1984(t5)
core   0: 3 0x8000a844 (0x7c3f2023) mem 0x80010000 0x00000001
core   0: 0x8000a848 (0x0000bfe5) c.j     pc - 8
core   0: 3 0x8000a848 (0xbfe5)
core   0: 0x8000a840 (0x00005f17) auipc   t5, 0x5
core   0: 3 0x8000a840 (0x00005f17) x30 0x8000f840
core   0: 0x8000a844 (0x7c3f2023) sw      gp, 1984(t5)
core   0: 3 0x8000a844 (0x7c3f2023) mem 0x80010000 0x00000001
core   0: 0x8000a848 (0x0000bfe5) c.j     pc - 8
core   0: 3 0x8000a848 (0xbfe5)
core   0: 0x8000a840 (0x00005f17) auipc   t5, 0x5
core   0: 3 0x8000a840 (0x00005f17) x30 0x8000f840
core   0: 0x8000a844 (0x7c3f2023) sw      gp, 1984(t5)
core   0: 3 0x8000a844 (0x7c3f2023) mem 0x80010000 0x00000001
core   0: 0x8000a848 (0x0000bfe5) c.j     pc - 8
core   0: 3 0x8000a848 (0xbfe5)
core   0: 0x8000a840 (0x00005f17) auipc   t5, 0x5
core   0: 3 0x8000a840 (0x00005f17) x30 0x8000f840
core   0: 0x8000a844 (0x7c3f2023) sw      gp, 1984(t5)
core   0: 3 0x8000a844 (0x7c3f2023) mem 0x80010000 0x00000001
core   0: 0x8000a848 (0x0000bfe5) c.j     pc - 8
core   0: 3 0x8000a848 (0xbfe5)
core   0: 0x8000a840 (0x00005f17) auipc   t5, 0x5
core   0: 3 0x8000a840 (0x00005f17) x30 0x8000f840
core   0: 0x8000a844 (0x7c3f2023) sw      gp, 1984(t5)
core   0: 3 0x8000a844 (0x7c3f2023) mem 0x80010000 0x00000001
core   0: 0x8000a848 (0x0000bfe5) c.j     pc - 8
core   0: 3 0x8000a848 (0xbfe5)
core   0: 0x8000a840 (0x00005f17) auipc   t5, 0x5
core   0: 3 0x8000a840 (0x00005f17) x30 0x8000f840
core   0: 0x8000a844 (0x7c3f2023) sw      gp, 1984(t5)
core   0: 3 0x8000a844 (0x7c3f2023) mem 0x80010000 0x00000001
core   0: 0x8000a848 (0x0000bfe5) c.j     pc - 8
core   0: 3 0x8000a848 (0xbfe5)
core   0: 0x8000a840 (0x00005f17) auipc   t5, 0x5
core   0: 3 0x8000a840 (0x00005f17) x30 0x8000f840
core   0: 0x8000a844 (0x7c3f2023) sw      gp, 1984(t5)
core   0: 3 0x8000a844 (0x7c3f2023) mem 0x80010000 0x00000001
core   0: 0x8000a848 (0x0000bfe5) c.j     pc - 8
core   0: 3 0x8000a848 (0xbfe5)
core   0: 0x8000a840 (0x00005f17) auipc   t5, 0x5
core   0: 3 0x8000a840 (0x00005f17) x30 0x8000f840
core   0: 0x8000a844 (0x7c3f2023) sw      gp, 1984(t5)
core   0: 3 0x8000a844 (0x7c3f2023) mem 0x80010000 0x00000001
core   0: 0x8000a848 (0x0000bfe5) c.j     pc - 8
core   0: 3 0x8000a848 (0xbfe5)
core   0: 0x8000a840 (0x00005f17) auipc   t5, 0x5
core   0: 3 0x8000a840 (0x00005f17) x30 0x8000f840
core   0: 0x8000a844 (0x7c3f2023) sw      gp, 1984(t5)
core   0: 3 0x8000a844 (0x7c3f2023) mem 0x80010000 0x00000001
core   0: 0x8000a848 (0x0000bfe5) c.j     pc - 8
core   0: 3 0x8000a848 (0xbfe5)
core   0: 0x8000a840 (0x00005f17) auipc   t5, 0x5
core   0: 3 0x8000a840 (0x00005f17) x30 0x8000f840
core   0: 0x8000a844 (0x7c3f2023) sw      gp, 1984(t5)
core   0: 3 0x8000a844 (0x7c3f2023) mem 0x80010000 0x00000001
core   0: 0x8000a848 (0x0000bfe5) c.j     pc - 8
core   0: 3 0x8000a848 (0xbfe5)
core   0: 0x8000a840 (0x00005f17) auipc   t5, 0x5
core   0: 3 0x8000a840 (0x00005f17) x30 0x8000f840
core   0: 0x8000a844 (0x7c3f2023) sw      gp, 1984(t5)
core   0: 3 0x8000a844 (0x7c3f2023) mem 0x80010000 0x00000001
core   0: 0x8000a848 (0x0000bfe5) c.j     pc - 8
core   0: 3 0x8000a848 (0xbfe5)
core   0: 0x8000a840 (0x00005f17) auipc   t5, 0x5
core   0: 3 0x8000a840 (0x00005f17) x30 0x8000f840
core   0: 0x8000a844 (0x7c3f2023) sw      gp, 1984(t5)
core   0: 3 0x8000a844 (0x7c3f2023) mem 0x80010000 0x00000001
core   0: 0x8000a848 (0x0000bfe5) c.j     pc - 8
core   0: 3 0x8000a848 (0xbfe5)
core   0: 0x8000a840 (0x00005f17) auipc   t5, 0x5
core   0: 3 0x8000a840 (0x00005f17) x30 0x8000f840
core   0: 0x8000a844 (0x7c3f2023) sw      gp, 1984(t5)
core   0: 3 0x8000a844 (0x7c3f2023) mem 0x80010000 0x00000001
core   0: 0x8000a848 (0x0000bfe5) c.j     pc - 8
core   0: 3 0x8000a848 (0xbfe5)
core   0: 0x8000a840 (0x00005f17) auipc   t5, 0x5
core   0: 3 0x8000a840 (0x00005f17) x30 0x8000f840
core   0: 0x8000a844 (0x7c3f2023) sw      gp, 1984(t5)
core   0: 3 0x8000a844 (0x7c3f2023) mem 0x80010000 0x00000001
core   0: 0x8000a848 (0x0000bfe5) c.j     pc - 8
core   0: 3 0x8000a848 (0xbfe5)
core   0: 0x8000a840 (0x00005f17) auipc   t5, 0x5
core   0: 3 0x8000a840 (0x00005f17) x30 0x8000f840
core   0: 0x8000a844 (0x7c3f2023) sw      gp, 1984(t5)
core   0: 3 0x8000a844 (0x7c3f2023) mem 0x80010000 0x00000001
core   0: 0x8000a848 (0x0000bfe5) c.j     pc - 8
core   0: 3 0x8000a848 (0xbfe5)
core   0: 0x8000a840 (0x00005f17) auipc   t5, 0x5
core   0: 3 0x8000a840 (0x00005f17) x30 0x8000f840
core   0: 0x8000a844 (0x7c3f2023) sw      gp, 1984(t5)
core   0: 3 0x8000a844 (0x7c3f2023) mem 0x80010000 0x00000001
core   0: 0x8000a848 (0x0000bfe5) c.j     pc - 8
core   0: 3 0x8000a848 (0xbfe5)
core   0: 0x8000a840 (0x00005f17) auipc   t5, 0x5
core   0: 3 0x8000a840 (0x00005f17) x30 0x8000f840
core   0: 0x8000a844 (0x7c3f2023) sw      gp, 1984(t5)
core   0: 3 0x8000a844 (0x7c3f2023) mem 0x80010000 0x00000001
core   0: 0x8000a848 (0x0000bfe5) c.j     pc - 8
core   0: 3 0x8000a848 (0xbfe5)
core   0: 0x8000a840 (0x00005f17) auipc   t5, 0x5
core   0: 3 0x8000a840 (0x00005f17) x30 0x8000f840
core   0: 0x8000a844 (0x7c3f2023) sw      gp, 1984(t5)
core   0: 3 0x8000a844 (0x7c3f2023) mem 0x80010000 0x00000001
core   0: 0x8000a848 (0x0000bfe5) c.j     pc - 8
core   0: 3 0x8000a848 (0xbfe5)
core   0: 0x8000a840 (0x00005f17) auipc   t5, 0x5
core   0: 3 0x8000a840 (0x00005f17) x30 0x8000f840
core   0: 0x8000a844 (0x7c3f2023) sw      gp, 1984(t5)
core   0: 3 0x8000a844 (0x7c3f2023) mem 0x80010000 0x00000001
core   0: 0x8000a848 (0x0000bfe5) c.j     pc - 8
core   0: 3 0x8000a848 (0xbfe5)
core   0: 0x8000a840 (0x00005f17) auipc   t5, 0x5
core   0: 3 0x8000a840 (0x00005f17) x30 0x8000f840
core   0: 0x8000a844 (0x7c3f2023) sw      gp, 1984(t5)
core   0: 3 0x8000a844 (0x7c3f2023) mem 0x80010000 0x00000001
core   0: 0x8000a848 (0x0000bfe5) c.j     pc - 8
core   0: 3 0x8000a848 (0xbfe5)
core   0: 0x8000a840 (0x00005f17) auipc   t5, 0x5
core   0: 3 0x8000a840 (0x00005f17) x30 0x8000f840
core   0: 0x8000a844 (0x7c3f2023) sw      gp, 1984(t5)
core   0: 3 0x8000a844 (0x7c3f2023) mem 0x80010000 0x00000001
core   0: 0x8000a848 (0x0000bfe5) c.j     pc - 8
core   0: 3 0x8000a848 (0xbfe5)
core   0: 0x8000a840 (0x00005f17) auipc   t5, 0x5
core   0: 3 0x8000a840 (0x00005f17) x30 0x8000f840
core   0: 0x8000a844 (0x7c3f2023) sw      gp, 1984(t5)
core   0: 3 0x8000a844 (0x7c3f2023) mem 0x80010000 0x00000001
core   0: 0x8000a848 (0x0000bfe5) c.j     pc - 8
core   0: 3 0x8000a848 (0xbfe5)
core   0: 0x8000a840 (0x00005f17) auipc   t5, 0x5
core   0: 3 0x8000a840 (0x00005f17) x30 0x8000f840
core   0: 0x8000a844 (0x7c3f2023) sw      gp, 1984(t5)
core   0: 3 0x8000a844 (0x7c3f2023) mem 0x80010000 0x00000001
core   0: 0x8000a848 (0x0000bfe5) c.j     pc - 8
core   0: 3 0x8000a848 (0xbfe5)
core   0: 0x8000a840 (0x00005f17) auipc   t5, 0x5
core   0: 3 0x8000a840 (0x00005f17) x30 0x8000f840
core   0: 0x8000a844 (0x7c3f2023) sw      gp, 1984(t5)
core   0: 3 0x8000a844 (0x7c3f2023) mem 0x80010000 0x00000001
core   0: 0x8000a848 (0x0000bfe5) c.j     pc - 8
core   0: 3 0x8000a848 (0xbfe5)
core   0: 0x8000a840 (0x00005f17) auipc   t5, 0x5
core   0: 3 0x8000a840 (0x00005f17) x30 0x8000f840
core   0: 0x8000a844 (0x7c3f2023) sw      gp, 1984(t5)
core   0: 3 0x8000a844 (0x7c3f2023) mem 0x80010000 0x00000001
core   0: 0x8000a848 (0x0000bfe5) c.j     pc - 8
core   0: 3 0x8000a848 (0xbfe5)
core   0: 0x8000a840 (0x00005f17) auipc   t5, 0x5
core   0: 3 0x8000a840 (0x00005f17) x30 0x8000f840
core   0: 0x8000a844 (0x7c3f2023) sw      gp, 1984(t5)
core   0: 3 0x8000a844 (0x7c3f2023) mem 0x80010000 0x00000001
core   0: 0x8000a848 (0x0000bfe5) c.j     pc - 8
core   0: 3 0x8000a848 (0xbfe5)
core   0: 0x8000a840 (0x00005f17) auipc   t5, 0x5
core   0: 3 0x8000a840 (0x00005f17) x30 0x8000f840
core   0: 0x8000a844 (0x7c3f2023) sw      gp, 1984(t5)
core   0: 3 0x8000a844 (0x7c3f2023) mem 0x80010000 0x00000001
core   0: 0x8000a848 (0x0000bfe5) c.j     pc - 8
core   0: 3 0x8000a848 (0xbfe5)
core   0: 0x8000a840 (0x00005f17) auipc   t5, 0x5
core   0: 3 0x8000a840 (0x00005f17) x30 0x8000f840
core   0: 0x8000a844 (0x7c3f2023) sw      gp, 1984(t5)
core   0: 3 0x8000a844 (0x7c3f2023) mem 0x80010000 0x00000001
core   0: 0x8000a848 (0x0000bfe5) c.j     pc - 8
core   0: 3 0x8000a848 (0xbfe5)
core   0: 0x8000a840 (0x00005f17) auipc   t5, 0x5
core   0: 3 0x8000a840 (0x00005f17) x30 0x8000f840
core   0: 0x8000a844 (0x7c3f2023) sw      gp, 1984(t5)
core   0: 3 0x8000a844 (0x7c3f2023) mem 0x80010000 0x00000001
core   0: 0x8000a848 (0x0000bfe5) c.j     pc - 8
core   0: 3 0x8000a848 (0xbfe5)
core   0: 0x8000a840 (0x00005f17) auipc   t5, 0x5
core   0: 3 0x8000a840 (0x00005f17) x30 0x8000f840
core   0: 0x8000a844 (0x7c3f2023) sw      gp, 1984(t5)
core   0: 3 0x8000a844 (0x7c3f2023) mem 0x80010000 0x00000001
core   0: 0x8000a848 (0x0000bfe5) c.j     pc - 8
core   0: 3 0x8000a848 (0xbfe5)
core   0: 0x8000a840 (0x00005f17) auipc   t5, 0x5
core   0: 3 0x8000a840 (0x00005f17) x30 0x8000f840
core   0: 0x8000a844 (0x7c3f2023) sw      gp, 1984(t5)
core   0: 3 0x8000a844 (0x7c3f2023) mem 0x80010000 0x00000001
core   0: 0x8000a848 (0x0000bfe5) c.j     pc - 8
core   0: 3 0x8000a848 (0xbfe5)
core   0: 0x8000a840 (0x00005f17) auipc   t5, 0x5
core   0: 3 0x8000a840 (0x00005f17) x30 0x8000f840
core   0: 0x8000a844 (0x7c3f2023) sw      gp, 1984(t5)
core   0: 3 0x8000a844 (0x7c3f2023) mem 0x80010000 0x00000001
core   0: 0x8000a848 (0x0000bfe5) c.j     pc - 8
core   0: 3 0x8000a848 (0xbfe5)
core   0: 0x8000a840 (0x00005f17) auipc   t5, 0x5
core   0: 3 0x8000a840 (0x00005f17) x30 0x8000f840
core   0: 0x8000a844 (0x7c3f2023) sw      gp, 1984(t5)
core   0: 3 0x8000a844 (0x7c3f2023) mem 0x80010000 0x00000001
core   0: 0x8000a848 (0x0000bfe5) c.j     pc - 8
core   0: 3 0x8000a848 (0xbfe5)
core   0: 0x8000a840 (0x00005f17) auipc   t5, 0x5
core   0: 3 0x8000a840 (0x00005f17) x30 0x8000f840
core   0: 0x8000a844 (0x7c3f2023) sw      gp, 1984(t5)
core   0: 3 0x8000a844 (0x7c3f2023) mem 0x80010000 0x00000001
core   0: 0x8000a848 (0x0000bfe5) c.j     pc - 8
core   0: 3 0x8000a848 (0xbfe5)
core   0: 0x8000a840 (0x00005f17) auipc   t5, 0x5
core   0: 3 0x8000a840 (0x00005f17) x30 0x8000f840
core   0: 0x8000a844 (0x7c3f2023) sw      gp, 1984(t5)
core   0: 3 0x8000a844 (0x7c3f2023) mem 0x80010000 0x00000001
core   0: 0x8000a848 (0x0000bfe5) c.j     pc - 8
core   0: 3 0x8000a848 (0xbfe5)
core   0: 0x8000a840 (0x00005f17) auipc   t5, 0x5
core   0: 3 0x8000a840 (0x00005f17) x30 0x8000f840
core   0: 0x8000a844 (0x7c3f2023) sw      gp, 1984(t5)
core   0: 3 0x8000a844 (0x7c3f2023) mem 0x80010000 0x00000001
core   0: 0x8000a848 (0x0000bfe5) c.j     pc - 8
core   0: 3 0x8000a848 (0xbfe5)
core   0: 0x8000a840 (0x00005f17) auipc   t5, 0x5
core   0: 3 0x8000a840 (0x00005f17) x30 0x8000f840
core   0: 0x8000a844 (0x7c3f2023) sw      gp, 1984(t5)
core   0: 3 0x8000a844 (0x7c3f2023) mem 0x80010000 0x00000001
core   0: 0x8000a848 (0x0000bfe5) c.j     pc - 8
core   0: 3 0x8000a848 (0xbfe5)
core   0: 0x8000a840 (0x00005f17) auipc   t5, 0x5
core   0: 3 0x8000a840 (0x00005f17) x30 0x8000f840
core   0: 0x8000a844 (0x7c3f2023) sw      gp, 1984(t5)
core   0: 3 0x8000a844 (0x7c3f2023) mem 0x80010000 0x00000001
core   0: 0x8000a848 (0x0000bfe5) c.j     pc - 8
core   0: 3 0x8000a848 (0xbfe5)
core   0: 0x8000a840 (0x00005f17) auipc   t5, 0x5
core   0: 3 0x8000a840 (0x00005f17) x30 0x8000f840
core   0: 0x8000a844 (0x7c3f2023) sw      gp, 1984(t5)
core   0: 3 0x8000a844 (0x7c3f2023) mem 0x80010000 0x00000001
core   0: 0x8000a848 (0x0000bfe5) c.j     pc - 8
core   0: 3 0x8000a848 (0xbfe5)
core   0: 0x8000a840 (0x00005f17) auipc   t5, 0x5
core   0: 3 0x8000a840 (0x00005f17) x30 0x8000f840
core   0: 0x8000a844 (0x7c3f2023) sw      gp, 1984(t5)
core   0: 3 0x8000a844 (0x7c3f2023) mem 0x80010000 0x00000001
core   0: 0x8000a848 (0x0000bfe5) c.j     pc - 8
core   0: 3 0x8000a848 (0xbfe5)
core   0: 0x8000a840 (0x00005f17) auipc   t5, 0x5
core   0: 3 0x8000a840 (0x00005f17) x30 0x8000f840
core   0: 0x8000a844 (0x7c3f2023) sw      gp, 1984(t5)
core   0: 3 0x8000a844 (0x7c3f2023) mem 0x80010000 0x00000001
core   0: 0x8000a848 (0x0000bfe5) c.j     pc - 8
core   0: 3 0x8000a848 (0xbfe5)
core   0: 0x8000a840 (0x00005f17) auipc   t5, 0x5
core   0: 3 0x8000a840 (0x00005f17) x30 0x8000f840
core   0: 0x8000a844 (0x7c3f2023) sw      gp, 1984(t5)
core   0: 3 0x8000a844 (0x7c3f2023) mem 0x80010000 0x00000001
core   0: 0x8000a848 (0x0000bfe5) c.j     pc - 8
core   0: 3 0x8000a848 (0xbfe5)
core   0: 0x8000a840 (0x00005f17) auipc   t5, 0x5
core   0: 3 0x8000a840 (0x00005f17) x30 0x8000f840
core   0: 0x8000a844 (0x7c3f2023) sw      gp, 1984(t5)
core   0: 3 0x8000a844 (0x7c3f2023) mem 0x80010000 0x00000001
core   0: 0x8000a848 (0x0000bfe5) c.j     pc - 8
core   0: 3 0x8000a848 (0xbfe5)
core   0: 0x8000a840 (0x00005f17) auipc   t5, 0x5
core   0: 3 0x8000a840 (0x00005f17) x30 0x8000f840
core   0: 0x8000a844 (0x7c3f2023) sw      gp, 1984(t5)
core   0: 3 0x8000a844 (0x7c3f2023) mem 0x80010000 0x00000001
core   0: 0x8000a848 (0x0000bfe5) c.j     pc - 8
core   0: 3 0x8000a848 (0xbfe5)
core   0: 0x8000a840 (0x00005f17) auipc   t5, 0x5
core   0: 3 0x8000a840 (0x00005f17) x30 0x8000f840
core   0: 0x8000a844 (0x7c3f2023) sw      gp, 1984(t5)
core   0: 3 0x8000a844 (0x7c3f2023) mem 0x80010000 0x00000001
core   0: 0x8000a848 (0x0000bfe5) c.j     pc - 8
core   0: 3 0x8000a848 (0xbfe5)
core   0: 0x8000a840 (0x00005f17) auipc   t5, 0x5
core   0: 3 0x8000a840 (0x00005f17) x30 0x8000f840
core   0: 0x8000a844 (0x7c3f2023) sw      gp, 1984(t5)
core   0: 3 0x8000a844 (0x7c3f2023) mem 0x80010000 0x00000001
core   0: 0x8000a848 (0x0000bfe5) c.j     pc - 8
core   0: 3 0x8000a848 (0xbfe5)
core   0: 0x8000a840 (0x00005f17) auipc   t5, 0x5
core   0: 3 0x8000a840 (0x00005f17) x30 0x8000f840
core   0: 0x8000a844 (0x7c3f2023) sw      gp, 1984(t5)
core   0: 3 0x8000a844 (0x7c3f2023) mem 0x80010000 0x00000001
core   0: 0x8000a848 (0x0000bfe5) c.j     pc - 8
core   0: 3 0x8000a848 (0xbfe5)
core   0: 0x8000a840 (0x00005f17) auipc   t5, 0x5
core   0: 3 0x8000a840 (0x00005f17) x30 0x8000f840
core   0: 0x8000a844 (0x7c3f2023) sw      gp, 1984(t5)
core   0: 3 0x8000a844 (0x7c3f2023) mem 0x80010000 0x00000001
core   0: 0x8000a848 (0x0000bfe5) c.j     pc - 8
core   0: 3 0x8000a848 (0xbfe5)
core   0: 0x8000a840 (0x00005f17) auipc   t5, 0x5
core   0: 3 0x8000a840 (0x00005f17) x30 0x8000f840
core   0: 0x8000a844 (0x7c3f2023) sw      gp, 1984(t5)
core   0: 3 0x8000a844 (0x7c3f2023) mem 0x80010000 0x00000001
core   0: 0x8000a848 (0x0000bfe5) c.j     pc - 8
core   0: 3 0x8000a848 (0xbfe5)
core   0: 0x8000a840 (0x00005f17) auipc   t5, 0x5
core   0: 3 0x8000a840 (0x00005f17) x30 0x8000f840
core   0: 0x8000a844 (0x7c3f2023) sw      gp, 1984(t5)
core   0: 3 0x8000a844 (0x7c3f2023) mem 0x80010000 0x00000001
core   0: 0x8000a848 (0x0000bfe5) c.j     pc - 8
core   0: 3 0x8000a848 (0xbfe5)
core   0: 0x8000a840 (0x00005f17) auipc   t5, 0x5
core   0: 3 0x8000a840 (0x00005f17) x30 0x8000f840
core   0: 0x8000a844 (0x7c3f2023) sw      gp, 1984(t5)
core   0: 3 0x8000a844 (0x7c3f2023) mem 0x80010000 0x00000001
core   0: 0x8000a848 (0x0000bfe5) c.j     pc - 8
core   0: 3 0x8000a848 (0xbfe5)
core   0: 0x8000a840 (0x00005f17) auipc   t5, 0x5
core   0: 3 0x8000a840 (0x00005f17) x30 0x8000f840
core   0: 0x8000a844 (0x7c3f2023) sw      gp, 1984(t5)
core   0: 3 0x8000a844 (0x7c3f2023) mem 0x80010000 0x00000001
core   0: 0x8000a848 (0x0000bfe5) c.j     pc - 8
core   0: 3 0x8000a848 (0xbfe5)
core   0: 0x8000a840 (0x00005f17) auipc   t5, 0x5
core   0: 3 0x8000a840 (0x00005f17) x30 0x8000f840
core   0: 0x8000a844 (0x7c3f2023) sw      gp, 1984(t5)
core   0: 3 0x8000a844 (0x7c3f2023) mem 0x80010000 0x00000001
core   0: 0x8000a848 (0x0000bfe5) c.j     pc - 8
core   0: 3 0x8000a848 (0xbfe5)
core   0: 0x8000a840 (0x00005f17) auipc   t5, 0x5
core   0: 3 0x8000a840 (0x00005f17) x30 0x8000f840
core   0: 0x8000a844 (0x7c3f2023) sw      gp, 1984(t5)
core   0: 3 0x8000a844 (0x7c3f2023) mem 0x80010000 0x00000001
core   0: 0x8000a848 (0x0000bfe5) c.j     pc - 8
core   0: 3 0x8000a848 (0xbfe5)
core   0: 0x8000a840 (0x00005f17) auipc   t5, 0x5
core   0: 3 0x8000a840 (0x00005f17) x30 0x8000f840
core   0: 0x8000a844 (0x7c3f2023) sw      gp, 1984(t5)
core   0: 3 0x8000a844 (0x7c3f2023) mem 0x80010000 0x00000001
core   0: 0x8000a848 (0x0000bfe5) c.j     pc - 8
core   0: 3 0x8000a848 (0xbfe5)
core   0: 0x8000a840 (0x00005f17) auipc   t5, 0x5
core   0: 3 0x8000a840 (0x00005f17) x30 0x8000f840
core   0: 0x8000a844 (0x7c3f2023) sw      gp, 1984(t5)
core   0: 3 0x8000a844 (0x7c3f2023) mem 0x80010000 0x00000001
core   0: 0x8000a848 (0x0000bfe5) c.j     pc - 8
core   0: 3 0x8000a848 (0xbfe5)
core   0: 0x8000a840 (0x00005f17) auipc   t5, 0x5
core   0: 3 0x8000a840 (0x00005f17) x30 0x8000f840
core   0: 0x8000a844 (0x7c3f2023) sw      gp, 1984(t5)
core   0: 3 0x8000a844 (0x7c3f2023) mem 0x80010000 0x00000001
core   0: 0x8000a848 (0x0000bfe5) c.j     pc - 8
core   0: 3 0x8000a848 (0xbfe5)
core   0: 0x8000a840 (0x00005f17) auipc   t5, 0x5
core   0: 3 0x8000a840 (0x00005f17) x30 0x8000f840
core   0: 0x8000a844 (0x7c3f2023) sw      gp, 1984(t5)
core   0: 3 0x8000a844 (0x7c3f2023) mem 0x80010000 0x00000001
core   0: 0x8000a848 (0x0000bfe5) c.j     pc - 8
core   0: 3 0x8000a848 (0xbfe5)
core   0: 0x8000a840 (0x00005f17) auipc   t5, 0x5
core   0: 3 0x8000a840 (0x00005f17) x30 0x8000f840
core   0: 0x8000a844 (0x7c3f2023) sw      gp, 1984(t5)
core   0: 3 0x8000a844 (0x7c3f2023) mem 0x80010000 0x00000001
core   0: 0x8000a848 (0x0000bfe5) c.j     pc - 8
core   0: 3 0x8000a848 (0xbfe5)
core   0: 0x8000a840 (0x00005f17) auipc   t5, 0x5
core   0: 3 0x8000a840 (0x00005f17) x30 0x8000f840
core   0: 0x8000a844 (0x7c3f2023) sw      gp, 1984(t5)
core   0: 3 0x8000a844 (0x7c3f2023) mem 0x80010000 0x00000001
core   0: 0x8000a848 (0x0000bfe5) c.j     pc - 8
core   0: 3 0x8000a848 (0xbfe5)
core   0: 0x8000a840 (0x00005f17) auipc   t5, 0x5
core   0: 3 0x8000a840 (0x00005f17) x30 0x8000f840
core   0: 0x8000a844 (0x7c3f2023) sw      gp, 1984(t5)
core   0: 3 0x8000a844 (0x7c3f2023) mem 0x80010000 0x00000001
core   0: 0x8000a848 (0x0000bfe5) c.j     pc - 8
core   0: 3 0x8000a848 (0xbfe5)
core   0: 0x8000a840 (0x00005f17) auipc   t5, 0x5
core   0: 3 0x8000a840 (0x00005f17) x30 0x8000f840
core   0: 0x8000a844 (0x7c3f2023) sw      gp, 1984(t5)
core   0: 3 0x8000a844 (0x7c3f2023) mem 0x80010000 0x00000001
core   0: 0x8000a848 (0x0000bfe5) c.j     pc - 8
core   0: 3 0x8000a848 (0xbfe5)
core   0: 0x8000a840 (0x00005f17) auipc   t5, 0x5
core   0: 3 0x8000a840 (0x00005f17) x30 0x8000f840
core   0: 0x8000a844 (0x7c3f2023) sw      gp, 1984(t5)
core   0: 3 0x8000a844 (0x7c3f2023) mem 0x80010000 0x00000001
core   0: 0x8000a848 (0x0000bfe5) c.j     pc - 8
core   0: 3 0x8000a848 (0xbfe5)
core   0: 0x8000a840 (0x00005f17) auipc   t5, 0x5
core   0: 3 0x8000a840 (0x00005f17) x30 0x8000f840
core   0: 0x8000a844 (0x7c3f2023) sw      gp, 1984(t5)
core   0: 3 0x8000a844 (0x7c3f2023) mem 0x80010000 0x00000001
core   0: 0x8000a848 (0x0000bfe5) c.j     pc - 8
core   0: 3 0x8000a848 (0xbfe5)
core   0: 0x8000a840 (0x00005f17) auipc   t5, 0x5
core   0: 3 0x8000a840 (0x00005f17) x30 0x8000f840
core   0: 0x8000a844 (0x7c3f2023) sw      gp, 1984(t5)
core   0: 3 0x8000a844 (0x7c3f2023) mem 0x80010000 0x00000001
core   0: 0x8000a848 (0x0000bfe5) c.j     pc - 8
core   0: 3 0x8000a848 (0xbfe5)
core   0: 0x8000a840 (0x00005f17) auipc   t5, 0x5
core   0: 3 0x8000a840 (0x00005f17) x30 0x8000f840
core   0: 0x8000a844 (0x7c3f2023) sw      gp, 1984(t5)
core   0: 3 0x8000a844 (0x7c3f2023) mem 0x80010000 0x00000001
core   0: 0x8000a848 (0x0000bfe5) c.j     pc - 8
core   0: 3 0x8000a848 (0xbfe5)
core   0: 0x8000a840 (0x00005f17) auipc   t5, 0x5
core   0: 3 0x8000a840 (0x00005f17) x30 0x8000f840
core   0: 0x8000a844 (0x7c3f2023) sw      gp, 1984(t5)
core   0: 3 0x8000a844 (0x7c3f2023) mem 0x80010000 0x00000001
core   0: 0x8000a848 (0x0000bfe5) c.j     pc - 8
core   0: 3 0x8000a848 (0xbfe5)
core   0: 0x8000a840 (0x00005f17) auipc   t5, 0x5
core   0: 3 0x8000a840 (0x00005f17) x30 0x8000f840
core   0: 0x8000a844 (0x7c3f2023) sw      gp, 1984(t5)
core   0: 3 0x8000a844 (0x7c3f2023) mem 0x80010000 0x00000001
core   0: 0x8000a848 (0x0000bfe5) c.j     pc - 8
core   0: 3 0x8000a848 (0xbfe5)
core   0: 0x8000a840 (0x00005f17) auipc   t5, 0x5
core   0: 3 0x8000a840 (0x00005f17) x30 0x8000f840
core   0: 0x8000a844 (0x7c3f2023) sw      gp, 1984(t5)
core   0: 3 0x8000a844 (0x7c3f2023) mem 0x80010000 0x00000001
core   0: 0x8000a848 (0x0000bfe5) c.j     pc - 8
core   0: 3 0x8000a848 (0xbfe5)
core   0: 0x8000a840 (0x00005f17) auipc   t5, 0x5
core   0: 3 0x8000a840 (0x00005f17) x30 0x8000f840
core   0: 0x8000a844 (0x7c3f2023) sw      gp, 1984(t5)
core   0: 3 0x8000a844 (0x7c3f2023) mem 0x80010000 0x00000001
core   0: 0x8000a848 (0x0000bfe5) c.j     pc - 8
core   0: 3 0x8000a848 (0xbfe5)
core   0: 0x8000a840 (0x00005f17) auipc   t5, 0x5
core   0: 3 0x8000a840 (0x00005f17) x30 0x8000f840
core   0: 0x8000a844 (0x7c3f2023) sw      gp, 1984(t5)
core   0: 3 0x8000a844 (0x7c3f2023) mem 0x80010000 0x00000001
core   0: 0x8000a848 (0x0000bfe5) c.j     pc - 8
core   0: 3 0x8000a848 (0xbfe5)
core   0: 0x8000a840 (0x00005f17) auipc   t5, 0x5
core   0: 3 0x8000a840 (0x00005f17) x30 0x8000f840
core   0: 0x8000a844 (0x7c3f2023) sw      gp, 1984(t5)
core   0: 3 0x8000a844 (0x7c3f2023) mem 0x80010000 0x00000001
core   0: 0x8000a848 (0x0000bfe5) c.j     pc - 8
core   0: 3 0x8000a848 (0xbfe5)
core   0: 0x8000a840 (0x00005f17) auipc   t5, 0x5
core   0: 3 0x8000a840 (0x00005f17) x30 0x8000f840
core   0: 0x8000a844 (0x7c3f2023) sw      gp, 1984(t5)
core   0: 3 0x8000a844 (0x7c3f2023) mem 0x80010000 0x00000001
core   0: 0x8000a848 (0x0000bfe5) c.j     pc - 8
core   0: 3 0x8000a848 (0xbfe5)
core   0: 0x8000a840 (0x00005f17) auipc   t5, 0x5
core   0: 3 0x8000a840 (0x00005f17) x30 0x8000f840
core   0: 0x8000a844 (0x7c3f2023) sw      gp, 1984(t5)
core   0: 3 0x8000a844 (0x7c3f2023) mem 0x80010000 0x00000001
core   0: 0x8000a848 (0x0000bfe5) c.j     pc - 8
core   0: 3 0x8000a848 (0xbfe5)
core   0: 0x8000a840 (0x00005f17) auipc   t5, 0x5
core   0: 3 0x8000a840 (0x00005f17) x30 0x8000f840
core   0: 0x8000a844 (0x7c3f2023) sw      gp, 1984(t5)
core   0: 3 0x8000a844 (0x7c3f2023) mem 0x80010000 0x00000001
core   0: 0x8000a848 (0x0000bfe5) c.j     pc - 8
core   0: 3 0x8000a848 (0xbfe5)
core   0: 0x8000a840 (0x00005f17) auipc   t5, 0x5
core   0: 3 0x8000a840 (0x00005f17) x30 0x8000f840
core   0: 0x8000a844 (0x7c3f2023) sw      gp, 1984(t5)
core   0: 3 0x8000a844 (0x7c3f2023) mem 0x80010000 0x00000001
core   0: 0x8000a848 (0x0000bfe5) c.j     pc - 8
core   0: 3 0x8000a848 (0xbfe5)
core   0: 0x8000a840 (0x00005f17) auipc   t5, 0x5
core   0: 3 0x8000a840 (0x00005f17) x30 0x8000f840
core   0: 0x8000a844 (0x7c3f2023) sw      gp, 1984(t5)
core   0: 3 0x8000a844 (0x7c3f2023) mem 0x80010000 0x00000001
core   0: 0x8000a848 (0x0000bfe5) c.j     pc - 8
core   0: 3 0x8000a848 (0xbfe5)
core   0: 0x8000a840 (0x00005f17) auipc   t5, 0x5
core   0: 3 0x8000a840 (0x00005f17) x30 0x8000f840
core   0: 0x8000a844 (0x7c3f2023) sw      gp, 1984(t5)
core   0: 3 0x8000a844 (0x7c3f2023) mem 0x80010000 0x00000001
core   0: 0x8000a848 (0x0000bfe5) c.j     pc - 8
core   0: 3 0x8000a848 (0xbfe5)
core   0: 0x8000a840 (0x00005f17) auipc   t5, 0x5
core   0: 3 0x8000a840 (0x00005f17) x30 0x8000f840
core   0: 0x8000a844 (0x7c3f2023) sw      gp, 1984(t5)
core   0: 3 0x8000a844 (0x7c3f2023) mem 0x80010000 0x00000001
core   0: 0x8000a848 (0x0000bfe5) c.j     pc - 8
core   0: 3 0x8000a848 (0xbfe5)
core   0: 0x8000a840 (0x00005f17) auipc   t5, 0x5
core   0: 3 0x8000a840 (0x00005f17) x30 0x8000f840
core   0: 0x8000a844 (0x7c3f2023) sw      gp, 1984(t5)
core   0: 3 0x8000a844 (0x7c3f2023) mem 0x80010000 0x00000001
core   0: 0x8000a848 (0x0000bfe5) c.j     pc - 8
core   0: 3 0x8000a848 (0xbfe5)
core   0: 0x8000a840 (0x00005f17) auipc   t5, 0x5
core   0: 3 0x8000a840 (0x00005f17) x30 0x8000f840
core   0: 0x8000a844 (0x7c3f2023) sw      gp, 1984(t5)
core   0: 3 0x8000a844 (0x7c3f2023) mem 0x80010000 0x00000001
core   0: 0x8000a848 (0x0000bfe5) c.j     pc - 8
core   0: 3 0x8000a848 (0xbfe5)
core   0: 0x8000a840 (0x00005f17) auipc   t5, 0x5
core   0: 3 0x8000a840 (0x00005f17) x30 0x8000f840
core   0: 0x8000a844 (0x7c3f2023) sw      gp, 1984(t5)
core   0: 3 0x8000a844 (0x7c3f2023) mem 0x80010000 0x00000001
core   0: 0x8000a848 (0x0000bfe5) c.j     pc - 8
core   0: 3 0x8000a848 (0xbfe5)
core   0: 0x8000a840 (0x00005f17) auipc   t5, 0x5
core   0: 3 0x8000a840 (0x00005f17) x30 0x8000f840
core   0: 0x8000a844 (0x7c3f2023) sw      gp, 1984(t5)
core   0: 3 0x8000a844 (0x7c3f2023) mem 0x80010000 0x00000001
core   0: 0x8000a848 (0x0000bfe5) c.j     pc - 8
core   0: 3 0x8000a848 (0xbfe5)
core   0: 0x8000a840 (0x00005f17) auipc   t5, 0x5
core   0: 3 0x8000a840 (0x00005f17) x30 0x8000f840
core   0: 0x8000a844 (0x7c3f2023) sw      gp, 1984(t5)
core   0: 3 0x8000a844 (0x7c3f2023) mem 0x80010000 0x00000001
core   0: 0x8000a848 (0x0000bfe5) c.j     pc - 8
core   0: 3 0x8000a848 (0xbfe5)
core   0: 0x8000a840 (0x00005f17) auipc   t5, 0x5
core   0: 3 0x8000a840 (0x00005f17) x30 0x8000f840
core   0: 0x8000a844 (0x7c3f2023) sw      gp, 1984(t5)
core   0: 3 0x8000a844 (0x7c3f2023) mem 0x80010000 0x00000001
core   0: 0x8000a848 (0x0000bfe5) c.j     pc - 8
core   0: 3 0x8000a848 (0xbfe5)
core   0: 0x8000a840 (0x00005f17) auipc   t5, 0x5
core   0: 3 0x8000a840 (0x00005f17) x30 0x8000f840
core   0: 0x8000a844 (0x7c3f2023) sw      gp, 1984(t5)
core   0: 3 0x8000a844 (0x7c3f2023) mem 0x80010000 0x00000001
core   0: 0x8000a848 (0x0000bfe5) c.j     pc - 8
core   0: 3 0x8000a848 (0xbfe5)
core   0: 0x8000a840 (0x00005f17) auipc   t5, 0x5
core   0: 3 0x8000a840 (0x00005f17) x30 0x8000f840
core   0: 0x8000a844 (0x7c3f2023) sw      gp, 1984(t5)
core   0: 3 0x8000a844 (0x7c3f2023) mem 0x80010000 0x00000001
core   0: 0x8000a848 (0x0000bfe5) c.j     pc - 8
core   0: 3 0x8000a848 (0xbfe5)
core   0: 0x8000a840 (0x00005f17) auipc   t5, 0x5
core   0: 3 0x8000a840 (0x00005f17) x30 0x8000f840
core   0: 0x8000a844 (0x7c3f2023) sw      gp, 1984(t5)
core   0: 3 0x8000a844 (0x7c3f2023) mem 0x80010000 0x00000001
core   0: 0x8000a848 (0x0000bfe5) c.j     pc - 8
core   0: 3 0x8000a848 (0xbfe5)
core   0: 0x8000a840 (0x00005f17) auipc   t5, 0x5
core   0: 3 0x8000a840 (0x00005f17) x30 0x8000f840
core   0: 0x8000a844 (0x7c3f2023) sw      gp, 1984(t5)
core   0: 3 0x8000a844 (0x7c3f2023) mem 0x80010000 0x00000001
core   0: 0x8000a848 (0x0000bfe5) c.j     pc - 8
core   0: 3 0x8000a848 (0xbfe5)
core   0: 0x8000a840 (0x00005f17) auipc   t5, 0x5
core   0: 3 0x8000a840 (0x00005f17) x30 0x8000f840
core   0: 0x8000a844 (0x7c3f2023) sw      gp, 1984(t5)
core   0: 3 0x8000a844 (0x7c3f2023) mem 0x80010000 0x00000001
core   0: 0x8000a848 (0x0000bfe5) c.j     pc - 8
core   0: 3 0x8000a848 (0xbfe5)
core   0: 0x8000a840 (0x00005f17) auipc   t5, 0x5
core   0: 3 0x8000a840 (0x00005f17) x30 0x8000f840
core   0: 0x8000a844 (0x7c3f2023) sw      gp, 1984(t5)
core   0: 3 0x8000a844 (0x7c3f2023) mem 0x80010000 0x00000001
core   0: 0x8000a848 (0x0000bfe5) c.j     pc - 8
core   0: 3 0x8000a848 (0xbfe5)
core   0: 0x8000a840 (0x00005f17) auipc   t5, 0x5
core   0: 3 0x8000a840 (0x00005f17) x30 0x8000f840
core   0: 0x8000a844 (0x7c3f2023) sw      gp, 1984(t5)
core   0: 3 0x8000a844 (0x7c3f2023) mem 0x80010000 0x00000001
core   0: 0x8000a848 (0x0000bfe5) c.j     pc - 8
core   0: 3 0x8000a848 (0xbfe5)
core   0: 0x8000a840 (0x00005f17) auipc   t5, 0x5
core   0: 3 0x8000a840 (0x00005f17) x30 0x8000f840
core   0: 0x8000a844 (0x7c3f2023) sw      gp, 1984(t5)
core   0: 3 0x8000a844 (0x7c3f2023) mem 0x80010000 0x00000001
core   0: 0x8000a848 (0x0000bfe5) c.j     pc - 8
core   0: 3 0x8000a848 (0xbfe5)
core   0: 0x8000a840 (0x00005f17) auipc   t5, 0x5
core   0: 3 0x8000a840 (0x00005f17) x30 0x8000f840
core   0: 0x8000a844 (0x7c3f2023) sw      gp, 1984(t5)
core   0: 3 0x8000a844 (0x7c3f2023) mem 0x80010000 0x00000001
core   0: 0x8000a848 (0x0000bfe5) c.j     pc - 8
core   0: 3 0x8000a848 (0xbfe5)
core   0: 0x8000a840 (0x00005f17) auipc   t5, 0x5
core   0: 3 0x8000a840 (0x00005f17) x30 0x8000f840
core   0: 0x8000a844 (0x7c3f2023) sw      gp, 1984(t5)
core   0: 3 0x8000a844 (0x7c3f2023) mem 0x80010000 0x00000001
core   0: 0x8000a848 (0x0000bfe5) c.j     pc - 8
core   0: 3 0x8000a848 (0xbfe5)
core   0: 0x8000a840 (0x00005f17) auipc   t5, 0x5
core   0: 3 0x8000a840 (0x00005f17) x30 0x8000f840
core   0: 0x8000a844 (0x7c3f2023) sw      gp, 1984(t5)
core   0: 3 0x8000a844 (0x7c3f2023) mem 0x80010000 0x00000001
core   0: 0x8000a848 (0x0000bfe5) c.j     pc - 8
core   0: 3 0x8000a848 (0xbfe5)
core   0: 0x8000a840 (0x00005f17) auipc   t5, 0x5
core   0: 3 0x8000a840 (0x00005f17) x30 0x8000f840
core   0: 0x8000a844 (0x7c3f2023) sw      gp, 1984(t5)
core   0: 3 0x8000a844 (0x7c3f2023) mem 0x80010000 0x00000001
core   0: 0x8000a848 (0x0000bfe5) c.j     pc - 8
core   0: 3 0x8000a848 (0xbfe5)
core   0: 0x8000a840 (0x00005f17) auipc   t5, 0x5
core   0: 3 0x8000a840 (0x00005f17) x30 0x8000f840
core   0: 0x8000a844 (0x7c3f2023) sw      gp, 1984(t5)
core   0: 3 0x8000a844 (0x7c3f2023) mem 0x80010000 0x00000001
core   0: 0x8000a848 (0x0000bfe5) c.j     pc - 8
core   0: 3 0x8000a848 (0xbfe5)
core   0: 0x8000a840 (0x00005f17) auipc   t5, 0x5
core   0: 3 0x8000a840 (0x00005f17) x30 0x8000f840
core   0: 0x8000a844 (0x7c3f2023) sw      gp, 1984(t5)
core   0: 3 0x8000a844 (0x7c3f2023) mem 0x80010000 0x00000001
core   0: 0x8000a848 (0x0000bfe5) c.j     pc - 8
core   0: 3 0x8000a848 (0xbfe5)
core   0: 0x8000a840 (0x00005f17) auipc   t5, 0x5
core   0: 3 0x8000a840 (0x00005f17) x30 0x8000f840
core   0: 0x8000a844 (0x7c3f2023) sw      gp, 1984(t5)
core   0: 3 0x8000a844 (0x7c3f2023) mem 0x80010000 0x00000001
core   0: 0x8000a848 (0x0000bfe5) c.j     pc - 8
core   0: 3 0x8000a848 (0xbfe5)
core   0: 0x8000a840 (0x00005f17) auipc   t5, 0x5
core   0: 3 0x8000a840 (0x00005f17) x30 0x8000f840
core   0: 0x8000a844 (0x7c3f2023) sw      gp, 1984(t5)
core   0: 3 0x8000a844 (0x7c3f2023) mem 0x80010000 0x00000001
core   0: 0x8000a848 (0x0000bfe5) c.j     pc - 8
core   0: 3 0x8000a848 (0xbfe5)
core   0: 0x8000a840 (0x00005f17) auipc   t5, 0x5
core   0: 3 0x8000a840 (0x00005f17) x30 0x8000f840
core   0: 0x8000a844 (0x7c3f2023) sw      gp, 1984(t5)
core   0: 3 0x8000a844 (0x7c3f2023) mem 0x80010000 0x00000001
core   0: 0x8000a848 (0x0000bfe5) c.j     pc - 8
core   0: 3 0x8000a848 (0xbfe5)
core   0: 0x8000a840 (0x00005f17) auipc   t5, 0x5
core   0: 3 0x8000a840 (0x00005f17) x30 0x8000f840
core   0: 0x8000a844 (0x7c3f2023) sw      gp, 1984(t5)
core   0: 3 0x8000a844 (0x7c3f2023) mem 0x80010000 0x00000001
core   0: 0x8000a848 (0x0000bfe5) c.j     pc - 8
core   0: 3 0x8000a848 (0xbfe5)
core   0: 0x8000a840 (0x00005f17) auipc   t5, 0x5
core   0: 3 0x8000a840 (0x00005f17) x30 0x8000f840
core   0: 0x8000a844 (0x7c3f2023) sw      gp, 1984(t5)
core   0: 3 0x8000a844 (0x7c3f2023) mem 0x80010000 0x00000001
core   0: 0x8000a848 (0x0000bfe5) c.j     pc - 8
core   0: 3 0x8000a848 (0xbfe5)
core   0: 0x8000a840 (0x00005f17) auipc   t5, 0x5
core   0: 3 0x8000a840 (0x00005f17) x30 0x8000f840
core   0: 0x8000a844 (0x7c3f2023) sw      gp, 1984(t5)
core   0: 3 0x8000a844 (0x7c3f2023) mem 0x80010000 0x00000001
core   0: 0x8000a848 (0x0000bfe5) c.j     pc - 8
core   0: 3 0x8000a848 (0xbfe5)
core   0: 0x8000a840 (0x00005f17) auipc   t5, 0x5
core   0: 3 0x8000a840 (0x00005f17) x30 0x8000f840
core   0: 0x8000a844 (0x7c3f2023) sw      gp, 1984(t5)
core   0: 3 0x8000a844 (0x7c3f2023) mem 0x80010000 0x00000001
core   0: 0x8000a848 (0x0000bfe5) c.j     pc - 8
core   0: 3 0x8000a848 (0xbfe5)
core   0: 0x8000a840 (0x00005f17) auipc   t5, 0x5
core   0: 3 0x8000a840 (0x00005f17) x30 0x8000f840
core   0: 0x8000a844 (0x7c3f2023) sw      gp, 1984(t5)
core   0: 3 0x8000a844 (0x7c3f2023) mem 0x80010000 0x00000001
core   0: 0x8000a848 (0x0000bfe5) c.j     pc - 8
core   0: 3 0x8000a848 (0xbfe5)
core   0: 0x8000a840 (0x00005f17) auipc   t5, 0x5
core   0: 3 0x8000a840 (0x00005f17) x30 0x8000f840
core   0: 0x8000a844 (0x7c3f2023) sw      gp, 1984(t5)
core   0: 3 0x8000a844 (0x7c3f2023) mem 0x80010000 0x00000001
core   0: 0x8000a848 (0x0000bfe5) c.j     pc - 8
core   0: 3 0x8000a848 (0xbfe5)
core   0: 0x8000a840 (0x00005f17) auipc   t5, 0x5
core   0: 3 0x8000a840 (0x00005f17) x30 0x8000f840
core   0: 0x8000a844 (0x7c3f2023) sw      gp, 1984(t5)
core   0: 3 0x8000a844 (0x7c3f2023) mem 0x80010000 0x00000001
core   0: 0x8000a848 (0x0000bfe5) c.j     pc - 8
core   0: 3 0x8000a848 (0xbfe5)
core   0: 0x8000a840 (0x00005f17) auipc   t5, 0x5
core   0: 3 0x8000a840 (0x00005f17) x30 0x8000f840
core   0: 0x8000a844 (0x7c3f2023) sw      gp, 1984(t5)
core   0: 3 0x8000a844 (0x7c3f2023) mem 0x80010000 0x00000001
core   0: 0x8000a848 (0x0000bfe5) c.j     pc - 8
core   0: 3 0x8000a848 (0xbfe5)
core   0: 0x8000a840 (0x00005f17) auipc   t5, 0x5
core   0: 3 0x8000a840 (0x00005f17) x30 0x8000f840
core   0: 0x8000a844 (0x7c3f2023) sw      gp, 1984(t5)
core   0: 3 0x8000a844 (0x7c3f2023) mem 0x80010000 0x00000001
core   0: 0x8000a848 (0x0000bfe5) c.j     pc - 8
core   0: 3 0x8000a848 (0xbfe5)
core   0: 0x8000a840 (0x00005f17) auipc   t5, 0x5
core   0: 3 0x8000a840 (0x00005f17) x30 0x8000f840
core   0: 0x8000a844 (0x7c3f2023) sw      gp, 1984(t5)
core   0: 3 0x8000a844 (0x7c3f2023) mem 0x80010000 0x00000001
core   0: 0x8000a848 (0x0000bfe5) c.j     pc - 8
core   0: 3 0x8000a848 (0xbfe5)
core   0: 0x8000a840 (0x00005f17) auipc   t5, 0x5
core   0: 3 0x8000a840 (0x00005f17) x30 0x8000f840
core   0: 0x8000a844 (0x7c3f2023) sw      gp, 1984(t5)
core   0: 3 0x8000a844 (0x7c3f2023) mem 0x80010000 0x00000001
core   0: 0x8000a848 (0x0000bfe5) c.j     pc - 8
core   0: 3 0x8000a848 (0xbfe5)
core   0: 0x8000a840 (0x00005f17) auipc   t5, 0x5
core   0: 3 0x8000a840 (0x00005f17) x30 0x8000f840
core   0: 0x8000a844 (0x7c3f2023) sw      gp, 1984(t5)
core   0: 3 0x8000a844 (0x7c3f2023) mem 0x80010000 0x00000001
core   0: 0x8000a848 (0x0000bfe5) c.j     pc - 8
core   0: 3 0x8000a848 (0xbfe5)
core   0: 0x8000a840 (0x00005f17) auipc   t5, 0x5
core   0: 3 0x8000a840 (0x00005f17) x30 0x8000f840
core   0: 0x8000a844 (0x7c3f2023) sw      gp, 1984(t5)
core   0: 3 0x8000a844 (0x7c3f2023) mem 0x80010000 0x00000001
core   0: 0x8000a848 (0x0000bfe5) c.j     pc - 8
core   0: 3 0x8000a848 (0xbfe5)
core   0: 0x8000a840 (0x00005f17) auipc   t5, 0x5
core   0: 3 0x8000a840 (0x00005f17) x30 0x8000f840
core   0: 0x8000a844 (0x7c3f2023) sw      gp, 1984(t5)
core   0: 3 0x8000a844 (0x7c3f2023) mem 0x80010000 0x00000001
core   0: 0x8000a848 (0x0000bfe5) c.j     pc - 8
core   0: 3 0x8000a848 (0xbfe5)
core   0: 0x8000a840 (0x00005f17) auipc   t5, 0x5
core   0: 3 0x8000a840 (0x00005f17) x30 0x8000f840
core   0: 0x8000a844 (0x7c3f2023) sw      gp, 1984(t5)
core   0: 3 0x8000a844 (0x7c3f2023) mem 0x80010000 0x00000001
core   0: 0x8000a848 (0x0000bfe5) c.j     pc - 8
core   0: 3 0x8000a848 (0xbfe5)
core   0: 0x8000a840 (0x00005f17) auipc   t5, 0x5
core   0: 3 0x8000a840 (0x00005f17) x30 0x8000f840
core   0: 0x8000a844 (0x7c3f2023) sw      gp, 1984(t5)
core   0: 3 0x8000a844 (0x7c3f2023) mem 0x80010000 0x00000001
core   0: 0x8000a848 (0x0000bfe5) c.j     pc - 8
core   0: 3 0x8000a848 (0xbfe5)
core   0: 0x8000a840 (0x00005f17) auipc   t5, 0x5
core   0: 3 0x8000a840 (0x00005f17) x30 0x8000f840
core   0: 0x8000a844 (0x7c3f2023) sw      gp, 1984(t5)
core   0: 3 0x8000a844 (0x7c3f2023) mem 0x80010000 0x00000001
core   0: 0x8000a848 (0x0000bfe5) c.j     pc - 8
core   0: 3 0x8000a848 (0xbfe5)
core   0: 0x8000a840 (0x00005f17) auipc   t5, 0x5
core   0: 3 0x8000a840 (0x00005f17) x30 0x8000f840
core   0: 0x8000a844 (0x7c3f2023) sw      gp, 1984(t5)
core   0: 3 0x8000a844 (0x7c3f2023) mem 0x80010000 0x00000001
core   0: 0x8000a848 (0x0000bfe5) c.j     pc - 8
core   0: 3 0x8000a848 (0xbfe5)
core   0: 0x8000a840 (0x00005f17) auipc   t5, 0x5
core   0: 3 0x8000a840 (0x00005f17) x30 0x8000f840
core   0: 0x8000a844 (0x7c3f2023) sw      gp, 1984(t5)
core   0: 3 0x8000a844 (0x7c3f2023) mem 0x80010000 0x00000001
core   0: 0x8000a848 (0x0000bfe5) c.j     pc - 8
core   0: 3 0x8000a848 (0xbfe5)
core   0: 0x8000a840 (0x00005f17) auipc   t5, 0x5
core   0: 3 0x8000a840 (0x00005f17) x30 0x8000f840
core   0: 0x8000a844 (0x7c3f2023) sw      gp, 1984(t5)
core   0: 3 0x8000a844 (0x7c3f2023) mem 0x80010000 0x00000001
core   0: 0x8000a848 (0x0000bfe5) c.j     pc - 8
core   0: 3 0x8000a848 (0xbfe5)
core   0: 0x8000a840 (0x00005f17) auipc   t5, 0x5
core   0: 3 0x8000a840 (0x00005f17) x30 0x8000f840
core   0: 0x8000a844 (0x7c3f2023) sw      gp, 1984(t5)
core   0: 3 0x8000a844 (0x7c3f2023) mem 0x80010000 0x00000001
core   0: 0x8000a848 (0x0000bfe5) c.j     pc - 8
core   0: 3 0x8000a848 (0xbfe5)
core   0: 0x8000a840 (0x00005f17) auipc   t5, 0x5
core   0: 3 0x8000a840 (0x00005f17) x30 0x8000f840
core   0: 0x8000a844 (0x7c3f2023) sw      gp, 1984(t5)
core   0: 3 0x8000a844 (0x7c3f2023) mem 0x80010000 0x00000001
core   0: 0x8000a848 (0x0000bfe5) c.j     pc - 8
core   0: 3 0x8000a848 (0xbfe5)
core   0: 0x8000a840 (0x00005f17) auipc   t5, 0x5
core   0: 3 0x8000a840 (0x00005f17) x30 0x8000f840
core   0: 0x8000a844 (0x7c3f2023) sw      gp, 1984(t5)
core   0: 3 0x8000a844 (0x7c3f2023) mem 0x80010000 0x00000001
core   0: 0x8000a848 (0x0000bfe5) c.j     pc - 8
core   0: 3 0x8000a848 (0xbfe5)
core   0: 0x8000a840 (0x00005f17) auipc   t5, 0x5
core   0: 3 0x8000a840 (0x00005f17) x30 0x8000f840
core   0: 0x8000a844 (0x7c3f2023) sw      gp, 1984(t5)
core   0: 3 0x8000a844 (0x7c3f2023) mem 0x80010000 0x00000001
core   0: 0x8000a848 (0x0000bfe5) c.j     pc - 8
core   0: 3 0x8000a848 (0xbfe5)
core   0: 0x8000a840 (0x00005f17) auipc   t5, 0x5
core   0: 3 0x8000a840 (0x00005f17) x30 0x8000f840
core   0: 0x8000a844 (0x7c3f2023) sw      gp, 1984(t5)
core   0: 3 0x8000a844 (0x7c3f2023) mem 0x80010000 0x00000001
core   0: 0x8000a848 (0x0000bfe5) c.j     pc - 8
core   0: 3 0x8000a848 (0xbfe5)
core   0: 0x8000a840 (0x00005f17) auipc   t5, 0x5
core   0: 3 0x8000a840 (0x00005f17) x30 0x8000f840
core   0: 0x8000a844 (0x7c3f2023) sw      gp, 1984(t5)
core   0: 3 0x8000a844 (0x7c3f2023) mem 0x80010000 0x00000001
core   0: 0x8000a848 (0x0000bfe5) c.j     pc - 8
core   0: 3 0x8000a848 (0xbfe5)
core   0: 0x8000a840 (0x00005f17) auipc   t5, 0x5
core   0: 3 0x8000a840 (0x00005f17) x30 0x8000f840
core   0: 0x8000a844 (0x7c3f2023) sw      gp, 1984(t5)
core   0: 3 0x8000a844 (0x7c3f2023) mem 0x80010000 0x00000001
core   0: 0x8000a848 (0x0000bfe5) c.j     pc - 8
core   0: 3 0x8000a848 (0xbfe5)
core   0: 0x8000a840 (0x00005f17) auipc   t5, 0x5
core   0: 3 0x8000a840 (0x00005f17) x30 0x8000f840
core   0: 0x8000a844 (0x7c3f2023) sw      gp, 1984(t5)
core   0: 3 0x8000a844 (0x7c3f2023) mem 0x80010000 0x00000001
core   0: 0x8000a848 (0x0000bfe5) c.j     pc - 8
core   0: 3 0x8000a848 (0xbfe5)
core   0: 0x8000a840 (0x00005f17) auipc   t5, 0x5
core   0: 3 0x8000a840 (0x00005f17) x30 0x8000f840
core   0: 0x8000a844 (0x7c3f2023) sw      gp, 1984(t5)
core   0: 3 0x8000a844 (0x7c3f2023) mem 0x80010000 0x00000001
core   0: 0x8000a848 (0x0000bfe5) c.j     pc - 8
core   0: 3 0x8000a848 (0xbfe5)
core   0: 0x8000a840 (0x00005f17) auipc   t5, 0x5
core   0: 3 0x8000a840 (0x00005f17) x30 0x8000f840
core   0: 0x8000a844 (0x7c3f2023) sw      gp, 1984(t5)
core   0: 3 0x8000a844 (0x7c3f2023) mem 0x80010000 0x00000001
core   0: 0x8000a848 (0x0000bfe5) c.j     pc - 8
core   0: 3 0x8000a848 (0xbfe5)
core   0: 0x8000a840 (0x00005f17) auipc   t5, 0x5
core   0: 3 0x8000a840 (0x00005f17) x30 0x8000f840
core   0: 0x8000a844 (0x7c3f2023) sw      gp, 1984(t5)
core   0: 3 0x8000a844 (0x7c3f2023) mem 0x80010000 0x00000001
core   0: 0x8000a848 (0x0000bfe5) c.j     pc - 8
core   0: 3 0x8000a848 (0xbfe5)
core   0: 0x8000a840 (0x00005f17) auipc   t5, 0x5
core   0: 3 0x8000a840 (0x00005f17) x30 0x8000f840
core   0: 0x8000a844 (0x7c3f2023) sw      gp, 1984(t5)
core   0: 3 0x8000a844 (0x7c3f2023) mem 0x80010000 0x00000001
core   0: 0x8000a848 (0x0000bfe5) c.j     pc - 8
core   0: 3 0x8000a848 (0xbfe5)
core   0: 0x8000a840 (0x00005f17) auipc   t5, 0x5
core   0: 3 0x8000a840 (0x00005f17) x30 0x8000f840
core   0: 0x8000a844 (0x7c3f2023) sw      gp, 1984(t5)
core   0: 3 0x8000a844 (0x7c3f2023) mem 0x80010000 0x00000001
core   0: 0x8000a848 (0x0000bfe5) c.j     pc - 8
core   0: 3 0x8000a848 (0xbfe5)
core   0: 0x8000a840 (0x00005f17) auipc   t5, 0x5
core   0: 3 0x8000a840 (0x00005f17) x30 0x8000f840
core   0: 0x8000a844 (0x7c3f2023) sw      gp, 1984(t5)
core   0: 3 0x8000a844 (0x7c3f2023) mem 0x80010000 0x00000001
core   0: 0x8000a848 (0x0000bfe5) c.j     pc - 8
core   0: 3 0x8000a848 (0xbfe5)
core   0: 0x8000a840 (0x00005f17) auipc   t5, 0x5
core   0: 3 0x8000a840 (0x00005f17) x30 0x8000f840
core   0: 0x8000a844 (0x7c3f2023) sw      gp, 1984(t5)
core   0: 3 0x8000a844 (0x7c3f2023) mem 0x80010000 0x00000001
core   0: 0x8000a848 (0x0000bfe5) c.j     pc - 8
core   0: 3 0x8000a848 (0xbfe5)
core   0: 0x8000a840 (0x00005f17) auipc   t5, 0x5
core   0: 3 0x8000a840 (0x00005f17) x30 0x8000f840
core   0: 0x8000a844 (0x7c3f2023) sw      gp, 1984(t5)
core   0: 3 0x8000a844 (0x7c3f2023) mem 0x80010000 0x00000001
core   0: 0x8000a848 (0x0000bfe5) c.j     pc - 8
core   0: 3 0x8000a848 (0xbfe5)
core   0: 0x8000a840 (0x00005f17) auipc   t5, 0x5
core   0: 3 0x8000a840 (0x00005f17) x30 0x8000f840
core   0: 0x8000a844 (0x7c3f2023) sw      gp, 1984(t5)
core   0: 3 0x8000a844 (0x7c3f2023) mem 0x80010000 0x00000001
core   0: 0x8000a848 (0x0000bfe5) c.j     pc - 8
core   0: 3 0x8000a848 (0xbfe5)
core   0: 0x8000a840 (0x00005f17) auipc   t5, 0x5
core   0: 3 0x8000a840 (0x00005f17) x30 0x8000f840
core   0: 0x8000a844 (0x7c3f2023) sw      gp, 1984(t5)
core   0: 3 0x8000a844 (0x7c3f2023) mem 0x80010000 0x00000001
core   0: 0x8000a848 (0x0000bfe5) c.j     pc - 8
core   0: 3 0x8000a848 (0xbfe5)
core   0: 0x8000a840 (0x00005f17) auipc   t5, 0x5
core   0: 3 0x8000a840 (0x00005f17) x30 0x8000f840
core   0: 0x8000a844 (0x7c3f2023) sw      gp, 1984(t5)
core   0: 3 0x8000a844 (0x7c3f2023) mem 0x80010000 0x00000001
core   0: 0x8000a848 (0x0000bfe5) c.j     pc - 8
core   0: 3 0x8000a848 (0xbfe5)
core   0: 0x8000a840 (0x00005f17) auipc   t5, 0x5
core   0: 3 0x8000a840 (0x00005f17) x30 0x8000f840
core   0: 0x8000a844 (0x7c3f2023) sw      gp, 1984(t5)
core   0: 3 0x8000a844 (0x7c3f2023) mem 0x80010000 0x00000001
core   0: 0x8000a848 (0x0000bfe5) c.j     pc - 8
core   0: 3 0x8000a848 (0xbfe5)
core   0: 0x8000a840 (0x00005f17) auipc   t5, 0x5
core   0: 3 0x8000a840 (0x00005f17) x30 0x8000f840
core   0: 0x8000a844 (0x7c3f2023) sw      gp, 1984(t5)
core   0: 3 0x8000a844 (0x7c3f2023) mem 0x80010000 0x00000001
core   0: 0x8000a848 (0x0000bfe5) c.j     pc - 8
core   0: 3 0x8000a848 (0xbfe5)
core   0: 0x8000a840 (0x00005f17) auipc   t5, 0x5
core   0: 3 0x8000a840 (0x00005f17) x30 0x8000f840
core   0: 0x8000a844 (0x7c3f2023) sw      gp, 1984(t5)
core   0: 3 0x8000a844 (0x7c3f2023) mem 0x80010000 0x00000001
core   0: 0x8000a848 (0x0000bfe5) c.j     pc - 8
core   0: 3 0x8000a848 (0xbfe5)
core   0: 0x8000a840 (0x00005f17) auipc   t5, 0x5
core   0: 3 0x8000a840 (0x00005f17) x30 0x8000f840
core   0: 0x8000a844 (0x7c3f2023) sw      gp, 1984(t5)
core   0: 3 0x8000a844 (0x7c3f2023) mem 0x80010000 0x00000001
core   0: 0x8000a848 (0x0000bfe5) c.j     pc - 8
core   0: 3 0x8000a848 (0xbfe5)
core   0: 0x8000a840 (0x00005f17) auipc   t5, 0x5
core   0: 3 0x8000a840 (0x00005f17) x30 0x8000f840
core   0: 0x8000a844 (0x7c3f2023) sw      gp, 1984(t5)
core   0: 3 0x8000a844 (0x7c3f2023) mem 0x80010000 0x00000001
core   0: 0x8000a848 (0x0000bfe5) c.j     pc - 8
core   0: 3 0x8000a848 (0xbfe5)
core   0: 0x8000a840 (0x00005f17) auipc   t5, 0x5
core   0: 3 0x8000a840 (0x00005f17) x30 0x8000f840
core   0: 0x8000a844 (0x7c3f2023) sw      gp, 1984(t5)
core   0: 3 0x8000a844 (0x7c3f2023) mem 0x80010000 0x00000001
core   0: 0x8000a848 (0x0000bfe5) c.j     pc - 8
core   0: 3 0x8000a848 (0xbfe5)
core   0: 0x8000a840 (0x00005f17) auipc   t5, 0x5
core   0: 3 0x8000a840 (0x00005f17) x30 0x8000f840
core   0: 0x8000a844 (0x7c3f2023) sw      gp, 1984(t5)
core   0: 3 0x8000a844 (0x7c3f2023) mem 0x80010000 0x00000001
core   0: 0x8000a848 (0x0000bfe5) c.j     pc - 8
core   0: 3 0x8000a848 (0xbfe5)
core   0: 0x8000a840 (0x00005f17) auipc   t5, 0x5
core   0: 3 0x8000a840 (0x00005f17) x30 0x8000f840
core   0: 0x8000a844 (0x7c3f2023) sw      gp, 1984(t5)
core   0: 3 0x8000a844 (0x7c3f2023) mem 0x80010000 0x00000001
