core   0: 0x00001000 (0x00000297) auipc   t0, 0x0
core   0: 3 0x00001000 (0x00000297) x 5 0x00001000
core   0: 0x00001004 (0x02028593) addi    a1, t0, 32
core   0: 3 0x00001004 (0x02028593) x11 0x00001020
core   0: 0x00001008 (0xf1402573) csrr    a0, mhartid
core   0: 3 0x00001008 (0xf1402573) x10 0x00000000
core   0: 0x0000100c (0x0182a283) lw      t0, 24(t0)
core   0: 3 0x0000100c (0x0182a283) x 5 0x80000000 mem 0x00001018
core   0: 0x00001010 (0x00028067) jr      t0
core   0: 3 0x00001010 (0x00028067)
core   0: 0x80000000 (0xf14022f3) csrr    t0, mhartid
core   0: 3 0x80000000 (0xf14022f3) x 5 0x00000000
core   0: 0x80000004 (0x00004301) c.li    t1, 0
core   0: 3 0x80000004 (0x4301) x 6 0x00000000
core   0: 0x80000006 (0x00628263) beq     t0, t1, pc + 4
core   0: 3 0x80000006 (0x00628263)
core   0: 0x8000000a (0x00000617) auipc   a2, 0x0
core   0: 3 0x8000000a (0x00000617) x12 0x8000000a
core   0: 0x8000000e (0x00c60613) addi    a2, a2, 12
core   0: 3 0x8000000e (0x00c60613) x12 0x80000016
core   0: 0x80000012 (0x00060067) jr      a2
core   0: 3 0x80000012 (0x00060067)
core   0: 0x80000016 (0x40001cb7) lui     s9, 0x40001
core   0: 3 0x80000016 (0x40001cb7) x25 0x40001000
core   0: 0x8000001a (0x104c8c93) addi    s9, s9, 260
core   0: 3 0x8000001a (0x104c8c93) x25 0x40001104
core   0: 0x8000001e (0x301c9073) csrw    misa, s9
core   0: 3 0x8000001e (0x301c9073) c769_misa 0x40141104
core   0: 0x80000022 (0x00013397) auipc   t2, 0x13
core   0: 3 0x80000022 (0x00013397) x 7 0x80013022
core   0: 0x80000026 (0xcc238393) addi    t2, t2, -830
core   0: 3 0x80000026 (0xcc238393) x 7 0x80012ce4
core   0: 0x8000002a (0x00009c97) auipc   s9, 0x9
core   0: 3 0x8000002a (0x00009c97) x25 0x8000902a
core   0: 0x8000002e (0x612c8c93) addi    s9, s9, 1554
core   0: 3 0x8000002e (0x612c8c93) x25 0x8000963c
core   0: 0x80000032 (0x000cec93) ori     s9, s9, 0
core   0: 3 0x80000032 (0x000cec93) x25 0x8000963c
core   0: 0x80000036 (0x305c9073) csrw    mtvec, s9
core   0: 3 0x80000036 (0x305c9073) c773_mtvec 0x8000963c
core   0: 0x8000003a (0x00000c97) auipc   s9, 0x0
core   0: 3 0x8000003a (0x00000c97) x25 0x8000003a
core   0: 0x8000003e (0x024c8c93) addi    s9, s9, 36
core   0: 3 0x8000003e (0x024c8c93) x25 0x8000005e
core   0: 0x80000042 (0x341c9073) csrw    mepc, s9
core   0: 3 0x80000042 (0x341c9073) c833_mepc 0x8000005e
core   0: 0x80000046 (0x00000001) c.nop
core   0: 3 0x80000046 (0x0001)
core   0: 0x80000048 (0x00002cb7) lui     s9, 0x2
core   0: 3 0x80000048 (0x00002cb7) x25 0x00002000
core   0: 0x8000004c (0x800c8c93) addi    s9, s9, -2048
core   0: 3 0x8000004c (0x800c8c93) x25 0x00001800
core   0: 0x80000050 (0x300c9073) csrw    mstatus, s9
core   0: 3 0x80000050 (0x300c9073) c768_mstatus 0x00001800
core   0: 0x80000054 (0x00004c81) c.li    s9, 0
core   0: 3 0x80000054 (0x4c81) x25 0x00000000
core   0: 0x80000056 (0x304c9073) csrw    mie, s9
core   0: 3 0x80000056 (0x304c9073) c772_mie 0x00000000
core   0: 0x8000005a (0x30200073) mret
core   0: 3 0x8000005a (0x30200073) c768_mstatus 0x00000080
core   0: >>>>  init
core   0: 0x8000005e (0xf5d10037) lui     zero, 0xf5d10
core   0: 3 0x8000005e (0xf5d10037)
core   0: 0x80000062 (0x96b00013) li      zero, -1685
core   0: 3 0x80000062 (0x96b00013)
core   0: 0x80000066 (0x00004081) c.li    ra, 0
core   0: 3 0x80000066 (0x4081) x 1 0x00000000
core   0: 0x80000068 (0x3a199137) lui     sp, 0x3a199
core   0: 3 0x80000068 (0x3a199137) x 2 0x3a199000
core   0: 0x8000006c (0xf8410113) addi    sp, sp, -124
core   0: 3 0x8000006c (0xf8410113) x 2 0x3a198f84
core   0: 0x80000070 (0x800001b7) lui     gp, 0x80000
core   0: 3 0x80000070 (0x800001b7) x 3 0x80000000
core   0: 0x80000074 (0xaa4c7237) lui     tp, 0xaa4c7
core   0: 3 0x80000074 (0xaa4c7237) x 4 0xaa4c7000
core   0: 0x80000078 (0xc6420213) addi    tp, tp, -924
core   0: 3 0x80000078 (0xc6420213) x 4 0xaa4c6c64
core   0: 0x8000007c (0x00004281) c.li    t0, 0
core   0: 3 0x8000007c (0x4281) x 5 0x00000000
core   0: 0x8000007e (0x00004305) c.li    t1, 1
core   0: 3 0x8000007e (0x4305) x 6 0x00000001
core   0: 0x80000080 (0xf2323437) lui     s0, 0xf2323
core   0: 3 0x80000080 (0xf2323437) x 8 0xf2323000
core   0: 0x80000084 (0xa2440413) addi    s0, s0, -1500
core   0: 3 0x80000084 (0xa2440413) x 8 0xf2322a24
core   0: 0x80000088 (0xf747f4b7) lui     s1, 0xf747f
core   0: 3 0x80000088 (0xf747f4b7) x 9 0xf747f000
core   0: 0x8000008c (0xe2e48493) addi    s1, s1, -466
core   0: 3 0x8000008c (0xe2e48493) x 9 0xf747ee2e
core   0: 0x80000090 (0x00004501) c.li    a0, 0
core   0: 3 0x80000090 (0x4501) x10 0x00000000
core   0: 0x80000092 (0x000045ad) c.li    a1, 11
core   0: 3 0x80000092 (0x45ad) x11 0x0000000b
core   0: 0x80000094 (0x00004601) c.li    a2, 0
core   0: 3 0x80000094 (0x4601) x12 0x00000000
core   0: 0x80000096 (0x4e9056b7) lui     a3, 0x4e905
core   0: 3 0x80000096 (0x4e9056b7) x13 0x4e905000
core   0: 0x8000009a (0x9ad68693) addi    a3, a3, -1619
core   0: 3 0x8000009a (0x9ad68693) x13 0x4e9049ad
core   0: 0x8000009e (0x00004731) c.li    a4, 12
core   0: 3 0x8000009e (0x4731) x14 0x0000000c
core   0: 0x800000a0 (0x800007b7) lui     a5, 0x80000
core   0: 3 0x800000a0 (0x800007b7) x15 0x80000000
core   0: 0x800000a4 (0xfaa8d837) lui     a6, 0xfaa8d
core   0: 3 0x800000a4 (0xfaa8d837) x16 0xfaa8d000
core   0: 0x800000a8 (0x17580813) addi    a6, a6, 373
core   0: 3 0x800000a8 (0x17580813) x16 0xfaa8d175
core   0: 0x800000ac (0x00004895) c.li    a7, 5
core   0: 3 0x800000ac (0x4895) x17 0x00000005
core   0: 0x800000ae (0xfea7d937) lui     s2, 0xfea7d
core   0: 3 0x800000ae (0xfea7d937) x18 0xfea7d000
core   0: 0x800000b2 (0xf9d90913) addi    s2, s2, -99
core   0: 3 0x800000b2 (0xf9d90913) x18 0xfea7cf9d
core   0: 0x800000b6 (0x00004a01) c.li    s4, 0
core   0: 3 0x800000b6 (0x4a01) x20 0x00000000
core   0: 0x800000b8 (0x80000ab7) lui     s5, 0x80000
core   0: 3 0x800000b8 (0x80000ab7) x21 0x80000000
core   0: 0x800000bc (0x00004b01) c.li    s6, 0
core   0: 3 0x800000bc (0x4b01) x22 0x00000000
core   0: 0x800000be (0xd7c2dbb7) lui     s7, 0xd7c2d
core   0: 3 0x800000be (0xd7c2dbb7) x23 0xd7c2d000
core   0: 0x800000c2 (0x6bfb8b93) addi    s7, s7, 1727
core   0: 3 0x800000c2 (0x6bfb8b93) x23 0xd7c2d6bf
core   0: 0x800000c6 (0x80000c37) lui     s8, 0x80000
core   0: 3 0x800000c6 (0x80000c37) x24 0x80000000
core   0: 0x800000ca (0x00004cb5) c.li    s9, 13
core   0: 3 0x800000ca (0x4cb5) x25 0x0000000d
core   0: 0x800000cc (0x00004d25) c.li    s10, 9
core   0: 3 0x800000cc (0x4d25) x26 0x00000009
core   0: 0x800000ce (0xf26bddb7) lui     s11, 0xf26bd
core   0: 3 0x800000ce (0xf26bddb7) x27 0xf26bd000
core   0: 0x800000d2 (0x464d8d93) addi    s11, s11, 1124
core   0: 3 0x800000d2 (0x464d8d93) x27 0xf26bd464
core   0: 0x800000d6 (0x85f45e37) lui     t3, 0x85f45
core   0: 3 0x800000d6 (0x85f45e37) x28 0x85f45000
core   0: 0x800000da (0x01be0e13) addi    t3, t3, 27
core   0: 3 0x800000da (0x01be0e13) x28 0x85f4501b
core   0: 0x800000de (0xf8deaeb7) lui     t4, 0xf8dea
core   0: 3 0x800000de (0xf8deaeb7) x29 0xf8dea000
core   0: 0x800000e2 (0x0f1e8e93) addi    t4, t4, 241
core   0: 3 0x800000e2 (0x0f1e8e93) x29 0xf8dea0f1
core   0: 0x800000e6 (0x00004f21) c.li    t5, 8
core   0: 3 0x800000e6 (0x4f21) x30 0x00000008
core   0: 0x800000e8 (0xf49c2fb7) lui     t6, 0xf49c2
core   0: 3 0x800000e8 (0xf49c2fb7) x31 0xf49c2000
core   0: 0x800000ec (0x969f8f93) addi    t6, t6, -1687
core   0: 3 0x800000ec (0x969f8f93) x31 0xf49c1969
core   0: 0x800000f0 (0x0000f997) auipc   s3, 0xf
core   0: 3 0x800000f0 (0x0000f997) x19 0x8000f0f0
core   0: 0x800000f4 (0xd7498993) addi    s3, s3, -652
core   0: 3 0x800000f4 (0xd7498993) x19 0x8000ee64
core   0: 0x800000f8 (0x32c87537) lui     a0, 0x32c87
core   0: 3 0x800000f8 (0x32c87537) x10 0x32c87000
core   0: 0x800000fc (0xc0050513) addi    a0, a0, -1024
core   0: 3 0x800000fc (0xc0050513) x10 0x32c86c00
core   0: 0x80000100 (0x80000c37) lui     s8, 0x80000
core   0: 3 0x80000100 (0x80000c37) x24 0x80000000
core   0: 0x80000104 (0x80000ab7) lui     s5, 0x80000
core   0: 3 0x80000104 (0x80000ab7) x21 0x80000000
core   0: 0x80000108 (0x80000437) lui     s0, 0x80000
core   0: 3 0x80000108 (0x80000437) x 8 0x80000000
core   0: 0x8000010c (0xfff00d13) li      s10, -1
core   0: 3 0x8000010c (0xfff00d13) x26 0xffffffff
core   0: 0x80000110 (0x80000937) lui     s2, 0x80000
core   0: 3 0x80000110 (0x80000937) x18 0x80000000
core   0: 0x80000114 (0x81033fb7) lui     t6, 0x81033
core   0: 3 0x80000114 (0x81033fb7) x31 0x81033000
core   0: 0x80000118 (0x024f8f93) addi    t6, t6, 36
core   0: 3 0x80000118 (0x024f8f93) x31 0x81033024
core   0: 0x8000011c (0x800001b7) lui     gp, 0x80000
core   0: 3 0x8000011c (0x800001b7) x 3 0x80000000
core   0: 0x80000120 (0x00004c81) c.li    s9, 0
core   0: 3 0x80000120 (0x4c81) x25 0x00000000
core   0: 0x80000122 (0xe7d0b4b7) lui     s1, 0xe7d0b
core   0: 3 0x80000122 (0xe7d0b4b7) x 9 0xe7d0b000
core   0: 0x80000126 (0x19448493) addi    s1, s1, 404
core   0: 3 0x80000126 (0x19448493) x 9 0xe7d0b194
core   0: 0x8000012a (0x02afbfb3) mulhu   t6, t6, a0
core   0: 3 0x8000012a (0x02afbfb3) x31 0x1997a051
core   0: 0x8000012e (0x00000001) c.nop
core   0: 3 0x8000012e (0x0001)
core   0: 0x80000130 (0x028ff4b3) remu    s1, t6, s0
core   0: 3 0x80000130 (0x028ff4b3) x 9 0x1997a051
core   0: 0x80000134 (0x792a8c13) addi    s8, s5, 1938
core   0: 3 0x80000134 (0x792a8c13) x24 0x80000792
core   0: 0x80000138 (0x01fd01b3) add     gp, s10, t6
core   0: 3 0x80000138 (0x01fd01b3) x 3 0x1997a050
core   0: 0x8000013c (0x1e669c97) auipc   s9, 0x1e669
core   0: 3 0x8000013c (0x1e669c97) x25 0x9e66913c
core   0: 0x80000140 (0x77c18f93) addi    t6, gp, 1916
core   0: 3 0x80000140 (0x77c18f93) x31 0x1997a7cc
core   0: 0x80000144 (0x03f1f933) remu    s2, gp, t6
core   0: 3 0x80000144 (0x03f1f933) x18 0x1997a050
core   0: 0x80000148 (0x40318fb3) sub     t6, gp, gp
core   0: 3 0x80000148 (0x40318fb3) x31 0x00000000
core   0: 0x8000014c (0x40a18c33) sub     s8, gp, a0
core   0: 3 0x8000014c (0x40a18c33) x24 0xe6cf3450
core   0: 0x80000150 (0x03a491b3) mulh    gp, s1, s10
core   0: 3 0x80000150 (0x03a491b3) x 3 0xffffffff
core   0: 0x80000154 (0xaeb5a537) lui     a0, 0xaeb5a
core   0: 3 0x80000154 (0xaeb5a537) x10 0xaeb5a000
core   0: 0x80000158 (0x028a9ab3) mulh    s5, s5, s0
core   0: 3 0x80000158 (0x028a9ab3) x21 0x40000000
core   0: 0x8000015c (0x032ae533) rem     a0, s5, s2
core   0: 3 0x8000015c (0x032ae533) x10 0x0cd0bf60
core   0: 0x80000160 (0x58d40a93) addi    s5, s0, 1421
core   0: 3 0x80000160 (0x58d40a93) x21 0x8000058d
core   0: 0x80000164 (0x035fffb3) remu    t6, t6, s5
core   0: 3 0x80000164 (0x035fffb3) x31 0x00000000
core   0: 0x80000168 (0x038c6933) rem     s2, s8, s8
core   0: 3 0x80000168 (0x038c6933) x18 0x00000000
core   0: 0x8000016c (0x035c7cb3) remu    s9, s8, s5
core   0: 3 0x8000016c (0x035c7cb3) x25 0x66cf2ec3
core   0: 0x80000170 (0xe0e48d13) addi    s10, s1, -498
core   0: 3 0x80000170 (0xe0e48d13) x26 0x19979e5f
core   0: 0x80000174 (0x023abab3) mulhu   s5, s5, gp
core   0: 3 0x80000174 (0x023abab3) x21 0x8000058c
core   0: 0x80000178 (0x02840fb3) mul     t6, s0, s0
core   0: 3 0x80000178 (0x02840fb3) x31 0x00000000
core   0: 0x8000017c (0x038fed33) rem     s10, t6, s8
core   0: 3 0x8000017c (0x038fed33) x26 0x00000000
core   0: 0x80000180 (0x00000001) c.nop
core   0: 3 0x80000180 (0x0001)
core   0: 0x80000182 (0x038c1ab3) mulh    s5, s8, s8
core   0: 3 0x80000182 (0x038c1ab3) x21 0x027a9115
core   0: 0x80000186 (0x367464b7) lui     s1, 0x36746
core   0: 3 0x80000186 (0x367464b7) x 9 0x36746000
core   0: 0x8000018a (0x23f25937) lui     s2, 0x23f25
core   0: 3 0x8000018a (0x23f25937) x18 0x23f25000
core   0: 0x8000018e (0x035afd33) remu    s10, s5, s5
core   0: 3 0x8000018e (0x035afd33) x26 0x00000000
core   0: 0x80000192 (0x02afdfb3) divu    t6, t6, a0
core   0: 3 0x80000192 (0x02afdfb3) x31 0x00000000
core   0: 0x80000196 (0x02ac2ab3) mulhsu  s5, s8, a0
core   0: 3 0x80000196 (0x02ac2ab3) x21 0xfebd2bf9
core   0: 0x8000019a (0x80000b37) lui     s6, 0x80000
core   0: 3 0x8000019a (0x80000b37) x22 0x80000000
core   0: 0x8000019e (0x8a7e26b7) lui     a3, 0x8a7e2
core   0: 3 0x8000019e (0x8a7e26b7) x13 0x8a7e2000
core   0: 0x800001a2 (0x43168693) addi    a3, a3, 1073
core   0: 3 0x800001a2 (0x43168693) x13 0x8a7e2431
core   0: 0x800001a6 (0x80000e37) lui     t3, 0x80000
core   0: 3 0x800001a6 (0x80000e37) x28 0x80000000
core   0: 0x800001aa (0xa126b137) lui     sp, 0xa126b
core   0: 3 0x800001aa (0xa126b137) x 2 0xa126b000
core   0: 0x800001ae (0x51d10113) addi    sp, sp, 1309
core   0: 3 0x800001ae (0x51d10113) x 2 0xa126b51d
core   0: 0x800001b2 (0xfff00293) li      t0, -1
core   0: 3 0x800001b2 (0xfff00293) x 5 0xffffffff
core   0: 0x800001b6 (0x800005b7) lui     a1, 0x80000
core   0: 3 0x800001b6 (0x800005b7) x11 0x80000000
core   0: 0x800001ba (0xac41f337) lui     t1, 0xac41f
core   0: 3 0x800001ba (0xac41f337) x 6 0xac41f000
core   0: 0x800001be (0x7f730313) addi    t1, t1, 2039
core   0: 3 0x800001be (0x7f730313) x 6 0xac41f7f7
core   0: 0x800001c2 (0x00004081) c.li    ra, 0
core   0: 3 0x800001c2 (0x4081) x 1 0x00000000
core   0: 0x800001c4 (0xfff00a93) li      s5, -1
core   0: 3 0x800001c4 (0xfff00a93) x21 0xffffffff
core   0: 0x800001c8 (0x80000c37) lui     s8, 0x80000
core   0: 3 0x800001c8 (0x80000c37) x24 0x80000000
core   0: 0x800001cc (0x02d340b3) div     ra, t1, a3
core   0: 3 0x800001cc (0x02d340b3) x 1 0x00000000
core   0: 0x800001d0 (0x0265b133) mulhu   sp, a1, t1
core   0: 3 0x800001d0 (0x0265b133) x 2 0x5620fbfb
core   0: 0x800001d4 (0x0265de33) divu    t3, a1, t1
core   0: 3 0x800001d4 (0x0265de33) x28 0x00000000
core   0: 0x800001d8 (0x02be2e33) mulhsu  t3, t3, a1
core   0: 3 0x800001d8 (0x02be2e33) x28 0x00000000
core   0: 0x800001dc (0x0225d333) divu    t1, a1, sp
core   0: 3 0x800001dc (0x0225d333) x 6 0x00000001
core   0: 0x800001e0 (0x00000001) c.nop
core   0: 3 0x800001e0 (0x0001)
core   0: 0x800001e2 (0x00000001) c.nop
core   0: 3 0x800001e2 (0x0001)
core   0: 0x800001e4 (0x03537e33) remu    t3, t1, s5
core   0: 3 0x800001e4 (0x03537e33) x28 0x00000001
core   0: 0x800001e8 (0x09858593) addi    a1, a1, 152
core   0: 3 0x800001e8 (0x09858593) x11 0x80000098
core   0: 0x800001ec (0x418105b3) sub     a1, sp, s8
core   0: 3 0x800001ec (0x418105b3) x11 0xd620fbfb
core   0: 0x800001f0 (0x41810b33) sub     s6, sp, s8
core   0: 3 0x800001f0 (0x41810b33) x22 0xd620fbfb
core   0: 0x800001f4 (0x00000001) c.nop
core   0: 3 0x800001f4 (0x0001)
core   0: 0x800001f6 (0x02dac133) div     sp, s5, a3
core   0: 3 0x800001f6 (0x02dac133) x 2 0x00000000
core   0: 0x800001fa (0x1b408113) addi    sp, ra, 436
core   0: 3 0x800001fa (0x1b408113) x 2 0x000001b4
core   0: 0x800001fe (0x03cade33) divu    t3, s5, t3
core   0: 3 0x800001fe (0x03cade33) x28 0xffffffff
core   0: 0x80000202 (0x02b5e0b3) rem     ra, a1, a1
core   0: 3 0x80000202 (0x02b5e0b3) x 1 0x00000000
core   0: 0x80000206 (0x02b685b3) mul     a1, a3, a1
core   0: 3 0x80000206 (0x02b685b3) x11 0xf349870b
core   0: 0x8000020a (0x0385e2b3) rem     t0, a1, s8
core   0: 3 0x8000020a (0x0385e2b3) x 5 0xf349870b
core   0: 0x8000020e (0x80000137) lui     sp, 0x80000
core   0: 3 0x8000020e (0x80000137) x 2 0x80000000
core   0: 0x80000212 (0x80000a37) lui     s4, 0x80000
core   0: 3 0x80000212 (0x80000a37) x20 0x80000000
core   0: 0x80000216 (0xfff00e13) li      t3, -1
core   0: 3 0x80000216 (0xfff00e13) x28 0xffffffff
core   0: 0x8000021a (0x800007b7) lui     a5, 0x80000
core   0: 3 0x8000021a (0x800007b7) x15 0x80000000
core   0: 0x8000021e (0x466f1237) lui     tp, 0x466f1
core   0: 3 0x8000021e (0x466f1237) x 4 0x466f1000
core   0: 0x80000222 (0xaf520213) addi    tp, tp, -1291
core   0: 3 0x80000222 (0xaf520213) x 4 0x466f0af5
core   0: 0x80000226 (0x00004801) c.li    a6, 0
core   0: 3 0x80000226 (0x4801) x16 0x00000000
core   0: 0x80000228 (0xdcece4b7) lui     s1, 0xdcece
core   0: 3 0x80000228 (0xdcece4b7) x 9 0xdcece000
core   0: 0x8000022c (0x1c248493) addi    s1, s1, 450
core   0: 3 0x8000022c (0x1c248493) x 9 0xdcece1c2
core   0: 0x80000230 (0x761740b7) lui     ra, 0x76174
core   0: 3 0x80000230 (0x761740b7) x 1 0x76174000
core   0: 0x80000234 (0xcb208093) addi    ra, ra, -846
core   0: 3 0x80000234 (0xcb208093) x 1 0x76173cb2
core   0: 0x80000238 (0x63cecbb7) lui     s7, 0x63cec
core   0: 3 0x80000238 (0x63cecbb7) x23 0x63cec000
core   0: 0x8000023c (0x18db8b93) addi    s7, s7, 397
core   0: 3 0x8000023c (0x18db8b93) x23 0x63cec18d
core   0: 0x80000240 (0x00004b01) c.li    s6, 0
core   0: 3 0x80000240 (0x4b01) x22 0x00000000
core   0: 0x80000242 (0x010780b3) add     ra, a5, a6
core   0: 3 0x80000242 (0x010780b3) x 1 0x80000000
core   0: 0x80000246 (0x02f16133) rem     sp, sp, a5
core   0: 3 0x80000246 (0x02f16133) x 2 0x00000000
core   0: 0x8000024a (0x7b426137) lui     sp, 0x7b426
core   0: 3 0x8000024a (0x7b426137) x 2 0x7b426000
core   0: 0x8000024e (0x036854b3) divu    s1, a6, s6
core   0: 3 0x8000024e (0x036854b3) x 9 0xffffffff
core   0: 0x80000252 (0x00000001) c.nop
core   0: 3 0x80000252 (0x0001)
core   0: 0x80000254 (0x024b2133) mulhsu  sp, s6, tp
core   0: 3 0x80000254 (0x024b2133) x 2 0x00000000
core   0: 0x80000258 (0x022b57b3) divu    a5, s6, sp
core   0: 3 0x80000258 (0x022b57b3) x15 0xffffffff
core   0: 0x8000025c (0x024e4e33) div     t3, t3, tp
core   0: 3 0x8000025c (0x024e4e33) x28 0x00000000
core   0: 0x80000260 (0x02fbfe33) remu    t3, s7, a5
core   0: 3 0x80000260 (0x02fbfe33) x28 0x63cec18d
core   0: 0x80000264 (0x0214a833) mulhsu  a6, s1, ra
core   0: 3 0x80000264 (0x0214a833) x16 0xffffffff
core   0: 0x80000268 (0x0364e133) rem     sp, s1, s6
core   0: 3 0x80000268 (0x0364e133) x 2 0xffffffff
core   0: 0x8000026c (0xfe6e6137) lui     sp, 0xfe6e6
core   0: 3 0x8000026c (0xfe6e6137) x 2 0xfe6e6000
core   0: 0x80000270 (0x0247db33) divu    s6, a5, tp
core   0: 3 0x80000270 (0x0247db33) x22 0x00000003
core   0: 0x80000274 (0x0344d133) divu    sp, s1, s4
core   0: 3 0x80000274 (0x0344d133) x 2 0x00000001
core   0: 0x80000278 (0x03c80233) mul     tp, a6, t3
core   0: 3 0x80000278 (0x03c80233) x 4 0x9c313e73
core   0: 0x8000027c (0x00004181) c.li    gp, 0
core   0: 3 0x8000027c (0x4181) x 3 0x00000000
core   0: 0x8000027e (0x6d8fdbb7) lui     s7, 0x6d8fd
core   0: 3 0x8000027e (0x6d8fdbb7) x23 0x6d8fd000
core   0: 0x80000282 (0x659b8b93) addi    s7, s7, 1625
core   0: 3 0x80000282 (0x659b8b93) x23 0x6d8fd659
core   0: 0x80000286 (0xfff00113) li      sp, -1
core   0: 3 0x80000286 (0xfff00113) x 2 0xffffffff
core   0: 0x8000028a (0x00004d81) c.li    s11, 0
core   0: 3 0x8000028a (0x4d81) x27 0x00000000
core   0: 0x8000028c (0x80000fb7) lui     t6, 0x80000
core   0: 3 0x8000028c (0x80000fb7) x31 0x80000000
core   0: 0x80000290 (0x136006b7) lui     a3, 0x13600
core   0: 3 0x80000290 (0x136006b7) x13 0x13600000
core   0: 0x80000294 (0xbbd68693) addi    a3, a3, -1091
core   0: 3 0x80000294 (0xbbd68693) x13 0x135ffbbd
core   0: 0x80000298 (0x80000f37) lui     t5, 0x80000
core   0: 3 0x80000298 (0x80000f37) x30 0x80000000
core   0: 0x8000029c (0xdecaaeb7) lui     t4, 0xdecaa
core   0: 3 0x8000029c (0xdecaaeb7) x29 0xdecaa000
core   0: 0x800002a0 (0xb05e8e93) addi    t4, t4, -1275
core   0: 3 0x800002a0 (0xb05e8e93) x29 0xdeca9b05
core   0: 0x800002a4 (0xfff00793) li      a5, -1
core   0: 3 0x800002a4 (0xfff00793) x15 0xffffffff
core   0: 0x800002a8 (0x00004a81) c.li    s5, 0
core   0: 3 0x800002a8 (0x4a81) x21 0x00000000
core   0: 0x800002aa (0x03ddfeb3) remu    t4, s11, t4
core   0: 3 0x800002aa (0x03ddfeb3) x29 0x00000000
core   0: 0x800002ae (0xcc3ce137) lui     sp, 0xcc3ce
core   0: 3 0x800002ae (0xcc3ce137) x 2 0xcc3ce000
core   0: 0x800002b2 (0x00000001) c.nop
core   0: 3 0x800002b2 (0x0001)
core   0: 0x800002b4 (0x03ddbf33) mulhu   t5, s11, t4
core   0: 3 0x800002b4 (0x03ddbf33) x30 0x00000000
core   0: 0x800002b8 (0x2aca8a93) addi    s5, s5, 684
core   0: 3 0x800002b8 (0x2aca8a93) x21 0x000002ac
core   0: 0x800002bc (0x01ef8133) add     sp, t6, t5
core   0: 3 0x800002bc (0x01ef8133) x 2 0x80000000
core   0: 0x800002c0 (0x01b10eb3) add     t4, sp, s11
core   0: 3 0x800002c0 (0x01b10eb3) x29 0x80000000
core   0: 0x800002c4 (0x037136b3) mulhu   a3, sp, s7
core   0: 3 0x800002c4 (0x037136b3) x13 0x36c7eb2c
core   0: 0x800002c8 (0x01bd81b3) add     gp, s11, s11
core   0: 3 0x800002c8 (0x01bd81b3) x 3 0x00000000
core   0: 0x800002cc (0x023ba1b3) mulhsu  gp, s7, gp
core   0: 3 0x800002cc (0x023ba1b3) x 3 0x00000000
core   0: 0x800002d0 (0x03eaa7b3) mulhsu  a5, s5, t5
core   0: 3 0x800002d0 (0x03eaa7b3) x15 0x00000000
core   0: 0x800002d4 (0x035f7bb3) remu    s7, t5, s5
core   0: 3 0x800002d4 (0x035f7bb3) x23 0x00000000
core   0: 0x800002d8 (0x023fdf33) divu    t5, t6, gp
core   0: 3 0x800002d8 (0x023fdf33) x30 0xffffffff
core   0: 0x800002dc (0x023a8fb3) mul     t6, s5, gp
core   0: 3 0x800002dc (0x023a8fb3) x31 0x00000000
core   0: 0x800002e0 (0x023147b3) div     a5, sp, gp
core   0: 3 0x800002e0 (0x023147b3) x15 0xffffffff
core   0: 0x800002e4 (0x02dabdb3) mulhu   s11, s5, a3
core   0: 3 0x800002e4 (0x02dabdb3) x27 0x00000092
core   0: 0x800002e8 (0x03eaf133) remu    sp, s5, t5
core   0: 3 0x800002e8 (0x03eaf133) x 2 0x000002ac
core   0: 0x800002ec (0x00f10bb3) add     s7, sp, a5
core   0: 3 0x800002ec (0x00f10bb3) x23 0x000002ab
core   0: 0x800002f0 (0x02f12f33) mulhsu  t5, sp, a5
core   0: 3 0x800002f0 (0x02f12f33) x30 0x000002ab
core   0: 0x800002f4 (0x00de81b3) add     gp, t4, a3
core   0: 3 0x800002f4 (0x00de81b3) x 3 0xb6c7eb2c
core   0: 0x800002f8 (0x023d8133) mul     sp, s11, gp
core   0: 3 0x800002f8 (0x023d8133) x 2 0x3e041f18
core   0: 0x800002fc (0x022f7eb3) remu    t4, t5, sp
core   0: 3 0x800002fc (0x022f7eb3) x29 0x000002ab
core   0: 0x80000300 (0x00000001) c.nop
core   0: 3 0x80000300 (0x0001)
core   0: 0x80000302 (0x03ebcf33) div     t5, s7, t5
core   0: 3 0x80000302 (0x03ebcf33) x30 0x00000001
core   0: 0x80000306 (0x00000001) c.nop
core   0: 3 0x80000306 (0x0001)
core   0: 0x80000308 (0x017d8133) add     sp, s11, s7
core   0: 3 0x80000308 (0x017d8133) x 2 0x0000033d
core   0: 0x8000030c (0x03fbe133) rem     sp, s7, t6
core   0: 3 0x8000030c (0x03fbe133) x 2 0x000002ab
core   0: 0x80000310 (0x035d9db3) mulh    s11, s11, s5
core   0: 3 0x80000310 (0x035d9db3) x27 0x00000000
core   0: 0x80000314 (0xfff00d13) li      s10, -1
core   0: 3 0x80000314 (0xfff00d13) x26 0xffffffff
core   0: 0x80000318 (0xc428aeb7) lui     t4, 0xc428a
core   0: 3 0x80000318 (0xc428aeb7) x29 0xc428a000
core   0: 0x8000031c (0xc03e8e93) addi    t4, t4, -1021
core   0: 3 0x8000031c (0xc03e8e93) x29 0xc4289c03
core   0: 0x80000320 (0x80000e37) lui     t3, 0x80000
core   0: 3 0x80000320 (0x80000e37) x28 0x80000000
core   0: 0x80000324 (0x800004b7) lui     s1, 0x80000
core   0: 3 0x80000324 (0x800004b7) x 9 0x80000000
core   0: 0x80000328 (0xc58f2437) lui     s0, 0xc58f2
core   0: 3 0x80000328 (0xc58f2437) x 8 0xc58f2000
core   0: 0x8000032c (0xdfd40413) addi    s0, s0, -515
core   0: 3 0x8000032c (0xdfd40413) x 8 0xc58f1dfd
core   0: 0x80000330 (0x80000537) lui     a0, 0x80000
core   0: 3 0x80000330 (0x80000537) x10 0x80000000
core   0: 0x80000334 (0xe2d711b7) lui     gp, 0xe2d71
core   0: 3 0x80000334 (0xe2d711b7) x 3 0xe2d71000
core   0: 0x80000338 (0x33618193) addi    gp, gp, 822
core   0: 3 0x80000338 (0x33618193) x 3 0xe2d71336
core   0: 0x8000033c (0x682b58b7) lui     a7, 0x682b5
core   0: 3 0x8000033c (0x682b58b7) x17 0x682b5000
core   0: 0x80000340 (0xe3388893) addi    a7, a7, -461
core   0: 3 0x80000340 (0xe3388893) x17 0x682b4e33
core   0: 0x80000344 (0x800002b7) lui     t0, 0x80000
core   0: 3 0x80000344 (0x800002b7) x 5 0x80000000
core   0: 0x80000348 (0x80000cb7) lui     s9, 0x80000
core   0: 3 0x80000348 (0x80000cb7) x25 0x80000000
core   0: 0x8000034c (0x03a2d433) divu    s0, t0, s10
core   0: 3 0x8000034c (0x03a2d433) x 8 0x00000000
core   0: 0x80000350 (0x03dd32b3) mulhu   t0, s10, t4
core   0: 3 0x80000350 (0x03dd32b3) x 5 0xc4289c02
core   0: 0x80000354 (0x03d181b3) mul     gp, gp, t4
core   0: 3 0x80000354 (0x03d181b3) x 3 0x10aa21a2
core   0: 0x80000358 (0x039e21b3) mulhsu  gp, t3, s9
core   0: 3 0x80000358 (0x039e21b3) x 3 0xc0000000
core   0: 0x8000035c (0x00009466) c.add   s0, s9
core   0: 3 0x8000035c (0x9466) x 8 0x80000000
core   0: 0x8000035e (0x00000001) c.nop
core   0: 3 0x8000035e (0x0001)
core   0: 0x80000360 (0x03a2ae33) mulhsu  t3, t0, s10
core   0: 3 0x80000360 (0x03a2ae33) x28 0xc4289c02
core   0: 0x80000364 (0x02957d33) remu    s10, a0, s1
core   0: 3 0x80000364 (0x02957d33) x26 0x00000000
core   0: 0x80000368 (0x02ad68b3) rem     a7, s10, a0
core   0: 3 0x80000368 (0x02ad68b3) x17 0x00000000
core   0: 0x8000036c (0x02541533) mulh    a0, s0, t0
core   0: 3 0x8000036c (0x02541533) x10 0x1debb1ff
core   0: 0x80000370 (0x907c14b7) lui     s1, 0x907c1
core   0: 3 0x80000370 (0x907c14b7) x 9 0x907c1000
core   0: 0x80000374 (0x403d0eb3) sub     t4, s10, gp
core   0: 3 0x80000374 (0x403d0eb3) x29 0x40000000
core   0: 0x80000378 (0x023e41b3) div     gp, t3, gp
core   0: 3 0x80000378 (0x023e41b3) x 3 0x00000000
core   0: 0x8000037c (0x01c482b3) add     t0, s1, t3
core   0: 3 0x8000037c (0x01c482b3) x 5 0x54a4ac02
core   0: 0x80000380 (0x02a1a533) mulhsu  a0, gp, a0
core   0: 3 0x80000380 (0x02a1a533) x10 0x00000000
core   0: 0x80000384 (0x00000001) c.nop
core   0: 3 0x80000384 (0x0001)
core   0: 0x80000386 (0x38eed1b7) lui     gp, 0x38eed
core   0: 3 0x80000386 (0x38eed1b7) x 3 0x38eed000
core   0: 0x8000038a (0x0288b433) mulhu   s0, a7, s0
core   0: 3 0x8000038a (0x0288b433) x 8 0x00000000
core   0: 0x8000038e (0x02829533) mulh    a0, t0, s0
core   0: 3 0x8000038e (0x02829533) x10 0x00000000
core   0: 0x80000392 (0x02ae3eb3) mulhu   t4, t3, a0
core   0: 3 0x80000392 (0x02ae3eb3) x29 0x00000000
core   0: 0x80000396 (0x03c4ae33) mulhsu  t3, s1, t3
core   0: 3 0x80000396 (0x03c4ae33) x28 0xaa8d4bad
core   0: 0x8000039a (0x039894b3) mulh    s1, a7, s9
core   0: 3 0x8000039a (0x039894b3) x 9 0x00000000
core   0: 0x8000039e (0x40340533) sub     a0, s0, gp
core   0: 3 0x8000039e (0x40340533) x10 0xc7113000
core   0: 0x800003a2 (0x025182b3) mul     t0, gp, t0
core   0: 3 0x800003a2 (0x025182b3) x 5 0x259da000
core   0: 0x800003a6 (0x03ccad33) mulhsu  s10, s9, t3
core   0: 3 0x800003a6 (0x03ccad33) x26 0xaab95a29
core   0: 0x800003aa (0x00004e81) c.li    t4, 0
core   0: 3 0x800003aa (0x4e81) x29 0x00000000
core   0: 0x800003ac (0xbf8928b7) lui     a7, 0xbf892
core   0: 3 0x800003ac (0xbf8928b7) x17 0xbf892000
core   0: 0x800003b0 (0x10188893) addi    a7, a7, 257
core   0: 3 0x800003b0 (0x10188893) x17 0xbf892101
core   0: 0x800003b4 (0x800006b7) lui     a3, 0x80000
core   0: 3 0x800003b4 (0x800006b7) x13 0x80000000
core   0: 0x800003b8 (0x00004901) c.li    s2, 0
core   0: 3 0x800003b8 (0x4901) x18 0x00000000
core   0: 0x800003ba (0x00004b81) c.li    s7, 0
core   0: 3 0x800003ba (0x4b81) x23 0x00000000
core   0: 0x800003bc (0xde120ab7) lui     s5, 0xde120
core   0: 3 0x800003bc (0xde120ab7) x21 0xde120000
core   0: 0x800003c0 (0xfc9a8a93) addi    s5, s5, -55
core   0: 3 0x800003c0 (0xfc9a8a93) x21 0xde11ffc9
core   0: 0x800003c4 (0x80000837) lui     a6, 0x80000
core   0: 3 0x800003c4 (0x80000837) x16 0x80000000
core   0: 0x800003c8 (0x80000f37) lui     t5, 0x80000
core   0: 3 0x800003c8 (0x80000f37) x30 0x80000000
core   0: 0x800003cc (0x00004401) c.li    s0, 0
core   0: 3 0x800003cc (0x4401) x 8 0x00000000
core   0: 0x800003ce (0x00004d81) c.li    s11, 0
core   0: 3 0x800003ce (0x4d81) x27 0x00000000
core   0: 0x800003d0 (0x03583933) mulhu   s2, a6, s5
core   0: 3 0x800003d0 (0x03583933) x18 0x6f08ffe4
core   0: 0x800003d4 (0x03089433) mulh    s0, a7, a6
core   0: 3 0x800003d4 (0x03089433) x 8 0x203b6f7f
core   0: 0x800003d8 (0x03bb86b3) mul     a3, s7, s11
core   0: 3 0x800003d8 (0x03bb86b3) x13 0x00000000
core   0: 0x800003dc (0x0356beb3) mulhu   t4, a3, s5
core   0: 3 0x800003dc (0x0356beb3) x29 0x00000000
core   0: 0x800003e0 (0x0328eab3) rem     s5, a7, s2
core   0: 3 0x800003e0 (0x0328eab3) x21 0xbf892101
core   0: 0x800003e4 (0x00000001) c.nop
core   0: 3 0x800003e4 (0x0001)
core   0: 0x800003e6 (0x03742f33) mulhsu  t5, s0, s7
core   0: 3 0x800003e6 (0x03742f33) x30 0x00000000
core   0: 0x800003ea (0x415d8433) sub     s0, s11, s5
core   0: 3 0x800003ea (0x415d8433) x 8 0x4076deff
core   0: 0x800003ee (0x98f86ab7) lui     s5, 0x98f86
core   0: 3 0x800003ee (0x98f86ab7) x21 0x98f86000
core   0: 0x800003f2 (0x03097db3) remu    s11, s2, a6
core   0: 3 0x800003f2 (0x03097db3) x27 0x6f08ffe4
core   0: 0x800003f6 (0x02df26b3) mulhsu  a3, t5, a3
core   0: 3 0x800003f6 (0x02df26b3) x13 0x00000000
core   0: 0x800003fa (0x031f3933) mulhu   s2, t5, a7
core   0: 3 0x800003fa (0x031f3933) x18 0x00000000
core   0: 0x800003fe (0x03192f33) mulhsu  t5, s2, a7
core   0: 3 0x800003fe (0x03192f33) x30 0x00000000
core   0: 0x80000402 (0x7075cab7) lui     s5, 0x7075c
core   0: 3 0x80000402 (0x7075cab7) x21 0x7075c000
core   0: 0x80000406 (0x028d8933) mul     s2, s11, s0
core   0: 3 0x80000406 (0x028d8933) x18 0x5af69c1c
core   0: 0x8000040a (0x01b90f33) add     t5, s2, s11
core   0: 3 0x8000040a (0x01b90f33) x30 0xc9ff9c00
core   0: 0x8000040e (0x03ef2833) mulhsu  a6, t5, t5
core   0: 3 0x8000040e (0x03ef2833) x16 0xd563c630
core   0: 0x80000412 (0x00000001) c.nop
core   0: 3 0x80000412 (0x0001)
core   0: 0x80000414 (0x43a0d897) auipc   a7, 0x43a0d
core   0: 3 0x80000414 (0x43a0d897) x17 0xc3a0d414
core   0: 0x80000418 (0x02df18b3) mulh    a7, t5, a3
core   0: 3 0x80000418 (0x02df18b3) x17 0x00000000
core   0: 0x8000041c (0x00004801) c.li    a6, 0
core   0: 3 0x8000041c (0x4801) x16 0x00000000
core   0: 0x8000041e (0xfff00693) li      a3, -1
core   0: 3 0x8000041e (0xfff00693) x13 0xffffffff
core   0: 0x80000422 (0xba65cab7) lui     s5, 0xba65c
core   0: 3 0x80000422 (0xba65cab7) x21 0xba65c000
core   0: 0x80000426 (0x556a8a93) addi    s5, s5, 1366
core   0: 3 0x80000426 (0x556a8a93) x21 0xba65c556
core   0: 0x8000042a (0x8f08bcb7) lui     s9, 0x8f08b
core   0: 3 0x8000042a (0x8f08bcb7) x25 0x8f08b000
core   0: 0x8000042e (0x370c8c93) addi    s9, s9, 880
core   0: 3 0x8000042e (0x370c8c93) x25 0x8f08b370
core   0: 0x80000432 (0xfff00a13) li      s4, -1
core   0: 3 0x80000432 (0xfff00a13) x20 0xffffffff
core   0: 0x80000436 (0x99b867b7) lui     a5, 0x99b86
core   0: 3 0x80000436 (0x99b867b7) x15 0x99b86000
core   0: 0x8000043a (0xd5c78793) addi    a5, a5, -676
core   0: 3 0x8000043a (0xd5c78793) x15 0x99b85d5c
core   0: 0x8000043e (0xf50112b7) lui     t0, 0xf5011
core   0: 3 0x8000043e (0xf50112b7) x 5 0xf5011000
core   0: 0x80000442 (0xad128293) addi    t0, t0, -1327
core   0: 3 0x80000442 (0xad128293) x 5 0xf5010ad1
core   0: 0x80000446 (0x471474b7) lui     s1, 0x47147
core   0: 3 0x80000446 (0x471474b7) x 9 0x47147000
core   0: 0x8000044a (0x3fa48493) addi    s1, s1, 1018
core   0: 3 0x8000044a (0x3fa48493) x 9 0x471473fa
core   0: 0x8000044e (0x2947e0b7) lui     ra, 0x2947e
core   0: 3 0x8000044e (0x2947e0b7) x 1 0x2947e000
core   0: 0x80000452 (0xee308093) addi    ra, ra, -285
core   0: 3 0x80000452 (0xee308093) x 1 0x2947dee3
core   0: 0x80000456 (0xb5ed3db7) lui     s11, 0xb5ed3
core   0: 3 0x80000456 (0xb5ed3db7) x27 0xb5ed3000
core   0: 0x8000045a (0x624d8d93) addi    s11, s11, 1572
core   0: 3 0x8000045a (0x624d8d93) x27 0xb5ed3624
core   0: 0x8000045e (0xa0277d97) auipc   s11, 0xa0277
core   0: 3 0x8000045e (0xa0277d97) x27 0x2027745e
core   0: 0x80000462 (0x02dce7b3) rem     a5, s9, a3
core   0: 3 0x80000462 (0x02dce7b3) x15 0x00000000
core   0: 0x80000466 (0x015c80b3) add     ra, s9, s5
core   0: 3 0x80000466 (0x015c80b3) x 1 0x496e78c6
core   0: 0x8000046a (0x00fa80b3) add     ra, s5, a5
core   0: 3 0x8000046a (0x00fa80b3) x 1 0xba65c556
core   0: 0x8000046e (0x415d8ab3) sub     s5, s11, s5
core   0: 3 0x8000046e (0x415d8ab3) x21 0x65c1af08
core   0: 0x80000472 (0x9a2a2a37) lui     s4, 0x9a2a2
core   0: 3 0x80000472 (0x9a2a2a37) x20 0x9a2a2000
core   0: 0x80000476 (0x029cfa33) remu    s4, s9, s1
core   0: 3 0x80000476 (0x029cfa33) x20 0x00dfcb7c
core   0: 0x8000047a (0x90a140b7) lui     ra, 0x90a14
core   0: 3 0x8000047a (0x90a140b7) x 1 0x90a14000
core   0: 0x8000047e (0x488d8493) addi    s1, s11, 1160
core   0: 3 0x8000047e (0x488d8493) x 9 0x202778e6
core   0: 0x80000482 (0x0350a7b3) mulhsu  a5, ra, s5
core   0: 3 0x80000482 (0x0350a7b3) x15 0xd3bb5bab
core   0: 0x80000486 (0x00000001) c.nop
core   0: 3 0x80000486 (0x0001)
core   0: 0x80000488 (0x02da54b3) divu    s1, s4, a3
core   0: 3 0x80000488 (0x02da54b3) x 9 0x00000000
core   0: 0x8000048c (0x40fa02b3) sub     t0, s4, a5
core   0: 3 0x8000048c (0x40fa02b3) x 5 0x2d246fd1
core   0: 0x80000490 (0x00000001) c.nop
core   0: 3 0x80000490 (0x0001)
core   0: 0x80000492 (0x0357e7b3) rem     a5, a5, s5
core   0: 3 0x80000492 (0x0357e7b3) x15 0xd3bb5bab
core   0: 0x80000496 (0x02da67b3) rem     a5, s4, a3
core   0: 3 0x80000496 (0x02da67b3) x15 0x00000000
core   0: 0x8000049a (0x40dd8a33) sub     s4, s11, a3
core   0: 3 0x8000049a (0x40dd8a33) x20 0x2027745f
core   0: 0x8000049e (0x22c5ac97) auipc   s9, 0x22c5a
core   0: 3 0x8000049e (0x22c5ac97) x25 0xa2c5a49e
core   0: 0x800004a2 (0x00009852) c.add   a6, s4
core   0: 3 0x800004a2 (0x9852) x16 0x2027745f
core   0: 0x800004a4 (0x025797b3) mulh    a5, a5, t0
core   0: 3 0x800004a4 (0x025797b3) x15 0x00000000
core   0: 0x800004a8 (0x08004ab7) lui     s5, 0x8004
core   0: 3 0x800004a8 (0x08004ab7) x21 0x08004000
core   0: 0x800004ac (0x019d80b3) add     ra, s11, s9
core   0: 3 0x800004ac (0x019d80b3) x 1 0xc2ed18fc
core   0: 0x800004b0 (0x034dcdb3) div     s11, s11, s4
core   0: 3 0x800004b0 (0x034dcdb3) x27 0x00000000
core   0: 0x800004b4 (0x039addb3) divu    s11, s5, s9
core   0: 3 0x800004b4 (0x039addb3) x27 0x00000000
core   0: 0x800004b8 (0x0214d2b3) divu    t0, s1, ra
core   0: 3 0x800004b8 (0x0214d2b3) x 5 0x00000000
core   0: 0x800004bc (0x0352ca33) div     s4, t0, s5
core   0: 3 0x800004bc (0x0352ca33) x20 0x00000000
core   0: 0x800004c0 (0x00000001) c.nop
core   0: 3 0x800004c0 (0x0001)
core   0: 0x800004c2 (0x03b2c7b3) div     a5, t0, s11
core   0: 3 0x800004c2 (0x03b2c7b3) x15 0xffffffff
core   0: 0x800004c6 (0x80000837) lui     a6, 0x80000
core   0: 3 0x800004c6 (0x80000837) x16 0x80000000
core   0: 0x800004ca (0x800002b7) lui     t0, 0x80000
core   0: 3 0x800004ca (0x800002b7) x 5 0x80000000
core   0: 0x800004ce (0x800006b7) lui     a3, 0x80000
core   0: 3 0x800004ce (0x800006b7) x13 0x80000000
core   0: 0x800004d2 (0xfff00113) li      sp, -1
core   0: 3 0x800004d2 (0xfff00113) x 2 0xffffffff
core   0: 0x800004d6 (0x00004b01) c.li    s6, 0
core   0: 3 0x800004d6 (0x4b01) x22 0x00000000
core   0: 0x800004d8 (0x00004881) c.li    a7, 0
core   0: 3 0x800004d8 (0x4881) x17 0x00000000
core   0: 0x800004da (0x38e9d7b7) lui     a5, 0x38e9d
core   0: 3 0x800004da (0x38e9d7b7) x15 0x38e9d000
core   0: 0x800004de (0x8cb78793) addi    a5, a5, -1845
core   0: 3 0x800004de (0x8cb78793) x15 0x38e9c8cb
core   0: 0x800004e2 (0x80000337) lui     t1, 0x80000
core   0: 3 0x800004e2 (0x80000337) x 6 0x80000000
core   0: 0x800004e6 (0xfff00093) li      ra, -1
core   0: 3 0x800004e6 (0xfff00093) x 1 0xffffffff
core   0: 0x800004ea (0x00004501) c.li    a0, 0
core   0: 3 0x800004ea (0x4501) x10 0x00000000
core   0: 0x800004ec (0x021b3b33) mulhu   s6, s6, ra
core   0: 3 0x800004ec (0x021b3b33) x22 0x00000000
core   0: 0x800004f0 (0x967c7137) lui     sp, 0x967c7
core   0: 3 0x800004f0 (0x967c7137) x 2 0x967c7000
core   0: 0x800004f4 (0x00268833) add     a6, a3, sp
core   0: 3 0x800004f4 (0x00268833) x16 0x167c7000
core   0: 0x800004f8 (0x03054b33) div     s6, a0, a6
core   0: 3 0x800004f8 (0x03054b33) x22 0x00000000
core   0: 0x800004fc (0x941fd117) auipc   sp, 0x941fd
core   0: 3 0x800004fc (0x941fd117) x 2 0x141fd4fc
core   0: 0x80000500 (0x0218b7b3) mulhu   a5, a7, ra
core   0: 3 0x80000500 (0x0218b7b3) x15 0x00000000
core   0: 0x80000504 (0x026b7533) remu    a0, s6, t1
core   0: 3 0x80000504 (0x026b7533) x10 0x00000000
core   0: 0x80000508 (0x021b0b33) mul     s6, s6, ra
core   0: 3 0x80000508 (0x021b0b33) x22 0x00000000
core   0: 0x8000050c (0x00000001) c.nop
core   0: 3 0x8000050c (0x0001)
core   0: 0x8000050e (0x02d83b33) mulhu   s6, a6, a3
core   0: 3 0x8000050e (0x02d83b33) x22 0x0b3e3800
core   0: 0x80000512 (0x836b7837) lui     a6, 0x836b7
core   0: 3 0x80000512 (0x836b7837) x16 0x836b7000
core   0: 0x80000516 (0x025b4833) div     a6, s6, t0
core   0: 3 0x80000516 (0x025b4833) x16 0x00000000
core   0: 0x8000051a (0x02134b33) div     s6, t1, ra
core   0: 3 0x8000051a (0x02134b33) x22 0x80000000
core   0: 0x8000051e (0x00000001) c.nop
core   0: 3 0x8000051e (0x0001)
core   0: 0x80000520 (0x8fb59097) auipc   ra, 0x8fb59
core   0: 3 0x80000520 (0x8fb59097) x 1 0x0fb59520
core   0: 0x80000524 (0x22180b13) addi    s6, a6, 545
core   0: 3 0x80000524 (0x22180b13) x22 0x00000221
core   0: 0x80000528 (0x00000001) c.nop
core   0: 3 0x80000528 (0x0001)
core   0: 0x8000052a (0x031b47b3) div     a5, s6, a7
core   0: 3 0x8000052a (0x031b47b3) x15 0xffffffff
core   0: 0x8000052e (0x0210e2b3) rem     t0, ra, ra
core   0: 3 0x8000052e (0x0210e2b3) x 5 0x00000000
core   0: 0x80000532 (0x40550833) sub     a6, a0, t0
core   0: 3 0x80000532 (0x40550833) x16 0x00000000
core   0: 0x80000536 (0x016887b3) add     a5, a7, s6
core   0: 3 0x80000536 (0x016887b3) x15 0x00000221
core   0: 0x8000053a (0x49e78893) addi    a7, a5, 1182
core   0: 3 0x8000053a (0x49e78893) x17 0x000006bf
core   0: 0x8000053e (0x02fb17b3) mulh    a5, s6, a5
core   0: 3 0x8000053e (0x02fb17b3) x15 0x00000000
core   0: 0x80000542 (0x02f17833) remu    a6, sp, a5
core   0: 3 0x80000542 (0x02f17833) x16 0x141fd4fc
core   0: 0x80000546 (0x6b3cd817) auipc   a6, 0x6b3cd
core   0: 3 0x80000546 (0x6b3cd817) x16 0xeb3cd546
core   0: 0x8000054a (0x53e1e8b7) lui     a7, 0x53e1e
core   0: 3 0x8000054a (0x53e1e8b7) x17 0x53e1e000
core   0: 0x8000054e (0x0366c8b3) div     a7, a3, s6
core   0: 3 0x8000054e (0x0366c8b3) x17 0xffc3e010
core   0: 0x80000552 (0x00d78533) add     a0, a5, a3
core   0: 3 0x80000552 (0x00d78533) x10 0x80000000
core   0: 0x80000556 (0x34650793) addi    a5, a0, 838
core   0: 3 0x80000556 (0x34650793) x15 0x80000346
core   0: 0x8000055a (0x80000fb7) lui     t6, 0x80000
core   0: 3 0x8000055a (0x80000fb7) x31 0x80000000
core   0: 0x8000055e (0x80000db7) lui     s11, 0x80000
core   0: 3 0x8000055e (0x80000db7) x27 0x80000000
core   0: 0x80000562 (0xe5274737) lui     a4, 0xe5274
core   0: 3 0x80000562 (0xe5274737) x14 0xe5274000
core   0: 0x80000566 (0x90770713) addi    a4, a4, -1785
core   0: 3 0x80000566 (0x90770713) x14 0xe5273907
core   0: 0x8000056a (0x1d0cfcb7) lui     s9, 0x1d0cf
core   0: 3 0x8000056a (0x1d0cfcb7) x25 0x1d0cf000
core   0: 0x8000056e (0xf79c8c93) addi    s9, s9, -135
core   0: 3 0x8000056e (0xf79c8c93) x25 0x1d0cef79
core   0: 0x80000572 (0x800006b7) lui     a3, 0x80000
core   0: 3 0x80000572 (0x800006b7) x13 0x80000000
core   0: 0x80000576 (0x00004901) c.li    s2, 0
core   0: 3 0x80000576 (0x4901) x18 0x00000000
core   0: 0x80000578 (0x800005b7) lui     a1, 0x80000
core   0: 3 0x80000578 (0x800005b7) x11 0x80000000
core   0: 0x8000057c (0xfff00193) li      gp, -1
core   0: 3 0x8000057c (0xfff00193) x 3 0xffffffff
core   0: 0x80000580 (0xfff00793) li      a5, -1
core   0: 3 0x80000580 (0xfff00793) x15 0xffffffff
core   0: 0x80000584 (0xfff00093) li      ra, -1
core   0: 3 0x80000584 (0xfff00093) x 1 0xffffffff
core   0: 0x80000588 (0x02377cb3) remu    s9, a4, gp
core   0: 3 0x80000588 (0x02377cb3) x25 0xe5273907
core   0: 0x8000058c (0x03b5bcb3) mulhu   s9, a1, s11
core   0: 3 0x8000058c (0x03b5bcb3) x25 0x40000000
core   0: 0x80000590 (0x0326f933) remu    s2, a3, s2
core   0: 3 0x80000590 (0x0326f933) x18 0x80000000
core   0: 0x80000594 (0x02ec86b3) mul     a3, s9, a4
core   0: 3 0x80000594 (0x02ec86b3) x13 0xc0000000
core   0: 0x80000598 (0x02ece733) rem     a4, s9, a4
core   0: 3 0x80000598 (0x02ece733) x14 0x0a4e720e
core   0: 0x8000059c (0xccf67937) lui     s2, 0xccf67
core   0: 3 0x8000059c (0xccf67937) x18 0xccf67000
core   0: 0x800005a0 (0x03291733) mulh    a4, s2, s2
core   0: 3 0x800005a0 (0x03291733) x14 0x0a2ccfbb
core   0: 0x800005a4 (0x03b0c733) div     a4, ra, s11
core   0: 3 0x800005a4 (0x03b0c733) x14 0x00000000
core   0: 0x800005a8 (0x00000001) c.nop
core   0: 3 0x800005a8 (0x0001)
core   0: 0x800005aa (0x0211c733) div     a4, gp, ra
core   0: 3 0x800005aa (0x0211c733) x14 0x00000001
core   0: 0x800005ae (0x02f7dcb3) divu    s9, a5, a5
core   0: 3 0x800005ae (0x02f7dcb3) x25 0x00000001
core   0: 0x800005b2 (0x41208933) sub     s2, ra, s2
core   0: 3 0x800005b2 (0x41208933) x18 0x33098fff
core   0: 0x800005b6 (0x03969733) mulh    a4, a3, s9
core   0: 3 0x800005b6 (0x03969733) x14 0xffffffff
core   0: 0x800005ba (0x03ffedb3) rem     s11, t6, t6
core   0: 3 0x800005ba (0x03ffedb3) x27 0x00000000
core   0: 0x800005be (0x02edefb3) rem     t6, s11, a4
core   0: 3 0x800005be (0x02edefb3) x31 0x00000000
core   0: 0x800005c2 (0x00004e01) c.li    t3, 0
core   0: 3 0x800005c2 (0x4e01) x28 0x00000000
core   0: 0x800005c4 (0x2a9f9137) lui     sp, 0x2a9f9
core   0: 3 0x800005c4 (0x2a9f9137) x 2 0x2a9f9000
core   0: 0x800005c8 (0x27510113) addi    sp, sp, 629
core   0: 3 0x800005c8 (0x27510113) x 2 0x2a9f9275
core   0: 0x800005cc (0x00004c01) c.li    s8, 0
core   0: 3 0x800005cc (0x4c01) x24 0x00000000
core   0: 0x800005ce (0x8c88d6b7) lui     a3, 0x8c88d
core   0: 3 0x800005ce (0x8c88d6b7) x13 0x8c88d000
core   0: 0x800005d2 (0xec968693) addi    a3, a3, -311
core   0: 3 0x800005d2 (0xec968693) x13 0x8c88cec9
core   0: 0x800005d6 (0x1fcc7db7) lui     s11, 0x1fcc7
core   0: 3 0x800005d6 (0x1fcc7db7) x27 0x1fcc7000
core   0: 0x800005da (0x584d8d93) addi    s11, s11, 1412
core   0: 3 0x800005da (0x584d8d93) x27 0x1fcc7584
core   0: 0x800005de (0x80000ab7) lui     s5, 0x80000
core   0: 3 0x800005de (0x80000ab7) x21 0x80000000
core   0: 0x800005e2 (0xfff00b13) li      s6, -1
core   0: 3 0x800005e2 (0xfff00b13) x22 0xffffffff
core   0: 0x800005e6 (0x00004701) c.li    a4, 0
core   0: 3 0x800005e6 (0x4701) x14 0x00000000
core   0: 0x800005e8 (0x00004781) c.li    a5, 0
core   0: 3 0x800005e8 (0x4781) x15 0x00000000
core   0: 0x800005ea (0x68819eb7) lui     t4, 0x68819
core   0: 3 0x800005ea (0x68819eb7) x29 0x68819000
core   0: 0x800005ee (0x6f7e8e93) addi    t4, t4, 1783
core   0: 3 0x800005ee (0x6f7e8e93) x29 0x688196f7
core   0: 0x800005f2 (0x00d78133) add     sp, a5, a3
core   0: 3 0x800005f2 (0x00d78133) x 2 0x8c88cec9
core   0: 0x800005f6 (0x0356bb33) mulhu   s6, a3, s5
core   0: 3 0x800005f6 (0x0356bb33) x22 0x46446764
core   0: 0x800005fa (0x03c796b3) mulh    a3, a5, t3
core   0: 3 0x800005fa (0x03c796b3) x13 0x00000000
core   0: 0x800005fe (0x1bfc0d93) addi    s11, s8, 447
core   0: 3 0x800005fe (0x1bfc0d93) x27 0x000001bf
core   0: 0x80000602 (0xe01c6117) auipc   sp, 0xe01c6
core   0: 3 0x80000602 (0xe01c6117) x 2 0x601c6602
core   0: 0x80000606 (0x402e0133) sub     sp, t3, sp
core   0: 3 0x80000606 (0x402e0133) x 2 0x9fe399fe
core   0: 0x8000060a (0x035a9ab3) mulh    s5, s5, s5
core   0: 3 0x8000060a (0x035a9ab3) x21 0x40000000
core   0: 0x8000060e (0x03bae7b3) rem     a5, s5, s11
core   0: 3 0x8000060e (0x03bae7b3) x15 0x000001ba
core   0: 0x80000612 (0xc9e58737) lui     a4, 0xc9e58
core   0: 3 0x80000612 (0xc9e58737) x14 0xc9e58000
core   0: 0x80000616 (0x035dcdb3) div     s11, s11, s5
core   0: 3 0x80000616 (0x035dcdb3) x27 0x00000000
core   0: 0x8000061a (0x68eb0d93) addi    s11, s6, 1678
core   0: 3 0x8000061a (0x68eb0d93) x27 0x46446df2
core   0: 0x8000061e (0x02278e33) mul     t3, a5, sp
core   0: 3 0x8000061e (0x02278e33) x28 0x0ef7e08c
core   0: 0x80000622 (0x02f7cb33) div     s6, a5, a5
core   0: 3 0x80000622 (0x02f7cb33) x22 0x00000001
core   0: 0x80000626 (0x03caeb33) rem     s6, s5, t3
core   0: 3 0x80000626 (0x03caeb33) x22 0x04207dd0
core   0: 0x8000062a (0x038e8c33) mul     s8, t4, s8
core   0: 3 0x8000062a (0x038e8c33) x24 0x00000000
core   0: 0x8000062e (0x02d13b33) mulhu   s6, sp, a3
core   0: 3 0x8000062e (0x02d13b33) x22 0x00000000
core   0: 0x80000632 (0x00000001) c.nop
core   0: 3 0x80000632 (0x0001)
core   0: 0x80000634 (0xb62de737) lui     a4, 0xb62de
core   0: 3 0x80000634 (0xb62de737) x14 0xb62de000
core   0: 0x80000638 (0x40fd8db3) sub     s11, s11, a5
core   0: 3 0x80000638 (0x40fd8db3) x27 0x46446c38
core   0: 0x8000063c (0x02ddd7b3) divu    a5, s11, a3
core   0: 3 0x8000063c (0x02ddd7b3) x15 0xffffffff
core   0: 0x80000640 (0x2055d117) auipc   sp, 0x2055d
core   0: 3 0x80000640 (0x2055d117) x 2 0xa055d640
core   0: 0x80000644 (0xc8170c17) auipc   s8, 0xc8170
core   0: 3 0x80000644 (0xc8170c17) x24 0x48170644
core   0: 0x80000648 (0x02fc3133) mulhu   sp, s8, a5
core   0: 3 0x80000648 (0x02fc3133) x 2 0x48170643
core   0: 0x8000064c (0x022dab33) mulhsu  s6, s11, sp
core   0: 3 0x8000064c (0x022dab33) x22 0x13c9904d
core   0: 0x80000650 (0x02e77ab3) remu    s5, a4, a4
core   0: 3 0x80000650 (0x02e77ab3) x21 0x00000000
core   0: 0x80000654 (0x03b13733) mulhu   a4, sp, s11
core   0: 3 0x80000654 (0x03b13733) x14 0x13c9904d
core   0: 0x80000658 (0x036a97b3) mulh    a5, s5, s6
core   0: 3 0x80000658 (0x036a97b3) x15 0x00000000
core   0: 0x8000065c (0x01ca87b3) add     a5, s5, t3
core   0: 3 0x8000065c (0x01ca87b3) x15 0x0ef7e08c
core   0: 0x80000660 (0x00004881) c.li    a7, 0
core   0: 3 0x80000660 (0x4881) x17 0x00000000
core   0: 0x80000662 (0x80000237) lui     tp, 0x80000
core   0: 3 0x80000662 (0x80000237) x 4 0x80000000
core   0: 0x80000666 (0xfff00593) li      a1, -1
core   0: 3 0x80000666 (0xfff00593) x11 0xffffffff
core   0: 0x8000066a (0x800001b7) lui     gp, 0x80000
core   0: 3 0x8000066a (0x800001b7) x 3 0x80000000
core   0: 0x8000066e (0x00004401) c.li    s0, 0
core   0: 3 0x8000066e (0x4401) x 8 0x00000000
core   0: 0x80000670 (0x80000137) lui     sp, 0x80000
core   0: 3 0x80000670 (0x80000137) x 2 0x80000000
core   0: 0x80000674 (0x00004f81) c.li    t6, 0
core   0: 3 0x80000674 (0x4f81) x31 0x00000000
core   0: 0x80000676 (0xfff00a13) li      s4, -1
core   0: 3 0x80000676 (0xfff00a13) x20 0xffffffff
core   0: 0x8000067a (0x80000e37) lui     t3, 0x80000
core   0: 3 0x8000067a (0x80000e37) x28 0x80000000
core   0: 0x8000067e (0x00004901) c.li    s2, 0
core   0: 3 0x8000067e (0x4901) x18 0x00000000
core   0: 0x80000680 (0x0311f133) remu    sp, gp, a7
core   0: 3 0x80000680 (0x0311f133) x 2 0x80000000
core   0: 0x80000684 (0x403f8133) sub     sp, t6, gp
core   0: 3 0x80000684 (0x403f8133) x 2 0x80000000
core   0: 0x80000688 (0x02327433) remu    s0, tp, gp
core   0: 3 0x80000688 (0x02327433) x 8 0x00000000
core   0: 0x8000068c (0x408f85b3) sub     a1, t6, s0
core   0: 3 0x8000068c (0x408f85b3) x11 0x00000000
core   0: 0x80000690 (0x03fe65b3) rem     a1, t3, t6
core   0: 3 0x80000690 (0x03fe65b3) x11 0x80000000
core   0: 0x80000694 (0x022258b3) divu    a7, tp, sp
core   0: 3 0x80000694 (0x022258b3) x17 0x00000001
core   0: 0x80000698 (0x02290133) mul     sp, s2, sp
core   0: 3 0x80000698 (0x02290133) x 2 0x00000000
core   0: 0x8000069c (0x01fa05b3) add     a1, s4, t6
core   0: 3 0x8000069c (0x01fa05b3) x11 0xffffffff
core   0: 0x800006a0 (0x00000001) c.nop
core   0: 3 0x800006a0 (0x0001)
core   0: 0x800006a2 (0x41cf8e33) sub     t3, t6, t3
core   0: 3 0x800006a2 (0x41cf8e33) x28 0x80000000
core   0: 0x800006a6 (0x03c1a5b3) mulhsu  a1, gp, t3
core   0: 3 0x800006a6 (0x03c1a5b3) x11 0xc0000000
core   0: 0x800006aa (0x3b918893) addi    a7, gp, 953
core   0: 3 0x800006aa (0x3b918893) x17 0x800003b9
core   0: 0x800006ae (0x03f16fb3) rem     t6, sp, t6
core   0: 3 0x800006ae (0x03f16fb3) x31 0x00000000
core   0: 0x800006b2 (0x02288233) mul     tp, a7, sp
core   0: 3 0x800006b2 (0x02288233) x 4 0x00000000
core   0: 0x800006b6 (0x161c2137) lui     sp, 0x161c2
core   0: 3 0x800006b6 (0x161c2137) x 2 0x161c2000
core   0: 0x800006ba (0x02843233) mulhu   tp, s0, s0
core   0: 3 0x800006ba (0x02843233) x 4 0x00000000
core   0: 0x800006be (0xc06ff897) auipc   a7, 0xc06ff
core   0: 3 0x800006be (0xc06ff897) x17 0x406ff6be
core   0: 0x800006c2 (0x01e0be37) lui     t3, 0x1e0b
core   0: 3 0x800006c2 (0x01e0be37) x28 0x01e0b000
core   0: 0x800006c6 (0xb661e5b7) lui     a1, 0xb661e
core   0: 3 0x800006c6 (0xb661e5b7) x11 0xb661e000
core   0: 0x800006ca (0x031948b3) div     a7, s2, a7
core   0: 3 0x800006ca (0x031948b3) x17 0x00000000
core   0: 0x800006ce (0x024e7133) remu    sp, t3, tp
core   0: 3 0x800006ce (0x024e7133) x 2 0x01e0b000
core   0: 0x800006d2 (0x40220933) sub     s2, tp, sp
core   0: 3 0x800006d2 (0x40220933) x18 0xfe1f5000
core   0: 0x800006d6 (0xc70b7417) auipc   s0, 0xc70b7
core   0: 3 0x800006d6 (0xc70b7417) x 8 0x470b76d6
core   0: 0x800006da (0x034461b3) rem     gp, s0, s4
core   0: 3 0x800006da (0x034461b3) x 3 0x00000000
core   0: 0x800006de (0x02326233) rem     tp, tp, gp
core   0: 3 0x800006de (0x02326233) x 4 0x00000000
core   0: 0x800006e2 (0x024111b3) mulh    gp, sp, tp
core   0: 3 0x800006e2 (0x024111b3) x 3 0x00000000
core   0: 0x800006e6 (0x02246233) rem     tp, s0, sp
core   0: 3 0x800006e6 (0x02246233) x 4 0x019206d6
core   0: 0x800006ea (0x00009422) c.add   s0, s0
core   0: 3 0x800006ea (0x9422) x 8 0x8e16edac
core   0: 0x800006ec (0x023fb5b3) mulhu   a1, t6, gp
core   0: 3 0x800006ec (0x023fb5b3) x11 0x00000000
core   0: 0x800006f0 (0x80000bb7) lui     s7, 0x80000
core   0: 3 0x800006f0 (0x80000bb7) x23 0x80000000
core   0: 0x800006f4 (0x71737337) lui     t1, 0x71737
core   0: 3 0x800006f4 (0x71737337) x 6 0x71737000
core   0: 0x800006f8 (0x26d30313) addi    t1, t1, 621
core   0: 3 0x800006f8 (0x26d30313) x 6 0x7173726d
core   0: 0x800006fc (0xfff00a93) li      s5, -1
core   0: 3 0x800006fc (0xfff00a93) x21 0xffffffff
core   0: 0x80000700 (0x00004f81) c.li    t6, 0
core   0: 3 0x80000700 (0x4f81) x31 0x00000000
core   0: 0x80000702 (0x00004401) c.li    s0, 0
core   0: 3 0x80000702 (0x4401) x 8 0x00000000
core   0: 0x80000704 (0xfff00713) li      a4, -1
core   0: 3 0x80000704 (0xfff00713) x14 0xffffffff
core   0: 0x80000708 (0x00004d81) c.li    s11, 0
core   0: 3 0x80000708 (0x4d81) x27 0x00000000
core   0: 0x8000070a (0x800004b7) lui     s1, 0x80000
core   0: 3 0x8000070a (0x800004b7) x 9 0x80000000
core   0: 0x8000070e (0x0c3aa7b7) lui     a5, 0xc3aa
core   0: 3 0x8000070e (0x0c3aa7b7) x15 0x0c3aa000
core   0: 0x80000712 (0x0dd78793) addi    a5, a5, 221
core   0: 3 0x80000712 (0x0dd78793) x15 0x0c3aa0dd
core   0: 0x80000716 (0x01d10a37) lui     s4, 0x1d10
core   0: 3 0x80000716 (0x01d10a37) x20 0x01d10000
core   0: 0x8000071a (0x411a0a13) addi    s4, s4, 1041
core   0: 3 0x8000071a (0x411a0a13) x20 0x01d10411
core   0: 0x8000071e (0x22eab717) auipc   a4, 0x22eab
core   0: 3 0x8000071e (0x22eab717) x14 0xa2eab71e
core   0: 0x80000722 (0x026da4b3) mulhsu  s1, s11, t1
core   0: 3 0x80000722 (0x026da4b3) x 9 0x00000000
core   0: 0x80000726 (0x409a8333) sub     t1, s5, s1
core   0: 3 0x80000726 (0x409a8333) x 6 0xffffffff
core   0: 0x8000072a (0x00000001) c.nop
core   0: 3 0x8000072a (0x0001)
core   0: 0x8000072c (0x03fa0433) mul     s0, s4, t6
core   0: 3 0x8000072c (0x03fa0433) x 8 0x00000000
core   0: 0x80000730 (0x02fdda33) divu    s4, s11, a5
core   0: 3 0x80000730 (0x02fdda33) x20 0x00000000
core   0: 0x80000734 (0xbc081497) auipc   s1, 0xbc081
core   0: 3 0x80000734 (0xbc081497) x 9 0x3c081734
core   0: 0x80000738 (0x408d84b3) sub     s1, s11, s0
core   0: 3 0x80000738 (0x408d84b3) x 9 0x00000000
core   0: 0x8000073c (0x02973a33) mulhu   s4, a4, s1
core   0: 3 0x8000073c (0x02973a33) x20 0x00000000
core   0: 0x80000740 (0x00009aba) c.add   s5, a4
core   0: 3 0x80000740 (0x9aba) x21 0xa2eab71d
core   0: 0x80000742 (0x028dc433) div     s0, s11, s0
core   0: 3 0x80000742 (0x028dc433) x 8 0xffffffff
core   0: 0x80000746 (0x03f79bb3) mulh    s7, a5, t6
core   0: 3 0x80000746 (0x03f79bb3) x23 0x00000000
core   0: 0x8000074a (0x03440bb3) mul     s7, s0, s4
core   0: 3 0x8000074a (0x03440bb3) x23 0x00000000
core   0: 0x8000074e (0x0e0c3317) auipc   t1, 0xe0c3
core   0: 3 0x8000074e (0x0e0c3317) x 6 0x8e0c374e
core   0: 0x80000752 (0xd6582437) lui     s0, 0xd6582
core   0: 3 0x80000752 (0xd6582437) x 8 0xd6582000
core   0: 0x80000756 (0x02e40ab3) mul     s5, s0, a4
core   0: 3 0x80000756 (0x02e40ab3) x21 0x5d33c000
core   0: 0x8000075a (0x0377fa33) remu    s4, a5, s7
core   0: 3 0x8000075a (0x0377fa33) x20 0x0c3aa0dd
core   0: 0x8000075e (0x00000001) c.nop
core   0: 3 0x8000075e (0x0001)
core   0: 0x80000760 (0x00000001) c.nop
core   0: 3 0x80000760 (0x0001)
core   0: 0x80000762 (0x03ba4333) div     t1, s4, s11
core   0: 3 0x80000762 (0x03ba4333) x 6 0xffffffff
core   0: 0x80000766 (0x00000001) c.nop
core   0: 3 0x80000766 (0x0001)
core   0: 0x80000768 (0xe39a8413) addi    s0, s5, -455
core   0: 3 0x80000768 (0xe39a8413) x 8 0x5d33be39
core   0: 0x8000076c (0xe5e1cdb7) lui     s11, 0xe5e1c
core   0: 3 0x8000076c (0xe5e1cdb7) x27 0xe5e1c000
core   0: 0x80000770 (0x446f4a17) auipc   s4, 0x446f4
core   0: 3 0x80000770 (0x446f4a17) x20 0xc46f4770
core   0: 0x80000774 (0x02f71db3) mulh    s11, a4, a5
core   0: 3 0x80000774 (0x02f71db3) x27 0xfb8daf45
core   0: 0x80000778 (0x41b30db3) sub     s11, t1, s11
core   0: 3 0x80000778 (0x41b30db3) x27 0x047250ba
core   0: 0x8000077c (0x00009a3e) c.add   s4, a5
core   0: 3 0x8000077c (0x9a3e) x20 0xd0a9e84d
core   0: 0x8000077e (0x00ea84b3) add     s1, s5, a4
core   0: 3 0x8000077e (0x00ea84b3) x 9 0x001e771e
core   0: 0x80000782 (0xb25e1a17) auipc   s4, 0xb25e1
core   0: 3 0x80000782 (0xb25e1a17) x20 0x325e1782
core   0: 0x80000786 (0x037d8ab3) mul     s5, s11, s7
core   0: 3 0x80000786 (0x037d8ab3) x21 0x00000000
core   0: 0x8000078a (0x65516a37) lui     s4, 0x65516
core   0: 3 0x8000078a (0x65516a37) x20 0x65516000
core   0: 0x8000078e (0x529a0a13) addi    s4, s4, 1321
core   0: 3 0x8000078e (0x529a0a13) x20 0x65516529
core   0: 0x80000792 (0x00004781) c.li    a5, 0
core   0: 3 0x80000792 (0x4781) x15 0x00000000
core   0: 0x80000794 (0x78e72537) lui     a0, 0x78e72
core   0: 3 0x80000794 (0x78e72537) x10 0x78e72000
core   0: 0x80000798 (0x14050513) addi    a0, a0, 320
core   0: 3 0x80000798 (0x14050513) x10 0x78e72140
core   0: 0x8000079c (0x00004301) c.li    t1, 0
core   0: 3 0x8000079c (0x4301) x 6 0x00000000
core   0: 0x8000079e (0x80000737) lui     a4, 0x80000
core   0: 3 0x8000079e (0x80000737) x14 0x80000000
core   0: 0x800007a2 (0x00004b01) c.li    s6, 0
core   0: 3 0x800007a2 (0x4b01) x22 0x00000000
core   0: 0x800007a4 (0xfff00c93) li      s9, -1
core   0: 3 0x800007a4 (0xfff00c93) x25 0xffffffff
core   0: 0x800007a8 (0x800000b7) lui     ra, 0x80000
core   0: 3 0x800007a8 (0x800000b7) x 1 0x80000000
core   0: 0x800007ac (0x00004401) c.li    s0, 0
core   0: 3 0x800007ac (0x4401) x 8 0x00000000
core   0: 0x800007ae (0xfff00b93) li      s7, -1
core   0: 3 0x800007ae (0xfff00b93) x23 0xffffffff
core   0: 0x800007b2 (0x6a978b13) addi    s6, a5, 1705
core   0: 3 0x800007b2 (0x6a978b13) x22 0x000006a9
core   0: 0x800007b6 (0x00000001) c.nop
core   0: 3 0x800007b6 (0x0001)
core   0: 0x800007b8 (0x02f57bb3) remu    s7, a0, a5
core   0: 3 0x800007b8 (0x02f57bb3) x23 0x78e72140
core   0: 0x800007bc (0x0267acb3) mulhsu  s9, a5, t1
core   0: 3 0x800007bc (0x0267acb3) x25 0x00000000
core   0: 0x800007c0 (0x753b8b13) addi    s6, s7, 1875
core   0: 3 0x800007c0 (0x753b8b13) x22 0x78e72893
core   0: 0x800007c4 (0x03473433) mulhu   s0, a4, s4
core   0: 3 0x800007c4 (0x03473433) x 8 0x32a8b294
core   0: 0x800007c8 (0x9825acb7) lui     s9, 0x9825a
core   0: 3 0x800007c8 (0x9825acb7) x25 0x9825a000
core   0: 0x800007cc (0x039300b3) mul     ra, t1, s9
core   0: 3 0x800007cc (0x039300b3) x 1 0x00000000
core   0: 0x800007d0 (0x034400b3) mul     ra, s0, s4
core   0: 3 0x800007d0 (0x034400b3) x 1 0x904cfdb4
core   0: 0x800007d4 (0x028327b3) mulhsu  a5, t1, s0
core   0: 3 0x800007d4 (0x028327b3) x15 0x00000000
core   0: 0x800007d8 (0x017a0433) add     s0, s4, s7
core   0: 3 0x800007d8 (0x017a0433) x 8 0xde388669
core   0: 0x800007dc (0xa0ec6b97) auipc   s7, 0xa0ec6
core   0: 3 0x800007dc (0xa0ec6b97) x23 0x20ec67dc
core   0: 0x800007e0 (0x24808c93) addi    s9, ra, 584
core   0: 3 0x800007e0 (0x24808c93) x25 0x904cfffc
core   0: 0x800007e4 (0x039a1533) mulh    a0, s4, s9
core   0: 3 0x800007e4 (0x039a1533) x10 0xd3cadd37
core   0: 0x800007e8 (0x00000001) c.nop
core   0: 3 0x800007e8 (0x0001)
core   0: 0x800007ea (0x4c3880b7) lui     ra, 0x4c388
core   0: 3 0x800007ea (0x4c3880b7) x 1 0x4c388000
core   0: 0x800007ee (0x026c8b33) mul     s6, s9, t1
core   0: 3 0x800007ee (0x026c8b33) x22 0x00000000
core   0: 0x800007f2 (0x03655cb3) divu    s9, a0, s6
core   0: 3 0x800007f2 (0x03655cb3) x25 0xffffffff
core   0: 0x800007f6 (0x021c9733) mulh    a4, s9, ra
core   0: 3 0x800007f6 (0x021c9733) x14 0xffffffff
core   0: 0x800007fa (0x02ea70b3) remu    ra, s4, a4
core   0: 3 0x800007fa (0x02ea70b3) x 1 0x65516529
core   0: 0x800007fe (0x54108413) addi    s0, ra, 1345
core   0: 3 0x800007fe (0x54108413) x 8 0x65516a6a
core   0: 0x80000802 (0xd3d08793) addi    a5, ra, -707
core   0: 3 0x80000802 (0xd3d08793) x15 0x65516266
core   0: 0x80000806 (0x00004a01) c.li    s4, 0
core   0: 3 0x80000806 (0x4a01) x20 0x00000000
core   0: 0x80000808 (0x00004881) c.li    a7, 0
core   0: 3 0x80000808 (0x4881) x17 0x00000000
core   0: 0x8000080a (0xfff00693) li      a3, -1
core   0: 3 0x8000080a (0xfff00693) x13 0xffffffff
core   0: 0x8000080e (0xfff00c93) li      s9, -1
core   0: 3 0x8000080e (0xfff00c93) x25 0xffffffff
core   0: 0x80000812 (0x949edeb7) lui     t4, 0x949ed
core   0: 3 0x80000812 (0x949edeb7) x29 0x949ed000
core   0: 0x80000816 (0x896e8e93) addi    t4, t4, -1898
core   0: 3 0x80000816 (0x896e8e93) x29 0x949ec896
core   0: 0x8000081a (0xd9ae15b7) lui     a1, 0xd9ae1
core   0: 3 0x8000081a (0xd9ae15b7) x11 0xd9ae1000
core   0: 0x8000081e (0xe9f58593) addi    a1, a1, -353
core   0: 3 0x8000081e (0xe9f58593) x11 0xd9ae0e9f
core   0: 0x80000822 (0xfff00b13) li      s6, -1
core   0: 3 0x80000822 (0xfff00b13) x22 0xffffffff
core   0: 0x80000826 (0x2fba6837) lui     a6, 0x2fba6
core   0: 3 0x80000826 (0x2fba6837) x16 0x2fba6000
core   0: 0x8000082a (0x8f680813) addi    a6, a6, -1802
core   0: 3 0x8000082a (0x8f680813) x16 0x2fba58f6
core   0: 0x8000082e (0xfff00713) li      a4, -1
core   0: 3 0x8000082e (0xfff00713) x14 0xffffffff
core   0: 0x80000832 (0xfff00913) li      s2, -1
core   0: 3 0x80000832 (0xfff00913) x18 0xffffffff
core   0: 0x80000836 (0x036a75b3) remu    a1, s4, s6
core   0: 3 0x80000836 (0x036a75b3) x11 0x00000000
core   0: 0x8000083a (0xef6b0e93) addi    t4, s6, -266
core   0: 3 0x8000083a (0xef6b0e93) x29 0xfffffef5
core   0: 0x8000083e (0x036756b3) divu    a3, a4, s6
core   0: 3 0x8000083e (0x036756b3) x13 0x00000001
core   0: 0x80000842 (0x0305ecb3) rem     s9, a1, a6
core   0: 3 0x80000842 (0x0305ecb3) x25 0x00000000
core   0: 0x80000846 (0x02e8e833) rem     a6, a7, a4
core   0: 3 0x80000846 (0x02e8e833) x16 0x00000000
core   0: 0x8000084a (0x000095ae) c.add   a1, a1
core   0: 3 0x8000084a (0x95ae) x11 0x00000000
core   0: 0x8000084c (0x02e5b733) mulhu   a4, a1, a4
core   0: 3 0x8000084c (0x02e5b733) x14 0x00000000
core   0: 0x80000850 (0x0368a8b3) mulhsu  a7, a7, s6
core   0: 3 0x80000850 (0x0368a8b3) x17 0x00000000
core   0: 0x80000854 (0x03295eb3) divu    t4, s2, s2
core   0: 3 0x80000854 (0x03295eb3) x29 0x00000001
core   0: 0x80000858 (0xe0eb0693) addi    a3, s6, -498
core   0: 3 0x80000858 (0xe0eb0693) x13 0xfffffe0d
core   0: 0x8000085c (0x03da2833) mulhsu  a6, s4, t4
core   0: 3 0x8000085c (0x03da2833) x16 0x00000000
core   0: 0x80000860 (0x68da0813) addi    a6, s4, 1677
core   0: 3 0x80000860 (0x68da0813) x16 0x0000068d
core   0: 0x80000864 (0xae568893) addi    a7, a3, -1307
core   0: 3 0x80000864 (0xae568893) x17 0xfffff8f2
core   0: 0x80000868 (0x000095c2) c.add   a1, a6
core   0: 3 0x80000868 (0x95c2) x11 0x0000068d
core   0: 0x8000086a (0x02ea46b3) div     a3, s4, a4
core   0: 3 0x8000086a (0x02ea46b3) x13 0xffffffff
core   0: 0x8000086e (0x0308c6b3) div     a3, a7, a6
core   0: 3 0x8000086e (0x0308c6b3) x13 0xffffffff
core   0: 0x80000872 (0x0e008cb7) lui     s9, 0xe008
core   0: 3 0x80000872 (0x0e008cb7) x25 0x0e008000
core   0: 0x80000876 (0x00000001) c.nop
core   0: 3 0x80000876 (0x0001)
core   0: 0x80000878 (0x032b36b3) mulhu   a3, s6, s2
core   0: 3 0x80000878 (0x032b36b3) x13 0xfffffffe
core   0: 0x8000087c (0x03996eb3) rem     t4, s2, s9
core   0: 3 0x8000087c (0x03996eb3) x29 0xffffffff
core   0: 0x80000880 (0x2310e5b7) lui     a1, 0x2310e
core   0: 3 0x80000880 (0x2310e5b7) x11 0x2310e000
core   0: 0x80000884 (0x036eacb3) mulhsu  s9, t4, s6
core   0: 3 0x80000884 (0x036eacb3) x25 0xffffffff
core   0: 0x80000888 (0xf59bab17) auipc   s6, 0xf59ba
core   0: 3 0x80000888 (0xf59bab17) x22 0x759ba888
core   0: 0x8000088c (0x031ebeb3) mulhu   t4, t4, a7
core   0: 3 0x8000088c (0x031ebeb3) x29 0xfffff8f1
core   0: 0x80000890 (0x02e5f5b3) remu    a1, a1, a4
core   0: 3 0x80000890 (0x02e5f5b3) x11 0x2310e000
core   0: 0x80000894 (0x014705b3) add     a1, a4, s4
core   0: 3 0x80000894 (0x014705b3) x11 0x00000000
core   0: 0x80000898 (0x036a3a33) mulhu   s4, s4, s6
core   0: 3 0x80000898 (0x036a3a33) x20 0x00000000
core   0: 0x8000089c (0x80000237) lui     tp, 0x80000
core   0: 3 0x8000089c (0x80000237) x 4 0x80000000
core   0: 0x800008a0 (0x800002b7) lui     t0, 0x80000
core   0: 3 0x800008a0 (0x800002b7) x 5 0x80000000
core   0: 0x800008a4 (0xec2ec737) lui     a4, 0xec2ec
core   0: 3 0x800008a4 (0xec2ec737) x14 0xec2ec000
core   0: 0x800008a8 (0x14770713) addi    a4, a4, 327
core   0: 3 0x800008a8 (0x14770713) x14 0xec2ec147
core   0: 0x800008ac (0x80000937) lui     s2, 0x80000
core   0: 3 0x800008ac (0x80000937) x18 0x80000000
core   0: 0x800008b0 (0xe85ae1b7) lui     gp, 0xe85ae
core   0: 3 0x800008b0 (0xe85ae1b7) x 3 0xe85ae000
core   0: 0x800008b4 (0xd2d18193) addi    gp, gp, -723
core   0: 3 0x800008b4 (0xd2d18193) x 3 0xe85add2d
core   0: 0x800008b8 (0x60e3ab37) lui     s6, 0x60e3a
core   0: 3 0x800008b8 (0x60e3ab37) x22 0x60e3a000
core   0: 0x800008bc (0x4afb0b13) addi    s6, s6, 1199
core   0: 3 0x800008bc (0x4afb0b13) x22 0x60e3a4af
core   0: 0x800008c0 (0x80000c37) lui     s8, 0x80000
core   0: 3 0x800008c0 (0x80000c37) x24 0x80000000
core   0: 0x800008c4 (0x18bece37) lui     t3, 0x18bec
core   0: 3 0x800008c4 (0x18bece37) x28 0x18bec000
core   0: 0x800008c8 (0x8fce0e13) addi    t3, t3, -1796
core   0: 3 0x800008c8 (0x8fce0e13) x28 0x18beb8fc
core   0: 0x800008cc (0x80000437) lui     s0, 0x80000
core   0: 3 0x800008cc (0x80000437) x 8 0x80000000
core   0: 0x800008d0 (0xfff00d13) li      s10, -1
core   0: 3 0x800008d0 (0xfff00d13) x26 0xffffffff
core   0: 0x800008d4 (0x0232b233) mulhu   tp, t0, gp
core   0: 3 0x800008d4 (0x0232b233) x 4 0x742d6e96
core   0: 0x800008d8 (0xb74dde37) lui     t3, 0xb74dd
core   0: 3 0x800008d8 (0xb74dde37) x28 0xb74dd000
core   0: 0x800008dc (0x397c0413) addi    s0, s8, 919
core   0: 3 0x800008dc (0x397c0413) x 8 0x80000397
core   0: 0x800008e0 (0x03691433) mulh    s0, s2, s6
core   0: 3 0x800008e0 (0x03691433) x 8 0xcf8e2da8
core   0: 0x800008e4 (0x00000001) c.nop
core   0: 3 0x800008e4 (0x0001)
core   0: 0x800008e6 (0x036e5e33) divu    t3, t3, s6
core   0: 3 0x800008e6 (0x036e5e33) x28 0x00000001
core   0: 0x800008ea (0x66202e37) lui     t3, 0x66202
core   0: 3 0x800008ea (0x66202e37) x28 0x66202000
core   0: 0x800008ee (0x012701b3) add     gp, a4, s2
core   0: 3 0x800008ee (0x012701b3) x 3 0x6c2ec147
core   0: 0x800008f2 (0x40320433) sub     s0, tp, gp
core   0: 3 0x800008f2 (0x40320433) x 8 0x07fead4f
core   0: 0x800008f6 (0x03823733) mulhu   a4, tp, s8
core   0: 3 0x800008f6 (0x03823733) x14 0x3a16b74b
core   0: 0x800008fa (0x3c340e13) addi    t3, s0, 963
core   0: 3 0x800008fa (0x3c340e13) x28 0x07feb112
core   0: 0x800008fe (0x0242b1b3) mulhu   gp, t0, tp
core   0: 3 0x800008fe (0x0242b1b3) x 3 0x3a16b74b
core   0: 0x80000902 (0x038e72b3) remu    t0, t3, s8
core   0: 3 0x80000902 (0x038e72b3) x 5 0x07feb112
core   0: 0x80000906 (0x03ab4e33) div     t3, s6, s10
core   0: 3 0x80000906 (0x03ab4e33) x28 0x9f1c5b51
core   0: 0x8000090a (0x025e32b3) mulhu   t0, t3, t0
core   0: 3 0x8000090a (0x025e32b3) x 5 0x04f812af
core   0: 0x8000090e (0x023c6e33) rem     t3, s8, gp
core   0: 3 0x8000090e (0x023c6e33) x28 0xf42d6e96
core   0: 0x80000912 (0x02570d33) mul     s10, a4, t0
core   0: 3 0x80000912 (0x02570d33) x26 0x0b129245
core   0: 0x80000916 (0x01220e33) add     t3, tp, s2
core   0: 3 0x80000916 (0x01220e33) x28 0xf42d6e96
core   0: 0x8000091a (0x0382ec33) rem     s8, t0, s8
core   0: 3 0x8000091a (0x0382ec33) x24 0x04f812af
core   0: 0x8000091e (0x408c02b3) sub     t0, s8, s0
core   0: 3 0x8000091e (0x408c02b3) x 5 0xfcf96560
core   0: 0x80000922 (0x025e5e33) divu    t3, t3, t0
core   0: 3 0x80000922 (0x025e5e33) x28 0x00000000
core   0: 0x80000926 (0xa3770213) addi    tp, a4, -1481
core   0: 3 0x80000926 (0xa3770213) x 4 0x3a16b182
core   0: 0x8000092a (0x800008b7) lui     a7, 0x80000
core   0: 3 0x8000092a (0x800008b7) x17 0x80000000
core   0: 0x8000092e (0xfff00313) li      t1, -1
core   0: 3 0x8000092e (0xfff00313) x 6 0xffffffff
core   0: 0x80000932 (0x800005b7) lui     a1, 0x80000
core   0: 3 0x80000932 (0x800005b7) x11 0x80000000
core   0: 0x80000936 (0x00004901) c.li    s2, 0
core   0: 3 0x80000936 (0x4901) x18 0x00000000
core   0: 0x80000938 (0x80000a37) lui     s4, 0x80000
core   0: 3 0x80000938 (0x80000a37) x20 0x80000000
core   0: 0x8000093c (0x00004b81) c.li    s7, 0
core   0: 3 0x8000093c (0x4b81) x23 0x00000000
core   0: 0x8000093e (0x32ea9737) lui     a4, 0x32ea9
core   0: 3 0x8000093e (0x32ea9737) x14 0x32ea9000
core   0: 0x80000942 (0xe8270713) addi    a4, a4, -382
core   0: 3 0x80000942 (0xe8270713) x14 0x32ea8e82
core   0: 0x80000946 (0xfff00413) li      s0, -1
core   0: 3 0x80000946 (0xfff00413) x 8 0xffffffff
core   0: 0x8000094a (0x2eadc6b7) lui     a3, 0x2eadc
core   0: 3 0x8000094a (0x2eadc6b7) x13 0x2eadc000
core   0: 0x8000094e (0x13f68693) addi    a3, a3, 319
core   0: 3 0x8000094e (0x13f68693) x13 0x2eadc13f
core   0: 0x80000952 (0x00004f01) c.li    t5, 0
core   0: 3 0x80000952 (0x4f01) x30 0x00000000
core   0: 0x80000954 (0xf6831937) lui     s2, 0xf6831
core   0: 3 0x80000954 (0xf6831937) x18 0xf6831000
core   0: 0x80000958 (0x7bb90413) addi    s0, s2, 1979
core   0: 3 0x80000958 (0x7bb90413) x 8 0xf68317bb
core   0: 0x8000095c (0x02b44a33) div     s4, s0, a1
core   0: 3 0x8000095c (0x02b44a33) x20 0x00000000
core   0: 0x80000960 (0x02892f33) mulhsu  t5, s2, s0
core   0: 3 0x80000960 (0x02892f33) x30 0xf6dd1590
core   0: 0x80000964 (0x03442a33) mulhsu  s4, s0, s4
core   0: 3 0x80000964 (0x03442a33) x20 0x00000000
core   0: 0x80000968 (0x034418b3) mulh    a7, s0, s4
core   0: 3 0x80000968 (0x034418b3) x17 0x00000000
core   0: 0x8000096c (0x0346c433) div     s0, a3, s4
core   0: 3 0x8000096c (0x0346c433) x 8 0xffffffff
core   0: 0x80000970 (0x86e90913) addi    s2, s2, -1938
core   0: 3 0x80000970 (0x86e90913) x18 0xf683086e
core   0: 0x80000974 (0x02b5c8b3) div     a7, a1, a1
core   0: 3 0x80000974 (0x02b5c8b3) x17 0x00000001
core   0: 0x80000978 (0x028f3bb3) mulhu   s7, t5, s0
core   0: 3 0x80000978 (0x028f3bb3) x23 0xf6dd158f
core   0: 0x8000097c (0x034f4a33) div     s4, t5, s4
core   0: 3 0x8000097c (0x034f4a33) x20 0xffffffff
core   0: 0x80000980 (0x40ba05b3) sub     a1, s4, a1
core   0: 3 0x80000980 (0x40ba05b3) x11 0x7fffffff
core   0: 0x80000984 (0x03e5a5b3) mulhsu  a1, a1, t5
core   0: 3 0x80000984 (0x03e5a5b3) x11 0x7b6e8ac7
core   0: 0x80000988 (0x00000001) c.nop
core   0: 3 0x80000988 (0x0001)
core   0: 0x8000098a (0x011586b3) add     a3, a1, a7
core   0: 3 0x8000098a (0x011586b3) x13 0x7b6e8ac8
core   0: 0x8000098e (0x028886b3) mul     a3, a7, s0
core   0: 3 0x8000098e (0x028886b3) x13 0xffffffff
core   0: 0x80000992 (0x037be5b3) rem     a1, s7, s7
core   0: 3 0x80000992 (0x037be5b3) x11 0x00000000
core   0: 0x80000996 (0xe5b58893) addi    a7, a1, -421
core   0: 3 0x80000996 (0xe5b58893) x17 0xfffffe5b
core   0: 0x8000099a (0x02e6bbb3) mulhu   s7, a3, a4
core   0: 3 0x8000099a (0x02e6bbb3) x23 0x32ea8e81
core   0: 0x8000099e (0x00000001) c.nop
core   0: 3 0x8000099e (0x0001)
core   0: 0x800009a0 (0x02b59333) mulh    t1, a1, a1
core   0: 3 0x800009a0 (0x02b59333) x 6 0x00000000
core   0: 0x800009a4 (0x02b90f33) mul     t5, s2, a1
core   0: 3 0x800009a4 (0x02b90f33) x30 0x00000000
core   0: 0x800009a8 (0x00000001) c.nop
core   0: 3 0x800009a8 (0x0001)
core   0: 0x800009aa (0x28b68b93) addi    s7, a3, 651
core   0: 3 0x800009aa (0x28b68b93) x23 0x0000028a
core   0: 0x800009ae (0x00000001) c.nop
core   0: 3 0x800009ae (0x0001)
core   0: 0x800009b0 (0xf9a656b7) lui     a3, 0xf9a65
core   0: 3 0x800009b0 (0xf9a656b7) x13 0xf9a65000
core   0: 0x800009b4 (0x00000001) c.nop
core   0: 3 0x800009b4 (0x0001)
core   0: 0x800009b6 (0x6fda2a37) lui     s4, 0x6fda2
core   0: 3 0x800009b6 (0x6fda2a37) x20 0x6fda2000
core   0: 0x800009ba (0xad4af337) lui     t1, 0xad4af
core   0: 3 0x800009ba (0xad4af337) x 6 0xad4af000
core   0: 0x800009be (0xfff00e13) li      t3, -1
core   0: 3 0x800009be (0xfff00e13) x28 0xffffffff
core   0: 0x800009c2 (0xfff00e93) li      t4, -1
core   0: 3 0x800009c2 (0xfff00e93) x29 0xffffffff
core   0: 0x800009c6 (0xfff00f93) li      t6, -1
core   0: 3 0x800009c6 (0xfff00f93) x31 0xffffffff
core   0: 0x800009ca (0x49a36737) lui     a4, 0x49a36
core   0: 3 0x800009ca (0x49a36737) x14 0x49a36000
core   0: 0x800009ce (0x6d770713) addi    a4, a4, 1751
core   0: 3 0x800009ce (0x6d770713) x14 0x49a366d7
core   0: 0x800009d2 (0xfff00513) li      a0, -1
core   0: 3 0x800009d2 (0xfff00513) x10 0xffffffff
core   0: 0x800009d6 (0x80000cb7) lui     s9, 0x80000
core   0: 3 0x800009d6 (0x80000cb7) x25 0x80000000
core   0: 0x800009da (0x00004801) c.li    a6, 0
core   0: 3 0x800009da (0x4801) x16 0x00000000
core   0: 0x800009dc (0x00004d01) c.li    s10, 0
core   0: 3 0x800009dc (0x4d01) x26 0x00000000
core   0: 0x800009de (0x00004581) c.li    a1, 0
core   0: 3 0x800009de (0x4581) x11 0x00000000
core   0: 0x800009e0 (0xe1f46937) lui     s2, 0xe1f46
core   0: 3 0x800009e0 (0xe1f46937) x18 0xe1f46000
core   0: 0x800009e4 (0xe5490913) addi    s2, s2, -428
core   0: 3 0x800009e4 (0xe5490913) x18 0xe1f45e54
core   0: 0x800009e8 (0x03254733) div     a4, a0, s2
core   0: 3 0x800009e8 (0x03254733) x14 0x00000000
core   0: 0x800009ec (0x00000001) c.nop
core   0: 3 0x800009ec (0x0001)
core   0: 0x800009ee (0x1ccad917) auipc   s2, 0x1ccad
core   0: 3 0x800009ee (0x1ccad917) x18 0x9ccad9ee
core   0: 0x800009f2 (0x02b76733) rem     a4, a4, a1
core   0: 3 0x800009f2 (0x02b76733) x14 0x00000000
core   0: 0x800009f6 (0xb5a27917) auipc   s2, 0xb5a27
core   0: 3 0x800009f6 (0xb5a27917) x18 0x35a279f6
core   0: 0x800009fa (0x03d83833) mulhu   a6, a6, t4
core   0: 3 0x800009fa (0x03d83833) x16 0x00000000
core   0: 0x800009fe (0x02b92933) mulhsu  s2, s2, a1
core   0: 3 0x800009fe (0x02b92933) x18 0x00000000
core   0: 0x80000a02 (0x03ace733) rem     a4, s9, s10
core   0: 3 0x80000a02 (0x03ace733) x14 0x80000000
core   0: 0x80000a06 (0x02b5acb3) mulhsu  s9, a1, a1
core   0: 3 0x80000a06 (0x02b5acb3) x25 0x00000000
core   0: 0x80000a0a (0x02a765b3) rem     a1, a4, a0
core   0: 3 0x80000a0a (0x02a765b3) x11 0x00000000
core   0: 0x80000a0e (0x02af9d33) mulh    s10, t6, a0
core   0: 3 0x80000a0e (0x02af9d33) x26 0x00000000
core   0: 0x80000a12 (0x6379e717) auipc   a4, 0x6379e
core   0: 3 0x80000a12 (0x6379e717) x14 0xe379ea12
core   0: 0x80000a16 (0x12b90f93) addi    t6, s2, 299
core   0: 3 0x80000a16 (0x12b90f93) x31 0x0000012b
core   0: 0x80000a1a (0x02afd5b3) divu    a1, t6, a0
core   0: 3 0x80000a1a (0x02afd5b3) x11 0x00000000
core   0: 0x80000a1e (0x03d58933) mul     s2, a1, t4
core   0: 3 0x80000a1e (0x03d58933) x18 0x00000000
core   0: 0x80000a22 (0x030fe833) rem     a6, t6, a6
core   0: 3 0x80000a22 (0x030fe833) x16 0x0000012b
core   0: 0x80000a26 (0xb03b91b7) lui     gp, 0xb03b9
core   0: 3 0x80000a26 (0xb03b91b7) x 3 0xb03b9000
core   0: 0x80000a2a (0x04818193) addi    gp, gp, 72
core   0: 3 0x80000a2a (0x04818193) x 3 0xb03b9048
core   0: 0x80000a2e (0x80000837) lui     a6, 0x80000
core   0: 3 0x80000a2e (0x80000837) x16 0x80000000
core   0: 0x80000a32 (0xfff00093) li      ra, -1
core   0: 3 0x80000a32 (0xfff00093) x 1 0xffffffff
core   0: 0x80000a36 (0x00004f81) c.li    t6, 0
core   0: 3 0x80000a36 (0x4f81) x31 0x00000000
core   0: 0x80000a38 (0x800002b7) lui     t0, 0x80000
core   0: 3 0x80000a38 (0x800002b7) x 5 0x80000000
core   0: 0x80000a3c (0x80000d37) lui     s10, 0x80000
core   0: 3 0x80000a3c (0x80000d37) x26 0x80000000
core   0: 0x80000a40 (0x80000cb7) lui     s9, 0x80000
core   0: 3 0x80000a40 (0x80000cb7) x25 0x80000000
core   0: 0x80000a44 (0x80000237) lui     tp, 0x80000
core   0: 3 0x80000a44 (0x80000237) x 4 0x80000000
core   0: 0x80000a48 (0x80000137) lui     sp, 0x80000
core   0: 3 0x80000a48 (0x80000137) x 2 0x80000000
core   0: 0x80000a4c (0x00004301) c.li    t1, 0
core   0: 3 0x80000a4c (0x4301) x 6 0x00000000
core   0: 0x80000a4e (0x00000001) c.nop
core   0: 3 0x80000a4e (0x0001)
core   0: 0x80000a50 (0x46ec8d13) addi    s10, s9, 1134
core   0: 3 0x80000a50 (0x46ec8d13) x26 0x8000046e
core   0: 0x80000a54 (0x022c9333) mulh    t1, s9, sp
core   0: 3 0x80000a54 (0x022c9333) x 6 0x40000000
core   0: 0x80000a58 (0x401d00b3) sub     ra, s10, ra
core   0: 3 0x80000a58 (0x401d00b3) x 1 0x8000046f
core   0: 0x80000a5c (0x16e80c93) addi    s9, a6, 366
core   0: 3 0x80000a5c (0x16e80c93) x25 0x8000016e
core   0: 0x80000a60 (0x00000001) c.nop
core   0: 3 0x80000a60 (0x0001)
core   0: 0x80000a62 (0x41910d33) sub     s10, sp, s9
core   0: 3 0x80000a62 (0x41910d33) x26 0xfffffe92
core   0: 0x80000a66 (0x02521d33) mulh    s10, tp, t0
core   0: 3 0x80000a66 (0x02521d33) x26 0x40000000
core   0: 0x80000a6a (0x023850b3) divu    ra, a6, gp
core   0: 3 0x80000a6a (0x023850b3) x 1 0x00000000
core   0: 0x80000a6e (0x023d2833) mulhsu  a6, s10, gp
core   0: 3 0x80000a6e (0x023d2833) x16 0x2c0ee412
core   0: 0x80000a72 (0x023fa1b3) mulhsu  gp, t6, gp
core   0: 3 0x80000a72 (0x023fa1b3) x 3 0x00000000
core   0: 0x80000a76 (0x7cdc8313) addi    t1, s9, 1997
core   0: 3 0x80000a76 (0x7cdc8313) x 6 0x8000093b
core   0: 0x80000a7a (0xcfdd1d37) lui     s10, 0xcfdd1
core   0: 3 0x80000a7a (0xcfdd1d37) x26 0xcfdd1000
core   0: 0x80000a7e (0x4f7d0313) addi    t1, s10, 1271
core   0: 3 0x80000a7e (0x4f7d0313) x 6 0xcfdd14f7
core   0: 0x80000a82 (0x021fa133) mulhsu  sp, t6, ra
core   0: 3 0x80000a82 (0x021fa133) x 2 0x00000000
core   0: 0x80000a86 (0x005801b3) add     gp, a6, t0
core   0: 3 0x80000a86 (0x005801b3) x 3 0xac0ee412
core   0: 0x80000a8a (0x02616fb3) rem     t6, sp, t1
core   0: 3 0x80000a8a (0x02616fb3) x31 0x00000000
core   0: 0x80000a8e (0x022ff333) remu    t1, t6, sp
core   0: 3 0x80000a8e (0x022ff333) x 6 0x00000000
core   0: 0x80000a92 (0x7e380f93) addi    t6, a6, 2019
core   0: 3 0x80000a92 (0x7e380f93) x31 0x2c0eebf5
core   0: 0x80000a96 (0x401f8233) sub     tp, t6, ra
core   0: 3 0x80000a96 (0x401f8233) x 4 0x2c0eebf5
core   0: 0x80000a9a (0x10d2b097) auipc   ra, 0x10d2b
core   0: 3 0x80000a9a (0x10d2b097) x 1 0x90d2ba9a
core   0: 0x80000a9e (0x03a100b3) mul     ra, sp, s10
core   0: 3 0x80000a9e (0x03a100b3) x 1 0x00000000
core   0: 0x80000aa2 (0x023c92b3) mulh    t0, s9, gp
core   0: 3 0x80000aa2 (0x023c92b3) x 5 0x29f88d7e
core   0: 0x80000aa6 (0x0222ecb3) rem     s9, t0, sp
core   0: 3 0x80000aa6 (0x0222ecb3) x25 0x29f88d7e
core   0: 0x80000aaa (0x02527cb3) remu    s9, tp, t0
core   0: 3 0x80000aaa (0x02527cb3) x25 0x02165e77
core   0: 0x80000aae (0x03a0e1b3) rem     gp, ra, s10
core   0: 3 0x80000aae (0x03a0e1b3) x 3 0x00000000
core   0: 0x80000ab2 (0x00580cb3) add     s9, a6, t0
core   0: 3 0x80000ab2 (0x00580cb3) x25 0x56077190
core   0: 0x80000ab6 (0x401c81b3) sub     gp, s9, ra
core   0: 3 0x80000ab6 (0x401c81b3) x 3 0x56077190
core   0: 0x80000aba (0xfff00f13) li      t5, -1
core   0: 3 0x80000aba (0xfff00f13) x30 0xffffffff
core   0: 0x80000abe (0xa06f6237) lui     tp, 0xa06f6
core   0: 3 0x80000abe (0xa06f6237) x 4 0xa06f6000
core   0: 0x80000ac2 (0xc1520213) addi    tp, tp, -1003
core   0: 3 0x80000ac2 (0xc1520213) x 4 0xa06f5c15
core   0: 0x80000ac6 (0xfff00c13) li      s8, -1
core   0: 3 0x80000ac6 (0xfff00c13) x24 0xffffffff
core   0: 0x80000aca (0x80000fb7) lui     t6, 0x80000
core   0: 3 0x80000aca (0x80000fb7) x31 0x80000000
core   0: 0x80000ace (0xcc103137) lui     sp, 0xcc103
core   0: 3 0x80000ace (0xcc103137) x 2 0xcc103000
core   0: 0x80000ad2 (0x17910113) addi    sp, sp, 377
core   0: 3 0x80000ad2 (0x17910113) x 2 0xcc103179
core   0: 0x80000ad6 (0x1291b537) lui     a0, 0x1291b
core   0: 3 0x80000ad6 (0x1291b537) x10 0x1291b000
core   0: 0x80000ada (0x18b50513) addi    a0, a0, 395
core   0: 3 0x80000ada (0x18b50513) x10 0x1291b18b
core   0: 0x80000ade (0x80000337) lui     t1, 0x80000
core   0: 3 0x80000ade (0x80000337) x 6 0x80000000
core   0: 0x80000ae2 (0x27f30db7) lui     s11, 0x27f30
core   0: 3 0x80000ae2 (0x27f30db7) x27 0x27f30000
core   0: 0x80000ae6 (0xf9ad8d93) addi    s11, s11, -102
core   0: 3 0x80000ae6 (0xf9ad8d93) x27 0x27f2ff9a
core   0: 0x80000aea (0xfff00293) li      t0, -1
core   0: 3 0x80000aea (0xfff00293) x 5 0xffffffff
core   0: 0x80000aee (0xe9fd9bb7) lui     s7, 0xe9fd9
core   0: 3 0x80000aee (0xe9fd9bb7) x23 0xe9fd9000
core   0: 0x80000af2 (0x53bb8b93) addi    s7, s7, 1339
core   0: 3 0x80000af2 (0x53bb8b93) x23 0xe9fd953b
core   0: 0x80000af6 (0x026f7db3) remu    s11, t5, t1
core   0: 3 0x80000af6 (0x026f7db3) x27 0x7fffffff
core   0: 0x80000afa (0x0372e533) rem     a0, t0, s7
core   0: 3 0x80000afa (0x0372e533) x10 0xffffffff
core   0: 0x80000afe (0x0000922a) c.add   tp, a0
core   0: 3 0x80000afe (0x922a) x 4 0xa06f5c14
core   0: 0x80000b00 (0x02222533) mulhsu  a0, tp, sp
core   0: 3 0x80000b00 (0x02222533) x10 0xb3d2b1dd
core   0: 0x80000b04 (0x022f8db3) mul     s11, t6, sp
core   0: 3 0x80000b04 (0x022f8db3) x27 0x80000000
core   0: 0x80000b08 (0x1d3f8b93) addi    s7, t6, 467
core   0: 3 0x80000b08 (0x1d3f8b93) x23 0x800001d3
core   0: 0x80000b0c (0x802cd2b7) lui     t0, 0x802cd
core   0: 3 0x80000b0c (0x802cd2b7) x 5 0x802cd000
core   0: 0x80000b10 (0x026bf233) remu    tp, s7, t1
core   0: 3 0x80000b10 (0x026bf233) x 4 0x000001d3
core   0: 0x80000b14 (0x44e04fb7) lui     t6, 0x44e04
core   0: 3 0x80000b14 (0x44e04fb7) x31 0x44e04000
core   0: 0x80000b18 (0x03e2ff33) remu    t5, t0, t5
core   0: 3 0x80000b18 (0x03e2ff33) x30 0x802cd000
core   0: 0x80000b1c (0x02222533) mulhsu  a0, tp, sp
core   0: 3 0x80000b1c (0x02222533) x10 0x00000174
core   0: 0x80000b20 (0xb11b8313) addi    t1, s7, -1263
core   0: 3 0x80000b20 (0xb11b8313) x 6 0x7ffffce4
core   0: 0x80000b24 (0x026f9133) mulh    sp, t6, t1
core   0: 3 0x80000b24 (0x026f9133) x 2 0x22701f29
core   0: 0x80000b28 (0x03721bb3) mulh    s7, tp, s7
core   0: 3 0x80000b28 (0x03721bb3) x23 0xffffff16
core   0: 0x80000b2c (0x026dabb3) mulhsu  s7, s11, t1
core   0: 3 0x80000b2c (0x026dabb3) x23 0xc000018e
core   0: 0x80000b30 (0x037db233) mulhu   tp, s11, s7
core   0: 3 0x80000b30 (0x037db233) x 4 0x600000c7
core   0: 0x80000b34 (0x02257333) remu    t1, a0, sp
core   0: 3 0x80000b34 (0x02257333) x 6 0x00000174
core   0: 0x80000b38 (0xc14d8b93) addi    s7, s11, -1004
core   0: 3 0x80000b38 (0xc14d8b93) x23 0x7ffffc14
core   0: 0x80000b3c (0x00000001) c.nop
core   0: 3 0x80000b3c (0x0001)
core   0: 0x80000b3e (0x03eff133) remu    sp, t6, t5
core   0: 3 0x80000b3e (0x03eff133) x 2 0x44e04000
core   0: 0x80000b42 (0x002f8533) add     a0, t6, sp
core   0: 3 0x80000b42 (0x002f8533) x10 0x89c08000
core   0: 0x80000b46 (0x038bbfb3) mulhu   t6, s7, s8
core   0: 3 0x80000b46 (0x038bbfb3) x31 0x7ffffc13
core   0: 0x80000b4a (0x037c6f33) rem     t5, s8, s7
core   0: 3 0x80000b4a (0x037c6f33) x30 0xffffffff
core   0: 0x80000b4e (0x00620bb3) add     s7, tp, t1
core   0: 3 0x80000b4e (0x00620bb3) x23 0x6000023b
core   0: 0x80000b52 (0x005f0233) add     tp, t5, t0
core   0: 3 0x80000b52 (0x005f0233) x 4 0x802ccfff
core   0: 0x80000b56 (0x02a2dbb3) divu    s7, t0, a0
core   0: 3 0x80000b56 (0x02a2dbb3) x23 0x00000000
core   0: 0x80000b5a (0xc7e20d93) addi    s11, tp, -898
core   0: 3 0x80000b5a (0xc7e20d93) x27 0x802ccc7d
core   0: 0x80000b5e (0x037c5233) divu    tp, s8, s7
core   0: 3 0x80000b5e (0x037c5233) x 4 0xffffffff
core   0: 0x80000b62 (0x025f8fb3) mul     t6, t6, t0
core   0: 3 0x80000b62 (0x025f8fb3) x31 0xd0137000
core   0: 0x80000b66 (0x035915b3) mulh    a1, s2, s5
core   0: 3 0x80000b66 (0x035915b3) x11 0x00000000
core   0: 0x80000b6a (0x95730093) addi    ra, t1, -1705
core   0: 3 0x80000b6a (0x95730093) x 1 0xfffffacb
core   0: 0x80000b6e (0x036b55b3) divu    a1, s6, s6
core   0: 3 0x80000b6e (0x036b55b3) x11 0x00000001
core   0: 0x80000b72 (0x00008e86) c.mv    t4, ra
core   0: 3 0x80000b72 (0x8e86) x29 0xfffffacb
core   0: 0x80000b74 (0xbb436713) ori     a4, t1, -1100
core   0: 3 0x80000b74 (0xbb436713) x14 0xfffffbf4
core   0: 0x80000b78 (0x017b71b3) and     gp, s6, s7
core   0: 3 0x80000b78 (0x017b71b3) x 3 0x00000000
core   0: 0x80000b7c (0xf1b7e213) ori     tp, a5, -229
core   0: 3 0x80000b7c (0xf1b7e213) x 4 0xffffff7f
core   0: 0x80000b80 (0x4086d113) srai    sp, a3, 8
core   0: 3 0x80000b80 (0x4086d113) x 2 0xfff9a650
core   0: 0x80000b84 (0x01c62d33) slt     s10, a2, t3
core   0: 3 0x80000b84 (0x01c62d33) x26 0x00000000
core   0: 0x80000b88 (0x0077c4b3) xor     s1, a5, t2
core   0: 3 0x80000b88 (0x0077c4b3) x 9 0xe5504e82
core   0: 0x80000b8c (0x00008ef5) c.and   a3, a3
core   0: 3 0x80000b8c (0x8ef5) x13 0xf9a65000
core   0: 0x80000b8e (0x00008f59) c.or    a4, a4
core   0: 3 0x80000b8e (0x8f59) x14 0xfffffbf4
core   0: 0x80000b90 (0x02da22b3) mulhsu  t0, s4, a3
core   0: 3 0x80000b90 (0x02da22b3) x 5 0x6d13d384
core   0: 0x80000b94 (0x176f3113) sltiu   sp, t5, 374
core   0: 3 0x80000b94 (0x176f3113) x 2 0x00000000
core   0: 0x80000b98 (0xb696f213) andi    tp, a3, -1175
core   0: 3 0x80000b98 (0xb696f213) x 4 0xf9a65000
core   0: 0x80000b9c (0xc4210213) addi    tp, sp, -958
core   0: 3 0x80000b9c (0xc4210213) x 4 0xfffffc42
core   0: 0x80000ba0 (0x00006e8d) c.lui   t4, 0x3
core   0: 3 0x80000ba0 (0x6e8d) x29 0x00003000
core   0: 0x80000ba2 (0x01049693) slli    a3, s1, 16
core   0: 3 0x80000ba2 (0x01049693) x13 0x4e820000
core   0: 0x80000ba6 (0x0362cab3) div     s5, t0, s6
core   0: 3 0x80000ba6 (0x0362cab3) x21 0x00000001
core   0: 0x80000baa (0x02493ab3) mulhu   s5, s2, tp
core   0: 3 0x80000baa (0x02493ab3) x21 0x00000000
core   0: 0x80000bae (0x0ae93193) sltiu   gp, s2, 174
core   0: 3 0x80000bae (0x0ae93193) x 3 0x00000001
core   0: 0x80000bb2 (0x00000426) c.slli  s0, 9
core   0: 3 0x80000bb2 (0x0426) x 8 0xfffffe00
core   0: 0x80000bb4 (0x03f357b3) divu    a5, t1, t6
core   0: 3 0x80000bb4 (0x03f357b3) x15 0x00000000
core   0: 0x80000bb8 (0x0000952a) c.add   a0, a0
core   0: 3 0x80000bb8 (0x952a) x10 0x13810000
core   0: 0x80000bba (0x7d92bd93) sltiu   s11, t0, 2009
core   0: 3 0x80000bba (0x7d92bd93) x27 0x00000000
core   0: 0x80000bbe (0x00008495) c.srai  s1, 5
core   0: 3 0x80000bbe (0x8495) x 9 0xff2a8274
core   0: 0x80000bc0 (0x04ac3893) sltiu   a7, s8, 74
core   0: 3 0x80000bc0 (0x04ac3893) x17 0x00000000
core   0: 0x80000bc4 (0x03390833) mul     a6, s2, s3
core   0: 3 0x80000bc4 (0x03390833) x16 0x00000000
core   0: 0x80000bc8 (0x00008cf5) c.and   s1, a3
core   0: 3 0x80000bc8 (0x8cf5) x 9 0x4e020000
core   0: 0x80000bca (0x000061cd) c.lui   gp, 0x13
core   0: 3 0x80000bca (0x61cd) x 3 0x00013000
core   0: 0x80000bcc (0x00000001) c.nop
core   0: 3 0x80000bcc (0x0001)
core   0: 0x80000bce (0x00001304) c.addi4spn s1, sp, 416
core   0: 3 0x80000bce (0x1304) x 9 0x000001a0
core   0: 0x80000bd0 (0x64bf8a93) addi    s5, t6, 1611
core   0: 3 0x80000bd0 (0x64bf8a93) x21 0xd013764b
core   0: 0x80000bd4 (0x015d6e33) or      t3, s10, s5
core   0: 3 0x80000bd4 (0x015d6e33) x28 0xd013764b
core   0: 0x80000bd8 (0x41ca82b3) sub     t0, s5, t3
core   0: 3 0x80000bd8 (0x41ca82b3) x 5 0x00000000
core   0: 0x80000bdc (0x01976f33) or      t5, a4, s9
core   0: 3 0x80000bdc (0x01976f33) x30 0xfffffbf4
core   0: 0x80000be0 (0x00b15093) srli    ra, sp, 11
core   0: 3 0x80000be0 (0x00b15093) x 1 0x00000000
core   0: 0x80000be4 (0x00000001) c.nop
core   0: 3 0x80000be4 (0x0001)
core   0: 0x80000be6 (0x00000001) c.nop
core   0: 3 0x80000be6 (0x0001)
core   0: 0x80000be8 (0x014dbc33) sltu    s8, s11, s4
core   0: 3 0x80000be8 (0x014dbc33) x24 0x00000001
core   0: 0x80000bec (0x0000717d) c.addi16sp sp, -16
core   0: 3 0x80000bec (0x717d) x 2 0xfffffff0
core   0: 0x80000bee (0x00c91833) sll     a6, s2, a2
core   0: 3 0x80000bee (0x00c91833) x16 0x00000000
core   0: 0x80000bf2 (0x00000001) c.nop
core   0: 3 0x80000bf2 (0x0001)
core   0: 0x80000bf4 (0x01121a93) slli    s5, tp, 17
core   0: 3 0x80000bf4 (0x01121a93) x21 0xf8840000
core   0: 0x80000bf8 (0x02b0acb3) mulhsu  s9, ra, a1
core   0: 3 0x80000bf8 (0x02b0acb3) x25 0x00000000
core   0: 0x80000bfc (0x0176bd33) sltu    s10, a3, s7
core   0: 3 0x80000bfc (0x0176bd33) x26 0x00000000
core   0: 0x80000c00 (0x00006fe5) c.lui   t6, 0x19
core   0: 3 0x80000c00 (0x6fe5) x31 0x00019000
core   0: 0x80000c02 (0x01953a33) sltu    s4, a0, s9
core   0: 3 0x80000c02 (0x01953a33) x20 0x00000000
core   0: 0x80000c06 (0x80717a13) andi    s4, sp, -2041
core   0: 3 0x80000c06 (0x80717a13) x20 0xfffff800
core   0: 0x80000c0a (0x037a81b3) mul     gp, s5, s7
core   0: 3 0x80000c0a (0x037a81b3) x 3 0x00000000
core   0: 0x80000c0e (0x03f7d933) divu    s2, a5, t6
core   0: 3 0x80000c0e (0x03f7d933) x18 0x00000000
core   0: 0x80000c12 (0x02981fb3) mulh    t6, a6, s1
core   0: 3 0x80000c12 (0x02981fb3) x31 0x00000000
core   0: 0x80000c16 (0x68e7c013) xori    zero, a5, 1678
core   0: 3 0x80000c16 (0x68e7c013)
core   0: 0x80000c1a (0xd2526d97) auipc   s11, 0xd2526
core   0: 3 0x80000c1a (0xd2526d97) x27 0x52526c1a
core   0: 0x80000c1e (0x00000001) c.nop
core   0: 3 0x80000c1e (0x0001)
core   0: 0x80000c20 (0x00008ccd) c.or    s1, a1
core   0: 3 0x80000c20 (0x8ccd) x 9 0x000001a1
core   0: 0x80000c22 (0x00a25333) srl     t1, tp, a0
core   0: 3 0x80000c22 (0x00a25333) x 6 0xfffffc42
core   0: 0x80000c26 (0x00ea1bb3) sll     s7, s4, a4
core   0: 3 0x80000c26 (0x00ea1bb3) x23 0x80000000
core   0: 0x80000c2a (0x01e0dc13) srli    s8, ra, 30
core   0: 3 0x80000c2a (0x01e0dc13) x24 0x00000000
core   0: 0x80000c2e (0x60d80c93) addi    s9, a6, 1549
core   0: 3 0x80000c2e (0x60d80c93) x25 0x0000060d
core   0: 0x80000c32 (0x9b263b93) sltiu   s7, a2, -1614
core   0: 3 0x80000c32 (0x9b263b93) x23 0x00000001
core   0: 0x80000c36 (0x00000001) c.nop
core   0: 3 0x80000c36 (0x0001)
core   0: 0x80000c38 (0x036662b3) rem     t0, a2, s6
core   0: 3 0x80000c38 (0x036662b3) x 5 0x00000000
core   0: 0x80000c3c (0x00000bb2) c.slli  s7, 12
core   0: 3 0x80000c3c (0x0bb2) x23 0x00001000
core   0: 0x80000c3e (0x2d8c7f93) andi    t6, s8, 728
core   0: 3 0x80000c3e (0x2d8c7f93) x31 0x00000000
core   0: 0x80000c42 (0x020c6bb3) rem     s7, s8, zero
core   0: 3 0x80000c42 (0x020c6bb3) x23 0x00000000
core   0: 0x80000c46 (0x3dc43313) sltiu   t1, s0, 988
core   0: 3 0x80000c46 (0x3dc43313) x 6 0x00000000
core   0: 0x80000c4a (0x01585093) srli    ra, a6, 21
core   0: 3 0x80000c4a (0x01585093) x 1 0x00000000
core   0: 0x80000c4e (0x00f8a7b3) slt     a5, a7, a5
core   0: 3 0x80000c4e (0x00f8a7b3) x15 0x00000000
core   0: 0x80000c52 (0xad14c337) lui     t1, 0xad14c
core   0: 3 0x80000c52 (0xad14c337) x 6 0xad14c000
core   0: 0x80000c56 (0x038d5233) divu    tp, s10, s8
core   0: 3 0x80000c56 (0x038d5233) x 4 0xffffffff
core   0: 0x80000c5a (0x000082b9) c.srli  a3, 14
core   0: 3 0x80000c5a (0x82b9) x13 0x00013a08
core   0: 0x80000c5c (0x00864bb3) xor     s7, a2, s0
core   0: 3 0x80000c5c (0x00864bb3) x23 0xfffffe00
core   0: 0x80000c60 (0x55b22897) auipc   a7, 0x55b22
core   0: 3 0x80000c60 (0x55b22897) x17 0xd5b22c60
core   0: 0x80000c64 (0x000086f9) c.srai  a3, 30
core   0: 3 0x80000c64 (0x86f9) x13 0x00000000
core   0: 0x80000c66 (0x000099fd) c.andi  a1, -1
core   0: 3 0x80000c66 (0x99fd) x11 0x00000001
core   0: 0x80000c68 (0x00000001) c.nop
core   0: 3 0x80000c68 (0x0001)
core   0: 0x80000c6a (0x00006b35) c.lui   s6, 0xd
core   0: 3 0x80000c6a (0x6b35) x22 0x0000d000
core   0: 0x80000c6c (0x00008f3d) c.xor   a4, a5
core   0: 3 0x80000c6c (0x8f3d) x14 0xfffffbf4
core   0: 0x80000c6e (0x00000001) c.nop
core   0: 3 0x80000c6e (0x0001)
core   0: 0x80000c70 (0x08077b93) andi    s7, a4, 128
core   0: 3 0x80000c70 (0x08077b93) x23 0x00000080
core   0: 0x80000c74 (0x0066adb3) slt     s11, a3, t1
core   0: 3 0x80000c74 (0x0066adb3) x27 0x00000000
core   0: 0x80000c78 (0x000007e5) c.addi  a5, 25
core   0: 3 0x80000c78 (0x07e5) x15 0x00000019
core   0: 0x80000c7a (0x00000001) c.nop
core   0: 3 0x80000c7a (0x0001)
core   0: 0x80000c7c (0x00006979) c.lui   s2, 0x1e
core   0: 3 0x80000c7c (0x6979) x18 0x0001e000
core   0: 0x80000c7e (0x40868933) sub     s2, a3, s0
core   0: 3 0x80000c7e (0x40868933) x18 0x00000200
core   0: 0x80000c82 (0x015290b3) sll     ra, t0, s5
core   0: 3 0x80000c82 (0x015290b3) x 1 0x00000000
core   0: 0x80000c86 (0x019fb433) sltu    s0, t6, s9
core   0: 3 0x80000c86 (0x019fb433) x 8 0x00000001
core   0: 0x80000c8a (0x0399d2b3) divu    t0, s3, s9
core   0: 3 0x80000c8a (0x0399d2b3) x 5 0x001527a7
core   0: 0x80000c8e (0x0022b533) sltu    a0, t0, sp
core   0: 3 0x80000c8e (0x0022b533) x10 0x00000001
core   0: 0x80000c92 (0x0225f033) remu    zero, a1, sp
core   0: 3 0x80000c92 (0x0225f033)
core   0: 0x80000c96 (0x029e1fb3) mulh    t6, t3, s1
core   0: 3 0x80000c96 (0x029e1fb3) x31 0xffffffb1
core   0: 0x80000c9a (0x00000001) c.nop
core   0: 3 0x80000c9a (0x0001)
core   0: 0x80000c9c (0x01fffeb3) and     t4, t6, t6
core   0: 3 0x80000c9c (0x01fffeb3) x29 0xffffffb1
core   0: 0x80000ca0 (0x0100bf33) sltu    t5, ra, a6
core   0: 3 0x80000ca0 (0x0100bf33) x30 0x00000000
core   0: 0x80000ca4 (0x00008e91) c.sub   a3, a2
core   0: 3 0x80000ca4 (0x8e91) x13 0x00000000
core   0: 0x80000ca6 (0x00008d95) c.sub   a1, a3
core   0: 3 0x80000ca6 (0x8d95) x11 0x00000001
core   0: 0x80000ca8 (0x02074a33) div     s4, a4, zero
core   0: 3 0x80000ca8 (0x02074a33) x20 0xffffffff
core   0: 0x80000cac (0x0000887d) c.andi  s0, 31
core   0: 3 0x80000cac (0x887d) x 8 0x00000001
core   0: 0x80000cae (0x0c57cc93) xori    s9, a5, 197
core   0: 3 0x80000cae (0x0c57cc93) x25 0x000000dc
core   0: 0x80000cb2 (0x004a6fb3) or      t6, s4, tp
core   0: 3 0x80000cb2 (0x004a6fb3) x31 0xffffffff
core   0: 0x80000cb6 (0xcb2f4737) lui     a4, 0xcb2f4
core   0: 3 0x80000cb6 (0xcb2f4737) x14 0xcb2f4000
core   0: 0x80000cba (0x0017e533) or      a0, a5, ra
core   0: 3 0x80000cba (0x0017e533) x10 0x00000019
core   0: 0x80000cbe (0xd7173e97) auipc   t4, 0xd7173
core   0: 3 0x80000cbe (0xd7173e97) x29 0x57173cbe
core   0: 0x80000cc2 (0x40ed57b3) sra     a5, s10, a4
core   0: 3 0x80000cc2 (0x40ed57b3) x15 0x00000000
core   0: 0x80000cc6 (0x84993f93) sltiu   t6, s2, -1975
core   0: 3 0x80000cc6 (0x84993f93) x31 0x00000001
core   0: 0x80000cca (0x00194b33) xor     s6, s2, ra
core   0: 3 0x80000cca (0x00194b33) x22 0x00000200
core   0: 0x80000cce (0x0000127d) c.addi  tp, -1
core   0: 3 0x80000cce (0x127d) x 4 0xfffffffe
core   0: 0x80000cd0 (0x0331b433) mulhu   s0, gp, s3
core   0: 3 0x80000cd0 (0x0331b433) x 8 0x00000000
core   0: 0x80000cd4 (0x027ab333) mulhu   t1, s5, t2
core   0: 3 0x80000cd4 (0x027ab333) x 6 0x7c432418
core   0: 0x80000cd8 (0x004a6f33) or      t5, s4, tp
core   0: 3 0x80000cd8 (0x004a6f33) x30 0xffffffff
core   0: 0x80000cdc (0x00008f01) c.sub   a4, s0
core   0: 3 0x80000cdc (0x8f01) x14 0xcb2f4000
core   0: 0x80000cde (0x000086ed) c.srai  a3, 27
core   0: 3 0x80000cde (0x86ed) x13 0x00000000
core   0: 0x80000ce0 (0x00008f7d) c.and   a4, a5
core   0: 3 0x80000ce0 (0x8f7d) x14 0x00000000
core   0: 0x80000ce2 (0x904ac697) auipc   a3, 0x904ac
core   0: 3 0x80000ce2 (0x904ac697) x13 0x104acce2
core   0: 0x80000ce6 (0x10c8b293) sltiu   t0, a7, 268
core   0: 3 0x80000ce6 (0x10c8b293) x 5 0x00000000
core   0: 0x80000cea (0xee646193) ori     gp, s0, -282
core   0: 3 0x80000cea (0xee646193) x 3 0xfffffee6
core   0: 0x80000cee (0x0000717d) c.addi16sp sp, -16
core   0: 3 0x80000cee (0x717d) x 2 0xffffffe0
core   0: 0x80000cf0 (0x00001900) c.addi4spn s0, sp, 176
core   0: 3 0x80000cf0 (0x1900) x 8 0x00000090
core   0: 0x80000cf2 (0x00008fbe) c.mv    t6, a5
core   0: 3 0x80000cf2 (0x8fbe) x31 0x00000000
core   0: 0x80000cf4 (0x00006169) c.addi16sp sp, 208
core   0: 3 0x80000cf4 (0x6169) x 2 0x000000b0
core   0: 0x80000cf6 (0x00000001) c.nop
core   0: 3 0x80000cf6 (0x0001)
core   0: 0x80000cf8 (0x000083f9) c.srli  a5, 30
core   0: 3 0x80000cf8 (0x83f9) x15 0x00000000
core   0: 0x80000cfa (0x02bb5833) divu    a6, s6, a1
core   0: 3 0x80000cfa (0x02bb5833) x16 0x00000200
core   0: 0x80000cfe (0x00000001) c.nop
core   0: 3 0x80000cfe (0x0001)
core   0: 0x80000d00 (0xd12e0d13) addi    s10, t3, -750
core   0: 3 0x80000d00 (0xd12e0d13) x26 0xd013735d
core   0: 0x80000d04 (0x21e3ba13) sltiu   s4, t2, 542
core   0: 3 0x80000d04 (0x21e3ba13) x20 0x00000000
core   0: 0x80000d08 (0x038b3a33) mulhu   s4, s6, s8
core   0: 3 0x80000d08 (0x038b3a33) x20 0x00000000
core   0: 0x80000d0c (0x00009dbe) c.add   s11, a5
core   0: 3 0x80000d0c (0x9dbe) x27 0x00000000
core   0: 0x80000d0e (0x00008c5d) c.or    s0, a5
core   0: 3 0x80000d0e (0x8c5d) x 8 0x00000090
core   0: 0x80000d10 (0x019bd233) srl     tp, s7, s9
core   0: 3 0x80000d10 (0x019bd233) x 4 0x00000000
core   0: 0x80000d14 (0x00000001) c.nop
core   0: 3 0x80000d14 (0x0001)
core   0: 0x80000d16 (0x01179f33) sll     t5, a5, a7
core   0: 3 0x80000d16 (0x01179f33) x30 0x00000000
core   0: 0x80000d1a (0x00000001) c.nop
core   0: 3 0x80000d1a (0x0001)
core   0: 0x80000d1c (0x014ea233) slt     tp, t4, s4
core   0: 3 0x80000d1c (0x014ea233) x 4 0x00000000
core   0: 0x80000d20 (0x007d05b3) add     a1, s10, t2
core   0: 3 0x80000d20 (0x007d05b3) x11 0x5014a041
core   0: 0x80000d24 (0x0171e033) or      zero, gp, s7
core   0: 3 0x80000d24 (0x0171e033)
core   0: 0x80000d28 (0x00001414) c.addi4spn a3, sp, 544
core   0: 3 0x80000d28 (0x1414) x13 0x000002d0
core   0: 0x80000d2a (0x0000834d) c.srli  a4, 19
core   0: 3 0x80000d2a (0x834d) x14 0x00000000
core   0: 0x80000d2c (0x101c2113) slti    sp, s8, 257
core   0: 3 0x80000d2c (0x101c2113) x 2 0x00000001
core   0: 0x80000d30 (0x00004c3d) c.li    s8, 15
core   0: 3 0x80000d30 (0x4c3d) x24 0x0000000f
core   0: 0x80000d32 (0x00f56db3) or      s11, a0, a5
core   0: 3 0x80000d32 (0x00f56db3) x27 0x00000019
core   0: 0x80000d36 (0x01603d33) snez    s10, s6
core   0: 3 0x80000d36 (0x01603d33) x26 0x00000001
core   0: 0x80000d3a (0x41dc5c13) srai    s8, s8, 29
core   0: 3 0x80000d3a (0x41dc5c13) x24 0x00000000
core   0: 0x80000d3e (0x00001604) c.addi4spn s1, sp, 800
core   0: 3 0x80000d3e (0x1604) x 9 0x00000321
core   0: 0x80000d40 (0x000004c6) c.slli  s1, 17
core   0: 3 0x80000d40 (0x04c6) x 9 0x06420000
core   0: 0x80000d42 (0xb59f6d13) ori     s10, t5, -1191
core   0: 3 0x80000d42 (0xb59f6d13) x26 0xfffffb59
core   0: 0x80000d46 (0x0144b7b3) sltu    a5, s1, s4
core   0: 3 0x80000d46 (0x0144b7b3) x15 0x00000000
core   0: 0x80000d4a (0x00008d8d) c.sub   a1, a1
core   0: 3 0x80000d4a (0x8d8d) x11 0x00000000
core   0: 0x80000d4c (0x022f35b3) mulhu   a1, t5, sp
core   0: 3 0x80000d4c (0x022f35b3) x11 0x00000000
core   0: 0x80000d50 (0x01104433) xor     s0, zero, a7
core   0: 3 0x80000d50 (0x01104433) x 8 0xd5b22c60
core   0: 0x80000d54 (0x0024e8b3) or      a7, s1, sp
core   0: 3 0x80000d54 (0x0024e8b3) x17 0x06420001
core   0: 0x80000d58 (0x000082aa) c.mv    t0, a0
core   0: 3 0x80000d58 (0x82aa) x 5 0x00000019
core   0: 0x80000d5a (0x0297ae33) mulhsu  t3, a5, s1
core   0: 3 0x80000d5a (0x0297ae33) x28 0x00000000
core   0: 0x80000d5e (0x00008ddd) c.or    a1, a5
core   0: 3 0x80000d5e (0x8ddd) x11 0x00000000
core   0: 0x80000d60 (0x000098fd) c.andi  s1, -1
core   0: 3 0x80000d60 (0x98fd) x 9 0x06420000
core   0: 0x80000d62 (0x0157da93) srli    s5, a5, 21
core   0: 3 0x80000d62 (0x0157da93) x21 0x00000000
core   0: 0x80000d66 (0x00eebd33) sltu    s10, t4, a4
core   0: 3 0x80000d66 (0x00eebd33) x26 0x00000000
core   0: 0x80000d6a (0x0232a433) mulhsu  s0, t0, gp
core   0: 3 0x80000d6a (0x0232a433) x 8 0x00000018
core   0: 0x80000d6e (0x00008fa5) c.xor   a5, s1
core   0: 3 0x80000d6e (0x8fa5) x15 0x06420000
core   0: 0x80000d70 (0x88e06a13) ori     s4, zero, -1906
core   0: 3 0x80000d70 (0x88e06a13) x20 0xfffff88e
core   0: 0x80000d74 (0x012db433) sltu    s0, s11, s2
core   0: 3 0x80000d74 (0x012db433) x 8 0x00000001
core   0: 0x80000d78 (0x00000c18) c.addi4spn a4, sp, 528
core   0: 3 0x80000d78 (0x0c18) x14 0x00000211
core   0: 0x80000d7a (0x03b7a233) mulhsu  tp, a5, s11
core   0: 3 0x80000d7a (0x03b7a233) x 4 0x00000000
core   0: 0x80000d7e (0xf0976b93) ori     s7, a4, -247
core   0: 3 0x80000d7e (0xf0976b93) x23 0xffffff19
core   0: 0x80000d82 (0x00008fc1) c.or    a5, s0
core   0: 3 0x80000d82 (0x8fc1) x15 0x06420001
core   0: 0x80000d84 (0x0211e4b3) rem     s1, gp, ra
core   0: 3 0x80000d84 (0x0211e4b3) x 9 0xfffffee6
core   0: 0x80000d88 (0x9176ca93) xori    s5, a3, -1769
core   0: 3 0x80000d88 (0x9176ca93) x21 0xfffffbc7
core   0: 0x80000d8c (0x0372bfb3) mulhu   t6, t0, s7
core   0: 3 0x80000d8c (0x0372bfb3) x31 0x00000018
core   0: 0x80000d90 (0x000087f6) c.mv    a5, t4
core   0: 3 0x80000d90 (0x87f6) x15 0x57173cbe
core   0: 0x80000d92 (0x00e39c93) slli    s9, t2, 14
core   0: 3 0x80000d92 (0x00e39c93) x25 0x4b390000
core   0: 0x80000d96 (0x0368a2b3) mulhsu  t0, a7, s6
core   0: 3 0x80000d96 (0x0368a2b3) x 5 0x0000000c
core   0: 0x80000d9a (0x0000587d) c.li    a6, -1
core   0: 3 0x80000d9a (0x587d) x16 0xffffffff
core   0: 0x80000d9c (0x00008d6d) c.and   a0, a1
core   0: 3 0x80000d9c (0x8d6d) x10 0x00000000
core   0: 0x80000d9e (0x0000197d) c.addi  s2, -1
core   0: 3 0x80000d9e (0x197d) x18 0x000001ff
core   0: 0x80000da0 (0x00000001) c.nop
core   0: 3 0x80000da0 (0x0001)
core   0: 0x80000da2 (0x028defb3) rem     t6, s11, s0
core   0: 3 0x80000da2 (0x028defb3) x31 0x00000000
core   0: 0x80000da6 (0x6efe0d13) addi    s10, t3, 1775
core   0: 3 0x80000da6 (0x6efe0d13) x26 0x000006ef
core   0: 0x80000daa (0x00008eed) c.and   a3, a1
core   0: 3 0x80000daa (0x8eed) x13 0x00000000
core   0: 0x80000dac (0x02ea82b3) mul     t0, s5, a4
core   0: 3 0x80000dac (0x02ea82b3) x 5 0xfff74637
core   0: 0x80000db0 (0x000006ae) c.slli  a3, 11
core   0: 3 0x80000db0 (0x06ae) x13 0x00000000
core   0: 0x80000db2 (0x03bd4733) div     a4, s10, s11
core   0: 3 0x80000db2 (0x03bd4733) x14 0x00000047
core   0: 0x80000db6 (0x0000624d) c.lui   tp, 0x13
core   0: 3 0x80000db6 (0x624d) x 4 0x00013000
core   0: 0x80000db8 (0x01184bb3) xor     s7, a6, a7
core   0: 3 0x80000db8 (0x01184bb3) x23 0xf9bdfffe
core   0: 0x80000dbc (0x020608b3) mul     a7, a2, zero
core   0: 3 0x80000dbc (0x020608b3) x17 0x00000000
core   0: 0x80000dc0 (0x000088d5) c.andi  s1, 21
core   0: 3 0x80000dc0 (0x88d5) x 9 0x00000004
core   0: 0x80000dc2 (0x01cb7a33) and     s4, s6, t3
core   0: 3 0x80000dc2 (0x01cb7a33) x20 0x00000000
core   0: 0x80000dc6 (0x030aee33) rem     t3, s5, a6
core   0: 3 0x80000dc6 (0x030aee33) x28 0x00000000
core   0: 0x80000dca (0x035d3b33) mulhu   s6, s10, s5
core   0: 3 0x80000dca (0x035d3b33) x22 0x000006ee
core   0: 0x80000dce (0x0c377d93) andi    s11, a4, 195
core   0: 3 0x80000dce (0x0c377d93) x27 0x00000043
core   0: 0x80000dd2 (0x00008ea9) c.xor   a3, a0
core   0: 3 0x80000dd2 (0x8ea9) x13 0x00000000
core   0: 0x80000dd4 (0x87e98813) addi    a6, s3, -1922
core   0: 3 0x80000dd4 (0x87e98813) x16 0x8000e6e2
core   0: 0x80000dd8 (0x00000001) c.nop
core   0: 3 0x80000dd8 (0x0001)
core   0: 0x80000dda (0xfd712693) slti    a3, sp, -41
core   0: 3 0x80000dda (0xfd712693) x13 0x00000000
core   0: 0x80000dde (0x00004751) c.li    a4, 20
core   0: 3 0x80000dde (0x4751) x14 0x00000014
core   0: 0x80000de0 (0x00006a99) c.lui   s5, 0x6
core   0: 3 0x80000de0 (0x6a99) x21 0x00006000
core   0: 0x80000de2 (0x00008c29) c.xor   s0, a0
core   0: 3 0x80000de2 (0x8c29) x 8 0x00000001
core   0: 0x80000de4 (0x00270933) add     s2, a4, sp
core   0: 3 0x80000de4 (0x00270933) x18 0x00000015
core   0: 0x80000de8 (0x1a2d7b93) andi    s7, s10, 418
core   0: 3 0x80000de8 (0x1a2d7b93) x23 0x000000a2
core   0: 0x80000dec (0x01598733) add     a4, s3, s5
core   0: 3 0x80000dec (0x01598733) x14 0x80014e64
core   0: 0x80000df0 (0xb4836c17) auipc   s8, 0xb4836
core   0: 3 0x80000df0 (0xb4836c17) x24 0x34836df0
core   0: 0x80000df4 (0x00000221) c.addi  tp, 8
core   0: 3 0x80000df4 (0x0221) x 4 0x00013008
core   0: 0x80000df6 (0x00000001) c.nop
core   0: 3 0x80000df6 (0x0001)
core   0: 0x80000df8 (0x9969b793) sltiu   a5, s3, -1642
core   0: 3 0x80000df8 (0x9969b793) x15 0x00000001
core   0: 0x80000dfc (0xc2213d93) sltiu   s11, sp, -990
core   0: 3 0x80000dfc (0xc2213d93) x27 0x00000001
core   0: 0x80000e00 (0x0000717d) c.addi16sp sp, -16
core   0: 3 0x80000e00 (0x717d) x 2 0xfffffff1
core   0: 0x80000e02 (0x00008c65) c.and   s0, s1
core   0: 3 0x80000e02 (0x8c65) x 8 0x00000000
core   0: 0x80000e04 (0x03e65db3) divu    s11, a2, t5
core   0: 3 0x80000e04 (0x03e65db3) x27 0xffffffff
core   0: 0x80000e08 (0x00008466) c.mv    s0, s9
core   0: 3 0x80000e08 (0x8466) x 8 0x4b390000
core   0: 0x80000e0a (0x00000e9c) c.addi4spn a5, sp, 848
core   0: 3 0x80000e0a (0x0e9c) x15 0x00000341
core   0: 0x80000e0c (0x00000001) c.nop
core   0: 3 0x80000e0c (0x0001)
core   0: 0x80000e0e (0x01d9aab3) slt     s5, s3, t4
core   0: 3 0x80000e0e (0x01d9aab3) x21 0x00000001
core   0: 0x80000e12 (0x012fb733) sltu    a4, t6, s2
core   0: 3 0x80000e12 (0x012fb733) x14 0x00000001
core   0: 0x80000e16 (0x034c51b3) divu    gp, s8, s4
core   0: 3 0x80000e16 (0x034c51b3) x 3 0xffffffff
core   0: 0x80000e1a (0x00008f85) c.sub   a5, s1
core   0: 3 0x80000e1a (0x8f85) x15 0x0000033d
core   0: 0x80000e1c (0x41e18533) sub     a0, gp, t5
core   0: 3 0x80000e1c (0x41e18533) x10 0xffffffff
core   0: 0x80000e20 (0x51e12293) slti    t0, sp, 1310
core   0: 3 0x80000e20 (0x51e12293) x 5 0x00000001
core   0: 0x80000e24 (0xf85428b7) lui     a7, 0xf8542
core   0: 3 0x80000e24 (0xf85428b7) x17 0xf8542000
core   0: 0x80000e28 (0x016408b3) add     a7, s0, s6
core   0: 3 0x80000e28 (0x016408b3) x17 0x4b3906ee
core   0: 0x80000e2c (0xf5e23493) sltiu   s1, tp, -162
core   0: 3 0x80000e2c (0xf5e23493) x 9 0x00000001
core   0: 0x80000e30 (0x40a852b3) sra     t0, a6, a0
core   0: 3 0x80000e30 (0x40a852b3) x 5 0xffffffff
core   0: 0x80000e34 (0x41e7d193) srai    gp, a5, 30
core   0: 3 0x80000e34 (0x41e7d193) x 3 0x00000000
core   0: 0x80000e38 (0x00000001) c.nop
core   0: 3 0x80000e38 (0x0001)
core   0: 0x80000e3a (0x00009c4a) c.add   s8, s2
core   0: 3 0x80000e3a (0x9c4a) x24 0x34836e05
core   0: 0x80000e3c (0x02adfbb3) remu    s7, s11, a0
core   0: 3 0x80000e3c (0x02adfbb3) x23 0x00000000
core   0: 0x80000e40 (0x01e26433) or      s0, tp, t5
core   0: 3 0x80000e40 (0x01e26433) x 8 0x00013008
core   0: 0x80000e44 (0x032a9233) mulh    tp, s5, s2
core   0: 3 0x80000e44 (0x032a9233) x 4 0x00000000
core   0: 0x80000e48 (0x40cf6213) ori     tp, t5, 1036
core   0: 3 0x80000e48 (0x40cf6213) x 4 0x0000040c
core   0: 0x80000e4c (0x005c27b3) slt     a5, s8, t0
core   0: 3 0x80000e4c (0x005c27b3) x15 0x00000000
core   0: 0x80000e50 (0x0000717d) c.addi16sp sp, -16
core   0: 3 0x80000e50 (0x717d) x 2 0xffffffe1
core   0: 0x80000e52 (0x00008445) c.srai  s0, 17
core   0: 3 0x80000e52 (0x8445) x 8 0x00000000
core   0: 0x80000e54 (0x00d7deb3) srl     t4, a5, a3
core   0: 3 0x80000e54 (0x00d7deb3) x29 0x00000000
core   0: 0x80000e58 (0x000abb33) sltu    s6, s5, zero
core   0: 3 0x80000e58 (0x000abb33) x22 0x00000000
core   0: 0x80000e5c (0x00008ef1) c.and   a3, a2
core   0: 3 0x80000e5c (0x8ef1) x13 0x00000000
core   0: 0x80000e5e (0x1f06ceb7) lui     t4, 0x1f06c
core   0: 3 0x80000e5e (0x1f06ceb7) x29 0x1f06c000
core   0: 0x80000e62 (0x1f925c17) auipc   s8, 0x1f925
core   0: 3 0x80000e62 (0x1f925c17) x24 0x9f925e62
core   0: 0x80000e66 (0x01601db3) sll     s11, zero, s6
core   0: 3 0x80000e66 (0x01601db3) x27 0x00000000
core   0: 0x80000e6a (0x02dfa333) mulhsu  t1, t6, a3
core   0: 3 0x80000e6a (0x02dfa333) x 6 0x00000000
core   0: 0x80000e6e (0x00363a33) sltu    s4, a2, gp
core   0: 3 0x80000e6e (0x00363a33) x20 0x00000000
core   0: 0x80000e72 (0x800005b7) lui     a1, 0x80000
core   0: 3 0x80000e72 (0x800005b7) x11 0x80000000
core   0: 0x80000e76 (0xe2c74b37) lui     s6, 0xe2c74
core   0: 3 0x80000e76 (0xe2c74b37) x22 0xe2c74000
core   0: 0x80000e7a (0x8d7b0b13) addi    s6, s6, -1833
core   0: 3 0x80000e7a (0x8d7b0b13) x22 0xe2c738d7
core   0: 0x80000e7e (0x124ae7b7) lui     a5, 0x124ae
core   0: 3 0x80000e7e (0x124ae7b7) x15 0x124ae000
core   0: 0x80000e82 (0x15578793) addi    a5, a5, 341
core   0: 3 0x80000e82 (0x15578793) x15 0x124ae155
core   0: 0x80000e86 (0xd25c2437) lui     s0, 0xd25c2
core   0: 3 0x80000e86 (0xd25c2437) x 8 0xd25c2000
core   0: 0x80000e8a (0x20640413) addi    s0, s0, 518
core   0: 3 0x80000e8a (0x20640413) x 8 0xd25c2206
core   0: 0x80000e8e (0x800006b7) lui     a3, 0x80000
core   0: 3 0x80000e8e (0x800006b7) x13 0x80000000
core   0: 0x80000e92 (0x00004181) c.li    gp, 0
core   0: 3 0x80000e92 (0x4181) x 3 0x00000000
core   0: 0x80000e94 (0x00004801) c.li    a6, 0
core   0: 3 0x80000e94 (0x4801) x16 0x00000000
core   0: 0x80000e96 (0xfff00c93) li      s9, -1
core   0: 3 0x80000e96 (0xfff00c93) x25 0xffffffff
core   0: 0x80000e9a (0x80000137) lui     sp, 0x80000
core   0: 3 0x80000e9a (0x80000137) x 2 0x80000000
core   0: 0x80000e9e (0x800000b7) lui     ra, 0x80000
core   0: 3 0x80000e9e (0x800000b7) x 1 0x80000000
core   0: 0x80000ea2 (0x036b2433) mulhsu  s0, s6, s6
core   0: 3 0x80000ea2 (0x036b2433) x 8 0xe61d228e
core   0: 0x80000ea6 (0x023ce1b3) rem     gp, s9, gp
core   0: 3 0x80000ea6 (0x023ce1b3) x 3 0xffffffff
core   0: 0x80000eaa (0x699efb17) auipc   s6, 0x699ef
core   0: 3 0x80000eaa (0x699efb17) x22 0xe99efeaa
core   0: 0x80000eae (0xd2db8117) auipc   sp, 0xd2db8
core   0: 3 0x80000eae (0xd2db8117) x 2 0x52db8eae
core   0: 0x80000eb2 (0x40b800b3) sub     ra, a6, a1
core   0: 3 0x80000eb2 (0x40b800b3) x 1 0x80000000
core   0: 0x80000eb6 (0x0361ccb3) div     s9, gp, s6
core   0: 3 0x80000eb6 (0x0361ccb3) x25 0x00000000
core   0: 0x80000eba (0x02b467b3) rem     a5, s0, a1
core   0: 3 0x80000eba (0x02b467b3) x15 0xe61d228e
core   0: 0x80000ebe (0x35ddc6b7) lui     a3, 0x35ddc
core   0: 3 0x80000ebe (0x35ddc6b7) x13 0x35ddc000
core   0: 0x80000ec2 (0x00bb06b3) add     a3, s6, a1
core   0: 3 0x80000ec2 (0x00bb06b3) x13 0x699efeaa
core   0: 0x80000ec6 (0x02b0e1b3) rem     gp, ra, a1
core   0: 3 0x80000ec6 (0x02b0e1b3) x 3 0x00000000
core   0: 0x80000eca (0x02383b33) mulhu   s6, a6, gp
core   0: 3 0x80000eca (0x02383b33) x22 0x00000000
core   0: 0x80000ece (0x7e1c01b7) lui     gp, 0x7e1c0
core   0: 3 0x80000ece (0x7e1c01b7) x 3 0x7e1c0000
core   0: 0x80000ed2 (0x40db0433) sub     s0, s6, a3
core   0: 3 0x80000ed2 (0x40db0433) x 8 0x96610156
core   0: 0x80000ed6 (0x01078433) add     s0, a5, a6
core   0: 3 0x80000ed6 (0x01078433) x 8 0xe61d228e
core   0: 0x80000eda (0x00000001) c.nop
core   0: 3 0x80000eda (0x0001)
core   0: 0x80000edc (0x0217d833) divu    a6, a5, ra
core   0: 3 0x80000edc (0x0217d833) x16 0x00000001
core   0: 0x80000ee0 (0x41175233) sra     tp, a4, a7
core   0: 3 0x80000ee0 (0x41175233) x 4 0x00000000
core   0: 0x80000ee4 (0x01a8ee33) or      t3, a7, s10
core   0: 3 0x80000ee4 (0x01a8ee33) x28 0x4b3906ef
core   0: 0x80000ee8 (0x0000912e) c.add   sp, a1
core   0: 3 0x80000ee8 (0x912e) x 2 0xd2db8eae
core   0: 0x80000eea (0x00000eee) c.slli  t4, 27
core   0: 3 0x80000eea (0x0eee) x29 0x00000000
core   0: 0x80000eec (0xcb013913) sltiu   s2, sp, -848
core   0: 3 0x80000eec (0xcb013913) x18 0x00000001
core   0: 0x80000ef0 (0x00008f7d) c.and   a4, a5
core   0: 3 0x80000ef0 (0x8f7d) x14 0x00000000
core   0: 0x80000ef2 (0x00006dc1) c.lui   s11, 0x10
core   0: 3 0x80000ef2 (0x6dc1) x27 0x00010000
core   0: 0x80000ef4 (0x0393d8b3) divu    a7, t2, s9
core   0: 3 0x80000ef4 (0x0393d8b3) x17 0xffffffff
core   0: 0x80000ef8 (0x033b32b3) mulhu   t0, s6, s3
core   0: 3 0x80000ef8 (0x033b32b3) x 5 0x00000000
core   0: 0x80000efc (0x000086e5) c.srai  a3, 25
core   0: 3 0x80000efc (0x86e5) x13 0x00000034
core   0: 0x80000efe (0x316eceb7) lui     t4, 0x316ec
core   0: 3 0x80000efe (0x316eceb7) x29 0x316ec000
core   0: 0x80000f02 (0x000080a2) c.mv    ra, s0
core   0: 3 0x80000f02 (0x80a2) x 1 0xe61d228e
core   0: 0x80000f04 (0x02fa51b3) divu    gp, s4, a5
core   0: 3 0x80000f04 (0x02fa51b3) x 3 0x00000000
core   0: 0x80000f08 (0x0000948a) c.add   s1, sp
core   0: 3 0x80000f08 (0x948a) x 9 0xd2db8eaf
core   0: 0x80000f0a (0x414fd493) srai    s1, t6, 20
core   0: 3 0x80000f0a (0x414fd493) x 9 0x00000000
core   0: 0x80000f0e (0x41905533) sra     a0, zero, s9
core   0: 3 0x80000f0e (0x41905533) x10 0x00000000
core   0: 0x80000f12 (0x01e097b3) sll     a5, ra, t5
core   0: 3 0x80000f12 (0x01e097b3) x15 0xe61d228e
core   0: 0x80000f16 (0x000082b1) c.srli  a3, 12
core   0: 3 0x80000f16 (0x82b1) x13 0x00000000
core   0: 0x80000f18 (0x00554a33) xor     s4, a0, t0
core   0: 3 0x80000f18 (0x00554a33) x20 0x00000000
core   0: 0x80000f1c (0x5694c893) xori    a7, s1, 1385
core   0: 3 0x80000f1c (0x5694c893) x17 0x00000569
core   0: 0x80000f20 (0xc8184293) xori    t0, a6, -895
core   0: 3 0x80000f20 (0xc8184293) x 5 0xfffffc80
core   0: 0x80000f24 (0x01d778b3) and     a7, a4, t4
core   0: 3 0x80000f24 (0x01d778b3) x17 0x00000000
core   0: 0x80000f28 (0x5fff7193) andi    gp, t5, 1535
core   0: 3 0x80000f28 (0x5fff7193) x 3 0x00000000
core   0: 0x80000f2c (0x0078b033) sltu    zero, a7, t2
core   0: 3 0x80000f2c (0x0078b033)
core   0: 0x80000f30 (0x00000001) c.nop
core   0: 3 0x80000f30 (0x0001)
core   0: 0x80000f32 (0x00471213) slli    tp, a4, 4
core   0: 3 0x80000f32 (0x00471213) x 4 0x00000000
core   0: 0x80000f36 (0xe4fe3813) sltiu   a6, t3, -433
core   0: 3 0x80000f36 (0xe4fe3813) x16 0x00000001
core   0: 0x80000f3a (0x01a625b3) slt     a1, a2, s10
core   0: 3 0x80000f3a (0x01a625b3) x11 0x00000001
core   0: 0x80000f3e (0x02b9e0b3) rem     ra, s3, a1
core   0: 3 0x80000f3e (0x02b9e0b3) x 1 0x00000000
core   0: 0x80000f42 (0x016798b3) sll     a7, a5, s6
core   0: 3 0x80000f42 (0x016798b3) x17 0xe61d228e
core   0: 0x80000f46 (0x00009f0e) c.add   t5, gp
core   0: 3 0x80000f46 (0x9f0e) x30 0x00000000
core   0: 0x80000f48 (0x000080c1) c.srli  s1, 16
core   0: 3 0x80000f48 (0x80c1) x 9 0x00000000
core   0: 0x80000f4a (0x00000001) c.nop
core   0: 3 0x80000f4a (0x0001)
core   0: 0x80000f4c (0x00009d6a) c.add   s10, s10
core   0: 3 0x80000f4c (0x9d6a) x26 0x00000dde
core   0: 0x80000f4e (0x00004d6d) c.li    s10, 27
core   0: 3 0x80000f4e (0x4d6d) x26 0x0000001b
core   0: 0x80000f50 (0x025da433) mulhsu  s0, s11, t0
core   0: 3 0x80000f50 (0x025da433) x 8 0x0000ffff
core   0: 0x80000f54 (0x02d9ffb3) remu    t6, s3, a3
core   0: 3 0x80000f54 (0x02d9ffb3) x31 0x8000ee64
core   0: 0x80000f58 (0x03e1b533) mulhu   a0, gp, t5
core   0: 3 0x80000f58 (0x03e1b533) x10 0x00000000
core   0: 0x80000f5c (0x00000a8a) c.slli  s5, 2
core   0: 3 0x80000f5c (0x0a8a) x21 0x00000004
core   0: 0x80000f5e (0x000046fd) c.li    a3, 31
core   0: 3 0x80000f5e (0x46fd) x13 0x0000001f
core   0: 0x80000f60 (0x00001e18) c.addi4spn a4, sp, 816
core   0: 3 0x80000f60 (0x1e18) x14 0xd2db91de
core   0: 0x80000f62 (0x03e94db3) div     s11, s2, t5
core   0: 3 0x80000f62 (0x03e94db3) x27 0xffffffff
core   0: 0x80000f66 (0x00f09313) slli    t1, ra, 15
core   0: 3 0x80000f66 (0x00f09313) x 6 0x00000000
core   0: 0x80000f6a (0x00006359) c.lui   t1, 0x16
core   0: 3 0x80000f6a (0x6359) x 6 0x00016000
core   0: 0x80000f6c (0x94ab6f13) ori     t5, s6, -1718
core   0: 3 0x80000f6c (0x94ab6f13) x30 0xfffff94a
core   0: 0x80000f70 (0x02bf1733) mulh    a4, t5, a1
core   0: 3 0x80000f70 (0x02bf1733) x14 0xffffffff
core   0: 0x80000f74 (0xeec76193) ori     gp, a4, -276
core   0: 3 0x80000f74 (0xeec76193) x 3 0xffffffff
core   0: 0x80000f78 (0x01f9d193) srli    gp, s3, 31
core   0: 3 0x80000f78 (0x01f9d193) x 3 0x00000001
core   0: 0x80000f7c (0x403581b3) sub     gp, a1, gp
core   0: 3 0x80000f7c (0x403581b3) x 3 0x00000000
core   0: 0x80000f80 (0x000096ae) c.add   a3, a1
core   0: 3 0x80000f80 (0x96ae) x13 0x00000020
core   0: 0x80000f82 (0x964eab93) slti    s7, t4, -1692
core   0: 3 0x80000f82 (0x964eab93) x23 0x00000000
core   0: 0x80000f86 (0x00008399) c.srli  a5, 6
core   0: 3 0x80000f86 (0x8399) x15 0x0398748a
core   0: 0x80000f88 (0x02077cb3) remu    s9, a4, zero
core   0: 3 0x80000f88 (0x02077cb3) x25 0xffffffff
core   0: 0x80000f8c (0x02bedfb3) divu    t6, t4, a1
core   0: 3 0x80000f8c (0x02bedfb3) x31 0x316ec000
core   0: 0x80000f90 (0x0120a533) slt     a0, ra, s2
core   0: 3 0x80000f90 (0x0120a533) x10 0x00000001
core   0: 0x80000f94 (0x02e3cdb3) div     s11, t2, a4
core   0: 3 0x80000f94 (0x02e3cdb3) x27 0x7ffed31c
core   0: 0x80000f98 (0x00008ca9) c.xor   s1, a0
core   0: 3 0x80000f98 (0x8ca9) x 9 0x00000001
core   0: 0x80000f9a (0x00000162) c.slli  sp, 24
core   0: 3 0x80000f9a (0x0162) x 2 0xae000000
core   0: 0x80000f9c (0x406f0533) sub     a0, t5, t1
core   0: 3 0x80000f9c (0x406f0533) x10 0xfffe994a
core   0: 0x80000fa0 (0x00ed5793) srli    a5, s10, 14
core   0: 3 0x80000fa0 (0x00ed5793) x15 0x00000000
core   0: 0x80000fa4 (0x03b77433) remu    s0, a4, s11
core   0: 3 0x80000fa4 (0x03b77433) x 8 0x000259c7
core   0: 0x80000fa8 (0x72f62093) slti    ra, a2, 1839
core   0: 3 0x80000fa8 (0x72f62093) x 1 0x00000001
core   0: 0x80000fac (0x02956eb3) rem     t4, a0, s1
core   0: 3 0x80000fac (0x02956eb3) x29 0x00000000
core   0: 0x80000fb0 (0x01c9d333) srl     t1, s3, t3
core   0: 3 0x80000fb0 (0x01c9d333) x 6 0x00010001
core   0: 0x80000fb4 (0x000000ad) c.addi  ra, 11
core   0: 3 0x80000fb4 (0x00ad) x 1 0x0000000c
core   0: 0x80000fb6 (0x006c11b3) sll     gp, s8, t1
core   0: 3 0x80000fb6 (0x006c11b3) x 3 0x3f24bcc4
core   0: 0x80000fba (0x00049c33) sll     s8, s1, zero
core   0: 3 0x80000fba (0x00049c33) x24 0x00000001
core   0: 0x80000fbe (0x0000129c) c.addi4spn a5, sp, 352
core   0: 3 0x80000fbe (0x129c) x15 0xae000160
core   0: 0x80000fc0 (0x00008fd5) c.or    a5, a3
core   0: 3 0x80000fc0 (0x8fd5) x15 0xae000160
core   0: 0x80000fc2 (0x02cf5bb3) divu    s7, t5, a2
core   0: 3 0x80000fc2 (0x02cf5bb3) x23 0xffffffff
core   0: 0x80000fc6 (0xc331fc13) andi    s8, gp, -973
core   0: 3 0x80000fc6 (0xc331fc13) x24 0x3f24bc00
core   0: 0x80000fca (0x02789f33) mulh    t5, a7, t2
core   0: 3 0x80000fca (0x02789f33) x30 0x0cf1504c
core   0: 0x80000fce (0x0363ba33) mulhu   s4, t2, s6
core   0: 3 0x80000fce (0x0363ba33) x20 0x00000000
core   0: 0x80000fd2 (0x000058fd) c.li    a7, -1
core   0: 3 0x80000fd2 (0x58fd) x17 0xffffffff
core   0: 0x80000fd4 (0x401108b3) sub     a7, sp, ra
core   0: 3 0x80000fd4 (0x401108b3) x17 0xadfffff4
core   0: 0x80000fd8 (0x00008c6d) c.and   s0, a1
core   0: 3 0x80000fd8 (0x8c6d) x 8 0x00000001
core   0: 0x80000fda (0x00000aa2) c.slli  s5, 8
core   0: 3 0x80000fda (0x0aa2) x21 0x00000400
core   0: 0x80000fdc (0x008a8333) add     t1, s5, s0
core   0: 3 0x80000fdc (0x008a8333) x 6 0x00000401
core   0: 0x80000fe0 (0xe64f4193) xori    gp, t5, -412
core   0: 3 0x80000fe0 (0xe64f4193) x 3 0xf30eae28
core   0: 0x80000fe4 (0x017187b3) add     a5, gp, s7
core   0: 3 0x80000fe4 (0x017187b3) x15 0xf30eae27
core   0: 0x80000fe8 (0x004c2d33) slt     s10, s8, tp
core   0: 3 0x80000fe8 (0x004c2d33) x26 0x00000000
core   0: 0x80000fec (0x00008365) c.srli  a4, 25
core   0: 3 0x80000fec (0x8365) x14 0x0000007f
core   0: 0x80000fee (0x037f1b33) mulh    s6, t5, s7
core   0: 3 0x80000fee (0x037f1b33) x22 0xffffffff
core   0: 0x80000ff2 (0x13887b13) andi    s6, a6, 312
core   0: 3 0x80000ff2 (0x13887b13) x22 0x00000000
core   0: 0x80000ff6 (0x00000ac2) c.slli  s5, 16
core   0: 3 0x80000ff6 (0x0ac2) x21 0x04000000
core   0: 0x80000ff8 (0x3ba591b7) lui     gp, 0x3ba59
core   0: 3 0x80000ff8 (0x3ba591b7) x 3 0x3ba59000
core   0: 0x80000ffc (0x00009d32) c.add   s10, a2
core   0: 3 0x80000ffc (0x9d32) x26 0x00000000
core   0: 0x80000ffe (0x00008f11) c.sub   a4, a2
core   0: 3 0x80000ffe (0x8f11) x14 0x0000007f
core   0: 0x80001000 (0x00008aad) c.andi  a3, 11
core   0: 3 0x80001000 (0x8aad) x13 0x00000000
core   0: 0x80001002 (0x00008cad) c.xor   s1, a1
core   0: 3 0x80001002 (0x8cad) x 9 0x00000000
core   0: 0x80001004 (0x0069d033) srl     zero, s3, t1
core   0: 3 0x80001004 (0x0069d033)
core   0: 0x80001008 (0x4139d693) srai    a3, s3, 19
core   0: 3 0x80001008 (0x4139d693) x13 0xfffff000
core   0: 0x8000100c (0xe3f07013) andi    zero, zero, -449
core   0: 3 0x8000100c (0xe3f07013)
core   0: 0x80001010 (0x03891eb3) mulh    t4, s2, s8
core   0: 3 0x80001010 (0x03891eb3) x29 0x00000000
core   0: 0x80001014 (0x0000655d) c.lui   a0, 0x17
core   0: 3 0x80001014 (0x655d) x10 0x00017000
core   0: 0x80001016 (0x01119593) slli    a1, gp, 17
core   0: 3 0x80001016 (0x01119593) x11 0x20000000
core   0: 0x8000101a (0x000087bd) c.srai  a5, 15
core   0: 3 0x8000101a (0x87bd) x15 0xffffe61d
core   0: 0x8000101c (0x00008cd1) c.or    s1, a2
core   0: 3 0x8000101c (0x8cd1) x 9 0x00000000
core   0: 0x8000101e (0x00c05b93) srli    s7, zero, 12
core   0: 3 0x8000101e (0x00c05b93) x23 0x00000000
core   0: 0x80001022 (0x00de6eb3) or      t4, t3, a3
core   0: 3 0x80001022 (0x00de6eb3) x29 0xfffff6ef
core   0: 0x80001026 (0x000048d5) c.li    a7, 21
core   0: 3 0x80001026 (0x48d5) x17 0x00000015
core   0: 0x80001028 (0x00000001) c.nop
core   0: 3 0x80001028 (0x0001)
core   0: 0x8000102a (0x000c9a33) sll     s4, s9, zero
core   0: 3 0x8000102a (0x000c9a33) x20 0xffffffff
core   0: 0x8000102e (0x00000a2a) c.slli  s4, 10
core   0: 3 0x8000102e (0x0a2a) x20 0xfffffc00
core   0: 0x80001030 (0x0000011a) c.slli  sp, 6
core   0: 3 0x80001030 (0x011a) x 2 0x80000000
core   0: 0x80001032 (0x00183fb3) sltu    t6, a6, ra
core   0: 3 0x80001032 (0x00183fb3) x31 0x00000001
core   0: 0x80001036 (0x0000872d) c.srai  a4, 11
core   0: 3 0x80001036 (0x872d) x14 0x00000000
core   0: 0x80001038 (0x000040d1) c.li    ra, 20
core   0: 3 0x80001038 (0x40d1) x 1 0x00000014
core   0: 0x8000103a (0x00008db5) c.xor   a1, a3
core   0: 3 0x8000103a (0x8db5) x11 0xdffff000
core   0: 0x8000103c (0x418d8d33) sub     s10, s11, s8
core   0: 3 0x8000103c (0x418d8d33) x26 0x40da171c
core   0: 0x80001040 (0x03535433) divu    s0, t1, s5
core   0: 3 0x80001040 (0x03535433) x 8 0x00000000
core   0: 0x80001044 (0x031f77b3) remu    a5, t5, a7
core   0: 3 0x80001044 (0x031f77b3) x15 0x00000001
core   0: 0x80001048 (0x0000910e) c.add   sp, gp
core   0: 3 0x80001048 (0x910e) x 2 0xbba59000
core   0: 0x8000104a (0x391f4b93) xori    s7, t5, 913
core   0: 3 0x8000104a (0x391f4b93) x23 0x0cf153dd
core   0: 0x8000104e (0x000082f9) c.srli  a3, 30
core   0: 3 0x8000104e (0x82f9) x13 0x00000003
core   0: 0x80001050 (0x03feac33) mulhsu  s8, t4, t6
core   0: 3 0x80001050 (0x03feac33) x24 0xffffffff
core   0: 0x80001054 (0x40785c13) srai    s8, a6, 7
core   0: 3 0x80001054 (0x40785c13) x24 0x00000000
core   0: 0x80001058 (0x00684233) xor     tp, a6, t1
core   0: 3 0x80001058 (0x00684233) x 4 0x00000400
core   0: 0x8000105c (0x03b76233) rem     tp, a4, s11
core   0: 3 0x8000105c (0x03b76233) x 4 0x00000000
core   0: 0x80001060 (0x00008d85) c.sub   a1, s1
core   0: 3 0x80001060 (0x8d85) x11 0xdffff000
core   0: 0x80001062 (0x00008799) c.srai  a5, 6
core   0: 3 0x80001062 (0x8799) x15 0x00000000
core   0: 0x80001064 (0x019edd93) srli    s11, t4, 25
core   0: 3 0x80001064 (0x019edd93) x27 0x0000007f
core   0: 0x80001068 (0x01105793) srli    a5, zero, 17
core   0: 3 0x80001068 (0x01105793) x15 0x00000000
core   0: 0x8000106c (0x012d7c33) and     s8, s10, s2
core   0: 3 0x8000106c (0x012d7c33) x24 0x00000000
core   0: 0x80001070 (0x00000001) c.nop
core   0: 3 0x80001070 (0x0001)
core   0: 0x80001072 (0x00008dc5) c.or    a1, s1
core   0: 3 0x80001072 (0x8dc5) x11 0xdffff000
core   0: 0x80001074 (0x00004445) c.li    s0, 17
core   0: 3 0x80001074 (0x4445) x 8 0x00000011
core   0: 0x80001076 (0x00001600) c.addi4spn s0, sp, 800
core   0: 3 0x80001076 (0x1600) x 8 0xbba59320
core   0: 0x80001078 (0x0279aa33) mulhsu  s4, s3, t2
core   0: 3 0x80001078 (0x0279aa33) x20 0xbfffe0c1
core   0: 0x8000107c (0x014326b3) slt     a3, t1, s4
core   0: 3 0x8000107c (0x014326b3) x13 0x00000000
core   0: 0x80001080 (0x00a10233) add     tp, sp, a0
core   0: 3 0x80001080 (0x00a10233) x 4 0xbba70000
core   0: 0x80001084 (0x40fed033) sra     zero, t4, a5
core   0: 3 0x80001084 (0x40fed033)
core   0: 0x80001088 (0x0018d213) srli    tp, a7, 1
core   0: 3 0x80001088 (0x0018d213) x 4 0x0000000a
core   0: 0x8000108c (0x00000684) c.addi4spn s1, sp, 832
core   0: 3 0x8000108c (0x0684) x 9 0xbba59340
core   0: 0x8000108e (0x00000f2a) c.slli  t5, 10
core   0: 3 0x8000108e (0x0f2a) x30 0xc5413000
core   0: 0x80001090 (0x40500b33) sub     s6, zero, t0
core   0: 3 0x80001090 (0x40500b33) x22 0x00000380
core   0: 0x80001094 (0x02932333) mulhsu  t1, t1, s1
core   0: 3 0x80001094 (0x02932333) x 6 0x000002ef
core   0: 0x80001098 (0x4c97ee93) ori     t4, a5, 1225
core   0: 3 0x80001098 (0x4c97ee93) x29 0x000004c9
core   0: 0x8000109c (0x00cf8e33) add     t3, t6, a2
core   0: 3 0x8000109c (0x00cf8e33) x28 0x00000001
core   0: 0x800010a0 (0x000097ce) c.add   a5, s3
core   0: 3 0x800010a0 (0x97ce) x15 0x8000ee64
core   0: 0x800010a2 (0x03268033) mul     zero, a3, s2
core   0: 3 0x800010a2 (0x03268033)
core   0: 0x800010a6 (0x41b6d533) sra     a0, a3, s11
core   0: 3 0x800010a6 (0x41b6d533) x10 0x00000000
core   0: 0x800010aa (0x014bde93) srli    t4, s7, 20
core   0: 3 0x800010aa (0x014bde93) x29 0x000000cf
core   0: 0x800010ae (0x55c44193) xori    gp, s0, 1372
core   0: 3 0x800010ae (0x55c44193) x 3 0xbba5967c
core   0: 0x800010b2 (0x0158cbb3) xor     s7, a7, s5
core   0: 3 0x800010b2 (0x0158cbb3) x23 0x04000015
core   0: 0x800010b6 (0x000010fd) c.addi  ra, -1
core   0: 3 0x800010b6 (0x10fd) x 1 0x00000013
core   0: 0x800010b8 (0x026f90b3) mulh    ra, t6, t1
core   0: 3 0x800010b8 (0x026f90b3) x 1 0x00000000
core   0: 0x800010bc (0x00000c25) c.addi  s8, 9
core   0: 3 0x800010bc (0x0c25) x24 0x00000009
core   0: 0x800010be (0x030536b3) mulhu   a3, a0, a6
core   0: 3 0x800010be (0x030536b3) x13 0x00000000
core   0: 0x800010c2 (0x4019d713) srai    a4, s3, 1
core   0: 3 0x800010c2 (0x4019d713) x14 0xc0007732
core   0: 0x800010c6 (0x407d0f33) sub     t5, s10, t2
core   0: 3 0x800010c6 (0x407d0f33) x30 0xc0d8ea38
core   0: 0x800010ca (0x0215afb3) mulhsu  t6, a1, ra
core   0: 3 0x800010ca (0x0215afb3) x31 0x00000000
core   0: 0x800010ce (0x001dcc33) xor     s8, s11, ra
core   0: 3 0x800010ce (0x001dcc33) x24 0x0000007f
core   0: 0x800010d2 (0x00000326) c.slli  t1, 9
core   0: 3 0x800010d2 (0x0326) x 6 0x0005de00
core   0: 0x800010d4 (0x00000d1e) c.slli  s10, 7
core   0: 3 0x800010d4 (0x0d1e) x26 0x6d0b8e00
core   0: 0x800010d6 (0x00000001) c.nop
core   0: 3 0x800010d6 (0x0001)
core   0: 0x800010d8 (0x00008c21) c.xor   s0, s0
core   0: 3 0x800010d8 (0x8c21) x 8 0x00000000
core   0: 0x800010da (0x0000890d) c.andi  a0, 3
core   0: 3 0x800010da (0x890d) x10 0x00000000
core   0: 0x800010dc (0x00006539) c.lui   a0, 0xe
core   0: 3 0x800010dc (0x6539) x10 0x0000e000
core   0: 0x800010de (0x0000537d) c.li    t1, -1
core   0: 3 0x800010de (0x537d) x 6 0xffffffff
core   0: 0x800010e0 (0x01ae0b33) add     s6, t3, s10
core   0: 3 0x800010e0 (0x01ae0b33) x22 0x6d0b8e01
core   0: 0x800010e4 (0x00000001) c.nop
core   0: 3 0x800010e4 (0x0001)
core   0: 0x800010e6 (0x0000717d) c.addi16sp sp, -16
core   0: 3 0x800010e6 (0x717d) x 2 0xbba58ff0
core   0: 0x800010e8 (0x00f15033) srl     zero, sp, a5
core   0: 3 0x800010e8 (0x00f15033)
core   0: 0x800010ec (0x00b5ae33) slt     t3, a1, a1
core   0: 3 0x800010ec (0x00b5ae33) x28 0x00000000
core   0: 0x800010f0 (0xa6c5a793) slti    a5, a1, -1428
core   0: 3 0x800010f0 (0xa6c5a793) x15 0x00000001
core   0: 0x800010f4 (0x02728a33) mul     s4, t0, t2
core   0: 3 0x800010f4 (0x02728a33) x20 0xfbe2e200
core   0: 0x800010f8 (0x00008ed9) c.or    a3, a4
core   0: 3 0x800010f8 (0x8ed9) x13 0xc0007732
core   0: 0x800010fa (0x00e5fa33) and     s4, a1, a4
core   0: 3 0x800010fa (0x00e5fa33) x20 0xc0007000
core   0: 0x800010fe (0x40558e33) sub     t3, a1, t0
core   0: 3 0x800010fe (0x40558e33) x28 0xdffff380
core   0: 0x80001102 (0x4b3d6b93) ori     s7, s10, 1203
core   0: 3 0x80001102 (0x4b3d6b93) x23 0x6d0b8eb3
core   0: 0x80001106 (0x000042b9) c.li    t0, 14
core   0: 3 0x80001106 (0x42b9) x 5 0x0000000e
core   0: 0x80001108 (0x00008f31) c.xor   a4, a2
core   0: 3 0x80001108 (0x8f31) x14 0xc0007732
core   0: 0x8000110a (0x65d68417) auipc   s0, 0x65d68
core   0: 3 0x8000110a (0x65d68417) x 8 0xe5d6910a
core   0: 0x8000110e (0x0257ad33) mulhsu  s10, a5, t0
core   0: 3 0x8000110e (0x0257ad33) x26 0x00000000
core   0: 0x80001112 (0x03bcc233) div     tp, s9, s11
core   0: 3 0x80001112 (0x03bcc233) x 4 0x00000000
core   0: 0x80001116 (0x000011fd) c.addi  gp, -1
core   0: 3 0x80001116 (0x11fd) x 3 0xbba5967b
core   0: 0x80001118 (0x00009afd) c.andi  a3, -1
core   0: 3 0x80001118 (0x9afd) x13 0xc0007732
core   0: 0x8000111a (0x01d3d693) srli    a3, t2, 29
core   0: 3 0x8000111a (0x01d3d693) x13 0x00000004
core   0: 0x8000111e (0x026b9433) mulh    s0, s7, t1
core   0: 3 0x8000111e (0x026b9433) x 8 0xffffffff
core   0: 0x80001122 (0x00000001) c.nop
core   0: 3 0x80001122 (0x0001)
core   0: 0x80001124 (0x036d0133) mul     sp, s10, s6
core   0: 3 0x80001124 (0x036d0133) x 2 0x00000000
core   0: 0x80001128 (0x787e8593) addi    a1, t4, 1927
core   0: 3 0x80001128 (0x787e8593) x11 0x00000856
core   0: 0x8000112c (0x005668b3) or      a7, a2, t0
core   0: 3 0x8000112c (0x005668b3) x17 0x0000000e
core   0: 0x80001130 (0x6dd33313) sltiu   t1, t1, 1757
core   0: 3 0x80001130 (0x6dd33313) x 6 0x00000000
core   0: 0x80001134 (0x037c97b3) mulh    a5, s9, s7
core   0: 3 0x80001134 (0x037c97b3) x15 0xffffffff
core   0: 0x80001138 (0x0000082a) c.slli  a6, 10
core   0: 3 0x80001138 (0x082a) x16 0x00000400
core   0: 0x8000113a (0xaef9cd93) xori    s11, s3, -1297
core   0: 3 0x8000113a (0xaef9cd93) x27 0x7fff148b
core   0: 0x8000113e (0x000086c2) c.mv    a3, a6
core   0: 3 0x8000113e (0x86c2) x13 0x00000400
core   0: 0x80001140 (0x0200abb3) mulhsu  s7, ra, zero
core   0: 3 0x80001140 (0x0200abb3) x23 0x00000000
core   0: 0x80001144 (0x46d6ee13) ori     t3, a3, 1133
core   0: 3 0x80001144 (0x46d6ee13) x28 0x0000046d
core   0: 0x80001148 (0x00008e91) c.sub   a3, a2
core   0: 3 0x80001148 (0x8e91) x13 0x00000400
core   0: 0x8000114a (0x01f14933) xor     s2, sp, t6
core   0: 3 0x8000114a (0x01f14933) x18 0x00000000
core   0: 0x8000114e (0x00008f51) c.or    a4, a2
core   0: 3 0x8000114e (0x8f51) x14 0xc0007732
core   0: 0x80001150 (0x50526513) ori     a0, tp, 1285
core   0: 3 0x80001150 (0x50526513) x10 0x00000505
core   0: 0x80001154 (0x00e02ab3) slt     s5, zero, a4
core   0: 3 0x80001154 (0x00e02ab3) x21 0x00000000
core   0: 0x80001158 (0x40875b93) srai    s7, a4, 8
core   0: 3 0x80001158 (0x40875b93) x23 0xffc00077
core   0: 0x8000115c (0x00000001) c.nop
core   0: 3 0x8000115c (0x0001)
core   0: 0x8000115e (0x0101d893) srli    a7, gp, 16
core   0: 3 0x8000115e (0x0101d893) x17 0x0000bba5
core   0: 0x80001162 (0x41e8d513) srai    a0, a7, 30
core   0: 3 0x80001162 (0x41e8d513) x10 0x00000000
core   0: 0x80001166 (0xffe9e213) ori     tp, s3, -2
core   0: 3 0x80001166 (0xffe9e213) x 4 0xfffffffe
core   0: 0x8000116a (0x76386793) ori     a5, a6, 1891
core   0: 3 0x8000116a (0x76386793) x15 0x00000763
core   0: 0x8000116e (0x41135f33) sra     t5, t1, a7
core   0: 3 0x8000116e (0x41135f33) x30 0x00000000
core   0: 0x80001172 (0x28c1e893) ori     a7, gp, 652
core   0: 3 0x80001172 (0x28c1e893) x17 0xbba596ff
core   0: 0x80001176 (0x07798a93) addi    s5, s3, 119
core   0: 3 0x80001176 (0x07798a93) x21 0x8000eedb
core   0: 0x8000117a (0x00008f61) c.and   a4, s0
core   0: 3 0x8000117a (0x8f61) x14 0xc0007732
core   0: 0x8000117c (0x001294b3) sll     s1, t0, ra
core   0: 3 0x8000117c (0x001294b3) x 9 0x0000000e
core   0: 0x80001180 (0x00000b18) c.addi4spn a4, sp, 400
core   0: 3 0x80001180 (0x0b18) x14 0x00000190
core   0: 0x80001182 (0x000b9db3) sll     s11, s7, zero
core   0: 3 0x80001182 (0x000b9db3) x27 0xffc00077
core   0: 0x80001186 (0x00008fed) c.and   a5, a1
core   0: 3 0x80001186 (0x8fed) x15 0x00000042
core   0: 0x80001188 (0xbe6c38b7) lui     a7, 0xbe6c3
core   0: 3 0x80001188 (0xbe6c38b7) x17 0xbe6c3000
core   0: 0x8000118c (0xca856513) ori     a0, a0, -856
core   0: 3 0x8000118c (0xca856513) x10 0xfffffca8
core   0: 0x80001190 (0x024346b3) div     a3, t1, tp
core   0: 3 0x80001190 (0x024346b3) x13 0x00000000
core   0: 0x80001194 (0x0000809d) c.srli  s1, 7
core   0: 3 0x80001194 (0x809d) x 9 0x00000000
core   0: 0x80001196 (0x00000001) c.nop
core   0: 3 0x80001196 (0x0001)
core   0: 0x80001198 (0x00009562) c.add   a0, s8
core   0: 3 0x80001198 (0x9562) x10 0xfffffd27
core   0: 0x8000119a (0x00000001) c.nop
core   0: 3 0x8000119a (0x0001)
core   0: 0x8000119c (0x000008de) c.slli  a7, 23
core   0: 3 0x8000119c (0x08de) x17 0x00000000
core   0: 0x8000119e (0x00cad933) srl     s2, s5, a2
core   0: 3 0x8000119e (0x00cad933) x18 0x8000eedb
core   0: 0x800011a2 (0x012b8733) add     a4, s7, s2
core   0: 3 0x800011a2 (0x012b8733) x14 0x7fc0ef52
core   0: 0x800011a6 (0x00006141) c.addi16sp sp, 16
core   0: 3 0x800011a6 (0x6141) x 2 0x00000010
core   0: 0x800011a8 (0x03f2c5b3) div     a1, t0, t6
core   0: 3 0x800011a8 (0x03f2c5b3) x11 0xffffffff
core   0: 0x800011ac (0x00000001) c.nop
core   0: 3 0x800011ac (0x0001)
core   0: 0x800011ae (0x0000197d) c.addi  s2, -1
core   0: 3 0x800011ae (0x197d) x18 0x8000eeda
core   0: 0x800011b0 (0x00000001) c.nop
core   0: 3 0x800011b0 (0x0001)
core   0: 0x800011b2 (0x79e56a13) ori     s4, a0, 1950
core   0: 3 0x800011b2 (0x79e56a13) x20 0xffffffbf
core   0: 0x800011b6 (0x020efa33) remu    s4, t4, zero
core   0: 3 0x800011b6 (0x020efa33) x20 0x000000cf
core   0: 0x800011ba (0x00009be6) c.add   s7, s9
core   0: 3 0x800011ba (0x9be6) x23 0xffc00076
core   0: 0x800011bc (0xfe8938b7) lui     a7, 0xfe893
core   0: 3 0x800011bc (0xfe8938b7) x17 0xfe893000
core   0: 0x800011c0 (0xf224f337) lui     t1, 0xf224f
core   0: 3 0x800011c0 (0xf224f337) x 6 0xf224f000
core   0: 0x800011c4 (0x14943493) sltiu   s1, s0, 329
core   0: 3 0x800011c4 (0x14943493) x 9 0x00000000
core   0: 0x800011c8 (0x01eb6c33) or      s8, s6, t5
core   0: 3 0x800011c8 (0x01eb6c33) x24 0x6d0b8e01
core   0: 0x800011cc (0x00008126) c.mv    sp, s1
core   0: 3 0x800011cc (0x8126) x 2 0x00000000
core   0: 0x800011ce (0x000098a2) c.add   a7, s0
core   0: 3 0x800011ce (0x98a2) x17 0xfe892fff
core   0: 0x800011d0 (0x0000071d) c.addi  a4, 7
core   0: 3 0x800011d0 (0x071d) x14 0x7fc0ef59
core   0: 0x800011d2 (0x004e7333) and     t1, t3, tp
core   0: 3 0x800011d2 (0x004e7333) x 6 0x0000046c
core   0: 0x800011d6 (0xde91b493) sltiu   s1, gp, -535
core   0: 3 0x800011d6 (0xde91b493) x 9 0x00000001
core   0: 0x800011da (0x71ddeb37) lui     s6, 0x71dde
core   0: 3 0x800011da (0x71ddeb37) x22 0x71dde000
core   0: 0x800011de (0x0209f833) remu    a6, s3, zero
core   0: 3 0x800011de (0x0209f833) x16 0x8000ee64
core   0: 0x800011e2 (0x00000001) c.nop
core   0: 3 0x800011e2 (0x0001)
core   0: 0x800011e4 (0x036300b3) mul     ra, t1, s6
core   0: 3 0x800011e4 (0x036300b3) x 1 0x811a8000
core   0: 0x800011e8 (0x00085c13) srli    s8, a6, 0
core   0: 3 0x800011e8 (0x00085c13) x24 0x8000ee64
core   0: 0x800011ec (0x00008dd9) c.or    a1, a4
core   0: 3 0x800011ec (0x8dd9) x11 0xffffffff
core   0: 0x800011ee (0x4129d8b3) sra     a7, s3, s2
core   0: 3 0x800011ee (0x4129d8b3) x17 0xffffffe0
core   0: 0x800011f2 (0x41fd02b3) sub     t0, s10, t6
core   0: 3 0x800011f2 (0x41fd02b3) x 5 0x00000000
core   0: 0x800011f6 (0x41bc0833) sub     a6, s8, s11
core   0: 3 0x800011f6 (0x41bc0833) x16 0x8040eded
core   0: 0x800011fa (0x0000080a) c.slli  a6, 2
core   0: 3 0x800011fa (0x080a) x16 0x0103b7b4
core   0: 0x800011fc (0xf214f593) andi    a1, s1, -223
core   0: 3 0x800011fc (0xf214f593) x11 0x00000001
core   0: 0x80001200 (0x00008f49) c.or    a4, a0
core   0: 3 0x80001200 (0x8f49) x14 0xffffff7f
core   0: 0x80001202 (0xdaf6f513) andi    a0, a3, -593
core   0: 3 0x80001202 (0xdaf6f513) x10 0x00000000
core   0: 0x80001206 (0x030170b3) remu    ra, sp, a6
core   0: 3 0x80001206 (0x030170b3) x 1 0x00000000
core   0: 0x8000120a (0x00004829) c.li    a6, 10
core   0: 3 0x8000120a (0x4829) x16 0x0000000a
core   0: 0x8000120c (0x00008731) c.srai  a4, 12
core   0: 3 0x8000120c (0x8731) x14 0xffffffff
core   0: 0x8000120e (0xb30d4b13) xori    s6, s10, -1232
core   0: 3 0x8000120e (0xb30d4b13) x22 0xfffffb30
core   0: 0x80001212 (0x1014aa93) slti    s5, s1, 257
core   0: 3 0x80001212 (0x1014aa93) x21 0x00000001
core   0: 0x80001216 (0x00008f0d) c.sub   a4, a1
core   0: 3 0x80001216 (0x8f0d) x14 0xfffffffe
core   0: 0x80001218 (0x0000813a) c.mv    sp, a4
core   0: 3 0x80001218 (0x813a) x 2 0xfffffffe
core   0: 0x8000121a (0x00e1aa33) slt     s4, gp, a4
core   0: 3 0x8000121a (0x00e1aa33) x20 0x00000001
core   0: 0x8000121e (0x0000970a) c.add   a4, sp
core   0: 3 0x8000121e (0x970a) x14 0xfffffffc
core   0: 0x80001220 (0x00edcc33) xor     s8, s11, a4
core   0: 3 0x80001220 (0x00edcc33) x24 0x003fff8b
core   0: 0x80001224 (0x03a08a33) mul     s4, ra, s10
core   0: 3 0x80001224 (0x03a08a33) x20 0x00000000
core   0: 0x80001228 (0xf9068793) addi    a5, a3, -112
core   0: 3 0x80001228 (0xf9068793) x15 0xffffff90
core   0: 0x8000122c (0x00605a33) srl     s4, zero, t1
core   0: 3 0x8000122c (0x00605a33) x20 0x00000000
core   0: 0x80001230 (0x00a3d2b3) srl     t0, t2, a0
core   0: 3 0x80001230 (0x00a3d2b3) x 5 0x80012ce4
core   0: 0x80001234 (0x00001c7d) c.addi  s8, -1
core   0: 3 0x80001234 (0x1c7d) x24 0x003fff8a
core   0: 0x80001236 (0x01b70433) add     s0, a4, s11
core   0: 3 0x80001236 (0x01b70433) x 8 0xffc00073
core   0: 0x8000123a (0x00000ce9) c.addi  s9, 26
core   0: 3 0x8000123a (0x0ce9) x25 0x00000019
core   0: 0x8000123c (0x000084d6) c.mv    s1, s5
core   0: 3 0x8000123c (0x84d6) x 9 0x00000001
core   0: 0x8000123e (0x00643033) sltu    zero, s0, t1
core   0: 3 0x8000123e (0x00643033)
core   0: 0x80001242 (0x01235e93) srli    t4, t1, 18
core   0: 3 0x80001242 (0x01235e93) x29 0x00000000
core   0: 0x80001246 (0x00000001) c.nop
core   0: 3 0x80001246 (0x0001)
core   0: 0x80001248 (0x00001afd) c.addi  s5, -1
core   0: 3 0x80001248 (0x1afd) x21 0x00000000
core   0: 0x8000124a (0x01feb2b7) lui     t0, 0x1feb
core   0: 3 0x8000124a (0x01feb2b7) x 5 0x01feb000
core   0: 0x8000124e (0x0000678d) c.lui   a5, 0x3
core   0: 3 0x8000124e (0x678d) x15 0x00003000
core   0: 0x80001250 (0x41765593) srai    a1, a2, 23
core   0: 3 0x80001250 (0x41765593) x11 0x00000000
core   0: 0x80001254 (0xf34e6213) ori     tp, t3, -204
core   0: 3 0x80001254 (0xf34e6213) x 4 0xffffff7d
core   0: 0x80001258 (0x4185de93) srai    t4, a1, 24
core   0: 3 0x80001258 (0x4185de93) x29 0x00000000
core   0: 0x8000125c (0x001a3a93) seqz    s5, s4
core   0: 3 0x8000125c (0x001a3a93) x21 0x00000001
core   0: 0x80001260 (0x000066a5) c.lui   a3, 0x9
core   0: 3 0x80001260 (0x66a5) x13 0x00009000
core   0: 0x80001262 (0x8539cb93) xori    s7, s3, -1965
core   0: 3 0x80001262 (0x8539cb93) x23 0x7fff1637
core   0: 0x80001266 (0x0132bf33) sltu    t5, t0, s3
core   0: 3 0x80001266 (0x0132bf33) x30 0x00000001
core   0: 0x8000126a (0x0082e533) or      a0, t0, s0
core   0: 3 0x8000126a (0x0082e533) x10 0xfffeb073
core   0: 0x8000126e (0x02bed2b3) divu    t0, t4, a1
core   0: 3 0x8000126e (0x02bed2b3) x 5 0xffffffff
core   0: 0x80001272 (0x00008441) c.srai  s0, 16
core   0: 3 0x80001272 (0x8441) x 8 0xffffffc0
core   0: 0x80001274 (0x02736933) rem     s2, t1, t2
core   0: 3 0x80001274 (0x02736933) x18 0x0000046c
core   0: 0x80001278 (0xe6f6cd93) xori    s11, a3, -401
core   0: 3 0x80001278 (0xe6f6cd93) x27 0xffff6e6f
core   0: 0x8000127c (0x00008d81) c.sub   a1, s0
core   0: 3 0x8000127c (0x8d81) x11 0x00000040
core   0: 0x8000127e (0x00000598) c.addi4spn a4, sp, 704
core   0: 3 0x8000127e (0x0598) x14 0x000002be
core   0: 0x80001280 (0x00008155) c.srli  a0, 21
core   0: 3 0x80001280 (0x8155) x10 0x000007ff
core   0: 0x80001282 (0x00000001) c.nop
core   0: 3 0x80001282 (0x0001)
core   0: 0x80001284 (0x811f3093) sltiu   ra, t5, -2031
core   0: 3 0x80001284 (0x811f3093) x 1 0x00000001
core   0: 0x80001288 (0x0000717d) c.addi16sp sp, -16
core   0: 3 0x80001288 (0x717d) x 2 0xffffffee
core   0: 0x8000128a (0x00001afd) c.addi  s5, -1
core   0: 3 0x8000128a (0x1afd) x21 0x00000000
core   0: 0x8000128c (0x00008b99) c.andi  a5, 6
core   0: 3 0x8000128c (0x8b99) x15 0x00000000
core   0: 0x8000128e (0x00008ea2) c.mv    t4, s0
core   0: 3 0x8000128e (0x8ea2) x29 0xffffffc0
core   0: 0x80001290 (0x004876b3) and     a3, a6, tp
core   0: 3 0x80001290 (0x004876b3) x13 0x00000008
core   0: 0x80001294 (0x00000001) c.nop
core   0: 3 0x80001294 (0x0001)
core   0: 0x80001296 (0xaad80893) addi    a7, a6, -1363
core   0: 3 0x80001296 (0xaad80893) x17 0xfffffab7
core   0: 0x8000129a (0x000085e5) c.srai  a1, 25
core   0: 3 0x8000129a (0x85e5) x11 0x00000000
core   0: 0x8000129c (0xb9dfe217) auipc   tp, 0xb9dfe
core   0: 3 0x8000129c (0xb9dfe217) x 4 0x39dff29c
core   0: 0x800012a0 (0x012892b3) sll     t0, a7, s2
core   0: 3 0x800012a0 (0x012892b3) x 5 0xffab7000
core   0: 0x800012a4 (0x40465b93) srai    s7, a2, 4
core   0: 3 0x800012a4 (0x40465b93) x23 0x00000000
core   0: 0x800012a8 (0x02786733) rem     a4, a6, t2
core   0: 3 0x800012a8 (0x02786733) x14 0x0000000a
core   0: 0x800012ac (0x025a21b3) mulhsu  gp, s4, t0
core   0: 3 0x800012ac (0x025a21b3) x 3 0x00000000
core   0: 0x800012b0 (0x00000001) c.nop
core   0: 3 0x800012b0 (0x0001)
core   0: 0x800012b2 (0x0000033e) c.slli  t1, 15
core   0: 3 0x800012b2 (0x033e) x 6 0x02360000
core   0: 0x800012b4 (0xa41dec13) ori     s8, s11, -1471
core   0: 3 0x800012b4 (0xa41dec13) x24 0xfffffe6f
core   0: 0x800012b8 (0x039f3433) mulhu   s0, t5, s9
core   0: 3 0x800012b8 (0x039f3433) x 8 0x00000000
core   0: 0x800012bc (0x0000717d) c.addi16sp sp, -16
core   0: 3 0x800012bc (0x717d) x 2 0xffffffde
core   0: 0x800012be (0x00000485) c.addi  s1, 1
core   0: 3 0x800012be (0x0485) x 9 0x00000002
core   0: 0x800012c0 (0x011d3b33) sltu    s6, s10, a7
core   0: 3 0x800012c0 (0x011d3b33) x22 0x00000001
core   0: 0x800012c4 (0x00cbddb3) srl     s11, s7, a2
core   0: 3 0x800012c4 (0x00cbddb3) x27 0x00000000
core   0: 0x800012c8 (0x037b3ab3) mulhu   s5, s6, s7
core   0: 3 0x800012c8 (0x037b3ab3) x21 0x00000000
core   0: 0x800012cc (0x00001d00) c.addi4spn s0, sp, 688
core   0: 3 0x800012cc (0x1d00) x 8 0x0000028e
core   0: 0x800012ce (0x031f78b3) remu    a7, t5, a7
core   0: 3 0x800012ce (0x031f78b3) x17 0x00000001
core   0: 0x800012d2 (0x01322d33) slt     s10, tp, s3
core   0: 3 0x800012d2 (0x01322d33) x26 0x00000000
core   0: 0x800012d6 (0xf78e0413) addi    s0, t3, -136
core   0: 3 0x800012d6 (0xf78e0413) x 8 0x000003e5
core   0: 0x800012da (0x00bc6733) or      a4, s8, a1
core   0: 3 0x800012da (0x00bc6733) x14 0xfffffe6f
core   0: 0x800012de (0xd44fe813) ori     a6, t6, -700
core   0: 3 0x800012de (0xd44fe813) x16 0xfffffd44
core   0: 0x800012e2 (0x02943d33) mulhu   s10, s0, s1
core   0: 3 0x800012e2 (0x02943d33) x26 0x00000000
core   0: 0x800012e6 (0x00006839) c.lui   a6, 0xe
core   0: 3 0x800012e6 (0x6839) x16 0x0000e000
core   0: 0x800012e8 (0x40ab5bb3) sra     s7, s6, a0
core   0: 3 0x800012e8 (0x40ab5bb3) x23 0x00000000
core   0: 0x800012ec (0x0107d433) srl     s0, a5, a6
core   0: 3 0x800012ec (0x0107d433) x 8 0x00000000
core   0: 0x800012f0 (0x0153ba33) sltu    s4, t2, s5
core   0: 3 0x800012f0 (0x0153ba33) x20 0x00000000
core   0: 0x800012f4 (0x00edbd33) sltu    s10, s11, a4
core   0: 3 0x800012f4 (0x00edbd33) x26 0x00000001
core   0: 0x800012f8 (0x00000001) c.nop
core   0: 3 0x800012f8 (0x0001)
core   0: 0x800012fa (0x010e9c93) slli    s9, t4, 16
core   0: 3 0x800012fa (0x010e9c93) x25 0xffc00000
core   0: 0x800012fe (0xd2c26e93) ori     t4, tp, -724
core   0: 3 0x800012fe (0xd2c26e93) x29 0xffffffbc
core   0: 0x80001302 (0x78534693) xori    a3, t1, 1925
core   0: 3 0x80001302 (0x78534693) x13 0x02360785
core   0: 0x80001306 (0x00008c35) c.xor   s0, a3
core   0: 3 0x80001306 (0x8c35) x 8 0x02360785
core   0: 0x80001308 (0x01d8a2b3) slt     t0, a7, t4
core   0: 3 0x80001308 (0x01d8a2b3) x 5 0x00000000
core   0: 0x8000130c (0x54864793) xori    a5, a2, 1352
core   0: 3 0x8000130c (0x54864793) x15 0x00000548
core   0: 0x80001310 (0x021566b3) rem     a3, a0, ra
core   0: 3 0x80001310 (0x021566b3) x13 0x00000000
core   0: 0x80001314 (0xaa23ca13) xori    s4, t2, -1374
core   0: 3 0x80001314 (0xaa23ca13) x20 0x7ffed646
core   0: 0x80001318 (0x03fcbdb3) mulhu   s11, s9, t6
core   0: 3 0x80001318 (0x03fcbdb3) x27 0x00000000
core   0: 0x8000131c (0x035e3533) mulhu   a0, t3, s5
core   0: 3 0x8000131c (0x035e3533) x10 0x00000000
core   0: 0x80001320 (0xd33a8893) addi    a7, s5, -717
core   0: 3 0x80001320 (0xd33a8893) x17 0xfffffd33
core   0: 0x80001324 (0xdbc7e893) ori     a7, a5, -580
core   0: 3 0x80001324 (0xdbc7e893) x17 0xfffffdfc
core   0: 0x80001328 (0x00008d25) c.xor   a0, s1
core   0: 3 0x80001328 (0x8d25) x10 0x00000002
core   0: 0x8000132a (0x00000001) c.nop
core   0: 3 0x8000132a (0x0001)
core   0: 0x8000132c (0x00008d5d) c.or    a0, a5
core   0: 3 0x8000132c (0x8d5d) x10 0x0000054a
core   0: 0x8000132e (0x00f946b3) xor     a3, s2, a5
core   0: 3 0x8000132e (0x00f946b3) x13 0x00000124
core   0: 0x80001332 (0x00008e81) c.sub   a3, s0
core   0: 3 0x80001332 (0x8e81) x13 0xfdc9f99f
core   0: 0x80001334 (0x0209dbb3) divu    s7, s3, zero
core   0: 3 0x80001334 (0x0209dbb3) x23 0xffffffff
core   0: 0x80001338 (0x00008409) c.srai  s0, 2
core   0: 3 0x80001338 (0x8409) x 8 0x008d81e1
core   0: 0x8000133a (0x00000001) c.nop
core   0: 3 0x8000133a (0x0001)
core   0: 0x8000133c (0x00009d26) c.add   s10, s1
core   0: 3 0x8000133c (0x9d26) x26 0x00000003
core   0: 0x8000133e (0x01722c33) slt     s8, tp, s7
core   0: 3 0x8000133e (0x01722c33) x24 0x00000000
core   0: 0x80001342 (0x0034e2b3) or      t0, s1, gp
core   0: 3 0x80001342 (0x0034e2b3) x 5 0x00000002
core   0: 0x80001346 (0x4186d793) srai    a5, a3, 24
core   0: 3 0x80001346 (0x4186d793) x15 0xfffffffd
core   0: 0x8000134a (0x00008d79) c.and   a0, a4
core   0: 3 0x8000134a (0x8d79) x10 0x0000044a
core   0: 0x8000134c (0x01ad67b3) or      a5, s10, s10
core   0: 3 0x8000134c (0x01ad67b3) x15 0x00000003
core   0: 0x80001350 (0xd6778b97) auipc   s7, 0xd6778
core   0: 3 0x80001350 (0xd6778b97) x23 0x56779350
core   0: 0x80001354 (0x02ad56b3) divu    a3, s10, a0
core   0: 3 0x80001354 (0x02ad56b3) x13 0x00000000
core   0: 0x80001358 (0x01efebb3) or      s7, t6, t5
core   0: 3 0x80001358 (0x01efebb3) x23 0x00000001
core   0: 0x8000135c (0x000084ba) c.mv    s1, a4
core   0: 3 0x8000135c (0x84ba) x 9 0xfffffe6f
core   0: 0x8000135e (0x016c3bb3) sltu    s7, s8, s6
core   0: 3 0x8000135e (0x016c3bb3) x23 0x00000001
core   0: 0x80001362 (0x405f8733) sub     a4, t6, t0
core   0: 3 0x80001362 (0x405f8733) x14 0xfffffffe
core   0: 0x80001366 (0x00008f51) c.or    a4, a2
core   0: 3 0x80001366 (0x8f51) x14 0xfffffffe
core   0: 0x80001368 (0x0000717d) c.addi16sp sp, -16
core   0: 3 0x80001368 (0x717d) x 2 0xffffffce
core   0: 0x8000136a (0x000086aa) c.mv    a3, a0
core   0: 3 0x8000136a (0x86aa) x13 0x0000044a
core   0: 0x8000136c (0x6ef1a913) slti    s2, gp, 1775
core   0: 3 0x8000136c (0x6ef1a913) x18 0x00000001
core   0: 0x80001370 (0x016927b3) slt     a5, s2, s6
core   0: 3 0x80001370 (0x016927b3) x15 0x00000000
core   0: 0x80001374 (0x0359e433) rem     s0, s3, s5
core   0: 3 0x80001374 (0x0359e433) x 8 0x8000ee64
core   0: 0x80001378 (0x000ad413) srli    s0, s5, 0
core   0: 3 0x80001378 (0x000ad413) x 8 0x00000000
core   0: 0x8000137c (0x014c81b3) add     gp, s9, s4
core   0: 3 0x8000137c (0x014c81b3) x 3 0x7fbed646
core   0: 0x80001380 (0x00604a33) xor     s4, zero, t1
core   0: 3 0x80001380 (0x00604a33) x20 0x02360000
core   0: 0x80001384 (0x00008d0d) c.sub   a0, a1
core   0: 3 0x80001384 (0x8d0d) x10 0x0000044a
core   0: 0x80001386 (0x033f4d33) div     s10, t5, s3
core   0: 3 0x80001386 (0x033f4d33) x26 0x00000000
core   0: 0x8000138a (0x08ba8a93) addi    s5, s5, 139
core   0: 3 0x8000138a (0x08ba8a93) x21 0x0000008b
core   0: 0x8000138e (0x02c23433) mulhu   s0, tp, a2
core   0: 3 0x8000138e (0x02c23433) x 8 0x00000000
core   0: 0x80001392 (0x0181c0b3) xor     ra, gp, s8
core   0: 3 0x80001392 (0x0181c0b3) x 1 0x7fbed646
core   0: 0x80001396 (0x006e9693) slli    a3, t4, 6
core   0: 3 0x80001396 (0x006e9693) x13 0xffffef00
core   0: 0x8000139a (0x00000001) c.nop
core   0: 3 0x8000139a (0x0001)
core   0: 0x8000139c (0x01f5dc13) srli    s8, a1, 31
core   0: 3 0x8000139c (0x01f5dc13) x24 0x00000000
core   0: 0x800013a0 (0x000081d1) c.srli  a1, 20
core   0: 3 0x800013a0 (0x81d1) x11 0x00000000
core   0: 0x800013a2 (0x09784193) xori    gp, a6, 151
core   0: 3 0x800013a2 (0x09784193) x 3 0x0000e097
core   0: 0x800013a6 (0x00009c96) c.add   s9, t0
core   0: 3 0x800013a6 (0x9c96) x25 0xffc00002
core   0: 0x800013a8 (0x024b5733) divu    a4, s6, tp
core   0: 3 0x800013a8 (0x024b5733) x14 0x00000000
core   0: 0x800013ac (0x025a0333) mul     t1, s4, t0
core   0: 3 0x800013ac (0x025a0333) x 6 0x046c0000
core   0: 0x800013b0 (0x00059d33) sll     s10, a1, zero
core   0: 3 0x800013b0 (0x00059d33) x26 0x00000000
core   0: 0x800013b4 (0x0203c0b3) div     ra, t2, zero
core   0: 3 0x800013b4 (0x0203c0b3) x 1 0xffffffff
core   0: 0x800013b8 (0x00000bb1) c.addi  s7, 12
core   0: 3 0x800013b8 (0x0bb1) x23 0x0000000d
core   0: 0x800013ba (0x00008596) c.mv    a1, t0
core   0: 3 0x800013ba (0x8596) x11 0x00000002
core   0: 0x800013bc (0x017ed8b3) srl     a7, t4, s7
core   0: 3 0x800013bc (0x017ed8b3) x17 0x0007ffff
core   0: 0x800013c0 (0x00493fb3) sltu    t6, s2, tp
core   0: 3 0x800013c0 (0x00493fb3) x31 0x00000001
core   0: 0x800013c4 (0x210f7213) andi    tp, t5, 528
core   0: 3 0x800013c4 (0x210f7213) x 4 0x00000000
core   0: 0x800013c8 (0x0038fcb3) and     s9, a7, gp
core   0: 3 0x800013c8 (0x0038fcb3) x25 0x0000e097
core   0: 0x800013cc (0xb7c72b93) slti    s7, a4, -1156
core   0: 3 0x800013cc (0xb7c72b93) x23 0x00000000
core   0: 0x800013d0 (0xfd61c493) xori    s1, gp, -42
core   0: 3 0x800013d0 (0xfd61c493) x 9 0xffff1f41
core   0: 0x800013d4 (0x400e5eb3) sra     t4, t3, zero
core   0: 3 0x800013d4 (0x400e5eb3) x29 0x0000046d
core   0: 0x800013d8 (0x731ebe93) sltiu   t4, t4, 1841
core   0: 3 0x800013d8 (0x731ebe93) x29 0x00000001
core   0: 0x800013dc (0x00008fbd) c.xor   a5, a5
core   0: 3 0x800013dc (0x8fbd) x15 0x00000000
core   0: 0x800013de (0x0154cdb3) xor     s11, s1, s5
core   0: 3 0x800013de (0x0154cdb3) x27 0xffff1fca
core   0: 0x800013e2 (0x00008262) c.mv    tp, s8
core   0: 3 0x800013e2 (0x8262) x 4 0x00000000
core   0: 0x800013e4 (0x00bc9e13) slli    t3, s9, 11
core   0: 3 0x800013e4 (0x00bc9e13) x28 0x0704b800
core   0: 0x800013e8 (0x00720833) add     a6, tp, t2
core   0: 3 0x800013e8 (0x00720833) x16 0x80012ce4
core   0: 0x800013ec (0x00d3f6b3) and     a3, t2, a3
core   0: 3 0x800013ec (0x00d3f6b3) x13 0x80012c00
core   0: 0x800013f0 (0x0000517d) c.li    sp, -1
core   0: 3 0x800013f0 (0x517d) x 2 0xffffffff
core   0: 0x800013f2 (0x0335ddb3) divu    s11, a1, s3
core   0: 3 0x800013f2 (0x0335ddb3) x27 0x00000000
core   0: 0x800013f6 (0x01bf5033) srl     zero, t5, s11
core   0: 3 0x800013f6 (0x01bf5033)
core   0: 0x800013fa (0x41f555b3) sra     a1, a0, t6
core   0: 3 0x800013fa (0x41f555b3) x11 0x00000225
core   0: 0x800013fe (0x00b70cb3) add     s9, a4, a1
core   0: 3 0x800013fe (0x00b70cb3) x25 0x00000225
core   0: 0x80001402 (0x00001508) c.addi4spn a0, sp, 672
core   0: 3 0x80001402 (0x1508) x10 0x0000029f
core   0: 0x80001404 (0x54d34e17) auipc   t3, 0x54d34
core   0: 3 0x80001404 (0x54d34e17) x28 0xd4d35404
core   0: 0x80001408 (0x00006c91) c.lui   s9, 0x4
core   0: 3 0x80001408 (0x6c91) x25 0x00004000
core   0: 0x8000140a (0x009b34b3) sltu    s1, s6, s1
core   0: 3 0x8000140a (0x009b34b3) x 9 0x00000001
core   0: 0x8000140e (0x000044fd) c.li    s1, 31
core   0: 3 0x8000140e (0x44fd) x 9 0x0000001f
core   0: 0x80001410 (0x00008cb9) c.xor   s1, a4
core   0: 3 0x80001410 (0x8cb9) x 9 0x0000001f
core   0: 0x80001412 (0x02508d33) mul     s10, ra, t0
core   0: 3 0x80001412 (0x02508d33) x26 0xfffffffe
core   0: 0x80001416 (0x00008ca5) c.xor   s1, s1
core   0: 3 0x80001416 (0x8ca5) x 9 0x00000000
core   0: 0x80001418 (0x03c0c933) div     s2, ra, t3
core   0: 3 0x80001418 (0x03c0c933) x18 0x00000000
core   0: 0x8000141c (0x00008d0d) c.sub   a0, a1
core   0: 3 0x8000141c (0x8d0d) x10 0x0000007a
core   0: 0x8000141e (0x0000717d) c.addi16sp sp, -16
core   0: 3 0x8000141e (0x717d) x 2 0xffffffef
core   0: 0x80001420 (0x010ac333) xor     t1, s5, a6
core   0: 3 0x80001420 (0x010ac333) x 6 0x80012c6f
core   0: 0x80001424 (0x024e22b3) mulhsu  t0, t3, tp
core   0: 3 0x80001424 (0x024e22b3) x 5 0x00000000
core   0: 0x80001428 (0x00000736) c.slli  a4, 13
core   0: 3 0x80001428 (0x0736) x14 0x00000000
core   0: 0x8000142a (0x402cd813) srai    a6, s9, 2
core   0: 3 0x8000142a (0x402cd813) x16 0x00001000
core   0: 0x8000142e (0x00008c19) c.sub   s0, a4
core   0: 3 0x8000142e (0x8c19) x 8 0x00000000
core   0: 0x80001430 (0x02916ab3) rem     s5, sp, s1
core   0: 3 0x80001430 (0x02916ab3) x21 0xffffffef
core   0: 0x80001434 (0x00000001) c.nop
core   0: 3 0x80001434 (0x0001)
core   0: 0x80001436 (0x0dae7413) andi    s0, t3, 218
core   0: 3 0x80001436 (0x0dae7413) x 8 0x00000000
core   0: 0x8000143a (0x00008df1) c.and   a1, a2
core   0: 3 0x8000143a (0x8df1) x11 0x00000000
core   0: 0x8000143c (0x03b54933) div     s2, a0, s11
core   0: 3 0x8000143c (0x03b54933) x18 0xffffffff
core   0: 0x80001440 (0x41f1d893) srai    a7, gp, 31
core   0: 3 0x80001440 (0x41f1d893) x17 0x00000000
core   0: 0x80001444 (0x00000001) c.nop
core   0: 3 0x80001444 (0x0001)
core   0: 0x80001446 (0x01cf1193) slli    gp, t5, 28
core   0: 3 0x80001446 (0x01cf1193) x 3 0x10000000
core   0: 0x8000144a (0x010e9493) slli    s1, t4, 16
core   0: 3 0x8000144a (0x010e9493) x 9 0x00010000
core   0: 0x8000144e (0x009a00b3) add     ra, s4, s1
core   0: 3 0x8000144e (0x009a00b3) x 1 0x02370000
core   0: 0x80001452 (0x0000089e) c.slli  a7, 7
core   0: 3 0x80001452 (0x089e) x17 0x00000000
core   0: 0x80001454 (0x00004b25) c.li    s6, 9
core   0: 3 0x80001454 (0x4b25) x22 0x00000009
core   0: 0x80001456 (0x99946b13) ori     s6, s0, -1639
core   0: 3 0x80001456 (0x99946b13) x22 0xfffff999
core   0: 0x8000145a (0x02b42233) mulhsu  tp, s0, a1
core   0: 3 0x8000145a (0x02b42233) x 4 0x00000000
core   0: 0x8000145e (0x45343313) sltiu   t1, s0, 1107
core   0: 3 0x8000145e (0x45343313) x 6 0x00000001
core   0: 0x80001462 (0x0330c833) div     a6, ra, s3
core   0: 3 0x80001462 (0x0330c833) x16 0x00000000
core   0: 0x80001466 (0x026dd4b3) divu    s1, s11, t1
core   0: 3 0x80001466 (0x026dd4b3) x 9 0x00000000
core   0: 0x8000146a (0x01a7efb3) or      t6, a5, s10
core   0: 3 0x8000146a (0x01a7efb3) x31 0xfffffffe
core   0: 0x8000146e (0x0000842d) c.srai  s0, 11
core   0: 3 0x8000146e (0x842d) x 8 0x00000000
core   0: 0x80001470 (0x0392f6b3) remu    a3, t0, s9
core   0: 3 0x80001470 (0x0392f6b3) x13 0x00000000
core   0: 0x80001474 (0xe8173e93) sltiu   t4, a4, -383
core   0: 3 0x80001474 (0xe8173e93) x29 0x00000001
core   0: 0x80001478 (0x4c906e93) ori     t4, zero, 1225
core   0: 3 0x80001478 (0x4c906e93) x29 0x000004c9
core   0: 0x8000147c (0x018e90b3) sll     ra, t4, s8
core   0: 3 0x8000147c (0x018e90b3) x 1 0x000004c9
core   0: 0x80001480 (0x03382e33) mulhsu  t3, a6, s3
core   0: 3 0x80001480 (0x03382e33) x28 0x00000000
core   0: 0x80001484 (0x01544bb3) xor     s7, s0, s5
core   0: 3 0x80001484 (0x01544bb3) x23 0xffffffef
core   0: 0x80001488 (0x000065c5) c.lui   a1, 0x11
core   0: 3 0x80001488 (0x65c5) x11 0x00011000
core   0: 0x8000148a (0x4116d913) srai    s2, a3, 17
core   0: 3 0x8000148a (0x4116d913) x18 0x00000000
core   0: 0x8000148e (0x033477b3) remu    a5, s0, s3
core   0: 3 0x8000148e (0x033477b3) x15 0x00000000
core   0: 0x80001492 (0x01204d33) xor     s10, zero, s2
core   0: 3 0x80001492 (0x01204d33) x26 0x00000000
core   0: 0x80001496 (0x000e0333) add     t1, t3, zero
core   0: 3 0x80001496 (0x000e0333) x 6 0x00000000
core   0: 0x8000149a (0x000080b9) c.srli  s1, 14
core   0: 3 0x8000149a (0x80b9) x 9 0x00000000
core   0: 0x8000149c (0x01125db3) srl     s11, tp, a7
core   0: 3 0x8000149c (0x01125db3) x27 0x00000000
core   0: 0x800014a0 (0xd2158f93) addi    t6, a1, -735
core   0: 3 0x800014a0 (0xd2158f93) x31 0x00010d21
core   0: 0x800014a4 (0x002248b3) xor     a7, tp, sp
core   0: 3 0x800014a4 (0x002248b3) x17 0xffffffef
core   0: 0x800014a8 (0x0171b4b3) sltu    s1, gp, s7
core   0: 3 0x800014a8 (0x0171b4b3) x 9 0x00000001
core   0: 0x800014ac (0x0000096d) c.addi  s2, 27
core   0: 3 0x800014ac (0x096d) x18 0x0000001b
core   0: 0x800014ae (0x02207033) remu    zero, zero, sp
core   0: 3 0x800014ae (0x02207033)
core   0: 0x800014b2 (0x03618533) mul     a0, gp, s6
core   0: 3 0x800014b2 (0x03618533) x10 0x90000000
core   0: 0x800014b6 (0x00903c33) snez    s8, s1
core   0: 3 0x800014b6 (0x00903c33) x24 0x00000001
core   0: 0x800014ba (0x0000108c) c.addi4spn a1, sp, 96
core   0: 3 0x800014ba (0x108c) x11 0x0000004f
core   0: 0x800014bc (0x024e81b3) mul     gp, t4, tp
core   0: 3 0x800014bc (0x024e81b3) x 3 0x00000000
core   0: 0x800014c0 (0xdbb9e793) ori     a5, s3, -581
core   0: 3 0x800014c0 (0xdbb9e793) x15 0xffffffff
core   0: 0x800014c4 (0x41e6d793) srai    a5, a3, 30
core   0: 3 0x800014c4 (0x41e6d793) x15 0x00000000
core   0: 0x800014c8 (0x8d4f4017) auipc   zero, 0x8d4f4
core   0: 3 0x800014c8 (0x8d4f4017)
core   0: 0x800014cc (0x01a44433) xor     s0, s0, s10
core   0: 3 0x800014cc (0x01a44433) x 8 0x00000000
core   0: 0x800014d0 (0x014c8533) add     a0, s9, s4
core   0: 3 0x800014d0 (0x014c8533) x10 0x02364000
core   0: 0x800014d4 (0x03e691b3) mulh    gp, a3, t5
core   0: 3 0x800014d4 (0x03e691b3) x 3 0x00000000
core   0: 0x800014d8 (0xb5e86813) ori     a6, a6, -1186
core   0: 3 0x800014d8 (0xb5e86813) x16 0xfffffb5e
core   0: 0x800014dc (0x01247833) and     a6, s0, s2
core   0: 3 0x800014dc (0x01247833) x16 0x00000000
core   0: 0x800014e0 (0x000084b1) c.srai  s1, 12
core   0: 3 0x800014e0 (0x84b1) x 9 0x00000000
core   0: 0x800014e2 (0x12a88c93) addi    s9, a7, 298
core   0: 3 0x800014e2 (0x12a88c93) x25 0x00000119
core   0: 0x800014e6 (0x47baf013) andi    zero, s5, 1147
core   0: 3 0x800014e6 (0x47baf013)
core   0: 0x800014ea (0x00001000) c.addi4spn s0, sp, 32
core   0: 3 0x800014ea (0x1000) x 8 0x0000000f
core   0: 0x800014ec (0x00008c55) c.or    s0, a3
core   0: 3 0x800014ec (0x8c55) x 8 0x0000000f
core   0: 0x800014ee (0x00008ef1) c.and   a3, a2
core   0: 3 0x800014ee (0x8ef1) x13 0x00000000
core   0: 0x800014f0 (0x00d92cb3) slt     s9, s2, a3
core   0: 3 0x800014f0 (0x00d92cb3) x25 0x00000000
core   0: 0x800014f4 (0x41c8d913) srai    s2, a7, 28
core   0: 3 0x800014f4 (0x41c8d913) x18 0xffffffff
core   0: 0x800014f8 (0xed57f213) andi    tp, a5, -299
core   0: 3 0x800014f8 (0xed57f213) x 4 0x00000000
core   0: 0x800014fc (0x0000833d) c.srli  a4, 15
core   0: 3 0x800014fc (0x833d) x14 0x00000000
core   0: 0x800014fe (0x01f781b3) add     gp, a5, t6
core   0: 3 0x800014fe (0x01f781b3) x 3 0x00010d21
core   0: 0x80001502 (0x01b814b3) sll     s1, a6, s11
core   0: 3 0x80001502 (0x01b814b3) x 9 0x00000000
core   0: 0x80001506 (0x01615013) srli    zero, sp, 22
core   0: 3 0x80001506 (0x01615013)
core   0: 0x8000150a (0x419c8133) sub     sp, s9, s9
core   0: 3 0x8000150a (0x419c8133) x 2 0x00000000
core   0: 0x8000150e (0x0186f6b3) and     a3, a3, s8
core   0: 3 0x8000150e (0x0186f6b3) x13 0x00000000
core   0: 0x80001512 (0x02d5b233) mulhu   tp, a1, a3
core   0: 3 0x80001512 (0x02d5b233) x 4 0x00000000
core   0: 0x80001516 (0x0137da13) srli    s4, a5, 19
core   0: 3 0x80001516 (0x0137da13) x20 0x00000000
core   0: 0x8000151a (0x65d294b7) lui     s1, 0x65d29
core   0: 3 0x8000151a (0x65d294b7) x 9 0x65d29000
core   0: 0x8000151e (0x00008a96) c.mv    s5, t0
core   0: 3 0x8000151e (0x8a96) x21 0x00000000
core   0: 0x80001520 (0x0000117d) c.addi  sp, -1
core   0: 3 0x80001520 (0x117d) x 2 0xffffffff
core   0: 0x80001522 (0x000084f1) c.srai  s1, 28
core   0: 3 0x80001522 (0x84f1) x 9 0x00000006
core   0: 0x80001524 (0x017d4a33) xor     s4, s10, s7
core   0: 3 0x80001524 (0x017d4a33) x20 0xffffffef
core   0: 0x80001528 (0x401951b3) sra     gp, s2, ra
core   0: 3 0x80001528 (0x401951b3) x 3 0xffffffff
core   0: 0x8000152c (0x005b9a93) slli    s5, s7, 5
core   0: 3 0x8000152c (0x005b9a93) x21 0xfffffde0
core   0: 0x80001530 (0x00a79d93) slli    s11, a5, 10
core   0: 3 0x80001530 (0x00a79d93) x27 0x00000000
core   0: 0x80001534 (0x00008c35) c.xor   s0, a3
core   0: 3 0x80001534 (0x8c35) x 8 0x0000000f
core   0: 0x80001536 (0x01e66933) or      s2, a2, t5
core   0: 3 0x80001536 (0x01e66933) x18 0x00000001
core   0: 0x8000153a (0x05c73e17) auipc   t3, 0x5c73
core   0: 3 0x8000153a (0x05c73e17) x28 0x85c7453a
core   0: 0x8000153e (0x00008406) c.mv    s0, ra
core   0: 3 0x8000153e (0x8406) x 8 0x000004c9
core   0: 0x80001540 (0x00df1bb3) sll     s7, t5, a3
core   0: 3 0x80001540 (0x00df1bb3) x23 0x00000001
core   0: 0x80001544 (0x40f958b3) sra     a7, s2, a5
core   0: 3 0x80001544 (0x40f958b3) x17 0x00000001
core   0: 0x80001548 (0x00000994) c.addi4spn a3, sp, 208
core   0: 3 0x80001548 (0x0994) x13 0x000000cf
core   0: 0x8000154a (0x00008c2d) c.xor   s0, a1
core   0: 3 0x8000154a (0x8c2d) x 8 0x00000486
core   0: 0x8000154c (0x011796b3) sll     a3, a5, a7
core   0: 3 0x8000154c (0x011796b3) x13 0x00000000
core   0: 0x80001550 (0x01500fb3) add     t6, zero, s5
core   0: 3 0x80001550 (0x01500fb3) x31 0xfffffde0
core   0: 0x80001554 (0x031900b3) mul     ra, s2, a7
core   0: 3 0x80001554 (0x031900b3) x 1 0x00000001
core   0: 0x80001558 (0x00008479) c.srai  s0, 30
core   0: 3 0x80001558 (0x8479) x 8 0x00000000
core   0: 0x8000155a (0x41860d33) sub     s10, a2, s8
core   0: 3 0x8000155a (0x41860d33) x26 0xffffffff
core   0: 0x8000155e (0x410bd693) srai    a3, s7, 16
core   0: 3 0x8000155e (0x410bd693) x13 0x00000000
core   0: 0x80001562 (0x00008041) c.srli  s0, 16
core   0: 3 0x80001562 (0x8041) x 8 0x00000000
core   0: 0x80001564 (0x03e06333) rem     t1, zero, t5
core   0: 3 0x80001564 (0x03e06333) x 6 0x00000000
core   0: 0x80001568 (0x968a2b13) slti    s6, s4, -1688
core   0: 3 0x80001568 (0x968a2b13) x22 0x00000000
core   0: 0x8000156c (0x028857b3) divu    a5, a6, s0
core   0: 3 0x8000156c (0x028857b3) x15 0xffffffff
core   0: 0x80001570 (0xa6fea413) slti    s0, t4, -1425
core   0: 3 0x80001570 (0xa6fea413) x 8 0x00000000
core   0: 0x80001574 (0x01fa9293) slli    t0, s5, 31
core   0: 3 0x80001574 (0x01fa9293) x 5 0x00000000
core   0: 0x80001578 (0x031d1fb3) mulh    t6, s10, a7
core   0: 3 0x80001578 (0x031d1fb3) x31 0xffffffff
core   0: 0x8000157c (0x02ab41b3) div     gp, s6, a0
core   0: 3 0x8000157c (0x02ab41b3) x 3 0x00000000
core   0: 0x80001580 (0x01332833) slt     a6, t1, s3
core   0: 3 0x80001580 (0x01332833) x16 0x00000000
core   0: 0x80001584 (0xae472913) slti    s2, a4, -1308
core   0: 3 0x80001584 (0xae472913) x18 0x00000000
core   0: 0x80001588 (0x00001100) c.addi4spn s0, sp, 160
core   0: 3 0x80001588 (0x1100) x 8 0x0000009f
core   0: 0x8000158a (0x00f91b33) sll     s6, s2, a5
core   0: 3 0x8000158a (0x00f91b33) x22 0x00000000
core   0: 0x8000158e (0x00008f5d) c.or    a4, a5
core   0: 3 0x8000158e (0x8f5d) x14 0xffffffff
core   0: 0x80001590 (0x00000001) c.nop
core   0: 3 0x80001590 (0x0001)
core   0: 0x80001592 (0x00eb0313) addi    t1, s6, 14
core   0: 3 0x80001592 (0x00eb0313) x 6 0x0000000e
core   0: 0x80001596 (0x416481b3) sub     gp, s1, s6
core   0: 3 0x80001596 (0x416481b3) x 3 0x00000006
core   0: 0x8000159a (0x886cb717) auipc   a4, 0x886cb
core   0: 3 0x8000159a (0x886cb717) x14 0x086cc59a
core   0: 0x8000159e (0x00eebeb3) sltu    t4, t4, a4
core   0: 3 0x8000159e (0x00eebeb3) x29 0x00000001
core   0: 0x800015a2 (0x0000987d) c.andi  s0, -1
core   0: 3 0x800015a2 (0x987d) x 8 0x0000009f
core   0: 0x800015a4 (0x20dc4c37) lui     s8, 0x20dc4
core   0: 3 0x800015a4 (0x20dc4c37) x24 0x20dc4000
core   0: 0x800015a8 (0x87747e17) auipc   t3, 0x87747
core   0: 3 0x800015a8 (0x87747e17) x28 0x077485a8
core   0: 0x800015ac (0x000087dd) c.srai  a5, 23
core   0: 3 0x800015ac (0x87dd) x15 0xffffffff
core   0: 0x800015ae (0x01627c33) and     s8, tp, s6
core   0: 3 0x800015ae (0x01627c33) x24 0x00000000
core   0: 0x800015b2 (0x03a447b3) div     a5, s0, s10
core   0: 3 0x800015b2 (0x03a447b3) x15 0xffffff61
core   0: 0x800015b6 (0x41345913) srai    s2, s0, 19
core   0: 3 0x800015b6 (0x41345913) x18 0x00000000
core   0: 0x800015ba (0x00000518) c.addi4spn a4, sp, 640
core   0: 3 0x800015ba (0x0518) x14 0x0000027f
core   0: 0x800015bc (0x000004ea) c.slli  s1, 26
core   0: 3 0x800015bc (0x04ea) x 9 0x18000000
core   0: 0x800015be (0x2b924a93) xori    s5, tp, 697
core   0: 3 0x800015be (0x2b924a93) x21 0x000002b9
core   0: 0x800015c2 (0x03ccf733) remu    a4, s9, t3
core   0: 3 0x800015c2 (0x03ccf733) x14 0x00000000
core   0: 0x800015c6 (0x0188ffb3) and     t6, a7, s8
core   0: 3 0x800015c6 (0x0188ffb3) x31 0x00000000
core   0: 0x800015ca (0x00000001) c.nop
core   0: 3 0x800015ca (0x0001)
core   0: 0x800015cc (0x00006c19) c.lui   s8, 0x6
core   0: 3 0x800015cc (0x6c19) x24 0x00006000
core   0: 0x800015ce (0x00599db3) sll     s11, s3, t0
core   0: 3 0x800015ce (0x00599db3) x27 0x8000ee64
core   0: 0x800015d2 (0x4cb9cb93) xori    s7, s3, 1227
core   0: 3 0x800015d2 (0x4cb9cb93) x23 0x8000eaaf
core   0: 0x800015d6 (0x024b0133) mul     sp, s6, tp
core   0: 3 0x800015d6 (0x024b0133) x 2 0x00000000
core   0: 0x800015da (0x40ccdbb3) sra     s7, s9, a2
core   0: 3 0x800015da (0x40ccdbb3) x23 0x00000000
core   0: 0x800015de (0x0364c0b3) div     ra, s1, s6
core   0: 3 0x800015de (0x0364c0b3) x 1 0xffffffff
core   0: 0x800015e2 (0x0000614d) c.addi16sp sp, 176
core   0: 3 0x800015e2 (0x614d) x 2 0x000000b0
core   0: 0x800015e4 (0x1ed2cb13) xori    s6, t0, 493
core   0: 3 0x800015e4 (0x1ed2cb13) x22 0x000001ed
core   0: 0x800015e8 (0x00001994) c.addi4spn a3, sp, 240
core   0: 3 0x800015e8 (0x1994) x13 0x000001a0
core   0: 0x800015ea (0x000001a9) c.addi  gp, 10
core   0: 3 0x800015ea (0x01a9) x 3 0x00000010
core   0: 0x800015ec (0x028aa933) mulhsu  s2, s5, s0
core   0: 3 0x800015ec (0x028aa933) x18 0x00000000
core   0: 0x800015f0 (0x02fd0533) mul     a0, s10, a5
core   0: 3 0x800015f0 (0x02fd0533) x10 0x0000009f
core   0: 0x800015f4 (0x00008cb9) c.xor   s1, a4
core   0: 3 0x800015f4 (0x8cb9) x 9 0x18000000
core   0: 0x800015f6 (0x01cc68b3) or      a7, s8, t3
core   0: 3 0x800015f6 (0x01cc68b3) x17 0x0774e5a8
core   0: 0x800015fa (0x4b0eb213) sltiu   tp, t4, 1200
core   0: 3 0x800015fa (0x4b0eb213) x 4 0x00000001
core   0: 0x800015fe (0x03276a33) rem     s4, a4, s2
core   0: 3 0x800015fe (0x03276a33) x20 0x00000000
core   0: 0x80001602 (0x2aa5a713) slti    a4, a1, 682
core   0: 3 0x80001602 (0x2aa5a713) x14 0x00000001
core   0: 0x80001606 (0x0214b8b3) mulhu   a7, s1, ra
core   0: 3 0x80001606 (0x0214b8b3) x17 0x17ffffff
core   0: 0x8000160a (0x78ac0e97) auipc   t4, 0x78ac0
core   0: 3 0x8000160a (0x78ac0e97) x29 0xf8ac160a
core   0: 0x8000160e (0x407b5513) srai    a0, s6, 7
core   0: 3 0x8000160e (0x407b5513) x10 0x00000003
core   0: 0x80001612 (0x0000840d) c.srai  s0, 3
core   0: 3 0x80001612 (0x840d) x 8 0x00000013
core   0: 0x80001614 (0x402e0f33) sub     t5, t3, sp
core   0: 3 0x80001614 (0x402e0f33) x30 0x077484f8
core   0: 0x80001618 (0x029ac533) div     a0, s5, s1
core   0: 3 0x80001618 (0x029ac533) x10 0x00000000
core   0: 0x8000161c (0x02812433) mulhsu  s0, sp, s0
core   0: 3 0x8000161c (0x02812433) x 8 0x00000000
core   0: 0x80001620 (0x000008b1) c.addi  a7, 12
core   0: 3 0x80001620 (0x08b1) x17 0x1800000b
core   0: 0x80001622 (0x00000001) c.nop
core   0: 3 0x80001622 (0x0001)
core   0: 0x80001624 (0x00008c65) c.and   s0, s1
core   0: 3 0x80001624 (0x8c65) x 8 0x00000000
core   0: 0x80001626 (0x02fa9fb3) mulh    t6, s5, a5
core   0: 3 0x80001626 (0x02fa9fb3) x31 0xffffffff
core   0: 0x8000162a (0x001f5413) srli    s0, t5, 1
core   0: 3 0x8000162a (0x001f5413) x 8 0x03ba427c
core   0: 0x8000162e (0x00008ccd) c.or    s1, a1
core   0: 3 0x8000162e (0x8ccd) x 9 0x1800004f
core   0: 0x80001630 (0x024ac1b3) div     gp, s5, tp
core   0: 3 0x80001630 (0x024ac1b3) x 3 0x000002b9
core   0: 0x80001634 (0x000068fd) c.lui   a7, 0x1f
core   0: 3 0x80001634 (0x68fd) x17 0x0001f000
core   0: 0x80001636 (0x00da1013) slli    zero, s4, 13
core   0: 3 0x80001636 (0x00da1013)
core   0: 0x8000163a (0x410f5b93) srai    s7, t5, 16
core   0: 3 0x8000163a (0x410f5b93) x23 0x00000774
core   0: 0x8000163e (0x01cf10b3) sll     ra, t5, t3
core   0: 3 0x8000163e (0x01cf10b3) x 1 0x7484f800
core   0: 0x80001642 (0x0111db93) srli    s7, gp, 17
core   0: 3 0x80001642 (0x0111db93) x23 0x00000000
core   0: 0x80001646 (0x400ddb93) srai    s7, s11, 0
core   0: 3 0x80001646 (0x400ddb93) x23 0x8000ee64
core   0: 0x8000164a (0x409b5013) srai    zero, s6, 9
core   0: 3 0x8000164a (0x409b5013)
core   0: 0x8000164e (0x01a5b8b3) sltu    a7, a1, s10
core   0: 3 0x8000164e (0x01a5b8b3) x17 0x00000001
core   0: 0x80001652 (0x00008dd9) c.or    a1, a4
core   0: 3 0x80001652 (0x8dd9) x11 0x0000004f
core   0: 0x80001654 (0x0000910e) c.add   sp, gp
core   0: 3 0x80001654 (0x910e) x 2 0x00000369
core   0: 0x80001656 (0x030755b3) divu    a1, a4, a6
core   0: 3 0x80001656 (0x030755b3) x11 0xffffffff
core   0: 0x8000165a (0x03dbf1b3) remu    gp, s7, t4
core   0: 3 0x8000165a (0x03dbf1b3) x 3 0x8000ee64
core   0: 0x8000165e (0x030e9a33) mulh    s4, t4, a6
core   0: 3 0x8000165e (0x030e9a33) x20 0x00000000
core   0: 0x80001662 (0x03040533) mul     a0, s0, a6
core   0: 3 0x80001662 (0x03040533) x10 0x00000000
core   0: 0x80001666 (0x03e02db3) mulhsu  s11, zero, t5
core   0: 3 0x80001666 (0x03e02db3) x27 0x00000000
core   0: 0x8000166a (0x00006951) c.lui   s2, 0x14
core   0: 3 0x8000166a (0x6951) x18 0x00014000
core   0: 0x8000166c (0x00f11d33) sll     s10, sp, a5
core   0: 3 0x8000166c (0x00f11d33) x26 0x000006d2
core   0: 0x80001670 (0x03f3c5b3) div     a1, t2, t6
core   0: 3 0x80001670 (0x03f3c5b3) x11 0x7ffed31c
core   0: 0x80001674 (0x008dd213) srli    tp, s11, 8
core   0: 3 0x80001674 (0x008dd213) x 4 0x00000000
core   0: 0x80001678 (0x00008d59) c.or    a0, a4
core   0: 3 0x80001678 (0x8d59) x10 0x00000001
core   0: 0x8000167a (0x02d98333) mul     t1, s3, a3
core   0: 3 0x8000167a (0x02d98333) x 6 0x01836280
core   0: 0x8000167e (0x01a79433) sll     s0, a5, s10
core   0: 3 0x8000167e (0x01a79433) x 8 0xfd840000
core   0: 0x80001682 (0x0237c5b3) div     a1, a5, gp
core   0: 3 0x80001682 (0x0237c5b3) x11 0x00000000
core   0: 0x80001686 (0x00008f25) c.xor   a4, s1
core   0: 3 0x80001686 (0x8f25) x14 0x1800004e
core   0: 0x80001688 (0x00006119) c.addi16sp sp, 384
core   0: 3 0x80001688 (0x6119) x 2 0x000004e9
core   0: 0x8000168a (0x75958813) addi    a6, a1, 1881
core   0: 3 0x8000168a (0x75958813) x16 0x00000759
core   0: 0x8000168e (0x03b58033) mul     zero, a1, s11
core   0: 3 0x8000168e (0x03b58033)
core   0: 0x80001692 (0x00008f55) c.or    a4, a3
core   0: 3 0x80001692 (0x8f55) x14 0x180001ee
core   0: 0x80001694 (0x00000001) c.nop
core   0: 3 0x80001694 (0x0001)
core   0: 0x80001696 (0x03c7bd33) mulhu   s10, a5, t3
core   0: 3 0x80001696 (0x03c7bd33) x26 0x077485a3
core   0: 0x8000169a (0x02315a33) divu    s4, sp, gp
core   0: 3 0x8000169a (0x02315a33) x20 0x00000000
core   0: 0x8000169e (0xcdbdbd93) sltiu   s11, s11, -805
core   0: 3 0x8000169e (0xcdbdbd93) x27 0x00000001
core   0: 0x800016a2 (0x410c0cb3) sub     s9, s8, a6
core   0: 3 0x800016a2 (0x410c0cb3) x25 0x000058a7
core   0: 0x800016a6 (0x000005ba) c.slli  a1, 14
core   0: 3 0x800016a6 (0x05ba) x11 0x00000000
core   0: 0x800016a8 (0x02e6e5b3) rem     a1, a3, a4
core   0: 3 0x800016a8 (0x02e6e5b3) x11 0x000001a0
core   0: 0x800016ac (0x019fe933) or      s2, t6, s9
core   0: 3 0x800016ac (0x019fe933) x18 0xffffffff
core   0: 0x800016b0 (0x00001f7d) c.addi  t5, -1
core   0: 3 0x800016b0 (0x1f7d) x30 0x077484f7
core   0: 0x800016b2 (0x006df0b3) and     ra, s11, t1
core   0: 3 0x800016b2 (0x006df0b3) x 1 0x00000000
core   0: 0x800016b6 (0x0f2def93) ori     t6, s11, 242
core   0: 3 0x800016b6 (0x0f2def93) x31 0x000000f3
core   0: 0x800016ba (0x02168e33) mul     t3, a3, ra
core   0: 3 0x800016ba (0x02168e33) x28 0x00000000
core   0: 0x800016be (0x00000dd1) c.addi  s11, 20
core   0: 3 0x800016be (0x0dd1) x27 0x00000015
core   0: 0x800016c0 (0x00001088) c.addi4spn a0, sp, 96
core   0: 3 0x800016c0 (0x1088) x10 0x00000549
core   0: 0x800016c2 (0x000091be) c.add   gp, a5
core   0: 3 0x800016c2 (0x91be) x 3 0x8000edc5
core   0: 0x800016c4 (0x037fbfb3) mulhu   t6, t6, s7
core   0: 3 0x800016c4 (0x037fbfb3) x31 0x00000079
core   0: 0x800016c8 (0x0000615d) c.addi16sp sp, 432
core   0: 3 0x800016c8 (0x615d) x 2 0x00000699
core   0: 0x800016ca (0x00705113) srli    sp, zero, 7
core   0: 3 0x800016ca (0x00705113) x 2 0x00000000
core   0: 0x800016ce (0x01deecb3) or      s9, t4, t4
core   0: 3 0x800016ce (0x01deecb3) x25 0xf8ac160a
core   0: 0x800016d2 (0x0000875d) c.srai  a4, 23
core   0: 3 0x800016d2 (0x875d) x14 0x00000030
core   0: 0x800016d4 (0x07ec0013) addi    zero, s8, 126
core   0: 3 0x800016d4 (0x07ec0013)
core   0: 0x800016d8 (0x00000001) c.nop
core   0: 3 0x800016d8 (0x0001)
core   0: 0x800016da (0x00008be1) c.andi  a5, 24
core   0: 3 0x800016da (0x8be1) x15 0x00000000
core   0: 0x800016dc (0x25f44893) xori    a7, s0, 607
core   0: 3 0x800016dc (0x25f44893) x17 0xfd84025f
core   0: 0x800016e0 (0x00000001) c.nop
core   0: 3 0x800016e0 (0x0001)
core   0: 0x800016e2 (0x0136d933) srl     s2, a3, s3
core   0: 3 0x800016e2 (0x0136d933) x18 0x0000001a
core   0: 0x800016e6 (0x82003793) sltiu   a5, zero, -2016
core   0: 3 0x800016e6 (0x82003793) x15 0x00000001
core   0: 0x800016ea (0xf569ce93) xori    t4, s3, -170
core   0: 3 0x800016ea (0xf569ce93) x29 0x7fff1132
core   0: 0x800016ee (0x40b20433) sub     s0, tp, a1
core   0: 3 0x800016ee (0x40b20433) x 8 0xfffffe60
core   0: 0x800016f2 (0x028ed133) divu    sp, t4, s0
core   0: 3 0x800016f2 (0x028ed133) x 2 0x00000000
core   0: 0x800016f6 (0x00000e21) c.addi  t3, 8
core   0: 3 0x800016f6 (0x0e21) x28 0x00000008
core   0: 0x800016f8 (0x03e83133) mulhu   sp, a6, t5
core   0: 3 0x800016f8 (0x03e83133) x 2 0x00000036
core   0: 0x800016fc (0x00008f15) c.sub   a4, a3
core   0: 3 0x800016fc (0x8f15) x14 0xfffffe90
core   0: 0x800016fe (0xa2e532b7) lui     t0, 0xa2e53
core   0: 3 0x800016fe (0xa2e532b7) x 5 0xa2e53000
core   0: 0x80001702 (0xf41fa713) slti    a4, t6, -191
core   0: 3 0x80001702 (0xf41fa713) x14 0x00000000
core   0: 0x80001706 (0x00000001) c.nop
core   0: 3 0x80001706 (0x0001)
core   0: 0x80001708 (0x01575933) srl     s2, a4, s5
core   0: 3 0x80001708 (0x01575933) x18 0x00000000
core   0: 0x8000170c (0x00000c18) c.addi4spn a4, sp, 528
core   0: 3 0x8000170c (0x0c18) x14 0x00000246
core   0: 0x8000170e (0x00008ec9) c.or    a3, a0
core   0: 3 0x8000170e (0x8ec9) x13 0x000005e9
core   0: 0x80001710 (0x000087c6) c.mv    a5, a7
core   0: 3 0x80001710 (0x87c6) x15 0xfd84025f
core   0: 0x80001712 (0x01305f33) srl     t5, zero, s3
core   0: 3 0x80001712 (0x01305f33) x30 0x00000000
core   0: 0x80001716 (0x00000001) c.nop
core   0: 3 0x80001716 (0x0001)
core   0: 0x80001718 (0x01a6e7b3) or      a5, a3, s10
core   0: 3 0x80001718 (0x01a6e7b3) x15 0x077485eb
core   0: 0x8000171c (0x00006119) c.addi16sp sp, 384
core   0: 3 0x8000171c (0x6119) x 2 0x000001b6
core   0: 0x8000171e (0x41330f33) sub     t5, t1, s3
core   0: 3 0x8000171e (0x41330f33) x30 0x8182741c
core   0: 0x80001722 (0x00008e85) c.sub   a3, s1
core   0: 3 0x80001722 (0x8e85) x13 0xe800059a
core   0: 0x80001724 (0x00008ecd) c.or    a3, a1
core   0: 3 0x80001724 (0x8ecd) x13 0xe80005ba
core   0: 0x80001726 (0x0359bab3) mulhu   s5, s3, s5
core   0: 3 0x80001726 (0x0359bab3) x21 0x0000015c
core   0: 0x8000172a (0x036f0a33) mul     s4, t5, s6
core   0: 3 0x8000172a (0x036f0a33) x20 0x683999ec
core   0: 0x8000172e (0x07fa4693) xori    a3, s4, 127
core   0: 3 0x8000172e (0x07fa4693) x13 0x68399993
core   0: 0x80001732 (0x01691713) slli    a4, s2, 22
core   0: 3 0x80001732 (0x01691713) x14 0x00000000
core   0: 0x80001736 (0x00008f21) c.xor   a4, s0
core   0: 3 0x80001736 (0x8f21) x14 0xfffffe60
core   0: 0x80001738 (0xbe3dee13) ori     t3, s11, -1053
core   0: 3 0x80001738 (0xbe3dee13) x28 0xfffffbf7
core   0: 0x8000173c (0x4084d733) sra     a4, s1, s0
core   0: 3 0x8000173c (0x4084d733) x14 0x1800004f
core   0: 0x80001740 (0xb96c7d13) andi    s10, s8, -1130
core   0: 3 0x80001740 (0xb96c7d13) x26 0x00006000
core   0: 0x80001744 (0x0004de93) srli    t4, s1, 0
core   0: 3 0x80001744 (0x0004de93) x29 0x1800004f
core   0: 0x80001748 (0x0211ea33) rem     s4, gp, ra
core   0: 3 0x80001748 (0x0211ea33) x20 0x8000edc5
core   0: 0x8000174c (0x00008029) c.srli  s0, 10
core   0: 3 0x8000174c (0x8029) x 8 0x003fffff
core   0: 0x8000174e (0xa7634913) xori    s2, t1, -1418
core   0: 3 0x8000174e (0xa7634913) x18 0xfe7c98f6
core   0: 0x80001752 (0x0000843d) c.srai  s0, 15
core   0: 3 0x80001752 (0x843d) x 8 0x0000007f
core   0: 0x80001754 (0x021ae1b3) rem     gp, s5, ra
core   0: 3 0x80001754 (0x021ae1b3) x 3 0x0000015c
core   0: 0x80001758 (0x4054ac13) slti    s8, s1, 1029
core   0: 3 0x80001758 (0x4054ac13) x24 0x00000000
core   0: 0x8000175c (0x0000517d) c.li    sp, -1
core   0: 3 0x8000175c (0x517d) x 2 0xffffffff
core   0: 0x8000175e (0x00005c7d) c.li    s8, -1
core   0: 3 0x8000175e (0x5c7d) x24 0xffffffff
core   0: 0x80001760 (0x011bebb3) or      s7, s7, a7
core   0: 3 0x80001760 (0x011bebb3) x23 0xfd84ee7f
core   0: 0x80001764 (0x005b1933) sll     s2, s6, t0
core   0: 3 0x80001764 (0x005b1933) x18 0x000001ed
core   0: 0x80001768 (0x4011dc13) srai    s8, gp, 1
core   0: 3 0x80001768 (0x4011dc13) x24 0x000000ae
core   0: 0x8000176c (0x03088eb3) mul     t4, a7, a6
core   0: 3 0x8000176c (0x03088eb3) x29 0xbef56c07
core   0: 0x80001770 (0x000a0a33) add     s4, s4, zero
core   0: 3 0x80001770 (0x000a0a33) x20 0x8000edc5
core   0: 0x80001774 (0x0000896d) c.andi  a0, 27
core   0: 3 0x80001774 (0x896d) x10 0x00000009
core   0: 0x80001776 (0x01e81793) slli    a5, a6, 30
core   0: 3 0x80001776 (0x01e81793) x15 0x40000000
core   0: 0x8000177a (0x40cf5793) srai    a5, t5, 12
core   0: 3 0x8000177a (0x40cf5793) x15 0xfff81827
core   0: 0x8000177e (0x00008acd) c.andi  a3, 19
core   0: 3 0x8000177e (0x8acd) x13 0x00000013
core   0: 0x80001780 (0x0000923e) c.add   tp, a5
core   0: 3 0x80001780 (0x923e) x 4 0xfff81827
core   0: 0x80001782 (0x010a9413) slli    s0, s5, 16
core   0: 3 0x80001782 (0x010a9413) x 8 0x015c0000
core   0: 0x80001786 (0x0000612d) c.addi16sp sp, 224
core   0: 3 0x80001786 (0x612d) x 2 0x000000df
core   0: 0x80001788 (0x00008b3d) c.andi  a4, 15
core   0: 3 0x80001788 (0x8b3d) x14 0x0000000f
core   0: 0x8000178a (0x030371b3) remu    gp, t1, a6
core   0: 3 0x8000178a (0x030371b3) x 3 0x00000688
core   0: 0x8000178e (0x027bc5b3) div     a1, s7, t2
core   0: 3 0x8000178e (0x027bc5b3) x11 0x00000000
core   0: 0x80001792 (0x00008ead) c.xor   a3, a1
core   0: 3 0x80001792 (0x8ead) x13 0x00000013
core   0: 0x80001794 (0x000005ce) c.slli  a1, 19
core   0: 3 0x80001794 (0x05ce) x11 0x00000000
core   0: 0x80001796 (0x03789e33) mulh    t3, a7, s7
core   0: 3 0x80001796 (0x03789e33) x28 0x000629b9
core   0: 0x8000179a (0x00482833) slt     a6, a6, tp
core   0: 3 0x8000179a (0x00482833) x16 0x00000000
core   0: 0x8000179e (0x00000001) c.nop
core   0: 3 0x8000179e (0x0001)
core   0: 0x800017a0 (0x6c317793) andi    a5, sp, 1731
core   0: 3 0x800017a0 (0x6c317793) x15 0x000000c3
core   0: 0x800017a4 (0x00005a7d) c.li    s4, -1
core   0: 3 0x800017a4 (0x5a7d) x20 0xffffffff
core   0: 0x800017a6 (0x0160ec33) or      s8, ra, s6
core   0: 3 0x800017a6 (0x0160ec33) x24 0x000001ed
core   0: 0x800017aa (0x00008eb1) c.xor   a3, a2
core   0: 3 0x800017aa (0x8eb1) x13 0x00000013
core   0: 0x800017ac (0x006bb833) sltu    a6, s7, t1
core   0: 3 0x800017ac (0x006bb833) x16 0x00000000
core   0: 0x800017b0 (0x006bf233) and     tp, s7, t1
core   0: 3 0x800017b0 (0x006bf233) x 4 0x01806200
core   0: 0x800017b4 (0x00008ce5) c.and   s1, s1
core   0: 3 0x800017b4 (0x8ce5) x 9 0x1800004f
core   0: 0x800017b6 (0x9079a6b7) lui     a3, 0x9079a
core   0: 3 0x800017b6 (0x9079a6b7) x13 0x9079a000
core   0: 0x800017ba (0x01321233) sll     tp, tp, s3
core   0: 3 0x800017ba (0x01321233) x 4 0x18062000
core   0: 0x800017be (0x02a55db3) divu    s11, a0, a0
core   0: 3 0x800017be (0x02a55db3) x27 0x00000001
core   0: 0x800017c2 (0x00000001) c.nop
core   0: 3 0x800017c2 (0x0001)
core   0: 0x800017c4 (0x000011fd) c.addi  gp, -1
core   0: 3 0x800017c4 (0x11fd) x 3 0x00000687
core   0: 0x800017c6 (0x333b8513) addi    a0, s7, 819
core   0: 3 0x800017c6 (0x333b8513) x10 0xfd84f1b2
core   0: 0x800017ca (0x987c2413) slti    s0, s8, -1657
core   0: 3 0x800017ca (0x987c2413) x 8 0x00000000
core   0: 0x800017ce (0x0000189c) c.addi4spn a5, sp, 112
core   0: 3 0x800017ce (0x189c) x15 0x0000014f
core   0: 0x800017d0 (0x7bc42f93) slti    t6, s0, 1980
core   0: 3 0x800017d0 (0x7bc42f93) x31 0x00000001
core   0: 0x800017d4 (0x0000630d) c.lui   t1, 0x3
core   0: 3 0x800017d4 (0x630d) x 6 0x00003000
core   0: 0x800017d6 (0x00005b7d) c.li    s6, -1
core   0: 3 0x800017d6 (0x5b7d) x22 0xffffffff
core   0: 0x800017d8 (0x011f4db3) xor     s11, t5, a7
core   0: 3 0x800017d8 (0x011f4db3) x27 0x7c067643
core   0: 0x800017dc (0x004b5313) srli    t1, s6, 4
core   0: 3 0x800017dc (0x004b5313) x 6 0x0fffffff
core   0: 0x800017e0 (0x00008c15) c.sub   s0, a3
core   0: 3 0x800017e0 (0x8c15) x 8 0x6f866000
core   0: 0x800017e2 (0x02c568b3) rem     a7, a0, a2
core   0: 3 0x800017e2 (0x02c568b3) x17 0xfd84f1b2
core   0: 0x800017e6 (0x00005a7d) c.li    s4, -1
core   0: 3 0x800017e6 (0x5a7d) x20 0xffffffff
core   0: 0x800017e8 (0x00d5a0b3) slt     ra, a1, a3
core   0: 3 0x800017e8 (0x00d5a0b3) x 1 0x00000000
core   0: 0x800017ec (0x016a2cb3) slt     s9, s4, s6
core   0: 3 0x800017ec (0x016a2cb3) x25 0x00000000
core   0: 0x800017f0 (0x6b82ca13) xori    s4, t0, 1720
core   0: 3 0x800017f0 (0x6b82ca13) x20 0xa2e536b8
core   0: 0x800017f4 (0x01270b33) add     s6, a4, s2
core   0: 3 0x800017f4 (0x01270b33) x22 0x000001fc
core   0: 0x800017f8 (0x00798ab3) add     s5, s3, t2
core   0: 3 0x800017f8 (0x00798ab3) x21 0x00021b48
core   0: 0x800017fc (0x003f9d93) slli    s11, t6, 3
core   0: 3 0x800017fc (0x003f9d93) x27 0x00000008
core   0: 0x80001800 (0x9d578793) addi    a5, a5, -1579
core   0: 3 0x80001800 (0x9d578793) x15 0xfffffb24
core   0: 0x80001804 (0x03027933) remu    s2, tp, a6
core   0: 3 0x80001804 (0x03027933) x18 0x18062000
core   0: 0x80001808 (0x039f66b3) rem     a3, t5, s9
core   0: 3 0x80001808 (0x039f66b3) x13 0x8182741c
core   0: 0x8000180c (0x0000034e) c.slli  t1, 19
core   0: 3 0x8000180c (0x034e) x 6 0xfff80000
core   0: 0x8000180e (0x03a88033) mul     zero, a7, s10
core   0: 3 0x8000180e (0x03a88033)
core   0: 0x80001812 (0xa032d897) auipc   a7, 0xa032d
core   0: 3 0x80001812 (0xa032d897) x17 0x2032e812
core   0: 0x80001816 (0x009c48b3) xor     a7, s8, s1
core   0: 3 0x80001816 (0x009c48b3) x17 0x180001a2
core   0: 0x8000181a (0xe8782093) slti    ra, a6, -377
core   0: 3 0x8000181a (0xe8782093) x 1 0x00000000
core   0: 0x8000181e (0x033bf233) remu    tp, s7, s3
core   0: 3 0x8000181e (0x033bf233) x 4 0x7d84001b
core   0: 0x80001822 (0x0000023e) c.slli  tp, 15
core   0: 3 0x80001822 (0x023e) x 4 0x000d8000
core   0: 0x80001824 (0x3b424493) xori    s1, tp, 948
core   0: 3 0x80001824 (0x3b424493) x 9 0x000d83b4
core   0: 0x80001828 (0x01bfd6b3) srl     a3, t6, s11
core   0: 3 0x80001828 (0x01bfd6b3) x13 0x00000000
core   0: 0x8000182c (0x00008b55) c.andi  a4, 21
core   0: 3 0x8000182c (0x8b55) x14 0x00000005
core   0: 0x8000182e (0x039ab133) mulhu   sp, s5, s9
core   0: 3 0x8000182e (0x039ab133) x 2 0x00000000
core   0: 0x80001832 (0x00008f01) c.sub   a4, s0
core   0: 3 0x80001832 (0x8f01) x14 0x9079a005
core   0: 0x80001834 (0x67e08813) addi    a6, ra, 1662
core   0: 3 0x80001834 (0x67e08813) x16 0x0000067e
core   0: 0x80001838 (0x01ce7c33) and     s8, t3, t3
core   0: 3 0x80001838 (0x01ce7c33) x24 0x000629b9
core   0: 0x8000183c (0x004977b3) and     a5, s2, tp
core   0: 3 0x8000183c (0x004977b3) x15 0x00040000
core   0: 0x80001840 (0x00b37333) and     t1, t1, a1
core   0: 3 0x80001840 (0x00b37333) x 6 0x00000000
core   0: 0x80001844 (0x02ae4233) div     tp, t3, a0
core   0: 3 0x80001844 (0x02ae4233) x 4 0x00000000
core   0: 0x80001848 (0x03afe233) rem     tp, t6, s10
core   0: 3 0x80001848 (0x03afe233) x 4 0x00000001
core   0: 0x8000184c (0x00000312) c.slli  t1, 4
core   0: 3 0x8000184c (0x0312) x 6 0x00000000
core   0: 0x8000184e (0x01de8533) add     a0, t4, t4
core   0: 3 0x8000184e (0x01de8533) x10 0x7dead80e
core   0: 0x80001852 (0x40005333) sra     t1, zero, zero
core   0: 3 0x80001852 (0x40005333) x 6 0x00000000
core   0: 0x80001856 (0x00008d19) c.sub   a0, a4
core   0: 3 0x80001856 (0x8d19) x10 0xed713809
core   0: 0x80001858 (0x4161de93) srai    t4, gp, 22
core   0: 3 0x80001858 (0x4161de93) x29 0x00000000
core   0: 0x8000185c (0x03cf0f33) mul     t5, t5, t3
core   0: 3 0x8000185c (0x03cf0f33) x30 0x3486643c
core   0: 0x80001860 (0x02423cb3) mulhu   s9, tp, tp
core   0: 3 0x80001860 (0x02423cb3) x25 0x00000000
core   0: 0x80001864 (0x00fa62b3) or      t0, s4, a5
core   0: 3 0x80001864 (0x00fa62b3) x 5 0xa2e536b8
core   0: 0x80001868 (0x4145dc33) sra     s8, a1, s4
core   0: 3 0x80001868 (0x4145dc33) x24 0x00000000
core   0: 0x8000186c (0x7efe8213) addi    tp, t4, 2031
core   0: 3 0x8000186c (0x7efe8213) x 4 0x000007ef
core   0: 0x80001870 (0x40f55c93) srai    s9, a0, 15
core   0: 3 0x80001870 (0x40f55c93) x25 0xffffdae2
core   0: 0x80001874 (0x00008831) c.andi  s0, 12
core   0: 3 0x80001874 (0x8831) x 8 0x00000000
core   0: 0x80001876 (0x03d0b033) mulhu   zero, ra, t4
core   0: 3 0x80001876 (0x03d0b033)
core   0: 0x8000187a (0x00008156) c.mv    sp, s5
core   0: 3 0x8000187a (0x8156) x 2 0x00021b48
core   0: 0x8000187c (0x028f9d33) mulh    s10, t6, s0
core   0: 3 0x8000187c (0x028f9d33) x26 0x00000000
core   0: 0x80001880 (0x00000001) c.nop
core   0: 3 0x80001880 (0x0001)
core   0: 0x80001882 (0x03addf33) divu    t5, s11, s10
core   0: 3 0x80001882 (0x03addf33) x30 0xffffffff
core   0: 0x80001886 (0x01602333) slt     t1, zero, s6
core   0: 3 0x80001886 (0x01602333) x 6 0x00000001
core   0: 0x8000188a (0x00d11b33) sll     s6, sp, a3
core   0: 3 0x8000188a (0x00d11b33) x22 0x00021b48
core   0: 0x8000188e (0xe39b0293) addi    t0, s6, -455
core   0: 3 0x8000188e (0xe39b0293) x 5 0x00021981
core   0: 0x80001892 (0x00008e89) c.sub   a3, a0
core   0: 3 0x80001892 (0x8e89) x13 0x128ec7f7
core   0: 0x80001894 (0x030d96b3) mulh    a3, s11, a6
core   0: 3 0x80001894 (0x030d96b3) x13 0x00000000
core   0: 0x80001898 (0x00009116) c.add   sp, t0
core   0: 3 0x80001898 (0x9116) x 2 0x000434c9
core   0: 0x8000189a (0x00009afd) c.andi  a3, -1
core   0: 3 0x8000189a (0x9afd) x13 0x00000000
core   0: 0x8000189c (0x00419933) sll     s2, gp, tp
core   0: 3 0x8000189c (0x00419933) x18 0x03438000
core   0: 0x800018a0 (0x13f40c13) addi    s8, s0, 319
core   0: 3 0x800018a0 (0x13f40c13) x24 0x0000013f
core   0: 0x800018a4 (0x0379bdb3) mulhu   s11, s3, s7
core   0: 3 0x800018a4 (0x0379bdb3) x27 0x7ec36354
core   0: 0x800018a8 (0x405456b3) sra     a3, s0, t0
core   0: 3 0x800018a8 (0x405456b3) x13 0x00000000
core   0: 0x800018ac (0x03785ab3) divu    s5, a6, s7
core   0: 3 0x800018ac (0x03785ab3) x21 0x00000000
core   0: 0x800018b0 (0x01dd4db3) xor     s11, s10, t4
core   0: 3 0x800018b0 (0x01dd4db3) x27 0x00000000
core   0: 0x800018b4 (0x00008b9e) c.mv    s7, t2
core   0: 3 0x800018b4 (0x8b9e) x23 0x80012ce4
core   0: 0x800018b6 (0x4987ae13) slti    t3, a5, 1176
core   0: 3 0x800018b6 (0x4987ae13) x28 0x00000000
core   0: 0x800018ba (0x000040f1) c.li    ra, 28
core   0: 3 0x800018ba (0x40f1) x 1 0x0000001c
core   0: 0x800018bc (0x009fa233) slt     tp, t6, s1
core   0: 3 0x800018bc (0x009fa233) x 4 0x00000001
core   0: 0x800018c0 (0x00a771b3) and     gp, a4, a0
core   0: 3 0x800018c0 (0x00a771b3) x 3 0x80712001
core   0: 0x800018c4 (0x40b08d33) sub     s10, ra, a1
core   0: 3 0x800018c4 (0x40b08d33) x26 0x0000001c
core   0: 0x800018c8 (0x000014fd) c.addi  s1, -1
core   0: 3 0x800018c8 (0x14fd) x 9 0x000d83b3
core   0: 0x800018ca (0x40c65293) srai    t0, a2, 12
core   0: 3 0x800018ca (0x40c65293) x 5 0x00000000
core   0: 0x800018ce (0x40edd893) srai    a7, s11, 14
core   0: 3 0x800018ce (0x40edd893) x17 0x00000000
core   0: 0x800018d2 (0x37519e97) auipc   t4, 0x37519
core   0: 3 0x800018d2 (0x37519e97) x29 0xb751a8d2
core   0: 0x800018d6 (0x41fb0333) sub     t1, s6, t6
core   0: 3 0x800018d6 (0x41fb0333) x 6 0x00021b47
core   0: 0x800018da (0x0344f4b3) remu    s1, s1, s4
core   0: 3 0x800018da (0x0344f4b3) x 9 0x000d83b3
core   0: 0x800018de (0x00ccc7b3) xor     a5, s9, a2
core   0: 3 0x800018de (0x00ccc7b3) x15 0xffffdae2
core   0: 0x800018e2 (0x00008b25) c.andi  a4, 9
core   0: 3 0x800018e2 (0x8b25) x14 0x00000001
core   0: 0x800018e4 (0x028dadb3) mulhsu  s11, s11, s0
core   0: 3 0x800018e4 (0x028dadb3) x27 0x00000000
core   0: 0x800018e8 (0x00000084) c.addi4spn s1, sp, 64
core   0: 3 0x800018e8 (0x0084) x 9 0x00043509
core   0: 0x800018ea (0x935c98b7) lui     a7, 0x935c9
core   0: 3 0x800018ea (0x935c98b7) x17 0x935c9000
core   0: 0x800018ee (0x01677db3) and     s11, a4, s6
core   0: 3 0x800018ee (0x01677db3) x27 0x00000000
core   0: 0x800018f2 (0x016b1293) slli    t0, s6, 22
core   0: 3 0x800018f2 (0x016b1293) x 5 0xd2000000
core   0: 0x800018f6 (0x3c198017) auipc   zero, 0x3c198
core   0: 3 0x800018f6 (0x3c198017)
core   0: 0x800018fa (0x01c2ddb3) srl     s11, t0, t3
core   0: 3 0x800018fa (0x01c2ddb3) x27 0xd2000000
core   0: 0x800018fe (0x825f2b93) slti    s7, t5, -2011
core   0: 3 0x800018fe (0x825f2b93) x23 0x00000000
core   0: 0x80001902 (0xe74dc293) xori    t0, s11, -396
core   0: 3 0x80001902 (0xe74dc293) x 5 0x2dfffe74
core   0: 0x80001906 (0x01da6c33) or      s8, s4, t4
core   0: 3 0x80001906 (0x01da6c33) x24 0xb7f5befa
core   0: 0x8000190a (0x000098fd) c.andi  s1, -1
core   0: 3 0x8000190a (0x98fd) x 9 0x00043509
core   0: 0x8000190c (0x0000032a) c.slli  t1, 10
core   0: 3 0x8000190c (0x032a) x 6 0x086d1c00
core   0: 0x8000190e (0xb49e0893) addi    a7, t3, -1207
core   0: 3 0x8000190e (0xb49e0893) x17 0xfffffb49
core   0: 0x80001912 (0x44c92413) slti    s0, s2, 1100
core   0: 3 0x80001912 (0x44c92413) x 8 0x00000000
core   0: 0x80001916 (0x000060a9) c.lui   ra, 0xa
core   0: 3 0x80001916 (0x60a9) x 1 0x0000a000
core   0: 0x80001918 (0x02cf20b3) mulhsu  ra, t5, a2
core   0: 3 0x80001918 (0x02cf20b3) x 1 0x00000000
core   0: 0x8000191c (0x00008c29) c.xor   s0, a0
core   0: 3 0x8000191c (0x8c29) x 8 0xed713809
core   0: 0x8000191e (0xff892793) slti    a5, s2, -8
core   0: 3 0x8000191e (0xff892793) x15 0x00000000
core   0: 0x80001922 (0x00000001) c.nop
core   0: 3 0x80001922 (0x0001)
core   0: 0x80001924 (0x1922ee93) ori     t4, t0, 402
core   0: 3 0x80001924 (0x1922ee93) x29 0x2dfffff6
core   0: 0x80001928 (0xcc7aea17) auipc   s4, 0xcc7ae
core   0: 3 0x80001928 (0xcc7aea17) x20 0x4c7af928
core   0: 0x8000192c (0x0051b4b3) sltu    s1, gp, t0
core   0: 3 0x8000192c (0x0051b4b3) x 9 0x00000000
core   0: 0x80001930 (0x0064bc33) sltu    s8, s1, t1
core   0: 3 0x80001930 (0x0064bc33) x24 0x00000001
core   0: 0x80001934 (0x03fd5933) divu    s2, s10, t6
core   0: 3 0x80001934 (0x03fd5933) x18 0x0000001c
core   0: 0x80001938 (0x02a04333) div     t1, zero, a0
core   0: 3 0x80001938 (0x02a04333) x 6 0x00000000
core   0: 0x8000193c (0x035fbfb3) mulhu   t6, t6, s5
core   0: 3 0x8000193c (0x035fbfb3) x31 0x00000000
core   0: 0x80001940 (0x007dca33) xor     s4, s11, t2
core   0: 3 0x80001940 (0x007dca33) x20 0x52012ce4
core   0: 0x80001944 (0x0000177d) c.addi  a4, -1
core   0: 3 0x80001944 (0x177d) x14 0x00000000
core   0: 0x80001946 (0x00009afd) c.andi  a3, -1
core   0: 3 0x80001946 (0x9afd) x13 0x00000000
core   0: 0x80001948 (0x0000997d) c.andi  a0, -1
core   0: 3 0x80001948 (0x997d) x10 0xed713809
core   0: 0x8000194a (0x1b25ac13) slti    s8, a1, 434
core   0: 3 0x8000194a (0x1b25ac13) x24 0x00000001
core   0: 0x8000194e (0x000085f9) c.srai  a1, 30
core   0: 3 0x8000194e (0x85f9) x11 0x00000000
core   0: 0x80001950 (0x00fd1213) slli    tp, s10, 15
core   0: 3 0x80001950 (0x00fd1213) x 4 0x000e0000
core   0: 0x80001954 (0x00008321) c.srli  a4, 8
core   0: 3 0x80001954 (0x8321) x14 0x00000000
core   0: 0x80001956 (0x00008509) c.srai  a0, 2
core   0: 3 0x80001956 (0x8509) x10 0xfb5c4e02
core   0: 0x80001958 (0x00006369) c.lui   t1, 0x1a
core   0: 3 0x80001958 (0x6369) x 6 0x0001a000
core   0: 0x8000195a (0x00000001) c.nop
core   0: 3 0x8000195a (0x0001)
core   0: 0x8000195c (0x01543d33) sltu    s10, s0, s5
core   0: 3 0x8000195c (0x01543d33) x26 0x00000000
core   0: 0x80001960 (0x037e3d33) mulhu   s10, t3, s7
core   0: 3 0x80001960 (0x037e3d33) x26 0x00000000
core   0: 0x80001964 (0x00811033) sll     zero, sp, s0
core   0: 3 0x80001964 (0x00811033)
core   0: 0x80001968 (0x02980233) mul     tp, a6, s1
core   0: 3 0x80001968 (0x02980233) x 4 0x00000000
core   0: 0x8000196c (0x022b4eb3) div     t4, s6, sp
core   0: 3 0x8000196c (0x022b4eb3) x29 0x00000000
core   0: 0x80001970 (0x01db65b3) or      a1, s6, t4
core   0: 3 0x80001970 (0x01db65b3) x11 0x00021b48
core   0: 0x80001974 (0x00008e99) c.sub   a3, a4
core   0: 3 0x80001974 (0x8e99) x13 0x00000000
core   0: 0x80001976 (0x00000811) c.addi  a6, 4
core   0: 3 0x80001976 (0x0811) x16 0x00000682
core   0: 0x80001978 (0x01b207b3) add     a5, tp, s11
core   0: 3 0x80001978 (0x01b207b3) x15 0xd2000000
core   0: 0x8000197c (0x01c934b3) sltu    s1, s2, t3
core   0: 3 0x8000197c (0x01c934b3) x 9 0x00000000
core   0: 0x80001980 (0x02f3cb33) div     s6, t2, a5
core   0: 3 0x80001980 (0x02f3cb33) x22 0x00000002
core   0: 0x80001984 (0x03609933) mulh    s2, ra, s6
core   0: 3 0x80001984 (0x03609933) x18 0x00000000
core   0: 0x80001988 (0x45d64e93) xori    t4, a2, 1117
core   0: 3 0x80001988 (0x45d64e93) x29 0x0000045d
core   0: 0x8000198c (0x0000597d) c.li    s2, -1
core   0: 3 0x8000198c (0x597d) x18 0xffffffff
core   0: 0x8000198e (0x00008765) c.srai  a4, 25
core   0: 3 0x8000198e (0x8765) x14 0x00000000
core   0: 0x80001990 (0x00008ead) c.xor   a3, a1
core   0: 3 0x80001990 (0x8ead) x13 0x00021b48
core   0: 0x80001992 (0x00008a81) c.andi  a3, 0
core   0: 3 0x80001992 (0x8a81) x13 0x00000000
core   0: 0x80001994 (0x9a63c513) xori    a0, t2, -1626
core   0: 3 0x80001994 (0x9a63c513) x10 0x7ffed542
core   0: 0x80001998 (0x01b0c5b3) xor     a1, ra, s11
core   0: 3 0x80001998 (0x01b0c5b3) x11 0xd2000000
core   0: 0x8000199c (0x00008d95) c.sub   a1, a3
core   0: 3 0x8000199c (0x8d95) x11 0xd2000000
core   0: 0x8000199e (0x02e97cb3) remu    s9, s2, a4
core   0: 3 0x8000199e (0x02e97cb3) x25 0xffffffff
core   0: 0x800019a2 (0x038efe33) remu    t3, t4, s8
core   0: 3 0x800019a2 (0x038efe33) x28 0x00000000
core   0: 0x800019a6 (0x0000811d) c.srli  a0, 7
core   0: 3 0x800019a6 (0x811d) x10 0x00fffdaa
core   0: 0x800019a8 (0x03e6cdb3) div     s11, a3, t5
core   0: 3 0x800019a8 (0x03e6cdb3) x27 0x00000000
core   0: 0x800019ac (0x3e8bcfb7) lui     t6, 0x3e8bc
core   0: 3 0x800019ac (0x3e8bcfb7) x31 0x3e8bc000
core   0: 0x800019b0 (0x00008186) c.mv    gp, ra
core   0: 3 0x800019b0 (0x8186) x 3 0x00000000
core   0: 0x800019b2 (0x003edd93) srli    s11, t4, 3
core   0: 3 0x800019b2 (0x003edd93) x27 0x0000008b
core   0: 0x800019b6 (0x00008f59) c.or    a4, a4
core   0: 3 0x800019b6 (0x8f59) x14 0x00000000
core   0: 0x800019b8 (0x00008ffd) c.and   a5, a5
core   0: 3 0x800019b8 (0x8ffd) x15 0xd2000000
core   0: 0x800019ba (0x008c8ab3) add     s5, s9, s0
core   0: 3 0x800019ba (0x008c8ab3) x21 0xed713808
core   0: 0x800019be (0xb1313913) sltiu   s2, sp, -1261
core   0: 3 0x800019be (0xb1313913) x18 0x00000001
core   0: 0x800019c2 (0x02d9acb3) mulhsu  s9, s3, a3
core   0: 3 0x800019c2 (0x02d9acb3) x25 0x00000000
core   0: 0x800019c6 (0x69e40593) addi    a1, s0, 1694
core   0: 3 0x800019c6 (0x69e40593) x11 0xed713ea7
core   0: 0x800019ca (0x021d3bb7) lui     s7, 0x21d3
core   0: 3 0x800019ca (0x021d3bb7) x23 0x021d3000
core   0: 0x800019ce (0x00ce9913) slli    s2, t4, 12
core   0: 3 0x800019ce (0x00ce9913) x18 0x0045d000
core   0: 0x800019d2 (0x00008c45) c.or    s0, s1
core   0: 3 0x800019d2 (0x8c45) x 8 0xed713809
core   0: 0x800019d4 (0x000056fd) c.li    a3, -1
core   0: 3 0x800019d4 (0x56fd) x13 0xffffffff
core   0: 0x800019d6 (0xc60e6893) ori     a7, t3, -928
core   0: 3 0x800019d6 (0xc60e6893) x17 0xfffffc60
core   0: 0x800019da (0x00008c4d) c.or    s0, a1
core   0: 3 0x800019da (0x8c4d) x 8 0xed713eaf
core   0: 0x800019dc (0x9c905f17) auipc   t5, 0x9c905
core   0: 3 0x800019dc (0x9c905f17) x30 0x1c9069dc
core   0: 0x800019e0 (0x01f01893) slli    a7, zero, 31
core   0: 3 0x800019e0 (0x01f01893) x17 0x00000000
core   0: 0x800019e4 (0x401e5193) srai    gp, t3, 1
core   0: 3 0x800019e4 (0x401e5193) x 3 0x00000000
core   0: 0x800019e8 (0x00000001) c.nop
core   0: 3 0x800019e8 (0x0001)
core   0: 0x800019ea (0x000005ca) c.slli  a1, 18
core   0: 3 0x800019ea (0x05ca) x11 0xfa9c0000
core   0: 0x800019ec (0x00f9bcb3) sltu    s9, s3, a5
core   0: 3 0x800019ec (0x00f9bcb3) x25 0x00000001
core   0: 0x800019f0 (0x003dcbb3) xor     s7, s11, gp
core   0: 3 0x800019f0 (0x003dcbb3) x23 0x0000008b
core   0: 0x800019f4 (0x005f1e13) slli    t3, t5, 5
core   0: 3 0x800019f4 (0x005f1e13) x28 0x920d3b80
core   0: 0x800019f8 (0x0000806d) c.srli  s0, 27
core   0: 3 0x800019f8 (0x806d) x 8 0x0000001d
core   0: 0x800019fa (0x0000147d) c.addi  s0, -1
core   0: 3 0x800019fa (0x147d) x 8 0x0000001c
core   0: 0x800019fc (0x00e67cb3) and     s9, a2, a4
core   0: 3 0x800019fc (0x00e67cb3) x25 0x00000000
core   0: 0x80001a00 (0x00000001) c.nop
core   0: 3 0x80001a00 (0x0001)
core   0: 0x80001a02 (0x0375b233) mulhu   tp, a1, s7
core   0: 3 0x80001a02 (0x0375b233) x 4 0x00000088
core   0: 0x80001a06 (0x40548433) sub     s0, s1, t0
core   0: 3 0x80001a06 (0x40548433) x 8 0xd200018c
core   0: 0x80001a0a (0x000006da) c.slli  a3, 22
core   0: 3 0x80001a0a (0x06da) x13 0xffc00000
core   0: 0x80001a0c (0x0000537d) c.li    t1, -1
core   0: 3 0x80001a0c (0x537d) x 6 0xffffffff
core   0: 0x80001a0e (0x02fec933) div     s2, t4, a5
core   0: 3 0x80001a0e (0x02fec933) x18 0x00000000
core   0: 0x80001a12 (0x000081ce) c.mv    gp, s3
core   0: 3 0x80001a12 (0x81ce) x 3 0x8000ee64
core   0: 0x80001a14 (0x28240093) addi    ra, s0, 642
core   0: 3 0x80001a14 (0x28240093) x 1 0xd200040e
core   0: 0x80001a18 (0x0000987d) c.andi  s0, -1
core   0: 3 0x80001a18 (0x987d) x 8 0xd200018c
core   0: 0x80001a1a (0x0337c233) div     tp, a5, s3
core   0: 3 0x80001a1a (0x0337c233) x 4 0x00000000
core   0: 0x80001a1e (0x00004491) c.li    s1, 4
core   0: 3 0x80001a1e (0x4491) x 9 0x00000004
core   0: 0x80001a20 (0x01a31133) sll     sp, t1, s10
core   0: 3 0x80001a20 (0x01a31133) x 2 0xffffffff
core   0: 0x80001a24 (0x00000001) c.nop
core   0: 3 0x80001a24 (0x0001)
core   0: 0x80001a26 (0x09450017) auipc   zero, 0x9450
core   0: 3 0x80001a26 (0x09450017)
core   0: 0x80001a2a (0x00009c16) c.add   s8, t0
core   0: 3 0x80001a2a (0x9c16) x24 0x2dfffe75
core   0: 0x80001a2c (0x00000c00) c.addi4spn s0, sp, 528
core   0: 3 0x80001a2c (0x0c00) x 8 0x0000020f
core   0: 0x80001a2e (0x01cb42b3) xor     t0, s6, t3
core   0: 3 0x80001a2e (0x01cb42b3) x 5 0x920d3b82
core   0: 0x80001a32 (0x41c0d593) srai    a1, ra, 28
core   0: 3 0x80001a32 (0x41c0d593) x11 0xfffffffd
core   0: 0x80001a36 (0x028f04b3) mul     s1, t5, s0
core   0: 3 0x80001a36 (0x028f04b3) x 9 0xcd49ebe4
core   0: 0x80001a3a (0x8e16a593) slti    a1, a3, -1823
core   0: 3 0x80001a3a (0x8e16a593) x11 0x00000001
core   0: 0x80001a3e (0x000087f6) c.mv    a5, t4
core   0: 3 0x80001a3e (0x87f6) x15 0x0000045d
core   0: 0x80001a40 (0x01688e33) add     t3, a7, s6
core   0: 3 0x80001a40 (0x01688e33) x28 0x00000002
core   0: 0x80001a44 (0x01601693) slli    a3, zero, 22
core   0: 3 0x80001a44 (0x01601693) x13 0x00000000
core   0: 0x80001a48 (0x00006335) c.lui   t1, 0xd
core   0: 3 0x80001a48 (0x6335) x 6 0x0000d000
core   0: 0x80001a4a (0x400184b3) sub     s1, gp, zero
core   0: 3 0x80001a4a (0x400184b3) x 9 0x8000ee64
core   0: 0x80001a4e (0x00001600) c.addi4spn s0, sp, 800
core   0: 3 0x80001a4e (0x1600) x 8 0x0000031f
core   0: 0x80001a50 (0x00008df9) c.and   a1, a4
core   0: 3 0x80001a50 (0x8df9) x11 0x00000000
core   0: 0x80001a52 (0x03ddb833) mulhu   a6, s11, t4
core   0: 3 0x80001a52 (0x03ddb833) x16 0x00000000
core   0: 0x80001a56 (0x00001a84) c.addi4spn s1, sp, 368
core   0: 3 0x80001a56 (0x1a84) x 9 0x0000016f
core   0: 0x80001a58 (0x40845b13) srai    s6, s0, 8
core   0: 3 0x80001a58 (0x40845b13) x22 0x00000003
core   0: 0x80001a5c (0x0078e7b3) or      a5, a7, t2
core   0: 3 0x80001a5c (0x0078e7b3) x15 0x80012ce4
core   0: 0x80001a60 (0x01bf21b3) slt     gp, t5, s11
core   0: 3 0x80001a60 (0x01bf21b3) x 3 0x00000000
core   0: 0x80001a64 (0x410080b3) sub     ra, ra, a6
core   0: 3 0x80001a64 (0x410080b3) x 1 0xd200040e
core   0: 0x80001a68 (0x02166cb3) rem     s9, a2, ra
core   0: 3 0x80001a68 (0x02166cb3) x25 0x00000000
core   0: 0x80001a6c (0x00008e62) c.mv    t3, s8
core   0: 3 0x80001a6c (0x8e62) x28 0x2dfffe75
core   0: 0x80001a6e (0x00008ef1) c.and   a3, a2
core   0: 3 0x80001a6e (0x8ef1) x13 0x00000000
core   0: 0x80001a70 (0x0a29b4b7) lui     s1, 0xa29b
core   0: 3 0x80001a70 (0x0a29b4b7) x 9 0x0a29b000
core   0: 0x80001a74 (0x00008ed5) c.or    a3, a3
core   0: 3 0x80001a74 (0x8ed5) x13 0x00000000
core   0: 0x80001a76 (0x41788333) sub     t1, a7, s7
core   0: 3 0x80001a76 (0x41788333) x 6 0xffffff75
core   0: 0x80001a7a (0x02616833) rem     a6, sp, t1
core   0: 3 0x80001a7a (0x02616833) x16 0xffffffff
core   0: 0x80001a7e (0x05a5cf97) auipc   t6, 0x5a5c
core   0: 3 0x80001a7e (0x05a5cf97) x31 0x85a5da7e
core   0: 0x80001a82 (0x40cddd93) srai    s11, s11, 12
core   0: 3 0x80001a82 (0x40cddd93) x27 0x00000000
core   0: 0x80001a86 (0x47dd4d97) auipc   s11, 0x47dd4
core   0: 3 0x80001a86 (0x47dd4d97) x27 0xc7dd5a86
core   0: 0x80001a8a (0x00009106) c.add   sp, ra
core   0: 3 0x80001a8a (0x9106) x 2 0xd200040d
core   0: 0x80001a8c (0x00b39a13) slli    s4, t2, 11
core   0: 3 0x80001a8c (0x00b39a13) x20 0x09672000
core   0: 0x80001a90 (0x02bfd333) divu    t1, t6, a1
core   0: 3 0x80001a90 (0x02bfd333) x 6 0xffffffff
core   0: 0x80001a94 (0x02fad733) divu    a4, s5, a5
core   0: 3 0x80001a94 (0x02fad733) x14 0x00000001
core   0: 0x80001a98 (0x41eed833) sra     a6, t4, t5
core   0: 3 0x80001a98 (0x41eed833) x16 0x00000000
core   0: 0x80001a9c (0x00ecd0b3) srl     ra, s9, a4
core   0: 3 0x80001a9c (0x00ecd0b3) x 1 0x00000000
core   0: 0x80001aa0 (0x40f55113) srai    sp, a0, 15
core   0: 3 0x80001aa0 (0x40f55113) x 2 0x000001ff
core   0: 0x80001aa4 (0x0115eab3) or      s5, a1, a7
core   0: 3 0x80001aa4 (0x0115eab3) x21 0x00000000
core   0: 0x80001aa8 (0x00009a92) c.add   s5, tp
core   0: 3 0x80001aa8 (0x9a92) x21 0x00000000
core   0: 0x80001aaa (0x00008f1d) c.sub   a4, a5
core   0: 3 0x80001aaa (0x8f1d) x14 0x7ffed31d
core   0: 0x80001aac (0x00eb08b3) add     a7, s6, a4
core   0: 3 0x80001aac (0x00eb08b3) x17 0x7ffed320
core   0: 0x80001ab0 (0xda309a17) auipc   s4, 0xda309
core   0: 3 0x80001ab0 (0xda309a17) x20 0x5a30aab0
core   0: 0x80001ab4 (0x00000001) c.nop
core   0: 3 0x80001ab4 (0x0001)
core   0: 0x80001ab6 (0x00008fed) c.and   a5, a1
core   0: 3 0x80001ab6 (0x8fed) x15 0x00000000
core   0: 0x80001ab8 (0x0226edb3) rem     s11, a3, sp
core   0: 3 0x80001ab8 (0x0226edb3) x27 0x00000000
core   0: 0x80001abc (0x01a25b93) srli    s7, tp, 26
core   0: 3 0x80001abc (0x01a25b93) x23 0x00000000
core   0: 0x80001ac0 (0x0027d133) srl     sp, a5, sp
core   0: 3 0x80001ac0 (0x0027d133) x 2 0x00000000
core   0: 0x80001ac4 (0x0259de33) divu    t3, s3, t0
core   0: 3 0x80001ac4 (0x0259de33) x28 0x00000000
core   0: 0x80001ac8 (0x0000933e) c.add   t1, a5
core   0: 3 0x80001ac8 (0x933e) x 6 0xffffffff
core   0: 0x80001aca (0xe1eba213) slti    tp, s7, -482
core   0: 3 0x80001aca (0xe1eba213) x 4 0x00000000
core   0: 0x80001ace (0x0000987a) c.add   a6, t5
core   0: 3 0x80001ace (0x987a) x16 0x1c9069dc
core   0: 0x80001ad0 (0x000016fd) c.addi  a3, -1
core   0: 3 0x80001ad0 (0x16fd) x13 0xffffffff
core   0: 0x80001ad2 (0x01db1713) slli    a4, s6, 29
core   0: 3 0x80001ad2 (0x01db1713) x14 0x60000000
core   0: 0x80001ad6 (0x01798db3) add     s11, s3, s7
core   0: 3 0x80001ad6 (0x01798db3) x27 0x8000ee64
core   0: 0x80001ada (0x2c0e4593) xori    a1, t3, 704
core   0: 3 0x80001ada (0x2c0e4593) x11 0x000002c0
core   0: 0x80001ade (0x026c7133) remu    sp, s8, t1
core   0: 3 0x80001ade (0x026c7133) x 2 0x2dfffe75
core   0: 0x80001ae2 (0x030f7cb3) remu    s9, t5, a6
core   0: 3 0x80001ae2 (0x030f7cb3) x25 0x00000000
core   0: 0x80001ae6 (0x03104d33) div     s10, zero, a7
core   0: 3 0x80001ae6 (0x03104d33) x26 0x00000000
core   0: 0x80001aea (0x6050cb17) auipc   s6, 0x6050c
core   0: 3 0x80001aea (0x6050cb17) x22 0xe050daea
core   0: 0x80001aee (0x002f98b3) sll     a7, t6, sp
core   0: 3 0x80001aee (0x002f98b3) x17 0x4fc00000
core   0: 0x80001af2 (0x01f95693) srli    a3, s2, 31
core   0: 3 0x80001af2 (0x01f95693) x13 0x00000000
core   0: 0x80001af6 (0x0362b933) mulhu   s2, t0, s6
core   0: 3 0x80001af6 (0x0362b933) x18 0x7ff9b519
core   0: 0x80001afa (0xc6a6c713) xori    a4, a3, -918
core   0: 3 0x80001afa (0xc6a6c713) x14 0xfffffc6a
core   0: 0x80001afe (0x00000001) c.nop
core   0: 3 0x80001afe (0x0001)
core   0: 0x80001b00 (0x03f7f233) remu    tp, a5, t6
core   0: 3 0x80001b00 (0x03f7f233) x 4 0x00000000
core   0: 0x80001b04 (0x0212e8b3) rem     a7, t0, ra
core   0: 3 0x80001b04 (0x0212e8b3) x17 0x920d3b82
core   0: 0x80001b08 (0x00000001) c.nop
core   0: 3 0x80001b08 (0x0001)
core   0: 0x80001b0a (0x037f7db3) remu    s11, t5, s7
core   0: 3 0x80001b0a (0x037f7db3) x27 0x1c9069dc
core   0: 0x80001b0e (0x02566fb3) rem     t6, a2, t0
core   0: 3 0x80001b0e (0x02566fb3) x31 0x00000000
core   0: 0x80001b12 (0x0132feb3) and     t4, t0, s3
core   0: 3 0x80001b12 (0x0132feb3) x29 0x80002a00
core   0: 0x80001b16 (0x404d8d33) sub     s10, s11, tp
core   0: 3 0x80001b16 (0x404d8d33) x26 0x1c9069dc
core   0: 0x80001b1a (0x03425f33) divu    t5, tp, s4
core   0: 3 0x80001b1a (0x03425f33) x30 0x00000000
core   0: 0x80001b1e (0x0000029d) c.addi  t0, 7
core   0: 3 0x80001b1e (0x029d) x 5 0x920d3b89
core   0: 0x80001b20 (0xa06c4913) xori    s2, s8, -1530
core   0: 3 0x80001b20 (0xa06c4913) x18 0xd2000473
core   0: 0x80001b24 (0x00000001) c.nop
core   0: 3 0x80001b24 (0x0001)
core   0: 0x80001b26 (0x00008da9) c.xor   a1, a0
core   0: 3 0x80001b26 (0x8da9) x11 0x00ffff6a
core   0: 0x80001b28 (0x01369893) slli    a7, a3, 19
core   0: 3 0x80001b28 (0x01369893) x17 0x00000000
core   0: 0x80001b2c (0x41128db3) sub     s11, t0, a7
core   0: 3 0x80001b2c (0x41128db3) x27 0x920d3b89
core   0: 0x80001b30 (0x0161bb33) sltu    s6, gp, s6
core   0: 3 0x80001b30 (0x0161bb33) x22 0x00000001
core   0: 0x80001b34 (0x002c9313) slli    t1, s9, 2
core   0: 3 0x80001b34 (0x002c9313) x 6 0x00000000
core   0: 0x80001b38 (0x569e0193) addi    gp, t3, 1385
core   0: 3 0x80001b38 (0x569e0193) x 3 0x00000569
core   0: 0x80001b3c (0x00b867b3) or      a5, a6, a1
core   0: 3 0x80001b3c (0x00b867b3) x15 0x1cfffffe
core   0: 0x80001b40 (0x00008329) c.srli  a4, 10
core   0: 3 0x80001b40 (0x8329) x14 0x003fffff
core   0: 0x80001b42 (0x00000b7a) c.slli  s6, 30
core   0: 3 0x80001b42 (0x0b7a) x22 0x40000000
core   0: 0x80001b44 (0x000000a9) c.addi  ra, 10
core   0: 3 0x80001b44 (0x00a9) x 1 0x0000000a
core   0: 0x80001b46 (0x58dae113) ori     sp, s5, 1421
core   0: 3 0x80001b46 (0x58dae113) x 2 0x0000058d
core   0: 0x80001b4a (0x9e286813) ori     a6, a6, -1566
core   0: 3 0x80001b4a (0x9e286813) x16 0xfffff9fe
core   0: 0x80001b4e (0x00008dc9) c.or    a1, a0
core   0: 3 0x80001b4e (0x8dc9) x11 0x00ffffea
core   0: 0x80001b50 (0x00008c05) c.sub   s0, s1
core   0: 3 0x80001b50 (0x8c05) x 8 0xf5d6531f
core   0: 0x80001b52 (0x0278bc33) mulhu   s8, a7, t2
core   0: 3 0x80001b52 (0x0278bc33) x24 0x00000000
core   0: 0x80001b56 (0x00008885) c.andi  s1, 1
core   0: 3 0x80001b56 (0x8885) x 9 0x00000000
core   0: 0x80001b58 (0x036b7533) remu    a0, s6, s6
core   0: 3 0x80001b58 (0x036b7533) x10 0x00000000
core   0: 0x80001b5c (0x00008f1d) c.sub   a4, a5
core   0: 3 0x80001b5c (0x8f1d) x14 0xe3400001
core   0: 0x80001b5e (0x00008c69) c.and   s0, a0
core   0: 3 0x80001b5e (0x8c69) x 8 0x00000000
core   0: 0x80001b60 (0x031da533) mulhsu  a0, s11, a7
core   0: 3 0x80001b60 (0x031da533) x10 0x00000000
core   0: 0x80001b64 (0x4976a013) slti    zero, a3, 1175
core   0: 3 0x80001b64 (0x4976a013)
core   0: 0x80001b68 (0x019120b3) slt     ra, sp, s9
core   0: 3 0x80001b68 (0x019120b3) x 1 0x00000000
core   0: 0x80001b6c (0x00000e92) c.slli  t4, 4
core   0: 3 0x80001b6c (0x0e92) x29 0x0002a000
core   0: 0x80001b6e (0x000052fd) c.li    t0, -1
core   0: 3 0x80001b6e (0x52fd) x 5 0xffffffff
core   0: 0x80001b70 (0xb9947e37) lui     t3, 0xb9947
core   0: 3 0x80001b70 (0xb9947e37) x28 0xb9947000
core   0: 0x80001b74 (0x02d68333) mul     t1, a3, a3
core   0: 3 0x80001b74 (0x02d68333) x 6 0x00000000
core   0: 0x80001b78 (0x00008005) c.srli  s0, 1
core   0: 3 0x80001b78 (0x8005) x 8 0x00000000
core   0: 0x80001b7a (0x59f7f537) lui     a0, 0x59f7f
core   0: 3 0x80001b7a (0x59f7f537) x10 0x59f7f000
core   0: 0x80001b7e (0x00777bb3) and     s7, a4, t2
core   0: 3 0x80001b7e (0x00777bb3) x23 0x80000000
core   0: 0x80001b82 (0x01afd313) srli    t1, t6, 26
core   0: 3 0x80001b82 (0x01afd313) x 6 0x00000000
core   0: 0x80001b86 (0x0000891e) c.mv    s2, t2
core   0: 3 0x80001b86 (0x891e) x18 0x80012ce4
core   0: 0x80001b88 (0x72938593) addi    a1, t2, 1833
core   0: 3 0x80001b88 (0x72938593) x11 0x8001340d
core   0: 0x80001b8c (0x000086f9) c.srai  a3, 30
core   0: 3 0x80001b8c (0x86f9) x13 0x00000000
core   0: 0x80001b8e (0x00008189) c.srli  a1, 2
core   0: 3 0x80001b8e (0x8189) x11 0x20004d03
core   0: 0x80001b90 (0x4ddf2793) slti    a5, t5, 1245
core   0: 3 0x80001b90 (0x4ddf2793) x15 0x00000001
core   0: 0x80001b94 (0x0000882d) c.andi  s0, 11
core   0: 3 0x80001b94 (0x882d) x 8 0x00000000
core   0: 0x80001b96 (0x18922a13) slti    s4, tp, 393
core   0: 3 0x80001b96 (0x18922a13) x20 0x00000001
core   0: 0x80001b9a (0x016102b3) add     t0, sp, s6
core   0: 3 0x80001b9a (0x016102b3) x 5 0x4000058d
core   0: 0x80001b9e (0x85763c93) sltiu   s9, a2, -1961
core   0: 3 0x80001b9e (0x85763c93) x25 0x00000001
core   0: 0x80001ba2 (0x03ea6fb3) rem     t6, s4, t5
core   0: 3 0x80001ba2 (0x03ea6fb3) x31 0x00000001
core   0: 0x80001ba6 (0x419b5893) srai    a7, s6, 25
core   0: 3 0x80001ba6 (0x419b5893) x17 0x00000020
core   0: 0x80001baa (0x41fad013) srai    zero, s5, 31
core   0: 3 0x80001baa (0x41fad013)
core   0: 0x80001bae (0x0279b1b3) mulhu   gp, s3, t2
core   0: 3 0x80001bae (0x0279b1b3) x 3 0x40010da5
core   0: 0x80001bb2 (0x4166dbb3) sra     s7, a3, s6
core   0: 3 0x80001bb2 (0x4166dbb3) x23 0x00000000
core   0: 0x80001bb6 (0x92c1e793) ori     a5, gp, -1748
core   0: 3 0x80001bb6 (0x92c1e793) x15 0xfffffdad
core   0: 0x80001bba (0x030f8033) mul     zero, t6, a6
core   0: 3 0x80001bba (0x030f8033)
core   0: 0x80001bbe (0x00000001) c.nop
core   0: 3 0x80001bbe (0x0001)
core   0: 0x80001bc0 (0x0181f4b3) and     s1, gp, s8
core   0: 3 0x80001bc0 (0x0181f4b3) x 9 0x00000000
core   0: 0x80001bc4 (0xfff00213) li      tp, -1
core   0: 3 0x80001bc4 (0xfff00213) x 4 0xffffffff
core   0: 0x80001bc8 (0x80000ab7) lui     s5, 0x80000
core   0: 3 0x80001bc8 (0x80000ab7) x21 0x80000000
core   0: 0x80001bcc (0xc19cf837) lui     a6, 0xc19cf
core   0: 3 0x80001bcc (0xc19cf837) x16 0xc19cf000
core   0: 0x80001bd0 (0x3e280813) addi    a6, a6, 994
core   0: 3 0x80001bd0 (0x3e280813) x16 0xc19cf3e2
core   0: 0x80001bd4 (0x144b6c37) lui     s8, 0x144b6
core   0: 3 0x80001bd4 (0x144b6c37) x24 0x144b6000
core   0: 0x80001bd8 (0xf32c0c13) addi    s8, s8, -206
core   0: 3 0x80001bd8 (0xf32c0c13) x24 0x144b5f32
core   0: 0x80001bdc (0x800004b7) lui     s1, 0x80000
core   0: 3 0x80001bdc (0x800004b7) x 9 0x80000000
core   0: 0x80001be0 (0x80000437) lui     s0, 0x80000
core   0: 3 0x80001be0 (0x80000437) x 8 0x80000000
core   0: 0x80001be4 (0x80000d37) lui     s10, 0x80000
core   0: 3 0x80001be4 (0x80000d37) x26 0x80000000
core   0: 0x80001be8 (0x2152ba37) lui     s4, 0x2152b
core   0: 3 0x80001be8 (0x2152ba37) x20 0x2152b000
core   0: 0x80001bec (0xdffa0a13) addi    s4, s4, -513
core   0: 3 0x80001bec (0xdffa0a13) x20 0x2152adff
core   0: 0x80001bf0 (0xfff00193) li      gp, -1
core   0: 3 0x80001bf0 (0xfff00193) x 3 0xffffffff
core   0: 0x80001bf4 (0x00004501) c.li    a0, 0
core   0: 3 0x80001bf4 (0x4501) x10 0x00000000
core   0: 0x80001bf6 (0x038d41b3) div     gp, s10, s8
core   0: 3 0x80001bf6 (0x038d41b3) x 3 0xfffffffa
core   0: 0x80001bfa (0x02842d33) mulhsu  s10, s0, s0
core   0: 3 0x80001bfa (0x02842d33) x26 0xc0000000
core   0: 0x80001bfe (0x03844a33) div     s4, s0, s8
core   0: 3 0x80001bfe (0x03844a33) x20 0xfffffffa
core   0: 0x80001c02 (0x56f80493) addi    s1, a6, 1391
core   0: 3 0x80001c02 (0x56f80493) x 9 0xc19cf951
core   0: 0x80001c06 (0x00000001) c.nop
core   0: 3 0x80001c06 (0x0001)
core   0: 0x80001c08 (0x2bcb3217) auipc   tp, 0x2bcb3
core   0: 3 0x80001c08 (0x2bcb3217) x 4 0xabcb4c08
core   0: 0x80001c0c (0x630b3497) auipc   s1, 0x630b3
core   0: 3 0x80001c0c (0x630b3497) x 9 0xe30b4c0c
core   0: 0x80001c10 (0x4c583d37) lui     s10, 0x4c583
core   0: 3 0x80001c10 (0x4c583d37) x26 0x4c583000
core   0: 0x80001c14 (0x408a84b3) sub     s1, s5, s0
core   0: 3 0x80001c14 (0x408a84b3) x 9 0x00000000
core   0: 0x80001c18 (0x403481b3) sub     gp, s1, gp
core   0: 3 0x80001c18 (0x403481b3) x 3 0x00000006
core   0: 0x80001c1c (0x034821b3) mulhsu  gp, a6, s4
core   0: 3 0x80001c1c (0x034821b3) x 3 0xc19cf3e3
core   0: 0x80001c20 (0x029d64b3) rem     s1, s10, s1
core   0: 3 0x80001c20 (0x029d64b3) x 9 0x4c583000
core   0: 0x80001c24 (0x1df78517) auipc   a0, 0x1df78
core   0: 3 0x80001c24 (0x1df78517) x10 0x9df79c24
core   0: 0x80001c28 (0x02319c33) mulh    s8, gp, gp
core   0: 3 0x80001c28 (0x02319c33) x24 0x0f342030
core   0: 0x80001c2c (0x035a8433) mul     s0, s5, s5
core   0: 3 0x80001c2c (0x035a8433) x 8 0x00000000
core   0: 0x80001c30 (0x3b748493) addi    s1, s1, 951
core   0: 3 0x80001c30 (0x3b748493) x 9 0x4c5833b7
core   0: 0x80001c34 (0xcba80513) addi    a0, a6, -838
core   0: 3 0x80001c34 (0xcba80513) x10 0xc19cf09c
core   0: 0x80001c38 (0x03048833) mul     a6, s1, a6
core   0: 3 0x80001c38 (0x03048833) x16 0x99785c8e
core   0: 0x80001c3c (0x015d0833) add     a6, s10, s5
core   0: 3 0x80001c3c (0x015d0833) x16 0xcc583000
core   0: 0x80001c40 (0x0291c1b3) div     gp, gp, s1
core   0: 3 0x80001c40 (0x0291c1b3) x 3 0x00000000
core   0: 0x80001c44 (0x038a8533) mul     a0, s5, s8
core   0: 3 0x80001c44 (0x038a8533) x10 0x00000000
core   0: 0x80001c48 (0x038c6d33) rem     s10, s8, s8
core   0: 3 0x80001c48 (0x038c6d33) x26 0x00000000
core   0: 0x80001c4c (0x03020ab3) mul     s5, tp, a6
core   0: 3 0x80001c4c (0x03020ab3) x21 0xa1018000
core   0: 0x80001c50 (0x024abd33) mulhu   s10, s5, tp
core   0: 3 0x80001c50 (0x024abd33) x26 0x6c0bdc81
core   0: 0x80001c54 (0x00008831) c.andi  s0, 12
core   0: 3 0x80001c54 (0x8831) x 8 0x00000000
core   0: 0x80001c56 (0x01b62233) slt     tp, a2, s11
core   0: 3 0x80001c56 (0x01b62233) x 4 0x00000000
core   0: 0x80001c5a (0x00008ef1) c.and   a3, a2
core   0: 3 0x80001c5a (0x8ef1) x13 0x00000000
core   0: 0x80001c5c (0x0232d1b3) divu    gp, t0, gp
core   0: 3 0x80001c5c (0x0232d1b3) x 3 0xffffffff
core   0: 0x80001c60 (0x03a147b3) div     a5, sp, s10
core   0: 3 0x80001c60 (0x03a147b3) x15 0x00000000
core   0: 0x80001c64 (0x00008d76) c.mv    s10, t4
core   0: 3 0x80001c64 (0x8d76) x26 0x0002a000
core   0: 0x80001c66 (0x00008956) c.mv    s2, s5
core   0: 3 0x80001c66 (0x8956) x18 0xa1018000
core   0: 0x80001c68 (0x0195a533) slt     a0, a1, s9
core   0: 3 0x80001c68 (0x0195a533) x10 0x00000000
core   0: 0x80001c6c (0x000007b6) c.slli  a5, 13
core   0: 3 0x80001c6c (0x07b6) x15 0x00000000
core   0: 0x80001c6e (0x01fa1bb3) sll     s7, s4, t6
core   0: 3 0x80001c6e (0x01fa1bb3) x23 0xfffffff4
core   0: 0x80001c72 (0x02958333) mul     t1, a1, s1
core   0: 3 0x80001c72 (0x02958333) x 6 0x4c96a625
core   0: 0x80001c76 (0x00008b71) c.andi  a4, 28
core   0: 3 0x80001c76 (0x8b71) x14 0x00000000
core   0: 0x80001c78 (0x03ff0a33) mul     s4, t5, t6
core   0: 3 0x80001c78 (0x03ff0a33) x20 0x00000000
core   0: 0x80001c7c (0x023594b3) mulh    s1, a1, gp
core   0: 3 0x80001c7c (0x023594b3) x 9 0xffffffff
core   0: 0x80001c80 (0x416b8c33) sub     s8, s7, s6
core   0: 3 0x80001c80 (0x416b8c33) x24 0xbffffff4
core   0: 0x80001c84 (0x02d28bb3) mul     s7, t0, a3
core   0: 3 0x80001c84 (0x02d28bb3) x23 0x00000000
core   0: 0x80001c88 (0x01a35d13) srli    s10, t1, 26
core   0: 3 0x80001c88 (0x01a35d13) x26 0x00000013
core   0: 0x80001c8c (0x00009826) c.add   a6, s1
core   0: 3 0x80001c8c (0x9826) x16 0xcc582fff
core   0: 0x80001c8e (0x000041b9) c.li    gp, 14
core   0: 3 0x80001c8e (0x41b9) x 3 0x0000000e
core   0: 0x80001c90 (0x00008eed) c.and   a3, a1
core   0: 3 0x80001c90 (0x8eed) x13 0x00000000
core   0: 0x80001c92 (0x0333bbb3) mulhu   s7, t2, s3
core   0: 3 0x80001c92 (0x0333bbb3) x23 0x40010da5
core   0: 0x80001c96 (0x03d88733) mul     a4, a7, t4
core   0: 3 0x80001c96 (0x03d88733) x14 0x00540000
core   0: 0x80001c9a (0x039e7bb3) remu    s7, t3, s9
core   0: 3 0x80001c9a (0x039e7bb3) x23 0x00000000
core   0: 0x80001c9e (0x02abddb3) divu    s11, s7, a0
core   0: 3 0x80001c9e (0x02abddb3) x27 0xffffffff
core   0: 0x80001ca2 (0xaa8e7b13) andi    s6, t3, -1368
core   0: 3 0x80001ca2 (0xaa8e7b13) x22 0xb9947000
core   0: 0x80001ca6 (0x01c326b3) slt     a3, t1, t3
core   0: 3 0x80001ca6 (0x01c326b3) x13 0x00000000
core   0: 0x80001caa (0x000062e5) c.lui   t0, 0x19
core   0: 3 0x80001caa (0x62e5) x 5 0x00019000
core   0: 0x80001cac (0x40efd2b3) sra     t0, t6, a4
core   0: 3 0x80001cac (0x40efd2b3) x 5 0x00000001
core   0: 0x80001cb0 (0x034bc133) div     sp, s7, s4
core   0: 3 0x80001cb0 (0x034bc133) x 2 0xffffffff
core   0: 0x80001cb4 (0x03f00433) mul     s0, zero, t6
core   0: 3 0x80001cb4 (0x03f00433) x 8 0x00000000
core   0: 0x80001cb8 (0x00008ced) c.and   s1, a1
core   0: 3 0x80001cb8 (0x8ced) x 9 0x20004d03
core   0: 0x80001cba (0x4021dd93) srai    s11, gp, 2
core   0: 3 0x80001cba (0x4021dd93) x27 0x00000003
core   0: 0x80001cbe (0x00000001) c.nop
core   0: 3 0x80001cbe (0x0001)
core   0: 0x80001cc0 (0x40a6ddb3) sra     s11, a3, a0
core   0: 3 0x80001cc0 (0x40a6ddb3) x27 0x00000000
core   0: 0x80001cc4 (0x00e5b833) sltu    a6, a1, a4
core   0: 3 0x80001cc4 (0x00e5b833) x16 0x00000000
core   0: 0x80001cc8 (0x00008565) c.srai  a0, 25
core   0: 3 0x80001cc8 (0x8565) x10 0x00000000
core   0: 0x80001cca (0x028b2233) mulhsu  tp, s6, s0
core   0: 3 0x80001cca (0x028b2233) x 4 0x00000000
core   0: 0x80001cce (0x00001f0c) c.addi4spn a1, sp, 944
core   0: 3 0x80001cce (0x1f0c) x11 0x000003af
core   0: 0x80001cd0 (0x00000d31) c.addi  s10, 12
core   0: 3 0x80001cd0 (0x0d31) x26 0x0000001f
core   0: 0x80001cd2 (0x72d02e93) slti    t4, zero, 1837
core   0: 3 0x80001cd2 (0x72d02e93) x29 0x00000001
core   0: 0x80001cd6 (0x000085cd) c.srai  a1, 19
core   0: 3 0x80001cd6 (0x85cd) x11 0x00000000
core   0: 0x80001cd8 (0x00004809) c.li    a6, 2
core   0: 3 0x80001cd8 (0x4809) x16 0x00000002
core   0: 0x80001cda (0x00008ef5) c.and   a3, a3
core   0: 3 0x80001cda (0x8ef5) x13 0x00000000
core   0: 0x80001cdc (0xfcdf4d13) xori    s10, t5, -51
core   0: 3 0x80001cdc (0xfcdf4d13) x26 0xffffffcd
core   0: 0x80001ce0 (0x00008a4e) c.mv    s4, s3
core   0: 3 0x80001ce0 (0x8a4e) x20 0x8000ee64
core   0: 0x80001ce2 (0x00008fd1) c.or    a5, a2
core   0: 3 0x80001ce2 (0x8fd1) x15 0x00000000
core   0: 0x80001ce4 (0x00d51bb3) sll     s7, a0, a3
core   0: 3 0x80001ce4 (0x00d51bb3) x23 0x00000000
core   0: 0x80001ce8 (0xe15ab897) auipc   a7, 0xe15ab
core   0: 3 0x80001ce8 (0xe15ab897) x17 0x615acce8
core   0: 0x80001cec (0xd892a493) slti    s1, t0, -631
core   0: 3 0x80001cec (0xd892a493) x 9 0x00000000
core   0: 0x80001cf0 (0x0251c0b3) div     ra, gp, t0
core   0: 3 0x80001cf0 (0x0251c0b3) x 1 0x0000000e
core   0: 0x80001cf4 (0x000087e5) c.srai  a5, 25
core   0: 3 0x80001cf4 (0x87e5) x15 0x00000000
core   0: 0x80001cf6 (0x001f2eb3) slt     t4, t5, ra
core   0: 3 0x80001cf6 (0x001f2eb3) x29 0x00000001
core   0: 0x80001cfa (0x41a9d833) sra     a6, s3, s10
core   0: 3 0x80001cfa (0x41a9d833) x16 0xfffc0007
core   0: 0x80001cfe (0x82078e97) auipc   t4, 0x82078
core   0: 3 0x80001cfe (0x82078e97) x29 0x02079cfe
core   0: 0x80001d02 (0x00008365) c.srli  a4, 25
core   0: 3 0x80001d02 (0x8365) x14 0x00000000
core   0: 0x80001d04 (0x01cfc2b3) xor     t0, t6, t3
core   0: 3 0x80001d04 (0x01cfc2b3) x 5 0xb9947001
core   0: 0x80001d08 (0x9b0cb313) sltiu   t1, s9, -1616
core   0: 3 0x80001d08 (0x9b0cb313) x 6 0x00000001
core   0: 0x80001d0c (0x01d41733) sll     a4, s0, t4
core   0: 3 0x80001d0c (0x01d41733) x14 0x00000000
core   0: 0x80001d10 (0x037041b3) div     gp, zero, s7
core   0: 3 0x80001d10 (0x037041b3) x 3 0xffffffff
core   0: 0x80001d14 (0xfdd73c93) sltiu   s9, a4, -35
core   0: 3 0x80001d14 (0xfdd73c93) x25 0x00000001
core   0: 0x80001d18 (0x027c0d33) mul     s10, s8, t2
core   0: 3 0x80001d18 (0x027c0d33) x26 0xfff1e550
core   0: 0x80001d1c (0x40aa5213) srai    tp, s4, 10
core   0: 3 0x80001d1c (0x40aa5213) x 4 0xffe0003b
core   0: 0x80001d20 (0x15424a93) xori    s5, tp, 340
core   0: 3 0x80001d20 (0x15424a93) x21 0xffe0016f
core   0: 0x80001d24 (0xe6a84913) xori    s2, a6, -406
core   0: 3 0x80001d24 (0xe6a84913) x18 0x0003fe6d
core   0: 0x80001d28 (0x00008db5) c.xor   a1, a3
core   0: 3 0x80001d28 (0x8db5) x11 0x00000000
core   0: 0x80001d2a (0x01689233) sll     tp, a7, s6
core   0: 3 0x80001d2a (0x01689233) x 4 0x615acce8
core   0: 0x80001d2e (0x010e12b3) sll     t0, t3, a6
core   0: 3 0x80001d2e (0x010e12b3) x 5 0xca380000
core   0: 0x80001d32 (0x03c02533) mulhsu  a0, zero, t3
core   0: 3 0x80001d32 (0x03c02533) x10 0x00000000
core   0: 0x80001d36 (0x027d7bb3) remu    s7, s10, t2
core   0: 3 0x80001d36 (0x027d7bb3) x23 0x7ff0b86c
core   0: 0x80001d3a (0x00008cb2) c.mv    s9, a2
core   0: 3 0x80001d3a (0x8cb2) x25 0x00000000
core   0: 0x80001d3c (0x000086fd) c.srai  a3, 31
core   0: 3 0x80001d3c (0x86fd) x13 0x00000000
core   0: 0x80001d3e (0x00000eea) c.slli  t4, 26
core   0: 3 0x80001d3e (0x0eea) x29 0xf8000000
core   0: 0x80001d40 (0x0000717d) c.addi16sp sp, -16
core   0: 3 0x80001d40 (0x717d) x 2 0xffffffef
core   0: 0x80001d42 (0x007a5db3) srl     s11, s4, t2
core   0: 3 0x80001d42 (0x007a5db3) x27 0x08000ee6
core   0: 0x80001d46 (0x404adeb3) sra     t4, s5, tp
core   0: 3 0x80001d46 (0x404adeb3) x29 0xffffe001
core   0: 0x80001d4a (0x00000001) c.nop
core   0: 3 0x80001d4a (0x0001)
core   0: 0x80001d4c (0x03f100b3) mul     ra, sp, t6
core   0: 3 0x80001d4c (0x03f100b3) x 1 0xffffffef
core   0: 0x80001d50 (0x00000318) c.addi4spn a4, sp, 384
core   0: 3 0x80001d50 (0x0318) x14 0x0000016f
core   0: 0x80001d52 (0x0272ea33) rem     s4, t0, t2
core   0: 3 0x80001d52 (0x0272ea33) x20 0xca380000
core   0: 0x80001d56 (0x02b672b3) remu    t0, a2, a1
core   0: 3 0x80001d56 (0x02b672b3) x 5 0x00000000
core   0: 0x80001d5a (0x03457933) remu    s2, a0, s4
core   0: 3 0x80001d5a (0x03457933) x18 0x00000000
core   0: 0x80001d5e (0x41935c13) srai    s8, t1, 25
core   0: 3 0x80001d5e (0x41935c13) x24 0x00000000
core   0: 0x80001d62 (0x418bd8b3) sra     a7, s7, s8
core   0: 3 0x80001d62 (0x418bd8b3) x17 0x7ff0b86c
core   0: 0x80001d66 (0x03e544b3) div     s1, a0, t5
core   0: 3 0x80001d66 (0x03e544b3) x 9 0xffffffff
core   0: 0x80001d6a (0x9c2f8e13) addi    t3, t6, -1598
core   0: 3 0x80001d6a (0x9c2f8e13) x28 0xfffff9c3
core   0: 0x80001d6e (0xcc86a313) slti    t1, a3, -824
core   0: 3 0x80001d6e (0xcc86a313) x 6 0x00000000
core   0: 0x80001d72 (0x40a60433) sub     s0, a2, a0
core   0: 3 0x80001d72 (0x40a60433) x 8 0x00000000
core   0: 0x80001d76 (0x00008f31) c.xor   a4, a2
core   0: 3 0x80001d76 (0x8f31) x14 0x0000016f
core   0: 0x80001d78 (0x089781b7) lui     gp, 0x8978
core   0: 3 0x80001d78 (0x089781b7) x 3 0x08978000
core   0: 0x80001d7c (0x00009816) c.add   a6, t0
core   0: 3 0x80001d7c (0x9816) x16 0xfffc0007
core   0: 0x80001d7e (0x304c2413) slti    s0, s8, 772
core   0: 3 0x80001d7e (0x304c2413) x 8 0x00000001
core   0: 0x80001d82 (0x0000a733) slt     a4, ra, zero
core   0: 3 0x80001d82 (0x0000a733) x14 0x00000001
core   0: 0x80001d86 (0x00de7333) and     t1, t3, a3
core   0: 3 0x80001d86 (0x00de7333) x 6 0x00000000
core   0: 0x80001d8a (0x000018fd) c.addi  a7, -1
core   0: 3 0x80001d8a (0x18fd) x17 0x7ff0b86b
core   0: 0x80001d8c (0xca60bf13) sltiu   t5, ra, -858
core   0: 3 0x80001d8c (0xca60bf13) x30 0x00000000
core   0: 0x80001d90 (0x0b058817) auipc   a6, 0xb058
core   0: 3 0x80001d90 (0x0b058817) x16 0x8b059d90
core   0: 0x80001d94 (0x025d4ab3) div     s5, s10, t0
core   0: 3 0x80001d94 (0x025d4ab3) x21 0xffffffff
core   0: 0x80001d98 (0x01bec333) xor     t1, t4, s11
core   0: 3 0x80001d98 (0x01bec333) x 6 0xf7ffeee7
core   0: 0x80001d9c (0x038b3233) mulhu   tp, s6, s8
core   0: 3 0x80001d9c (0x038b3233) x 4 0x00000000
core   0: 0x80001da0 (0x00000a18) c.addi4spn a4, sp, 272
core   0: 3 0x80001da0 (0x0a18) x14 0x000000ff
core   0: 0x80001da2 (0x00008f4d) c.or    a4, a1
core   0: 3 0x80001da2 (0x8f4d) x14 0x000000ff
core   0: 0x80001da4 (0x03332333) mulhsu  t1, t1, s3
core   0: 3 0x80001da4 (0x03332333) x 6 0xfbfff000
core   0: 0x80001da8 (0x023eb2b3) mulhu   t0, t4, gp
core   0: 3 0x80001da8 (0x023eb2b3) x 5 0x08977eed
core   0: 0x80001dac (0x02432cb3) mulhsu  s9, t1, tp
core   0: 3 0x80001dac (0x02432cb3) x25 0x00000000
core   0: 0x80001db0 (0x0000717d) c.addi16sp sp, -16
core   0: 3 0x80001db0 (0x717d) x 2 0xffffffdf
core   0: 0x80001db2 (0x03769ab3) mulh    s5, a3, s7
core   0: 3 0x80001db2 (0x03769ab3) x21 0x00000000
core   0: 0x80001db6 (0x000002f2) c.slli  t0, 28
core   0: 3 0x80001db6 (0x02f2) x 5 0xd0000000
core   0: 0x80001db8 (0x00618bb3) add     s7, gp, t1
core   0: 3 0x80001db8 (0x00618bb3) x23 0x04977000
core   0: 0x80001dbc (0x00615193) srli    gp, sp, 6
core   0: 3 0x80001dbc (0x00615193) x 3 0x03ffffff
core   0: 0x80001dc0 (0x016f2a33) slt     s4, t5, s6
core   0: 3 0x80001dc0 (0x016f2a33) x20 0x00000000
core   0: 0x80001dc4 (0x01a8ddb3) srl     s11, a7, s10
core   0: 3 0x80001dc4 (0x01a8ddb3) x27 0x00007ff0
core   0: 0x80001dc8 (0xc5f9a893) slti    a7, s3, -929
core   0: 3 0x80001dc8 (0xc5f9a893) x17 0x00000001
core   0: 0x80001dcc (0x00000001) c.nop
core   0: 3 0x80001dcc (0x0001)
core   0: 0x80001dce (0x9c94da97) auipc   s5, 0x9c94d
core   0: 3 0x80001dce (0x9c94da97) x21 0x1c94edce
core   0: 0x80001dd2 (0x0026d8b3) srl     a7, a3, sp
core   0: 3 0x80001dd2 (0x0026d8b3) x17 0x00000000
core   0: 0x80001dd6 (0x00008289) c.srli  a3, 2
core   0: 3 0x80001dd6 (0x8289) x13 0x00000000
core   0: 0x80001dd8 (0x02b1c8b3) div     a7, gp, a1
core   0: 3 0x80001dd8 (0x02b1c8b3) x17 0xffffffff
core   0: 0x80001ddc (0x000014fd) c.addi  s1, -1
core   0: 3 0x80001ddc (0x14fd) x 9 0xfffffffe
core   0: 0x80001dde (0x0000987d) c.andi  s0, -1
core   0: 3 0x80001dde (0x987d) x 8 0x00000001
core   0: 0x80001de0 (0x004d2d33) slt     s10, s10, tp
core   0: 3 0x80001de0 (0x004d2d33) x26 0x00000001
core   0: 0x80001de4 (0x00704fb3) xor     t6, zero, t2
core   0: 3 0x80001de4 (0x00704fb3) x31 0x80012ce4
core   0: 0x80001de8 (0x037f9e33) mulh    t3, t6, s7
core   0: 3 0x80001de8 (0x037f9e33) x28 0xfdb44d65
core   0: 0x80001dec (0x00008fed) c.and   a5, a1
core   0: 3 0x80001dec (0x8fed) x15 0x00000000
core   0: 0x80001dee (0x02da75b3) remu    a1, s4, a3
core   0: 3 0x80001dee (0x02da75b3) x11 0x00000000
core   0: 0x80001df2 (0xc12978b7) lui     a7, 0xc1297
core   0: 3 0x80001df2 (0xc12978b7) x17 0xc1297000
core   0: 0x80001df6 (0x02abfab3) remu    s5, s7, a0
core   0: 3 0x80001df6 (0x02abfab3) x21 0x04977000
core   0: 0x80001dfa (0x00000814) c.addi4spn a3, sp, 16
core   0: 3 0x80001dfa (0x0814) x13 0xffffffef
core   0: 0x80001dfc (0x0332af33) mulhsu  t5, t0, s3
core   0: 3 0x80001dfc (0x0332af33) x30 0xe7ffd34d
core   0: 0x80001e00 (0x00008e91) c.sub   a3, a2
core   0: 3 0x80001e00 (0x8e91) x13 0xffffffef
core   0: 0x80001e02 (0x41a75b93) srai    s7, a4, 26
core   0: 3 0x80001e02 (0x41a75b93) x23 0x00000000
core   0: 0x80001e06 (0x00008a3e) c.mv    s4, a5
core   0: 3 0x80001e06 (0x8a3e) x20 0x00000000
core   0: 0x80001e08 (0x03b5dfb3) divu    t6, a1, s11
core   0: 3 0x80001e08 (0x03b5dfb3) x31 0x00000000
core   0: 0x80001e0c (0xd663d497) auipc   s1, 0xd663d
core   0: 3 0x80001e0c (0xd663d497) x 9 0x5663ee0c
core   0: 0x80001e10 (0x000087b9) c.srai  a5, 14
core   0: 3 0x80001e10 (0x87b9) x15 0x00000000
core   0: 0x80001e12 (0x1375f313) andi    t1, a1, 311
core   0: 3 0x80001e12 (0x1375f313) x 6 0x00000000
core   0: 0x80001e16 (0x00008fd5) c.or    a5, a3
core   0: 3 0x80001e16 (0x8fd5) x15 0xffffffef
core   0: 0x80001e18 (0x01011c33) sll     s8, sp, a6
core   0: 3 0x80001e18 (0x01011c33) x24 0xffdf0000
core   0: 0x80001e1c (0x0285fbb3) remu    s7, a1, s0
core   0: 3 0x80001e1c (0x0285fbb3) x23 0x00000000
core   0: 0x80001e20 (0x41ea5c33) sra     s8, s4, t5
core   0: 3 0x80001e20 (0x41ea5c33) x24 0x00000000
core   0: 0x80001e24 (0x0000021a) c.slli  tp, 6
core   0: 3 0x80001e24 (0x021a) x 4 0x00000000
core   0: 0x80001e26 (0x41ef8ab3) sub     s5, t6, t5
core   0: 3 0x80001e26 (0x41ef8ab3) x21 0x18002cb3
core   0: 0x80001e2a (0x000018fd) c.addi  a7, -1
core   0: 3 0x80001e2a (0x18fd) x17 0xc1296fff
core   0: 0x80001e2c (0x00000001) c.nop
core   0: 3 0x80001e2c (0x0001)
core   0: 0x80001e2e (0xe12f6193) ori     gp, t5, -494
core   0: 3 0x80001e2e (0xe12f6193) x 3 0xffffff5f
core   0: 0x80001e32 (0x00008ea2) c.mv    t4, s0
core   0: 3 0x80001e32 (0x8ea2) x29 0x00000001
core   0: 0x80001e34 (0x0380fbb3) remu    s7, ra, s8
core   0: 3 0x80001e34 (0x0380fbb3) x23 0xffffffef
core   0: 0x80001e38 (0x00000e3a) c.slli  t3, 14
core   0: 3 0x80001e38 (0x0e3a) x28 0x13594000
core   0: 0x80001e3a (0x00008f19) c.sub   a4, a4
core   0: 3 0x80001e3a (0x8f19) x14 0x00000000
core   0: 0x80001e3c (0x01a2e233) or      tp, t0, s10
core   0: 3 0x80001e3c (0x01a2e233) x 4 0xd0000001
core   0: 0x80001e40 (0x02a315b3) mulh    a1, t1, a0
core   0: 3 0x80001e40 (0x02a315b3) x11 0x00000000
core   0: 0x80001e44 (0x02abae33) mulhsu  t3, s7, a0
core   0: 3 0x80001e44 (0x02abae33) x28 0x00000000
core   0: 0x80001e48 (0x40ead433) sra     s0, s5, a4
core   0: 3 0x80001e48 (0x40ead433) x 8 0x18002cb3
core   0: 0x80001e4c (0x2355cb13) xori    s6, a1, 565
core   0: 3 0x80001e4c (0x2355cb13) x22 0x00000235
core   0: 0x80001e50 (0x413280b3) sub     ra, t0, s3
core   0: 3 0x80001e50 (0x413280b3) x 1 0x4fff119c
core   0: 0x80001e54 (0x00005c33) srl     s8, zero, zero
core   0: 3 0x80001e54 (0x00005c33) x24 0x00000000
core   0: 0x80001e58 (0x0c0f2d13) slti    s10, t5, 192
core   0: 3 0x80001e58 (0x0c0f2d13) x26 0x00000001
core   0: 0x80001e5c (0x011e77b3) and     a5, t3, a7
core   0: 3 0x80001e5c (0x011e77b3) x15 0x00000000
core   0: 0x80001e60 (0x03422eb3) mulhsu  t4, tp, s4
core   0: 3 0x80001e60 (0x03422eb3) x29 0x00000000
core   0: 0x80001e64 (0x0389bdb3) mulhu   s11, s3, s8
core   0: 3 0x80001e64 (0x0389bdb3) x27 0x00000000
core   0: 0x80001e68 (0x00000ab6) c.slli  s5, 13
core   0: 3 0x80001e68 (0x0ab6) x21 0x05966000
core   0: 0x80001e6a (0x01cd1413) slli    s0, s10, 28
core   0: 3 0x80001e6a (0x01cd1413) x 8 0x10000000
core   0: 0x80001e6e (0x000088aa) c.mv    a7, a0
core   0: 3 0x80001e6e (0x88aa) x17 0x00000000
core   0: 0x80001e70 (0x00004333) xor     t1, zero, zero
core   0: 3 0x80001e70 (0x00004333) x 6 0x00000000
core   0: 0x80001e74 (0x00009ed2) c.add   t4, s4
core   0: 3 0x80001e74 (0x9ed2) x29 0x00000000
core   0: 0x80001e76 (0x00008f01) c.sub   a4, s0
core   0: 3 0x80001e76 (0x8f01) x14 0xf0000000
core   0: 0x80001e78 (0x00008ce2) c.mv    s9, s8
core   0: 3 0x80001e78 (0x8ce2) x25 0x00000000
core   0: 0x80001e7a (0x025184b3) mul     s1, gp, t0
core   0: 3 0x80001e7a (0x025184b3) x 9 0x30000000
core   0: 0x80001e7e (0x00008fb1) c.xor   a5, a2
core   0: 3 0x80001e7e (0x8fb1) x15 0x00000000
core   0: 0x80001e80 (0x52f84413) xori    s0, a6, 1327
core   0: 3 0x80001e80 (0x52f84413) x 8 0x8b0598bf
core   0: 0x80001e84 (0x4122db13) srai    s6, t0, 18
core   0: 3 0x80001e84 (0x4122db13) x22 0xfffff400
core   0: 0x80001e88 (0x003b77b3) and     a5, s6, gp
core   0: 3 0x80001e88 (0x003b77b3) x15 0xfffff400
core   0: 0x80001e8c (0x30c2e893) ori     a7, t0, 780
core   0: 3 0x80001e8c (0x30c2e893) x17 0xd000030c
core   0: 0x80001e90 (0x00009432) c.add   s0, a2
core   0: 3 0x80001e90 (0x9432) x 8 0x8b0598bf
core   0: 0x80001e92 (0x7b81af37) lui     t5, 0x7b81a
core   0: 3 0x80001e92 (0x7b81af37) x30 0x7b81a000
core   0: 0x80001e96 (0x41c1d293) srai    t0, gp, 28
core   0: 3 0x80001e96 (0x41c1d293) x 5 0xffffffff
core   0: 0x80001e9a (0x03c99733) mulh    a4, s3, t3
core   0: 3 0x80001e9a (0x03c99733) x14 0x00000000
core   0: 0x80001e9e (0x97e27793) andi    a5, tp, -1666
core   0: 3 0x80001e9e (0x97e27793) x15 0xd0000000
core   0: 0x80001ea2 (0x41f00bb3) sub     s7, zero, t6
core   0: 3 0x80001ea2 (0x41f00bb3) x23 0x00000000
core   0: 0x80001ea6 (0x014f4bb3) xor     s7, t5, s4
core   0: 3 0x80001ea6 (0x014f4bb3) x23 0x7b81a000
core   0: 0x80001eaa (0x00009afd) c.andi  a3, -1
core   0: 3 0x80001eaa (0x9afd) x13 0xffffffef
core   0: 0x80001eac (0x0159a6b3) slt     a3, s3, s5
core   0: 3 0x80001eac (0x0159a6b3) x13 0x00000001
core   0: 0x80001eb0 (0x00008fed) c.and   a5, a1
core   0: 3 0x80001eb0 (0x8fed) x15 0x00000000
core   0: 0x80001eb2 (0x409cd593) srai    a1, s9, 9
core   0: 3 0x80001eb2 (0x409cd593) x11 0x00000000
core   0: 0x80001eb6 (0x00008329) c.srli  a4, 10
core   0: 3 0x80001eb6 (0x8329) x14 0x00000000
core   0: 0x80001eb8 (0x45c6f713) andi    a4, a3, 1116
core   0: 3 0x80001eb8 (0x45c6f713) x14 0x00000000
core   0: 0x80001ebc (0x5337bd13) sltiu   s10, a5, 1331
core   0: 3 0x80001ebc (0x5337bd13) x26 0x00000001
core   0: 0x80001ec0 (0x01e7ddb3) srl     s11, a5, t5
core   0: 3 0x80001ec0 (0x01e7ddb3) x27 0x00000000
core   0: 0x80001ec4 (0x15316713) ori     a4, sp, 339
core   0: 3 0x80001ec4 (0x15316713) x14 0xffffffdf
core   0: 0x80001ec8 (0x0c1c3d93) sltiu   s11, s8, 193
core   0: 3 0x80001ec8 (0x0c1c3d93) x27 0x00000001
core   0: 0x80001ecc (0x66a7dd97) auipc   s11, 0x66a7d
core   0: 3 0x80001ecc (0x66a7dd97) x27 0xe6a7eecc
core   0: 0x80001ed0 (0x008b7cb3) and     s9, s6, s0
core   0: 3 0x80001ed0 (0x008b7cb3) x25 0x8b059000
core   0: 0x80001ed4 (0x00f2bcb3) sltu    s9, t0, a5
core   0: 3 0x80001ed4 (0x00f2bcb3) x25 0x00000000
core   0: 0x80001ed8 (0x021108b3) mul     a7, sp, ra
core   0: 3 0x80001ed8 (0x021108b3) x17 0xb01ebae4
core   0: 0x80001edc (0xc287dc97) auipc   s9, 0xc287d
core   0: 3 0x80001edc (0xc287dc97) x25 0x4287eedc
core   0: 0x80001ee0 (0x40c3d8b3) sra     a7, t2, a2
core   0: 3 0x80001ee0 (0x40c3d8b3) x17 0x80012ce4
core   0: 0x80001ee4 (0x7a0ca797) auipc   a5, 0x7a0ca
core   0: 3 0x80001ee4 (0x7a0ca797) x15 0xfa0cbee4
core   0: 0x80001ee8 (0x00000001) c.nop
core   0: 3 0x80001ee8 (0x0001)
core   0: 0x80001eea (0x00008d1d) c.sub   a0, a5
core   0: 3 0x80001eea (0x8d1d) x10 0x05f3411c
core   0: 0x80001eec (0x00008de1) c.and   a1, s0
core   0: 3 0x80001eec (0x8de1) x11 0x00000000
core   0: 0x80001eee (0x032c04b3) mul     s1, s8, s2
core   0: 3 0x80001eee (0x032c04b3) x 9 0x00000000
core   0: 0x80001ef2 (0x00008ecd) c.or    a3, a1
core   0: 3 0x80001ef2 (0x8ecd) x13 0x00000001
core   0: 0x80001ef4 (0x01051793) slli    a5, a0, 16
core   0: 3 0x80001ef4 (0x01051793) x15 0x411c0000
core   0: 0x80001ef8 (0x000adc13) srli    s8, s5, 0
core   0: 3 0x80001ef8 (0x000adc13) x24 0x05966000
core   0: 0x80001efc (0x000094c6) c.add   s1, a7
core   0: 3 0x80001efc (0x94c6) x 9 0x80012ce4
core   0: 0x80001efe (0x632ce113) ori     sp, s9, 1586
core   0: 3 0x80001efe (0x632ce113) x 2 0x4287eefe
core   0: 0x80001f02 (0x0000913a) c.add   sp, a4
core   0: 3 0x80001f02 (0x913a) x 2 0x4287eedd
core   0: 0x80001f04 (0x000081d5) c.srli  a1, 21
core   0: 3 0x80001f04 (0x81d5) x11 0x00000000
core   0: 0x80001f06 (0x00001b94) c.addi4spn a3, sp, 496
core   0: 3 0x80001f06 (0x1b94) x13 0x4287f0cd
core   0: 0x80001f08 (0x00008f8d) c.sub   a5, a1
core   0: 3 0x80001f08 (0x8f8d) x15 0x411c0000
core   0: 0x80001f0a (0x41fd5813) srai    a6, s10, 31
core   0: 3 0x80001f0a (0x41fd5813) x16 0x00000000
core   0: 0x80001f0e (0x00009106) c.add   sp, ra
core   0: 3 0x80001f0e (0x9106) x 2 0x92870079
core   0: 0x80001f10 (0x02a005b3) mul     a1, zero, a0
core   0: 3 0x80001f10 (0x02a005b3) x11 0x00000000
core   0: 0x80001f14 (0x40c8d193) srai    gp, a7, 12
core   0: 3 0x80001f14 (0x40c8d193) x 3 0xfff80012
core   0: 0x80001f18 (0x01f0e2b3) or      t0, ra, t6
core   0: 3 0x80001f18 (0x01f0e2b3) x 5 0x4fff119c
core   0: 0x80001f1c (0x00009c7e) c.add   s8, t6
core   0: 3 0x80001f1c (0x9c7e) x24 0x05966000
core   0: 0x80001f1e (0xed3f4f93) xori    t6, t5, -301
core   0: 3 0x80001f1e (0xed3f4f93) x31 0x847e5ed3
core   0: 0x80001f22 (0x023cb133) mulhu   sp, s9, gp
core   0: 3 0x80001f22 (0x023cb133) x 2 0x4285daa1
core   0: 0x80001f26 (0x013c8833) add     a6, s9, s3
core   0: 3 0x80001f26 (0x013c8833) x16 0xc288dd40
core   0: 0x80001f2a (0x00000001) c.nop
core   0: 3 0x80001f2a (0x0001)
core   0: 0x80001f2c (0x021c4eb3) div     t4, s8, ra
core   0: 3 0x80001f2c (0x021c4eb3) x29 0x00000000
core   0: 0x80001f30 (0x00008f4d) c.or    a4, a1
core   0: 3 0x80001f30 (0x8f4d) x14 0xffffffdf
core   0: 0x80001f32 (0x0000987d) c.andi  s0, -1
core   0: 3 0x80001f32 (0x987d) x 8 0x8b0598bf
core   0: 0x80001f34 (0xfae13513) sltiu   a0, sp, -82
core   0: 3 0x80001f34 (0xfae13513) x10 0x00000001
core   0: 0x80001f38 (0x0391e2b3) rem     t0, gp, s9
core   0: 3 0x80001f38 (0x0391e2b3) x 5 0xfff80012
core   0: 0x80001f3c (0x0000717d) c.addi16sp sp, -16
core   0: 3 0x80001f3c (0x717d) x 2 0x4285da91
core   0: 0x80001f3e (0x026ccdb3) div     s11, s9, t1
core   0: 3 0x80001f3e (0x026ccdb3) x27 0xffffffff
core   0: 0x80001f42 (0x02e25a33) divu    s4, tp, a4
core   0: 3 0x80001f42 (0x02e25a33) x20 0x00000000
core   0: 0x80001f46 (0x000091fe) c.add   gp, t6
core   0: 3 0x80001f46 (0x91fe) x 3 0x84765ee5
core   0: 0x80001f48 (0x000015fd) c.addi  a1, -1
core   0: 3 0x80001f48 (0x15fd) x11 0xffffffff
core   0: 0x80001f4a (0x00175e33) srl     t3, a4, ra
core   0: 3 0x80001f4a (0x00175e33) x28 0x0000000f
core   0: 0x80001f4e (0x9e59fe13) andi    t3, s3, -1563
core   0: 3 0x80001f4e (0x9e59fe13) x28 0x8000e864
core   0: 0x80001f52 (0x4168d293) srai    t0, a7, 22
core   0: 3 0x80001f52 (0x4168d293) x 5 0xfffffe00
core   0: 0x80001f56 (0x00009b3a) c.add   s6, a4
core   0: 3 0x80001f56 (0x9b3a) x22 0xfffff3df
core   0: 0x80001f58 (0x01674eb3) xor     t4, a4, s6
core   0: 3 0x80001f58 (0x01674eb3) x29 0x00000c00
core   0: 0x80001f5c (0x024135b3) mulhu   a1, sp, tp
core   0: 3 0x80001f5c (0x024135b3) x11 0x360cc196
core   0: 0x80001f60 (0xeeac4c93) xori    s9, s8, -278
core   0: 3 0x80001f60 (0xeeac4c93) x25 0xfa699eea
core   0: 0x80001f64 (0x00c52ab3) slt     s5, a0, a2
core   0: 3 0x80001f64 (0x00c52ab3) x21 0x00000000
core   0: 0x80001f68 (0x89fe8d93) addi    s11, t4, -1889
core   0: 3 0x80001f68 (0x89fe8d93) x27 0x0000049f
core   0: 0x80001f6c (0x00ac3bb3) sltu    s7, s8, a0
core   0: 3 0x80001f6c (0x00ac3bb3) x23 0x00000000
core   0: 0x80001f70 (0xc6160513) addi    a0, a2, -927
core   0: 3 0x80001f70 (0xc6160513) x10 0xfffffc61
core   0: 0x80001f74 (0x00008149) c.srli  a0, 18
core   0: 3 0x80001f74 (0x8149) x10 0x00003fff
core   0: 0x80001f76 (0x41c6de13) srai    t3, a3, 28
core   0: 3 0x80001f76 (0x41c6de13) x28 0x00000004
core   0: 0x80001f7a (0x01321c13) slli    s8, tp, 19
core   0: 3 0x80001f7a (0x01321c13) x24 0x00080000
core   0: 0x80001f7e (0xa73312b7) lui     t0, 0xa7331
core   0: 3 0x80001f7e (0xa73312b7) x 5 0xa7331000
core   0: 0x80001f82 (0x00008d72) c.mv    s10, t3
core   0: 3 0x80001f82 (0x8d72) x26 0x00000004
core   0: 0x80001f84 (0x00008cad) c.xor   s1, a1
core   0: 3 0x80001f84 (0x8cad) x 9 0xb60ded72
core   0: 0x80001f86 (0x00006171) c.addi16sp sp, 336
core   0: 3 0x80001f86 (0x6171) x 2 0x4285dbe1
core   0: 0x80001f88 (0x547b1bb7) lui     s7, 0x547b1
core   0: 3 0x80001f88 (0x547b1bb7) x23 0x547b1000
core   0: 0x80001f8c (0x00008dd9) c.or    a1, a4
core   0: 3 0x80001f8c (0x8dd9) x11 0xffffffdf
core   0: 0x80001f8e (0x000087be) c.mv    a5, a5
core   0: 3 0x80001f8e (0x87be) x15 0x411c0000
core   0: 0x80001f90 (0x005fd213) srli    tp, t6, 5
core   0: 3 0x80001f90 (0x005fd213) x 4 0x0423f2f6
core   0: 0x80001f94 (0x00000e88) c.addi4spn a0, sp, 848
core   0: 3 0x80001f94 (0x0e88) x10 0x4285df31
core   0: 0x80001f96 (0x3a10ae13) slti    t3, ra, 929
core   0: 3 0x80001f96 (0x3a10ae13) x28 0x00000000
core   0: 0x80001f9a (0x00008f09) c.sub   a4, a0
core   0: 3 0x80001f9a (0x8f09) x14 0xbd7a20ae
core   0: 0x80001f9c (0x000086d5) c.srai  a3, 21
core   0: 3 0x80001f9c (0x86d5) x13 0x00000214
core   0: 0x80001f9e (0x000044c9) c.li    s1, 18
core   0: 3 0x80001f9e (0x44c9) x 9 0x00000012
core   0: 0x80001fa0 (0x0130a1b3) slt     gp, ra, s3
core   0: 3 0x80001fa0 (0x0130a1b3) x 3 0x00000000
core   0: 0x80001fa4 (0x00f2c0b3) xor     ra, t0, a5
core   0: 3 0x80001fa4 (0x00f2c0b3) x 1 0xe62f1000
core   0: 0x80001fa8 (0x000ec4b3) xor     s1, t4, zero
core   0: 3 0x80001fa8 (0x000ec4b3) x 9 0x00000c00
core   0: 0x80001fac (0x00b0dcb3) srl     s9, ra, a1
core   0: 3 0x80001fac (0x00b0dcb3) x25 0x00000001
core   0: 0x80001fb0 (0x0a547493) andi    s1, s0, 165
core   0: 3 0x80001fb0 (0x0a547493) x 9 0x000000a5
core   0: 0x80001fb4 (0x62b1b337) lui     t1, 0x62b1b
core   0: 3 0x80001fb4 (0x62b1b337) x 6 0x62b1b000
core   0: 0x80001fb8 (0x000099fd) c.andi  a1, -1
core   0: 3 0x80001fb8 (0x99fd) x11 0xffffffdf
core   0: 0x80001fba (0x0000623d) c.lui   tp, 0xf
core   0: 3 0x80001fba (0x623d) x 4 0x0000f000
core   0: 0x80001fbc (0xfe3bae93) slti    t4, s7, -29
core   0: 3 0x80001fbc (0xfe3bae93) x29 0x00000000
core   0: 0x80001fc0 (0x000083d1) c.srli  a5, 20
core   0: 3 0x80001fc0 (0x83d1) x15 0x00000411
core   0: 0x80001fc2 (0x03122b33) mulhsu  s6, tp, a7
core   0: 3 0x80001fc2 (0x03122b33) x22 0x00007801
core   0: 0x80001fc6 (0xf629ca13) xori    s4, s3, -158
core   0: 3 0x80001fc6 (0xf629ca13) x20 0x7fff1106
core   0: 0x80001fca (0xbd7b3213) sltiu   tp, s6, -1065
core   0: 3 0x80001fca (0xbd7b3213) x 4 0x00000001
core   0: 0x80001fce (0x01792eb3) slt     t4, s2, s7
core   0: 3 0x80001fce (0x01792eb3) x29 0x00000001
core   0: 0x80001fd2 (0x01b062b3) or      t0, zero, s11
core   0: 3 0x80001fd2 (0x01b062b3) x 5 0x0000049f
core   0: 0x80001fd6 (0x85692d93) slti    s11, s2, -1962
core   0: 3 0x80001fd6 (0x85692d93) x27 0x00000000
core   0: 0x80001fda (0x032891b3) mulh    gp, a7, s2
core   0: 3 0x80001fda (0x032891b3) x 3 0x00000000
core   0: 0x80001fde (0x000046a1) c.li    a3, 8
core   0: 3 0x80001fde (0x46a1) x13 0x00000008
core   0: 0x80001fe0 (0x002f8a33) add     s4, t6, sp
core   0: 3 0x80001fe0 (0x002f8a33) x20 0xc7043ab4
core   0: 0x80001fe4 (0x01ca5e33) srl     t3, s4, t3
core   0: 3 0x80001fe4 (0x01ca5e33) x28 0xc7043ab4
core   0: 0x80001fe8 (0x01ecf433) and     s0, s9, t5
core   0: 3 0x80001fe8 (0x01ecf433) x 8 0x00000000
core   0: 0x80001fec (0x00e81233) sll     tp, a6, a4
core   0: 3 0x80001fec (0x00e81233) x 4 0x37500000
core   0: 0x80001ff0 (0x004a7333) and     t1, s4, tp
core   0: 3 0x80001ff0 (0x004a7333) x 6 0x07000000
core   0: 0x80001ff4 (0x00008da5) c.xor   a1, s1
core   0: 3 0x80001ff4 (0x8da5) x11 0xffffff7a
core   0: 0x80001ff6 (0x00008541) c.srai  a0, 16
core   0: 3 0x80001ff6 (0x8541) x10 0x00004285
core   0: 0x80001ff8 (0x0031e433) or      s0, gp, gp
core   0: 3 0x80001ff8 (0x0031e433) x 8 0x00000000
core   0: 0x80001ffc (0x0238c4b3) div     s1, a7, gp
core   0: 3 0x80001ffc (0x0238c4b3) x 9 0xffffffff
core   0: 0x80002000 (0x00006ed9) c.lui   t4, 0x16
core   0: 3 0x80002000 (0x6ed9) x29 0x00016000
core   0: 0x80002002 (0x41670733) sub     a4, a4, s6
core   0: 3 0x80002002 (0x41670733) x14 0xbd79a8ad
core   0: 0x80002006 (0x00009bbe) c.add   s7, a5
core   0: 3 0x80002006 (0x9bbe) x23 0x547b1411
core   0: 0x80002008 (0x1a142493) slti    s1, s0, 417
core   0: 3 0x80002008 (0x1a142493) x 9 0x00000001
core   0: 0x8000200c (0x02825e33) divu    t3, tp, s0
core   0: 3 0x8000200c (0x02825e33) x28 0xffffffff
core   0: 0x80002010 (0x01e72733) slt     a4, a4, t5
core   0: 3 0x80002010 (0x01e72733) x14 0x00000001
core   0: 0x80002014 (0x00000001) c.nop
core   0: 3 0x80002014 (0x0001)
core   0: 0x80002016 (0x00000591) c.addi  a1, 4
core   0: 3 0x80002016 (0x0591) x11 0xffffff7e
core   0: 0x80002018 (0x72771237) lui     tp, 0x72771
core   0: 3 0x80002018 (0x72771237) x 4 0x72771000
core   0: 0x8000201c (0x022e1533) mulh    a0, t3, sp
core   0: 3 0x8000201c (0x022e1533) x10 0xffffffff
core   0: 0x80002020 (0x409e84b3) sub     s1, t4, s1
core   0: 3 0x80002020 (0x409e84b3) x 9 0x00015fff
core   0: 0x80002024 (0x11656a13) ori     s4, a0, 278
core   0: 3 0x80002024 (0x11656a13) x20 0xffffffff
core   0: 0x80002028 (0x030998b3) mulh    a7, s3, a6
core   0: 3 0x80002028 (0x030998b3) x17 0x1ebb5823
core   0: 0x8000202c (0x0b4b0c13) addi    s8, s6, 180
core   0: 3 0x8000202c (0x0b4b0c13) x24 0x000078b5
core   0: 0x80002030 (0x023710b3) mulh    ra, a4, gp
core   0: 3 0x80002030 (0x023710b3) x 1 0x00000000
core   0: 0x80002034 (0x017108b3) add     a7, sp, s7
core   0: 3 0x80002034 (0x017108b3) x17 0x9700eff2
core   0: 0x80002038 (0x00000580) c.addi4spn s0, sp, 704
core   0: 3 0x80002038 (0x0580) x 8 0x4285dea1
core   0: 0x8000203a (0x412cdb33) sra     s6, s9, s2
core   0: 3 0x8000203a (0x412cdb33) x22 0x00000001
core   0: 0x8000203e (0x02157c33) remu    s8, a0, ra
core   0: 3 0x8000203e (0x02157c33) x24 0xffffffff
core   0: 0x80002042 (0x005b4bb3) xor     s7, s6, t0
core   0: 3 0x80002042 (0x005b4bb3) x23 0x0000049e
core   0: 0x80002046 (0x000086d1) c.srai  a3, 20
core   0: 3 0x80002046 (0x86d1) x13 0x00000000
core   0: 0x80002048 (0x00008d8a) c.mv    s11, sp
core   0: 3 0x80002048 (0x8d8a) x27 0x4285dbe1
core   0: 0x8000204a (0xe762c113) xori    sp, t0, -394
core   0: 3 0x8000204a (0xe762c113) x 2 0xfffffae9
core   0: 0x8000204e (0x038781b3) mul     gp, a5, s8
core   0: 3 0x8000204e (0x038781b3) x 3 0xfffffbef
core   0: 0x80002052 (0xa1906cb7) lui     s9, 0xa1906
core   0: 3 0x80002052 (0xa1906cb7) x25 0xa1906000
core   0: 0x80002056 (0x419e5833) sra     a6, t3, s9
core   0: 3 0x80002056 (0x419e5833) x16 0xffffffff
core   0: 0x8000205a (0x00008c91) c.sub   s1, a2
core   0: 3 0x8000205a (0x8c91) x 9 0x00015fff
core   0: 0x8000205c (0x012a28b3) slt     a7, s4, s2
core   0: 3 0x8000205c (0x012a28b3) x17 0x00000001
core   0: 0x80002060 (0x42ba4a13) xori    s4, s4, 1067
core   0: 3 0x80002060 (0x42ba4a13) x20 0xfffffbd4
core   0: 0x80002064 (0xed093713) sltiu   a4, s2, -304
core   0: 3 0x80002064 (0xed093713) x14 0x00000001
core   0: 0x80002068 (0x19ba3d93) sltiu   s11, s4, 411
core   0: 3 0x80002068 (0x19ba3d93) x27 0x00000000
core   0: 0x8000206c (0x021a75b3) remu    a1, s4, ra
core   0: 3 0x8000206c (0x021a75b3) x11 0xfffffbd4
core   0: 0x80002070 (0x00000001) c.nop
core   0: 3 0x80002070 (0x0001)
core   0: 0x80002072 (0xb86d0793) addi    a5, s10, -1146
core   0: 3 0x80002072 (0xb86d0793) x15 0xfffffb8a
core   0: 0x80002076 (0xf0fb6013) ori     zero, s6, -241
core   0: 3 0x80002076 (0xf0fb6013)
core   0: 0x8000207a (0x011171b3) and     gp, sp, a7
core   0: 3 0x8000207a (0x011171b3) x 3 0x00000001
core   0: 0x8000207e (0xee1aec93) ori     s9, s5, -287
core   0: 3 0x8000207e (0xee1aec93) x25 0xfffffee1
core   0: 0x80002082 (0x00620933) add     s2, tp, t1
core   0: 3 0x80002082 (0x00620933) x18 0x79771000
core   0: 0x80002086 (0x00001efd) c.addi  t4, -1
core   0: 3 0x80002086 (0x1efd) x29 0x00015fff
core   0: 0x80002088 (0x00004ffd) c.li    t6, 31
core   0: 3 0x80002088 (0x4ffd) x31 0x0000001f
core   0: 0x8000208a (0xdd603437) lui     s0, 0xdd603
core   0: 3 0x8000208a (0xdd603437) x 8 0xdd603000
core   0: 0x8000208e (0x41ea3e93) sltiu   t4, s4, 1054
core   0: 3 0x8000208e (0x41ea3e93) x29 0x00000000
core   0: 0x80002092 (0x00009b7d) c.andi  a4, -1
core   0: 3 0x80002092 (0x9b7d) x14 0x00000001
core   0: 0x80002094 (0x0000537d) c.li    t1, -1
core   0: 3 0x80002094 (0x537d) x 6 0xffffffff
core   0: 0x80002096 (0x02d4e733) rem     a4, s1, a3
core   0: 3 0x80002096 (0x02d4e733) x14 0x00015fff
core   0: 0x8000209a (0x4a01aa13) slti    s4, gp, 1184
core   0: 3 0x8000209a (0x4a01aa13) x20 0x00000001
core   0: 0x8000209e (0x00c592b3) sll     t0, a1, a2
core   0: 3 0x8000209e (0x00c592b3) x 5 0xfffffbd4
core   0: 0x800020a2 (0x00000001) c.nop
core   0: 3 0x800020a2 (0x0001)
core   0: 0x800020a4 (0x40f1d213) srai    tp, gp, 15
core   0: 3 0x800020a4 (0x40f1d213) x 4 0x00000000
core   0: 0x800020a8 (0x01bfb7b3) sltu    a5, t6, s11
core   0: 3 0x800020a8 (0x01bfb7b3) x15 0x00000000
core   0: 0x800020ac (0x0000017a) c.slli  sp, 30
core   0: 3 0x800020ac (0x017a) x 2 0x40000000
core   0: 0x800020ae (0x00000001) c.nop
core   0: 3 0x800020ae (0x0001)
core   0: 0x800020b0 (0x00008dfd) c.and   a1, a5
core   0: 3 0x800020b0 (0x8dfd) x11 0x00000000
core   0: 0x800020b2 (0x00001ffd) c.addi  t6, -1
core   0: 3 0x800020b2 (0x1ffd) x31 0x0000001e
core   0: 0x800020b4 (0x0000717d) c.addi16sp sp, -16
core   0: 3 0x800020b4 (0x717d) x 2 0x3ffffff0
core   0: 0x800020b6 (0x02754733) div     a4, a0, t2
core   0: 3 0x800020b6 (0x02754733) x14 0x00000000
core   0: 0x800020ba (0xec740b93) addi    s7, s0, -313
core   0: 3 0x800020ba (0xec740b93) x23 0xdd602ec7
core   0: 0x800020be (0x00006e29) c.lui   t3, 0xa
core   0: 3 0x800020be (0x6e29) x28 0x0000a000
core   0: 0x800020c0 (0x01e3f6b3) and     a3, t2, t5
core   0: 3 0x800020c0 (0x01e3f6b3) x13 0x00012000
core   0: 0x800020c4 (0x016f0833) add     a6, t5, s6
core   0: 3 0x800020c4 (0x016f0833) x16 0x7b81a001
core   0: 0x800020c8 (0x00006179) c.addi16sp sp, 464
core   0: 3 0x800020c8 (0x6179) x 2 0x400001c0
core   0: 0x800020ca (0x00008d4a) c.mv    s10, s2
core   0: 3 0x800020ca (0x8d4a) x26 0x79771000
core   0: 0x800020cc (0x36d16213) ori     tp, sp, 877
core   0: 3 0x800020cc (0x36d16213) x 4 0x400003ed
core   0: 0x800020d0 (0x01d9d733) srl     a4, s3, t4
core   0: 3 0x800020d0 (0x01d9d733) x14 0x8000ee64
core   0: 0x800020d4 (0x038424b3) mulhsu  s1, s0, s8
core   0: 3 0x800020d4 (0x038424b3) x 9 0xdd603000
core   0: 0x800020d8 (0x016b9c13) slli    s8, s7, 22
core   0: 3 0x800020d8 (0x016b9c13) x24 0xb1c00000
core   0: 0x800020dc (0x41e788b3) sub     a7, a5, t5
core   0: 3 0x800020dc (0x41e788b3) x17 0x847e6000
core   0: 0x800020e0 (0x00000304) c.addi4spn s1, sp, 384
core   0: 3 0x800020e0 (0x0304) x 9 0x40000340
core   0: 0x800020e2 (0xc89087b7) lui     a5, 0xc8908
core   0: 3 0x800020e2 (0xc89087b7) x15 0xc8908000
core   0: 0x800020e6 (0x00ebe0b3) or      ra, s7, a4
core   0: 3 0x800020e6 (0x00ebe0b3) x 1 0xdd60eee7
core   0: 0x800020ea (0x00008e2e) c.mv    t3, a1
core   0: 3 0x800020ea (0x8e2e) x28 0x00000000
core   0: 0x800020ec (0x29cb3413) sltiu   s0, s6, 668
core   0: 3 0x800020ec (0x29cb3413) x 8 0x00000001
core   0: 0x800020f0 (0x00009b7d) c.andi  a4, -1
core   0: 3 0x800020f0 (0x9b7d) x14 0x8000ee64
core   0: 0x800020f2 (0x00000ea9) c.addi  t4, 10
core   0: 3 0x800020f2 (0x0ea9) x29 0x0000000a
core   0: 0x800020f4 (0x000002a9) c.addi  t0, 10
core   0: 3 0x800020f4 (0x02a9) x 5 0xfffffbde
core   0: 0x800020f6 (0x00add5b3) srl     a1, s11, a0
core   0: 3 0x800020f6 (0x00add5b3) x11 0x00000000
core   0: 0x800020fa (0xf67b3813) sltiu   a6, s6, -153
core   0: 3 0x800020fa (0xf67b3813) x16 0x00000001
core   0: 0x800020fe (0x01965c13) srli    s8, a2, 25
core   0: 3 0x800020fe (0x01965c13) x24 0x00000000
core   0: 0x80002102 (0x039e32b3) mulhu   t0, t3, s9
core   0: 3 0x80002102 (0x039e32b3) x 5 0x00000000
core   0: 0x80002106 (0x000015fd) c.addi  a1, -1
core   0: 3 0x80002106 (0x15fd) x11 0xffffffff
core   0: 0x80002108 (0x84d58793) addi    a5, a1, -1971
core   0: 3 0x80002108 (0x84d58793) x15 0xfffff84c
core   0: 0x8000210c (0x010dd413) srli    s0, s11, 16
core   0: 3 0x8000210c (0x010dd413) x 8 0x00000000
core   0: 0x80002110 (0x01b61c33) sll     s8, a2, s11
core   0: 3 0x80002110 (0x01b61c33) x24 0x00000000
core   0: 0x80002114 (0xa2273413) sltiu   s0, a4, -1502
core   0: 3 0x80002114 (0xa2273413) x 8 0x00000001
core   0: 0x80002118 (0x02881db3) mulh    s11, a6, s0
core   0: 3 0x80002118 (0x02881db3) x27 0x00000000
core   0: 0x8000211c (0x00957333) and     t1, a0, s1
core   0: 3 0x8000211c (0x00957333) x 6 0x40000340
core   0: 0x80002120 (0x000086d9) c.srai  a3, 22
core   0: 3 0x80002120 (0x86d9) x13 0x00000000
core   0: 0x80002122 (0x001454b3) srl     s1, s0, ra
core   0: 3 0x80002122 (0x001454b3) x 9 0x00000000
core   0: 0x80002126 (0x00001504) c.addi4spn s1, sp, 672
core   0: 3 0x80002126 (0x1504) x 9 0x40000460
core   0: 0x80002128 (0x00bdce33) xor     t3, s11, a1
core   0: 3 0x80002128 (0x00bdce33) x28 0xffffffff
core   0: 0x8000212c (0x000000ae) c.slli  ra, 11
core   0: 3 0x8000212c (0x00ae) x 1 0x07773800
core   0: 0x8000212e (0x00000ddd) c.addi  s11, 23
core   0: 3 0x8000212e (0x0ddd) x27 0x00000017
core   0: 0x80002130 (0x410cd813) srai    a6, s9, 16
core   0: 3 0x80002130 (0x410cd813) x16 0xffffffff
core   0: 0x80002134 (0x026d4f33) div     t5, s10, t1
core   0: 3 0x80002134 (0x026d4f33) x30 0x00000001
core   0: 0x80002138 (0x00000832) c.slli  a6, 12
core   0: 3 0x80002138 (0x0832) x16 0xfffff000
core   0: 0x8000213a (0x00ac9293) slli    t0, s9, 10
core   0: 3 0x8000213a (0x00ac9293) x 5 0xfffb8400
core   0: 0x8000213e (0x03ae6533) rem     a0, t3, s10
core   0: 3 0x8000213e (0x03ae6533) x10 0xffffffff
core   0: 0x80002142 (0x01d84bb3) xor     s7, a6, t4
core   0: 3 0x80002142 (0x01d84bb3) x23 0xfffff00a
core   0: 0x80002146 (0x02b04133) div     sp, zero, a1
core   0: 3 0x80002146 (0x02b04133) x 2 0x00000000
core   0: 0x8000214a (0x0029ebb3) or      s7, s3, sp
core   0: 3 0x8000214a (0x0029ebb3) x23 0x8000ee64
core   0: 0x8000214e (0x01eab1b3) sltu    gp, s5, t5
core   0: 3 0x8000214e (0x01eab1b3) x 3 0x00000001
core   0: 0x80002152 (0x00000001) c.nop
core   0: 3 0x80002152 (0x0001)
core   0: 0x80002154 (0x0000030e) c.slli  t1, 3
core   0: 3 0x80002154 (0x030e) x 6 0x00001a00
core   0: 0x80002156 (0x0029e717) auipc   a4, 0x29e
core   0: 3 0x80002156 (0x0029e717) x14 0x802a0156
core   0: 0x8000215a (0x03f638b3) mulhu   a7, a2, t6
core   0: 3 0x8000215a (0x03f638b3) x17 0x00000000
core   0: 0x8000215e (0x00008fc6) c.mv    t6, a7
core   0: 3 0x8000215e (0x8fc6) x31 0x00000000
core   0: 0x80002160 (0x5c11e697) auipc   a3, 0x5c11e
core   0: 3 0x80002160 (0x5c11e697) x13 0xdc120160
core   0: 0x80002164 (0x01a6c033) xor     zero, a3, s10
core   0: 3 0x80002164 (0x01a6c033)
core   0: 0x80002168 (0x0000071c) c.addi4spn a5, sp, 896
core   0: 3 0x80002168 (0x071c) x15 0x00000380
core   0: 0x8000216a (0x00000001) c.nop
core   0: 3 0x8000216a (0x0001)
core   0: 0x8000216c (0x0000987d) c.andi  s0, -1
core   0: 3 0x8000216c (0x987d) x 8 0x00000001
core   0: 0x8000216e (0x00008cb5) c.xor   s1, a3
core   0: 3 0x8000216e (0x8cb5) x 9 0x9c120500
core   0: 0x80002170 (0x00008461) c.srai  s0, 24
core   0: 3 0x80002170 (0x8461) x 8 0x00000000
core   0: 0x80002172 (0x00000001) c.nop
core   0: 3 0x80002172 (0x0001)
core   0: 0x80002174 (0x00008f59) c.or    a4, a4
core   0: 3 0x80002174 (0x8f59) x14 0x802a0156
core   0: 0x80002176 (0x54bd14b7) lui     s1, 0x54bd1
core   0: 3 0x80002176 (0x54bd14b7) x 9 0x54bd1000
core   0: 0x8000217a (0x401c5a13) srai    s4, s8, 1
core   0: 3 0x8000217a (0x401c5a13) x20 0x00000000
core   0: 0x8000217e (0x00000825) c.addi  a6, 9
core   0: 3 0x8000217e (0x0825) x16 0xfffff009
core   0: 0x80002180 (0x02584333) div     t1, a6, t0
core   0: 3 0x80002180 (0x02584333) x 6 0x00000000
core   0: 0x80002184 (0x00000001) c.nop
core   0: 3 0x80002184 (0x0001)
core   0: 0x80002186 (0x00009afd) c.andi  a3, -1
core   0: 3 0x80002186 (0x9afd) x13 0xdc120160
core   0: 0x80002188 (0x000080aa) c.mv    ra, a0
core   0: 3 0x80002188 (0x80aa) x 1 0xffffffff
core   0: 0x8000218a (0x0374b733) mulhu   a4, s1, s7
core   0: 3 0x8000218a (0x0374b733) x14 0x2a5ed6e8
core   0: 0x8000218e (0x00000fa2) c.slli  t6, 8
core   0: 3 0x8000218e (0x0fa2) x31 0x00000000
core   0: 0x80002190 (0x00006119) c.addi16sp sp, 384
core   0: 3 0x80002190 (0x6119) x 2 0x00000180
core   0: 0x80002192 (0x0000070e) c.slli  a4, 3
core   0: 3 0x80002192 (0x070e) x14 0x52f6b740
core   0: 0x80002194 (0x00e34333) xor     t1, t1, a4
core   0: 3 0x80002194 (0x00e34333) x 6 0x52f6b740
core   0: 0x80002198 (0x00eac233) xor     tp, s5, a4
core   0: 3 0x80002198 (0x00eac233) x 4 0x52f6b740
core   0: 0x8000219c (0x028bb8b3) mulhu   a7, s7, s0
core   0: 3 0x8000219c (0x028bb8b3) x17 0x00000000
core   0: 0x800021a0 (0x00fb4f33) xor     t5, s6, a5
core   0: 3 0x800021a0 (0x00fb4f33) x30 0x00000381
core   0: 0x800021a4 (0x41e1ac13) slti    s8, gp, 1054
core   0: 3 0x800021a4 (0x41e1ac13) x24 0x00000001
core   0: 0x800021a8 (0x00005afd) c.li    s5, -1
core   0: 3 0x800021a8 (0x5afd) x21 0xffffffff
core   0: 0x800021aa (0x000007a1) c.addi  a5, 8
core   0: 3 0x800021aa (0x07a1) x15 0x00000388
core   0: 0x800021ac (0x025d1fb3) mulh    t6, s10, t0
core   0: 3 0x800021ac (0x025d1fb3) x31 0xfffddf4e
core   0: 0x800021b0 (0x00000001) c.nop
core   0: 3 0x800021b0 (0x0001)
core   0: 0x800021b2 (0x00e880b3) add     ra, a7, a4
core   0: 3 0x800021b2 (0x00e880b3) x 1 0x52f6b740
core   0: 0x800021b6 (0x01e0e8b3) or      a7, ra, t5
core   0: 3 0x800021b6 (0x01e0e8b3) x17 0x52f6b7c1
core   0: 0x800021ba (0x01958533) add     a0, a1, s9
core   0: 3 0x800021ba (0x01958533) x10 0xfffffee0
core   0: 0x800021be (0x00008d7d) c.and   a0, a5
core   0: 3 0x800021be (0x8d7d) x10 0x00000280
core   0: 0x800021c0 (0x00000b14) c.addi4spn a3, sp, 400
core   0: 3 0x800021c0 (0x0b14) x13 0x00000310
core   0: 0x800021c2 (0x1a35f213) andi    tp, a1, 419
core   0: 3 0x800021c2 (0x1a35f213) x 4 0x000001a3
core   0: 0x800021c6 (0x00000001) c.nop
core   0: 3 0x800021c6 (0x0001)
core   0: 0x800021c8 (0x01a28db3) add     s11, t0, s10
core   0: 3 0x800021c8 (0x01a28db3) x27 0x79729400
core   0: 0x800021cc (0x0093df93) srli    t6, t2, 9
core   0: 3 0x800021cc (0x0093df93) x31 0x00400096
core   0: 0x800021d0 (0x007be533) or      a0, s7, t2
core   0: 3 0x800021d0 (0x007be533) x10 0x8001eee4
core   0: 0x800021d4 (0x038abeb3) mulhu   t4, s5, s8
core   0: 3 0x800021d4 (0x038abeb3) x29 0x00000000
core   0: 0x800021d8 (0xac3a2a13) slti    s4, s4, -1341
core   0: 3 0x800021d8 (0xac3a2a13) x20 0x00000000
core   0: 0x800021dc (0x00009b7d) c.andi  a4, -1
core   0: 3 0x800021dc (0x9b7d) x14 0x52f6b740
core   0: 0x800021de (0x000098fd) c.andi  s1, -1
core   0: 3 0x800021de (0x98fd) x 9 0x54bd1000
core   0: 0x800021e0 (0x30daa293) slti    t0, s5, 781
core   0: 3 0x800021e0 (0x30daa293) x 5 0x00000001
core   0: 0x800021e4 (0x000084d1) c.srai  s1, 20
core   0: 3 0x800021e4 (0x84d1) x 9 0x0000054b
core   0: 0x800021e6 (0x03a51fb3) mulh    t6, a0, s10
core   0: 3 0x800021e6 (0x03a51fb3) x31 0xc34562cf
core   0: 0x800021ea (0x00006109) c.addi16sp sp, 128
core   0: 3 0x800021ea (0x6109) x 2 0x00000200
core   0: 0x800021ec (0xf450fc13) andi    s8, ra, -187
core   0: 3 0x800021ec (0xf450fc13) x24 0x52f6b740
core   0: 0x800021f0 (0x00000001) c.nop
core   0: 3 0x800021f0 (0x0001)
core   0: 0x800021f2 (0x000097b2) c.add   a5, a2
core   0: 3 0x800021f2 (0x97b2) x15 0x00000388
core   0: 0x800021f4 (0x03ba08b3) mul     a7, s4, s11
core   0: 3 0x800021f4 (0x03ba08b3) x17 0x00000000
core   0: 0x800021f8 (0x00006135) c.addi16sp sp, 352
core   0: 3 0x800021f8 (0x6135) x 2 0x00000360
core   0: 0x800021fa (0x02ac3333) mulhu   t1, s8, a0
core   0: 3 0x800021fa (0x02ac3333) x 6 0x297bfc01
core   0: 0x800021fe (0x00008831) c.andi  s0, 12
core   0: 3 0x800021fe (0x8831) x 8 0x00000000
core   0: 0x80002200 (0x01afa933) slt     s2, t6, s10
core   0: 3 0x80002200 (0x01afa933) x18 0x00000001
core   0: 0x80002204 (0x000082ad) c.srli  a3, 11
core   0: 3 0x80002204 (0x82ad) x13 0x00000000
core   0: 0x80002206 (0x8e2e0113) addi    sp, t3, -1822
core   0: 3 0x80002206 (0x8e2e0113) x 2 0xfffff8e1
core   0: 0x8000220a (0x00008819) c.andi  s0, 6
core   0: 3 0x8000220a (0x8819) x 8 0x00000000
core   0: 0x8000220c (0x000011fd) c.addi  gp, -1
core   0: 3 0x8000220c (0x11fd) x 3 0x00000000
core   0: 0x8000220e (0x033c57b3) divu    a5, s8, s3
core   0: 3 0x8000220e (0x033c57b3) x15 0x00000000
core   0: 0x80002212 (0x01575f33) srl     t5, a4, s5
core   0: 3 0x80002212 (0x01575f33) x30 0x00000000
core   0: 0x80002216 (0x00000001) c.nop
core   0: 3 0x80002216 (0x0001)
core   0: 0x80002218 (0x038996b3) mulh    a3, s3, s8
core   0: 3 0x80002218 (0x038996b3) x13 0xd684f1a1
core   0: 0x8000221c (0x00008f61) c.and   a4, s0
core   0: 3 0x8000221c (0x8f61) x14 0x00000000
core   0: 0x8000221e (0x00cc4fb3) xor     t6, s8, a2
core   0: 3 0x8000221e (0x00cc4fb3) x31 0x52f6b740
core   0: 0x80002222 (0x013aa833) slt     a6, s5, s3
core   0: 3 0x80002222 (0x013aa833) x16 0x00000000
core   0: 0x80002226 (0x01809513) slli    a0, ra, 24
core   0: 3 0x80002226 (0x01809513) x10 0x40000000
core   0: 0x8000222a (0x01ca87b3) add     a5, s5, t3
core   0: 3 0x8000222a (0x01ca87b3) x15 0xfffffffe
core   0: 0x8000222e (0x004855b3) srl     a1, a6, tp
core   0: 3 0x8000222e (0x004855b3) x11 0x00000000
core   0: 0x80002232 (0x00000001) c.nop
core   0: 3 0x80002232 (0x0001)
core   0: 0x80002234 (0x5fc50413) addi    s0, a0, 1532
core   0: 3 0x80002234 (0x5fc50413) x 8 0x400005fc
core   0: 0x80002238 (0x0000717d) c.addi16sp sp, -16
core   0: 3 0x80002238 (0x717d) x 2 0xfffff8d1
core   0: 0x8000223a (0x004081b3) add     gp, ra, tp
core   0: 3 0x8000223a (0x004081b3) x 3 0x52f6b8e3
core   0: 0x8000223e (0x00008e9d) c.sub   a3, a5
core   0: 3 0x8000223e (0x8e9d) x13 0xd684f1a3
core   0: 0x80002240 (0x01a568b3) or      a7, a0, s10
core   0: 3 0x80002240 (0x01a568b3) x17 0x79771000
core   0: 0x80002244 (0x00001584) c.addi4spn s1, sp, 736
core   0: 3 0x80002244 (0x1584) x 9 0xfffffbb1
core   0: 0x80002246 (0x0000841d) c.srai  s0, 7
core   0: 3 0x80002246 (0x841d) x 8 0x0080000b
core   0: 0x80002248 (0x00008f21) c.xor   a4, s0
core   0: 3 0x80002248 (0x8f21) x14 0x0080000b
core   0: 0x8000224a (0x0000988a) c.add   a7, sp
core   0: 3 0x8000224a (0x988a) x17 0x797708d1
core   0: 0x8000224c (0x01e69c93) slli    s9, a3, 30
core   0: 3 0x8000224c (0x01e69c93) x25 0xc0000000
core   0: 0x80002250 (0xda1cb513) sltiu   a0, s9, -607
core   0: 3 0x80002250 (0xda1cb513) x10 0x00000001
core   0: 0x80002254 (0x03086833) rem     a6, a6, a6
core   0: 3 0x80002254 (0x03086833) x16 0x00000000
core   0: 0x80002258 (0x02b880b3) mul     ra, a7, a1
core   0: 3 0x80002258 (0x02b880b3) x 1 0x00000000
core   0: 0x8000225c (0x5c2cbd13) sltiu   s10, s9, 1474
core   0: 3 0x8000225c (0x5c2cbd13) x26 0x00000000
core   0: 0x80002260 (0x022001b3) mul     gp, zero, sp
core   0: 3 0x80002260 (0x022001b3) x 3 0x00000000
core   0: 0x80002264 (0x000048a1) c.li    a7, 8
core   0: 3 0x80002264 (0x48a1) x17 0x00000008
core   0: 0x80002266 (0x01971eb3) sll     t4, a4, s9
core   0: 3 0x80002266 (0x01971eb3) x29 0x0080000b
core   0: 0x8000226a (0x006e1bb3) sll     s7, t3, t1
core   0: 3 0x8000226a (0x006e1bb3) x23 0xfffffffe
core   0: 0x8000226e (0x000012fd) c.addi  t0, -1
core   0: 3 0x8000226e (0x12fd) x 5 0x00000000
core   0: 0x80002270 (0x609d6a13) ori     s4, s10, 1545
core   0: 3 0x80002270 (0x609d6a13) x20 0x00000609
core   0: 0x80002274 (0x00285913) srli    s2, a6, 2
core   0: 3 0x80002274 (0x00285913) x18 0x00000000
core   0: 0x80002278 (0x01847833) and     a6, s0, s8
core   0: 3 0x80002278 (0x01847833) x16 0x00800000
core   0: 0x8000227c (0x02fcff33) remu    t5, s9, a5
core   0: 3 0x8000227c (0x02fcff33) x30 0xc0000000
core   0: 0x80002280 (0xbe30a093) slti    ra, ra, -1053
core   0: 3 0x80002280 (0xbe30a093) x 1 0x00000000
core   0: 0x80002284 (0x41915513) srai    a0, sp, 25
core   0: 3 0x80002284 (0x41915513) x10 0xffffffff
core   0: 0x80002288 (0x0000080d) c.addi  a6, 3
core   0: 3 0x80002288 (0x080d) x16 0x00800003
core   0: 0x8000228a (0x00000fca) c.slli  t6, 18
core   0: 3 0x8000228a (0x0fca) x31 0xdd000000
core   0: 0x8000228c (0x00000001) c.nop
core   0: 3 0x8000228c (0x0001)
core   0: 0x8000228e (0x023eddb3) divu    s11, t4, gp
core   0: 3 0x8000228e (0x023eddb3) x27 0xffffffff
core   0: 0x80002292 (0x00000eda) c.slli  t4, 22
core   0: 3 0x80002292 (0x0eda) x29 0x02c00000
core   0: 0x80002294 (0x01369433) sll     s0, a3, s3
core   0: 3 0x80002294 (0x01369433) x 8 0x684f1a30
core   0: 0x80002298 (0x00000001) c.nop
core   0: 3 0x80002298 (0x0001)
core   0: 0x8000229a (0x00000001) c.nop
core   0: 3 0x8000229a (0x0001)
core   0: 0x8000229c (0x000086da) c.mv    a3, s6
core   0: 3 0x8000229c (0x86da) x13 0x00000001
core   0: 0x8000229e (0x000090aa) c.add   ra, a0
core   0: 3 0x8000229e (0x90aa) x 1 0xffffffff
core   0: 0x800022a0 (0x0000158c) c.addi4spn a1, sp, 736
core   0: 3 0x800022a0 (0x158c) x11 0xfffffbb1
core   0: 0x800022a2 (0x036712b3) mulh    t0, a4, s6
core   0: 3 0x800022a2 (0x036712b3) x 5 0x00000000
core   0: 0x800022a6 (0x019b1a13) slli    s4, s6, 25
core   0: 3 0x800022a6 (0x019b1a13) x20 0x02000000
core   0: 0x800022aa (0x000082d5) c.srli  a3, 21
core   0: 3 0x800022aa (0x82d5) x13 0x00000000
core   0: 0x800022ac (0x00008f41) c.or    a4, s0
core   0: 3 0x800022ac (0x8f41) x14 0x68cf1a3b
core   0: 0x800022ae (0x00006149) c.addi16sp sp, 144
core   0: 3 0x800022ae (0x6149) x 2 0xfffff961
core   0: 0x800022b0 (0x923eb693) sltiu   a3, t4, -1757
core   0: 3 0x800022b0 (0x923eb693) x13 0x00000001
core   0: 0x800022b4 (0x022bf5b3) remu    a1, s7, sp
core   0: 3 0x800022b4 (0x022bf5b3) x11 0x0000069d
core   0: 0x800022b8 (0x015e1f93) slli    t6, t3, 21
core   0: 3 0x800022b8 (0x015e1f93) x31 0xffe00000
core   0: 0x800022bc (0x035931b3) mulhu   gp, s2, s5
core   0: 3 0x800022bc (0x035931b3) x 3 0x00000000
core   0: 0x800022c0 (0x03cd4b33) div     s6, s10, t3
core   0: 3 0x800022c0 (0x03cd4b33) x22 0x00000000
core   0: 0x800022c4 (0x03941bb3) mulh    s7, s0, s9
core   0: 3 0x800022c4 (0x03941bb3) x23 0xe5ec3974
core   0: 0x800022c8 (0x415e5893) srai    a7, t3, 21
core   0: 3 0x800022c8 (0x415e5893) x17 0xffffffff
core   0: 0x800022cc (0x00008d89) c.sub   a1, a0
core   0: 3 0x800022cc (0x8d89) x11 0x0000069e
core   0: 0x800022ce (0x40fec513) xori    a0, t4, 1039
core   0: 3 0x800022ce (0x40fec513) x10 0x02c0040f
core   0: 0x800022d2 (0x00004ecd) c.li    t4, 19
core   0: 3 0x800022d2 (0x4ecd) x29 0x00000013
core   0: 0x800022d4 (0x026f64b3) rem     s1, t5, t1
core   0: 3 0x800022d4 (0x026f64b3) x 9 0xe97bfc01
core   0: 0x800022d8 (0x00000001) c.nop
core   0: 3 0x800022d8 (0x0001)
core   0: 0x800022da (0x0000517d) c.li    sp, -1
core   0: 3 0x800022da (0x517d) x 2 0xffffffff
core   0: 0x800022dc (0x026eabb3) mulhsu  s7, t4, t1
core   0: 3 0x800022dc (0x026eabb3) x23 0x00000003
core   0: 0x800022e0 (0x01c7d913) srli    s2, a5, 28
core   0: 3 0x800022e0 (0x01c7d913) x18 0x0000000f
core   0: 0x800022e4 (0x0351b033) mulhu   zero, gp, s5
core   0: 3 0x800022e4 (0x0351b033)
core   0: 0x800022e8 (0x00006141) c.addi16sp sp, 16
core   0: 3 0x800022e8 (0x6141) x 2 0x0000000f
core   0: 0x800022ea (0x00009abe) c.add   s5, a5
core   0: 3 0x800022ea (0x9abe) x21 0xfffffffd
core   0: 0x800022ec (0x02682133) mulhsu  sp, a6, t1
core   0: 3 0x800022ec (0x02682133) x 2 0x0014bdfe
core   0: 0x800022f0 (0x01821413) slli    s0, tp, 24
core   0: 3 0x800022f0 (0x01821413) x 8 0xa3000000
core   0: 0x800022f4 (0x01dc4f33) xor     t5, s8, t4
core   0: 3 0x800022f4 (0x01dc4f33) x30 0x52f6b753
core   0: 0x800022f8 (0x0293a833) mulhsu  a6, t2, s1
core   0: 3 0x800022f8 (0x0293a833) x16 0x8b43146c
core   0: 0x800022fc (0x00009966) c.add   s2, s9
core   0: 3 0x800022fc (0x9966) x18 0xc000000f
core   0: 0x800022fe (0x41c58533) sub     a0, a1, t3
core   0: 3 0x800022fe (0x41c58533) x10 0x0000069f
core   0: 0x80002302 (0x77293d93) sltiu   s11, s2, 1906
core   0: 3 0x80002302 (0x77293d93) x27 0x00000000
core   0: 0x80002306 (0x02bcd2b3) divu    t0, s9, a1
core   0: 3 0x80002306 (0x02bcd2b3) x 5 0x001d03ed
core   0: 0x8000230a (0x0000081d) c.addi  a6, 7
core   0: 3 0x8000230a (0x081d) x16 0x8b431473
core   0: 0x8000230c (0x0fd98f13) addi    t5, s3, 253
core   0: 3 0x8000230c (0x0fd98f13) x30 0x8000ef61
core   0: 0x80002310 (0x0381bc33) mulhu   s8, gp, s8
core   0: 3 0x80002310 (0x0381bc33) x24 0x00000000
core   0: 0x80002314 (0x0000944e) c.add   s0, s3
core   0: 3 0x80002314 (0x944e) x 8 0x2300ee64
core   0: 0x80002316 (0x011844b3) xor     s1, a6, a7
core   0: 3 0x80002316 (0x011844b3) x 9 0x74bceb8c
core   0: 0x8000231a (0x00000001) c.nop
core   0: 3 0x8000231a (0x0001)
core   0: 0x8000231c (0x03ebe0b3) rem     ra, s7, t5
core   0: 3 0x8000231c (0x03ebe0b3) x 1 0x00000003
core   0: 0x80002320 (0x00000001) c.nop
core   0: 3 0x80002320 (0x0001)
core   0: 0x80002322 (0x002d6733) or      a4, s10, sp
core   0: 3 0x80002322 (0x002d6733) x14 0x0014bdfe
core   0: 0x80002326 (0x40085b33) sra     s6, a6, zero
core   0: 3 0x80002326 (0x40085b33) x22 0x8b431473
core   0: 0x8000232a (0x013b74b3) and     s1, s6, s3
core   0: 3 0x8000232a (0x013b74b3) x 9 0x80000460
core   0: 0x8000232e (0x0000717d) c.addi16sp sp, -16
core   0: 3 0x8000232e (0x717d) x 2 0x0014bdee
core   0: 0x80002330 (0x02bc9db3) mulh    s11, s9, a1
core   0: 3 0x80002330 (0x02bc9db3) x27 0xfffffe58
core   0: 0x80002334 (0x0000717d) c.addi16sp sp, -16
core   0: 3 0x80002334 (0x717d) x 2 0x0014bdde
core   0: 0x80002336 (0x00008691) c.srai  a3, 4
core   0: 3 0x80002336 (0x8691) x13 0x00000000
core   0: 0x80002338 (0x0064fab3) and     s5, s1, t1
core   0: 3 0x80002338 (0x0064fab3) x21 0x00000400
core   0: 0x8000233c (0x02983033) mulhu   zero, a6, s1
core   0: 3 0x8000233c (0x02983033)
core   0: 0x80002340 (0x00c59113) slli    sp, a1, 12
core   0: 3 0x80002340 (0x00c59113) x 2 0x0069e000
core   0: 0x80002344 (0x01e022b3) slt     t0, zero, t5
core   0: 3 0x80002344 (0x01e022b3) x 5 0x00000000
core   0: 0x80002348 (0x00008d1d) c.sub   a0, a5
core   0: 3 0x80002348 (0x8d1d) x10 0x000006a1
core   0: 0x8000234a (0x00a92eb3) slt     t4, s2, a0
core   0: 3 0x8000234a (0x00a92eb3) x29 0x00000001
core   0: 0x8000234e (0x02183a33) mulhu   s4, a6, ra
core   0: 3 0x8000234e (0x02183a33) x20 0x00000001
core   0: 0x80002352 (0x00ef9c13) slli    s8, t6, 14
core   0: 3 0x80002352 (0x00ef9c13) x24 0x00000000
core   0: 0x80002356 (0x4714a413) slti    s0, s1, 1137
core   0: 3 0x80002356 (0x4714a413) x 8 0x00000001
core   0: 0x8000235a (0x0000717d) c.addi16sp sp, -16
core   0: 3 0x8000235a (0x717d) x 2 0x0069dff0
core   0: 0x8000235c (0x035458b3) divu    a7, s0, s5
core   0: 3 0x8000235c (0x035458b3) x17 0x00000000
core   0: 0x80002360 (0x02d36033) rem     zero, t1, a3
core   0: 3 0x80002360 (0x02d36033)
core   0: 0x80002364 (0x000086aa) c.mv    a3, a0
core   0: 3 0x80002364 (0x86aa) x13 0x000006a1
core   0: 0x80002366 (0x00e6c933) xor     s2, a3, a4
core   0: 3 0x80002366 (0x00e6c933) x18 0x0014bb5f
core   0: 0x8000236a (0x00000001) c.nop
core   0: 3 0x8000236a (0x0001)
core   0: 0x8000236c (0x4d36af93) slti    t6, a3, 1235
core   0: 3 0x8000236c (0x4d36af93) x31 0x00000000
core   0: 0x80002370 (0x00000001) c.nop
core   0: 3 0x80002370 (0x0001)
core   0: 0x80002372 (0x00008ac1) c.andi  a3, 16
core   0: 3 0x80002372 (0x8ac1) x13 0x00000000
core   0: 0x80002374 (0x024260b3) rem     ra, tp, tp
core   0: 3 0x80002374 (0x024260b3) x 1 0x00000000
core   0: 0x80002378 (0x00008d2d) c.xor   a0, a1
core   0: 3 0x80002378 (0x8d2d) x10 0x0000003f
core   0: 0x8000237a (0x003a8bb3) add     s7, s5, gp
core   0: 3 0x8000237a (0x003a8bb3) x23 0x00000400
core   0: 0x8000237e (0x010d06b3) add     a3, s10, a6
core   0: 3 0x8000237e (0x010d06b3) x13 0x8b431473
core   0: 0x80002382 (0x03d4ebb3) rem     s7, s1, t4
core   0: 3 0x80002382 (0x03d4ebb3) x23 0x00000000
core   0: 0x80002386 (0x00041193) slli    gp, s0, 0
core   0: 3 0x80002386 (0x00041193) x 3 0x00000001
core   0: 0x8000238a (0x007aa733) slt     a4, s5, t2
core   0: 3 0x8000238a (0x007aa733) x14 0x00000000
core   0: 0x8000238e (0x419a02b3) sub     t0, s4, s9
core   0: 3 0x8000238e (0x419a02b3) x 5 0x40000001
core   0: 0x80002392 (0x00008c79) c.and   s0, a4
core   0: 3 0x80002392 (0x8c79) x 8 0x00000000
core   0: 0x80002394 (0x87b24d93) xori    s11, tp, -1925
core   0: 3 0x80002394 (0x87b24d93) x27 0xfffff9d8
core   0: 0x80002398 (0x00006275) c.lui   tp, 0x1d
core   0: 3 0x80002398 (0x6275) x 4 0x0001d000
core   0: 0x8000239a (0x02b02eb3) mulhsu  t4, zero, a1
core   0: 3 0x8000239a (0x02b02eb3) x29 0x00000000
core   0: 0x8000239e (0x83b4b213) sltiu   tp, s1, -1989
core   0: 3 0x8000239e (0x83b4b213) x 4 0x00000001
core   0: 0x800023a2 (0x000057fd) c.li    a5, -1
core   0: 3 0x800023a2 (0x57fd) x15 0xffffffff
core   0: 0x800023a4 (0x02be5f33) divu    t5, t3, a1
core   0: 3 0x800023a4 (0x02be5f33) x30 0x0026afe7
core   0: 0x800023a8 (0x00b02db3) slt     s11, zero, a1
core   0: 3 0x800023a8 (0x00b02db3) x27 0x00000001
core   0: 0x800023ac (0x41825d93) srai    s11, tp, 24
core   0: 3 0x800023ac (0x41825d93) x27 0x00000000
core   0: 0x800023b0 (0x00000001) c.nop
core   0: 3 0x800023b0 (0x0001)
core   0: 0x800023b2 (0xaf02ba13) sltiu   s4, t0, -1296
core   0: 3 0x800023b2 (0xaf02ba13) x20 0x00000001
core   0: 0x800023b6 (0x022324b3) mulhsu  s1, t1, sp
core   0: 3 0x800023b6 (0x022324b3) x 9 0x00112824
core   0: 0x800023ba (0x000094ea) c.add   s1, s10
core   0: 3 0x800023ba (0x94ea) x 9 0x00112824
core   0: 0x800023bc (0x33358d13) addi    s10, a1, 819
core   0: 3 0x800023bc (0x33358d13) x26 0x000009d1
core   0: 0x800023c0 (0x0000997d) c.andi  a0, -1
core   0: 3 0x800023c0 (0x997d) x10 0x0000003f
core   0: 0x800023c2 (0x00c3b533) sltu    a0, t2, a2
core   0: 3 0x800023c2 (0x00c3b533) x10 0x00000000
core   0: 0x800023c6 (0x00000001) c.nop
core   0: 3 0x800023c6 (0x0001)
core   0: 0x800023c8 (0x0305e233) rem     tp, a1, a6
core   0: 3 0x800023c8 (0x0305e233) x 4 0x0000069e
core   0: 0x800023cc (0x00008ffd) c.and   a5, a5
core   0: 3 0x800023cc (0x8ffd) x15 0xffffffff
core   0: 0x800023ce (0x00008f25) c.xor   a4, s1
core   0: 3 0x800023ce (0x8f25) x14 0x00112824
core   0: 0x800023d0 (0x01989b93) slli    s7, a7, 25
core   0: 3 0x800023d0 (0x01989b93) x23 0x00000000
core   0: 0x800023d4 (0x00008d4d) c.or    a0, a1
core   0: 3 0x800023d4 (0x8d4d) x10 0x0000069e
core   0: 0x800023d6 (0x402e55b3) sra     a1, t3, sp
core   0: 3 0x800023d6 (0x402e55b3) x11 0xffffffff
core   0: 0x800023da (0x00008bda) c.mv    s7, s6
core   0: 3 0x800023da (0x8bda) x23 0x8b431473
core   0: 0x800023dc (0x00000001) c.nop
core   0: 3 0x800023dc (0x0001)
core   0: 0x800023de (0x00008fbd) c.xor   a5, a5
core   0: 3 0x800023de (0x8fbd) x15 0x00000000
core   0: 0x800023e0 (0x034c5cb3) divu    s9, s8, s4
core   0: 3 0x800023e0 (0x034c5cb3) x25 0x00000000
core   0: 0x800023e4 (0x03afe833) rem     a6, t6, s10
core   0: 3 0x800023e4 (0x03afe833) x16 0x00000000
core   0: 0x800023e8 (0x01b85433) srl     s0, a6, s11
core   0: 3 0x800023e8 (0x01b85433) x 8 0x00000000
core   0: 0x800023ec (0x02a2fab3) remu    s5, t0, a0
core   0: 3 0x800023ec (0x02a2fab3) x21 0x00000653
core   0: 0x800023f0 (0x40575533) sra     a0, a4, t0
core   0: 3 0x800023f0 (0x40575533) x10 0x00089412
core   0: 0x800023f4 (0x00006da1) c.lui   s11, 0x8
core   0: 3 0x800023f4 (0x6da1) x27 0x00008000
core   0: 0x800023f6 (0x00008d65) c.and   a0, s1
core   0: 3 0x800023f6 (0x8d65) x10 0x00000000
core   0: 0x800023f8 (0x03953bb3) mulhu   s7, a0, s9
core   0: 3 0x800023f8 (0x03953bb3) x23 0x00000000
core   0: 0x800023fc (0x027045b3) div     a1, zero, t2
core   0: 3 0x800023fc (0x027045b3) x11 0x00000000
core   0: 0x80002400 (0x00008ea9) c.xor   a3, a0
core   0: 3 0x80002400 (0x8ea9) x13 0x8b431473
core   0: 0x80002402 (0x010467b3) or      a5, s0, a6
core   0: 3 0x80002402 (0x010467b3) x15 0x00000000
core   0: 0x80002406 (0x00f41893) slli    a7, s0, 15
core   0: 3 0x80002406 (0x00f41893) x17 0x00000000
core   0: 0x8000240a (0x011b0e33) add     t3, s6, a7
core   0: 3 0x8000240a (0x011b0e33) x28 0x8b431473
core   0: 0x8000240e (0x1bddeb93) ori     s7, s11, 445
core   0: 3 0x8000240e (0x1bddeb93) x23 0x000081bd
core   0: 0x80002412 (0x000065f5) c.lui   a1, 0x1d
core   0: 3 0x80002412 (0x65f5) x11 0x0001d000
core   0: 0x80002414 (0x02a5eeb3) rem     t4, a1, a0
core   0: 3 0x80002414 (0x02a5eeb3) x29 0x0001d000
core   0: 0x80002418 (0x00c81e93) slli    t4, a6, 12
core   0: 3 0x80002418 (0x00c81e93) x29 0x00000000
core   0: 0x8000241c (0x00000001) c.nop
core   0: 3 0x8000241c (0x0001)
core   0: 0x8000241e (0x00000001) c.nop
core   0: 3 0x8000241e (0x0001)
core   0: 0x80002420 (0xaab38237) lui     tp, 0xaab38
core   0: 3 0x80002420 (0xaab38237) x 4 0xaab38000
core   0: 0x80002424 (0x03aedbb3) divu    s7, t4, s10
core   0: 3 0x80002424 (0x03aedbb3) x23 0x00000000
core   0: 0x80002428 (0xab40e1b7) lui     gp, 0xab40e
core   0: 3 0x80002428 (0xab40e1b7) x 3 0xab40e000
core   0: 0x8000242c (0x2f422c13) slti    s8, tp, 756
core   0: 3 0x8000242c (0x2f422c13) x24 0x00000001
core   0: 0x80002430 (0x4ff14593) xori    a1, sp, 1279
core   0: 3 0x80002430 (0x4ff14593) x11 0x0069db0f
core   0: 0x80002434 (0x00006445) c.lui   s0, 0x11
core   0: 3 0x80002434 (0x6445) x 8 0x00011000
core   0: 0x80002436 (0x036b66b3) rem     a3, s6, s6
core   0: 3 0x80002436 (0x036b66b3) x13 0x00000000
core   0: 0x8000243a (0xa71e7b13) andi    s6, t3, -1423
core   0: 3 0x8000243a (0xa71e7b13) x22 0x8b431071
core   0: 0x8000243e (0x0000015a) c.slli  sp, 22
core   0: 3 0x8000243e (0x015a) x 2 0xfc000000
core   0: 0x80002440 (0x0000876d) c.srai  a4, 27
core   0: 3 0x80002440 (0x876d) x14 0x00000000
core   0: 0x80002442 (0x02571db3) mulh    s11, a4, t0
core   0: 3 0x80002442 (0x02571db3) x27 0x00000000
core   0: 0x80002446 (0x0257cb33) div     s6, a5, t0
core   0: 3 0x80002446 (0x0257cb33) x22 0x00000000
core   0: 0x8000244a (0x00685093) srli    ra, a6, 6
core   0: 3 0x8000244a (0x00685093) x 1 0x00000000
core   0: 0x8000244e (0x000017fd) c.addi  a5, -1
core   0: 3 0x8000244e (0x17fd) x15 0xffffffff
core   0: 0x80002450 (0x01007533) and     a0, zero, a6
core   0: 3 0x80002450 (0x01007533) x10 0x00000000
core   0: 0x80002454 (0x00008ff9) c.and   a5, a4
core   0: 3 0x80002454 (0x8ff9) x15 0x00000000
core   0: 0x80002456 (0x02648c33) mul     s8, s1, t1
core   0: 3 0x80002456 (0x02648c33) x24 0xf0e09824
core   0: 0x8000245a (0x1bedcf93) xori    t6, s11, 446
core   0: 3 0x8000245a (0x1bedcf93) x31 0x000001be
core   0: 0x8000245e (0x033831b3) mulhu   gp, a6, s3
core   0: 3 0x8000245e (0x033831b3) x 3 0x00000000
core   0: 0x80002462 (0x000082f5) c.srli  a3, 29
core   0: 3 0x80002462 (0x82f5) x13 0x00000000
core   0: 0x80002464 (0x8381a693) slti    a3, gp, -1992
core   0: 3 0x80002464 (0x8381a693) x13 0x00000000
core   0: 0x80002468 (0x02efd4b3) divu    s1, t6, a4
core   0: 3 0x80002468 (0x02efd4b3) x 9 0xffffffff
core   0: 0x8000246c (0x03a92533) mulhsu  a0, s2, s10
core   0: 3 0x8000246c (0x03a92533) x10 0x00000000
core   0: 0x80002470 (0xdac2e1b7) lui     gp, 0xdac2e
core   0: 3 0x80002470 (0xdac2e1b7) x 3 0xdac2e000
core   0: 0x80002474 (0x00006aa5) c.lui   s5, 0x9
core   0: 3 0x80002474 (0x6aa5) x21 0x00009000
core   0: 0x80002476 (0x3f36f313) andi    t1, a3, 1011
core   0: 3 0x80002476 (0x3f36f313) x 6 0x00000000
core   0: 0x8000247a (0x03e38f33) mul     t5, t2, t5
core   0: 3 0x8000247a (0x03e38f33) x30 0xf8975dbc
core   0: 0x8000247e (0x00008785) c.srai  a5, 1
core   0: 3 0x8000247e (0x8785) x15 0x00000000
core   0: 0x80002480 (0x03b28ab3) mul     s5, t0, s11
core   0: 3 0x80002480 (0x03b28ab3) x21 0x00000000
core   0: 0x80002484 (0x02a94233) div     tp, s2, a0
core   0: 3 0x80002484 (0x02a94233) x 4 0xffffffff
core   0: 0x80002488 (0x00008031) c.srli  s0, 12
core   0: 3 0x80002488 (0x8031) x 8 0x00000011
core   0: 0x8000248a (0x401a5c13) srai    s8, s4, 1
core   0: 3 0x8000248a (0x401a5c13) x24 0x00000000
core   0: 0x8000248e (0x43c98913) addi    s2, s3, 1084
core   0: 3 0x8000248e (0x43c98913) x18 0x8000f2a0
core   0: 0x80002492 (0x0155bcb3) sltu    s9, a1, s5
core   0: 3 0x80002492 (0x0155bcb3) x25 0x00000000
core   0: 0x80002496 (0x00000314) c.addi4spn a3, sp, 384
core   0: 3 0x80002496 (0x0314) x13 0xfc000180
core   0: 0x80002498 (0x02836c33) rem     s8, t1, s0
core   0: 3 0x80002498 (0x02836c33) x24 0x00000000
core   0: 0x8000249c (0x00d575b3) and     a1, a0, a3
core   0: 3 0x8000249c (0x00d575b3) x11 0x00000000
core   0: 0x800024a0 (0x00008d91) c.sub   a1, a2
core   0: 3 0x800024a0 (0x8d91) x11 0x00000000
core   0: 0x800024a2 (0x02362db3) mulhsu  s11, a2, gp
core   0: 3 0x800024a2 (0x02362db3) x27 0x00000000
core   0: 0x800024a6 (0x00008cc1) c.or    s1, s0
core   0: 3 0x800024a6 (0x8cc1) x 9 0xffffffff
core   0: 0x800024a8 (0x000085cd) c.srai  a1, 19
core   0: 3 0x800024a8 (0x85cd) x11 0x00000000
core   0: 0x800024aa (0x00008d2d) c.xor   a0, a1
core   0: 3 0x800024aa (0x8d2d) x10 0x00000000
core   0: 0x800024ac (0x03343bb3) mulhu   s7, s0, s3
core   0: 3 0x800024ac (0x03343bb3) x23 0x00000008
core   0: 0x800024b0 (0x00008aca) c.mv    s5, s2
core   0: 3 0x800024b0 (0x8aca) x21 0x8000f2a0
core   0: 0x800024b2 (0x00b78933) add     s2, a5, a1
core   0: 3 0x800024b2 (0x00b78933) x18 0x00000000
core   0: 0x800024b6 (0x00009b7d) c.andi  a4, -1
core   0: 3 0x800024b6 (0x9b7d) x14 0x00000000
core   0: 0x800024b8 (0x405cd8b3) sra     a7, s9, t0
core   0: 3 0x800024b8 (0x405cd8b3) x17 0x00000000
core   0: 0x800024bc (0x00a594b3) sll     s1, a1, a0
core   0: 3 0x800024bc (0x00a594b3) x 9 0x00000000
core   0: 0x800024c0 (0x034d3cb3) mulhu   s9, s10, s4
core   0: 3 0x800024c0 (0x034d3cb3) x25 0x00000000
core   0: 0x800024c4 (0x628efe13) andi    t3, t4, 1576
core   0: 3 0x800024c4 (0x628efe13) x28 0x00000000
core   0: 0x800024c8 (0x0187d913) srli    s2, a5, 24
core   0: 3 0x800024c8 (0x0187d913) x18 0x00000000
core   0: 0x800024cc (0x03fac8b3) div     a7, s5, t6
core   0: 3 0x800024cc (0x03fac8b3) x17 0xffb68802
core   0: 0x800024d0 (0x00141fb3) sll     t6, s0, ra
core   0: 3 0x800024d0 (0x00141fb3) x31 0x00000011
core   0: 0x800024d4 (0x00000680) c.addi4spn s0, sp, 832
core   0: 3 0x800024d4 (0x0680) x 8 0xfc000340
core   0: 0x800024d6 (0x035b57b3) divu    a5, s6, s5
core   0: 3 0x800024d6 (0x035b57b3) x15 0x00000000
core   0: 0x800024da (0x034daf33) mulhsu  t5, s11, s4
core   0: 3 0x800024da (0x034daf33) x30 0x00000000
core   0: 0x800024de (0x020b2fb3) mulhsu  t6, s6, zero
core   0: 3 0x800024de (0x020b2fb3) x31 0x00000000
core   0: 0x800024e2 (0x01ca17b3) sll     a5, s4, t3
core   0: 3 0x800024e2 (0x01ca17b3) x15 0x00000001
core   0: 0x800024e6 (0x000048fd) c.li    a7, 31
core   0: 3 0x800024e6 (0x48fd) x17 0x0000001f
core   0: 0x800024e8 (0x00006165) c.addi16sp sp, 112
core   0: 3 0x800024e8 (0x6165) x 2 0xfc000070
core   0: 0x800024ea (0x00006b89) c.lui   s7, 0x2
core   0: 3 0x800024ea (0x6b89) x23 0x00002000
core   0: 0x800024ec (0x00009b22) c.add   s6, s0
core   0: 3 0x800024ec (0x9b22) x22 0xfc000340
core   0: 0x800024ee (0x0000717d) c.addi16sp sp, -16
core   0: 3 0x800024ee (0x717d) x 2 0xfc000060
core   0: 0x800024f0 (0x00b39933) sll     s2, t2, a1
core   0: 3 0x800024f0 (0x00b39933) x18 0x80012ce4
core   0: 0x800024f4 (0x00d80733) add     a4, a6, a3
core   0: 3 0x800024f4 (0x00d80733) x14 0xfc000180
core   0: 0x800024f8 (0x0167f333) and     t1, a5, s6
core   0: 3 0x800024f8 (0x0167f333) x 6 0x00000000
core   0: 0x800024fc (0x016a4ab3) xor     s5, s4, s6
core   0: 3 0x800024fc (0x016a4ab3) x21 0xfc000341
core   0: 0x80002500 (0x01727eb3) and     t4, tp, s7
core   0: 3 0x80002500 (0x01727eb3) x29 0x00002000
core   0: 0x80002504 (0x58338c97) auipc   s9, 0x58338
core   0: 3 0x80002504 (0x58338c97) x25 0xd833a504
core   0: 0x80002508 (0x00818cb3) add     s9, gp, s0
core   0: 3 0x80002508 (0x00818cb3) x25 0xd6c2e340
core   0: 0x8000250c (0x76b80697) auipc   a3, 0x76b80
core   0: 3 0x8000250c (0x76b80697) x13 0xf6b8250c
core   0: 0x80002510 (0x00008d3d) c.xor   a0, a5
core   0: 3 0x80002510 (0x8d3d) x10 0x00000001
core   0: 0x80002512 (0x00ae51b3) srl     gp, t3, a0
core   0: 3 0x80002512 (0x00ae51b3) x 3 0x00000000
core   0: 0x80002516 (0x0123a6b3) slt     a3, t2, s2
core   0: 3 0x80002516 (0x0123a6b3) x13 0x00000000
core   0: 0x8000251a (0x03832d33) mulhsu  s10, t1, s8
core   0: 3 0x8000251a (0x03832d33) x26 0x00000000
core   0: 0x8000251e (0xee208537) lui     a0, 0xee208
core   0: 3 0x8000251e (0xee208537) x10 0xee208000
core   0: 0x80002522 (0x01b547b3) xor     a5, a0, s11
core   0: 3 0x80002522 (0x01b547b3) x15 0xee208000
core   0: 0x80002526 (0x00006ddd) c.lui   s11, 0x17
core   0: 3 0x80002526 (0x6ddd) x27 0x00017000
core   0: 0x80002528 (0x00006129) c.addi16sp sp, 192
core   0: 3 0x80002528 (0x6129) x 2 0xfc000120
core   0: 0x8000252a (0x03e415b3) mulh    a1, s0, t5
core   0: 3 0x8000252a (0x03e415b3) x11 0x00000000
core   0: 0x8000252e (0x01169cb3) sll     s9, a3, a7
core   0: 3 0x8000252e (0x01169cb3) x25 0x00000000
core   0: 0x80002532 (0x0259e7b3) rem     a5, s3, t0
core   0: 3 0x80002532 (0x0259e7b3) x15 0xc000ee65
core   0: 0x80002536 (0x03e22d33) mulhsu  s10, tp, t5
core   0: 3 0x80002536 (0x03e22d33) x26 0x00000000
core   0: 0x8000253a (0x41588bb3) sub     s7, a7, s5
core   0: 3 0x8000253a (0x41588bb3) x23 0x03fffcde
core   0: 0x8000253e (0x03a217b3) mulh    a5, tp, s10
core   0: 3 0x8000253e (0x03a217b3) x15 0x00000000
core   0: 0x80002542 (0x00008df5) c.and   a1, a3
core   0: 3 0x80002542 (0x8df5) x11 0x00000000
core   0: 0x80002544 (0x02c18b33) mul     s6, gp, a2
core   0: 3 0x80002544 (0x02c18b33) x22 0x00000000
core   0: 0x80002548 (0x02cd7cb3) remu    s9, s10, a2
core   0: 3 0x80002548 (0x02cd7cb3) x25 0x00000000
core   0: 0x8000254c (0x037d3433) mulhu   s0, s10, s7
core   0: 3 0x8000254c (0x037d3433) x 8 0x00000000
core   0: 0x80002550 (0x40f3df13) srai    t5, t2, 15
core   0: 3 0x80002550 (0x40f3df13) x30 0xffff0002
core   0: 0x80002554 (0x00000001) c.nop
core   0: 3 0x80002554 (0x0001)
core   0: 0x80002556 (0x00008d7d) c.and   a0, a5
core   0: 3 0x80002556 (0x8d7d) x10 0x00000000
core   0: 0x80002558 (0xd5827813) andi    a6, tp, -680
core   0: 3 0x80002558 (0xd5827813) x16 0xfffffd58
core   0: 0x8000255c (0x0000025a) c.slli  tp, 22
core   0: 3 0x8000255c (0x025a) x 4 0xffc00000
core   0: 0x8000255e (0x01dac1b3) xor     gp, s5, t4
core   0: 3 0x8000255e (0x01dac1b3) x 3 0xfc002341
core   0: 0x80002562 (0x000087cd) c.srai  a5, 19
core   0: 3 0x80002562 (0x87cd) x15 0x00000000
core   0: 0x80002564 (0x00008c6e) c.mv    s8, s11
core   0: 3 0x80002564 (0x8c6e) x24 0x00017000
core   0: 0x80002566 (0x00001688) c.addi4spn a0, sp, 864
core   0: 3 0x80002566 (0x1688) x10 0xfc000480
core   0: 0x80002568 (0x02aae433) rem     s0, s5, a0
core   0: 3 0x80002568 (0x02aae433) x 8 0xfffffec1
core   0: 0x8000256c (0x3788f693) andi    a3, a7, 888
core   0: 3 0x8000256c (0x3788f693) x13 0x00000018
core   0: 0x80002570 (0x01a6d813) srli    a6, a3, 26
core   0: 3 0x80002570 (0x01a6d813) x16 0x00000000
core   0: 0x80002574 (0x01ee0733) add     a4, t3, t5
core   0: 3 0x80002574 (0x01ee0733) x14 0xffff0002
core   0: 0x80002578 (0x000041fd) c.li    gp, 31
core   0: 3 0x80002578 (0x41fd) x 3 0x0000001f
core   0: 0x8000257a (0x40a8d933) sra     s2, a7, a0
core   0: 3 0x8000257a (0x40a8d933) x18 0x0000001f
core   0: 0x8000257e (0x03a108b3) mul     a7, sp, s10
core   0: 3 0x8000257e (0x03a108b3) x17 0x00000000
core   0: 0x80002582 (0x7c0ea893) slti    a7, t4, 1984
core   0: 3 0x80002582 (0x7c0ea893) x17 0x00000000
core   0: 0x80002586 (0x01c5b333) sltu    t1, a1, t3
core   0: 3 0x80002586 (0x01c5b333) x 6 0x00000000
core   0: 0x8000258a (0x00008f95) c.sub   a5, a3
core   0: 3 0x8000258a (0x8f95) x15 0xffffffe8
core   0: 0x8000258c (0x0000882d) c.andi  s0, 11
core   0: 3 0x8000258c (0x882d) x 8 0x00000001
core   0: 0x8000258e (0xc8d1b793) sltiu   a5, gp, -883
core   0: 3 0x8000258e (0xc8d1b793) x15 0x00000001
core   0: 0x80002592 (0x00000001) c.nop
core   0: 3 0x80002592 (0x0001)
core   0: 0x80002594 (0x01dc1eb3) sll     t4, s8, t4
core   0: 3 0x80002594 (0x01dc1eb3) x29 0x00017000
core   0: 0x80002598 (0xfef1fcb7) lui     s9, 0xfef1f
core   0: 3 0x80002598 (0xfef1fcb7) x25 0xfef1f000
core   0: 0x8000259c (0x41740a33) sub     s4, s0, s7
core   0: 3 0x8000259c (0x41740a33) x20 0xfc000323
core   0: 0x800025a0 (0x01241293) slli    t0, s0, 18
core   0: 3 0x800025a0 (0x01241293) x 5 0x00040000
core   0: 0x800025a4 (0x0000818d) c.srli  a1, 3
core   0: 3 0x800025a4 (0x818d) x11 0x00000000
core   0: 0x800025a6 (0x00a9be33) sltu    t3, s3, a0
core   0: 3 0x800025a6 (0x00a9be33) x28 0x00000001
core   0: 0x800025aa (0x00020d33) add     s10, tp, zero
core   0: 3 0x800025aa (0x00020d33) x26 0xffc00000
core   0: 0x800025ae (0x3c028293) addi    t0, t0, 960
core   0: 3 0x800025ae (0x3c028293) x 5 0x000403c0
core   0: 0x800025b2 (0x00f740b3) xor     ra, a4, a5
core   0: 3 0x800025b2 (0x00f740b3) x 1 0xffff0003
core   0: 0x800025b6 (0xf9c6ee93) ori     t4, a3, -100
core   0: 3 0x800025b6 (0xf9c6ee93) x29 0xffffff9c
core   0: 0x800025ba (0xd555f2b7) lui     t0, 0xd555f
core   0: 3 0x800025ba (0xd555f2b7) x 5 0xd555f000
core   0: 0x800025be (0x0000717d) c.addi16sp sp, -16
core   0: 3 0x800025be (0x717d) x 2 0xfc000110
core   0: 0x800025c0 (0x0000197d) c.addi  s2, -1
core   0: 3 0x800025c0 (0x197d) x18 0x0000001e
core   0: 0x800025c2 (0x00000284) c.addi4spn s1, sp, 320
core   0: 3 0x800025c2 (0x0284) x 9 0xfc000250
core   0: 0x800025c4 (0x03900433) mul     s0, zero, s9
core   0: 3 0x800025c4 (0x03900433) x 8 0x00000000
core   0: 0x800025c8 (0x0000803d) c.srli  s0, 15
core   0: 3 0x800025c8 (0x803d) x 8 0x00000000
core   0: 0x800025ca (0x0000829e) c.mv    t0, t2
core   0: 3 0x800025ca (0x829e) x 5 0x80012ce4
core   0: 0x800025cc (0x22bb45b7) lui     a1, 0x22bb4
core   0: 3 0x800025cc (0x22bb45b7) x11 0x22bb4000
core   0: 0x800025d0 (0x00427333) and     t1, tp, tp
core   0: 3 0x800025d0 (0x00427333) x 6 0xffc00000
core   0: 0x800025d4 (0x00009ae2) c.add   s5, s8
core   0: 3 0x800025d4 (0x9ae2) x21 0xfc017341
core   0: 0x800025d6 (0x00ade333) or      t1, s11, a0
core   0: 3 0x800025d6 (0x00ade333) x 6 0xfc017480
core   0: 0x800025da (0x001e5d33) srl     s10, t3, ra
core   0: 3 0x800025da (0x001e5d33) x26 0x00000000
core   0: 0x800025de (0x017367b3) or      a5, t1, s7
core   0: 3 0x800025de (0x017367b3) x15 0xfffffcde
core   0: 0x800025e2 (0x00000001) c.nop
core   0: 3 0x800025e2 (0x0001)
core   0: 0x800025e4 (0x099ebcb7) lui     s9, 0x99eb
core   0: 3 0x800025e4 (0x099ebcb7) x25 0x099eb000
core   0: 0x800025e8 (0xbd73bdb7) lui     s11, 0xbd73b
core   0: 3 0x800025e8 (0xbd73bdb7) x27 0xbd73b000
core   0: 0x800025ec (0xc30d8d93) addi    s11, s11, -976
core   0: 3 0x800025ec (0xc30d8d93) x27 0xbd73ac30
core   0: 0x800025f0 (0xfff00d13) li      s10, -1
core   0: 3 0x800025f0 (0xfff00d13) x26 0xffffffff
core   0: 0x800025f4 (0x00004a01) c.li    s4, 0
core   0: 3 0x800025f4 (0x4a01) x20 0x00000000
core   0: 0x800025f6 (0x00004501) c.li    a0, 0
core   0: 3 0x800025f6 (0x4501) x10 0x00000000
core   0: 0x800025f8 (0xfff00a93) li      s5, -1
core   0: 3 0x800025f8 (0xfff00a93) x21 0xffffffff
core   0: 0x800025fc (0x80000e37) lui     t3, 0x80000
core   0: 3 0x800025fc (0x80000e37) x28 0x80000000
core   0: 0x80002600 (0x00004b01) c.li    s6, 0
core   0: 3 0x80002600 (0x4b01) x22 0x00000000
core   0: 0x80002602 (0x1e8b4eb7) lui     t4, 0x1e8b4
core   0: 3 0x80002602 (0x1e8b4eb7) x29 0x1e8b4000
core   0: 0x80002606 (0xbdfe8e93) addi    t4, t4, -1057
core   0: 3 0x80002606 (0xbdfe8e93) x29 0x1e8b3bdf
core   0: 0x8000260a (0x80000737) lui     a4, 0x80000
core   0: 3 0x8000260a (0x80000737) x14 0x80000000
core   0: 0x8000260e (0xfff00893) li      a7, -1
core   0: 3 0x8000260e (0xfff00893) x17 0xffffffff
core   0: 0x80002612 (0x03cea733) mulhsu  a4, t4, t3
core   0: 3 0x80002612 (0x03cea733) x14 0x0f459def
core   0: 0x80002616 (0x031e2b33) mulhsu  s6, t3, a7
core   0: 3 0x80002616 (0x031e2b33) x22 0x80000000
core   0: 0x8000261a (0x036b08b3) mul     a7, s6, s6
core   0: 3 0x8000261a (0x036b08b3) x17 0x00000000
core   0: 0x8000261e (0x00000001) c.nop
core   0: 3 0x8000261e (0x0001)
core   0: 0x80002620 (0x00000001) c.nop
core   0: 3 0x80002620 (0x0001)
core   0: 0x80002622 (0x00000001) c.nop
core   0: 3 0x80002622 (0x0001)
core   0: 0x80002624 (0x02aad8b3) divu    a7, s5, a0
core   0: 3 0x80002624 (0x02aad8b3) x17 0xffffffff
core   0: 0x80002628 (0x031ddd33) divu    s10, s11, a7
core   0: 3 0x80002628 (0x031ddd33) x26 0x00000000
core   0: 0x8000262c (0x035b1e33) mulh    t3, s6, s5
core   0: 3 0x8000262c (0x035b1e33) x28 0x00000000
core   0: 0x80002630 (0xf58f9d97) auipc   s11, 0xf58f9
core   0: 3 0x80002630 (0xf58f9d97) x27 0x758fb630
core   0: 0x80002634 (0xdf0b0893) addi    a7, s6, -528
core   0: 3 0x80002634 (0xdf0b0893) x17 0x7ffffdf0
core   0: 0x80002638 (0x00000001) c.nop
core   0: 3 0x80002638 (0x0001)
core   0: 0x8000263a (0x035e18b3) mulh    a7, t3, s5
core   0: 3 0x8000263a (0x035e18b3) x17 0x00000000
core   0: 0x8000263e (0x03488b33) mul     s6, a7, s4
core   0: 3 0x8000263e (0x03488b33) x22 0x00000000
core   0: 0x80002642 (0x03ad0733) mul     a4, s10, s10
core   0: 3 0x80002642 (0x03ad0733) x14 0x00000000
core   0: 0x80002646 (0xaec50a13) addi    s4, a0, -1300
core   0: 3 0x80002646 (0xaec50a13) x20 0xfffffaec
core   0: 0x8000264a (0x035b7a33) remu    s4, s6, s5
core   0: 3 0x8000264a (0x035b7a33) x20 0x00000000
core   0: 0x8000264e (0x007e55b3) srl     a1, t3, t2
core   0: 3 0x8000264e (0x007e55b3) x11 0x00000000
core   0: 0x80002652 (0x01ceeb33) or      s6, t4, t3
core   0: 3 0x80002652 (0x01ceeb33) x22 0x1e8b3bdf
core   0: 0x80002656 (0x00c85493) srli    s1, a6, 12
core   0: 3 0x80002656 (0x00c85493) x 9 0x00000000
core   0: 0x8000265a (0x00008542) c.mv    a0, a6
core   0: 3 0x8000265a (0x8542) x10 0x00000000
core   0: 0x8000265c (0x4095d433) sra     s0, a1, s1
core   0: 3 0x8000265c (0x4095d433) x 8 0x00000000
core   0: 0x80002660 (0x21472b93) slti    s7, a4, 532
core   0: 3 0x80002660 (0x21472b93) x23 0x00000001
core   0: 0x80002664 (0x031c21b3) mulhsu  gp, s8, a7
core   0: 3 0x80002664 (0x031c21b3) x 3 0x00000000
core   0: 0x80002668 (0x01a69913) slli    s2, a3, 26
core   0: 3 0x80002668 (0x01a69913) x18 0x60000000
core   0: 0x8000266c (0x41305c33) sra     s8, zero, s3
core   0: 3 0x8000266c (0x41305c33) x24 0x00000000
core   0: 0x80002670 (0xc70ffe13) andi    t3, t6, -912
core   0: 3 0x80002670 (0xc70ffe13) x28 0x00000000
core   0: 0x80002674 (0x00b6d093) srli    ra, a3, 11
core   0: 3 0x80002674 (0x00b6d093) x 1 0x00000000
core   0: 0x80002678 (0x00008561) c.srai  a0, 24
core   0: 3 0x80002678 (0x8561) x10 0x00000000
core   0: 0x8000267a (0x0152bcb3) sltu    s9, t0, s5
core   0: 3 0x8000267a (0x0152bcb3) x25 0x00000001
core   0: 0x8000267e (0x0045c533) xor     a0, a1, tp
core   0: 3 0x8000267e (0x0045c533) x10 0xffc00000
core   0: 0x80002682 (0x173e8013) addi    zero, t4, 371
core   0: 3 0x80002682 (0x173e8013)
core   0: 0x80002686 (0x00000194) c.addi4spn a3, sp, 192
core   0: 3 0x80002686 (0x0194) x13 0xfc0001d0
core   0: 0x80002688 (0x0399a733) mulhsu  a4, s3, s9
core   0: 3 0x80002688 (0x0399a733) x14 0xffffffff
core   0: 0x8000268c (0x531a4893) xori    a7, s4, 1329
core   0: 3 0x8000268c (0x531a4893) x17 0x00000531
core   0: 0x80002690 (0x022fd533) divu    a0, t6, sp
core   0: 3 0x80002690 (0x022fd533) x10 0x00000000
core   0: 0x80002694 (0x00000d22) c.slli  s10, 8
core   0: 3 0x80002694 (0x0d22) x26 0x00000000
core   0: 0x80002696 (0x00008da5) c.xor   a1, s1
core   0: 3 0x80002696 (0x8da5) x11 0x00000000
core   0: 0x80002698 (0x02cf21b3) mulhsu  gp, t5, a2
core   0: 3 0x80002698 (0x02cf21b3) x 3 0x00000000
core   0: 0x8000269c (0x00000484) c.addi4spn s1, sp, 576
core   0: 3 0x8000269c (0x0484) x 9 0xfc000350
core   0: 0x8000269e (0x03c92733) mulhsu  a4, s2, t3
core   0: 3 0x8000269e (0x03c92733) x14 0x00000000
core   0: 0x800026a2 (0x00460c33) add     s8, a2, tp
core   0: 3 0x800026a2 (0x00460c33) x24 0xffc00000
core   0: 0x800026a6 (0x0000644d) c.lui   s0, 0x13
core   0: 3 0x800026a6 (0x644d) x 8 0x00013000
core   0: 0x800026a8 (0x40fcde13) srai    t3, s9, 15
core   0: 3 0x800026a8 (0x40fcde13) x28 0x00000000
core   0: 0x800026ac (0xa29b0813) addi    a6, s6, -1495
core   0: 3 0x800026ac (0xa29b0813) x16 0x1e8b3608
core   0: 0x800026b0 (0x00cf5813) srli    a6, t5, 12
core   0: 3 0x800026b0 (0x00cf5813) x16 0x000ffff0
core   0: 0x800026b4 (0x033790b3) mulh    ra, a5, s3
core   0: 3 0x800026b4 (0x033790b3) x 1 0x00000190
core   0: 0x800026b8 (0x00008dbd) c.xor   a1, a5
core   0: 3 0x800026b8 (0x8dbd) x11 0xfffffcde
core   0: 0x800026ba (0x00000001) c.nop
core   0: 3 0x800026ba (0x0001)
core   0: 0x800026bc (0x5abece13) xori    t3, t4, 1451
core   0: 3 0x800026bc (0x5abece13) x28 0x1e8b3e74
core   0: 0x800026c0 (0x03f981b3) mul     gp, s3, t6
core   0: 3 0x800026c0 (0x03f981b3) x 3 0x00000000
core   0: 0x800026c4 (0x03e12cb3) mulhsu  s9, sp, t5
core   0: 3 0x800026c4 (0x03e12cb3) x25 0xfc00050f
core   0: 0x800026c8 (0x034d9133) mulh    sp, s11, s4
core   0: 3 0x800026c8 (0x034d9133) x 2 0x00000000
core   0: 0x800026cc (0x0382de33) divu    t3, t0, s8
core   0: 3 0x800026cc (0x0382de33) x28 0x00000000
core   0: 0x800026d0 (0x00004741) c.li    a4, 16
core   0: 3 0x800026d0 (0x4741) x14 0x00000010
core   0: 0x800026d2 (0x00008fa9) c.xor   a5, a0
core   0: 3 0x800026d2 (0x8fa9) x15 0xfffffcde
core   0: 0x800026d4 (0x00008c11) c.sub   s0, a2
core   0: 3 0x800026d4 (0x8c11) x 8 0x00013000
core   0: 0x800026d6 (0x0000829e) c.mv    t0, t2
core   0: 3 0x800026d6 (0x829e) x 5 0x80012ce4
core   0: 0x800026d8 (0x00008c95) c.sub   s1, a3
core   0: 3 0x800026d8 (0x8c95) x 9 0x00000180
core   0: 0x800026da (0xac3dde37) lui     t3, 0xac3dd
core   0: 3 0x800026da (0xac3dde37) x28 0xac3dd000
core   0: 0x800026de (0x00000001) c.nop
core   0: 3 0x800026de (0x0001)
core   0: 0x800026e0 (0x01075513) srli    a0, a4, 16
core   0: 3 0x800026e0 (0x01075513) x10 0x00000000
core   0: 0x800026e4 (0x00008eed) c.and   a3, a1
core   0: 3 0x800026e4 (0x8eed) x13 0xfc0000d0
core   0: 0x800026e6 (0x8e77ba17) auipc   s4, 0x8e77b
core   0: 3 0x800026e6 (0x8e77ba17) x20 0x0e77d6e6
core   0: 0x800026ea (0x0069db33) srl     s6, s3, t1
core   0: 3 0x800026ea (0x0069db33) x22 0x8000ee64
core   0: 0x800026ee (0x03e80eb3) mul     t4, a6, t5
core   0: 3 0x800026ee (0x03e80eb3) x29 0x002fffe0
core   0: 0x800026f2 (0x03c2a933) mulhsu  s2, t0, t3
core   0: 3 0x800026f2 (0x03c2a933) x18 0xa9e1e271
core   0: 0x800026f6 (0x000081fd) c.srli  a1, 31
core   0: 3 0x800026f6 (0x81fd) x11 0x00000001
core   0: 0x800026f8 (0x00df77b3) and     a5, t5, a3
core   0: 3 0x800026f8 (0x00df77b3) x15 0xfc000000
core   0: 0x800026fc (0x00a6d293) srli    t0, a3, 10
core   0: 3 0x800026fc (0x00a6d293) x 5 0x003f0000
core   0: 0x80002700 (0x00000bb1) c.addi  s7, 12
core   0: 3 0x80002700 (0x0bb1) x23 0x0000000d
core   0: 0x80002702 (0x01685db3) srl     s11, a6, s6
core   0: 3 0x80002702 (0x01685db3) x27 0x0000ffff
core   0: 0x80002706 (0x01ede533) or      a0, s11, t5
core   0: 3 0x80002706 (0x01ede533) x10 0xffffffff
core   0: 0x8000270a (0x00000001) c.nop
core   0: 3 0x8000270a (0x0001)
core   0: 0x8000270c (0x0017b0b3) sltu    ra, a5, ra
core   0: 3 0x8000270c (0x0017b0b3) x 1 0x00000000
core   0: 0x80002710 (0x361e3213) sltiu   tp, t3, 865
core   0: 3 0x80002710 (0x361e3213) x 4 0x00000000
core   0: 0x80002714 (0x007480b3) add     ra, s1, t2
core   0: 3 0x80002714 (0x007480b3) x 1 0x80012e64
core   0: 0x80002718 (0x00008309) c.srli  a4, 2
core   0: 3 0x80002718 (0x8309) x14 0x00000004
core   0: 0x8000271a (0x01e3ba33) sltu    s4, t2, t5
core   0: 3 0x8000271a (0x01e3ba33) x20 0x00000001
core   0: 0x8000271e (0x000084f9) c.srai  s1, 30
core   0: 3 0x8000271e (0x84f9) x 9 0x00000000
core   0: 0x80002720 (0x000087ed) c.srai  a5, 27
core   0: 3 0x80002720 (0x87ed) x15 0xffffffff
core   0: 0x80002722 (0x03419333) mulh    t1, gp, s4
core   0: 3 0x80002722 (0x03419333) x 6 0x00000000
core   0: 0x80002726 (0x00dabbb3) sltu    s7, s5, a3
core   0: 3 0x80002726 (0x00dabbb3) x23 0x00000000
core   0: 0x8000272a (0x005c1833) sll     a6, s8, t0
core   0: 3 0x8000272a (0x005c1833) x16 0xffc00000
core   0: 0x8000272e (0x00000276) c.slli  tp, 29
core   0: 3 0x8000272e (0x0276) x 4 0x00000000
core   0: 0x80002730 (0x00008d61) c.and   a0, s0
core   0: 3 0x80002730 (0x8d61) x10 0x00013000
core   0: 0x80002732 (0x67fc4793) xori    a5, s8, 1663
core   0: 3 0x80002732 (0x67fc4793) x15 0xffc0067f
core   0: 0x80002736 (0xb217fe13) andi    t3, a5, -1247
core   0: 3 0x80002736 (0xb217fe13) x28 0xffc00221
core   0: 0x8000273a (0x008c71b3) and     gp, s8, s0
core   0: 3 0x8000273a (0x008c71b3) x 3 0x00000000
core   0: 0x8000273e (0x006c5d33) srl     s10, s8, t1
core   0: 3 0x8000273e (0x006c5d33) x26 0xffc00000
core   0: 0x80002742 (0x01c27733) and     a4, tp, t3
core   0: 3 0x80002742 (0x01c27733) x14 0x00000000
core   0: 0x80002746 (0x00008ce5) c.and   s1, s1
core   0: 3 0x80002746 (0x8ce5) x 9 0x00000000
core   0: 0x80002748 (0x03dbaa33) mulhsu  s4, s7, t4
core   0: 3 0x80002748 (0x03dbaa33) x20 0x00000000
core   0: 0x8000274c (0x00006171) c.addi16sp sp, 336
core   0: 3 0x8000274c (0x6171) x 2 0x00000150
core   0: 0x8000274e (0x000061bd) c.lui   gp, 0xf
core   0: 3 0x8000274e (0x61bd) x 3 0x0000f000
core   0: 0x80002750 (0x017eab93) slti    s7, t4, 23
core   0: 3 0x80002750 (0x017eab93) x23 0x00000000
core   0: 0x80002754 (0x00008f29) c.xor   a4, a0
core   0: 3 0x80002754 (0x8f29) x14 0x00013000
core   0: 0x80002756 (0x00006965) c.lui   s2, 0x19
core   0: 3 0x80002756 (0x6965) x18 0x00019000
core   0: 0x80002758 (0x016bcf33) xor     t5, s7, s6
core   0: 3 0x80002758 (0x016bcf33) x30 0x8000ee64
core   0: 0x8000275c (0x00452bb3) slt     s7, a0, tp
core   0: 3 0x8000275c (0x00452bb3) x23 0x00000000
core   0: 0x80002760 (0x5f02e593) ori     a1, t0, 1520
core   0: 3 0x80002760 (0x5f02e593) x11 0x003f05f0
core   0: 0x80002764 (0x030448b3) div     a7, s0, a6
core   0: 3 0x80002764 (0x030448b3) x17 0x00000000
core   0: 0x80002768 (0x00008d45) c.or    a0, s1
core   0: 3 0x80002768 (0x8d45) x10 0x00013000
core   0: 0x8000276a (0x036fbcb3) mulhu   s9, t6, s6
core   0: 3 0x8000276a (0x036fbcb3) x25 0x00000000
core   0: 0x8000276e (0x00008cad) c.xor   s1, a1
core   0: 3 0x8000276e (0x8cad) x 9 0x003f05f0
core   0: 0x80002770 (0x4e746b93) ori     s7, s0, 1255
core   0: 3 0x80002770 (0x4e746b93) x23 0x000134e7
core   0: 0x80002774 (0x34db3fb7) lui     t6, 0x34db3
core   0: 3 0x80002774 (0x34db3fb7) x31 0x34db3000
core   0: 0x80002778 (0x0000927e) c.add   tp, t6
core   0: 3 0x80002778 (0x927e) x 4 0x34db3000
core   0: 0x8000277a (0x7726ff13) andi    t5, a3, 1906
core   0: 3 0x8000277a (0x7726ff13) x30 0x00000050
core   0: 0x8000277e (0x00000c1c) c.addi4spn a5, sp, 528
core   0: 3 0x8000277e (0x0c1c) x15 0x00000360
core   0: 0x80002780 (0x00319eb3) sll     t4, gp, gp
core   0: 3 0x80002780 (0x00319eb3) x29 0x0000f000
core   0: 0x80002784 (0x00001594) c.addi4spn a3, sp, 736
core   0: 3 0x80002784 (0x1594) x13 0x00000430
core   0: 0x80002786 (0x41d20033) sub     zero, tp, t4
core   0: 3 0x80002786 (0x41d20033)
core   0: 0x8000278a (0x03730cb3) mul     s9, t1, s7
core   0: 3 0x8000278a (0x03730cb3) x25 0x00000000
core   0: 0x8000278e (0x00008d31) c.xor   a0, a2
core   0: 3 0x8000278e (0x8d31) x10 0x00013000
core   0: 0x80002790 (0x64d98c93) addi    s9, s3, 1613
core   0: 3 0x80002790 (0x64d98c93) x25 0x8000f4b1
core   0: 0x80002794 (0x016aeb33) or      s6, s5, s6
core   0: 3 0x80002794 (0x016aeb33) x22 0xffffffff
core   0: 0x80002798 (0x00984e33) xor     t3, a6, s1
core   0: 3 0x80002798 (0x00984e33) x28 0xffff05f0
core   0: 0x8000279c (0xbf170b13) addi    s6, a4, -1039
core   0: 3 0x8000279c (0xbf170b13) x22 0x00012bf1
core   0: 0x800027a0 (0x015c5793) srli    a5, s8, 21
core   0: 3 0x800027a0 (0x015c5793) x15 0x000007fe
core   0: 0x800027a4 (0x401ed693) srai    a3, t4, 1
core   0: 3 0x800027a4 (0x401ed693) x13 0x00007800
core   0: 0x800027a8 (0x0000991e) c.add   s2, t2
core   0: 3 0x800027a8 (0x991e) x18 0x8002bce4
core   0: 0x800027aa (0x03f1a733) mulhsu  a4, gp, t6
core   0: 3 0x800027aa (0x03f1a733) x14 0x0000318d
core   0: 0x800027ae (0x01609933) sll     s2, ra, s6
core   0: 3 0x800027ae (0x01609933) x18 0x5cc80000
core   0: 0x800027b2 (0x3581a813) slti    a6, gp, 856
core   0: 3 0x800027b2 (0x3581a813) x16 0x00000000
core   0: 0x800027b6 (0x00c061b3) or      gp, zero, a2
core   0: 3 0x800027b6 (0x00c061b3) x 3 0x00000000
core   0: 0x800027ba (0x016d86b3) add     a3, s11, s6
core   0: 3 0x800027ba (0x016d86b3) x13 0x00022bf0
core   0: 0x800027be (0x01ecbfb3) sltu    t6, s9, t5
core   0: 3 0x800027be (0x01ecbfb3) x31 0x00000000
core   0: 0x800027c2 (0x01020133) add     sp, tp, a6
core   0: 3 0x800027c2 (0x01020133) x 2 0x34db3000
core   0: 0x800027c6 (0x000087cd) c.srai  a5, 19
core   0: 3 0x800027c6 (0x87cd) x15 0x00000000
core   0: 0x800027c8 (0x4098d193) srai    gp, a7, 9
core   0: 3 0x800027c8 (0x4098d193) x 3 0x00000000
core   0: 0x800027cc (0x03aa37b3) mulhu   a5, s4, s10
core   0: 3 0x800027cc (0x03aa37b3) x15 0x00000000
core   0: 0x800027d0 (0x030f7133) remu    sp, t5, a6
core   0: 3 0x800027d0 (0x030f7133) x 2 0x00000050
core   0: 0x800027d4 (0x82ccfa13) andi    s4, s9, -2004
core   0: 3 0x800027d4 (0x82ccfa13) x20 0x8000f020
core   0: 0x800027d8 (0x02b07ab3) remu    s5, zero, a1
core   0: 3 0x800027d8 (0x02b07ab3) x21 0x00000000
core   0: 0x800027dc (0x02d38b33) mul     s6, t2, a3
core   0: 3 0x800027dc (0x02d38b33) x22 0x8d6c61c0
core   0: 0x800027e0 (0x0176d493) srli    s1, a3, 23
core   0: 3 0x800027e0 (0x0176d493) x 9 0x00000000
core   0: 0x800027e4 (0x00000d26) c.slli  s10, 9
core   0: 3 0x800027e4 (0x0d26) x26 0x80000000
core   0: 0x800027e6 (0x00000001) c.nop
core   0: 3 0x800027e6 (0x0001)
core   0: 0x800027e8 (0x00000e04) c.addi4spn s1, sp, 784
core   0: 3 0x800027e8 (0x0e04) x 9 0x00000360
core   0: 0x800027ea (0x035c4cb3) div     s9, s8, s5
core   0: 3 0x800027ea (0x035c4cb3) x25 0xffffffff
core   0: 0x800027ee (0x00008c65) c.and   s0, s1
core   0: 3 0x800027ee (0x8c65) x 8 0x00000000
core   0: 0x800027f0 (0x0331fa33) remu    s4, gp, s3
core   0: 3 0x800027f0 (0x0331fa33) x20 0x00000000
core   0: 0x800027f4 (0x7ba3ee13) ori     t3, t2, 1978
core   0: 3 0x800027f4 (0x7ba3ee13) x28 0x80012ffe
core   0: 0x800027f8 (0x005ff5b3) and     a1, t6, t0
core   0: 3 0x800027f8 (0x005ff5b3) x11 0x00000000
core   0: 0x800027fc (0x003f7bb3) and     s7, t5, gp
core   0: 3 0x800027fc (0x003f7bb3) x23 0x00000000
core   0: 0x80002800 (0x4c17e713) ori     a4, a5, 1217
core   0: 3 0x80002800 (0x4c17e713) x14 0x000004c1
core   0: 0x80002804 (0x000080b5) c.srli  s1, 13
core   0: 3 0x80002804 (0x80b5) x 9 0x00000000
core   0: 0x80002806 (0x000086ad) c.srai  a3, 11
core   0: 3 0x80002806 (0x86ad) x13 0x00000045
core   0: 0x80002808 (0x00008f19) c.sub   a4, a4
core   0: 3 0x80002808 (0x8f19) x14 0x00000000
core   0: 0x8000280a (0x00008cf1) c.and   s1, a2
core   0: 3 0x8000280a (0x8cf1) x 9 0x00000000
core   0: 0x8000280c (0x017e5593) srli    a1, t3, 23
core   0: 3 0x8000280c (0x017e5593) x11 0x00000100
core   0: 0x80002810 (0x02ee31b3) mulhu   gp, t3, a4
core   0: 3 0x80002810 (0x02ee31b3) x 3 0x00000000
core   0: 0x80002814 (0x026edd33) divu    s10, t4, t1
core   0: 3 0x80002814 (0x026edd33) x26 0xffffffff
core   0: 0x80002818 (0x00008f11) c.sub   a4, a2
core   0: 3 0x80002818 (0x8f11) x14 0x00000000
core   0: 0x8000281a (0x009a8533) add     a0, s5, s1
core   0: 3 0x8000281a (0x009a8533) x10 0x00000000
core   0: 0x8000281e (0x00000001) c.nop
core   0: 3 0x8000281e (0x0001)
core   0: 0x80002820 (0x00008c99) c.sub   s1, a4
core   0: 3 0x80002820 (0x8c99) x 9 0x00000000
core   0: 0x80002822 (0x000097de) c.add   a5, s7
core   0: 3 0x80002822 (0x97de) x15 0x00000000
core   0: 0x80002824 (0x00008d55) c.or    a0, a3
core   0: 3 0x80002824 (0x8d55) x10 0x00000045
core   0: 0x80002826 (0x016867b3) or      a5, a6, s6
core   0: 3 0x80002826 (0x016867b3) x15 0x8d6c61c0
core   0: 0x8000282a (0x30283b93) sltiu   s7, a6, 770
core   0: 3 0x8000282a (0x30283b93) x23 0x00000001
core   0: 0x8000282e (0x0008d333) srl     t1, a7, zero
core   0: 3 0x8000282e (0x0008d333) x 6 0x00000000
core   0: 0x80002832 (0x9fd7ae93) slti    t4, a5, -1539
core   0: 3 0x80002832 (0x9fd7ae93) x29 0x00000001
core   0: 0x80002836 (0x01c5b6b3) sltu    a3, a1, t3
core   0: 3 0x80002836 (0x01c5b6b3) x13 0x00000001
core   0: 0x8000283a (0x00008d69) c.and   a0, a0
core   0: 3 0x8000283a (0x8d69) x10 0x00000045
core   0: 0x8000283c (0x00000001) c.nop
core   0: 3 0x8000283c (0x0001)
core   0: 0x8000283e (0x000086b1) c.srai  a3, 12
core   0: 3 0x8000283e (0x86b1) x13 0x00000000
core   0: 0x80002840 (0x0333cf33) div     t5, t2, s3
core   0: 3 0x80002840 (0x0333cf33) x30 0x00000000
core   0: 0x80002844 (0x02950fb3) mul     t6, a0, s1
core   0: 3 0x80002844 (0x02950fb3) x31 0x00000000
core   0: 0x80002848 (0x01543e33) sltu    t3, s0, s5
core   0: 3 0x80002848 (0x01543e33) x28 0x00000000
core   0: 0x8000284c (0x00008a81) c.andi  a3, 0
core   0: 3 0x8000284c (0x8a81) x13 0x00000000
core   0: 0x8000284e (0x015061b3) or      gp, zero, s5
core   0: 3 0x8000284e (0x015061b3) x 3 0x00000000
core   0: 0x80002852 (0x00008d75) c.and   a0, a3
core   0: 3 0x80002852 (0x8d75) x10 0x00000000
core   0: 0x80002854 (0x0243c433) div     s0, t2, tp
core   0: 3 0x80002854 (0x0243c433) x 8 0xfffffffe
core   0: 0x80002858 (0x0243f033) remu    zero, t2, tp
core   0: 3 0x80002858 (0x0243f033)
core   0: 0x8000285c (0x02255033) divu    zero, a0, sp
core   0: 3 0x8000285c (0x02255033)
core   0: 0x80002860 (0x002a9493) slli    s1, s5, 2
core   0: 3 0x80002860 (0x002a9493) x 9 0x00000000
core   0: 0x80002864 (0x41345893) srai    a7, s0, 19
core   0: 3 0x80002864 (0x41345893) x17 0xffffffff
core   0: 0x80002868 (0x00d21233) sll     tp, tp, a3
core   0: 3 0x80002868 (0x00d21233) x 4 0x34db3000
core   0: 0x8000286c (0x000057fd) c.li    a5, -1
core   0: 3 0x8000286c (0x57fd) x15 0xffffffff
core   0: 0x8000286e (0x54d0a237) lui     tp, 0x54d0a
core   0: 3 0x8000286e (0x54d0a237) x 4 0x54d0a000
core   0: 0x80002872 (0x03418433) mul     s0, gp, s4
core   0: 3 0x80002872 (0x03418433) x 8 0x00000000
core   0: 0x80002876 (0x03cbcbb3) div     s7, s7, t3
core   0: 3 0x80002876 (0x03cbcbb3) x23 0xffffffff
core   0: 0x8000287a (0x03fcd7b3) divu    a5, s9, t6
core   0: 3 0x8000287a (0x03fcd7b3) x15 0xffffffff
core   0: 0x8000287e (0x027516b3) mulh    a3, a0, t2
core   0: 3 0x8000287e (0x027516b3) x13 0x00000000
core   0: 0x80002882 (0x6552a813) slti    a6, t0, 1621
core   0: 3 0x80002882 (0x6552a813) x16 0x00000000
core   0: 0x80002886 (0x38c36813) ori     a6, t1, 908
core   0: 3 0x80002886 (0x38c36813) x16 0x0000038c
core   0: 0x8000288a (0x986fc493) xori    s1, t6, -1658
core   0: 3 0x8000288a (0x986fc493) x 9 0xfffff986
core   0: 0x8000288e (0x00000001) c.nop
core   0: 3 0x8000288e (0x0001)
core   0: 0x80002890 (0x40df5413) srai    s0, t5, 13
core   0: 3 0x80002890 (0x40df5413) x 8 0x00000000
core   0: 0x80002894 (0x1f19b113) sltiu   sp, s3, 497
core   0: 3 0x80002894 (0x1f19b113) x 2 0x00000000
core   0: 0x80002898 (0x9eda3e13) sltiu   t3, s4, -1555
core   0: 3 0x80002898 (0x9eda3e13) x28 0x00000001
core   0: 0x8000289c (0x063ebb93) sltiu   s7, t4, 99
core   0: 3 0x8000289c (0x063ebb93) x23 0x00000001
core   0: 0x800028a0 (0x03c74ab3) div     s5, a4, t3
core   0: 3 0x800028a0 (0x03c74ab3) x21 0x00000000
core   0: 0x800028a4 (0x8dc05a97) auipc   s5, 0x8dc05
core   0: 3 0x800028a4 (0x8dc05a97) x21 0x0dc078a4
core   0: 0x800028a8 (0x0359adb3) mulhsu  s11, s3, s5
core   0: 3 0x800028a8 (0x0359adb3) x27 0xf91fd07c
core   0: 0x800028ac (0x01285013) srli    zero, a6, 18
core   0: 3 0x800028ac (0x01285013)
core   0: 0x800028b0 (0xab6d0a93) addi    s5, s10, -1354
core   0: 3 0x800028b0 (0xab6d0a93) x21 0xfffffab5
core   0: 0x800028b4 (0x0259f333) remu    t1, s3, t0
core   0: 3 0x800028b4 (0x0259f333) x 6 0x0008ee64
core   0: 0x800028b8 (0x00006279) c.lui   tp, 0x1e
core   0: 3 0x800028b8 (0x6279) x 4 0x0001e000
core   0: 0x800028ba (0x4cdfae93) slti    t4, t6, 1229
core   0: 3 0x800028ba (0x4cdfae93) x29 0x00000001
core   0: 0x800028be (0xda21a593) slti    a1, gp, -606
core   0: 3 0x800028be (0xda21a593) x11 0x00000000
core   0: 0x800028c2 (0x53473413) sltiu   s0, a4, 1332
core   0: 3 0x800028c2 (0x53473413) x 8 0x00000001
core   0: 0x800028c6 (0x000084f9) c.srai  s1, 30
core   0: 3 0x800028c6 (0x84f9) x 9 0xffffffff
core   0: 0x800028c8 (0xc905f893) andi    a7, a1, -880
core   0: 3 0x800028c8 (0xc905f893) x17 0x00000000
core   0: 0x800028cc (0x00008d91) c.sub   a1, a2
core   0: 3 0x800028cc (0x8d91) x11 0x00000000
core   0: 0x800028ce (0x00da0433) add     s0, s4, a3
core   0: 3 0x800028ce (0x00da0433) x 8 0x00000000
core   0: 0x800028d2 (0x01a6be33) sltu    t3, a3, s10
core   0: 3 0x800028d2 (0x01a6be33) x28 0x00000001
core   0: 0x800028d6 (0x404dd4b3) sra     s1, s11, tp
core   0: 3 0x800028d6 (0x404dd4b3) x 9 0xf91fd07c
core   0: 0x800028da (0xb1812293) slti    t0, sp, -1256
core   0: 3 0x800028da (0xb1812293) x 5 0x00000000
core   0: 0x800028de (0x00001cfd) c.addi  s9, -1
core   0: 3 0x800028de (0x1cfd) x25 0xfffffffe
core   0: 0x800028e0 (0x00001f7d) c.addi  t5, -1
core   0: 3 0x800028e0 (0x1f7d) x30 0xffffffff
core   0: 0x800028e2 (0x00006155) c.addi16sp sp, 304
core   0: 3 0x800028e2 (0x6155) x 2 0x00000130
core   0: 0x800028e4 (0x00000126) c.slli  sp, 9
core   0: 3 0x800028e4 (0x0126) x 2 0x00026000
core   0: 0x800028e6 (0x00d80b33) add     s6, a6, a3
core   0: 3 0x800028e6 (0x00d80b33) x22 0x0000038c
core   0: 0x800028ea (0x00009ffa) c.add   t6, t5
core   0: 3 0x800028ea (0x9ffa) x31 0xffffffff
core   0: 0x800028ec (0x007a08b3) add     a7, s4, t2
core   0: 3 0x800028ec (0x007a08b3) x17 0x80012ce4
core   0: 0x800028f0 (0x57272d93) slti    s11, a4, 1394
core   0: 3 0x800028f0 (0x57272d93) x27 0x00000001
core   0: 0x800028f4 (0xb3f5fbb7) lui     s7, 0xb3f5f
core   0: 3 0x800028f4 (0xb3f5fbb7) x23 0xb3f5f000
core   0: 0x800028f8 (0x41545193) srai    gp, s0, 21
core   0: 3 0x800028f8 (0x41545193) x 3 0x00000000
core   0: 0x800028fc (0x026a3433) mulhu   s0, s4, t1
core   0: 3 0x800028fc (0x026a3433) x 8 0x00000000
core   0: 0x80002900 (0x01f9d193) srli    gp, s3, 31
core   0: 3 0x80002900 (0x01f9d193) x 3 0x00000001
core   0: 0x80002904 (0x03702ab3) mulhsu  s5, zero, s7
core   0: 3 0x80002904 (0x03702ab3) x21 0x00000000
core   0: 0x80002908 (0x035d0133) mul     sp, s10, s5
core   0: 3 0x80002908 (0x035d0133) x 2 0x00000000
core   0: 0x8000290c (0x40eed413) srai    s0, t4, 14
core   0: 3 0x8000290c (0x40eed413) x 8 0x00000000
core   0: 0x80002910 (0x5fad8413) addi    s0, s11, 1530
core   0: 3 0x80002910 (0x5fad8413) x 8 0x000005fb
core   0: 0x80002914 (0x41745193) srai    gp, s0, 23
core   0: 3 0x80002914 (0x41745193) x 3 0x00000000
core   0: 0x80002918 (0x0000858d) c.srai  a1, 3
core   0: 3 0x80002918 (0x858d) x11 0x00000000
core   0: 0x8000291a (0x00001c7d) c.addi  s8, -1
core   0: 3 0x8000291a (0x1c7d) x24 0xffbfffff
core   0: 0x8000291c (0x00055c33) srl     s8, a0, zero
core   0: 3 0x8000291c (0x00055c33) x24 0x00000000
core   0: 0x80002920 (0x40690833) sub     a6, s2, t1
core   0: 3 0x80002920 (0x40690833) x16 0x5cbf119c
core   0: 0x80002924 (0xad46ea13) ori     s4, a3, -1324
core   0: 3 0x80002924 (0xad46ea13) x20 0xfffffad4
core   0: 0x80002928 (0x00000b8e) c.slli  s7, 3
core   0: 3 0x80002928 (0x0b8e) x23 0x9faf8000
core   0: 0x8000292a (0x035bae33) mulhsu  t3, s7, s5
core   0: 3 0x8000292a (0x035bae33) x28 0x00000000
core   0: 0x8000292e (0x827c5f97) auipc   t6, 0x827c5
core   0: 3 0x8000292e (0x827c5f97) x31 0x027c792e
core   0: 0x80002932 (0x00009b1e) c.add   s6, t2
core   0: 3 0x80002932 (0x9b1e) x22 0x80013070
core   0: 0x80002934 (0x03b544b3) div     s1, a0, s11
core   0: 3 0x80002934 (0x03b544b3) x 9 0x00000000
core   0: 0x80002938 (0x419b5333) sra     t1, s6, s9
core   0: 3 0x80002938 (0x419b5333) x 6 0xfffffffe
core   0: 0x8000293c (0x03de6e33) rem     t3, t3, t4
core   0: 3 0x8000293c (0x03de6e33) x28 0x00000000
core   0: 0x80002940 (0x02490d33) mul     s10, s2, tp
core   0: 3 0x80002940 (0x02490d33) x26 0x00000000
core   0: 0x80002944 (0x41400d33) sub     s10, zero, s4
core   0: 3 0x80002944 (0x41400d33) x26 0x0000052c
core   0: 0x80002948 (0x000086d9) c.srai  a3, 22
core   0: 3 0x80002948 (0x86d9) x13 0x00000000
core   0: 0x8000294a (0x410fdf93) srai    t6, t6, 16
core   0: 3 0x8000294a (0x410fdf93) x31 0x0000027c
core   0: 0x8000294e (0x01c89113) slli    sp, a7, 28
core   0: 3 0x8000294e (0x01c89113) x 2 0x40000000
core   0: 0x80002952 (0x1fae2c93) slti    s9, t3, 506
core   0: 3 0x80002952 (0x1fae2c93) x25 0x00000001
core   0: 0x80002956 (0x795d2493) slti    s1, s10, 1941
core   0: 3 0x80002956 (0x795d2493) x 9 0x00000001
core   0: 0x8000295a (0x01a4ad33) slt     s10, s1, s10
core   0: 3 0x8000295a (0x01a4ad33) x26 0x00000001
core   0: 0x8000295e (0x00006ca1) c.lui   s9, 0x8
core   0: 3 0x8000295e (0x6ca1) x25 0x00008000
core   0: 0x80002960 (0x00008c6d) c.and   s0, a1
core   0: 3 0x80002960 (0x8c6d) x 8 0x00000000
core   0: 0x80002962 (0x03821733) mulh    a4, tp, s8
core   0: 3 0x80002962 (0x03821733) x14 0x00000000
core   0: 0x80002966 (0x412b51b3) sra     gp, s6, s2
core   0: 3 0x80002966 (0x412b51b3) x 3 0x80013070
core   0: 0x8000296a (0x00008009) c.srli  s0, 2
core   0: 3 0x8000296a (0x8009) x 8 0x00000000
core   0: 0x8000296c (0x0000997d) c.andi  a0, -1
core   0: 3 0x8000296c (0x997d) x10 0x00000000
core   0: 0x8000296e (0x00009366) c.add   t1, s9
core   0: 3 0x8000296e (0x9366) x 6 0x00007ffe
core   0: 0x80002970 (0xe5ea8a13) addi    s4, s5, -418
core   0: 3 0x80002970 (0xe5ea8a13) x20 0xfffffe5e
core   0: 0x80002974 (0x0000577d) c.li    a4, -1
core   0: 3 0x80002974 (0x577d) x14 0xffffffff
core   0: 0x80002976 (0x000007e2) c.slli  a5, 24
core   0: 3 0x80002976 (0x07e2) x15 0xff000000
core   0: 0x80002978 (0x03e36b33) rem     s6, t1, t5
core   0: 3 0x80002978 (0x03e36b33) x22 0x00000000
core   0: 0x8000297c (0x00228eb3) add     t4, t0, sp
core   0: 3 0x8000297c (0x00228eb3) x29 0x40000000
core   0: 0x80002980 (0x01401c33) sll     s8, zero, s4
core   0: 3 0x80002980 (0x01401c33) x24 0x00000000
core   0: 0x80002984 (0x009aabb3) slt     s7, s5, s1
core   0: 3 0x80002984 (0x009aabb3) x23 0x00000001
core   0: 0x80002988 (0x00004bed) c.li    s7, 27
core   0: 3 0x80002988 (0x4bed) x23 0x0000001b
core   0: 0x8000298a (0x00008df9) c.and   a1, a4
core   0: 3 0x8000298a (0x8df9) x11 0x00000000
core   0: 0x8000298c (0x0333ff33) remu    t5, t2, s3
core   0: 3 0x8000298c (0x0333ff33) x30 0x00003e80
core   0: 0x80002990 (0x00008ea5) c.xor   a3, s1
core   0: 3 0x80002990 (0x8ea5) x13 0x00000001
core   0: 0x80002992 (0x00001780) c.addi4spn s0, sp, 992
core   0: 3 0x80002992 (0x1780) x 8 0x400003e0
core   0: 0x80002994 (0x00008c05) c.sub   s0, s1
core   0: 3 0x80002994 (0x8c05) x 8 0x400003df
core   0: 0x80002996 (0x00000cf2) c.slli  s9, 28
core   0: 3 0x80002996 (0x0cf2) x25 0x00000000
core   0: 0x80002998 (0x00000001) c.nop
core   0: 3 0x80002998 (0x0001)
core   0: 0x8000299a (0x02d17533) remu    a0, sp, a3
core   0: 3 0x8000299a (0x02d17533) x10 0x00000000
core   0: 0x8000299e (0x03de08b3) mul     a7, t3, t4
core   0: 3 0x8000299e (0x03de08b3) x17 0x00000000
core   0: 0x800029a2 (0x00000001) c.nop
core   0: 3 0x800029a2 (0x0001)
core   0: 0x800029a4 (0x45014313) xori    t1, sp, 1104
core   0: 3 0x800029a4 (0x45014313) x 6 0x40000450
core   0: 0x800029a8 (0x296be4b7) lui     s1, 0x296be
core   0: 3 0x800029a8 (0x296be4b7) x 9 0x296be000
core   0: 0x800029ac (0x00000001) c.nop
core   0: 3 0x800029ac (0x0001)
core   0: 0x800029ae (0x4040df33) sra     t5, ra, tp
core   0: 3 0x800029ae (0x4040df33) x30 0x80012e64
core   0: 0x800029b2 (0x01eae5b3) or      a1, s5, t5
core   0: 3 0x800029b2 (0x01eae5b3) x11 0x80012e64
core   0: 0x800029b6 (0x00fa9213) slli    tp, s5, 15
core   0: 3 0x800029b6 (0x00fa9213) x 4 0x00000000
core   0: 0x800029ba (0x00880233) add     tp, a6, s0
core   0: 3 0x800029ba (0x00880233) x 4 0x9cbf157b
core   0: 0x800029be (0x00006229) c.lui   tp, 0xa
core   0: 3 0x800029be (0x6229) x 4 0x0000a000
core   0: 0x800029c0 (0x02457cb3) remu    s9, a0, tp
core   0: 3 0x800029c0 (0x02457cb3) x25 0x00000000
core   0: 0x800029c4 (0x2011e237) lui     tp, 0x2011e
core   0: 3 0x800029c4 (0x2011e237) x 4 0x2011e000
core   0: 0x800029c8 (0x02ede6b3) rem     a3, s11, a4
core   0: 3 0x800029c8 (0x02ede6b3) x13 0x00000000
core   0: 0x800029cc (0x02647cb3) remu    s9, s0, t1
core   0: 3 0x800029cc (0x02647cb3) x25 0x400003df
core   0: 0x800029d0 (0x00008ec1) c.or    a3, s0
core   0: 3 0x800029d0 (0x8ec1) x13 0x400003df
core   0: 0x800029d2 (0x038de5b3) rem     a1, s11, s8
core   0: 3 0x800029d2 (0x038de5b3) x11 0x00000001
core   0: 0x800029d6 (0x03f5ec33) rem     s8, a1, t6
core   0: 3 0x800029d6 (0x03f5ec33) x24 0x00000001
core   0: 0x800029da (0x01f38133) add     sp, t2, t6
core   0: 3 0x800029da (0x01f38133) x 2 0x80012f60
core   0: 0x800029de (0x3bb58193) addi    gp, a1, 955
core   0: 3 0x800029de (0x3bb58193) x 3 0x000003bc
core   0: 0x800029e2 (0x00008d8d) c.sub   a1, a1
core   0: 3 0x800029e2 (0x8d8d) x11 0x00000000
core   0: 0x800029e4 (0x00008c41) c.or    s0, s0
core   0: 3 0x800029e4 (0x8c41) x 8 0x400003df
core   0: 0x800029e6 (0x1b821b37) lui     s6, 0x1b821
core   0: 3 0x800029e6 (0x1b821b37) x22 0x1b821000
core   0: 0x800029ea (0xf7f28e13) addi    t3, t0, -129
core   0: 3 0x800029ea (0xf7f28e13) x28 0xffffff7f
core   0: 0x800029ee (0x00000001) c.nop
core   0: 3 0x800029ee (0x0001)
core   0: 0x800029f0 (0x00b45b13) srli    s6, s0, 11
core   0: 3 0x800029f0 (0x00b45b13) x22 0x00080000
core   0: 0x800029f4 (0x00008325) c.srli  a4, 9
core   0: 3 0x800029f4 (0x8325) x14 0x007fffff
core   0: 0x800029f6 (0x414152b3) sra     t0, sp, s4
core   0: 3 0x800029f6 (0x414152b3) x 5 0xfffffffe
core   0: 0x800029fa (0x0000611d) c.addi16sp sp, 416
core   0: 3 0x800029fa (0x611d) x 2 0x80013100
core   0: 0x800029fc (0x00000001) c.nop
core   0: 3 0x800029fc (0x0001)
core   0: 0x800029fe (0x027442b3) div     t0, s0, t2
core   0: 3 0x800029fe (0x027442b3) x 5 0x00000000
core   0: 0x80002a02 (0x019b1d93) slli    s11, s6, 25
core   0: 3 0x80002a02 (0x019b1d93) x27 0x00000000
core   0: 0x80002a06 (0x00008f9e) c.mv    t6, t2
core   0: 3 0x80002a06 (0x8f9e) x31 0x80012ce4
core   0: 0x80002a08 (0xc90b3013) sltiu   zero, s6, -880
core   0: 3 0x80002a08 (0xc90b3013)
core   0: 0x80002a0c (0xaad9af13) slti    t5, s3, -1363
core   0: 3 0x80002a0c (0xaad9af13) x30 0x00000001
core   0: 0x80002a10 (0x039af0b3) remu    ra, s5, s9
core   0: 3 0x80002a10 (0x039af0b3) x 1 0x00000000
core   0: 0x80002a14 (0x243106b7) lui     a3, 0x24310
core   0: 3 0x80002a14 (0x243106b7) x13 0x24310000
core   0: 0x80002a18 (0x4075d8b3) sra     a7, a1, t2
core   0: 3 0x80002a18 (0x4075d8b3) x17 0x00000000
core   0: 0x80002a1c (0x00000001) c.nop
core   0: 3 0x80002a1c (0x0001)
core   0: 0x80002a1e (0x00009b7d) c.andi  a4, -1
core   0: 3 0x80002a1e (0x9b7d) x14 0x007fffff
core   0: 0x80002a20 (0x009fe4b3) or      s1, t6, s1
core   0: 3 0x80002a20 (0x009fe4b3) x 9 0xa96bece4
core   0: 0x80002a24 (0x02df0ab3) mul     s5, t5, a3
core   0: 3 0x80002a24 (0x02df0ab3) x21 0x24310000
core   0: 0x80002a28 (0x41c5d793) srai    a5, a1, 28
core   0: 3 0x80002a28 (0x41c5d793) x15 0x00000000
core   0: 0x80002a2c (0xa211c213) xori    tp, gp, -1503
core   0: 3 0x80002a2c (0xa211c213) x 4 0xfffff99d
core   0: 0x80002a30 (0x0000717d) c.addi16sp sp, -16
core   0: 3 0x80002a30 (0x717d) x 2 0x800130f0
core   0: 0x80002a32 (0x00008ee5) c.and   a3, s1
core   0: 3 0x80002a32 (0x8ee5) x13 0x20210000
core   0: 0x80002a34 (0x03f16233) rem     tp, sp, t6
core   0: 3 0x80002a34 (0x03f16233) x 4 0x800130f0
core   0: 0x80002a38 (0x409a5233) sra     tp, s4, s1
core   0: 3 0x80002a38 (0x409a5233) x 4 0xffffffe5
core   0: 0x80002a3c (0x418b88b3) sub     a7, s7, s8
core   0: 3 0x80002a3c (0x418b88b3) x17 0x0000001a
core   0: 0x80002a40 (0x0197f833) and     a6, a5, s9
core   0: 3 0x80002a40 (0x0197f833) x16 0x00000000
core   0: 0x80002a44 (0xfdac5c97) auipc   s9, 0xfdac5
core   0: 3 0x80002a44 (0xfdac5c97) x25 0x7dac7a44
core   0: 0x80002a48 (0x4159d033) sra     zero, s3, s5
core   0: 3 0x80002a48 (0x4159d033)
core   0: 0x80002a4c (0x00008ded) c.and   a1, a1
core   0: 3 0x80002a4c (0x8ded) x11 0x00000000
core   0: 0x80002a4e (0x7f082f13) slti    t5, a6, 2032
core   0: 3 0x80002a4e (0x7f082f13) x30 0x00000001
core   0: 0x80002a52 (0x00008ee5) c.and   a3, s1
core   0: 3 0x80002a52 (0x8ee5) x13 0x20210000
core   0: 0x80002a54 (0x02d244b3) div     s1, tp, a3
core   0: 3 0x80002a54 (0x02d244b3) x 9 0x00000000
core   0: 0x80002a58 (0xe58e2313) slti    t1, t3, -424
core   0: 3 0x80002a58 (0xe58e2313) x 6 0x00000000
core   0: 0x80002a5c (0x86336493) ori     s1, t1, -1949
core   0: 3 0x80002a5c (0x86336493) x 9 0xfffff863
core   0: 0x80002a60 (0x028a6433) rem     s0, s4, s0
core   0: 3 0x80002a60 (0x028a6433) x 8 0xfffffe5e
core   0: 0x80002a64 (0x00009caa) c.add   s9, a0
core   0: 3 0x80002a64 (0x9caa) x25 0x7dac7a44
core   0: 0x80002a66 (0x011dde13) srli    t3, s11, 17
core   0: 3 0x80002a66 (0x011dde13) x28 0x00000000
core   0: 0x80002a6a (0x00008f89) c.sub   a5, a0
core   0: 3 0x80002a6a (0x8f89) x15 0x00000000
core   0: 0x80002a6c (0x00008fcd) c.or    a5, a1
core   0: 3 0x80002a6c (0x8fcd) x15 0x00000000
core   0: 0x80002a6e (0x0000717d) c.addi16sp sp, -16
core   0: 3 0x80002a6e (0x717d) x 2 0x800130e0
core   0: 0x80002a70 (0x00cfa733) slt     a4, t6, a2
core   0: 3 0x80002a70 (0x00cfa733) x14 0x00000001
core   0: 0x80002a74 (0x00c68533) add     a0, a3, a2
core   0: 3 0x80002a74 (0x00c68533) x10 0x20210000
core   0: 0x80002a78 (0x41b35b33) sra     s6, t1, s11
core   0: 3 0x80002a78 (0x41b35b33) x22 0x00000000
core   0: 0x80002a7c (0x001246b3) xor     a3, tp, ra
core   0: 3 0x80002a7c (0x001246b3) x13 0xffffffe5
core   0: 0x80002a80 (0x0055b1b3) sltu    gp, a1, t0
core   0: 3 0x80002a80 (0x0055b1b3) x 3 0x00000000
core   0: 0x80002a84 (0x00000001) c.nop
core   0: 3 0x80002a84 (0x0001)
core   0: 0x80002a86 (0x03b2bdb3) mulhu   s11, t0, s11
core   0: 3 0x80002a86 (0x03b2bdb3) x27 0x00000000
core   0: 0x80002a8a (0x41215e13) srai    t3, sp, 18
core   0: 3 0x80002a8a (0x41215e13) x28 0xffffe000
core   0: 0x80002a8e (0x0000717d) c.addi16sp sp, -16
core   0: 3 0x80002a8e (0x717d) x 2 0x800130d0
core   0: 0x80002a90 (0x00008f15) c.sub   a4, a3
core   0: 3 0x80002a90 (0x8f15) x14 0x0000001c
core   0: 0x80002a92 (0x40158833) sub     a6, a1, ra
core   0: 3 0x80002a92 (0x40158833) x16 0x00000000
core   0: 0x80002a96 (0x260ce193) ori     gp, s9, 608
core   0: 3 0x80002a96 (0x260ce193) x 3 0x7dac7a64
core   0: 0x80002a9a (0x70d4fc13) andi    s8, s1, 1805
core   0: 3 0x80002a9a (0x70d4fc13) x24 0x00000001
core   0: 0x80002a9e (0x00008f89) c.sub   a5, a0
core   0: 3 0x80002a9e (0x8f89) x15 0xdfdf0000
core   0: 0x80002aa0 (0x601cda17) auipc   s4, 0x601cd
core   0: 3 0x80002aa0 (0x601cda17) x20 0xe01cfaa0
core   0: 0x80002aa4 (0x00008d39) c.xor   a0, a4
core   0: 3 0x80002aa4 (0x8d39) x10 0x2021001c
core   0: 0x80002aa6 (0x00001b80) c.addi4spn s0, sp, 496
core   0: 3 0x80002aa6 (0x1b80) x 8 0x800132c0
core   0: 0x80002aa8 (0x80292213) slti    tp, s2, -2046
core   0: 3 0x80002aa8 (0x80292213) x 4 0x00000000
core   0: 0x80002aac (0x00008425) c.srai  s0, 9
core   0: 3 0x80002aac (0x8425) x 8 0xffc00099
core   0: 0x80002aae (0x00000001) c.nop
core   0: 3 0x80002aae (0x0001)
core   0: 0x80002ab0 (0x7a4cc797) auipc   a5, 0x7a4cc
core   0: 3 0x80002ab0 (0x7a4cc797) x15 0xfa4ceab0
core   0: 0x80002ab4 (0x0000847e) c.mv    s0, t6
core   0: 3 0x80002ab4 (0x847e) x 8 0x80012ce4
core   0: 0x80002ab6 (0x00009afd) c.andi  a3, -1
core   0: 3 0x80002ab6 (0x9afd) x13 0xffffffe5
core   0: 0x80002ab8 (0x015bfa33) and     s4, s7, s5
core   0: 3 0x80002ab8 (0x015bfa33) x20 0x00000000
core   0: 0x80002abc (0x00008fd9) c.or    a5, a4
core   0: 3 0x80002abc (0x8fd9) x15 0xfa4ceabc
core   0: 0x80002abe (0x0388bcb3) mulhu   s9, a7, s8
core   0: 3 0x80002abe (0x0388bcb3) x25 0x00000000
core   0: 0x80002ac2 (0x003df233) and     tp, s11, gp
core   0: 3 0x80002ac2 (0x003df233) x 4 0x00000000
core   0: 0x80002ac6 (0x00000001) c.nop
core   0: 3 0x80002ac6 (0x0001)
core   0: 0x80002ac8 (0x020d74b3) remu    s1, s10, zero
core   0: 3 0x80002ac8 (0x020d74b3) x 9 0x00000001
core   0: 0x80002acc (0x32b62337) lui     t1, 0x32b62
core   0: 3 0x80002acc (0x32b62337) x 6 0x32b62000
core   0: 0x80002ad0 (0x00008ccd) c.or    s1, a1
core   0: 3 0x80002ad0 (0x8ccd) x 9 0x00000001
core   0: 0x80002ad2 (0x02cf06b3) mul     a3, t5, a2
core   0: 3 0x80002ad2 (0x02cf06b3) x13 0x00000000
core   0: 0x80002ad6 (0xab675837) lui     a6, 0xab675
core   0: 3 0x80002ad6 (0xab675837) x16 0xab675000
core   0: 0x80002ada (0x00008045) c.srli  s0, 17
core   0: 3 0x80002ada (0x8045) x 8 0x00004000
core   0: 0x80002adc (0x0144ac33) slt     s8, s1, s4
core   0: 3 0x80002adc (0x0144ac33) x24 0x00000000
core   0: 0x80002ae0 (0x00008bae) c.mv    s7, a1
core   0: 3 0x80002ae0 (0x8bae) x23 0x00000000
core   0: 0x80002ae2 (0x0029b0b3) sltu    ra, s3, sp
core   0: 3 0x80002ae2 (0x0029b0b3) x 1 0x00000001
core   0: 0x80002ae6 (0x0085a4b3) slt     s1, a1, s0
core   0: 3 0x80002ae6 (0x0085a4b3) x 9 0x00000001
core   0: 0x80002aea (0x03d42f33) mulhsu  t5, s0, t4
core   0: 3 0x80002aea (0x03d42f33) x30 0x00001000
core   0: 0x80002aee (0x0000644d) c.lui   s0, 0x13
core   0: 3 0x80002aee (0x644d) x 8 0x00013000
core   0: 0x80002af0 (0x0000137d) c.addi  t1, -1
core   0: 3 0x80002af0 (0x137d) x 6 0x32b61fff
core   0: 0x80002af2 (0x00e8acb3) slt     s9, a7, a4
core   0: 3 0x80002af2 (0x00e8acb3) x25 0x00000001
core   0: 0x80002af6 (0x00008435) c.srai  s0, 13
core   0: 3 0x80002af6 (0x8435) x 8 0x00000009
core   0: 0x80002af8 (0xa93b8b93) addi    s7, s7, -1389
core   0: 3 0x80002af8 (0xa93b8b93) x23 0xfffffa93
core   0: 0x80002afc (0x00008461) c.srai  s0, 24
core   0: 3 0x80002afc (0x8461) x 8 0x00000000
core   0: 0x80002afe (0x00000a04) c.addi4spn s1, sp, 272
core   0: 3 0x80002afe (0x0a04) x 9 0x800131e0
core   0: 0x80002b00 (0x00000001) c.nop
core   0: 3 0x80002b00 (0x0001)
core   0: 0x80002b02 (0x000085e1) c.srai  a1, 24
core   0: 3 0x80002b02 (0x85e1) x11 0x00000000
core   0: 0x80002b04 (0x00008961) c.andi  a0, 24
core   0: 3 0x80002b04 (0x8961) x10 0x00000018
core   0: 0x80002b06 (0x41758cb3) sub     s9, a1, s7
core   0: 3 0x80002b06 (0x41758cb3) x25 0x0000056d
core   0: 0x80002b0a (0x00008cc5) c.or    s1, s1
core   0: 3 0x80002b0a (0x8cc5) x 9 0x800131e0
core   0: 0x80002b0c (0xbe9bfd93) andi    s11, s7, -1047
core   0: 3 0x80002b0c (0xbe9bfd93) x27 0xfffffa81
core   0: 0x80002b10 (0x0000082e) c.slli  a6, 11
core   0: 3 0x80002b10 (0x082e) x16 0x3a800000
core   0: 0x80002b12 (0x038685b3) mul     a1, a3, s8
core   0: 3 0x80002b12 (0x038685b3) x11 0x00000000
core   0: 0x80002b16 (0xf042b013) sltiu   zero, t0, -252
core   0: 3 0x80002b16 (0xf042b013)
core   0: 0x80002b1a (0x0034a7b3) slt     a5, s1, gp
core   0: 3 0x80002b1a (0x0034a7b3) x15 0x00000001
core   0: 0x80002b1e (0x00008c15) c.sub   s0, a3
core   0: 3 0x80002b1e (0x8c15) x 8 0x00000000
core   0: 0x80002b20 (0x00dff6b3) and     a3, t6, a3
core   0: 3 0x80002b20 (0x00dff6b3) x13 0x00000000
core   0: 0x80002b24 (0x015a5b13) srli    s6, s4, 21
core   0: 3 0x80002b24 (0x015a5b13) x22 0x00000000
core   0: 0x80002b28 (0x00008b45) c.andi  a4, 17
core   0: 3 0x80002b28 (0x8b45) x14 0x00000010
core   0: 0x80002b2a (0x00bcc333) xor     t1, s9, a1
core   0: 3 0x80002b2a (0x00bcc333) x 6 0x0000056d
core   0: 0x80002b2e (0x0000987d) c.andi  s0, -1
core   0: 3 0x80002b2e (0x987d) x 8 0x00000000
core   0: 0x80002b30 (0x02cf6933) rem     s2, t5, a2
core   0: 3 0x80002b30 (0x02cf6933) x18 0x00001000
core   0: 0x80002b34 (0x002c2933) slt     s2, s8, sp
core   0: 3 0x80002b34 (0x002c2933) x18 0x00000000
core   0: 0x80002b38 (0x00008d8d) c.sub   a1, a1
core   0: 3 0x80002b38 (0x8d8d) x11 0x00000000
core   0: 0x80002b3a (0x0000080a) c.slli  a6, 2
core   0: 3 0x80002b3a (0x080a) x16 0xea000000
core   0: 0x80002b3c (0x00000084) c.addi4spn s1, sp, 64
core   0: 3 0x80002b3c (0x0084) x 9 0x80013110
core   0: 0x80002b3e (0x427394b7) lui     s1, 0x42739
core   0: 3 0x80002b3e (0x427394b7) x 9 0x42739000
core   0: 0x80002b42 (0x02db38b3) mulhu   a7, s6, a3
core   0: 3 0x80002b42 (0x02db38b3) x17 0x00000000
core   0: 0x80002b46 (0x00008295) c.srli  a3, 5
core   0: 3 0x80002b46 (0x8295) x13 0x00000000
core   0: 0x80002b48 (0x00008112) c.mv    sp, tp
core   0: 3 0x80002b48 (0x8112) x 2 0x00000000
core   0: 0x80002b4a (0x1f972193) slti    gp, a4, 505
core   0: 3 0x80002b4a (0x1f972193) x 3 0x00000001
core   0: 0x80002b4e (0x0013f6b3) and     a3, t2, ra
core   0: 3 0x80002b4e (0x0013f6b3) x13 0x00000000
core   0: 0x80002b52 (0x00006125) c.addi16sp sp, 96
core   0: 3 0x80002b52 (0x6125) x 2 0x00000060
core   0: 0x80002b54 (0x008a9db3) sll     s11, s5, s0
core   0: 3 0x80002b54 (0x008a9db3) x27 0x24310000
core   0: 0x80002b58 (0x0331bcb3) mulhu   s9, gp, s3
core   0: 3 0x80002b58 (0x0331bcb3) x25 0x00000000
core   0: 0x80002b5c (0x03e3ffb3) remu    t6, t2, t5
core   0: 3 0x80002b5c (0x03e3ffb3) x31 0x00000ce4
core   0: 0x80002b60 (0x0199a8b3) slt     a7, s3, s9
core   0: 3 0x80002b60 (0x0199a8b3) x17 0x00000001
core   0: 0x80002b64 (0x00006f4d) c.lui   t5, 0x13
core   0: 3 0x80002b64 (0x6f4d) x30 0x00013000
core   0: 0x80002b66 (0x01db7733) and     a4, s6, t4
core   0: 3 0x80002b66 (0x01db7733) x14 0x00000000
core   0: 0x80002b6a (0x03f35d33) divu    s10, t1, t6
core   0: 3 0x80002b6a (0x03f35d33) x26 0x00000000
core   0: 0x80002b6e (0x01a60833) add     a6, a2, s10
core   0: 3 0x80002b6e (0x01a60833) x16 0x00000000
core   0: 0x80002b72 (0xb3218a93) addi    s5, gp, -1230
core   0: 3 0x80002b72 (0xb3218a93) x21 0xfffffb33
core   0: 0x80002b76 (0x00000b86) c.slli  s7, 1
core   0: 3 0x80002b76 (0x0b86) x23 0xfffff526
core   0: 0x80002b78 (0x00cfa7b3) slt     a5, t6, a2
core   0: 3 0x80002b78 (0x00cfa7b3) x15 0x00000000
core   0: 0x80002b7c (0x02c53133) mulhu   sp, a0, a2
core   0: 3 0x80002b7c (0x02c53133) x 2 0x00000000
core   0: 0x80002b80 (0x02eb72b3) remu    t0, s6, a4
core   0: 3 0x80002b80 (0x02eb72b3) x 5 0x00000000
core   0: 0x80002b84 (0x00000001) c.nop
core   0: 3 0x80002b84 (0x0001)
core   0: 0x80002b86 (0x0237ddb3) divu    s11, a5, gp
core   0: 3 0x80002b86 (0x0237ddb3) x27 0x00000000
core   0: 0x80002b8a (0x00008179) c.srli  a0, 30
core   0: 3 0x80002b8a (0x8179) x10 0x00000000
core   0: 0x80002b8c (0x00006165) c.addi16sp sp, 112
core   0: 3 0x80002b8c (0x6165) x 2 0x00000070
core   0: 0x80002b8e (0xe0160e13) addi    t3, a2, -511
core   0: 3 0x80002b8e (0xe0160e13) x28 0xfffffe01
core   0: 0x80002b92 (0x01c6fab3) and     s5, a3, t3
core   0: 3 0x80002b92 (0x01c6fab3) x21 0x00000000
core   0: 0x80002b96 (0x00000f08) c.addi4spn a0, sp, 912
core   0: 3 0x80002b96 (0x0f08) x10 0x00000400
core   0: 0x80002b98 (0x00005bfd) c.li    s7, -1
core   0: 3 0x80002b98 (0x5bfd) x23 0xffffffff
core   0: 0x80002b9a (0x00008dc5) c.or    a1, s1
core   0: 3 0x80002b9a (0x8dc5) x11 0x42739000
core   0: 0x80002b9c (0x01497433) and     s0, s2, s4
core   0: 3 0x80002b9c (0x01497433) x 8 0x00000000
core   0: 0x80002ba0 (0x01efb6b3) sltu    a3, t6, t5
core   0: 3 0x80002ba0 (0x01efb6b3) x13 0x00000001
core   0: 0x80002ba4 (0x00008d55) c.or    a0, a3
core   0: 3 0x80002ba4 (0x8d55) x10 0x00000401
core   0: 0x80002ba6 (0x00005efd) c.li    t4, -1
core   0: 3 0x80002ba6 (0x5efd) x29 0xffffffff
core   0: 0x80002ba8 (0x00c79f93) slli    t6, a5, 12
core   0: 3 0x80002ba8 (0x00c79f93) x31 0x00000000
core   0: 0x80002bac (0x409d5e93) srai    t4, s10, 9
core   0: 3 0x80002bac (0x409d5e93) x29 0x00000000
core   0: 0x80002bb0 (0x00009bfd) c.andi  a5, -1
core   0: 3 0x80002bb0 (0x9bfd) x15 0x00000000
core   0: 0x80002bb2 (0x00008746) c.mv    a4, a7
core   0: 3 0x80002bb2 (0x8746) x14 0x00000001
core   0: 0x80002bb4 (0x03076fb3) rem     t6, a4, a6
core   0: 3 0x80002bb4 (0x03076fb3) x31 0x00000001
core   0: 0x80002bb8 (0x01695f13) srli    t5, s2, 22
core   0: 3 0x80002bb8 (0x01695f13) x30 0x00000000
core   0: 0x80002bbc (0x00afb7b3) sltu    a5, t6, a0
core   0: 3 0x80002bbc (0x00afb7b3) x15 0x00000001
core   0: 0x80002bc0 (0x00009bfd) c.andi  a5, -1
core   0: 3 0x80002bc0 (0x9bfd) x15 0x00000001
core   0: 0x80002bc2 (0x0000150c) c.addi4spn a1, sp, 672
core   0: 3 0x80002bc2 (0x150c) x11 0x00000310
core   0: 0x80002bc4 (0x0198d6b3) srl     a3, a7, s9
core   0: 3 0x80002bc4 (0x0198d6b3) x13 0x00000001
core   0: 0x80002bc8 (0x00000e80) c.addi4spn s0, sp, 848
core   0: 3 0x80002bc8 (0x0e80) x 8 0x000003c0
core   0: 0x80002bca (0x03b70d33) mul     s10, a4, s11
core   0: 3 0x80002bca (0x03b70d33) x26 0x00000000
core   0: 0x80002bce (0x2dd1bc93) sltiu   s9, gp, 733
core   0: 3 0x80002bce (0x2dd1bc93) x25 0x00000001
core   0: 0x80002bd2 (0x00021333) sll     t1, tp, zero
core   0: 3 0x80002bd2 (0x00021333) x 6 0x00000000
core   0: 0x80002bd6 (0x000085ed) c.srai  a1, 27
core   0: 3 0x80002bd6 (0x85ed) x11 0x00000000
core   0: 0x80002bd8 (0x01beefb3) or      t6, t4, s11
core   0: 3 0x80002bd8 (0x01beefb3) x31 0x00000000
core   0: 0x80002bdc (0x00001b08) c.addi4spn a0, sp, 432
core   0: 3 0x80002bdc (0x1b08) x10 0x00000220
core   0: 0x80002bde (0x03e211b3) mulh    gp, tp, t5
core   0: 3 0x80002bde (0x03e211b3) x 3 0x00000000
core   0: 0x80002be2 (0x01c81713) slli    a4, a6, 28
core   0: 3 0x80002be2 (0x01c81713) x14 0x00000000
core   0: 0x80002be6 (0x011e3ab3) sltu    s5, t3, a7
core   0: 3 0x80002be6 (0x011e3ab3) x21 0x00000000
core   0: 0x80002bea (0x00008f1d) c.sub   a4, a5
core   0: 3 0x80002bea (0x8f1d) x14 0xffffffff
core   0: 0x80002bec (0x01bafeb3) and     t4, s5, s11
core   0: 3 0x80002bec (0x01bafeb3) x29 0x00000000
core   0: 0x80002bf0 (0x031f4e33) div     t3, t5, a7
core   0: 3 0x80002bf0 (0x031f4e33) x28 0x00000000
core   0: 0x80002bf4 (0x0000616d) c.addi16sp sp, 240
core   0: 3 0x80002bf4 (0x616d) x 2 0x00000160
core   0: 0x80002bf6 (0x004dcdb3) xor     s11, s11, tp
core   0: 3 0x80002bf6 (0x004dcdb3) x27 0x00000000
core   0: 0x80002bfa (0x000089dd) c.andi  a1, 23
core   0: 3 0x80002bfa (0x89dd) x11 0x00000000
core   0: 0x80002bfc (0x0000987d) c.andi  s0, -1
core   0: 3 0x80002bfc (0x987d) x 8 0x000003c0
core   0: 0x80002bfe (0x00000742) c.slli  a4, 16
core   0: 3 0x80002bfe (0x0742) x14 0xffff0000
core   0: 0x80002c00 (0x00008c35) c.xor   s0, a3
core   0: 3 0x80002c00 (0x8c35) x 8 0x000003c1
core   0: 0x80002c02 (0x6c392213) slti    tp, s2, 1731
core   0: 3 0x80002c02 (0x6c392213) x 4 0x00000001
core   0: 0x80002c06 (0x40b50233) sub     tp, a0, a1
core   0: 3 0x80002c06 (0x40b50233) x 4 0x00000220
core   0: 0x80002c0a (0xf3d06f93) ori     t6, zero, -195
core   0: 3 0x80002c0a (0xf3d06f93) x31 0xffffff3d
core   0: 0x80002c0e (0x02349ab3) mulh    s5, s1, gp
core   0: 3 0x80002c0e (0x02349ab3) x21 0x00000000
core   0: 0x80002c12 (0x01421733) sll     a4, tp, s4
core   0: 3 0x80002c12 (0x01421733) x14 0x00000220
core   0: 0x80002c16 (0x00008fc5) c.or    a5, s1
core   0: 3 0x80002c16 (0x8fc5) x15 0x42739001
core   0: 0x80002c18 (0x0000944e) c.add   s0, s3
core   0: 3 0x80002c18 (0x944e) x 8 0x8000f225
core   0: 0x80002c1a (0x03d9d333) divu    t1, s3, t4
core   0: 3 0x80002c1a (0x03d9d333) x 6 0xffffffff
core   0: 0x80002c1e (0x70a38e93) addi    t4, t2, 1802
core   0: 3 0x80002c1e (0x70a38e93) x29 0x800133ee
core   0: 0x80002c22 (0x029e2933) mulhsu  s2, t3, s1
core   0: 3 0x80002c22 (0x029e2933) x18 0x00000000
core   0: 0x80002c26 (0x00009f2a) c.add   t5, a0
core   0: 3 0x80002c26 (0x9f2a) x30 0x00000220
core   0: 0x80002c28 (0x05b8f697) auipc   a3, 0x5b8f
core   0: 3 0x80002c28 (0x05b8f697) x13 0x85b91c28
core   0: 0x80002c2c (0x0000096d) c.addi  s2, 27
core   0: 3 0x80002c2c (0x096d) x18 0x0000001b
core   0: 0x80002c2e (0x7542ed13) ori     s10, t0, 1876
core   0: 3 0x80002c2e (0x7542ed13) x26 0x00000754
core   0: 0x80002c32 (0x00e49c13) slli    s8, s1, 14
core   0: 3 0x80002c32 (0x00e49c13) x24 0xe4000000
core   0: 0x80002c36 (0x02bb86b3) mul     a3, s7, a1
core   0: 3 0x80002c36 (0x02bb86b3) x13 0x00000000
core   0: 0x80002c3a (0x01fe66b3) or      a3, t3, t6
core   0: 3 0x80002c3a (0x01fe66b3) x13 0xffffff3d
core   0: 0x80002c3e (0x00006131) c.addi16sp sp, 320
core   0: 3 0x80002c3e (0x6131) x 2 0x000002a0
core   0: 0x80002c40 (0x03a02f33) mulhsu  t5, zero, s10
core   0: 3 0x80002c40 (0x03a02f33) x30 0x00000000
core   0: 0x80002c44 (0x02473033) mulhu   zero, a4, tp
core   0: 3 0x80002c44 (0x02473033)
core   0: 0x80002c48 (0x00008f2d) c.xor   a4, a1
core   0: 3 0x80002c48 (0x8f2d) x14 0x00000220
core   0: 0x80002c4a (0x02b1a5b3) mulhsu  a1, gp, a1
core   0: 3 0x80002c4a (0x02b1a5b3) x11 0x00000000
core   0: 0x80002c4e (0x01af54b3) srl     s1, t5, s10
core   0: 3 0x80002c4e (0x01af54b3) x 9 0x00000000
core   0: 0x80002c52 (0x033f1ab3) mulh    s5, t5, s3
core   0: 3 0x80002c52 (0x033f1ab3) x21 0x00000000
core   0: 0x80002c56 (0x2a04c493) xori    s1, s1, 672
core   0: 3 0x80002c56 (0x2a04c493) x 9 0x000002a0
core   0: 0x80002c5a (0x014adfb3) srl     t6, s5, s4
core   0: 3 0x80002c5a (0x014adfb3) x31 0x00000000
core   0: 0x80002c5e (0x00008ec1) c.or    a3, s0
core   0: 3 0x80002c5e (0x8ec1) x13 0xffffff3d
core   0: 0x80002c60 (0x00792f33) slt     t5, s2, t2
core   0: 3 0x80002c60 (0x00792f33) x30 0x00000000
core   0: 0x80002c64 (0x4028d493) srai    s1, a7, 2
core   0: 3 0x80002c64 (0x4028d493) x 9 0x00000000
core   0: 0x80002c68 (0x011542b3) xor     t0, a0, a7
core   0: 3 0x80002c68 (0x011542b3) x 5 0x00000221
core   0: 0x80002c6c (0x018bee33) or      t3, s7, s8
core   0: 3 0x80002c6c (0x018bee33) x28 0xffffffff
core   0: 0x80002c70 (0x00000bde) c.slli  s7, 23
core   0: 3 0x80002c70 (0x0bde) x23 0xff800000
core   0: 0x80002c72 (0xa2761317) auipc   t1, 0xa2761
core   0: 3 0x80002c72 (0xa2761317) x 6 0x22763c72
core   0: 0x80002c76 (0xa819b013) sltiu   zero, s3, -1407
core   0: 3 0x80002c76 (0xa819b013)
core   0: 0x80002c7a (0x80000b37) lui     s6, 0x80000
core   0: 3 0x80002c7a (0x80000b37) x22 0x80000000
core   0: 0x80002c7e (0xfff00e93) li      t4, -1
core   0: 3 0x80002c7e (0xfff00e93) x29 0xffffffff
core   0: 0x80002c82 (0x80000137) lui     sp, 0x80000
core   0: 3 0x80002c82 (0x80000137) x 2 0x80000000
core   0: 0x80002c86 (0x4f44c0b7) lui     ra, 0x4f44c
core   0: 3 0x80002c86 (0x4f44c0b7) x 1 0x4f44c000
core   0: 0x80002c8a (0x4b608093) addi    ra, ra, 1206
core   0: 3 0x80002c8a (0x4b608093) x 1 0x4f44c4b6
core   0: 0x80002c8e (0x1b181e37) lui     t3, 0x1b181
core   0: 3 0x80002c8e (0x1b181e37) x28 0x1b181000
core   0: 0x80002c92 (0xf31e0e13) addi    t3, t3, -207
core   0: 3 0x80002c92 (0xf31e0e13) x28 0x1b180f31
core   0: 0x80002c96 (0x00004a01) c.li    s4, 0
core   0: 3 0x80002c96 (0x4a01) x20 0x00000000
core   0: 0x80002c98 (0x468aa1b7) lui     gp, 0x468aa
core   0: 3 0x80002c98 (0x468aa1b7) x 3 0x468aa000
core   0: 0x80002c9c (0x48518193) addi    gp, gp, 1157
core   0: 3 0x80002c9c (0x48518193) x 3 0x468aa485
core   0: 0x80002ca0 (0xfff00493) li      s1, -1
core   0: 3 0x80002ca0 (0xfff00493) x 9 0xffffffff
core   0: 0x80002ca4 (0x00004401) c.li    s0, 0
core   0: 3 0x80002ca4 (0x4401) x 8 0x00000000
core   0: 0x80002ca6 (0x80000737) lui     a4, 0x80000
core   0: 3 0x80002ca6 (0x80000737) x14 0x80000000
core   0: 0x80002caa (0x02ea5133) divu    sp, s4, a4
core   0: 3 0x80002caa (0x02ea5133) x 2 0x00000000
core   0: 0x80002cae (0x029a20b3) mulhsu  ra, s4, s1
core   0: 3 0x80002cae (0x029a20b3) x 1 0x00000000
core   0: 0x80002cb2 (0x03c17433) remu    s0, sp, t3
core   0: 3 0x80002cb2 (0x03c17433) x 8 0x00000000
core   0: 0x80002cb6 (0x034b1eb3) mulh    t4, s6, s4
core   0: 3 0x80002cb6 (0x034b1eb3) x29 0x00000000
core   0: 0x80002cba (0x02e44433) div     s0, s0, a4
core   0: 3 0x80002cba (0x02e44433) x 8 0x00000000
core   0: 0x80002cbe (0x029a5a33) divu    s4, s4, s1
core   0: 3 0x80002cbe (0x029a5a33) x20 0x00000000
core   0: 0x80002cc2 (0x41618eb3) sub     t4, gp, s6
core   0: 3 0x80002cc2 (0x41618eb3) x29 0xc68aa485
core   0: 0x80002cc6 (0x02311b33) mulh    s6, sp, gp
core   0: 3 0x80002cc6 (0x02311b33) x22 0x00000000
core   0: 0x80002cca (0x0344fa33) remu    s4, s1, s4
core   0: 3 0x80002cca (0x0344fa33) x20 0xffffffff
core   0: 0x80002cce (0x03da4133) div     sp, s4, t4
core   0: 3 0x80002cce (0x03da4133) x 2 0x00000000
core   0: 0x80002cd2 (0x401a0b33) sub     s6, s4, ra
core   0: 3 0x80002cd2 (0x401a0b33) x22 0xffffffff
core   0: 0x80002cd6 (0xa26f9a17) auipc   s4, 0xa26f9
core   0: 3 0x80002cd6 (0xa26f9a17) x20 0x226fbcd6
core   0: 0x80002cda (0x03ca54b3) divu    s1, s4, t3
core   0: 3 0x80002cda (0x03ca54b3) x 9 0x00000001
core   0: 0x80002cde (0xc0c70093) addi    ra, a4, -1012
core   0: 3 0x80002cde (0xc0c70093) x 1 0x7ffffc0c
core   0: 0x80002ce2 (0x034141b3) div     gp, sp, s4
core   0: 3 0x80002ce2 (0x034141b3) x 3 0x00000000
core   0: 0x80002ce6 (0x0280a1b3) mulhsu  gp, ra, s0
core   0: 3 0x80002ce6 (0x0280a1b3) x 3 0x00000000
core   0: 0x80002cea (0x03d450b3) divu    ra, s0, t4
core   0: 3 0x80002cea (0x03d450b3) x 1 0x00000000
core   0: 0x80002cee (0x02eb2eb3) mulhsu  t4, s6, a4
core   0: 3 0x80002cee (0x02eb2eb3) x29 0xffffffff
core   0: 0x80002cf2 (0x31af4197) auipc   gp, 0x31af4
core   0: 3 0x80002cf2 (0x31af4197) x 3 0xb1af6cf2
core   0: 0x80002cf6 (0xc2670093) addi    ra, a4, -986
core   0: 3 0x80002cf6 (0xc2670093) x 1 0x7ffffc26
core   0: 0x80002cfa (0x0aebf097) auipc   ra, 0xaebf
core   0: 3 0x80002cfa (0x0aebf097) x 1 0x8aec1cfa
core   0: 0x80002cfe (0x0214fb33) remu    s6, s1, ra
core   0: 3 0x80002cfe (0x0214fb33) x22 0x00000001
core   0: 0x80002d02 (0xfb908b13) addi    s6, ra, -71
core   0: 3 0x80002d02 (0xfb908b13) x22 0x8aec1cb3
core   0: 0x80002d06 (0x00000001) c.nop
core   0: 3 0x80002d06 (0x0001)
core   0: 0x80002d08 (0x021e24b3) mulhsu  s1, t3, ra
core   0: 3 0x80002d08 (0x021e24b3) x 9 0x0eb3f56f
core   0: 0x80002d0c (0x01ca01b3) add     gp, s4, t3
core   0: 3 0x80002d0c (0x01ca01b3) x 3 0x3d87cc07
core   0: 0x80002d10 (0x0224a733) mulhsu  a4, s1, sp
core   0: 3 0x80002d10 (0x0224a733) x14 0x00000000
core   0: 0x80002d14 (0x40148433) sub     s0, s1, ra
core   0: 3 0x80002d14 (0x40148433) x 8 0x83c7d875
core   0: 0x80002d18 (0x00240eb3) add     t4, s0, sp
core   0: 3 0x80002d18 (0x00240eb3) x29 0x83c7d875
core   0: 0x80002d1c (0x0168e5b3) or      a1, a7, s6
core   0: 3 0x80002d1c (0x0168e5b3) x11 0x8aec1cb3
core   0: 0x80002d20 (0x0000547d) c.li    s0, -1
core   0: 3 0x80002d20 (0x547d) x 8 0xffffffff
core   0: 0x80002d22 (0x00006db1) c.lui   s11, 0xc
core   0: 3 0x80002d22 (0x6db1) x27 0x0000c000
core   0: 0x80002d24 (0x4183d113) srai    sp, t2, 24
core   0: 3 0x80002d24 (0x4183d113) x 2 0xffffff80
core   0: 0x80002d28 (0x008d5bb3) srl     s7, s10, s0
core   0: 3 0x80002d28 (0x008d5bb3) x23 0x00000000
core   0: 0x80002d2c (0x000097ba) c.add   a5, a4
core   0: 3 0x80002d2c (0x97ba) x15 0x42739001
core   0: 0x80002d2e (0x024e7cb3) remu    s9, t3, tp
core   0: 3 0x80002d2e (0x024e7cb3) x25 0x00000051
core   0: 0x80002d32 (0x00000001) c.nop
core   0: 3 0x80002d32 (0x0001)
core   0: 0x80002d34 (0x039664b3) rem     s1, a2, s9
core   0: 3 0x80002d34 (0x039664b3) x 9 0x00000000
core   0: 0x80002d38 (0x15fe7f13) andi    t5, t3, 351
core   0: 3 0x80002d38 (0x15fe7f13) x30 0x00000111
core   0: 0x80002d3c (0x00006375) c.lui   t1, 0x1d
core   0: 3 0x80002d3c (0x6375) x 6 0x0001d000
core   0: 0x80002d3e (0x03154cb3) div     s9, a0, a7
core   0: 3 0x80002d3e (0x03154cb3) x25 0x00000220
core   0: 0x80002d42 (0x00b16fb3) or      t6, sp, a1
core   0: 3 0x80002d42 (0x00b16fb3) x31 0xffffffb3
core   0: 0x80002d46 (0x000e9ab3) sll     s5, t4, zero
core   0: 3 0x80002d46 (0x000e9ab3) x21 0x83c7d875
core   0: 0x80002d4a (0x03ff0433) mul     s0, t5, t6
core   0: 3 0x80002d4a (0x03ff0433) x 8 0xffffade3
core   0: 0x80002d4e (0x0366fd33) remu    s10, a3, s6
core   0: 3 0x80002d4e (0x0366fd33) x26 0x7513e28a
core   0: 0x80002d52 (0x1b12fa13) andi    s4, t0, 433
core   0: 3 0x80002d52 (0x1b12fa13) x20 0x00000021
core   0: 0x80002d56 (0x00008d2d) c.xor   a0, a1
core   0: 3 0x80002d56 (0x8d2d) x10 0x8aec1e93
core   0: 0x80002d58 (0x00009906) c.add   s2, ra
core   0: 3 0x80002d58 (0x9906) x18 0x8aec1d15
core   0: 0x80002d5a (0xdd9a4913) xori    s2, s4, -551
core   0: 3 0x80002d5a (0xdd9a4913) x18 0xfffffdf8
core   0: 0x80002d5e (0x0000016d) c.addi  sp, 27
core   0: 3 0x80002d5e (0x016d) x 2 0xffffff9b
core   0: 0x80002d60 (0x2346e113) ori     sp, a3, 564
core   0: 3 0x80002d60 (0x2346e113) x 2 0xffffff3d
core   0: 0x80002d64 (0x4027d093) srai    ra, a5, 2
core   0: 3 0x80002d64 (0x4027d093) x 1 0x109ce400
core   0: 0x80002d68 (0x000094ca) c.add   s1, s2
core   0: 3 0x80002d68 (0x94ca) x 9 0xfffffdf8
core   0: 0x80002d6a (0x00d57833) and     a6, a0, a3
core   0: 3 0x80002d6a (0x00d57833) x16 0x8aec1e11
core   0: 0x80002d6e (0x00008c59) c.or    s0, a4
core   0: 3 0x80002d6e (0x8c59) x 8 0xffffade3
core   0: 0x80002d70 (0x00ecb0b3) sltu    ra, s9, a4
core   0: 3 0x80002d70 (0x00ecb0b3) x 1 0x00000000
core   0: 0x80002d74 (0x0000975e) c.add   a4, s7
core   0: 3 0x80002d74 (0x975e) x14 0x00000000
core   0: 0x80002d76 (0x41830eb3) sub     t4, t1, s8
core   0: 3 0x80002d76 (0x41830eb3) x29 0x1c01d000
core   0: 0x80002d7a (0x2bc9e693) ori     a3, s3, 700
core   0: 3 0x80002d7a (0x2bc9e693) x13 0x8000eefc
core   0: 0x80002d7e (0x41b75b93) srai    s7, a4, 27
core   0: 3 0x80002d7e (0x41b75b93) x23 0x00000000
core   0: 0x80002d82 (0x01fbd433) srl     s0, s7, t6
core   0: 3 0x80002d82 (0x01fbd433) x 8 0x00000000
core   0: 0x80002d86 (0xe193f413) andi    s0, t2, -487
core   0: 3 0x80002d86 (0xe193f413) x 8 0x80012c00
core   0: 0x80002d8a (0x0244f5b3) remu    a1, s1, tp
core   0: 3 0x80002d8a (0x0244f5b3) x11 0x00000118
core   0: 0x80002d8e (0x14b1b2b7) lui     t0, 0x14b1b
core   0: 3 0x80002d8e (0x14b1b2b7) x 5 0x14b1b000
core   0: 0x80002d92 (0x00008fc9) c.or    a5, a0
core   0: 3 0x80002d92 (0x8fc9) x15 0xcaff9e93
core   0: 0x80002d94 (0x40b001b3) sub     gp, zero, a1
core   0: 3 0x80002d94 (0x40b001b3) x 3 0xfffffee8
core   0: 0x80002d98 (0x8af82313) slti    t1, a6, -1873
core   0: 3 0x80002d98 (0x8af82313) x 6 0x00000001
core   0: 0x80002d9c (0x02b5cb33) div     s6, a1, a1
core   0: 3 0x80002d9c (0x02b5cb33) x22 0x00000001
core   0: 0x80002da0 (0x024f1533) mulh    a0, t5, tp
core   0: 3 0x80002da0 (0x024f1533) x10 0x00000000
core   0: 0x80002da4 (0x0240a1b3) mulhsu  gp, ra, tp
core   0: 3 0x80002da4 (0x0240a1b3) x 3 0x00000000
core   0: 0x80002da8 (0x0391b933) mulhu   s2, gp, s9
core   0: 3 0x80002da8 (0x0391b933) x18 0x00000000
core   0: 0x80002dac (0x401c5ab3) sra     s5, s8, ra
core   0: 3 0x80002dac (0x401c5ab3) x21 0xe4000000
core   0: 0x80002db0 (0x0245fdb3) remu    s11, a1, tp
core   0: 3 0x80002db0 (0x0245fdb3) x27 0x00000118
core   0: 0x80002db4 (0x03435db3) divu    s11, t1, s4
core   0: 3 0x80002db4 (0x03435db3) x27 0x00000000
core   0: 0x80002db8 (0x001cadb3) slt     s11, s9, ra
core   0: 3 0x80002db8 (0x001cadb3) x27 0x00000000
core   0: 0x80002dbc (0x00001194) c.addi4spn a3, sp, 224
core   0: 3 0x80002dbc (0x1194) x13 0x0000001d
core   0: 0x80002dbe (0x60fdb513) sltiu   a0, s11, 1551
core   0: 3 0x80002dbe (0x60fdb513) x10 0x00000001
core   0: 0x80002dc2 (0x000096da) c.add   a3, s6
core   0: 3 0x80002dc2 (0x96da) x13 0x0000001e
core   0: 0x80002dc4 (0x00008cbd) c.xor   s1, a5
core   0: 3 0x80002dc4 (0x8cbd) x 9 0x3500636b
core   0: 0x80002dc6 (0x00006179) c.addi16sp sp, 464
core   0: 3 0x80002dc6 (0x6179) x 2 0x0000010d
core   0: 0x80002dc8 (0x032f5133) divu    sp, t5, s2
core   0: 3 0x80002dc8 (0x032f5133) x 2 0xffffffff
core   0: 0x80002dcc (0x00d61c13) slli    s8, a2, 13
core   0: 3 0x80002dcc (0x00d61c13) x24 0x00000000
core   0: 0x80002dd0 (0xa3e8f213) andi    tp, a7, -1474
core   0: 3 0x80002dd0 (0xa3e8f213) x 4 0x00000000
core   0: 0x80002dd4 (0x03f838b3) mulhu   a7, a6, t6
core   0: 3 0x80002dd4 (0x03f838b3) x17 0x8aec1de7
core   0: 0x80002dd8 (0xae55e593) ori     a1, a1, -1307
core   0: 3 0x80002dd8 (0xae55e593) x11 0xfffffbfd
core   0: 0x80002ddc (0x02024eb3) div     t4, tp, zero
core   0: 3 0x80002ddc (0x02024eb3) x29 0xffffffff
core   0: 0x80002de0 (0x000083b1) c.srli  a5, 12
core   0: 3 0x80002de0 (0x83b1) x15 0x000caff9
core   0: 0x80002de2 (0x00b75c33) srl     s8, a4, a1
core   0: 3 0x80002de2 (0x00b75c33) x24 0x00000000
core   0: 0x80002de6 (0x0000717d) c.addi16sp sp, -16
core   0: 3 0x80002de6 (0x717d) x 2 0xffffffef
core   0: 0x80002de8 (0x00f95893) srli    a7, s2, 15
core   0: 3 0x80002de8 (0x00f95893) x17 0x00000000
core   0: 0x80002dec (0x00eeefb3) or      t6, t4, a4
core   0: 3 0x80002dec (0x00eeefb3) x31 0xffffffff
core   0: 0x80002df0 (0x02e78833) mul     a6, a5, a4
core   0: 3 0x80002df0 (0x02e78833) x16 0x00000000
core   0: 0x80002df4 (0x00f6d033) srl     zero, a3, a5
core   0: 3 0x80002df4 (0x00f6d033)
core   0: 0x80002df8 (0x00008f09) c.sub   a4, a0
core   0: 3 0x80002df8 (0x8f09) x14 0xffffffff
core   0: 0x80002dfa (0x000082aa) c.mv    t0, a0
core   0: 3 0x80002dfa (0x82aa) x 5 0x00000001
core   0: 0x80002dfc (0x0000537d) c.li    t1, -1
core   0: 3 0x80002dfc (0x537d) x 6 0xffffffff
core   0: 0x80002dfe (0xfa2db8b7) lui     a7, 0xfa2db
core   0: 3 0x80002dfe (0xfa2db8b7) x17 0xfa2db000
core   0: 0x80002e02 (0x00008f45) c.or    a4, s1
core   0: 3 0x80002e02 (0x8f45) x14 0xffffffff
core   0: 0x80002e04 (0xb231bf93) sltiu   t6, gp, -1245
core   0: 3 0x80002e04 (0xb231bf93) x31 0x00000001
core   0: 0x80002e08 (0x003e1313) slli    t1, t3, 3
core   0: 3 0x80002e08 (0x003e1313) x 6 0xd8c07988
core   0: 0x80002e0c (0x8b5bc013) xori    zero, s7, -1867
core   0: 3 0x80002e0c (0x8b5bc013)
core   0: 0x80002e10 (0x3924ae13) slti    t3, s1, 914
core   0: 3 0x80002e10 (0x3924ae13) x28 0x00000000
core   0: 0x80002e14 (0x97a44c93) xori    s9, s0, -1670
core   0: 3 0x80002e14 (0x97a44c93) x25 0x7ffed57a
core   0: 0x80002e18 (0x00009c8a) c.add   s9, sp
core   0: 3 0x80002e18 (0x9c8a) x25 0x7ffed569
core   0: 0x80002e1a (0x00000001) c.nop
core   0: 3 0x80002e1a (0x0001)
core   0: 0x80002e1c (0x030c3133) mulhu   sp, s8, a6
core   0: 3 0x80002e1c (0x030c3133) x 2 0x00000000
core   0: 0x80002e20 (0x037706b3) mul     a3, a4, s7
core   0: 3 0x80002e20 (0x037706b3) x13 0x00000000
core   0: 0x80002e24 (0x015eab33) slt     s6, t4, s5
core   0: 3 0x80002e24 (0x015eab33) x22 0x00000000
core   0: 0x80002e28 (0x01135893) srli    a7, t1, 17
core   0: 3 0x80002e28 (0x01135893) x17 0x00006c60
core   0: 0x80002e2c (0x00008c35) c.xor   s0, a3
core   0: 3 0x80002e2c (0x8c35) x 8 0x80012c00
core   0: 0x80002e2e (0x473f3e13) sltiu   t3, t5, 1139
core   0: 3 0x80002e2e (0x473f3e13) x28 0x00000001
core   0: 0x80002e32 (0x00008c91) c.sub   s1, a2
core   0: 3 0x80002e32 (0x8c91) x 9 0x3500636b
core   0: 0x80002e34 (0x02ef1733) mulh    a4, t5, a4
core   0: 3 0x80002e34 (0x02ef1733) x14 0xffffffff
core   0: 0x80002e38 (0x02a47fb3) remu    t6, s0, a0
core   0: 3 0x80002e38 (0x02a47fb3) x31 0x00000000
core   0: 0x80002e3c (0x032db733) mulhu   a4, s11, s2
core   0: 3 0x80002e3c (0x032db733) x14 0x00000000
core   0: 0x80002e40 (0x00000001) c.nop
core   0: 3 0x80002e40 (0x0001)
core   0: 0x80002e42 (0x028ce433) rem     s0, s9, s0
core   0: 3 0x80002e42 (0x028ce433) x 8 0x00000169
core   0: 0x80002e46 (0x40f30233) sub     tp, t1, a5
core   0: 3 0x80002e46 (0x40f30233) x 4 0xd8b3c98f
core   0: 0x80002e4a (0x00008f15) c.sub   a4, a3
core   0: 3 0x80002e4a (0x8f15) x14 0x00000000
core   0: 0x80002e4c (0x02f84933) div     s2, a6, a5
core   0: 3 0x80002e4c (0x02f84933) x18 0x00000000
core   0: 0x80002e50 (0x03bc9933) mulh    s2, s9, s11
core   0: 3 0x80002e50 (0x03bc9933) x18 0x00000000
core   0: 0x80002e54 (0x010b5bb3) srl     s7, s6, a6
core   0: 3 0x80002e54 (0x010b5bb3) x23 0x00000000
core   0: 0x80002e58 (0x0156d2b3) srl     t0, a3, s5
core   0: 3 0x80002e58 (0x0156d2b3) x 5 0x00000000
core   0: 0x80002e5c (0x1c9c2093) slti    ra, s8, 457
core   0: 3 0x80002e5c (0x1c9c2093) x 1 0x00000001
core   0: 0x80002e60 (0x00960a33) add     s4, a2, s1
core   0: 3 0x80002e60 (0x00960a33) x20 0x3500636b
core   0: 0x80002e64 (0x0280ca33) div     s4, ra, s0
core   0: 3 0x80002e64 (0x0280ca33) x20 0x00000000
core   0: 0x80002e68 (0x3aa3ea97) auipc   s5, 0x3aa3e
core   0: 3 0x80002e68 (0x3aa3ea97) x21 0xbaa40e68
core   0: 0x80002e6c (0x02fda8b3) mulhsu  a7, s11, a5
core   0: 3 0x80002e6c (0x02fda8b3) x17 0x00000000
core   0: 0x80002e70 (0x000083c5) c.srli  a5, 17
core   0: 3 0x80002e70 (0x83c5) x15 0x00000006
core   0: 0x80002e72 (0x000080c6) c.mv    ra, a7
core   0: 3 0x80002e72 (0x80c6) x 1 0x00000000
core   0: 0x80002e74 (0x0227b033) mulhu   zero, a5, sp
core   0: 3 0x80002e74 (0x0227b033)
core   0: 0x80002e78 (0x0000946a) c.add   s0, s10
core   0: 3 0x80002e78 (0x946a) x 8 0x7513e3f3
core   0: 0x80002e7a (0x000e9e93) slli    t4, t4, 0
core   0: 3 0x80002e7a (0x000e9e93) x29 0xffffffff
core   0: 0x80002e7e (0xe1dd0737) lui     a4, 0xe1dd0
core   0: 3 0x80002e7e (0xe1dd0737) x14 0xe1dd0000
core   0: 0x80002e82 (0x00000001) c.nop
core   0: 3 0x80002e82 (0x0001)
core   0: 0x80002e84 (0x00dd8733) add     a4, s11, a3
core   0: 3 0x80002e84 (0x00dd8733) x14 0x00000000
core   0: 0x80002e88 (0x026cf6b3) remu    a3, s9, t1
core   0: 3 0x80002e88 (0x026cf6b3) x13 0x7ffed569
core   0: 0x80002e8c (0x00008d35) c.xor   a0, a3
core   0: 3 0x80002e8c (0x8d35) x10 0x7ffed568
core   0: 0x80002e8e (0x00008f55) c.or    a4, a3
core   0: 3 0x80002e8e (0x8f55) x14 0x7ffed569
core   0: 0x80002e90 (0x3cdd02b7) lui     t0, 0x3cdd0
core   0: 3 0x80002e90 (0x3cdd02b7) x 5 0x3cdd0000
core   0: 0x80002e94 (0x00008fc1) c.or    a5, s0
core   0: 3 0x80002e94 (0x8fc1) x15 0x7513e3f7
core   0: 0x80002e96 (0x0107d8b3) srl     a7, a5, a6
core   0: 3 0x80002e96 (0x0107d8b3) x17 0x7513e3f7
core   0: 0x80002e9a (0x03c44233) div     tp, s0, t3
core   0: 3 0x80002e9a (0x03c44233) x 4 0x7513e3f3
core   0: 0x80002e9e (0x0084f933) and     s2, s1, s0
core   0: 3 0x80002e9e (0x0084f933) x18 0x35006363
core   0: 0x80002ea2 (0x033946b3) div     a3, s2, s3
core   0: 3 0x80002ea2 (0x033946b3) x13 0x00000000
core   0: 0x80002ea6 (0x000086e5) c.srai  a3, 25
core   0: 3 0x80002ea6 (0x86e5) x13 0x00000000
core   0: 0x80002ea8 (0x000015fd) c.addi  a1, -1
core   0: 3 0x80002ea8 (0x15fd) x11 0xfffffbfc
core   0: 0x80002eaa (0x0f703b37) lui     s6, 0xf703
core   0: 3 0x80002eaa (0x0f703b37) x22 0x0f703000
core   0: 0x80002eae (0x000062d5) c.lui   t0, 0x15
core   0: 3 0x80002eae (0x62d5) x 5 0x00015000
core   0: 0x80002eb0 (0x02efd533) divu    a0, t6, a4
core   0: 3 0x80002eb0 (0x02efd533) x10 0x00000000
core   0: 0x80002eb4 (0x000d82b3) add     t0, s11, zero
core   0: 3 0x80002eb4 (0x000d82b3) x 5 0x00000000
core   0: 0x80002eb8 (0x00008d85) c.sub   a1, s1
core   0: 3 0x80002eb8 (0x8d85) x11 0xcaff9891
core   0: 0x80002eba (0xcf926893) ori     a7, tp, -775
core   0: 3 0x80002eba (0xcf926893) x17 0xfffffffb
core   0: 0x80002ebe (0x00000001) c.nop
core   0: 3 0x80002ebe (0x0001)
core   0: 0x80002ec0 (0x00008d3d) c.xor   a0, a5
core   0: 3 0x80002ec0 (0x8d3d) x10 0x7513e3f7
core   0: 0x80002ec2 (0x00001e1c) c.addi4spn a5, sp, 816
core   0: 3 0x80002ec2 (0x1e1c) x15 0x00000330
core   0: 0x80002ec4 (0x40c6df93) srai    t6, a3, 12
core   0: 3 0x80002ec4 (0x40c6df93) x31 0x00000000
core   0: 0x80002ec8 (0x00008069) c.srli  s0, 26
core   0: 3 0x80002ec8 (0x8069) x 8 0x0000001d
core   0: 0x80002eca (0x403ed693) srai    a3, t4, 3
core   0: 3 0x80002eca (0x403ed693) x13 0xffffffff
core   0: 0x80002ece (0x0000613d) c.addi16sp sp, 480
core   0: 3 0x80002ece (0x613d) x 2 0x000001e0
core   0: 0x80002ed0 (0x00008459) c.srai  s0, 22
core   0: 3 0x80002ed0 (0x8459) x 8 0x00000000
core   0: 0x80002ed2 (0x000092fa) c.add   t0, t5
core   0: 3 0x80002ed2 (0x92fa) x 5 0x00000111
core   0: 0x80002ed4 (0x00008c59) c.or    s0, a4
core   0: 3 0x80002ed4 (0x8c59) x 8 0x7ffed569
core   0: 0x80002ed6 (0x40cadc13) srai    s8, s5, 12
core   0: 3 0x80002ed6 (0x40cadc13) x24 0xfffbaa40
core   0: 0x80002eda (0x00001980) c.addi4spn s0, sp, 240
core   0: 3 0x80002eda (0x1980) x 8 0x000002d0
core   0: 0x80002edc (0xd2cf6813) ori     a6, t5, -724
core   0: 3 0x80002edc (0xd2cf6813) x16 0xfffffd3d
core   0: 0x80002ee0 (0x017a5713) srli    a4, s4, 23
core   0: 3 0x80002ee0 (0x017a5713) x14 0x00000000
core   0: 0x80002ee4 (0x2ec3e593) ori     a1, t2, 748
core   0: 3 0x80002ee4 (0x2ec3e593) x11 0x80012eec
core   0: 0x80002ee8 (0xf3b50b93) addi    s7, a0, -197
core   0: 3 0x80002ee8 (0xf3b50b93) x23 0x7513e332
core   0: 0x80002eec (0x0072c0b3) xor     ra, t0, t2
core   0: 3 0x80002eec (0x0072c0b3) x 1 0x80012df5
core   0: 0x80002ef0 (0xda204793) xori    a5, zero, -606
core   0: 3 0x80002ef0 (0xda204793) x15 0xfffffda2
core   0: 0x80002ef4 (0x00006cf1) c.lui   s9, 0x1c
core   0: 3 0x80002ef4 (0x6cf1) x25 0x0001c000
core   0: 0x80002ef6 (0x00000001) c.nop
core   0: 3 0x80002ef6 (0x0001)
core   0: 0x80002ef8 (0x011f56b3) srl     a3, t5, a7
core   0: 3 0x80002ef8 (0x011f56b3) x13 0x00000000
core   0: 0x80002efc (0x185fb297) auipc   t0, 0x185fb
core   0: 3 0x80002efc (0x185fb297) x 5 0x985fdefc
core   0: 0x80002f00 (0x02c01333) mulh    t1, zero, a2
core   0: 3 0x80002f00 (0x02c01333) x 6 0x00000000
core   0: 0x80002f04 (0x00661293) slli    t0, a2, 6
core   0: 3 0x80002f04 (0x00661293) x 5 0x00000000
core   0: 0x80002f08 (0x02c151b3) divu    gp, sp, a2
core   0: 3 0x80002f08 (0x02c151b3) x 3 0xffffffff
core   0: 0x80002f0c (0x60cbba93) sltiu   s5, s7, 1548
core   0: 3 0x80002f0c (0x60cbba93) x21 0x00000000
core   0: 0x80002f10 (0x0000717d) c.addi16sp sp, -16
core   0: 3 0x80002f10 (0x717d) x 2 0x000001d0
core   0: 0x80002f12 (0x02bc2db3) mulhsu  s11, s8, a1
core   0: 3 0x80002f12 (0x02bc2db3) x27 0xfffdd51a
core   0: 0x80002f16 (0x03abdc33) divu    s8, s7, s10
core   0: 3 0x80002f16 (0x03abdc33) x24 0x00000001
core   0: 0x80002f1a (0x41a088b3) sub     a7, ra, s10
core   0: 3 0x80002f1a (0x41a088b3) x17 0x0aed4b6b
core   0: 0x80002f1e (0x001a2ab3) slt     s5, s4, ra
core   0: 3 0x80002f1e (0x001a2ab3) x21 0x00000000
core   0: 0x80002f22 (0x000083dd) c.srli  a5, 23
core   0: 3 0x80002f22 (0x83dd) x15 0x000001ff
core   0: 0x80002f24 (0x00000d3e) c.slli  s10, 15
core   0: 3 0x80002f24 (0x0d3e) x26 0xf1450000
core   0: 0x80002f26 (0x000061a9) c.lui   gp, 0xa
core   0: 3 0x80002f26 (0x61a9) x 3 0x0000a000
core   0: 0x80002f28 (0x000081ea) c.mv    gp, s10
core   0: 3 0x80002f28 (0x81ea) x 3 0xf1450000
core   0: 0x80002f2a (0x00008d5d) c.or    a0, a5
core   0: 3 0x80002f2a (0x8d5d) x10 0x7513e3ff
core   0: 0x80002f2c (0x6bc1c513) xori    a0, gp, 1724
core   0: 3 0x80002f2c (0x6bc1c513) x10 0xf14506bc
core   0: 0x80002f30 (0x00000001) c.nop
core   0: 3 0x80002f30 (0x0001)
core   0: 0x80002f32 (0x000080a1) c.srli  s1, 8
core   0: 3 0x80002f32 (0x80a1) x 9 0x00350063
core   0: 0x80002f34 (0x505fba93) sltiu   s5, t6, 1285
core   0: 3 0x80002f34 (0x505fba93) x21 0x00000001
core   0: 0x80002f38 (0x2ae32d17) auipc   s10, 0x2ae32
core   0: 3 0x80002f38 (0x2ae32d17) x26 0xaae34f38
core   0: 0x80002f3c (0x00008eb9) c.xor   a3, a4
core   0: 3 0x80002f3c (0x8eb9) x13 0x00000000
core   0: 0x80002f3e (0x00048b33) add     s6, s1, zero
core   0: 3 0x80002f3e (0x00048b33) x22 0x00350063
core   0: 0x80002f42 (0x007bacb3) slt     s9, s7, t2
core   0: 3 0x80002f42 (0x007bacb3) x25 0x00000000
core   0: 0x80002f46 (0x00001e7d) c.addi  t3, -1
core   0: 3 0x80002f46 (0x1e7d) x28 0x00000000
core   0: 0x80002f48 (0x00008ff5) c.and   a5, a3
core   0: 3 0x80002f48 (0x8ff5) x15 0x00000000
core   0: 0x80002f4a (0x40298533) sub     a0, s3, sp
core   0: 3 0x80002f4a (0x40298533) x10 0x8000ec94
core   0: 0x80002f4e (0x018411b3) sll     gp, s0, s8
core   0: 3 0x80002f4e (0x018411b3) x 3 0x000005a0
core   0: 0x80002f52 (0x01efe7b3) or      a5, t6, t5
core   0: 3 0x80002f52 (0x01efe7b3) x15 0x00000111
core   0: 0x80002f56 (0x020b8433) mul     s0, s7, zero
core   0: 3 0x80002f56 (0x020b8433) x 8 0x00000000
core   0: 0x80002f5a (0x03a53a33) mulhu   s4, a0, s10
core   0: 3 0x80002f5a (0x03a53a33) x20 0x55724588
core   0: 0x80002f5e (0x00008712) c.mv    a4, tp
core   0: 3 0x80002f5e (0x8712) x14 0x7513e3f3
core   0: 0x80002f60 (0x0000615d) c.addi16sp sp, 432
core   0: 3 0x80002f60 (0x615d) x 2 0x00000380
core   0: 0x80002f62 (0x4a543593) sltiu   a1, s0, 1189
core   0: 3 0x80002f62 (0x4a543593) x11 0x00000001
core   0: 0x80002f66 (0x00004eed) c.li    t4, 27
core   0: 3 0x80002f66 (0x4eed) x29 0x0000001b
core   0: 0x80002f68 (0x98b4f213) andi    tp, s1, -1653
core   0: 3 0x80002f68 (0x98b4f213) x 4 0x00350003
core   0: 0x80002f6c (0x019f1113) slli    sp, t5, 25
core   0: 3 0x80002f6c (0x019f1113) x 2 0x22000000
core   0: 0x80002f70 (0x027986b3) mul     a3, s3, t2
core   0: 3 0x80002f70 (0x027986b3) x13 0x18318110
core   0: 0x80002f74 (0x00008db5) c.xor   a1, a3
core   0: 3 0x80002f74 (0x8db5) x11 0x18318111
core   0: 0x80002f76 (0x0000649d) c.lui   s1, 0x7
core   0: 3 0x80002f76 (0x649d) x 9 0x00007000
core   0: 0x80002f78 (0x40288033) sub     zero, a7, sp
core   0: 3 0x80002f78 (0x40288033)
core   0: 0x80002f7c (0x00899b93) slli    s7, s3, 8
core   0: 3 0x80002f7c (0x00899b93) x23 0x00ee6400
core   0: 0x80002f80 (0x03ec94b3) mulh    s1, s9, t5
core   0: 3 0x80002f80 (0x03ec94b3) x 9 0x00000000
core   0: 0x80002f84 (0x000098fd) c.andi  s1, -1
core   0: 3 0x80002f84 (0x98fd) x 9 0x00000000
core   0: 0x80002f86 (0x00ca5a93) srli    s5, s4, 12
core   0: 3 0x80002f86 (0x00ca5a93) x21 0x00055724
core   0: 0x80002f8a (0x03d89b33) mulh    s6, a7, t4
core   0: 3 0x80002f8a (0x03d89b33) x22 0x00000001
core   0: 0x80002f8e (0x35a5c693) xori    a3, a1, 858
core   0: 3 0x80002f8e (0x35a5c693) x13 0x1831824b
core   0: 0x80002f92 (0x40088fb3) sub     t6, a7, zero
core   0: 3 0x80002f92 (0x40088fb3) x31 0x0aed4b6b
core   0: 0x80002f96 (0x406fd033) sra     zero, t6, t1
core   0: 3 0x80002f96 (0x406fd033)
core   0: 0x80002f9a (0x00000001) c.nop
core   0: 3 0x80002f9a (0x0001)
core   0: 0x80002f9c (0x000085fd) c.srai  a1, 31
core   0: 3 0x80002f9c (0x85fd) x11 0x00000000
core   0: 0x80002f9e (0x000055fd) c.li    a1, -1
core   0: 3 0x80002f9e (0x55fd) x11 0xffffffff
core   0: 0x80002fa0 (0x00008fb1) c.xor   a5, a2
core   0: 3 0x80002fa0 (0x8fb1) x15 0x00000111
core   0: 0x80002fa2 (0x0011e233) or      tp, gp, ra
core   0: 3 0x80002fa2 (0x0011e233) x 4 0x80012df5
core   0: 0x80002fa6 (0xb489fb93) andi    s7, s3, -1208
core   0: 3 0x80002fa6 (0xb489fb93) x23 0x8000ea40
core   0: 0x80002faa (0x9b29f713) andi    a4, s3, -1614
core   0: 3 0x80002faa (0x9b29f713) x14 0x8000e820
core   0: 0x80002fae (0x000083a5) c.srli  a5, 9
core   0: 3 0x80002fae (0x83a5) x15 0x00000000
core   0: 0x80002fb0 (0x0137d833) srl     a6, a5, s3
core   0: 3 0x80002fb0 (0x0137d833) x16 0x00000000
core   0: 0x80002fb4 (0x0783bb13) sltiu   s6, t2, 120
core   0: 3 0x80002fb4 (0x0783bb13) x22 0x00000000
core   0: 0x80002fb8 (0x00008f45) c.or    a4, s1
core   0: 3 0x80002fb8 (0x8f45) x14 0x8000e820
core   0: 0x80002fba (0x025f8b33) mul     s6, t6, t0
core   0: 3 0x80002fba (0x025f8b33) x22 0x00000000
core   0: 0x80002fbe (0x005ae333) or      t1, s5, t0
core   0: 3 0x80002fbe (0x005ae333) x 6 0x00055724
core   0: 0x80002fc2 (0x00000001) c.nop
core   0: 3 0x80002fc2 (0x0001)
core   0: 0x80002fc4 (0x00e910b3) sll     ra, s2, a4
core   0: 3 0x80002fc4 (0x00e910b3) x 1 0x35006363
core   0: 0x80002fc8 (0x9e849197) auipc   gp, 0x9e849
core   0: 3 0x80002fc8 (0x9e849197) x 3 0x1e84bfc8
core   0: 0x80002fcc (0x00008eed) c.and   a3, a1
core   0: 3 0x80002fcc (0x8eed) x13 0x1831824b
core   0: 0x80002fce (0x0058c4b3) xor     s1, a7, t0
core   0: 3 0x80002fce (0x0058c4b3) x 9 0x0aed4b6b
core   0: 0x80002fd2 (0x00000bf5) c.addi  s7, 29
core   0: 3 0x80002fd2 (0x0bf5) x23 0x8000ea5d
core   0: 0x80002fd4 (0xcdb37113) andi    sp, t1, -805
core   0: 3 0x80002fd4 (0xcdb37113) x 2 0x00055400
core   0: 0x80002fd8 (0x02591c33) mulh    s8, s2, t0
core   0: 3 0x80002fd8 (0x02591c33) x24 0x00000000
core   0: 0x80002fdc (0x038c17b3) mulh    a5, s8, s8
core   0: 3 0x80002fdc (0x038c17b3) x15 0x00000000
core   0: 0x80002fe0 (0x00008e99) c.sub   a3, a4
core   0: 3 0x80002fe0 (0x8e99) x13 0x98309a2b
core   0: 0x80002fe2 (0x0272f8b3) remu    a7, t0, t2
core   0: 3 0x80002fe2 (0x0272f8b3) x17 0x00000000
core   0: 0x80002fe6 (0x00d3a733) slt     a4, t2, a3
core   0: 3 0x80002fe6 (0x00d3a733) x14 0x00000001
core   0: 0x80002fea (0x65ef0013) addi    zero, t5, 1630
core   0: 3 0x80002fea (0x65ef0013)
core   0: 0x80002fee (0x00008fc5) c.or    a5, s1
core   0: 3 0x80002fee (0x8fc5) x15 0x0aed4b6b
core   0: 0x80002ff0 (0x00008dc5) c.or    a1, s1
core   0: 3 0x80002ff0 (0x8dc5) x11 0xffffffff
core   0: 0x80002ff2 (0x00004195) c.li    gp, 5
core   0: 3 0x80002ff2 (0x4195) x 3 0x00000005
core   0: 0x80002ff4 (0x01871a93) slli    s5, a4, 24
core   0: 3 0x80002ff4 (0x01871a93) x21 0x01000000
core   0: 0x80002ff8 (0x01caf7b3) and     a5, s5, t3
core   0: 3 0x80002ff8 (0x01caf7b3) x15 0x00000000
core   0: 0x80002ffc (0x01ff0d33) add     s10, t5, t6
core   0: 3 0x80002ffc (0x01ff0d33) x26 0x0aed4c7c
core   0: 0x80003000 (0x0023e133) or      sp, t2, sp
core   0: 3 0x80003000 (0x0023e133) x 2 0x80057ce4
core   0: 0x80003004 (0x00009b7d) c.andi  a4, -1
core   0: 3 0x80003004 (0x9b7d) x14 0x00000001
core   0: 0x80003006 (0x00000001) c.nop
core   0: 3 0x80003006 (0x0001)
core   0: 0x80003008 (0x039801b3) mul     gp, a6, s9
core   0: 3 0x80003008 (0x039801b3) x 3 0x00000000
core   0: 0x8000300c (0x01bfbc33) sltu    s8, t6, s11
core   0: 3 0x8000300c (0x01bfbc33) x24 0x00000001
core   0: 0x80003010 (0x00000001) c.nop
core   0: 3 0x80003010 (0x0001)
core   0: 0x80003012 (0x1f6fce13) xori    t3, t6, 502
core   0: 3 0x80003012 (0x1f6fce13) x28 0x0aed4a9d
core   0: 0x80003016 (0x00001c7d) c.addi  s8, -1
core   0: 3 0x80003016 (0x1c7d) x24 0x00000000
core   0: 0x80003018 (0xbb02b213) sltiu   tp, t0, -1104
core   0: 3 0x80003018 (0xbb02b213) x 4 0x00000001
core   0: 0x8000301c (0x23337e37) lui     t3, 0x23337
core   0: 3 0x8000301c (0x23337e37) x28 0x23337000
core   0: 0x80003020 (0x02391fb3) mulh    t6, s2, gp
core   0: 3 0x80003020 (0x02391fb3) x31 0x00000000
core   0: 0x80003024 (0x0391f6b3) remu    a3, gp, s9
core   0: 3 0x80003024 (0x0391f6b3) x13 0x00000000
core   0: 0x80003028 (0x03ed4e33) div     t3, s10, t5
core   0: 3 0x80003028 (0x03ed4e33) x28 0x000a3f1b
core   0: 0x8000302c (0x0342a1b3) mulhsu  gp, t0, s4
core   0: 3 0x8000302c (0x0342a1b3) x 3 0x00000000
core   0: 0x80003030 (0x40918e33) sub     t3, gp, s1
core   0: 3 0x80003030 (0x40918e33) x28 0xf512b495
core   0: 0x80003034 (0xea6fe213) ori     tp, t6, -346
core   0: 3 0x80003034 (0xea6fe213) x 4 0xfffffea6
core   0: 0x80003038 (0x01d75793) srli    a5, a4, 29
core   0: 3 0x80003038 (0x01d75793) x15 0x00000000
core   0: 0x8000303c (0x0000717d) c.addi16sp sp, -16
core   0: 3 0x8000303c (0x717d) x 2 0x80057cd4
core   0: 0x8000303e (0x00008f0d) c.sub   a4, a1
core   0: 3 0x8000303e (0x8f0d) x14 0x00000002
core   0: 0x80003040 (0x018864b3) or      s1, a6, s8
core   0: 3 0x80003040 (0x018864b3) x 9 0x00000000
core   0: 0x80003044 (0x0000057d) c.addi  a0, 31
core   0: 3 0x80003044 (0x057d) x10 0x8000ecb3
core   0: 0x80003046 (0x0000987d) c.andi  s0, -1
core   0: 3 0x80003046 (0x987d) x 8 0x00000000
core   0: 0x80003048 (0x03ba85b3) mul     a1, s5, s11
core   0: 3 0x80003048 (0x03ba85b3) x11 0x1a000000
core   0: 0x8000304c (0x0160d193) srli    gp, ra, 22
core   0: 3 0x8000304c (0x0160d193) x 3 0x000000d4
core   0: 0x80003050 (0x00008b1d) c.andi  a4, 7
core   0: 3 0x80003050 (0x8b1d) x14 0x00000002
core   0: 0x80003052 (0x00ad4733) xor     a4, s10, a0
core   0: 3 0x80003052 (0x00ad4733) x14 0x8aeda0cf
core   0: 0x80003056 (0x00008491) c.srai  s1, 4
core   0: 3 0x80003056 (0x8491) x 9 0x00000000
core   0: 0x80003058 (0x03d3cdb3) div     s11, t2, t4
core   0: 3 0x80003058 (0x03d3cdb3) x27 0xfb4269f6
core   0: 0x8000305c (0x01515113) srli    sp, sp, 21
core   0: 3 0x8000305c (0x01515113) x 2 0x00000400
core   0: 0x80003060 (0x00009206) c.add   tp, ra
core   0: 3 0x80003060 (0x9206) x 4 0x35006209
core   0: 0x80003062 (0x017a5513) srli    a0, s4, 23
core   0: 3 0x80003062 (0x017a5513) x10 0x000000aa
core   0: 0x80003066 (0x413c5b33) sra     s6, s8, s3
core   0: 3 0x80003066 (0x413c5b33) x22 0x00000000
core   0: 0x8000306a (0x00000001) c.nop
core   0: 3 0x8000306a (0x0001)
core   0: 0x8000306c (0x020f62b3) rem     t0, t5, zero
core   0: 3 0x8000306c (0x020f62b3) x 5 0x00000111
core   0: 0x80003070 (0x004a72b3) and     t0, s4, tp
core   0: 3 0x80003070 (0x004a72b3) x 5 0x15004008
core   0: 0x80003074 (0x00008e8d) c.sub   a3, a1
core   0: 3 0x80003074 (0x8e8d) x13 0xe6000000
core   0: 0x80003076 (0xa4b67c13) andi    s8, a2, -1461
core   0: 3 0x80003076 (0xa4b67c13) x24 0x00000000
core   0: 0x8000307a (0x01b75d33) srl     s10, a4, s11
core   0: 3 0x8000307a (0x01b75d33) x26 0x0000022b
core   0: 0x8000307e (0x00009f3e) c.add   t5, a5
core   0: 3 0x8000307e (0x9f3e) x30 0x00000111
core   0: 0x80003080 (0x00000d9e) c.slli  s11, 7
core   0: 3 0x80003080 (0x0d9e) x27 0xa134fb00
core   0: 0x80003082 (0x01dcb533) sltu    a0, s9, t4
core   0: 3 0x80003082 (0x01dcb533) x10 0x00000001
core   0: 0x80003086 (0x57df8213) addi    tp, t6, 1405
core   0: 3 0x80003086 (0x57df8213) x 4 0x0000057d
core   0: 0x8000308a (0x010d5f93) srli    t6, s10, 16
core   0: 3 0x8000308a (0x010d5f93) x31 0x00000000
core   0: 0x8000308e (0x000086bd) c.srai  a3, 15
core   0: 3 0x8000308e (0x86bd) x13 0xffffcc00
core   0: 0x80003090 (0x01e5dd93) srli    s11, a1, 30
core   0: 3 0x80003090 (0x01e5dd93) x27 0x00000000
core   0: 0x80003094 (0x03570e33) mul     t3, a4, s5
core   0: 3 0x80003094 (0x03570e33) x28 0xcf000000
core   0: 0x80003098 (0x000092d6) c.add   t0, s5
core   0: 3 0x80003098 (0x92d6) x 5 0x16004008
core   0: 0x8000309a (0x1b0ce793) ori     a5, s9, 432
core   0: 3 0x8000309a (0x1b0ce793) x15 0x000001b0
core   0: 0x8000309e (0x311e3b93) sltiu   s7, t3, 785
core   0: 3 0x8000309e (0x311e3b93) x23 0x00000000
core   0: 0x800030a2 (0x00000f71) c.addi  t5, 28
core   0: 3 0x800030a2 (0x0f71) x30 0x0000012d
core   0: 0x800030a4 (0x020071b3) remu    gp, zero, zero
core   0: 3 0x800030a4 (0x020071b3) x 3 0x00000000
core   0: 0x800030a8 (0x02df70b3) remu    ra, t5, a3
core   0: 3 0x800030a8 (0x02df70b3) x 1 0x0000012d
core   0: 0x800030ac (0x0343a933) mulhsu  s2, t2, s4
core   0: 3 0x800030ac (0x0343a933) x18 0xd54741aa
core   0: 0x800030b0 (0x03fc2ab3) mulhsu  s5, s8, t6
core   0: 3 0x800030b0 (0x03fc2ab3) x21 0x00000000
core   0: 0x800030b4 (0x7c9b3237) lui     tp, 0x7c9b3
core   0: 3 0x800030b4 (0x7c9b3237) x 4 0x7c9b3000
core   0: 0x800030b8 (0x03cbb033) mulhu   zero, s7, t3
core   0: 3 0x800030b8 (0x03cbb033)
core   0: 0x800030bc (0x03b05233) divu    tp, zero, s11
core   0: 3 0x800030bc (0x03b05233) x 4 0xffffffff
core   0: 0x800030c0 (0x00008d1d) c.sub   a0, a5
core   0: 3 0x800030c0 (0x8d1d) x10 0xfffffe51
core   0: 0x800030c2 (0x40ec85b3) sub     a1, s9, a4
core   0: 3 0x800030c2 (0x40ec85b3) x11 0x75125f31
core   0: 0x800030c6 (0x14e6feb7) lui     t4, 0x14e6f
core   0: 3 0x800030c6 (0x14e6feb7) x29 0x14e6f000
core   0: 0x800030ca (0x01881ab3) sll     s5, a6, s8
core   0: 3 0x800030ca (0x01881ab3) x21 0x00000000
core   0: 0x800030ce (0x00009d8e) c.add   s11, gp
core   0: 3 0x800030ce (0x9d8e) x27 0x00000000
core   0: 0x800030d0 (0x00008f11) c.sub   a4, a2
core   0: 3 0x800030d0 (0x8f11) x14 0x8aeda0cf
core   0: 0x800030d2 (0x00001f7d) c.addi  t5, -1
core   0: 3 0x800030d2 (0x1f7d) x30 0x0000012c
core   0: 0x800030d4 (0x00000dc6) c.slli  s11, 17
core   0: 3 0x800030d4 (0x0dc6) x27 0x00000000
core   0: 0x800030d6 (0x00000700) c.addi4spn s0, sp, 896
core   0: 3 0x800030d6 (0x0700) x 8 0x00000780
core   0: 0x800030d8 (0x00ec3fb3) sltu    t6, s8, a4
core   0: 3 0x800030d8 (0x00ec3fb3) x31 0x00000001
core   0: 0x800030dc (0x01cab733) sltu    a4, s5, t3
core   0: 3 0x800030dc (0x01cab733) x14 0x00000001
core   0: 0x800030e0 (0xb8f69c17) auipc   s8, 0xb8f69
core   0: 3 0x800030e0 (0xb8f69c17) x24 0x38f6c0e0
core   0: 0x800030e4 (0x00006bf5) c.lui   s7, 0x1d
core   0: 3 0x800030e4 (0x6bf5) x23 0x0001d000
core   0: 0x800030e6 (0x0284be33) mulhu   t3, s1, s0
core   0: 3 0x800030e6 (0x0284be33) x28 0x00000000
core   0: 0x800030ea (0x00ce1133) sll     sp, t3, a2
core   0: 3 0x800030ea (0x00ce1133) x 2 0x00000000
core   0: 0x800030ee (0x4eba2793) slti    a5, s4, 1259
core   0: 3 0x800030ee (0x4eba2793) x15 0x00000000
core   0: 0x800030f2 (0x008c7ab3) and     s5, s8, s0
core   0: 3 0x800030f2 (0x008c7ab3) x21 0x00000080
core   0: 0x800030f6 (0x611dea37) lui     s4, 0x611de
core   0: 3 0x800030f6 (0x611dea37) x20 0x611de000
core   0: 0x800030fa (0x671e3893) sltiu   a7, t3, 1649
core   0: 3 0x800030fa (0x671e3893) x17 0x00000001
core   0: 0x800030fe (0x00008f49) c.or    a4, a0
core   0: 3 0x800030fe (0x8f49) x14 0xfffffe51
core   0: 0x80003100 (0x000001be) c.slli  gp, 15
core   0: 3 0x80003100 (0x01be) x 3 0x00000000
core   0: 0x80003102 (0x000065a1) c.lui   a1, 0x8
core   0: 3 0x80003102 (0x65a1) x11 0x00008000
core   0: 0x80003104 (0x00008ed9) c.or    a3, a4
core   0: 3 0x80003104 (0x8ed9) x13 0xfffffe51
core   0: 0x80003106 (0x01f637b3) sltu    a5, a2, t6
core   0: 3 0x80003106 (0x01f637b3) x15 0x00000001
core   0: 0x8000310a (0x022fafb3) mulhsu  t6, t6, sp
core   0: 3 0x8000310a (0x022fafb3) x31 0x00000000
core   0: 0x8000310e (0x0141b4b3) sltu    s1, gp, s4
core   0: 3 0x8000310e (0x0141b4b3) x 9 0x00000001
core   0: 0x80003112 (0x022462b3) rem     t0, s0, sp
core   0: 3 0x80003112 (0x022462b3) x 5 0x00000780
core   0: 0x80003116 (0x008b8c33) add     s8, s7, s0
core   0: 3 0x80003116 (0x008b8c33) x24 0x0001d780
core   0: 0x8000311a (0x029acd33) div     s10, s5, s1
core   0: 3 0x8000311a (0x029acd33) x26 0x00000080
core   0: 0x8000311e (0x9d354db7) lui     s11, 0x9d354
core   0: 3 0x8000311e (0x9d354db7) x27 0x9d354000
core   0: 0x80003122 (0x00000f0c) c.addi4spn a1, sp, 912
core   0: 3 0x80003122 (0x0f0c) x11 0x00000390
core   0: 0x80003124 (0x00008f4d) c.or    a4, a1
core   0: 3 0x80003124 (0x8f4d) x14 0xffffffd1
core   0: 0x80003126 (0x01535533) srl     a0, t1, s5
core   0: 3 0x80003126 (0x01535533) x10 0x00055724
core   0: 0x8000312a (0x79387d93) andi    s11, a6, 1939
core   0: 3 0x8000312a (0x79387d93) x27 0x00000000
core   0: 0x8000312e (0x031dc6b3) div     a3, s11, a7
core   0: 3 0x8000312e (0x031dc6b3) x13 0x00000000
core   0: 0x80003132 (0x02381cb3) mulh    s9, a6, gp
core   0: 3 0x80003132 (0x02381cb3) x25 0x00000000
core   0: 0x80003136 (0x00008dbd) c.xor   a1, a5
core   0: 3 0x80003136 (0x8dbd) x11 0x00000391
core   0: 0x80003138 (0x74ef0893) addi    a7, t5, 1870
core   0: 3 0x80003138 (0x74ef0893) x17 0x0000087a
core   0: 0x8000313c (0x0240ce33) div     t3, ra, tp
core   0: 3 0x8000313c (0x0240ce33) x28 0xfffffed3
core   0: 0x80003140 (0xa6d90a37) lui     s4, 0xa6d90
core   0: 3 0x80003140 (0xa6d90a37) x20 0xa6d90000
core   0: 0x80003144 (0x024efcb3) remu    s9, t4, tp
core   0: 3 0x80003144 (0x024efcb3) x25 0x14e6f000
core   0: 0x80003148 (0x40bc5713) srai    a4, s8, 11
core   0: 3 0x80003148 (0x40bc5713) x14 0x0000003a
core   0: 0x8000314c (0x00008ed1) c.or    a3, a2
core   0: 3 0x8000314c (0x8ed1) x13 0x00000000
core   0: 0x8000314e (0x0000717d) c.addi16sp sp, -16
core   0: 3 0x8000314e (0x717d) x 2 0xfffffff0
core   0: 0x80003150 (0x28a5eb93) ori     s7, a1, 650
core   0: 3 0x80003150 (0x28a5eb93) x23 0x0000039b
core   0: 0x80003154 (0x00008f91) c.sub   a5, a2
core   0: 3 0x80003154 (0x8f91) x15 0x00000001
core   0: 0x80003156 (0x0000834a) c.mv    t1, s2
core   0: 3 0x80003156 (0x834a) x 6 0xd54741aa
core   0: 0x80003158 (0x00008f1d) c.sub   a4, a5
core   0: 3 0x80003158 (0x8f1d) x14 0x00000039
core   0: 0x8000315a (0x40b38733) sub     a4, t2, a1
core   0: 3 0x8000315a (0x40b38733) x14 0x80012953
core   0: 0x8000315e (0x00a53433) sltu    s0, a0, a0
core   0: 3 0x8000315e (0x00a53433) x 8 0x00000000
core   0: 0x80003162 (0x00008441) c.srai  s0, 16
core   0: 3 0x80003162 (0x8441) x 8 0x00000000
core   0: 0x80003164 (0x00006a9d) c.lui   s5, 0x7
core   0: 3 0x80003164 (0x6a9d) x21 0x00007000
core   0: 0x80003166 (0x0358ecb3) rem     s9, a7, s5
core   0: 3 0x80003166 (0x0358ecb3) x25 0x0000087a
core   0: 0x8000316a (0x00006109) c.addi16sp sp, 128
core   0: 3 0x8000316a (0x6109) x 2 0x00000070
core   0: 0x8000316c (0x000089f5) c.andi  a1, 29
core   0: 3 0x8000316c (0x89f5) x11 0x00000011
core   0: 0x8000316e (0x00641533) sll     a0, s0, t1
core   0: 3 0x8000316e (0x00641533) x10 0x00000000
core   0: 0x80003172 (0x00f53833) sltu    a6, a0, a5
core   0: 3 0x80003172 (0x00f53833) x16 0x00000001
core   0: 0x80003176 (0x13b50a37) lui     s4, 0x13b50
core   0: 3 0x80003176 (0x13b50a37) x20 0x13b50000
core   0: 0x8000317a (0x000011fd) c.addi  gp, -1
core   0: 3 0x8000317a (0x11fd) x 3 0xffffffff
core   0: 0x8000317c (0x000000c1) c.addi  ra, 16
core   0: 3 0x8000317c (0x00c1) x 1 0x0000013d
core   0: 0x8000317e (0x0061e0b3) or      ra, gp, t1
core   0: 3 0x8000317e (0x0061e0b3) x 1 0xffffffff
core   0: 0x80003182 (0x00008c51) c.or    s0, a2
core   0: 3 0x80003182 (0x8c51) x 8 0x00000000
core   0: 0x80003184 (0x00008f2d) c.xor   a4, a1
core   0: 3 0x80003184 (0x8f2d) x14 0x80012942
core   0: 0x80003186 (0x40328333) sub     t1, t0, gp
core   0: 3 0x80003186 (0x40328333) x 6 0x00000781
core   0: 0x8000318a (0x000085e1) c.srai  a1, 24
core   0: 3 0x8000318a (0x85e1) x11 0x00000000
core   0: 0x8000318c (0x0147cab3) xor     s5, a5, s4
core   0: 3 0x8000318c (0x0147cab3) x21 0x13b50001
core   0: 0x80003190 (0x00d35593) srli    a1, t1, 13
core   0: 3 0x80003190 (0x00d35593) x11 0x00000000
core   0: 0x80003194 (0x01a71e93) slli    t4, a4, 26
core   0: 3 0x80003194 (0x01a71e93) x29 0x08000000
core   0: 0x80003198 (0xc2d52c13) slti    s8, a0, -979
core   0: 3 0x80003198 (0xc2d52c13) x24 0x00000000
core   0: 0x8000319c (0x000097ce) c.add   a5, s3
core   0: 3 0x8000319c (0x97ce) x15 0x8000ee65
core   0: 0x8000319e (0x000095aa) c.add   a1, a0
core   0: 3 0x8000319e (0x95aa) x11 0x00000000
core   0: 0x800031a0 (0x00af8db3) add     s11, t6, a0
core   0: 3 0x800031a0 (0x00af8db3) x27 0x00000000
core   0: 0x800031a4 (0x0109d693) srli    a3, s3, 16
core   0: 3 0x800031a4 (0x0109d693) x13 0x00008000
core   0: 0x800031a8 (0x00000918) c.addi4spn a4, sp, 144
core   0: 3 0x800031a8 (0x0918) x14 0x00000100
core   0: 0x800031aa (0x0106b233) sltu    tp, a3, a6
core   0: 3 0x800031aa (0x0106b233) x 4 0x00000000
core   0: 0x800031ae (0x013e61b3) or      gp, t3, s3
core   0: 3 0x800031ae (0x013e61b3) x 3 0xfffffef7
core   0: 0x800031b2 (0x00000001) c.nop
core   0: 3 0x800031b2 (0x0001)
core   0: 0x800031b4 (0x00bfb6b3) sltu    a3, t6, a1
core   0: 3 0x800031b4 (0x00bfb6b3) x13 0x00000000
core   0: 0x800031b8 (0x01b271b3) and     gp, tp, s11
core   0: 3 0x800031b8 (0x01b271b3) x 3 0x00000000
core   0: 0x800031bc (0x01f212b3) sll     t0, tp, t6
core   0: 3 0x800031bc (0x01f212b3) x 5 0x00000000
core   0: 0x800031c0 (0x00009c7a) c.add   s8, t5
core   0: 3 0x800031c0 (0x9c7a) x24 0x0000012c
core   0: 0x800031c2 (0xe86f0413) addi    s0, t5, -378
core   0: 3 0x800031c2 (0xe86f0413) x 8 0xffffffb2
core   0: 0x800031c6 (0x2820a193) slti    gp, ra, 642
core   0: 3 0x800031c6 (0x2820a193) x 3 0x00000001
core   0: 0x800031ca (0x005f88b3) add     a7, t6, t0
core   0: 3 0x800031ca (0x005f88b3) x17 0x00000000
core   0: 0x800031ce (0x000044b1) c.li    s1, 12
core   0: 3 0x800031ce (0x44b1) x 9 0x0000000c
core   0: 0x800031d0 (0x012f5a33) srl     s4, t5, s2
core   0: 3 0x800031d0 (0x012f5a33) x20 0x00000000
core   0: 0x800031d4 (0x00000732) c.slli  a4, 12
core   0: 3 0x800031d4 (0x0732) x14 0x00100000
core   0: 0x800031d6 (0x00008ef9) c.and   a3, a4
core   0: 3 0x800031d6 (0x8ef9) x13 0x00000000
core   0: 0x800031d8 (0x3f338d93) addi    s11, t2, 1011
core   0: 3 0x800031d8 (0x3f338d93) x27 0x800130d7
core   0: 0x800031dc (0x00006149) c.addi16sp sp, 144
core   0: 3 0x800031dc (0x6149) x 2 0x00000100
core   0: 0x800031de (0x0039ccb3) xor     s9, s3, gp
core   0: 3 0x800031de (0x0039ccb3) x25 0x8000ee65
core   0: 0x800031e2 (0x03b2bab3) mulhu   s5, t0, s11
core   0: 3 0x800031e2 (0x03b2bab3) x21 0x00000000
core   0: 0x800031e6 (0x00008e9d) c.sub   a3, a5
core   0: 3 0x800031e6 (0x8e9d) x13 0x7fff119b
core   0: 0x800031e8 (0x00000001) c.nop
core   0: 3 0x800031e8 (0x0001)
core   0: 0x800031ea (0x00000001) c.nop
core   0: 3 0x800031ea (0x0001)
core   0: 0x800031ec (0x016956b3) srl     a3, s2, s6
core   0: 3 0x800031ec (0x016956b3) x13 0xd54741aa
core   0: 0x800031f0 (0x030c02b3) mul     t0, s8, a6
core   0: 3 0x800031f0 (0x030c02b3) x 5 0x0000012c
core   0: 0x800031f4 (0x02fbb333) mulhu   t1, s7, a5
core   0: 3 0x800031f4 (0x02fbb333) x 6 0x000001cd
core   0: 0x800031f8 (0x969bc013) xori    zero, s7, -1687
core   0: 3 0x800031f8 (0x969bc013)
core   0: 0x800031fc (0x00004c5d) c.li    s8, 23
core   0: 3 0x800031fc (0x4c5d) x24 0x00000017
core   0: 0x800031fe (0x03cf64b3) rem     s1, t5, t3
core   0: 3 0x800031fe (0x03cf64b3) x 9 0x0000012c
core   0: 0x80003202 (0x00008d42) c.mv    s10, a6
core   0: 3 0x80003202 (0x8d42) x26 0x00000001
core   0: 0x80003204 (0x4064d533) sra     a0, s1, t1
core   0: 3 0x80003204 (0x4064d533) x10 0x00000000
core   0: 0x80003208 (0x00008daa) c.mv    s11, a0
core   0: 3 0x80003208 (0x8daa) x27 0x00000000
core   0: 0x8000320a (0x00008f69) c.and   a4, a0
core   0: 3 0x8000320a (0x8f69) x14 0x00000000
core   0: 0x8000320c (0x000086e1) c.srai  a3, 24
core   0: 3 0x8000320c (0x86e1) x13 0xffffffd5
core   0: 0x8000320e (0x8d008713) addi    a4, ra, -1840
core   0: 3 0x8000320e (0x8d008713) x14 0xfffff8cf
core   0: 0x80003212 (0x00009afd) c.andi  a3, -1
core   0: 3 0x80003212 (0x9afd) x13 0xffffffd5
core   0: 0x80003214 (0x01c9dc33) srl     s8, s3, t3
core   0: 3 0x80003214 (0x01c9dc33) x24 0x00001000
core   0: 0x80003218 (0x41e3d033) sra     zero, t2, t5
core   0: 3 0x80003218 (0x41e3d033)
core   0: 0x8000321c (0x01529093) slli    ra, t0, 21
core   0: 3 0x8000321c (0x01529093) x 1 0x25800000
core   0: 0x80003220 (0x00005e7d) c.li    t3, -1
core   0: 3 0x80003220 (0x5e7d) x28 0xffffffff
core   0: 0x80003222 (0x00000e18) c.addi4spn a4, sp, 784
core   0: 3 0x80003222 (0x0e18) x14 0x00000410
core   0: 0x80003224 (0x00000001) c.nop
core   0: 3 0x80003224 (0x0001)
core   0: 0x80003226 (0x010338b3) sltu    a7, t1, a6
core   0: 3 0x80003226 (0x010338b3) x17 0x00000000
core   0: 0x8000322a (0x02d5b833) mulhu   a6, a1, a3
core   0: 3 0x8000322a (0x02d5b833) x16 0x00000000
core   0: 0x8000322e (0xcf6f6d93) ori     s11, t5, -778
core   0: 3 0x8000322e (0xcf6f6d93) x27 0xfffffdfe
core   0: 0x80003232 (0xac2f6c13) ori     s8, t5, -1342
core   0: 3 0x80003232 (0xac2f6c13) x24 0xfffffbee
core   0: 0x80003236 (0x0000157d) c.addi  a0, -1
core   0: 3 0x80003236 (0x157d) x10 0xffffffff
core   0: 0x80003238 (0x467a7093) andi    ra, s4, 1127
core   0: 3 0x80003238 (0x467a7093) x 1 0x00000000
core   0: 0x8000323c (0x010780b3) add     ra, a5, a6
core   0: 3 0x8000323c (0x010780b3) x 1 0x8000ee65
core   0: 0x80003240 (0x01d9ce33) xor     t3, s3, t4
core   0: 3 0x80003240 (0x01d9ce33) x28 0x8800ee64
core   0: 0x80003244 (0x022f6db3) rem     s11, t5, sp
core   0: 3 0x80003244 (0x022f6db3) x27 0x0000002c
core   0: 0x80003248 (0x4091dc93) srai    s9, gp, 9
core   0: 3 0x80003248 (0x4091dc93) x25 0x00000000
core   0: 0x8000324c (0x02525033) divu    zero, tp, t0
core   0: 3 0x8000324c (0x02525033)
core   0: 0x80003250 (0x0000812d) c.srli  a0, 11
core   0: 3 0x80003250 (0x812d) x10 0x001fffff
core   0: 0x80003252 (0x00000001) c.nop
core   0: 3 0x80003252 (0x0001)
core   0: 0x80003254 (0x00e2fc33) and     s8, t0, a4
core   0: 3 0x80003254 (0x00e2fc33) x24 0x00000000
core   0: 0x80003258 (0xfe95fe93) andi    t4, a1, -23
core   0: 3 0x80003258 (0xfe95fe93) x29 0x00000000
core   0: 0x8000325c (0x03d0f0b3) remu    ra, ra, t4
core   0: 3 0x8000325c (0x03d0f0b3) x 1 0x8000ee65
core   0: 0x80003260 (0x00008ddd) c.or    a1, a5
core   0: 3 0x80003260 (0x8ddd) x11 0x8000ee65
core   0: 0x80003262 (0x00ab2db3) slt     s11, s6, a0
core   0: 3 0x80003262 (0x00ab2db3) x27 0x00000001
core   0: 0x80003266 (0x00008ccd) c.or    s1, a1
core   0: 3 0x80003266 (0x8ccd) x 9 0x8000ef6d
core   0: 0x80003268 (0x013ad013) srli    zero, s5, 19
core   0: 3 0x80003268 (0x013ad013)
core   0: 0x8000326c (0x00008e85) c.sub   a3, s1
core   0: 3 0x8000326c (0x8e85) x13 0x7fff1068
core   0: 0x8000326e (0x00000976) c.slli  s2, 29
core   0: 3 0x8000326e (0x0976) x18 0x40000000
core   0: 0x80003270 (0x009421b3) slt     gp, s0, s1
core   0: 3 0x80003270 (0x009421b3) x 3 0x00000000
core   0: 0x80003274 (0x41055433) sra     s0, a0, a6
core   0: 3 0x80003274 (0x41055433) x 8 0x001fffff
core   0: 0x80003278 (0x00008c31) c.xor   s0, a2
core   0: 3 0x80003278 (0x8c31) x 8 0x001fffff
core   0: 0x8000327a (0x00006849) c.lui   a6, 0x12
core   0: 3 0x8000327a (0x6849) x16 0x00012000
core   0: 0x8000327c (0x00008efd) c.and   a3, a5
core   0: 3 0x8000327c (0x8efd) x13 0x00000060
core   0: 0x8000327e (0x000084dd) c.srai  s1, 23
core   0: 3 0x8000327e (0x84dd) x 9 0xffffff00
core   0: 0x80003280 (0x00008115) c.srli  a0, 5
core   0: 3 0x80003280 (0x8115) x10 0x0000ffff
core   0: 0x80003282 (0x03c33433) mulhu   s0, t1, t3
core   0: 3 0x80003282 (0x03c33433) x 8 0x000000f4
core   0: 0x80003286 (0x41575c93) srai    s9, a4, 21
core   0: 3 0x80003286 (0x41575c93) x25 0x00000000
core   0: 0x8000328a (0x00c061b3) or      gp, zero, a2
core   0: 3 0x8000328a (0x00c061b3) x 3 0x00000000
core   0: 0x8000328e (0x00008ded) c.and   a1, a1
core   0: 3 0x8000328e (0x8ded) x11 0x8000ee65
core   0: 0x80003290 (0x00008efd) c.and   a3, a5
core   0: 3 0x80003290 (0x8efd) x13 0x00000060
core   0: 0x80003292 (0x010e9ab3) sll     s5, t4, a6
core   0: 3 0x80003292 (0x010e9ab3) x21 0x00000000
core   0: 0x80003296 (0x41b3dc93) srai    s9, t2, 27
core   0: 3 0x80003296 (0x41b3dc93) x25 0xfffffff0
core   0: 0x8000329a (0x028b7a33) remu    s4, s6, s0
core   0: 3 0x8000329a (0x028b7a33) x20 0x00000000
core   0: 0x8000329e (0x00008d95) c.sub   a1, a3
core   0: 3 0x8000329e (0x8d95) x11 0x8000ee05
core   0: 0x800032a0 (0x82aa56b7) lui     a3, 0x82aa5
core   0: 3 0x800032a0 (0x82aa56b7) x13 0x82aa5000
core   0: 0x800032a4 (0x008078b3) and     a7, zero, s0
core   0: 3 0x800032a4 (0x008078b3) x17 0x00000000
core   0: 0x800032a8 (0x00008515) c.srai  a0, 5
core   0: 3 0x800032a8 (0x8515) x10 0x000007ff
core   0: 0x800032aa (0x00006ff5) c.lui   t6, 0x1d
core   0: 3 0x800032aa (0x6ff5) x31 0x0001d000
core   0: 0x800032ac (0x0000829d) c.srli  a3, 7
core   0: 3 0x800032ac (0x829d) x13 0x010554a0
core   0: 0x800032ae (0x00000bc5) c.addi  s7, 17
core   0: 3 0x800032ae (0x0bc5) x23 0x000003ac
core   0: 0x800032b0 (0x01fa4cb3) xor     s9, s4, t6
core   0: 3 0x800032b0 (0x01fa4cb3) x25 0x0001d000
core   0: 0x800032b4 (0x00008461) c.srai  s0, 24
core   0: 3 0x800032b4 (0x8461) x 8 0x00000000
core   0: 0x800032b6 (0x8ab8beb7) lui     t4, 0x8ab8b
core   0: 3 0x800032b6 (0x8ab8beb7) x29 0x8ab8b000
core   0: 0x800032ba (0x00000001) c.nop
core   0: 3 0x800032ba (0x0001)
core   0: 0x800032bc (0x5445e593) ori     a1, a1, 1348
core   0: 3 0x800032bc (0x5445e593) x11 0x8000ef45
core   0: 0x800032c0 (0x000068ed) c.lui   a7, 0x1b
core   0: 3 0x800032c0 (0x68ed) x17 0x0001b000
core   0: 0x800032c2 (0x02516c33) rem     s8, sp, t0
core   0: 3 0x800032c2 (0x02516c33) x24 0x00000100
core   0: 0x800032c6 (0x28de4c93) xori    s9, t3, 653
core   0: 3 0x800032c6 (0x28de4c93) x25 0x8800ece9
core   0: 0x800032ca (0x001e3033) sltu    zero, t3, ra
core   0: 3 0x800032ca (0x001e3033)
core   0: 0x800032ce (0x00001284) c.addi4spn s1, sp, 352
core   0: 3 0x800032ce (0x1284) x 9 0x00000260
core   0: 0x800032d0 (0x0000840d) c.srai  s0, 3
core   0: 3 0x800032d0 (0x840d) x 8 0x00000000
core   0: 0x800032d2 (0x017665b3) or      a1, a2, s7
core   0: 3 0x800032d2 (0x017665b3) x11 0x000003ac
core   0: 0x800032d6 (0xb52bbb37) lui     s6, 0xb52bb
core   0: 3 0x800032d6 (0xb52bbb37) x22 0xb52bb000
core   0: 0x800032da (0x00008f39) c.xor   a4, a4
core   0: 3 0x800032da (0x8f39) x14 0x00000000
core   0: 0x800032dc (0x0276ba33) mulhu   s4, a3, t2
core   0: 3 0x800032dc (0x0276ba33) x20 0x0082ab83
core   0: 0x800032e0 (0x002bf733) and     a4, s7, sp
core   0: 3 0x800032e0 (0x002bf733) x14 0x00000100
core   0: 0x800032e4 (0x00006a5d) c.lui   s4, 0x17
core   0: 3 0x800032e4 (0x6a5d) x20 0x00017000
core   0: 0x800032e6 (0x2c295c37) lui     s8, 0x2c295
core   0: 3 0x800032e6 (0x2c295c37) x24 0x2c295000
core   0: 0x800032ea (0x01649833) sll     a6, s1, s6
core   0: 3 0x800032ea (0x01649833) x16 0x00000260
core   0: 0x800032ee (0x00008dd5) c.or    a1, a3
core   0: 3 0x800032ee (0x8dd5) x11 0x010557ac
core   0: 0x800032f0 (0x003aaab3) slt     s5, s5, gp
core   0: 3 0x800032f0 (0x003aaab3) x21 0x00000000
core   0: 0x800032f4 (0x413fddb3) sra     s11, t6, s3
core   0: 3 0x800032f4 (0x413fddb3) x27 0x00001d00
core   0: 0x800032f8 (0x000012fd) c.addi  t0, -1
core   0: 3 0x800032f8 (0x12fd) x 5 0x0000012b
core   0: 0x800032fa (0x00dec433) xor     s0, t4, a3
core   0: 3 0x800032fa (0x00dec433) x 8 0x8bbde4a0
core   0: 0x800032fe (0x0000717d) c.addi16sp sp, -16
core   0: 3 0x800032fe (0x717d) x 2 0x000000f0
core   0: 0x80003300 (0x00008425) c.srai  s0, 9
core   0: 3 0x80003300 (0x8425) x 8 0xffc5def2
core   0: 0x80003302 (0x40af06b3) sub     a3, t5, a0
core   0: 3 0x80003302 (0x40af06b3) x13 0xfffff92d
core   0: 0x80003306 (0x01119513) slli    a0, gp, 17
core   0: 3 0x80003306 (0x01119513) x10 0x00000000
core   0: 0x8000330a (0x00008aba) c.mv    s5, a4
core   0: 3 0x8000330a (0x8aba) x21 0x00000100
core   0: 0x8000330c (0x0073bab3) sltu    s5, t2, t2
core   0: 3 0x8000330c (0x0073bab3) x21 0x00000000
core   0: 0x80003310 (0x87cebb13) sltiu   s6, t4, -1924
core   0: 3 0x80003310 (0x87cebb13) x22 0x00000001
core   0: 0x80003314 (0x96b90c13) addi    s8, s2, -1685
core   0: 3 0x80003314 (0x96b90c13) x24 0x3ffff96b
core   0: 0x80003318 (0x019e1a13) slli    s4, t3, 25
core   0: 3 0x80003318 (0x019e1a13) x20 0xc8000000
core   0: 0x8000331c (0x4121d893) srai    a7, gp, 18
core   0: 3 0x8000331c (0x4121d893) x17 0x00000000
core   0: 0x80003320 (0x00be9e13) slli    t3, t4, 11
core   0: 3 0x80003320 (0x00be9e13) x28 0xc5800000
core   0: 0x80003324 (0x032cbe33) mulhu   t3, s9, s2
core   0: 3 0x80003324 (0x032cbe33) x28 0x22003b3a
core   0: 0x80003328 (0x00cc5833) srl     a6, s8, a2
core   0: 3 0x80003328 (0x00cc5833) x16 0x3ffff96b
core   0: 0x8000332c (0x41e80433) sub     s0, a6, t5
core   0: 3 0x8000332c (0x41e80433) x 8 0x3ffff83f
core   0: 0x80003330 (0x031da733) mulhsu  a4, s11, a7
core   0: 3 0x80003330 (0x031da733) x14 0x00000000
core   0: 0x80003334 (0x0000717d) c.addi16sp sp, -16
core   0: 3 0x80003334 (0x717d) x 2 0x000000e0
core   0: 0x80003336 (0x414a5d93) srai    s11, s4, 20
core   0: 3 0x80003336 (0x414a5d93) x27 0xfffffc80
core   0: 0x8000333a (0x0000987d) c.andi  s0, -1
core   0: 3 0x8000333a (0x987d) x 8 0x3ffff83f
core   0: 0x8000333c (0x00006235) c.lui   tp, 0xd
core   0: 3 0x8000333c (0x6235) x 4 0x0000d000
core   0: 0x8000333e (0x00008edd) c.or    a3, a5
core   0: 3 0x8000333e (0x8edd) x13 0xffffff6d
core   0: 0x80003340 (0x00008d75) c.and   a0, a3
core   0: 3 0x80003340 (0x8d75) x10 0x00000000
core   0: 0x80003342 (0x02da1d33) mulh    s10, s4, a3
core   0: 3 0x80003342 (0x02da1d33) x26 0x00000020
core   0: 0x80003346 (0x008e8133) add     sp, t4, s0
core   0: 3 0x80003346 (0x008e8133) x 2 0xcab8a83f
core   0: 0x8000334a (0x02bf9db3) mulh    s11, t6, a1
core   0: 3 0x8000334a (0x02bf9db3) x27 0x000001d9
core   0: 0x8000334e (0x87d95297) auipc   t0, 0x87d95
core   0: 3 0x8000334e (0x87d95297) x 5 0x07d9834e
core   0: 0x80003352 (0x0000996a) c.add   s2, s10
core   0: 3 0x80003352 (0x996a) x18 0x40000020
core   0: 0x80003354 (0x00b49413) slli    s0, s1, 11
core   0: 3 0x80003354 (0x00b49413) x 8 0x00130000
core   0: 0x80003358 (0x00f31493) slli    s1, t1, 15
core   0: 3 0x80003358 (0x00f31493) x 9 0x00e68000
core   0: 0x8000335c (0x00000976) c.slli  s2, 29
core   0: 3 0x8000335c (0x0976) x18 0x00000000
core   0: 0x8000335e (0x006aef33) or      t5, s5, t1
core   0: 3 0x8000335e (0x006aef33) x30 0x000001cd
core   0: 0x80003362 (0x0004a1b3) slt     gp, s1, zero
core   0: 3 0x80003362 (0x0004a1b3) x 3 0x00000000
core   0: 0x80003366 (0x0000117d) c.addi  sp, -1
core   0: 3 0x80003366 (0x117d) x 2 0xcab8a83e
core   0: 0x80003368 (0x03bcac33) mulhsu  s8, s9, s11
core   0: 3 0x80003368 (0x03bcac33) x24 0xffffff22
core   0: 0x8000336c (0xde686293) ori     t0, a6, -538
core   0: 3 0x8000336c (0xde686293) x 5 0xfffffdef
core   0: 0x80003370 (0x00762b33) slt     s6, a2, t2
core   0: 3 0x80003370 (0x00762b33) x22 0x00000000
core   0: 0x80003374 (0x1e89a713) slti    a4, s3, 488
core   0: 3 0x80003374 (0x1e89a713) x14 0x00000001
core   0: 0x80003378 (0x00008c6d) c.and   s0, a1
core   0: 3 0x80003378 (0x8c6d) x 8 0x00010000
core   0: 0x8000337a (0xd0d99137) lui     sp, 0xd0d99
core   0: 3 0x8000337a (0xd0d99137) x 2 0xd0d99000
core   0: 0x8000337e (0x02287f33) remu    t5, a6, sp
core   0: 3 0x8000337e (0x02287f33) x30 0x3ffff96b
core   0: 0x80003382 (0x00000280) c.addi4spn s0, sp, 320
core   0: 3 0x80003382 (0x0280) x 8 0xd0d99140
core   0: 0x80003384 (0x61e9b913) sltiu   s2, s3, 1566
core   0: 3 0x80003384 (0x61e9b913) x18 0x00000000
core   0: 0x80003388 (0x00001600) c.addi4spn s0, sp, 800
core   0: 3 0x80003388 (0x1600) x 8 0xd0d99320
core   0: 0x8000338a (0x0000016e) c.slli  sp, 27
core   0: 3 0x8000338a (0x016e) x 2 0x00000000
core   0: 0x8000338c (0x00008ca9) c.xor   s1, a0
core   0: 3 0x8000338c (0x8ca9) x 9 0x00e68000
core   0: 0x8000338e (0x00009362) c.add   t1, s8
core   0: 3 0x8000338e (0x9362) x 6 0x000000ef
core   0: 0x80003390 (0xd159e217) auipc   tp, 0xd159e
core   0: 3 0x80003390 (0xd159e217) x 4 0x515a1390
core   0: 0x80003394 (0x000065a5) c.lui   a1, 0x9
core   0: 3 0x80003394 (0x65a5) x11 0x00009000
core   0: 0x80003396 (0x00008eca) c.mv    t4, s2
core   0: 3 0x80003396 (0x8eca) x29 0x00000000
core   0: 0x80003398 (0x0000717d) c.addi16sp sp, -16
core   0: 3 0x80003398 (0x717d) x 2 0xfffffff0
core   0: 0x8000339a (0x01f45533) srl     a0, s0, t6
core   0: 3 0x8000339a (0x01f45533) x10 0xd0d99320
core   0: 0x8000339e (0x037ce2b3) rem     t0, s9, s7
core   0: 3 0x8000339e (0x037ce2b3) x 5 0xfffffd4d
core   0: 0x800033a2 (0x02fa8ab3) mul     s5, s5, a5
core   0: 3 0x800033a2 (0x02fa8ab3) x21 0x00000000
core   0: 0x800033a6 (0x00008ea9) c.xor   a3, a0
core   0: 3 0x800033a6 (0x8ea9) x13 0x2f266c4d
core   0: 0x800033a8 (0xba72ef13) ori     t5, t0, -1113
core   0: 3 0x800033a8 (0xba72ef13) x30 0xffffffef
core   0: 0x800033ac (0x00004a05) c.li    s4, 1
core   0: 3 0x800033ac (0x4a05) x20 0x00000001
core   0: 0x800033ae (0x00004efd) c.li    t4, 31
core   0: 3 0x800033ae (0x4efd) x29 0x0000001f
core   0: 0x800033b0 (0x026e2bb3) mulhsu  s7, t3, t1
core   0: 3 0x800033b0 (0x026e2bb3) x23 0x0000001f
core   0: 0x800033b4 (0x00009e8e) c.add   t4, gp
core   0: 3 0x800033b4 (0x9e8e) x29 0x0000001f
core   0: 0x800033b6 (0x00008ce1) c.and   s1, s0
core   0: 3 0x800033b6 (0x8ce1) x 9 0x00c08000
core   0: 0x800033b8 (0x4014d913) srai    s2, s1, 1
core   0: 3 0x800033b8 (0x4014d913) x18 0x00604000
core   0: 0x800033bc (0x01f38bb3) add     s7, t2, t6
core   0: 3 0x800033bc (0x01f38bb3) x23 0x8002fce4
core   0: 0x800033c0 (0x00008345) c.srli  a4, 17
core   0: 3 0x800033c0 (0x8345) x14 0x00000000
core   0: 0x800033c2 (0x01145513) srli    a0, s0, 17
core   0: 3 0x800033c2 (0x01145513) x10 0x0000686c
core   0: 0x800033c6 (0x40d7d833) sra     a6, a5, a3
core   0: 3 0x800033c6 (0x40d7d833) x16 0xfffc0007
core   0: 0x800033ca (0x026f54b3) divu    s1, t5, t1
core   0: 3 0x800033ca (0x026f54b3) x 9 0x0112358e
core   0: 0x800033ce (0x41e28ab3) sub     s5, t0, t5
core   0: 3 0x800033ce (0x41e28ab3) x21 0xfffffd5e
core   0: 0x800033d2 (0xaccb4a13) xori    s4, s6, -1332
core   0: 3 0x800033d2 (0xaccb4a13) x20 0xfffffacc
core   0: 0x800033d6 (0x02527f33) remu    t5, tp, t0
core   0: 3 0x800033d6 (0x02527f33) x30 0x515a1390
core   0: 0x800033da (0x000084f5) c.srai  s1, 29
core   0: 3 0x800033da (0x84f5) x 9 0x00000000
core   0: 0x800033dc (0x01791033) sll     zero, s2, s7
core   0: 3 0x800033dc (0x01791033)
core   0: 0x800033e0 (0x22e74813) xori    a6, a4, 558
core   0: 3 0x800033e0 (0x22e74813) x16 0x0000022e
core   0: 0x800033e4 (0x00000216) c.slli  tp, 5
core   0: 3 0x800033e4 (0x0216) x 4 0x2b427200
core   0: 0x800033e6 (0x00008ce1) c.and   s1, s0
core   0: 3 0x800033e6 (0x8ce1) x 9 0x00000000
core   0: 0x800033e8 (0x008bfc33) and     s8, s7, s0
core   0: 3 0x800033e8 (0x008bfc33) x24 0x80009020
core   0: 0x800033ec (0x00e50db3) add     s11, a0, a4
core   0: 3 0x800033ec (0x00e50db3) x27 0x0000686c
core   0: 0x800033f0 (0x00008071) c.srli  s0, 28
core   0: 3 0x800033f0 (0x8071) x 8 0x0000000d
core   0: 0x800033f2 (0xb9ad7813) andi    a6, s10, -1126
core   0: 3 0x800033f2 (0xb9ad7813) x16 0x00000000
core   0: 0x800033f6 (0x00c41433) sll     s0, s0, a2
core   0: 3 0x800033f6 (0x00c41433) x 8 0x0000000d
core   0: 0x800033fa (0x00d73eb3) sltu    t4, a4, a3
core   0: 3 0x800033fa (0x00d73eb3) x29 0x00000001
core   0: 0x800033fe (0x00008efd) c.and   a3, a5
core   0: 3 0x800033fe (0x8efd) x13 0x00006c45
core   0: 0x80003400 (0x0379af33) mulhsu  t5, s3, s7
core   0: 3 0x80003400 (0x0379af33) x30 0xbffef8c2
core   0: 0x80003404 (0x00008d55) c.or    a0, a3
core   0: 3 0x80003404 (0x8d55) x10 0x00006c6d
core   0: 0x80003406 (0x4094d893) srai    a7, s1, 9
core   0: 3 0x80003406 (0x4094d893) x17 0x00000000
core   0: 0x8000340a (0x00000918) c.addi4spn a4, sp, 144
core   0: 3 0x8000340a (0x0918) x14 0x00000080
core   0: 0x8000340c (0x000081c9) c.srli  a1, 18
core   0: 3 0x8000340c (0x81c9) x11 0x00000000
core   0: 0x8000340e (0x00001d98) c.addi4spn a4, sp, 752
core   0: 3 0x8000340e (0x1d98) x14 0x000002e0
core   0: 0x80003410 (0x00008b92) c.mv    s7, tp
core   0: 3 0x80003410 (0x8b92) x23 0x2b427200
core   0: 0x80003412 (0xdb2af793) andi    a5, s5, -590
core   0: 3 0x80003412 (0xdb2af793) x15 0xfffffd12
core   0: 0x80003416 (0xbbe42e13) slti    t3, s0, -1090
core   0: 3 0x80003416 (0xbbe42e13) x28 0x00000000
core   0: 0x8000341a (0x00000001) c.nop
core   0: 3 0x8000341a (0x0001)
core   0: 0x8000341c (0x03b31ab3) mulh    s5, t1, s11
core   0: 3 0x8000341c (0x03b31ab3) x21 0x00000000
core   0: 0x80003420 (0xfe58cc13) xori    s8, a7, -27
core   0: 3 0x80003420 (0xfe58cc13) x24 0xffffffe5
core   0: 0x80003424 (0xd1c36413) ori     s0, t1, -740
core   0: 3 0x80003424 (0xd1c36413) x 8 0xfffffdff
core   0: 0x80003428 (0x113b7693) andi    a3, s6, 275
core   0: 3 0x80003428 (0x113b7693) x13 0x00000000
core   0: 0x8000342c (0x40ba86b3) sub     a3, s5, a1
core   0: 3 0x8000342c (0x40ba86b3) x13 0x00000000
core   0: 0x80003430 (0x41f28c33) sub     s8, t0, t6
core   0: 3 0x80003430 (0x41f28c33) x24 0xfffe2d4d
core   0: 0x80003434 (0x000098fa) c.add   a7, t5
core   0: 3 0x80003434 (0x98fa) x17 0xbffef8c2
core   0: 0x80003436 (0x00004c75) c.li    s8, 29
core   0: 3 0x80003436 (0x4c75) x24 0x0000001d
core   0: 0x80003438 (0x00a35db3) srl     s11, t1, a0
core   0: 3 0x80003438 (0x00a35db3) x27 0x00000000
core   0: 0x8000343c (0x00008ea1) c.xor   a3, s0
core   0: 3 0x8000343c (0x8ea1) x13 0xfffffdff
core   0: 0x8000343e (0xeaea2d93) slti    s11, s4, -338
core   0: 3 0x8000343e (0xeaea2d93) x27 0x00000001
core   0: 0x80003442 (0x02dbbfb3) mulhu   t6, s7, a3
core   0: 3 0x80003442 (0x02dbbfb3) x31 0x2b4271a9
core   0: 0x80003446 (0xf171aa93) slti    s5, gp, -233
core   0: 3 0x80003446 (0xf171aa93) x21 0x00000000
core   0: 0x8000344a (0x00008d11) c.sub   a0, a2
core   0: 3 0x8000344a (0x8d11) x10 0x00006c6d
core   0: 0x8000344c (0xb45e4a13) xori    s4, t3, -1211
core   0: 3 0x8000344c (0xb45e4a13) x20 0xfffffb45
core   0: 0x80003450 (0x02de07b3) mul     a5, t3, a3
core   0: 3 0x80003450 (0x02de07b3) x15 0x00000000
core   0: 0x80003454 (0x033b7733) remu    a4, s6, s3
core   0: 3 0x80003454 (0x033b7733) x14 0x00000000
core   0: 0x80003458 (0x00df5c93) srli    s9, t5, 13
core   0: 3 0x80003458 (0x00df5c93) x25 0x0005fff7
core   0: 0x8000345c (0x03bb6733) rem     a4, s6, s11
core   0: 3 0x8000345c (0x03bb6733) x14 0x00000000
core   0: 0x80003460 (0xaaa1a813) slti    a6, gp, -1366
core   0: 3 0x80003460 (0xaaa1a813) x16 0x00000000
core   0: 0x80003464 (0x40a88133) sub     sp, a7, a0
core   0: 3 0x80003464 (0x40a88133) x 2 0xbffe8c55
core   0: 0x80003468 (0x02875433) divu    s0, a4, s0
core   0: 3 0x80003468 (0x02875433) x 8 0x00000000
core   0: 0x8000346c (0xca1ab0b7) lui     ra, 0xca1ab
core   0: 3 0x8000346c (0xca1ab0b7) x 1 0xca1ab000
core   0: 0x80003470 (0x02f74e33) div     t3, a4, a5
core   0: 3 0x80003470 (0x02f74e33) x28 0xffffffff
core   0: 0x80003474 (0x000bc333) xor     t1, s7, zero
core   0: 3 0x80003474 (0x000bc333) x 6 0x2b427200
core   0: 0x80003478 (0x48523d93) sltiu   s11, tp, 1157
core   0: 3 0x80003478 (0x48523d93) x27 0x00000000
core   0: 0x8000347c (0x000080b5) c.srli  s1, 13
core   0: 3 0x8000347c (0x80b5) x 9 0x00000000
core   0: 0x8000347e (0x61883717) auipc   a4, 0x61883
core   0: 3 0x8000347e (0x61883717) x14 0xe188647e
core   0: 0x80003482 (0x01f80433) add     s0, a6, t6
core   0: 3 0x80003482 (0x01f80433) x 8 0x2b4271a9
core   0: 0x80003486 (0x00008ea5) c.xor   a3, s1
core   0: 3 0x80003486 (0x8ea5) x13 0xfffffdff
core   0: 0x80003488 (0x00008439) c.srai  s0, 14
core   0: 3 0x80003488 (0x8439) x 8 0x0000ad09
core   0: 0x8000348a (0x01d3f0b3) and     ra, t2, t4
core   0: 3 0x8000348a (0x01d3f0b3) x 1 0x00000000
core   0: 0x8000348e (0x0000888a) c.mv    a7, sp
core   0: 3 0x8000348e (0x888a) x17 0xbffe8c55
core   0: 0x80003490 (0x03245d33) divu    s10, s0, s2
core   0: 3 0x80003490 (0x03245d33) x26 0x00000000
core   0: 0x80003494 (0x3568f293) andi    t0, a7, 854
core   0: 3 0x80003494 (0x3568f293) x 5 0x00000054
core   0: 0x80003498 (0x00008cf2) c.mv    s9, t3
core   0: 3 0x80003498 (0x8cf2) x25 0xffffffff
core   0: 0x8000349a (0x000081ed) c.srli  a1, 27
core   0: 3 0x8000349a (0x81ed) x11 0x00000000
core   0: 0x8000349c (0x9bb3a793) slti    a5, t2, -1605
core   0: 3 0x8000349c (0x9bb3a793) x15 0x00000001
core   0: 0x800034a0 (0x0308a0b3) mulhsu  ra, a7, a6
core   0: 3 0x800034a0 (0x0308a0b3) x 1 0x00000000
core   0: 0x800034a4 (0x00008fb1) c.xor   a5, a2
core   0: 3 0x800034a4 (0x8fb1) x15 0x00000001
core   0: 0x800034a6 (0x00008c35) c.xor   s0, a3
core   0: 3 0x800034a6 (0x8c35) x 8 0xffff50f6
core   0: 0x800034a8 (0x000046b9) c.li    a3, 14
core   0: 3 0x800034a8 (0x46b9) x13 0x0000000e
core   0: 0x800034aa (0x00008c31) c.xor   s0, a2
core   0: 3 0x800034aa (0x8c31) x 8 0xffff50f6
core   0: 0x800034ac (0x000088e1) c.andi  s1, 24
core   0: 3 0x800034ac (0x88e1) x 9 0x00000000
core   0: 0x800034ae (0x000088e9) c.andi  s1, 26
core   0: 3 0x800034ae (0x88e9) x 9 0x00000000
core   0: 0x800034b0 (0xa27f6d13) ori     s10, t5, -1497
core   0: 3 0x800034b0 (0xa27f6d13) x26 0xfffffae7
core   0: 0x800034b4 (0x000097a2) c.add   a5, s0
core   0: 3 0x800034b4 (0x97a2) x15 0xffff50f7
core   0: 0x800034b6 (0x000091fa) c.add   gp, t5
core   0: 3 0x800034b6 (0x91fa) x 3 0xbffef8c2
core   0: 0x800034b8 (0x000087c2) c.mv    a5, a6
core   0: 3 0x800034b8 (0x87c2) x15 0x00000000
core   0: 0x800034ba (0x000081a5) c.srli  a1, 9
core   0: 3 0x800034ba (0x81a5) x11 0x00000000
core   0: 0x800034bc (0x00008252) c.mv    tp, s4
core   0: 3 0x800034bc (0x8252) x 4 0xfffffb45
core   0: 0x800034be (0x4c230237) lui     tp, 0x4c230
core   0: 3 0x800034be (0x4c230237) x 4 0x4c230000
core   0: 0x800034c2 (0x01449a33) sll     s4, s1, s4
core   0: 3 0x800034c2 (0x01449a33) x20 0x00000000
core   0: 0x800034c6 (0x03508133) mul     sp, ra, s5
core   0: 3 0x800034c6 (0x03508133) x 2 0x00000000
core   0: 0x800034ca (0x01aef533) and     a0, t4, s10
core   0: 3 0x800034ca (0x01aef533) x10 0x00000001
core   0: 0x800034ce (0x00000001) c.nop
core   0: 3 0x800034ce (0x0001)
core   0: 0x800034d0 (0x00008091) c.srli  s1, 4
core   0: 3 0x800034d0 (0x8091) x 9 0x00000000
core   0: 0x800034d2 (0x000010fd) c.addi  ra, -1
core   0: 3 0x800034d2 (0x10fd) x 1 0xffffffff
core   0: 0x800034d4 (0x02ba2533) mulhsu  a0, s4, a1
core   0: 3 0x800034d4 (0x02ba2533) x10 0x00000000
core   0: 0x800034d8 (0x01868ab3) add     s5, a3, s8
core   0: 3 0x800034d8 (0x01868ab3) x21 0x0000002b
core   0: 0x800034dc (0x00004259) c.li    tp, 22
core   0: 3 0x800034dc (0x4259) x 4 0x00000016
core   0: 0x800034de (0x41930033) sub     zero, t1, s9
core   0: 3 0x800034de (0x41930033)
core   0: 0x800034e2 (0x00008d7d) c.and   a0, a5
core   0: 3 0x800034e2 (0x8d7d) x10 0x00000000
core   0: 0x800034e4 (0x00008c0d) c.sub   s0, a1
core   0: 3 0x800034e4 (0x8c0d) x 8 0xffff50f6
core   0: 0x800034e6 (0x00006a51) c.lui   s4, 0x14
core   0: 3 0x800034e6 (0x6a51) x20 0x00014000
core   0: 0x800034e8 (0x0000197d) c.addi  s2, -1
core   0: 3 0x800034e8 (0x197d) x18 0x00603fff
core   0: 0x800034ea (0x00000001) c.nop
core   0: 3 0x800034ea (0x0001)
core   0: 0x800034ec (0x000090fa) c.add   ra, t5
core   0: 3 0x800034ec (0x90fa) x 1 0xbffef8c1
core   0: 0x800034ee (0x00ea71b3) and     gp, s4, a4
core   0: 3 0x800034ee (0x00ea71b3) x 3 0x00004000
core   0: 0x800034f2 (0x00008ec5) c.or    a3, s1
core   0: 3 0x800034f2 (0x8ec5) x13 0x0000000e
core   0: 0x800034f4 (0x97478c93) addi    s9, a5, -1676
core   0: 3 0x800034f4 (0x97478c93) x25 0xfffff974
core   0: 0x800034f8 (0xbb570237) lui     tp, 0xbb570
core   0: 3 0x800034f8 (0xbb570237) x 4 0xbb570000
core   0: 0x800034fc (0x01dcfbb3) and     s7, s9, t4
core   0: 3 0x800034fc (0x01dcfbb3) x23 0x00000000
core   0: 0x80003500 (0x02d28533) mul     a0, t0, a3
core   0: 3 0x80003500 (0x02d28533) x10 0x00000498
core   0: 0x80003504 (0x01ce2933) slt     s2, t3, t3
core   0: 3 0x80003504 (0x01ce2933) x18 0x00000000
core   0: 0x80003508 (0x009dd413) srli    s0, s11, 9
core   0: 3 0x80003508 (0x009dd413) x 8 0x00000000
core   0: 0x8000350c (0x0221d433) divu    s0, gp, sp
core   0: 3 0x8000350c (0x0221d433) x 8 0xffffffff
core   0: 0x80003510 (0x001a20b3) slt     ra, s4, ra
core   0: 3 0x80003510 (0x001a20b3) x 1 0x00000000
core   0: 0x80003514 (0x00006bb5) c.lui   s7, 0xd
core   0: 3 0x80003514 (0x6bb5) x23 0x0000d000
core   0: 0x80003516 (0x00000e6d) c.addi  t3, 27
core   0: 3 0x80003516 (0x0e6d) x28 0x0000001a
core   0: 0x80003518 (0x0000804d) c.srli  s0, 19
core   0: 3 0x80003518 (0x804d) x 8 0x00001fff
core   0: 0x8000351a (0x7413af13) slti    t5, t2, 1857
core   0: 3 0x8000351a (0x7413af13) x30 0x00000001
core   0: 0x8000351e (0x00008a89) c.andi  a3, 2
core   0: 3 0x8000351e (0x8a89) x13 0x00000002
core   0: 0x80003520 (0x00008fc9) c.or    a5, a0
core   0: 3 0x80003520 (0x8fc9) x15 0x00000498
core   0: 0x80003522 (0x00e2eeb3) or      t4, t0, a4
core   0: 3 0x80003522 (0x00e2eeb3) x29 0xe188647e
core   0: 0x80003526 (0x0063eb33) or      s6, t2, t1
core   0: 3 0x80003526 (0x0063eb33) x22 0xab437ee4
core   0: 0x8000352a (0x00008c79) c.and   s0, a4
core   0: 3 0x8000352a (0x8c79) x 8 0x0000047e
core   0: 0x8000352c (0x00200033) add     zero, zero, sp
core   0: 3 0x8000352c (0x00200033)
core   0: 0x80003530 (0x010ec533) xor     a0, t4, a6
core   0: 3 0x80003530 (0x010ec533) x10 0xe188647e
core   0: 0x80003534 (0x02777d33) remu    s10, a4, t2
core   0: 3 0x80003534 (0x02777d33) x26 0x6187379a
core   0: 0x80003538 (0xa8fa4e93) xori    t4, s4, -1393
core   0: 3 0x80003538 (0xa8fa4e93) x29 0xfffeba8f
core   0: 0x8000353c (0x01eb2c33) slt     s8, s6, t5
core   0: 3 0x8000353c (0x01eb2c33) x24 0x00000001
core   0: 0x80003540 (0xdc983a93) sltiu   s5, a6, -567
core   0: 3 0x80003540 (0xdc983a93) x21 0x00000001
core   0: 0x80003544 (0x01069cb3) sll     s9, a3, a6
core   0: 3 0x80003544 (0x01069cb3) x25 0x00000002
core   0: 0x80003548 (0x029d5733) divu    a4, s10, s1
core   0: 3 0x80003548 (0x029d5733) x14 0xffffffff
core   0: 0x8000354c (0x419d0cb3) sub     s9, s10, s9
core   0: 3 0x8000354c (0x419d0cb3) x25 0x61873798
core   0: 0x80003550 (0x591ee013) ori     zero, t4, 1425
core   0: 3 0x80003550 (0x591ee013)
core   0: 0x80003554 (0x41935f13) srai    t5, t1, 25
core   0: 3 0x80003554 (0x41935f13) x30 0x00000015
core   0: 0x80003558 (0x01431533) sll     a0, t1, s4
core   0: 3 0x80003558 (0x01431533) x10 0x2b427200
core   0: 0x8000355c (0x00001c7d) c.addi  s8, -1
core   0: 3 0x8000355c (0x1c7d) x24 0x00000000
core   0: 0x8000355e (0x03417e33) remu    t3, sp, s4
core   0: 3 0x8000355e (0x03417e33) x28 0x00000000
core   0: 0x80003562 (0x014f5f33) srl     t5, t5, s4
core   0: 3 0x80003562 (0x014f5f33) x30 0x00000015
core   0: 0x80003566 (0x029d14b3) mulh    s1, s10, s1
core   0: 3 0x80003566 (0x029d14b3) x 9 0x00000000
core   0: 0x8000356a (0x00000001) c.nop
core   0: 3 0x8000356a (0x0001)
core   0: 0x8000356c (0x00008f6d) c.and   a4, a1
core   0: 3 0x8000356c (0x8f6d) x14 0x00000000
core   0: 0x8000356e (0x009c8ab3) add     s5, s9, s1
core   0: 3 0x8000356e (0x009c8ab3) x21 0x61873798
core   0: 0x80003572 (0x03cd9fb3) mulh    t6, s11, t3
core   0: 3 0x80003572 (0x03cd9fb3) x31 0x00000000
core   0: 0x80003576 (0x00000480) c.addi4spn s0, sp, 576
core   0: 3 0x80003576 (0x0480) x 8 0x00000240
core   0: 0x80003578 (0x0000049e) c.slli  s1, 7
core   0: 3 0x80003578 (0x049e) x 9 0x00000000
core   0: 0x8000357a (0x02961533) mulh    a0, a2, s1
core   0: 3 0x8000357a (0x02961533) x10 0x00000000
core   0: 0x8000357e (0x00f36233) or      tp, t1, a5
core   0: 3 0x8000357e (0x00f36233) x 4 0x2b427698
core   0: 0x80003582 (0x00008c5d) c.or    s0, a5
core   0: 3 0x80003582 (0x8c5d) x 8 0x000006d8
core   0: 0x80003584 (0x01b7bcb3) sltu    s9, a5, s11
core   0: 3 0x80003584 (0x01b7bcb3) x25 0x00000000
core   0: 0x80003588 (0x00006199) c.lui   gp, 0x6
core   0: 3 0x80003588 (0x6199) x 3 0x00006000
core   0: 0x8000358a (0x02f29433) mulh    s0, t0, a5
core   0: 3 0x8000358a (0x02f29433) x 8 0x00000000
core   0: 0x8000358e (0x012b00b3) add     ra, s6, s2
core   0: 3 0x8000358e (0x012b00b3) x 1 0xab437ee4
core   0: 0x80003592 (0x70ea6b93) ori     s7, s4, 1806
core   0: 3 0x80003592 (0x70ea6b93) x23 0x0001470e
core   0: 0x80003596 (0x006bbd33) sltu    s10, s7, t1
core   0: 3 0x80003596 (0x006bbd33) x26 0x00000001
core   0: 0x8000359a (0xa8b58b93) addi    s7, a1, -1397
core   0: 3 0x8000359a (0xa8b58b93) x23 0xfffffa8b
core   0: 0x8000359e (0x027252b3) divu    t0, tp, t2
core   0: 3 0x8000359e (0x027252b3) x 5 0x00000000
core   0: 0x800035a2 (0x023247b3) div     a5, tp, gp
core   0: 3 0x800035a2 (0x023247b3) x15 0x0000735b
core   0: 0x800035a6 (0xbda68793) addi    a5, a3, -1062
core   0: 3 0x800035a6 (0xbda68793) x15 0xfffffbdc
core   0: 0x800035aa (0x00008015) c.srli  s0, 5
core   0: 3 0x800035aa (0x8015) x 8 0x00000000
core   0: 0x800035ac (0x0000717d) c.addi16sp sp, -16
core   0: 3 0x800035ac (0x717d) x 2 0xfffffff0
core   0: 0x800035ae (0x413f87b3) sub     a5, t6, s3
core   0: 3 0x800035ae (0x413f87b3) x15 0x7fff119c
core   0: 0x800035b2 (0x00000001) c.nop
core   0: 3 0x800035b2 (0x0001)
core   0: 0x800035b4 (0x0000537d) c.li    t1, -1
core   0: 3 0x800035b4 (0x537d) x 6 0xffffffff
core   0: 0x800035b6 (0x00006135) c.addi16sp sp, 352
core   0: 3 0x800035b6 (0x6135) x 2 0x00000150
core   0: 0x800035b8 (0x015a1833) sll     a6, s4, s5
core   0: 3 0x800035b8 (0x015a1833) x16 0x00000000
core   0: 0x800035bc (0x000089f9) c.andi  a1, 30
core   0: 3 0x800035bc (0x89f9) x11 0x00000000
core   0: 0x800035be (0x038ad5b3) divu    a1, s5, s8
core   0: 3 0x800035be (0x038ad5b3) x11 0xffffffff
core   0: 0x800035c2 (0x1cb1c213) xori    tp, gp, 459
core   0: 3 0x800035c2 (0x1cb1c213) x 4 0x000061cb
core   0: 0x800035c6 (0x00809f33) sll     t5, ra, s0
core   0: 3 0x800035c6 (0x00809f33) x30 0xab437ee4
core   0: 0x800035ca (0x00005efd) c.li    t4, -1
core   0: 3 0x800035ca (0x5efd) x29 0xffffffff
core   0: 0x800035cc (0x000086b5) c.srai  a3, 13
core   0: 3 0x800035cc (0x86b5) x13 0x00000000
core   0: 0x800035ce (0x00001180) c.addi4spn s0, sp, 224
core   0: 3 0x800035ce (0x1180) x 8 0x00000230
core   0: 0x800035d0 (0x0000874d) c.srai  a4, 19
core   0: 3 0x800035d0 (0x874d) x14 0x00000000
core   0: 0x800035d2 (0x00acc7b3) xor     a5, s9, a0
core   0: 3 0x800035d2 (0x00acc7b3) x15 0x00000000
core   0: 0x800035d6 (0x022e77b3) remu    a5, t3, sp
core   0: 3 0x800035d6 (0x022e77b3) x15 0x00000000
core   0: 0x800035da (0x02587f13) andi    t5, a6, 37
core   0: 3 0x800035da (0x02587f13) x30 0x00000000
core   0: 0x800035de (0x0008eeb3) or      t4, a7, zero
core   0: 3 0x800035de (0x0008eeb3) x29 0xbffe8c55
core   0: 0x800035e2 (0x03646b33) rem     s6, s0, s6
core   0: 3 0x800035e2 (0x03646b33) x22 0x00000230
core   0: 0x800035e6 (0x0171beb3) sltu    t4, gp, s7
core   0: 3 0x800035e6 (0x0171beb3) x29 0x00000001
core   0: 0x800035ea (0x00837533) and     a0, t1, s0
core   0: 3 0x800035ea (0x00837533) x10 0x00000230
core   0: 0x800035ee (0x00009afd) c.andi  a3, -1
core   0: 3 0x800035ee (0x9afd) x13 0x00000000
core   0: 0x800035f0 (0x00008771) c.srai  a4, 28
core   0: 3 0x800035f0 (0x8771) x14 0x00000000
core   0: 0x800035f2 (0xae43d497) auipc   s1, 0xae43d
core   0: 3 0x800035f2 (0xae43d497) x 9 0x2e4405f2
core   0: 0x800035f6 (0x41ed5333) sra     t1, s10, t5
core   0: 3 0x800035f6 (0x41ed5333) x 6 0x00000001
core   0: 0x800035fa (0x40cd5d13) srai    s10, s10, 12
core   0: 3 0x800035fa (0x40cd5d13) x26 0x00000000
core   0: 0x800035fe (0x0000057e) c.slli  a0, 31
core   0: 3 0x800035fe (0x057e) x10 0x00000000
core   0: 0x80003600 (0x02d571b3) remu    gp, a0, a3
core   0: 3 0x80003600 (0x02d571b3) x 3 0x00000000
core   0: 0x80003604 (0x00008735) c.srai  a4, 13
core   0: 3 0x80003604 (0x8735) x14 0x00000000
core   0: 0x80003606 (0x8246a693) slti    a3, a3, -2012
core   0: 3 0x80003606 (0x8246a693) x13 0x00000000
core   0: 0x8000360a (0x00006531) c.lui   a0, 0xc
core   0: 3 0x8000360a (0x6531) x10 0x0000c000
core   0: 0x8000360c (0x016c2a33) slt     s4, s8, s6
core   0: 3 0x8000360c (0x016c2a33) x20 0x00000001
core   0: 0x80003610 (0xdbf40113) addi    sp, s0, -577
core   0: 3 0x80003610 (0xdbf40113) x 2 0xffffffef
core   0: 0x80003614 (0x00ffe433) or      s0, t6, a5
core   0: 3 0x80003614 (0x00ffe433) x 8 0x00000000
core   0: 0x80003618 (0x5f528a93) addi    s5, t0, 1525
core   0: 3 0x80003618 (0x5f528a93) x21 0x000005f5
core   0: 0x8000361c (0x02cefb33) remu    s6, t4, a2
core   0: 3 0x8000361c (0x02cefb33) x22 0x00000001
core   0: 0x80003620 (0x0223c533) div     a0, t2, sp
core   0: 3 0x80003620 (0x0223c533) x10 0x078775d4
core   0: 0x80003624 (0x00000001) c.nop
core   0: 3 0x80003624 (0x0001)
core   0: 0x80003626 (0x0000717d) c.addi16sp sp, -16
core   0: 3 0x80003626 (0x717d) x 2 0xffffffdf
core   0: 0x80003628 (0x0000717d) c.addi16sp sp, -16
core   0: 3 0x80003628 (0x717d) x 2 0xffffffcf
core   0: 0x8000362a (0x034b7933) remu    s2, s6, s4
core   0: 3 0x8000362a (0x034b7933) x18 0x00000000
core   0: 0x8000362e (0x0320fb33) remu    s6, ra, s2
core   0: 3 0x8000362e (0x0320fb33) x22 0xab437ee4
core   0: 0x80003632 (0x41a68233) sub     tp, a3, s10
core   0: 3 0x80003632 (0x41a68233) x 4 0x00000000
core   0: 0x80003636 (0x0000804d) c.srli  s0, 19
core   0: 3 0x80003636 (0x804d) x 8 0x00000000
core   0: 0x80003638 (0x00008eb5) c.xor   a3, a3
core   0: 3 0x80003638 (0x8eb5) x13 0x00000000
core   0: 0x8000363a (0xb9b66d13) ori     s10, a2, -1125
core   0: 3 0x8000363a (0xb9b66d13) x26 0xfffffb9b
core   0: 0x8000363e (0x03f0fe33) remu    t3, ra, t6
core   0: 3 0x8000363e (0x03f0fe33) x28 0xab437ee4
core   0: 0x80003642 (0x012cb233) sltu    tp, s9, s2
core   0: 3 0x80003642 (0x012cb233) x 4 0x00000000
core   0: 0x80003646 (0x412bdcb3) sra     s9, s7, s2
core   0: 3 0x80003646 (0x412bdcb3) x25 0xfffffa8b
core   0: 0x8000364a (0x0233b4b3) mulhu   s1, t2, gp
core   0: 3 0x8000364a (0x0233b4b3) x 9 0x00000000
core   0: 0x8000364e (0x02c19933) mulh    s2, gp, a2
core   0: 3 0x8000364e (0x02c19933) x18 0x00000000
core   0: 0x80003652 (0x020fe233) rem     tp, t6, zero
core   0: 3 0x80003652 (0x020fe233) x 4 0x00000000
core   0: 0x80003656 (0x00006159) c.addi16sp sp, 400
core   0: 3 0x80003656 (0x6159) x 2 0x0000015f
core   0: 0x80003658 (0xc0fc2e13) slti    t3, s8, -1009
core   0: 3 0x80003658 (0xc0fc2e13) x28 0x00000000
core   0: 0x8000365c (0x03614533) div     a0, sp, s6
core   0: 3 0x8000365c (0x03614533) x10 0x00000000
core   0: 0x80003660 (0xb0394ab7) lui     s5, 0xb0394
core   0: 3 0x80003660 (0xb0394ab7) x21 0xb0394000
core   0: 0x80003664 (0x00006a7d) c.lui   s4, 0x1f
core   0: 3 0x80003664 (0x6a7d) x20 0x0001f000
core   0: 0x80003666 (0x00fc67b3) or      a5, s8, a5
core   0: 3 0x80003666 (0x00fc67b3) x15 0x00000000
core   0: 0x8000366a (0xb54b4c93) xori    s9, s6, -1196
core   0: 3 0x8000366a (0xb54b4c93) x25 0x54bc85b0
core   0: 0x8000366e (0x02191233) mulh    tp, s2, ra
core   0: 3 0x8000366e (0x02191233) x 4 0x00000000
core   0: 0x80003672 (0x01745893) srli    a7, s0, 23
core   0: 3 0x80003672 (0x01745893) x17 0x00000000
core   0: 0x80003676 (0xd60da417) auipc   s0, 0xd60da
core   0: 3 0x80003676 (0xd60da417) x 8 0x560dd676
core   0: 0x8000367a (0x000081ba) c.mv    gp, a4
core   0: 3 0x8000367a (0x81ba) x 3 0x00000000
core   0: 0x8000367c (0x6ca6cd13) xori    s10, a3, 1738
core   0: 3 0x8000367c (0x6ca6cd13) x26 0x000006ca
core   0: 0x80003680 (0x40835e33) sra     t3, t1, s0
core   0: 3 0x80003680 (0x40835e33) x28 0x00000000
core   0: 0x80003684 (0x0049a233) slt     tp, s3, tp
core   0: 3 0x80003684 (0x0049a233) x 4 0x00000001
core   0: 0x80003688 (0x03f01533) mulh    a0, zero, t6
core   0: 3 0x80003688 (0x03f01533) x10 0x00000000
core   0: 0x8000368c (0x011a5893) srli    a7, s4, 17
core   0: 3 0x8000368c (0x011a5893) x17 0x00000000
core   0: 0x80003690 (0xe5b6a113) slti    sp, a3, -421
core   0: 3 0x80003690 (0xe5b6a113) x 2 0x00000000
core   0: 0x80003694 (0x0046e2b3) or      t0, a3, tp
core   0: 3 0x80003694 (0x0046e2b3) x 5 0x00000001
core   0: 0x80003698 (0xc0df6693) ori     a3, t5, -1011
core   0: 3 0x80003698 (0xc0df6693) x13 0xfffffc0d
core   0: 0x8000369c (0x02e798b3) mulh    a7, a5, a4
core   0: 3 0x8000369c (0x02e798b3) x17 0x00000000
core   0: 0x800036a0 (0x4001da13) srai    s4, gp, 0
core   0: 3 0x800036a0 (0x4001da13) x20 0x00000000
core   0: 0x800036a4 (0x030e9db3) mulh    s11, t4, a6
core   0: 3 0x800036a4 (0x030e9db3) x27 0x00000000
core   0: 0x800036a8 (0x031b1a33) mulh    s4, s6, a7
core   0: 3 0x800036a8 (0x031b1a33) x20 0x00000000
core   0: 0x800036ac (0x000094ee) c.add   s1, s11
core   0: 3 0x800036ac (0x94ee) x 9 0x00000000
core   0: 0x800036ae (0x40a7d013) srai    zero, a5, 10
core   0: 3 0x800036ae (0x40a7d013)
core   0: 0x800036b2 (0x00008c51) c.or    s0, a2
core   0: 3 0x800036b2 (0x8c51) x 8 0x560dd676
core   0: 0x800036b4 (0x020b38b3) mulhu   a7, s6, zero
core   0: 3 0x800036b4 (0x020b38b3) x17 0x00000000
core   0: 0x800036b8 (0x351f7c13) andi    s8, t5, 849
core   0: 3 0x800036b8 (0x351f7c13) x24 0x00000000
core   0: 0x800036bc (0x10e12b93) slti    s7, sp, 270
core   0: 3 0x800036bc (0x10e12b93) x23 0x00000001
core   0: 0x800036c0 (0x03f5eab3) rem     s5, a1, t6
core   0: 3 0x800036c0 (0x03f5eab3) x21 0xffffffff
core   0: 0x800036c4 (0x00000001) c.nop
core   0: 3 0x800036c4 (0x0001)
core   0: 0x800036c6 (0xe8d33193) sltiu   gp, t1, -371
core   0: 3 0x800036c6 (0xe8d33193) x 3 0x00000001
core   0: 0x800036ca (0x00006909) c.lui   s2, 0x2
core   0: 3 0x800036ca (0x6909) x18 0x00002000
core   0: 0x800036cc (0x01f0db33) srl     s6, ra, t6
core   0: 3 0x800036cc (0x01f0db33) x22 0xab437ee4
core   0: 0x800036d0 (0x00f5bbb3) sltu    s7, a1, a5
core   0: 3 0x800036d0 (0x00f5bbb3) x23 0x00000000
core   0: 0x800036d4 (0x01a0e733) or      a4, ra, s10
core   0: 3 0x800036d4 (0x01a0e733) x14 0xab437eee
core   0: 0x800036d8 (0x02d90233) mul     tp, s2, a3
core   0: 3 0x800036d8 (0x02d90233) x 4 0xff81a000
core   0: 0x800036dc (0x010c6133) or      sp, s8, a6
core   0: 3 0x800036dc (0x010c6133) x 2 0x00000000
core   0: 0x800036e0 (0x00008cb5) c.xor   s1, a3
core   0: 3 0x800036e0 (0x8cb5) x 9 0xfffffc0d
core   0: 0x800036e2 (0x00000198) c.addi4spn a4, sp, 192
core   0: 3 0x800036e2 (0x0198) x14 0x000000c0
core   0: 0x800036e4 (0x03219d33) mulh    s10, gp, s2
core   0: 3 0x800036e4 (0x03219d33) x26 0x00000000
core   0: 0x800036e8 (0x02acbf33) mulhu   t5, s9, a0
core   0: 3 0x800036e8 (0x02acbf33) x30 0x00000000
core   0: 0x800036ec (0xbc9a4413) xori    s0, s4, -1079
core   0: 3 0x800036ec (0xbc9a4413) x 8 0xfffffbc9
core   0: 0x800036f0 (0x01e457b3) srl     a5, s0, t5
core   0: 3 0x800036f0 (0x01e457b3) x15 0xfffffbc9
core   0: 0x800036f4 (0x00008769) c.srai  a4, 26
core   0: 3 0x800036f4 (0x8769) x14 0x00000000
core   0: 0x800036f6 (0x1741e093) ori     ra, gp, 372
core   0: 3 0x800036f6 (0x1741e093) x 1 0x00000175
core   0: 0x800036fa (0xd3893537) lui     a0, 0xd3893
core   0: 3 0x800036fa (0xd3893537) x10 0xd3893000
core   0: 0x800036fe (0x03b51533) mulh    a0, a0, s11
core   0: 3 0x800036fe (0x03b51533) x10 0x00000000
core   0: 0x80003702 (0x02cc8433) mul     s0, s9, a2
core   0: 3 0x80003702 (0x02cc8433) x 8 0x00000000
core   0: 0x80003706 (0x02841433) mulh    s0, s0, s0
core   0: 3 0x80003706 (0x02841433) x 8 0x00000000
core   0: 0x8000370a (0x0000157d) c.addi  a0, -1
core   0: 3 0x8000370a (0x157d) x10 0xffffffff
core   0: 0x8000370c (0x02a3c8b3) div     a7, t2, a0
core   0: 3 0x8000370c (0x02a3c8b3) x17 0x7ffed31c
core   0: 0x80003710 (0xb79b2113) slti    sp, s6, -1159
core   0: 3 0x80003710 (0xb79b2113) x 2 0x00000001
core   0: 0x80003714 (0x01c001b3) add     gp, zero, t3
core   0: 3 0x80003714 (0x01c001b3) x 3 0x00000000
core   0: 0x80003718 (0x00008ff5) c.and   a5, a3
core   0: 3 0x80003718 (0x8ff5) x15 0xfffff809
core   0: 0x8000371a (0xa15f7537) lui     a0, 0xa15f7
core   0: 3 0x8000371a (0xa15f7537) x10 0xa15f7000
core   0: 0x8000371e (0x023ee933) rem     s2, t4, gp
core   0: 3 0x8000371e (0x023ee933) x18 0x00000001
core   0: 0x80003722 (0x01883d33) sltu    s10, a6, s8
core   0: 3 0x80003722 (0x01883d33) x26 0x00000000
core   0: 0x80003726 (0x004dc4b3) xor     s1, s11, tp
core   0: 3 0x80003726 (0x004dc4b3) x 9 0xff81a000
core   0: 0x8000372a (0x00008eb9) c.xor   a3, a4
core   0: 3 0x8000372a (0x8eb9) x13 0xfffffc0d
core   0: 0x8000372c (0x02ec34b3) mulhu   s1, s8, a4
core   0: 3 0x8000372c (0x02ec34b3) x 9 0x00000000
core   0: 0x80003730 (0x00009b7d) c.andi  a4, -1
core   0: 3 0x80003730 (0x9b7d) x14 0x00000000
core   0: 0x80003732 (0x00000001) c.nop
core   0: 3 0x80003732 (0x0001)
core   0: 0x80003734 (0x00008e5a) c.mv    t3, s6
core   0: 3 0x80003734 (0x8e5a) x28 0xab437ee4
core   0: 0x80003736 (0x00000f8c) c.addi4spn a1, sp, 976
core   0: 3 0x80003736 (0x0f8c) x11 0x000003d1
core   0: 0x80003738 (0x002deb33) or      s6, s11, sp
core   0: 3 0x80003738 (0x002deb33) x22 0x00000001
core   0: 0x8000373c (0x01f086b3) add     a3, ra, t6
core   0: 3 0x8000373c (0x01f086b3) x13 0x00000175
core   0: 0x80003740 (0xcf940e17) auipc   t3, 0xcf940
core   0: 3 0x80003740 (0xcf940e17) x28 0x4f943740
core   0: 0x80003744 (0x033b0533) mul     a0, s6, s3
core   0: 3 0x80003744 (0x033b0533) x10 0x8000ee64
core   0: 0x80003748 (0x00008929) c.andi  a0, 10
core   0: 3 0x80003748 (0x8929) x10 0x00000000
core   0: 0x8000374a (0x41e6d793) srai    a5, a3, 30
core   0: 3 0x8000374a (0x41e6d793) x15 0x00000000
core   0: 0x8000374e (0x00008f99) c.sub   a5, a4
core   0: 3 0x8000374e (0x8f99) x15 0x00000000
core   0: 0x80003750 (0x01955a33) srl     s4, a0, s9
core   0: 3 0x80003750 (0x01955a33) x20 0x00000000
core   0: 0x80003754 (0x00008a4e) c.mv    s4, s3
core   0: 3 0x80003754 (0x8a4e) x20 0x8000ee64
core   0: 0x80003756 (0x02c770b3) remu    ra, a4, a2
core   0: 3 0x80003756 (0x02c770b3) x 1 0x00000000
core   0: 0x8000375a (0x40595a33) sra     s4, s2, t0
core   0: 3 0x8000375a (0x40595a33) x20 0x00000000
core   0: 0x8000375e (0x03e082b3) mul     t0, ra, t5
core   0: 3 0x8000375e (0x03e082b3) x 5 0x00000000
core   0: 0x80003762 (0x02d89cb3) mulh    s9, a7, a3
core   0: 3 0x80003762 (0x02d89cb3) x25 0x000000ba
core   0: 0x80003766 (0x02287b33) remu    s6, a6, sp
core   0: 3 0x80003766 (0x02287b33) x22 0x00000000
core   0: 0x8000376a (0x264bdeb7) lui     t4, 0x264bd
core   0: 3 0x8000376a (0x264bdeb7) x29 0x264bd000
core   0: 0x8000376e (0x00008189) c.srli  a1, 2
core   0: 3 0x8000376e (0x8189) x11 0x000000f4
core   0: 0x80003770 (0x00004d19) c.li    s10, 6
core   0: 3 0x80003770 (0x4d19) x26 0x00000006
core   0: 0x80003772 (0x40f1db13) srai    s6, gp, 15
core   0: 3 0x80003772 (0x40f1db13) x22 0x00000000
core   0: 0x80003776 (0x014b5f33) srl     t5, s6, s4
core   0: 3 0x80003776 (0x014b5f33) x30 0x00000000
core   0: 0x8000377a (0x41f9dbb3) sra     s7, s3, t6
core   0: 3 0x8000377a (0x41f9dbb3) x23 0x8000ee64
core   0: 0x8000377e (0x00009d2e) c.add   s10, a1
core   0: 3 0x8000377e (0x9d2e) x26 0x000000fa
core   0: 0x80003780 (0x014b52b3) srl     t0, s6, s4
core   0: 3 0x80003780 (0x014b52b3) x 5 0x00000000
core   0: 0x80003784 (0x0093d6b3) srl     a3, t2, s1
core   0: 3 0x80003784 (0x0093d6b3) x13 0x80012ce4
core   0: 0x80003788 (0x00008505) c.srai  a0, 1
core   0: 3 0x80003788 (0x8505) x10 0x00000000
core   0: 0x8000378a (0x00001714) c.addi4spn a3, sp, 928
core   0: 3 0x8000378a (0x1714) x13 0x000003a1
core   0: 0x8000378c (0x0000846d) c.srai  s0, 27
core   0: 3 0x8000378c (0x846d) x 8 0x00000000
core   0: 0x8000378e (0x00000001) c.nop
core   0: 3 0x8000378e (0x0001)
core   0: 0x80003790 (0xcf4d4313) xori    t1, s10, -780
core   0: 3 0x80003790 (0xcf4d4313) x 6 0xfffffc0e
core   0: 0x80003794 (0x68a24213) xori    tp, tp, 1674
core   0: 3 0x80003794 (0x68a24213) x 4 0xff81a68a
core   0: 0x80003798 (0x4148dc13) srai    s8, a7, 20
core   0: 3 0x80003798 (0x4148dc13) x24 0x000007ff
core   0: 0x8000379c (0x41bd87b3) sub     a5, s11, s11
core   0: 3 0x8000379c (0x41bd87b3) x15 0x00000000
core   0: 0x800037a0 (0x4090d193) srai    gp, ra, 9
core   0: 3 0x800037a0 (0x4090d193) x 3 0x00000000
core   0: 0x800037a4 (0x00d85eb3) srl     t4, a6, a3
core   0: 3 0x800037a4 (0x00d85eb3) x29 0x00000000
core   0: 0x800037a8 (0x02bde133) rem     sp, s11, a1
core   0: 3 0x800037a8 (0x02bde133) x 2 0x00000000
core   0: 0x800037ac (0x00001d08) c.addi4spn a0, sp, 688
core   0: 3 0x800037ac (0x1d08) x10 0x000002b0
core   0: 0x800037ae (0x01b35093) srli    ra, t1, 27
core   0: 3 0x800037ae (0x01b35093) x 1 0x0000001f
core   0: 0x800037b2 (0x03f172b3) remu    t0, sp, t6
core   0: 3 0x800037b2 (0x03f172b3) x 5 0x00000000
core   0: 0x800037b6 (0xfeb46e93) ori     t4, s0, -21
core   0: 3 0x800037b6 (0xfeb46e93) x29 0xffffffeb
core   0: 0x800037ba (0x00e505b3) add     a1, a0, a4
core   0: 3 0x800037ba (0x00e505b3) x11 0x000002b0
core   0: 0x800037be (0x00008ff9) c.and   a5, a4
core   0: 3 0x800037be (0x8ff9) x15 0x00000000
core   0: 0x800037c0 (0x00000966) c.slli  s2, 25
core   0: 3 0x800037c0 (0x0966) x18 0x02000000
core   0: 0x800037c2 (0x8352a813) slti    a6, t0, -1995
core   0: 3 0x800037c2 (0x8352a813) x16 0x00000000
core   0: 0x800037c6 (0x0072b0b3) sltu    ra, t0, t2
core   0: 3 0x800037c6 (0x0072b0b3) x 1 0x00000001
core   0: 0x800037ca (0x0000038c) c.addi4spn a1, sp, 448
core   0: 3 0x800037ca (0x038c) x11 0x000001c0
core   0: 0x800037cc (0x0380e2b3) rem     t0, ra, s8
core   0: 3 0x800037cc (0x0380e2b3) x 5 0x00000001
core   0: 0x800037d0 (0x02d7f1b3) remu    gp, a5, a3
core   0: 3 0x800037d0 (0x02d7f1b3) x 3 0x00000000
core   0: 0x800037d4 (0x01504833) xor     a6, zero, s5
core   0: 3 0x800037d4 (0x01504833) x16 0xffffffff
core   0: 0x800037d8 (0xbf90a193) slti    gp, ra, -1031
core   0: 3 0x800037d8 (0xbf90a193) x 3 0x00000000
core   0: 0x800037dc (0x02fc7333) remu    t1, s8, a5
core   0: 3 0x800037dc (0x02fc7333) x 6 0x000007ff
core   0: 0x800037e0 (0x00008511) c.srai  a0, 4
core   0: 3 0x800037e0 (0x8511) x10 0x0000002b
core   0: 0x800037e2 (0x0383e033) rem     zero, t2, s8
core   0: 3 0x800037e2 (0x0383e033)
core   0: 0x800037e6 (0x009e9593) slli    a1, t4, 9
core   0: 3 0x800037e6 (0x009e9593) x11 0xffffd600
core   0: 0x800037ea (0x0091ebb3) or      s7, gp, s1
core   0: 3 0x800037ea (0x0091ebb3) x23 0x00000000
core   0: 0x800037ee (0x40a354b3) sra     s1, t1, a0
core   0: 3 0x800037ee (0x40a354b3) x 9 0x00000000
core   0: 0x800037f2 (0x01064733) xor     a4, a2, a6
core   0: 3 0x800037f2 (0x01064733) x14 0xffffffff
core   0: 0x800037f6 (0x00008fbd) c.xor   a5, a5
core   0: 3 0x800037f6 (0x8fbd) x15 0x00000000
core   0: 0x800037f8 (0x0132db13) srli    s6, t0, 19
core   0: 3 0x800037f8 (0x0132db13) x22 0x00000000
core   0: 0x800037fc (0x03be54b3) divu    s1, t3, s11
core   0: 3 0x800037fc (0x03be54b3) x 9 0xffffffff
core   0: 0x80003800 (0x01d270b3) and     ra, tp, t4
core   0: 3 0x80003800 (0x01d270b3) x 1 0xff81a68a
core   0: 0x80003804 (0x00008cf1) c.and   s1, a2
core   0: 3 0x80003804 (0x8cf1) x 9 0x00000000
core   0: 0x80003806 (0x00008e8d) c.sub   a3, a1
core   0: 3 0x80003806 (0x8e8d) x13 0x00002da1
core   0: 0x80003808 (0x01c0db33) srl     s6, ra, t3
core   0: 3 0x80003808 (0x01c0db33) x22 0xff81a68a
core   0: 0x8000380c (0x41525a93) srai    s5, tp, 21
core   0: 3 0x8000380c (0x41525a93) x21 0xfffffffc
core   0: 0x80003810 (0xc9a6bb97) auipc   s7, 0xc9a6b
core   0: 3 0x80003810 (0xc9a6bb97) x23 0x49a6e810
core   0: 0x80003814 (0x00000001) c.nop
core   0: 3 0x80003814 (0x0001)
core   0: 0x80003816 (0x0000717d) c.addi16sp sp, -16
core   0: 3 0x80003816 (0x717d) x 2 0xfffffff0
core   0: 0x80003818 (0x40ab06b3) sub     a3, s6, a0
core   0: 3 0x80003818 (0x40ab06b3) x13 0xff81a65f
core   0: 0x8000381c (0x41810333) sub     t1, sp, s8
core   0: 3 0x8000381c (0x41810333) x 6 0xfffff7f1
core   0: 0x80003820 (0x84845937) lui     s2, 0x84845
core   0: 3 0x80003820 (0x84845937) x18 0x84845000
core   0: 0x80003824 (0x032a3533) mulhu   a0, s4, s2
core   0: 3 0x80003824 (0x032a3533) x10 0x00000000
core   0: 0x80003828 (0x00008145) c.srli  a0, 17
core   0: 3 0x80003828 (0x8145) x10 0x00000000
core   0: 0x8000382a (0x405ad413) srai    s0, s5, 5
core   0: 3 0x8000382a (0x405ad413) x 8 0xffffffff
core   0: 0x8000382e (0x0267e8b3) rem     a7, a5, t1
core   0: 3 0x8000382e (0x0267e8b3) x17 0x00000000
core   0: 0x80003832 (0x00000001) c.nop
core   0: 3 0x80003832 (0x0001)
core   0: 0x80003834 (0x00008409) c.srai  s0, 2
core   0: 3 0x80003834 (0x8409) x 8 0xffffffff
core   0: 0x80003836 (0x024854b3) divu    s1, a6, tp
core   0: 3 0x80003836 (0x024854b3) x 9 0x00000001
core   0: 0x8000383a (0x01875793) srli    a5, a4, 24
core   0: 3 0x8000383a (0x01875793) x15 0x000000ff
core   0: 0x8000383e (0x01cc1293) slli    t0, s8, 28
core   0: 3 0x8000383e (0x01cc1293) x 5 0xf0000000
core   0: 0x80003842 (0xf5c7f293) andi    t0, a5, -164
core   0: 3 0x80003842 (0xf5c7f293) x 5 0x0000005c
core   0: 0x80003846 (0x03457233) remu    tp, a0, s4
core   0: 3 0x80003846 (0x03457233) x 4 0x00000000
core   0: 0x8000384a (0x00008c61) c.and   s0, s0
core   0: 3 0x8000384a (0x8c61) x 8 0xffffffff
core   0: 0x8000384c (0x02ffd833) divu    a6, t6, a5
core   0: 3 0x8000384c (0x02ffd833) x16 0x00000000
core   0: 0x80003850 (0x02dbaa33) mulhsu  s4, s7, a3
core   0: 3 0x80003850 (0x02dbaa33) x20 0x49828e20
core   0: 0x80003854 (0x02cdd533) divu    a0, s11, a2
core   0: 3 0x80003854 (0x02cdd533) x10 0xffffffff
core   0: 0x80003858 (0x005d66b3) or      a3, s10, t0
core   0: 3 0x80003858 (0x005d66b3) x13 0x000000fe
core   0: 0x8000385c (0x009e0933) add     s2, t3, s1
core   0: 3 0x8000385c (0x009e0933) x18 0x4f943741
core   0: 0x80003860 (0x0000717d) c.addi16sp sp, -16
core   0: 3 0x80003860 (0x717d) x 2 0xffffffe0
core   0: 0x80003862 (0x3eb63593) sltiu   a1, a2, 1003
core   0: 3 0x80003862 (0x3eb63593) x11 0x00000001
core   0: 0x80003866 (0x400f0433) sub     s0, t5, zero
core   0: 3 0x80003866 (0x400f0433) x 8 0x00000000
core   0: 0x8000386a (0xa60d7793) andi    a5, s10, -1440
core   0: 3 0x8000386a (0xa60d7793) x15 0x00000060
core   0: 0x8000386e (0x010c5593) srli    a1, s8, 16
core   0: 3 0x8000386e (0x010c5593) x11 0x00000000
core   0: 0x80003872 (0x0021b833) sltu    a6, gp, sp
core   0: 3 0x80003872 (0x0021b833) x16 0x00000001
core   0: 0x80003876 (0x00001a98) c.addi4spn a4, sp, 368
core   0: 3 0x80003876 (0x1a98) x14 0x00000150
core   0: 0x80003878 (0x000096de) c.add   a3, s7
core   0: 3 0x80003878 (0x96de) x13 0x49a6e90e
core   0: 0x8000387a (0x00008f91) c.sub   a5, a2
core   0: 3 0x8000387a (0x8f91) x15 0x00000060
core   0: 0x8000387c (0x00008119) c.srli  a0, 6
core   0: 3 0x8000387c (0x8119) x10 0x03ffffff
core   0: 0x8000387e (0x00008ebd) c.xor   a3, a5
core   0: 3 0x8000387e (0x8ebd) x13 0x49a6e96e
core   0: 0x80003880 (0x03023033) mulhu   zero, tp, a6
core   0: 3 0x80003880 (0x03023033)
core   0: 0x80003884 (0x41905a13) srai    s4, zero, 25
core   0: 3 0x80003884 (0x41905a13) x20 0x00000000
core   0: 0x80003888 (0x02ddbdb3) mulhu   s11, s11, a3
core   0: 3 0x80003888 (0x02ddbdb3) x27 0x00000000
core   0: 0x8000388c (0x03a00fb3) mul     t6, zero, s10
core   0: 3 0x8000388c (0x03a00fb3) x31 0x00000000
core   0: 0x80003890 (0x0000616d) c.addi16sp sp, 240
core   0: 3 0x80003890 (0x616d) x 2 0x000000d0
core   0: 0x80003892 (0x00bb76b3) and     a3, s6, a1
core   0: 3 0x80003892 (0x00bb76b3) x13 0x00000000
core   0: 0x80003896 (0x0000147d) c.addi  s0, -1
core   0: 3 0x80003896 (0x147d) x 8 0xffffffff
core   0: 0x80003898 (0x00203b33) snez    s6, sp
core   0: 3 0x80003898 (0x00203b33) x22 0x00000001
core   0: 0x8000389c (0x000086e9) c.srai  a3, 26
core   0: 3 0x8000389c (0x86e9) x13 0x00000000
core   0: 0x8000389e (0x00000001) c.nop
core   0: 3 0x8000389e (0x0001)
core   0: 0x800038a0 (0x00008f3d) c.xor   a4, a5
core   0: 3 0x800038a0 (0x8f3d) x14 0x00000130
core   0: 0x800038a2 (0x02443a33) mulhu   s4, s0, tp
core   0: 3 0x800038a2 (0x02443a33) x20 0x00000000
core   0: 0x800038a6 (0x029d4533) div     a0, s10, s1
core   0: 3 0x800038a6 (0x029d4533) x10 0x000000fa
core   0: 0x800038aa (0x41890833) sub     a6, s2, s8
core   0: 3 0x800038aa (0x41890833) x16 0x4f942f42
core   0: 0x800038ae (0x01536733) or      a4, t1, s5
core   0: 3 0x800038ae (0x01536733) x14 0xfffffffd
core   0: 0x800038b2 (0x000081c9) c.srli  a1, 18
core   0: 3 0x800038b2 (0x81c9) x11 0x00000000
core   0: 0x800038b4 (0x025fb8b3) mulhu   a7, t6, t0
core   0: 3 0x800038b4 (0x025fb8b3) x17 0x00000000
core   0: 0x800038b8 (0x03b11733) mulh    a4, sp, s11
core   0: 3 0x800038b8 (0x03b11733) x14 0x00000000
core   0: 0x800038bc (0x00008c4a) c.mv    s8, s2
core   0: 3 0x800038bc (0x8c4a) x24 0x4f943741
core   0: 0x800038be (0x00009ae2) c.add   s5, s8
core   0: 3 0x800038be (0x9ae2) x21 0x4f94373d
core   0: 0x800038c0 (0x00009b7d) c.andi  a4, -1
core   0: 3 0x800038c0 (0x9b7d) x14 0x00000000
core   0: 0x800038c2 (0x00008fc1) c.or    a5, s0
core   0: 3 0x800038c2 (0x8fc1) x15 0xffffffff
core   0: 0x800038c4 (0x0220e8b3) rem     a7, ra, sp
core   0: 3 0x800038c4 (0x0220e8b3) x17 0xffffff5a
core   0: 0x800038c8 (0x4026d313) srai    t1, a3, 2
core   0: 3 0x800038c8 (0x4026d313) x 6 0x00000000
core   0: 0x800038cc (0x0000717d) c.addi16sp sp, -16
core   0: 3 0x800038cc (0x717d) x 2 0x000000c0
core   0: 0x800038ce (0x03ee5133) divu    sp, t3, t5
core   0: 3 0x800038ce (0x03ee5133) x 2 0xffffffff
core   0: 0x800038d2 (0x00008f25) c.xor   a4, s1
core   0: 3 0x800038d2 (0x8f25) x14 0x00000001
core   0: 0x800038d4 (0x00008af2) c.mv    s5, t3
core   0: 3 0x800038d4 (0x8af2) x21 0x4f943740
core   0: 0x800038d6 (0x00008031) c.srli  s0, 12
core   0: 3 0x800038d6 (0x8031) x 8 0x000fffff
core   0: 0x800038d8 (0x0000832d) c.srli  a4, 11
core   0: 3 0x800038d8 (0x832d) x14 0x00000000
core   0: 0x800038da (0x0094d6b3) srl     a3, s1, s1
core   0: 3 0x800038da (0x0094d6b3) x13 0x00000000
core   0: 0x800038de (0x03fe7db3) remu    s11, t3, t6
core   0: 3 0x800038de (0x03fe7db3) x27 0x4f943740
core   0: 0x800038e2 (0x00000818) c.addi4spn a4, sp, 16
core   0: 3 0x800038e2 (0x0818) x14 0x0000000f
core   0: 0x800038e4 (0xa220a693) slti    a3, ra, -1502
core   0: 3 0x800038e4 (0xa220a693) x13 0x00000001
core   0: 0x800038e8 (0x0100d333) srl     t1, ra, a6
core   0: 3 0x800038e8 (0x0100d333) x 6 0x3fe069a2
core   0: 0x800038ec (0x01da9513) slli    a0, s5, 29
core   0: 3 0x800038ec (0x01da9513) x10 0x00000000
core   0: 0x800038f0 (0x0000887d) c.andi  s0, 31
core   0: 3 0x800038f0 (0x887d) x 8 0x0000001f
core   0: 0x800038f2 (0x00008cf1) c.and   s1, a2
core   0: 3 0x800038f2 (0x8cf1) x 9 0x00000000
core   0: 0x800038f4 (0x00645193) srli    gp, s0, 6
core   0: 3 0x800038f4 (0x00645193) x 3 0x00000000
core   0: 0x800038f8 (0x00000001) c.nop
core   0: 3 0x800038f8 (0x0001)
core   0: 0x800038fa (0x03509eb3) mulh    t4, ra, s5
core   0: 3 0x800038fa (0x03509eb3) x29 0xffd8b93d
core   0: 0x800038fe (0x02c01c33) mulh    s8, zero, a2
core   0: 3 0x800038fe (0x02c01c33) x24 0x00000000
core   0: 0x80003902 (0x024392b3) mulh    t0, t2, tp
core   0: 3 0x80003902 (0x024392b3) x 5 0x00000000
core   0: 0x80003906 (0x01788f33) add     t5, a7, s7
core   0: 3 0x80003906 (0x01788f33) x30 0x49a6e76a
core   0: 0x8000390a (0x00008086) c.mv    ra, ra
core   0: 3 0x8000390a (0x8086) x 1 0xff81a68a
core   0: 0x8000390c (0x413bdf93) srai    t6, s7, 19
core   0: 3 0x8000390c (0x413bdf93) x31 0x00000934
core   0: 0x80003910 (0x4ebd3413) sltiu   s0, s10, 1259
core   0: 3 0x80003910 (0x4ebd3413) x 8 0x00000001
core   0: 0x80003914 (0x00008305) c.srli  a4, 1
core   0: 3 0x80003914 (0x8305) x14 0x00000007
core   0: 0x80003916 (0x00e082b3) add     t0, ra, a4
core   0: 3 0x80003916 (0x00e082b3) x 5 0xff81a691
core   0: 0x8000391a (0xfaade293) ori     t0, s11, -86
core   0: 3 0x8000391a (0xfaade293) x 5 0xffffffea
core   0: 0x8000391e (0x407d8733) sub     a4, s11, t2
core   0: 3 0x8000391e (0x407d8733) x14 0xcf930a5c
core   0: 0x80003922 (0x016104b3) add     s1, sp, s6
core   0: 3 0x80003922 (0x016104b3) x 9 0x00000000
core   0: 0x80003926 (0x00000286) c.slli  t0, 1
core   0: 3 0x80003926 (0x0286) x 5 0xffffffd4
core   0: 0x80003928 (0x00663b33) sltu    s6, a2, t1
core   0: 3 0x80003928 (0x00663b33) x22 0x00000001
core   0: 0x8000392c (0x81e44b37) lui     s6, 0x81e44
core   0: 3 0x8000392c (0x81e44b37) x22 0x81e44000
core   0: 0x80003930 (0x0a6b1697) auipc   a3, 0xa6b1
core   0: 3 0x80003930 (0x0a6b1697) x13 0x8a6b4930
core   0: 0x80003934 (0x000090a2) c.add   ra, s0
core   0: 3 0x80003934 (0x90a2) x 1 0xff81a68b
core   0: 0x80003936 (0x00d80fb3) add     t6, a6, a3
core   0: 3 0x80003936 (0x00d80fb3) x31 0xd9ff7872
core   0: 0x8000393a (0x039baab3) mulhsu  s5, s7, s9
core   0: 3 0x8000393a (0x039baab3) x21 0x00000035
core   0: 0x8000393e (0x00008c26) c.mv    s8, s1
core   0: 3 0x8000393e (0x8c26) x24 0x00000000
core   0: 0x80003940 (0x026c4d33) div     s10, s8, t1
core   0: 3 0x80003940 (0x026c4d33) x26 0x00000000
core   0: 0x80003944 (0x01580cb3) add     s9, a6, s5
core   0: 3 0x80003944 (0x01580cb3) x25 0x4f942f77
core   0: 0x80003948 (0x0000157d) c.addi  a0, -1
core   0: 3 0x80003948 (0x157d) x10 0xffffffff
core   0: 0x8000394a (0x418cd5b3) sra     a1, s9, s8
core   0: 3 0x8000394a (0x418cd5b3) x11 0x4f942f77
core   0: 0x8000394e (0x00000001) c.nop
core   0: 3 0x8000394e (0x0001)
core   0: 0x80003950 (0x00008da9) c.xor   a1, a0
core   0: 3 0x80003950 (0x8da9) x11 0xb06bd088
core   0: 0x80003952 (0x034967b3) rem     a5, s2, s4
core   0: 3 0x80003952 (0x034967b3) x15 0x4f943741
core   0: 0x80003956 (0x41cb05b3) sub     a1, s6, t3
core   0: 3 0x80003956 (0x41cb05b3) x11 0x325008c0
core   0: 0x8000395a (0x01d87f33) and     t5, a6, t4
core   0: 3 0x8000395a (0x01d87f33) x30 0x4f902900
core   0: 0x8000395e (0x4c69b213) sltiu   tp, s3, 1222
core   0: 3 0x8000395e (0x4c69b213) x 4 0x00000000
core   0: 0x80003962 (0x000099fd) c.andi  a1, -1
core   0: 3 0x80003962 (0x99fd) x11 0x325008c0
core   0: 0x80003964 (0xa36abeb7) lui     t4, 0xa36ab
core   0: 3 0x80003964 (0xa36abeb7) x29 0xa36ab000
core   0: 0x80003968 (0x415a5913) srai    s2, s4, 21
core   0: 3 0x80003968 (0x415a5913) x18 0x00000000
core   0: 0x8000396c (0x02476fb3) rem     t6, a4, tp
core   0: 3 0x8000396c (0x02476fb3) x31 0xcf930a5c
core   0: 0x80003970 (0x00000ec5) c.addi  t4, 17
core   0: 3 0x80003970 (0x0ec5) x29 0xa36ab011
core   0: 0x80003972 (0x9dcdee93) ori     t4, s11, -1572
core   0: 3 0x80003972 (0x9dcdee93) x29 0xffffffdc
core   0: 0x80003976 (0x001f5533) srl     a0, t5, ra
core   0: 3 0x80003976 (0x001f5533) x10 0x0009f205
core   0: 0x8000397a (0x00008425) c.srai  s0, 9
core   0: 3 0x8000397a (0x8425) x 8 0x00000000
core   0: 0x8000397c (0x408c8d33) sub     s10, s9, s0
core   0: 3 0x8000397c (0x408c8d33) x26 0x4f942f77
core   0: 0x80003980 (0x0203f533) remu    a0, t2, zero
core   0: 3 0x80003980 (0x0203f533) x10 0x80012ce4
core   0: 0x80003984 (0x40f95693) srai    a3, s2, 15
core   0: 3 0x80003984 (0x40f95693) x13 0x00000000
core   0: 0x80003988 (0x025a60b3) rem     ra, s4, t0
core   0: 3 0x80003988 (0x025a60b3) x 1 0x00000000
core   0: 0x8000398c (0x03197f33) remu    t5, s2, a7
core   0: 3 0x8000398c (0x03197f33) x30 0x00000000
core   0: 0x80003990 (0x00000001) c.nop
core   0: 3 0x80003990 (0x0001)
core   0: 0x80003992 (0x76154413) xori    s0, a0, 1889
core   0: 3 0x80003992 (0x76154413) x 8 0x80012b85
core   0: 0x80003996 (0x8960ff97) auipc   t6, 0x8960f
core   0: 3 0x80003996 (0x8960ff97) x31 0x09612996
core   0: 0x8000399a (0x00004491) c.li    s1, 4
core   0: 3 0x8000399a (0x4491) x 9 0x00000004
core   0: 0x8000399c (0x00008f51) c.or    a4, a2
core   0: 3 0x8000399c (0x8f51) x14 0xcf930a5c
core   0: 0x8000399e (0x01cf5493) srli    s1, t5, 28
core   0: 3 0x8000399e (0x01cf5493) x 9 0x00000000
core   0: 0x800039a2 (0x01e95733) srl     a4, s2, t5
core   0: 3 0x800039a2 (0x01e95733) x14 0x00000000
core   0: 0x800039a6 (0x01f50033) add     zero, a0, t6
core   0: 3 0x800039a6 (0x01f50033)
core   0: 0x800039aa (0x00001e98) c.addi4spn a4, sp, 880
core   0: 3 0x800039aa (0x1e98) x14 0x0000036f
core   0: 0x800039ac (0x01c31413) slli    s0, t1, 28
core   0: 3 0x800039ac (0x01c31413) x 8 0x20000000
core   0: 0x800039b0 (0x41ad5433) sra     s0, s10, s10
core   0: 3 0x800039b0 (0x41ad5433) x 8 0x0000009f
core   0: 0x800039b4 (0x01cfd4b3) srl     s1, t6, t3
core   0: 3 0x800039b4 (0x01cfd4b3) x 9 0x09612996
core   0: 0x800039b8 (0x01d0fc33) and     s8, ra, t4
core   0: 3 0x800039b8 (0x01d0fc33) x24 0x00000000
core   0: 0x800039bc (0x00979e93) slli    t4, a5, 9
core   0: 3 0x800039bc (0x00979e93) x29 0x286e8200
core   0: 0x800039c0 (0x035f62b3) rem     t0, t5, s5
core   0: 3 0x800039c0 (0x035f62b3) x 5 0x00000000
core   0: 0x800039c4 (0x019f1833) sll     a6, t5, s9
core   0: 3 0x800039c4 (0x019f1833) x16 0x00000000
core   0: 0x800039c8 (0x00609433) sll     s0, ra, t1
core   0: 3 0x800039c8 (0x00609433) x 8 0x00000000
core   0: 0x800039cc (0x920d8037) lui     zero, 0x920d8
core   0: 3 0x800039cc (0x920d8037)
core   0: 0x800039d0 (0x000047bd) c.li    a5, 15
core   0: 3 0x800039d0 (0x47bd) x15 0x0000000f
core   0: 0x800039d2 (0x6a05b213) sltiu   tp, a1, 1696
core   0: 3 0x800039d2 (0x6a05b213) x 4 0x00000000
core   0: 0x800039d6 (0x031ffe33) remu    t3, t6, a7
core   0: 3 0x800039d6 (0x031ffe33) x28 0x09612996
core   0: 0x800039da (0x0000914a) c.add   sp, s2
core   0: 3 0x800039da (0x914a) x 2 0xffffffff
core   0: 0x800039dc (0x0177df93) srli    t6, a5, 23
core   0: 3 0x800039dc (0x0177df93) x31 0x00000000
core   0: 0x800039e0 (0x01c77233) and     tp, a4, t3
core   0: 3 0x800039e0 (0x01c77233) x 4 0x00000106
core   0: 0x800039e4 (0x0000093e) c.slli  s2, 15
core   0: 3 0x800039e4 (0x093e) x18 0x00000000
core   0: 0x800039e6 (0x018de333) or      t1, s11, s8
core   0: 3 0x800039e6 (0x018de333) x 6 0x4f943740
core   0: 0x800039ea (0x09238293) addi    t0, t2, 146
core   0: 3 0x800039ea (0x09238293) x 5 0x80012d76
core   0: 0x800039ee (0x01c58433) add     s0, a1, t3
core   0: 3 0x800039ee (0x01c58433) x 8 0x3bb13256
core   0: 0x800039f2 (0x00000001) c.nop
core   0: 3 0x800039f2 (0x0001)
core   0: 0x800039f4 (0x00006b15) c.lui   s6, 0x5
core   0: 3 0x800039f4 (0x6b15) x22 0x00005000
core   0: 0x800039f6 (0x026f2d33) mulhsu  s10, t5, t1
core   0: 3 0x800039f6 (0x026f2d33) x26 0x00000000
core   0: 0x800039fa (0x58f4f793) andi    a5, s1, 1423
core   0: 3 0x800039fa (0x58f4f793) x15 0x00000186
core   0: 0x800039fe (0x03289a33) mulh    s4, a7, s2
core   0: 3 0x800039fe (0x03289a33) x20 0x00000000
core   0: 0x80003a02 (0x00009bfd) c.andi  a5, -1
core   0: 3 0x80003a02 (0x9bfd) x15 0x00000186
core   0: 0x80003a04 (0x00008fe5) c.and   a5, s1
core   0: 3 0x80003a04 (0x8fe5) x15 0x00000186
core   0: 0x80003a06 (0x00006121) c.addi16sp sp, 64
core   0: 3 0x80003a06 (0x6121) x 2 0x0000003f
core   0: 0x80003a08 (0x4083d133) sra     sp, t2, s0
core   0: 3 0x80003a08 (0x4083d133) x 2 0xfffffe00
core   0: 0x80003a0c (0x4017da93) srai    s5, a5, 1
core   0: 3 0x80003a0c (0x4017da93) x21 0x000000c3
core   0: 0x80003a10 (0x00008d56) c.mv    s10, s5
core   0: 3 0x80003a10 (0x8d56) x26 0x000000c3
core   0: 0x80003a12 (0x008a0133) add     sp, s4, s0
core   0: 3 0x80003a12 (0x008a0133) x 2 0x3bb13256
core   0: 0x80003a16 (0x0000717d) c.addi16sp sp, -16
core   0: 3 0x80003a16 (0x717d) x 2 0x3bb13246
core   0: 0x80003a18 (0xec76ad93) slti    s11, a3, -313
core   0: 3 0x80003a18 (0xec76ad93) x27 0x00000000
core   0: 0x80003a1c (0x00000001) c.nop
core   0: 3 0x80003a1c (0x0001)
core   0: 0x80003a1e (0x00008716) c.mv    a4, t0
core   0: 3 0x80003a1e (0x8716) x14 0x80012d76
core   0: 0x80003a20 (0x00000001) c.nop
core   0: 3 0x80003a20 (0x0001)
core   0: 0x80003a22 (0x00005ffd) c.li    t6, -1
core   0: 3 0x80003a22 (0x5ffd) x31 0xffffffff
core   0: 0x80003a24 (0x00008175) c.srli  a0, 29
core   0: 3 0x80003a24 (0x8175) x10 0x00000004
core   0: 0x80003a26 (0x715ca493) slti    s1, s9, 1813
core   0: 3 0x80003a26 (0x715ca493) x 9 0x00000000
core   0: 0x80003a2a (0x40ef5333) sra     t1, t5, a4
core   0: 3 0x80003a2a (0x40ef5333) x 6 0x00000000
core   0: 0x80003a2e (0x8234cb93) xori    s7, s1, -2013
core   0: 3 0x80003a2e (0x8234cb93) x23 0xfffff823
core   0: 0x80003a32 (0xb5192317) auipc   t1, 0xb5192
core   0: 3 0x80003a32 (0xb5192317) x 6 0x35195a32
core   0: 0x80003a36 (0x00755a13) srli    s4, a0, 7
core   0: 3 0x80003a36 (0x00755a13) x20 0x00000000
core   0: 0x80003a3a (0x00c05d33) srl     s10, zero, a2
core   0: 3 0x80003a3a (0x00c05d33) x26 0x00000000
core   0: 0x80003a3e (0x01bba7b3) slt     a5, s7, s11
core   0: 3 0x80003a3e (0x01bba7b3) x15 0x00000001
core   0: 0x80003a42 (0x000084de) c.mv    s1, s7
core   0: 3 0x80003a42 (0x84de) x 9 0xfffff823
core   0: 0x80003a44 (0x00008e9d) c.sub   a3, a5
core   0: 3 0x80003a44 (0x8e9d) x13 0xffffffff
core   0: 0x80003a46 (0x02fd3db3) mulhu   s11, s10, a5
core   0: 3 0x80003a46 (0x02fd3db3) x27 0x00000000
core   0: 0x80003a4a (0x40650333) sub     t1, a0, t1
core   0: 3 0x80003a4a (0x40650333) x 6 0xcae6a5d2
core   0: 0x80003a4e (0x03cd4333) div     t1, s10, t3
core   0: 3 0x80003a4e (0x03cd4333) x 6 0x00000000
core   0: 0x80003a52 (0x00004c89) c.li    s9, 2
core   0: 3 0x80003a52 (0x4c89) x25 0x00000002
core   0: 0x80003a54 (0x0284dbb3) divu    s7, s1, s0
core   0: 3 0x80003a54 (0x0284dbb3) x23 0x00000004
core   0: 0x80003a58 (0x0000547d) c.li    s0, -1
core   0: 3 0x80003a58 (0x547d) x 8 0xffffffff
core   0: 0x80003a5a (0x1535a113) slti    sp, a1, 339
core   0: 3 0x80003a5a (0x1535a113) x 2 0x00000000
core   0: 0x80003a5e (0x0176b2b3) sltu    t0, a3, s7
core   0: 3 0x80003a5e (0x0176b2b3) x 5 0x00000000
core   0: 0x80003a62 (0x00008ea9) c.xor   a3, a0
core   0: 3 0x80003a62 (0x8ea9) x13 0xfffffffb
core   0: 0x80003a64 (0x41dcdfb3) sra     t6, s9, t4
core   0: 3 0x80003a64 (0x41dcdfb3) x31 0x00000002
core   0: 0x80003a68 (0x00000001) c.nop
core   0: 3 0x80003a68 (0x0001)
core   0: 0x80003a6a (0x0095da13) srli    s4, a1, 9
core   0: 3 0x80003a6a (0x0095da13) x20 0x00192804
core   0: 0x80003a6e (0x000004fe) c.slli  s1, 31
core   0: 3 0x80003a6e (0x04fe) x 9 0x80000000
core   0: 0x80003a70 (0x03f02db3) mulhsu  s11, zero, t6
core   0: 3 0x80003a70 (0x03f02db3) x27 0x00000000
core   0: 0x80003a74 (0x00008f51) c.or    a4, a2
core   0: 3 0x80003a74 (0x8f51) x14 0x80012d76
core   0: 0x80003a76 (0xfab3ae13) slti    t3, t2, -85
core   0: 3 0x80003a76 (0xfab3ae13) x28 0x00000001
core   0: 0x80003a7a (0x00006145) c.addi16sp sp, 48
core   0: 3 0x80003a7a (0x6145) x 2 0x00000030
core   0: 0x80003a7c (0x01ed6293) ori     t0, s10, 30
core   0: 3 0x80003a7c (0x01ed6293) x 5 0x0000001e
core   0: 0x80003a80 (0x4d143f93) sltiu   t6, s0, 1233
core   0: 3 0x80003a80 (0x4d143f93) x31 0x00000000
core   0: 0x80003a84 (0x008adcb3) srl     s9, s5, s0
core   0: 3 0x80003a84 (0x008adcb3) x25 0x00000000
core   0: 0x80003a88 (0x00842433) slt     s0, s0, s0
core   0: 3 0x80003a88 (0x00842433) x 8 0x00000000
core   0: 0x80003a8c (0x3e836113) ori     sp, t1, 1000
core   0: 3 0x80003a8c (0x3e836113) x 2 0x000003e8
core   0: 0x80003a90 (0x01a020b3) slt     ra, zero, s10
core   0: 3 0x80003a90 (0x01a020b3) x 1 0x00000000
core   0: 0x80003a94 (0x025d1e33) mulh    t3, s10, t0
core   0: 3 0x80003a94 (0x025d1e33) x28 0x00000000
core   0: 0x80003a98 (0x00f09a13) slli    s4, ra, 15
core   0: 3 0x80003a98 (0x00f09a13) x20 0x00000000
core   0: 0x80003a9c (0x41625933) sra     s2, tp, s6
core   0: 3 0x80003a9c (0x41625933) x18 0x00000106
core   0: 0x80003aa0 (0x00000ef5) c.addi  t4, 29
core   0: 3 0x80003aa0 (0x0ef5) x29 0x286e821d
core   0: 0x80003aa2 (0x03bf47b3) div     a5, t5, s11
core   0: 3 0x80003aa2 (0x03bf47b3) x15 0xffffffff
core   0: 0x80003aa6 (0x414b5213) srai    tp, s6, 20
core   0: 3 0x80003aa6 (0x414b5213) x 4 0x00000000
core   0: 0x80003aaa (0x01183ab3) sltu    s5, a6, a7
core   0: 3 0x80003aaa (0x01183ab3) x21 0x00000001
core   0: 0x80003aae (0x00000db2) c.slli  s11, 12
core   0: 3 0x80003aae (0x0db2) x27 0x00000000
core   0: 0x80003ab0 (0xc8e88193) addi    gp, a7, -882
core   0: 3 0x80003ab0 (0xc8e88193) x 3 0xfffffbe8
core   0: 0x80003ab4 (0x000057fd) c.li    a5, -1
core   0: 3 0x80003ab4 (0x57fd) x15 0xffffffff
core   0: 0x80003ab6 (0x000096fe) c.add   a3, t6
core   0: 3 0x80003ab6 (0x96fe) x13 0xfffffffb
core   0: 0x80003ab8 (0x23218d93) addi    s11, gp, 562
core   0: 3 0x80003ab8 (0x23218d93) x27 0xfffffe1a
core   0: 0x80003abc (0x00d4a7b3) slt     a5, s1, a3
core   0: 3 0x80003abc (0x00d4a7b3) x15 0x00000001
core   0: 0x80003ac0 (0x9e5bb017) auipc   zero, 0x9e5bb
core   0: 3 0x80003ac0 (0x9e5bb017)
core   0: 0x80003ac4 (0x00000001) c.nop
core   0: 3 0x80003ac4 (0x0001)
core   0: 0x80003ac6 (0x03d19233) mulh    tp, gp, t4
core   0: 3 0x80003ac6 (0x03d19233) x 4 0xffffff5a
core   0: 0x80003aca (0x0000615d) c.addi16sp sp, 432
core   0: 3 0x80003aca (0x615d) x 2 0x00000598
core   0: 0x80003acc (0x406d52b3) sra     t0, s10, t1
core   0: 3 0x80003acc (0x406d52b3) x 5 0x00000000
core   0: 0x80003ad0 (0x41665413) srai    s0, a2, 22
core   0: 3 0x80003ad0 (0x41665413) x 8 0x00000000
core   0: 0x80003ad4 (0x3824c493) xori    s1, s1, 898
core   0: 3 0x80003ad4 (0x3824c493) x 9 0x80000382
core   0: 0x80003ad8 (0x03840e33) mul     t3, s0, s8
core   0: 3 0x80003ad8 (0x03840e33) x28 0x00000000
core   0: 0x80003adc (0x035a51b3) divu    gp, s4, s5
core   0: 3 0x80003adc (0x035a51b3) x 3 0x00000000
core   0: 0x80003ae0 (0xa783ab93) slti    s7, t2, -1416
core   0: 3 0x80003ae0 (0xa783ab93) x23 0x00000001
core   0: 0x80003ae4 (0x01ef1c33) sll     s8, t5, t5
core   0: 3 0x80003ae4 (0x01ef1c33) x24 0x00000000
core   0: 0x80003ae8 (0x011bed33) or      s10, s7, a7
core   0: 3 0x80003ae8 (0x011bed33) x26 0xffffff5b
core   0: 0x80003aec (0x0000717d) c.addi16sp sp, -16
core   0: 3 0x80003aec (0x717d) x 2 0x00000588
core   0: 0x80003aee (0x0000517d) c.li    sp, -1
core   0: 3 0x80003aee (0x517d) x 2 0xffffffff
core   0: 0x80003af0 (0x000068d9) c.lui   a7, 0x16
core   0: 3 0x80003af0 (0x68d9) x17 0x00016000
core   0: 0x80003af2 (0x000088d6) c.mv    a7, s5
core   0: 3 0x80003af2 (0x88d6) x17 0x00000001
core   0: 0x80003af4 (0xf793e693) ori     a3, t2, -135
core   0: 3 0x80003af4 (0xf793e693) x13 0xfffffffd
core   0: 0x80003af8 (0x411f5fb3) sra     t6, t5, a7
core   0: 3 0x80003af8 (0x411f5fb3) x31 0x00000000
core   0: 0x80003afc (0x00008889) c.andi  s1, 2
core   0: 3 0x80003afc (0x8889) x 9 0x00000002
core   0: 0x80003afe (0xf5448413) addi    s0, s1, -172
core   0: 3 0x80003afe (0xf5448413) x 8 0xffffff56
core   0: 0x80003b02 (0x88ed6117) auipc   sp, 0x88ed6
core   0: 3 0x80003b02 (0x88ed6117) x 2 0x08ed9b02
core   0: 0x80003b06 (0xf6b71737) lui     a4, 0xf6b71
core   0: 3 0x80003b06 (0xf6b71737) x14 0xf6b71000
core   0: 0x80003b0a (0x5e3cbd93) sltiu   s11, s9, 1507
core   0: 3 0x80003b0a (0x5e3cbd93) x27 0x00000001
core   0: 0x80003b0e (0x000087f5) c.srai  a5, 29
core   0: 3 0x80003b0e (0x87f5) x15 0x00000000
core   0: 0x80003b10 (0x0000613d) c.addi16sp sp, 480
core   0: 3 0x80003b10 (0x613d) x 2 0x08ed9ce2
core   0: 0x80003b12 (0x00d99f33) sll     t5, s3, a3
core   0: 3 0x80003b12 (0x00d99f33) x30 0x80000000
core   0: 0x80003b16 (0x6f17e713) ori     a4, a5, 1777
core   0: 3 0x80003b16 (0x6f17e713) x14 0x000006f1
core   0: 0x80003b1a (0xe74ba893) slti    a7, s7, -396
core   0: 3 0x80003b1a (0xe74ba893) x17 0x00000000
core   0: 0x80003b1e (0x000f5733) srl     a4, t5, zero
core   0: 3 0x80003b1e (0x000f5733) x14 0x80000000
core   0: 0x80003b22 (0x0000612d) c.addi16sp sp, 224
core   0: 3 0x80003b22 (0x612d) x 2 0x08ed9dc2
core   0: 0x80003b24 (0x00009b7d) c.andi  a4, -1
core   0: 3 0x80003b24 (0x9b7d) x14 0x80000000
core   0: 0x80003b26 (0x03a6e5b3) rem     a1, a3, s10
core   0: 3 0x80003b26 (0x03a6e5b3) x11 0xfffffffd
core   0: 0x80003b2a (0x00009baa) c.add   s7, a0
core   0: 3 0x80003b2a (0x9baa) x23 0x00000005
core   0: 0x80003b2c (0x000080e9) c.srli  s1, 26
core   0: 3 0x80003b2c (0x80e9) x 9 0x00000000
core   0: 0x80003b2e (0x00008c8d) c.sub   s1, a1
core   0: 3 0x80003b2e (0x8c8d) x 9 0x00000003
core   0: 0x80003b30 (0x00a887b3) add     a5, a7, a0
core   0: 3 0x80003b30 (0x00a887b3) x15 0x00000004
core   0: 0x80003b34 (0xf8210893) addi    a7, sp, -126
core   0: 3 0x80003b34 (0xf8210893) x17 0x08ed9d44
core   0: 0x80003b38 (0x37a60a13) addi    s4, a2, 890
core   0: 3 0x80003b38 (0x37a60a13) x20 0x0000037a
core   0: 0x80003b3c (0x03672533) mulhsu  a0, a4, s6
core   0: 3 0x80003b3c (0x03672533) x10 0xffffd800
core   0: 0x80003b40 (0x00008d95) c.sub   a1, a3
core   0: 3 0x80003b40 (0x8d95) x11 0x00000000
core   0: 0x80003b42 (0x037c18b3) mulh    a7, s8, s7
core   0: 3 0x80003b42 (0x037c18b3) x17 0x00000000
core   0: 0x80003b46 (0x5447ac93) slti    s9, a5, 1348
core   0: 3 0x80003b46 (0x5447ac93) x25 0x00000001
core   0: 0x80003b4a (0x000092ae) c.add   t0, a1
core   0: 3 0x80003b4a (0x92ae) x 5 0x00000000
core   0: 0x80003b4c (0x40e18533) sub     a0, gp, a4
core   0: 3 0x80003b4c (0x40e18533) x10 0x80000000
core   0: 0x80003b50 (0x01991d93) slli    s11, s2, 25
core   0: 3 0x80003b50 (0x01991d93) x27 0x0c000000
core   0: 0x80003b54 (0x00479733) sll     a4, a5, tp
core   0: 3 0x80003b54 (0x00479733) x14 0x10000000
core   0: 0x80003b58 (0x00000001) c.nop
core   0: 3 0x80003b58 (0x0001)
core   0: 0x80003b5a (0x00008f19) c.sub   a4, a4
core   0: 3 0x80003b5a (0x8f19) x14 0x00000000
core   0: 0x80003b5c (0x415ad2b3) sra     t0, s5, s5
core   0: 3 0x80003b5c (0x415ad2b3) x 5 0x00000000
core   0: 0x80003b60 (0x01cd54b3) srl     s1, s10, t3
core   0: 3 0x80003b60 (0x01cd54b3) x 9 0xffffff5b
core   0: 0x80003b64 (0x01728b33) add     s6, t0, s7
core   0: 3 0x80003b64 (0x01728b33) x22 0x00000005
core   0: 0x80003b68 (0x003ae033) or      zero, s5, gp
core   0: 3 0x80003b68 (0x003ae033)
core   0: 0x80003b6c (0x00008359) c.srli  a4, 22
core   0: 3 0x80003b6c (0x8359) x14 0x00000000
core   0: 0x80003b6e (0x00008cd5) c.or    s1, a3
core   0: 3 0x80003b6e (0x8cd5) x 9 0xffffffff
core   0: 0x80003b70 (0x00aebb33) sltu    s6, t4, a0
core   0: 3 0x80003b70 (0x00aebb33) x22 0x00000001
core   0: 0x80003b74 (0x00008d6d) c.and   a0, a1
core   0: 3 0x80003b74 (0x8d6d) x10 0x00000000
core   0: 0x80003b76 (0x00008fad) c.xor   a5, a1
core   0: 3 0x80003b76 (0x8fad) x15 0x00000004
core   0: 0x80003b78 (0x00008f21) c.xor   a4, s0
core   0: 3 0x80003b78 (0x8f21) x14 0xffffff56
core   0: 0x80003b7a (0x00006a7d) c.lui   s4, 0x1f
core   0: 3 0x80003b7a (0x6a7d) x20 0x0001f000
core   0: 0x80003b7c (0x00008bb5) c.andi  a5, 13
core   0: 3 0x80003b7c (0x8bb5) x15 0x00000004
core   0: 0x80003b7e (0x6d932b13) slti    s6, t1, 1753
core   0: 3 0x80003b7e (0x6d932b13) x22 0x00000001
core   0: 0x80003b82 (0x1cded737) lui     a4, 0x1cded
core   0: 3 0x80003b82 (0x1cded737) x14 0x1cded000
core   0: 0x80003b86 (0x5ec8cf93) xori    t6, a7, 1516
core   0: 3 0x80003b86 (0x5ec8cf93) x31 0x000005ec
core   0: 0x80003b8a (0xf61e0c93) addi    s9, t3, -159
core   0: 3 0x80003b8a (0xf61e0c93) x25 0xffffff61
core   0: 0x80003b8e (0x03c32fb3) mulhsu  t6, t1, t3
core   0: 3 0x80003b8e (0x03c32fb3) x31 0x00000000
core   0: 0x80003b92 (0x009ad893) srli    a7, s5, 9
core   0: 3 0x80003b92 (0x009ad893) x17 0x00000000
core   0: 0x80003b96 (0x03f7c1b3) div     gp, a5, t6
core   0: 3 0x80003b96 (0x03f7c1b3) x 3 0xffffffff
core   0: 0x80003b9a (0x00000001) c.nop
core   0: 3 0x80003b9a (0x0001)
core   0: 0x80003b9c (0x41c30f33) sub     t5, t1, t3
core   0: 3 0x80003b9c (0x41c30f33) x30 0x00000000
core   0: 0x80003ba0 (0x03919733) mulh    a4, gp, s9
core   0: 3 0x80003ba0 (0x03919733) x14 0x00000000
core   0: 0x80003ba4 (0x0000015d) c.addi  sp, 23
core   0: 3 0x80003ba4 (0x015d) x 2 0x08ed9dd9
core   0: 0x80003ba6 (0x000086ce) c.mv    a3, s3
core   0: 3 0x80003ba6 (0x86ce) x13 0x8000ee64
core   0: 0x80003ba8 (0x02957333) remu    t1, a0, s1
core   0: 3 0x80003ba8 (0x02957333) x 6 0x00000000
core   0: 0x80003bac (0x39b9af13) slti    t5, s3, 923
core   0: 3 0x80003bac (0x39b9af13) x30 0x00000001
core   0: 0x80003bb0 (0x00000001) c.nop
core   0: 3 0x80003bb0 (0x0001)
core   0: 0x80003bb2 (0x000098fd) c.andi  s1, -1
core   0: 3 0x80003bb2 (0x98fd) x 9 0xffffffff
core   0: 0x80003bb4 (0x00008ed2) c.mv    t4, s4
core   0: 3 0x80003bb4 (0x8ed2) x29 0x0001f000
core   0: 0x80003bb6 (0x031f6fb3) rem     t6, t5, a7
core   0: 3 0x80003bb6 (0x031f6fb3) x31 0x00000001
core   0: 0x80003bba (0x00000001) c.nop
core   0: 3 0x80003bba (0x0001)
core   0: 0x80003bbc (0x02587ab3) remu    s5, a6, t0
core   0: 3 0x80003bbc (0x02587ab3) x21 0x00000000
core   0: 0x80003bc0 (0x00000001) c.nop
core   0: 3 0x80003bc0 (0x0001)
core   0: 0x80003bc2 (0x000099fd) c.andi  a1, -1
core   0: 3 0x80003bc2 (0x99fd) x11 0x00000000
core   0: 0x80003bc4 (0x00008d8d) c.sub   a1, a1
core   0: 3 0x80003bc4 (0x8d8d) x11 0x00000000
core   0: 0x80003bc6 (0x00000001) c.nop
core   0: 3 0x80003bc6 (0x0001)
core   0: 0x80003bc8 (0x00008fd1) c.or    a5, a2
core   0: 3 0x80003bc8 (0x8fd1) x15 0x00000004
core   0: 0x80003bca (0x0108d293) srli    t0, a7, 16
core   0: 3 0x80003bca (0x0108d293) x 5 0x00000000
core   0: 0x80003bce (0x000087c9) c.srai  a5, 18
core   0: 3 0x80003bce (0x87c9) x15 0x00000000
core   0: 0x80003bd0 (0x00d41493) slli    s1, s0, 13
core   0: 3 0x80003bd0 (0x00d41493) x 9 0xffeac000
core   0: 0x80003bd4 (0x03ee0db3) mul     s11, t3, t5
core   0: 3 0x80003bd4 (0x03ee0db3) x27 0x00000000
core   0: 0x80003bd8 (0x00278833) add     a6, a5, sp
core   0: 3 0x80003bd8 (0x00278833) x16 0x08ed9dd9
core   0: 0x80003bdc (0x02a7a2b3) mulhsu  t0, a5, a0
core   0: 3 0x80003bdc (0x02a7a2b3) x 5 0x00000000
core   0: 0x80003be0 (0x015b5093) srli    ra, s6, 21
core   0: 3 0x80003be0 (0x015b5093) x 1 0x00000000
core   0: 0x80003be4 (0xa4198713) addi    a4, s3, -1471
core   0: 3 0x80003be4 (0xa4198713) x14 0x8000e8a5
core   0: 0x80003be8 (0x0000908e) c.add   ra, gp
core   0: 3 0x80003be8 (0x908e) x 1 0xffffffff
core   0: 0x80003bea (0x00008d71) c.and   a0, a2
core   0: 3 0x80003bea (0x8d71) x10 0x00000000
core   0: 0x80003bec (0x00008f01) c.sub   a4, s0
core   0: 3 0x80003bec (0x8f01) x14 0x8000e94f
core   0: 0x80003bee (0x0000674d) c.lui   a4, 0x13
core   0: 3 0x80003bee (0x674d) x14 0x00013000
core   0: 0x80003bf0 (0x00009afd) c.andi  a3, -1
core   0: 3 0x80003bf0 (0x9afd) x13 0x8000ee64
core   0: 0x80003bf2 (0x00008489) c.srai  s1, 2
core   0: 3 0x80003bf2 (0x8489) x 9 0xfffab000
core   0: 0x80003bf4 (0x405c8fb3) sub     t6, s9, t0
core   0: 3 0x80003bf4 (0x405c8fb3) x31 0xffffff61
core   0: 0x80003bf8 (0x015cd233) srl     tp, s9, s5
core   0: 3 0x80003bf8 (0x015cd233) x 4 0xffffff61
core   0: 0x80003bfc (0x01479c93) slli    s9, a5, 20
core   0: 3 0x80003bfc (0x01479c93) x25 0x00000000
core   0: 0x80003c00 (0x031a3c33) mulhu   s8, s4, a7
core   0: 3 0x80003c00 (0x031a3c33) x24 0x00000000
core   0: 0x80003c04 (0x013a7433) and     s0, s4, s3
core   0: 3 0x80003c04 (0x013a7433) x 8 0x0000e000
core   0: 0x80003c08 (0x000018fd) c.addi  a7, -1
core   0: 3 0x80003c08 (0x18fd) x17 0xffffffff
core   0: 0x80003c0a (0x00ca4033) xor     zero, s4, a2
core   0: 3 0x80003c0a (0x00ca4033)
core   0: 0x80003c0e (0x01d19d13) slli    s10, gp, 29
core   0: 3 0x80003c0e (0x01d19d13) x26 0xe0000000
core   0: 0x80003c12 (0x0000984a) c.add   a6, s2
core   0: 3 0x80003c12 (0x984a) x16 0x08ed9edf
core   0: 0x80003c14 (0x00008fc2) c.mv    t6, a6
core   0: 3 0x80003c14 (0x8fc2) x31 0x08ed9edf
core   0: 0x80003c16 (0x020a7f33) remu    t5, s4, zero
core   0: 3 0x80003c16 (0x020a7f33) x30 0x0001f000
core   0: 0x80003c1a (0xa6cdc693) xori    a3, s11, -1428
core   0: 3 0x80003c1a (0xa6cdc693) x13 0xfffffa6c
core   0: 0x80003c1e (0x001d2e33) slt     t3, s10, ra
core   0: 3 0x80003c1e (0x001d2e33) x28 0x00000001
core   0: 0x80003c22 (0x011f9933) sll     s2, t6, a7
core   0: 3 0x80003c22 (0x011f9933) x18 0x80000000
core   0: 0x80003c26 (0x416c81b3) sub     gp, s9, s6
core   0: 3 0x80003c26 (0x416c81b3) x 3 0xffffffff
core   0: 0x80003c2a (0x0bdea213) slti    tp, t4, 189
core   0: 3 0x80003c2a (0x0bdea213) x 4 0x00000000
core   0: 0x80003c2e (0x01c4bab3) sltu    s5, s1, t3
core   0: 3 0x80003c2e (0x01c4bab3) x21 0x00000000
core   0: 0x80003c32 (0x000001c1) c.addi  gp, 16
core   0: 3 0x80003c32 (0x01c1) x 3 0x0000000f
core   0: 0x80003c34 (0x00008f95) c.sub   a5, a3
core   0: 3 0x80003c34 (0x8f95) x15 0x00000594
core   0: 0x80003c36 (0x00008f65) c.and   a4, s1
core   0: 3 0x80003c36 (0x8f65) x14 0x00003000
core   0: 0x80003c38 (0x00000908) c.addi4spn a0, sp, 144
core   0: 3 0x80003c38 (0x0908) x10 0x08ed9e69
core   0: 0x80003c3a (0x021ce8b3) rem     a7, s9, ra
core   0: 3 0x80003c3a (0x021ce8b3) x17 0x00000000
core   0: 0x80003c3e (0x00000fed) c.addi  t6, 27
core   0: 3 0x80003c3e (0x0fed) x31 0x08ed9efa
core   0: 0x80003c40 (0x00008eb1) c.xor   a3, a2
core   0: 3 0x80003c40 (0x8eb1) x13 0xfffffa6c
core   0: 0x80003c42 (0x0000197d) c.addi  s2, -1
core   0: 3 0x80003c42 (0x197d) x18 0x7fffffff
core   0: 0x80003c44 (0x0000849a) c.mv    s1, t1
core   0: 3 0x80003c44 (0x849a) x 9 0x00000000
core   0: 0x80003c46 (0x00239eb3) sll     t4, t2, sp
core   0: 3 0x80003c46 (0x00239eb3) x29 0xc8000000
core   0: 0x80003c4a (0x00c12233) slt     tp, sp, a2
core   0: 3 0x80003c4a (0x00c12233) x 4 0x00000000
core   0: 0x80003c4e (0x419a5033) sra     zero, s4, s9
core   0: 3 0x80003c4e (0x419a5033)
core   0: 0x80003c52 (0x401d58b3) sra     a7, s10, ra
core   0: 3 0x80003c52 (0x401d58b3) x17 0xffffffff
core   0: 0x80003c56 (0x4167dcb3) sra     s9, a5, s6
core   0: 3 0x80003c56 (0x4167dcb3) x25 0x000002ca
core   0: 0x80003c5a (0x41cf5313) srai    t1, t5, 28
core   0: 3 0x80003c5a (0x41cf5313) x 6 0x00000000
core   0: 0x80003c5e (0x9e760693) addi    a3, a2, -1561
core   0: 3 0x80003c5e (0x9e760693) x13 0xfffff9e7
core   0: 0x80003c62 (0x039641b3) div     gp, a2, s9
core   0: 3 0x80003c62 (0x039641b3) x 3 0x00000000
core   0: 0x80003c66 (0x0092b1b3) sltu    gp, t0, s1
core   0: 3 0x80003c66 (0x0092b1b3) x 3 0x00000000
core   0: 0x80003c6a (0x1d44a237) lui     tp, 0x1d44a
core   0: 3 0x80003c6a (0x1d44a237) x 4 0x1d44a000
core   0: 0x80003c6e (0x01170933) add     s2, a4, a7
core   0: 3 0x80003c6e (0x01170933) x18 0x00002fff
core   0: 0x80003c72 (0x56d00c93) li      s9, 1389
core   0: 3 0x80003c72 (0x56d00c93) x25 0x0000056d
core   0: 0x80003c76 (0x00004dfd) c.li    s11, 31
core   0: 3 0x80003c76 (0x4dfd) x27 0x0000001f
core   0: 0x80003c78 (0x00008cad) c.xor   s1, a1
core   0: 3 0x80003c78 (0x8cad) x 9 0x00000000
core   0: 0x80003c7a (0x0142dc13) srli    s8, t0, 20
core   0: 3 0x80003c7a (0x0142dc13) x24 0x00000000
core   0: 0x80003c7e (0x03ddf1b3) remu    gp, s11, t4
core   0: 3 0x80003c7e (0x03ddf1b3) x 3 0x0000001f
core   0: 0x80003c82 (0x03e37eb3) remu    t4, t1, t5
core   0: 3 0x80003c82 (0x03e37eb3) x29 0x00000000
core   0: 0x80003c86 (0xf342a293) slti    t0, t0, -204
core   0: 3 0x80003c86 (0xf342a293) x 5 0x00000000
core   0: 0x80003c8a (0x00008eb5) c.xor   a3, a3
core   0: 3 0x80003c8a (0x8eb5) x13 0x00000000
core   0: 0x80003c8c (0x0043e2b3) or      t0, t2, tp
core   0: 3 0x80003c8c (0x0043e2b3) x 5 0x9d45ace4
core   0: 0x80003c90 (0x6c7e0e13) addi    t3, t3, 1735
core   0: 3 0x80003c90 (0x6c7e0e13) x28 0x000006c8
core   0: 0x80003c94 (0xc2103913) sltiu   s2, zero, -991
core   0: 3 0x80003c94 (0xc2103913) x18 0x00000001
core   0: 0x80003c98 (0xb433b137) lui     sp, 0xb433b
core   0: 3 0x80003c98 (0xb433b137) x 2 0xb433b000
core   0: 0x80003c9c (0x01a19c13) slli    s8, gp, 26
core   0: 3 0x80003c9c (0x01a19c13) x24 0x7c000000
core   0: 0x80003ca0 (0x0000974a) c.add   a4, s2
core   0: 3 0x80003ca0 (0x974a) x14 0x00003001
core   0: 0x80003ca2 (0x000097ae) c.add   a5, a1
core   0: 3 0x80003ca2 (0x97ae) x15 0x00000594
core   0: 0x80003ca4 (0x00d31133) sll     sp, t1, a3
core   0: 3 0x80003ca4 (0x00d31133) x 2 0x00000000
core   0: 0x80003ca8 (0x00008f39) c.xor   a4, a4
core   0: 3 0x80003ca8 (0x8f39) x14 0x00000000
core   0: 0x80003caa (0x000005e6) c.slli  a1, 25
core   0: 3 0x80003caa (0x05e6) x11 0x00000000
core   0: 0x80003cac (0x01255893) srli    a7, a0, 18
core   0: 3 0x80003cac (0x01255893) x17 0x0000023b
core   0: 0x80003cb0 (0x724f8713) addi    a4, t6, 1828
core   0: 3 0x80003cb0 (0x724f8713) x14 0x08eda61e
core   0: 0x80003cb4 (0x012f5213) srli    tp, t5, 18
core   0: 3 0x80003cb4 (0x012f5213) x 4 0x00000000
core   0: 0x80003cb8 (0x036fccb3) div     s9, t6, s6
core   0: 3 0x80003cb8 (0x036fccb3) x25 0x08ed9efa
core   0: 0x80003cbc (0x4db2a113) slti    sp, t0, 1243
core   0: 3 0x80003cbc (0x4db2a113) x 2 0x00000001
core   0: 0x80003cc0 (0x0369a233) mulhsu  tp, s3, s6
core   0: 3 0x80003cc0 (0x0369a233) x 4 0xffffffff
core   0: 0x80003cc4 (0x03d4a6b3) mulhsu  a3, s1, t4
core   0: 3 0x80003cc4 (0x03d4a6b3) x13 0x00000000
core   0: 0x80003cc8 (0x03ef8333) mul     t1, t6, t5
core   0: 3 0x80003cc8 (0x03ef8333) x 6 0x64046000
core   0: 0x80003ccc (0xdd3fbc13) sltiu   s8, t6, -557
core   0: 3 0x80003ccc (0xdd3fbc13) x24 0x00000001
core   0: 0x80003cd0 (0x00000001) c.nop
core   0: 3 0x80003cd0 (0x0001)
core   0: 0x80003cd2 (0x00009afd) c.andi  a3, -1
core   0: 3 0x80003cd2 (0x9afd) x13 0x00000000
core   0: 0x80003cd4 (0x4174de93) srai    t4, s1, 23
core   0: 3 0x80003cd4 (0x4174de93) x29 0x00000000
core   0: 0x80003cd8 (0x0000819d) c.srli  a1, 7
core   0: 3 0x80003cd8 (0x819d) x11 0x00000000
core   0: 0x80003cda (0x01886f33) or      t5, a6, s8
core   0: 3 0x80003cda (0x01886f33) x30 0x08ed9edf
core   0: 0x80003cde (0x0000717d) c.addi16sp sp, -16
core   0: 3 0x80003cde (0x717d) x 2 0xfffffff1
core   0: 0x80003ce0 (0xdb32e313) ori     t1, t0, -589
core   0: 3 0x80003ce0 (0xdb32e313) x 6 0xfffffdf7
core   0: 0x80003ce4 (0x01c48833) add     a6, s1, t3
core   0: 3 0x80003ce4 (0x01c48833) x16 0x000006c8
core   0: 0x80003ce8 (0x40705293) srai    t0, zero, 7
core   0: 3 0x80003ce8 (0x40705293) x 5 0x00000000
core   0: 0x80003cec (0x009d5933) srl     s2, s10, s1
core   0: 3 0x80003cec (0x009d5933) x18 0xe0000000
core   0: 0x80003cf0 (0x412287b3) sub     a5, t0, s2
core   0: 3 0x80003cf0 (0x412287b3) x15 0x20000000
core   0: 0x80003cf4 (0x00000001) c.nop
core   0: 3 0x80003cf4 (0x0001)
core   0: 0x80003cf6 (0x269bee37) lui     t3, 0x269be
core   0: 3 0x80003cf6 (0x269bee37) x28 0x269be000
core   0: 0x80003cfa (0x022067b3) rem     a5, zero, sp
core   0: 3 0x80003cfa (0x022067b3) x15 0x00000000
core   0: 0x80003cfe (0xc3d10893) addi    a7, sp, -963
core   0: 3 0x80003cfe (0xc3d10893) x17 0xfffffc2e
core   0: 0x80003d02 (0x2be1c197) auipc   gp, 0x2be1c
core   0: 3 0x80003d02 (0x2be1c197) x 3 0xabe1fd02
core   0: 0x80003d06 (0x007a0eb3) add     t4, s4, t2
core   0: 3 0x80003d06 (0x007a0eb3) x29 0x80031ce4
core   0: 0x80003d0a (0x012d9c33) sll     s8, s11, s2
core   0: 3 0x80003d0a (0x012d9c33) x24 0x0000001f
core   0: 0x80003d0e (0x00000ef2) c.slli  t4, 28
core   0: 3 0x80003d0e (0x0ef2) x29 0x40000000
core   0: 0x80003d10 (0x00008f75) c.and   a4, a3
core   0: 3 0x80003d10 (0x8f75) x14 0x00000000
core   0: 0x80003d12 (0x40de51b3) sra     gp, t3, a3
core   0: 3 0x80003d12 (0x40de51b3) x 3 0x269be000
core   0: 0x80003d16 (0x4abd9cb7) lui     s9, 0x4abd9
core   0: 3 0x80003d16 (0x4abd9cb7) x25 0x4abd9000
core   0: 0x80003d1a (0x01feda93) srli    s5, t4, 31
core   0: 3 0x80003d1a (0x01feda93) x21 0x00000000
core   0: 0x80003d1e (0x0000052e) c.slli  a0, 11
core   0: 3 0x80003d1e (0x052e) x10 0x6cf34800
core   0: 0x80003d20 (0x01b85b93) srli    s7, a6, 27
core   0: 3 0x80003d20 (0x01b85b93) x23 0x00000000
core   0: 0x80003d24 (0x211b7c13) andi    s8, s6, 529
core   0: 3 0x80003d24 (0x211b7c13) x24 0x00000001
core   0: 0x80003d28 (0x6a6ae913) ori     s2, s5, 1702
core   0: 3 0x80003d28 (0x6a6ae913) x18 0x000006a6
core   0: 0x80003d2c (0xe4017817) auipc   a6, 0xe4017
core   0: 3 0x80003d2c (0xe4017817) x16 0x6401ad2c
core   0: 0x80003d30 (0x00000001) c.nop
core   0: 3 0x80003d30 (0x0001)
core   0: 0x80003d32 (0x0330da33) divu    s4, ra, s3
core   0: 3 0x80003d32 (0x0330da33) x20 0x00000001
core   0: 0x80003d36 (0x00009f56) c.add   t5, s5
core   0: 3 0x80003d36 (0x9f56) x30 0x08ed9edf
core   0: 0x80003d38 (0x00001218) c.addi4spn a4, sp, 288
core   0: 3 0x80003d38 (0x1218) x14 0x00000111
core   0: 0x80003d3a (0x03c3dc33) divu    s8, t2, t3
core   0: 3 0x80003d3a (0x03c3dc33) x24 0x00000003
core   0: 0x80003d3e (0x0118e233) or      tp, a7, a7
core   0: 3 0x80003d3e (0x0118e233) x 4 0xfffffc2e
core   0: 0x80003d42 (0x01a35893) srli    a7, t1, 26
core   0: 3 0x80003d42 (0x01a35893) x17 0x0000003f
core   0: 0x80003d46 (0x0229a533) mulhsu  a0, s3, sp
core   0: 3 0x80003d46 (0x0229a533) x10 0x8000ee6b
core   0: 0x80003d4a (0x0000987d) c.andi  s0, -1
core   0: 3 0x80003d4a (0x987d) x 8 0x0000e000
core   0: 0x80003d4c (0x00000594) c.addi4spn a3, sp, 704
core   0: 3 0x80003d4c (0x0594) x13 0x000002b1
core   0: 0x80003d4e (0x018bb133) sltu    sp, s7, s8
core   0: 3 0x80003d4e (0x018bb133) x 2 0x00000001
core   0: 0x80003d52 (0x00008c65) c.and   s0, s1
core   0: 3 0x80003d52 (0x8c65) x 8 0x00000000
core   0: 0x80003d54 (0x002040b3) xor     ra, zero, sp
core   0: 3 0x80003d54 (0x002040b3) x 1 0x00000001
core   0: 0x80003d58 (0x000095da) c.add   a1, s6
core   0: 3 0x80003d58 (0x95da) x11 0x00000001
core   0: 0x80003d5a (0x01188bb3) add     s7, a7, a7
core   0: 3 0x80003d5a (0x01188bb3) x23 0x0000007e
core   0: 0x80003d5e (0x027c3fb3) mulhu   t6, s8, t2
core   0: 3 0x80003d5e (0x027c3fb3) x31 0x00000001
core   0: 0x80003d62 (0x00000862) c.slli  a6, 24
core   0: 3 0x80003d62 (0x0862) x16 0x2c000000
core   0: 0x80003d64 (0x00000001) c.nop
core   0: 3 0x80003d64 (0x0001)
core   0: 0x80003d66 (0x00008b76) c.mv    s6, t4
core   0: 3 0x80003d66 (0x8b76) x22 0x40000000
core   0: 0x80003d68 (0x01361113) slli    sp, a2, 19
core   0: 3 0x80003d68 (0x01361113) x 2 0x00000000
core   0: 0x80003d6c (0x00000ebd) c.addi  t4, 15
core   0: 3 0x80003d6c (0x0ebd) x29 0x4000000f
core   0: 0x80003d6e (0x02299e33) mulh    t3, s3, sp
core   0: 3 0x80003d6e (0x02299e33) x28 0x00000000
core   0: 0x80003d72 (0x403f8ab3) sub     s5, t6, gp
core   0: 3 0x80003d72 (0x403f8ab3) x21 0xd9642001
core   0: 0x80003d76 (0x0017dd13) srli    s10, a5, 1
core   0: 3 0x80003d76 (0x0017dd13) x26 0x00000000
core   0: 0x80003d7a (0x00009cfa) c.add   s9, t5
core   0: 3 0x80003d7a (0x9cfa) x25 0x53ab2edf
core   0: 0x80003d7c (0x02008033) mul     zero, ra, zero
core   0: 3 0x80003d7c (0x02008033)
core   0: 0x80003d80 (0x0f856c37) lui     s8, 0xf856
core   0: 3 0x80003d80 (0x0f856c37) x24 0x0f856000
core   0: 0x80003d84 (0x001af8b3) and     a7, s5, ra
core   0: 3 0x80003d84 (0x001af8b3) x17 0x00000001
core   0: 0x80003d88 (0x00009cea) c.add   s9, s10
core   0: 3 0x80003d88 (0x9cea) x25 0x53ab2edf
core   0: 0x80003d8a (0x037fb833) mulhu   a6, t6, s7
core   0: 3 0x80003d8a (0x037fb833) x16 0x00000000
core   0: 0x80003d8e (0x00008f51) c.or    a4, a2
core   0: 3 0x80003d8e (0x8f51) x14 0x00000111
core   0: 0x80003d90 (0x00008ce9) c.and   s1, a0
core   0: 3 0x80003d90 (0x8ce9) x 9 0x00000000
core   0: 0x80003d92 (0x00008cf5) c.and   s1, a3
core   0: 3 0x80003d92 (0x8cf5) x 9 0x00000000
core   0: 0x80003d94 (0xd1653f93) sltiu   t6, a0, -746
core   0: 3 0x80003d94 (0xd1653f93) x31 0x00000001
core   0: 0x80003d98 (0x000082e5) c.srli  a3, 25
core   0: 3 0x80003d98 (0x82e5) x13 0x00000000
core   0: 0x80003d9a (0x40bfd733) sra     a4, t6, a1
core   0: 3 0x80003d9a (0x40bfd733) x14 0x00000000
core   0: 0x80003d9e (0x00008ea1) c.xor   a3, s0
core   0: 3 0x80003d9e (0x8ea1) x13 0x00000000
core   0: 0x80003da0 (0x00008f85) c.sub   a5, s1
core   0: 3 0x80003da0 (0x8f85) x15 0x00000000
core   0: 0x80003da2 (0x00bc6eb3) or      t4, s8, a1
core   0: 3 0x80003da2 (0x00bc6eb3) x29 0x0f856001
core   0: 0x80003da6 (0x016d94b3) sll     s1, s11, s6
core   0: 3 0x80003da6 (0x016d94b3) x 9 0x0000001f
core   0: 0x80003daa (0x00001b7d) c.addi  s6, -1
core   0: 3 0x80003daa (0x1b7d) x22 0x3fffffff
core   0: 0x80003dac (0x00008335) c.srli  a4, 13
core   0: 3 0x80003dac (0x8335) x14 0x00000000
core   0: 0x80003dae (0x025aaab3) mulhsu  s5, s5, t0
core   0: 3 0x80003dae (0x025aaab3) x21 0x00000000
core   0: 0x80003db2 (0x0000717d) c.addi16sp sp, -16
core   0: 3 0x80003db2 (0x717d) x 2 0xfffffff0
core   0: 0x80003db4 (0x00000f42) c.slli  t5, 16
core   0: 3 0x80003db4 (0x0f42) x30 0x9edf0000
core   0: 0x80003db6 (0x00eace33) xor     t3, s5, a4
core   0: 3 0x80003db6 (0x00eace33) x28 0x00000000
core   0: 0x80003dba (0x02164c33) div     s8, a2, ra
core   0: 3 0x80003dba (0x02164c33) x24 0x00000000
core   0: 0x80003dbe (0x41f85bb3) sra     s7, a6, t6
core   0: 3 0x80003dbe (0x41f85bb3) x23 0x00000000
core   0: 0x80003dc2 (0x000085c9) c.srai  a1, 18
core   0: 3 0x80003dc2 (0x85c9) x11 0x00000000
core   0: 0x80003dc4 (0x00008e2e) c.mv    t3, a1
core   0: 3 0x80003dc4 (0x8e2e) x28 0x00000000
core   0: 0x80003dc6 (0x00006b19) c.lui   s6, 0x6
core   0: 3 0x80003dc6 (0x6b19) x22 0x00006000
core   0: 0x80003dc8 (0x01f08033) add     zero, ra, t6
core   0: 3 0x80003dc8 (0x01f08033)
core   0: 0x80003dcc (0x0049cd33) xor     s10, s3, tp
core   0: 3 0x80003dcc (0x0049cd33) x26 0x7fff124a
core   0: 0x80003dd0 (0x02420533) mul     a0, tp, tp
core   0: 3 0x80003dd0 (0x02420533) x10 0x000e9844
core   0: 0x80003dd4 (0x000080bd) c.srli  s1, 15
core   0: 3 0x80003dd4 (0x80bd) x 9 0x00000000
core   0: 0x80003dd6 (0x024f5c33) divu    s8, t5, tp
core   0: 3 0x80003dd6 (0x024f5c33) x24 0x00000000
core   0: 0x80003dda (0x026fcbb3) div     s7, t6, t1
core   0: 3 0x80003dda (0x026fcbb3) x23 0x00000000
core   0: 0x80003dde (0x000087ed) c.srai  a5, 27
core   0: 3 0x80003dde (0x87ed) x15 0x00000000
core   0: 0x80003de0 (0x00645b33) srl     s6, s0, t1
core   0: 3 0x80003de0 (0x00645b33) x22 0x00000000
core   0: 0x80003de4 (0x000094b2) c.add   s1, a2
core   0: 3 0x80003de4 (0x94b2) x 9 0x00000000
core   0: 0x80003de6 (0x013df733) and     a4, s11, s3
core   0: 3 0x80003de6 (0x013df733) x14 0x00000004
core   0: 0x80003dea (0x00395b13) srli    s6, s2, 3
core   0: 3 0x80003dea (0x00395b13) x22 0x000000d4
core   0: 0x80003dee (0x03561933) mulh    s2, a2, s5
core   0: 3 0x80003dee (0x03561933) x18 0x00000000
core   0: 0x80003df2 (0x0236a5b3) mulhsu  a1, a3, gp
core   0: 3 0x80003df2 (0x0236a5b3) x11 0x00000000
core   0: 0x80003df6 (0x03080c33) mul     s8, a6, a6
core   0: 3 0x80003df6 (0x03080c33) x24 0x00000000
core   0: 0x80003dfa (0x000085e9) c.srai  a1, 26
core   0: 3 0x80003dfa (0x85e9) x11 0x00000000
core   0: 0x80003dfc (0x000047b9) c.li    a5, 14
core   0: 3 0x80003dfc (0x47b9) x15 0x0000000e
core   0: 0x80003dfe (0x0000997d) c.andi  a0, -1
core   0: 3 0x80003dfe (0x997d) x10 0x000e9844
core   0: 0x80003e00 (0x000095a2) c.add   a1, s0
core   0: 3 0x80003e00 (0x95a2) x11 0x00000000
core   0: 0x80003e02 (0x0243dcb3) divu    s9, t2, tp
core   0: 3 0x80003e02 (0x0243dcb3) x25 0x00000000
core   0: 0x80003e06 (0x43720113) addi    sp, tp, 1079
core   0: 3 0x80003e06 (0x43720113) x 2 0x00000065
core   0: 0x80003e0a (0x0285b7b3) mulhu   a5, a1, s0
core   0: 3 0x80003e0a (0x0285b7b3) x15 0x00000000
core   0: 0x80003e0e (0x00009942) c.add   s2, a6
core   0: 3 0x80003e0e (0x9942) x18 0x00000000
core   0: 0x80003e10 (0xe6207e13) andi    t3, zero, -414
core   0: 3 0x80003e10 (0xe6207e13) x28 0x00000000
core   0: 0x80003e14 (0x6efe0fb7) lui     t6, 0x6efe0
core   0: 3 0x80003e14 (0x6efe0fb7) x31 0x6efe0000
core   0: 0x80003e18 (0x03c4bbb3) mulhu   s7, s1, t3
core   0: 3 0x80003e18 (0x03c4bbb3) x23 0x00000000
core   0: 0x80003e1c (0x000004fe) c.slli  s1, 31
core   0: 3 0x80003e1c (0x04fe) x 9 0x00000000
core   0: 0x80003e1e (0x031096b3) mulh    a3, ra, a7
core   0: 3 0x80003e1e (0x031096b3) x13 0x00000000
core   0: 0x80003e22 (0x475dcab7) lui     s5, 0x475dc
core   0: 3 0x80003e22 (0x475dcab7) x21 0x475dc000
core   0: 0x80003e26 (0x98022c93) slti    s9, tp, -1664
core   0: 3 0x80003e26 (0x98022c93) x25 0x00000000
core   0: 0x80003e2a (0x0000825e) c.mv    tp, s7
core   0: 3 0x80003e2a (0x825e) x 4 0x00000000
core   0: 0x80003e2c (0x00000aae) c.slli  s5, 11
core   0: 3 0x80003e2c (0x0aae) x21 0xee000000
core   0: 0x80003e2e (0x013b1e33) sll     t3, s6, s3
core   0: 3 0x80003e2e (0x013b1e33) x28 0x00000d40
core   0: 0x80003e32 (0xa9a0f713) andi    a4, ra, -1382
core   0: 3 0x80003e32 (0xa9a0f713) x14 0x00000000
core   0: 0x80003e36 (0x000081a1) c.srli  a1, 8
core   0: 3 0x80003e36 (0x81a1) x11 0x00000000
core   0: 0x80003e38 (0x030c15b3) mulh    a1, s8, a6
core   0: 3 0x80003e38 (0x030c15b3) x11 0x00000000
core   0: 0x80003e3c (0x396aaa13) slti    s4, s5, 918
core   0: 3 0x80003e3c (0x396aaa13) x20 0x00000001
core   0: 0x80003e40 (0x0000117d) c.addi  sp, -1
core   0: 3 0x80003e40 (0x117d) x 2 0x00000064
core   0: 0x80003e42 (0x009fed33) or      s10, t6, s1
core   0: 3 0x80003e42 (0x009fed33) x26 0x6efe0000
core   0: 0x80003e46 (0xfad4c513) xori    a0, s1, -83
core   0: 3 0x80003e46 (0xfad4c513) x10 0xffffffad
core   0: 0x80003e4a (0x02566fb3) rem     t6, a2, t0
core   0: 3 0x80003e4a (0x02566fb3) x31 0x00000000
core   0: 0x80003e4e (0x00000001) c.nop
core   0: 3 0x80003e4e (0x0001)
core   0: 0x80003e50 (0x00819733) sll     a4, gp, s0
core   0: 3 0x80003e50 (0x00819733) x14 0x269be000
core   0: 0x80003e54 (0x00c7d693) srli    a3, a5, 12
core   0: 3 0x80003e54 (0x00c7d693) x13 0x00000000
core   0: 0x80003e58 (0x0000044e) c.slli  s0, 19
core   0: 3 0x80003e58 (0x044e) x 8 0x00000000
core   0: 0x80003e5a (0x00008d19) c.sub   a0, a4
core   0: 3 0x80003e5a (0x8d19) x10 0xd9641fad
core   0: 0x80003e5c (0x006d1593) slli    a1, s10, 6
core   0: 3 0x80003e5c (0x006d1593) x11 0xbf800000
core   0: 0x80003e60 (0x01efa833) slt     a6, t6, t5
core   0: 3 0x80003e60 (0x01efa833) x16 0x00000000
core   0: 0x80003e64 (0x034d7db3) remu    s11, s10, s4
core   0: 3 0x80003e64 (0x034d7db3) x27 0x00000000
core   0: 0x80003e68 (0x00000d8c) c.addi4spn a1, sp, 720
core   0: 3 0x80003e68 (0x0d8c) x11 0x00000334
core   0: 0x80003e6a (0x009c1d13) slli    s10, s8, 9
core   0: 3 0x80003e6a (0x009c1d13) x26 0x00000000
core   0: 0x80003e6e (0x00000001) c.nop
core   0: 3 0x80003e6e (0x0001)
core   0: 0x80003e70 (0x03c22b33) mulhsu  s6, tp, t3
core   0: 3 0x80003e70 (0x03c22b33) x22 0x00000000
core   0: 0x80003e74 (0x03d9e4b3) rem     s1, s3, t4
core   0: 3 0x80003e74 (0x03d9e4b3) x 9 0xfc2bee6c
core   0: 0x80003e78 (0x89b4e593) ori     a1, s1, -1893
core   0: 3 0x80003e78 (0x89b4e593) x11 0xfffffeff
core   0: 0x80003e7c (0x00008c01) c.sub   s0, s0
core   0: 3 0x80003e7c (0x8c01) x 8 0x00000000
core   0: 0x80003e7e (0x00ef1933) sll     s2, t5, a4
core   0: 3 0x80003e7e (0x00ef1933) x18 0x9edf0000
core   0: 0x80003e82 (0xd1696b13) ori     s6, s2, -746
core   0: 3 0x80003e82 (0xd1696b13) x22 0xfffffd16
core   0: 0x80003e86 (0x00006159) c.addi16sp sp, 400
core   0: 3 0x80003e86 (0x6159) x 2 0x000001f4
core   0: 0x80003e88 (0x00b84133) xor     sp, a6, a1
core   0: 3 0x80003e88 (0x00b84133) x 2 0xfffffeff
core   0: 0x80003e8c (0x00009afa) c.add   s5, t5
core   0: 3 0x80003e8c (0x9afa) x21 0x8cdf0000
core   0: 0x80003e8e (0x01fe6233) or      tp, t3, t6
core   0: 3 0x80003e8e (0x01fe6233) x 4 0x00000d40
core   0: 0x80003e92 (0x03000733) mul     a4, zero, a6
core   0: 3 0x80003e92 (0x03000733) x14 0x00000000
core   0: 0x80003e96 (0xdafeea13) ori     s4, t4, -593
core   0: 3 0x80003e96 (0xdafeea13) x20 0xfffffdaf
core   0: 0x80003e9a (0x00147833) and     a6, s0, ra
core   0: 3 0x80003e9a (0x00147833) x16 0x00000000
core   0: 0x80003e9e (0x00008dc1) c.or    a1, s0
core   0: 3 0x80003e9e (0x8dc1) x11 0xfffffeff
core   0: 0x80003ea0 (0x00000001) c.nop
core   0: 3 0x80003ea0 (0x0001)
core   0: 0x80003ea2 (0x00008a0e) c.mv    s4, gp
core   0: 3 0x80003ea2 (0x8a0e) x20 0x269be000
core   0: 0x80003ea4 (0x00008dbd) c.xor   a1, a5
core   0: 3 0x80003ea4 (0x8dbd) x11 0xfffffeff
core   0: 0x80003ea6 (0x00000001) c.nop
core   0: 3 0x80003ea6 (0x0001)
core   0: 0x80003ea8 (0x0065fd33) and     s10, a1, t1
core   0: 3 0x80003ea8 (0x0065fd33) x26 0xfffffcf7
core   0: 0x80003eac (0x00008361) c.srli  a4, 24
core   0: 3 0x80003eac (0x8361) x14 0x00000000
core   0: 0x80003eae (0x41550a33) sub     s4, a0, s5
core   0: 3 0x80003eae (0x41550a33) x20 0x4c851fad
core   0: 0x80003eb2 (0x41d6d593) srai    a1, a3, 29
core   0: 3 0x80003eb2 (0x41d6d593) x11 0x00000000
core   0: 0x80003eb6 (0x01615413) srli    s0, sp, 22
core   0: 3 0x80003eb6 (0x01615413) x 8 0x000003ff
core   0: 0x80003eba (0x0164da33) srl     s4, s1, s6
core   0: 3 0x80003eba (0x0164da33) x20 0x000003f0
core   0: 0x80003ebe (0x00008c7d) c.and   s0, a5
core   0: 3 0x80003ebe (0x8c7d) x 8 0x00000000
core   0: 0x80003ec0 (0x40405893) srai    a7, zero, 4
core   0: 3 0x80003ec0 (0x40405893) x17 0x00000000
core   0: 0x80003ec4 (0x02b0da33) divu    s4, ra, a1
core   0: 3 0x80003ec4 (0x02b0da33) x20 0xffffffff
core   0: 0x80003ec8 (0x000099fd) c.andi  a1, -1
core   0: 3 0x80003ec8 (0x99fd) x11 0x00000000
core   0: 0x80003eca (0x022b9533) mulh    a0, s7, sp
core   0: 3 0x80003eca (0x022b9533) x10 0x00000000
core   0: 0x80003ece (0x7a4f7113) andi    sp, t5, 1956
core   0: 3 0x80003ece (0x7a4f7113) x 2 0x00000000
core   0: 0x80003ed2 (0x03da61b3) rem     gp, s4, t4
core   0: 3 0x80003ed2 (0x03da61b3) x 3 0xffffffff
core   0: 0x80003ed6 (0x404fd1b3) sra     gp, t6, tp
core   0: 3 0x80003ed6 (0x404fd1b3) x 3 0x00000000
core   0: 0x80003eda (0x00008565) c.srai  a0, 25
core   0: 3 0x80003eda (0x8565) x10 0x00000000
core   0: 0x80003edc (0x02b5aeb3) mulhsu  t4, a1, a1
core   0: 3 0x80003edc (0x02b5aeb3) x29 0x00000000
core   0: 0x80003ee0 (0x00008fa5) c.xor   a5, s1
core   0: 3 0x80003ee0 (0x8fa5) x15 0xfc2bee6c
core   0: 0x80003ee2 (0x4d138713) addi    a4, t2, 1233
core   0: 3 0x80003ee2 (0x4d138713) x14 0x800131b5
core   0: 0x80003ee6 (0x00008d69) c.and   a0, a0
core   0: 3 0x80003ee6 (0x8d69) x10 0x00000000
core   0: 0x80003ee8 (0x411252b3) sra     t0, tp, a7
core   0: 3 0x80003ee8 (0x411252b3) x 5 0x00000d40
core   0: 0x80003eec (0x0000829d) c.srli  a3, 7
core   0: 3 0x80003eec (0x829d) x13 0x00000000
core   0: 0x80003eee (0x00008c05) c.sub   s0, s1
core   0: 3 0x80003eee (0x8c05) x 8 0x03d41194
core   0: 0x80003ef0 (0x03fdb933) mulhu   s2, s11, t6
core   0: 3 0x80003ef0 (0x03fdb933) x18 0x00000000
core   0: 0x80003ef4 (0x00035933) srl     s2, t1, zero
core   0: 3 0x80003ef4 (0x00035933) x18 0xfffffdf7
core   0: 0x80003ef8 (0x00008141) c.srli  a0, 16
core   0: 3 0x80003ef8 (0x8141) x10 0x00000000
core   0: 0x80003efa (0x40250133) sub     sp, a0, sp
core   0: 3 0x80003efa (0x40250133) x 2 0x00000000
core   0: 0x80003efe (0x03cb0033) mul     zero, s6, t3
core   0: 3 0x80003efe (0x03cb0033)
core   0: 0x80003f02 (0x00008f3d) c.xor   a4, a5
core   0: 3 0x80003f02 (0x8f3d) x14 0x7c2adfd9
core   0: 0x80003f04 (0x00660733) add     a4, a2, t1
core   0: 3 0x80003f04 (0x00660733) x14 0xfffffdf7
core   0: 0x80003f08 (0x197c0f13) addi    t5, s8, 407
core   0: 3 0x80003f08 (0x197c0f13) x30 0x00000197
core   0: 0x80003f0c (0x91140c13) addi    s8, s0, -1775
core   0: 3 0x80003f0c (0x91140c13) x24 0x03d40aa5
core   0: 0x80003f10 (0x0bfd8e13) addi    t3, s11, 191
core   0: 3 0x80003f10 (0x0bfd8e13) x28 0x000000bf
core   0: 0x80003f14 (0x55885917) auipc   s2, 0x55885
core   0: 3 0x80003f14 (0x55885917) x18 0xd5888f14
core   0: 0x80003f18 (0x00000001) c.nop
core   0: 3 0x80003f18 (0x0001)
core   0: 0x80003f1a (0x00008edd) c.or    a3, a5
core   0: 3 0x80003f1a (0x8edd) x13 0xfc2bee6c
core   0: 0x80003f1c (0x59970b13) addi    s6, a4, 1433
core   0: 3 0x80003f1c (0x59970b13) x22 0x00000390
core   0: 0x80003f20 (0x008690b3) sll     ra, a3, s0
core   0: 3 0x80003f20 (0x008690b3) x 1 0xe6c00000
core   0: 0x80003f24 (0x03910a33) mul     s4, sp, s9
core   0: 3 0x80003f24 (0x03910a33) x20 0x00000000
core   0: 0x80003f28 (0x0000875e) c.mv    a4, s7
core   0: 3 0x80003f28 (0x875e) x14 0x00000000
core   0: 0x80003f2a (0x0000717d) c.addi16sp sp, -16
core   0: 3 0x80003f2a (0x717d) x 2 0xfffffff0
core   0: 0x80003f2c (0x02dc1933) mulh    s2, s8, a3
core   0: 3 0x80003f2c (0x02dc1933) x18 0xfff15803
core   0: 0x80003f30 (0x00008ddd) c.or    a1, a5
core   0: 3 0x80003f30 (0x8ddd) x11 0xfc2bee6c
core   0: 0x80003f32 (0x038b95b3) mulh    a1, s7, s8
core   0: 3 0x80003f32 (0x038b95b3) x11 0x00000000
core   0: 0x80003f36 (0x01216233) or      tp, sp, s2
core   0: 3 0x80003f36 (0x01216233) x 4 0xfffffff3
core   0: 0x80003f3a (0x015ed193) srli    gp, t4, 21
core   0: 3 0x80003f3a (0x015ed193) x 3 0x00000000
core   0: 0x80003f3e (0x00006c35) c.lui   s8, 0xd
core   0: 3 0x80003f3e (0x6c35) x24 0x0000d000
core   0: 0x80003f40 (0x1fa14a93) xori    s5, sp, 506
core   0: 3 0x80003f40 (0x1fa14a93) x21 0xfffffe0a
core   0: 0x80003f44 (0x011b8333) add     t1, s7, a7
core   0: 3 0x80003f44 (0x011b8333) x 6 0x00000000
core   0: 0x80003f48 (0x00008c3d) c.xor   s0, a5
core   0: 3 0x80003f48 (0x8c3d) x 8 0xfffffff8
core   0: 0x80003f4a (0x000086c1) c.srai  a3, 16
core   0: 3 0x80003f4a (0x86c1) x13 0xfffffc2b
core   0: 0x80003f4c (0x00008cc9) c.or    s1, a0
core   0: 3 0x80003f4c (0x8cc9) x 9 0xfc2bee6c
core   0: 0x80003f4e (0x03b92cb3) mulhsu  s9, s2, s11
core   0: 3 0x80003f4e (0x03b92cb3) x25 0x00000000
core   0: 0x80003f52 (0x00001480) c.addi4spn s0, sp, 608
core   0: 3 0x80003f52 (0x1480) x 8 0x00000250
core   0: 0x80003f54 (0x015d2fb3) slt     t6, s10, s5
core   0: 3 0x80003f54 (0x015d2fb3) x31 0x00000001
core   0: 0x80003f58 (0x00000b11) c.addi  s6, 4
core   0: 3 0x80003f58 (0x0b11) x22 0x00000394
core   0: 0x80003f5a (0x0022edb3) or      s11, t0, sp
core   0: 3 0x80003f5a (0x0022edb3) x27 0xfffffff0
core   0: 0x80003f5e (0x019e5533) srl     a0, t3, s9
core   0: 3 0x80003f5e (0x019e5533) x10 0x000000bf
core   0: 0x80003f62 (0x00005b7d) c.li    s6, -1
core   0: 3 0x80003f62 (0x5b7d) x22 0xffffffff
core   0: 0x80003f64 (0x01c45213) srli    tp, s0, 28
core   0: 3 0x80003f64 (0x01c45213) x 4 0x00000000
core   0: 0x80003f68 (0x00008d81) c.sub   a1, s0
core   0: 3 0x80003f68 (0x8d81) x11 0xfffffdb0
core   0: 0x80003f6a (0x00001a04) c.addi4spn s1, sp, 304
core   0: 3 0x80003f6a (0x1a04) x 9 0x00000120
core   0: 0x80003f6c (0x41ad51b3) sra     gp, s10, s10
core   0: 3 0x80003f6c (0x41ad51b3) x 3 0xffffffff
core   0: 0x80003f70 (0x035b4233) div     tp, s6, s5
core   0: 3 0x80003f70 (0x035b4233) x 4 0x00000000
core   0: 0x80003f74 (0x00004b21) c.li    s6, 8
core   0: 3 0x80003f74 (0x4b21) x22 0x00000008
core   0: 0x80003f76 (0x02014533) div     a0, sp, zero
core   0: 3 0x80003f76 (0x02014533) x10 0xffffffff
core   0: 0x80003f7a (0xc4384593) xori    a1, a6, -957
core   0: 3 0x80003f7a (0xc4384593) x11 0xfffffc43
core   0: 0x80003f7e (0x00009afd) c.andi  a3, -1
core   0: 3 0x80003f7e (0x9afd) x13 0xfffffc2b
core   0: 0x80003f80 (0x00008df5) c.and   a1, a3
core   0: 3 0x80003f80 (0x8df5) x11 0xfffffc03
core   0: 0x80003f82 (0x00008186) c.mv    gp, ra
core   0: 3 0x80003f82 (0x8186) x 3 0xe6c00000
core   0: 0x80003f84 (0x834d0e37) lui     t3, 0x834d0
core   0: 3 0x80003f84 (0x834d0e37) x28 0x834d0000
core   0: 0x80003f88 (0x00b1dc13) srli    s8, gp, 11
core   0: 3 0x80003f88 (0x00b1dc13) x24 0x001cd800
core   0: 0x80003f8c (0x00008f15) c.sub   a4, a3
core   0: 3 0x80003f8c (0x8f15) x14 0x000003d5
core   0: 0x80003f8e (0x00008f11) c.sub   a4, a2
core   0: 3 0x80003f8e (0x8f11) x14 0x000003d5
core   0: 0x80003f90 (0x2987f513) andi    a0, a5, 664
core   0: 3 0x80003f90 (0x2987f513) x10 0x00000208
core   0: 0x80003f94 (0x035b6db3) rem     s11, s6, s5
core   0: 3 0x80003f94 (0x035b6db3) x27 0x00000008
core   0: 0x80003f98 (0x9b177793) andi    a5, a4, -1615
core   0: 3 0x80003f98 (0x9b177793) x15 0x00000191
core   0: 0x80003f9c (0x4181dfb3) sra     t6, gp, s8
core   0: 3 0x80003f9c (0x4181dfb3) x31 0xe6c00000
core   0: 0x80003fa0 (0x02172433) mulhsu  s0, a4, ra
core   0: 3 0x80003fa0 (0x02172433) x 8 0x00000374
core   0: 0x80003fa4 (0x01c61233) sll     tp, a2, t3
core   0: 3 0x80003fa4 (0x01c61233) x 4 0x00000000
core   0: 0x80003fa8 (0x0000018e) c.slli  gp, 3
core   0: 3 0x80003fa8 (0x018e) x 3 0x36000000
core   0: 0x80003faa (0xfed50213) addi    tp, a0, -19
core   0: 3 0x80003faa (0xfed50213) x 4 0x000001f5
core   0: 0x80003fae (0x00c99313) slli    t1, s3, 12
core   0: 3 0x80003fae (0x00c99313) x 6 0x0ee64000
core   0: 0x80003fb2 (0x00000d08) c.addi4spn a0, sp, 656
core   0: 3 0x80003fb2 (0x0d08) x10 0x00000280
core   0: 0x80003fb4 (0x000017fd) c.addi  a5, -1
core   0: 3 0x80003fb4 (0x17fd) x15 0x00000190
core   0: 0x80003fb6 (0x41610533) sub     a0, sp, s6
core   0: 3 0x80003fb6 (0x41610533) x10 0xffffffe8
core   0: 0x80003fba (0x000087c5) c.srai  a5, 17
core   0: 3 0x80003fba (0x87c5) x15 0x00000000
core   0: 0x80003fbc (0x31eb6e93) ori     t4, s6, 798
core   0: 3 0x80003fbc (0x31eb6e93) x29 0x0000031e
core   0: 0x80003fc0 (0x012c0333) add     t1, s8, s2
core   0: 3 0x80003fc0 (0x012c0333) x 6 0x000e3003
core   0: 0x80003fc4 (0x03c6be33) mulhu   t3, a3, t3
core   0: 3 0x80003fc4 (0x03c6be33) x28 0x834cfe08
core   0: 0x80003fc8 (0x699cef13) ori     t5, s9, 1689
core   0: 3 0x80003fc8 (0x699cef13) x30 0x00000699
core   0: 0x80003fcc (0x005e3fb3) sltu    t6, t3, t0
core   0: 3 0x80003fcc (0x005e3fb3) x31 0x00000000
core   0: 0x80003fd0 (0x0005e0b3) or      ra, a1, zero
core   0: 3 0x80003fd0 (0x0005e0b3) x 1 0xfffffc03
core   0: 0x80003fd4 (0x00008cf1) c.and   s1, a2
core   0: 3 0x80003fd4 (0x8cf1) x 9 0x00000000
core   0: 0x80003fd6 (0x0168bc33) sltu    s8, a7, s6
core   0: 3 0x80003fd6 (0x0168bc33) x24 0x00000001
core   0: 0x80003fda (0x9356f693) andi    a3, a3, -1739
core   0: 3 0x80003fda (0x9356f693) x13 0xfffff821
core   0: 0x80003fde (0xe78f3713) sltiu   a4, t5, -392
core   0: 3 0x80003fde (0xe78f3713) x14 0x00000001
core   0: 0x80003fe2 (0x036b78b3) remu    a7, s6, s6
core   0: 3 0x80003fe2 (0x036b78b3) x17 0x00000000
core   0: 0x80003fe6 (0x9626c813) xori    a6, a3, -1694
core   0: 3 0x80003fe6 (0x9626c813) x16 0x00000143
core   0: 0x80003fea (0x00e698b3) sll     a7, a3, a4
core   0: 3 0x80003fea (0x00e698b3) x17 0xfffff042
core   0: 0x80003fee (0x452f3893) sltiu   a7, t5, 1106
core   0: 3 0x80003fee (0x452f3893) x17 0x00000000
core   0: 0x80003ff2 (0x019eb6b3) sltu    a3, t4, s9
core   0: 3 0x80003ff2 (0x019eb6b3) x13 0x00000000
core   0: 0x80003ff6 (0x0000071d) c.addi  a4, 7
core   0: 3 0x80003ff6 (0x071d) x14 0x00000008
core   0: 0x80003ff8 (0x00000001) c.nop
core   0: 3 0x80003ff8 (0x0001)
core   0: 0x80003ffa (0x00879233) sll     tp, a5, s0
core   0: 3 0x80003ffa (0x00879233) x 4 0x00000000
core   0: 0x80003ffe (0x01cf8733) add     a4, t6, t3
core   0: 3 0x80003ffe (0x01cf8733) x14 0x834cfe08
core   0: 0x80004002 (0x01a87ab3) and     s5, a6, s10
core   0: 3 0x80004002 (0x01a87ab3) x21 0x00000043
core   0: 0x80004006 (0x03a47b33) remu    s6, s0, s10
core   0: 3 0x80004006 (0x03a47b33) x22 0x00000374
core   0: 0x8000400a (0x030b0b33) mul     s6, s6, a6
core   0: 3 0x8000400a (0x030b0b33) x22 0x00045b5c
core   0: 0x8000400e (0x00006f8d) c.lui   t6, 0x3
core   0: 3 0x8000400e (0x6f8d) x31 0x00003000
core   0: 0x80004010 (0x00008d49) c.or    a0, a0
core   0: 3 0x80004010 (0x8d49) x10 0xffffffe8
core   0: 0x80004012 (0x0382d0b3) divu    ra, t0, s8
core   0: 3 0x80004012 (0x0382d0b3) x 1 0x00000d40
core   0: 0x80004016 (0x18088297) auipc   t0, 0x18088
core   0: 3 0x80004016 (0x18088297) x 5 0x9808c016
core   0: 0x8000401a (0x00008015) c.srli  s0, 5
core   0: 3 0x8000401a (0x8015) x 8 0x0000001b
core   0: 0x8000401c (0x00008e95) c.sub   a3, a3
core   0: 3 0x8000401c (0x8e95) x13 0x00000000
core   0: 0x8000401e (0x00008f05) c.sub   a4, s1
core   0: 3 0x8000401e (0x8f05) x14 0x834cfe08
core   0: 0x80004020 (0x00008909) c.andi  a0, 2
core   0: 3 0x80004020 (0x8909) x10 0x00000000
core   0: 0x80004022 (0x01422bb3) slt     s7, tp, s4
core   0: 3 0x80004022 (0x01422bb3) x23 0x00000000
core   0: 0x80004026 (0x014528b3) slt     a7, a0, s4
core   0: 3 0x80004026 (0x014528b3) x17 0x00000000
core   0: 0x8000402a (0xf4dcf517) auipc   a0, 0xf4dcf
core   0: 3 0x8000402a (0xf4dcf517) x10 0x74dd302a
core   0: 0x8000402e (0x02e22ab3) mulhsu  s5, tp, a4
core   0: 3 0x8000402e (0x02e22ab3) x21 0x00000000
core   0: 0x80004032 (0x025d5533) divu    a0, s10, t0
core   0: 3 0x80004032 (0x025d5533) x10 0x00000001
core   0: 0x80004036 (0x1c13e313) ori     t1, t2, 449
core   0: 3 0x80004036 (0x1c13e313) x 6 0x80012de5
core   0: 0x8000403a (0x00000f3e) c.slli  t5, 15
core   0: 3 0x8000403a (0x0f3e) x30 0x034c8000
core   0: 0x8000403c (0x017ee333) or      t1, t4, s7
core   0: 3 0x8000403c (0x017ee333) x 6 0x0000031e
core   0: 0x80004040 (0x380af213) andi    tp, s5, 896
core   0: 3 0x80004040 (0x380af213) x 4 0x00000000
core   0: 0x80004044 (0x00006159) c.addi16sp sp, 400
core   0: 3 0x80004044 (0x6159) x 2 0x00000180
core   0: 0x80004046 (0x00009356) c.add   t1, s5
core   0: 3 0x80004046 (0x9356) x 6 0x0000031e
core   0: 0x80004048 (0xd962f093) andi    ra, t0, -618
core   0: 3 0x80004048 (0xd962f093) x 1 0x9808c016
core   0: 0x8000404c (0x000087dd) c.srai  a5, 23
core   0: 3 0x8000404c (0x87dd) x15 0x00000000
core   0: 0x8000404e (0xeef50797) auipc   a5, 0xeef50
core   0: 3 0x8000404e (0xeef50797) x15 0x6ef5404e
core   0: 0x80004052 (0x01304d33) xor     s10, zero, s3
core   0: 3 0x80004052 (0x01304d33) x26 0x8000ee64
core   0: 0x80004056 (0x00000b84) c.addi4spn s1, sp, 464
core   0: 3 0x80004056 (0x0b84) x 9 0x00000350
core   0: 0x80004058 (0x025d86b3) mul     a3, s11, t0
core   0: 3 0x80004058 (0x025d86b3) x13 0xc04600b0
core   0: 0x8000405c (0x0249d8b3) divu    a7, s3, tp
core   0: 3 0x8000405c (0x0249d8b3) x17 0xffffffff
core   0: 0x80004060 (0x136e9937) lui     s2, 0x136e9
core   0: 3 0x80004060 (0x136e9937) x18 0x136e9000
core   0: 0x80004064 (0x008707b3) add     a5, a4, s0
core   0: 3 0x80004064 (0x008707b3) x15 0x834cfe23
core   0: 0x80004068 (0x0000610d) c.addi16sp sp, 160
core   0: 3 0x80004068 (0x610d) x 2 0x00000220
core   0: 0x8000406a (0x0f2f3893) sltiu   a7, t5, 242
core   0: 3 0x8000406a (0x0f2f3893) x17 0x00000000
core   0: 0x8000406e (0x00961c93) slli    s9, a2, 9
core   0: 3 0x8000406e (0x00961c93) x25 0x00000000
core   0: 0x80004072 (0x408ed233) sra     tp, t4, s0
core   0: 3 0x80004072 (0x408ed233) x 4 0x00000000
core   0: 0x80004076 (0xc0564e93) xori    t4, a2, -1019
core   0: 3 0x80004076 (0xc0564e93) x29 0xfffffc05
core   0: 0x8000407a (0x0305ec33) rem     s8, a1, a6
core   0: 3 0x8000407a (0x0305ec33) x24 0xffffffcc
core   0: 0x8000407e (0x017b9d93) slli    s11, s7, 23
core   0: 3 0x8000407e (0x017b9d93) x27 0x00000000
core   0: 0x80004082 (0x03a244b3) div     s1, tp, s10
core   0: 3 0x80004082 (0x03a244b3) x 9 0x00000000
core   0: 0x80004086 (0x02a8bcb3) mulhu   s9, a7, a0
core   0: 3 0x80004086 (0x02a8bcb3) x25 0x00000000
core   0: 0x8000408a (0x000099fd) c.andi  a1, -1
core   0: 3 0x8000408a (0x99fd) x11 0xfffffc03
core   0: 0x8000408c (0x01ab8833) add     a6, s7, s10
core   0: 3 0x8000408c (0x01ab8833) x16 0x8000ee64
core   0: 0x80004090 (0x0018f5b3) and     a1, a7, ra
core   0: 3 0x80004090 (0x0018f5b3) x11 0x00000000
core   0: 0x80004094 (0x00a69d13) slli    s10, a3, 10
core   0: 3 0x80004094 (0x00a69d13) x26 0x1802c000
core   0: 0x80004098 (0x022ef2b3) remu    t0, t4, sp
core   0: 3 0x80004098 (0x022ef2b3) x 5 0x00000145
core   0: 0x8000409c (0x00fb7fb3) and     t6, s6, a5
core   0: 3 0x8000409c (0x00fb7fb3) x31 0x00045a00
core   0: 0x800040a0 (0x031a7433) remu    s0, s4, a7
core   0: 3 0x800040a0 (0x031a7433) x 8 0x00000000
core   0: 0x800040a4 (0x017371b3) and     gp, t1, s7
core   0: 3 0x800040a4 (0x017371b3) x 3 0x00000000
core   0: 0x800040a8 (0x0042b133) sltu    sp, t0, tp
core   0: 3 0x800040a8 (0x0042b133) x 2 0x00000000
core   0: 0x800040ac (0x00000001) c.nop
core   0: 3 0x800040ac (0x0001)
core   0: 0x800040ae (0x97e86d93) ori     s11, a6, -1666
core   0: 3 0x800040ae (0x97e86d93) x27 0xffffff7e
core   0: 0x800040b2 (0xb50cfb13) andi    s6, s9, -1200
core   0: 3 0x800040b2 (0xb50cfb13) x22 0x00000000
core   0: 0x800040b6 (0x00000001) c.nop
core   0: 3 0x800040b6 (0x0001)
core   0: 0x800040b8 (0x00009e2e) c.add   t3, a1
core   0: 3 0x800040b8 (0x9e2e) x28 0x834cfe08
core   0: 0x800040ba (0x666ffc17) auipc   s8, 0x666ff
core   0: 3 0x800040ba (0x666ffc17) x24 0xe67030ba
core   0: 0x800040be (0x00008c21) c.xor   s0, s0
core   0: 3 0x800040be (0x8c21) x 8 0x00000000
core   0: 0x800040c0 (0x00fda1b3) slt     gp, s11, a5
core   0: 3 0x800040c0 (0x00fda1b3) x 3 0x00000000
core   0: 0x800040c4 (0x022451b3) divu    gp, s0, sp
core   0: 3 0x800040c4 (0x022451b3) x 3 0xffffffff
core   0: 0x800040c8 (0x198dbe13) sltiu   t3, s11, 408
core   0: 3 0x800040c8 (0x198dbe13) x28 0x00000000
core   0: 0x800040cc (0x00008c2d) c.xor   s0, a1
core   0: 3 0x800040cc (0x8c2d) x 8 0x00000000
core   0: 0x800040ce (0x000000cd) c.addi  ra, 19
core   0: 3 0x800040ce (0x00cd) x 1 0x9808c029
core   0: 0x800040d0 (0x00ec5c93) srli    s9, s8, 14
core   0: 3 0x800040d0 (0x00ec5c93) x25 0x000399c0
core   0: 0x800040d4 (0x0066d333) srl     t1, a3, t1
core   0: 3 0x800040d4 (0x0066d333) x 6 0x00000003
core   0: 0x800040d8 (0x78312893) slti    a7, sp, 1923
core   0: 3 0x800040d8 (0x78312893) x17 0x00000001
core   0: 0x800040dc (0x92d3c493) xori    s1, t2, -1747
core   0: 3 0x800040dc (0x92d3c493) x 9 0x7ffed5c9
core   0: 0x800040e0 (0x03cfaeb3) mulhsu  t4, t6, t3
core   0: 3 0x800040e0 (0x03cfaeb3) x29 0x00000000
core   0: 0x800040e4 (0x00009ce2) c.add   s9, s8
core   0: 3 0x800040e4 (0x9ce2) x25 0xe673ca7a
core   0: 0x800040e6 (0x40d358b3) sra     a7, t1, a3
core   0: 3 0x800040e6 (0x40d358b3) x17 0x00000000
core   0: 0x800040ea (0x00000001) c.nop
core   0: 3 0x800040ea (0x0001)
core   0: 0x800040ec (0x016d9f13) slli    t5, s11, 22
core   0: 3 0x800040ec (0x016d9f13) x30 0xdf800000
core   0: 0x800040f0 (0x00009bfd) c.andi  a5, -1
core   0: 3 0x800040f0 (0x9bfd) x15 0x834cfe23
core   0: 0x800040f2 (0x00001cfd) c.addi  s9, -1
core   0: 3 0x800040f2 (0x1cfd) x25 0xe673ca79
core   0: 0x800040f4 (0x00008d0a) c.mv    s10, sp
core   0: 3 0x800040f4 (0x8d0a) x26 0x00000000
core   0: 0x800040f6 (0x00008db5) c.xor   a1, a3
core   0: 3 0x800040f6 (0x8db5) x11 0xc04600b0
core   0: 0x800040f8 (0x079ec7b7) lui     a5, 0x79ec
core   0: 3 0x800040f8 (0x079ec7b7) x15 0x079ec000
core   0: 0x800040fc (0x36487013) andi    zero, a6, 868
core   0: 3 0x800040fc (0x36487013)
core   0: 0x80004100 (0x0000020a) c.slli  tp, 2
core   0: 3 0x80004100 (0x020a) x 4 0x00000000
core   0: 0x80004102 (0x01e372b3) and     t0, t1, t5
core   0: 3 0x80004102 (0x01e372b3) x 5 0x00000000
core   0: 0x80004106 (0x02f2dbb3) divu    s7, t0, a5
core   0: 3 0x80004106 (0x02f2dbb3) x23 0x00000000
core   0: 0x8000410a (0xcca18197) auipc   gp, 0xcca18
core   0: 3 0x8000410a (0xcca18197) x 3 0x4ca1c10a
core   0: 0x8000410e (0x00008c15) c.sub   s0, a3
core   0: 3 0x8000410e (0x8c15) x 8 0x3fb9ff50
core   0: 0x80004110 (0x18863513) sltiu   a0, a2, 392
core   0: 3 0x80004110 (0x18863513) x10 0x00000001
core   0: 0x80004114 (0x029d6433) rem     s0, s10, s1
core   0: 3 0x80004114 (0x029d6433) x 8 0x00000000
core   0: 0x80004118 (0x00e99fb3) sll     t6, s3, a4
core   0: 3 0x80004118 (0x00e99fb3) x31 0x00ee6400
core   0: 0x8000411c (0x000064a1) c.lui   s1, 0x8
core   0: 3 0x8000411c (0x64a1) x 9 0x00008000
core   0: 0x8000411e (0xd47705b7) lui     a1, 0xd4770
core   0: 3 0x8000411e (0xd47705b7) x11 0xd4770000
core   0: 0x80004122 (0x00009d5a) c.add   s10, s6
core   0: 3 0x80004122 (0x9d5a) x26 0x00000000
core   0: 0x80004124 (0x0000925e) c.add   tp, s7
core   0: 3 0x80004124 (0x925e) x 4 0x00000000
core   0: 0x80004126 (0x7d776893) ori     a7, a4, 2007
core   0: 3 0x80004126 (0x7d776893) x17 0x834cffdf
core   0: 0x8000412a (0x00008c25) c.xor   s0, s1
core   0: 3 0x8000412a (0x8c25) x 8 0x00008000
core   0: 0x8000412c (0x00008d49) c.or    a0, a0
core   0: 3 0x8000412c (0x8d49) x10 0x00000001
core   0: 0x8000412e (0x0000717d) c.addi16sp sp, -16
core   0: 3 0x8000412e (0x717d) x 2 0xfffffff0
core   0: 0x80004130 (0x00008d42) c.mv    s10, a6
core   0: 3 0x80004130 (0x8d42) x26 0x8000ee64
core   0: 0x80004132 (0x00008e95) c.sub   a3, a3
core   0: 3 0x80004132 (0x8e95) x13 0x00000000
core   0: 0x80004134 (0x00008c5d) c.or    s0, a5
core   0: 3 0x80004134 (0x8c5d) x 8 0x079ec000
core   0: 0x80004136 (0x00008ca1) c.xor   s1, s0
core   0: 3 0x80004136 (0x8ca1) x 9 0x079e4000
core   0: 0x80004138 (0xb1063797) auipc   a5, 0xb1063
core   0: 3 0x80004138 (0xb1063797) x15 0x31067138
core   0: 0x8000413c (0x00b4e133) or      sp, s1, a1
core   0: 3 0x8000413c (0x00b4e133) x 2 0xd7ff4000
core   0: 0x80004140 (0x000098fd) c.andi  s1, -1
core   0: 3 0x80004140 (0x98fd) x 9 0x079e4000
core   0: 0x80004142 (0x01cfab33) slt     s6, t6, t3
core   0: 3 0x80004142 (0x01cfab33) x22 0x00000000
core   0: 0x80004146 (0x02fc62b3) rem     t0, s8, a5
core   0: 3 0x80004146 (0x02fc62b3) x 5 0xe67030ba
core   0: 0x8000414a (0xd7c06893) ori     a7, zero, -644
core   0: 3 0x8000414a (0xd7c06893) x17 0xfffffd7c
core   0: 0x8000414e (0x03cffa33) remu    s4, t6, t3
core   0: 3 0x8000414e (0x03cffa33) x20 0x00ee6400
core   0: 0x80004152 (0x00000001) c.nop
core   0: 3 0x80004152 (0x0001)
core   0: 0x80004154 (0x00000aa6) c.slli  s5, 9
core   0: 3 0x80004154 (0x0aa6) x21 0x00000000
core   0: 0x80004156 (0x00a4da33) srl     s4, s1, a0
core   0: 3 0x80004156 (0x00a4da33) x20 0x03cf2000
core   0: 0x8000415a (0x014e3033) sltu    zero, t3, s4
core   0: 3 0x8000415a (0x014e3033)
core   0: 0x8000415e (0x021656b3) divu    a3, a2, ra
core   0: 3 0x8000415e (0x021656b3) x13 0x00000000
core   0: 0x80004162 (0x00008c21) c.xor   s0, s0
core   0: 3 0x80004162 (0x8c21) x 8 0x00000000
core   0: 0x80004164 (0x41d9d913) srai    s2, s3, 29
core   0: 3 0x80004164 (0x41d9d913) x18 0xfffffffc
core   0: 0x80004168 (0x00006839) c.lui   a6, 0xe
core   0: 3 0x80004168 (0x6839) x16 0x0000e000
core   0: 0x8000416a (0x000068d5) c.lui   a7, 0x15
core   0: 3 0x8000416a (0x68d5) x17 0x00015000
core   0: 0x8000416c (0x405c82b3) sub     t0, s9, t0
core   0: 3 0x8000416c (0x405c82b3) x 5 0x000399bf
core   0: 0x80004170 (0x03be2e33) mulhsu  t3, t3, s11
core   0: 3 0x80004170 (0x03be2e33) x28 0x00000000
core   0: 0x80004174 (0x00006f51) c.lui   t5, 0x14
core   0: 3 0x80004174 (0x6f51) x30 0x00014000
core   0: 0x80004176 (0x419486b3) sub     a3, s1, s9
core   0: 3 0x80004176 (0x419486b3) x13 0x212a7587
core   0: 0x8000417a (0x000090be) c.add   ra, a5
core   0: 3 0x8000417a (0x90be) x 1 0xc90f3161
core   0: 0x8000417c (0xdfbfa593) slti    a1, t6, -517
core   0: 3 0x8000417c (0xdfbfa593) x11 0x00000000
core   0: 0x80004180 (0x02bd8533) mul     a0, s11, a1
core   0: 3 0x80004180 (0x02bd8533) x10 0x00000000
core   0: 0x80004184 (0x038e9eb3) mulh    t4, t4, s8
core   0: 3 0x80004184 (0x038e9eb3) x29 0x00000000
core   0: 0x80004188 (0x02484c33) div     s8, a6, tp
core   0: 3 0x80004188 (0x02484c33) x24 0xffffffff
core   0: 0x8000418c (0x00008109) c.srli  a0, 2
core   0: 3 0x8000418c (0x8109) x10 0x00000000
core   0: 0x8000418e (0x00008071) c.srli  s0, 28
core   0: 3 0x8000418e (0x8071) x 8 0x00000000
core   0: 0x80004190 (0x00001afd) c.addi  s5, -1
core   0: 3 0x80004190 (0x1afd) x21 0xffffffff
core   0: 0x80004192 (0x005dd913) srli    s2, s11, 5
core   0: 3 0x80004192 (0x005dd913) x18 0x07fffffb
core   0: 0x80004196 (0x02a69d33) mulh    s10, a3, a0
core   0: 3 0x80004196 (0x02a69d33) x26 0x00000000
core   0: 0x8000419a (0x02e75433) divu    s0, a4, a4
core   0: 3 0x8000419a (0x02e75433) x 8 0x00000001
core   0: 0x8000419e (0x000080c9) c.srli  s1, 18
core   0: 3 0x8000419e (0x80c9) x 9 0x000001e7
core   0: 0x800041a0 (0xb4c1ff17) auipc   t5, 0xb4c1f
core   0: 3 0x800041a0 (0xb4c1ff17) x30 0x34c231a0
core   0: 0x800041a4 (0x291b8b93) addi    s7, s7, 657
core   0: 3 0x800041a4 (0x291b8b93) x23 0x00000291
core   0: 0x800041a8 (0x03707233) remu    tp, zero, s7
core   0: 3 0x800041a8 (0x03707233) x 4 0x00000000
core   0: 0x800041ac (0x00afcf33) xor     t5, t6, a0
core   0: 3 0x800041ac (0x00afcf33) x30 0x00ee6400
core   0: 0x800041b0 (0x01a9efb3) or      t6, s3, s10
core   0: 3 0x800041b0 (0x01a9efb3) x31 0x8000ee64
core   0: 0x800041b4 (0x0000147d) c.addi  s0, -1
core   0: 3 0x800041b4 (0x147d) x 8 0x00000000
core   0: 0x800041b6 (0x03cb1933) mulh    s2, s6, t3
core   0: 3 0x800041b6 (0x03cb1933) x18 0x00000000
core   0: 0x800041ba (0x8bd6e593) ori     a1, a3, -1859
core   0: 3 0x800041ba (0x8bd6e593) x11 0xfffffdbf
core   0: 0x800041be (0x00008c5a) c.mv    s8, s6
core   0: 3 0x800041be (0x8c5a) x24 0x00000000
core   0: 0x800041c0 (0x01bb2db3) slt     s11, s6, s11
core   0: 3 0x800041c0 (0x01bb2db3) x27 0x00000000
core   0: 0x800041c4 (0x022498b3) mulh    a7, s1, sp
core   0: 3 0x800041c4 (0x022498b3) x17 0xffffffb3
core   0: 0x800041c8 (0x00000001) c.nop
core   0: 3 0x800041c8 (0x0001)
core   0: 0x800041ca (0xb61e4713) xori    a4, t3, -1183
core   0: 3 0x800041ca (0xb61e4713) x14 0xfffffb61
core   0: 0x800041ce (0x017336b3) sltu    a3, t1, s7
core   0: 3 0x800041ce (0x017336b3) x13 0x00000001
core   0: 0x800041d2 (0xa5957413) andi    s0, a0, -1447
core   0: 3 0x800041d2 (0xa5957413) x 8 0x00000000
core   0: 0x800041d6 (0x01323033) sltu    zero, tp, s3
core   0: 3 0x800041d6 (0x01323033)
core   0: 0x800041da (0x03680d33) mul     s10, a6, s6
core   0: 3 0x800041da (0x03680d33) x26 0x00000000
core   0: 0x800041de (0x29af7d93) andi    s11, t5, 666
core   0: 3 0x800041de (0x29af7d93) x27 0x00000000
core   0: 0x800041e2 (0x0212e133) rem     sp, t0, ra
core   0: 3 0x800041e2 (0x0212e133) x 2 0x000399bf
core   0: 0x800041e6 (0x03482533) mulhsu  a0, a6, s4
core   0: 3 0x800041e6 (0x03482533) x10 0x00000355
core   0: 0x800041ea (0x0000610d) c.addi16sp sp, 160
core   0: 3 0x800041ea (0x610d) x 2 0x00039a5f
core   0: 0x800041ec (0x03912db3) mulhsu  s11, sp, s9
core   0: 3 0x800041ec (0x03912db3) x27 0x00033e52
core   0: 0x800041f0 (0x00001798) c.addi4spn a4, sp, 992
core   0: 3 0x800041f0 (0x1798) x14 0x00039e3f
core   0: 0x800041f2 (0x031d9033) mulh    zero, s11, a7
core   0: 3 0x800041f2 (0x031d9033)
core   0: 0x800041f6 (0x00961f33) sll     t5, a2, s1
core   0: 3 0x800041f6 (0x00961f33) x30 0x00000000
core   0: 0x800041fa (0x00008c9e) c.mv    s9, t2
core   0: 3 0x800041fa (0x8c9e) x25 0x80012ce4
core   0: 0x800041fc (0x0142fab3) and     s5, t0, s4
core   0: 3 0x800041fc (0x0142fab3) x21 0x00030000
core   0: 0x80004200 (0x00006161) c.addi16sp sp, 80
core   0: 3 0x80004200 (0x6161) x 2 0x00039aaf
core   0: 0x80004202 (0x00000001) c.nop
core   0: 3 0x80004202 (0x0001)
core   0: 0x80004204 (0x00000a1e) c.slli  s4, 7
core   0: 3 0x80004204 (0x0a1e) x20 0xe7900000
core   0: 0x80004206 (0x019454b3) srl     s1, s0, s9
core   0: 3 0x80004206 (0x019454b3) x 9 0x00000000
core   0: 0x8000420a (0x000095ba) c.add   a1, a4
core   0: 3 0x8000420a (0x95ba) x11 0x00039bfe
core   0: 0x8000420c (0x016b5333) srl     t1, s6, s6
core   0: 3 0x8000420c (0x016b5333) x 6 0x00000000
core   0: 0x80004210 (0x0233fcb3) remu    s9, t2, gp
core   0: 3 0x80004210 (0x0233fcb3) x25 0x335f6bda
core   0: 0x80004214 (0x0000946e) c.add   s0, s11
core   0: 3 0x80004214 (0x946e) x 8 0x00033e52
core   0: 0x80004216 (0x03ec65b3) rem     a1, s8, t5
core   0: 3 0x80004216 (0x03ec65b3) x11 0x00000000
core   0: 0x8000421a (0x0116d8b3) srl     a7, a3, a7
core   0: 3 0x8000421a (0x0116d8b3) x17 0x00000000
core   0: 0x8000421e (0x013c6db3) or      s11, s8, s3
core   0: 3 0x8000421e (0x013c6db3) x27 0x8000ee64
core   0: 0x80004222 (0x03c1dab3) divu    s5, gp, t3
core   0: 3 0x80004222 (0x03c1dab3) x21 0xffffffff
core   0: 0x80004226 (0x00000ba2) c.slli  s7, 8
core   0: 3 0x80004226 (0x0ba2) x23 0x00029100
core   0: 0x80004228 (0x034e1e33) mulh    t3, t3, s4
core   0: 3 0x80004228 (0x034e1e33) x28 0x00000000
core   0: 0x8000422c (0x97cc6c93) ori     s9, s8, -1668
core   0: 3 0x8000422c (0x97cc6c93) x25 0xfffff97c
core   0: 0x80004230 (0x4957ff93) andi    t6, a5, 1173
core   0: 3 0x80004230 (0x4957ff93) x31 0x00000010
core   0: 0x80004234 (0x0348e433) rem     s0, a7, s4
core   0: 3 0x80004234 (0x0348e433) x 8 0x00000000
core   0: 0x80004238 (0x001a8533) add     a0, s5, ra
core   0: 3 0x80004238 (0x001a8533) x10 0xc90f3160
core   0: 0x8000423c (0x00004ef9) c.li    t4, 30
core   0: 3 0x8000423c (0x4ef9) x29 0x0000001e
core   0: 0x8000423e (0xa91156b7) lui     a3, 0xa9115
core   0: 3 0x8000423e (0xa91156b7) x13 0xa9115000
core   0: 0x80004242 (0x00009732) c.add   a4, a2
core   0: 3 0x80004242 (0x9732) x14 0x00039e3f
core   0: 0x80004244 (0x00008c85) c.sub   s1, s1
core   0: 3 0x80004244 (0x8c85) x 9 0x00000000
core   0: 0x80004246 (0x01ee2ab3) slt     s5, t3, t5
core   0: 3 0x80004246 (0x01ee2ab3) x21 0x00000000
core   0: 0x8000424a (0x4158db33) sra     s6, a7, s5
core   0: 3 0x8000424a (0x4158db33) x22 0x00000000
core   0: 0x8000424e (0x1cb8fe13) andi    t3, a7, 459
core   0: 3 0x8000424e (0x1cb8fe13) x28 0x00000000
core   0: 0x80004252 (0x011b0a33) add     s4, s6, a7
core   0: 3 0x80004252 (0x011b0a33) x20 0x00000000
core   0: 0x80004256 (0x0000970a) c.add   a4, sp
core   0: 3 0x80004256 (0x970a) x14 0x000738ee
core   0: 0x80004258 (0x032aa1b3) mulhsu  gp, s5, s2
core   0: 3 0x80004258 (0x032aa1b3) x 3 0x00000000
core   0: 0x8000425c (0x7b37ff13) andi    t5, a5, 1971
core   0: 3 0x8000425c (0x7b37ff13) x30 0x00000130
core   0: 0x80004260 (0x017c6733) or      a4, s8, s7
core   0: 3 0x80004260 (0x017c6733) x14 0x00029100
core   0: 0x80004264 (0x00b1d793) srli    a5, gp, 11
core   0: 3 0x80004264 (0x00b1d793) x15 0x00000000
core   0: 0x80004268 (0xfaabfa37) lui     s4, 0xfaabf
core   0: 3 0x80004268 (0xfaabfa37) x20 0xfaabf000
core   0: 0x8000426c (0x000052fd) c.li    t0, -1
core   0: 3 0x8000426c (0x52fd) x 5 0xffffffff
core   0: 0x8000426e (0x022adfb3) divu    t6, s5, sp
core   0: 3 0x8000426e (0x022adfb3) x31 0x00000000
core   0: 0x80004272 (0x00006ed5) c.lui   t4, 0x15
core   0: 3 0x80004272 (0x6ed5) x29 0x00015000
core   0: 0x80004274 (0x0000897a) c.mv    s2, t5
core   0: 3 0x80004274 (0x897a) x18 0x00000130
core   0: 0x80004276 (0x00004a1d) c.li    s4, 7
core   0: 3 0x80004276 (0x4a1d) x20 0x00000007
core   0: 0x80004278 (0x0161f233) and     tp, gp, s6
core   0: 3 0x80004278 (0x0161f233) x 4 0x00000000
core   0: 0x8000427c (0x01b11ab3) sll     s5, sp, s11
core   0: 3 0x8000427c (0x01b11ab3) x21 0x0039aaf0
core   0: 0x80004280 (0x0000717d) c.addi16sp sp, -16
core   0: 3 0x80004280 (0x717d) x 2 0x00039a9f
core   0: 0x80004282 (0x034e55b3) divu    a1, t3, s4
core   0: 3 0x80004282 (0x034e55b3) x11 0x00000000
core   0: 0x80004286 (0x0055b033) sltu    zero, a1, t0
core   0: 3 0x80004286 (0x0055b033)
core   0: 0x8000428a (0x00a52ab3) slt     s5, a0, a0
core   0: 3 0x8000428a (0x00a52ab3) x21 0x00000000
core   0: 0x8000428e (0x10197c93) andi    s9, s2, 257
core   0: 3 0x8000428e (0x10197c93) x25 0x00000100
core   0: 0x80004292 (0xda2a0317) auipc   t1, 0xda2a0
core   0: 3 0x80004292 (0xda2a0317) x 6 0x5a2a4292
core   0: 0x80004296 (0xc4d0eb93) ori     s7, ra, -947
core   0: 3 0x80004296 (0xc4d0eb93) x23 0xfffffd6d
core   0: 0x8000429a (0x0093b733) sltu    a4, t2, s1
core   0: 3 0x8000429a (0x0093b733) x14 0x00000000
core   0: 0x8000429e (0x00008f31) c.xor   a4, a2
core   0: 3 0x8000429e (0x8f31) x14 0x00000000
core   0: 0x800042a0 (0x811cb093) sltiu   ra, s9, -2031
core   0: 3 0x800042a0 (0x811cb093) x 1 0x00000001
core   0: 0x800042a4 (0x0254c7b3) div     a5, s1, t0
core   0: 3 0x800042a4 (0x0254c7b3) x15 0x00000000
core   0: 0x800042a8 (0x015a85b3) add     a1, s5, s5
core   0: 3 0x800042a8 (0x015a85b3) x11 0x00000000
core   0: 0x800042ac (0x11706413) ori     s0, zero, 279
core   0: 3 0x800042ac (0x11706413) x 8 0x00000117
core   0: 0x800042b0 (0x00ea5713) srli    a4, s4, 14
core   0: 3 0x800042b0 (0x00ea5713) x14 0x00000000
core   0: 0x800042b4 (0x3c00ce93) xori    t4, ra, 960
core   0: 3 0x800042b4 (0x3c00ce93) x29 0x000003c1
core   0: 0x800042b8 (0x7b137b93) andi    s7, t1, 1969
core   0: 3 0x800042b8 (0x7b137b93) x23 0x00000290
core   0: 0x800042bc (0x026c1eb3) mulh    t4, s8, t1
core   0: 3 0x800042bc (0x026c1eb3) x29 0x00000000
core   0: 0x800042c0 (0xb98b0093) addi    ra, s6, -1128
core   0: 3 0x800042c0 (0xb98b0093) x 1 0xfffffb98
core   0: 0x800042c4 (0x000056fd) c.li    a3, -1
core   0: 3 0x800042c4 (0x56fd) x13 0xffffffff
core   0: 0x800042c6 (0x41ef06b3) sub     a3, t5, t5
core   0: 3 0x800042c6 (0x41ef06b3) x13 0x00000000
core   0: 0x800042ca (0x000002c6) c.slli  t0, 17
core   0: 3 0x800042ca (0x02c6) x 5 0xfffe0000
core   0: 0x800042cc (0x02fe1c33) mulh    s8, t3, a5
core   0: 3 0x800042cc (0x02fe1c33) x24 0x00000000
core   0: 0x800042d0 (0x00a7fdb3) and     s11, a5, a0
core   0: 3 0x800042d0 (0x00a7fdb3) x27 0x00000000
core   0: 0x800042d4 (0x02440eb3) mul     t4, s0, tp
core   0: 3 0x800042d4 (0x02440eb3) x29 0x00000000
core   0: 0x800042d8 (0x00008ea1) c.xor   a3, s0
core   0: 3 0x800042d8 (0x8ea1) x13 0x00000117
core   0: 0x800042da (0x34673297) auipc   t0, 0x34673
core   0: 3 0x800042da (0x34673297) x 5 0xb46772da
core   0: 0x800042de (0x006767b3) or      a5, a4, t1
core   0: 3 0x800042de (0x006767b3) x15 0x5a2a4292
core   0: 0x800042e2 (0x00006e8d) c.lui   t4, 0x3
core   0: 3 0x800042e2 (0x6e8d) x29 0x00003000
core   0: 0x800042e4 (0x00000001) c.nop
core   0: 3 0x800042e4 (0x0001)
core   0: 0x800042e6 (0x01ab9f13) slli    t5, s7, 26
core   0: 3 0x800042e6 (0x01ab9f13) x30 0x40000000
core   0: 0x800042ea (0x00008de5) c.and   a1, s1
core   0: 3 0x800042ea (0x8de5) x11 0x00000000
core   0: 0x800042ec (0x024e36b3) mulhu   a3, t3, tp
core   0: 3 0x800042ec (0x024e36b3) x13 0x00000000
core   0: 0x800042f0 (0x40f3d333) sra     t1, t2, a5
core   0: 3 0x800042f0 (0x40f3d333) x 6 0xffffe000
core   0: 0x800042f4 (0x0395f833) remu    a6, a1, s9
core   0: 3 0x800042f4 (0x0395f833) x16 0x00000000
core   0: 0x800042f8 (0x050d2693) slti    a3, s10, 80
core   0: 3 0x800042f8 (0x050d2693) x13 0x00000001
core   0: 0x800042fc (0x0274f8b3) remu    a7, s1, t2
core   0: 3 0x800042fc (0x0274f8b3) x17 0x00000000
core   0: 0x80004300 (0x22803037) lui     zero, 0x22803
core   0: 3 0x80004300 (0x22803037)
core   0: 0x80004304 (0x99de4e93) xori    t4, t3, -1635
core   0: 3 0x80004304 (0x99de4e93) x29 0xfffff99d
core   0: 0x80004308 (0x02d28333) mul     t1, t0, a3
core   0: 3 0x80004308 (0x02d28333) x 6 0xb46772da
core   0: 0x8000430c (0x00008f99) c.sub   a5, a4
core   0: 3 0x8000430c (0x8f99) x15 0x5a2a4292
core   0: 0x8000430e (0x000066fd) c.lui   a3, 0x1f
core   0: 3 0x8000430e (0x66fd) x13 0x0001f000
core   0: 0x80004310 (0xe59bca13) xori    s4, s7, -423
core   0: 3 0x80004310 (0xe59bca13) x20 0xfffffcc9
core   0: 0x80004314 (0x026bd2b3) divu    t0, s7, t1
core   0: 3 0x80004314 (0x026bd2b3) x 5 0x00000000
core   0: 0x80004318 (0x93b82a37) lui     s4, 0x93b82
core   0: 3 0x80004318 (0x93b82a37) x20 0x93b82000
core   0: 0x8000431c (0x000064dd) c.lui   s1, 0x17
core   0: 3 0x8000431c (0x64dd) x 9 0x00017000
core   0: 0x8000431e (0x00000001) c.nop
core   0: 3 0x8000431e (0x0001)
core   0: 0x80004320 (0xf7c1ed93) ori     s11, gp, -132
core   0: 3 0x80004320 (0xf7c1ed93) x27 0xffffff7c
core   0: 0x80004324 (0x00008d01) c.sub   a0, s0
core   0: 3 0x80004324 (0x8d01) x10 0xc90f3049
core   0: 0x80004326 (0x9ff1cb93) xori    s7, gp, -1537
core   0: 3 0x80004326 (0x9ff1cb93) x23 0xfffff9ff
core   0: 0x8000432a (0x40e3dd33) sra     s10, t2, a4
core   0: 3 0x8000432a (0x40e3dd33) x26 0x80012ce4
core   0: 0x8000432e (0x016216b3) sll     a3, tp, s6
core   0: 3 0x8000432e (0x016216b3) x13 0x00000000
core   0: 0x80004332 (0x000000e2) c.slli  ra, 24
core   0: 3 0x80004332 (0x00e2) x 1 0x98000000
core   0: 0x80004334 (0x40af5333) sra     t1, t5, a0
core   0: 3 0x80004334 (0x40af5333) x 6 0x00200000
core   0: 0x80004338 (0x00006819) c.lui   a6, 0x6
core   0: 3 0x80004338 (0x6819) x16 0x00006000
core   0: 0x8000433a (0x00001f0c) c.addi4spn a1, sp, 944
core   0: 3 0x8000433a (0x1f0c) x11 0x00039e4f
core   0: 0x8000433c (0x01d96d33) or      s10, s2, t4
core   0: 3 0x8000433c (0x01d96d33) x26 0xfffff9bd
core   0: 0x80004340 (0x000052fd) c.li    t0, -1
core   0: 3 0x80004340 (0x52fd) x 5 0xffffffff
core   0: 0x80004342 (0x01680033) add     zero, a6, s6
core   0: 3 0x80004342 (0x01680033)
core   0: 0x80004346 (0x00389a93) slli    s5, a7, 3
core   0: 3 0x80004346 (0x00389a93) x21 0x00000000
core   0: 0x8000434a (0x009bf833) and     a6, s7, s1
core   0: 3 0x8000434a (0x009bf833) x16 0x00017000
core   0: 0x8000434e (0x0e802c93) slti    s9, zero, 232
core   0: 3 0x8000434e (0x0e802c93) x25 0x00000001
core   0: 0x80004352 (0x00000b84) c.addi4spn s1, sp, 464
core   0: 3 0x80004352 (0x0b84) x 9 0x00039c6f
core   0: 0x80004354 (0x00006321) c.lui   t1, 0x8
core   0: 3 0x80004354 (0x6321) x 6 0x00008000
core   0: 0x80004356 (0x00008e81) c.sub   a3, s0
core   0: 3 0x80004356 (0x8e81) x13 0xfffffee9
core   0: 0x80004358 (0x3d13b013) sltiu   zero, t2, 977
core   0: 3 0x80004358 (0x3d13b013)
core   0: 0x8000435c (0x005ff533) and     a0, t6, t0
core   0: 3 0x8000435c (0x005ff533) x10 0x00000000
core   0: 0x80004360 (0x01358cb3) add     s9, a1, s3
core   0: 3 0x80004360 (0x01358cb3) x25 0x80048cb3
core   0: 0x80004364 (0x00008f6d) c.and   a4, a1
core   0: 3 0x80004364 (0x8f6d) x14 0x00000000
core   0: 0x80004366 (0x01324a33) xor     s4, tp, s3
core   0: 3 0x80004366 (0x01324a33) x20 0x8000ee64
core   0: 0x8000436a (0x00000cc6) c.slli  s9, 17
core   0: 3 0x8000436a (0x0cc6) x25 0x19660000
core   0: 0x8000436c (0x01277b33) and     s6, a4, s2
core   0: 3 0x8000436c (0x01277b33) x22 0x00000000
core   0: 0x80004370 (0x00a6c733) xor     a4, a3, a0
core   0: 3 0x80004370 (0x00a6c733) x14 0xfffffee9
core   0: 0x80004374 (0x008152b3) srl     t0, sp, s0
core   0: 3 0x80004374 (0x008152b3) x 5 0x00000000
core   0: 0x80004378 (0x00008c72) c.mv    s8, t3
core   0: 3 0x80004378 (0x8c72) x24 0x00000000
core   0: 0x8000437a (0x009b2733) slt     a4, s6, s1
core   0: 3 0x8000437a (0x009b2733) x14 0x00000001
core   0: 0x8000437e (0x7a9a2413) slti    s0, s4, 1961
core   0: 3 0x8000437e (0x7a9a2413) x 8 0x00000001
core   0: 0x80004382 (0x00006161) c.addi16sp sp, 80
core   0: 3 0x80004382 (0x6161) x 2 0x00039aef
core   0: 0x80004384 (0x02a832b3) mulhu   t0, a6, a0
core   0: 3 0x80004384 (0x02a832b3) x 5 0x00000000
core   0: 0x80004388 (0x03a122b3) mulhsu  t0, sp, s10
core   0: 3 0x80004388 (0x03a122b3) x 5 0x00039aee
core   0: 0x8000438c (0x00008f51) c.or    a4, a2
core   0: 3 0x8000438c (0x8f51) x14 0x00000001
core   0: 0x8000438e (0x0389e833) rem     a6, s3, s8
core   0: 3 0x8000438e (0x0389e833) x16 0x8000ee64
core   0: 0x80004392 (0x4194db93) srai    s7, s1, 25
core   0: 3 0x80004392 (0x4194db93) x23 0x00000000
core   0: 0x80004396 (0x0263a8b3) mulhsu  a7, t2, t1
core   0: 3 0x80004396 (0x0263a8b3) x17 0xffffc000
core   0: 0x8000439a (0xc59dff93) andi    t6, s11, -935
core   0: 3 0x8000439a (0xc59dff93) x31 0xfffffc58
core   0: 0x8000439e (0x02e0afb3) mulhsu  t6, ra, a4
core   0: 3 0x8000439e (0x02e0afb3) x31 0xffffffff
core   0: 0x800043a2 (0x000065d9) c.lui   a1, 0x16
core   0: 3 0x800043a2 (0x65d9) x11 0x00016000
core   0: 0x800043a4 (0x00000001) c.nop
core   0: 3 0x800043a4 (0x0001)
core   0: 0x800043a6 (0x009ab533) sltu    a0, s5, s1
core   0: 3 0x800043a6 (0x009ab533) x10 0x00000001
core   0: 0x800043aa (0x413701b3) sub     gp, a4, s3
core   0: 3 0x800043aa (0x413701b3) x 3 0x7fff119d
core   0: 0x800043ae (0x01830433) add     s0, t1, s8
core   0: 3 0x800043ae (0x01830433) x 8 0x00008000
core   0: 0x800043b2 (0x0000835d) c.srli  a4, 23
core   0: 3 0x800043b2 (0x835d) x14 0x00000000
core   0: 0x800043b4 (0x00000001) c.nop
core   0: 3 0x800043b4 (0x0001)
core   0: 0x800043b6 (0x00000001) c.nop
core   0: 3 0x800043b6 (0x0001)
core   0: 0x800043b8 (0x00008dee) c.mv    s11, s11
core   0: 3 0x800043b8 (0x8dee) x27 0xffffff7c
core   0: 0x800043ba (0x0000975e) c.add   a4, s7
core   0: 3 0x800043ba (0x975e) x14 0x00000000
core   0: 0x800043bc (0x00009e5a) c.add   t3, s6
core   0: 3 0x800043bc (0x9e5a) x28 0x00000000
core   0: 0x800043be (0x02725233) divu    tp, tp, t2
core   0: 3 0x800043be (0x02725233) x 4 0x00000000
core   0: 0x800043c2 (0x002618b3) sll     a7, a2, sp
core   0: 3 0x800043c2 (0x002618b3) x17 0x00000000
core   0: 0x800043c6 (0x30edb837) lui     a6, 0x30edb
core   0: 3 0x800043c6 (0x30edb837) x16 0x30edb000
core   0: 0x800043ca (0x013af733) and     a4, s5, s3
core   0: 3 0x800043ca (0x013af733) x14 0x00000000
core   0: 0x800043ce (0x026f9db3) mulh    s11, t6, t1
core   0: 3 0x800043ce (0x026f9db3) x27 0xffffffff
core   0: 0x800043d2 (0x00008f29) c.xor   a4, a0
core   0: 3 0x800043d2 (0x8f29) x14 0x00000001
core   0: 0x800043d4 (0x831ba213) slti    tp, s7, -1999
core   0: 3 0x800043d4 (0x831ba213) x 4 0x00000000
core   0: 0x800043d8 (0x6c9ca893) slti    a7, s9, 1737
core   0: 3 0x800043d8 (0x6c9ca893) x17 0x00000000
core   0: 0x800043dc (0x546f6d93) ori     s11, t5, 1350
core   0: 3 0x800043dc (0x546f6d93) x27 0x40000546
core   0: 0x800043e0 (0x00005bfd) c.li    s7, -1
core   0: 3 0x800043e0 (0x5bfd) x23 0xffffffff
core   0: 0x800043e2 (0xdc95a513) slti    a0, a1, -567
core   0: 3 0x800043e2 (0xdc95a513) x10 0x00000000
core   0: 0x800043e6 (0x00006e6d) c.lui   t3, 0x1b
core   0: 3 0x800043e6 (0x6e6d) x28 0x0001b000
core   0: 0x800043e8 (0x00008ef9) c.and   a3, a4
core   0: 3 0x800043e8 (0x8ef9) x13 0x00000001
core   0: 0x800043ea (0x00bd5833) srl     a6, s10, a1
core   0: 3 0x800043ea (0x00bd5833) x16 0xfffff9bd
core   0: 0x800043ee (0x4122d293) srai    t0, t0, 18
core   0: 3 0x800043ee (0x4122d293) x 5 0x00000000
core   0: 0x800043f2 (0x0000831e) c.mv    t1, t2
core   0: 3 0x800043f2 (0x831e) x 6 0x80012ce4
core   0: 0x800043f4 (0x0000629d) c.lui   t0, 0x7
core   0: 3 0x800043f4 (0x629d) x 5 0x00007000
core   0: 0x800043f6 (0x41495933) sra     s2, s2, s4
core   0: 3 0x800043f6 (0x41495933) x18 0x00000013
core   0: 0x800043fa (0x00bcf233) and     tp, s9, a1
core   0: 3 0x800043fa (0x00bcf233) x 4 0x00000000
core   0: 0x800043fe (0x00008db9) c.xor   a1, a4
core   0: 3 0x800043fe (0x8db9) x11 0x00016001
core   0: 0x80004400 (0x40d3da33) sra     s4, t2, a3
core   0: 3 0x80004400 (0x40d3da33) x20 0xc0009672
core   0: 0x80004404 (0x000082c5) c.srli  a3, 17
core   0: 3 0x80004404 (0x82c5) x13 0x00000000
core   0: 0x80004406 (0x0185cfb3) xor     t6, a1, s8
core   0: 3 0x80004406 (0x0185cfb3) x31 0x00016001
core   0: 0x8000440a (0x00024933) xor     s2, tp, zero
core   0: 3 0x8000440a (0x00024933) x18 0x00000000
core   0: 0x8000440e (0x02938bb3) mul     s7, t2, s1
core   0: 3 0x8000440e (0x02938bb3) x23 0xbe8966dc
core   0: 0x80004412 (0x5feef413) andi    s0, t4, 1534
core   0: 3 0x80004412 (0x5feef413) x 8 0x0000019c
core   0: 0x80004416 (0x00006ce1) c.lui   s9, 0x18
core   0: 3 0x80004416 (0x6ce1) x25 0x00018000
core   0: 0x80004418 (0x01887933) and     s2, a6, s8
core   0: 3 0x80004418 (0x01887933) x18 0x00000000
core   0: 0x8000441c (0x02250f33) mul     t5, a0, sp
core   0: 3 0x8000441c (0x02250f33) x30 0x00000000
core   0: 0x80004420 (0x000008d6) c.slli  a7, 21
core   0: 3 0x80004420 (0x08d6) x17 0x00000000
core   0: 0x80004422 (0x00000f61) c.addi  t5, 24
core   0: 3 0x80004422 (0x0f61) x30 0x00000018
core   0: 0x80004424 (0x02d90bb3) mul     s7, s2, a3
core   0: 3 0x80004424 (0x02d90bb3) x23 0x00000000
core   0: 0x80004428 (0x69387213) andi    tp, a6, 1683
core   0: 3 0x80004428 (0x69387213) x 4 0x00000091
core   0: 0x8000442c (0x00000001) c.nop
core   0: 3 0x8000442c (0x0001)
core   0: 0x8000442e (0x0088fdb3) and     s11, a7, s0
core   0: 3 0x8000442e (0x0088fdb3) x27 0x00000000
core   0: 0x80004432 (0x0199f2b3) and     t0, s3, s9
core   0: 3 0x80004432 (0x0199f2b3) x 5 0x00008000
core   0: 0x80004436 (0x00008c6d) c.and   s0, a1
core   0: 3 0x80004436 (0x8c6d) x 8 0x00000000
core   0: 0x80004438 (0x00008f81) c.sub   a5, s0
core   0: 3 0x80004438 (0x8f81) x15 0x5a2a4292
core   0: 0x8000443a (0x00000380) c.addi4spn s0, sp, 448
core   0: 3 0x8000443a (0x0380) x 8 0x00039caf
core   0: 0x8000443c (0x00008cd9) c.or    s1, a4
core   0: 3 0x8000443c (0x8cd9) x 9 0x00039c6f
core   0: 0x8000443e (0x000080dd) c.srli  s1, 23
core   0: 3 0x8000443e (0x80dd) x 9 0x00000000
core   0: 0x80004440 (0x000085e9) c.srai  a1, 26
core   0: 3 0x80004440 (0x85e9) x11 0x00000000
core   0: 0x80004442 (0x00009db2) c.add   s11, a2
core   0: 3 0x80004442 (0x9db2) x27 0x00000000
core   0: 0x80004444 (0x27973493) sltiu   s1, a4, 633
core   0: 3 0x80004444 (0x27973493) x 9 0x00000001
core   0: 0x80004448 (0x41158c33) sub     s8, a1, a7
core   0: 3 0x80004448 (0x41158c33) x24 0x00000000
core   0: 0x8000444c (0x00008c7d) c.and   s0, a5
core   0: 3 0x8000444c (0x8c7d) x 8 0x00020082
core   0: 0x8000444e (0x00000001) c.nop
core   0: 3 0x8000444e (0x0001)
core   0: 0x80004450 (0x015174b3) and     s1, sp, s5
core   0: 3 0x80004450 (0x015174b3) x 9 0x00000000
core   0: 0x80004454 (0x00009afd) c.andi  a3, -1
core   0: 3 0x80004454 (0x9afd) x13 0x00000000
core   0: 0x80004456 (0x00008ebd) c.xor   a3, a5
core   0: 3 0x80004456 (0x8ebd) x13 0x5a2a4292
core   0: 0x80004458 (0x00009cae) c.add   s9, a1
core   0: 3 0x80004458 (0x9cae) x25 0x00018000
core   0: 0x8000445a (0x0213aeb3) mulhsu  t4, t2, ra
core   0: 3 0x8000445a (0x0213aeb3) x29 0xb400b2a7
core   0: 0x8000445e (0x00001194) c.addi4spn a3, sp, 224
core   0: 3 0x8000445e (0x1194) x13 0x00039bcf
core   0: 0x80004460 (0x00000001) c.nop
core   0: 3 0x80004460 (0x0001)
core   0: 0x80004462 (0x00006a41) c.lui   s4, 0x10
core   0: 3 0x80004462 (0x6a41) x20 0x00010000
core   0: 0x80004464 (0x03909b33) mulh    s6, ra, s9
core   0: 3 0x80004464 (0x03909b33) x22 0xffff6400
core   0: 0x80004468 (0x00008195) c.srli  a1, 5
core   0: 3 0x80004468 (0x8195) x11 0x00000000
core   0: 0x8000446a (0x000083d1) c.srli  a5, 20
core   0: 3 0x8000446a (0x83d1) x15 0x000005a2
core   0: 0x8000446c (0x0000830d) c.srli  a4, 3
core   0: 3 0x8000446c (0x830d) x14 0x00000000
core   0: 0x8000446e (0x00001e00) c.addi4spn s0, sp, 816
core   0: 3 0x8000446e (0x1e00) x 8 0x00039e1f
core   0: 0x80004470 (0x00915133) srl     sp, sp, s1
core   0: 3 0x80004470 (0x00915133) x 2 0x00039aef
core   0: 0x80004474 (0x4029db93) srai    s7, s3, 2
core   0: 3 0x80004474 (0x4029db93) x23 0xe0003b99
core   0: 0x80004478 (0x00000fc2) c.slli  t6, 16
core   0: 3 0x80004478 (0x0fc2) x31 0x60010000
core   0: 0x8000447a (0x0000843d) c.srai  s0, 15
core   0: 3 0x8000447a (0x843d) x 8 0x00000007
core   0: 0x8000447c (0x00009762) c.add   a4, s8
core   0: 3 0x8000447c (0x9762) x14 0x00000000
core   0: 0x8000447e (0x00e75d93) srli    s11, a4, 14
core   0: 3 0x8000447e (0x00e75d93) x27 0x00000000
core   0: 0x80004482 (0x019135b3) sltu    a1, sp, s9
core   0: 3 0x80004482 (0x019135b3) x11 0x00000000
core   0: 0x80004486 (0x0000717d) c.addi16sp sp, -16
core   0: 3 0x80004486 (0x717d) x 2 0x00039adf
core   0: 0x80004488 (0x00af0233) add     tp, t5, a0
core   0: 3 0x80004488 (0x00af0233) x 4 0x00000018
core   0: 0x8000448c (0x0122be33) sltu    t3, t0, s2
core   0: 3 0x8000448c (0x0122be33) x28 0x00000000
core   0: 0x80004490 (0x00006d59) c.lui   s10, 0x16
core   0: 3 0x80004490 (0x6d59) x26 0x00016000
core   0: 0x80004492 (0x00009106) c.add   sp, ra
core   0: 3 0x80004492 (0x9106) x 2 0x98039adf
core   0: 0x80004494 (0x000081ad) c.srli  a1, 11
core   0: 3 0x80004494 (0x81ad) x11 0x00000000
core   0: 0x80004496 (0x00008015) c.srli  s0, 5
core   0: 3 0x80004496 (0x8015) x 8 0x00000000
core   0: 0x80004498 (0x00008de9) c.and   a1, a0
core   0: 3 0x80004498 (0x8de9) x11 0x00000000
core   0: 0x8000449a (0x000086c9) c.srai  a3, 18
core   0: 3 0x8000449a (0x86c9) x13 0x00000000
core   0: 0x8000449c (0xc82e2093) slti    ra, t3, -894
core   0: 3 0x8000449c (0xc82e2093) x 1 0x00000000
core   0: 0x800044a0 (0x0181d933) srl     s2, gp, s8
core   0: 3 0x800044a0 (0x0181d933) x18 0x7fff119d
core   0: 0x800044a4 (0x00008ea9) c.xor   a3, a0
core   0: 3 0x800044a4 (0x8ea9) x13 0x00000000
core   0: 0x800044a6 (0x00429933) sll     s2, t0, tp
core   0: 3 0x800044a6 (0x00429933) x18 0x00000000
core   0: 0x800044aa (0x00000001) c.nop
core   0: 3 0x800044aa (0x0001)
core   0: 0x800044ac (0x9e425c17) auipc   s8, 0x9e425
core   0: 3 0x800044ac (0x9e425c17) x24 0x1e4294ac
core   0: 0x800044b0 (0x00fca733) slt     a4, s9, a5
core   0: 3 0x800044b0 (0x00fca733) x14 0x00000000
core   0: 0x800044b4 (0x01e480b3) add     ra, s1, t5
core   0: 3 0x800044b4 (0x01e480b3) x 1 0x00000018
core   0: 0x800044b8 (0x38094213) xori    tp, s2, 896
core   0: 3 0x800044b8 (0x38094213) x 4 0x00000380
core   0: 0x800044bc (0x033a3b33) mulhu   s6, s4, s3
core   0: 3 0x800044bc (0x033a3b33) x22 0x00008000
core   0: 0x800044c0 (0x00001ffd) c.addi  t6, -1
core   0: 3 0x800044c0 (0x1ffd) x31 0x6000ffff
core   0: 0x800044c2 (0x00008449) c.srai  s0, 18
core   0: 3 0x800044c2 (0x8449) x 8 0x00000000
core   0: 0x800044c4 (0x027a5333) divu    t1, s4, t2
core   0: 3 0x800044c4 (0x027a5333) x 6 0x00000000
core   0: 0x800044c8 (0x00ba7233) and     tp, s4, a1
core   0: 3 0x800044c8 (0x00ba7233) x 4 0x00000000
core   0: 0x800044cc (0x2e14ae93) slti    t4, s1, 737
core   0: 3 0x800044cc (0x2e14ae93) x29 0x00000001
core   0: 0x800044d0 (0x000001fa) c.slli  gp, 30
core   0: 3 0x800044d0 (0x01fa) x 3 0x40000000
core   0: 0x800044d2 (0x000080b2) c.mv    ra, a2
core   0: 3 0x800044d2 (0x80b2) x 1 0x00000000
core   0: 0x800044d4 (0x037f27b3) mulhsu  a5, t5, s7
core   0: 3 0x800044d4 (0x037f27b3) x15 0x00000015
core   0: 0x800044d8 (0x2ac90893) addi    a7, s2, 684
core   0: 3 0x800044d8 (0x2ac90893) x17 0x000002ac
core   0: 0x800044dc (0x0259f6b3) remu    a3, s3, t0
core   0: 3 0x800044dc (0x0259f6b3) x13 0x00006e64
core   0: 0x800044e0 (0x0168fe33) and     t3, a7, s6
core   0: 3 0x800044e0 (0x0168fe33) x28 0x00000000
core   0: 0x800044e4 (0x016fdfb3) srl     t6, t6, s6
core   0: 3 0x800044e4 (0x016fdfb3) x31 0x6000ffff
core   0: 0x800044e8 (0x0000089c) c.addi4spn a5, sp, 80
core   0: 3 0x800044e8 (0x089c) x15 0x98039b2f
core   0: 0x800044ea (0x00ab7cb3) and     s9, s6, a0
core   0: 3 0x800044ea (0x00ab7cb3) x25 0x00000000
core   0: 0x800044ee (0x0275a5b3) mulhsu  a1, a1, t2
core   0: 3 0x800044ee (0x0275a5b3) x11 0x00000000
core   0: 0x800044f2 (0x73b900b7) lui     ra, 0x73b90
core   0: 3 0x800044f2 (0x73b900b7) x 1 0x73b90000
core   0: 0x800044f6 (0xbf883917) auipc   s2, 0xbf883
core   0: 3 0x800044f6 (0xbf883917) x18 0x3f8874f6
core   0: 0x800044fa (0x0000822a) c.mv    tp, a0
core   0: 3 0x800044fa (0x822a) x 4 0x00000000
core   0: 0x800044fc (0x00008935) c.andi  a0, 13
core   0: 3 0x800044fc (0x8935) x10 0x00000000
core   0: 0x800044fe (0x0125d193) srli    gp, a1, 18
core   0: 3 0x800044fe (0x0125d193) x 3 0x00000000
core   0: 0x80004502 (0x00000001) c.nop
core   0: 3 0x80004502 (0x0001)
core   0: 0x80004504 (0x000f1233) sll     tp, t5, zero
core   0: 3 0x80004504 (0x000f1233) x 4 0x00000018
core   0: 0x80004508 (0x00000fb5) c.addi  t6, 13
core   0: 3 0x80004508 (0x0fb5) x31 0x6001000c
core   0: 0x8000450a (0x4136d8b3) sra     a7, a3, s3
core   0: 3 0x8000450a (0x4136d8b3) x17 0x000006e6
core   0: 0x8000450e (0x476b7e13) andi    t3, s6, 1142
core   0: 3 0x8000450e (0x476b7e13) x28 0x00000000
core   0: 0x80004512 (0x01462433) slt     s0, a2, s4
core   0: 3 0x80004512 (0x01462433) x 8 0x00000001
core   0: 0x80004516 (0x00000001) c.nop
core   0: 3 0x80004516 (0x0001)
core   0: 0x80004518 (0x0000717d) c.addi16sp sp, -16
core   0: 3 0x80004518 (0x717d) x 2 0x98039acf
core   0: 0x8000451a (0x43c64d93) xori    s11, a2, 1084
core   0: 3 0x8000451a (0x43c64d93) x27 0x0000043c
core   0: 0x8000451e (0x00000c51) c.addi  s8, 20
core   0: 3 0x8000451e (0x0c51) x24 0x1e4294c0
core   0: 0x80004520 (0x008c6e33) or      t3, s8, s0
core   0: 3 0x80004520 (0x008c6e33) x28 0x1e4294c1
core   0: 0x80004524 (0x010e9fb3) sll     t6, t4, a6
core   0: 3 0x80004524 (0x010e9fb3) x31 0x20000000
core   0: 0x80004528 (0x0000101c) c.addi4spn a5, sp, 32
core   0: 3 0x80004528 (0x101c) x15 0x98039aef
core   0: 0x8000452a (0x008da6b3) slt     a3, s11, s0
core   0: 3 0x8000452a (0x008da6b3) x13 0x00000000
core   0: 0x8000452e (0xf7a2a337) lui     t1, 0xf7a2a
core   0: 3 0x8000452e (0xf7a2a337) x 6 0xf7a2a000
core   0: 0x80004532 (0x0193d713) srli    a4, t2, 25
core   0: 3 0x80004532 (0x0193d713) x14 0x00000040
core   0: 0x80004536 (0x0207bfb3) mulhu   t6, a5, zero
core   0: 3 0x80004536 (0x0207bfb3) x31 0x00000000
core   0: 0x8000453a (0x402ed133) sra     sp, t4, sp
core   0: 3 0x8000453a (0x402ed133) x 2 0x00000000
core   0: 0x8000453e (0x0000094e) c.slli  s2, 19
core   0: 3 0x8000453e (0x094e) x18 0xa7b00000
core   0: 0x80004540 (0x0384ec33) rem     s8, s1, s8
core   0: 3 0x80004540 (0x0384ec33) x24 0x00000000
core   0: 0x80004544 (0x01c5b6b3) sltu    a3, a1, t3
core   0: 3 0x80004544 (0x01c5b6b3) x13 0x00000001
core   0: 0x80004548 (0x03d8e0b3) rem     ra, a7, t4
core   0: 3 0x80004548 (0x03d8e0b3) x 1 0x00000000
core   0: 0x8000454c (0x00001694) c.addi4spn a3, sp, 864
core   0: 3 0x8000454c (0x1694) x13 0x00000360
core   0: 0x8000454e (0x00008ddd) c.or    a1, a5
core   0: 3 0x8000454e (0x8ddd) x11 0x98039aef
core   0: 0x80004550 (0x0056d013) srli    zero, a3, 5
core   0: 3 0x80004550 (0x0056d013)
core   0: 0x80004554 (0x41950433) sub     s0, a0, s9
core   0: 3 0x80004554 (0x41950433) x 8 0x00000000
core   0: 0x80004558 (0x00f11333) sll     t1, sp, a5
core   0: 3 0x80004558 (0x00f11333) x 6 0x00000000
core   0: 0x8000455c (0x000085bd) c.srai  a1, 15
core   0: 3 0x8000455c (0x85bd) x11 0xffff3007
core   0: 0x8000455e (0x00008f15) c.sub   a4, a3
core   0: 3 0x8000455e (0x8f15) x14 0xfffffce0
core   0: 0x80004560 (0x02767b33) remu    s6, a2, t2
core   0: 3 0x80004560 (0x02767b33) x22 0x00000000
core   0: 0x80004564 (0x00001afd) c.addi  s5, -1
core   0: 3 0x80004564 (0x1afd) x21 0xffffffff
core   0: 0x80004566 (0x03ea9233) mulh    tp, s5, t5
core   0: 3 0x80004566 (0x03ea9233) x 4 0xffffffff
core   0: 0x8000456a (0x03dd3cb3) mulhu   s9, s10, t4
core   0: 3 0x8000456a (0x03dd3cb3) x25 0x00000000
core   0: 0x8000456e (0x004632b3) sltu    t0, a2, tp
core   0: 3 0x8000456e (0x004632b3) x 5 0x00000001
core   0: 0x80004572 (0x00d20b33) add     s6, tp, a3
core   0: 3 0x80004572 (0x00d20b33) x22 0x0000035f
core   0: 0x80004576 (0x00006209) c.lui   tp, 0x2
core   0: 3 0x80004576 (0x6209) x 4 0x00002000
core   0: 0x80004578 (0x40bcd533) sra     a0, s9, a1
core   0: 3 0x80004578 (0x40bcd533) x10 0x00000000
core   0: 0x8000457c (0xe3c17293) andi    t0, sp, -452
core   0: 3 0x8000457c (0xe3c17293) x 5 0x00000000
core   0: 0x80004580 (0x00000001) c.nop
core   0: 3 0x80004580 (0x0001)
core   0: 0x80004582 (0x00009436) c.add   s0, a3
core   0: 3 0x80004582 (0x9436) x 8 0x00000360
core   0: 0x80004584 (0xeaa46693) ori     a3, s0, -342
core   0: 3 0x80004584 (0xeaa46693) x13 0xffffffea
core   0: 0x80004588 (0x00008761) c.srai  a4, 24
core   0: 3 0x80004588 (0x8761) x14 0xffffffff
core   0: 0x8000458a (0x00008ed9) c.or    a3, a4
core   0: 3 0x8000458a (0x8ed9) x13 0xffffffff
core   0: 0x8000458c (0x000007a6) c.slli  a5, 9
core   0: 3 0x8000458c (0x07a6) x15 0x0735de00
core   0: 0x8000458e (0x00000580) c.addi4spn s0, sp, 704
core   0: 3 0x8000458e (0x0580) x 8 0x000002c0
core   0: 0x80004590 (0x00cf7433) and     s0, t5, a2
core   0: 3 0x80004590 (0x00cf7433) x 8 0x00000000
core   0: 0x80004594 (0x000061e5) c.lui   gp, 0x19
core   0: 3 0x80004594 (0x61e5) x 3 0x00019000
core   0: 0x80004596 (0x00199f13) slli    t5, s3, 1
core   0: 3 0x80004596 (0x00199f13) x30 0x0001dcc8
core   0: 0x8000459a (0x02a84eb3) div     t4, a6, a0
core   0: 3 0x8000459a (0x02a84eb3) x29 0xffffffff
core   0: 0x8000459e (0x20f348b7) lui     a7, 0x20f34
core   0: 3 0x8000459e (0x20f348b7) x17 0x20f34000
core   0: 0x800045a2 (0x0393a733) mulhsu  a4, t2, s9
core   0: 3 0x800045a2 (0x0393a733) x14 0x00000000
core   0: 0x800045a6 (0x43007c13) andi    s8, zero, 1072
core   0: 3 0x800045a6 (0x43007c13) x24 0x00000000
core   0: 0x800045aa (0xa72fd6b7) lui     a3, 0xa72fd
core   0: 3 0x800045aa (0xa72fd6b7) x13 0xa72fd000
core   0: 0x800045ae (0x00bd5793) srli    a5, s10, 11
core   0: 3 0x800045ae (0x00bd5793) x15 0x0000002c
core   0: 0x800045b2 (0x012efd33) and     s10, t4, s2
core   0: 3 0x800045b2 (0x012efd33) x26 0xa7b00000
core   0: 0x800045b6 (0x01819b33) sll     s6, gp, s8
core   0: 3 0x800045b6 (0x01819b33) x22 0x00019000
core   0: 0x800045ba (0x00acd193) srli    gp, s9, 10
core   0: 3 0x800045ba (0x00acd193) x 3 0x00000000
core   0: 0x800045be (0x00008a8d) c.andi  a3, 3
core   0: 3 0x800045be (0x8a8d) x13 0x00000000
core   0: 0x800045c0 (0xa142fa37) lui     s4, 0xa142f
core   0: 3 0x800045c0 (0xa142fa37) x20 0xa142f000
core   0: 0x800045c4 (0x0314cf33) div     t5, s1, a7
core   0: 3 0x800045c4 (0x0314cf33) x30 0x00000000
core   0: 0x800045c8 (0x00ec54b3) srl     s1, s8, a4
core   0: 3 0x800045c8 (0x00ec54b3) x 9 0x00000000
core   0: 0x800045cc (0x000085d9) c.srai  a1, 22
core   0: 3 0x800045cc (0x85d9) x11 0xffffffff
core   0: 0x800045ce (0x015a6fb3) or      t6, s4, s5
core   0: 3 0x800045ce (0x015a6fb3) x31 0xffffffff
core   0: 0x800045d2 (0x00001900) c.addi4spn s0, sp, 176
core   0: 3 0x800045d2 (0x1900) x 8 0x000000b0
core   0: 0x800045d4 (0x00008cc1) c.or    s1, s0
core   0: 3 0x800045d4 (0x8cc1) x 9 0x000000b0
core   0: 0x800045d6 (0x00aa7a33) and     s4, s4, a0
core   0: 3 0x800045d6 (0x00aa7a33) x20 0x00000000
core   0: 0x800045da (0x01c56033) or      zero, a0, t3
core   0: 3 0x800045da (0x01c56033)
core   0: 0x800045de (0x031a0e33) mul     t3, s4, a7
core   0: 3 0x800045de (0x031a0e33) x28 0x00000000
core   0: 0x800045e2 (0x027630b3) mulhu   ra, a2, t2
core   0: 3 0x800045e2 (0x027630b3) x 1 0x00000000
core   0: 0x800045e6 (0x00000529) c.addi  a0, 10
core   0: 3 0x800045e6 (0x0529) x10 0x0000000a
core   0: 0x800045e8 (0x034d5db3) divu    s11, s10, s4
core   0: 3 0x800045e8 (0x034d5db3) x27 0xffffffff
core   0: 0x800045ec (0x39c2fa93) andi    s5, t0, 924
core   0: 3 0x800045ec (0x39c2fa93) x21 0x00000000
core   0: 0x800045f0 (0x00009ba6) c.add   s7, s1
core   0: 3 0x800045f0 (0x9ba6) x23 0xe0003c49
core   0: 0x800045f2 (0x01e00533) add     a0, zero, t5
core   0: 3 0x800045f2 (0x01e00533) x10 0x00000000
core   0: 0x800045f6 (0x00e3ddb3) srl     s11, t2, a4
core   0: 3 0x800045f6 (0x00e3ddb3) x27 0x80012ce4
core   0: 0x800045fa (0x00008eb1) c.xor   a3, a2
core   0: 3 0x800045fa (0x8eb1) x13 0x00000000
core   0: 0x800045fc (0x00008796) c.mv    a5, t0
core   0: 3 0x800045fc (0x8796) x15 0x00000000
core   0: 0x800045fe (0x01f19033) sll     zero, gp, t6
core   0: 3 0x800045fe (0x01f19033)
core   0: 0x80004602 (0x017a9e13) slli    t3, s5, 23
core   0: 3 0x80004602 (0x017a9e13) x28 0x00000000
core   0: 0x80004606 (0x00008c65) c.and   s0, s1
core   0: 3 0x80004606 (0x8c65) x 8 0x000000b0
core   0: 0x80004608 (0x8c2f0cb7) lui     s9, 0x8c2f0
core   0: 3 0x80004608 (0x8c2f0cb7) x25 0x8c2f0000
core   0: 0x8000460c (0x000088a9) c.andi  s1, 10
core   0: 3 0x8000460c (0x88a9) x 9 0x00000000
core   0: 0x8000460e (0x039298b3) mulh    a7, t0, s9
core   0: 3 0x8000460e (0x039298b3) x17 0x00000000
core   0: 0x80004612 (0x00008c69) c.and   s0, a0
core   0: 3 0x80004612 (0x8c69) x 8 0x00000000
core   0: 0x80004614 (0x03e3a133) mulhsu  sp, t2, t5
core   0: 3 0x80004614 (0x03e3a133) x 2 0x00000000
core   0: 0x80004618 (0xffba3693) sltiu   a3, s4, -5
core   0: 3 0x80004618 (0xffba3693) x13 0x00000001
core   0: 0x8000461c (0x028ef533) remu    a0, t4, s0
core   0: 3 0x8000461c (0x028ef533) x10 0xffffffff
core   0: 0x80004620 (0x00008ef9) c.and   a3, a4
core   0: 3 0x80004620 (0x8ef9) x13 0x00000000
core   0: 0x80004622 (0x00008cc5) c.or    s1, s1
core   0: 3 0x80004622 (0x8cc5) x 9 0x00000000
core   0: 0x80004624 (0x003302b3) add     t0, t1, gp
core   0: 3 0x80004624 (0x003302b3) x 5 0x00000000
core   0: 0x80004628 (0x00006ce9) c.lui   s9, 0x1a
core   0: 3 0x80004628 (0x6ce9) x25 0x0001a000
core   0: 0x8000462a (0x07914a17) auipc   s4, 0x7914
core   0: 3 0x8000462a (0x07914a17) x20 0x8791862a
core   0: 0x8000462e (0x01615c13) srli    s8, sp, 22
core   0: 3 0x8000462e (0x01615c13) x24 0x00000000
core   0: 0x80004632 (0x00008ff1) c.and   a5, a2
core   0: 3 0x80004632 (0x8ff1) x15 0x00000000
core   0: 0x80004634 (0x02cd3f33) mulhu   t5, s10, a2
core   0: 3 0x80004634 (0x02cd3f33) x30 0x00000000
core   0: 0x80004638 (0x00008ac5) c.andi  a3, 17
core   0: 3 0x80004638 (0x8ac5) x13 0x00000000
core   0: 0x8000463a (0x00000e6e) c.slli  t3, 27
core   0: 3 0x8000463a (0x0e6e) x28 0x00000000
core   0: 0x8000463c (0x009c24b3) slt     s1, s8, s1
core   0: 3 0x8000463c (0x009c24b3) x 9 0x00000000
core   0: 0x80004640 (0x7ec78a93) addi    s5, a5, 2028
core   0: 3 0x80004640 (0x7ec78a93) x21 0x000007ec
core   0: 0x80004644 (0x409882b3) sub     t0, a7, s1
core   0: 3 0x80004644 (0x409882b3) x 5 0x00000000
core   0: 0x80004648 (0x00006125) c.addi16sp sp, 96
core   0: 3 0x80004648 (0x6125) x 2 0x00000060
core   0: 0x8000464a (0x00000c76) c.slli  s8, 29
core   0: 3 0x8000464a (0x0c76) x24 0x00000000
core   0: 0x8000464c (0x005e5a93) srli    s5, t3, 5
core   0: 3 0x8000464c (0x005e5a93) x21 0x00000000
core   0: 0x80004650 (0x02b0c133) div     sp, ra, a1
core   0: 3 0x80004650 (0x02b0c133) x 2 0x00000000
core   0: 0x80004654 (0x403dd213) srai    tp, s11, 3
core   0: 3 0x80004654 (0x403dd213) x 4 0xf000259c
core   0: 0x80004658 (0x01da3fb3) sltu    t6, s4, t4
core   0: 3 0x80004658 (0x01da3fb3) x31 0x00000001
core   0: 0x8000465c (0x037bf933) remu    s2, s7, s7
core   0: 3 0x8000465c (0x037bf933) x18 0x00000000
core   0: 0x80004660 (0x0148a033) slt     zero, a7, s4
core   0: 3 0x80004660 (0x0148a033)
core   0: 0x80004664 (0x402452b3) sra     t0, s0, sp
core   0: 3 0x80004664 (0x402452b3) x 5 0x00000000
core   0: 0x80004668 (0x0250a8b3) mulhsu  a7, ra, t0
core   0: 3 0x80004668 (0x0250a8b3) x17 0x00000000
core   0: 0x8000466c (0x000082b5) c.srli  a3, 13
core   0: 3 0x8000466c (0x82b5) x13 0x00000000
core   0: 0x8000466e (0xd00b4a13) xori    s4, s6, -768
core   0: 3 0x8000466e (0xd00b4a13) x20 0xfffe6d00
core   0: 0x80004672 (0x00688e33) add     t3, a7, t1
core   0: 3 0x80004672 (0x00688e33) x28 0x00000000
core   0: 0x80004676 (0x0048abb3) slt     s7, a7, tp
core   0: 3 0x80004676 (0x0048abb3) x23 0x00000000
core   0: 0x8000467a (0x00bf6b33) or      s6, t5, a1
core   0: 3 0x8000467a (0x00bf6b33) x22 0xffffffff
core   0: 0x8000467e (0x0000931a) c.add   t1, t1
core   0: 3 0x8000467e (0x931a) x 6 0x00000000
core   0: 0x80004680 (0x0000557d) c.li    a0, -1
core   0: 3 0x80004680 (0x557d) x10 0xffffffff
core   0: 0x80004682 (0x8244e293) ori     t0, s1, -2012
core   0: 3 0x80004682 (0x8244e293) x 5 0xfffff824
core   0: 0x80004686 (0x01675b33) srl     s6, a4, s6
core   0: 3 0x80004686 (0x01675b33) x22 0x00000000
core   0: 0x8000468a (0xf6572a13) slti    s4, a4, -155
core   0: 3 0x8000468a (0xf6572a13) x20 0x00000000
core   0: 0x8000468e (0x01ae6bb3) or      s7, t3, s10
core   0: 3 0x8000468e (0x01ae6bb3) x23 0xa7b00000
core   0: 0x80004692 (0x00001704) c.addi4spn s1, sp, 928
core   0: 3 0x80004692 (0x1704) x 9 0x000003a0
core   0: 0x80004694 (0x01d3d4b3) srl     s1, t2, t4
core   0: 3 0x80004694 (0x01d3d4b3) x 9 0x00000001
core   0: 0x80004698 (0x025168b3) rem     a7, sp, t0
core   0: 3 0x80004698 (0x025168b3) x17 0x00000000
core   0: 0x8000469c (0x0176bc33) sltu    s8, a3, s7
core   0: 3 0x8000469c (0x0176bc33) x24 0x00000001
core   0: 0x800046a0 (0x6ba38913) addi    s2, t2, 1722
core   0: 3 0x800046a0 (0x6ba38913) x18 0x8001339e
core   0: 0x800046a4 (0x02701533) mulh    a0, zero, t2
core   0: 3 0x800046a4 (0x02701533) x10 0x00000000
core   0: 0x800046a8 (0x00006939) c.lui   s2, 0xe
core   0: 3 0x800046a8 (0x6939) x18 0x0000e000
core   0: 0x800046aa (0x00008f21) c.xor   a4, s0
core   0: 3 0x800046aa (0x8f21) x14 0x00000000
core   0: 0x800046ac (0x034ec4b3) div     s1, t4, s4
core   0: 3 0x800046ac (0x034ec4b3) x 9 0xffffffff
core   0: 0x800046b0 (0x00f90db3) add     s11, s2, a5
core   0: 3 0x800046b0 (0x00f90db3) x27 0x0000e000
core   0: 0x800046b4 (0x0000686d) c.lui   a6, 0x1b
core   0: 3 0x800046b4 (0x686d) x16 0x0001b000
core   0: 0x800046b6 (0x01b08e33) add     t3, ra, s11
core   0: 3 0x800046b6 (0x01b08e33) x28 0x0000e000
core   0: 0x800046ba (0x023931b3) mulhu   gp, s2, gp
core   0: 3 0x800046ba (0x023931b3) x 3 0x00000000
core   0: 0x800046be (0x00005cfd) c.li    s9, -1
core   0: 3 0x800046be (0x5cfd) x25 0xffffffff
core   0: 0x800046c0 (0x01407b93) andi    s7, zero, 20
core   0: 3 0x800046c0 (0x01407b93) x23 0x00000000
core   0: 0x800046c4 (0x00000001) c.nop
core   0: 3 0x800046c4 (0x0001)
core   0: 0x800046c6 (0x037666b3) rem     a3, a2, s7
core   0: 3 0x800046c6 (0x037666b3) x13 0x00000000
core   0: 0x800046ca (0x41655d33) sra     s10, a0, s6
core   0: 3 0x800046ca (0x41655d33) x26 0x00000000
core   0: 0x800046ce (0x017eb233) sltu    tp, t4, s7
core   0: 3 0x800046ce (0x017eb233) x 4 0x00000000
core   0: 0x800046d2 (0x41ff06b3) sub     a3, t5, t6
core   0: 3 0x800046d2 (0x41ff06b3) x13 0xffffffff
core   0: 0x800046d6 (0xd44dc013) xori    zero, s11, -700
core   0: 3 0x800046d6 (0xd44dc013)
core   0: 0x800046da (0x00008d3d) c.xor   a0, a5
core   0: 3 0x800046da (0x8d3d) x10 0x00000000
core   0: 0x800046dc (0x03e8cd33) div     s10, a7, t5
core   0: 3 0x800046dc (0x03e8cd33) x26 0xffffffff
core   0: 0x800046e0 (0x0000672d) c.lui   a4, 0xb
core   0: 3 0x800046e0 (0x672d) x14 0x0000b000
core   0: 0x800046e2 (0x01aedcb3) srl     s9, t4, s10
core   0: 3 0x800046e2 (0x01aedcb3) x25 0x00000001
core   0: 0x800046e6 (0x008c4eb3) xor     t4, s8, s0
core   0: 3 0x800046e6 (0x008c4eb3) x29 0x00000001
core   0: 0x800046ea (0x00289833) sll     a6, a7, sp
core   0: 3 0x800046ea (0x00289833) x16 0x00000000
core   0: 0x800046ee (0x022b30b3) mulhu   ra, s6, sp
core   0: 3 0x800046ee (0x022b30b3) x 1 0x00000000
core   0: 0x800046f2 (0xeba7e593) ori     a1, a5, -326
core   0: 3 0x800046f2 (0xeba7e593) x11 0xfffffeba
core   0: 0x800046f6 (0x00008ec1) c.or    a3, s0
core   0: 3 0x800046f6 (0x8ec1) x13 0xffffffff
core   0: 0x800046f8 (0x000080e1) c.srli  s1, 24
core   0: 3 0x800046f8 (0x80e1) x 9 0x000000ff
core   0: 0x800046fa (0x0136f1b3) and     gp, a3, s3
core   0: 3 0x800046fa (0x0136f1b3) x 3 0x8000ee64
core   0: 0x800046fe (0x00001bfd) c.addi  s7, -1
core   0: 3 0x800046fe (0x1bfd) x23 0xffffffff
core   0: 0x80004700 (0x02e5fc33) remu    s8, a1, a4
core   0: 3 0x80004700 (0x02e5fc33) x24 0x00000eba
core   0: 0x80004704 (0x1083f313) andi    t1, t2, 264
core   0: 3 0x80004704 (0x1083f313) x 6 0x00000000
core   0: 0x80004708 (0x0000717d) c.addi16sp sp, -16
core   0: 3 0x80004708 (0x717d) x 2 0xfffffff0
core   0: 0x8000470a (0x41925f93) srai    t6, tp, 25
core   0: 3 0x8000470a (0x41925f93) x31 0x00000000
core   0: 0x8000470e (0x9ace3593) sltiu   a1, t3, -1620
core   0: 3 0x8000470e (0x9ace3593) x11 0x00000001
core   0: 0x80004712 (0xbaa83813) sltiu   a6, a6, -1110
core   0: 3 0x80004712 (0xbaa83813) x16 0x00000001
core   0: 0x80004716 (0xcc5a6713) ori     a4, s4, -827
core   0: 3 0x80004716 (0xcc5a6713) x14 0xfffffcc5
core   0: 0x8000471a (0x63584913) xori    s2, a6, 1589
core   0: 3 0x8000471a (0x63584913) x18 0x00000634
core   0: 0x8000471e (0x01dca433) slt     s0, s9, t4
core   0: 3 0x8000471e (0x01dca433) x 8 0x00000000
core   0: 0x80004722 (0x00006d7d) c.lui   s10, 0x1f
core   0: 3 0x80004722 (0x6d7d) x26 0x0001f000
core   0: 0x80004724 (0x00000001) c.nop
core   0: 3 0x80004724 (0x0001)
core   0: 0x80004726 (0x000091ce) c.add   gp, s3
core   0: 3 0x80004726 (0x91ce) x 3 0x0001dcc8
core   0: 0x80004728 (0xded7ab13) slti    s6, a5, -531
core   0: 3 0x80004728 (0xded7ab13) x22 0x00000000
core   0: 0x8000472c (0x0a897297) auipc   t0, 0xa897
core   0: 3 0x8000472c (0x0a897297) x 5 0x8a89b72c
core   0: 0x80004730 (0x00000001) c.nop
core   0: 3 0x80004730 (0x0001)
core   0: 0x80004732 (0x0072ae33) slt     t3, t0, t2
core   0: 3 0x80004732 (0x0072ae33) x28 0x00000000
core   0: 0x80004736 (0x41945713) srai    a4, s0, 25
core   0: 3 0x80004736 (0x41945713) x14 0x00000000
core   0: 0x8000473a (0x008598b3) sll     a7, a1, s0
core   0: 3 0x8000473a (0x008598b3) x17 0x00000001
core   0: 0x8000473e (0x00006099) c.lui   ra, 0x6
core   0: 3 0x8000473e (0x6099) x 1 0x00006000
core   0: 0x80004740 (0x01ed05b3) add     a1, s10, t5
core   0: 3 0x80004740 (0x01ed05b3) x11 0x0001f000
core   0: 0x80004744 (0x010b8f33) add     t5, s7, a6
core   0: 3 0x80004744 (0x010b8f33) x30 0x00000000
core   0: 0x80004748 (0xccbba593) slti    a1, s7, -821
core   0: 3 0x80004748 (0xccbba593) x11 0x00000000
core   0: 0x8000474c (0x03bb45b3) div     a1, s6, s11
core   0: 3 0x8000474c (0x03bb45b3) x11 0x00000000
core   0: 0x80004750 (0x40c80db3) sub     s11, a6, a2
core   0: 3 0x80004750 (0x40c80db3) x27 0x00000001
core   0: 0x80004754 (0x2ab4af93) slti    t6, s1, 683
core   0: 3 0x80004754 (0x2ab4af93) x31 0x00000001
core   0: 0x80004758 (0x7b94a097) auipc   ra, 0x7b94a
core   0: 3 0x80004758 (0x7b94a097) x 1 0xfb94e758
core   0: 0x8000475c (0x1f8b9bb7) lui     s7, 0x1f8b9
core   0: 3 0x8000475c (0x1f8b9bb7) x23 0x1f8b9000
core   0: 0x80004760 (0x01e21433) sll     s0, tp, t5
core   0: 3 0x80004760 (0x01e21433) x 8 0x00000000
core   0: 0x80004764 (0x0012f733) and     a4, t0, ra
core   0: 3 0x80004764 (0x0012f733) x14 0x8a80a708
core   0: 0x80004768 (0x01ac5213) srli    tp, s8, 26
core   0: 3 0x80004768 (0x01ac5213) x 4 0x00000000
core   0: 0x8000476c (0x00008df9) c.and   a1, a4
core   0: 3 0x8000476c (0x8df9) x11 0x00000000
core   0: 0x8000476e (0x00b588b3) add     a7, a1, a1
core   0: 3 0x8000476e (0x00b588b3) x17 0x00000000
core   0: 0x80004772 (0x00005dfd) c.li    s11, -1
core   0: 3 0x80004772 (0x5dfd) x27 0xffffffff
core   0: 0x80004774 (0x021e0e33) mul     t3, t3, ra
core   0: 3 0x80004774 (0x021e0e33) x28 0x00000000
core   0: 0x80004778 (0x00004919) c.li    s2, 6
core   0: 3 0x80004778 (0x4919) x18 0x00000006
core   0: 0x8000477a (0x02d8eab3) rem     s5, a7, a3
core   0: 3 0x8000477a (0x02d8eab3) x21 0x00000000
core   0: 0x8000477e (0x000086ce) c.mv    a3, s3
core   0: 3 0x8000477e (0x86ce) x13 0x8000ee64
core   0: 0x80004780 (0x00bdd313) srli    t1, s11, 11
core   0: 3 0x80004780 (0x00bdd313) x 6 0x001fffff
core   0: 0x80004784 (0x00571b93) slli    s7, a4, 5
core   0: 3 0x80004784 (0x00571b93) x23 0x5014e100
core   0: 0x80004788 (0x00008ed5) c.or    a3, a3
core   0: 3 0x80004788 (0x8ed5) x13 0x8000ee64
core   0: 0x8000478a (0x6ed8ab93) slti    s7, a7, 1773
core   0: 3 0x8000478a (0x6ed8ab93) x23 0x00000001
core   0: 0x8000478e (0xd5eded13) ori     s10, s11, -674
core   0: 3 0x8000478e (0xd5eded13) x26 0xffffffff
core   0: 0x80004792 (0x00000001) c.nop
core   0: 3 0x80004792 (0x0001)
core   0: 0x80004794 (0x01670333) add     t1, a4, s6
core   0: 3 0x80004794 (0x01670333) x 6 0x8a80a708
core   0: 0x80004798 (0xc3dfc213) xori    tp, t6, -963
core   0: 3 0x80004798 (0xc3dfc213) x 4 0xfffffc3c
core   0: 0x8000479c (0x4469cd13) xori    s10, s3, 1094
core   0: 3 0x8000479c (0x4469cd13) x26 0x8000ea22
core   0: 0x800047a0 (0x00009c2a) c.add   s8, a0
core   0: 3 0x800047a0 (0x9c2a) x24 0x00000eba
core   0: 0x800047a2 (0xdfbe6293) ori     t0, t3, -517
core   0: 3 0x800047a2 (0xdfbe6293) x 5 0xfffffdfb
core   0: 0x800047a6 (0x00000001) c.nop
core   0: 3 0x800047a6 (0x0001)
core   0: 0x800047a8 (0x011f91b3) sll     gp, t6, a7
core   0: 3 0x800047a8 (0x011f91b3) x 3 0x00000001
core   0: 0x800047ac (0x00004f75) c.li    t5, 29
core   0: 3 0x800047ac (0x4f75) x30 0x0000001d
core   0: 0x800047ae (0x00008c19) c.sub   s0, a4
core   0: 3 0x800047ae (0x8c19) x 8 0x757f58f8
core   0: 0x800047b0 (0x0055cf33) xor     t5, a1, t0
core   0: 3 0x800047b0 (0x0055cf33) x30 0xfffffdfb
core   0: 0x800047b4 (0x40615b93) srai    s7, sp, 6
core   0: 3 0x800047b4 (0x40615b93) x23 0xffffffff
core   0: 0x800047b8 (0x03343133) mulhu   sp, s0, s3
core   0: 3 0x800047b8 (0x03343133) x 2 0x3ac019e6
core   0: 0x800047bc (0x010e52b3) srl     t0, t3, a6
core   0: 3 0x800047bc (0x010e52b3) x 5 0x00000000
core   0: 0x800047c0 (0x00000001) c.nop
core   0: 3 0x800047c0 (0x0001)
core   0: 0x800047c2 (0x025df5b3) remu    a1, s11, t0
core   0: 3 0x800047c2 (0x025df5b3) x11 0xffffffff
core   0: 0x800047c6 (0x00008d35) c.xor   a0, a3
core   0: 3 0x800047c6 (0x8d35) x10 0x8000ee64
core   0: 0x800047c8 (0x00009bee) c.add   s7, s11
core   0: 3 0x800047c8 (0x9bee) x23 0xfffffffe
core   0: 0x800047ca (0x00008e96) c.mv    t4, t0
core   0: 3 0x800047ca (0x8e96) x29 0x00000000
core   0: 0x800047cc (0x02744e33) div     t3, s0, t2
core   0: 3 0x800047cc (0x02744e33) x28 0x00000000
core   0: 0x800047d0 (0x00009bfd) c.andi  a5, -1
core   0: 3 0x800047d0 (0x9bfd) x15 0x00000000
core   0: 0x800047d2 (0x000088cd) c.andi  s1, 19
core   0: 3 0x800047d2 (0x88cd) x 9 0x00000013
core   0: 0x800047d4 (0x00395a33) srl     s4, s2, gp
core   0: 3 0x800047d4 (0x00395a33) x20 0x00000003
core   0: 0x800047d8 (0x40875433) sra     s0, a4, s0
core   0: 3 0x800047d8 (0x40875433) x 8 0xffffff8a
core   0: 0x800047dc (0x01ae47b3) xor     a5, t3, s10
core   0: 3 0x800047dc (0x01ae47b3) x15 0x8000ea22
core   0: 0x800047e0 (0xbb7eb493) sltiu   s1, t4, -1097
core   0: 3 0x800047e0 (0xbb7eb493) x 9 0x00000001
core   0: 0x800047e4 (0x00008419) c.srai  s0, 6
core   0: 3 0x800047e4 (0x8419) x 8 0xfffffffe
core   0: 0x800047e6 (0x00008cbd) c.xor   s1, a5
core   0: 3 0x800047e6 (0x8cbd) x 9 0x8000ea23
core   0: 0x800047e8 (0x40180133) sub     sp, a6, ra
core   0: 3 0x800047e8 (0x40180133) x 2 0x046b18a9
core   0: 0x800047ec (0x00006445) c.lui   s0, 0x11
core   0: 3 0x800047ec (0x6445) x 8 0x00011000
core   0: 0x800047ee (0x3e676e17) auipc   t3, 0x3e676
core   0: 3 0x800047ee (0x3e676e17) x28 0xbe67a7ee
core   0: 0x800047f2 (0x00000001) c.nop
core   0: 3 0x800047f2 (0x0001)
core   0: 0x800047f4 (0x7c82cb13) xori    s6, t0, 1992
core   0: 3 0x800047f4 (0x7c82cb13) x22 0x000007c8
core   0: 0x800047f8 (0x00ab06b3) add     a3, s6, a0
core   0: 3 0x800047f8 (0x00ab06b3) x13 0x8000f62c
core   0: 0x800047fc (0x40df87b3) sub     a5, t6, a3
core   0: 3 0x800047fc (0x40df87b3) x15 0x7fff09d5
core   0: 0x80004800 (0x000000e5) c.addi  ra, 25
core   0: 3 0x80004800 (0x00e5) x 1 0xfb94e771
core   0: 0x80004802 (0x00d81433) sll     s0, a6, a3
core   0: 3 0x80004802 (0x00d81433) x 8 0x00001000
core   0: 0x80004806 (0x4166d593) srai    a1, a3, 22
core   0: 3 0x80004806 (0x4166d593) x11 0xfffffe00
core   0: 0x8000480a (0x00008f61) c.and   a4, s0
core   0: 3 0x8000480a (0x8f61) x14 0x00000000
core   0: 0x8000480c (0x00001b1c) c.addi4spn a5, sp, 432
core   0: 3 0x8000480c (0x1b1c) x15 0x046b1a59
core   0: 0x8000480e (0x00008c31) c.xor   s0, a2
core   0: 3 0x8000480e (0x8c31) x 8 0x00001000
core   0: 0x80004810 (0x000061fd) c.lui   gp, 0x1f
core   0: 3 0x80004810 (0x61fd) x 3 0x0001f000
core   0: 0x80004812 (0x00008d79) c.and   a0, a4
core   0: 3 0x80004812 (0x8d79) x10 0x00000000
core   0: 0x80004814 (0x00000508) c.addi4spn a0, sp, 640
core   0: 3 0x80004814 (0x0508) x10 0x046b1b29
core   0: 0x80004816 (0x000000e5) c.addi  ra, 25
core   0: 3 0x80004816 (0x00e5) x 1 0xfb94e78a
core   0: 0x80004818 (0xf2164813) xori    a6, a2, -223
core   0: 3 0x80004818 (0xf2164813) x16 0xffffff21
core   0: 0x8000481c (0x0000131c) c.addi4spn a5, sp, 416
core   0: 3 0x8000481c (0x131c) x15 0x046b1a49
core   0: 0x8000481e (0x035b8433) mul     s0, s7, s5
core   0: 3 0x8000481e (0x035b8433) x 8 0x00000000
core   0: 0x80004822 (0x00008861) c.andi  s0, 24
core   0: 3 0x80004822 (0x8861) x 8 0x00000000
core   0: 0x80004824 (0x00260933) add     s2, a2, sp
core   0: 3 0x80004824 (0x00260933) x18 0x046b18a9
core   0: 0x80004828 (0x000098fd) c.andi  s1, -1
core   0: 3 0x80004828 (0x98fd) x 9 0x8000ea23
core   0: 0x8000482a (0x000066c9) c.lui   a3, 0x12
core   0: 3 0x8000482a (0x66c9) x13 0x00012000
core   0: 0x8000482c (0x412e8833) sub     a6, t4, s2
core   0: 3 0x8000482c (0x412e8833) x16 0xfb94e757
core   0: 0x80004830 (0x01168933) add     s2, a3, a7
core   0: 3 0x80004830 (0x01168933) x18 0x00012000
core   0: 0x80004834 (0x000088ed) c.andi  s1, 27
core   0: 3 0x80004834 (0x88ed) x 9 0x00000003
core   0: 0x80004836 (0x8e834e93) xori    t4, t1, -1816
core   0: 3 0x80004836 (0x8e834e93) x29 0x757f5fe0
core   0: 0x8000483a (0x00000ec6) c.slli  t4, 17
core   0: 3 0x8000483a (0x0ec6) x29 0xbfc00000
core   0: 0x8000483c (0x00000362) c.slli  t1, 24
core   0: 3 0x8000483c (0x0362) x 6 0x08000000
core   0: 0x8000483e (0x034debb3) rem     s7, s11, s4
core   0: 3 0x8000483e (0x034debb3) x23 0xffffffff
core   0: 0x80004842 (0x02299ab3) mulh    s5, s3, sp
core   0: 3 0x80004842 (0x02299ab3) x21 0xfdca77c8
core   0: 0x80004846 (0x03166db3) rem     s11, a2, a7
core   0: 3 0x80004846 (0x03166db3) x27 0x00000000
core   0: 0x8000484a (0x00e63db3) sltu    s11, a2, a4
core   0: 3 0x8000484a (0x00e63db3) x27 0x00000000
core   0: 0x8000484e (0x03eed033) divu    zero, t4, t5
core   0: 3 0x8000484e (0x03eed033)
core   0: 0x80004852 (0x40468f33) sub     t5, a3, tp
core   0: 3 0x80004852 (0x40468f33) x30 0x000123c4
core   0: 0x80004856 (0x0005ea33) or      s4, a1, zero
core   0: 3 0x80004856 (0x0005ea33) x20 0xfffffe00
core   0: 0x8000485a (0x0000517d) c.li    sp, -1
core   0: 3 0x8000485a (0x517d) x 2 0xffffffff
core   0: 0x8000485c (0x86ea6813) ori     a6, s4, -1938
core   0: 3 0x8000485c (0x86ea6813) x16 0xfffffe6e
core   0: 0x80004860 (0x02cfdfb3) divu    t6, t6, a2
core   0: 3 0x80004860 (0x02cfdfb3) x31 0xffffffff
core   0: 0x80004864 (0x00008c7d) c.and   s0, a5
core   0: 3 0x80004864 (0x8c7d) x 8 0x00000000
core   0: 0x80004866 (0x02a39233) mulh    tp, t2, a0
core   0: 3 0x80004866 (0x02a39233) x 4 0xfdca779c
core   0: 0x8000486a (0x00008809) c.andi  s0, 2
core   0: 3 0x8000486a (0x8809) x 8 0x00000000
core   0: 0x8000486c (0x000018fd) c.addi  a7, -1
core   0: 3 0x8000486c (0x18fd) x17 0xffffffff
core   0: 0x8000486e (0x7b430e13) addi    t3, t1, 1972
core   0: 3 0x8000486e (0x7b430e13) x28 0x080007b4
core   0: 0x80004872 (0x025c81b3) mul     gp, s9, t0
core   0: 3 0x80004872 (0x025c81b3) x 3 0x00000000
core   0: 0x80004876 (0x000016fd) c.addi  a3, -1
core   0: 3 0x80004876 (0x16fd) x13 0x00011fff
core   0: 0x80004878 (0x01753433) sltu    s0, a0, s7
core   0: 3 0x80004878 (0x01753433) x 8 0x00000001
core   0: 0x8000487c (0x00000ca6) c.slli  s9, 9
core   0: 3 0x8000487c (0x0ca6) x25 0x00000200
core   0: 0x8000487e (0x00dc41b3) xor     gp, s8, a3
core   0: 3 0x8000487e (0x00dc41b3) x 3 0x00011145
core   0: 0x80004882 (0x00008f19) c.sub   a4, a4
core   0: 3 0x80004882 (0x8f19) x14 0x00000000
core   0: 0x80004884 (0x03f73933) mulhu   s2, a4, t6
core   0: 3 0x80004884 (0x03f73933) x18 0x00000000
core   0: 0x80004888 (0x01eb8d33) add     s10, s7, t5
core   0: 3 0x80004888 (0x01eb8d33) x26 0x000123c3
core   0: 0x8000488c (0x02921233) mulh    tp, tp, s1
core   0: 3 0x8000488c (0x02921233) x 4 0xffffffff
core   0: 0x80004890 (0x0000717d) c.addi16sp sp, -16
core   0: 3 0x80004890 (0x717d) x 2 0xffffffef
core   0: 0x80004892 (0x81ea0093) addi    ra, s4, -2018
core   0: 3 0x80004892 (0x81ea0093) x 1 0xfffff61e
core   0: 0x80004896 (0x5cb4f513) andi    a0, s1, 1483
core   0: 3 0x80004896 (0x5cb4f513) x10 0x00000003
core   0: 0x8000489a (0xccf4e913) ori     s2, s1, -817
core   0: 3 0x8000489a (0xccf4e913) x18 0xfffffccf
core   0: 0x8000489e (0x00001a7d) c.addi  s4, -1
core   0: 3 0x8000489e (0x1a7d) x20 0xfffffdff
core   0: 0x800048a0 (0x032615b3) mulh    a1, a2, s2
core   0: 3 0x800048a0 (0x032615b3) x11 0x00000000
core   0: 0x800048a4 (0x00008fc5) c.or    a5, s1
core   0: 3 0x800048a4 (0x8fc5) x15 0x046b1a4b
core   0: 0x800048a6 (0xa94e8813) addi    a6, t4, -1388
core   0: 3 0x800048a6 (0xa94e8813) x16 0xbfbffa94
core   0: 0x800048aa (0x003cca33) xor     s4, s9, gp
core   0: 3 0x800048aa (0x003cca33) x20 0x00011345
core   0: 0x800048ae (0x03c836b3) mulhu   a3, a6, t3
core   0: 3 0x800048ae (0x03c836b3) x13 0x05fe0599
core   0: 0x800048b2 (0x00008d29) c.xor   a0, a0
core   0: 3 0x800048b2 (0x8d29) x10 0x00000000
core   0: 0x800048b4 (0x01634133) xor     sp, t1, s6
core   0: 3 0x800048b4 (0x01634133) x 2 0x080007c8
core   0: 0x800048b8 (0x000081aa) c.mv    gp, a0
core   0: 3 0x800048b8 (0x81aa) x 3 0x00000000
core   0: 0x800048ba (0x00000b6d) c.addi  s6, 27
core   0: 3 0x800048ba (0x0b6d) x22 0x000007e3
core   0: 0x800048bc (0x0000634d) c.lui   t1, 0x13
core   0: 3 0x800048bc (0x634d) x 6 0x00013000
core   0: 0x800048be (0x0169edb3) or      s11, s3, s6
core   0: 3 0x800048be (0x0169edb3) x27 0x8000efe7
core   0: 0x800048c2 (0x00008ead) c.xor   a3, a1
core   0: 3 0x800048c2 (0x8ead) x13 0x05fe0599
core   0: 0x800048c4 (0x00006de5) c.lui   s11, 0x19
core   0: 3 0x800048c4 (0x6de5) x27 0x00019000
core   0: 0x800048c6 (0x0364d2b3) divu    t0, s1, s6
core   0: 3 0x800048c6 (0x0364d2b3) x 5 0x00000000
core   0: 0x800048ca (0x01971293) slli    t0, a4, 25
core   0: 3 0x800048ca (0x01971293) x 5 0x00000000
core   0: 0x800048ce (0x01459eb3) sll     t4, a1, s4
core   0: 3 0x800048ce (0x01459eb3) x29 0x00000000
core   0: 0x800048d2 (0x006a5293) srli    t0, s4, 6
core   0: 3 0x800048d2 (0x006a5293) x 5 0x0000044d
core   0: 0x800048d6 (0x00008f15) c.sub   a4, a3
core   0: 3 0x800048d6 (0x8f15) x14 0xfa01fa67
core   0: 0x800048d8 (0x01078433) add     s0, a5, a6
core   0: 3 0x800048d8 (0x01078433) x 8 0xc42b14df
core   0: 0x800048dc (0x00000001) c.nop
core   0: 3 0x800048dc (0x0001)
core   0: 0x800048de (0x01f25813) srli    a6, tp, 31
core   0: 3 0x800048de (0x01f25813) x16 0x00000001
core   0: 0x800048e2 (0x41cf5413) srai    s0, t5, 28
core   0: 3 0x800048e2 (0x41cf5413) x 8 0x00000000
core   0: 0x800048e6 (0x000041e1) c.li    gp, 24
core   0: 3 0x800048e6 (0x41e1) x 3 0x00000018
core   0: 0x800048e8 (0x40a8d833) sra     a6, a7, a0
core   0: 3 0x800048e8 (0x40a8d833) x16 0xffffffff
core   0: 0x800048ec (0x00004825) c.li    a6, 9
core   0: 3 0x800048ec (0x4825) x16 0x00000009
core   0: 0x800048ee (0x00008c4d) c.or    s0, a1
core   0: 3 0x800048ee (0x8c4d) x 8 0x00000000
core   0: 0x800048f0 (0x00000001) c.nop
core   0: 3 0x800048f0 (0x0001)
core   0: 0x800048f2 (0x00cdef33) or      t5, s11, a2
core   0: 3 0x800048f2 (0x00cdef33) x30 0x00019000
core   0: 0x800048f6 (0x00001e18) c.addi4spn a4, sp, 816
core   0: 3 0x800048f6 (0x1e18) x14 0x08000af8
core   0: 0x800048f8 (0x0000689d) c.lui   a7, 0x7
core   0: 3 0x800048f8 (0x689d) x17 0x00007000
core   0: 0x800048fa (0x03debdb3) mulhu   s11, t4, t4
core   0: 3 0x800048fa (0x03debdb3) x27 0x00000000
core   0: 0x800048fe (0x00008f75) c.and   a4, a3
core   0: 3 0x800048fe (0x8f75) x14 0x00000098
core   0: 0x80004900 (0x015cdc93) srli    s9, s9, 21
core   0: 3 0x80004900 (0x015cdc93) x25 0x00000000
core   0: 0x80004904 (0x01ecda93) srli    s5, s9, 30
core   0: 3 0x80004904 (0x01ecda93) x21 0x00000000
core   0: 0x80004908 (0x02be52b3) divu    t0, t3, a1
core   0: 3 0x80004908 (0x02be52b3) x 5 0xffffffff
core   0: 0x8000490c (0x02776033) rem     zero, a4, t2
core   0: 3 0x8000490c (0x02776033)
core   0: 0x80004910 (0x011ee0b3) or      ra, t4, a7
core   0: 3 0x80004910 (0x011ee0b3) x 1 0x00007000
core   0: 0x80004914 (0x01021233) sll     tp, tp, a6
core   0: 3 0x80004914 (0x01021233) x 4 0xfffffe00
core   0: 0x80004918 (0x000006fe) c.slli  a3, 31
core   0: 3 0x80004918 (0x06fe) x13 0x80000000
core   0: 0x8000491a (0x03a20433) mul     s0, tp, s10
core   0: 3 0x8000491a (0x03a20433) x 8 0xfdb87a00
core   0: 0x8000491e (0x0000717d) c.addi16sp sp, -16
core   0: 3 0x8000491e (0x717d) x 2 0x080007b8
core   0: 0x80004920 (0x034dcf33) div     t5, s11, s4
core   0: 3 0x80004920 (0x034dcf33) x30 0x00000000
core   0: 0x80004924 (0x02094fb3) div     t6, s2, zero
core   0: 3 0x80004924 (0x02094fb3) x31 0xffffffff
core   0: 0x80004928 (0x0000051e) c.slli  a0, 7
core   0: 3 0x80004928 (0x051e) x10 0x00000000
core   0: 0x8000492a (0x00004eb1) c.li    t4, 12
core   0: 3 0x8000492a (0x4eb1) x29 0x0000000c
core   0: 0x8000492c (0x23cd8093) addi    ra, s11, 572
core   0: 3 0x8000492c (0x23cd8093) x 1 0x0000023c
core   0: 0x80004930 (0x0230e2b3) rem     t0, ra, gp
core   0: 3 0x80004930 (0x0230e2b3) x 5 0x00000014
core   0: 0x80004934 (0x00006509) c.lui   a0, 0x2
core   0: 3 0x80004934 (0x6509) x10 0x00002000
core   0: 0x80004936 (0x00000e9c) c.addi4spn a5, sp, 848
core   0: 3 0x80004936 (0x0e9c) x15 0x08000b08
core   0: 0x80004938 (0x017222b3) slt     t0, tp, s7
core   0: 3 0x80004938 (0x017222b3) x 5 0x00000001
core   0: 0x8000493c (0x410edd33) sra     s10, t4, a6
core   0: 3 0x8000493c (0x410edd33) x26 0x00000000
core   0: 0x80004940 (0x00000001) c.nop
core   0: 3 0x80004940 (0x0001)
core   0: 0x80004942 (0x000007f6) c.slli  a5, 29
core   0: 3 0x80004942 (0x07f6) x15 0x00000000
core   0: 0x80004944 (0xd12b0e13) addi    t3, s6, -750
core   0: 3 0x80004944 (0xd12b0e13) x28 0x000004f5
core   0: 0x80004948 (0x01046233) or      tp, s0, a6
core   0: 3 0x80004948 (0x01046233) x 4 0xfdb87a09
core   0: 0x8000494c (0x00709c33) sll     s8, ra, t2
core   0: 3 0x8000494c (0x00709c33) x24 0x000023c0
core   0: 0x80004950 (0x00256733) or      a4, a0, sp
core   0: 3 0x80004950 (0x00256733) x14 0x080027b8
core   0: 0x80004954 (0x0117a2b3) slt     t0, a5, a7
core   0: 3 0x80004954 (0x0117a2b3) x 5 0x00000001
core   0: 0x80004958 (0x0000029a) c.slli  t0, 6
core   0: 3 0x80004958 (0x029a) x 5 0x00000040
core   0: 0x8000495a (0x00008799) c.srai  a5, 6
core   0: 3 0x8000495a (0x8799) x15 0x00000000
core   0: 0x8000495c (0x4b692293) slti    t0, s2, 1206
core   0: 3 0x8000495c (0x4b692293) x 5 0x00000001
core   0: 0x80004960 (0x015b1333) sll     t1, s6, s5
core   0: 3 0x80004960 (0x015b1333) x 6 0x000007e3
core   0: 0x80004964 (0x00000c0c) c.addi4spn a1, sp, 528
core   0: 3 0x80004964 (0x0c0c) x11 0x080009c8
core   0: 0x80004966 (0x00009e06) c.add   t3, ra
core   0: 3 0x80004966 (0x9e06) x28 0x00000731
core   0: 0x80004968 (0x035686b3) mul     a3, a3, s5
core   0: 3 0x80004968 (0x035686b3) x13 0x00000000
core   0: 0x8000496c (0xd65c2413) slti    s0, s8, -667
core   0: 3 0x8000496c (0xd65c2413) x 8 0x00000000
core   0: 0x80004970 (0x03cc4533) div     a0, s8, t3
core   0: 3 0x80004970 (0x03cc4533) x10 0x00000004
core   0: 0x80004974 (0x40b20897) auipc   a7, 0x40b20
core   0: 3 0x80004974 (0x40b20897) x17 0xc0b24974
core   0: 0x80004978 (0x5a160013) addi    zero, a2, 1441
core   0: 3 0x80004978 (0x5a160013)
core   0: 0x8000497c (0x000086ed) c.srai  a3, 27
core   0: 3 0x8000497c (0x86ed) x13 0x00000000
core   0: 0x8000497e (0x01c01033) sll     zero, zero, t3
core   0: 3 0x8000497e (0x01c01033)
core   0: 0x80004982 (0x00000f61) c.addi  t5, 24
core   0: 3 0x80004982 (0x0f61) x30 0x00000018
core   0: 0x80004984 (0x00824233) xor     tp, tp, s0
core   0: 3 0x80004984 (0x00824233) x 4 0xfdb87a09
core   0: 0x80004988 (0x007bd5b3) srl     a1, s7, t2
core   0: 3 0x80004988 (0x007bd5b3) x11 0x0fffffff
core   0: 0x8000498c (0x0ab97093) andi    ra, s2, 171
core   0: 3 0x8000498c (0x0ab97093) x 1 0x0000008b
core   0: 0x80004990 (0x00165513) srli    a0, a2, 1
core   0: 3 0x80004990 (0x00165513) x10 0x00000000
core   0: 0x80004994 (0x036191b3) mulh    gp, gp, s6
core   0: 3 0x80004994 (0x036191b3) x 3 0x00000000
core   0: 0x80004998 (0xdf997413) andi    s0, s2, -519
core   0: 3 0x80004998 (0xdf997413) x 8 0xfffffcc9
core   0: 0x8000499c (0x7d4c8513) addi    a0, s9, 2004
core   0: 3 0x8000499c (0x7d4c8513) x10 0x000007d4
core   0: 0x800049a0 (0x02231a33) mulh    s4, t1, sp
core   0: 3 0x800049a0 (0x02231a33) x20 0x0000003f
core   0: 0x800049a4 (0x0000068a) c.slli  a3, 2
core   0: 3 0x800049a4 (0x068a) x13 0x00000000
core   0: 0x800049a6 (0x02cb08b3) mul     a7, s6, a2
core   0: 3 0x800049a6 (0x02cb08b3) x17 0x00000000
core   0: 0x800049aa (0x60752013) slti    zero, a0, 1543
core   0: 3 0x800049aa (0x60752013)
core   0: 0x800049ae (0x008d5d13) srli    s10, s10, 8
core   0: 3 0x800049ae (0x008d5d13) x26 0x00000000
core   0: 0x800049b2 (0x0049f1b3) and     gp, s3, tp
core   0: 3 0x800049b2 (0x0049f1b3) x 3 0x80006a00
core   0: 0x800049b6 (0x00008729) c.srai  a4, 10
core   0: 3 0x800049b6 (0x8729) x14 0x00020009
core   0: 0x800049b8 (0x00008cd1) c.or    s1, a2
core   0: 3 0x800049b8 (0x8cd1) x 9 0x00000003
core   0: 0x800049ba (0x00dabb33) sltu    s6, s5, a3
core   0: 3 0x800049ba (0x00dabb33) x22 0x00000000
core   0: 0x800049be (0x41c50733) sub     a4, a0, t3
core   0: 3 0x800049be (0x41c50733) x14 0x000000a3
core   0: 0x800049c2 (0x031b70b3) remu    ra, s6, a7
core   0: 3 0x800049c2 (0x031b70b3) x 1 0x00000000
core   0: 0x800049c6 (0xdea3bd93) sltiu   s11, t2, -534
core   0: 3 0x800049c6 (0xdea3bd93) x27 0x00000001
core   0: 0x800049ca (0x00a79e33) sll     t3, a5, a0
core   0: 3 0x800049ca (0x00a79e33) x28 0x00000000
core   0: 0x800049ce (0x02a8db33) divu    s6, a7, a0
core   0: 3 0x800049ce (0x02a8db33) x22 0x00000000
core   0: 0x800049d2 (0x92ba8d93) addi    s11, s5, -1749
core   0: 3 0x800049d2 (0x92ba8d93) x27 0xfffff92b
core   0: 0x800049d6 (0x037e0a33) mul     s4, t3, s7
core   0: 3 0x800049d6 (0x037e0a33) x20 0x00000000
core   0: 0x800049da (0x0000058c) c.addi4spn a1, sp, 704
core   0: 3 0x800049da (0x058c) x11 0x08000a78
core   0: 0x800049dc (0x00004ad9) c.li    s5, 22
core   0: 3 0x800049dc (0x4ad9) x21 0x00000016
core   0: 0x800049de (0xf6423f93) sltiu   t6, tp, -156
core   0: 3 0x800049de (0xf6423f93) x31 0x00000001
core   0: 0x800049e2 (0x00275e33) srl     t3, a4, sp
core   0: 3 0x800049e2 (0x00275e33) x28 0x00000000
core   0: 0x800049e6 (0x87433f93) sltiu   t6, t1, -1932
core   0: 3 0x800049e6 (0x87433f93) x31 0x00000001
core   0: 0x800049ea (0x026bb133) mulhu   sp, s7, t1
core   0: 3 0x800049ea (0x026bb133) x 2 0x000007e2
core   0: 0x800049ee (0x023afdb3) remu    s11, s5, gp
core   0: 3 0x800049ee (0x023afdb3) x27 0x00000016
core   0: 0x800049f2 (0x01144c33) xor     s8, s0, a7
core   0: 3 0x800049f2 (0x01144c33) x24 0xfffffcc9
core   0: 0x800049f6 (0x5d997f13) andi    t5, s2, 1497
core   0: 3 0x800049f6 (0x5d997f13) x30 0x000004c9
core   0: 0x800049fa (0x00008f1d) c.sub   a4, a5
core   0: 3 0x800049fa (0x8f1d) x14 0x000000a3
core   0: 0x800049fc (0xc5aa1137) lui     sp, 0xc5aa1
core   0: 3 0x800049fc (0xc5aa1137) x 2 0xc5aa1000
core   0: 0x80004a00 (0x4ba10113) addi    sp, sp, 1210
core   0: 3 0x80004a00 (0x4ba10113) x 2 0xc5aa14ba
core   0: 0x80004a04 (0xfff00913) li      s2, -1
core   0: 3 0x80004a04 (0xfff00913) x18 0xffffffff
core   0: 0x80004a08 (0xfff00d93) li      s11, -1
core   0: 3 0x80004a08 (0xfff00d93) x27 0xffffffff
core   0: 0x80004a0c (0x800004b7) lui     s1, 0x80000
core   0: 3 0x80004a0c (0x800004b7) x 9 0x80000000
core   0: 0x80004a10 (0x00004501) c.li    a0, 0
core   0: 3 0x80004a10 (0x4501) x10 0x00000000
core   0: 0x80004a12 (0x80000237) lui     tp, 0x80000
core   0: 3 0x80004a12 (0x80000237) x 4 0x80000000
core   0: 0x80004a16 (0x00004701) c.li    a4, 0
core   0: 3 0x80004a16 (0x4701) x14 0x00000000
core   0: 0x80004a18 (0x80000a37) lui     s4, 0x80000
core   0: 3 0x80004a18 (0x80000a37) x20 0x80000000
core   0: 0x80004a1c (0x80000437) lui     s0, 0x80000
core   0: 3 0x80004a1c (0x80000437) x 8 0x80000000
core   0: 0x80004a20 (0x00004281) c.li    t0, 0
core   0: 3 0x80004a20 (0x4281) x 5 0x00000000
core   0: 0x80004a22 (0x04926a17) auipc   s4, 0x4926
core   0: 3 0x80004a22 (0x04926a17) x20 0x8492aa22
core   0: 0x80004a26 (0x02826a33) rem     s4, tp, s0
core   0: 3 0x80004a26 (0x02826a33) x20 0x00000000
core   0: 0x80004a2a (0x8ad28493) addi    s1, t0, -1875
core   0: 3 0x80004a2a (0x8ad28493) x 9 0xfffff8ad
core   0: 0x80004a2e (0x02a71933) mulh    s2, a4, a0
core   0: 3 0x80004a2e (0x02a71933) x18 0x00000000
core   0: 0x80004a32 (0x03b52733) mulhsu  a4, a0, s11
core   0: 3 0x80004a32 (0x03b52733) x14 0x00000000
core   0: 0x80004a36 (0x028944b3) div     s1, s2, s0
core   0: 3 0x80004a36 (0x028944b3) x 9 0x00000000
core   0: 0x80004a3a (0x03b722b3) mulhsu  t0, a4, s11
core   0: 3 0x80004a3a (0x03b722b3) x 5 0x00000000
core   0: 0x80004a3e (0x028d92b3) mulh    t0, s11, s0
core   0: 3 0x80004a3e (0x028d92b3) x 5 0x00000000
core   0: 0x80004a42 (0x028914b3) mulh    s1, s2, s0
core   0: 3 0x80004a42 (0x028914b3) x 9 0x00000000
core   0: 0x80004a46 (0x0254fdb3) remu    s11, s1, t0
core   0: 3 0x80004a46 (0x0254fdb3) x27 0x00000000
core   0: 0x80004a4a (0x005504b3) add     s1, a0, t0
core   0: 3 0x80004a4a (0x005504b3) x 9 0x00000000
core   0: 0x80004a4e (0x00000001) c.nop
core   0: 3 0x80004a4e (0x0001)
core   0: 0x80004a50 (0x024512b3) mulh    t0, a0, tp
core   0: 3 0x80004a50 (0x024512b3) x 5 0x00000000
core   0: 0x80004a54 (0x02290233) mul     tp, s2, sp
core   0: 3 0x80004a54 (0x02290233) x 4 0x00000000
core   0: 0x80004a58 (0x029522b3) mulhsu  t0, a0, s1
core   0: 3 0x80004a58 (0x029522b3) x 5 0x00000000
core   0: 0x80004a5c (0x00000001) c.nop
core   0: 3 0x80004a5c (0x0001)
core   0: 0x80004a5e (0x402a0a33) sub     s4, s4, sp
core   0: 3 0x80004a5e (0x402a0a33) x20 0x3a55eb46
core   0: 0x80004a62 (0x4aad8293) addi    t0, s11, 1194
core   0: 3 0x80004a62 (0x4aad8293) x 5 0x000004aa
core   0: 0x80004a66 (0x00e40233) add     tp, s0, a4
core   0: 3 0x80004a66 (0x00e40233) x 4 0x80000000
core   0: 0x80004a6a (0x02475433) divu    s0, a4, tp
core   0: 3 0x80004a6a (0x02475433) x 8 0x00000000
core   0: 0x80004a6e (0xb3b70113) addi    sp, a4, -1221
core   0: 3 0x80004a6e (0xb3b70113) x 2 0xfffffb3b
core   0: 0x80004a72 (0x02241433) mulh    s0, s0, sp
core   0: 3 0x80004a72 (0x02241433) x 8 0x00000000
core   0: 0x80004a76 (0x02813933) mulhu   s2, sp, s0
core   0: 3 0x80004a76 (0x02813933) x18 0x00000000
core   0: 0x80004a7a (0xf93a0493) addi    s1, s4, -109
core   0: 3 0x80004a7a (0xf93a0493) x 9 0x3a55ead9
core   0: 0x80004a7e (0x40a70db3) sub     s11, a4, a0
core   0: 3 0x80004a7e (0x40a70db3) x27 0x00000000
core   0: 0x80004a82 (0x02849433) mulh    s0, s1, s0
core   0: 3 0x80004a82 (0x02849433) x 8 0x00000000
core   0: 0x80004a86 (0x00008495) c.srai  s1, 5
core   0: 3 0x80004a86 (0x8495) x 9 0x01d2af56
core   0: 0x80004a88 (0x01187eb3) and     t4, a6, a7
core   0: 3 0x80004a88 (0x01187eb3) x29 0x00000000
core   0: 0x80004a8c (0x02fdbab3) mulhu   s5, s11, a5
core   0: 3 0x80004a8c (0x02fdbab3) x21 0x00000000
core   0: 0x80004a90 (0x021148b3) div     a7, sp, ra
core   0: 3 0x80004a90 (0x021148b3) x17 0xffffffff
core   0: 0x80004a94 (0x00000362) c.slli  t1, 24
core   0: 3 0x80004a94 (0x0362) x 6 0xe3000000
core   0: 0x80004a96 (0x00008d75) c.and   a0, a3
core   0: 3 0x80004a96 (0x8d75) x10 0x00000000
core   0: 0x80004a98 (0x41f302b3) sub     t0, t1, t6
core   0: 3 0x80004a98 (0x41f302b3) x 5 0xe2ffffff
core   0: 0x80004a9c (0x28eaac13) slti    s8, s5, 654
core   0: 3 0x80004a9c (0x28eaac13) x24 0x00000001
core   0: 0x80004aa0 (0x00acbdb3) sltu    s11, s9, a0
core   0: 3 0x80004aa0 (0x00acbdb3) x27 0x00000000
core   0: 0x80004aa4 (0x0197b433) sltu    s0, a5, s9
core   0: 3 0x80004aa4 (0x0197b433) x 8 0x00000000
core   0: 0x80004aa8 (0x00000f14) c.addi4spn a3, sp, 912
core   0: 3 0x80004aa8 (0x0f14) x13 0xfffffecb
core   0: 0x80004aaa (0x00000001) c.nop
core   0: 3 0x80004aaa (0x0001)
core   0: 0x80004aac (0x000086a6) c.mv    a3, s1
core   0: 3 0x80004aac (0x86a6) x13 0x01d2af56
core   0: 0x80004aae (0x00008692) c.mv    a3, tp
core   0: 3 0x80004aae (0x8692) x13 0x80000000
core   0: 0x80004ab0 (0x00008ebd) c.xor   a3, a5
core   0: 3 0x80004ab0 (0x8ebd) x13 0x80000000
core   0: 0x80004ab2 (0x0333c333) div     t1, t2, s3
core   0: 3 0x80004ab2 (0x0333c333) x 6 0x00000000
core   0: 0x80004ab6 (0x00f82933) slt     s2, a6, a5
core   0: 3 0x80004ab6 (0x00f82933) x18 0x00000000
core   0: 0x80004aba (0x34118793) addi    a5, gp, 833
core   0: 3 0x80004aba (0x34118793) x15 0x80006d41
core   0: 0x80004abe (0x00009722) c.add   a4, s0
core   0: 3 0x80004abe (0x9722) x14 0x00000000
core   0: 0x80004ac0 (0x02c26733) rem     a4, tp, a2
core   0: 3 0x80004ac0 (0x02c26733) x14 0x80000000
core   0: 0x80004ac4 (0x00cbdab3) srl     s5, s7, a2
core   0: 3 0x80004ac4 (0x00cbdab3) x21 0xffffffff
core   0: 0x80004ac8 (0x12b43837) lui     a6, 0x12b43
core   0: 3 0x80004ac8 (0x12b43837) x16 0x12b43000
core   0: 0x80004acc (0x41ce5433) sra     s0, t3, t3
core   0: 3 0x80004acc (0x41ce5433) x 8 0x00000000
core   0: 0x80004ad0 (0x00009176) c.add   sp, t4
core   0: 3 0x80004ad0 (0x9176) x 2 0xfffffb3b
core   0: 0x80004ad2 (0x000088e2) c.mv    a7, s8
core   0: 3 0x80004ad2 (0x88e2) x17 0x00000001
core   0: 0x80004ad4 (0x00000001) c.nop
core   0: 3 0x80004ad4 (0x0001)
core   0: 0x80004ad6 (0x01ccc2b3) xor     t0, s9, t3
core   0: 3 0x80004ad6 (0x01ccc2b3) x 5 0x00000000
core   0: 0x80004ada (0x0156c833) xor     a6, a3, s5
core   0: 3 0x80004ada (0x0156c833) x16 0x7fffffff
core   0: 0x80004ade (0x1a7f7f93) andi    t6, t5, 423
core   0: 3 0x80004ade (0x1a7f7f93) x31 0x00000081
core   0: 0x80004ae2 (0x000087c9) c.srai  a5, 18
core   0: 3 0x80004ae2 (0x87c9) x15 0xffffe000
core   0: 0x80004ae4 (0x00c9acb3) slt     s9, s3, a2
core   0: 3 0x80004ae4 (0x00c9acb3) x25 0x00000001
core   0: 0x80004ae8 (0x0000880d) c.andi  s0, 3
core   0: 3 0x80004ae8 (0x880d) x 8 0x00000000
core   0: 0x80004aea (0x86d64213) xori    tp, a2, -1939
core   0: 3 0x80004aea (0x86d64213) x 4 0xfffff86d
core   0: 0x80004aee (0x03d7ed33) rem     s10, a5, t4
core   0: 3 0x80004aee (0x03d7ed33) x26 0xffffe000
core   0: 0x80004af2 (0x00185b13) srli    s6, a6, 1
core   0: 3 0x80004af2 (0x00185b13) x22 0x3fffffff
core   0: 0x80004af6 (0x00006ebd) c.lui   t4, 0xf
core   0: 3 0x80004af6 (0x6ebd) x29 0x0000f000
core   0: 0x80004af8 (0xb1f6c913) xori    s2, a3, -1249
core   0: 3 0x80004af8 (0xb1f6c913) x18 0x7ffffb1f
core   0: 0x80004afc (0x007b5893) srli    a7, s6, 7
core   0: 3 0x80004afc (0x007b5893) x17 0x007fffff
core   0: 0x80004b00 (0x00000001) c.nop
core   0: 3 0x80004b00 (0x0001)
core   0: 0x80004b02 (0xc8ae8113) addi    sp, t4, -886
core   0: 3 0x80004b02 (0xc8ae8113) x 2 0x0000ec8a
core   0: 0x80004b06 (0x56ffaab7) lui     s5, 0x56ffa
core   0: 3 0x80004b06 (0x56ffaab7) x21 0x56ffa000
core   0: 0x80004b0a (0xbf183213) sltiu   tp, a6, -1039
core   0: 3 0x80004b0a (0xbf183213) x 4 0x00000001
core   0: 0x80004b0e (0x01c252b3) srl     t0, tp, t3
core   0: 3 0x80004b0e (0x01c252b3) x 5 0x00000001
core   0: 0x80004b12 (0xd026a013) slti    zero, a3, -766
core   0: 3 0x80004b12 (0xd026a013)
core   0: 0x80004b16 (0x019bf033) and     zero, s7, s9
core   0: 3 0x80004b16 (0x019bf033)
core   0: 0x80004b1a (0x0000079c) c.addi4spn a5, sp, 960
core   0: 3 0x80004b1a (0x079c) x15 0x0000f04a
core   0: 0x80004b1c (0x00008531) c.srai  a0, 12
core   0: 3 0x80004b1c (0x8531) x10 0x00000000
core   0: 0x80004b1e (0x00009cc2) c.add   s9, a6
core   0: 3 0x80004b1e (0x9cc2) x25 0x80000000
core   0: 0x80004b20 (0x0000717d) c.addi16sp sp, -16
core   0: 3 0x80004b20 (0x717d) x 2 0x0000ec7a
core   0: 0x80004b22 (0x00008a16) c.mv    s4, t0
core   0: 3 0x80004b22 (0x8a16) x20 0x00000001
core   0: 0x80004b24 (0x00156433) or      s0, a0, ra
core   0: 3 0x80004b24 (0x00156433) x 8 0x00000000
core   0: 0x80004b28 (0x01647933) and     s2, s0, s6
core   0: 3 0x80004b28 (0x01647933) x18 0x00000000
core   0: 0x80004b2c (0x0327a533) mulhsu  a0, a5, s2
core   0: 3 0x80004b2c (0x0327a533) x10 0x00000000
core   0: 0x80004b30 (0x00004a81) c.li    s5, 0
core   0: 3 0x80004b30 (0x4a81) x21 0x00000000
core   0: 0x80004b32 (0xd4dabb37) lui     s6, 0xd4dab
core   0: 3 0x80004b32 (0xd4dabb37) x22 0xd4dab000
core   0: 0x80004b36 (0xbe0b0b13) addi    s6, s6, -1056
core   0: 3 0x80004b36 (0xbe0b0b13) x22 0xd4daabe0
core   0: 0x80004b3a (0xd9c890b7) lui     ra, 0xd9c89
core   0: 3 0x80004b3a (0xd9c890b7) x 1 0xd9c89000
core   0: 0x80004b3e (0xc5d08093) addi    ra, ra, -931
core   0: 3 0x80004b3e (0xc5d08093) x 1 0xd9c88c5d
core   0: 0x80004b42 (0xfff00713) li      a4, -1
core   0: 3 0x80004b42 (0xfff00713) x14 0xffffffff
core   0: 0x80004b46 (0xfff00e93) li      t4, -1
core   0: 3 0x80004b46 (0xfff00e93) x29 0xffffffff
core   0: 0x80004b4a (0x00004e01) c.li    t3, 0
core   0: 3 0x80004b4a (0x4e01) x28 0x00000000
core   0: 0x80004b4c (0x95c9cfb7) lui     t6, 0x95c9c
core   0: 3 0x80004b4c (0x95c9cfb7) x31 0x95c9c000
core   0: 0x80004b50 (0x7d3f8f93) addi    t6, t6, 2003
core   0: 3 0x80004b50 (0x7d3f8f93) x31 0x95c9c7d3
core   0: 0x80004b54 (0x708b6337) lui     t1, 0x708b6
core   0: 3 0x80004b54 (0x708b6337) x 6 0x708b6000
core   0: 0x80004b58 (0x0b630313) addi    t1, t1, 182
core   0: 3 0x80004b58 (0x0b630313) x 6 0x708b60b6
core   0: 0x80004b5c (0x80000937) lui     s2, 0x80000
core   0: 3 0x80004b5c (0x80000937) x18 0x80000000
core   0: 0x80004b60 (0xfff00293) li      t0, -1
core   0: 3 0x80004b60 (0xfff00293) x 5 0xffffffff
core   0: 0x80004b64 (0x02efeeb3) rem     t4, t6, a4
core   0: 3 0x80004b64 (0x02efeeb3) x29 0x00000000
core   0: 0x80004b68 (0x02171333) mulh    t1, a4, ra
core   0: 3 0x80004b68 (0x02171333) x 6 0x00000000
core   0: 0x80004b6c (0x01df8733) add     a4, t6, t4
core   0: 3 0x80004b6c (0x01df8733) x14 0x95c9c7d3
core   0: 0x80004b70 (0x03675e33) divu    t3, a4, s6
core   0: 3 0x80004b70 (0x03675e33) x28 0x00000000
core   0: 0x80004b74 (0x036092b3) mulh    t0, ra, s6
core   0: 3 0x80004b74 (0x036092b3) x 5 0x0670e2ff
core   0: 0x80004b78 (0x00000001) c.nop
core   0: 3 0x80004b78 (0x0001)
core   0: 0x80004b7a (0x03d722b3) mulhsu  t0, a4, t4
core   0: 3 0x80004b7a (0x03d722b3) x 5 0x00000000
core   0: 0x80004b7e (0x00000001) c.nop
core   0: 3 0x80004b7e (0x0001)
core   0: 0x80004b80 (0x0260a0b3) mulhsu  ra, ra, t1
core   0: 3 0x80004b80 (0x0260a0b3) x 1 0x00000000
core   0: 0x80004b84 (0xa5530713) addi    a4, t1, -1451
core   0: 3 0x80004b84 (0xa5530713) x14 0xfffffa55
core   0: 0x80004b88 (0x12bf4717) auipc   a4, 0x12bf4
core   0: 3 0x80004b88 (0x12bf4717) x14 0x92bf8b88
core   0: 0x80004b8c (0x03fff733) remu    a4, t6, t6
core   0: 3 0x80004b8c (0x03fff733) x14 0x00000000
core   0: 0x80004b90 (0x036fbfb3) mulhu   t6, t6, s6
core   0: 3 0x80004b90 (0x036fbfb3) x31 0x7c8b0bdf
core   0: 0x80004b94 (0x02e0d333) divu    t1, ra, a4
core   0: 3 0x80004b94 (0x02e0d333) x 6 0xffffffff
core   0: 0x80004b98 (0x03de30b3) mulhu   ra, t3, t4
core   0: 3 0x80004b98 (0x03de30b3) x 1 0x00000000
core   0: 0x80004b9c (0x03297733) remu    a4, s2, s2
core   0: 3 0x80004b9c (0x03297733) x14 0x00000000
core   0: 0x80004ba0 (0x0247e233) rem     tp, a5, tp
core   0: 3 0x80004ba0 (0x0247e233) x 4 0x00000000
core   0: 0x80004ba4 (0x0000837d) c.srli  a4, 31
core   0: 3 0x80004ba4 (0x837d) x14 0x00000000
core   0: 0x80004ba6 (0x1beb0913) addi    s2, s6, 446
core   0: 3 0x80004ba6 (0x1beb0913) x18 0xd4daad9e
core   0: 0x80004baa (0x00006fed) c.lui   t6, 0x1b
core   0: 3 0x80004baa (0x6fed) x31 0x0001b000
core   0: 0x80004bac (0xe059e793) ori     a5, s3, -507
core   0: 3 0x80004bac (0xe059e793) x15 0xfffffe65
core   0: 0x80004bb0 (0x41895b93) srai    s7, s2, 24
core   0: 3 0x80004bb0 (0x41895b93) x23 0xffffffd4
core   0: 0x80004bb4 (0x00008c41) c.or    s0, s0
core   0: 3 0x80004bb4 (0x8c41) x 8 0x00000000
core   0: 0x80004bb6 (0x41b6df93) srai    t6, a3, 27
core   0: 3 0x80004bb6 (0x41b6df93) x31 0xfffffff0
core   0: 0x80004bba (0xd5df6593) ori     a1, t5, -675
core   0: 3 0x80004bba (0xd5df6593) x11 0xfffffddd
core   0: 0x80004bbe (0x00000001) c.nop
core   0: 3 0x80004bbe (0x0001)
core   0: 0x80004bc0 (0x008707b3) add     a5, a4, s0
core   0: 3 0x80004bc0 (0x008707b3) x15 0x00000000
core   0: 0x80004bc4 (0x03c84bb3) div     s7, a6, t3
core   0: 3 0x80004bc4 (0x03c84bb3) x23 0xffffffff
core   0: 0x80004bc8 (0x03592f33) mulhsu  t5, s2, s5
core   0: 3 0x80004bc8 (0x03592f33) x30 0x00000000
core   0: 0x80004bcc (0x02653d33) mulhu   s10, a0, t1
core   0: 3 0x80004bcc (0x02653d33) x26 0x00000000
core   0: 0x80004bd0 (0x000082ed) c.srli  a3, 27
core   0: 3 0x80004bd0 (0x82ed) x13 0x00000010
core   0: 0x80004bd2 (0x40fb0133) sub     sp, s6, a5
core   0: 3 0x80004bd2 (0x40fb0133) x 2 0xd4daabe0
core   0: 0x80004bd6 (0x013086b3) add     a3, ra, s3
core   0: 3 0x80004bd6 (0x013086b3) x13 0x8000ee64
core   0: 0x80004bda (0x02439533) mulh    a0, t2, tp
core   0: 3 0x80004bda (0x02439533) x10 0x00000000
core   0: 0x80004bde (0x02adadb3) mulhsu  s11, s11, a0
core   0: 3 0x80004bde (0x02adadb3) x27 0x00000000
core   0: 0x80004be2 (0x022656b3) divu    a3, a2, sp
core   0: 3 0x80004be2 (0x022656b3) x13 0x00000000
core   0: 0x80004be6 (0x8d766a13) ori     s4, a2, -1833
core   0: 3 0x80004be6 (0x8d766a13) x20 0xfffff8d7
core   0: 0x80004bea (0x418ad113) srai    sp, s5, 24
core   0: 3 0x80004bea (0x418ad113) x 2 0x00000000
core   0: 0x80004bee (0x00008d21) c.xor   a0, s0
core   0: 3 0x80004bee (0x8d21) x10 0x00000000
core   0: 0x80004bf0 (0x00000bce) c.slli  s7, 19
core   0: 3 0x80004bf0 (0x0bce) x23 0xfff80000
core   0: 0x80004bf2 (0x03e4d533) divu    a0, s1, t5
core   0: 3 0x80004bf2 (0x03e4d533) x10 0xffffffff
core   0: 0x80004bf6 (0xa8d1eeb7) lui     t4, 0xa8d1e
core   0: 3 0x80004bf6 (0xa8d1eeb7) x29 0xa8d1e000
core   0: 0x80004bfa (0xd63e8e93) addi    t4, t4, -669
core   0: 3 0x80004bfa (0xd63e8e93) x29 0xa8d1dd63
core   0: 0x80004bfe (0x00004a01) c.li    s4, 0
core   0: 3 0x80004bfe (0x4a01) x20 0x00000000
core   0: 0x80004c00 (0x00004281) c.li    t0, 0
core   0: 3 0x80004c00 (0x4281) x 5 0x00000000
core   0: 0x80004c02 (0x00004a81) c.li    s5, 0
core   0: 3 0x80004c02 (0x4a81) x21 0x00000000
core   0: 0x80004c04 (0x00004c01) c.li    s8, 0
core   0: 3 0x80004c04 (0x4c01) x24 0x00000000
core   0: 0x80004c06 (0x00004181) c.li    gp, 0
core   0: 3 0x80004c06 (0x4181) x 3 0x00000000
core   0: 0x80004c08 (0x00004681) c.li    a3, 0
core   0: 3 0x80004c08 (0x4681) x13 0x00000000
core   0: 0x80004c0a (0xfff00793) li      a5, -1
core   0: 3 0x80004c0a (0xfff00793) x15 0xffffffff
core   0: 0x80004c0e (0xfff00d13) li      s10, -1
core   0: 3 0x80004c0e (0xfff00d13) x26 0xffffffff
core   0: 0x80004c12 (0x00004081) c.li    ra, 0
core   0: 3 0x80004c12 (0x4081) x 1 0x00000000
core   0: 0x80004c14 (0x02fa3d33) mulhu   s10, s4, a5
core   0: 3 0x80004c14 (0x02fa3d33) x26 0x00000000
core   0: 0x80004c18 (0x03ad4eb3) div     t4, s10, s10
core   0: 3 0x80004c18 (0x03ad4eb3) x29 0xffffffff
core   0: 0x80004c1c (0x0381fa33) remu    s4, gp, s8
core   0: 3 0x80004c1c (0x0381fa33) x20 0x00000000
core   0: 0x80004c20 (0x025a70b3) remu    ra, s4, t0
core   0: 3 0x80004c20 (0x025a70b3) x 1 0x00000000
core   0: 0x80004c24 (0x035d27b3) mulhsu  a5, s10, s5
core   0: 3 0x80004c24 (0x035d27b3) x15 0x00000000
core   0: 0x80004c28 (0xb1918093) addi    ra, gp, -1255
core   0: 3 0x80004c28 (0xb1918093) x 1 0xfffffb19
core   0: 0x80004c2c (0x02da17b3) mulh    a5, s4, a3
core   0: 3 0x80004c2c (0x02da17b3) x15 0x00000000
core   0: 0x80004c30 (0xff590e97) auipc   t4, 0xff590
core   0: 3 0x80004c30 (0xff590e97) x29 0x7f594c30
core   0: 0x80004c34 (0x00000001) c.nop
core   0: 3 0x80004c34 (0x0001)
core   0: 0x80004c36 (0x021a57b3) divu    a5, s4, ra
core   0: 3 0x80004c36 (0x021a57b3) x15 0x00000000
core   0: 0x80004c3a (0x415c07b3) sub     a5, s8, s5
core   0: 3 0x80004c3a (0x415c07b3) x15 0x00000000
core   0: 0x80004c3e (0x03a1aa33) mulhsu  s4, gp, s10
core   0: 3 0x80004c3e (0x03a1aa33) x20 0x00000000
core   0: 0x80004c42 (0x03a297b3) mulh    a5, t0, s10
core   0: 3 0x80004c42 (0x03a297b3) x15 0x00000000
core   0: 0x80004c46 (0x02dd00b3) mul     ra, s10, a3
core   0: 3 0x80004c46 (0x02dd00b3) x 1 0x00000000
core   0: 0x80004c4a (0x02329c33) mulh    s8, t0, gp
core   0: 3 0x80004c4a (0x02329c33) x24 0x00000000
core   0: 0x80004c4e (0x1b3bb1b7) lui     gp, 0x1b3bb
core   0: 3 0x80004c4e (0x1b3bb1b7) x 3 0x1b3bb000
core   0: 0x80004c52 (0x0350ad33) mulhsu  s10, ra, s5
core   0: 3 0x80004c52 (0x0350ad33) x26 0x00000000
core   0: 0x80004c56 (0x30308093) addi    ra, ra, 771
core   0: 3 0x80004c56 (0x30308093) x 1 0x00000303
core   0: 0x80004c5a (0x0211a6b3) mulhsu  a3, gp, ra
core   0: 3 0x80004c5a (0x0211a6b3) x13 0x00000052
core   0: 0x80004c5e (0x035a3eb3) mulhu   t4, s4, s5
core   0: 3 0x80004c5e (0x035a3eb3) x29 0x00000000
core   0: 0x80004c62 (0x02fa37b3) mulhu   a5, s4, a5
core   0: 3 0x80004c62 (0x02fa37b3) x15 0x00000000
core   0: 0x80004c66 (0xfaf59a17) auipc   s4, 0xfaf59
core   0: 3 0x80004c66 (0xfaf59a17) x20 0x7af5dc66
core   0: 0x80004c6a (0x003786b3) add     a3, a5, gp
core   0: 3 0x80004c6a (0x003786b3) x13 0x1b3bb000
core   0: 0x80004c6e (0x02f2ac33) mulhsu  s8, t0, a5
core   0: 3 0x80004c6e (0x02f2ac33) x24 0x00000000
core   0: 0x80004c72 (0x00009b7d) c.andi  a4, -1
core   0: 3 0x80004c72 (0x9b7d) x14 0x00000000
core   0: 0x80004c74 (0x8c15fd93) andi    s11, a1, -1855
core   0: 3 0x80004c74 (0x8c15fd93) x27 0xfffff8c1
core   0: 0x80004c78 (0x002512b3) sll     t0, a0, sp
core   0: 3 0x80004c78 (0x002512b3) x 5 0xffffffff
core   0: 0x80004c7c (0x02f5b933) mulhu   s2, a1, a5
core   0: 3 0x80004c7c (0x02f5b933) x18 0x00000000
core   0: 0x80004c80 (0x0052d5b3) srl     a1, t0, t0
core   0: 3 0x80004c80 (0x0052d5b3) x11 0x00000001
core   0: 0x80004c84 (0xb183c913) xori    s2, t2, -1256
core   0: 3 0x80004c84 (0xb183c913) x18 0x7ffed7fc
core   0: 0x80004c88 (0x00ca7db3) and     s11, s4, a2
core   0: 3 0x80004c88 (0x00ca7db3) x27 0x00000000
core   0: 0x80004c8c (0x0000717d) c.addi16sp sp, -16
core   0: 3 0x80004c8c (0x717d) x 2 0xfffffff0
core   0: 0x80004c8e (0x01d90a17) auipc   s4, 0x1d90
core   0: 3 0x80004c8e (0x01d90a17) x20 0x81d94c8e
core   0: 0x80004c92 (0x00008d8d) c.sub   a1, a1
core   0: 3 0x80004c92 (0x8d8d) x11 0x00000000
core   0: 0x80004c94 (0x000052fd) c.li    t0, -1
core   0: 3 0x80004c94 (0x52fd) x 5 0xffffffff
core   0: 0x80004c96 (0x013631b3) sltu    gp, a2, s3
core   0: 3 0x80004c96 (0x013631b3) x 3 0x00000001
core   0: 0x80004c9a (0x03292d33) mulhsu  s10, s2, s2
core   0: 3 0x80004c9a (0x03292d33) x26 0x3ffed7fd
core   0: 0x80004c9e (0x41125db3) sra     s11, tp, a7
core   0: 3 0x80004c9e (0x41125db3) x27 0x00000000
core   0: 0x80004ca2 (0x00009b7d) c.andi  a4, -1
core   0: 3 0x80004ca2 (0x9b7d) x14 0x00000000
core   0: 0x80004ca4 (0x0204c333) div     t1, s1, zero
core   0: 3 0x80004ca4 (0x0204c333) x 6 0xffffffff
core   0: 0x80004ca8 (0x00ebf1b3) and     gp, s7, a4
core   0: 3 0x80004ca8 (0x00ebf1b3) x 3 0x00000000
core   0: 0x80004cac (0xa1673e13) sltiu   t3, a4, -1514
core   0: 3 0x80004cac (0xa1673e13) x28 0x00000001
core   0: 0x80004cb0 (0x000085ea) c.mv    a1, s10
core   0: 3 0x80004cb0 (0x85ea) x11 0x3ffed7fd
core   0: 0x80004cb2 (0x00c8bcb3) sltu    s9, a7, a2
core   0: 3 0x80004cb2 (0x00c8bcb3) x25 0x00000000
core   0: 0x80004cb6 (0x009d4ab3) xor     s5, s10, s1
core   0: 3 0x80004cb6 (0x009d4ab3) x21 0x3e2c78ab
core   0: 0x80004cba (0xe4d3fa13) andi    s4, t2, -435
core   0: 3 0x80004cba (0xe4d3fa13) x20 0x80012c44
core   0: 0x80004cbe (0x00137833) and     a6, t1, ra
core   0: 3 0x80004cbe (0x00137833) x16 0x00000303
core   0: 0x80004cc2 (0x00000001) c.nop
core   0: 3 0x80004cc2 (0x0001)
core   0: 0x80004cc4 (0x015e8cb3) add     s9, t4, s5
core   0: 3 0x80004cc4 (0x015e8cb3) x25 0x3e2c78ab
core   0: 0x80004cc8 (0x2aa72697) auipc   a3, 0x2aa72
core   0: 3 0x80004cc8 (0x2aa72697) x13 0xaaa76cc8
core   0: 0x80004ccc (0x0000040e) c.slli  s0, 3
core   0: 3 0x80004ccc (0x040e) x 8 0x00000000
core   0: 0x80004cce (0x00000b04) c.addi4spn s1, sp, 400
core   0: 3 0x80004cce (0x0b04) x 9 0x00000180
core   0: 0x80004cd0 (0x001ef333) and     t1, t4, ra
core   0: 3 0x80004cd0 (0x001ef333) x 6 0x00000000
core   0: 0x80004cd4 (0x00000f22) c.slli  t5, 8
core   0: 3 0x80004cd4 (0x0f22) x30 0x00000000
core   0: 0x80004cd6 (0x00009856) c.add   a6, s5
core   0: 3 0x80004cd6 (0x9856) x16 0x3e2c7bae
core   0: 0x80004cd8 (0x0001b0b3) sltu    ra, gp, zero
core   0: 3 0x80004cd8 (0x0001b0b3) x 1 0x00000000
core   0: 0x80004cdc (0x023f2933) mulhsu  s2, t5, gp
core   0: 3 0x80004cdc (0x023f2933) x18 0x00000000
core   0: 0x80004ce0 (0x0000197d) c.addi  s2, -1
core   0: 3 0x80004ce0 (0x197d) x18 0xffffffff
core   0: 0x80004ce2 (0x0165f8b3) and     a7, a1, s6
core   0: 3 0x80004ce2 (0x0165f8b3) x17 0x14da83e0
core   0: 0x80004ce6 (0x00008d16) c.mv    s10, t0
core   0: 3 0x80004ce6 (0x8d16) x26 0xffffffff
core   0: 0x80004ce8 (0x00008c2d) c.xor   s0, a1
core   0: 3 0x80004ce8 (0x8c2d) x 8 0x3ffed7fd
core   0: 0x80004cea (0x0119eeb3) or      t4, s3, a7
core   0: 3 0x80004cea (0x0119eeb3) x29 0x94daefe4
core   0: 0x80004cee (0xf5922f13) slti    t5, tp, -167
core   0: 3 0x80004cee (0xf5922f13) x30 0x00000000
core   0: 0x80004cf2 (0x018c22b3) slt     t0, s8, s8
core   0: 3 0x80004cf2 (0x018c22b3) x 5 0x00000000
core   0: 0x80004cf6 (0x001ad913) srli    s2, s5, 1
core   0: 3 0x80004cf6 (0x001ad913) x18 0x1f163c55
core   0: 0x80004cfa (0x00a3c1b3) xor     gp, t2, a0
core   0: 3 0x80004cfa (0x00a3c1b3) x 3 0x7ffed31b
core   0: 0x80004cfe (0x03499333) mulh    t1, s3, s4
core   0: 3 0x80004cfe (0x03499333) x 6 0x3ffef2ad
core   0: 0x80004d02 (0x00008752) c.mv    a4, s4
core   0: 3 0x80004d02 (0x8752) x14 0x80012c44
core   0: 0x80004d04 (0x00006f09) c.lui   t5, 0x2
core   0: 3 0x80004d04 (0x6f09) x30 0x00002000
core   0: 0x80004d06 (0x00aee2b3) or      t0, t4, a0
core   0: 3 0x80004d06 (0x00aee2b3) x 5 0xffffffff
core   0: 0x80004d0a (0x00008f59) c.or    a4, a4
core   0: 3 0x80004d0a (0x8f59) x14 0x80012c44
core   0: 0x80004d0c (0x010ce433) or      s0, s9, a6
core   0: 3 0x80004d0c (0x010ce433) x 8 0x3e2c7baf
core   0: 0x80004d10 (0x01007433) and     s0, zero, a6
core   0: 3 0x80004d10 (0x01007433) x 8 0x00000000
core   0: 0x80004d14 (0x41c4d413) srai    s0, s1, 28
core   0: 3 0x80004d14 (0x41c4d413) x 8 0x00000000
core   0: 0x80004d18 (0x017d8d33) add     s10, s11, s7
core   0: 3 0x80004d18 (0x017d8d33) x26 0xfff80000
core   0: 0x80004d1c (0x000044a1) c.li    s1, 8
core   0: 3 0x80004d1c (0x44a1) x 9 0x00000008
core   0: 0x80004d1e (0x40c55913) srai    s2, a0, 12
core   0: 3 0x80004d1e (0x40c55913) x18 0xffffffff
core   0: 0x80004d22 (0x0000527d) c.li    tp, -1
core   0: 3 0x80004d22 (0x527d) x 4 0xffffffff
core   0: 0x80004d24 (0xb841af93) slti    t6, gp, -1148
core   0: 3 0x80004d24 (0xb841af93) x31 0x00000000
core   0: 0x80004d28 (0xfc28ab13) slti    s6, a7, -62
core   0: 3 0x80004d28 (0xfc28ab13) x22 0x00000000
core   0: 0x80004d2c (0x25573813) sltiu   a6, a4, 597
core   0: 3 0x80004d2c (0x25573813) x16 0x00000000
core   0: 0x80004d30 (0x00000001) c.nop
core   0: 3 0x80004d30 (0x0001)
core   0: 0x80004d32 (0x41c55933) sra     s2, a0, t3
core   0: 3 0x80004d32 (0x41c55933) x18 0xffffffff
core   0: 0x80004d36 (0x011eff33) and     t5, t4, a7
core   0: 3 0x80004d36 (0x011eff33) x30 0x14da83e0
core   0: 0x80004d3a (0x012cd733) srl     a4, s9, s2
core   0: 3 0x80004d3a (0x012cd733) x14 0x00000000
core   0: 0x80004d3e (0x01e0bd33) sltu    s10, ra, t5
core   0: 3 0x80004d3e (0x01e0bd33) x26 0x00000001
core   0: 0x80004d42 (0x02975833) divu    a6, a4, s1
core   0: 3 0x80004d42 (0x02975833) x16 0x00000000
core   0: 0x80004d46 (0x0000093e) c.slli  s2, 15
core   0: 3 0x80004d46 (0x093e) x18 0xffff8000
core   0: 0x80004d48 (0x00000001) c.nop
core   0: 3 0x80004d48 (0x0001)
core   0: 0x80004d4a (0x41d6dd13) srai    s10, a3, 29
core   0: 3 0x80004d4a (0x41d6dd13) x26 0xfffffffd
core   0: 0x80004d4e (0x0102fa33) and     s4, t0, a6
core   0: 3 0x80004d4e (0x0102fa33) x20 0x00000000
core   0: 0x80004d52 (0xafb80413) addi    s0, a6, -1285
core   0: 3 0x80004d52 (0xafb80413) x 8 0xfffffafb
core   0: 0x80004d56 (0x00000e26) c.slli  t3, 9
core   0: 3 0x80004d56 (0x0e26) x28 0x00000200
core   0: 0x80004d58 (0x00008185) c.srli  a1, 1
core   0: 3 0x80004d58 (0x8185) x11 0x1fff6bfe
core   0: 0x80004d5a (0x412dd093) srai    ra, s11, 18
core   0: 3 0x80004d5a (0x412dd093) x 1 0x00000000
core   0: 0x80004d5e (0x0000870d) c.srai  a4, 3
core   0: 3 0x80004d5e (0x870d) x14 0x00000000
core   0: 0x80004d60 (0x00008369) c.srli  a4, 26
core   0: 3 0x80004d60 (0x8369) x14 0x00000000
core   0: 0x80004d62 (0x03c90933) mul     s2, s2, t3
core   0: 3 0x80004d62 (0x03c90933) x18 0xff000000
core   0: 0x80004d66 (0xc385bf93) sltiu   t6, a1, -968
core   0: 3 0x80004d66 (0xc385bf93) x31 0x00000001
core   0: 0x80004d6a (0x014d5113) srli    sp, s10, 20
core   0: 3 0x80004d6a (0x014d5113) x 2 0x00000fff
core   0: 0x80004d6e (0x8c2efa13) andi    s4, t4, -1854
core   0: 3 0x80004d6e (0x8c2efa13) x20 0x94dae8c0
core   0: 0x80004d72 (0x0000845d) c.srai  s0, 23
core   0: 3 0x80004d72 (0x845d) x 8 0xffffffff
core   0: 0x80004d74 (0x028334b3) mulhu   s1, t1, s0
core   0: 3 0x80004d74 (0x028334b3) x 9 0x3ffef2ac
core   0: 0x80004d78 (0x431fbe13) sltiu   t3, t6, 1073
core   0: 3 0x80004d78 (0x431fbe13) x28 0x00000001
core   0: 0x80004d7c (0x00008d91) c.sub   a1, a2
core   0: 3 0x80004d7c (0x8d91) x11 0x1fff6bfe
core   0: 0x80004d7e (0x0094b7b3) sltu    a5, s1, s1
core   0: 3 0x80004d7e (0x0094b7b3) x15 0x00000000
core   0: 0x80004d82 (0x00008f29) c.xor   a4, a0
core   0: 3 0x80004d82 (0x8f29) x14 0xffffffff
core   0: 0x80004d84 (0x418bd1b3) sra     gp, s7, s8
core   0: 3 0x80004d84 (0x418bd1b3) x 3 0xfff80000
core   0: 0x80004d88 (0x003c2ab3) slt     s5, s8, gp
core   0: 3 0x80004d88 (0x003c2ab3) x21 0x00000000
core   0: 0x80004d8c (0x01ba9033) sll     zero, s5, s11
core   0: 3 0x80004d8c (0x01ba9033)
core   0: 0x80004d90 (0xa7487317) auipc   t1, 0xa7487
core   0: 3 0x80004d90 (0xa7487317) x 6 0x2748bd90
core   0: 0x80004d94 (0x00009afd) c.andi  a3, -1
core   0: 3 0x80004d94 (0x9afd) x13 0xaaa76cc8
core   0: 0x80004d96 (0x80110893) addi    a7, sp, -2047
core   0: 3 0x80004d96 (0x80110893) x17 0x00000800
core   0: 0x80004d9a (0x00008df9) c.and   a1, a4
core   0: 3 0x80004d9a (0x8df9) x11 0x1fff6bfe
core   0: 0x80004d9c (0x00f02233) slt     tp, zero, a5
core   0: 3 0x80004d9c (0x00f02233) x 4 0x00000000
core   0: 0x80004da0 (0x02306bb3) rem     s7, zero, gp
core   0: 3 0x80004da0 (0x02306bb3) x23 0x00000000
core   0: 0x80004da4 (0x01b67d33) and     s10, a2, s11
core   0: 3 0x80004da4 (0x01b67d33) x26 0x00000000
core   0: 0x80004da8 (0x0000841d) c.srai  s0, 7
core   0: 3 0x80004da8 (0x841d) x 8 0xffffffff
core   0: 0x80004daa (0x000084a9) c.srai  s1, 10
core   0: 3 0x80004daa (0x84a9) x 9 0x000fffbc
core   0: 0x80004dac (0x00009a3a) c.add   s4, a4
core   0: 3 0x80004dac (0x9a3a) x20 0x94dae8bf
core   0: 0x80004dae (0x00000352) c.slli  t1, 20
core   0: 3 0x80004dae (0x0352) x 6 0xd9000000
core   0: 0x80004db0 (0x00000994) c.addi4spn a3, sp, 208
core   0: 3 0x80004db0 (0x0994) x13 0x000010cf
core   0: 0x80004db2 (0x00008e72) c.mv    t3, t3
core   0: 3 0x80004db2 (0x8e72) x28 0x00000001
core   0: 0x80004db4 (0x471abb13) sltiu   s6, s5, 1137
core   0: 3 0x80004db4 (0x471abb13) x22 0x00000001
core   0: 0x80004db8 (0x00008f21) c.xor   a4, s0
core   0: 3 0x80004db8 (0x8f21) x14 0x00000000
core   0: 0x80004dba (0x41aa0933) sub     s2, s4, s10
core   0: 3 0x80004dba (0x41aa0933) x18 0x94dae8bf
core   0: 0x80004dbe (0x0287fc33) remu    s8, a5, s0
core   0: 3 0x80004dbe (0x0287fc33) x24 0x00000000
core   0: 0x80004dc2 (0xb504e193) ori     gp, s1, -1200
core   0: 3 0x80004dc2 (0xb504e193) x 3 0xfffffffc
core   0: 0x80004dc6 (0x000006b2) c.slli  a3, 12
core   0: 3 0x80004dc6 (0x06b2) x13 0x010cf000
core   0: 0x80004dc8 (0x00008eb6) c.mv    t4, a3
core   0: 3 0x80004dc8 (0x8eb6) x29 0x010cf000
core   0: 0x80004dca (0x031e92b3) mulh    t0, t4, a7
core   0: 3 0x80004dca (0x031e92b3) x 5 0x00000008
core   0: 0x80004dce (0x3f932c93) slti    s9, t1, 1017
core   0: 3 0x80004dce (0x3f932c93) x25 0x00000001
core   0: 0x80004dd2 (0x00000ae6) c.slli  s5, 25
core   0: 3 0x80004dd2 (0x0ae6) x21 0x00000000
core   0: 0x80004dd4 (0x03c91933) mulh    s2, s2, t3
core   0: 3 0x80004dd4 (0x03c91933) x18 0xffffffff
core   0: 0x80004dd8 (0x00008cd9) c.or    s1, a4
core   0: 3 0x80004dd8 (0x8cd9) x 9 0x000fffbc
core   0: 0x80004dda (0x038a77b3) remu    a5, s4, s8
core   0: 3 0x80004dda (0x038a77b3) x15 0x94dae8bf
core   0: 0x80004dde (0x00008c11) c.sub   s0, a2
core   0: 3 0x80004dde (0x8c11) x 8 0xffffffff
core   0: 0x80004de0 (0x40b78a33) sub     s4, a5, a1
core   0: 3 0x80004de0 (0x40b78a33) x20 0x74db7cc1
core   0: 0x80004de4 (0x00006131) c.addi16sp sp, 320
core   0: 3 0x80004de4 (0x6131) x 2 0x0000113f
core   0: 0x80004de6 (0x00001284) c.addi4spn s1, sp, 352
core   0: 3 0x80004de6 (0x1284) x 9 0x0000129f
core   0: 0x80004de8 (0x00008c65) c.and   s0, s1
core   0: 3 0x80004de8 (0x8c65) x 8 0x0000129f
core   0: 0x80004dea (0x01140033) add     zero, s0, a7
core   0: 3 0x80004dea (0x01140033)
core   0: 0x80004dee (0x00008461) c.srai  s0, 24
core   0: 3 0x80004dee (0x8461) x 8 0x00000000
core   0: 0x80004df0 (0x00008f7d) c.and   a4, a5
core   0: 3 0x80004df0 (0x8f7d) x14 0x00000000
core   0: 0x80004df2 (0x00c39793) slli    a5, t2, 12
core   0: 3 0x80004df2 (0x00c39793) x15 0x12ce4000
core   0: 0x80004df6 (0x00008ea1) c.xor   a3, s0
core   0: 3 0x80004df6 (0x8ea1) x13 0x010cf000
core   0: 0x80004df8 (0x0000630d) c.lui   t1, 0x3
core   0: 3 0x80004df8 (0x630d) x 6 0x00003000
core   0: 0x80004dfa (0x00005a7d) c.li    s4, -1
core   0: 3 0x80004dfa (0x5a7d) x20 0xffffffff
core   0: 0x80004dfc (0x00008405) c.srai  s0, 1
core   0: 3 0x80004dfc (0x8405) x 8 0x00000000
core   0: 0x80004dfe (0x00008bde) c.mv    s7, s7
core   0: 3 0x80004dfe (0x8bde) x23 0x00000000
core   0: 0x80004e00 (0x3b35ee93) ori     t4, a1, 947
core   0: 3 0x80004e00 (0x3b35ee93) x29 0x1fff6bff
core   0: 0x80004e04 (0x00004e7d) c.li    t3, 31
core   0: 3 0x80004e04 (0x4e7d) x28 0x0000001f
core   0: 0x80004e06 (0x005dc033) xor     zero, s11, t0
core   0: 3 0x80004e06 (0x005dc033)
core   0: 0x80004e0a (0x414a8233) sub     tp, s5, s4
core   0: 3 0x80004e0a (0x414a8233) x 4 0x00000001
core   0: 0x80004e0e (0x00001d98) c.addi4spn a4, sp, 752
core   0: 3 0x80004e0e (0x1d98) x14 0x0000142f
core   0: 0x80004e10 (0x0000086e) c.slli  a6, 27
core   0: 3 0x80004e10 (0x086e) x16 0x00000000
core   0: 0x80004e12 (0x028b5fb3) divu    t6, s6, s0
core   0: 3 0x80004e12 (0x028b5fb3) x31 0xffffffff
core   0: 0x80004e16 (0x00835fb3) srl     t6, t1, s0
core   0: 3 0x80004e16 (0x00835fb3) x31 0x00003000
core   0: 0x80004e1a (0x41230fb3) sub     t6, t1, s2
core   0: 3 0x80004e1a (0x41230fb3) x31 0x00003001
core   0: 0x80004e1e (0x01a00ab3) add     s5, zero, s10
core   0: 3 0x80004e1e (0x01a00ab3) x21 0x00000000
core   0: 0x80004e22 (0x77f74c13) xori    s8, a4, 1919
core   0: 3 0x80004e22 (0x77f74c13) x24 0x00001350
core   0: 0x80004e26 (0x000081fe) c.mv    gp, t6
core   0: 3 0x80004e26 (0x81fe) x 3 0x00003001
core   0: 0x80004e28 (0x012260b3) or      ra, tp, s2
core   0: 3 0x80004e28 (0x012260b3) x 1 0xffffffff
core   0: 0x80004e2c (0x00210f33) add     t5, sp, sp
core   0: 3 0x80004e2c (0x00210f33) x30 0x0000227e
core   0: 0x80004e30 (0x02923f33) mulhu   t5, tp, s1
core   0: 3 0x80004e30 (0x02923f33) x30 0x00000000
core   0: 0x80004e34 (0x00001894) c.addi4spn a3, sp, 112
core   0: 3 0x80004e34 (0x1894) x13 0x000011af
core   0: 0x80004e36 (0xa676be97) auipc   t4, 0xa676b
core   0: 3 0x80004e36 (0xa676be97) x29 0x2676fe36
core   0: 0x80004e3a (0x00008c89) c.sub   s1, a0
core   0: 3 0x80004e3a (0x8c89) x 9 0x000012a0
core   0: 0x80004e3c (0xe7796493) ori     s1, s2, -393
core   0: 3 0x80004e3c (0xe7796493) x 9 0xffffffff
core   0: 0x80004e40 (0x00000001) c.nop
core   0: 3 0x80004e40 (0x0001)
core   0: 0x80004e42 (0x00008135) c.srli  a0, 13
core   0: 3 0x80004e42 (0x8135) x10 0x0007ffff
core   0: 0x80004e44 (0x0214ae33) mulhsu  t3, s1, ra
core   0: 3 0x80004e44 (0x0214ae33) x28 0xffffffff
core   0: 0x80004e48 (0x409d5313) srai    t1, s10, 9
core   0: 3 0x80004e48 (0x409d5313) x 6 0x00000000
core   0: 0x80004e4c (0x00000814) c.addi4spn a3, sp, 16
core   0: 3 0x80004e4c (0x0814) x13 0x0000114f
core   0: 0x80004e4e (0x01e22433) slt     s0, tp, t5
core   0: 3 0x80004e4e (0x01e22433) x 8 0x00000000
core   0: 0x80004e52 (0x00e8dd93) srli    s11, a7, 14
core   0: 3 0x80004e52 (0x00e8dd93) x27 0x00000000
core   0: 0x80004e56 (0x41a55493) srai    s1, a0, 26
core   0: 3 0x80004e56 (0x41a55493) x 9 0x00000000
core   0: 0x80004e5a (0x00f16233) or      tp, sp, a5
core   0: 3 0x80004e5a (0x00f16233) x 4 0x12ce513f
core   0: 0x80004e5e (0x01afb6b3) sltu    a3, t6, s10
core   0: 3 0x80004e5e (0x01afb6b3) x13 0x00000000
core   0: 0x80004e62 (0x0332e533) rem     a0, t0, s3
core   0: 3 0x80004e62 (0x0332e533) x10 0x00000008
core   0: 0x80004e66 (0x00000dd9) c.addi  s11, 22
core   0: 3 0x80004e66 (0x0dd9) x27 0x00000016
core   0: 0x80004e68 (0x0000014e) c.slli  sp, 19
core   0: 3 0x80004e68 (0x014e) x 2 0x89f80000
core   0: 0x80004e6a (0x03757a33) remu    s4, a0, s7
core   0: 3 0x80004e6a (0x03757a33) x20 0x00000008
core   0: 0x80004e6e (0x0000717d) c.addi16sp sp, -16
core   0: 3 0x80004e6e (0x717d) x 2 0x89f7fff0
core   0: 0x80004e70 (0x00008869) c.andi  s0, 26
core   0: 3 0x80004e70 (0x8869) x 8 0x00000000
core   0: 0x80004e72 (0x01942db3) slt     s11, s0, s9
core   0: 3 0x80004e72 (0x01942db3) x27 0x00000001
core   0: 0x80004e76 (0x04a73e37) lui     t3, 0x4a73
core   0: 3 0x80004e76 (0x04a73e37) x28 0x04a73000
core   0: 0x80004e7a (0x00b20733) add     a4, tp, a1
core   0: 3 0x80004e7a (0x00b20733) x14 0x32cdbd3d
core   0: 0x80004e7e (0x72c72337) lui     t1, 0x72c72
core   0: 3 0x80004e7e (0x72c72337) x 6 0x72c72000
core   0: 0x80004e82 (0x00842933) slt     s2, s0, s0
core   0: 3 0x80004e82 (0x00842933) x18 0x00000000
core   0: 0x80004e86 (0x0367feb3) remu    t4, a5, s6
core   0: 3 0x80004e86 (0x0367feb3) x29 0x00000000
core   0: 0x80004e8a (0x0260c6b3) div     a3, ra, t1
core   0: 3 0x80004e8a (0x0260c6b3) x13 0x00000000
core   0: 0x80004e8e (0x00000001) c.nop
core   0: 3 0x80004e8e (0x0001)
core   0: 0x80004e90 (0x00895313) srli    t1, s2, 8
core   0: 3 0x80004e90 (0x00895313) x 6 0x00000000
core   0: 0x80004e94 (0x0000118c) c.addi4spn a1, sp, 224
core   0: 3 0x80004e94 (0x118c) x11 0x89f800d0
core   0: 0x80004e96 (0x029bb4b3) mulhu   s1, s7, s1
core   0: 3 0x80004e96 (0x029bb4b3) x 9 0x00000000
core   0: 0x80004e9a (0x00000d6a) c.slli  s10, 26
core   0: 3 0x80004e9a (0x0d6a) x26 0x00000000
core   0: 0x80004e9c (0x00008e81) c.sub   a3, s0
core   0: 3 0x80004e9c (0x8e81) x13 0x00000000
core   0: 0x80004e9e (0x00009d3a) c.add   s10, a4
core   0: 3 0x80004e9e (0x9d3a) x26 0x32cdbd3d
core   0: 0x80004ea0 (0x41915e13) srai    t3, sp, 25
core   0: 3 0x80004ea0 (0x41915e13) x28 0xffffffc4
core   0: 0x80004ea4 (0x00000001) c.nop
core   0: 3 0x80004ea4 (0x0001)
core   0: 0x80004ea6 (0x00255593) srli    a1, a0, 2
core   0: 3 0x80004ea6 (0x00255593) x11 0x00000002
core   0: 0x80004eaa (0xf1c82a13) slti    s4, a6, -228
core   0: 3 0x80004eaa (0xf1c82a13) x20 0x00000000
core   0: 0x80004eae (0x000000ea) c.slli  ra, 26
core   0: 3 0x80004eae (0x00ea) x 1 0xfc000000
core   0: 0x80004eb0 (0x009a8733) add     a4, s5, s1
core   0: 3 0x80004eb0 (0x009a8733) x14 0x00000000
core   0: 0x80004eb4 (0x0000829a) c.mv    t0, t1
core   0: 3 0x80004eb4 (0x829a) x 5 0x00000000
core   0: 0x80004eb6 (0x007d7ab3) and     s5, s10, t2
core   0: 3 0x80004eb6 (0x007d7ab3) x21 0x00012c24
core   0: 0x80004eba (0x410fd5b3) sra     a1, t6, a6
core   0: 3 0x80004eba (0x410fd5b3) x11 0x00003001
core   0: 0x80004ebe (0x4d4de937) lui     s2, 0x4d4de
core   0: 3 0x80004ebe (0x4d4de937) x18 0x4d4de000
core   0: 0x80004ec2 (0x02dea413) slti    s0, t4, 45
core   0: 3 0x80004ec2 (0x02dea413) x 8 0x00000001
core   0: 0x80004ec6 (0x32f09b17) auipc   s6, 0x32f09
core   0: 3 0x80004ec6 (0x32f09b17) x22 0xb2f0dec6
core   0: 0x80004eca (0xc7542e93) slti    t4, s0, -907
core   0: 3 0x80004eca (0xc7542e93) x29 0x00000000
core   0: 0x80004ece (0x0000717d) c.addi16sp sp, -16
core   0: 3 0x80004ece (0x717d) x 2 0x89f7ffe0
core   0: 0x80004ed0 (0x00005efd) c.li    t4, -1
core   0: 3 0x80004ed0 (0x5efd) x29 0xffffffff
core   0: 0x80004ed2 (0x00f7d033) srl     zero, a5, a5
core   0: 3 0x80004ed2 (0x00f7d033)
core   0: 0x80004ed6 (0x008d2933) slt     s2, s10, s0
core   0: 3 0x80004ed6 (0x008d2933) x18 0x00000000
core   0: 0x80004eda (0xf7208b13) addi    s6, ra, -142
core   0: 3 0x80004eda (0xf7208b13) x22 0xfbffff72
core   0: 0x80004ede (0x69aa8c93) addi    s9, s5, 1690
core   0: 3 0x80004ede (0x69aa8c93) x25 0x000132be
core   0: 0x80004ee2 (0x0000059e) c.slli  a1, 7
core   0: 3 0x80004ee2 (0x059e) x11 0x00180080
core   0: 0x80004ee4 (0x002e0533) add     a0, t3, sp
core   0: 3 0x80004ee4 (0x002e0533) x10 0x89f7ffa4
core   0: 0x80004ee8 (0x000086b1) c.srai  a3, 12
core   0: 3 0x80004ee8 (0x86b1) x13 0x00000000
core   0: 0x80004eea (0x0000694d) c.lui   s2, 0x13
core   0: 3 0x80004eea (0x694d) x18 0x00013000
core   0: 0x80004eec (0x00008c29) c.xor   s0, a0
core   0: 3 0x80004eec (0x8c29) x 8 0x89f7ffa5
core   0: 0x80004eee (0x00008df5) c.and   a1, a3
core   0: 3 0x80004eee (0x8df5) x11 0x00000000
core   0: 0x80004ef0 (0x00004c19) c.li    s8, 6
core   0: 3 0x80004ef0 (0x4c19) x24 0x00000006
core   0: 0x80004ef2 (0x4150ddb3) sra     s11, ra, s5
core   0: 3 0x80004ef2 (0x4150ddb3) x27 0xffc00000
core   0: 0x80004ef6 (0x00008d5d) c.or    a0, a5
core   0: 3 0x80004ef6 (0x8d5d) x10 0x9bffffa4
core   0: 0x80004ef8 (0xc5282a13) slti    s4, a6, -942
core   0: 3 0x80004ef8 (0xc5282a13) x20 0x00000000
core   0: 0x80004efc (0x00001914) c.addi4spn a3, sp, 176
core   0: 3 0x80004efc (0x1914) x13 0x89f80090
core   0: 0x80004efe (0x00006d21) c.lui   s10, 0x8
core   0: 3 0x80004efe (0x6d21) x26 0x00008000
core   0: 0x80004f00 (0x00cb6f33) or      t5, s6, a2
core   0: 3 0x80004f00 (0x00cb6f33) x30 0xfbffff72
core   0: 0x80004f04 (0x005a1f33) sll     t5, s4, t0
core   0: 3 0x80004f04 (0x005a1f33) x30 0x00000000
core   0: 0x80004f08 (0xe57a8093) addi    ra, s5, -425
core   0: 3 0x80004f08 (0xe57a8093) x 1 0x00012a7b
core   0: 0x80004f0c (0x033344b3) div     s1, t1, s3
core   0: 3 0x80004f0c (0x033344b3) x 9 0x00000000
core   0: 0x80004f10 (0x30fa2e13) slti    t3, s4, 783
core   0: 3 0x80004f10 (0x30fa2e13) x28 0x00000001
core   0: 0x80004f14 (0x019dde33) srl     t3, s11, s9
core   0: 3 0x80004f14 (0x019dde33) x28 0x00000003
core   0: 0x80004f18 (0x606a17b7) lui     a5, 0x606a1
core   0: 3 0x80004f18 (0x606a17b7) x15 0x606a1000
core   0: 0x80004f1c (0x00008aed) c.andi  a3, 27
core   0: 3 0x80004f1c (0x8aed) x13 0x00000010
core   0: 0x80004f1e (0xb9e5e193) ori     gp, a1, -1122
core   0: 3 0x80004f1e (0xb9e5e193) x 3 0xfffffb9e
core   0: 0x80004f22 (0x0000801d) c.srli  s0, 7
core   0: 3 0x80004f22 (0x801d) x 8 0x0113efff
core   0: 0x80004f24 (0xb6208813) addi    a6, ra, -1182
core   0: 3 0x80004f24 (0xb6208813) x16 0x000125dd
core   0: 0x80004f28 (0x00000256) c.slli  tp, 21
core   0: 3 0x80004f28 (0x0256) x 4 0x27e00000
core   0: 0x80004f2a (0x02abe333) rem     t1, s7, a0
core   0: 3 0x80004f2a (0x02abe333) x 6 0x00000000
core   0: 0x80004f2e (0xb6f9ab93) slti    s7, s3, -1169
core   0: 3 0x80004f2e (0xb6f9ab93) x23 0x00000001
core   0: 0x80004f32 (0x40f7deb3) sra     t4, a5, a5
core   0: 3 0x80004f32 (0x40f7deb3) x29 0x606a1000
core   0: 0x80004f36 (0x02a28cb3) mul     s9, t0, a0
core   0: 3 0x80004f36 (0x02a28cb3) x25 0x00000000
core   0: 0x80004f3a (0x0000612d) c.addi16sp sp, 224
core   0: 3 0x80004f3a (0x612d) x 2 0x89f800c0
core   0: 0x80004f3c (0x000015fd) c.addi  a1, -1
core   0: 3 0x80004f3c (0x15fd) x11 0xffffffff
core   0: 0x80004f3e (0x02951a33) mulh    s4, a0, s1
core   0: 3 0x80004f3e (0x02951a33) x20 0x00000000
core   0: 0x80004f42 (0x01665313) srli    t1, a2, 22
core   0: 3 0x80004f42 (0x01665313) x 6 0x00000000
core   0: 0x80004f46 (0x037657b3) divu    a5, a2, s7
core   0: 3 0x80004f46 (0x037657b3) x15 0x00000000
core   0: 0x80004f4a (0x0027dcb3) srl     s9, a5, sp
core   0: 3 0x80004f4a (0x0027dcb3) x25 0x00000000
core   0: 0x80004f4e (0x00975f93) srli    t6, a4, 9
core   0: 3 0x80004f4e (0x00975f93) x31 0x00000000
core   0: 0x80004f52 (0x0fcf4417) auipc   s0, 0xfcf4
core   0: 3 0x80004f52 (0x0fcf4417) x 8 0x8fcf8f52
core   0: 0x80004f56 (0x00e55cb3) srl     s9, a0, a4
core   0: 3 0x80004f56 (0x00e55cb3) x25 0x9bffffa4
core   0: 0x80004f5a (0x027a5f33) divu    t5, s4, t2
core   0: 3 0x80004f5a (0x027a5f33) x30 0x00000000
core   0: 0x80004f5e (0xdd31bc13) sltiu   s8, gp, -557
core   0: 3 0x80004f5e (0xdd31bc13) x24 0x00000001
core   0: 0x80004f62 (0x00008ced) c.and   s1, a1
core   0: 3 0x80004f62 (0x8ced) x 9 0x00000000
core   0: 0x80004f64 (0x03b8ca33) div     s4, a7, s11
core   0: 3 0x80004f64 (0x03b8ca33) x20 0x00000000
core   0: 0x80004f68 (0x00000001) c.nop
core   0: 3 0x80004f68 (0x0001)
core   0: 0x80004f6a (0x00009a06) c.add   s4, ra
core   0: 3 0x80004f6a (0x9a06) x20 0x00012a7b
core   0: 0x80004f6c (0x00000001) c.nop
core   0: 3 0x80004f6c (0x0001)
core   0: 0x80004f6e (0x0000617d) c.addi16sp sp, 496
core   0: 3 0x80004f6e (0x617d) x 2 0x89f802b0
core   0: 0x80004f70 (0x02a1f4b3) remu    s1, gp, a0
core   0: 3 0x80004f70 (0x02a1f4b3) x 9 0x63fffbfa
core   0: 0x80004f74 (0x00008fb9) c.xor   a5, a4
core   0: 3 0x80004f74 (0x8fb9) x15 0x00000000
core   0: 0x80004f76 (0x00575fb3) srl     t6, a4, t0
core   0: 3 0x80004f76 (0x00575fb3) x31 0x00000000
core   0: 0x80004f7a (0x8557cd13) xori    s10, a5, -1963
core   0: 3 0x80004f7a (0x8557cd13) x26 0xfffff855
core   0: 0x80004f7e (0x0c2ebe37) lui     t3, 0xc2eb
core   0: 3 0x80004f7e (0x0c2ebe37) x28 0x0c2eb000
core   0: 0x80004f82 (0x9a37a217) auipc   tp, 0x9a37a
core   0: 3 0x80004f82 (0x9a37a217) x 4 0x1a37ef82
core   0: 0x80004f86 (0xfc277013) andi    zero, a4, -62
core   0: 3 0x80004f86 (0xfc277013)
core   0: 0x80004f8a (0x00000a4d) c.addi  s4, 19
core   0: 3 0x80004f8a (0x0a4d) x20 0x00012a8e
core   0: 0x80004f8c (0x403e5d33) sra     s10, t3, gp
core   0: 3 0x80004f8c (0x403e5d33) x26 0x00000000
core   0: 0x80004f90 (0x00a725b3) slt     a1, a4, a0
core   0: 3 0x80004f90 (0x00a725b3) x11 0x00000000
core   0: 0x80004f94 (0x00008555) c.srai  a0, 21
core   0: 3 0x80004f94 (0x8555) x10 0xfffffcdf
core   0: 0x80004f96 (0x40a6d213) srai    tp, a3, 10
core   0: 3 0x80004f96 (0x40a6d213) x 4 0x00000000
core   0: 0x80004f9a (0x85d7e293) ori     t0, a5, -1955
core   0: 3 0x80004f9a (0x85d7e293) x 5 0xfffff85d
core   0: 0x80004f9e (0x00000001) c.nop
core   0: 3 0x80004f9e (0x0001)
core   0: 0x80004fa0 (0x40195c33) sra     s8, s2, ra
core   0: 3 0x80004fa0 (0x40195c33) x24 0x00000000
core   0: 0x80004fa4 (0x020b8f33) mul     t5, s7, zero
core   0: 3 0x80004fa4 (0x020b8f33) x30 0x00000000
core   0: 0x80004fa8 (0x00008c0d) c.sub   s0, a1
core   0: 3 0x80004fa8 (0x8c0d) x 8 0x8fcf8f52
core   0: 0x80004faa (0x01c81f93) slli    t6, a6, 28
core   0: 3 0x80004faa (0x01c81f93) x31 0xd0000000
core   0: 0x80004fae (0x0258a0b3) mulhsu  ra, a7, t0
core   0: 3 0x80004fae (0x0258a0b3) x 1 0x000007ff
core   0: 0x80004fb2 (0x00008d89) c.sub   a1, a0
core   0: 3 0x80004fb2 (0x8d89) x11 0x00000321
core   0: 0x80004fb4 (0x0365c333) div     t1, a1, s6
core   0: 3 0x80004fb4 (0x0365c333) x 6 0x00000000
core   0: 0x80004fb8 (0x40fc02b3) sub     t0, s8, a5
core   0: 3 0x80004fb8 (0x40fc02b3) x 5 0x00000000
core   0: 0x80004fbc (0x02b0dd33) divu    s10, ra, a1
core   0: 3 0x80004fbc (0x02b0dd33) x26 0x00000002
core   0: 0x80004fc0 (0x483bf313) andi    t1, s7, 1155
core   0: 3 0x80004fc0 (0x483bf313) x 6 0x00000001
core   0: 0x80004fc4 (0x00008abd) c.andi  a3, 15
core   0: 3 0x80004fc4 (0x8abd) x13 0x00000000
core   0: 0x80004fc6 (0x00091693) slli    a3, s2, 0
core   0: 3 0x80004fc6 (0x00091693) x13 0x00013000
core   0: 0x80004fca (0x01f551b3) srl     gp, a0, t6
core   0: 3 0x80004fca (0x01f551b3) x 3 0xfffffcdf
core   0: 0x80004fce (0xde00ec93) ori     s9, ra, -544
core   0: 3 0x80004fce (0xde00ec93) x25 0xffffffff
core   0: 0x80004fd2 (0x00008fe5) c.and   a5, s1
core   0: 3 0x80004fd2 (0x8fe5) x15 0x00000000
core   0: 0x80004fd4 (0x013b1f33) sll     t5, s6, s3
core   0: 3 0x80004fd4 (0x013b1f33) x30 0xbffff720
core   0: 0x80004fd8 (0x00001e80) c.addi4spn s0, sp, 880
core   0: 3 0x80004fd8 (0x1e80) x 8 0x89f80620
core   0: 0x80004fda (0x02760433) mul     s0, a2, t2
core   0: 3 0x80004fda (0x02760433) x 8 0x00000000
core   0: 0x80004fde (0x00000001) c.nop
core   0: 3 0x80004fde (0x0001)
core   0: 0x80004fe0 (0x01f13033) sltu    zero, sp, t6
core   0: 3 0x80004fe0 (0x01f13033)
core   0: 0x80004fe4 (0x0395cb33) div     s6, a1, s9
core   0: 3 0x80004fe4 (0x0395cb33) x22 0xfffffcdf
core   0: 0x80004fe8 (0x02da5a33) divu    s4, s4, a3
core   0: 3 0x80004fe8 (0x02da5a33) x20 0x00000000
core   0: 0x80004fec (0x00000001) c.nop
core   0: 3 0x80004fec (0x0001)
core   0: 0x80004fee (0x022031b3) mulhu   gp, zero, sp
core   0: 3 0x80004fee (0x022031b3) x 3 0x00000000
core   0: 0x80004ff2 (0x029ced33) rem     s10, s9, s1
core   0: 3 0x80004ff2 (0x029ced33) x26 0xffffffff
core   0: 0x80004ff6 (0x0135abb3) slt     s7, a1, s3
core   0: 3 0x80004ff6 (0x0135abb3) x23 0x00000000
core   0: 0x80004ffa (0x00008319) c.srli  a4, 6
core   0: 3 0x80004ffa (0x8319) x14 0x00000000
core   0: 0x80004ffc (0x416adb33) sra     s6, s5, s6
core   0: 3 0x80004ffc (0x416adb33) x22 0x00000000
core   0: 0x80005000 (0x415ad933) sra     s2, s5, s5
core   0: 3 0x80005000 (0x415ad933) x18 0x000012c2
core   0: 0x80005004 (0x03f314b3) mulh    s1, t1, t6
core   0: 3 0x80005004 (0x03f314b3) x 9 0xffffffff
core   0: 0x80005008 (0xfe263793) sltiu   a5, a2, -30
core   0: 3 0x80005008 (0xfe263793) x15 0x00000001
core   0: 0x8000500c (0x0245f733) remu    a4, a1, tp
core   0: 3 0x8000500c (0x0245f733) x14 0x00000321
core   0: 0x80005010 (0x02e7b1b3) mulhu   gp, a5, a4
core   0: 3 0x80005010 (0x02e7b1b3) x 3 0x00000000
core   0: 0x80005014 (0x41ccd733) sra     a4, s9, t3
core   0: 3 0x80005014 (0x41ccd733) x14 0xffffffff
core   0: 0x80005018 (0x41ae5db3) sra     s11, t3, s10
core   0: 3 0x80005018 (0x41ae5db3) x27 0x00000000
core   0: 0x8000501c (0x0000137d) c.addi  t1, -1
core   0: 3 0x8000501c (0x137d) x 6 0x00000000
core   0: 0x8000501e (0x0000517d) c.li    sp, -1
core   0: 3 0x8000501e (0x517d) x 2 0xffffffff
core   0: 0x80005020 (0x01453d33) sltu    s10, a0, s4
core   0: 3 0x80005020 (0x01453d33) x26 0x00000000
core   0: 0x80005024 (0x00000001) c.nop
core   0: 3 0x80005024 (0x0001)
core   0: 0x80005026 (0x00000ffe) c.slli  t6, 31
core   0: 3 0x80005026 (0x0ffe) x31 0x00000000
core   0: 0x80005028 (0x01228b33) add     s6, t0, s2
core   0: 3 0x80005028 (0x01228b33) x22 0x000012c2
core   0: 0x8000502c (0x87ba51b7) lui     gp, 0x87ba5
core   0: 3 0x8000502c (0x87ba51b7) x 3 0x87ba5000
core   0: 0x80005030 (0x8fb8b593) sltiu   a1, a7, -1797
core   0: 3 0x80005030 (0x8fb8b593) x11 0x00000001
core   0: 0x80005034 (0x402b8b33) sub     s6, s7, sp
core   0: 3 0x80005034 (0x402b8b33) x22 0x00000001
core   0: 0x80005038 (0x01fb1593) slli    a1, s6, 31
core   0: 3 0x80005038 (0x01fb1593) x11 0x80000000
core   0: 0x8000503c (0x00001180) c.addi4spn s0, sp, 224
core   0: 3 0x8000503c (0x1180) x 8 0x000000df
core   0: 0x8000503e (0x01f01533) sll     a0, zero, t6
core   0: 3 0x8000503e (0x01f01533) x10 0x00000000
core   0: 0x80005042 (0x02137533) remu    a0, t1, ra
core   0: 3 0x80005042 (0x02137533) x10 0x00000000
core   0: 0x80005046 (0x0045ba13) sltiu   s4, a1, 4
core   0: 3 0x80005046 (0x0045ba13) x20 0x00000000
core   0: 0x8000504a (0x1ab87f93) andi    t6, a6, 427
core   0: 3 0x8000504a (0x1ab87f93) x31 0x00000189
core   0: 0x8000504e (0x00004ef1) c.li    t4, 28
core   0: 3 0x8000504e (0x4ef1) x29 0x0000001c
core   0: 0x80005050 (0xd00d2d93) slti    s11, s10, -768
core   0: 3 0x80005050 (0xd00d2d93) x27 0x00000000
core   0: 0x80005054 (0x01e49213) slli    tp, s1, 30
core   0: 3 0x80005054 (0x01e49213) x 4 0xc0000000
core   0: 0x80005058 (0x00dd3fb3) sltu    t6, s10, a3
core   0: 3 0x80005058 (0x00dd3fb3) x31 0x00000001
core   0: 0x8000505c (0x40a25693) srai    a3, tp, 10
core   0: 3 0x8000505c (0x40a25693) x13 0xfff00000
core   0: 0x80005060 (0x0000613d) c.addi16sp sp, 480
core   0: 3 0x80005060 (0x613d) x 2 0x000001df
core   0: 0x80005062 (0x03a671b3) remu    gp, a2, s10
core   0: 3 0x80005062 (0x03a671b3) x 3 0x00000000
core   0: 0x80005066 (0x00008f09) c.sub   a4, a0
core   0: 3 0x80005066 (0x8f09) x14 0xffffffff
core   0: 0x80005068 (0x01f50033) add     zero, a0, t6
core   0: 3 0x80005068 (0x01f50033)
core   0: 0x8000506c (0x03966e33) rem     t3, a2, s9
core   0: 3 0x8000506c (0x03966e33) x28 0x00000000
core   0: 0x80005070 (0x00472fb3) slt     t6, a4, tp
core   0: 3 0x80005070 (0x00472fb3) x31 0x00000000
core   0: 0x80005074 (0x00008c75) c.and   s0, a3
core   0: 3 0x80005074 (0x8c75) x 8 0x00000000
core   0: 0x80005076 (0x0277e8b3) rem     a7, a5, t2
core   0: 3 0x80005076 (0x0277e8b3) x17 0x00000001
core   0: 0x8000507a (0x8f00c297) auipc   t0, 0x8f00c
core   0: 3 0x8000507a (0x8f00c297) x 5 0x0f01107a
core   0: 0x8000507e (0x00006159) c.addi16sp sp, 400
core   0: 3 0x8000507e (0x6159) x 2 0x0000036f
core   0: 0x80005080 (0x01285493) srli    s1, a6, 18
core   0: 3 0x80005080 (0x01285493) x 9 0x00000000
core   0: 0x80005084 (0x02b15733) divu    a4, sp, a1
core   0: 3 0x80005084 (0x02b15733) x14 0x00000000
core   0: 0x80005088 (0x6eb86293) ori     t0, a6, 1771
core   0: 3 0x80005088 (0x6eb86293) x 5 0x000127ff
core   0: 0x8000508c (0x23563413) sltiu   s0, a2, 565
core   0: 3 0x8000508c (0x23563413) x 8 0x00000001
core   0: 0x80005090 (0x021a3333) mulhu   t1, s4, ra
core   0: 3 0x80005090 (0x021a3333) x 6 0x00000000
core   0: 0x80005094 (0x7bec40b7) lui     ra, 0x7bec4
core   0: 3 0x80005094 (0x7bec40b7) x 1 0x7bec4000
core   0: 0x80005098 (0x0000832e) c.mv    t1, a1
core   0: 3 0x80005098 (0x832e) x 6 0x80000000
core   0: 0x8000509a (0x00008009) c.srli  s0, 2
core   0: 3 0x8000509a (0x8009) x 8 0x00000000
core   0: 0x8000509c (0x3450f293) andi    t0, ra, 837
core   0: 3 0x8000509c (0x3450f293) x 5 0x00000000
core   0: 0x800050a0 (0x0000809a) c.mv    ra, t1
core   0: 3 0x800050a0 (0x809a) x 1 0x80000000
core   0: 0x800050a2 (0x23d5cd17) auipc   s10, 0x23d5c
core   0: 3 0x800050a2 (0x23d5cd17) x26 0xa3d610a2
core   0: 0x800050a6 (0x00009476) c.add   s0, t4
core   0: 3 0x800050a6 (0x9476) x 8 0x0000001c
core   0: 0x800050a8 (0x00006489) c.lui   s1, 0x2
core   0: 3 0x800050a8 (0x6489) x 9 0x00002000
core   0: 0x800050aa (0x7b513293) sltiu   t0, sp, 1973
core   0: 3 0x800050aa (0x7b513293) x 5 0x00000001
core   0: 0x800050ae (0x0000997d) c.andi  a0, -1
core   0: 3 0x800050ae (0x997d) x10 0x00000000
core   0: 0x800050b0 (0x000085b1) c.srai  a1, 12
core   0: 3 0x800050b0 (0x85b1) x11 0xfff80000
core   0: 0x800050b2 (0x00008ddd) c.or    a1, a5
core   0: 3 0x800050b2 (0x8ddd) x11 0xfff80001
core   0: 0x800050b4 (0x0000717d) c.addi16sp sp, -16
core   0: 3 0x800050b4 (0x717d) x 2 0x0000035f
core   0: 0x800050b6 (0x00001d00) c.addi4spn s0, sp, 688
core   0: 3 0x800050b6 (0x1d00) x 8 0x0000060f
core   0: 0x800050b8 (0x00006179) c.addi16sp sp, 464
core   0: 3 0x800050b8 (0x6179) x 2 0x0000052f
core   0: 0x800050ba (0x38a6e513) ori     a0, a3, 906
core   0: 3 0x800050ba (0x38a6e513) x10 0xfff0038a
core   0: 0x800050be (0x01f37333) and     t1, t1, t6
core   0: 3 0x800050be (0x01f37333) x 6 0x00000000
core   0: 0x800050c2 (0x00000001) c.nop
core   0: 3 0x800050c2 (0x0001)
core   0: 0x800050c4 (0x00000001) c.nop
core   0: 3 0x800050c4 (0x0001)
core   0: 0x800050c6 (0xaf2e2e13) slti    t3, t3, -1294
core   0: 3 0x800050c6 (0xaf2e2e13) x28 0x00000000
core   0: 0x800050ca (0xa388ed13) ori     s10, a7, -1480
core   0: 3 0x800050ca (0xa388ed13) x26 0xfffffa39
core   0: 0x800050ce (0x77d06d13) ori     s10, zero, 1917
core   0: 3 0x800050ce (0x77d06d13) x26 0x0000077d
core   0: 0x800050d2 (0x03768233) mul     tp, a3, s7
core   0: 3 0x800050d2 (0x03768233) x 4 0x00000000
core   0: 0x800050d6 (0x03618eb3) mul     t4, gp, s6
core   0: 3 0x800050d6 (0x03618eb3) x29 0x00000000
core   0: 0x800050da (0x033f6233) rem     tp, t5, s3
core   0: 3 0x800050da (0x033f6233) x 4 0xbffff720
core   0: 0x800050de (0x00000001) c.nop
core   0: 3 0x800050de (0x0001)
core   0: 0x800050e0 (0x00f2b5b3) sltu    a1, t0, a5
core   0: 3 0x800050e0 (0x00f2b5b3) x11 0x00000000
core   0: 0x800050e4 (0x0000517d) c.li    sp, -1
core   0: 3 0x800050e4 (0x517d) x 2 0xffffffff
core   0: 0x800050e6 (0x00008c89) c.sub   s1, a0
core   0: 3 0x800050e6 (0x8c89) x 9 0x00101c76
core   0: 0x800050e8 (0x00008eb5) c.xor   a3, a3
core   0: 3 0x800050e8 (0x8eb5) x13 0x00000000
core   0: 0x800050ea (0x00008451) c.srai  s0, 20
core   0: 3 0x800050ea (0x8451) x 8 0x00000000
core   0: 0x800050ec (0x00000001) c.nop
core   0: 3 0x800050ec (0x0001)
core   0: 0x800050ee (0x01b89e93) slli    t4, a7, 27
core   0: 3 0x800050ee (0x01b89e93) x29 0x08000000
core   0: 0x800050f2 (0x025e0933) mul     s2, t3, t0
core   0: 3 0x800050f2 (0x025e0933) x18 0x00000000
core   0: 0x800050f6 (0x008d2e33) slt     t3, s10, s0
core   0: 3 0x800050f6 (0x008d2e33) x28 0x00000000
core   0: 0x800050fa (0x02407433) remu    s0, zero, tp
core   0: 3 0x800050fa (0x02407433) x 8 0x00000000
core   0: 0x800050fe (0x00008eb9) c.xor   a3, a4
core   0: 3 0x800050fe (0x8eb9) x13 0x00000000
core   0: 0x80005100 (0x02bf0eb3) mul     t4, t5, a1
core   0: 3 0x80005100 (0x02bf0eb3) x29 0x00000000
core   0: 0x80005104 (0x00234533) xor     a0, t1, sp
core   0: 3 0x80005104 (0x00234533) x10 0xffffffff
core   0: 0x80005108 (0x00008c79) c.and   s0, a4
core   0: 3 0x80005108 (0x8c79) x 8 0x00000000
core   0: 0x8000510a (0x00008956) c.mv    s2, s5
core   0: 3 0x8000510a (0x8956) x18 0x00012c24
core   0: 0x8000510c (0x01e98833) add     a6, s3, t5
core   0: 3 0x8000510c (0x01e98833) x16 0x4000e584
core   0: 0x80005110 (0x0142ceb3) xor     t4, t0, s4
core   0: 3 0x80005110 (0x0142ceb3) x29 0x00000001
core   0: 0x80005114 (0x01619833) sll     a6, gp, s6
core   0: 3 0x80005114 (0x01619833) x16 0x00000000
core   0: 0x80005118 (0x4e68f113) andi    sp, a7, 1254
core   0: 3 0x80005118 (0x4e68f113) x 2 0x00000000
core   0: 0x8000511c (0x00409013) slli    zero, ra, 4
core   0: 3 0x8000511c (0x00409013)
core   0: 0x80005120 (0x004157b3) srl     a5, sp, tp
core   0: 3 0x80005120 (0x004157b3) x15 0x00000000
core   0: 0x80005124 (0x000097ae) c.add   a5, a1
core   0: 3 0x80005124 (0x97ae) x15 0x00000000
core   0: 0x80005126 (0x00008f25) c.xor   a4, s1
core   0: 3 0x80005126 (0x8f25) x14 0x00101c76
core   0: 0x80005128 (0x00008fed) c.and   a5, a1
core   0: 3 0x80005128 (0x8fed) x15 0x00000000
core   0: 0x8000512a (0x03cbcb33) div     s6, s7, t3
core   0: 3 0x8000512a (0x03cbcb33) x22 0xffffffff
core   0: 0x8000512e (0x0000873d) c.srai  a4, 15
core   0: 3 0x8000512e (0x873d) x14 0x00000020
core   0: 0x80005130 (0x00000001) c.nop
core   0: 3 0x80005130 (0x0001)
core   0: 0x80005132 (0x00008cbe) c.mv    s9, a5
core   0: 3 0x80005132 (0x8cbe) x25 0x00000000
core   0: 0x80005134 (0x0237e033) rem     zero, a5, gp
core   0: 3 0x80005134 (0x0237e033)
core   0: 0x80005138 (0x032d2e33) mulhsu  t3, s10, s2
core   0: 3 0x80005138 (0x032d2e33) x28 0x00000000
core   0: 0x8000513c (0x03023db3) mulhu   s11, tp, a6
core   0: 3 0x8000513c (0x03023db3) x27 0x00000000
core   0: 0x80005140 (0x01d862b3) or      t0, a6, t4
core   0: 3 0x80005140 (0x01d862b3) x 5 0x00000001
core   0: 0x80005144 (0x00008f2d) c.xor   a4, a1
core   0: 3 0x80005144 (0x8f2d) x14 0x00000020
core   0: 0x80005146 (0x035174b3) remu    s1, sp, s5
core   0: 3 0x80005146 (0x035174b3) x 9 0x00000000
core   0: 0x8000514a (0x000084e9) c.srai  s1, 26
core   0: 3 0x8000514a (0x84e9) x 9 0x00000000
core   0: 0x8000514c (0x12aff113) andi    sp, t6, 298
core   0: 3 0x8000514c (0x12aff113) x 2 0x00000000
core   0: 0x80005150 (0x14e43f93) sltiu   t6, s0, 334
core   0: 3 0x80005150 (0x14e43f93) x31 0x00000001
core   0: 0x80005154 (0x010f67b3) or      a5, t5, a6
core   0: 3 0x80005154 (0x010f67b3) x15 0xbffff720
core   0: 0x80005158 (0x0002b433) sltu    s0, t0, zero
core   0: 3 0x80005158 (0x0002b433) x 8 0x00000000
core   0: 0x8000515c (0x00009436) c.add   s0, a3
core   0: 3 0x8000515c (0x9436) x 8 0x00000000
core   0: 0x8000515e (0x014dd213) srli    tp, s11, 20
core   0: 3 0x8000515e (0x014dd213) x 4 0x00000000
core   0: 0x80005162 (0x03952833) mulhsu  a6, a0, s9
core   0: 3 0x80005162 (0x03952833) x16 0x00000000
core   0: 0x80005166 (0x0000717d) c.addi16sp sp, -16
core   0: 3 0x80005166 (0x717d) x 2 0xfffffff0
core   0: 0x80005168 (0x015c9bb3) sll     s7, s9, s5
core   0: 3 0x80005168 (0x015c9bb3) x23 0x00000000
core   0: 0x8000516c (0x00009892) c.add   a7, tp
core   0: 3 0x8000516c (0x9892) x17 0x00000001
core   0: 0x8000516e (0x022fe533) rem     a0, t6, sp
core   0: 3 0x8000516e (0x022fe533) x10 0x00000001
core   0: 0x80005172 (0x00000918) c.addi4spn a4, sp, 144
core   0: 3 0x80005172 (0x0918) x14 0x00000080
core   0: 0x80005174 (0xd4f31597) auipc   a1, 0xd4f31
core   0: 3 0x80005174 (0xd4f31597) x11 0x54f36174
core   0: 0x80005178 (0x00000eb6) c.slli  t4, 13
core   0: 3 0x80005178 (0x0eb6) x29 0x00002000
core   0: 0x8000517a (0x000080e5) c.srli  s1, 25
core   0: 3 0x8000517a (0x80e5) x 9 0x00000000
core   0: 0x8000517c (0x00008772) c.mv    a4, t3
core   0: 3 0x8000517c (0x8772) x14 0x00000000
core   0: 0x8000517e (0xd1d0d437) lui     s0, 0xd1d0d
core   0: 3 0x8000517e (0xd1d0d437) x 8 0xd1d0d000
core   0: 0x80005182 (0x0000659d) c.lui   a1, 0x7
core   0: 3 0x80005182 (0x659d) x11 0x00007000
core   0: 0x80005184 (0x028b6a33) rem     s4, s6, s0
core   0: 3 0x80005184 (0x028b6a33) x20 0xffffffff
core   0: 0x80005188 (0x00008451) c.srai  s0, 20
core   0: 3 0x80005188 (0x8451) x 8 0xfffffd1d
core   0: 0x8000518a (0x020aa733) mulhsu  a4, s5, zero
core   0: 3 0x8000518a (0x020aa733) x14 0x00000000
core   0: 0x8000518e (0x023ed233) divu    tp, t4, gp
core   0: 3 0x8000518e (0x023ed233) x 4 0xffffffff
core   0: 0x80005192 (0x000005bd) c.addi  a1, 15
core   0: 3 0x80005192 (0x05bd) x11 0x0000700f
core   0: 0x80005194 (0x03372f33) mulhsu  t5, a4, s3
core   0: 3 0x80005194 (0x03372f33) x30 0x00000000
core   0: 0x80005198 (0x00008fd5) c.or    a5, a3
core   0: 3 0x80005198 (0x8fd5) x15 0xbffff720
core   0: 0x8000519a (0x02e69033) mulh    zero, a3, a4
core   0: 3 0x8000519a (0x02e69033)
core   0: 0x8000519e (0x00008cc9) c.or    s1, a0
core   0: 3 0x8000519e (0x8cc9) x 9 0x00000001
core   0: 0x800051a0 (0x014f1133) sll     sp, t5, s4
core   0: 3 0x800051a0 (0x014f1133) x 2 0x00000000
core   0: 0x800051a4 (0x01ec2733) slt     a4, s8, t5
core   0: 3 0x800051a4 (0x01ec2733) x14 0x00000000
core   0: 0x800051a8 (0x028ba233) mulhsu  tp, s7, s0
core   0: 3 0x800051a8 (0x028ba233) x 4 0x00000000
core   0: 0x800051ac (0x408e5813) srai    a6, t3, 8
core   0: 3 0x800051ac (0x408e5813) x16 0x00000000
core   0: 0x800051b0 (0x412addb3) sra     s11, s5, s2
core   0: 3 0x800051b0 (0x412addb3) x27 0x000012c2
core   0: 0x800051b4 (0x00008766) c.mv    a4, s9
core   0: 3 0x800051b4 (0x8766) x14 0x00000000
core   0: 0x800051b6 (0x677a0117) auipc   sp, 0x677a0
core   0: 3 0x800051b6 (0x677a0117) x 2 0xe77a51b6
core   0: 0x800051ba (0x00000e51) c.addi  t3, 20
core   0: 3 0x800051ba (0x0e51) x28 0x00000014
core   0: 0x800051bc (0x01b16533) or      a0, sp, s11
core   0: 3 0x800051bc (0x01b16533) x10 0xe77a53f6
core   0: 0x800051c0 (0x00d276b3) and     a3, tp, a3
core   0: 3 0x800051c0 (0x00d276b3) x13 0x00000000
core   0: 0x800051c4 (0x0000838d) c.srli  a5, 3
core   0: 3 0x800051c4 (0x838d) x15 0x17fffee4
core   0: 0x800051c6 (0x41fb00b3) sub     ra, s6, t6
core   0: 3 0x800051c6 (0x41fb00b3) x 1 0xfffffffe
core   0: 0x800051ca (0x000089c9) c.andi  a1, 18
core   0: 3 0x800051ca (0x89c9) x11 0x00000002
core   0: 0x800051cc (0x00008da9) c.xor   a1, a0
core   0: 3 0x800051cc (0x8da9) x11 0xe77a53f4
core   0: 0x800051ce (0x02bb4b33) div     s6, s6, a1
core   0: 3 0x800051ce (0x02bb4b33) x22 0x00000000
core   0: 0x800051d2 (0x03c5ef33) rem     t5, a1, t3
core   0: 3 0x800051d2 (0x03c5ef33) x30 0xfffffff0
core   0: 0x800051d6 (0x2351d897) auipc   a7, 0x2351d
core   0: 3 0x800051d6 (0x2351d897) x17 0xa35221d6
core   0: 0x800051da (0x03c20db3) mul     s11, tp, t3
core   0: 3 0x800051da (0x03c20db3) x27 0x00000000
core   0: 0x800051de (0x00a072b3) and     t0, zero, a0
core   0: 3 0x800051de (0x00a072b3) x 5 0x00000000
core   0: 0x800051e2 (0x0000009e) c.slli  ra, 7
core   0: 3 0x800051e2 (0x009e) x 1 0xffffff00
core   0: 0x800051e4 (0x00000001) c.nop
core   0: 3 0x800051e4 (0x0001)
core   0: 0x800051e6 (0x00000001) c.nop
core   0: 3 0x800051e6 (0x0001)
core   0: 0x800051e8 (0x03a7b933) mulhu   s2, a5, s10
core   0: 3 0x800051e8 (0x03a7b933) x18 0x000000b3
core   0: 0x800051ec (0x03340db3) mul     s11, s0, s3
core   0: 3 0x800051ec (0x03340db3) x27 0x7d4fd554
core   0: 0x800051f0 (0x00005e7d) c.li    t3, -1
core   0: 3 0x800051f0 (0x5e7d) x28 0xffffffff
core   0: 0x800051f2 (0x00000189) c.addi  gp, 2
core   0: 3 0x800051f2 (0x0189) x 3 0x00000002
core   0: 0x800051f4 (0x1431a713) slti    a4, gp, 323
core   0: 3 0x800051f4 (0x1431a713) x14 0x00000001
core   0: 0x800051f8 (0x00d65193) srli    gp, a2, 13
core   0: 3 0x800051f8 (0x00d65193) x 3 0x00000000
core   0: 0x800051fc (0x00008421) c.srai  s0, 8
core   0: 3 0x800051fc (0x8421) x 8 0xfffffffd
core   0: 0x800051fe (0x000083e5) c.srli  a5, 25
core   0: 3 0x800051fe (0x83e5) x15 0x0000000b
core   0: 0x80005200 (0x00006221) c.lui   tp, 0x8
core   0: 3 0x80005200 (0x6221) x 4 0x00008000
core   0: 0x80005202 (0x01b246b3) xor     a3, tp, s11
core   0: 3 0x80005202 (0x01b246b3) x13 0x7d4f5554
core   0: 0x80005206 (0x00006165) c.addi16sp sp, 112
core   0: 3 0x80005206 (0x6165) x 2 0xe77a5226
core   0: 0x80005208 (0x027d8b33) mul     s6, s11, t2
core   0: 3 0x80005208 (0x027d8b33) x22 0x29186ed0
core   0: 0x8000520c (0x0000943a) c.add   s0, a4
core   0: 3 0x8000520c (0x943a) x 8 0xfffffffe
core   0: 0x8000520e (0x01f0c333) xor     t1, ra, t6
core   0: 3 0x8000520e (0x01f0c333) x 6 0xffffff01
core   0: 0x80005212 (0x00008515) c.srai  a0, 5
core   0: 3 0x80005212 (0x8515) x10 0xff3bd29f
core   0: 0x80005214 (0x7a5c8e93) addi    t4, s9, 1957
core   0: 3 0x80005214 (0x7a5c8e93) x29 0x000007a5
core   0: 0x80005218 (0x409a5133) sra     sp, s4, s1
core   0: 3 0x80005218 (0x409a5133) x 2 0xffffffff
core   0: 0x8000521c (0x00009bfd) c.andi  a5, -1
core   0: 3 0x8000521c (0x9bfd) x15 0x0000000b
core   0: 0x8000521e (0x00008de5) c.and   a1, s1
core   0: 3 0x8000521e (0x8de5) x11 0x00000000
core   0: 0x80005220 (0x00009d9a) c.add   s11, t1
core   0: 3 0x80005220 (0x9d9a) x27 0x7d4fd455
core   0: 0x80005222 (0x41545833) sra     a6, s0, s5
core   0: 3 0x80005222 (0x41545833) x16 0xffffffff
core   0: 0x80005226 (0x817c3193) sltiu   gp, s8, -2025
core   0: 3 0x80005226 (0x817c3193) x 3 0x00000001
core   0: 0x8000522a (0x00000001) c.nop
core   0: 3 0x8000522a (0x0001)
core   0: 0x8000522c (0x409c5333) sra     t1, s8, s1
core   0: 3 0x8000522c (0x409c5333) x 6 0x00000000
core   0: 0x80005230 (0x92b04293) xori    t0, zero, -1749
core   0: 3 0x80005230 (0x92b04293) x 5 0xfffff92b
core   0: 0x80005234 (0x000084ad) c.srai  s1, 11
core   0: 3 0x80005234 (0x84ad) x 9 0x00000000
core   0: 0x80005236 (0x001cc1b3) xor     gp, s9, ra
core   0: 3 0x80005236 (0x001cc1b3) x 3 0xffffff00
core   0: 0x8000523a (0x0205fb33) remu    s6, a1, zero
core   0: 3 0x8000523a (0x0205fb33) x22 0x00000000
core   0: 0x8000523e (0x00cb2733) slt     a4, s6, a2
core   0: 3 0x8000523e (0x00cb2733) x14 0x00000000
core   0: 0x80005242 (0x000081c2) c.mv    gp, a6
core   0: 3 0x80005242 (0x81c2) x 3 0xffffffff
core   0: 0x80005244 (0x0307eeb3) rem     t4, a5, a6
core   0: 3 0x80005244 (0x0307eeb3) x29 0x00000000
core   0: 0x80005248 (0x01345833) srl     a6, s0, s3
core   0: 3 0x80005248 (0x01345833) x16 0x0fffffff
core   0: 0x8000524c (0x00008f75) c.and   a4, a3
core   0: 3 0x8000524c (0x8f75) x14 0x00000000
core   0: 0x8000524e (0x00008175) c.srli  a0, 29
core   0: 3 0x8000524e (0x8175) x10 0x00000007
core   0: 0x80005250 (0x0000883a) c.mv    a6, a4
core   0: 3 0x80005250 (0x883a) x16 0x00000000
core   0: 0x80005252 (0x01faf933) and     s2, s5, t6
core   0: 3 0x80005252 (0x01faf933) x18 0x00000000
core   0: 0x80005256 (0x0226e1b3) rem     gp, a3, sp
core   0: 3 0x80005256 (0x0226e1b3) x 3 0x00000000
core   0: 0x8000525a (0x0000076d) c.addi  a4, 27
core   0: 3 0x8000525a (0x076d) x14 0x0000001b
core   0: 0x8000525c (0x02190d33) mul     s10, s2, ra
core   0: 3 0x8000525c (0x02190d33) x26 0x00000000
core   0: 0x80005260 (0x4079da33) sra     s4, s3, t2
core   0: 3 0x80005260 (0x4079da33) x20 0xf8000ee6
core   0: 0x80005264 (0x021af7b3) remu    a5, s5, ra
core   0: 3 0x80005264 (0x021af7b3) x15 0x00012c24
core   0: 0x80005268 (0x0000844d) c.srai  s0, 19
core   0: 3 0x80005268 (0x844d) x 8 0xffffffff
core   0: 0x8000526a (0xa6b3a797) auipc   a5, 0xa6b3a
core   0: 3 0x8000526a (0xa6b3a797) x15 0x26b3f26a
core   0: 0x8000526e (0x00009856) c.add   a6, s5
core   0: 3 0x8000526e (0x9856) x16 0x00012c24
core   0: 0x80005270 (0x00000001) c.nop
core   0: 3 0x80005270 (0x0001)
core   0: 0x80005272 (0x000042b5) c.li    t0, 13
core   0: 3 0x80005272 (0x42b5) x 5 0x0000000d
core   0: 0x80005274 (0x02c15c33) divu    s8, sp, a2
core   0: 3 0x80005274 (0x02c15c33) x24 0xffffffff
core   0: 0x80005278 (0x00008c3d) c.xor   s0, a5
core   0: 3 0x80005278 (0x8c3d) x 8 0xd94c0d95
core   0: 0x8000527a (0x00008d59) c.or    a0, a4
core   0: 3 0x8000527a (0x8d59) x10 0x0000001f
core   0: 0x8000527c (0x00008f8d) c.sub   a5, a1
core   0: 3 0x8000527c (0x8f8d) x15 0x26b3f26a
core   0: 0x8000527e (0x00000529) c.addi  a0, 10
core   0: 3 0x8000527e (0x0529) x10 0x00000029
core   0: 0x80005280 (0x00baee33) or      t3, s5, a1
core   0: 3 0x80005280 (0x00baee33) x28 0x00012c24
core   0: 0x80005284 (0x00009bfd) c.andi  a5, -1
core   0: 3 0x80005284 (0x9bfd) x15 0x26b3f26a
core   0: 0x80005286 (0x00008bc9) c.andi  a5, 18
core   0: 3 0x80005286 (0x8bc9) x15 0x00000002
core   0: 0x80005288 (0x546b0c13) addi    s8, s6, 1350
core   0: 3 0x80005288 (0x546b0c13) x24 0x00000546
core   0: 0x8000528c (0x41f98733) sub     a4, s3, t6
core   0: 3 0x8000528c (0x41f98733) x14 0x8000ee63
core   0: 0x80005290 (0x00008ff5) c.and   a5, a3
core   0: 3 0x80005290 (0x8ff5) x15 0x00000000
core   0: 0x80005292 (0x00008d5d) c.or    a0, a5
core   0: 3 0x80005292 (0x8d5d) x10 0x00000029
core   0: 0x80005294 (0x03654bb3) div     s7, a0, s6
core   0: 3 0x80005294 (0x03654bb3) x23 0xffffffff
core   0: 0x80005298 (0x01dc75b3) and     a1, s8, t4
core   0: 3 0x80005298 (0x01dc75b3) x11 0x00000000
core   0: 0x8000529c (0x00009b7d) c.andi  a4, -1
core   0: 3 0x8000529c (0x9b7d) x14 0x8000ee63
core   0: 0x8000529e (0x03e83733) mulhu   a4, a6, t5
core   0: 3 0x8000529e (0x03e83733) x14 0x00012c23
core   0: 0x800052a2 (0x00c40d33) add     s10, s0, a2
core   0: 3 0x800052a2 (0x00c40d33) x26 0xd94c0d95
core   0: 0x800052a6 (0x0069c333) xor     t1, s3, t1
core   0: 3 0x800052a6 (0x0069c333) x 6 0x8000ee64
core   0: 0x800052aa (0x7a5b7313) andi    t1, s6, 1957
core   0: 3 0x800052aa (0x7a5b7313) x 6 0x00000000
core   0: 0x800052ae (0x02860333) mul     t1, a2, s0
core   0: 3 0x800052ae (0x02860333) x 6 0x00000000
core   0: 0x800052b2 (0x006a7e33) and     t3, s4, t1
core   0: 3 0x800052b2 (0x006a7e33) x28 0x00000000
core   0: 0x800052b6 (0x02887333) remu    t1, a6, s0
core   0: 3 0x800052b6 (0x02887333) x 6 0x00012c24
core   0: 0x800052ba (0x013ed033) srl     zero, t4, s3
core   0: 3 0x800052ba (0x013ed033)
core   0: 0x800052be (0x01ad4c33) xor     s8, s10, s10
core   0: 3 0x800052be (0x01ad4c33) x24 0x00000000
core   0: 0x800052c2 (0x00000001) c.nop
core   0: 3 0x800052c2 (0x0001)
core   0: 0x800052c4 (0x0261d1b3) divu    gp, gp, t1
core   0: 3 0x800052c4 (0x0261d1b3) x 3 0x00000000
core   0: 0x800052c8 (0x0050bcb3) sltu    s9, ra, t0
core   0: 3 0x800052c8 (0x0050bcb3) x25 0x00000000
core   0: 0x800052cc (0x000008fe) c.slli  a7, 31
core   0: 3 0x800052cc (0x08fe) x17 0x00000000
core   0: 0x800052ce (0x46ea4913) xori    s2, s4, 1134
core   0: 3 0x800052ce (0x46ea4913) x18 0xf8000a88
core   0: 0x800052d2 (0x00008f59) c.or    a4, a4
core   0: 3 0x800052d2 (0x8f59) x14 0x00012c23
core   0: 0x800052d4 (0x03b1ccb3) div     s9, gp, s11
core   0: 3 0x800052d4 (0x03b1ccb3) x25 0x00000000
core   0: 0x800052d8 (0x0000968a) c.add   a3, sp
core   0: 3 0x800052d8 (0x968a) x13 0x7d4f5553
core   0: 0x800052da (0x00009b7e) c.add   s6, t6
core   0: 3 0x800052da (0x9b7e) x22 0x00000001
core   0: 0x800052dc (0x000082e1) c.srli  a3, 24
core   0: 3 0x800052dc (0x82e1) x13 0x0000007d
core   0: 0x800052de (0xb2d1b793) sltiu   a5, gp, -1235
core   0: 3 0x800052de (0xb2d1b793) x15 0x00000001
core   0: 0x800052e2 (0x03c99333) mulh    t1, s3, t3
core   0: 3 0x800052e2 (0x03c99333) x 6 0x00000000
core   0: 0x800052e6 (0x0126cfb3) xor     t6, a3, s2
core   0: 3 0x800052e6 (0x0126cfb3) x31 0xf8000af5
core   0: 0x800052ea (0x000065a5) c.lui   a1, 0x9
core   0: 3 0x800052ea (0x65a5) x11 0x00009000
core   0: 0x800052ec (0x0000018e) c.slli  gp, 3
core   0: 3 0x800052ec (0x018e) x 3 0x00000000
core   0: 0x800052ee (0x03e0c533) div     a0, ra, t5
core   0: 3 0x800052ee (0x03e0c533) x10 0x00000010
core   0: 0x800052f2 (0x5a16e293) ori     t0, a3, 1441
core   0: 3 0x800052f2 (0x5a16e293) x 5 0x000005fd
core   0: 0x800052f6 (0x01a04a33) xor     s4, zero, s10
core   0: 3 0x800052f6 (0x01a04a33) x20 0xd94c0d95
core   0: 0x800052fa (0x00551433) sll     s0, a0, t0
core   0: 3 0x800052fa (0x00551433) x 8 0x00000000
core   0: 0x800052fe (0x41ff5bb3) sra     s7, t5, t6
core   0: 3 0x800052fe (0x41ff5bb3) x23 0xffffffff
core   0: 0x80005302 (0x4d296e13) ori     t3, s2, 1234
core   0: 3 0x80005302 (0x4d296e13) x28 0xf8000eda
core   0: 0x80005306 (0x00008c81) c.sub   s1, s0
core   0: 3 0x80005306 (0x8c81) x 9 0x00000000
core   0: 0x80005308 (0x00006e31) c.lui   t3, 0xc
core   0: 3 0x80005308 (0x6e31) x28 0x0000c000
core   0: 0x8000530a (0x0000842a) c.mv    s0, a0
core   0: 3 0x8000530a (0x842a) x 8 0x00000010
core   0: 0x8000530c (0x027cebb3) rem     s7, s9, t2
core   0: 3 0x8000530c (0x027cebb3) x23 0x00000000
core   0: 0x80005310 (0x4065d093) srai    ra, a1, 6
core   0: 3 0x80005310 (0x4065d093) x 1 0x00000240
core   0: 0x80005314 (0x00000001) c.nop
core   0: 3 0x80005314 (0x0001)
core   0: 0x80005316 (0x00923a33) sltu    s4, tp, s1
core   0: 3 0x80005316 (0x00923a33) x20 0x00000000
core   0: 0x8000531a (0x41d78533) sub     a0, a5, t4
core   0: 3 0x8000531a (0x41d78533) x10 0x00000001
core   0: 0x8000531e (0x0000046d) c.addi  s0, 27
core   0: 3 0x8000531e (0x046d) x 8 0x0000002b
core   0: 0x80005320 (0x71e88d93) addi    s11, a7, 1822
core   0: 3 0x80005320 (0x71e88d93) x27 0x0000071e
core   0: 0x80005324 (0x03ca20b3) mulhsu  ra, s4, t3
core   0: 3 0x80005324 (0x03ca20b3) x 1 0x00000000
core   0: 0x80005328 (0x000047c1) c.li    a5, 16
core   0: 3 0x80005328 (0x47c1) x15 0x00000010
core   0: 0x8000532a (0xb5a5fd13) andi    s10, a1, -1190
core   0: 3 0x8000532a (0xb5a5fd13) x26 0x00009000
core   0: 0x8000532e (0x0a76f893) andi    a7, a3, 167
core   0: 3 0x8000532e (0x0a76f893) x17 0x00000025
core   0: 0x80005332 (0x00008475) c.srai  s0, 29
core   0: 3 0x80005332 (0x8475) x 8 0x00000000
core   0: 0x80005334 (0x01899493) slli    s1, s3, 24
core   0: 3 0x80005334 (0x01899493) x 9 0x64000000
core   0: 0x80005338 (0x00ce80b3) add     ra, t4, a2
core   0: 3 0x80005338 (0x00ce80b3) x 1 0x00000000
core   0: 0x8000533c (0x01c7ed93) ori     s11, a5, 28
core   0: 3 0x8000533c (0x01c7ed93) x27 0x0000001c
core   0: 0x80005340 (0x2bed6b93) ori     s7, s10, 702
core   0: 3 0x80005340 (0x2bed6b93) x23 0x000092be
core   0: 0x80005344 (0x405bdcb3) sra     s9, s7, t0
core   0: 3 0x80005344 (0x405bdcb3) x25 0x00000000
core   0: 0x80005348 (0x416507b3) sub     a5, a0, s6
core   0: 3 0x80005348 (0x416507b3) x15 0x00000000
core   0: 0x8000534c (0x0096a5b3) slt     a1, a3, s1
core   0: 3 0x8000534c (0x0096a5b3) x11 0x00000001
core   0: 0x80005350 (0x0000092e) c.slli  s2, 11
core   0: 3 0x80005350 (0x092e) x18 0x00544000
core   0: 0x80005352 (0x02f7e733) rem     a4, a5, a5
core   0: 3 0x80005352 (0x02f7e733) x14 0x00000000
core   0: 0x80005356 (0x00008089) c.srli  s1, 2
core   0: 3 0x80005356 (0x8089) x 9 0x19000000
core   0: 0x80005358 (0x0000717d) c.addi16sp sp, -16
core   0: 3 0x80005358 (0x717d) x 2 0xffffffef
core   0: 0x8000535a (0x01ec3b33) sltu    s6, s8, t5
core   0: 3 0x8000535a (0x01ec3b33) x22 0x00000001
core   0: 0x8000535e (0x00000001) c.nop
core   0: 3 0x8000535e (0x0001)
core   0: 0x80005360 (0xe3ba2d13) slti    s10, s4, -453
core   0: 3 0x80005360 (0xe3ba2d13) x26 0x00000000
core   0: 0x80005364 (0x03963b13) sltiu   s6, a2, 57
core   0: 3 0x80005364 (0x03963b13) x22 0x00000001
core   0: 0x80005368 (0x034970b3) remu    ra, s2, s4
core   0: 3 0x80005368 (0x034970b3) x 1 0x00544000
core   0: 0x8000536c (0x00001efd) c.addi  t4, -1
core   0: 3 0x8000536c (0x1efd) x29 0xffffffff
core   0: 0x8000536e (0x00001a04) c.addi4spn s1, sp, 304
core   0: 3 0x8000536e (0x1a04) x 9 0x0000011f
core   0: 0x80005370 (0x02140e33) mul     t3, s0, ra
core   0: 3 0x80005370 (0x02140e33) x28 0x00000000
core   0: 0x80005374 (0x00008c51) c.or    s0, a2
core   0: 3 0x80005374 (0x8c51) x 8 0x00000000
core   0: 0x80005376 (0x03311833) mulh    a6, sp, s3
core   0: 3 0x80005376 (0x03311833) x16 0x00000008
core   0: 0x8000537a (0x41e1db33) sra     s6, gp, t5
core   0: 3 0x8000537a (0x41e1db33) x22 0x00000000
core   0: 0x8000537e (0x00000001) c.nop
core   0: 3 0x8000537e (0x0001)
core   0: 0x80005380 (0x00596bb3) or      s7, s2, t0
core   0: 3 0x80005380 (0x00596bb3) x23 0x005445fd
core   0: 0x80005384 (0x004c97b3) sll     a5, s9, tp
core   0: 3 0x80005384 (0x004c97b3) x15 0x00000000
core   0: 0x80005388 (0x00008a6a) c.mv    s4, s10
core   0: 3 0x80005388 (0x8a6a) x20 0x00000000
core   0: 0x8000538a (0x00bf4bb3) xor     s7, t5, a1
core   0: 3 0x8000538a (0x00bf4bb3) x23 0xfffffff1
core   0: 0x8000538e (0x012941b3) xor     gp, s2, s2
core   0: 3 0x8000538e (0x012941b3) x 3 0x00000000
core   0: 0x80005392 (0x00001f04) c.addi4spn s1, sp, 944
core   0: 3 0x80005392 (0x1f04) x 9 0x0000039f
core   0: 0x80005394 (0x00000001) c.nop
core   0: 3 0x80005394 (0x0001)
core   0: 0x80005396 (0x4162de93) srai    t4, t0, 22
core   0: 3 0x80005396 (0x4162de93) x29 0x00000000
core   0: 0x8000539a (0x02165cb3) divu    s9, a2, ra
core   0: 3 0x8000539a (0x02165cb3) x25 0x00000000
core   0: 0x8000539e (0x02969db3) mulh    s11, a3, s1
core   0: 3 0x8000539e (0x02969db3) x27 0x00000000
core   0: 0x800053a2 (0x4d699d17) auipc   s10, 0x4d699
core   0: 3 0x800053a2 (0x4d699d17) x26 0xcd69e3a2
core   0: 0x800053a6 (0x02799133) mulh    sp, s3, t2
core   0: 3 0x800053a6 (0x02799133) x 2 0x3ffef25d
core   0: 0x800053aa (0x32507b13) andi    s6, zero, 805
core   0: 3 0x800053aa (0x32507b13) x22 0x00000000
core   0: 0x800053ae (0x00008f99) c.sub   a5, a4
core   0: 3 0x800053ae (0x8f99) x15 0x00000000
core   0: 0x800053b0 (0x01325f13) srli    t5, tp, 19
core   0: 3 0x800053b0 (0x01325f13) x30 0x00000000
core   0: 0x800053b4 (0x00000001) c.nop
core   0: 3 0x800053b4 (0x0001)
core   0: 0x800053b6 (0x00008cbd) c.xor   s1, a5
core   0: 3 0x800053b6 (0x8cbd) x 9 0x0000039f
core   0: 0x800053b8 (0x090c0e93) addi    t4, s8, 144
core   0: 3 0x800053b8 (0x090c0e93) x29 0x00000090
core   0: 0x800053bc (0xff410093) addi    ra, sp, -12
core   0: 3 0x800053bc (0xff410093) x 1 0x3ffef251
core   0: 0x800053c0 (0x00fbf7b3) and     a5, s7, a5
core   0: 3 0x800053c0 (0x00fbf7b3) x15 0x00000000
core   0: 0x800053c4 (0x00009bae) c.add   s7, a1
core   0: 3 0x800053c4 (0x9bae) x23 0xfffffff2
core   0: 0x800053c6 (0xdff70c13) addi    s8, a4, -513
core   0: 3 0x800053c6 (0xdff70c13) x24 0xfffffdff
core   0: 0x800053ca (0x419bd2b3) sra     t0, s7, s9
core   0: 3 0x800053ca (0x419bd2b3) x 5 0xfffffff2
core   0: 0x800053ce (0x00008d7d) c.and   a0, a5
core   0: 3 0x800053ce (0x8d7d) x10 0x00000000
core   0: 0x800053d0 (0x000091ae) c.add   gp, a1
core   0: 3 0x800053d0 (0x91ae) x 3 0x00000001
core   0: 0x800053d2 (0x016c5313) srli    t1, s8, 22
core   0: 3 0x800053d2 (0x016c5313) x 6 0x000003ff
core   0: 0x800053d6 (0x40f98033) sub     zero, s3, a5
core   0: 3 0x800053d6 (0x40f98033)
core   0: 0x800053da (0x01529d13) slli    s10, t0, 21
core   0: 3 0x800053da (0x01529d13) x26 0xfe400000
core   0: 0x800053de (0x002c9eb3) sll     t4, s9, sp
core   0: 3 0x800053de (0x002c9eb3) x29 0x00000000
core   0: 0x800053e2 (0x9ae17213) andi    tp, sp, -1618
core   0: 3 0x800053e2 (0x9ae17213) x 4 0x3ffef00c
core   0: 0x800053e6 (0x00008812) c.mv    a6, tp
core   0: 3 0x800053e6 (0x8812) x16 0x3ffef00c
core   0: 0x800053e8 (0x00008ea9) c.xor   a3, a0
core   0: 3 0x800053e8 (0x8ea9) x13 0x0000007d
core   0: 0x800053ea (0x006e1a93) slli    s5, t3, 6
core   0: 3 0x800053ea (0x006e1a93) x21 0x00000000
core   0: 0x800053ee (0x8e723713) sltiu   a4, tp, -1817
core   0: 3 0x800053ee (0x8e723713) x14 0x00000001
core   0: 0x800053f2 (0x6ac0b517) auipc   a0, 0x6ac0b
core   0: 3 0x800053f2 (0x6ac0b517) x10 0xeac103f2
core   0: 0x800053f6 (0x01a6bd33) sltu    s10, a3, s10
core   0: 3 0x800053f6 (0x01a6bd33) x26 0x00000001
core   0: 0x800053fa (0x41a204b3) sub     s1, tp, s10
core   0: 3 0x800053fa (0x41a204b3) x 9 0x3ffef00b
core   0: 0x800053fe (0x0d74fa13) andi    s4, s1, 215
core   0: 3 0x800053fe (0x0d74fa13) x20 0x00000003
core   0: 0x80005402 (0x0000987d) c.andi  s0, -1
core   0: 3 0x80005402 (0x987d) x 8 0x00000000
core   0: 0x80005404 (0x00008cd9) c.or    s1, a4
core   0: 3 0x80005404 (0x8cd9) x 9 0x3ffef00b
core   0: 0x80005406 (0x000046ed) c.li    a3, 27
core   0: 3 0x80005406 (0x46ed) x13 0x0000001b
core   0: 0x80005408 (0x027b8033) mul     zero, s7, t2
core   0: 3 0x80005408 (0x027b8033)
core   0: 0x8000540c (0x032b57b3) divu    a5, s6, s2
core   0: 3 0x8000540c (0x032b57b3) x15 0x00000000
core   0: 0x80005410 (0x00bc5893) srli    a7, s8, 11
core   0: 3 0x80005410 (0x00bc5893) x17 0x001fffff
core   0: 0x80005414 (0x40195893) srai    a7, s2, 1
core   0: 3 0x80005414 (0x40195893) x17 0x002a2000
core   0: 0x80005418 (0x02c3f5b3) remu    a1, t2, a2
core   0: 3 0x80005418 (0x02c3f5b3) x11 0x80012ce4
core   0: 0x8000541c (0x027a7933) remu    s2, s4, t2
core   0: 3 0x8000541c (0x027a7933) x18 0x00000003
core   0: 0x80005420 (0x010358b3) srl     a7, t1, a6
core   0: 3 0x80005420 (0x010358b3) x17 0x00000000
core   0: 0x80005424 (0x00000001) c.nop
core   0: 3 0x80005424 (0x0001)
core   0: 0x80005426 (0x00006149) c.addi16sp sp, 144
core   0: 3 0x80005426 (0x6149) x 2 0x3ffef2ed
core   0: 0x80005428 (0x03b17ab3) remu    s5, sp, s11
core   0: 3 0x80005428 (0x03b17ab3) x21 0x3ffef2ed
core   0: 0x8000542c (0x000081a9) c.srli  a1, 10
core   0: 3 0x8000542c (0x81a9) x11 0x0020004b
core   0: 0x8000542e (0x0293cfb3) div     t6, t2, s1
core   0: 3 0x8000542e (0x0293cfb3) x31 0xfffffffe
core   0: 0x80005432 (0x00008d41) c.or    a0, s0
core   0: 3 0x80005432 (0x8d41) x10 0xeac103f2
core   0: 0x80005434 (0x35c5c293) xori    t0, a1, 860
core   0: 3 0x80005434 (0x35c5c293) x 5 0x00200317
core   0: 0x80005438 (0x00f29193) slli    gp, t0, 15
core   0: 3 0x80005438 (0x00f29193) x 3 0x018b8000
core   0: 0x8000543c (0x032de1b3) rem     gp, s11, s2
core   0: 3 0x8000543c (0x032de1b3) x 3 0x00000000
core   0: 0x80005440 (0x00009a7e) c.add   s4, t6
core   0: 3 0x80005440 (0x9a7e) x20 0x00000001
core   0: 0x80005442 (0x41aa5693) srai    a3, s4, 26
core   0: 3 0x80005442 (0x41aa5693) x13 0x00000000
core   0: 0x80005446 (0x00006109) c.addi16sp sp, 128
core   0: 3 0x80005446 (0x6109) x 2 0x3ffef36d
core   0: 0x80005448 (0x0000158c) c.addi4spn a1, sp, 736
core   0: 3 0x80005448 (0x158c) x11 0x3ffef64d
core   0: 0x8000544a (0x41f25193) srai    gp, tp, 31
core   0: 3 0x8000544a (0x41f25193) x 3 0x00000000
core   0: 0x8000544e (0x000be1b3) or      gp, s7, zero
core   0: 3 0x8000544e (0x000be1b3) x 3 0xfffffff2
core   0: 0x80005452 (0x02f6f933) remu    s2, a3, a5
core   0: 3 0x80005452 (0x02f6f933) x18 0x00000000
core   0: 0x80005456 (0x0000127d) c.addi  tp, -1
core   0: 3 0x80005456 (0x127d) x 4 0x3ffef00b
core   0: 0x80005458 (0x02d1f333) remu    t1, gp, a3
core   0: 3 0x80005458 (0x02d1f333) x 6 0xfffffff2
core   0: 0x8000545c (0x0000138c) c.addi4spn a1, sp, 480
core   0: 3 0x8000545c (0x138c) x11 0x3ffef54d
core   0: 0x8000545e (0x000067ad) c.lui   a5, 0xb
core   0: 3 0x8000545e (0x67ad) x15 0x0000b000
core   0: 0x80005460 (0x0109d4b3) srl     s1, s3, a6
core   0: 3 0x80005460 (0x0109d4b3) x 9 0x0008000e
core   0: 0x80005464 (0x002df933) and     s2, s11, sp
core   0: 3 0x80005464 (0x002df933) x18 0x00000000
core   0: 0x80005468 (0x007f6333) or      t1, t5, t2
core   0: 3 0x80005468 (0x007f6333) x 6 0x80012ce4
core   0: 0x8000546c (0x62e02f13) slti    t5, zero, 1582
core   0: 3 0x8000546c (0x62e02f13) x30 0x00000001
core   0: 0x80005470 (0x010cda33) srl     s4, s9, a6
core   0: 3 0x80005470 (0x010cda33) x20 0x00000000
core   0: 0x80005474 (0x01ff4433) xor     s0, t5, t6
core   0: 3 0x80005474 (0x01ff4433) x 8 0xffffffff
core   0: 0x80005478 (0x00008dc5) c.or    a1, s1
core   0: 3 0x80005478 (0x8dc5) x11 0x3ffef54f
core   0: 0x8000547a (0x03fc2933) mulhsu  s2, s8, t6
core   0: 3 0x8000547a (0x03fc2933) x18 0xfffffdff
core   0: 0x8000547e (0x038a0333) mul     t1, s4, s8
core   0: 3 0x8000547e (0x038a0333) x 6 0x00000000
core   0: 0x80005482 (0x00000001) c.nop
core   0: 3 0x80005482 (0x0001)
core   0: 0x80005484 (0x03938bb3) mul     s7, t2, s9
core   0: 3 0x80005484 (0x03938bb3) x23 0x00000000
core   0: 0x80005488 (0x00000001) c.nop
core   0: 3 0x80005488 (0x0001)
core   0: 0x8000548a (0x00008eba) c.mv    t4, a4
core   0: 3 0x8000548a (0x8eba) x29 0x00000001
core   0: 0x8000548c (0x000096fe) c.add   a3, t6
core   0: 3 0x8000548c (0x96fe) x13 0xfffffffe
core   0: 0x8000548e (0x0000818d) c.srli  a1, 3
core   0: 3 0x8000548e (0x818d) x11 0x07ffdea9
core   0: 0x80005490 (0x06608093) addi    ra, ra, 102
core   0: 3 0x80005490 (0x06608093) x 1 0x3ffef2b7
core   0: 0x80005494 (0x41785fb3) sra     t6, a6, s7
core   0: 3 0x80005494 (0x41785fb3) x31 0x3ffef00c
core   0: 0x80005498 (0x00001ffd) c.addi  t6, -1
core   0: 3 0x80005498 (0x1ffd) x31 0x3ffef00b
core   0: 0x8000549a (0x01945b13) srli    s6, s0, 25
core   0: 3 0x8000549a (0x01945b13) x22 0x0000007f
core   0: 0x8000549e (0x01b69b93) slli    s7, a3, 27
core   0: 3 0x8000549e (0x01b69b93) x23 0xf0000000
core   0: 0x800054a2 (0x0090edb3) or      s11, ra, s1
core   0: 3 0x800054a2 (0x0090edb3) x27 0x3ffef2bf
core   0: 0x800054a6 (0x00000bba) c.slli  s7, 14
core   0: 3 0x800054a6 (0x0bba) x23 0x00000000
core   0: 0x800054a8 (0x01b9d293) srli    t0, s3, 27
core   0: 3 0x800054a8 (0x01b9d293) x 5 0x00000010
core   0: 0x800054ac (0x00008bd9) c.andi  a5, 22
core   0: 3 0x800054ac (0x8bd9) x15 0x00000000
core   0: 0x800054ae (0x00c44533) xor     a0, s0, a2
core   0: 3 0x800054ae (0x00c44533) x10 0xffffffff
core   0: 0x800054b2 (0x00000bf2) c.slli  s7, 28
core   0: 3 0x800054b2 (0x0bf2) x23 0x00000000
core   0: 0x800054b4 (0xf60aef37) lui     t5, 0xf60ae
core   0: 3 0x800054b4 (0xf60aef37) x30 0xf60ae000
core   0: 0x800054b8 (0x00e6d433) srl     s0, a3, a4
core   0: 3 0x800054b8 (0x00e6d433) x 8 0x7fffffff
core   0: 0x800054bc (0x00008d75) c.and   a0, a3
core   0: 3 0x800054bc (0x8d75) x10 0xfffffffe
core   0: 0x800054be (0x40a7d233) sra     tp, a5, a0
core   0: 3 0x800054be (0x40a7d233) x 4 0x00000000
core   0: 0x800054c2 (0x027c1333) mulh    t1, s8, t2
core   0: 3 0x800054c2 (0x027c1333) x 6 0x00000100
core   0: 0x800054c6 (0x19c5cd93) xori    s11, a1, 412
core   0: 3 0x800054c6 (0x19c5cd93) x27 0x07ffdf35
core   0: 0x800054ca (0xa5908e13) addi    t3, ra, -1447
core   0: 3 0x800054ca (0xa5908e13) x28 0x3ffeed10
core   0: 0x800054ce (0x0357a1b3) mulhsu  gp, a5, s5
core   0: 3 0x800054ce (0x0357a1b3) x 3 0x00000000
core   0: 0x800054d2 (0x0000805d) c.srli  s0, 23
core   0: 3 0x800054d2 (0x805d) x 8 0x000000ff
core   0: 0x800054d4 (0x02c75b33) divu    s6, a4, a2
core   0: 3 0x800054d4 (0x02c75b33) x22 0xffffffff
core   0: 0x800054d8 (0x0171efb3) or      t6, gp, s7
core   0: 3 0x800054d8 (0x0171efb3) x31 0x00000000
core   0: 0x800054dc (0x00008b91) c.andi  a5, 4
core   0: 3 0x800054dc (0x8b91) x15 0x00000000
core   0: 0x800054de (0x000088da) c.mv    a7, s6
core   0: 3 0x800054de (0x88da) x17 0xffffffff
core   0: 0x800054e0 (0x0109af33) slt     t5, s3, a6
core   0: 3 0x800054e0 (0x0109af33) x30 0x00000001
core   0: 0x800054e4 (0x0000985e) c.add   a6, s7
core   0: 3 0x800054e4 (0x985e) x16 0x3ffef00c
core   0: 0x800054e6 (0x00008f11) c.sub   a4, a2
core   0: 3 0x800054e6 (0x8f11) x14 0x00000001
core   0: 0x800054e8 (0x296a4813) xori    a6, s4, 662
core   0: 3 0x800054e8 (0x296a4813) x16 0x00000296
core   0: 0x800054ec (0x00009bf2) c.add   s7, t3
core   0: 3 0x800054ec (0x9bf2) x23 0x3ffeed10
core   0: 0x800054ee (0x40d58733) sub     a4, a1, a3
core   0: 3 0x800054ee (0x40d58733) x14 0x07ffdeab
core   0: 0x800054f2 (0x0000611d) c.addi16sp sp, 416
core   0: 3 0x800054f2 (0x611d) x 2 0x3ffef50d
core   0: 0x800054f4 (0x07f4cf37) lui     t5, 0x7f4c
core   0: 3 0x800054f4 (0x07f4cf37) x30 0x07f4c000
core   0: 0x800054f8 (0xc9d42237) lui     tp, 0xc9d42
core   0: 3 0x800054f8 (0xc9d42237) x 4 0xc9d42000
core   0: 0x800054fc (0x00000d1c) c.addi4spn a5, sp, 656
core   0: 3 0x800054fc (0x0d1c) x15 0x3ffef79d
core   0: 0x800054fe (0x00008ef2) c.mv    t4, t3
core   0: 3 0x800054fe (0x8ef2) x29 0x3ffeed10
core   0: 0x80005500 (0x02d23533) mulhu   a0, tp, a3
core   0: 3 0x80005500 (0x02d23533) x10 0xc9d41ffe
core   0: 0x80005504 (0x41c304b3) sub     s1, t1, t3
core   0: 3 0x80005504 (0x41c304b3) x 9 0xc00113f0
core   0: 0x80005508 (0x00009fd6) c.add   t6, s5
core   0: 3 0x80005508 (0x9fd6) x31 0x3ffef2ed
core   0: 0x8000550a (0x00008c19) c.sub   s0, a4
core   0: 3 0x8000550a (0x8c19) x 8 0xf8002254
core   0: 0x8000550c (0x00f24333) xor     t1, tp, a5
core   0: 3 0x8000550c (0x00f24333) x 6 0xf62ad79d
core   0: 0x80005510 (0x000055fd) c.li    a1, -1
core   0: 3 0x80005510 (0x55fd) x11 0xffffffff
core   0: 0x80005512 (0x00008c25) c.xor   s0, s1
core   0: 3 0x80005512 (0x8c25) x 8 0x380131a4
core   0: 0x80005514 (0x00008eee) c.mv    t4, s11
core   0: 3 0x80005514 (0x8eee) x29 0x07ffdf35
core   0: 0x80005516 (0x00b1de13) srli    t3, gp, 11
core   0: 3 0x80005516 (0x00b1de13) x28 0x00000000
core   0: 0x8000551a (0x0000935a) c.add   t1, s6
core   0: 3 0x8000551a (0x935a) x 6 0xf62ad79c
core   0: 0x8000551c (0x6d4166b7) lui     a3, 0x6d416
core   0: 3 0x8000551c (0x6d4166b7) x13 0x6d416000
core   0: 0x80005520 (0x00d89793) slli    a5, a7, 13
core   0: 3 0x80005520 (0x00d89793) x15 0xffffe000
core   0: 0x80005524 (0x022adc33) divu    s8, s5, sp
core   0: 3 0x80005524 (0x022adc33) x24 0x00000000
core   0: 0x80005528 (0x00008dd9) c.or    a1, a4
core   0: 3 0x80005528 (0x8dd9) x11 0xffffffff
core   0: 0x8000552a (0x00006f79) c.lui   t5, 0x1e
core   0: 3 0x8000552a (0x6f79) x30 0x0001e000
core   0: 0x8000552c (0x000cd4b3) srl     s1, s9, zero
core   0: 3 0x8000552c (0x000cd4b3) x 9 0x00000000
core   0: 0x80005530 (0x028ee833) rem     a6, t4, s0
core   0: 3 0x80005530 (0x028ee833) x16 0x07ffdf35
core   0: 0x80005534 (0x036470b3) remu    ra, s0, s6
core   0: 3 0x80005534 (0x036470b3) x 1 0x380131a4
core   0: 0x80005538 (0x025e76b3) remu    a3, t3, t0
core   0: 3 0x80005538 (0x025e76b3) x13 0x00000000
core   0: 0x8000553c (0x01afae33) slt     t3, t6, s10
core   0: 3 0x8000553c (0x01afae33) x28 0x00000000
core   0: 0x80005540 (0x000083d9) c.srli  a5, 22
core   0: 3 0x80005540 (0x83d9) x15 0x000003ff
core   0: 0x80005542 (0x9b3a2897) auipc   a7, 0x9b3a2
core   0: 3 0x80005542 (0x9b3a2897) x17 0x1b3a7542
core   0: 0x80005546 (0x03146d33) rem     s10, s0, a7
core   0: 3 0x80005546 (0x03146d33) x26 0x018c4720
core   0: 0x8000554a (0x400785b3) sub     a1, a5, zero
core   0: 3 0x8000554a (0x400785b3) x11 0x000003ff
core   0: 0x8000554e (0x728f31b7) lui     gp, 0x728f3
core   0: 3 0x8000554e (0x728f31b7) x 3 0x728f3000
core   0: 0x80005552 (0x00006209) c.lui   tp, 0x2
core   0: 3 0x80005552 (0x6209) x 4 0x00002000
core   0: 0x80005554 (0x01b5c233) xor     tp, a1, s11
core   0: 3 0x80005554 (0x01b5c233) x 4 0x07ffdcca
core   0: 0x80005558 (0x00008069) c.srli  s0, 26
core   0: 3 0x80005558 (0x8069) x 8 0x0000000e
core   0: 0x8000555a (0x02fcfcb3) remu    s9, s9, a5
core   0: 3 0x8000555a (0x02fcfcb3) x25 0x00000000
core   0: 0x8000555e (0x00005cfd) c.li    s9, -1
core   0: 3 0x8000555e (0x5cfd) x25 0xffffffff
core   0: 0x80005560 (0x41415db3) sra     s11, sp, s4
core   0: 3 0x80005560 (0x41415db3) x27 0x3ffef50d
core   0: 0x80005564 (0x00008c95) c.sub   s1, a3
core   0: 3 0x80005564 (0x8c95) x 9 0x00000000
core   0: 0x80005566 (0x00008309) c.srli  a4, 2
core   0: 3 0x80005566 (0x8309) x14 0x01fff7aa
core   0: 0x80005568 (0x01c1ad33) slt     s10, gp, t3
core   0: 3 0x80005568 (0x01c1ad33) x26 0x00000000
core   0: 0x8000556c (0xb12e0e13) addi    t3, t3, -1262
core   0: 3 0x8000556c (0xb12e0e13) x28 0xfffffb12
core   0: 0x80005570 (0x02f79ab3) mulh    s5, a5, a5
core   0: 3 0x80005570 (0x02f79ab3) x21 0x00000000
core   0: 0x80005574 (0x00d35813) srli    a6, t1, 13
core   0: 3 0x80005574 (0x00d35813) x16 0x0007b156
core   0: 0x80005578 (0x022b4eb3) div     t4, s6, sp
core   0: 3 0x80005578 (0x022b4eb3) x29 0x00000000
core   0: 0x8000557c (0x0000879d) c.srai  a5, 7
core   0: 3 0x8000557c (0x879d) x15 0x00000007
core   0: 0x8000557e (0x029646b3) div     a3, a2, s1
core   0: 3 0x8000557e (0x029646b3) x13 0xffffffff
core   0: 0x80005582 (0x00008915) c.andi  a0, 5
core   0: 3 0x80005582 (0x8915) x10 0x00000004
core   0: 0x80005584 (0x00008b51) c.andi  a4, 20
core   0: 3 0x80005584 (0x8b51) x14 0x00000000
core   0: 0x80005586 (0x00008731) c.srai  a4, 12
core   0: 3 0x80005586 (0x8731) x14 0x00000000
core   0: 0x80005588 (0x405fd433) sra     s0, t6, t0
core   0: 3 0x80005588 (0x405fd433) x 8 0x00003ffe
core   0: 0x8000558c (0x40365033) sra     zero, a2, gp
core   0: 3 0x8000558c (0x40365033)
core   0: 0x80005590 (0x00279f33) sll     t5, a5, sp
core   0: 3 0x80005590 (0x00279f33) x30 0x0000e000
core   0: 0x80005594 (0x13a4b813) sltiu   a6, s1, 314
core   0: 3 0x80005594 (0x13a4b813) x16 0x00000001
core   0: 0x80005598 (0x00000001) c.nop
core   0: 3 0x80005598 (0x0001)
core   0: 0x8000559a (0x01c38f33) add     t5, t2, t3
core   0: 3 0x8000559a (0x01c38f33) x30 0x800127f6
core   0: 0x8000559e (0xa999cc93) xori    s9, s3, -1383
core   0: 3 0x8000559e (0xa999cc93) x25 0x7fff14fd
core   0: 0x800055a2 (0x007b5033) srl     zero, s6, t2
core   0: 3 0x800055a2 (0x007b5033)
core   0: 0x800055a6 (0x7dfba693) slti    a3, s7, 2015
core   0: 3 0x800055a6 (0x7dfba693) x13 0x00000000
core   0: 0x800055aa (0x014e1213) slli    tp, t3, 20
core   0: 3 0x800055aa (0x014e1213) x 4 0xb1200000
core   0: 0x800055ae (0x00006175) c.addi16sp sp, 368
core   0: 3 0x800055ae (0x6175) x 2 0x3ffef67d
core   0: 0x800055b0 (0x000018fd) c.addi  a7, -1
core   0: 3 0x800055b0 (0x18fd) x17 0x1b3a7541
core   0: 0x800055b2 (0x41b982b3) sub     t0, s3, s11
core   0: 3 0x800055b2 (0x41b982b3) x 5 0x4001f957
core   0: 0x800055b6 (0x127bb913) sltiu   s2, s7, 295
core   0: 3 0x800055b6 (0x127bb913) x18 0x00000000
core   0: 0x800055ba (0x0163c233) xor     tp, t2, s6
core   0: 3 0x800055ba (0x0163c233) x 4 0x7ffed31b
core   0: 0x800055be (0x00008ff1) c.and   a5, a2
core   0: 3 0x800055be (0x8ff1) x15 0x00000000
core   0: 0x800055c0 (0x00753b33) sltu    s6, a0, t2
core   0: 3 0x800055c0 (0x00753b33) x22 0x00000001
core   0: 0x800055c4 (0x0215cf33) div     t5, a1, ra
core   0: 3 0x800055c4 (0x0215cf33) x30 0x00000000
core   0: 0x800055c8 (0x4cbf64b7) lui     s1, 0x4cbf6
core   0: 3 0x800055c8 (0x4cbf64b7) x 9 0x4cbf6000
core   0: 0x800055cc (0x033a4433) div     s0, s4, s3
core   0: 3 0x800055cc (0x033a4433) x 8 0x00000000
core   0: 0x800055d0 (0x011eb333) sltu    t1, t4, a7
core   0: 3 0x800055d0 (0x011eb333) x 6 0x00000001
core   0: 0x800055d4 (0x00000d84) c.addi4spn s1, sp, 720
core   0: 3 0x800055d4 (0x0d84) x 9 0x3ffef94d
core   0: 0x800055d6 (0x0008c233) xor     tp, a7, zero
core   0: 3 0x800055d6 (0x0008c233) x 4 0x1b3a7541
core   0: 0x800055da (0x92f07c93) andi    s9, zero, -1745
core   0: 3 0x800055da (0x92f07c93) x25 0x00000000
core   0: 0x800055de (0x00ff9313) slli    t1, t6, 15
core   0: 3 0x800055de (0x00ff9313) x 6 0x79768000
core   0: 0x800055e2 (0x00736d33) or      s10, t1, t2
core   0: 3 0x800055e2 (0x00736d33) x26 0xf977ace4
core   0: 0x800055e6 (0x41a1dd93) srai    s11, gp, 26
core   0: 3 0x800055e6 (0x41a1dd93) x27 0x0000001c
core   0: 0x800055ea (0x02ea1f33) mulh    t5, s4, a4
core   0: 3 0x800055ea (0x02ea1f33) x30 0x00000000
core   0: 0x800055ee (0x4029d2b3) sra     t0, s3, sp
core   0: 3 0x800055ee (0x4029d2b3) x 5 0xfffffffc
core   0: 0x800055f2 (0xe685f813) andi    a6, a1, -408
core   0: 3 0x800055f2 (0xe685f813) x16 0x00000268
core   0: 0x800055f6 (0x0082ed33) or      s10, t0, s0
core   0: 3 0x800055f6 (0x0082ed33) x26 0xfffffffc
core   0: 0x800055fa (0x00008179) c.srli  a0, 30
core   0: 3 0x800055fa (0x8179) x10 0x00000000
core   0: 0x800055fc (0x00f80fb3) add     t6, a6, a5
core   0: 3 0x800055fc (0x00f80fb3) x31 0x00000268
core   0: 0x80005600 (0x00001c18) c.addi4spn a4, sp, 560
core   0: 3 0x80005600 (0x1c18) x14 0x3ffef8ad
core   0: 0x80005602 (0xa39de213) ori     tp, s11, -1479
core   0: 3 0x80005602 (0xa39de213) x 4 0xfffffa3d
core   0: 0x80005606 (0x00008db9) c.xor   a1, a4
core   0: 3 0x80005606 (0x8db9) x11 0x3ffefb52
core   0: 0x80005608 (0xfdd52a93) slti    s5, a0, -35
core   0: 3 0x80005608 (0xfdd52a93) x21 0x00000000
core   0: 0x8000560c (0x009c58b3) srl     a7, s8, s1
core   0: 3 0x8000560c (0x009c58b3) x17 0x00000000
core   0: 0x80005610 (0x03f2c1b3) div     gp, t0, t6
core   0: 3 0x80005610 (0x03f2c1b3) x 3 0x00000000
core   0: 0x80005614 (0x00000001) c.nop
core   0: 3 0x80005614 (0x0001)
core   0: 0x80005616 (0xbaae6193) ori     gp, t3, -1110
core   0: 3 0x80005616 (0xbaae6193) x 3 0xfffffbba
core   0: 0x8000561a (0x41cad193) srai    gp, s5, 28
core   0: 3 0x8000561a (0x41cad193) x 3 0x00000000
core   0: 0x8000561e (0x00000001) c.nop
core   0: 3 0x8000561e (0x0001)
core   0: 0x80005620 (0x000d28b3) slt     a7, s10, zero
core   0: 3 0x80005620 (0x000d28b3) x17 0x00000001
core   0: 0x80005624 (0x000098e6) c.add   a7, s9
core   0: 3 0x80005624 (0x98e6) x17 0x00000001
core   0: 0x80005626 (0x00000b88) c.addi4spn a0, sp, 464
core   0: 3 0x80005626 (0x0b88) x10 0x3ffef84d
core   0: 0x80005628 (0x010b9c13) slli    s8, s7, 16
core   0: 3 0x80005628 (0x010b9c13) x24 0xed100000
core   0: 0x8000562c (0x01575313) srli    t1, a4, 21
core   0: 3 0x8000562c (0x01575313) x 6 0x000001ff
core   0: 0x80005630 (0x00004bb1) c.li    s7, 12
core   0: 3 0x80005630 (0x4bb1) x23 0x0000000c
core   0: 0x80005632 (0x40fc0733) sub     a4, s8, a5
core   0: 3 0x80005632 (0x40fc0733) x14 0xed100000
core   0: 0x80005636 (0x00000d4d) c.addi  s10, 19
core   0: 3 0x80005636 (0x0d4d) x26 0x0000000f
core   0: 0x80005638 (0x00000001) c.nop
core   0: 3 0x80005638 (0x0001)
core   0: 0x8000563a (0x01d00133) add     sp, zero, t4
core   0: 3 0x8000563a (0x01d00133) x 2 0x00000000
core   0: 0x8000563e (0x008f6eb3) or      t4, t5, s0
core   0: 3 0x8000563e (0x008f6eb3) x29 0x00000000
core   0: 0x80005642 (0x000083b1) c.srli  a5, 12
core   0: 3 0x80005642 (0x83b1) x15 0x00000000
core   0: 0x80005644 (0x00004741) c.li    a4, 16
core   0: 3 0x80005644 (0x4741) x14 0x00000010
core   0: 0x80005646 (0x0000030c) c.addi4spn a1, sp, 384
core   0: 3 0x80005646 (0x030c) x11 0x00000180
core   0: 0x80005648 (0x01e80333) add     t1, a6, t5
core   0: 3 0x80005648 (0x01e80333) x 6 0x00000268
core   0: 0x8000564c (0xf2ef3513) sltiu   a0, t5, -210
core   0: 3 0x8000564c (0xf2ef3513) x10 0x00000001
core   0: 0x80005650 (0x00001780) c.addi4spn s0, sp, 992
core   0: 3 0x80005650 (0x1780) x 8 0x000003e0
core   0: 0x80005652 (0x019af1b3) and     gp, s5, s9
core   0: 3 0x80005652 (0x019af1b3) x 3 0x00000000
core   0: 0x80005656 (0x028682b3) mul     t0, a3, s0
core   0: 3 0x80005656 (0x028682b3) x 5 0x00000000
core   0: 0x8000565a (0x41150f33) sub     t5, a0, a7
core   0: 3 0x8000565a (0x41150f33) x30 0x00000000
core   0: 0x8000565e (0x40a85593) srai    a1, a6, 10
core   0: 3 0x8000565e (0x40a85593) x11 0x00000000
core   0: 0x80005662 (0x01f79313) slli    t1, a5, 31
core   0: 3 0x80005662 (0x01f79313) x 6 0x00000000
core   0: 0x80005666 (0x034d5933) divu    s2, s10, s4
core   0: 3 0x80005666 (0x034d5933) x18 0xffffffff
core   0: 0x8000566a (0x00008d99) c.sub   a1, a4
core   0: 3 0x8000566a (0x8d99) x11 0xfffffff0
core   0: 0x8000566c (0x00008999) c.andi  a1, 6
core   0: 3 0x8000566c (0x8999) x11 0x00000000
core   0: 0x8000566e (0x000087da) c.mv    a5, s6
core   0: 3 0x8000566e (0x87da) x15 0x00000001
core   0: 0x80005670 (0x0331fc33) remu    s8, gp, s3
core   0: 3 0x80005670 (0x0331fc33) x24 0x00000000
core   0: 0x80005674 (0x00000001) c.nop
core   0: 3 0x80005674 (0x0001)
core   0: 0x80005676 (0x03df3933) mulhu   s2, t5, t4
core   0: 3 0x80005676 (0x03df3933) x18 0x00000000
core   0: 0x8000567a (0x34bacb93) xori    s7, s5, 843
core   0: 3 0x8000567a (0x34bacb93) x23 0x0000034b
core   0: 0x8000567e (0x03e3c233) div     tp, t2, t5
core   0: 3 0x8000567e (0x03e3c233) x 4 0xffffffff
core   0: 0x80005682 (0x00000001) c.nop
core   0: 3 0x80005682 (0x0001)
core   0: 0x80005684 (0x00000001) c.nop
core   0: 3 0x80005684 (0x0001)
core   0: 0x80005686 (0x01ee5d33) srl     s10, t3, t5
core   0: 3 0x80005686 (0x01ee5d33) x26 0xfffffb12
core   0: 0x8000568a (0x00af3233) sltu    tp, t5, a0
core   0: 3 0x8000568a (0x00af3233) x 4 0x00000001
core   0: 0x8000568e (0x00000001) c.nop
core   0: 3 0x8000568e (0x0001)
core   0: 0x80005690 (0x00000fe2) c.slli  t6, 24
core   0: 3 0x80005690 (0x0fe2) x31 0x68000000
core   0: 0x80005692 (0x01b35513) srli    a0, t1, 27
core   0: 3 0x80005692 (0x01b35513) x10 0x00000000
core   0: 0x80005696 (0x0098d193) srli    gp, a7, 9
core   0: 3 0x80005696 (0x0098d193) x 3 0x00000000
core   0: 0x8000569a (0x016f8bb3) add     s7, t6, s6
core   0: 3 0x8000569a (0x016f8bb3) x23 0x68000001
core   0: 0x8000569e (0x01451533) sll     a0, a0, s4
core   0: 3 0x8000569e (0x01451533) x10 0x00000000
core   0: 0x800056a2 (0x004f10b3) sll     ra, t5, tp
core   0: 3 0x800056a2 (0x004f10b3) x 1 0x00000000
core   0: 0x800056a6 (0xf994b797) auipc   a5, 0xf994b
core   0: 3 0x800056a6 (0xf994b797) x15 0x799506a6
core   0: 0x800056aa (0x000086dd) c.srai  a3, 23
core   0: 3 0x800056aa (0x86dd) x13 0x00000000
core   0: 0x800056ac (0x0053d8b3) srl     a7, t2, t0
core   0: 3 0x800056ac (0x0053d8b3) x17 0x80012ce4
core   0: 0x800056b0 (0x41925333) sra     t1, tp, s9
core   0: 3 0x800056b0 (0x41925333) x 6 0x00000001
core   0: 0x800056b4 (0xbb6caf13) slti    t5, s9, -1098
core   0: 3 0x800056b4 (0xbb6caf13) x30 0x00000000
core   0: 0x800056b8 (0x00004721) c.li    a4, 8
core   0: 3 0x800056b8 (0x4721) x14 0x00000008
core   0: 0x800056ba (0x00e4deb3) srl     t4, s1, a4
core   0: 3 0x800056ba (0x00e4deb3) x29 0x003ffef9
core   0: 0x800056be (0xe85e6d97) auipc   s11, 0xe85e6
core   0: 3 0x800056be (0xe85e6d97) x27 0x685eb6be
core   0: 0x800056c2 (0x00000001) c.nop
core   0: 3 0x800056c2 (0x0001)
core   0: 0x800056c4 (0x000081c2) c.mv    gp, a6
core   0: 3 0x800056c4 (0x81c2) x 3 0x00000268
core   0: 0x800056c6 (0x02e8deb3) divu    t4, a7, a4
core   0: 3 0x800056c6 (0x02e8deb3) x29 0x1000259c
core   0: 0x800056ca (0x77b3cc13) xori    s8, t2, 1915
core   0: 3 0x800056ca (0x77b3cc13) x24 0x80012b9f
core   0: 0x800056ce (0x00001000) c.addi4spn s0, sp, 32
core   0: 3 0x800056ce (0x1000) x 8 0x00000020
core   0: 0x800056d0 (0x016d1113) slli    sp, s10, 22
core   0: 3 0x800056d0 (0x016d1113) x 2 0xc4800000
core   0: 0x800056d4 (0xdb0ec717) auipc   a4, 0xdb0ec
core   0: 3 0x800056d4 (0xdb0ec717) x14 0x5b0f16d4
core   0: 0x800056d8 (0x000090fe) c.add   ra, t6
core   0: 3 0x800056d8 (0x90fe) x 1 0x68000000
core   0: 0x800056da (0x00008ee1) c.and   a3, s0
core   0: 3 0x800056da (0x8ee1) x13 0x00000000
core   0: 0x800056dc (0x40deddb3) sra     s11, t4, a3
core   0: 3 0x800056dc (0x40deddb3) x27 0x1000259c
core   0: 0x800056e0 (0x000007d1) c.addi  a5, 20
core   0: 3 0x800056e0 (0x07d1) x15 0x799506ba
core   0: 0x800056e2 (0x00001dfd) c.addi  s11, -1
core   0: 3 0x800056e2 (0x1dfd) x27 0x1000259b
core   0: 0x800056e4 (0x02013eb3) mulhu   t4, sp, zero
core   0: 3 0x800056e4 (0x02013eb3) x29 0x00000000
core   0: 0x800056e8 (0x00008f25) c.xor   a4, s1
core   0: 3 0x800056e8 (0x8f25) x14 0x64f1ef99
core   0: 0x800056ea (0x038ebeb3) mulhu   t4, t4, s8
core   0: 3 0x800056ea (0x038ebeb3) x29 0x00000000
core   0: 0x800056ee (0xd67f6a93) ori     s5, t5, -665
core   0: 3 0x800056ee (0xd67f6a93) x21 0xfffffd67
core   0: 0x800056f2 (0x9712aa13) slti    s4, t0, -1679
core   0: 3 0x800056f2 (0x9712aa13) x20 0x00000000
core   0: 0x800056f6 (0x0033f4b3) and     s1, t2, gp
core   0: 3 0x800056f6 (0x0033f4b3) x 9 0x00000060
core   0: 0x800056fa (0x0175aa33) slt     s4, a1, s7
core   0: 3 0x800056fa (0x0175aa33) x20 0x00000001
core   0: 0x800056fe (0x03cb6cb3) rem     s9, s6, t3
core   0: 3 0x800056fe (0x03cb6cb3) x25 0x00000001
core   0: 0x80005702 (0x03969f33) mulh    t5, a3, s9
core   0: 3 0x80005702 (0x03969f33) x30 0x00000000
core   0: 0x80005706 (0x00000001) c.nop
core   0: 3 0x80005706 (0x0001)
core   0: 0x80005708 (0x00006879) c.lui   a6, 0x1e
core   0: 3 0x80005708 (0x6879) x16 0x0001e000
core   0: 0x8000570a (0x0181db93) srli    s7, gp, 24
core   0: 3 0x8000570a (0x0181db93) x23 0x00000000
core   0: 0x8000570e (0x015f5db3) srl     s11, t5, s5
core   0: 3 0x8000570e (0x015f5db3) x27 0x00000000
core   0: 0x80005712 (0x00006b6d) c.lui   s6, 0x1b
core   0: 3 0x80005712 (0x6b6d) x22 0x0001b000
core   0: 0x80005714 (0x01252733) slt     a4, a0, s2
core   0: 3 0x80005714 (0x01252733) x14 0x00000000
core   0: 0x80005718 (0x03d11a33) mulh    s4, sp, t4
core   0: 3 0x80005718 (0x03d11a33) x20 0x00000000
core   0: 0x8000571c (0x02416eb3) rem     t4, sp, tp
core   0: 3 0x8000571c (0x02416eb3) x29 0x00000000
core   0: 0x80005720 (0x007e8733) add     a4, t4, t2
core   0: 3 0x80005720 (0x007e8733) x14 0x80012ce4
core   0: 0x80005724 (0x00009afd) c.andi  a3, -1
core   0: 3 0x80005724 (0x9afd) x13 0x00000000
core   0: 0x80005726 (0x00000700) c.addi4spn s0, sp, 896
core   0: 3 0x80005726 (0x0700) x 8 0xc4800380
core   0: 0x80005728 (0x00000001) c.nop
core   0: 3 0x80005728 (0x0001)
core   0: 0x8000572a (0x039891b3) mulh    gp, a7, s9
core   0: 3 0x8000572a (0x039891b3) x 3 0xffffffff
core   0: 0x8000572e (0x00001100) c.addi4spn s0, sp, 160
core   0: 3 0x8000572e (0x1100) x 8 0xc48000a0
core   0: 0x80005730 (0x0000557d) c.li    a0, -1
core   0: 3 0x80005730 (0x557d) x10 0xffffffff
core   0: 0x80005732 (0x010b9c13) slli    s8, s7, 16
core   0: 3 0x80005732 (0x010b9c13) x24 0x00000000
core   0: 0x80005736 (0x00004e35) c.li    t3, 13
core   0: 3 0x80005736 (0x4e35) x28 0x0000000d
core   0: 0x80005738 (0x000004a6) c.slli  s1, 9
core   0: 3 0x80005738 (0x04a6) x 9 0x0000c000
core   0: 0x8000573a (0xb6543793) sltiu   a5, s0, -1179
core   0: 3 0x8000573a (0xb6543793) x15 0x00000001
core   0: 0x8000573e (0x00008d21) c.xor   a0, s0
core   0: 3 0x8000573e (0x8d21) x10 0x3b7fff5f
core   0: 0x80005740 (0x0000817d) c.srli  a0, 31
core   0: 3 0x80005740 (0x817d) x10 0x00000000
core   0: 0x80005742 (0x0373cc33) div     s8, t2, s7
core   0: 3 0x80005742 (0x0373cc33) x24 0xffffffff
core   0: 0x80005746 (0x40265bb3) sra     s7, a2, sp
core   0: 3 0x80005746 (0x40265bb3) x23 0x00000000
core   0: 0x8000574a (0x0000717d) c.addi16sp sp, -16
core   0: 3 0x8000574a (0x717d) x 2 0xc47ffff0
core   0: 0x8000574c (0x00008d49) c.or    a0, a0
core   0: 3 0x8000574c (0x8d49) x10 0x00000000
core   0: 0x8000574e (0x44403f37) lui     t5, 0x44403
core   0: 3 0x8000574e (0x44403f37) x30 0x44403000
core   0: 0x80005752 (0x8c4f0f13) addi    t5, t5, -1852
core   0: 3 0x80005752 (0x8c4f0f13) x30 0x444028c4
core   0: 0x80005756 (0x00004181) c.li    gp, 0
core   0: 3 0x80005756 (0x4181) x 3 0x00000000
core   0: 0x80005758 (0x30e64fb7) lui     t6, 0x30e64
core   0: 3 0x80005758 (0x30e64fb7) x31 0x30e64000
core   0: 0x8000575c (0x6baf8f93) addi    t6, t6, 1722
core   0: 3 0x8000575c (0x6baf8f93) x31 0x30e646ba
core   0: 0x80005760 (0x4ed4a5b7) lui     a1, 0x4ed4a
core   0: 3 0x80005760 (0x4ed4a5b7) x11 0x4ed4a000
core   0: 0x80005764 (0x1ce58593) addi    a1, a1, 462
core   0: 3 0x80005764 (0x1ce58593) x11 0x4ed4a1ce
core   0: 0x80005768 (0x800007b7) lui     a5, 0x80000
core   0: 3 0x80005768 (0x800007b7) x15 0x80000000
core   0: 0x8000576c (0x80000137) lui     sp, 0x80000
core   0: 3 0x8000576c (0x80000137) x 2 0x80000000
core   0: 0x80005770 (0x80000d37) lui     s10, 0x80000
core   0: 3 0x80005770 (0x80000d37) x26 0x80000000
core   0: 0x80005774 (0x800000b7) lui     ra, 0x80000
core   0: 3 0x80005774 (0x800000b7) x 1 0x80000000
core   0: 0x80005778 (0x80000eb7) lui     t4, 0x80000
core   0: 3 0x80005778 (0x80000eb7) x29 0x80000000
core   0: 0x8000577c (0x3173bc37) lui     s8, 0x3173b
core   0: 3 0x8000577c (0x3173bc37) x24 0x3173b000
core   0: 0x80005780 (0xd57c0c13) addi    s8, s8, -681
core   0: 3 0x80005780 (0xd57c0c13) x24 0x3173ad57
core   0: 0x80005784 (0x02f14fb3) div     t6, sp, a5
core   0: 3 0x80005784 (0x02f14fb3) x31 0x00000001
core   0: 0x80005788 (0x01ad05b3) add     a1, s10, s10
core   0: 3 0x80005788 (0x01ad05b3) x11 0x00000000
core   0: 0x8000578c (0x00000001) c.nop
core   0: 3 0x8000578c (0x0001)
core   0: 0x8000578e (0x02b0a5b3) mulhsu  a1, ra, a1
core   0: 3 0x8000578e (0x02b0a5b3) x11 0x00000000
core   0: 0x80005792 (0x00210fb3) add     t6, sp, sp
core   0: 3 0x80005792 (0x00210fb3) x31 0x00000000
core   0: 0x80005796 (0x6719e117) auipc   sp, 0x6719e
core   0: 3 0x80005796 (0x6719e117) x 2 0xe71a3796
core   0: 0x8000579a (0x03d19eb3) mulh    t4, gp, t4
core   0: 3 0x8000579a (0x03d19eb3) x29 0x00000000
core   0: 0x8000579e (0x03d190b3) mulh    ra, gp, t4
core   0: 3 0x8000579e (0x03d190b3) x 1 0x00000000
core   0: 0x800057a2 (0x03e0a133) mulhsu  sp, ra, t5
core   0: 3 0x800057a2 (0x03e0a133) x 2 0x00000000
core   0: 0x800057a6 (0x000095ea) c.add   a1, s10
core   0: 3 0x800057a6 (0x95ea) x11 0x80000000
core   0: 0x800057a8 (0x021151b3) divu    gp, sp, ra
core   0: 3 0x800057a8 (0x021151b3) x 3 0xffffffff
core   0: 0x800057ac (0x023f1eb3) mulh    t4, t5, gp
core   0: 3 0x800057ac (0x023f1eb3) x29 0xffffffff
core   0: 0x800057b0 (0x03879c33) mulh    s8, a5, s8
core   0: 3 0x800057b0 (0x03879c33) x24 0xe7462954
core   0: 0x800057b4 (0x021790b3) mulh    ra, a5, ra
core   0: 3 0x800057b4 (0x021790b3) x 1 0x00000000
core   0: 0x800057b8 (0x03ac1c33) mulh    s8, s8, s10
core   0: 3 0x800057b8 (0x03ac1c33) x24 0x0c5ceb56
core   0: 0x800057bc (0xd592c117) auipc   sp, 0xd592c
core   0: 3 0x800057bc (0xd592c117) x 2 0x559317bc
core   0: 0x800057c0 (0x00fe80b3) add     ra, t4, a5
core   0: 3 0x800057c0 (0x00fe80b3) x 1 0x7fffffff
core   0: 0x800057c4 (0xbecc1f37) lui     t5, 0xbecc1
core   0: 3 0x800057c4 (0xbecc1f37) x30 0xbecc1000
core   0: 0x800057c8 (0x03d0fc33) remu    s8, ra, t4
core   0: 3 0x800057c8 (0x03d0fc33) x24 0x7fffffff
core   0: 0x800057cc (0xa3008d13) addi    s10, ra, -1488
core   0: 3 0x800057cc (0xa3008d13) x26 0x7ffffa2f
core   0: 0x800057d0 (0x91058f93) addi    t6, a1, -1776
core   0: 3 0x800057d0 (0x91058f93) x31 0x7ffff910
core   0: 0x800057d4 (0x023fac33) mulhsu  s8, t6, gp
core   0: 3 0x800057d4 (0x023fac33) x24 0x7ffff90f
core   0: 0x800057d8 (0x00000001) c.nop
core   0: 3 0x800057d8 (0x0001)
core   0: 0x800057da (0x418080b3) sub     ra, ra, s8
core   0: 3 0x800057da (0x418080b3) x 1 0x000006f0
core   0: 0x800057de (0x02025fb3) divu    t6, tp, zero
core   0: 3 0x800057de (0x02025fb3) x31 0xffffffff
core   0: 0x800057e2 (0x02f88333) mul     t1, a7, a5
core   0: 3 0x800057e2 (0x02f88333) x 6 0x00000000
core   0: 0x800057e6 (0x03ff20b3) mulhsu  ra, t5, t6
core   0: 3 0x800057e6 (0x03ff20b3) x 1 0xbecc1000
core   0: 0x800057ea (0x00008d31) c.xor   a0, a2
core   0: 3 0x800057ea (0x8d31) x10 0x00000000
core   0: 0x800057ec (0x00006bd5) c.lui   s7, 0x15
core   0: 3 0x800057ec (0x6bd5) x23 0x00015000
core   0: 0x800057ee (0x00000001) c.nop
core   0: 3 0x800057ee (0x0001)
core   0: 0x800057f0 (0x000090de) c.add   ra, s7
core   0: 3 0x800057f0 (0x90de) x 1 0xbecd6000
core   0: 0x800057f2 (0x036f9a33) mulh    s4, t6, s6
core   0: 3 0x800057f2 (0x036f9a33) x20 0xffffffff
core   0: 0x800057f6 (0x0141d833) srl     a6, gp, s4
core   0: 3 0x800057f6 (0x0141d833) x16 0x00000001
core   0: 0x800057fa (0x000099fd) c.andi  a1, -1
core   0: 3 0x800057fa (0x99fd) x11 0x80000000
core   0: 0x800057fc (0x00006229) c.lui   tp, 0xa
core   0: 3 0x800057fc (0x6229) x 4 0x0000a000
core   0: 0x800057fe (0x00008c71) c.and   s0, a2
core   0: 3 0x800057fe (0x8c71) x 8 0x00000000
core   0: 0x80005800 (0x00008ea1) c.xor   a3, s0
core   0: 3 0x80005800 (0x8ea1) x13 0x00000000
core   0: 0x80005802 (0x41bc5313) srai    t1, s8, 27
core   0: 3 0x80005802 (0x41bc5313) x 6 0x0000000f
core   0: 0x80005806 (0x0066fbb3) and     s7, a3, t1
core   0: 3 0x80005806 (0x0066fbb3) x23 0x00000000
core   0: 0x8000580a (0x02ef0a33) mul     s4, t5, a4
core   0: 3 0x8000580a (0x02ef0a33) x20 0x107e4000
core   0: 0x8000580e (0x64b33893) sltiu   a7, t1, 1611
core   0: 3 0x8000580e (0x64b33893) x17 0x00000001
core   0: 0x80005812 (0x03c16433) rem     s0, sp, t3
core   0: 3 0x80005812 (0x03c16433) x 8 0x0000000b
core   0: 0x80005816 (0x411f07b3) sub     a5, t5, a7
core   0: 3 0x80005816 (0x411f07b3) x15 0xbecc0fff
core   0: 0x8000581a (0x018d5f33) srl     t5, s10, s8
core   0: 3 0x8000581a (0x018d5f33) x30 0x0000ffff
core   0: 0x8000581e (0x0178b1b3) sltu    gp, a7, s7
core   0: 3 0x8000581e (0x0178b1b3) x 3 0x00000000
core   0: 0x80005822 (0x00000780) c.addi4spn s0, sp, 960
core   0: 3 0x80005822 (0x0780) x 8 0x55931b7c
core   0: 0x80005824 (0x00f09113) slli    sp, ra, 15
core   0: 3 0x80005824 (0x00f09113) x 2 0xb0000000
core   0: 0x80005828 (0x039a8333) mul     t1, s5, s9
core   0: 3 0x80005828 (0x039a8333) x 6 0xfffffd67
core   0: 0x8000582c (0x014fc4b3) xor     s1, t6, s4
core   0: 3 0x8000582c (0x014fc4b3) x 9 0xef81bfff
core   0: 0x80005830 (0x02513833) mulhu   a6, sp, t0
core   0: 3 0x80005830 (0x02513833) x16 0x00000000
core   0: 0x80005834 (0x01df6d33) or      s10, t5, t4
core   0: 3 0x80005834 (0x01df6d33) x26 0xffffffff
core   0: 0x80005838 (0xdb707693) andi    a3, zero, -585
core   0: 3 0x80005838 (0xdb707693) x13 0x00000000
core   0: 0x8000583c (0x0000717d) c.addi16sp sp, -16
core   0: 3 0x8000583c (0x717d) x 2 0xaffffff0
core   0: 0x8000583e (0x00000001) c.nop
core   0: 3 0x8000583e (0x0001)
core   0: 0x80005840 (0x718c6193) ori     gp, s8, 1816
core   0: 3 0x80005840 (0x718c6193) x 3 0x7fffff1f
core   0: 0x80005844 (0x00e86d33) or      s10, a6, a4
core   0: 3 0x80005844 (0x00e86d33) x26 0x80012ce4
core   0: 0x80005848 (0x4037d513) srai    a0, a5, 3
core   0: 3 0x80005848 (0x4037d513) x10 0xf7d981ff
core   0: 0x8000584c (0x00008765) c.srai  a4, 25
core   0: 3 0x8000584c (0x8765) x14 0xffffffc0
core   0: 0x8000584e (0x000099fd) c.andi  a1, -1
core   0: 3 0x8000584e (0x99fd) x11 0x80000000
core   0: 0x80005850 (0x018ba7b3) slt     a5, s7, s8
core   0: 3 0x80005850 (0x018ba7b3) x15 0x00000001
core   0: 0x80005854 (0x00008fd5) c.or    a5, a3
core   0: 3 0x80005854 (0x8fd5) x15 0x00000001
core   0: 0x80005856 (0x40e08e33) sub     t3, ra, a4
core   0: 3 0x80005856 (0x40e08e33) x28 0xbecd6040
core   0: 0x8000585a (0x00008011) c.srli  s0, 4
core   0: 3 0x8000585a (0x8011) x 8 0x055931b7
core   0: 0x8000585c (0x02020f33) mul     t5, tp, zero
core   0: 3 0x8000585c (0x02020f33) x30 0x00000000
core   0: 0x80005860 (0x03029b33) mulh    s6, t0, a6
core   0: 3 0x80005860 (0x03029b33) x22 0x00000000
core   0: 0x80005864 (0x00000f12) c.slli  t5, 4
core   0: 3 0x80005864 (0x0f12) x30 0x00000000
core   0: 0x80005866 (0x58e5ac13) slti    s8, a1, 1422
core   0: 3 0x80005866 (0x58e5ac13) x24 0x00000001
core   0: 0x8000586a (0x00000b32) c.slli  s6, 12
core   0: 3 0x8000586a (0x0b32) x22 0x00000000
core   0: 0x8000586c (0x00001c7d) c.addi  s8, -1
core   0: 3 0x8000586c (0x1c7d) x24 0x00000000
core   0: 0x8000586e (0x03ec1533) mulh    a0, s8, t5
core   0: 3 0x8000586e (0x03ec1533) x10 0x00000000
core   0: 0x80005872 (0x40275e33) sra     t3, a4, sp
core   0: 3 0x80005872 (0x40275e33) x28 0xffffffff
core   0: 0x80005876 (0x00fc1b13) slli    s6, s8, 15
core   0: 3 0x80005876 (0x00fc1b13) x22 0x00000000
core   0: 0x8000587a (0x00008c49) c.or    s0, a0
core   0: 3 0x8000587a (0x8c49) x 8 0x055931b7
core   0: 0x8000587c (0x026e1ab3) mulh    s5, t3, t1
core   0: 3 0x8000587c (0x026e1ab3) x21 0x00000000
core   0: 0x80005880 (0x41d9d733) sra     a4, s3, t4
core   0: 3 0x80005880 (0x41d9d733) x14 0xffffffff
core   0: 0x80005884 (0x65dd4b13) xori    s6, s10, 1629
core   0: 3 0x80005884 (0x65dd4b13) x22 0x80012ab9
core   0: 0x80005888 (0x009501b3) add     gp, a0, s1
core   0: 3 0x80005888 (0x009501b3) x 3 0xef81bfff
core   0: 0x8000588c (0x03e00333) mul     t1, zero, t5
core   0: 3 0x8000588c (0x03e00333) x 6 0x00000000
core   0: 0x80005890 (0x41778b33) sub     s6, a5, s7
core   0: 3 0x80005890 (0x41778b33) x22 0x00000001
core   0: 0x80005894 (0x0000987d) c.andi  s0, -1
core   0: 3 0x80005894 (0x987d) x 8 0x055931b7
core   0: 0x80005896 (0x1f53a293) slti    t0, t2, 501
core   0: 3 0x80005896 (0x1f53a293) x 5 0x00000001
core   0: 0x8000589a (0x00ad9833) sll     a6, s11, a0
core   0: 3 0x8000589a (0x00ad9833) x16 0x00000000
core   0: 0x8000589e (0x00000cae) c.slli  s9, 11
core   0: 3 0x8000589e (0x0cae) x25 0x00000800
core   0: 0x800058a0 (0x00008f05) c.sub   a4, s1
core   0: 3 0x800058a0 (0x8f05) x14 0x107e4000
core   0: 0x800058a2 (0x00006c7d) c.lui   s8, 0x1f
core   0: 3 0x800058a2 (0x6c7d) x24 0x0001f000
core   0: 0x800058a4 (0x004e4133) xor     sp, t3, tp
core   0: 3 0x800058a4 (0x004e4133) x 2 0xffff5fff
core   0: 0x800058a8 (0x00008fd1) c.or    a5, a2
core   0: 3 0x800058a8 (0x8fd1) x15 0x00000001
core   0: 0x800058aa (0x02b3f233) remu    tp, t2, a1
core   0: 3 0x800058aa (0x02b3f233) x 4 0x00012ce4
core   0: 0x800058ae (0x00008185) c.srli  a1, 1
core   0: 3 0x800058ae (0x8185) x11 0x40000000
core   0: 0x800058b0 (0x00e31d33) sll     s10, t1, a4
core   0: 3 0x800058b0 (0x00e31d33) x26 0x00000000
core   0: 0x800058b4 (0x024f0f33) mul     t5, t5, tp
core   0: 3 0x800058b4 (0x024f0f33) x30 0x00000000
core   0: 0x800058b8 (0x004af133) and     sp, s5, tp
core   0: 3 0x800058b8 (0x004af133) x 2 0x00000000
core   0: 0x800058bc (0x015d8033) add     zero, s11, s5
core   0: 3 0x800058bc (0x015d8033)
core   0: 0x800058c0 (0x00000001) c.nop
core   0: 3 0x800058c0 (0x0001)
core   0: 0x800058c2 (0x00000001) c.nop
core   0: 3 0x800058c2 (0x0001)
core   0: 0x800058c4 (0x019f1ab3) sll     s5, t5, s9
core   0: 3 0x800058c4 (0x019f1ab3) x21 0x00000000
core   0: 0x800058c8 (0x4c82a213) slti    tp, t0, 1224
core   0: 3 0x800058c8 (0x4c82a213) x 4 0x00000001
core   0: 0x800058cc (0x00008ef9) c.and   a3, a4
core   0: 3 0x800058cc (0x8ef9) x13 0x00000000
core   0: 0x800058ce (0x00000001) c.nop
core   0: 3 0x800058ce (0x0001)
core   0: 0x800058d0 (0x98178297) auipc   t0, 0x98178
core   0: 3 0x800058d0 (0x98178297) x 5 0x1817d8d0
core   0: 0x800058d4 (0x00008d7d) c.and   a0, a5
core   0: 3 0x800058d4 (0x8d7d) x10 0x00000000
core   0: 0x800058d6 (0x00009222) c.add   tp, s0
core   0: 3 0x800058d6 (0x9222) x 4 0x055931b8
core   0: 0x800058d8 (0x00264833) xor     a6, a2, sp
core   0: 3 0x800058d8 (0x00264833) x16 0x00000000
core   0: 0x800058dc (0x034e3733) mulhu   a4, t3, s4
core   0: 3 0x800058dc (0x034e3733) x14 0x107e3fff
core   0: 0x800058e0 (0x00001afd) c.addi  s5, -1
core   0: 3 0x800058e0 (0x1afd) x21 0xffffffff
core   0: 0x800058e2 (0x01041c33) sll     s8, s0, a6
core   0: 3 0x800058e2 (0x01041c33) x24 0x055931b7
core   0: 0x800058e6 (0x01ae4db3) xor     s11, t3, s10
core   0: 3 0x800058e6 (0x01ae4db3) x27 0xffffffff
core   0: 0x800058ea (0x32c70f17) auipc   t5, 0x32c70
core   0: 3 0x800058ea (0x32c70f17) x30 0xb2c758ea
core   0: 0x800058ee (0x02f19f33) mulh    t5, gp, a5
core   0: 3 0x800058ee (0x02f19f33) x30 0xffffffff
core   0: 0x800058f2 (0x00006c05) c.lui   s8, 0x1
core   0: 3 0x800058f2 (0x6c05) x24 0x00001000
core   0: 0x800058f4 (0x03cd9533) mulh    a0, s11, t3
core   0: 3 0x800058f4 (0x03cd9533) x10 0x00000000
core   0: 0x800058f8 (0x009bde13) srli    t3, s7, 9
core   0: 3 0x800058f8 (0x009bde13) x28 0x00000000
core   0: 0x800058fc (0x0275a433) mulhsu  s0, a1, t2
core   0: 3 0x800058fc (0x0275a433) x 8 0x20004b39
core   0: 0x80005900 (0x001fbe33) sltu    t3, t6, ra
core   0: 3 0x80005900 (0x001fbe33) x28 0x00000000
core   0: 0x80005904 (0x038355b3) divu    a1, t1, s8
core   0: 3 0x80005904 (0x038355b3) x11 0x00000000
core   0: 0x80005908 (0x000086a9) c.srai  a3, 10
core   0: 3 0x80005908 (0x86a9) x13 0x00000000
core   0: 0x8000590a (0x000085d5) c.srai  a1, 21
core   0: 3 0x8000590a (0x85d5) x11 0x00000000
core   0: 0x8000590c (0xe5fecab7) lui     s5, 0xe5fec
core   0: 3 0x8000590c (0xe5fecab7) x21 0xe5fec000
core   0: 0x80005910 (0x40260833) sub     a6, a2, sp
core   0: 3 0x80005910 (0x40260833) x16 0x00000000
core   0: 0x80005914 (0x01d2f1b3) and     gp, t0, t4
core   0: 3 0x80005914 (0x01d2f1b3) x 3 0x1817d8d0
core   0: 0x80005918 (0x01701e13) slli    t3, zero, 23
core   0: 3 0x80005918 (0x01701e13) x28 0x00000000
core   0: 0x8000591c (0x03f94db3) div     s11, s2, t6
core   0: 3 0x8000591c (0x03f94db3) x27 0x00000000
core   0: 0x80005920 (0x03b4adb3) mulhsu  s11, s1, s11
core   0: 3 0x80005920 (0x03b4adb3) x27 0x00000000
core   0: 0x80005924 (0x41420c93) addi    s9, tp, 1044
core   0: 3 0x80005924 (0x41420c93) x25 0x055935cc
core   0: 0x80005928 (0x01ffe033) or      zero, t6, t6
core   0: 3 0x80005928 (0x01ffe033)
core   0: 0x8000592c (0x0072d233) srl     tp, t0, t2
core   0: 3 0x8000592c (0x0072d233) x 4 0x01817d8d
core   0: 0x80005930 (0x3adaac13) slti    s8, s5, 941
core   0: 3 0x80005930 (0x3adaac13) x24 0x00000001
core   0: 0x80005934 (0x00000194) c.addi4spn a3, sp, 192
core   0: 3 0x80005934 (0x0194) x13 0x000000c0
core   0: 0x80005936 (0xc94d8893) addi    a7, s11, -876
core   0: 3 0x80005936 (0xc94d8893) x17 0xfffffc94
core   0: 0x8000593a (0x003cca33) xor     s4, s9, gp
core   0: 3 0x8000593a (0x003cca33) x20 0x1d4eed1c
core   0: 0x8000593e (0x00008ee1) c.and   a3, s0
core   0: 3 0x8000593e (0x8ee1) x13 0x00000000
core   0: 0x80005940 (0x033b7233) remu    tp, s6, s3
core   0: 3 0x80005940 (0x033b7233) x 4 0x00000001
core   0: 0x80005944 (0x00a72733) slt     a4, a4, a0
core   0: 3 0x80005944 (0x00a72733) x14 0x00000000
core   0: 0x80005948 (0x7bebca13) xori    s4, s7, 1982
core   0: 3 0x80005948 (0x7bebca13) x20 0x000007be
core   0: 0x8000594c (0x038547b3) div     a5, a0, s8
core   0: 3 0x8000594c (0x038547b3) x15 0x00000000
core   0: 0x80005950 (0x00006135) c.addi16sp sp, 352
core   0: 3 0x80005950 (0x6135) x 2 0x00000160
core   0: 0x80005952 (0x41de5733) sra     a4, t3, t4
core   0: 3 0x80005952 (0x41de5733) x14 0x00000000
core   0: 0x80005956 (0x01801493) slli    s1, zero, 24
core   0: 3 0x80005956 (0x01801493) x 9 0x00000000
core   0: 0x8000595a (0x00d44eb3) xor     t4, s0, a3
core   0: 3 0x8000595a (0x00d44eb3) x29 0x20004b39
core   0: 0x8000595e (0x0115e833) or      a6, a1, a7
core   0: 3 0x8000595e (0x0115e833) x16 0xfffffc94
core   0: 0x80005962 (0x000089e5) c.andi  a1, 25
core   0: 3 0x80005962 (0x89e5) x11 0x00000000
core   0: 0x80005964 (0x00008efe) c.mv    t4, t6
core   0: 3 0x80005964 (0x8efe) x29 0xffffffff
core   0: 0x80005966 (0x0382e1b3) rem     gp, t0, s8
core   0: 3 0x80005966 (0x0382e1b3) x 3 0x00000000
core   0: 0x8000596a (0xbb697a97) auipc   s5, 0xbb697
core   0: 3 0x8000596a (0xbb697a97) x21 0x3b69c96a
core   0: 0x8000596e (0x01774233) xor     tp, a4, s7
core   0: 3 0x8000596e (0x01774233) x 4 0x00000000
core   0: 0x80005972 (0x002306b3) add     a3, t1, sp
core   0: 3 0x80005972 (0x002306b3) x13 0x00000160
core   0: 0x80005976 (0x003a1813) slli    a6, s4, 3
core   0: 3 0x80005976 (0x003a1813) x16 0x00003df0
core   0: 0x8000597a (0x0332b4b3) mulhu   s1, t0, s3
core   0: 3 0x8000597a (0x0332b4b3) x 9 0x0c0c02d7
core   0: 0x8000597e (0x4018dc33) sra     s8, a7, ra
core   0: 3 0x8000597e (0x4018dc33) x24 0xfffffc94
core   0: 0x80005982 (0x01a59ab3) sll     s5, a1, s10
core   0: 3 0x80005982 (0x01a59ab3) x21 0x00000000
core   0: 0x80005986 (0x021261b3) rem     gp, tp, ra
core   0: 3 0x80005986 (0x021261b3) x 3 0x00000000
core   0: 0x8000598a (0x0000187d) c.addi  a6, -1
core   0: 3 0x8000598a (0x187d) x16 0x00003def
core   0: 0x8000598c (0x00000001) c.nop
core   0: 3 0x8000598c (0x0001)
core   0: 0x8000598e (0x00008291) c.srli  a3, 4
core   0: 3 0x8000598e (0x8291) x13 0x00000016
core   0: 0x80005990 (0x88beb113) sltiu   sp, t4, -1909
core   0: 3 0x80005990 (0x88beb113) x 2 0x00000000
core   0: 0x80005994 (0x40c28733) sub     a4, t0, a2
core   0: 3 0x80005994 (0x40c28733) x14 0x1817d8d0
core   0: 0x80005998 (0x404250b3) sra     ra, tp, tp
core   0: 3 0x80005998 (0x404250b3) x 1 0x00000000
core   0: 0x8000599c (0x000010fd) c.addi  ra, -1
core   0: 3 0x8000599c (0x10fd) x 1 0xffffffff
core   0: 0x8000599e (0x812b5097) auipc   ra, 0x812b5
core   0: 3 0x8000599e (0x812b5097) x 1 0x012ba99e
core   0: 0x800059a2 (0x00008ced) c.and   s1, a1
core   0: 3 0x800059a2 (0x8ced) x 9 0x00000000
core   0: 0x800059a4 (0x00009fea) c.add   t6, s10
core   0: 3 0x800059a4 (0x9fea) x31 0xffffffff
core   0: 0x800059a6 (0x00000001) c.nop
core   0: 3 0x800059a6 (0x0001)
core   0: 0x800059a8 (0x00008cc1) c.or    s1, s0
core   0: 3 0x800059a8 (0x8cc1) x 9 0x20004b39
core   0: 0x800059aa (0x01fdd0b3) srl     ra, s11, t6
core   0: 3 0x800059aa (0x01fdd0b3) x 1 0x00000000
core   0: 0x800059ae (0x00008d2d) c.xor   a0, a1
core   0: 3 0x800059ae (0x8d2d) x10 0x00000000
core   0: 0x800059b0 (0x036a7133) remu    sp, s4, s6
core   0: 3 0x800059b0 (0x036a7133) x 2 0x00000000
core   0: 0x800059b4 (0x35a1ab93) slti    s7, gp, 858
core   0: 3 0x800059b4 (0x35a1ab93) x23 0x00000001
core   0: 0x800059b8 (0x00001e00) c.addi4spn s0, sp, 816
core   0: 3 0x800059b8 (0x1e00) x 8 0x00000330
core   0: 0x800059ba (0x7f720e17) auipc   t3, 0x7f720
core   0: 3 0x800059ba (0x7f720e17) x28 0xff7259ba
core   0: 0x800059be (0x00ccd333) srl     t1, s9, a2
core   0: 3 0x800059be (0x00ccd333) x 6 0x055935cc
core   0: 0x800059c2 (0x0070d333) srl     t1, ra, t2
core   0: 3 0x800059c2 (0x0070d333) x 6 0x00000000
core   0: 0x800059c6 (0x00c0f933) and     s2, ra, a2
core   0: 3 0x800059c6 (0x00c0f933) x18 0x00000000
core   0: 0x800059ca (0x3f5aae13) slti    t3, s5, 1013
core   0: 3 0x800059ca (0x3f5aae13) x28 0x00000001
core   0: 0x800059ce (0x00008c89) c.sub   s1, a0
core   0: 3 0x800059ce (0x8c89) x 9 0x20004b39
core   0: 0x800059d0 (0x00006c15) c.lui   s8, 0x5
core   0: 3 0x800059d0 (0x6c15) x24 0x00005000
core   0: 0x800059d2 (0xb8845537) lui     a0, 0xb8845
core   0: 3 0x800059d2 (0xb8845537) x10 0xb8845000
core   0: 0x800059d6 (0x00006f61) c.lui   t5, 0x18
core   0: 3 0x800059d6 (0x6f61) x30 0x00018000
core   0: 0x800059d8 (0x019f9193) slli    gp, t6, 25
core   0: 3 0x800059d8 (0x019f9193) x 3 0xfe000000
core   0: 0x800059dc (0x00660eb3) add     t4, a2, t1
core   0: 3 0x800059dc (0x00660eb3) x29 0x00000000
core   0: 0x800059e0 (0x01f2d713) srli    a4, t0, 31
core   0: 3 0x800059e0 (0x01f2d713) x14 0x00000000
core   0: 0x800059e4 (0x02651333) mulh    t1, a0, t1
core   0: 3 0x800059e4 (0x02651333) x 6 0x00000000
core   0: 0x800059e8 (0x0090fcb3) and     s9, ra, s1
core   0: 3 0x800059e8 (0x0090fcb3) x25 0x00000000
core   0: 0x800059ec (0x000084b5) c.srai  s1, 13
core   0: 3 0x800059ec (0x84b5) x 9 0x00010002
core   0: 0x800059ee (0x02529733) mulh    a4, t0, t0
core   0: 3 0x800059ee (0x02529733) x14 0x02447adf
core   0: 0x800059f2 (0x01b89db3) sll     s11, a7, s11
core   0: 3 0x800059f2 (0x01b89db3) x27 0xfffffc94
core   0: 0x800059f6 (0x00000001) c.nop
core   0: 3 0x800059f6 (0x0001)
core   0: 0x800059f8 (0x038ce7b3) rem     a5, s9, s8
core   0: 3 0x800059f8 (0x038ce7b3) x15 0x00000000
core   0: 0x800059fc (0x00008031) c.srli  s0, 12
core   0: 3 0x800059fc (0x8031) x 8 0x00000000
core   0: 0x800059fe (0x00000d8c) c.addi4spn a1, sp, 720
core   0: 3 0x800059fe (0x0d8c) x11 0x000002d0
core   0: 0x80005a00 (0x01d9e333) or      t1, s3, t4
core   0: 3 0x80005a00 (0x01d9e333) x 6 0x8000ee64
core   0: 0x80005a04 (0xac604e13) xori    t3, zero, -1338
core   0: 3 0x80005a04 (0xac604e13) x28 0xfffffac6
core   0: 0x80005a08 (0x01523bb3) sltu    s7, tp, s5
core   0: 3 0x80005a08 (0x01523bb3) x23 0x00000000
core   0: 0x80005a0c (0x020e8733) mul     a4, t4, zero
core   0: 3 0x80005a0c (0x020e8733) x14 0x00000000
core   0: 0x80005a10 (0x00004f49) c.li    t5, 18
core   0: 3 0x80005a10 (0x4f49) x30 0x00000012
core   0: 0x80005a12 (0x02fc25b3) mulhsu  a1, s8, a5
core   0: 3 0x80005a12 (0x02fc25b3) x11 0x00000000
core   0: 0x80005a16 (0x00008ea1) c.xor   a3, s0
core   0: 3 0x80005a16 (0x8ea1) x13 0x00000016
core   0: 0x80005a18 (0x01487fb3) and     t6, a6, s4
core   0: 3 0x80005a18 (0x01487fb3) x31 0x000005ae
core   0: 0x80005a1c (0x03220333) mul     t1, tp, s2
core   0: 3 0x80005a1c (0x03220333) x 6 0x00000000
core   0: 0x80005a20 (0x020294b3) mulh    s1, t0, zero
core   0: 3 0x80005a20 (0x020294b3) x 9 0x00000000
core   0: 0x80005a24 (0x017cd733) srl     a4, s9, s7
core   0: 3 0x80005a24 (0x017cd733) x14 0x00000000
core   0: 0x80005a28 (0x002f7d33) and     s10, t5, sp
core   0: 3 0x80005a28 (0x002f7d33) x26 0x00000000
core   0: 0x80005a2c (0x0087f1b3) and     gp, a5, s0
core   0: 3 0x80005a2c (0x0087f1b3) x 3 0x00000000
core   0: 0x80005a30 (0x00008739) c.srai  a4, 14
core   0: 3 0x80005a30 (0x8739) x14 0x00000000
core   0: 0x80005a32 (0x007cf133) and     sp, s9, t2
core   0: 3 0x80005a32 (0x007cf133) x 2 0x00000000
core   0: 0x80005a36 (0x021adc33) divu    s8, s5, ra
core   0: 3 0x80005a36 (0x021adc33) x24 0xffffffff
core   0: 0x80005a3a (0x00000688) c.addi4spn a0, sp, 832
core   0: 3 0x80005a3a (0x0688) x10 0x00000340
core   0: 0x80005a3c (0x030b6f33) rem     t5, s6, a6
core   0: 3 0x80005a3c (0x030b6f33) x30 0x00000001
core   0: 0x80005a40 (0x00000cba) c.slli  s9, 14
core   0: 3 0x80005a40 (0x0cba) x25 0x00000000
core   0: 0x80005a42 (0x0000020a) c.slli  tp, 2
core   0: 3 0x80005a42 (0x020a) x 4 0x00000000
core   0: 0x80005a44 (0x03df67b3) rem     a5, t5, t4
core   0: 3 0x80005a44 (0x03df67b3) x15 0x00000001
core   0: 0x80005a48 (0x00008272) c.mv    tp, t3
core   0: 3 0x80005a48 (0x8272) x 4 0xfffffac6
core   0: 0x80005a4a (0x03046033) rem     zero, s0, a6
core   0: 3 0x80005a4a (0x03046033)
core   0: 0x80005a4e (0xb5c7a713) slti    a4, a5, -1188
core   0: 3 0x80005a4e (0xb5c7a713) x14 0x00000000
core   0: 0x80005a52 (0x000087f9) c.srai  a5, 30
core   0: 3 0x80005a52 (0x87f9) x15 0x00000000
core   0: 0x80005a54 (0x41c48d33) sub     s10, s1, t3
core   0: 3 0x80005a54 (0x41c48d33) x26 0x0000053a
core   0: 0x80005a58 (0x00008df1) c.and   a1, a2
core   0: 3 0x80005a58 (0x8df1) x11 0x00000000
core   0: 0x80005a5a (0x00008ebe) c.mv    t4, a5
core   0: 3 0x80005a5a (0x8ebe) x29 0x00000000
core   0: 0x80005a5c (0x01e09133) sll     sp, ra, t5
core   0: 3 0x80005a5c (0x01e09133) x 2 0x00000000
core   0: 0x80005a60 (0x6a01a713) slti    a4, gp, 1696
core   0: 3 0x80005a60 (0x6a01a713) x14 0x00000001
core   0: 0x80005a64 (0x0000846d) c.srai  s0, 27
core   0: 3 0x80005a64 (0x846d) x 8 0x00000000
core   0: 0x80005a66 (0x00009b7d) c.andi  a4, -1
core   0: 3 0x80005a66 (0x9b7d) x14 0x00000001
core   0: 0x80005a68 (0x02be5eb3) divu    t4, t3, a1
core   0: 3 0x80005a68 (0x02be5eb3) x29 0xffffffff
core   0: 0x80005a6c (0x00000fee) c.slli  t6, 27
core   0: 3 0x80005a6c (0x0fee) x31 0x70000000
core   0: 0x80005a6e (0x973ebb13) sltiu   s6, t4, -1677
core   0: 3 0x80005a6e (0x973ebb13) x22 0x00000000
core   0: 0x80005a72 (0x00b98db3) add     s11, s3, a1
core   0: 3 0x80005a72 (0x00b98db3) x27 0x8000ee64
core   0: 0x80005a76 (0x028b0f33) mul     t5, s6, s0
core   0: 3 0x80005a76 (0x028b0f33) x30 0x00000000
core   0: 0x80005a7a (0x00005cfd) c.li    s9, -1
core   0: 3 0x80005a7a (0x5cfd) x25 0xffffffff
core   0: 0x80005a7c (0x5ee9ebb7) lui     s7, 0x5ee9e
core   0: 3 0x80005a7c (0x5ee9ebb7) x23 0x5ee9e000
core   0: 0x80005a80 (0x00008595) c.srai  a1, 5
core   0: 3 0x80005a80 (0x8595) x11 0x00000000
core   0: 0x80005a82 (0x00008cd5) c.or    s1, a3
core   0: 3 0x80005a82 (0x8cd5) x 9 0x00000016
core   0: 0x80005a84 (0x015e5833) srl     a6, t3, s5
core   0: 3 0x80005a84 (0x015e5833) x16 0xfffffac6
core   0: 0x80005a88 (0x00008505) c.srai  a0, 1
core   0: 3 0x80005a88 (0x8505) x10 0x000001a0
core   0: 0x80005a8a (0x00008469) c.srai  s0, 26
core   0: 3 0x80005a8a (0x8469) x 8 0x00000000
core   0: 0x80005a8c (0x0927c317) auipc   t1, 0x927c
core   0: 3 0x80005a8c (0x0927c317) x 6 0x89281a8c
core   0: 0x80005a90 (0x34223313) sltiu   t1, tp, 834
core   0: 3 0x80005a90 (0x34223313) x 6 0x00000000
core   0: 0x80005a94 (0x02146ab3) rem     s5, s0, ra
core   0: 3 0x80005a94 (0x02146ab3) x21 0x00000000
core   0: 0x80005a98 (0x01a9ee33) or      t3, s3, s10
core   0: 3 0x80005a98 (0x01a9ee33) x28 0x8000ef7e
core   0: 0x80005a9c (0x01b45313) srli    t1, s0, 27
core   0: 3 0x80005a9c (0x01b45313) x 6 0x00000000
core   0: 0x80005aa0 (0x00001efd) c.addi  t4, -1
core   0: 3 0x80005aa0 (0x1efd) x29 0xfffffffe
core   0: 0x80005aa2 (0xab357e93) andi    t4, a0, -1357
core   0: 3 0x80005aa2 (0xab357e93) x29 0x000000a0
core   0: 0x80005aa6 (0x01414133) xor     sp, sp, s4
core   0: 3 0x80005aa6 (0x01414133) x 2 0x000007be
core   0: 0x80005aaa (0x017dfa33) and     s4, s11, s7
core   0: 3 0x80005aaa (0x017dfa33) x20 0x0000e000
core   0: 0x80005aae (0x03b46ab3) rem     s5, s0, s11
core   0: 3 0x80005aae (0x03b46ab3) x21 0x00000000
core   0: 0x80005ab2 (0x00354e33) xor     t3, a0, gp
core   0: 3 0x80005ab2 (0x00354e33) x28 0x000001a0
core   0: 0x80005ab6 (0x00ecb133) sltu    sp, s9, a4
core   0: 3 0x80005ab6 (0x00ecb133) x 2 0x00000000
core   0: 0x80005aba (0x001b9833) sll     a6, s7, ra
core   0: 3 0x80005aba (0x001b9833) x16 0x5ee9e000
core   0: 0x80005abe (0x00cad033) srl     zero, s5, a2
core   0: 3 0x80005abe (0x00cad033)
core   0: 0x80005ac2 (0x000091e2) c.add   gp, s8
core   0: 3 0x80005ac2 (0x91e2) x 3 0xffffffff
core   0: 0x80005ac4 (0x00efeb33) or      s6, t6, a4
core   0: 3 0x80005ac4 (0x00efeb33) x22 0x70000001
core   0: 0x80005ac8 (0x00008ec9) c.or    a3, a0
core   0: 3 0x80005ac8 (0x8ec9) x13 0x000001b6
core   0: 0x80005aca (0xdd9c6e13) ori     t3, s8, -551
core   0: 3 0x80005aca (0xdd9c6e13) x28 0xffffffff
core   0: 0x80005ace (0x00008c59) c.or    s0, a4
core   0: 3 0x80005ace (0x8c59) x 8 0x00000001
core   0: 0x80005ad0 (0x00006171) c.addi16sp sp, 336
core   0: 3 0x80005ad0 (0x6171) x 2 0x00000150
core   0: 0x80005ad2 (0x6ee7ae13) slti    t3, a5, 1774
core   0: 3 0x80005ad2 (0x6ee7ae13) x28 0x00000001
core   0: 0x80005ad6 (0x38158593) addi    a1, a1, 897
core   0: 3 0x80005ad6 (0x38158593) x11 0x00000381
core   0: 0x80005ada (0x03d70ab3) mul     s5, a4, t4
core   0: 3 0x80005ada (0x03d70ab3) x21 0x000000a0
core   0: 0x80005ade (0x02419933) mulh    s2, gp, tp
core   0: 3 0x80005ade (0x02419933) x18 0x00000000
core   0: 0x80005ae2 (0x01f61933) sll     s2, a2, t6
core   0: 3 0x80005ae2 (0x01f61933) x18 0x00000000
core   0: 0x80005ae6 (0x03977ab3) remu    s5, a4, s9
core   0: 3 0x80005ae6 (0x03977ab3) x21 0x00000001
core   0: 0x80005aea (0x037e8c33) mul     s8, t4, s7
core   0: 3 0x80005aea (0x037e8c33) x24 0x522c0000
core   0: 0x80005aee (0x03d780b3) mul     ra, a5, t4
core   0: 3 0x80005aee (0x03d780b3) x 1 0x00000000
core   0: 0x80005af2 (0x014fbd33) sltu    s10, t6, s4
core   0: 3 0x80005af2 (0x014fbd33) x26 0x00000000
core   0: 0x80005af6 (0x00009f62) c.add   t5, s8
core   0: 3 0x80005af6 (0x9f62) x30 0x522c0000
core   0: 0x80005af8 (0x03bfedb3) rem     s11, t6, s11
core   0: 3 0x80005af8 (0x03bfedb3) x27 0x70000000
core   0: 0x80005afc (0x013c28b3) slt     a7, s8, s3
core   0: 3 0x80005afc (0x013c28b3) x17 0x00000000
core   0: 0x80005b00 (0x7957a093) slti    ra, a5, 1941
core   0: 3 0x80005b00 (0x7957a093) x 1 0x00000001
core   0: 0x80005b04 (0x00008c25) c.xor   s0, s1
core   0: 3 0x80005b04 (0x8c25) x 8 0x00000017
core   0: 0x80005b06 (0x00008bda) c.mv    s7, s6
core   0: 3 0x80005b06 (0x8bda) x23 0x70000001
core   0: 0x80005b08 (0x00ad5113) srli    sp, s10, 10
core   0: 3 0x80005b08 (0x00ad5113) x 2 0x00000000
core   0: 0x80005b0c (0xb640ef13) ori     t5, ra, -1180
core   0: 3 0x80005b0c (0xb640ef13) x30 0xfffffb65
core   0: 0x80005b10 (0x0053b7b3) sltu    a5, t2, t0
core   0: 3 0x80005b10 (0x0053b7b3) x15 0x00000000
core   0: 0x80005b14 (0xdd552013) slti    zero, a0, -555
core   0: 3 0x80005b14 (0xdd552013)
core   0: 0x80005b18 (0x0204b8b3) mulhu   a7, s1, zero
core   0: 3 0x80005b18 (0x0204b8b3) x17 0x00000000
core   0: 0x80005b1c (0x0223b933) mulhu   s2, t2, sp
core   0: 3 0x80005b1c (0x0223b933) x18 0x00000000
core   0: 0x80005b20 (0x00008295) c.srli  a3, 5
core   0: 3 0x80005b20 (0x8295) x13 0x0000000d
core   0: 0x80005b22 (0x00008e16) c.mv    t3, t0
core   0: 3 0x80005b22 (0x8e16) x28 0x1817d8d0
core   0: 0x80005b24 (0x017d4733) xor     a4, s10, s7
core   0: 3 0x80005b24 (0x017d4733) x14 0x70000001
core   0: 0x80005b28 (0x00008f7d) c.and   a4, a5
core   0: 3 0x80005b28 (0x8f7d) x14 0x00000000
core   0: 0x80005b2a (0x012936b3) sltu    a3, s2, s2
core   0: 3 0x80005b2a (0x012936b3) x13 0x00000000
core   0: 0x80005b2e (0x01e95fb3) srl     t6, s2, t5
core   0: 3 0x80005b2e (0x01e95fb3) x31 0x00000000
core   0: 0x80005b32 (0x00006131) c.addi16sp sp, 320
core   0: 3 0x80005b32 (0x6131) x 2 0x00000140
core   0: 0x80005b34 (0xfcc88237) lui     tp, 0xfcc88
core   0: 3 0x80005b34 (0xfcc88237) x 4 0xfcc88000
core   0: 0x80005b38 (0x00cc7733) and     a4, s8, a2
core   0: 3 0x80005b38 (0x00cc7733) x14 0x00000000
core   0: 0x80005b3c (0x00115113) srli    sp, sp, 1
core   0: 3 0x80005b3c (0x00115113) x 2 0x000000a0
core   0: 0x80005b40 (0x000099fd) c.andi  a1, -1
core   0: 3 0x80005b40 (0x99fd) x11 0x00000381
core   0: 0x80005b42 (0x027740b3) div     ra, a4, t2
core   0: 3 0x80005b42 (0x027740b3) x 1 0x00000000
core   0: 0x80005b46 (0x0000023e) c.slli  tp, 15
core   0: 3 0x80005b46 (0x023e) x 4 0x40000000
core   0: 0x80005b48 (0x0000840d) c.srai  s0, 3
core   0: 3 0x80005b48 (0x840d) x 8 0x00000002
core   0: 0x80005b4a (0x03a79133) mulh    sp, a5, s10
core   0: 3 0x80005b4a (0x03a79133) x 2 0x00000000
core   0: 0x80005b4e (0x000bea33) or      s4, s7, zero
core   0: 3 0x80005b4e (0x000bea33) x20 0x70000001
core   0: 0x80005b52 (0x40ac8e33) sub     t3, s9, a0
core   0: 3 0x80005b52 (0x40ac8e33) x28 0xfffffe5f
core   0: 0x80005b56 (0x01dc5c13) srli    s8, s8, 29
core   0: 3 0x80005b56 (0x01dc5c13) x24 0x00000002
core   0: 0x80005b5a (0x00008f7d) c.and   a4, a5
core   0: 3 0x80005b5a (0x8f7d) x14 0x00000000
core   0: 0x80005b5c (0x00008cfd) c.and   s1, a5
core   0: 3 0x80005b5c (0x8cfd) x 9 0x00000000
core   0: 0x80005b5e (0x00008d45) c.or    a0, s1
core   0: 3 0x80005b5e (0x8d45) x10 0x000001a0
core   0: 0x80005b60 (0x00008d8a) c.mv    s11, sp
core   0: 3 0x80005b60 (0x8d8a) x27 0x00000000
core   0: 0x80005b62 (0x089d4097) auipc   ra, 0x89d4
core   0: 3 0x80005b62 (0x089d4097) x 1 0x889d9b62
core   0: 0x80005b66 (0x00219313) slli    t1, gp, 2
core   0: 3 0x80005b66 (0x00219313) x 6 0xfffffffc
core   0: 0x80005b6a (0x00607b33) and     s6, zero, t1
core   0: 3 0x80005b6a (0x00607b33) x22 0x00000000
core   0: 0x80005b6e (0x026ec0b3) div     ra, t4, t1
core   0: 3 0x80005b6e (0x026ec0b3) x 1 0xffffffd8
core   0: 0x80005b72 (0x01467133) and     sp, a2, s4
core   0: 3 0x80005b72 (0x01467133) x 2 0x00000000
core   0: 0x80005b76 (0x012fae33) slt     t3, t6, s2
core   0: 3 0x80005b76 (0x012fae33) x28 0x00000000
core   0: 0x80005b7a (0x03cd7f93) andi    t6, s10, 60
core   0: 3 0x80005b7a (0x03cd7f93) x31 0x00000000
core   0: 0x80005b7e (0xcad36d37) lui     s10, 0xcad36
core   0: 3 0x80005b7e (0xcad36d37) x26 0xcad36000
core   0: 0x80005b82 (0x00b61d93) slli    s11, a2, 11
core   0: 3 0x80005b82 (0x00b61d93) x27 0x00000000
core   0: 0x80005b86 (0x00000984) c.addi4spn s1, sp, 208
core   0: 3 0x80005b86 (0x0984) x 9 0x000000d0
core   0: 0x80005b88 (0x01992233) slt     tp, s2, s9
core   0: 3 0x80005b88 (0x01992233) x 4 0x00000000
core   0: 0x80005b8c (0x00001e98) c.addi4spn a4, sp, 880
core   0: 3 0x80005b8c (0x1e98) x14 0x00000370
core   0: 0x80005b8e (0x00008c19) c.sub   s0, a4
core   0: 3 0x80005b8e (0x8c19) x 8 0xfffffc92
core   0: 0x80005b90 (0x6e200513) li      a0, 1762
core   0: 3 0x80005b90 (0x6e200513) x10 0x000006e2
core   0: 0x80005b94 (0x000088da) c.mv    a7, s6
core   0: 3 0x80005b94 (0x88da) x17 0x00000000
core   0: 0x80005b96 (0x00008c19) c.sub   s0, a4
core   0: 3 0x80005b96 (0x8c19) x 8 0xfffff922
core   0: 0x80005b98 (0x031071b3) remu    gp, zero, a7
core   0: 3 0x80005b98 (0x031071b3) x 3 0x00000000
core   0: 0x80005b9c (0x14f04093) xori    ra, zero, 335
core   0: 3 0x80005b9c (0x14f04093) x 1 0x0000014f
core   0: 0x80005ba0 (0x0000614d) c.addi16sp sp, 176
core   0: 3 0x80005ba0 (0x614d) x 2 0x000000b0
core   0: 0x80005ba2 (0x02c0e6b3) rem     a3, ra, a2
core   0: 3 0x80005ba2 (0x02c0e6b3) x13 0x0000014f
core   0: 0x80005ba6 (0x40b100b3) sub     ra, sp, a1
core   0: 3 0x80005ba6 (0x40b100b3) x 1 0xfffffd2f
core   0: 0x80005baa (0x00008eed) c.and   a3, a1
core   0: 3 0x80005baa (0x8eed) x13 0x00000101
core   0: 0x80005bac (0x01565e93) srli    t4, a2, 21
core   0: 3 0x80005bac (0x01565e93) x29 0x00000000
core   0: 0x80005bb0 (0x00009bfd) c.andi  a5, -1
core   0: 3 0x80005bb0 (0x9bfd) x15 0x00000000
core   0: 0x80005bb2 (0x00008f25) c.xor   a4, s1
core   0: 3 0x80005bb2 (0x8f25) x14 0x000003a0
core   0: 0x80005bb4 (0x00008e81) c.sub   a3, s0
core   0: 3 0x80005bb4 (0x8e81) x13 0x000007df
core   0: 0x80005bb6 (0x408b5d93) srai    s11, s6, 8
core   0: 3 0x80005bb6 (0x408b5d93) x27 0x00000000
core   0: 0x80005bba (0x008bf333) and     t1, s7, s0
core   0: 3 0x80005bba (0x008bf333) x 6 0x70000000
core   0: 0x80005bbe (0x00000f88) c.addi4spn a0, sp, 976
core   0: 3 0x80005bbe (0x0f88) x10 0x00000480
core   0: 0x80005bc0 (0x00785a33) srl     s4, a6, t2
core   0: 3 0x80005bc0 (0x00785a33) x20 0x05ee9e00
core   0: 0x80005bc4 (0x01ffec33) or      s8, t6, t6
core   0: 3 0x80005bc4 (0x01ffec33) x24 0x00000000
core   0: 0x80005bc8 (0x41308433) sub     s0, ra, s3
core   0: 3 0x80005bc8 (0x41308433) x 8 0x7fff0ecb
core   0: 0x80005bcc (0x00000001) c.nop
core   0: 3 0x80005bcc (0x0001)
core   0: 0x80005bce (0xf1a1e0b7) lui     ra, 0xf1a1e
core   0: 3 0x80005bce (0xf1a1e0b7) x 1 0xf1a1e000
core   0: 0x80005bd2 (0x0000016e) c.slli  sp, 27
core   0: 3 0x80005bd2 (0x016e) x 2 0x80000000
core   0: 0x80005bd4 (0x01371c93) slli    s9, a4, 19
core   0: 3 0x80005bd4 (0x01371c93) x25 0x1d000000
core   0: 0x80005bd8 (0x03cb2eb3) mulhsu  t4, s6, t3
core   0: 3 0x80005bd8 (0x03cb2eb3) x29 0x00000000
core   0: 0x80005bdc (0x00008cc5) c.or    s1, s1
core   0: 3 0x80005bdc (0x8cc5) x 9 0x000000d0
core   0: 0x80005bde (0x023275b3) remu    a1, tp, gp
core   0: 3 0x80005bde (0x023275b3) x11 0x00000000
core   0: 0x80005be2 (0x03f2d833) divu    a6, t0, t6
core   0: 3 0x80005be2 (0x03f2d833) x16 0xffffffff
core   0: 0x80005be6 (0x03682533) mulhsu  a0, a6, s6
core   0: 3 0x80005be6 (0x03682533) x10 0x00000000
core   0: 0x80005bea (0x000005a5) c.addi  a1, 9
core   0: 3 0x80005bea (0x05a5) x11 0x00000009
core   0: 0x80005bec (0x014281b3) add     gp, t0, s4
core   0: 3 0x80005bec (0x014281b3) x 3 0x1e0676d0
core   0: 0x80005bf0 (0x0262d2b3) divu    t0, t0, t1
core   0: 3 0x80005bf0 (0x0262d2b3) x 5 0x00000000
core   0: 0x80005bf4 (0x40e55793) srai    a5, a0, 14
core   0: 3 0x80005bf4 (0x40e55793) x15 0x00000000
core   0: 0x80005bf8 (0x009e38b3) sltu    a7, t3, s1
core   0: 3 0x80005bf8 (0x009e38b3) x17 0x00000001
core   0: 0x80005bfc (0x01ca2333) slt     t1, s4, t3
core   0: 3 0x80005bfc (0x01ca2333) x 6 0x00000000
core   0: 0x80005c00 (0x00001408) c.addi4spn a0, sp, 544
core   0: 3 0x80005c00 (0x1408) x10 0x80000220
core   0: 0x80005c02 (0x40598c33) sub     s8, s3, t0
core   0: 3 0x80005c02 (0x40598c33) x24 0x8000ee64
core   0: 0x80005c06 (0x00006f31) c.lui   t5, 0xc
core   0: 3 0x80005c06 (0x6f31) x30 0x0000c000
core   0: 0x80005c08 (0x00008dc9) c.or    a1, a0
core   0: 3 0x80005c08 (0x8dc9) x11 0x80000229
core   0: 0x80005c0a (0x01a285b3) add     a1, t0, s10
core   0: 3 0x80005c0a (0x01a285b3) x11 0xcad36000
core   0: 0x80005c0e (0x0000936e) c.add   t1, s11
core   0: 3 0x80005c0e (0x936e) x 6 0x00000000
core   0: 0x80005c10 (0x000006d6) c.slli  a3, 21
core   0: 3 0x80005c10 (0x06d6) x13 0xfbe00000
core   0: 0x80005c12 (0x0000717d) c.addi16sp sp, -16
core   0: 3 0x80005c12 (0x717d) x 2 0x7ffffff0
core   0: 0x80005c14 (0x000006d6) c.slli  a3, 21
core   0: 3 0x80005c14 (0x06d6) x13 0x00000000
core   0: 0x80005c16 (0x03790833) mul     a6, s2, s7
core   0: 3 0x80005c16 (0x03790833) x16 0x00000000
core   0: 0x80005c1a (0x00000001) c.nop
core   0: 3 0x80005c1a (0x0001)
core   0: 0x80005c1c (0x00008da5) c.xor   a1, s1
core   0: 3 0x80005c1c (0x8da5) x11 0xcad360d0
core   0: 0x80005c1e (0x00b76a33) or      s4, a4, a1
core   0: 3 0x80005c1e (0x00b76a33) x20 0xcad363f0
core   0: 0x80005c22 (0x00a82b33) slt     s6, a6, a0
core   0: 3 0x80005c22 (0x00a82b33) x22 0x00000000
core   0: 0x80005c26 (0x02562833) mulhsu  a6, a2, t0
core   0: 3 0x80005c26 (0x02562833) x16 0x00000000
core   0: 0x80005c2a (0x0000973e) c.add   a4, a5
core   0: 3 0x80005c2a (0x973e) x14 0x000003a0
core   0: 0x80005c2c (0x450b2213) slti    tp, s6, 1104
core   0: 3 0x80005c2c (0x450b2213) x 4 0x00000001
core   0: 0x80005c30 (0x01da36b3) sltu    a3, s4, t4
core   0: 3 0x80005c30 (0x01da36b3) x13 0x00000000
core   0: 0x80005c34 (0x00000001) c.nop
core   0: 3 0x80005c34 (0x0001)
core   0: 0x80005c36 (0x00008cc5) c.or    s1, s1
core   0: 3 0x80005c36 (0x8cc5) x 9 0x000000d0
core   0: 0x80005c38 (0x00036933) or      s2, t1, zero
core   0: 3 0x80005c38 (0x00036933) x18 0x00000000
core   0: 0x80005c3c (0x00006255) c.lui   tp, 0x15
core   0: 3 0x80005c3c (0x6255) x 4 0x00015000
core   0: 0x80005c3e (0x02122d33) mulhsu  s10, tp, ra
core   0: 3 0x80005c3e (0x02122d33) x26 0x00013d24
core   0: 0x80005c42 (0x0000717d) c.addi16sp sp, -16
core   0: 3 0x80005c42 (0x717d) x 2 0x7fffffe0
core   0: 0x80005c44 (0x01daa2b3) slt     t0, s5, t4
core   0: 3 0x80005c44 (0x01daa2b3) x 5 0x00000000
core   0: 0x80005c48 (0x00008355) c.srli  a4, 21
core   0: 3 0x80005c48 (0x8355) x14 0x00000000
core   0: 0x80005c4a (0xcb702a93) slti    s5, zero, -841
core   0: 3 0x80005c4a (0xcb702a93) x21 0x00000000
core   0: 0x80005c4e (0x02bdb033) mulhu   zero, s11, a1
core   0: 3 0x80005c4e (0x02bdb033)
core   0: 0x80005c52 (0x000085d5) c.srai  a1, 21
core   0: 3 0x80005c52 (0x85d5) x11 0xfffffe56
core   0: 0x80005c54 (0x00006a85) c.lui   s5, 0x1
core   0: 3 0x80005c54 (0x6a85) x21 0x00001000
core   0: 0x80005c56 (0x00000001) c.nop
core   0: 3 0x80005c56 (0x0001)
core   0: 0x80005c58 (0x0158d433) srl     s0, a7, s5
core   0: 3 0x80005c58 (0x0158d433) x 8 0x00000001
core   0: 0x80005c5c (0x000faf33) slt     t5, t6, zero
core   0: 3 0x80005c5c (0x000faf33) x30 0x00000000
core   0: 0x80005c60 (0x93c3b437) lui     s0, 0x93c3b
core   0: 3 0x80005c60 (0x93c3b437) x 8 0x93c3b000
core   0: 0x80005c64 (0x00006895) c.lui   a7, 0x5
core   0: 3 0x80005c64 (0x6895) x17 0x00005000
core   0: 0x80005c66 (0x000083c9) c.srli  a5, 18
core   0: 3 0x80005c66 (0x83c9) x15 0x00000000
core   0: 0x80005c68 (0x00008fce) c.mv    t6, s3
core   0: 3 0x80005c68 (0x8fce) x31 0x8000ee64
core   0: 0x80005c6a (0xe43d4c13) xori    s8, s10, -445
core   0: 3 0x80005c6a (0xe43d4c13) x24 0xfffec367
core   0: 0x80005c6e (0xfff00213) li      tp, -1
core   0: 3 0x80005c6e (0xfff00213) x 4 0xffffffff
core   0: 0x80005c72 (0x00004a01) c.li    s4, 0
core   0: 3 0x80005c72 (0x4a01) x20 0x00000000
core   0: 0x80005c74 (0x00004d81) c.li    s11, 0
core   0: 3 0x80005c74 (0x4d81) x27 0x00000000
core   0: 0x80005c76 (0x00004c81) c.li    s9, 0
core   0: 3 0x80005c76 (0x4c81) x25 0x00000000
core   0: 0x80005c78 (0x80000d37) lui     s10, 0x80000
core   0: 3 0x80005c78 (0x80000d37) x26 0x80000000
core   0: 0x80005c7c (0xfff00113) li      sp, -1
core   0: 3 0x80005c7c (0xfff00113) x 2 0xffffffff
core   0: 0x80005c80 (0x1406f737) lui     a4, 0x1406f
core   0: 3 0x80005c80 (0x1406f737) x14 0x1406f000
core   0: 0x80005c84 (0xad870713) addi    a4, a4, -1320
core   0: 3 0x80005c84 (0xad870713) x14 0x1406ead8
core   0: 0x80005c88 (0x80000ab7) lui     s5, 0x80000
core   0: 3 0x80005c88 (0x80000ab7) x21 0x80000000
core   0: 0x80005c8c (0x4f0f37b7) lui     a5, 0x4f0f3
core   0: 3 0x80005c8c (0x4f0f37b7) x15 0x4f0f3000
core   0: 0x80005c90 (0x7ff78793) addi    a5, a5, 2047
core   0: 3 0x80005c90 (0x7ff78793) x15 0x4f0f37ff
core   0: 0x80005c94 (0x367422b7) lui     t0, 0x36742
core   0: 3 0x80005c94 (0x367422b7) x 5 0x36742000
core   0: 0x80005c98 (0x62028293) addi    t0, t0, 1568
core   0: 3 0x80005c98 (0x62028293) x 5 0x36742620
core   0: 0x80005c9c (0x3d847117) auipc   sp, 0x3d847
core   0: 3 0x80005c9c (0x3d847117) x 2 0xbd84cc9c
core   0: 0x80005ca0 (0x005d8ab3) add     s5, s11, t0
core   0: 3 0x80005ca0 (0x005d8ab3) x21 0x36742620
core   0: 0x80005ca4 (0x0242f2b3) remu    t0, t0, tp
core   0: 3 0x80005ca4 (0x0242f2b3) x 5 0x36742620
core   0: 0x80005ca8 (0x03b7b133) mulhu   sp, a5, s11
core   0: 3 0x80005ca8 (0x03b7b133) x 2 0x00000000
core   0: 0x80005cac (0x02220a33) mul     s4, tp, sp
core   0: 3 0x80005cac (0x02220a33) x20 0x00000000
core   0: 0x80005cb0 (0x039c9733) mulh    a4, s9, s9
core   0: 3 0x80005cb0 (0x039c9733) x14 0x00000000
core   0: 0x80005cb4 (0x02fcb133) mulhu   sp, s9, a5
core   0: 3 0x80005cb4 (0x02fcb133) x 2 0x00000000
core   0: 0x80005cb8 (0x03473133) mulhu   sp, a4, s4
core   0: 3 0x80005cb8 (0x03473133) x 2 0x00000000
core   0: 0x80005cbc (0x02472ab3) mulhsu  s5, a4, tp
core   0: 3 0x80005cbc (0x02472ab3) x21 0x00000000
core   0: 0x80005cc0 (0x039dd233) divu    tp, s11, s9
core   0: 3 0x80005cc0 (0x039dd233) x 4 0xffffffff
core   0: 0x80005cc4 (0x5c8b82b7) lui     t0, 0x5c8b8
core   0: 3 0x80005cc4 (0x5c8b82b7) x 5 0x5c8b8000
core   0: 0x80005cc8 (0x035aacb3) mulhsu  s9, s5, s5
core   0: 3 0x80005cc8 (0x035aacb3) x25 0x00000000
core   0: 0x80005ccc (0x41920233) sub     tp, tp, s9
core   0: 3 0x80005ccc (0x41920233) x 4 0xffffffff
core   0: 0x80005cd0 (0x9a128c93) addi    s9, t0, -1631
core   0: 3 0x80005cd0 (0x9a128c93) x25 0x5c8b79a1
core   0: 0x80005cd4 (0x0397b133) mulhu   sp, a5, s9
core   0: 3 0x80005cd4 (0x0397b133) x 2 0x1c948af2
core   0: 0x80005cd8 (0x00000001) c.nop
core   0: 3 0x80005cd8 (0x0001)
core   0: 0x80005cda (0x03b277b3) remu    a5, tp, s11
core   0: 3 0x80005cda (0x03b277b3) x15 0xffffffff
core   0: 0x80005cde (0x03b2b2b3) mulhu   t0, t0, s11
core   0: 3 0x80005cde (0x03b2b2b3) x 5 0x00000000
core   0: 0x80005ce2 (0x00008ac5) c.andi  a3, 17
core   0: 3 0x80005ce2 (0x8ac5) x13 0x00000000
core   0: 0x80005ce4 (0x025d8333) mul     t1, s11, t0
core   0: 3 0x80005ce4 (0x025d8333) x 6 0x00000000
core   0: 0x80005ce8 (0x0000158c) c.addi4spn a1, sp, 736
core   0: 3 0x80005ce8 (0x158c) x11 0x1c948dd2
core   0: 0x80005cea (0x4041df33) sra     t5, gp, tp
core   0: 3 0x80005cea (0x4041df33) x30 0x00000000
core   0: 0x80005cee (0x8ff65e37) lui     t3, 0x8ff65
core   0: 3 0x80005cee (0x8ff65e37) x28 0x8ff65000
core   0: 0x80005cf2 (0x8e17ee13) ori     t3, a5, -1823
core   0: 3 0x80005cf2 (0x8e17ee13) x28 0xffffffff
core   0: 0x80005cf6 (0x00008b41) c.andi  a4, 16
core   0: 3 0x80005cf6 (0x8b41) x14 0x00000000
core   0: 0x80005cf8 (0x000081c5) c.srli  a1, 17
core   0: 3 0x80005cf8 (0x81c5) x11 0x00000e4a
core   0: 0x80005cfa (0x00008d55) c.or    a0, a3
core   0: 3 0x80005cfa (0x8d55) x10 0x80000220
core   0: 0x80005cfc (0x0167bd33) sltu    s10, a5, s6
core   0: 3 0x80005cfc (0x0167bd33) x26 0x00000000
core   0: 0x80005d00 (0x00fe2d33) slt     s10, t3, a5
core   0: 3 0x80005d00 (0x00fe2d33) x26 0x00000000
core   0: 0x80005d04 (0x02371a33) mulh    s4, a4, gp
core   0: 3 0x80005d04 (0x02371a33) x20 0x00000000
core   0: 0x80005d08 (0x012586b3) add     a3, a1, s2
core   0: 3 0x80005d08 (0x012586b3) x13 0x00000e4a
core   0: 0x80005d0c (0xd0ddf117) auipc   sp, 0xd0ddf
core   0: 3 0x80005d0c (0xd0ddf117) x 2 0x50de4d0c
core   0: 0x80005d10 (0x02358033) mul     zero, a1, gp
core   0: 3 0x80005d10 (0x02358033)
core   0: 0x80005d14 (0x00004c81) c.li    s9, 0
core   0: 3 0x80005d14 (0x4c81) x25 0x00000000
core   0: 0x80005d16 (0x80000837) lui     a6, 0x80000
core   0: 3 0x80005d16 (0x80000837) x16 0x80000000
core   0: 0x80005d1a (0x800005b7) lui     a1, 0x80000
core   0: 3 0x80005d1a (0x800005b7) x11 0x80000000
core   0: 0x80005d1e (0xd34d9937) lui     s2, 0xd34d9
core   0: 3 0x80005d1e (0xd34d9937) x18 0xd34d9000
core   0: 0x80005d22 (0xe6b90913) addi    s2, s2, -405
core   0: 3 0x80005d22 (0xe6b90913) x18 0xd34d8e6b
core   0: 0x80005d26 (0x00004481) c.li    s1, 0
core   0: 3 0x80005d26 (0x4481) x 9 0x00000000
core   0: 0x80005d28 (0x926b72b7) lui     t0, 0x926b7
core   0: 3 0x80005d28 (0x926b72b7) x 5 0x926b7000
core   0: 0x80005d2c (0x92928293) addi    t0, t0, -1751
core   0: 3 0x80005d2c (0x92928293) x 5 0x926b6929
core   0: 0x80005d30 (0xfff00f13) li      t5, -1
core   0: 3 0x80005d30 (0xfff00f13) x30 0xffffffff
core   0: 0x80005d34 (0x80000337) lui     t1, 0x80000
core   0: 3 0x80005d34 (0x80000337) x 6 0x80000000
core   0: 0x80005d38 (0x00004681) c.li    a3, 0
core   0: 3 0x80005d38 (0x4681) x13 0x00000000
core   0: 0x80005d3a (0x00004d81) c.li    s11, 0
core   0: 3 0x80005d3a (0x4d81) x27 0x00000000
core   0: 0x80005d3c (0x03e58933) mul     s2, a1, t5
core   0: 3 0x80005d3c (0x03e58933) x18 0x80000000
core   0: 0x80005d40 (0xde7b5f17) auipc   t5, 0xde7b5
core   0: 3 0x80005d40 (0xde7b5f17) x30 0x5e7bad40
core   0: 0x80005d44 (0x032332b3) mulhu   t0, t1, s2
core   0: 3 0x80005d44 (0x032332b3) x 5 0x40000000
core   0: 0x80005d48 (0x0325b833) mulhu   a6, a1, s2
core   0: 3 0x80005d48 (0x0325b833) x16 0x40000000
core   0: 0x80005d4c (0x0262f2b3) remu    t0, t0, t1
core   0: 3 0x80005d4c (0x0262f2b3) x 5 0x40000000
core   0: 0x80005d50 (0x941a12b7) lui     t0, 0x941a1
core   0: 3 0x80005d50 (0x941a12b7) x 5 0x941a1000
core   0: 0x80005d54 (0x029ccf33) div     t5, s9, s1
core   0: 3 0x80005d54 (0x029ccf33) x30 0xffffffff
core   0: 0x80005d58 (0x02b956b3) divu    a3, s2, a1
core   0: 3 0x80005d58 (0x02b956b3) x13 0x00000001
core   0: 0x80005d5c (0xbfc28593) addi    a1, t0, -1028
core   0: 3 0x80005d5c (0xbfc28593) x11 0x941a0bfc
core   0: 0x80005d60 (0x00000001) c.nop
core   0: 3 0x80005d60 (0x0001)
core   0: 0x80005d62 (0x02533333) mulhu   t1, t1, t0
core   0: 3 0x80005d62 (0x02533333) x 6 0x4a0d0800
core   0: 0x80005d66 (0x03287933) remu    s2, a6, s2
core   0: 3 0x80005d66 (0x03287933) x18 0x40000000
core   0: 0x80005d6a (0x00590333) add     t1, s2, t0
core   0: 3 0x80005d6a (0x00590333) x 6 0xd41a1000
core   0: 0x80005d6e (0x410f0833) sub     a6, t5, a6
core   0: 3 0x80005d6e (0x410f0833) x16 0xbfffffff
core   0: 0x80005d72 (0x20c08937) lui     s2, 0x20c08
core   0: 3 0x80005d72 (0x20c08937) x18 0x20c08000
core   0: 0x80005d76 (0x0305bdb3) mulhu   s11, a1, a6
core   0: 3 0x80005d76 (0x0305bdb3) x27 0x6f1388fc
core   0: 0x80005d7a (0x89df0593) addi    a1, t5, -1891
core   0: 3 0x80005d7a (0x89df0593) x11 0xfffff89c
core   0: 0x80005d7e (0x029f2db3) mulhsu  s11, t5, s1
core   0: 3 0x80005d7e (0x029f2db3) x27 0x00000000
core   0: 0x80005d82 (0x025296b3) mulh    a3, t0, t0
core   0: 3 0x80005d82 (0x025296b3) x13 0x2d7a0527
core   0: 0x80005d86 (0x03e2d333) divu    t1, t0, t5
core   0: 3 0x80005d86 (0x03e2d333) x 6 0x00000000
core   0: 0x80005d8a (0x02d4e333) rem     t1, s1, a3
core   0: 3 0x80005d8a (0x02d4e333) x 6 0x00000000
core   0: 0x80005d8e (0x5ebd3b93) sltiu   s7, s10, 1515
core   0: 3 0x80005d8e (0x5ebd3b93) x23 0x00000001
core   0: 0x80005d92 (0xf0f0ed97) auipc   s11, 0xf0f0e
core   0: 3 0x80005d92 (0xf0f0ed97) x27 0x70f13d92
core   0: 0x80005d96 (0x000082ad) c.srli  a3, 11
core   0: 3 0x80005d96 (0x82ad) x13 0x0005af40
core   0: 0x80005d98 (0x03066eb3) rem     t4, a2, a6
core   0: 3 0x80005d98 (0x03066eb3) x29 0x00000000
core   0: 0x80005d9c (0x006d7d33) and     s10, s10, t1
core   0: 3 0x80005d9c (0x006d7d33) x26 0x00000000
core   0: 0x80005da0 (0x406a5233) sra     tp, s4, t1
core   0: 3 0x80005da0 (0x406a5233) x 4 0x00000000
core   0: 0x80005da4 (0x00008a5e) c.mv    s4, s7
core   0: 3 0x80005da4 (0x8a5e) x20 0x00000001
core   0: 0x80005da6 (0x405b5933) sra     s2, s6, t0
core   0: 3 0x80005da6 (0x405b5933) x18 0x00000000
core   0: 0x80005daa (0x00b73433) sltu    s0, a4, a1
core   0: 3 0x80005daa (0x00b73433) x 8 0x00000001
core   0: 0x80005dae (0x6ecf7793) andi    a5, t5, 1772
core   0: 3 0x80005dae (0x6ecf7793) x15 0x000006ec
core   0: 0x80005db2 (0x038cbbb3) mulhu   s7, s9, s8
core   0: 3 0x80005db2 (0x038cbbb3) x23 0x00000000
core   0: 0x80005db6 (0x000085a1) c.srai  a1, 8
core   0: 3 0x80005db6 (0x85a1) x11 0xfffffff8
core   0: 0x80005db8 (0x50b0e113) ori     sp, ra, 1291
core   0: 3 0x80005db8 (0x50b0e113) x 2 0xf1a1e50b
core   0: 0x80005dbc (0x402e5313) srai    t1, t3, 2
core   0: 3 0x80005dbc (0x402e5313) x 6 0xffffffff
core   0: 0x80005dc0 (0x00008779) c.srai  a4, 30
core   0: 3 0x80005dc0 (0x8779) x14 0x00000000
core   0: 0x80005dc2 (0x00f93933) sltu    s2, s2, a5
core   0: 3 0x80005dc2 (0x00f93933) x18 0x00000001
core   0: 0x80005dc6 (0x01f85e33) srl     t3, a6, t6
core   0: 3 0x80005dc6 (0x01f85e33) x28 0x0bffffff
core   0: 0x80005dca (0xa95e9297) auipc   t0, 0xa95e9
core   0: 3 0x80005dca (0xa95e9297) x 5 0x295eedca
core   0: 0x80005dce (0x00000ff9) c.addi  t6, 30
core   0: 3 0x80005dce (0x0ff9) x31 0x8000ee82
core   0: 0x80005dd0 (0x03f26eb3) rem     t4, tp, t6
core   0: 3 0x80005dd0 (0x03f26eb3) x29 0x00000000
core   0: 0x80005dd4 (0x0350a0b3) mulhsu  ra, ra, s5
core   0: 3 0x80005dd4 (0x0350a0b3) x 1 0x00000000
core   0: 0x80005dd8 (0x021cc233) div     tp, s9, ra
core   0: 3 0x80005dd8 (0x021cc233) x 4 0xffffffff
core   0: 0x80005ddc (0x46956c13) ori     s8, a0, 1129
core   0: 3 0x80005ddc (0x46956c13) x24 0x80000669
core   0: 0x80005de0 (0x02b5c5b3) div     a1, a1, a1
core   0: 3 0x80005de0 (0x02b5c5b3) x11 0x00000001
core   0: 0x80005de4 (0x019e5093) srli    ra, t3, 25
core   0: 3 0x80005de4 (0x019e5093) x 1 0x00000005
core   0: 0x80005de8 (0xc1efa813) slti    a6, t6, -994
core   0: 3 0x80005de8 (0xc1efa813) x16 0x00000001
core   0: 0x80005dec (0x00001f94) c.addi4spn a3, sp, 1008
core   0: 3 0x80005dec (0x1f94) x13 0xf1a1e8fb
core   0: 0x80005dee (0x004c41b3) xor     gp, s8, tp
core   0: 3 0x80005dee (0x004c41b3) x 3 0x7ffff996
core   0: 0x80005df2 (0x00008c21) c.xor   s0, s0
core   0: 3 0x80005df2 (0x8c21) x 8 0x00000000
core   0: 0x80005df4 (0x7f3b0c13) addi    s8, s6, 2035
core   0: 3 0x80005df4 (0x7f3b0c13) x24 0x000007f3
core   0: 0x80005df8 (0x4041d533) sra     a0, gp, tp
core   0: 3 0x80005df8 (0x4041d533) x10 0x00000000
core   0: 0x80005dfc (0x022e1733) mulh    a4, t3, sp
core   0: 3 0x80005dfc (0x022e1733) x14 0xff5396bc
core   0: 0x80005e00 (0x00000180) c.addi4spn s0, sp, 192
core   0: 3 0x80005e00 (0x0180) x 8 0xf1a1e5cb
core   0: 0x80005e02 (0x6166bf93) sltiu   t6, a3, 1558
core   0: 3 0x80005e02 (0x6166bf93) x31 0x00000000
core   0: 0x80005e06 (0x4003d513) srai    a0, t2, 0
core   0: 3 0x80005e06 (0x4003d513) x10 0x80012ce4
core   0: 0x80005e0a (0x4034d433) sra     s0, s1, gp
core   0: 3 0x80005e0a (0x4034d433) x 8 0x00000000
core   0: 0x80005e0e (0x019ac0b3) xor     ra, s5, s9
core   0: 3 0x80005e0e (0x019ac0b3) x 1 0x00000000
core   0: 0x80005e12 (0x0000872a) c.mv    a4, a0
core   0: 3 0x80005e12 (0x872a) x14 0x80012ce4
core   0: 0x80005e14 (0x23be8b13) addi    s6, t4, 571
core   0: 3 0x80005e14 (0x23be8b13) x22 0x0000023b
core   0: 0x80005e18 (0x0288a6b3) mulhsu  a3, a7, s0
core   0: 3 0x80005e18 (0x0288a6b3) x13 0x00000000
core   0: 0x80005e1c (0x00d936b3) sltu    a3, s2, a3
core   0: 3 0x80005e1c (0x00d936b3) x13 0x00000000
core   0: 0x80005e20 (0x005697b3) sll     a5, a3, t0
core   0: 3 0x80005e20 (0x005697b3) x15 0x00000000
core   0: 0x80005e24 (0x02316e33) rem     t3, sp, gp
core   0: 3 0x80005e24 (0x02316e33) x28 0xf1a1e50b
core   0: 0x80005e28 (0x00008109) c.srli  a0, 2
core   0: 3 0x80005e28 (0x8109) x10 0x20004b39
core   0: 0x80005e2a (0x00008d29) c.xor   a0, a0
core   0: 3 0x80005e2a (0x8d29) x10 0x00000000
core   0: 0x80005e2c (0x849cf293) andi    t0, s9, -1975
core   0: 3 0x80005e2c (0x849cf293) x 5 0x00000000
core   0: 0x80005e30 (0x00000001) c.nop
core   0: 3 0x80005e30 (0x0001)
core   0: 0x80005e32 (0x00008ef5) c.and   a3, a3
core   0: 3 0x80005e32 (0x8ef5) x13 0x00000000
core   0: 0x80005e34 (0x0000717d) c.addi16sp sp, -16
core   0: 3 0x80005e34 (0x717d) x 2 0xf1a1e4fb
core   0: 0x80005e36 (0x000047e5) c.li    a5, 25
core   0: 3 0x80005e36 (0x47e5) x15 0x00000019
core   0: 0x80005e38 (0x00008145) c.srli  a0, 17
core   0: 3 0x80005e38 (0x8145) x10 0x00000000
core   0: 0x80005e3a (0x000087b1) c.srai  a5, 12
core   0: 3 0x80005e3a (0x87b1) x15 0x00000000
core   0: 0x80005e3c (0x00008441) c.srai  s0, 16
core   0: 3 0x80005e3c (0x8441) x 8 0x00000000
core   0: 0x80005e3e (0x00008e9d) c.sub   a3, a5
core   0: 3 0x80005e3e (0x8e9d) x13 0x00000000
core   0: 0x80005e40 (0x00008d45) c.or    a0, s1
core   0: 3 0x80005e40 (0x8d45) x10 0x00000000
core   0: 0x80005e42 (0xb2b27d13) andi    s10, tp, -1237
core   0: 3 0x80005e42 (0xb2b27d13) x26 0xfffffb2b
core   0: 0x80005e46 (0xdffa6413) ori     s0, s4, -513
core   0: 3 0x80005e46 (0xdffa6413) x 8 0xfffffdff
core   0: 0x80005e4a (0x016e01b3) add     gp, t3, s6
core   0: 3 0x80005e4a (0x016e01b3) x 3 0xf1a1e746
core   0: 0x80005e4e (0x1af1e837) lui     a6, 0x1af1e
core   0: 3 0x80005e4e (0x1af1e837) x16 0x1af1e000
core   0: 0x80005e52 (0x00008206) c.mv    tp, ra
core   0: 3 0x80005e52 (0x8206) x 4 0x00000000
core   0: 0x80005e54 (0x02808533) mul     a0, ra, s0
core   0: 3 0x80005e54 (0x02808533) x10 0x00000000
core   0: 0x80005e58 (0x00001c94) c.addi4spn a3, sp, 624
core   0: 3 0x80005e58 (0x1c94) x13 0xf1a1e76b
core   0: 0x80005e5a (0x0000880d) c.andi  s0, 3
core   0: 3 0x80005e5a (0x880d) x 8 0x00000003
core   0: 0x80005e5c (0x01176833) or      a6, a4, a7
core   0: 3 0x80005e5c (0x01176833) x16 0x80017ce4
core   0: 0x80005e60 (0x0062a5b3) slt     a1, t0, t1
core   0: 3 0x80005e60 (0x0062a5b3) x11 0x00000000
core   0: 0x80005e64 (0x00009afd) c.andi  a3, -1
core   0: 3 0x80005e64 (0x9afd) x13 0xf1a1e76b
core   0: 0x80005e66 (0x00008fe9) c.and   a5, a0
core   0: 3 0x80005e66 (0x8fe9) x15 0x00000000
core   0: 0x80005e68 (0x029be533) rem     a0, s7, s1
core   0: 3 0x80005e68 (0x029be533) x10 0x00000000
core   0: 0x80005e6c (0x4f357837) lui     a6, 0x4f357
core   0: 3 0x80005e6c (0x4f357837) x16 0x4f357000
core   0: 0x80005e70 (0x013092b3) sll     t0, ra, s3
core   0: 3 0x80005e70 (0x013092b3) x 5 0x00000000
core   0: 0x80005e74 (0x0000099c) c.addi4spn a5, sp, 208
core   0: 3 0x80005e74 (0x099c) x15 0xf1a1e5cb
core   0: 0x80005e76 (0x8012c893) xori    a7, t0, -2047
core   0: 3 0x80005e76 (0x8012c893) x17 0xfffff801
core   0: 0x80005e7a (0x0000127d) c.addi  tp, -1
core   0: 3 0x80005e7a (0x127d) x 4 0xffffffff
core   0: 0x80005e7c (0x02f4a1b3) mulhsu  gp, s1, a5
core   0: 3 0x80005e7c (0x02f4a1b3) x 3 0x00000000
core   0: 0x80005e80 (0x000008f6) c.slli  a7, 29
core   0: 3 0x80005e80 (0x08f6) x17 0x20000000
core   0: 0x80005e82 (0x00008ed9) c.or    a3, a4
core   0: 3 0x80005e82 (0x8ed9) x13 0xf1a1efef
core   0: 0x80005e84 (0x0000717d) c.addi16sp sp, -16
core   0: 3 0x80005e84 (0x717d) x 2 0xf1a1e4eb
core   0: 0x80005e86 (0x00008061) c.srli  s0, 24
core   0: 3 0x80005e86 (0x8061) x 8 0x00000000
core   0: 0x80005e88 (0x0325b0b3) mulhu   ra, a1, s2
core   0: 3 0x80005e88 (0x0325b0b3) x 1 0x00000000
core   0: 0x80005e8c (0x00a91eb3) sll     t4, s2, a0
core   0: 3 0x80005e8c (0x00a91eb3) x29 0x00000001
core   0: 0x80005e90 (0xa2782093) slti    ra, a6, -1497
core   0: 3 0x80005e90 (0xa2782093) x 1 0x00000000
core   0: 0x80005e94 (0x012dec33) or      s8, s11, s2
core   0: 3 0x80005e94 (0x012dec33) x24 0x70f13d93
core   0: 0x80005e98 (0x00008ff9) c.and   a5, a4
core   0: 3 0x80005e98 (0x8ff9) x15 0x800124c0
core   0: 0x80005e9a (0x00008099) c.srli  s1, 6
core   0: 3 0x80005e9a (0x8099) x 9 0x00000000
core   0: 0x80005e9c (0x03f72d33) mulhsu  s10, a4, t6
core   0: 3 0x80005e9c (0x03f72d33) x26 0x00000000
core   0: 0x80005ea0 (0x000086c1) c.srai  a3, 16
core   0: 3 0x80005ea0 (0x86c1) x13 0xfffff1a1
core   0: 0x80005ea2 (0x000085ad) c.srai  a1, 11
core   0: 3 0x80005ea2 (0x85ad) x11 0x00000000
core   0: 0x80005ea4 (0x00009f4e) c.add   t5, s3
core   0: 3 0x80005ea4 (0x9f4e) x30 0x8000ee63
core   0: 0x80005ea6 (0x02fb6a33) rem     s4, s6, a5
core   0: 3 0x80005ea6 (0x02fb6a33) x20 0x0000023b
core   0: 0x80005eaa (0x00008dbd) c.xor   a1, a5
core   0: 3 0x80005eaa (0x8dbd) x11 0x800124c0
core   0: 0x80005eac (0x00c20ab3) add     s5, tp, a2
core   0: 3 0x80005eac (0x00c20ab3) x21 0xffffffff
core   0: 0x80005eb0 (0x1356ed93) ori     s11, a3, 309
core   0: 3 0x80005eb0 (0x1356ed93) x27 0xfffff1b5
core   0: 0x80005eb4 (0x078ebe93) sltiu   t4, t4, 120
core   0: 3 0x80005eb4 (0x078ebe93) x29 0x00000001
core   0: 0x80005eb8 (0x025ce1b3) rem     gp, s9, t0
core   0: 3 0x80005eb8 (0x025ce1b3) x 3 0x00000000
core   0: 0x80005ebc (0x3ba4e2b7) lui     t0, 0x3ba4e
core   0: 3 0x80005ebc (0x3ba4e2b7) x 5 0x3ba4e000
core   0: 0x80005ec0 (0x00000001) c.nop
core   0: 3 0x80005ec0 (0x0001)
core   0: 0x80005ec2 (0x00008522) c.mv    a0, s0
core   0: 3 0x80005ec2 (0x8522) x10 0x00000000
core   0: 0x80005ec4 (0x00191033) sll     zero, s2, ra
core   0: 3 0x80005ec4 (0x00191033)
core   0: 0x80005ec8 (0x00fd9f13) slli    t5, s11, 15
core   0: 3 0x80005ec8 (0x00fd9f13) x30 0xf8da8000
core   0: 0x80005ecc (0x00000ba9) c.addi  s7, 10
core   0: 3 0x80005ecc (0x0ba9) x23 0x0000000a
core   0: 0x80005ece (0x303f4197) auipc   gp, 0x303f4
core   0: 3 0x80005ece (0x303f4197) x 3 0xb03f9ece
core   0: 0x80005ed2 (0x00be5b93) srli    s7, t3, 11
core   0: 3 0x80005ed2 (0x00be5b93) x23 0x001e343c
core   0: 0x80005ed6 (0x00000001) c.nop
core   0: 3 0x80005ed6 (0x0001)
core   0: 0x80005ed8 (0x0000072d) c.addi  a4, 11
core   0: 3 0x80005ed8 (0x072d) x14 0x80012cef
core   0: 0x80005eda (0x00008c11) c.sub   s0, a2
core   0: 3 0x80005eda (0x8c11) x 8 0x00000000
core   0: 0x80005edc (0x41995d93) srai    s11, s2, 25
core   0: 3 0x80005edc (0x41995d93) x27 0x00000000
core   0: 0x80005ee0 (0x0000717d) c.addi16sp sp, -16
core   0: 3 0x80005ee0 (0x717d) x 2 0xf1a1e4db
core   0: 0x80005ee2 (0x00000001) c.nop
core   0: 3 0x80005ee2 (0x0001)
core   0: 0x80005ee4 (0x17197513) andi    a0, s2, 369
core   0: 3 0x80005ee4 (0x17197513) x10 0x00000001
core   0: 0x80005ee8 (0x4118d8b3) sra     a7, a7, a7
core   0: 3 0x80005ee8 (0x4118d8b3) x17 0x20000000
core   0: 0x80005eec (0xc7827293) andi    t0, tp, -904
core   0: 3 0x80005eec (0xc7827293) x 5 0xfffffc78
core   0: 0x80005ef0 (0x02606433) rem     s0, zero, t1
core   0: 3 0x80005ef0 (0x02606433) x 8 0x00000000
core   0: 0x80005ef4 (0x027ff233) remu    tp, t6, t2
core   0: 3 0x80005ef4 (0x027ff233) x 4 0x00000000
core   0: 0x80005ef8 (0x00000001) c.nop
core   0: 3 0x80005ef8 (0x0001)
core   0: 0x80005efa (0x22469417) auipc   s0, 0x22469
core   0: 3 0x80005efa (0x22469417) x 8 0xa246eefa
core   0: 0x80005efe (0x026d04b3) mul     s1, s10, t1
core   0: 3 0x80005efe (0x026d04b3) x 9 0x00000000
core   0: 0x80005f02 (0x01d5c333) xor     t1, a1, t4
core   0: 3 0x80005f02 (0x01d5c333) x 6 0x800124c1
core   0: 0x80005f06 (0x02fd3833) mulhu   a6, s10, a5
core   0: 3 0x80005f06 (0x02fd3833) x16 0x00000000
core   0: 0x80005f0a (0x00006e69) c.lui   t3, 0x1a
core   0: 3 0x80005f0a (0x6e69) x28 0x0001a000
core   0: 0x80005f0c (0x000097a6) c.add   a5, s1
core   0: 3 0x80005f0c (0x97a6) x15 0x800124c0
core   0: 0x80005f0e (0x00001afd) c.addi  s5, -1
core   0: 3 0x80005f0e (0x1afd) x21 0xfffffffe
core   0: 0x80005f10 (0x014fa233) slt     tp, t6, s4
core   0: 3 0x80005f10 (0x014fa233) x 4 0x00000001
core   0: 0x80005f14 (0x00000a62) c.slli  s4, 24
core   0: 3 0x80005f14 (0x0a62) x20 0x3b000000
core   0: 0x80005f16 (0x000084f5) c.srai  s1, 29
core   0: 3 0x80005f16 (0x84f5) x 9 0x00000000
core   0: 0x80005f18 (0x7ab00d13) li      s10, 1963
core   0: 3 0x80005f18 (0x7ab00d13) x26 0x000007ab
core   0: 0x80005f1c (0x402eda13) srai    s4, t4, 2
core   0: 3 0x80005f1c (0x402eda13) x20 0x00000000
core   0: 0x80005f20 (0x0000517d) c.li    sp, -1
core   0: 3 0x80005f20 (0x517d) x 2 0xffffffff
core   0: 0x80005f22 (0x00000001) c.nop
core   0: 3 0x80005f22 (0x0001)
core   0: 0x80005f24 (0x02c24bb3) div     s7, tp, a2
core   0: 3 0x80005f24 (0x02c24bb3) x23 0xffffffff
core   0: 0x80005f28 (0x00001194) c.addi4spn a3, sp, 224
core   0: 3 0x80005f28 (0x1194) x13 0x000000df
core   0: 0x80005f2a (0x02b95033) divu    zero, s2, a1
core   0: 3 0x80005f2a (0x02b95033)
core   0: 0x80005f2e (0x00000001) c.nop
core   0: 3 0x80005f2e (0x0001)
core   0: 0x80005f30 (0xe27a7713) andi    a4, s4, -473
core   0: 3 0x80005f30 (0xe27a7713) x14 0x00000000
core   0: 0x80005f34 (0x000087f9) c.srai  a5, 30
core   0: 3 0x80005f34 (0x87f9) x15 0xfffffffe
core   0: 0x80005f36 (0x0034a533) slt     a0, s1, gp
core   0: 3 0x80005f36 (0x0034a533) x10 0x00000000
core   0: 0x80005f3a (0x013aa8b3) slt     a7, s5, s3
core   0: 3 0x80005f3a (0x013aa8b3) x17 0x00000000
core   0: 0x80005f3e (0x028a2733) mulhsu  a4, s4, s0
core   0: 3 0x80005f3e (0x028a2733) x14 0x00000000
core   0: 0x80005f42 (0x58b7f193) andi    gp, a5, 1419
core   0: 3 0x80005f42 (0x58b7f193) x 3 0x0000058a
core   0: 0x80005f46 (0x0096b6b3) sltu    a3, a3, s1
core   0: 3 0x80005f46 (0x0096b6b3) x13 0x00000000
core   0: 0x80005f4a (0x8a088c93) addi    s9, a7, -1888
core   0: 3 0x80005f4a (0x8a088c93) x25 0xfffff8a0
core   0: 0x80005f4e (0x489c8f13) addi    t5, s9, 1161
core   0: 3 0x80005f4e (0x489c8f13) x30 0xfffffd29
core   0: 0x80005f52 (0x00008569) c.srai  a0, 26
core   0: 3 0x80005f52 (0x8569) x10 0x00000000
core   0: 0x80005f54 (0x000081ad) c.srli  a1, 11
core   0: 3 0x80005f54 (0x81ad) x11 0x00100024
core   0: 0x80005f56 (0x000080e5) c.srli  s1, 25
core   0: 3 0x80005f56 (0x80e5) x 9 0x00000000
core   0: 0x80005f58 (0x57a9e017) auipc   zero, 0x57a9e
core   0: 3 0x80005f58 (0x57a9e017)
core   0: 0x80005f5c (0x00008831) c.andi  s0, 12
core   0: 3 0x80005f5c (0x8831) x 8 0x00000008
core   0: 0x80005f5e (0x00000001) c.nop
core   0: 3 0x80005f5e (0x0001)
core   0: 0x80005f60 (0x000082fd) c.srli  a3, 31
core   0: 3 0x80005f60 (0x82fd) x13 0x00000000
core   0: 0x80005f62 (0x00f0afb3) slt     t6, ra, a5
core   0: 3 0x80005f62 (0x00f0afb3) x31 0x00000000
core   0: 0x80005f66 (0x01d977b3) and     a5, s2, t4
core   0: 3 0x80005f66 (0x01d977b3) x15 0x00000001
core   0: 0x80005f6a (0x000081fd) c.srli  a1, 31
core   0: 3 0x80005f6a (0x81fd) x11 0x00000000
core   0: 0x80005f6c (0x00692d33) slt     s10, s2, t1
core   0: 3 0x80005f6c (0x00692d33) x26 0x00000000
core   0: 0x80005f70 (0x0393a2b3) mulhsu  t0, t2, s9
core   0: 3 0x80005f70 (0x0393a2b3) x 5 0x80013093
core   0: 0x80005f74 (0x3d2c5c17) auipc   s8, 0x3d2c5
core   0: 3 0x80005f74 (0x3d2c5c17) x24 0xbd2caf74
core   0: 0x80005f78 (0x0000617d) c.addi16sp sp, 496
core   0: 3 0x80005f78 (0x617d) x 2 0x000001ef
core   0: 0x80005f7a (0x00589713) slli    a4, a7, 5
core   0: 3 0x80005f7a (0x00589713) x14 0x00000000
core   0: 0x80005f7e (0x000080b9) c.srli  s1, 14
core   0: 3 0x80005f7e (0x80b9) x 9 0x00000000
core   0: 0x80005f80 (0x01ba7cb3) and     s9, s4, s11
core   0: 3 0x80005f80 (0x01ba7cb3) x25 0x00000000
core   0: 0x80005f84 (0x000095ba) c.add   a1, a4
core   0: 3 0x80005f84 (0x95ba) x11 0x00000000
core   0: 0x80005f86 (0x018796b3) sll     a3, a5, s8
core   0: 3 0x80005f86 (0x018796b3) x13 0x00100000
core   0: 0x80005f8a (0x00008db1) c.xor   a1, a2
core   0: 3 0x80005f8a (0x8db1) x11 0x00000000
core   0: 0x80005f8c (0xf8182a93) slti    s5, a6, -127
core   0: 3 0x80005f8c (0xf8182a93) x21 0x00000000
core   0: 0x80005f90 (0x01671413) slli    s0, a4, 22
core   0: 3 0x80005f90 (0x01671413) x 8 0x00000000
core   0: 0x80005f94 (0x0072e233) or      tp, t0, t2
core   0: 3 0x80005f94 (0x0072e233) x 4 0x80013cf7
core   0: 0x80005f98 (0x00006fd5) c.lui   t6, 0x15
core   0: 3 0x80005f98 (0x6fd5) x31 0x00015000
core   0: 0x80005f9a (0x00000416) c.slli  s0, 5
core   0: 3 0x80005f9a (0x0416) x 8 0x00000000
core   0: 0x80005f9c (0x00006309) c.lui   t1, 0x2
core   0: 3 0x80005f9c (0x6309) x 6 0x00002000
core   0: 0x80005f9e (0x003dee33) or      t3, s11, gp
core   0: 3 0x80005f9e (0x003dee33) x28 0x0000058a
core   0: 0x80005fa2 (0x40445a13) srai    s4, s0, 4
core   0: 3 0x80005fa2 (0x40445a13) x20 0x00000000
core   0: 0x80005fa6 (0x03a17bb3) remu    s7, sp, s10
core   0: 3 0x80005fa6 (0x03a17bb3) x23 0x000001ef
core   0: 0x80005faa (0x332fb893) sltiu   a7, t6, 818
core   0: 3 0x80005faa (0x332fb893) x17 0x00000000
core   0: 0x80005fae (0x02e56133) rem     sp, a0, a4
core   0: 3 0x80005fae (0x02e56133) x 2 0x00000000
core   0: 0x80005fb2 (0x03354333) div     t1, a0, s3
core   0: 3 0x80005fb2 (0x03354333) x 6 0x00000000
core   0: 0x80005fb6 (0x03ef04b3) mul     s1, t5, t5
core   0: 3 0x80005fb6 (0x03ef04b3) x 9 0x00081091
core   0: 0x80005fba (0x0000997d) c.andi  a0, -1
core   0: 3 0x80005fba (0x997d) x10 0x00000000
core   0: 0x80005fbc (0x0239a8b3) mulhsu  a7, s3, gp
core   0: 3 0x80005fbc (0x0239a8b3) x17 0xfffffd3b
core   0: 0x80005fc0 (0x40aa6693) ori     a3, s4, 1034
core   0: 3 0x80005fc0 (0x40aa6693) x13 0x0000040a
core   0: 0x80005fc4 (0x00006c7d) c.lui   s8, 0x1f
core   0: 3 0x80005fc4 (0x6c7d) x24 0x0001f000
core   0: 0x80005fc6 (0x0140d2b3) srl     t0, ra, s4
core   0: 3 0x80005fc6 (0x0140d2b3) x 5 0x00000000
core   0: 0x80005fca (0x00000001) c.nop
core   0: 3 0x80005fca (0x0001)
core   0: 0x80005fcc (0x03606d33) rem     s10, zero, s6
core   0: 3 0x80005fcc (0x03606d33) x26 0x00000000
core   0: 0x80005fd0 (0x00008f39) c.xor   a4, a4
core   0: 3 0x80005fd0 (0x8f39) x14 0x00000000
core   0: 0x80005fd2 (0x997df813) andi    a6, s11, -1641
core   0: 3 0x80005fd2 (0x997df813) x16 0x00000000
core   0: 0x80005fd6 (0x0280bdb3) mulhu   s11, ra, s0
core   0: 3 0x80005fd6 (0x0280bdb3) x27 0x00000000
core   0: 0x80005fda (0x0000611d) c.addi16sp sp, 416
core   0: 3 0x80005fda (0x611d) x 2 0x000001a0
core   0: 0x80005fdc (0x03ef66b3) rem     a3, t5, t5
core   0: 3 0x80005fdc (0x03ef66b3) x13 0x00000000
core   0: 0x80005fe0 (0x021e2fb3) mulhsu  t6, t3, ra
core   0: 3 0x80005fe0 (0x021e2fb3) x31 0x00000000
core   0: 0x80005fe4 (0x81abbd37) lui     s10, 0x81abb
core   0: 3 0x80005fe4 (0x81abbd37) x26 0x81abb000
core   0: 0x80005fe8 (0x00008d55) c.or    a0, a3
core   0: 3 0x80005fe8 (0x8d55) x10 0x00000000
core   0: 0x80005fea (0x018dc2b3) xor     t0, s11, s8
core   0: 3 0x80005fea (0x018dc2b3) x 5 0x0001f000
core   0: 0x80005fee (0x009bcc33) xor     s8, s7, s1
core   0: 3 0x80005fee (0x009bcc33) x24 0x0008117e
core   0: 0x80005ff2 (0x0000717d) c.addi16sp sp, -16
core   0: 3 0x80005ff2 (0x717d) x 2 0x00000190
core   0: 0x80005ff4 (0x4085d493) srai    s1, a1, 8
core   0: 3 0x80005ff4 (0x4085d493) x 9 0x00000000
core   0: 0x80005ff8 (0x00c8e7b3) or      a5, a7, a2
core   0: 3 0x80005ff8 (0x00c8e7b3) x15 0xfffffd3b
core   0: 0x80005ffc (0x7c6f8f13) addi    t5, t6, 1990
core   0: 3 0x80005ffc (0x7c6f8f13) x30 0x000007c6
core   0: 0x80006000 (0x01ba9db3) sll     s11, s5, s11
core   0: 3 0x80006000 (0x01ba9db3) x27 0x00000000
core   0: 0x80006004 (0x037d41b3) div     gp, s10, s7
core   0: 3 0x80006004 (0x037d41b3) x 3 0xffbeaa82
core   0: 0x80006008 (0x000088a5) c.andi  s1, 9
core   0: 3 0x80006008 (0x88a5) x 9 0x00000000
core   0: 0x8000600a (0x017fca33) xor     s4, t6, s7
core   0: 3 0x8000600a (0x017fca33) x20 0x000001ef
core   0: 0x8000600e (0x0225ecb3) rem     s9, a1, sp
core   0: 3 0x8000600e (0x0225ecb3) x25 0x00000000
core   0: 0x80006012 (0x013db733) sltu    a4, s11, s3
core   0: 3 0x80006012 (0x013db733) x14 0x00000001
core   0: 0x80006016 (0x00000f98) c.addi4spn a4, sp, 976
core   0: 3 0x80006016 (0x0f98) x14 0x00000560
core   0: 0x80006018 (0xb85a2797) auipc   a5, 0xb85a2
core   0: 3 0x80006018 (0xb85a2797) x15 0x385a8018
core   0: 0x8000601c (0x00006771) c.lui   a4, 0x1c
core   0: 3 0x8000601c (0x6771) x14 0x0001c000
core   0: 0x8000601e (0x49293d13) sltiu   s10, s2, 1170
core   0: 3 0x8000601e (0x49293d13) x26 0x00000001
core   0: 0x80006022 (0x131e1d37) lui     s10, 0x131e1
core   0: 3 0x80006022 (0x131e1d37) x26 0x131e1000
core   0: 0x80006026 (0x0000821e) c.mv    tp, t2
core   0: 3 0x80006026 (0x821e) x 4 0x80012ce4
core   0: 0x80006028 (0x00004ac5) c.li    s5, 17
core   0: 3 0x80006028 (0x4ac5) x21 0x00000011
core   0: 0x8000602a (0x000087f1) c.srai  a5, 28
core   0: 3 0x8000602a (0x87f1) x15 0x00000003
core   0: 0x8000602c (0x41805fb3) sra     t6, zero, s8
core   0: 3 0x8000602c (0x41805fb3) x31 0x00000000
core   0: 0x80006030 (0x00000d6e) c.slli  s10, 27
core   0: 3 0x80006030 (0x0d6e) x26 0x00000000
core   0: 0x80006032 (0x404bdab3) sra     s5, s7, tp
core   0: 3 0x80006032 (0x404bdab3) x21 0x0000001e
core   0: 0x80006036 (0x000060a5) c.lui   ra, 0x9
core   0: 3 0x80006036 (0x60a5) x 1 0x00009000
core   0: 0x80006038 (0x0113d893) srli    a7, t2, 17
core   0: 3 0x80006038 (0x0113d893) x17 0x00004000
core   0: 0x8000603c (0x03bf2d33) mulhsu  s10, t5, s11
core   0: 3 0x8000603c (0x03bf2d33) x26 0x00000000
core   0: 0x80006040 (0x000001c5) c.addi  gp, 17
core   0: 3 0x80006040 (0x01c5) x 3 0xffbeaa93
core   0: 0x80006042 (0x2c80c213) xori    tp, ra, 712
core   0: 3 0x80006042 (0x2c80c213) x 4 0x000092c8
core   0: 0x80006046 (0x00008f59) c.or    a4, a4
core   0: 3 0x80006046 (0x8f59) x14 0x0001c000
core   0: 0x80006048 (0x24b97a13) andi    s4, s2, 587
core   0: 3 0x80006048 (0x24b97a13) x20 0x00000001
core   0: 0x8000604c (0x000091b6) c.add   gp, a3
core   0: 3 0x8000604c (0x91b6) x 3 0xffbeaa93
core   0: 0x8000604e (0x4102d493) srai    s1, t0, 16
core   0: 3 0x8000604e (0x4102d493) x 9 0x00000001
core   0: 0x80006052 (0x00001bfd) c.addi  s7, -1
core   0: 3 0x80006052 (0x1bfd) x23 0x000001ee
core   0: 0x80006054 (0x00008a46) c.mv    s4, a7
core   0: 3 0x80006054 (0x8a46) x20 0x00004000
core   0: 0x80006056 (0x00006151) c.addi16sp sp, 272
core   0: 3 0x80006056 (0x6151) x 2 0x000002a0
core   0: 0x80006058 (0x0418f693) andi    a3, a7, 65
core   0: 3 0x80006058 (0x0418f693) x13 0x00000000
core   0: 0x8000605c (0x03225db3) divu    s11, tp, s2
core   0: 3 0x8000605c (0x03225db3) x27 0x000092c8
core   0: 0x80006060 (0x03f2b433) mulhu   s0, t0, t6
core   0: 3 0x80006060 (0x03f2b433) x 8 0x00000000
core   0: 0x80006064 (0x03170e93) addi    t4, a4, 49
core   0: 3 0x80006064 (0x03170e93) x29 0x0001c031
core   0: 0x80006068 (0x44a9e513) ori     a0, s3, 1098
core   0: 3 0x80006068 (0x44a9e513) x10 0x8000ee6e
core   0: 0x8000606c (0x98b0a793) slti    a5, ra, -1653
core   0: 3 0x8000606c (0x98b0a793) x15 0x00000000
core   0: 0x80006070 (0x00000001) c.nop
core   0: 3 0x80006070 (0x0001)
core   0: 0x80006072 (0x00481bb3) sll     s7, a6, tp
core   0: 3 0x80006072 (0x00481bb3) x23 0x00000000
core   0: 0x80006076 (0x00008fd2) c.mv    t6, s4
core   0: 3 0x80006076 (0x8fd2) x31 0x00004000
core   0: 0x80006078 (0x025eb7b3) mulhu   a5, t4, t0
core   0: 3 0x80006078 (0x025eb7b3) x15 0x00000003
core   0: 0x8000607c (0x00008cbd) c.xor   s1, a5
core   0: 3 0x8000607c (0x8cbd) x 9 0x00000002
core   0: 0x8000607e (0x01b90133) add     sp, s2, s11
core   0: 3 0x8000607e (0x01b90133) x 2 0x000092c9
core   0: 0x80006082 (0x00008c39) c.xor   s0, a4
core   0: 3 0x80006082 (0x8c39) x 8 0x0001c000
core   0: 0x80006084 (0x00008f71) c.and   a4, a2
core   0: 3 0x80006084 (0x8f71) x14 0x00000000
core   0: 0x80006086 (0x12b67513) andi    a0, a2, 299
core   0: 3 0x80006086 (0x12b67513) x10 0x00000000
core   0: 0x8000608a (0x02570233) mul     tp, a4, t0
core   0: 3 0x8000608a (0x02570233) x 4 0x00000000
core   0: 0x8000608e (0x00000001) c.nop
core   0: 3 0x8000608e (0x0001)
core   0: 0x80006090 (0x02b1adb3) mulhsu  s11, gp, a1
core   0: 3 0x80006090 (0x02b1adb3) x27 0x00000000
core   0: 0x80006094 (0x012d3ab3) sltu    s5, s10, s2
core   0: 3 0x80006094 (0x012d3ab3) x21 0x00000001
core   0: 0x80006098 (0x000080a5) c.srli  s1, 9
core   0: 3 0x80006098 (0x80a5) x 9 0x00000000
core   0: 0x8000609a (0x0000147d) c.addi  s0, -1
core   0: 3 0x8000609a (0x147d) x 8 0x0001bfff
core   0: 0x8000609c (0x01c3ad33) slt     s10, t2, t3
core   0: 3 0x8000609c (0x01c3ad33) x26 0x00000001
core   0: 0x800060a0 (0x399dbb93) sltiu   s7, s11, 921
core   0: 3 0x800060a0 (0x399dbb93) x23 0x00000001
core   0: 0x800060a4 (0x00005efd) c.li    t4, -1
core   0: 3 0x800060a4 (0x5efd) x29 0xffffffff
core   0: 0x800060a6 (0x00006f15) c.lui   t5, 0x5
core   0: 3 0x800060a6 (0x6f15) x30 0x00005000
core   0: 0x800060a8 (0x6becb193) sltiu   gp, s9, 1726
core   0: 3 0x800060a8 (0x6becb193) x 3 0x00000001
core   0: 0x800060ac (0x01795a13) srli    s4, s2, 23
core   0: 3 0x800060ac (0x01795a13) x20 0x00000000
core   0: 0x800060b0 (0x0000828d) c.srli  a3, 3
core   0: 3 0x800060b0 (0x828d) x13 0x00000000
core   0: 0x800060b2 (0x00009caa) c.add   s9, a0
core   0: 3 0x800060b2 (0x9caa) x25 0x00000000
core   0: 0x800060b4 (0x01fe8db3) add     s11, t4, t6
core   0: 3 0x800060b4 (0x01fe8db3) x27 0x00003fff
core   0: 0x800060b8 (0x00000188) c.addi4spn a0, sp, 192
core   0: 3 0x800060b8 (0x0188) x10 0x00009389
core   0: 0x800060ba (0x003d9713) slli    a4, s11, 3
core   0: 3 0x800060ba (0x003d9713) x14 0x0001fff8
core   0: 0x800060be (0x00000001) c.nop
core   0: 3 0x800060be (0x0001)
core   0: 0x800060c0 (0x002026b3) slt     a3, zero, sp
core   0: 3 0x800060c0 (0x002026b3) x13 0x00000001
core   0: 0x800060c4 (0x02b8e1b3) rem     gp, a7, a1
core   0: 3 0x800060c4 (0x02b8e1b3) x 3 0x00004000
core   0: 0x800060c8 (0x0226acb3) mulhsu  s9, a3, sp
core   0: 3 0x800060c8 (0x0226acb3) x25 0x00000000
core   0: 0x800060cc (0x74a8ab93) slti    s7, a7, 1866
core   0: 3 0x800060cc (0x74a8ab93) x23 0x00000000
core   0: 0x800060d0 (0x41f10f33) sub     t5, sp, t6
core   0: 3 0x800060d0 (0x41f10f33) x30 0x000052c9
core   0: 0x800060d4 (0x026e7933) remu    s2, t3, t1
core   0: 3 0x800060d4 (0x026e7933) x18 0x0000058a
core   0: 0x800060d8 (0x02bbce33) div     t3, s7, a1
core   0: 3 0x800060d8 (0x02bbce33) x28 0xffffffff
core   0: 0x800060dc (0x0000517d) c.li    sp, -1
core   0: 3 0x800060dc (0x517d) x 2 0xffffffff
core   0: 0x800060de (0x01775e13) srli    t3, a4, 23
core   0: 3 0x800060de (0x01775e13) x28 0x00000000
core   0: 0x800060e2 (0x01f79f33) sll     t5, a5, t6
core   0: 3 0x800060e2 (0x01f79f33) x30 0x00000003
core   0: 0x800060e6 (0x000cbc33) sltu    s8, s9, zero
core   0: 3 0x800060e6 (0x000cbc33) x24 0x00000000
core   0: 0x800060ea (0x00006775) c.lui   a4, 0x1d
core   0: 3 0x800060ea (0x6775) x14 0x0001d000
core   0: 0x800060ec (0x011e1e33) sll     t3, t3, a7
core   0: 3 0x800060ec (0x011e1e33) x28 0x00000000
core   0: 0x800060f0 (0x00008d75) c.and   a0, a3
core   0: 3 0x800060f0 (0x8d75) x10 0x00000001
core   0: 0x800060f2 (0x038b56b3) divu    a3, s6, s8
core   0: 3 0x800060f2 (0x038b56b3) x13 0xffffffff
core   0: 0x800060f6 (0x00008f15) c.sub   a4, a3
core   0: 3 0x800060f6 (0x8f15) x14 0x0001d001
core   0: 0x800060f8 (0x000082f5) c.srli  a3, 29
core   0: 3 0x800060f8 (0x82f5) x13 0x00000007
core   0: 0x800060fa (0x00006259) c.lui   tp, 0x16
core   0: 3 0x800060fa (0x6259) x 4 0x00016000
core   0: 0x800060fc (0x0379f533) remu    a0, s3, s7
core   0: 3 0x800060fc (0x0379f533) x10 0x8000ee64
core   0: 0x80006100 (0x024515b3) mulh    a1, a0, tp
core   0: 3 0x80006100 (0x024515b3) x11 0xffff5001
core   0: 0x80006104 (0xbd118a93) addi    s5, gp, -1071
core   0: 3 0x80006104 (0xbd118a93) x21 0x00003bd1
core   0: 0x80006108 (0x03ad2333) mulhsu  t1, s10, s10
core   0: 3 0x80006108 (0x03ad2333) x 6 0x00000000
core   0: 0x8000610c (0x02ee80b3) mul     ra, t4, a4
core   0: 3 0x8000610c (0x02ee80b3) x 1 0xfffe2fff
core   0: 0x80006110 (0x41b5de13) srai    t3, a1, 27
core   0: 3 0x80006110 (0x41b5de13) x28 0xffffffff
core   0: 0x80006114 (0x0268b5b3) mulhu   a1, a7, t1
core   0: 3 0x80006114 (0x0268b5b3) x11 0x00000000
core   0: 0x80006118 (0x00008d45) c.or    a0, s1
core   0: 3 0x80006118 (0x8d45) x10 0x8000ee64
core   0: 0x8000611a (0x03a248b3) div     a7, tp, s10
core   0: 3 0x8000611a (0x03a248b3) x17 0x00016000
core   0: 0x8000611e (0x40d65593) srai    a1, a2, 13
core   0: 3 0x8000611e (0x40d65593) x11 0x00000000
core   0: 0x80006122 (0x00000001) c.nop
core   0: 3 0x80006122 (0x0001)
core   0: 0x80006124 (0x41d351b3) sra     gp, t1, t4
core   0: 3 0x80006124 (0x41d351b3) x 3 0x00000000
core   0: 0x80006128 (0x01181893) slli    a7, a6, 17
core   0: 3 0x80006128 (0x01181893) x17 0x00000000
core   0: 0x8000612c (0x547c4113) xori    sp, s8, 1351
core   0: 3 0x8000612c (0x547c4113) x 2 0x00000547
core   0: 0x80006130 (0x411c86b3) sub     a3, s9, a7
core   0: 3 0x80006130 (0x411c86b3) x13 0x00000000
core   0: 0x80006134 (0xfc9657b7) lui     a5, 0xfc965
core   0: 3 0x80006134 (0xfc9657b7) x15 0xfc965000
core   0: 0x80006138 (0x00bb1713) slli    a4, s6, 11
core   0: 3 0x80006138 (0x00bb1713) x14 0x0011d800
core   0: 0x8000613c (0x60658197) auipc   gp, 0x60658
core   0: 3 0x8000613c (0x60658197) x 3 0xe065e13c
core   0: 0x80006140 (0x00008eb1) c.xor   a3, a2
core   0: 3 0x80006140 (0x8eb1) x13 0x00000000
core   0: 0x80006142 (0x02f71e33) mulh    t3, a4, a5
core   0: 3 0x80006142 (0x02f71e33) x28 0xffffc31a
core   0: 0x80006146 (0x00021f93) slli    t6, tp, 0
core   0: 3 0x80006146 (0x00021f93) x31 0x00016000
core   0: 0x8000614a (0x02f0ce33) div     t3, ra, a5
core   0: 3 0x8000614a (0x02f0ce33) x28 0x00000000
core   0: 0x8000614e (0x000041a5) c.li    gp, 9
core   0: 3 0x8000614e (0x41a5) x 3 0x00000009
core   0: 0x80006150 (0x02010f33) mul     t5, sp, zero
core   0: 3 0x80006150 (0x02010f33) x30 0x00000000
core   0: 0x80006154 (0x00000e4e) c.slli  t3, 19
core   0: 3 0x80006154 (0x0e4e) x28 0x00000000
core   0: 0x80006156 (0x00008cfd) c.and   s1, a5
core   0: 3 0x80006156 (0x8cfd) x 9 0x00000000
core   0: 0x80006158 (0x000121b3) slt     gp, sp, zero
core   0: 3 0x80006158 (0x000121b3) x 3 0x00000000
core   0: 0x8000615c (0x02958333) mul     t1, a1, s1
core   0: 3 0x8000615c (0x02958333) x 6 0x00000000
core   0: 0x80006160 (0x000089f5) c.andi  a1, 29
core   0: 3 0x80006160 (0x89f5) x11 0x00000000
core   0: 0x80006162 (0x00b515b3) sll     a1, a0, a1
core   0: 3 0x80006162 (0x00b515b3) x11 0x8000ee64
core   0: 0x80006166 (0x3bbca293) slti    t0, s9, 955
core   0: 3 0x80006166 (0x3bbca293) x 5 0x00000001
core   0: 0x8000616a (0x00008d61) c.and   a0, s0
core   0: 3 0x8000616a (0x8d61) x10 0x0000ae64
core   0: 0x8000616c (0x0000636d) c.lui   t1, 0x1b
core   0: 3 0x8000616c (0x636d) x 6 0x0001b000
core   0: 0x8000616e (0x00609913) slli    s2, ra, 6
core   0: 3 0x8000616e (0x00609913) x18 0xff8bffc0
core   0: 0x80006172 (0x00004fb9) c.li    t6, 14
core   0: 3 0x80006172 (0x4fb9) x31 0x0000000e
core   0: 0x80006174 (0x00006135) c.addi16sp sp, 352
core   0: 3 0x80006174 (0x6135) x 2 0x000006a7
core   0: 0x80006176 (0x03675033) divu    zero, a4, s6
core   0: 3 0x80006176 (0x03675033)
core   0: 0x8000617a (0x411ed5b3) sra     a1, t4, a7
core   0: 3 0x8000617a (0x411ed5b3) x11 0xffffffff
core   0: 0x8000617e (0x03bf8733) mul     a4, t6, s11
core   0: 3 0x8000617e (0x03bf8733) x14 0x00037ff2
core   0: 0x80006182 (0x41f0dfb3) sra     t6, ra, t6
core   0: 3 0x80006182 (0x41f0dfb3) x31 0xfffffff8
core   0: 0x80006186 (0x0173d533) srl     a0, t2, s7
core   0: 3 0x80006186 (0x0173d533) x10 0x80012ce4
core   0: 0x8000618a (0x00008cdd) c.or    s1, a5
core   0: 3 0x8000618a (0x8cdd) x 9 0xfc965000
core   0: 0x8000618c (0x00b9ad33) slt     s10, s3, a1
core   0: 3 0x8000618c (0x00b9ad33) x26 0x00000001
core   0: 0x80006190 (0x000086a2) c.mv    a3, s0
core   0: 3 0x80006190 (0x86a2) x13 0x0001bfff
core   0: 0x80006192 (0x001afbb3) and     s7, s5, ra
core   0: 3 0x80006192 (0x001afbb3) x23 0x00002bd1
core   0: 0x80006196 (0x0330e7b3) rem     a5, ra, s3
core   0: 3 0x80006196 (0x0330e7b3) x15 0xfffe2fff
core   0: 0x8000619a (0x00c85b33) srl     s6, a6, a2
core   0: 3 0x8000619a (0x00c85b33) x22 0x00000000
core   0: 0x8000619e (0x4034dd13) srai    s10, s1, 3
core   0: 3 0x8000619e (0x4034dd13) x26 0xff92ca00
core   0: 0x800061a2 (0x01ba1733) sll     a4, s4, s11
core   0: 3 0x800061a2 (0x01ba1733) x14 0x00000000
core   0: 0x800061a6 (0x8eeb6793) ori     a5, s6, -1810
core   0: 3 0x800061a6 (0x8eeb6793) x15 0xfffff8ee
core   0: 0x800061aa (0x00004a79) c.li    s4, 30
core   0: 3 0x800061aa (0x4a79) x20 0x0000001e
core   0: 0x800061ac (0x029eda33) divu    s4, t4, s1
core   0: 3 0x800061ac (0x029eda33) x20 0x00000001
core   0: 0x800061b0 (0xd0f1ab93) slti    s7, gp, -753
core   0: 3 0x800061b0 (0xd0f1ab93) x23 0x00000000
core   0: 0x800061b4 (0x01b05413) srli    s0, zero, 27
core   0: 3 0x800061b4 (0x01b05413) x 8 0x00000000
core   0: 0x800061b8 (0x03e56833) rem     a6, a0, t5
core   0: 3 0x800061b8 (0x03e56833) x16 0x80012ce4
core   0: 0x800061bc (0x035138b3) mulhu   a7, sp, s5
core   0: 3 0x800061bc (0x035138b3) x17 0x00000000
core   0: 0x800061c0 (0x5157dd17) auipc   s10, 0x5157d
core   0: 3 0x800061c0 (0x5157dd17) x26 0xd15831c0
core   0: 0x800061c4 (0x00008d75) c.and   a0, a3
core   0: 3 0x800061c4 (0x8d75) x10 0x00012ce4
core   0: 0x800061c6 (0x03ea8f33) mul     t5, s5, t5
core   0: 3 0x800061c6 (0x03ea8f33) x30 0x00000000
core   0: 0x800061ca (0x103ffb93) andi    s7, t6, 259
core   0: 3 0x800061ca (0x103ffb93) x23 0x00000100
core   0: 0x800061ce (0x00008266) c.mv    tp, s9
core   0: 3 0x800061ce (0x8266) x 4 0x00000000
core   0: 0x800061d0 (0x40550b33) sub     s6, a0, t0
core   0: 3 0x800061d0 (0x40550b33) x22 0x00012ce3
core   0: 0x800061d4 (0x01e556b3) srl     a3, a0, t5
core   0: 3 0x800061d4 (0x01e556b3) x13 0x00012ce4
core   0: 0x800061d8 (0x02c8e2b3) rem     t0, a7, a2
core   0: 3 0x800061d8 (0x02c8e2b3) x 5 0x00000000
core   0: 0x800061dc (0x0236ce33) div     t3, a3, gp
core   0: 3 0x800061dc (0x0236ce33) x28 0xffffffff
core   0: 0x800061e0 (0x136f6bb7) lui     s7, 0x136f6
core   0: 3 0x800061e0 (0x136f6bb7) x23 0x136f6000
core   0: 0x800061e4 (0x00006119) c.addi16sp sp, 384
core   0: 3 0x800061e4 (0x6119) x 2 0x00000827
core   0: 0x800061e6 (0x031db333) mulhu   t1, s11, a7
core   0: 3 0x800061e6 (0x031db333) x 6 0x00000000
core   0: 0x800061ea (0x00171433) sll     s0, a4, ra
core   0: 3 0x800061ea (0x00171433) x 8 0x00000000
core   0: 0x800061ee (0x00008bc5) c.andi  a5, 17
core   0: 3 0x800061ee (0x8bc5) x15 0x00000000
core   0: 0x800061f0 (0x40d4da33) sra     s4, s1, a3
core   0: 3 0x800061f0 (0x40d4da33) x20 0xffc96500
core   0: 0x800061f4 (0x00009afd) c.andi  a3, -1
core   0: 3 0x800061f4 (0x9afd) x13 0x00012ce4
core   0: 0x800061f6 (0x0013e5b3) or      a1, t2, ra
core   0: 3 0x800061f6 (0x0013e5b3) x11 0xffff2fff
core   0: 0x800061fa (0x71420313) addi    t1, tp, 1812
core   0: 3 0x800061fa (0x71420313) x 6 0x00000714
core   0: 0x800061fe (0x5d143913) sltiu   s2, s0, 1489
core   0: 3 0x800061fe (0x5d143913) x18 0x00000001
core   0: 0x80006202 (0x0173eeb3) or      t4, t2, s7
core   0: 3 0x80006202 (0x0173eeb3) x29 0x936f6ce4
core   0: 0x80006206 (0x00008ff5) c.and   a5, a3
core   0: 3 0x80006206 (0x8ff5) x15 0x00000000
core   0: 0x80006208 (0x0053e333) or      t1, t2, t0
core   0: 3 0x80006208 (0x0053e333) x 6 0x80012ce4
core   0: 0x8000620c (0x00008c69) c.and   s0, a0
core   0: 3 0x8000620c (0x8c69) x 8 0x00000000
core   0: 0x8000620e (0xe37d8093) addi    ra, s11, -457
core   0: 3 0x8000620e (0xe37d8093) x 1 0x00003e36
core   0: 0x80006212 (0x2f4c3793) sltiu   a5, s8, 756
core   0: 3 0x80006212 (0x2f4c3793) x15 0x00000001
core   0: 0x80006216 (0x0251b433) mulhu   s0, gp, t0
core   0: 3 0x80006216 (0x0251b433) x 8 0x00000000
core   0: 0x8000621a (0x03a597b3) mulh    a5, a1, s10
core   0: 3 0x8000621a (0x03a597b3) x15 0x000025e8
core   0: 0x8000621e (0x0000987d) c.andi  s0, -1
core   0: 3 0x8000621e (0x987d) x 8 0x00000000
core   0: 0x80006220 (0x00253a33) sltu    s4, a0, sp
core   0: 3 0x80006220 (0x00253a33) x20 0x00000000
core   0: 0x80006224 (0xfd2e0813) addi    a6, t3, -46
core   0: 3 0x80006224 (0xfd2e0813) x16 0xffffffd1
core   0: 0x80006228 (0x02977cb3) remu    s9, a4, s1
core   0: 3 0x80006228 (0x02977cb3) x25 0x00000000
core   0: 0x8000622c (0x1b8d78b7) lui     a7, 0x1b8d7
core   0: 3 0x8000622c (0x1b8d78b7) x17 0x1b8d7000
core   0: 0x80006230 (0x02af3933) mulhu   s2, t5, a0
core   0: 3 0x80006230 (0x02af3933) x18 0x00000000
core   0: 0x80006234 (0x001310b3) sll     ra, t1, ra
core   0: 3 0x80006234 (0x001310b3) x 1 0x39000000
core   0: 0x80006238 (0x032ff6b3) remu    a3, t6, s2
core   0: 3 0x80006238 (0x032ff6b3) x13 0xfffffff8
core   0: 0x8000623c (0x40ed06b3) sub     a3, s10, a4
core   0: 3 0x8000623c (0x40ed06b3) x13 0xd15831c0
core   0: 0x80006240 (0x000080d1) c.srli  s1, 20
core   0: 3 0x80006240 (0x80d1) x 9 0x00000fc9
core   0: 0x80006242 (0x00000694) c.addi4spn a3, sp, 832
core   0: 3 0x80006242 (0x0694) x13 0x00000b67
core   0: 0x80006244 (0x0029f0b3) and     ra, s3, sp
core   0: 3 0x80006244 (0x0029f0b3) x 1 0x00000824
core   0: 0x80006248 (0x00008f99) c.sub   a5, a4
core   0: 3 0x80006248 (0x8f99) x15 0x000025e8
core   0: 0x8000624a (0xe1d48e93) addi    t4, s1, -483
core   0: 3 0x8000624a (0xe1d48e93) x29 0x00000de6
core   0: 0x8000624e (0x000087e6) c.mv    a5, s9
core   0: 3 0x8000624e (0x87e6) x15 0x00000000
core   0: 0x80006250 (0x412cd733) sra     a4, s9, s2
core   0: 3 0x80006250 (0x412cd733) x14 0x00000000
core   0: 0x80006254 (0xc8756193) ori     gp, a0, -889
core   0: 3 0x80006254 (0xc8756193) x 3 0xfffffce7
core   0: 0x80006258 (0x00008735) c.srai  a4, 13
core   0: 3 0x80006258 (0x8735) x14 0x00000000
core   0: 0x8000625a (0x020abeb3) mulhu   t4, s5, zero
core   0: 3 0x8000625a (0x020abeb3) x29 0x00000000
core   0: 0x8000625e (0x037d25b3) mulhsu  a1, s10, s7
core   0: 3 0x8000625e (0x037d25b3) x11 0xfc753f6f
core   0: 0x80006262 (0x02958033) mul     zero, a1, s1
core   0: 3 0x80006262 (0x02958033)
core   0: 0x80006266 (0x01412fb3) slt     t6, sp, s4
core   0: 3 0x80006266 (0x01412fb3) x31 0x00000000
core   0: 0x8000626a (0x0000117d) c.addi  sp, -1
core   0: 3 0x8000626a (0x117d) x 2 0x00000826
core   0: 0x8000626c (0x00cd22b3) slt     t0, s10, a2
core   0: 3 0x8000626c (0x00cd22b3) x 5 0x00000001
core   0: 0x80006270 (0xa4c37b13) andi    s6, t1, -1460
core   0: 3 0x80006270 (0xa4c37b13) x22 0x80012844
core   0: 0x80006274 (0x00008cf9) c.and   s1, a4
core   0: 3 0x80006274 (0x8cf9) x 9 0x00000000
core   0: 0x80006276 (0x030875b3) remu    a1, a6, a6
core   0: 3 0x80006276 (0x030875b3) x11 0x00000000
core   0: 0x8000627a (0x00ffb033) sltu    zero, t6, a5
core   0: 3 0x8000627a (0x00ffb033)
core   0: 0x8000627e (0x139ce713) ori     a4, s9, 313
core   0: 3 0x8000627e (0x139ce713) x14 0x00000139
core   0: 0x80006282 (0x02a6a7b3) mulhsu  a5, a3, a0
core   0: 3 0x80006282 (0x02a6a7b3) x15 0x00000000
core   0: 0x80006286 (0x41bc5913) srai    s2, s8, 27
core   0: 3 0x80006286 (0x41bc5913) x18 0x00000000
core   0: 0x8000628a (0x416f0a33) sub     s4, t5, s6
core   0: 3 0x8000628a (0x416f0a33) x20 0x7ffed7bc
core   0: 0x8000628e (0x000092f2) c.add   t0, t3
core   0: 3 0x8000628e (0x92f2) x 5 0x00000000
core   0: 0x80006290 (0x00000001) c.nop
core   0: 3 0x80006290 (0x0001)
core   0: 0x80006292 (0x0163d933) srl     s2, t2, s6
core   0: 3 0x80006292 (0x0163d933) x18 0x080012ce
core   0: 0x80006296 (0x0ec5c093) xori    ra, a1, 236
core   0: 3 0x80006296 (0x0ec5c093) x 1 0x000000ec
core   0: 0x8000629a (0x00008c69) c.and   s0, a0
core   0: 3 0x8000629a (0x8c69) x 8 0x00000000
core   0: 0x8000629c (0x00008c69) c.and   s0, a0
core   0: 3 0x8000629c (0x8c69) x 8 0x00000000
core   0: 0x8000629e (0x017c8d33) add     s10, s9, s7
core   0: 3 0x8000629e (0x017c8d33) x26 0x136f6000
core   0: 0x800062a2 (0x412b8bb3) sub     s7, s7, s2
core   0: 3 0x800062a2 (0x412b8bb3) x23 0x0b6f4d32
core   0: 0x800062a6 (0x00008e2e) c.mv    t3, a1
core   0: 3 0x800062a6 (0x8e2e) x28 0x00000000
core   0: 0x800062a8 (0x01aae8b3) or      a7, s5, s10
core   0: 3 0x800062a8 (0x01aae8b3) x17 0x136f7bd1
core   0: 0x800062ac (0x00006be9) c.lui   s7, 0x1a
core   0: 3 0x800062ac (0x6be9) x23 0x0001a000
core   0: 0x800062ae (0x00089b93) slli    s7, a7, 0
core   0: 3 0x800062ae (0x00089b93) x23 0x136f7bd1
core   0: 0x800062b2 (0x03974933) div     s2, a4, s9
core   0: 3 0x800062b2 (0x03974933) x18 0xffffffff
core   0: 0x800062b6 (0x00008851) c.andi  s0, 20
core   0: 3 0x800062b6 (0x8851) x 8 0x00000000
core   0: 0x800062b8 (0x007ae733) or      a4, s5, t2
core   0: 3 0x800062b8 (0x007ae733) x14 0x80013ff5
core   0: 0x800062bc (0x01ba2933) slt     s2, s4, s11
core   0: 3 0x800062bc (0x01ba2933) x18 0x00000000
core   0: 0x800062c0 (0x02454cb3) div     s9, a0, tp
core   0: 3 0x800062c0 (0x02454cb3) x25 0xffffffff
core   0: 0x800062c4 (0x22a79417) auipc   s0, 0x22a79
core   0: 3 0x800062c4 (0x22a79417) x 8 0xa2a7f2c4
core   0: 0x800062c8 (0x00008785) c.srai  a5, 1
core   0: 3 0x800062c8 (0x8785) x15 0x00000000
core   0: 0x800062ca (0x003f5033) srl     zero, t5, gp
core   0: 3 0x800062ca (0x003f5033)
core   0: 0x800062ce (0xea9cabb7) lui     s7, 0xea9ca
core   0: 3 0x800062ce (0xea9cabb7) x23 0xea9ca000
core   0: 0x800062d2 (0x41e9d413) srai    s0, s3, 30
core   0: 3 0x800062d2 (0x41e9d413) x 8 0xfffffffe
core   0: 0x800062d6 (0x000011fd) c.addi  gp, -1
core   0: 3 0x800062d6 (0x11fd) x 3 0xfffffce6
core   0: 0x800062d8 (0x00008cc9) c.or    s1, a0
core   0: 3 0x800062d8 (0x8cc9) x 9 0x00012ce4
core   0: 0x800062da (0x00008451) c.srai  s0, 20
core   0: 3 0x800062da (0x8451) x 8 0xffffffff
core   0: 0x800062dc (0x000060d1) c.lui   ra, 0x14
core   0: 3 0x800062dc (0x60d1) x 1 0x00014000
core   0: 0x800062de (0x00008f61) c.and   a4, s0
core   0: 3 0x800062de (0x8f61) x14 0x80013ff5
core   0: 0x800062e0 (0x029a5fb3) divu    t6, s4, s1
core   0: 3 0x800062e0 (0x029a5fb3) x31 0x00006ce6
core   0: 0x800062e4 (0x00008011) c.srli  s0, 4
core   0: 3 0x800062e4 (0x8011) x 8 0x0fffffff
core   0: 0x800062e6 (0x00008c11) c.sub   s0, a2
core   0: 3 0x800062e6 (0x8c11) x 8 0x0fffffff
core   0: 0x800062e8 (0x02431a33) mulh    s4, t1, tp
core   0: 3 0x800062e8 (0x02431a33) x20 0x00000000
core   0: 0x800062ec (0x03f4e933) rem     s2, s1, t6
core   0: 3 0x800062ec (0x03f4e933) x18 0x00005318
core   0: 0x800062f0 (0x01d7bc33) sltu    s8, a5, t4
core   0: 3 0x800062f0 (0x01d7bc33) x24 0x00000000
core   0: 0x800062f4 (0x000087d1) c.srai  a5, 20
core   0: 3 0x800062f4 (0x87d1) x15 0x00000000
core   0: 0x800062f6 (0xfeb14413) xori    s0, sp, -21
core   0: 3 0x800062f6 (0xfeb14413) x 8 0xfffff7cd
core   0: 0x800062fa (0x0305ea33) rem     s4, a1, a6
core   0: 3 0x800062fa (0x0305ea33) x20 0x00000000
core   0: 0x800062fe (0x21993a13) sltiu   s4, s2, 537
core   0: 3 0x800062fe (0x21993a13) x20 0x00000000
core   0: 0x80006302 (0x00008fa1) c.xor   a5, s0
core   0: 3 0x80006302 (0x8fa1) x15 0xfffff7cd
core   0: 0x80006304 (0x00000001) c.nop
core   0: 3 0x80006304 (0x0001)
core   0: 0x80006306 (0x000082ad) c.srli  a3, 11
core   0: 3 0x80006306 (0x82ad) x13 0x00000001
core   0: 0x80006308 (0x01482d33) slt     s10, a6, s4
core   0: 3 0x80006308 (0x01482d33) x26 0x00000001
core   0: 0x8000630c (0xc27d0193) addi    gp, s10, -985
core   0: 3 0x8000630c (0xc27d0193) x 3 0xfffffc28
core   0: 0x80006310 (0x004ca933) slt     s2, s9, tp
core   0: 3 0x80006310 (0x004ca933) x18 0x00000001
core   0: 0x80006314 (0x038ebeb3) mulhu   t4, t4, s8
core   0: 3 0x80006314 (0x038ebeb3) x29 0x00000000
core   0: 0x80006318 (0x00008862) c.mv    a6, s8
core   0: 3 0x80006318 (0x8862) x16 0x00000000
core   0: 0x8000631a (0x03329233) mulh    tp, t0, s3
core   0: 3 0x8000631a (0x03329233) x 4 0x00000000
core   0: 0x8000631e (0x00dbb433) sltu    s0, s7, a3
core   0: 3 0x8000631e (0x00dbb433) x 8 0x00000000
core   0: 0x80006322 (0x01f3af33) slt     t5, t2, t6
core   0: 3 0x80006322 (0x01f3af33) x30 0x00000001
core   0: 0x80006326 (0x40498833) sub     a6, s3, tp
core   0: 3 0x80006326 (0x40498833) x16 0x8000ee64
core   0: 0x8000632a (0x00004ca5) c.li    s9, 9
core   0: 3 0x8000632a (0x4ca5) x25 0x00000009
core   0: 0x8000632c (0x027c78b3) remu    a7, s8, t2
core   0: 3 0x8000632c (0x027c78b3) x17 0x00000000
core   0: 0x80006330 (0x00001a7d) c.addi  s4, -1
core   0: 3 0x80006330 (0x1a7d) x20 0xffffffff
core   0: 0x80006332 (0x00000ad2) c.slli  s5, 20
core   0: 3 0x80006332 (0x0ad2) x21 0xbd100000
core   0: 0x80006334 (0x03ce9533) mulh    a0, t4, t3
core   0: 3 0x80006334 (0x03ce9533) x10 0x00000000
core   0: 0x80006338 (0x033d9e33) mulh    t3, s11, s3
core   0: 3 0x80006338 (0x033d9e33) x28 0xffffe000
core   0: 0x8000633c (0x41a35bb3) sra     s7, t1, s10
core   0: 3 0x8000633c (0x41a35bb3) x23 0xc0009672
core   0: 0x80006340 (0x00008431) c.srai  s0, 12
core   0: 3 0x80006340 (0x8431) x 8 0x00000000
core   0: 0x80006342 (0xa9a8b113) sltiu   sp, a7, -1382
core   0: 3 0x80006342 (0xa9a8b113) x 2 0x00000001
core   0: 0x80006346 (0x00a49733) sll     a4, s1, a0
core   0: 3 0x80006346 (0x00a49733) x14 0x00012ce4
core   0: 0x8000634a (0x00008779) c.srai  a4, 30
core   0: 3 0x8000634a (0x8779) x14 0x00000000
core   0: 0x8000634c (0x00008d51) c.or    a0, a2
core   0: 3 0x8000634c (0x8d51) x10 0x00000000
core   0: 0x8000634e (0x40b38033) sub     zero, t2, a1
core   0: 3 0x8000634e (0x40b38033)
core   0: 0x80006352 (0x00008db1) c.xor   a1, a2
core   0: 3 0x80006352 (0x8db1) x11 0x00000000
core   0: 0x80006354 (0x012c1e93) slli    t4, s8, 18
core   0: 3 0x80006354 (0x012c1e93) x29 0x00000000
core   0: 0x80006358 (0x63dfb813) sltiu   a6, t6, 1597
core   0: 3 0x80006358 (0x63dfb813) x16 0x00000000
core   0: 0x8000635c (0x3e3f0b93) addi    s7, t5, 995
core   0: 3 0x8000635c (0x3e3f0b93) x23 0x000003e4
core   0: 0x80006360 (0xcfae0293) addi    t0, t3, -774
core   0: 3 0x80006360 (0xcfae0293) x 5 0xffffdcfa
core   0: 0x80006364 (0x0357bfb3) mulhu   t6, a5, s5
core   0: 3 0x80006364 (0x0357bfb3) x31 0xbd0ff9f1
core   0: 0x80006368 (0x002a36b3) sltu    a3, s4, sp
core   0: 3 0x80006368 (0x002a36b3) x13 0x00000000
core   0: 0x8000636c (0x00000001) c.nop
core   0: 3 0x8000636c (0x0001)
core   0: 0x8000636e (0x00008c75) c.and   s0, a3
core   0: 3 0x8000636e (0x8c75) x 8 0x00000000
core   0: 0x80006370 (0x00711913) slli    s2, sp, 7
core   0: 3 0x80006370 (0x00711913) x18 0x00000080
core   0: 0x80006374 (0x00008c61) c.and   s0, s0
core   0: 3 0x80006374 (0x8c61) x 8 0x00000000
core   0: 0x80006376 (0x01860bb3) add     s7, a2, s8
core   0: 3 0x80006376 (0x01860bb3) x23 0x00000000
core   0: 0x8000637a (0x00000001) c.nop
core   0: 3 0x8000637a (0x0001)
core   0: 0x8000637c (0x0000615d) c.addi16sp sp, 432
core   0: 3 0x8000637c (0x615d) x 2 0x000001b1
core   0: 0x8000637e (0x00bff8b3) and     a7, t6, a1
core   0: 3 0x8000637e (0x00bff8b3) x17 0x00000000
core   0: 0x80006382 (0x030f3cb3) mulhu   s9, t5, a6
core   0: 3 0x80006382 (0x030f3cb3) x25 0x00000000
core   0: 0x80006386 (0x02f77e33) remu    t3, a4, a5
core   0: 3 0x80006386 (0x02f77e33) x28 0x00000000
core   0: 0x8000638a (0x4031d493) srai    s1, gp, 3
core   0: 3 0x8000638a (0x4031d493) x 9 0xffffff85
core   0: 0x8000638e (0x000084c5) c.srai  s1, 17
core   0: 3 0x8000638e (0x84c5) x 9 0xffffffff
core   0: 0x80006390 (0x01451c13) slli    s8, a0, 20
core   0: 3 0x80006390 (0x01451c13) x24 0x00000000
core   0: 0x80006394 (0xc7062f93) slti    t6, a2, -912
core   0: 3 0x80006394 (0xc7062f93) x31 0x00000000
core   0: 0x80006398 (0x837a0b37) lui     s6, 0x837a0
core   0: 3 0x80006398 (0x837a0b37) x22 0x837a0000
core   0: 0x8000639c (0x02fa86b3) mul     a3, s5, a5
core   0: 3 0x8000639c (0x02fa86b3) x13 0xd5d00000
core   0: 0x800063a0 (0x0000051a) c.slli  a0, 6
core   0: 3 0x800063a0 (0x051a) x10 0x00000000
core   0: 0x800063a2 (0x000000bd) c.addi  ra, 15
core   0: 3 0x800063a2 (0x00bd) x 1 0x0001400f
core   0: 0x800063a4 (0x7bd9c413) xori    s0, s3, 1981
core   0: 3 0x800063a4 (0x7bd9c413) x 8 0x8000e9d9
core   0: 0x800063a8 (0x0397a1b3) mulhsu  gp, a5, s9
core   0: 3 0x800063a8 (0x0397a1b3) x 3 0x00000000
core   0: 0x800063ac (0x41a3deb3) sra     t4, t2, s10
core   0: 3 0x800063ac (0x41a3deb3) x29 0xc0009672
core   0: 0x800063b0 (0x00008e8d) c.sub   a3, a1
core   0: 3 0x800063b0 (0x8e8d) x13 0xd5d00000
core   0: 0x800063b2 (0x0165fcb3) and     s9, a1, s6
core   0: 3 0x800063b2 (0x0165fcb3) x25 0x00000000
core   0: 0x800063b6 (0x0000833d) c.srli  a4, 15
core   0: 3 0x800063b6 (0x833d) x14 0x00000000
core   0: 0x800063b8 (0x03a74233) div     tp, a4, s10
core   0: 3 0x800063b8 (0x03a74233) x 4 0x00000000
core   0: 0x800063bc (0xc7b53313) sltiu   t1, a0, -901
core   0: 3 0x800063bc (0xc7b53313) x 6 0x00000001
core   0: 0x800063c0 (0x015c91b3) sll     gp, s9, s5
core   0: 3 0x800063c0 (0x015c91b3) x 3 0x00000000
core   0: 0x800063c4 (0x0000517d) c.li    sp, -1
core   0: 3 0x800063c4 (0x517d) x 2 0xffffffff
core   0: 0x800063c6 (0x038cdeb3) divu    t4, s9, s8
core   0: 3 0x800063c6 (0x038cdeb3) x29 0xffffffff
core   0: 0x800063ca (0x00331033) sll     zero, t1, gp
core   0: 3 0x800063ca (0x00331033)
core   0: 0x800063ce (0x02c877b3) remu    a5, a6, a2
core   0: 3 0x800063ce (0x02c877b3) x15 0x00000000
core   0: 0x800063d2 (0x00008c79) c.and   s0, a4
core   0: 3 0x800063d2 (0x8c79) x 8 0x00000000
core   0: 0x800063d4 (0x00b58233) add     tp, a1, a1
core   0: 3 0x800063d4 (0x00b58233) x 4 0x00000000
core   0: 0x800063d8 (0x00517f33) and     t5, sp, t0
core   0: 3 0x800063d8 (0x00517f33) x30 0xffffdcfa
core   0: 0x800063dc (0x0323ad33) mulhsu  s10, t2, s2
core   0: 3 0x800063dc (0x0323ad33) x26 0xffffffc0
core   0: 0x800063e0 (0x00001efd) c.addi  t4, -1
core   0: 3 0x800063e0 (0x1efd) x29 0xfffffffe
core   0: 0x800063e2 (0x00008d25) c.xor   a0, s1
core   0: 3 0x800063e2 (0x8d25) x10 0xffffffff
core   0: 0x800063e4 (0x03ecdd33) divu    s10, s9, t5
core   0: 3 0x800063e4 (0x03ecdd33) x26 0x00000000
core   0: 0x800063e8 (0x0000886d) c.andi  s0, 27
core   0: 3 0x800063e8 (0x886d) x 8 0x00000000
core   0: 0x800063ea (0x228e0437) lui     s0, 0x228e0
core   0: 3 0x800063ea (0x228e0437) x 8 0x228e0000
core   0: 0x800063ee (0x019a2533) slt     a0, s4, s9
core   0: 3 0x800063ee (0x019a2533) x10 0x00000001
core   0: 0x800063f2 (0x00000001) c.nop
core   0: 3 0x800063f2 (0x0001)
core   0: 0x800063f4 (0x00008145) c.srli  a0, 17
core   0: 3 0x800063f4 (0x8145) x10 0x00000000
core   0: 0x800063f6 (0x00008fa5) c.xor   a5, s1
core   0: 3 0x800063f6 (0x8fa5) x15 0xffffffff
core   0: 0x800063f8 (0xc5a338b7) lui     a7, 0xc5a33
core   0: 3 0x800063f8 (0xc5a338b7) x17 0xc5a33000
core   0: 0x800063fc (0x00c25bb3) srl     s7, tp, a2
core   0: 3 0x800063fc (0x00c25bb3) x23 0x00000000
core   0: 0x80006400 (0x0106a433) slt     s0, a3, a6
core   0: 3 0x80006400 (0x0106a433) x 8 0x00000001
core   0: 0x80006404 (0x00008ed5) c.or    a3, a3
core   0: 3 0x80006404 (0x8ed5) x13 0xd5d00000
core   0: 0x80006406 (0x00000001) c.nop
core   0: 3 0x80006406 (0x0001)
core   0: 0x80006408 (0x00008c39) c.xor   s0, a4
core   0: 3 0x80006408 (0x8c39) x 8 0x00000001
core   0: 0x8000640a (0x0084ddb3) srl     s11, s1, s0
core   0: 3 0x8000640a (0x0084ddb3) x27 0x7fffffff
core   0: 0x8000640e (0xa59a3313) sltiu   t1, s4, -1447
core   0: 3 0x8000640e (0xa59a3313) x 6 0x00000000
core   0: 0x80006412 (0x03ae3733) mulhu   a4, t3, s10
core   0: 3 0x80006412 (0x03ae3733) x14 0x00000000
core   0: 0x80006416 (0x56047913) andi    s2, s0, 1376
core   0: 3 0x80006416 (0x56047913) x18 0x00000000
core   0: 0x8000641a (0xfebba193) slti    gp, s7, -21
core   0: 3 0x8000641a (0xfebba193) x 3 0x00000000
core   0: 0x8000641e (0xaf97f693) andi    a3, a5, -1287
core   0: 3 0x8000641e (0xaf97f693) x13 0xfffffaf9
core   0: 0x80006422 (0x00001580) c.addi4spn s0, sp, 736
core   0: 3 0x80006422 (0x1580) x 8 0x000002df
core   0: 0x80006424 (0x00008f45) c.or    a4, s1
core   0: 3 0x80006424 (0x8f45) x14 0xffffffff
core   0: 0x80006426 (0x00008fe5) c.and   a5, s1
core   0: 3 0x80006426 (0x8fe5) x15 0xffffffff
core   0: 0x80006428 (0x00008dad) c.xor   a1, a1
core   0: 3 0x80006428 (0x8dad) x11 0x00000000
core   0: 0x8000642a (0x0bec2013) slti    zero, s8, 190
core   0: 3 0x8000642a (0x0bec2013)
core   0: 0x8000642e (0x00008f2a) c.mv    t5, a0
core   0: 3 0x8000642e (0x8f2a) x30 0x00000000
core   0: 0x80006430 (0xd7fbb893) sltiu   a7, s7, -641
core   0: 3 0x80006430 (0xd7fbb893) x17 0x00000001
core   0: 0x80006434 (0x011e72b3) and     t0, t3, a7
core   0: 3 0x80006434 (0x011e72b3) x 5 0x00000000
core   0: 0x80006438 (0x0000615d) c.addi16sp sp, 432
core   0: 3 0x80006438 (0x615d) x 2 0x000001af
core   0: 0x8000643a (0xc7256a13) ori     s4, a0, -910
core   0: 3 0x8000643a (0xc7256a13) x20 0xfffffc72
core   0: 0x8000643e (0x00000001) c.nop
core   0: 3 0x8000643e (0x0001)
core   0: 0x80006440 (0x00001000) c.addi4spn s0, sp, 32
core   0: 3 0x80006440 (0x1000) x 8 0x000001cf
core   0: 0x80006442 (0x00000956) c.slli  s2, 21
core   0: 3 0x80006442 (0x0956) x18 0x00000000
core   0: 0x80006444 (0x00001a88) c.addi4spn a0, sp, 368
core   0: 3 0x80006444 (0x1a88) x10 0x0000031f
core   0: 0x80006446 (0x00000001) c.nop
core   0: 3 0x80006446 (0x0001)
core   0: 0x80006448 (0x00786833) or      a6, a6, t2
core   0: 3 0x80006448 (0x00786833) x16 0x80012ce4
core   0: 0x8000644c (0x0000141c) c.addi4spn a5, sp, 544
core   0: 3 0x8000644c (0x141c) x15 0x000003cf
core   0: 0x8000644e (0x0296d533) divu    a0, a3, s1
core   0: 3 0x8000644e (0x0296d533) x10 0x00000000
core   0: 0x80006452 (0x0fcb0b17) auipc   s6, 0xfcb0
core   0: 3 0x80006452 (0x0fcb0b17) x22 0x8fcb6452
core   0: 0x80006456 (0x000081fd) c.srli  a1, 31
core   0: 3 0x80006456 (0x81fd) x11 0x00000000
core   0: 0x80006458 (0x034c9d33) mulh    s10, s9, s4
core   0: 3 0x80006458 (0x034c9d33) x26 0x00000000
core   0: 0x8000645c (0x0160ceb3) xor     t4, ra, s6
core   0: 3 0x8000645c (0x0160ceb3) x29 0x8fca245d
core   0: 0x80006460 (0x00f4a033) slt     zero, s1, a5
core   0: 3 0x80006460 (0x00f4a033)
core   0: 0x80006464 (0x03488bb3) mul     s7, a7, s4
core   0: 3 0x80006464 (0x03488bb3) x23 0xfffffc72
core   0: 0x80006468 (0x00df3533) sltu    a0, t5, a3
core   0: 3 0x80006468 (0x00df3533) x10 0x00000001
core   0: 0x8000646c (0x00006bb1) c.lui   s7, 0xc
core   0: 3 0x8000646c (0x6bb1) x23 0x0000c000
core   0: 0x8000646e (0x03b94533) div     a0, s2, s11
core   0: 3 0x8000646e (0x03b94533) x10 0x00000000
core   0: 0x80006472 (0x03e141b3) div     gp, sp, t5
core   0: 3 0x80006472 (0x03e141b3) x 3 0xffffffff
core   0: 0x80006476 (0x404d80b3) sub     ra, s11, tp
core   0: 3 0x80006476 (0x404d80b3) x 1 0x7fffffff
core   0: 0x8000647a (0x00000001) c.nop
core   0: 3 0x8000647a (0x0001)
core   0: 0x8000647c (0xdba0ee13) ori     t3, ra, -582
core   0: 3 0x8000647c (0xdba0ee13) x28 0xffffffff
core   0: 0x80006480 (0x02909c33) mulh    s8, ra, s1
core   0: 3 0x80006480 (0x02909c33) x24 0xffffffff
core   0: 0x80006484 (0x03a05333) divu    t1, zero, s10
core   0: 3 0x80006484 (0x03a05333) x 6 0xffffffff
core   0: 0x80006488 (0xf625f693) andi    a3, a1, -158
core   0: 3 0x80006488 (0xf625f693) x13 0x00000000
core   0: 0x8000648c (0x56c77793) andi    a5, a4, 1388
core   0: 3 0x8000648c (0x56c77793) x15 0x0000056c
core   0: 0x80006490 (0x00008cf1) c.and   s1, a2
core   0: 3 0x80006490 (0x8cf1) x 9 0x00000000
core   0: 0x80006492 (0x02dd7bb3) remu    s7, s10, a3
core   0: 3 0x80006492 (0x02dd7bb3) x23 0x00000000
core   0: 0x80006496 (0x03abefb3) rem     t6, s7, s10
core   0: 3 0x80006496 (0x03abefb3) x31 0x00000000
core   0: 0x8000649a (0x00000001) c.nop
core   0: 3 0x8000649a (0x0001)
core   0: 0x8000649c (0x01511f33) sll     t5, sp, s5
core   0: 3 0x8000649c (0x01511f33) x30 0x000001af
core   0: 0x800064a0 (0x41ff5293) srai    t0, t5, 31
core   0: 3 0x800064a0 (0x41ff5293) x 5 0x00000000
core   0: 0x800064a4 (0x190d0813) addi    a6, s10, 400
core   0: 3 0x800064a4 (0x190d0813) x16 0x00000190
core   0: 0x800064a8 (0x0325adb3) mulhsu  s11, a1, s2
core   0: 3 0x800064a8 (0x0325adb3) x27 0x00000000
core   0: 0x800064ac (0x00008c79) c.and   s0, a4
core   0: 3 0x800064ac (0x8c79) x 8 0x000001cf
core   0: 0x800064ae (0x00000c9d) c.addi  s9, 7
core   0: 3 0x800064ae (0x0c9d) x25 0x00000007
core   0: 0x800064b0 (0x015f4833) xor     a6, t5, s5
core   0: 3 0x800064b0 (0x015f4833) x16 0xbd1001af
core   0: 0x800064b4 (0xd9b93293) sltiu   t0, s2, -613
core   0: 3 0x800064b4 (0xd9b93293) x 5 0x00000001
core   0: 0x800064b8 (0x00000001) c.nop
core   0: 3 0x800064b8 (0x0001)
core   0: 0x800064ba (0x00008d59) c.or    a0, a4
core   0: 3 0x800064ba (0x8d59) x10 0xffffffff
core   0: 0x800064bc (0x00009d06) c.add   s10, ra
core   0: 3 0x800064bc (0x9d06) x26 0x7fffffff
core   0: 0x800064be (0x032f2ab3) mulhsu  s5, t5, s2
core   0: 3 0x800064be (0x032f2ab3) x21 0x00000000
core   0: 0x800064c2 (0x01fa6033) or      zero, s4, t6
core   0: 3 0x800064c2 (0x01fa6033)
core   0: 0x800064c6 (0x02c5dcb3) divu    s9, a1, a2
core   0: 3 0x800064c6 (0x02c5dcb3) x25 0xffffffff
core   0: 0x800064ca (0x014ecd33) xor     s10, t4, s4
core   0: 3 0x800064ca (0x014ecd33) x26 0x7035d82f
core   0: 0x800064ce (0x0000884e) c.mv    a6, s3
core   0: 3 0x800064ce (0x884e) x16 0x8000ee64
core   0: 0x800064d0 (0x03433733) mulhu   a4, t1, s4
core   0: 3 0x800064d0 (0x03433733) x14 0xfffffc71
core   0: 0x800064d4 (0x01999cb3) sll     s9, s3, s9
core   0: 3 0x800064d4 (0x01999cb3) x25 0x00000000
core   0: 0x800064d8 (0x41988b33) sub     s6, a7, s9
core   0: 3 0x800064d8 (0x41988b33) x22 0x00000001
core   0: 0x800064dc (0x7d0b0e93) addi    t4, s6, 2000
core   0: 3 0x800064dc (0x7d0b0e93) x29 0x000007d1
core   0: 0x800064e0 (0xbcbe3813) sltiu   a6, t3, -1077
core   0: 3 0x800064e0 (0xbcbe3813) x16 0x00000000
core   0: 0x800064e4 (0x02d7d833) divu    a6, a5, a3
core   0: 3 0x800064e4 (0x02d7d833) x16 0xffffffff
core   0: 0x800064e8 (0xc3eff793) andi    a5, t6, -962
core   0: 3 0x800064e8 (0xc3eff793) x15 0x00000000
core   0: 0x800064ec (0x03240f33) mul     t5, s0, s2
core   0: 3 0x800064ec (0x03240f33) x30 0x00000000
core   0: 0x800064f0 (0x006200b3) add     ra, tp, t1
core   0: 3 0x800064f0 (0x006200b3) x 1 0xffffffff
core   0: 0x800064f4 (0x00000ea1) c.addi  t4, 8
core   0: 3 0x800064f4 (0x0ea1) x29 0x000007d9
core   0: 0x800064f6 (0x000041d9) c.li    gp, 22
core   0: 3 0x800064f6 (0x41d9) x 3 0x00000016
core   0: 0x800064f8 (0xd77b3f93) sltiu   t6, s6, -649
core   0: 3 0x800064f8 (0xd77b3f93) x31 0x00000001
core   0: 0x800064fc (0x2b594a93) xori    s5, s2, 693
core   0: 3 0x800064fc (0x2b594a93) x21 0x000002b5
core   0: 0x80006500 (0x00000001) c.nop
core   0: 3 0x80006500 (0x0001)
core   0: 0x80006502 (0x5ae91297) auipc   t0, 0x5ae91
core   0: 3 0x80006502 (0x5ae91297) x 5 0xdae97502
core   0: 0x80006506 (0x0260eab3) rem     s5, ra, t1
core   0: 3 0x80006506 (0x0260eab3) x21 0x00000000
core   0: 0x8000650a (0x0000956a) c.add   a0, s10
core   0: 3 0x8000650a (0x956a) x10 0x7035d82e
core   0: 0x8000650c (0x032be433) rem     s0, s7, s2
core   0: 3 0x8000650c (0x032be433) x 8 0x00000000
core   0: 0x80006510 (0x031741b3) div     gp, a4, a7
core   0: 3 0x80006510 (0x031741b3) x 3 0xfffffc71
core   0: 0x80006514 (0x53bdf093) andi    ra, s11, 1339
core   0: 3 0x80006514 (0x53bdf093) x 1 0x00000000
core   0: 0x80006518 (0xebe10013) addi    zero, sp, -322
core   0: 3 0x80006518 (0xebe10013)
core   0: 0x8000651c (0x02c13733) mulhu   a4, sp, a2
core   0: 3 0x8000651c (0x02c13733) x14 0x00000000
core   0: 0x80006520 (0x7d7dc693) xori    a3, s11, 2007
core   0: 3 0x80006520 (0x7d7dc693) x13 0x000007d7
core   0: 0x80006524 (0x0388d233) divu    tp, a7, s8
core   0: 3 0x80006524 (0x0388d233) x 4 0x00000000
core   0: 0x80006528 (0xd33c8793) addi    a5, s9, -717
core   0: 3 0x80006528 (0xd33c8793) x15 0xfffffd33
core   0: 0x8000652c (0x02f41133) mulh    sp, s0, a5
core   0: 3 0x8000652c (0x02f41133) x 2 0x00000000
core   0: 0x80006530 (0x00008d05) c.sub   a0, s1
core   0: 3 0x80006530 (0x8d05) x10 0x7035d82e
core   0: 0x80006532 (0x00000001) c.nop
core   0: 3 0x80006532 (0x0001)
core   0: 0x80006534 (0x0000717d) c.addi16sp sp, -16
core   0: 3 0x80006534 (0x717d) x 2 0xfffffff0
core   0: 0x80006536 (0x00c79d93) slli    s11, a5, 12
core   0: 3 0x80006536 (0x00c79d93) x27 0xffd33000
core   0: 0x8000653a (0x00f0ddb3) srl     s11, ra, a5
core   0: 3 0x8000653a (0x00f0ddb3) x27 0x00000000
core   0: 0x8000653e (0x29cdf913) andi    s2, s11, 668
core   0: 3 0x8000653e (0x29cdf913) x18 0x00000000
core   0: 0x80006542 (0x01e0df93) srli    t6, ra, 30
core   0: 3 0x80006542 (0x01e0df93) x31 0x00000000
core   0: 0x80006546 (0x0dd12413) slti    s0, sp, 221
core   0: 3 0x80006546 (0x0dd12413) x 8 0x00000001
core   0: 0x8000654a (0x00008fb1) c.xor   a5, a2
core   0: 3 0x8000654a (0x8fb1) x15 0xfffffd33
core   0: 0x8000654c (0x0073ceb3) xor     t4, t2, t2
core   0: 3 0x8000654c (0x0073ceb3) x29 0x00000000
core   0: 0x80006550 (0x00135193) srli    gp, t1, 1
core   0: 3 0x80006550 (0x00135193) x 3 0x7fffffff
core   0: 0x80006554 (0x00009306) c.add   t1, ra
core   0: 3 0x80006554 (0x9306) x 6 0xffffffff
core   0: 0x80006556 (0x013a9533) sll     a0, s5, s3
core   0: 3 0x80006556 (0x013a9533) x10 0x00000000
core   0: 0x8000655a (0x0000671d) c.lui   a4, 0x7
core   0: 3 0x8000655a (0x671d) x14 0x00007000
core   0: 0x8000655c (0x00006151) c.addi16sp sp, 272
core   0: 3 0x8000655c (0x6151) x 2 0x00000100
core   0: 0x8000655e (0x00001c7d) c.addi  s8, -1
core   0: 3 0x8000655e (0x1c7d) x24 0xfffffffe
core   0: 0x80006560 (0x416ed0b3) sra     ra, t4, s6
core   0: 3 0x80006560 (0x416ed0b3) x 1 0x00000000
core   0: 0x80006564 (0x00008ead) c.xor   a3, a1
core   0: 3 0x80006564 (0x8ead) x13 0x000007d7
core   0: 0x80006566 (0x43450693) addi    a3, a0, 1076
core   0: 3 0x80006566 (0x43450693) x13 0x00000434
core   0: 0x8000656a (0x00000001) c.nop
core   0: 3 0x8000656a (0x0001)
core   0: 0x8000656c (0x00000001) c.nop
core   0: 3 0x8000656c (0x0001)
core   0: 0x8000656e (0x0375fdb3) remu    s11, a1, s7
core   0: 3 0x8000656e (0x0375fdb3) x27 0x00000000
core   0: 0x80006572 (0xbbe00413) li      s0, -1090
core   0: 3 0x80006572 (0xbbe00413) x 8 0xfffffbbe
core   0: 0x80006576 (0x03c65db3) divu    s11, a2, t3
core   0: 3 0x80006576 (0x03c65db3) x27 0x00000000
core   0: 0x8000657a (0x00006151) c.addi16sp sp, 272
core   0: 3 0x8000657a (0x6151) x 2 0x00000210
core   0: 0x8000657c (0x00d691b3) sll     gp, a3, a3
core   0: 3 0x8000657c (0x00d691b3) x 3 0x43400000
core   0: 0x80006580 (0x00009c2e) c.add   s8, a1
core   0: 3 0x80006580 (0x9c2e) x24 0xfffffffe
core   0: 0x80006582 (0x03b5d833) divu    a6, a1, s11
core   0: 3 0x80006582 (0x03b5d833) x16 0xffffffff
core   0: 0x80006586 (0x03cd6a33) rem     s4, s10, t3
core   0: 3 0x80006586 (0x03cd6a33) x20 0x00000000
core   0: 0x8000658a (0x034510b3) mulh    ra, a0, s4
core   0: 3 0x8000658a (0x034510b3) x 1 0x00000000
core   0: 0x8000658e (0x26827693) andi    a3, tp, 616
core   0: 3 0x8000658e (0x26827693) x13 0x00000000
core   0: 0x80006592 (0x00008e81) c.sub   a3, s0
core   0: 3 0x80006592 (0x8e81) x13 0x00000442
core   0: 0x80006594 (0x00886fb3) or      t6, a6, s0
core   0: 3 0x80006594 (0x00886fb3) x31 0xffffffff
core   0: 0x80006598 (0x01e70c33) add     s8, a4, t5
core   0: 3 0x80006598 (0x01e70c33) x24 0x00007000
core   0: 0x8000659c (0x5e025897) auipc   a7, 0x5e025
core   0: 3 0x8000659c (0x5e025897) x17 0xde02b59c
core   0: 0x800065a0 (0x03359cb3) mulh    s9, a1, s3
core   0: 3 0x800065a0 (0x03359cb3) x25 0x00000000
core   0: 0x800065a4 (0x00bd44b3) xor     s1, s10, a1
core   0: 3 0x800065a4 (0x00bd44b3) x 9 0x7035d82f
core   0: 0x800065a8 (0x406385b3) sub     a1, t2, t1
core   0: 3 0x800065a8 (0x406385b3) x11 0x80012ce5
core   0: 0x800065ac (0x03e3dab3) divu    s5, t2, t5
core   0: 3 0x800065ac (0x03e3dab3) x21 0xffffffff
core   0: 0x800065b0 (0x03c8beb3) mulhu   t4, a7, t3
core   0: 3 0x800065b0 (0x03c8beb3) x29 0xde02b59b
core   0: 0x800065b4 (0x00008f81) c.sub   a5, s0
core   0: 3 0x800065b4 (0x8f81) x15 0x00000175
core   0: 0x800065b6 (0xc80d4f93) xori    t6, s10, -896
core   0: 3 0x800065b6 (0xc80d4f93) x31 0x8fca24af
core   0: 0x800065ba (0x86c16313) ori     t1, sp, -1940
core   0: 3 0x800065ba (0x86c16313) x 6 0xfffffa7c
core   0: 0x800065be (0x00dda1b3) slt     gp, s11, a3
core   0: 3 0x800065be (0x00dda1b3) x 3 0x00000001
core   0: 0x800065c2 (0x00c21f13) slli    t5, tp, 12
core   0: 3 0x800065c2 (0x00c21f13) x30 0x00000000
core   0: 0x800065c6 (0x00000212) c.slli  tp, 4
core   0: 3 0x800065c6 (0x0212) x 4 0x00000000
core   0: 0x800065c8 (0x41d95033) sra     zero, s2, t4
core   0: 3 0x800065c8 (0x41d95033)
core   0: 0x800065cc (0x0000617d) c.addi16sp sp, 496
core   0: 3 0x800065cc (0x617d) x 2 0x00000400
core   0: 0x800065ce (0x4052d233) sra     tp, t0, t0
core   0: 3 0x800065ce (0x4052d233) x 4 0xf6ba5d40
core   0: 0x800065d2 (0x00008c21) c.xor   s0, s0
core   0: 3 0x800065d2 (0x8c21) x 8 0x00000000
core   0: 0x800065d4 (0x00000ad9) c.addi  s5, 22
core   0: 3 0x800065d4 (0x0ad9) x21 0x00000015
core   0: 0x800065d6 (0x022208b3) mul     a7, tp, sp
core   0: 3 0x800065d6 (0x022208b3) x17 0xe9750000
core   0: 0x800065da (0x75a46713) ori     a4, s0, 1882
core   0: 3 0x800065da (0x75a46713) x14 0x0000075a
core   0: 0x800065de (0x00008c31) c.xor   s0, a2
core   0: 3 0x800065de (0x8c31) x 8 0x00000000
core   0: 0x800065e0 (0x408e5f93) srai    t6, t3, 8
core   0: 3 0x800065e0 (0x408e5f93) x31 0xffffffff
core   0: 0x800065e4 (0x0000717d) c.addi16sp sp, -16
core   0: 3 0x800065e4 (0x717d) x 2 0x000003f0
core   0: 0x800065e6 (0x03cfddb3) divu    s11, t6, t3
core   0: 3 0x800065e6 (0x03cfddb3) x27 0x00000001
core   0: 0x800065ea (0x0000896e) c.mv    s2, s11
core   0: 3 0x800065ea (0x896e) x18 0x00000001
core   0: 0x800065ec (0x00009de2) c.add   s11, s8
core   0: 3 0x800065ec (0x9de2) x27 0x00007001
core   0: 0x800065ee (0x000011fd) c.addi  gp, -1
core   0: 3 0x800065ee (0x11fd) x 3 0x00000000
core   0: 0x800065f0 (0xb0856713) ori     a4, a0, -1272
core   0: 3 0x800065f0 (0xb0856713) x14 0xfffffb08
core   0: 0x800065f4 (0x01f5a233) slt     tp, a1, t6
core   0: 3 0x800065f4 (0x01f5a233) x 4 0x00000001
core   0: 0x800065f8 (0x00d0ce33) xor     t3, ra, a3
core   0: 3 0x800065f8 (0x00d0ce33) x28 0x00000442
core   0: 0x800065fc (0x016870b3) and     ra, a6, s6
core   0: 3 0x800065fc (0x016870b3) x 1 0x00000001
core   0: 0x80006600 (0x00006849) c.lui   a6, 0x12
core   0: 3 0x80006600 (0x6849) x16 0x00012000
core   0: 0x80006602 (0x00000001) c.nop
core   0: 3 0x80006602 (0x0001)
core   0: 0x80006604 (0x02926033) rem     zero, tp, s1
core   0: 3 0x80006604 (0x02926033)
core   0: 0x80006608 (0x0284c5b3) div     a1, s1, s0
core   0: 3 0x80006608 (0x0284c5b3) x11 0xffffffff
core   0: 0x8000660c (0x01da9113) slli    sp, s5, 29
core   0: 3 0x8000660c (0x01da9113) x 2 0xa0000000
core   0: 0x80006610 (0x00008f99) c.sub   a5, a4
core   0: 3 0x80006610 (0x8f99) x15 0x0000066d
core   0: 0x80006612 (0x4199d193) srai    gp, s3, 25
core   0: 3 0x80006612 (0x4199d193) x 3 0xffffffc0
core   0: 0x80006616 (0x41750db3) sub     s11, a0, s7
core   0: 3 0x80006616 (0x41750db3) x27 0x00000000
core   0: 0x8000661a (0x5817b2b7) lui     t0, 0x5817b
core   0: 3 0x8000661a (0x5817b2b7) x 5 0x5817b000
core   0: 0x8000661e (0x40698933) sub     s2, s3, t1
core   0: 3 0x8000661e (0x40698933) x18 0x8000f3e8
core   0: 0x80006622 (0x00008e89) c.sub   a3, a0
core   0: 3 0x80006622 (0x8e89) x13 0x00000442
core   0: 0x80006624 (0x000017fd) c.addi  a5, -1
core   0: 3 0x80006624 (0x17fd) x15 0x0000066c
core   0: 0x80006626 (0x0058e7b3) or      a5, a7, t0
core   0: 3 0x80006626 (0x0058e7b3) x15 0xf977b000
core   0: 0x8000662a (0x0000610d) c.addi16sp sp, 160
core   0: 3 0x8000662a (0x610d) x 2 0xa00000a0
core   0: 0x8000662c (0x02683933) mulhu   s2, a6, t1
core   0: 3 0x8000662c (0x02683933) x18 0x00011fff
core   0: 0x80006630 (0x41048733) sub     a4, s1, a6
core   0: 3 0x80006630 (0x41048733) x14 0x7034b82f
core   0: 0x80006634 (0x41c75833) sra     a6, a4, t3
core   0: 3 0x80006634 (0x41c75833) x16 0x1c0d2e0b
core   0: 0x80006638 (0x0249e8b3) rem     a7, s3, tp
core   0: 3 0x80006638 (0x0249e8b3) x17 0x00000000
core   0: 0x8000663c (0x0000108c) c.addi4spn a1, sp, 96
core   0: 3 0x8000663c (0x108c) x11 0xa0000100
core   0: 0x8000663e (0x0000840d) c.srai  s0, 3
core   0: 3 0x8000663e (0x840d) x 8 0x00000000
core   0: 0x80006640 (0x02ec0433) mul     s0, s8, a4
core   0: 3 0x80006640 (0x02ec0433) x 8 0x10949000
core   0: 0x80006644 (0x01350fb3) add     t6, a0, s3
core   0: 3 0x80006644 (0x01350fb3) x31 0x8000ee64
core   0: 0x80006648 (0x00f92ab3) slt     s5, s2, a5
core   0: 3 0x80006648 (0x00f92ab3) x21 0x00000000
core   0: 0x8000664c (0x02b922b3) mulhsu  t0, s2, a1
core   0: 3 0x8000664c (0x02b922b3) x 5 0x0000b3ff
core   0: 0x80006650 (0x0138d333) srl     t1, a7, s3
core   0: 3 0x80006650 (0x0138d333) x 6 0x00000000
core   0: 0x80006654 (0x00004281) c.li    t0, 0
core   0: 3 0x80006654 (0x4281) x 5 0x00000000
core   0: 0x80006656 (0x3d52eeb7) lui     t4, 0x3d52e
core   0: 3 0x80006656 (0x3d52eeb7) x29 0x3d52e000
core   0: 0x8000665a (0x27fe8e93) addi    t4, t4, 639
core   0: 3 0x8000665a (0x27fe8e93) x29 0x3d52e27f
core   0: 0x8000665e (0x80000337) lui     t1, 0x80000
core   0: 3 0x8000665e (0x80000337) x 6 0x80000000
core   0: 0x80006662 (0xcd8dd237) lui     tp, 0xcd8dd
core   0: 3 0x80006662 (0xcd8dd237) x 4 0xcd8dd000
core   0: 0x80006666 (0x15f20213) addi    tp, tp, 351
core   0: 3 0x80006666 (0x15f20213) x 4 0xcd8dd15f
core   0: 0x8000666a (0x7f328137) lui     sp, 0x7f328
core   0: 3 0x8000666a (0x7f328137) x 2 0x7f328000
core   0: 0x8000666e (0x13810113) addi    sp, sp, 312
core   0: 3 0x8000666e (0x13810113) x 2 0x7f328138
core   0: 0x80006672 (0xb959f537) lui     a0, 0xb959f
core   0: 3 0x80006672 (0xb959f537) x10 0xb959f000
core   0: 0x80006676 (0x2f550513) addi    a0, a0, 757
core   0: 3 0x80006676 (0x2f550513) x10 0xb959f2f5
core   0: 0x8000667a (0x800005b7) lui     a1, 0x80000
core   0: 3 0x8000667a (0x800005b7) x11 0x80000000
core   0: 0x8000667e (0x00004081) c.li    ra, 0
core   0: 3 0x8000667e (0x4081) x 1 0x00000000
core   0: 0x80006680 (0x800006b7) lui     a3, 0x80000
core   0: 3 0x80006680 (0x800006b7) x13 0x80000000
core   0: 0x80006684 (0x80000db7) lui     s11, 0x80000
core   0: 3 0x80006684 (0x80000db7) x27 0x80000000
core   0: 0x80006688 (0x02212333) mulhsu  t1, sp, sp
core   0: 3 0x80006688 (0x02212333) x 6 0x3f33262c
core   0: 0x8000668c (0x001d82b3) add     t0, s11, ra
core   0: 3 0x8000668c (0x001d82b3) x 5 0x80000000
core   0: 0x80006690 (0x025330b3) mulhu   ra, t1, t0
core   0: 3 0x80006690 (0x025330b3) x 1 0x1f999316
core   0: 0x80006694 (0xab736237) lui     tp, 0xab736
core   0: 3 0x80006694 (0xab736237) x 4 0xab736000
core   0: 0x80006698 (0x02659333) mulh    t1, a1, t1
core   0: 3 0x80006698 (0x02659333) x 6 0xe0666cea
core   0: 0x8000669c (0x02217eb3) remu    t4, sp, sp
core   0: 3 0x8000669c (0x02217eb3) x29 0x00000000
core   0: 0x800066a0 (0x38a33db7) lui     s11, 0x38a33
core   0: 3 0x800066a0 (0x38a33db7) x27 0x38a33000
core   0: 0x800066a4 (0x02a5feb3) remu    t4, a1, a0
core   0: 3 0x800066a4 (0x02a5feb3) x29 0x80000000
core   0: 0x800066a8 (0x02a08db3) mul     s11, ra, a0
core   0: 3 0x800066a8 (0x02a08db3) x27 0x73aa900e
core   0: 0x800066ac (0x02a242b3) div     t0, tp, a0
core   0: 3 0x800066ac (0x02a242b3) x 5 0x00000001
core   0: 0x800066b0 (0xc54e9e97) auipc   t4, 0xc54e9
core   0: 3 0x800066b0 (0xc54e9e97) x29 0x454ef6b0
core   0: 0x800066b4 (0xae03f317) auipc   t1, 0xae03f
core   0: 3 0x800066b4 (0xae03f317) x 6 0x2e0456b4
core   0: 0x800066b8 (0x00000001) c.nop
core   0: 3 0x800066b8 (0x0001)
core   0: 0x800066ba (0x6b4f7eb7) lui     t4, 0x6b4f7
core   0: 3 0x800066ba (0x6b4f7eb7) x29 0x6b4f7000
core   0: 0x800066be (0x0226feb3) remu    t4, a3, sp
core   0: 3 0x800066be (0x0226feb3) x29 0x00cd7ec8
core   0: 0x800066c2 (0x00000001) c.nop
core   0: 3 0x800066c2 (0x0001)
core   0: 0x800066c4 (0x03d36db3) rem     s11, t1, t4
core   0: 3 0x800066c4 (0x03d36db3) x27 0x00431c2c
core   0: 0x800066c8 (0x00009d86) c.add   s11, ra
core   0: 3 0x800066c8 (0x9d86) x27 0x1fdcaf42
core   0: 0x800066ca (0x02b15233) divu    tp, sp, a1
core   0: 3 0x800066ca (0x02b15233) x 4 0x00000000
core   0: 0x800066ce (0x00000001) c.nop
core   0: 3 0x800066ce (0x0001)
core   0: 0x800066d0 (0x03b5f6b3) remu    a3, a1, s11
core   0: 3 0x800066d0 (0x03b5f6b3) x13 0x008d42f8
core   0: 0x800066d4 (0x02bd9db3) mulh    s11, s11, a1
core   0: 3 0x800066d4 (0x02bd9db3) x27 0xf011a85f
core   0: 0x800066d8 (0x00000f86) c.slli  t6, 1
core   0: 3 0x800066d8 (0x0f86) x31 0x0001dcc8
core   0: 0x800066da (0x01b48bb3) add     s7, s1, s11
core   0: 3 0x800066da (0x01b48bb3) x23 0x6047808e
core   0: 0x800066de (0x00008f6e) c.mv    t5, s11
core   0: 3 0x800066de (0x8f6e) x30 0xf011a85f
core   0: 0x800066e0 (0x00008825) c.andi  s0, 9
core   0: 3 0x800066e0 (0x8825) x 8 0x00000000
core   0: 0x800066e2 (0x033b4cb3) div     s9, s6, s3
core   0: 3 0x800066e2 (0x033b4cb3) x25 0x00000000
core   0: 0x800066e6 (0x009b3ab3) sltu    s5, s6, s1
core   0: 3 0x800066e6 (0x009b3ab3) x21 0x00000001
core   0: 0x800066ea (0x0393fcb3) remu    s9, t2, s9
core   0: 3 0x800066ea (0x0393fcb3) x25 0x80012ce4
core   0: 0x800066ee (0x20980493) addi    s1, a6, 521
core   0: 3 0x800066ee (0x20980493) x 9 0x1c0d3014
core   0: 0x800066f2 (0x408bd813) srai    a6, s7, 8
core   0: 3 0x800066f2 (0x408bd813) x16 0x00604780
core   0: 0x800066f6 (0x01009b13) slli    s6, ra, 16
core   0: 3 0x800066f6 (0x01009b13) x22 0x93160000
core   0: 0x800066fa (0x01977f33) and     t5, a4, s9
core   0: 3 0x800066fa (0x01977f33) x30 0x00002824
core   0: 0x800066fe (0x002ad533) srl     a0, s5, sp
core   0: 3 0x800066fe (0x002ad533) x10 0x00000000
core   0: 0x80006702 (0x02278033) mul     zero, a5, sp
core   0: 3 0x80006702 (0x02278033)
core   0: 0x80006706 (0x00000c99) c.addi  s9, 6
core   0: 3 0x80006706 (0x0c99) x25 0x80012cea
core   0: 0x80006708 (0x00000001) c.nop
core   0: 3 0x80006708 (0x0001)
core   0: 0x8000670a (0x00008c11) c.sub   s0, a2
core   0: 3 0x8000670a (0x8c11) x 8 0x00000000
core   0: 0x8000670c (0x02a20fb3) mul     t6, tp, a0
core   0: 3 0x8000670c (0x02a20fb3) x31 0x00000000
core   0: 0x80006710 (0x0000919a) c.add   gp, t1
core   0: 3 0x80006710 (0x919a) x 3 0x2e045674
core   0: 0x80006712 (0x9b6bc793) xori    a5, s7, -1610
core   0: 3 0x80006712 (0x9b6bc793) x15 0x9fb87938
core   0: 0x80006716 (0x41040cb3) sub     s9, s0, a6
core   0: 3 0x80006716 (0x41040cb3) x25 0xff9fb880
core   0: 0x8000671a (0x01569093) slli    ra, a3, 21
core   0: 3 0x8000671a (0x01569093) x 1 0x5f000000
core   0: 0x8000671e (0x081fe013) ori     zero, t6, 129
core   0: 3 0x8000671e (0x081fe013)
core   0: 0x80006722 (0x00008d16) c.mv    s10, t0
core   0: 3 0x80006722 (0x8d16) x26 0x00000001
core   0: 0x80006724 (0x00001dfd) c.addi  s11, -1
core   0: 3 0x80006724 (0x1dfd) x27 0xf011a85e
core   0: 0x80006726 (0x000083d1) c.srli  a5, 20
core   0: 3 0x80006726 (0x83d1) x15 0x000009fb
core   0: 0x80006728 (0x00008021) c.srli  s0, 8
core   0: 3 0x80006728 (0x8021) x 8 0x00000000
core   0: 0x8000672a (0x027f2eb3) mulhsu  t4, t5, t2
core   0: 3 0x8000672a (0x027f2eb3) x29 0x00001412
core   0: 0x8000672e (0x00006f45) c.lui   t5, 0x11
core   0: 3 0x8000672e (0x6f45) x30 0x00011000
core   0: 0x80006730 (0x3d0d7f93) andi    t6, s10, 976
core   0: 3 0x80006730 (0x3d0d7f93) x31 0x00000000
core   0: 0x80006734 (0x000044f1) c.li    s1, 28
core   0: 3 0x80006734 (0x44f1) x 9 0x0000001c
core   0: 0x80006736 (0x47a1d017) auipc   zero, 0x47a1d
core   0: 3 0x80006736 (0x47a1d017)
core   0: 0x8000673a (0x002aa933) slt     s2, s5, sp
core   0: 3 0x8000673a (0x002aa933) x18 0x00000001
core   0: 0x8000673e (0x00135c13) srli    s8, t1, 1
core   0: 3 0x8000673e (0x00135c13) x24 0x17022b5a
core   0: 0x80006742 (0x00f83533) sltu    a0, a6, a5
core   0: 3 0x80006742 (0x00f83533) x10 0x00000000
core   0: 0x80006746 (0xfa73bc13) sltiu   s8, t2, -89
core   0: 3 0x80006746 (0xfa73bc13) x24 0x00000001
core   0: 0x8000674a (0x0d0d4593) xori    a1, s10, 208
core   0: 3 0x8000674a (0x0d0d4593) x11 0x000000d1
core   0: 0x8000674e (0x00006e9d) c.lui   t4, 0x7
core   0: 3 0x8000674e (0x6e9d) x29 0x00007000
core   0: 0x80006750 (0x0097ebb3) or      s7, a5, s1
core   0: 3 0x80006750 (0x0097ebb3) x23 0x000009ff
core   0: 0x80006754 (0x000062a9) c.lui   t0, 0xa
core   0: 3 0x80006754 (0x62a9) x 5 0x0000a000
core   0: 0x80006756 (0x000089e9) c.andi  a1, 26
core   0: 3 0x80006756 (0x89e9) x11 0x00000010
core   0: 0x80006758 (0x15e7f513) andi    a0, a5, 350
core   0: 3 0x80006758 (0x15e7f513) x10 0x0000015a
core   0: 0x8000675c (0x00004175) c.li    sp, 29
core   0: 3 0x8000675c (0x4175) x 2 0x0000001d
core   0: 0x8000675e (0x01d162b3) or      t0, sp, t4
core   0: 3 0x8000675e (0x01d162b3) x 5 0x0000701d
core   0: 0x80006762 (0x037a4db3) div     s11, s4, s7
core   0: 3 0x80006762 (0x037a4db3) x27 0x00000000
core   0: 0x80006766 (0x02ed36b3) mulhu   a3, s10, a4
core   0: 3 0x80006766 (0x02ed36b3) x13 0x00000000
core   0: 0x8000676a (0xc2aefe93) andi    t4, t4, -982
core   0: 3 0x8000676a (0xc2aefe93) x29 0x00007000
core   0: 0x8000676e (0x005b9d33) sll     s10, s7, t0
core   0: 3 0x8000676e (0x005b9d33) x26 0xe0000000
core   0: 0x80006772 (0x23884417) auipc   s0, 0x23884
core   0: 3 0x80006772 (0x23884417) x 8 0xa388a772
core   0: 0x80006776 (0x4ceac6b7) lui     a3, 0x4ceac
core   0: 3 0x80006776 (0x4ceac6b7) x13 0x4ceac000
core   0: 0x8000677a (0x027f3f33) mulhu   t5, t5, t2
core   0: 3 0x8000677a (0x027f3f33) x30 0x00008801
core   0: 0x8000677e (0x01223833) sltu    a6, tp, s2
core   0: 3 0x8000677e (0x01223833) x16 0x00000001
core   0: 0x80006782 (0x001ddc13) srli    s8, s11, 1
core   0: 3 0x80006782 (0x001ddc13) x24 0x00000000
core   0: 0x80006786 (0x00006eb9) c.lui   t4, 0xe
core   0: 3 0x80006786 (0x6eb9) x29 0x0000e000
core   0: 0x80006788 (0x41f058b3) sra     a7, zero, t6
core   0: 3 0x80006788 (0x41f058b3) x17 0x00000000
core   0: 0x8000678c (0x00d697b3) sll     a5, a3, a3
core   0: 3 0x8000678c (0x00d697b3) x15 0x4ceac000
core   0: 0x80006790 (0x00008c89) c.sub   s1, a0
core   0: 3 0x80006790 (0x8c89) x 9 0xfffffec2
core   0: 0x80006792 (0x029550b3) divu    ra, a0, s1
core   0: 3 0x80006792 (0x029550b3) x 1 0x00000000
core   0: 0x80006796 (0x02b39033) mulh    zero, t2, a1
core   0: 3 0x80006796 (0x02b39033)
core   0: 0x8000679a (0x00008d21) c.xor   a0, s0
core   0: 3 0x8000679a (0x8d21) x10 0xa388a628
core   0: 0x8000679c (0x0b0fec13) ori     s8, t6, 176
core   0: 3 0x8000679c (0x0b0fec13) x24 0x000000b0
core   0: 0x800067a0 (0x000098ba) c.add   a7, a4
core   0: 3 0x800067a0 (0x98ba) x17 0x7034b82f
core   0: 0x800067a2 (0x000007e5) c.addi  a5, 25
core   0: 3 0x800067a2 (0x07e5) x15 0x4ceac019
core   0: 0x800067a4 (0x00001bfd) c.addi  s7, -1
core   0: 3 0x800067a4 (0x1bfd) x23 0x000009fe
core   0: 0x800067a6 (0x00009afd) c.andi  a3, -1
core   0: 3 0x800067a6 (0x9afd) x13 0x4ceac000
core   0: 0x800067a8 (0x01845233) srl     tp, s0, s8
core   0: 3 0x800067a8 (0x01845233) x 4 0x0000a388
core   0: 0x800067ac (0x000099fd) c.andi  a1, -1
core   0: 3 0x800067ac (0x99fd) x11 0x00000010
core   0: 0x800067ae (0x000088bd) c.andi  s1, 15
core   0: 3 0x800067ae (0x88bd) x 9 0x00000002
core   0: 0x800067b0 (0xeb43ae13) slti    t3, t2, -332
core   0: 3 0x800067b0 (0xeb43ae13) x28 0x00000001
core   0: 0x800067b4 (0xbb7f8193) addi    gp, t6, -1097
core   0: 3 0x800067b4 (0xbb7f8193) x 3 0xfffffbb7
core   0: 0x800067b8 (0x00000001) c.nop
core   0: 3 0x800067b8 (0x0001)
core   0: 0x800067ba (0x00001c7d) c.addi  s8, -1
core   0: 3 0x800067ba (0x1c7d) x24 0x000000af
core   0: 0x800067bc (0x41c188b3) sub     a7, gp, t3
core   0: 3 0x800067bc (0x41c188b3) x17 0xfffffbb6
core   0: 0x800067c0 (0x01ea4333) xor     t1, s4, t5
core   0: 3 0x800067c0 (0x01ea4333) x 6 0x00008801
core   0: 0x800067c4 (0x01a24bb3) xor     s7, tp, s10
core   0: 3 0x800067c4 (0x01a24bb3) x23 0xe000a388
core   0: 0x800067c8 (0x022b97b3) mulh    a5, s7, sp
core   0: 3 0x800067c8 (0x022b97b3) x15 0xfffffffc
core   0: 0x800067cc (0x00001e00) c.addi4spn s0, sp, 816
core   0: 3 0x800067cc (0x1e00) x 8 0x0000034d
core   0: 0x800067ce (0x01529693) slli    a3, t0, 21
core   0: 3 0x800067ce (0x01529693) x13 0x03a00000
core   0: 0x800067d2 (0x0000997d) c.andi  a0, -1
core   0: 3 0x800067d2 (0x997d) x10 0xa388a628
core   0: 0x800067d4 (0x000086d5) c.srai  a3, 21
core   0: 3 0x800067d4 (0x86d5) x13 0x0000001d
core   0: 0x800067d6 (0x00ba47b3) xor     a5, s4, a1
core   0: 3 0x800067d6 (0x00ba47b3) x15 0x00000010
core   0: 0x800067da (0x015b66b3) or      a3, s6, s5
core   0: 3 0x800067da (0x015b66b3) x13 0x93160001
core   0: 0x800067de (0x010ffeb3) and     t4, t6, a6
core   0: 3 0x800067de (0x010ffeb3) x29 0x00000000
core   0: 0x800067e2 (0x40d3da93) srai    s5, t2, 13
core   0: 3 0x800067e2 (0x40d3da93) x21 0xfffc0009
core   0: 0x800067e6 (0x00fb16b3) sll     a3, s6, a5
core   0: 3 0x800067e6 (0x00fb16b3) x13 0x00000000
core   0: 0x800067ea (0x000081e9) c.srli  a1, 26
core   0: 3 0x800067ea (0x81e9) x11 0x00000000
core   0: 0x800067ec (0x03f40cb3) mul     s9, s0, t6
core   0: 3 0x800067ec (0x03f40cb3) x25 0x00000000
core   0: 0x800067f0 (0x02164fb3) div     t6, a2, ra
core   0: 3 0x800067f0 (0x02164fb3) x31 0xffffffff
core   0: 0x800067f4 (0x00000894) c.addi4spn a3, sp, 80
core   0: 3 0x800067f4 (0x0894) x13 0x0000006d
core   0: 0x800067f6 (0x01412233) slt     tp, sp, s4
core   0: 3 0x800067f6 (0x01412233) x 4 0x00000000
core   0: 0x800067fa (0x006d1233) sll     tp, s10, t1
core   0: 3 0x800067fa (0x006d1233) x 4 0xc0000000
core   0: 0x800067fe (0x407452b3) sra     t0, s0, t2
core   0: 3 0x800067fe (0x407452b3) x 5 0x00000034
core   0: 0x80006802 (0x01559a93) slli    s5, a1, 21
core   0: 3 0x80006802 (0x01559a93) x21 0x00000000
core   0: 0x80006806 (0x0000717d) c.addi16sp sp, -16
core   0: 3 0x80006806 (0x717d) x 2 0x0000000d
core   0: 0x80006808 (0x28bd2813) slti    a6, s10, 651
core   0: 3 0x80006808 (0x28bd2813) x16 0x00000001
core   0: 0x8000680c (0x0000039c) c.addi4spn a5, sp, 448
core   0: 3 0x8000680c (0x039c) x15 0x000001cd
core   0: 0x8000680e (0x00008fe1) c.and   a5, s0
core   0: 3 0x8000680e (0x8fe1) x15 0x0000014d
core   0: 0x80006810 (0x0069c6b3) xor     a3, s3, t1
core   0: 3 0x80006810 (0x0069c6b3) x13 0x80006665
core   0: 0x80006814 (0x00800233) add     tp, zero, s0
core   0: 3 0x80006814 (0x00800233) x 4 0x0000034d
core   0: 0x80006818 (0x0193e5b3) or      a1, t2, s9
core   0: 3 0x80006818 (0x0193e5b3) x11 0x80012ce4
core   0: 0x8000681c (0x00006e1d) c.lui   t3, 0x7
core   0: 3 0x8000681c (0x6e1d) x28 0x00007000
core   0: 0x8000681e (0x000098fd) c.andi  s1, -1
core   0: 3 0x8000681e (0x98fd) x 9 0x00000002
core   0: 0x80006820 (0x023f3333) mulhu   t1, t5, gp
core   0: 3 0x80006820 (0x023f3333) x 6 0x00008800
core   0: 0x80006824 (0x012cdb33) srl     s6, s9, s2
core   0: 3 0x80006824 (0x012cdb33) x22 0x00000000
core   0: 0x80006828 (0x03695933) divu    s2, s2, s6
core   0: 3 0x80006828 (0x03695933) x18 0xffffffff
core   0: 0x8000682c (0x03215d33) divu    s10, sp, s2
core   0: 3 0x8000682c (0x03215d33) x26 0x00000000
core   0: 0x80006830 (0x00000001) c.nop
core   0: 3 0x80006830 (0x0001)
core   0: 0x80006832 (0x013e5b33) srl     s6, t3, s3
core   0: 3 0x80006832 (0x013e5b33) x22 0x00000700
core   0: 0x80006836 (0x01642c33) slt     s8, s0, s6
core   0: 3 0x80006836 (0x01642c33) x24 0x00000001
core   0: 0x8000683a (0x00000001) c.nop
core   0: 3 0x8000683a (0x0001)
core   0: 0x8000683c (0x00000736) c.slli  a4, 13
core   0: 3 0x8000683c (0x0736) x14 0x9705e000
core   0: 0x8000683e (0x417fd293) srai    t0, t6, 23
core   0: 3 0x8000683e (0x417fd293) x 5 0xffffffff
core   0: 0x80006842 (0x036606b3) mul     a3, a2, s6
core   0: 3 0x80006842 (0x036606b3) x13 0x00000000
core   0: 0x80006846 (0x00001efd) c.addi  t4, -1
core   0: 3 0x80006846 (0x1efd) x29 0xffffffff
core   0: 0x80006848 (0x024697b3) mulh    a5, a3, tp
core   0: 3 0x80006848 (0x024697b3) x15 0x00000000
core   0: 0x8000684c (0x002eefb3) or      t6, t4, sp
core   0: 3 0x8000684c (0x002eefb3) x31 0xffffffff
core   0: 0x80006850 (0x000084a5) c.srai  s1, 9
core   0: 3 0x80006850 (0x84a5) x 9 0x00000000
core   0: 0x80006852 (0x02e10333) mul     t1, sp, a4
core   0: 3 0x80006852 (0x02e10333) x 6 0xab4c6000
core   0: 0x80006856 (0x00617d33) and     s10, sp, t1
core   0: 3 0x80006856 (0x00617d33) x26 0x00000000
core   0: 0x8000685a (0x012836b3) sltu    a3, a6, s2
core   0: 3 0x8000685a (0x012836b3) x13 0x00000001
core   0: 0x8000685e (0x00000e4e) c.slli  t3, 19
core   0: 3 0x8000685e (0x0e4e) x28 0x80000000
core   0: 0x80006860 (0x036d1f33) mulh    t5, s10, s6
core   0: 3 0x80006860 (0x036d1f33) x30 0x00000000
core   0: 0x80006864 (0x9268b237) lui     tp, 0x9268b
core   0: 3 0x80006864 (0x9268b237) x 4 0x9268b000
core   0: 0x80006868 (0x02ba36b3) mulhu   a3, s4, a1
core   0: 3 0x80006868 (0x02ba36b3) x13 0x00000000
core   0: 0x8000686c (0xbc092693) slti    a3, s2, -1088
core   0: 3 0x8000686c (0xbc092693) x13 0x00000000
core   0: 0x80006870 (0x02e5c1b3) div     gp, a1, a4
core   0: 3 0x80006870 (0x02e5c1b3) x 3 0x00000001
core   0: 0x80006874 (0x00e62533) slt     a0, a2, a4
core   0: 3 0x80006874 (0x00e62533) x10 0x00000000
core   0: 0x80006878 (0x02fc92b3) mulh    t0, s9, a5
core   0: 3 0x80006878 (0x02fc92b3) x 5 0x00000000
core   0: 0x8000687c (0x000096f6) c.add   a3, t4
core   0: 3 0x8000687c (0x96f6) x13 0xffffffff
core   0: 0x8000687e (0x409f5213) srai    tp, t5, 9
core   0: 3 0x8000687e (0x409f5213) x 4 0x00000000
core   0: 0x80006882 (0x01af8db3) add     s11, t6, s10
core   0: 3 0x80006882 (0x01af8db3) x27 0xffffffff
core   0: 0x80006886 (0x00000939) c.addi  s2, 14
core   0: 3 0x80006886 (0x0939) x18 0x0000000d
core   0: 0x80006888 (0x0000099c) c.addi4spn a5, sp, 208
core   0: 3 0x80006888 (0x099c) x15 0x000000dd
core   0: 0x8000688a (0x00000001) c.nop
core   0: 3 0x8000688a (0x0001)
core   0: 0x8000688c (0x6840c113) xori    sp, ra, 1668
core   0: 3 0x8000688c (0x6840c113) x 2 0x00000684
core   0: 0x80006890 (0x00001c7d) c.addi  s8, -1
core   0: 3 0x80006890 (0x1c7d) x24 0x00000000
core   0: 0x80006892 (0x003bad33) slt     s10, s7, gp
core   0: 3 0x80006892 (0x003bad33) x26 0x00000001
core   0: 0x80006896 (0xf7d9b0b7) lui     ra, 0xf7d9b
core   0: 3 0x80006896 (0xf7d9b0b7) x 1 0xf7d9b000
core   0: 0x8000689a (0x00008f31) c.xor   a4, a2
core   0: 3 0x8000689a (0x8f31) x14 0x9705e000
core   0: 0x8000689c (0x02cf88b3) mul     a7, t6, a2
core   0: 3 0x8000689c (0x02cf88b3) x17 0x00000000
core   0: 0x800068a0 (0x00000335) c.addi  t1, 13
core   0: 3 0x800068a0 (0x0335) x 6 0xab4c600d
core   0: 0x800068a2 (0x9e566417) auipc   s0, 0x9e566
core   0: 3 0x800068a2 (0x9e566417) x 8 0x1e56c8a2
core   0: 0x800068a6 (0x037a2eb3) mulhsu  t4, s4, s7
core   0: 3 0x800068a6 (0x037a2eb3) x29 0x00000000
core   0: 0x800068aa (0x4134d133) sra     sp, s1, s3
core   0: 3 0x800068aa (0x4134d133) x 2 0x00000000
core   0: 0x800068ae (0x03ef8033) mul     zero, t6, t5
core   0: 3 0x800068ae (0x03ef8033)
core   0: 0x800068b2 (0x03ebc2b3) div     t0, s7, t5
core   0: 3 0x800068b2 (0x03ebc2b3) x 5 0xffffffff
core   0: 0x800068b6 (0x000001da) c.slli  gp, 22
core   0: 3 0x800068b6 (0x01da) x 3 0x00400000
core   0: 0x800068b8 (0xebb31e37) lui     t3, 0xebb31
core   0: 3 0x800068b8 (0xebb31e37) x28 0xebb31000
core   0: 0x800068bc (0x00006509) c.lui   a0, 0x2
core   0: 3 0x800068bc (0x6509) x10 0x00002000
core   0: 0x800068be (0x0000624d) c.lui   tp, 0x13
core   0: 3 0x800068be (0x624d) x 4 0x00013000
core   0: 0x800068c0 (0x00008889) c.andi  s1, 2
core   0: 3 0x800068c0 (0x8889) x 9 0x00000000
core   0: 0x800068c2 (0x02f94fb3) div     t6, s2, a5
core   0: 3 0x800068c2 (0x02f94fb3) x31 0x00000000
core   0: 0x800068c6 (0x00000e84) c.addi4spn s1, sp, 848
core   0: 3 0x800068c6 (0x0e84) x 9 0x00000350
core   0: 0x800068c8 (0x00000001) c.nop
core   0: 3 0x800068c8 (0x0001)
core   0: 0x800068ca (0x000080c6) c.mv    ra, a7
core   0: 3 0x800068ca (0x80c6) x 1 0x00000000
core   0: 0x800068cc (0x00005ffd) c.li    t6, -1
core   0: 3 0x800068cc (0x5ffd) x31 0xffffffff
core   0: 0x800068ce (0xad94bf93) sltiu   t6, s1, -1319
core   0: 3 0x800068ce (0xad94bf93) x31 0x00000001
core   0: 0x800068d2 (0x0305cfb3) div     t6, a1, a6
core   0: 3 0x800068d2 (0x0305cfb3) x31 0x80012ce4
core   0: 0x800068d6 (0x01535133) srl     sp, t1, s5
core   0: 3 0x800068d6 (0x01535133) x 2 0xab4c600d
core   0: 0x800068da (0xe1e902b7) lui     t0, 0xe1e90
core   0: 3 0x800068da (0xe1e902b7) x 5 0xe1e90000
core   0: 0x800068de (0x01eaa5b3) slt     a1, s5, t5
core   0: 3 0x800068de (0x01eaa5b3) x11 0x00000000
core   0: 0x800068e2 (0x039442b3) div     t0, s0, s9
core   0: 3 0x800068e2 (0x039442b3) x 5 0xffffffff
core   0: 0x800068e6 (0xb26c0f13) addi    t5, s8, -1242
core   0: 3 0x800068e6 (0xb26c0f13) x30 0xfffffb26
core   0: 0x800068ea (0x00008c7d) c.and   s0, a5
core   0: 3 0x800068ea (0x8c7d) x 8 0x00000080
core   0: 0x800068ec (0x0157da93) srli    s5, a5, 21
core   0: 3 0x800068ec (0x0157da93) x21 0x00000000
core   0: 0x800068f0 (0x00008fe1) c.and   a5, s0
core   0: 3 0x800068f0 (0x8fe1) x15 0x00000080
core   0: 0x800068f2 (0x00000798) c.addi4spn a4, sp, 960
core   0: 3 0x800068f2 (0x0798) x14 0xab4c63cd
core   0: 0x800068f4 (0x0368ff33) remu    t5, a7, s6
core   0: 3 0x800068f4 (0x0368ff33) x30 0x00000000
core   0: 0x800068f8 (0x036818b3) mulh    a7, a6, s6
core   0: 3 0x800068f8 (0x036818b3) x17 0x00000000
core   0: 0x800068fc (0x00001814) c.addi4spn a3, sp, 48
core   0: 3 0x800068fc (0x1814) x13 0xab4c603d
core   0: 0x800068fe (0x00f69b93) slli    s7, a3, 15
core   0: 3 0x800068fe (0x00f69b93) x23 0x301e8000
core   0: 0x80006902 (0x40125893) srai    a7, tp, 1
core   0: 3 0x80006902 (0x40125893) x17 0x00009800
core   0: 0x80006906 (0x00a8dd13) srli    s10, a7, 10
core   0: 3 0x80006906 (0x00a8dd13) x26 0x00000026
core   0: 0x8000690a (0x003de4b3) or      s1, s11, gp
core   0: 3 0x8000690a (0x003de4b3) x 9 0xffffffff
core   0: 0x8000690e (0x97283b97) auipc   s7, 0x97283
core   0: 3 0x8000690e (0x97283b97) x23 0x1728990e
core   0: 0x80006912 (0x5fa24893) xori    a7, tp, 1530
core   0: 3 0x80006912 (0x5fa24893) x17 0x000135fa
core   0: 0x80006916 (0x00008c9d) c.sub   s1, a5
core   0: 3 0x80006916 (0x8c9d) x 9 0xffffff7f
core   0: 0x80006918 (0x00aa1793) slli    a5, s4, 10
core   0: 3 0x80006918 (0x00aa1793) x15 0x00000000
core   0: 0x8000691c (0x00000aca) c.slli  s5, 18
core   0: 3 0x8000691c (0x0aca) x21 0x00000000
core   0: 0x8000691e (0x00000305) c.addi  t1, 1
core   0: 3 0x8000691e (0x0305) x 6 0xab4c600e
core   0: 0x80006920 (0x00000001) c.nop
core   0: 3 0x80006920 (0x0001)
core   0: 0x80006922 (0x0385c6b7) lui     a3, 0x385c
core   0: 3 0x80006922 (0x0385c6b7) x13 0x0385c000
core   0: 0x80006926 (0x00000001) c.nop
core   0: 3 0x80006926 (0x0001)
core   0: 0x80006928 (0x00008db1) c.xor   a1, a2
core   0: 3 0x80006928 (0x8db1) x11 0x00000000
core   0: 0x8000692a (0x0000045a) c.slli  s0, 22
core   0: 3 0x8000692a (0x045a) x 8 0x20000000
core   0: 0x8000692c (0x00006e09) c.lui   t3, 0x2
core   0: 3 0x8000692c (0x6e09) x28 0x00002000
core   0: 0x8000692e (0xd7ac0793) addi    a5, s8, -646
core   0: 3 0x8000692e (0xd7ac0793) x15 0xfffffd7a
core   0: 0x80006932 (0x00000732) c.slli  a4, 12
core   0: 3 0x80006932 (0x0732) x14 0xc63cd000
core   0: 0x80006934 (0x8e817e93) andi    t4, sp, -1816
core   0: 3 0x80006934 (0x8e817e93) x29 0xab4c6008
core   0: 0x80006938 (0x00d0dd33) srl     s10, ra, a3
core   0: 3 0x80006938 (0x00d0dd33) x26 0x00000000
core   0: 0x8000693c (0x41415293) srai    t0, sp, 20
core   0: 3 0x8000693c (0x41415293) x 5 0xfffffab4
core   0: 0x80006940 (0x411bd213) srai    tp, s7, 17
core   0: 3 0x80006940 (0x411bd213) x 4 0x00000b94
core   0: 0x80006944 (0x01645333) srl     t1, s0, s6
core   0: 3 0x80006944 (0x01645333) x 6 0x20000000
core   0: 0x80006948 (0x0d4c3013) sltiu   zero, s8, 212
core   0: 3 0x80006948 (0x0d4c3013)
core   0: 0x8000694c (0xdfd25337) lui     t1, 0xdfd25
core   0: 3 0x8000694c (0xdfd25337) x 6 0xdfd25000
core   0: 0x80006950 (0x014aadb3) slt     s11, s5, s4
core   0: 3 0x80006950 (0x014aadb3) x27 0x00000000
core   0: 0x80006954 (0x000081d9) c.srli  a1, 22
core   0: 3 0x80006954 (0x81d9) x11 0x00000000
core   0: 0x80006956 (0x038e2ab3) mulhsu  s5, t3, s8
core   0: 3 0x80006956 (0x038e2ab3) x21 0x00000000
core   0: 0x8000695a (0xa7dd2513) slti    a0, s10, -1411
core   0: 3 0x8000695a (0xa7dd2513) x10 0x00000000
core   0: 0x8000695e (0x001dd793) srli    a5, s11, 1
core   0: 3 0x8000695e (0x001dd793) x15 0x00000000
core   0: 0x80006962 (0x015f5b13) srli    s6, t5, 21
core   0: 3 0x80006962 (0x015f5b13) x22 0x00000000
core   0: 0x80006966 (0x00008f6d) c.and   a4, a1
core   0: 3 0x80006966 (0x8f6d) x14 0x00000000
core   0: 0x80006968 (0x030aafb3) mulhsu  t6, s5, a6
core   0: 3 0x80006968 (0x030aafb3) x31 0x00000000
core   0: 0x8000696c (0x00008fbd) c.xor   a5, a5
core   0: 3 0x8000696c (0x8fbd) x15 0x00000000
core   0: 0x8000696e (0x0352c833) div     a6, t0, s5
core   0: 3 0x8000696e (0x0352c833) x16 0xffffffff
core   0: 0x80006972 (0xc8e4f193) andi    gp, s1, -882
core   0: 3 0x80006972 (0xc8e4f193) x 3 0xfffffc0e
core   0: 0x80006976 (0x000088c9) c.andi  s1, 18
core   0: 3 0x80006976 (0x88c9) x 9 0x00000012
core   0: 0x80006978 (0x4094d213) srai    tp, s1, 9
core   0: 3 0x80006978 (0x4094d213) x 4 0x00000000
core   0: 0x8000697c (0x00000001) c.nop
core   0: 3 0x8000697c (0x0001)
core   0: 0x8000697e (0x02121a33) mulh    s4, tp, ra
core   0: 3 0x8000697e (0x02121a33) x20 0x00000000
core   0: 0x80006982 (0x013170b3) and     ra, sp, s3
core   0: 3 0x80006982 (0x013170b3) x 1 0x80006004
core   0: 0x80006986 (0x01ab5733) srl     a4, s6, s10
core   0: 3 0x80006986 (0x01ab5733) x14 0x00000000
core   0: 0x8000698a (0x00a67a33) and     s4, a2, a0
core   0: 3 0x8000698a (0x00a67a33) x20 0x00000000
core   0: 0x8000698e (0x00000b9e) c.slli  s7, 7
core   0: 3 0x8000698e (0x0b9e) x23 0x944c8700
core   0: 0x80006990 (0x1b923793) sltiu   a5, tp, 441
core   0: 3 0x80006990 (0x1b923793) x15 0x00000001
core   0: 0x80006994 (0x00008f31) c.xor   a4, a2
core   0: 3 0x80006994 (0x8f31) x14 0x00000000
core   0: 0x80006996 (0xae1d7913) andi    s2, s10, -1311
core   0: 3 0x80006996 (0xae1d7913) x18 0x00000000
core   0: 0x8000699a (0x3ad3b813) sltiu   a6, t2, 941
core   0: 3 0x8000699a (0x3ad3b813) x16 0x00000000
core   0: 0x8000699e (0x00008c65) c.and   s0, s1
core   0: 3 0x8000699e (0x8c65) x 8 0x00000000
core   0: 0x800069a0 (0x022af033) remu    zero, s5, sp
core   0: 3 0x800069a0 (0x022af033)
core   0: 0x800069a4 (0x010c97b3) sll     a5, s9, a6
core   0: 3 0x800069a4 (0x010c97b3) x15 0x00000000
core   0: 0x800069a8 (0xafb79217) auipc   tp, 0xafb79
core   0: 3 0x800069a8 (0xafb79217) x 4 0x2fb7f9a8
core   0: 0x800069ac (0xa9f36693) ori     a3, t1, -1377
core   0: 3 0x800069ac (0xa9f36693) x13 0xfffffa9f
core   0: 0x800069b0 (0x00008f75) c.and   a4, a3
core   0: 3 0x800069b0 (0x8f75) x14 0x00000000
core   0: 0x800069b2 (0x00006e95) c.lui   t4, 0x5
core   0: 3 0x800069b2 (0x6e95) x29 0x00005000
core   0: 0x800069b4 (0x81648013) addi    zero, s1, -2026
core   0: 3 0x800069b4 (0x81648013)
core   0: 0x800069b8 (0x0358f1b3) remu    gp, a7, s5
core   0: 3 0x800069b8 (0x0358f1b3) x 3 0x000135fa
core   0: 0x800069bc (0x00008c65) c.and   s0, s1
core   0: 3 0x800069bc (0x8c65) x 8 0x00000000
core   0: 0x800069be (0x0261d933) divu    s2, gp, t1
core   0: 3 0x800069be (0x0261d933) x18 0x00000000
core   0: 0x800069c2 (0x016ceab3) or      s5, s9, s6
core   0: 3 0x800069c2 (0x016ceab3) x21 0x00000000
core   0: 0x800069c6 (0xdb58ea13) ori     s4, a7, -587
core   0: 3 0x800069c6 (0xdb58ea13) x20 0xfffffdff
core   0: 0x800069ca (0x00009322) c.add   t1, s0
core   0: 3 0x800069ca (0x9322) x 6 0xdfd25000
core   0: 0x800069cc (0x8540d317) auipc   t1, 0x8540d
core   0: 3 0x800069cc (0x8540d317) x 6 0x054139cc
core   0: 0x800069d0 (0x00008ce9) c.and   s1, a0
core   0: 3 0x800069d0 (0x8ce9) x 9 0x00000000
core   0: 0x800069d2 (0x00006d25) c.lui   s10, 0x9
core   0: 3 0x800069d2 (0x6d25) x26 0x00009000
core   0: 0x800069d4 (0x01255eb3) srl     t4, a0, s2
core   0: 3 0x800069d4 (0x01255eb3) x29 0x00000000
core   0: 0x800069d8 (0x83e9f413) andi    s0, s3, -1986
core   0: 3 0x800069d8 (0x83e9f413) x 8 0x8000e824
core   0: 0x800069dc (0x01afefb3) or      t6, t6, s10
core   0: 3 0x800069dc (0x01afefb3) x31 0x00009000
core   0: 0x800069e0 (0x036bf233) remu    tp, s7, s6
core   0: 3 0x800069e0 (0x036bf233) x 4 0x944c8700
core   0: 0x800069e4 (0x00000001) c.nop
core   0: 3 0x800069e4 (0x0001)
core   0: 0x800069e6 (0x776d3093) sltiu   ra, s10, 1910
core   0: 3 0x800069e6 (0x776d3093) x 1 0x00000000
core   0: 0x800069ea (0x41e45833) sra     a6, s0, t5
core   0: 3 0x800069ea (0x41e45833) x16 0x8000e824
core   0: 0x800069ee (0x037487b3) mul     a5, s1, s7
core   0: 3 0x800069ee (0x037487b3) x15 0x00000000
core   0: 0x800069f2 (0x02e87d33) remu    s10, a6, a4
core   0: 3 0x800069f2 (0x02e87d33) x26 0x8000e824
core   0: 0x800069f6 (0x00000001) c.nop
core   0: 3 0x800069f6 (0x0001)
core   0: 0x800069f8 (0x03623833) mulhu   a6, tp, s6
core   0: 3 0x800069f8 (0x03623833) x16 0x00000000
core   0: 0x800069fc (0x000081c1) c.srli  a1, 16
core   0: 3 0x800069fc (0x81c1) x11 0x00000000
core   0: 0x800069fe (0x033b81b3) mul     gp, s7, s3
core   0: 3 0x800069fe (0x033b81b3) x 3 0x1366bc00
core   0: 0x80006a02 (0x00000001) c.nop
core   0: 3 0x80006a02 (0x0001)
core   0: 0x80006a04 (0xe53ecfb7) lui     t6, 0xe53ec
core   0: 3 0x80006a04 (0xe53ecfb7) x31 0xe53ec000
core   0: 0x80006a08 (0x0265c033) div     zero, a1, t1
core   0: 3 0x80006a08 (0x0265c033)
core   0: 0x80006a0c (0x02702db3) mulhsu  s11, zero, t2
core   0: 3 0x80006a0c (0x02702db3) x27 0x00000000
core   0: 0x80006a10 (0x0023edb3) or      s11, t2, sp
core   0: 3 0x80006a10 (0x0023edb3) x27 0xab4d6ced
core   0: 0x80006a14 (0x237bb193) sltiu   gp, s7, 567
core   0: 3 0x80006a14 (0x237bb193) x 3 0x00000000
core   0: 0x80006a18 (0x00000001) c.nop
core   0: 3 0x80006a18 (0x0001)
core   0: 0x80006a1a (0x0000717d) c.addi16sp sp, -16
core   0: 3 0x80006a1a (0x717d) x 2 0xab4c5ffd
core   0: 0x80006a1c (0x020e5a33) divu    s4, t3, zero
core   0: 3 0x80006a1c (0x020e5a33) x20 0xffffffff
core   0: 0x80006a20 (0x025ff4b3) remu    s1, t6, t0
core   0: 3 0x80006a20 (0x025ff4b3) x 9 0xe53ec000
core   0: 0x80006a24 (0x006a5a93) srli    s5, s4, 6
core   0: 3 0x80006a24 (0x006a5a93) x21 0x03ffffff
core   0: 0x80006a28 (0x000082c5) c.srli  a3, 17
core   0: 3 0x80006a28 (0x82c5) x13 0x00007fff
core   0: 0x80006a2a (0x000082bd) c.srli  a3, 15
core   0: 3 0x80006a2a (0x82bd) x13 0x00000000
core   0: 0x80006a2c (0x00009d5e) c.add   s10, s7
core   0: 3 0x80006a2c (0x9d5e) x26 0x144d6f24
core   0: 0x80006a2e (0x02526fb3) rem     t6, tp, t0
core   0: 3 0x80006a2e (0x02526fb3) x31 0xfffffb84
core   0: 0x80006a32 (0x00000001) c.nop
core   0: 3 0x80006a32 (0x0001)
core   0: 0x80006a34 (0x00d0d693) srli    a3, ra, 13
core   0: 3 0x80006a34 (0x00d0d693) x13 0x00000000
core   0: 0x80006a38 (0x403d5a33) sra     s4, s10, gp
core   0: 3 0x80006a38 (0x403d5a33) x20 0x144d6f24
core   0: 0x80006a3c (0x46dca497) auipc   s1, 0x46dca
core   0: 3 0x80006a3c (0x46dca497) x 9 0xc6dd0a3c
core   0: 0x80006a40 (0xda726a93) ori     s5, tp, -601
core   0: 3 0x80006a40 (0xda726a93) x21 0xffffffa7
core   0: 0x80006a44 (0x00000f0e) c.slli  t5, 3
core   0: 3 0x80006a44 (0x0f0e) x30 0x00000000
core   0: 0x80006a46 (0x0047ad33) slt     s10, a5, tp
core   0: 3 0x80006a46 (0x0047ad33) x26 0x00000000
core   0: 0x80006a4a (0xf0bd4813) xori    a6, s10, -245
core   0: 3 0x80006a4a (0xf0bd4813) x16 0xffffff0b
core   0: 0x80006a4e (0x0000612d) c.addi16sp sp, 224
core   0: 3 0x80006a4e (0x612d) x 2 0xab4c60dd
core   0: 0x80006a50 (0x021bc233) div     tp, s7, ra
core   0: 3 0x80006a50 (0x021bc233) x 4 0xffffffff
core   0: 0x80006a54 (0x03ef7933) remu    s2, t5, t5
core   0: 3 0x80006a54 (0x03ef7933) x18 0x00000000
core   0: 0x80006a58 (0x00008f01) c.sub   a4, s0
core   0: 3 0x80006a58 (0x8f01) x14 0x7fff17dc
core   0: 0x80006a5a (0x038dbdb3) mulhu   s11, s11, s8
core   0: 3 0x80006a5a (0x038dbdb3) x27 0x00000000
core   0: 0x80006a5e (0x02be74b3) remu    s1, t3, a1
core   0: 3 0x80006a5e (0x02be74b3) x 9 0x00002000
core   0: 0x80006a62 (0x032e5533) divu    a0, t3, s2
core   0: 3 0x80006a62 (0x032e5533) x10 0xffffffff
core   0: 0x80006a66 (0x00395033) srl     zero, s2, gp
core   0: 3 0x80006a66 (0x00395033)
core   0: 0x80006a6a (0x16cd4f13) xori    t5, s10, 364
core   0: 3 0x80006a6a (0x16cd4f13) x30 0x0000016c
core   0: 0x80006a6e (0xced61537) lui     a0, 0xced61
core   0: 3 0x80006a6e (0xced61537) x10 0xced61000
core   0: 0x80006a72 (0x01998b33) add     s6, s3, s9
core   0: 3 0x80006a72 (0x01998b33) x22 0x8000ee64
core   0: 0x80006a76 (0x000080d6) c.mv    ra, s5
core   0: 3 0x80006a76 (0x80d6) x 1 0xffffffa7
core   0: 0x80006a78 (0x02a7b033) mulhu   zero, a5, a0
core   0: 3 0x80006a78 (0x02a7b033)
core   0: 0x80006a7c (0x00008f5d) c.or    a4, a5
core   0: 3 0x80006a7c (0x8f5d) x14 0x7fff17dc
core   0: 0x80006a7e (0x00008f19) c.sub   a4, a4
core   0: 3 0x80006a7e (0x8f19) x14 0x00000000
core   0: 0x80006a80 (0x759cc097) auipc   ra, 0x759cc
core   0: 3 0x80006a80 (0x759cc097) x 1 0xf59d2a80
core   0: 0x80006a84 (0x00008f6d) c.and   a4, a1
core   0: 3 0x80006a84 (0x8f6d) x14 0x00000000
core   0: 0x80006a86 (0xf777b513) sltiu   a0, a5, -137
core   0: 3 0x80006a86 (0xf777b513) x10 0x00000001
core   0: 0x80006a8a (0x03561ab3) mulh    s5, a2, s5
core   0: 3 0x80006a8a (0x03561ab3) x21 0x00000000
core   0: 0x80006a8e (0xc2b05417) auipc   s0, 0xc2b05
core   0: 3 0x80006a8e (0xc2b05417) x 8 0x42b0ba8e
core   0: 0x80006a92 (0x00000532) c.slli  a0, 12
core   0: 3 0x80006a92 (0x0532) x10 0x00001000
core   0: 0x80006a94 (0x0195da93) srli    s5, a1, 25
core   0: 3 0x80006a94 (0x0195da93) x21 0x00000000
core   0: 0x80006a98 (0x461a8713) addi    a4, s5, 1121
core   0: 3 0x80006a98 (0x461a8713) x14 0x00000461
core   0: 0x80006a9c (0x03f2cd33) div     s10, t0, t6
core   0: 3 0x80006a9c (0x03f2cd33) x26 0x00000001
core   0: 0x80006aa0 (0x00000001) c.nop
core   0: 3 0x80006aa0 (0x0001)
core   0: 0x80006aa2 (0x03815cb3) divu    s9, sp, s8
core   0: 3 0x80006aa2 (0x03815cb3) x25 0xffffffff
core   0: 0x80006aa6 (0x39fdaf97) auipc   t6, 0x39fda
core   0: 3 0x80006aa6 (0x39fdaf97) x31 0xb9fe0aa6
core   0: 0x80006aaa (0x00009bfd) c.andi  a5, -1
core   0: 3 0x80006aaa (0x9bfd) x15 0x00000000
core   0: 0x80006aac (0x038e5f33) divu    t5, t3, s8
core   0: 3 0x80006aac (0x038e5f33) x30 0xffffffff
core   0: 0x80006ab0 (0x01769493) slli    s1, a3, 23
core   0: 3 0x80006ab0 (0x01769493) x 9 0x00000000
core   0: 0x80006ab4 (0x00004225) c.li    tp, 9
core   0: 3 0x80006ab4 (0x4225) x 4 0x00000009
core   0: 0x80006ab6 (0x417382b3) sub     t0, t2, s7
core   0: 3 0x80006ab6 (0x417382b3) x 5 0xebb4a5e4
core   0: 0x80006aba (0x00008cd9) c.or    s1, a4
core   0: 3 0x80006aba (0x8cd9) x 9 0x00000461
core   0: 0x80006abc (0x005b3eb3) sltu    t4, s6, t0
core   0: 3 0x80006abc (0x005b3eb3) x29 0x00000001
core   0: 0x80006ac0 (0x00008751) c.srai  a4, 20
core   0: 3 0x80006ac0 (0x8751) x14 0x00000000
core   0: 0x80006ac2 (0x01115c93) srli    s9, sp, 17
core   0: 3 0x80006ac2 (0x01115c93) x25 0x000055a6
core   0: 0x80006ac6 (0x93dbee93) ori     t4, s7, -1731
core   0: 3 0x80006ac6 (0x93dbee93) x29 0xffffff3d
core   0: 0x80006aca (0x0073c133) xor     sp, t2, t2
core   0: 3 0x80006aca (0x0073c133) x 2 0x00000000
core   0: 0x80006ace (0x0109fe33) and     t3, s3, a6
core   0: 3 0x80006ace (0x0109fe33) x28 0x8000ee00
core   0: 0x80006ad2 (0x000092e2) c.add   t0, s8
core   0: 3 0x80006ad2 (0x92e2) x 5 0xebb4a5e4
core   0: 0x80006ad4 (0x84c57c93) andi    s9, a0, -1972
core   0: 3 0x80006ad4 (0x84c57c93) x25 0x00001000
core   0: 0x80006ad8 (0x0000137d) c.addi  t1, -1
core   0: 3 0x80006ad8 (0x137d) x 6 0x054139cb
core   0: 0x80006ada (0x01cf9233) sll     tp, t6, t3
core   0: 3 0x80006ada (0x01cf9233) x 4 0xb9fe0aa6
core   0: 0x80006ade (0x0394a033) mulhsu  zero, s1, s9
core   0: 3 0x80006ade (0x0394a033)
core   0: 0x80006ae2 (0x00008f2d) c.xor   a4, a1
core   0: 3 0x80006ae2 (0x8f2d) x14 0x00000000
core   0: 0x80006ae4 (0x02152db3) mulhsu  s11, a0, ra
core   0: 3 0x80006ae4 (0x02152db3) x27 0x00000f59
core   0: 0x80006ae8 (0x01c22c33) slt     s8, tp, t3
core   0: 3 0x80006ae8 (0x01c22c33) x24 0x00000000
core   0: 0x80006aec (0x013c9eb3) sll     t4, s9, s3
core   0: 3 0x80006aec (0x013c9eb3) x29 0x00010000
core   0: 0x80006af0 (0x00008f8d) c.sub   a5, a1
core   0: 3 0x80006af0 (0x8f8d) x15 0x00000000
core   0: 0x80006af2 (0x0015c533) xor     a0, a1, ra
core   0: 3 0x80006af2 (0x0015c533) x10 0xf59d2a80
core   0: 0x80006af6 (0x40bed0b3) sra     ra, t4, a1
core   0: 3 0x80006af6 (0x40bed0b3) x 1 0x00010000
core   0: 0x80006afa (0xe4172713) slti    a4, a4, -447
core   0: 3 0x80006afa (0xe4172713) x14 0x00000000
core   0: 0x80006afe (0x018fc6b3) xor     a3, t6, s8
core   0: 3 0x80006afe (0x018fc6b3) x13 0xb9fe0aa6
core   0: 0x80006b02 (0x00000d94) c.addi4spn a3, sp, 720
core   0: 3 0x80006b02 (0x0d94) x13 0x000002d0
core   0: 0x80006b04 (0x00009fd2) c.add   t6, s4
core   0: 3 0x80006b04 (0x9fd2) x31 0xce4b79ca
core   0: 0x80006b06 (0x00008d85) c.sub   a1, s1
core   0: 3 0x80006b06 (0x8d85) x11 0xfffffb9f
core   0: 0x80006b08 (0x0325c1b3) div     gp, a1, s2
core   0: 3 0x80006b08 (0x0325c1b3) x 3 0xffffffff
core   0: 0x80006b0c (0x9ad78793) addi    a5, a5, -1619
core   0: 3 0x80006b0c (0x9ad78793) x15 0xfffff9ad
core   0: 0x80006b10 (0x1d8ba513) slti    a0, s7, 472
core   0: 3 0x80006b10 (0x1d8ba513) x10 0x00000001
core   0: 0x80006b14 (0x000434b3) sltu    s1, s0, zero
core   0: 3 0x80006b14 (0x000434b3) x 9 0x00000000
core   0: 0x80006b18 (0x0000717d) c.addi16sp sp, -16
core   0: 3 0x80006b18 (0x717d) x 2 0xfffffff0
core   0: 0x80006b1a (0x00008c09) c.sub   s0, a0
core   0: 3 0x80006b1a (0x8c09) x 8 0x42b0ba8d
core   0: 0x80006b1c (0x000081ed) c.srli  a1, 27
core   0: 3 0x80006b1c (0x81ed) x11 0x0000001f
core   0: 0x80006b1e (0x9bb77a17) auipc   s4, 0x9bb77
core   0: 3 0x80006b1e (0x9bb77a17) x20 0x1bb7db1e
core   0: 0x80006b22 (0x418cd033) sra     zero, s9, s8
core   0: 3 0x80006b22 (0x418cd033)
core   0: 0x80006b26 (0x8f0021b7) lui     gp, 0x8f002
core   0: 3 0x80006b26 (0x8f0021b7) x 3 0x8f002000
core   0: 0x80006b2a (0x03624ab3) div     s5, tp, s6
core   0: 3 0x80006b2a (0x03624ab3) x21 0x00000000
core   0: 0x80006b2e (0x0213dbb3) divu    s7, t2, ra
core   0: 3 0x80006b2e (0x0213dbb3) x23 0x00008001
core   0: 0x80006b32 (0x00004221) c.li    tp, 8
core   0: 3 0x80006b32 (0x4221) x 4 0x00000008
core   0: 0x80006b34 (0x014dddb3) srl     s11, s11, s4
core   0: 3 0x80006b34 (0x014dddb3) x27 0x00000000
core   0: 0x80006b38 (0xf21ec113) xori    sp, t4, -223
core   0: 3 0x80006b38 (0xf21ec113) x 2 0xfffeff21
core   0: 0x80006b3c (0x03a170b3) remu    ra, sp, s10
core   0: 3 0x80006b3c (0x03a170b3) x 1 0x00000000
core   0: 0x80006b40 (0x00000001) c.nop
core   0: 3 0x80006b40 (0x0001)
core   0: 0x80006b42 (0x00006b15) c.lui   s6, 0x5
core   0: 3 0x80006b42 (0x6b15) x22 0x00005000
core   0: 0x80006b44 (0x000045ad) c.li    a1, 11
core   0: 3 0x80006b44 (0x45ad) x11 0x0000000b
core   0: 0x80006b46 (0x033ac1b3) div     gp, s5, s3
core   0: 3 0x80006b46 (0x033ac1b3) x 3 0x00000000
core   0: 0x80006b4a (0x00008f89) c.sub   a5, a0
core   0: 3 0x80006b4a (0x8f89) x15 0xfffff9ac
core   0: 0x80006b4c (0x0000137d) c.addi  t1, -1
core   0: 3 0x80006b4c (0x137d) x 6 0x054139ca
core   0: 0x80006b4e (0x007aaab3) slt     s5, s5, t2
core   0: 3 0x80006b4e (0x007aaab3) x21 0x00000000
core   0: 0x80006b52 (0xf8cef493) andi    s1, t4, -116
core   0: 3 0x80006b52 (0xf8cef493) x 9 0x00010000
core   0: 0x80006b56 (0x03de0033) mul     zero, t3, t4
core   0: 3 0x80006b56 (0x03de0033)
core   0: 0x80006b5a (0x01762d33) slt     s10, a2, s7
core   0: 3 0x80006b5a (0x01762d33) x26 0x00000001
core   0: 0x80006b5e (0x0000717d) c.addi16sp sp, -16
core   0: 3 0x80006b5e (0x717d) x 2 0xfffeff11
core   0: 0x80006b60 (0x03157db3) remu    s11, a0, a7
core   0: 3 0x80006b60 (0x03157db3) x27 0x00000001
core   0: 0x80006b64 (0x00008afd) c.andi  a3, 31
core   0: 3 0x80006b64 (0x8afd) x13 0x00000010
core   0: 0x80006b66 (0x00009086) c.add   ra, ra
core   0: 3 0x80006b66 (0x9086) x 1 0x00000000
core   0: 0x80006b68 (0x2cdf7f13) andi    t5, t5, 717
core   0: 3 0x80006b68 (0x2cdf7f13) x30 0x000002cd
core   0: 0x80006b6c (0xf8977693) andi    a3, a4, -119
core   0: 3 0x80006b6c (0xf8977693) x13 0x00000000
core   0: 0x80006b70 (0x00009b7d) c.andi  a4, -1
core   0: 3 0x80006b70 (0x9b7d) x14 0x00000000
core   0: 0x80006b72 (0x00008721) c.srai  a4, 8
core   0: 3 0x80006b72 (0x8721) x14 0x00000000
core   0: 0x80006b74 (0xb8c1b793) sltiu   a5, gp, -1140
core   0: 3 0x80006b74 (0xb8c1b793) x15 0x00000001
core   0: 0x80006b78 (0x35a26317) auipc   t1, 0x35a26
core   0: 3 0x80006b78 (0x35a26317) x 6 0xb5a2cb78
core   0: 0x80006b7c (0x01385bb3) srl     s7, a6, s3
core   0: 3 0x80006b7c (0x01385bb3) x23 0x0ffffff0
core   0: 0x80006b80 (0x03b06db3) rem     s11, zero, s11
core   0: 3 0x80006b80 (0x03b06db3) x27 0x00000000
core   0: 0x80006b84 (0x00008f09) c.sub   a4, a0
core   0: 3 0x80006b84 (0x8f09) x14 0xffffffff
core   0: 0x80006b86 (0x3377fc93) andi    s9, a5, 823
core   0: 3 0x80006b86 (0x3377fc93) x25 0x00000001
core   0: 0x80006b8a (0x000085c5) c.srai  a1, 17
core   0: 3 0x80006b8a (0x85c5) x11 0x00000000
core   0: 0x80006b8c (0x4028df13) srai    t5, a7, 2
core   0: 3 0x80006b8c (0x4028df13) x30 0x00004d7e
core   0: 0x80006b90 (0x011c5fb3) srl     t6, s8, a7
core   0: 3 0x80006b90 (0x011c5fb3) x31 0x00000000
core   0: 0x80006b94 (0x40c5bdb7) lui     s11, 0x40c5b
core   0: 3 0x80006b94 (0x40c5bdb7) x27 0x40c5b000
core   0: 0x80006b98 (0x015816b3) sll     a3, a6, s5
core   0: 3 0x80006b98 (0x015816b3) x13 0xffffff0b
core   0: 0x80006b9c (0x40565b93) srai    s7, a2, 5
core   0: 3 0x80006b9c (0x40565b93) x23 0x00000000
core   0: 0x80006ba0 (0x00008319) c.srli  a4, 6
core   0: 3 0x80006ba0 (0x8319) x14 0x03ffffff
core   0: 0x80006ba2 (0xe09aa713) slti    a4, s5, -503
core   0: 3 0x80006ba2 (0xe09aa713) x14 0x00000000
core   0: 0x80006ba6 (0x0000011a) c.slli  sp, 6
core   0: 3 0x80006ba6 (0x011a) x 2 0xffbfc440
core   0: 0x80006ba8 (0x00000001) c.nop
core   0: 3 0x80006ba8 (0x0001)
core   0: 0x80006baa (0x013e48b3) xor     a7, t3, s3
core   0: 3 0x80006baa (0x013e48b3) x17 0x00000064
core   0: 0x80006bae (0x000055fd) c.li    a1, -1
core   0: 3 0x80006bae (0x55fd) x11 0xffffffff
core   0: 0x80006bb0 (0x40e180b3) sub     ra, gp, a4
core   0: 3 0x80006bb0 (0x40e180b3) x 1 0x00000000
core   0: 0x80006bb4 (0x00006939) c.lui   s2, 0xe
core   0: 3 0x80006bb4 (0x6939) x18 0x0000e000
core   0: 0x80006bb6 (0x7e84bf13) sltiu   t5, s1, 2024
core   0: 3 0x80006bb6 (0x7e84bf13) x30 0x00000000
core   0: 0x80006bba (0x022f0b33) mul     s6, t5, sp
core   0: 3 0x80006bba (0x022f0b33) x22 0x00000000
core   0: 0x80006bbe (0x00008c99) c.sub   s1, a4
core   0: 3 0x80006bbe (0x8c99) x 9 0x00010000
core   0: 0x80006bc0 (0x68e3a213) slti    tp, t2, 1678
core   0: 3 0x80006bc0 (0x68e3a213) x 4 0x00000001
core   0: 0x80006bc4 (0x0108dc13) srli    s8, a7, 16
core   0: 3 0x80006bc4 (0x0108dc13) x24 0x00000000
core   0: 0x80006bc8 (0x003346b3) xor     a3, t1, gp
core   0: 3 0x80006bc8 (0x003346b3) x13 0xb5a2cb78
core   0: 0x80006bcc (0x00004281) c.li    t0, 0
core   0: 3 0x80006bcc (0x4281) x 5 0x00000000
core   0: 0x80006bce (0x80000a37) lui     s4, 0x80000
core   0: 3 0x80006bce (0x80000a37) x20 0x80000000
core   0: 0x80006bd2 (0x80000737) lui     a4, 0x80000
core   0: 3 0x80006bd2 (0x80000737) x14 0x80000000
core   0: 0x80006bd6 (0xfff00b13) li      s6, -1
core   0: 3 0x80006bd6 (0xfff00b13) x22 0xffffffff
core   0: 0x80006bda (0x80000db7) lui     s11, 0x80000
core   0: 3 0x80006bda (0x80000db7) x27 0x80000000
core   0: 0x80006bde (0x800006b7) lui     a3, 0x80000
core   0: 3 0x80006bde (0x800006b7) x13 0x80000000
core   0: 0x80006be2 (0xfff00f13) li      t5, -1
core   0: 3 0x80006be2 (0xfff00f13) x30 0xffffffff
core   0: 0x80006be6 (0xfff00413) li      s0, -1
core   0: 3 0x80006be6 (0xfff00413) x 8 0xffffffff
core   0: 0x80006bea (0xfff00893) li      a7, -1
core   0: 3 0x80006bea (0xfff00893) x17 0xffffffff
core   0: 0x80006bee (0x4dfd5bb7) lui     s7, 0x4dfd5
core   0: 3 0x80006bee (0x4dfd5bb7) x23 0x4dfd5000
core   0: 0x80006bf2 (0x90eb8b93) addi    s7, s7, -1778
core   0: 3 0x80006bf2 (0x90eb8b93) x23 0x4dfd490e
core   0: 0x80006bf6 (0x034dcdb3) div     s11, s11, s4
core   0: 3 0x80006bf6 (0x034dcdb3) x27 0x00000001
core   0: 0x80006bfa (0x075be417) auipc   s0, 0x75be
core   0: 3 0x80006bfa (0x075be417) x 8 0x875c4bfa
core   0: 0x80006bfe (0x1abfcb97) auipc   s7, 0x1abfc
core   0: 3 0x80006bfe (0x1abfcb97) x23 0x9ac02bfe
core   0: 0x80006c02 (0x4dddb437) lui     s0, 0x4dddb
core   0: 3 0x80006c02 (0x4dddb437) x 8 0x4dddb000
core   0: 0x80006c06 (0x03645db3) divu    s11, s0, s6
core   0: 3 0x80006c06 (0x03645db3) x27 0x00000000
core   0: 0x80006c0a (0x02e446b3) div     a3, s0, a4
core   0: 3 0x80006c0a (0x02e446b3) x13 0x00000000
core   0: 0x80006c0e (0x75b2cf17) auipc   t5, 0x75b2c
core   0: 3 0x80006c0e (0x75b2cf17) x30 0xf5b32c0e
core   0: 0x80006c12 (0x03e472b3) remu    t0, s0, t5
core   0: 3 0x80006c12 (0x03e472b3) x 5 0x4dddb000
core   0: 0x80006c16 (0x41488db3) sub     s11, a7, s4
core   0: 3 0x80006c16 (0x41488db3) x27 0x7fffffff
core   0: 0x80006c1a (0x00ed8bb3) add     s7, s11, a4
core   0: 3 0x80006c1a (0x00ed8bb3) x23 0xffffffff
core   0: 0x80006c1e (0x7cc5fd97) auipc   s11, 0x7cc5f
core   0: 3 0x80006c1e (0x7cc5fd97) x27 0xfcc65c1e
core   0: 0x80006c22 (0x02edebb3) rem     s7, s11, a4
core   0: 3 0x80006c22 (0x02edebb3) x23 0xfcc65c1e
core   0: 0x80006c26 (0x2006fd97) auipc   s11, 0x2006f
core   0: 3 0x80006c26 (0x2006fd97) x27 0xa0075c26
core   0: 0x80006c2a (0x02529bb3) mulh    s7, t0, t0
core   0: 3 0x80006c2a (0x02529bb3) x23 0x17af1bd9
core   0: 0x80006c2e (0x036ddb33) divu    s6, s11, s6
core   0: 3 0x80006c2e (0x036ddb33) x22 0x00000000
core   0: 0x80006c32 (0x01e682b3) add     t0, a3, t5
core   0: 3 0x80006c32 (0x01e682b3) x 5 0xf5b32c0e
core   0: 0x80006c36 (0xc94d2db7) lui     s11, 0xc94d2
core   0: 3 0x80006c36 (0xc94d2db7) x27 0xc94d2000
core   0: 0x80006c3a (0x41140db3) sub     s11, s0, a7
core   0: 3 0x80006c3a (0x41140db3) x27 0x4dddb001
core   0: 0x80006c3e (0x14af0893) addi    a7, t5, 330
core   0: 3 0x80006c3e (0x14af0893) x17 0xf5b32d58
core   0: 0x80006c42 (0xe0f8eb37) lui     s6, 0xe0f8e
core   0: 3 0x80006c42 (0xe0f8eb37) x22 0xe0f8e000
core   0: 0x80006c46 (0x03142a33) mulhsu  s4, s0, a7
core   0: 3 0x80006c46 (0x03142a33) x20 0x4abba93c
core   0: 0x80006c4a (0x028bb2b3) mulhu   t0, s7, s0
core   0: 3 0x80006c4a (0x028bb2b3) x 5 0x07342dd3
core   0: 0x80006c4e (0xfe5606b7) lui     a3, 0xfe560
core   0: 3 0x80006c4e (0xfe5606b7) x13 0xfe560000
core   0: 0x80006c52 (0x036b36b3) mulhu   a3, s6, s6
core   0: 3 0x80006c52 (0x036b36b3) x13 0xc5b479f2
core   0: 0x80006c56 (0x002fd233) srl     tp, t6, sp
core   0: 3 0x80006c56 (0x002fd233) x 4 0x00000000
core   0: 0x80006c5a (0xa1867d97) auipc   s11, 0xa1867
core   0: 3 0x80006c5a (0xa1867d97) x27 0x2186dc5a
core   0: 0x80006c5e (0x02020d33) mul     s10, tp, zero
core   0: 3 0x80006c5e (0x02020d33) x26 0x00000000
core   0: 0x80006c62 (0x00008121) c.srli  a0, 8
core   0: 3 0x80006c62 (0x8121) x10 0x00000000
core   0: 0x80006c64 (0x9a6b4293) xori    t0, s6, -1626
core   0: 3 0x80006c64 (0x9a6b4293) x 5 0x1f0719a6
core   0: 0x80006c68 (0x010d1e33) sll     t3, s10, a6
core   0: 3 0x80006c68 (0x010d1e33) x28 0x00000000
core   0: 0x80006c6c (0x405e5293) srai    t0, t3, 5
core   0: 3 0x80006c6c (0x405e5293) x 5 0x00000000
core   0: 0x80006c70 (0x00000001) c.nop
core   0: 3 0x80006c70 (0x0001)
core   0: 0x80006c72 (0x00000fb6) c.slli  t6, 13
core   0: 3 0x80006c72 (0x0fb6) x31 0x00000000
core   0: 0x80006c74 (0x0000028a) c.slli  t0, 2
core   0: 3 0x80006c74 (0x028a) x 5 0x00000000
core   0: 0x80006c76 (0x031a0f33) mul     t5, s4, a7
core   0: 3 0x80006c76 (0x031a0f33) x30 0x6e35b8a0
core   0: 0x80006c7a (0x01bdcf33) xor     t5, s11, s11
core   0: 3 0x80006c7a (0x01bdcf33) x30 0x00000000
core   0: 0x80006c7e (0x00008ea5) c.xor   a3, s1
core   0: 3 0x80006c7e (0x8ea5) x13 0xc5b579f2
core   0: 0x80006c80 (0x00000f21) c.addi  t5, 8
core   0: 3 0x80006c80 (0x0f21) x30 0x00000008
core   0: 0x80006c82 (0x000087cd) c.srai  a5, 19
core   0: 3 0x80006c82 (0x87cd) x15 0x00000000
core   0: 0x80006c84 (0x9f2ac113) xori    sp, s5, -1550
core   0: 3 0x80006c84 (0x9f2ac113) x 2 0xfffff9f2
core   0: 0x80006c88 (0x00008da9) c.xor   a1, a0
core   0: 3 0x80006c88 (0x8da9) x11 0xffffffff
core   0: 0x80006c8a (0x0071a933) slt     s2, gp, t2
core   0: 3 0x80006c8a (0x0071a933) x18 0x00000000
core   0: 0x80006c8e (0x405cdd93) srai    s11, s9, 5
core   0: 3 0x80006c8e (0x405cdd93) x27 0x00000000
core   0: 0x80006c92 (0x403887b3) sub     a5, a7, gp
core   0: 3 0x80006c92 (0x403887b3) x15 0xf5b32d58
core   0: 0x80006c96 (0x03db2cb3) mulhsu  s9, s6, t4
core   0: 3 0x80006c96 (0x03db2cb3) x25 0xffffe0f8
core   0: 0x80006c9a (0x3046fa93) andi    s5, a3, 772
core   0: 3 0x80006c9a (0x3046fa93) x21 0x00000100
core   0: 0x80006c9e (0x00004405) c.li    s0, 1
core   0: 3 0x80006c9e (0x4405) x 8 0x00000001
core   0: 0x80006ca0 (0x41bbdbb3) sra     s7, s7, s11
core   0: 3 0x80006ca0 (0x41bbdbb3) x23 0x17af1bd9
core   0: 0x80006ca4 (0x01013c33) sltu    s8, sp, a6
core   0: 3 0x80006ca4 (0x01013c33) x24 0x00000001
core   0: 0x80006ca8 (0x02b2df33) divu    t5, t0, a1
core   0: 3 0x80006ca8 (0x02b2df33) x30 0x00000000
core   0: 0x80006cac (0x35363037) lui     zero, 0x35363
core   0: 3 0x80006cac (0x35363037)
core   0: 0x80006cb0 (0x01bc27b3) slt     a5, s8, s11
core   0: 3 0x80006cb0 (0x01bc27b3) x15 0x00000000
core   0: 0x80006cb4 (0x030b16b3) mulh    a3, s6, a6
core   0: 3 0x80006cb4 (0x030b16b3) x13 0x0000001d
core   0: 0x80006cb8 (0x036bc133) div     sp, s7, s6
core   0: 3 0x80006cb8 (0x036bc133) x 2 0x00000000
core   0: 0x80006cbc (0x40db5813) srai    a6, s6, 13
core   0: 3 0x80006cbc (0x40db5813) x16 0xffff07c7
core   0: 0x80006cc0 (0x0ffee913) ori     s2, t4, 255
core   0: 3 0x80006cc0 (0x0ffee913) x18 0x000100ff
core   0: 0x80006cc4 (0x01ea5813) srli    a6, s4, 30
core   0: 3 0x80006cc4 (0x01ea5813) x16 0x00000001
core   0: 0x80006cc8 (0x000018fd) c.addi  a7, -1
core   0: 3 0x80006cc8 (0x18fd) x17 0xf5b32d57
core   0: 0x80006cca (0x000068ed) c.lui   a7, 0x1b
core   0: 3 0x80006cca (0x68ed) x17 0x0001b000
core   0: 0x80006ccc (0x023cb6b3) mulhu   a3, s9, gp
core   0: 3 0x80006ccc (0x023cb6b3) x13 0x00000000
core   0: 0x80006cd0 (0x014c08b3) add     a7, s8, s4
core   0: 3 0x80006cd0 (0x014c08b3) x17 0x4abba93d
core   0: 0x80006cd4 (0x000086b5) c.srai  a3, 13
core   0: 3 0x80006cd4 (0x86b5) x13 0x00000000
core   0: 0x80006cd6 (0x011a3e33) sltu    t3, s4, a7
core   0: 3 0x80006cd6 (0x011a3e33) x28 0x00000001
core   0: 0x80006cda (0xc87de693) ori     a3, s11, -889
core   0: 3 0x80006cda (0xc87de693) x13 0xfffffc87
core   0: 0x80006cde (0x03ff7ab3) remu    s5, t5, t6
core   0: 3 0x80006cde (0x03ff7ab3) x21 0x00000000
core   0: 0x80006ce2 (0x00000001) c.nop
core   0: 3 0x80006ce2 (0x0001)
core   0: 0x80006ce4 (0x4ca8c793) xori    a5, a7, 1226
core   0: 3 0x80006ce4 (0x4ca8c793) x15 0x4abbadf7
core   0: 0x80006ce8 (0x00009506) c.add   a0, ra
core   0: 3 0x80006ce8 (0x9506) x10 0x00000000
core   0: 0x80006cea (0x00000001) c.nop
core   0: 3 0x80006cea (0x0001)
core   0: 0x80006cec (0x00000001) c.nop
core   0: 3 0x80006cec (0x0001)
core   0: 0x80006cee (0x00006429) c.lui   s0, 0xa
core   0: 3 0x80006cee (0x6429) x 8 0x0000a000
core   0: 0x80006cf0 (0x40b4d593) srai    a1, s1, 11
core   0: 3 0x80006cf0 (0x40b4d593) x11 0x00000020
core   0: 0x80006cf4 (0x01960233) add     tp, a2, s9
core   0: 3 0x80006cf4 (0x01960233) x 4 0xffffe0f8
core   0: 0x80006cf8 (0x01ca6933) or      s2, s4, t3
core   0: 3 0x80006cf8 (0x01ca6933) x18 0x4abba93d
core   0: 0x80006cfc (0x0cb06b13) ori     s6, zero, 203
core   0: 3 0x80006cfc (0x0cb06b13) x22 0x000000cb
core   0: 0x80006d00 (0x00000b0c) c.addi4spn a1, sp, 400
core   0: 3 0x80006d00 (0x0b0c) x11 0x00000190
core   0: 0x80006d02 (0x03113eb3) mulhu   t4, sp, a7
core   0: 3 0x80006d02 (0x03113eb3) x29 0x00000000
core   0: 0x80006d06 (0x00008e52) c.mv    t3, s4
core   0: 3 0x80006d06 (0x8e52) x28 0x4abba93c
core   0: 0x80006d08 (0x000080c1) c.srli  s1, 16
core   0: 3 0x80006d08 (0x80c1) x 9 0x00000001
core   0: 0x80006d0a (0x417ed013) srai    zero, t4, 23
core   0: 3 0x80006d0a (0x417ed013)
core   0: 0x80006d0e (0x88c0c097) auipc   ra, 0x88c0c
core   0: 3 0x80006d0e (0x88c0c097) x 1 0x08c12d0e
core   0: 0x80006d12 (0x037827b3) mulhsu  a5, a6, s7
core   0: 3 0x80006d12 (0x037827b3) x15 0x00000000
core   0: 0x80006d16 (0x00008fe5) c.and   a5, s1
core   0: 3 0x80006d16 (0x8fe5) x15 0x00000000
core   0: 0x80006d18 (0x0083cf33) xor     t5, t2, s0
core   0: 3 0x80006d18 (0x0083cf33) x30 0x80018ce4
core   0: 0x80006d1c (0x031f32b3) mulhu   t0, t5, a7
core   0: 3 0x80006d1c (0x031f32b3) x 5 0x255e487b
core   0: 0x80006d20 (0x000080f5) c.srli  s1, 29
core   0: 3 0x80006d20 (0x80f5) x 9 0x00000000
core   0: 0x80006d22 (0x00000f1e) c.slli  t5, 7
core   0: 3 0x80006d22 (0x0f1e) x30 0x00c67200
core   0: 0x80006d24 (0xaf145717) auipc   a4, 0xaf145
core   0: 3 0x80006d24 (0xaf145717) x14 0x2f14bd24
core   0: 0x80006d28 (0x0382a533) mulhsu  a0, t0, s8
core   0: 3 0x80006d28 (0x0382a533) x10 0x00000000
core   0: 0x80006d2c (0x01952733) slt     a4, a0, s9
core   0: 3 0x80006d2c (0x01952733) x14 0x00000000
core   0: 0x80006d30 (0x02b2ca33) div     s4, t0, a1
core   0: 3 0x80006d30 (0x02b2ca33) x20 0x0017ea6b
core   0: 0x80006d34 (0x01fd5e13) srli    t3, s10, 31
core   0: 3 0x80006d34 (0x01fd5e13) x28 0x00000000
core   0: 0x80006d38 (0x000085bd) c.srai  a1, 15
core   0: 3 0x80006d38 (0x85bd) x11 0x00000000
core   0: 0x80006d3a (0x00245f33) srl     t5, s0, sp
core   0: 3 0x80006d3a (0x00245f33) x30 0x0000a000
core   0: 0x80006d3e (0x00001d14) c.addi4spn a3, sp, 688
core   0: 3 0x80006d3e (0x1d14) x13 0x000002b0
core   0: 0x80006d40 (0x00000222) c.slli  tp, 8
core   0: 3 0x80006d40 (0x0222) x 4 0xffe0f800
core   0: 0x80006d42 (0x00000e0a) c.slli  t3, 2
core   0: 3 0x80006d42 (0x0e0a) x28 0x00000000
core   0: 0x80006d44 (0x00cbf5b3) and     a1, s7, a2
core   0: 3 0x80006d44 (0x00cbf5b3) x11 0x00000000
core   0: 0x80006d48 (0x01e066b3) or      a3, zero, t5
core   0: 3 0x80006d48 (0x01e066b3) x13 0x0000a000
core   0: 0x80006d4c (0x0232d433) divu    s0, t0, gp
core   0: 3 0x80006d4c (0x0232d433) x 8 0xffffffff
core   0: 0x80006d50 (0x03b14933) div     s2, sp, s11
core   0: 3 0x80006d50 (0x03b14933) x18 0xffffffff
core   0: 0x80006d54 (0x0177a6b3) slt     a3, a5, s7
core   0: 3 0x80006d54 (0x0177a6b3) x13 0x00000001
core   0: 0x80006d58 (0x029405b3) mul     a1, s0, s1
core   0: 3 0x80006d58 (0x029405b3) x11 0x00000000
core   0: 0x80006d5c (0x00009afd) c.andi  a3, -1
core   0: 3 0x80006d5c (0x9afd) x13 0x00000001
core   0: 0x80006d5e (0xcb5dfe93) andi    t4, s11, -843
core   0: 3 0x80006d5e (0xcb5dfe93) x29 0x00000000
core   0: 0x80006d62 (0x41295d93) srai    s11, s2, 18
core   0: 3 0x80006d62 (0x41295d93) x27 0xffffffff
core   0: 0x80006d66 (0x00001e9c) c.addi4spn a5, sp, 880
core   0: 3 0x80006d66 (0x1e9c) x15 0x00000370
core   0: 0x80006d68 (0x4747f913) andi    s2, a5, 1140
core   0: 3 0x80006d68 (0x4747f913) x18 0x00000070
core   0: 0x80006d6c (0x00c24733) xor     a4, tp, a2
core   0: 3 0x80006d6c (0x00c24733) x14 0xffe0f800
core   0: 0x80006d70 (0x00006155) c.addi16sp sp, 304
core   0: 3 0x80006d70 (0x6155) x 2 0x00000130
core   0: 0x80006d72 (0x019f16b3) sll     a3, t5, s9
core   0: 3 0x80006d72 (0x019f16b3) x13 0x00000000
core   0: 0x80006d76 (0x6ef1c693) xori    a3, gp, 1775
core   0: 3 0x80006d76 (0x6ef1c693) x13 0x000006ef
core   0: 0x80006d7a (0x00a521b3) slt     gp, a0, a0
core   0: 3 0x80006d7a (0x00a521b3) x 3 0x00000000
core   0: 0x80006d7e (0x708fae13) slti    t3, t6, 1800
core   0: 3 0x80006d7e (0x708fae13) x28 0x00000001
core   0: 0x80006d82 (0xa24a0693) addi    a3, s4, -1500
core   0: 3 0x80006d82 (0xa24a0693) x13 0x0017e48f
core   0: 0x80006d86 (0x032aaa33) mulhsu  s4, s5, s2
core   0: 3 0x80006d86 (0x032aaa33) x20 0x00000000
core   0: 0x80006d8a (0x00000175) c.addi  sp, 29
core   0: 3 0x80006d8a (0x0175) x 2 0x0000014d
core   0: 0x80006d8c (0x40a73b97) auipc   s7, 0x40a73
core   0: 3 0x80006d8c (0x40a73b97) x23 0xc0a79d8c
core   0: 0x80006d90 (0x0306dc33) divu    s8, a3, a6
core   0: 3 0x80006d90 (0x0306dc33) x24 0x0017e48f
core   0: 0x80006d94 (0x020570b3) remu    ra, a0, zero
core   0: 3 0x80006d94 (0x020570b3) x 1 0x00000000
core   0: 0x80006d98 (0x00006125) c.addi16sp sp, 96
core   0: 3 0x80006d98 (0x6125) x 2 0x000001ad
core   0: 0x80006d9a (0x00006165) c.addi16sp sp, 112
core   0: 3 0x80006d9a (0x6165) x 2 0x0000021d
core   0: 0x80006d9c (0x00004961) c.li    s2, 24
core   0: 3 0x80006d9c (0x4961) x18 0x00000018
core   0: 0x80006d9e (0x79f32313) slti    t1, t1, 1951
core   0: 3 0x80006d9e (0x79f32313) x 6 0x00000001
core   0: 0x80006da2 (0x02ec6433) rem     s0, s8, a4
core   0: 3 0x80006da2 (0x02ec6433) x 8 0x0017e48f
core   0: 0x80006da6 (0x01a7f933) and     s2, a5, s10
core   0: 3 0x80006da6 (0x01a7f933) x18 0x00000000
core   0: 0x80006daa (0x408c58b3) sra     a7, s8, s0
core   0: 3 0x80006daa (0x408c58b3) x17 0x0000002f
core   0: 0x80006dae (0x0162e533) or      a0, t0, s6
core   0: 3 0x80006dae (0x0162e533) x10 0x255e48fb
core   0: 0x80006db2 (0x8f5172b7) lui     t0, 0x8f517
core   0: 3 0x80006db2 (0x8f5172b7) x 5 0x8f517000
core   0: 0x80006db6 (0xc910ef93) ori     t6, ra, -879
core   0: 3 0x80006db6 (0xc910ef93) x31 0xfffffc91
core   0: 0x80006dba (0x007b4e33) xor     t3, s6, t2
core   0: 3 0x80006dba (0x007b4e33) x28 0x80012c2f
core   0: 0x80006dbe (0x0000978a) c.add   a5, sp
core   0: 3 0x80006dbe (0x978a) x15 0x0000058d
core   0: 0x80006dc0 (0x00008f8d) c.sub   a5, a1
core   0: 3 0x80006dc0 (0x8f8d) x15 0x0000058d
core   0: 0x80006dc2 (0x03794b33) div     s6, s2, s7
core   0: 3 0x80006dc2 (0x03794b33) x22 0x00000000
core   0: 0x80006dc6 (0x00008146) c.mv    sp, a7
core   0: 3 0x80006dc6 (0x8146) x 2 0x0000002f
core   0: 0x80006dc8 (0x01b030b3) snez    ra, s11
core   0: 3 0x80006dc8 (0x01b030b3) x 1 0x00000001
core   0: 0x80006dcc (0x00238d33) add     s10, t2, sp
core   0: 3 0x80006dcc (0x00238d33) x26 0x80012d13
core   0: 0x80006dd0 (0x00f0ad33) slt     s10, ra, a5
core   0: 3 0x80006dd0 (0x00f0ad33) x26 0x00000001
core   0: 0x80006dd4 (0x00000001) c.nop
core   0: 3 0x80006dd4 (0x0001)
core   0: 0x80006dd6 (0x026f0733) mul     a4, t5, t1
core   0: 3 0x80006dd6 (0x026f0733) x14 0x0000a000
core   0: 0x80006dda (0x00009bfd) c.andi  a5, -1
core   0: 3 0x80006dda (0x9bfd) x15 0x0000058d
core   0: 0x80006ddc (0x01424233) xor     tp, tp, s4
core   0: 3 0x80006ddc (0x01424233) x 4 0xffe0f800
core   0: 0x80006de0 (0x41e4d913) srai    s2, s1, 30
core   0: 3 0x80006de0 (0x41e4d913) x18 0x00000000
core   0: 0x80006de4 (0x02ef85b3) mul     a1, t6, a4
core   0: 3 0x80006de4 (0x02ef85b3) x11 0xfddaa000
core   0: 0x80006de8 (0x00008d6d) c.and   a0, a1
core   0: 3 0x80006de8 (0x8d6d) x10 0x255a0000
core   0: 0x80006dea (0x00004225) c.li    tp, 9
core   0: 3 0x80006dea (0x4225) x 4 0x00000009
core   0: 0x80006dec (0x00000001) c.nop
core   0: 3 0x80006dec (0x0001)
core   0: 0x80006dee (0x00175a13) srli    s4, a4, 1
core   0: 3 0x80006dee (0x00175a13) x20 0x00005000
core   0: 0x80006df2 (0x000048a1) c.li    a7, 8
core   0: 3 0x80006df2 (0x48a1) x17 0x00000008
core   0: 0x80006df4 (0x000086dd) c.srai  a3, 23
core   0: 3 0x80006df4 (0x86dd) x13 0x00000000
core   0: 0x80006df6 (0x0000688d) c.lui   a7, 0x3
core   0: 3 0x80006df6 (0x688d) x17 0x00003000
core   0: 0x80006df8 (0x01f105b3) add     a1, sp, t6
core   0: 3 0x80006df8 (0x01f105b3) x11 0xfffffcc0
core   0: 0x80006dfc (0xa3e1cf93) xori    t6, gp, -1474
core   0: 3 0x80006dfc (0xa3e1cf93) x31 0xfffffa3e
core   0: 0x80006e00 (0xaf5db197) auipc   gp, 0xaf5db
core   0: 3 0x80006e00 (0xaf5db197) x 3 0x2f5e1e00
core   0: 0x80006e04 (0x02341c33) mulh    s8, s0, gp
core   0: 3 0x80006e04 (0x02341c33) x24 0x00046bbe
core   0: 0x80006e08 (0x03829033) mulh    zero, t0, s8
core   0: 3 0x80006e08 (0x03829033)
core   0: 0x80006e0c (0x000004be) c.slli  s1, 15
core   0: 3 0x80006e0c (0x04be) x 9 0x00000000
core   0: 0x80006e0e (0x001e8733) add     a4, t4, ra
core   0: 3 0x80006e0e (0x001e8733) x14 0x00000001
core   0: 0x80006e12 (0xc1a10093) addi    ra, sp, -998
core   0: 3 0x80006e12 (0xc1a10093) x 1 0xfffffc49
core   0: 0x80006e16 (0x00008f65) c.and   a4, s1
core   0: 3 0x80006e16 (0x8f65) x14 0x00000000
core   0: 0x80006e18 (0x0000695d) c.lui   s2, 0x17
core   0: 3 0x80006e18 (0x695d) x18 0x00017000
core   0: 0x80006e1a (0x038af333) remu    t1, s5, s8
core   0: 3 0x80006e1a (0x038af333) x 6 0x00000000
core   0: 0x80006e1e (0x40da5113) srai    sp, s4, 13
core   0: 3 0x80006e1e (0x40da5113) x 2 0x00000002
core   0: 0x80006e22 (0x01414233) xor     tp, sp, s4
core   0: 3 0x80006e22 (0x01414233) x 4 0x00005002
core   0: 0x80006e26 (0x00008c85) c.sub   s1, s1
core   0: 3 0x80006e26 (0x8c85) x 9 0x00000000
core   0: 0x80006e28 (0x00006315) c.lui   t1, 0x5
core   0: 3 0x80006e28 (0x6315) x 6 0x00005000
core   0: 0x80006e2a (0x00000001) c.nop
core   0: 3 0x80006e2a (0x0001)
core   0: 0x80006e2c (0x00006bc5) c.lui   s7, 0x11
core   0: 3 0x80006e2c (0x6bc5) x23 0x00011000
core   0: 0x80006e2e (0x00000b8c) c.addi4spn a1, sp, 464
core   0: 3 0x80006e2e (0x0b8c) x11 0x000001d2
core   0: 0x80006e30 (0x00000e9c) c.addi4spn a5, sp, 848
core   0: 3 0x80006e30 (0x0e9c) x15 0x00000352
core   0: 0x80006e32 (0x006406b3) add     a3, s0, t1
core   0: 3 0x80006e32 (0x006406b3) x13 0x0018348f
core   0: 0x80006e36 (0x018bd093) srli    ra, s7, 24
core   0: 3 0x80006e36 (0x018bd093) x 1 0x00000000
core   0: 0x80006e3a (0x1499f293) andi    t0, s3, 329
core   0: 3 0x80006e3a (0x1499f293) x 5 0x00000040
core   0: 0x80006e3e (0x02b4f133) remu    sp, s1, a1
core   0: 3 0x80006e3e (0x02b4f133) x 2 0x00000000
core   0: 0x80006e42 (0x0056efb3) or      t6, a3, t0
core   0: 3 0x80006e42 (0x0056efb3) x31 0x001834cf
core   0: 0x80006e46 (0x00008d71) c.and   a0, a2
core   0: 3 0x80006e46 (0x8d71) x10 0x00000000
core   0: 0x80006e48 (0x00008f41) c.or    a4, s0
core   0: 3 0x80006e48 (0x8f41) x14 0x0017e48f
core   0: 0x80006e4a (0x40f7de93) srai    t4, a5, 15
core   0: 3 0x80006e4a (0x40f7de93) x29 0x00000000
core   0: 0x80006e4e (0x00000001) c.nop
core   0: 3 0x80006e4e (0x0001)
core   0: 0x80006e50 (0x00008f75) c.and   a4, a3
core   0: 3 0x80006e50 (0x8f75) x14 0x0010248f
core   0: 0x80006e52 (0x00000001) c.nop
core   0: 3 0x80006e52 (0x0001)
core   0: 0x80006e54 (0x4117d713) srai    a4, a5, 17
core   0: 3 0x80006e54 (0x4117d713) x14 0x00000000
core   0: 0x80006e58 (0xdf402913) slti    s2, zero, -524
core   0: 3 0x80006e58 (0xdf402913) x18 0x00000000
core   0: 0x80006e5c (0x00001614) c.addi4spn a3, sp, 800
core   0: 3 0x80006e5c (0x1614) x13 0x00000320
core   0: 0x80006e5e (0x03dfdd33) divu    s10, t6, t4
core   0: 3 0x80006e5e (0x03dfdd33) x26 0xffffffff
core   0: 0x80006e62 (0x00008d11) c.sub   a0, a2
core   0: 3 0x80006e62 (0x8d11) x10 0x00000000
core   0: 0x80006e64 (0x0087de13) srli    t3, a5, 8
core   0: 3 0x80006e64 (0x0087de13) x28 0x00000003
core   0: 0x80006e68 (0x00ce1db3) sll     s11, t3, a2
core   0: 3 0x80006e68 (0x00ce1db3) x27 0x00000003
core   0: 0x80006e6c (0x40f6de33) sra     t3, a3, a5
core   0: 3 0x80006e6c (0x40f6de33) x28 0x00000000
core   0: 0x80006e70 (0x0000597d) c.li    s2, -1
core   0: 3 0x80006e70 (0x597d) x18 0xffffffff
core   0: 0x80006e72 (0x02f982b3) mul     t0, s3, a5
core   0: 3 0x80006e72 (0x02f982b3) x 5 0x03178808
core   0: 0x80006e76 (0x80000cb7) lui     s9, 0x80000
core   0: 3 0x80006e76 (0x80000cb7) x25 0x80000000
core   0: 0x80006e7a (0x80000237) lui     tp, 0x80000
core   0: 3 0x80006e7a (0x80000237) x 4 0x80000000
core   0: 0x80006e7e (0x800000b7) lui     ra, 0x80000
core   0: 3 0x80006e7e (0x800000b7) x 1 0x80000000
core   0: 0x80006e82 (0x2a6045b7) lui     a1, 0x2a604
core   0: 3 0x80006e82 (0x2a6045b7) x11 0x2a604000
core   0: 0x80006e86 (0x13d58593) addi    a1, a1, 317
core   0: 3 0x80006e86 (0x13d58593) x11 0x2a60413d
core   0: 0x80006e8a (0x80000a37) lui     s4, 0x80000
core   0: 3 0x80006e8a (0x80000a37) x20 0x80000000
core   0: 0x80006e8e (0x80000b37) lui     s6, 0x80000
core   0: 3 0x80006e8e (0x80000b37) x22 0x80000000
core   0: 0x80006e92 (0x80000eb7) lui     t4, 0x80000
core   0: 3 0x80006e92 (0x80000eb7) x29 0x80000000
core   0: 0x80006e96 (0x80000fb7) lui     t6, 0x80000
core   0: 3 0x80006e96 (0x80000fb7) x31 0x80000000
core   0: 0x80006e9a (0x6de8e137) lui     sp, 0x6de8e
core   0: 3 0x80006e9a (0x6de8e137) x 2 0x6de8e000
core   0: 0x80006e9e (0x24a10113) addi    sp, sp, 586
core   0: 3 0x80006e9e (0x24a10113) x 2 0x6de8e24a
core   0: 0x80006ea2 (0x80f5d837) lui     a6, 0x80f5d
core   0: 3 0x80006ea2 (0x80f5d837) x16 0x80f5d000
core   0: 0x80006ea6 (0x91580813) addi    a6, a6, -1771
core   0: 3 0x80006ea6 (0x91580813) x16 0x80f5c915
core   0: 0x80006eaa (0x034a25b3) mulhsu  a1, s4, s4
core   0: 3 0x80006eaa (0x034a25b3) x11 0xc0000000
core   0: 0x80006eae (0x02427b33) remu    s6, tp, tp
core   0: 3 0x80006eae (0x02427b33) x22 0x00000000
core   0: 0x80006eb2 (0x8b357137) lui     sp, 0x8b357
core   0: 3 0x80006eb2 (0x8b357137) x 2 0x8b357000
core   0: 0x80006eb6 (0x00000001) c.nop
core   0: 3 0x80006eb6 (0x0001)
core   0: 0x80006eb8 (0x004a0133) add     sp, s4, tp
core   0: 3 0x80006eb8 (0x004a0133) x 2 0x00000000
core   0: 0x80006ebc (0x0300ceb3) div     t4, ra, a6
core   0: 3 0x80006ebc (0x0300ceb3) x29 0x00000001
core   0: 0x80006ec0 (0x022c8cb3) mul     s9, s9, sp
core   0: 3 0x80006ec0 (0x022c8cb3) x25 0x00000000
core   0: 0x80006ec4 (0x03de8fb3) mul     t6, t4, t4
core   0: 3 0x80006ec4 (0x03de8fb3) x31 0x00000001
core   0: 0x80006ec8 (0xe124ccb7) lui     s9, 0xe124c
core   0: 3 0x80006ec8 (0xe124ccb7) x25 0xe124c000
core   0: 0x80006ecc (0x024f9833) mulh    a6, t6, tp
core   0: 3 0x80006ecc (0x024f9833) x16 0xffffffff
core   0: 0x80006ed0 (0x034fd0b3) divu    ra, t6, s4
core   0: 3 0x80006ed0 (0x034fd0b3) x 1 0x00000000
core   0: 0x80006ed4 (0x010100b3) add     ra, sp, a6
core   0: 3 0x80006ed4 (0x010100b3) x 1 0xffffffff
core   0: 0x80006ed8 (0x034f9133) mulh    sp, t6, s4
core   0: 3 0x80006ed8 (0x034f9133) x 2 0xffffffff
core   0: 0x80006edc (0x00000001) c.nop
core   0: 3 0x80006edc (0x0001)
core   0: 0x80006ede (0x00000001) c.nop
core   0: 3 0x80006ede (0x0001)
core   0: 0x80006ee0 (0x022fdb33) divu    s6, t6, sp
core   0: 3 0x80006ee0 (0x022fdb33) x22 0x00000000
core   0: 0x80006ee4 (0x022e95b3) mulh    a1, t4, sp
core   0: 3 0x80006ee4 (0x022e95b3) x11 0xffffffff
core   0: 0x80006ee8 (0x03920233) mul     tp, tp, s9
core   0: 3 0x80006ee8 (0x03920233) x 4 0x00000000
core   0: 0x80006eec (0x03624fb3) div     t6, tp, s6
core   0: 3 0x80006eec (0x03624fb3) x31 0xffffffff
core   0: 0x80006ef0 (0x03ff95b3) mulh    a1, t6, t6
core   0: 3 0x80006ef0 (0x03ff95b3) x11 0x00000000
core   0: 0x80006ef4 (0x41680233) sub     tp, a6, s6
core   0: 3 0x80006ef4 (0x41680233) x 4 0xffffffff
core   0: 0x80006ef8 (0x00000e51) c.addi  t3, 20
core   0: 3 0x80006ef8 (0x0e51) x28 0x00000014
core   0: 0x80006efa (0x00000e59) c.addi  t3, 22
core   0: 3 0x80006efa (0x0e59) x28 0x0000002a
core   0: 0x80006efc (0xed45c293) xori    t0, a1, -300
core   0: 3 0x80006efc (0xed45c293) x 5 0xfffffed4
core   0: 0x80006f00 (0x40ec86b3) sub     a3, s9, a4
core   0: 3 0x80006f00 (0x40ec86b3) x13 0xe124c000
core   0: 0x80006f04 (0x000084a1) c.srai  s1, 8
core   0: 3 0x80006f04 (0x84a1) x 9 0x00000000
core   0: 0x80006f06 (0x0000717d) c.addi16sp sp, -16
core   0: 3 0x80006f06 (0x717d) x 2 0xffffffef
core   0: 0x80006f08 (0x000061e1) c.lui   gp, 0x18
core   0: 3 0x80006f08 (0x61e1) x 3 0x00018000
core   0: 0x80006f0a (0x00006145) c.addi16sp sp, 48
core   0: 3 0x80006f0a (0x6145) x 2 0x0000001f
core   0: 0x80006f0c (0xd3bda213) slti    tp, s11, -709
core   0: 3 0x80006f0c (0xd3bda213) x 4 0x00000000
core   0: 0x80006f10 (0x0000983e) c.add   a6, a5
core   0: 3 0x80006f10 (0x983e) x16 0x00000351
core   0: 0x80006f12 (0x00005dfd) c.li    s11, -1
core   0: 3 0x80006f12 (0x5dfd) x27 0xffffffff
core   0: 0x80006f14 (0x415fda13) srai    s4, t6, 21
core   0: 3 0x80006f14 (0x415fda13) x20 0xffffffff
core   0: 0x80006f18 (0x01f61413) slli    s0, a2, 31
core   0: 3 0x80006f18 (0x01f61413) x 8 0x00000000
core   0: 0x80006f1c (0x00001998) c.addi4spn a4, sp, 240
core   0: 3 0x80006f1c (0x1998) x14 0x0000010f
core   0: 0x80006f1e (0x01fbd713) srli    a4, s7, 31
core   0: 3 0x80006f1e (0x01fbd713) x14 0x00000000
core   0: 0x80006f22 (0x0096a933) slt     s2, a3, s1
core   0: 3 0x80006f22 (0x0096a933) x18 0x00000001
core   0: 0x80006f26 (0x01c99893) slli    a7, s3, 28
core   0: 3 0x80006f26 (0x01c99893) x17 0x40000000
core   0: 0x80006f2a (0x00008ff5) c.and   a5, a3
core   0: 3 0x80006f2a (0x8ff5) x15 0x00000000
core   0: 0x80006f2c (0x027ae0b3) rem     ra, s5, t2
core   0: 3 0x80006f2c (0x027ae0b3) x 1 0x00000000
core   0: 0x80006f30 (0x000089c1) c.andi  a1, 16
core   0: 3 0x80006f30 (0x89c1) x11 0x00000000
core   0: 0x80006f32 (0x004c56b3) srl     a3, s8, tp
core   0: 3 0x80006f32 (0x004c56b3) x13 0x00046bbe
core   0: 0x80006f36 (0x024cd933) divu    s2, s9, tp
core   0: 3 0x80006f36 (0x024cd933) x18 0xffffffff
core   0: 0x80006f3a (0x00000d9c) c.addi4spn a5, sp, 720
core   0: 3 0x80006f3a (0x0d9c) x15 0x000002ef
core   0: 0x80006f3c (0x0000809d) c.srli  s1, 7
core   0: 3 0x80006f3c (0x809d) x 9 0x00000000
core   0: 0x80006f3e (0x01e105b3) add     a1, sp, t5
core   0: 3 0x80006f3e (0x01e105b3) x11 0x0000a01f
core   0: 0x80006f42 (0x01c497b3) sll     a5, s1, t3
core   0: 3 0x80006f42 (0x01c497b3) x15 0x00000000
core   0: 0x80006f46 (0x000087c1) c.srai  a5, 16
core   0: 3 0x80006f46 (0x87c1) x15 0x00000000
core   0: 0x80006f48 (0x02ad40b3) div     ra, s10, a0
core   0: 3 0x80006f48 (0x02ad40b3) x 1 0xffffffff
core   0: 0x80006f4c (0x00000b46) c.slli  s6, 17
core   0: 3 0x80006f4c (0x0b46) x22 0x00000000
core   0: 0x80006f4e (0x01a81313) slli    t1, a6, 26
core   0: 3 0x80006f4e (0x01a81313) x 6 0x44000000
core   0: 0x80006f52 (0x00009506) c.add   a0, ra
core   0: 3 0x80006f52 (0x9506) x10 0xffffffff
core   0: 0x80006f54 (0x00008d35) c.xor   a0, a3
core   0: 3 0x80006f54 (0x8d35) x10 0xfffb9441
core   0: 0x80006f56 (0x02874333) div     t1, a4, s0
core   0: 3 0x80006f56 (0x02874333) x 6 0xffffffff
core   0: 0x80006f5a (0xe1cce217) auipc   tp, 0xe1cce
core   0: 3 0x80006f5a (0xe1cce217) x 4 0x61cd4f5a
core   0: 0x80006f5e (0x025eb733) mulhu   a4, t4, t0
core   0: 3 0x80006f5e (0x025eb733) x14 0x00000000
core   0: 0x80006f62 (0x03f90f33) mul     t5, s2, t6
core   0: 3 0x80006f62 (0x03f90f33) x30 0x00000001
core   0: 0x80006f66 (0x41bad4b3) sra     s1, s5, s11
core   0: 3 0x80006f66 (0x41bad4b3) x 9 0x00000000
core   0: 0x80006f6a (0x00b62133) slt     sp, a2, a1
core   0: 3 0x80006f6a (0x00b62133) x 2 0x00000001
core   0: 0x80006f6e (0x0055db93) srli    s7, a1, 5
core   0: 3 0x80006f6e (0x0055db93) x23 0x00000500
core   0: 0x80006f72 (0x00008441) c.srai  s0, 16
core   0: 3 0x80006f72 (0x8441) x 8 0x00000000
core   0: 0x80006f74 (0x03cdcdb3) div     s11, s11, t3
core   0: 3 0x80006f74 (0x03cdcdb3) x27 0x00000000
core   0: 0x80006f78 (0x00008d1d) c.sub   a0, a5
core   0: 3 0x80006f78 (0x8d1d) x10 0xfffb9441
core   0: 0x80006f7a (0x00008826) c.mv    a6, s1
core   0: 3 0x80006f7a (0x8826) x16 0x00000000
core   0: 0x80006f7c (0x0000597d) c.li    s2, -1
core   0: 3 0x80006f7c (0x597d) x18 0xffffffff
core   0: 0x80006f7e (0x00008d21) c.xor   a0, s0
core   0: 3 0x80006f7e (0x8d21) x10 0xfffb9441
core   0: 0x80006f80 (0x003f1413) slli    s0, t5, 3
core   0: 3 0x80006f80 (0x003f1413) x 8 0x00000008
core   0: 0x80006f84 (0x657dfb13) andi    s6, s11, 1623
core   0: 3 0x80006f84 (0x657dfb13) x22 0x00000000
core   0: 0x80006f88 (0x5ceb0113) addi    sp, s6, 1486
core   0: 3 0x80006f88 (0x5ceb0113) x 2 0x000005ce
core   0: 0x80006f8c (0x4402b593) sltiu   a1, t0, 1088
core   0: 3 0x80006f8c (0x4402b593) x11 0x00000000
core   0: 0x80006f90 (0x0196aa33) slt     s4, a3, s9
core   0: 3 0x80006f90 (0x0196aa33) x20 0x00000000
core   0: 0x80006f94 (0xaee55c37) lui     s8, 0xaee55
core   0: 3 0x80006f94 (0xaee55c37) x24 0xaee55000
core   0: 0x80006f98 (0x000054fd) c.li    s1, -1
core   0: 3 0x80006f98 (0x54fd) x 9 0xffffffff
core   0: 0x80006f9a (0x00008f0d) c.sub   a4, a1
core   0: 3 0x80006f9a (0x8f0d) x14 0x00000000
core   0: 0x80006f9c (0x15ff6693) ori     a3, t5, 351
core   0: 3 0x80006f9c (0x15ff6693) x13 0x0000015f
core   0: 0x80006fa0 (0xec5eec93) ori     s9, t4, -315
core   0: 3 0x80006fa0 (0xec5eec93) x25 0xfffffec5
core   0: 0x80006fa4 (0x00001798) c.addi4spn a4, sp, 992
core   0: 3 0x80006fa4 (0x1798) x14 0x000009ae
core   0: 0x80006fa6 (0x00008da1) c.xor   a1, s0
core   0: 3 0x80006fa6 (0x8da1) x11 0x00000008
core   0: 0x80006fa8 (0x0000577d) c.li    a4, -1
core   0: 3 0x80006fa8 (0x577d) x14 0xffffffff
core   0: 0x80006faa (0x00008369) c.srli  a4, 26
core   0: 3 0x80006faa (0x8369) x14 0x0000003f
core   0: 0x80006fac (0x0000836d) c.srli  a4, 27
core   0: 3 0x80006fac (0x836d) x14 0x00000000
core   0: 0x80006fae (0x372f0593) addi    a1, t5, 882
core   0: 3 0x80006fae (0x372f0593) x11 0x00000373
core   0: 0x80006fb2 (0x035f34b3) mulhu   s1, t5, s5
core   0: 3 0x80006fb2 (0x035f34b3) x 9 0x00000000
core   0: 0x80006fb6 (0x00f94a33) xor     s4, s2, a5
core   0: 3 0x80006fb6 (0x00f94a33) x20 0xffffffff
core   0: 0x80006fba (0x0000858d) c.srai  a1, 3
core   0: 3 0x80006fba (0x858d) x11 0x0000006e
core   0: 0x80006fbc (0x00008d69) c.and   a0, a0
core   0: 3 0x80006fbc (0x8d69) x10 0xfffb9441
core   0: 0x80006fbe (0x00e99233) sll     tp, s3, a4
core   0: 3 0x80006fbe (0x00e99233) x 4 0x8000ee64
core   0: 0x80006fc2 (0x005bf233) and     tp, s7, t0
core   0: 3 0x80006fc2 (0x005bf233) x 4 0x00000400
core   0: 0x80006fc6 (0x03788933) mul     s2, a7, s7
core   0: 3 0x80006fc6 (0x03788933) x18 0x00000000
core   0: 0x80006fca (0x00008ce9) c.and   s1, a0
core   0: 3 0x80006fca (0x8ce9) x 9 0x00000000
core   0: 0x80006fcc (0x00006b55) c.lui   s6, 0x15
core   0: 3 0x80006fcc (0x6b55) x22 0x00015000
core   0: 0x80006fce (0x000084c9) c.srai  s1, 18
core   0: 3 0x80006fce (0x84c9) x 9 0x00000000
core   0: 0x80006fd0 (0x00000001) c.nop
core   0: 3 0x80006fd0 (0x0001)
core   0: 0x80006fd2 (0x00000001) c.nop
core   0: 3 0x80006fd2 (0x0001)
core   0: 0x80006fd4 (0x0052fe33) and     t3, t0, t0
core   0: 3 0x80006fd4 (0x0052fe33) x28 0xfffffed4
core   0: 0x80006fd8 (0x186d0d97) auipc   s11, 0x186d0
core   0: 3 0x80006fd8 (0x186d0d97) x27 0x986d6fd8
core   0: 0x80006fdc (0x00b22db3) slt     s11, tp, a1
core   0: 3 0x80006fdc (0x00b22db3) x27 0x00000000
core   0: 0x80006fe0 (0x00008f09) c.sub   a4, a0
core   0: 3 0x80006fe0 (0x8f09) x14 0x00046bbf
core   0: 0x80006fe2 (0x00a62733) slt     a4, a2, a0
core   0: 3 0x80006fe2 (0x00a62733) x14 0x00000000
core   0: 0x80006fe6 (0x001a9813) slli    a6, s5, 1
core   0: 3 0x80006fe6 (0x001a9813) x16 0x00000000
core   0: 0x80006fea (0x40a285b3) sub     a1, t0, a0
core   0: 3 0x80006fea (0x40a285b3) x11 0x00046a93
core   0: 0x80006fee (0xbd834013) xori    zero, t1, -1064
core   0: 3 0x80006fee (0xbd834013)
core   0: 0x80006ff2 (0x00000001) c.nop
core   0: 3 0x80006ff2 (0x0001)
core   0: 0x80006ff4 (0x9bea2893) slti    a7, s4, -1602
core   0: 3 0x80006ff4 (0x9bea2893) x17 0x00000000
core   0: 0x80006ff8 (0x00001b84) c.addi4spn s1, sp, 496
core   0: 3 0x80006ff8 (0x1b84) x 9 0x000007be
core   0: 0x80006ffa (0x03693fb3) mulhu   t6, s2, s6
core   0: 3 0x80006ffa (0x03693fb3) x31 0x00000000
core   0: 0x80006ffe (0x000098fd) c.andi  s1, -1
core   0: 3 0x80006ffe (0x98fd) x 9 0x000007be
core   0: 0x80007000 (0x02bab4b3) mulhu   s1, s5, a1
core   0: 3 0x80007000 (0x02bab4b3) x 9 0x00000000
core   0: 0x80007004 (0x1aec6193) ori     gp, s8, 430
core   0: 3 0x80007004 (0x1aec6193) x 3 0xaee551ae
core   0: 0x80007008 (0x8d66c093) xori    ra, a3, -1834
core   0: 3 0x80007008 (0x8d66c093) x 1 0xfffff989
core   0: 0x8000700c (0x03c28eb3) mul     t4, t0, t3
core   0: 3 0x8000700c (0x03c28eb3) x29 0x00015f90
core   0: 0x80007010 (0x00006ccd) c.lui   s9, 0x13
core   0: 3 0x80007010 (0x6ccd) x25 0x00013000
core   0: 0x80007012 (0x00006175) c.addi16sp sp, 368
core   0: 3 0x80007012 (0x6175) x 2 0x0000073e
core   0: 0x80007014 (0x017f0e33) add     t3, t5, s7
core   0: 3 0x80007014 (0x017f0e33) x28 0x00000501
core   0: 0x80007018 (0x3bf74693) xori    a3, a4, 959
core   0: 3 0x80007018 (0x3bf74693) x13 0x000003bf
core   0: 0x8000701c (0x01a35493) srli    s1, t1, 26
core   0: 3 0x8000701c (0x01a35493) x 9 0x0000003f
core   0: 0x80007020 (0x087e4f13) xori    t5, t3, 135
core   0: 3 0x80007020 (0x087e4f13) x30 0x00000586
core   0: 0x80007024 (0x4182d913) srai    s2, t0, 24
core   0: 3 0x80007024 (0x4182d913) x18 0xffffffff
core   0: 0x80007028 (0x000056fd) c.li    a3, -1
core   0: 3 0x80007028 (0x56fd) x13 0xffffffff
core   0: 0x8000702a (0x00000c09) c.addi  s8, 2
core   0: 3 0x8000702a (0x0c09) x24 0xaee55002
core   0: 0x8000702c (0x00008272) c.mv    tp, t3
core   0: 3 0x8000702c (0x8272) x 4 0x00000501
core   0: 0x8000702e (0x0000829e) c.mv    t0, t2
core   0: 3 0x8000702e (0x829e) x 5 0x80012ce4
core   0: 0x80007030 (0x00000001) c.nop
core   0: 3 0x80007030 (0x0001)
core   0: 0x80007032 (0x00009562) c.add   a0, s8
core   0: 3 0x80007032 (0x9562) x10 0xaee0e443
core   0: 0x80007034 (0xb3706a93) ori     s5, zero, -1225
core   0: 3 0x80007034 (0xb3706a93) x21 0xfffffb37
core   0: 0x80007038 (0x038d7d33) remu    s10, s10, s8
core   0: 3 0x80007038 (0x038d7d33) x26 0x511aaffd
core   0: 0x8000703c (0x00000001) c.nop
core   0: 3 0x8000703c (0x0001)
core   0: 0x8000703e (0x02e4fb33) remu    s6, s1, a4
core   0: 3 0x8000703e (0x02e4fb33) x22 0x0000003f
core   0: 0x80007042 (0x017f84b3) add     s1, t6, s7
core   0: 3 0x80007042 (0x017f84b3) x 9 0x00000500
core   0: 0x80007046 (0xbb176193) ori     gp, a4, -1103
core   0: 3 0x80007046 (0xbb176193) x 3 0xfffffbb1
core   0: 0x8000704a (0x01339c13) slli    s8, t2, 19
core   0: 3 0x8000704a (0x01339c13) x24 0x67200000
core   0: 0x8000704e (0x002b0c33) add     s8, s6, sp
core   0: 3 0x8000704e (0x002b0c33) x24 0x0000077d
core   0: 0x80007052 (0xac5e7c93) andi    s9, t3, -1339
core   0: 3 0x80007052 (0xac5e7c93) x25 0x00000001
core   0: 0x80007056 (0x2b4c2593) slti    a1, s8, 692
core   0: 3 0x80007056 (0x2b4c2593) x11 0x00000000
core   0: 0x8000705a (0x00008415) c.srai  s0, 5
core   0: 3 0x8000705a (0x8415) x 8 0x00000000
core   0: 0x8000705c (0x00004899) c.li    a7, 6
core   0: 3 0x8000705c (0x4899) x17 0x00000006
core   0: 0x8000705e (0x00008fdd) c.or    a5, a5
core   0: 3 0x8000705e (0x8fdd) x15 0x00000000
core   0: 0x80007060 (0x00000001) c.nop
core   0: 3 0x80007060 (0x0001)
core   0: 0x80007062 (0x03722133) mulhsu  sp, tp, s7
core   0: 3 0x80007062 (0x03722133) x 2 0x00000000
core   0: 0x80007066 (0x018efbb3) and     s7, t4, s8
core   0: 3 0x80007066 (0x018efbb3) x23 0x00000710
core   0: 0x8000706a (0x01e9adb3) slt     s11, s3, t5
core   0: 3 0x8000706a (0x01e9adb3) x27 0x00000001
core   0: 0x8000706e (0x02295c33) divu    s8, s2, sp
core   0: 3 0x8000706e (0x02295c33) x24 0xffffffff
core   0: 0x80007072 (0x00004ea9) c.li    t4, 10
core   0: 3 0x80007072 (0x4ea9) x29 0x0000000a
core   0: 0x80007074 (0x03522bb3) mulhsu  s7, tp, s5
core   0: 3 0x80007074 (0x03522bb3) x23 0x00000500
core   0: 0x80007078 (0x013bebb3) or      s7, s7, s3
core   0: 3 0x80007078 (0x013bebb3) x23 0x8000ef64
core   0: 0x8000707c (0x0000872e) c.mv    a4, a1
core   0: 3 0x8000707c (0x872e) x14 0x00000000
core   0: 0x8000707e (0x00000afa) c.slli  s5, 30
core   0: 3 0x8000707e (0x0afa) x21 0xc0000000
core   0: 0x80007080 (0x000095ae) c.add   a1, a1
core   0: 3 0x80007080 (0x95ae) x11 0x00000000
core   0: 0x80007082 (0x0000987d) c.andi  s0, -1
core   0: 3 0x80007082 (0x987d) x 8 0x00000000
core   0: 0x80007084 (0x00008e9d) c.sub   a3, a5
core   0: 3 0x80007084 (0x8e9d) x13 0xffffffff
core   0: 0x80007086 (0x80a08a93) addi    s5, ra, -2038
core   0: 3 0x80007086 (0x80a08a93) x21 0xfffff193
core   0: 0x8000708a (0x03b4a933) mulhsu  s2, s1, s11
core   0: 3 0x8000708a (0x03b4a933) x18 0x00000000
core   0: 0x8000708e (0x014861b3) or      gp, a6, s4
core   0: 3 0x8000708e (0x014861b3) x 3 0xffffffff
core   0: 0x80007092 (0x038931b3) mulhu   gp, s2, s8
core   0: 3 0x80007092 (0x038931b3) x 3 0x00000000
core   0: 0x80007096 (0x01aac733) xor     a4, s5, s10
core   0: 3 0x80007096 (0x01aac733) x14 0xaee55e6e
core   0: 0x8000709a (0x00008f4d) c.or    a4, a1
core   0: 3 0x8000709a (0x8f4d) x14 0xaee55e6e
core   0: 0x8000709c (0x00006b99) c.lui   s7, 0x6
core   0: 3 0x8000709c (0x6b99) x23 0x00006000
core   0: 0x8000709e (0x00757ab3) and     s5, a0, t2
core   0: 3 0x8000709e (0x00757ab3) x21 0x80002440
core   0: 0x800070a2 (0x0086eeb3) or      t4, a3, s0
core   0: 3 0x800070a2 (0x0086eeb3) x29 0xffffffff
core   0: 0x800070a6 (0x02785a33) divu    s4, a6, t2
core   0: 3 0x800070a6 (0x02785a33) x20 0x00000000
core   0: 0x800070aa (0x00000e4e) c.slli  t3, 19
core   0: 3 0x800070aa (0x0e4e) x28 0x28080000
core   0: 0x800070ac (0x00e3dd13) srli    s10, t2, 14
core   0: 3 0x800070ac (0x00e3dd13) x26 0x00020004
core   0: 0x800070b0 (0x00006a35) c.lui   s4, 0xd
core   0: 3 0x800070b0 (0x6a35) x20 0x0000d000
core   0: 0x800070b2 (0x010cda93) srli    s5, s9, 16
core   0: 3 0x800070b2 (0x010cda93) x21 0x00000000
core   0: 0x800070b6 (0xa437c297) auipc   t0, 0xa437c
core   0: 3 0x800070b6 (0xa437c297) x 5 0x243830b6
core   0: 0x800070ba (0x00008c51) c.or    s0, a2
core   0: 3 0x800070ba (0x8c51) x 8 0x00000000
core   0: 0x800070bc (0x00242db3) slt     s11, s0, sp
core   0: 3 0x800070bc (0x00242db3) x27 0x00000000
core   0: 0x800070c0 (0x02302ab3) mulhsu  s5, zero, gp
core   0: 3 0x800070c0 (0x02302ab3) x21 0x00000000
core   0: 0x800070c4 (0x0000838d) c.srli  a5, 3
core   0: 3 0x800070c4 (0x838d) x15 0x00000000
core   0: 0x800070c6 (0x00008455) c.srai  s0, 21
core   0: 3 0x800070c6 (0x8455) x 8 0x00000000
core   0: 0x800070c8 (0x03b69933) mulh    s2, a3, s11
core   0: 3 0x800070c8 (0x03b69933) x18 0x00000000
core   0: 0x800070cc (0x98dbf493) andi    s1, s7, -1651
core   0: 3 0x800070cc (0x98dbf493) x 9 0x00006000
core   0: 0x800070d0 (0x00a427b3) slt     a5, s0, a0
core   0: 3 0x800070d0 (0x00a427b3) x15 0x00000000
core   0: 0x800070d4 (0x000089f1) c.andi  a1, 28
core   0: 3 0x800070d4 (0x89f1) x11 0x00000000
core   0: 0x800070d6 (0x01cdb1b3) sltu    gp, s11, t3
core   0: 3 0x800070d6 (0x01cdb1b3) x 3 0x00000001
core   0: 0x800070da (0x000082f9) c.srli  a3, 30
core   0: 3 0x800070da (0x82f9) x13 0x00000003
core   0: 0x800070dc (0x000064cd) c.lui   s1, 0x13
core   0: 3 0x800070dc (0x64cd) x 9 0x00013000
core   0: 0x800070de (0x0000041a) c.slli  s0, 6
core   0: 3 0x800070de (0x041a) x 8 0x00000000
core   0: 0x800070e0 (0x00229e93) slli    t4, t0, 2
core   0: 3 0x800070e0 (0x00229e93) x29 0x90e0c2d8
core   0: 0x800070e4 (0x00008ded) c.and   a1, a1
core   0: 3 0x800070e4 (0x8ded) x11 0x00000000
core   0: 0x800070e6 (0x0ed92713) slti    a4, s2, 237
core   0: 3 0x800070e6 (0x0ed92713) x14 0x00000001
core   0: 0x800070ea (0xcb323a93) sltiu   s5, tp, -845
core   0: 3 0x800070ea (0xcb323a93) x21 0x00000001
core   0: 0x800070ee (0x00008c21) c.xor   s0, s0
core   0: 3 0x800070ee (0x8c21) x 8 0x00000000
core   0: 0x800070f0 (0x00005a7d) c.li    s4, -1
core   0: 3 0x800070f0 (0x5a7d) x20 0xffffffff
core   0: 0x800070f2 (0x00009dbe) c.add   s11, a5
core   0: 3 0x800070f2 (0x9dbe) x27 0x00000000
core   0: 0x800070f4 (0x3d858fb7) lui     t6, 0x3d858
core   0: 3 0x800070f4 (0x3d858fb7) x31 0x3d858000
core   0: 0x800070f8 (0x009140b3) xor     ra, sp, s1
core   0: 3 0x800070f8 (0x009140b3) x 1 0x00013000
core   0: 0x800070fc (0x00008c15) c.sub   s0, a3
core   0: 3 0x800070fc (0x8c15) x 8 0xfffffffd
core   0: 0x800070fe (0x0000615d) c.addi16sp sp, 432
core   0: 3 0x800070fe (0x615d) x 2 0x000001b0
core   0: 0x80007100 (0x932c7913) andi    s2, s8, -1742
core   0: 3 0x80007100 (0x932c7913) x18 0xfffff932
core   0: 0x80007104 (0x0000717d) c.addi16sp sp, -16
core   0: 3 0x80007104 (0x717d) x 2 0x000001a0
core   0: 0x80007106 (0x00008f3d) c.xor   a4, a5
core   0: 3 0x80007106 (0x8f3d) x14 0x00000001
core   0: 0x80007108 (0x00008095) c.srli  s1, 5
core   0: 3 0x80007108 (0x8095) x 9 0x00000980
core   0: 0x8000710a (0x00008ab5) c.andi  a3, 13
core   0: 3 0x8000710a (0x8ab5) x13 0x00000001
core   0: 0x8000710c (0x01219513) slli    a0, gp, 18
core   0: 3 0x8000710c (0x01219513) x10 0x00040000
core   0: 0x80007110 (0x0000997d) c.andi  a0, -1
core   0: 3 0x80007110 (0x997d) x10 0x00040000
core   0: 0x80007112 (0x034b97b3) mulh    a5, s7, s4
core   0: 3 0x80007112 (0x034b97b3) x15 0xffffffff
core   0: 0x80007116 (0x00004a41) c.li    s4, 16
core   0: 3 0x80007116 (0x4a41) x20 0x00000010
core   0: 0x80007118 (0x000007c2) c.slli  a5, 16
core   0: 3 0x80007118 (0x07c2) x15 0xffff0000
core   0: 0x8000711a (0x00812433) slt     s0, sp, s0
core   0: 3 0x8000711a (0x00812433) x 8 0x00000000
core   0: 0x8000711e (0x8350bf93) sltiu   t6, ra, -1995
core   0: 3 0x8000711e (0x8350bf93) x31 0x00000001
core   0: 0x80007122 (0x00006349) c.lui   t1, 0x12
core   0: 3 0x80007122 (0x6349) x 6 0x00012000
core   0: 0x80007124 (0x01dd1f33) sll     t5, s10, t4
core   0: 3 0x80007124 (0x01dd1f33) x30 0x04000000
core   0: 0x80007128 (0x00006719) c.lui   a4, 0x6
core   0: 3 0x80007128 (0x6719) x14 0x00006000
core   0: 0x8000712a (0x00009afd) c.andi  a3, -1
core   0: 3 0x8000712a (0x9afd) x13 0x00000001
core   0: 0x8000712c (0x00008eb5) c.xor   a3, a3
core   0: 3 0x8000712c (0x8eb5) x13 0x00000000
core   0: 0x8000712e (0xb51d2013) slti    zero, s10, -1199
core   0: 3 0x8000712e (0xb51d2013)
core   0: 0x80007132 (0x03c68bb3) mul     s7, a3, t3
core   0: 3 0x80007132 (0x03c68bb3) x23 0x00000000
core   0: 0x80007136 (0x0000717d) c.addi16sp sp, -16
core   0: 3 0x80007136 (0x717d) x 2 0x00000190
core   0: 0x80007138 (0x00008791) c.srai  a5, 4
core   0: 3 0x80007138 (0x8791) x15 0xfffff000
core   0: 0x8000713a (0x000086fd) c.srai  a3, 31
core   0: 3 0x8000713a (0x86fd) x13 0x00000000
core   0: 0x8000713c (0x00b35bb3) srl     s7, t1, a1
core   0: 3 0x8000713c (0x00b35bb3) x23 0x00012000
core   0: 0x80007140 (0x00000001) c.nop
core   0: 3 0x80007140 (0x0001)
core   0: 0x80007142 (0x410b5b33) sra     s6, s6, a6
core   0: 3 0x80007142 (0x410b5b33) x22 0x0000003f
core   0: 0x80007146 (0x00000d86) c.slli  s11, 1
core   0: 3 0x80007146 (0x0d86) x27 0x00000000
core   0: 0x80007148 (0x02407333) remu    t1, zero, tp
core   0: 3 0x80007148 (0x02407333) x 6 0x00000000
core   0: 0x8000714c (0xd1f28113) addi    sp, t0, -737
core   0: 3 0x8000714c (0xd1f28113) x 2 0x24382dd5
core   0: 0x80007150 (0xb630a793) slti    a5, ra, -1181
core   0: 3 0x80007150 (0xb630a793) x15 0x00000000
core   0: 0x80007154 (0x01322a33) slt     s4, tp, s3
core   0: 3 0x80007154 (0x01322a33) x20 0x00000000
core   0: 0x80007158 (0x0000990a) c.add   s2, sp
core   0: 3 0x80007158 (0x990a) x18 0x24382707
core   0: 0x8000715a (0x00008ea1) c.xor   a3, s0
core   0: 3 0x8000715a (0x8ea1) x13 0x00000000
core   0: 0x8000715c (0x00008d9d) c.sub   a1, a5
core   0: 3 0x8000715c (0x8d9d) x11 0x00000000
core   0: 0x8000715e (0x00000a80) c.addi4spn s0, sp, 336
core   0: 3 0x8000715e (0x0a80) x 8 0x24382f25
core   0: 0x80007160 (0x033582b3) mul     t0, a1, s3
core   0: 3 0x80007160 (0x033582b3) x 5 0x00000000
core   0: 0x80007164 (0x00000001) c.nop
core   0: 3 0x80007164 (0x0001)
core   0: 0x80007166 (0x00008dad) c.xor   a1, a1
core   0: 3 0x80007166 (0x8dad) x11 0x00000000
core   0: 0x80007168 (0x0200d933) divu    s2, ra, zero
core   0: 3 0x80007168 (0x0200d933) x18 0xffffffff
core   0: 0x8000716c (0x8350bd97) auipc   s11, 0x8350b
core   0: 3 0x8000716c (0x8350bd97) x27 0x0351216c
core   0: 0x80007170 (0x1f61ce93) xori    t4, gp, 502
core   0: 3 0x80007170 (0x1f61ce93) x29 0x000001f7
core   0: 0x80007174 (0x00008d0d) c.sub   a0, a1
core   0: 3 0x80007174 (0x8d0d) x10 0x00040000
core   0: 0x80007176 (0x03b257b3) divu    a5, tp, s11
core   0: 3 0x80007176 (0x03b257b3) x15 0x00000000
core   0: 0x8000717a (0x0000853d) c.srai  a0, 15
core   0: 3 0x8000717a (0x853d) x10 0x00000008
core   0: 0x8000717c (0x9b988193) addi    gp, a7, -1607
core   0: 3 0x8000717c (0x9b988193) x 3 0xfffff9bf
core   0: 0x80007180 (0x41268e33) sub     t3, a3, s2
core   0: 3 0x80007180 (0x41268e33) x28 0x00000001
core   0: 0x80007184 (0x3e170913) addi    s2, a4, 993
core   0: 3 0x80007184 (0x3e170913) x18 0x000063e1
core   0: 0x80007188 (0xba660493) addi    s1, a2, -1114
core   0: 3 0x80007188 (0xba660493) x 9 0xfffffba6
core   0: 0x8000718c (0x00d00333) add     t1, zero, a3
core   0: 3 0x8000718c (0x00d00333) x 6 0x00000000
core   0: 0x80007190 (0x00008b7a) c.mv    s6, t5
core   0: 3 0x80007190 (0x8b7a) x22 0x04000000
core   0: 0x80007192 (0x020e0933) mul     s2, t3, zero
core   0: 3 0x80007192 (0x020e0933) x18 0x00000000
core   0: 0x80007196 (0x000005a6) c.slli  a1, 9
core   0: 3 0x80007196 (0x05a6) x11 0x00000000
core   0: 0x80007198 (0x00279413) slli    s0, a5, 2
core   0: 3 0x80007198 (0x00279413) x 8 0x00000000
core   0: 0x8000719c (0xb0aa10b7) lui     ra, 0xb0aa1
core   0: 3 0x8000719c (0xb0aa10b7) x 1 0xb0aa1000
core   0: 0x800071a0 (0x027770b3) remu    ra, a4, t2
core   0: 3 0x800071a0 (0x027770b3) x 1 0x00006000
core   0: 0x800071a4 (0x0000717d) c.addi16sp sp, -16
core   0: 3 0x800071a4 (0x717d) x 2 0x24382dc5
core   0: 0x800071a6 (0x02871e33) mulh    t3, a4, s0
core   0: 3 0x800071a6 (0x02871e33) x28 0x00000000
core   0: 0x800071aa (0x00008c21) c.xor   s0, s0
core   0: 3 0x800071aa (0x8c21) x 8 0x00000000
core   0: 0x800071ac (0x00008151) c.srli  a0, 20
core   0: 3 0x800071ac (0x8151) x10 0x00000000
core   0: 0x800071ae (0x91082013) slti    zero, a6, -1776
core   0: 3 0x800071ae (0x91082013)
core   0: 0x800071b2 (0x00008ec9) c.or    a3, a0
core   0: 3 0x800071b2 (0x8ec9) x13 0x00000000
core   0: 0x800071b4 (0x029ed1b3) divu    gp, t4, s1
core   0: 3 0x800071b4 (0x029ed1b3) x 3 0x00000000
core   0: 0x800071b8 (0x00af9d93) slli    s11, t6, 10
core   0: 3 0x800071b8 (0x00af9d93) x27 0x00000400
core   0: 0x800071bc (0x00454d33) xor     s10, a0, tp
core   0: 3 0x800071bc (0x00454d33) x26 0x00000501
core   0: 0x800071c0 (0x00f51bb3) sll     s7, a0, a5
core   0: 3 0x800071c0 (0x00f51bb3) x23 0x00000000
core   0: 0x800071c4 (0x00008cb1) c.xor   s1, a2
core   0: 3 0x800071c4 (0x8cb1) x 9 0xfffffba6
core   0: 0x800071c6 (0x41d1d233) sra     tp, gp, t4
core   0: 3 0x800071c6 (0x41d1d233) x 4 0x00000000
core   0: 0x800071ca (0x00170933) add     s2, a4, ra
core   0: 3 0x800071ca (0x00170933) x18 0x0000c000
core   0: 0x800071ce (0x00006ad1) c.lui   s5, 0x14
core   0: 3 0x800071ce (0x6ad1) x21 0x00014000
core   0: 0x800071d0 (0x00000512) c.slli  a0, 4
core   0: 3 0x800071d0 (0x0512) x10 0x00000000
core   0: 0x800071d2 (0x62e82713) slti    a4, a6, 1582
core   0: 3 0x800071d2 (0x62e82713) x14 0x00000001
core   0: 0x800071d6 (0x00008f31) c.xor   a4, a2
core   0: 3 0x800071d6 (0x8f31) x14 0x00000001
core   0: 0x800071d8 (0x00008ec9) c.or    a3, a0
core   0: 3 0x800071d8 (0x8ec9) x13 0x00000000
core   0: 0x800071da (0x030cbf33) mulhu   t5, s9, a6
core   0: 3 0x800071da (0x030cbf33) x30 0x00000000
core   0: 0x800071de (0x0362db33) divu    s6, t0, s6
core   0: 3 0x800071de (0x0362db33) x22 0x00000000
core   0: 0x800071e2 (0x00e3d933) srl     s2, t2, a4
core   0: 3 0x800071e2 (0x00e3d933) x18 0x40009672
core   0: 0x800071e6 (0x00008705) c.srai  a4, 1
core   0: 3 0x800071e6 (0x8705) x14 0x00000000
core   0: 0x800071e8 (0x010d4db3) xor     s11, s10, a6
core   0: 3 0x800071e8 (0x010d4db3) x27 0x00000501
core   0: 0x800071ec (0x00eb2733) slt     a4, s6, a4
core   0: 3 0x800071ec (0x00eb2733) x14 0x00000000
core   0: 0x800071f0 (0x00008541) c.srai  a0, 16
core   0: 3 0x800071f0 (0x8541) x10 0x00000000
core   0: 0x800071f2 (0x0291a933) mulhsu  s2, gp, s1
core   0: 3 0x800071f2 (0x0291a933) x18 0x00000000
core   0: 0x800071f6 (0x02cafab3) remu    s5, s5, a2
core   0: 3 0x800071f6 (0x02cafab3) x21 0x00014000
core   0: 0x800071fa (0x01ea4933) xor     s2, s4, t5
core   0: 3 0x800071fa (0x01ea4933) x18 0x00000000
core   0: 0x800071fe (0x6f89e493) ori     s1, s3, 1784
core   0: 3 0x800071fe (0x6f89e493) x 9 0x8000eefc
core   0: 0x80007202 (0x00008ce9) c.and   s1, a0
core   0: 3 0x80007202 (0x8ce9) x 9 0x00000000
core   0: 0x80007204 (0x02fcdeb3) divu    t4, s9, a5
core   0: 3 0x80007204 (0x02fcdeb3) x29 0xffffffff
core   0: 0x80007208 (0x2fb1c413) xori    s0, gp, 763
core   0: 3 0x80007208 (0x2fb1c413) x 8 0x000002fb
core   0: 0x8000720c (0x9b9cfd13) andi    s10, s9, -1607
core   0: 3 0x8000720c (0x9b9cfd13) x26 0x00000001
core   0: 0x80007210 (0x03e3ae33) mulhsu  t3, t2, t5
core   0: 3 0x80007210 (0x03e3ae33) x28 0x00000000
core   0: 0x80007214 (0x00008e81) c.sub   a3, s0
core   0: 3 0x80007214 (0x8e81) x13 0xfffffd05
core   0: 0x80007216 (0x6fa8f493) andi    s1, a7, 1786
core   0: 3 0x80007216 (0x6fa8f493) x 9 0x00000002
core   0: 0x8000721a (0x2d3aba93) sltiu   s5, s5, 723
core   0: 3 0x8000721a (0x2d3aba93) x21 0x00000000
core   0: 0x8000721e (0x01bedd93) srli    s11, t4, 27
core   0: 3 0x8000721e (0x01bedd93) x27 0x0000001f
core   0: 0x80007222 (0x02957833) remu    a6, a0, s1
core   0: 3 0x80007222 (0x02957833) x16 0x00000000
core   0: 0x80007226 (0x000098fd) c.andi  s1, -1
core   0: 3 0x80007226 (0x98fd) x 9 0x00000002
core   0: 0x80007228 (0x00006109) c.addi16sp sp, 128
core   0: 3 0x80007228 (0x6109) x 2 0x24382e45
core   0: 0x8000722a (0x038e0c33) mul     s8, t3, s8
core   0: 3 0x8000722a (0x038e0c33) x24 0x00000000
core   0: 0x8000722e (0x000082f1) c.srli  a3, 28
core   0: 3 0x8000722e (0x82f1) x13 0x0000000f
core   0: 0x80007230 (0x00001efd) c.addi  t4, -1
core   0: 3 0x80007230 (0x1efd) x29 0xfffffffe
core   0: 0x80007232 (0x00008db9) c.xor   a1, a4
core   0: 3 0x80007232 (0x8db9) x11 0x00000000
core   0: 0x80007234 (0x000087fa) c.mv    a5, t5
core   0: 3 0x80007234 (0x87fa) x15 0x00000000
core   0: 0x80007236 (0x02a14833) div     a6, sp, a0
core   0: 3 0x80007236 (0x02a14833) x16 0xffffffff
core   0: 0x8000723a (0x03a39333) mulh    t1, t2, s10
core   0: 3 0x8000723a (0x03a39333) x 6 0xffffffff
core   0: 0x8000723e (0x022a3ab3) mulhu   s5, s4, sp
core   0: 3 0x8000723e (0x022a3ab3) x21 0x00000000
core   0: 0x80007242 (0x02813bb3) mulhu   s7, sp, s0
core   0: 3 0x80007242 (0x02813bb3) x23 0x0000006b
core   0: 0x80007246 (0x00008ca5) c.xor   s1, s1
core   0: 3 0x80007246 (0x8ca5) x 9 0x00000000
core   0: 0x80007248 (0x419fde93) srai    t4, t6, 25
core   0: 3 0x80007248 (0x419fde93) x29 0x00000000
core   0: 0x8000724c (0x78318893) addi    a7, gp, 1923
core   0: 3 0x8000724c (0x78318893) x17 0x00000783
core   0: 0x80007250 (0x4071dcb3) sra     s9, gp, t2
core   0: 3 0x80007250 (0x4071dcb3) x25 0x00000000
core   0: 0x80007254 (0x00001e00) c.addi4spn s0, sp, 816
core   0: 3 0x80007254 (0x1e00) x 8 0x24383175
core   0: 0x80007256 (0x00008d91) c.sub   a1, a2
core   0: 3 0x80007256 (0x8d91) x11 0x00000000
core   0: 0x80007258 (0x033b8533) mul     a0, s7, s3
core   0: 3 0x80007258 (0x033b8533) x10 0x8063a3cc
core   0: 0x8000725c (0x00236233) or      tp, t1, sp
core   0: 3 0x8000725c (0x00236233) x 4 0xffffffff
core   0: 0x80007260 (0x00008dc9) c.or    a1, a0
core   0: 3 0x80007260 (0x8dc9) x11 0x8063a3cc
core   0: 0x80007262 (0x03dbc4b3) div     s1, s7, t4
core   0: 3 0x80007262 (0x03dbc4b3) x 9 0xffffffff
core   0: 0x80007266 (0x005465b3) or      a1, s0, t0
core   0: 3 0x80007266 (0x005465b3) x11 0x24383175
core   0: 0x8000726a (0x4160d813) srai    a6, ra, 22
core   0: 3 0x8000726a (0x4160d813) x16 0x00000000
core   0: 0x8000726e (0x022e20b3) mulhsu  ra, t3, sp
core   0: 3 0x8000726e (0x022e20b3) x 1 0x00000000
core   0: 0x80007272 (0x02423233) mulhu   tp, tp, tp
core   0: 3 0x80007272 (0x02423233) x 4 0xfffffffe
core   0: 0x80007276 (0x41645d13) srai    s10, s0, 22
core   0: 3 0x80007276 (0x41645d13) x26 0x00000090
core   0: 0x8000727a (0x0000885e) c.mv    a6, s7
core   0: 3 0x8000727a (0x885e) x16 0x0000006b
core   0: 0x8000727c (0x03d9d333) divu    t1, s3, t4
core   0: 3 0x8000727c (0x03d9d333) x 6 0xffffffff
core   0: 0x80007280 (0x000084f9) c.srai  s1, 30
core   0: 3 0x80007280 (0x84f9) x 9 0xffffffff
core   0: 0x80007282 (0x00008dd5) c.or    a1, a3
core   0: 3 0x80007282 (0x8dd5) x11 0x2438317f
core   0: 0x80007284 (0x00001904) c.addi4spn s1, sp, 176
core   0: 3 0x80007284 (0x1904) x 9 0x24382ef5
core   0: 0x80007286 (0xce5fff93) andi    t6, t6, -795
core   0: 3 0x80007286 (0xce5fff93) x31 0x00000001
core   0: 0x8000728a (0x00008f2d) c.xor   a4, a1
core   0: 3 0x8000728a (0x8f2d) x14 0x2438317f
core   0: 0x8000728c (0x7d40eb93) ori     s7, ra, 2004
core   0: 3 0x8000728c (0x7d40eb93) x23 0x000007d4
core   0: 0x80007290 (0x015187b3) add     a5, gp, s5
core   0: 3 0x80007290 (0x015187b3) x15 0x00000000
core   0: 0x80007294 (0x01340eb3) add     t4, s0, s3
core   0: 3 0x80007294 (0x01340eb3) x29 0xa4391fd9
core   0: 0x80007298 (0x03bae7b3) rem     a5, s5, s11
core   0: 3 0x80007298 (0x03bae7b3) x15 0x00000000
core   0: 0x8000729c (0x40925a13) srai    s4, tp, 9
core   0: 3 0x8000729c (0x40925a13) x20 0xffffffff
core   0: 0x800072a0 (0x01367233) and     tp, a2, s3
core   0: 3 0x800072a0 (0x01367233) x 4 0x00000000
core   0: 0x800072a4 (0x00001408) c.addi4spn a0, sp, 544
core   0: 3 0x800072a4 (0x1408) x10 0x24383065
core   0: 0x800072a6 (0x00001794) c.addi4spn a3, sp, 992
core   0: 3 0x800072a6 (0x1794) x13 0x24383225
core   0: 0x800072a8 (0x0000717d) c.addi16sp sp, -16
core   0: 3 0x800072a8 (0x717d) x 2 0x24382e35
core   0: 0x800072aa (0x00009b7d) c.andi  a4, -1
core   0: 3 0x800072aa (0x9b7d) x14 0x2438317f
core   0: 0x800072ac (0x7de24793) xori    a5, tp, 2014
core   0: 3 0x800072ac (0x7de24793) x15 0x000007de
core   0: 0x800072b0 (0x0000046a) c.slli  s0, 26
core   0: 3 0x800072b0 (0x046a) x 8 0xd4000000
core   0: 0x800072b2 (0x03bc0c33) mul     s8, s8, s11
core   0: 3 0x800072b2 (0x03bc0c33) x24 0x00000000
core   0: 0x800072b6 (0x28d0c313) xori    t1, ra, 653
core   0: 3 0x800072b6 (0x28d0c313) x 6 0x0000028d
core   0: 0x800072ba (0xf90fa413) slti    s0, t6, -112
core   0: 3 0x800072ba (0xf90fa413) x 8 0x00000000
core   0: 0x800072be (0x01071513) slli    a0, a4, 16
core   0: 3 0x800072be (0x01071513) x10 0x317f0000
core   0: 0x800072c2 (0x02ec88b3) mul     a7, s9, a4
core   0: 3 0x800072c2 (0x02ec88b3) x17 0x00000000
core   0: 0x800072c6 (0x00008f1d) c.sub   a4, a5
core   0: 3 0x800072c6 (0x8f1d) x14 0x243829a1
core   0: 0x800072c8 (0x038ad733) divu    a4, s5, s8
core   0: 3 0x800072c8 (0x038ad733) x14 0xffffffff
core   0: 0x800072cc (0x41c7d413) srai    s0, a5, 28
core   0: 3 0x800072cc (0x41c7d413) x 8 0x00000000
core   0: 0x800072d0 (0x4115d913) srai    s2, a1, 17
core   0: 3 0x800072d0 (0x4115d913) x18 0x0000121c
core   0: 0x800072d4 (0x00008ff5) c.and   a5, a3
core   0: 3 0x800072d4 (0x8ff5) x15 0x00000204
core   0: 0x800072d6 (0x9e7db713) sltiu   a4, s11, -1561
core   0: 3 0x800072d6 (0x9e7db713) x14 0x00000001
core   0: 0x800072da (0x017eb533) sltu    a0, t4, s7
core   0: 3 0x800072da (0x017eb533) x10 0x00000000
core   0: 0x800072de (0x003d5913) srli    s2, s10, 3
core   0: 3 0x800072de (0x003d5913) x18 0x00000012
core   0: 0x800072e2 (0x035ff433) remu    s0, t6, s5
core   0: 3 0x800072e2 (0x035ff433) x 8 0x00000001
core   0: 0x800072e6 (0x00ee5833) srl     a6, t3, a4
core   0: 3 0x800072e6 (0x00ee5833) x16 0x00000000
core   0: 0x800072ea (0x00008c8d) c.sub   s1, a1
core   0: 3 0x800072ea (0x8c8d) x 9 0xfffffd76
core   0: 0x800072ec (0x02489233) mulh    tp, a7, tp
core   0: 3 0x800072ec (0x02489233) x 4 0x00000000
core   0: 0x800072f0 (0x01398233) add     tp, s3, s3
core   0: 3 0x800072f0 (0x01398233) x 4 0x0001dcc8
core   0: 0x800072f4 (0x00a7f4b3) and     s1, a5, a0
core   0: 3 0x800072f4 (0x00a7f4b3) x 9 0x00000000
core   0: 0x800072f8 (0xaa26ff93) andi    t6, a3, -1374
core   0: 3 0x800072f8 (0xaa26ff93) x31 0x24383220
core   0: 0x800072fc (0x00276b33) or      s6, a4, sp
core   0: 3 0x800072fc (0x00276b33) x22 0x24382e35
core   0: 0x80007300 (0x01fe2e33) slt     t3, t3, t6
core   0: 3 0x80007300 (0x01fe2e33) x28 0x00000001
core   0: 0x80007304 (0xa34effb7) lui     t6, 0xa34ef
core   0: 3 0x80007304 (0xa34effb7) x31 0xa34ef000
core   0: 0x80007308 (0x1be34d97) auipc   s11, 0x1be34
core   0: 3 0x80007308 (0x1be34d97) x27 0x9be3b308
core   0: 0x8000730c (0x0000921a) c.add   tp, t1
core   0: 3 0x8000730c (0x921a) x 4 0x0001df55
core   0: 0x8000730e (0x7e668a13) addi    s4, a3, 2022
core   0: 3 0x8000730e (0x7e668a13) x20 0x24383a0b
core   0: 0x80007312 (0x0000897d) c.andi  a0, 31
core   0: 3 0x80007312 (0x897d) x10 0x00000000
core   0: 0x80007314 (0x01d72133) slt     sp, a4, t4
core   0: 3 0x80007314 (0x01d72133) x 2 0x00000000
core   0: 0x80007318 (0xfff00a93) li      s5, -1
core   0: 3 0x80007318 (0xfff00a93) x21 0xffffffff
core   0: 0x8000731c (0x4dfd9237) lui     tp, 0x4dfd9
core   0: 3 0x8000731c (0x4dfd9237) x 4 0x4dfd9000
core   0: 0x80007320 (0xa7320213) addi    tp, tp, -1421
core   0: 3 0x80007320 (0xa7320213) x 4 0x4dfd8a73
core   0: 0x80007324 (0xcd10e5b7) lui     a1, 0xcd10e
core   0: 3 0x80007324 (0xcd10e5b7) x11 0xcd10e000
core   0: 0x80007328 (0xda858593) addi    a1, a1, -600
core   0: 3 0x80007328 (0xda858593) x11 0xcd10dda8
core   0: 0x8000732c (0x80000cb7) lui     s9, 0x80000
core   0: 3 0x8000732c (0x80000cb7) x25 0x80000000
core   0: 0x80007330 (0x47fdaf37) lui     t5, 0x47fda
core   0: 3 0x80007330 (0x47fdaf37) x30 0x47fda000
core   0: 0x80007334 (0xa1af0f13) addi    t5, t5, -1510
core   0: 3 0x80007334 (0xa1af0f13) x30 0x47fd9a1a
core   0: 0x80007338 (0xfff00c13) li      s8, -1
core   0: 3 0x80007338 (0xfff00c13) x24 0xffffffff
core   0: 0x8000733c (0xfff00913) li      s2, -1
core   0: 3 0x8000733c (0xfff00913) x18 0xffffffff
core   0: 0x80007340 (0xfff00b93) li      s7, -1
core   0: 3 0x80007340 (0xfff00b93) x23 0xffffffff
core   0: 0x80007344 (0xd0c54137) lui     sp, 0xd0c54
core   0: 3 0x80007344 (0xd0c54137) x 2 0xd0c54000
core   0: 0x80007348 (0x80810113) addi    sp, sp, -2040
core   0: 3 0x80007348 (0x80810113) x 2 0xd0c53808
core   0: 0x8000734c (0xfff00793) li      a5, -1
core   0: 3 0x8000734c (0xfff00793) x15 0xffffffff
core   0: 0x80007350 (0x032f7c33) remu    s8, t5, s2
core   0: 3 0x80007350 (0x032f7c33) x24 0x47fd9a1a
core   0: 0x80007354 (0xa1fc8593) addi    a1, s9, -1505
core   0: 3 0x80007354 (0xa1fc8593) x11 0x7ffffa1f
core   0: 0x80007358 (0x035ca5b3) mulhsu  a1, s9, s5
core   0: 3 0x80007358 (0x035ca5b3) x11 0x80000000
core   0: 0x8000735c (0x76a7eb97) auipc   s7, 0x76a7e
core   0: 3 0x8000735c (0x76a7eb97) x23 0xf6a8535c
core   0: 0x80007360 (0x00000001) c.nop
core   0: 3 0x80007360 (0x0001)
core   0: 0x80007362 (0x40ba8bb3) sub     s7, s5, a1
core   0: 3 0x80007362 (0x40ba8bb3) x23 0x7fffffff
core   0: 0x80007366 (0x57515b97) auipc   s7, 0x57515
core   0: 3 0x80007366 (0x57515b97) x23 0xd751c366
core   0: 0x8000736a (0x035c27b3) mulhsu  a5, s8, s5
core   0: 3 0x8000736a (0x035c27b3) x15 0x47fd9a19
core   0: 0x8000736e (0x0377d133) divu    sp, a5, s7
core   0: 3 0x8000736e (0x0377d133) x 2 0x00000000
core   0: 0x80007372 (0x03e20233) mul     tp, tp, t5
core   0: 3 0x80007372 (0x03e20233) x 4 0x29b03dae
core   0: 0x80007376 (0x48b58c13) addi    s8, a1, 1163
core   0: 3 0x80007376 (0x48b58c13) x24 0x8000048b
core   0: 0x8000737a (0x00000001) c.nop
core   0: 3 0x8000737a (0x0001)
core   0: 0x8000737c (0x032c3f33) mulhu   t5, s8, s2
core   0: 3 0x8000737c (0x032c3f33) x30 0x8000048a
core   0: 0x80007380 (0x03290f33) mul     t5, s2, s2
core   0: 3 0x80007380 (0x03290f33) x30 0x00000001
core   0: 0x80007384 (0x03825233) divu    tp, tp, s8
core   0: 3 0x80007384 (0x03825233) x 4 0x00000000
core   0: 0x80007388 (0x037597b3) mulh    a5, a1, s7
core   0: 3 0x80007388 (0x037597b3) x15 0x14571e4d
core   0: 0x8000738c (0x037bebb3) rem     s7, s7, s7
core   0: 3 0x8000738c (0x037bebb3) x23 0x00000000
core   0: 0x80007390 (0x24e36a97) auipc   s5, 0x24e36
core   0: 3 0x80007390 (0x24e36a97) x21 0xa4e3d390
core   0: 0x80007394 (0x00b78c33) add     s8, a5, a1
core   0: 3 0x80007394 (0x00b78c33) x24 0x94571e4d
core   0: 0x80007398 (0x02bbdcb3) divu    s9, s7, a1
core   0: 3 0x80007398 (0x02bbdcb3) x25 0x00000000
core   0: 0x8000739c (0x035c2c33) mulhsu  s8, s8, s5
core   0: 3 0x8000739c (0x035c2c33) x24 0xbaa7ffb0
core   0: 0x800073a0 (0x037f3bb3) mulhu   s7, t5, s7
core   0: 3 0x800073a0 (0x037f3bb3) x23 0x00000000
core   0: 0x800073a4 (0x0000075a) c.slli  a4, 22
core   0: 3 0x800073a4 (0x075a) x14 0x00400000
core   0: 0x800073a6 (0x5a676593) ori     a1, a4, 1446
core   0: 3 0x800073a6 (0x5a676593) x11 0x004005a6
core   0: 0x800073aa (0x27a08d13) addi    s10, ra, 634
core   0: 3 0x800073aa (0x27a08d13) x26 0x0000027a
core   0: 0x800073ae (0x00008cdd) c.or    s1, a5
core   0: 3 0x800073ae (0x8cdd) x 9 0x14571e4d
core   0: 0x800073b0 (0x02d442b3) div     t0, s0, a3
core   0: 3 0x800073b0 (0x02d442b3) x 5 0x00000000
core   0: 0x800073b4 (0x01316ab3) or      s5, sp, s3
core   0: 3 0x800073b4 (0x01316ab3) x21 0x8000ee64
core   0: 0x800073b8 (0x01448cb3) add     s9, s1, s4
core   0: 3 0x800073b8 (0x01448cb3) x25 0x388f5858
core   0: 0x800073bc (0x9e8f8c13) addi    s8, t6, -1560
core   0: 3 0x800073bc (0x9e8f8c13) x24 0xa34ee9e8
core   0: 0x800073c0 (0xd94a5a97) auipc   s5, 0xd94a5
core   0: 3 0x800073c0 (0xd94a5a97) x21 0x594ac3c0
core   0: 0x800073c4 (0x03454733) div     a4, a0, s4
core   0: 3 0x800073c4 (0x03454733) x14 0x00000000
core   0: 0x800073c8 (0x00689293) slli    t0, a7, 6
core   0: 3 0x800073c8 (0x00689293) x 5 0x00000000
core   0: 0x800073cc (0x009f5093) srli    ra, t5, 9
core   0: 3 0x800073cc (0x009f5093) x 1 0x00000000
core   0: 0x800073d0 (0x00008dd5) c.or    a1, a3
core   0: 3 0x800073d0 (0x8dd5) x11 0x247837a7
core   0: 0x800073d2 (0x64c4c713) xori    a4, s1, 1612
core   0: 3 0x800073d2 (0x64c4c713) x14 0x14571801
core   0: 0x800073d6 (0x031577b3) remu    a5, a0, a7
core   0: 3 0x800073d6 (0x031577b3) x15 0x00000000
core   0: 0x800073da (0x019bc233) xor     tp, s7, s9
core   0: 3 0x800073da (0x019bc233) x 4 0x388f5858
core   0: 0x800073de (0x0000878d) c.srai  a5, 3
core   0: 3 0x800073de (0x878d) x15 0x00000000
core   0: 0x800073e0 (0x000082c1) c.srli  a3, 16
core   0: 3 0x800073e0 (0x82c1) x13 0x00002438
core   0: 0x800073e2 (0x009c9493) slli    s1, s9, 9
core   0: 3 0x800073e2 (0x009c9493) x 9 0x1eb0b000
core   0: 0x800073e6 (0x023b66b3) rem     a3, s6, gp
core   0: 3 0x800073e6 (0x023b66b3) x13 0x24382e35
core   0: 0x800073ea (0x02ec85b3) mul     a1, s9, a4
core   0: 3 0x800073ea (0x02ec85b3) x11 0x8ebf9858
core   0: 0x800073ee (0x00005b7d) c.li    s6, -1
core   0: 3 0x800073ee (0x5b7d) x22 0xffffffff
core   0: 0x800073f0 (0xd2eb8293) addi    t0, s7, -722
core   0: 3 0x800073f0 (0xd2eb8293) x 5 0xfffffd2e
core   0: 0x800073f4 (0x00006141) c.addi16sp sp, 16
core   0: 3 0x800073f4 (0x6141) x 2 0x00000010
core   0: 0x800073f6 (0x00008cc9) c.or    s1, a0
core   0: 3 0x800073f6 (0x8cc9) x 9 0x1eb0b000
core   0: 0x800073f8 (0x01711f13) slli    t5, sp, 23
core   0: 3 0x800073f8 (0x01711f13) x30 0x08000000
core   0: 0x800073fc (0x00008335) c.srli  a4, 13
core   0: 3 0x800073fc (0x8335) x14 0x0000a2b8
core   0: 0x800073fe (0x00c0ebb3) or      s7, ra, a2
core   0: 3 0x800073fe (0x00c0ebb3) x23 0x00000000
core   0: 0x80007402 (0x337e0593) addi    a1, t3, 823
core   0: 3 0x80007402 (0x337e0593) x11 0x00000338
core   0: 0x80007406 (0x00b14cb3) xor     s9, sp, a1
core   0: 3 0x80007406 (0x00b14cb3) x25 0x00000328
core   0: 0x8000740a (0x40418e13) addi    t3, gp, 1028
core   0: 3 0x8000740a (0x40418e13) x28 0x00000404
core   0: 0x8000740e (0xe80aa037) lui     zero, 0xe80aa
core   0: 3 0x8000740e (0xe80aa037)
core   0: 0x80007412 (0x019f3d33) sltu    s10, t5, s9
core   0: 3 0x80007412 (0x019f3d33) x26 0x00000000
core   0: 0x80007416 (0x00005a7d) c.li    s4, -1
core   0: 3 0x80007416 (0x5a7d) x20 0xffffffff
core   0: 0x80007418 (0x00001704) c.addi4spn s1, sp, 928
core   0: 3 0x80007418 (0x1704) x 9 0x000003b0
core   0: 0x8000741a (0x00000001) c.nop
core   0: 3 0x8000741a (0x0001)
core   0: 0x8000741c (0x000098fd) c.andi  s1, -1
core   0: 3 0x8000741c (0x98fd) x 9 0x000003b0
core   0: 0x8000741e (0x0277ee33) rem     t3, a5, t2
core   0: 3 0x8000741e (0x0277ee33) x28 0x00000000
core   0: 0x80007422 (0x000099fd) c.andi  a1, -1
core   0: 3 0x80007422 (0x99fd) x11 0x00000338
core   0: 0x80007424 (0x00008d51) c.or    a0, a2
core   0: 3 0x80007424 (0x8d51) x10 0x00000000
core   0: 0x80007426 (0x00008942) c.mv    s2, a6
core   0: 3 0x80007426 (0x8942) x18 0x00000000
core   0: 0x80007428 (0x00000001) c.nop
core   0: 3 0x80007428 (0x0001)
core   0: 0x8000742a (0x000064c1) c.lui   s1, 0x10
core   0: 3 0x8000742a (0x64c1) x 9 0x00010000
core   0: 0x8000742c (0x03b53e33) mulhu   t3, a0, s11
core   0: 3 0x8000742c (0x03b53e33) x28 0x00000000
core   0: 0x80007430 (0x00001d7d) c.addi  s10, -1
core   0: 3 0x80007430 (0x1d7d) x26 0xffffffff
core   0: 0x80007432 (0x022240b3) div     ra, tp, sp
core   0: 3 0x80007432 (0x022240b3) x 1 0x0388f585
core   0: 0x80007436 (0x0064e7b3) or      a5, s1, t1
core   0: 3 0x80007436 (0x0064e7b3) x15 0x0001028d
core   0: 0x8000743a (0x00008fe5) c.and   a5, s1
core   0: 3 0x8000743a (0x8fe5) x15 0x00010000
core   0: 0x8000743c (0x01a69bb3) sll     s7, a3, s10
core   0: 3 0x8000743c (0x01a69bb3) x23 0x80000000
core   0: 0x80007440 (0x00008d4d) c.or    a0, a1
core   0: 3 0x80007440 (0x8d4d) x10 0x00000338
core   0: 0x80007442 (0x01bf05b3) add     a1, t5, s11
core   0: 3 0x80007442 (0x01bf05b3) x11 0xa3e3b308
core   0: 0x80007446 (0x000082e5) c.srli  a3, 25
core   0: 3 0x80007446 (0x82e5) x13 0x00000012
core   0: 0x80007448 (0x403ad093) srai    ra, s5, 3
core   0: 3 0x80007448 (0x403ad093) x 1 0x0b295878
core   0: 0x8000744c (0x007fe833) or      a6, t6, t2
core   0: 3 0x8000744c (0x007fe833) x16 0xa34ffce4
core   0: 0x80007450 (0x028867b3) rem     a5, a6, s0
core   0: 3 0x80007450 (0x028867b3) x15 0x00000000
core   0: 0x80007454 (0x00f062b3) or      t0, zero, a5
core   0: 3 0x80007454 (0x00f062b3) x 5 0x00000000
core   0: 0x80007458 (0x000094fa) c.add   s1, t5
core   0: 3 0x80007458 (0x94fa) x 9 0x08010000
core   0: 0x8000745a (0x035cd7b3) divu    a5, s9, s5
core   0: 3 0x8000745a (0x035cd7b3) x15 0x00000000
core   0: 0x8000745e (0x032c9ab3) mulh    s5, s9, s2
core   0: 3 0x8000745e (0x032c9ab3) x21 0x00000000
core   0: 0x80007462 (0x55344193) xori    gp, s0, 1363
core   0: 3 0x80007462 (0x55344193) x 3 0x00000552
core   0: 0x80007466 (0x000006ee) c.slli  a3, 27
core   0: 3 0x80007466 (0x06ee) x13 0x90000000
core   0: 0x80007468 (0x006fa6b3) slt     a3, t6, t1
core   0: 3 0x80007468 (0x006fa6b3) x13 0x00000001
core   0: 0x8000746c (0x0145b2b3) sltu    t0, a1, s4
core   0: 3 0x8000746c (0x0145b2b3) x 5 0x00000001
core   0: 0x80007470 (0x0000717d) c.addi16sp sp, -16
core   0: 3 0x80007470 (0x717d) x 2 0x00000000
core   0: 0x80007472 (0x00008f49) c.or    a4, a0
core   0: 3 0x80007472 (0x8f49) x14 0x0000a3b8
core   0: 0x80007474 (0x00008eb9) c.xor   a3, a4
core   0: 3 0x80007474 (0x8eb9) x13 0x0000a3b9
core   0: 0x80007476 (0x00000f2a) c.slli  t5, 10
core   0: 3 0x80007476 (0x0f2a) x30 0x00000000
core   0: 0x80007478 (0x9e99f013) andi    zero, s3, -1559
core   0: 3 0x80007478 (0x9e99f013)
core   0: 0x8000747c (0x00000556) c.slli  a0, 21
core   0: 3 0x8000747c (0x0556) x10 0x67000000
core   0: 0x8000747e (0x412b5513) srai    a0, s6, 18
core   0: 3 0x8000747e (0x412b5513) x10 0xffffffff
core   0: 0x80007482 (0x01744db3) xor     s11, s0, s7
core   0: 3 0x80007482 (0x01744db3) x27 0x80000001
core   0: 0x80007486 (0x972c6d93) ori     s11, s8, -1678
core   0: 3 0x80007486 (0x972c6d93) x27 0xfffff9fa
core   0: 0x8000748a (0x00af7e33) and     t3, t5, a0
core   0: 3 0x8000748a (0x00af7e33) x28 0x00000000
core   0: 0x8000748e (0x00a87533) and     a0, a6, a0
core   0: 3 0x8000748e (0x00a87533) x10 0xa34ffce4
core   0: 0x80007492 (0x023f05b3) mul     a1, t5, gp
core   0: 3 0x80007492 (0x023f05b3) x11 0x00000000
core   0: 0x80007496 (0x30e0f413) andi    s0, ra, 782
core   0: 3 0x80007496 (0x30e0f413) x 8 0x00000008
core   0: 0x8000749a (0x008e9213) slli    tp, t4, 8
core   0: 3 0x8000749a (0x008e9213) x 4 0x391fd900
core   0: 0x8000749e (0x00184433) xor     s0, a6, ra
core   0: 3 0x8000749e (0x00184433) x 8 0xa866a49c
core   0: 0x800074a2 (0x00e19933) sll     s2, gp, a4
core   0: 3 0x800074a2 (0x00e19933) x18 0x52000000
core   0: 0x800074a6 (0x02952e33) mulhsu  t3, a0, s1
core   0: 3 0x800074a6 (0x02952e33) x28 0xfd1a2337
core   0: 0x800074aa (0x031db133) mulhu   sp, s11, a7
core   0: 3 0x800074aa (0x031db133) x 2 0x00000000
core   0: 0x800074ae (0x7c9a3a93) sltiu   s5, s4, 1993
core   0: 3 0x800074ae (0x7c9a3a93) x21 0x00000000
core   0: 0x800074b2 (0x00008e8a) c.mv    t4, sp
core   0: 3 0x800074b2 (0x8e8a) x29 0x00000000
core   0: 0x800074b4 (0x01d98133) add     sp, s3, t4
core   0: 3 0x800074b4 (0x01d98133) x 2 0x8000ee64
core   0: 0x800074b8 (0x01f15d93) srli    s11, sp, 31
core   0: 3 0x800074b8 (0x01f15d93) x27 0x00000001
core   0: 0x800074bc (0x3f4c4013) xori    zero, s8, 1012
core   0: 3 0x800074bc (0x3f4c4013)
core   0: 0x800074c0 (0x0000888d) c.andi  s1, 3
core   0: 3 0x800074c0 (0x888d) x 9 0x00000000
core   0: 0x800074c2 (0x00000306) c.slli  t1, 1
core   0: 3 0x800074c2 (0x0306) x 6 0x0000051a
core   0: 0x800074c4 (0x03fe12b3) mulh    t0, t3, t6
core   0: 3 0x800074c4 (0x03fe12b3) x 5 0x010c9c74
core   0: 0x800074c8 (0x00008d45) c.or    a0, s1
core   0: 3 0x800074c8 (0x8d45) x10 0xa34ffce4
core   0: 0x800074ca (0x02afb8b3) mulhu   a7, t6, a0
core   0: 3 0x800074ca (0x02afb8b3) x17 0x682e497f
core   0: 0x800074ce (0x4097d6b3) sra     a3, a5, s1
core   0: 3 0x800074ce (0x4097d6b3) x13 0x00000000
core   0: 0x800074d2 (0x00008872) c.mv    a6, t3
core   0: 3 0x800074d2 (0x8872) x16 0xfd1a2337
core   0: 0x800074d4 (0x000083e5) c.srli  a5, 25
core   0: 3 0x800074d4 (0x83e5) x15 0x00000000
core   0: 0x800074d6 (0x00000001) c.nop
core   0: 3 0x800074d6 (0x0001)
core   0: 0x800074d8 (0x0bd4b197) auipc   gp, 0xbd4b
core   0: 3 0x800074d8 (0x0bd4b197) x 3 0x8bd524d8
core   0: 0x800074dc (0x00194ab3) xor     s5, s2, ra
core   0: 3 0x800074dc (0x00194ab3) x21 0x59295878
core   0: 0x800074e0 (0x01329033) sll     zero, t0, s3
core   0: 3 0x800074e0 (0x01329033)
core   0: 0x800074e4 (0x0000657d) c.lui   a0, 0x1f
core   0: 3 0x800074e4 (0x657d) x10 0x0001f000
core   0: 0x800074e6 (0x0000587d) c.li    a6, -1
core   0: 3 0x800074e6 (0x587d) x16 0xffffffff
core   0: 0x800074e8 (0x025d5433) divu    s0, s10, t0
core   0: 3 0x800074e8 (0x025d5433) x 8 0x000000f3
core   0: 0x800074ec (0x4135d5b3) sra     a1, a1, s3
core   0: 3 0x800074ec (0x4135d5b3) x11 0x00000000
core   0: 0x800074f0 (0x40115233) sra     tp, sp, ra
core   0: 3 0x800074f0 (0x40115233) x 4 0xffffff80
core   0: 0x800074f4 (0x018f9513) slli    a0, t6, 24
core   0: 3 0x800074f4 (0x018f9513) x10 0x00000000
core   0: 0x800074f8 (0x02fc5bb3) divu    s7, s8, a5
core   0: 3 0x800074f8 (0x02fc5bb3) x23 0xffffffff
core   0: 0x800074fc (0x00c93733) sltu    a4, s2, a2
core   0: 3 0x800074fc (0x00c93733) x14 0x00000000
core   0: 0x80007500 (0x000042f5) c.li    t0, 29
core   0: 3 0x80007500 (0x42f5) x 5 0x0000001d
core   0: 0x80007502 (0x00950933) add     s2, a0, s1
core   0: 3 0x80007502 (0x00950933) x18 0x00000000
core   0: 0x80007506 (0x0000807d) c.srli  s0, 31
core   0: 3 0x80007506 (0x807d) x 8 0x00000000
core   0: 0x80007508 (0x00008035) c.srli  s0, 13
core   0: 3 0x80007508 (0x8035) x 8 0x00000000
core   0: 0x8000750a (0x777b2d13) slti    s10, s6, 1911
core   0: 3 0x8000750a (0x777b2d13) x26 0x00000001
core   0: 0x8000750e (0x0148dab3) srl     s5, a7, s4
core   0: 3 0x8000750e (0x0148dab3) x21 0x00000000
core   0: 0x80007512 (0x01f57db3) and     s11, a0, t6
core   0: 3 0x80007512 (0x01f57db3) x27 0x00000000
core   0: 0x80007516 (0x0000577d) c.li    a4, -1
core   0: 3 0x80007516 (0x577d) x14 0xffffffff
core   0: 0x80007518 (0x0000717d) c.addi16sp sp, -16
core   0: 3 0x80007518 (0x717d) x 2 0x8000ee54
core   0: 0x8000751a (0x02ce7b33) remu    s6, t3, a2
core   0: 3 0x8000751a (0x02ce7b33) x22 0xfd1a2337
core   0: 0x8000751e (0x0086ddb3) srl     s11, a3, s0
core   0: 3 0x8000751e (0x0086ddb3) x27 0x00000000
core   0: 0x80007522 (0x415601b7) lui     gp, 0x41560
core   0: 3 0x80007522 (0x415601b7) x 3 0x41560000
core   0: 0x80007526 (0x00008232) c.mv    tp, a2
core   0: 3 0x80007526 (0x8232) x 4 0x00000000
core   0: 0x80007528 (0x00008eb9) c.xor   a3, a4
core   0: 3 0x80007528 (0x8eb9) x13 0xffffffff
core   0: 0x8000752a (0x6c89c813) xori    a6, s3, 1736
core   0: 3 0x8000752a (0x6c89c813) x16 0x8000e8ac
core   0: 0x8000752e (0x01c98933) add     s2, s3, t3
core   0: 3 0x8000752e (0x01c98933) x18 0x7d1b119b
core   0: 0x80007532 (0x2bb92793) slti    a5, s2, 699
core   0: 3 0x80007532 (0x2bb92793) x15 0x00000000
core   0: 0x80007536 (0x00b0f033) and     zero, ra, a1
core   0: 3 0x80007536 (0x00b0f033)
core   0: 0x8000753a (0x0000653d) c.lui   a0, 0xf
core   0: 3 0x8000753a (0x653d) x10 0x0000f000
core   0: 0x8000753c (0x027c8bb3) mul     s7, s9, t2
core   0: 3 0x8000753c (0x027c8bb3) x23 0x03b5afa0
core   0: 0x80007540 (0x03e948b3) div     a7, s2, t5
core   0: 3 0x80007540 (0x03e948b3) x17 0xffffffff
core   0: 0x80007544 (0x00a404b3) add     s1, s0, a0
core   0: 3 0x80007544 (0x00a404b3) x 9 0x0000f000
core   0: 0x80007548 (0x00008f09) c.sub   a4, a0
core   0: 3 0x80007548 (0x8f09) x14 0xffff0fff
core   0: 0x8000754a (0xe84b6213) ori     tp, s6, -380
core   0: 3 0x8000754a (0xe84b6213) x 4 0xffffffb7
core   0: 0x8000754e (0x018bec33) or      s8, s7, s8
core   0: 3 0x8000754e (0x018bec33) x24 0xa3ffefe8
core   0: 0x80007552 (0x8c8ee597) auipc   a1, 0x8c8ee
core   0: 3 0x80007552 (0x8c8ee597) x11 0x0c8f5552
core   0: 0x80007556 (0x0000997d) c.andi  a0, -1
core   0: 3 0x80007556 (0x997d) x10 0x0000f000
core   0: 0x80007558 (0x022fd133) divu    sp, t6, sp
core   0: 3 0x80007558 (0x022fd133) x 2 0x00000001
core   0: 0x8000755c (0x64c8af13) slti    t5, a7, 1612
core   0: 3 0x8000755c (0x64c8af13) x30 0x00000001
core   0: 0x80007560 (0x03bf0db3) mul     s11, t5, s11
core   0: 3 0x80007560 (0x03bf0db3) x27 0x00000000
core   0: 0x80007564 (0x00b1ffb3) and     t6, gp, a1
core   0: 3 0x80007564 (0x00b1ffb3) x31 0x00060000
core   0: 0x80007568 (0x03599833) mulh    a6, s3, s5
core   0: 3 0x80007568 (0x03599833) x16 0x00000000
core   0: 0x8000756c (0x01be6c33) or      s8, t3, s11
core   0: 3 0x8000756c (0x01be6c33) x24 0xfd1a2337
core   0: 0x80007570 (0x00008935) c.andi  a0, 13
core   0: 3 0x80007570 (0x8935) x10 0x00000000
core   0: 0x80007572 (0x00004295) c.li    t0, 5
core   0: 3 0x80007572 (0x4295) x 5 0x00000005
core   0: 0x80007574 (0xb2654893) xori    a7, a0, -1242
core   0: 3 0x80007574 (0xb2654893) x17 0xfffffb26
core   0: 0x80007578 (0x02654133) div     sp, a0, t1
core   0: 3 0x80007578 (0x02654133) x 2 0x00000000
core   0: 0x8000757c (0x014648b3) xor     a7, a2, s4
core   0: 3 0x8000757c (0x014648b3) x17 0xffffffff
core   0: 0x80007580 (0x40705813) srai    a6, zero, 7
core   0: 3 0x80007580 (0x40705813) x16 0x00000000
core   0: 0x80007584 (0xab3ca013) slti    zero, s9, -1357
core   0: 3 0x80007584 (0xab3ca013)
core   0: 0x80007588 (0x00000b2a) c.slli  s6, 10
core   0: 3 0x80007588 (0x0b2a) x22 0x688cdc00
core   0: 0x8000758a (0x00008e8d) c.sub   a3, a1
core   0: 3 0x8000758a (0x8e8d) x13 0xf370aaad
core   0: 0x8000758c (0x0303a033) mulhsu  zero, t2, a6
core   0: 3 0x8000758c (0x0303a033)
core   0: 0x80007590 (0x03946f33) rem     t5, s0, s9
core   0: 3 0x80007590 (0x03946f33) x30 0x00000000
core   0: 0x80007594 (0x0000832d) c.srli  a4, 11
core   0: 3 0x80007594 (0x832d) x14 0x001fffe1
core   0: 0x80007596 (0x03ada233) mulhsu  tp, s11, s10
core   0: 3 0x80007596 (0x03ada233) x 4 0x00000000
core   0: 0x8000759a (0x0004d213) srli    tp, s1, 0
core   0: 3 0x8000759a (0x0004d213) x 4 0x0000f000
core   0: 0x8000759e (0xca305bb7) lui     s7, 0xca305
core   0: 3 0x8000759e (0xca305bb7) x23 0xca305000
core   0: 0x800075a2 (0x8e3df893) andi    a7, s11, -1821
core   0: 3 0x800075a2 (0x8e3df893) x17 0x00000000
core   0: 0x800075a6 (0x00000756) c.slli  a4, 21
core   0: 3 0x800075a6 (0x0756) x14 0xfc200000
core   0: 0x800075a8 (0x01036bb3) or      s7, t1, a6
core   0: 3 0x800075a8 (0x01036bb3) x23 0x0000051a
core   0: 0x800075ac (0x02119f33) mulh    t5, gp, ra
core   0: 3 0x800075ac (0x02119f33) x30 0x02d93f5a
core   0: 0x800075b0 (0xd6a6f713) andi    a4, a3, -662
core   0: 3 0x800075b0 (0xd6a6f713) x14 0xf370a828
core   0: 0x800075b4 (0x0000717d) c.addi16sp sp, -16
core   0: 3 0x800075b4 (0x717d) x 2 0xfffffff0
core   0: 0x800075b6 (0x03a648b3) div     a7, a2, s10
core   0: 3 0x800075b6 (0x03a648b3) x17 0x00000000
core   0: 0x800075ba (0xda0a2817) auipc   a6, 0xda0a2
core   0: 3 0x800075ba (0xda0a2817) x16 0x5a0a95ba
core   0: 0x800075be (0x032afe33) remu    t3, s5, s2
core   0: 3 0x800075be (0x032afe33) x28 0x00000000
core   0: 0x800075c2 (0x02ec1b33) mulh    s6, s8, a4
core   0: 3 0x800075c2 (0x02ec1b33) x22 0x002465be
core   0: 0x800075c6 (0x00008fbd) c.xor   a5, a5
core   0: 3 0x800075c6 (0x8fbd) x15 0x00000000
core   0: 0x800075c8 (0x4115d713) srai    a4, a1, 17
core   0: 3 0x800075c8 (0x4115d713) x14 0x00000647
core   0: 0x800075cc (0x01b6d1b3) srl     gp, a3, s11
core   0: 3 0x800075cc (0x01b6d1b3) x 3 0xf370aaad
core   0: 0x800075d0 (0x00008c91) c.sub   s1, a2
core   0: 3 0x800075d0 (0x8c91) x 9 0x0000f000
core   0: 0x800075d2 (0x0054c1b3) xor     gp, s1, t0
core   0: 3 0x800075d2 (0x0054c1b3) x 3 0x0000f005
core   0: 0x800075d6 (0x782d2493) slti    s1, s10, 1922
core   0: 3 0x800075d6 (0x782d2493) x 9 0x00000001
core   0: 0x800075da (0x6ed54813) xori    a6, a0, 1773
core   0: 3 0x800075da (0x6ed54813) x16 0x000006ed
core   0: 0x800075de (0x00009bfd) c.andi  a5, -1
core   0: 3 0x800075de (0x9bfd) x15 0x00000000
core   0: 0x800075e0 (0x00009ad2) c.add   s5, s4
core   0: 3 0x800075e0 (0x9ad2) x21 0xffffffff
core   0: 0x800075e2 (0x03072e33) mulhsu  t3, a4, a6
core   0: 3 0x800075e2 (0x03072e33) x28 0x00000000
core   0: 0x800075e6 (0x00c09c13) slli    s8, ra, 12
core   0: 3 0x800075e6 (0x00c09c13) x24 0x95878000
core   0: 0x800075ea (0x013e3333) sltu    t1, t3, s3
core   0: 3 0x800075ea (0x013e3333) x 6 0x00000001
core   0: 0x800075ee (0x00008ee9) c.and   a3, a0
core   0: 3 0x800075ee (0x8ee9) x13 0x00000000
core   0: 0x800075f0 (0x74fe8693) addi    a3, t4, 1871
core   0: 3 0x800075f0 (0x74fe8693) x13 0x0000074f
core   0: 0x800075f4 (0x61bb8313) addi    t1, s7, 1563
core   0: 3 0x800075f4 (0x61bb8313) x 6 0x00000b35
core   0: 0x800075f8 (0x0000127d) c.addi  tp, -1
core   0: 3 0x800075f8 (0x127d) x 4 0x0000efff
core   0: 0x800075fa (0x00000001) c.nop
core   0: 3 0x800075fa (0x0001)
core   0: 0x800075fc (0x00008c31) c.xor   s0, a2
core   0: 3 0x800075fc (0x8c31) x 8 0x00000000
core   0: 0x800075fe (0x032f37b3) mulhu   a5, t5, s2
core   0: 3 0x800075fe (0x032f37b3) x15 0x0164610a
core   0: 0x80007602 (0x00006dd5) c.lui   s11, 0x15
core   0: 3 0x80007602 (0x6dd5) x27 0x00015000
core   0: 0x80007604 (0x000086fd) c.srai  a3, 31
core   0: 3 0x80007604 (0x86fd) x13 0x00000000
core   0: 0x80007606 (0x00008a6a) c.mv    s4, s10
core   0: 3 0x80007606 (0x8a6a) x20 0x00000001
core   0: 0x80007608 (0x9f962c93) slti    s9, a2, -1543
core   0: 3 0x80007608 (0x9f962c93) x25 0x00000000
core   0: 0x8000760c (0x00000e8e) c.slli  t4, 3
core   0: 3 0x8000760c (0x0e8e) x29 0x00000000
core   0: 0x8000760e (0x00f8e433) or      s0, a7, a5
core   0: 3 0x8000760e (0x00f8e433) x 8 0x0164610a
core   0: 0x80007612 (0x2e2cc193) xori    gp, s9, 738
core   0: 3 0x80007612 (0x2e2cc193) x 3 0x000002e2
core   0: 0x80007616 (0x000051fd) c.li    gp, -1
core   0: 3 0x80007616 (0x51fd) x 3 0xffffffff
core   0: 0x80007618 (0x01612b13) slti    s6, sp, 22
core   0: 3 0x80007618 (0x01612b13) x22 0x00000001
core   0: 0x8000761c (0x97e75497) auipc   s1, 0x97e75
core   0: 3 0x8000761c (0x97e75497) x 9 0x17e7c61c
core   0: 0x80007620 (0x00481913) slli    s2, a6, 4
core   0: 3 0x80007620 (0x00481913) x18 0x00006ed0
core   0: 0x80007624 (0x01391193) slli    gp, s2, 19
core   0: 3 0x80007624 (0x01391193) x 3 0x76800000
core   0: 0x80007628 (0x00009e66) c.add   t3, s9
core   0: 3 0x80007628 (0x9e66) x28 0x00000000
core   0: 0x8000762a (0x03b81233) mulh    tp, a6, s11
core   0: 3 0x8000762a (0x03b81233) x 4 0x00000000
core   0: 0x8000762e (0xf915df17) auipc   t5, 0xf915d
core   0: 3 0x8000762e (0xf915df17) x30 0x7916462e
core   0: 0x80007632 (0x0337e533) rem     a0, a5, s3
core   0: 3 0x80007632 (0x0337e533) x10 0x0164610a
core   0: 0x80007636 (0x000082d9) c.srli  a3, 22
core   0: 3 0x80007636 (0x82d9) x13 0x00000000
core   0: 0x80007638 (0x0000936e) c.add   t1, s11
core   0: 3 0x80007638 (0x936e) x 6 0x00015b35
core   0: 0x8000763a (0x00000f06) c.slli  t5, 1
core   0: 3 0x8000763a (0x0f06) x30 0xf22c8c5c
core   0: 0x8000763c (0x000081bd) c.srli  a1, 15
core   0: 3 0x8000763c (0x81bd) x11 0x0000191e
core   0: 0x8000763e (0x03528db3) mul     s11, t0, s5
core   0: 3 0x8000763e (0x03528db3) x27 0xfffffffb
core   0: 0x80007642 (0x00008f16) c.mv    t5, t0
core   0: 3 0x80007642 (0x8f16) x30 0x00000005
core   0: 0x80007644 (0x01eee933) or      s2, t4, t5
core   0: 3 0x80007644 (0x01eee933) x18 0x00000005
core   0: 0x80007648 (0x0000613d) c.addi16sp sp, 480
core   0: 3 0x80007648 (0x613d) x 2 0x000001d0
core   0: 0x8000764a (0x7e42c037) lui     zero, 0x7e42c
core   0: 3 0x8000764a (0x7e42c037)
core   0: 0x8000764e (0x0000010a) c.slli  sp, 2
core   0: 3 0x8000764e (0x010a) x 2 0x00000740
core   0: 0x80007650 (0xc9cbc413) xori    s0, s7, -868
core   0: 3 0x80007650 (0xc9cbc413) x 8 0xfffff986
core   0: 0x80007654 (0xc3bcdc97) auipc   s9, 0xc3bcd
core   0: 3 0x80007654 (0xc3bcdc97) x25 0x43bd4654
core   0: 0x80007658 (0xff308493) addi    s1, ra, -13
core   0: 3 0x80007658 (0xff308493) x 9 0x0b29586b
core   0: 0x8000765c (0x00008d91) c.sub   a1, a2
core   0: 3 0x8000765c (0x8d91) x11 0x0000191e
core   0: 0x8000765e (0x006bdc93) srli    s9, s7, 6
core   0: 3 0x8000765e (0x006bdc93) x25 0x00000014
core   0: 0x80007662 (0x00000935) c.addi  s2, 13
core   0: 3 0x80007662 (0x0935) x18 0x00000012
core   0: 0x80007664 (0x41464193) xori    gp, a2, 1044
core   0: 3 0x80007664 (0x41464193) x 3 0x00000414
core   0: 0x80007668 (0x00001c7d) c.addi  s8, -1
core   0: 3 0x80007668 (0x1c7d) x24 0x95877fff
core   0: 0x8000766a (0x008915b3) sll     a1, s2, s0
core   0: 3 0x8000766a (0x008915b3) x11 0x00000480
core   0: 0x8000766e (0x00008e99) c.sub   a3, a4
core   0: 3 0x8000766e (0x8e99) x13 0xfffff9b9
core   0: 0x80007670 (0x02d1c4b3) div     s1, gp, a3
core   0: 3 0x80007670 (0x02d1c4b3) x 9 0x00000000
core   0: 0x80007674 (0x0139bf33) sltu    t5, s3, s3
core   0: 3 0x80007674 (0x0139bf33) x30 0x00000000
core   0: 0x80007678 (0x00008e89) c.sub   a3, a0
core   0: 3 0x80007678 (0x8e89) x13 0xfe9b98af
core   0: 0x8000767a (0x00000f36) c.slli  t5, 13
core   0: 3 0x8000767a (0x0f36) x30 0x00000000
core   0: 0x8000767c (0xc757a913) slti    s2, a5, -907
core   0: 3 0x8000767c (0xc757a913) x18 0x00000000
core   0: 0x80007680 (0x000082b9) c.srli  a3, 14
core   0: 3 0x80007680 (0x82b9) x13 0x0003fa6e
core   0: 0x80007682 (0x00000a08) c.addi4spn a0, sp, 272
core   0: 3 0x80007682 (0x0a08) x10 0x00000850
core   0: 0x80007684 (0x03c957b3) divu    a5, s2, t3
core   0: 3 0x80007684 (0x03c957b3) x15 0xffffffff
core   0: 0x80007688 (0xc7173793) sltiu   a5, a4, -911
core   0: 3 0x80007688 (0xc7173793) x15 0x00000001
core   0: 0x8000768c (0x02da5bb3) divu    s7, s4, a3
core   0: 3 0x8000768c (0x02da5bb3) x23 0x00000000
core   0: 0x80007690 (0x031a6d33) rem     s10, s4, a7
core   0: 3 0x80007690 (0x031a6d33) x26 0x00000001
core   0: 0x80007694 (0x00ca7e33) and     t3, s4, a2
core   0: 3 0x80007694 (0x00ca7e33) x28 0x00000000
core   0: 0x80007698 (0x00006ef1) c.lui   t4, 0x1c
core   0: 3 0x80007698 (0x6ef1) x29 0x0001c000
core   0: 0x8000769a (0x0378c4b3) div     s1, a7, s7
core   0: 3 0x8000769a (0x0378c4b3) x 9 0xffffffff
core   0: 0x8000769e (0x000083ed) c.srli  a5, 27
core   0: 3 0x8000769e (0x83ed) x15 0x00000000
core   0: 0x800076a0 (0x00008379) c.srli  a4, 30
core   0: 3 0x800076a0 (0x8379) x14 0x00000000
core   0: 0x800076a2 (0x00aeaab3) slt     s5, t4, a0
core   0: 3 0x800076a2 (0x00aeaab3) x21 0x00000000
core   0: 0x800076a6 (0x00000b75) c.addi  s6, 29
core   0: 3 0x800076a6 (0x0b75) x22 0x0000001e
core   0: 0x800076a8 (0x00000001) c.nop
core   0: 3 0x800076a8 (0x0001)
core   0: 0x800076aa (0x03695133) divu    sp, s2, s6
core   0: 3 0x800076aa (0x03695133) x 2 0x00000000
core   0: 0x800076ae (0x65dee693) ori     a3, t4, 1629
core   0: 3 0x800076ae (0x65dee693) x13 0x0001c65d
core   0: 0x800076b2 (0xeac6f713) andi    a4, a3, -340
core   0: 3 0x800076b2 (0xeac6f713) x14 0x0001c60c
core   0: 0x800076b6 (0x03eb5ab3) divu    s5, s6, t5
core   0: 3 0x800076b6 (0x03eb5ab3) x21 0xffffffff
core   0: 0x800076ba (0xb2cc8093) addi    ra, s9, -1236
core   0: 3 0x800076ba (0xb2cc8093) x 1 0xfffffb40
core   0: 0x800076be (0x00008cf9) c.and   s1, a4
core   0: 3 0x800076be (0x8cf9) x 9 0x0001c60c
core   0: 0x800076c0 (0x00000001) c.nop
core   0: 3 0x800076c0 (0x0001)
core   0: 0x800076c2 (0x00008f25) c.xor   a4, s1
core   0: 3 0x800076c2 (0x8f25) x14 0x00000000
core   0: 0x800076c4 (0x020570b3) remu    ra, a0, zero
core   0: 3 0x800076c4 (0x020570b3) x 1 0x00000850
core   0: 0x800076c8 (0x031f0533) mul     a0, t5, a7
core   0: 3 0x800076c8 (0x031f0533) x10 0x00000000
core   0: 0x800076cc (0x4000dd13) srai    s10, ra, 0
core   0: 3 0x800076cc (0x4000dd13) x26 0x00000850
core   0: 0x800076d0 (0x0232e033) rem     zero, t0, gp
core   0: 3 0x800076d0 (0x0232e033)
core   0: 0x800076d4 (0x00000fb6) c.slli  t6, 13
core   0: 3 0x800076d4 (0x0fb6) x31 0xc0000000
core   0: 0x800076d6 (0x0000810d) c.srli  a0, 3
core   0: 3 0x800076d6 (0x810d) x10 0x00000000
core   0: 0x800076d8 (0x027671b3) remu    gp, a2, t2
core   0: 3 0x800076d8 (0x027671b3) x 3 0x00000000
core   0: 0x800076dc (0x4194d1b3) sra     gp, s1, s9
core   0: 3 0x800076dc (0x4194d1b3) x 3 0x00000000
core   0: 0x800076e0 (0x03de4433) div     s0, t3, t4
core   0: 3 0x800076e0 (0x03de4433) x 8 0x00000000
core   0: 0x800076e4 (0x01ab5eb3) srl     t4, s6, s10
core   0: 3 0x800076e4 (0x01ab5eb3) x29 0x00000000
core   0: 0x800076e8 (0x00000001) c.nop
core   0: 3 0x800076e8 (0x0001)
core   0: 0x800076ea (0x0000829d) c.srli  a3, 7
core   0: 3 0x800076ea (0x829d) x13 0x0000038c
core   0: 0x800076ec (0x02386433) rem     s0, a6, gp
core   0: 3 0x800076ec (0x02386433) x 8 0x000006ed
core   0: 0x800076f0 (0x402f58b3) sra     a7, t5, sp
core   0: 3 0x800076f0 (0x402f58b3) x17 0x00000000
core   0: 0x800076f4 (0x00000449) c.addi  s0, 18
core   0: 3 0x800076f4 (0x0449) x 8 0x000006ff
core   0: 0x800076f6 (0x0392ffb3) remu    t6, t0, s9
core   0: 3 0x800076f6 (0x0392ffb3) x31 0x00000005
core   0: 0x800076fa (0x014ff8b3) and     a7, t6, s4
core   0: 3 0x800076fa (0x014ff8b3) x17 0x00000001
core   0: 0x800076fe (0x00e92733) slt     a4, s2, a4
core   0: 3 0x800076fe (0x00e92733) x14 0x00000000
core   0: 0x80007702 (0x0000547d) c.li    s0, -1
core   0: 3 0x80007702 (0x547d) x 8 0xffffffff
core   0: 0x80007704 (0xb0e620b7) lui     ra, 0xb0e62
core   0: 3 0x80007704 (0xb0e620b7) x 1 0xb0e62000
core   0: 0x80007708 (0x00008ee5) c.and   a3, s1
core   0: 3 0x80007708 (0x8ee5) x13 0x0000020c
core   0: 0x8000770a (0x004c5013) srli    zero, s8, 4
core   0: 3 0x8000770a (0x004c5013)
core   0: 0x8000770e (0x40f355b3) sra     a1, t1, a5
core   0: 3 0x8000770e (0x40f355b3) x11 0x00015b35
core   0: 0x80007712 (0x40705793) srai    a5, zero, 7
core   0: 3 0x80007712 (0x40705793) x15 0x00000000
core   0: 0x80007716 (0x02e78933) mul     s2, a5, a4
core   0: 3 0x80007716 (0x02e78933) x18 0x00000000
core   0: 0x8000771a (0xd5354c93) xori    s9, a0, -685
core   0: 3 0x8000771a (0xd5354c93) x25 0xfffffd53
core   0: 0x8000771e (0x00000129) c.addi  sp, 10
core   0: 3 0x8000771e (0x0129) x 2 0x0000000a
core   0: 0x80007720 (0x0000831e) c.mv    t1, t2
core   0: 3 0x80007720 (0x831e) x 6 0x80012ce4
core   0: 0x80007722 (0x0150d7b3) srl     a5, ra, s5
core   0: 3 0x80007722 (0x0150d7b3) x15 0x00000001
core   0: 0x80007726 (0x51884e13) xori    t3, a6, 1304
core   0: 3 0x80007726 (0x51884e13) x28 0x000003f5
core   0: 0x8000772a (0x0e4e4c13) xori    s8, t3, 228
core   0: 3 0x8000772a (0x0e4e4c13) x24 0x00000311
core   0: 0x8000772e (0x021030b3) mulhu   ra, zero, ra
core   0: 3 0x8000772e (0x021030b3) x 1 0x00000000
core   0: 0x80007732 (0x00008435) c.srai  s0, 13
core   0: 3 0x80007732 (0x8435) x 8 0xffffffff
core   0: 0x80007734 (0x03d63db3) mulhu   s11, a2, t4
core   0: 3 0x80007734 (0x03d63db3) x27 0x00000000
core   0: 0x80007738 (0xaf439a97) auipc   s5, 0xaf439
core   0: 3 0x80007738 (0xaf439a97) x21 0x2f440738
core   0: 0x8000773c (0x00000001) c.nop
core   0: 3 0x8000773c (0x0001)
core   0: 0x8000773e (0x000086bd) c.srai  a3, 15
core   0: 3 0x8000773e (0x86bd) x13 0x00000000
core   0: 0x80007740 (0x41bddb33) sra     s6, s11, s11
core   0: 3 0x80007740 (0x41bddb33) x22 0x00000000
core   0: 0x80007744 (0x41328bb3) sub     s7, t0, s3
core   0: 3 0x80007744 (0x41328bb3) x23 0x7fff11a1
core   0: 0x80007748 (0x00008c41) c.or    s0, s0
core   0: 3 0x80007748 (0x8c41) x 8 0xffffffff
core   0: 0x8000774a (0x03df6db3) rem     s11, t5, t4
core   0: 3 0x8000774a (0x03df6db3) x27 0x00000000
core   0: 0x8000774e (0x019eca33) xor     s4, t4, s9
core   0: 3 0x8000774e (0x019eca33) x20 0xfffffd53
core   0: 0x80007752 (0x12c22193) slti    gp, tp, 300
core   0: 3 0x80007752 (0x12c22193) x 3 0x00000001
core   0: 0x80007756 (0x01710933) add     s2, sp, s7
core   0: 3 0x80007756 (0x01710933) x18 0x7fff11ab
core   0: 0x8000775a (0x0301fe33) remu    t3, gp, a6
core   0: 3 0x8000775a (0x0301fe33) x28 0x00000001
core   0: 0x8000775e (0x3e2cb697) auipc   a3, 0x3e2cb
core   0: 3 0x8000775e (0x3e2cb697) x13 0xbe2d275e
core   0: 0x80007762 (0x03618233) mul     tp, gp, s6
core   0: 3 0x80007762 (0x03618233) x 4 0x00000000
core   0: 0x80007766 (0x27840013) addi    zero, s0, 632
core   0: 3 0x80007766 (0x27840013)
core   0: 0x8000776a (0x01ca54b3) srl     s1, s4, t3
core   0: 3 0x8000776a (0x01ca54b3) x 9 0x7ffffea9
core   0: 0x8000776e (0x00008c56) c.mv    s8, s5
core   0: 3 0x8000776e (0x8c56) x24 0x2f440738
core   0: 0x80007770 (0x00fd1c13) slli    s8, s10, 15
core   0: 3 0x80007770 (0x00fd1c13) x24 0x04280000
core   0: 0x80007774 (0x0305a1b3) mulhsu  gp, a1, a6
core   0: 3 0x80007774 (0x0305a1b3) x 3 0x00000000
core   0: 0x80007778 (0x700b7d13) andi    s10, s6, 1792
core   0: 3 0x80007778 (0x700b7d13) x26 0x00000000
core   0: 0x8000777c (0x02902d33) mulhsu  s10, zero, s1
core   0: 3 0x8000777c (0x02902d33) x26 0x00000000
core   0: 0x80007780 (0x00711b13) slli    s6, sp, 7
core   0: 3 0x80007780 (0x00711b13) x22 0x00000500
core   0: 0x80007784 (0x01d4fa33) and     s4, s1, t4
core   0: 3 0x80007784 (0x01d4fa33) x20 0x00000000
core   0: 0x80007788 (0x03fbb733) mulhu   a4, s7, t6
core   0: 3 0x80007788 (0x03fbb733) x14 0x00000002
core   0: 0x8000778c (0x658dbc37) lui     s8, 0x658db
core   0: 3 0x8000778c (0x658dbc37) x24 0x658db000
core   0: 0x80007790 (0x02c4fdb3) remu    s11, s1, a2
core   0: 3 0x80007790 (0x02c4fdb3) x27 0x7ffffea9
core   0: 0x80007794 (0x025a3133) mulhu   sp, s4, t0
core   0: 3 0x80007794 (0x025a3133) x 2 0x00000000
core   0: 0x80007798 (0x01308bb3) add     s7, ra, s3
core   0: 3 0x80007798 (0x01308bb3) x23 0x8000ee64
core   0: 0x8000779c (0x01b3b333) sltu    t1, t2, s11
core   0: 3 0x8000779c (0x01b3b333) x 6 0x00000000
core   0: 0x800077a0 (0x024ebab3) mulhu   s5, t4, tp
core   0: 3 0x800077a0 (0x024ebab3) x21 0x00000000
core   0: 0x800077a4 (0x0120d193) srli    gp, ra, 18
core   0: 3 0x800077a4 (0x0120d193) x 3 0x00000000
core   0: 0x800077a8 (0x03523cb3) mulhu   s9, tp, s5
core   0: 3 0x800077a8 (0x03523cb3) x25 0x00000000
core   0: 0x800077ac (0x05e9e237) lui     tp, 0x5e9e
core   0: 3 0x800077ac (0x05e9e237) x 4 0x05e9e000
core   0: 0x800077b0 (0x00315133) srl     sp, sp, gp
core   0: 3 0x800077b0 (0x00315133) x 2 0x00000000
core   0: 0x800077b4 (0x00000798) c.addi4spn a4, sp, 960
core   0: 3 0x800077b4 (0x0798) x14 0x000003c0
core   0: 0x800077b6 (0x00380233) add     tp, a6, gp
core   0: 3 0x800077b6 (0x00380233) x 4 0x000006ed
core   0: 0x800077ba (0x019ae233) or      tp, s5, s9
core   0: 3 0x800077ba (0x019ae233) x 4 0x00000000
core   0: 0x800077be (0x001eddb3) srl     s11, t4, ra
core   0: 3 0x800077be (0x001eddb3) x27 0x00000000
core   0: 0x800077c2 (0x03fe2bb3) mulhsu  s7, t3, t6
core   0: 3 0x800077c2 (0x03fe2bb3) x23 0x00000000
core   0: 0x800077c6 (0x4b902c13) slti    s8, zero, 1209
core   0: 3 0x800077c6 (0x4b902c13) x24 0x00000001
core   0: 0x800077ca (0x00008339) c.srli  a4, 14
core   0: 3 0x800077ca (0x8339) x14 0x00000000
core   0: 0x800077cc (0xcff95437) lui     s0, 0xcff95
core   0: 3 0x800077cc (0xcff95437) x 8 0xcff95000
core   0: 0x800077d0 (0x414e8bb3) sub     s7, t4, s4
core   0: 3 0x800077d0 (0x414e8bb3) x23 0x00000000
core   0: 0x800077d4 (0x00004725) c.li    a4, 9
core   0: 3 0x800077d4 (0x4725) x14 0x00000009
core   0: 0x800077d6 (0x03853cb3) mulhu   s9, a0, s8
core   0: 3 0x800077d6 (0x03853cb3) x25 0x00000000
core   0: 0x800077da (0x00008dbd) c.xor   a1, a5
core   0: 3 0x800077da (0x8dbd) x11 0x00015b34
core   0: 0x800077dc (0x00b62ab3) slt     s5, a2, a1
core   0: 3 0x800077dc (0x00b62ab3) x21 0x00000001
core   0: 0x800077e0 (0x00000ade) c.slli  s5, 23
core   0: 3 0x800077e0 (0x0ade) x21 0x00800000
core   0: 0x800077e2 (0x020598b3) mulh    a7, a1, zero
core   0: 3 0x800077e2 (0x020598b3) x17 0x00000000
core   0: 0x800077e6 (0x02fdb533) mulhu   a0, s11, a5
core   0: 3 0x800077e6 (0x02fdb533) x10 0x00000000
core   0: 0x800077ea (0x017616b3) sll     a3, a2, s7
core   0: 3 0x800077ea (0x017616b3) x13 0x00000000
core   0: 0x800077ee (0x004e8133) add     sp, t4, tp
core   0: 3 0x800077ee (0x004e8133) x 2 0x00000000
core   0: 0x800077f2 (0x00000280) c.addi4spn s0, sp, 320
core   0: 3 0x800077f2 (0x0280) x 8 0x00000140
core   0: 0x800077f4 (0x00006ecd) c.lui   t4, 0x13
core   0: 3 0x800077f4 (0x6ecd) x29 0x00013000
core   0: 0x800077f6 (0x5d8b6cb7) lui     s9, 0x5d8b6
core   0: 3 0x800077f6 (0x5d8b6cb7) x25 0x5d8b6000
core   0: 0x800077fa (0x26336817) auipc   a6, 0x26336
core   0: 3 0x800077fa (0x26336817) x16 0xa633d7fa
core   0: 0x800077fe (0x00251eb3) sll     t4, a0, sp
core   0: 3 0x800077fe (0x00251eb3) x29 0x00000000
core   0: 0x80007802 (0x000088a6) c.mv    a7, s1
core   0: 3 0x80007802 (0x88a6) x17 0x7ffffea9
core   0: 0x80007804 (0x00008c39) c.xor   s0, a4
core   0: 3 0x80007804 (0x8c39) x 8 0x00000149
core   0: 0x80007806 (0x00008d7d) c.and   a0, a5
core   0: 3 0x80007806 (0x8d7d) x10 0x00000000
core   0: 0x80007808 (0x5cd60917) auipc   s2, 0x5cd60
core   0: 3 0x80007808 (0x5cd60917) x18 0xdcd67808
core   0: 0x8000780c (0x00000001) c.nop
core   0: 3 0x8000780c (0x0001)
core   0: 0x8000780e (0x409f0c33) sub     s8, t5, s1
core   0: 3 0x8000780e (0x409f0c33) x24 0x80000157
core   0: 0x80007812 (0xad412413) slti    s0, sp, -1324
core   0: 3 0x80007812 (0xad412413) x 8 0x00000000
core   0: 0x80007816 (0x033bc6b3) div     a3, s7, s3
core   0: 3 0x80007816 (0x033bc6b3) x13 0x00000000
core   0: 0x8000781a (0xa0528c93) addi    s9, t0, -1531
core   0: 3 0x8000781a (0xa0528c93) x25 0xfffffa0a
core   0: 0x8000781e (0x00001b94) c.addi4spn a3, sp, 496
core   0: 3 0x8000781e (0x1b94) x13 0x000001f0
core   0: 0x80007820 (0x02d61833) mulh    a6, a2, a3
core   0: 3 0x80007820 (0x02d61833) x16 0x00000000
core   0: 0x80007824 (0x4752e817) auipc   a6, 0x4752e
core   0: 3 0x80007824 (0x4752e817) x16 0xc7535824
core   0: 0x80007828 (0x0292f333) remu    t1, t0, s1
core   0: 3 0x80007828 (0x0292f333) x 6 0x00000005
core   0: 0x8000782c (0x00297933) and     s2, s2, sp
core   0: 3 0x8000782c (0x00297933) x18 0x00000000
core   0: 0x80007830 (0x00008999) c.andi  a1, 6
core   0: 3 0x80007830 (0x8999) x11 0x00000004
core   0: 0x80007832 (0x403001b3) sub     gp, zero, gp
core   0: 3 0x80007832 (0x403001b3) x 3 0x00000000
core   0: 0x80007836 (0x037fee33) rem     t3, t6, s7
core   0: 3 0x80007836 (0x037fee33) x28 0x00000005
core   0: 0x8000783a (0x00004bbd) c.li    s7, 15
core   0: 3 0x8000783a (0x4bbd) x23 0x0000000f
core   0: 0x8000783c (0x0281bf33) mulhu   t5, gp, s0
core   0: 3 0x8000783c (0x0281bf33) x30 0x00000000
core   0: 0x80007840 (0x00008c6d) c.and   s0, a1
core   0: 3 0x80007840 (0x8c6d) x 8 0x00000000
core   0: 0x80007842 (0x03004033) div     zero, zero, a6
core   0: 3 0x80007842 (0x03004033)
core   0: 0x80007846 (0x418a5293) srai    t0, s4, 24
core   0: 3 0x80007846 (0x418a5293) x 5 0x00000000
core   0: 0x8000784a (0x000016fd) c.addi  a3, -1
core   0: 3 0x8000784a (0x16fd) x13 0x000001ef
core   0: 0x8000784c (0x6c06a337) lui     t1, 0x6c06a
core   0: 3 0x8000784c (0x6c06a337) x 6 0x6c06a000
core   0: 0x80007850 (0x00b077b3) and     a5, zero, a1
core   0: 3 0x80007850 (0x00b077b3) x15 0x00000000
core   0: 0x80007854 (0x5a8d6a37) lui     s4, 0x5a8d6
core   0: 3 0x80007854 (0x5a8d6a37) x20 0x5a8d6000
core   0: 0x80007858 (0x000086e9) c.srai  a3, 26
core   0: 3 0x80007858 (0x86e9) x13 0x00000000
core   0: 0x8000785a (0x02887bb3) remu    s7, a6, s0
core   0: 3 0x8000785a (0x02887bb3) x23 0xc7535824
core   0: 0x8000785e (0x00865333) srl     t1, a2, s0
core   0: 3 0x8000785e (0x00865333) x 6 0x00000000
core   0: 0x80007862 (0x00000a18) c.addi4spn a4, sp, 272
core   0: 3 0x80007862 (0x0a18) x14 0x00000110
core   0: 0x80007864 (0x00df6e33) or      t3, t5, a3
core   0: 3 0x80007864 (0x00df6e33) x28 0x00000000
core   0: 0x80007868 (0x001adbb3) srl     s7, s5, ra
core   0: 3 0x80007868 (0x001adbb3) x23 0x00800000
core   0: 0x8000786c (0x41075793) srai    a5, a4, 16
core   0: 3 0x8000786c (0x41075793) x15 0x00000000
core   0: 0x80007870 (0x01a45fb3) srl     t6, s0, s10
core   0: 3 0x80007870 (0x01a45fb3) x31 0x00000000
core   0: 0x80007874 (0x01ce6733) or      a4, t3, t3
core   0: 3 0x80007874 (0x01ce6733) x14 0x00000000
core   0: 0x80007878 (0xa8bdb493) sltiu   s1, s11, -1397
core   0: 3 0x80007878 (0xa8bdb493) x 9 0x00000001
core   0: 0x8000787c (0x000082ee) c.mv    t0, s11
core   0: 3 0x8000787c (0x82ee) x 5 0x00000000
core   0: 0x8000787e (0x017bb733) sltu    a4, s7, s7
core   0: 3 0x8000787e (0x017bb733) x14 0x00000000
core   0: 0x80007882 (0x02c93db3) mulhu   s11, s2, a2
core   0: 3 0x80007882 (0x02c93db3) x27 0x00000000
core   0: 0x80007886 (0x0197dfb3) srl     t6, a5, s9
core   0: 3 0x80007886 (0x0197dfb3) x31 0x00000000
core   0: 0x8000788a (0x019e78b3) and     a7, t3, s9
core   0: 3 0x8000788a (0x019e78b3) x17 0x00000000
core   0: 0x8000788e (0x799f9097) auipc   ra, 0x799f9
core   0: 3 0x8000788e (0x799f9097) x 1 0xf9a0088e
core   0: 0x80007892 (0x02946b33) rem     s6, s0, s1
core   0: 3 0x80007892 (0x02946b33) x22 0x00000000
core   0: 0x80007896 (0x00955d13) srli    s10, a0, 9
core   0: 3 0x80007896 (0x00955d13) x26 0x00000000
core   0: 0x8000789a (0x0087c4b3) xor     s1, a5, s0
core   0: 3 0x8000789a (0x0087c4b3) x 9 0x00000000
core   0: 0x8000789e (0x00585f33) srl     t5, a6, t0
core   0: 3 0x8000789e (0x00585f33) x30 0xc7535824
core   0: 0x800078a2 (0x00009bf2) c.add   s7, t3
core   0: 3 0x800078a2 (0x9bf2) x23 0x00800000
core   0: 0x800078a4 (0x00008479) c.srai  s0, 30
core   0: 3 0x800078a4 (0x8479) x 8 0x00000000
core   0: 0x800078a6 (0x00749d13) slli    s10, s1, 7
core   0: 3 0x800078a6 (0x00749d13) x26 0x00000000
core   0: 0x800078aa (0x035d22b3) mulhsu  t0, s10, s5
core   0: 3 0x800078aa (0x035d22b3) x 5 0x00000000
core   0: 0x800078ae (0x038acb33) div     s6, s5, s8
core   0: 3 0x800078ae (0x038acb33) x22 0x00000000
core   0: 0x800078b2 (0x007c5233) srl     tp, s8, t2
core   0: 3 0x800078b2 (0x007c5233) x 4 0x08000015
core   0: 0x800078b6 (0x000086d6) c.mv    a3, s5
core   0: 3 0x800078b6 (0x86d6) x13 0x00800000
core   0: 0x800078b8 (0xee5ccf37) lui     t5, 0xee5cc
core   0: 3 0x800078b8 (0xee5ccf37) x30 0xee5cc000
core   0: 0x800078bc (0x00000798) c.addi4spn a4, sp, 960
core   0: 3 0x800078bc (0x0798) x14 0x000003c0
core   0: 0x800078be (0x00008d01) c.sub   a0, s0
core   0: 3 0x800078be (0x8d01) x10 0x00000000
core   0: 0x800078c0 (0x49972d13) slti    s10, a4, 1177
core   0: 3 0x800078c0 (0x49972d13) x26 0x00000001
core   0: 0x800078c4 (0x00008709) c.srai  a4, 2
core   0: 3 0x800078c4 (0x8709) x14 0x000000f0
core   0: 0x800078c6 (0x00008233) add     tp, ra, zero
core   0: 3 0x800078c6 (0x00008233) x 4 0xf9a0088e
core   0: 0x800078ca (0x01e6df13) srli    t5, a3, 30
core   0: 3 0x800078ca (0x01e6df13) x30 0x00000000
core   0: 0x800078ce (0x023c5733) divu    a4, s8, gp
core   0: 3 0x800078ce (0x023c5733) x14 0xffffffff
core   0: 0x800078d2 (0x016bc6b3) xor     a3, s7, s6
core   0: 3 0x800078d2 (0x016bc6b3) x13 0x00800000
core   0: 0x800078d6 (0x00004469) c.li    s0, 26
core   0: 3 0x800078d6 (0x4469) x 8 0x0000001a
core   0: 0x800078d8 (0x00008841) c.andi  s0, 16
core   0: 3 0x800078d8 (0x8841) x 8 0x00000010
core   0: 0x800078da (0x005b7c33) and     s8, s6, t0
core   0: 3 0x800078da (0x005b7c33) x24 0x00000000
core   0: 0x800078de (0xf1e7ccb7) lui     s9, 0xf1e7c
core   0: 3 0x800078de (0xf1e7ccb7) x25 0xf1e7c000
core   0: 0x800078e2 (0x027c5033) divu    zero, s8, t2
core   0: 3 0x800078e2 (0x027c5033)
core   0: 0x800078e6 (0x0067f2b3) and     t0, a5, t1
core   0: 3 0x800078e6 (0x0067f2b3) x 5 0x00000000
core   0: 0x800078ea (0x00008c65) c.and   s0, s1
core   0: 3 0x800078ea (0x8c65) x 8 0x00000000
core   0: 0x800078ec (0x000085c1) c.srai  a1, 16
core   0: 3 0x800078ec (0x85c1) x11 0x00000000
core   0: 0x800078ee (0x027bc5b3) div     a1, s7, t2
core   0: 3 0x800078ee (0x027bc5b3) x11 0x00000000
core   0: 0x800078f2 (0x0000717d) c.addi16sp sp, -16
core   0: 3 0x800078f2 (0x717d) x 2 0xfffffff0
core   0: 0x800078f4 (0x036ceab3) rem     s5, s9, s6
core   0: 3 0x800078f4 (0x036ceab3) x21 0xf1e7c000
core   0: 0x800078f8 (0x015a9713) slli    a4, s5, 21
core   0: 3 0x800078f8 (0x015a9713) x14 0x00000000
core   0: 0x800078fc (0x000098fd) c.andi  s1, -1
core   0: 3 0x800078fc (0x98fd) x 9 0x00000000
core   0: 0x800078fe (0x0245e7b3) rem     a5, a1, tp
core   0: 3 0x800078fe (0x0245e7b3) x15 0x00000000
core   0: 0x80007902 (0x4071d333) sra     t1, gp, t2
core   0: 3 0x80007902 (0x4071d333) x 6 0x00000000
core   0: 0x80007906 (0x00008cc9) c.or    s1, a0
core   0: 3 0x80007906 (0x8cc9) x 9 0x00000000
core   0: 0x80007908 (0x016207b3) add     a5, tp, s6
core   0: 3 0x80007908 (0x016207b3) x15 0xf9a0088e
core   0: 0x8000790c (0x021970b3) remu    ra, s2, ra
core   0: 3 0x8000790c (0x021970b3) x 1 0x00000000
core   0: 0x80007910 (0x2a470e93) addi    t4, a4, 676
core   0: 3 0x80007910 (0x2a470e93) x29 0x000002a4
core   0: 0x80007914 (0x00008115) c.srli  a0, 5
core   0: 3 0x80007914 (0x8115) x10 0x00000000
core   0: 0x80007916 (0xde26c113) xori    sp, a3, -542
core   0: 3 0x80007916 (0xde26c113) x 2 0xff7ffde2
core   0: 0x8000791a (0x02dae7b3) rem     a5, s5, a3
core   0: 3 0x8000791a (0x02dae7b3) x15 0xffe7c000
core   0: 0x8000791e (0x024aa6b3) mulhsu  a3, s5, tp
core   0: 3 0x8000791e (0x024aa6b3) x13 0xf2419a1f
core   0: 0x80007922 (0x00000001) c.nop
core   0: 3 0x80007922 (0x0001)
core   0: 0x80007924 (0x027ece33) div     t3, t4, t2
core   0: 3 0x80007924 (0x027ece33) x28 0x00000000
core   0: 0x80007928 (0x02bf52b3) divu    t0, t5, a1
core   0: 3 0x80007928 (0x02bf52b3) x 5 0xffffffff
core   0: 0x8000792c (0x00008c65) c.and   s0, s1
core   0: 3 0x8000792c (0x8c65) x 8 0x00000000
core   0: 0x8000792e (0x00008c21) c.xor   s0, s0
core   0: 3 0x8000792e (0x8c21) x 8 0x00000000
core   0: 0x80007930 (0x9629cf93) xori    t6, s3, -1694
core   0: 3 0x80007930 (0x9629cf93) x31 0x7fff1706
core   0: 0x80007934 (0x029d5fb3) divu    t6, s10, s1
core   0: 3 0x80007934 (0x029d5fb3) x31 0xffffffff
core   0: 0x80007938 (0x02537db3) remu    s11, t1, t0
core   0: 3 0x80007938 (0x02537db3) x27 0x00000000
core   0: 0x8000793c (0x005acb33) xor     s6, s5, t0
core   0: 3 0x8000793c (0x005acb33) x22 0x0e183fff
core   0: 0x80007940 (0x00000001) c.nop
core   0: 3 0x80007940 (0x0001)
core   0: 0x80007942 (0x00696733) or      a4, s2, t1
core   0: 3 0x80007942 (0x00696733) x14 0x00000000
core   0: 0x80007946 (0x00ef9533) sll     a0, t6, a4
core   0: 3 0x80007946 (0x00ef9533) x10 0xffffffff
core   0: 0x8000794a (0x01c30f33) add     t5, t1, t3
core   0: 3 0x8000794a (0x01c30f33) x30 0x00000000
core   0: 0x8000794e (0x00ae9113) slli    sp, t4, 10
core   0: 3 0x8000794e (0x00ae9113) x 2 0x000a9000
core   0: 0x80007952 (0x00008e3a) c.mv    t3, a4
core   0: 3 0x80007952 (0x8e3a) x28 0x00000000
core   0: 0x80007954 (0x00008c65) c.and   s0, s1
core   0: 3 0x80007954 (0x8c65) x 8 0x00000000
core   0: 0x80007956 (0x01c19fb3) sll     t6, gp, t3
core   0: 3 0x80007956 (0x01c19fb3) x31 0x00000000
core   0: 0x8000795a (0x03e1f333) remu    t1, gp, t5
core   0: 3 0x8000795a (0x03e1f333) x 6 0x00000000
core   0: 0x8000795e (0x00008f11) c.sub   a4, a2
core   0: 3 0x8000795e (0x8f11) x14 0x00000000
core   0: 0x80007960 (0x0393ddb3) divu    s11, t2, s9
core   0: 3 0x80007960 (0x0393ddb3) x27 0x00000000
core   0: 0x80007964 (0x006842b3) xor     t0, a6, t1
core   0: 3 0x80007964 (0x006842b3) x 5 0xc7535824
core   0: 0x80007968 (0x00008bc9) c.andi  a5, 18
core   0: 3 0x80007968 (0x8bc9) x15 0x00000000
core   0: 0x8000796a (0x020dc6b3) div     a3, s11, zero
core   0: 3 0x8000796a (0x020dc6b3) x13 0xffffffff
core   0: 0x8000796e (0x028850b3) divu    ra, a6, s0
core   0: 3 0x8000796e (0x028850b3) x 1 0xffffffff
core   0: 0x80007972 (0x00005ffd) c.li    t6, -1
core   0: 3 0x80007972 (0x5ffd) x31 0xffffffff
core   0: 0x80007974 (0x00e620b3) slt     ra, a2, a4
core   0: 3 0x80007974 (0x00e620b3) x 1 0x00000000
core   0: 0x80007978 (0x01b42bb3) slt     s7, s0, s11
core   0: 3 0x80007978 (0x01b42bb3) x23 0x00000000
core   0: 0x8000797c (0x0000616d) c.addi16sp sp, 240
core   0: 3 0x8000797c (0x616d) x 2 0x000a90f0
core   0: 0x8000797e (0x01cd5333) srl     t1, s10, t3
core   0: 3 0x8000797e (0x01cd5333) x 6 0x00000001
core   0: 0x80007982 (0x004737b3) sltu    a5, a4, tp
core   0: 3 0x80007982 (0x004737b3) x15 0x00000001
core   0: 0x80007986 (0x00004e25) c.li    t3, 9
core   0: 3 0x80007986 (0x4e25) x28 0x00000009
core   0: 0x80007988 (0x00008f25) c.xor   a4, s1
core   0: 3 0x80007988 (0x8f25) x14 0x00000000
core   0: 0x8000798a (0x00000e08) c.addi4spn a0, sp, 784
core   0: 3 0x8000798a (0x0e08) x10 0x000a9400
core   0: 0x8000798c (0x03037133) remu    sp, t1, a6
core   0: 3 0x8000798c (0x03037133) x 2 0x00000001
core   0: 0x80007990 (0x00008aed) c.andi  a3, 27
core   0: 3 0x80007990 (0x8aed) x13 0x0000001b
core   0: 0x80007992 (0x00000fe1) c.addi  t6, 24
core   0: 3 0x80007992 (0x0fe1) x31 0x00000017
core   0: 0x80007994 (0x00008f3a) c.mv    t5, a4
core   0: 3 0x80007994 (0x8f3a) x30 0x00000000
core   0: 0x80007996 (0x0000948a) c.add   s1, sp
core   0: 3 0x80007996 (0x948a) x 9 0x00000001
core   0: 0x80007998 (0x00008c6e) c.mv    s8, s11
core   0: 3 0x80007998 (0x8c6e) x24 0x00000000
core   0: 0x8000799a (0x01dfc733) xor     a4, t6, t4
core   0: 3 0x8000799a (0x01dfc733) x14 0x000002b3
core   0: 0x8000799e (0x01559e93) slli    t4, a1, 21
core   0: 3 0x8000799e (0x01559e93) x29 0x00000000
core   0: 0x800079a2 (0x03248533) mul     a0, s1, s2
core   0: 3 0x800079a2 (0x03248533) x10 0x00000000
core   0: 0x800079a6 (0xbee18b93) addi    s7, gp, -1042
core   0: 3 0x800079a6 (0xbee18b93) x23 0xfffffbee
core   0: 0x800079aa (0x41b95b13) srai    s6, s2, 27
core   0: 3 0x800079aa (0x41b95b13) x22 0x00000000
core   0: 0x800079ae (0x00000001) c.nop
core   0: 3 0x800079ae (0x0001)
core   0: 0x800079b0 (0x02868fb3) mul     t6, a3, s0
core   0: 3 0x800079b0 (0x02868fb3) x31 0x00000000
core   0: 0x800079b4 (0x019e0eb3) add     t4, t3, s9
core   0: 3 0x800079b4 (0x019e0eb3) x29 0xf1e7c009
core   0: 0x800079b8 (0x21bd4293) xori    t0, s10, 539
core   0: 3 0x800079b8 (0x21bd4293) x 5 0x0000021a
core   0: 0x800079bc (0x57480a13) addi    s4, a6, 1396
core   0: 3 0x800079bc (0x57480a13) x20 0xc7535d98
core   0: 0x800079c0 (0x40f75793) srai    a5, a4, 15
core   0: 3 0x800079c0 (0x40f75793) x15 0x00000000
core   0: 0x800079c4 (0x02aa05b3) mul     a1, s4, a0
core   0: 3 0x800079c4 (0x02aa05b3) x11 0x00000000
core   0: 0x800079c8 (0x00001988) c.addi4spn a0, sp, 240
core   0: 3 0x800079c8 (0x1988) x10 0x000000f1
core   0: 0x800079ca (0x00008c41) c.or    s0, s0
core   0: 3 0x800079ca (0x8c41) x 8 0x00000000
core   0: 0x800079cc (0x41975513) srai    a0, a4, 25
core   0: 3 0x800079cc (0x41975513) x10 0x00000000
core   0: 0x800079d0 (0x030606b3) mul     a3, a2, a6
core   0: 3 0x800079d0 (0x030606b3) x13 0x00000000
core   0: 0x800079d4 (0x00000b94) c.addi4spn a3, sp, 464
core   0: 3 0x800079d4 (0x0b94) x13 0x000001d1
core   0: 0x800079d6 (0x00848833) add     a6, s1, s0
core   0: 3 0x800079d6 (0x00848833) x16 0x00000001
core   0: 0x800079da (0x02f8ec33) rem     s8, a7, a5
core   0: 3 0x800079da (0x02f8ec33) x24 0x00000000
core   0: 0x800079de (0x018216b3) sll     a3, tp, s8
core   0: 3 0x800079de (0x018216b3) x13 0xf9a0088e
core   0: 0x800079e2 (0x027f70b3) remu    ra, t5, t2
core   0: 3 0x800079e2 (0x027f70b3) x 1 0x00000000
core   0: 0x800079e6 (0x000061a9) c.lui   gp, 0xa
core   0: 3 0x800079e6 (0x61a9) x 3 0x0000a000
core   0: 0x800079e8 (0x850bc693) xori    a3, s7, -1968
core   0: 3 0x800079e8 (0x850bc693) x13 0x000003be
core   0: 0x800079ec (0x01a59333) sll     t1, a1, s10
core   0: 3 0x800079ec (0x01a59333) x 6 0x00000000
core   0: 0x800079f0 (0x0000537d) c.li    t1, -1
core   0: 3 0x800079f0 (0x537d) x 6 0xffffffff
core   0: 0x800079f2 (0x0000095a) c.slli  s2, 22
core   0: 3 0x800079f2 (0x095a) x18 0x00000000
core   0: 0x800079f4 (0x00009b7d) c.andi  a4, -1
core   0: 3 0x800079f4 (0x9b7d) x14 0x000002b3
core   0: 0x800079f6 (0x00000001) c.nop
core   0: 3 0x800079f6 (0x0001)
core   0: 0x800079f8 (0x01cb5bb3) srl     s7, s6, t3
core   0: 3 0x800079f8 (0x01cb5bb3) x23 0x00000000
core   0: 0x800079fc (0x036baab3) mulhsu  s5, s7, s6
core   0: 3 0x800079fc (0x036baab3) x21 0x00000000
core   0: 0x80007a00 (0x00000515) c.addi  a0, 5
core   0: 3 0x80007a00 (0x0515) x10 0x00000005
core   0: 0x80007a02 (0x00008451) c.srai  s0, 20
core   0: 3 0x80007a02 (0x8451) x 8 0x00000000
core   0: 0x80007a04 (0x00000001) c.nop
core   0: 3 0x80007a04 (0x0001)
core   0: 0x80007a06 (0xbc846493) ori     s1, s0, -1080
core   0: 3 0x80007a06 (0xbc846493) x 9 0xfffffbc8
core   0: 0x80007a0a (0x03e502b3) mul     t0, a0, t5
core   0: 3 0x80007a0a (0x03e502b3) x 5 0x00000000
core   0: 0x80007a0e (0x02094bb3) div     s7, s2, zero
core   0: 3 0x80007a0e (0x02094bb3) x23 0xffffffff
core   0: 0x80007a12 (0x0132b8b3) sltu    a7, t0, s3
core   0: 3 0x80007a12 (0x0132b8b3) x17 0x00000001
core   0: 0x80007a16 (0x020b3333) mulhu   t1, s6, zero
core   0: 3 0x80007a16 (0x020b3333) x 6 0x00000000
core   0: 0x80007a1a (0x00008ded) c.and   a1, a1
core   0: 3 0x80007a1a (0x8ded) x11 0x00000000
core   0: 0x80007a1c (0x05d66a13) ori     s4, a2, 93
core   0: 3 0x80007a1c (0x05d66a13) x20 0x0000005d
core   0: 0x80007a20 (0x489eee13) ori     t3, t4, 1161
core   0: 3 0x80007a20 (0x489eee13) x28 0xf1e7c489
core   0: 0x80007a24 (0x02a4bcb3) mulhu   s9, s1, a0
core   0: 3 0x80007a24 (0x02a4bcb3) x25 0x00000004
core   0: 0x80007a28 (0x021d5233) divu    tp, s10, ra
core   0: 3 0x80007a28 (0x021d5233) x 4 0xffffffff
core   0: 0x80007a2c (0x00008535) c.srai  a0, 13
core   0: 3 0x80007a2c (0x8535) x10 0x00000000
core   0: 0x80007a2e (0x016bb433) sltu    s0, s7, s6
core   0: 3 0x80007a2e (0x016bb433) x 8 0x00000000
core   0: 0x80007a32 (0x00008709) c.srai  a4, 2
core   0: 3 0x80007a32 (0x8709) x14 0x000000ac
core   0: 0x80007a34 (0x9f1a8337) lui     t1, 0x9f1a8
core   0: 3 0x80007a34 (0x9f1a8337) x 6 0x9f1a8000
core   0: 0x80007a38 (0x02a90033) mul     zero, s2, a0
core   0: 3 0x80007a38 (0x02a90033)
core   0: 0x80007a3c (0x00d6eab3) or      s5, a3, a3
core   0: 3 0x80007a3c (0x00d6eab3) x21 0x000003be
core   0: 0x80007a40 (0x00008935) c.andi  a0, 13
core   0: 3 0x80007a40 (0x8935) x10 0x00000000
core   0: 0x80007a42 (0x618c2813) slti    a6, s8, 1560
core   0: 3 0x80007a42 (0x618c2813) x16 0x00000001
core   0: 0x80007a46 (0x0000043e) c.slli  s0, 15
core   0: 3 0x80007a46 (0x043e) x 8 0x00000000
core   0: 0x80007a48 (0x02eaf0b3) remu    ra, s5, a4
core   0: 3 0x80007a48 (0x02eaf0b3) x 1 0x00000062
core   0: 0x80007a4c (0x00008f41) c.or    a4, s0
core   0: 3 0x80007a4c (0x8f41) x14 0x000000ac
core   0: 0x80007a4e (0x00008c65) c.and   s0, s1
core   0: 3 0x80007a4e (0x8c65) x 8 0x00000000
core   0: 0x80007a50 (0x01c2f033) and     zero, t0, t3
core   0: 3 0x80007a50 (0x01c2f033)
core   0: 0x80007a54 (0x40ef82b3) sub     t0, t6, a4
core   0: 3 0x80007a54 (0x40ef82b3) x 5 0xffffff54
core   0: 0x80007a58 (0x00008fed) c.and   a5, a1
core   0: 3 0x80007a58 (0x8fed) x15 0x00000000
core   0: 0x80007a5a (0x0000611d) c.addi16sp sp, 416
core   0: 3 0x80007a5a (0x611d) x 2 0x000001a1
core   0: 0x80007a5c (0x013bc6b3) xor     a3, s7, s3
core   0: 3 0x80007a5c (0x013bc6b3) x13 0x7fff119b
core   0: 0x80007a60 (0x02af5fb3) divu    t6, t5, a0
core   0: 3 0x80007a60 (0x02af5fb3) x31 0xffffffff
core   0: 0x80007a64 (0x034922b3) mulhsu  t0, s2, s4
core   0: 3 0x80007a64 (0x034922b3) x 5 0x00000000
core   0: 0x80007a68 (0x00008f49) c.or    a4, a0
core   0: 3 0x80007a68 (0x8f49) x14 0x000000ac
core   0: 0x80007a6a (0x00008339) c.srli  a4, 14
core   0: 3 0x80007a6a (0x8339) x14 0x00000000
core   0: 0x80007a6c (0x026c36b3) mulhu   a3, s8, t1
core   0: 3 0x80007a6c (0x026c36b3) x13 0x00000000
core   0: 0x80007a70 (0xb49a2213) slti    tp, s4, -1207
core   0: 3 0x80007a70 (0xb49a2213) x 4 0x00000000
core   0: 0x80007a74 (0x037aa6b3) mulhsu  a3, s5, s7
core   0: 3 0x80007a74 (0x037aa6b3) x13 0x000003bd
core   0: 0x80007a78 (0x03d110b3) mulh    ra, sp, t4
core   0: 3 0x80007a78 (0x03d110b3) x 1 0xffffffe9
core   0: 0x80007a7c (0x00000f6e) c.slli  t5, 27
core   0: 3 0x80007a7c (0x0f6e) x30 0x00000000
core   0: 0x80007a7e (0x00005f7d) c.li    t5, -1
core   0: 3 0x80007a7e (0x5f7d) x30 0xffffffff
core   0: 0x80007a80 (0x00008cf5) c.and   s1, a3
core   0: 3 0x80007a80 (0x8cf5) x 9 0x00000388
core   0: 0x80007a82 (0x0154d2b3) srl     t0, s1, s5
core   0: 3 0x80007a82 (0x0154d2b3) x 5 0x00000000
core   0: 0x80007a86 (0x00008ac6) c.mv    s5, a7
core   0: 3 0x80007a86 (0x8ac6) x21 0x00000001
core   0: 0x80007a88 (0x00001a1c) c.addi4spn a5, sp, 304
core   0: 3 0x80007a88 (0x1a1c) x15 0x000002d1
core   0: 0x80007a8a (0x001f22b3) slt     t0, t5, ra
core   0: 3 0x80007a8a (0x001f22b3) x 5 0x00000000
core   0: 0x80007a8e (0x02b42a93) slti    s5, s0, 43
core   0: 3 0x80007a8e (0x02b42a93) x21 0x00000001
core   0: 0x80007a92 (0x00d9c033) xor     zero, s3, a3
core   0: 3 0x80007a92 (0x00d9c033)
core   0: 0x80007a96 (0x00e12833) slt     a6, sp, a4
core   0: 3 0x80007a96 (0x00e12833) x16 0x00000000
core   0: 0x80007a9a (0x0000091e) c.slli  s2, 7
core   0: 3 0x80007a9a (0x091e) x18 0x00000000
core   0: 0x80007a9c (0x00f61d33) sll     s10, a2, a5
core   0: 3 0x80007a9c (0x00f61d33) x26 0x00000000
core   0: 0x80007aa0 (0x00000001) c.nop
core   0: 3 0x80007aa0 (0x0001)
core   0: 0x80007aa2 (0x00008c75) c.and   s0, a3
core   0: 3 0x80007aa2 (0x8c75) x 8 0x00000000
core   0: 0x80007aa4 (0x73d8ad93) slti    s11, a7, 1853
core   0: 3 0x80007aa4 (0x73d8ad93) x27 0x00000001
core   0: 0x80007aa8 (0x00001614) c.addi4spn a3, sp, 800
core   0: 3 0x80007aa8 (0x1614) x13 0x000004c1
core   0: 0x80007aaa (0x000083fd) c.srli  a5, 31
core   0: 3 0x80007aaa (0x83fd) x15 0x00000000
core   0: 0x80007aac (0x19491c97) auipc   s9, 0x19491
core   0: 3 0x80007aac (0x19491c97) x25 0x99498aac
core   0: 0x80007ab0 (0x023026b3) mulhsu  a3, zero, gp
core   0: 3 0x80007ab0 (0x023026b3) x13 0x00000000
core   0: 0x80007ab4 (0xfff00593) li      a1, -1
core   0: 3 0x80007ab4 (0xfff00593) x11 0xffffffff
core   0: 0x80007ab8 (0x85560db7) lui     s11, 0x85560
core   0: 3 0x80007ab8 (0x85560db7) x27 0x85560000
core   0: 0x80007abc (0xd6fd8d93) addi    s11, s11, -657
core   0: 3 0x80007abc (0xd6fd8d93) x27 0x8555fd6f
core   0: 0x80007ac0 (0x80000837) lui     a6, 0x80000
core   0: 3 0x80007ac0 (0x80000837) x16 0x80000000
core   0: 0x80007ac4 (0x00004481) c.li    s1, 0
core   0: 3 0x80007ac4 (0x4481) x 9 0x00000000
core   0: 0x80007ac6 (0x800007b7) lui     a5, 0x80000
core   0: 3 0x80007ac6 (0x800007b7) x15 0x80000000
core   0: 0x80007aca (0xfff00b13) li      s6, -1
core   0: 3 0x80007aca (0xfff00b13) x22 0xffffffff
core   0: 0x80007ace (0x23bce6b7) lui     a3, 0x23bce
core   0: 3 0x80007ace (0x23bce6b7) x13 0x23bce000
core   0: 0x80007ad2 (0x14768693) addi    a3, a3, 327
core   0: 3 0x80007ad2 (0x14768693) x13 0x23bce147
core   0: 0x80007ad6 (0x00004c81) c.li    s9, 0
core   0: 3 0x80007ad6 (0x4c81) x25 0x00000000
core   0: 0x80007ad8 (0x00004401) c.li    s0, 0
core   0: 3 0x80007ad8 (0x4401) x 8 0x00000000
core   0: 0x80007ada (0xfff00313) li      t1, -1
core   0: 3 0x80007ada (0xfff00313) x 6 0xffffffff
core   0: 0x80007ade (0xb7b4bcb7) lui     s9, 0xb7b4b
core   0: 3 0x80007ade (0xb7b4bcb7) x25 0xb7b4b000
core   0: 0x80007ae2 (0xc278edb7) lui     s11, 0xc278e
core   0: 3 0x80007ae2 (0xc278edb7) x27 0xc278e000
core   0: 0x80007ae6 (0x02db27b3) mulhsu  a5, s6, a3
core   0: 3 0x80007ae6 (0x02db27b3) x15 0xffffffff
core   0: 0x80007aea (0x41680433) sub     s0, a6, s6
core   0: 3 0x80007aea (0x41680433) x 8 0x80000001
core   0: 0x80007aee (0x02bdb333) mulhu   t1, s11, a1
core   0: 3 0x80007aee (0x02bdb333) x 6 0xc278dfff
core   0: 0x80007af2 (0x409b04b3) sub     s1, s6, s1
core   0: 3 0x80007af2 (0x409b04b3) x 9 0xffffffff
core   0: 0x80007af6 (0xc6fc3337) lui     t1, 0xc6fc3
core   0: 3 0x80007af6 (0xc6fc3337) x 6 0xc6fc3000
core   0: 0x80007afa (0x029dab33) mulhsu  s6, s11, s1
core   0: 3 0x80007afa (0x029dab33) x22 0xc278e000
core   0: 0x80007afe (0x02f81333) mulh    t1, a6, a5
core   0: 3 0x80007afe (0x02f81333) x 6 0x00000000
core   0: 0x80007b02 (0x02d825b3) mulhsu  a1, a6, a3
core   0: 3 0x80007b02 (0x02d825b3) x11 0xee218f5c
core   0: 0x80007b06 (0x02d87333) remu    t1, a6, a3
core   0: 3 0x80007b06 (0x02d87333) x 6 0x14c95c2b
core   0: 0x80007b0a (0x026844b3) div     s1, a6, t1
core   0: 3 0x80007b0a (0x026844b3) x 9 0xfffffffa
core   0: 0x80007b0e (0x02fb56b3) divu    a3, s6, a5
core   0: 3 0x80007b0e (0x02fb56b3) x13 0x00000000
core   0: 0x80007b12 (0xd29a5337) lui     t1, 0xd29a5
core   0: 3 0x80007b12 (0xd29a5337) x 6 0xd29a5000
core   0: 0x80007b16 (0x036c96b3) mulh    a3, s9, s6
core   0: 3 0x80007b16 (0x036c96b3) x13 0x11601ad0
core   0: 0x80007b1a (0x8d92b6b7) lui     a3, 0x8d92b
core   0: 3 0x80007b1a (0x8d92b6b7) x13 0x8d92b000
core   0: 0x80007b1e (0x40d58833) sub     a6, a1, a3
core   0: 3 0x80007b1e (0x40d58833) x16 0x608edf5c
core   0: 0x80007b22 (0x02f78833) mul     a6, a5, a5
core   0: 3 0x80007b22 (0x02f78833) x16 0x00000001
core   0: 0x80007b26 (0x460be6b7) lui     a3, 0x460be
core   0: 3 0x80007b26 (0x460be6b7) x13 0x460be000
core   0: 0x80007b2a (0x0bddeb17) auipc   s6, 0xbdde
core   0: 3 0x80007b2a (0x0bddeb17) x22 0x8bde5b2a
core   0: 0x80007b2e (0x41680db3) sub     s11, a6, s6
core   0: 3 0x80007b2e (0x41680db3) x27 0x7421a4d7
core   0: 0x80007b32 (0x028486b3) mul     a3, s1, s0
core   0: 3 0x80007b32 (0x028486b3) x13 0xfffffffa
core   0: 0x80007b36 (0xee3de6b7) lui     a3, 0xee3de
core   0: 3 0x80007b36 (0xee3de6b7) x13 0xee3de000
core   0: 0x80007b3a (0x02f5ab33) mulhsu  s6, a1, a5
core   0: 3 0x80007b3a (0x02f5ab33) x22 0xee218f5c
core   0: 0x80007b3e (0x036794b3) mulh    s1, a5, s6
core   0: 3 0x80007b3e (0x036794b3) x 9 0x00000000
core   0: 0x80007b42 (0x4023b697) auipc   a3, 0x4023b
core   0: 3 0x80007b42 (0x4023b697) x13 0xc0242b42
core   0: 0x80007b46 (0x58f63597) auipc   a1, 0x58f63
core   0: 3 0x80007b46 (0x58f63597) x11 0xd8f6ab46
core   0: 0x80007b4a (0x5bb60817) auipc   a6, 0x5bb60
core   0: 3 0x80007b4a (0x5bb60817) x16 0xdbb67b4a
core   0: 0x80007b4e (0x3cfbc413) xori    s0, s7, 975
core   0: 3 0x80007b4e (0x3cfbc413) x 8 0xfffffc30
core   0: 0x80007b52 (0x4036d4b3) sra     s1, a3, gp
core   0: 3 0x80007b52 (0x4036d4b3) x 9 0xc0242b42
core   0: 0x80007b56 (0x000057fd) c.li    a5, -1
core   0: 3 0x80007b56 (0x57fd) x15 0xffffffff
core   0: 0x80007b58 (0x00008c05) c.sub   s0, s1
core   0: 3 0x80007b58 (0x8c05) x 8 0x3fdbd0ee
core   0: 0x80007b5a (0x0338fd33) remu    s10, a7, s3
core   0: 3 0x80007b5a (0x0338fd33) x26 0x00000001
core   0: 0x80007b5e (0x071b3193) sltiu   gp, s6, 113
core   0: 3 0x80007b5e (0x071b3193) x 3 0x00000000
core   0: 0x80007b62 (0x00000d1c) c.addi4spn a5, sp, 656
core   0: 3 0x80007b62 (0x0d1c) x15 0x00000431
core   0: 0x80007b64 (0x03e6f733) remu    a4, a3, t5
core   0: 3 0x80007b64 (0x03e6f733) x14 0xc0242b42
core   0: 0x80007b68 (0x00000001) c.nop
core   0: 3 0x80007b68 (0x0001)
core   0: 0x80007b6a (0xf4b2a893) slti    a7, t0, -181
core   0: 3 0x80007b6a (0xf4b2a893) x17 0x00000000
core   0: 0x80007b6e (0x00ee88b3) add     a7, t4, a4
core   0: 3 0x80007b6e (0x00ee88b3) x17 0xb20beb4b
core   0: 0x80007b72 (0x010edb93) srli    s7, t4, 16
core   0: 3 0x80007b72 (0x010edb93) x23 0x0000f1e7
core   0: 0x80007b76 (0xd9f03e93) sltiu   t4, zero, -609
core   0: 3 0x80007b76 (0xd9f03e93) x29 0x00000001
core   0: 0x80007b7a (0xbe60b813) sltiu   a6, ra, -1050
core   0: 3 0x80007b7a (0xbe60b813) x16 0x00000000
core   0: 0x80007b7e (0x4e437693) andi    a3, t1, 1252
core   0: 3 0x80007b7e (0x4e437693) x13 0x00000000
core   0: 0x80007b82 (0x000086b5) c.srai  a3, 13
core   0: 3 0x80007b82 (0x86b5) x13 0x00000000
core   0: 0x80007b84 (0x0000613d) c.addi16sp sp, 480
core   0: 3 0x80007b84 (0x613d) x 2 0x00000381
core   0: 0x80007b86 (0x03096cb3) rem     s9, s2, a6
core   0: 3 0x80007b86 (0x03096cb3) x25 0x00000000
core   0: 0x80007b8a (0x0014ebb3) or      s7, s1, ra
core   0: 3 0x80007b8a (0x0014ebb3) x23 0xffffffeb
core   0: 0x80007b8e (0x01144ab3) xor     s5, s0, a7
core   0: 3 0x80007b8e (0x01144ab3) x21 0x8dd03ba5
core   0: 0x80007b92 (0x00b4f533) and     a0, s1, a1
core   0: 3 0x80007b92 (0x00b4f533) x10 0xc0242b42
core   0: 0x80007b96 (0x2548d217) auipc   tp, 0x2548d
core   0: 3 0x80007b96 (0x2548d217) x 4 0xa5494b96
core   0: 0x80007b9a (0x00cc1fb3) sll     t6, s8, a2
core   0: 3 0x80007b9a (0x00cc1fb3) x31 0x00000000
core   0: 0x80007b9e (0x00bd55b3) srl     a1, s10, a1
core   0: 3 0x80007b9e (0x00bd55b3) x11 0x00000000
core   0: 0x80007ba2 (0x00008cdd) c.or    s1, a5
core   0: 3 0x80007ba2 (0x8cdd) x 9 0xc0242f73
core   0: 0x80007ba4 (0x24580093) addi    ra, a6, 581
core   0: 3 0x80007ba4 (0x24580093) x 1 0x00000245
core   0: 0x80007ba8 (0x0021cdb3) xor     s11, gp, sp
core   0: 3 0x80007ba8 (0x0021cdb3) x27 0x00000381
core   0: 0x80007bac (0x026d5533) divu    a0, s10, t1
core   0: 3 0x80007bac (0x026d5533) x10 0x00000000
core   0: 0x80007bb0 (0x41ad5733) sra     a4, s10, s10
core   0: 3 0x80007bb0 (0x41ad5733) x14 0x00000000
core   0: 0x80007bb4 (0x000edeb3) srl     t4, t4, zero
core   0: 3 0x80007bb4 (0x000edeb3) x29 0x00000001
core   0: 0x80007bb8 (0x00008cc1) c.or    s1, s0
core   0: 3 0x80007bb8 (0x8cc1) x 9 0xffffffff
core   0: 0x80007bba (0x000048e9) c.li    a7, 26
core   0: 3 0x80007bba (0x48e9) x17 0x0000001a
core   0: 0x80007bbc (0x239eef93) ori     t6, t4, 569
core   0: 3 0x80007bbc (0x239eef93) x31 0x00000239
core   0: 0x80007bc0 (0x02ccddb3) divu    s11, s9, a2
core   0: 3 0x80007bc0 (0x02ccddb3) x27 0xffffffff
core   0: 0x80007bc4 (0x00000472) c.slli  s0, 28
core   0: 3 0x80007bc4 (0x0472) x 8 0xe0000000
core   0: 0x80007bc6 (0xc7b93e93) sltiu   t4, s2, -901
core   0: 3 0x80007bc6 (0xc7b93e93) x29 0x00000001
core   0: 0x80007bca (0x0162dd93) srli    s11, t0, 22
core   0: 3 0x80007bca (0x0162dd93) x27 0x00000000
core   0: 0x80007bce (0x00006131) c.addi16sp sp, 320
core   0: 3 0x80007bce (0x6131) x 2 0x000004c1
core   0: 0x80007bd0 (0x40015a93) srai    s5, sp, 0
core   0: 3 0x80007bd0 (0x40015a93) x21 0x000004c1
core   0: 0x80007bd4 (0xc9e9df17) auipc   t5, 0xc9e9d
core   0: 3 0x80007bd4 (0xc9e9df17) x30 0x49ea4bd4
core   0: 0x80007bd8 (0x01f797b3) sll     a5, a5, t6
core   0: 3 0x80007bd8 (0x01f797b3) x15 0x62000000
core   0: 0x80007bdc (0x01b51e13) slli    t3, a0, 27
core   0: 3 0x80007bdc (0x01b51e13) x28 0x00000000
core   0: 0x80007be0 (0x8f8e0d13) addi    s10, t3, -1800
core   0: 3 0x80007be0 (0x8f8e0d13) x26 0xfffff8f8
core   0: 0x80007be4 (0xede88b97) auipc   s7, 0xede88
core   0: 3 0x80007be4 (0xede88b97) x23 0x6de8fbe4
core   0: 0x80007be8 (0x52663d13) sltiu   s10, a2, 1318
core   0: 3 0x80007be8 (0x52663d13) x26 0x00000001
core   0: 0x80007bec (0x00000001) c.nop
core   0: 3 0x80007bec (0x0001)
core   0: 0x80007bee (0x00999f93) slli    t6, s3, 9
core   0: 3 0x80007bee (0x00999f93) x31 0x01dcc800
core   0: 0x80007bf2 (0xf4205d97) auipc   s11, 0xf4205
core   0: 3 0x80007bf2 (0xf4205d97) x27 0x7420cbf2
core   0: 0x80007bf6 (0x00001d7d) c.addi  s10, -1
core   0: 3 0x80007bf6 (0x1d7d) x26 0x00000000
core   0: 0x80007bf8 (0x0332d6b3) divu    a3, t0, s3
core   0: 3 0x80007bf8 (0x0332d6b3) x13 0x00000000
core   0: 0x80007bfc (0x00000001) c.nop
core   0: 3 0x80007bfc (0x0001)
core   0: 0x80007bfe (0x00a3d893) srli    a7, t2, 10
core   0: 3 0x80007bfe (0x00a3d893) x17 0x0020004b
core   0: 0x80007c02 (0x024294b3) mulh    s1, t0, tp
core   0: 3 0x80007c02 (0x024294b3) x 9 0x00000000
core   0: 0x80007c06 (0x03d60b33) mul     s6, a2, t4
core   0: 3 0x80007c06 (0x03d60b33) x22 0x00000000
core   0: 0x80007c0a (0x000099fd) c.andi  a1, -1
core   0: 3 0x80007c0a (0x99fd) x11 0x00000000
core   0: 0x80007c0c (0x000086a9) c.srai  a3, 10
core   0: 3 0x80007c0c (0x86a9) x13 0x00000000
core   0: 0x80007c0e (0x00009212) c.add   tp, tp
core   0: 3 0x80007c0e (0x9212) x 4 0x4a92972c
core   0: 0x80007c10 (0x0374de33) divu    t3, s1, s7
core   0: 3 0x80007c10 (0x0374de33) x28 0x00000000
core   0: 0x80007c14 (0x0232fdb3) remu    s11, t0, gp
core   0: 3 0x80007c14 (0x0232fdb3) x27 0x00000000
core   0: 0x80007c18 (0x00008ccd) c.or    s1, a1
core   0: 3 0x80007c18 (0x8ccd) x 9 0x00000000
core   0: 0x80007c1a (0x01983133) sltu    sp, a6, s9
core   0: 3 0x80007c1a (0x01983133) x 2 0x00000000
core   0: 0x80007c1e (0x016da7b3) slt     a5, s11, s6
core   0: 3 0x80007c1e (0x016da7b3) x15 0x00000000
core   0: 0x80007c22 (0x416c5093) srai    ra, s8, 22
core   0: 3 0x80007c22 (0x416c5093) x 1 0x00000000
core   0: 0x80007c26 (0x0000048c) c.addi4spn a1, sp, 576
core   0: 3 0x80007c26 (0x048c) x11 0x00000240
core   0: 0x80007c28 (0x0146d793) srli    a5, a3, 20
core   0: 3 0x80007c28 (0x0146d793) x15 0x00000000
core   0: 0x80007c2c (0xa0593d93) sltiu   s11, s2, -1531
core   0: 3 0x80007c2c (0xa0593d93) x27 0x00000001
core   0: 0x80007c30 (0x411dd933) sra     s2, s11, a7
core   0: 3 0x80007c30 (0x411dd933) x18 0x00000000
core   0: 0x80007c34 (0x024e8ab3) mul     s5, t4, tp
core   0: 3 0x80007c34 (0x024e8ab3) x21 0x4a92972c
core   0: 0x80007c38 (0x036eb933) mulhu   s2, t4, s6
core   0: 3 0x80007c38 (0x036eb933) x18 0x00000000
core   0: 0x80007c3c (0x00f861b3) or      gp, a6, a5
core   0: 3 0x80007c3c (0x00f861b3) x 3 0x00000000
core   0: 0x80007c40 (0x007f6e33) or      t3, t5, t2
core   0: 3 0x80007c40 (0x007f6e33) x28 0xc9eb6ff4
core   0: 0x80007c44 (0xc00f32b7) lui     t0, 0xc00f3
core   0: 3 0x80007c44 (0xc00f32b7) x 5 0xc00f3000
core   0: 0x80007c48 (0x02b982b3) mul     t0, s3, a1
core   0: 3 0x80007c48 (0x02b982b3) x 5 0x02186100
core   0: 0x80007c4c (0xeb8094b7) lui     s1, 0xeb809
core   0: 3 0x80007c4c (0xeb8094b7) x 9 0xeb809000
core   0: 0x80007c50 (0x00b7d093) srli    ra, a5, 11
core   0: 3 0x80007c50 (0x00b7d093) x 1 0x00000000
core   0: 0x80007c54 (0x024b8d33) mul     s10, s7, tp
core   0: 3 0x80007c54 (0x024b8d33) x26 0xe0a6c730
core   0: 0x80007c58 (0x01be22b3) slt     t0, t3, s11
core   0: 3 0x80007c58 (0x01be22b3) x 5 0x00000001
core   0: 0x80007c5c (0x000088cd) c.andi  s1, 19
core   0: 3 0x80007c5c (0x88cd) x 9 0x00000000
core   0: 0x80007c5e (0x41ae8f33) sub     t5, t4, s10
core   0: 3 0x80007c5e (0x41ae8f33) x30 0x1f5938d1
core   0: 0x80007c62 (0x012f8433) add     s0, t6, s2
core   0: 3 0x80007c62 (0x012f8433) x 8 0x01dcc800
core   0: 0x80007c66 (0x025d17b3) mulh    a5, s10, t0
core   0: 3 0x80007c66 (0x025d17b3) x15 0xffffffff
core   0: 0x80007c6a (0x0000076a) c.slli  a4, 26
core   0: 3 0x80007c6a (0x076a) x14 0x00000000
core   0: 0x80007c6c (0x00008fdd) c.or    a5, a5
core   0: 3 0x80007c6c (0x8fdd) x15 0xffffffff
core   0: 0x80007c6e (0xe8026813) ori     a6, tp, -384
core   0: 3 0x80007c6e (0xe8026813) x16 0xffffffac
core   0: 0x80007c72 (0x023cf133) remu    sp, s9, gp
core   0: 3 0x80007c72 (0x023cf133) x 2 0x00000000
core   0: 0x80007c76 (0x00008d0d) c.sub   a0, a1
core   0: 3 0x80007c76 (0x8d0d) x10 0xfffffdc0
core   0: 0x80007c78 (0x00c83fb3) sltu    t6, a6, a2
core   0: 3 0x80007c78 (0x00c83fb3) x31 0x00000000
core   0: 0x80007c7c (0x00277db3) and     s11, a4, sp
core   0: 3 0x80007c7c (0x00277db3) x27 0x00000000
core   0: 0x80007c80 (0xca71a913) slti    s2, gp, -857
core   0: 3 0x80007c80 (0xca71a913) x18 0x00000000
core   0: 0x80007c84 (0x0106a8b3) slt     a7, a3, a6
core   0: 3 0x80007c84 (0x0106a8b3) x17 0x00000000
core   0: 0x80007c88 (0x00008de9) c.and   a1, a0
core   0: 3 0x80007c88 (0x8de9) x11 0x00000040
core   0: 0x80007c8a (0x01e712b3) sll     t0, a4, t5
core   0: 3 0x80007c8a (0x01e712b3) x 5 0x00000000
core   0: 0x80007c8e (0x00008cf9) c.and   s1, a4
core   0: 3 0x80007c8e (0x8cf9) x 9 0x00000000
core   0: 0x80007c90 (0x020cf733) remu    a4, s9, zero
core   0: 3 0x80007c90 (0x020cf733) x14 0x00000000
core   0: 0x80007c94 (0x0000021e) c.slli  tp, 7
core   0: 3 0x80007c94 (0x021e) x 4 0x494b9600
core   0: 0x80007c96 (0x003f1eb3) sll     t4, t5, gp
core   0: 3 0x80007c96 (0x003f1eb3) x29 0x1f5938d1
core   0: 0x80007c9a (0x00008d25) c.xor   a0, s1
core   0: 3 0x80007c9a (0x8d25) x10 0xfffffdc0
core   0: 0x80007c9c (0x00008d99) c.sub   a1, a4
core   0: 3 0x80007c9c (0x8d99) x11 0x00000040
core   0: 0x80007c9e (0x00008cd1) c.or    s1, a2
core   0: 3 0x80007c9e (0x8cd1) x 9 0x00000000
core   0: 0x80007ca0 (0x0000717d) c.addi16sp sp, -16
core   0: 3 0x80007ca0 (0x717d) x 2 0xfffffff0
core   0: 0x80007ca2 (0xcdfdaa93) slti    s5, s11, -801
core   0: 3 0x80007ca2 (0xcdfdaa93) x21 0x00000000
core   0: 0x80007ca6 (0x00008d15) c.sub   a0, a3
core   0: 3 0x80007ca6 (0x8d15) x10 0xfffffdc0
core   0: 0x80007ca8 (0x0189df13) srli    t5, s3, 24
core   0: 3 0x80007ca8 (0x0189df13) x30 0x00000080
core   0: 0x80007cac (0x00009cc2) c.add   s9, a6
core   0: 3 0x80007cac (0x9cc2) x25 0xffffffac
core   0: 0x80007cae (0x0d306c13) ori     s8, zero, 211
core   0: 3 0x80007cae (0x0d306c13) x24 0x000000d3
core   0: 0x80007cb2 (0x00008cf5) c.and   s1, a3
core   0: 3 0x80007cb2 (0x8cf5) x 9 0x00000000
core   0: 0x80007cb4 (0x00001c18) c.addi4spn a4, sp, 560
core   0: 3 0x80007cb4 (0x1c18) x14 0x00000220
core   0: 0x80007cb6 (0x000087a1) c.srai  a5, 8
core   0: 3 0x80007cb6 (0x87a1) x15 0xffffffff
core   0: 0x80007cb8 (0x00000e8c) c.addi4spn a1, sp, 848
core   0: 3 0x80007cb8 (0x0e8c) x11 0x00000340
core   0: 0x80007cba (0x00008cc9) c.or    s1, a0
core   0: 3 0x80007cba (0x8cc9) x 9 0xfffffdc0
core   0: 0x80007cbc (0x000051fd) c.li    gp, -1
core   0: 3 0x80007cbc (0x51fd) x 3 0xffffffff
core   0: 0x80007cbe (0x00008569) c.srai  a0, 26
core   0: 3 0x80007cbe (0x8569) x10 0xffffffff
core   0: 0x80007cc0 (0x00006299) c.lui   t0, 0x6
core   0: 3 0x80007cc0 (0x6299) x 5 0x00006000
core   0: 0x80007cc2 (0x00005d7d) c.li    s10, -1
core   0: 3 0x80007cc2 (0x5d7d) x26 0xffffffff
core   0: 0x80007cc4 (0x96830593) addi    a1, t1, -1688
core   0: 3 0x80007cc4 (0x96830593) x11 0xd29a4968
core   0: 0x80007cc8 (0x00008f35) c.xor   a4, a3
core   0: 3 0x80007cc8 (0x8f35) x14 0x00000220
core   0: 0x80007cca (0x02cbba33) mulhu   s4, s7, a2
core   0: 3 0x80007cca (0x02cbba33) x20 0x00000000
core   0: 0x80007cce (0x00008121) c.srli  a0, 8
core   0: 3 0x80007cce (0x8121) x10 0x00ffffff
core   0: 0x80007cd0 (0x00009b7d) c.andi  a4, -1
core   0: 3 0x80007cd0 (0x9b7d) x14 0x00000220
core   0: 0x80007cd2 (0x000094f2) c.add   s1, t3
core   0: 3 0x80007cd2 (0x94f2) x 9 0xc9eb6db4
core   0: 0x80007cd4 (0x009570b3) and     ra, a0, s1
core   0: 3 0x80007cd4 (0x009570b3) x 1 0x00eb6db4
core   0: 0x80007cd8 (0x02818f33) mul     t5, gp, s0
core   0: 3 0x80007cd8 (0x02818f33) x30 0xfe233800
core   0: 0x80007cdc (0x02ca74b3) remu    s1, s4, a2
core   0: 3 0x80007cdc (0x02ca74b3) x 9 0x00000000
core   0: 0x80007ce0 (0x41af8eb3) sub     t4, t6, s10
core   0: 3 0x80007ce0 (0x41af8eb3) x29 0x00000001
core   0: 0x80007ce4 (0x0000078c) c.addi4spn a1, sp, 960
core   0: 3 0x80007ce4 (0x078c) x11 0x000003b0
core   0: 0x80007ce6 (0x03ccbb33) mulhu   s6, s9, t3
core   0: 3 0x80007ce6 (0x03ccbb33) x22 0xc9eb6fb1
core   0: 0x80007cea (0x49b4b093) sltiu   ra, s1, 1179
core   0: 3 0x80007cea (0x49b4b093) x 1 0x00000001
core   0: 0x80007cee (0x00009562) c.add   a0, s8
core   0: 3 0x80007cee (0x9562) x10 0x010000d2
core   0: 0x80007cf0 (0x000002c9) c.addi  t0, 18
core   0: 3 0x80007cf0 (0x02c9) x 5 0x00006012
core   0: 0x80007cf2 (0x5a4dce93) xori    t4, s11, 1444
core   0: 3 0x80007cf2 (0x5a4dce93) x29 0x000005a4
core   0: 0x80007cf6 (0xe0c20a93) addi    s5, tp, -500
core   0: 3 0x80007cf6 (0xe0c20a93) x21 0x494b940c
core   0: 0x80007cfa (0x00000001) c.nop
core   0: 3 0x80007cfa (0x0001)
core   0: 0x80007cfc (0x9dd90713) addi    a4, s2, -1571
core   0: 3 0x80007cfc (0x9dd90713) x14 0xfffff9dd
core   0: 0x80007d00 (0x00009c36) c.add   s8, a3
core   0: 3 0x80007d00 (0x9c36) x24 0x000000d3
core   0: 0x80007d02 (0x029bfeb3) remu    t4, s7, s1
core   0: 3 0x80007d02 (0x029bfeb3) x29 0x6de8fbe4
core   0: 0x80007d06 (0x410fde93) srai    t4, t6, 16
core   0: 3 0x80007d06 (0x410fde93) x29 0x00000000
core   0: 0x80007d0a (0x03f2b0b3) mulhu   ra, t0, t6
core   0: 3 0x80007d0a (0x03f2b0b3) x 1 0x00000000
core   0: 0x80007d0e (0xd43e0013) addi    zero, t3, -701
core   0: 3 0x80007d0e (0xd43e0013)
core   0: 0x80007d12 (0x032dabb3) mulhsu  s7, s11, s2
core   0: 3 0x80007d12 (0x032dabb3) x23 0x00000000
core   0: 0x80007d16 (0x00008ee5) c.and   a3, s1
core   0: 3 0x80007d16 (0x8ee5) x13 0x00000000
core   0: 0x80007d18 (0x00008fe9) c.and   a5, a0
core   0: 3 0x80007d18 (0x8fe9) x15 0x010000d2
core   0: 0x80007d1a (0x03f485b3) mul     a1, s1, t6
core   0: 3 0x80007d1a (0x03f485b3) x11 0x00000000
core   0: 0x80007d1e (0x87a8f013) andi    zero, a7, -1926
core   0: 3 0x80007d1e (0x87a8f013)
core   0: 0x80007d22 (0x02245833) divu    a6, s0, sp
core   0: 3 0x80007d22 (0x02245833) x16 0x00000000
core   0: 0x80007d26 (0xac1d2413) slti    s0, s10, -1343
core   0: 3 0x80007d26 (0xac1d2413) x 8 0x00000000
core   0: 0x80007d2a (0x6ff4ec13) ori     s8, s1, 1791
core   0: 3 0x80007d2a (0x6ff4ec13) x24 0x000006ff
core   0: 0x80007d2e (0x00b73fb3) sltu    t6, a4, a1
core   0: 3 0x80007d2e (0x00b73fb3) x31 0x00000000
core   0: 0x80007d32 (0x00000001) c.nop
core   0: 3 0x80007d32 (0x0001)
core   0: 0x80007d34 (0x01a1c6b3) xor     a3, gp, s10
core   0: 3 0x80007d34 (0x01a1c6b3) x13 0x00000000
core   0: 0x80007d38 (0x0371dc33) divu    s8, gp, s7
core   0: 3 0x80007d38 (0x0371dc33) x24 0xffffffff
core   0: 0x80007d3c (0x00b75e33) srl     t3, a4, a1
core   0: 3 0x80007d3c (0x00b75e33) x28 0xfffff9dd
core   0: 0x80007d40 (0x0281e233) rem     tp, gp, s0
core   0: 3 0x80007d40 (0x0281e233) x 4 0xffffffff
core   0: 0x80007d44 (0x41e8d193) srai    gp, a7, 30
core   0: 3 0x80007d44 (0x41e8d193) x 3 0x00000000
core   0: 0x80007d48 (0x00008ead) c.xor   a3, a1
core   0: 3 0x80007d48 (0x8ead) x13 0x00000000
core   0: 0x80007d4a (0x0000137d) c.addi  t1, -1
core   0: 3 0x80007d4a (0x137d) x 6 0xd29a4fff
core   0: 0x80007d4c (0x0132eab7) lui     s5, 0x132e
core   0: 3 0x80007d4c (0x0132eab7) x21 0x0132e000
core   0: 0x80007d50 (0x025986b3) mul     a3, s3, t0
core   0: 3 0x80007d50 (0x025986b3) x13 0x59764308
core   0: 0x80007d54 (0x00001e1c) c.addi4spn a5, sp, 816
core   0: 3 0x80007d54 (0x1e1c) x15 0x00000320
core   0: 0x80007d56 (0x007f3333) sltu    t1, t5, t2
core   0: 3 0x80007d56 (0x007f3333) x 6 0x00000000
core   0: 0x80007d5a (0x03a7a0b3) mulhsu  ra, a5, s10
core   0: 3 0x80007d5a (0x03a7a0b3) x 1 0x0000031f
core   0: 0x80007d5e (0x0000117d) c.addi  sp, -1
core   0: 3 0x80007d5e (0x117d) x 2 0xffffffef
core   0: 0x80007d60 (0x01636133) or      sp, t1, s6
core   0: 3 0x80007d60 (0x01636133) x 2 0xc9eb6fb1
core   0: 0x80007d64 (0x03480013) addi    zero, a6, 52
core   0: 3 0x80007d64 (0x03480013)
core   0: 0x80007d68 (0x000081cd) c.srli  a1, 19
core   0: 3 0x80007d68 (0x81cd) x11 0x00000000
core   0: 0x80007d6a (0x037561b3) rem     gp, a0, s7
core   0: 3 0x80007d6a (0x037561b3) x 3 0x010000d2
core   0: 0x80007d6e (0x00f1d693) srli    a3, gp, 15
core   0: 3 0x80007d6e (0x00f1d693) x13 0x00000200
core   0: 0x80007d72 (0x03a9ecb3) rem     s9, s3, s10
core   0: 3 0x80007d72 (0x03a9ecb3) x25 0x00000000
core   0: 0x80007d76 (0xacb8b813) sltiu   a6, a7, -1333
core   0: 3 0x80007d76 (0xacb8b813) x16 0x00000001
core   0: 0x80007d7a (0x00008061) c.srli  s0, 24
core   0: 3 0x80007d7a (0x8061) x 8 0x00000000
core   0: 0x80007d7c (0x3e652db7) lui     s11, 0x3e652
core   0: 3 0x80007d7c (0x3e652db7) x27 0x3e652000
core   0: 0x80007d80 (0x016ea433) slt     s0, t4, s6
core   0: 3 0x80007d80 (0x016ea433) x 8 0x00000000
core   0: 0x80007d84 (0xb75a3f97) auipc   t6, 0xb75a3
core   0: 3 0x80007d84 (0xb75a3f97) x31 0x375aad84
core   0: 0x80007d88 (0x026d1bb3) mulh    s7, s10, t1
core   0: 3 0x80007d88 (0x026d1bb3) x23 0x00000000
core   0: 0x80007d8c (0x01486733) or      a4, a6, s4
core   0: 3 0x80007d8c (0x01486733) x14 0x00000001
core   0: 0x80007d90 (0x011effb3) and     t6, t4, a7
core   0: 3 0x80007d90 (0x011effb3) x31 0x00000000
core   0: 0x80007d94 (0x410904b3) sub     s1, s2, a6
core   0: 3 0x80007d94 (0x410904b3) x 9 0xffffffff
core   0: 0x80007d98 (0x00bb17b3) sll     a5, s6, a1
core   0: 3 0x80007d98 (0x00bb17b3) x15 0xc9eb6fb1
core   0: 0x80007d9c (0x000086b1) c.srai  a3, 12
core   0: 3 0x80007d9c (0x86b1) x13 0x00000000
core   0: 0x80007d9e (0x02c044b3) div     s1, zero, a2
core   0: 3 0x80007d9e (0x02c044b3) x 9 0xffffffff
core   0: 0x80007da2 (0x00008ec5) c.or    a3, s1
core   0: 3 0x80007da2 (0x8ec5) x13 0xffffffff
core   0: 0x80007da4 (0x00001bfd) c.addi  s7, -1
core   0: 3 0x80007da4 (0x1bfd) x23 0xffffffff
core   0: 0x80007da6 (0x8414fd93) andi    s11, s1, -1983
core   0: 3 0x80007da6 (0x8414fd93) x27 0xfffff841
core   0: 0x80007daa (0x01add293) srli    t0, s11, 26
core   0: 3 0x80007daa (0x01add293) x 5 0x0000003f
core   0: 0x80007dae (0x000081ed) c.srli  a1, 27
core   0: 3 0x80007dae (0x81ed) x11 0x00000000
core   0: 0x80007db0 (0x008d1713) slli    a4, s10, 8
core   0: 3 0x80007db0 (0x008d1713) x14 0xffffff00
core   0: 0x80007db4 (0x000098fe) c.add   a7, t6
core   0: 3 0x80007db4 (0x98fe) x17 0x00000000
core   0: 0x80007db6 (0x41425f93) srai    t6, tp, 20
core   0: 3 0x80007db6 (0x41425f93) x31 0xffffffff
core   0: 0x80007dba (0x00008f75) c.and   a4, a3
core   0: 3 0x80007dba (0x8f75) x14 0xffffff00
core   0: 0x80007dbc (0x017e4833) xor     a6, t3, s7
core   0: 3 0x80007dbc (0x017e4833) x16 0x00000622
core   0: 0x80007dc0 (0x0000950a) c.add   a0, sp
core   0: 3 0x80007dc0 (0x950a) x10 0xcaeb7083
core   0: 0x80007dc2 (0x03792033) mulhsu  zero, s2, s7
core   0: 3 0x80007dc2 (0x03792033)
core   0: 0x80007dc6 (0x40135f13) srai    t5, t1, 1
core   0: 3 0x80007dc6 (0x40135f13) x30 0x00000000
core   0: 0x80007dca (0x03513e33) mulhu   t3, sp, s5
core   0: 3 0x80007dca (0x03513e33) x28 0x00f20c19
core   0: 0x80007dce (0x59157313) andi    t1, a0, 1425
core   0: 3 0x80007dce (0x59157313) x 6 0x00000081
core   0: 0x80007dd2 (0x0000819d) c.srli  a1, 7
core   0: 3 0x80007dd2 (0x819d) x11 0x00000000
core   0: 0x80007dd4 (0x000067b1) c.lui   a5, 0xc
core   0: 3 0x80007dd4 (0x67b1) x15 0x0000c000
core   0: 0x80007dd6 (0x01d3a233) slt     tp, t2, t4
core   0: 3 0x80007dd6 (0x01d3a233) x 4 0x00000001
core   0: 0x80007dda (0x02b82533) mulhsu  a0, a6, a1
core   0: 3 0x80007dda (0x02b82533) x10 0x00000000
core   0: 0x80007dde (0x0000831e) c.mv    t1, t2
core   0: 3 0x80007dde (0x831e) x 6 0x80012ce4
core   0: 0x80007de0 (0x00008009) c.srli  s0, 2
core   0: 3 0x80007de0 (0x8009) x 8 0x00000000
core   0: 0x80007de2 (0x03f03ab3) mulhu   s5, zero, t6
core   0: 3 0x80007de2 (0x03f03ab3) x21 0x00000000
core   0: 0x80007de6 (0x000016fd) c.addi  a3, -1
core   0: 3 0x80007de6 (0x16fd) x13 0xfffffffe
core   0: 0x80007de8 (0x03d14a33) div     s4, sp, t4
core   0: 3 0x80007de8 (0x03d14a33) x20 0xffffffff
core   0: 0x80007dec (0x00008479) c.srai  s0, 30
core   0: 3 0x80007dec (0x8479) x 8 0x00000000
core   0: 0x80007dee (0xe533a913) slti    s2, t2, -429
core   0: 3 0x80007dee (0xe533a913) x18 0x00000001
core   0: 0x80007df2 (0x00008879) c.andi  s0, 30
core   0: 3 0x80007df2 (0x8879) x 8 0x00000000
core   0: 0x80007df4 (0x000094ee) c.add   s1, s11
core   0: 3 0x80007df4 (0x94ee) x 9 0xfffff840
core   0: 0x80007df6 (0x00008f09) c.sub   a4, a0
core   0: 3 0x80007df6 (0x8f09) x14 0xffffff00
core   0: 0x80007df8 (0x86d8a913) slti    s2, a7, -1939
core   0: 3 0x80007df8 (0x86d8a913) x18 0x00000000
core   0: 0x80007dfc (0x00009f22) c.add   t5, s0
core   0: 3 0x80007dfc (0x9f22) x30 0x00000000
core   0: 0x80007dfe (0xa9190d37) lui     s10, 0xa9190
core   0: 3 0x80007dfe (0xa9190d37) x26 0xa9190000
core   0: 0x80007e02 (0x418b8833) sub     a6, s7, s8
core   0: 3 0x80007e02 (0x418b8833) x16 0x00000000
core   0: 0x80007e06 (0x01f9d013) srli    zero, s3, 31
core   0: 3 0x80007e06 (0x01f9d013)
core   0: 0x80007e0a (0x2ead4e93) xori    t4, s10, 746
core   0: 3 0x80007e0a (0x2ead4e93) x29 0xa91902ea
core   0: 0x80007e0e (0x029411b3) mulh    gp, s0, s1
core   0: 3 0x80007e0e (0x029411b3) x 3 0x00000000
core   0: 0x80007e12 (0x0132e4b3) or      s1, t0, s3
core   0: 3 0x80007e12 (0x0132e4b3) x 9 0x8000ee7f
core   0: 0x80007e16 (0x00008f6a) c.mv    t5, s10
core   0: 3 0x80007e16 (0x8f6a) x30 0xa9190000
core   0: 0x80007e18 (0x00008a86) c.mv    s5, ra
core   0: 3 0x80007e18 (0x8a86) x21 0x0000031f
core   0: 0x80007e1a (0x002d42b3) xor     t0, s10, sp
core   0: 3 0x80007e1a (0x002d42b3) x 5 0x60f26fb1
core   0: 0x80007e1e (0x650a2513) slti    a0, s4, 1616
core   0: 3 0x80007e1e (0x650a2513) x10 0x00000001
core   0: 0x80007e22 (0x00505e13) srli    t3, zero, 5
core   0: 3 0x80007e22 (0x00505e13) x28 0x00000000
core   0: 0x80007e26 (0x004140b3) xor     ra, sp, tp
core   0: 3 0x80007e26 (0x004140b3) x 1 0xc9eb6fb0
core   0: 0x80007e2a (0x37917d97) auipc   s11, 0x37917
core   0: 3 0x80007e2a (0x37917d97) x27 0xb791ee2a
core   0: 0x80007e2e (0x000081c1) c.srli  a1, 16
core   0: 3 0x80007e2e (0x81c1) x11 0x00000000
core   0: 0x80007e30 (0x0180f333) and     t1, ra, s8
core   0: 3 0x80007e30 (0x0180f333) x 6 0xc9eb6fb0
core   0: 0x80007e34 (0xff117893) andi    a7, sp, -15
core   0: 3 0x80007e34 (0xff117893) x17 0xc9eb6fb1
core   0: 0x80007e38 (0x03df2f33) mulhsu  t5, t5, t4
core   0: 3 0x80007e38 (0x03df2f33) x30 0xc6990373
core   0: 0x80007e3c (0x0019dd33) srl     s10, s3, ra
core   0: 3 0x80007e3c (0x0019dd33) x26 0x00008000
core   0: 0x80007e40 (0x00000094) c.addi4spn a3, sp, 64
core   0: 3 0x80007e40 (0x0094) x13 0xc9eb6ff1
core   0: 0x80007e42 (0x01662433) slt     s0, a2, s6
core   0: 3 0x80007e42 (0x01662433) x 8 0x00000000
core   0: 0x80007e46 (0x88400193) li      gp, -1916
core   0: 3 0x80007e46 (0x88400193) x 3 0xfffff884
core   0: 0x80007e4a (0x0000717d) c.addi16sp sp, -16
core   0: 3 0x80007e4a (0x717d) x 2 0xc9eb6fa1
core   0: 0x80007e4c (0x000082c1) c.srli  a3, 16
core   0: 3 0x80007e4c (0x82c1) x13 0x0000c9eb
core   0: 0x80007e4e (0x0024e933) or      s2, s1, sp
core   0: 3 0x80007e4e (0x0024e933) x18 0xc9ebefff
core   0: 0x80007e52 (0x00008f89) c.sub   a5, a0
core   0: 3 0x80007e52 (0x8f89) x15 0x0000bfff
core   0: 0x80007e54 (0x3cb71bb7) lui     s7, 0x3cb71
core   0: 3 0x80007e54 (0x3cb71bb7) x23 0x3cb71000
core   0: 0x80007e58 (0x00001914) c.addi4spn a3, sp, 176
core   0: 3 0x80007e58 (0x1914) x13 0xc9eb7051
core   0: 0x80007e5a (0x00000f46) c.slli  t5, 17
core   0: 3 0x80007e5a (0x0f46) x30 0x06e60000
core   0: 0x80007e5c (0x00008541) c.srai  a0, 16
core   0: 3 0x80007e5c (0x8541) x10 0x00000000
core   0: 0x80007e5e (0x01902ab3) slt     s5, zero, s9
core   0: 3 0x80007e5e (0x01902ab3) x21 0x00000000
core   0: 0x80007e62 (0x03a2dcb3) divu    s9, t0, s10
core   0: 3 0x80007e62 (0x03a2dcb3) x25 0x0000c1e4
core   0: 0x80007e66 (0x0e818d13) addi    s10, gp, 232
core   0: 3 0x80007e66 (0x0e818d13) x26 0xfffff96c
core   0: 0x80007e6a (0x000005b2) c.slli  a1, 12
core   0: 3 0x80007e6a (0x05b2) x11 0x00000000
core   0: 0x80007e6c (0x879bac37) lui     s8, 0x879ba
core   0: 3 0x80007e6c (0x879bac37) x24 0x879ba000
core   0: 0x80007e70 (0x00033733) sltu    a4, t1, zero
core   0: 3 0x80007e70 (0x00033733) x14 0x00000000
core   0: 0x80007e74 (0x0000717d) c.addi16sp sp, -16
core   0: 3 0x80007e74 (0x717d) x 2 0xc9eb6f91
core   0: 0x80007e76 (0x000092ce) c.add   t0, s3
core   0: 3 0x80007e76 (0x92ce) x 5 0xe0f35e15
core   0: 0x80007e78 (0xe9d1e593) ori     a1, gp, -355
core   0: 3 0x80007e78 (0xe9d1e593) x11 0xfffffe9d
core   0: 0x80007e7c (0x00000d94) c.addi4spn a3, sp, 720
core   0: 3 0x80007e7c (0x0d94) x13 0xc9eb7261
core   0: 0x80007e7e (0x030161b3) rem     gp, sp, a6
core   0: 3 0x80007e7e (0x030161b3) x 3 0xc9eb6f91
core   0: 0x80007e82 (0x000084a1) c.srai  s1, 8
core   0: 3 0x80007e82 (0x84a1) x 9 0xff8000ee
core   0: 0x80007e84 (0x00000bb2) c.slli  s7, 12
core   0: 3 0x80007e84 (0x0bb2) x23 0x71000000
core   0: 0x80007e86 (0x77048713) addi    a4, s1, 1904
core   0: 3 0x80007e86 (0x77048713) x14 0xff80085e
core   0: 0x80007e8a (0x81f27c13) andi    s8, tp, -2017
core   0: 3 0x80007e8a (0x81f27c13) x24 0x00000001
core   0: 0x80007e8e (0x588a4713) xori    a4, s4, 1416
core   0: 3 0x80007e8e (0x588a4713) x14 0xfffffa77
core   0: 0x80007e92 (0x5d76f693) andi    a3, a3, 1495
core   0: 3 0x80007e92 (0x5d76f693) x13 0x00000041
core   0: 0x80007e96 (0x0000717d) c.addi16sp sp, -16
core   0: 3 0x80007e96 (0x717d) x 2 0xc9eb6f81
core   0: 0x80007e98 (0x72028193) addi    gp, t0, 1824
core   0: 3 0x80007e98 (0x72028193) x 3 0xe0f36535
core   0: 0x80007e9c (0x00000001) c.nop
core   0: 3 0x80007e9c (0x0001)
core   0: 0x80007e9e (0x01551f93) slli    t6, a0, 21
core   0: 3 0x80007e9e (0x01551f93) x31 0x00000000
core   0: 0x80007ea2 (0x6c15ae97) auipc   t4, 0x6c15a
core   0: 3 0x80007ea2 (0x6c15ae97) x29 0xec161ea2
core   0: 0x80007ea6 (0x0000127d) c.addi  tp, -1
core   0: 3 0x80007ea6 (0x127d) x 4 0x00000000
core   0: 0x80007ea8 (0x01ea3833) sltu    a6, s4, t5
core   0: 3 0x80007ea8 (0x01ea3833) x16 0x00000000
core   0: 0x80007eac (0x02f89933) mulh    s2, a7, a5
core   0: 3 0x80007eac (0x02f89933) x18 0xffffd770
core   0: 0x80007eb0 (0x00719f13) slli    t5, gp, 7
core   0: 3 0x80007eb0 (0x00719f13) x30 0x79b29a80
core   0: 0x80007eb4 (0x00000001) c.nop
core   0: 3 0x80007eb4 (0x0001)
core   0: 0x80007eb6 (0x01b15fb3) srl     t6, sp, s11
core   0: 3 0x80007eb6 (0x01b15fb3) x31 0x00327adb
core   0: 0x80007eba (0x23a70313) addi    t1, a4, 570
core   0: 3 0x80007eba (0x23a70313) x 6 0xfffffcb1
core   0: 0x80007ebe (0x00008ce9) c.and   s1, a0
core   0: 3 0x80007ebe (0x8ce9) x 9 0x00000000
core   0: 0x80007ec0 (0x00000b00) c.addi4spn s0, sp, 400
core   0: 3 0x80007ec0 (0x0b00) x 8 0xc9eb7111
core   0: 0x80007ec2 (0x29a79837) lui     a6, 0x29a79
core   0: 3 0x80007ec2 (0x29a79837) x16 0x29a79000
core   0: 0x80007ec6 (0x0000117d) c.addi  sp, -1
core   0: 3 0x80007ec6 (0x117d) x 2 0xc9eb6f80
core   0: 0x80007ec8 (0x43097c93) andi    s9, s2, 1072
core   0: 3 0x80007ec8 (0x43097c93) x25 0x00000430
core   0: 0x80007ecc (0x00000001) c.nop
core   0: 3 0x80007ecc (0x0001)
core   0: 0x80007ece (0x034f4533) div     a0, t5, s4
core   0: 3 0x80007ece (0x034f4533) x10 0x864d6580
core   0: 0x80007ed2 (0x00000a9a) c.slli  s5, 6
core   0: 3 0x80007ed2 (0x0a9a) x21 0x00000000
core   0: 0x80007ed4 (0x021bd733) divu    a4, s7, ra
core   0: 3 0x80007ed4 (0x021bd733) x14 0x00000000
core   0: 0x80007ed8 (0x00008179) c.srli  a0, 30
core   0: 3 0x80007ed8 (0x8179) x10 0x00000002
core   0: 0x80007eda (0x03116eb3) rem     t4, sp, a7
core   0: 3 0x80007eda (0x03116eb3) x29 0xffffffcf
core   0: 0x80007ede (0x02d4beb3) mulhu   t4, s1, a3
core   0: 3 0x80007ede (0x02d4beb3) x29 0x00000000
core   0: 0x80007ee2 (0x004d6e33) or      t3, s10, tp
core   0: 3 0x80007ee2 (0x004d6e33) x28 0xfffff96c
core   0: 0x80007ee6 (0x00000001) c.nop
core   0: 3 0x80007ee6 (0x0001)
core   0: 0x80007ee8 (0x03b04433) div     s0, zero, s11
core   0: 3 0x80007ee8 (0x03b04433) x 8 0x00000000
core   0: 0x80007eec (0x01b31e33) sll     t3, t1, s11
core   0: 3 0x80007eec (0x01b31e33) x28 0xfff2c400
core   0: 0x80007ef0 (0x025d8bb3) mul     s7, s11, t0
core   0: 3 0x80007ef0 (0x025d8bb3) x23 0x7649f572
core   0: 0x80007ef4 (0x00006741) c.lui   a4, 0x10
core   0: 3 0x80007ef4 (0x6741) x14 0x00010000
core   0: 0x80007ef6 (0x00008ce1) c.and   s1, s0
core   0: 3 0x80007ef6 (0x8ce1) x 9 0x00000000
core   0: 0x80007ef8 (0x93726193) ori     gp, tp, -1737
core   0: 3 0x80007ef8 (0x93726193) x 3 0xfffff937
core   0: 0x80007efc (0x00005b7d) c.li    s6, -1
core   0: 3 0x80007efc (0x5b7d) x22 0xffffffff
core   0: 0x80007efe (0x0195da13) srli    s4, a1, 25
core   0: 3 0x80007efe (0x0195da13) x20 0x0000007f
core   0: 0x80007f02 (0x01be5d13) srli    s10, t3, 27
core   0: 3 0x80007f02 (0x01be5d13) x26 0x0000001f
core   0: 0x80007f06 (0x0000851e) c.mv    a0, t2
core   0: 3 0x80007f06 (0x851e) x10 0x80012ce4
core   0: 0x80007f08 (0x00006aad) c.lui   s5, 0xb
core   0: 3 0x80007f08 (0x6aad) x21 0x0000b000
core   0: 0x80007f0a (0x02e53933) mulhu   s2, a0, a4
core   0: 3 0x80007f0a (0x02e53933) x18 0x00008001
core   0: 0x80007f0e (0x41aed513) srai    a0, t4, 26
core   0: 3 0x80007f0e (0x41aed513) x10 0x00000000
core   0: 0x80007f12 (0x013b4cb3) xor     s9, s6, s3
core   0: 3 0x80007f12 (0x013b4cb3) x25 0x7fff119b
core   0: 0x80007f16 (0x986aa717) auipc   a4, 0x986aa
core   0: 3 0x80007f16 (0x986aa717) x14 0x186b1f16
core   0: 0x80007f1a (0x013d08b3) add     a7, s10, s3
core   0: 3 0x80007f1a (0x013d08b3) x17 0x8000ee83
core   0: 0x80007f1e (0xb45dd8b7) lui     a7, 0xb45dd
core   0: 3 0x80007f1e (0xb45dd8b7) x17 0xb45dd000
core   0: 0x80007f22 (0x000086b2) c.mv    a3, a2
core   0: 3 0x80007f22 (0x86b2) x13 0x00000000
core   0: 0x80007f24 (0xfc92f893) andi    a7, t0, -55
core   0: 3 0x80007f24 (0xfc92f893) x17 0xe0f35e01
core   0: 0x80007f28 (0x00006c69) c.lui   s8, 0x1a
core   0: 3 0x80007f28 (0x6c69) x24 0x0001a000
core   0: 0x80007f2a (0x00000001) c.nop
core   0: 3 0x80007f2a (0x0001)
core   0: 0x80007f2c (0xd28b9317) auipc   t1, 0xd28b9
core   0: 3 0x80007f2c (0xd28b9317) x 6 0x528c0f2c
core   0: 0x80007f30 (0x00569c13) slli    s8, a3, 5
core   0: 3 0x80007f30 (0x00569c13) x24 0x00000000
core   0: 0x80007f34 (0x0000189c) c.addi4spn a5, sp, 112
core   0: 3 0x80007f34 (0x189c) x15 0xc9eb6ff0
core   0: 0x80007f36 (0x2fe00517) auipc   a0, 0x2fe00
core   0: 3 0x80007f36 (0x2fe00517) x10 0xafe07f36
core   0: 0x80007f3a (0xd0994d13) xori    s10, s2, -759
core   0: 3 0x80007f3a (0xd0994d13) x26 0xffff7d08
core   0: 0x80007f3e (0x00faecb3) or      s9, s5, a5
core   0: 3 0x80007f3e (0x00faecb3) x25 0xc9ebfff0
core   0: 0x80007f42 (0x871ee213) ori     tp, t4, -1935
core   0: 3 0x80007f42 (0x871ee213) x 4 0xfffff871
core   0: 0x80007f46 (0x0000809d) c.srli  s1, 7
core   0: 3 0x80007f46 (0x809d) x 9 0x00000000
core   0: 0x80007f48 (0x0295b0b3) mulhu   ra, a1, s1
core   0: 3 0x80007f48 (0x0295b0b3) x 1 0x00000000
core   0: 0x80007f4c (0x018c0a33) add     s4, s8, s8
core   0: 3 0x80007f4c (0x018c0a33) x20 0x00000000
core   0: 0x80007f50 (0x0000717d) c.addi16sp sp, -16
core   0: 3 0x80007f50 (0x717d) x 2 0xc9eb6f70
core   0: 0x80007f52 (0x038b7833) remu    a6, s6, s8
core   0: 3 0x80007f52 (0x038b7833) x16 0xffffffff
core   0: 0x80007f56 (0x024d9d33) mulh    s10, s11, tp
core   0: 3 0x80007f56 (0x024d9d33) x26 0x00000223
core   0: 0x80007f5a (0x00008339) c.srli  a4, 14
core   0: 3 0x80007f5a (0x8339) x14 0x000061ac
core   0: 0x80007f5c (0x028006b3) mul     a3, zero, s0
core   0: 3 0x80007f5c (0x028006b3) x13 0x00000000
core   0: 0x80007f60 (0xaea43813) sltiu   a6, s0, -1302
core   0: 3 0x80007f60 (0xaea43813) x16 0x00000001
core   0: 0x80007f64 (0x00000e8c) c.addi4spn a1, sp, 848
core   0: 3 0x80007f64 (0x0e8c) x11 0xc9eb72c0
core   0: 0x80007f66 (0x010ec933) xor     s2, t4, a6
core   0: 3 0x80007f66 (0x010ec933) x18 0x00000001
core   0: 0x80007f6a (0x008952b3) srl     t0, s2, s0
core   0: 3 0x80007f6a (0x008952b3) x 5 0x00000001
core   0: 0x80007f6e (0x00006131) c.addi16sp sp, 320
core   0: 3 0x80007f6e (0x6131) x 2 0xc9eb70b0
core   0: 0x80007f70 (0x000085fd) c.srai  a1, 31
core   0: 3 0x80007f70 (0x85fd) x11 0xffffffff
core   0: 0x80007f72 (0x03eb6a33) rem     s4, s6, t5
core   0: 3 0x80007f72 (0x03eb6a33) x20 0xffffffff
core   0: 0x80007f76 (0x02004133) div     sp, zero, zero
core   0: 3 0x80007f76 (0x02004133) x 2 0xffffffff
core   0: 0x80007f7a (0x005c9133) sll     sp, s9, t0
core   0: 3 0x80007f7a (0x005c9133) x 2 0x93d7ffe0
core   0: 0x80007f7e (0x40b804b3) sub     s1, a6, a1
core   0: 3 0x80007f7e (0x40b804b3) x 9 0x00000002
core   0: 0x80007f82 (0x0000933a) c.add   t1, a4
core   0: 3 0x80007f82 (0x933a) x 6 0x528c70d8
core   0: 0x80007f84 (0x00006131) c.addi16sp sp, 320
core   0: 3 0x80007f84 (0x6131) x 2 0x93d80120
core   0: 0x80007f86 (0x0147bcb3) sltu    s9, a5, s4
core   0: 3 0x80007f86 (0x0147bcb3) x25 0x00000001
core   0: 0x80007f8a (0x0116df33) srl     t5, a3, a7
core   0: 3 0x80007f8a (0x0116df33) x30 0x00000000
core   0: 0x80007f8e (0x00000db1) c.addi  s11, 12
core   0: 3 0x80007f8e (0x0db1) x27 0xb791ee36
core   0: 0x80007f90 (0x015987b3) add     a5, s3, s5
core   0: 3 0x80007f90 (0x015987b3) x15 0x80019e64
core   0: 0x80007f94 (0x02a4c2b3) div     t0, s1, a0
core   0: 3 0x80007f94 (0x02a4c2b3) x 5 0x00000000
core   0: 0x80007f98 (0x00008e85) c.sub   a3, s1
core   0: 3 0x80007f98 (0x8e85) x13 0xfffffffe
core   0: 0x80007f9a (0x00000e69) c.addi  t3, 26
core   0: 3 0x80007f9a (0x0e69) x28 0xfff2c41a
core   0: 0x80007f9c (0x0110eab3) or      s5, ra, a7
core   0: 3 0x80007f9c (0x0110eab3) x21 0xe0f35e01
core   0: 0x80007fa0 (0x00000756) c.slli  a4, 21
core   0: 3 0x80007fa0 (0x0756) x14 0x35800000
core   0: 0x80007fa2 (0x63990e97) auipc   t4, 0x63990
core   0: 3 0x80007fa2 (0x63990e97) x29 0xe3997fa2
core   0: 0x80007fa6 (0x00fff333) and     t1, t6, a5
core   0: 3 0x80007fa6 (0x00fff333) x 6 0x00001a40
core   0: 0x80007faa (0x1301bb17) auipc   s6, 0x1301b
core   0: 3 0x80007faa (0x1301bb17) x22 0x93022faa
core   0: 0x80007fae (0x3c47a913) slti    s2, a5, 964
core   0: 3 0x80007fae (0x3c47a913) x18 0x00000001
core   0: 0x80007fb2 (0x00005afd) c.li    s5, -1
core   0: 3 0x80007fb2 (0x5afd) x21 0xffffffff
core   0: 0x80007fb4 (0x03080bb3) mul     s7, a6, a6
core   0: 3 0x80007fb4 (0x03080bb3) x23 0x00000001
core   0: 0x80007fb8 (0xe574bb37) lui     s6, 0xe574b
core   0: 3 0x80007fb8 (0xe574bb37) x22 0xe574b000
core   0: 0x80007fbc (0x0051db13) srli    s6, gp, 5
core   0: 3 0x80007fbc (0x0051db13) x22 0x07ffffc9
core   0: 0x80007fc0 (0x00a387b3) add     a5, t2, a0
core   0: 3 0x80007fc0 (0x00a387b3) x15 0x2fe1ac1a
core   0: 0x80007fc4 (0x00000001) c.nop
core   0: 3 0x80007fc4 (0x0001)
core   0: 0x80007fc6 (0x008b94b3) sll     s1, s7, s0
core   0: 3 0x80007fc6 (0x008b94b3) x 9 0x00000001
core   0: 0x80007fca (0xccd4a193) slti    gp, s1, -819
core   0: 3 0x80007fca (0xccd4a193) x 3 0x00000000
core   0: 0x80007fce (0x41fe0d33) sub     s10, t3, t6
core   0: 3 0x80007fce (0x41fe0d33) x26 0xffc0493f
core   0: 0x80007fd2 (0x00000001) c.nop
core   0: 3 0x80007fd2 (0x0001)
core   0: 0x80007fd4 (0x00008ca5) c.xor   s1, s1
core   0: 3 0x80007fd4 (0x8ca5) x 9 0x00000000
core   0: 0x80007fd6 (0xd2d46593) ori     a1, s0, -723
core   0: 3 0x80007fd6 (0xd2d46593) x11 0xfffffd2d
core   0: 0x80007fda (0xb117c593) xori    a1, a5, -1263
core   0: 3 0x80007fda (0xb117c593) x11 0xd01e570b
core   0: 0x80007fde (0x01a05e13) srli    t3, zero, 26
core   0: 3 0x80007fde (0x01a05e13) x28 0x00000000
core   0: 0x80007fe2 (0x0072ba33) sltu    s4, t0, t2
core   0: 3 0x80007fe2 (0x0072ba33) x20 0x00000001
core   0: 0x80007fe6 (0xeaa93517) auipc   a0, 0xeaa93
core   0: 3 0x80007fe6 (0xeaa93517) x10 0x6aa9afe6
core   0: 0x80007fea (0x000015fd) c.addi  a1, -1
core   0: 3 0x80007fea (0x15fd) x11 0xd01e570a
core   0: 0x80007fec (0x891a6413) ori     s0, s4, -1903
core   0: 3 0x80007fec (0x891a6413) x 8 0xfffff891
core   0: 0x80007ff0 (0x013f2133) slt     sp, t5, s3
core   0: 3 0x80007ff0 (0x013f2133) x 2 0x00000000
core   0: 0x80007ff4 (0xf4490f93) addi    t6, s2, -188
core   0: 3 0x80007ff4 (0xf4490f93) x31 0xffffff45
core   0: 0x80007ff8 (0x01a27233) and     tp, tp, s10
core   0: 3 0x80007ff8 (0x01a27233) x 4 0xffc04831
core   0: 0x80007ffc (0x0000688d) c.lui   a7, 0x3
core   0: 3 0x80007ffc (0x688d) x17 0x00003000
core   0: 0x80007ffe (0x026f81b3) mul     gp, t6, t1
core   0: 3 0x80007ffe (0x026f81b3) x 3 0xffecd340
core   0: 0x80008002 (0x01398133) add     sp, s3, s3
core   0: 3 0x80008002 (0x01398133) x 2 0x0001dcc8
core   0: 0x80008006 (0xbac33813) sltiu   a6, t1, -1108
core   0: 3 0x80008006 (0xbac33813) x16 0x00000001
core   0: 0x8000800a (0xef0df413) andi    s0, s11, -272
core   0: 3 0x8000800a (0xef0df413) x 8 0xb791ee30
core   0: 0x8000800e (0x032a3b33) mulhu   s6, s4, s2
core   0: 3 0x8000800e (0x032a3b33) x22 0x00000000
core   0: 0x80008012 (0x015d9133) sll     sp, s11, s5
core   0: 3 0x80008012 (0x015d9133) x 2 0x00000000
core   0: 0x80008016 (0x0169de93) srli    t4, s3, 22
core   0: 3 0x80008016 (0x0169de93) x29 0x00000200
core   0: 0x8000801a (0x00009cea) c.add   s9, s10
core   0: 3 0x8000801a (0x9cea) x25 0xffc04940
core   0: 0x8000801c (0x00f35ab3) srl     s5, t1, a5
core   0: 3 0x8000801c (0x00f35ab3) x21 0x00000000
core   0: 0x80008020 (0xddcdbc93) sltiu   s9, s11, -548
core   0: 3 0x80008020 (0xddcdbc93) x25 0x00000001
core   0: 0x80008024 (0x00c1ffb3) and     t6, gp, a2
core   0: 3 0x80008024 (0x00c1ffb3) x31 0x00000000
core   0: 0x80008028 (0x0162da13) srli    s4, t0, 22
core   0: 3 0x80008028 (0x0162da13) x20 0x00000000
core   0: 0x8000802c (0x02e7f433) remu    s0, a5, a4
core   0: 3 0x8000802c (0x02e7f433) x 8 0x2fe1ac1a
core   0: 0x80008030 (0x02936133) rem     sp, t1, s1
core   0: 3 0x80008030 (0x02936133) x 2 0x00001a40
core   0: 0x80008034 (0x039f3133) mulhu   sp, t5, s9
core   0: 3 0x80008034 (0x039f3133) x 2 0x00000000
core   0: 0x80008038 (0x0372c833) div     a6, t0, s7
core   0: 3 0x80008038 (0x0372c833) x16 0x00000000
core   0: 0x8000803c (0x6fe83e93) sltiu   t4, a6, 1790
core   0: 3 0x8000803c (0x6fe83e93) x29 0x00000001
core   0: 0x80008040 (0x7481a113) slti    sp, gp, 1864
core   0: 3 0x80008040 (0x7481a113) x 2 0x00000001
core   0: 0x80008044 (0x00008d31) c.xor   a0, a2
core   0: 3 0x80008044 (0x8d31) x10 0x6aa9afe6
core   0: 0x80008046 (0x02a9ca33) div     s4, s3, a0
core   0: 3 0x80008046 (0x02a9ca33) x20 0xffffffff
core   0: 0x8000804a (0x4e342813) slti    a6, s0, 1251
core   0: 3 0x8000804a (0x4e342813) x16 0x00000000
core   0: 0x8000804e (0x0000027e) c.slli  tp, 31
core   0: 3 0x8000804e (0x027e) x 4 0x80000000
core   0: 0x80008050 (0x03f28bb3) mul     s7, t0, t6
core   0: 3 0x80008050 (0x03f28bb3) x23 0x00000000
core   0: 0x80008054 (0x00008cc5) c.or    s1, s1
core   0: 3 0x80008054 (0x8cc5) x 9 0x00000000
core   0: 0x80008056 (0x016bd4b3) srl     s1, s7, s6
core   0: 3 0x80008056 (0x016bd4b3) x 9 0x00000000
core   0: 0x8000805a (0x00008525) c.srai  a0, 9
core   0: 3 0x8000805a (0x8525) x10 0x003554d7
core   0: 0x8000805c (0x00000001) c.nop
core   0: 3 0x8000805c (0x0001)
core   0: 0x8000805e (0x00001f0c) c.addi4spn a1, sp, 944
core   0: 3 0x8000805e (0x1f0c) x11 0x000003b1
core   0: 0x80008060 (0x003ad113) srli    sp, s5, 3
core   0: 3 0x80008060 (0x003ad113) x 2 0x00000000
core   0: 0x80008064 (0x00001e98) c.addi4spn a4, sp, 880
core   0: 3 0x80008064 (0x1e98) x14 0x00000370
core   0: 0x80008066 (0x03eb2c33) mulhsu  s8, s6, t5
core   0: 3 0x80008066 (0x03eb2c33) x24 0x00000000
core   0: 0x8000806a (0x0000022a) c.slli  tp, 10
core   0: 3 0x8000806a (0x022a) x 4 0x00000000
core   0: 0x8000806c (0x787b6413) ori     s0, s6, 1927
core   0: 3 0x8000806c (0x787b6413) x 8 0x00000787
core   0: 0x80008070 (0x01795d13) srli    s10, s2, 23
core   0: 3 0x80008070 (0x01795d13) x26 0x00000000
core   0: 0x80008074 (0x409055b3) sra     a1, zero, s1
core   0: 3 0x80008074 (0x409055b3) x11 0x00000000
core   0: 0x80008078 (0x000086f9) c.srai  a3, 30
core   0: 3 0x80008078 (0x86f9) x13 0xffffffff
core   0: 0x8000807a (0x00008fc1) c.or    a5, s0
core   0: 3 0x8000807a (0x8fc1) x15 0x2fe1af9f
core   0: 0x8000807c (0x00008df9) c.and   a1, a4
core   0: 3 0x8000807c (0x8df9) x11 0x00000000
core   0: 0x8000807e (0x03804033) div     zero, zero, s8
core   0: 3 0x8000807e (0x03804033)
core   0: 0x80008082 (0x003b70b3) and     ra, s6, gp
core   0: 3 0x80008082 (0x003b70b3) x 1 0x00000000
core   0: 0x80008086 (0x01758c33) add     s8, a1, s7
core   0: 3 0x80008086 (0x01758c33) x24 0x00000000
core   0: 0x8000808a (0x00008f45) c.or    a4, s1
core   0: 3 0x8000808a (0x8f45) x14 0x00000370
core   0: 0x8000808c (0x02c10733) mul     a4, sp, a2
core   0: 3 0x8000808c (0x02c10733) x14 0x00000000
core   0: 0x80008090 (0xcba42893) slti    a7, s0, -838
core   0: 3 0x80008090 (0xcba42893) x17 0x00000000
core   0: 0x80008094 (0x01afdcb3) srl     s9, t6, s10
core   0: 3 0x80008094 (0x01afdcb3) x25 0x00000000
core   0: 0x80008098 (0x26323093) sltiu   ra, tp, 611
core   0: 3 0x80008098 (0x26323093) x 1 0x00000001
core   0: 0x8000809c (0x00008f35) c.xor   a4, a3
core   0: 3 0x8000809c (0x8f35) x14 0xffffffff
core   0: 0x8000809e (0x00009b7d) c.andi  a4, -1
core   0: 3 0x8000809e (0x9b7d) x14 0xffffffff
core   0: 0x800080a0 (0x00055533) srl     a0, a0, zero
core   0: 3 0x800080a0 (0x00055533) x10 0x003554d7
core   0: 0x800080a4 (0x006a9593) slli    a1, s5, 6
core   0: 3 0x800080a4 (0x006a9593) x11 0x00000000
core   0: 0x800080a8 (0xfff00713) li      a4, -1
core   0: 3 0x800080a8 (0xfff00713) x14 0xffffffff
core   0: 0x800080ac (0x80000237) lui     tp, 0x80000
core   0: 3 0x800080ac (0x80000237) x 4 0x80000000
core   0: 0x800080b0 (0x00004d01) c.li    s10, 0
core   0: 3 0x800080b0 (0x4d01) x26 0x00000000
core   0: 0x800080b2 (0x80000b37) lui     s6, 0x80000
core   0: 3 0x800080b2 (0x80000b37) x22 0x80000000
core   0: 0x800080b6 (0xfa39da37) lui     s4, 0xfa39d
core   0: 3 0x800080b6 (0xfa39da37) x20 0xfa39d000
core   0: 0x800080ba (0xd60a0a13) addi    s4, s4, -672
core   0: 3 0x800080ba (0xd60a0a13) x20 0xfa39cd60
core   0: 0x800080be (0xc6042bb7) lui     s7, 0xc6042
core   0: 3 0x800080be (0xc6042bb7) x23 0xc6042000
core   0: 0x800080c2 (0xf94b8b93) addi    s7, s7, -108
core   0: 3 0x800080c2 (0xf94b8b93) x23 0xc6041f94
core   0: 0x800080c6 (0xfff00113) li      sp, -1
core   0: 3 0x800080c6 (0xfff00113) x 2 0xffffffff
core   0: 0x800080ca (0xfff00f93) li      t6, -1
core   0: 3 0x800080ca (0xfff00f93) x31 0xffffffff
core   0: 0x800080ce (0xd376feb7) lui     t4, 0xd376f
core   0: 3 0x800080ce (0xd376feb7) x29 0xd376f000
core   0: 0x800080d2 (0xa4ee8e93) addi    t4, t4, -1458
core   0: 3 0x800080d2 (0xa4ee8e93) x29 0xd376ea4e
core   0: 0x800080d6 (0xfff00313) li      t1, -1
core   0: 3 0x800080d6 (0xfff00313) x 6 0xffffffff
core   0: 0x800080da (0x022a4eb3) div     t4, s4, sp
core   0: 3 0x800080da (0x022a4eb3) x29 0x05c632a0
core   0: 0x800080de (0x3b975eb7) lui     t4, 0x3b975
core   0: 3 0x800080de (0x3b975eb7) x29 0x3b975000
core   0: 0x800080e2 (0x036d3233) mulhu   tp, s10, s6
core   0: 3 0x800080e2 (0x036d3233) x 4 0x00000000
core   0: 0x800080e6 (0x022efbb3) remu    s7, t4, sp
core   0: 3 0x800080e6 (0x022efbb3) x23 0x3b975000
core   0: 0x800080ea (0x00210b33) add     s6, sp, sp
core   0: 3 0x800080ea (0x00210b33) x22 0xfffffffe
core   0: 0x800080ee (0x02ed3eb3) mulhu   t4, s10, a4
core   0: 3 0x800080ee (0x02ed3eb3) x29 0x00000000
core   0: 0x800080f2 (0x034efbb3) remu    s7, t4, s4
core   0: 3 0x800080f2 (0x034efbb3) x23 0x00000000
core   0: 0x800080f6 (0x02225bb3) divu    s7, tp, sp
core   0: 3 0x800080f6 (0x02225bb3) x23 0x00000000
core   0: 0x800080fa (0x02675d33) divu    s10, a4, t1
core   0: 3 0x800080fa (0x02675d33) x26 0x00000001
core   0: 0x800080fe (0x024d4133) div     sp, s10, tp
core   0: 3 0x800080fe (0x024d4133) x 2 0xffffffff
core   0: 0x80008102 (0x01f10bb3) add     s7, sp, t6
core   0: 3 0x80008102 (0x01f10bb3) x23 0xfffffffe
core   0: 0x80008106 (0x03da1d33) mulh    s10, s4, t4
core   0: 3 0x80008106 (0x03da1d33) x26 0x00000000
core   0: 0x8000810a (0x03772a33) mulhsu  s4, a4, s7
core   0: 3 0x8000810a (0x03772a33) x20 0xffffffff
core   0: 0x8000810e (0x03712233) mulhsu  tp, sp, s7
core   0: 3 0x8000810e (0x03712233) x 4 0xffffffff
core   0: 0x80008112 (0x03d17eb3) remu    t4, sp, t4
core   0: 3 0x80008112 (0x03d17eb3) x29 0xffffffff
core   0: 0x80008116 (0x40ea0a33) sub     s4, s4, a4
core   0: 3 0x80008116 (0x40ea0a33) x20 0x00000000
core   0: 0x8000811a (0x03670a33) mul     s4, a4, s6
core   0: 3 0x8000811a (0x03670a33) x20 0x00000002
core   0: 0x8000811e (0x0000915a) c.add   sp, s6
core   0: 3 0x8000811e (0x915a) x 2 0xfffffffd
core   0: 0x80008120 (0x03724fb3) div     t6, tp, s7
core   0: 3 0x80008120 (0x03724fb3) x31 0x00000000
core   0: 0x80008124 (0x002d0bb3) add     s7, s10, sp
core   0: 3 0x80008124 (0x002d0bb3) x23 0xfffffffd
core   0: 0x80008128 (0x5e3e8f93) addi    t6, t4, 1507
core   0: 3 0x80008128 (0x5e3e8f93) x31 0x000005e2
core   0: 0x8000812c (0x03474233) div     tp, a4, s4
core   0: 3 0x8000812c (0x03474233) x 4 0x00000000
core   0: 0x80008130 (0xec9a0713) addi    a4, s4, -311
core   0: 3 0x80008130 (0xec9a0713) x14 0xfffffecb
core   0: 0x80008134 (0x03aa6eb3) rem     t4, s4, s10
core   0: 3 0x80008134 (0x03aa6eb3) x29 0x00000002
core   0: 0x80008138 (0xcd122117) auipc   sp, 0xcd122
core   0: 3 0x80008138 (0xcd122117) x 2 0x4d12a138
core   0: 0x8000813c (0xe1520e93) addi    t4, tp, -491
core   0: 3 0x8000813c (0xe1520e93) x29 0xfffffe15
core   0: 0x80008140 (0x03a34eb3) div     t4, t1, s10
core   0: 3 0x80008140 (0x03a34eb3) x29 0xffffffff
core   0: 0x80008144 (0x03db1733) mulh    a4, s6, t4
core   0: 3 0x80008144 (0x03db1733) x14 0x00000000
core   0: 0x80008148 (0x00009d76) c.add   s10, t4
core   0: 3 0x80008148 (0x9d76) x26 0xffffffff
core   0: 0x8000814a (0xb4b2f113) andi    sp, t0, -1205
core   0: 3 0x8000814a (0xb4b2f113) x 2 0x00000000
core   0: 0x8000814e (0x02d6b133) mulhu   sp, a3, a3
core   0: 3 0x8000814e (0x02d6b133) x 2 0xfffffffe
core   0: 0x80008152 (0x16120113) addi    sp, tp, 353
core   0: 3 0x80008152 (0x16120113) x 2 0x00000161
core   0: 0x80008156 (0x015b6eb3) or      t4, s6, s5
core   0: 3 0x80008156 (0x015b6eb3) x29 0xfffffffe
core   0: 0x8000815a (0x000d3db3) sltu    s11, s10, zero
core   0: 3 0x8000815a (0x000d3db3) x27 0x00000000
core   0: 0x8000815e (0x00008c69) c.and   s0, a0
core   0: 3 0x8000815e (0x8c69) x 8 0x00000487
core   0: 0x80008160 (0xe694d0b7) lui     ra, 0xe694d
core   0: 3 0x80008160 (0xe694d0b7) x 1 0xe694d000
core   0: 0x80008164 (0x00e5a0b3) slt     ra, a1, a4
core   0: 3 0x80008164 (0x00e5a0b3) x 1 0x00000000
core   0: 0x80008168 (0x00008e95) c.sub   a3, a3
core   0: 3 0x80008168 (0x8e95) x13 0x00000000
core   0: 0x8000816a (0x00000001) c.nop
core   0: 3 0x8000816a (0x0001)
core   0: 0x8000816c (0x41b15913) srai    s2, sp, 27
core   0: 3 0x8000816c (0x41b15913) x18 0x00000000
core   0: 0x80008170 (0x00e69d93) slli    s11, a3, 14
core   0: 3 0x80008170 (0x00e69d93) x27 0x00000000
core   0: 0x80008174 (0x01b6efb3) or      t6, a3, s11
core   0: 3 0x80008174 (0x01b6efb3) x31 0x00000000
core   0: 0x80008178 (0x023101b3) mul     gp, sp, gp
core   0: 3 0x80008178 (0x023101b3) x 3 0xe58f4b40
core   0: 0x8000817c (0x023bbdb3) mulhu   s11, s7, gp
core   0: 3 0x8000817c (0x023bbdb3) x27 0xe58f4b3d
core   0: 0x80008180 (0x00001f8c) c.addi4spn a1, sp, 1008
core   0: 3 0x80008180 (0x1f8c) x11 0x00000551
core   0: 0x80008182 (0x13a64d93) xori    s11, a2, 314
core   0: 3 0x80008182 (0x13a64d93) x27 0x0000013a
core   0: 0x80008186 (0x024dd533) divu    a0, s11, tp
core   0: 3 0x80008186 (0x024dd533) x10 0xffffffff
core   0: 0x8000818a (0x0048d5b3) srl     a1, a7, tp
core   0: 3 0x8000818a (0x0048d5b3) x11 0x00000000
core   0: 0x8000818e (0x00008c65) c.and   s0, s1
core   0: 3 0x8000818e (0x8c65) x 8 0x00000000
core   0: 0x80008190 (0x0000717d) c.addi16sp sp, -16
core   0: 3 0x80008190 (0x717d) x 2 0x00000151
core   0: 0x80008192 (0x41d95833) sra     a6, s2, t4
core   0: 3 0x80008192 (0x41d95833) x16 0x00000000
core   0: 0x80008196 (0x40798933) sub     s2, s3, t2
core   0: 3 0x80008196 (0x40798933) x18 0xffffc180
core   0: 0x8000819a (0x001b7fb3) and     t6, s6, ra
core   0: 3 0x8000819a (0x001b7fb3) x31 0x00000000
core   0: 0x8000819e (0x0260ccb3) div     s9, ra, t1
core   0: 3 0x8000819e (0x0260ccb3) x25 0x00000000
core   0: 0x800081a2 (0x009a0733) add     a4, s4, s1
core   0: 3 0x800081a2 (0x009a0733) x14 0x00000002
core   0: 0x800081a6 (0x00001ffd) c.addi  t6, -1
core   0: 3 0x800081a6 (0x1ffd) x31 0xffffffff
core   0: 0x800081a8 (0x00000001) c.nop
core   0: 3 0x800081a8 (0x0001)
core   0: 0x800081aa (0x00e61433) sll     s0, a2, a4
core   0: 3 0x800081aa (0x00e61433) x 8 0x00000000
core   0: 0x800081ae (0x0038f033) and     zero, a7, gp
core   0: 3 0x800081ae (0x0038f033)
core   0: 0x800081b2 (0xf3ed7213) andi    tp, s10, -194
core   0: 3 0x800081b2 (0xf3ed7213) x 4 0xffffff3e
core   0: 0x800081b6 (0x00000162) c.slli  sp, 24
core   0: 3 0x800081b6 (0x0162) x 2 0x51000000
core   0: 0x800081b8 (0x019c9bb3) sll     s7, s9, s9
core   0: 3 0x800081b8 (0x019c9bb3) x23 0x00000000
core   0: 0x800081bc (0x00c16b93) ori     s7, sp, 12
core   0: 3 0x800081bc (0x00c16b93) x23 0x5100000c
core   0: 0x800081c0 (0x40575b33) sra     s6, a4, t0
core   0: 3 0x800081c0 (0x40575b33) x22 0x00000002
core   0: 0x800081c4 (0x00000001) c.nop
core   0: 3 0x800081c4 (0x0001)
core   0: 0x800081c6 (0x00006f1d) c.lui   t5, 0x7
core   0: 3 0x800081c6 (0x6f1d) x30 0x00007000
core   0: 0x800081c8 (0x039daab3) mulhsu  s5, s11, s9
core   0: 3 0x800081c8 (0x039daab3) x21 0x00000000
core   0: 0x800081cc (0x0391a4b3) mulhsu  s1, gp, s9
core   0: 3 0x800081cc (0x0391a4b3) x 9 0x00000000
core   0: 0x800081d0 (0x085f8c93) addi    s9, t6, 133
core   0: 3 0x800081d0 (0x085f8c93) x25 0x00000084
core   0: 0x800081d4 (0x0000615d) c.addi16sp sp, 432
core   0: 3 0x800081d4 (0x615d) x 2 0x510001b0
core   0: 0x800081d6 (0x02cbf433) remu    s0, s7, a2
core   0: 3 0x800081d6 (0x02cbf433) x 8 0x5100000c
core   0: 0x800081da (0x000085c5) c.srai  a1, 17
core   0: 3 0x800081da (0x85c5) x11 0x00000000
core   0: 0x800081dc (0x69e37e93) andi    t4, t1, 1694
core   0: 3 0x800081dc (0x69e37e93) x29 0x0000069e
core   0: 0x800081e0 (0x03757a33) remu    s4, a0, s7
core   0: 3 0x800081e0 (0x03757a33) x20 0x0cffffdb
core   0: 0x800081e4 (0x01571493) slli    s1, a4, 21
core   0: 3 0x800081e4 (0x01571493) x 9 0x00400000
core   0: 0x800081e8 (0x02df9eb3) mulh    t4, t6, a3
core   0: 3 0x800081e8 (0x02df9eb3) x29 0x00000000
core   0: 0x800081ec (0x00001b98) c.addi4spn a4, sp, 496
core   0: 3 0x800081ec (0x1b98) x14 0x510003a0
core   0: 0x800081ee (0x006dbdb3) sltu    s11, s11, t1
core   0: 3 0x800081ee (0x006dbdb3) x27 0x00000001
core   0: 0x800081f2 (0x400285b3) sub     a1, t0, zero
core   0: 3 0x800081f2 (0x400285b3) x11 0x00000000
core   0: 0x800081f6 (0x000007a2) c.slli  a5, 8
core   0: 3 0x800081f6 (0x07a2) x15 0xe1af9f00
core   0: 0x800081f8 (0x00008f81) c.sub   a5, s0
core   0: 3 0x800081f8 (0x8f81) x15 0x90af9ef4
core   0: 0x800081fa (0x00006149) c.addi16sp sp, 144
core   0: 3 0x800081fa (0x6149) x 2 0x51000240
core   0: 0x800081fc (0x0058eab3) or      s5, a7, t0
core   0: 3 0x800081fc (0x0058eab3) x21 0x00000000
core   0: 0x80008200 (0x56599217) auipc   tp, 0x56599
core   0: 3 0x80008200 (0x56599217) x 4 0xd65a1200
core   0: 0x80008204 (0x02b58fb3) mul     t6, a1, a1
core   0: 3 0x80008204 (0x02b58fb3) x31 0x00000000
core   0: 0x80008208 (0x000056fd) c.li    a3, -1
core   0: 3 0x80008208 (0x56fd) x13 0xffffffff
core   0: 0x8000820a (0x00008dd9) c.or    a1, a4
core   0: 3 0x8000820a (0x8dd9) x11 0x510003a0
core   0: 0x8000820c (0x401e5013) srai    zero, t3, 1
core   0: 3 0x8000820c (0x401e5013)
core   0: 0x80008210 (0xec9976b7) lui     a3, 0xec997
core   0: 3 0x80008210 (0xec9976b7) x13 0xec997000
core   0: 0x80008214 (0xbeb4b313) sltiu   t1, s1, -1045
core   0: 3 0x80008214 (0xbeb4b313) x 6 0x00000001
core   0: 0x80008218 (0x03bce133) rem     sp, s9, s11
core   0: 3 0x80008218 (0x03bce133) x 2 0x00000000
core   0: 0x8000821c (0x12c96a37) lui     s4, 0x12c96
core   0: 3 0x8000821c (0x12c96a37) x20 0x12c96000
core   0: 0x80008220 (0x00001bfd) c.addi  s7, -1
core   0: 3 0x80008220 (0x1bfd) x23 0x5100000b
core   0: 0x80008222 (0x36fd6793) ori     a5, s10, 879
core   0: 3 0x80008222 (0x36fd6793) x15 0xffffffff
core   0: 0x80008226 (0x6d71a813) slti    a6, gp, 1751
core   0: 3 0x80008226 (0x6d71a813) x16 0x00000001
core   0: 0x8000822a (0x01ab9893) slli    a7, s7, 26
core   0: 3 0x8000822a (0x01ab9893) x17 0x2c000000
core   0: 0x8000822e (0xc926c037) lui     zero, 0xc926c
core   0: 3 0x8000822e (0xc926c037)
core   0: 0x80008232 (0x00e0a4b3) slt     s1, ra, a4
core   0: 3 0x80008232 (0x00e0a4b3) x 9 0x00000001
core   0: 0x80008236 (0x01f8b833) sltu    a6, a7, t6
core   0: 3 0x80008236 (0x01f8b833) x16 0x00000000
core   0: 0x8000823a (0x2c260d37) lui     s10, 0x2c260
core   0: 3 0x8000823a (0x2c260d37) x26 0x2c260000
core   0: 0x8000823e (0x0000835d) c.srli  a4, 23
core   0: 3 0x8000823e (0x835d) x14 0x000000a2
core   0: 0x80008240 (0x00001584) c.addi4spn s1, sp, 736
core   0: 3 0x80008240 (0x1584) x 9 0x000002e0
core   0: 0x80008242 (0x00008f39) c.xor   a4, a4
core   0: 3 0x80008242 (0x8f39) x14 0x00000000
core   0: 0x80008244 (0x02cf8833) mul     a6, t6, a2
core   0: 3 0x80008244 (0x02cf8833) x16 0x00000000
core   0: 0x80008248 (0x02cd61b3) rem     gp, s10, a2
core   0: 3 0x80008248 (0x02cd61b3) x 3 0x2c260000
core   0: 0x8000824c (0x02920bb3) mul     s7, tp, s1
core   0: 3 0x8000824c (0x02920bb3) x23 0x42f3c000
core   0: 0x80008250 (0x0134b8b3) sltu    a7, s1, s3
core   0: 3 0x80008250 (0x0134b8b3) x17 0x00000001
core   0: 0x80008254 (0x000066bd) c.lui   a3, 0xf
core   0: 3 0x80008254 (0x66bd) x13 0x0000f000
core   0: 0x80008256 (0x00f46333) or      t1, s0, a5
core   0: 3 0x80008256 (0x00f46333) x 6 0xffffffff
core   0: 0x8000825a (0x00008db5) c.xor   a1, a3
core   0: 3 0x8000825a (0x8db5) x11 0x5100f3a0
core   0: 0x8000825c (0x000065ed) c.lui   a1, 0x1b
core   0: 3 0x8000825c (0x65ed) x11 0x0001b000
core   0: 0x8000825e (0x00006d09) c.lui   s10, 0x2
core   0: 3 0x8000825e (0x6d09) x26 0x00002000
core   0: 0x80008260 (0xa42b6e13) ori     t3, s6, -1470
core   0: 3 0x80008260 (0xa42b6e13) x28 0xfffffa42
core   0: 0x80008264 (0x02725e33) divu    t3, tp, t2
core   0: 3 0x80008264 (0x02725e33) x28 0x00000001
core   0: 0x80008268 (0x03623833) mulhu   a6, tp, s6
core   0: 3 0x80008268 (0x03623833) x16 0x00000001
core   0: 0x8000826c (0xce3dc413) xori    s0, s11, -797
core   0: 3 0x8000826c (0xce3dc413) x 8 0xfffffce2
core   0: 0x80008270 (0x00005cfd) c.li    s9, -1
core   0: 3 0x80008270 (0x5cfd) x25 0xffffffff
core   0: 0x80008272 (0x025a2933) mulhsu  s2, s4, t0
core   0: 3 0x80008272 (0x025a2933) x18 0x00000000
core   0: 0x80008276 (0x073607b7) lui     a5, 0x7360
core   0: 3 0x80008276 (0x073607b7) x15 0x07360000
core   0: 0x8000827a (0x0089ff93) andi    t6, s3, 8
core   0: 3 0x8000827a (0x0089ff93) x31 0x00000000
core   0: 0x8000827e (0x004c2fb3) slt     t6, s8, tp
core   0: 3 0x8000827e (0x004c2fb3) x31 0x00000000
core   0: 0x80008282 (0x011fe2b3) or      t0, t6, a7
core   0: 3 0x80008282 (0x011fe2b3) x 5 0x00000001
core   0: 0x80008286 (0x013b6fb3) or      t6, s6, s3
core   0: 3 0x80008286 (0x013b6fb3) x31 0x8000ee66
core   0: 0x8000828a (0x38747f93) andi    t6, s0, 903
core   0: 3 0x8000828a (0x38747f93) x31 0x00000082
core   0: 0x8000828e (0x0072d593) srli    a1, t0, 7
core   0: 3 0x8000828e (0x0072d593) x11 0x00000000
core   0: 0x80008292 (0x00000ea6) c.slli  t4, 9
core   0: 3 0x80008292 (0x0ea6) x29 0x00000000
core   0: 0x80008294 (0x0000984a) c.add   a6, s2
core   0: 3 0x80008294 (0x984a) x16 0x00000001
core   0: 0x80008296 (0x0143fb33) and     s6, t2, s4
core   0: 3 0x80008296 (0x0143fb33) x22 0x00012000
core   0: 0x8000829a (0x0167b433) sltu    s0, a5, s6
core   0: 3 0x8000829a (0x0167b433) x 8 0x00000000
core   0: 0x8000829e (0x0185f6b3) and     a3, a1, s8
core   0: 3 0x8000829e (0x0185f6b3) x13 0x00000000
core   0: 0x800082a2 (0x00000001) c.nop
core   0: 3 0x800082a2 (0x0001)
core   0: 0x800082a4 (0x010cf233) and     tp, s9, a6
core   0: 3 0x800082a4 (0x010cf233) x 4 0x00000001
core   0: 0x800082a8 (0x000084a9) c.srai  s1, 10
core   0: 3 0x800082a8 (0x84a9) x 9 0x00000000
core   0: 0x800082aa (0x00008f79) c.and   a4, a4
core   0: 3 0x800082aa (0x8f79) x14 0x00000000
core   0: 0x800082ac (0x01650733) add     a4, a0, s6
core   0: 3 0x800082ac (0x01650733) x14 0x00011fff
core   0: 0x800082b0 (0x8f2e8213) addi    tp, t4, -1806
core   0: 3 0x800082b0 (0x8f2e8213) x 4 0xfffff8f2
core   0: 0x800082b4 (0x00008c9d) c.sub   s1, a5
core   0: 3 0x800082b4 (0x8c9d) x 9 0xf8ca0000
core   0: 0x800082b6 (0x00008f05) c.sub   a4, s1
core   0: 3 0x800082b6 (0x8f05) x14 0x07371fff
core   0: 0x800082b8 (0x0c4eab93) slti    s7, t4, 196
core   0: 3 0x800082b8 (0x0c4eab93) x23 0x00000001
core   0: 0x800082bc (0x01a00db3) add     s11, zero, s10
core   0: 3 0x800082bc (0x01a00db3) x27 0x00002000
core   0: 0x800082c0 (0x41d7dbb3) sra     s7, a5, t4
core   0: 3 0x800082c0 (0x41d7dbb3) x23 0x07360000
core   0: 0x800082c4 (0xe031ab93) slti    s7, gp, -509
core   0: 3 0x800082c4 (0xe031ab93) x23 0x00000000
core   0: 0x800082c8 (0x41210433) sub     s0, sp, s2
core   0: 3 0x800082c8 (0x41210433) x 8 0x00000000
core   0: 0x800082cc (0x00f1db13) srli    s6, gp, 15
core   0: 3 0x800082cc (0x00f1db13) x22 0x0000584c
core   0: 0x800082d0 (0x6eb497b7) lui     a5, 0x6eb49
core   0: 3 0x800082d0 (0x6eb497b7) x15 0x6eb49000
core   0: 0x800082d4 (0x00008309) c.srli  a4, 2
core   0: 3 0x800082d4 (0x8309) x14 0x01cdc7ff
core   0: 0x800082d6 (0x00008f49) c.or    a4, a0
core   0: 3 0x800082d6 (0x8f49) x14 0xffffffff
core   0: 0x800082d8 (0x00008c59) c.or    s0, a4
core   0: 3 0x800082d8 (0x8c59) x 8 0xffffffff
core   0: 0x800082da (0x01ebb533) sltu    a0, s7, t5
core   0: 3 0x800082da (0x01ebb533) x10 0x00000001
core   0: 0x800082de (0x5f4f6913) ori     s2, t5, 1524
core   0: 3 0x800082de (0x5f4f6913) x18 0x000075f4
core   0: 0x800082e2 (0x00000001) c.nop
core   0: 3 0x800082e2 (0x0001)
core   0: 0x800082e4 (0x03abfeb3) remu    t4, s7, s10
core   0: 3 0x800082e4 (0x03abfeb3) x29 0x00000000
core   0: 0x800082e8 (0x0000845a) c.mv    s0, s6
core   0: 3 0x800082e8 (0x845a) x 8 0x0000584c
core   0: 0x800082ea (0xfff00913) li      s2, -1
core   0: 3 0x800082ea (0xfff00913) x18 0xffffffff
core   0: 0x800082ee (0xfff00093) li      ra, -1
core   0: 3 0x800082ee (0xfff00093) x 1 0xffffffff
core   0: 0x800082f2 (0x80000137) lui     sp, 0x80000
core   0: 3 0x800082f2 (0x80000137) x 2 0x80000000
core   0: 0x800082f6 (0xdd5345b7) lui     a1, 0xdd534
core   0: 3 0x800082f6 (0xdd5345b7) x11 0xdd534000
core   0: 0x800082fa (0x0ed58593) addi    a1, a1, 237
core   0: 3 0x800082fa (0x0ed58593) x11 0xdd5340ed
core   0: 0x800082fe (0x80000fb7) lui     t6, 0x80000
core   0: 3 0x800082fe (0x80000fb7) x31 0x80000000
core   0: 0x80008302 (0xea6531b7) lui     gp, 0xea653
core   0: 3 0x80008302 (0xea6531b7) x 3 0xea653000
core   0: 0x80008306 (0x3f218193) addi    gp, gp, 1010
core   0: 3 0x80008306 (0x3f218193) x 3 0xea6533f2
core   0: 0x8000830a (0x5d8e5cb7) lui     s9, 0x5d8e5
core   0: 3 0x8000830a (0x5d8e5cb7) x25 0x5d8e5000
core   0: 0x8000830e (0xb34c8c93) addi    s9, s9, -1228
core   0: 3 0x8000830e (0xb34c8c93) x25 0x5d8e4b34
core   0: 0x80008312 (0x00004e81) c.li    t4, 0
core   0: 3 0x80008312 (0x4e81) x29 0x00000000
core   0: 0x80008314 (0x00004501) c.li    a0, 0
core   0: 3 0x80008314 (0x4501) x10 0x00000000
core   0: 0x80008316 (0x80000437) lui     s0, 0x80000
core   0: 3 0x80008316 (0x80000437) x 8 0x80000000
core   0: 0x8000831a (0x70f90113) addi    sp, s2, 1807
core   0: 3 0x8000831a (0x70f90113) x 2 0x0000070e
core   0: 0x8000831e (0x02a0ceb3) div     t4, ra, a0
core   0: 3 0x8000831e (0x02a0ceb3) x29 0xffffffff
core   0: 0x80008322 (0x01fc85b3) add     a1, s9, t6
core   0: 3 0x80008322 (0x01fc85b3) x11 0xdd8e4b34
core   0: 0x80008326 (0x03febfb3) mulhu   t6, t4, t6
core   0: 3 0x80008326 (0x03febfb3) x31 0x7fffffff
core   0: 0x8000832a (0x02becfb3) div     t6, t4, a1
core   0: 3 0x8000832a (0x02becfb3) x31 0x00000000
core   0: 0x8000832e (0x02b571b3) remu    gp, a0, a1
core   0: 3 0x8000832e (0x02b571b3) x 3 0x00000000
core   0: 0x80008332 (0x02bcf433) remu    s0, s9, a1
core   0: 3 0x80008332 (0x02bcf433) x 8 0x5d8e4b34
core   0: 0x80008336 (0x032e8eb3) mul     t4, t4, s2
core   0: 3 0x80008336 (0x032e8eb3) x29 0x00000001
core   0: 0x8000833a (0x032fd433) divu    s0, t6, s2
core   0: 3 0x8000833a (0x032fd433) x 8 0x00000000
core   0: 0x8000833e (0x40108433) sub     s0, ra, ra
core   0: 3 0x8000833e (0x40108433) x 8 0x00000000
core   0: 0x80008342 (0x03910933) mul     s2, sp, s9
core   0: 3 0x80008342 (0x03910933) x18 0x01d688d8
core   0: 0x80008346 (0xd864e917) auipc   s2, 0xd864e
core   0: 3 0x80008346 (0xd864e917) x18 0x58656346
core   0: 0x8000834a (0x02b08133) mul     sp, ra, a1
core   0: 3 0x8000834a (0x02b08133) x 2 0x2271b4cc
core   0: 0x8000834e (0x03214eb3) div     t4, sp, s2
core   0: 3 0x8000834e (0x03214eb3) x29 0x00000000
core   0: 0x80008352 (0x039f8933) mul     s2, t6, s9
core   0: 3 0x80008352 (0x039f8933) x18 0x00000000
core   0: 0x80008356 (0x02213fb3) mulhu   t6, sp, sp
core   0: 3 0x80008356 (0x02213fb3) x31 0x04a26687
core   0: 0x8000835a (0x40b10933) sub     s2, sp, a1
core   0: 3 0x8000835a (0x40b10933) x18 0x44e36998
core   0: 0x8000835e (0x03fea833) mulhsu  a6, t4, t6
core   0: 3 0x8000835e (0x03fea833) x16 0x00000000
core   0: 0x80008362 (0x0000717d) c.addi16sp sp, -16
core   0: 3 0x80008362 (0x717d) x 2 0x2271b4bc
core   0: 0x80008364 (0x01cbc5b3) xor     a1, s7, t3
core   0: 3 0x80008364 (0x01cbc5b3) x11 0x00000001
core   0: 0x80008368 (0x22fd4693) xori    a3, s10, 559
core   0: 3 0x80008368 (0x22fd4693) x13 0x0000222f
core   0: 0x8000836c (0x0000820a) c.mv    tp, sp
core   0: 3 0x8000836c (0x820a) x 4 0x2271b4bc
core   0: 0x8000836e (0x00000001) c.nop
core   0: 3 0x8000836e (0x0001)
core   0: 0x80008370 (0x00008a36) c.mv    s4, a3
core   0: 3 0x80008370 (0x8a36) x20 0x0000222f
core   0: 0x80008372 (0x001ff2b3) and     t0, t6, ra
core   0: 3 0x80008372 (0x001ff2b3) x 5 0x04a26687
core   0: 0x80008376 (0x001cf4b3) and     s1, s9, ra
core   0: 3 0x80008376 (0x001cf4b3) x 9 0x5d8e4b34
core   0: 0x8000837a (0x00009afd) c.andi  a3, -1
core   0: 3 0x8000837a (0x9afd) x13 0x0000222f
core   0: 0x8000837c (0x3c752b93) slti    s7, a0, 967
core   0: 3 0x8000837c (0x3c752b93) x23 0x00000001
core   0: 0x80008380 (0x03d220b3) mulhsu  ra, tp, t4
core   0: 3 0x80008380 (0x03d220b3) x 1 0x00000000
core   0: 0x80008384 (0x03c9dd33) divu    s10, s3, t3
core   0: 3 0x80008384 (0x03c9dd33) x26 0x8000ee64
core   0: 0x80008388 (0x00009b7d) c.andi  a4, -1
core   0: 3 0x80008388 (0x9b7d) x14 0xffffffff
core   0: 0x8000838a (0x034e5e33) divu    t3, t3, s4
core   0: 3 0x8000838a (0x034e5e33) x28 0x00000000
core   0: 0x8000838e (0x02af2433) mulhsu  s0, t5, a0
core   0: 3 0x8000838e (0x02af2433) x 8 0x00000000
core   0: 0x80008392 (0x014f9813) slli    a6, t6, 20
core   0: 3 0x80008392 (0x014f9813) x16 0x68700000
core   0: 0x80008396 (0x02e102b3) mul     t0, sp, a4
core   0: 3 0x80008396 (0x02e102b3) x 5 0xdd8e4b44
core   0: 0x8000839a (0x032665b3) rem     a1, a2, s2
core   0: 3 0x8000839a (0x032665b3) x11 0x00000000
core   0: 0x8000839e (0x45733d37) lui     s10, 0x45733
core   0: 3 0x8000839e (0x45733d37) x26 0x45733000
core   0: 0x800083a2 (0x0308d6b3) divu    a3, a7, a6
core   0: 3 0x800083a2 (0x0308d6b3) x13 0x00000000
core   0: 0x800083a6 (0x03006533) rem     a0, zero, a6
core   0: 3 0x800083a6 (0x03006533) x10 0x00000000
core   0: 0x800083aa (0x00006151) c.addi16sp sp, 272
core   0: 3 0x800083aa (0x6151) x 2 0x2271b5cc
core   0: 0x800083ac (0x78379d17) auipc   s10, 0x78379
core   0: 3 0x800083ac (0x78379d17) x26 0xf83813ac
core   0: 0x800083b0 (0x000001dd) c.addi  gp, 23
core   0: 3 0x800083b0 (0x01dd) x 3 0x00000017
core   0: 0x800083b2 (0x00001100) c.addi4spn s0, sp, 160
core   0: 3 0x800083b2 (0x1100) x 8 0x2271b66c
core   0: 0x800083b4 (0x024b5933) divu    s2, s6, tp
core   0: 3 0x800083b4 (0x024b5933) x18 0x00000000
core   0: 0x800083b8 (0x9cc56d13) ori     s10, a0, -1588
core   0: 3 0x800083b8 (0x9cc56d13) x26 0xfffff9cc
core   0: 0x800083bc (0x00008d89) c.sub   a1, a0
core   0: 3 0x800083bc (0x8d89) x11 0x00000000
core   0: 0x800083be (0x00008d2d) c.xor   a0, a1
core   0: 3 0x800083be (0x8d2d) x10 0x00000000
core   0: 0x800083c0 (0xb45e3e93) sltiu   t4, t3, -1211
core   0: 3 0x800083c0 (0xb45e3e93) x29 0x00000001
core   0: 0x800083c4 (0x01ddd4b3) srl     s1, s11, t4
core   0: 3 0x800083c4 (0x01ddd4b3) x 9 0x00001000
core   0: 0x800083c8 (0x00009b7d) c.andi  a4, -1
core   0: 3 0x800083c8 (0x9b7d) x14 0xffffffff
core   0: 0x800083ca (0x00000735) c.addi  a4, 13
core   0: 3 0x800083ca (0x0735) x14 0x0000000c
core   0: 0x800083cc (0x00009ac6) c.add   s5, a7
core   0: 3 0x800083cc (0x9ac6) x21 0x00000001
core   0: 0x800083ce (0x00001600) c.addi4spn s0, sp, 800
core   0: 3 0x800083ce (0x1600) x 8 0x2271b8ec
core   0: 0x800083d0 (0x97d43c13) sltiu   s8, s0, -1667
core   0: 3 0x800083d0 (0x97d43c13) x24 0x00000001
core   0: 0x800083d4 (0x00008dfd) c.and   a1, a5
core   0: 3 0x800083d4 (0x8dfd) x11 0x00000000
core   0: 0x800083d6 (0x997a2813) slti    a6, s4, -1641
core   0: 3 0x800083d6 (0x997a2813) x16 0x00000000
core   0: 0x800083da (0x69ab7293) andi    t0, s6, 1690
core   0: 3 0x800083da (0x69ab7293) x 5 0x00000008
core   0: 0x800083de (0x00001b00) c.addi4spn s0, sp, 432
core   0: 3 0x800083de (0x1b00) x 8 0x2271b77c
core   0: 0x800083e0 (0x00000aca) c.slli  s5, 18
core   0: 3 0x800083e0 (0x0aca) x21 0x00040000
core   0: 0x800083e2 (0x013a4e33) xor     t3, s4, s3
core   0: 3 0x800083e2 (0x013a4e33) x28 0x8000cc4b
core   0: 0x800083e6 (0x03539ab3) mulh    s5, t2, s5
core   0: 3 0x800083e6 (0x03539ab3) x21 0xfffe0004
core   0: 0x800083ea (0xdfdeb493) sltiu   s1, t4, -515
core   0: 3 0x800083ea (0xdfdeb493) x 9 0x00000001
core   0: 0x800083ee (0x4eb90893) addi    a7, s2, 1259
core   0: 3 0x800083ee (0x4eb90893) x17 0x000004eb
core   0: 0x800083f2 (0x85e77597) auipc   a1, 0x85e77
core   0: 3 0x800083f2 (0x85e77597) x11 0x05e7f3f2
core   0: 0x800083f6 (0x31676813) ori     a6, a4, 790
core   0: 3 0x800083f6 (0x31676813) x16 0x0000031e
core   0: 0x800083fa (0x0000978e) c.add   a5, gp
core   0: 3 0x800083fa (0x978e) x15 0x6eb49017
core   0: 0x800083fc (0x00006491) c.lui   s1, 0x4
core   0: 3 0x800083fc (0x6491) x 9 0x00004000
core   0: 0x800083fe (0x038ba1b3) mulhsu  gp, s7, s8
core   0: 3 0x800083fe (0x038ba1b3) x 3 0x00000000
core   0: 0x80008402 (0x0042fcb3) and     s9, t0, tp
core   0: 3 0x80008402 (0x0042fcb3) x25 0x00000008
core   0: 0x80008406 (0x023ea5b3) mulhsu  a1, t4, gp
core   0: 3 0x80008406 (0x023ea5b3) x11 0x00000000
core   0: 0x8000840a (0x40c407b3) sub     a5, s0, a2
core   0: 3 0x8000840a (0x40c407b3) x15 0x2271b77c
core   0: 0x8000840e (0x00000498) c.addi4spn a4, sp, 576
core   0: 3 0x8000840e (0x0498) x14 0x2271b80c
core   0: 0x80008410 (0x78128d13) addi    s10, t0, 1921
core   0: 3 0x80008410 (0x78128d13) x26 0x00000789
core   0: 0x80008414 (0x03fecf33) div     t5, t4, t6
core   0: 3 0x80008414 (0x03fecf33) x30 0x00000000
core   0: 0x80008418 (0x6790b213) sltiu   tp, ra, 1657
core   0: 3 0x80008418 (0x6790b213) x 4 0x00000001
core   0: 0x8000841c (0x00000001) c.nop
core   0: 3 0x8000841c (0x0001)
core   0: 0x8000841e (0x41658ab3) sub     s5, a1, s6
core   0: 3 0x8000841e (0x41658ab3) x21 0xffffa7b4
core   0: 0x80008422 (0x1a45a4b7) lui     s1, 0x1a45a
core   0: 3 0x80008422 (0x1a45a4b7) x 9 0x1a45a000
core   0: 0x80008426 (0x0071da33) srl     s4, gp, t2
core   0: 3 0x80008426 (0x0071da33) x20 0x00000000
core   0: 0x8000842a (0x0000614d) c.addi16sp sp, 176
core   0: 3 0x8000842a (0x614d) x 2 0x2271b67c
core   0: 0x8000842c (0x000098fd) c.andi  s1, -1
core   0: 3 0x8000842c (0x98fd) x 9 0x1a45a000
core   0: 0x8000842e (0x01d3ce33) xor     t3, t2, t4
core   0: 3 0x8000842e (0x01d3ce33) x28 0x80012ce5
core   0: 0x80008432 (0x03f57d97) auipc   s11, 0x3f57
core   0: 3 0x80008432 (0x03f57d97) x27 0x83f5f432
core   0: 0x80008436 (0x00008f4d) c.or    a4, a1
core   0: 3 0x80008436 (0x8f4d) x14 0x2271b80c
core   0: 0x80008438 (0x02f7d833) divu    a6, a5, a5
core   0: 3 0x80008438 (0x02f7d833) x16 0x00000001
core   0: 0x8000843c (0x000081fe) c.mv    gp, t6
core   0: 3 0x8000843c (0x81fe) x 3 0x04a26687
core   0: 0x8000843e (0x00320733) add     a4, tp, gp
core   0: 3 0x8000843e (0x00320733) x14 0x04a26688
core   0: 0x80008442 (0x0279b433) mulhu   s0, s3, t2
core   0: 3 0x80008442 (0x0279b433) x 8 0x40010da5
core   0: 0x80008446 (0x4030dbb3) sra     s7, ra, gp
core   0: 3 0x80008446 (0x4030dbb3) x23 0x00000000
core   0: 0x8000844a (0x03a3eeb3) rem     t4, t2, s10
core   0: 3 0x8000844a (0x03a3eeb3) x29 0xfffffa9a
core   0: 0x8000844e (0x00377733) and     a4, a4, gp
core   0: 3 0x8000844e (0x00377733) x14 0x04a26680
core   0: 0x80008452 (0x004b5133) srl     sp, s6, tp
core   0: 3 0x80008452 (0x004b5133) x 2 0x00002c26
core   0: 0x80008456 (0x403d5eb3) sra     t4, s10, gp
core   0: 3 0x80008456 (0x403d5eb3) x29 0x0000000f
core   0: 0x8000845a (0x02dec1b3) div     gp, t4, a3
core   0: 3 0x8000845a (0x02dec1b3) x 3 0xffffffff
core   0: 0x8000845e (0x00008cc1) c.or    s1, s0
core   0: 3 0x8000845e (0x8cc1) x 9 0x5a45ada5
core   0: 0x80008460 (0xc11ff893) andi    a7, t6, -1007
core   0: 3 0x80008460 (0xc11ff893) x17 0x04a26401
core   0: 0x80008464 (0x417704b3) sub     s1, a4, s7
core   0: 3 0x80008464 (0x417704b3) x 9 0x04a26680
core   0: 0x80008468 (0x0059ddb3) srl     s11, s3, t0
core   0: 3 0x80008468 (0x0059ddb3) x27 0x008000ee
core   0: 0x8000846c (0x00008c79) c.and   s0, a4
core   0: 3 0x8000846c (0x8c79) x 8 0x00000480
core   0: 0x8000846e (0x49580293) addi    t0, a6, 1173
core   0: 3 0x8000846e (0x49580293) x 5 0x00000496
core   0: 0x80008472 (0x00008c0a) c.mv    s8, sp
core   0: 3 0x80008472 (0x8c0a) x24 0x00002c26
core   0: 0x80008474 (0x03cb0eb3) mul     t4, s6, t3
core   0: 3 0x80008474 (0x03cb0eb3) x29 0x67c80bfc
core   0: 0x80008478 (0x01b19ab3) sll     s5, gp, s11
core   0: 3 0x80008478 (0x01b19ab3) x21 0xffffc000
core   0: 0x8000847c (0x03577bb3) remu    s7, a4, s5
core   0: 3 0x8000847c (0x03577bb3) x23 0x04a26680
core   0: 0x80008480 (0xb9ec2193) slti    gp, s8, -1122
core   0: 3 0x80008480 (0xb9ec2193) x 3 0x00000000
core   0: 0x80008484 (0x034f7833) remu    a6, t5, s4
core   0: 3 0x80008484 (0x034f7833) x16 0x00000000
core   0: 0x80008488 (0x00000afe) c.slli  s5, 31
core   0: 3 0x80008488 (0x0afe) x21 0x00000000
core   0: 0x8000848a (0x0338b5b3) mulhu   a1, a7, s3
core   0: 3 0x8000848a (0x0338b5b3) x11 0x02513651
core   0: 0x8000848e (0x99c1c413) xori    s0, gp, -1636
core   0: 3 0x8000848e (0x99c1c413) x 8 0xfffff99c
core   0: 0x80008492 (0x00008d35) c.xor   a0, a3
core   0: 3 0x80008492 (0x8d35) x10 0x00000000
core   0: 0x80008494 (0xd791a693) slti    a3, gp, -647
core   0: 3 0x80008494 (0xd791a693) x13 0x00000000
core   0: 0x80008498 (0x000082d6) c.mv    t0, s5
core   0: 3 0x80008498 (0x82d6) x 5 0x00000000
core   0: 0x8000849a (0x000087f9) c.srai  a5, 30
core   0: 3 0x8000849a (0x87f9) x15 0x00000000
core   0: 0x8000849c (0x00008755) c.srai  a4, 21
core   0: 3 0x8000849c (0x8755) x14 0x00000025
core   0: 0x8000849e (0x41515513) srai    a0, sp, 21
core   0: 3 0x8000849e (0x41515513) x10 0x00000000
core   0: 0x800084a2 (0xd6faa493) slti    s1, s5, -657
core   0: 3 0x800084a2 (0xd6faa493) x 9 0x00000000
core   0: 0x800084a6 (0x0223dbb3) divu    s7, t2, sp
core   0: 3 0x800084a6 (0x0223dbb3) x23 0x0002e63f
core   0: 0x800084aa (0x00008d71) c.and   a0, a2
core   0: 3 0x800084aa (0x8d71) x10 0x00000000
core   0: 0x800084ac (0x00008ce9) c.and   s1, a0
core   0: 3 0x800084ac (0x8ce9) x 9 0x00000000
core   0: 0x800084ae (0x01f017b3) sll     a5, zero, t6
core   0: 3 0x800084ae (0x01f017b3) x15 0x00000000
core   0: 0x800084b2 (0x03f7b833) mulhu   a6, a5, t6
core   0: 3 0x800084b2 (0x03f7b833) x16 0x00000000
core   0: 0x800084b6 (0x41b3d793) srai    a5, t2, 27
core   0: 3 0x800084b6 (0x41b3d793) x15 0xfffffff0
core   0: 0x800084ba (0x41535c33) sra     s8, t1, s5
core   0: 3 0x800084ba (0x41535c33) x24 0xffffffff
core   0: 0x800084be (0x9abf0313) addi    t1, t5, -1621
core   0: 3 0x800084be (0x9abf0313) x 6 0xfffff9ab
core   0: 0x800084c2 (0x00008041) c.srli  s0, 16
core   0: 3 0x800084c2 (0x8041) x 8 0x0000ffff
core   0: 0x800084c4 (0x401b5293) srai    t0, s6, 1
core   0: 3 0x800084c4 (0x401b5293) x 5 0x00002c26
core   0: 0x800084c8 (0x00008e89) c.sub   a3, a0
core   0: 3 0x800084c8 (0x8e89) x13 0x00000000
core   0: 0x800084ca (0x00008dc9) c.or    a1, a0
core   0: 3 0x800084ca (0x8dc9) x11 0x02513651
core   0: 0x800084cc (0x022065b3) rem     a1, zero, sp
core   0: 3 0x800084cc (0x022065b3) x11 0x00000000
core   0: 0x800084d0 (0x411687b3) sub     a5, a3, a7
core   0: 3 0x800084d0 (0x411687b3) x15 0xfb5d9bff
core   0: 0x800084d4 (0x0273bcb3) mulhu   s9, t2, t2
core   0: 3 0x800084d4 (0x0273bcb3) x25 0x40012ce5
core   0: 0x800084d8 (0x037c8133) mul     sp, s9, s7
core   0: 3 0x800084d8 (0x037c8133) x 2 0x2869ca5b
core   0: 0x800084dc (0x0249af33) mulhsu  t5, s3, tp
core   0: 3 0x800084dc (0x0249af33) x30 0xffffffff
core   0: 0x800084e0 (0x00006921) c.lui   s2, 0x8
core   0: 3 0x800084e0 (0x6921) x18 0x00008000
core   0: 0x800084e2 (0x541106b7) lui     a3, 0x54110
core   0: 3 0x800084e2 (0x541106b7) x13 0x54110000
core   0: 0x800084e6 (0x02edc133) div     sp, s11, a4
core   0: 3 0x800084e6 (0x02edc133) x 2 0x000375a5
core   0: 0x800084ea (0x0000800d) c.srli  s0, 3
core   0: 3 0x800084ea (0x800d) x 8 0x00001fff
core   0: 0x800084ec (0x025d31b3) mulhu   gp, s10, t0
core   0: 3 0x800084ec (0x025d31b3) x 3 0x00000000
core   0: 0x800084f0 (0x00006c05) c.lui   s8, 0x1
core   0: 3 0x800084f0 (0x6c05) x24 0x00001000
core   0: 0x800084f2 (0x3a14bb13) sltiu   s6, s1, 929
core   0: 3 0x800084f2 (0x3a14bb13) x22 0x00000001
core   0: 0x800084f6 (0x0245e033) rem     zero, a1, tp
core   0: 3 0x800084f6 (0x0245e033)
core   0: 0x800084fa (0x01505293) srli    t0, zero, 21
core   0: 3 0x800084fa (0x01505293) x 5 0x00000000
core   0: 0x800084fe (0x00a57733) and     a4, a0, a0
core   0: 3 0x800084fe (0x00a57733) x14 0x00000000
core   0: 0x80008502 (0xb82f1c17) auipc   s8, 0xb82f1
core   0: 3 0x80008502 (0xb82f1c17) x24 0x382f9502
core   0: 0x80008506 (0x006f9a33) sll     s4, t6, t1
core   0: 3 0x80008506 (0x006f9a33) x20 0x13343800
core   0: 0x8000850a (0x02fd6233) rem     tp, s10, a5
core   0: 3 0x8000850a (0x02fd6233) x 4 0x00000789
core   0: 0x8000850e (0x004481b3) add     gp, s1, tp
core   0: 3 0x8000850e (0x004481b3) x 3 0x00000789
core   0: 0x80008512 (0x039a2433) mulhsu  s0, s4, s9
core   0: 3 0x80008512 (0x039a2433) x 8 0x04cd2492
core   0: 0x80008516 (0x039b4333) div     t1, s6, s9
core   0: 3 0x80008516 (0x039b4333) x 6 0x00000000
core   0: 0x8000851a (0x00008d11) c.sub   a0, a2
core   0: 3 0x8000851a (0x8d11) x10 0x00000000
core   0: 0x8000851c (0x018e9513) slli    a0, t4, 24
core   0: 3 0x8000851c (0x018e9513) x10 0xfc000000
core   0: 0x80008520 (0x41c00b33) sub     s6, zero, t3
core   0: 3 0x80008520 (0x41c00b33) x22 0x7ffed31b
core   0: 0x80008524 (0x0333bcb3) mulhu   s9, t2, s3
core   0: 3 0x80008524 (0x0333bcb3) x25 0x40010da5
core   0: 0x80008528 (0x00008d1d) c.sub   a0, a5
core   0: 3 0x80008528 (0x8d1d) x10 0x00a26401
core   0: 0x8000852a (0x506fac13) slti    s8, t6, 1286
core   0: 3 0x8000852a (0x506fac13) x24 0x00000000
core   0: 0x8000852e (0x4115d7b3) sra     a5, a1, a7
core   0: 3 0x8000852e (0x4115d7b3) x15 0x00000000
core   0: 0x80008532 (0x03ef6533) rem     a0, t5, t5
core   0: 3 0x80008532 (0x03ef6533) x10 0x00000000
core   0: 0x80008536 (0x2faf6d37) lui     s10, 0x2faf6
core   0: 3 0x80008536 (0x2faf6d37) x26 0x2faf6000
core   0: 0x8000853a (0x01585f13) srli    t5, a6, 21
core   0: 3 0x8000853a (0x01585f13) x30 0x00000000
core   0: 0x8000853e (0x02f28733) mul     a4, t0, a5
core   0: 3 0x8000853e (0x02f28733) x14 0x00000000
core   0: 0x80008542 (0x038340b3) div     ra, t1, s8
core   0: 3 0x80008542 (0x038340b3) x 1 0xffffffff
core   0: 0x80008546 (0x00008d95) c.sub   a1, a3
core   0: 3 0x80008546 (0x8d95) x11 0xabef0000
core   0: 0x80008548 (0x01afbcb3) sltu    s9, t6, s10
core   0: 3 0x80008548 (0x01afbcb3) x25 0x00000001
core   0: 0x8000854c (0x00629f93) slli    t6, t0, 6
core   0: 3 0x8000854c (0x00629f93) x31 0x00000000
core   0: 0x80008550 (0x1fabc513) xori    a0, s7, 506
core   0: 3 0x80008550 (0x1fabc513) x10 0x0002e7c5
core   0: 0x80008554 (0x41eb50b3) sra     ra, s6, t5
core   0: 3 0x80008554 (0x41eb50b3) x 1 0x7ffed31b
core   0: 0x80008558 (0x0000087a) c.slli  a6, 30
core   0: 3 0x80008558 (0x087a) x16 0x00000000
core   0: 0x8000855a (0x00004d35) c.li    s10, 13
core   0: 3 0x8000855a (0x4d35) x26 0x0000000d
core   0: 0x8000855c (0x00489493) slli    s1, a7, 4
core   0: 3 0x8000855c (0x00489493) x 9 0x4a264010
core   0: 0x80008560 (0x00000001) c.nop
core   0: 3 0x80008560 (0x0001)
core   0: 0x80008562 (0x1db6af93) slti    t6, a3, 475
core   0: 3 0x80008562 (0x1db6af93) x31 0x00000000
core   0: 0x80008566 (0xaba8aab7) lui     s5, 0xaba8a
core   0: 3 0x80008566 (0xaba8aab7) x21 0xaba8a000
core   0: 0x8000856a (0x00005dfd) c.li    s11, -1
core   0: 3 0x8000856a (0x5dfd) x27 0xffffffff
core   0: 0x8000856c (0x03666533) rem     a0, a2, s6
core   0: 3 0x8000856c (0x03666533) x10 0x00000000
core   0: 0x80008570 (0x00008d51) c.or    a0, a2
core   0: 3 0x80008570 (0x8d51) x10 0x00000000
core   0: 0x80008572 (0x00008529) c.srai  a0, 10
core   0: 3 0x80008572 (0x8529) x10 0x00000000
core   0: 0x80008574 (0x032312b3) mulh    t0, t1, s2
core   0: 3 0x80008574 (0x032312b3) x 5 0x00000000
core   0: 0x80008578 (0x00001518) c.addi4spn a4, sp, 672
core   0: 3 0x80008578 (0x1518) x14 0x00037845
core   0: 0x8000857a (0x001ed313) srli    t1, t4, 1
core   0: 3 0x8000857a (0x001ed313) x 6 0x33e405fe
core   0: 0x8000857e (0x01517cb3) and     s9, sp, s5
core   0: 3 0x8000857e (0x01517cb3) x25 0x00002000
core   0: 0x80008582 (0x03628433) mul     s0, t0, s6
core   0: 3 0x80008582 (0x03628433) x 8 0x00000000
core   0: 0x80008586 (0x03438433) mul     s0, t2, s4
core   0: 3 0x80008586 (0x03438433) x 8 0x4c21e000
core   0: 0x8000858a (0x00008c49) c.or    s0, a0
core   0: 3 0x8000858a (0x8c49) x 8 0x4c21e000
core   0: 0x8000858c (0x00009ef6) c.add   t4, t4
core   0: 3 0x8000858c (0x9ef6) x29 0xcf9017f8
core   0: 0x8000858e (0x01b258b3) srl     a7, tp, s11
core   0: 3 0x8000858e (0x01b258b3) x17 0x00000000
core   0: 0x80008592 (0x0314e6b3) rem     a3, s1, a7
core   0: 3 0x80008592 (0x0314e6b3) x13 0x4a264010
core   0: 0x80008596 (0x02fc22b3) mulhsu  t0, s8, a5
core   0: 3 0x80008596 (0x02fc22b3) x 5 0x00000000
core   0: 0x8000859a (0x00835533) srl     a0, t1, s0
core   0: 3 0x8000859a (0x00835533) x10 0x33e405fe
core   0: 0x8000859e (0x0000187d) c.addi  a6, -1
core   0: 3 0x8000859e (0x187d) x16 0xffffffff
core   0: 0x800085a0 (0x02b31133) mulh    sp, t1, a1
core   0: 3 0x800085a0 (0x02b31133) x 2 0xeef5bbe4
core   0: 0x800085a4 (0x402f8f33) sub     t5, t6, sp
core   0: 3 0x800085a4 (0x402f8f33) x30 0x110a441c
core   0: 0x800085a8 (0x00008306) c.mv    t1, ra
core   0: 3 0x800085a8 (0x8306) x 6 0x7ffed31b
core   0: 0x800085aa (0x01f0b833) sltu    a6, ra, t6
core   0: 3 0x800085aa (0x01f0b833) x16 0x00000000
core   0: 0x800085ae (0x00008c69) c.and   s0, a0
core   0: 3 0x800085ae (0x8c69) x 8 0x00200000
core   0: 0x800085b0 (0x0309f0b3) remu    ra, s3, a6
core   0: 3 0x800085b0 (0x0309f0b3) x 1 0x8000ee64
core   0: 0x800085b4 (0x0000717d) c.addi16sp sp, -16
core   0: 3 0x800085b4 (0x717d) x 2 0xeef5bbd4
core   0: 0x800085b6 (0x01060933) add     s2, a2, a6
core   0: 3 0x800085b6 (0x01060933) x18 0x00000000
core   0: 0x800085ba (0x000018fd) c.addi  a7, -1
core   0: 3 0x800085ba (0x18fd) x17 0xffffffff
core   0: 0x800085bc (0x00009ece) c.add   t4, s3
core   0: 3 0x800085bc (0x9ece) x29 0x4f91065c
core   0: 0x800085be (0x0298af33) mulhsu  t5, a7, s1
core   0: 3 0x800085be (0x0298af33) x30 0xffffffff
core   0: 0x800085c2 (0xcbe2a693) slti    a3, t0, -834
core   0: 3 0x800085c2 (0xcbe2a693) x13 0x00000000
core   0: 0x800085c6 (0x00008ad9) c.andi  a3, 22
core   0: 3 0x800085c6 (0x8ad9) x13 0x00000000
core   0: 0x800085c8 (0xd5c2f597) auipc   a1, 0xd5c2f
core   0: 3 0x800085c8 (0xd5c2f597) x11 0x55c375c8
core   0: 0x800085cc (0x00008dce) c.mv    s11, s3
core   0: 3 0x800085cc (0x8dce) x27 0x8000ee64
core   0: 0x800085ce (0x033dd0b3) divu    ra, s11, s3
core   0: 3 0x800085ce (0x033dd0b3) x 1 0x00000001
core   0: 0x800085d2 (0x00b21c93) slli    s9, tp, 11
core   0: 3 0x800085d2 (0x00b21c93) x25 0x003c4800
core   0: 0x800085d6 (0x0000882d) c.andi  s0, 11
core   0: 3 0x800085d6 (0x882d) x 8 0x00000000
core   0: 0x800085d8 (0x00008289) c.srli  a3, 2
core   0: 3 0x800085d8 (0x8289) x13 0x00000000
core   0: 0x800085da (0x03165cb3) divu    s9, a2, a7
core   0: 3 0x800085da (0x03165cb3) x25 0x00000000
core   0: 0x800085de (0x0000717d) c.addi16sp sp, -16
core   0: 3 0x800085de (0x717d) x 2 0xeef5bbc4
core   0: 0x800085e0 (0x00000001) c.nop
core   0: 3 0x800085e0 (0x0001)
core   0: 0x800085e2 (0x00008f31) c.xor   a4, a2
core   0: 3 0x800085e2 (0x8f31) x14 0x00037845
core   0: 0x800085e4 (0x01659bb3) sll     s7, a1, s6
core   0: 3 0x800085e4 (0x01659bb3) x23 0x40000000
core   0: 0x800085e8 (0xd0166917) auipc   s2, 0xd0166
core   0: 3 0x800085e8 (0xd0166917) x18 0x5016e5e8
core   0: 0x800085ec (0x23a8bd93) sltiu   s11, a7, 570
core   0: 3 0x800085ec (0x23a8bd93) x27 0x00000000
core   0: 0x800085f0 (0x4097d0b3) sra     ra, a5, s1
core   0: 3 0x800085f0 (0x4097d0b3) x 1 0x00000000
core   0: 0x800085f4 (0xd1754513) xori    a0, a0, -745
core   0: 3 0x800085f4 (0xd1754513) x10 0xcc1bf8e9
core   0: 0x800085f8 (0x188cf293) andi    t0, s9, 392
core   0: 3 0x800085f8 (0x188cf293) x 5 0x00000000
core   0: 0x800085fc (0x010b34b3) sltu    s1, s6, a6
core   0: 3 0x800085fc (0x010b34b3) x 9 0x00000000
core   0: 0x80008600 (0x0000076e) c.slli  a4, 27
core   0: 3 0x80008600 (0x076e) x14 0x28000000
core   0: 0x80008602 (0x03f607b3) mul     a5, a2, t6
core   0: 3 0x80008602 (0x03f607b3) x15 0x00000000
core   0: 0x80008606 (0x4d8a0313) addi    t1, s4, 1240
core   0: 3 0x80008606 (0x4d8a0313) x 6 0x13343cd8
core   0: 0x8000860a (0x41775db3) sra     s11, a4, s7
core   0: 3 0x8000860a (0x41775db3) x27 0x28000000
core   0: 0x8000860e (0x01cd50b3) srl     ra, s10, t3
core   0: 3 0x8000860e (0x01cd50b3) x 1 0x00000000
core   0: 0x80008612 (0x0164c233) xor     tp, s1, s6
core   0: 3 0x80008612 (0x0164c233) x 4 0x7ffed31b
core   0: 0x80008616 (0x03492b33) mulhsu  s6, s2, s4
core   0: 3 0x80008616 (0x03492b33) x22 0x0602093b
core   0: 0x8000861a (0x00006a31) c.lui   s4, 0xc
core   0: 3 0x8000861a (0x6a31) x20 0x0000c000
core   0: 0x8000861c (0x0000018c) c.addi4spn a1, sp, 192
core   0: 3 0x8000861c (0x018c) x11 0xeef5bc84
core   0: 0x8000861e (0x05dff893) andi    a7, t6, 93
core   0: 3 0x8000861e (0x05dff893) x17 0x00000000
core   0: 0x80008622 (0x000080f1) c.srli  s1, 28
core   0: 3 0x80008622 (0x80f1) x 9 0x00000000
core   0: 0x80008624 (0x00000001) c.nop
core   0: 3 0x80008624 (0x0001)
core   0: 0x80008626 (0x27214a93) xori    s5, sp, 626
core   0: 3 0x80008626 (0x27214a93) x21 0xeef5b9b6
core   0: 0x8000862a (0x032567b3) rem     a5, a0, s2
core   0: 3 0x8000862a (0x032567b3) x15 0xcc1bf8e9
core   0: 0x8000862e (0xbdbc8713) addi    a4, s9, -1061
core   0: 3 0x8000862e (0xbdbc8713) x14 0xfffffbdb
core   0: 0x80008632 (0x0037adb3) slt     s11, a5, gp
core   0: 3 0x80008632 (0x0037adb3) x27 0x00000001
core   0: 0x80008636 (0x5c2af317) auipc   t1, 0x5c2af
core   0: 3 0x80008636 (0x5c2af317) x 6 0xdc2b7636
core   0: 0x8000863a (0x0193d933) srl     s2, t2, s9
core   0: 3 0x8000863a (0x0193d933) x18 0x80012ce4
core   0: 0x8000863e (0x00000001) c.nop
core   0: 3 0x8000863e (0x0001)
core   0: 0x80008640 (0x00c33f33) sltu    t5, t1, a2
core   0: 3 0x80008640 (0x00c33f33) x30 0x00000000
core   0: 0x80008644 (0x000055fd) c.li    a1, -1
core   0: 3 0x80008644 (0x55fd) x11 0xffffffff
core   0: 0x80008646 (0x00008d19) c.sub   a0, a4
core   0: 3 0x80008646 (0x8d19) x10 0xcc1bfd0e
core   0: 0x80008648 (0x02b28eb3) mul     t4, t0, a1
core   0: 3 0x80008648 (0x02b28eb3) x29 0x00000000
core   0: 0x8000864c (0xcafdbf93) sltiu   t6, s11, -849
core   0: 3 0x8000864c (0xcafdbf93) x31 0x00000001
core   0: 0x80008650 (0x0ad58c93) addi    s9, a1, 173
core   0: 3 0x80008650 (0x0ad58c93) x25 0x000000ac
core   0: 0x80008654 (0x000015fd) c.addi  a1, -1
core   0: 3 0x80008654 (0x15fd) x11 0xfffffffe
core   0: 0x80008656 (0x0e3a7d97) auipc   s11, 0xe3a7
core   0: 3 0x80008656 (0x0e3a7d97) x27 0x8e3af656
core   0: 0x8000865a (0x03bbf493) andi    s1, s7, 59
core   0: 3 0x8000865a (0x03bbf493) x 9 0x00000000
core   0: 0x8000865e (0x00008801) c.andi  s0, 0
core   0: 3 0x8000865e (0x8801) x 8 0x00000000
core   0: 0x80008660 (0x4bb5ea13) ori     s4, a1, 1211
core   0: 3 0x80008660 (0x4bb5ea13) x20 0xffffffff
core   0: 0x80008664 (0x000060e5) c.lui   ra, 0x19
core   0: 3 0x80008664 (0x60e5) x 1 0x00019000
core   0: 0x80008666 (0x0000922e) c.add   tp, a1
core   0: 3 0x80008666 (0x922e) x 4 0x7ffed319
core   0: 0x80008668 (0x00008d45) c.or    a0, s1
core   0: 3 0x80008668 (0x8d45) x10 0xcc1bfd0e
core   0: 0x8000866a (0x40c90c33) sub     s8, s2, a2
core   0: 3 0x8000866a (0x40c90c33) x24 0x80012ce4
core   0: 0x8000866e (0x8c916213) ori     tp, sp, -1847
core   0: 3 0x8000866e (0x8c916213) x 4 0xfffffbcd
core   0: 0x80008672 (0xd0c5a713) slti    a4, a1, -756
core   0: 3 0x80008672 (0xd0c5a713) x14 0x00000000
core   0: 0x80008676 (0x010ac1b3) xor     gp, s5, a6
core   0: 3 0x80008676 (0x010ac1b3) x 3 0xeef5b9b6
core   0: 0x8000867a (0x4102d1b3) sra     gp, t0, a6
core   0: 3 0x8000867a (0x4102d1b3) x 3 0x00000000
core   0: 0x8000867e (0x58714493) xori    s1, sp, 1415
core   0: 3 0x8000867e (0x58714493) x 9 0xeef5be43
core   0: 0x80008682 (0x0160e433) or      s0, ra, s6
core   0: 3 0x80008682 (0x0160e433) x 8 0x0603993b
core   0: 0x80008686 (0xc1ee8113) addi    sp, t4, -994
core   0: 3 0x80008686 (0xc1ee8113) x 2 0xfffffc1e
core   0: 0x8000868a (0xe6ccf493) andi    s1, s9, -404
core   0: 3 0x8000868a (0xe6ccf493) x 9 0x0000002c
core   0: 0x8000868e (0x00008ec9) c.or    a3, a0
core   0: 3 0x8000868e (0x8ec9) x13 0xcc1bfd0e
core   0: 0x80008690 (0x000083d5) c.srli  a5, 21
core   0: 3 0x80008690 (0x83d5) x15 0x00000660
core   0: 0x80008692 (0x00000001) c.nop
core   0: 3 0x80008692 (0x0001)
core   0: 0x80008694 (0x026d6e33) rem     t3, s10, t1
core   0: 3 0x80008694 (0x026d6e33) x28 0x0000000d
core   0: 0x80008698 (0x48b88193) addi    gp, a7, 1163
core   0: 3 0x80008698 (0x48b88193) x 3 0x0000048b
core   0: 0x8000869c (0x01bf2433) slt     s0, t5, s11
core   0: 3 0x8000869c (0x01bf2433) x 8 0x00000000
core   0: 0x800086a0 (0x0000149c) c.addi4spn a5, sp, 608
core   0: 3 0x800086a0 (0x149c) x15 0xfffffe7e
core   0: 0x800086a2 (0x49a7bc93) sltiu   s9, a5, 1178
core   0: 3 0x800086a2 (0x49a7bc93) x25 0x00000000
core   0: 0x800086a6 (0x00000001) c.nop
core   0: 3 0x800086a6 (0x0001)
core   0: 0x800086a8 (0x017587b3) add     a5, a1, s7
core   0: 3 0x800086a8 (0x017587b3) x15 0x3ffffffe
core   0: 0x800086ac (0x6c674313) xori    t1, a4, 1734
core   0: 3 0x800086ac (0x6c674313) x 6 0x000006c6
core   0: 0x800086b0 (0x0017c8b3) xor     a7, a5, ra
core   0: 3 0x800086b0 (0x0017c8b3) x17 0x3ffe6ffe
core   0: 0x800086b4 (0x4a36b093) sltiu   ra, a3, 1187
core   0: 3 0x800086b4 (0x4a36b093) x 1 0x00000000
core   0: 0x800086b8 (0x00009da6) c.add   s11, s1
core   0: 3 0x800086b8 (0x9da6) x27 0x8e3af682
core   0: 0x800086ba (0x00000001) c.nop
core   0: 3 0x800086ba (0x0001)
core   0: 0x800086bc (0x00006105) c.addi16sp sp, 32
core   0: 3 0x800086bc (0x6105) x 2 0xfffffc3e
core   0: 0x800086be (0x00008fc5) c.or    a5, s1
core   0: 3 0x800086be (0x8fc5) x15 0x3ffffffe
core   0: 0x800086c0 (0xc8253193) sltiu   gp, a0, -894
core   0: 3 0x800086c0 (0xc8253193) x 3 0x00000001
core   0: 0x800086c4 (0x033e1433) mulh    s0, t3, s3
core   0: 3 0x800086c4 (0x033e1433) x 8 0xfffffff9
core   0: 0x800086c8 (0x000099fd) c.andi  a1, -1
core   0: 3 0x800086c8 (0x99fd) x11 0xfffffffe
core   0: 0x800086ca (0x00d45813) srli    a6, s0, 13
core   0: 3 0x800086ca (0x00d45813) x16 0x0007ffff
core   0: 0x800086ce (0x00006f91) c.lui   t6, 0x4
core   0: 3 0x800086ce (0x6f91) x31 0x00004000
core   0: 0x800086d0 (0x80468d93) addi    s11, a3, -2044
core   0: 3 0x800086d0 (0x80468d93) x27 0xcc1bf512
core   0: 0x800086d4 (0x03a89fb3) mulh    t6, a7, s10
core   0: 3 0x800086d4 (0x03a89fb3) x31 0x00000003
core   0: 0x800086d8 (0x00e97533) and     a0, s2, a4
core   0: 3 0x800086d8 (0x00e97533) x10 0x00000000
core   0: 0x800086dc (0x00009366) c.add   t1, s9
core   0: 3 0x800086dc (0x9366) x 6 0x000006c6
core   0: 0x800086de (0x00008d19) c.sub   a0, a4
core   0: 3 0x800086de (0x8d19) x10 0x00000000
core   0: 0x800086e0 (0x403b5db3) sra     s11, s6, gp
core   0: 3 0x800086e0 (0x403b5db3) x27 0x0301049d
core   0: 0x800086e4 (0x6ec1aa93) slti    s5, gp, 1772
core   0: 3 0x800086e4 (0x6ec1aa93) x21 0x00000001
core   0: 0x800086e8 (0x00000a94) c.addi4spn a3, sp, 336
core   0: 3 0x800086e8 (0x0a94) x13 0xfffffd8e
core   0: 0x800086ea (0x41758733) sub     a4, a1, s7
core   0: 3 0x800086ea (0x41758733) x14 0xbffffffe
core   0: 0x800086ee (0x00008ce9) c.and   s1, a0
core   0: 3 0x800086ee (0x8ce9) x 9 0x00000000
core   0: 0x800086f0 (0x0372d2b3) divu    t0, t0, s7
core   0: 3 0x800086f0 (0x0372d2b3) x 5 0x00000000
core   0: 0x800086f4 (0x96186193) ori     gp, a6, -1695
core   0: 3 0x800086f4 (0x96186193) x 3 0xffffffff
core   0: 0x800086f8 (0x00000001) c.nop
core   0: 3 0x800086f8 (0x0001)
core   0: 0x800086fa (0x019b1413) slli    s0, s6, 25
core   0: 3 0x800086fa (0x019b1413) x 8 0x76000000
core   0: 0x800086fe (0x006f9cb3) sll     s9, t6, t1
core   0: 3 0x800086fe (0x006f9cb3) x25 0x000000c0
core   0: 0x80008702 (0x039a8233) mul     tp, s5, s9
core   0: 3 0x80008702 (0x039a8233) x 4 0x000000c0
core   0: 0x80008706 (0x0000717d) c.addi16sp sp, -16
core   0: 3 0x80008706 (0x717d) x 2 0xfffffc2e
core   0: 0x80008708 (0x65492d13) slti    s10, s2, 1620
core   0: 3 0x80008708 (0x65492d13) x26 0x00000001
core   0: 0x8000870c (0x02fc3d33) mulhu   s10, s8, a5
core   0: 3 0x8000870c (0x02fc3d33) x26 0x20004b37
core   0: 0x80008710 (0xfad2d197) auipc   gp, 0xfad2d
core   0: 3 0x80008710 (0xfad2d197) x 3 0x7ad35710
core   0: 0x80008714 (0x00008e91) c.sub   a3, a2
core   0: 3 0x80008714 (0x8e91) x13 0xfffffd8e
core   0: 0x80008716 (0xfff00b93) li      s7, -1
core   0: 3 0x80008716 (0xfff00b93) x23 0xffffffff
core   0: 0x8000871a (0x00004f01) c.li    t5, 0
core   0: 3 0x8000871a (0x4f01) x30 0x00000000
core   0: 0x8000871c (0x67da9d37) lui     s10, 0x67da9
core   0: 3 0x8000871c (0x67da9d37) x26 0x67da9000
core   0: 0x80008720 (0x7fad0d13) addi    s10, s10, 2042
core   0: 3 0x80008720 (0x7fad0d13) x26 0x67da97fa
core   0: 0x80008724 (0x00004581) c.li    a1, 0
core   0: 3 0x80008724 (0x4581) x11 0x00000000
core   0: 0x80008726 (0x8eb158b7) lui     a7, 0x8eb15
core   0: 3 0x80008726 (0x8eb158b7) x17 0x8eb15000
core   0: 0x8000872a (0x68988893) addi    a7, a7, 1673
core   0: 3 0x8000872a (0x68988893) x17 0x8eb15689
core   0: 0x8000872e (0xfff00093) li      ra, -1
core   0: 3 0x8000872e (0xfff00093) x 1 0xffffffff
core   0: 0x80008732 (0x80000537) lui     a0, 0x80000
core   0: 3 0x80008732 (0x80000537) x10 0x80000000
core   0: 0x80008736 (0xdc9b4937) lui     s2, 0xdc9b4
core   0: 3 0x80008736 (0xdc9b4937) x18 0xdc9b4000
core   0: 0x8000873a (0xbb890913) addi    s2, s2, -1096
core   0: 3 0x8000873a (0xbb890913) x18 0xdc9b3bb8
core   0: 0x8000873e (0xfff00413) li      s0, -1
core   0: 3 0x8000873e (0xfff00413) x 8 0xffffffff
core   0: 0x80008742 (0x80000c37) lui     s8, 0x80000
core   0: 3 0x80008742 (0x80000c37) x24 0x80000000
core   0: 0x80008746 (0x03a0dc33) divu    s8, ra, s10
core   0: 3 0x80008746 (0x03a0dc33) x24 0x00000002
core   0: 0x8000874a (0x021c10b3) mulh    ra, s8, ra
core   0: 3 0x8000874a (0x021c10b3) x 1 0xffffffff
core   0: 0x8000874e (0x02bc6bb3) rem     s7, s8, a1
core   0: 3 0x8000874e (0x02bc6bb3) x23 0x00000002
core   0: 0x80008752 (0x0370cc33) div     s8, ra, s7
core   0: 3 0x80008752 (0x0370cc33) x24 0x00000000
core   0: 0x80008756 (0x00258b93) addi    s7, a1, 2
core   0: 3 0x80008756 (0x00258b93) x23 0x00000002
core   0: 0x8000875a (0x02a0e0b3) rem     ra, ra, a0
core   0: 3 0x8000875a (0x02a0e0b3) x 1 0xffffffff
core   0: 0x8000875e (0x03e0f8b3) remu    a7, ra, t5
core   0: 3 0x8000875e (0x03e0f8b3) x17 0xffffffff
core   0: 0x80008762 (0x408c05b3) sub     a1, s8, s0
core   0: 3 0x80008762 (0x408c05b3) x11 0x00000001
core   0: 0x80008766 (0x032515b3) mulh    a1, a0, s2
core   0: 3 0x80008766 (0x032515b3) x11 0x11b26224
core   0: 0x8000876a (0x02bf3f33) mulhu   t5, t5, a1
core   0: 3 0x8000876a (0x02bf3f33) x30 0x00000000
core   0: 0x8000876e (0x40b40bb3) sub     s7, s0, a1
core   0: 3 0x8000876e (0x40b40bb3) x23 0xee4d9ddb
core   0: 0x80008772 (0x0280b8b3) mulhu   a7, ra, s0
core   0: 3 0x80008772 (0x0280b8b3) x17 0xfffffffe
core   0: 0x80008776 (0x28ac0513) addi    a0, s8, 650
core   0: 3 0x80008776 (0x28ac0513) x10 0x0000028a
core   0: 0x8000877a (0x02808433) mul     s0, ra, s0
core   0: 3 0x8000877a (0x02808433) x 8 0x00000001
core   0: 0x8000877e (0x0320e8b3) rem     a7, ra, s2
core   0: 3 0x8000877e (0x0320e8b3) x17 0xffffffff
core   0: 0x80008782 (0x038d6933) rem     s2, s10, s8
core   0: 3 0x80008782 (0x038d6933) x18 0x67da97fa
core   0: 0x80008786 (0x0328f5b3) remu    a1, a7, s2
core   0: 3 0x80008786 (0x0328f5b3) x11 0x304ad00b
core   0: 0x8000878a (0x99fb85b7) lui     a1, 0x99fb8
core   0: 3 0x8000878a (0x99fb85b7) x11 0x99fb8000
core   0: 0x8000878e (0x03e580b3) mul     ra, a1, t5
core   0: 3 0x8000878e (0x03e580b3) x 1 0x00000000
core   0: 0x80008792 (0x00008f8d) c.sub   a5, a1
core   0: 3 0x80008792 (0x8f8d) x15 0xa6047ffe
core   0: 0x80008794 (0x00008cf1) c.and   s1, a2
core   0: 3 0x80008794 (0x8cf1) x 9 0x00000000
core   0: 0x80008796 (0x01b9d693) srli    a3, s3, 27
core   0: 3 0x80008796 (0x01b9d693) x13 0x00000010
core   0: 0x8000879a (0x00e62333) slt     t1, a2, a4
core   0: 3 0x8000879a (0x00e62333) x 6 0x00000000
core   0: 0x8000879e (0x01d61bb3) sll     s7, a2, t4
core   0: 3 0x8000879e (0x01d61bb3) x23 0x00000000
core   0: 0x800087a2 (0x02083db3) mulhu   s11, a6, zero
core   0: 3 0x800087a2 (0x02083db3) x27 0x00000000
core   0: 0x800087a6 (0x3efc8b93) addi    s7, s9, 1007
core   0: 3 0x800087a6 (0x3efc8b93) x23 0x000004af
core   0: 0x800087aa (0x02ab7933) remu    s2, s6, a0
core   0: 3 0x800087aa (0x02ab7933) x18 0x00000245
core   0: 0x800087ae (0x01cdae33) slt     t3, s11, t3
core   0: 3 0x800087ae (0x01cdae33) x28 0x00000001
core   0: 0x800087b2 (0x00d83233) sltu    tp, a6, a3
core   0: 3 0x800087b2 (0x00d83233) x 4 0x00000000
core   0: 0x800087b6 (0x0288bdb3) mulhu   s11, a7, s0
core   0: 3 0x800087b6 (0x0288bdb3) x27 0x00000000
core   0: 0x800087ba (0x00008cc1) c.or    s1, s0
core   0: 3 0x800087ba (0x8cc1) x 9 0x00000001
core   0: 0x800087bc (0xed69be93) sltiu   t4, s3, -298
core   0: 3 0x800087bc (0xed69be93) x29 0x00000001
core   0: 0x800087c0 (0x628bf713) andi    a4, s7, 1576
core   0: 3 0x800087c0 (0x628bf713) x14 0x00000428
core   0: 0x800087c4 (0x62e03593) sltiu   a1, zero, 1582
core   0: 3 0x800087c4 (0x62e03593) x11 0x00000001
core   0: 0x800087c8 (0x01e40533) add     a0, s0, t5
core   0: 3 0x800087c8 (0x01e40533) x10 0x00000001
core   0: 0x800087cc (0x00000cc9) c.addi  s9, 18
core   0: 3 0x800087cc (0x0cc9) x25 0x000000d2
core   0: 0x800087ce (0x00004c85) c.li    s9, 1
core   0: 3 0x800087ce (0x4c85) x25 0x00000001
core   0: 0x800087d0 (0x0076a6b3) slt     a3, a3, t2
core   0: 3 0x800087d0 (0x0076a6b3) x13 0x00000000
core   0: 0x800087d4 (0x96de7497) auipc   s1, 0x96de7
core   0: 3 0x800087d4 (0x96de7497) x 9 0x16def7d4
core   0: 0x800087d8 (0x002967b3) or      a5, s2, sp
core   0: 3 0x800087d8 (0x002967b3) x15 0xfffffe6f
core   0: 0x800087dc (0x419ed8b3) sra     a7, t4, s9
core   0: 3 0x800087dc (0x419ed8b3) x17 0x00000000
core   0: 0x800087e0 (0x02d4e1b3) rem     gp, s1, a3
core   0: 3 0x800087e0 (0x02d4e1b3) x 3 0x16def7d4
core   0: 0x800087e4 (0x02ca4033) div     zero, s4, a2
core   0: 3 0x800087e4 (0x02ca4033)
core   0: 0x800087e8 (0x035da4b3) mulhsu  s1, s11, s5
core   0: 3 0x800087e8 (0x035da4b3) x 9 0x00000000
core   0: 0x800087ec (0x00008ee5) c.and   a3, s1
core   0: 3 0x800087ec (0x8ee5) x13 0x00000000
core   0: 0x800087ee (0x00008dae) c.mv    s11, a1
core   0: 3 0x800087ee (0x8dae) x27 0x00000001
core   0: 0x800087f0 (0x41cbdb13) srai    s6, s7, 28
core   0: 3 0x800087f0 (0x41cbdb13) x22 0x00000000
core   0: 0x800087f4 (0x02d4d833) divu    a6, s1, a3
core   0: 3 0x800087f4 (0x02d4d833) x16 0xffffffff
core   0: 0x800087f8 (0x027ea8b3) mulhsu  a7, t4, t2
core   0: 3 0x800087f8 (0x027ea8b3) x17 0x00000000
core   0: 0x800087fc (0xfff00913) li      s2, -1
core   0: 3 0x800087fc (0xfff00913) x18 0xffffffff
core   0: 0x80008800 (0x00004e01) c.li    t3, 0
core   0: 3 0x80008800 (0x4e01) x28 0x00000000
core   0: 0x80008802 (0x80000437) lui     s0, 0x80000
core   0: 3 0x80008802 (0x80000437) x 8 0x80000000
core   0: 0x80008806 (0x80000237) lui     tp, 0x80000
core   0: 3 0x80008806 (0x80000237) x 4 0x80000000
core   0: 0x8000880a (0xfff00d13) li      s10, -1
core   0: 3 0x8000880a (0xfff00d13) x26 0xffffffff
core   0: 0x8000880e (0x80000cb7) lui     s9, 0x80000
core   0: 3 0x8000880e (0x80000cb7) x25 0x80000000
core   0: 0x80008812 (0xfff00113) li      sp, -1
core   0: 3 0x80008812 (0xfff00113) x 2 0xffffffff
core   0: 0x80008816 (0xfff00593) li      a1, -1
core   0: 3 0x80008816 (0xfff00593) x11 0xffffffff
core   0: 0x8000881a (0x7972a8b7) lui     a7, 0x7972a
core   0: 3 0x8000881a (0x7972a8b7) x17 0x7972a000
core   0: 0x8000881e (0xc6788893) addi    a7, a7, -921
core   0: 3 0x8000881e (0xc6788893) x17 0x79729c67
core   0: 0x80008822 (0xfff00693) li      a3, -1
core   0: 3 0x80008822 (0xfff00693) x13 0xffffffff
core   0: 0x80008826 (0x03a445b3) div     a1, s0, s10
core   0: 3 0x80008826 (0x03a445b3) x11 0x80000000
core   0: 0x8000882a (0x00000001) c.nop
core   0: 3 0x8000882a (0x0001)
core   0: 0x8000882c (0x40b88933) sub     s2, a7, a1
core   0: 3 0x8000882c (0x40b88933) x18 0xf9729c67
core   0: 0x80008830 (0x00000001) c.nop
core   0: 3 0x80008830 (0x0001)
core   0: 0x80008832 (0xe8e6bd37) lui     s10, 0xe8e6b
core   0: 3 0x80008832 (0xe8e6bd37) x26 0xe8e6b000
core   0: 0x80008836 (0x00000001) c.nop
core   0: 3 0x80008836 (0x0001)
core   0: 0x80008838 (0x02be6cb3) rem     s9, t3, a1
core   0: 3 0x80008838 (0x02be6cb3) x25 0x00000000
core   0: 0x8000883c (0x27640693) addi    a3, s0, 630
core   0: 3 0x8000883c (0x27640693) x13 0x80000276
core   0: 0x80008840 (0xfbe89d17) auipc   s10, 0xfbe89
core   0: 3 0x80008840 (0xfbe89d17) x26 0x7be91840
core   0: 0x80008844 (0x0246d5b3) divu    a1, a3, tp
core   0: 3 0x80008844 (0x0246d5b3) x11 0x00000001
core   0: 0x80008848 (0x408588b3) sub     a7, a1, s0
core   0: 3 0x80008848 (0x408588b3) x17 0x80000001
core   0: 0x8000884c (0x52977217) auipc   tp, 0x52977
core   0: 3 0x8000884c (0x52977217) x 4 0xd297f84c
core   0: 0x80008850 (0x0226f5b3) remu    a1, a3, sp
core   0: 3 0x80008850 (0x0226f5b3) x11 0x80000276
core   0: 0x80008854 (0x0288b6b3) mulhu   a3, a7, s0
core   0: 3 0x80008854 (0x0288b6b3) x13 0x40000000
core   0: 0x80008858 (0x207d0913) addi    s2, s10, 519
core   0: 3 0x80008858 (0x207d0913) x18 0x7be91a47
core   0: 0x8000885c (0x00000001) c.nop
core   0: 3 0x8000885c (0x0001)
core   0: 0x8000885e (0x039d45b3) div     a1, s10, s9
core   0: 3 0x8000885e (0x039d45b3) x11 0xffffffff
core   0: 0x80008862 (0x02b8e5b3) rem     a1, a7, a1
core   0: 3 0x80008862 (0x02b8e5b3) x11 0x00000000
core   0: 0x80008866 (0x02d5f933) remu    s2, a1, a3
core   0: 3 0x80008866 (0x02d5f933) x18 0x00000000
core   0: 0x8000886a (0x024695b3) mulh    a1, a3, tp
core   0: 3 0x8000886a (0x024695b3) x11 0xf4a5fe13
core   0: 0x8000886e (0x5cac8413) addi    s0, s9, 1482
core   0: 3 0x8000886e (0x5cac8413) x 8 0x000005ca
core   0: 0x80008872 (0x0187a8b3) slt     a7, a5, s8
core   0: 3 0x80008872 (0x0187a8b3) x17 0x00000001
core   0: 0x80008876 (0x4030dcb3) sra     s9, ra, gp
core   0: 3 0x80008876 (0x4030dcb3) x25 0x00000000
core   0: 0x8000887a (0x000064ed) c.lui   s1, 0x1b
core   0: 3 0x8000887a (0x64ed) x 9 0x0001b000
core   0: 0x8000887c (0x00008719) c.srai  a4, 6
core   0: 3 0x8000887c (0x8719) x14 0x00000010
core   0: 0x8000887e (0x039a5733) divu    a4, s4, s9
core   0: 3 0x8000887e (0x039a5733) x14 0xffffffff
core   0: 0x80008882 (0xef132113) slti    sp, t1, -271
core   0: 3 0x80008882 (0xef132113) x 2 0x00000000
core   0: 0x80008886 (0x00008cb5) c.xor   s1, a3
core   0: 3 0x80008886 (0x8cb5) x 9 0x4001b000
core   0: 0x80008888 (0x0b3f4293) xori    t0, t5, 179
core   0: 3 0x80008888 (0x0b3f4293) x 5 0x000000b3
core   0: 0x8000888c (0x00004f55) c.li    t5, 21
core   0: 3 0x8000888c (0x4f55) x30 0x00000015
core   0: 0x8000888e (0x00000001) c.nop
core   0: 3 0x8000888e (0x0001)
core   0: 0x80008890 (0x00000001) c.nop
core   0: 3 0x80008890 (0x0001)
core   0: 0x80008892 (0x0254b2b3) mulhu   t0, s1, t0
core   0: 3 0x80008892 (0x0254b2b3) x 5 0x0000002c
core   0: 0x80008896 (0x01d61a13) slli    s4, a2, 29
core   0: 3 0x80008896 (0x01d61a13) x20 0x00000000
core   0: 0x8000889a (0x00b0bd33) sltu    s10, ra, a1
core   0: 3 0x8000889a (0x00b0bd33) x26 0x00000001
core   0: 0x8000889e (0x00742db3) slt     s11, s0, t2
core   0: 3 0x8000889e (0x00742db3) x27 0x00000000
core   0: 0x800088a2 (0x595ba013) slti    zero, s7, 1429
core   0: 3 0x800088a2 (0x595ba013)
core   0: 0x800088a6 (0xb5a6be13) sltiu   t3, a3, -1190
core   0: 3 0x800088a6 (0xb5a6be13) x28 0x00000001
core   0: 0x800088aa (0x5c548713) addi    a4, s1, 1477
core   0: 3 0x800088aa (0x5c548713) x14 0x4001b5c5
core   0: 0x800088ae (0x5d56b313) sltiu   t1, a3, 1493
core   0: 3 0x800088ae (0x5d56b313) x 6 0x00000000
core   0: 0x800088b2 (0x000014fd) c.addi  s1, -1
core   0: 3 0x800088b2 (0x14fd) x 9 0x4001afff
core   0: 0x800088b4 (0x00d78a33) add     s4, a5, a3
core   0: 3 0x800088b4 (0x00d78a33) x20 0x3ffffe6f
core   0: 0x800088b8 (0x00009886) c.add   a7, ra
core   0: 3 0x800088b8 (0x9886) x17 0x00000001
core   0: 0x800088ba (0x01299113) slli    sp, s3, 18
core   0: 3 0x800088ba (0x01299113) x 2 0xb9900000
core   0: 0x800088be (0x00008ef9) c.and   a3, a4
core   0: 3 0x800088be (0x8ef9) x13 0x40000000
core   0: 0x800088c0 (0x027e3433) mulhu   s0, t3, t2
core   0: 3 0x800088c0 (0x027e3433) x 8 0x00000000
core   0: 0x800088c4 (0x00008d61) c.and   a0, s0
core   0: 3 0x800088c4 (0x8d61) x10 0x00000000
core   0: 0x800088c6 (0x40d05e33) sra     t3, zero, a3
core   0: 3 0x800088c6 (0x40d05e33) x28 0x00000000
core   0: 0x800088ca (0x01316833) or      a6, sp, s3
core   0: 3 0x800088ca (0x01316833) x16 0xb990ee64
core   0: 0x800088ce (0x00f2c133) xor     sp, t0, a5
core   0: 3 0x800088ce (0x00f2c133) x 2 0xfffffe43
core   0: 0x800088d2 (0x000083a5) c.srli  a5, 9
core   0: 3 0x800088d2 (0x83a5) x15 0x007fffff
core   0: 0x800088d4 (0x03e5aa33) mulhsu  s4, a1, t5
core   0: 3 0x800088d4 (0x03e5aa33) x20 0xffffffff
core   0: 0x800088d8 (0x00000001) c.nop
core   0: 3 0x800088d8 (0x0001)
core   0: 0x800088da (0x418f81b3) sub     gp, t6, s8
core   0: 3 0x800088da (0x418f81b3) x 3 0x00000003
core   0: 0x800088de (0x00008f49) c.or    a4, a0
core   0: 3 0x800088de (0x8f49) x14 0x4001b5c5
core   0: 0x800088e0 (0x00008db9) c.xor   a1, a4
core   0: 3 0x800088e0 (0x8db9) x11 0xb4a44bd6
core   0: 0x800088e2 (0x000082b9) c.srli  a3, 14
core   0: 3 0x800088e2 (0x82b9) x13 0x00010000
core   0: 0x800088e4 (0x33b88337) lui     t1, 0x33b88
core   0: 3 0x800088e4 (0x33b88337) x 6 0x33b88000
core   0: 0x800088e8 (0x03cb55b3) divu    a1, s6, t3
core   0: 3 0x800088e8 (0x03cb55b3) x11 0xffffffff
core   0: 0x800088ec (0x63347f93) andi    t6, s0, 1587
core   0: 3 0x800088ec (0x63347f93) x31 0x00000000
core   0: 0x800088f0 (0x026b9f33) mulh    t5, s7, t1
core   0: 3 0x800088f0 (0x026b9f33) x30 0x000000f2
core   0: 0x800088f4 (0x0165f533) and     a0, a1, s6
core   0: 3 0x800088f4 (0x0165f533) x10 0x00000000
core   0: 0x800088f8 (0x3fc00f93) li      t6, 1020
core   0: 3 0x800088f8 (0x3fc00f93) x31 0x000003fc
core   0: 0x800088fc (0xb0d38493) addi    s1, t2, -1267
core   0: 3 0x800088fc (0xb0d38493) x 9 0x800127f1
core   0: 0x80008900 (0x01581113) slli    sp, a6, 21
core   0: 3 0x80008900 (0x01581113) x 2 0xcc800000
core   0: 0x80008904 (0x01bb4ab3) xor     s5, s6, s11
core   0: 3 0x80008904 (0x01bb4ab3) x21 0x00000000
core   0: 0x80008908 (0x7f2a6337) lui     t1, 0x7f2a6
core   0: 3 0x80008908 (0x7f2a6337) x 6 0x7f2a6000
core   0: 0x8000890c (0x01da40b3) xor     ra, s4, t4
core   0: 3 0x8000890c (0x01da40b3) x 1 0xfffffffe
core   0: 0x80008910 (0x000088e5) c.andi  s1, 25
core   0: 3 0x80008910 (0x88e5) x 9 0x00000011
core   0: 0x80008912 (0x00000784) c.addi4spn s1, sp, 960
core   0: 3 0x80008912 (0x0784) x 9 0xcc8003c0
core   0: 0x80008914 (0x00008c3d) c.xor   s0, a5
core   0: 3 0x80008914 (0x8c3d) x 8 0x007fffff
core   0: 0x80008916 (0x000068c9) c.lui   a7, 0x12
core   0: 3 0x80008916 (0x68c9) x17 0x00012000
core   0: 0x80008918 (0x00000252) c.slli  tp, 20
core   0: 3 0x80008918 (0x0252) x 4 0x84c00000
core   0: 0x8000891a (0x0240a333) mulhsu  t1, ra, tp
core   0: 3 0x8000891a (0x0240a333) x 6 0xfffffffe
core   0: 0x8000891e (0xe486c517) auipc   a0, 0xe486c
core   0: 3 0x8000891e (0xe486c517) x10 0x6487491e
core   0: 0x80008922 (0x000082f1) c.srli  a3, 28
core   0: 3 0x80008922 (0x82f1) x13 0x00000000
core   0: 0x80008924 (0x0319efb3) rem     t6, s3, a7
core   0: 3 0x80008924 (0x0319efb3) x31 0xffffae64
core   0: 0x80008928 (0x00008b21) c.andi  a4, 8
core   0: 3 0x80008928 (0x8b21) x14 0x00000000
core   0: 0x8000892a (0x0206ca33) div     s4, a3, zero
core   0: 3 0x8000892a (0x0206ca33) x20 0xffffffff
core   0: 0x8000892e (0x01489a93) slli    s5, a7, 20
core   0: 3 0x8000892e (0x01489a93) x21 0x00000000
core   0: 0x80008932 (0x00d8c1b3) xor     gp, a7, a3
core   0: 3 0x80008932 (0x00d8c1b3) x 3 0x00012000
core   0: 0x80008936 (0x91d7aa93) slti    s5, a5, -1763
core   0: 3 0x80008936 (0x91d7aa93) x21 0x00000000
core   0: 0x8000893a (0x00005efd) c.li    t4, -1
core   0: 3 0x8000893a (0x5efd) x29 0xffffffff
core   0: 0x8000893c (0x00008059) c.srli  s0, 22
core   0: 3 0x8000893c (0x8059) x 8 0x00000001
core   0: 0x8000893e (0x402add33) sra     s10, s5, sp
core   0: 3 0x8000893e (0x402add33) x26 0x00000000
core   0: 0x80008942 (0x000047ed) c.li    a5, 27
core   0: 3 0x80008942 (0x47ed) x15 0x0000001b
core   0: 0x80008944 (0x00000001) c.nop
core   0: 3 0x80008944 (0x0001)
core   0: 0x80008946 (0x004506b3) add     a3, a0, tp
core   0: 3 0x80008946 (0x004506b3) x13 0xe947491e
core   0: 0x8000894a (0x00008f85) c.sub   a5, s1
core   0: 3 0x8000894a (0x8f85) x15 0x337ffc5b
core   0: 0x8000894c (0x035b6a33) rem     s4, s6, s5
core   0: 3 0x8000894c (0x035b6a33) x20 0x00000000
core   0: 0x80008950 (0x026a5833) divu    a6, s4, t1
core   0: 3 0x80008950 (0x026a5833) x16 0x00000000
core   0: 0x80008954 (0x00006815) c.lui   a6, 0x5
core   0: 3 0x80008954 (0x6815) x16 0x00005000
core   0: 0x80008956 (0x000061f5) c.lui   gp, 0x1d
core   0: 3 0x80008956 (0x61f5) x 3 0x0001d000
core   0: 0x80008958 (0x4019de33) sra     t3, s3, ra
core   0: 3 0x80008958 (0x4019de33) x28 0xfffffffe
core   0: 0x8000895c (0x01523c33) sltu    s8, tp, s5
core   0: 3 0x8000895c (0x01523c33) x24 0x00000000
core   0: 0x80008960 (0x02ff40b3) div     ra, t5, a5
core   0: 3 0x80008960 (0x02ff40b3) x 1 0x00000000
core   0: 0x80008964 (0x0000717d) c.addi16sp sp, -16
core   0: 3 0x80008964 (0x717d) x 2 0xcc7ffff0
core   0: 0x80008966 (0x032e01b3) mul     gp, t3, s2
core   0: 3 0x80008966 (0x032e01b3) x 3 0x00000000
core   0: 0x8000896a (0x0000987d) c.andi  s0, -1
core   0: 3 0x8000896a (0x987d) x 8 0x00000001
core   0: 0x8000896c (0x0000924a) c.add   tp, s2
core   0: 3 0x8000896c (0x924a) x 4 0x84c00000
core   0: 0x8000896e (0x019707b3) add     a5, a4, s9
core   0: 3 0x8000896e (0x019707b3) x15 0x00000000
core   0: 0x80008972 (0x41fed713) srai    a4, t4, 31
core   0: 3 0x80008972 (0x41fed713) x14 0xffffffff
core   0: 0x80008976 (0x000081d5) c.srli  a1, 21
core   0: 3 0x80008976 (0x81d5) x11 0x000007ff
core   0: 0x80008978 (0x00001f7d) c.addi  t5, -1
core   0: 3 0x80008978 (0x1f7d) x30 0x000000f1
core   0: 0x8000897a (0x6dc50493) addi    s1, a0, 1756
core   0: 3 0x8000897a (0x6dc50493) x 9 0x64874ffa
core   0: 0x8000897e (0x000083c5) c.srli  a5, 17
core   0: 3 0x8000897e (0x83c5) x15 0x00000000
core   0: 0x80008980 (0x00008f05) c.sub   a4, s1
core   0: 3 0x80008980 (0x8f05) x14 0x9b78b005
core   0: 0x80008982 (0xf4cfc813) xori    a6, t6, -180
core   0: 3 0x80008982 (0xf4cfc813) x16 0x00005128
core   0: 0x80008986 (0x01a65233) srl     tp, a2, s10
core   0: 3 0x80008986 (0x01a65233) x 4 0x00000000
core   0: 0x8000898a (0x00008009) c.srli  s0, 2
core   0: 3 0x8000898a (0x8009) x 8 0x00000000
core   0: 0x8000898c (0x0000717d) c.addi16sp sp, -16
core   0: 3 0x8000898c (0x717d) x 2 0xcc7fffe0
core   0: 0x8000898e (0x01cfd113) srli    sp, t6, 28
core   0: 3 0x8000898e (0x01cfd113) x 2 0x0000000f
core   0: 0x80008992 (0x0163c033) xor     zero, t2, s6
core   0: 3 0x80008992 (0x0163c033)
core   0: 0x80008996 (0xab006713) ori     a4, zero, -1360
core   0: 3 0x80008996 (0xab006713) x14 0xfffffab0
core   0: 0x8000899a (0x00004db5) c.li    s11, 13
core   0: 3 0x8000899a (0x4db5) x27 0x0000000d
core   0: 0x8000899c (0x000047b9) c.li    a5, 14
core   0: 3 0x8000899c (0x47b9) x15 0x0000000e
core   0: 0x8000899e (0x00008d3d) c.xor   a0, a5
core   0: 3 0x8000899e (0x8d3d) x10 0x64874910
core   0: 0x800089a0 (0xe389c293) xori    t0, s3, -456
core   0: 3 0x800089a0 (0xe389c293) x 5 0x7fff105c
core   0: 0x800089a4 (0x0000882a) c.mv    a6, a0
core   0: 3 0x800089a4 (0x882a) x16 0x64874910
core   0: 0x800089a6 (0x030e6433) rem     s0, t3, a6
core   0: 3 0x800089a6 (0x030e6433) x 8 0xfffffffe
core   0: 0x800089aa (0x002afcb3) and     s9, s5, sp
core   0: 3 0x800089aa (0x002afcb3) x25 0x00000000
core   0: 0x800089ae (0xcda14f97) auipc   t6, 0xcda14
core   0: 3 0x800089ae (0xcda14f97) x31 0x4da1c9ae
core   0: 0x800089b2 (0x00008c79) c.and   s0, a4
core   0: 3 0x800089b2 (0x8c79) x 8 0xfffffab0
core   0: 0x800089b4 (0x000082ed) c.srli  a3, 27
core   0: 3 0x800089b4 (0x82ed) x13 0x0000001d
core   0: 0x800089b6 (0x03b896b3) mulh    a3, a7, s11
core   0: 3 0x800089b6 (0x03b896b3) x13 0x00000000
core   0: 0x800089ba (0x000086ba) c.mv    a3, a4
core   0: 3 0x800089ba (0x86ba) x13 0xfffffab0
core   0: 0x800089bc (0x0000068c) c.addi4spn a1, sp, 832
core   0: 3 0x800089bc (0x068c) x11 0x0000034f
core   0: 0x800089be (0x55ee4013) xori    zero, t3, 1374
core   0: 3 0x800089be (0x55ee4013)
core   0: 0x800089c2 (0xec8ec593) xori    a1, t4, -312
core   0: 3 0x800089c2 (0xec8ec593) x11 0x00000137
core   0: 0x800089c6 (0x2aa0e313) ori     t1, ra, 682
core   0: 3 0x800089c6 (0x2aa0e313) x 6 0x000002aa
core   0: 0x800089ca (0x000082c6) c.mv    t0, a7
core   0: 3 0x800089ca (0x82c6) x 5 0x00012000
core   0: 0x800089cc (0x01c446b3) xor     a3, s0, t3
core   0: 3 0x800089cc (0x01c446b3) x13 0x0000054e
core   0: 0x800089d0 (0x00801f33) sll     t5, zero, s0
core   0: 3 0x800089d0 (0x00801f33) x30 0x00000000
core   0: 0x800089d4 (0x00006119) c.addi16sp sp, 384
core   0: 3 0x800089d4 (0x6119) x 2 0x0000018f
core   0: 0x800089d6 (0x01fd1593) slli    a1, s10, 31
core   0: 3 0x800089d6 (0x01fd1593) x11 0x00000000
core   0: 0x800089da (0x03cadc33) divu    s8, s5, t3
core   0: 3 0x800089da (0x03cadc33) x24 0x00000000
core   0: 0x800089de (0x99ebba93) sltiu   s5, s7, -1634
core   0: 3 0x800089de (0x99ebba93) x21 0x00000001
core   0: 0x800089e2 (0xdc36e137) lui     sp, 0xdc36e
core   0: 3 0x800089e2 (0xdc36e137) x 2 0xdc36e000
core   0: 0x800089e6 (0x000068e5) c.lui   a7, 0x19
core   0: 3 0x800089e6 (0x68e5) x17 0x00019000
core   0: 0x800089e8 (0x004e0eb3) add     t4, t3, tp
core   0: 3 0x800089e8 (0x004e0eb3) x29 0xfffffffe
core   0: 0x800089ec (0x00008d25) c.xor   a0, s1
core   0: 3 0x800089ec (0x8d25) x10 0x000006ea
core   0: 0x800089ee (0x003e7d33) and     s10, t3, gp
core   0: 3 0x800089ee (0x003e7d33) x26 0x00000000
core   0: 0x800089f2 (0x01318bb3) add     s7, gp, s3
core   0: 3 0x800089f2 (0x01318bb3) x23 0x8000ee64
core   0: 0x800089f6 (0x033844b3) div     s1, a6, s3
core   0: 3 0x800089f6 (0x033844b3) x 9 0x00000000
core   0: 0x800089fa (0x000092a2) c.add   t0, s0
core   0: 3 0x800089fa (0x92a2) x 5 0x00011ab0
core   0: 0x800089fc (0x00008499) c.srai  s1, 6
core   0: 3 0x800089fc (0x8499) x 9 0x00000000
core   0: 0x800089fe (0x015e3fb3) sltu    t6, t3, s5
core   0: 3 0x800089fe (0x015e3fb3) x31 0x00000000
core   0: 0x80008a02 (0x00fb26b3) slt     a3, s6, a5
core   0: 3 0x80008a02 (0x00fb26b3) x13 0x00000001
core   0: 0x80008a06 (0x3998f913) andi    s2, a7, 921
core   0: 3 0x80008a06 (0x3998f913) x18 0x00000000
core   0: 0x80008a0a (0x02241d33) mulh    s10, s0, sp
core   0: 3 0x80008a0a (0x02241d33) x26 0x000000be
core   0: 0x80008a0e (0x6b932313) slti    t1, t1, 1721
core   0: 3 0x80008a0e (0x6b932313) x 6 0x00000001
core   0: 0x80008a12 (0x0000997d) c.andi  a0, -1
core   0: 3 0x80008a12 (0x997d) x10 0x000006ea
core   0: 0x80008a14 (0x024d2733) mulhsu  a4, s10, tp
core   0: 3 0x80008a14 (0x024d2733) x14 0x00000000
core   0: 0x80008a18 (0x02f69cb3) mulh    s9, a3, a5
core   0: 3 0x80008a18 (0x02f69cb3) x25 0x00000000
core   0: 0x80008a1c (0x0155f5b3) and     a1, a1, s5
core   0: 3 0x80008a1c (0x0155f5b3) x11 0x00000000
core   0: 0x80008a20 (0x000006b2) c.slli  a3, 12
core   0: 3 0x80008a20 (0x06b2) x13 0x00001000
core   0: 0x80008a22 (0xe6569a97) auipc   s5, 0xe6569
core   0: 3 0x80008a22 (0xe6569a97) x21 0x66571a22
core   0: 0x80008a26 (0x00000001) c.nop
core   0: 3 0x80008a26 (0x0001)
core   0: 0x80008a28 (0x4192d8b3) sra     a7, t0, s9
core   0: 3 0x80008a28 (0x4192d8b3) x17 0x00011ab0
core   0: 0x80008a2c (0x0000090e) c.slli  s2, 3
core   0: 3 0x80008a2c (0x090e) x18 0x00000000
core   0: 0x80008a2e (0x004bba33) sltu    s4, s7, tp
core   0: 3 0x80008a2e (0x004bba33) x20 0x00000000
core   0: 0x80008a32 (0x031816b3) mulh    a3, a6, a7
core   0: 3 0x80008a32 (0x031816b3) x13 0x00006f02
core   0: 0x80008a36 (0x012f31b3) sltu    gp, t5, s2
core   0: 3 0x80008a36 (0x012f31b3) x 3 0x00000000
core   0: 0x80008a3a (0x000084ad) c.srai  s1, 11
core   0: 3 0x80008a3a (0x84ad) x 9 0x00000000
core   0: 0x80008a3c (0x02d498b3) mulh    a7, s1, a3
core   0: 3 0x80008a3c (0x02d498b3) x17 0x00000000
core   0: 0x80008a40 (0x90ae6f93) ori     t6, t3, -1782
core   0: 3 0x80008a40 (0x90ae6f93) x31 0xfffffffe
core   0: 0x80008a44 (0x000081f5) c.srli  a1, 29
core   0: 3 0x80008a44 (0x81f5) x11 0x00000000
core   0: 0x80008a46 (0x00008d31) c.xor   a0, a2
core   0: 3 0x80008a46 (0x8d31) x10 0x000006ea
core   0: 0x80008a48 (0x00008ddd) c.or    a1, a5
core   0: 3 0x80008a48 (0x8ddd) x11 0x0000000e
core   0: 0x80008a4a (0x000080c9) c.srli  s1, 18
core   0: 3 0x80008a4a (0x80c9) x 9 0x00000000
core   0: 0x80008a4c (0xf1a0b893) sltiu   a7, ra, -230
core   0: 3 0x80008a4c (0xf1a0b893) x17 0x00000001
core   0: 0x80008a50 (0x02609bb3) mulh    s7, ra, t1
core   0: 3 0x80008a50 (0x02609bb3) x23 0x00000000
core   0: 0x80008a54 (0x0215a133) mulhsu  sp, a1, ra
core   0: 3 0x80008a54 (0x0215a133) x 2 0x00000000
core   0: 0x80008a58 (0x03dd55b3) divu    a1, s10, t4
core   0: 3 0x80008a58 (0x03dd55b3) x11 0x00000000
core   0: 0x80008a5c (0x00000001) c.nop
core   0: 3 0x80008a5c (0x0001)
core   0: 0x80008a5e (0x15dcc113) xori    sp, s9, 349
core   0: 3 0x80008a5e (0x15dcc113) x 2 0x0000015d
core   0: 0x80008a62 (0x0000070a) c.slli  a4, 2
core   0: 3 0x80008a62 (0x070a) x14 0x00000000
core   0: 0x80008a64 (0x00001804) c.addi4spn s1, sp, 48
core   0: 3 0x80008a64 (0x1804) x 9 0x0000018d
core   0: 0x80008a66 (0x0000097a) c.slli  s2, 30
core   0: 3 0x80008a66 (0x097a) x18 0x00000000
core   0: 0x80008a68 (0xd5c78e93) addi    t4, a5, -676
core   0: 3 0x80008a68 (0xd5c78e93) x29 0xfffffd6a
core   0: 0x80008a6c (0x69d60837) lui     a6, 0x69d60
core   0: 3 0x80008a6c (0x69d60837) x16 0x69d60000
core   0: 0x80008a70 (0x00000001) c.nop
core   0: 3 0x80008a70 (0x0001)
core   0: 0x80008a72 (0x00fd22b3) slt     t0, s10, a5
core   0: 3 0x80008a72 (0x00fd22b3) x 5 0x00000000
core   0: 0x80008a76 (0x0202c1b3) div     gp, t0, zero
core   0: 3 0x80008a76 (0x0202c1b3) x 3 0xffffffff
core   0: 0x80008a7a (0x02f2a4b3) mulhsu  s1, t0, a5
core   0: 3 0x80008a7a (0x02f2a4b3) x 9 0x00000000
core   0: 0x80008a7e (0x00005d7d) c.li    s10, -1
core   0: 3 0x80008a7e (0x5d7d) x26 0xffffffff
core   0: 0x80008a80 (0x40fa8bb3) sub     s7, s5, a5
core   0: 3 0x80008a80 (0x40fa8bb3) x23 0x66571a14
core   0: 0x80008a84 (0x00000c80) c.addi4spn s0, sp, 592
core   0: 3 0x80008a84 (0x0c80) x 8 0x000003ad
core   0: 0x80008a86 (0x0209d033) divu    zero, s3, zero
core   0: 3 0x80008a86 (0x0209d033)
core   0: 0x80008a8a (0x00000001) c.nop
core   0: 3 0x80008a8a (0x0001)
core   0: 0x80008a8c (0x03efc4b3) div     s1, t6, t5
core   0: 3 0x80008a8c (0x03efc4b3) x 9 0xffffffff
core   0: 0x80008a90 (0x6e328a13) addi    s4, t0, 1763
core   0: 3 0x80008a90 (0x6e328a13) x20 0x000006e3
core   0: 0x80008a94 (0x00008f65) c.and   a4, s1
core   0: 3 0x80008a94 (0x8f65) x14 0x00000000
core   0: 0x80008a96 (0x018f2533) slt     a0, t5, s8
core   0: 3 0x80008a96 (0x018f2533) x10 0x00000000
core   0: 0x80008a9a (0xde73f713) andi    a4, t2, -537
core   0: 3 0x80008a9a (0xde73f713) x14 0x80012ce4
core   0: 0x80008a9e (0xe7b0f893) andi    a7, ra, -389
core   0: 3 0x80008a9e (0xe7b0f893) x17 0x00000000
core   0: 0x80008aa2 (0x03899eb3) mulh    t4, s3, s8
core   0: 3 0x80008aa2 (0x03899eb3) x29 0x00000000
core   0: 0x80008aa6 (0x0182cab3) xor     s5, t0, s8
core   0: 3 0x80008aa6 (0x0182cab3) x21 0x00000000
core   0: 0x80008aaa (0x0189ba33) sltu    s4, s3, s8
core   0: 3 0x80008aaa (0x0189ba33) x20 0x00000000
core   0: 0x80008aae (0x64a23a13) sltiu   s4, tp, 1610
core   0: 3 0x80008aae (0x64a23a13) x20 0x00000001
core   0: 0x80008ab2 (0x4170d713) srai    a4, ra, 23
core   0: 3 0x80008ab2 (0x4170d713) x14 0x00000000
core   0: 0x80008ab6 (0x02821eb3) mulh    t4, tp, s0
core   0: 3 0x80008ab6 (0x02821eb3) x29 0x00000000
core   0: 0x80008aba (0x00000d35) c.addi  s10, 13
core   0: 3 0x80008aba (0x0d35) x26 0x0000000c
core   0: 0x80008abc (0x02c062b3) rem     t0, zero, a2
core   0: 3 0x80008abc (0x02c062b3) x 5 0x00000000
core   0: 0x80008ac0 (0x00079093) slli    ra, a5, 0
core   0: 3 0x80008ac0 (0x00079093) x 1 0x0000000e
core   0: 0x80008ac4 (0x011bc433) xor     s0, s7, a7
core   0: 3 0x80008ac4 (0x011bc433) x 8 0x66571a14
core   0: 0x80008ac8 (0x413c8133) sub     sp, s9, s3
core   0: 3 0x80008ac8 (0x413c8133) x 2 0x7fff119c
core   0: 0x80008acc (0x00000405) c.addi  s0, 1
core   0: 3 0x80008acc (0x0405) x 8 0x66571a15
core   0: 0x80008ace (0x4134d893) srai    a7, s1, 19
core   0: 3 0x80008ace (0x4134d893) x17 0xffffffff
core   0: 0x80008ad2 (0x0327f5b3) remu    a1, a5, s2
core   0: 3 0x80008ad2 (0x0327f5b3) x11 0x0000000e
core   0: 0x80008ad6 (0x00105333) srl     t1, zero, ra
core   0: 3 0x80008ad6 (0x00105333) x 6 0x00000000
core   0: 0x80008ada (0x00009baa) c.add   s7, a0
core   0: 3 0x80008ada (0x9baa) x23 0x66571a14
core   0: 0x80008adc (0x013eef33) or      t5, t4, s3
core   0: 3 0x80008adc (0x013eef33) x30 0x8000ee64
core   0: 0x80008ae0 (0x03d1f6b3) remu    a3, gp, t4
core   0: 3 0x80008ae0 (0x03d1f6b3) x13 0xffffffff
core   0: 0x80008ae4 (0x02f6b433) mulhu   s0, a3, a5
core   0: 3 0x80008ae4 (0x02f6b433) x 8 0x0000000d
core   0: 0x80008ae8 (0x01f8d2b3) srl     t0, a7, t6
core   0: 3 0x80008ae8 (0x01f8d2b3) x 5 0x00000003
core   0: 0x80008aec (0x00000001) c.nop
core   0: 3 0x80008aec (0x0001)
core   0: 0x80008aee (0x03c24eb3) div     t4, tp, t3
core   0: 3 0x80008aee (0x03c24eb3) x29 0x00000000
core   0: 0x80008af2 (0x03893433) mulhu   s0, s2, s8
core   0: 3 0x80008af2 (0x03893433) x 8 0x00000000
core   0: 0x80008af6 (0x00008fb9) c.xor   a5, a4
core   0: 3 0x80008af6 (0x8fb9) x15 0x0000000e
core   0: 0x80008af8 (0x0032b4b3) sltu    s1, t0, gp
core   0: 3 0x80008af8 (0x0032b4b3) x 9 0x00000001
core   0: 0x80008afc (0x40b45533) sra     a0, s0, a1
core   0: 3 0x80008afc (0x40b45533) x10 0x00000000
core   0: 0x80008b00 (0x01a98e33) add     t3, s3, s10
core   0: 3 0x80008b00 (0x01a98e33) x28 0x8000ee70
core   0: 0x80008b04 (0x02a2c233) div     tp, t0, a0
core   0: 3 0x80008b04 (0x02a2c233) x 4 0xffffffff
core   0: 0x80008b08 (0x00009b7d) c.andi  a4, -1
core   0: 3 0x80008b08 (0x9b7d) x14 0x00000000
core   0: 0x80008b0a (0x000087d2) c.mv    a5, s4
core   0: 3 0x80008b0a (0x87d2) x15 0x00000001
core   0: 0x80008b0c (0x037ea533) mulhsu  a0, t4, s7
core   0: 3 0x80008b0c (0x037ea533) x10 0x00000000
core   0: 0x80008b10 (0x00000001) c.nop
core   0: 3 0x80008b10 (0x0001)
core   0: 0x80008b12 (0x03f8e433) rem     s0, a7, t6
core   0: 3 0x80008b12 (0x03f8e433) x 8 0xffffffff
core   0: 0x80008b16 (0x00004af1) c.li    s5, 28
core   0: 3 0x80008b16 (0x4af1) x21 0x0000001c
core   0: 0x80008b18 (0x00f6f433) and     s0, a3, a5
core   0: 3 0x80008b18 (0x00f6f433) x 8 0x00000001
core   0: 0x80008b1c (0x00000001) c.nop
core   0: 3 0x80008b1c (0x0001)
core   0: 0x80008b1e (0x0f2a2b13) slti    s6, s4, 242
core   0: 3 0x80008b1e (0x0f2a2b13) x22 0x00000001
core   0: 0x80008b22 (0x01d797b3) sll     a5, a5, t4
core   0: 3 0x80008b22 (0x01d797b3) x15 0x00000001
core   0: 0x80008b26 (0x9ca11837) lui     a6, 0x9ca11
core   0: 3 0x80008b26 (0x9ca11837) x16 0x9ca11000
core   0: 0x80008b2a (0x4082d213) srai    tp, t0, 8
core   0: 3 0x80008b2a (0x4082d213) x 4 0x00000000
core   0: 0x80008b2e (0x0085e933) or      s2, a1, s0
core   0: 3 0x80008b2e (0x0085e933) x18 0x0000000f
core   0: 0x80008b32 (0x00006119) c.addi16sp sp, 384
core   0: 3 0x80008b32 (0x6119) x 2 0x7fff131c
core   0: 0x80008b34 (0x00008d65) c.and   a0, s1
core   0: 3 0x80008b34 (0x8d65) x10 0x00000000
core   0: 0x80008b36 (0x00008fa1) c.xor   a5, s0
core   0: 3 0x80008b36 (0x8fa1) x15 0x00000000
core   0: 0x80008b38 (0x00008dc1) c.or    a1, s0
core   0: 3 0x80008b38 (0x8dc1) x11 0x0000000f
core   0: 0x80008b3a (0x005fdab3) srl     s5, t6, t0
core   0: 3 0x80008b3a (0x005fdab3) x21 0x1fffffff
core   0: 0x80008b3e (0x00008719) c.srai  a4, 6
core   0: 3 0x80008b3e (0x8719) x14 0x00000000
core   0: 0x80008b40 (0x41805a13) srai    s4, zero, 24
core   0: 3 0x80008b40 (0x41805a13) x20 0x00000000
core   0: 0x80008b44 (0x401f0d33) sub     s10, t5, ra
core   0: 3 0x80008b44 (0x401f0d33) x26 0x8000ee56
core   0: 0x80008b48 (0x00000b86) c.slli  s7, 1
core   0: 3 0x80008b48 (0x0b86) x23 0xccae3428
core   0: 0x80008b4a (0x00009832) c.add   a6, a2
core   0: 3 0x80008b4a (0x9832) x16 0x9ca11000
core   0: 0x80008b4c (0x03dac333) div     t1, s5, t4
core   0: 3 0x80008b4c (0x03dac333) x 6 0xffffffff
core   0: 0x80008b50 (0x00fe1f33) sll     t5, t3, a5
core   0: 3 0x80008b50 (0x00fe1f33) x30 0x8000ee70
core   0: 0x80008b54 (0x03f9aeb3) mulhsu  t4, s3, t6
core   0: 3 0x80008b54 (0x03f9aeb3) x29 0x8000ee64
core   0: 0x80008b58 (0x021b8033) mul     zero, s7, ra
core   0: 3 0x80008b58 (0x021b8033)
core   0: 0x80008b5c (0xf5ad3313) sltiu   t1, s10, -166
core   0: 3 0x80008b5c (0xf5ad3313) x 6 0x00000001
core   0: 0x80008b60 (0x0309b8b3) mulhu   a7, s3, a6
core   0: 3 0x80008b60 (0x0309b8b3) x17 0x4e5119da
core   0: 0x80008b64 (0x000081a2) c.mv    gp, s0
core   0: 3 0x80008b64 (0x81a2) x 3 0x00000001
core   0: 0x80008b66 (0x00008db1) c.xor   a1, a2
core   0: 3 0x80008b66 (0x8db1) x11 0x0000000f
core   0: 0x80008b68 (0x000045e5) c.li    a1, 25
core   0: 3 0x80008b68 (0x45e5) x11 0x00000019
core   0: 0x80008b6a (0x0000868d) c.srai  a3, 3
core   0: 3 0x80008b6a (0x868d) x13 0xffffffff
core   0: 0x80008b6c (0x00008dc1) c.or    a1, s0
core   0: 3 0x80008b6c (0x8dc1) x11 0x00000019
core   0: 0x80008b6e (0x00008fa9) c.xor   a5, a0
core   0: 3 0x80008b6e (0x8fa9) x15 0x00000000
core   0: 0x80008b70 (0x00000faa) c.slli  t6, 10
core   0: 3 0x80008b70 (0x0faa) x31 0xfffff800
core   0: 0x80008b72 (0x01b102b3) add     t0, sp, s11
core   0: 3 0x80008b72 (0x01b102b3) x 5 0x7fff1329
core   0: 0x80008b76 (0x0000127d) c.addi  tp, -1
core   0: 3 0x80008b76 (0x127d) x 4 0xffffffff
core   0: 0x80008b78 (0x83577093) andi    ra, a4, -1995
core   0: 3 0x80008b78 (0x83577093) x 1 0x00000000
core   0: 0x80008b7c (0x96e2f013) andi    zero, t0, -1682
core   0: 3 0x80008b7c (0x96e2f013)
core   0: 0x80008b80 (0x027eaab3) mulhsu  s5, t4, t2
core   0: 3 0x80008b80 (0x027eaab3) x21 0xbfffe0c1
core   0: 0x80008b84 (0x03bb66b3) rem     a3, s6, s11
core   0: 3 0x80008b84 (0x03bb66b3) x13 0x00000001
core   0: 0x80008b88 (0x3f002193) slti    gp, zero, 1008
core   0: 3 0x80008b88 (0x3f002193) x 3 0x00000001
core   0: 0x80008b8c (0x00009a5a) c.add   s4, s6
core   0: 3 0x80008b8c (0x9a5a) x20 0x00000001
core   0: 0x80008b8e (0x0390b433) mulhu   s0, ra, s9
core   0: 3 0x80008b8e (0x0390b433) x 8 0x00000000
core   0: 0x80008b92 (0x0181fd33) and     s10, gp, s8
core   0: 3 0x80008b92 (0x0181fd33) x26 0x00000000
core   0: 0x80008b96 (0x0000717d) c.addi16sp sp, -16
core   0: 3 0x80008b96 (0x717d) x 2 0x7fff130c
core   0: 0x80008b98 (0x00008c31) c.xor   s0, a2
core   0: 3 0x80008b98 (0x8c31) x 8 0x00000000
core   0: 0x80008b9a (0x27e6d4b7) lui     s1, 0x27e6d
core   0: 3 0x80008b9a (0x27e6d4b7) x 9 0x27e6d000
core   0: 0x80008b9e (0xa1517013) andi    zero, sp, -1515
core   0: 3 0x80008b9e (0xa1517013)
core   0: 0x80008ba2 (0x039f3233) mulhu   tp, t5, s9
core   0: 3 0x80008ba2 (0x039f3233) x 4 0x00000000
core   0: 0x80008ba6 (0x00000001) c.nop
core   0: 3 0x80008ba6 (0x0001)
core   0: 0x80008ba8 (0x00006e59) c.lui   t3, 0x16
core   0: 3 0x80008ba8 (0x6e59) x28 0x00016000
core   0: 0x80008baa (0x01a5fdb3) and     s11, a1, s10
core   0: 3 0x80008baa (0x01a5fdb3) x27 0x00000000
core   0: 0x80008bae (0xce992793) slti    a5, s2, -791
core   0: 3 0x80008bae (0xce992793) x15 0x00000000
core   0: 0x80008bb2 (0x00009846) c.add   a6, a7
core   0: 3 0x80008bb2 (0x9846) x16 0xeaf229da
core   0: 0x80008bb4 (0x00ab9813) slli    a6, s7, 10
core   0: 3 0x80008bb4 (0x00ab9813) x16 0xb8d0a000
core   0: 0x80008bb8 (0x009342b3) xor     t0, t1, s1
core   0: 3 0x80008bb8 (0x009342b3) x 5 0x27e6d001
core   0: 0x80008bbc (0x409e8bb3) sub     s7, t4, s1
core   0: 3 0x80008bbc (0x409e8bb3) x23 0x581a1e64
core   0: 0x80008bc0 (0x03c7f1b3) remu    gp, a5, t3
core   0: 3 0x80008bc0 (0x03c7f1b3) x 3 0x00000000
core   0: 0x80008bc4 (0x01019693) slli    a3, gp, 16
core   0: 3 0x80008bc4 (0x01019693) x13 0x00000000
core   0: 0x80008bc8 (0x001d21b3) slt     gp, s10, ra
core   0: 3 0x80008bc8 (0x001d21b3) x 3 0x00000000
core   0: 0x80008bcc (0x00000001) c.nop
core   0: 3 0x80008bcc (0x0001)
core   0: 0x80008bce (0x00008aba) c.mv    s5, a4
core   0: 3 0x80008bce (0x8aba) x21 0x00000000
core   0: 0x80008bd0 (0x015c5033) srl     zero, s8, s5
core   0: 3 0x80008bd0 (0x015c5033)
core   0: 0x80008bd4 (0x02007433) remu    s0, zero, zero
core   0: 3 0x80008bd4 (0x02007433) x 8 0x00000000
core   0: 0x80008bd8 (0x481f6293) ori     t0, t5, 1153
core   0: 3 0x80008bd8 (0x481f6293) x 5 0x8000eef1
core   0: 0x80008bdc (0x01dddb33) srl     s6, s11, t4
core   0: 3 0x80008bdc (0x01dddb33) x22 0x00000000
core   0: 0x80008be0 (0x00004481) c.li    s1, 0
core   0: 3 0x80008be0 (0x4481) x 9 0x00000000
core   0: 0x80008be2 (0x0074e333) or      t1, s1, t2
core   0: 3 0x80008be2 (0x0074e333) x 6 0x80012ce4
core   0: 0x80008be6 (0x00006e11) c.lui   t3, 0x4
core   0: 3 0x80008be6 (0x6e11) x28 0x00004000
core   0: 0x80008be8 (0x000015fd) c.addi  a1, -1
core   0: 3 0x80008be8 (0x15fd) x11 0x00000018
core   0: 0x80008bea (0xf02c4e93) xori    t4, s8, -254
core   0: 3 0x80008bea (0xf02c4e93) x29 0xffffff02
core   0: 0x80008bee (0x02376d33) rem     s10, a4, gp
core   0: 3 0x80008bee (0x02376d33) x26 0x00000000
core   0: 0x80008bf2 (0x00008eae) c.mv    t4, a1
core   0: 3 0x80008bf2 (0x8eae) x29 0x00000018
core   0: 0x80008bf4 (0x00000001) c.nop
core   0: 3 0x80008bf4 (0x0001)
core   0: 0x80008bf6 (0x28877a37) lui     s4, 0x28877
core   0: 3 0x80008bf6 (0x28877a37) x20 0x28877000
core   0: 0x80008bfa (0x000058fd) c.li    a7, -1
core   0: 3 0x80008bfa (0x58fd) x17 0xffffffff
core   0: 0x80008bfc (0x00000001) c.nop
core   0: 3 0x80008bfc (0x0001)
core   0: 0x80008bfe (0x01732b33) slt     s6, t1, s7
core   0: 3 0x80008bfe (0x01732b33) x22 0x00000001
core   0: 0x80008c02 (0x03d9ff33) remu    t5, s3, t4
core   0: 3 0x80008c02 (0x03d9ff33) x30 0x00000004
core   0: 0x80008c06 (0x368e1697) auipc   a3, 0x368e1
core   0: 3 0x80008c06 (0x368e1697) x13 0xb68e9c06
core   0: 0x80008c0a (0x02de9d33) mulh    s10, t4, a3
core   0: 3 0x80008c0a (0x02de9d33) x26 0xfffffff9
core   0: 0x80008c0e (0x00000001) c.nop
core   0: 3 0x80008c0e (0x0001)
core   0: 0x80008c10 (0x0186e5b3) or      a1, a3, s8
core   0: 3 0x80008c10 (0x0186e5b3) x11 0xb68e9c06
core   0: 0x80008c14 (0x007b3333) sltu    t1, s6, t2
core   0: 3 0x80008c14 (0x007b3333) x 6 0x00000001
core   0: 0x80008c18 (0xff0f8e17) auipc   t3, 0xff0f8
core   0: 3 0x80008c18 (0xff0f8e17) x28 0x7f100c18
core   0: 0x80008c1c (0x00008cd9) c.or    s1, a4
core   0: 3 0x80008c1c (0x8cd9) x 9 0x00000000
core   0: 0x80008c1e (0x00008ecd) c.or    a3, a1
core   0: 3 0x80008c1e (0x8ecd) x13 0xb68e9c06
core   0: 0x80008c20 (0xc09a4093) xori    ra, s4, -1015
core   0: 3 0x80008c20 (0xc09a4093) x 1 0xd7788c09
core   0: 0x80008c24 (0x00000831) c.addi  a6, 12
core   0: 3 0x80008c24 (0x0831) x16 0xb8d0a00c
core   0: 0x80008c26 (0x901d3717) auipc   a4, 0x901d3
core   0: 3 0x80008c26 (0x901d3717) x14 0x101dbc26
core   0: 0x80008c2a (0x2945f113) andi    sp, a1, 660
core   0: 3 0x80008c2a (0x2945f113) x 2 0x00000004
core   0: 0x80008c2e (0x00ae2333) slt     t1, t3, a0
core   0: 3 0x80008c2e (0x00ae2333) x 6 0x00000000
core   0: 0x80008c32 (0x02e1f5b3) remu    a1, gp, a4
core   0: 3 0x80008c32 (0x02e1f5b3) x11 0x00000000
core   0: 0x80008c36 (0x005d9313) slli    t1, s11, 5
core   0: 3 0x80008c36 (0x005d9313) x 6 0x00000000
core   0: 0x80008c3a (0x00abf8b3) and     a7, s7, a0
core   0: 3 0x80008c3a (0x00abf8b3) x17 0x00000000
core   0: 0x80008c3e (0x00000001) c.nop
core   0: 3 0x80008c3e (0x0001)
core   0: 0x80008c40 (0x013b5093) srli    ra, s6, 19
core   0: 3 0x80008c40 (0x013b5093) x 1 0x00000000
core   0: 0x80008c44 (0x02409533) mulh    a0, ra, tp
core   0: 3 0x80008c44 (0x02409533) x10 0x00000000
core   0: 0x80008c48 (0x61b8c797) auipc   a5, 0x61b8c
core   0: 3 0x80008c48 (0x61b8c797) x15 0xe1b94c48
core   0: 0x80008c4c (0x01f11913) slli    s2, sp, 31
core   0: 3 0x80008c4c (0x01f11913) x18 0x00000000
core   0: 0x80008c50 (0x00515b93) srli    s7, sp, 5
core   0: 3 0x80008c50 (0x00515b93) x23 0x00000000
core   0: 0x80008c54 (0x44341cb7) lui     s9, 0x44341
core   0: 3 0x80008c54 (0x44341cb7) x25 0x44341000
core   0: 0x80008c58 (0x00008f11) c.sub   a4, a2
core   0: 3 0x80008c58 (0x8f11) x14 0x101dbc26
core   0: 0x80008c5a (0x13be3813) sltiu   a6, t3, 315
core   0: 3 0x80008c5a (0x13be3813) x16 0x00000000
core   0: 0x80008c5e (0x034cc733) div     a4, s9, s4
core   0: 3 0x80008c5e (0x034cc733) x14 0x00000001
core   0: 0x80008c62 (0x00008c0d) c.sub   s0, a1
core   0: 3 0x80008c62 (0x8c0d) x 8 0x00000000
core   0: 0x80008c64 (0xaa230193) addi    gp, t1, -1374
core   0: 3 0x80008c64 (0xaa230193) x 3 0xfffffaa2
core   0: 0x80008c68 (0x00008dc1) c.or    a1, s0
core   0: 3 0x80008c68 (0x8dc1) x11 0x00000000
core   0: 0x80008c6a (0x29c2a213) slti    tp, t0, 668
core   0: 3 0x80008c6a (0x29c2a213) x 4 0x00000001
core   0: 0x80008c6e (0x00387cb3) and     s9, a6, gp
core   0: 3 0x80008c6e (0x00387cb3) x25 0x00000000
core   0: 0x80008c72 (0x00008049) c.srli  s0, 18
core   0: 3 0x80008c72 (0x8049) x 8 0x00000000
core   0: 0x80008c74 (0x0000693d) c.lui   s2, 0xf
core   0: 3 0x80008c74 (0x693d) x18 0x0000f000
core   0: 0x80008c76 (0x000082c5) c.srli  a3, 17
core   0: 3 0x80008c76 (0x82c5) x13 0x00005b47
core   0: 0x80008c78 (0x0df82a17) auipc   s4, 0xdf82
core   0: 3 0x80008c78 (0x0df82a17) x20 0x8df8ac78
core   0: 0x80008c7c (0x000087e9) c.srai  a5, 26
core   0: 3 0x80008c7c (0x87e9) x15 0xfffffff8
core   0: 0x80008c7e (0xc7f1bb13) sltiu   s6, gp, -897
core   0: 3 0x80008c7e (0xc7f1bb13) x22 0x00000001
core   0: 0x80008c82 (0x03f536b3) mulhu   a3, a0, t6
core   0: 3 0x80008c82 (0x03f536b3) x13 0x00000000
core   0: 0x80008c86 (0x009cfe33) and     t3, s9, s1
core   0: 3 0x80008c86 (0x009cfe33) x28 0x00000000
core   0: 0x80008c8a (0x00008b59) c.andi  a4, 22
core   0: 3 0x80008c8a (0x8b59) x14 0x00000000
core   0: 0x80008c8c (0x138ccb17) auipc   s6, 0x138cc
core   0: 3 0x80008c8c (0x138ccb17) x22 0x938d4c8c
core   0: 0x80008c90 (0x03450733) mul     a4, a0, s4
core   0: 3 0x80008c90 (0x03450733) x14 0x00000000
core   0: 0x80008c94 (0x0173ebb3) or      s7, t2, s7
core   0: 3 0x80008c94 (0x0173ebb3) x23 0x80012ce4
core   0: 0x80008c98 (0xbfaac517) auipc   a0, 0xbfaac
core   0: 3 0x80008c98 (0xbfaac517) x10 0x3fab4c98
core   0: 0x80008c9c (0x00006161) c.addi16sp sp, 80
core   0: 3 0x80008c9c (0x6161) x 2 0x00000054
core   0: 0x80008c9e (0x031d9e33) mulh    t3, s11, a7
core   0: 3 0x80008c9e (0x031d9e33) x28 0x00000000
core   0: 0x80008ca2 (0x000080b9) c.srli  s1, 14
core   0: 3 0x80008ca2 (0x80b9) x 9 0x00000000
core   0: 0x80008ca4 (0x03c83233) mulhu   tp, a6, t3
core   0: 3 0x80008ca4 (0x03c83233) x 4 0x00000000
core   0: 0x80008ca8 (0x00d8ab33) slt     s6, a7, a3
core   0: 3 0x80008ca8 (0x00d8ab33) x22 0x00000000
core   0: 0x80008cac (0x03b5c533) div     a0, a1, s11
core   0: 3 0x80008cac (0x03b5c533) x10 0xffffffff
core   0: 0x80008cb0 (0x00004681) c.li    a3, 0
core   0: 3 0x80008cb0 (0x4681) x13 0x00000000
core   0: 0x80008cb2 (0x8eb7af37) lui     t5, 0x8eb7a
core   0: 3 0x80008cb2 (0x8eb7af37) x30 0x8eb7a000
core   0: 0x80008cb6 (0x5baf0f13) addi    t5, t5, 1466
core   0: 3 0x80008cb6 (0x5baf0f13) x30 0x8eb7a5ba
core   0: 0x80008cba (0x80000c37) lui     s8, 0x80000
core   0: 3 0x80008cba (0x80000c37) x24 0x80000000
core   0: 0x80008cbe (0x00004401) c.li    s0, 0
core   0: 3 0x80008cbe (0x4401) x 8 0x00000000
core   0: 0x80008cc0 (0xfff00513) li      a0, -1
core   0: 3 0x80008cc0 (0xfff00513) x10 0xffffffff
core   0: 0x80008cc4 (0x00004581) c.li    a1, 0
core   0: 3 0x80008cc4 (0x4581) x11 0x00000000
core   0: 0x80008cc6 (0x8f67fb37) lui     s6, 0x8f67f
core   0: 3 0x80008cc6 (0x8f67fb37) x22 0x8f67f000
core   0: 0x80008cca (0xcc1b0b13) addi    s6, s6, -831
core   0: 3 0x80008cca (0xcc1b0b13) x22 0x8f67ecc1
core   0: 0x80008cce (0x80000e37) lui     t3, 0x80000
core   0: 3 0x80008cce (0x80000e37) x28 0x80000000
core   0: 0x80008cd2 (0x00004781) c.li    a5, 0
core   0: 3 0x80008cd2 (0x4781) x15 0x00000000
core   0: 0x80008cd4 (0x00004281) c.li    t0, 0
core   0: 3 0x80008cd4 (0x4281) x 5 0x00000000
core   0: 0x80008cd6 (0xb160ab37) lui     s6, 0xb160a
core   0: 3 0x80008cd6 (0xb160ab37) x22 0xb160a000
core   0: 0x80008cda (0x025422b3) mulhsu  t0, s0, t0
core   0: 3 0x80008cda (0x025422b3) x 5 0x00000000
core   0: 0x80008cde (0x02d586b3) mul     a3, a1, a3
core   0: 3 0x80008cde (0x02d586b3) x13 0x00000000
core   0: 0x80008ce2 (0x038c02b3) mul     t0, s8, s8
core   0: 3 0x80008ce2 (0x038c02b3) x 5 0x00000000
core   0: 0x80008ce6 (0x038b32b3) mulhu   t0, s6, s8
core   0: 3 0x80008ce6 (0x038b32b3) x 5 0x58b05000
core   0: 0x80008cea (0x00828e33) add     t3, t0, s0
core   0: 3 0x80008cea (0x00828e33) x28 0x58b05000
core   0: 0x80008cee (0x0257dc33) divu    s8, a5, t0
core   0: 3 0x80008cee (0x0257dc33) x24 0x00000000
core   0: 0x80008cf2 (0x00b78433) add     s0, a5, a1
core   0: 3 0x80008cf2 (0x00b78433) x 8 0x00000000
core   0: 0x80008cf6 (0x02f55f33) divu    t5, a0, a5
core   0: 3 0x80008cf6 (0x02f55f33) x30 0xffffffff
core   0: 0x80008cfa (0x03629b33) mulh    s6, t0, s6
core   0: 3 0x80008cfa (0x03629b33) x22 0xe4c310dc
core   0: 0x80008cfe (0x0362c2b3) div     t0, t0, s6
core   0: 3 0x80008cfe (0x0362c2b3) x 5 0xfffffffd
core   0: 0x80008d02 (0x01e287b3) add     a5, t0, t5
core   0: 3 0x80008d02 (0x01e287b3) x15 0xfffffffc
core   0: 0x80008d06 (0x03ce4533) div     a0, t3, t3
core   0: 3 0x80008d06 (0x03ce4533) x10 0x00000001
core   0: 0x80008d0a (0x00000001) c.nop
core   0: 3 0x80008d0a (0x0001)
core   0: 0x80008d0c (0x03e45533) divu    a0, s0, t5
core   0: 3 0x80008d0c (0x03e45533) x10 0x00000000
core   0: 0x80008d10 (0xe13bdb37) lui     s6, 0xe13bd
core   0: 3 0x80008d10 (0xe13bdb37) x22 0xe13bd000
core   0: 0x80008d14 (0x55a65c17) auipc   s8, 0x55a65
core   0: 3 0x80008d14 (0x55a65c17) x24 0xd5a6dd14
core   0: 0x80008d18 (0x7e964697) auipc   a3, 0x7e964
core   0: 3 0x80008d18 (0x7e964697) x13 0xfe96cd18
core   0: 0x80008d1c (0x03c5e5b3) rem     a1, a1, t3
core   0: 3 0x80008d1c (0x03c5e5b3) x11 0x00000000
core   0: 0x80008d20 (0x03fc5c37) lui     s8, 0x3fc5
core   0: 3 0x80008d20 (0x03fc5c37) x24 0x03fc5000
core   0: 0x80008d24 (0x0365f6b3) remu    a3, a1, s6
core   0: 3 0x80008d24 (0x0365f6b3) x13 0x00000000
core   0: 0x80008d28 (0x01ef07b3) add     a5, t5, t5
core   0: 3 0x80008d28 (0x01ef07b3) x15 0xfffffffe
core   0: 0x80008d2c (0xd7bfac17) auipc   s8, 0xd7bfa
core   0: 3 0x80008d2c (0xd7bfac17) x24 0x57c02d2c
core   0: 0x80008d30 (0x40a28533) sub     a0, t0, a0
core   0: 3 0x80008d30 (0x40a28533) x10 0xfffffffd
core   0: 0x80008d34 (0x40fe0e33) sub     t3, t3, a5
core   0: 3 0x80008d34 (0x40fe0e33) x28 0x58b05002
core   0: 0x80008d38 (0x025c0c33) mul     s8, s8, t0
core   0: 3 0x80008d38 (0x025c0c33) x24 0xf8bf787c
core   0: 0x80008d3c (0x1b178b13) addi    s6, a5, 433
core   0: 3 0x80008d3c (0x1b178b13) x22 0x000001af
core   0: 0x80008d40 (0x00000001) c.nop
core   0: 3 0x80008d40 (0x0001)
core   0: 0x80008d42 (0x03eda133) mulhsu  sp, s11, t5
core   0: 3 0x80008d42 (0x03eda133) x 2 0x00000000
core   0: 0x80008d46 (0x00000980) c.addi4spn s0, sp, 208
core   0: 3 0x80008d46 (0x0980) x 8 0x000000d0
core   0: 0x80008d48 (0x0000157d) c.addi  a0, -1
core   0: 3 0x80008d48 (0x157d) x10 0xfffffffc
core   0: 0x80008d4a (0x00008816) c.mv    a6, t0
core   0: 3 0x80008d4a (0x8816) x16 0xfffffffd
core   0: 0x80008d4c (0x00bb8733) add     a4, s7, a1
core   0: 3 0x80008d4c (0x00bb8733) x14 0x80012ce4
core   0: 0x80008d50 (0x0000717d) c.addi16sp sp, -16
core   0: 3 0x80008d50 (0x717d) x 2 0xfffffff0
core   0: 0x80008d52 (0x00000001) c.nop
core   0: 3 0x80008d52 (0x0001)
core   0: 0x80008d54 (0x00008ea9) c.xor   a3, a0
core   0: 3 0x80008d54 (0x8ea9) x13 0xfffffffc
core   0: 0x80008d56 (0x8548ecb7) lui     s9, 0x8548e
core   0: 3 0x80008d56 (0x8548ecb7) x25 0x8548e000
core   0: 0x80008d5a (0x41d75d33) sra     s10, a4, t4
core   0: 3 0x80008d5a (0x41d75d33) x26 0xffffff80
core   0: 0x80008d5e (0x502c0213) addi    tp, s8, 1282
core   0: 3 0x80008d5e (0x502c0213) x 4 0xf8bf7d7e
core   0: 0x80008d62 (0x00009bb6) c.add   s7, a3
core   0: 3 0x80008d62 (0x9bb6) x23 0x80012ce0
core   0: 0x80008d64 (0x02654a33) div     s4, a0, t1
core   0: 3 0x80008d64 (0x02654a33) x20 0xffffffff
core   0: 0x80008d68 (0x02f8a8b3) mulhsu  a7, a7, a5
core   0: 3 0x80008d68 (0x02f8a8b3) x17 0x00000000
core   0: 0x80008d6c (0x026c34b3) mulhu   s1, s8, t1
core   0: 3 0x80008d6c (0x026c34b3) x 9 0x00000000
core   0: 0x80008d70 (0x41f9d333) sra     t1, s3, t6
core   0: 3 0x80008d70 (0x41f9d333) x 6 0x8000ee64
core   0: 0x80008d74 (0x000083fd) c.srli  a5, 31
core   0: 3 0x80008d74 (0x83fd) x15 0x00000001
core   0: 0x80008d76 (0x0000187d) c.addi  a6, -1
core   0: 3 0x80008d76 (0x187d) x16 0xfffffffc
core   0: 0x80008d78 (0x01d81713) slli    a4, a6, 29
core   0: 3 0x80008d78 (0x01d81713) x14 0x80000000
core   0: 0x80008d7c (0x013e3f33) sltu    t5, t3, s3
core   0: 3 0x80008d7c (0x013e3f33) x30 0x00000001
core   0: 0x80008d80 (0x00001808) c.addi4spn a0, sp, 48
core   0: 3 0x80008d80 (0x1808) x10 0x00000020
core   0: 0x80008d82 (0x2b164b97) auipc   s7, 0x2b164
core   0: 3 0x80008d82 (0x2b164b97) x23 0xab16cd82
core   0: 0x80008d86 (0x01f996b3) sll     a3, s3, t6
core   0: 3 0x80008d86 (0x01f996b3) x13 0x8000ee64
core   0: 0x80008d8a (0x00008d79) c.and   a0, a4
core   0: 3 0x80008d8a (0x8d79) x10 0x00000000
core   0: 0x80008d8c (0x54137293) andi    t0, t1, 1345
core   0: 3 0x80008d8c (0x54137293) x 5 0x00000440
core   0: 0x80008d90 (0x00008fbd) c.xor   a5, a5
core   0: 3 0x80008d90 (0x8fbd) x15 0x00000000
core   0: 0x80008d92 (0x00000001) c.nop
core   0: 3 0x80008d92 (0x0001)
core   0: 0x80008d94 (0x00a3f033) and     zero, t2, a0
core   0: 3 0x80008d94 (0x00a3f033)
core   0: 0x80008d98 (0xfff00e93) li      t4, -1
core   0: 3 0x80008d98 (0xfff00e93) x29 0xffffffff
core   0: 0x80008d9c (0x80000937) lui     s2, 0x80000
core   0: 3 0x80008d9c (0x80000937) x18 0x80000000
core   0: 0x80008da0 (0x42a6f1b7) lui     gp, 0x42a6f
core   0: 3 0x80008da0 (0x42a6f1b7) x 3 0x42a6f000
core   0: 0x80008da4 (0xb1d18193) addi    gp, gp, -1251
core   0: 3 0x80008da4 (0xb1d18193) x 3 0x42a6eb1d
core   0: 0x80008da8 (0xfff00593) li      a1, -1
core   0: 3 0x80008da8 (0xfff00593) x11 0xffffffff
core   0: 0x80008dac (0xfff00d13) li      s10, -1
core   0: 3 0x80008dac (0xfff00d13) x26 0xffffffff
core   0: 0x80008db0 (0x00004101) c.li    sp, 0
core   0: 3 0x80008db0 (0x4101) x 2 0x00000000
core   0: 0x80008db2 (0xeee70537) lui     a0, 0xeee70
core   0: 3 0x80008db2 (0xeee70537) x10 0xeee70000
core   0: 0x80008db6 (0x49050513) addi    a0, a0, 1168
core   0: 3 0x80008db6 (0x49050513) x10 0xeee70490
core   0: 0x80008dba (0x15f04437) lui     s0, 0x15f04
core   0: 3 0x80008dba (0x15f04437) x 8 0x15f04000
core   0: 0x80008dbe (0x8a340413) addi    s0, s0, -1885
core   0: 3 0x80008dbe (0x8a340413) x 8 0x15f038a3
core   0: 0x80008dc2 (0x800000b7) lui     ra, 0x80000
core   0: 3 0x80008dc2 (0x800000b7) x 1 0x80000000
core   0: 0x80008dc6 (0x5d9aef37) lui     t5, 0x5d9ae
core   0: 3 0x80008dc6 (0x5d9aef37) x30 0x5d9ae000
core   0: 0x80008dca (0x8d2f0f13) addi    t5, t5, -1838
core   0: 3 0x80008dca (0x8d2f0f13) x30 0x5d9ad8d2
core   0: 0x80008dce (0x0220d0b3) divu    ra, ra, sp
core   0: 3 0x80008dce (0x0220d0b3) x 1 0xffffffff
core   0: 0x80008dd2 (0x0231feb3) remu    t4, gp, gp
core   0: 3 0x80008dd2 (0x0231feb3) x29 0x00000000
core   0: 0x80008dd6 (0x03aeb433) mulhu   s0, t4, s10
core   0: 3 0x80008dd6 (0x03aeb433) x 8 0x00000000
core   0: 0x80008dda (0x03ee90b3) mulh    ra, t4, t5
core   0: 3 0x80008dda (0x03ee90b3) x 1 0x00000000
core   0: 0x80008dde (0x03d47d33) remu    s10, s0, t4
core   0: 3 0x80008dde (0x03d47d33) x26 0x00000000
core   0: 0x80008de2 (0x028d20b3) mulhsu  ra, s10, s0
core   0: 3 0x80008de2 (0x028d20b3) x 1 0x00000000
core   0: 0x80008de6 (0x03d1beb3) mulhu   t4, gp, t4
core   0: 3 0x80008de6 (0x03d1beb3) x29 0x00000000
core   0: 0x80008dea (0x03244f33) div     t5, s0, s2
core   0: 3 0x80008dea (0x03244f33) x30 0x00000000
core   0: 0x80008dee (0x028595b3) mulh    a1, a1, s0
core   0: 3 0x80008dee (0x028595b3) x11 0x00000000
core   0: 0x80008df2 (0x03dd15b3) mulh    a1, s10, t4
core   0: 3 0x80008df2 (0x03dd15b3) x11 0x00000000
core   0: 0x80008df6 (0x03d1e433) rem     s0, gp, t4
core   0: 3 0x80008df6 (0x03d1e433) x 8 0x42a6eb1d
core   0: 0x80008dfa (0x0321df33) divu    t5, gp, s2
core   0: 3 0x80008dfa (0x0321df33) x30 0x00000000
core   0: 0x80008dfe (0x02390eb3) mul     t4, s2, gp
core   0: 3 0x80008dfe (0x02390eb3) x29 0x80000000
core   0: 0x80008e02 (0x023f00b3) mul     ra, t5, gp
core   0: 3 0x80008e02 (0x023f00b3) x 1 0x00000000
core   0: 0x80008e06 (0x03e46d33) rem     s10, s0, t5
core   0: 3 0x80008e06 (0x03e46d33) x26 0x42a6eb1d
core   0: 0x80008e0a (0x00000001) c.nop
core   0: 3 0x80008e0a (0x0001)
core   0: 0x80008e0c (0x9e7dbf17) auipc   t5, 0x9e7db
core   0: 3 0x80008e0c (0x9e7dbf17) x30 0x1e7e3e0c
core   0: 0x80008e10 (0x22c4f437) lui     s0, 0x22c4f
core   0: 3 0x80008e10 (0x22c4f437) x 8 0x22c4f000
core   0: 0x80008e14 (0x70540093) addi    ra, s0, 1797
core   0: 3 0x80008e14 (0x70540093) x 1 0x22c4f705
core   0: 0x80008e18 (0x00000001) c.nop
core   0: 3 0x80008e18 (0x0001)
core   0: 0x80008e1a (0x41de8eb3) sub     t4, t4, t4
core   0: 3 0x80008e1a (0x41de8eb3) x29 0x00000000
core   0: 0x80008e1e (0x03dec0b3) div     ra, t4, t4
core   0: 3 0x80008e1e (0x03dec0b3) x 1 0xffffffff
core   0: 0x80008e22 (0x03e41133) mulh    sp, s0, t5
core   0: 3 0x80008e22 (0x03e41133) x 2 0x0424397b
core   0: 0x80008e26 (0x01d105b3) add     a1, sp, t4
core   0: 3 0x80008e26 (0x01d105b3) x11 0x0424397b
core   0: 0x80008e2a (0x40af0f33) sub     t5, t5, a0
core   0: 3 0x80008e2a (0x40af0f33) x30 0x2f97397c
core   0: 0x80008e2e (0x02295533) divu    a0, s2, sp
core   0: 3 0x80008e2e (0x02295533) x10 0x0000001e
core   0: 0x80008e32 (0x022e91b3) mulh    gp, t4, sp
core   0: 3 0x80008e32 (0x022e91b3) x 3 0x00000000
core   0: 0x80008e36 (0x41e40433) sub     s0, s0, t5
core   0: 3 0x80008e36 (0x41e40433) x 8 0xf32db684
core   0: 0x80008e3a (0xe16a2d93) slti    s11, s4, -490
core   0: 3 0x80008e3a (0xe16a2d93) x27 0x00000000
core   0: 0x80008e3e (0x40b10eb3) sub     t4, sp, a1
core   0: 3 0x80008e3e (0x40b10eb3) x29 0x00000000
core   0: 0x80008e42 (0x40795513) srai    a0, s2, 7
core   0: 3 0x80008e42 (0x40795513) x10 0xff000000
core   0: 0x80008e46 (0x00000001) c.nop
core   0: 3 0x80008e46 (0x0001)
core   0: 0x80008e48 (0x416401b3) sub     gp, s0, s6
core   0: 3 0x80008e48 (0x416401b3) x 3 0xf32db4d5
core   0: 0x80008e4c (0x000086ad) c.srai  a3, 11
core   0: 3 0x80008e4c (0x86ad) x13 0xfff0001d
core   0: 0x80008e4e (0x02150133) mul     sp, a0, ra
core   0: 3 0x80008e4e (0x02150133) x 2 0x01000000
core   0: 0x80008e52 (0x02ef6cb3) rem     s9, t5, a4
core   0: 3 0x80008e52 (0x02ef6cb3) x25 0x2f97397c
core   0: 0x80008e56 (0x00000942) c.slli  s2, 16
core   0: 3 0x80008e56 (0x0942) x18 0x00000000
core   0: 0x80008e58 (0x11a83b93) sltiu   s7, a6, 282
core   0: 3 0x80008e58 (0x11a83b93) x23 0x00000000
core   0: 0x80008e5c (0x03036db3) rem     s11, t1, a6
core   0: 3 0x80008e5c (0x03036db3) x27 0x00000000
core   0: 0x80008e60 (0x00008955) c.andi  a0, 21
core   0: 3 0x80008e60 (0x8955) x10 0x00000000
core   0: 0x80008e62 (0x022c7c33) remu    s8, s8, sp
core   0: 3 0x80008e62 (0x022c7c33) x24 0x00bf787c
core   0: 0x80008e66 (0x0000651d) c.lui   a0, 0x7
core   0: 3 0x80008e66 (0x651d) x10 0x00007000
core   0: 0x80008e68 (0x74e7b813) sltiu   a6, a5, 1870
core   0: 3 0x80008e68 (0x74e7b813) x16 0x00000001
core   0: 0x80008e6c (0x03a961b3) rem     gp, s2, s10
core   0: 3 0x80008e6c (0x03a961b3) x 3 0x00000000
core   0: 0x80008e70 (0x00006525) c.lui   a0, 0x9
core   0: 3 0x80008e70 (0x6525) x10 0x00009000
core   0: 0x80008e72 (0x02cb32b3) mulhu   t0, s6, a2
core   0: 3 0x80008e72 (0x02cb32b3) x 5 0x00000000
core   0: 0x80008e76 (0x03ba04b3) mul     s1, s4, s11
core   0: 3 0x80008e76 (0x03ba04b3) x 9 0x00000000
core   0: 0x80008e7a (0xde730213) addi    tp, t1, -537
core   0: 3 0x80008e7a (0xde730213) x 4 0x8000ec4b
core   0: 0x80008e7e (0x03b30eb3) mul     t4, t1, s11
core   0: 3 0x80008e7e (0x03b30eb3) x29 0x00000000
core   0: 0x80008e82 (0xd5cc5817) auipc   a6, 0xd5cc5
core   0: 3 0x80008e82 (0xd5cc5817) x16 0x55ccde82
core   0: 0x80008e86 (0x024afdb3) remu    s11, s5, tp
core   0: 3 0x80008e86 (0x024afdb3) x27 0x00000000
core   0: 0x80008e8a (0x00008dd6) c.mv    s11, s5
core   0: 3 0x80008e8a (0x8dd6) x27 0x00000000
core   0: 0x80008e8c (0x00008ced) c.and   s1, a1
core   0: 3 0x80008e8c (0x8ced) x 9 0x00000000
core   0: 0x80008e8e (0x0376b6b3) mulhu   a3, a3, s7
core   0: 3 0x80008e8e (0x0376b6b3) x13 0x00000000
core   0: 0x80008e92 (0x418b5433) sra     s0, s6, s8
core   0: 3 0x80008e92 (0x418b5433) x 8 0x00000000
core   0: 0x80008e96 (0x0000096e) c.slli  s2, 27
core   0: 3 0x80008e96 (0x096e) x18 0x00000000
core   0: 0x80008e98 (0x00a50333) add     t1, a0, a0
core   0: 3 0x80008e98 (0x00a50333) x 6 0x00012000
core   0: 0x80008e9c (0x017ab233) sltu    tp, s5, s7
core   0: 3 0x80008e9c (0x017ab233) x 4 0x00000000
core   0: 0x80008ea0 (0x010ad433) srl     s0, s5, a6
core   0: 3 0x80008ea0 (0x010ad433) x 8 0x00000000
core   0: 0x80008ea4 (0x019d2333) slt     t1, s10, s9
core   0: 3 0x80008ea4 (0x019d2333) x 6 0x00000000
core   0: 0x80008ea8 (0x008304b3) add     s1, t1, s0
core   0: 3 0x80008ea8 (0x008304b3) x 9 0x00000000
core   0: 0x80008eac (0x00008ced) c.and   s1, a1
core   0: 3 0x80008eac (0x8ced) x 9 0x00000000
core   0: 0x80008eae (0x00000001) c.nop
core   0: 3 0x80008eae (0x0001)
core   0: 0x80008eb0 (0xef923713) sltiu   a4, tp, -263
core   0: 3 0x80008eb0 (0xef923713) x14 0x00000001
core   0: 0x80008eb4 (0x037f4133) div     sp, t5, s7
core   0: 3 0x80008eb4 (0x037f4133) x 2 0xffffffff
core   0: 0x80008eb8 (0x0274fbb3) remu    s7, s1, t2
core   0: 3 0x80008eb8 (0x0274fbb3) x23 0x00000000
core   0: 0x80008ebc (0x00001388) c.addi4spn a0, sp, 480
core   0: 3 0x80008ebc (0x1388) x10 0x000001df
core   0: 0x80008ebe (0x004a9e93) slli    t4, s5, 4
core   0: 3 0x80008ebe (0x004a9e93) x29 0x00000000
core   0: 0x80008ec2 (0x0275acb3) mulhsu  s9, a1, t2
core   0: 3 0x80008ec2 (0x0275acb3) x25 0x0212219b
core   0: 0x80008ec6 (0x03d55533) divu    a0, a0, t4
core   0: 3 0x80008ec6 (0x03d55533) x10 0xffffffff
core   0: 0x80008eca (0x00821713) slli    a4, tp, 8
core   0: 3 0x80008eca (0x00821713) x14 0x00000000
core   0: 0x80008ece (0xae3e2d93) slti    s11, t3, -1309
core   0: 3 0x80008ece (0xae3e2d93) x27 0x00000000
core   0: 0x80008ed2 (0x411b5933) sra     s2, s6, a7
core   0: 3 0x80008ed2 (0x411b5933) x18 0x000001af
core   0: 0x80008ed6 (0x002e6d33) or      s10, t3, sp
core   0: 3 0x80008ed6 (0x002e6d33) x26 0xffffffff
core   0: 0x80008eda (0x00005f7d) c.li    t5, -1
core   0: 3 0x80008eda (0x5f7d) x30 0xffffffff
core   0: 0x80008edc (0xde187a93) andi    s5, a6, -543
core   0: 3 0x80008edc (0xde187a93) x21 0x55ccdc80
core   0: 0x80008ee0 (0x01a16233) or      tp, sp, s10
core   0: 3 0x80008ee0 (0x01a16233) x 4 0xffffffff
core   0: 0x80008ee4 (0x00008b15) c.andi  a4, 5
core   0: 3 0x80008ee4 (0x8b15) x14 0x00000000
core   0: 0x80008ee6 (0x0000980e) c.add   a6, gp
core   0: 3 0x80008ee6 (0x980e) x16 0x55ccde82
core   0: 0x80008ee8 (0x41f50db3) sub     s11, a0, t6
core   0: 3 0x80008ee8 (0x41f50db3) x27 0x000007ff
core   0: 0x80008eec (0x00001b88) c.addi4spn a0, sp, 496
core   0: 3 0x80008eec (0x1b88) x10 0x000001ef
core   0: 0x80008eee (0x01ba1d33) sll     s10, s4, s11
core   0: 3 0x80008eee (0x01ba1d33) x26 0x80000000
core   0: 0x80008ef2 (0x4039db93) srai    s7, s3, 3
core   0: 3 0x80008ef2 (0x4039db93) x23 0xf0001dcc
core   0: 0x80008ef6 (0x1547ed93) ori     s11, a5, 340
core   0: 3 0x80008ef6 (0x1547ed93) x27 0x00000154
core   0: 0x80008efa (0x02cae033) rem     zero, s5, a2
core   0: 3 0x80008efa (0x02cae033)
core   0: 0x80008efe (0x03acb4b3) mulhu   s1, s9, s10
core   0: 3 0x80008efe (0x03acb4b3) x 9 0x010910cd
core   0: 0x80008f02 (0x5a372293) slti    t0, a4, 1443
core   0: 3 0x80008f02 (0x5a372293) x 5 0x00000001
core   0: 0x80008f06 (0x00fb05b3) add     a1, s6, a5
core   0: 3 0x80008f06 (0x00fb05b3) x11 0x000001af
core   0: 0x80008f0a (0x02fc4433) div     s0, s8, a5
core   0: 3 0x80008f0a (0x02fc4433) x 8 0xffffffff
core   0: 0x80008f0e (0x9bc40913) addi    s2, s0, -1604
core   0: 3 0x80008f0e (0x9bc40913) x18 0xfffff9bb
core   0: 0x80008f12 (0x00006429) c.lui   s0, 0xa
core   0: 3 0x80008f12 (0x6429) x 8 0x0000a000
core   0: 0x80008f14 (0x000089b9) c.andi  a1, 14
core   0: 3 0x80008f14 (0x89b9) x11 0x0000000e
core   0: 0x80008f16 (0x00000001) c.nop
core   0: 3 0x80008f16 (0x0001)
core   0: 0x80008f18 (0x02ebb4b3) mulhu   s1, s7, a4
core   0: 3 0x80008f18 (0x02ebb4b3) x 9 0x00000000
core   0: 0x80008f1c (0x0000117d) c.addi  sp, -1
core   0: 3 0x80008f1c (0x117d) x 2 0xfffffffe
core   0: 0x80008f1e (0x00fd6e33) or      t3, s10, a5
core   0: 3 0x80008f1e (0x00fd6e33) x28 0x80000000
core   0: 0x80008f22 (0x03e02ab3) mulhsu  s5, zero, t5
core   0: 3 0x80008f22 (0x03e02ab3) x21 0x00000000
core   0: 0x80008f26 (0x00008e9d) c.sub   a3, a5
core   0: 3 0x80008f26 (0x8e9d) x13 0x00000000
core   0: 0x80008f28 (0x00008fe1) c.and   a5, s0
core   0: 3 0x80008f28 (0x8fe1) x15 0x00000000
core   0: 0x80008f2a (0x030231b3) mulhu   gp, tp, a6
core   0: 3 0x80008f2a (0x030231b3) x 3 0x55ccde81
core   0: 0x80008f2e (0xb7719797) auipc   a5, 0xb7719
core   0: 3 0x80008f2e (0xb7719797) x15 0x37721f2e
core   0: 0x80008f32 (0x037b25b3) mulhsu  a1, s6, s7
core   0: 3 0x80008f32 (0x037b25b3) x11 0x00000194
core   0: 0x80008f36 (0x00008419) c.srai  s0, 6
core   0: 3 0x80008f36 (0x8419) x 8 0x00000280
core   0: 0x80008f38 (0x000008e9) c.addi  a7, 26
core   0: 3 0x80008f38 (0x08e9) x17 0x0000001a
core   0: 0x80008f3a (0x0000997d) c.andi  a0, -1
core   0: 3 0x80008f3a (0x997d) x10 0x000001ef
core   0: 0x80008f3c (0x00000001) c.nop
core   0: 3 0x80008f3c (0x0001)
core   0: 0x80008f3e (0x1efc3213) sltiu   tp, s8, 495
core   0: 3 0x80008f3e (0x1efc3213) x 4 0x00000000
core   0: 0x80008f42 (0x00000001) c.nop
core   0: 3 0x80008f42 (0x0001)
core   0: 0x80008f44 (0x01a450b3) srl     ra, s0, s10
core   0: 3 0x80008f44 (0x01a450b3) x 1 0x00000280
core   0: 0x80008f48 (0x019f08b3) add     a7, t5, s9
core   0: 3 0x80008f48 (0x019f08b3) x17 0x0212219a
core   0: 0x80008f4c (0x244bc693) xori    a3, s7, 580
core   0: 3 0x80008f4c (0x244bc693) x13 0xf0001f88
core   0: 0x80008f50 (0x029867b3) rem     a5, a6, s1
core   0: 3 0x80008f50 (0x029867b3) x15 0x55ccde82
core   0: 0x80008f54 (0x00008a3e) c.mv    s4, a5
core   0: 3 0x80008f54 (0x8a3e) x20 0x55ccde82
core   0: 0x80008f56 (0x5fcc7013) andi    zero, s8, 1532
core   0: 3 0x80008f56 (0x5fcc7013)
core   0: 0x80008f5a (0x0000948e) c.add   s1, gp
core   0: 3 0x80008f5a (0x948e) x 9 0x55ccde81
core   0: 0x80008f5c (0x25a23c13) sltiu   s8, tp, 602
core   0: 3 0x80008f5c (0x25a23c13) x24 0x00000001
core   0: 0x80008f60 (0x401e5713) srai    a4, t3, 1
core   0: 3 0x80008f60 (0x401e5713) x14 0xc0000000
core   0: 0x80008f64 (0x00008892) c.mv    a7, tp
core   0: 3 0x80008f64 (0x8892) x17 0x00000000
core   0: 0x80008f66 (0x001d3433) sltu    s0, s10, ra
core   0: 3 0x80008f66 (0x001d3433) x 8 0x00000000
core   0: 0x80008f6a (0x00009b7d) c.andi  a4, -1
core   0: 3 0x80008f6a (0x9b7d) x14 0xc0000000
core   0: 0x80008f6c (0x0000197d) c.addi  s2, -1
core   0: 3 0x80008f6c (0x197d) x18 0xfffff9ba
core   0: 0x80008f6e (0x40b95813) srai    a6, s2, 11
core   0: 3 0x80008f6e (0x40b95813) x16 0xffffffff
core   0: 0x80008f72 (0x02da3a33) mulhu   s4, s4, a3
core   0: 3 0x80008f72 (0x02da3a33) x20 0x50701b2b
core   0: 0x80008f76 (0x00008ec5) c.or    a3, s1
core   0: 3 0x80008f76 (0x8ec5) x13 0xf5ccdf89
core   0: 0x80008f78 (0x0000987d) c.andi  s0, -1
core   0: 3 0x80008f78 (0x987d) x 8 0x00000000
core   0: 0x80008f7a (0x00e07333) and     t1, zero, a4
core   0: 3 0x80008f7a (0x00e07333) x 6 0x00000000
core   0: 0x80008f7e (0x035ac4b3) div     s1, s5, s5
core   0: 3 0x80008f7e (0x035ac4b3) x 9 0xffffffff
core   0: 0x80008f82 (0x000004fd) c.addi  s1, 31
core   0: 3 0x80008f82 (0x04fd) x 9 0x0000001e
core   0: 0x80008f84 (0x99b73f13) sltiu   t5, a4, -1637
core   0: 3 0x80008f84 (0x99b73f13) x30 0x00000001
core   0: 0x80008f88 (0x408c0e33) sub     t3, s8, s0
core   0: 3 0x80008f88 (0x408c0e33) x28 0x00000001
core   0: 0x80008f8c (0x00008759) c.srai  a4, 22
core   0: 3 0x80008f8c (0x8759) x14 0xffffff00
core   0: 0x80008f8e (0x03884233) div     tp, a6, s8
core   0: 3 0x80008f8e (0x03884233) x 4 0xffffffff
core   0: 0x80008f92 (0x0000614d) c.addi16sp sp, 176
core   0: 3 0x80008f92 (0x614d) x 2 0x000000ae
core   0: 0x80008f94 (0x00008da5) c.xor   a1, s1
core   0: 3 0x80008f94 (0x8da5) x11 0x0000018a
core   0: 0x80008f96 (0xbd798f97) auipc   t6, 0xbd798
core   0: 3 0x80008f96 (0xbd798f97) x31 0x3d7a0f96
core   0: 0x80008f9a (0x01d81713) slli    a4, a6, 29
core   0: 3 0x80008f9a (0x01d81713) x14 0xe0000000
core   0: 0x80008f9e (0x418d5f93) srai    t6, s10, 24
core   0: 3 0x80008f9e (0x418d5f93) x31 0xffffff80
core   0: 0x80008fa2 (0x00008cad) c.xor   s1, a1
core   0: 3 0x80008fa2 (0x8cad) x 9 0x00000194
core   0: 0x80008fa4 (0x41d10c33) sub     s8, sp, t4
core   0: 3 0x80008fa4 (0x41d10c33) x24 0x000000ae
core   0: 0x80008fa8 (0x00b95a33) srl     s4, s2, a1
core   0: 3 0x80008fa8 (0x00b95a33) x20 0x003ffffe
core   0: 0x80008fac (0x0000191c) c.addi4spn a5, sp, 176
core   0: 3 0x80008fac (0x191c) x15 0x0000015e
core   0: 0x80008fae (0x00006111) c.addi16sp sp, 256
core   0: 3 0x80008fae (0x6111) x 2 0x000001ae
core   0: 0x80008fb0 (0x001b85b3) add     a1, s7, ra
core   0: 3 0x80008fb0 (0x001b85b3) x11 0xf000204c
core   0: 0x80008fb4 (0x0300c033) div     zero, ra, a6
core   0: 3 0x80008fb4 (0x0300c033)
core   0: 0x80008fb8 (0x00008cb1) c.xor   s1, a2
core   0: 3 0x80008fb8 (0x8cb1) x 9 0x00000194
core   0: 0x80008fba (0x0000717d) c.addi16sp sp, -16
core   0: 3 0x80008fba (0x717d) x 2 0x0000019e
core   0: 0x80008fbc (0x41f35333) sra     t1, t1, t6
core   0: 3 0x80008fbc (0x41f35333) x 6 0x00000000
core   0: 0x80008fc0 (0x862ef513) andi    a0, t4, -1950
core   0: 3 0x80008fc0 (0x862ef513) x10 0x00000000
core   0: 0x80008fc4 (0x7f503b13) sltiu   s6, zero, 2037
core   0: 3 0x80008fc4 (0x7f503b13) x22 0x00000001
core   0: 0x80008fc8 (0x0382ebb3) rem     s7, t0, s8
core   0: 3 0x80008fc8 (0x0382ebb3) x23 0x00000001
core   0: 0x80008fcc (0x00008b41) c.andi  a4, 16
core   0: 3 0x80008fcc (0x8b41) x14 0x00000000
core   0: 0x80008fce (0x02cf4033) div     zero, t5, a2
core   0: 3 0x80008fce (0x02cf4033)
core   0: 0x80008fd2 (0x0000470d) c.li    a4, 3
core   0: 3 0x80008fd2 (0x470d) x14 0x00000003
core   0: 0x80008fd4 (0x00008fa9) c.xor   a5, a0
core   0: 3 0x80008fd4 (0x8fa9) x15 0x0000015e
core   0: 0x80008fd6 (0x003bdf33) srl     t5, s7, gp
core   0: 3 0x80008fd6 (0x003bdf33) x30 0x00000000
core   0: 0x80008fda (0x00d1c433) xor     s0, gp, a3
core   0: 3 0x80008fda (0x00d1c433) x 8 0xa0000108
core   0: 0x80008fde (0x00004b01) c.li    s6, 0
core   0: 3 0x80008fde (0x4b01) x22 0x00000000
core   0: 0x80008fe0 (0x033367b3) rem     a5, t1, s3
core   0: 3 0x80008fe0 (0x033367b3) x15 0x00000000
core   0: 0x80008fe4 (0xf18e7f93) andi    t6, t3, -232
core   0: 3 0x80008fe4 (0xf18e7f93) x31 0x00000000
core   0: 0x80008fe8 (0x03d18ab3) mul     s5, gp, t4
core   0: 3 0x80008fe8 (0x03d18ab3) x21 0x00000000
core   0: 0x80008fec (0x00161e33) sll     t3, a2, ra
core   0: 3 0x80008fec (0x00161e33) x28 0x00000000
core   0: 0x80008ff0 (0x0000987d) c.andi  s0, -1
core   0: 3 0x80008ff0 (0x987d) x 8 0xa0000108
core   0: 0x80008ff2 (0xf6b6ca93) xori    s5, a3, -149
core   0: 3 0x80008ff2 (0xf6b6ca93) x21 0x0a3320e2
core   0: 0x80008ff6 (0x00008f7a) c.mv    t5, t5
core   0: 3 0x80008ff6 (0x8f7a) x30 0x00000000
core   0: 0x80008ff8 (0x00000001) c.nop
core   0: 3 0x80008ff8 (0x0001)
core   0: 0x80008ffa (0x00008fe1) c.and   a5, s0
core   0: 3 0x80008ffa (0x8fe1) x15 0x00000000
core   0: 0x80008ffc (0x02956433) rem     s0, a0, s1
core   0: 3 0x80008ffc (0x02956433) x 8 0x00000000
core   0: 0x80009000 (0x2ee4cf93) xori    t6, s1, 750
core   0: 3 0x80009000 (0x2ee4cf93) x31 0x0000037a
core   0: 0x80009004 (0x0047e933) or      s2, a5, tp
core   0: 3 0x80009004 (0x0047e933) x18 0xffffffff
core   0: 0x80009008 (0xc3163a37) lui     s4, 0xc3163
core   0: 3 0x80009008 (0xc3163a37) x20 0xc3163000
core   0: 0x8000900c (0x01f4d193) srli    gp, s1, 31
core   0: 3 0x8000900c (0x01f4d193) x 3 0x00000000
core   0: 0x80009010 (0x002dde13) srli    t3, s11, 2
core   0: 3 0x80009010 (0x002dde13) x28 0x00000055
core   0: 0x80009014 (0xd5cb2913) slti    s2, s6, -676
core   0: 3 0x80009014 (0xd5cb2913) x18 0x00000000
core   0: 0x80009018 (0x01559533) sll     a0, a1, s5
core   0: 3 0x80009018 (0x01559533) x10 0xc0008130
core   0: 0x8000901c (0x00204eb3) xor     t4, zero, sp
core   0: 3 0x8000901c (0x00204eb3) x29 0x0000019e
core   0: 0x80009020 (0x00000001) c.nop
core   0: 3 0x80009020 (0x0001)
core   0: 0x80009022 (0x022e4bb3) div     s7, t3, sp
core   0: 3 0x80009022 (0x022e4bb3) x23 0x00000000
core   0: 0x80009026 (0x02e04db3) div     s11, zero, a4
core   0: 3 0x80009026 (0x02e04db3) x27 0x00000000
core   0: 0x8000902a (0x00eed513) srli    a0, t4, 14
core   0: 3 0x8000902a (0x00eed513) x10 0x00000000
core   0: 0x8000902e (0x00000001) c.nop
core   0: 3 0x8000902e (0x0001)
core   0: 0x80009030 (0x00008dd5) c.or    a1, a3
core   0: 3 0x80009030 (0x8dd5) x11 0xf5ccffcd
core   0: 0x80009032 (0x019c1513) slli    a0, s8, 25
core   0: 3 0x80009032 (0x019c1513) x10 0x5c000000
core   0: 0x80009036 (0x4160d113) srai    sp, ra, 22
core   0: 3 0x80009036 (0x4160d113) x 2 0x00000000
core   0: 0x8000903a (0x00009576) c.add   a0, t4
core   0: 3 0x8000903a (0x9576) x10 0x5c00019e
core   0: 0x8000903c (0x00008425) c.srai  s0, 9
core   0: 3 0x8000903c (0x8425) x 8 0x00000000
core   0: 0x8000903e (0x02b28933) mul     s2, t0, a1
core   0: 3 0x8000903e (0x02b28933) x18 0xf5ccffcd
core   0: 0x80009042 (0x00000e6d) c.addi  t3, 27
core   0: 3 0x80009042 (0x0e6d) x28 0x00000070
core   0: 0x80009044 (0x02675cb3) divu    s9, a4, t1
core   0: 3 0x80009044 (0x02675cb3) x25 0xffffffff
core   0: 0x80009048 (0x001790b3) sll     ra, a5, ra
core   0: 3 0x80009048 (0x001790b3) x 1 0x00000000
core   0: 0x8000904c (0x412add13) srai    s10, s5, 18
core   0: 3 0x8000904c (0x412add13) x26 0x0000028c
core   0: 0x80009050 (0x02182b33) mulhsu  s6, a6, ra
core   0: 3 0x80009050 (0x02182b33) x22 0x00000000
core   0: 0x80009054 (0x00008c31) c.xor   s0, a2
core   0: 3 0x80009054 (0x8c31) x 8 0x00000000
core   0: 0x80009056 (0x013d2d13) slti    s10, s10, 19
core   0: 3 0x80009056 (0x013d2d13) x26 0x00000000
core   0: 0x8000905a (0x00000116) c.slli  sp, 5
core   0: 3 0x8000905a (0x0116) x 2 0x00000000
core   0: 0x8000905c (0x01636eb3) or      t4, t1, s6
core   0: 3 0x8000905c (0x01636eb3) x29 0x00000000
core   0: 0x80009060 (0x033c98b3) mulh    a7, s9, s3
core   0: 3 0x80009060 (0x033c98b3) x17 0x00000000
core   0: 0x80009064 (0x00000186) c.slli  gp, 1
core   0: 3 0x80009064 (0x0186) x 3 0x00000000
core   0: 0x80009066 (0x02b387b3) mul     a5, t2, a1
core   0: 3 0x80009066 (0x02b387b3) x15 0xa6580e94
core   0: 0x8000906a (0x01ad80b3) add     ra, s11, s10
core   0: 3 0x8000906a (0x01ad80b3) x 1 0x00000000
core   0: 0x8000906e (0x01a720b3) slt     ra, a4, s10
core   0: 3 0x8000906e (0x01a720b3) x 1 0x00000000
core   0: 0x80009072 (0x002d7833) and     a6, s10, sp
core   0: 3 0x80009072 (0x002d7833) x16 0x00000000
core   0: 0x80009076 (0x00000001) c.nop
core   0: 3 0x80009076 (0x0001)
core   0: 0x80009078 (0xda85a493) slti    s1, a1, -600
core   0: 3 0x80009078 (0xda85a493) x 9 0x00000001
core   0: 0x8000907c (0x0000e133) or      sp, ra, zero
core   0: 3 0x8000907c (0x0000e133) x 2 0x00000000
core   0: 0x80009080 (0x00000762) c.slli  a4, 24
core   0: 3 0x80009080 (0x0762) x14 0x03000000
core   0: 0x80009082 (0x03d31733) mulh    a4, t1, t4
core   0: 3 0x80009082 (0x03d31733) x14 0x00000000
core   0: 0x80009086 (0x41585a33) sra     s4, a6, s5
core   0: 3 0x80009086 (0x41585a33) x20 0x00000000
core   0: 0x8000908a (0x01c0fbb3) and     s7, ra, t3
core   0: 3 0x8000908a (0x01c0fbb3) x23 0x00000000
core   0: 0x8000908e (0x00008a8d) c.andi  a3, 3
core   0: 3 0x8000908e (0x8a8d) x13 0x00000001
core   0: 0x80009090 (0x006460b3) or      ra, s0, t1
core   0: 3 0x80009090 (0x006460b3) x 1 0x00000000
core   0: 0x80009094 (0x01c9e4b3) or      s1, s3, t3
core   0: 3 0x80009094 (0x01c9e4b3) x 9 0x8000ee74
core   0: 0x80009098 (0x0000008d) c.addi  ra, 3
core   0: 3 0x80009098 (0x008d) x 1 0x00000003
core   0: 0x8000909a (0xb98bbe13) sltiu   t3, s7, -1128
core   0: 3 0x8000909a (0xb98bbe13) x28 0x00000001
core   0: 0x8000909e (0x02299f33) mulh    t5, s3, sp
core   0: 3 0x8000909e (0x02299f33) x30 0x00000000
core   0: 0x800090a2 (0x937a0e93) addi    t4, s4, -1737
core   0: 3 0x800090a2 (0x937a0e93) x29 0xfffff937
core   0: 0x800090a6 (0x418bdeb3) sra     t4, s7, s8
core   0: 3 0x800090a6 (0x418bdeb3) x29 0x00000000
core   0: 0x800090aa (0x0000932e) c.add   t1, a1
core   0: 3 0x800090aa (0x932e) x 6 0xf5ccffcd
core   0: 0x800090ac (0x00008795) c.srai  a5, 5
core   0: 3 0x800090ac (0x8795) x15 0xfd32c074
core   0: 0x800090ae (0x00008da5) c.xor   a1, s1
core   0: 3 0x800090ae (0x8da5) x11 0x75cc11b9
core   0: 0x800090b0 (0x00fb9e13) slli    t3, s7, 15
core   0: 3 0x800090b0 (0x00fb9e13) x28 0x00000000
core   0: 0x800090b4 (0x0050ad33) slt     s10, ra, t0
core   0: 3 0x800090b4 (0x0050ad33) x26 0x00000000
core   0: 0x800090b8 (0x000087a2) c.mv    a5, s0
core   0: 3 0x800090b8 (0x87a2) x15 0x00000000
core   0: 0x800090ba (0x009345b3) xor     a1, t1, s1
core   0: 3 0x800090ba (0x009345b3) x11 0x75cc11b9
core   0: 0x800090be (0xbffa2817) auipc   a6, 0xbffa2
core   0: 3 0x800090be (0xbffa2817) x16 0x3ffab0be
core   0: 0x800090c2 (0x013fcc33) xor     s8, t6, s3
core   0: 3 0x800090c2 (0x013fcc33) x24 0x8000ed1e
core   0: 0x800090c6 (0x2145b813) sltiu   a6, a1, 532
core   0: 3 0x800090c6 (0x2145b813) x16 0x00000000
core   0: 0x800090ca (0x03d76233) rem     tp, a4, t4
core   0: 3 0x800090ca (0x03d76233) x 4 0x00000000
core   0: 0x800090ce (0x0000612d) c.addi16sp sp, 224
core   0: 3 0x800090ce (0x612d) x 2 0x000000e0
core   0: 0x800090d0 (0x00000f9e) c.slli  t6, 7
core   0: 3 0x800090d0 (0x0f9e) x31 0x0001bd00
core   0: 0x800090d2 (0x00008ee1) c.and   a3, s0
core   0: 3 0x800090d2 (0x8ee1) x13 0x00000000
core   0: 0x800090d4 (0x018d5d13) srli    s10, s10, 24
core   0: 3 0x800090d4 (0x018d5d13) x26 0x00000000
core   0: 0x800090d8 (0x41cbd2b3) sra     t0, s7, t3
core   0: 3 0x800090d8 (0x41cbd2b3) x 5 0x00000000
core   0: 0x800090dc (0x00001980) c.addi4spn s0, sp, 240
core   0: 3 0x800090dc (0x1980) x 8 0x000001d0
core   0: 0x800090de (0x000086bd) c.srai  a3, 15
core   0: 3 0x800090de (0x86bd) x13 0x00000000
core   0: 0x800090e0 (0x00161e13) slli    t3, a2, 1
core   0: 3 0x800090e0 (0x00161e13) x28 0x00000000
core   0: 0x800090e4 (0x00008ffd) c.and   a5, a5
core   0: 3 0x800090e4 (0x8ffd) x15 0x00000000
core   0: 0x800090e6 (0x0048d713) srli    a4, a7, 4
core   0: 3 0x800090e6 (0x0048d713) x14 0x00000000
core   0: 0x800090ea (0x03725ab3) divu    s5, tp, s7
core   0: 3 0x800090ea (0x03725ab3) x21 0xffffffff
core   0: 0x800090ee (0x00c6e033) or      zero, a3, a2
core   0: 3 0x800090ee (0x00c6e033)
core   0: 0x800090f2 (0x01015c93) srli    s9, sp, 16
core   0: 3 0x800090f2 (0x01015c93) x25 0x00000000
core   0: 0x800090f6 (0xbee14593) xori    a1, sp, -1042
core   0: 3 0x800090f6 (0xbee14593) x11 0xfffffb0e
core   0: 0x800090fa (0x01d46833) or      a6, s0, t4
core   0: 3 0x800090fa (0x01d46833) x16 0x000001d0
core   0: 0x800090fe (0x000050fd) c.li    ra, -1
core   0: 3 0x800090fe (0x50fd) x 1 0xffffffff
core   0: 0x80009100 (0x40875193) srai    gp, a4, 8
core   0: 3 0x80009100 (0x40875193) x 3 0x00000000
core   0: 0x80009104 (0x9c06ef93) ori     t6, a3, -1600
core   0: 3 0x80009104 (0x9c06ef93) x31 0xfffff9c0
core   0: 0x80009108 (0x027bac33) mulhsu  s8, s7, t2
core   0: 3 0x80009108 (0x027bac33) x24 0x00000000
core   0: 0x8000910c (0x41d25733) sra     a4, tp, t4
core   0: 3 0x8000910c (0x41d25733) x14 0x00000000
core   0: 0x80009110 (0x029b90b3) mulh    ra, s7, s1
core   0: 3 0x80009110 (0x029b90b3) x 1 0x00000000
core   0: 0x80009114 (0x00c61db3) sll     s11, a2, a2
core   0: 3 0x80009114 (0x00c61db3) x27 0x00000000
core   0: 0x80009118 (0x00008561) c.srai  a0, 24
core   0: 3 0x80009118 (0x8561) x10 0x0000005c
core   0: 0x8000911a (0x00000898) c.addi4spn a4, sp, 80
core   0: 3 0x8000911a (0x0898) x14 0x00000130
core   0: 0x8000911c (0x7c192413) slti    s0, s2, 1985
core   0: 3 0x8000911c (0x7c192413) x 8 0x00000001
core   0: 0x80009120 (0x0043c913) xori    s2, t2, 4
core   0: 3 0x80009120 (0x0043c913) x18 0x80012ce0
core   0: 0x80009124 (0x0000890a) c.mv    s2, sp
core   0: 3 0x80009124 (0x890a) x18 0x000000e0
core   0: 0x80009126 (0x4ffcbf93) sltiu   t6, s9, 1279
core   0: 3 0x80009126 (0x4ffcbf93) x31 0x00000001
core   0: 0x8000912a (0x40b55d13) srai    s10, a0, 11
core   0: 3 0x8000912a (0x40b55d13) x26 0x00000000
core   0: 0x8000912e (0x002bda33) srl     s4, s7, sp
core   0: 3 0x8000912e (0x002bda33) x20 0x00000000
core   0: 0x80009132 (0xe9030917) auipc   s2, 0xe9030
core   0: 3 0x80009132 (0xe9030917) x18 0x69039132
core   0: 0x80009136 (0x00005a7d) c.li    s4, -1
core   0: 3 0x80009136 (0x5a7d) x20 0xffffffff
core   0: 0x80009138 (0x002e9e33) sll     t3, t4, sp
core   0: 3 0x80009138 (0x002e9e33) x28 0x00000000
core   0: 0x8000913c (0x570a05b7) lui     a1, 0x570a0
core   0: 3 0x8000913c (0x570a05b7) x11 0x570a0000
core   0: 0x80009140 (0x00008045) c.srli  s0, 17
core   0: 3 0x80009140 (0x8045) x 8 0x00000000
core   0: 0x80009142 (0x00000b46) c.slli  s6, 17
core   0: 3 0x80009142 (0x0b46) x22 0x00000000
core   0: 0x80009144 (0x03fddab3) divu    s5, s11, t6
core   0: 3 0x80009144 (0x03fddab3) x21 0x00000000
core   0: 0x80009148 (0x00949093) slli    ra, s1, 9
core   0: 3 0x80009148 (0x00949093) x 1 0x01dce800
core   0: 0x8000914c (0x00008d7d) c.and   a0, a5
core   0: 3 0x8000914c (0x8d7d) x10 0x00000000
core   0: 0x8000914e (0x00008bd6) c.mv    s7, s5
core   0: 3 0x8000914e (0x8bd6) x23 0x00000000
core   0: 0x80009150 (0x007f94b3) sll     s1, t6, t2
core   0: 3 0x80009150 (0x007f94b3) x 9 0x00000010
core   0: 0x80009154 (0x00000eae) c.slli  t4, 11
core   0: 3 0x80009154 (0x0eae) x29 0x00000000
core   0: 0x80009156 (0x00009916) c.add   s2, t0
core   0: 3 0x80009156 (0x9916) x18 0x69039132
core   0: 0x80009158 (0x00a17c33) and     s8, sp, a0
core   0: 3 0x80009158 (0x00a17c33) x24 0x00000000
core   0: 0x8000915c (0x00006b51) c.lui   s6, 0x14
core   0: 3 0x8000915c (0x6b51) x22 0x00014000
core   0: 0x8000915e (0x00008ec9) c.or    a3, a0
core   0: 3 0x8000915e (0x8ec9) x13 0x00000000
core   0: 0x80009160 (0x000008f6) c.slli  a7, 29
core   0: 3 0x80009160 (0x08f6) x17 0x00000000
core   0: 0x80009162 (0x02128d33) mul     s10, t0, ra
core   0: 3 0x80009162 (0x02128d33) x26 0x00000000
core   0: 0x80009166 (0x7b4eb597) auipc   a1, 0x7b4eb
core   0: 3 0x80009166 (0x7b4eb597) x11 0xfb4f4166
core   0: 0x8000916a (0x00000e4e) c.slli  t3, 19
core   0: 3 0x8000916a (0x0e4e) x28 0x00000000
core   0: 0x8000916c (0x018bfd33) and     s10, s7, s8
core   0: 3 0x8000916c (0x018bfd33) x26 0x00000000
core   0: 0x80009170 (0x03603b33) mulhu   s6, zero, s6
core   0: 3 0x80009170 (0x03603b33) x22 0x00000000
core   0: 0x80009174 (0x3cb22493) slti    s1, tp, 971
core   0: 3 0x80009174 (0x3cb22493) x 9 0x00000001
core   0: 0x80009178 (0x0199db93) srli    s7, s3, 25
core   0: 3 0x80009178 (0x0199db93) x23 0x00000040
core   0: 0x8000917c (0x00000001) c.nop
core   0: 3 0x8000917c (0x0001)
core   0: 0x8000917e (0x4a058813) addi    a6, a1, 1184
core   0: 3 0x8000917e (0x4a058813) x16 0xfb4f4606
core   0: 0x80009182 (0x25966293) ori     t0, a2, 601
core   0: 3 0x80009182 (0x25966293) x 5 0x00000259
core   0: 0x80009186 (0x00008532) c.mv    a0, a2
core   0: 3 0x80009186 (0x8532) x10 0x00000000
core   0: 0x80009188 (0x00008f3d) c.xor   a4, a5
core   0: 3 0x80009188 (0x8f3d) x14 0x00000130
core   0: 0x8000918a (0x0271c833) div     a6, gp, t2
core   0: 3 0x8000918a (0x0271c833) x16 0x00000000
core   0: 0x8000918e (0x033b5c33) divu    s8, s6, s3
core   0: 3 0x8000918e (0x033b5c33) x24 0x00000000
core   0: 0x80009192 (0x00005ffd) c.li    t6, -1
core   0: 3 0x80009192 (0x5ffd) x31 0xffffffff
core   0: 0x80009194 (0x00008c55) c.or    s0, a3
core   0: 3 0x80009194 (0x8c55) x 8 0x00000000
core   0: 0x80009196 (0xca1b4793) xori    a5, s6, -863
core   0: 3 0x80009196 (0xca1b4793) x15 0xfffffca1
core   0: 0x8000919a (0x02da8a33) mul     s4, s5, a3
core   0: 3 0x8000919a (0x02da8a33) x20 0x00000000
core   0: 0x8000919e (0x00000eca) c.slli  t4, 18
core   0: 3 0x8000919e (0x0eca) x29 0x00000000
core   0: 0x800091a0 (0x00001f7d) c.addi  t5, -1
core   0: 3 0x800091a0 (0x1f7d) x30 0xffffffff
core   0: 0x800091a2 (0x15970117) auipc   sp, 0x15970
core   0: 3 0x800091a2 (0x15970117) x 2 0x959791a2
core   0: 0x800091a6 (0xc3160f97) auipc   t6, 0xc3160
core   0: 3 0x800091a6 (0xc3160f97) x31 0x431691a6
core   0: 0x800091aa (0x01591293) slli    t0, s2, 21
core   0: 3 0x800091aa (0x01591293) x 5 0x26400000
core   0: 0x800091ae (0x00a96233) or      tp, s2, a0
core   0: 3 0x800091ae (0x00a96233) x 4 0x69039132
core   0: 0x800091b2 (0x02b65433) divu    s0, a2, a1
core   0: 3 0x800091b2 (0x02b65433) x 8 0x00000000
core   0: 0x800091b6 (0x02769333) mulh    t1, a3, t2
core   0: 3 0x800091b6 (0x02769333) x 6 0x00000000
core   0: 0x800091ba (0x700d3117) auipc   sp, 0x700d3
core   0: 3 0x800091ba (0x700d3117) x 2 0xf00dc1ba
core   0: 0x800091be (0x129a7113) andi    sp, s4, 297
core   0: 3 0x800091be (0x129a7113) x 2 0x00000000
core   0: 0x800091c2 (0x2130f113) andi    sp, ra, 531
core   0: 3 0x800091c2 (0x2130f113) x 2 0x00000000
core   0: 0x800091c6 (0x0000717d) c.addi16sp sp, -16
core   0: 3 0x800091c6 (0x717d) x 2 0xfffffff0
core   0: 0x800091c8 (0x00000001) c.nop
core   0: 3 0x800091c8 (0x0001)
core   0: 0x800091ca (0x8a5d8193) addi    gp, s11, -1883
core   0: 3 0x800091ca (0x8a5d8193) x 3 0xfffff8a5
core   0: 0x800091ce (0xb1aca593) slti    a1, s9, -1254
core   0: 3 0x800091ce (0xb1aca593) x11 0x00000000
core   0: 0x800091d2 (0x5164ae37) lui     t3, 0x5164a
core   0: 3 0x800091d2 (0x5164ae37) x28 0x5164a000
core   0: 0x800091d6 (0x2c7bee93) ori     t4, s7, 711
core   0: 3 0x800091d6 (0x2c7bee93) x29 0x000002c7
core   0: 0x800091da (0x00000001) c.nop
core   0: 3 0x800091da (0x0001)
core   0: 0x800091dc (0x0000987d) c.andi  s0, -1
core   0: 3 0x800091dc (0x987d) x 8 0x00000000
core   0: 0x800091de (0x02f215b3) mulh    a1, tp, a5
core   0: 3 0x800091de (0x02f215b3) x11 0xfffffe9d
core   0: 0x800091e2 (0x00008df9) c.and   a1, a4
core   0: 3 0x800091e2 (0x8df9) x11 0x00000010
core   0: 0x800091e4 (0x00008f9d) c.sub   a5, a5
core   0: 3 0x800091e4 (0x8f9d) x15 0x00000000
core   0: 0x800091e6 (0x0089d833) srl     a6, s3, s0
core   0: 3 0x800091e6 (0x0089d833) x16 0x8000ee64
core   0: 0x800091ea (0x039c9ab3) mulh    s5, s9, s9
core   0: 3 0x800091ea (0x039c9ab3) x21 0x00000000
core   0: 0x800091ee (0x41e05433) sra     s0, zero, t5
core   0: 3 0x800091ee (0x41e05433) x 8 0x00000000
core   0: 0x800091f2 (0x033147b3) div     a5, sp, s3
core   0: 3 0x800091f2 (0x033147b3) x15 0x00000000
core   0: 0x800091f6 (0x00000001) c.nop
core   0: 3 0x800091f6 (0x0001)
core   0: 0x800091f8 (0x00543cb3) sltu    s9, s0, t0
core   0: 3 0x800091f8 (0x00543cb3) x25 0x00000001
core   0: 0x800091fc (0x00e22cb3) slt     s9, tp, a4
core   0: 3 0x800091fc (0x00e22cb3) x25 0x00000000
core   0: 0x80009200 (0x4719fb17) auipc   s6, 0x4719f
core   0: 3 0x80009200 (0x4719fb17) x22 0xc71a8200
core   0: 0x80009204 (0x00000001) c.nop
core   0: 3 0x80009204 (0x0001)
core   0: 0x80009206 (0x0000717d) c.addi16sp sp, -16
core   0: 3 0x80009206 (0x717d) x 2 0xffffffe0
core   0: 0x80009208 (0x0268e7b3) rem     a5, a7, t1
core   0: 3 0x80009208 (0x0268e7b3) x15 0x00000000
core   0: 0x8000920c (0x03658733) mul     a4, a1, s6
core   0: 3 0x8000920c (0x03658733) x14 0x71a82000
core   0: 0x80009210 (0xd5414713) xori    a4, sp, -684
core   0: 3 0x80009210 (0xd5414713) x14 0x000002b4
core   0: 0x80009214 (0x01dac333) xor     t1, s5, t4
core   0: 3 0x80009214 (0x01dac333) x 6 0x000002c7
core   0: 0x80009218 (0x00132a33) slt     s4, t1, ra
core   0: 3 0x80009218 (0x00132a33) x20 0x00000001
core   0: 0x8000921c (0x00008545) c.srai  a0, 17
core   0: 3 0x8000921c (0x8545) x10 0x00000000
core   0: 0x8000921e (0x027cb4b3) mulhu   s1, s9, t2
core   0: 3 0x8000921e (0x027cb4b3) x 9 0x00000000
core   0: 0x80009222 (0x6c402e13) slti    t3, zero, 1732
core   0: 3 0x80009222 (0x6c402e13) x28 0x00000001
core   0: 0x80009226 (0x00000001) c.nop
core   0: 3 0x80009226 (0x0001)
core   0: 0x80009228 (0x28ecff93) andi    t6, s9, 654
core   0: 3 0x80009228 (0x28ecff93) x31 0x00000000
core   0: 0x8000922c (0x4eab6693) ori     a3, s6, 1258
core   0: 3 0x8000922c (0x4eab6693) x13 0xc71a86ea
core   0: 0x80009230 (0x000044e5) c.li    s1, 25
core   0: 3 0x80009230 (0x44e5) x 9 0x00000019
core   0: 0x80009232 (0x000086c9) c.srai  a3, 18
core   0: 3 0x80009232 (0x86c9) x13 0xfffff1c6
core   0: 0x80009234 (0x00813833) sltu    a6, sp, s0
core   0: 3 0x80009234 (0x00813833) x16 0x00000000
core   0: 0x80009238 (0x00008be9) c.andi  a5, 26
core   0: 3 0x80009238 (0x8be9) x15 0x00000000
core   0: 0x8000923a (0x0101fcb3) and     s9, gp, a6
core   0: 3 0x8000923a (0x0101fcb3) x25 0x00000000
core   0: 0x8000923e (0x000086d5) c.srai  a3, 21
core   0: 3 0x8000923e (0x86d5) x13 0xffffffff
core   0: 0x80009240 (0x00000001) c.nop
core   0: 3 0x80009240 (0x0001)
core   0: 0x80009242 (0x3add8f93) addi    t6, s11, 941
core   0: 3 0x80009242 (0x3add8f93) x31 0x000003ad
core   0: 0x80009246 (0x00008105) c.srli  a0, 1
core   0: 3 0x80009246 (0x8105) x10 0x00000000
core   0: 0x80009248 (0x00000001) c.nop
core   0: 3 0x80009248 (0x0001)
core   0: 0x8000924a (0x00009c8a) c.add   s9, sp
core   0: 3 0x8000924a (0x9c8a) x25 0xffffffe0
core   0: 0x8000924c (0x03d7c233) div     tp, a5, t4
core   0: 3 0x8000924c (0x03d7c233) x 4 0x00000000
core   0: 0x80009250 (0x00009bfd) c.andi  a5, -1
core   0: 3 0x80009250 (0x9bfd) x15 0x00000000
core   0: 0x80009252 (0x035da333) mulhsu  t1, s11, s5
core   0: 3 0x80009252 (0x035da333) x 6 0x00000000
core   0: 0x80009256 (0x00e77bb3) and     s7, a4, a4
core   0: 3 0x80009256 (0x00e77bb3) x23 0x000002b4
core   0: 0x8000925a (0x32e40093) addi    ra, s0, 814
core   0: 3 0x8000925a (0x32e40093) x 1 0x0000032e
core   0: 0x8000925e (0x00a24333) xor     t1, tp, a0
core   0: 3 0x8000925e (0x00a24333) x 6 0x00000000
core   0: 0x80009262 (0x03e78bb3) mul     s7, a5, t5
core   0: 3 0x80009262 (0x03e78bb3) x23 0x00000000
core   0: 0x80009266 (0x00000001) c.nop
core   0: 3 0x80009266 (0x0001)
core   0: 0x80009268 (0x00008c81) c.sub   s1, s0
core   0: 3 0x80009268 (0x8c81) x 9 0x00000019
core   0: 0x8000926a (0x015be133) or      sp, s7, s5
core   0: 3 0x8000926a (0x015be133) x 2 0x00000000
core   0: 0x8000926e (0x00097fb3) and     t6, s2, zero
core   0: 3 0x8000926e (0x00097fb3) x31 0x00000000
core   0: 0x80009272 (0xafa34793) xori    a5, t1, -1286
core   0: 3 0x80009272 (0xafa34793) x15 0xfffffafa
core   0: 0x80009276 (0x6bec0093) addi    ra, s8, 1726
core   0: 3 0x80009276 (0x6bec0093) x 1 0x000006be
core   0: 0x8000927a (0x40530a33) sub     s4, t1, t0
core   0: 3 0x8000927a (0x40530a33) x20 0xd9c00000
core   0: 0x8000927e (0x101cb513) sltiu   a0, s9, 257
core   0: 3 0x8000927e (0x101cb513) x10 0x00000000
core   0: 0x80009282 (0x00001394) c.addi4spn a3, sp, 480
core   0: 3 0x80009282 (0x1394) x13 0x000001e0
core   0: 0x80009284 (0xe17b4813) xori    a6, s6, -489
core   0: 3 0x80009284 (0xe17b4813) x16 0x38e57c17
core   0: 0x80009288 (0x5b068d13) addi    s10, a3, 1456
core   0: 3 0x80009288 (0x5b068d13) x26 0x00000790
core   0: 0x8000928c (0x01c93d33) sltu    s10, s2, t3
core   0: 3 0x8000928c (0x01c93d33) x26 0x00000000
core   0: 0x80009290 (0x402b5733) sra     a4, s6, sp
core   0: 3 0x80009290 (0x402b5733) x14 0xc71a8200
core   0: 0x80009294 (0x02aebb33) mulhu   s6, t4, a0
core   0: 3 0x80009294 (0x02aebb33) x22 0x00000000
core   0: 0x80009298 (0x00008c89) c.sub   s1, a0
core   0: 3 0x80009298 (0x8c89) x 9 0x00000019
core   0: 0x8000929a (0x00a4e233) or      tp, s1, a0
core   0: 3 0x8000929a (0x00a4e233) x 4 0x00000019
core   0: 0x8000929e (0x00008d61) c.and   a0, s0
core   0: 3 0x8000929e (0x8d61) x10 0x00000000
core   0: 0x800092a0 (0x00001a94) c.addi4spn a3, sp, 368
core   0: 3 0x800092a0 (0x1a94) x13 0x00000170
core   0: 0x800092a2 (0x00008dde) c.mv    s11, s7
core   0: 3 0x800092a2 (0x8dde) x27 0x00000000
core   0: 0x800092a4 (0x71936413) ori     s0, t1, 1817
core   0: 3 0x800092a4 (0x71936413) x 8 0x00000719
core   0: 0x800092a8 (0x000081ed) c.srli  a1, 27
core   0: 3 0x800092a8 (0x81ed) x11 0x00000000
core   0: 0x800092aa (0x00000198) c.addi4spn a4, sp, 192
core   0: 3 0x800092aa (0x0198) x14 0x000000c0
core   0: 0x800092ac (0x018d75b3) and     a1, s10, s8
core   0: 3 0x800092ac (0x018d75b3) x11 0x00000000
core   0: 0x800092b0 (0x418cdc93) srai    s9, s9, 24
core   0: 3 0x800092b0 (0x418cdc93) x25 0xffffffff
core   0: 0x800092b4 (0x000016fd) c.addi  a3, -1
core   0: 3 0x800092b4 (0x16fd) x13 0x0000016f
core   0: 0x800092b6 (0x00009bfd) c.andi  a5, -1
core   0: 3 0x800092b6 (0x9bfd) x15 0xfffffafa
core   0: 0x800092b8 (0x000007a1) c.addi  a5, 8
core   0: 3 0x800092b8 (0x07a1) x15 0xfffffb02
core   0: 0x800092ba (0x0000717d) c.addi16sp sp, -16
core   0: 3 0x800092ba (0x717d) x 2 0xfffffff0
core   0: 0x800092bc (0x738fa913) slti    s2, t6, 1848
core   0: 3 0x800092bc (0x738fa913) x18 0x00000001
core   0: 0x800092c0 (0x03425db3) divu    s11, tp, s4
core   0: 3 0x800092c0 (0x03425db3) x27 0x00000000
core   0: 0x800092c4 (0x03ae9133) mulh    sp, t4, s10
core   0: 3 0x800092c4 (0x03ae9133) x 2 0x00000000
core   0: 0x800092c8 (0x00e060b3) or      ra, zero, a4
core   0: 3 0x800092c8 (0x00e060b3) x 1 0x000000c0
core   0: 0x800092cc (0x67cc4113) xori    sp, s8, 1660
core   0: 3 0x800092cc (0x67cc4113) x 2 0x0000067c
core   0: 0x800092d0 (0x00009f72) c.add   t5, t3
core   0: 3 0x800092d0 (0x9f72) x30 0x00000000
core   0: 0x800092d2 (0x0000895a) c.mv    s2, s6
core   0: 3 0x800092d2 (0x895a) x18 0x00000000
core   0: 0x800092d4 (0x023365b3) rem     a1, t1, gp
core   0: 3 0x800092d4 (0x023365b3) x11 0x00000000
core   0: 0x800092d8 (0x00009806) c.add   a6, ra
core   0: 3 0x800092d8 (0x9806) x16 0x38e57cd7
core   0: 0x800092da (0x02554033) div     zero, a0, t0
core   0: 3 0x800092da (0x02554033)
core   0: 0x800092de (0x41ebdf93) srai    t6, s7, 30
core   0: 3 0x800092de (0x41ebdf93) x31 0x00000000
core   0: 0x800092e2 (0x007bc433) xor     s0, s7, t2
core   0: 3 0x800092e2 (0x007bc433) x 8 0x80012ce4
core   0: 0x800092e6 (0x03db17b3) mulh    a5, s6, t4
core   0: 3 0x800092e6 (0x03db17b3) x15 0x00000000
core   0: 0x800092ea (0x549e2793) slti    a5, t3, 1353
core   0: 3 0x800092ea (0x549e2793) x15 0x00000001
core   0: 0x800092ee (0x00c9d313) srli    t1, s3, 12
core   0: 3 0x800092ee (0x00c9d313) x 6 0x0008000e
core   0: 0x800092f2 (0x000006c5) c.addi  a3, 17
core   0: 3 0x800092f2 (0x06c5) x13 0x00000180
core   0: 0x800092f4 (0x00008d99) c.sub   a1, a4
core   0: 3 0x800092f4 (0x8d99) x11 0xffffff40
core   0: 0x800092f6 (0x0193b7b3) sltu    a5, t2, s9
core   0: 3 0x800092f6 (0x0193b7b3) x15 0x00000001
core   0: 0x800092fa (0x00000001) c.nop
core   0: 3 0x800092fa (0x0001)
core   0: 0x800092fc (0x0000895a) c.mv    s2, s6
core   0: 3 0x800092fc (0x895a) x18 0x00000000
core   0: 0x800092fe (0x0000020e) c.slli  tp, 3
core   0: 3 0x800092fe (0x020e) x 4 0x000000c8
core   0: 0x80009300 (0x011614b3) sll     s1, a2, a7
core   0: 3 0x80009300 (0x011614b3) x 9 0x00000000
core   0: 0x80009304 (0x0008a6b3) slt     a3, a7, zero
core   0: 3 0x80009304 (0x0008a6b3) x13 0x00000000
core   0: 0x80009308 (0x004a9033) sll     zero, s5, tp
core   0: 3 0x80009308 (0x004a9033)
core   0: 0x8000930c (0x00eb5713) srli    a4, s6, 14
core   0: 3 0x8000930c (0x00eb5713) x14 0x00000000
core   0: 0x80009310 (0x00000594) c.addi4spn a3, sp, 704
core   0: 3 0x80009310 (0x0594) x13 0x0000093c
core   0: 0x80009312 (0x000099fd) c.andi  a1, -1
core   0: 3 0x80009312 (0x99fd) x11 0xffffff40
core   0: 0x80009314 (0x0216adb3) mulhsu  s11, a3, ra
core   0: 3 0x80009314 (0x0216adb3) x27 0x00000000
core   0: 0x80009318 (0x1f077713) andi    a4, a4, 496
core   0: 3 0x80009318 (0x1f077713) x14 0x00000000
core   0: 0x8000931c (0x008a0bb3) add     s7, s4, s0
core   0: 3 0x8000931c (0x008a0bb3) x23 0x59c12ce4
core   0: 0x80009320 (0x00ab3333) sltu    t1, s6, a0
core   0: 3 0x80009320 (0x00ab3333) x 6 0x00000000
core   0: 0x80009324 (0xb65ef113) andi    sp, t4, -1179
core   0: 3 0x80009324 (0xb65ef113) x 2 0x00000245
core   0: 0x80009328 (0x00ceaa33) slt     s4, t4, a2
core   0: 3 0x80009328 (0x00ceaa33) x20 0x00000000
core   0: 0x8000932c (0x000061ad) c.lui   gp, 0xb
core   0: 3 0x8000932c (0x61ad) x 3 0x0000b000
core   0: 0x8000932e (0x019d4533) xor     a0, s10, s9
core   0: 3 0x8000932e (0x019d4533) x10 0xffffffff
core   0: 0x80009332 (0x9180cd93) xori    s11, ra, -1768
core   0: 3 0x80009332 (0x9180cd93) x27 0xfffff9d8
core   0: 0x80009336 (0x00009bf2) c.add   s7, t3
core   0: 3 0x80009336 (0x9bf2) x23 0x59c12ce5
core   0: 0x80009338 (0xb9300e17) auipc   t3, 0xb9300
core   0: 3 0x80009338 (0xb9300e17) x28 0x39309338
core   0: 0x8000933c (0x000056fd) c.li    a3, -1
core   0: 3 0x8000933c (0x56fd) x13 0xffffffff
core   0: 0x8000933e (0x00311413) slli    s0, sp, 3
core   0: 3 0x8000933e (0x00311413) x 8 0x00001228
core   0: 0x80009342 (0x01521a33) sll     s4, tp, s5
core   0: 3 0x80009342 (0x01521a33) x20 0x000000c8
core   0: 0x80009346 (0x01a72033) slt     zero, a4, s10
core   0: 3 0x80009346 (0x01a72033)
core   0: 0x8000934a (0x41b00433) sub     s0, zero, s11
core   0: 3 0x8000934a (0x41b00433) x 8 0x00000628
core   0: 0x8000934e (0x000099fd) c.andi  a1, -1
core   0: 3 0x8000934e (0x99fd) x11 0xffffff40
core   0: 0x80009350 (0x037b4533) div     a0, s6, s7
core   0: 3 0x80009350 (0x037b4533) x10 0x00000000
core   0: 0x80009354 (0x00008f31) c.xor   a4, a2
core   0: 3 0x80009354 (0x8f31) x14 0x00000000
core   0: 0x80009356 (0xafdd46b7) lui     a3, 0xafdd4
core   0: 3 0x80009356 (0xafdd46b7) x13 0xafdd4000
core   0: 0x8000935a (0x00006ab5) c.lui   s5, 0xd
core   0: 3 0x8000935a (0x6ab5) x21 0x0000d000
core   0: 0x8000935c (0x02af4333) div     t1, t5, a0
core   0: 3 0x8000935c (0x02af4333) x 6 0xffffffff
core   0: 0x80009360 (0xa4338493) addi    s1, t2, -1469
core   0: 3 0x80009360 (0xa4338493) x 9 0x80012727
core   0: 0x80009364 (0x000095da) c.add   a1, s6
core   0: 3 0x80009364 (0x95da) x11 0xffffff40
core   0: 0x80009366 (0x02f15bb3) divu    s7, sp, a5
core   0: 3 0x80009366 (0x02f15bb3) x23 0x00000245
core   0: 0x8000936a (0x0000636d) c.lui   t1, 0x1b
core   0: 3 0x8000936a (0x636d) x 6 0x0001b000
core   0: 0x8000936c (0x0000171c) c.addi4spn a5, sp, 928
core   0: 3 0x8000936c (0x171c) x15 0x000005e5
core   0: 0x8000936e (0x00008cd9) c.or    s1, a4
core   0: 3 0x8000936e (0x8cd9) x 9 0x80012727
core   0: 0x80009370 (0x41b70eb3) sub     t4, a4, s11
core   0: 3 0x80009370 (0x41b70eb3) x29 0x00000628
core   0: 0x80009374 (0x017f1493) slli    s1, t5, 23
core   0: 3 0x80009374 (0x017f1493) x 9 0x00000000
core   0: 0x80009378 (0x54810713) addi    a4, sp, 1352
core   0: 3 0x80009378 (0x54810713) x14 0x0000078d
core   0: 0x8000937c (0x0000997a) c.add   s2, t5
core   0: 3 0x8000937c (0x997a) x18 0x00000000
core   0: 0x8000937e (0x00000001) c.nop
core   0: 3 0x8000937e (0x0001)
core   0: 0x80009380 (0x02035233) divu    tp, t1, zero
core   0: 3 0x80009380 (0x02035233) x 4 0xffffffff
core   0: 0x80009384 (0xe1833093) sltiu   ra, t1, -488
core   0: 3 0x80009384 (0xe1833093) x 1 0x00000001
core   0: 0x80009388 (0x0038b5b3) sltu    a1, a7, gp
core   0: 3 0x80009388 (0x0038b5b3) x11 0x00000001
core   0: 0x8000938c (0x00ad27b3) slt     a5, s10, a0
core   0: 3 0x8000938c (0x00ad27b3) x15 0x00000000
core   0: 0x80009390 (0x036a72b3) remu    t0, s4, s6
core   0: 3 0x80009390 (0x036a72b3) x 5 0x000000c8
core   0: 0x80009394 (0x015c9413) slli    s0, s9, 21
core   0: 3 0x80009394 (0x015c9413) x 8 0xffe00000
core   0: 0x80009398 (0x000011fd) c.addi  gp, -1
core   0: 3 0x80009398 (0x11fd) x 3 0x0000afff
core   0: 0x8000939a (0x00004d55) c.li    s10, 21
core   0: 3 0x8000939a (0x4d55) x26 0x00000015
core   0: 0x8000939c (0x0188acb3) slt     s9, a7, s8
core   0: 3 0x8000939c (0x0188acb3) x25 0x00000000
core   0: 0x800093a0 (0x27103913) sltiu   s2, zero, 625
core   0: 3 0x800093a0 (0x27103913) x18 0x00000001
core   0: 0x800093a4 (0xc989e513) ori     a0, s3, -872
core   0: 3 0x800093a4 (0xc989e513) x10 0xfffffefc
core   0: 0x800093a8 (0x00001894) c.addi4spn a3, sp, 112
core   0: 3 0x800093a8 (0x1894) x13 0x000002b5
core   0: 0x800093aa (0x00000001) c.nop
core   0: 3 0x800093aa (0x0001)
core   0: 0x800093ac (0x00006475) c.lui   s0, 0x1d
core   0: 3 0x800093ac (0x6475) x 8 0x0001d000
core   0: 0x800093ae (0x000002ce) c.slli  t0, 19
core   0: 3 0x800093ae (0x02ce) x 5 0x06400000
core   0: 0x800093b0 (0x00f90e33) add     t3, s2, a5
core   0: 3 0x800093b0 (0x00f90e33) x28 0x00000001
core   0: 0x800093b4 (0x03907333) remu    t1, zero, s9
core   0: 3 0x800093b4 (0x03907333) x 6 0x00000000
core   0: 0x800093b8 (0x00008976) c.mv    s2, t4
core   0: 3 0x800093b8 (0x8976) x18 0x00000628
core   0: 0x800093ba (0x00008de1) c.and   a1, s0
core   0: 3 0x800093ba (0x8de1) x11 0x00000000
core   0: 0x800093bc (0x02bea8b3) mulhsu  a7, t4, a1
core   0: 3 0x800093bc (0x02bea8b3) x17 0x00000000
core   0: 0x800093c0 (0x00d41593) slli    a1, s0, 13
core   0: 3 0x800093c0 (0x00d41593) x11 0x3a000000
core   0: 0x800093c4 (0x03cffdb3) remu    s11, t6, t3
core   0: 3 0x800093c4 (0x03cffdb3) x27 0x00000000
core   0: 0x800093c8 (0x000005de) c.slli  a1, 23
core   0: 3 0x800093c8 (0x05de) x11 0x00000000
core   0: 0x800093ca (0x00083533) sltu    a0, a6, zero
core   0: 3 0x800093ca (0x00083533) x10 0x00000000
core   0: 0x800093ce (0x00000a84) c.addi4spn s1, sp, 336
core   0: 3 0x800093ce (0x0a84) x 9 0x00000395
core   0: 0x800093d0 (0x00006e69) c.lui   t3, 0x1a
core   0: 3 0x800093d0 (0x6e69) x28 0x0001a000
core   0: 0x800093d2 (0x00008031) c.srli  s0, 12
core   0: 3 0x800093d2 (0x8031) x 8 0x0000001d
core   0: 0x800093d4 (0x00008c71) c.and   s0, a2
core   0: 3 0x800093d4 (0x8c71) x 8 0x00000000
core   0: 0x800093d6 (0x00fb2333) slt     t1, s6, a5
core   0: 3 0x800093d6 (0x00fb2333) x 6 0x00000000
core   0: 0x800093da (0x00000001) c.nop
core   0: 3 0x800093da (0x0001)
core   0: 0x800093dc (0x0115ed33) or      s10, a1, a7
core   0: 3 0x800093dc (0x0115ed33) x26 0x00000000
core   0: 0x800093e0 (0x00009266) c.add   tp, s9
core   0: 3 0x800093e0 (0x9266) x 4 0xffffffff
core   0: 0x800093e2 (0xe83e42b7) lui     t0, 0xe83e4
core   0: 3 0x800093e2 (0xe83e42b7) x 5 0xe83e4000
core   0: 0x800093e6 (0x020b4b33) div     s6, s6, zero
core   0: 3 0x800093e6 (0x020b4b33) x22 0xffffffff
core   0: 0x800093ea (0x00006139) c.addi16sp sp, 448
core   0: 3 0x800093ea (0x6139) x 2 0x00000405
core   0: 0x800093ec (0x017650b3) srl     ra, a2, s7
core   0: 3 0x800093ec (0x017650b3) x 1 0x00000000
core   0: 0x800093f0 (0x027d5a33) divu    s4, s10, t2
core   0: 3 0x800093f0 (0x027d5a33) x20 0x00000000
core   0: 0x800093f4 (0x03d97cb3) remu    s9, s2, t4
core   0: 3 0x800093f4 (0x03d97cb3) x25 0x00000000
core   0: 0x800093f8 (0x00009416) c.add   s0, t0
core   0: 3 0x800093f8 (0x9416) x 8 0xe83e4000
core   0: 0x800093fa (0x0153d893) srli    a7, t2, 21
core   0: 3 0x800093fa (0x0153d893) x17 0x00000400
core   0: 0x800093fe (0x019918b3) sll     a7, s2, s9
core   0: 3 0x800093fe (0x019918b3) x17 0x00000628
core   0: 0x80009402 (0x4790a217) auipc   tp, 0x4790a
core   0: 3 0x80009402 (0x4790a217) x 4 0xc7913402
core   0: 0x80009406 (0x40125193) srai    gp, tp, 1
core   0: 3 0x80009406 (0x40125193) x 3 0xe3c89a01
core   0: 0x8000940a (0x026bd833) divu    a6, s7, t1
core   0: 3 0x8000940a (0x026bd833) x16 0xffffffff
core   0: 0x8000940e (0x406a5293) srai    t0, s4, 6
core   0: 3 0x8000940e (0x406a5293) x 5 0x00000000
core   0: 0x80009412 (0x00c21133) sll     sp, tp, a2
core   0: 3 0x80009412 (0x00c21133) x 2 0xc7913402
core   0: 0x80009416 (0x019ead33) slt     s10, t4, s9
core   0: 3 0x80009416 (0x019ead33) x26 0x00000000
core   0: 0x8000941a (0x00008fad) c.xor   a5, a1
core   0: 3 0x8000941a (0x8fad) x15 0x00000000
core   0: 0x8000941c (0x0330eab3) rem     s5, ra, s3
core   0: 3 0x8000941c (0x0330eab3) x21 0x00000000
core   0: 0x80009420 (0x2f6bc513) xori    a0, s7, 758
core   0: 3 0x80009420 (0x2f6bc513) x10 0x000000b3
core   0: 0x80009424 (0x0000517d) c.li    sp, -1
core   0: 3 0x80009424 (0x517d) x 2 0xffffffff
core   0: 0x80009426 (0x00e95213) srli    tp, s2, 14
core   0: 3 0x80009426 (0x00e95213) x 4 0x00000000
core   0: 0x8000942a (0x00800a33) add     s4, zero, s0
core   0: 3 0x8000942a (0x00800a33) x20 0xe83e4000
core   0: 0x8000942e (0x0000425d) c.li    tp, 23
core   0: 3 0x8000942e (0x425d) x 4 0x00000017
core   0: 0x80009430 (0x00008ccd) c.or    s1, a1
core   0: 3 0x80009430 (0x8ccd) x 9 0x00000395
core   0: 0x80009432 (0x027d00b3) mul     ra, s10, t2
core   0: 3 0x80009432 (0x027d00b3) x 1 0x00000000
core   0: 0x80009436 (0x18472e93) slti    t4, a4, 388
core   0: 3 0x80009436 (0x18472e93) x29 0x00000000
core   0: 0x8000943a (0x00008fb9) c.xor   a5, a4
core   0: 3 0x8000943a (0x8fb9) x15 0x0000078d
core   0: 0x8000943c (0x88748513) addi    a0, s1, -1913
core   0: 3 0x8000943c (0x88748513) x10 0xfffffc1c
core   0: 0x80009440 (0x000088c1) c.andi  s1, 16
core   0: 3 0x80009440 (0x88c1) x 9 0x00000010
core   0: 0x80009442 (0xc6a7c593) xori    a1, a5, -918
core   0: 3 0x80009442 (0xc6a7c593) x11 0xfffffbe7
core   0: 0x80009446 (0x00008d59) c.or    a0, a4
core   0: 3 0x80009446 (0x8d59) x10 0xffffff9d
core   0: 0x80009448 (0x00006fe1) c.lui   t6, 0x18
core   0: 3 0x80009448 (0x6fe1) x31 0x00018000
core   0: 0x8000944a (0x00000001) c.nop
core   0: 3 0x8000944a (0x0001)
core   0: 0x8000944c (0x6c7ae413) ori     s0, s5, 1735
core   0: 3 0x8000944c (0x6c7ae413) x 8 0x000006c7
core   0: 0x80009450 (0x02ba74b3) remu    s1, s4, a1
core   0: 3 0x80009450 (0x02ba74b3) x 9 0xe83e4000
core   0: 0x80009454 (0x01639513) slli    a0, t2, 22
core   0: 3 0x80009454 (0x01639513) x10 0x39000000
core   0: 0x80009458 (0x01a91313) slli    t1, s2, 26
core   0: 3 0x80009458 (0x01a91313) x 6 0xa0000000
core   0: 0x8000945c (0x00008795) c.srai  a5, 5
core   0: 3 0x8000945c (0x8795) x15 0x0000003c
core   0: 0x8000945e (0x0297ddb3) divu    s11, a5, s1
core   0: 3 0x8000945e (0x0297ddb3) x27 0x00000000
core   0: 0x80009462 (0x0000885a) c.mv    a6, s6
core   0: 3 0x80009462 (0x885a) x16 0xffffffff
core   0: 0x80009464 (0x00a13d33) sltu    s10, sp, a0
core   0: 3 0x80009464 (0x00a13d33) x26 0x00000000
core   0: 0x80009468 (0x41355c13) srai    s8, a0, 19
core   0: 3 0x80009468 (0x41355c13) x24 0x00000720
core   0: 0x8000946c (0x41258db3) sub     s11, a1, s2
core   0: 3 0x8000946c (0x41258db3) x27 0xfffff5bf
core   0: 0x80009470 (0x00008345) c.srli  a4, 17
core   0: 3 0x80009470 (0x8345) x14 0x00000000
core   0: 0x80009472 (0x00009d2e) c.add   s10, a1
core   0: 3 0x80009472 (0x9d2e) x26 0xfffffbe7
core   0: 0x80009474 (0x0000831e) c.mv    t1, t2
core   0: 3 0x80009474 (0x831e) x 6 0x80012ce4
core   0: 0x80009476 (0x89490193) addi    gp, s2, -1900
core   0: 3 0x80009476 (0x89490193) x 3 0xfffffebc
core   0: 0x8000947a (0x012e4db3) xor     s11, t3, s2
core   0: 3 0x8000947a (0x012e4db3) x27 0x0001a628
core   0: 0x8000947e (0x0096d793) srli    a5, a3, 9
core   0: 3 0x8000947e (0x0096d793) x15 0x00000001
core   0: 0x80009482 (0x03040233) mul     tp, s0, a6
core   0: 3 0x80009482 (0x03040233) x 4 0xfffff939
core   0: 0x80009486 (0x019448b3) xor     a7, s0, s9
core   0: 3 0x80009486 (0x019448b3) x17 0x000006c7
core   0: 0x8000948a (0x396cf593) andi    a1, s9, 918
core   0: 3 0x8000948a (0x396cf593) x11 0x00000000
core   0: 0x8000948e (0x00008f0d) c.sub   a4, a1
core   0: 3 0x8000948e (0x8f0d) x14 0x00000000
core   0: 0x80009490 (0x02034e33) div     t3, t1, zero
core   0: 3 0x80009490 (0x02034e33) x28 0xffffffff
core   0: 0x80009494 (0x000088d1) c.andi  s1, 20
core   0: 3 0x80009494 (0x88d1) x 9 0x00000000
core   0: 0x80009496 (0x22748293) addi    t0, s1, 551
core   0: 3 0x80009496 (0x22748293) x 5 0x00000227
core   0: 0x8000949a (0x00008d95) c.sub   a1, a3
core   0: 3 0x8000949a (0x8d95) x11 0xfffffd4b
core   0: 0x8000949c (0x03955b33) divu    s6, a0, s9
core   0: 3 0x8000949c (0x03955b33) x22 0xffffffff
core   0: 0x800094a0 (0x00000001) c.nop
core   0: 3 0x800094a0 (0x0001)
core   0: 0x800094a2 (0x00001b1c) c.addi4spn a5, sp, 432
core   0: 3 0x800094a2 (0x1b1c) x15 0x000001af
core   0: 0x800094a4 (0x02d4b733) mulhu   a4, s1, a3
core   0: 3 0x800094a4 (0x02d4b733) x14 0x00000000
core   0: 0x800094a8 (0x00009b7d) c.andi  a4, -1
core   0: 3 0x800094a8 (0x9b7d) x14 0x00000000
core   0: 0x800094aa (0xd01cb793) sltiu   a5, s9, -767
core   0: 3 0x800094aa (0xd01cb793) x15 0x00000001
core   0: 0x800094ae (0x0000587d) c.li    a6, -1
core   0: 3 0x800094ae (0x587d) x16 0xffffffff
core   0: 0x800094b0 (0x00c1e833) or      a6, gp, a2
core   0: 3 0x800094b0 (0x00c1e833) x16 0xfffffebc
core   0: 0x800094b4 (0x01f4f2b3) and     t0, s1, t6
core   0: 3 0x800094b4 (0x01f4f2b3) x 5 0x00000000
core   0: 0x800094b8 (0x017f8cb3) add     s9, t6, s7
core   0: 3 0x800094b8 (0x017f8cb3) x25 0x00018245
core   0: 0x800094bc (0x01026733) or      a4, tp, a6
core   0: 3 0x800094bc (0x01026733) x14 0xffffffbd
core   0: 0x800094c0 (0x0326ed33) rem     s10, a3, s2
core   0: 3 0x800094c0 (0x0326ed33) x26 0x000002b5
core   0: 0x800094c4 (0x490b0513) addi    a0, s6, 1168
core   0: 3 0x800094c4 (0x490b0513) x10 0x0000048f
core   0: 0x800094c8 (0x00614e33) xor     t3, sp, t1
core   0: 3 0x800094c8 (0x00614e33) x28 0x7ffed31b
core   0: 0x800094cc (0x03c467b3) rem     a5, s0, t3
core   0: 3 0x800094cc (0x03c467b3) x15 0x000006c7
core   0: 0x800094d0 (0x0355da33) divu    s4, a1, s5
core   0: 3 0x800094d0 (0x0355da33) x20 0xffffffff
core   0: 0x800094d4 (0x00000508) c.addi4spn a0, sp, 640
core   0: 3 0x800094d4 (0x0508) x10 0x0000027f
core   0: 0x800094d6 (0x000081d9) c.srli  a1, 22
core   0: 3 0x800094d6 (0x81d9) x11 0x000003ff
core   0: 0x800094d8 (0x032da8b3) mulhsu  a7, s11, s2
core   0: 3 0x800094d8 (0x032da8b3) x17 0x00000000
core   0: 0x800094dc (0x02f2f933) remu    s2, t0, a5
core   0: 3 0x800094dc (0x02f2f933) x18 0x00000000
core   0: 0x800094e0 (0x005f4c33) xor     s8, t5, t0
core   0: 3 0x800094e0 (0x005f4c33) x24 0x00000000
core   0: 0x800094e4 (0x0057a333) slt     t1, a5, t0
core   0: 3 0x800094e4 (0x0057a333) x 6 0x00000000
core   0: 0x800094e8 (0x003fe0b3) or      ra, t6, gp
core   0: 3 0x800094e8 (0x003fe0b3) x 1 0xfffffebc
core   0: 0x800094ec (0x003eaf33) slt     t5, t4, gp
core   0: 3 0x800094ec (0x003eaf33) x30 0x00000000
core   0: 0x800094f0 (0x1363b117) auipc   sp, 0x1363b
core   0: 3 0x800094f0 (0x1363b117) x 2 0x936444f0
core   0: 0x800094f4 (0x00008fad) c.xor   a5, a1
core   0: 3 0x800094f4 (0x8fad) x15 0x00000538
core   0: 0x800094f6 (0x0237a333) mulhsu  t1, a5, gp
core   0: 3 0x800094f6 (0x0237a333) x 6 0x00000537
core   0: 0x800094fa (0x00855b33) srl     s6, a0, s0
core   0: 3 0x800094fa (0x00855b33) x22 0x00000004
core   0: 0x800094fe (0x01ded813) srli    a6, t4, 29
core   0: 3 0x800094fe (0x01ded813) x16 0x00000000
core   0: 0x80009502 (0x40930533) sub     a0, t1, s1
core   0: 3 0x80009502 (0x40930533) x10 0x00000537
core   0: 0x80009506 (0x007d81b3) add     gp, s11, t2
core   0: 3 0x80009506 (0x007d81b3) x 3 0x8002d30c
core   0: 0x8000950a (0x19468c13) addi    s8, a3, 404
core   0: 3 0x8000950a (0x19468c13) x24 0x00000449
core   0: 0x8000950e (0x01c78ab3) add     s5, a5, t3
core   0: 3 0x8000950e (0x01c78ab3) x21 0x7ffed853
core   0: 0x80009512 (0x3481de17) auipc   t3, 0x3481d
core   0: 3 0x80009512 (0x3481de17) x28 0xb4826512
core   0: 0x80009516 (0x00008c39) c.xor   s0, a4
core   0: 3 0x80009516 (0x8c39) x 8 0xfffff97a
core   0: 0x80009518 (0x024a3ab3) mulhu   s5, s4, tp
core   0: 3 0x80009518 (0x024a3ab3) x21 0xfffff938
core   0: 0x8000951c (0x00008819) c.andi  s0, 6
core   0: 3 0x8000951c (0x8819) x 8 0x00000002
core   0: 0x8000951e (0x00a6dd93) srli    s11, a3, 10
core   0: 3 0x8000951e (0x00a6dd93) x27 0x00000000
core   0: 0x80009522 (0x00055693) srli    a3, a0, 0
core   0: 3 0x80009522 (0x00055693) x13 0x00000537
core   0: 0x80009526 (0xc3d44f93) xori    t6, s0, -963
core   0: 3 0x80009526 (0xc3d44f93) x31 0xfffffc3f
core   0: 0x8000952a (0x03f44b33) div     s6, s0, t6
core   0: 3 0x8000952a (0x03f44b33) x22 0x00000000
core   0: 0x8000952e (0x7efa71b7) lui     gp, 0x7efa7
core   0: 3 0x8000952e (0x7efa71b7) x 3 0x7efa7000
core   0: 0x80009532 (0x000087a2) c.mv    a5, s0
core   0: 3 0x80009532 (0x87a2) x15 0x00000002
core   0: 0x80009534 (0x000082bd) c.srli  a3, 15
core   0: 3 0x80009534 (0x82bd) x13 0x00000000
core   0: 0x80009536 (0xf8f06b13) ori     s6, zero, -113
core   0: 3 0x80009536 (0xf8f06b13) x22 0xffffff8f
core   0: 0x8000953a (0x3c103913) sltiu   s2, zero, 961
core   0: 3 0x8000953a (0x3c103913) x18 0x00000001
core   0: 0x8000953e (0x00008c85) c.sub   s1, s1
core   0: 3 0x8000953e (0x8c85) x 9 0x00000000
core   0: 0x80009540 (0x00006685) c.lui   a3, 0x1
core   0: 3 0x80009540 (0x6685) x13 0x00001000
core   0: 0x80009542 (0x8bb7f893) andi    a7, a5, -1861
core   0: 3 0x80009542 (0x8bb7f893) x17 0x00000002
core   0: 0x80009546 (0x0000617d) c.addi16sp sp, 496
core   0: 3 0x80009546 (0x617d) x 2 0x936446e0
core   0: 0x80009548 (0x00008d2d) c.xor   a0, a1
core   0: 3 0x80009548 (0x8d2d) x10 0x000006c8
core   0: 0x8000954a (0x00000001) c.nop
core   0: 3 0x8000954a (0x0001)
core   0: 0x8000954c (0x00006c19) c.lui   s8, 0x6
core   0: 3 0x8000954c (0x6c19) x24 0x00006000
core   0: 0x8000954e (0x000086f9) c.srai  a3, 30
core   0: 3 0x8000954e (0x86f9) x13 0x00000000
core   0: 0x80009550 (0x00000bda) c.slli  s7, 22
core   0: 3 0x80009550 (0x0bda) x23 0x91400000
core   0: 0x80009552 (0x026648b3) div     a7, a2, t1
core   0: 3 0x80009552 (0x026648b3) x17 0x00000000
core   0: 0x80009556 (0x0220abb3) mulhsu  s7, ra, sp
core   0: 3 0x80009556 (0x0220abb3) x23 0xffffff45
core   0: 0x8000955a (0x41058db3) sub     s11, a1, a6
core   0: 3 0x8000955a (0x41058db3) x27 0x000003ff
core   0: 0x8000955e (0x000014fd) c.addi  s1, -1
core   0: 3 0x8000955e (0x14fd) x 9 0xffffffff
core   0: 0x80009560 (0x036118b3) mulh    a7, sp, s6
core   0: 3 0x80009560 (0x036118b3) x17 0x0000002f
core   0: 0x80009564 (0x01535db3) srl     s11, t1, s5
core   0: 3 0x80009564 (0x01535db3) x27 0x00000000
core   0: 0x80009568 (0x031bcbb3) div     s7, s7, a7
core   0: 3 0x80009568 (0x031bcbb3) x23 0xfffffffd
core   0: 0x8000956c (0x026492b3) mulh    t0, s1, t1
core   0: 3 0x8000956c (0x026492b3) x 5 0xffffffff
core   0: 0x80009570 (0x4911e913) ori     s2, gp, 1169
core   0: 3 0x80009570 (0x4911e913) x18 0x7efa7491
core   0: 0x80009574 (0xb2439b97) auipc   s7, 0xb2439
core   0: 3 0x80009574 (0xb2439b97) x23 0x32442574
core   0: 0x80009578 (0x0222ce33) div     t3, t0, sp
core   0: 3 0x80009578 (0x0222ce33) x28 0x00000000
core   0: 0x8000957c (0x00c21493) slli    s1, tp, 12
core   0: 3 0x8000957c (0x00c21493) x 9 0xff939000
core   0: 0x80009580 (0x00285f13) srli    t5, a6, 2
core   0: 3 0x80009580 (0x00285f13) x30 0x00000000
core   0: 0x80009584 (0x013d9fb3) sll     t6, s11, s3
core   0: 3 0x80009584 (0x013d9fb3) x31 0x00000000
core   0: 0x80009588 (0x40d18c33) sub     s8, gp, a3
core   0: 3 0x80009588 (0x40d18c33) x24 0x7efa7000
core   0: 0x8000958c (0x02d04e33) div     t3, zero, a3
core   0: 3 0x8000958c (0x02d04e33) x28 0xffffffff
core   0: 0x80009590 (0x00ec7d33) and     s10, s8, a4
core   0: 3 0x80009590 (0x00ec7d33) x26 0x7efa7000
core   0: 0x80009594 (0x00004b01) c.li    s6, 0
core   0: 3 0x80009594 (0x4b01) x22 0x00000000
core   0: 0x80009596 (0x01843b33) sltu    s6, s0, s8
core   0: 3 0x80009596 (0x01843b33) x22 0x00000001
core   0: 0x8000959a (0x000012fd) c.addi  t0, -1
core   0: 3 0x8000959a (0x12fd) x 5 0xfffffffe
core   0: 0x8000959c (0x00000001) c.nop
core   0: 3 0x8000959c (0x0001)
core   0: 0x8000959e (0x011e1913) slli    s2, t3, 17
core   0: 3 0x8000959e (0x011e1913) x18 0xfffe0000
core   0: 0x800095a2 (0x01febab3) sltu    s5, t4, t6
core   0: 3 0x800095a2 (0x01febab3) x21 0x00000000
core   0: 0x800095a6 (0x019eb7b3) sltu    a5, t4, s9
core   0: 3 0x800095a6 (0x019eb7b3) x15 0x00000001
core   0: 0x800095aa (0x00726833) or      a6, tp, t2
core   0: 3 0x800095aa (0x00726833) x16 0xfffffdfd
core   0: 0x800095ae (0x00008e95) c.sub   a3, a3
core   0: 3 0x800095ae (0x8e95) x13 0x00000000
core   0: 0x800095b0 (0x00000146) c.slli  sp, 17
core   0: 3 0x800095b0 (0x0146) x 2 0x8dc00000
core   0: 0x800095b2 (0x034ac1b3) div     gp, s5, s4
core   0: 3 0x800095b2 (0x034ac1b3) x 3 0x00000000
core   0: 0x800095b6 (0x03011f33) mulh    t5, sp, a6
core   0: 3 0x800095b6 (0x03011f33) x30 0x000000e5
core   0: 0x800095ba (0x000081d9) c.srli  a1, 22
core   0: 3 0x800095ba (0x81d9) x11 0x00000000
core   0: 0x800095bc (0x01146bb3) or      s7, s0, a7
core   0: 3 0x800095bc (0x01146bb3) x23 0x0000002f
core   0: 0x800095c0 (0x41e1dd93) srai    s11, gp, 30
core   0: 3 0x800095c0 (0x41e1dd93) x27 0x00000000
core   0: 0x800095c4 (0x00008ef1) c.and   a3, a2
core   0: 3 0x800095c4 (0x8ef1) x13 0x00000000
core   0: 0x800095c6 (0x000080c9) c.srli  s1, 18
core   0: 3 0x800095c6 (0x80c9) x 9 0x00003fe4
core   0: 0x800095c8 (0x0000818e) c.mv    gp, gp
core   0: 3 0x800095c8 (0x818e) x 3 0x00000000
core   0: 0x800095ca (0x000045f1) c.li    a1, 28
core   0: 3 0x800095ca (0x45f1) x11 0x0000001c
core   0: 0x800095cc (0xf9b20e93) addi    t4, tp, -101
core   0: 3 0x800095cc (0xf9b20e93) x29 0xfffff8d4
core   0: 0x800095d0 (0x00008ebd) c.xor   a3, a5
core   0: 3 0x800095d0 (0x8ebd) x13 0x00000001
core   0: 0x800095d2 (0xf4408793) addi    a5, ra, -188
core   0: 3 0x800095d2 (0xf4408793) x15 0xfffffe00
core   0: 0x800095d6 (0x023ef1b3) remu    gp, t4, gp
core   0: 3 0x800095d6 (0x023ef1b3) x 3 0xfffff8d4
core   0: 0x800095da (0x015d4533) xor     a0, s10, s5
core   0: 3 0x800095da (0x015d4533) x10 0x7efa7000
core   0: 0x800095de (0x7e266813) ori     a6, a2, 2018
core   0: 3 0x800095de (0x7e266813) x16 0x000007e2
core   0: 0x800095e2 (0x0117db13) srli    s6, a5, 17
core   0: 3 0x800095e2 (0x0117db13) x22 0x00007fff
core   0: 0x800095e6 (0x03b06033) rem     zero, zero, s11
core   0: 3 0x800095e6 (0x03b06033)
core   0: 0x800095ea (0x00008f59) c.or    a4, a4
core   0: 3 0x800095ea (0x8f59) x14 0xffffffbd
core   0: 0x800095ec (0xa757f713) andi    a4, a5, -1419
core   0: 3 0x800095ec (0xa757f713) x14 0xfffffa00
core   0: 0x800095f0 (0x00771693) slli    a3, a4, 7
core   0: 3 0x800095f0 (0x00771693) x13 0xfffd0000
core   0: 0x800095f4 (0x000083f5) c.srli  a5, 29
core   0: 3 0x800095f4 (0x83f5) x15 0x00000007
core   0: 0x800095f6 (0x00008789) c.srai  a5, 2
core   0: 3 0x800095f6 (0x8789) x15 0x00000001
core   0: 0x800095f8 (0x023a28b3) mulhsu  a7, s4, gp
core   0: 3 0x800095f8 (0x023a28b3) x17 0xffffffff
core   0: 0x800095fc (0x00008f15) c.sub   a4, a3
core   0: 3 0x800095fc (0x8f15) x14 0x0002fa00
core   0: 0x800095fe (0x00009d5a) c.add   s10, s6
core   0: 3 0x800095fe (0x9d5a) x26 0x7efaefff
core   0: 0x80009600 (0x0000717d) c.addi16sp sp, -16
core   0: 3 0x80009600 (0x717d) x 2 0x8dbffff0
core   0: 0x80009602 (0x00946233) or      tp, s0, s1
core   0: 3 0x80009602 (0x00946233) x 4 0x00003fe6
core   0: 0x80009606 (0x0219edb3) rem     s11, s3, ra
core   0: 3 0x80009606 (0x0219edb3) x27 0xffffff40
core   0: 0x8000960a (0x01f990b3) sll     ra, s3, t6
core   0: 3 0x8000960a (0x01f990b3) x 1 0x8000ee64
core   0: 0x8000960e (0x00008d1d) c.sub   a0, a5
core   0: 3 0x8000960e (0x8d1d) x10 0x7efa6fff
core   0: 0x80009610 (0x00008e81) c.sub   a3, s0
core   0: 3 0x80009610 (0x8e81) x13 0xfffcfffe
core   0: 0x80009612 (0x0291ad33) mulhsu  s10, gp, s1
core   0: 3 0x80009612 (0x0291ad33) x26 0xffffffff
core   0: 0x80009616 (0x00008d46) c.mv    s10, a7
core   0: 3 0x80009616 (0x8d46) x26 0xffffffff
core   0: 0x80009618 (0x4028deb3) sra     t4, a7, sp
core   0: 3 0x80009618 (0x4028deb3) x29 0xffffffff
core   0: 0x8000961c (0x00000001) c.nop
core   0: 3 0x8000961c (0x0001)
core   0: 0x8000961e (0x00000617) auipc   a2, 0x0
core   0: 3 0x8000961e (0x00000617) x12 0x8000961e
core   0: 0x80009622 (0x00c60613) addi    a2, a2, 12
core   0: 3 0x80009622 (0x00c60613) x12 0x8000962a
core   0: 0x80009626 (0x00060067) jr      a2
core   0: 3 0x80009626 (0x00060067)
core   0: 0x8000962a (0x00004185) c.li    gp, 1
core   0: 3 0x8000962a (0x4185) x 3 0x00000001
core   0: 0x8000962c (0x00000073) ecall
core   0: exception trap_machine_ecall, epc 0x8000962c
core   0: >>>>  mtvec_handler
core   0: 0x8000963c (0x000013f1) c.addi  t2, -4
core   0: 3 0x8000963c (0x13f1) x 7 0x80012ce0
core   0: 0x8000963e (0x0133a023) sw      s3, 0(t2)
core   0: 3 0x8000963e (0x0133a023) mem 0x80012ce0 0x8000ee64
core   0: 0x80009642 (0x000389b3) add     s3, t2, zero
core   0: 3 0x80009642 (0x000389b3) x19 0x80012ce0
core   0: 0x80009646 (0xf8098993) addi    s3, s3, -128
core   0: 3 0x80009646 (0xf8098993) x19 0x80012c60
core   0: 0x8000964a (0x0019a223) sw      ra, 4(s3)
core   0: 3 0x8000964a (0x0019a223) mem 0x80012c64 0x8000ee64
core   0: 0x8000964e (0x0029a423) sw      sp, 8(s3)
core   0: 3 0x8000964e (0x0029a423) mem 0x80012c68 0x8dbffff0
core   0: 0x80009652 (0x0039a623) sw      gp, 12(s3)
core   0: 3 0x80009652 (0x0039a623) mem 0x80012c6c 0x00000001
core   0: 0x80009656 (0x0049a823) sw      tp, 16(s3)
core   0: 3 0x80009656 (0x0049a823) mem 0x80012c70 0x00003fe6
core   0: 0x8000965a (0x0059aa23) sw      t0, 20(s3)
core   0: 3 0x8000965a (0x0059aa23) mem 0x80012c74 0xfffffffe
core   0: 0x8000965e (0x0069ac23) sw      t1, 24(s3)
core   0: 3 0x8000965e (0x0069ac23) mem 0x80012c78 0x00000537
core   0: 0x80009662 (0x0079ae23) sw      t2, 28(s3)
core   0: 3 0x80009662 (0x0079ae23) mem 0x80012c7c 0x80012ce0
core   0: 0x80009666 (0x0289a023) sw      s0, 32(s3)
core   0: 3 0x80009666 (0x0289a023) mem 0x80012c80 0x00000002
core   0: 0x8000966a (0x0299a223) sw      s1, 36(s3)
core   0: 3 0x8000966a (0x0299a223) mem 0x80012c84 0x00003fe4
core   0: 0x8000966e (0x02a9a423) sw      a0, 40(s3)
core   0: 3 0x8000966e (0x02a9a423) mem 0x80012c88 0x7efa6fff
core   0: 0x80009672 (0x02b9a623) sw      a1, 44(s3)
core   0: 3 0x80009672 (0x02b9a623) mem 0x80012c8c 0x0000001c
core   0: 0x80009676 (0x02c9a823) sw      a2, 48(s3)
core   0: 3 0x80009676 (0x02c9a823) mem 0x80012c90 0x8000962a
core   0: 0x8000967a (0x02d9aa23) sw      a3, 52(s3)
core   0: 3 0x8000967a (0x02d9aa23) mem 0x80012c94 0xfffcfffe
core   0: 0x8000967e (0x02e9ac23) sw      a4, 56(s3)
core   0: 3 0x8000967e (0x02e9ac23) mem 0x80012c98 0x0002fa00
core   0: 0x80009682 (0x02f9ae23) sw      a5, 60(s3)
core   0: 3 0x80009682 (0x02f9ae23) mem 0x80012c9c 0x00000001
core   0: 0x80009686 (0x0509a023) sw      a6, 64(s3)
core   0: 3 0x80009686 (0x0509a023) mem 0x80012ca0 0x000007e2
core   0: 0x8000968a (0x0519a223) sw      a7, 68(s3)
core   0: 3 0x8000968a (0x0519a223) mem 0x80012ca4 0xffffffff
core   0: 0x8000968e (0x0529a423) sw      s2, 72(s3)
core   0: 3 0x8000968e (0x0529a423) mem 0x80012ca8 0xfffe0000
core   0: 0x80009692 (0x0539a623) sw      s3, 76(s3)
core   0: 3 0x80009692 (0x0539a623) mem 0x80012cac 0x80012c60
core   0: 0x80009696 (0x0549a823) sw      s4, 80(s3)
core   0: 3 0x80009696 (0x0549a823) mem 0x80012cb0 0xffffffff
core   0: 0x8000969a (0x0559aa23) sw      s5, 84(s3)
core   0: 3 0x8000969a (0x0559aa23) mem 0x80012cb4 0x00000000
core   0: 0x8000969e (0x0569ac23) sw      s6, 88(s3)
core   0: 3 0x8000969e (0x0569ac23) mem 0x80012cb8 0x00007fff
core   0: 0x800096a2 (0x0579ae23) sw      s7, 92(s3)
core   0: 3 0x800096a2 (0x0579ae23) mem 0x80012cbc 0x0000002f
core   0: 0x800096a6 (0x0789a023) sw      s8, 96(s3)
core   0: 3 0x800096a6 (0x0789a023) mem 0x80012cc0 0x7efa7000
core   0: 0x800096aa (0x0799a223) sw      s9, 100(s3)
core   0: 3 0x800096aa (0x0799a223) mem 0x80012cc4 0x00018245
core   0: 0x800096ae (0x07a9a423) sw      s10, 104(s3)
core   0: 3 0x800096ae (0x07a9a423) mem 0x80012cc8 0xffffffff
core   0: 0x800096b2 (0x07b9a623) sw      s11, 108(s3)
core   0: 3 0x800096b2 (0x07b9a623) mem 0x80012ccc 0xffffff40
core   0: 0x800096b6 (0x07c9a823) sw      t3, 112(s3)
core   0: 3 0x800096b6 (0x07c9a823) mem 0x80012cd0 0xffffffff
core   0: 0x800096ba (0x07d9aa23) sw      t4, 116(s3)
core   0: 3 0x800096ba (0x07d9aa23) mem 0x80012cd4 0xffffffff
core   0: 0x800096be (0x07e9ac23) sw      t5, 120(s3)
core   0: 3 0x800096be (0x07e9ac23) mem 0x80012cd8 0x000000e5
core   0: 0x800096c2 (0x07f9ae23) sw      t6, 124(s3)
core   0: 3 0x800096c2 (0x07f9ae23) mem 0x80012cdc 0x00000000
core   0: 0x800096c6 (0x000983b3) add     t2, s3, zero
core   0: 3 0x800096c6 (0x000983b3) x 7 0x80012c60
core   0: 0x800096ca (0x30002cf3) csrr    s9, mstatus
core   0: 3 0x800096ca (0x30002cf3) x25 0x00001800
core   0: 0x800096ce (0x34202cf3) csrr    s9, mcause
core   0: 3 0x800096ce (0x34202cf3) x25 0x0000000b
core   0: 0x800096d2 (0x01fcdc93) srli    s9, s9, 31
core   0: 3 0x800096d2 (0x01fcdc93) x25 0x00000000
core   0: 0x800096d6 (0x3e0c9163) bnez    s9, pc + 994
core   0: 3 0x800096d6 (0x3e0c9163)
core   0: 0x800096da (0x34102cf3) csrr    s9, mepc
core   0: 3 0x800096da (0x34102cf3) x25 0x8000962c
core   0: 0x800096de (0x34202cf3) csrr    s9, mcause
core   0: 3 0x800096de (0x34202cf3) x25 0x0000000b
core   0: 0x800096e2 (0x0000410d) c.li    sp, 3
core   0: 3 0x800096e2 (0x410d) x 2 0x00000003
core   0: 0x800096e4 (0x282c8d63) beq     s9, sp, pc + 666
core   0: 3 0x800096e4 (0x282c8d63)
core   0: 0x800096e8 (0x00004121) c.li    sp, 8
core   0: 3 0x800096e8 (0x4121) x 2 0x00000008
core   0: 0x800096ea (0x042c8563) beq     s9, sp, pc + 74
core   0: 3 0x800096ea (0x042c8563)
core   0: 0x800096ee (0x00004125) c.li    sp, 9
core   0: 3 0x800096ee (0x4125) x 2 0x00000009
core   0: 0x800096f0 (0x042c8263) beq     s9, sp, pc + 68
core   0: 3 0x800096f0 (0x042c8263)
core   0: 0x800096f4 (0x0000412d) c.li    sp, 11
core   0: 3 0x800096f4 (0x412d) x 2 0x0000000b
core   0: 0x800096f6 (0x022c8f63) beq     s9, sp, pc + 62
core   0: 3 0x800096f6 (0x022c8f63)
core   0: 0x80009734 (0xffff7c97) auipc   s9, 0xffff7
core   0: 3 0x80009734 (0xffff7c97) x25 0x80000734
core   0: 0x80009738 (0x8ccc8c93) addi    s9, s9, -1844
core   0: 3 0x80009738 (0x8ccc8c93) x25 0x80000000
core   0: 0x8000973c (0x000ca023) sw      zero, 0(s9)
core   0: 3 0x8000973c (0x000ca023) mem 0x80000000 0x00000000
core   0: 0x80009740 (0x001ca223) sw      ra, 4(s9)
core   0: 3 0x80009740 (0x001ca223) mem 0x80000004 0x8000ee64
core   0: 0x80009744 (0x002ca423) sw      sp, 8(s9)
core   0: 3 0x80009744 (0x002ca423) mem 0x80000008 0x0000000b
core   0: 0x80009748 (0x003ca623) sw      gp, 12(s9)
core   0: 3 0x80009748 (0x003ca623) mem 0x8000000c 0x00000001
core   0: 0x8000974c (0x004ca823) sw      tp, 16(s9)
core   0: 3 0x8000974c (0x004ca823) mem 0x80000010 0x00003fe6
core   0: 0x80009750 (0x005caa23) sw      t0, 20(s9)
core   0: 3 0x80009750 (0x005caa23) mem 0x80000014 0xfffffffe
core   0: 0x80009754 (0x006cac23) sw      t1, 24(s9)
core   0: 3 0x80009754 (0x006cac23) mem 0x80000018 0x00000537
core   0: 0x80009758 (0x007cae23) sw      t2, 28(s9)
core   0: 3 0x80009758 (0x007cae23) mem 0x8000001c 0x80012c60
core   0: 0x8000975c (0x028ca023) sw      s0, 32(s9)
core   0: 3 0x8000975c (0x028ca023) mem 0x80000020 0x00000002
core   0: 0x80009760 (0x029ca223) sw      s1, 36(s9)
core   0: 3 0x80009760 (0x029ca223) mem 0x80000024 0x00003fe4
core   0: 0x80009764 (0x02aca423) sw      a0, 40(s9)
core   0: 3 0x80009764 (0x02aca423) mem 0x80000028 0x7efa6fff
core   0: 0x80009768 (0x02bca623) sw      a1, 44(s9)
core   0: 3 0x80009768 (0x02bca623) mem 0x8000002c 0x0000001c
core   0: 0x8000976c (0x02cca823) sw      a2, 48(s9)
core   0: 3 0x8000976c (0x02cca823) mem 0x80000030 0x8000962a
core   0: 0x80009770 (0x02dcaa23) sw      a3, 52(s9)
core   0: 3 0x80009770 (0x02dcaa23) mem 0x80000034 0xfffcfffe
core   0: 0x80009774 (0x02ecac23) sw      a4, 56(s9)
core   0: 3 0x80009774 (0x02ecac23) mem 0x80000038 0x0002fa00
core   0: 0x80009778 (0x02fcae23) sw      a5, 60(s9)
core   0: 3 0x80009778 (0x02fcae23) mem 0x8000003c 0x00000001
core   0: 0x8000977c (0x050ca023) sw      a6, 64(s9)
core   0: 3 0x8000977c (0x050ca023) mem 0x80000040 0x000007e2
core   0: 0x80009780 (0x051ca223) sw      a7, 68(s9)
core   0: 3 0x80009780 (0x051ca223) mem 0x80000044 0xffffffff
core   0: 0x80009784 (0x052ca423) sw      s2, 72(s9)
core   0: 3 0x80009784 (0x052ca423) mem 0x80000048 0xfffe0000
core   0: 0x80009788 (0x053ca623) sw      s3, 76(s9)
core   0: 3 0x80009788 (0x053ca623) mem 0x8000004c 0x80012c60
core   0: 0x8000978c (0x054ca823) sw      s4, 80(s9)
core   0: 3 0x8000978c (0x054ca823) mem 0x80000050 0xffffffff
core   0: 0x80009790 (0x055caa23) sw      s5, 84(s9)
core   0: 3 0x80009790 (0x055caa23) mem 0x80000054 0x00000000
core   0: 0x80009794 (0x056cac23) sw      s6, 88(s9)
core   0: 3 0x80009794 (0x056cac23) mem 0x80000058 0x00007fff
core   0: 0x80009798 (0x057cae23) sw      s7, 92(s9)
core   0: 3 0x80009798 (0x057cae23) mem 0x8000005c 0x0000002f
core   0: 0x8000979c (0x078ca023) sw      s8, 96(s9)
core   0: 3 0x8000979c (0x078ca023) mem 0x80000060 0x7efa7000
core   0: 0x800097a0 (0x079ca223) sw      s9, 100(s9)
core   0: 3 0x800097a0 (0x079ca223) mem 0x80000064 0x80000000
core   0: 0x800097a4 (0x07aca423) sw      s10, 104(s9)
core   0: 3 0x800097a4 (0x07aca423) mem 0x80000068 0xffffffff
core   0: 0x800097a8 (0x07bca623) sw      s11, 108(s9)
core   0: 3 0x800097a8 (0x07bca623) mem 0x8000006c 0xffffff40
core   0: 0x800097ac (0x07cca823) sw      t3, 112(s9)
core   0: 3 0x800097ac (0x07cca823) mem 0x80000070 0xffffffff
core   0: 0x800097b0 (0x07dcaa23) sw      t4, 116(s9)
core   0: 3 0x800097b0 (0x07dcaa23) mem 0x80000074 0xffffffff
core   0: 0x800097b4 (0x07ecac23) sw      t5, 120(s9)
core   0: 3 0x800097b4 (0x07ecac23) mem 0x80000078 0x000000e5
core   0: 0x800097b8 (0x07fcae23) sw      t6, 124(s9)
core   0: 3 0x800097b8 (0x07fcae23) mem 0x8000007c 0x00000000
core   0: 0x800097bc (0x00000617) auipc   a2, 0x0
core   0: 3 0x800097bc (0x00000617) x12 0x800097bc
core   0: 0x800097c0 (0xe7460613) addi    a2, a2, -396
core   0: 3 0x800097c0 (0xe7460613) x12 0x80009630
core   0: 0x800097c4 (0x00060067) jr      a2
core   0: 3 0x800097c4 (0x00060067)
core   0: 0x80009630 (0x00001f17) auipc   t5, 0x1
core   0: 3 0x80009630 (0x00001f17) x30 0x8000a630
core   0: 0x80009634 (0x9c3f2823) sw      gp, -1584(t5)
core   0: 3 0x80009634 (0x9c3f2823) mem 0x8000a000 0x00000001
core   0: 0x80009638 (0x0000bfe5) c.j     pc - 8
core   0: 3 0x80009638 (0xbfe5)
core   0: 0x80009630 (0x00001f17) auipc   t5, 0x1
core   0: 3 0x80009630 (0x00001f17) x30 0x8000a630
core   0: 0x80009634 (0x9c3f2823) sw      gp, -1584(t5)
core   0: 3 0x80009634 (0x9c3f2823) mem 0x8000a000 0x00000001
core   0: 0x80009638 (0x0000bfe5) c.j     pc - 8
core   0: 3 0x80009638 (0xbfe5)
core   0: 0x80009630 (0x00001f17) auipc   t5, 0x1
core   0: 3 0x80009630 (0x00001f17) x30 0x8000a630
core   0: 0x80009634 (0x9c3f2823) sw      gp, -1584(t5)
core   0: 3 0x80009634 (0x9c3f2823) mem 0x8000a000 0x00000001
core   0: 0x80009638 (0x0000bfe5) c.j     pc - 8
core   0: 3 0x80009638 (0xbfe5)
core   0: 0x80009630 (0x00001f17) auipc   t5, 0x1
core   0: 3 0x80009630 (0x00001f17) x30 0x8000a630
core   0: 0x80009634 (0x9c3f2823) sw      gp, -1584(t5)
core   0: 3 0x80009634 (0x9c3f2823) mem 0x8000a000 0x00000001
core   0: 0x80009638 (0x0000bfe5) c.j     pc - 8
core   0: 3 0x80009638 (0xbfe5)
core   0: 0x80009630 (0x00001f17) auipc   t5, 0x1
core   0: 3 0x80009630 (0x00001f17) x30 0x8000a630
core   0: 0x80009634 (0x9c3f2823) sw      gp, -1584(t5)
core   0: 3 0x80009634 (0x9c3f2823) mem 0x8000a000 0x00000001
core   0: 0x80009638 (0x0000bfe5) c.j     pc - 8
core   0: 3 0x80009638 (0xbfe5)
core   0: 0x80009630 (0x00001f17) auipc   t5, 0x1
core   0: 3 0x80009630 (0x00001f17) x30 0x8000a630
core   0: 0x80009634 (0x9c3f2823) sw      gp, -1584(t5)
core   0: 3 0x80009634 (0x9c3f2823) mem 0x8000a000 0x00000001
core   0: 0x80009638 (0x0000bfe5) c.j     pc - 8
core   0: 3 0x80009638 (0xbfe5)
core   0: 0x80009630 (0x00001f17) auipc   t5, 0x1
core   0: 3 0x80009630 (0x00001f17) x30 0x8000a630
core   0: 0x80009634 (0x9c3f2823) sw      gp, -1584(t5)
core   0: 3 0x80009634 (0x9c3f2823) mem 0x8000a000 0x00000001
core   0: 0x80009638 (0x0000bfe5) c.j     pc - 8
core   0: 3 0x80009638 (0xbfe5)
core   0: 0x80009630 (0x00001f17) auipc   t5, 0x1
core   0: 3 0x80009630 (0x00001f17) x30 0x8000a630
core   0: 0x80009634 (0x9c3f2823) sw      gp, -1584(t5)
core   0: 3 0x80009634 (0x9c3f2823) mem 0x8000a000 0x00000001
core   0: 0x80009638 (0x0000bfe5) c.j     pc - 8
core   0: 3 0x80009638 (0xbfe5)
core   0: 0x80009630 (0x00001f17) auipc   t5, 0x1
core   0: 3 0x80009630 (0x00001f17) x30 0x8000a630
core   0: 0x80009634 (0x9c3f2823) sw      gp, -1584(t5)
core   0: 3 0x80009634 (0x9c3f2823) mem 0x8000a000 0x00000001
core   0: 0x80009638 (0x0000bfe5) c.j     pc - 8
core   0: 3 0x80009638 (0xbfe5)
core   0: 0x80009630 (0x00001f17) auipc   t5, 0x1
core   0: 3 0x80009630 (0x00001f17) x30 0x8000a630
core   0: 0x80009634 (0x9c3f2823) sw      gp, -1584(t5)
core   0: 3 0x80009634 (0x9c3f2823) mem 0x8000a000 0x00000001
core   0: 0x80009638 (0x0000bfe5) c.j     pc - 8
core   0: 3 0x80009638 (0xbfe5)
core   0: 0x80009630 (0x00001f17) auipc   t5, 0x1
core   0: 3 0x80009630 (0x00001f17) x30 0x8000a630
core   0: 0x80009634 (0x9c3f2823) sw      gp, -1584(t5)
core   0: 3 0x80009634 (0x9c3f2823) mem 0x8000a000 0x00000001
core   0: 0x80009638 (0x0000bfe5) c.j     pc - 8
core   0: 3 0x80009638 (0xbfe5)
core   0: 0x80009630 (0x00001f17) auipc   t5, 0x1
core   0: 3 0x80009630 (0x00001f17) x30 0x8000a630
core   0: 0x80009634 (0x9c3f2823) sw      gp, -1584(t5)
core   0: 3 0x80009634 (0x9c3f2823) mem 0x8000a000 0x00000001
core   0: 0x80009638 (0x0000bfe5) c.j     pc - 8
core   0: 3 0x80009638 (0xbfe5)
core   0: 0x80009630 (0x00001f17) auipc   t5, 0x1
core   0: 3 0x80009630 (0x00001f17) x30 0x8000a630
core   0: 0x80009634 (0x9c3f2823) sw      gp, -1584(t5)
core   0: 3 0x80009634 (0x9c3f2823) mem 0x8000a000 0x00000001
core   0: 0x80009638 (0x0000bfe5) c.j     pc - 8
core   0: 3 0x80009638 (0xbfe5)
core   0: 0x80009630 (0x00001f17) auipc   t5, 0x1
core   0: 3 0x80009630 (0x00001f17) x30 0x8000a630
core   0: 0x80009634 (0x9c3f2823) sw      gp, -1584(t5)
core   0: 3 0x80009634 (0x9c3f2823) mem 0x8000a000 0x00000001
core   0: 0x80009638 (0x0000bfe5) c.j     pc - 8
core   0: 3 0x80009638 (0xbfe5)
core   0: 0x80009630 (0x00001f17) auipc   t5, 0x1
core   0: 3 0x80009630 (0x00001f17) x30 0x8000a630
core   0: 0x80009634 (0x9c3f2823) sw      gp, -1584(t5)
core   0: 3 0x80009634 (0x9c3f2823) mem 0x8000a000 0x00000001
core   0: 0x80009638 (0x0000bfe5) c.j     pc - 8
core   0: 3 0x80009638 (0xbfe5)
core   0: 0x80009630 (0x00001f17) auipc   t5, 0x1
core   0: 3 0x80009630 (0x00001f17) x30 0x8000a630
core   0: 0x80009634 (0x9c3f2823) sw      gp, -1584(t5)
core   0: 3 0x80009634 (0x9c3f2823) mem 0x8000a000 0x00000001
core   0: 0x80009638 (0x0000bfe5) c.j     pc - 8
core   0: 3 0x80009638 (0xbfe5)
core   0: 0x80009630 (0x00001f17) auipc   t5, 0x1
core   0: 3 0x80009630 (0x00001f17) x30 0x8000a630
core   0: 0x80009634 (0x9c3f2823) sw      gp, -1584(t5)
core   0: 3 0x80009634 (0x9c3f2823) mem 0x8000a000 0x00000001
core   0: 0x80009638 (0x0000bfe5) c.j     pc - 8
core   0: 3 0x80009638 (0xbfe5)
core   0: 0x80009630 (0x00001f17) auipc   t5, 0x1
core   0: 3 0x80009630 (0x00001f17) x30 0x8000a630
core   0: 0x80009634 (0x9c3f2823) sw      gp, -1584(t5)
core   0: 3 0x80009634 (0x9c3f2823) mem 0x8000a000 0x00000001
core   0: 0x80009638 (0x0000bfe5) c.j     pc - 8
core   0: 3 0x80009638 (0xbfe5)
core   0: 0x80009630 (0x00001f17) auipc   t5, 0x1
core   0: 3 0x80009630 (0x00001f17) x30 0x8000a630
core   0: 0x80009634 (0x9c3f2823) sw      gp, -1584(t5)
core   0: 3 0x80009634 (0x9c3f2823) mem 0x8000a000 0x00000001
core   0: 0x80009638 (0x0000bfe5) c.j     pc - 8
core   0: 3 0x80009638 (0xbfe5)
core   0: 0x80009630 (0x00001f17) auipc   t5, 0x1
core   0: 3 0x80009630 (0x00001f17) x30 0x8000a630
core   0: 0x80009634 (0x9c3f2823) sw      gp, -1584(t5)
core   0: 3 0x80009634 (0x9c3f2823) mem 0x8000a000 0x00000001
core   0: 0x80009638 (0x0000bfe5) c.j     pc - 8
core   0: 3 0x80009638 (0xbfe5)
core   0: 0x80009630 (0x00001f17) auipc   t5, 0x1
core   0: 3 0x80009630 (0x00001f17) x30 0x8000a630
core   0: 0x80009634 (0x9c3f2823) sw      gp, -1584(t5)
core   0: 3 0x80009634 (0x9c3f2823) mem 0x8000a000 0x00000001
core   0: 0x80009638 (0x0000bfe5) c.j     pc - 8
core   0: 3 0x80009638 (0xbfe5)
core   0: 0x80009630 (0x00001f17) auipc   t5, 0x1
core   0: 3 0x80009630 (0x00001f17) x30 0x8000a630
core   0: 0x80009634 (0x9c3f2823) sw      gp, -1584(t5)
core   0: 3 0x80009634 (0x9c3f2823) mem 0x8000a000 0x00000001
core   0: 0x80009638 (0x0000bfe5) c.j     pc - 8
core   0: 3 0x80009638 (0xbfe5)
core   0: 0x80009630 (0x00001f17) auipc   t5, 0x1
core   0: 3 0x80009630 (0x00001f17) x30 0x8000a630
core   0: 0x80009634 (0x9c3f2823) sw      gp, -1584(t5)
core   0: 3 0x80009634 (0x9c3f2823) mem 0x8000a000 0x00000001
core   0: 0x80009638 (0x0000bfe5) c.j     pc - 8
core   0: 3 0x80009638 (0xbfe5)
core   0: 0x80009630 (0x00001f17) auipc   t5, 0x1
core   0: 3 0x80009630 (0x00001f17) x30 0x8000a630
core   0: 0x80009634 (0x9c3f2823) sw      gp, -1584(t5)
core   0: 3 0x80009634 (0x9c3f2823) mem 0x8000a000 0x00000001
core   0: 0x80009638 (0x0000bfe5) c.j     pc - 8
core   0: 3 0x80009638 (0xbfe5)
core   0: 0x80009630 (0x00001f17) auipc   t5, 0x1
core   0: 3 0x80009630 (0x00001f17) x30 0x8000a630
core   0: 0x80009634 (0x9c3f2823) sw      gp, -1584(t5)
core   0: 3 0x80009634 (0x9c3f2823) mem 0x8000a000 0x00000001
core   0: 0x80009638 (0x0000bfe5) c.j     pc - 8
core   0: 3 0x80009638 (0xbfe5)
core   0: 0x80009630 (0x00001f17) auipc   t5, 0x1
core   0: 3 0x80009630 (0x00001f17) x30 0x8000a630
core   0: 0x80009634 (0x9c3f2823) sw      gp, -1584(t5)
core   0: 3 0x80009634 (0x9c3f2823) mem 0x8000a000 0x00000001
core   0: 0x80009638 (0x0000bfe5) c.j     pc - 8
core   0: 3 0x80009638 (0xbfe5)
core   0: 0x80009630 (0x00001f17) auipc   t5, 0x1
core   0: 3 0x80009630 (0x00001f17) x30 0x8000a630
core   0: 0x80009634 (0x9c3f2823) sw      gp, -1584(t5)
core   0: 3 0x80009634 (0x9c3f2823) mem 0x8000a000 0x00000001
core   0: 0x80009638 (0x0000bfe5) c.j     pc - 8
core   0: 3 0x80009638 (0xbfe5)
core   0: 0x80009630 (0x00001f17) auipc   t5, 0x1
core   0: 3 0x80009630 (0x00001f17) x30 0x8000a630
core   0: 0x80009634 (0x9c3f2823) sw      gp, -1584(t5)
core   0: 3 0x80009634 (0x9c3f2823) mem 0x8000a000 0x00000001
core   0: 0x80009638 (0x0000bfe5) c.j     pc - 8
core   0: 3 0x80009638 (0xbfe5)
core   0: 0x80009630 (0x00001f17) auipc   t5, 0x1
core   0: 3 0x80009630 (0x00001f17) x30 0x8000a630
core   0: 0x80009634 (0x9c3f2823) sw      gp, -1584(t5)
core   0: 3 0x80009634 (0x9c3f2823) mem 0x8000a000 0x00000001
core   0: 0x80009638 (0x0000bfe5) c.j     pc - 8
core   0: 3 0x80009638 (0xbfe5)
core   0: 0x80009630 (0x00001f17) auipc   t5, 0x1
core   0: 3 0x80009630 (0x00001f17) x30 0x8000a630
core   0: 0x80009634 (0x9c3f2823) sw      gp, -1584(t5)
core   0: 3 0x80009634 (0x9c3f2823) mem 0x8000a000 0x00000001
core   0: 0x80009638 (0x0000bfe5) c.j     pc - 8
core   0: 3 0x80009638 (0xbfe5)
core   0: 0x80009630 (0x00001f17) auipc   t5, 0x1
core   0: 3 0x80009630 (0x00001f17) x30 0x8000a630
core   0: 0x80009634 (0x9c3f2823) sw      gp, -1584(t5)
core   0: 3 0x80009634 (0x9c3f2823) mem 0x8000a000 0x00000001
core   0: 0x80009638 (0x0000bfe5) c.j     pc - 8
core   0: 3 0x80009638 (0xbfe5)
core   0: 0x80009630 (0x00001f17) auipc   t5, 0x1
core   0: 3 0x80009630 (0x00001f17) x30 0x8000a630
core   0: 0x80009634 (0x9c3f2823) sw      gp, -1584(t5)
core   0: 3 0x80009634 (0x9c3f2823) mem 0x8000a000 0x00000001
core   0: 0x80009638 (0x0000bfe5) c.j     pc - 8
core   0: 3 0x80009638 (0xbfe5)
core   0: 0x80009630 (0x00001f17) auipc   t5, 0x1
core   0: 3 0x80009630 (0x00001f17) x30 0x8000a630
core   0: 0x80009634 (0x9c3f2823) sw      gp, -1584(t5)
core   0: 3 0x80009634 (0x9c3f2823) mem 0x8000a000 0x00000001
core   0: 0x80009638 (0x0000bfe5) c.j     pc - 8
core   0: 3 0x80009638 (0xbfe5)
core   0: 0x80009630 (0x00001f17) auipc   t5, 0x1
core   0: 3 0x80009630 (0x00001f17) x30 0x8000a630
core   0: 0x80009634 (0x9c3f2823) sw      gp, -1584(t5)
core   0: 3 0x80009634 (0x9c3f2823) mem 0x8000a000 0x00000001
core   0: 0x80009638 (0x0000bfe5) c.j     pc - 8
core   0: 3 0x80009638 (0xbfe5)
core   0: 0x80009630 (0x00001f17) auipc   t5, 0x1
core   0: 3 0x80009630 (0x00001f17) x30 0x8000a630
core   0: 0x80009634 (0x9c3f2823) sw      gp, -1584(t5)
core   0: 3 0x80009634 (0x9c3f2823) mem 0x8000a000 0x00000001
core   0: 0x80009638 (0x0000bfe5) c.j     pc - 8
core   0: 3 0x80009638 (0xbfe5)
core   0: 0x80009630 (0x00001f17) auipc   t5, 0x1
core   0: 3 0x80009630 (0x00001f17) x30 0x8000a630
core   0: 0x80009634 (0x9c3f2823) sw      gp, -1584(t5)
core   0: 3 0x80009634 (0x9c3f2823) mem 0x8000a000 0x00000001
core   0: 0x80009638 (0x0000bfe5) c.j     pc - 8
core   0: 3 0x80009638 (0xbfe5)
core   0: 0x80009630 (0x00001f17) auipc   t5, 0x1
core   0: 3 0x80009630 (0x00001f17) x30 0x8000a630
core   0: 0x80009634 (0x9c3f2823) sw      gp, -1584(t5)
core   0: 3 0x80009634 (0x9c3f2823) mem 0x8000a000 0x00000001
core   0: 0x80009638 (0x0000bfe5) c.j     pc - 8
core   0: 3 0x80009638 (0xbfe5)
core   0: 0x80009630 (0x00001f17) auipc   t5, 0x1
core   0: 3 0x80009630 (0x00001f17) x30 0x8000a630
core   0: 0x80009634 (0x9c3f2823) sw      gp, -1584(t5)
core   0: 3 0x80009634 (0x9c3f2823) mem 0x8000a000 0x00000001
core   0: 0x80009638 (0x0000bfe5) c.j     pc - 8
core   0: 3 0x80009638 (0xbfe5)
core   0: 0x80009630 (0x00001f17) auipc   t5, 0x1
core   0: 3 0x80009630 (0x00001f17) x30 0x8000a630
core   0: 0x80009634 (0x9c3f2823) sw      gp, -1584(t5)
core   0: 3 0x80009634 (0x9c3f2823) mem 0x8000a000 0x00000001
core   0: 0x80009638 (0x0000bfe5) c.j     pc - 8
core   0: 3 0x80009638 (0xbfe5)
core   0: 0x80009630 (0x00001f17) auipc   t5, 0x1
core   0: 3 0x80009630 (0x00001f17) x30 0x8000a630
core   0: 0x80009634 (0x9c3f2823) sw      gp, -1584(t5)
core   0: 3 0x80009634 (0x9c3f2823) mem 0x8000a000 0x00000001
core   0: 0x80009638 (0x0000bfe5) c.j     pc - 8
core   0: 3 0x80009638 (0xbfe5)
core   0: 0x80009630 (0x00001f17) auipc   t5, 0x1
core   0: 3 0x80009630 (0x00001f17) x30 0x8000a630
core   0: 0x80009634 (0x9c3f2823) sw      gp, -1584(t5)
core   0: 3 0x80009634 (0x9c3f2823) mem 0x8000a000 0x00000001
core   0: 0x80009638 (0x0000bfe5) c.j     pc - 8
core   0: 3 0x80009638 (0xbfe5)
core   0: 0x80009630 (0x00001f17) auipc   t5, 0x1
core   0: 3 0x80009630 (0x00001f17) x30 0x8000a630
core   0: 0x80009634 (0x9c3f2823) sw      gp, -1584(t5)
core   0: 3 0x80009634 (0x9c3f2823) mem 0x8000a000 0x00000001
core   0: 0x80009638 (0x0000bfe5) c.j     pc - 8
core   0: 3 0x80009638 (0xbfe5)
core   0: 0x80009630 (0x00001f17) auipc   t5, 0x1
core   0: 3 0x80009630 (0x00001f17) x30 0x8000a630
core   0: 0x80009634 (0x9c3f2823) sw      gp, -1584(t5)
core   0: 3 0x80009634 (0x9c3f2823) mem 0x8000a000 0x00000001
core   0: 0x80009638 (0x0000bfe5) c.j     pc - 8
core   0: 3 0x80009638 (0xbfe5)
core   0: 0x80009630 (0x00001f17) auipc   t5, 0x1
core   0: 3 0x80009630 (0x00001f17) x30 0x8000a630
core   0: 0x80009634 (0x9c3f2823) sw      gp, -1584(t5)
core   0: 3 0x80009634 (0x9c3f2823) mem 0x8000a000 0x00000001
core   0: 0x80009638 (0x0000bfe5) c.j     pc - 8
core   0: 3 0x80009638 (0xbfe5)
core   0: 0x80009630 (0x00001f17) auipc   t5, 0x1
core   0: 3 0x80009630 (0x00001f17) x30 0x8000a630
core   0: 0x80009634 (0x9c3f2823) sw      gp, -1584(t5)
core   0: 3 0x80009634 (0x9c3f2823) mem 0x8000a000 0x00000001
core   0: 0x80009638 (0x0000bfe5) c.j     pc - 8
core   0: 3 0x80009638 (0xbfe5)
core   0: 0x80009630 (0x00001f17) auipc   t5, 0x1
core   0: 3 0x80009630 (0x00001f17) x30 0x8000a630
core   0: 0x80009634 (0x9c3f2823) sw      gp, -1584(t5)
core   0: 3 0x80009634 (0x9c3f2823) mem 0x8000a000 0x00000001
core   0: 0x80009638 (0x0000bfe5) c.j     pc - 8
core   0: 3 0x80009638 (0xbfe5)
core   0: 0x80009630 (0x00001f17) auipc   t5, 0x1
core   0: 3 0x80009630 (0x00001f17) x30 0x8000a630
core   0: 0x80009634 (0x9c3f2823) sw      gp, -1584(t5)
core   0: 3 0x80009634 (0x9c3f2823) mem 0x8000a000 0x00000001
core   0: 0x80009638 (0x0000bfe5) c.j     pc - 8
core   0: 3 0x80009638 (0xbfe5)
core   0: 0x80009630 (0x00001f17) auipc   t5, 0x1
core   0: 3 0x80009630 (0x00001f17) x30 0x8000a630
core   0: 0x80009634 (0x9c3f2823) sw      gp, -1584(t5)
core   0: 3 0x80009634 (0x9c3f2823) mem 0x8000a000 0x00000001
core   0: 0x80009638 (0x0000bfe5) c.j     pc - 8
core   0: 3 0x80009638 (0xbfe5)
core   0: 0x80009630 (0x00001f17) auipc   t5, 0x1
core   0: 3 0x80009630 (0x00001f17) x30 0x8000a630
core   0: 0x80009634 (0x9c3f2823) sw      gp, -1584(t5)
core   0: 3 0x80009634 (0x9c3f2823) mem 0x8000a000 0x00000001
core   0: 0x80009638 (0x0000bfe5) c.j     pc - 8
core   0: 3 0x80009638 (0xbfe5)
core   0: 0x80009630 (0x00001f17) auipc   t5, 0x1
core   0: 3 0x80009630 (0x00001f17) x30 0x8000a630
core   0: 0x80009634 (0x9c3f2823) sw      gp, -1584(t5)
core   0: 3 0x80009634 (0x9c3f2823) mem 0x8000a000 0x00000001
core   0: 0x80009638 (0x0000bfe5) c.j     pc - 8
core   0: 3 0x80009638 (0xbfe5)
core   0: 0x80009630 (0x00001f17) auipc   t5, 0x1
core   0: 3 0x80009630 (0x00001f17) x30 0x8000a630
core   0: 0x80009634 (0x9c3f2823) sw      gp, -1584(t5)
core   0: 3 0x80009634 (0x9c3f2823) mem 0x8000a000 0x00000001
core   0: 0x80009638 (0x0000bfe5) c.j     pc - 8
core   0: 3 0x80009638 (0xbfe5)
core   0: 0x80009630 (0x00001f17) auipc   t5, 0x1
core   0: 3 0x80009630 (0x00001f17) x30 0x8000a630
core   0: 0x80009634 (0x9c3f2823) sw      gp, -1584(t5)
core   0: 3 0x80009634 (0x9c3f2823) mem 0x8000a000 0x00000001
core   0: 0x80009638 (0x0000bfe5) c.j     pc - 8
core   0: 3 0x80009638 (0xbfe5)
core   0: 0x80009630 (0x00001f17) auipc   t5, 0x1
core   0: 3 0x80009630 (0x00001f17) x30 0x8000a630
core   0: 0x80009634 (0x9c3f2823) sw      gp, -1584(t5)
core   0: 3 0x80009634 (0x9c3f2823) mem 0x8000a000 0x00000001
core   0: 0x80009638 (0x0000bfe5) c.j     pc - 8
core   0: 3 0x80009638 (0xbfe5)
core   0: 0x80009630 (0x00001f17) auipc   t5, 0x1
core   0: 3 0x80009630 (0x00001f17) x30 0x8000a630
core   0: 0x80009634 (0x9c3f2823) sw      gp, -1584(t5)
core   0: 3 0x80009634 (0x9c3f2823) mem 0x8000a000 0x00000001
core   0: 0x80009638 (0x0000bfe5) c.j     pc - 8
core   0: 3 0x80009638 (0xbfe5)
core   0: 0x80009630 (0x00001f17) auipc   t5, 0x1
core   0: 3 0x80009630 (0x00001f17) x30 0x8000a630
core   0: 0x80009634 (0x9c3f2823) sw      gp, -1584(t5)
core   0: 3 0x80009634 (0x9c3f2823) mem 0x8000a000 0x00000001
core   0: 0x80009638 (0x0000bfe5) c.j     pc - 8
core   0: 3 0x80009638 (0xbfe5)
core   0: 0x80009630 (0x00001f17) auipc   t5, 0x1
core   0: 3 0x80009630 (0x00001f17) x30 0x8000a630
core   0: 0x80009634 (0x9c3f2823) sw      gp, -1584(t5)
core   0: 3 0x80009634 (0x9c3f2823) mem 0x8000a000 0x00000001
core   0: 0x80009638 (0x0000bfe5) c.j     pc - 8
core   0: 3 0x80009638 (0xbfe5)
core   0: 0x80009630 (0x00001f17) auipc   t5, 0x1
core   0: 3 0x80009630 (0x00001f17) x30 0x8000a630
core   0: 0x80009634 (0x9c3f2823) sw      gp, -1584(t5)
core   0: 3 0x80009634 (0x9c3f2823) mem 0x8000a000 0x00000001
core   0: 0x80009638 (0x0000bfe5) c.j     pc - 8
core   0: 3 0x80009638 (0xbfe5)
core   0: 0x80009630 (0x00001f17) auipc   t5, 0x1
core   0: 3 0x80009630 (0x00001f17) x30 0x8000a630
core   0: 0x80009634 (0x9c3f2823) sw      gp, -1584(t5)
core   0: 3 0x80009634 (0x9c3f2823) mem 0x8000a000 0x00000001
core   0: 0x80009638 (0x0000bfe5) c.j     pc - 8
core   0: 3 0x80009638 (0xbfe5)
core   0: 0x80009630 (0x00001f17) auipc   t5, 0x1
core   0: 3 0x80009630 (0x00001f17) x30 0x8000a630
core   0: 0x80009634 (0x9c3f2823) sw      gp, -1584(t5)
core   0: 3 0x80009634 (0x9c3f2823) mem 0x8000a000 0x00000001
core   0: 0x80009638 (0x0000bfe5) c.j     pc - 8
core   0: 3 0x80009638 (0xbfe5)
core   0: 0x80009630 (0x00001f17) auipc   t5, 0x1
core   0: 3 0x80009630 (0x00001f17) x30 0x8000a630
core   0: 0x80009634 (0x9c3f2823) sw      gp, -1584(t5)
core   0: 3 0x80009634 (0x9c3f2823) mem 0x8000a000 0x00000001
core   0: 0x80009638 (0x0000bfe5) c.j     pc - 8
core   0: 3 0x80009638 (0xbfe5)
core   0: 0x80009630 (0x00001f17) auipc   t5, 0x1
core   0: 3 0x80009630 (0x00001f17) x30 0x8000a630
core   0: 0x80009634 (0x9c3f2823) sw      gp, -1584(t5)
core   0: 3 0x80009634 (0x9c3f2823) mem 0x8000a000 0x00000001
core   0: 0x80009638 (0x0000bfe5) c.j     pc - 8
core   0: 3 0x80009638 (0xbfe5)
core   0: 0x80009630 (0x00001f17) auipc   t5, 0x1
core   0: 3 0x80009630 (0x00001f17) x30 0x8000a630
core   0: 0x80009634 (0x9c3f2823) sw      gp, -1584(t5)
core   0: 3 0x80009634 (0x9c3f2823) mem 0x8000a000 0x00000001
core   0: 0x80009638 (0x0000bfe5) c.j     pc - 8
core   0: 3 0x80009638 (0xbfe5)
core   0: 0x80009630 (0x00001f17) auipc   t5, 0x1
core   0: 3 0x80009630 (0x00001f17) x30 0x8000a630
core   0: 0x80009634 (0x9c3f2823) sw      gp, -1584(t5)
core   0: 3 0x80009634 (0x9c3f2823) mem 0x8000a000 0x00000001
core   0: 0x80009638 (0x0000bfe5) c.j     pc - 8
core   0: 3 0x80009638 (0xbfe5)
core   0: 0x80009630 (0x00001f17) auipc   t5, 0x1
core   0: 3 0x80009630 (0x00001f17) x30 0x8000a630
core   0: 0x80009634 (0x9c3f2823) sw      gp, -1584(t5)
core   0: 3 0x80009634 (0x9c3f2823) mem 0x8000a000 0x00000001
core   0: 0x80009638 (0x0000bfe5) c.j     pc - 8
core   0: 3 0x80009638 (0xbfe5)
core   0: 0x80009630 (0x00001f17) auipc   t5, 0x1
core   0: 3 0x80009630 (0x00001f17) x30 0x8000a630
core   0: 0x80009634 (0x9c3f2823) sw      gp, -1584(t5)
core   0: 3 0x80009634 (0x9c3f2823) mem 0x8000a000 0x00000001
core   0: 0x80009638 (0x0000bfe5) c.j     pc - 8
core   0: 3 0x80009638 (0xbfe5)
core   0: 0x80009630 (0x00001f17) auipc   t5, 0x1
core   0: 3 0x80009630 (0x00001f17) x30 0x8000a630
core   0: 0x80009634 (0x9c3f2823) sw      gp, -1584(t5)
core   0: 3 0x80009634 (0x9c3f2823) mem 0x8000a000 0x00000001
core   0: 0x80009638 (0x0000bfe5) c.j     pc - 8
core   0: 3 0x80009638 (0xbfe5)
core   0: 0x80009630 (0x00001f17) auipc   t5, 0x1
core   0: 3 0x80009630 (0x00001f17) x30 0x8000a630
core   0: 0x80009634 (0x9c3f2823) sw      gp, -1584(t5)
core   0: 3 0x80009634 (0x9c3f2823) mem 0x8000a000 0x00000001
core   0: 0x80009638 (0x0000bfe5) c.j     pc - 8
core   0: 3 0x80009638 (0xbfe5)
core   0: 0x80009630 (0x00001f17) auipc   t5, 0x1
core   0: 3 0x80009630 (0x00001f17) x30 0x8000a630
core   0: 0x80009634 (0x9c3f2823) sw      gp, -1584(t5)
core   0: 3 0x80009634 (0x9c3f2823) mem 0x8000a000 0x00000001
core   0: 0x80009638 (0x0000bfe5) c.j     pc - 8
core   0: 3 0x80009638 (0xbfe5)
core   0: 0x80009630 (0x00001f17) auipc   t5, 0x1
core   0: 3 0x80009630 (0x00001f17) x30 0x8000a630
core   0: 0x80009634 (0x9c3f2823) sw      gp, -1584(t5)
core   0: 3 0x80009634 (0x9c3f2823) mem 0x8000a000 0x00000001
core   0: 0x80009638 (0x0000bfe5) c.j     pc - 8
core   0: 3 0x80009638 (0xbfe5)
core   0: 0x80009630 (0x00001f17) auipc   t5, 0x1
core   0: 3 0x80009630 (0x00001f17) x30 0x8000a630
core   0: 0x80009634 (0x9c3f2823) sw      gp, -1584(t5)
core   0: 3 0x80009634 (0x9c3f2823) mem 0x8000a000 0x00000001
core   0: 0x80009638 (0x0000bfe5) c.j     pc - 8
core   0: 3 0x80009638 (0xbfe5)
core   0: 0x80009630 (0x00001f17) auipc   t5, 0x1
core   0: 3 0x80009630 (0x00001f17) x30 0x8000a630
core   0: 0x80009634 (0x9c3f2823) sw      gp, -1584(t5)
core   0: 3 0x80009634 (0x9c3f2823) mem 0x8000a000 0x00000001
core   0: 0x80009638 (0x0000bfe5) c.j     pc - 8
core   0: 3 0x80009638 (0xbfe5)
core   0: 0x80009630 (0x00001f17) auipc   t5, 0x1
core   0: 3 0x80009630 (0x00001f17) x30 0x8000a630
core   0: 0x80009634 (0x9c3f2823) sw      gp, -1584(t5)
core   0: 3 0x80009634 (0x9c3f2823) mem 0x8000a000 0x00000001
core   0: 0x80009638 (0x0000bfe5) c.j     pc - 8
core   0: 3 0x80009638 (0xbfe5)
core   0: 0x80009630 (0x00001f17) auipc   t5, 0x1
core   0: 3 0x80009630 (0x00001f17) x30 0x8000a630
core   0: 0x80009634 (0x9c3f2823) sw      gp, -1584(t5)
core   0: 3 0x80009634 (0x9c3f2823) mem 0x8000a000 0x00000001
core   0: 0x80009638 (0x0000bfe5) c.j     pc - 8
core   0: 3 0x80009638 (0xbfe5)
core   0: 0x80009630 (0x00001f17) auipc   t5, 0x1
core   0: 3 0x80009630 (0x00001f17) x30 0x8000a630
core   0: 0x80009634 (0x9c3f2823) sw      gp, -1584(t5)
core   0: 3 0x80009634 (0x9c3f2823) mem 0x8000a000 0x00000001
core   0: 0x80009638 (0x0000bfe5) c.j     pc - 8
core   0: 3 0x80009638 (0xbfe5)
core   0: 0x80009630 (0x00001f17) auipc   t5, 0x1
core   0: 3 0x80009630 (0x00001f17) x30 0x8000a630
core   0: 0x80009634 (0x9c3f2823) sw      gp, -1584(t5)
core   0: 3 0x80009634 (0x9c3f2823) mem 0x8000a000 0x00000001
core   0: 0x80009638 (0x0000bfe5) c.j     pc - 8
core   0: 3 0x80009638 (0xbfe5)
core   0: 0x80009630 (0x00001f17) auipc   t5, 0x1
core   0: 3 0x80009630 (0x00001f17) x30 0x8000a630
core   0: 0x80009634 (0x9c3f2823) sw      gp, -1584(t5)
core   0: 3 0x80009634 (0x9c3f2823) mem 0x8000a000 0x00000001
core   0: 0x80009638 (0x0000bfe5) c.j     pc - 8
core   0: 3 0x80009638 (0xbfe5)
core   0: 0x80009630 (0x00001f17) auipc   t5, 0x1
core   0: 3 0x80009630 (0x00001f17) x30 0x8000a630
core   0: 0x80009634 (0x9c3f2823) sw      gp, -1584(t5)
core   0: 3 0x80009634 (0x9c3f2823) mem 0x8000a000 0x00000001
core   0: 0x80009638 (0x0000bfe5) c.j     pc - 8
core   0: 3 0x80009638 (0xbfe5)
core   0: 0x80009630 (0x00001f17) auipc   t5, 0x1
core   0: 3 0x80009630 (0x00001f17) x30 0x8000a630
core   0: 0x80009634 (0x9c3f2823) sw      gp, -1584(t5)
core   0: 3 0x80009634 (0x9c3f2823) mem 0x8000a000 0x00000001
core   0: 0x80009638 (0x0000bfe5) c.j     pc - 8
core   0: 3 0x80009638 (0xbfe5)
core   0: 0x80009630 (0x00001f17) auipc   t5, 0x1
core   0: 3 0x80009630 (0x00001f17) x30 0x8000a630
core   0: 0x80009634 (0x9c3f2823) sw      gp, -1584(t5)
core   0: 3 0x80009634 (0x9c3f2823) mem 0x8000a000 0x00000001
core   0: 0x80009638 (0x0000bfe5) c.j     pc - 8
core   0: 3 0x80009638 (0xbfe5)
core   0: 0x80009630 (0x00001f17) auipc   t5, 0x1
core   0: 3 0x80009630 (0x00001f17) x30 0x8000a630
core   0: 0x80009634 (0x9c3f2823) sw      gp, -1584(t5)
core   0: 3 0x80009634 (0x9c3f2823) mem 0x8000a000 0x00000001
core   0: 0x80009638 (0x0000bfe5) c.j     pc - 8
core   0: 3 0x80009638 (0xbfe5)
core   0: 0x80009630 (0x00001f17) auipc   t5, 0x1
core   0: 3 0x80009630 (0x00001f17) x30 0x8000a630
core   0: 0x80009634 (0x9c3f2823) sw      gp, -1584(t5)
core   0: 3 0x80009634 (0x9c3f2823) mem 0x8000a000 0x00000001
core   0: 0x80009638 (0x0000bfe5) c.j     pc - 8
core   0: 3 0x80009638 (0xbfe5)
core   0: 0x80009630 (0x00001f17) auipc   t5, 0x1
core   0: 3 0x80009630 (0x00001f17) x30 0x8000a630
core   0: 0x80009634 (0x9c3f2823) sw      gp, -1584(t5)
core   0: 3 0x80009634 (0x9c3f2823) mem 0x8000a000 0x00000001
core   0: 0x80009638 (0x0000bfe5) c.j     pc - 8
core   0: 3 0x80009638 (0xbfe5)
core   0: 0x80009630 (0x00001f17) auipc   t5, 0x1
core   0: 3 0x80009630 (0x00001f17) x30 0x8000a630
core   0: 0x80009634 (0x9c3f2823) sw      gp, -1584(t5)
core   0: 3 0x80009634 (0x9c3f2823) mem 0x8000a000 0x00000001
core   0: 0x80009638 (0x0000bfe5) c.j     pc - 8
core   0: 3 0x80009638 (0xbfe5)
core   0: 0x80009630 (0x00001f17) auipc   t5, 0x1
core   0: 3 0x80009630 (0x00001f17) x30 0x8000a630
core   0: 0x80009634 (0x9c3f2823) sw      gp, -1584(t5)
core   0: 3 0x80009634 (0x9c3f2823) mem 0x8000a000 0x00000001
core   0: 0x80009638 (0x0000bfe5) c.j     pc - 8
core   0: 3 0x80009638 (0xbfe5)
core   0: 0x80009630 (0x00001f17) auipc   t5, 0x1
core   0: 3 0x80009630 (0x00001f17) x30 0x8000a630
core   0: 0x80009634 (0x9c3f2823) sw      gp, -1584(t5)
core   0: 3 0x80009634 (0x9c3f2823) mem 0x8000a000 0x00000001
core   0: 0x80009638 (0x0000bfe5) c.j     pc - 8
core   0: 3 0x80009638 (0xbfe5)
core   0: 0x80009630 (0x00001f17) auipc   t5, 0x1
core   0: 3 0x80009630 (0x00001f17) x30 0x8000a630
core   0: 0x80009634 (0x9c3f2823) sw      gp, -1584(t5)
core   0: 3 0x80009634 (0x9c3f2823) mem 0x8000a000 0x00000001
core   0: 0x80009638 (0x0000bfe5) c.j     pc - 8
core   0: 3 0x80009638 (0xbfe5)
core   0: 0x80009630 (0x00001f17) auipc   t5, 0x1
core   0: 3 0x80009630 (0x00001f17) x30 0x8000a630
core   0: 0x80009634 (0x9c3f2823) sw      gp, -1584(t5)
core   0: 3 0x80009634 (0x9c3f2823) mem 0x8000a000 0x00000001
core   0: 0x80009638 (0x0000bfe5) c.j     pc - 8
core   0: 3 0x80009638 (0xbfe5)
core   0: 0x80009630 (0x00001f17) auipc   t5, 0x1
core   0: 3 0x80009630 (0x00001f17) x30 0x8000a630
core   0: 0x80009634 (0x9c3f2823) sw      gp, -1584(t5)
core   0: 3 0x80009634 (0x9c3f2823) mem 0x8000a000 0x00000001
core   0: 0x80009638 (0x0000bfe5) c.j     pc - 8
core   0: 3 0x80009638 (0xbfe5)
core   0: 0x80009630 (0x00001f17) auipc   t5, 0x1
core   0: 3 0x80009630 (0x00001f17) x30 0x8000a630
core   0: 0x80009634 (0x9c3f2823) sw      gp, -1584(t5)
core   0: 3 0x80009634 (0x9c3f2823) mem 0x8000a000 0x00000001
core   0: 0x80009638 (0x0000bfe5) c.j     pc - 8
core   0: 3 0x80009638 (0xbfe5)
core   0: 0x80009630 (0x00001f17) auipc   t5, 0x1
core   0: 3 0x80009630 (0x00001f17) x30 0x8000a630
core   0: 0x80009634 (0x9c3f2823) sw      gp, -1584(t5)
core   0: 3 0x80009634 (0x9c3f2823) mem 0x8000a000 0x00000001
core   0: 0x80009638 (0x0000bfe5) c.j     pc - 8
core   0: 3 0x80009638 (0xbfe5)
core   0: 0x80009630 (0x00001f17) auipc   t5, 0x1
core   0: 3 0x80009630 (0x00001f17) x30 0x8000a630
core   0: 0x80009634 (0x9c3f2823) sw      gp, -1584(t5)
core   0: 3 0x80009634 (0x9c3f2823) mem 0x8000a000 0x00000001
core   0: 0x80009638 (0x0000bfe5) c.j     pc - 8
core   0: 3 0x80009638 (0xbfe5)
core   0: 0x80009630 (0x00001f17) auipc   t5, 0x1
core   0: 3 0x80009630 (0x00001f17) x30 0x8000a630
core   0: 0x80009634 (0x9c3f2823) sw      gp, -1584(t5)
core   0: 3 0x80009634 (0x9c3f2823) mem 0x8000a000 0x00000001
core   0: 0x80009638 (0x0000bfe5) c.j     pc - 8
core   0: 3 0x80009638 (0xbfe5)
core   0: 0x80009630 (0x00001f17) auipc   t5, 0x1
core   0: 3 0x80009630 (0x00001f17) x30 0x8000a630
core   0: 0x80009634 (0x9c3f2823) sw      gp, -1584(t5)
core   0: 3 0x80009634 (0x9c3f2823) mem 0x8000a000 0x00000001
core   0: 0x80009638 (0x0000bfe5) c.j     pc - 8
core   0: 3 0x80009638 (0xbfe5)
core   0: 0x80009630 (0x00001f17) auipc   t5, 0x1
core   0: 3 0x80009630 (0x00001f17) x30 0x8000a630
core   0: 0x80009634 (0x9c3f2823) sw      gp, -1584(t5)
core   0: 3 0x80009634 (0x9c3f2823) mem 0x8000a000 0x00000001
core   0: 0x80009638 (0x0000bfe5) c.j     pc - 8
core   0: 3 0x80009638 (0xbfe5)
core   0: 0x80009630 (0x00001f17) auipc   t5, 0x1
core   0: 3 0x80009630 (0x00001f17) x30 0x8000a630
core   0: 0x80009634 (0x9c3f2823) sw      gp, -1584(t5)
core   0: 3 0x80009634 (0x9c3f2823) mem 0x8000a000 0x00000001
core   0: 0x80009638 (0x0000bfe5) c.j     pc - 8
core   0: 3 0x80009638 (0xbfe5)
core   0: 0x80009630 (0x00001f17) auipc   t5, 0x1
core   0: 3 0x80009630 (0x00001f17) x30 0x8000a630
core   0: 0x80009634 (0x9c3f2823) sw      gp, -1584(t5)
core   0: 3 0x80009634 (0x9c3f2823) mem 0x8000a000 0x00000001
core   0: 0x80009638 (0x0000bfe5) c.j     pc - 8
core   0: 3 0x80009638 (0xbfe5)
core   0: 0x80009630 (0x00001f17) auipc   t5, 0x1
core   0: 3 0x80009630 (0x00001f17) x30 0x8000a630
core   0: 0x80009634 (0x9c3f2823) sw      gp, -1584(t5)
core   0: 3 0x80009634 (0x9c3f2823) mem 0x8000a000 0x00000001
core   0: 0x80009638 (0x0000bfe5) c.j     pc - 8
core   0: 3 0x80009638 (0xbfe5)
core   0: 0x80009630 (0x00001f17) auipc   t5, 0x1
core   0: 3 0x80009630 (0x00001f17) x30 0x8000a630
core   0: 0x80009634 (0x9c3f2823) sw      gp, -1584(t5)
core   0: 3 0x80009634 (0x9c3f2823) mem 0x8000a000 0x00000001
core   0: 0x80009638 (0x0000bfe5) c.j     pc - 8
core   0: 3 0x80009638 (0xbfe5)
core   0: 0x80009630 (0x00001f17) auipc   t5, 0x1
core   0: 3 0x80009630 (0x00001f17) x30 0x8000a630
core   0: 0x80009634 (0x9c3f2823) sw      gp, -1584(t5)
core   0: 3 0x80009634 (0x9c3f2823) mem 0x8000a000 0x00000001
core   0: 0x80009638 (0x0000bfe5) c.j     pc - 8
core   0: 3 0x80009638 (0xbfe5)
core   0: 0x80009630 (0x00001f17) auipc   t5, 0x1
core   0: 3 0x80009630 (0x00001f17) x30 0x8000a630
core   0: 0x80009634 (0x9c3f2823) sw      gp, -1584(t5)
core   0: 3 0x80009634 (0x9c3f2823) mem 0x8000a000 0x00000001
core   0: 0x80009638 (0x0000bfe5) c.j     pc - 8
core   0: 3 0x80009638 (0xbfe5)
core   0: 0x80009630 (0x00001f17) auipc   t5, 0x1
core   0: 3 0x80009630 (0x00001f17) x30 0x8000a630
core   0: 0x80009634 (0x9c3f2823) sw      gp, -1584(t5)
core   0: 3 0x80009634 (0x9c3f2823) mem 0x8000a000 0x00000001
core   0: 0x80009638 (0x0000bfe5) c.j     pc - 8
core   0: 3 0x80009638 (0xbfe5)
core   0: 0x80009630 (0x00001f17) auipc   t5, 0x1
core   0: 3 0x80009630 (0x00001f17) x30 0x8000a630
core   0: 0x80009634 (0x9c3f2823) sw      gp, -1584(t5)
core   0: 3 0x80009634 (0x9c3f2823) mem 0x8000a000 0x00000001
core   0: 0x80009638 (0x0000bfe5) c.j     pc - 8
core   0: 3 0x80009638 (0xbfe5)
core   0: 0x80009630 (0x00001f17) auipc   t5, 0x1
core   0: 3 0x80009630 (0x00001f17) x30 0x8000a630
core   0: 0x80009634 (0x9c3f2823) sw      gp, -1584(t5)
core   0: 3 0x80009634 (0x9c3f2823) mem 0x8000a000 0x00000001
core   0: 0x80009638 (0x0000bfe5) c.j     pc - 8
core   0: 3 0x80009638 (0xbfe5)
core   0: 0x80009630 (0x00001f17) auipc   t5, 0x1
core   0: 3 0x80009630 (0x00001f17) x30 0x8000a630
core   0: 0x80009634 (0x9c3f2823) sw      gp, -1584(t5)
core   0: 3 0x80009634 (0x9c3f2823) mem 0x8000a000 0x00000001
core   0: 0x80009638 (0x0000bfe5) c.j     pc - 8
core   0: 3 0x80009638 (0xbfe5)
core   0: 0x80009630 (0x00001f17) auipc   t5, 0x1
core   0: 3 0x80009630 (0x00001f17) x30 0x8000a630
core   0: 0x80009634 (0x9c3f2823) sw      gp, -1584(t5)
core   0: 3 0x80009634 (0x9c3f2823) mem 0x8000a000 0x00000001
core   0: 0x80009638 (0x0000bfe5) c.j     pc - 8
core   0: 3 0x80009638 (0xbfe5)
core   0: 0x80009630 (0x00001f17) auipc   t5, 0x1
core   0: 3 0x80009630 (0x00001f17) x30 0x8000a630
core   0: 0x80009634 (0x9c3f2823) sw      gp, -1584(t5)
core   0: 3 0x80009634 (0x9c3f2823) mem 0x8000a000 0x00000001
core   0: 0x80009638 (0x0000bfe5) c.j     pc - 8
core   0: 3 0x80009638 (0xbfe5)
core   0: 0x80009630 (0x00001f17) auipc   t5, 0x1
core   0: 3 0x80009630 (0x00001f17) x30 0x8000a630
core   0: 0x80009634 (0x9c3f2823) sw      gp, -1584(t5)
core   0: 3 0x80009634 (0x9c3f2823) mem 0x8000a000 0x00000001
core   0: 0x80009638 (0x0000bfe5) c.j     pc - 8
core   0: 3 0x80009638 (0xbfe5)
core   0: 0x80009630 (0x00001f17) auipc   t5, 0x1
core   0: 3 0x80009630 (0x00001f17) x30 0x8000a630
core   0: 0x80009634 (0x9c3f2823) sw      gp, -1584(t5)
core   0: 3 0x80009634 (0x9c3f2823) mem 0x8000a000 0x00000001
core   0: 0x80009638 (0x0000bfe5) c.j     pc - 8
core   0: 3 0x80009638 (0xbfe5)
core   0: 0x80009630 (0x00001f17) auipc   t5, 0x1
core   0: 3 0x80009630 (0x00001f17) x30 0x8000a630
core   0: 0x80009634 (0x9c3f2823) sw      gp, -1584(t5)
core   0: 3 0x80009634 (0x9c3f2823) mem 0x8000a000 0x00000001
core   0: 0x80009638 (0x0000bfe5) c.j     pc - 8
core   0: 3 0x80009638 (0xbfe5)
core   0: 0x80009630 (0x00001f17) auipc   t5, 0x1
core   0: 3 0x80009630 (0x00001f17) x30 0x8000a630
core   0: 0x80009634 (0x9c3f2823) sw      gp, -1584(t5)
core   0: 3 0x80009634 (0x9c3f2823) mem 0x8000a000 0x00000001
core   0: 0x80009638 (0x0000bfe5) c.j     pc - 8
core   0: 3 0x80009638 (0xbfe5)
core   0: 0x80009630 (0x00001f17) auipc   t5, 0x1
core   0: 3 0x80009630 (0x00001f17) x30 0x8000a630
core   0: 0x80009634 (0x9c3f2823) sw      gp, -1584(t5)
core   0: 3 0x80009634 (0x9c3f2823) mem 0x8000a000 0x00000001
core   0: 0x80009638 (0x0000bfe5) c.j     pc - 8
core   0: 3 0x80009638 (0xbfe5)
core   0: 0x80009630 (0x00001f17) auipc   t5, 0x1
core   0: 3 0x80009630 (0x00001f17) x30 0x8000a630
core   0: 0x80009634 (0x9c3f2823) sw      gp, -1584(t5)
core   0: 3 0x80009634 (0x9c3f2823) mem 0x8000a000 0x00000001
core   0: 0x80009638 (0x0000bfe5) c.j     pc - 8
core   0: 3 0x80009638 (0xbfe5)
core   0: 0x80009630 (0x00001f17) auipc   t5, 0x1
core   0: 3 0x80009630 (0x00001f17) x30 0x8000a630
core   0: 0x80009634 (0x9c3f2823) sw      gp, -1584(t5)
core   0: 3 0x80009634 (0x9c3f2823) mem 0x8000a000 0x00000001
core   0: 0x80009638 (0x0000bfe5) c.j     pc - 8
core   0: 3 0x80009638 (0xbfe5)
core   0: 0x80009630 (0x00001f17) auipc   t5, 0x1
core   0: 3 0x80009630 (0x00001f17) x30 0x8000a630
core   0: 0x80009634 (0x9c3f2823) sw      gp, -1584(t5)
core   0: 3 0x80009634 (0x9c3f2823) mem 0x8000a000 0x00000001
core   0: 0x80009638 (0x0000bfe5) c.j     pc - 8
core   0: 3 0x80009638 (0xbfe5)
core   0: 0x80009630 (0x00001f17) auipc   t5, 0x1
core   0: 3 0x80009630 (0x00001f17) x30 0x8000a630
core   0: 0x80009634 (0x9c3f2823) sw      gp, -1584(t5)
core   0: 3 0x80009634 (0x9c3f2823) mem 0x8000a000 0x00000001
core   0: 0x80009638 (0x0000bfe5) c.j     pc - 8
core   0: 3 0x80009638 (0xbfe5)
core   0: 0x80009630 (0x00001f17) auipc   t5, 0x1
core   0: 3 0x80009630 (0x00001f17) x30 0x8000a630
core   0: 0x80009634 (0x9c3f2823) sw      gp, -1584(t5)
core   0: 3 0x80009634 (0x9c3f2823) mem 0x8000a000 0x00000001
core   0: 0x80009638 (0x0000bfe5) c.j     pc - 8
core   0: 3 0x80009638 (0xbfe5)
core   0: 0x80009630 (0x00001f17) auipc   t5, 0x1
core   0: 3 0x80009630 (0x00001f17) x30 0x8000a630
core   0: 0x80009634 (0x9c3f2823) sw      gp, -1584(t5)
core   0: 3 0x80009634 (0x9c3f2823) mem 0x8000a000 0x00000001
core   0: 0x80009638 (0x0000bfe5) c.j     pc - 8
core   0: 3 0x80009638 (0xbfe5)
core   0: 0x80009630 (0x00001f17) auipc   t5, 0x1
core   0: 3 0x80009630 (0x00001f17) x30 0x8000a630
core   0: 0x80009634 (0x9c3f2823) sw      gp, -1584(t5)
core   0: 3 0x80009634 (0x9c3f2823) mem 0x8000a000 0x00000001
core   0: 0x80009638 (0x0000bfe5) c.j     pc - 8
core   0: 3 0x80009638 (0xbfe5)
core   0: 0x80009630 (0x00001f17) auipc   t5, 0x1
core   0: 3 0x80009630 (0x00001f17) x30 0x8000a630
core   0: 0x80009634 (0x9c3f2823) sw      gp, -1584(t5)
core   0: 3 0x80009634 (0x9c3f2823) mem 0x8000a000 0x00000001
core   0: 0x80009638 (0x0000bfe5) c.j     pc - 8
core   0: 3 0x80009638 (0xbfe5)
core   0: 0x80009630 (0x00001f17) auipc   t5, 0x1
core   0: 3 0x80009630 (0x00001f17) x30 0x8000a630
core   0: 0x80009634 (0x9c3f2823) sw      gp, -1584(t5)
core   0: 3 0x80009634 (0x9c3f2823) mem 0x8000a000 0x00000001
core   0: 0x80009638 (0x0000bfe5) c.j     pc - 8
core   0: 3 0x80009638 (0xbfe5)
core   0: 0x80009630 (0x00001f17) auipc   t5, 0x1
core   0: 3 0x80009630 (0x00001f17) x30 0x8000a630
core   0: 0x80009634 (0x9c3f2823) sw      gp, -1584(t5)
core   0: 3 0x80009634 (0x9c3f2823) mem 0x8000a000 0x00000001
core   0: 0x80009638 (0x0000bfe5) c.j     pc - 8
core   0: 3 0x80009638 (0xbfe5)
core   0: 0x80009630 (0x00001f17) auipc   t5, 0x1
core   0: 3 0x80009630 (0x00001f17) x30 0x8000a630
core   0: 0x80009634 (0x9c3f2823) sw      gp, -1584(t5)
core   0: 3 0x80009634 (0x9c3f2823) mem 0x8000a000 0x00000001
core   0: 0x80009638 (0x0000bfe5) c.j     pc - 8
core   0: 3 0x80009638 (0xbfe5)
core   0: 0x80009630 (0x00001f17) auipc   t5, 0x1
core   0: 3 0x80009630 (0x00001f17) x30 0x8000a630
core   0: 0x80009634 (0x9c3f2823) sw      gp, -1584(t5)
core   0: 3 0x80009634 (0x9c3f2823) mem 0x8000a000 0x00000001
core   0: 0x80009638 (0x0000bfe5) c.j     pc - 8
core   0: 3 0x80009638 (0xbfe5)
core   0: 0x80009630 (0x00001f17) auipc   t5, 0x1
core   0: 3 0x80009630 (0x00001f17) x30 0x8000a630
core   0: 0x80009634 (0x9c3f2823) sw      gp, -1584(t5)
core   0: 3 0x80009634 (0x9c3f2823) mem 0x8000a000 0x00000001
core   0: 0x80009638 (0x0000bfe5) c.j     pc - 8
core   0: 3 0x80009638 (0xbfe5)
core   0: 0x80009630 (0x00001f17) auipc   t5, 0x1
core   0: 3 0x80009630 (0x00001f17) x30 0x8000a630
core   0: 0x80009634 (0x9c3f2823) sw      gp, -1584(t5)
core   0: 3 0x80009634 (0x9c3f2823) mem 0x8000a000 0x00000001
core   0: 0x80009638 (0x0000bfe5) c.j     pc - 8
core   0: 3 0x80009638 (0xbfe5)
core   0: 0x80009630 (0x00001f17) auipc   t5, 0x1
core   0: 3 0x80009630 (0x00001f17) x30 0x8000a630
core   0: 0x80009634 (0x9c3f2823) sw      gp, -1584(t5)
core   0: 3 0x80009634 (0x9c3f2823) mem 0x8000a000 0x00000001
core   0: 0x80009638 (0x0000bfe5) c.j     pc - 8
core   0: 3 0x80009638 (0xbfe5)
core   0: 0x80009630 (0x00001f17) auipc   t5, 0x1
core   0: 3 0x80009630 (0x00001f17) x30 0x8000a630
core   0: 0x80009634 (0x9c3f2823) sw      gp, -1584(t5)
core   0: 3 0x80009634 (0x9c3f2823) mem 0x8000a000 0x00000001
core   0: 0x80009638 (0x0000bfe5) c.j     pc - 8
core   0: 3 0x80009638 (0xbfe5)
core   0: 0x80009630 (0x00001f17) auipc   t5, 0x1
core   0: 3 0x80009630 (0x00001f17) x30 0x8000a630
core   0: 0x80009634 (0x9c3f2823) sw      gp, -1584(t5)
core   0: 3 0x80009634 (0x9c3f2823) mem 0x8000a000 0x00000001
core   0: 0x80009638 (0x0000bfe5) c.j     pc - 8
core   0: 3 0x80009638 (0xbfe5)
core   0: 0x80009630 (0x00001f17) auipc   t5, 0x1
core   0: 3 0x80009630 (0x00001f17) x30 0x8000a630
core   0: 0x80009634 (0x9c3f2823) sw      gp, -1584(t5)
core   0: 3 0x80009634 (0x9c3f2823) mem 0x8000a000 0x00000001
core   0: 0x80009638 (0x0000bfe5) c.j     pc - 8
core   0: 3 0x80009638 (0xbfe5)
core   0: 0x80009630 (0x00001f17) auipc   t5, 0x1
core   0: 3 0x80009630 (0x00001f17) x30 0x8000a630
core   0: 0x80009634 (0x9c3f2823) sw      gp, -1584(t5)
core   0: 3 0x80009634 (0x9c3f2823) mem 0x8000a000 0x00000001
core   0: 0x80009638 (0x0000bfe5) c.j     pc - 8
core   0: 3 0x80009638 (0xbfe5)
core   0: 0x80009630 (0x00001f17) auipc   t5, 0x1
core   0: 3 0x80009630 (0x00001f17) x30 0x8000a630
core   0: 0x80009634 (0x9c3f2823) sw      gp, -1584(t5)
core   0: 3 0x80009634 (0x9c3f2823) mem 0x8000a000 0x00000001
core   0: 0x80009638 (0x0000bfe5) c.j     pc - 8
core   0: 3 0x80009638 (0xbfe5)
core   0: 0x80009630 (0x00001f17) auipc   t5, 0x1
core   0: 3 0x80009630 (0x00001f17) x30 0x8000a630
core   0: 0x80009634 (0x9c3f2823) sw      gp, -1584(t5)
core   0: 3 0x80009634 (0x9c3f2823) mem 0x8000a000 0x00000001
core   0: 0x80009638 (0x0000bfe5) c.j     pc - 8
core   0: 3 0x80009638 (0xbfe5)
core   0: 0x80009630 (0x00001f17) auipc   t5, 0x1
core   0: 3 0x80009630 (0x00001f17) x30 0x8000a630
core   0: 0x80009634 (0x9c3f2823) sw      gp, -1584(t5)
core   0: 3 0x80009634 (0x9c3f2823) mem 0x8000a000 0x00000001
core   0: 0x80009638 (0x0000bfe5) c.j     pc - 8
core   0: 3 0x80009638 (0xbfe5)
core   0: 0x80009630 (0x00001f17) auipc   t5, 0x1
core   0: 3 0x80009630 (0x00001f17) x30 0x8000a630
core   0: 0x80009634 (0x9c3f2823) sw      gp, -1584(t5)
core   0: 3 0x80009634 (0x9c3f2823) mem 0x8000a000 0x00000001
core   0: 0x80009638 (0x0000bfe5) c.j     pc - 8
core   0: 3 0x80009638 (0xbfe5)
core   0: 0x80009630 (0x00001f17) auipc   t5, 0x1
core   0: 3 0x80009630 (0x00001f17) x30 0x8000a630
core   0: 0x80009634 (0x9c3f2823) sw      gp, -1584(t5)
core   0: 3 0x80009634 (0x9c3f2823) mem 0x8000a000 0x00000001
core   0: 0x80009638 (0x0000bfe5) c.j     pc - 8
core   0: 3 0x80009638 (0xbfe5)
core   0: 0x80009630 (0x00001f17) auipc   t5, 0x1
core   0: 3 0x80009630 (0x00001f17) x30 0x8000a630
core   0: 0x80009634 (0x9c3f2823) sw      gp, -1584(t5)
core   0: 3 0x80009634 (0x9c3f2823) mem 0x8000a000 0x00000001
core   0: 0x80009638 (0x0000bfe5) c.j     pc - 8
core   0: 3 0x80009638 (0xbfe5)
core   0: 0x80009630 (0x00001f17) auipc   t5, 0x1
core   0: 3 0x80009630 (0x00001f17) x30 0x8000a630
core   0: 0x80009634 (0x9c3f2823) sw      gp, -1584(t5)
core   0: 3 0x80009634 (0x9c3f2823) mem 0x8000a000 0x00000001
core   0: 0x80009638 (0x0000bfe5) c.j     pc - 8
core   0: 3 0x80009638 (0xbfe5)
core   0: 0x80009630 (0x00001f17) auipc   t5, 0x1
core   0: 3 0x80009630 (0x00001f17) x30 0x8000a630
core   0: 0x80009634 (0x9c3f2823) sw      gp, -1584(t5)
core   0: 3 0x80009634 (0x9c3f2823) mem 0x8000a000 0x00000001
core   0: 0x80009638 (0x0000bfe5) c.j     pc - 8
core   0: 3 0x80009638 (0xbfe5)
core   0: 0x80009630 (0x00001f17) auipc   t5, 0x1
core   0: 3 0x80009630 (0x00001f17) x30 0x8000a630
core   0: 0x80009634 (0x9c3f2823) sw      gp, -1584(t5)
core   0: 3 0x80009634 (0x9c3f2823) mem 0x8000a000 0x00000001
core   0: 0x80009638 (0x0000bfe5) c.j     pc - 8
core   0: 3 0x80009638 (0xbfe5)
core   0: 0x80009630 (0x00001f17) auipc   t5, 0x1
core   0: 3 0x80009630 (0x00001f17) x30 0x8000a630
core   0: 0x80009634 (0x9c3f2823) sw      gp, -1584(t5)
core   0: 3 0x80009634 (0x9c3f2823) mem 0x8000a000 0x00000001
core   0: 0x80009638 (0x0000bfe5) c.j     pc - 8
core   0: 3 0x80009638 (0xbfe5)
core   0: 0x80009630 (0x00001f17) auipc   t5, 0x1
core   0: 3 0x80009630 (0x00001f17) x30 0x8000a630
core   0: 0x80009634 (0x9c3f2823) sw      gp, -1584(t5)
core   0: 3 0x80009634 (0x9c3f2823) mem 0x8000a000 0x00000001
core   0: 0x80009638 (0x0000bfe5) c.j     pc - 8
core   0: 3 0x80009638 (0xbfe5)
core   0: 0x80009630 (0x00001f17) auipc   t5, 0x1
core   0: 3 0x80009630 (0x00001f17) x30 0x8000a630
core   0: 0x80009634 (0x9c3f2823) sw      gp, -1584(t5)
core   0: 3 0x80009634 (0x9c3f2823) mem 0x8000a000 0x00000001
core   0: 0x80009638 (0x0000bfe5) c.j     pc - 8
core   0: 3 0x80009638 (0xbfe5)
core   0: 0x80009630 (0x00001f17) auipc   t5, 0x1
core   0: 3 0x80009630 (0x00001f17) x30 0x8000a630
core   0: 0x80009634 (0x9c3f2823) sw      gp, -1584(t5)
core   0: 3 0x80009634 (0x9c3f2823) mem 0x8000a000 0x00000001
core   0: 0x80009638 (0x0000bfe5) c.j     pc - 8
core   0: 3 0x80009638 (0xbfe5)
core   0: 0x80009630 (0x00001f17) auipc   t5, 0x1
core   0: 3 0x80009630 (0x00001f17) x30 0x8000a630
core   0: 0x80009634 (0x9c3f2823) sw      gp, -1584(t5)
core   0: 3 0x80009634 (0x9c3f2823) mem 0x8000a000 0x00000001
core   0: 0x80009638 (0x0000bfe5) c.j     pc - 8
core   0: 3 0x80009638 (0xbfe5)
core   0: 0x80009630 (0x00001f17) auipc   t5, 0x1
core   0: 3 0x80009630 (0x00001f17) x30 0x8000a630
core   0: 0x80009634 (0x9c3f2823) sw      gp, -1584(t5)
core   0: 3 0x80009634 (0x9c3f2823) mem 0x8000a000 0x00000001
core   0: 0x80009638 (0x0000bfe5) c.j     pc - 8
core   0: 3 0x80009638 (0xbfe5)
core   0: 0x80009630 (0x00001f17) auipc   t5, 0x1
core   0: 3 0x80009630 (0x00001f17) x30 0x8000a630
core   0: 0x80009634 (0x9c3f2823) sw      gp, -1584(t5)
core   0: 3 0x80009634 (0x9c3f2823) mem 0x8000a000 0x00000001
core   0: 0x80009638 (0x0000bfe5) c.j     pc - 8
core   0: 3 0x80009638 (0xbfe5)
core   0: 0x80009630 (0x00001f17) auipc   t5, 0x1
core   0: 3 0x80009630 (0x00001f17) x30 0x8000a630
core   0: 0x80009634 (0x9c3f2823) sw      gp, -1584(t5)
core   0: 3 0x80009634 (0x9c3f2823) mem 0x8000a000 0x00000001
core   0: 0x80009638 (0x0000bfe5) c.j     pc - 8
core   0: 3 0x80009638 (0xbfe5)
core   0: 0x80009630 (0x00001f17) auipc   t5, 0x1
core   0: 3 0x80009630 (0x00001f17) x30 0x8000a630
core   0: 0x80009634 (0x9c3f2823) sw      gp, -1584(t5)
core   0: 3 0x80009634 (0x9c3f2823) mem 0x8000a000 0x00000001
core   0: 0x80009638 (0x0000bfe5) c.j     pc - 8
core   0: 3 0x80009638 (0xbfe5)
core   0: 0x80009630 (0x00001f17) auipc   t5, 0x1
core   0: 3 0x80009630 (0x00001f17) x30 0x8000a630
core   0: 0x80009634 (0x9c3f2823) sw      gp, -1584(t5)
core   0: 3 0x80009634 (0x9c3f2823) mem 0x8000a000 0x00000001
core   0: 0x80009638 (0x0000bfe5) c.j     pc - 8
core   0: 3 0x80009638 (0xbfe5)
core   0: 0x80009630 (0x00001f17) auipc   t5, 0x1
core   0: 3 0x80009630 (0x00001f17) x30 0x8000a630
core   0: 0x80009634 (0x9c3f2823) sw      gp, -1584(t5)
core   0: 3 0x80009634 (0x9c3f2823) mem 0x8000a000 0x00000001
core   0: 0x80009638 (0x0000bfe5) c.j     pc - 8
core   0: 3 0x80009638 (0xbfe5)
core   0: 0x80009630 (0x00001f17) auipc   t5, 0x1
core   0: 3 0x80009630 (0x00001f17) x30 0x8000a630
core   0: 0x80009634 (0x9c3f2823) sw      gp, -1584(t5)
core   0: 3 0x80009634 (0x9c3f2823) mem 0x8000a000 0x00000001
core   0: 0x80009638 (0x0000bfe5) c.j     pc - 8
core   0: 3 0x80009638 (0xbfe5)
core   0: 0x80009630 (0x00001f17) auipc   t5, 0x1
core   0: 3 0x80009630 (0x00001f17) x30 0x8000a630
core   0: 0x80009634 (0x9c3f2823) sw      gp, -1584(t5)
core   0: 3 0x80009634 (0x9c3f2823) mem 0x8000a000 0x00000001
core   0: 0x80009638 (0x0000bfe5) c.j     pc - 8
core   0: 3 0x80009638 (0xbfe5)
core   0: 0x80009630 (0x00001f17) auipc   t5, 0x1
core   0: 3 0x80009630 (0x00001f17) x30 0x8000a630
core   0: 0x80009634 (0x9c3f2823) sw      gp, -1584(t5)
core   0: 3 0x80009634 (0x9c3f2823) mem 0x8000a000 0x00000001
core   0: 0x80009638 (0x0000bfe5) c.j     pc - 8
core   0: 3 0x80009638 (0xbfe5)
core   0: 0x80009630 (0x00001f17) auipc   t5, 0x1
core   0: 3 0x80009630 (0x00001f17) x30 0x8000a630
core   0: 0x80009634 (0x9c3f2823) sw      gp, -1584(t5)
core   0: 3 0x80009634 (0x9c3f2823) mem 0x8000a000 0x00000001
core   0: 0x80009638 (0x0000bfe5) c.j     pc - 8
core   0: 3 0x80009638 (0xbfe5)
core   0: 0x80009630 (0x00001f17) auipc   t5, 0x1
core   0: 3 0x80009630 (0x00001f17) x30 0x8000a630
core   0: 0x80009634 (0x9c3f2823) sw      gp, -1584(t5)
core   0: 3 0x80009634 (0x9c3f2823) mem 0x8000a000 0x00000001
core   0: 0x80009638 (0x0000bfe5) c.j     pc - 8
core   0: 3 0x80009638 (0xbfe5)
core   0: 0x80009630 (0x00001f17) auipc   t5, 0x1
core   0: 3 0x80009630 (0x00001f17) x30 0x8000a630
core   0: 0x80009634 (0x9c3f2823) sw      gp, -1584(t5)
core   0: 3 0x80009634 (0x9c3f2823) mem 0x8000a000 0x00000001
core   0: 0x80009638 (0x0000bfe5) c.j     pc - 8
core   0: 3 0x80009638 (0xbfe5)
core   0: 0x80009630 (0x00001f17) auipc   t5, 0x1
core   0: 3 0x80009630 (0x00001f17) x30 0x8000a630
core   0: 0x80009634 (0x9c3f2823) sw      gp, -1584(t5)
core   0: 3 0x80009634 (0x9c3f2823) mem 0x8000a000 0x00000001
core   0: 0x80009638 (0x0000bfe5) c.j     pc - 8
core   0: 3 0x80009638 (0xbfe5)
core   0: 0x80009630 (0x00001f17) auipc   t5, 0x1
core   0: 3 0x80009630 (0x00001f17) x30 0x8000a630
core   0: 0x80009634 (0x9c3f2823) sw      gp, -1584(t5)
core   0: 3 0x80009634 (0x9c3f2823) mem 0x8000a000 0x00000001
core   0: 0x80009638 (0x0000bfe5) c.j     pc - 8
core   0: 3 0x80009638 (0xbfe5)
core   0: 0x80009630 (0x00001f17) auipc   t5, 0x1
core   0: 3 0x80009630 (0x00001f17) x30 0x8000a630
core   0: 0x80009634 (0x9c3f2823) sw      gp, -1584(t5)
core   0: 3 0x80009634 (0x9c3f2823) mem 0x8000a000 0x00000001
core   0: 0x80009638 (0x0000bfe5) c.j     pc - 8
core   0: 3 0x80009638 (0xbfe5)
core   0: 0x80009630 (0x00001f17) auipc   t5, 0x1
core   0: 3 0x80009630 (0x00001f17) x30 0x8000a630
core   0: 0x80009634 (0x9c3f2823) sw      gp, -1584(t5)
core   0: 3 0x80009634 (0x9c3f2823) mem 0x8000a000 0x00000001
core   0: 0x80009638 (0x0000bfe5) c.j     pc - 8
core   0: 3 0x80009638 (0xbfe5)
core   0: 0x80009630 (0x00001f17) auipc   t5, 0x1
core   0: 3 0x80009630 (0x00001f17) x30 0x8000a630
core   0: 0x80009634 (0x9c3f2823) sw      gp, -1584(t5)
core   0: 3 0x80009634 (0x9c3f2823) mem 0x8000a000 0x00000001
core   0: 0x80009638 (0x0000bfe5) c.j     pc - 8
core   0: 3 0x80009638 (0xbfe5)
core   0: 0x80009630 (0x00001f17) auipc   t5, 0x1
core   0: 3 0x80009630 (0x00001f17) x30 0x8000a630
core   0: 0x80009634 (0x9c3f2823) sw      gp, -1584(t5)
core   0: 3 0x80009634 (0x9c3f2823) mem 0x8000a000 0x00000001
core   0: 0x80009638 (0x0000bfe5) c.j     pc - 8
core   0: 3 0x80009638 (0xbfe5)
core   0: 0x80009630 (0x00001f17) auipc   t5, 0x1
core   0: 3 0x80009630 (0x00001f17) x30 0x8000a630
core   0: 0x80009634 (0x9c3f2823) sw      gp, -1584(t5)
core   0: 3 0x80009634 (0x9c3f2823) mem 0x8000a000 0x00000001
core   0: 0x80009638 (0x0000bfe5) c.j     pc - 8
core   0: 3 0x80009638 (0xbfe5)
core   0: 0x80009630 (0x00001f17) auipc   t5, 0x1
core   0: 3 0x80009630 (0x00001f17) x30 0x8000a630
core   0: 0x80009634 (0x9c3f2823) sw      gp, -1584(t5)
core   0: 3 0x80009634 (0x9c3f2823) mem 0x8000a000 0x00000001
core   0: 0x80009638 (0x0000bfe5) c.j     pc - 8
core   0: 3 0x80009638 (0xbfe5)
core   0: 0x80009630 (0x00001f17) auipc   t5, 0x1
core   0: 3 0x80009630 (0x00001f17) x30 0x8000a630
core   0: 0x80009634 (0x9c3f2823) sw      gp, -1584(t5)
core   0: 3 0x80009634 (0x9c3f2823) mem 0x8000a000 0x00000001
core   0: 0x80009638 (0x0000bfe5) c.j     pc - 8
core   0: 3 0x80009638 (0xbfe5)
core   0: 0x80009630 (0x00001f17) auipc   t5, 0x1
core   0: 3 0x80009630 (0x00001f17) x30 0x8000a630
core   0: 0x80009634 (0x9c3f2823) sw      gp, -1584(t5)
core   0: 3 0x80009634 (0x9c3f2823) mem 0x8000a000 0x00000001
core   0: 0x80009638 (0x0000bfe5) c.j     pc - 8
core   0: 3 0x80009638 (0xbfe5)
core   0: 0x80009630 (0x00001f17) auipc   t5, 0x1
core   0: 3 0x80009630 (0x00001f17) x30 0x8000a630
core   0: 0x80009634 (0x9c3f2823) sw      gp, -1584(t5)
core   0: 3 0x80009634 (0x9c3f2823) mem 0x8000a000 0x00000001
core   0: 0x80009638 (0x0000bfe5) c.j     pc - 8
core   0: 3 0x80009638 (0xbfe5)
core   0: 0x80009630 (0x00001f17) auipc   t5, 0x1
core   0: 3 0x80009630 (0x00001f17) x30 0x8000a630
core   0: 0x80009634 (0x9c3f2823) sw      gp, -1584(t5)
core   0: 3 0x80009634 (0x9c3f2823) mem 0x8000a000 0x00000001
core   0: 0x80009638 (0x0000bfe5) c.j     pc - 8
core   0: 3 0x80009638 (0xbfe5)
core   0: 0x80009630 (0x00001f17) auipc   t5, 0x1
core   0: 3 0x80009630 (0x00001f17) x30 0x8000a630
core   0: 0x80009634 (0x9c3f2823) sw      gp, -1584(t5)
core   0: 3 0x80009634 (0x9c3f2823) mem 0x8000a000 0x00000001
core   0: 0x80009638 (0x0000bfe5) c.j     pc - 8
core   0: 3 0x80009638 (0xbfe5)
core   0: 0x80009630 (0x00001f17) auipc   t5, 0x1
core   0: 3 0x80009630 (0x00001f17) x30 0x8000a630
core   0: 0x80009634 (0x9c3f2823) sw      gp, -1584(t5)
core   0: 3 0x80009634 (0x9c3f2823) mem 0x8000a000 0x00000001
core   0: 0x80009638 (0x0000bfe5) c.j     pc - 8
core   0: 3 0x80009638 (0xbfe5)
core   0: 0x80009630 (0x00001f17) auipc   t5, 0x1
core   0: 3 0x80009630 (0x00001f17) x30 0x8000a630
core   0: 0x80009634 (0x9c3f2823) sw      gp, -1584(t5)
core   0: 3 0x80009634 (0x9c3f2823) mem 0x8000a000 0x00000001
core   0: 0x80009638 (0x0000bfe5) c.j     pc - 8
core   0: 3 0x80009638 (0xbfe5)
core   0: 0x80009630 (0x00001f17) auipc   t5, 0x1
core   0: 3 0x80009630 (0x00001f17) x30 0x8000a630
core   0: 0x80009634 (0x9c3f2823) sw      gp, -1584(t5)
core   0: 3 0x80009634 (0x9c3f2823) mem 0x8000a000 0x00000001
core   0: 0x80009638 (0x0000bfe5) c.j     pc - 8
core   0: 3 0x80009638 (0xbfe5)
core   0: 0x80009630 (0x00001f17) auipc   t5, 0x1
core   0: 3 0x80009630 (0x00001f17) x30 0x8000a630
core   0: 0x80009634 (0x9c3f2823) sw      gp, -1584(t5)
core   0: 3 0x80009634 (0x9c3f2823) mem 0x8000a000 0x00000001
core   0: 0x80009638 (0x0000bfe5) c.j     pc - 8
core   0: 3 0x80009638 (0xbfe5)
core   0: 0x80009630 (0x00001f17) auipc   t5, 0x1
core   0: 3 0x80009630 (0x00001f17) x30 0x8000a630
core   0: 0x80009634 (0x9c3f2823) sw      gp, -1584(t5)
core   0: 3 0x80009634 (0x9c3f2823) mem 0x8000a000 0x00000001
core   0: 0x80009638 (0x0000bfe5) c.j     pc - 8
core   0: 3 0x80009638 (0xbfe5)
core   0: 0x80009630 (0x00001f17) auipc   t5, 0x1
core   0: 3 0x80009630 (0x00001f17) x30 0x8000a630
core   0: 0x80009634 (0x9c3f2823) sw      gp, -1584(t5)
core   0: 3 0x80009634 (0x9c3f2823) mem 0x8000a000 0x00000001
core   0: 0x80009638 (0x0000bfe5) c.j     pc - 8
core   0: 3 0x80009638 (0xbfe5)
core   0: 0x80009630 (0x00001f17) auipc   t5, 0x1
core   0: 3 0x80009630 (0x00001f17) x30 0x8000a630
core   0: 0x80009634 (0x9c3f2823) sw      gp, -1584(t5)
core   0: 3 0x80009634 (0x9c3f2823) mem 0x8000a000 0x00000001
core   0: 0x80009638 (0x0000bfe5) c.j     pc - 8
core   0: 3 0x80009638 (0xbfe5)
core   0: 0x80009630 (0x00001f17) auipc   t5, 0x1
core   0: 3 0x80009630 (0x00001f17) x30 0x8000a630
core   0: 0x80009634 (0x9c3f2823) sw      gp, -1584(t5)
core   0: 3 0x80009634 (0x9c3f2823) mem 0x8000a000 0x00000001
core   0: 0x80009638 (0x0000bfe5) c.j     pc - 8
core   0: 3 0x80009638 (0xbfe5)
core   0: 0x80009630 (0x00001f17) auipc   t5, 0x1
core   0: 3 0x80009630 (0x00001f17) x30 0x8000a630
core   0: 0x80009634 (0x9c3f2823) sw      gp, -1584(t5)
core   0: 3 0x80009634 (0x9c3f2823) mem 0x8000a000 0x00000001
core   0: 0x80009638 (0x0000bfe5) c.j     pc - 8
core   0: 3 0x80009638 (0xbfe5)
core   0: 0x80009630 (0x00001f17) auipc   t5, 0x1
core   0: 3 0x80009630 (0x00001f17) x30 0x8000a630
core   0: 0x80009634 (0x9c3f2823) sw      gp, -1584(t5)
core   0: 3 0x80009634 (0x9c3f2823) mem 0x8000a000 0x00000001
core   0: 0x80009638 (0x0000bfe5) c.j     pc - 8
core   0: 3 0x80009638 (0xbfe5)
core   0: 0x80009630 (0x00001f17) auipc   t5, 0x1
core   0: 3 0x80009630 (0x00001f17) x30 0x8000a630
core   0: 0x80009634 (0x9c3f2823) sw      gp, -1584(t5)
core   0: 3 0x80009634 (0x9c3f2823) mem 0x8000a000 0x00000001
core   0: 0x80009638 (0x0000bfe5) c.j     pc - 8
core   0: 3 0x80009638 (0xbfe5)
core   0: 0x80009630 (0x00001f17) auipc   t5, 0x1
core   0: 3 0x80009630 (0x00001f17) x30 0x8000a630
core   0: 0x80009634 (0x9c3f2823) sw      gp, -1584(t5)
core   0: 3 0x80009634 (0x9c3f2823) mem 0x8000a000 0x00000001
core   0: 0x80009638 (0x0000bfe5) c.j     pc - 8
core   0: 3 0x80009638 (0xbfe5)
core   0: 0x80009630 (0x00001f17) auipc   t5, 0x1
core   0: 3 0x80009630 (0x00001f17) x30 0x8000a630
core   0: 0x80009634 (0x9c3f2823) sw      gp, -1584(t5)
core   0: 3 0x80009634 (0x9c3f2823) mem 0x8000a000 0x00000001
core   0: 0x80009638 (0x0000bfe5) c.j     pc - 8
core   0: 3 0x80009638 (0xbfe5)
core   0: 0x80009630 (0x00001f17) auipc   t5, 0x1
core   0: 3 0x80009630 (0x00001f17) x30 0x8000a630
core   0: 0x80009634 (0x9c3f2823) sw      gp, -1584(t5)
core   0: 3 0x80009634 (0x9c3f2823) mem 0x8000a000 0x00000001
core   0: 0x80009638 (0x0000bfe5) c.j     pc - 8
core   0: 3 0x80009638 (0xbfe5)
core   0: 0x80009630 (0x00001f17) auipc   t5, 0x1
core   0: 3 0x80009630 (0x00001f17) x30 0x8000a630
core   0: 0x80009634 (0x9c3f2823) sw      gp, -1584(t5)
core   0: 3 0x80009634 (0x9c3f2823) mem 0x8000a000 0x00000001
core   0: 0x80009638 (0x0000bfe5) c.j     pc - 8
core   0: 3 0x80009638 (0xbfe5)
core   0: 0x80009630 (0x00001f17) auipc   t5, 0x1
core   0: 3 0x80009630 (0x00001f17) x30 0x8000a630
core   0: 0x80009634 (0x9c3f2823) sw      gp, -1584(t5)
core   0: 3 0x80009634 (0x9c3f2823) mem 0x8000a000 0x00000001
core   0: 0x80009638 (0x0000bfe5) c.j     pc - 8
core   0: 3 0x80009638 (0xbfe5)
core   0: 0x80009630 (0x00001f17) auipc   t5, 0x1
core   0: 3 0x80009630 (0x00001f17) x30 0x8000a630
core   0: 0x80009634 (0x9c3f2823) sw      gp, -1584(t5)
core   0: 3 0x80009634 (0x9c3f2823) mem 0x8000a000 0x00000001
core   0: 0x80009638 (0x0000bfe5) c.j     pc - 8
core   0: 3 0x80009638 (0xbfe5)
core   0: 0x80009630 (0x00001f17) auipc   t5, 0x1
core   0: 3 0x80009630 (0x00001f17) x30 0x8000a630
core   0: 0x80009634 (0x9c3f2823) sw      gp, -1584(t5)
core   0: 3 0x80009634 (0x9c3f2823) mem 0x8000a000 0x00000001
core   0: 0x80009638 (0x0000bfe5) c.j     pc - 8
core   0: 3 0x80009638 (0xbfe5)
core   0: 0x80009630 (0x00001f17) auipc   t5, 0x1
core   0: 3 0x80009630 (0x00001f17) x30 0x8000a630
core   0: 0x80009634 (0x9c3f2823) sw      gp, -1584(t5)
core   0: 3 0x80009634 (0x9c3f2823) mem 0x8000a000 0x00000001
core   0: 0x80009638 (0x0000bfe5) c.j     pc - 8
core   0: 3 0x80009638 (0xbfe5)
core   0: 0x80009630 (0x00001f17) auipc   t5, 0x1
core   0: 3 0x80009630 (0x00001f17) x30 0x8000a630
core   0: 0x80009634 (0x9c3f2823) sw      gp, -1584(t5)
core   0: 3 0x80009634 (0x9c3f2823) mem 0x8000a000 0x00000001
core   0: 0x80009638 (0x0000bfe5) c.j     pc - 8
core   0: 3 0x80009638 (0xbfe5)
core   0: 0x80009630 (0x00001f17) auipc   t5, 0x1
core   0: 3 0x80009630 (0x00001f17) x30 0x8000a630
core   0: 0x80009634 (0x9c3f2823) sw      gp, -1584(t5)
core   0: 3 0x80009634 (0x9c3f2823) mem 0x8000a000 0x00000001
core   0: 0x80009638 (0x0000bfe5) c.j     pc - 8
core   0: 3 0x80009638 (0xbfe5)
core   0: 0x80009630 (0x00001f17) auipc   t5, 0x1
core   0: 3 0x80009630 (0x00001f17) x30 0x8000a630
core   0: 0x80009634 (0x9c3f2823) sw      gp, -1584(t5)
core   0: 3 0x80009634 (0x9c3f2823) mem 0x8000a000 0x00000001
core   0: 0x80009638 (0x0000bfe5) c.j     pc - 8
core   0: 3 0x80009638 (0xbfe5)
core   0: 0x80009630 (0x00001f17) auipc   t5, 0x1
core   0: 3 0x80009630 (0x00001f17) x30 0x8000a630
core   0: 0x80009634 (0x9c3f2823) sw      gp, -1584(t5)
core   0: 3 0x80009634 (0x9c3f2823) mem 0x8000a000 0x00000001
core   0: 0x80009638 (0x0000bfe5) c.j     pc - 8
core   0: 3 0x80009638 (0xbfe5)
core   0: 0x80009630 (0x00001f17) auipc   t5, 0x1
core   0: 3 0x80009630 (0x00001f17) x30 0x8000a630
core   0: 0x80009634 (0x9c3f2823) sw      gp, -1584(t5)
core   0: 3 0x80009634 (0x9c3f2823) mem 0x8000a000 0x00000001
core   0: 0x80009638 (0x0000bfe5) c.j     pc - 8
core   0: 3 0x80009638 (0xbfe5)
core   0: 0x80009630 (0x00001f17) auipc   t5, 0x1
core   0: 3 0x80009630 (0x00001f17) x30 0x8000a630
core   0: 0x80009634 (0x9c3f2823) sw      gp, -1584(t5)
core   0: 3 0x80009634 (0x9c3f2823) mem 0x8000a000 0x00000001
core   0: 0x80009638 (0x0000bfe5) c.j     pc - 8
core   0: 3 0x80009638 (0xbfe5)
core   0: 0x80009630 (0x00001f17) auipc   t5, 0x1
core   0: 3 0x80009630 (0x00001f17) x30 0x8000a630
core   0: 0x80009634 (0x9c3f2823) sw      gp, -1584(t5)
core   0: 3 0x80009634 (0x9c3f2823) mem 0x8000a000 0x00000001
core   0: 0x80009638 (0x0000bfe5) c.j     pc - 8
core   0: 3 0x80009638 (0xbfe5)
core   0: 0x80009630 (0x00001f17) auipc   t5, 0x1
core   0: 3 0x80009630 (0x00001f17) x30 0x8000a630
core   0: 0x80009634 (0x9c3f2823) sw      gp, -1584(t5)
core   0: 3 0x80009634 (0x9c3f2823) mem 0x8000a000 0x00000001
core   0: 0x80009638 (0x0000bfe5) c.j     pc - 8
core   0: 3 0x80009638 (0xbfe5)
core   0: 0x80009630 (0x00001f17) auipc   t5, 0x1
core   0: 3 0x80009630 (0x00001f17) x30 0x8000a630
core   0: 0x80009634 (0x9c3f2823) sw      gp, -1584(t5)
core   0: 3 0x80009634 (0x9c3f2823) mem 0x8000a000 0x00000001
core   0: 0x80009638 (0x0000bfe5) c.j     pc - 8
core   0: 3 0x80009638 (0xbfe5)
core   0: 0x80009630 (0x00001f17) auipc   t5, 0x1
core   0: 3 0x80009630 (0x00001f17) x30 0x8000a630
core   0: 0x80009634 (0x9c3f2823) sw      gp, -1584(t5)
core   0: 3 0x80009634 (0x9c3f2823) mem 0x8000a000 0x00000001
core   0: 0x80009638 (0x0000bfe5) c.j     pc - 8
core   0: 3 0x80009638 (0xbfe5)
core   0: 0x80009630 (0x00001f17) auipc   t5, 0x1
core   0: 3 0x80009630 (0x00001f17) x30 0x8000a630
core   0: 0x80009634 (0x9c3f2823) sw      gp, -1584(t5)
core   0: 3 0x80009634 (0x9c3f2823) mem 0x8000a000 0x00000001
core   0: 0x80009638 (0x0000bfe5) c.j     pc - 8
core   0: 3 0x80009638 (0xbfe5)
core   0: 0x80009630 (0x00001f17) auipc   t5, 0x1
core   0: 3 0x80009630 (0x00001f17) x30 0x8000a630
core   0: 0x80009634 (0x9c3f2823) sw      gp, -1584(t5)
core   0: 3 0x80009634 (0x9c3f2823) mem 0x8000a000 0x00000001
core   0: 0x80009638 (0x0000bfe5) c.j     pc - 8
core   0: 3 0x80009638 (0xbfe5)
core   0: 0x80009630 (0x00001f17) auipc   t5, 0x1
core   0: 3 0x80009630 (0x00001f17) x30 0x8000a630
core   0: 0x80009634 (0x9c3f2823) sw      gp, -1584(t5)
core   0: 3 0x80009634 (0x9c3f2823) mem 0x8000a000 0x00000001
core   0: 0x80009638 (0x0000bfe5) c.j     pc - 8
core   0: 3 0x80009638 (0xbfe5)
core   0: 0x80009630 (0x00001f17) auipc   t5, 0x1
core   0: 3 0x80009630 (0x00001f17) x30 0x8000a630
core   0: 0x80009634 (0x9c3f2823) sw      gp, -1584(t5)
core   0: 3 0x80009634 (0x9c3f2823) mem 0x8000a000 0x00000001
core   0: 0x80009638 (0x0000bfe5) c.j     pc - 8
core   0: 3 0x80009638 (0xbfe5)
core   0: 0x80009630 (0x00001f17) auipc   t5, 0x1
core   0: 3 0x80009630 (0x00001f17) x30 0x8000a630
core   0: 0x80009634 (0x9c3f2823) sw      gp, -1584(t5)
core   0: 3 0x80009634 (0x9c3f2823) mem 0x8000a000 0x00000001
core   0: 0x80009638 (0x0000bfe5) c.j     pc - 8
core   0: 3 0x80009638 (0xbfe5)
core   0: 0x80009630 (0x00001f17) auipc   t5, 0x1
core   0: 3 0x80009630 (0x00001f17) x30 0x8000a630
core   0: 0x80009634 (0x9c3f2823) sw      gp, -1584(t5)
core   0: 3 0x80009634 (0x9c3f2823) mem 0x8000a000 0x00000001
core   0: 0x80009638 (0x0000bfe5) c.j     pc - 8
core   0: 3 0x80009638 (0xbfe5)
core   0: 0x80009630 (0x00001f17) auipc   t5, 0x1
core   0: 3 0x80009630 (0x00001f17) x30 0x8000a630
core   0: 0x80009634 (0x9c3f2823) sw      gp, -1584(t5)
core   0: 3 0x80009634 (0x9c3f2823) mem 0x8000a000 0x00000001
core   0: 0x80009638 (0x0000bfe5) c.j     pc - 8
core   0: 3 0x80009638 (0xbfe5)
core   0: 0x80009630 (0x00001f17) auipc   t5, 0x1
core   0: 3 0x80009630 (0x00001f17) x30 0x8000a630
core   0: 0x80009634 (0x9c3f2823) sw      gp, -1584(t5)
core   0: 3 0x80009634 (0x9c3f2823) mem 0x8000a000 0x00000001
core   0: 0x80009638 (0x0000bfe5) c.j     pc - 8
core   0: 3 0x80009638 (0xbfe5)
core   0: 0x80009630 (0x00001f17) auipc   t5, 0x1
core   0: 3 0x80009630 (0x00001f17) x30 0x8000a630
core   0: 0x80009634 (0x9c3f2823) sw      gp, -1584(t5)
core   0: 3 0x80009634 (0x9c3f2823) mem 0x8000a000 0x00000001
core   0: 0x80009638 (0x0000bfe5) c.j     pc - 8
core   0: 3 0x80009638 (0xbfe5)
core   0: 0x80009630 (0x00001f17) auipc   t5, 0x1
core   0: 3 0x80009630 (0x00001f17) x30 0x8000a630
core   0: 0x80009634 (0x9c3f2823) sw      gp, -1584(t5)
core   0: 3 0x80009634 (0x9c3f2823) mem 0x8000a000 0x00000001
core   0: 0x80009638 (0x0000bfe5) c.j     pc - 8
core   0: 3 0x80009638 (0xbfe5)
core   0: 0x80009630 (0x00001f17) auipc   t5, 0x1
core   0: 3 0x80009630 (0x00001f17) x30 0x8000a630
core   0: 0x80009634 (0x9c3f2823) sw      gp, -1584(t5)
core   0: 3 0x80009634 (0x9c3f2823) mem 0x8000a000 0x00000001
core   0: 0x80009638 (0x0000bfe5) c.j     pc - 8
core   0: 3 0x80009638 (0xbfe5)
core   0: 0x80009630 (0x00001f17) auipc   t5, 0x1
core   0: 3 0x80009630 (0x00001f17) x30 0x8000a630
core   0: 0x80009634 (0x9c3f2823) sw      gp, -1584(t5)
core   0: 3 0x80009634 (0x9c3f2823) mem 0x8000a000 0x00000001
core   0: 0x80009638 (0x0000bfe5) c.j     pc - 8
core   0: 3 0x80009638 (0xbfe5)
core   0: 0x80009630 (0x00001f17) auipc   t5, 0x1
core   0: 3 0x80009630 (0x00001f17) x30 0x8000a630
core   0: 0x80009634 (0x9c3f2823) sw      gp, -1584(t5)
core   0: 3 0x80009634 (0x9c3f2823) mem 0x8000a000 0x00000001
core   0: 0x80009638 (0x0000bfe5) c.j     pc - 8
core   0: 3 0x80009638 (0xbfe5)
core   0: 0x80009630 (0x00001f17) auipc   t5, 0x1
core   0: 3 0x80009630 (0x00001f17) x30 0x8000a630
core   0: 0x80009634 (0x9c3f2823) sw      gp, -1584(t5)
core   0: 3 0x80009634 (0x9c3f2823) mem 0x8000a000 0x00000001
core   0: 0x80009638 (0x0000bfe5) c.j     pc - 8
core   0: 3 0x80009638 (0xbfe5)
core   0: 0x80009630 (0x00001f17) auipc   t5, 0x1
core   0: 3 0x80009630 (0x00001f17) x30 0x8000a630
core   0: 0x80009634 (0x9c3f2823) sw      gp, -1584(t5)
core   0: 3 0x80009634 (0x9c3f2823) mem 0x8000a000 0x00000001
core   0: 0x80009638 (0x0000bfe5) c.j     pc - 8
core   0: 3 0x80009638 (0xbfe5)
core   0: 0x80009630 (0x00001f17) auipc   t5, 0x1
core   0: 3 0x80009630 (0x00001f17) x30 0x8000a630
core   0: 0x80009634 (0x9c3f2823) sw      gp, -1584(t5)
core   0: 3 0x80009634 (0x9c3f2823) mem 0x8000a000 0x00000001
core   0: 0x80009638 (0x0000bfe5) c.j     pc - 8
core   0: 3 0x80009638 (0xbfe5)
core   0: 0x80009630 (0x00001f17) auipc   t5, 0x1
core   0: 3 0x80009630 (0x00001f17) x30 0x8000a630
core   0: 0x80009634 (0x9c3f2823) sw      gp, -1584(t5)
core   0: 3 0x80009634 (0x9c3f2823) mem 0x8000a000 0x00000001
core   0: 0x80009638 (0x0000bfe5) c.j     pc - 8
core   0: 3 0x80009638 (0xbfe5)
core   0: 0x80009630 (0x00001f17) auipc   t5, 0x1
core   0: 3 0x80009630 (0x00001f17) x30 0x8000a630
core   0: 0x80009634 (0x9c3f2823) sw      gp, -1584(t5)
core   0: 3 0x80009634 (0x9c3f2823) mem 0x8000a000 0x00000001
core   0: 0x80009638 (0x0000bfe5) c.j     pc - 8
core   0: 3 0x80009638 (0xbfe5)
core   0: 0x80009630 (0x00001f17) auipc   t5, 0x1
core   0: 3 0x80009630 (0x00001f17) x30 0x8000a630
core   0: 0x80009634 (0x9c3f2823) sw      gp, -1584(t5)
core   0: 3 0x80009634 (0x9c3f2823) mem 0x8000a000 0x00000001
core   0: 0x80009638 (0x0000bfe5) c.j     pc - 8
core   0: 3 0x80009638 (0xbfe5)
core   0: 0x80009630 (0x00001f17) auipc   t5, 0x1
core   0: 3 0x80009630 (0x00001f17) x30 0x8000a630
core   0: 0x80009634 (0x9c3f2823) sw      gp, -1584(t5)
core   0: 3 0x80009634 (0x9c3f2823) mem 0x8000a000 0x00000001
core   0: 0x80009638 (0x0000bfe5) c.j     pc - 8
core   0: 3 0x80009638 (0xbfe5)
core   0: 0x80009630 (0x00001f17) auipc   t5, 0x1
core   0: 3 0x80009630 (0x00001f17) x30 0x8000a630
core   0: 0x80009634 (0x9c3f2823) sw      gp, -1584(t5)
core   0: 3 0x80009634 (0x9c3f2823) mem 0x8000a000 0x00000001
core   0: 0x80009638 (0x0000bfe5) c.j     pc - 8
core   0: 3 0x80009638 (0xbfe5)
core   0: 0x80009630 (0x00001f17) auipc   t5, 0x1
core   0: 3 0x80009630 (0x00001f17) x30 0x8000a630
core   0: 0x80009634 (0x9c3f2823) sw      gp, -1584(t5)
core   0: 3 0x80009634 (0x9c3f2823) mem 0x8000a000 0x00000001
core   0: 0x80009638 (0x0000bfe5) c.j     pc - 8
core   0: 3 0x80009638 (0xbfe5)
core   0: 0x80009630 (0x00001f17) auipc   t5, 0x1
core   0: 3 0x80009630 (0x00001f17) x30 0x8000a630
core   0: 0x80009634 (0x9c3f2823) sw      gp, -1584(t5)
core   0: 3 0x80009634 (0x9c3f2823) mem 0x8000a000 0x00000001
core   0: 0x80009638 (0x0000bfe5) c.j     pc - 8
core   0: 3 0x80009638 (0xbfe5)
core   0: 0x80009630 (0x00001f17) auipc   t5, 0x1
core   0: 3 0x80009630 (0x00001f17) x30 0x8000a630
core   0: 0x80009634 (0x9c3f2823) sw      gp, -1584(t5)
core   0: 3 0x80009634 (0x9c3f2823) mem 0x8000a000 0x00000001
core   0: 0x80009638 (0x0000bfe5) c.j     pc - 8
core   0: 3 0x80009638 (0xbfe5)
core   0: 0x80009630 (0x00001f17) auipc   t5, 0x1
core   0: 3 0x80009630 (0x00001f17) x30 0x8000a630
core   0: 0x80009634 (0x9c3f2823) sw      gp, -1584(t5)
core   0: 3 0x80009634 (0x9c3f2823) mem 0x8000a000 0x00000001
core   0: 0x80009638 (0x0000bfe5) c.j     pc - 8
core   0: 3 0x80009638 (0xbfe5)
core   0: 0x80009630 (0x00001f17) auipc   t5, 0x1
core   0: 3 0x80009630 (0x00001f17) x30 0x8000a630
core   0: 0x80009634 (0x9c3f2823) sw      gp, -1584(t5)
core   0: 3 0x80009634 (0x9c3f2823) mem 0x8000a000 0x00000001
core   0: 0x80009638 (0x0000bfe5) c.j     pc - 8
core   0: 3 0x80009638 (0xbfe5)
core   0: 0x80009630 (0x00001f17) auipc   t5, 0x1
core   0: 3 0x80009630 (0x00001f17) x30 0x8000a630
core   0: 0x80009634 (0x9c3f2823) sw      gp, -1584(t5)
core   0: 3 0x80009634 (0x9c3f2823) mem 0x8000a000 0x00000001
core   0: 0x80009638 (0x0000bfe5) c.j     pc - 8
core   0: 3 0x80009638 (0xbfe5)
core   0: 0x80009630 (0x00001f17) auipc   t5, 0x1
core   0: 3 0x80009630 (0x00001f17) x30 0x8000a630
core   0: 0x80009634 (0x9c3f2823) sw      gp, -1584(t5)
core   0: 3 0x80009634 (0x9c3f2823) mem 0x8000a000 0x00000001
core   0: 0x80009638 (0x0000bfe5) c.j     pc - 8
core   0: 3 0x80009638 (0xbfe5)
core   0: 0x80009630 (0x00001f17) auipc   t5, 0x1
core   0: 3 0x80009630 (0x00001f17) x30 0x8000a630
core   0: 0x80009634 (0x9c3f2823) sw      gp, -1584(t5)
core   0: 3 0x80009634 (0x9c3f2823) mem 0x8000a000 0x00000001
core   0: 0x80009638 (0x0000bfe5) c.j     pc - 8
core   0: 3 0x80009638 (0xbfe5)
core   0: 0x80009630 (0x00001f17) auipc   t5, 0x1
core   0: 3 0x80009630 (0x00001f17) x30 0x8000a630
core   0: 0x80009634 (0x9c3f2823) sw      gp, -1584(t5)
core   0: 3 0x80009634 (0x9c3f2823) mem 0x8000a000 0x00000001
core   0: 0x80009638 (0x0000bfe5) c.j     pc - 8
core   0: 3 0x80009638 (0xbfe5)
core   0: 0x80009630 (0x00001f17) auipc   t5, 0x1
core   0: 3 0x80009630 (0x00001f17) x30 0x8000a630
core   0: 0x80009634 (0x9c3f2823) sw      gp, -1584(t5)
core   0: 3 0x80009634 (0x9c3f2823) mem 0x8000a000 0x00000001
core   0: 0x80009638 (0x0000bfe5) c.j     pc - 8
core   0: 3 0x80009638 (0xbfe5)
core   0: 0x80009630 (0x00001f17) auipc   t5, 0x1
core   0: 3 0x80009630 (0x00001f17) x30 0x8000a630
core   0: 0x80009634 (0x9c3f2823) sw      gp, -1584(t5)
core   0: 3 0x80009634 (0x9c3f2823) mem 0x8000a000 0x00000001
core   0: 0x80009638 (0x0000bfe5) c.j     pc - 8
core   0: 3 0x80009638 (0xbfe5)
core   0: 0x80009630 (0x00001f17) auipc   t5, 0x1
core   0: 3 0x80009630 (0x00001f17) x30 0x8000a630
core   0: 0x80009634 (0x9c3f2823) sw      gp, -1584(t5)
core   0: 3 0x80009634 (0x9c3f2823) mem 0x8000a000 0x00000001
core   0: 0x80009638 (0x0000bfe5) c.j     pc - 8
core   0: 3 0x80009638 (0xbfe5)
core   0: 0x80009630 (0x00001f17) auipc   t5, 0x1
core   0: 3 0x80009630 (0x00001f17) x30 0x8000a630
core   0: 0x80009634 (0x9c3f2823) sw      gp, -1584(t5)
core   0: 3 0x80009634 (0x9c3f2823) mem 0x8000a000 0x00000001
core   0: 0x80009638 (0x0000bfe5) c.j     pc - 8
core   0: 3 0x80009638 (0xbfe5)
core   0: 0x80009630 (0x00001f17) auipc   t5, 0x1
core   0: 3 0x80009630 (0x00001f17) x30 0x8000a630
core   0: 0x80009634 (0x9c3f2823) sw      gp, -1584(t5)
core   0: 3 0x80009634 (0x9c3f2823) mem 0x8000a000 0x00000001
core   0: 0x80009638 (0x0000bfe5) c.j     pc - 8
core   0: 3 0x80009638 (0xbfe5)
core   0: 0x80009630 (0x00001f17) auipc   t5, 0x1
core   0: 3 0x80009630 (0x00001f17) x30 0x8000a630
core   0: 0x80009634 (0x9c3f2823) sw      gp, -1584(t5)
core   0: 3 0x80009634 (0x9c3f2823) mem 0x8000a000 0x00000001
core   0: 0x80009638 (0x0000bfe5) c.j     pc - 8
core   0: 3 0x80009638 (0xbfe5)
core   0: 0x80009630 (0x00001f17) auipc   t5, 0x1
core   0: 3 0x80009630 (0x00001f17) x30 0x8000a630
core   0: 0x80009634 (0x9c3f2823) sw      gp, -1584(t5)
core   0: 3 0x80009634 (0x9c3f2823) mem 0x8000a000 0x00000001
core   0: 0x80009638 (0x0000bfe5) c.j     pc - 8
core   0: 3 0x80009638 (0xbfe5)
core   0: 0x80009630 (0x00001f17) auipc   t5, 0x1
core   0: 3 0x80009630 (0x00001f17) x30 0x8000a630
core   0: 0x80009634 (0x9c3f2823) sw      gp, -1584(t5)
core   0: 3 0x80009634 (0x9c3f2823) mem 0x8000a000 0x00000001
core   0: 0x80009638 (0x0000bfe5) c.j     pc - 8
core   0: 3 0x80009638 (0xbfe5)
core   0: 0x80009630 (0x00001f17) auipc   t5, 0x1
core   0: 3 0x80009630 (0x00001f17) x30 0x8000a630
core   0: 0x80009634 (0x9c3f2823) sw      gp, -1584(t5)
core   0: 3 0x80009634 (0x9c3f2823) mem 0x8000a000 0x00000001
core   0: 0x80009638 (0x0000bfe5) c.j     pc - 8
core   0: 3 0x80009638 (0xbfe5)
core   0: 0x80009630 (0x00001f17) auipc   t5, 0x1
core   0: 3 0x80009630 (0x00001f17) x30 0x8000a630
core   0: 0x80009634 (0x9c3f2823) sw      gp, -1584(t5)
core   0: 3 0x80009634 (0x9c3f2823) mem 0x8000a000 0x00000001
core   0: 0x80009638 (0x0000bfe5) c.j     pc - 8
core   0: 3 0x80009638 (0xbfe5)
core   0: 0x80009630 (0x00001f17) auipc   t5, 0x1
core   0: 3 0x80009630 (0x00001f17) x30 0x8000a630
core   0: 0x80009634 (0x9c3f2823) sw      gp, -1584(t5)
core   0: 3 0x80009634 (0x9c3f2823) mem 0x8000a000 0x00000001
core   0: 0x80009638 (0x0000bfe5) c.j     pc - 8
core   0: 3 0x80009638 (0xbfe5)
core   0: 0x80009630 (0x00001f17) auipc   t5, 0x1
core   0: 3 0x80009630 (0x00001f17) x30 0x8000a630
core   0: 0x80009634 (0x9c3f2823) sw      gp, -1584(t5)
core   0: 3 0x80009634 (0x9c3f2823) mem 0x8000a000 0x00000001
core   0: 0x80009638 (0x0000bfe5) c.j     pc - 8
core   0: 3 0x80009638 (0xbfe5)
core   0: 0x80009630 (0x00001f17) auipc   t5, 0x1
core   0: 3 0x80009630 (0x00001f17) x30 0x8000a630
core   0: 0x80009634 (0x9c3f2823) sw      gp, -1584(t5)
core   0: 3 0x80009634 (0x9c3f2823) mem 0x8000a000 0x00000001
core   0: 0x80009638 (0x0000bfe5) c.j     pc - 8
core   0: 3 0x80009638 (0xbfe5)
core   0: 0x80009630 (0x00001f17) auipc   t5, 0x1
core   0: 3 0x80009630 (0x00001f17) x30 0x8000a630
core   0: 0x80009634 (0x9c3f2823) sw      gp, -1584(t5)
core   0: 3 0x80009634 (0x9c3f2823) mem 0x8000a000 0x00000001
core   0: 0x80009638 (0x0000bfe5) c.j     pc - 8
core   0: 3 0x80009638 (0xbfe5)
core   0: 0x80009630 (0x00001f17) auipc   t5, 0x1
core   0: 3 0x80009630 (0x00001f17) x30 0x8000a630
core   0: 0x80009634 (0x9c3f2823) sw      gp, -1584(t5)
core   0: 3 0x80009634 (0x9c3f2823) mem 0x8000a000 0x00000001
core   0: 0x80009638 (0x0000bfe5) c.j     pc - 8
core   0: 3 0x80009638 (0xbfe5)
core   0: 0x80009630 (0x00001f17) auipc   t5, 0x1
core   0: 3 0x80009630 (0x00001f17) x30 0x8000a630
core   0: 0x80009634 (0x9c3f2823) sw      gp, -1584(t5)
core   0: 3 0x80009634 (0x9c3f2823) mem 0x8000a000 0x00000001
core   0: 0x80009638 (0x0000bfe5) c.j     pc - 8
core   0: 3 0x80009638 (0xbfe5)
core   0: 0x80009630 (0x00001f17) auipc   t5, 0x1
core   0: 3 0x80009630 (0x00001f17) x30 0x8000a630
core   0: 0x80009634 (0x9c3f2823) sw      gp, -1584(t5)
core   0: 3 0x80009634 (0x9c3f2823) mem 0x8000a000 0x00000001
core   0: 0x80009638 (0x0000bfe5) c.j     pc - 8
core   0: 3 0x80009638 (0xbfe5)
core   0: 0x80009630 (0x00001f17) auipc   t5, 0x1
core   0: 3 0x80009630 (0x00001f17) x30 0x8000a630
core   0: 0x80009634 (0x9c3f2823) sw      gp, -1584(t5)
core   0: 3 0x80009634 (0x9c3f2823) mem 0x8000a000 0x00000001
core   0: 0x80009638 (0x0000bfe5) c.j     pc - 8
core   0: 3 0x80009638 (0xbfe5)
core   0: 0x80009630 (0x00001f17) auipc   t5, 0x1
core   0: 3 0x80009630 (0x00001f17) x30 0x8000a630
core   0: 0x80009634 (0x9c3f2823) sw      gp, -1584(t5)
core   0: 3 0x80009634 (0x9c3f2823) mem 0x8000a000 0x00000001
core   0: 0x80009638 (0x0000bfe5) c.j     pc - 8
core   0: 3 0x80009638 (0xbfe5)
core   0: 0x80009630 (0x00001f17) auipc   t5, 0x1
core   0: 3 0x80009630 (0x00001f17) x30 0x8000a630
core   0: 0x80009634 (0x9c3f2823) sw      gp, -1584(t5)
core   0: 3 0x80009634 (0x9c3f2823) mem 0x8000a000 0x00000001
core   0: 0x80009638 (0x0000bfe5) c.j     pc - 8
core   0: 3 0x80009638 (0xbfe5)
core   0: 0x80009630 (0x00001f17) auipc   t5, 0x1
core   0: 3 0x80009630 (0x00001f17) x30 0x8000a630
core   0: 0x80009634 (0x9c3f2823) sw      gp, -1584(t5)
core   0: 3 0x80009634 (0x9c3f2823) mem 0x8000a000 0x00000001
core   0: 0x80009638 (0x0000bfe5) c.j     pc - 8
core   0: 3 0x80009638 (0xbfe5)
core   0: 0x80009630 (0x00001f17) auipc   t5, 0x1
core   0: 3 0x80009630 (0x00001f17) x30 0x8000a630
core   0: 0x80009634 (0x9c3f2823) sw      gp, -1584(t5)
core   0: 3 0x80009634 (0x9c3f2823) mem 0x8000a000 0x00000001
core   0: 0x80009638 (0x0000bfe5) c.j     pc - 8
core   0: 3 0x80009638 (0xbfe5)
core   0: 0x80009630 (0x00001f17) auipc   t5, 0x1
core   0: 3 0x80009630 (0x00001f17) x30 0x8000a630
core   0: 0x80009634 (0x9c3f2823) sw      gp, -1584(t5)
core   0: 3 0x80009634 (0x9c3f2823) mem 0x8000a000 0x00000001
core   0: 0x80009638 (0x0000bfe5) c.j     pc - 8
core   0: 3 0x80009638 (0xbfe5)
core   0: 0x80009630 (0x00001f17) auipc   t5, 0x1
core   0: 3 0x80009630 (0x00001f17) x30 0x8000a630
core   0: 0x80009634 (0x9c3f2823) sw      gp, -1584(t5)
core   0: 3 0x80009634 (0x9c3f2823) mem 0x8000a000 0x00000001
core   0: 0x80009638 (0x0000bfe5) c.j     pc - 8
core   0: 3 0x80009638 (0xbfe5)
core   0: 0x80009630 (0x00001f17) auipc   t5, 0x1
core   0: 3 0x80009630 (0x00001f17) x30 0x8000a630
core   0: 0x80009634 (0x9c3f2823) sw      gp, -1584(t5)
core   0: 3 0x80009634 (0x9c3f2823) mem 0x8000a000 0x00000001
core   0: 0x80009638 (0x0000bfe5) c.j     pc - 8
core   0: 3 0x80009638 (0xbfe5)
core   0: 0x80009630 (0x00001f17) auipc   t5, 0x1
core   0: 3 0x80009630 (0x00001f17) x30 0x8000a630
core   0: 0x80009634 (0x9c3f2823) sw      gp, -1584(t5)
core   0: 3 0x80009634 (0x9c3f2823) mem 0x8000a000 0x00000001
core   0: 0x80009638 (0x0000bfe5) c.j     pc - 8
core   0: 3 0x80009638 (0xbfe5)
core   0: 0x80009630 (0x00001f17) auipc   t5, 0x1
core   0: 3 0x80009630 (0x00001f17) x30 0x8000a630
core   0: 0x80009634 (0x9c3f2823) sw      gp, -1584(t5)
core   0: 3 0x80009634 (0x9c3f2823) mem 0x8000a000 0x00000001
core   0: 0x80009638 (0x0000bfe5) c.j     pc - 8
core   0: 3 0x80009638 (0xbfe5)
core   0: 0x80009630 (0x00001f17) auipc   t5, 0x1
core   0: 3 0x80009630 (0x00001f17) x30 0x8000a630
core   0: 0x80009634 (0x9c3f2823) sw      gp, -1584(t5)
core   0: 3 0x80009634 (0x9c3f2823) mem 0x8000a000 0x00000001
core   0: 0x80009638 (0x0000bfe5) c.j     pc - 8
core   0: 3 0x80009638 (0xbfe5)
core   0: 0x80009630 (0x00001f17) auipc   t5, 0x1
core   0: 3 0x80009630 (0x00001f17) x30 0x8000a630
core   0: 0x80009634 (0x9c3f2823) sw      gp, -1584(t5)
core   0: 3 0x80009634 (0x9c3f2823) mem 0x8000a000 0x00000001
core   0: 0x80009638 (0x0000bfe5) c.j     pc - 8
core   0: 3 0x80009638 (0xbfe5)
core   0: 0x80009630 (0x00001f17) auipc   t5, 0x1
core   0: 3 0x80009630 (0x00001f17) x30 0x8000a630
core   0: 0x80009634 (0x9c3f2823) sw      gp, -1584(t5)
core   0: 3 0x80009634 (0x9c3f2823) mem 0x8000a000 0x00000001
core   0: 0x80009638 (0x0000bfe5) c.j     pc - 8
core   0: 3 0x80009638 (0xbfe5)
core   0: 0x80009630 (0x00001f17) auipc   t5, 0x1
core   0: 3 0x80009630 (0x00001f17) x30 0x8000a630
core   0: 0x80009634 (0x9c3f2823) sw      gp, -1584(t5)
core   0: 3 0x80009634 (0x9c3f2823) mem 0x8000a000 0x00000001
core   0: 0x80009638 (0x0000bfe5) c.j     pc - 8
core   0: 3 0x80009638 (0xbfe5)
core   0: 0x80009630 (0x00001f17) auipc   t5, 0x1
core   0: 3 0x80009630 (0x00001f17) x30 0x8000a630
core   0: 0x80009634 (0x9c3f2823) sw      gp, -1584(t5)
core   0: 3 0x80009634 (0x9c3f2823) mem 0x8000a000 0x00000001
core   0: 0x80009638 (0x0000bfe5) c.j     pc - 8
core   0: 3 0x80009638 (0xbfe5)
core   0: 0x80009630 (0x00001f17) auipc   t5, 0x1
core   0: 3 0x80009630 (0x00001f17) x30 0x8000a630
core   0: 0x80009634 (0x9c3f2823) sw      gp, -1584(t5)
core   0: 3 0x80009634 (0x9c3f2823) mem 0x8000a000 0x00000001
core   0: 0x80009638 (0x0000bfe5) c.j     pc - 8
core   0: 3 0x80009638 (0xbfe5)
core   0: 0x80009630 (0x00001f17) auipc   t5, 0x1
core   0: 3 0x80009630 (0x00001f17) x30 0x8000a630
core   0: 0x80009634 (0x9c3f2823) sw      gp, -1584(t5)
core   0: 3 0x80009634 (0x9c3f2823) mem 0x8000a000 0x00000001
core   0: 0x80009638 (0x0000bfe5) c.j     pc - 8
core   0: 3 0x80009638 (0xbfe5)
core   0: 0x80009630 (0x00001f17) auipc   t5, 0x1
core   0: 3 0x80009630 (0x00001f17) x30 0x8000a630
core   0: 0x80009634 (0x9c3f2823) sw      gp, -1584(t5)
core   0: 3 0x80009634 (0x9c3f2823) mem 0x8000a000 0x00000001
core   0: 0x80009638 (0x0000bfe5) c.j     pc - 8
core   0: 3 0x80009638 (0xbfe5)
core   0: 0x80009630 (0x00001f17) auipc   t5, 0x1
core   0: 3 0x80009630 (0x00001f17) x30 0x8000a630
core   0: 0x80009634 (0x9c3f2823) sw      gp, -1584(t5)
core   0: 3 0x80009634 (0x9c3f2823) mem 0x8000a000 0x00000001
core   0: 0x80009638 (0x0000bfe5) c.j     pc - 8
core   0: 3 0x80009638 (0xbfe5)
core   0: 0x80009630 (0x00001f17) auipc   t5, 0x1
core   0: 3 0x80009630 (0x00001f17) x30 0x8000a630
core   0: 0x80009634 (0x9c3f2823) sw      gp, -1584(t5)
core   0: 3 0x80009634 (0x9c3f2823) mem 0x8000a000 0x00000001
core   0: 0x80009638 (0x0000bfe5) c.j     pc - 8
core   0: 3 0x80009638 (0xbfe5)
core   0: 0x80009630 (0x00001f17) auipc   t5, 0x1
core   0: 3 0x80009630 (0x00001f17) x30 0x8000a630
core   0: 0x80009634 (0x9c3f2823) sw      gp, -1584(t5)
core   0: 3 0x80009634 (0x9c3f2823) mem 0x8000a000 0x00000001
core   0: 0x80009638 (0x0000bfe5) c.j     pc - 8
core   0: 3 0x80009638 (0xbfe5)
core   0: 0x80009630 (0x00001f17) auipc   t5, 0x1
core   0: 3 0x80009630 (0x00001f17) x30 0x8000a630
core   0: 0x80009634 (0x9c3f2823) sw      gp, -1584(t5)
core   0: 3 0x80009634 (0x9c3f2823) mem 0x8000a000 0x00000001
core   0: 0x80009638 (0x0000bfe5) c.j     pc - 8
core   0: 3 0x80009638 (0xbfe5)
core   0: 0x80009630 (0x00001f17) auipc   t5, 0x1
core   0: 3 0x80009630 (0x00001f17) x30 0x8000a630
core   0: 0x80009634 (0x9c3f2823) sw      gp, -1584(t5)
core   0: 3 0x80009634 (0x9c3f2823) mem 0x8000a000 0x00000001
core   0: 0x80009638 (0x0000bfe5) c.j     pc - 8
core   0: 3 0x80009638 (0xbfe5)
core   0: 0x80009630 (0x00001f17) auipc   t5, 0x1
core   0: 3 0x80009630 (0x00001f17) x30 0x8000a630
core   0: 0x80009634 (0x9c3f2823) sw      gp, -1584(t5)
core   0: 3 0x80009634 (0x9c3f2823) mem 0x8000a000 0x00000001
core   0: 0x80009638 (0x0000bfe5) c.j     pc - 8
core   0: 3 0x80009638 (0xbfe5)
core   0: 0x80009630 (0x00001f17) auipc   t5, 0x1
core   0: 3 0x80009630 (0x00001f17) x30 0x8000a630
core   0: 0x80009634 (0x9c3f2823) sw      gp, -1584(t5)
core   0: 3 0x80009634 (0x9c3f2823) mem 0x8000a000 0x00000001
core   0: 0x80009638 (0x0000bfe5) c.j     pc - 8
core   0: 3 0x80009638 (0xbfe5)
core   0: 0x80009630 (0x00001f17) auipc   t5, 0x1
core   0: 3 0x80009630 (0x00001f17) x30 0x8000a630
core   0: 0x80009634 (0x9c3f2823) sw      gp, -1584(t5)
core   0: 3 0x80009634 (0x9c3f2823) mem 0x8000a000 0x00000001
core   0: 0x80009638 (0x0000bfe5) c.j     pc - 8
core   0: 3 0x80009638 (0xbfe5)
core   0: 0x80009630 (0x00001f17) auipc   t5, 0x1
core   0: 3 0x80009630 (0x00001f17) x30 0x8000a630
core   0: 0x80009634 (0x9c3f2823) sw      gp, -1584(t5)
core   0: 3 0x80009634 (0x9c3f2823) mem 0x8000a000 0x00000001
core   0: 0x80009638 (0x0000bfe5) c.j     pc - 8
core   0: 3 0x80009638 (0xbfe5)
core   0: 0x80009630 (0x00001f17) auipc   t5, 0x1
core   0: 3 0x80009630 (0x00001f17) x30 0x8000a630
core   0: 0x80009634 (0x9c3f2823) sw      gp, -1584(t5)
core   0: 3 0x80009634 (0x9c3f2823) mem 0x8000a000 0x00000001
core   0: 0x80009638 (0x0000bfe5) c.j     pc - 8
core   0: 3 0x80009638 (0xbfe5)
core   0: 0x80009630 (0x00001f17) auipc   t5, 0x1
core   0: 3 0x80009630 (0x00001f17) x30 0x8000a630
core   0: 0x80009634 (0x9c3f2823) sw      gp, -1584(t5)
core   0: 3 0x80009634 (0x9c3f2823) mem 0x8000a000 0x00000001
core   0: 0x80009638 (0x0000bfe5) c.j     pc - 8
core   0: 3 0x80009638 (0xbfe5)
core   0: 0x80009630 (0x00001f17) auipc   t5, 0x1
core   0: 3 0x80009630 (0x00001f17) x30 0x8000a630
core   0: 0x80009634 (0x9c3f2823) sw      gp, -1584(t5)
core   0: 3 0x80009634 (0x9c3f2823) mem 0x8000a000 0x00000001
core   0: 0x80009638 (0x0000bfe5) c.j     pc - 8
core   0: 3 0x80009638 (0xbfe5)
core   0: 0x80009630 (0x00001f17) auipc   t5, 0x1
core   0: 3 0x80009630 (0x00001f17) x30 0x8000a630
core   0: 0x80009634 (0x9c3f2823) sw      gp, -1584(t5)
core   0: 3 0x80009634 (0x9c3f2823) mem 0x8000a000 0x00000001
core   0: 0x80009638 (0x0000bfe5) c.j     pc - 8
core   0: 3 0x80009638 (0xbfe5)
core   0: 0x80009630 (0x00001f17) auipc   t5, 0x1
core   0: 3 0x80009630 (0x00001f17) x30 0x8000a630
core   0: 0x80009634 (0x9c3f2823) sw      gp, -1584(t5)
core   0: 3 0x80009634 (0x9c3f2823) mem 0x8000a000 0x00000001
core   0: 0x80009638 (0x0000bfe5) c.j     pc - 8
core   0: 3 0x80009638 (0xbfe5)
core   0: 0x80009630 (0x00001f17) auipc   t5, 0x1
core   0: 3 0x80009630 (0x00001f17) x30 0x8000a630
core   0: 0x80009634 (0x9c3f2823) sw      gp, -1584(t5)
core   0: 3 0x80009634 (0x9c3f2823) mem 0x8000a000 0x00000001
core   0: 0x80009638 (0x0000bfe5) c.j     pc - 8
core   0: 3 0x80009638 (0xbfe5)
core   0: 0x80009630 (0x00001f17) auipc   t5, 0x1
core   0: 3 0x80009630 (0x00001f17) x30 0x8000a630
core   0: 0x80009634 (0x9c3f2823) sw      gp, -1584(t5)
core   0: 3 0x80009634 (0x9c3f2823) mem 0x8000a000 0x00000001
core   0: 0x80009638 (0x0000bfe5) c.j     pc - 8
core   0: 3 0x80009638 (0xbfe5)
core   0: 0x80009630 (0x00001f17) auipc   t5, 0x1
core   0: 3 0x80009630 (0x00001f17) x30 0x8000a630
core   0: 0x80009634 (0x9c3f2823) sw      gp, -1584(t5)
core   0: 3 0x80009634 (0x9c3f2823) mem 0x8000a000 0x00000001
core   0: 0x80009638 (0x0000bfe5) c.j     pc - 8
core   0: 3 0x80009638 (0xbfe5)
core   0: 0x80009630 (0x00001f17) auipc   t5, 0x1
core   0: 3 0x80009630 (0x00001f17) x30 0x8000a630
core   0: 0x80009634 (0x9c3f2823) sw      gp, -1584(t5)
core   0: 3 0x80009634 (0x9c3f2823) mem 0x8000a000 0x00000001
core   0: 0x80009638 (0x0000bfe5) c.j     pc - 8
core   0: 3 0x80009638 (0xbfe5)
core   0: 0x80009630 (0x00001f17) auipc   t5, 0x1
core   0: 3 0x80009630 (0x00001f17) x30 0x8000a630
core   0: 0x80009634 (0x9c3f2823) sw      gp, -1584(t5)
core   0: 3 0x80009634 (0x9c3f2823) mem 0x8000a000 0x00000001
core   0: 0x80009638 (0x0000bfe5) c.j     pc - 8
core   0: 3 0x80009638 (0xbfe5)
core   0: 0x80009630 (0x00001f17) auipc   t5, 0x1
core   0: 3 0x80009630 (0x00001f17) x30 0x8000a630
core   0: 0x80009634 (0x9c3f2823) sw      gp, -1584(t5)
core   0: 3 0x80009634 (0x9c3f2823) mem 0x8000a000 0x00000001
core   0: 0x80009638 (0x0000bfe5) c.j     pc - 8
core   0: 3 0x80009638 (0xbfe5)
core   0: 0x80009630 (0x00001f17) auipc   t5, 0x1
core   0: 3 0x80009630 (0x00001f17) x30 0x8000a630
core   0: 0x80009634 (0x9c3f2823) sw      gp, -1584(t5)
core   0: 3 0x80009634 (0x9c3f2823) mem 0x8000a000 0x00000001
core   0: 0x80009638 (0x0000bfe5) c.j     pc - 8
core   0: 3 0x80009638 (0xbfe5)
core   0: 0x80009630 (0x00001f17) auipc   t5, 0x1
core   0: 3 0x80009630 (0x00001f17) x30 0x8000a630
core   0: 0x80009634 (0x9c3f2823) sw      gp, -1584(t5)
core   0: 3 0x80009634 (0x9c3f2823) mem 0x8000a000 0x00000001
core   0: 0x80009638 (0x0000bfe5) c.j     pc - 8
core   0: 3 0x80009638 (0xbfe5)
core   0: 0x80009630 (0x00001f17) auipc   t5, 0x1
core   0: 3 0x80009630 (0x00001f17) x30 0x8000a630
core   0: 0x80009634 (0x9c3f2823) sw      gp, -1584(t5)
core   0: 3 0x80009634 (0x9c3f2823) mem 0x8000a000 0x00000001
core   0: 0x80009638 (0x0000bfe5) c.j     pc - 8
core   0: 3 0x80009638 (0xbfe5)
core   0: 0x80009630 (0x00001f17) auipc   t5, 0x1
core   0: 3 0x80009630 (0x00001f17) x30 0x8000a630
core   0: 0x80009634 (0x9c3f2823) sw      gp, -1584(t5)
core   0: 3 0x80009634 (0x9c3f2823) mem 0x8000a000 0x00000001
core   0: 0x80009638 (0x0000bfe5) c.j     pc - 8
core   0: 3 0x80009638 (0xbfe5)
core   0: 0x80009630 (0x00001f17) auipc   t5, 0x1
core   0: 3 0x80009630 (0x00001f17) x30 0x8000a630
core   0: 0x80009634 (0x9c3f2823) sw      gp, -1584(t5)
core   0: 3 0x80009634 (0x9c3f2823) mem 0x8000a000 0x00000001
core   0: 0x80009638 (0x0000bfe5) c.j     pc - 8
core   0: 3 0x80009638 (0xbfe5)
core   0: 0x80009630 (0x00001f17) auipc   t5, 0x1
core   0: 3 0x80009630 (0x00001f17) x30 0x8000a630
core   0: 0x80009634 (0x9c3f2823) sw      gp, -1584(t5)
core   0: 3 0x80009634 (0x9c3f2823) mem 0x8000a000 0x00000001
core   0: 0x80009638 (0x0000bfe5) c.j     pc - 8
core   0: 3 0x80009638 (0xbfe5)
core   0: 0x80009630 (0x00001f17) auipc   t5, 0x1
core   0: 3 0x80009630 (0x00001f17) x30 0x8000a630
core   0: 0x80009634 (0x9c3f2823) sw      gp, -1584(t5)
core   0: 3 0x80009634 (0x9c3f2823) mem 0x8000a000 0x00000001
core   0: 0x80009638 (0x0000bfe5) c.j     pc - 8
core   0: 3 0x80009638 (0xbfe5)
core   0: 0x80009630 (0x00001f17) auipc   t5, 0x1
core   0: 3 0x80009630 (0x00001f17) x30 0x8000a630
core   0: 0x80009634 (0x9c3f2823) sw      gp, -1584(t5)
core   0: 3 0x80009634 (0x9c3f2823) mem 0x8000a000 0x00000001
core   0: 0x80009638 (0x0000bfe5) c.j     pc - 8
core   0: 3 0x80009638 (0xbfe5)
core   0: 0x80009630 (0x00001f17) auipc   t5, 0x1
core   0: 3 0x80009630 (0x00001f17) x30 0x8000a630
core   0: 0x80009634 (0x9c3f2823) sw      gp, -1584(t5)
core   0: 3 0x80009634 (0x9c3f2823) mem 0x8000a000 0x00000001
core   0: 0x80009638 (0x0000bfe5) c.j     pc - 8
core   0: 3 0x80009638 (0xbfe5)
core   0: 0x80009630 (0x00001f17) auipc   t5, 0x1
core   0: 3 0x80009630 (0x00001f17) x30 0x8000a630
core   0: 0x80009634 (0x9c3f2823) sw      gp, -1584(t5)
core   0: 3 0x80009634 (0x9c3f2823) mem 0x8000a000 0x00000001
core   0: 0x80009638 (0x0000bfe5) c.j     pc - 8
core   0: 3 0x80009638 (0xbfe5)
core   0: 0x80009630 (0x00001f17) auipc   t5, 0x1
core   0: 3 0x80009630 (0x00001f17) x30 0x8000a630
core   0: 0x80009634 (0x9c3f2823) sw      gp, -1584(t5)
core   0: 3 0x80009634 (0x9c3f2823) mem 0x8000a000 0x00000001
core   0: 0x80009638 (0x0000bfe5) c.j     pc - 8
core   0: 3 0x80009638 (0xbfe5)
core   0: 0x80009630 (0x00001f17) auipc   t5, 0x1
core   0: 3 0x80009630 (0x00001f17) x30 0x8000a630
core   0: 0x80009634 (0x9c3f2823) sw      gp, -1584(t5)
core   0: 3 0x80009634 (0x9c3f2823) mem 0x8000a000 0x00000001
core   0: 0x80009638 (0x0000bfe5) c.j     pc - 8
core   0: 3 0x80009638 (0xbfe5)
core   0: 0x80009630 (0x00001f17) auipc   t5, 0x1
core   0: 3 0x80009630 (0x00001f17) x30 0x8000a630
core   0: 0x80009634 (0x9c3f2823) sw      gp, -1584(t5)
core   0: 3 0x80009634 (0x9c3f2823) mem 0x8000a000 0x00000001
core   0: 0x80009638 (0x0000bfe5) c.j     pc - 8
core   0: 3 0x80009638 (0xbfe5)
core   0: 0x80009630 (0x00001f17) auipc   t5, 0x1
core   0: 3 0x80009630 (0x00001f17) x30 0x8000a630
core   0: 0x80009634 (0x9c3f2823) sw      gp, -1584(t5)
core   0: 3 0x80009634 (0x9c3f2823) mem 0x8000a000 0x00000001
core   0: 0x80009638 (0x0000bfe5) c.j     pc - 8
core   0: 3 0x80009638 (0xbfe5)
core   0: 0x80009630 (0x00001f17) auipc   t5, 0x1
core   0: 3 0x80009630 (0x00001f17) x30 0x8000a630
core   0: 0x80009634 (0x9c3f2823) sw      gp, -1584(t5)
core   0: 3 0x80009634 (0x9c3f2823) mem 0x8000a000 0x00000001
core   0: 0x80009638 (0x0000bfe5) c.j     pc - 8
core   0: 3 0x80009638 (0xbfe5)
core   0: 0x80009630 (0x00001f17) auipc   t5, 0x1
core   0: 3 0x80009630 (0x00001f17) x30 0x8000a630
core   0: 0x80009634 (0x9c3f2823) sw      gp, -1584(t5)
core   0: 3 0x80009634 (0x9c3f2823) mem 0x8000a000 0x00000001
core   0: 0x80009638 (0x0000bfe5) c.j     pc - 8
core   0: 3 0x80009638 (0xbfe5)
core   0: 0x80009630 (0x00001f17) auipc   t5, 0x1
core   0: 3 0x80009630 (0x00001f17) x30 0x8000a630
core   0: 0x80009634 (0x9c3f2823) sw      gp, -1584(t5)
core   0: 3 0x80009634 (0x9c3f2823) mem 0x8000a000 0x00000001
core   0: 0x80009638 (0x0000bfe5) c.j     pc - 8
core   0: 3 0x80009638 (0xbfe5)
core   0: 0x80009630 (0x00001f17) auipc   t5, 0x1
core   0: 3 0x80009630 (0x00001f17) x30 0x8000a630
core   0: 0x80009634 (0x9c3f2823) sw      gp, -1584(t5)
core   0: 3 0x80009634 (0x9c3f2823) mem 0x8000a000 0x00000001
core   0: 0x80009638 (0x0000bfe5) c.j     pc - 8
core   0: 3 0x80009638 (0xbfe5)
core   0: 0x80009630 (0x00001f17) auipc   t5, 0x1
core   0: 3 0x80009630 (0x00001f17) x30 0x8000a630
core   0: 0x80009634 (0x9c3f2823) sw      gp, -1584(t5)
core   0: 3 0x80009634 (0x9c3f2823) mem 0x8000a000 0x00000001
core   0: 0x80009638 (0x0000bfe5) c.j     pc - 8
core   0: 3 0x80009638 (0xbfe5)
core   0: 0x80009630 (0x00001f17) auipc   t5, 0x1
core   0: 3 0x80009630 (0x00001f17) x30 0x8000a630
core   0: 0x80009634 (0x9c3f2823) sw      gp, -1584(t5)
core   0: 3 0x80009634 (0x9c3f2823) mem 0x8000a000 0x00000001
core   0: 0x80009638 (0x0000bfe5) c.j     pc - 8
core   0: 3 0x80009638 (0xbfe5)
core   0: 0x80009630 (0x00001f17) auipc   t5, 0x1
core   0: 3 0x80009630 (0x00001f17) x30 0x8000a630
core   0: 0x80009634 (0x9c3f2823) sw      gp, -1584(t5)
core   0: 3 0x80009634 (0x9c3f2823) mem 0x8000a000 0x00000001
core   0: 0x80009638 (0x0000bfe5) c.j     pc - 8
core   0: 3 0x80009638 (0xbfe5)
core   0: 0x80009630 (0x00001f17) auipc   t5, 0x1
core   0: 3 0x80009630 (0x00001f17) x30 0x8000a630
core   0: 0x80009634 (0x9c3f2823) sw      gp, -1584(t5)
core   0: 3 0x80009634 (0x9c3f2823) mem 0x8000a000 0x00000001
core   0: 0x80009638 (0x0000bfe5) c.j     pc - 8
core   0: 3 0x80009638 (0xbfe5)
core   0: 0x80009630 (0x00001f17) auipc   t5, 0x1
core   0: 3 0x80009630 (0x00001f17) x30 0x8000a630
core   0: 0x80009634 (0x9c3f2823) sw      gp, -1584(t5)
core   0: 3 0x80009634 (0x9c3f2823) mem 0x8000a000 0x00000001
core   0: 0x80009638 (0x0000bfe5) c.j     pc - 8
core   0: 3 0x80009638 (0xbfe5)
core   0: 0x80009630 (0x00001f17) auipc   t5, 0x1
core   0: 3 0x80009630 (0x00001f17) x30 0x8000a630
core   0: 0x80009634 (0x9c3f2823) sw      gp, -1584(t5)
core   0: 3 0x80009634 (0x9c3f2823) mem 0x8000a000 0x00000001
core   0: 0x80009638 (0x0000bfe5) c.j     pc - 8
core   0: 3 0x80009638 (0xbfe5)
core   0: 0x80009630 (0x00001f17) auipc   t5, 0x1
core   0: 3 0x80009630 (0x00001f17) x30 0x8000a630
core   0: 0x80009634 (0x9c3f2823) sw      gp, -1584(t5)
core   0: 3 0x80009634 (0x9c3f2823) mem 0x8000a000 0x00000001
core   0: 0x80009638 (0x0000bfe5) c.j     pc - 8
core   0: 3 0x80009638 (0xbfe5)
core   0: 0x80009630 (0x00001f17) auipc   t5, 0x1
core   0: 3 0x80009630 (0x00001f17) x30 0x8000a630
core   0: 0x80009634 (0x9c3f2823) sw      gp, -1584(t5)
core   0: 3 0x80009634 (0x9c3f2823) mem 0x8000a000 0x00000001
core   0: 0x80009638 (0x0000bfe5) c.j     pc - 8
core   0: 3 0x80009638 (0xbfe5)
core   0: 0x80009630 (0x00001f17) auipc   t5, 0x1
core   0: 3 0x80009630 (0x00001f17) x30 0x8000a630
core   0: 0x80009634 (0x9c3f2823) sw      gp, -1584(t5)
core   0: 3 0x80009634 (0x9c3f2823) mem 0x8000a000 0x00000001
core   0: 0x80009638 (0x0000bfe5) c.j     pc - 8
core   0: 3 0x80009638 (0xbfe5)
core   0: 0x80009630 (0x00001f17) auipc   t5, 0x1
core   0: 3 0x80009630 (0x00001f17) x30 0x8000a630
core   0: 0x80009634 (0x9c3f2823) sw      gp, -1584(t5)
core   0: 3 0x80009634 (0x9c3f2823) mem 0x8000a000 0x00000001
core   0: 0x80009638 (0x0000bfe5) c.j     pc - 8
core   0: 3 0x80009638 (0xbfe5)
core   0: 0x80009630 (0x00001f17) auipc   t5, 0x1
core   0: 3 0x80009630 (0x00001f17) x30 0x8000a630
core   0: 0x80009634 (0x9c3f2823) sw      gp, -1584(t5)
core   0: 3 0x80009634 (0x9c3f2823) mem 0x8000a000 0x00000001
core   0: 0x80009638 (0x0000bfe5) c.j     pc - 8
core   0: 3 0x80009638 (0xbfe5)
core   0: 0x80009630 (0x00001f17) auipc   t5, 0x1
core   0: 3 0x80009630 (0x00001f17) x30 0x8000a630
core   0: 0x80009634 (0x9c3f2823) sw      gp, -1584(t5)
core   0: 3 0x80009634 (0x9c3f2823) mem 0x8000a000 0x00000001
core   0: 0x80009638 (0x0000bfe5) c.j     pc - 8
core   0: 3 0x80009638 (0xbfe5)
core   0: 0x80009630 (0x00001f17) auipc   t5, 0x1
core   0: 3 0x80009630 (0x00001f17) x30 0x8000a630
core   0: 0x80009634 (0x9c3f2823) sw      gp, -1584(t5)
core   0: 3 0x80009634 (0x9c3f2823) mem 0x8000a000 0x00000001
core   0: 0x80009638 (0x0000bfe5) c.j     pc - 8
core   0: 3 0x80009638 (0xbfe5)
core   0: 0x80009630 (0x00001f17) auipc   t5, 0x1
core   0: 3 0x80009630 (0x00001f17) x30 0x8000a630
core   0: 0x80009634 (0x9c3f2823) sw      gp, -1584(t5)
core   0: 3 0x80009634 (0x9c3f2823) mem 0x8000a000 0x00000001
core   0: 0x80009638 (0x0000bfe5) c.j     pc - 8
core   0: 3 0x80009638 (0xbfe5)
core   0: 0x80009630 (0x00001f17) auipc   t5, 0x1
core   0: 3 0x80009630 (0x00001f17) x30 0x8000a630
core   0: 0x80009634 (0x9c3f2823) sw      gp, -1584(t5)
core   0: 3 0x80009634 (0x9c3f2823) mem 0x8000a000 0x00000001
core   0: 0x80009638 (0x0000bfe5) c.j     pc - 8
core   0: 3 0x80009638 (0xbfe5)
core   0: 0x80009630 (0x00001f17) auipc   t5, 0x1
core   0: 3 0x80009630 (0x00001f17) x30 0x8000a630
core   0: 0x80009634 (0x9c3f2823) sw      gp, -1584(t5)
core   0: 3 0x80009634 (0x9c3f2823) mem 0x8000a000 0x00000001
core   0: 0x80009638 (0x0000bfe5) c.j     pc - 8
core   0: 3 0x80009638 (0xbfe5)
core   0: 0x80009630 (0x00001f17) auipc   t5, 0x1
core   0: 3 0x80009630 (0x00001f17) x30 0x8000a630
core   0: 0x80009634 (0x9c3f2823) sw      gp, -1584(t5)
core   0: 3 0x80009634 (0x9c3f2823) mem 0x8000a000 0x00000001
core   0: 0x80009638 (0x0000bfe5) c.j     pc - 8
core   0: 3 0x80009638 (0xbfe5)
core   0: 0x80009630 (0x00001f17) auipc   t5, 0x1
core   0: 3 0x80009630 (0x00001f17) x30 0x8000a630
core   0: 0x80009634 (0x9c3f2823) sw      gp, -1584(t5)
core   0: 3 0x80009634 (0x9c3f2823) mem 0x8000a000 0x00000001
core   0: 0x80009638 (0x0000bfe5) c.j     pc - 8
core   0: 3 0x80009638 (0xbfe5)
core   0: 0x80009630 (0x00001f17) auipc   t5, 0x1
core   0: 3 0x80009630 (0x00001f17) x30 0x8000a630
core   0: 0x80009634 (0x9c3f2823) sw      gp, -1584(t5)
core   0: 3 0x80009634 (0x9c3f2823) mem 0x8000a000 0x00000001
core   0: 0x80009638 (0x0000bfe5) c.j     pc - 8
core   0: 3 0x80009638 (0xbfe5)
core   0: 0x80009630 (0x00001f17) auipc   t5, 0x1
core   0: 3 0x80009630 (0x00001f17) x30 0x8000a630
core   0: 0x80009634 (0x9c3f2823) sw      gp, -1584(t5)
core   0: 3 0x80009634 (0x9c3f2823) mem 0x8000a000 0x00000001
core   0: 0x80009638 (0x0000bfe5) c.j     pc - 8
core   0: 3 0x80009638 (0xbfe5)
core   0: 0x80009630 (0x00001f17) auipc   t5, 0x1
core   0: 3 0x80009630 (0x00001f17) x30 0x8000a630
core   0: 0x80009634 (0x9c3f2823) sw      gp, -1584(t5)
core   0: 3 0x80009634 (0x9c3f2823) mem 0x8000a000 0x00000001
core   0: 0x80009638 (0x0000bfe5) c.j     pc - 8
core   0: 3 0x80009638 (0xbfe5)
core   0: 0x80009630 (0x00001f17) auipc   t5, 0x1
core   0: 3 0x80009630 (0x00001f17) x30 0x8000a630
core   0: 0x80009634 (0x9c3f2823) sw      gp, -1584(t5)
core   0: 3 0x80009634 (0x9c3f2823) mem 0x8000a000 0x00000001
core   0: 0x80009638 (0x0000bfe5) c.j     pc - 8
core   0: 3 0x80009638 (0xbfe5)
core   0: 0x80009630 (0x00001f17) auipc   t5, 0x1
core   0: 3 0x80009630 (0x00001f17) x30 0x8000a630
core   0: 0x80009634 (0x9c3f2823) sw      gp, -1584(t5)
core   0: 3 0x80009634 (0x9c3f2823) mem 0x8000a000 0x00000001
core   0: 0x80009638 (0x0000bfe5) c.j     pc - 8
core   0: 3 0x80009638 (0xbfe5)
core   0: 0x80009630 (0x00001f17) auipc   t5, 0x1
core   0: 3 0x80009630 (0x00001f17) x30 0x8000a630
core   0: 0x80009634 (0x9c3f2823) sw      gp, -1584(t5)
core   0: 3 0x80009634 (0x9c3f2823) mem 0x8000a000 0x00000001
core   0: 0x80009638 (0x0000bfe5) c.j     pc - 8
core   0: 3 0x80009638 (0xbfe5)
core   0: 0x80009630 (0x00001f17) auipc   t5, 0x1
core   0: 3 0x80009630 (0x00001f17) x30 0x8000a630
core   0: 0x80009634 (0x9c3f2823) sw      gp, -1584(t5)
core   0: 3 0x80009634 (0x9c3f2823) mem 0x8000a000 0x00000001
core   0: 0x80009638 (0x0000bfe5) c.j     pc - 8
core   0: 3 0x80009638 (0xbfe5)
core   0: 0x80009630 (0x00001f17) auipc   t5, 0x1
core   0: 3 0x80009630 (0x00001f17) x30 0x8000a630
core   0: 0x80009634 (0x9c3f2823) sw      gp, -1584(t5)
core   0: 3 0x80009634 (0x9c3f2823) mem 0x8000a000 0x00000001
core   0: 0x80009638 (0x0000bfe5) c.j     pc - 8
core   0: 3 0x80009638 (0xbfe5)
core   0: 0x80009630 (0x00001f17) auipc   t5, 0x1
core   0: 3 0x80009630 (0x00001f17) x30 0x8000a630
core   0: 0x80009634 (0x9c3f2823) sw      gp, -1584(t5)
core   0: 3 0x80009634 (0x9c3f2823) mem 0x8000a000 0x00000001
core   0: 0x80009638 (0x0000bfe5) c.j     pc - 8
core   0: 3 0x80009638 (0xbfe5)
core   0: 0x80009630 (0x00001f17) auipc   t5, 0x1
core   0: 3 0x80009630 (0x00001f17) x30 0x8000a630
core   0: 0x80009634 (0x9c3f2823) sw      gp, -1584(t5)
core   0: 3 0x80009634 (0x9c3f2823) mem 0x8000a000 0x00000001
core   0: 0x80009638 (0x0000bfe5) c.j     pc - 8
core   0: 3 0x80009638 (0xbfe5)
core   0: 0x80009630 (0x00001f17) auipc   t5, 0x1
core   0: 3 0x80009630 (0x00001f17) x30 0x8000a630
core   0: 0x80009634 (0x9c3f2823) sw      gp, -1584(t5)
core   0: 3 0x80009634 (0x9c3f2823) mem 0x8000a000 0x00000001
core   0: 0x80009638 (0x0000bfe5) c.j     pc - 8
core   0: 3 0x80009638 (0xbfe5)
core   0: 0x80009630 (0x00001f17) auipc   t5, 0x1
core   0: 3 0x80009630 (0x00001f17) x30 0x8000a630
core   0: 0x80009634 (0x9c3f2823) sw      gp, -1584(t5)
core   0: 3 0x80009634 (0x9c3f2823) mem 0x8000a000 0x00000001
core   0: 0x80009638 (0x0000bfe5) c.j     pc - 8
core   0: 3 0x80009638 (0xbfe5)
core   0: 0x80009630 (0x00001f17) auipc   t5, 0x1
core   0: 3 0x80009630 (0x00001f17) x30 0x8000a630
core   0: 0x80009634 (0x9c3f2823) sw      gp, -1584(t5)
core   0: 3 0x80009634 (0x9c3f2823) mem 0x8000a000 0x00000001
core   0: 0x80009638 (0x0000bfe5) c.j     pc - 8
core   0: 3 0x80009638 (0xbfe5)
core   0: 0x80009630 (0x00001f17) auipc   t5, 0x1
core   0: 3 0x80009630 (0x00001f17) x30 0x8000a630
core   0: 0x80009634 (0x9c3f2823) sw      gp, -1584(t5)
core   0: 3 0x80009634 (0x9c3f2823) mem 0x8000a000 0x00000001
core   0: 0x80009638 (0x0000bfe5) c.j     pc - 8
core   0: 3 0x80009638 (0xbfe5)
core   0: 0x80009630 (0x00001f17) auipc   t5, 0x1
core   0: 3 0x80009630 (0x00001f17) x30 0x8000a630
core   0: 0x80009634 (0x9c3f2823) sw      gp, -1584(t5)
core   0: 3 0x80009634 (0x9c3f2823) mem 0x8000a000 0x00000001
core   0: 0x80009638 (0x0000bfe5) c.j     pc - 8
core   0: 3 0x80009638 (0xbfe5)
core   0: 0x80009630 (0x00001f17) auipc   t5, 0x1
core   0: 3 0x80009630 (0x00001f17) x30 0x8000a630
core   0: 0x80009634 (0x9c3f2823) sw      gp, -1584(t5)
core   0: 3 0x80009634 (0x9c3f2823) mem 0x8000a000 0x00000001
core   0: 0x80009638 (0x0000bfe5) c.j     pc - 8
core   0: 3 0x80009638 (0xbfe5)
core   0: 0x80009630 (0x00001f17) auipc   t5, 0x1
core   0: 3 0x80009630 (0x00001f17) x30 0x8000a630
core   0: 0x80009634 (0x9c3f2823) sw      gp, -1584(t5)
core   0: 3 0x80009634 (0x9c3f2823) mem 0x8000a000 0x00000001
core   0: 0x80009638 (0x0000bfe5) c.j     pc - 8
core   0: 3 0x80009638 (0xbfe5)
core   0: 0x80009630 (0x00001f17) auipc   t5, 0x1
core   0: 3 0x80009630 (0x00001f17) x30 0x8000a630
core   0: 0x80009634 (0x9c3f2823) sw      gp, -1584(t5)
core   0: 3 0x80009634 (0x9c3f2823) mem 0x8000a000 0x00000001
core   0: 0x80009638 (0x0000bfe5) c.j     pc - 8
core   0: 3 0x80009638 (0xbfe5)
core   0: 0x80009630 (0x00001f17) auipc   t5, 0x1
core   0: 3 0x80009630 (0x00001f17) x30 0x8000a630
core   0: 0x80009634 (0x9c3f2823) sw      gp, -1584(t5)
core   0: 3 0x80009634 (0x9c3f2823) mem 0x8000a000 0x00000001
core   0: 0x80009638 (0x0000bfe5) c.j     pc - 8
core   0: 3 0x80009638 (0xbfe5)
core   0: 0x80009630 (0x00001f17) auipc   t5, 0x1
core   0: 3 0x80009630 (0x00001f17) x30 0x8000a630
core   0: 0x80009634 (0x9c3f2823) sw      gp, -1584(t5)
core   0: 3 0x80009634 (0x9c3f2823) mem 0x8000a000 0x00000001
core   0: 0x80009638 (0x0000bfe5) c.j     pc - 8
core   0: 3 0x80009638 (0xbfe5)
core   0: 0x80009630 (0x00001f17) auipc   t5, 0x1
core   0: 3 0x80009630 (0x00001f17) x30 0x8000a630
core   0: 0x80009634 (0x9c3f2823) sw      gp, -1584(t5)
core   0: 3 0x80009634 (0x9c3f2823) mem 0x8000a000 0x00000001
core   0: 0x80009638 (0x0000bfe5) c.j     pc - 8
core   0: 3 0x80009638 (0xbfe5)
core   0: 0x80009630 (0x00001f17) auipc   t5, 0x1
core   0: 3 0x80009630 (0x00001f17) x30 0x8000a630
core   0: 0x80009634 (0x9c3f2823) sw      gp, -1584(t5)
core   0: 3 0x80009634 (0x9c3f2823) mem 0x8000a000 0x00000001
core   0: 0x80009638 (0x0000bfe5) c.j     pc - 8
core   0: 3 0x80009638 (0xbfe5)
core   0: 0x80009630 (0x00001f17) auipc   t5, 0x1
core   0: 3 0x80009630 (0x00001f17) x30 0x8000a630
core   0: 0x80009634 (0x9c3f2823) sw      gp, -1584(t5)
core   0: 3 0x80009634 (0x9c3f2823) mem 0x8000a000 0x00000001
core   0: 0x80009638 (0x0000bfe5) c.j     pc - 8
core   0: 3 0x80009638 (0xbfe5)
core   0: 0x80009630 (0x00001f17) auipc   t5, 0x1
core   0: 3 0x80009630 (0x00001f17) x30 0x8000a630
core   0: 0x80009634 (0x9c3f2823) sw      gp, -1584(t5)
core   0: 3 0x80009634 (0x9c3f2823) mem 0x8000a000 0x00000001
core   0: 0x80009638 (0x0000bfe5) c.j     pc - 8
core   0: 3 0x80009638 (0xbfe5)
core   0: 0x80009630 (0x00001f17) auipc   t5, 0x1
core   0: 3 0x80009630 (0x00001f17) x30 0x8000a630
core   0: 0x80009634 (0x9c3f2823) sw      gp, -1584(t5)
core   0: 3 0x80009634 (0x9c3f2823) mem 0x8000a000 0x00000001
core   0: 0x80009638 (0x0000bfe5) c.j     pc - 8
core   0: 3 0x80009638 (0xbfe5)
core   0: 0x80009630 (0x00001f17) auipc   t5, 0x1
core   0: 3 0x80009630 (0x00001f17) x30 0x8000a630
core   0: 0x80009634 (0x9c3f2823) sw      gp, -1584(t5)
core   0: 3 0x80009634 (0x9c3f2823) mem 0x8000a000 0x00000001
core   0: 0x80009638 (0x0000bfe5) c.j     pc - 8
core   0: 3 0x80009638 (0xbfe5)
core   0: 0x80009630 (0x00001f17) auipc   t5, 0x1
core   0: 3 0x80009630 (0x00001f17) x30 0x8000a630
core   0: 0x80009634 (0x9c3f2823) sw      gp, -1584(t5)
core   0: 3 0x80009634 (0x9c3f2823) mem 0x8000a000 0x00000001
core   0: 0x80009638 (0x0000bfe5) c.j     pc - 8
core   0: 3 0x80009638 (0xbfe5)
core   0: 0x80009630 (0x00001f17) auipc   t5, 0x1
core   0: 3 0x80009630 (0x00001f17) x30 0x8000a630
core   0: 0x80009634 (0x9c3f2823) sw      gp, -1584(t5)
core   0: 3 0x80009634 (0x9c3f2823) mem 0x8000a000 0x00000001
core   0: 0x80009638 (0x0000bfe5) c.j     pc - 8
core   0: 3 0x80009638 (0xbfe5)
core   0: 0x80009630 (0x00001f17) auipc   t5, 0x1
core   0: 3 0x80009630 (0x00001f17) x30 0x8000a630
core   0: 0x80009634 (0x9c3f2823) sw      gp, -1584(t5)
core   0: 3 0x80009634 (0x9c3f2823) mem 0x8000a000 0x00000001
core   0: 0x80009638 (0x0000bfe5) c.j     pc - 8
core   0: 3 0x80009638 (0xbfe5)
core   0: 0x80009630 (0x00001f17) auipc   t5, 0x1
core   0: 3 0x80009630 (0x00001f17) x30 0x8000a630
core   0: 0x80009634 (0x9c3f2823) sw      gp, -1584(t5)
core   0: 3 0x80009634 (0x9c3f2823) mem 0x8000a000 0x00000001
core   0: 0x80009638 (0x0000bfe5) c.j     pc - 8
core   0: 3 0x80009638 (0xbfe5)
core   0: 0x80009630 (0x00001f17) auipc   t5, 0x1
core   0: 3 0x80009630 (0x00001f17) x30 0x8000a630
core   0: 0x80009634 (0x9c3f2823) sw      gp, -1584(t5)
core   0: 3 0x80009634 (0x9c3f2823) mem 0x8000a000 0x00000001
core   0: 0x80009638 (0x0000bfe5) c.j     pc - 8
core   0: 3 0x80009638 (0xbfe5)
core   0: 0x80009630 (0x00001f17) auipc   t5, 0x1
core   0: 3 0x80009630 (0x00001f17) x30 0x8000a630
core   0: 0x80009634 (0x9c3f2823) sw      gp, -1584(t5)
core   0: 3 0x80009634 (0x9c3f2823) mem 0x8000a000 0x00000001
core   0: 0x80009638 (0x0000bfe5) c.j     pc - 8
core   0: 3 0x80009638 (0xbfe5)
core   0: 0x80009630 (0x00001f17) auipc   t5, 0x1
core   0: 3 0x80009630 (0x00001f17) x30 0x8000a630
core   0: 0x80009634 (0x9c3f2823) sw      gp, -1584(t5)
core   0: 3 0x80009634 (0x9c3f2823) mem 0x8000a000 0x00000001
core   0: 0x80009638 (0x0000bfe5) c.j     pc - 8
core   0: 3 0x80009638 (0xbfe5)
core   0: 0x80009630 (0x00001f17) auipc   t5, 0x1
core   0: 3 0x80009630 (0x00001f17) x30 0x8000a630
core   0: 0x80009634 (0x9c3f2823) sw      gp, -1584(t5)
core   0: 3 0x80009634 (0x9c3f2823) mem 0x8000a000 0x00000001
core   0: 0x80009638 (0x0000bfe5) c.j     pc - 8
core   0: 3 0x80009638 (0xbfe5)
core   0: 0x80009630 (0x00001f17) auipc   t5, 0x1
core   0: 3 0x80009630 (0x00001f17) x30 0x8000a630
core   0: 0x80009634 (0x9c3f2823) sw      gp, -1584(t5)
core   0: 3 0x80009634 (0x9c3f2823) mem 0x8000a000 0x00000001
core   0: 0x80009638 (0x0000bfe5) c.j     pc - 8
core   0: 3 0x80009638 (0xbfe5)
core   0: 0x80009630 (0x00001f17) auipc   t5, 0x1
core   0: 3 0x80009630 (0x00001f17) x30 0x8000a630
core   0: 0x80009634 (0x9c3f2823) sw      gp, -1584(t5)
core   0: 3 0x80009634 (0x9c3f2823) mem 0x8000a000 0x00000001
core   0: 0x80009638 (0x0000bfe5) c.j     pc - 8
core   0: 3 0x80009638 (0xbfe5)
core   0: 0x80009630 (0x00001f17) auipc   t5, 0x1
core   0: 3 0x80009630 (0x00001f17) x30 0x8000a630
core   0: 0x80009634 (0x9c3f2823) sw      gp, -1584(t5)
core   0: 3 0x80009634 (0x9c3f2823) mem 0x8000a000 0x00000001
core   0: 0x80009638 (0x0000bfe5) c.j     pc - 8
core   0: 3 0x80009638 (0xbfe5)
core   0: 0x80009630 (0x00001f17) auipc   t5, 0x1
core   0: 3 0x80009630 (0x00001f17) x30 0x8000a630
core   0: 0x80009634 (0x9c3f2823) sw      gp, -1584(t5)
core   0: 3 0x80009634 (0x9c3f2823) mem 0x8000a000 0x00000001
core   0: 0x80009638 (0x0000bfe5) c.j     pc - 8
core   0: 3 0x80009638 (0xbfe5)
core   0: 0x80009630 (0x00001f17) auipc   t5, 0x1
core   0: 3 0x80009630 (0x00001f17) x30 0x8000a630
core   0: 0x80009634 (0x9c3f2823) sw      gp, -1584(t5)
core   0: 3 0x80009634 (0x9c3f2823) mem 0x8000a000 0x00000001
core   0: 0x80009638 (0x0000bfe5) c.j     pc - 8
core   0: 3 0x80009638 (0xbfe5)
core   0: 0x80009630 (0x00001f17) auipc   t5, 0x1
core   0: 3 0x80009630 (0x00001f17) x30 0x8000a630
core   0: 0x80009634 (0x9c3f2823) sw      gp, -1584(t5)
core   0: 3 0x80009634 (0x9c3f2823) mem 0x8000a000 0x00000001
core   0: 0x80009638 (0x0000bfe5) c.j     pc - 8
core   0: 3 0x80009638 (0xbfe5)
core   0: 0x80009630 (0x00001f17) auipc   t5, 0x1
core   0: 3 0x80009630 (0x00001f17) x30 0x8000a630
core   0: 0x80009634 (0x9c3f2823) sw      gp, -1584(t5)
core   0: 3 0x80009634 (0x9c3f2823) mem 0x8000a000 0x00000001
core   0: 0x80009638 (0x0000bfe5) c.j     pc - 8
core   0: 3 0x80009638 (0xbfe5)
core   0: 0x80009630 (0x00001f17) auipc   t5, 0x1
core   0: 3 0x80009630 (0x00001f17) x30 0x8000a630
core   0: 0x80009634 (0x9c3f2823) sw      gp, -1584(t5)
core   0: 3 0x80009634 (0x9c3f2823) mem 0x8000a000 0x00000001
core   0: 0x80009638 (0x0000bfe5) c.j     pc - 8
core   0: 3 0x80009638 (0xbfe5)
core   0: 0x80009630 (0x00001f17) auipc   t5, 0x1
core   0: 3 0x80009630 (0x00001f17) x30 0x8000a630
core   0: 0x80009634 (0x9c3f2823) sw      gp, -1584(t5)
core   0: 3 0x80009634 (0x9c3f2823) mem 0x8000a000 0x00000001
core   0: 0x80009638 (0x0000bfe5) c.j     pc - 8
core   0: 3 0x80009638 (0xbfe5)
core   0: 0x80009630 (0x00001f17) auipc   t5, 0x1
core   0: 3 0x80009630 (0x00001f17) x30 0x8000a630
core   0: 0x80009634 (0x9c3f2823) sw      gp, -1584(t5)
core   0: 3 0x80009634 (0x9c3f2823) mem 0x8000a000 0x00000001
core   0: 0x80009638 (0x0000bfe5) c.j     pc - 8
core   0: 3 0x80009638 (0xbfe5)
core   0: 0x80009630 (0x00001f17) auipc   t5, 0x1
core   0: 3 0x80009630 (0x00001f17) x30 0x8000a630
core   0: 0x80009634 (0x9c3f2823) sw      gp, -1584(t5)
core   0: 3 0x80009634 (0x9c3f2823) mem 0x8000a000 0x00000001
core   0: 0x80009638 (0x0000bfe5) c.j     pc - 8
core   0: 3 0x80009638 (0xbfe5)
core   0: 0x80009630 (0x00001f17) auipc   t5, 0x1
core   0: 3 0x80009630 (0x00001f17) x30 0x8000a630
core   0: 0x80009634 (0x9c3f2823) sw      gp, -1584(t5)
core   0: 3 0x80009634 (0x9c3f2823) mem 0x8000a000 0x00000001
core   0: 0x80009638 (0x0000bfe5) c.j     pc - 8
core   0: 3 0x80009638 (0xbfe5)
core   0: 0x80009630 (0x00001f17) auipc   t5, 0x1
core   0: 3 0x80009630 (0x00001f17) x30 0x8000a630
core   0: 0x80009634 (0x9c3f2823) sw      gp, -1584(t5)
core   0: 3 0x80009634 (0x9c3f2823) mem 0x8000a000 0x00000001
core   0: 0x80009638 (0x0000bfe5) c.j     pc - 8
core   0: 3 0x80009638 (0xbfe5)
core   0: 0x80009630 (0x00001f17) auipc   t5, 0x1
core   0: 3 0x80009630 (0x00001f17) x30 0x8000a630
core   0: 0x80009634 (0x9c3f2823) sw      gp, -1584(t5)
core   0: 3 0x80009634 (0x9c3f2823) mem 0x8000a000 0x00000001
core   0: 0x80009638 (0x0000bfe5) c.j     pc - 8
core   0: 3 0x80009638 (0xbfe5)
core   0: 0x80009630 (0x00001f17) auipc   t5, 0x1
core   0: 3 0x80009630 (0x00001f17) x30 0x8000a630
core   0: 0x80009634 (0x9c3f2823) sw      gp, -1584(t5)
core   0: 3 0x80009634 (0x9c3f2823) mem 0x8000a000 0x00000001
core   0: 0x80009638 (0x0000bfe5) c.j     pc - 8
core   0: 3 0x80009638 (0xbfe5)
core   0: 0x80009630 (0x00001f17) auipc   t5, 0x1
core   0: 3 0x80009630 (0x00001f17) x30 0x8000a630
core   0: 0x80009634 (0x9c3f2823) sw      gp, -1584(t5)
core   0: 3 0x80009634 (0x9c3f2823) mem 0x8000a000 0x00000001
core   0: 0x80009638 (0x0000bfe5) c.j     pc - 8
core   0: 3 0x80009638 (0xbfe5)
core   0: 0x80009630 (0x00001f17) auipc   t5, 0x1
core   0: 3 0x80009630 (0x00001f17) x30 0x8000a630
core   0: 0x80009634 (0x9c3f2823) sw      gp, -1584(t5)
core   0: 3 0x80009634 (0x9c3f2823) mem 0x8000a000 0x00000001
core   0: 0x80009638 (0x0000bfe5) c.j     pc - 8
core   0: 3 0x80009638 (0xbfe5)
core   0: 0x80009630 (0x00001f17) auipc   t5, 0x1
core   0: 3 0x80009630 (0x00001f17) x30 0x8000a630
core   0: 0x80009634 (0x9c3f2823) sw      gp, -1584(t5)
core   0: 3 0x80009634 (0x9c3f2823) mem 0x8000a000 0x00000001
core   0: 0x80009638 (0x0000bfe5) c.j     pc - 8
core   0: 3 0x80009638 (0xbfe5)
core   0: 0x80009630 (0x00001f17) auipc   t5, 0x1
core   0: 3 0x80009630 (0x00001f17) x30 0x8000a630
core   0: 0x80009634 (0x9c3f2823) sw      gp, -1584(t5)
core   0: 3 0x80009634 (0x9c3f2823) mem 0x8000a000 0x00000001
core   0: 0x80009638 (0x0000bfe5) c.j     pc - 8
core   0: 3 0x80009638 (0xbfe5)
core   0: 0x80009630 (0x00001f17) auipc   t5, 0x1
core   0: 3 0x80009630 (0x00001f17) x30 0x8000a630
core   0: 0x80009634 (0x9c3f2823) sw      gp, -1584(t5)
core   0: 3 0x80009634 (0x9c3f2823) mem 0x8000a000 0x00000001
core   0: 0x80009638 (0x0000bfe5) c.j     pc - 8
core   0: 3 0x80009638 (0xbfe5)
core   0: 0x80009630 (0x00001f17) auipc   t5, 0x1
core   0: 3 0x80009630 (0x00001f17) x30 0x8000a630
core   0: 0x80009634 (0x9c3f2823) sw      gp, -1584(t5)
core   0: 3 0x80009634 (0x9c3f2823) mem 0x8000a000 0x00000001
core   0: 0x80009638 (0x0000bfe5) c.j     pc - 8
core   0: 3 0x80009638 (0xbfe5)
core   0: 0x80009630 (0x00001f17) auipc   t5, 0x1
core   0: 3 0x80009630 (0x00001f17) x30 0x8000a630
core   0: 0x80009634 (0x9c3f2823) sw      gp, -1584(t5)
core   0: 3 0x80009634 (0x9c3f2823) mem 0x8000a000 0x00000001
core   0: 0x80009638 (0x0000bfe5) c.j     pc - 8
core   0: 3 0x80009638 (0xbfe5)
core   0: 0x80009630 (0x00001f17) auipc   t5, 0x1
core   0: 3 0x80009630 (0x00001f17) x30 0x8000a630
core   0: 0x80009634 (0x9c3f2823) sw      gp, -1584(t5)
core   0: 3 0x80009634 (0x9c3f2823) mem 0x8000a000 0x00000001
core   0: 0x80009638 (0x0000bfe5) c.j     pc - 8
core   0: 3 0x80009638 (0xbfe5)
core   0: 0x80009630 (0x00001f17) auipc   t5, 0x1
core   0: 3 0x80009630 (0x00001f17) x30 0x8000a630
core   0: 0x80009634 (0x9c3f2823) sw      gp, -1584(t5)
core   0: 3 0x80009634 (0x9c3f2823) mem 0x8000a000 0x00000001
core   0: 0x80009638 (0x0000bfe5) c.j     pc - 8
core   0: 3 0x80009638 (0xbfe5)
core   0: 0x80009630 (0x00001f17) auipc   t5, 0x1
core   0: 3 0x80009630 (0x00001f17) x30 0x8000a630
core   0: 0x80009634 (0x9c3f2823) sw      gp, -1584(t5)
core   0: 3 0x80009634 (0x9c3f2823) mem 0x8000a000 0x00000001
core   0: 0x80009638 (0x0000bfe5) c.j     pc - 8
core   0: 3 0x80009638 (0xbfe5)
core   0: 0x80009630 (0x00001f17) auipc   t5, 0x1
core   0: 3 0x80009630 (0x00001f17) x30 0x8000a630
core   0: 0x80009634 (0x9c3f2823) sw      gp, -1584(t5)
core   0: 3 0x80009634 (0x9c3f2823) mem 0x8000a000 0x00000001
core   0: 0x80009638 (0x0000bfe5) c.j     pc - 8
core   0: 3 0x80009638 (0xbfe5)
core   0: 0x80009630 (0x00001f17) auipc   t5, 0x1
core   0: 3 0x80009630 (0x00001f17) x30 0x8000a630
core   0: 0x80009634 (0x9c3f2823) sw      gp, -1584(t5)
core   0: 3 0x80009634 (0x9c3f2823) mem 0x8000a000 0x00000001
core   0: 0x80009638 (0x0000bfe5) c.j     pc - 8
core   0: 3 0x80009638 (0xbfe5)
core   0: 0x80009630 (0x00001f17) auipc   t5, 0x1
core   0: 3 0x80009630 (0x00001f17) x30 0x8000a630
core   0: 0x80009634 (0x9c3f2823) sw      gp, -1584(t5)
core   0: 3 0x80009634 (0x9c3f2823) mem 0x8000a000 0x00000001
core   0: 0x80009638 (0x0000bfe5) c.j     pc - 8
core   0: 3 0x80009638 (0xbfe5)
core   0: 0x80009630 (0x00001f17) auipc   t5, 0x1
core   0: 3 0x80009630 (0x00001f17) x30 0x8000a630
core   0: 0x80009634 (0x9c3f2823) sw      gp, -1584(t5)
core   0: 3 0x80009634 (0x9c3f2823) mem 0x8000a000 0x00000001
core   0: 0x80009638 (0x0000bfe5) c.j     pc - 8
core   0: 3 0x80009638 (0xbfe5)
core   0: 0x80009630 (0x00001f17) auipc   t5, 0x1
core   0: 3 0x80009630 (0x00001f17) x30 0x8000a630
core   0: 0x80009634 (0x9c3f2823) sw      gp, -1584(t5)
core   0: 3 0x80009634 (0x9c3f2823) mem 0x8000a000 0x00000001
core   0: 0x80009638 (0x0000bfe5) c.j     pc - 8
core   0: 3 0x80009638 (0xbfe5)
core   0: 0x80009630 (0x00001f17) auipc   t5, 0x1
core   0: 3 0x80009630 (0x00001f17) x30 0x8000a630
core   0: 0x80009634 (0x9c3f2823) sw      gp, -1584(t5)
core   0: 3 0x80009634 (0x9c3f2823) mem 0x8000a000 0x00000001
core   0: 0x80009638 (0x0000bfe5) c.j     pc - 8
core   0: 3 0x80009638 (0xbfe5)
core   0: 0x80009630 (0x00001f17) auipc   t5, 0x1
core   0: 3 0x80009630 (0x00001f17) x30 0x8000a630
core   0: 0x80009634 (0x9c3f2823) sw      gp, -1584(t5)
core   0: 3 0x80009634 (0x9c3f2823) mem 0x8000a000 0x00000001
core   0: 0x80009638 (0x0000bfe5) c.j     pc - 8
core   0: 3 0x80009638 (0xbfe5)
core   0: 0x80009630 (0x00001f17) auipc   t5, 0x1
core   0: 3 0x80009630 (0x00001f17) x30 0x8000a630
core   0: 0x80009634 (0x9c3f2823) sw      gp, -1584(t5)
core   0: 3 0x80009634 (0x9c3f2823) mem 0x8000a000 0x00000001
core   0: 0x80009638 (0x0000bfe5) c.j     pc - 8
core   0: 3 0x80009638 (0xbfe5)
core   0: 0x80009630 (0x00001f17) auipc   t5, 0x1
core   0: 3 0x80009630 (0x00001f17) x30 0x8000a630
core   0: 0x80009634 (0x9c3f2823) sw      gp, -1584(t5)
core   0: 3 0x80009634 (0x9c3f2823) mem 0x8000a000 0x00000001
core   0: 0x80009638 (0x0000bfe5) c.j     pc - 8
core   0: 3 0x80009638 (0xbfe5)
core   0: 0x80009630 (0x00001f17) auipc   t5, 0x1
core   0: 3 0x80009630 (0x00001f17) x30 0x8000a630
core   0: 0x80009634 (0x9c3f2823) sw      gp, -1584(t5)
core   0: 3 0x80009634 (0x9c3f2823) mem 0x8000a000 0x00000001
core   0: 0x80009638 (0x0000bfe5) c.j     pc - 8
core   0: 3 0x80009638 (0xbfe5)
core   0: 0x80009630 (0x00001f17) auipc   t5, 0x1
core   0: 3 0x80009630 (0x00001f17) x30 0x8000a630
core   0: 0x80009634 (0x9c3f2823) sw      gp, -1584(t5)
core   0: 3 0x80009634 (0x9c3f2823) mem 0x8000a000 0x00000001
core   0: 0x80009638 (0x0000bfe5) c.j     pc - 8
core   0: 3 0x80009638 (0xbfe5)
core   0: 0x80009630 (0x00001f17) auipc   t5, 0x1
core   0: 3 0x80009630 (0x00001f17) x30 0x8000a630
core   0: 0x80009634 (0x9c3f2823) sw      gp, -1584(t5)
core   0: 3 0x80009634 (0x9c3f2823) mem 0x8000a000 0x00000001
core   0: 0x80009638 (0x0000bfe5) c.j     pc - 8
core   0: 3 0x80009638 (0xbfe5)
core   0: 0x80009630 (0x00001f17) auipc   t5, 0x1
core   0: 3 0x80009630 (0x00001f17) x30 0x8000a630
core   0: 0x80009634 (0x9c3f2823) sw      gp, -1584(t5)
core   0: 3 0x80009634 (0x9c3f2823) mem 0x8000a000 0x00000001
core   0: 0x80009638 (0x0000bfe5) c.j     pc - 8
core   0: 3 0x80009638 (0xbfe5)
core   0: 0x80009630 (0x00001f17) auipc   t5, 0x1
core   0: 3 0x80009630 (0x00001f17) x30 0x8000a630
core   0: 0x80009634 (0x9c3f2823) sw      gp, -1584(t5)
core   0: 3 0x80009634 (0x9c3f2823) mem 0x8000a000 0x00000001
core   0: 0x80009638 (0x0000bfe5) c.j     pc - 8
core   0: 3 0x80009638 (0xbfe5)
core   0: 0x80009630 (0x00001f17) auipc   t5, 0x1
core   0: 3 0x80009630 (0x00001f17) x30 0x8000a630
core   0: 0x80009634 (0x9c3f2823) sw      gp, -1584(t5)
core   0: 3 0x80009634 (0x9c3f2823) mem 0x8000a000 0x00000001
core   0: 0x80009638 (0x0000bfe5) c.j     pc - 8
core   0: 3 0x80009638 (0xbfe5)
core   0: 0x80009630 (0x00001f17) auipc   t5, 0x1
core   0: 3 0x80009630 (0x00001f17) x30 0x8000a630
core   0: 0x80009634 (0x9c3f2823) sw      gp, -1584(t5)
core   0: 3 0x80009634 (0x9c3f2823) mem 0x8000a000 0x00000001
core   0: 0x80009638 (0x0000bfe5) c.j     pc - 8
core   0: 3 0x80009638 (0xbfe5)
core   0: 0x80009630 (0x00001f17) auipc   t5, 0x1
core   0: 3 0x80009630 (0x00001f17) x30 0x8000a630
core   0: 0x80009634 (0x9c3f2823) sw      gp, -1584(t5)
core   0: 3 0x80009634 (0x9c3f2823) mem 0x8000a000 0x00000001
core   0: 0x80009638 (0x0000bfe5) c.j     pc - 8
core   0: 3 0x80009638 (0xbfe5)
core   0: 0x80009630 (0x00001f17) auipc   t5, 0x1
core   0: 3 0x80009630 (0x00001f17) x30 0x8000a630
core   0: 0x80009634 (0x9c3f2823) sw      gp, -1584(t5)
core   0: 3 0x80009634 (0x9c3f2823) mem 0x8000a000 0x00000001
core   0: 0x80009638 (0x0000bfe5) c.j     pc - 8
core   0: 3 0x80009638 (0xbfe5)
core   0: 0x80009630 (0x00001f17) auipc   t5, 0x1
core   0: 3 0x80009630 (0x00001f17) x30 0x8000a630
core   0: 0x80009634 (0x9c3f2823) sw      gp, -1584(t5)
core   0: 3 0x80009634 (0x9c3f2823) mem 0x8000a000 0x00000001
core   0: 0x80009638 (0x0000bfe5) c.j     pc - 8
core   0: 3 0x80009638 (0xbfe5)
core   0: 0x80009630 (0x00001f17) auipc   t5, 0x1
core   0: 3 0x80009630 (0x00001f17) x30 0x8000a630
core   0: 0x80009634 (0x9c3f2823) sw      gp, -1584(t5)
core   0: 3 0x80009634 (0x9c3f2823) mem 0x8000a000 0x00000001
core   0: 0x80009638 (0x0000bfe5) c.j     pc - 8
core   0: 3 0x80009638 (0xbfe5)
core   0: 0x80009630 (0x00001f17) auipc   t5, 0x1
core   0: 3 0x80009630 (0x00001f17) x30 0x8000a630
core   0: 0x80009634 (0x9c3f2823) sw      gp, -1584(t5)
core   0: 3 0x80009634 (0x9c3f2823) mem 0x8000a000 0x00000001
core   0: 0x80009638 (0x0000bfe5) c.j     pc - 8
core   0: 3 0x80009638 (0xbfe5)
core   0: 0x80009630 (0x00001f17) auipc   t5, 0x1
core   0: 3 0x80009630 (0x00001f17) x30 0x8000a630
core   0: 0x80009634 (0x9c3f2823) sw      gp, -1584(t5)
core   0: 3 0x80009634 (0x9c3f2823) mem 0x8000a000 0x00000001
core   0: 0x80009638 (0x0000bfe5) c.j     pc - 8
core   0: 3 0x80009638 (0xbfe5)
core   0: 0x80009630 (0x00001f17) auipc   t5, 0x1
core   0: 3 0x80009630 (0x00001f17) x30 0x8000a630
core   0: 0x80009634 (0x9c3f2823) sw      gp, -1584(t5)
core   0: 3 0x80009634 (0x9c3f2823) mem 0x8000a000 0x00000001
core   0: 0x80009638 (0x0000bfe5) c.j     pc - 8
core   0: 3 0x80009638 (0xbfe5)
core   0: 0x80009630 (0x00001f17) auipc   t5, 0x1
core   0: 3 0x80009630 (0x00001f17) x30 0x8000a630
core   0: 0x80009634 (0x9c3f2823) sw      gp, -1584(t5)
core   0: 3 0x80009634 (0x9c3f2823) mem 0x8000a000 0x00000001
core   0: 0x80009638 (0x0000bfe5) c.j     pc - 8
core   0: 3 0x80009638 (0xbfe5)
core   0: 0x80009630 (0x00001f17) auipc   t5, 0x1
core   0: 3 0x80009630 (0x00001f17) x30 0x8000a630
core   0: 0x80009634 (0x9c3f2823) sw      gp, -1584(t5)
core   0: 3 0x80009634 (0x9c3f2823) mem 0x8000a000 0x00000001
core   0: 0x80009638 (0x0000bfe5) c.j     pc - 8
core   0: 3 0x80009638 (0xbfe5)
core   0: 0x80009630 (0x00001f17) auipc   t5, 0x1
core   0: 3 0x80009630 (0x00001f17) x30 0x8000a630
core   0: 0x80009634 (0x9c3f2823) sw      gp, -1584(t5)
core   0: 3 0x80009634 (0x9c3f2823) mem 0x8000a000 0x00000001
core   0: 0x80009638 (0x0000bfe5) c.j     pc - 8
core   0: 3 0x80009638 (0xbfe5)
core   0: 0x80009630 (0x00001f17) auipc   t5, 0x1
core   0: 3 0x80009630 (0x00001f17) x30 0x8000a630
core   0: 0x80009634 (0x9c3f2823) sw      gp, -1584(t5)
core   0: 3 0x80009634 (0x9c3f2823) mem 0x8000a000 0x00000001
core   0: 0x80009638 (0x0000bfe5) c.j     pc - 8
core   0: 3 0x80009638 (0xbfe5)
core   0: 0x80009630 (0x00001f17) auipc   t5, 0x1
core   0: 3 0x80009630 (0x00001f17) x30 0x8000a630
core   0: 0x80009634 (0x9c3f2823) sw      gp, -1584(t5)
core   0: 3 0x80009634 (0x9c3f2823) mem 0x8000a000 0x00000001
core   0: 0x80009638 (0x0000bfe5) c.j     pc - 8
core   0: 3 0x80009638 (0xbfe5)
core   0: 0x80009630 (0x00001f17) auipc   t5, 0x1
core   0: 3 0x80009630 (0x00001f17) x30 0x8000a630
core   0: 0x80009634 (0x9c3f2823) sw      gp, -1584(t5)
core   0: 3 0x80009634 (0x9c3f2823) mem 0x8000a000 0x00000001
core   0: 0x80009638 (0x0000bfe5) c.j     pc - 8
core   0: 3 0x80009638 (0xbfe5)
core   0: 0x80009630 (0x00001f17) auipc   t5, 0x1
core   0: 3 0x80009630 (0x00001f17) x30 0x8000a630
core   0: 0x80009634 (0x9c3f2823) sw      gp, -1584(t5)
core   0: 3 0x80009634 (0x9c3f2823) mem 0x8000a000 0x00000001
core   0: 0x80009638 (0x0000bfe5) c.j     pc - 8
core   0: 3 0x80009638 (0xbfe5)
core   0: 0x80009630 (0x00001f17) auipc   t5, 0x1
core   0: 3 0x80009630 (0x00001f17) x30 0x8000a630
core   0: 0x80009634 (0x9c3f2823) sw      gp, -1584(t5)
core   0: 3 0x80009634 (0x9c3f2823) mem 0x8000a000 0x00000001
core   0: 0x80009638 (0x0000bfe5) c.j     pc - 8
core   0: 3 0x80009638 (0xbfe5)
core   0: 0x80009630 (0x00001f17) auipc   t5, 0x1
core   0: 3 0x80009630 (0x00001f17) x30 0x8000a630
core   0: 0x80009634 (0x9c3f2823) sw      gp, -1584(t5)
core   0: 3 0x80009634 (0x9c3f2823) mem 0x8000a000 0x00000001
core   0: 0x80009638 (0x0000bfe5) c.j     pc - 8
core   0: 3 0x80009638 (0xbfe5)
core   0: 0x80009630 (0x00001f17) auipc   t5, 0x1
core   0: 3 0x80009630 (0x00001f17) x30 0x8000a630
core   0: 0x80009634 (0x9c3f2823) sw      gp, -1584(t5)
core   0: 3 0x80009634 (0x9c3f2823) mem 0x8000a000 0x00000001
core   0: 0x80009638 (0x0000bfe5) c.j     pc - 8
core   0: 3 0x80009638 (0xbfe5)
core   0: 0x80009630 (0x00001f17) auipc   t5, 0x1
core   0: 3 0x80009630 (0x00001f17) x30 0x8000a630
core   0: 0x80009634 (0x9c3f2823) sw      gp, -1584(t5)
core   0: 3 0x80009634 (0x9c3f2823) mem 0x8000a000 0x00000001
core   0: 0x80009638 (0x0000bfe5) c.j     pc - 8
core   0: 3 0x80009638 (0xbfe5)
core   0: 0x80009630 (0x00001f17) auipc   t5, 0x1
core   0: 3 0x80009630 (0x00001f17) x30 0x8000a630
core   0: 0x80009634 (0x9c3f2823) sw      gp, -1584(t5)
core   0: 3 0x80009634 (0x9c3f2823) mem 0x8000a000 0x00000001
core   0: 0x80009638 (0x0000bfe5) c.j     pc - 8
core   0: 3 0x80009638 (0xbfe5)
core   0: 0x80009630 (0x00001f17) auipc   t5, 0x1
core   0: 3 0x80009630 (0x00001f17) x30 0x8000a630
core   0: 0x80009634 (0x9c3f2823) sw      gp, -1584(t5)
core   0: 3 0x80009634 (0x9c3f2823) mem 0x8000a000 0x00000001
core   0: 0x80009638 (0x0000bfe5) c.j     pc - 8
core   0: 3 0x80009638 (0xbfe5)
core   0: 0x80009630 (0x00001f17) auipc   t5, 0x1
core   0: 3 0x80009630 (0x00001f17) x30 0x8000a630
core   0: 0x80009634 (0x9c3f2823) sw      gp, -1584(t5)
core   0: 3 0x80009634 (0x9c3f2823) mem 0x8000a000 0x00000001
core   0: 0x80009638 (0x0000bfe5) c.j     pc - 8
core   0: 3 0x80009638 (0xbfe5)
core   0: 0x80009630 (0x00001f17) auipc   t5, 0x1
core   0: 3 0x80009630 (0x00001f17) x30 0x8000a630
core   0: 0x80009634 (0x9c3f2823) sw      gp, -1584(t5)
core   0: 3 0x80009634 (0x9c3f2823) mem 0x8000a000 0x00000001
core   0: 0x80009638 (0x0000bfe5) c.j     pc - 8
core   0: 3 0x80009638 (0xbfe5)
core   0: 0x80009630 (0x00001f17) auipc   t5, 0x1
core   0: 3 0x80009630 (0x00001f17) x30 0x8000a630
core   0: 0x80009634 (0x9c3f2823) sw      gp, -1584(t5)
core   0: 3 0x80009634 (0x9c3f2823) mem 0x8000a000 0x00000001
core   0: 0x80009638 (0x0000bfe5) c.j     pc - 8
core   0: 3 0x80009638 (0xbfe5)
core   0: 0x80009630 (0x00001f17) auipc   t5, 0x1
core   0: 3 0x80009630 (0x00001f17) x30 0x8000a630
core   0: 0x80009634 (0x9c3f2823) sw      gp, -1584(t5)
core   0: 3 0x80009634 (0x9c3f2823) mem 0x8000a000 0x00000001
core   0: 0x80009638 (0x0000bfe5) c.j     pc - 8
core   0: 3 0x80009638 (0xbfe5)
core   0: 0x80009630 (0x00001f17) auipc   t5, 0x1
core   0: 3 0x80009630 (0x00001f17) x30 0x8000a630
core   0: 0x80009634 (0x9c3f2823) sw      gp, -1584(t5)
core   0: 3 0x80009634 (0x9c3f2823) mem 0x8000a000 0x00000001
core   0: 0x80009638 (0x0000bfe5) c.j     pc - 8
core   0: 3 0x80009638 (0xbfe5)
core   0: 0x80009630 (0x00001f17) auipc   t5, 0x1
core   0: 3 0x80009630 (0x00001f17) x30 0x8000a630
core   0: 0x80009634 (0x9c3f2823) sw      gp, -1584(t5)
core   0: 3 0x80009634 (0x9c3f2823) mem 0x8000a000 0x00000001
core   0: 0x80009638 (0x0000bfe5) c.j     pc - 8
core   0: 3 0x80009638 (0xbfe5)
core   0: 0x80009630 (0x00001f17) auipc   t5, 0x1
core   0: 3 0x80009630 (0x00001f17) x30 0x8000a630
core   0: 0x80009634 (0x9c3f2823) sw      gp, -1584(t5)
core   0: 3 0x80009634 (0x9c3f2823) mem 0x8000a000 0x00000001
core   0: 0x80009638 (0x0000bfe5) c.j     pc - 8
core   0: 3 0x80009638 (0xbfe5)
core   0: 0x80009630 (0x00001f17) auipc   t5, 0x1
core   0: 3 0x80009630 (0x00001f17) x30 0x8000a630
core   0: 0x80009634 (0x9c3f2823) sw      gp, -1584(t5)
core   0: 3 0x80009634 (0x9c3f2823) mem 0x8000a000 0x00000001
core   0: 0x80009638 (0x0000bfe5) c.j     pc - 8
core   0: 3 0x80009638 (0xbfe5)
core   0: 0x80009630 (0x00001f17) auipc   t5, 0x1
core   0: 3 0x80009630 (0x00001f17) x30 0x8000a630
core   0: 0x80009634 (0x9c3f2823) sw      gp, -1584(t5)
core   0: 3 0x80009634 (0x9c3f2823) mem 0x8000a000 0x00000001
core   0: 0x80009638 (0x0000bfe5) c.j     pc - 8
core   0: 3 0x80009638 (0xbfe5)
core   0: 0x80009630 (0x00001f17) auipc   t5, 0x1
core   0: 3 0x80009630 (0x00001f17) x30 0x8000a630
core   0: 0x80009634 (0x9c3f2823) sw      gp, -1584(t5)
core   0: 3 0x80009634 (0x9c3f2823) mem 0x8000a000 0x00000001
core   0: 0x80009638 (0x0000bfe5) c.j     pc - 8
core   0: 3 0x80009638 (0xbfe5)
core   0: 0x80009630 (0x00001f17) auipc   t5, 0x1
core   0: 3 0x80009630 (0x00001f17) x30 0x8000a630
core   0: 0x80009634 (0x9c3f2823) sw      gp, -1584(t5)
core   0: 3 0x80009634 (0x9c3f2823) mem 0x8000a000 0x00000001
core   0: 0x80009638 (0x0000bfe5) c.j     pc - 8
core   0: 3 0x80009638 (0xbfe5)
core   0: 0x80009630 (0x00001f17) auipc   t5, 0x1
core   0: 3 0x80009630 (0x00001f17) x30 0x8000a630
core   0: 0x80009634 (0x9c3f2823) sw      gp, -1584(t5)
core   0: 3 0x80009634 (0x9c3f2823) mem 0x8000a000 0x00000001
core   0: 0x80009638 (0x0000bfe5) c.j     pc - 8
core   0: 3 0x80009638 (0xbfe5)
core   0: 0x80009630 (0x00001f17) auipc   t5, 0x1
core   0: 3 0x80009630 (0x00001f17) x30 0x8000a630
core   0: 0x80009634 (0x9c3f2823) sw      gp, -1584(t5)
core   0: 3 0x80009634 (0x9c3f2823) mem 0x8000a000 0x00000001
core   0: 0x80009638 (0x0000bfe5) c.j     pc - 8
core   0: 3 0x80009638 (0xbfe5)
core   0: 0x80009630 (0x00001f17) auipc   t5, 0x1
core   0: 3 0x80009630 (0x00001f17) x30 0x8000a630
core   0: 0x80009634 (0x9c3f2823) sw      gp, -1584(t5)
core   0: 3 0x80009634 (0x9c3f2823) mem 0x8000a000 0x00000001
core   0: 0x80009638 (0x0000bfe5) c.j     pc - 8
core   0: 3 0x80009638 (0xbfe5)
core   0: 0x80009630 (0x00001f17) auipc   t5, 0x1
core   0: 3 0x80009630 (0x00001f17) x30 0x8000a630
core   0: 0x80009634 (0x9c3f2823) sw      gp, -1584(t5)
core   0: 3 0x80009634 (0x9c3f2823) mem 0x8000a000 0x00000001
core   0: 0x80009638 (0x0000bfe5) c.j     pc - 8
core   0: 3 0x80009638 (0xbfe5)
core   0: 0x80009630 (0x00001f17) auipc   t5, 0x1
core   0: 3 0x80009630 (0x00001f17) x30 0x8000a630
core   0: 0x80009634 (0x9c3f2823) sw      gp, -1584(t5)
core   0: 3 0x80009634 (0x9c3f2823) mem 0x8000a000 0x00000001
core   0: 0x80009638 (0x0000bfe5) c.j     pc - 8
core   0: 3 0x80009638 (0xbfe5)
core   0: 0x80009630 (0x00001f17) auipc   t5, 0x1
core   0: 3 0x80009630 (0x00001f17) x30 0x8000a630
core   0: 0x80009634 (0x9c3f2823) sw      gp, -1584(t5)
core   0: 3 0x80009634 (0x9c3f2823) mem 0x8000a000 0x00000001
core   0: 0x80009638 (0x0000bfe5) c.j     pc - 8
core   0: 3 0x80009638 (0xbfe5)
core   0: 0x80009630 (0x00001f17) auipc   t5, 0x1
core   0: 3 0x80009630 (0x00001f17) x30 0x8000a630
core   0: 0x80009634 (0x9c3f2823) sw      gp, -1584(t5)
core   0: 3 0x80009634 (0x9c3f2823) mem 0x8000a000 0x00000001
core   0: 0x80009638 (0x0000bfe5) c.j     pc - 8
core   0: 3 0x80009638 (0xbfe5)
core   0: 0x80009630 (0x00001f17) auipc   t5, 0x1
core   0: 3 0x80009630 (0x00001f17) x30 0x8000a630
core   0: 0x80009634 (0x9c3f2823) sw      gp, -1584(t5)
core   0: 3 0x80009634 (0x9c3f2823) mem 0x8000a000 0x00000001
core   0: 0x80009638 (0x0000bfe5) c.j     pc - 8
core   0: 3 0x80009638 (0xbfe5)
core   0: 0x80009630 (0x00001f17) auipc   t5, 0x1
core   0: 3 0x80009630 (0x00001f17) x30 0x8000a630
core   0: 0x80009634 (0x9c3f2823) sw      gp, -1584(t5)
core   0: 3 0x80009634 (0x9c3f2823) mem 0x8000a000 0x00000001
core   0: 0x80009638 (0x0000bfe5) c.j     pc - 8
core   0: 3 0x80009638 (0xbfe5)
core   0: 0x80009630 (0x00001f17) auipc   t5, 0x1
core   0: 3 0x80009630 (0x00001f17) x30 0x8000a630
core   0: 0x80009634 (0x9c3f2823) sw      gp, -1584(t5)
core   0: 3 0x80009634 (0x9c3f2823) mem 0x8000a000 0x00000001
core   0: 0x80009638 (0x0000bfe5) c.j     pc - 8
core   0: 3 0x80009638 (0xbfe5)
core   0: 0x80009630 (0x00001f17) auipc   t5, 0x1
core   0: 3 0x80009630 (0x00001f17) x30 0x8000a630
core   0: 0x80009634 (0x9c3f2823) sw      gp, -1584(t5)
core   0: 3 0x80009634 (0x9c3f2823) mem 0x8000a000 0x00000001
core   0: 0x80009638 (0x0000bfe5) c.j     pc - 8
core   0: 3 0x80009638 (0xbfe5)
core   0: 0x80009630 (0x00001f17) auipc   t5, 0x1
core   0: 3 0x80009630 (0x00001f17) x30 0x8000a630
core   0: 0x80009634 (0x9c3f2823) sw      gp, -1584(t5)
core   0: 3 0x80009634 (0x9c3f2823) mem 0x8000a000 0x00000001
core   0: 0x80009638 (0x0000bfe5) c.j     pc - 8
core   0: 3 0x80009638 (0xbfe5)
core   0: 0x80009630 (0x00001f17) auipc   t5, 0x1
core   0: 3 0x80009630 (0x00001f17) x30 0x8000a630
core   0: 0x80009634 (0x9c3f2823) sw      gp, -1584(t5)
core   0: 3 0x80009634 (0x9c3f2823) mem 0x8000a000 0x00000001
core   0: 0x80009638 (0x0000bfe5) c.j     pc - 8
core   0: 3 0x80009638 (0xbfe5)
core   0: 0x80009630 (0x00001f17) auipc   t5, 0x1
core   0: 3 0x80009630 (0x00001f17) x30 0x8000a630
core   0: 0x80009634 (0x9c3f2823) sw      gp, -1584(t5)
core   0: 3 0x80009634 (0x9c3f2823) mem 0x8000a000 0x00000001
core   0: 0x80009638 (0x0000bfe5) c.j     pc - 8
core   0: 3 0x80009638 (0xbfe5)
core   0: 0x80009630 (0x00001f17) auipc   t5, 0x1
core   0: 3 0x80009630 (0x00001f17) x30 0x8000a630
core   0: 0x80009634 (0x9c3f2823) sw      gp, -1584(t5)
core   0: 3 0x80009634 (0x9c3f2823) mem 0x8000a000 0x00000001
core   0: 0x80009638 (0x0000bfe5) c.j     pc - 8
core   0: 3 0x80009638 (0xbfe5)
core   0: 0x80009630 (0x00001f17) auipc   t5, 0x1
core   0: 3 0x80009630 (0x00001f17) x30 0x8000a630
core   0: 0x80009634 (0x9c3f2823) sw      gp, -1584(t5)
core   0: 3 0x80009634 (0x9c3f2823) mem 0x8000a000 0x00000001
core   0: 0x80009638 (0x0000bfe5) c.j     pc - 8
core   0: 3 0x80009638 (0xbfe5)
core   0: 0x80009630 (0x00001f17) auipc   t5, 0x1
core   0: 3 0x80009630 (0x00001f17) x30 0x8000a630
core   0: 0x80009634 (0x9c3f2823) sw      gp, -1584(t5)
core   0: 3 0x80009634 (0x9c3f2823) mem 0x8000a000 0x00000001
core   0: 0x80009638 (0x0000bfe5) c.j     pc - 8
core   0: 3 0x80009638 (0xbfe5)
core   0: 0x80009630 (0x00001f17) auipc   t5, 0x1
core   0: 3 0x80009630 (0x00001f17) x30 0x8000a630
core   0: 0x80009634 (0x9c3f2823) sw      gp, -1584(t5)
core   0: 3 0x80009634 (0x9c3f2823) mem 0x8000a000 0x00000001
core   0: 0x80009638 (0x0000bfe5) c.j     pc - 8
core   0: 3 0x80009638 (0xbfe5)
core   0: 0x80009630 (0x00001f17) auipc   t5, 0x1
core   0: 3 0x80009630 (0x00001f17) x30 0x8000a630
core   0: 0x80009634 (0x9c3f2823) sw      gp, -1584(t5)
core   0: 3 0x80009634 (0x9c3f2823) mem 0x8000a000 0x00000001
core   0: 0x80009638 (0x0000bfe5) c.j     pc - 8
core   0: 3 0x80009638 (0xbfe5)
core   0: 0x80009630 (0x00001f17) auipc   t5, 0x1
core   0: 3 0x80009630 (0x00001f17) x30 0x8000a630
core   0: 0x80009634 (0x9c3f2823) sw      gp, -1584(t5)
core   0: 3 0x80009634 (0x9c3f2823) mem 0x8000a000 0x00000001
core   0: 0x80009638 (0x0000bfe5) c.j     pc - 8
core   0: 3 0x80009638 (0xbfe5)
core   0: 0x80009630 (0x00001f17) auipc   t5, 0x1
core   0: 3 0x80009630 (0x00001f17) x30 0x8000a630
core   0: 0x80009634 (0x9c3f2823) sw      gp, -1584(t5)
core   0: 3 0x80009634 (0x9c3f2823) mem 0x8000a000 0x00000001
core   0: 0x80009638 (0x0000bfe5) c.j     pc - 8
core   0: 3 0x80009638 (0xbfe5)
core   0: 0x80009630 (0x00001f17) auipc   t5, 0x1
core   0: 3 0x80009630 (0x00001f17) x30 0x8000a630
core   0: 0x80009634 (0x9c3f2823) sw      gp, -1584(t5)
core   0: 3 0x80009634 (0x9c3f2823) mem 0x8000a000 0x00000001
core   0: 0x80009638 (0x0000bfe5) c.j     pc - 8
core   0: 3 0x80009638 (0xbfe5)
core   0: 0x80009630 (0x00001f17) auipc   t5, 0x1
core   0: 3 0x80009630 (0x00001f17) x30 0x8000a630
core   0: 0x80009634 (0x9c3f2823) sw      gp, -1584(t5)
core   0: 3 0x80009634 (0x9c3f2823) mem 0x8000a000 0x00000001
core   0: 0x80009638 (0x0000bfe5) c.j     pc - 8
core   0: 3 0x80009638 (0xbfe5)
core   0: 0x80009630 (0x00001f17) auipc   t5, 0x1
core   0: 3 0x80009630 (0x00001f17) x30 0x8000a630
core   0: 0x80009634 (0x9c3f2823) sw      gp, -1584(t5)
core   0: 3 0x80009634 (0x9c3f2823) mem 0x8000a000 0x00000001
core   0: 0x80009638 (0x0000bfe5) c.j     pc - 8
core   0: 3 0x80009638 (0xbfe5)
core   0: 0x80009630 (0x00001f17) auipc   t5, 0x1
core   0: 3 0x80009630 (0x00001f17) x30 0x8000a630
core   0: 0x80009634 (0x9c3f2823) sw      gp, -1584(t5)
core   0: 3 0x80009634 (0x9c3f2823) mem 0x8000a000 0x00000001
core   0: 0x80009638 (0x0000bfe5) c.j     pc - 8
core   0: 3 0x80009638 (0xbfe5)
core   0: 0x80009630 (0x00001f17) auipc   t5, 0x1
core   0: 3 0x80009630 (0x00001f17) x30 0x8000a630
core   0: 0x80009634 (0x9c3f2823) sw      gp, -1584(t5)
core   0: 3 0x80009634 (0x9c3f2823) mem 0x8000a000 0x00000001
core   0: 0x80009638 (0x0000bfe5) c.j     pc - 8
core   0: 3 0x80009638 (0xbfe5)
core   0: 0x80009630 (0x00001f17) auipc   t5, 0x1
core   0: 3 0x80009630 (0x00001f17) x30 0x8000a630
core   0: 0x80009634 (0x9c3f2823) sw      gp, -1584(t5)
core   0: 3 0x80009634 (0x9c3f2823) mem 0x8000a000 0x00000001
core   0: 0x80009638 (0x0000bfe5) c.j     pc - 8
core   0: 3 0x80009638 (0xbfe5)
core   0: 0x80009630 (0x00001f17) auipc   t5, 0x1
core   0: 3 0x80009630 (0x00001f17) x30 0x8000a630
core   0: 0x80009634 (0x9c3f2823) sw      gp, -1584(t5)
core   0: 3 0x80009634 (0x9c3f2823) mem 0x8000a000 0x00000001
core   0: 0x80009638 (0x0000bfe5) c.j     pc - 8
core   0: 3 0x80009638 (0xbfe5)
core   0: 0x80009630 (0x00001f17) auipc   t5, 0x1
core   0: 3 0x80009630 (0x00001f17) x30 0x8000a630
core   0: 0x80009634 (0x9c3f2823) sw      gp, -1584(t5)
core   0: 3 0x80009634 (0x9c3f2823) mem 0x8000a000 0x00000001
core   0: 0x80009638 (0x0000bfe5) c.j     pc - 8
core   0: 3 0x80009638 (0xbfe5)
core   0: 0x80009630 (0x00001f17) auipc   t5, 0x1
core   0: 3 0x80009630 (0x00001f17) x30 0x8000a630
core   0: 0x80009634 (0x9c3f2823) sw      gp, -1584(t5)
core   0: 3 0x80009634 (0x9c3f2823) mem 0x8000a000 0x00000001
core   0: 0x80009638 (0x0000bfe5) c.j     pc - 8
core   0: 3 0x80009638 (0xbfe5)
core   0: 0x80009630 (0x00001f17) auipc   t5, 0x1
core   0: 3 0x80009630 (0x00001f17) x30 0x8000a630
core   0: 0x80009634 (0x9c3f2823) sw      gp, -1584(t5)
core   0: 3 0x80009634 (0x9c3f2823) mem 0x8000a000 0x00000001
core   0: 0x80009638 (0x0000bfe5) c.j     pc - 8
core   0: 3 0x80009638 (0xbfe5)
core   0: 0x80009630 (0x00001f17) auipc   t5, 0x1
core   0: 3 0x80009630 (0x00001f17) x30 0x8000a630
core   0: 0x80009634 (0x9c3f2823) sw      gp, -1584(t5)
core   0: 3 0x80009634 (0x9c3f2823) mem 0x8000a000 0x00000001
core   0: 0x80009638 (0x0000bfe5) c.j     pc - 8
core   0: 3 0x80009638 (0xbfe5)
core   0: 0x80009630 (0x00001f17) auipc   t5, 0x1
core   0: 3 0x80009630 (0x00001f17) x30 0x8000a630
core   0: 0x80009634 (0x9c3f2823) sw      gp, -1584(t5)
core   0: 3 0x80009634 (0x9c3f2823) mem 0x8000a000 0x00000001
core   0: 0x80009638 (0x0000bfe5) c.j     pc - 8
core   0: 3 0x80009638 (0xbfe5)
core   0: 0x80009630 (0x00001f17) auipc   t5, 0x1
core   0: 3 0x80009630 (0x00001f17) x30 0x8000a630
core   0: 0x80009634 (0x9c3f2823) sw      gp, -1584(t5)
core   0: 3 0x80009634 (0x9c3f2823) mem 0x8000a000 0x00000001
core   0: 0x80009638 (0x0000bfe5) c.j     pc - 8
core   0: 3 0x80009638 (0xbfe5)
core   0: 0x80009630 (0x00001f17) auipc   t5, 0x1
core   0: 3 0x80009630 (0x00001f17) x30 0x8000a630
core   0: 0x80009634 (0x9c3f2823) sw      gp, -1584(t5)
core   0: 3 0x80009634 (0x9c3f2823) mem 0x8000a000 0x00000001
core   0: 0x80009638 (0x0000bfe5) c.j     pc - 8
core   0: 3 0x80009638 (0xbfe5)
core   0: 0x80009630 (0x00001f17) auipc   t5, 0x1
core   0: 3 0x80009630 (0x00001f17) x30 0x8000a630
core   0: 0x80009634 (0x9c3f2823) sw      gp, -1584(t5)
core   0: 3 0x80009634 (0x9c3f2823) mem 0x8000a000 0x00000001
core   0: 0x80009638 (0x0000bfe5) c.j     pc - 8
core   0: 3 0x80009638 (0xbfe5)
core   0: 0x80009630 (0x00001f17) auipc   t5, 0x1
core   0: 3 0x80009630 (0x00001f17) x30 0x8000a630
core   0: 0x80009634 (0x9c3f2823) sw      gp, -1584(t5)
core   0: 3 0x80009634 (0x9c3f2823) mem 0x8000a000 0x00000001
core   0: 0x80009638 (0x0000bfe5) c.j     pc - 8
core   0: 3 0x80009638 (0xbfe5)
core   0: 0x80009630 (0x00001f17) auipc   t5, 0x1
core   0: 3 0x80009630 (0x00001f17) x30 0x8000a630
core   0: 0x80009634 (0x9c3f2823) sw      gp, -1584(t5)
core   0: 3 0x80009634 (0x9c3f2823) mem 0x8000a000 0x00000001
core   0: 0x80009638 (0x0000bfe5) c.j     pc - 8
core   0: 3 0x80009638 (0xbfe5)
core   0: 0x80009630 (0x00001f17) auipc   t5, 0x1
core   0: 3 0x80009630 (0x00001f17) x30 0x8000a630
core   0: 0x80009634 (0x9c3f2823) sw      gp, -1584(t5)
core   0: 3 0x80009634 (0x9c3f2823) mem 0x8000a000 0x00000001
core   0: 0x80009638 (0x0000bfe5) c.j     pc - 8
core   0: 3 0x80009638 (0xbfe5)
core   0: 0x80009630 (0x00001f17) auipc   t5, 0x1
core   0: 3 0x80009630 (0x00001f17) x30 0x8000a630
core   0: 0x80009634 (0x9c3f2823) sw      gp, -1584(t5)
core   0: 3 0x80009634 (0x9c3f2823) mem 0x8000a000 0x00000001
core   0: 0x80009638 (0x0000bfe5) c.j     pc - 8
core   0: 3 0x80009638 (0xbfe5)
core   0: 0x80009630 (0x00001f17) auipc   t5, 0x1
core   0: 3 0x80009630 (0x00001f17) x30 0x8000a630
core   0: 0x80009634 (0x9c3f2823) sw      gp, -1584(t5)
core   0: 3 0x80009634 (0x9c3f2823) mem 0x8000a000 0x00000001
core   0: 0x80009638 (0x0000bfe5) c.j     pc - 8
core   0: 3 0x80009638 (0xbfe5)
core   0: 0x80009630 (0x00001f17) auipc   t5, 0x1
core   0: 3 0x80009630 (0x00001f17) x30 0x8000a630
core   0: 0x80009634 (0x9c3f2823) sw      gp, -1584(t5)
core   0: 3 0x80009634 (0x9c3f2823) mem 0x8000a000 0x00000001
core   0: 0x80009638 (0x0000bfe5) c.j     pc - 8
core   0: 3 0x80009638 (0xbfe5)
core   0: 0x80009630 (0x00001f17) auipc   t5, 0x1
core   0: 3 0x80009630 (0x00001f17) x30 0x8000a630
core   0: 0x80009634 (0x9c3f2823) sw      gp, -1584(t5)
core   0: 3 0x80009634 (0x9c3f2823) mem 0x8000a000 0x00000001
core   0: 0x80009638 (0x0000bfe5) c.j     pc - 8
core   0: 3 0x80009638 (0xbfe5)
core   0: 0x80009630 (0x00001f17) auipc   t5, 0x1
core   0: 3 0x80009630 (0x00001f17) x30 0x8000a630
core   0: 0x80009634 (0x9c3f2823) sw      gp, -1584(t5)
core   0: 3 0x80009634 (0x9c3f2823) mem 0x8000a000 0x00000001
core   0: 0x80009638 (0x0000bfe5) c.j     pc - 8
core   0: 3 0x80009638 (0xbfe5)
core   0: 0x80009630 (0x00001f17) auipc   t5, 0x1
core   0: 3 0x80009630 (0x00001f17) x30 0x8000a630
core   0: 0x80009634 (0x9c3f2823) sw      gp, -1584(t5)
core   0: 3 0x80009634 (0x9c3f2823) mem 0x8000a000 0x00000001
core   0: 0x80009638 (0x0000bfe5) c.j     pc - 8
core   0: 3 0x80009638 (0xbfe5)
core   0: 0x80009630 (0x00001f17) auipc   t5, 0x1
core   0: 3 0x80009630 (0x00001f17) x30 0x8000a630
core   0: 0x80009634 (0x9c3f2823) sw      gp, -1584(t5)
core   0: 3 0x80009634 (0x9c3f2823) mem 0x8000a000 0x00000001
core   0: 0x80009638 (0x0000bfe5) c.j     pc - 8
core   0: 3 0x80009638 (0xbfe5)
core   0: 0x80009630 (0x00001f17) auipc   t5, 0x1
core   0: 3 0x80009630 (0x00001f17) x30 0x8000a630
core   0: 0x80009634 (0x9c3f2823) sw      gp, -1584(t5)
core   0: 3 0x80009634 (0x9c3f2823) mem 0x8000a000 0x00000001
core   0: 0x80009638 (0x0000bfe5) c.j     pc - 8
core   0: 3 0x80009638 (0xbfe5)
core   0: 0x80009630 (0x00001f17) auipc   t5, 0x1
core   0: 3 0x80009630 (0x00001f17) x30 0x8000a630
core   0: 0x80009634 (0x9c3f2823) sw      gp, -1584(t5)
core   0: 3 0x80009634 (0x9c3f2823) mem 0x8000a000 0x00000001
core   0: 0x80009638 (0x0000bfe5) c.j     pc - 8
core   0: 3 0x80009638 (0xbfe5)
core   0: 0x80009630 (0x00001f17) auipc   t5, 0x1
core   0: 3 0x80009630 (0x00001f17) x30 0x8000a630
core   0: 0x80009634 (0x9c3f2823) sw      gp, -1584(t5)
core   0: 3 0x80009634 (0x9c3f2823) mem 0x8000a000 0x00000001
core   0: 0x80009638 (0x0000bfe5) c.j     pc - 8
core   0: 3 0x80009638 (0xbfe5)
core   0: 0x80009630 (0x00001f17) auipc   t5, 0x1
core   0: 3 0x80009630 (0x00001f17) x30 0x8000a630
core   0: 0x80009634 (0x9c3f2823) sw      gp, -1584(t5)
core   0: 3 0x80009634 (0x9c3f2823) mem 0x8000a000 0x00000001
core   0: 0x80009638 (0x0000bfe5) c.j     pc - 8
core   0: 3 0x80009638 (0xbfe5)
core   0: 0x80009630 (0x00001f17) auipc   t5, 0x1
core   0: 3 0x80009630 (0x00001f17) x30 0x8000a630
core   0: 0x80009634 (0x9c3f2823) sw      gp, -1584(t5)
core   0: 3 0x80009634 (0x9c3f2823) mem 0x8000a000 0x00000001
core   0: 0x80009638 (0x0000bfe5) c.j     pc - 8
core   0: 3 0x80009638 (0xbfe5)
core   0: 0x80009630 (0x00001f17) auipc   t5, 0x1
core   0: 3 0x80009630 (0x00001f17) x30 0x8000a630
core   0: 0x80009634 (0x9c3f2823) sw      gp, -1584(t5)
core   0: 3 0x80009634 (0x9c3f2823) mem 0x8000a000 0x00000001
core   0: 0x80009638 (0x0000bfe5) c.j     pc - 8
core   0: 3 0x80009638 (0xbfe5)
core   0: 0x80009630 (0x00001f17) auipc   t5, 0x1
core   0: 3 0x80009630 (0x00001f17) x30 0x8000a630
core   0: 0x80009634 (0x9c3f2823) sw      gp, -1584(t5)
core   0: 3 0x80009634 (0x9c3f2823) mem 0x8000a000 0x00000001
core   0: 0x80009638 (0x0000bfe5) c.j     pc - 8
core   0: 3 0x80009638 (0xbfe5)
core   0: 0x80009630 (0x00001f17) auipc   t5, 0x1
core   0: 3 0x80009630 (0x00001f17) x30 0x8000a630
core   0: 0x80009634 (0x9c3f2823) sw      gp, -1584(t5)
core   0: 3 0x80009634 (0x9c3f2823) mem 0x8000a000 0x00000001
core   0: 0x80009638 (0x0000bfe5) c.j     pc - 8
core   0: 3 0x80009638 (0xbfe5)
core   0: 0x80009630 (0x00001f17) auipc   t5, 0x1
core   0: 3 0x80009630 (0x00001f17) x30 0x8000a630
core   0: 0x80009634 (0x9c3f2823) sw      gp, -1584(t5)
core   0: 3 0x80009634 (0x9c3f2823) mem 0x8000a000 0x00000001
core   0: 0x80009638 (0x0000bfe5) c.j     pc - 8
core   0: 3 0x80009638 (0xbfe5)
core   0: 0x80009630 (0x00001f17) auipc   t5, 0x1
core   0: 3 0x80009630 (0x00001f17) x30 0x8000a630
core   0: 0x80009634 (0x9c3f2823) sw      gp, -1584(t5)
core   0: 3 0x80009634 (0x9c3f2823) mem 0x8000a000 0x00000001
core   0: 0x80009638 (0x0000bfe5) c.j     pc - 8
core   0: 3 0x80009638 (0xbfe5)
core   0: 0x80009630 (0x00001f17) auipc   t5, 0x1
core   0: 3 0x80009630 (0x00001f17) x30 0x8000a630
core   0: 0x80009634 (0x9c3f2823) sw      gp, -1584(t5)
core   0: 3 0x80009634 (0x9c3f2823) mem 0x8000a000 0x00000001
core   0: 0x80009638 (0x0000bfe5) c.j     pc - 8
core   0: 3 0x80009638 (0xbfe5)
core   0: 0x80009630 (0x00001f17) auipc   t5, 0x1
core   0: 3 0x80009630 (0x00001f17) x30 0x8000a630
core   0: 0x80009634 (0x9c3f2823) sw      gp, -1584(t5)
core   0: 3 0x80009634 (0x9c3f2823) mem 0x8000a000 0x00000001
core   0: 0x80009638 (0x0000bfe5) c.j     pc - 8
core   0: 3 0x80009638 (0xbfe5)
core   0: 0x80009630 (0x00001f17) auipc   t5, 0x1
core   0: 3 0x80009630 (0x00001f17) x30 0x8000a630
core   0: 0x80009634 (0x9c3f2823) sw      gp, -1584(t5)
core   0: 3 0x80009634 (0x9c3f2823) mem 0x8000a000 0x00000001
core   0: 0x80009638 (0x0000bfe5) c.j     pc - 8
core   0: 3 0x80009638 (0xbfe5)
core   0: 0x80009630 (0x00001f17) auipc   t5, 0x1
core   0: 3 0x80009630 (0x00001f17) x30 0x8000a630
core   0: 0x80009634 (0x9c3f2823) sw      gp, -1584(t5)
core   0: 3 0x80009634 (0x9c3f2823) mem 0x8000a000 0x00000001
core   0: 0x80009638 (0x0000bfe5) c.j     pc - 8
core   0: 3 0x80009638 (0xbfe5)
core   0: 0x80009630 (0x00001f17) auipc   t5, 0x1
core   0: 3 0x80009630 (0x00001f17) x30 0x8000a630
core   0: 0x80009634 (0x9c3f2823) sw      gp, -1584(t5)
core   0: 3 0x80009634 (0x9c3f2823) mem 0x8000a000 0x00000001
core   0: 0x80009638 (0x0000bfe5) c.j     pc - 8
core   0: 3 0x80009638 (0xbfe5)
core   0: 0x80009630 (0x00001f17) auipc   t5, 0x1
core   0: 3 0x80009630 (0x00001f17) x30 0x8000a630
core   0: 0x80009634 (0x9c3f2823) sw      gp, -1584(t5)
core   0: 3 0x80009634 (0x9c3f2823) mem 0x8000a000 0x00000001
core   0: 0x80009638 (0x0000bfe5) c.j     pc - 8
core   0: 3 0x80009638 (0xbfe5)
core   0: 0x80009630 (0x00001f17) auipc   t5, 0x1
core   0: 3 0x80009630 (0x00001f17) x30 0x8000a630
core   0: 0x80009634 (0x9c3f2823) sw      gp, -1584(t5)
core   0: 3 0x80009634 (0x9c3f2823) mem 0x8000a000 0x00000001
core   0: 0x80009638 (0x0000bfe5) c.j     pc - 8
core   0: 3 0x80009638 (0xbfe5)
core   0: 0x80009630 (0x00001f17) auipc   t5, 0x1
core   0: 3 0x80009630 (0x00001f17) x30 0x8000a630
core   0: 0x80009634 (0x9c3f2823) sw      gp, -1584(t5)
core   0: 3 0x80009634 (0x9c3f2823) mem 0x8000a000 0x00000001
core   0: 0x80009638 (0x0000bfe5) c.j     pc - 8
core   0: 3 0x80009638 (0xbfe5)
core   0: 0x80009630 (0x00001f17) auipc   t5, 0x1
core   0: 3 0x80009630 (0x00001f17) x30 0x8000a630
core   0: 0x80009634 (0x9c3f2823) sw      gp, -1584(t5)
core   0: 3 0x80009634 (0x9c3f2823) mem 0x8000a000 0x00000001
core   0: 0x80009638 (0x0000bfe5) c.j     pc - 8
core   0: 3 0x80009638 (0xbfe5)
core   0: 0x80009630 (0x00001f17) auipc   t5, 0x1
core   0: 3 0x80009630 (0x00001f17) x30 0x8000a630
core   0: 0x80009634 (0x9c3f2823) sw      gp, -1584(t5)
core   0: 3 0x80009634 (0x9c3f2823) mem 0x8000a000 0x00000001
core   0: 0x80009638 (0x0000bfe5) c.j     pc - 8
core   0: 3 0x80009638 (0xbfe5)
core   0: 0x80009630 (0x00001f17) auipc   t5, 0x1
core   0: 3 0x80009630 (0x00001f17) x30 0x8000a630
core   0: 0x80009634 (0x9c3f2823) sw      gp, -1584(t5)
core   0: 3 0x80009634 (0x9c3f2823) mem 0x8000a000 0x00000001
core   0: 0x80009638 (0x0000bfe5) c.j     pc - 8
core   0: 3 0x80009638 (0xbfe5)
core   0: 0x80009630 (0x00001f17) auipc   t5, 0x1
core   0: 3 0x80009630 (0x00001f17) x30 0x8000a630
core   0: 0x80009634 (0x9c3f2823) sw      gp, -1584(t5)
core   0: 3 0x80009634 (0x9c3f2823) mem 0x8000a000 0x00000001
core   0: 0x80009638 (0x0000bfe5) c.j     pc - 8
core   0: 3 0x80009638 (0xbfe5)
core   0: 0x80009630 (0x00001f17) auipc   t5, 0x1
core   0: 3 0x80009630 (0x00001f17) x30 0x8000a630
core   0: 0x80009634 (0x9c3f2823) sw      gp, -1584(t5)
core   0: 3 0x80009634 (0x9c3f2823) mem 0x8000a000 0x00000001
core   0: 0x80009638 (0x0000bfe5) c.j     pc - 8
core   0: 3 0x80009638 (0xbfe5)
core   0: 0x80009630 (0x00001f17) auipc   t5, 0x1
core   0: 3 0x80009630 (0x00001f17) x30 0x8000a630
core   0: 0x80009634 (0x9c3f2823) sw      gp, -1584(t5)
core   0: 3 0x80009634 (0x9c3f2823) mem 0x8000a000 0x00000001
core   0: 0x80009638 (0x0000bfe5) c.j     pc - 8
core   0: 3 0x80009638 (0xbfe5)
core   0: 0x80009630 (0x00001f17) auipc   t5, 0x1
core   0: 3 0x80009630 (0x00001f17) x30 0x8000a630
core   0: 0x80009634 (0x9c3f2823) sw      gp, -1584(t5)
core   0: 3 0x80009634 (0x9c3f2823) mem 0x8000a000 0x00000001
core   0: 0x80009638 (0x0000bfe5) c.j     pc - 8
core   0: 3 0x80009638 (0xbfe5)
core   0: 0x80009630 (0x00001f17) auipc   t5, 0x1
core   0: 3 0x80009630 (0x00001f17) x30 0x8000a630
core   0: 0x80009634 (0x9c3f2823) sw      gp, -1584(t5)
core   0: 3 0x80009634 (0x9c3f2823) mem 0x8000a000 0x00000001
core   0: 0x80009638 (0x0000bfe5) c.j     pc - 8
core   0: 3 0x80009638 (0xbfe5)
core   0: 0x80009630 (0x00001f17) auipc   t5, 0x1
core   0: 3 0x80009630 (0x00001f17) x30 0x8000a630
core   0: 0x80009634 (0x9c3f2823) sw      gp, -1584(t5)
core   0: 3 0x80009634 (0x9c3f2823) mem 0x8000a000 0x00000001
core   0: 0x80009638 (0x0000bfe5) c.j     pc - 8
core   0: 3 0x80009638 (0xbfe5)
core   0: 0x80009630 (0x00001f17) auipc   t5, 0x1
core   0: 3 0x80009630 (0x00001f17) x30 0x8000a630
core   0: 0x80009634 (0x9c3f2823) sw      gp, -1584(t5)
core   0: 3 0x80009634 (0x9c3f2823) mem 0x8000a000 0x00000001
core   0: 0x80009638 (0x0000bfe5) c.j     pc - 8
core   0: 3 0x80009638 (0xbfe5)
core   0: 0x80009630 (0x00001f17) auipc   t5, 0x1
core   0: 3 0x80009630 (0x00001f17) x30 0x8000a630
core   0: 0x80009634 (0x9c3f2823) sw      gp, -1584(t5)
core   0: 3 0x80009634 (0x9c3f2823) mem 0x8000a000 0x00000001
core   0: 0x80009638 (0x0000bfe5) c.j     pc - 8
core   0: 3 0x80009638 (0xbfe5)
core   0: 0x80009630 (0x00001f17) auipc   t5, 0x1
core   0: 3 0x80009630 (0x00001f17) x30 0x8000a630
core   0: 0x80009634 (0x9c3f2823) sw      gp, -1584(t5)
core   0: 3 0x80009634 (0x9c3f2823) mem 0x8000a000 0x00000001
core   0: 0x80009638 (0x0000bfe5) c.j     pc - 8
core   0: 3 0x80009638 (0xbfe5)
core   0: 0x80009630 (0x00001f17) auipc   t5, 0x1
core   0: 3 0x80009630 (0x00001f17) x30 0x8000a630
core   0: 0x80009634 (0x9c3f2823) sw      gp, -1584(t5)
core   0: 3 0x80009634 (0x9c3f2823) mem 0x8000a000 0x00000001
core   0: 0x80009638 (0x0000bfe5) c.j     pc - 8
core   0: 3 0x80009638 (0xbfe5)
core   0: 0x80009630 (0x00001f17) auipc   t5, 0x1
core   0: 3 0x80009630 (0x00001f17) x30 0x8000a630
core   0: 0x80009634 (0x9c3f2823) sw      gp, -1584(t5)
core   0: 3 0x80009634 (0x9c3f2823) mem 0x8000a000 0x00000001
core   0: 0x80009638 (0x0000bfe5) c.j     pc - 8
core   0: 3 0x80009638 (0xbfe5)
core   0: 0x80009630 (0x00001f17) auipc   t5, 0x1
core   0: 3 0x80009630 (0x00001f17) x30 0x8000a630
core   0: 0x80009634 (0x9c3f2823) sw      gp, -1584(t5)
core   0: 3 0x80009634 (0x9c3f2823) mem 0x8000a000 0x00000001
core   0: 0x80009638 (0x0000bfe5) c.j     pc - 8
core   0: 3 0x80009638 (0xbfe5)
core   0: 0x80009630 (0x00001f17) auipc   t5, 0x1
core   0: 3 0x80009630 (0x00001f17) x30 0x8000a630
core   0: 0x80009634 (0x9c3f2823) sw      gp, -1584(t5)
core   0: 3 0x80009634 (0x9c3f2823) mem 0x8000a000 0x00000001
core   0: 0x80009638 (0x0000bfe5) c.j     pc - 8
core   0: 3 0x80009638 (0xbfe5)
core   0: 0x80009630 (0x00001f17) auipc   t5, 0x1
core   0: 3 0x80009630 (0x00001f17) x30 0x8000a630
core   0: 0x80009634 (0x9c3f2823) sw      gp, -1584(t5)
core   0: 3 0x80009634 (0x9c3f2823) mem 0x8000a000 0x00000001
core   0: 0x80009638 (0x0000bfe5) c.j     pc - 8
core   0: 3 0x80009638 (0xbfe5)
core   0: 0x80009630 (0x00001f17) auipc   t5, 0x1
core   0: 3 0x80009630 (0x00001f17) x30 0x8000a630
core   0: 0x80009634 (0x9c3f2823) sw      gp, -1584(t5)
core   0: 3 0x80009634 (0x9c3f2823) mem 0x8000a000 0x00000001
core   0: 0x80009638 (0x0000bfe5) c.j     pc - 8
core   0: 3 0x80009638 (0xbfe5)
core   0: 0x80009630 (0x00001f17) auipc   t5, 0x1
core   0: 3 0x80009630 (0x00001f17) x30 0x8000a630
core   0: 0x80009634 (0x9c3f2823) sw      gp, -1584(t5)
core   0: 3 0x80009634 (0x9c3f2823) mem 0x8000a000 0x00000001
core   0: 0x80009638 (0x0000bfe5) c.j     pc - 8
core   0: 3 0x80009638 (0xbfe5)
core   0: 0x80009630 (0x00001f17) auipc   t5, 0x1
core   0: 3 0x80009630 (0x00001f17) x30 0x8000a630
core   0: 0x80009634 (0x9c3f2823) sw      gp, -1584(t5)
core   0: 3 0x80009634 (0x9c3f2823) mem 0x8000a000 0x00000001
core   0: 0x80009638 (0x0000bfe5) c.j     pc - 8
core   0: 3 0x80009638 (0xbfe5)
core   0: 0x80009630 (0x00001f17) auipc   t5, 0x1
core   0: 3 0x80009630 (0x00001f17) x30 0x8000a630
core   0: 0x80009634 (0x9c3f2823) sw      gp, -1584(t5)
core   0: 3 0x80009634 (0x9c3f2823) mem 0x8000a000 0x00000001
core   0: 0x80009638 (0x0000bfe5) c.j     pc - 8
core   0: 3 0x80009638 (0xbfe5)
core   0: 0x80009630 (0x00001f17) auipc   t5, 0x1
core   0: 3 0x80009630 (0x00001f17) x30 0x8000a630
core   0: 0x80009634 (0x9c3f2823) sw      gp, -1584(t5)
core   0: 3 0x80009634 (0x9c3f2823) mem 0x8000a000 0x00000001
core   0: 0x80009638 (0x0000bfe5) c.j     pc - 8
core   0: 3 0x80009638 (0xbfe5)
core   0: 0x80009630 (0x00001f17) auipc   t5, 0x1
core   0: 3 0x80009630 (0x00001f17) x30 0x8000a630
core   0: 0x80009634 (0x9c3f2823) sw      gp, -1584(t5)
core   0: 3 0x80009634 (0x9c3f2823) mem 0x8000a000 0x00000001
core   0: 0x80009638 (0x0000bfe5) c.j     pc - 8
core   0: 3 0x80009638 (0xbfe5)
core   0: 0x80009630 (0x00001f17) auipc   t5, 0x1
core   0: 3 0x80009630 (0x00001f17) x30 0x8000a630
core   0: 0x80009634 (0x9c3f2823) sw      gp, -1584(t5)
core   0: 3 0x80009634 (0x9c3f2823) mem 0x8000a000 0x00000001
core   0: 0x80009638 (0x0000bfe5) c.j     pc - 8
core   0: 3 0x80009638 (0xbfe5)
core   0: 0x80009630 (0x00001f17) auipc   t5, 0x1
core   0: 3 0x80009630 (0x00001f17) x30 0x8000a630
core   0: 0x80009634 (0x9c3f2823) sw      gp, -1584(t5)
core   0: 3 0x80009634 (0x9c3f2823) mem 0x8000a000 0x00000001
core   0: 0x80009638 (0x0000bfe5) c.j     pc - 8
core   0: 3 0x80009638 (0xbfe5)
core   0: 0x80009630 (0x00001f17) auipc   t5, 0x1
core   0: 3 0x80009630 (0x00001f17) x30 0x8000a630
core   0: 0x80009634 (0x9c3f2823) sw      gp, -1584(t5)
core   0: 3 0x80009634 (0x9c3f2823) mem 0x8000a000 0x00000001
core   0: 0x80009638 (0x0000bfe5) c.j     pc - 8
core   0: 3 0x80009638 (0xbfe5)
core   0: 0x80009630 (0x00001f17) auipc   t5, 0x1
core   0: 3 0x80009630 (0x00001f17) x30 0x8000a630
core   0: 0x80009634 (0x9c3f2823) sw      gp, -1584(t5)
core   0: 3 0x80009634 (0x9c3f2823) mem 0x8000a000 0x00000001
core   0: 0x80009638 (0x0000bfe5) c.j     pc - 8
core   0: 3 0x80009638 (0xbfe5)
core   0: 0x80009630 (0x00001f17) auipc   t5, 0x1
core   0: 3 0x80009630 (0x00001f17) x30 0x8000a630
core   0: 0x80009634 (0x9c3f2823) sw      gp, -1584(t5)
core   0: 3 0x80009634 (0x9c3f2823) mem 0x8000a000 0x00000001
core   0: 0x80009638 (0x0000bfe5) c.j     pc - 8
core   0: 3 0x80009638 (0xbfe5)
core   0: 0x80009630 (0x00001f17) auipc   t5, 0x1
core   0: 3 0x80009630 (0x00001f17) x30 0x8000a630
core   0: 0x80009634 (0x9c3f2823) sw      gp, -1584(t5)
core   0: 3 0x80009634 (0x9c3f2823) mem 0x8000a000 0x00000001
core   0: 0x80009638 (0x0000bfe5) c.j     pc - 8
core   0: 3 0x80009638 (0xbfe5)
core   0: 0x80009630 (0x00001f17) auipc   t5, 0x1
core   0: 3 0x80009630 (0x00001f17) x30 0x8000a630
core   0: 0x80009634 (0x9c3f2823) sw      gp, -1584(t5)
core   0: 3 0x80009634 (0x9c3f2823) mem 0x8000a000 0x00000001
core   0: 0x80009638 (0x0000bfe5) c.j     pc - 8
core   0: 3 0x80009638 (0xbfe5)
core   0: 0x80009630 (0x00001f17) auipc   t5, 0x1
core   0: 3 0x80009630 (0x00001f17) x30 0x8000a630
core   0: 0x80009634 (0x9c3f2823) sw      gp, -1584(t5)
core   0: 3 0x80009634 (0x9c3f2823) mem 0x8000a000 0x00000001
core   0: 0x80009638 (0x0000bfe5) c.j     pc - 8
core   0: 3 0x80009638 (0xbfe5)
core   0: 0x80009630 (0x00001f17) auipc   t5, 0x1
core   0: 3 0x80009630 (0x00001f17) x30 0x8000a630
core   0: 0x80009634 (0x9c3f2823) sw      gp, -1584(t5)
core   0: 3 0x80009634 (0x9c3f2823) mem 0x8000a000 0x00000001
core   0: 0x80009638 (0x0000bfe5) c.j     pc - 8
core   0: 3 0x80009638 (0xbfe5)
core   0: 0x80009630 (0x00001f17) auipc   t5, 0x1
core   0: 3 0x80009630 (0x00001f17) x30 0x8000a630
core   0: 0x80009634 (0x9c3f2823) sw      gp, -1584(t5)
core   0: 3 0x80009634 (0x9c3f2823) mem 0x8000a000 0x00000001
core   0: 0x80009638 (0x0000bfe5) c.j     pc - 8
core   0: 3 0x80009638 (0xbfe5)
core   0: 0x80009630 (0x00001f17) auipc   t5, 0x1
core   0: 3 0x80009630 (0x00001f17) x30 0x8000a630
core   0: 0x80009634 (0x9c3f2823) sw      gp, -1584(t5)
core   0: 3 0x80009634 (0x9c3f2823) mem 0x8000a000 0x00000001
core   0: 0x80009638 (0x0000bfe5) c.j     pc - 8
core   0: 3 0x80009638 (0xbfe5)
core   0: 0x80009630 (0x00001f17) auipc   t5, 0x1
core   0: 3 0x80009630 (0x00001f17) x30 0x8000a630
core   0: 0x80009634 (0x9c3f2823) sw      gp, -1584(t5)
core   0: 3 0x80009634 (0x9c3f2823) mem 0x8000a000 0x00000001
core   0: 0x80009638 (0x0000bfe5) c.j     pc - 8
core   0: 3 0x80009638 (0xbfe5)
core   0: 0x80009630 (0x00001f17) auipc   t5, 0x1
core   0: 3 0x80009630 (0x00001f17) x30 0x8000a630
core   0: 0x80009634 (0x9c3f2823) sw      gp, -1584(t5)
core   0: 3 0x80009634 (0x9c3f2823) mem 0x8000a000 0x00000001
core   0: 0x80009638 (0x0000bfe5) c.j     pc - 8
core   0: 3 0x80009638 (0xbfe5)
core   0: 0x80009630 (0x00001f17) auipc   t5, 0x1
core   0: 3 0x80009630 (0x00001f17) x30 0x8000a630
core   0: 0x80009634 (0x9c3f2823) sw      gp, -1584(t5)
core   0: 3 0x80009634 (0x9c3f2823) mem 0x8000a000 0x00000001
core   0: 0x80009638 (0x0000bfe5) c.j     pc - 8
core   0: 3 0x80009638 (0xbfe5)
core   0: 0x80009630 (0x00001f17) auipc   t5, 0x1
core   0: 3 0x80009630 (0x00001f17) x30 0x8000a630
core   0: 0x80009634 (0x9c3f2823) sw      gp, -1584(t5)
core   0: 3 0x80009634 (0x9c3f2823) mem 0x8000a000 0x00000001
core   0: 0x80009638 (0x0000bfe5) c.j     pc - 8
core   0: 3 0x80009638 (0xbfe5)
core   0: 0x80009630 (0x00001f17) auipc   t5, 0x1
core   0: 3 0x80009630 (0x00001f17) x30 0x8000a630
core   0: 0x80009634 (0x9c3f2823) sw      gp, -1584(t5)
core   0: 3 0x80009634 (0x9c3f2823) mem 0x8000a000 0x00000001
core   0: 0x80009638 (0x0000bfe5) c.j     pc - 8
core   0: 3 0x80009638 (0xbfe5)
core   0: 0x80009630 (0x00001f17) auipc   t5, 0x1
core   0: 3 0x80009630 (0x00001f17) x30 0x8000a630
core   0: 0x80009634 (0x9c3f2823) sw      gp, -1584(t5)
core   0: 3 0x80009634 (0x9c3f2823) mem 0x8000a000 0x00000001
core   0: 0x80009638 (0x0000bfe5) c.j     pc - 8
core   0: 3 0x80009638 (0xbfe5)
core   0: 0x80009630 (0x00001f17) auipc   t5, 0x1
core   0: 3 0x80009630 (0x00001f17) x30 0x8000a630
core   0: 0x80009634 (0x9c3f2823) sw      gp, -1584(t5)
core   0: 3 0x80009634 (0x9c3f2823) mem 0x8000a000 0x00000001
core   0: 0x80009638 (0x0000bfe5) c.j     pc - 8
core   0: 3 0x80009638 (0xbfe5)
core   0: 0x80009630 (0x00001f17) auipc   t5, 0x1
core   0: 3 0x80009630 (0x00001f17) x30 0x8000a630
core   0: 0x80009634 (0x9c3f2823) sw      gp, -1584(t5)
core   0: 3 0x80009634 (0x9c3f2823) mem 0x8000a000 0x00000001
core   0: 0x80009638 (0x0000bfe5) c.j     pc - 8
core   0: 3 0x80009638 (0xbfe5)
core   0: 0x80009630 (0x00001f17) auipc   t5, 0x1
core   0: 3 0x80009630 (0x00001f17) x30 0x8000a630
core   0: 0x80009634 (0x9c3f2823) sw      gp, -1584(t5)
core   0: 3 0x80009634 (0x9c3f2823) mem 0x8000a000 0x00000001
core   0: 0x80009638 (0x0000bfe5) c.j     pc - 8
core   0: 3 0x80009638 (0xbfe5)
core   0: 0x80009630 (0x00001f17) auipc   t5, 0x1
core   0: 3 0x80009630 (0x00001f17) x30 0x8000a630
core   0: 0x80009634 (0x9c3f2823) sw      gp, -1584(t5)
core   0: 3 0x80009634 (0x9c3f2823) mem 0x8000a000 0x00000001
core   0: 0x80009638 (0x0000bfe5) c.j     pc - 8
core   0: 3 0x80009638 (0xbfe5)
core   0: 0x80009630 (0x00001f17) auipc   t5, 0x1
core   0: 3 0x80009630 (0x00001f17) x30 0x8000a630
core   0: 0x80009634 (0x9c3f2823) sw      gp, -1584(t5)
core   0: 3 0x80009634 (0x9c3f2823) mem 0x8000a000 0x00000001
core   0: 0x80009638 (0x0000bfe5) c.j     pc - 8
core   0: 3 0x80009638 (0xbfe5)
core   0: 0x80009630 (0x00001f17) auipc   t5, 0x1
core   0: 3 0x80009630 (0x00001f17) x30 0x8000a630
core   0: 0x80009634 (0x9c3f2823) sw      gp, -1584(t5)
core   0: 3 0x80009634 (0x9c3f2823) mem 0x8000a000 0x00000001
core   0: 0x80009638 (0x0000bfe5) c.j     pc - 8
core   0: 3 0x80009638 (0xbfe5)
core   0: 0x80009630 (0x00001f17) auipc   t5, 0x1
core   0: 3 0x80009630 (0x00001f17) x30 0x8000a630
core   0: 0x80009634 (0x9c3f2823) sw      gp, -1584(t5)
core   0: 3 0x80009634 (0x9c3f2823) mem 0x8000a000 0x00000001
core   0: 0x80009638 (0x0000bfe5) c.j     pc - 8
core   0: 3 0x80009638 (0xbfe5)
core   0: 0x80009630 (0x00001f17) auipc   t5, 0x1
core   0: 3 0x80009630 (0x00001f17) x30 0x8000a630
core   0: 0x80009634 (0x9c3f2823) sw      gp, -1584(t5)
core   0: 3 0x80009634 (0x9c3f2823) mem 0x8000a000 0x00000001
core   0: 0x80009638 (0x0000bfe5) c.j     pc - 8
core   0: 3 0x80009638 (0xbfe5)
core   0: 0x80009630 (0x00001f17) auipc   t5, 0x1
core   0: 3 0x80009630 (0x00001f17) x30 0x8000a630
core   0: 0x80009634 (0x9c3f2823) sw      gp, -1584(t5)
core   0: 3 0x80009634 (0x9c3f2823) mem 0x8000a000 0x00000001
core   0: 0x80009638 (0x0000bfe5) c.j     pc - 8
core   0: 3 0x80009638 (0xbfe5)
core   0: 0x80009630 (0x00001f17) auipc   t5, 0x1
core   0: 3 0x80009630 (0x00001f17) x30 0x8000a630
core   0: 0x80009634 (0x9c3f2823) sw      gp, -1584(t5)
core   0: 3 0x80009634 (0x9c3f2823) mem 0x8000a000 0x00000001
core   0: 0x80009638 (0x0000bfe5) c.j     pc - 8
core   0: 3 0x80009638 (0xbfe5)
core   0: 0x80009630 (0x00001f17) auipc   t5, 0x1
core   0: 3 0x80009630 (0x00001f17) x30 0x8000a630
core   0: 0x80009634 (0x9c3f2823) sw      gp, -1584(t5)
core   0: 3 0x80009634 (0x9c3f2823) mem 0x8000a000 0x00000001
core   0: 0x80009638 (0x0000bfe5) c.j     pc - 8
core   0: 3 0x80009638 (0xbfe5)
core   0: 0x80009630 (0x00001f17) auipc   t5, 0x1
core   0: 3 0x80009630 (0x00001f17) x30 0x8000a630
core   0: 0x80009634 (0x9c3f2823) sw      gp, -1584(t5)
core   0: 3 0x80009634 (0x9c3f2823) mem 0x8000a000 0x00000001
core   0: 0x80009638 (0x0000bfe5) c.j     pc - 8
core   0: 3 0x80009638 (0xbfe5)
core   0: 0x80009630 (0x00001f17) auipc   t5, 0x1
core   0: 3 0x80009630 (0x00001f17) x30 0x8000a630
core   0: 0x80009634 (0x9c3f2823) sw      gp, -1584(t5)
core   0: 3 0x80009634 (0x9c3f2823) mem 0x8000a000 0x00000001
core   0: 0x80009638 (0x0000bfe5) c.j     pc - 8
core   0: 3 0x80009638 (0xbfe5)
core   0: 0x80009630 (0x00001f17) auipc   t5, 0x1
core   0: 3 0x80009630 (0x00001f17) x30 0x8000a630
core   0: 0x80009634 (0x9c3f2823) sw      gp, -1584(t5)
core   0: 3 0x80009634 (0x9c3f2823) mem 0x8000a000 0x00000001
core   0: 0x80009638 (0x0000bfe5) c.j     pc - 8
core   0: 3 0x80009638 (0xbfe5)
core   0: 0x80009630 (0x00001f17) auipc   t5, 0x1
core   0: 3 0x80009630 (0x00001f17) x30 0x8000a630
core   0: 0x80009634 (0x9c3f2823) sw      gp, -1584(t5)
core   0: 3 0x80009634 (0x9c3f2823) mem 0x8000a000 0x00000001
core   0: 0x80009638 (0x0000bfe5) c.j     pc - 8
core   0: 3 0x80009638 (0xbfe5)
core   0: 0x80009630 (0x00001f17) auipc   t5, 0x1
core   0: 3 0x80009630 (0x00001f17) x30 0x8000a630
core   0: 0x80009634 (0x9c3f2823) sw      gp, -1584(t5)
core   0: 3 0x80009634 (0x9c3f2823) mem 0x8000a000 0x00000001
core   0: 0x80009638 (0x0000bfe5) c.j     pc - 8
core   0: 3 0x80009638 (0xbfe5)
core   0: 0x80009630 (0x00001f17) auipc   t5, 0x1
core   0: 3 0x80009630 (0x00001f17) x30 0x8000a630
core   0: 0x80009634 (0x9c3f2823) sw      gp, -1584(t5)
core   0: 3 0x80009634 (0x9c3f2823) mem 0x8000a000 0x00000001
core   0: 0x80009638 (0x0000bfe5) c.j     pc - 8
core   0: 3 0x80009638 (0xbfe5)
core   0: 0x80009630 (0x00001f17) auipc   t5, 0x1
core   0: 3 0x80009630 (0x00001f17) x30 0x8000a630
core   0: 0x80009634 (0x9c3f2823) sw      gp, -1584(t5)
core   0: 3 0x80009634 (0x9c3f2823) mem 0x8000a000 0x00000001
core   0: 0x80009638 (0x0000bfe5) c.j     pc - 8
core   0: 3 0x80009638 (0xbfe5)
core   0: 0x80009630 (0x00001f17) auipc   t5, 0x1
core   0: 3 0x80009630 (0x00001f17) x30 0x8000a630
core   0: 0x80009634 (0x9c3f2823) sw      gp, -1584(t5)
core   0: 3 0x80009634 (0x9c3f2823) mem 0x8000a000 0x00000001
core   0: 0x80009638 (0x0000bfe5) c.j     pc - 8
core   0: 3 0x80009638 (0xbfe5)
core   0: 0x80009630 (0x00001f17) auipc   t5, 0x1
core   0: 3 0x80009630 (0x00001f17) x30 0x8000a630
core   0: 0x80009634 (0x9c3f2823) sw      gp, -1584(t5)
core   0: 3 0x80009634 (0x9c3f2823) mem 0x8000a000 0x00000001
core   0: 0x80009638 (0x0000bfe5) c.j     pc - 8
core   0: 3 0x80009638 (0xbfe5)
core   0: 0x80009630 (0x00001f17) auipc   t5, 0x1
core   0: 3 0x80009630 (0x00001f17) x30 0x8000a630
core   0: 0x80009634 (0x9c3f2823) sw      gp, -1584(t5)
core   0: 3 0x80009634 (0x9c3f2823) mem 0x8000a000 0x00000001
core   0: 0x80009638 (0x0000bfe5) c.j     pc - 8
core   0: 3 0x80009638 (0xbfe5)
core   0: 0x80009630 (0x00001f17) auipc   t5, 0x1
core   0: 3 0x80009630 (0x00001f17) x30 0x8000a630
core   0: 0x80009634 (0x9c3f2823) sw      gp, -1584(t5)
core   0: 3 0x80009634 (0x9c3f2823) mem 0x8000a000 0x00000001
core   0: 0x80009638 (0x0000bfe5) c.j     pc - 8
core   0: 3 0x80009638 (0xbfe5)
core   0: 0x80009630 (0x00001f17) auipc   t5, 0x1
core   0: 3 0x80009630 (0x00001f17) x30 0x8000a630
core   0: 0x80009634 (0x9c3f2823) sw      gp, -1584(t5)
core   0: 3 0x80009634 (0x9c3f2823) mem 0x8000a000 0x00000001
core   0: 0x80009638 (0x0000bfe5) c.j     pc - 8
core   0: 3 0x80009638 (0xbfe5)
core   0: 0x80009630 (0x00001f17) auipc   t5, 0x1
core   0: 3 0x80009630 (0x00001f17) x30 0x8000a630
core   0: 0x80009634 (0x9c3f2823) sw      gp, -1584(t5)
core   0: 3 0x80009634 (0x9c3f2823) mem 0x8000a000 0x00000001
core   0: 0x80009638 (0x0000bfe5) c.j     pc - 8
core   0: 3 0x80009638 (0xbfe5)
core   0: 0x80009630 (0x00001f17) auipc   t5, 0x1
core   0: 3 0x80009630 (0x00001f17) x30 0x8000a630
core   0: 0x80009634 (0x9c3f2823) sw      gp, -1584(t5)
core   0: 3 0x80009634 (0x9c3f2823) mem 0x8000a000 0x00000001
core   0: 0x80009638 (0x0000bfe5) c.j     pc - 8
core   0: 3 0x80009638 (0xbfe5)
core   0: 0x80009630 (0x00001f17) auipc   t5, 0x1
core   0: 3 0x80009630 (0x00001f17) x30 0x8000a630
core   0: 0x80009634 (0x9c3f2823) sw      gp, -1584(t5)
core   0: 3 0x80009634 (0x9c3f2823) mem 0x8000a000 0x00000001
core   0: 0x80009638 (0x0000bfe5) c.j     pc - 8
core   0: 3 0x80009638 (0xbfe5)
core   0: 0x80009630 (0x00001f17) auipc   t5, 0x1
core   0: 3 0x80009630 (0x00001f17) x30 0x8000a630
core   0: 0x80009634 (0x9c3f2823) sw      gp, -1584(t5)
core   0: 3 0x80009634 (0x9c3f2823) mem 0x8000a000 0x00000001
core   0: 0x80009638 (0x0000bfe5) c.j     pc - 8
core   0: 3 0x80009638 (0xbfe5)
core   0: 0x80009630 (0x00001f17) auipc   t5, 0x1
core   0: 3 0x80009630 (0x00001f17) x30 0x8000a630
core   0: 0x80009634 (0x9c3f2823) sw      gp, -1584(t5)
core   0: 3 0x80009634 (0x9c3f2823) mem 0x8000a000 0x00000001
core   0: 0x80009638 (0x0000bfe5) c.j     pc - 8
core   0: 3 0x80009638 (0xbfe5)
core   0: 0x80009630 (0x00001f17) auipc   t5, 0x1
core   0: 3 0x80009630 (0x00001f17) x30 0x8000a630
core   0: 0x80009634 (0x9c3f2823) sw      gp, -1584(t5)
core   0: 3 0x80009634 (0x9c3f2823) mem 0x8000a000 0x00000001
core   0: 0x80009638 (0x0000bfe5) c.j     pc - 8
core   0: 3 0x80009638 (0xbfe5)
core   0: 0x80009630 (0x00001f17) auipc   t5, 0x1
core   0: 3 0x80009630 (0x00001f17) x30 0x8000a630
core   0: 0x80009634 (0x9c3f2823) sw      gp, -1584(t5)
core   0: 3 0x80009634 (0x9c3f2823) mem 0x8000a000 0x00000001
core   0: 0x80009638 (0x0000bfe5) c.j     pc - 8
core   0: 3 0x80009638 (0xbfe5)
core   0: 0x80009630 (0x00001f17) auipc   t5, 0x1
core   0: 3 0x80009630 (0x00001f17) x30 0x8000a630
core   0: 0x80009634 (0x9c3f2823) sw      gp, -1584(t5)
core   0: 3 0x80009634 (0x9c3f2823) mem 0x8000a000 0x00000001
core   0: 0x80009638 (0x0000bfe5) c.j     pc - 8
core   0: 3 0x80009638 (0xbfe5)
core   0: 0x80009630 (0x00001f17) auipc   t5, 0x1
core   0: 3 0x80009630 (0x00001f17) x30 0x8000a630
core   0: 0x80009634 (0x9c3f2823) sw      gp, -1584(t5)
core   0: 3 0x80009634 (0x9c3f2823) mem 0x8000a000 0x00000001
core   0: 0x80009638 (0x0000bfe5) c.j     pc - 8
core   0: 3 0x80009638 (0xbfe5)
core   0: 0x80009630 (0x00001f17) auipc   t5, 0x1
core   0: 3 0x80009630 (0x00001f17) x30 0x8000a630
core   0: 0x80009634 (0x9c3f2823) sw      gp, -1584(t5)
core   0: 3 0x80009634 (0x9c3f2823) mem 0x8000a000 0x00000001
core   0: 0x80009638 (0x0000bfe5) c.j     pc - 8
core   0: 3 0x80009638 (0xbfe5)
core   0: 0x80009630 (0x00001f17) auipc   t5, 0x1
core   0: 3 0x80009630 (0x00001f17) x30 0x8000a630
core   0: 0x80009634 (0x9c3f2823) sw      gp, -1584(t5)
core   0: 3 0x80009634 (0x9c3f2823) mem 0x8000a000 0x00000001
core   0: 0x80009638 (0x0000bfe5) c.j     pc - 8
core   0: 3 0x80009638 (0xbfe5)
core   0: 0x80009630 (0x00001f17) auipc   t5, 0x1
core   0: 3 0x80009630 (0x00001f17) x30 0x8000a630
core   0: 0x80009634 (0x9c3f2823) sw      gp, -1584(t5)
core   0: 3 0x80009634 (0x9c3f2823) mem 0x8000a000 0x00000001
core   0: 0x80009638 (0x0000bfe5) c.j     pc - 8
core   0: 3 0x80009638 (0xbfe5)
core   0: 0x80009630 (0x00001f17) auipc   t5, 0x1
core   0: 3 0x80009630 (0x00001f17) x30 0x8000a630
core   0: 0x80009634 (0x9c3f2823) sw      gp, -1584(t5)
core   0: 3 0x80009634 (0x9c3f2823) mem 0x8000a000 0x00000001
core   0: 0x80009638 (0x0000bfe5) c.j     pc - 8
core   0: 3 0x80009638 (0xbfe5)
core   0: 0x80009630 (0x00001f17) auipc   t5, 0x1
core   0: 3 0x80009630 (0x00001f17) x30 0x8000a630
core   0: 0x80009634 (0x9c3f2823) sw      gp, -1584(t5)
core   0: 3 0x80009634 (0x9c3f2823) mem 0x8000a000 0x00000001
core   0: 0x80009638 (0x0000bfe5) c.j     pc - 8
core   0: 3 0x80009638 (0xbfe5)
core   0: 0x80009630 (0x00001f17) auipc   t5, 0x1
core   0: 3 0x80009630 (0x00001f17) x30 0x8000a630
core   0: 0x80009634 (0x9c3f2823) sw      gp, -1584(t5)
core   0: 3 0x80009634 (0x9c3f2823) mem 0x8000a000 0x00000001
core   0: 0x80009638 (0x0000bfe5) c.j     pc - 8
core   0: 3 0x80009638 (0xbfe5)
core   0: 0x80009630 (0x00001f17) auipc   t5, 0x1
core   0: 3 0x80009630 (0x00001f17) x30 0x8000a630
core   0: 0x80009634 (0x9c3f2823) sw      gp, -1584(t5)
core   0: 3 0x80009634 (0x9c3f2823) mem 0x8000a000 0x00000001
core   0: 0x80009638 (0x0000bfe5) c.j     pc - 8
core   0: 3 0x80009638 (0xbfe5)
core   0: 0x80009630 (0x00001f17) auipc   t5, 0x1
core   0: 3 0x80009630 (0x00001f17) x30 0x8000a630
core   0: 0x80009634 (0x9c3f2823) sw      gp, -1584(t5)
core   0: 3 0x80009634 (0x9c3f2823) mem 0x8000a000 0x00000001
core   0: 0x80009638 (0x0000bfe5) c.j     pc - 8
core   0: 3 0x80009638 (0xbfe5)
core   0: 0x80009630 (0x00001f17) auipc   t5, 0x1
core   0: 3 0x80009630 (0x00001f17) x30 0x8000a630
core   0: 0x80009634 (0x9c3f2823) sw      gp, -1584(t5)
core   0: 3 0x80009634 (0x9c3f2823) mem 0x8000a000 0x00000001
core   0: 0x80009638 (0x0000bfe5) c.j     pc - 8
core   0: 3 0x80009638 (0xbfe5)
core   0: 0x80009630 (0x00001f17) auipc   t5, 0x1
core   0: 3 0x80009630 (0x00001f17) x30 0x8000a630
core   0: 0x80009634 (0x9c3f2823) sw      gp, -1584(t5)
core   0: 3 0x80009634 (0x9c3f2823) mem 0x8000a000 0x00000001
core   0: 0x80009638 (0x0000bfe5) c.j     pc - 8
core   0: 3 0x80009638 (0xbfe5)
core   0: 0x80009630 (0x00001f17) auipc   t5, 0x1
core   0: 3 0x80009630 (0x00001f17) x30 0x8000a630
core   0: 0x80009634 (0x9c3f2823) sw      gp, -1584(t5)
core   0: 3 0x80009634 (0x9c3f2823) mem 0x8000a000 0x00000001
core   0: 0x80009638 (0x0000bfe5) c.j     pc - 8
core   0: 3 0x80009638 (0xbfe5)
core   0: 0x80009630 (0x00001f17) auipc   t5, 0x1
core   0: 3 0x80009630 (0x00001f17) x30 0x8000a630
core   0: 0x80009634 (0x9c3f2823) sw      gp, -1584(t5)
core   0: 3 0x80009634 (0x9c3f2823) mem 0x8000a000 0x00000001
core   0: 0x80009638 (0x0000bfe5) c.j     pc - 8
core   0: 3 0x80009638 (0xbfe5)
core   0: 0x80009630 (0x00001f17) auipc   t5, 0x1
core   0: 3 0x80009630 (0x00001f17) x30 0x8000a630
core   0: 0x80009634 (0x9c3f2823) sw      gp, -1584(t5)
core   0: 3 0x80009634 (0x9c3f2823) mem 0x8000a000 0x00000001
core   0: 0x80009638 (0x0000bfe5) c.j     pc - 8
core   0: 3 0x80009638 (0xbfe5)
core   0: 0x80009630 (0x00001f17) auipc   t5, 0x1
core   0: 3 0x80009630 (0x00001f17) x30 0x8000a630
core   0: 0x80009634 (0x9c3f2823) sw      gp, -1584(t5)
core   0: 3 0x80009634 (0x9c3f2823) mem 0x8000a000 0x00000001
core   0: 0x80009638 (0x0000bfe5) c.j     pc - 8
core   0: 3 0x80009638 (0xbfe5)
core   0: 0x80009630 (0x00001f17) auipc   t5, 0x1
core   0: 3 0x80009630 (0x00001f17) x30 0x8000a630
core   0: 0x80009634 (0x9c3f2823) sw      gp, -1584(t5)
core   0: 3 0x80009634 (0x9c3f2823) mem 0x8000a000 0x00000001
core   0: 0x80009638 (0x0000bfe5) c.j     pc - 8
core   0: 3 0x80009638 (0xbfe5)
core   0: 0x80009630 (0x00001f17) auipc   t5, 0x1
core   0: 3 0x80009630 (0x00001f17) x30 0x8000a630
core   0: 0x80009634 (0x9c3f2823) sw      gp, -1584(t5)
core   0: 3 0x80009634 (0x9c3f2823) mem 0x8000a000 0x00000001
core   0: 0x80009638 (0x0000bfe5) c.j     pc - 8
core   0: 3 0x80009638 (0xbfe5)
core   0: 0x80009630 (0x00001f17) auipc   t5, 0x1
core   0: 3 0x80009630 (0x00001f17) x30 0x8000a630
core   0: 0x80009634 (0x9c3f2823) sw      gp, -1584(t5)
core   0: 3 0x80009634 (0x9c3f2823) mem 0x8000a000 0x00000001
core   0: 0x80009638 (0x0000bfe5) c.j     pc - 8
core   0: 3 0x80009638 (0xbfe5)
core   0: 0x80009630 (0x00001f17) auipc   t5, 0x1
core   0: 3 0x80009630 (0x00001f17) x30 0x8000a630
core   0: 0x80009634 (0x9c3f2823) sw      gp, -1584(t5)
core   0: 3 0x80009634 (0x9c3f2823) mem 0x8000a000 0x00000001
core   0: 0x80009638 (0x0000bfe5) c.j     pc - 8
core   0: 3 0x80009638 (0xbfe5)
core   0: 0x80009630 (0x00001f17) auipc   t5, 0x1
core   0: 3 0x80009630 (0x00001f17) x30 0x8000a630
core   0: 0x80009634 (0x9c3f2823) sw      gp, -1584(t5)
core   0: 3 0x80009634 (0x9c3f2823) mem 0x8000a000 0x00000001
core   0: 0x80009638 (0x0000bfe5) c.j     pc - 8
core   0: 3 0x80009638 (0xbfe5)
core   0: 0x80009630 (0x00001f17) auipc   t5, 0x1
core   0: 3 0x80009630 (0x00001f17) x30 0x8000a630
core   0: 0x80009634 (0x9c3f2823) sw      gp, -1584(t5)
core   0: 3 0x80009634 (0x9c3f2823) mem 0x8000a000 0x00000001
core   0: 0x80009638 (0x0000bfe5) c.j     pc - 8
core   0: 3 0x80009638 (0xbfe5)
core   0: 0x80009630 (0x00001f17) auipc   t5, 0x1
core   0: 3 0x80009630 (0x00001f17) x30 0x8000a630
core   0: 0x80009634 (0x9c3f2823) sw      gp, -1584(t5)
core   0: 3 0x80009634 (0x9c3f2823) mem 0x8000a000 0x00000001
core   0: 0x80009638 (0x0000bfe5) c.j     pc - 8
core   0: 3 0x80009638 (0xbfe5)
core   0: 0x80009630 (0x00001f17) auipc   t5, 0x1
core   0: 3 0x80009630 (0x00001f17) x30 0x8000a630
core   0: 0x80009634 (0x9c3f2823) sw      gp, -1584(t5)
core   0: 3 0x80009634 (0x9c3f2823) mem 0x8000a000 0x00000001
core   0: 0x80009638 (0x0000bfe5) c.j     pc - 8
core   0: 3 0x80009638 (0xbfe5)
core   0: 0x80009630 (0x00001f17) auipc   t5, 0x1
core   0: 3 0x80009630 (0x00001f17) x30 0x8000a630
core   0: 0x80009634 (0x9c3f2823) sw      gp, -1584(t5)
core   0: 3 0x80009634 (0x9c3f2823) mem 0x8000a000 0x00000001
core   0: 0x80009638 (0x0000bfe5) c.j     pc - 8
core   0: 3 0x80009638 (0xbfe5)
core   0: 0x80009630 (0x00001f17) auipc   t5, 0x1
core   0: 3 0x80009630 (0x00001f17) x30 0x8000a630
core   0: 0x80009634 (0x9c3f2823) sw      gp, -1584(t5)
core   0: 3 0x80009634 (0x9c3f2823) mem 0x8000a000 0x00000001
core   0: 0x80009638 (0x0000bfe5) c.j     pc - 8
core   0: 3 0x80009638 (0xbfe5)
core   0: 0x80009630 (0x00001f17) auipc   t5, 0x1
core   0: 3 0x80009630 (0x00001f17) x30 0x8000a630
core   0: 0x80009634 (0x9c3f2823) sw      gp, -1584(t5)
core   0: 3 0x80009634 (0x9c3f2823) mem 0x8000a000 0x00000001
core   0: 0x80009638 (0x0000bfe5) c.j     pc - 8
core   0: 3 0x80009638 (0xbfe5)
core   0: 0x80009630 (0x00001f17) auipc   t5, 0x1
core   0: 3 0x80009630 (0x00001f17) x30 0x8000a630
core   0: 0x80009634 (0x9c3f2823) sw      gp, -1584(t5)
core   0: 3 0x80009634 (0x9c3f2823) mem 0x8000a000 0x00000001
core   0: 0x80009638 (0x0000bfe5) c.j     pc - 8
core   0: 3 0x80009638 (0xbfe5)
core   0: 0x80009630 (0x00001f17) auipc   t5, 0x1
core   0: 3 0x80009630 (0x00001f17) x30 0x8000a630
core   0: 0x80009634 (0x9c3f2823) sw      gp, -1584(t5)
core   0: 3 0x80009634 (0x9c3f2823) mem 0x8000a000 0x00000001
core   0: 0x80009638 (0x0000bfe5) c.j     pc - 8
core   0: 3 0x80009638 (0xbfe5)
core   0: 0x80009630 (0x00001f17) auipc   t5, 0x1
core   0: 3 0x80009630 (0x00001f17) x30 0x8000a630
core   0: 0x80009634 (0x9c3f2823) sw      gp, -1584(t5)
core   0: 3 0x80009634 (0x9c3f2823) mem 0x8000a000 0x00000001
core   0: 0x80009638 (0x0000bfe5) c.j     pc - 8
core   0: 3 0x80009638 (0xbfe5)
core   0: 0x80009630 (0x00001f17) auipc   t5, 0x1
core   0: 3 0x80009630 (0x00001f17) x30 0x8000a630
core   0: 0x80009634 (0x9c3f2823) sw      gp, -1584(t5)
core   0: 3 0x80009634 (0x9c3f2823) mem 0x8000a000 0x00000001
core   0: 0x80009638 (0x0000bfe5) c.j     pc - 8
core   0: 3 0x80009638 (0xbfe5)
core   0: 0x80009630 (0x00001f17) auipc   t5, 0x1
core   0: 3 0x80009630 (0x00001f17) x30 0x8000a630
core   0: 0x80009634 (0x9c3f2823) sw      gp, -1584(t5)
core   0: 3 0x80009634 (0x9c3f2823) mem 0x8000a000 0x00000001
core   0: 0x80009638 (0x0000bfe5) c.j     pc - 8
core   0: 3 0x80009638 (0xbfe5)
core   0: 0x80009630 (0x00001f17) auipc   t5, 0x1
core   0: 3 0x80009630 (0x00001f17) x30 0x8000a630
core   0: 0x80009634 (0x9c3f2823) sw      gp, -1584(t5)
core   0: 3 0x80009634 (0x9c3f2823) mem 0x8000a000 0x00000001
core   0: 0x80009638 (0x0000bfe5) c.j     pc - 8
core   0: 3 0x80009638 (0xbfe5)
core   0: 0x80009630 (0x00001f17) auipc   t5, 0x1
core   0: 3 0x80009630 (0x00001f17) x30 0x8000a630
core   0: 0x80009634 (0x9c3f2823) sw      gp, -1584(t5)
core   0: 3 0x80009634 (0x9c3f2823) mem 0x8000a000 0x00000001
core   0: 0x80009638 (0x0000bfe5) c.j     pc - 8
core   0: 3 0x80009638 (0xbfe5)
core   0: 0x80009630 (0x00001f17) auipc   t5, 0x1
core   0: 3 0x80009630 (0x00001f17) x30 0x8000a630
core   0: 0x80009634 (0x9c3f2823) sw      gp, -1584(t5)
core   0: 3 0x80009634 (0x9c3f2823) mem 0x8000a000 0x00000001
core   0: 0x80009638 (0x0000bfe5) c.j     pc - 8
core   0: 3 0x80009638 (0xbfe5)
core   0: 0x80009630 (0x00001f17) auipc   t5, 0x1
core   0: 3 0x80009630 (0x00001f17) x30 0x8000a630
core   0: 0x80009634 (0x9c3f2823) sw      gp, -1584(t5)
core   0: 3 0x80009634 (0x9c3f2823) mem 0x8000a000 0x00000001
core   0: 0x80009638 (0x0000bfe5) c.j     pc - 8
core   0: 3 0x80009638 (0xbfe5)
core   0: 0x80009630 (0x00001f17) auipc   t5, 0x1
core   0: 3 0x80009630 (0x00001f17) x30 0x8000a630
core   0: 0x80009634 (0x9c3f2823) sw      gp, -1584(t5)
core   0: 3 0x80009634 (0x9c3f2823) mem 0x8000a000 0x00000001
core   0: 0x80009638 (0x0000bfe5) c.j     pc - 8
core   0: 3 0x80009638 (0xbfe5)
core   0: 0x80009630 (0x00001f17) auipc   t5, 0x1
core   0: 3 0x80009630 (0x00001f17) x30 0x8000a630
core   0: 0x80009634 (0x9c3f2823) sw      gp, -1584(t5)
core   0: 3 0x80009634 (0x9c3f2823) mem 0x8000a000 0x00000001
core   0: 0x80009638 (0x0000bfe5) c.j     pc - 8
core   0: 3 0x80009638 (0xbfe5)
core   0: 0x80009630 (0x00001f17) auipc   t5, 0x1
core   0: 3 0x80009630 (0x00001f17) x30 0x8000a630
core   0: 0x80009634 (0x9c3f2823) sw      gp, -1584(t5)
core   0: 3 0x80009634 (0x9c3f2823) mem 0x8000a000 0x00000001
core   0: 0x80009638 (0x0000bfe5) c.j     pc - 8
core   0: 3 0x80009638 (0xbfe5)
core   0: 0x80009630 (0x00001f17) auipc   t5, 0x1
core   0: 3 0x80009630 (0x00001f17) x30 0x8000a630
core   0: 0x80009634 (0x9c3f2823) sw      gp, -1584(t5)
core   0: 3 0x80009634 (0x9c3f2823) mem 0x8000a000 0x00000001
core   0: 0x80009638 (0x0000bfe5) c.j     pc - 8
core   0: 3 0x80009638 (0xbfe5)
core   0: 0x80009630 (0x00001f17) auipc   t5, 0x1
core   0: 3 0x80009630 (0x00001f17) x30 0x8000a630
core   0: 0x80009634 (0x9c3f2823) sw      gp, -1584(t5)
core   0: 3 0x80009634 (0x9c3f2823) mem 0x8000a000 0x00000001
core   0: 0x80009638 (0x0000bfe5) c.j     pc - 8
core   0: 3 0x80009638 (0xbfe5)
core   0: 0x80009630 (0x00001f17) auipc   t5, 0x1
core   0: 3 0x80009630 (0x00001f17) x30 0x8000a630
core   0: 0x80009634 (0x9c3f2823) sw      gp, -1584(t5)
core   0: 3 0x80009634 (0x9c3f2823) mem 0x8000a000 0x00000001
core   0: 0x80009638 (0x0000bfe5) c.j     pc - 8
core   0: 3 0x80009638 (0xbfe5)
core   0: 0x80009630 (0x00001f17) auipc   t5, 0x1
core   0: 3 0x80009630 (0x00001f17) x30 0x8000a630
core   0: 0x80009634 (0x9c3f2823) sw      gp, -1584(t5)
core   0: 3 0x80009634 (0x9c3f2823) mem 0x8000a000 0x00000001
core   0: 0x80009638 (0x0000bfe5) c.j     pc - 8
core   0: 3 0x80009638 (0xbfe5)
core   0: 0x80009630 (0x00001f17) auipc   t5, 0x1
core   0: 3 0x80009630 (0x00001f17) x30 0x8000a630
core   0: 0x80009634 (0x9c3f2823) sw      gp, -1584(t5)
core   0: 3 0x80009634 (0x9c3f2823) mem 0x8000a000 0x00000001
core   0: 0x80009638 (0x0000bfe5) c.j     pc - 8
core   0: 3 0x80009638 (0xbfe5)
core   0: 0x80009630 (0x00001f17) auipc   t5, 0x1
core   0: 3 0x80009630 (0x00001f17) x30 0x8000a630
core   0: 0x80009634 (0x9c3f2823) sw      gp, -1584(t5)
core   0: 3 0x80009634 (0x9c3f2823) mem 0x8000a000 0x00000001
core   0: 0x80009638 (0x0000bfe5) c.j     pc - 8
core   0: 3 0x80009638 (0xbfe5)
core   0: 0x80009630 (0x00001f17) auipc   t5, 0x1
core   0: 3 0x80009630 (0x00001f17) x30 0x8000a630
core   0: 0x80009634 (0x9c3f2823) sw      gp, -1584(t5)
core   0: 3 0x80009634 (0x9c3f2823) mem 0x8000a000 0x00000001
core   0: 0x80009638 (0x0000bfe5) c.j     pc - 8
core   0: 3 0x80009638 (0xbfe5)
core   0: 0x80009630 (0x00001f17) auipc   t5, 0x1
core   0: 3 0x80009630 (0x00001f17) x30 0x8000a630
core   0: 0x80009634 (0x9c3f2823) sw      gp, -1584(t5)
core   0: 3 0x80009634 (0x9c3f2823) mem 0x8000a000 0x00000001
core   0: 0x80009638 (0x0000bfe5) c.j     pc - 8
core   0: 3 0x80009638 (0xbfe5)
core   0: 0x80009630 (0x00001f17) auipc   t5, 0x1
core   0: 3 0x80009630 (0x00001f17) x30 0x8000a630
core   0: 0x80009634 (0x9c3f2823) sw      gp, -1584(t5)
core   0: 3 0x80009634 (0x9c3f2823) mem 0x8000a000 0x00000001
core   0: 0x80009638 (0x0000bfe5) c.j     pc - 8
core   0: 3 0x80009638 (0xbfe5)
core   0: 0x80009630 (0x00001f17) auipc   t5, 0x1
core   0: 3 0x80009630 (0x00001f17) x30 0x8000a630
core   0: 0x80009634 (0x9c3f2823) sw      gp, -1584(t5)
core   0: 3 0x80009634 (0x9c3f2823) mem 0x8000a000 0x00000001
core   0: 0x80009638 (0x0000bfe5) c.j     pc - 8
core   0: 3 0x80009638 (0xbfe5)
core   0: 0x80009630 (0x00001f17) auipc   t5, 0x1
core   0: 3 0x80009630 (0x00001f17) x30 0x8000a630
core   0: 0x80009634 (0x9c3f2823) sw      gp, -1584(t5)
core   0: 3 0x80009634 (0x9c3f2823) mem 0x8000a000 0x00000001
core   0: 0x80009638 (0x0000bfe5) c.j     pc - 8
core   0: 3 0x80009638 (0xbfe5)
core   0: 0x80009630 (0x00001f17) auipc   t5, 0x1
core   0: 3 0x80009630 (0x00001f17) x30 0x8000a630
core   0: 0x80009634 (0x9c3f2823) sw      gp, -1584(t5)
core   0: 3 0x80009634 (0x9c3f2823) mem 0x8000a000 0x00000001
core   0: 0x80009638 (0x0000bfe5) c.j     pc - 8
core   0: 3 0x80009638 (0xbfe5)
core   0: 0x80009630 (0x00001f17) auipc   t5, 0x1
core   0: 3 0x80009630 (0x00001f17) x30 0x8000a630
core   0: 0x80009634 (0x9c3f2823) sw      gp, -1584(t5)
core   0: 3 0x80009634 (0x9c3f2823) mem 0x8000a000 0x00000001
core   0: 0x80009638 (0x0000bfe5) c.j     pc - 8
core   0: 3 0x80009638 (0xbfe5)
core   0: 0x80009630 (0x00001f17) auipc   t5, 0x1
core   0: 3 0x80009630 (0x00001f17) x30 0x8000a630
core   0: 0x80009634 (0x9c3f2823) sw      gp, -1584(t5)
core   0: 3 0x80009634 (0x9c3f2823) mem 0x8000a000 0x00000001
core   0: 0x80009638 (0x0000bfe5) c.j     pc - 8
core   0: 3 0x80009638 (0xbfe5)
core   0: 0x80009630 (0x00001f17) auipc   t5, 0x1
core   0: 3 0x80009630 (0x00001f17) x30 0x8000a630
core   0: 0x80009634 (0x9c3f2823) sw      gp, -1584(t5)
core   0: 3 0x80009634 (0x9c3f2823) mem 0x8000a000 0x00000001
core   0: 0x80009638 (0x0000bfe5) c.j     pc - 8
core   0: 3 0x80009638 (0xbfe5)
core   0: 0x80009630 (0x00001f17) auipc   t5, 0x1
core   0: 3 0x80009630 (0x00001f17) x30 0x8000a630
core   0: 0x80009634 (0x9c3f2823) sw      gp, -1584(t5)
core   0: 3 0x80009634 (0x9c3f2823) mem 0x8000a000 0x00000001
core   0: 0x80009638 (0x0000bfe5) c.j     pc - 8
core   0: 3 0x80009638 (0xbfe5)
core   0: 0x80009630 (0x00001f17) auipc   t5, 0x1
core   0: 3 0x80009630 (0x00001f17) x30 0x8000a630
core   0: 0x80009634 (0x9c3f2823) sw      gp, -1584(t5)
core   0: 3 0x80009634 (0x9c3f2823) mem 0x8000a000 0x00000001
core   0: 0x80009638 (0x0000bfe5) c.j     pc - 8
core   0: 3 0x80009638 (0xbfe5)
core   0: 0x80009630 (0x00001f17) auipc   t5, 0x1
core   0: 3 0x80009630 (0x00001f17) x30 0x8000a630
core   0: 0x80009634 (0x9c3f2823) sw      gp, -1584(t5)
core   0: 3 0x80009634 (0x9c3f2823) mem 0x8000a000 0x00000001
core   0: 0x80009638 (0x0000bfe5) c.j     pc - 8
core   0: 3 0x80009638 (0xbfe5)
core   0: 0x80009630 (0x00001f17) auipc   t5, 0x1
core   0: 3 0x80009630 (0x00001f17) x30 0x8000a630
core   0: 0x80009634 (0x9c3f2823) sw      gp, -1584(t5)
core   0: 3 0x80009634 (0x9c3f2823) mem 0x8000a000 0x00000001
core   0: 0x80009638 (0x0000bfe5) c.j     pc - 8
core   0: 3 0x80009638 (0xbfe5)
core   0: 0x80009630 (0x00001f17) auipc   t5, 0x1
core   0: 3 0x80009630 (0x00001f17) x30 0x8000a630
core   0: 0x80009634 (0x9c3f2823) sw      gp, -1584(t5)
core   0: 3 0x80009634 (0x9c3f2823) mem 0x8000a000 0x00000001
core   0: 0x80009638 (0x0000bfe5) c.j     pc - 8
core   0: 3 0x80009638 (0xbfe5)
core   0: 0x80009630 (0x00001f17) auipc   t5, 0x1
core   0: 3 0x80009630 (0x00001f17) x30 0x8000a630
core   0: 0x80009634 (0x9c3f2823) sw      gp, -1584(t5)
core   0: 3 0x80009634 (0x9c3f2823) mem 0x8000a000 0x00000001
core   0: 0x80009638 (0x0000bfe5) c.j     pc - 8
core   0: 3 0x80009638 (0xbfe5)
core   0: 0x80009630 (0x00001f17) auipc   t5, 0x1
core   0: 3 0x80009630 (0x00001f17) x30 0x8000a630
core   0: 0x80009634 (0x9c3f2823) sw      gp, -1584(t5)
core   0: 3 0x80009634 (0x9c3f2823) mem 0x8000a000 0x00000001
core   0: 0x80009638 (0x0000bfe5) c.j     pc - 8
core   0: 3 0x80009638 (0xbfe5)
core   0: 0x80009630 (0x00001f17) auipc   t5, 0x1
core   0: 3 0x80009630 (0x00001f17) x30 0x8000a630
core   0: 0x80009634 (0x9c3f2823) sw      gp, -1584(t5)
core   0: 3 0x80009634 (0x9c3f2823) mem 0x8000a000 0x00000001
core   0: 0x80009638 (0x0000bfe5) c.j     pc - 8
core   0: 3 0x80009638 (0xbfe5)
core   0: 0x80009630 (0x00001f17) auipc   t5, 0x1
core   0: 3 0x80009630 (0x00001f17) x30 0x8000a630
core   0: 0x80009634 (0x9c3f2823) sw      gp, -1584(t5)
core   0: 3 0x80009634 (0x9c3f2823) mem 0x8000a000 0x00000001
core   0: 0x80009638 (0x0000bfe5) c.j     pc - 8
core   0: 3 0x80009638 (0xbfe5)
core   0: 0x80009630 (0x00001f17) auipc   t5, 0x1
core   0: 3 0x80009630 (0x00001f17) x30 0x8000a630
core   0: 0x80009634 (0x9c3f2823) sw      gp, -1584(t5)
core   0: 3 0x80009634 (0x9c3f2823) mem 0x8000a000 0x00000001
core   0: 0x80009638 (0x0000bfe5) c.j     pc - 8
core   0: 3 0x80009638 (0xbfe5)
core   0: 0x80009630 (0x00001f17) auipc   t5, 0x1
core   0: 3 0x80009630 (0x00001f17) x30 0x8000a630
core   0: 0x80009634 (0x9c3f2823) sw      gp, -1584(t5)
core   0: 3 0x80009634 (0x9c3f2823) mem 0x8000a000 0x00000001
core   0: 0x80009638 (0x0000bfe5) c.j     pc - 8
core   0: 3 0x80009638 (0xbfe5)
core   0: 0x80009630 (0x00001f17) auipc   t5, 0x1
core   0: 3 0x80009630 (0x00001f17) x30 0x8000a630
core   0: 0x80009634 (0x9c3f2823) sw      gp, -1584(t5)
core   0: 3 0x80009634 (0x9c3f2823) mem 0x8000a000 0x00000001
core   0: 0x80009638 (0x0000bfe5) c.j     pc - 8
core   0: 3 0x80009638 (0xbfe5)
core   0: 0x80009630 (0x00001f17) auipc   t5, 0x1
core   0: 3 0x80009630 (0x00001f17) x30 0x8000a630
core   0: 0x80009634 (0x9c3f2823) sw      gp, -1584(t5)
core   0: 3 0x80009634 (0x9c3f2823) mem 0x8000a000 0x00000001
core   0: 0x80009638 (0x0000bfe5) c.j     pc - 8
core   0: 3 0x80009638 (0xbfe5)
core   0: 0x80009630 (0x00001f17) auipc   t5, 0x1
core   0: 3 0x80009630 (0x00001f17) x30 0x8000a630
core   0: 0x80009634 (0x9c3f2823) sw      gp, -1584(t5)
core   0: 3 0x80009634 (0x9c3f2823) mem 0x8000a000 0x00000001
core   0: 0x80009638 (0x0000bfe5) c.j     pc - 8
core   0: 3 0x80009638 (0xbfe5)
core   0: 0x80009630 (0x00001f17) auipc   t5, 0x1
core   0: 3 0x80009630 (0x00001f17) x30 0x8000a630
core   0: 0x80009634 (0x9c3f2823) sw      gp, -1584(t5)
core   0: 3 0x80009634 (0x9c3f2823) mem 0x8000a000 0x00000001
core   0: 0x80009638 (0x0000bfe5) c.j     pc - 8
core   0: 3 0x80009638 (0xbfe5)
core   0: 0x80009630 (0x00001f17) auipc   t5, 0x1
core   0: 3 0x80009630 (0x00001f17) x30 0x8000a630
core   0: 0x80009634 (0x9c3f2823) sw      gp, -1584(t5)
core   0: 3 0x80009634 (0x9c3f2823) mem 0x8000a000 0x00000001
core   0: 0x80009638 (0x0000bfe5) c.j     pc - 8
core   0: 3 0x80009638 (0xbfe5)
core   0: 0x80009630 (0x00001f17) auipc   t5, 0x1
core   0: 3 0x80009630 (0x00001f17) x30 0x8000a630
core   0: 0x80009634 (0x9c3f2823) sw      gp, -1584(t5)
core   0: 3 0x80009634 (0x9c3f2823) mem 0x8000a000 0x00000001
core   0: 0x80009638 (0x0000bfe5) c.j     pc - 8
core   0: 3 0x80009638 (0xbfe5)
core   0: 0x80009630 (0x00001f17) auipc   t5, 0x1
core   0: 3 0x80009630 (0x00001f17) x30 0x8000a630
core   0: 0x80009634 (0x9c3f2823) sw      gp, -1584(t5)
core   0: 3 0x80009634 (0x9c3f2823) mem 0x8000a000 0x00000001
core   0: 0x80009638 (0x0000bfe5) c.j     pc - 8
core   0: 3 0x80009638 (0xbfe5)
core   0: 0x80009630 (0x00001f17) auipc   t5, 0x1
core   0: 3 0x80009630 (0x00001f17) x30 0x8000a630
core   0: 0x80009634 (0x9c3f2823) sw      gp, -1584(t5)
core   0: 3 0x80009634 (0x9c3f2823) mem 0x8000a000 0x00000001
core   0: 0x80009638 (0x0000bfe5) c.j     pc - 8
core   0: 3 0x80009638 (0xbfe5)
core   0: 0x80009630 (0x00001f17) auipc   t5, 0x1
core   0: 3 0x80009630 (0x00001f17) x30 0x8000a630
core   0: 0x80009634 (0x9c3f2823) sw      gp, -1584(t5)
core   0: 3 0x80009634 (0x9c3f2823) mem 0x8000a000 0x00000001
core   0: 0x80009638 (0x0000bfe5) c.j     pc - 8
core   0: 3 0x80009638 (0xbfe5)
core   0: 0x80009630 (0x00001f17) auipc   t5, 0x1
core   0: 3 0x80009630 (0x00001f17) x30 0x8000a630
core   0: 0x80009634 (0x9c3f2823) sw      gp, -1584(t5)
core   0: 3 0x80009634 (0x9c3f2823) mem 0x8000a000 0x00000001
core   0: 0x80009638 (0x0000bfe5) c.j     pc - 8
core   0: 3 0x80009638 (0xbfe5)
core   0: 0x80009630 (0x00001f17) auipc   t5, 0x1
core   0: 3 0x80009630 (0x00001f17) x30 0x8000a630
core   0: 0x80009634 (0x9c3f2823) sw      gp, -1584(t5)
core   0: 3 0x80009634 (0x9c3f2823) mem 0x8000a000 0x00000001
core   0: 0x80009638 (0x0000bfe5) c.j     pc - 8
core   0: 3 0x80009638 (0xbfe5)
core   0: 0x80009630 (0x00001f17) auipc   t5, 0x1
core   0: 3 0x80009630 (0x00001f17) x30 0x8000a630
core   0: 0x80009634 (0x9c3f2823) sw      gp, -1584(t5)
core   0: 3 0x80009634 (0x9c3f2823) mem 0x8000a000 0x00000001
core   0: 0x80009638 (0x0000bfe5) c.j     pc - 8
core   0: 3 0x80009638 (0xbfe5)
core   0: 0x80009630 (0x00001f17) auipc   t5, 0x1
core   0: 3 0x80009630 (0x00001f17) x30 0x8000a630
core   0: 0x80009634 (0x9c3f2823) sw      gp, -1584(t5)
core   0: 3 0x80009634 (0x9c3f2823) mem 0x8000a000 0x00000001
core   0: 0x80009638 (0x0000bfe5) c.j     pc - 8
core   0: 3 0x80009638 (0xbfe5)
core   0: 0x80009630 (0x00001f17) auipc   t5, 0x1
core   0: 3 0x80009630 (0x00001f17) x30 0x8000a630
core   0: 0x80009634 (0x9c3f2823) sw      gp, -1584(t5)
core   0: 3 0x80009634 (0x9c3f2823) mem 0x8000a000 0x00000001
core   0: 0x80009638 (0x0000bfe5) c.j     pc - 8
core   0: 3 0x80009638 (0xbfe5)
core   0: 0x80009630 (0x00001f17) auipc   t5, 0x1
core   0: 3 0x80009630 (0x00001f17) x30 0x8000a630
core   0: 0x80009634 (0x9c3f2823) sw      gp, -1584(t5)
core   0: 3 0x80009634 (0x9c3f2823) mem 0x8000a000 0x00000001
core   0: 0x80009638 (0x0000bfe5) c.j     pc - 8
core   0: 3 0x80009638 (0xbfe5)
core   0: 0x80009630 (0x00001f17) auipc   t5, 0x1
core   0: 3 0x80009630 (0x00001f17) x30 0x8000a630
core   0: 0x80009634 (0x9c3f2823) sw      gp, -1584(t5)
core   0: 3 0x80009634 (0x9c3f2823) mem 0x8000a000 0x00000001
core   0: 0x80009638 (0x0000bfe5) c.j     pc - 8
core   0: 3 0x80009638 (0xbfe5)
core   0: 0x80009630 (0x00001f17) auipc   t5, 0x1
core   0: 3 0x80009630 (0x00001f17) x30 0x8000a630
core   0: 0x80009634 (0x9c3f2823) sw      gp, -1584(t5)
core   0: 3 0x80009634 (0x9c3f2823) mem 0x8000a000 0x00000001
core   0: 0x80009638 (0x0000bfe5) c.j     pc - 8
core   0: 3 0x80009638 (0xbfe5)
core   0: 0x80009630 (0x00001f17) auipc   t5, 0x1
core   0: 3 0x80009630 (0x00001f17) x30 0x8000a630
core   0: 0x80009634 (0x9c3f2823) sw      gp, -1584(t5)
core   0: 3 0x80009634 (0x9c3f2823) mem 0x8000a000 0x00000001
core   0: 0x80009638 (0x0000bfe5) c.j     pc - 8
core   0: 3 0x80009638 (0xbfe5)
core   0: 0x80009630 (0x00001f17) auipc   t5, 0x1
core   0: 3 0x80009630 (0x00001f17) x30 0x8000a630
core   0: 0x80009634 (0x9c3f2823) sw      gp, -1584(t5)
core   0: 3 0x80009634 (0x9c3f2823) mem 0x8000a000 0x00000001
core   0: 0x80009638 (0x0000bfe5) c.j     pc - 8
core   0: 3 0x80009638 (0xbfe5)
core   0: 0x80009630 (0x00001f17) auipc   t5, 0x1
core   0: 3 0x80009630 (0x00001f17) x30 0x8000a630
core   0: 0x80009634 (0x9c3f2823) sw      gp, -1584(t5)
core   0: 3 0x80009634 (0x9c3f2823) mem 0x8000a000 0x00000001
core   0: 0x80009638 (0x0000bfe5) c.j     pc - 8
core   0: 3 0x80009638 (0xbfe5)
core   0: 0x80009630 (0x00001f17) auipc   t5, 0x1
core   0: 3 0x80009630 (0x00001f17) x30 0x8000a630
core   0: 0x80009634 (0x9c3f2823) sw      gp, -1584(t5)
core   0: 3 0x80009634 (0x9c3f2823) mem 0x8000a000 0x00000001
core   0: 0x80009638 (0x0000bfe5) c.j     pc - 8
core   0: 3 0x80009638 (0xbfe5)
core   0: 0x80009630 (0x00001f17) auipc   t5, 0x1
core   0: 3 0x80009630 (0x00001f17) x30 0x8000a630
core   0: 0x80009634 (0x9c3f2823) sw      gp, -1584(t5)
core   0: 3 0x80009634 (0x9c3f2823) mem 0x8000a000 0x00000001
core   0: 0x80009638 (0x0000bfe5) c.j     pc - 8
core   0: 3 0x80009638 (0xbfe5)
core   0: 0x80009630 (0x00001f17) auipc   t5, 0x1
core   0: 3 0x80009630 (0x00001f17) x30 0x8000a630
core   0: 0x80009634 (0x9c3f2823) sw      gp, -1584(t5)
core   0: 3 0x80009634 (0x9c3f2823) mem 0x8000a000 0x00000001
core   0: 0x80009638 (0x0000bfe5) c.j     pc - 8
core   0: 3 0x80009638 (0xbfe5)
core   0: 0x80009630 (0x00001f17) auipc   t5, 0x1
core   0: 3 0x80009630 (0x00001f17) x30 0x8000a630
core   0: 0x80009634 (0x9c3f2823) sw      gp, -1584(t5)
core   0: 3 0x80009634 (0x9c3f2823) mem 0x8000a000 0x00000001
core   0: 0x80009638 (0x0000bfe5) c.j     pc - 8
core   0: 3 0x80009638 (0xbfe5)
core   0: 0x80009630 (0x00001f17) auipc   t5, 0x1
core   0: 3 0x80009630 (0x00001f17) x30 0x8000a630
core   0: 0x80009634 (0x9c3f2823) sw      gp, -1584(t5)
core   0: 3 0x80009634 (0x9c3f2823) mem 0x8000a000 0x00000001
core   0: 0x80009638 (0x0000bfe5) c.j     pc - 8
core   0: 3 0x80009638 (0xbfe5)
core   0: 0x80009630 (0x00001f17) auipc   t5, 0x1
core   0: 3 0x80009630 (0x00001f17) x30 0x8000a630
core   0: 0x80009634 (0x9c3f2823) sw      gp, -1584(t5)
core   0: 3 0x80009634 (0x9c3f2823) mem 0x8000a000 0x00000001
core   0: 0x80009638 (0x0000bfe5) c.j     pc - 8
core   0: 3 0x80009638 (0xbfe5)
core   0: 0x80009630 (0x00001f17) auipc   t5, 0x1
core   0: 3 0x80009630 (0x00001f17) x30 0x8000a630
core   0: 0x80009634 (0x9c3f2823) sw      gp, -1584(t5)
core   0: 3 0x80009634 (0x9c3f2823) mem 0x8000a000 0x00000001
core   0: 0x80009638 (0x0000bfe5) c.j     pc - 8
core   0: 3 0x80009638 (0xbfe5)
core   0: 0x80009630 (0x00001f17) auipc   t5, 0x1
core   0: 3 0x80009630 (0x00001f17) x30 0x8000a630
core   0: 0x80009634 (0x9c3f2823) sw      gp, -1584(t5)
core   0: 3 0x80009634 (0x9c3f2823) mem 0x8000a000 0x00000001
core   0: 0x80009638 (0x0000bfe5) c.j     pc - 8
core   0: 3 0x80009638 (0xbfe5)
core   0: 0x80009630 (0x00001f17) auipc   t5, 0x1
core   0: 3 0x80009630 (0x00001f17) x30 0x8000a630
core   0: 0x80009634 (0x9c3f2823) sw      gp, -1584(t5)
core   0: 3 0x80009634 (0x9c3f2823) mem 0x8000a000 0x00000001
core   0: 0x80009638 (0x0000bfe5) c.j     pc - 8
core   0: 3 0x80009638 (0xbfe5)
core   0: 0x80009630 (0x00001f17) auipc   t5, 0x1
core   0: 3 0x80009630 (0x00001f17) x30 0x8000a630
core   0: 0x80009634 (0x9c3f2823) sw      gp, -1584(t5)
core   0: 3 0x80009634 (0x9c3f2823) mem 0x8000a000 0x00000001
core   0: 0x80009638 (0x0000bfe5) c.j     pc - 8
core   0: 3 0x80009638 (0xbfe5)
core   0: 0x80009630 (0x00001f17) auipc   t5, 0x1
core   0: 3 0x80009630 (0x00001f17) x30 0x8000a630
core   0: 0x80009634 (0x9c3f2823) sw      gp, -1584(t5)
core   0: 3 0x80009634 (0x9c3f2823) mem 0x8000a000 0x00000001
core   0: 0x80009638 (0x0000bfe5) c.j     pc - 8
core   0: 3 0x80009638 (0xbfe5)
core   0: 0x80009630 (0x00001f17) auipc   t5, 0x1
core   0: 3 0x80009630 (0x00001f17) x30 0x8000a630
core   0: 0x80009634 (0x9c3f2823) sw      gp, -1584(t5)
core   0: 3 0x80009634 (0x9c3f2823) mem 0x8000a000 0x00000001
core   0: 0x80009638 (0x0000bfe5) c.j     pc - 8
core   0: 3 0x80009638 (0xbfe5)
core   0: 0x80009630 (0x00001f17) auipc   t5, 0x1
core   0: 3 0x80009630 (0x00001f17) x30 0x8000a630
core   0: 0x80009634 (0x9c3f2823) sw      gp, -1584(t5)
core   0: 3 0x80009634 (0x9c3f2823) mem 0x8000a000 0x00000001
core   0: 0x80009638 (0x0000bfe5) c.j     pc - 8
core   0: 3 0x80009638 (0xbfe5)
core   0: 0x80009630 (0x00001f17) auipc   t5, 0x1
core   0: 3 0x80009630 (0x00001f17) x30 0x8000a630
core   0: 0x80009634 (0x9c3f2823) sw      gp, -1584(t5)
core   0: 3 0x80009634 (0x9c3f2823) mem 0x8000a000 0x00000001
core   0: 0x80009638 (0x0000bfe5) c.j     pc - 8
core   0: 3 0x80009638 (0xbfe5)
core   0: 0x80009630 (0x00001f17) auipc   t5, 0x1
core   0: 3 0x80009630 (0x00001f17) x30 0x8000a630
core   0: 0x80009634 (0x9c3f2823) sw      gp, -1584(t5)
core   0: 3 0x80009634 (0x9c3f2823) mem 0x8000a000 0x00000001
core   0: 0x80009638 (0x0000bfe5) c.j     pc - 8
core   0: 3 0x80009638 (0xbfe5)
core   0: 0x80009630 (0x00001f17) auipc   t5, 0x1
core   0: 3 0x80009630 (0x00001f17) x30 0x8000a630
core   0: 0x80009634 (0x9c3f2823) sw      gp, -1584(t5)
core   0: 3 0x80009634 (0x9c3f2823) mem 0x8000a000 0x00000001
core   0: 0x80009638 (0x0000bfe5) c.j     pc - 8
core   0: 3 0x80009638 (0xbfe5)
core   0: 0x80009630 (0x00001f17) auipc   t5, 0x1
core   0: 3 0x80009630 (0x00001f17) x30 0x8000a630
core   0: 0x80009634 (0x9c3f2823) sw      gp, -1584(t5)
core   0: 3 0x80009634 (0x9c3f2823) mem 0x8000a000 0x00000001
core   0: 0x80009638 (0x0000bfe5) c.j     pc - 8
core   0: 3 0x80009638 (0xbfe5)
core   0: 0x80009630 (0x00001f17) auipc   t5, 0x1
core   0: 3 0x80009630 (0x00001f17) x30 0x8000a630
core   0: 0x80009634 (0x9c3f2823) sw      gp, -1584(t5)
core   0: 3 0x80009634 (0x9c3f2823) mem 0x8000a000 0x00000001
core   0: 0x80009638 (0x0000bfe5) c.j     pc - 8
core   0: 3 0x80009638 (0xbfe5)
core   0: 0x80009630 (0x00001f17) auipc   t5, 0x1
core   0: 3 0x80009630 (0x00001f17) x30 0x8000a630
core   0: 0x80009634 (0x9c3f2823) sw      gp, -1584(t5)
core   0: 3 0x80009634 (0x9c3f2823) mem 0x8000a000 0x00000001
core   0: 0x80009638 (0x0000bfe5) c.j     pc - 8
core   0: 3 0x80009638 (0xbfe5)
core   0: 0x80009630 (0x00001f17) auipc   t5, 0x1
core   0: 3 0x80009630 (0x00001f17) x30 0x8000a630
core   0: 0x80009634 (0x9c3f2823) sw      gp, -1584(t5)
core   0: 3 0x80009634 (0x9c3f2823) mem 0x8000a000 0x00000001
core   0: 0x80009638 (0x0000bfe5) c.j     pc - 8
core   0: 3 0x80009638 (0xbfe5)
core   0: 0x80009630 (0x00001f17) auipc   t5, 0x1
core   0: 3 0x80009630 (0x00001f17) x30 0x8000a630
core   0: 0x80009634 (0x9c3f2823) sw      gp, -1584(t5)
core   0: 3 0x80009634 (0x9c3f2823) mem 0x8000a000 0x00000001
core   0: 0x80009638 (0x0000bfe5) c.j     pc - 8
core   0: 3 0x80009638 (0xbfe5)
core   0: 0x80009630 (0x00001f17) auipc   t5, 0x1
core   0: 3 0x80009630 (0x00001f17) x30 0x8000a630
core   0: 0x80009634 (0x9c3f2823) sw      gp, -1584(t5)
core   0: 3 0x80009634 (0x9c3f2823) mem 0x8000a000 0x00000001
core   0: 0x80009638 (0x0000bfe5) c.j     pc - 8
core   0: 3 0x80009638 (0xbfe5)
core   0: 0x80009630 (0x00001f17) auipc   t5, 0x1
core   0: 3 0x80009630 (0x00001f17) x30 0x8000a630
core   0: 0x80009634 (0x9c3f2823) sw      gp, -1584(t5)
core   0: 3 0x80009634 (0x9c3f2823) mem 0x8000a000 0x00000001
core   0: 0x80009638 (0x0000bfe5) c.j     pc - 8
core   0: 3 0x80009638 (0xbfe5)
core   0: 0x80009630 (0x00001f17) auipc   t5, 0x1
core   0: 3 0x80009630 (0x00001f17) x30 0x8000a630
core   0: 0x80009634 (0x9c3f2823) sw      gp, -1584(t5)
core   0: 3 0x80009634 (0x9c3f2823) mem 0x8000a000 0x00000001
core   0: 0x80009638 (0x0000bfe5) c.j     pc - 8
core   0: 3 0x80009638 (0xbfe5)
core   0: 0x80009630 (0x00001f17) auipc   t5, 0x1
core   0: 3 0x80009630 (0x00001f17) x30 0x8000a630
core   0: 0x80009634 (0x9c3f2823) sw      gp, -1584(t5)
core   0: 3 0x80009634 (0x9c3f2823) mem 0x8000a000 0x00000001
core   0: 0x80009638 (0x0000bfe5) c.j     pc - 8
core   0: 3 0x80009638 (0xbfe5)
core   0: 0x80009630 (0x00001f17) auipc   t5, 0x1
core   0: 3 0x80009630 (0x00001f17) x30 0x8000a630
core   0: 0x80009634 (0x9c3f2823) sw      gp, -1584(t5)
core   0: 3 0x80009634 (0x9c3f2823) mem 0x8000a000 0x00000001
core   0: 0x80009638 (0x0000bfe5) c.j     pc - 8
core   0: 3 0x80009638 (0xbfe5)
core   0: 0x80009630 (0x00001f17) auipc   t5, 0x1
core   0: 3 0x80009630 (0x00001f17) x30 0x8000a630
core   0: 0x80009634 (0x9c3f2823) sw      gp, -1584(t5)
core   0: 3 0x80009634 (0x9c3f2823) mem 0x8000a000 0x00000001
core   0: 0x80009638 (0x0000bfe5) c.j     pc - 8
core   0: 3 0x80009638 (0xbfe5)
core   0: 0x80009630 (0x00001f17) auipc   t5, 0x1
core   0: 3 0x80009630 (0x00001f17) x30 0x8000a630
core   0: 0x80009634 (0x9c3f2823) sw      gp, -1584(t5)
core   0: 3 0x80009634 (0x9c3f2823) mem 0x8000a000 0x00000001
core   0: 0x80009638 (0x0000bfe5) c.j     pc - 8
core   0: 3 0x80009638 (0xbfe5)
core   0: 0x80009630 (0x00001f17) auipc   t5, 0x1
core   0: 3 0x80009630 (0x00001f17) x30 0x8000a630
core   0: 0x80009634 (0x9c3f2823) sw      gp, -1584(t5)
core   0: 3 0x80009634 (0x9c3f2823) mem 0x8000a000 0x00000001
core   0: 0x80009638 (0x0000bfe5) c.j     pc - 8
core   0: 3 0x80009638 (0xbfe5)
core   0: 0x80009630 (0x00001f17) auipc   t5, 0x1
core   0: 3 0x80009630 (0x00001f17) x30 0x8000a630
core   0: 0x80009634 (0x9c3f2823) sw      gp, -1584(t5)
core   0: 3 0x80009634 (0x9c3f2823) mem 0x8000a000 0x00000001
core   0: 0x80009638 (0x0000bfe5) c.j     pc - 8
core   0: 3 0x80009638 (0xbfe5)
core   0: 0x80009630 (0x00001f17) auipc   t5, 0x1
core   0: 3 0x80009630 (0x00001f17) x30 0x8000a630
core   0: 0x80009634 (0x9c3f2823) sw      gp, -1584(t5)
core   0: 3 0x80009634 (0x9c3f2823) mem 0x8000a000 0x00000001
core   0: 0x80009638 (0x0000bfe5) c.j     pc - 8
core   0: 3 0x80009638 (0xbfe5)
core   0: 0x80009630 (0x00001f17) auipc   t5, 0x1
core   0: 3 0x80009630 (0x00001f17) x30 0x8000a630
core   0: 0x80009634 (0x9c3f2823) sw      gp, -1584(t5)
core   0: 3 0x80009634 (0x9c3f2823) mem 0x8000a000 0x00000001
core   0: 0x80009638 (0x0000bfe5) c.j     pc - 8
core   0: 3 0x80009638 (0xbfe5)
core   0: 0x80009630 (0x00001f17) auipc   t5, 0x1
core   0: 3 0x80009630 (0x00001f17) x30 0x8000a630
core   0: 0x80009634 (0x9c3f2823) sw      gp, -1584(t5)
core   0: 3 0x80009634 (0x9c3f2823) mem 0x8000a000 0x00000001
core   0: 0x80009638 (0x0000bfe5) c.j     pc - 8
core   0: 3 0x80009638 (0xbfe5)
core   0: 0x80009630 (0x00001f17) auipc   t5, 0x1
core   0: 3 0x80009630 (0x00001f17) x30 0x8000a630
core   0: 0x80009634 (0x9c3f2823) sw      gp, -1584(t5)
core   0: 3 0x80009634 (0x9c3f2823) mem 0x8000a000 0x00000001
core   0: 0x80009638 (0x0000bfe5) c.j     pc - 8
core   0: 3 0x80009638 (0xbfe5)
core   0: 0x80009630 (0x00001f17) auipc   t5, 0x1
core   0: 3 0x80009630 (0x00001f17) x30 0x8000a630
core   0: 0x80009634 (0x9c3f2823) sw      gp, -1584(t5)
core   0: 3 0x80009634 (0x9c3f2823) mem 0x8000a000 0x00000001
core   0: 0x80009638 (0x0000bfe5) c.j     pc - 8
core   0: 3 0x80009638 (0xbfe5)
core   0: 0x80009630 (0x00001f17) auipc   t5, 0x1
core   0: 3 0x80009630 (0x00001f17) x30 0x8000a630
core   0: 0x80009634 (0x9c3f2823) sw      gp, -1584(t5)
core   0: 3 0x80009634 (0x9c3f2823) mem 0x8000a000 0x00000001
core   0: 0x80009638 (0x0000bfe5) c.j     pc - 8
core   0: 3 0x80009638 (0xbfe5)
core   0: 0x80009630 (0x00001f17) auipc   t5, 0x1
core   0: 3 0x80009630 (0x00001f17) x30 0x8000a630
core   0: 0x80009634 (0x9c3f2823) sw      gp, -1584(t5)
core   0: 3 0x80009634 (0x9c3f2823) mem 0x8000a000 0x00000001
core   0: 0x80009638 (0x0000bfe5) c.j     pc - 8
core   0: 3 0x80009638 (0xbfe5)
core   0: 0x80009630 (0x00001f17) auipc   t5, 0x1
core   0: 3 0x80009630 (0x00001f17) x30 0x8000a630
core   0: 0x80009634 (0x9c3f2823) sw      gp, -1584(t5)
core   0: 3 0x80009634 (0x9c3f2823) mem 0x8000a000 0x00000001
core   0: 0x80009638 (0x0000bfe5) c.j     pc - 8
core   0: 3 0x80009638 (0xbfe5)
core   0: 0x80009630 (0x00001f17) auipc   t5, 0x1
core   0: 3 0x80009630 (0x00001f17) x30 0x8000a630
core   0: 0x80009634 (0x9c3f2823) sw      gp, -1584(t5)
core   0: 3 0x80009634 (0x9c3f2823) mem 0x8000a000 0x00000001
core   0: 0x80009638 (0x0000bfe5) c.j     pc - 8
core   0: 3 0x80009638 (0xbfe5)
core   0: 0x80009630 (0x00001f17) auipc   t5, 0x1
core   0: 3 0x80009630 (0x00001f17) x30 0x8000a630
core   0: 0x80009634 (0x9c3f2823) sw      gp, -1584(t5)
core   0: 3 0x80009634 (0x9c3f2823) mem 0x8000a000 0x00000001
core   0: 0x80009638 (0x0000bfe5) c.j     pc - 8
core   0: 3 0x80009638 (0xbfe5)
core   0: 0x80009630 (0x00001f17) auipc   t5, 0x1
core   0: 3 0x80009630 (0x00001f17) x30 0x8000a630
core   0: 0x80009634 (0x9c3f2823) sw      gp, -1584(t5)
core   0: 3 0x80009634 (0x9c3f2823) mem 0x8000a000 0x00000001
core   0: 0x80009638 (0x0000bfe5) c.j     pc - 8
core   0: 3 0x80009638 (0xbfe5)
core   0: 0x80009630 (0x00001f17) auipc   t5, 0x1
core   0: 3 0x80009630 (0x00001f17) x30 0x8000a630
core   0: 0x80009634 (0x9c3f2823) sw      gp, -1584(t5)
core   0: 3 0x80009634 (0x9c3f2823) mem 0x8000a000 0x00000001
core   0: 0x80009638 (0x0000bfe5) c.j     pc - 8
core   0: 3 0x80009638 (0xbfe5)
core   0: 0x80009630 (0x00001f17) auipc   t5, 0x1
core   0: 3 0x80009630 (0x00001f17) x30 0x8000a630
core   0: 0x80009634 (0x9c3f2823) sw      gp, -1584(t5)
core   0: 3 0x80009634 (0x9c3f2823) mem 0x8000a000 0x00000001
core   0: 0x80009638 (0x0000bfe5) c.j     pc - 8
core   0: 3 0x80009638 (0xbfe5)
core   0: 0x80009630 (0x00001f17) auipc   t5, 0x1
core   0: 3 0x80009630 (0x00001f17) x30 0x8000a630
core   0: 0x80009634 (0x9c3f2823) sw      gp, -1584(t5)
core   0: 3 0x80009634 (0x9c3f2823) mem 0x8000a000 0x00000001
core   0: 0x80009638 (0x0000bfe5) c.j     pc - 8
core   0: 3 0x80009638 (0xbfe5)
core   0: 0x80009630 (0x00001f17) auipc   t5, 0x1
core   0: 3 0x80009630 (0x00001f17) x30 0x8000a630
core   0: 0x80009634 (0x9c3f2823) sw      gp, -1584(t5)
core   0: 3 0x80009634 (0x9c3f2823) mem 0x8000a000 0x00000001
core   0: 0x80009638 (0x0000bfe5) c.j     pc - 8
core   0: 3 0x80009638 (0xbfe5)
core   0: 0x80009630 (0x00001f17) auipc   t5, 0x1
core   0: 3 0x80009630 (0x00001f17) x30 0x8000a630
core   0: 0x80009634 (0x9c3f2823) sw      gp, -1584(t5)
core   0: 3 0x80009634 (0x9c3f2823) mem 0x8000a000 0x00000001
core   0: 0x80009638 (0x0000bfe5) c.j     pc - 8
core   0: 3 0x80009638 (0xbfe5)
core   0: 0x80009630 (0x00001f17) auipc   t5, 0x1
core   0: 3 0x80009630 (0x00001f17) x30 0x8000a630
core   0: 0x80009634 (0x9c3f2823) sw      gp, -1584(t5)
core   0: 3 0x80009634 (0x9c3f2823) mem 0x8000a000 0x00000001
core   0: 0x80009638 (0x0000bfe5) c.j     pc - 8
core   0: 3 0x80009638 (0xbfe5)
core   0: 0x80009630 (0x00001f17) auipc   t5, 0x1
core   0: 3 0x80009630 (0x00001f17) x30 0x8000a630
core   0: 0x80009634 (0x9c3f2823) sw      gp, -1584(t5)
core   0: 3 0x80009634 (0x9c3f2823) mem 0x8000a000 0x00000001
core   0: 0x80009638 (0x0000bfe5) c.j     pc - 8
core   0: 3 0x80009638 (0xbfe5)
core   0: 0x80009630 (0x00001f17) auipc   t5, 0x1
core   0: 3 0x80009630 (0x00001f17) x30 0x8000a630
core   0: 0x80009634 (0x9c3f2823) sw      gp, -1584(t5)
core   0: 3 0x80009634 (0x9c3f2823) mem 0x8000a000 0x00000001
core   0: 0x80009638 (0x0000bfe5) c.j     pc - 8
core   0: 3 0x80009638 (0xbfe5)
core   0: 0x80009630 (0x00001f17) auipc   t5, 0x1
core   0: 3 0x80009630 (0x00001f17) x30 0x8000a630
core   0: 0x80009634 (0x9c3f2823) sw      gp, -1584(t5)
core   0: 3 0x80009634 (0x9c3f2823) mem 0x8000a000 0x00000001
core   0: 0x80009638 (0x0000bfe5) c.j     pc - 8
core   0: 3 0x80009638 (0xbfe5)
core   0: 0x80009630 (0x00001f17) auipc   t5, 0x1
core   0: 3 0x80009630 (0x00001f17) x30 0x8000a630
core   0: 0x80009634 (0x9c3f2823) sw      gp, -1584(t5)
core   0: 3 0x80009634 (0x9c3f2823) mem 0x8000a000 0x00000001
core   0: 0x80009638 (0x0000bfe5) c.j     pc - 8
core   0: 3 0x80009638 (0xbfe5)
core   0: 0x80009630 (0x00001f17) auipc   t5, 0x1
core   0: 3 0x80009630 (0x00001f17) x30 0x8000a630
core   0: 0x80009634 (0x9c3f2823) sw      gp, -1584(t5)
core   0: 3 0x80009634 (0x9c3f2823) mem 0x8000a000 0x00000001
core   0: 0x80009638 (0x0000bfe5) c.j     pc - 8
core   0: 3 0x80009638 (0xbfe5)
core   0: 0x80009630 (0x00001f17) auipc   t5, 0x1
core   0: 3 0x80009630 (0x00001f17) x30 0x8000a630
core   0: 0x80009634 (0x9c3f2823) sw      gp, -1584(t5)
core   0: 3 0x80009634 (0x9c3f2823) mem 0x8000a000 0x00000001
core   0: 0x80009638 (0x0000bfe5) c.j     pc - 8
core   0: 3 0x80009638 (0xbfe5)
core   0: 0x80009630 (0x00001f17) auipc   t5, 0x1
core   0: 3 0x80009630 (0x00001f17) x30 0x8000a630
core   0: 0x80009634 (0x9c3f2823) sw      gp, -1584(t5)
core   0: 3 0x80009634 (0x9c3f2823) mem 0x8000a000 0x00000001
core   0: 0x80009638 (0x0000bfe5) c.j     pc - 8
core   0: 3 0x80009638 (0xbfe5)
core   0: 0x80009630 (0x00001f17) auipc   t5, 0x1
core   0: 3 0x80009630 (0x00001f17) x30 0x8000a630
core   0: 0x80009634 (0x9c3f2823) sw      gp, -1584(t5)
core   0: 3 0x80009634 (0x9c3f2823) mem 0x8000a000 0x00000001
core   0: 0x80009638 (0x0000bfe5) c.j     pc - 8
core   0: 3 0x80009638 (0xbfe5)
core   0: 0x80009630 (0x00001f17) auipc   t5, 0x1
core   0: 3 0x80009630 (0x00001f17) x30 0x8000a630
core   0: 0x80009634 (0x9c3f2823) sw      gp, -1584(t5)
core   0: 3 0x80009634 (0x9c3f2823) mem 0x8000a000 0x00000001
core   0: 0x80009638 (0x0000bfe5) c.j     pc - 8
core   0: 3 0x80009638 (0xbfe5)
core   0: 0x80009630 (0x00001f17) auipc   t5, 0x1
core   0: 3 0x80009630 (0x00001f17) x30 0x8000a630
core   0: 0x80009634 (0x9c3f2823) sw      gp, -1584(t5)
core   0: 3 0x80009634 (0x9c3f2823) mem 0x8000a000 0x00000001
core   0: 0x80009638 (0x0000bfe5) c.j     pc - 8
core   0: 3 0x80009638 (0xbfe5)
core   0: 0x80009630 (0x00001f17) auipc   t5, 0x1
core   0: 3 0x80009630 (0x00001f17) x30 0x8000a630
core   0: 0x80009634 (0x9c3f2823) sw      gp, -1584(t5)
core   0: 3 0x80009634 (0x9c3f2823) mem 0x8000a000 0x00000001
core   0: 0x80009638 (0x0000bfe5) c.j     pc - 8
core   0: 3 0x80009638 (0xbfe5)
core   0: 0x80009630 (0x00001f17) auipc   t5, 0x1
core   0: 3 0x80009630 (0x00001f17) x30 0x8000a630
core   0: 0x80009634 (0x9c3f2823) sw      gp, -1584(t5)
core   0: 3 0x80009634 (0x9c3f2823) mem 0x8000a000 0x00000001
core   0: 0x80009638 (0x0000bfe5) c.j     pc - 8
core   0: 3 0x80009638 (0xbfe5)
core   0: 0x80009630 (0x00001f17) auipc   t5, 0x1
core   0: 3 0x80009630 (0x00001f17) x30 0x8000a630
core   0: 0x80009634 (0x9c3f2823) sw      gp, -1584(t5)
core   0: 3 0x80009634 (0x9c3f2823) mem 0x8000a000 0x00000001
core   0: 0x80009638 (0x0000bfe5) c.j     pc - 8
core   0: 3 0x80009638 (0xbfe5)
core   0: 0x80009630 (0x00001f17) auipc   t5, 0x1
core   0: 3 0x80009630 (0x00001f17) x30 0x8000a630
core   0: 0x80009634 (0x9c3f2823) sw      gp, -1584(t5)
core   0: 3 0x80009634 (0x9c3f2823) mem 0x8000a000 0x00000001
core   0: 0x80009638 (0x0000bfe5) c.j     pc - 8
core   0: 3 0x80009638 (0xbfe5)
core   0: 0x80009630 (0x00001f17) auipc   t5, 0x1
core   0: 3 0x80009630 (0x00001f17) x30 0x8000a630
core   0: 0x80009634 (0x9c3f2823) sw      gp, -1584(t5)
core   0: 3 0x80009634 (0x9c3f2823) mem 0x8000a000 0x00000001
core   0: 0x80009638 (0x0000bfe5) c.j     pc - 8
core   0: 3 0x80009638 (0xbfe5)
core   0: 0x80009630 (0x00001f17) auipc   t5, 0x1
core   0: 3 0x80009630 (0x00001f17) x30 0x8000a630
core   0: 0x80009634 (0x9c3f2823) sw      gp, -1584(t5)
core   0: 3 0x80009634 (0x9c3f2823) mem 0x8000a000 0x00000001
core   0: 0x80009638 (0x0000bfe5) c.j     pc - 8
core   0: 3 0x80009638 (0xbfe5)
core   0: 0x80009630 (0x00001f17) auipc   t5, 0x1
core   0: 3 0x80009630 (0x00001f17) x30 0x8000a630
core   0: 0x80009634 (0x9c3f2823) sw      gp, -1584(t5)
core   0: 3 0x80009634 (0x9c3f2823) mem 0x8000a000 0x00000001
core   0: 0x80009638 (0x0000bfe5) c.j     pc - 8
core   0: 3 0x80009638 (0xbfe5)
core   0: 0x80009630 (0x00001f17) auipc   t5, 0x1
core   0: 3 0x80009630 (0x00001f17) x30 0x8000a630
core   0: 0x80009634 (0x9c3f2823) sw      gp, -1584(t5)
core   0: 3 0x80009634 (0x9c3f2823) mem 0x8000a000 0x00000001
core   0: 0x80009638 (0x0000bfe5) c.j     pc - 8
core   0: 3 0x80009638 (0xbfe5)
core   0: 0x80009630 (0x00001f17) auipc   t5, 0x1
core   0: 3 0x80009630 (0x00001f17) x30 0x8000a630
core   0: 0x80009634 (0x9c3f2823) sw      gp, -1584(t5)
core   0: 3 0x80009634 (0x9c3f2823) mem 0x8000a000 0x00000001
core   0: 0x80009638 (0x0000bfe5) c.j     pc - 8
core   0: 3 0x80009638 (0xbfe5)
core   0: 0x80009630 (0x00001f17) auipc   t5, 0x1
core   0: 3 0x80009630 (0x00001f17) x30 0x8000a630
core   0: 0x80009634 (0x9c3f2823) sw      gp, -1584(t5)
core   0: 3 0x80009634 (0x9c3f2823) mem 0x8000a000 0x00000001
core   0: 0x80009638 (0x0000bfe5) c.j     pc - 8
core   0: 3 0x80009638 (0xbfe5)
core   0: 0x80009630 (0x00001f17) auipc   t5, 0x1
core   0: 3 0x80009630 (0x00001f17) x30 0x8000a630
core   0: 0x80009634 (0x9c3f2823) sw      gp, -1584(t5)
core   0: 3 0x80009634 (0x9c3f2823) mem 0x8000a000 0x00000001
core   0: 0x80009638 (0x0000bfe5) c.j     pc - 8
core   0: 3 0x80009638 (0xbfe5)
core   0: 0x80009630 (0x00001f17) auipc   t5, 0x1
core   0: 3 0x80009630 (0x00001f17) x30 0x8000a630
core   0: 0x80009634 (0x9c3f2823) sw      gp, -1584(t5)
core   0: 3 0x80009634 (0x9c3f2823) mem 0x8000a000 0x00000001
core   0: 0x80009638 (0x0000bfe5) c.j     pc - 8
core   0: 3 0x80009638 (0xbfe5)
core   0: 0x80009630 (0x00001f17) auipc   t5, 0x1
core   0: 3 0x80009630 (0x00001f17) x30 0x8000a630
core   0: 0x80009634 (0x9c3f2823) sw      gp, -1584(t5)
core   0: 3 0x80009634 (0x9c3f2823) mem 0x8000a000 0x00000001
core   0: 0x80009638 (0x0000bfe5) c.j     pc - 8
core   0: 3 0x80009638 (0xbfe5)
core   0: 0x80009630 (0x00001f17) auipc   t5, 0x1
core   0: 3 0x80009630 (0x00001f17) x30 0x8000a630
core   0: 0x80009634 (0x9c3f2823) sw      gp, -1584(t5)
core   0: 3 0x80009634 (0x9c3f2823) mem 0x8000a000 0x00000001
core   0: 0x80009638 (0x0000bfe5) c.j     pc - 8
core   0: 3 0x80009638 (0xbfe5)
core   0: 0x80009630 (0x00001f17) auipc   t5, 0x1
core   0: 3 0x80009630 (0x00001f17) x30 0x8000a630
core   0: 0x80009634 (0x9c3f2823) sw      gp, -1584(t5)
core   0: 3 0x80009634 (0x9c3f2823) mem 0x8000a000 0x00000001
core   0: 0x80009638 (0x0000bfe5) c.j     pc - 8
core   0: 3 0x80009638 (0xbfe5)
core   0: 0x80009630 (0x00001f17) auipc   t5, 0x1
core   0: 3 0x80009630 (0x00001f17) x30 0x8000a630
core   0: 0x80009634 (0x9c3f2823) sw      gp, -1584(t5)
core   0: 3 0x80009634 (0x9c3f2823) mem 0x8000a000 0x00000001
core   0: 0x80009638 (0x0000bfe5) c.j     pc - 8
core   0: 3 0x80009638 (0xbfe5)
core   0: 0x80009630 (0x00001f17) auipc   t5, 0x1
core   0: 3 0x80009630 (0x00001f17) x30 0x8000a630
core   0: 0x80009634 (0x9c3f2823) sw      gp, -1584(t5)
core   0: 3 0x80009634 (0x9c3f2823) mem 0x8000a000 0x00000001
core   0: 0x80009638 (0x0000bfe5) c.j     pc - 8
core   0: 3 0x80009638 (0xbfe5)
core   0: 0x80009630 (0x00001f17) auipc   t5, 0x1
core   0: 3 0x80009630 (0x00001f17) x30 0x8000a630
core   0: 0x80009634 (0x9c3f2823) sw      gp, -1584(t5)
core   0: 3 0x80009634 (0x9c3f2823) mem 0x8000a000 0x00000001
core   0: 0x80009638 (0x0000bfe5) c.j     pc - 8
core   0: 3 0x80009638 (0xbfe5)
core   0: 0x80009630 (0x00001f17) auipc   t5, 0x1
core   0: 3 0x80009630 (0x00001f17) x30 0x8000a630
core   0: 0x80009634 (0x9c3f2823) sw      gp, -1584(t5)
core   0: 3 0x80009634 (0x9c3f2823) mem 0x8000a000 0x00000001
core   0: 0x80009638 (0x0000bfe5) c.j     pc - 8
core   0: 3 0x80009638 (0xbfe5)
core   0: 0x80009630 (0x00001f17) auipc   t5, 0x1
core   0: 3 0x80009630 (0x00001f17) x30 0x8000a630
core   0: 0x80009634 (0x9c3f2823) sw      gp, -1584(t5)
core   0: 3 0x80009634 (0x9c3f2823) mem 0x8000a000 0x00000001
core   0: 0x80009638 (0x0000bfe5) c.j     pc - 8
core   0: 3 0x80009638 (0xbfe5)
core   0: 0x80009630 (0x00001f17) auipc   t5, 0x1
core   0: 3 0x80009630 (0x00001f17) x30 0x8000a630
core   0: 0x80009634 (0x9c3f2823) sw      gp, -1584(t5)
core   0: 3 0x80009634 (0x9c3f2823) mem 0x8000a000 0x00000001
core   0: 0x80009638 (0x0000bfe5) c.j     pc - 8
core   0: 3 0x80009638 (0xbfe5)
core   0: 0x80009630 (0x00001f17) auipc   t5, 0x1
core   0: 3 0x80009630 (0x00001f17) x30 0x8000a630
core   0: 0x80009634 (0x9c3f2823) sw      gp, -1584(t5)
core   0: 3 0x80009634 (0x9c3f2823) mem 0x8000a000 0x00000001
core   0: 0x80009638 (0x0000bfe5) c.j     pc - 8
core   0: 3 0x80009638 (0xbfe5)
core   0: 0x80009630 (0x00001f17) auipc   t5, 0x1
core   0: 3 0x80009630 (0x00001f17) x30 0x8000a630
core   0: 0x80009634 (0x9c3f2823) sw      gp, -1584(t5)
core   0: 3 0x80009634 (0x9c3f2823) mem 0x8000a000 0x00000001
core   0: 0x80009638 (0x0000bfe5) c.j     pc - 8
core   0: 3 0x80009638 (0xbfe5)
core   0: 0x80009630 (0x00001f17) auipc   t5, 0x1
core   0: 3 0x80009630 (0x00001f17) x30 0x8000a630
core   0: 0x80009634 (0x9c3f2823) sw      gp, -1584(t5)
core   0: 3 0x80009634 (0x9c3f2823) mem 0x8000a000 0x00000001
core   0: 0x80009638 (0x0000bfe5) c.j     pc - 8
core   0: 3 0x80009638 (0xbfe5)
core   0: 0x80009630 (0x00001f17) auipc   t5, 0x1
core   0: 3 0x80009630 (0x00001f17) x30 0x8000a630
core   0: 0x80009634 (0x9c3f2823) sw      gp, -1584(t5)
core   0: 3 0x80009634 (0x9c3f2823) mem 0x8000a000 0x00000001
core   0: 0x80009638 (0x0000bfe5) c.j     pc - 8
core   0: 3 0x80009638 (0xbfe5)
core   0: 0x80009630 (0x00001f17) auipc   t5, 0x1
core   0: 3 0x80009630 (0x00001f17) x30 0x8000a630
core   0: 0x80009634 (0x9c3f2823) sw      gp, -1584(t5)
core   0: 3 0x80009634 (0x9c3f2823) mem 0x8000a000 0x00000001
core   0: 0x80009638 (0x0000bfe5) c.j     pc - 8
core   0: 3 0x80009638 (0xbfe5)
core   0: 0x80009630 (0x00001f17) auipc   t5, 0x1
core   0: 3 0x80009630 (0x00001f17) x30 0x8000a630
core   0: 0x80009634 (0x9c3f2823) sw      gp, -1584(t5)
core   0: 3 0x80009634 (0x9c3f2823) mem 0x8000a000 0x00000001
core   0: 0x80009638 (0x0000bfe5) c.j     pc - 8
core   0: 3 0x80009638 (0xbfe5)
core   0: 0x80009630 (0x00001f17) auipc   t5, 0x1
core   0: 3 0x80009630 (0x00001f17) x30 0x8000a630
core   0: 0x80009634 (0x9c3f2823) sw      gp, -1584(t5)
core   0: 3 0x80009634 (0x9c3f2823) mem 0x8000a000 0x00000001
core   0: 0x80009638 (0x0000bfe5) c.j     pc - 8
core   0: 3 0x80009638 (0xbfe5)
core   0: 0x80009630 (0x00001f17) auipc   t5, 0x1
core   0: 3 0x80009630 (0x00001f17) x30 0x8000a630
core   0: 0x80009634 (0x9c3f2823) sw      gp, -1584(t5)
core   0: 3 0x80009634 (0x9c3f2823) mem 0x8000a000 0x00000001
core   0: 0x80009638 (0x0000bfe5) c.j     pc - 8
core   0: 3 0x80009638 (0xbfe5)
core   0: 0x80009630 (0x00001f17) auipc   t5, 0x1
core   0: 3 0x80009630 (0x00001f17) x30 0x8000a630
core   0: 0x80009634 (0x9c3f2823) sw      gp, -1584(t5)
core   0: 3 0x80009634 (0x9c3f2823) mem 0x8000a000 0x00000001
core   0: 0x80009638 (0x0000bfe5) c.j     pc - 8
core   0: 3 0x80009638 (0xbfe5)
core   0: 0x80009630 (0x00001f17) auipc   t5, 0x1
core   0: 3 0x80009630 (0x00001f17) x30 0x8000a630
core   0: 0x80009634 (0x9c3f2823) sw      gp, -1584(t5)
core   0: 3 0x80009634 (0x9c3f2823) mem 0x8000a000 0x00000001
core   0: 0x80009638 (0x0000bfe5) c.j     pc - 8
core   0: 3 0x80009638 (0xbfe5)
core   0: 0x80009630 (0x00001f17) auipc   t5, 0x1
core   0: 3 0x80009630 (0x00001f17) x30 0x8000a630
core   0: 0x80009634 (0x9c3f2823) sw      gp, -1584(t5)
core   0: 3 0x80009634 (0x9c3f2823) mem 0x8000a000 0x00000001
core   0: 0x80009638 (0x0000bfe5) c.j     pc - 8
core   0: 3 0x80009638 (0xbfe5)
core   0: 0x80009630 (0x00001f17) auipc   t5, 0x1
core   0: 3 0x80009630 (0x00001f17) x30 0x8000a630
core   0: 0x80009634 (0x9c3f2823) sw      gp, -1584(t5)
core   0: 3 0x80009634 (0x9c3f2823) mem 0x8000a000 0x00000001
core   0: 0x80009638 (0x0000bfe5) c.j     pc - 8
core   0: 3 0x80009638 (0xbfe5)
core   0: 0x80009630 (0x00001f17) auipc   t5, 0x1
core   0: 3 0x80009630 (0x00001f17) x30 0x8000a630
core   0: 0x80009634 (0x9c3f2823) sw      gp, -1584(t5)
core   0: 3 0x80009634 (0x9c3f2823) mem 0x8000a000 0x00000001
core   0: 0x80009638 (0x0000bfe5) c.j     pc - 8
core   0: 3 0x80009638 (0xbfe5)
core   0: 0x80009630 (0x00001f17) auipc   t5, 0x1
core   0: 3 0x80009630 (0x00001f17) x30 0x8000a630
core   0: 0x80009634 (0x9c3f2823) sw      gp, -1584(t5)
core   0: 3 0x80009634 (0x9c3f2823) mem 0x8000a000 0x00000001
core   0: 0x80009638 (0x0000bfe5) c.j     pc - 8
core   0: 3 0x80009638 (0xbfe5)
core   0: 0x80009630 (0x00001f17) auipc   t5, 0x1
core   0: 3 0x80009630 (0x00001f17) x30 0x8000a630
core   0: 0x80009634 (0x9c3f2823) sw      gp, -1584(t5)
core   0: 3 0x80009634 (0x9c3f2823) mem 0x8000a000 0x00000001
core   0: 0x80009638 (0x0000bfe5) c.j     pc - 8
core   0: 3 0x80009638 (0xbfe5)
core   0: 0x80009630 (0x00001f17) auipc   t5, 0x1
core   0: 3 0x80009630 (0x00001f17) x30 0x8000a630
core   0: 0x80009634 (0x9c3f2823) sw      gp, -1584(t5)
core   0: 3 0x80009634 (0x9c3f2823) mem 0x8000a000 0x00000001
core   0: 0x80009638 (0x0000bfe5) c.j     pc - 8
core   0: 3 0x80009638 (0xbfe5)
core   0: 0x80009630 (0x00001f17) auipc   t5, 0x1
core   0: 3 0x80009630 (0x00001f17) x30 0x8000a630
core   0: 0x80009634 (0x9c3f2823) sw      gp, -1584(t5)
core   0: 3 0x80009634 (0x9c3f2823) mem 0x8000a000 0x00000001
core   0: 0x80009638 (0x0000bfe5) c.j     pc - 8
core   0: 3 0x80009638 (0xbfe5)
core   0: 0x80009630 (0x00001f17) auipc   t5, 0x1
core   0: 3 0x80009630 (0x00001f17) x30 0x8000a630
core   0: 0x80009634 (0x9c3f2823) sw      gp, -1584(t5)
core   0: 3 0x80009634 (0x9c3f2823) mem 0x8000a000 0x00000001
core   0: 0x80009638 (0x0000bfe5) c.j     pc - 8
core   0: 3 0x80009638 (0xbfe5)
core   0: 0x80009630 (0x00001f17) auipc   t5, 0x1
core   0: 3 0x80009630 (0x00001f17) x30 0x8000a630
core   0: 0x80009634 (0x9c3f2823) sw      gp, -1584(t5)
core   0: 3 0x80009634 (0x9c3f2823) mem 0x8000a000 0x00000001
core   0: 0x80009638 (0x0000bfe5) c.j     pc - 8
core   0: 3 0x80009638 (0xbfe5)
core   0: 0x80009630 (0x00001f17) auipc   t5, 0x1
core   0: 3 0x80009630 (0x00001f17) x30 0x8000a630
core   0: 0x80009634 (0x9c3f2823) sw      gp, -1584(t5)
core   0: 3 0x80009634 (0x9c3f2823) mem 0x8000a000 0x00000001
core   0: 0x80009638 (0x0000bfe5) c.j     pc - 8
core   0: 3 0x80009638 (0xbfe5)
core   0: 0x80009630 (0x00001f17) auipc   t5, 0x1
core   0: 3 0x80009630 (0x00001f17) x30 0x8000a630
core   0: 0x80009634 (0x9c3f2823) sw      gp, -1584(t5)
core   0: 3 0x80009634 (0x9c3f2823) mem 0x8000a000 0x00000001
core   0: 0x80009638 (0x0000bfe5) c.j     pc - 8
core   0: 3 0x80009638 (0xbfe5)
core   0: 0x80009630 (0x00001f17) auipc   t5, 0x1
core   0: 3 0x80009630 (0x00001f17) x30 0x8000a630
core   0: 0x80009634 (0x9c3f2823) sw      gp, -1584(t5)
core   0: 3 0x80009634 (0x9c3f2823) mem 0x8000a000 0x00000001
core   0: 0x80009638 (0x0000bfe5) c.j     pc - 8
core   0: 3 0x80009638 (0xbfe5)
core   0: 0x80009630 (0x00001f17) auipc   t5, 0x1
core   0: 3 0x80009630 (0x00001f17) x30 0x8000a630
core   0: 0x80009634 (0x9c3f2823) sw      gp, -1584(t5)
core   0: 3 0x80009634 (0x9c3f2823) mem 0x8000a000 0x00000001
core   0: 0x80009638 (0x0000bfe5) c.j     pc - 8
core   0: 3 0x80009638 (0xbfe5)
core   0: 0x80009630 (0x00001f17) auipc   t5, 0x1
core   0: 3 0x80009630 (0x00001f17) x30 0x8000a630
core   0: 0x80009634 (0x9c3f2823) sw      gp, -1584(t5)
core   0: 3 0x80009634 (0x9c3f2823) mem 0x8000a000 0x00000001
core   0: 0x80009638 (0x0000bfe5) c.j     pc - 8
core   0: 3 0x80009638 (0xbfe5)
core   0: 0x80009630 (0x00001f17) auipc   t5, 0x1
core   0: 3 0x80009630 (0x00001f17) x30 0x8000a630
core   0: 0x80009634 (0x9c3f2823) sw      gp, -1584(t5)
core   0: 3 0x80009634 (0x9c3f2823) mem 0x8000a000 0x00000001
core   0: 0x80009638 (0x0000bfe5) c.j     pc - 8
core   0: 3 0x80009638 (0xbfe5)
core   0: 0x80009630 (0x00001f17) auipc   t5, 0x1
core   0: 3 0x80009630 (0x00001f17) x30 0x8000a630
core   0: 0x80009634 (0x9c3f2823) sw      gp, -1584(t5)
core   0: 3 0x80009634 (0x9c3f2823) mem 0x8000a000 0x00000001
core   0: 0x80009638 (0x0000bfe5) c.j     pc - 8
core   0: 3 0x80009638 (0xbfe5)
core   0: 0x80009630 (0x00001f17) auipc   t5, 0x1
core   0: 3 0x80009630 (0x00001f17) x30 0x8000a630
core   0: 0x80009634 (0x9c3f2823) sw      gp, -1584(t5)
core   0: 3 0x80009634 (0x9c3f2823) mem 0x8000a000 0x00000001
core   0: 0x80009638 (0x0000bfe5) c.j     pc - 8
core   0: 3 0x80009638 (0xbfe5)
core   0: 0x80009630 (0x00001f17) auipc   t5, 0x1
core   0: 3 0x80009630 (0x00001f17) x30 0x8000a630
core   0: 0x80009634 (0x9c3f2823) sw      gp, -1584(t5)
core   0: 3 0x80009634 (0x9c3f2823) mem 0x8000a000 0x00000001
core   0: 0x80009638 (0x0000bfe5) c.j     pc - 8
core   0: 3 0x80009638 (0xbfe5)
core   0: 0x80009630 (0x00001f17) auipc   t5, 0x1
core   0: 3 0x80009630 (0x00001f17) x30 0x8000a630
core   0: 0x80009634 (0x9c3f2823) sw      gp, -1584(t5)
core   0: 3 0x80009634 (0x9c3f2823) mem 0x8000a000 0x00000001
core   0: 0x80009638 (0x0000bfe5) c.j     pc - 8
core   0: 3 0x80009638 (0xbfe5)
core   0: 0x80009630 (0x00001f17) auipc   t5, 0x1
core   0: 3 0x80009630 (0x00001f17) x30 0x8000a630
core   0: 0x80009634 (0x9c3f2823) sw      gp, -1584(t5)
core   0: 3 0x80009634 (0x9c3f2823) mem 0x8000a000 0x00000001
core   0: 0x80009638 (0x0000bfe5) c.j     pc - 8
core   0: 3 0x80009638 (0xbfe5)
core   0: 0x80009630 (0x00001f17) auipc   t5, 0x1
core   0: 3 0x80009630 (0x00001f17) x30 0x8000a630
core   0: 0x80009634 (0x9c3f2823) sw      gp, -1584(t5)
core   0: 3 0x80009634 (0x9c3f2823) mem 0x8000a000 0x00000001
core   0: 0x80009638 (0x0000bfe5) c.j     pc - 8
core   0: 3 0x80009638 (0xbfe5)
core   0: 0x80009630 (0x00001f17) auipc   t5, 0x1
core   0: 3 0x80009630 (0x00001f17) x30 0x8000a630
core   0: 0x80009634 (0x9c3f2823) sw      gp, -1584(t5)
core   0: 3 0x80009634 (0x9c3f2823) mem 0x8000a000 0x00000001
core   0: 0x80009638 (0x0000bfe5) c.j     pc - 8
core   0: 3 0x80009638 (0xbfe5)
core   0: 0x80009630 (0x00001f17) auipc   t5, 0x1
core   0: 3 0x80009630 (0x00001f17) x30 0x8000a630
core   0: 0x80009634 (0x9c3f2823) sw      gp, -1584(t5)
core   0: 3 0x80009634 (0x9c3f2823) mem 0x8000a000 0x00000001
core   0: 0x80009638 (0x0000bfe5) c.j     pc - 8
core   0: 3 0x80009638 (0xbfe5)
core   0: 0x80009630 (0x00001f17) auipc   t5, 0x1
core   0: 3 0x80009630 (0x00001f17) x30 0x8000a630
core   0: 0x80009634 (0x9c3f2823) sw      gp, -1584(t5)
core   0: 3 0x80009634 (0x9c3f2823) mem 0x8000a000 0x00000001
core   0: 0x80009638 (0x0000bfe5) c.j     pc - 8
core   0: 3 0x80009638 (0xbfe5)
core   0: 0x80009630 (0x00001f17) auipc   t5, 0x1
core   0: 3 0x80009630 (0x00001f17) x30 0x8000a630
core   0: 0x80009634 (0x9c3f2823) sw      gp, -1584(t5)
core   0: 3 0x80009634 (0x9c3f2823) mem 0x8000a000 0x00000001
core   0: 0x80009638 (0x0000bfe5) c.j     pc - 8
core   0: 3 0x80009638 (0xbfe5)
core   0: 0x80009630 (0x00001f17) auipc   t5, 0x1
core   0: 3 0x80009630 (0x00001f17) x30 0x8000a630
core   0: 0x80009634 (0x9c3f2823) sw      gp, -1584(t5)
core   0: 3 0x80009634 (0x9c3f2823) mem 0x8000a000 0x00000001
core   0: 0x80009638 (0x0000bfe5) c.j     pc - 8
core   0: 3 0x80009638 (0xbfe5)
core   0: 0x80009630 (0x00001f17) auipc   t5, 0x1
core   0: 3 0x80009630 (0x00001f17) x30 0x8000a630
core   0: 0x80009634 (0x9c3f2823) sw      gp, -1584(t5)
core   0: 3 0x80009634 (0x9c3f2823) mem 0x8000a000 0x00000001
core   0: 0x80009638 (0x0000bfe5) c.j     pc - 8
core   0: 3 0x80009638 (0xbfe5)
core   0: 0x80009630 (0x00001f17) auipc   t5, 0x1
core   0: 3 0x80009630 (0x00001f17) x30 0x8000a630
core   0: 0x80009634 (0x9c3f2823) sw      gp, -1584(t5)
core   0: 3 0x80009634 (0x9c3f2823) mem 0x8000a000 0x00000001
core   0: 0x80009638 (0x0000bfe5) c.j     pc - 8
core   0: 3 0x80009638 (0xbfe5)
core   0: 0x80009630 (0x00001f17) auipc   t5, 0x1
core   0: 3 0x80009630 (0x00001f17) x30 0x8000a630
core   0: 0x80009634 (0x9c3f2823) sw      gp, -1584(t5)
core   0: 3 0x80009634 (0x9c3f2823) mem 0x8000a000 0x00000001
core   0: 0x80009638 (0x0000bfe5) c.j     pc - 8
core   0: 3 0x80009638 (0xbfe5)
core   0: 0x80009630 (0x00001f17) auipc   t5, 0x1
core   0: 3 0x80009630 (0x00001f17) x30 0x8000a630
core   0: 0x80009634 (0x9c3f2823) sw      gp, -1584(t5)
core   0: 3 0x80009634 (0x9c3f2823) mem 0x8000a000 0x00000001
core   0: 0x80009638 (0x0000bfe5) c.j     pc - 8
core   0: 3 0x80009638 (0xbfe5)
core   0: 0x80009630 (0x00001f17) auipc   t5, 0x1
core   0: 3 0x80009630 (0x00001f17) x30 0x8000a630
core   0: 0x80009634 (0x9c3f2823) sw      gp, -1584(t5)
core   0: 3 0x80009634 (0x9c3f2823) mem 0x8000a000 0x00000001
core   0: 0x80009638 (0x0000bfe5) c.j     pc - 8
core   0: 3 0x80009638 (0xbfe5)
core   0: 0x80009630 (0x00001f17) auipc   t5, 0x1
core   0: 3 0x80009630 (0x00001f17) x30 0x8000a630
core   0: 0x80009634 (0x9c3f2823) sw      gp, -1584(t5)
core   0: 3 0x80009634 (0x9c3f2823) mem 0x8000a000 0x00000001
core   0: 0x80009638 (0x0000bfe5) c.j     pc - 8
core   0: 3 0x80009638 (0xbfe5)
core   0: 0x80009630 (0x00001f17) auipc   t5, 0x1
core   0: 3 0x80009630 (0x00001f17) x30 0x8000a630
core   0: 0x80009634 (0x9c3f2823) sw      gp, -1584(t5)
core   0: 3 0x80009634 (0x9c3f2823) mem 0x8000a000 0x00000001
core   0: 0x80009638 (0x0000bfe5) c.j     pc - 8
core   0: 3 0x80009638 (0xbfe5)
core   0: 0x80009630 (0x00001f17) auipc   t5, 0x1
core   0: 3 0x80009630 (0x00001f17) x30 0x8000a630
core   0: 0x80009634 (0x9c3f2823) sw      gp, -1584(t5)
core   0: 3 0x80009634 (0x9c3f2823) mem 0x8000a000 0x00000001
core   0: 0x80009638 (0x0000bfe5) c.j     pc - 8
core   0: 3 0x80009638 (0xbfe5)
core   0: 0x80009630 (0x00001f17) auipc   t5, 0x1
core   0: 3 0x80009630 (0x00001f17) x30 0x8000a630
core   0: 0x80009634 (0x9c3f2823) sw      gp, -1584(t5)
core   0: 3 0x80009634 (0x9c3f2823) mem 0x8000a000 0x00000001
core   0: 0x80009638 (0x0000bfe5) c.j     pc - 8
core   0: 3 0x80009638 (0xbfe5)
core   0: 0x80009630 (0x00001f17) auipc   t5, 0x1
core   0: 3 0x80009630 (0x00001f17) x30 0x8000a630
core   0: 0x80009634 (0x9c3f2823) sw      gp, -1584(t5)
core   0: 3 0x80009634 (0x9c3f2823) mem 0x8000a000 0x00000001
core   0: 0x80009638 (0x0000bfe5) c.j     pc - 8
core   0: 3 0x80009638 (0xbfe5)
core   0: 0x80009630 (0x00001f17) auipc   t5, 0x1
core   0: 3 0x80009630 (0x00001f17) x30 0x8000a630
core   0: 0x80009634 (0x9c3f2823) sw      gp, -1584(t5)
core   0: 3 0x80009634 (0x9c3f2823) mem 0x8000a000 0x00000001
core   0: 0x80009638 (0x0000bfe5) c.j     pc - 8
core   0: 3 0x80009638 (0xbfe5)
core   0: 0x80009630 (0x00001f17) auipc   t5, 0x1
core   0: 3 0x80009630 (0x00001f17) x30 0x8000a630
core   0: 0x80009634 (0x9c3f2823) sw      gp, -1584(t5)
core   0: 3 0x80009634 (0x9c3f2823) mem 0x8000a000 0x00000001
core   0: 0x80009638 (0x0000bfe5) c.j     pc - 8
core   0: 3 0x80009638 (0xbfe5)
core   0: 0x80009630 (0x00001f17) auipc   t5, 0x1
core   0: 3 0x80009630 (0x00001f17) x30 0x8000a630
core   0: 0x80009634 (0x9c3f2823) sw      gp, -1584(t5)
core   0: 3 0x80009634 (0x9c3f2823) mem 0x8000a000 0x00000001
core   0: 0x80009638 (0x0000bfe5) c.j     pc - 8
core   0: 3 0x80009638 (0xbfe5)
core   0: 0x80009630 (0x00001f17) auipc   t5, 0x1
core   0: 3 0x80009630 (0x00001f17) x30 0x8000a630
core   0: 0x80009634 (0x9c3f2823) sw      gp, -1584(t5)
core   0: 3 0x80009634 (0x9c3f2823) mem 0x8000a000 0x00000001
core   0: 0x80009638 (0x0000bfe5) c.j     pc - 8
core   0: 3 0x80009638 (0xbfe5)
core   0: 0x80009630 (0x00001f17) auipc   t5, 0x1
core   0: 3 0x80009630 (0x00001f17) x30 0x8000a630
core   0: 0x80009634 (0x9c3f2823) sw      gp, -1584(t5)
core   0: 3 0x80009634 (0x9c3f2823) mem 0x8000a000 0x00000001
core   0: 0x80009638 (0x0000bfe5) c.j     pc - 8
core   0: 3 0x80009638 (0xbfe5)
core   0: 0x80009630 (0x00001f17) auipc   t5, 0x1
core   0: 3 0x80009630 (0x00001f17) x30 0x8000a630
core   0: 0x80009634 (0x9c3f2823) sw      gp, -1584(t5)
core   0: 3 0x80009634 (0x9c3f2823) mem 0x8000a000 0x00000001
core   0: 0x80009638 (0x0000bfe5) c.j     pc - 8
core   0: 3 0x80009638 (0xbfe5)
core   0: 0x80009630 (0x00001f17) auipc   t5, 0x1
core   0: 3 0x80009630 (0x00001f17) x30 0x8000a630
core   0: 0x80009634 (0x9c3f2823) sw      gp, -1584(t5)
core   0: 3 0x80009634 (0x9c3f2823) mem 0x8000a000 0x00000001
core   0: 0x80009638 (0x0000bfe5) c.j     pc - 8
core   0: 3 0x80009638 (0xbfe5)
core   0: 0x80009630 (0x00001f17) auipc   t5, 0x1
core   0: 3 0x80009630 (0x00001f17) x30 0x8000a630
core   0: 0x80009634 (0x9c3f2823) sw      gp, -1584(t5)
core   0: 3 0x80009634 (0x9c3f2823) mem 0x8000a000 0x00000001
core   0: 0x80009638 (0x0000bfe5) c.j     pc - 8
core   0: 3 0x80009638 (0xbfe5)
core   0: 0x80009630 (0x00001f17) auipc   t5, 0x1
core   0: 3 0x80009630 (0x00001f17) x30 0x8000a630
core   0: 0x80009634 (0x9c3f2823) sw      gp, -1584(t5)
core   0: 3 0x80009634 (0x9c3f2823) mem 0x8000a000 0x00000001
core   0: 0x80009638 (0x0000bfe5) c.j     pc - 8
core   0: 3 0x80009638 (0xbfe5)
core   0: 0x80009630 (0x00001f17) auipc   t5, 0x1
core   0: 3 0x80009630 (0x00001f17) x30 0x8000a630
core   0: 0x80009634 (0x9c3f2823) sw      gp, -1584(t5)
core   0: 3 0x80009634 (0x9c3f2823) mem 0x8000a000 0x00000001
core   0: 0x80009638 (0x0000bfe5) c.j     pc - 8
core   0: 3 0x80009638 (0xbfe5)
core   0: 0x80009630 (0x00001f17) auipc   t5, 0x1
core   0: 3 0x80009630 (0x00001f17) x30 0x8000a630
core   0: 0x80009634 (0x9c3f2823) sw      gp, -1584(t5)
core   0: 3 0x80009634 (0x9c3f2823) mem 0x8000a000 0x00000001
core   0: 0x80009638 (0x0000bfe5) c.j     pc - 8
core   0: 3 0x80009638 (0xbfe5)
core   0: 0x80009630 (0x00001f17) auipc   t5, 0x1
core   0: 3 0x80009630 (0x00001f17) x30 0x8000a630
core   0: 0x80009634 (0x9c3f2823) sw      gp, -1584(t5)
core   0: 3 0x80009634 (0x9c3f2823) mem 0x8000a000 0x00000001
core   0: 0x80009638 (0x0000bfe5) c.j     pc - 8
core   0: 3 0x80009638 (0xbfe5)
core   0: 0x80009630 (0x00001f17) auipc   t5, 0x1
core   0: 3 0x80009630 (0x00001f17) x30 0x8000a630
core   0: 0x80009634 (0x9c3f2823) sw      gp, -1584(t5)
core   0: 3 0x80009634 (0x9c3f2823) mem 0x8000a000 0x00000001
core   0: 0x80009638 (0x0000bfe5) c.j     pc - 8
core   0: 3 0x80009638 (0xbfe5)
core   0: 0x80009630 (0x00001f17) auipc   t5, 0x1
core   0: 3 0x80009630 (0x00001f17) x30 0x8000a630
core   0: 0x80009634 (0x9c3f2823) sw      gp, -1584(t5)
core   0: 3 0x80009634 (0x9c3f2823) mem 0x8000a000 0x00000001
core   0: 0x80009638 (0x0000bfe5) c.j     pc - 8
core   0: 3 0x80009638 (0xbfe5)
core   0: 0x80009630 (0x00001f17) auipc   t5, 0x1
core   0: 3 0x80009630 (0x00001f17) x30 0x8000a630
core   0: 0x80009634 (0x9c3f2823) sw      gp, -1584(t5)
core   0: 3 0x80009634 (0x9c3f2823) mem 0x8000a000 0x00000001
core   0: 0x80009638 (0x0000bfe5) c.j     pc - 8
core   0: 3 0x80009638 (0xbfe5)
core   0: 0x80009630 (0x00001f17) auipc   t5, 0x1
core   0: 3 0x80009630 (0x00001f17) x30 0x8000a630
core   0: 0x80009634 (0x9c3f2823) sw      gp, -1584(t5)
core   0: 3 0x80009634 (0x9c3f2823) mem 0x8000a000 0x00000001
core   0: 0x80009638 (0x0000bfe5) c.j     pc - 8
core   0: 3 0x80009638 (0xbfe5)
core   0: 0x80009630 (0x00001f17) auipc   t5, 0x1
core   0: 3 0x80009630 (0x00001f17) x30 0x8000a630
core   0: 0x80009634 (0x9c3f2823) sw      gp, -1584(t5)
core   0: 3 0x80009634 (0x9c3f2823) mem 0x8000a000 0x00000001
core   0: 0x80009638 (0x0000bfe5) c.j     pc - 8
core   0: 3 0x80009638 (0xbfe5)
core   0: 0x80009630 (0x00001f17) auipc   t5, 0x1
core   0: 3 0x80009630 (0x00001f17) x30 0x8000a630
core   0: 0x80009634 (0x9c3f2823) sw      gp, -1584(t5)
core   0: 3 0x80009634 (0x9c3f2823) mem 0x8000a000 0x00000001
core   0: 0x80009638 (0x0000bfe5) c.j     pc - 8
core   0: 3 0x80009638 (0xbfe5)
core   0: 0x80009630 (0x00001f17) auipc   t5, 0x1
core   0: 3 0x80009630 (0x00001f17) x30 0x8000a630
core   0: 0x80009634 (0x9c3f2823) sw      gp, -1584(t5)
core   0: 3 0x80009634 (0x9c3f2823) mem 0x8000a000 0x00000001
core   0: 0x80009638 (0x0000bfe5) c.j     pc - 8
core   0: 3 0x80009638 (0xbfe5)
core   0: 0x80009630 (0x00001f17) auipc   t5, 0x1
core   0: 3 0x80009630 (0x00001f17) x30 0x8000a630
core   0: 0x80009634 (0x9c3f2823) sw      gp, -1584(t5)
core   0: 3 0x80009634 (0x9c3f2823) mem 0x8000a000 0x00000001
core   0: 0x80009638 (0x0000bfe5) c.j     pc - 8
core   0: 3 0x80009638 (0xbfe5)
core   0: 0x80009630 (0x00001f17) auipc   t5, 0x1
core   0: 3 0x80009630 (0x00001f17) x30 0x8000a630
core   0: 0x80009634 (0x9c3f2823) sw      gp, -1584(t5)
core   0: 3 0x80009634 (0x9c3f2823) mem 0x8000a000 0x00000001
core   0: 0x80009638 (0x0000bfe5) c.j     pc - 8
core   0: 3 0x80009638 (0xbfe5)
core   0: 0x80009630 (0x00001f17) auipc   t5, 0x1
core   0: 3 0x80009630 (0x00001f17) x30 0x8000a630
core   0: 0x80009634 (0x9c3f2823) sw      gp, -1584(t5)
core   0: 3 0x80009634 (0x9c3f2823) mem 0x8000a000 0x00000001
core   0: 0x80009638 (0x0000bfe5) c.j     pc - 8
core   0: 3 0x80009638 (0xbfe5)
core   0: 0x80009630 (0x00001f17) auipc   t5, 0x1
core   0: 3 0x80009630 (0x00001f17) x30 0x8000a630
core   0: 0x80009634 (0x9c3f2823) sw      gp, -1584(t5)
core   0: 3 0x80009634 (0x9c3f2823) mem 0x8000a000 0x00000001
core   0: 0x80009638 (0x0000bfe5) c.j     pc - 8
core   0: 3 0x80009638 (0xbfe5)
core   0: 0x80009630 (0x00001f17) auipc   t5, 0x1
core   0: 3 0x80009630 (0x00001f17) x30 0x8000a630
core   0: 0x80009634 (0x9c3f2823) sw      gp, -1584(t5)
core   0: 3 0x80009634 (0x9c3f2823) mem 0x8000a000 0x00000001
core   0: 0x80009638 (0x0000bfe5) c.j     pc - 8
core   0: 3 0x80009638 (0xbfe5)
core   0: 0x80009630 (0x00001f17) auipc   t5, 0x1
core   0: 3 0x80009630 (0x00001f17) x30 0x8000a630
core   0: 0x80009634 (0x9c3f2823) sw      gp, -1584(t5)
core   0: 3 0x80009634 (0x9c3f2823) mem 0x8000a000 0x00000001
core   0: 0x80009638 (0x0000bfe5) c.j     pc - 8
core   0: 3 0x80009638 (0xbfe5)
core   0: 0x80009630 (0x00001f17) auipc   t5, 0x1
core   0: 3 0x80009630 (0x00001f17) x30 0x8000a630
core   0: 0x80009634 (0x9c3f2823) sw      gp, -1584(t5)
core   0: 3 0x80009634 (0x9c3f2823) mem 0x8000a000 0x00000001
core   0: 0x80009638 (0x0000bfe5) c.j     pc - 8
core   0: 3 0x80009638 (0xbfe5)
core   0: 0x80009630 (0x00001f17) auipc   t5, 0x1
core   0: 3 0x80009630 (0x00001f17) x30 0x8000a630
core   0: 0x80009634 (0x9c3f2823) sw      gp, -1584(t5)
core   0: 3 0x80009634 (0x9c3f2823) mem 0x8000a000 0x00000001
core   0: 0x80009638 (0x0000bfe5) c.j     pc - 8
core   0: 3 0x80009638 (0xbfe5)
core   0: 0x80009630 (0x00001f17) auipc   t5, 0x1
core   0: 3 0x80009630 (0x00001f17) x30 0x8000a630
core   0: 0x80009634 (0x9c3f2823) sw      gp, -1584(t5)
core   0: 3 0x80009634 (0x9c3f2823) mem 0x8000a000 0x00000001
core   0: 0x80009638 (0x0000bfe5) c.j     pc - 8
core   0: 3 0x80009638 (0xbfe5)
core   0: 0x80009630 (0x00001f17) auipc   t5, 0x1
core   0: 3 0x80009630 (0x00001f17) x30 0x8000a630
core   0: 0x80009634 (0x9c3f2823) sw      gp, -1584(t5)
core   0: 3 0x80009634 (0x9c3f2823) mem 0x8000a000 0x00000001
core   0: 0x80009638 (0x0000bfe5) c.j     pc - 8
core   0: 3 0x80009638 (0xbfe5)
core   0: 0x80009630 (0x00001f17) auipc   t5, 0x1
core   0: 3 0x80009630 (0x00001f17) x30 0x8000a630
core   0: 0x80009634 (0x9c3f2823) sw      gp, -1584(t5)
core   0: 3 0x80009634 (0x9c3f2823) mem 0x8000a000 0x00000001
core   0: 0x80009638 (0x0000bfe5) c.j     pc - 8
core   0: 3 0x80009638 (0xbfe5)
core   0: 0x80009630 (0x00001f17) auipc   t5, 0x1
core   0: 3 0x80009630 (0x00001f17) x30 0x8000a630
core   0: 0x80009634 (0x9c3f2823) sw      gp, -1584(t5)
core   0: 3 0x80009634 (0x9c3f2823) mem 0x8000a000 0x00000001
core   0: 0x80009638 (0x0000bfe5) c.j     pc - 8
core   0: 3 0x80009638 (0xbfe5)
core   0: 0x80009630 (0x00001f17) auipc   t5, 0x1
core   0: 3 0x80009630 (0x00001f17) x30 0x8000a630
core   0: 0x80009634 (0x9c3f2823) sw      gp, -1584(t5)
core   0: 3 0x80009634 (0x9c3f2823) mem 0x8000a000 0x00000001
core   0: 0x80009638 (0x0000bfe5) c.j     pc - 8
core   0: 3 0x80009638 (0xbfe5)
core   0: 0x80009630 (0x00001f17) auipc   t5, 0x1
core   0: 3 0x80009630 (0x00001f17) x30 0x8000a630
core   0: 0x80009634 (0x9c3f2823) sw      gp, -1584(t5)
core   0: 3 0x80009634 (0x9c3f2823) mem 0x8000a000 0x00000001
core   0: 0x80009638 (0x0000bfe5) c.j     pc - 8
core   0: 3 0x80009638 (0xbfe5)
core   0: 0x80009630 (0x00001f17) auipc   t5, 0x1
core   0: 3 0x80009630 (0x00001f17) x30 0x8000a630
core   0: 0x80009634 (0x9c3f2823) sw      gp, -1584(t5)
core   0: 3 0x80009634 (0x9c3f2823) mem 0x8000a000 0x00000001
core   0: 0x80009638 (0x0000bfe5) c.j     pc - 8
core   0: 3 0x80009638 (0xbfe5)
core   0: 0x80009630 (0x00001f17) auipc   t5, 0x1
core   0: 3 0x80009630 (0x00001f17) x30 0x8000a630
core   0: 0x80009634 (0x9c3f2823) sw      gp, -1584(t5)
core   0: 3 0x80009634 (0x9c3f2823) mem 0x8000a000 0x00000001
core   0: 0x80009638 (0x0000bfe5) c.j     pc - 8
core   0: 3 0x80009638 (0xbfe5)
core   0: 0x80009630 (0x00001f17) auipc   t5, 0x1
core   0: 3 0x80009630 (0x00001f17) x30 0x8000a630
core   0: 0x80009634 (0x9c3f2823) sw      gp, -1584(t5)
core   0: 3 0x80009634 (0x9c3f2823) mem 0x8000a000 0x00000001
core   0: 0x80009638 (0x0000bfe5) c.j     pc - 8
core   0: 3 0x80009638 (0xbfe5)
core   0: 0x80009630 (0x00001f17) auipc   t5, 0x1
core   0: 3 0x80009630 (0x00001f17) x30 0x8000a630
core   0: 0x80009634 (0x9c3f2823) sw      gp, -1584(t5)
core   0: 3 0x80009634 (0x9c3f2823) mem 0x8000a000 0x00000001
core   0: 0x80009638 (0x0000bfe5) c.j     pc - 8
core   0: 3 0x80009638 (0xbfe5)
core   0: 0x80009630 (0x00001f17) auipc   t5, 0x1
core   0: 3 0x80009630 (0x00001f17) x30 0x8000a630
core   0: 0x80009634 (0x9c3f2823) sw      gp, -1584(t5)
core   0: 3 0x80009634 (0x9c3f2823) mem 0x8000a000 0x00000001
core   0: 0x80009638 (0x0000bfe5) c.j     pc - 8
core   0: 3 0x80009638 (0xbfe5)
core   0: 0x80009630 (0x00001f17) auipc   t5, 0x1
core   0: 3 0x80009630 (0x00001f17) x30 0x8000a630
core   0: 0x80009634 (0x9c3f2823) sw      gp, -1584(t5)
core   0: 3 0x80009634 (0x9c3f2823) mem 0x8000a000 0x00000001
core   0: 0x80009638 (0x0000bfe5) c.j     pc - 8
core   0: 3 0x80009638 (0xbfe5)
core   0: 0x80009630 (0x00001f17) auipc   t5, 0x1
core   0: 3 0x80009630 (0x00001f17) x30 0x8000a630
core   0: 0x80009634 (0x9c3f2823) sw      gp, -1584(t5)
core   0: 3 0x80009634 (0x9c3f2823) mem 0x8000a000 0x00000001
core   0: 0x80009638 (0x0000bfe5) c.j     pc - 8
core   0: 3 0x80009638 (0xbfe5)
core   0: 0x80009630 (0x00001f17) auipc   t5, 0x1
core   0: 3 0x80009630 (0x00001f17) x30 0x8000a630
core   0: 0x80009634 (0x9c3f2823) sw      gp, -1584(t5)
core   0: 3 0x80009634 (0x9c3f2823) mem 0x8000a000 0x00000001
core   0: 0x80009638 (0x0000bfe5) c.j     pc - 8
core   0: 3 0x80009638 (0xbfe5)
core   0: 0x80009630 (0x00001f17) auipc   t5, 0x1
core   0: 3 0x80009630 (0x00001f17) x30 0x8000a630
core   0: 0x80009634 (0x9c3f2823) sw      gp, -1584(t5)
core   0: 3 0x80009634 (0x9c3f2823) mem 0x8000a000 0x00000001
core   0: 0x80009638 (0x0000bfe5) c.j     pc - 8
core   0: 3 0x80009638 (0xbfe5)
core   0: 0x80009630 (0x00001f17) auipc   t5, 0x1
core   0: 3 0x80009630 (0x00001f17) x30 0x8000a630
core   0: 0x80009634 (0x9c3f2823) sw      gp, -1584(t5)
core   0: 3 0x80009634 (0x9c3f2823) mem 0x8000a000 0x00000001
core   0: 0x80009638 (0x0000bfe5) c.j     pc - 8
core   0: 3 0x80009638 (0xbfe5)
core   0: 0x80009630 (0x00001f17) auipc   t5, 0x1
core   0: 3 0x80009630 (0x00001f17) x30 0x8000a630
core   0: 0x80009634 (0x9c3f2823) sw      gp, -1584(t5)
core   0: 3 0x80009634 (0x9c3f2823) mem 0x8000a000 0x00000001
core   0: 0x80009638 (0x0000bfe5) c.j     pc - 8
core   0: 3 0x80009638 (0xbfe5)
core   0: 0x80009630 (0x00001f17) auipc   t5, 0x1
core   0: 3 0x80009630 (0x00001f17) x30 0x8000a630
core   0: 0x80009634 (0x9c3f2823) sw      gp, -1584(t5)
core   0: 3 0x80009634 (0x9c3f2823) mem 0x8000a000 0x00000001
core   0: 0x80009638 (0x0000bfe5) c.j     pc - 8
core   0: 3 0x80009638 (0xbfe5)
core   0: 0x80009630 (0x00001f17) auipc   t5, 0x1
core   0: 3 0x80009630 (0x00001f17) x30 0x8000a630
core   0: 0x80009634 (0x9c3f2823) sw      gp, -1584(t5)
core   0: 3 0x80009634 (0x9c3f2823) mem 0x8000a000 0x00000001
core   0: 0x80009638 (0x0000bfe5) c.j     pc - 8
core   0: 3 0x80009638 (0xbfe5)
core   0: 0x80009630 (0x00001f17) auipc   t5, 0x1
core   0: 3 0x80009630 (0x00001f17) x30 0x8000a630
core   0: 0x80009634 (0x9c3f2823) sw      gp, -1584(t5)
core   0: 3 0x80009634 (0x9c3f2823) mem 0x8000a000 0x00000001
core   0: 0x80009638 (0x0000bfe5) c.j     pc - 8
core   0: 3 0x80009638 (0xbfe5)
core   0: 0x80009630 (0x00001f17) auipc   t5, 0x1
core   0: 3 0x80009630 (0x00001f17) x30 0x8000a630
core   0: 0x80009634 (0x9c3f2823) sw      gp, -1584(t5)
core   0: 3 0x80009634 (0x9c3f2823) mem 0x8000a000 0x00000001
core   0: 0x80009638 (0x0000bfe5) c.j     pc - 8
core   0: 3 0x80009638 (0xbfe5)
core   0: 0x80009630 (0x00001f17) auipc   t5, 0x1
core   0: 3 0x80009630 (0x00001f17) x30 0x8000a630
core   0: 0x80009634 (0x9c3f2823) sw      gp, -1584(t5)
core   0: 3 0x80009634 (0x9c3f2823) mem 0x8000a000 0x00000001
core   0: 0x80009638 (0x0000bfe5) c.j     pc - 8
core   0: 3 0x80009638 (0xbfe5)
core   0: 0x80009630 (0x00001f17) auipc   t5, 0x1
core   0: 3 0x80009630 (0x00001f17) x30 0x8000a630
core   0: 0x80009634 (0x9c3f2823) sw      gp, -1584(t5)
core   0: 3 0x80009634 (0x9c3f2823) mem 0x8000a000 0x00000001
core   0: 0x80009638 (0x0000bfe5) c.j     pc - 8
core   0: 3 0x80009638 (0xbfe5)
core   0: 0x80009630 (0x00001f17) auipc   t5, 0x1
core   0: 3 0x80009630 (0x00001f17) x30 0x8000a630
core   0: 0x80009634 (0x9c3f2823) sw      gp, -1584(t5)
core   0: 3 0x80009634 (0x9c3f2823) mem 0x8000a000 0x00000001
core   0: 0x80009638 (0x0000bfe5) c.j     pc - 8
core   0: 3 0x80009638 (0xbfe5)
core   0: 0x80009630 (0x00001f17) auipc   t5, 0x1
core   0: 3 0x80009630 (0x00001f17) x30 0x8000a630
core   0: 0x80009634 (0x9c3f2823) sw      gp, -1584(t5)
core   0: 3 0x80009634 (0x9c3f2823) mem 0x8000a000 0x00000001
core   0: 0x80009638 (0x0000bfe5) c.j     pc - 8
core   0: 3 0x80009638 (0xbfe5)
core   0: 0x80009630 (0x00001f17) auipc   t5, 0x1
core   0: 3 0x80009630 (0x00001f17) x30 0x8000a630
core   0: 0x80009634 (0x9c3f2823) sw      gp, -1584(t5)
core   0: 3 0x80009634 (0x9c3f2823) mem 0x8000a000 0x00000001
core   0: 0x80009638 (0x0000bfe5) c.j     pc - 8
core   0: 3 0x80009638 (0xbfe5)
core   0: 0x80009630 (0x00001f17) auipc   t5, 0x1
core   0: 3 0x80009630 (0x00001f17) x30 0x8000a630
core   0: 0x80009634 (0x9c3f2823) sw      gp, -1584(t5)
core   0: 3 0x80009634 (0x9c3f2823) mem 0x8000a000 0x00000001
core   0: 0x80009638 (0x0000bfe5) c.j     pc - 8
core   0: 3 0x80009638 (0xbfe5)
core   0: 0x80009630 (0x00001f17) auipc   t5, 0x1
core   0: 3 0x80009630 (0x00001f17) x30 0x8000a630
core   0: 0x80009634 (0x9c3f2823) sw      gp, -1584(t5)
core   0: 3 0x80009634 (0x9c3f2823) mem 0x8000a000 0x00000001
core   0: 0x80009638 (0x0000bfe5) c.j     pc - 8
core   0: 3 0x80009638 (0xbfe5)
core   0: 0x80009630 (0x00001f17) auipc   t5, 0x1
core   0: 3 0x80009630 (0x00001f17) x30 0x8000a630
core   0: 0x80009634 (0x9c3f2823) sw      gp, -1584(t5)
core   0: 3 0x80009634 (0x9c3f2823) mem 0x8000a000 0x00000001
core   0: 0x80009638 (0x0000bfe5) c.j     pc - 8
core   0: 3 0x80009638 (0xbfe5)
core   0: 0x80009630 (0x00001f17) auipc   t5, 0x1
core   0: 3 0x80009630 (0x00001f17) x30 0x8000a630
core   0: 0x80009634 (0x9c3f2823) sw      gp, -1584(t5)
core   0: 3 0x80009634 (0x9c3f2823) mem 0x8000a000 0x00000001
core   0: 0x80009638 (0x0000bfe5) c.j     pc - 8
core   0: 3 0x80009638 (0xbfe5)
core   0: 0x80009630 (0x00001f17) auipc   t5, 0x1
core   0: 3 0x80009630 (0x00001f17) x30 0x8000a630
core   0: 0x80009634 (0x9c3f2823) sw      gp, -1584(t5)
core   0: 3 0x80009634 (0x9c3f2823) mem 0x8000a000 0x00000001
core   0: 0x80009638 (0x0000bfe5) c.j     pc - 8
core   0: 3 0x80009638 (0xbfe5)
core   0: 0x80009630 (0x00001f17) auipc   t5, 0x1
core   0: 3 0x80009630 (0x00001f17) x30 0x8000a630
core   0: 0x80009634 (0x9c3f2823) sw      gp, -1584(t5)
core   0: 3 0x80009634 (0x9c3f2823) mem 0x8000a000 0x00000001
core   0: 0x80009638 (0x0000bfe5) c.j     pc - 8
core   0: 3 0x80009638 (0xbfe5)
core   0: 0x80009630 (0x00001f17) auipc   t5, 0x1
core   0: 3 0x80009630 (0x00001f17) x30 0x8000a630
core   0: 0x80009634 (0x9c3f2823) sw      gp, -1584(t5)
core   0: 3 0x80009634 (0x9c3f2823) mem 0x8000a000 0x00000001
core   0: 0x80009638 (0x0000bfe5) c.j     pc - 8
core   0: 3 0x80009638 (0xbfe5)
core   0: 0x80009630 (0x00001f17) auipc   t5, 0x1
core   0: 3 0x80009630 (0x00001f17) x30 0x8000a630
core   0: 0x80009634 (0x9c3f2823) sw      gp, -1584(t5)
core   0: 3 0x80009634 (0x9c3f2823) mem 0x8000a000 0x00000001
core   0: 0x80009638 (0x0000bfe5) c.j     pc - 8
core   0: 3 0x80009638 (0xbfe5)
core   0: 0x80009630 (0x00001f17) auipc   t5, 0x1
core   0: 3 0x80009630 (0x00001f17) x30 0x8000a630
core   0: 0x80009634 (0x9c3f2823) sw      gp, -1584(t5)
core   0: 3 0x80009634 (0x9c3f2823) mem 0x8000a000 0x00000001
core   0: 0x80009638 (0x0000bfe5) c.j     pc - 8
core   0: 3 0x80009638 (0xbfe5)
core   0: 0x80009630 (0x00001f17) auipc   t5, 0x1
core   0: 3 0x80009630 (0x00001f17) x30 0x8000a630
core   0: 0x80009634 (0x9c3f2823) sw      gp, -1584(t5)
core   0: 3 0x80009634 (0x9c3f2823) mem 0x8000a000 0x00000001
core   0: 0x80009638 (0x0000bfe5) c.j     pc - 8
core   0: 3 0x80009638 (0xbfe5)
core   0: 0x80009630 (0x00001f17) auipc   t5, 0x1
core   0: 3 0x80009630 (0x00001f17) x30 0x8000a630
core   0: 0x80009634 (0x9c3f2823) sw      gp, -1584(t5)
core   0: 3 0x80009634 (0x9c3f2823) mem 0x8000a000 0x00000001
core   0: 0x80009638 (0x0000bfe5) c.j     pc - 8
core   0: 3 0x80009638 (0xbfe5)
core   0: 0x80009630 (0x00001f17) auipc   t5, 0x1
core   0: 3 0x80009630 (0x00001f17) x30 0x8000a630
core   0: 0x80009634 (0x9c3f2823) sw      gp, -1584(t5)
core   0: 3 0x80009634 (0x9c3f2823) mem 0x8000a000 0x00000001
core   0: 0x80009638 (0x0000bfe5) c.j     pc - 8
core   0: 3 0x80009638 (0xbfe5)
core   0: 0x80009630 (0x00001f17) auipc   t5, 0x1
core   0: 3 0x80009630 (0x00001f17) x30 0x8000a630
core   0: 0x80009634 (0x9c3f2823) sw      gp, -1584(t5)
core   0: 3 0x80009634 (0x9c3f2823) mem 0x8000a000 0x00000001
core   0: 0x80009638 (0x0000bfe5) c.j     pc - 8
core   0: 3 0x80009638 (0xbfe5)
core   0: 0x80009630 (0x00001f17) auipc   t5, 0x1
core   0: 3 0x80009630 (0x00001f17) x30 0x8000a630
core   0: 0x80009634 (0x9c3f2823) sw      gp, -1584(t5)
core   0: 3 0x80009634 (0x9c3f2823) mem 0x8000a000 0x00000001
core   0: 0x80009638 (0x0000bfe5) c.j     pc - 8
core   0: 3 0x80009638 (0xbfe5)
core   0: 0x80009630 (0x00001f17) auipc   t5, 0x1
core   0: 3 0x80009630 (0x00001f17) x30 0x8000a630
core   0: 0x80009634 (0x9c3f2823) sw      gp, -1584(t5)
core   0: 3 0x80009634 (0x9c3f2823) mem 0x8000a000 0x00000001
core   0: 0x80009638 (0x0000bfe5) c.j     pc - 8
core   0: 3 0x80009638 (0xbfe5)
core   0: 0x80009630 (0x00001f17) auipc   t5, 0x1
core   0: 3 0x80009630 (0x00001f17) x30 0x8000a630
core   0: 0x80009634 (0x9c3f2823) sw      gp, -1584(t5)
core   0: 3 0x80009634 (0x9c3f2823) mem 0x8000a000 0x00000001
core   0: 0x80009638 (0x0000bfe5) c.j     pc - 8
core   0: 3 0x80009638 (0xbfe5)
core   0: 0x80009630 (0x00001f17) auipc   t5, 0x1
core   0: 3 0x80009630 (0x00001f17) x30 0x8000a630
core   0: 0x80009634 (0x9c3f2823) sw      gp, -1584(t5)
core   0: 3 0x80009634 (0x9c3f2823) mem 0x8000a000 0x00000001
core   0: 0x80009638 (0x0000bfe5) c.j     pc - 8
core   0: 3 0x80009638 (0xbfe5)
core   0: 0x80009630 (0x00001f17) auipc   t5, 0x1
core   0: 3 0x80009630 (0x00001f17) x30 0x8000a630
core   0: 0x80009634 (0x9c3f2823) sw      gp, -1584(t5)
core   0: 3 0x80009634 (0x9c3f2823) mem 0x8000a000 0x00000001
core   0: 0x80009638 (0x0000bfe5) c.j     pc - 8
core   0: 3 0x80009638 (0xbfe5)
core   0: 0x80009630 (0x00001f17) auipc   t5, 0x1
core   0: 3 0x80009630 (0x00001f17) x30 0x8000a630
core   0: 0x80009634 (0x9c3f2823) sw      gp, -1584(t5)
core   0: 3 0x80009634 (0x9c3f2823) mem 0x8000a000 0x00000001
core   0: 0x80009638 (0x0000bfe5) c.j     pc - 8
core   0: 3 0x80009638 (0xbfe5)
core   0: 0x80009630 (0x00001f17) auipc   t5, 0x1
core   0: 3 0x80009630 (0x00001f17) x30 0x8000a630
core   0: 0x80009634 (0x9c3f2823) sw      gp, -1584(t5)
core   0: 3 0x80009634 (0x9c3f2823) mem 0x8000a000 0x00000001
core   0: 0x80009638 (0x0000bfe5) c.j     pc - 8
core   0: 3 0x80009638 (0xbfe5)
core   0: 0x80009630 (0x00001f17) auipc   t5, 0x1
core   0: 3 0x80009630 (0x00001f17) x30 0x8000a630
core   0: 0x80009634 (0x9c3f2823) sw      gp, -1584(t5)
core   0: 3 0x80009634 (0x9c3f2823) mem 0x8000a000 0x00000001
core   0: 0x80009638 (0x0000bfe5) c.j     pc - 8
core   0: 3 0x80009638 (0xbfe5)
core   0: 0x80009630 (0x00001f17) auipc   t5, 0x1
core   0: 3 0x80009630 (0x00001f17) x30 0x8000a630
core   0: 0x80009634 (0x9c3f2823) sw      gp, -1584(t5)
core   0: 3 0x80009634 (0x9c3f2823) mem 0x8000a000 0x00000001
core   0: 0x80009638 (0x0000bfe5) c.j     pc - 8
core   0: 3 0x80009638 (0xbfe5)
core   0: 0x80009630 (0x00001f17) auipc   t5, 0x1
core   0: 3 0x80009630 (0x00001f17) x30 0x8000a630
core   0: 0x80009634 (0x9c3f2823) sw      gp, -1584(t5)
core   0: 3 0x80009634 (0x9c3f2823) mem 0x8000a000 0x00000001
core   0: 0x80009638 (0x0000bfe5) c.j     pc - 8
core   0: 3 0x80009638 (0xbfe5)
core   0: 0x80009630 (0x00001f17) auipc   t5, 0x1
core   0: 3 0x80009630 (0x00001f17) x30 0x8000a630
core   0: 0x80009634 (0x9c3f2823) sw      gp, -1584(t5)
core   0: 3 0x80009634 (0x9c3f2823) mem 0x8000a000 0x00000001
core   0: 0x80009638 (0x0000bfe5) c.j     pc - 8
core   0: 3 0x80009638 (0xbfe5)
core   0: 0x80009630 (0x00001f17) auipc   t5, 0x1
core   0: 3 0x80009630 (0x00001f17) x30 0x8000a630
core   0: 0x80009634 (0x9c3f2823) sw      gp, -1584(t5)
core   0: 3 0x80009634 (0x9c3f2823) mem 0x8000a000 0x00000001
core   0: 0x80009638 (0x0000bfe5) c.j     pc - 8
core   0: 3 0x80009638 (0xbfe5)
core   0: 0x80009630 (0x00001f17) auipc   t5, 0x1
core   0: 3 0x80009630 (0x00001f17) x30 0x8000a630
core   0: 0x80009634 (0x9c3f2823) sw      gp, -1584(t5)
core   0: 3 0x80009634 (0x9c3f2823) mem 0x8000a000 0x00000001
core   0: 0x80009638 (0x0000bfe5) c.j     pc - 8
core   0: 3 0x80009638 (0xbfe5)
core   0: 0x80009630 (0x00001f17) auipc   t5, 0x1
core   0: 3 0x80009630 (0x00001f17) x30 0x8000a630
core   0: 0x80009634 (0x9c3f2823) sw      gp, -1584(t5)
core   0: 3 0x80009634 (0x9c3f2823) mem 0x8000a000 0x00000001
core   0: 0x80009638 (0x0000bfe5) c.j     pc - 8
core   0: 3 0x80009638 (0xbfe5)
core   0: 0x80009630 (0x00001f17) auipc   t5, 0x1
core   0: 3 0x80009630 (0x00001f17) x30 0x8000a630
core   0: 0x80009634 (0x9c3f2823) sw      gp, -1584(t5)
core   0: 3 0x80009634 (0x9c3f2823) mem 0x8000a000 0x00000001
core   0: 0x80009638 (0x0000bfe5) c.j     pc - 8
core   0: 3 0x80009638 (0xbfe5)
core   0: 0x80009630 (0x00001f17) auipc   t5, 0x1
core   0: 3 0x80009630 (0x00001f17) x30 0x8000a630
core   0: 0x80009634 (0x9c3f2823) sw      gp, -1584(t5)
core   0: 3 0x80009634 (0x9c3f2823) mem 0x8000a000 0x00000001
core   0: 0x80009638 (0x0000bfe5) c.j     pc - 8
core   0: 3 0x80009638 (0xbfe5)
core   0: 0x80009630 (0x00001f17) auipc   t5, 0x1
core   0: 3 0x80009630 (0x00001f17) x30 0x8000a630
core   0: 0x80009634 (0x9c3f2823) sw      gp, -1584(t5)
core   0: 3 0x80009634 (0x9c3f2823) mem 0x8000a000 0x00000001
core   0: 0x80009638 (0x0000bfe5) c.j     pc - 8
core   0: 3 0x80009638 (0xbfe5)
core   0: 0x80009630 (0x00001f17) auipc   t5, 0x1
core   0: 3 0x80009630 (0x00001f17) x30 0x8000a630
core   0: 0x80009634 (0x9c3f2823) sw      gp, -1584(t5)
core   0: 3 0x80009634 (0x9c3f2823) mem 0x8000a000 0x00000001
core   0: 0x80009638 (0x0000bfe5) c.j     pc - 8
core   0: 3 0x80009638 (0xbfe5)
core   0: 0x80009630 (0x00001f17) auipc   t5, 0x1
core   0: 3 0x80009630 (0x00001f17) x30 0x8000a630
core   0: 0x80009634 (0x9c3f2823) sw      gp, -1584(t5)
core   0: 3 0x80009634 (0x9c3f2823) mem 0x8000a000 0x00000001
core   0: 0x80009638 (0x0000bfe5) c.j     pc - 8
core   0: 3 0x80009638 (0xbfe5)
core   0: 0x80009630 (0x00001f17) auipc   t5, 0x1
core   0: 3 0x80009630 (0x00001f17) x30 0x8000a630
core   0: 0x80009634 (0x9c3f2823) sw      gp, -1584(t5)
core   0: 3 0x80009634 (0x9c3f2823) mem 0x8000a000 0x00000001
core   0: 0x80009638 (0x0000bfe5) c.j     pc - 8
core   0: 3 0x80009638 (0xbfe5)
core   0: 0x80009630 (0x00001f17) auipc   t5, 0x1
core   0: 3 0x80009630 (0x00001f17) x30 0x8000a630
core   0: 0x80009634 (0x9c3f2823) sw      gp, -1584(t5)
core   0: 3 0x80009634 (0x9c3f2823) mem 0x8000a000 0x00000001
core   0: 0x80009638 (0x0000bfe5) c.j     pc - 8
core   0: 3 0x80009638 (0xbfe5)
core   0: 0x80009630 (0x00001f17) auipc   t5, 0x1
core   0: 3 0x80009630 (0x00001f17) x30 0x8000a630
core   0: 0x80009634 (0x9c3f2823) sw      gp, -1584(t5)
core   0: 3 0x80009634 (0x9c3f2823) mem 0x8000a000 0x00000001
core   0: 0x80009638 (0x0000bfe5) c.j     pc - 8
core   0: 3 0x80009638 (0xbfe5)
core   0: 0x80009630 (0x00001f17) auipc   t5, 0x1
core   0: 3 0x80009630 (0x00001f17) x30 0x8000a630
core   0: 0x80009634 (0x9c3f2823) sw      gp, -1584(t5)
core   0: 3 0x80009634 (0x9c3f2823) mem 0x8000a000 0x00000001
core   0: 0x80009638 (0x0000bfe5) c.j     pc - 8
core   0: 3 0x80009638 (0xbfe5)
core   0: 0x80009630 (0x00001f17) auipc   t5, 0x1
core   0: 3 0x80009630 (0x00001f17) x30 0x8000a630
core   0: 0x80009634 (0x9c3f2823) sw      gp, -1584(t5)
core   0: 3 0x80009634 (0x9c3f2823) mem 0x8000a000 0x00000001
core   0: 0x80009638 (0x0000bfe5) c.j     pc - 8
core   0: 3 0x80009638 (0xbfe5)
core   0: 0x80009630 (0x00001f17) auipc   t5, 0x1
core   0: 3 0x80009630 (0x00001f17) x30 0x8000a630
core   0: 0x80009634 (0x9c3f2823) sw      gp, -1584(t5)
core   0: 3 0x80009634 (0x9c3f2823) mem 0x8000a000 0x00000001
core   0: 0x80009638 (0x0000bfe5) c.j     pc - 8
core   0: 3 0x80009638 (0xbfe5)
core   0: 0x80009630 (0x00001f17) auipc   t5, 0x1
core   0: 3 0x80009630 (0x00001f17) x30 0x8000a630
core   0: 0x80009634 (0x9c3f2823) sw      gp, -1584(t5)
core   0: 3 0x80009634 (0x9c3f2823) mem 0x8000a000 0x00000001
core   0: 0x80009638 (0x0000bfe5) c.j     pc - 8
core   0: 3 0x80009638 (0xbfe5)
core   0: 0x80009630 (0x00001f17) auipc   t5, 0x1
core   0: 3 0x80009630 (0x00001f17) x30 0x8000a630
core   0: 0x80009634 (0x9c3f2823) sw      gp, -1584(t5)
core   0: 3 0x80009634 (0x9c3f2823) mem 0x8000a000 0x00000001
core   0: 0x80009638 (0x0000bfe5) c.j     pc - 8
core   0: 3 0x80009638 (0xbfe5)
core   0: 0x80009630 (0x00001f17) auipc   t5, 0x1
core   0: 3 0x80009630 (0x00001f17) x30 0x8000a630
core   0: 0x80009634 (0x9c3f2823) sw      gp, -1584(t5)
core   0: 3 0x80009634 (0x9c3f2823) mem 0x8000a000 0x00000001
core   0: 0x80009638 (0x0000bfe5) c.j     pc - 8
core   0: 3 0x80009638 (0xbfe5)
core   0: 0x80009630 (0x00001f17) auipc   t5, 0x1
core   0: 3 0x80009630 (0x00001f17) x30 0x8000a630
core   0: 0x80009634 (0x9c3f2823) sw      gp, -1584(t5)
core   0: 3 0x80009634 (0x9c3f2823) mem 0x8000a000 0x00000001
core   0: 0x80009638 (0x0000bfe5) c.j     pc - 8
core   0: 3 0x80009638 (0xbfe5)
core   0: 0x80009630 (0x00001f17) auipc   t5, 0x1
core   0: 3 0x80009630 (0x00001f17) x30 0x8000a630
core   0: 0x80009634 (0x9c3f2823) sw      gp, -1584(t5)
core   0: 3 0x80009634 (0x9c3f2823) mem 0x8000a000 0x00000001
core   0: 0x80009638 (0x0000bfe5) c.j     pc - 8
core   0: 3 0x80009638 (0xbfe5)
core   0: 0x80009630 (0x00001f17) auipc   t5, 0x1
core   0: 3 0x80009630 (0x00001f17) x30 0x8000a630
core   0: 0x80009634 (0x9c3f2823) sw      gp, -1584(t5)
core   0: 3 0x80009634 (0x9c3f2823) mem 0x8000a000 0x00000001
core   0: 0x80009638 (0x0000bfe5) c.j     pc - 8
core   0: 3 0x80009638 (0xbfe5)
core   0: 0x80009630 (0x00001f17) auipc   t5, 0x1
core   0: 3 0x80009630 (0x00001f17) x30 0x8000a630
core   0: 0x80009634 (0x9c3f2823) sw      gp, -1584(t5)
core   0: 3 0x80009634 (0x9c3f2823) mem 0x8000a000 0x00000001
core   0: 0x80009638 (0x0000bfe5) c.j     pc - 8
core   0: 3 0x80009638 (0xbfe5)
core   0: 0x80009630 (0x00001f17) auipc   t5, 0x1
core   0: 3 0x80009630 (0x00001f17) x30 0x8000a630
core   0: 0x80009634 (0x9c3f2823) sw      gp, -1584(t5)
core   0: 3 0x80009634 (0x9c3f2823) mem 0x8000a000 0x00000001
core   0: 0x80009638 (0x0000bfe5) c.j     pc - 8
core   0: 3 0x80009638 (0xbfe5)
core   0: 0x80009630 (0x00001f17) auipc   t5, 0x1
core   0: 3 0x80009630 (0x00001f17) x30 0x8000a630
core   0: 0x80009634 (0x9c3f2823) sw      gp, -1584(t5)
core   0: 3 0x80009634 (0x9c3f2823) mem 0x8000a000 0x00000001
core   0: 0x80009638 (0x0000bfe5) c.j     pc - 8
core   0: 3 0x80009638 (0xbfe5)
core   0: 0x80009630 (0x00001f17) auipc   t5, 0x1
core   0: 3 0x80009630 (0x00001f17) x30 0x8000a630
core   0: 0x80009634 (0x9c3f2823) sw      gp, -1584(t5)
core   0: 3 0x80009634 (0x9c3f2823) mem 0x8000a000 0x00000001
core   0: 0x80009638 (0x0000bfe5) c.j     pc - 8
core   0: 3 0x80009638 (0xbfe5)
core   0: 0x80009630 (0x00001f17) auipc   t5, 0x1
core   0: 3 0x80009630 (0x00001f17) x30 0x8000a630
core   0: 0x80009634 (0x9c3f2823) sw      gp, -1584(t5)
core   0: 3 0x80009634 (0x9c3f2823) mem 0x8000a000 0x00000001
core   0: 0x80009638 (0x0000bfe5) c.j     pc - 8
core   0: 3 0x80009638 (0xbfe5)
core   0: 0x80009630 (0x00001f17) auipc   t5, 0x1
core   0: 3 0x80009630 (0x00001f17) x30 0x8000a630
core   0: 0x80009634 (0x9c3f2823) sw      gp, -1584(t5)
core   0: 3 0x80009634 (0x9c3f2823) mem 0x8000a000 0x00000001
core   0: 0x80009638 (0x0000bfe5) c.j     pc - 8
core   0: 3 0x80009638 (0xbfe5)
core   0: 0x80009630 (0x00001f17) auipc   t5, 0x1
core   0: 3 0x80009630 (0x00001f17) x30 0x8000a630
core   0: 0x80009634 (0x9c3f2823) sw      gp, -1584(t5)
core   0: 3 0x80009634 (0x9c3f2823) mem 0x8000a000 0x00000001
core   0: 0x80009638 (0x0000bfe5) c.j     pc - 8
core   0: 3 0x80009638 (0xbfe5)
core   0: 0x80009630 (0x00001f17) auipc   t5, 0x1
core   0: 3 0x80009630 (0x00001f17) x30 0x8000a630
core   0: 0x80009634 (0x9c3f2823) sw      gp, -1584(t5)
core   0: 3 0x80009634 (0x9c3f2823) mem 0x8000a000 0x00000001
core   0: 0x80009638 (0x0000bfe5) c.j     pc - 8
core   0: 3 0x80009638 (0xbfe5)
core   0: 0x80009630 (0x00001f17) auipc   t5, 0x1
core   0: 3 0x80009630 (0x00001f17) x30 0x8000a630
core   0: 0x80009634 (0x9c3f2823) sw      gp, -1584(t5)
core   0: 3 0x80009634 (0x9c3f2823) mem 0x8000a000 0x00000001
core   0: 0x80009638 (0x0000bfe5) c.j     pc - 8
core   0: 3 0x80009638 (0xbfe5)
core   0: 0x80009630 (0x00001f17) auipc   t5, 0x1
core   0: 3 0x80009630 (0x00001f17) x30 0x8000a630
core   0: 0x80009634 (0x9c3f2823) sw      gp, -1584(t5)
core   0: 3 0x80009634 (0x9c3f2823) mem 0x8000a000 0x00000001
core   0: 0x80009638 (0x0000bfe5) c.j     pc - 8
core   0: 3 0x80009638 (0xbfe5)
core   0: 0x80009630 (0x00001f17) auipc   t5, 0x1
core   0: 3 0x80009630 (0x00001f17) x30 0x8000a630
core   0: 0x80009634 (0x9c3f2823) sw      gp, -1584(t5)
core   0: 3 0x80009634 (0x9c3f2823) mem 0x8000a000 0x00000001
core   0: 0x80009638 (0x0000bfe5) c.j     pc - 8
core   0: 3 0x80009638 (0xbfe5)
core   0: 0x80009630 (0x00001f17) auipc   t5, 0x1
core   0: 3 0x80009630 (0x00001f17) x30 0x8000a630
core   0: 0x80009634 (0x9c3f2823) sw      gp, -1584(t5)
core   0: 3 0x80009634 (0x9c3f2823) mem 0x8000a000 0x00000001
core   0: 0x80009638 (0x0000bfe5) c.j     pc - 8
core   0: 3 0x80009638 (0xbfe5)
core   0: 0x80009630 (0x00001f17) auipc   t5, 0x1
core   0: 3 0x80009630 (0x00001f17) x30 0x8000a630
core   0: 0x80009634 (0x9c3f2823) sw      gp, -1584(t5)
core   0: 3 0x80009634 (0x9c3f2823) mem 0x8000a000 0x00000001
core   0: 0x80009638 (0x0000bfe5) c.j     pc - 8
core   0: 3 0x80009638 (0xbfe5)
core   0: 0x80009630 (0x00001f17) auipc   t5, 0x1
core   0: 3 0x80009630 (0x00001f17) x30 0x8000a630
core   0: 0x80009634 (0x9c3f2823) sw      gp, -1584(t5)
core   0: 3 0x80009634 (0x9c3f2823) mem 0x8000a000 0x00000001
core   0: 0x80009638 (0x0000bfe5) c.j     pc - 8
core   0: 3 0x80009638 (0xbfe5)
core   0: 0x80009630 (0x00001f17) auipc   t5, 0x1
core   0: 3 0x80009630 (0x00001f17) x30 0x8000a630
core   0: 0x80009634 (0x9c3f2823) sw      gp, -1584(t5)
core   0: 3 0x80009634 (0x9c3f2823) mem 0x8000a000 0x00000001
core   0: 0x80009638 (0x0000bfe5) c.j     pc - 8
core   0: 3 0x80009638 (0xbfe5)
core   0: 0x80009630 (0x00001f17) auipc   t5, 0x1
core   0: 3 0x80009630 (0x00001f17) x30 0x8000a630
core   0: 0x80009634 (0x9c3f2823) sw      gp, -1584(t5)
core   0: 3 0x80009634 (0x9c3f2823) mem 0x8000a000 0x00000001
core   0: 0x80009638 (0x0000bfe5) c.j     pc - 8
core   0: 3 0x80009638 (0xbfe5)
core   0: 0x80009630 (0x00001f17) auipc   t5, 0x1
core   0: 3 0x80009630 (0x00001f17) x30 0x8000a630
core   0: 0x80009634 (0x9c3f2823) sw      gp, -1584(t5)
core   0: 3 0x80009634 (0x9c3f2823) mem 0x8000a000 0x00000001
core   0: 0x80009638 (0x0000bfe5) c.j     pc - 8
core   0: 3 0x80009638 (0xbfe5)
core   0: 0x80009630 (0x00001f17) auipc   t5, 0x1
core   0: 3 0x80009630 (0x00001f17) x30 0x8000a630
core   0: 0x80009634 (0x9c3f2823) sw      gp, -1584(t5)
core   0: 3 0x80009634 (0x9c3f2823) mem 0x8000a000 0x00000001
core   0: 0x80009638 (0x0000bfe5) c.j     pc - 8
core   0: 3 0x80009638 (0xbfe5)
core   0: 0x80009630 (0x00001f17) auipc   t5, 0x1
core   0: 3 0x80009630 (0x00001f17) x30 0x8000a630
core   0: 0x80009634 (0x9c3f2823) sw      gp, -1584(t5)
core   0: 3 0x80009634 (0x9c3f2823) mem 0x8000a000 0x00000001
core   0: 0x80009638 (0x0000bfe5) c.j     pc - 8
core   0: 3 0x80009638 (0xbfe5)
core   0: 0x80009630 (0x00001f17) auipc   t5, 0x1
core   0: 3 0x80009630 (0x00001f17) x30 0x8000a630
core   0: 0x80009634 (0x9c3f2823) sw      gp, -1584(t5)
core   0: 3 0x80009634 (0x9c3f2823) mem 0x8000a000 0x00000001
core   0: 0x80009638 (0x0000bfe5) c.j     pc - 8
core   0: 3 0x80009638 (0xbfe5)
core   0: 0x80009630 (0x00001f17) auipc   t5, 0x1
core   0: 3 0x80009630 (0x00001f17) x30 0x8000a630
core   0: 0x80009634 (0x9c3f2823) sw      gp, -1584(t5)
core   0: 3 0x80009634 (0x9c3f2823) mem 0x8000a000 0x00000001
core   0: 0x80009638 (0x0000bfe5) c.j     pc - 8
core   0: 3 0x80009638 (0xbfe5)
core   0: 0x80009630 (0x00001f17) auipc   t5, 0x1
core   0: 3 0x80009630 (0x00001f17) x30 0x8000a630
core   0: 0x80009634 (0x9c3f2823) sw      gp, -1584(t5)
core   0: 3 0x80009634 (0x9c3f2823) mem 0x8000a000 0x00000001
core   0: 0x80009638 (0x0000bfe5) c.j     pc - 8
core   0: 3 0x80009638 (0xbfe5)
core   0: 0x80009630 (0x00001f17) auipc   t5, 0x1
core   0: 3 0x80009630 (0x00001f17) x30 0x8000a630
core   0: 0x80009634 (0x9c3f2823) sw      gp, -1584(t5)
core   0: 3 0x80009634 (0x9c3f2823) mem 0x8000a000 0x00000001
core   0: 0x80009638 (0x0000bfe5) c.j     pc - 8
core   0: 3 0x80009638 (0xbfe5)
core   0: 0x80009630 (0x00001f17) auipc   t5, 0x1
core   0: 3 0x80009630 (0x00001f17) x30 0x8000a630
core   0: 0x80009634 (0x9c3f2823) sw      gp, -1584(t5)
core   0: 3 0x80009634 (0x9c3f2823) mem 0x8000a000 0x00000001
core   0: 0x80009638 (0x0000bfe5) c.j     pc - 8
core   0: 3 0x80009638 (0xbfe5)
core   0: 0x80009630 (0x00001f17) auipc   t5, 0x1
core   0: 3 0x80009630 (0x00001f17) x30 0x8000a630
core   0: 0x80009634 (0x9c3f2823) sw      gp, -1584(t5)
core   0: 3 0x80009634 (0x9c3f2823) mem 0x8000a000 0x00000001
core   0: 0x80009638 (0x0000bfe5) c.j     pc - 8
core   0: 3 0x80009638 (0xbfe5)
core   0: 0x80009630 (0x00001f17) auipc   t5, 0x1
core   0: 3 0x80009630 (0x00001f17) x30 0x8000a630
core   0: 0x80009634 (0x9c3f2823) sw      gp, -1584(t5)
core   0: 3 0x80009634 (0x9c3f2823) mem 0x8000a000 0x00000001
core   0: 0x80009638 (0x0000bfe5) c.j     pc - 8
core   0: 3 0x80009638 (0xbfe5)
core   0: 0x80009630 (0x00001f17) auipc   t5, 0x1
core   0: 3 0x80009630 (0x00001f17) x30 0x8000a630
core   0: 0x80009634 (0x9c3f2823) sw      gp, -1584(t5)
core   0: 3 0x80009634 (0x9c3f2823) mem 0x8000a000 0x00000001
core   0: 0x80009638 (0x0000bfe5) c.j     pc - 8
core   0: 3 0x80009638 (0xbfe5)
core   0: 0x80009630 (0x00001f17) auipc   t5, 0x1
core   0: 3 0x80009630 (0x00001f17) x30 0x8000a630
core   0: 0x80009634 (0x9c3f2823) sw      gp, -1584(t5)
core   0: 3 0x80009634 (0x9c3f2823) mem 0x8000a000 0x00000001
core   0: 0x80009638 (0x0000bfe5) c.j     pc - 8
core   0: 3 0x80009638 (0xbfe5)
core   0: 0x80009630 (0x00001f17) auipc   t5, 0x1
core   0: 3 0x80009630 (0x00001f17) x30 0x8000a630
core   0: 0x80009634 (0x9c3f2823) sw      gp, -1584(t5)
core   0: 3 0x80009634 (0x9c3f2823) mem 0x8000a000 0x00000001
core   0: 0x80009638 (0x0000bfe5) c.j     pc - 8
core   0: 3 0x80009638 (0xbfe5)
core   0: 0x80009630 (0x00001f17) auipc   t5, 0x1
core   0: 3 0x80009630 (0x00001f17) x30 0x8000a630
core   0: 0x80009634 (0x9c3f2823) sw      gp, -1584(t5)
core   0: 3 0x80009634 (0x9c3f2823) mem 0x8000a000 0x00000001
core   0: 0x80009638 (0x0000bfe5) c.j     pc - 8
core   0: 3 0x80009638 (0xbfe5)
core   0: 0x80009630 (0x00001f17) auipc   t5, 0x1
core   0: 3 0x80009630 (0x00001f17) x30 0x8000a630
core   0: 0x80009634 (0x9c3f2823) sw      gp, -1584(t5)
core   0: 3 0x80009634 (0x9c3f2823) mem 0x8000a000 0x00000001
core   0: 0x80009638 (0x0000bfe5) c.j     pc - 8
core   0: 3 0x80009638 (0xbfe5)
core   0: 0x80009630 (0x00001f17) auipc   t5, 0x1
core   0: 3 0x80009630 (0x00001f17) x30 0x8000a630
core   0: 0x80009634 (0x9c3f2823) sw      gp, -1584(t5)
core   0: 3 0x80009634 (0x9c3f2823) mem 0x8000a000 0x00000001
core   0: 0x80009638 (0x0000bfe5) c.j     pc - 8
core   0: 3 0x80009638 (0xbfe5)
core   0: 0x80009630 (0x00001f17) auipc   t5, 0x1
core   0: 3 0x80009630 (0x00001f17) x30 0x8000a630
core   0: 0x80009634 (0x9c3f2823) sw      gp, -1584(t5)
core   0: 3 0x80009634 (0x9c3f2823) mem 0x8000a000 0x00000001
core   0: 0x80009638 (0x0000bfe5) c.j     pc - 8
core   0: 3 0x80009638 (0xbfe5)
core   0: 0x80009630 (0x00001f17) auipc   t5, 0x1
core   0: 3 0x80009630 (0x00001f17) x30 0x8000a630
core   0: 0x80009634 (0x9c3f2823) sw      gp, -1584(t5)
core   0: 3 0x80009634 (0x9c3f2823) mem 0x8000a000 0x00000001
core   0: 0x80009638 (0x0000bfe5) c.j     pc - 8
core   0: 3 0x80009638 (0xbfe5)
core   0: 0x80009630 (0x00001f17) auipc   t5, 0x1
core   0: 3 0x80009630 (0x00001f17) x30 0x8000a630
core   0: 0x80009634 (0x9c3f2823) sw      gp, -1584(t5)
core   0: 3 0x80009634 (0x9c3f2823) mem 0x8000a000 0x00000001
core   0: 0x80009638 (0x0000bfe5) c.j     pc - 8
core   0: 3 0x80009638 (0xbfe5)
core   0: 0x80009630 (0x00001f17) auipc   t5, 0x1
core   0: 3 0x80009630 (0x00001f17) x30 0x8000a630
core   0: 0x80009634 (0x9c3f2823) sw      gp, -1584(t5)
core   0: 3 0x80009634 (0x9c3f2823) mem 0x8000a000 0x00000001
core   0: 0x80009638 (0x0000bfe5) c.j     pc - 8
core   0: 3 0x80009638 (0xbfe5)
core   0: 0x80009630 (0x00001f17) auipc   t5, 0x1
core   0: 3 0x80009630 (0x00001f17) x30 0x8000a630
core   0: 0x80009634 (0x9c3f2823) sw      gp, -1584(t5)
core   0: 3 0x80009634 (0x9c3f2823) mem 0x8000a000 0x00000001
core   0: 0x80009638 (0x0000bfe5) c.j     pc - 8
core   0: 3 0x80009638 (0xbfe5)
core   0: 0x80009630 (0x00001f17) auipc   t5, 0x1
core   0: 3 0x80009630 (0x00001f17) x30 0x8000a630
core   0: 0x80009634 (0x9c3f2823) sw      gp, -1584(t5)
core   0: 3 0x80009634 (0x9c3f2823) mem 0x8000a000 0x00000001
core   0: 0x80009638 (0x0000bfe5) c.j     pc - 8
core   0: 3 0x80009638 (0xbfe5)
core   0: 0x80009630 (0x00001f17) auipc   t5, 0x1
core   0: 3 0x80009630 (0x00001f17) x30 0x8000a630
core   0: 0x80009634 (0x9c3f2823) sw      gp, -1584(t5)
core   0: 3 0x80009634 (0x9c3f2823) mem 0x8000a000 0x00000001
core   0: 0x80009638 (0x0000bfe5) c.j     pc - 8
core   0: 3 0x80009638 (0xbfe5)
core   0: 0x80009630 (0x00001f17) auipc   t5, 0x1
core   0: 3 0x80009630 (0x00001f17) x30 0x8000a630
core   0: 0x80009634 (0x9c3f2823) sw      gp, -1584(t5)
core   0: 3 0x80009634 (0x9c3f2823) mem 0x8000a000 0x00000001
core   0: 0x80009638 (0x0000bfe5) c.j     pc - 8
core   0: 3 0x80009638 (0xbfe5)
core   0: 0x80009630 (0x00001f17) auipc   t5, 0x1
core   0: 3 0x80009630 (0x00001f17) x30 0x8000a630
core   0: 0x80009634 (0x9c3f2823) sw      gp, -1584(t5)
core   0: 3 0x80009634 (0x9c3f2823) mem 0x8000a000 0x00000001
core   0: 0x80009638 (0x0000bfe5) c.j     pc - 8
core   0: 3 0x80009638 (0xbfe5)
core   0: 0x80009630 (0x00001f17) auipc   t5, 0x1
core   0: 3 0x80009630 (0x00001f17) x30 0x8000a630
core   0: 0x80009634 (0x9c3f2823) sw      gp, -1584(t5)
core   0: 3 0x80009634 (0x9c3f2823) mem 0x8000a000 0x00000001
core   0: 0x80009638 (0x0000bfe5) c.j     pc - 8
core   0: 3 0x80009638 (0xbfe5)
core   0: 0x80009630 (0x00001f17) auipc   t5, 0x1
core   0: 3 0x80009630 (0x00001f17) x30 0x8000a630
core   0: 0x80009634 (0x9c3f2823) sw      gp, -1584(t5)
core   0: 3 0x80009634 (0x9c3f2823) mem 0x8000a000 0x00000001
core   0: 0x80009638 (0x0000bfe5) c.j     pc - 8
core   0: 3 0x80009638 (0xbfe5)
core   0: 0x80009630 (0x00001f17) auipc   t5, 0x1
core   0: 3 0x80009630 (0x00001f17) x30 0x8000a630
core   0: 0x80009634 (0x9c3f2823) sw      gp, -1584(t5)
core   0: 3 0x80009634 (0x9c3f2823) mem 0x8000a000 0x00000001
core   0: 0x80009638 (0x0000bfe5) c.j     pc - 8
core   0: 3 0x80009638 (0xbfe5)
core   0: 0x80009630 (0x00001f17) auipc   t5, 0x1
core   0: 3 0x80009630 (0x00001f17) x30 0x8000a630
core   0: 0x80009634 (0x9c3f2823) sw      gp, -1584(t5)
core   0: 3 0x80009634 (0x9c3f2823) mem 0x8000a000 0x00000001
core   0: 0x80009638 (0x0000bfe5) c.j     pc - 8
core   0: 3 0x80009638 (0xbfe5)
core   0: 0x80009630 (0x00001f17) auipc   t5, 0x1
core   0: 3 0x80009630 (0x00001f17) x30 0x8000a630
core   0: 0x80009634 (0x9c3f2823) sw      gp, -1584(t5)
core   0: 3 0x80009634 (0x9c3f2823) mem 0x8000a000 0x00000001
core   0: 0x80009638 (0x0000bfe5) c.j     pc - 8
core   0: 3 0x80009638 (0xbfe5)
core   0: 0x80009630 (0x00001f17) auipc   t5, 0x1
core   0: 3 0x80009630 (0x00001f17) x30 0x8000a630
core   0: 0x80009634 (0x9c3f2823) sw      gp, -1584(t5)
core   0: 3 0x80009634 (0x9c3f2823) mem 0x8000a000 0x00000001
core   0: 0x80009638 (0x0000bfe5) c.j     pc - 8
core   0: 3 0x80009638 (0xbfe5)
core   0: 0x80009630 (0x00001f17) auipc   t5, 0x1
core   0: 3 0x80009630 (0x00001f17) x30 0x8000a630
core   0: 0x80009634 (0x9c3f2823) sw      gp, -1584(t5)
core   0: 3 0x80009634 (0x9c3f2823) mem 0x8000a000 0x00000001
core   0: 0x80009638 (0x0000bfe5) c.j     pc - 8
core   0: 3 0x80009638 (0xbfe5)
core   0: 0x80009630 (0x00001f17) auipc   t5, 0x1
core   0: 3 0x80009630 (0x00001f17) x30 0x8000a630
core   0: 0x80009634 (0x9c3f2823) sw      gp, -1584(t5)
core   0: 3 0x80009634 (0x9c3f2823) mem 0x8000a000 0x00000001
core   0: 0x80009638 (0x0000bfe5) c.j     pc - 8
core   0: 3 0x80009638 (0xbfe5)
core   0: 0x80009630 (0x00001f17) auipc   t5, 0x1
core   0: 3 0x80009630 (0x00001f17) x30 0x8000a630
core   0: 0x80009634 (0x9c3f2823) sw      gp, -1584(t5)
core   0: 3 0x80009634 (0x9c3f2823) mem 0x8000a000 0x00000001
core   0: 0x80009638 (0x0000bfe5) c.j     pc - 8
core   0: 3 0x80009638 (0xbfe5)
core   0: 0x80009630 (0x00001f17) auipc   t5, 0x1
core   0: 3 0x80009630 (0x00001f17) x30 0x8000a630
core   0: 0x80009634 (0x9c3f2823) sw      gp, -1584(t5)
core   0: 3 0x80009634 (0x9c3f2823) mem 0x8000a000 0x00000001
core   0: 0x80009638 (0x0000bfe5) c.j     pc - 8
core   0: 3 0x80009638 (0xbfe5)
core   0: 0x80009630 (0x00001f17) auipc   t5, 0x1
core   0: 3 0x80009630 (0x00001f17) x30 0x8000a630
core   0: 0x80009634 (0x9c3f2823) sw      gp, -1584(t5)
core   0: 3 0x80009634 (0x9c3f2823) mem 0x8000a000 0x00000001
core   0: 0x80009638 (0x0000bfe5) c.j     pc - 8
core   0: 3 0x80009638 (0xbfe5)
core   0: 0x80009630 (0x00001f17) auipc   t5, 0x1
core   0: 3 0x80009630 (0x00001f17) x30 0x8000a630
core   0: 0x80009634 (0x9c3f2823) sw      gp, -1584(t5)
core   0: 3 0x80009634 (0x9c3f2823) mem 0x8000a000 0x00000001
core   0: 0x80009638 (0x0000bfe5) c.j     pc - 8
core   0: 3 0x80009638 (0xbfe5)
core   0: 0x80009630 (0x00001f17) auipc   t5, 0x1
core   0: 3 0x80009630 (0x00001f17) x30 0x8000a630
core   0: 0x80009634 (0x9c3f2823) sw      gp, -1584(t5)
core   0: 3 0x80009634 (0x9c3f2823) mem 0x8000a000 0x00000001
core   0: 0x80009638 (0x0000bfe5) c.j     pc - 8
core   0: 3 0x80009638 (0xbfe5)
core   0: 0x80009630 (0x00001f17) auipc   t5, 0x1
core   0: 3 0x80009630 (0x00001f17) x30 0x8000a630
core   0: 0x80009634 (0x9c3f2823) sw      gp, -1584(t5)
core   0: 3 0x80009634 (0x9c3f2823) mem 0x8000a000 0x00000001
core   0: 0x80009638 (0x0000bfe5) c.j     pc - 8
core   0: 3 0x80009638 (0xbfe5)
core   0: 0x80009630 (0x00001f17) auipc   t5, 0x1
core   0: 3 0x80009630 (0x00001f17) x30 0x8000a630
core   0: 0x80009634 (0x9c3f2823) sw      gp, -1584(t5)
core   0: 3 0x80009634 (0x9c3f2823) mem 0x8000a000 0x00000001
core   0: 0x80009638 (0x0000bfe5) c.j     pc - 8
core   0: 3 0x80009638 (0xbfe5)
core   0: 0x80009630 (0x00001f17) auipc   t5, 0x1
core   0: 3 0x80009630 (0x00001f17) x30 0x8000a630
core   0: 0x80009634 (0x9c3f2823) sw      gp, -1584(t5)
core   0: 3 0x80009634 (0x9c3f2823) mem 0x8000a000 0x00000001
core   0: 0x80009638 (0x0000bfe5) c.j     pc - 8
core   0: 3 0x80009638 (0xbfe5)
core   0: 0x80009630 (0x00001f17) auipc   t5, 0x1
core   0: 3 0x80009630 (0x00001f17) x30 0x8000a630
core   0: 0x80009634 (0x9c3f2823) sw      gp, -1584(t5)
core   0: 3 0x80009634 (0x9c3f2823) mem 0x8000a000 0x00000001
core   0: 0x80009638 (0x0000bfe5) c.j     pc - 8
core   0: 3 0x80009638 (0xbfe5)
core   0: 0x80009630 (0x00001f17) auipc   t5, 0x1
core   0: 3 0x80009630 (0x00001f17) x30 0x8000a630
core   0: 0x80009634 (0x9c3f2823) sw      gp, -1584(t5)
core   0: 3 0x80009634 (0x9c3f2823) mem 0x8000a000 0x00000001
core   0: 0x80009638 (0x0000bfe5) c.j     pc - 8
core   0: 3 0x80009638 (0xbfe5)
core   0: 0x80009630 (0x00001f17) auipc   t5, 0x1
core   0: 3 0x80009630 (0x00001f17) x30 0x8000a630
core   0: 0x80009634 (0x9c3f2823) sw      gp, -1584(t5)
core   0: 3 0x80009634 (0x9c3f2823) mem 0x8000a000 0x00000001
core   0: 0x80009638 (0x0000bfe5) c.j     pc - 8
core   0: 3 0x80009638 (0xbfe5)
core   0: 0x80009630 (0x00001f17) auipc   t5, 0x1
core   0: 3 0x80009630 (0x00001f17) x30 0x8000a630
core   0: 0x80009634 (0x9c3f2823) sw      gp, -1584(t5)
core   0: 3 0x80009634 (0x9c3f2823) mem 0x8000a000 0x00000001
core   0: 0x80009638 (0x0000bfe5) c.j     pc - 8
core   0: 3 0x80009638 (0xbfe5)
core   0: 0x80009630 (0x00001f17) auipc   t5, 0x1
core   0: 3 0x80009630 (0x00001f17) x30 0x8000a630
core   0: 0x80009634 (0x9c3f2823) sw      gp, -1584(t5)
core   0: 3 0x80009634 (0x9c3f2823) mem 0x8000a000 0x00000001
core   0: 0x80009638 (0x0000bfe5) c.j     pc - 8
core   0: 3 0x80009638 (0xbfe5)
core   0: 0x80009630 (0x00001f17) auipc   t5, 0x1
core   0: 3 0x80009630 (0x00001f17) x30 0x8000a630
core   0: 0x80009634 (0x9c3f2823) sw      gp, -1584(t5)
core   0: 3 0x80009634 (0x9c3f2823) mem 0x8000a000 0x00000001
core   0: 0x80009638 (0x0000bfe5) c.j     pc - 8
core   0: 3 0x80009638 (0xbfe5)
core   0: 0x80009630 (0x00001f17) auipc   t5, 0x1
core   0: 3 0x80009630 (0x00001f17) x30 0x8000a630
core   0: 0x80009634 (0x9c3f2823) sw      gp, -1584(t5)
core   0: 3 0x80009634 (0x9c3f2823) mem 0x8000a000 0x00000001
core   0: 0x80009638 (0x0000bfe5) c.j     pc - 8
core   0: 3 0x80009638 (0xbfe5)
core   0: 0x80009630 (0x00001f17) auipc   t5, 0x1
core   0: 3 0x80009630 (0x00001f17) x30 0x8000a630
core   0: 0x80009634 (0x9c3f2823) sw      gp, -1584(t5)
core   0: 3 0x80009634 (0x9c3f2823) mem 0x8000a000 0x00000001
core   0: 0x80009638 (0x0000bfe5) c.j     pc - 8
core   0: 3 0x80009638 (0xbfe5)
core   0: 0x80009630 (0x00001f17) auipc   t5, 0x1
core   0: 3 0x80009630 (0x00001f17) x30 0x8000a630
core   0: 0x80009634 (0x9c3f2823) sw      gp, -1584(t5)
core   0: 3 0x80009634 (0x9c3f2823) mem 0x8000a000 0x00000001
core   0: 0x80009638 (0x0000bfe5) c.j     pc - 8
core   0: 3 0x80009638 (0xbfe5)
core   0: 0x80009630 (0x00001f17) auipc   t5, 0x1
core   0: 3 0x80009630 (0x00001f17) x30 0x8000a630
core   0: 0x80009634 (0x9c3f2823) sw      gp, -1584(t5)
core   0: 3 0x80009634 (0x9c3f2823) mem 0x8000a000 0x00000001
core   0: 0x80009638 (0x0000bfe5) c.j     pc - 8
core   0: 3 0x80009638 (0xbfe5)
core   0: 0x80009630 (0x00001f17) auipc   t5, 0x1
core   0: 3 0x80009630 (0x00001f17) x30 0x8000a630
core   0: 0x80009634 (0x9c3f2823) sw      gp, -1584(t5)
core   0: 3 0x80009634 (0x9c3f2823) mem 0x8000a000 0x00000001
core   0: 0x80009638 (0x0000bfe5) c.j     pc - 8
core   0: 3 0x80009638 (0xbfe5)
core   0: 0x80009630 (0x00001f17) auipc   t5, 0x1
core   0: 3 0x80009630 (0x00001f17) x30 0x8000a630
core   0: 0x80009634 (0x9c3f2823) sw      gp, -1584(t5)
core   0: 3 0x80009634 (0x9c3f2823) mem 0x8000a000 0x00000001
core   0: 0x80009638 (0x0000bfe5) c.j     pc - 8
core   0: 3 0x80009638 (0xbfe5)
core   0: 0x80009630 (0x00001f17) auipc   t5, 0x1
core   0: 3 0x80009630 (0x00001f17) x30 0x8000a630
core   0: 0x80009634 (0x9c3f2823) sw      gp, -1584(t5)
core   0: 3 0x80009634 (0x9c3f2823) mem 0x8000a000 0x00000001
core   0: 0x80009638 (0x0000bfe5) c.j     pc - 8
core   0: 3 0x80009638 (0xbfe5)
core   0: 0x80009630 (0x00001f17) auipc   t5, 0x1
core   0: 3 0x80009630 (0x00001f17) x30 0x8000a630
core   0: 0x80009634 (0x9c3f2823) sw      gp, -1584(t5)
core   0: 3 0x80009634 (0x9c3f2823) mem 0x8000a000 0x00000001
core   0: 0x80009638 (0x0000bfe5) c.j     pc - 8
core   0: 3 0x80009638 (0xbfe5)
core   0: 0x80009630 (0x00001f17) auipc   t5, 0x1
core   0: 3 0x80009630 (0x00001f17) x30 0x8000a630
core   0: 0x80009634 (0x9c3f2823) sw      gp, -1584(t5)
core   0: 3 0x80009634 (0x9c3f2823) mem 0x8000a000 0x00000001
core   0: 0x80009638 (0x0000bfe5) c.j     pc - 8
core   0: 3 0x80009638 (0xbfe5)
core   0: 0x80009630 (0x00001f17) auipc   t5, 0x1
core   0: 3 0x80009630 (0x00001f17) x30 0x8000a630
core   0: 0x80009634 (0x9c3f2823) sw      gp, -1584(t5)
core   0: 3 0x80009634 (0x9c3f2823) mem 0x8000a000 0x00000001
core   0: 0x80009638 (0x0000bfe5) c.j     pc - 8
core   0: 3 0x80009638 (0xbfe5)
core   0: 0x80009630 (0x00001f17) auipc   t5, 0x1
core   0: 3 0x80009630 (0x00001f17) x30 0x8000a630
core   0: 0x80009634 (0x9c3f2823) sw      gp, -1584(t5)
core   0: 3 0x80009634 (0x9c3f2823) mem 0x8000a000 0x00000001
core   0: 0x80009638 (0x0000bfe5) c.j     pc - 8
core   0: 3 0x80009638 (0xbfe5)
core   0: 0x80009630 (0x00001f17) auipc   t5, 0x1
core   0: 3 0x80009630 (0x00001f17) x30 0x8000a630
core   0: 0x80009634 (0x9c3f2823) sw      gp, -1584(t5)
core   0: 3 0x80009634 (0x9c3f2823) mem 0x8000a000 0x00000001
core   0: 0x80009638 (0x0000bfe5) c.j     pc - 8
core   0: 3 0x80009638 (0xbfe5)
core   0: 0x80009630 (0x00001f17) auipc   t5, 0x1
core   0: 3 0x80009630 (0x00001f17) x30 0x8000a630
core   0: 0x80009634 (0x9c3f2823) sw      gp, -1584(t5)
core   0: 3 0x80009634 (0x9c3f2823) mem 0x8000a000 0x00000001
core   0: 0x80009638 (0x0000bfe5) c.j     pc - 8
core   0: 3 0x80009638 (0xbfe5)
core   0: 0x80009630 (0x00001f17) auipc   t5, 0x1
core   0: 3 0x80009630 (0x00001f17) x30 0x8000a630
core   0: 0x80009634 (0x9c3f2823) sw      gp, -1584(t5)
core   0: 3 0x80009634 (0x9c3f2823) mem 0x8000a000 0x00000001
core   0: 0x80009638 (0x0000bfe5) c.j     pc - 8
core   0: 3 0x80009638 (0xbfe5)
core   0: 0x80009630 (0x00001f17) auipc   t5, 0x1
core   0: 3 0x80009630 (0x00001f17) x30 0x8000a630
core   0: 0x80009634 (0x9c3f2823) sw      gp, -1584(t5)
core   0: 3 0x80009634 (0x9c3f2823) mem 0x8000a000 0x00000001
core   0: 0x80009638 (0x0000bfe5) c.j     pc - 8
core   0: 3 0x80009638 (0xbfe5)
core   0: 0x80009630 (0x00001f17) auipc   t5, 0x1
core   0: 3 0x80009630 (0x00001f17) x30 0x8000a630
core   0: 0x80009634 (0x9c3f2823) sw      gp, -1584(t5)
core   0: 3 0x80009634 (0x9c3f2823) mem 0x8000a000 0x00000001
core   0: 0x80009638 (0x0000bfe5) c.j     pc - 8
core   0: 3 0x80009638 (0xbfe5)
core   0: 0x80009630 (0x00001f17) auipc   t5, 0x1
core   0: 3 0x80009630 (0x00001f17) x30 0x8000a630
core   0: 0x80009634 (0x9c3f2823) sw      gp, -1584(t5)
core   0: 3 0x80009634 (0x9c3f2823) mem 0x8000a000 0x00000001
core   0: 0x80009638 (0x0000bfe5) c.j     pc - 8
core   0: 3 0x80009638 (0xbfe5)
core   0: 0x80009630 (0x00001f17) auipc   t5, 0x1
core   0: 3 0x80009630 (0x00001f17) x30 0x8000a630
core   0: 0x80009634 (0x9c3f2823) sw      gp, -1584(t5)
core   0: 3 0x80009634 (0x9c3f2823) mem 0x8000a000 0x00000001
core   0: 0x80009638 (0x0000bfe5) c.j     pc - 8
core   0: 3 0x80009638 (0xbfe5)
core   0: 0x80009630 (0x00001f17) auipc   t5, 0x1
core   0: 3 0x80009630 (0x00001f17) x30 0x8000a630
core   0: 0x80009634 (0x9c3f2823) sw      gp, -1584(t5)
core   0: 3 0x80009634 (0x9c3f2823) mem 0x8000a000 0x00000001
core   0: 0x80009638 (0x0000bfe5) c.j     pc - 8
core   0: 3 0x80009638 (0xbfe5)
core   0: 0x80009630 (0x00001f17) auipc   t5, 0x1
core   0: 3 0x80009630 (0x00001f17) x30 0x8000a630
core   0: 0x80009634 (0x9c3f2823) sw      gp, -1584(t5)
core   0: 3 0x80009634 (0x9c3f2823) mem 0x8000a000 0x00000001
core   0: 0x80009638 (0x0000bfe5) c.j     pc - 8
core   0: 3 0x80009638 (0xbfe5)
core   0: 0x80009630 (0x00001f17) auipc   t5, 0x1
core   0: 3 0x80009630 (0x00001f17) x30 0x8000a630
core   0: 0x80009634 (0x9c3f2823) sw      gp, -1584(t5)
core   0: 3 0x80009634 (0x9c3f2823) mem 0x8000a000 0x00000001
core   0: 0x80009638 (0x0000bfe5) c.j     pc - 8
core   0: 3 0x80009638 (0xbfe5)
core   0: 0x80009630 (0x00001f17) auipc   t5, 0x1
core   0: 3 0x80009630 (0x00001f17) x30 0x8000a630
core   0: 0x80009634 (0x9c3f2823) sw      gp, -1584(t5)
core   0: 3 0x80009634 (0x9c3f2823) mem 0x8000a000 0x00000001
core   0: 0x80009638 (0x0000bfe5) c.j     pc - 8
core   0: 3 0x80009638 (0xbfe5)
core   0: 0x80009630 (0x00001f17) auipc   t5, 0x1
core   0: 3 0x80009630 (0x00001f17) x30 0x8000a630
core   0: 0x80009634 (0x9c3f2823) sw      gp, -1584(t5)
core   0: 3 0x80009634 (0x9c3f2823) mem 0x8000a000 0x00000001
core   0: 0x80009638 (0x0000bfe5) c.j     pc - 8
core   0: 3 0x80009638 (0xbfe5)
core   0: 0x80009630 (0x00001f17) auipc   t5, 0x1
core   0: 3 0x80009630 (0x00001f17) x30 0x8000a630
core   0: 0x80009634 (0x9c3f2823) sw      gp, -1584(t5)
core   0: 3 0x80009634 (0x9c3f2823) mem 0x8000a000 0x00000001
core   0: 0x80009638 (0x0000bfe5) c.j     pc - 8
core   0: 3 0x80009638 (0xbfe5)
core   0: 0x80009630 (0x00001f17) auipc   t5, 0x1
core   0: 3 0x80009630 (0x00001f17) x30 0x8000a630
core   0: 0x80009634 (0x9c3f2823) sw      gp, -1584(t5)
core   0: 3 0x80009634 (0x9c3f2823) mem 0x8000a000 0x00000001
core   0: 0x80009638 (0x0000bfe5) c.j     pc - 8
core   0: 3 0x80009638 (0xbfe5)
core   0: 0x80009630 (0x00001f17) auipc   t5, 0x1
core   0: 3 0x80009630 (0x00001f17) x30 0x8000a630
core   0: 0x80009634 (0x9c3f2823) sw      gp, -1584(t5)
core   0: 3 0x80009634 (0x9c3f2823) mem 0x8000a000 0x00000001
core   0: 0x80009638 (0x0000bfe5) c.j     pc - 8
core   0: 3 0x80009638 (0xbfe5)
core   0: 0x80009630 (0x00001f17) auipc   t5, 0x1
core   0: 3 0x80009630 (0x00001f17) x30 0x8000a630
core   0: 0x80009634 (0x9c3f2823) sw      gp, -1584(t5)
core   0: 3 0x80009634 (0x9c3f2823) mem 0x8000a000 0x00000001
core   0: 0x80009638 (0x0000bfe5) c.j     pc - 8
core   0: 3 0x80009638 (0xbfe5)
core   0: 0x80009630 (0x00001f17) auipc   t5, 0x1
core   0: 3 0x80009630 (0x00001f17) x30 0x8000a630
core   0: 0x80009634 (0x9c3f2823) sw      gp, -1584(t5)
core   0: 3 0x80009634 (0x9c3f2823) mem 0x8000a000 0x00000001
core   0: 0x80009638 (0x0000bfe5) c.j     pc - 8
core   0: 3 0x80009638 (0xbfe5)
core   0: 0x80009630 (0x00001f17) auipc   t5, 0x1
core   0: 3 0x80009630 (0x00001f17) x30 0x8000a630
core   0: 0x80009634 (0x9c3f2823) sw      gp, -1584(t5)
core   0: 3 0x80009634 (0x9c3f2823) mem 0x8000a000 0x00000001
core   0: 0x80009638 (0x0000bfe5) c.j     pc - 8
core   0: 3 0x80009638 (0xbfe5)
core   0: 0x80009630 (0x00001f17) auipc   t5, 0x1
core   0: 3 0x80009630 (0x00001f17) x30 0x8000a630
core   0: 0x80009634 (0x9c3f2823) sw      gp, -1584(t5)
core   0: 3 0x80009634 (0x9c3f2823) mem 0x8000a000 0x00000001
core   0: 0x80009638 (0x0000bfe5) c.j     pc - 8
core   0: 3 0x80009638 (0xbfe5)
core   0: 0x80009630 (0x00001f17) auipc   t5, 0x1
core   0: 3 0x80009630 (0x00001f17) x30 0x8000a630
core   0: 0x80009634 (0x9c3f2823) sw      gp, -1584(t5)
core   0: 3 0x80009634 (0x9c3f2823) mem 0x8000a000 0x00000001
core   0: 0x80009638 (0x0000bfe5) c.j     pc - 8
core   0: 3 0x80009638 (0xbfe5)
core   0: 0x80009630 (0x00001f17) auipc   t5, 0x1
core   0: 3 0x80009630 (0x00001f17) x30 0x8000a630
core   0: 0x80009634 (0x9c3f2823) sw      gp, -1584(t5)
core   0: 3 0x80009634 (0x9c3f2823) mem 0x8000a000 0x00000001
core   0: 0x80009638 (0x0000bfe5) c.j     pc - 8
core   0: 3 0x80009638 (0xbfe5)
core   0: 0x80009630 (0x00001f17) auipc   t5, 0x1
core   0: 3 0x80009630 (0x00001f17) x30 0x8000a630
core   0: 0x80009634 (0x9c3f2823) sw      gp, -1584(t5)
core   0: 3 0x80009634 (0x9c3f2823) mem 0x8000a000 0x00000001
core   0: 0x80009638 (0x0000bfe5) c.j     pc - 8
core   0: 3 0x80009638 (0xbfe5)
core   0: 0x80009630 (0x00001f17) auipc   t5, 0x1
core   0: 3 0x80009630 (0x00001f17) x30 0x8000a630
core   0: 0x80009634 (0x9c3f2823) sw      gp, -1584(t5)
core   0: 3 0x80009634 (0x9c3f2823) mem 0x8000a000 0x00000001
core   0: 0x80009638 (0x0000bfe5) c.j     pc - 8
core   0: 3 0x80009638 (0xbfe5)
core   0: 0x80009630 (0x00001f17) auipc   t5, 0x1
core   0: 3 0x80009630 (0x00001f17) x30 0x8000a630
core   0: 0x80009634 (0x9c3f2823) sw      gp, -1584(t5)
core   0: 3 0x80009634 (0x9c3f2823) mem 0x8000a000 0x00000001
core   0: 0x80009638 (0x0000bfe5) c.j     pc - 8
core   0: 3 0x80009638 (0xbfe5)
core   0: 0x80009630 (0x00001f17) auipc   t5, 0x1
core   0: 3 0x80009630 (0x00001f17) x30 0x8000a630
core   0: 0x80009634 (0x9c3f2823) sw      gp, -1584(t5)
core   0: 3 0x80009634 (0x9c3f2823) mem 0x8000a000 0x00000001
core   0: 0x80009638 (0x0000bfe5) c.j     pc - 8
core   0: 3 0x80009638 (0xbfe5)
core   0: 0x80009630 (0x00001f17) auipc   t5, 0x1
core   0: 3 0x80009630 (0x00001f17) x30 0x8000a630
core   0: 0x80009634 (0x9c3f2823) sw      gp, -1584(t5)
core   0: 3 0x80009634 (0x9c3f2823) mem 0x8000a000 0x00000001
core   0: 0x80009638 (0x0000bfe5) c.j     pc - 8
core   0: 3 0x80009638 (0xbfe5)
core   0: 0x80009630 (0x00001f17) auipc   t5, 0x1
core   0: 3 0x80009630 (0x00001f17) x30 0x8000a630
core   0: 0x80009634 (0x9c3f2823) sw      gp, -1584(t5)
core   0: 3 0x80009634 (0x9c3f2823) mem 0x8000a000 0x00000001
core   0: 0x80009638 (0x0000bfe5) c.j     pc - 8
core   0: 3 0x80009638 (0xbfe5)
core   0: 0x80009630 (0x00001f17) auipc   t5, 0x1
core   0: 3 0x80009630 (0x00001f17) x30 0x8000a630
core   0: 0x80009634 (0x9c3f2823) sw      gp, -1584(t5)
core   0: 3 0x80009634 (0x9c3f2823) mem 0x8000a000 0x00000001
core   0: 0x80009638 (0x0000bfe5) c.j     pc - 8
core   0: 3 0x80009638 (0xbfe5)
core   0: 0x80009630 (0x00001f17) auipc   t5, 0x1
core   0: 3 0x80009630 (0x00001f17) x30 0x8000a630
core   0: 0x80009634 (0x9c3f2823) sw      gp, -1584(t5)
core   0: 3 0x80009634 (0x9c3f2823) mem 0x8000a000 0x00000001
core   0: 0x80009638 (0x0000bfe5) c.j     pc - 8
core   0: 3 0x80009638 (0xbfe5)
core   0: 0x80009630 (0x00001f17) auipc   t5, 0x1
core   0: 3 0x80009630 (0x00001f17) x30 0x8000a630
core   0: 0x80009634 (0x9c3f2823) sw      gp, -1584(t5)
core   0: 3 0x80009634 (0x9c3f2823) mem 0x8000a000 0x00000001
core   0: 0x80009638 (0x0000bfe5) c.j     pc - 8
core   0: 3 0x80009638 (0xbfe5)
core   0: 0x80009630 (0x00001f17) auipc   t5, 0x1
core   0: 3 0x80009630 (0x00001f17) x30 0x8000a630
core   0: 0x80009634 (0x9c3f2823) sw      gp, -1584(t5)
core   0: 3 0x80009634 (0x9c3f2823) mem 0x8000a000 0x00000001
core   0: 0x80009638 (0x0000bfe5) c.j     pc - 8
core   0: 3 0x80009638 (0xbfe5)
core   0: 0x80009630 (0x00001f17) auipc   t5, 0x1
core   0: 3 0x80009630 (0x00001f17) x30 0x8000a630
core   0: 0x80009634 (0x9c3f2823) sw      gp, -1584(t5)
core   0: 3 0x80009634 (0x9c3f2823) mem 0x8000a000 0x00000001
core   0: 0x80009638 (0x0000bfe5) c.j     pc - 8
core   0: 3 0x80009638 (0xbfe5)
core   0: 0x80009630 (0x00001f17) auipc   t5, 0x1
core   0: 3 0x80009630 (0x00001f17) x30 0x8000a630
core   0: 0x80009634 (0x9c3f2823) sw      gp, -1584(t5)
core   0: 3 0x80009634 (0x9c3f2823) mem 0x8000a000 0x00000001
core   0: 0x80009638 (0x0000bfe5) c.j     pc - 8
core   0: 3 0x80009638 (0xbfe5)
core   0: 0x80009630 (0x00001f17) auipc   t5, 0x1
core   0: 3 0x80009630 (0x00001f17) x30 0x8000a630
core   0: 0x80009634 (0x9c3f2823) sw      gp, -1584(t5)
core   0: 3 0x80009634 (0x9c3f2823) mem 0x8000a000 0x00000001
core   0: 0x80009638 (0x0000bfe5) c.j     pc - 8
core   0: 3 0x80009638 (0xbfe5)
core   0: 0x80009630 (0x00001f17) auipc   t5, 0x1
core   0: 3 0x80009630 (0x00001f17) x30 0x8000a630
core   0: 0x80009634 (0x9c3f2823) sw      gp, -1584(t5)
core   0: 3 0x80009634 (0x9c3f2823) mem 0x8000a000 0x00000001
core   0: 0x80009638 (0x0000bfe5) c.j     pc - 8
core   0: 3 0x80009638 (0xbfe5)
core   0: 0x80009630 (0x00001f17) auipc   t5, 0x1
core   0: 3 0x80009630 (0x00001f17) x30 0x8000a630
core   0: 0x80009634 (0x9c3f2823) sw      gp, -1584(t5)
core   0: 3 0x80009634 (0x9c3f2823) mem 0x8000a000 0x00000001
core   0: 0x80009638 (0x0000bfe5) c.j     pc - 8
core   0: 3 0x80009638 (0xbfe5)
core   0: 0x80009630 (0x00001f17) auipc   t5, 0x1
core   0: 3 0x80009630 (0x00001f17) x30 0x8000a630
core   0: 0x80009634 (0x9c3f2823) sw      gp, -1584(t5)
core   0: 3 0x80009634 (0x9c3f2823) mem 0x8000a000 0x00000001
core   0: 0x80009638 (0x0000bfe5) c.j     pc - 8
core   0: 3 0x80009638 (0xbfe5)
core   0: 0x80009630 (0x00001f17) auipc   t5, 0x1
core   0: 3 0x80009630 (0x00001f17) x30 0x8000a630
core   0: 0x80009634 (0x9c3f2823) sw      gp, -1584(t5)
core   0: 3 0x80009634 (0x9c3f2823) mem 0x8000a000 0x00000001
core   0: 0x80009638 (0x0000bfe5) c.j     pc - 8
core   0: 3 0x80009638 (0xbfe5)
core   0: 0x80009630 (0x00001f17) auipc   t5, 0x1
core   0: 3 0x80009630 (0x00001f17) x30 0x8000a630
core   0: 0x80009634 (0x9c3f2823) sw      gp, -1584(t5)
core   0: 3 0x80009634 (0x9c3f2823) mem 0x8000a000 0x00000001
core   0: 0x80009638 (0x0000bfe5) c.j     pc - 8
core   0: 3 0x80009638 (0xbfe5)
core   0: 0x80009630 (0x00001f17) auipc   t5, 0x1
core   0: 3 0x80009630 (0x00001f17) x30 0x8000a630
core   0: 0x80009634 (0x9c3f2823) sw      gp, -1584(t5)
core   0: 3 0x80009634 (0x9c3f2823) mem 0x8000a000 0x00000001
core   0: 0x80009638 (0x0000bfe5) c.j     pc - 8
core   0: 3 0x80009638 (0xbfe5)
core   0: 0x80009630 (0x00001f17) auipc   t5, 0x1
core   0: 3 0x80009630 (0x00001f17) x30 0x8000a630
core   0: 0x80009634 (0x9c3f2823) sw      gp, -1584(t5)
core   0: 3 0x80009634 (0x9c3f2823) mem 0x8000a000 0x00000001
core   0: 0x80009638 (0x0000bfe5) c.j     pc - 8
core   0: 3 0x80009638 (0xbfe5)
core   0: 0x80009630 (0x00001f17) auipc   t5, 0x1
core   0: 3 0x80009630 (0x00001f17) x30 0x8000a630
core   0: 0x80009634 (0x9c3f2823) sw      gp, -1584(t5)
core   0: 3 0x80009634 (0x9c3f2823) mem 0x8000a000 0x00000001
core   0: 0x80009638 (0x0000bfe5) c.j     pc - 8
core   0: 3 0x80009638 (0xbfe5)
core   0: 0x80009630 (0x00001f17) auipc   t5, 0x1
core   0: 3 0x80009630 (0x00001f17) x30 0x8000a630
core   0: 0x80009634 (0x9c3f2823) sw      gp, -1584(t5)
core   0: 3 0x80009634 (0x9c3f2823) mem 0x8000a000 0x00000001
core   0: 0x80009638 (0x0000bfe5) c.j     pc - 8
core   0: 3 0x80009638 (0xbfe5)
core   0: 0x80009630 (0x00001f17) auipc   t5, 0x1
core   0: 3 0x80009630 (0x00001f17) x30 0x8000a630
core   0: 0x80009634 (0x9c3f2823) sw      gp, -1584(t5)
core   0: 3 0x80009634 (0x9c3f2823) mem 0x8000a000 0x00000001
core   0: 0x80009638 (0x0000bfe5) c.j     pc - 8
core   0: 3 0x80009638 (0xbfe5)
core   0: 0x80009630 (0x00001f17) auipc   t5, 0x1
core   0: 3 0x80009630 (0x00001f17) x30 0x8000a630
core   0: 0x80009634 (0x9c3f2823) sw      gp, -1584(t5)
core   0: 3 0x80009634 (0x9c3f2823) mem 0x8000a000 0x00000001
core   0: 0x80009638 (0x0000bfe5) c.j     pc - 8
core   0: 3 0x80009638 (0xbfe5)
core   0: 0x80009630 (0x00001f17) auipc   t5, 0x1
core   0: 3 0x80009630 (0x00001f17) x30 0x8000a630
core   0: 0x80009634 (0x9c3f2823) sw      gp, -1584(t5)
core   0: 3 0x80009634 (0x9c3f2823) mem 0x8000a000 0x00000001
core   0: 0x80009638 (0x0000bfe5) c.j     pc - 8
core   0: 3 0x80009638 (0xbfe5)
core   0: 0x80009630 (0x00001f17) auipc   t5, 0x1
core   0: 3 0x80009630 (0x00001f17) x30 0x8000a630
core   0: 0x80009634 (0x9c3f2823) sw      gp, -1584(t5)
core   0: 3 0x80009634 (0x9c3f2823) mem 0x8000a000 0x00000001
core   0: 0x80009638 (0x0000bfe5) c.j     pc - 8
core   0: 3 0x80009638 (0xbfe5)
core   0: 0x80009630 (0x00001f17) auipc   t5, 0x1
core   0: 3 0x80009630 (0x00001f17) x30 0x8000a630
core   0: 0x80009634 (0x9c3f2823) sw      gp, -1584(t5)
core   0: 3 0x80009634 (0x9c3f2823) mem 0x8000a000 0x00000001
core   0: 0x80009638 (0x0000bfe5) c.j     pc - 8
core   0: 3 0x80009638 (0xbfe5)
core   0: 0x80009630 (0x00001f17) auipc   t5, 0x1
core   0: 3 0x80009630 (0x00001f17) x30 0x8000a630
core   0: 0x80009634 (0x9c3f2823) sw      gp, -1584(t5)
core   0: 3 0x80009634 (0x9c3f2823) mem 0x8000a000 0x00000001
core   0: 0x80009638 (0x0000bfe5) c.j     pc - 8
core   0: 3 0x80009638 (0xbfe5)
core   0: 0x80009630 (0x00001f17) auipc   t5, 0x1
core   0: 3 0x80009630 (0x00001f17) x30 0x8000a630
core   0: 0x80009634 (0x9c3f2823) sw      gp, -1584(t5)
core   0: 3 0x80009634 (0x9c3f2823) mem 0x8000a000 0x00000001
core   0: 0x80009638 (0x0000bfe5) c.j     pc - 8
core   0: 3 0x80009638 (0xbfe5)
core   0: 0x80009630 (0x00001f17) auipc   t5, 0x1
core   0: 3 0x80009630 (0x00001f17) x30 0x8000a630
core   0: 0x80009634 (0x9c3f2823) sw      gp, -1584(t5)
core   0: 3 0x80009634 (0x9c3f2823) mem 0x8000a000 0x00000001
core   0: 0x80009638 (0x0000bfe5) c.j     pc - 8
core   0: 3 0x80009638 (0xbfe5)
core   0: 0x80009630 (0x00001f17) auipc   t5, 0x1
core   0: 3 0x80009630 (0x00001f17) x30 0x8000a630
core   0: 0x80009634 (0x9c3f2823) sw      gp, -1584(t5)
core   0: 3 0x80009634 (0x9c3f2823) mem 0x8000a000 0x00000001
core   0: 0x80009638 (0x0000bfe5) c.j     pc - 8
core   0: 3 0x80009638 (0xbfe5)
core   0: 0x80009630 (0x00001f17) auipc   t5, 0x1
core   0: 3 0x80009630 (0x00001f17) x30 0x8000a630
core   0: 0x80009634 (0x9c3f2823) sw      gp, -1584(t5)
core   0: 3 0x80009634 (0x9c3f2823) mem 0x8000a000 0x00000001
core   0: 0x80009638 (0x0000bfe5) c.j     pc - 8
core   0: 3 0x80009638 (0xbfe5)
core   0: 0x80009630 (0x00001f17) auipc   t5, 0x1
core   0: 3 0x80009630 (0x00001f17) x30 0x8000a630
core   0: 0x80009634 (0x9c3f2823) sw      gp, -1584(t5)
core   0: 3 0x80009634 (0x9c3f2823) mem 0x8000a000 0x00000001
core   0: 0x80009638 (0x0000bfe5) c.j     pc - 8
core   0: 3 0x80009638 (0xbfe5)
core   0: 0x80009630 (0x00001f17) auipc   t5, 0x1
core   0: 3 0x80009630 (0x00001f17) x30 0x8000a630
core   0: 0x80009634 (0x9c3f2823) sw      gp, -1584(t5)
core   0: 3 0x80009634 (0x9c3f2823) mem 0x8000a000 0x00000001
core   0: 0x80009638 (0x0000bfe5) c.j     pc - 8
core   0: 3 0x80009638 (0xbfe5)
core   0: 0x80009630 (0x00001f17) auipc   t5, 0x1
core   0: 3 0x80009630 (0x00001f17) x30 0x8000a630
core   0: 0x80009634 (0x9c3f2823) sw      gp, -1584(t5)
core   0: 3 0x80009634 (0x9c3f2823) mem 0x8000a000 0x00000001
core   0: 0x80009638 (0x0000bfe5) c.j     pc - 8
core   0: 3 0x80009638 (0xbfe5)
core   0: 0x80009630 (0x00001f17) auipc   t5, 0x1
core   0: 3 0x80009630 (0x00001f17) x30 0x8000a630
core   0: 0x80009634 (0x9c3f2823) sw      gp, -1584(t5)
core   0: 3 0x80009634 (0x9c3f2823) mem 0x8000a000 0x00000001
core   0: 0x80009638 (0x0000bfe5) c.j     pc - 8
core   0: 3 0x80009638 (0xbfe5)
core   0: 0x80009630 (0x00001f17) auipc   t5, 0x1
core   0: 3 0x80009630 (0x00001f17) x30 0x8000a630
core   0: 0x80009634 (0x9c3f2823) sw      gp, -1584(t5)
core   0: 3 0x80009634 (0x9c3f2823) mem 0x8000a000 0x00000001
core   0: 0x80009638 (0x0000bfe5) c.j     pc - 8
core   0: 3 0x80009638 (0xbfe5)
core   0: 0x80009630 (0x00001f17) auipc   t5, 0x1
core   0: 3 0x80009630 (0x00001f17) x30 0x8000a630
core   0: 0x80009634 (0x9c3f2823) sw      gp, -1584(t5)
core   0: 3 0x80009634 (0x9c3f2823) mem 0x8000a000 0x00000001
core   0: 0x80009638 (0x0000bfe5) c.j     pc - 8
core   0: 3 0x80009638 (0xbfe5)
core   0: 0x80009630 (0x00001f17) auipc   t5, 0x1
core   0: 3 0x80009630 (0x00001f17) x30 0x8000a630
core   0: 0x80009634 (0x9c3f2823) sw      gp, -1584(t5)
core   0: 3 0x80009634 (0x9c3f2823) mem 0x8000a000 0x00000001
core   0: 0x80009638 (0x0000bfe5) c.j     pc - 8
core   0: 3 0x80009638 (0xbfe5)
core   0: 0x80009630 (0x00001f17) auipc   t5, 0x1
core   0: 3 0x80009630 (0x00001f17) x30 0x8000a630
core   0: 0x80009634 (0x9c3f2823) sw      gp, -1584(t5)
core   0: 3 0x80009634 (0x9c3f2823) mem 0x8000a000 0x00000001
core   0: 0x80009638 (0x0000bfe5) c.j     pc - 8
core   0: 3 0x80009638 (0xbfe5)
core   0: 0x80009630 (0x00001f17) auipc   t5, 0x1
core   0: 3 0x80009630 (0x00001f17) x30 0x8000a630
core   0: 0x80009634 (0x9c3f2823) sw      gp, -1584(t5)
core   0: 3 0x80009634 (0x9c3f2823) mem 0x8000a000 0x00000001
core   0: 0x80009638 (0x0000bfe5) c.j     pc - 8
core   0: 3 0x80009638 (0xbfe5)
core   0: 0x80009630 (0x00001f17) auipc   t5, 0x1
core   0: 3 0x80009630 (0x00001f17) x30 0x8000a630
core   0: 0x80009634 (0x9c3f2823) sw      gp, -1584(t5)
core   0: 3 0x80009634 (0x9c3f2823) mem 0x8000a000 0x00000001
core   0: 0x80009638 (0x0000bfe5) c.j     pc - 8
core   0: 3 0x80009638 (0xbfe5)
core   0: 0x80009630 (0x00001f17) auipc   t5, 0x1
core   0: 3 0x80009630 (0x00001f17) x30 0x8000a630
core   0: 0x80009634 (0x9c3f2823) sw      gp, -1584(t5)
core   0: 3 0x80009634 (0x9c3f2823) mem 0x8000a000 0x00000001
core   0: 0x80009638 (0x0000bfe5) c.j     pc - 8
core   0: 3 0x80009638 (0xbfe5)
core   0: 0x80009630 (0x00001f17) auipc   t5, 0x1
core   0: 3 0x80009630 (0x00001f17) x30 0x8000a630
core   0: 0x80009634 (0x9c3f2823) sw      gp, -1584(t5)
core   0: 3 0x80009634 (0x9c3f2823) mem 0x8000a000 0x00000001
core   0: 0x80009638 (0x0000bfe5) c.j     pc - 8
core   0: 3 0x80009638 (0xbfe5)
core   0: 0x80009630 (0x00001f17) auipc   t5, 0x1
core   0: 3 0x80009630 (0x00001f17) x30 0x8000a630
core   0: 0x80009634 (0x9c3f2823) sw      gp, -1584(t5)
core   0: 3 0x80009634 (0x9c3f2823) mem 0x8000a000 0x00000001
core   0: 0x80009638 (0x0000bfe5) c.j     pc - 8
core   0: 3 0x80009638 (0xbfe5)
core   0: 0x80009630 (0x00001f17) auipc   t5, 0x1
core   0: 3 0x80009630 (0x00001f17) x30 0x8000a630
core   0: 0x80009634 (0x9c3f2823) sw      gp, -1584(t5)
core   0: 3 0x80009634 (0x9c3f2823) mem 0x8000a000 0x00000001
core   0: 0x80009638 (0x0000bfe5) c.j     pc - 8
core   0: 3 0x80009638 (0xbfe5)
core   0: 0x80009630 (0x00001f17) auipc   t5, 0x1
core   0: 3 0x80009630 (0x00001f17) x30 0x8000a630
core   0: 0x80009634 (0x9c3f2823) sw      gp, -1584(t5)
core   0: 3 0x80009634 (0x9c3f2823) mem 0x8000a000 0x00000001
core   0: 0x80009638 (0x0000bfe5) c.j     pc - 8
core   0: 3 0x80009638 (0xbfe5)
core   0: 0x80009630 (0x00001f17) auipc   t5, 0x1
core   0: 3 0x80009630 (0x00001f17) x30 0x8000a630
core   0: 0x80009634 (0x9c3f2823) sw      gp, -1584(t5)
core   0: 3 0x80009634 (0x9c3f2823) mem 0x8000a000 0x00000001
core   0: 0x80009638 (0x0000bfe5) c.j     pc - 8
core   0: 3 0x80009638 (0xbfe5)
core   0: 0x80009630 (0x00001f17) auipc   t5, 0x1
core   0: 3 0x80009630 (0x00001f17) x30 0x8000a630
core   0: 0x80009634 (0x9c3f2823) sw      gp, -1584(t5)
core   0: 3 0x80009634 (0x9c3f2823) mem 0x8000a000 0x00000001
core   0: 0x80009638 (0x0000bfe5) c.j     pc - 8
core   0: 3 0x80009638 (0xbfe5)
core   0: 0x80009630 (0x00001f17) auipc   t5, 0x1
core   0: 3 0x80009630 (0x00001f17) x30 0x8000a630
core   0: 0x80009634 (0x9c3f2823) sw      gp, -1584(t5)
core   0: 3 0x80009634 (0x9c3f2823) mem 0x8000a000 0x00000001
core   0: 0x80009638 (0x0000bfe5) c.j     pc - 8
core   0: 3 0x80009638 (0xbfe5)
core   0: 0x80009630 (0x00001f17) auipc   t5, 0x1
core   0: 3 0x80009630 (0x00001f17) x30 0x8000a630
core   0: 0x80009634 (0x9c3f2823) sw      gp, -1584(t5)
core   0: 3 0x80009634 (0x9c3f2823) mem 0x8000a000 0x00000001
core   0: 0x80009638 (0x0000bfe5) c.j     pc - 8
core   0: 3 0x80009638 (0xbfe5)
core   0: 0x80009630 (0x00001f17) auipc   t5, 0x1
core   0: 3 0x80009630 (0x00001f17) x30 0x8000a630
core   0: 0x80009634 (0x9c3f2823) sw      gp, -1584(t5)
core   0: 3 0x80009634 (0x9c3f2823) mem 0x8000a000 0x00000001
core   0: 0x80009638 (0x0000bfe5) c.j     pc - 8
core   0: 3 0x80009638 (0xbfe5)
core   0: 0x80009630 (0x00001f17) auipc   t5, 0x1
core   0: 3 0x80009630 (0x00001f17) x30 0x8000a630
core   0: 0x80009634 (0x9c3f2823) sw      gp, -1584(t5)
core   0: 3 0x80009634 (0x9c3f2823) mem 0x8000a000 0x00000001
core   0: 0x80009638 (0x0000bfe5) c.j     pc - 8
core   0: 3 0x80009638 (0xbfe5)
core   0: 0x80009630 (0x00001f17) auipc   t5, 0x1
core   0: 3 0x80009630 (0x00001f17) x30 0x8000a630
core   0: 0x80009634 (0x9c3f2823) sw      gp, -1584(t5)
core   0: 3 0x80009634 (0x9c3f2823) mem 0x8000a000 0x00000001
core   0: 0x80009638 (0x0000bfe5) c.j     pc - 8
core   0: 3 0x80009638 (0xbfe5)
core   0: 0x80009630 (0x00001f17) auipc   t5, 0x1
core   0: 3 0x80009630 (0x00001f17) x30 0x8000a630
core   0: 0x80009634 (0x9c3f2823) sw      gp, -1584(t5)
core   0: 3 0x80009634 (0x9c3f2823) mem 0x8000a000 0x00000001
core   0: 0x80009638 (0x0000bfe5) c.j     pc - 8
core   0: 3 0x80009638 (0xbfe5)
core   0: 0x80009630 (0x00001f17) auipc   t5, 0x1
core   0: 3 0x80009630 (0x00001f17) x30 0x8000a630
core   0: 0x80009634 (0x9c3f2823) sw      gp, -1584(t5)
core   0: 3 0x80009634 (0x9c3f2823) mem 0x8000a000 0x00000001
core   0: 0x80009638 (0x0000bfe5) c.j     pc - 8
core   0: 3 0x80009638 (0xbfe5)
core   0: 0x80009630 (0x00001f17) auipc   t5, 0x1
core   0: 3 0x80009630 (0x00001f17) x30 0x8000a630
core   0: 0x80009634 (0x9c3f2823) sw      gp, -1584(t5)
core   0: 3 0x80009634 (0x9c3f2823) mem 0x8000a000 0x00000001
core   0: 0x80009638 (0x0000bfe5) c.j     pc - 8
core   0: 3 0x80009638 (0xbfe5)
core   0: 0x80009630 (0x00001f17) auipc   t5, 0x1
core   0: 3 0x80009630 (0x00001f17) x30 0x8000a630
core   0: 0x80009634 (0x9c3f2823) sw      gp, -1584(t5)
core   0: 3 0x80009634 (0x9c3f2823) mem 0x8000a000 0x00000001
core   0: 0x80009638 (0x0000bfe5) c.j     pc - 8
core   0: 3 0x80009638 (0xbfe5)
core   0: 0x80009630 (0x00001f17) auipc   t5, 0x1
core   0: 3 0x80009630 (0x00001f17) x30 0x8000a630
core   0: 0x80009634 (0x9c3f2823) sw      gp, -1584(t5)
core   0: 3 0x80009634 (0x9c3f2823) mem 0x8000a000 0x00000001
core   0: 0x80009638 (0x0000bfe5) c.j     pc - 8
core   0: 3 0x80009638 (0xbfe5)
core   0: 0x80009630 (0x00001f17) auipc   t5, 0x1
core   0: 3 0x80009630 (0x00001f17) x30 0x8000a630
core   0: 0x80009634 (0x9c3f2823) sw      gp, -1584(t5)
core   0: 3 0x80009634 (0x9c3f2823) mem 0x8000a000 0x00000001
core   0: 0x80009638 (0x0000bfe5) c.j     pc - 8
core   0: 3 0x80009638 (0xbfe5)
core   0: 0x80009630 (0x00001f17) auipc   t5, 0x1
core   0: 3 0x80009630 (0x00001f17) x30 0x8000a630
core   0: 0x80009634 (0x9c3f2823) sw      gp, -1584(t5)
core   0: 3 0x80009634 (0x9c3f2823) mem 0x8000a000 0x00000001
core   0: 0x80009638 (0x0000bfe5) c.j     pc - 8
core   0: 3 0x80009638 (0xbfe5)
core   0: 0x80009630 (0x00001f17) auipc   t5, 0x1
core   0: 3 0x80009630 (0x00001f17) x30 0x8000a630
core   0: 0x80009634 (0x9c3f2823) sw      gp, -1584(t5)
core   0: 3 0x80009634 (0x9c3f2823) mem 0x8000a000 0x00000001
core   0: 0x80009638 (0x0000bfe5) c.j     pc - 8
core   0: 3 0x80009638 (0xbfe5)
core   0: 0x80009630 (0x00001f17) auipc   t5, 0x1
core   0: 3 0x80009630 (0x00001f17) x30 0x8000a630
core   0: 0x80009634 (0x9c3f2823) sw      gp, -1584(t5)
core   0: 3 0x80009634 (0x9c3f2823) mem 0x8000a000 0x00000001
core   0: 0x80009638 (0x0000bfe5) c.j     pc - 8
core   0: 3 0x80009638 (0xbfe5)
core   0: 0x80009630 (0x00001f17) auipc   t5, 0x1
core   0: 3 0x80009630 (0x00001f17) x30 0x8000a630
core   0: 0x80009634 (0x9c3f2823) sw      gp, -1584(t5)
core   0: 3 0x80009634 (0x9c3f2823) mem 0x8000a000 0x00000001
core   0: 0x80009638 (0x0000bfe5) c.j     pc - 8
core   0: 3 0x80009638 (0xbfe5)
core   0: 0x80009630 (0x00001f17) auipc   t5, 0x1
core   0: 3 0x80009630 (0x00001f17) x30 0x8000a630
core   0: 0x80009634 (0x9c3f2823) sw      gp, -1584(t5)
core   0: 3 0x80009634 (0x9c3f2823) mem 0x8000a000 0x00000001
core   0: 0x80009638 (0x0000bfe5) c.j     pc - 8
core   0: 3 0x80009638 (0xbfe5)
core   0: 0x80009630 (0x00001f17) auipc   t5, 0x1
core   0: 3 0x80009630 (0x00001f17) x30 0x8000a630
core   0: 0x80009634 (0x9c3f2823) sw      gp, -1584(t5)
core   0: 3 0x80009634 (0x9c3f2823) mem 0x8000a000 0x00000001
core   0: 0x80009638 (0x0000bfe5) c.j     pc - 8
core   0: 3 0x80009638 (0xbfe5)
core   0: 0x80009630 (0x00001f17) auipc   t5, 0x1
core   0: 3 0x80009630 (0x00001f17) x30 0x8000a630
core   0: 0x80009634 (0x9c3f2823) sw      gp, -1584(t5)
core   0: 3 0x80009634 (0x9c3f2823) mem 0x8000a000 0x00000001
core   0: 0x80009638 (0x0000bfe5) c.j     pc - 8
core   0: 3 0x80009638 (0xbfe5)
core   0: 0x80009630 (0x00001f17) auipc   t5, 0x1
core   0: 3 0x80009630 (0x00001f17) x30 0x8000a630
core   0: 0x80009634 (0x9c3f2823) sw      gp, -1584(t5)
core   0: 3 0x80009634 (0x9c3f2823) mem 0x8000a000 0x00000001
core   0: 0x80009638 (0x0000bfe5) c.j     pc - 8
core   0: 3 0x80009638 (0xbfe5)
core   0: 0x80009630 (0x00001f17) auipc   t5, 0x1
core   0: 3 0x80009630 (0x00001f17) x30 0x8000a630
core   0: 0x80009634 (0x9c3f2823) sw      gp, -1584(t5)
core   0: 3 0x80009634 (0x9c3f2823) mem 0x8000a000 0x00000001
core   0: 0x80009638 (0x0000bfe5) c.j     pc - 8
core   0: 3 0x80009638 (0xbfe5)
core   0: 0x80009630 (0x00001f17) auipc   t5, 0x1
core   0: 3 0x80009630 (0x00001f17) x30 0x8000a630
core   0: 0x80009634 (0x9c3f2823) sw      gp, -1584(t5)
core   0: 3 0x80009634 (0x9c3f2823) mem 0x8000a000 0x00000001
core   0: 0x80009638 (0x0000bfe5) c.j     pc - 8
core   0: 3 0x80009638 (0xbfe5)
core   0: 0x80009630 (0x00001f17) auipc   t5, 0x1
core   0: 3 0x80009630 (0x00001f17) x30 0x8000a630
core   0: 0x80009634 (0x9c3f2823) sw      gp, -1584(t5)
core   0: 3 0x80009634 (0x9c3f2823) mem 0x8000a000 0x00000001
core   0: 0x80009638 (0x0000bfe5) c.j     pc - 8
core   0: 3 0x80009638 (0xbfe5)
core   0: 0x80009630 (0x00001f17) auipc   t5, 0x1
core   0: 3 0x80009630 (0x00001f17) x30 0x8000a630
core   0: 0x80009634 (0x9c3f2823) sw      gp, -1584(t5)
core   0: 3 0x80009634 (0x9c3f2823) mem 0x8000a000 0x00000001
core   0: 0x80009638 (0x0000bfe5) c.j     pc - 8
core   0: 3 0x80009638 (0xbfe5)
core   0: 0x80009630 (0x00001f17) auipc   t5, 0x1
core   0: 3 0x80009630 (0x00001f17) x30 0x8000a630
core   0: 0x80009634 (0x9c3f2823) sw      gp, -1584(t5)
core   0: 3 0x80009634 (0x9c3f2823) mem 0x8000a000 0x00000001
core   0: 0x80009638 (0x0000bfe5) c.j     pc - 8
core   0: 3 0x80009638 (0xbfe5)
core   0: 0x80009630 (0x00001f17) auipc   t5, 0x1
core   0: 3 0x80009630 (0x00001f17) x30 0x8000a630
core   0: 0x80009634 (0x9c3f2823) sw      gp, -1584(t5)
core   0: 3 0x80009634 (0x9c3f2823) mem 0x8000a000 0x00000001
core   0: 0x80009638 (0x0000bfe5) c.j     pc - 8
core   0: 3 0x80009638 (0xbfe5)
core   0: 0x80009630 (0x00001f17) auipc   t5, 0x1
core   0: 3 0x80009630 (0x00001f17) x30 0x8000a630
core   0: 0x80009634 (0x9c3f2823) sw      gp, -1584(t5)
core   0: 3 0x80009634 (0x9c3f2823) mem 0x8000a000 0x00000001
core   0: 0x80009638 (0x0000bfe5) c.j     pc - 8
core   0: 3 0x80009638 (0xbfe5)
core   0: 0x80009630 (0x00001f17) auipc   t5, 0x1
core   0: 3 0x80009630 (0x00001f17) x30 0x8000a630
core   0: 0x80009634 (0x9c3f2823) sw      gp, -1584(t5)
core   0: 3 0x80009634 (0x9c3f2823) mem 0x8000a000 0x00000001
core   0: 0x80009638 (0x0000bfe5) c.j     pc - 8
core   0: 3 0x80009638 (0xbfe5)
core   0: 0x80009630 (0x00001f17) auipc   t5, 0x1
core   0: 3 0x80009630 (0x00001f17) x30 0x8000a630
core   0: 0x80009634 (0x9c3f2823) sw      gp, -1584(t5)
core   0: 3 0x80009634 (0x9c3f2823) mem 0x8000a000 0x00000001
core   0: 0x80009638 (0x0000bfe5) c.j     pc - 8
core   0: 3 0x80009638 (0xbfe5)
core   0: 0x80009630 (0x00001f17) auipc   t5, 0x1
core   0: 3 0x80009630 (0x00001f17) x30 0x8000a630
core   0: 0x80009634 (0x9c3f2823) sw      gp, -1584(t5)
core   0: 3 0x80009634 (0x9c3f2823) mem 0x8000a000 0x00000001
core   0: 0x80009638 (0x0000bfe5) c.j     pc - 8
core   0: 3 0x80009638 (0xbfe5)
core   0: 0x80009630 (0x00001f17) auipc   t5, 0x1
core   0: 3 0x80009630 (0x00001f17) x30 0x8000a630
core   0: 0x80009634 (0x9c3f2823) sw      gp, -1584(t5)
core   0: 3 0x80009634 (0x9c3f2823) mem 0x8000a000 0x00000001
core   0: 0x80009638 (0x0000bfe5) c.j     pc - 8
core   0: 3 0x80009638 (0xbfe5)
core   0: 0x80009630 (0x00001f17) auipc   t5, 0x1
core   0: 3 0x80009630 (0x00001f17) x30 0x8000a630
core   0: 0x80009634 (0x9c3f2823) sw      gp, -1584(t5)
core   0: 3 0x80009634 (0x9c3f2823) mem 0x8000a000 0x00000001
core   0: 0x80009638 (0x0000bfe5) c.j     pc - 8
core   0: 3 0x80009638 (0xbfe5)
core   0: 0x80009630 (0x00001f17) auipc   t5, 0x1
core   0: 3 0x80009630 (0x00001f17) x30 0x8000a630
core   0: 0x80009634 (0x9c3f2823) sw      gp, -1584(t5)
core   0: 3 0x80009634 (0x9c3f2823) mem 0x8000a000 0x00000001
core   0: 0x80009638 (0x0000bfe5) c.j     pc - 8
core   0: 3 0x80009638 (0xbfe5)
core   0: 0x80009630 (0x00001f17) auipc   t5, 0x1
core   0: 3 0x80009630 (0x00001f17) x30 0x8000a630
core   0: 0x80009634 (0x9c3f2823) sw      gp, -1584(t5)
core   0: 3 0x80009634 (0x9c3f2823) mem 0x8000a000 0x00000001
core   0: 0x80009638 (0x0000bfe5) c.j     pc - 8
core   0: 3 0x80009638 (0xbfe5)
core   0: 0x80009630 (0x00001f17) auipc   t5, 0x1
core   0: 3 0x80009630 (0x00001f17) x30 0x8000a630
core   0: 0x80009634 (0x9c3f2823) sw      gp, -1584(t5)
core   0: 3 0x80009634 (0x9c3f2823) mem 0x8000a000 0x00000001
core   0: 0x80009638 (0x0000bfe5) c.j     pc - 8
core   0: 3 0x80009638 (0xbfe5)
core   0: 0x80009630 (0x00001f17) auipc   t5, 0x1
core   0: 3 0x80009630 (0x00001f17) x30 0x8000a630
core   0: 0x80009634 (0x9c3f2823) sw      gp, -1584(t5)
core   0: 3 0x80009634 (0x9c3f2823) mem 0x8000a000 0x00000001
core   0: 0x80009638 (0x0000bfe5) c.j     pc - 8
core   0: 3 0x80009638 (0xbfe5)
core   0: 0x80009630 (0x00001f17) auipc   t5, 0x1
core   0: 3 0x80009630 (0x00001f17) x30 0x8000a630
core   0: 0x80009634 (0x9c3f2823) sw      gp, -1584(t5)
core   0: 3 0x80009634 (0x9c3f2823) mem 0x8000a000 0x00000001
core   0: 0x80009638 (0x0000bfe5) c.j     pc - 8
core   0: 3 0x80009638 (0xbfe5)
core   0: 0x80009630 (0x00001f17) auipc   t5, 0x1
core   0: 3 0x80009630 (0x00001f17) x30 0x8000a630
core   0: 0x80009634 (0x9c3f2823) sw      gp, -1584(t5)
core   0: 3 0x80009634 (0x9c3f2823) mem 0x8000a000 0x00000001
core   0: 0x80009638 (0x0000bfe5) c.j     pc - 8
core   0: 3 0x80009638 (0xbfe5)
core   0: 0x80009630 (0x00001f17) auipc   t5, 0x1
core   0: 3 0x80009630 (0x00001f17) x30 0x8000a630
core   0: 0x80009634 (0x9c3f2823) sw      gp, -1584(t5)
core   0: 3 0x80009634 (0x9c3f2823) mem 0x8000a000 0x00000001
core   0: 0x80009638 (0x0000bfe5) c.j     pc - 8
core   0: 3 0x80009638 (0xbfe5)
core   0: 0x80009630 (0x00001f17) auipc   t5, 0x1
core   0: 3 0x80009630 (0x00001f17) x30 0x8000a630
core   0: 0x80009634 (0x9c3f2823) sw      gp, -1584(t5)
core   0: 3 0x80009634 (0x9c3f2823) mem 0x8000a000 0x00000001
core   0: 0x80009638 (0x0000bfe5) c.j     pc - 8
core   0: 3 0x80009638 (0xbfe5)
core   0: 0x80009630 (0x00001f17) auipc   t5, 0x1
core   0: 3 0x80009630 (0x00001f17) x30 0x8000a630
core   0: 0x80009634 (0x9c3f2823) sw      gp, -1584(t5)
core   0: 3 0x80009634 (0x9c3f2823) mem 0x8000a000 0x00000001
core   0: 0x80009638 (0x0000bfe5) c.j     pc - 8
core   0: 3 0x80009638 (0xbfe5)
core   0: 0x80009630 (0x00001f17) auipc   t5, 0x1
core   0: 3 0x80009630 (0x00001f17) x30 0x8000a630
core   0: 0x80009634 (0x9c3f2823) sw      gp, -1584(t5)
core   0: 3 0x80009634 (0x9c3f2823) mem 0x8000a000 0x00000001
core   0: 0x80009638 (0x0000bfe5) c.j     pc - 8
core   0: 3 0x80009638 (0xbfe5)
core   0: 0x80009630 (0x00001f17) auipc   t5, 0x1
core   0: 3 0x80009630 (0x00001f17) x30 0x8000a630
core   0: 0x80009634 (0x9c3f2823) sw      gp, -1584(t5)
core   0: 3 0x80009634 (0x9c3f2823) mem 0x8000a000 0x00000001
core   0: 0x80009638 (0x0000bfe5) c.j     pc - 8
core   0: 3 0x80009638 (0xbfe5)
core   0: 0x80009630 (0x00001f17) auipc   t5, 0x1
core   0: 3 0x80009630 (0x00001f17) x30 0x8000a630
core   0: 0x80009634 (0x9c3f2823) sw      gp, -1584(t5)
core   0: 3 0x80009634 (0x9c3f2823) mem 0x8000a000 0x00000001
core   0: 0x80009638 (0x0000bfe5) c.j     pc - 8
core   0: 3 0x80009638 (0xbfe5)
core   0: 0x80009630 (0x00001f17) auipc   t5, 0x1
core   0: 3 0x80009630 (0x00001f17) x30 0x8000a630
core   0: 0x80009634 (0x9c3f2823) sw      gp, -1584(t5)
core   0: 3 0x80009634 (0x9c3f2823) mem 0x8000a000 0x00000001
core   0: 0x80009638 (0x0000bfe5) c.j     pc - 8
core   0: 3 0x80009638 (0xbfe5)
core   0: 0x80009630 (0x00001f17) auipc   t5, 0x1
core   0: 3 0x80009630 (0x00001f17) x30 0x8000a630
core   0: 0x80009634 (0x9c3f2823) sw      gp, -1584(t5)
core   0: 3 0x80009634 (0x9c3f2823) mem 0x8000a000 0x00000001
core   0: 0x80009638 (0x0000bfe5) c.j     pc - 8
core   0: 3 0x80009638 (0xbfe5)
core   0: 0x80009630 (0x00001f17) auipc   t5, 0x1
core   0: 3 0x80009630 (0x00001f17) x30 0x8000a630
core   0: 0x80009634 (0x9c3f2823) sw      gp, -1584(t5)
core   0: 3 0x80009634 (0x9c3f2823) mem 0x8000a000 0x00000001
core   0: 0x80009638 (0x0000bfe5) c.j     pc - 8
core   0: 3 0x80009638 (0xbfe5)
core   0: 0x80009630 (0x00001f17) auipc   t5, 0x1
core   0: 3 0x80009630 (0x00001f17) x30 0x8000a630
core   0: 0x80009634 (0x9c3f2823) sw      gp, -1584(t5)
core   0: 3 0x80009634 (0x9c3f2823) mem 0x8000a000 0x00000001
core   0: 0x80009638 (0x0000bfe5) c.j     pc - 8
core   0: 3 0x80009638 (0xbfe5)
core   0: 0x80009630 (0x00001f17) auipc   t5, 0x1
core   0: 3 0x80009630 (0x00001f17) x30 0x8000a630
core   0: 0x80009634 (0x9c3f2823) sw      gp, -1584(t5)
core   0: 3 0x80009634 (0x9c3f2823) mem 0x8000a000 0x00000001
core   0: 0x80009638 (0x0000bfe5) c.j     pc - 8
core   0: 3 0x80009638 (0xbfe5)
core   0: 0x80009630 (0x00001f17) auipc   t5, 0x1
core   0: 3 0x80009630 (0x00001f17) x30 0x8000a630
core   0: 0x80009634 (0x9c3f2823) sw      gp, -1584(t5)
core   0: 3 0x80009634 (0x9c3f2823) mem 0x8000a000 0x00000001
core   0: 0x80009638 (0x0000bfe5) c.j     pc - 8
core   0: 3 0x80009638 (0xbfe5)
core   0: 0x80009630 (0x00001f17) auipc   t5, 0x1
core   0: 3 0x80009630 (0x00001f17) x30 0x8000a630
core   0: 0x80009634 (0x9c3f2823) sw      gp, -1584(t5)
core   0: 3 0x80009634 (0x9c3f2823) mem 0x8000a000 0x00000001
core   0: 0x80009638 (0x0000bfe5) c.j     pc - 8
core   0: 3 0x80009638 (0xbfe5)
core   0: 0x80009630 (0x00001f17) auipc   t5, 0x1
core   0: 3 0x80009630 (0x00001f17) x30 0x8000a630
core   0: 0x80009634 (0x9c3f2823) sw      gp, -1584(t5)
core   0: 3 0x80009634 (0x9c3f2823) mem 0x8000a000 0x00000001
core   0: 0x80009638 (0x0000bfe5) c.j     pc - 8
core   0: 3 0x80009638 (0xbfe5)
core   0: 0x80009630 (0x00001f17) auipc   t5, 0x1
core   0: 3 0x80009630 (0x00001f17) x30 0x8000a630
core   0: 0x80009634 (0x9c3f2823) sw      gp, -1584(t5)
core   0: 3 0x80009634 (0x9c3f2823) mem 0x8000a000 0x00000001
core   0: 0x80009638 (0x0000bfe5) c.j     pc - 8
core   0: 3 0x80009638 (0xbfe5)
core   0: 0x80009630 (0x00001f17) auipc   t5, 0x1
core   0: 3 0x80009630 (0x00001f17) x30 0x8000a630
core   0: 0x80009634 (0x9c3f2823) sw      gp, -1584(t5)
core   0: 3 0x80009634 (0x9c3f2823) mem 0x8000a000 0x00000001
core   0: 0x80009638 (0x0000bfe5) c.j     pc - 8
core   0: 3 0x80009638 (0xbfe5)
core   0: 0x80009630 (0x00001f17) auipc   t5, 0x1
core   0: 3 0x80009630 (0x00001f17) x30 0x8000a630
core   0: 0x80009634 (0x9c3f2823) sw      gp, -1584(t5)
core   0: 3 0x80009634 (0x9c3f2823) mem 0x8000a000 0x00000001
core   0: 0x80009638 (0x0000bfe5) c.j     pc - 8
core   0: 3 0x80009638 (0xbfe5)
core   0: 0x80009630 (0x00001f17) auipc   t5, 0x1
core   0: 3 0x80009630 (0x00001f17) x30 0x8000a630
core   0: 0x80009634 (0x9c3f2823) sw      gp, -1584(t5)
core   0: 3 0x80009634 (0x9c3f2823) mem 0x8000a000 0x00000001
core   0: 0x80009638 (0x0000bfe5) c.j     pc - 8
core   0: 3 0x80009638 (0xbfe5)
core   0: 0x80009630 (0x00001f17) auipc   t5, 0x1
core   0: 3 0x80009630 (0x00001f17) x30 0x8000a630
core   0: 0x80009634 (0x9c3f2823) sw      gp, -1584(t5)
core   0: 3 0x80009634 (0x9c3f2823) mem 0x8000a000 0x00000001
core   0: 0x80009638 (0x0000bfe5) c.j     pc - 8
core   0: 3 0x80009638 (0xbfe5)
core   0: 0x80009630 (0x00001f17) auipc   t5, 0x1
core   0: 3 0x80009630 (0x00001f17) x30 0x8000a630
core   0: 0x80009634 (0x9c3f2823) sw      gp, -1584(t5)
core   0: 3 0x80009634 (0x9c3f2823) mem 0x8000a000 0x00000001
core   0: 0x80009638 (0x0000bfe5) c.j     pc - 8
core   0: 3 0x80009638 (0xbfe5)
core   0: 0x80009630 (0x00001f17) auipc   t5, 0x1
core   0: 3 0x80009630 (0x00001f17) x30 0x8000a630
core   0: 0x80009634 (0x9c3f2823) sw      gp, -1584(t5)
core   0: 3 0x80009634 (0x9c3f2823) mem 0x8000a000 0x00000001
core   0: 0x80009638 (0x0000bfe5) c.j     pc - 8
core   0: 3 0x80009638 (0xbfe5)
core   0: 0x80009630 (0x00001f17) auipc   t5, 0x1
core   0: 3 0x80009630 (0x00001f17) x30 0x8000a630
core   0: 0x80009634 (0x9c3f2823) sw      gp, -1584(t5)
core   0: 3 0x80009634 (0x9c3f2823) mem 0x8000a000 0x00000001
core   0: 0x80009638 (0x0000bfe5) c.j     pc - 8
core   0: 3 0x80009638 (0xbfe5)
core   0: 0x80009630 (0x00001f17) auipc   t5, 0x1
core   0: 3 0x80009630 (0x00001f17) x30 0x8000a630
core   0: 0x80009634 (0x9c3f2823) sw      gp, -1584(t5)
core   0: 3 0x80009634 (0x9c3f2823) mem 0x8000a000 0x00000001
core   0: 0x80009638 (0x0000bfe5) c.j     pc - 8
core   0: 3 0x80009638 (0xbfe5)
core   0: 0x80009630 (0x00001f17) auipc   t5, 0x1
core   0: 3 0x80009630 (0x00001f17) x30 0x8000a630
core   0: 0x80009634 (0x9c3f2823) sw      gp, -1584(t5)
core   0: 3 0x80009634 (0x9c3f2823) mem 0x8000a000 0x00000001
core   0: 0x80009638 (0x0000bfe5) c.j     pc - 8
core   0: 3 0x80009638 (0xbfe5)
core   0: 0x80009630 (0x00001f17) auipc   t5, 0x1
core   0: 3 0x80009630 (0x00001f17) x30 0x8000a630
core   0: 0x80009634 (0x9c3f2823) sw      gp, -1584(t5)
core   0: 3 0x80009634 (0x9c3f2823) mem 0x8000a000 0x00000001
core   0: 0x80009638 (0x0000bfe5) c.j     pc - 8
core   0: 3 0x80009638 (0xbfe5)
core   0: 0x80009630 (0x00001f17) auipc   t5, 0x1
core   0: 3 0x80009630 (0x00001f17) x30 0x8000a630
core   0: 0x80009634 (0x9c3f2823) sw      gp, -1584(t5)
core   0: 3 0x80009634 (0x9c3f2823) mem 0x8000a000 0x00000001
core   0: 0x80009638 (0x0000bfe5) c.j     pc - 8
core   0: 3 0x80009638 (0xbfe5)
core   0: 0x80009630 (0x00001f17) auipc   t5, 0x1
core   0: 3 0x80009630 (0x00001f17) x30 0x8000a630
core   0: 0x80009634 (0x9c3f2823) sw      gp, -1584(t5)
core   0: 3 0x80009634 (0x9c3f2823) mem 0x8000a000 0x00000001
core   0: 0x80009638 (0x0000bfe5) c.j     pc - 8
core   0: 3 0x80009638 (0xbfe5)
core   0: 0x80009630 (0x00001f17) auipc   t5, 0x1
core   0: 3 0x80009630 (0x00001f17) x30 0x8000a630
core   0: 0x80009634 (0x9c3f2823) sw      gp, -1584(t5)
core   0: 3 0x80009634 (0x9c3f2823) mem 0x8000a000 0x00000001
core   0: 0x80009638 (0x0000bfe5) c.j     pc - 8
core   0: 3 0x80009638 (0xbfe5)
core   0: 0x80009630 (0x00001f17) auipc   t5, 0x1
core   0: 3 0x80009630 (0x00001f17) x30 0x8000a630
core   0: 0x80009634 (0x9c3f2823) sw      gp, -1584(t5)
core   0: 3 0x80009634 (0x9c3f2823) mem 0x8000a000 0x00000001
core   0: 0x80009638 (0x0000bfe5) c.j     pc - 8
core   0: 3 0x80009638 (0xbfe5)
core   0: 0x80009630 (0x00001f17) auipc   t5, 0x1
core   0: 3 0x80009630 (0x00001f17) x30 0x8000a630
core   0: 0x80009634 (0x9c3f2823) sw      gp, -1584(t5)
core   0: 3 0x80009634 (0x9c3f2823) mem 0x8000a000 0x00000001
core   0: 0x80009638 (0x0000bfe5) c.j     pc - 8
core   0: 3 0x80009638 (0xbfe5)
core   0: 0x80009630 (0x00001f17) auipc   t5, 0x1
core   0: 3 0x80009630 (0x00001f17) x30 0x8000a630
core   0: 0x80009634 (0x9c3f2823) sw      gp, -1584(t5)
core   0: 3 0x80009634 (0x9c3f2823) mem 0x8000a000 0x00000001
core   0: 0x80009638 (0x0000bfe5) c.j     pc - 8
core   0: 3 0x80009638 (0xbfe5)
core   0: 0x80009630 (0x00001f17) auipc   t5, 0x1
core   0: 3 0x80009630 (0x00001f17) x30 0x8000a630
core   0: 0x80009634 (0x9c3f2823) sw      gp, -1584(t5)
core   0: 3 0x80009634 (0x9c3f2823) mem 0x8000a000 0x00000001
core   0: 0x80009638 (0x0000bfe5) c.j     pc - 8
core   0: 3 0x80009638 (0xbfe5)
core   0: 0x80009630 (0x00001f17) auipc   t5, 0x1
core   0: 3 0x80009630 (0x00001f17) x30 0x8000a630
core   0: 0x80009634 (0x9c3f2823) sw      gp, -1584(t5)
core   0: 3 0x80009634 (0x9c3f2823) mem 0x8000a000 0x00000001
core   0: 0x80009638 (0x0000bfe5) c.j     pc - 8
core   0: 3 0x80009638 (0xbfe5)
core   0: 0x80009630 (0x00001f17) auipc   t5, 0x1
core   0: 3 0x80009630 (0x00001f17) x30 0x8000a630
core   0: 0x80009634 (0x9c3f2823) sw      gp, -1584(t5)
core   0: 3 0x80009634 (0x9c3f2823) mem 0x8000a000 0x00000001
core   0: 0x80009638 (0x0000bfe5) c.j     pc - 8
core   0: 3 0x80009638 (0xbfe5)
core   0: 0x80009630 (0x00001f17) auipc   t5, 0x1
core   0: 3 0x80009630 (0x00001f17) x30 0x8000a630
core   0: 0x80009634 (0x9c3f2823) sw      gp, -1584(t5)
core   0: 3 0x80009634 (0x9c3f2823) mem 0x8000a000 0x00000001
core   0: 0x80009638 (0x0000bfe5) c.j     pc - 8
core   0: 3 0x80009638 (0xbfe5)
core   0: 0x80009630 (0x00001f17) auipc   t5, 0x1
core   0: 3 0x80009630 (0x00001f17) x30 0x8000a630
core   0: 0x80009634 (0x9c3f2823) sw      gp, -1584(t5)
core   0: 3 0x80009634 (0x9c3f2823) mem 0x8000a000 0x00000001
core   0: 0x80009638 (0x0000bfe5) c.j     pc - 8
core   0: 3 0x80009638 (0xbfe5)
core   0: 0x80009630 (0x00001f17) auipc   t5, 0x1
core   0: 3 0x80009630 (0x00001f17) x30 0x8000a630
core   0: 0x80009634 (0x9c3f2823) sw      gp, -1584(t5)
core   0: 3 0x80009634 (0x9c3f2823) mem 0x8000a000 0x00000001
core   0: 0x80009638 (0x0000bfe5) c.j     pc - 8
core   0: 3 0x80009638 (0xbfe5)
core   0: 0x80009630 (0x00001f17) auipc   t5, 0x1
core   0: 3 0x80009630 (0x00001f17) x30 0x8000a630
core   0: 0x80009634 (0x9c3f2823) sw      gp, -1584(t5)
core   0: 3 0x80009634 (0x9c3f2823) mem 0x8000a000 0x00000001
core   0: 0x80009638 (0x0000bfe5) c.j     pc - 8
core   0: 3 0x80009638 (0xbfe5)
core   0: 0x80009630 (0x00001f17) auipc   t5, 0x1
core   0: 3 0x80009630 (0x00001f17) x30 0x8000a630
core   0: 0x80009634 (0x9c3f2823) sw      gp, -1584(t5)
core   0: 3 0x80009634 (0x9c3f2823) mem 0x8000a000 0x00000001
core   0: 0x80009638 (0x0000bfe5) c.j     pc - 8
core   0: 3 0x80009638 (0xbfe5)
core   0: 0x80009630 (0x00001f17) auipc   t5, 0x1
core   0: 3 0x80009630 (0x00001f17) x30 0x8000a630
core   0: 0x80009634 (0x9c3f2823) sw      gp, -1584(t5)
core   0: 3 0x80009634 (0x9c3f2823) mem 0x8000a000 0x00000001
core   0: 0x80009638 (0x0000bfe5) c.j     pc - 8
core   0: 3 0x80009638 (0xbfe5)
core   0: 0x80009630 (0x00001f17) auipc   t5, 0x1
core   0: 3 0x80009630 (0x00001f17) x30 0x8000a630
core   0: 0x80009634 (0x9c3f2823) sw      gp, -1584(t5)
core   0: 3 0x80009634 (0x9c3f2823) mem 0x8000a000 0x00000001
core   0: 0x80009638 (0x0000bfe5) c.j     pc - 8
core   0: 3 0x80009638 (0xbfe5)
core   0: 0x80009630 (0x00001f17) auipc   t5, 0x1
core   0: 3 0x80009630 (0x00001f17) x30 0x8000a630
core   0: 0x80009634 (0x9c3f2823) sw      gp, -1584(t5)
core   0: 3 0x80009634 (0x9c3f2823) mem 0x8000a000 0x00000001
core   0: 0x80009638 (0x0000bfe5) c.j     pc - 8
core   0: 3 0x80009638 (0xbfe5)
core   0: 0x80009630 (0x00001f17) auipc   t5, 0x1
core   0: 3 0x80009630 (0x00001f17) x30 0x8000a630
core   0: 0x80009634 (0x9c3f2823) sw      gp, -1584(t5)
core   0: 3 0x80009634 (0x9c3f2823) mem 0x8000a000 0x00000001
core   0: 0x80009638 (0x0000bfe5) c.j     pc - 8
core   0: 3 0x80009638 (0xbfe5)
core   0: 0x80009630 (0x00001f17) auipc   t5, 0x1
core   0: 3 0x80009630 (0x00001f17) x30 0x8000a630
core   0: 0x80009634 (0x9c3f2823) sw      gp, -1584(t5)
core   0: 3 0x80009634 (0x9c3f2823) mem 0x8000a000 0x00000001
core   0: 0x80009638 (0x0000bfe5) c.j     pc - 8
core   0: 3 0x80009638 (0xbfe5)
core   0: 0x80009630 (0x00001f17) auipc   t5, 0x1
core   0: 3 0x80009630 (0x00001f17) x30 0x8000a630
core   0: 0x80009634 (0x9c3f2823) sw      gp, -1584(t5)
core   0: 3 0x80009634 (0x9c3f2823) mem 0x8000a000 0x00000001
core   0: 0x80009638 (0x0000bfe5) c.j     pc - 8
core   0: 3 0x80009638 (0xbfe5)
core   0: 0x80009630 (0x00001f17) auipc   t5, 0x1
core   0: 3 0x80009630 (0x00001f17) x30 0x8000a630
core   0: 0x80009634 (0x9c3f2823) sw      gp, -1584(t5)
core   0: 3 0x80009634 (0x9c3f2823) mem 0x8000a000 0x00000001
core   0: 0x80009638 (0x0000bfe5) c.j     pc - 8
core   0: 3 0x80009638 (0xbfe5)
core   0: 0x80009630 (0x00001f17) auipc   t5, 0x1
core   0: 3 0x80009630 (0x00001f17) x30 0x8000a630
core   0: 0x80009634 (0x9c3f2823) sw      gp, -1584(t5)
core   0: 3 0x80009634 (0x9c3f2823) mem 0x8000a000 0x00000001
core   0: 0x80009638 (0x0000bfe5) c.j     pc - 8
core   0: 3 0x80009638 (0xbfe5)
core   0: 0x80009630 (0x00001f17) auipc   t5, 0x1
core   0: 3 0x80009630 (0x00001f17) x30 0x8000a630
core   0: 0x80009634 (0x9c3f2823) sw      gp, -1584(t5)
core   0: 3 0x80009634 (0x9c3f2823) mem 0x8000a000 0x00000001
core   0: 0x80009638 (0x0000bfe5) c.j     pc - 8
core   0: 3 0x80009638 (0xbfe5)
core   0: 0x80009630 (0x00001f17) auipc   t5, 0x1
core   0: 3 0x80009630 (0x00001f17) x30 0x8000a630
core   0: 0x80009634 (0x9c3f2823) sw      gp, -1584(t5)
core   0: 3 0x80009634 (0x9c3f2823) mem 0x8000a000 0x00000001
core   0: 0x80009638 (0x0000bfe5) c.j     pc - 8
core   0: 3 0x80009638 (0xbfe5)
core   0: 0x80009630 (0x00001f17) auipc   t5, 0x1
core   0: 3 0x80009630 (0x00001f17) x30 0x8000a630
core   0: 0x80009634 (0x9c3f2823) sw      gp, -1584(t5)
core   0: 3 0x80009634 (0x9c3f2823) mem 0x8000a000 0x00000001
core   0: 0x80009638 (0x0000bfe5) c.j     pc - 8
core   0: 3 0x80009638 (0xbfe5)
core   0: 0x80009630 (0x00001f17) auipc   t5, 0x1
core   0: 3 0x80009630 (0x00001f17) x30 0x8000a630
core   0: 0x80009634 (0x9c3f2823) sw      gp, -1584(t5)
core   0: 3 0x80009634 (0x9c3f2823) mem 0x8000a000 0x00000001
core   0: 0x80009638 (0x0000bfe5) c.j     pc - 8
core   0: 3 0x80009638 (0xbfe5)
core   0: 0x80009630 (0x00001f17) auipc   t5, 0x1
core   0: 3 0x80009630 (0x00001f17) x30 0x8000a630
core   0: 0x80009634 (0x9c3f2823) sw      gp, -1584(t5)
core   0: 3 0x80009634 (0x9c3f2823) mem 0x8000a000 0x00000001
core   0: 0x80009638 (0x0000bfe5) c.j     pc - 8
core   0: 3 0x80009638 (0xbfe5)
core   0: 0x80009630 (0x00001f17) auipc   t5, 0x1
core   0: 3 0x80009630 (0x00001f17) x30 0x8000a630
core   0: 0x80009634 (0x9c3f2823) sw      gp, -1584(t5)
core   0: 3 0x80009634 (0x9c3f2823) mem 0x8000a000 0x00000001
core   0: 0x80009638 (0x0000bfe5) c.j     pc - 8
core   0: 3 0x80009638 (0xbfe5)
core   0: 0x80009630 (0x00001f17) auipc   t5, 0x1
core   0: 3 0x80009630 (0x00001f17) x30 0x8000a630
core   0: 0x80009634 (0x9c3f2823) sw      gp, -1584(t5)
core   0: 3 0x80009634 (0x9c3f2823) mem 0x8000a000 0x00000001
core   0: 0x80009638 (0x0000bfe5) c.j     pc - 8
core   0: 3 0x80009638 (0xbfe5)
core   0: 0x80009630 (0x00001f17) auipc   t5, 0x1
core   0: 3 0x80009630 (0x00001f17) x30 0x8000a630
core   0: 0x80009634 (0x9c3f2823) sw      gp, -1584(t5)
core   0: 3 0x80009634 (0x9c3f2823) mem 0x8000a000 0x00000001
core   0: 0x80009638 (0x0000bfe5) c.j     pc - 8
core   0: 3 0x80009638 (0xbfe5)
core   0: 0x80009630 (0x00001f17) auipc   t5, 0x1
core   0: 3 0x80009630 (0x00001f17) x30 0x8000a630
core   0: 0x80009634 (0x9c3f2823) sw      gp, -1584(t5)
core   0: 3 0x80009634 (0x9c3f2823) mem 0x8000a000 0x00000001
core   0: 0x80009638 (0x0000bfe5) c.j     pc - 8
core   0: 3 0x80009638 (0xbfe5)
core   0: 0x80009630 (0x00001f17) auipc   t5, 0x1
core   0: 3 0x80009630 (0x00001f17) x30 0x8000a630
core   0: 0x80009634 (0x9c3f2823) sw      gp, -1584(t5)
core   0: 3 0x80009634 (0x9c3f2823) mem 0x8000a000 0x00000001
core   0: 0x80009638 (0x0000bfe5) c.j     pc - 8
core   0: 3 0x80009638 (0xbfe5)
core   0: 0x80009630 (0x00001f17) auipc   t5, 0x1
core   0: 3 0x80009630 (0x00001f17) x30 0x8000a630
core   0: 0x80009634 (0x9c3f2823) sw      gp, -1584(t5)
core   0: 3 0x80009634 (0x9c3f2823) mem 0x8000a000 0x00000001
core   0: 0x80009638 (0x0000bfe5) c.j     pc - 8
core   0: 3 0x80009638 (0xbfe5)
core   0: 0x80009630 (0x00001f17) auipc   t5, 0x1
core   0: 3 0x80009630 (0x00001f17) x30 0x8000a630
core   0: 0x80009634 (0x9c3f2823) sw      gp, -1584(t5)
core   0: 3 0x80009634 (0x9c3f2823) mem 0x8000a000 0x00000001
core   0: 0x80009638 (0x0000bfe5) c.j     pc - 8
core   0: 3 0x80009638 (0xbfe5)
core   0: 0x80009630 (0x00001f17) auipc   t5, 0x1
core   0: 3 0x80009630 (0x00001f17) x30 0x8000a630
core   0: 0x80009634 (0x9c3f2823) sw      gp, -1584(t5)
core   0: 3 0x80009634 (0x9c3f2823) mem 0x8000a000 0x00000001
core   0: 0x80009638 (0x0000bfe5) c.j     pc - 8
core   0: 3 0x80009638 (0xbfe5)
core   0: 0x80009630 (0x00001f17) auipc   t5, 0x1
core   0: 3 0x80009630 (0x00001f17) x30 0x8000a630
core   0: 0x80009634 (0x9c3f2823) sw      gp, -1584(t5)
core   0: 3 0x80009634 (0x9c3f2823) mem 0x8000a000 0x00000001
core   0: 0x80009638 (0x0000bfe5) c.j     pc - 8
core   0: 3 0x80009638 (0xbfe5)
core   0: 0x80009630 (0x00001f17) auipc   t5, 0x1
core   0: 3 0x80009630 (0x00001f17) x30 0x8000a630
core   0: 0x80009634 (0x9c3f2823) sw      gp, -1584(t5)
core   0: 3 0x80009634 (0x9c3f2823) mem 0x8000a000 0x00000001
core   0: 0x80009638 (0x0000bfe5) c.j     pc - 8
core   0: 3 0x80009638 (0xbfe5)
core   0: 0x80009630 (0x00001f17) auipc   t5, 0x1
core   0: 3 0x80009630 (0x00001f17) x30 0x8000a630
core   0: 0x80009634 (0x9c3f2823) sw      gp, -1584(t5)
core   0: 3 0x80009634 (0x9c3f2823) mem 0x8000a000 0x00000001
core   0: 0x80009638 (0x0000bfe5) c.j     pc - 8
core   0: 3 0x80009638 (0xbfe5)
core   0: 0x80009630 (0x00001f17) auipc   t5, 0x1
core   0: 3 0x80009630 (0x00001f17) x30 0x8000a630
core   0: 0x80009634 (0x9c3f2823) sw      gp, -1584(t5)
core   0: 3 0x80009634 (0x9c3f2823) mem 0x8000a000 0x00000001
core   0: 0x80009638 (0x0000bfe5) c.j     pc - 8
core   0: 3 0x80009638 (0xbfe5)
core   0: 0x80009630 (0x00001f17) auipc   t5, 0x1
core   0: 3 0x80009630 (0x00001f17) x30 0x8000a630
core   0: 0x80009634 (0x9c3f2823) sw      gp, -1584(t5)
core   0: 3 0x80009634 (0x9c3f2823) mem 0x8000a000 0x00000001
core   0: 0x80009638 (0x0000bfe5) c.j     pc - 8
core   0: 3 0x80009638 (0xbfe5)
core   0: 0x80009630 (0x00001f17) auipc   t5, 0x1
core   0: 3 0x80009630 (0x00001f17) x30 0x8000a630
core   0: 0x80009634 (0x9c3f2823) sw      gp, -1584(t5)
core   0: 3 0x80009634 (0x9c3f2823) mem 0x8000a000 0x00000001
core   0: 0x80009638 (0x0000bfe5) c.j     pc - 8
core   0: 3 0x80009638 (0xbfe5)
core   0: 0x80009630 (0x00001f17) auipc   t5, 0x1
core   0: 3 0x80009630 (0x00001f17) x30 0x8000a630
core   0: 0x80009634 (0x9c3f2823) sw      gp, -1584(t5)
core   0: 3 0x80009634 (0x9c3f2823) mem 0x8000a000 0x00000001
core   0: 0x80009638 (0x0000bfe5) c.j     pc - 8
core   0: 3 0x80009638 (0xbfe5)
core   0: 0x80009630 (0x00001f17) auipc   t5, 0x1
core   0: 3 0x80009630 (0x00001f17) x30 0x8000a630
core   0: 0x80009634 (0x9c3f2823) sw      gp, -1584(t5)
core   0: 3 0x80009634 (0x9c3f2823) mem 0x8000a000 0x00000001
core   0: 0x80009638 (0x0000bfe5) c.j     pc - 8
core   0: 3 0x80009638 (0xbfe5)
core   0: 0x80009630 (0x00001f17) auipc   t5, 0x1
core   0: 3 0x80009630 (0x00001f17) x30 0x8000a630
core   0: 0x80009634 (0x9c3f2823) sw      gp, -1584(t5)
core   0: 3 0x80009634 (0x9c3f2823) mem 0x8000a000 0x00000001
core   0: 0x80009638 (0x0000bfe5) c.j     pc - 8
core   0: 3 0x80009638 (0xbfe5)
core   0: 0x80009630 (0x00001f17) auipc   t5, 0x1
core   0: 3 0x80009630 (0x00001f17) x30 0x8000a630
core   0: 0x80009634 (0x9c3f2823) sw      gp, -1584(t5)
core   0: 3 0x80009634 (0x9c3f2823) mem 0x8000a000 0x00000001
core   0: 0x80009638 (0x0000bfe5) c.j     pc - 8
core   0: 3 0x80009638 (0xbfe5)
core   0: 0x80009630 (0x00001f17) auipc   t5, 0x1
core   0: 3 0x80009630 (0x00001f17) x30 0x8000a630
core   0: 0x80009634 (0x9c3f2823) sw      gp, -1584(t5)
core   0: 3 0x80009634 (0x9c3f2823) mem 0x8000a000 0x00000001
core   0: 0x80009638 (0x0000bfe5) c.j     pc - 8
core   0: 3 0x80009638 (0xbfe5)
core   0: 0x80009630 (0x00001f17) auipc   t5, 0x1
core   0: 3 0x80009630 (0x00001f17) x30 0x8000a630
core   0: 0x80009634 (0x9c3f2823) sw      gp, -1584(t5)
core   0: 3 0x80009634 (0x9c3f2823) mem 0x8000a000 0x00000001
core   0: 0x80009638 (0x0000bfe5) c.j     pc - 8
core   0: 3 0x80009638 (0xbfe5)
core   0: 0x80009630 (0x00001f17) auipc   t5, 0x1
core   0: 3 0x80009630 (0x00001f17) x30 0x8000a630
core   0: 0x80009634 (0x9c3f2823) sw      gp, -1584(t5)
core   0: 3 0x80009634 (0x9c3f2823) mem 0x8000a000 0x00000001
core   0: 0x80009638 (0x0000bfe5) c.j     pc - 8
core   0: 3 0x80009638 (0xbfe5)
core   0: 0x80009630 (0x00001f17) auipc   t5, 0x1
core   0: 3 0x80009630 (0x00001f17) x30 0x8000a630
core   0: 0x80009634 (0x9c3f2823) sw      gp, -1584(t5)
core   0: 3 0x80009634 (0x9c3f2823) mem 0x8000a000 0x00000001
core   0: 0x80009638 (0x0000bfe5) c.j     pc - 8
core   0: 3 0x80009638 (0xbfe5)
core   0: 0x80009630 (0x00001f17) auipc   t5, 0x1
core   0: 3 0x80009630 (0x00001f17) x30 0x8000a630
core   0: 0x80009634 (0x9c3f2823) sw      gp, -1584(t5)
core   0: 3 0x80009634 (0x9c3f2823) mem 0x8000a000 0x00000001
core   0: 0x80009638 (0x0000bfe5) c.j     pc - 8
core   0: 3 0x80009638 (0xbfe5)
core   0: 0x80009630 (0x00001f17) auipc   t5, 0x1
core   0: 3 0x80009630 (0x00001f17) x30 0x8000a630
core   0: 0x80009634 (0x9c3f2823) sw      gp, -1584(t5)
core   0: 3 0x80009634 (0x9c3f2823) mem 0x8000a000 0x00000001
core   0: 0x80009638 (0x0000bfe5) c.j     pc - 8
core   0: 3 0x80009638 (0xbfe5)
core   0: 0x80009630 (0x00001f17) auipc   t5, 0x1
core   0: 3 0x80009630 (0x00001f17) x30 0x8000a630
core   0: 0x80009634 (0x9c3f2823) sw      gp, -1584(t5)
core   0: 3 0x80009634 (0x9c3f2823) mem 0x8000a000 0x00000001
core   0: 0x80009638 (0x0000bfe5) c.j     pc - 8
core   0: 3 0x80009638 (0xbfe5)
core   0: 0x80009630 (0x00001f17) auipc   t5, 0x1
core   0: 3 0x80009630 (0x00001f17) x30 0x8000a630
core   0: 0x80009634 (0x9c3f2823) sw      gp, -1584(t5)
core   0: 3 0x80009634 (0x9c3f2823) mem 0x8000a000 0x00000001
core   0: 0x80009638 (0x0000bfe5) c.j     pc - 8
core   0: 3 0x80009638 (0xbfe5)
core   0: 0x80009630 (0x00001f17) auipc   t5, 0x1
core   0: 3 0x80009630 (0x00001f17) x30 0x8000a630
core   0: 0x80009634 (0x9c3f2823) sw      gp, -1584(t5)
core   0: 3 0x80009634 (0x9c3f2823) mem 0x8000a000 0x00000001
core   0: 0x80009638 (0x0000bfe5) c.j     pc - 8
core   0: 3 0x80009638 (0xbfe5)
core   0: 0x80009630 (0x00001f17) auipc   t5, 0x1
core   0: 3 0x80009630 (0x00001f17) x30 0x8000a630
core   0: 0x80009634 (0x9c3f2823) sw      gp, -1584(t5)
core   0: 3 0x80009634 (0x9c3f2823) mem 0x8000a000 0x00000001
core   0: 0x80009638 (0x0000bfe5) c.j     pc - 8
core   0: 3 0x80009638 (0xbfe5)
core   0: 0x80009630 (0x00001f17) auipc   t5, 0x1
core   0: 3 0x80009630 (0x00001f17) x30 0x8000a630
core   0: 0x80009634 (0x9c3f2823) sw      gp, -1584(t5)
core   0: 3 0x80009634 (0x9c3f2823) mem 0x8000a000 0x00000001
core   0: 0x80009638 (0x0000bfe5) c.j     pc - 8
core   0: 3 0x80009638 (0xbfe5)
core   0: 0x80009630 (0x00001f17) auipc   t5, 0x1
core   0: 3 0x80009630 (0x00001f17) x30 0x8000a630
core   0: 0x80009634 (0x9c3f2823) sw      gp, -1584(t5)
core   0: 3 0x80009634 (0x9c3f2823) mem 0x8000a000 0x00000001
core   0: 0x80009638 (0x0000bfe5) c.j     pc - 8
core   0: 3 0x80009638 (0xbfe5)
core   0: 0x80009630 (0x00001f17) auipc   t5, 0x1
core   0: 3 0x80009630 (0x00001f17) x30 0x8000a630
core   0: 0x80009634 (0x9c3f2823) sw      gp, -1584(t5)
core   0: 3 0x80009634 (0x9c3f2823) mem 0x8000a000 0x00000001
core   0: 0x80009638 (0x0000bfe5) c.j     pc - 8
core   0: 3 0x80009638 (0xbfe5)
core   0: 0x80009630 (0x00001f17) auipc   t5, 0x1
core   0: 3 0x80009630 (0x00001f17) x30 0x8000a630
core   0: 0x80009634 (0x9c3f2823) sw      gp, -1584(t5)
core   0: 3 0x80009634 (0x9c3f2823) mem 0x8000a000 0x00000001
core   0: 0x80009638 (0x0000bfe5) c.j     pc - 8
core   0: 3 0x80009638 (0xbfe5)
core   0: 0x80009630 (0x00001f17) auipc   t5, 0x1
core   0: 3 0x80009630 (0x00001f17) x30 0x8000a630
core   0: 0x80009634 (0x9c3f2823) sw      gp, -1584(t5)
core   0: 3 0x80009634 (0x9c3f2823) mem 0x8000a000 0x00000001
core   0: 0x80009638 (0x0000bfe5) c.j     pc - 8
core   0: 3 0x80009638 (0xbfe5)
core   0: 0x80009630 (0x00001f17) auipc   t5, 0x1
core   0: 3 0x80009630 (0x00001f17) x30 0x8000a630
core   0: 0x80009634 (0x9c3f2823) sw      gp, -1584(t5)
core   0: 3 0x80009634 (0x9c3f2823) mem 0x8000a000 0x00000001
core   0: 0x80009638 (0x0000bfe5) c.j     pc - 8
core   0: 3 0x80009638 (0xbfe5)
core   0: 0x80009630 (0x00001f17) auipc   t5, 0x1
core   0: 3 0x80009630 (0x00001f17) x30 0x8000a630
core   0: 0x80009634 (0x9c3f2823) sw      gp, -1584(t5)
core   0: 3 0x80009634 (0x9c3f2823) mem 0x8000a000 0x00000001
core   0: 0x80009638 (0x0000bfe5) c.j     pc - 8
core   0: 3 0x80009638 (0xbfe5)
core   0: 0x80009630 (0x00001f17) auipc   t5, 0x1
core   0: 3 0x80009630 (0x00001f17) x30 0x8000a630
core   0: 0x80009634 (0x9c3f2823) sw      gp, -1584(t5)
core   0: 3 0x80009634 (0x9c3f2823) mem 0x8000a000 0x00000001
core   0: 0x80009638 (0x0000bfe5) c.j     pc - 8
core   0: 3 0x80009638 (0xbfe5)
core   0: 0x80009630 (0x00001f17) auipc   t5, 0x1
core   0: 3 0x80009630 (0x00001f17) x30 0x8000a630
core   0: 0x80009634 (0x9c3f2823) sw      gp, -1584(t5)
core   0: 3 0x80009634 (0x9c3f2823) mem 0x8000a000 0x00000001
core   0: 0x80009638 (0x0000bfe5) c.j     pc - 8
core   0: 3 0x80009638 (0xbfe5)
core   0: 0x80009630 (0x00001f17) auipc   t5, 0x1
core   0: 3 0x80009630 (0x00001f17) x30 0x8000a630
core   0: 0x80009634 (0x9c3f2823) sw      gp, -1584(t5)
core   0: 3 0x80009634 (0x9c3f2823) mem 0x8000a000 0x00000001
core   0: 0x80009638 (0x0000bfe5) c.j     pc - 8
core   0: 3 0x80009638 (0xbfe5)
core   0: 0x80009630 (0x00001f17) auipc   t5, 0x1
core   0: 3 0x80009630 (0x00001f17) x30 0x8000a630
core   0: 0x80009634 (0x9c3f2823) sw      gp, -1584(t5)
core   0: 3 0x80009634 (0x9c3f2823) mem 0x8000a000 0x00000001
core   0: 0x80009638 (0x0000bfe5) c.j     pc - 8
core   0: 3 0x80009638 (0xbfe5)
core   0: 0x80009630 (0x00001f17) auipc   t5, 0x1
core   0: 3 0x80009630 (0x00001f17) x30 0x8000a630
core   0: 0x80009634 (0x9c3f2823) sw      gp, -1584(t5)
core   0: 3 0x80009634 (0x9c3f2823) mem 0x8000a000 0x00000001
core   0: 0x80009638 (0x0000bfe5) c.j     pc - 8
core   0: 3 0x80009638 (0xbfe5)
core   0: 0x80009630 (0x00001f17) auipc   t5, 0x1
core   0: 3 0x80009630 (0x00001f17) x30 0x8000a630
core   0: 0x80009634 (0x9c3f2823) sw      gp, -1584(t5)
core   0: 3 0x80009634 (0x9c3f2823) mem 0x8000a000 0x00000001
core   0: 0x80009638 (0x0000bfe5) c.j     pc - 8
core   0: 3 0x80009638 (0xbfe5)
core   0: 0x80009630 (0x00001f17) auipc   t5, 0x1
core   0: 3 0x80009630 (0x00001f17) x30 0x8000a630
core   0: 0x80009634 (0x9c3f2823) sw      gp, -1584(t5)
core   0: 3 0x80009634 (0x9c3f2823) mem 0x8000a000 0x00000001
core   0: 0x80009638 (0x0000bfe5) c.j     pc - 8
core   0: 3 0x80009638 (0xbfe5)
core   0: 0x80009630 (0x00001f17) auipc   t5, 0x1
core   0: 3 0x80009630 (0x00001f17) x30 0x8000a630
core   0: 0x80009634 (0x9c3f2823) sw      gp, -1584(t5)
core   0: 3 0x80009634 (0x9c3f2823) mem 0x8000a000 0x00000001
core   0: 0x80009638 (0x0000bfe5) c.j     pc - 8
core   0: 3 0x80009638 (0xbfe5)
core   0: 0x80009630 (0x00001f17) auipc   t5, 0x1
core   0: 3 0x80009630 (0x00001f17) x30 0x8000a630
core   0: 0x80009634 (0x9c3f2823) sw      gp, -1584(t5)
core   0: 3 0x80009634 (0x9c3f2823) mem 0x8000a000 0x00000001
core   0: 0x80009638 (0x0000bfe5) c.j     pc - 8
core   0: 3 0x80009638 (0xbfe5)
core   0: 0x80009630 (0x00001f17) auipc   t5, 0x1
core   0: 3 0x80009630 (0x00001f17) x30 0x8000a630
core   0: 0x80009634 (0x9c3f2823) sw      gp, -1584(t5)
core   0: 3 0x80009634 (0x9c3f2823) mem 0x8000a000 0x00000001
core   0: 0x80009638 (0x0000bfe5) c.j     pc - 8
core   0: 3 0x80009638 (0xbfe5)
core   0: 0x80009630 (0x00001f17) auipc   t5, 0x1
core   0: 3 0x80009630 (0x00001f17) x30 0x8000a630
core   0: 0x80009634 (0x9c3f2823) sw      gp, -1584(t5)
core   0: 3 0x80009634 (0x9c3f2823) mem 0x8000a000 0x00000001
core   0: 0x80009638 (0x0000bfe5) c.j     pc - 8
core   0: 3 0x80009638 (0xbfe5)
core   0: 0x80009630 (0x00001f17) auipc   t5, 0x1
core   0: 3 0x80009630 (0x00001f17) x30 0x8000a630
core   0: 0x80009634 (0x9c3f2823) sw      gp, -1584(t5)
core   0: 3 0x80009634 (0x9c3f2823) mem 0x8000a000 0x00000001
core   0: 0x80009638 (0x0000bfe5) c.j     pc - 8
core   0: 3 0x80009638 (0xbfe5)
core   0: 0x80009630 (0x00001f17) auipc   t5, 0x1
core   0: 3 0x80009630 (0x00001f17) x30 0x8000a630
core   0: 0x80009634 (0x9c3f2823) sw      gp, -1584(t5)
core   0: 3 0x80009634 (0x9c3f2823) mem 0x8000a000 0x00000001
core   0: 0x80009638 (0x0000bfe5) c.j     pc - 8
core   0: 3 0x80009638 (0xbfe5)
core   0: 0x80009630 (0x00001f17) auipc   t5, 0x1
core   0: 3 0x80009630 (0x00001f17) x30 0x8000a630
core   0: 0x80009634 (0x9c3f2823) sw      gp, -1584(t5)
core   0: 3 0x80009634 (0x9c3f2823) mem 0x8000a000 0x00000001
core   0: 0x80009638 (0x0000bfe5) c.j     pc - 8
core   0: 3 0x80009638 (0xbfe5)
core   0: 0x80009630 (0x00001f17) auipc   t5, 0x1
core   0: 3 0x80009630 (0x00001f17) x30 0x8000a630
core   0: 0x80009634 (0x9c3f2823) sw      gp, -1584(t5)
core   0: 3 0x80009634 (0x9c3f2823) mem 0x8000a000 0x00000001
core   0: 0x80009638 (0x0000bfe5) c.j     pc - 8
core   0: 3 0x80009638 (0xbfe5)
core   0: 0x80009630 (0x00001f17) auipc   t5, 0x1
core   0: 3 0x80009630 (0x00001f17) x30 0x8000a630
core   0: 0x80009634 (0x9c3f2823) sw      gp, -1584(t5)
core   0: 3 0x80009634 (0x9c3f2823) mem 0x8000a000 0x00000001
core   0: 0x80009638 (0x0000bfe5) c.j     pc - 8
core   0: 3 0x80009638 (0xbfe5)
core   0: 0x80009630 (0x00001f17) auipc   t5, 0x1
core   0: 3 0x80009630 (0x00001f17) x30 0x8000a630
core   0: 0x80009634 (0x9c3f2823) sw      gp, -1584(t5)
core   0: 3 0x80009634 (0x9c3f2823) mem 0x8000a000 0x00000001
core   0: 0x80009638 (0x0000bfe5) c.j     pc - 8
core   0: 3 0x80009638 (0xbfe5)
core   0: 0x80009630 (0x00001f17) auipc   t5, 0x1
core   0: 3 0x80009630 (0x00001f17) x30 0x8000a630
core   0: 0x80009634 (0x9c3f2823) sw      gp, -1584(t5)
core   0: 3 0x80009634 (0x9c3f2823) mem 0x8000a000 0x00000001
core   0: 0x80009638 (0x0000bfe5) c.j     pc - 8
core   0: 3 0x80009638 (0xbfe5)
core   0: 0x80009630 (0x00001f17) auipc   t5, 0x1
core   0: 3 0x80009630 (0x00001f17) x30 0x8000a630
core   0: 0x80009634 (0x9c3f2823) sw      gp, -1584(t5)
core   0: 3 0x80009634 (0x9c3f2823) mem 0x8000a000 0x00000001
core   0: 0x80009638 (0x0000bfe5) c.j     pc - 8
core   0: 3 0x80009638 (0xbfe5)
core   0: 0x80009630 (0x00001f17) auipc   t5, 0x1
core   0: 3 0x80009630 (0x00001f17) x30 0x8000a630
core   0: 0x80009634 (0x9c3f2823) sw      gp, -1584(t5)
core   0: 3 0x80009634 (0x9c3f2823) mem 0x8000a000 0x00000001
core   0: 0x80009638 (0x0000bfe5) c.j     pc - 8
core   0: 3 0x80009638 (0xbfe5)
core   0: 0x80009630 (0x00001f17) auipc   t5, 0x1
core   0: 3 0x80009630 (0x00001f17) x30 0x8000a630
core   0: 0x80009634 (0x9c3f2823) sw      gp, -1584(t5)
core   0: 3 0x80009634 (0x9c3f2823) mem 0x8000a000 0x00000001
core   0: 0x80009638 (0x0000bfe5) c.j     pc - 8
core   0: 3 0x80009638 (0xbfe5)
core   0: 0x80009630 (0x00001f17) auipc   t5, 0x1
core   0: 3 0x80009630 (0x00001f17) x30 0x8000a630
core   0: 0x80009634 (0x9c3f2823) sw      gp, -1584(t5)
core   0: 3 0x80009634 (0x9c3f2823) mem 0x8000a000 0x00000001
core   0: 0x80009638 (0x0000bfe5) c.j     pc - 8
core   0: 3 0x80009638 (0xbfe5)
core   0: 0x80009630 (0x00001f17) auipc   t5, 0x1
core   0: 3 0x80009630 (0x00001f17) x30 0x8000a630
core   0: 0x80009634 (0x9c3f2823) sw      gp, -1584(t5)
core   0: 3 0x80009634 (0x9c3f2823) mem 0x8000a000 0x00000001
core   0: 0x80009638 (0x0000bfe5) c.j     pc - 8
core   0: 3 0x80009638 (0xbfe5)
core   0: 0x80009630 (0x00001f17) auipc   t5, 0x1
core   0: 3 0x80009630 (0x00001f17) x30 0x8000a630
core   0: 0x80009634 (0x9c3f2823) sw      gp, -1584(t5)
core   0: 3 0x80009634 (0x9c3f2823) mem 0x8000a000 0x00000001
core   0: 0x80009638 (0x0000bfe5) c.j     pc - 8
core   0: 3 0x80009638 (0xbfe5)
core   0: 0x80009630 (0x00001f17) auipc   t5, 0x1
core   0: 3 0x80009630 (0x00001f17) x30 0x8000a630
core   0: 0x80009634 (0x9c3f2823) sw      gp, -1584(t5)
core   0: 3 0x80009634 (0x9c3f2823) mem 0x8000a000 0x00000001
core   0: 0x80009638 (0x0000bfe5) c.j     pc - 8
core   0: 3 0x80009638 (0xbfe5)
core   0: 0x80009630 (0x00001f17) auipc   t5, 0x1
core   0: 3 0x80009630 (0x00001f17) x30 0x8000a630
core   0: 0x80009634 (0x9c3f2823) sw      gp, -1584(t5)
core   0: 3 0x80009634 (0x9c3f2823) mem 0x8000a000 0x00000001
core   0: 0x80009638 (0x0000bfe5) c.j     pc - 8
core   0: 3 0x80009638 (0xbfe5)
core   0: 0x80009630 (0x00001f17) auipc   t5, 0x1
core   0: 3 0x80009630 (0x00001f17) x30 0x8000a630
core   0: 0x80009634 (0x9c3f2823) sw      gp, -1584(t5)
core   0: 3 0x80009634 (0x9c3f2823) mem 0x8000a000 0x00000001
core   0: 0x80009638 (0x0000bfe5) c.j     pc - 8
core   0: 3 0x80009638 (0xbfe5)
core   0: 0x80009630 (0x00001f17) auipc   t5, 0x1
core   0: 3 0x80009630 (0x00001f17) x30 0x8000a630
core   0: 0x80009634 (0x9c3f2823) sw      gp, -1584(t5)
core   0: 3 0x80009634 (0x9c3f2823) mem 0x8000a000 0x00000001
core   0: 0x80009638 (0x0000bfe5) c.j     pc - 8
core   0: 3 0x80009638 (0xbfe5)
core   0: 0x80009630 (0x00001f17) auipc   t5, 0x1
core   0: 3 0x80009630 (0x00001f17) x30 0x8000a630
core   0: 0x80009634 (0x9c3f2823) sw      gp, -1584(t5)
core   0: 3 0x80009634 (0x9c3f2823) mem 0x8000a000 0x00000001
core   0: 0x80009638 (0x0000bfe5) c.j     pc - 8
core   0: 3 0x80009638 (0xbfe5)
core   0: 0x80009630 (0x00001f17) auipc   t5, 0x1
core   0: 3 0x80009630 (0x00001f17) x30 0x8000a630
core   0: 0x80009634 (0x9c3f2823) sw      gp, -1584(t5)
core   0: 3 0x80009634 (0x9c3f2823) mem 0x8000a000 0x00000001
core   0: 0x80009638 (0x0000bfe5) c.j     pc - 8
core   0: 3 0x80009638 (0xbfe5)
core   0: 0x80009630 (0x00001f17) auipc   t5, 0x1
core   0: 3 0x80009630 (0x00001f17) x30 0x8000a630
core   0: 0x80009634 (0x9c3f2823) sw      gp, -1584(t5)
core   0: 3 0x80009634 (0x9c3f2823) mem 0x8000a000 0x00000001
core   0: 0x80009638 (0x0000bfe5) c.j     pc - 8
core   0: 3 0x80009638 (0xbfe5)
core   0: 0x80009630 (0x00001f17) auipc   t5, 0x1
core   0: 3 0x80009630 (0x00001f17) x30 0x8000a630
core   0: 0x80009634 (0x9c3f2823) sw      gp, -1584(t5)
core   0: 3 0x80009634 (0x9c3f2823) mem 0x8000a000 0x00000001
core   0: 0x80009638 (0x0000bfe5) c.j     pc - 8
core   0: 3 0x80009638 (0xbfe5)
core   0: 0x80009630 (0x00001f17) auipc   t5, 0x1
core   0: 3 0x80009630 (0x00001f17) x30 0x8000a630
core   0: 0x80009634 (0x9c3f2823) sw      gp, -1584(t5)
core   0: 3 0x80009634 (0x9c3f2823) mem 0x8000a000 0x00000001
core   0: 0x80009638 (0x0000bfe5) c.j     pc - 8
core   0: 3 0x80009638 (0xbfe5)
core   0: 0x80009630 (0x00001f17) auipc   t5, 0x1
core   0: 3 0x80009630 (0x00001f17) x30 0x8000a630
core   0: 0x80009634 (0x9c3f2823) sw      gp, -1584(t5)
core   0: 3 0x80009634 (0x9c3f2823) mem 0x8000a000 0x00000001
core   0: 0x80009638 (0x0000bfe5) c.j     pc - 8
core   0: 3 0x80009638 (0xbfe5)
core   0: 0x80009630 (0x00001f17) auipc   t5, 0x1
core   0: 3 0x80009630 (0x00001f17) x30 0x8000a630
core   0: 0x80009634 (0x9c3f2823) sw      gp, -1584(t5)
core   0: 3 0x80009634 (0x9c3f2823) mem 0x8000a000 0x00000001
core   0: 0x80009638 (0x0000bfe5) c.j     pc - 8
core   0: 3 0x80009638 (0xbfe5)
core   0: 0x80009630 (0x00001f17) auipc   t5, 0x1
core   0: 3 0x80009630 (0x00001f17) x30 0x8000a630
core   0: 0x80009634 (0x9c3f2823) sw      gp, -1584(t5)
core   0: 3 0x80009634 (0x9c3f2823) mem 0x8000a000 0x00000001
core   0: 0x80009638 (0x0000bfe5) c.j     pc - 8
core   0: 3 0x80009638 (0xbfe5)
core   0: 0x80009630 (0x00001f17) auipc   t5, 0x1
core   0: 3 0x80009630 (0x00001f17) x30 0x8000a630
core   0: 0x80009634 (0x9c3f2823) sw      gp, -1584(t5)
core   0: 3 0x80009634 (0x9c3f2823) mem 0x8000a000 0x00000001
core   0: 0x80009638 (0x0000bfe5) c.j     pc - 8
core   0: 3 0x80009638 (0xbfe5)
core   0: 0x80009630 (0x00001f17) auipc   t5, 0x1
core   0: 3 0x80009630 (0x00001f17) x30 0x8000a630
core   0: 0x80009634 (0x9c3f2823) sw      gp, -1584(t5)
core   0: 3 0x80009634 (0x9c3f2823) mem 0x8000a000 0x00000001
core   0: 0x80009638 (0x0000bfe5) c.j     pc - 8
core   0: 3 0x80009638 (0xbfe5)
core   0: 0x80009630 (0x00001f17) auipc   t5, 0x1
core   0: 3 0x80009630 (0x00001f17) x30 0x8000a630
core   0: 0x80009634 (0x9c3f2823) sw      gp, -1584(t5)
core   0: 3 0x80009634 (0x9c3f2823) mem 0x8000a000 0x00000001
core   0: 0x80009638 (0x0000bfe5) c.j     pc - 8
core   0: 3 0x80009638 (0xbfe5)
core   0: 0x80009630 (0x00001f17) auipc   t5, 0x1
core   0: 3 0x80009630 (0x00001f17) x30 0x8000a630
core   0: 0x80009634 (0x9c3f2823) sw      gp, -1584(t5)
core   0: 3 0x80009634 (0x9c3f2823) mem 0x8000a000 0x00000001
core   0: 0x80009638 (0x0000bfe5) c.j     pc - 8
core   0: 3 0x80009638 (0xbfe5)
core   0: 0x80009630 (0x00001f17) auipc   t5, 0x1
core   0: 3 0x80009630 (0x00001f17) x30 0x8000a630
core   0: 0x80009634 (0x9c3f2823) sw      gp, -1584(t5)
core   0: 3 0x80009634 (0x9c3f2823) mem 0x8000a000 0x00000001
core   0: 0x80009638 (0x0000bfe5) c.j     pc - 8
core   0: 3 0x80009638 (0xbfe5)
core   0: 0x80009630 (0x00001f17) auipc   t5, 0x1
core   0: 3 0x80009630 (0x00001f17) x30 0x8000a630
core   0: 0x80009634 (0x9c3f2823) sw      gp, -1584(t5)
core   0: 3 0x80009634 (0x9c3f2823) mem 0x8000a000 0x00000001
core   0: 0x80009638 (0x0000bfe5) c.j     pc - 8
core   0: 3 0x80009638 (0xbfe5)
core   0: 0x80009630 (0x00001f17) auipc   t5, 0x1
core   0: 3 0x80009630 (0x00001f17) x30 0x8000a630
core   0: 0x80009634 (0x9c3f2823) sw      gp, -1584(t5)
core   0: 3 0x80009634 (0x9c3f2823) mem 0x8000a000 0x00000001
core   0: 0x80009638 (0x0000bfe5) c.j     pc - 8
core   0: 3 0x80009638 (0xbfe5)
core   0: 0x80009630 (0x00001f17) auipc   t5, 0x1
core   0: 3 0x80009630 (0x00001f17) x30 0x8000a630
core   0: 0x80009634 (0x9c3f2823) sw      gp, -1584(t5)
core   0: 3 0x80009634 (0x9c3f2823) mem 0x8000a000 0x00000001
core   0: 0x80009638 (0x0000bfe5) c.j     pc - 8
core   0: 3 0x80009638 (0xbfe5)
core   0: 0x80009630 (0x00001f17) auipc   t5, 0x1
core   0: 3 0x80009630 (0x00001f17) x30 0x8000a630
core   0: 0x80009634 (0x9c3f2823) sw      gp, -1584(t5)
core   0: 3 0x80009634 (0x9c3f2823) mem 0x8000a000 0x00000001
core   0: 0x80009638 (0x0000bfe5) c.j     pc - 8
core   0: 3 0x80009638 (0xbfe5)
core   0: 0x80009630 (0x00001f17) auipc   t5, 0x1
core   0: 3 0x80009630 (0x00001f17) x30 0x8000a630
core   0: 0x80009634 (0x9c3f2823) sw      gp, -1584(t5)
core   0: 3 0x80009634 (0x9c3f2823) mem 0x8000a000 0x00000001
core   0: 0x80009638 (0x0000bfe5) c.j     pc - 8
core   0: 3 0x80009638 (0xbfe5)
core   0: 0x80009630 (0x00001f17) auipc   t5, 0x1
core   0: 3 0x80009630 (0x00001f17) x30 0x8000a630
core   0: 0x80009634 (0x9c3f2823) sw      gp, -1584(t5)
core   0: 3 0x80009634 (0x9c3f2823) mem 0x8000a000 0x00000001
core   0: 0x80009638 (0x0000bfe5) c.j     pc - 8
core   0: 3 0x80009638 (0xbfe5)
core   0: 0x80009630 (0x00001f17) auipc   t5, 0x1
core   0: 3 0x80009630 (0x00001f17) x30 0x8000a630
core   0: 0x80009634 (0x9c3f2823) sw      gp, -1584(t5)
core   0: 3 0x80009634 (0x9c3f2823) mem 0x8000a000 0x00000001
core   0: 0x80009638 (0x0000bfe5) c.j     pc - 8
core   0: 3 0x80009638 (0xbfe5)
core   0: 0x80009630 (0x00001f17) auipc   t5, 0x1
core   0: 3 0x80009630 (0x00001f17) x30 0x8000a630
core   0: 0x80009634 (0x9c3f2823) sw      gp, -1584(t5)
core   0: 3 0x80009634 (0x9c3f2823) mem 0x8000a000 0x00000001
core   0: 0x80009638 (0x0000bfe5) c.j     pc - 8
core   0: 3 0x80009638 (0xbfe5)
core   0: 0x80009630 (0x00001f17) auipc   t5, 0x1
core   0: 3 0x80009630 (0x00001f17) x30 0x8000a630
core   0: 0x80009634 (0x9c3f2823) sw      gp, -1584(t5)
core   0: 3 0x80009634 (0x9c3f2823) mem 0x8000a000 0x00000001
core   0: 0x80009638 (0x0000bfe5) c.j     pc - 8
core   0: 3 0x80009638 (0xbfe5)
core   0: 0x80009630 (0x00001f17) auipc   t5, 0x1
core   0: 3 0x80009630 (0x00001f17) x30 0x8000a630
core   0: 0x80009634 (0x9c3f2823) sw      gp, -1584(t5)
core   0: 3 0x80009634 (0x9c3f2823) mem 0x8000a000 0x00000001
core   0: 0x80009638 (0x0000bfe5) c.j     pc - 8
core   0: 3 0x80009638 (0xbfe5)
core   0: 0x80009630 (0x00001f17) auipc   t5, 0x1
core   0: 3 0x80009630 (0x00001f17) x30 0x8000a630
core   0: 0x80009634 (0x9c3f2823) sw      gp, -1584(t5)
core   0: 3 0x80009634 (0x9c3f2823) mem 0x8000a000 0x00000001
core   0: 0x80009638 (0x0000bfe5) c.j     pc - 8
core   0: 3 0x80009638 (0xbfe5)
core   0: 0x80009630 (0x00001f17) auipc   t5, 0x1
core   0: 3 0x80009630 (0x00001f17) x30 0x8000a630
core   0: 0x80009634 (0x9c3f2823) sw      gp, -1584(t5)
core   0: 3 0x80009634 (0x9c3f2823) mem 0x8000a000 0x00000001
core   0: 0x80009638 (0x0000bfe5) c.j     pc - 8
core   0: 3 0x80009638 (0xbfe5)
core   0: 0x80009630 (0x00001f17) auipc   t5, 0x1
core   0: 3 0x80009630 (0x00001f17) x30 0x8000a630
core   0: 0x80009634 (0x9c3f2823) sw      gp, -1584(t5)
core   0: 3 0x80009634 (0x9c3f2823) mem 0x8000a000 0x00000001
core   0: 0x80009638 (0x0000bfe5) c.j     pc - 8
core   0: 3 0x80009638 (0xbfe5)
core   0: 0x80009630 (0x00001f17) auipc   t5, 0x1
core   0: 3 0x80009630 (0x00001f17) x30 0x8000a630
core   0: 0x80009634 (0x9c3f2823) sw      gp, -1584(t5)
core   0: 3 0x80009634 (0x9c3f2823) mem 0x8000a000 0x00000001
core   0: 0x80009638 (0x0000bfe5) c.j     pc - 8
core   0: 3 0x80009638 (0xbfe5)
core   0: 0x80009630 (0x00001f17) auipc   t5, 0x1
core   0: 3 0x80009630 (0x00001f17) x30 0x8000a630
core   0: 0x80009634 (0x9c3f2823) sw      gp, -1584(t5)
core   0: 3 0x80009634 (0x9c3f2823) mem 0x8000a000 0x00000001
core   0: 0x80009638 (0x0000bfe5) c.j     pc - 8
core   0: 3 0x80009638 (0xbfe5)
core   0: 0x80009630 (0x00001f17) auipc   t5, 0x1
core   0: 3 0x80009630 (0x00001f17) x30 0x8000a630
core   0: 0x80009634 (0x9c3f2823) sw      gp, -1584(t5)
core   0: 3 0x80009634 (0x9c3f2823) mem 0x8000a000 0x00000001
core   0: 0x80009638 (0x0000bfe5) c.j     pc - 8
core   0: 3 0x80009638 (0xbfe5)
core   0: 0x80009630 (0x00001f17) auipc   t5, 0x1
core   0: 3 0x80009630 (0x00001f17) x30 0x8000a630
core   0: 0x80009634 (0x9c3f2823) sw      gp, -1584(t5)
core   0: 3 0x80009634 (0x9c3f2823) mem 0x8000a000 0x00000001
core   0: 0x80009638 (0x0000bfe5) c.j     pc - 8
core   0: 3 0x80009638 (0xbfe5)
core   0: 0x80009630 (0x00001f17) auipc   t5, 0x1
core   0: 3 0x80009630 (0x00001f17) x30 0x8000a630
core   0: 0x80009634 (0x9c3f2823) sw      gp, -1584(t5)
core   0: 3 0x80009634 (0x9c3f2823) mem 0x8000a000 0x00000001
core   0: 0x80009638 (0x0000bfe5) c.j     pc - 8
core   0: 3 0x80009638 (0xbfe5)
core   0: 0x80009630 (0x00001f17) auipc   t5, 0x1
core   0: 3 0x80009630 (0x00001f17) x30 0x8000a630
core   0: 0x80009634 (0x9c3f2823) sw      gp, -1584(t5)
core   0: 3 0x80009634 (0x9c3f2823) mem 0x8000a000 0x00000001
core   0: 0x80009638 (0x0000bfe5) c.j     pc - 8
core   0: 3 0x80009638 (0xbfe5)
core   0: 0x80009630 (0x00001f17) auipc   t5, 0x1
core   0: 3 0x80009630 (0x00001f17) x30 0x8000a630
core   0: 0x80009634 (0x9c3f2823) sw      gp, -1584(t5)
core   0: 3 0x80009634 (0x9c3f2823) mem 0x8000a000 0x00000001
core   0: 0x80009638 (0x0000bfe5) c.j     pc - 8
core   0: 3 0x80009638 (0xbfe5)
core   0: 0x80009630 (0x00001f17) auipc   t5, 0x1
core   0: 3 0x80009630 (0x00001f17) x30 0x8000a630
core   0: 0x80009634 (0x9c3f2823) sw      gp, -1584(t5)
core   0: 3 0x80009634 (0x9c3f2823) mem 0x8000a000 0x00000001
core   0: 0x80009638 (0x0000bfe5) c.j     pc - 8
core   0: 3 0x80009638 (0xbfe5)
core   0: 0x80009630 (0x00001f17) auipc   t5, 0x1
core   0: 3 0x80009630 (0x00001f17) x30 0x8000a630
core   0: 0x80009634 (0x9c3f2823) sw      gp, -1584(t5)
core   0: 3 0x80009634 (0x9c3f2823) mem 0x8000a000 0x00000001
core   0: 0x80009638 (0x0000bfe5) c.j     pc - 8
core   0: 3 0x80009638 (0xbfe5)
core   0: 0x80009630 (0x00001f17) auipc   t5, 0x1
core   0: 3 0x80009630 (0x00001f17) x30 0x8000a630
core   0: 0x80009634 (0x9c3f2823) sw      gp, -1584(t5)
core   0: 3 0x80009634 (0x9c3f2823) mem 0x8000a000 0x00000001
core   0: 0x80009638 (0x0000bfe5) c.j     pc - 8
core   0: 3 0x80009638 (0xbfe5)
core   0: 0x80009630 (0x00001f17) auipc   t5, 0x1
core   0: 3 0x80009630 (0x00001f17) x30 0x8000a630
core   0: 0x80009634 (0x9c3f2823) sw      gp, -1584(t5)
core   0: 3 0x80009634 (0x9c3f2823) mem 0x8000a000 0x00000001
core   0: 0x80009638 (0x0000bfe5) c.j     pc - 8
core   0: 3 0x80009638 (0xbfe5)
core   0: 0x80009630 (0x00001f17) auipc   t5, 0x1
core   0: 3 0x80009630 (0x00001f17) x30 0x8000a630
core   0: 0x80009634 (0x9c3f2823) sw      gp, -1584(t5)
core   0: 3 0x80009634 (0x9c3f2823) mem 0x8000a000 0x00000001
core   0: 0x80009638 (0x0000bfe5) c.j     pc - 8
core   0: 3 0x80009638 (0xbfe5)
core   0: 0x80009630 (0x00001f17) auipc   t5, 0x1
core   0: 3 0x80009630 (0x00001f17) x30 0x8000a630
core   0: 0x80009634 (0x9c3f2823) sw      gp, -1584(t5)
core   0: 3 0x80009634 (0x9c3f2823) mem 0x8000a000 0x00000001
core   0: 0x80009638 (0x0000bfe5) c.j     pc - 8
core   0: 3 0x80009638 (0xbfe5)
core   0: 0x80009630 (0x00001f17) auipc   t5, 0x1
core   0: 3 0x80009630 (0x00001f17) x30 0x8000a630
core   0: 0x80009634 (0x9c3f2823) sw      gp, -1584(t5)
core   0: 3 0x80009634 (0x9c3f2823) mem 0x8000a000 0x00000001
core   0: 0x80009638 (0x0000bfe5) c.j     pc - 8
core   0: 3 0x80009638 (0xbfe5)
core   0: 0x80009630 (0x00001f17) auipc   t5, 0x1
core   0: 3 0x80009630 (0x00001f17) x30 0x8000a630
core   0: 0x80009634 (0x9c3f2823) sw      gp, -1584(t5)
core   0: 3 0x80009634 (0x9c3f2823) mem 0x8000a000 0x00000001
core   0: 0x80009638 (0x0000bfe5) c.j     pc - 8
core   0: 3 0x80009638 (0xbfe5)
core   0: 0x80009630 (0x00001f17) auipc   t5, 0x1
core   0: 3 0x80009630 (0x00001f17) x30 0x8000a630
core   0: 0x80009634 (0x9c3f2823) sw      gp, -1584(t5)
core   0: 3 0x80009634 (0x9c3f2823) mem 0x8000a000 0x00000001
core   0: 0x80009638 (0x0000bfe5) c.j     pc - 8
core   0: 3 0x80009638 (0xbfe5)
core   0: 0x80009630 (0x00001f17) auipc   t5, 0x1
core   0: 3 0x80009630 (0x00001f17) x30 0x8000a630
core   0: 0x80009634 (0x9c3f2823) sw      gp, -1584(t5)
core   0: 3 0x80009634 (0x9c3f2823) mem 0x8000a000 0x00000001
core   0: 0x80009638 (0x0000bfe5) c.j     pc - 8
core   0: 3 0x80009638 (0xbfe5)
core   0: 0x80009630 (0x00001f17) auipc   t5, 0x1
core   0: 3 0x80009630 (0x00001f17) x30 0x8000a630
core   0: 0x80009634 (0x9c3f2823) sw      gp, -1584(t5)
core   0: 3 0x80009634 (0x9c3f2823) mem 0x8000a000 0x00000001
core   0: 0x80009638 (0x0000bfe5) c.j     pc - 8
core   0: 3 0x80009638 (0xbfe5)
core   0: 0x80009630 (0x00001f17) auipc   t5, 0x1
core   0: 3 0x80009630 (0x00001f17) x30 0x8000a630
core   0: 0x80009634 (0x9c3f2823) sw      gp, -1584(t5)
core   0: 3 0x80009634 (0x9c3f2823) mem 0x8000a000 0x00000001
core   0: 0x80009638 (0x0000bfe5) c.j     pc - 8
core   0: 3 0x80009638 (0xbfe5)
core   0: 0x80009630 (0x00001f17) auipc   t5, 0x1
core   0: 3 0x80009630 (0x00001f17) x30 0x8000a630
core   0: 0x80009634 (0x9c3f2823) sw      gp, -1584(t5)
core   0: 3 0x80009634 (0x9c3f2823) mem 0x8000a000 0x00000001
core   0: 0x80009638 (0x0000bfe5) c.j     pc - 8
core   0: 3 0x80009638 (0xbfe5)
core   0: 0x80009630 (0x00001f17) auipc   t5, 0x1
core   0: 3 0x80009630 (0x00001f17) x30 0x8000a630
core   0: 0x80009634 (0x9c3f2823) sw      gp, -1584(t5)
core   0: 3 0x80009634 (0x9c3f2823) mem 0x8000a000 0x00000001
core   0: 0x80009638 (0x0000bfe5) c.j     pc - 8
core   0: 3 0x80009638 (0xbfe5)
core   0: 0x80009630 (0x00001f17) auipc   t5, 0x1
core   0: 3 0x80009630 (0x00001f17) x30 0x8000a630
core   0: 0x80009634 (0x9c3f2823) sw      gp, -1584(t5)
core   0: 3 0x80009634 (0x9c3f2823) mem 0x8000a000 0x00000001
core   0: 0x80009638 (0x0000bfe5) c.j     pc - 8
core   0: 3 0x80009638 (0xbfe5)
core   0: 0x80009630 (0x00001f17) auipc   t5, 0x1
core   0: 3 0x80009630 (0x00001f17) x30 0x8000a630
core   0: 0x80009634 (0x9c3f2823) sw      gp, -1584(t5)
core   0: 3 0x80009634 (0x9c3f2823) mem 0x8000a000 0x00000001
core   0: 0x80009638 (0x0000bfe5) c.j     pc - 8
core   0: 3 0x80009638 (0xbfe5)
core   0: 0x80009630 (0x00001f17) auipc   t5, 0x1
core   0: 3 0x80009630 (0x00001f17) x30 0x8000a630
core   0: 0x80009634 (0x9c3f2823) sw      gp, -1584(t5)
core   0: 3 0x80009634 (0x9c3f2823) mem 0x8000a000 0x00000001
core   0: 0x80009638 (0x0000bfe5) c.j     pc - 8
core   0: 3 0x80009638 (0xbfe5)
core   0: 0x80009630 (0x00001f17) auipc   t5, 0x1
core   0: 3 0x80009630 (0x00001f17) x30 0x8000a630
core   0: 0x80009634 (0x9c3f2823) sw      gp, -1584(t5)
core   0: 3 0x80009634 (0x9c3f2823) mem 0x8000a000 0x00000001
core   0: 0x80009638 (0x0000bfe5) c.j     pc - 8
core   0: 3 0x80009638 (0xbfe5)
core   0: 0x80009630 (0x00001f17) auipc   t5, 0x1
core   0: 3 0x80009630 (0x00001f17) x30 0x8000a630
core   0: 0x80009634 (0x9c3f2823) sw      gp, -1584(t5)
core   0: 3 0x80009634 (0x9c3f2823) mem 0x8000a000 0x00000001
core   0: 0x80009638 (0x0000bfe5) c.j     pc - 8
core   0: 3 0x80009638 (0xbfe5)
core   0: 0x80009630 (0x00001f17) auipc   t5, 0x1
core   0: 3 0x80009630 (0x00001f17) x30 0x8000a630
core   0: 0x80009634 (0x9c3f2823) sw      gp, -1584(t5)
core   0: 3 0x80009634 (0x9c3f2823) mem 0x8000a000 0x00000001
core   0: 0x80009638 (0x0000bfe5) c.j     pc - 8
core   0: 3 0x80009638 (0xbfe5)
core   0: 0x80009630 (0x00001f17) auipc   t5, 0x1
core   0: 3 0x80009630 (0x00001f17) x30 0x8000a630
core   0: 0x80009634 (0x9c3f2823) sw      gp, -1584(t5)
core   0: 3 0x80009634 (0x9c3f2823) mem 0x8000a000 0x00000001
core   0: 0x80009638 (0x0000bfe5) c.j     pc - 8
core   0: 3 0x80009638 (0xbfe5)
core   0: 0x80009630 (0x00001f17) auipc   t5, 0x1
core   0: 3 0x80009630 (0x00001f17) x30 0x8000a630
core   0: 0x80009634 (0x9c3f2823) sw      gp, -1584(t5)
core   0: 3 0x80009634 (0x9c3f2823) mem 0x8000a000 0x00000001
core   0: 0x80009638 (0x0000bfe5) c.j     pc - 8
core   0: 3 0x80009638 (0xbfe5)
core   0: 0x80009630 (0x00001f17) auipc   t5, 0x1
core   0: 3 0x80009630 (0x00001f17) x30 0x8000a630
core   0: 0x80009634 (0x9c3f2823) sw      gp, -1584(t5)
core   0: 3 0x80009634 (0x9c3f2823) mem 0x8000a000 0x00000001
core   0: 0x80009638 (0x0000bfe5) c.j     pc - 8
core   0: 3 0x80009638 (0xbfe5)
core   0: 0x80009630 (0x00001f17) auipc   t5, 0x1
core   0: 3 0x80009630 (0x00001f17) x30 0x8000a630
core   0: 0x80009634 (0x9c3f2823) sw      gp, -1584(t5)
core   0: 3 0x80009634 (0x9c3f2823) mem 0x8000a000 0x00000001
core   0: 0x80009638 (0x0000bfe5) c.j     pc - 8
core   0: 3 0x80009638 (0xbfe5)
core   0: 0x80009630 (0x00001f17) auipc   t5, 0x1
core   0: 3 0x80009630 (0x00001f17) x30 0x8000a630
core   0: 0x80009634 (0x9c3f2823) sw      gp, -1584(t5)
core   0: 3 0x80009634 (0x9c3f2823) mem 0x8000a000 0x00000001
core   0: 0x80009638 (0x0000bfe5) c.j     pc - 8
core   0: 3 0x80009638 (0xbfe5)
core   0: 0x80009630 (0x00001f17) auipc   t5, 0x1
core   0: 3 0x80009630 (0x00001f17) x30 0x8000a630
core   0: 0x80009634 (0x9c3f2823) sw      gp, -1584(t5)
core   0: 3 0x80009634 (0x9c3f2823) mem 0x8000a000 0x00000001
core   0: 0x80009638 (0x0000bfe5) c.j     pc - 8
core   0: 3 0x80009638 (0xbfe5)
core   0: 0x80009630 (0x00001f17) auipc   t5, 0x1
core   0: 3 0x80009630 (0x00001f17) x30 0x8000a630
core   0: 0x80009634 (0x9c3f2823) sw      gp, -1584(t5)
core   0: 3 0x80009634 (0x9c3f2823) mem 0x8000a000 0x00000001
core   0: 0x80009638 (0x0000bfe5) c.j     pc - 8
core   0: 3 0x80009638 (0xbfe5)
core   0: 0x80009630 (0x00001f17) auipc   t5, 0x1
core   0: 3 0x80009630 (0x00001f17) x30 0x8000a630
core   0: 0x80009634 (0x9c3f2823) sw      gp, -1584(t5)
core   0: 3 0x80009634 (0x9c3f2823) mem 0x8000a000 0x00000001
core   0: 0x80009638 (0x0000bfe5) c.j     pc - 8
core   0: 3 0x80009638 (0xbfe5)
core   0: 0x80009630 (0x00001f17) auipc   t5, 0x1
core   0: 3 0x80009630 (0x00001f17) x30 0x8000a630
core   0: 0x80009634 (0x9c3f2823) sw      gp, -1584(t5)
core   0: 3 0x80009634 (0x9c3f2823) mem 0x8000a000 0x00000001
core   0: 0x80009638 (0x0000bfe5) c.j     pc - 8
core   0: 3 0x80009638 (0xbfe5)
core   0: 0x80009630 (0x00001f17) auipc   t5, 0x1
core   0: 3 0x80009630 (0x00001f17) x30 0x8000a630
core   0: 0x80009634 (0x9c3f2823) sw      gp, -1584(t5)
core   0: 3 0x80009634 (0x9c3f2823) mem 0x8000a000 0x00000001
core   0: 0x80009638 (0x0000bfe5) c.j     pc - 8
core   0: 3 0x80009638 (0xbfe5)
core   0: 0x80009630 (0x00001f17) auipc   t5, 0x1
core   0: 3 0x80009630 (0x00001f17) x30 0x8000a630
core   0: 0x80009634 (0x9c3f2823) sw      gp, -1584(t5)
core   0: 3 0x80009634 (0x9c3f2823) mem 0x8000a000 0x00000001
core   0: 0x80009638 (0x0000bfe5) c.j     pc - 8
core   0: 3 0x80009638 (0xbfe5)
core   0: 0x80009630 (0x00001f17) auipc   t5, 0x1
core   0: 3 0x80009630 (0x00001f17) x30 0x8000a630
core   0: 0x80009634 (0x9c3f2823) sw      gp, -1584(t5)
core   0: 3 0x80009634 (0x9c3f2823) mem 0x8000a000 0x00000001
core   0: 0x80009638 (0x0000bfe5) c.j     pc - 8
core   0: 3 0x80009638 (0xbfe5)
core   0: 0x80009630 (0x00001f17) auipc   t5, 0x1
core   0: 3 0x80009630 (0x00001f17) x30 0x8000a630
core   0: 0x80009634 (0x9c3f2823) sw      gp, -1584(t5)
core   0: 3 0x80009634 (0x9c3f2823) mem 0x8000a000 0x00000001
core   0: 0x80009638 (0x0000bfe5) c.j     pc - 8
core   0: 3 0x80009638 (0xbfe5)
core   0: 0x80009630 (0x00001f17) auipc   t5, 0x1
core   0: 3 0x80009630 (0x00001f17) x30 0x8000a630
core   0: 0x80009634 (0x9c3f2823) sw      gp, -1584(t5)
core   0: 3 0x80009634 (0x9c3f2823) mem 0x8000a000 0x00000001
core   0: 0x80009638 (0x0000bfe5) c.j     pc - 8
core   0: 3 0x80009638 (0xbfe5)
core   0: 0x80009630 (0x00001f17) auipc   t5, 0x1
core   0: 3 0x80009630 (0x00001f17) x30 0x8000a630
core   0: 0x80009634 (0x9c3f2823) sw      gp, -1584(t5)
core   0: 3 0x80009634 (0x9c3f2823) mem 0x8000a000 0x00000001
core   0: 0x80009638 (0x0000bfe5) c.j     pc - 8
core   0: 3 0x80009638 (0xbfe5)
core   0: 0x80009630 (0x00001f17) auipc   t5, 0x1
core   0: 3 0x80009630 (0x00001f17) x30 0x8000a630
core   0: 0x80009634 (0x9c3f2823) sw      gp, -1584(t5)
core   0: 3 0x80009634 (0x9c3f2823) mem 0x8000a000 0x00000001
core   0: 0x80009638 (0x0000bfe5) c.j     pc - 8
core   0: 3 0x80009638 (0xbfe5)
core   0: 0x80009630 (0x00001f17) auipc   t5, 0x1
core   0: 3 0x80009630 (0x00001f17) x30 0x8000a630
core   0: 0x80009634 (0x9c3f2823) sw      gp, -1584(t5)
core   0: 3 0x80009634 (0x9c3f2823) mem 0x8000a000 0x00000001
core   0: 0x80009638 (0x0000bfe5) c.j     pc - 8
core   0: 3 0x80009638 (0xbfe5)
core   0: 0x80009630 (0x00001f17) auipc   t5, 0x1
core   0: 3 0x80009630 (0x00001f17) x30 0x8000a630
core   0: 0x80009634 (0x9c3f2823) sw      gp, -1584(t5)
core   0: 3 0x80009634 (0x9c3f2823) mem 0x8000a000 0x00000001
core   0: 0x80009638 (0x0000bfe5) c.j     pc - 8
core   0: 3 0x80009638 (0xbfe5)
core   0: 0x80009630 (0x00001f17) auipc   t5, 0x1
core   0: 3 0x80009630 (0x00001f17) x30 0x8000a630
core   0: 0x80009634 (0x9c3f2823) sw      gp, -1584(t5)
core   0: 3 0x80009634 (0x9c3f2823) mem 0x8000a000 0x00000001
core   0: 0x80009638 (0x0000bfe5) c.j     pc - 8
core   0: 3 0x80009638 (0xbfe5)
core   0: 0x80009630 (0x00001f17) auipc   t5, 0x1
core   0: 3 0x80009630 (0x00001f17) x30 0x8000a630
core   0: 0x80009634 (0x9c3f2823) sw      gp, -1584(t5)
core   0: 3 0x80009634 (0x9c3f2823) mem 0x8000a000 0x00000001
core   0: 0x80009638 (0x0000bfe5) c.j     pc - 8
core   0: 3 0x80009638 (0xbfe5)
core   0: 0x80009630 (0x00001f17) auipc   t5, 0x1
core   0: 3 0x80009630 (0x00001f17) x30 0x8000a630
core   0: 0x80009634 (0x9c3f2823) sw      gp, -1584(t5)
core   0: 3 0x80009634 (0x9c3f2823) mem 0x8000a000 0x00000001
core   0: 0x80009638 (0x0000bfe5) c.j     pc - 8
core   0: 3 0x80009638 (0xbfe5)
core   0: 0x80009630 (0x00001f17) auipc   t5, 0x1
core   0: 3 0x80009630 (0x00001f17) x30 0x8000a630
core   0: 0x80009634 (0x9c3f2823) sw      gp, -1584(t5)
core   0: 3 0x80009634 (0x9c3f2823) mem 0x8000a000 0x00000001
core   0: 0x80009638 (0x0000bfe5) c.j     pc - 8
core   0: 3 0x80009638 (0xbfe5)
core   0: 0x80009630 (0x00001f17) auipc   t5, 0x1
core   0: 3 0x80009630 (0x00001f17) x30 0x8000a630
core   0: 0x80009634 (0x9c3f2823) sw      gp, -1584(t5)
core   0: 3 0x80009634 (0x9c3f2823) mem 0x8000a000 0x00000001
core   0: 0x80009638 (0x0000bfe5) c.j     pc - 8
core   0: 3 0x80009638 (0xbfe5)
core   0: 0x80009630 (0x00001f17) auipc   t5, 0x1
core   0: 3 0x80009630 (0x00001f17) x30 0x8000a630
core   0: 0x80009634 (0x9c3f2823) sw      gp, -1584(t5)
core   0: 3 0x80009634 (0x9c3f2823) mem 0x8000a000 0x00000001
core   0: 0x80009638 (0x0000bfe5) c.j     pc - 8
core   0: 3 0x80009638 (0xbfe5)
core   0: 0x80009630 (0x00001f17) auipc   t5, 0x1
core   0: 3 0x80009630 (0x00001f17) x30 0x8000a630
core   0: 0x80009634 (0x9c3f2823) sw      gp, -1584(t5)
core   0: 3 0x80009634 (0x9c3f2823) mem 0x8000a000 0x00000001
core   0: 0x80009638 (0x0000bfe5) c.j     pc - 8
core   0: 3 0x80009638 (0xbfe5)
core   0: 0x80009630 (0x00001f17) auipc   t5, 0x1
core   0: 3 0x80009630 (0x00001f17) x30 0x8000a630
core   0: 0x80009634 (0x9c3f2823) sw      gp, -1584(t5)
core   0: 3 0x80009634 (0x9c3f2823) mem 0x8000a000 0x00000001
core   0: 0x80009638 (0x0000bfe5) c.j     pc - 8
core   0: 3 0x80009638 (0xbfe5)
core   0: 0x80009630 (0x00001f17) auipc   t5, 0x1
core   0: 3 0x80009630 (0x00001f17) x30 0x8000a630
core   0: 0x80009634 (0x9c3f2823) sw      gp, -1584(t5)
core   0: 3 0x80009634 (0x9c3f2823) mem 0x8000a000 0x00000001
core   0: 0x80009638 (0x0000bfe5) c.j     pc - 8
core   0: 3 0x80009638 (0xbfe5)
core   0: 0x80009630 (0x00001f17) auipc   t5, 0x1
core   0: 3 0x80009630 (0x00001f17) x30 0x8000a630
core   0: 0x80009634 (0x9c3f2823) sw      gp, -1584(t5)
core   0: 3 0x80009634 (0x9c3f2823) mem 0x8000a000 0x00000001
core   0: 0x80009638 (0x0000bfe5) c.j     pc - 8
core   0: 3 0x80009638 (0xbfe5)
core   0: 0x80009630 (0x00001f17) auipc   t5, 0x1
core   0: 3 0x80009630 (0x00001f17) x30 0x8000a630
core   0: 0x80009634 (0x9c3f2823) sw      gp, -1584(t5)
core   0: 3 0x80009634 (0x9c3f2823) mem 0x8000a000 0x00000001
core   0: 0x80009638 (0x0000bfe5) c.j     pc - 8
core   0: 3 0x80009638 (0xbfe5)
core   0: 0x80009630 (0x00001f17) auipc   t5, 0x1
core   0: 3 0x80009630 (0x00001f17) x30 0x8000a630
core   0: 0x80009634 (0x9c3f2823) sw      gp, -1584(t5)
core   0: 3 0x80009634 (0x9c3f2823) mem 0x8000a000 0x00000001
core   0: 0x80009638 (0x0000bfe5) c.j     pc - 8
core   0: 3 0x80009638 (0xbfe5)
core   0: 0x80009630 (0x00001f17) auipc   t5, 0x1
core   0: 3 0x80009630 (0x00001f17) x30 0x8000a630
core   0: 0x80009634 (0x9c3f2823) sw      gp, -1584(t5)
core   0: 3 0x80009634 (0x9c3f2823) mem 0x8000a000 0x00000001
core   0: 0x80009638 (0x0000bfe5) c.j     pc - 8
core   0: 3 0x80009638 (0xbfe5)
core   0: 0x80009630 (0x00001f17) auipc   t5, 0x1
core   0: 3 0x80009630 (0x00001f17) x30 0x8000a630
core   0: 0x80009634 (0x9c3f2823) sw      gp, -1584(t5)
core   0: 3 0x80009634 (0x9c3f2823) mem 0x8000a000 0x00000001
core   0: 0x80009638 (0x0000bfe5) c.j     pc - 8
core   0: 3 0x80009638 (0xbfe5)
core   0: 0x80009630 (0x00001f17) auipc   t5, 0x1
core   0: 3 0x80009630 (0x00001f17) x30 0x8000a630
core   0: 0x80009634 (0x9c3f2823) sw      gp, -1584(t5)
core   0: 3 0x80009634 (0x9c3f2823) mem 0x8000a000 0x00000001
core   0: 0x80009638 (0x0000bfe5) c.j     pc - 8
core   0: 3 0x80009638 (0xbfe5)
core   0: 0x80009630 (0x00001f17) auipc   t5, 0x1
core   0: 3 0x80009630 (0x00001f17) x30 0x8000a630
core   0: 0x80009634 (0x9c3f2823) sw      gp, -1584(t5)
core   0: 3 0x80009634 (0x9c3f2823) mem 0x8000a000 0x00000001
core   0: 0x80009638 (0x0000bfe5) c.j     pc - 8
core   0: 3 0x80009638 (0xbfe5)
core   0: 0x80009630 (0x00001f17) auipc   t5, 0x1
core   0: 3 0x80009630 (0x00001f17) x30 0x8000a630
core   0: 0x80009634 (0x9c3f2823) sw      gp, -1584(t5)
core   0: 3 0x80009634 (0x9c3f2823) mem 0x8000a000 0x00000001
core   0: 0x80009638 (0x0000bfe5) c.j     pc - 8
core   0: 3 0x80009638 (0xbfe5)
core   0: 0x80009630 (0x00001f17) auipc   t5, 0x1
core   0: 3 0x80009630 (0x00001f17) x30 0x8000a630
core   0: 0x80009634 (0x9c3f2823) sw      gp, -1584(t5)
core   0: 3 0x80009634 (0x9c3f2823) mem 0x8000a000 0x00000001
core   0: 0x80009638 (0x0000bfe5) c.j     pc - 8
core   0: 3 0x80009638 (0xbfe5)
core   0: 0x80009630 (0x00001f17) auipc   t5, 0x1
core   0: 3 0x80009630 (0x00001f17) x30 0x8000a630
core   0: 0x80009634 (0x9c3f2823) sw      gp, -1584(t5)
core   0: 3 0x80009634 (0x9c3f2823) mem 0x8000a000 0x00000001
core   0: 0x80009638 (0x0000bfe5) c.j     pc - 8
core   0: 3 0x80009638 (0xbfe5)
core   0: 0x80009630 (0x00001f17) auipc   t5, 0x1
core   0: 3 0x80009630 (0x00001f17) x30 0x8000a630
core   0: 0x80009634 (0x9c3f2823) sw      gp, -1584(t5)
core   0: 3 0x80009634 (0x9c3f2823) mem 0x8000a000 0x00000001
core   0: 0x80009638 (0x0000bfe5) c.j     pc - 8
core   0: 3 0x80009638 (0xbfe5)
core   0: 0x80009630 (0x00001f17) auipc   t5, 0x1
core   0: 3 0x80009630 (0x00001f17) x30 0x8000a630
core   0: 0x80009634 (0x9c3f2823) sw      gp, -1584(t5)
core   0: 3 0x80009634 (0x9c3f2823) mem 0x8000a000 0x00000001
core   0: 0x80009638 (0x0000bfe5) c.j     pc - 8
core   0: 3 0x80009638 (0xbfe5)
core   0: 0x80009630 (0x00001f17) auipc   t5, 0x1
core   0: 3 0x80009630 (0x00001f17) x30 0x8000a630
core   0: 0x80009634 (0x9c3f2823) sw      gp, -1584(t5)
core   0: 3 0x80009634 (0x9c3f2823) mem 0x8000a000 0x00000001
core   0: 0x80009638 (0x0000bfe5) c.j     pc - 8
core   0: 3 0x80009638 (0xbfe5)
core   0: 0x80009630 (0x00001f17) auipc   t5, 0x1
core   0: 3 0x80009630 (0x00001f17) x30 0x8000a630
core   0: 0x80009634 (0x9c3f2823) sw      gp, -1584(t5)
core   0: 3 0x80009634 (0x9c3f2823) mem 0x8000a000 0x00000001
core   0: 0x80009638 (0x0000bfe5) c.j     pc - 8
core   0: 3 0x80009638 (0xbfe5)
core   0: 0x80009630 (0x00001f17) auipc   t5, 0x1
core   0: 3 0x80009630 (0x00001f17) x30 0x8000a630
core   0: 0x80009634 (0x9c3f2823) sw      gp, -1584(t5)
core   0: 3 0x80009634 (0x9c3f2823) mem 0x8000a000 0x00000001
core   0: 0x80009638 (0x0000bfe5) c.j     pc - 8
core   0: 3 0x80009638 (0xbfe5)
core   0: 0x80009630 (0x00001f17) auipc   t5, 0x1
core   0: 3 0x80009630 (0x00001f17) x30 0x8000a630
core   0: 0x80009634 (0x9c3f2823) sw      gp, -1584(t5)
core   0: 3 0x80009634 (0x9c3f2823) mem 0x8000a000 0x00000001
core   0: 0x80009638 (0x0000bfe5) c.j     pc - 8
core   0: 3 0x80009638 (0xbfe5)
core   0: 0x80009630 (0x00001f17) auipc   t5, 0x1
core   0: 3 0x80009630 (0x00001f17) x30 0x8000a630
core   0: 0x80009634 (0x9c3f2823) sw      gp, -1584(t5)
core   0: 3 0x80009634 (0x9c3f2823) mem 0x8000a000 0x00000001
core   0: 0x80009638 (0x0000bfe5) c.j     pc - 8
core   0: 3 0x80009638 (0xbfe5)
core   0: 0x80009630 (0x00001f17) auipc   t5, 0x1
core   0: 3 0x80009630 (0x00001f17) x30 0x8000a630
core   0: 0x80009634 (0x9c3f2823) sw      gp, -1584(t5)
core   0: 3 0x80009634 (0x9c3f2823) mem 0x8000a000 0x00000001
core   0: 0x80009638 (0x0000bfe5) c.j     pc - 8
core   0: 3 0x80009638 (0xbfe5)
core   0: 0x80009630 (0x00001f17) auipc   t5, 0x1
core   0: 3 0x80009630 (0x00001f17) x30 0x8000a630
core   0: 0x80009634 (0x9c3f2823) sw      gp, -1584(t5)
core   0: 3 0x80009634 (0x9c3f2823) mem 0x8000a000 0x00000001
core   0: 0x80009638 (0x0000bfe5) c.j     pc - 8
core   0: 3 0x80009638 (0xbfe5)
core   0: 0x80009630 (0x00001f17) auipc   t5, 0x1
core   0: 3 0x80009630 (0x00001f17) x30 0x8000a630
core   0: 0x80009634 (0x9c3f2823) sw      gp, -1584(t5)
core   0: 3 0x80009634 (0x9c3f2823) mem 0x8000a000 0x00000001
core   0: 0x80009638 (0x0000bfe5) c.j     pc - 8
core   0: 3 0x80009638 (0xbfe5)
core   0: 0x80009630 (0x00001f17) auipc   t5, 0x1
core   0: 3 0x80009630 (0x00001f17) x30 0x8000a630
core   0: 0x80009634 (0x9c3f2823) sw      gp, -1584(t5)
core   0: 3 0x80009634 (0x9c3f2823) mem 0x8000a000 0x00000001
core   0: 0x80009638 (0x0000bfe5) c.j     pc - 8
core   0: 3 0x80009638 (0xbfe5)
core   0: 0x80009630 (0x00001f17) auipc   t5, 0x1
core   0: 3 0x80009630 (0x00001f17) x30 0x8000a630
core   0: 0x80009634 (0x9c3f2823) sw      gp, -1584(t5)
core   0: 3 0x80009634 (0x9c3f2823) mem 0x8000a000 0x00000001
core   0: 0x80009638 (0x0000bfe5) c.j     pc - 8
core   0: 3 0x80009638 (0xbfe5)
core   0: 0x80009630 (0x00001f17) auipc   t5, 0x1
core   0: 3 0x80009630 (0x00001f17) x30 0x8000a630
core   0: 0x80009634 (0x9c3f2823) sw      gp, -1584(t5)
core   0: 3 0x80009634 (0x9c3f2823) mem 0x8000a000 0x00000001
core   0: 0x80009638 (0x0000bfe5) c.j     pc - 8
core   0: 3 0x80009638 (0xbfe5)
core   0: 0x80009630 (0x00001f17) auipc   t5, 0x1
core   0: 3 0x80009630 (0x00001f17) x30 0x8000a630
core   0: 0x80009634 (0x9c3f2823) sw      gp, -1584(t5)
core   0: 3 0x80009634 (0x9c3f2823) mem 0x8000a000 0x00000001
core   0: 0x80009638 (0x0000bfe5) c.j     pc - 8
core   0: 3 0x80009638 (0xbfe5)
core   0: 0x80009630 (0x00001f17) auipc   t5, 0x1
core   0: 3 0x80009630 (0x00001f17) x30 0x8000a630
core   0: 0x80009634 (0x9c3f2823) sw      gp, -1584(t5)
core   0: 3 0x80009634 (0x9c3f2823) mem 0x8000a000 0x00000001
core   0: 0x80009638 (0x0000bfe5) c.j     pc - 8
core   0: 3 0x80009638 (0xbfe5)
core   0: 0x80009630 (0x00001f17) auipc   t5, 0x1
core   0: 3 0x80009630 (0x00001f17) x30 0x8000a630
core   0: 0x80009634 (0x9c3f2823) sw      gp, -1584(t5)
core   0: 3 0x80009634 (0x9c3f2823) mem 0x8000a000 0x00000001
core   0: 0x80009638 (0x0000bfe5) c.j     pc - 8
core   0: 3 0x80009638 (0xbfe5)
core   0: 0x80009630 (0x00001f17) auipc   t5, 0x1
core   0: 3 0x80009630 (0x00001f17) x30 0x8000a630
core   0: 0x80009634 (0x9c3f2823) sw      gp, -1584(t5)
core   0: 3 0x80009634 (0x9c3f2823) mem 0x8000a000 0x00000001
core   0: 0x80009638 (0x0000bfe5) c.j     pc - 8
core   0: 3 0x80009638 (0xbfe5)
core   0: 0x80009630 (0x00001f17) auipc   t5, 0x1
core   0: 3 0x80009630 (0x00001f17) x30 0x8000a630
core   0: 0x80009634 (0x9c3f2823) sw      gp, -1584(t5)
core   0: 3 0x80009634 (0x9c3f2823) mem 0x8000a000 0x00000001
core   0: 0x80009638 (0x0000bfe5) c.j     pc - 8
core   0: 3 0x80009638 (0xbfe5)
core   0: 0x80009630 (0x00001f17) auipc   t5, 0x1
core   0: 3 0x80009630 (0x00001f17) x30 0x8000a630
core   0: 0x80009634 (0x9c3f2823) sw      gp, -1584(t5)
core   0: 3 0x80009634 (0x9c3f2823) mem 0x8000a000 0x00000001
core   0: 0x80009638 (0x0000bfe5) c.j     pc - 8
core   0: 3 0x80009638 (0xbfe5)
core   0: 0x80009630 (0x00001f17) auipc   t5, 0x1
core   0: 3 0x80009630 (0x00001f17) x30 0x8000a630
core   0: 0x80009634 (0x9c3f2823) sw      gp, -1584(t5)
core   0: 3 0x80009634 (0x9c3f2823) mem 0x8000a000 0x00000001
core   0: 0x80009638 (0x0000bfe5) c.j     pc - 8
core   0: 3 0x80009638 (0xbfe5)
core   0: 0x80009630 (0x00001f17) auipc   t5, 0x1
core   0: 3 0x80009630 (0x00001f17) x30 0x8000a630
core   0: 0x80009634 (0x9c3f2823) sw      gp, -1584(t5)
core   0: 3 0x80009634 (0x9c3f2823) mem 0x8000a000 0x00000001
core   0: 0x80009638 (0x0000bfe5) c.j     pc - 8
core   0: 3 0x80009638 (0xbfe5)
core   0: 0x80009630 (0x00001f17) auipc   t5, 0x1
core   0: 3 0x80009630 (0x00001f17) x30 0x8000a630
core   0: 0x80009634 (0x9c3f2823) sw      gp, -1584(t5)
core   0: 3 0x80009634 (0x9c3f2823) mem 0x8000a000 0x00000001
core   0: 0x80009638 (0x0000bfe5) c.j     pc - 8
core   0: 3 0x80009638 (0xbfe5)
core   0: 0x80009630 (0x00001f17) auipc   t5, 0x1
core   0: 3 0x80009630 (0x00001f17) x30 0x8000a630
core   0: 0x80009634 (0x9c3f2823) sw      gp, -1584(t5)
core   0: 3 0x80009634 (0x9c3f2823) mem 0x8000a000 0x00000001
core   0: 0x80009638 (0x0000bfe5) c.j     pc - 8
core   0: 3 0x80009638 (0xbfe5)
core   0: 0x80009630 (0x00001f17) auipc   t5, 0x1
core   0: 3 0x80009630 (0x00001f17) x30 0x8000a630
core   0: 0x80009634 (0x9c3f2823) sw      gp, -1584(t5)
core   0: 3 0x80009634 (0x9c3f2823) mem 0x8000a000 0x00000001
core   0: 0x80009638 (0x0000bfe5) c.j     pc - 8
core   0: 3 0x80009638 (0xbfe5)
core   0: 0x80009630 (0x00001f17) auipc   t5, 0x1
core   0: 3 0x80009630 (0x00001f17) x30 0x8000a630
core   0: 0x80009634 (0x9c3f2823) sw      gp, -1584(t5)
core   0: 3 0x80009634 (0x9c3f2823) mem 0x8000a000 0x00000001
core   0: 0x80009638 (0x0000bfe5) c.j     pc - 8
core   0: 3 0x80009638 (0xbfe5)
core   0: 0x80009630 (0x00001f17) auipc   t5, 0x1
core   0: 3 0x80009630 (0x00001f17) x30 0x8000a630
core   0: 0x80009634 (0x9c3f2823) sw      gp, -1584(t5)
core   0: 3 0x80009634 (0x9c3f2823) mem 0x8000a000 0x00000001
core   0: 0x80009638 (0x0000bfe5) c.j     pc - 8
core   0: 3 0x80009638 (0xbfe5)
core   0: 0x80009630 (0x00001f17) auipc   t5, 0x1
core   0: 3 0x80009630 (0x00001f17) x30 0x8000a630
core   0: 0x80009634 (0x9c3f2823) sw      gp, -1584(t5)
core   0: 3 0x80009634 (0x9c3f2823) mem 0x8000a000 0x00000001
core   0: 0x80009638 (0x0000bfe5) c.j     pc - 8
core   0: 3 0x80009638 (0xbfe5)
core   0: 0x80009630 (0x00001f17) auipc   t5, 0x1
core   0: 3 0x80009630 (0x00001f17) x30 0x8000a630
core   0: 0x80009634 (0x9c3f2823) sw      gp, -1584(t5)
core   0: 3 0x80009634 (0x9c3f2823) mem 0x8000a000 0x00000001
core   0: 0x80009638 (0x0000bfe5) c.j     pc - 8
core   0: 3 0x80009638 (0xbfe5)
core   0: 0x80009630 (0x00001f17) auipc   t5, 0x1
core   0: 3 0x80009630 (0x00001f17) x30 0x8000a630
core   0: 0x80009634 (0x9c3f2823) sw      gp, -1584(t5)
core   0: 3 0x80009634 (0x9c3f2823) mem 0x8000a000 0x00000001
core   0: 0x80009638 (0x0000bfe5) c.j     pc - 8
core   0: 3 0x80009638 (0xbfe5)
core   0: 0x80009630 (0x00001f17) auipc   t5, 0x1
core   0: 3 0x80009630 (0x00001f17) x30 0x8000a630
core   0: 0x80009634 (0x9c3f2823) sw      gp, -1584(t5)
core   0: 3 0x80009634 (0x9c3f2823) mem 0x8000a000 0x00000001
core   0: 0x80009638 (0x0000bfe5) c.j     pc - 8
core   0: 3 0x80009638 (0xbfe5)
core   0: 0x80009630 (0x00001f17) auipc   t5, 0x1
core   0: 3 0x80009630 (0x00001f17) x30 0x8000a630
core   0: 0x80009634 (0x9c3f2823) sw      gp, -1584(t5)
core   0: 3 0x80009634 (0x9c3f2823) mem 0x8000a000 0x00000001
core   0: 0x80009638 (0x0000bfe5) c.j     pc - 8
core   0: 3 0x80009638 (0xbfe5)
core   0: 0x80009630 (0x00001f17) auipc   t5, 0x1
core   0: 3 0x80009630 (0x00001f17) x30 0x8000a630
core   0: 0x80009634 (0x9c3f2823) sw      gp, -1584(t5)
core   0: 3 0x80009634 (0x9c3f2823) mem 0x8000a000 0x00000001
core   0: 0x80009638 (0x0000bfe5) c.j     pc - 8
core   0: 3 0x80009638 (0xbfe5)
core   0: 0x80009630 (0x00001f17) auipc   t5, 0x1
core   0: 3 0x80009630 (0x00001f17) x30 0x8000a630
core   0: 0x80009634 (0x9c3f2823) sw      gp, -1584(t5)
core   0: 3 0x80009634 (0x9c3f2823) mem 0x8000a000 0x00000001
core   0: 0x80009638 (0x0000bfe5) c.j     pc - 8
core   0: 3 0x80009638 (0xbfe5)
core   0: 0x80009630 (0x00001f17) auipc   t5, 0x1
core   0: 3 0x80009630 (0x00001f17) x30 0x8000a630
core   0: 0x80009634 (0x9c3f2823) sw      gp, -1584(t5)
core   0: 3 0x80009634 (0x9c3f2823) mem 0x8000a000 0x00000001
core   0: 0x80009638 (0x0000bfe5) c.j     pc - 8
core   0: 3 0x80009638 (0xbfe5)
core   0: 0x80009630 (0x00001f17) auipc   t5, 0x1
core   0: 3 0x80009630 (0x00001f17) x30 0x8000a630
core   0: 0x80009634 (0x9c3f2823) sw      gp, -1584(t5)
core   0: 3 0x80009634 (0x9c3f2823) mem 0x8000a000 0x00000001
core   0: 0x80009638 (0x0000bfe5) c.j     pc - 8
core   0: 3 0x80009638 (0xbfe5)
core   0: 0x80009630 (0x00001f17) auipc   t5, 0x1
core   0: 3 0x80009630 (0x00001f17) x30 0x8000a630
core   0: 0x80009634 (0x9c3f2823) sw      gp, -1584(t5)
core   0: 3 0x80009634 (0x9c3f2823) mem 0x8000a000 0x00000001
core   0: 0x80009638 (0x0000bfe5) c.j     pc - 8
core   0: 3 0x80009638 (0xbfe5)
core   0: 0x80009630 (0x00001f17) auipc   t5, 0x1
core   0: 3 0x80009630 (0x00001f17) x30 0x8000a630
core   0: 0x80009634 (0x9c3f2823) sw      gp, -1584(t5)
core   0: 3 0x80009634 (0x9c3f2823) mem 0x8000a000 0x00000001
core   0: 0x80009638 (0x0000bfe5) c.j     pc - 8
core   0: 3 0x80009638 (0xbfe5)
core   0: 0x80009630 (0x00001f17) auipc   t5, 0x1
core   0: 3 0x80009630 (0x00001f17) x30 0x8000a630
core   0: 0x80009634 (0x9c3f2823) sw      gp, -1584(t5)
core   0: 3 0x80009634 (0x9c3f2823) mem 0x8000a000 0x00000001
core   0: 0x80009638 (0x0000bfe5) c.j     pc - 8
core   0: 3 0x80009638 (0xbfe5)
core   0: 0x80009630 (0x00001f17) auipc   t5, 0x1
core   0: 3 0x80009630 (0x00001f17) x30 0x8000a630
core   0: 0x80009634 (0x9c3f2823) sw      gp, -1584(t5)
core   0: 3 0x80009634 (0x9c3f2823) mem 0x8000a000 0x00000001
core   0: 0x80009638 (0x0000bfe5) c.j     pc - 8
core   0: 3 0x80009638 (0xbfe5)
core   0: 0x80009630 (0x00001f17) auipc   t5, 0x1
core   0: 3 0x80009630 (0x00001f17) x30 0x8000a630
core   0: 0x80009634 (0x9c3f2823) sw      gp, -1584(t5)
core   0: 3 0x80009634 (0x9c3f2823) mem 0x8000a000 0x00000001
core   0: 0x80009638 (0x0000bfe5) c.j     pc - 8
core   0: 3 0x80009638 (0xbfe5)
core   0: 0x80009630 (0x00001f17) auipc   t5, 0x1
core   0: 3 0x80009630 (0x00001f17) x30 0x8000a630
core   0: 0x80009634 (0x9c3f2823) sw      gp, -1584(t5)
core   0: 3 0x80009634 (0x9c3f2823) mem 0x8000a000 0x00000001
core   0: 0x80009638 (0x0000bfe5) c.j     pc - 8
core   0: 3 0x80009638 (0xbfe5)
core   0: 0x80009630 (0x00001f17) auipc   t5, 0x1
core   0: 3 0x80009630 (0x00001f17) x30 0x8000a630
core   0: 0x80009634 (0x9c3f2823) sw      gp, -1584(t5)
core   0: 3 0x80009634 (0x9c3f2823) mem 0x8000a000 0x00000001
core   0: 0x80009638 (0x0000bfe5) c.j     pc - 8
core   0: 3 0x80009638 (0xbfe5)
core   0: 0x80009630 (0x00001f17) auipc   t5, 0x1
core   0: 3 0x80009630 (0x00001f17) x30 0x8000a630
core   0: 0x80009634 (0x9c3f2823) sw      gp, -1584(t5)
core   0: 3 0x80009634 (0x9c3f2823) mem 0x8000a000 0x00000001
core   0: 0x80009638 (0x0000bfe5) c.j     pc - 8
core   0: 3 0x80009638 (0xbfe5)
core   0: 0x80009630 (0x00001f17) auipc   t5, 0x1
core   0: 3 0x80009630 (0x00001f17) x30 0x8000a630
core   0: 0x80009634 (0x9c3f2823) sw      gp, -1584(t5)
core   0: 3 0x80009634 (0x9c3f2823) mem 0x8000a000 0x00000001
core   0: 0x80009638 (0x0000bfe5) c.j     pc - 8
core   0: 3 0x80009638 (0xbfe5)
core   0: 0x80009630 (0x00001f17) auipc   t5, 0x1
core   0: 3 0x80009630 (0x00001f17) x30 0x8000a630
core   0: 0x80009634 (0x9c3f2823) sw      gp, -1584(t5)
core   0: 3 0x80009634 (0x9c3f2823) mem 0x8000a000 0x00000001
core   0: 0x80009638 (0x0000bfe5) c.j     pc - 8
core   0: 3 0x80009638 (0xbfe5)
core   0: 0x80009630 (0x00001f17) auipc   t5, 0x1
core   0: 3 0x80009630 (0x00001f17) x30 0x8000a630
core   0: 0x80009634 (0x9c3f2823) sw      gp, -1584(t5)
core   0: 3 0x80009634 (0x9c3f2823) mem 0x8000a000 0x00000001
core   0: 0x80009638 (0x0000bfe5) c.j     pc - 8
core   0: 3 0x80009638 (0xbfe5)
core   0: 0x80009630 (0x00001f17) auipc   t5, 0x1
core   0: 3 0x80009630 (0x00001f17) x30 0x8000a630
core   0: 0x80009634 (0x9c3f2823) sw      gp, -1584(t5)
core   0: 3 0x80009634 (0x9c3f2823) mem 0x8000a000 0x00000001
core   0: 0x80009638 (0x0000bfe5) c.j     pc - 8
core   0: 3 0x80009638 (0xbfe5)
core   0: 0x80009630 (0x00001f17) auipc   t5, 0x1
core   0: 3 0x80009630 (0x00001f17) x30 0x8000a630
core   0: 0x80009634 (0x9c3f2823) sw      gp, -1584(t5)
core   0: 3 0x80009634 (0x9c3f2823) mem 0x8000a000 0x00000001
core   0: 0x80009638 (0x0000bfe5) c.j     pc - 8
core   0: 3 0x80009638 (0xbfe5)
core   0: 0x80009630 (0x00001f17) auipc   t5, 0x1
core   0: 3 0x80009630 (0x00001f17) x30 0x8000a630
core   0: 0x80009634 (0x9c3f2823) sw      gp, -1584(t5)
core   0: 3 0x80009634 (0x9c3f2823) mem 0x8000a000 0x00000001
core   0: 0x80009638 (0x0000bfe5) c.j     pc - 8
core   0: 3 0x80009638 (0xbfe5)
core   0: 0x80009630 (0x00001f17) auipc   t5, 0x1
core   0: 3 0x80009630 (0x00001f17) x30 0x8000a630
core   0: 0x80009634 (0x9c3f2823) sw      gp, -1584(t5)
core   0: 3 0x80009634 (0x9c3f2823) mem 0x8000a000 0x00000001
core   0: 0x80009638 (0x0000bfe5) c.j     pc - 8
core   0: 3 0x80009638 (0xbfe5)
core   0: 0x80009630 (0x00001f17) auipc   t5, 0x1
core   0: 3 0x80009630 (0x00001f17) x30 0x8000a630
core   0: 0x80009634 (0x9c3f2823) sw      gp, -1584(t5)
core   0: 3 0x80009634 (0x9c3f2823) mem 0x8000a000 0x00000001
core   0: 0x80009638 (0x0000bfe5) c.j     pc - 8
core   0: 3 0x80009638 (0xbfe5)
core   0: 0x80009630 (0x00001f17) auipc   t5, 0x1
core   0: 3 0x80009630 (0x00001f17) x30 0x8000a630
core   0: 0x80009634 (0x9c3f2823) sw      gp, -1584(t5)
core   0: 3 0x80009634 (0x9c3f2823) mem 0x8000a000 0x00000001
core   0: 0x80009638 (0x0000bfe5) c.j     pc - 8
core   0: 3 0x80009638 (0xbfe5)
core   0: 0x80009630 (0x00001f17) auipc   t5, 0x1
core   0: 3 0x80009630 (0x00001f17) x30 0x8000a630
core   0: 0x80009634 (0x9c3f2823) sw      gp, -1584(t5)
core   0: 3 0x80009634 (0x9c3f2823) mem 0x8000a000 0x00000001
core   0: 0x80009638 (0x0000bfe5) c.j     pc - 8
core   0: 3 0x80009638 (0xbfe5)
core   0: 0x80009630 (0x00001f17) auipc   t5, 0x1
core   0: 3 0x80009630 (0x00001f17) x30 0x8000a630
core   0: 0x80009634 (0x9c3f2823) sw      gp, -1584(t5)
core   0: 3 0x80009634 (0x9c3f2823) mem 0x8000a000 0x00000001
core   0: 0x80009638 (0x0000bfe5) c.j     pc - 8
core   0: 3 0x80009638 (0xbfe5)
core   0: 0x80009630 (0x00001f17) auipc   t5, 0x1
core   0: 3 0x80009630 (0x00001f17) x30 0x8000a630
core   0: 0x80009634 (0x9c3f2823) sw      gp, -1584(t5)
core   0: 3 0x80009634 (0x9c3f2823) mem 0x8000a000 0x00000001
core   0: 0x80009638 (0x0000bfe5) c.j     pc - 8
core   0: 3 0x80009638 (0xbfe5)
core   0: 0x80009630 (0x00001f17) auipc   t5, 0x1
core   0: 3 0x80009630 (0x00001f17) x30 0x8000a630
core   0: 0x80009634 (0x9c3f2823) sw      gp, -1584(t5)
core   0: 3 0x80009634 (0x9c3f2823) mem 0x8000a000 0x00000001
core   0: 0x80009638 (0x0000bfe5) c.j     pc - 8
core   0: 3 0x80009638 (0xbfe5)
core   0: 0x80009630 (0x00001f17) auipc   t5, 0x1
core   0: 3 0x80009630 (0x00001f17) x30 0x8000a630
core   0: 0x80009634 (0x9c3f2823) sw      gp, -1584(t5)
core   0: 3 0x80009634 (0x9c3f2823) mem 0x8000a000 0x00000001
core   0: 0x80009638 (0x0000bfe5) c.j     pc - 8
core   0: 3 0x80009638 (0xbfe5)
core   0: 0x80009630 (0x00001f17) auipc   t5, 0x1
core   0: 3 0x80009630 (0x00001f17) x30 0x8000a630
core   0: 0x80009634 (0x9c3f2823) sw      gp, -1584(t5)
core   0: 3 0x80009634 (0x9c3f2823) mem 0x8000a000 0x00000001
core   0: 0x80009638 (0x0000bfe5) c.j     pc - 8
core   0: 3 0x80009638 (0xbfe5)
core   0: 0x80009630 (0x00001f17) auipc   t5, 0x1
core   0: 3 0x80009630 (0x00001f17) x30 0x8000a630
core   0: 0x80009634 (0x9c3f2823) sw      gp, -1584(t5)
core   0: 3 0x80009634 (0x9c3f2823) mem 0x8000a000 0x00000001
core   0: 0x80009638 (0x0000bfe5) c.j     pc - 8
core   0: 3 0x80009638 (0xbfe5)
core   0: 0x80009630 (0x00001f17) auipc   t5, 0x1
core   0: 3 0x80009630 (0x00001f17) x30 0x8000a630
core   0: 0x80009634 (0x9c3f2823) sw      gp, -1584(t5)
core   0: 3 0x80009634 (0x9c3f2823) mem 0x8000a000 0x00000001
core   0: 0x80009638 (0x0000bfe5) c.j     pc - 8
core   0: 3 0x80009638 (0xbfe5)
core   0: 0x80009630 (0x00001f17) auipc   t5, 0x1
core   0: 3 0x80009630 (0x00001f17) x30 0x8000a630
core   0: 0x80009634 (0x9c3f2823) sw      gp, -1584(t5)
core   0: 3 0x80009634 (0x9c3f2823) mem 0x8000a000 0x00000001
core   0: 0x80009638 (0x0000bfe5) c.j     pc - 8
core   0: 3 0x80009638 (0xbfe5)
core   0: 0x80009630 (0x00001f17) auipc   t5, 0x1
core   0: 3 0x80009630 (0x00001f17) x30 0x8000a630
core   0: 0x80009634 (0x9c3f2823) sw      gp, -1584(t5)
core   0: 3 0x80009634 (0x9c3f2823) mem 0x8000a000 0x00000001
core   0: 0x80009638 (0x0000bfe5) c.j     pc - 8
core   0: 3 0x80009638 (0xbfe5)
core   0: 0x80009630 (0x00001f17) auipc   t5, 0x1
core   0: 3 0x80009630 (0x00001f17) x30 0x8000a630
core   0: 0x80009634 (0x9c3f2823) sw      gp, -1584(t5)
core   0: 3 0x80009634 (0x9c3f2823) mem 0x8000a000 0x00000001
core   0: 0x80009638 (0x0000bfe5) c.j     pc - 8
core   0: 3 0x80009638 (0xbfe5)
core   0: 0x80009630 (0x00001f17) auipc   t5, 0x1
core   0: 3 0x80009630 (0x00001f17) x30 0x8000a630
core   0: 0x80009634 (0x9c3f2823) sw      gp, -1584(t5)
core   0: 3 0x80009634 (0x9c3f2823) mem 0x8000a000 0x00000001
core   0: 0x80009638 (0x0000bfe5) c.j     pc - 8
core   0: 3 0x80009638 (0xbfe5)
core   0: 0x80009630 (0x00001f17) auipc   t5, 0x1
core   0: 3 0x80009630 (0x00001f17) x30 0x8000a630
core   0: 0x80009634 (0x9c3f2823) sw      gp, -1584(t5)
core   0: 3 0x80009634 (0x9c3f2823) mem 0x8000a000 0x00000001
core   0: 0x80009638 (0x0000bfe5) c.j     pc - 8
core   0: 3 0x80009638 (0xbfe5)
core   0: 0x80009630 (0x00001f17) auipc   t5, 0x1
core   0: 3 0x80009630 (0x00001f17) x30 0x8000a630
core   0: 0x80009634 (0x9c3f2823) sw      gp, -1584(t5)
core   0: 3 0x80009634 (0x9c3f2823) mem 0x8000a000 0x00000001
core   0: 0x80009638 (0x0000bfe5) c.j     pc - 8
core   0: 3 0x80009638 (0xbfe5)
core   0: 0x80009630 (0x00001f17) auipc   t5, 0x1
core   0: 3 0x80009630 (0x00001f17) x30 0x8000a630
core   0: 0x80009634 (0x9c3f2823) sw      gp, -1584(t5)
core   0: 3 0x80009634 (0x9c3f2823) mem 0x8000a000 0x00000001
core   0: 0x80009638 (0x0000bfe5) c.j     pc - 8
core   0: 3 0x80009638 (0xbfe5)
core   0: 0x80009630 (0x00001f17) auipc   t5, 0x1
core   0: 3 0x80009630 (0x00001f17) x30 0x8000a630
core   0: 0x80009634 (0x9c3f2823) sw      gp, -1584(t5)
core   0: 3 0x80009634 (0x9c3f2823) mem 0x8000a000 0x00000001
core   0: 0x80009638 (0x0000bfe5) c.j     pc - 8
core   0: 3 0x80009638 (0xbfe5)
core   0: 0x80009630 (0x00001f17) auipc   t5, 0x1
core   0: 3 0x80009630 (0x00001f17) x30 0x8000a630
core   0: 0x80009634 (0x9c3f2823) sw      gp, -1584(t5)
core   0: 3 0x80009634 (0x9c3f2823) mem 0x8000a000 0x00000001
core   0: 0x80009638 (0x0000bfe5) c.j     pc - 8
core   0: 3 0x80009638 (0xbfe5)
core   0: 0x80009630 (0x00001f17) auipc   t5, 0x1
core   0: 3 0x80009630 (0x00001f17) x30 0x8000a630
core   0: 0x80009634 (0x9c3f2823) sw      gp, -1584(t5)
core   0: 3 0x80009634 (0x9c3f2823) mem 0x8000a000 0x00000001
core   0: 0x80009638 (0x0000bfe5) c.j     pc - 8
core   0: 3 0x80009638 (0xbfe5)
core   0: 0x80009630 (0x00001f17) auipc   t5, 0x1
core   0: 3 0x80009630 (0x00001f17) x30 0x8000a630
core   0: 0x80009634 (0x9c3f2823) sw      gp, -1584(t5)
core   0: 3 0x80009634 (0x9c3f2823) mem 0x8000a000 0x00000001
core   0: 0x80009638 (0x0000bfe5) c.j     pc - 8
core   0: 3 0x80009638 (0xbfe5)
core   0: 0x80009630 (0x00001f17) auipc   t5, 0x1
core   0: 3 0x80009630 (0x00001f17) x30 0x8000a630
core   0: 0x80009634 (0x9c3f2823) sw      gp, -1584(t5)
core   0: 3 0x80009634 (0x9c3f2823) mem 0x8000a000 0x00000001
core   0: 0x80009638 (0x0000bfe5) c.j     pc - 8
core   0: 3 0x80009638 (0xbfe5)
core   0: 0x80009630 (0x00001f17) auipc   t5, 0x1
core   0: 3 0x80009630 (0x00001f17) x30 0x8000a630
core   0: 0x80009634 (0x9c3f2823) sw      gp, -1584(t5)
core   0: 3 0x80009634 (0x9c3f2823) mem 0x8000a000 0x00000001
core   0: 0x80009638 (0x0000bfe5) c.j     pc - 8
core   0: 3 0x80009638 (0xbfe5)
core   0: 0x80009630 (0x00001f17) auipc   t5, 0x1
core   0: 3 0x80009630 (0x00001f17) x30 0x8000a630
core   0: 0x80009634 (0x9c3f2823) sw      gp, -1584(t5)
core   0: 3 0x80009634 (0x9c3f2823) mem 0x8000a000 0x00000001
core   0: 0x80009638 (0x0000bfe5) c.j     pc - 8
core   0: 3 0x80009638 (0xbfe5)
core   0: 0x80009630 (0x00001f17) auipc   t5, 0x1
core   0: 3 0x80009630 (0x00001f17) x30 0x8000a630
core   0: 0x80009634 (0x9c3f2823) sw      gp, -1584(t5)
core   0: 3 0x80009634 (0x9c3f2823) mem 0x8000a000 0x00000001
core   0: 0x80009638 (0x0000bfe5) c.j     pc - 8
core   0: 3 0x80009638 (0xbfe5)
core   0: 0x80009630 (0x00001f17) auipc   t5, 0x1
core   0: 3 0x80009630 (0x00001f17) x30 0x8000a630
core   0: 0x80009634 (0x9c3f2823) sw      gp, -1584(t5)
core   0: 3 0x80009634 (0x9c3f2823) mem 0x8000a000 0x00000001
core   0: 0x80009638 (0x0000bfe5) c.j     pc - 8
core   0: 3 0x80009638 (0xbfe5)
core   0: 0x80009630 (0x00001f17) auipc   t5, 0x1
core   0: 3 0x80009630 (0x00001f17) x30 0x8000a630
core   0: 0x80009634 (0x9c3f2823) sw      gp, -1584(t5)
core   0: 3 0x80009634 (0x9c3f2823) mem 0x8000a000 0x00000001
core   0: 0x80009638 (0x0000bfe5) c.j     pc - 8
core   0: 3 0x80009638 (0xbfe5)
core   0: 0x80009630 (0x00001f17) auipc   t5, 0x1
core   0: 3 0x80009630 (0x00001f17) x30 0x8000a630
core   0: 0x80009634 (0x9c3f2823) sw      gp, -1584(t5)
core   0: 3 0x80009634 (0x9c3f2823) mem 0x8000a000 0x00000001
core   0: 0x80009638 (0x0000bfe5) c.j     pc - 8
core   0: 3 0x80009638 (0xbfe5)
core   0: 0x80009630 (0x00001f17) auipc   t5, 0x1
core   0: 3 0x80009630 (0x00001f17) x30 0x8000a630
core   0: 0x80009634 (0x9c3f2823) sw      gp, -1584(t5)
core   0: 3 0x80009634 (0x9c3f2823) mem 0x8000a000 0x00000001
core   0: 0x80009638 (0x0000bfe5) c.j     pc - 8
core   0: 3 0x80009638 (0xbfe5)
core   0: 0x80009630 (0x00001f17) auipc   t5, 0x1
core   0: 3 0x80009630 (0x00001f17) x30 0x8000a630
core   0: 0x80009634 (0x9c3f2823) sw      gp, -1584(t5)
core   0: 3 0x80009634 (0x9c3f2823) mem 0x8000a000 0x00000001
core   0: 0x80009638 (0x0000bfe5) c.j     pc - 8
core   0: 3 0x80009638 (0xbfe5)
core   0: 0x80009630 (0x00001f17) auipc   t5, 0x1
core   0: 3 0x80009630 (0x00001f17) x30 0x8000a630
core   0: 0x80009634 (0x9c3f2823) sw      gp, -1584(t5)
core   0: 3 0x80009634 (0x9c3f2823) mem 0x8000a000 0x00000001
core   0: 0x80009638 (0x0000bfe5) c.j     pc - 8
core   0: 3 0x80009638 (0xbfe5)
core   0: 0x80009630 (0x00001f17) auipc   t5, 0x1
core   0: 3 0x80009630 (0x00001f17) x30 0x8000a630
core   0: 0x80009634 (0x9c3f2823) sw      gp, -1584(t5)
core   0: 3 0x80009634 (0x9c3f2823) mem 0x8000a000 0x00000001
core   0: 0x80009638 (0x0000bfe5) c.j     pc - 8
core   0: 3 0x80009638 (0xbfe5)
core   0: 0x80009630 (0x00001f17) auipc   t5, 0x1
core   0: 3 0x80009630 (0x00001f17) x30 0x8000a630
core   0: 0x80009634 (0x9c3f2823) sw      gp, -1584(t5)
core   0: 3 0x80009634 (0x9c3f2823) mem 0x8000a000 0x00000001
core   0: 0x80009638 (0x0000bfe5) c.j     pc - 8
core   0: 3 0x80009638 (0xbfe5)
core   0: 0x80009630 (0x00001f17) auipc   t5, 0x1
core   0: 3 0x80009630 (0x00001f17) x30 0x8000a630
core   0: 0x80009634 (0x9c3f2823) sw      gp, -1584(t5)
core   0: 3 0x80009634 (0x9c3f2823) mem 0x8000a000 0x00000001
core   0: 0x80009638 (0x0000bfe5) c.j     pc - 8
core   0: 3 0x80009638 (0xbfe5)
core   0: 0x80009630 (0x00001f17) auipc   t5, 0x1
core   0: 3 0x80009630 (0x00001f17) x30 0x8000a630
core   0: 0x80009634 (0x9c3f2823) sw      gp, -1584(t5)
core   0: 3 0x80009634 (0x9c3f2823) mem 0x8000a000 0x00000001
core   0: 0x80009638 (0x0000bfe5) c.j     pc - 8
core   0: 3 0x80009638 (0xbfe5)
core   0: 0x80009630 (0x00001f17) auipc   t5, 0x1
core   0: 3 0x80009630 (0x00001f17) x30 0x8000a630
core   0: 0x80009634 (0x9c3f2823) sw      gp, -1584(t5)
core   0: 3 0x80009634 (0x9c3f2823) mem 0x8000a000 0x00000001
core   0: 0x80009638 (0x0000bfe5) c.j     pc - 8
core   0: 3 0x80009638 (0xbfe5)
core   0: 0x80009630 (0x00001f17) auipc   t5, 0x1
core   0: 3 0x80009630 (0x00001f17) x30 0x8000a630
core   0: 0x80009634 (0x9c3f2823) sw      gp, -1584(t5)
core   0: 3 0x80009634 (0x9c3f2823) mem 0x8000a000 0x00000001
core   0: 0x80009638 (0x0000bfe5) c.j     pc - 8
core   0: 3 0x80009638 (0xbfe5)
core   0: 0x80009630 (0x00001f17) auipc   t5, 0x1
core   0: 3 0x80009630 (0x00001f17) x30 0x8000a630
core   0: 0x80009634 (0x9c3f2823) sw      gp, -1584(t5)
core   0: 3 0x80009634 (0x9c3f2823) mem 0x8000a000 0x00000001
core   0: 0x80009638 (0x0000bfe5) c.j     pc - 8
core   0: 3 0x80009638 (0xbfe5)
core   0: 0x80009630 (0x00001f17) auipc   t5, 0x1
core   0: 3 0x80009630 (0x00001f17) x30 0x8000a630
core   0: 0x80009634 (0x9c3f2823) sw      gp, -1584(t5)
core   0: 3 0x80009634 (0x9c3f2823) mem 0x8000a000 0x00000001
core   0: 0x80009638 (0x0000bfe5) c.j     pc - 8
core   0: 3 0x80009638 (0xbfe5)
core   0: 0x80009630 (0x00001f17) auipc   t5, 0x1
core   0: 3 0x80009630 (0x00001f17) x30 0x8000a630
core   0: 0x80009634 (0x9c3f2823) sw      gp, -1584(t5)
core   0: 3 0x80009634 (0x9c3f2823) mem 0x8000a000 0x00000001
core   0: 0x80009638 (0x0000bfe5) c.j     pc - 8
core   0: 3 0x80009638 (0xbfe5)
core   0: 0x80009630 (0x00001f17) auipc   t5, 0x1
core   0: 3 0x80009630 (0x00001f17) x30 0x8000a630
core   0: 0x80009634 (0x9c3f2823) sw      gp, -1584(t5)
core   0: 3 0x80009634 (0x9c3f2823) mem 0x8000a000 0x00000001
core   0: 0x80009638 (0x0000bfe5) c.j     pc - 8
core   0: 3 0x80009638 (0xbfe5)
core   0: 0x80009630 (0x00001f17) auipc   t5, 0x1
core   0: 3 0x80009630 (0x00001f17) x30 0x8000a630
core   0: 0x80009634 (0x9c3f2823) sw      gp, -1584(t5)
core   0: 3 0x80009634 (0x9c3f2823) mem 0x8000a000 0x00000001
core   0: 0x80009638 (0x0000bfe5) c.j     pc - 8
core   0: 3 0x80009638 (0xbfe5)
core   0: 0x80009630 (0x00001f17) auipc   t5, 0x1
core   0: 3 0x80009630 (0x00001f17) x30 0x8000a630
core   0: 0x80009634 (0x9c3f2823) sw      gp, -1584(t5)
core   0: 3 0x80009634 (0x9c3f2823) mem 0x8000a000 0x00000001
core   0: 0x80009638 (0x0000bfe5) c.j     pc - 8
core   0: 3 0x80009638 (0xbfe5)
core   0: 0x80009630 (0x00001f17) auipc   t5, 0x1
core   0: 3 0x80009630 (0x00001f17) x30 0x8000a630
core   0: 0x80009634 (0x9c3f2823) sw      gp, -1584(t5)
core   0: 3 0x80009634 (0x9c3f2823) mem 0x8000a000 0x00000001
core   0: 0x80009638 (0x0000bfe5) c.j     pc - 8
core   0: 3 0x80009638 (0xbfe5)
core   0: 0x80009630 (0x00001f17) auipc   t5, 0x1
core   0: 3 0x80009630 (0x00001f17) x30 0x8000a630
core   0: 0x80009634 (0x9c3f2823) sw      gp, -1584(t5)
core   0: 3 0x80009634 (0x9c3f2823) mem 0x8000a000 0x00000001
core   0: 0x80009638 (0x0000bfe5) c.j     pc - 8
core   0: 3 0x80009638 (0xbfe5)
core   0: 0x80009630 (0x00001f17) auipc   t5, 0x1
core   0: 3 0x80009630 (0x00001f17) x30 0x8000a630
core   0: 0x80009634 (0x9c3f2823) sw      gp, -1584(t5)
core   0: 3 0x80009634 (0x9c3f2823) mem 0x8000a000 0x00000001
core   0: 0x80009638 (0x0000bfe5) c.j     pc - 8
core   0: 3 0x80009638 (0xbfe5)
core   0: 0x80009630 (0x00001f17) auipc   t5, 0x1
core   0: 3 0x80009630 (0x00001f17) x30 0x8000a630
core   0: 0x80009634 (0x9c3f2823) sw      gp, -1584(t5)
core   0: 3 0x80009634 (0x9c3f2823) mem 0x8000a000 0x00000001
core   0: 0x80009638 (0x0000bfe5) c.j     pc - 8
core   0: 3 0x80009638 (0xbfe5)
core   0: 0x80009630 (0x00001f17) auipc   t5, 0x1
core   0: 3 0x80009630 (0x00001f17) x30 0x8000a630
core   0: 0x80009634 (0x9c3f2823) sw      gp, -1584(t5)
core   0: 3 0x80009634 (0x9c3f2823) mem 0x8000a000 0x00000001
core   0: 0x80009638 (0x0000bfe5) c.j     pc - 8
core   0: 3 0x80009638 (0xbfe5)
core   0: 0x80009630 (0x00001f17) auipc   t5, 0x1
core   0: 3 0x80009630 (0x00001f17) x30 0x8000a630
core   0: 0x80009634 (0x9c3f2823) sw      gp, -1584(t5)
core   0: 3 0x80009634 (0x9c3f2823) mem 0x8000a000 0x00000001
core   0: 0x80009638 (0x0000bfe5) c.j     pc - 8
core   0: 3 0x80009638 (0xbfe5)
core   0: 0x80009630 (0x00001f17) auipc   t5, 0x1
core   0: 3 0x80009630 (0x00001f17) x30 0x8000a630
core   0: 0x80009634 (0x9c3f2823) sw      gp, -1584(t5)
core   0: 3 0x80009634 (0x9c3f2823) mem 0x8000a000 0x00000001
core   0: 0x80009638 (0x0000bfe5) c.j     pc - 8
core   0: 3 0x80009638 (0xbfe5)
core   0: 0x80009630 (0x00001f17) auipc   t5, 0x1
core   0: 3 0x80009630 (0x00001f17) x30 0x8000a630
core   0: 0x80009634 (0x9c3f2823) sw      gp, -1584(t5)
core   0: 3 0x80009634 (0x9c3f2823) mem 0x8000a000 0x00000001
core   0: 0x80009638 (0x0000bfe5) c.j     pc - 8
core   0: 3 0x80009638 (0xbfe5)
core   0: 0x80009630 (0x00001f17) auipc   t5, 0x1
core   0: 3 0x80009630 (0x00001f17) x30 0x8000a630
core   0: 0x80009634 (0x9c3f2823) sw      gp, -1584(t5)
core   0: 3 0x80009634 (0x9c3f2823) mem 0x8000a000 0x00000001
core   0: 0x80009638 (0x0000bfe5) c.j     pc - 8
core   0: 3 0x80009638 (0xbfe5)
core   0: 0x80009630 (0x00001f17) auipc   t5, 0x1
core   0: 3 0x80009630 (0x00001f17) x30 0x8000a630
core   0: 0x80009634 (0x9c3f2823) sw      gp, -1584(t5)
core   0: 3 0x80009634 (0x9c3f2823) mem 0x8000a000 0x00000001
core   0: 0x80009638 (0x0000bfe5) c.j     pc - 8
core   0: 3 0x80009638 (0xbfe5)
core   0: 0x80009630 (0x00001f17) auipc   t5, 0x1
core   0: 3 0x80009630 (0x00001f17) x30 0x8000a630
core   0: 0x80009634 (0x9c3f2823) sw      gp, -1584(t5)
core   0: 3 0x80009634 (0x9c3f2823) mem 0x8000a000 0x00000001
core   0: 0x80009638 (0x0000bfe5) c.j     pc - 8
core   0: 3 0x80009638 (0xbfe5)
core   0: 0x80009630 (0x00001f17) auipc   t5, 0x1
core   0: 3 0x80009630 (0x00001f17) x30 0x8000a630
core   0: 0x80009634 (0x9c3f2823) sw      gp, -1584(t5)
core   0: 3 0x80009634 (0x9c3f2823) mem 0x8000a000 0x00000001
core   0: 0x80009638 (0x0000bfe5) c.j     pc - 8
core   0: 3 0x80009638 (0xbfe5)
core   0: 0x80009630 (0x00001f17) auipc   t5, 0x1
core   0: 3 0x80009630 (0x00001f17) x30 0x8000a630
core   0: 0x80009634 (0x9c3f2823) sw      gp, -1584(t5)
core   0: 3 0x80009634 (0x9c3f2823) mem 0x8000a000 0x00000001
core   0: 0x80009638 (0x0000bfe5) c.j     pc - 8
core   0: 3 0x80009638 (0xbfe5)
core   0: 0x80009630 (0x00001f17) auipc   t5, 0x1
core   0: 3 0x80009630 (0x00001f17) x30 0x8000a630
core   0: 0x80009634 (0x9c3f2823) sw      gp, -1584(t5)
core   0: 3 0x80009634 (0x9c3f2823) mem 0x8000a000 0x00000001
core   0: 0x80009638 (0x0000bfe5) c.j     pc - 8
core   0: 3 0x80009638 (0xbfe5)
core   0: 0x80009630 (0x00001f17) auipc   t5, 0x1
core   0: 3 0x80009630 (0x00001f17) x30 0x8000a630
core   0: 0x80009634 (0x9c3f2823) sw      gp, -1584(t5)
core   0: 3 0x80009634 (0x9c3f2823) mem 0x8000a000 0x00000001
core   0: 0x80009638 (0x0000bfe5) c.j     pc - 8
core   0: 3 0x80009638 (0xbfe5)
core   0: 0x80009630 (0x00001f17) auipc   t5, 0x1
core   0: 3 0x80009630 (0x00001f17) x30 0x8000a630
core   0: 0x80009634 (0x9c3f2823) sw      gp, -1584(t5)
core   0: 3 0x80009634 (0x9c3f2823) mem 0x8000a000 0x00000001
core   0: 0x80009638 (0x0000bfe5) c.j     pc - 8
core   0: 3 0x80009638 (0xbfe5)
core   0: 0x80009630 (0x00001f17) auipc   t5, 0x1
core   0: 3 0x80009630 (0x00001f17) x30 0x8000a630
core   0: 0x80009634 (0x9c3f2823) sw      gp, -1584(t5)
core   0: 3 0x80009634 (0x9c3f2823) mem 0x8000a000 0x00000001
core   0: 0x80009638 (0x0000bfe5) c.j     pc - 8
core   0: 3 0x80009638 (0xbfe5)
core   0: 0x80009630 (0x00001f17) auipc   t5, 0x1
core   0: 3 0x80009630 (0x00001f17) x30 0x8000a630
core   0: 0x80009634 (0x9c3f2823) sw      gp, -1584(t5)
core   0: 3 0x80009634 (0x9c3f2823) mem 0x8000a000 0x00000001
core   0: 0x80009638 (0x0000bfe5) c.j     pc - 8
core   0: 3 0x80009638 (0xbfe5)
core   0: 0x80009630 (0x00001f17) auipc   t5, 0x1
core   0: 3 0x80009630 (0x00001f17) x30 0x8000a630
core   0: 0x80009634 (0x9c3f2823) sw      gp, -1584(t5)
core   0: 3 0x80009634 (0x9c3f2823) mem 0x8000a000 0x00000001
core   0: 0x80009638 (0x0000bfe5) c.j     pc - 8
core   0: 3 0x80009638 (0xbfe5)
core   0: 0x80009630 (0x00001f17) auipc   t5, 0x1
core   0: 3 0x80009630 (0x00001f17) x30 0x8000a630
core   0: 0x80009634 (0x9c3f2823) sw      gp, -1584(t5)
core   0: 3 0x80009634 (0x9c3f2823) mem 0x8000a000 0x00000001
core   0: 0x80009638 (0x0000bfe5) c.j     pc - 8
core   0: 3 0x80009638 (0xbfe5)
core   0: 0x80009630 (0x00001f17) auipc   t5, 0x1
core   0: 3 0x80009630 (0x00001f17) x30 0x8000a630
core   0: 0x80009634 (0x9c3f2823) sw      gp, -1584(t5)
core   0: 3 0x80009634 (0x9c3f2823) mem 0x8000a000 0x00000001
core   0: 0x80009638 (0x0000bfe5) c.j     pc - 8
core   0: 3 0x80009638 (0xbfe5)
core   0: 0x80009630 (0x00001f17) auipc   t5, 0x1
core   0: 3 0x80009630 (0x00001f17) x30 0x8000a630
core   0: 0x80009634 (0x9c3f2823) sw      gp, -1584(t5)
core   0: 3 0x80009634 (0x9c3f2823) mem 0x8000a000 0x00000001
core   0: 0x80009638 (0x0000bfe5) c.j     pc - 8
core   0: 3 0x80009638 (0xbfe5)
core   0: 0x80009630 (0x00001f17) auipc   t5, 0x1
core   0: 3 0x80009630 (0x00001f17) x30 0x8000a630
core   0: 0x80009634 (0x9c3f2823) sw      gp, -1584(t5)
core   0: 3 0x80009634 (0x9c3f2823) mem 0x8000a000 0x00000001
core   0: 0x80009638 (0x0000bfe5) c.j     pc - 8
core   0: 3 0x80009638 (0xbfe5)
core   0: 0x80009630 (0x00001f17) auipc   t5, 0x1
core   0: 3 0x80009630 (0x00001f17) x30 0x8000a630
core   0: 0x80009634 (0x9c3f2823) sw      gp, -1584(t5)
core   0: 3 0x80009634 (0x9c3f2823) mem 0x8000a000 0x00000001
core   0: 0x80009638 (0x0000bfe5) c.j     pc - 8
core   0: 3 0x80009638 (0xbfe5)
core   0: 0x80009630 (0x00001f17) auipc   t5, 0x1
core   0: 3 0x80009630 (0x00001f17) x30 0x8000a630
core   0: 0x80009634 (0x9c3f2823) sw      gp, -1584(t5)
core   0: 3 0x80009634 (0x9c3f2823) mem 0x8000a000 0x00000001
core   0: 0x80009638 (0x0000bfe5) c.j     pc - 8
core   0: 3 0x80009638 (0xbfe5)
core   0: 0x80009630 (0x00001f17) auipc   t5, 0x1
core   0: 3 0x80009630 (0x00001f17) x30 0x8000a630
core   0: 0x80009634 (0x9c3f2823) sw      gp, -1584(t5)
core   0: 3 0x80009634 (0x9c3f2823) mem 0x8000a000 0x00000001
core   0: 0x80009638 (0x0000bfe5) c.j     pc - 8
core   0: 3 0x80009638 (0xbfe5)
core   0: 0x80009630 (0x00001f17) auipc   t5, 0x1
core   0: 3 0x80009630 (0x00001f17) x30 0x8000a630
core   0: 0x80009634 (0x9c3f2823) sw      gp, -1584(t5)
core   0: 3 0x80009634 (0x9c3f2823) mem 0x8000a000 0x00000001
core   0: 0x80009638 (0x0000bfe5) c.j     pc - 8
core   0: 3 0x80009638 (0xbfe5)
core   0: 0x80009630 (0x00001f17) auipc   t5, 0x1
core   0: 3 0x80009630 (0x00001f17) x30 0x8000a630
core   0: 0x80009634 (0x9c3f2823) sw      gp, -1584(t5)
core   0: 3 0x80009634 (0x9c3f2823) mem 0x8000a000 0x00000001
core   0: 0x80009638 (0x0000bfe5) c.j     pc - 8
core   0: 3 0x80009638 (0xbfe5)
core   0: 0x80009630 (0x00001f17) auipc   t5, 0x1
core   0: 3 0x80009630 (0x00001f17) x30 0x8000a630
core   0: 0x80009634 (0x9c3f2823) sw      gp, -1584(t5)
core   0: 3 0x80009634 (0x9c3f2823) mem 0x8000a000 0x00000001
core   0: 0x80009638 (0x0000bfe5) c.j     pc - 8
core   0: 3 0x80009638 (0xbfe5)
core   0: 0x80009630 (0x00001f17) auipc   t5, 0x1
core   0: 3 0x80009630 (0x00001f17) x30 0x8000a630
core   0: 0x80009634 (0x9c3f2823) sw      gp, -1584(t5)
core   0: 3 0x80009634 (0x9c3f2823) mem 0x8000a000 0x00000001
core   0: 0x80009638 (0x0000bfe5) c.j     pc - 8
core   0: 3 0x80009638 (0xbfe5)
core   0: 0x80009630 (0x00001f17) auipc   t5, 0x1
core   0: 3 0x80009630 (0x00001f17) x30 0x8000a630
core   0: 0x80009634 (0x9c3f2823) sw      gp, -1584(t5)
core   0: 3 0x80009634 (0x9c3f2823) mem 0x8000a000 0x00000001
core   0: 0x80009638 (0x0000bfe5) c.j     pc - 8
core   0: 3 0x80009638 (0xbfe5)
core   0: 0x80009630 (0x00001f17) auipc   t5, 0x1
core   0: 3 0x80009630 (0x00001f17) x30 0x8000a630
core   0: 0x80009634 (0x9c3f2823) sw      gp, -1584(t5)
core   0: 3 0x80009634 (0x9c3f2823) mem 0x8000a000 0x00000001
core   0: 0x80009638 (0x0000bfe5) c.j     pc - 8
core   0: 3 0x80009638 (0xbfe5)
core   0: 0x80009630 (0x00001f17) auipc   t5, 0x1
core   0: 3 0x80009630 (0x00001f17) x30 0x8000a630
core   0: 0x80009634 (0x9c3f2823) sw      gp, -1584(t5)
core   0: 3 0x80009634 (0x9c3f2823) mem 0x8000a000 0x00000001
core   0: 0x80009638 (0x0000bfe5) c.j     pc - 8
core   0: 3 0x80009638 (0xbfe5)
core   0: 0x80009630 (0x00001f17) auipc   t5, 0x1
core   0: 3 0x80009630 (0x00001f17) x30 0x8000a630
core   0: 0x80009634 (0x9c3f2823) sw      gp, -1584(t5)
core   0: 3 0x80009634 (0x9c3f2823) mem 0x8000a000 0x00000001
core   0: 0x80009638 (0x0000bfe5) c.j     pc - 8
core   0: 3 0x80009638 (0xbfe5)
core   0: 0x80009630 (0x00001f17) auipc   t5, 0x1
core   0: 3 0x80009630 (0x00001f17) x30 0x8000a630
core   0: 0x80009634 (0x9c3f2823) sw      gp, -1584(t5)
core   0: 3 0x80009634 (0x9c3f2823) mem 0x8000a000 0x00000001
core   0: 0x80009638 (0x0000bfe5) c.j     pc - 8
core   0: 3 0x80009638 (0xbfe5)
core   0: 0x80009630 (0x00001f17) auipc   t5, 0x1
core   0: 3 0x80009630 (0x00001f17) x30 0x8000a630
core   0: 0x80009634 (0x9c3f2823) sw      gp, -1584(t5)
core   0: 3 0x80009634 (0x9c3f2823) mem 0x8000a000 0x00000001
core   0: 0x80009638 (0x0000bfe5) c.j     pc - 8
core   0: 3 0x80009638 (0xbfe5)
core   0: 0x80009630 (0x00001f17) auipc   t5, 0x1
core   0: 3 0x80009630 (0x00001f17) x30 0x8000a630
core   0: 0x80009634 (0x9c3f2823) sw      gp, -1584(t5)
core   0: 3 0x80009634 (0x9c3f2823) mem 0x8000a000 0x00000001
core   0: 0x80009638 (0x0000bfe5) c.j     pc - 8
core   0: 3 0x80009638 (0xbfe5)
core   0: 0x80009630 (0x00001f17) auipc   t5, 0x1
core   0: 3 0x80009630 (0x00001f17) x30 0x8000a630
core   0: 0x80009634 (0x9c3f2823) sw      gp, -1584(t5)
core   0: 3 0x80009634 (0x9c3f2823) mem 0x8000a000 0x00000001
core   0: 0x80009638 (0x0000bfe5) c.j     pc - 8
core   0: 3 0x80009638 (0xbfe5)
core   0: 0x80009630 (0x00001f17) auipc   t5, 0x1
core   0: 3 0x80009630 (0x00001f17) x30 0x8000a630
core   0: 0x80009634 (0x9c3f2823) sw      gp, -1584(t5)
core   0: 3 0x80009634 (0x9c3f2823) mem 0x8000a000 0x00000001
core   0: 0x80009638 (0x0000bfe5) c.j     pc - 8
core   0: 3 0x80009638 (0xbfe5)
core   0: 0x80009630 (0x00001f17) auipc   t5, 0x1
core   0: 3 0x80009630 (0x00001f17) x30 0x8000a630
core   0: 0x80009634 (0x9c3f2823) sw      gp, -1584(t5)
core   0: 3 0x80009634 (0x9c3f2823) mem 0x8000a000 0x00000001
core   0: 0x80009638 (0x0000bfe5) c.j     pc - 8
core   0: 3 0x80009638 (0xbfe5)
core   0: 0x80009630 (0x00001f17) auipc   t5, 0x1
core   0: 3 0x80009630 (0x00001f17) x30 0x8000a630
core   0: 0x80009634 (0x9c3f2823) sw      gp, -1584(t5)
core   0: 3 0x80009634 (0x9c3f2823) mem 0x8000a000 0x00000001
core   0: 0x80009638 (0x0000bfe5) c.j     pc - 8
core   0: 3 0x80009638 (0xbfe5)
core   0: 0x80009630 (0x00001f17) auipc   t5, 0x1
core   0: 3 0x80009630 (0x00001f17) x30 0x8000a630
core   0: 0x80009634 (0x9c3f2823) sw      gp, -1584(t5)
core   0: 3 0x80009634 (0x9c3f2823) mem 0x8000a000 0x00000001
core   0: 0x80009638 (0x0000bfe5) c.j     pc - 8
core   0: 3 0x80009638 (0xbfe5)
core   0: 0x80009630 (0x00001f17) auipc   t5, 0x1
core   0: 3 0x80009630 (0x00001f17) x30 0x8000a630
core   0: 0x80009634 (0x9c3f2823) sw      gp, -1584(t5)
core   0: 3 0x80009634 (0x9c3f2823) mem 0x8000a000 0x00000001
core   0: 0x80009638 (0x0000bfe5) c.j     pc - 8
core   0: 3 0x80009638 (0xbfe5)
core   0: 0x80009630 (0x00001f17) auipc   t5, 0x1
core   0: 3 0x80009630 (0x00001f17) x30 0x8000a630
core   0: 0x80009634 (0x9c3f2823) sw      gp, -1584(t5)
core   0: 3 0x80009634 (0x9c3f2823) mem 0x8000a000 0x00000001
core   0: 0x80009638 (0x0000bfe5) c.j     pc - 8
core   0: 3 0x80009638 (0xbfe5)
core   0: 0x80009630 (0x00001f17) auipc   t5, 0x1
core   0: 3 0x80009630 (0x00001f17) x30 0x8000a630
core   0: 0x80009634 (0x9c3f2823) sw      gp, -1584(t5)
core   0: 3 0x80009634 (0x9c3f2823) mem 0x8000a000 0x00000001
core   0: 0x80009638 (0x0000bfe5) c.j     pc - 8
core   0: 3 0x80009638 (0xbfe5)
core   0: 0x80009630 (0x00001f17) auipc   t5, 0x1
core   0: 3 0x80009630 (0x00001f17) x30 0x8000a630
core   0: 0x80009634 (0x9c3f2823) sw      gp, -1584(t5)
core   0: 3 0x80009634 (0x9c3f2823) mem 0x8000a000 0x00000001
core   0: 0x80009638 (0x0000bfe5) c.j     pc - 8
core   0: 3 0x80009638 (0xbfe5)
core   0: 0x80009630 (0x00001f17) auipc   t5, 0x1
core   0: 3 0x80009630 (0x00001f17) x30 0x8000a630
core   0: 0x80009634 (0x9c3f2823) sw      gp, -1584(t5)
core   0: 3 0x80009634 (0x9c3f2823) mem 0x8000a000 0x00000001
core   0: 0x80009638 (0x0000bfe5) c.j     pc - 8
core   0: 3 0x80009638 (0xbfe5)
core   0: 0x80009630 (0x00001f17) auipc   t5, 0x1
core   0: 3 0x80009630 (0x00001f17) x30 0x8000a630
core   0: 0x80009634 (0x9c3f2823) sw      gp, -1584(t5)
core   0: 3 0x80009634 (0x9c3f2823) mem 0x8000a000 0x00000001
core   0: 0x80009638 (0x0000bfe5) c.j     pc - 8
core   0: 3 0x80009638 (0xbfe5)
core   0: 0x80009630 (0x00001f17) auipc   t5, 0x1
core   0: 3 0x80009630 (0x00001f17) x30 0x8000a630
core   0: 0x80009634 (0x9c3f2823) sw      gp, -1584(t5)
core   0: 3 0x80009634 (0x9c3f2823) mem 0x8000a000 0x00000001
core   0: 0x80009638 (0x0000bfe5) c.j     pc - 8
core   0: 3 0x80009638 (0xbfe5)
core   0: 0x80009630 (0x00001f17) auipc   t5, 0x1
core   0: 3 0x80009630 (0x00001f17) x30 0x8000a630
core   0: 0x80009634 (0x9c3f2823) sw      gp, -1584(t5)
core   0: 3 0x80009634 (0x9c3f2823) mem 0x8000a000 0x00000001
core   0: 0x80009638 (0x0000bfe5) c.j     pc - 8
core   0: 3 0x80009638 (0xbfe5)
core   0: 0x80009630 (0x00001f17) auipc   t5, 0x1
core   0: 3 0x80009630 (0x00001f17) x30 0x8000a630
core   0: 0x80009634 (0x9c3f2823) sw      gp, -1584(t5)
core   0: 3 0x80009634 (0x9c3f2823) mem 0x8000a000 0x00000001
core   0: 0x80009638 (0x0000bfe5) c.j     pc - 8
core   0: 3 0x80009638 (0xbfe5)
core   0: 0x80009630 (0x00001f17) auipc   t5, 0x1
core   0: 3 0x80009630 (0x00001f17) x30 0x8000a630
core   0: 0x80009634 (0x9c3f2823) sw      gp, -1584(t5)
core   0: 3 0x80009634 (0x9c3f2823) mem 0x8000a000 0x00000001
core   0: 0x80009638 (0x0000bfe5) c.j     pc - 8
core   0: 3 0x80009638 (0xbfe5)
core   0: 0x80009630 (0x00001f17) auipc   t5, 0x1
core   0: 3 0x80009630 (0x00001f17) x30 0x8000a630
core   0: 0x80009634 (0x9c3f2823) sw      gp, -1584(t5)
core   0: 3 0x80009634 (0x9c3f2823) mem 0x8000a000 0x00000001
core   0: 0x80009638 (0x0000bfe5) c.j     pc - 8
core   0: 3 0x80009638 (0xbfe5)
core   0: 0x80009630 (0x00001f17) auipc   t5, 0x1
core   0: 3 0x80009630 (0x00001f17) x30 0x8000a630
core   0: 0x80009634 (0x9c3f2823) sw      gp, -1584(t5)
core   0: 3 0x80009634 (0x9c3f2823) mem 0x8000a000 0x00000001
core   0: 0x80009638 (0x0000bfe5) c.j     pc - 8
core   0: 3 0x80009638 (0xbfe5)
core   0: 0x80009630 (0x00001f17) auipc   t5, 0x1
core   0: 3 0x80009630 (0x00001f17) x30 0x8000a630
core   0: 0x80009634 (0x9c3f2823) sw      gp, -1584(t5)
core   0: 3 0x80009634 (0x9c3f2823) mem 0x8000a000 0x00000001
core   0: 0x80009638 (0x0000bfe5) c.j     pc - 8
core   0: 3 0x80009638 (0xbfe5)
core   0: 0x80009630 (0x00001f17) auipc   t5, 0x1
core   0: 3 0x80009630 (0x00001f17) x30 0x8000a630
core   0: 0x80009634 (0x9c3f2823) sw      gp, -1584(t5)
core   0: 3 0x80009634 (0x9c3f2823) mem 0x8000a000 0x00000001
core   0: 0x80009638 (0x0000bfe5) c.j     pc - 8
core   0: 3 0x80009638 (0xbfe5)
core   0: 0x80009630 (0x00001f17) auipc   t5, 0x1
core   0: 3 0x80009630 (0x00001f17) x30 0x8000a630
core   0: 0x80009634 (0x9c3f2823) sw      gp, -1584(t5)
core   0: 3 0x80009634 (0x9c3f2823) mem 0x8000a000 0x00000001
core   0: 0x80009638 (0x0000bfe5) c.j     pc - 8
core   0: 3 0x80009638 (0xbfe5)
core   0: 0x80009630 (0x00001f17) auipc   t5, 0x1
core   0: 3 0x80009630 (0x00001f17) x30 0x8000a630
core   0: 0x80009634 (0x9c3f2823) sw      gp, -1584(t5)
core   0: 3 0x80009634 (0x9c3f2823) mem 0x8000a000 0x00000001
core   0: 0x80009638 (0x0000bfe5) c.j     pc - 8
core   0: 3 0x80009638 (0xbfe5)
core   0: 0x80009630 (0x00001f17) auipc   t5, 0x1
core   0: 3 0x80009630 (0x00001f17) x30 0x8000a630
core   0: 0x80009634 (0x9c3f2823) sw      gp, -1584(t5)
core   0: 3 0x80009634 (0x9c3f2823) mem 0x8000a000 0x00000001
core   0: 0x80009638 (0x0000bfe5) c.j     pc - 8
core   0: 3 0x80009638 (0xbfe5)
core   0: 0x80009630 (0x00001f17) auipc   t5, 0x1
core   0: 3 0x80009630 (0x00001f17) x30 0x8000a630
core   0: 0x80009634 (0x9c3f2823) sw      gp, -1584(t5)
core   0: 3 0x80009634 (0x9c3f2823) mem 0x8000a000 0x00000001
core   0: 0x80009638 (0x0000bfe5) c.j     pc - 8
core   0: 3 0x80009638 (0xbfe5)
core   0: 0x80009630 (0x00001f17) auipc   t5, 0x1
core   0: 3 0x80009630 (0x00001f17) x30 0x8000a630
core   0: 0x80009634 (0x9c3f2823) sw      gp, -1584(t5)
core   0: 3 0x80009634 (0x9c3f2823) mem 0x8000a000 0x00000001
core   0: 0x80009638 (0x0000bfe5) c.j     pc - 8
core   0: 3 0x80009638 (0xbfe5)
core   0: 0x80009630 (0x00001f17) auipc   t5, 0x1
core   0: 3 0x80009630 (0x00001f17) x30 0x8000a630
core   0: 0x80009634 (0x9c3f2823) sw      gp, -1584(t5)
core   0: 3 0x80009634 (0x9c3f2823) mem 0x8000a000 0x00000001
core   0: 0x80009638 (0x0000bfe5) c.j     pc - 8
core   0: 3 0x80009638 (0xbfe5)
core   0: 0x80009630 (0x00001f17) auipc   t5, 0x1
core   0: 3 0x80009630 (0x00001f17) x30 0x8000a630
core   0: 0x80009634 (0x9c3f2823) sw      gp, -1584(t5)
core   0: 3 0x80009634 (0x9c3f2823) mem 0x8000a000 0x00000001
core   0: 0x80009638 (0x0000bfe5) c.j     pc - 8
core   0: 3 0x80009638 (0xbfe5)
core   0: 0x80009630 (0x00001f17) auipc   t5, 0x1
core   0: 3 0x80009630 (0x00001f17) x30 0x8000a630
core   0: 0x80009634 (0x9c3f2823) sw      gp, -1584(t5)
core   0: 3 0x80009634 (0x9c3f2823) mem 0x8000a000 0x00000001
core   0: 0x80009638 (0x0000bfe5) c.j     pc - 8
core   0: 3 0x80009638 (0xbfe5)
core   0: 0x80009630 (0x00001f17) auipc   t5, 0x1
core   0: 3 0x80009630 (0x00001f17) x30 0x8000a630
core   0: 0x80009634 (0x9c3f2823) sw      gp, -1584(t5)
core   0: 3 0x80009634 (0x9c3f2823) mem 0x8000a000 0x00000001
core   0: 0x80009638 (0x0000bfe5) c.j     pc - 8
core   0: 3 0x80009638 (0xbfe5)
core   0: 0x80009630 (0x00001f17) auipc   t5, 0x1
core   0: 3 0x80009630 (0x00001f17) x30 0x8000a630
core   0: 0x80009634 (0x9c3f2823) sw      gp, -1584(t5)
core   0: 3 0x80009634 (0x9c3f2823) mem 0x8000a000 0x00000001
core   0: 0x80009638 (0x0000bfe5) c.j     pc - 8
core   0: 3 0x80009638 (0xbfe5)
core   0: 0x80009630 (0x00001f17) auipc   t5, 0x1
core   0: 3 0x80009630 (0x00001f17) x30 0x8000a630
core   0: 0x80009634 (0x9c3f2823) sw      gp, -1584(t5)
core   0: 3 0x80009634 (0x9c3f2823) mem 0x8000a000 0x00000001
core   0: 0x80009638 (0x0000bfe5) c.j     pc - 8
core   0: 3 0x80009638 (0xbfe5)
core   0: 0x80009630 (0x00001f17) auipc   t5, 0x1
core   0: 3 0x80009630 (0x00001f17) x30 0x8000a630
core   0: 0x80009634 (0x9c3f2823) sw      gp, -1584(t5)
core   0: 3 0x80009634 (0x9c3f2823) mem 0x8000a000 0x00000001
core   0: 0x80009638 (0x0000bfe5) c.j     pc - 8
core   0: 3 0x80009638 (0xbfe5)
core   0: 0x80009630 (0x00001f17) auipc   t5, 0x1
core   0: 3 0x80009630 (0x00001f17) x30 0x8000a630
core   0: 0x80009634 (0x9c3f2823) sw      gp, -1584(t5)
core   0: 3 0x80009634 (0x9c3f2823) mem 0x8000a000 0x00000001
core   0: 0x80009638 (0x0000bfe5) c.j     pc - 8
core   0: 3 0x80009638 (0xbfe5)
core   0: 0x80009630 (0x00001f17) auipc   t5, 0x1
core   0: 3 0x80009630 (0x00001f17) x30 0x8000a630
core   0: 0x80009634 (0x9c3f2823) sw      gp, -1584(t5)
core   0: 3 0x80009634 (0x9c3f2823) mem 0x8000a000 0x00000001
core   0: 0x80009638 (0x0000bfe5) c.j     pc - 8
core   0: 3 0x80009638 (0xbfe5)
core   0: 0x80009630 (0x00001f17) auipc   t5, 0x1
core   0: 3 0x80009630 (0x00001f17) x30 0x8000a630
core   0: 0x80009634 (0x9c3f2823) sw      gp, -1584(t5)
core   0: 3 0x80009634 (0x9c3f2823) mem 0x8000a000 0x00000001
core   0: 0x80009638 (0x0000bfe5) c.j     pc - 8
core   0: 3 0x80009638 (0xbfe5)
core   0: 0x80009630 (0x00001f17) auipc   t5, 0x1
core   0: 3 0x80009630 (0x00001f17) x30 0x8000a630
core   0: 0x80009634 (0x9c3f2823) sw      gp, -1584(t5)
core   0: 3 0x80009634 (0x9c3f2823) mem 0x8000a000 0x00000001
core   0: 0x80009638 (0x0000bfe5) c.j     pc - 8
core   0: 3 0x80009638 (0xbfe5)
core   0: 0x80009630 (0x00001f17) auipc   t5, 0x1
core   0: 3 0x80009630 (0x00001f17) x30 0x8000a630
core   0: 0x80009634 (0x9c3f2823) sw      gp, -1584(t5)
core   0: 3 0x80009634 (0x9c3f2823) mem 0x8000a000 0x00000001
core   0: 0x80009638 (0x0000bfe5) c.j     pc - 8
core   0: 3 0x80009638 (0xbfe5)
core   0: 0x80009630 (0x00001f17) auipc   t5, 0x1
core   0: 3 0x80009630 (0x00001f17) x30 0x8000a630
core   0: 0x80009634 (0x9c3f2823) sw      gp, -1584(t5)
core   0: 3 0x80009634 (0x9c3f2823) mem 0x8000a000 0x00000001
core   0: 0x80009638 (0x0000bfe5) c.j     pc - 8
core   0: 3 0x80009638 (0xbfe5)
core   0: 0x80009630 (0x00001f17) auipc   t5, 0x1
core   0: 3 0x80009630 (0x00001f17) x30 0x8000a630
core   0: 0x80009634 (0x9c3f2823) sw      gp, -1584(t5)
core   0: 3 0x80009634 (0x9c3f2823) mem 0x8000a000 0x00000001
core   0: 0x80009638 (0x0000bfe5) c.j     pc - 8
core   0: 3 0x80009638 (0xbfe5)
core   0: 0x80009630 (0x00001f17) auipc   t5, 0x1
core   0: 3 0x80009630 (0x00001f17) x30 0x8000a630
core   0: 0x80009634 (0x9c3f2823) sw      gp, -1584(t5)
core   0: 3 0x80009634 (0x9c3f2823) mem 0x8000a000 0x00000001
core   0: 0x80009638 (0x0000bfe5) c.j     pc - 8
core   0: 3 0x80009638 (0xbfe5)
core   0: 0x80009630 (0x00001f17) auipc   t5, 0x1
core   0: 3 0x80009630 (0x00001f17) x30 0x8000a630
core   0: 0x80009634 (0x9c3f2823) sw      gp, -1584(t5)
core   0: 3 0x80009634 (0x9c3f2823) mem 0x8000a000 0x00000001
core   0: 0x80009638 (0x0000bfe5) c.j     pc - 8
core   0: 3 0x80009638 (0xbfe5)
core   0: 0x80009630 (0x00001f17) auipc   t5, 0x1
core   0: 3 0x80009630 (0x00001f17) x30 0x8000a630
core   0: 0x80009634 (0x9c3f2823) sw      gp, -1584(t5)
core   0: 3 0x80009634 (0x9c3f2823) mem 0x8000a000 0x00000001
core   0: 0x80009638 (0x0000bfe5) c.j     pc - 8
core   0: 3 0x80009638 (0xbfe5)
core   0: 0x80009630 (0x00001f17) auipc   t5, 0x1
core   0: 3 0x80009630 (0x00001f17) x30 0x8000a630
core   0: 0x80009634 (0x9c3f2823) sw      gp, -1584(t5)
core   0: 3 0x80009634 (0x9c3f2823) mem 0x8000a000 0x00000001
core   0: 0x80009638 (0x0000bfe5) c.j     pc - 8
core   0: 3 0x80009638 (0xbfe5)
core   0: 0x80009630 (0x00001f17) auipc   t5, 0x1
core   0: 3 0x80009630 (0x00001f17) x30 0x8000a630
core   0: 0x80009634 (0x9c3f2823) sw      gp, -1584(t5)
core   0: 3 0x80009634 (0x9c3f2823) mem 0x8000a000 0x00000001
core   0: 0x80009638 (0x0000bfe5) c.j     pc - 8
core   0: 3 0x80009638 (0xbfe5)
core   0: 0x80009630 (0x00001f17) auipc   t5, 0x1
core   0: 3 0x80009630 (0x00001f17) x30 0x8000a630
core   0: 0x80009634 (0x9c3f2823) sw      gp, -1584(t5)
core   0: 3 0x80009634 (0x9c3f2823) mem 0x8000a000 0x00000001
core   0: 0x80009638 (0x0000bfe5) c.j     pc - 8
core   0: 3 0x80009638 (0xbfe5)
core   0: 0x80009630 (0x00001f17) auipc   t5, 0x1
core   0: 3 0x80009630 (0x00001f17) x30 0x8000a630
core   0: 0x80009634 (0x9c3f2823) sw      gp, -1584(t5)
core   0: 3 0x80009634 (0x9c3f2823) mem 0x8000a000 0x00000001
core   0: 0x80009638 (0x0000bfe5) c.j     pc - 8
core   0: 3 0x80009638 (0xbfe5)
core   0: 0x80009630 (0x00001f17) auipc   t5, 0x1
core   0: 3 0x80009630 (0x00001f17) x30 0x8000a630
core   0: 0x80009634 (0x9c3f2823) sw      gp, -1584(t5)
core   0: 3 0x80009634 (0x9c3f2823) mem 0x8000a000 0x00000001
core   0: 0x80009638 (0x0000bfe5) c.j     pc - 8
core   0: 3 0x80009638 (0xbfe5)
core   0: 0x80009630 (0x00001f17) auipc   t5, 0x1
core   0: 3 0x80009630 (0x00001f17) x30 0x8000a630
core   0: 0x80009634 (0x9c3f2823) sw      gp, -1584(t5)
core   0: 3 0x80009634 (0x9c3f2823) mem 0x8000a000 0x00000001
core   0: 0x80009638 (0x0000bfe5) c.j     pc - 8
core   0: 3 0x80009638 (0xbfe5)
core   0: 0x80009630 (0x00001f17) auipc   t5, 0x1
core   0: 3 0x80009630 (0x00001f17) x30 0x8000a630
core   0: 0x80009634 (0x9c3f2823) sw      gp, -1584(t5)
core   0: 3 0x80009634 (0x9c3f2823) mem 0x8000a000 0x00000001
core   0: 0x80009638 (0x0000bfe5) c.j     pc - 8
core   0: 3 0x80009638 (0xbfe5)
core   0: 0x80009630 (0x00001f17) auipc   t5, 0x1
core   0: 3 0x80009630 (0x00001f17) x30 0x8000a630
core   0: 0x80009634 (0x9c3f2823) sw      gp, -1584(t5)
core   0: 3 0x80009634 (0x9c3f2823) mem 0x8000a000 0x00000001
core   0: 0x80009638 (0x0000bfe5) c.j     pc - 8
core   0: 3 0x80009638 (0xbfe5)
core   0: 0x80009630 (0x00001f17) auipc   t5, 0x1
core   0: 3 0x80009630 (0x00001f17) x30 0x8000a630
core   0: 0x80009634 (0x9c3f2823) sw      gp, -1584(t5)
core   0: 3 0x80009634 (0x9c3f2823) mem 0x8000a000 0x00000001
core   0: 0x80009638 (0x0000bfe5) c.j     pc - 8
core   0: 3 0x80009638 (0xbfe5)
core   0: 0x80009630 (0x00001f17) auipc   t5, 0x1
core   0: 3 0x80009630 (0x00001f17) x30 0x8000a630
core   0: 0x80009634 (0x9c3f2823) sw      gp, -1584(t5)
core   0: 3 0x80009634 (0x9c3f2823) mem 0x8000a000 0x00000001
core   0: 0x80009638 (0x0000bfe5) c.j     pc - 8
core   0: 3 0x80009638 (0xbfe5)
core   0: 0x80009630 (0x00001f17) auipc   t5, 0x1
core   0: 3 0x80009630 (0x00001f17) x30 0x8000a630
core   0: 0x80009634 (0x9c3f2823) sw      gp, -1584(t5)
core   0: 3 0x80009634 (0x9c3f2823) mem 0x8000a000 0x00000001
core   0: 0x80009638 (0x0000bfe5) c.j     pc - 8
core   0: 3 0x80009638 (0xbfe5)
core   0: 0x80009630 (0x00001f17) auipc   t5, 0x1
core   0: 3 0x80009630 (0x00001f17) x30 0x8000a630
core   0: 0x80009634 (0x9c3f2823) sw      gp, -1584(t5)
core   0: 3 0x80009634 (0x9c3f2823) mem 0x8000a000 0x00000001
core   0: 0x80009638 (0x0000bfe5) c.j     pc - 8
core   0: 3 0x80009638 (0xbfe5)
core   0: 0x80009630 (0x00001f17) auipc   t5, 0x1
core   0: 3 0x80009630 (0x00001f17) x30 0x8000a630
core   0: 0x80009634 (0x9c3f2823) sw      gp, -1584(t5)
core   0: 3 0x80009634 (0x9c3f2823) mem 0x8000a000 0x00000001
core   0: 0x80009638 (0x0000bfe5) c.j     pc - 8
core   0: 3 0x80009638 (0xbfe5)
core   0: 0x80009630 (0x00001f17) auipc   t5, 0x1
core   0: 3 0x80009630 (0x00001f17) x30 0x8000a630
core   0: 0x80009634 (0x9c3f2823) sw      gp, -1584(t5)
core   0: 3 0x80009634 (0x9c3f2823) mem 0x8000a000 0x00000001
core   0: 0x80009638 (0x0000bfe5) c.j     pc - 8
core   0: 3 0x80009638 (0xbfe5)
core   0: 0x80009630 (0x00001f17) auipc   t5, 0x1
core   0: 3 0x80009630 (0x00001f17) x30 0x8000a630
core   0: 0x80009634 (0x9c3f2823) sw      gp, -1584(t5)
core   0: 3 0x80009634 (0x9c3f2823) mem 0x8000a000 0x00000001
core   0: 0x80009638 (0x0000bfe5) c.j     pc - 8
core   0: 3 0x80009638 (0xbfe5)
core   0: 0x80009630 (0x00001f17) auipc   t5, 0x1
core   0: 3 0x80009630 (0x00001f17) x30 0x8000a630
core   0: 0x80009634 (0x9c3f2823) sw      gp, -1584(t5)
core   0: 3 0x80009634 (0x9c3f2823) mem 0x8000a000 0x00000001
core   0: 0x80009638 (0x0000bfe5) c.j     pc - 8
core   0: 3 0x80009638 (0xbfe5)
core   0: 0x80009630 (0x00001f17) auipc   t5, 0x1
core   0: 3 0x80009630 (0x00001f17) x30 0x8000a630
core   0: 0x80009634 (0x9c3f2823) sw      gp, -1584(t5)
core   0: 3 0x80009634 (0x9c3f2823) mem 0x8000a000 0x00000001
core   0: 0x80009638 (0x0000bfe5) c.j     pc - 8
core   0: 3 0x80009638 (0xbfe5)
core   0: 0x80009630 (0x00001f17) auipc   t5, 0x1
core   0: 3 0x80009630 (0x00001f17) x30 0x8000a630
core   0: 0x80009634 (0x9c3f2823) sw      gp, -1584(t5)
core   0: 3 0x80009634 (0x9c3f2823) mem 0x8000a000 0x00000001
core   0: 0x80009638 (0x0000bfe5) c.j     pc - 8
core   0: 3 0x80009638 (0xbfe5)
core   0: 0x80009630 (0x00001f17) auipc   t5, 0x1
core   0: 3 0x80009630 (0x00001f17) x30 0x8000a630
core   0: 0x80009634 (0x9c3f2823) sw      gp, -1584(t5)
core   0: 3 0x80009634 (0x9c3f2823) mem 0x8000a000 0x00000001
core   0: 0x80009638 (0x0000bfe5) c.j     pc - 8
core   0: 3 0x80009638 (0xbfe5)
core   0: 0x80009630 (0x00001f17) auipc   t5, 0x1
core   0: 3 0x80009630 (0x00001f17) x30 0x8000a630
core   0: 0x80009634 (0x9c3f2823) sw      gp, -1584(t5)
core   0: 3 0x80009634 (0x9c3f2823) mem 0x8000a000 0x00000001
core   0: 0x80009638 (0x0000bfe5) c.j     pc - 8
core   0: 3 0x80009638 (0xbfe5)
core   0: 0x80009630 (0x00001f17) auipc   t5, 0x1
core   0: 3 0x80009630 (0x00001f17) x30 0x8000a630
core   0: 0x80009634 (0x9c3f2823) sw      gp, -1584(t5)
core   0: 3 0x80009634 (0x9c3f2823) mem 0x8000a000 0x00000001
core   0: 0x80009638 (0x0000bfe5) c.j     pc - 8
core   0: 3 0x80009638 (0xbfe5)
core   0: 0x80009630 (0x00001f17) auipc   t5, 0x1
core   0: 3 0x80009630 (0x00001f17) x30 0x8000a630
core   0: 0x80009634 (0x9c3f2823) sw      gp, -1584(t5)
core   0: 3 0x80009634 (0x9c3f2823) mem 0x8000a000 0x00000001
core   0: 0x80009638 (0x0000bfe5) c.j     pc - 8
core   0: 3 0x80009638 (0xbfe5)
core   0: 0x80009630 (0x00001f17) auipc   t5, 0x1
core   0: 3 0x80009630 (0x00001f17) x30 0x8000a630
core   0: 0x80009634 (0x9c3f2823) sw      gp, -1584(t5)
core   0: 3 0x80009634 (0x9c3f2823) mem 0x8000a000 0x00000001
core   0: 0x80009638 (0x0000bfe5) c.j     pc - 8
core   0: 3 0x80009638 (0xbfe5)
core   0: 0x80009630 (0x00001f17) auipc   t5, 0x1
core   0: 3 0x80009630 (0x00001f17) x30 0x8000a630
core   0: 0x80009634 (0x9c3f2823) sw      gp, -1584(t5)
core   0: 3 0x80009634 (0x9c3f2823) mem 0x8000a000 0x00000001
core   0: 0x80009638 (0x0000bfe5) c.j     pc - 8
core   0: 3 0x80009638 (0xbfe5)
core   0: 0x80009630 (0x00001f17) auipc   t5, 0x1
core   0: 3 0x80009630 (0x00001f17) x30 0x8000a630
core   0: 0x80009634 (0x9c3f2823) sw      gp, -1584(t5)
core   0: 3 0x80009634 (0x9c3f2823) mem 0x8000a000 0x00000001
core   0: 0x80009638 (0x0000bfe5) c.j     pc - 8
core   0: 3 0x80009638 (0xbfe5)
core   0: 0x80009630 (0x00001f17) auipc   t5, 0x1
core   0: 3 0x80009630 (0x00001f17) x30 0x8000a630
core   0: 0x80009634 (0x9c3f2823) sw      gp, -1584(t5)
core   0: 3 0x80009634 (0x9c3f2823) mem 0x8000a000 0x00000001
core   0: 0x80009638 (0x0000bfe5) c.j     pc - 8
core   0: 3 0x80009638 (0xbfe5)
core   0: 0x80009630 (0x00001f17) auipc   t5, 0x1
core   0: 3 0x80009630 (0x00001f17) x30 0x8000a630
core   0: 0x80009634 (0x9c3f2823) sw      gp, -1584(t5)
core   0: 3 0x80009634 (0x9c3f2823) mem 0x8000a000 0x00000001
core   0: 0x80009638 (0x0000bfe5) c.j     pc - 8
core   0: 3 0x80009638 (0xbfe5)
core   0: 0x80009630 (0x00001f17) auipc   t5, 0x1
core   0: 3 0x80009630 (0x00001f17) x30 0x8000a630
core   0: 0x80009634 (0x9c3f2823) sw      gp, -1584(t5)
core   0: 3 0x80009634 (0x9c3f2823) mem 0x8000a000 0x00000001
core   0: 0x80009638 (0x0000bfe5) c.j     pc - 8
core   0: 3 0x80009638 (0xbfe5)
core   0: 0x80009630 (0x00001f17) auipc   t5, 0x1
core   0: 3 0x80009630 (0x00001f17) x30 0x8000a630
core   0: 0x80009634 (0x9c3f2823) sw      gp, -1584(t5)
core   0: 3 0x80009634 (0x9c3f2823) mem 0x8000a000 0x00000001
core   0: 0x80009638 (0x0000bfe5) c.j     pc - 8
core   0: 3 0x80009638 (0xbfe5)
core   0: 0x80009630 (0x00001f17) auipc   t5, 0x1
core   0: 3 0x80009630 (0x00001f17) x30 0x8000a630
core   0: 0x80009634 (0x9c3f2823) sw      gp, -1584(t5)
core   0: 3 0x80009634 (0x9c3f2823) mem 0x8000a000 0x00000001
core   0: 0x80009638 (0x0000bfe5) c.j     pc - 8
core   0: 3 0x80009638 (0xbfe5)
core   0: 0x80009630 (0x00001f17) auipc   t5, 0x1
core   0: 3 0x80009630 (0x00001f17) x30 0x8000a630
core   0: 0x80009634 (0x9c3f2823) sw      gp, -1584(t5)
core   0: 3 0x80009634 (0x9c3f2823) mem 0x8000a000 0x00000001
core   0: 0x80009638 (0x0000bfe5) c.j     pc - 8
core   0: 3 0x80009638 (0xbfe5)
core   0: 0x80009630 (0x00001f17) auipc   t5, 0x1
core   0: 3 0x80009630 (0x00001f17) x30 0x8000a630
core   0: 0x80009634 (0x9c3f2823) sw      gp, -1584(t5)
core   0: 3 0x80009634 (0x9c3f2823) mem 0x8000a000 0x00000001
core   0: 0x80009638 (0x0000bfe5) c.j     pc - 8
core   0: 3 0x80009638 (0xbfe5)
core   0: 0x80009630 (0x00001f17) auipc   t5, 0x1
core   0: 3 0x80009630 (0x00001f17) x30 0x8000a630
core   0: 0x80009634 (0x9c3f2823) sw      gp, -1584(t5)
core   0: 3 0x80009634 (0x9c3f2823) mem 0x8000a000 0x00000001
core   0: 0x80009638 (0x0000bfe5) c.j     pc - 8
core   0: 3 0x80009638 (0xbfe5)
core   0: 0x80009630 (0x00001f17) auipc   t5, 0x1
core   0: 3 0x80009630 (0x00001f17) x30 0x8000a630
core   0: 0x80009634 (0x9c3f2823) sw      gp, -1584(t5)
core   0: 3 0x80009634 (0x9c3f2823) mem 0x8000a000 0x00000001
core   0: 0x80009638 (0x0000bfe5) c.j     pc - 8
core   0: 3 0x80009638 (0xbfe5)
core   0: 0x80009630 (0x00001f17) auipc   t5, 0x1
core   0: 3 0x80009630 (0x00001f17) x30 0x8000a630
core   0: 0x80009634 (0x9c3f2823) sw      gp, -1584(t5)
core   0: 3 0x80009634 (0x9c3f2823) mem 0x8000a000 0x00000001
core   0: 0x80009638 (0x0000bfe5) c.j     pc - 8
core   0: 3 0x80009638 (0xbfe5)
core   0: 0x80009630 (0x00001f17) auipc   t5, 0x1
core   0: 3 0x80009630 (0x00001f17) x30 0x8000a630
core   0: 0x80009634 (0x9c3f2823) sw      gp, -1584(t5)
core   0: 3 0x80009634 (0x9c3f2823) mem 0x8000a000 0x00000001
core   0: 0x80009638 (0x0000bfe5) c.j     pc - 8
core   0: 3 0x80009638 (0xbfe5)
core   0: 0x80009630 (0x00001f17) auipc   t5, 0x1
core   0: 3 0x80009630 (0x00001f17) x30 0x8000a630
core   0: 0x80009634 (0x9c3f2823) sw      gp, -1584(t5)
core   0: 3 0x80009634 (0x9c3f2823) mem 0x8000a000 0x00000001
core   0: 0x80009638 (0x0000bfe5) c.j     pc - 8
core   0: 3 0x80009638 (0xbfe5)
core   0: 0x80009630 (0x00001f17) auipc   t5, 0x1
core   0: 3 0x80009630 (0x00001f17) x30 0x8000a630
core   0: 0x80009634 (0x9c3f2823) sw      gp, -1584(t5)
core   0: 3 0x80009634 (0x9c3f2823) mem 0x8000a000 0x00000001
core   0: 0x80009638 (0x0000bfe5) c.j     pc - 8
core   0: 3 0x80009638 (0xbfe5)
core   0: 0x80009630 (0x00001f17) auipc   t5, 0x1
core   0: 3 0x80009630 (0x00001f17) x30 0x8000a630
core   0: 0x80009634 (0x9c3f2823) sw      gp, -1584(t5)
core   0: 3 0x80009634 (0x9c3f2823) mem 0x8000a000 0x00000001
core   0: 0x80009638 (0x0000bfe5) c.j     pc - 8
core   0: 3 0x80009638 (0xbfe5)
core   0: 0x80009630 (0x00001f17) auipc   t5, 0x1
core   0: 3 0x80009630 (0x00001f17) x30 0x8000a630
core   0: 0x80009634 (0x9c3f2823) sw      gp, -1584(t5)
core   0: 3 0x80009634 (0x9c3f2823) mem 0x8000a000 0x00000001
core   0: 0x80009638 (0x0000bfe5) c.j     pc - 8
core   0: 3 0x80009638 (0xbfe5)
core   0: 0x80009630 (0x00001f17) auipc   t5, 0x1
core   0: 3 0x80009630 (0x00001f17) x30 0x8000a630
core   0: 0x80009634 (0x9c3f2823) sw      gp, -1584(t5)
core   0: 3 0x80009634 (0x9c3f2823) mem 0x8000a000 0x00000001
core   0: 0x80009638 (0x0000bfe5) c.j     pc - 8
core   0: 3 0x80009638 (0xbfe5)
core   0: 0x80009630 (0x00001f17) auipc   t5, 0x1
core   0: 3 0x80009630 (0x00001f17) x30 0x8000a630
core   0: 0x80009634 (0x9c3f2823) sw      gp, -1584(t5)
core   0: 3 0x80009634 (0x9c3f2823) mem 0x8000a000 0x00000001
core   0: 0x80009638 (0x0000bfe5) c.j     pc - 8
core   0: 3 0x80009638 (0xbfe5)
core   0: 0x80009630 (0x00001f17) auipc   t5, 0x1
core   0: 3 0x80009630 (0x00001f17) x30 0x8000a630
core   0: 0x80009634 (0x9c3f2823) sw      gp, -1584(t5)
core   0: 3 0x80009634 (0x9c3f2823) mem 0x8000a000 0x00000001
core   0: 0x80009638 (0x0000bfe5) c.j     pc - 8
core   0: 3 0x80009638 (0xbfe5)
core   0: 0x80009630 (0x00001f17) auipc   t5, 0x1
core   0: 3 0x80009630 (0x00001f17) x30 0x8000a630
core   0: 0x80009634 (0x9c3f2823) sw      gp, -1584(t5)
core   0: 3 0x80009634 (0x9c3f2823) mem 0x8000a000 0x00000001
core   0: 0x80009638 (0x0000bfe5) c.j     pc - 8
core   0: 3 0x80009638 (0xbfe5)
core   0: 0x80009630 (0x00001f17) auipc   t5, 0x1
core   0: 3 0x80009630 (0x00001f17) x30 0x8000a630
core   0: 0x80009634 (0x9c3f2823) sw      gp, -1584(t5)
core   0: 3 0x80009634 (0x9c3f2823) mem 0x8000a000 0x00000001
core   0: 0x80009638 (0x0000bfe5) c.j     pc - 8
core   0: 3 0x80009638 (0xbfe5)
core   0: 0x80009630 (0x00001f17) auipc   t5, 0x1
core   0: 3 0x80009630 (0x00001f17) x30 0x8000a630
core   0: 0x80009634 (0x9c3f2823) sw      gp, -1584(t5)
core   0: 3 0x80009634 (0x9c3f2823) mem 0x8000a000 0x00000001
core   0: 0x80009638 (0x0000bfe5) c.j     pc - 8
core   0: 3 0x80009638 (0xbfe5)
core   0: 0x80009630 (0x00001f17) auipc   t5, 0x1
core   0: 3 0x80009630 (0x00001f17) x30 0x8000a630
core   0: 0x80009634 (0x9c3f2823) sw      gp, -1584(t5)
core   0: 3 0x80009634 (0x9c3f2823) mem 0x8000a000 0x00000001
core   0: 0x80009638 (0x0000bfe5) c.j     pc - 8
core   0: 3 0x80009638 (0xbfe5)
core   0: 0x80009630 (0x00001f17) auipc   t5, 0x1
core   0: 3 0x80009630 (0x00001f17) x30 0x8000a630
core   0: 0x80009634 (0x9c3f2823) sw      gp, -1584(t5)
core   0: 3 0x80009634 (0x9c3f2823) mem 0x8000a000 0x00000001
core   0: 0x80009638 (0x0000bfe5) c.j     pc - 8
core   0: 3 0x80009638 (0xbfe5)
core   0: 0x80009630 (0x00001f17) auipc   t5, 0x1
core   0: 3 0x80009630 (0x00001f17) x30 0x8000a630
core   0: 0x80009634 (0x9c3f2823) sw      gp, -1584(t5)
core   0: 3 0x80009634 (0x9c3f2823) mem 0x8000a000 0x00000001
core   0: 0x80009638 (0x0000bfe5) c.j     pc - 8
core   0: 3 0x80009638 (0xbfe5)
core   0: 0x80009630 (0x00001f17) auipc   t5, 0x1
core   0: 3 0x80009630 (0x00001f17) x30 0x8000a630
core   0: 0x80009634 (0x9c3f2823) sw      gp, -1584(t5)
core   0: 3 0x80009634 (0x9c3f2823) mem 0x8000a000 0x00000001
core   0: 0x80009638 (0x0000bfe5) c.j     pc - 8
core   0: 3 0x80009638 (0xbfe5)
core   0: 0x80009630 (0x00001f17) auipc   t5, 0x1
core   0: 3 0x80009630 (0x00001f17) x30 0x8000a630
core   0: 0x80009634 (0x9c3f2823) sw      gp, -1584(t5)
core   0: 3 0x80009634 (0x9c3f2823) mem 0x8000a000 0x00000001
core   0: 0x80009638 (0x0000bfe5) c.j     pc - 8
core   0: 3 0x80009638 (0xbfe5)
core   0: 0x80009630 (0x00001f17) auipc   t5, 0x1
core   0: 3 0x80009630 (0x00001f17) x30 0x8000a630
core   0: 0x80009634 (0x9c3f2823) sw      gp, -1584(t5)
core   0: 3 0x80009634 (0x9c3f2823) mem 0x8000a000 0x00000001
core   0: 0x80009638 (0x0000bfe5) c.j     pc - 8
core   0: 3 0x80009638 (0xbfe5)
core   0: 0x80009630 (0x00001f17) auipc   t5, 0x1
core   0: 3 0x80009630 (0x00001f17) x30 0x8000a630
core   0: 0x80009634 (0x9c3f2823) sw      gp, -1584(t5)
core   0: 3 0x80009634 (0x9c3f2823) mem 0x8000a000 0x00000001
core   0: 0x80009638 (0x0000bfe5) c.j     pc - 8
core   0: 3 0x80009638 (0xbfe5)
core   0: 0x80009630 (0x00001f17) auipc   t5, 0x1
core   0: 3 0x80009630 (0x00001f17) x30 0x8000a630
core   0: 0x80009634 (0x9c3f2823) sw      gp, -1584(t5)
core   0: 3 0x80009634 (0x9c3f2823) mem 0x8000a000 0x00000001
core   0: 0x80009638 (0x0000bfe5) c.j     pc - 8
core   0: 3 0x80009638 (0xbfe5)
core   0: 0x80009630 (0x00001f17) auipc   t5, 0x1
core   0: 3 0x80009630 (0x00001f17) x30 0x8000a630
core   0: 0x80009634 (0x9c3f2823) sw      gp, -1584(t5)
core   0: 3 0x80009634 (0x9c3f2823) mem 0x8000a000 0x00000001
core   0: 0x80009638 (0x0000bfe5) c.j     pc - 8
core   0: 3 0x80009638 (0xbfe5)
core   0: 0x80009630 (0x00001f17) auipc   t5, 0x1
core   0: 3 0x80009630 (0x00001f17) x30 0x8000a630
core   0: 0x80009634 (0x9c3f2823) sw      gp, -1584(t5)
core   0: 3 0x80009634 (0x9c3f2823) mem 0x8000a000 0x00000001
core   0: 0x80009638 (0x0000bfe5) c.j     pc - 8
core   0: 3 0x80009638 (0xbfe5)
core   0: 0x80009630 (0x00001f17) auipc   t5, 0x1
core   0: 3 0x80009630 (0x00001f17) x30 0x8000a630
core   0: 0x80009634 (0x9c3f2823) sw      gp, -1584(t5)
core   0: 3 0x80009634 (0x9c3f2823) mem 0x8000a000 0x00000001
core   0: 0x80009638 (0x0000bfe5) c.j     pc - 8
core   0: 3 0x80009638 (0xbfe5)
core   0: 0x80009630 (0x00001f17) auipc   t5, 0x1
core   0: 3 0x80009630 (0x00001f17) x30 0x8000a630
core   0: 0x80009634 (0x9c3f2823) sw      gp, -1584(t5)
core   0: 3 0x80009634 (0x9c3f2823) mem 0x8000a000 0x00000001
core   0: 0x80009638 (0x0000bfe5) c.j     pc - 8
core   0: 3 0x80009638 (0xbfe5)
core   0: 0x80009630 (0x00001f17) auipc   t5, 0x1
core   0: 3 0x80009630 (0x00001f17) x30 0x8000a630
core   0: 0x80009634 (0x9c3f2823) sw      gp, -1584(t5)
core   0: 3 0x80009634 (0x9c3f2823) mem 0x8000a000 0x00000001
core   0: 0x80009638 (0x0000bfe5) c.j     pc - 8
core   0: 3 0x80009638 (0xbfe5)
core   0: 0x80009630 (0x00001f17) auipc   t5, 0x1
core   0: 3 0x80009630 (0x00001f17) x30 0x8000a630
core   0: 0x80009634 (0x9c3f2823) sw      gp, -1584(t5)
core   0: 3 0x80009634 (0x9c3f2823) mem 0x8000a000 0x00000001
core   0: 0x80009638 (0x0000bfe5) c.j     pc - 8
core   0: 3 0x80009638 (0xbfe5)
core   0: 0x80009630 (0x00001f17) auipc   t5, 0x1
core   0: 3 0x80009630 (0x00001f17) x30 0x8000a630
core   0: 0x80009634 (0x9c3f2823) sw      gp, -1584(t5)
core   0: 3 0x80009634 (0x9c3f2823) mem 0x8000a000 0x00000001
core   0: 0x80009638 (0x0000bfe5) c.j     pc - 8
core   0: 3 0x80009638 (0xbfe5)
core   0: 0x80009630 (0x00001f17) auipc   t5, 0x1
core   0: 3 0x80009630 (0x00001f17) x30 0x8000a630
core   0: 0x80009634 (0x9c3f2823) sw      gp, -1584(t5)
core   0: 3 0x80009634 (0x9c3f2823) mem 0x8000a000 0x00000001
core   0: 0x80009638 (0x0000bfe5) c.j     pc - 8
core   0: 3 0x80009638 (0xbfe5)
core   0: 0x80009630 (0x00001f17) auipc   t5, 0x1
core   0: 3 0x80009630 (0x00001f17) x30 0x8000a630
core   0: 0x80009634 (0x9c3f2823) sw      gp, -1584(t5)
core   0: 3 0x80009634 (0x9c3f2823) mem 0x8000a000 0x00000001
core   0: 0x80009638 (0x0000bfe5) c.j     pc - 8
core   0: 3 0x80009638 (0xbfe5)
core   0: 0x80009630 (0x00001f17) auipc   t5, 0x1
core   0: 3 0x80009630 (0x00001f17) x30 0x8000a630
core   0: 0x80009634 (0x9c3f2823) sw      gp, -1584(t5)
core   0: 3 0x80009634 (0x9c3f2823) mem 0x8000a000 0x00000001
core   0: 0x80009638 (0x0000bfe5) c.j     pc - 8
core   0: 3 0x80009638 (0xbfe5)
core   0: 0x80009630 (0x00001f17) auipc   t5, 0x1
core   0: 3 0x80009630 (0x00001f17) x30 0x8000a630
core   0: 0x80009634 (0x9c3f2823) sw      gp, -1584(t5)
core   0: 3 0x80009634 (0x9c3f2823) mem 0x8000a000 0x00000001
core   0: 0x80009638 (0x0000bfe5) c.j     pc - 8
core   0: 3 0x80009638 (0xbfe5)
core   0: 0x80009630 (0x00001f17) auipc   t5, 0x1
core   0: 3 0x80009630 (0x00001f17) x30 0x8000a630
core   0: 0x80009634 (0x9c3f2823) sw      gp, -1584(t5)
core   0: 3 0x80009634 (0x9c3f2823) mem 0x8000a000 0x00000001
core   0: 0x80009638 (0x0000bfe5) c.j     pc - 8
core   0: 3 0x80009638 (0xbfe5)
core   0: 0x80009630 (0x00001f17) auipc   t5, 0x1
core   0: 3 0x80009630 (0x00001f17) x30 0x8000a630
core   0: 0x80009634 (0x9c3f2823) sw      gp, -1584(t5)
core   0: 3 0x80009634 (0x9c3f2823) mem 0x8000a000 0x00000001
core   0: 0x80009638 (0x0000bfe5) c.j     pc - 8
core   0: 3 0x80009638 (0xbfe5)
core   0: 0x80009630 (0x00001f17) auipc   t5, 0x1
core   0: 3 0x80009630 (0x00001f17) x30 0x8000a630
core   0: 0x80009634 (0x9c3f2823) sw      gp, -1584(t5)
core   0: 3 0x80009634 (0x9c3f2823) mem 0x8000a000 0x00000001
core   0: 0x80009638 (0x0000bfe5) c.j     pc - 8
core   0: 3 0x80009638 (0xbfe5)
core   0: 0x80009630 (0x00001f17) auipc   t5, 0x1
core   0: 3 0x80009630 (0x00001f17) x30 0x8000a630
core   0: 0x80009634 (0x9c3f2823) sw      gp, -1584(t5)
core   0: 3 0x80009634 (0x9c3f2823) mem 0x8000a000 0x00000001
core   0: 0x80009638 (0x0000bfe5) c.j     pc - 8
core   0: 3 0x80009638 (0xbfe5)
core   0: 0x80009630 (0x00001f17) auipc   t5, 0x1
core   0: 3 0x80009630 (0x00001f17) x30 0x8000a630
core   0: 0x80009634 (0x9c3f2823) sw      gp, -1584(t5)
core   0: 3 0x80009634 (0x9c3f2823) mem 0x8000a000 0x00000001
core   0: 0x80009638 (0x0000bfe5) c.j     pc - 8
core   0: 3 0x80009638 (0xbfe5)
core   0: 0x80009630 (0x00001f17) auipc   t5, 0x1
core   0: 3 0x80009630 (0x00001f17) x30 0x8000a630
core   0: 0x80009634 (0x9c3f2823) sw      gp, -1584(t5)
core   0: 3 0x80009634 (0x9c3f2823) mem 0x8000a000 0x00000001
core   0: 0x80009638 (0x0000bfe5) c.j     pc - 8
core   0: 3 0x80009638 (0xbfe5)
core   0: 0x80009630 (0x00001f17) auipc   t5, 0x1
core   0: 3 0x80009630 (0x00001f17) x30 0x8000a630
core   0: 0x80009634 (0x9c3f2823) sw      gp, -1584(t5)
core   0: 3 0x80009634 (0x9c3f2823) mem 0x8000a000 0x00000001
core   0: 0x80009638 (0x0000bfe5) c.j     pc - 8
core   0: 3 0x80009638 (0xbfe5)
core   0: 0x80009630 (0x00001f17) auipc   t5, 0x1
core   0: 3 0x80009630 (0x00001f17) x30 0x8000a630
core   0: 0x80009634 (0x9c3f2823) sw      gp, -1584(t5)
core   0: 3 0x80009634 (0x9c3f2823) mem 0x8000a000 0x00000001
core   0: 0x80009638 (0x0000bfe5) c.j     pc - 8
core   0: 3 0x80009638 (0xbfe5)
core   0: 0x80009630 (0x00001f17) auipc   t5, 0x1
core   0: 3 0x80009630 (0x00001f17) x30 0x8000a630
core   0: 0x80009634 (0x9c3f2823) sw      gp, -1584(t5)
core   0: 3 0x80009634 (0x9c3f2823) mem 0x8000a000 0x00000001
core   0: 0x80009638 (0x0000bfe5) c.j     pc - 8
core   0: 3 0x80009638 (0xbfe5)
core   0: 0x80009630 (0x00001f17) auipc   t5, 0x1
core   0: 3 0x80009630 (0x00001f17) x30 0x8000a630
core   0: 0x80009634 (0x9c3f2823) sw      gp, -1584(t5)
core   0: 3 0x80009634 (0x9c3f2823) mem 0x8000a000 0x00000001
core   0: 0x80009638 (0x0000bfe5) c.j     pc - 8
core   0: 3 0x80009638 (0xbfe5)
core   0: 0x80009630 (0x00001f17) auipc   t5, 0x1
core   0: 3 0x80009630 (0x00001f17) x30 0x8000a630
core   0: 0x80009634 (0x9c3f2823) sw      gp, -1584(t5)
core   0: 3 0x80009634 (0x9c3f2823) mem 0x8000a000 0x00000001
core   0: 0x80009638 (0x0000bfe5) c.j     pc - 8
core   0: 3 0x80009638 (0xbfe5)
core   0: 0x80009630 (0x00001f17) auipc   t5, 0x1
core   0: 3 0x80009630 (0x00001f17) x30 0x8000a630
core   0: 0x80009634 (0x9c3f2823) sw      gp, -1584(t5)
core   0: 3 0x80009634 (0x9c3f2823) mem 0x8000a000 0x00000001
core   0: 0x80009638 (0x0000bfe5) c.j     pc - 8
core   0: 3 0x80009638 (0xbfe5)
core   0: 0x80009630 (0x00001f17) auipc   t5, 0x1
core   0: 3 0x80009630 (0x00001f17) x30 0x8000a630
core   0: 0x80009634 (0x9c3f2823) sw      gp, -1584(t5)
core   0: 3 0x80009634 (0x9c3f2823) mem 0x8000a000 0x00000001
core   0: 0x80009638 (0x0000bfe5) c.j     pc - 8
core   0: 3 0x80009638 (0xbfe5)
core   0: 0x80009630 (0x00001f17) auipc   t5, 0x1
core   0: 3 0x80009630 (0x00001f17) x30 0x8000a630
core   0: 0x80009634 (0x9c3f2823) sw      gp, -1584(t5)
core   0: 3 0x80009634 (0x9c3f2823) mem 0x8000a000 0x00000001
core   0: 0x80009638 (0x0000bfe5) c.j     pc - 8
core   0: 3 0x80009638 (0xbfe5)
core   0: 0x80009630 (0x00001f17) auipc   t5, 0x1
core   0: 3 0x80009630 (0x00001f17) x30 0x8000a630
core   0: 0x80009634 (0x9c3f2823) sw      gp, -1584(t5)
core   0: 3 0x80009634 (0x9c3f2823) mem 0x8000a000 0x00000001
core   0: 0x80009638 (0x0000bfe5) c.j     pc - 8
core   0: 3 0x80009638 (0xbfe5)
core   0: 0x80009630 (0x00001f17) auipc   t5, 0x1
core   0: 3 0x80009630 (0x00001f17) x30 0x8000a630
core   0: 0x80009634 (0x9c3f2823) sw      gp, -1584(t5)
core   0: 3 0x80009634 (0x9c3f2823) mem 0x8000a000 0x00000001
core   0: 0x80009638 (0x0000bfe5) c.j     pc - 8
core   0: 3 0x80009638 (0xbfe5)
core   0: 0x80009630 (0x00001f17) auipc   t5, 0x1
core   0: 3 0x80009630 (0x00001f17) x30 0x8000a630
core   0: 0x80009634 (0x9c3f2823) sw      gp, -1584(t5)
core   0: 3 0x80009634 (0x9c3f2823) mem 0x8000a000 0x00000001
core   0: 0x80009638 (0x0000bfe5) c.j     pc - 8
core   0: 3 0x80009638 (0xbfe5)
core   0: 0x80009630 (0x00001f17) auipc   t5, 0x1
core   0: 3 0x80009630 (0x00001f17) x30 0x8000a630
core   0: 0x80009634 (0x9c3f2823) sw      gp, -1584(t5)
core   0: 3 0x80009634 (0x9c3f2823) mem 0x8000a000 0x00000001
core   0: 0x80009638 (0x0000bfe5) c.j     pc - 8
core   0: 3 0x80009638 (0xbfe5)
core   0: 0x80009630 (0x00001f17) auipc   t5, 0x1
core   0: 3 0x80009630 (0x00001f17) x30 0x8000a630
core   0: 0x80009634 (0x9c3f2823) sw      gp, -1584(t5)
core   0: 3 0x80009634 (0x9c3f2823) mem 0x8000a000 0x00000001
core   0: 0x80009638 (0x0000bfe5) c.j     pc - 8
core   0: 3 0x80009638 (0xbfe5)
core   0: 0x80009630 (0x00001f17) auipc   t5, 0x1
core   0: 3 0x80009630 (0x00001f17) x30 0x8000a630
core   0: 0x80009634 (0x9c3f2823) sw      gp, -1584(t5)
core   0: 3 0x80009634 (0x9c3f2823) mem 0x8000a000 0x00000001
core   0: 0x80009638 (0x0000bfe5) c.j     pc - 8
core   0: 3 0x80009638 (0xbfe5)
core   0: 0x80009630 (0x00001f17) auipc   t5, 0x1
core   0: 3 0x80009630 (0x00001f17) x30 0x8000a630
core   0: 0x80009634 (0x9c3f2823) sw      gp, -1584(t5)
core   0: 3 0x80009634 (0x9c3f2823) mem 0x8000a000 0x00000001
core   0: 0x80009638 (0x0000bfe5) c.j     pc - 8
core   0: 3 0x80009638 (0xbfe5)
core   0: 0x80009630 (0x00001f17) auipc   t5, 0x1
core   0: 3 0x80009630 (0x00001f17) x30 0x8000a630
core   0: 0x80009634 (0x9c3f2823) sw      gp, -1584(t5)
core   0: 3 0x80009634 (0x9c3f2823) mem 0x8000a000 0x00000001
core   0: 0x80009638 (0x0000bfe5) c.j     pc - 8
core   0: 3 0x80009638 (0xbfe5)
core   0: 0x80009630 (0x00001f17) auipc   t5, 0x1
core   0: 3 0x80009630 (0x00001f17) x30 0x8000a630
core   0: 0x80009634 (0x9c3f2823) sw      gp, -1584(t5)
core   0: 3 0x80009634 (0x9c3f2823) mem 0x8000a000 0x00000001
core   0: 0x80009638 (0x0000bfe5) c.j     pc - 8
core   0: 3 0x80009638 (0xbfe5)
core   0: 0x80009630 (0x00001f17) auipc   t5, 0x1
core   0: 3 0x80009630 (0x00001f17) x30 0x8000a630
core   0: 0x80009634 (0x9c3f2823) sw      gp, -1584(t5)
core   0: 3 0x80009634 (0x9c3f2823) mem 0x8000a000 0x00000001
core   0: 0x80009638 (0x0000bfe5) c.j     pc - 8
core   0: 3 0x80009638 (0xbfe5)
core   0: 0x80009630 (0x00001f17) auipc   t5, 0x1
core   0: 3 0x80009630 (0x00001f17) x30 0x8000a630
core   0: 0x80009634 (0x9c3f2823) sw      gp, -1584(t5)
core   0: 3 0x80009634 (0x9c3f2823) mem 0x8000a000 0x00000001
core   0: 0x80009638 (0x0000bfe5) c.j     pc - 8
core   0: 3 0x80009638 (0xbfe5)
core   0: 0x80009630 (0x00001f17) auipc   t5, 0x1
core   0: 3 0x80009630 (0x00001f17) x30 0x8000a630
core   0: 0x80009634 (0x9c3f2823) sw      gp, -1584(t5)
core   0: 3 0x80009634 (0x9c3f2823) mem 0x8000a000 0x00000001
core   0: 0x80009638 (0x0000bfe5) c.j     pc - 8
core   0: 3 0x80009638 (0xbfe5)
core   0: 0x80009630 (0x00001f17) auipc   t5, 0x1
core   0: 3 0x80009630 (0x00001f17) x30 0x8000a630
core   0: 0x80009634 (0x9c3f2823) sw      gp, -1584(t5)
core   0: 3 0x80009634 (0x9c3f2823) mem 0x8000a000 0x00000001
core   0: 0x80009638 (0x0000bfe5) c.j     pc - 8
core   0: 3 0x80009638 (0xbfe5)
core   0: 0x80009630 (0x00001f17) auipc   t5, 0x1
core   0: 3 0x80009630 (0x00001f17) x30 0x8000a630
core   0: 0x80009634 (0x9c3f2823) sw      gp, -1584(t5)
core   0: 3 0x80009634 (0x9c3f2823) mem 0x8000a000 0x00000001
core   0: 0x80009638 (0x0000bfe5) c.j     pc - 8
core   0: 3 0x80009638 (0xbfe5)
core   0: 0x80009630 (0x00001f17) auipc   t5, 0x1
core   0: 3 0x80009630 (0x00001f17) x30 0x8000a630
core   0: 0x80009634 (0x9c3f2823) sw      gp, -1584(t5)
core   0: 3 0x80009634 (0x9c3f2823) mem 0x8000a000 0x00000001
core   0: 0x80009638 (0x0000bfe5) c.j     pc - 8
core   0: 3 0x80009638 (0xbfe5)
core   0: 0x80009630 (0x00001f17) auipc   t5, 0x1
core   0: 3 0x80009630 (0x00001f17) x30 0x8000a630
core   0: 0x80009634 (0x9c3f2823) sw      gp, -1584(t5)
core   0: 3 0x80009634 (0x9c3f2823) mem 0x8000a000 0x00000001
core   0: 0x80009638 (0x0000bfe5) c.j     pc - 8
core   0: 3 0x80009638 (0xbfe5)
core   0: 0x80009630 (0x00001f17) auipc   t5, 0x1
core   0: 3 0x80009630 (0x00001f17) x30 0x8000a630
core   0: 0x80009634 (0x9c3f2823) sw      gp, -1584(t5)
core   0: 3 0x80009634 (0x9c3f2823) mem 0x8000a000 0x00000001
core   0: 0x80009638 (0x0000bfe5) c.j     pc - 8
core   0: 3 0x80009638 (0xbfe5)
core   0: 0x80009630 (0x00001f17) auipc   t5, 0x1
core   0: 3 0x80009630 (0x00001f17) x30 0x8000a630
core   0: 0x80009634 (0x9c3f2823) sw      gp, -1584(t5)
core   0: 3 0x80009634 (0x9c3f2823) mem 0x8000a000 0x00000001
core   0: 0x80009638 (0x0000bfe5) c.j     pc - 8
core   0: 3 0x80009638 (0xbfe5)
core   0: 0x80009630 (0x00001f17) auipc   t5, 0x1
core   0: 3 0x80009630 (0x00001f17) x30 0x8000a630
core   0: 0x80009634 (0x9c3f2823) sw      gp, -1584(t5)
core   0: 3 0x80009634 (0x9c3f2823) mem 0x8000a000 0x00000001
core   0: 0x80009638 (0x0000bfe5) c.j     pc - 8
core   0: 3 0x80009638 (0xbfe5)
core   0: 0x80009630 (0x00001f17) auipc   t5, 0x1
core   0: 3 0x80009630 (0x00001f17) x30 0x8000a630
core   0: 0x80009634 (0x9c3f2823) sw      gp, -1584(t5)
core   0: 3 0x80009634 (0x9c3f2823) mem 0x8000a000 0x00000001
core   0: 0x80009638 (0x0000bfe5) c.j     pc - 8
core   0: 3 0x80009638 (0xbfe5)
core   0: 0x80009630 (0x00001f17) auipc   t5, 0x1
core   0: 3 0x80009630 (0x00001f17) x30 0x8000a630
core   0: 0x80009634 (0x9c3f2823) sw      gp, -1584(t5)
core   0: 3 0x80009634 (0x9c3f2823) mem 0x8000a000 0x00000001
core   0: 0x80009638 (0x0000bfe5) c.j     pc - 8
core   0: 3 0x80009638 (0xbfe5)
core   0: 0x80009630 (0x00001f17) auipc   t5, 0x1
core   0: 3 0x80009630 (0x00001f17) x30 0x8000a630
core   0: 0x80009634 (0x9c3f2823) sw      gp, -1584(t5)
core   0: 3 0x80009634 (0x9c3f2823) mem 0x8000a000 0x00000001
core   0: 0x80009638 (0x0000bfe5) c.j     pc - 8
core   0: 3 0x80009638 (0xbfe5)
core   0: 0x80009630 (0x00001f17) auipc   t5, 0x1
core   0: 3 0x80009630 (0x00001f17) x30 0x8000a630
core   0: 0x80009634 (0x9c3f2823) sw      gp, -1584(t5)
core   0: 3 0x80009634 (0x9c3f2823) mem 0x8000a000 0x00000001
core   0: 0x80009638 (0x0000bfe5) c.j     pc - 8
core   0: 3 0x80009638 (0xbfe5)
core   0: 0x80009630 (0x00001f17) auipc   t5, 0x1
core   0: 3 0x80009630 (0x00001f17) x30 0x8000a630
core   0: 0x80009634 (0x9c3f2823) sw      gp, -1584(t5)
core   0: 3 0x80009634 (0x9c3f2823) mem 0x8000a000 0x00000001
core   0: 0x80009638 (0x0000bfe5) c.j     pc - 8
core   0: 3 0x80009638 (0xbfe5)
core   0: 0x80009630 (0x00001f17) auipc   t5, 0x1
core   0: 3 0x80009630 (0x00001f17) x30 0x8000a630
core   0: 0x80009634 (0x9c3f2823) sw      gp, -1584(t5)
core   0: 3 0x80009634 (0x9c3f2823) mem 0x8000a000 0x00000001
core   0: 0x80009638 (0x0000bfe5) c.j     pc - 8
core   0: 3 0x80009638 (0xbfe5)
core   0: 0x80009630 (0x00001f17) auipc   t5, 0x1
core   0: 3 0x80009630 (0x00001f17) x30 0x8000a630
core   0: 0x80009634 (0x9c3f2823) sw      gp, -1584(t5)
core   0: 3 0x80009634 (0x9c3f2823) mem 0x8000a000 0x00000001
core   0: 0x80009638 (0x0000bfe5) c.j     pc - 8
core   0: 3 0x80009638 (0xbfe5)
core   0: 0x80009630 (0x00001f17) auipc   t5, 0x1
core   0: 3 0x80009630 (0x00001f17) x30 0x8000a630
core   0: 0x80009634 (0x9c3f2823) sw      gp, -1584(t5)
core   0: 3 0x80009634 (0x9c3f2823) mem 0x8000a000 0x00000001
core   0: 0x80009638 (0x0000bfe5) c.j     pc - 8
core   0: 3 0x80009638 (0xbfe5)
core   0: 0x80009630 (0x00001f17) auipc   t5, 0x1
core   0: 3 0x80009630 (0x00001f17) x30 0x8000a630
core   0: 0x80009634 (0x9c3f2823) sw      gp, -1584(t5)
core   0: 3 0x80009634 (0x9c3f2823) mem 0x8000a000 0x00000001
core   0: 0x80009638 (0x0000bfe5) c.j     pc - 8
core   0: 3 0x80009638 (0xbfe5)
core   0: 0x80009630 (0x00001f17) auipc   t5, 0x1
core   0: 3 0x80009630 (0x00001f17) x30 0x8000a630
core   0: 0x80009634 (0x9c3f2823) sw      gp, -1584(t5)
core   0: 3 0x80009634 (0x9c3f2823) mem 0x8000a000 0x00000001
core   0: 0x80009638 (0x0000bfe5) c.j     pc - 8
core   0: 3 0x80009638 (0xbfe5)
core   0: 0x80009630 (0x00001f17) auipc   t5, 0x1
core   0: 3 0x80009630 (0x00001f17) x30 0x8000a630
core   0: 0x80009634 (0x9c3f2823) sw      gp, -1584(t5)
core   0: 3 0x80009634 (0x9c3f2823) mem 0x8000a000 0x00000001
core   0: 0x80009638 (0x0000bfe5) c.j     pc - 8
core   0: 3 0x80009638 (0xbfe5)
core   0: 0x80009630 (0x00001f17) auipc   t5, 0x1
core   0: 3 0x80009630 (0x00001f17) x30 0x8000a630
core   0: 0x80009634 (0x9c3f2823) sw      gp, -1584(t5)
core   0: 3 0x80009634 (0x9c3f2823) mem 0x8000a000 0x00000001
core   0: 0x80009638 (0x0000bfe5) c.j     pc - 8
core   0: 3 0x80009638 (0xbfe5)
core   0: 0x80009630 (0x00001f17) auipc   t5, 0x1
core   0: 3 0x80009630 (0x00001f17) x30 0x8000a630
core   0: 0x80009634 (0x9c3f2823) sw      gp, -1584(t5)
core   0: 3 0x80009634 (0x9c3f2823) mem 0x8000a000 0x00000001
core   0: 0x80009638 (0x0000bfe5) c.j     pc - 8
core   0: 3 0x80009638 (0xbfe5)
core   0: 0x80009630 (0x00001f17) auipc   t5, 0x1
core   0: 3 0x80009630 (0x00001f17) x30 0x8000a630
core   0: 0x80009634 (0x9c3f2823) sw      gp, -1584(t5)
core   0: 3 0x80009634 (0x9c3f2823) mem 0x8000a000 0x00000001
core   0: 0x80009638 (0x0000bfe5) c.j     pc - 8
core   0: 3 0x80009638 (0xbfe5)
core   0: 0x80009630 (0x00001f17) auipc   t5, 0x1
core   0: 3 0x80009630 (0x00001f17) x30 0x8000a630
core   0: 0x80009634 (0x9c3f2823) sw      gp, -1584(t5)
core   0: 3 0x80009634 (0x9c3f2823) mem 0x8000a000 0x00000001
core   0: 0x80009638 (0x0000bfe5) c.j     pc - 8
core   0: 3 0x80009638 (0xbfe5)
core   0: 0x80009630 (0x00001f17) auipc   t5, 0x1
core   0: 3 0x80009630 (0x00001f17) x30 0x8000a630
core   0: 0x80009634 (0x9c3f2823) sw      gp, -1584(t5)
core   0: 3 0x80009634 (0x9c3f2823) mem 0x8000a000 0x00000001
core   0: 0x80009638 (0x0000bfe5) c.j     pc - 8
core   0: 3 0x80009638 (0xbfe5)
core   0: 0x80009630 (0x00001f17) auipc   t5, 0x1
core   0: 3 0x80009630 (0x00001f17) x30 0x8000a630
core   0: 0x80009634 (0x9c3f2823) sw      gp, -1584(t5)
core   0: 3 0x80009634 (0x9c3f2823) mem 0x8000a000 0x00000001
core   0: 0x80009638 (0x0000bfe5) c.j     pc - 8
core   0: 3 0x80009638 (0xbfe5)
core   0: 0x80009630 (0x00001f17) auipc   t5, 0x1
core   0: 3 0x80009630 (0x00001f17) x30 0x8000a630
core   0: 0x80009634 (0x9c3f2823) sw      gp, -1584(t5)
core   0: 3 0x80009634 (0x9c3f2823) mem 0x8000a000 0x00000001
core   0: 0x80009638 (0x0000bfe5) c.j     pc - 8
core   0: 3 0x80009638 (0xbfe5)
core   0: 0x80009630 (0x00001f17) auipc   t5, 0x1
core   0: 3 0x80009630 (0x00001f17) x30 0x8000a630
core   0: 0x80009634 (0x9c3f2823) sw      gp, -1584(t5)
core   0: 3 0x80009634 (0x9c3f2823) mem 0x8000a000 0x00000001
core   0: 0x80009638 (0x0000bfe5) c.j     pc - 8
core   0: 3 0x80009638 (0xbfe5)
core   0: 0x80009630 (0x00001f17) auipc   t5, 0x1
core   0: 3 0x80009630 (0x00001f17) x30 0x8000a630
core   0: 0x80009634 (0x9c3f2823) sw      gp, -1584(t5)
core   0: 3 0x80009634 (0x9c3f2823) mem 0x8000a000 0x00000001
core   0: 0x80009638 (0x0000bfe5) c.j     pc - 8
core   0: 3 0x80009638 (0xbfe5)
core   0: 0x80009630 (0x00001f17) auipc   t5, 0x1
core   0: 3 0x80009630 (0x00001f17) x30 0x8000a630
core   0: 0x80009634 (0x9c3f2823) sw      gp, -1584(t5)
core   0: 3 0x80009634 (0x9c3f2823) mem 0x8000a000 0x00000001
core   0: 0x80009638 (0x0000bfe5) c.j     pc - 8
core   0: 3 0x80009638 (0xbfe5)
core   0: 0x80009630 (0x00001f17) auipc   t5, 0x1
core   0: 3 0x80009630 (0x00001f17) x30 0x8000a630
core   0: 0x80009634 (0x9c3f2823) sw      gp, -1584(t5)
core   0: 3 0x80009634 (0x9c3f2823) mem 0x8000a000 0x00000001
core   0: 0x80009638 (0x0000bfe5) c.j     pc - 8
core   0: 3 0x80009638 (0xbfe5)
core   0: 0x80009630 (0x00001f17) auipc   t5, 0x1
core   0: 3 0x80009630 (0x00001f17) x30 0x8000a630
core   0: 0x80009634 (0x9c3f2823) sw      gp, -1584(t5)
core   0: 3 0x80009634 (0x9c3f2823) mem 0x8000a000 0x00000001
core   0: 0x80009638 (0x0000bfe5) c.j     pc - 8
core   0: 3 0x80009638 (0xbfe5)
core   0: 0x80009630 (0x00001f17) auipc   t5, 0x1
core   0: 3 0x80009630 (0x00001f17) x30 0x8000a630
core   0: 0x80009634 (0x9c3f2823) sw      gp, -1584(t5)
core   0: 3 0x80009634 (0x9c3f2823) mem 0x8000a000 0x00000001
core   0: 0x80009638 (0x0000bfe5) c.j     pc - 8
core   0: 3 0x80009638 (0xbfe5)
core   0: 0x80009630 (0x00001f17) auipc   t5, 0x1
core   0: 3 0x80009630 (0x00001f17) x30 0x8000a630
core   0: 0x80009634 (0x9c3f2823) sw      gp, -1584(t5)
core   0: 3 0x80009634 (0x9c3f2823) mem 0x8000a000 0x00000001
core   0: 0x80009638 (0x0000bfe5) c.j     pc - 8
core   0: 3 0x80009638 (0xbfe5)
core   0: 0x80009630 (0x00001f17) auipc   t5, 0x1
core   0: 3 0x80009630 (0x00001f17) x30 0x8000a630
core   0: 0x80009634 (0x9c3f2823) sw      gp, -1584(t5)
core   0: 3 0x80009634 (0x9c3f2823) mem 0x8000a000 0x00000001
core   0: 0x80009638 (0x0000bfe5) c.j     pc - 8
core   0: 3 0x80009638 (0xbfe5)
core   0: 0x80009630 (0x00001f17) auipc   t5, 0x1
core   0: 3 0x80009630 (0x00001f17) x30 0x8000a630
core   0: 0x80009634 (0x9c3f2823) sw      gp, -1584(t5)
core   0: 3 0x80009634 (0x9c3f2823) mem 0x8000a000 0x00000001
core   0: 0x80009638 (0x0000bfe5) c.j     pc - 8
core   0: 3 0x80009638 (0xbfe5)
core   0: 0x80009630 (0x00001f17) auipc   t5, 0x1
core   0: 3 0x80009630 (0x00001f17) x30 0x8000a630
core   0: 0x80009634 (0x9c3f2823) sw      gp, -1584(t5)
core   0: 3 0x80009634 (0x9c3f2823) mem 0x8000a000 0x00000001
core   0: 0x80009638 (0x0000bfe5) c.j     pc - 8
core   0: 3 0x80009638 (0xbfe5)
core   0: 0x80009630 (0x00001f17) auipc   t5, 0x1
core   0: 3 0x80009630 (0x00001f17) x30 0x8000a630
core   0: 0x80009634 (0x9c3f2823) sw      gp, -1584(t5)
core   0: 3 0x80009634 (0x9c3f2823) mem 0x8000a000 0x00000001
core   0: 0x80009638 (0x0000bfe5) c.j     pc - 8
core   0: 3 0x80009638 (0xbfe5)
core   0: 0x80009630 (0x00001f17) auipc   t5, 0x1
core   0: 3 0x80009630 (0x00001f17) x30 0x8000a630
core   0: 0x80009634 (0x9c3f2823) sw      gp, -1584(t5)
core   0: 3 0x80009634 (0x9c3f2823) mem 0x8000a000 0x00000001
core   0: 0x80009638 (0x0000bfe5) c.j     pc - 8
core   0: 3 0x80009638 (0xbfe5)
core   0: 0x80009630 (0x00001f17) auipc   t5, 0x1
core   0: 3 0x80009630 (0x00001f17) x30 0x8000a630
core   0: 0x80009634 (0x9c3f2823) sw      gp, -1584(t5)
core   0: 3 0x80009634 (0x9c3f2823) mem 0x8000a000 0x00000001
core   0: 0x80009638 (0x0000bfe5) c.j     pc - 8
core   0: 3 0x80009638 (0xbfe5)
core   0: 0x80009630 (0x00001f17) auipc   t5, 0x1
core   0: 3 0x80009630 (0x00001f17) x30 0x8000a630
core   0: 0x80009634 (0x9c3f2823) sw      gp, -1584(t5)
core   0: 3 0x80009634 (0x9c3f2823) mem 0x8000a000 0x00000001
core   0: 0x80009638 (0x0000bfe5) c.j     pc - 8
core   0: 3 0x80009638 (0xbfe5)
core   0: 0x80009630 (0x00001f17) auipc   t5, 0x1
core   0: 3 0x80009630 (0x00001f17) x30 0x8000a630
core   0: 0x80009634 (0x9c3f2823) sw      gp, -1584(t5)
core   0: 3 0x80009634 (0x9c3f2823) mem 0x8000a000 0x00000001
core   0: 0x80009638 (0x0000bfe5) c.j     pc - 8
core   0: 3 0x80009638 (0xbfe5)
core   0: 0x80009630 (0x00001f17) auipc   t5, 0x1
core   0: 3 0x80009630 (0x00001f17) x30 0x8000a630
core   0: 0x80009634 (0x9c3f2823) sw      gp, -1584(t5)
core   0: 3 0x80009634 (0x9c3f2823) mem 0x8000a000 0x00000001
core   0: 0x80009638 (0x0000bfe5) c.j     pc - 8
core   0: 3 0x80009638 (0xbfe5)
core   0: 0x80009630 (0x00001f17) auipc   t5, 0x1
core   0: 3 0x80009630 (0x00001f17) x30 0x8000a630
core   0: 0x80009634 (0x9c3f2823) sw      gp, -1584(t5)
core   0: 3 0x80009634 (0x9c3f2823) mem 0x8000a000 0x00000001
core   0: 0x80009638 (0x0000bfe5) c.j     pc - 8
core   0: 3 0x80009638 (0xbfe5)
core   0: 0x80009630 (0x00001f17) auipc   t5, 0x1
core   0: 3 0x80009630 (0x00001f17) x30 0x8000a630
core   0: 0x80009634 (0x9c3f2823) sw      gp, -1584(t5)
core   0: 3 0x80009634 (0x9c3f2823) mem 0x8000a000 0x00000001
core   0: 0x80009638 (0x0000bfe5) c.j     pc - 8
core   0: 3 0x80009638 (0xbfe5)
core   0: 0x80009630 (0x00001f17) auipc   t5, 0x1
core   0: 3 0x80009630 (0x00001f17) x30 0x8000a630
core   0: 0x80009634 (0x9c3f2823) sw      gp, -1584(t5)
core   0: 3 0x80009634 (0x9c3f2823) mem 0x8000a000 0x00000001
core   0: 0x80009638 (0x0000bfe5) c.j     pc - 8
core   0: 3 0x80009638 (0xbfe5)
core   0: 0x80009630 (0x00001f17) auipc   t5, 0x1
core   0: 3 0x80009630 (0x00001f17) x30 0x8000a630
core   0: 0x80009634 (0x9c3f2823) sw      gp, -1584(t5)
core   0: 3 0x80009634 (0x9c3f2823) mem 0x8000a000 0x00000001
core   0: 0x80009638 (0x0000bfe5) c.j     pc - 8
core   0: 3 0x80009638 (0xbfe5)
core   0: 0x80009630 (0x00001f17) auipc   t5, 0x1
core   0: 3 0x80009630 (0x00001f17) x30 0x8000a630
core   0: 0x80009634 (0x9c3f2823) sw      gp, -1584(t5)
core   0: 3 0x80009634 (0x9c3f2823) mem 0x8000a000 0x00000001
core   0: 0x80009638 (0x0000bfe5) c.j     pc - 8
core   0: 3 0x80009638 (0xbfe5)
core   0: 0x80009630 (0x00001f17) auipc   t5, 0x1
core   0: 3 0x80009630 (0x00001f17) x30 0x8000a630
core   0: 0x80009634 (0x9c3f2823) sw      gp, -1584(t5)
core   0: 3 0x80009634 (0x9c3f2823) mem 0x8000a000 0x00000001
core   0: 0x80009638 (0x0000bfe5) c.j     pc - 8
core   0: 3 0x80009638 (0xbfe5)
core   0: 0x80009630 (0x00001f17) auipc   t5, 0x1
core   0: 3 0x80009630 (0x00001f17) x30 0x8000a630
core   0: 0x80009634 (0x9c3f2823) sw      gp, -1584(t5)
core   0: 3 0x80009634 (0x9c3f2823) mem 0x8000a000 0x00000001
core   0: 0x80009638 (0x0000bfe5) c.j     pc - 8
core   0: 3 0x80009638 (0xbfe5)
core   0: 0x80009630 (0x00001f17) auipc   t5, 0x1
core   0: 3 0x80009630 (0x00001f17) x30 0x8000a630
core   0: 0x80009634 (0x9c3f2823) sw      gp, -1584(t5)
core   0: 3 0x80009634 (0x9c3f2823) mem 0x8000a000 0x00000001
core   0: 0x80009638 (0x0000bfe5) c.j     pc - 8
core   0: 3 0x80009638 (0xbfe5)
core   0: 0x80009630 (0x00001f17) auipc   t5, 0x1
core   0: 3 0x80009630 (0x00001f17) x30 0x8000a630
core   0: 0x80009634 (0x9c3f2823) sw      gp, -1584(t5)
core   0: 3 0x80009634 (0x9c3f2823) mem 0x8000a000 0x00000001
core   0: 0x80009638 (0x0000bfe5) c.j     pc - 8
core   0: 3 0x80009638 (0xbfe5)
core   0: 0x80009630 (0x00001f17) auipc   t5, 0x1
core   0: 3 0x80009630 (0x00001f17) x30 0x8000a630
core   0: 0x80009634 (0x9c3f2823) sw      gp, -1584(t5)
core   0: 3 0x80009634 (0x9c3f2823) mem 0x8000a000 0x00000001
core   0: 0x80009638 (0x0000bfe5) c.j     pc - 8
core   0: 3 0x80009638 (0xbfe5)
core   0: 0x80009630 (0x00001f17) auipc   t5, 0x1
core   0: 3 0x80009630 (0x00001f17) x30 0x8000a630
core   0: 0x80009634 (0x9c3f2823) sw      gp, -1584(t5)
core   0: 3 0x80009634 (0x9c3f2823) mem 0x8000a000 0x00000001
core   0: 0x80009638 (0x0000bfe5) c.j     pc - 8
core   0: 3 0x80009638 (0xbfe5)
core   0: 0x80009630 (0x00001f17) auipc   t5, 0x1
core   0: 3 0x80009630 (0x00001f17) x30 0x8000a630
core   0: 0x80009634 (0x9c3f2823) sw      gp, -1584(t5)
core   0: 3 0x80009634 (0x9c3f2823) mem 0x8000a000 0x00000001
core   0: 0x80009638 (0x0000bfe5) c.j     pc - 8
core   0: 3 0x80009638 (0xbfe5)
core   0: 0x80009630 (0x00001f17) auipc   t5, 0x1
core   0: 3 0x80009630 (0x00001f17) x30 0x8000a630
core   0: 0x80009634 (0x9c3f2823) sw      gp, -1584(t5)
core   0: 3 0x80009634 (0x9c3f2823) mem 0x8000a000 0x00000001
core   0: 0x80009638 (0x0000bfe5) c.j     pc - 8
core   0: 3 0x80009638 (0xbfe5)
core   0: 0x80009630 (0x00001f17) auipc   t5, 0x1
core   0: 3 0x80009630 (0x00001f17) x30 0x8000a630
core   0: 0x80009634 (0x9c3f2823) sw      gp, -1584(t5)
core   0: 3 0x80009634 (0x9c3f2823) mem 0x8000a000 0x00000001
core   0: 0x80009638 (0x0000bfe5) c.j     pc - 8
core   0: 3 0x80009638 (0xbfe5)
core   0: 0x80009630 (0x00001f17) auipc   t5, 0x1
core   0: 3 0x80009630 (0x00001f17) x30 0x8000a630
core   0: 0x80009634 (0x9c3f2823) sw      gp, -1584(t5)
core   0: 3 0x80009634 (0x9c3f2823) mem 0x8000a000 0x00000001
core   0: 0x80009638 (0x0000bfe5) c.j     pc - 8
core   0: 3 0x80009638 (0xbfe5)
core   0: 0x80009630 (0x00001f17) auipc   t5, 0x1
core   0: 3 0x80009630 (0x00001f17) x30 0x8000a630
core   0: 0x80009634 (0x9c3f2823) sw      gp, -1584(t5)
core   0: 3 0x80009634 (0x9c3f2823) mem 0x8000a000 0x00000001
core   0: 0x80009638 (0x0000bfe5) c.j     pc - 8
core   0: 3 0x80009638 (0xbfe5)
core   0: 0x80009630 (0x00001f17) auipc   t5, 0x1
core   0: 3 0x80009630 (0x00001f17) x30 0x8000a630
core   0: 0x80009634 (0x9c3f2823) sw      gp, -1584(t5)
core   0: 3 0x80009634 (0x9c3f2823) mem 0x8000a000 0x00000001
core   0: 0x80009638 (0x0000bfe5) c.j     pc - 8
core   0: 3 0x80009638 (0xbfe5)
core   0: 0x80009630 (0x00001f17) auipc   t5, 0x1
core   0: 3 0x80009630 (0x00001f17) x30 0x8000a630
core   0: 0x80009634 (0x9c3f2823) sw      gp, -1584(t5)
core   0: 3 0x80009634 (0x9c3f2823) mem 0x8000a000 0x00000001
core   0: 0x80009638 (0x0000bfe5) c.j     pc - 8
core   0: 3 0x80009638 (0xbfe5)
core   0: 0x80009630 (0x00001f17) auipc   t5, 0x1
core   0: 3 0x80009630 (0x00001f17) x30 0x8000a630
core   0: 0x80009634 (0x9c3f2823) sw      gp, -1584(t5)
core   0: 3 0x80009634 (0x9c3f2823) mem 0x8000a000 0x00000001
core   0: 0x80009638 (0x0000bfe5) c.j     pc - 8
core   0: 3 0x80009638 (0xbfe5)
core   0: 0x80009630 (0x00001f17) auipc   t5, 0x1
core   0: 3 0x80009630 (0x00001f17) x30 0x8000a630
core   0: 0x80009634 (0x9c3f2823) sw      gp, -1584(t5)
core   0: 3 0x80009634 (0x9c3f2823) mem 0x8000a000 0x00000001
core   0: 0x80009638 (0x0000bfe5) c.j     pc - 8
core   0: 3 0x80009638 (0xbfe5)
core   0: 0x80009630 (0x00001f17) auipc   t5, 0x1
core   0: 3 0x80009630 (0x00001f17) x30 0x8000a630
core   0: 0x80009634 (0x9c3f2823) sw      gp, -1584(t5)
core   0: 3 0x80009634 (0x9c3f2823) mem 0x8000a000 0x00000001
core   0: 0x80009638 (0x0000bfe5) c.j     pc - 8
core   0: 3 0x80009638 (0xbfe5)
core   0: 0x80009630 (0x00001f17) auipc   t5, 0x1
core   0: 3 0x80009630 (0x00001f17) x30 0x8000a630
core   0: 0x80009634 (0x9c3f2823) sw      gp, -1584(t5)
core   0: 3 0x80009634 (0x9c3f2823) mem 0x8000a000 0x00000001
core   0: 0x80009638 (0x0000bfe5) c.j     pc - 8
core   0: 3 0x80009638 (0xbfe5)
core   0: 0x80009630 (0x00001f17) auipc   t5, 0x1
core   0: 3 0x80009630 (0x00001f17) x30 0x8000a630
core   0: 0x80009634 (0x9c3f2823) sw      gp, -1584(t5)
core   0: 3 0x80009634 (0x9c3f2823) mem 0x8000a000 0x00000001
core   0: 0x80009638 (0x0000bfe5) c.j     pc - 8
core   0: 3 0x80009638 (0xbfe5)
core   0: 0x80009630 (0x00001f17) auipc   t5, 0x1
core   0: 3 0x80009630 (0x00001f17) x30 0x8000a630
core   0: 0x80009634 (0x9c3f2823) sw      gp, -1584(t5)
core   0: 3 0x80009634 (0x9c3f2823) mem 0x8000a000 0x00000001
core   0: 0x80009638 (0x0000bfe5) c.j     pc - 8
core   0: 3 0x80009638 (0xbfe5)
core   0: 0x80009630 (0x00001f17) auipc   t5, 0x1
core   0: 3 0x80009630 (0x00001f17) x30 0x8000a630
core   0: 0x80009634 (0x9c3f2823) sw      gp, -1584(t5)
core   0: 3 0x80009634 (0x9c3f2823) mem 0x8000a000 0x00000001
core   0: 0x80009638 (0x0000bfe5) c.j     pc - 8
core   0: 3 0x80009638 (0xbfe5)
core   0: 0x80009630 (0x00001f17) auipc   t5, 0x1
core   0: 3 0x80009630 (0x00001f17) x30 0x8000a630
core   0: 0x80009634 (0x9c3f2823) sw      gp, -1584(t5)
core   0: 3 0x80009634 (0x9c3f2823) mem 0x8000a000 0x00000001
core   0: 0x80009638 (0x0000bfe5) c.j     pc - 8
core   0: 3 0x80009638 (0xbfe5)
core   0: 0x80009630 (0x00001f17) auipc   t5, 0x1
core   0: 3 0x80009630 (0x00001f17) x30 0x8000a630
core   0: 0x80009634 (0x9c3f2823) sw      gp, -1584(t5)
core   0: 3 0x80009634 (0x9c3f2823) mem 0x8000a000 0x00000001
core   0: 0x80009638 (0x0000bfe5) c.j     pc - 8
core   0: 3 0x80009638 (0xbfe5)
core   0: 0x80009630 (0x00001f17) auipc   t5, 0x1
core   0: 3 0x80009630 (0x00001f17) x30 0x8000a630
core   0: 0x80009634 (0x9c3f2823) sw      gp, -1584(t5)
core   0: 3 0x80009634 (0x9c3f2823) mem 0x8000a000 0x00000001
core   0: 0x80009638 (0x0000bfe5) c.j     pc - 8
core   0: 3 0x80009638 (0xbfe5)
core   0: 0x80009630 (0x00001f17) auipc   t5, 0x1
core   0: 3 0x80009630 (0x00001f17) x30 0x8000a630
core   0: 0x80009634 (0x9c3f2823) sw      gp, -1584(t5)
core   0: 3 0x80009634 (0x9c3f2823) mem 0x8000a000 0x00000001
core   0: 0x80009638 (0x0000bfe5) c.j     pc - 8
core   0: 3 0x80009638 (0xbfe5)
core   0: 0x80009630 (0x00001f17) auipc   t5, 0x1
core   0: 3 0x80009630 (0x00001f17) x30 0x8000a630
core   0: 0x80009634 (0x9c3f2823) sw      gp, -1584(t5)
core   0: 3 0x80009634 (0x9c3f2823) mem 0x8000a000 0x00000001
core   0: 0x80009638 (0x0000bfe5) c.j     pc - 8
core   0: 3 0x80009638 (0xbfe5)
core   0: 0x80009630 (0x00001f17) auipc   t5, 0x1
core   0: 3 0x80009630 (0x00001f17) x30 0x8000a630
core   0: 0x80009634 (0x9c3f2823) sw      gp, -1584(t5)
core   0: 3 0x80009634 (0x9c3f2823) mem 0x8000a000 0x00000001
core   0: 0x80009638 (0x0000bfe5) c.j     pc - 8
core   0: 3 0x80009638 (0xbfe5)
core   0: 0x80009630 (0x00001f17) auipc   t5, 0x1
core   0: 3 0x80009630 (0x00001f17) x30 0x8000a630
core   0: 0x80009634 (0x9c3f2823) sw      gp, -1584(t5)
core   0: 3 0x80009634 (0x9c3f2823) mem 0x8000a000 0x00000001
core   0: 0x80009638 (0x0000bfe5) c.j     pc - 8
core   0: 3 0x80009638 (0xbfe5)
core   0: 0x80009630 (0x00001f17) auipc   t5, 0x1
core   0: 3 0x80009630 (0x00001f17) x30 0x8000a630
core   0: 0x80009634 (0x9c3f2823) sw      gp, -1584(t5)
core   0: 3 0x80009634 (0x9c3f2823) mem 0x8000a000 0x00000001
core   0: 0x80009638 (0x0000bfe5) c.j     pc - 8
core   0: 3 0x80009638 (0xbfe5)
core   0: 0x80009630 (0x00001f17) auipc   t5, 0x1
core   0: 3 0x80009630 (0x00001f17) x30 0x8000a630
core   0: 0x80009634 (0x9c3f2823) sw      gp, -1584(t5)
core   0: 3 0x80009634 (0x9c3f2823) mem 0x8000a000 0x00000001
core   0: 0x80009638 (0x0000bfe5) c.j     pc - 8
core   0: 3 0x80009638 (0xbfe5)
core   0: 0x80009630 (0x00001f17) auipc   t5, 0x1
core   0: 3 0x80009630 (0x00001f17) x30 0x8000a630
core   0: 0x80009634 (0x9c3f2823) sw      gp, -1584(t5)
core   0: 3 0x80009634 (0x9c3f2823) mem 0x8000a000 0x00000001
core   0: 0x80009638 (0x0000bfe5) c.j     pc - 8
core   0: 3 0x80009638 (0xbfe5)
core   0: 0x80009630 (0x00001f17) auipc   t5, 0x1
core   0: 3 0x80009630 (0x00001f17) x30 0x8000a630
core   0: 0x80009634 (0x9c3f2823) sw      gp, -1584(t5)
core   0: 3 0x80009634 (0x9c3f2823) mem 0x8000a000 0x00000001
core   0: 0x80009638 (0x0000bfe5) c.j     pc - 8
core   0: 3 0x80009638 (0xbfe5)
core   0: 0x80009630 (0x00001f17) auipc   t5, 0x1
core   0: 3 0x80009630 (0x00001f17) x30 0x8000a630
core   0: 0x80009634 (0x9c3f2823) sw      gp, -1584(t5)
core   0: 3 0x80009634 (0x9c3f2823) mem 0x8000a000 0x00000001
core   0: 0x80009638 (0x0000bfe5) c.j     pc - 8
core   0: 3 0x80009638 (0xbfe5)
core   0: 0x80009630 (0x00001f17) auipc   t5, 0x1
core   0: 3 0x80009630 (0x00001f17) x30 0x8000a630
core   0: 0x80009634 (0x9c3f2823) sw      gp, -1584(t5)
core   0: 3 0x80009634 (0x9c3f2823) mem 0x8000a000 0x00000001
core   0: 0x80009638 (0x0000bfe5) c.j     pc - 8
core   0: 3 0x80009638 (0xbfe5)
core   0: 0x80009630 (0x00001f17) auipc   t5, 0x1
core   0: 3 0x80009630 (0x00001f17) x30 0x8000a630
core   0: 0x80009634 (0x9c3f2823) sw      gp, -1584(t5)
core   0: 3 0x80009634 (0x9c3f2823) mem 0x8000a000 0x00000001
core   0: 0x80009638 (0x0000bfe5) c.j     pc - 8
core   0: 3 0x80009638 (0xbfe5)
core   0: 0x80009630 (0x00001f17) auipc   t5, 0x1
core   0: 3 0x80009630 (0x00001f17) x30 0x8000a630
core   0: 0x80009634 (0x9c3f2823) sw      gp, -1584(t5)
core   0: 3 0x80009634 (0x9c3f2823) mem 0x8000a000 0x00000001
core   0: 0x80009638 (0x0000bfe5) c.j     pc - 8
core   0: 3 0x80009638 (0xbfe5)
core   0: 0x80009630 (0x00001f17) auipc   t5, 0x1
core   0: 3 0x80009630 (0x00001f17) x30 0x8000a630
core   0: 0x80009634 (0x9c3f2823) sw      gp, -1584(t5)
core   0: 3 0x80009634 (0x9c3f2823) mem 0x8000a000 0x00000001
core   0: 0x80009638 (0x0000bfe5) c.j     pc - 8
core   0: 3 0x80009638 (0xbfe5)
core   0: 0x80009630 (0x00001f17) auipc   t5, 0x1
core   0: 3 0x80009630 (0x00001f17) x30 0x8000a630
core   0: 0x80009634 (0x9c3f2823) sw      gp, -1584(t5)
core   0: 3 0x80009634 (0x9c3f2823) mem 0x8000a000 0x00000001
core   0: 0x80009638 (0x0000bfe5) c.j     pc - 8
core   0: 3 0x80009638 (0xbfe5)
core   0: 0x80009630 (0x00001f17) auipc   t5, 0x1
core   0: 3 0x80009630 (0x00001f17) x30 0x8000a630
core   0: 0x80009634 (0x9c3f2823) sw      gp, -1584(t5)
core   0: 3 0x80009634 (0x9c3f2823) mem 0x8000a000 0x00000001
core   0: 0x80009638 (0x0000bfe5) c.j     pc - 8
core   0: 3 0x80009638 (0xbfe5)
core   0: 0x80009630 (0x00001f17) auipc   t5, 0x1
core   0: 3 0x80009630 (0x00001f17) x30 0x8000a630
core   0: 0x80009634 (0x9c3f2823) sw      gp, -1584(t5)
core   0: 3 0x80009634 (0x9c3f2823) mem 0x8000a000 0x00000001
core   0: 0x80009638 (0x0000bfe5) c.j     pc - 8
core   0: 3 0x80009638 (0xbfe5)
core   0: 0x80009630 (0x00001f17) auipc   t5, 0x1
core   0: 3 0x80009630 (0x00001f17) x30 0x8000a630
core   0: 0x80009634 (0x9c3f2823) sw      gp, -1584(t5)
core   0: 3 0x80009634 (0x9c3f2823) mem 0x8000a000 0x00000001
core   0: 0x80009638 (0x0000bfe5) c.j     pc - 8
core   0: 3 0x80009638 (0xbfe5)
core   0: 0x80009630 (0x00001f17) auipc   t5, 0x1
core   0: 3 0x80009630 (0x00001f17) x30 0x8000a630
core   0: 0x80009634 (0x9c3f2823) sw      gp, -1584(t5)
core   0: 3 0x80009634 (0x9c3f2823) mem 0x8000a000 0x00000001
core   0: 0x80009638 (0x0000bfe5) c.j     pc - 8
core   0: 3 0x80009638 (0xbfe5)
core   0: 0x80009630 (0x00001f17) auipc   t5, 0x1
core   0: 3 0x80009630 (0x00001f17) x30 0x8000a630
core   0: 0x80009634 (0x9c3f2823) sw      gp, -1584(t5)
core   0: 3 0x80009634 (0x9c3f2823) mem 0x8000a000 0x00000001
core   0: 0x80009638 (0x0000bfe5) c.j     pc - 8
core   0: 3 0x80009638 (0xbfe5)
core   0: 0x80009630 (0x00001f17) auipc   t5, 0x1
core   0: 3 0x80009630 (0x00001f17) x30 0x8000a630
core   0: 0x80009634 (0x9c3f2823) sw      gp, -1584(t5)
core   0: 3 0x80009634 (0x9c3f2823) mem 0x8000a000 0x00000001
core   0: 0x80009638 (0x0000bfe5) c.j     pc - 8
core   0: 3 0x80009638 (0xbfe5)
core   0: 0x80009630 (0x00001f17) auipc   t5, 0x1
core   0: 3 0x80009630 (0x00001f17) x30 0x8000a630
core   0: 0x80009634 (0x9c3f2823) sw      gp, -1584(t5)
core   0: 3 0x80009634 (0x9c3f2823) mem 0x8000a000 0x00000001
core   0: 0x80009638 (0x0000bfe5) c.j     pc - 8
core   0: 3 0x80009638 (0xbfe5)
core   0: 0x80009630 (0x00001f17) auipc   t5, 0x1
core   0: 3 0x80009630 (0x00001f17) x30 0x8000a630
core   0: 0x80009634 (0x9c3f2823) sw      gp, -1584(t5)
core   0: 3 0x80009634 (0x9c3f2823) mem 0x8000a000 0x00000001
core   0: 0x80009638 (0x0000bfe5) c.j     pc - 8
core   0: 3 0x80009638 (0xbfe5)
core   0: 0x80009630 (0x00001f17) auipc   t5, 0x1
core   0: 3 0x80009630 (0x00001f17) x30 0x8000a630
core   0: 0x80009634 (0x9c3f2823) sw      gp, -1584(t5)
core   0: 3 0x80009634 (0x9c3f2823) mem 0x8000a000 0x00000001
core   0: 0x80009638 (0x0000bfe5) c.j     pc - 8
core   0: 3 0x80009638 (0xbfe5)
core   0: 0x80009630 (0x00001f17) auipc   t5, 0x1
core   0: 3 0x80009630 (0x00001f17) x30 0x8000a630
core   0: 0x80009634 (0x9c3f2823) sw      gp, -1584(t5)
core   0: 3 0x80009634 (0x9c3f2823) mem 0x8000a000 0x00000001
core   0: 0x80009638 (0x0000bfe5) c.j     pc - 8
core   0: 3 0x80009638 (0xbfe5)
core   0: 0x80009630 (0x00001f17) auipc   t5, 0x1
core   0: 3 0x80009630 (0x00001f17) x30 0x8000a630
core   0: 0x80009634 (0x9c3f2823) sw      gp, -1584(t5)
core   0: 3 0x80009634 (0x9c3f2823) mem 0x8000a000 0x00000001
core   0: 0x80009638 (0x0000bfe5) c.j     pc - 8
core   0: 3 0x80009638 (0xbfe5)
core   0: 0x80009630 (0x00001f17) auipc   t5, 0x1
core   0: 3 0x80009630 (0x00001f17) x30 0x8000a630
core   0: 0x80009634 (0x9c3f2823) sw      gp, -1584(t5)
core   0: 3 0x80009634 (0x9c3f2823) mem 0x8000a000 0x00000001
core   0: 0x80009638 (0x0000bfe5) c.j     pc - 8
core   0: 3 0x80009638 (0xbfe5)
core   0: 0x80009630 (0x00001f17) auipc   t5, 0x1
core   0: 3 0x80009630 (0x00001f17) x30 0x8000a630
core   0: 0x80009634 (0x9c3f2823) sw      gp, -1584(t5)
core   0: 3 0x80009634 (0x9c3f2823) mem 0x8000a000 0x00000001
core   0: 0x80009638 (0x0000bfe5) c.j     pc - 8
core   0: 3 0x80009638 (0xbfe5)
core   0: 0x80009630 (0x00001f17) auipc   t5, 0x1
core   0: 3 0x80009630 (0x00001f17) x30 0x8000a630
core   0: 0x80009634 (0x9c3f2823) sw      gp, -1584(t5)
core   0: 3 0x80009634 (0x9c3f2823) mem 0x8000a000 0x00000001
core   0: 0x80009638 (0x0000bfe5) c.j     pc - 8
core   0: 3 0x80009638 (0xbfe5)
core   0: 0x80009630 (0x00001f17) auipc   t5, 0x1
core   0: 3 0x80009630 (0x00001f17) x30 0x8000a630
core   0: 0x80009634 (0x9c3f2823) sw      gp, -1584(t5)
core   0: 3 0x80009634 (0x9c3f2823) mem 0x8000a000 0x00000001
core   0: 0x80009638 (0x0000bfe5) c.j     pc - 8
core   0: 3 0x80009638 (0xbfe5)
core   0: 0x80009630 (0x00001f17) auipc   t5, 0x1
core   0: 3 0x80009630 (0x00001f17) x30 0x8000a630
core   0: 0x80009634 (0x9c3f2823) sw      gp, -1584(t5)
core   0: 3 0x80009634 (0x9c3f2823) mem 0x8000a000 0x00000001
core   0: 0x80009638 (0x0000bfe5) c.j     pc - 8
core   0: 3 0x80009638 (0xbfe5)
core   0: 0x80009630 (0x00001f17) auipc   t5, 0x1
core   0: 3 0x80009630 (0x00001f17) x30 0x8000a630
core   0: 0x80009634 (0x9c3f2823) sw      gp, -1584(t5)
core   0: 3 0x80009634 (0x9c3f2823) mem 0x8000a000 0x00000001
core   0: 0x80009638 (0x0000bfe5) c.j     pc - 8
core   0: 3 0x80009638 (0xbfe5)
core   0: 0x80009630 (0x00001f17) auipc   t5, 0x1
core   0: 3 0x80009630 (0x00001f17) x30 0x8000a630
core   0: 0x80009634 (0x9c3f2823) sw      gp, -1584(t5)
core   0: 3 0x80009634 (0x9c3f2823) mem 0x8000a000 0x00000001
core   0: 0x80009638 (0x0000bfe5) c.j     pc - 8
core   0: 3 0x80009638 (0xbfe5)
core   0: 0x80009630 (0x00001f17) auipc   t5, 0x1
core   0: 3 0x80009630 (0x00001f17) x30 0x8000a630
core   0: 0x80009634 (0x9c3f2823) sw      gp, -1584(t5)
core   0: 3 0x80009634 (0x9c3f2823) mem 0x8000a000 0x00000001
core   0: 0x80009638 (0x0000bfe5) c.j     pc - 8
core   0: 3 0x80009638 (0xbfe5)
core   0: 0x80009630 (0x00001f17) auipc   t5, 0x1
core   0: 3 0x80009630 (0x00001f17) x30 0x8000a630
core   0: 0x80009634 (0x9c3f2823) sw      gp, -1584(t5)
core   0: 3 0x80009634 (0x9c3f2823) mem 0x8000a000 0x00000001
core   0: 0x80009638 (0x0000bfe5) c.j     pc - 8
core   0: 3 0x80009638 (0xbfe5)
core   0: 0x80009630 (0x00001f17) auipc   t5, 0x1
core   0: 3 0x80009630 (0x00001f17) x30 0x8000a630
core   0: 0x80009634 (0x9c3f2823) sw      gp, -1584(t5)
core   0: 3 0x80009634 (0x9c3f2823) mem 0x8000a000 0x00000001
core   0: 0x80009638 (0x0000bfe5) c.j     pc - 8
core   0: 3 0x80009638 (0xbfe5)
core   0: 0x80009630 (0x00001f17) auipc   t5, 0x1
core   0: 3 0x80009630 (0x00001f17) x30 0x8000a630
core   0: 0x80009634 (0x9c3f2823) sw      gp, -1584(t5)
core   0: 3 0x80009634 (0x9c3f2823) mem 0x8000a000 0x00000001
core   0: 0x80009638 (0x0000bfe5) c.j     pc - 8
core   0: 3 0x80009638 (0xbfe5)
core   0: 0x80009630 (0x00001f17) auipc   t5, 0x1
core   0: 3 0x80009630 (0x00001f17) x30 0x8000a630
core   0: 0x80009634 (0x9c3f2823) sw      gp, -1584(t5)
core   0: 3 0x80009634 (0x9c3f2823) mem 0x8000a000 0x00000001
core   0: 0x80009638 (0x0000bfe5) c.j     pc - 8
core   0: 3 0x80009638 (0xbfe5)
core   0: 0x80009630 (0x00001f17) auipc   t5, 0x1
core   0: 3 0x80009630 (0x00001f17) x30 0x8000a630
core   0: 0x80009634 (0x9c3f2823) sw      gp, -1584(t5)
core   0: 3 0x80009634 (0x9c3f2823) mem 0x8000a000 0x00000001
core   0: 0x80009638 (0x0000bfe5) c.j     pc - 8
core   0: 3 0x80009638 (0xbfe5)
core   0: 0x80009630 (0x00001f17) auipc   t5, 0x1
core   0: 3 0x80009630 (0x00001f17) x30 0x8000a630
core   0: 0x80009634 (0x9c3f2823) sw      gp, -1584(t5)
core   0: 3 0x80009634 (0x9c3f2823) mem 0x8000a000 0x00000001
core   0: 0x80009638 (0x0000bfe5) c.j     pc - 8
core   0: 3 0x80009638 (0xbfe5)
core   0: 0x80009630 (0x00001f17) auipc   t5, 0x1
core   0: 3 0x80009630 (0x00001f17) x30 0x8000a630
core   0: 0x80009634 (0x9c3f2823) sw      gp, -1584(t5)
core   0: 3 0x80009634 (0x9c3f2823) mem 0x8000a000 0x00000001
core   0: 0x80009638 (0x0000bfe5) c.j     pc - 8
core   0: 3 0x80009638 (0xbfe5)
core   0: 0x80009630 (0x00001f17) auipc   t5, 0x1
core   0: 3 0x80009630 (0x00001f17) x30 0x8000a630
core   0: 0x80009634 (0x9c3f2823) sw      gp, -1584(t5)
core   0: 3 0x80009634 (0x9c3f2823) mem 0x8000a000 0x00000001
core   0: 0x80009638 (0x0000bfe5) c.j     pc - 8
core   0: 3 0x80009638 (0xbfe5)
core   0: 0x80009630 (0x00001f17) auipc   t5, 0x1
core   0: 3 0x80009630 (0x00001f17) x30 0x8000a630
core   0: 0x80009634 (0x9c3f2823) sw      gp, -1584(t5)
core   0: 3 0x80009634 (0x9c3f2823) mem 0x8000a000 0x00000001
core   0: 0x80009638 (0x0000bfe5) c.j     pc - 8
core   0: 3 0x80009638 (0xbfe5)
core   0: 0x80009630 (0x00001f17) auipc   t5, 0x1
core   0: 3 0x80009630 (0x00001f17) x30 0x8000a630
core   0: 0x80009634 (0x9c3f2823) sw      gp, -1584(t5)
core   0: 3 0x80009634 (0x9c3f2823) mem 0x8000a000 0x00000001
core   0: 0x80009638 (0x0000bfe5) c.j     pc - 8
core   0: 3 0x80009638 (0xbfe5)
core   0: 0x80009630 (0x00001f17) auipc   t5, 0x1
core   0: 3 0x80009630 (0x00001f17) x30 0x8000a630
core   0: 0x80009634 (0x9c3f2823) sw      gp, -1584(t5)
core   0: 3 0x80009634 (0x9c3f2823) mem 0x8000a000 0x00000001
core   0: 0x80009638 (0x0000bfe5) c.j     pc - 8
core   0: 3 0x80009638 (0xbfe5)
core   0: 0x80009630 (0x00001f17) auipc   t5, 0x1
core   0: 3 0x80009630 (0x00001f17) x30 0x8000a630
core   0: 0x80009634 (0x9c3f2823) sw      gp, -1584(t5)
core   0: 3 0x80009634 (0x9c3f2823) mem 0x8000a000 0x00000001
core   0: 0x80009638 (0x0000bfe5) c.j     pc - 8
core   0: 3 0x80009638 (0xbfe5)
core   0: 0x80009630 (0x00001f17) auipc   t5, 0x1
core   0: 3 0x80009630 (0x00001f17) x30 0x8000a630
core   0: 0x80009634 (0x9c3f2823) sw      gp, -1584(t5)
core   0: 3 0x80009634 (0x9c3f2823) mem 0x8000a000 0x00000001
core   0: 0x80009638 (0x0000bfe5) c.j     pc - 8
core   0: 3 0x80009638 (0xbfe5)
core   0: 0x80009630 (0x00001f17) auipc   t5, 0x1
core   0: 3 0x80009630 (0x00001f17) x30 0x8000a630
core   0: 0x80009634 (0x9c3f2823) sw      gp, -1584(t5)
core   0: 3 0x80009634 (0x9c3f2823) mem 0x8000a000 0x00000001
core   0: 0x80009638 (0x0000bfe5) c.j     pc - 8
core   0: 3 0x80009638 (0xbfe5)
core   0: 0x80009630 (0x00001f17) auipc   t5, 0x1
core   0: 3 0x80009630 (0x00001f17) x30 0x8000a630
core   0: 0x80009634 (0x9c3f2823) sw      gp, -1584(t5)
core   0: 3 0x80009634 (0x9c3f2823) mem 0x8000a000 0x00000001
core   0: 0x80009638 (0x0000bfe5) c.j     pc - 8
core   0: 3 0x80009638 (0xbfe5)
core   0: 0x80009630 (0x00001f17) auipc   t5, 0x1
core   0: 3 0x80009630 (0x00001f17) x30 0x8000a630
core   0: 0x80009634 (0x9c3f2823) sw      gp, -1584(t5)
core   0: 3 0x80009634 (0x9c3f2823) mem 0x8000a000 0x00000001
core   0: 0x80009638 (0x0000bfe5) c.j     pc - 8
core   0: 3 0x80009638 (0xbfe5)
core   0: 0x80009630 (0x00001f17) auipc   t5, 0x1
core   0: 3 0x80009630 (0x00001f17) x30 0x8000a630
core   0: 0x80009634 (0x9c3f2823) sw      gp, -1584(t5)
core   0: 3 0x80009634 (0x9c3f2823) mem 0x8000a000 0x00000001
core   0: 0x80009638 (0x0000bfe5) c.j     pc - 8
core   0: 3 0x80009638 (0xbfe5)
core   0: 0x80009630 (0x00001f17) auipc   t5, 0x1
core   0: 3 0x80009630 (0x00001f17) x30 0x8000a630
core   0: 0x80009634 (0x9c3f2823) sw      gp, -1584(t5)
core   0: 3 0x80009634 (0x9c3f2823) mem 0x8000a000 0x00000001
core   0: 0x80009638 (0x0000bfe5) c.j     pc - 8
core   0: 3 0x80009638 (0xbfe5)
core   0: 0x80009630 (0x00001f17) auipc   t5, 0x1
core   0: 3 0x80009630 (0x00001f17) x30 0x8000a630
core   0: 0x80009634 (0x9c3f2823) sw      gp, -1584(t5)
core   0: 3 0x80009634 (0x9c3f2823) mem 0x8000a000 0x00000001
core   0: 0x80009638 (0x0000bfe5) c.j     pc - 8
core   0: 3 0x80009638 (0xbfe5)
core   0: 0x80009630 (0x00001f17) auipc   t5, 0x1
core   0: 3 0x80009630 (0x00001f17) x30 0x8000a630
core   0: 0x80009634 (0x9c3f2823) sw      gp, -1584(t5)
core   0: 3 0x80009634 (0x9c3f2823) mem 0x8000a000 0x00000001
core   0: 0x80009638 (0x0000bfe5) c.j     pc - 8
core   0: 3 0x80009638 (0xbfe5)
core   0: 0x80009630 (0x00001f17) auipc   t5, 0x1
core   0: 3 0x80009630 (0x00001f17) x30 0x8000a630
core   0: 0x80009634 (0x9c3f2823) sw      gp, -1584(t5)
core   0: 3 0x80009634 (0x9c3f2823) mem 0x8000a000 0x00000001
core   0: 0x80009638 (0x0000bfe5) c.j     pc - 8
core   0: 3 0x80009638 (0xbfe5)
core   0: 0x80009630 (0x00001f17) auipc   t5, 0x1
core   0: 3 0x80009630 (0x00001f17) x30 0x8000a630
core   0: 0x80009634 (0x9c3f2823) sw      gp, -1584(t5)
core   0: 3 0x80009634 (0x9c3f2823) mem 0x8000a000 0x00000001
core   0: 0x80009638 (0x0000bfe5) c.j     pc - 8
core   0: 3 0x80009638 (0xbfe5)
core   0: 0x80009630 (0x00001f17) auipc   t5, 0x1
core   0: 3 0x80009630 (0x00001f17) x30 0x8000a630
core   0: 0x80009634 (0x9c3f2823) sw      gp, -1584(t5)
core   0: 3 0x80009634 (0x9c3f2823) mem 0x8000a000 0x00000001
